<?xml version="1.0" encoding="UTF-8"?>
<testsuite xmlns:xsi="http://www.w3.org/2001/XMLSchema-instance" xsi:noNamespaceSchemaLocation="https://maven.apache.org/surefire/maven-surefire-plugin/xsd/surefire-test-report.xsd" name="org.apache.hadoop.ozone.client.rpc.TestBlockOutputStreamWithFailures" time="676.387" tests="8" errors="0" skipped="0" failures="1">
  <properties>
    <property name="awt.toolkit" value="sun.awt.X11.XToolkit"/>
    <property name="file.encoding.pkg" value="sun.io"/>
    <property name="java.specification.version" value="1.8"/>
    <property name="sun.cpu.isalist" value=""/>
    <property name="sun.jnu.encoding" value="UTF-8"/>
    <property name="java.class.path" value="/workdir/hadoop-ozone/integration-test/target/test-classes:/workdir/hadoop-ozone/integration-test/target/classes:/home/user/.m2/repository/org/apache/hadoop/hadoop-ozone-common/0.5.0-SNAPSHOT/hadoop-ozone-common-0.5.0-SNAPSHOT.jar:/home/user/.m2/repository/org/apache/commons/commons-compress/1.4.1/commons-compress-1.4.1.jar:/home/user/.m2/repository/org/tukaani/xz/1.0/xz-1.0.jar:/home/user/.m2/repository/org/apache/hadoop/hadoop-common/3.2.0/hadoop-common-3.2.0.jar:/home/user/.m2/repository/org/apache/hadoop/hadoop-hdfs/3.2.0/hadoop-hdfs-3.2.0.jar:/home/user/.m2/repository/org/apache/hadoop/hadoop-hdfs-client/3.2.0/hadoop-hdfs-client-3.2.0.jar:/home/user/.m2/repository/com/fasterxml/jackson/core/jackson-annotations/2.9.5/jackson-annotations-2.9.5.jar:/home/user/.m2/repository/org/apache/hadoop/hadoop-hdds-common/0.5.0-SNAPSHOT/hadoop-hdds-common-0.5.0-SNAPSHOT.jar:/home/user/.m2/repository/javax/annotation/javax.annotation-api/1.2/javax.annotation-api-1.2.jar:/home/user/.m2/repository/org/apache/ratis/ratis-server/0.4.0-2337318-SNAPSHOT/ratis-server-0.4.0-2337318-SNAPSHOT.jar:/home/user/.m2/repository/org/apache/ratis/ratis-thirdparty-misc/0.2.0/ratis-thirdparty-misc-0.2.0.jar:/home/user/.m2/repository/org/apache/ratis/ratis-proto/0.4.0-2337318-SNAPSHOT/ratis-proto-0.4.0-2337318-SNAPSHOT.jar:/home/user/.m2/repository/org/apache/ratis/ratis-common/0.4.0-2337318-SNAPSHOT/ratis-common-0.4.0-2337318-SNAPSHOT.jar:/home/user/.m2/repository/org/apache/ratis/ratis-client/0.4.0-2337318-SNAPSHOT/ratis-client-0.4.0-2337318-SNAPSHOT.jar:/home/user/.m2/repository/org/apache/ratis/ratis-metrics/0.4.0-2337318-SNAPSHOT/ratis-metrics-0.4.0-2337318-SNAPSHOT.jar:/home/user/.m2/repository/org/apache/ratis/ratis-netty/0.4.0-2337318-SNAPSHOT/ratis-netty-0.4.0-2337318-SNAPSHOT.jar:/home/user/.m2/repository/org/apache/ratis/ratis-grpc/0.4.0-2337318-SNAPSHOT/ratis-grpc-0.4.0-2337318-SNAPSHOT.jar:/home/user/.m2/repository/org/rocksdb/rocksdbjni/6.0.1/rocksdbjni-6.0.1.jar:/home/user/.m2/repository/org/apache/logging/log4j/log4j-api/2.11.0/log4j-api-2.11.0.jar:/home/user/.m2/repository/org/apache/logging/log4j/log4j-core/2.11.0/log4j-core-2.11.0.jar:/home/user/.m2/repository/com/lmax/disruptor/3.4.2/disruptor-3.4.2.jar:/home/user/.m2/repository/org/apache/commons/commons-pool2/2.6.0/commons-pool2-2.6.0.jar:/home/user/.m2/repository/org/bouncycastle/bcpkix-jdk15on/1.60/bcpkix-jdk15on-1.60.jar:/home/user/.m2/repository/commons-validator/commons-validator/1.6/commons-validator-1.6.jar:/home/user/.m2/repository/commons-digester/commons-digester/1.8.1/commons-digester-1.8.1.jar:/home/user/.m2/repository/io/jaegertracing/jaeger-client/0.33.1/jaeger-client-0.33.1.jar:/home/user/.m2/repository/io/jaegertracing/jaeger-thrift/0.33.1/jaeger-thrift-0.33.1.jar:/home/user/.m2/repository/org/apache/thrift/libthrift/0.11.0/libthrift-0.11.0.jar:/home/user/.m2/repository/com/squareup/okhttp3/okhttp/3.9.0/okhttp-3.9.0.jar:/home/user/.m2/repository/com/squareup/okio/okio/1.13.0/okio-1.13.0.jar:/home/user/.m2/repository/io/jaegertracing/jaeger-core/0.33.1/jaeger-core-0.33.1.jar:/home/user/.m2/repository/io/jaegertracing/jaeger-tracerresolver/0.33.1/jaeger-tracerresolver-0.33.1.jar:/home/user/.m2/repository/io/opentracing/contrib/opentracing-tracerresolver/0.1.5/opentracing-tracerresolver-0.1.5.jar:/home/user/.m2/repository/io/opentracing/opentracing-util/0.31.0/opentracing-util-0.31.0.jar:/home/user/.m2/repository/io/opentracing/opentracing-api/0.31.0/opentracing-api-0.31.0.jar:/home/user/.m2/repository/io/opentracing/opentracing-noop/0.31.0/opentracing-noop-0.31.0.jar:/home/user/.m2/repository/org/apache/hadoop/hadoop-hdds-server-framework/0.5.0-SNAPSHOT/hadoop-hdds-server-framework-0.5.0-SNAPSHOT.jar:/home/user/.m2/repository/org/apache/hadoop/hadoop-hdds-container-service/0.5.0-SNAPSHOT/hadoop-hdds-container-service-0.5.0-SNAPSHOT.jar:/home/user/.m2/repository/org/apache/hadoop/hadoop-hdds-client/0.5.0-SNAPSHOT/hadoop-hdds-client-0.5.0-SNAPSHOT.jar:/home/user/.m2/repository/org/apache/hadoop/hadoop-hdds-tools/0.5.0-SNAPSHOT/hadoop-hdds-tools-0.5.0-SNAPSHOT.jar:/home/user/.m2/repository/org/apache/hadoop/hadoop-hdds-server-scm/0.5.0-SNAPSHOT/hadoop-hdds-server-scm-0.5.0-SNAPSHOT.jar:/home/user/.m2/repository/org/apache/hadoop/hadoop-hdds-docs/0.5.0-SNAPSHOT/hadoop-hdds-docs-0.5.0-SNAPSHOT.jar:/home/user/.m2/repository/io/dropwizard/metrics/metrics-core/3.2.4/metrics-core-3.2.4.jar:/home/user/.m2/repository/org/hamcrest/hamcrest-all/1.3/hamcrest-all-1.3.jar:/home/user/.m2/repository/org/bouncycastle/bcprov-jdk15on/1.60/bcprov-jdk15on-1.60.jar:/home/user/.m2/repository/info/picocli/picocli/3.9.6/picocli-3.9.6.jar:/home/user/.m2/repository/com/google/protobuf/protobuf-java/2.5.0/protobuf-java-2.5.0.jar:/home/user/.m2/repository/com/google/guava/guava/11.0.2/guava-11.0.2.jar:/home/user/.m2/repository/org/apache/hadoop/hadoop-ozone-ozone-manager/0.5.0-SNAPSHOT/hadoop-ozone-ozone-manager-0.5.0-SNAPSHOT.jar:/home/user/.m2/repository/org/apache/hadoop/hadoop-minikdc/3.2.0/hadoop-minikdc-3.2.0.jar:/home/user/.m2/repository/commons-io/commons-io/2.5/commons-io-2.5.jar:/home/user/.m2/repository/org/apache/kerby/kerb-simplekdc/1.0.1/kerb-simplekdc-1.0.1.jar:/home/user/.m2/repository/org/apache/kerby/kerb-client/1.0.1/kerb-client-1.0.1.jar:/home/user/.m2/repository/org/apache/kerby/kerby-config/1.0.1/kerby-config-1.0.1.jar:/home/user/.m2/repository/org/apache/kerby/kerb-core/1.0.1/kerb-core-1.0.1.jar:/home/user/.m2/repository/org/apache/kerby/kerby-pkix/1.0.1/kerby-pkix-1.0.1.jar:/home/user/.m2/repository/org/apache/kerby/kerby-asn1/1.0.1/kerby-asn1-1.0.1.jar:/home/user/.m2/repository/org/apache/kerby/kerby-util/1.0.1/kerby-util-1.0.1.jar:/home/user/.m2/repository/org/apache/kerby/kerb-common/1.0.1/kerb-common-1.0.1.jar:/home/user/.m2/repository/org/apache/kerby/kerb-crypto/1.0.1/kerb-crypto-1.0.1.jar:/home/user/.m2/repository/org/apache/kerby/kerb-util/1.0.1/kerb-util-1.0.1.jar:/home/user/.m2/repository/org/apache/kerby/token-provider/1.0.1/token-provider-1.0.1.jar:/home/user/.m2/repository/org/apache/kerby/kerb-admin/1.0.1/kerb-admin-1.0.1.jar:/home/user/.m2/repository/org/apache/kerby/kerb-server/1.0.1/kerb-server-1.0.1.jar:/home/user/.m2/repository/org/apache/kerby/kerb-identity/1.0.1/kerb-identity-1.0.1.jar:/home/user/.m2/repository/org/apache/kerby/kerby-xdr/1.0.1/kerby-xdr-1.0.1.jar:/home/user/.m2/repository/org/slf4j/slf4j-log4j12/1.7.25/slf4j-log4j12-1.7.25.jar:/home/user/.m2/repository/org/apache/hadoop/hadoop-ozone-s3gateway/0.5.0-SNAPSHOT/hadoop-ozone-s3gateway-0.5.0-SNAPSHOT.jar:/home/user/.m2/repository/org/jboss/weld/servlet/weld-servlet/2.4.7.Final/weld-servlet-2.4.7.Final.jar:/home/user/.m2/repository/org/glassfish/jersey/containers/jersey-container-servlet-core/2.27/jersey-container-servlet-core-2.27.jar:/home/user/.m2/repository/org/glassfish/hk2/external/javax.inject/2.5.0-b42/javax.inject-2.5.0-b42.jar:/home/user/.m2/repository/org/glassfish/jersey/core/jersey-common/2.27/jersey-common-2.27.jar:/home/user/.m2/repository/org/glassfish/hk2/osgi-resource-locator/1.0.1/osgi-resource-locator-1.0.1.jar:/home/user/.m2/repository/javax/ws/rs/javax.ws.rs-api/2.1/javax.ws.rs-api-2.1.jar:/home/user/.m2/repository/org/glassfish/jersey/ext/cdi/jersey-cdi1x/2.27/jersey-cdi1x-2.27.jar:/home/user/.m2/repository/org/glassfish/jersey/inject/jersey-hk2/2.27/jersey-hk2-2.27.jar:/home/user/.m2/repository/org/glassfish/hk2/hk2-locator/2.5.0-b42/hk2-locator-2.5.0-b42.jar:/home/user/.m2/repository/org/javassist/javassist/3.22.0-CR2/javassist-3.22.0-CR2.jar:/home/user/.m2/repository/org/glassfish/hk2/hk2-api/2.5.0/hk2-api-2.5.0.jar:/home/user/.m2/repository/org/glassfish/hk2/external/jakarta.inject/2.5.0/jakarta.inject-2.5.0.jar:/home/user/.m2/repository/org/glassfish/hk2/hk2-utils/2.5.0/hk2-utils-2.5.0.jar:/home/user/.m2/repository/jakarta/annotation/jakarta.annotation-api/1.3.4/jakarta.annotation-api-1.3.4.jar:/home/user/.m2/repository/org/glassfish/hk2/external/aopalliance-repackaged/2.5.0/aopalliance-repackaged-2.5.0.jar:/home/user/.m2/repository/com/fasterxml/jackson/dataformat/jackson-dataformat-xml/2.9.0/jackson-dataformat-xml-2.9.0.jar:/home/user/.m2/repository/com/fasterxml/jackson/core/jackson-core/2.9.5/jackson-core-2.9.5.jar:/home/user/.m2/repository/com/fasterxml/jackson/module/jackson-module-jaxb-annotations/2.9.5/jackson-module-jaxb-annotations-2.9.5.jar:/home/user/.m2/repository/javax/enterprise/cdi-api/1.2/cdi-api-1.2.jar:/home/user/.m2/repository/javax/el/javax.el-api/3.0.0/javax.el-api-3.0.0.jar:/home/user/.m2/repository/javax/interceptor/javax.interceptor-api/1.2/javax.interceptor-api-1.2.jar:/home/user/.m2/repository/javax/inject/javax.inject/1/javax.inject-1.jar:/home/user/.m2/repository/com/sun/xml/bind/jaxb-impl/2.3.0.1/jaxb-impl-2.3.0.1.jar:/home/user/.m2/repository/com/sun/xml/bind/jaxb-core/2.3.0.1/jaxb-core-2.3.0.1.jar:/home/user/.m2/repository/javax/xml/bind/jaxb-api/2.3.0/jaxb-api-2.3.0.jar:/home/user/.m2/repository/javax/activation/activation/1.1.1/activation-1.1.1.jar:/home/user/.m2/repository/org/apache/hadoop/hadoop-ozone-csi/0.5.0-SNAPSHOT/hadoop-ozone-csi-0.5.0-SNAPSHOT.jar:/home/user/.m2/repository/com/google/protobuf/protobuf-java-util/3.5.1/protobuf-java-util-3.5.1.jar:/home/user/.m2/repository/org/apache/hadoop/hadoop-hdds-config/0.5.0-SNAPSHOT/hadoop-hdds-config-0.5.0-SNAPSHOT.jar:/home/user/.m2/repository/io/grpc/grpc-netty/1.17.1/grpc-netty-1.17.1.jar:/home/user/.m2/repository/io/grpc/grpc-core/1.17.1/grpc-core-1.17.1.jar:/home/user/.m2/repository/io/grpc/grpc-context/1.17.1/grpc-context-1.17.1.jar:/home/user/.m2/repository/com/google/errorprone/error_prone_annotations/2.2.0/error_prone_annotations-2.2.0.jar:/home/user/.m2/repository/org/codehaus/mojo/animal-sniffer-annotations/1.17/animal-sniffer-annotations-1.17.jar:/home/user/.m2/repository/io/opencensus/opencensus-api/0.17.0/opencensus-api-0.17.0.jar:/home/user/.m2/repository/io/opencensus/opencensus-contrib-grpc-metrics/0.17.0/opencensus-contrib-grpc-metrics-0.17.0.jar:/home/user/.m2/repository/io/netty/netty-codec-http2/4.1.30.Final/netty-codec-http2-4.1.30.Final.jar:/home/user/.m2/repository/io/netty/netty-codec-http/4.1.30.Final/netty-codec-http-4.1.30.Final.jar:/home/user/.m2/repository/io/netty/netty-codec/4.1.30.Final/netty-codec-4.1.30.Final.jar:/home/user/.m2/repository/io/netty/netty-handler/4.1.30.Final/netty-handler-4.1.30.Final.jar:/home/user/.m2/repository/io/netty/netty-handler-proxy/4.1.30.Final/netty-handler-proxy-4.1.30.Final.jar:/home/user/.m2/repository/io/netty/netty-codec-socks/4.1.30.Final/netty-codec-socks-4.1.30.Final.jar:/home/user/.m2/repository/io/netty/netty-transport-native-epoll/4.1.30.Final/netty-transport-native-epoll-4.1.30.Final.jar:/home/user/.m2/repository/io/netty/netty-common/4.1.30.Final/netty-common-4.1.30.Final.jar:/home/user/.m2/repository/io/netty/netty-buffer/4.1.30.Final/netty-buffer-4.1.30.Final.jar:/home/user/.m2/repository/io/netty/netty-transport/4.1.30.Final/netty-transport-4.1.30.Final.jar:/home/user/.m2/repository/io/netty/netty-resolver/4.1.30.Final/netty-resolver-4.1.30.Final.jar:/home/user/.m2/repository/io/netty/netty-transport-native-unix-common/4.1.30.Final/netty-transport-native-unix-common-4.1.30.Final.jar:/home/user/.m2/repository/io/grpc/grpc-protobuf/1.17.1/grpc-protobuf-1.17.1.jar:/home/user/.m2/repository/com/google/api/grpc/proto-google-common-protos/1.0.0/proto-google-common-protos-1.0.0.jar:/home/user/.m2/repository/io/grpc/grpc-protobuf-lite/1.17.1/grpc-protobuf-lite-1.17.1.jar:/home/user/.m2/repository/io/grpc/grpc-stub/1.17.1/grpc-stub-1.17.1.jar:/home/user/.m2/repository/org/apache/hadoop/hadoop-ozone-recon/0.5.0-SNAPSHOT/hadoop-ozone-recon-0.5.0-SNAPSHOT.jar:/home/user/.m2/repository/org/apache/hadoop/hadoop-ozone-reconcodegen/0.5.0-SNAPSHOT/hadoop-ozone-reconcodegen-0.5.0-SNAPSHOT.jar:/home/user/.m2/repository/com/google/inject/extensions/guice-multibindings/4.0/guice-multibindings-4.0.jar:/home/user/.m2/repository/com/google/inject/guice/4.0/guice-4.0.jar:/home/user/.m2/repository/aopalliance/aopalliance/1.0/aopalliance-1.0.jar:/home/user/.m2/repository/com/google/inject/extensions/guice-servlet/4.0/guice-servlet-4.0.jar:/home/user/.m2/repository/org/glassfish/jersey/containers/jersey-container-servlet/2.27/jersey-container-servlet-2.27.jar:/home/user/.m2/repository/org/glassfish/hk2/guice-bridge/2.5.0/guice-bridge-2.5.0.jar:/home/user/.m2/repository/org/glassfish/jersey/core/jersey-server/2.27/jersey-server-2.27.jar:/home/user/.m2/repository/org/glassfish/jersey/core/jersey-client/2.27/jersey-client-2.27.jar:/home/user/.m2/repository/org/glassfish/jersey/media/jersey-media-jaxb/2.27/jersey-media-jaxb-2.27.jar:/home/user/.m2/repository/javax/validation/validation-api/1.1.0.Final/validation-api-1.1.0.Final.jar:/home/user/.m2/repository/org/glassfish/jersey/media/jersey-media-json-jackson/2.27/jersey-media-json-jackson-2.27.jar:/home/user/.m2/repository/org/glassfish/jersey/ext/jersey-entity-filtering/2.27/jersey-entity-filtering-2.27.jar:/home/user/.m2/repository/com/google/inject/extensions/guice-assistedinject/4.0/guice-assistedinject-4.0.jar:/home/user/.m2/repository/org/jooq/jooq/3.11.10/jooq-3.11.10.jar:/home/user/.m2/repository/org/jooq/jooq-meta/3.11.10/jooq-meta-3.11.10.jar:/home/user/.m2/repository/org/jooq/jooq-codegen/3.11.10/jooq-codegen-3.11.10.jar:/home/user/.m2/repository/com/jolbox/bonecp/0.8.0.RELEASE/bonecp-0.8.0.RELEASE.jar:/home/user/.m2/repository/org/xerial/sqlite-jdbc/3.25.2/sqlite-jdbc-3.25.2.jar:/home/user/.m2/repository/org/springframework/spring-jdbc/5.1.3.RELEASE/spring-jdbc-5.1.3.RELEASE.jar:/home/user/.m2/repository/org/springframework/spring-beans/5.1.3.RELEASE/spring-beans-5.1.3.RELEASE.jar:/home/user/.m2/repository/org/springframework/spring-core/5.1.3.RELEASE/spring-core-5.1.3.RELEASE.jar:/home/user/.m2/repository/org/springframework/spring-jcl/5.1.3.RELEASE/spring-jcl-5.1.3.RELEASE.jar:/home/user/.m2/repository/org/springframework/spring-tx/5.1.3.RELEASE/spring-tx-5.1.3.RELEASE.jar:/home/user/.m2/repository/org/apache/hadoop/hadoop-ozone-client/0.5.0-SNAPSHOT/hadoop-ozone-client-0.5.0-SNAPSHOT.jar:/home/user/.m2/repository/commons-lang/commons-lang/2.6/commons-lang-2.6.jar:/home/user/.m2/repository/org/apache/hadoop/hadoop-ozone-ozone-manager/0.5.0-SNAPSHOT/hadoop-ozone-ozone-manager-0.5.0-SNAPSHOT-tests.jar:/home/user/.m2/repository/junit/junit/4.11/junit-4.11.jar:/home/user/.m2/repository/org/hamcrest/hamcrest-core/1.3/hamcrest-core-1.3.jar:/home/user/.m2/repository/org/openjdk/jmh/jmh-core/1.19/jmh-core-1.19.jar:/home/user/.m2/repository/net/sf/jopt-simple/jopt-simple/4.6/jopt-simple-4.6.jar:/home/user/.m2/repository/org/apache/commons/commons-math3/3.1.1/commons-math3-3.1.1.jar:/home/user/.m2/repository/org/openjdk/jmh/jmh-generator-annprocess/1.19/jmh-generator-annprocess-1.19.jar:/home/user/.m2/repository/org/mockito/mockito-all/1.8.5/mockito-all-1.8.5.jar:/home/user/.m2/repository/org/apache/hadoop/hadoop-kms/3.2.0/hadoop-kms-3.2.0.jar:/home/user/.m2/repository/org/apache/hadoop/hadoop-auth/3.2.0/hadoop-auth-3.2.0.jar:/home/user/.m2/repository/com/nimbusds/nimbus-jose-jwt/4.41.1/nimbus-jose-jwt-4.41.1.jar:/home/user/.m2/repository/com/github/stephenc/jcip/jcip-annotations/1.0-1/jcip-annotations-1.0-1.jar:/home/user/.m2/repository/net/minidev/json-smart/2.3/json-smart-2.3.jar:/home/user/.m2/repository/net/minidev/accessors-smart/1.2/accessors-smart-1.2.jar:/home/user/.m2/repository/org/ow2/asm/asm/5.0.4/asm-5.0.4.jar:/home/user/.m2/repository/org/apache/curator/curator-framework/2.12.0/curator-framework-2.12.0.jar:/home/user/.m2/repository/com/sun/jersey/jersey-core/1.19/jersey-core-1.19.jar:/home/user/.m2/repository/javax/ws/rs/jsr311-api/1.1.1/jsr311-api-1.1.1.jar:/home/user/.m2/repository/com/sun/jersey/jersey-server/1.19/jersey-server-1.19.jar:/home/user/.m2/repository/javax/servlet/javax.servlet-api/3.1.0/javax.servlet-api-3.1.0.jar:/home/user/.m2/repository/org/eclipse/jetty/jetty-server/9.3.24.v20180605/jetty-server-9.3.24.v20180605.jar:/home/user/.m2/repository/org/eclipse/jetty/jetty-http/9.3.24.v20180605/jetty-http-9.3.24.v20180605.jar:/home/user/.m2/repository/org/eclipse/jetty/jetty-io/9.3.24.v20180605/jetty-io-9.3.24.v20180605.jar:/home/user/.m2/repository/org/eclipse/jetty/jetty-webapp/9.3.24.v20180605/jetty-webapp-9.3.24.v20180605.jar:/home/user/.m2/repository/org/eclipse/jetty/jetty-xml/9.3.24.v20180605/jetty-xml-9.3.24.v20180605.jar:/home/user/.m2/repository/log4j/log4j/1.2.17/log4j-1.2.17.jar:/home/user/.m2/repository/org/slf4j/slf4j-api/1.7.25/slf4j-api-1.7.25.jar:/home/user/.m2/repository/org/slf4j/jul-to-slf4j/1.7.25/jul-to-slf4j-1.7.25.jar:/home/user/.m2/repository/org/eclipse/jetty/jetty-util/9.3.24.v20180605/jetty-util-9.3.24.v20180605.jar:/home/user/.m2/repository/com/fasterxml/jackson/core/jackson-databind/2.9.5/jackson-databind-2.9.5.jar:/home/user/.m2/repository/org/apache/hadoop/hadoop-kms/3.2.0/hadoop-kms-3.2.0-tests.jar:/home/user/.m2/repository/org/apache/hadoop/hadoop-hdds-server-scm/0.5.0-SNAPSHOT/hadoop-hdds-server-scm-0.5.0-SNAPSHOT-tests.jar:/home/user/.m2/repository/org/apache/hadoop/hadoop-hdds-container-service/0.5.0-SNAPSHOT/hadoop-hdds-container-service-0.5.0-SNAPSHOT-tests.jar:/home/user/.m2/repository/org/yaml/snakeyaml/1.16/snakeyaml-1.16.jar:/home/user/.m2/repository/org/apache/hadoop/hadoop-common/3.2.0/hadoop-common-3.2.0-tests.jar:/home/user/.m2/repository/org/apache/hadoop/hadoop-annotations/3.2.0/hadoop-annotations-3.2.0.jar:/usr/lib/jvm/java-1.8-openjdk/jre/../lib/tools.jar:/home/user/.m2/repository/commons-cli/commons-cli/1.2/commons-cli-1.2.jar:/home/user/.m2/repository/org/apache/httpcomponents/httpclient/4.5.2/httpclient-4.5.2.jar:/home/user/.m2/repository/org/apache/httpcomponents/httpcore/4.4.4/httpcore-4.4.4.jar:/home/user/.m2/repository/commons-codec/commons-codec/1.11/commons-codec-1.11.jar:/home/user/.m2/repository/commons-net/commons-net/3.6/commons-net-3.6.jar:/home/user/.m2/repository/commons-collections/commons-collections/3.2.2/commons-collections-3.2.2.jar:/home/user/.m2/repository/org/eclipse/jetty/jetty-servlet/9.3.24.v20180605/jetty-servlet-9.3.24.v20180605.jar:/home/user/.m2/repository/org/eclipse/jetty/jetty-security/9.3.24.v20180605/jetty-security-9.3.24.v20180605.jar:/home/user/.m2/repository/javax/servlet/jsp/jsp-api/2.1/jsp-api-2.1.jar:/home/user/.m2/repository/com/sun/jersey/jersey-servlet/1.19/jersey-servlet-1.19.jar:/home/user/.m2/repository/com/sun/jersey/jersey-json/1.19/jersey-json-1.19.jar:/home/user/.m2/repository/org/codehaus/jettison/jettison/1.1/jettison-1.1.jar:/home/user/.m2/repository/org/codehaus/jackson/jackson-core-asl/1.9.13/jackson-core-asl-1.9.13.jar:/home/user/.m2/repository/org/codehaus/jackson/jackson-mapper-asl/1.9.13/jackson-mapper-asl-1.9.13.jar:/home/user/.m2/repository/org/codehaus/jackson/jackson-jaxrs/1.9.13/jackson-jaxrs-1.9.13.jar:/home/user/.m2/repository/org/codehaus/jackson/jackson-xc/1.9.13/jackson-xc-1.9.13.jar:/home/user/.m2/repository/commons-logging/commons-logging/1.1.3/commons-logging-1.1.3.jar:/home/user/.m2/repository/commons-beanutils/commons-beanutils/1.9.3/commons-beanutils-1.9.3.jar:/home/user/.m2/repository/org/apache/commons/commons-configuration2/2.1.1/commons-configuration2-2.1.1.jar:/home/user/.m2/repository/org/apache/commons/commons-lang3/3.7/commons-lang3-3.7.jar:/home/user/.m2/repository/org/apache/commons/commons-text/1.4/commons-text-1.4.jar:/home/user/.m2/repository/org/apache/avro/avro/1.7.7/avro-1.7.7.jar:/home/user/.m2/repository/com/thoughtworks/paranamer/paranamer/2.3/paranamer-2.3.jar:/home/user/.m2/repository/org/xerial/snappy/snappy-java/1.0.5/snappy-java-1.0.5.jar:/home/user/.m2/repository/com/google/re2j/re2j/1.1/re2j-1.1.jar:/home/user/.m2/repository/com/google/code/gson/gson/2.2.4/gson-2.2.4.jar:/home/user/.m2/repository/com/jcraft/jsch/0.1.54/jsch-0.1.54.jar:/home/user/.m2/repository/org/apache/curator/curator-client/2.12.0/curator-client-2.12.0.jar:/home/user/.m2/repository/org/apache/curator/curator-recipes/2.12.0/curator-recipes-2.12.0.jar:/home/user/.m2/repository/com/google/code/findbugs/jsr305/3.0.0/jsr305-3.0.0.jar:/home/user/.m2/repository/org/apache/htrace/htrace-core4/4.1.0-incubating/htrace-core4-4.1.0-incubating.jar:/home/user/.m2/repository/org/apache/zookeeper/zookeeper/3.4.13/zookeeper-3.4.13.jar:/home/user/.m2/repository/org/apache/yetus/audience-annotations/0.5.0/audience-annotations-0.5.0.jar:/home/user/.m2/repository/org/codehaus/woodstox/stax2-api/3.1.4/stax2-api-3.1.4.jar:/home/user/.m2/repository/com/fasterxml/woodstox/woodstox-core/5.0.3/woodstox-core-5.0.3.jar:/home/user/.m2/repository/dnsjava/dnsjava/2.1.7/dnsjava-2.1.7.jar:/home/user/.m2/repository/org/apache/hadoop/hadoop-hdfs/3.2.0/hadoop-hdfs-3.2.0-tests.jar:/home/user/.m2/repository/org/eclipse/jetty/jetty-util-ajax/9.3.24.v20180605/jetty-util-ajax-9.3.24.v20180605.jar:/home/user/.m2/repository/commons-daemon/commons-daemon/1.0.13/commons-daemon-1.0.13.jar:/home/user/.m2/repository/io/netty/netty/3.10.5.Final/netty-3.10.5.Final.jar:/home/user/.m2/repository/io/netty/netty-all/4.0.52.Final/netty-all-4.0.52.Final.jar:/home/user/.m2/repository/org/fusesource/leveldbjni/leveldbjni-all/1.8/leveldbjni-all-1.8.jar:"/>
    <property name="java.vm.vendor" value="IcedTea"/>
    <property name="sun.arch.data.model" value="64"/>
    <property name="test.build.dir" value="/workdir/hadoop-ozone/integration-test/target/test-dir"/>
    <property name="test.cache.data" value=""/>
    <property name="java.vendor.url" value="https://icedtea.classpath.org"/>
    <property name="user.timezone" value=""/>
    <property name="java.vm.specification.version" value="1.8"/>
    <property name="os.name" value="Linux"/>
    <property name="test.build.data" value="/workdir/hadoop-ozone/integration-test/target/test-dir"/>
    <property name="user.country" value="US"/>
    <property name="sun.java.launcher" value="SUN_STANDARD"/>
    <property name="sun.boot.library.path" value="/usr/lib/jvm/java-1.8-openjdk/jre/lib/amd64"/>
    <property name="sun.java.command" value="/workdir/hadoop-ozone/integration-test/target/surefire/surefirebooter4765980803717743928.jar /workdir/hadoop-ozone/integration-test/target/surefire 2019-08-29T22-40-37_536-jvmRun1 surefire300371261140924760tmp surefire_205711682720286329268tmp"/>
    <property name="test" value="!TestMiniChaosOzoneCluster"/>
    <property name="surefire.test.class.path" value="/workdir/hadoop-ozone/integration-test/target/test-classes:/workdir/hadoop-ozone/integration-test/target/classes:/home/user/.m2/repository/org/apache/hadoop/hadoop-ozone-common/0.5.0-SNAPSHOT/hadoop-ozone-common-0.5.0-SNAPSHOT.jar:/home/user/.m2/repository/org/apache/commons/commons-compress/1.4.1/commons-compress-1.4.1.jar:/home/user/.m2/repository/org/tukaani/xz/1.0/xz-1.0.jar:/home/user/.m2/repository/org/apache/hadoop/hadoop-common/3.2.0/hadoop-common-3.2.0.jar:/home/user/.m2/repository/org/apache/hadoop/hadoop-hdfs/3.2.0/hadoop-hdfs-3.2.0.jar:/home/user/.m2/repository/org/apache/hadoop/hadoop-hdfs-client/3.2.0/hadoop-hdfs-client-3.2.0.jar:/home/user/.m2/repository/com/fasterxml/jackson/core/jackson-annotations/2.9.5/jackson-annotations-2.9.5.jar:/home/user/.m2/repository/org/apache/hadoop/hadoop-hdds-common/0.5.0-SNAPSHOT/hadoop-hdds-common-0.5.0-SNAPSHOT.jar:/home/user/.m2/repository/javax/annotation/javax.annotation-api/1.2/javax.annotation-api-1.2.jar:/home/user/.m2/repository/org/apache/ratis/ratis-server/0.4.0-2337318-SNAPSHOT/ratis-server-0.4.0-2337318-SNAPSHOT.jar:/home/user/.m2/repository/org/apache/ratis/ratis-thirdparty-misc/0.2.0/ratis-thirdparty-misc-0.2.0.jar:/home/user/.m2/repository/org/apache/ratis/ratis-proto/0.4.0-2337318-SNAPSHOT/ratis-proto-0.4.0-2337318-SNAPSHOT.jar:/home/user/.m2/repository/org/apache/ratis/ratis-common/0.4.0-2337318-SNAPSHOT/ratis-common-0.4.0-2337318-SNAPSHOT.jar:/home/user/.m2/repository/org/apache/ratis/ratis-client/0.4.0-2337318-SNAPSHOT/ratis-client-0.4.0-2337318-SNAPSHOT.jar:/home/user/.m2/repository/org/apache/ratis/ratis-metrics/0.4.0-2337318-SNAPSHOT/ratis-metrics-0.4.0-2337318-SNAPSHOT.jar:/home/user/.m2/repository/org/apache/ratis/ratis-netty/0.4.0-2337318-SNAPSHOT/ratis-netty-0.4.0-2337318-SNAPSHOT.jar:/home/user/.m2/repository/org/apache/ratis/ratis-grpc/0.4.0-2337318-SNAPSHOT/ratis-grpc-0.4.0-2337318-SNAPSHOT.jar:/home/user/.m2/repository/org/rocksdb/rocksdbjni/6.0.1/rocksdbjni-6.0.1.jar:/home/user/.m2/repository/org/apache/logging/log4j/log4j-api/2.11.0/log4j-api-2.11.0.jar:/home/user/.m2/repository/org/apache/logging/log4j/log4j-core/2.11.0/log4j-core-2.11.0.jar:/home/user/.m2/repository/com/lmax/disruptor/3.4.2/disruptor-3.4.2.jar:/home/user/.m2/repository/org/apache/commons/commons-pool2/2.6.0/commons-pool2-2.6.0.jar:/home/user/.m2/repository/org/bouncycastle/bcpkix-jdk15on/1.60/bcpkix-jdk15on-1.60.jar:/home/user/.m2/repository/commons-validator/commons-validator/1.6/commons-validator-1.6.jar:/home/user/.m2/repository/commons-digester/commons-digester/1.8.1/commons-digester-1.8.1.jar:/home/user/.m2/repository/io/jaegertracing/jaeger-client/0.33.1/jaeger-client-0.33.1.jar:/home/user/.m2/repository/io/jaegertracing/jaeger-thrift/0.33.1/jaeger-thrift-0.33.1.jar:/home/user/.m2/repository/org/apache/thrift/libthrift/0.11.0/libthrift-0.11.0.jar:/home/user/.m2/repository/com/squareup/okhttp3/okhttp/3.9.0/okhttp-3.9.0.jar:/home/user/.m2/repository/com/squareup/okio/okio/1.13.0/okio-1.13.0.jar:/home/user/.m2/repository/io/jaegertracing/jaeger-core/0.33.1/jaeger-core-0.33.1.jar:/home/user/.m2/repository/io/jaegertracing/jaeger-tracerresolver/0.33.1/jaeger-tracerresolver-0.33.1.jar:/home/user/.m2/repository/io/opentracing/contrib/opentracing-tracerresolver/0.1.5/opentracing-tracerresolver-0.1.5.jar:/home/user/.m2/repository/io/opentracing/opentracing-util/0.31.0/opentracing-util-0.31.0.jar:/home/user/.m2/repository/io/opentracing/opentracing-api/0.31.0/opentracing-api-0.31.0.jar:/home/user/.m2/repository/io/opentracing/opentracing-noop/0.31.0/opentracing-noop-0.31.0.jar:/home/user/.m2/repository/org/apache/hadoop/hadoop-hdds-server-framework/0.5.0-SNAPSHOT/hadoop-hdds-server-framework-0.5.0-SNAPSHOT.jar:/home/user/.m2/repository/org/apache/hadoop/hadoop-hdds-container-service/0.5.0-SNAPSHOT/hadoop-hdds-container-service-0.5.0-SNAPSHOT.jar:/home/user/.m2/repository/org/apache/hadoop/hadoop-hdds-client/0.5.0-SNAPSHOT/hadoop-hdds-client-0.5.0-SNAPSHOT.jar:/home/user/.m2/repository/org/apache/hadoop/hadoop-hdds-tools/0.5.0-SNAPSHOT/hadoop-hdds-tools-0.5.0-SNAPSHOT.jar:/home/user/.m2/repository/org/apache/hadoop/hadoop-hdds-server-scm/0.5.0-SNAPSHOT/hadoop-hdds-server-scm-0.5.0-SNAPSHOT.jar:/home/user/.m2/repository/org/apache/hadoop/hadoop-hdds-docs/0.5.0-SNAPSHOT/hadoop-hdds-docs-0.5.0-SNAPSHOT.jar:/home/user/.m2/repository/io/dropwizard/metrics/metrics-core/3.2.4/metrics-core-3.2.4.jar:/home/user/.m2/repository/org/hamcrest/hamcrest-all/1.3/hamcrest-all-1.3.jar:/home/user/.m2/repository/org/bouncycastle/bcprov-jdk15on/1.60/bcprov-jdk15on-1.60.jar:/home/user/.m2/repository/info/picocli/picocli/3.9.6/picocli-3.9.6.jar:/home/user/.m2/repository/com/google/protobuf/protobuf-java/2.5.0/protobuf-java-2.5.0.jar:/home/user/.m2/repository/com/google/guava/guava/11.0.2/guava-11.0.2.jar:/home/user/.m2/repository/org/apache/hadoop/hadoop-ozone-ozone-manager/0.5.0-SNAPSHOT/hadoop-ozone-ozone-manager-0.5.0-SNAPSHOT.jar:/home/user/.m2/repository/org/apache/hadoop/hadoop-minikdc/3.2.0/hadoop-minikdc-3.2.0.jar:/home/user/.m2/repository/commons-io/commons-io/2.5/commons-io-2.5.jar:/home/user/.m2/repository/org/apache/kerby/kerb-simplekdc/1.0.1/kerb-simplekdc-1.0.1.jar:/home/user/.m2/repository/org/apache/kerby/kerb-client/1.0.1/kerb-client-1.0.1.jar:/home/user/.m2/repository/org/apache/kerby/kerby-config/1.0.1/kerby-config-1.0.1.jar:/home/user/.m2/repository/org/apache/kerby/kerb-core/1.0.1/kerb-core-1.0.1.jar:/home/user/.m2/repository/org/apache/kerby/kerby-pkix/1.0.1/kerby-pkix-1.0.1.jar:/home/user/.m2/repository/org/apache/kerby/kerby-asn1/1.0.1/kerby-asn1-1.0.1.jar:/home/user/.m2/repository/org/apache/kerby/kerby-util/1.0.1/kerby-util-1.0.1.jar:/home/user/.m2/repository/org/apache/kerby/kerb-common/1.0.1/kerb-common-1.0.1.jar:/home/user/.m2/repository/org/apache/kerby/kerb-crypto/1.0.1/kerb-crypto-1.0.1.jar:/home/user/.m2/repository/org/apache/kerby/kerb-util/1.0.1/kerb-util-1.0.1.jar:/home/user/.m2/repository/org/apache/kerby/token-provider/1.0.1/token-provider-1.0.1.jar:/home/user/.m2/repository/org/apache/kerby/kerb-admin/1.0.1/kerb-admin-1.0.1.jar:/home/user/.m2/repository/org/apache/kerby/kerb-server/1.0.1/kerb-server-1.0.1.jar:/home/user/.m2/repository/org/apache/kerby/kerb-identity/1.0.1/kerb-identity-1.0.1.jar:/home/user/.m2/repository/org/apache/kerby/kerby-xdr/1.0.1/kerby-xdr-1.0.1.jar:/home/user/.m2/repository/org/slf4j/slf4j-log4j12/1.7.25/slf4j-log4j12-1.7.25.jar:/home/user/.m2/repository/org/apache/hadoop/hadoop-ozone-s3gateway/0.5.0-SNAPSHOT/hadoop-ozone-s3gateway-0.5.0-SNAPSHOT.jar:/home/user/.m2/repository/org/jboss/weld/servlet/weld-servlet/2.4.7.Final/weld-servlet-2.4.7.Final.jar:/home/user/.m2/repository/org/glassfish/jersey/containers/jersey-container-servlet-core/2.27/jersey-container-servlet-core-2.27.jar:/home/user/.m2/repository/org/glassfish/hk2/external/javax.inject/2.5.0-b42/javax.inject-2.5.0-b42.jar:/home/user/.m2/repository/org/glassfish/jersey/core/jersey-common/2.27/jersey-common-2.27.jar:/home/user/.m2/repository/org/glassfish/hk2/osgi-resource-locator/1.0.1/osgi-resource-locator-1.0.1.jar:/home/user/.m2/repository/javax/ws/rs/javax.ws.rs-api/2.1/javax.ws.rs-api-2.1.jar:/home/user/.m2/repository/org/glassfish/jersey/ext/cdi/jersey-cdi1x/2.27/jersey-cdi1x-2.27.jar:/home/user/.m2/repository/org/glassfish/jersey/inject/jersey-hk2/2.27/jersey-hk2-2.27.jar:/home/user/.m2/repository/org/glassfish/hk2/hk2-locator/2.5.0-b42/hk2-locator-2.5.0-b42.jar:/home/user/.m2/repository/org/javassist/javassist/3.22.0-CR2/javassist-3.22.0-CR2.jar:/home/user/.m2/repository/org/glassfish/hk2/hk2-api/2.5.0/hk2-api-2.5.0.jar:/home/user/.m2/repository/org/glassfish/hk2/external/jakarta.inject/2.5.0/jakarta.inject-2.5.0.jar:/home/user/.m2/repository/org/glassfish/hk2/hk2-utils/2.5.0/hk2-utils-2.5.0.jar:/home/user/.m2/repository/jakarta/annotation/jakarta.annotation-api/1.3.4/jakarta.annotation-api-1.3.4.jar:/home/user/.m2/repository/org/glassfish/hk2/external/aopalliance-repackaged/2.5.0/aopalliance-repackaged-2.5.0.jar:/home/user/.m2/repository/com/fasterxml/jackson/dataformat/jackson-dataformat-xml/2.9.0/jackson-dataformat-xml-2.9.0.jar:/home/user/.m2/repository/com/fasterxml/jackson/core/jackson-core/2.9.5/jackson-core-2.9.5.jar:/home/user/.m2/repository/com/fasterxml/jackson/module/jackson-module-jaxb-annotations/2.9.5/jackson-module-jaxb-annotations-2.9.5.jar:/home/user/.m2/repository/javax/enterprise/cdi-api/1.2/cdi-api-1.2.jar:/home/user/.m2/repository/javax/el/javax.el-api/3.0.0/javax.el-api-3.0.0.jar:/home/user/.m2/repository/javax/interceptor/javax.interceptor-api/1.2/javax.interceptor-api-1.2.jar:/home/user/.m2/repository/javax/inject/javax.inject/1/javax.inject-1.jar:/home/user/.m2/repository/com/sun/xml/bind/jaxb-impl/2.3.0.1/jaxb-impl-2.3.0.1.jar:/home/user/.m2/repository/com/sun/xml/bind/jaxb-core/2.3.0.1/jaxb-core-2.3.0.1.jar:/home/user/.m2/repository/javax/xml/bind/jaxb-api/2.3.0/jaxb-api-2.3.0.jar:/home/user/.m2/repository/javax/activation/activation/1.1.1/activation-1.1.1.jar:/home/user/.m2/repository/org/apache/hadoop/hadoop-ozone-csi/0.5.0-SNAPSHOT/hadoop-ozone-csi-0.5.0-SNAPSHOT.jar:/home/user/.m2/repository/com/google/protobuf/protobuf-java-util/3.5.1/protobuf-java-util-3.5.1.jar:/home/user/.m2/repository/org/apache/hadoop/hadoop-hdds-config/0.5.0-SNAPSHOT/hadoop-hdds-config-0.5.0-SNAPSHOT.jar:/home/user/.m2/repository/io/grpc/grpc-netty/1.17.1/grpc-netty-1.17.1.jar:/home/user/.m2/repository/io/grpc/grpc-core/1.17.1/grpc-core-1.17.1.jar:/home/user/.m2/repository/io/grpc/grpc-context/1.17.1/grpc-context-1.17.1.jar:/home/user/.m2/repository/com/google/errorprone/error_prone_annotations/2.2.0/error_prone_annotations-2.2.0.jar:/home/user/.m2/repository/org/codehaus/mojo/animal-sniffer-annotations/1.17/animal-sniffer-annotations-1.17.jar:/home/user/.m2/repository/io/opencensus/opencensus-api/0.17.0/opencensus-api-0.17.0.jar:/home/user/.m2/repository/io/opencensus/opencensus-contrib-grpc-metrics/0.17.0/opencensus-contrib-grpc-metrics-0.17.0.jar:/home/user/.m2/repository/io/netty/netty-codec-http2/4.1.30.Final/netty-codec-http2-4.1.30.Final.jar:/home/user/.m2/repository/io/netty/netty-codec-http/4.1.30.Final/netty-codec-http-4.1.30.Final.jar:/home/user/.m2/repository/io/netty/netty-codec/4.1.30.Final/netty-codec-4.1.30.Final.jar:/home/user/.m2/repository/io/netty/netty-handler/4.1.30.Final/netty-handler-4.1.30.Final.jar:/home/user/.m2/repository/io/netty/netty-handler-proxy/4.1.30.Final/netty-handler-proxy-4.1.30.Final.jar:/home/user/.m2/repository/io/netty/netty-codec-socks/4.1.30.Final/netty-codec-socks-4.1.30.Final.jar:/home/user/.m2/repository/io/netty/netty-transport-native-epoll/4.1.30.Final/netty-transport-native-epoll-4.1.30.Final.jar:/home/user/.m2/repository/io/netty/netty-common/4.1.30.Final/netty-common-4.1.30.Final.jar:/home/user/.m2/repository/io/netty/netty-buffer/4.1.30.Final/netty-buffer-4.1.30.Final.jar:/home/user/.m2/repository/io/netty/netty-transport/4.1.30.Final/netty-transport-4.1.30.Final.jar:/home/user/.m2/repository/io/netty/netty-resolver/4.1.30.Final/netty-resolver-4.1.30.Final.jar:/home/user/.m2/repository/io/netty/netty-transport-native-unix-common/4.1.30.Final/netty-transport-native-unix-common-4.1.30.Final.jar:/home/user/.m2/repository/io/grpc/grpc-protobuf/1.17.1/grpc-protobuf-1.17.1.jar:/home/user/.m2/repository/com/google/api/grpc/proto-google-common-protos/1.0.0/proto-google-common-protos-1.0.0.jar:/home/user/.m2/repository/io/grpc/grpc-protobuf-lite/1.17.1/grpc-protobuf-lite-1.17.1.jar:/home/user/.m2/repository/io/grpc/grpc-stub/1.17.1/grpc-stub-1.17.1.jar:/home/user/.m2/repository/org/apache/hadoop/hadoop-ozone-recon/0.5.0-SNAPSHOT/hadoop-ozone-recon-0.5.0-SNAPSHOT.jar:/home/user/.m2/repository/org/apache/hadoop/hadoop-ozone-reconcodegen/0.5.0-SNAPSHOT/hadoop-ozone-reconcodegen-0.5.0-SNAPSHOT.jar:/home/user/.m2/repository/com/google/inject/extensions/guice-multibindings/4.0/guice-multibindings-4.0.jar:/home/user/.m2/repository/com/google/inject/guice/4.0/guice-4.0.jar:/home/user/.m2/repository/aopalliance/aopalliance/1.0/aopalliance-1.0.jar:/home/user/.m2/repository/com/google/inject/extensions/guice-servlet/4.0/guice-servlet-4.0.jar:/home/user/.m2/repository/org/glassfish/jersey/containers/jersey-container-servlet/2.27/jersey-container-servlet-2.27.jar:/home/user/.m2/repository/org/glassfish/hk2/guice-bridge/2.5.0/guice-bridge-2.5.0.jar:/home/user/.m2/repository/org/glassfish/jersey/core/jersey-server/2.27/jersey-server-2.27.jar:/home/user/.m2/repository/org/glassfish/jersey/core/jersey-client/2.27/jersey-client-2.27.jar:/home/user/.m2/repository/org/glassfish/jersey/media/jersey-media-jaxb/2.27/jersey-media-jaxb-2.27.jar:/home/user/.m2/repository/javax/validation/validation-api/1.1.0.Final/validation-api-1.1.0.Final.jar:/home/user/.m2/repository/org/glassfish/jersey/media/jersey-media-json-jackson/2.27/jersey-media-json-jackson-2.27.jar:/home/user/.m2/repository/org/glassfish/jersey/ext/jersey-entity-filtering/2.27/jersey-entity-filtering-2.27.jar:/home/user/.m2/repository/com/google/inject/extensions/guice-assistedinject/4.0/guice-assistedinject-4.0.jar:/home/user/.m2/repository/org/jooq/jooq/3.11.10/jooq-3.11.10.jar:/home/user/.m2/repository/org/jooq/jooq-meta/3.11.10/jooq-meta-3.11.10.jar:/home/user/.m2/repository/org/jooq/jooq-codegen/3.11.10/jooq-codegen-3.11.10.jar:/home/user/.m2/repository/com/jolbox/bonecp/0.8.0.RELEASE/bonecp-0.8.0.RELEASE.jar:/home/user/.m2/repository/org/xerial/sqlite-jdbc/3.25.2/sqlite-jdbc-3.25.2.jar:/home/user/.m2/repository/org/springframework/spring-jdbc/5.1.3.RELEASE/spring-jdbc-5.1.3.RELEASE.jar:/home/user/.m2/repository/org/springframework/spring-beans/5.1.3.RELEASE/spring-beans-5.1.3.RELEASE.jar:/home/user/.m2/repository/org/springframework/spring-core/5.1.3.RELEASE/spring-core-5.1.3.RELEASE.jar:/home/user/.m2/repository/org/springframework/spring-jcl/5.1.3.RELEASE/spring-jcl-5.1.3.RELEASE.jar:/home/user/.m2/repository/org/springframework/spring-tx/5.1.3.RELEASE/spring-tx-5.1.3.RELEASE.jar:/home/user/.m2/repository/org/apache/hadoop/hadoop-ozone-client/0.5.0-SNAPSHOT/hadoop-ozone-client-0.5.0-SNAPSHOT.jar:/home/user/.m2/repository/commons-lang/commons-lang/2.6/commons-lang-2.6.jar:/home/user/.m2/repository/org/apache/hadoop/hadoop-ozone-ozone-manager/0.5.0-SNAPSHOT/hadoop-ozone-ozone-manager-0.5.0-SNAPSHOT-tests.jar:/home/user/.m2/repository/junit/junit/4.11/junit-4.11.jar:/home/user/.m2/repository/org/hamcrest/hamcrest-core/1.3/hamcrest-core-1.3.jar:/home/user/.m2/repository/org/openjdk/jmh/jmh-core/1.19/jmh-core-1.19.jar:/home/user/.m2/repository/net/sf/jopt-simple/jopt-simple/4.6/jopt-simple-4.6.jar:/home/user/.m2/repository/org/apache/commons/commons-math3/3.1.1/commons-math3-3.1.1.jar:/home/user/.m2/repository/org/openjdk/jmh/jmh-generator-annprocess/1.19/jmh-generator-annprocess-1.19.jar:/home/user/.m2/repository/org/mockito/mockito-all/1.8.5/mockito-all-1.8.5.jar:/home/user/.m2/repository/org/apache/hadoop/hadoop-kms/3.2.0/hadoop-kms-3.2.0.jar:/home/user/.m2/repository/org/apache/hadoop/hadoop-auth/3.2.0/hadoop-auth-3.2.0.jar:/home/user/.m2/repository/com/nimbusds/nimbus-jose-jwt/4.41.1/nimbus-jose-jwt-4.41.1.jar:/home/user/.m2/repository/com/github/stephenc/jcip/jcip-annotations/1.0-1/jcip-annotations-1.0-1.jar:/home/user/.m2/repository/net/minidev/json-smart/2.3/json-smart-2.3.jar:/home/user/.m2/repository/net/minidev/accessors-smart/1.2/accessors-smart-1.2.jar:/home/user/.m2/repository/org/ow2/asm/asm/5.0.4/asm-5.0.4.jar:/home/user/.m2/repository/org/apache/curator/curator-framework/2.12.0/curator-framework-2.12.0.jar:/home/user/.m2/repository/com/sun/jersey/jersey-core/1.19/jersey-core-1.19.jar:/home/user/.m2/repository/javax/ws/rs/jsr311-api/1.1.1/jsr311-api-1.1.1.jar:/home/user/.m2/repository/com/sun/jersey/jersey-server/1.19/jersey-server-1.19.jar:/home/user/.m2/repository/javax/servlet/javax.servlet-api/3.1.0/javax.servlet-api-3.1.0.jar:/home/user/.m2/repository/org/eclipse/jetty/jetty-server/9.3.24.v20180605/jetty-server-9.3.24.v20180605.jar:/home/user/.m2/repository/org/eclipse/jetty/jetty-http/9.3.24.v20180605/jetty-http-9.3.24.v20180605.jar:/home/user/.m2/repository/org/eclipse/jetty/jetty-io/9.3.24.v20180605/jetty-io-9.3.24.v20180605.jar:/home/user/.m2/repository/org/eclipse/jetty/jetty-webapp/9.3.24.v20180605/jetty-webapp-9.3.24.v20180605.jar:/home/user/.m2/repository/org/eclipse/jetty/jetty-xml/9.3.24.v20180605/jetty-xml-9.3.24.v20180605.jar:/home/user/.m2/repository/log4j/log4j/1.2.17/log4j-1.2.17.jar:/home/user/.m2/repository/org/slf4j/slf4j-api/1.7.25/slf4j-api-1.7.25.jar:/home/user/.m2/repository/org/slf4j/jul-to-slf4j/1.7.25/jul-to-slf4j-1.7.25.jar:/home/user/.m2/repository/org/eclipse/jetty/jetty-util/9.3.24.v20180605/jetty-util-9.3.24.v20180605.jar:/home/user/.m2/repository/com/fasterxml/jackson/core/jackson-databind/2.9.5/jackson-databind-2.9.5.jar:/home/user/.m2/repository/org/apache/hadoop/hadoop-kms/3.2.0/hadoop-kms-3.2.0-tests.jar:/home/user/.m2/repository/org/apache/hadoop/hadoop-hdds-server-scm/0.5.0-SNAPSHOT/hadoop-hdds-server-scm-0.5.0-SNAPSHOT-tests.jar:/home/user/.m2/repository/org/apache/hadoop/hadoop-hdds-container-service/0.5.0-SNAPSHOT/hadoop-hdds-container-service-0.5.0-SNAPSHOT-tests.jar:/home/user/.m2/repository/org/yaml/snakeyaml/1.16/snakeyaml-1.16.jar:/home/user/.m2/repository/org/apache/hadoop/hadoop-common/3.2.0/hadoop-common-3.2.0-tests.jar:/home/user/.m2/repository/org/apache/hadoop/hadoop-annotations/3.2.0/hadoop-annotations-3.2.0.jar:/usr/lib/jvm/java-1.8-openjdk/jre/../lib/tools.jar:/home/user/.m2/repository/commons-cli/commons-cli/1.2/commons-cli-1.2.jar:/home/user/.m2/repository/org/apache/httpcomponents/httpclient/4.5.2/httpclient-4.5.2.jar:/home/user/.m2/repository/org/apache/httpcomponents/httpcore/4.4.4/httpcore-4.4.4.jar:/home/user/.m2/repository/commons-codec/commons-codec/1.11/commons-codec-1.11.jar:/home/user/.m2/repository/commons-net/commons-net/3.6/commons-net-3.6.jar:/home/user/.m2/repository/commons-collections/commons-collections/3.2.2/commons-collections-3.2.2.jar:/home/user/.m2/repository/org/eclipse/jetty/jetty-servlet/9.3.24.v20180605/jetty-servlet-9.3.24.v20180605.jar:/home/user/.m2/repository/org/eclipse/jetty/jetty-security/9.3.24.v20180605/jetty-security-9.3.24.v20180605.jar:/home/user/.m2/repository/javax/servlet/jsp/jsp-api/2.1/jsp-api-2.1.jar:/home/user/.m2/repository/com/sun/jersey/jersey-servlet/1.19/jersey-servlet-1.19.jar:/home/user/.m2/repository/com/sun/jersey/jersey-json/1.19/jersey-json-1.19.jar:/home/user/.m2/repository/org/codehaus/jettison/jettison/1.1/jettison-1.1.jar:/home/user/.m2/repository/org/codehaus/jackson/jackson-core-asl/1.9.13/jackson-core-asl-1.9.13.jar:/home/user/.m2/repository/org/codehaus/jackson/jackson-mapper-asl/1.9.13/jackson-mapper-asl-1.9.13.jar:/home/user/.m2/repository/org/codehaus/jackson/jackson-jaxrs/1.9.13/jackson-jaxrs-1.9.13.jar:/home/user/.m2/repository/org/codehaus/jackson/jackson-xc/1.9.13/jackson-xc-1.9.13.jar:/home/user/.m2/repository/commons-logging/commons-logging/1.1.3/commons-logging-1.1.3.jar:/home/user/.m2/repository/commons-beanutils/commons-beanutils/1.9.3/commons-beanutils-1.9.3.jar:/home/user/.m2/repository/org/apache/commons/commons-configuration2/2.1.1/commons-configuration2-2.1.1.jar:/home/user/.m2/repository/org/apache/commons/commons-lang3/3.7/commons-lang3-3.7.jar:/home/user/.m2/repository/org/apache/commons/commons-text/1.4/commons-text-1.4.jar:/home/user/.m2/repository/org/apache/avro/avro/1.7.7/avro-1.7.7.jar:/home/user/.m2/repository/com/thoughtworks/paranamer/paranamer/2.3/paranamer-2.3.jar:/home/user/.m2/repository/org/xerial/snappy/snappy-java/1.0.5/snappy-java-1.0.5.jar:/home/user/.m2/repository/com/google/re2j/re2j/1.1/re2j-1.1.jar:/home/user/.m2/repository/com/google/code/gson/gson/2.2.4/gson-2.2.4.jar:/home/user/.m2/repository/com/jcraft/jsch/0.1.54/jsch-0.1.54.jar:/home/user/.m2/repository/org/apache/curator/curator-client/2.12.0/curator-client-2.12.0.jar:/home/user/.m2/repository/org/apache/curator/curator-recipes/2.12.0/curator-recipes-2.12.0.jar:/home/user/.m2/repository/com/google/code/findbugs/jsr305/3.0.0/jsr305-3.0.0.jar:/home/user/.m2/repository/org/apache/htrace/htrace-core4/4.1.0-incubating/htrace-core4-4.1.0-incubating.jar:/home/user/.m2/repository/org/apache/zookeeper/zookeeper/3.4.13/zookeeper-3.4.13.jar:/home/user/.m2/repository/org/apache/yetus/audience-annotations/0.5.0/audience-annotations-0.5.0.jar:/home/user/.m2/repository/org/codehaus/woodstox/stax2-api/3.1.4/stax2-api-3.1.4.jar:/home/user/.m2/repository/com/fasterxml/woodstox/woodstox-core/5.0.3/woodstox-core-5.0.3.jar:/home/user/.m2/repository/dnsjava/dnsjava/2.1.7/dnsjava-2.1.7.jar:/home/user/.m2/repository/org/apache/hadoop/hadoop-hdfs/3.2.0/hadoop-hdfs-3.2.0-tests.jar:/home/user/.m2/repository/org/eclipse/jetty/jetty-util-ajax/9.3.24.v20180605/jetty-util-ajax-9.3.24.v20180605.jar:/home/user/.m2/repository/commons-daemon/commons-daemon/1.0.13/commons-daemon-1.0.13.jar:/home/user/.m2/repository/io/netty/netty/3.10.5.Final/netty-3.10.5.Final.jar:/home/user/.m2/repository/io/netty/netty-all/4.0.52.Final/netty-all-4.0.52.Final.jar:/home/user/.m2/repository/org/fusesource/leveldbjni/leveldbjni-all/1.8/leveldbjni-all-1.8.jar:"/>
    <property name="sun.cpu.endian" value="little"/>
    <property name="user.home" value="/home/user"/>
    <property name="user.language" value="en"/>
    <property name="java.specification.vendor" value="Oracle Corporation"/>
    <property name="java.home" value="/usr/lib/jvm/java-1.8-openjdk/jre"/>
    <property name="java.security.krb5.conf" value="/workdir/hadoop-ozone/integration-test/target/test-classes/krb5.conf"/>
    <property name="basedir" value="/workdir/hadoop-ozone/integration-test"/>
    <property name="file.separator" value="/"/>
    <property name="line.separator" value="&#10;"/>
    <property name="java.vm.specification.vendor" value="Oracle Corporation"/>
    <property name="java.specification.name" value="Java Platform API Specification"/>
    <property name="java.awt.graphicsenv" value="sun.awt.X11GraphicsEnvironment"/>
    <property name="surefire.real.class.path" value="/workdir/hadoop-ozone/integration-test/target/surefire/surefirebooter4765980803717743928.jar"/>
    <property name="hadoop.log.dir" value="/workdir/hadoop-ozone/integration-test/target/log"/>
    <property name="sun.boot.class.path" value="/usr/lib/jvm/java-1.8-openjdk/jre/lib/resources.jar:/usr/lib/jvm/java-1.8-openjdk/jre/lib/rt.jar:/usr/lib/jvm/java-1.8-openjdk/jre/lib/sunrsasign.jar:/usr/lib/jvm/java-1.8-openjdk/jre/lib/jsse.jar:/usr/lib/jvm/java-1.8-openjdk/jre/lib/jce.jar:/usr/lib/jvm/java-1.8-openjdk/jre/lib/charsets.jar:/usr/lib/jvm/java-1.8-openjdk/jre/lib/jfr.jar:/usr/lib/jvm/java-1.8-openjdk/jre/classes"/>
    <property name="sun.management.compiler" value="HotSpot 64-Bit Tiered Compilers"/>
    <property name="java.runtime.version" value="1.8.0_212-b04"/>
    <property name="java.net.preferIPv4Stack" value="true"/>
    <property name="user.name" value="jenkins1000"/>
    <property name="path.separator" value=":"/>
    <property name="java.security.egd" value="file:///dev/urandom"/>
    <property name="os.version" value="3.10.0-957.12.2.el7.x86_64"/>
    <property name="java.endorsed.dirs" value="/usr/lib/jvm/java-1.8-openjdk/jre/lib/endorsed"/>
    <property name="java.runtime.name" value="OpenJDK Runtime Environment"/>
    <property name="file.encoding" value="UTF-8"/>
    <property name="java.vm.name" value="OpenJDK 64-Bit Server VM"/>
    <property name="test.build.webapps" value=""/>
    <property name="localRepository" value="/home/user/.m2/repository"/>
    <property name="java.vendor.url.bug" value="https://icedtea.classpath.org/bugzilla"/>
    <property name="java.io.tmpdir" value="/tmp"/>
    <property name="require.test.libhadoop" value=""/>
    <property name="java.version" value="1.8.0_212"/>
    <property name="user.dir" value="/workdir/hadoop-ozone/integration-test"/>
    <property name="os.arch" value="amd64"/>
    <property name="java.vm.specification.name" value="Java Virtual Machine Specification"/>
    <property name="test.build.classes" value="/workdir/hadoop-ozone/integration-test/target/test-classes"/>
    <property name="java.awt.printerjob" value="sun.print.PSPrinterJob"/>
    <property name="sun.os.patch.level" value="unknown"/>
    <property name="hadoop.tmp.dir" value="/workdir/hadoop-ozone/integration-test/target/tmp"/>
    <property name="java.library.path" value="/usr/lib/jvm/java-1.8-openjdk/jre/lib/amd64/server:/usr/lib/jvm/java-1.8-openjdk/jre/lib/amd64:/usr/lib/jvm/java-1.8-openjdk/jre/../lib/amd64:/workdir/hadoop-ozone/integration-test/target/native/target/usr/local/lib:/workdir/hadoop-ozone/integration-test/../../hadoop-common-project/hadoop-common/target/native/target/usr/local/lib:/usr/java/packages/lib/amd64:/usr/lib64:/lib64:/lib:/usr/lib"/>
    <property name="java.vm.info" value="mixed mode"/>
    <property name="java.vendor" value="IcedTea"/>
    <property name="java.vm.version" value="25.212-b04"/>
    <property name="java.ext.dirs" value="/usr/lib/jvm/java-1.8-openjdk/jre/lib/ext:/usr/java/packages/lib/ext"/>
    <property name="sun.io.unicode.encoding" value="UnicodeLittle"/>
    <property name="java.class.version" value="52.0"/>
  </properties>
  <testcase name="test2DatanodesFailure" classname="org.apache.hadoop.ozone.client.rpc.TestBlockOutputStreamWithFailures" time="43.109"/>
  <testcase name="testDatanodeFailureWithPreAllocation" classname="org.apache.hadoop.ozone.client.rpc.TestBlockOutputStreamWithFailures" time="226.089"/>
  <testcase name="testDatanodeFailureWithSingleNodeRatis" classname="org.apache.hadoop.ozone.client.rpc.TestBlockOutputStreamWithFailures" time="224.46"/>
  <testcase name="testWatchForCommitWithSingleNodeRatis" classname="org.apache.hadoop.ozone.client.rpc.TestBlockOutputStreamWithFailures" time="33.504"/>
  <testcase name="testWatchForCommitDatanodeFailure" classname="org.apache.hadoop.ozone.client.rpc.TestBlockOutputStreamWithFailures" time="42.056">
    <failure message="expected:&lt;2&gt; but was:&lt;3&gt;" type="java.lang.AssertionError"><![CDATA[java.lang.AssertionError: expected:<2> but was:<3>
	at org.junit.Assert.fail(Assert.java:88)
	at org.junit.Assert.failNotEquals(Assert.java:743)
	at org.junit.Assert.assertEquals(Assert.java:118)
	at org.junit.Assert.assertEquals(Assert.java:555)
	at org.junit.Assert.assertEquals(Assert.java:542)
	at org.apache.hadoop.ozone.client.rpc.TestBlockOutputStreamWithFailures.testWatchForCommitDatanodeFailure(TestBlockOutputStreamWithFailures.java:366)
	at sun.reflect.NativeMethodAccessorImpl.invoke0(Native Method)
	at sun.reflect.NativeMethodAccessorImpl.invoke(NativeMethodAccessorImpl.java:62)
	at sun.reflect.DelegatingMethodAccessorImpl.invoke(DelegatingMethodAccessorImpl.java:43)
	at java.lang.reflect.Method.invoke(Method.java:498)
	at org.junit.runners.model.FrameworkMethod$1.runReflectiveCall(FrameworkMethod.java:47)
	at org.junit.internal.runners.model.ReflectiveCallable.run(ReflectiveCallable.java:12)
	at org.junit.runners.model.FrameworkMethod.invokeExplosively(FrameworkMethod.java:44)
	at org.junit.internal.runners.statements.InvokeMethod.evaluate(InvokeMethod.java:17)
	at org.junit.internal.runners.statements.RunBefores.evaluate(RunBefores.java:26)
	at org.junit.internal.runners.statements.RunAfters.evaluate(RunAfters.java:27)
	at org.junit.runners.ParentRunner.runLeaf(ParentRunner.java:271)
	at org.junit.runners.BlockJUnit4ClassRunner.runChild(BlockJUnit4ClassRunner.java:70)
	at org.junit.runners.BlockJUnit4ClassRunner.runChild(BlockJUnit4ClassRunner.java:50)
	at org.junit.runners.ParentRunner$3.run(ParentRunner.java:238)
	at org.junit.runners.ParentRunner$1.schedule(ParentRunner.java:63)
	at org.junit.runners.ParentRunner.runChildren(ParentRunner.java:236)
	at org.junit.runners.ParentRunner.access$000(ParentRunner.java:53)
	at org.junit.runners.ParentRunner$2.evaluate(ParentRunner.java:229)
	at org.junit.runners.ParentRunner.run(ParentRunner.java:309)
	at org.apache.maven.surefire.junit4.JUnit4Provider.execute(JUnit4Provider.java:365)
	at org.apache.maven.surefire.junit4.JUnit4Provider.executeWithRerun(JUnit4Provider.java:273)
	at org.apache.maven.surefire.junit4.JUnit4Provider.executeTestSet(JUnit4Provider.java:238)
	at org.apache.maven.surefire.junit4.JUnit4Provider.invoke(JUnit4Provider.java:159)
	at org.apache.maven.surefire.booter.ForkedBooter.invokeProviderInSameClassLoader(ForkedBooter.java:384)
	at org.apache.maven.surefire.booter.ForkedBooter.runSuitesInProcess(ForkedBooter.java:345)
	at org.apache.maven.surefire.booter.ForkedBooter.execute(ForkedBooter.java:126)
	at org.apache.maven.surefire.booter.ForkedBooter.main(ForkedBooter.java:418)
]]></failure>
    <system-out><![CDATA[2019-08-29 23:06:01,977 [main] WARN  server.ServerUtils (ServerUtils.java:getScmDbDir(145)) - ozone.scm.db.dirs is not configured. We recommend adding this setting. Falling back to ozone.metadata.dirs instead.
2019-08-29 23:06:02,002 [main] WARN  server.ServerUtils (ServerUtils.java:getScmDbDir(145)) - ozone.scm.db.dirs is not configured. We recommend adding this setting. Falling back to ozone.metadata.dirs instead.
2019-08-29 23:06:02,002 [main] WARN  server.ServerUtils (ServerUtils.java:getScmDbDir(145)) - ozone.scm.db.dirs is not configured. We recommend adding this setting. Falling back to ozone.metadata.dirs instead.
2019-08-29 23:06:02,003 [main] INFO  db.DBStoreBuilder (DBStoreBuilder.java:addTable(110)) - using custom profile for table: deletedBlocks
2019-08-29 23:06:02,003 [main] INFO  db.DBStoreBuilder (DBStoreBuilder.java:processTables(161)) - Using default column profile:DBProfile.DISK for Table:deletedBlocks
2019-08-29 23:06:02,003 [main] INFO  db.DBStoreBuilder (DBStoreBuilder.java:addTable(110)) - using custom profile for table: validCerts
2019-08-29 23:06:02,003 [main] INFO  db.DBStoreBuilder (DBStoreBuilder.java:processTables(161)) - Using default column profile:DBProfile.DISK for Table:validCerts
2019-08-29 23:06:02,004 [main] INFO  db.DBStoreBuilder (DBStoreBuilder.java:addTable(110)) - using custom profile for table: revokedCerts
2019-08-29 23:06:02,004 [main] INFO  db.DBStoreBuilder (DBStoreBuilder.java:processTables(161)) - Using default column profile:DBProfile.DISK for Table:revokedCerts
2019-08-29 23:06:02,004 [main] INFO  db.DBStoreBuilder (DBStoreBuilder.java:addTable(110)) - using custom profile for table: default
2019-08-29 23:06:02,004 [main] INFO  db.DBStoreBuilder (DBStoreBuilder.java:processTables(167)) - Using default column profile:DBProfile.DISK for Table:default
2019-08-29 23:06:02,004 [main] INFO  db.DBStoreBuilder (DBStoreBuilder.java:getDbProfile(198)) - Using default options. DBProfile.DISK
2019-08-29 23:06:02,152 [main] INFO  net.NodeSchemaLoader (NodeSchemaLoader.java:loadSchemaFromFile(125)) - Loading file from sun.misc.CompoundEnumeration@5657967b
2019-08-29 23:06:02,152 [main] INFO  net.NodeSchemaLoader (NodeSchemaLoader.java:loadSchema(171)) - Loading network topology layer schema file
2019-08-29 23:06:02,158 [main] INFO  node.SCMNodeManager (SCMNodeManager.java:<init>(121)) - Entering startup safe mode.
2019-08-29 23:06:02,159 [main] INFO  algorithms.ContainerPlacementPolicyFactory (ContainerPlacementPolicyFactory.java:getPolicy(55)) - Create container placement policy of type org.apache.hadoop.hdds.scm.container.placement.algorithms.SCMContainerPlacementRandom
2019-08-29 23:06:02,159 [main] WARN  server.ServerUtils (ServerUtils.java:getScmDbDir(145)) - ozone.scm.db.dirs is not configured. We recommend adding this setting. Falling back to ozone.metadata.dirs instead.
2019-08-29 23:06:02,183 [main] INFO  pipeline.SCMPipelineManager (SCMPipelineManager.java:initializePipelineState(126)) - No pipeline exists in current db
2019-08-29 23:06:02,183 [main] WARN  server.ServerUtils (ServerUtils.java:getScmDbDir(145)) - ozone.scm.db.dirs is not configured. We recommend adding this setting. Falling back to ozone.metadata.dirs instead.
2019-08-29 23:06:02,209 [main] WARN  events.EventQueue (EventQueue.java:fireEvent(175)) - No event handler registered for event TypedEvent{payloadType=SafeModeStatus, name='SafeModeStatus'}
2019-08-29 23:06:02,210 [main] INFO  ipc.CallQueueManager (CallQueueManager.java:<init>(84)) - Using callQueue: class java.util.concurrent.LinkedBlockingQueue, queueCapacity: 2000, scheduler: class org.apache.hadoop.ipc.DefaultRpcScheduler, ipcBackoff: false.
2019-08-29 23:06:02,212 [Socket Reader #1 for port 35072] INFO  ipc.Server (Server.java:run(1074)) - Starting Socket Reader #1 for port 35072
2019-08-29 23:06:02,213 [main] INFO  ipc.CallQueueManager (CallQueueManager.java:<init>(84)) - Using callQueue: class java.util.concurrent.LinkedBlockingQueue, queueCapacity: 2000, scheduler: class org.apache.hadoop.ipc.DefaultRpcScheduler, ipcBackoff: false.
2019-08-29 23:06:02,214 [Socket Reader #1 for port 43345] INFO  ipc.Server (Server.java:run(1074)) - Starting Socket Reader #1 for port 43345
2019-08-29 23:06:02,216 [main] INFO  ipc.CallQueueManager (CallQueueManager.java:<init>(84)) - Using callQueue: class java.util.concurrent.LinkedBlockingQueue, queueCapacity: 2000, scheduler: class org.apache.hadoop.ipc.DefaultRpcScheduler, ipcBackoff: false.
2019-08-29 23:06:02,217 [Socket Reader #1 for port 32915] INFO  ipc.Server (Server.java:run(1074)) - Starting Socket Reader #1 for port 32915
2019-08-29 23:06:02,219 [main] INFO  hdfs.DFSUtil (DFSUtil.java:httpServerTemplateForNNAndJN(1641)) - Starting Web-server for scm at: http://0.0.0.0:0
2019-08-29 23:06:02,221 [main] INFO  server.AuthenticationFilter (AuthenticationFilter.java:constructSecretProvider(240)) - Unable to initialize FileSignerSecretProvider, falling back to use random secrets.
2019-08-29 23:06:02,222 [main] WARN  http.HttpRequestLog (HttpRequestLog.java:getRequestLog(97)) - Jetty request log can only be enabled using Log4j
2019-08-29 23:06:02,225 [main] INFO  http.HttpServer2 (HttpServer2.java:addGlobalFilter(975)) - Added global filter 'safety' (class=org.apache.hadoop.http.HttpServer2$QuotingInputFilter)
2019-08-29 23:06:02,226 [main] INFO  http.HttpServer2 (HttpServer2.java:addFilter(948)) - Added filter static_user_filter (class=org.apache.hadoop.http.lib.StaticUserWebFilter$StaticUserFilter) to context scm
2019-08-29 23:06:02,226 [main] INFO  http.HttpServer2 (HttpServer2.java:addFilter(958)) - Added filter static_user_filter (class=org.apache.hadoop.http.lib.StaticUserWebFilter$StaticUserFilter) to context logs
2019-08-29 23:06:02,226 [main] INFO  http.HttpServer2 (HttpServer2.java:addFilter(958)) - Added filter static_user_filter (class=org.apache.hadoop.http.lib.StaticUserWebFilter$StaticUserFilter) to context static
2019-08-29 23:06:02,229 [main] INFO  server.StorageContainerManager (StorageContainerManager.java:start(759)) - StorageContainerLocationProtocol RPC server is listening at /0.0.0.0:32915
2019-08-29 23:06:02,232 [main] WARN  impl.MetricsConfig (MetricsConfig.java:loadFirst(134)) - Cannot locate configuration: tried hadoop-metrics2-storagecontainermanager.properties,hadoop-metrics2.properties
2019-08-29 23:06:02,233 [main] INFO  impl.MetricsSystemImpl (MetricsSystemImpl.java:startTimer(374)) - Scheduled Metric snapshot period at 10 second(s).
2019-08-29 23:06:02,233 [main] INFO  impl.MetricsSystemImpl (MetricsSystemImpl.java:start(191)) - StorageContainerManager metrics system started
2019-08-29 23:06:02,301 [main] INFO  server.SCMClientProtocolServer (SCMClientProtocolServer.java:start(151)) - RPC server for Client  is listening at /0.0.0.0:32915
2019-08-29 23:06:02,301 [IPC Server Responder] INFO  ipc.Server (Server.java:run(1314)) - IPC Server Responder: starting
2019-08-29 23:06:02,301 [IPC Server listener on 32915] INFO  ipc.Server (Server.java:run(1153)) - IPC Server listener on 32915: starting
2019-08-29 23:06:02,305 [main] INFO  server.StorageContainerManager (StorageContainerManager.java:start(769)) - ScmBlockLocationProtocol RPC server is listening at /0.0.0.0:43345
2019-08-29 23:06:02,305 [main] INFO  server.SCMBlockProtocolServer (SCMBlockProtocolServer.java:start(140)) - RPC server for Block Protocol is listening at /0.0.0.0:43345
2019-08-29 23:06:02,305 [IPC Server Responder] INFO  ipc.Server (Server.java:run(1314)) - IPC Server Responder: starting
2019-08-29 23:06:02,306 [IPC Server listener on 43345] INFO  ipc.Server (Server.java:run(1153)) - IPC Server listener on 43345: starting
2019-08-29 23:06:02,308 [main] INFO  server.StorageContainerManager (StorageContainerManager.java:start(773)) - ScmDatanodeProtocl RPC server is listening at /0.0.0.0:35072
2019-08-29 23:06:02,309 [main] INFO  server.SCMDatanodeProtocolServer (SCMDatanodeProtocolServer.java:start(191)) - RPC server for DataNodes is listening at /0.0.0.0:35072
2019-08-29 23:06:02,309 [IPC Server Responder] INFO  ipc.Server (Server.java:run(1314)) - IPC Server Responder: starting
2019-08-29 23:06:02,309 [IPC Server listener on 35072] INFO  ipc.Server (Server.java:run(1153)) - IPC Server listener on 35072: starting
2019-08-29 23:06:02,312 [main] INFO  http.HttpServer2 (HttpServer2.java:bindListener(1191)) - Jetty bound to port 42583
2019-08-29 23:06:02,312 [main] INFO  server.Server (Server.java:doStart(351)) - jetty-9.3.24.v20180605, build timestamp: 2018-06-05T17:11:56Z, git hash: 84205aa28f11a4f31f2a3b86d1bba2cc8ab69827
2019-08-29 23:06:02,314 [main] INFO  handler.ContextHandler (ContextHandler.java:doStart(781)) - Started o.e.j.s.ServletContextHandler@14b4340c{/logs,file:///workdir/hadoop-ozone/integration-test/target/log,AVAILABLE}
2019-08-29 23:06:02,314 [main] INFO  handler.ContextHandler (ContextHandler.java:doStart(781)) - Started o.e.j.s.ServletContextHandler@2fd9fb34{/static,file:///workdir/hadoop-ozone/integration-test/target/test-classes/webapps/static,AVAILABLE}
2019-08-29 23:06:02,318 [main] INFO  handler.ContextHandler (ContextHandler.java:doStart(781)) - Started o.e.j.w.WebAppContext@53314f76{/,file:///workdir/hadoop-ozone/integration-test/target/test-classes/webapps/scm/,AVAILABLE}{/scm}
2019-08-29 23:06:02,318 [main] INFO  server.AbstractConnector (AbstractConnector.java:doStart(278)) - Started ServerConnector@62a6674f{HTTP/1.1,[http/1.1]}{0.0.0.0:42583}
2019-08-29 23:06:02,318 [main] INFO  server.Server (Server.java:doStart(419)) - Started @528132ms
2019-08-29 23:06:02,320 [main] INFO  server.BaseHttpServer (BaseHttpServer.java:updateConnectorAddress(213)) - HTTP server of SCM is listening at http://0.0.0.0:42583
2019-08-29 23:06:02,320 [main] WARN  server.ServerUtils (ServerUtils.java:getDBPath(222)) - ozone.om.db.dirs is not configured. We recommend adding this setting. Falling back to ozone.metadata.dirs instead.
2019-08-29 23:06:02,320 [org.apache.hadoop.util.JvmPauseMonitor$Monitor@703fa45] INFO  util.JvmPauseMonitor (JvmPauseMonitor.java:run(188)) - Starting JVM pause monitor
2019-08-29 23:06:02,342 [main] WARN  server.ServerUtils (ServerUtils.java:getDBPath(222)) - ozone.om.db.dirs is not configured. We recommend adding this setting. Falling back to ozone.metadata.dirs instead.
2019-08-29 23:06:02,342 [main] WARN  server.ServerUtils (ServerUtils.java:getDBPath(222)) - ozone.om.db.dirs is not configured. We recommend adding this setting. Falling back to ozone.metadata.dirs instead.
2019-08-29 23:06:02,342 [main] INFO  om.OzoneManager (OzoneManager.java:setOMNodeDetails(645)) - OM Service ID is not set. Setting it to the default ID: omServiceIdDefault
2019-08-29 23:06:02,342 [main] INFO  om.OzoneManager (OzoneManager.java:setOMNodeDetails(651)) - OM Node ID is not set. Setting it to the OmStorage's OmID: 2f215a37-e30e-47a8-af3e-2032ff698de7
2019-08-29 23:06:02,343 [main] INFO  om.OzoneManager (OzoneManager.java:loadOMHAConfigs(602)) - Found matching OM address with OMServiceId: null, OMNodeId: null, RPC Address: localhost:0 and Ratis port: 9872
2019-08-29 23:06:02,347 | INFO  | SCMAudit | user=jenkins1000 | ip=192.168.5.176 | op=GET_SCM_INFO null | ret=SUCCESS |  
2019-08-29 23:06:02,349 [main] WARN  server.ServerUtils (ServerUtils.java:getDBPath(222)) - ozone.om.db.dirs is not configured. We recommend adding this setting. Falling back to ozone.metadata.dirs instead.
2019-08-29 23:06:02,350 [main] INFO  db.DBStoreBuilder (DBStoreBuilder.java:addTable(110)) - using custom profile for table: userTable
2019-08-29 23:06:02,350 [main] INFO  db.DBStoreBuilder (DBStoreBuilder.java:processTables(161)) - Using default column profile:DBProfile.DISK for Table:userTable
2019-08-29 23:06:02,350 [main] INFO  db.DBStoreBuilder (DBStoreBuilder.java:addTable(110)) - using custom profile for table: volumeTable
2019-08-29 23:06:02,350 [main] INFO  db.DBStoreBuilder (DBStoreBuilder.java:processTables(161)) - Using default column profile:DBProfile.DISK for Table:volumeTable
2019-08-29 23:06:02,350 [main] INFO  db.DBStoreBuilder (DBStoreBuilder.java:addTable(110)) - using custom profile for table: bucketTable
2019-08-29 23:06:02,350 [main] INFO  db.DBStoreBuilder (DBStoreBuilder.java:processTables(161)) - Using default column profile:DBProfile.DISK for Table:bucketTable
2019-08-29 23:06:02,351 [main] INFO  db.DBStoreBuilder (DBStoreBuilder.java:addTable(110)) - using custom profile for table: keyTable
2019-08-29 23:06:02,351 [main] INFO  db.DBStoreBuilder (DBStoreBuilder.java:processTables(161)) - Using default column profile:DBProfile.DISK for Table:keyTable
2019-08-29 23:06:02,351 [main] INFO  db.DBStoreBuilder (DBStoreBuilder.java:addTable(110)) - using custom profile for table: deletedTable
2019-08-29 23:06:02,351 [main] INFO  db.DBStoreBuilder (DBStoreBuilder.java:processTables(161)) - Using default column profile:DBProfile.DISK for Table:deletedTable
2019-08-29 23:06:02,351 [main] INFO  db.DBStoreBuilder (DBStoreBuilder.java:addTable(110)) - using custom profile for table: openKeyTable
2019-08-29 23:06:02,351 [main] INFO  db.DBStoreBuilder (DBStoreBuilder.java:processTables(161)) - Using default column profile:DBProfile.DISK for Table:openKeyTable
2019-08-29 23:06:02,351 [main] INFO  db.DBStoreBuilder (DBStoreBuilder.java:addTable(110)) - using custom profile for table: s3Table
2019-08-29 23:06:02,352 [main] INFO  db.DBStoreBuilder (DBStoreBuilder.java:processTables(161)) - Using default column profile:DBProfile.DISK for Table:s3Table
2019-08-29 23:06:02,352 [main] INFO  db.DBStoreBuilder (DBStoreBuilder.java:addTable(110)) - using custom profile for table: multipartInfoTable
2019-08-29 23:06:02,352 [main] INFO  db.DBStoreBuilder (DBStoreBuilder.java:processTables(161)) - Using default column profile:DBProfile.DISK for Table:multipartInfoTable
2019-08-29 23:06:02,352 [main] INFO  db.DBStoreBuilder (DBStoreBuilder.java:addTable(110)) - using custom profile for table: dTokenTable
2019-08-29 23:06:02,352 [main] INFO  db.DBStoreBuilder (DBStoreBuilder.java:processTables(161)) - Using default column profile:DBProfile.DISK for Table:dTokenTable
2019-08-29 23:06:02,352 [main] INFO  db.DBStoreBuilder (DBStoreBuilder.java:addTable(110)) - using custom profile for table: s3SecretTable
2019-08-29 23:06:02,353 [main] INFO  db.DBStoreBuilder (DBStoreBuilder.java:processTables(161)) - Using default column profile:DBProfile.DISK for Table:s3SecretTable
2019-08-29 23:06:02,353 [main] INFO  db.DBStoreBuilder (DBStoreBuilder.java:addTable(110)) - using custom profile for table: prefixTable
2019-08-29 23:06:02,353 [main] INFO  db.DBStoreBuilder (DBStoreBuilder.java:processTables(161)) - Using default column profile:DBProfile.DISK for Table:prefixTable
2019-08-29 23:06:02,353 [main] INFO  db.DBStoreBuilder (DBStoreBuilder.java:addTable(110)) - using custom profile for table: default
2019-08-29 23:06:02,353 [main] INFO  db.DBStoreBuilder (DBStoreBuilder.java:processTables(167)) - Using default column profile:DBProfile.DISK for Table:default
2019-08-29 23:06:02,353 [main] INFO  db.DBStoreBuilder (DBStoreBuilder.java:getDbProfile(198)) - Using default options. DBProfile.DISK
2019-08-29 23:06:02,838 [main] INFO  ipc.CallQueueManager (CallQueueManager.java:<init>(84)) - Using callQueue: class java.util.concurrent.LinkedBlockingQueue, queueCapacity: 2000, scheduler: class org.apache.hadoop.ipc.DefaultRpcScheduler, ipcBackoff: false.
2019-08-29 23:06:02,839 [Socket Reader #1 for port 40733] INFO  ipc.Server (Server.java:run(1074)) - Starting Socket Reader #1 for port 40733
2019-08-29 23:06:02,851 [main] INFO  om.OzoneManager (OzoneManager.java:start(1256)) - OzoneManager RPC server is listening at localhost/127.0.0.1:40733
2019-08-29 23:06:02,852 [main] INFO  impl.MetricsSystemImpl (MetricsSystemImpl.java:init(158)) - OzoneManager metrics system started (again)
2019-08-29 23:06:02,853 [IPC Server listener on 40733] INFO  ipc.Server (Server.java:run(1153)) - IPC Server listener on 40733: starting
2019-08-29 23:06:02,853 [IPC Server Responder] INFO  ipc.Server (Server.java:run(1314)) - IPC Server Responder: starting
2019-08-29 23:06:02,857 [main] INFO  hdfs.DFSUtil (DFSUtil.java:httpServerTemplateForNNAndJN(1641)) - Starting Web-server for ozoneManager at: http://0.0.0.0:0
2019-08-29 23:06:02,859 [main] INFO  server.AuthenticationFilter (AuthenticationFilter.java:constructSecretProvider(240)) - Unable to initialize FileSignerSecretProvider, falling back to use random secrets.
2019-08-29 23:06:02,860 [main] WARN  http.HttpRequestLog (HttpRequestLog.java:getRequestLog(97)) - Jetty request log can only be enabled using Log4j
2019-08-29 23:06:02,862 [main] INFO  http.HttpServer2 (HttpServer2.java:addGlobalFilter(975)) - Added global filter 'safety' (class=org.apache.hadoop.http.HttpServer2$QuotingInputFilter)
2019-08-29 23:06:02,863 [main] INFO  http.HttpServer2 (HttpServer2.java:addFilter(948)) - Added filter static_user_filter (class=org.apache.hadoop.http.lib.StaticUserWebFilter$StaticUserFilter) to context ozoneManager
2019-08-29 23:06:02,863 [main] INFO  http.HttpServer2 (HttpServer2.java:addFilter(958)) - Added filter static_user_filter (class=org.apache.hadoop.http.lib.StaticUserWebFilter$StaticUserFilter) to context logs
2019-08-29 23:06:02,863 [main] INFO  http.HttpServer2 (HttpServer2.java:addFilter(958)) - Added filter static_user_filter (class=org.apache.hadoop.http.lib.StaticUserWebFilter$StaticUserFilter) to context static
2019-08-29 23:06:02,864 [main] INFO  http.HttpServer2 (HttpServer2.java:bindListener(1191)) - Jetty bound to port 37925
2019-08-29 23:06:02,865 [main] INFO  server.Server (Server.java:doStart(351)) - jetty-9.3.24.v20180605, build timestamp: 2018-06-05T17:11:56Z, git hash: 84205aa28f11a4f31f2a3b86d1bba2cc8ab69827
2019-08-29 23:06:02,867 [main] INFO  handler.ContextHandler (ContextHandler.java:doStart(781)) - Started o.e.j.s.ServletContextHandler@4aaecabd{/logs,file:///workdir/hadoop-ozone/integration-test/target/log,AVAILABLE}
2019-08-29 23:06:02,867 [main] INFO  handler.ContextHandler (ContextHandler.java:doStart(781)) - Started o.e.j.s.ServletContextHandler@1332dec4{/static,file:///workdir/hadoop-ozone/integration-test/target/test-classes/webapps/static,AVAILABLE}
2019-08-29 23:06:02,873 [main] INFO  handler.ContextHandler (ContextHandler.java:doStart(781)) - Started o.e.j.w.WebAppContext@530ee28b{/,file:///workdir/hadoop-ozone/integration-test/target/test-classes/webapps/ozoneManager/,AVAILABLE}{/ozoneManager}
2019-08-29 23:06:02,873 [main] INFO  server.AbstractConnector (AbstractConnector.java:doStart(278)) - Started ServerConnector@3a3f96ab{HTTP/1.1,[http/1.1]}{0.0.0.0:37925}
2019-08-29 23:06:02,874 [main] INFO  server.Server (Server.java:doStart(419)) - Started @528688ms
2019-08-29 23:06:02,875 [main] INFO  server.BaseHttpServer (BaseHttpServer.java:updateConnectorAddress(213)) - HTTP server of OZONEMANAGER is listening at http://0.0.0.0:37925
2019-08-29 23:06:02,890 [main] INFO  impl.MetricsSystemImpl (MetricsSystemImpl.java:init(158)) - HddsDatanode metrics system started (again)
2019-08-29 23:06:02,892 [main] INFO  ozone.HddsDatanodeService (HddsDatanodeService.java:start(184)) - HddsDatanodeService host:pr-hdds-1783-trunk-hq4zp-549785682 ip:192.168.5.176
2019-08-29 23:06:02,899 [main] INFO  volume.HddsVolume (HddsVolume.java:<init>(176)) - Creating Volume: /workdir/hadoop-ozone/integration-test/target/test-dir/MiniOzoneClusterImpl-fc4714e6-2d25-43ae-aa3c-bb84b829e8c3/datanode-0/data/containers/hdds of  storage type : DISK and capacity : 1482555576320
2019-08-29 23:06:02,900 [main] INFO  volume.VolumeSet (VolumeSet.java:initializeVolumeSet(170)) - Added Volume : /workdir/hadoop-ozone/integration-test/target/test-dir/MiniOzoneClusterImpl-fc4714e6-2d25-43ae-aa3c-bb84b829e8c3/datanode-0/data/containers/hdds to VolumeSet
2019-08-29 23:06:02,900 [main] INFO  volume.ThrottledAsyncChecker (ThrottledAsyncChecker.java:schedule(140)) - Scheduling a check for org.apache.hadoop.ozone.container.common.volume.HddsVolume@546ed2a0
2019-08-29 23:06:02,901 [main] INFO  volume.HddsVolumeChecker (HddsVolumeChecker.java:checkAllVolumes(203)) - Scheduled health check for volume org.apache.hadoop.ozone.container.common.volume.HddsVolume@546ed2a0
2019-08-29 23:06:02,916 [main] INFO  impl.RaftServerProxy (ConfUtils.java:logGet(43)) - raft.rpc.type = GRPC (default)
2019-08-29 23:06:02,916 [main] INFO  grpc.GrpcFactory (GrpcFactory.java:checkPooledByteBufAllocatorUseCacheForAllThreads(45)) - PERFORMANCE WARNING: useCacheForAllThreads is true that may cause Netty to create a lot garbage objects and, as a result, trigger GC.
	It is recommended to disable useCacheForAllThreads by setting -Dorg.apache.ratis.thirdparty.io.netty.allocator.useCacheForAllThreads=false in command line.
2019-08-29 23:06:02,916 [main] INFO  grpc.GrpcConfigKeys$Server (ConfUtils.java:logGet(43)) - raft.grpc.server.port = 0 (default)
2019-08-29 23:06:02,917 [main] INFO  server.GrpcService (ConfUtils.java:logGet(43)) - raft.grpc.message.size.max = 33570816 (custom)
2019-08-29 23:06:02,917 [main] INFO  server.RaftServerConfigKeys (ConfUtils.java:logGet(43)) - raft.server.log.appender.buffer.byte-limit = 33554432 (custom)
2019-08-29 23:06:02,917 [main] INFO  server.GrpcService (ConfUtils.java:logGet(43)) - raft.grpc.flow.control.window = 1MB (=1048576) (default)
2019-08-29 23:06:02,917 [main] INFO  server.RaftServerConfigKeys (ConfUtils.java:logGet(43)) - raft.server.rpc.request.timeout = 3000ms (default)
2019-08-29 23:06:02,918 [main] INFO  server.RaftServerConfigKeys (ConfUtils.java:logGet(43)) - raft.server.storage.dir = [/workdir/hadoop-ozone/integration-test/target/test-dir/MiniOzoneClusterImpl-fc4714e6-2d25-43ae-aa3c-bb84b829e8c3/datanode-0/data/ratis] (custom)
2019-08-29 23:06:02,919 [main] INFO  hdfs.DFSUtil (DFSUtil.java:httpServerTemplateForNNAndJN(1641)) - Starting Web-server for hddsDatanode at: http://0.0.0.0:0
2019-08-29 23:06:02,921 [main] INFO  server.AuthenticationFilter (AuthenticationFilter.java:constructSecretProvider(240)) - Unable to initialize FileSignerSecretProvider, falling back to use random secrets.
2019-08-29 23:06:02,921 [main] WARN  http.HttpRequestLog (HttpRequestLog.java:getRequestLog(97)) - Jetty request log can only be enabled using Log4j
2019-08-29 23:06:02,922 [main] INFO  http.HttpServer2 (HttpServer2.java:addGlobalFilter(975)) - Added global filter 'safety' (class=org.apache.hadoop.http.HttpServer2$QuotingInputFilter)
2019-08-29 23:06:02,923 [main] INFO  http.HttpServer2 (HttpServer2.java:addFilter(948)) - Added filter static_user_filter (class=org.apache.hadoop.http.lib.StaticUserWebFilter$StaticUserFilter) to context hddsDatanode
2019-08-29 23:06:02,923 [main] INFO  http.HttpServer2 (HttpServer2.java:addFilter(958)) - Added filter static_user_filter (class=org.apache.hadoop.http.lib.StaticUserWebFilter$StaticUserFilter) to context logs
2019-08-29 23:06:02,923 [main] INFO  http.HttpServer2 (HttpServer2.java:addFilter(958)) - Added filter static_user_filter (class=org.apache.hadoop.http.lib.StaticUserWebFilter$StaticUserFilter) to context static
2019-08-29 23:06:02,924 [main] INFO  http.HttpServer2 (HttpServer2.java:bindListener(1191)) - Jetty bound to port 34821
2019-08-29 23:06:02,924 [main] INFO  server.Server (Server.java:doStart(351)) - jetty-9.3.24.v20180605, build timestamp: 2018-06-05T17:11:56Z, git hash: 84205aa28f11a4f31f2a3b86d1bba2cc8ab69827
2019-08-29 23:06:02,926 [main] INFO  handler.ContextHandler (ContextHandler.java:doStart(781)) - Started o.e.j.s.ServletContextHandler@143fefaf{/logs,file:///workdir/hadoop-ozone/integration-test/target/log,AVAILABLE}
2019-08-29 23:06:02,926 [main] INFO  handler.ContextHandler (ContextHandler.java:doStart(781)) - Started o.e.j.s.ServletContextHandler@46468f0{/static,jar:file:/home/user/.m2/repository/org/apache/hadoop/hadoop-hdds-container-service/0.5.0-SNAPSHOT/hadoop-hdds-container-service-0.5.0-SNAPSHOT.jar!/webapps/static,AVAILABLE}
2019-08-29 23:06:02,958 [main] INFO  handler.ContextHandler (ContextHandler.java:doStart(781)) - Started o.e.j.w.WebAppContext@36478bce{/,file:///tmp/jetty-0.0.0.0-34821-hddsDatanode-_-any-1783162641761116605.dir/webapp/,AVAILABLE}{/hddsDatanode}
2019-08-29 23:06:02,958 [main] INFO  server.AbstractConnector (AbstractConnector.java:doStart(278)) - Started ServerConnector@c48b543{HTTP/1.1,[http/1.1]}{0.0.0.0:34821}
2019-08-29 23:06:02,960 [main] INFO  server.Server (Server.java:doStart(419)) - Started @528774ms
2019-08-29 23:06:02,961 [main] INFO  server.BaseHttpServer (BaseHttpServer.java:updateConnectorAddress(213)) - HTTP server of HDDSDATANODE is listening at http://0.0.0.0:34821
2019-08-29 23:06:02,961 [main] INFO  impl.MetricsSystemImpl (MetricsSystemImpl.java:init(158)) - HddsDatanode metrics system started (again)
2019-08-29 23:06:02,963 [org.apache.hadoop.util.JvmPauseMonitor$Monitor@7f828c58] INFO  util.JvmPauseMonitor (JvmPauseMonitor.java:run(188)) - Starting JVM pause monitor
2019-08-29 23:06:02,963 [main] INFO  ozone.HddsDatanodeService (HddsDatanodeService.java:start(184)) - HddsDatanodeService host:pr-hdds-1783-trunk-hq4zp-549785682 ip:192.168.5.176
2019-08-29 23:06:02,965 [Datanode State Machine Thread - 0] INFO  datanode.InitDatanodeState (InitDatanodeState.java:persistContainerDatanodeDetails(140)) - DatanodeDetails is persisted to /workdir/hadoop-ozone/integration-test/target/test-dir/MiniOzoneClusterImpl-fc4714e6-2d25-43ae-aa3c-bb84b829e8c3/datanode-0/meta/datanode.id
2019-08-29 23:06:02,969 [main] INFO  volume.HddsVolume (HddsVolume.java:<init>(176)) - Creating Volume: /workdir/hadoop-ozone/integration-test/target/test-dir/MiniOzoneClusterImpl-fc4714e6-2d25-43ae-aa3c-bb84b829e8c3/datanode-1/data/containers/hdds of  storage type : DISK and capacity : 1482555576320
2019-08-29 23:06:02,969 [main] INFO  volume.VolumeSet (VolumeSet.java:initializeVolumeSet(170)) - Added Volume : /workdir/hadoop-ozone/integration-test/target/test-dir/MiniOzoneClusterImpl-fc4714e6-2d25-43ae-aa3c-bb84b829e8c3/datanode-1/data/containers/hdds to VolumeSet
2019-08-29 23:06:02,969 [main] INFO  volume.ThrottledAsyncChecker (ThrottledAsyncChecker.java:schedule(140)) - Scheduling a check for org.apache.hadoop.ozone.container.common.volume.HddsVolume@3c18942
2019-08-29 23:06:02,970 [main] INFO  volume.HddsVolumeChecker (HddsVolumeChecker.java:checkAllVolumes(203)) - Scheduled health check for volume org.apache.hadoop.ozone.container.common.volume.HddsVolume@3c18942
2019-08-29 23:06:02,983 [main] INFO  impl.RaftServerProxy (ConfUtils.java:logGet(43)) - raft.rpc.type = GRPC (default)
2019-08-29 23:06:02,983 [main] INFO  grpc.GrpcFactory (GrpcFactory.java:checkPooledByteBufAllocatorUseCacheForAllThreads(45)) - PERFORMANCE WARNING: useCacheForAllThreads is true that may cause Netty to create a lot garbage objects and, as a result, trigger GC.
	It is recommended to disable useCacheForAllThreads by setting -Dorg.apache.ratis.thirdparty.io.netty.allocator.useCacheForAllThreads=false in command line.
2019-08-29 23:06:02,983 [main] INFO  grpc.GrpcConfigKeys$Server (ConfUtils.java:logGet(43)) - raft.grpc.server.port = 0 (default)
2019-08-29 23:06:02,984 [main] INFO  server.GrpcService (ConfUtils.java:logGet(43)) - raft.grpc.message.size.max = 33570816 (custom)
2019-08-29 23:06:02,984 [main] INFO  server.RaftServerConfigKeys (ConfUtils.java:logGet(43)) - raft.server.log.appender.buffer.byte-limit = 33554432 (custom)
2019-08-29 23:06:02,984 [main] INFO  server.GrpcService (ConfUtils.java:logGet(43)) - raft.grpc.flow.control.window = 1MB (=1048576) (default)
2019-08-29 23:06:02,984 [main] INFO  server.RaftServerConfigKeys (ConfUtils.java:logGet(43)) - raft.server.rpc.request.timeout = 3000ms (default)
2019-08-29 23:06:02,984 [main] INFO  server.RaftServerConfigKeys (ConfUtils.java:logGet(43)) - raft.server.storage.dir = [/workdir/hadoop-ozone/integration-test/target/test-dir/MiniOzoneClusterImpl-fc4714e6-2d25-43ae-aa3c-bb84b829e8c3/datanode-1/data/ratis] (custom)
2019-08-29 23:06:02,986 [main] INFO  hdfs.DFSUtil (DFSUtil.java:httpServerTemplateForNNAndJN(1641)) - Starting Web-server for hddsDatanode at: http://0.0.0.0:0
2019-08-29 23:06:02,987 [main] INFO  server.AuthenticationFilter (AuthenticationFilter.java:constructSecretProvider(240)) - Unable to initialize FileSignerSecretProvider, falling back to use random secrets.
2019-08-29 23:06:02,987 [main] WARN  http.HttpRequestLog (HttpRequestLog.java:getRequestLog(97)) - Jetty request log can only be enabled using Log4j
2019-08-29 23:06:02,988 [main] INFO  http.HttpServer2 (HttpServer2.java:addGlobalFilter(975)) - Added global filter 'safety' (class=org.apache.hadoop.http.HttpServer2$QuotingInputFilter)
2019-08-29 23:06:02,989 [main] INFO  http.HttpServer2 (HttpServer2.java:addFilter(948)) - Added filter static_user_filter (class=org.apache.hadoop.http.lib.StaticUserWebFilter$StaticUserFilter) to context hddsDatanode
2019-08-29 23:06:02,989 [main] INFO  http.HttpServer2 (HttpServer2.java:addFilter(958)) - Added filter static_user_filter (class=org.apache.hadoop.http.lib.StaticUserWebFilter$StaticUserFilter) to context logs
2019-08-29 23:06:02,989 [main] INFO  http.HttpServer2 (HttpServer2.java:addFilter(958)) - Added filter static_user_filter (class=org.apache.hadoop.http.lib.StaticUserWebFilter$StaticUserFilter) to context static
2019-08-29 23:06:02,990 [main] INFO  http.HttpServer2 (HttpServer2.java:bindListener(1191)) - Jetty bound to port 33928
2019-08-29 23:06:02,990 [main] INFO  server.Server (Server.java:doStart(351)) - jetty-9.3.24.v20180605, build timestamp: 2018-06-05T17:11:56Z, git hash: 84205aa28f11a4f31f2a3b86d1bba2cc8ab69827
2019-08-29 23:06:02,991 [main] INFO  handler.ContextHandler (ContextHandler.java:doStart(781)) - Started o.e.j.s.ServletContextHandler@451e2fa9{/logs,file:///workdir/hadoop-ozone/integration-test/target/log,AVAILABLE}
2019-08-29 23:06:02,992 [main] INFO  handler.ContextHandler (ContextHandler.java:doStart(781)) - Started o.e.j.s.ServletContextHandler@3cb6e0ee{/static,jar:file:/home/user/.m2/repository/org/apache/hadoop/hadoop-hdds-container-service/0.5.0-SNAPSHOT/hadoop-hdds-container-service-0.5.0-SNAPSHOT.jar!/webapps/static,AVAILABLE}
2019-08-29 23:06:03,018 [main] INFO  handler.ContextHandler (ContextHandler.java:doStart(781)) - Started o.e.j.w.WebAppContext@4f5f474c{/,file:///tmp/jetty-0.0.0.0-33928-hddsDatanode-_-any-4275438594279431531.dir/webapp/,AVAILABLE}{/hddsDatanode}
2019-08-29 23:06:03,018 [main] INFO  server.AbstractConnector (AbstractConnector.java:doStart(278)) - Started ServerConnector@58a3d521{HTTP/1.1,[http/1.1]}{0.0.0.0:33928}
2019-08-29 23:06:03,019 [main] INFO  server.Server (Server.java:doStart(419)) - Started @528832ms
2019-08-29 23:06:03,020 [main] INFO  server.BaseHttpServer (BaseHttpServer.java:updateConnectorAddress(213)) - HTTP server of HDDSDATANODE is listening at http://0.0.0.0:33928
2019-08-29 23:06:03,021 [main] INFO  impl.MetricsSystemImpl (MetricsSystemImpl.java:init(158)) - HddsDatanode metrics system started (again)
2019-08-29 23:06:03,023 [main] INFO  ozone.HddsDatanodeService (HddsDatanodeService.java:start(184)) - HddsDatanodeService host:pr-hdds-1783-trunk-hq4zp-549785682 ip:192.168.5.176
2019-08-29 23:06:03,023 [org.apache.hadoop.util.JvmPauseMonitor$Monitor@1786fd00] INFO  util.JvmPauseMonitor (JvmPauseMonitor.java:run(188)) - Starting JVM pause monitor
2019-08-29 23:06:03,024 [Datanode State Machine Thread - 0] INFO  datanode.InitDatanodeState (InitDatanodeState.java:persistContainerDatanodeDetails(140)) - DatanodeDetails is persisted to /workdir/hadoop-ozone/integration-test/target/test-dir/MiniOzoneClusterImpl-fc4714e6-2d25-43ae-aa3c-bb84b829e8c3/datanode-1/meta/datanode.id
2019-08-29 23:06:03,028 [main] INFO  volume.HddsVolume (HddsVolume.java:<init>(176)) - Creating Volume: /workdir/hadoop-ozone/integration-test/target/test-dir/MiniOzoneClusterImpl-fc4714e6-2d25-43ae-aa3c-bb84b829e8c3/datanode-2/data/containers/hdds of  storage type : DISK and capacity : 1482555576320
2019-08-29 23:06:03,028 [main] INFO  volume.VolumeSet (VolumeSet.java:initializeVolumeSet(170)) - Added Volume : /workdir/hadoop-ozone/integration-test/target/test-dir/MiniOzoneClusterImpl-fc4714e6-2d25-43ae-aa3c-bb84b829e8c3/datanode-2/data/containers/hdds to VolumeSet
2019-08-29 23:06:03,028 [main] INFO  volume.ThrottledAsyncChecker (ThrottledAsyncChecker.java:schedule(140)) - Scheduling a check for org.apache.hadoop.ozone.container.common.volume.HddsVolume@11810917
2019-08-29 23:06:03,029 [main] INFO  volume.HddsVolumeChecker (HddsVolumeChecker.java:checkAllVolumes(203)) - Scheduled health check for volume org.apache.hadoop.ozone.container.common.volume.HddsVolume@11810917
2019-08-29 23:06:03,041 [main] INFO  impl.RaftServerProxy (ConfUtils.java:logGet(43)) - raft.rpc.type = GRPC (default)
2019-08-29 23:06:03,042 [main] INFO  grpc.GrpcFactory (GrpcFactory.java:checkPooledByteBufAllocatorUseCacheForAllThreads(45)) - PERFORMANCE WARNING: useCacheForAllThreads is true that may cause Netty to create a lot garbage objects and, as a result, trigger GC.
	It is recommended to disable useCacheForAllThreads by setting -Dorg.apache.ratis.thirdparty.io.netty.allocator.useCacheForAllThreads=false in command line.
2019-08-29 23:06:03,042 [main] INFO  grpc.GrpcConfigKeys$Server (ConfUtils.java:logGet(43)) - raft.grpc.server.port = 0 (default)
2019-08-29 23:06:03,042 [main] INFO  server.GrpcService (ConfUtils.java:logGet(43)) - raft.grpc.message.size.max = 33570816 (custom)
2019-08-29 23:06:03,042 [main] INFO  server.RaftServerConfigKeys (ConfUtils.java:logGet(43)) - raft.server.log.appender.buffer.byte-limit = 33554432 (custom)
2019-08-29 23:06:03,042 [main] INFO  server.GrpcService (ConfUtils.java:logGet(43)) - raft.grpc.flow.control.window = 1MB (=1048576) (default)
2019-08-29 23:06:03,042 [main] INFO  server.RaftServerConfigKeys (ConfUtils.java:logGet(43)) - raft.server.rpc.request.timeout = 3000ms (default)
2019-08-29 23:06:03,043 [main] INFO  server.RaftServerConfigKeys (ConfUtils.java:logGet(43)) - raft.server.storage.dir = [/workdir/hadoop-ozone/integration-test/target/test-dir/MiniOzoneClusterImpl-fc4714e6-2d25-43ae-aa3c-bb84b829e8c3/datanode-2/data/ratis] (custom)
2019-08-29 23:06:03,044 [main] INFO  hdfs.DFSUtil (DFSUtil.java:httpServerTemplateForNNAndJN(1641)) - Starting Web-server for hddsDatanode at: http://0.0.0.0:0
2019-08-29 23:06:03,045 [main] INFO  server.AuthenticationFilter (AuthenticationFilter.java:constructSecretProvider(240)) - Unable to initialize FileSignerSecretProvider, falling back to use random secrets.
2019-08-29 23:06:03,045 [main] WARN  http.HttpRequestLog (HttpRequestLog.java:getRequestLog(97)) - Jetty request log can only be enabled using Log4j
2019-08-29 23:06:03,047 [main] INFO  http.HttpServer2 (HttpServer2.java:addGlobalFilter(975)) - Added global filter 'safety' (class=org.apache.hadoop.http.HttpServer2$QuotingInputFilter)
2019-08-29 23:06:03,047 [main] INFO  http.HttpServer2 (HttpServer2.java:addFilter(948)) - Added filter static_user_filter (class=org.apache.hadoop.http.lib.StaticUserWebFilter$StaticUserFilter) to context hddsDatanode
2019-08-29 23:06:03,047 [main] INFO  http.HttpServer2 (HttpServer2.java:addFilter(958)) - Added filter static_user_filter (class=org.apache.hadoop.http.lib.StaticUserWebFilter$StaticUserFilter) to context static
2019-08-29 23:06:03,047 [main] INFO  http.HttpServer2 (HttpServer2.java:addFilter(958)) - Added filter static_user_filter (class=org.apache.hadoop.http.lib.StaticUserWebFilter$StaticUserFilter) to context logs
2019-08-29 23:06:03,048 [main] INFO  http.HttpServer2 (HttpServer2.java:bindListener(1191)) - Jetty bound to port 33981
2019-08-29 23:06:03,048 [main] INFO  server.Server (Server.java:doStart(351)) - jetty-9.3.24.v20180605, build timestamp: 2018-06-05T17:11:56Z, git hash: 84205aa28f11a4f31f2a3b86d1bba2cc8ab69827
2019-08-29 23:06:03,049 [main] INFO  handler.ContextHandler (ContextHandler.java:doStart(781)) - Started o.e.j.s.ServletContextHandler@224d86d2{/logs,file:///workdir/hadoop-ozone/integration-test/target/log,AVAILABLE}
2019-08-29 23:06:03,050 [main] INFO  handler.ContextHandler (ContextHandler.java:doStart(781)) - Started o.e.j.s.ServletContextHandler@2aea717c{/static,jar:file:/home/user/.m2/repository/org/apache/hadoop/hadoop-hdds-container-service/0.5.0-SNAPSHOT/hadoop-hdds-container-service-0.5.0-SNAPSHOT.jar!/webapps/static,AVAILABLE}
2019-08-29 23:06:03,076 [main] INFO  handler.ContextHandler (ContextHandler.java:doStart(781)) - Started o.e.j.w.WebAppContext@37e7c4cc{/,file:///tmp/jetty-0.0.0.0-33981-hddsDatanode-_-any-4703550658226882059.dir/webapp/,AVAILABLE}{/hddsDatanode}
2019-08-29 23:06:03,076 [main] INFO  server.AbstractConnector (AbstractConnector.java:doStart(278)) - Started ServerConnector@3a40bb52{HTTP/1.1,[http/1.1]}{0.0.0.0:33981}
2019-08-29 23:06:03,076 [main] INFO  server.Server (Server.java:doStart(419)) - Started @528890ms
2019-08-29 23:06:03,078 [main] INFO  server.BaseHttpServer (BaseHttpServer.java:updateConnectorAddress(213)) - HTTP server of HDDSDATANODE is listening at http://0.0.0.0:33981
2019-08-29 23:06:03,078 [main] INFO  impl.MetricsSystemImpl (MetricsSystemImpl.java:init(158)) - HddsDatanode metrics system started (again)
2019-08-29 23:06:03,080 [main] INFO  ozone.HddsDatanodeService (HddsDatanodeService.java:start(184)) - HddsDatanodeService host:pr-hdds-1783-trunk-hq4zp-549785682 ip:192.168.5.176
2019-08-29 23:06:03,081 [org.apache.hadoop.util.JvmPauseMonitor$Monitor@232034a9] INFO  util.JvmPauseMonitor (JvmPauseMonitor.java:run(188)) - Starting JVM pause monitor
2019-08-29 23:06:03,082 [Datanode State Machine Thread - 0] INFO  datanode.InitDatanodeState (InitDatanodeState.java:persistContainerDatanodeDetails(140)) - DatanodeDetails is persisted to /workdir/hadoop-ozone/integration-test/target/test-dir/MiniOzoneClusterImpl-fc4714e6-2d25-43ae-aa3c-bb84b829e8c3/datanode-2/meta/datanode.id
2019-08-29 23:06:03,086 [main] INFO  volume.HddsVolume (HddsVolume.java:<init>(176)) - Creating Volume: /workdir/hadoop-ozone/integration-test/target/test-dir/MiniOzoneClusterImpl-fc4714e6-2d25-43ae-aa3c-bb84b829e8c3/datanode-3/data/containers/hdds of  storage type : DISK and capacity : 1482555576320
2019-08-29 23:06:03,086 [main] INFO  volume.VolumeSet (VolumeSet.java:initializeVolumeSet(170)) - Added Volume : /workdir/hadoop-ozone/integration-test/target/test-dir/MiniOzoneClusterImpl-fc4714e6-2d25-43ae-aa3c-bb84b829e8c3/datanode-3/data/containers/hdds to VolumeSet
2019-08-29 23:06:03,086 [main] INFO  volume.ThrottledAsyncChecker (ThrottledAsyncChecker.java:schedule(140)) - Scheduling a check for org.apache.hadoop.ozone.container.common.volume.HddsVolume@78c74647
2019-08-29 23:06:03,086 [main] INFO  volume.HddsVolumeChecker (HddsVolumeChecker.java:checkAllVolumes(203)) - Scheduled health check for volume org.apache.hadoop.ozone.container.common.volume.HddsVolume@78c74647
2019-08-29 23:06:03,099 [main] INFO  impl.RaftServerProxy (ConfUtils.java:logGet(43)) - raft.rpc.type = GRPC (default)
2019-08-29 23:06:03,099 [main] INFO  grpc.GrpcFactory (GrpcFactory.java:checkPooledByteBufAllocatorUseCacheForAllThreads(45)) - PERFORMANCE WARNING: useCacheForAllThreads is true that may cause Netty to create a lot garbage objects and, as a result, trigger GC.
	It is recommended to disable useCacheForAllThreads by setting -Dorg.apache.ratis.thirdparty.io.netty.allocator.useCacheForAllThreads=false in command line.
2019-08-29 23:06:03,099 [main] INFO  grpc.GrpcConfigKeys$Server (ConfUtils.java:logGet(43)) - raft.grpc.server.port = 0 (default)
2019-08-29 23:06:03,100 [main] INFO  server.GrpcService (ConfUtils.java:logGet(43)) - raft.grpc.message.size.max = 33570816 (custom)
2019-08-29 23:06:03,100 [main] INFO  server.RaftServerConfigKeys (ConfUtils.java:logGet(43)) - raft.server.log.appender.buffer.byte-limit = 33554432 (custom)
2019-08-29 23:06:03,100 [main] INFO  server.GrpcService (ConfUtils.java:logGet(43)) - raft.grpc.flow.control.window = 1MB (=1048576) (default)
2019-08-29 23:06:03,100 [main] INFO  server.RaftServerConfigKeys (ConfUtils.java:logGet(43)) - raft.server.rpc.request.timeout = 3000ms (default)
2019-08-29 23:06:03,100 [main] INFO  server.RaftServerConfigKeys (ConfUtils.java:logGet(43)) - raft.server.storage.dir = [/workdir/hadoop-ozone/integration-test/target/test-dir/MiniOzoneClusterImpl-fc4714e6-2d25-43ae-aa3c-bb84b829e8c3/datanode-3/data/ratis] (custom)
2019-08-29 23:06:03,102 [main] INFO  hdfs.DFSUtil (DFSUtil.java:httpServerTemplateForNNAndJN(1641)) - Starting Web-server for hddsDatanode at: http://0.0.0.0:0
2019-08-29 23:06:03,103 [main] INFO  server.AuthenticationFilter (AuthenticationFilter.java:constructSecretProvider(240)) - Unable to initialize FileSignerSecretProvider, falling back to use random secrets.
2019-08-29 23:06:03,103 [main] WARN  http.HttpRequestLog (HttpRequestLog.java:getRequestLog(97)) - Jetty request log can only be enabled using Log4j
2019-08-29 23:06:03,104 [main] INFO  http.HttpServer2 (HttpServer2.java:addGlobalFilter(975)) - Added global filter 'safety' (class=org.apache.hadoop.http.HttpServer2$QuotingInputFilter)
2019-08-29 23:06:03,105 [main] INFO  http.HttpServer2 (HttpServer2.java:addFilter(948)) - Added filter static_user_filter (class=org.apache.hadoop.http.lib.StaticUserWebFilter$StaticUserFilter) to context hddsDatanode
2019-08-29 23:06:03,105 [main] INFO  http.HttpServer2 (HttpServer2.java:addFilter(958)) - Added filter static_user_filter (class=org.apache.hadoop.http.lib.StaticUserWebFilter$StaticUserFilter) to context static
2019-08-29 23:06:03,105 [main] INFO  http.HttpServer2 (HttpServer2.java:addFilter(958)) - Added filter static_user_filter (class=org.apache.hadoop.http.lib.StaticUserWebFilter$StaticUserFilter) to context logs
2019-08-29 23:06:03,105 [main] INFO  http.HttpServer2 (HttpServer2.java:bindListener(1191)) - Jetty bound to port 35010
2019-08-29 23:06:03,106 [main] INFO  server.Server (Server.java:doStart(351)) - jetty-9.3.24.v20180605, build timestamp: 2018-06-05T17:11:56Z, git hash: 84205aa28f11a4f31f2a3b86d1bba2cc8ab69827
2019-08-29 23:06:03,107 [main] INFO  handler.ContextHandler (ContextHandler.java:doStart(781)) - Started o.e.j.s.ServletContextHandler@624b3544{/logs,file:///workdir/hadoop-ozone/integration-test/target/log,AVAILABLE}
2019-08-29 23:06:03,107 [main] INFO  handler.ContextHandler (ContextHandler.java:doStart(781)) - Started o.e.j.s.ServletContextHandler@2c9fdb64{/static,jar:file:/home/user/.m2/repository/org/apache/hadoop/hadoop-hdds-container-service/0.5.0-SNAPSHOT/hadoop-hdds-container-service-0.5.0-SNAPSHOT.jar!/webapps/static,AVAILABLE}
2019-08-29 23:06:03,134 [main] INFO  handler.ContextHandler (ContextHandler.java:doStart(781)) - Started o.e.j.w.WebAppContext@27f71195{/,file:///tmp/jetty-0.0.0.0-35010-hddsDatanode-_-any-4223047673145688882.dir/webapp/,AVAILABLE}{/hddsDatanode}
2019-08-29 23:06:03,134 [main] INFO  server.AbstractConnector (AbstractConnector.java:doStart(278)) - Started ServerConnector@340afaf8{HTTP/1.1,[http/1.1]}{0.0.0.0:35010}
2019-08-29 23:06:03,135 [main] INFO  server.Server (Server.java:doStart(419)) - Started @528949ms
2019-08-29 23:06:03,136 [main] INFO  server.BaseHttpServer (BaseHttpServer.java:updateConnectorAddress(213)) - HTTP server of HDDSDATANODE is listening at http://0.0.0.0:35010
2019-08-29 23:06:03,136 [main] INFO  impl.MetricsSystemImpl (MetricsSystemImpl.java:init(158)) - HddsDatanode metrics system started (again)
2019-08-29 23:06:03,138 [main] INFO  ozone.HddsDatanodeService (HddsDatanodeService.java:start(184)) - HddsDatanodeService host:pr-hdds-1783-trunk-hq4zp-549785682 ip:192.168.5.176
2019-08-29 23:06:03,139 [org.apache.hadoop.util.JvmPauseMonitor$Monitor@2abdbfdd] INFO  util.JvmPauseMonitor (JvmPauseMonitor.java:run(188)) - Starting JVM pause monitor
2019-08-29 23:06:03,140 [Datanode State Machine Thread - 0] INFO  datanode.InitDatanodeState (InitDatanodeState.java:persistContainerDatanodeDetails(140)) - DatanodeDetails is persisted to /workdir/hadoop-ozone/integration-test/target/test-dir/MiniOzoneClusterImpl-fc4714e6-2d25-43ae-aa3c-bb84b829e8c3/datanode-3/meta/datanode.id
2019-08-29 23:06:03,144 [main] INFO  volume.HddsVolume (HddsVolume.java:<init>(176)) - Creating Volume: /workdir/hadoop-ozone/integration-test/target/test-dir/MiniOzoneClusterImpl-fc4714e6-2d25-43ae-aa3c-bb84b829e8c3/datanode-4/data/containers/hdds of  storage type : DISK and capacity : 1482555576320
2019-08-29 23:06:03,145 [main] INFO  volume.VolumeSet (VolumeSet.java:initializeVolumeSet(170)) - Added Volume : /workdir/hadoop-ozone/integration-test/target/test-dir/MiniOzoneClusterImpl-fc4714e6-2d25-43ae-aa3c-bb84b829e8c3/datanode-4/data/containers/hdds to VolumeSet
2019-08-29 23:06:03,145 [main] INFO  volume.ThrottledAsyncChecker (ThrottledAsyncChecker.java:schedule(140)) - Scheduling a check for org.apache.hadoop.ozone.container.common.volume.HddsVolume@2ce524d2
2019-08-29 23:06:03,145 [main] INFO  volume.HddsVolumeChecker (HddsVolumeChecker.java:checkAllVolumes(203)) - Scheduled health check for volume org.apache.hadoop.ozone.container.common.volume.HddsVolume@2ce524d2
2019-08-29 23:06:03,160 [main] INFO  impl.RaftServerProxy (ConfUtils.java:logGet(43)) - raft.rpc.type = GRPC (default)
2019-08-29 23:06:03,160 [main] INFO  grpc.GrpcFactory (GrpcFactory.java:checkPooledByteBufAllocatorUseCacheForAllThreads(45)) - PERFORMANCE WARNING: useCacheForAllThreads is true that may cause Netty to create a lot garbage objects and, as a result, trigger GC.
	It is recommended to disable useCacheForAllThreads by setting -Dorg.apache.ratis.thirdparty.io.netty.allocator.useCacheForAllThreads=false in command line.
2019-08-29 23:06:03,160 [main] INFO  grpc.GrpcConfigKeys$Server (ConfUtils.java:logGet(43)) - raft.grpc.server.port = 0 (default)
2019-08-29 23:06:03,161 [main] INFO  server.GrpcService (ConfUtils.java:logGet(43)) - raft.grpc.message.size.max = 33570816 (custom)
2019-08-29 23:06:03,161 [main] INFO  server.RaftServerConfigKeys (ConfUtils.java:logGet(43)) - raft.server.log.appender.buffer.byte-limit = 33554432 (custom)
2019-08-29 23:06:03,161 [main] INFO  server.GrpcService (ConfUtils.java:logGet(43)) - raft.grpc.flow.control.window = 1MB (=1048576) (default)
2019-08-29 23:06:03,161 [main] INFO  server.RaftServerConfigKeys (ConfUtils.java:logGet(43)) - raft.server.rpc.request.timeout = 3000ms (default)
2019-08-29 23:06:03,161 [main] INFO  server.RaftServerConfigKeys (ConfUtils.java:logGet(43)) - raft.server.storage.dir = [/workdir/hadoop-ozone/integration-test/target/test-dir/MiniOzoneClusterImpl-fc4714e6-2d25-43ae-aa3c-bb84b829e8c3/datanode-4/data/ratis] (custom)
2019-08-29 23:06:03,163 [main] INFO  hdfs.DFSUtil (DFSUtil.java:httpServerTemplateForNNAndJN(1641)) - Starting Web-server for hddsDatanode at: http://0.0.0.0:0
2019-08-29 23:06:03,164 [main] INFO  server.AuthenticationFilter (AuthenticationFilter.java:constructSecretProvider(240)) - Unable to initialize FileSignerSecretProvider, falling back to use random secrets.
2019-08-29 23:06:03,164 [main] WARN  http.HttpRequestLog (HttpRequestLog.java:getRequestLog(97)) - Jetty request log can only be enabled using Log4j
2019-08-29 23:06:03,165 [main] INFO  http.HttpServer2 (HttpServer2.java:addGlobalFilter(975)) - Added global filter 'safety' (class=org.apache.hadoop.http.HttpServer2$QuotingInputFilter)
2019-08-29 23:06:03,165 [main] INFO  http.HttpServer2 (HttpServer2.java:addFilter(948)) - Added filter static_user_filter (class=org.apache.hadoop.http.lib.StaticUserWebFilter$StaticUserFilter) to context hddsDatanode
2019-08-29 23:06:03,166 [main] INFO  http.HttpServer2 (HttpServer2.java:addFilter(958)) - Added filter static_user_filter (class=org.apache.hadoop.http.lib.StaticUserWebFilter$StaticUserFilter) to context logs
2019-08-29 23:06:03,166 [main] INFO  http.HttpServer2 (HttpServer2.java:addFilter(958)) - Added filter static_user_filter (class=org.apache.hadoop.http.lib.StaticUserWebFilter$StaticUserFilter) to context static
2019-08-29 23:06:03,166 [main] INFO  http.HttpServer2 (HttpServer2.java:bindListener(1191)) - Jetty bound to port 41803
2019-08-29 23:06:03,166 [main] INFO  server.Server (Server.java:doStart(351)) - jetty-9.3.24.v20180605, build timestamp: 2018-06-05T17:11:56Z, git hash: 84205aa28f11a4f31f2a3b86d1bba2cc8ab69827
2019-08-29 23:06:03,168 [main] INFO  handler.ContextHandler (ContextHandler.java:doStart(781)) - Started o.e.j.s.ServletContextHandler@70be89ec{/logs,file:///workdir/hadoop-ozone/integration-test/target/log,AVAILABLE}
2019-08-29 23:06:03,168 [main] INFO  handler.ContextHandler (ContextHandler.java:doStart(781)) - Started o.e.j.s.ServletContextHandler@19a5b637{/static,jar:file:/home/user/.m2/repository/org/apache/hadoop/hadoop-hdds-container-service/0.5.0-SNAPSHOT/hadoop-hdds-container-service-0.5.0-SNAPSHOT.jar!/webapps/static,AVAILABLE}
2019-08-29 23:06:03,231 [main] INFO  handler.ContextHandler (ContextHandler.java:doStart(781)) - Started o.e.j.w.WebAppContext@2fde9469{/,file:///tmp/jetty-0.0.0.0-41803-hddsDatanode-_-any-9103747498443270954.dir/webapp/,AVAILABLE}{/hddsDatanode}
2019-08-29 23:06:03,231 [main] INFO  server.AbstractConnector (AbstractConnector.java:doStart(278)) - Started ServerConnector@1ecf0ac6{HTTP/1.1,[http/1.1]}{0.0.0.0:41803}
2019-08-29 23:06:03,232 [main] INFO  server.Server (Server.java:doStart(419)) - Started @529046ms
2019-08-29 23:06:03,234 [main] INFO  server.BaseHttpServer (BaseHttpServer.java:updateConnectorAddress(213)) - HTTP server of HDDSDATANODE is listening at http://0.0.0.0:41803
2019-08-29 23:06:03,234 [main] INFO  impl.MetricsSystemImpl (MetricsSystemImpl.java:init(158)) - HddsDatanode metrics system started (again)
2019-08-29 23:06:03,238 [org.apache.hadoop.util.JvmPauseMonitor$Monitor@23ebbf0b] INFO  util.JvmPauseMonitor (JvmPauseMonitor.java:run(188)) - Starting JVM pause monitor
2019-08-29 23:06:03,239 [main] INFO  ozone.HddsDatanodeService (HddsDatanodeService.java:start(184)) - HddsDatanodeService host:pr-hdds-1783-trunk-hq4zp-549785682 ip:192.168.5.176
2019-08-29 23:06:03,240 [Datanode State Machine Thread - 0] INFO  datanode.InitDatanodeState (InitDatanodeState.java:persistContainerDatanodeDetails(140)) - DatanodeDetails is persisted to /workdir/hadoop-ozone/integration-test/target/test-dir/MiniOzoneClusterImpl-fc4714e6-2d25-43ae-aa3c-bb84b829e8c3/datanode-4/meta/datanode.id
2019-08-29 23:06:03,246 [main] INFO  volume.HddsVolume (HddsVolume.java:<init>(176)) - Creating Volume: /workdir/hadoop-ozone/integration-test/target/test-dir/MiniOzoneClusterImpl-fc4714e6-2d25-43ae-aa3c-bb84b829e8c3/datanode-5/data/containers/hdds of  storage type : DISK and capacity : 1482555576320
2019-08-29 23:06:03,246 [main] INFO  volume.VolumeSet (VolumeSet.java:initializeVolumeSet(170)) - Added Volume : /workdir/hadoop-ozone/integration-test/target/test-dir/MiniOzoneClusterImpl-fc4714e6-2d25-43ae-aa3c-bb84b829e8c3/datanode-5/data/containers/hdds to VolumeSet
2019-08-29 23:06:03,247 [main] INFO  volume.ThrottledAsyncChecker (ThrottledAsyncChecker.java:schedule(140)) - Scheduling a check for org.apache.hadoop.ozone.container.common.volume.HddsVolume@30508066
2019-08-29 23:06:03,247 [main] INFO  volume.HddsVolumeChecker (HddsVolumeChecker.java:checkAllVolumes(203)) - Scheduled health check for volume org.apache.hadoop.ozone.container.common.volume.HddsVolume@30508066
2019-08-29 23:06:03,266 [main] INFO  impl.RaftServerProxy (ConfUtils.java:logGet(43)) - raft.rpc.type = GRPC (default)
2019-08-29 23:06:03,267 [main] INFO  grpc.GrpcFactory (GrpcFactory.java:checkPooledByteBufAllocatorUseCacheForAllThreads(45)) - PERFORMANCE WARNING: useCacheForAllThreads is true that may cause Netty to create a lot garbage objects and, as a result, trigger GC.
	It is recommended to disable useCacheForAllThreads by setting -Dorg.apache.ratis.thirdparty.io.netty.allocator.useCacheForAllThreads=false in command line.
2019-08-29 23:06:03,267 [main] INFO  grpc.GrpcConfigKeys$Server (ConfUtils.java:logGet(43)) - raft.grpc.server.port = 0 (default)
2019-08-29 23:06:03,267 [main] INFO  server.GrpcService (ConfUtils.java:logGet(43)) - raft.grpc.message.size.max = 33570816 (custom)
2019-08-29 23:06:03,268 [main] INFO  server.RaftServerConfigKeys (ConfUtils.java:logGet(43)) - raft.server.log.appender.buffer.byte-limit = 33554432 (custom)
2019-08-29 23:06:03,268 [main] INFO  server.GrpcService (ConfUtils.java:logGet(43)) - raft.grpc.flow.control.window = 1MB (=1048576) (default)
2019-08-29 23:06:03,268 [main] INFO  server.RaftServerConfigKeys (ConfUtils.java:logGet(43)) - raft.server.rpc.request.timeout = 3000ms (default)
2019-08-29 23:06:03,269 [main] INFO  server.RaftServerConfigKeys (ConfUtils.java:logGet(43)) - raft.server.storage.dir = [/workdir/hadoop-ozone/integration-test/target/test-dir/MiniOzoneClusterImpl-fc4714e6-2d25-43ae-aa3c-bb84b829e8c3/datanode-5/data/ratis] (custom)
2019-08-29 23:06:03,270 [main] INFO  hdfs.DFSUtil (DFSUtil.java:httpServerTemplateForNNAndJN(1641)) - Starting Web-server for hddsDatanode at: http://0.0.0.0:0
2019-08-29 23:06:03,272 [main] INFO  server.AuthenticationFilter (AuthenticationFilter.java:constructSecretProvider(240)) - Unable to initialize FileSignerSecretProvider, falling back to use random secrets.
2019-08-29 23:06:03,272 [main] WARN  http.HttpRequestLog (HttpRequestLog.java:getRequestLog(97)) - Jetty request log can only be enabled using Log4j
2019-08-29 23:06:03,274 [main] INFO  http.HttpServer2 (HttpServer2.java:addGlobalFilter(975)) - Added global filter 'safety' (class=org.apache.hadoop.http.HttpServer2$QuotingInputFilter)
2019-08-29 23:06:03,274 [main] INFO  http.HttpServer2 (HttpServer2.java:addFilter(948)) - Added filter static_user_filter (class=org.apache.hadoop.http.lib.StaticUserWebFilter$StaticUserFilter) to context hddsDatanode
2019-08-29 23:06:03,275 [main] INFO  http.HttpServer2 (HttpServer2.java:addFilter(958)) - Added filter static_user_filter (class=org.apache.hadoop.http.lib.StaticUserWebFilter$StaticUserFilter) to context logs
2019-08-29 23:06:03,275 [main] INFO  http.HttpServer2 (HttpServer2.java:addFilter(958)) - Added filter static_user_filter (class=org.apache.hadoop.http.lib.StaticUserWebFilter$StaticUserFilter) to context static
2019-08-29 23:06:03,276 [main] INFO  http.HttpServer2 (HttpServer2.java:bindListener(1191)) - Jetty bound to port 43189
2019-08-29 23:06:03,276 [main] INFO  server.Server (Server.java:doStart(351)) - jetty-9.3.24.v20180605, build timestamp: 2018-06-05T17:11:56Z, git hash: 84205aa28f11a4f31f2a3b86d1bba2cc8ab69827
2019-08-29 23:06:03,278 [main] INFO  handler.ContextHandler (ContextHandler.java:doStart(781)) - Started o.e.j.s.ServletContextHandler@5329f6b3{/logs,file:///workdir/hadoop-ozone/integration-test/target/log,AVAILABLE}
2019-08-29 23:06:03,278 [main] INFO  handler.ContextHandler (ContextHandler.java:doStart(781)) - Started o.e.j.s.ServletContextHandler@77324a58{/static,jar:file:/home/user/.m2/repository/org/apache/hadoop/hadoop-hdds-container-service/0.5.0-SNAPSHOT/hadoop-hdds-container-service-0.5.0-SNAPSHOT.jar!/webapps/static,AVAILABLE}
2019-08-29 23:06:03,313 [main] INFO  handler.ContextHandler (ContextHandler.java:doStart(781)) - Started o.e.j.w.WebAppContext@35563e4c{/,file:///tmp/jetty-0.0.0.0-43189-hddsDatanode-_-any-7864119226228638467.dir/webapp/,AVAILABLE}{/hddsDatanode}
2019-08-29 23:06:03,313 [main] INFO  server.AbstractConnector (AbstractConnector.java:doStart(278)) - Started ServerConnector@6dd79214{HTTP/1.1,[http/1.1]}{0.0.0.0:43189}
2019-08-29 23:06:03,315 [main] INFO  server.Server (Server.java:doStart(419)) - Started @529129ms
2019-08-29 23:06:03,316 [main] INFO  server.BaseHttpServer (BaseHttpServer.java:updateConnectorAddress(213)) - HTTP server of HDDSDATANODE is listening at http://0.0.0.0:43189
2019-08-29 23:06:03,316 [main] INFO  impl.MetricsSystemImpl (MetricsSystemImpl.java:init(158)) - HddsDatanode metrics system started (again)
2019-08-29 23:06:03,320 [org.apache.hadoop.util.JvmPauseMonitor$Monitor@79ffb5bd] INFO  util.JvmPauseMonitor (JvmPauseMonitor.java:run(188)) - Starting JVM pause monitor
2019-08-29 23:06:03,320 [main] INFO  ozone.HddsDatanodeService (HddsDatanodeService.java:start(184)) - HddsDatanodeService host:pr-hdds-1783-trunk-hq4zp-549785682 ip:192.168.5.176
2019-08-29 23:06:03,321 [Datanode State Machine Thread - 0] INFO  datanode.InitDatanodeState (InitDatanodeState.java:persistContainerDatanodeDetails(140)) - DatanodeDetails is persisted to /workdir/hadoop-ozone/integration-test/target/test-dir/MiniOzoneClusterImpl-fc4714e6-2d25-43ae-aa3c-bb84b829e8c3/datanode-5/meta/datanode.id
2019-08-29 23:06:03,326 [main] INFO  volume.HddsVolume (HddsVolume.java:<init>(176)) - Creating Volume: /workdir/hadoop-ozone/integration-test/target/test-dir/MiniOzoneClusterImpl-fc4714e6-2d25-43ae-aa3c-bb84b829e8c3/datanode-6/data/containers/hdds of  storage type : DISK and capacity : 1482555576320
2019-08-29 23:06:03,327 [main] INFO  volume.VolumeSet (VolumeSet.java:initializeVolumeSet(170)) - Added Volume : /workdir/hadoop-ozone/integration-test/target/test-dir/MiniOzoneClusterImpl-fc4714e6-2d25-43ae-aa3c-bb84b829e8c3/datanode-6/data/containers/hdds to VolumeSet
2019-08-29 23:06:03,327 [main] INFO  volume.ThrottledAsyncChecker (ThrottledAsyncChecker.java:schedule(140)) - Scheduling a check for org.apache.hadoop.ozone.container.common.volume.HddsVolume@19fbc594
2019-08-29 23:06:03,327 [main] INFO  volume.HddsVolumeChecker (HddsVolumeChecker.java:checkAllVolumes(203)) - Scheduled health check for volume org.apache.hadoop.ozone.container.common.volume.HddsVolume@19fbc594
2019-08-29 23:06:03,342 [main] INFO  impl.RaftServerProxy (ConfUtils.java:logGet(43)) - raft.rpc.type = GRPC (default)
2019-08-29 23:06:03,342 [main] INFO  grpc.GrpcFactory (GrpcFactory.java:checkPooledByteBufAllocatorUseCacheForAllThreads(45)) - PERFORMANCE WARNING: useCacheForAllThreads is true that may cause Netty to create a lot garbage objects and, as a result, trigger GC.
	It is recommended to disable useCacheForAllThreads by setting -Dorg.apache.ratis.thirdparty.io.netty.allocator.useCacheForAllThreads=false in command line.
2019-08-29 23:06:03,342 [main] INFO  grpc.GrpcConfigKeys$Server (ConfUtils.java:logGet(43)) - raft.grpc.server.port = 0 (default)
2019-08-29 23:06:03,342 [main] INFO  server.GrpcService (ConfUtils.java:logGet(43)) - raft.grpc.message.size.max = 33570816 (custom)
2019-08-29 23:06:03,343 [main] INFO  server.RaftServerConfigKeys (ConfUtils.java:logGet(43)) - raft.server.log.appender.buffer.byte-limit = 33554432 (custom)
2019-08-29 23:06:03,343 [main] INFO  server.GrpcService (ConfUtils.java:logGet(43)) - raft.grpc.flow.control.window = 1MB (=1048576) (default)
2019-08-29 23:06:03,343 [main] INFO  server.RaftServerConfigKeys (ConfUtils.java:logGet(43)) - raft.server.rpc.request.timeout = 3000ms (default)
2019-08-29 23:06:03,343 [main] INFO  server.RaftServerConfigKeys (ConfUtils.java:logGet(43)) - raft.server.storage.dir = [/workdir/hadoop-ozone/integration-test/target/test-dir/MiniOzoneClusterImpl-fc4714e6-2d25-43ae-aa3c-bb84b829e8c3/datanode-6/data/ratis] (custom)
2019-08-29 23:06:03,345 [main] INFO  hdfs.DFSUtil (DFSUtil.java:httpServerTemplateForNNAndJN(1641)) - Starting Web-server for hddsDatanode at: http://0.0.0.0:0
2019-08-29 23:06:03,346 [main] INFO  server.AuthenticationFilter (AuthenticationFilter.java:constructSecretProvider(240)) - Unable to initialize FileSignerSecretProvider, falling back to use random secrets.
2019-08-29 23:06:03,346 [main] WARN  http.HttpRequestLog (HttpRequestLog.java:getRequestLog(97)) - Jetty request log can only be enabled using Log4j
2019-08-29 23:06:03,347 [main] INFO  http.HttpServer2 (HttpServer2.java:addGlobalFilter(975)) - Added global filter 'safety' (class=org.apache.hadoop.http.HttpServer2$QuotingInputFilter)
2019-08-29 23:06:03,348 [main] INFO  http.HttpServer2 (HttpServer2.java:addFilter(948)) - Added filter static_user_filter (class=org.apache.hadoop.http.lib.StaticUserWebFilter$StaticUserFilter) to context hddsDatanode
2019-08-29 23:06:03,348 [main] INFO  http.HttpServer2 (HttpServer2.java:addFilter(958)) - Added filter static_user_filter (class=org.apache.hadoop.http.lib.StaticUserWebFilter$StaticUserFilter) to context static
2019-08-29 23:06:03,348 [main] INFO  http.HttpServer2 (HttpServer2.java:addFilter(958)) - Added filter static_user_filter (class=org.apache.hadoop.http.lib.StaticUserWebFilter$StaticUserFilter) to context logs
2019-08-29 23:06:03,349 [main] INFO  http.HttpServer2 (HttpServer2.java:bindListener(1191)) - Jetty bound to port 43228
2019-08-29 23:06:03,349 [main] INFO  server.Server (Server.java:doStart(351)) - jetty-9.3.24.v20180605, build timestamp: 2018-06-05T17:11:56Z, git hash: 84205aa28f11a4f31f2a3b86d1bba2cc8ab69827
2019-08-29 23:06:03,351 [main] INFO  handler.ContextHandler (ContextHandler.java:doStart(781)) - Started o.e.j.s.ServletContextHandler@149aa7b2{/logs,file:///workdir/hadoop-ozone/integration-test/target/log,AVAILABLE}
2019-08-29 23:06:03,351 [main] INFO  handler.ContextHandler (ContextHandler.java:doStart(781)) - Started o.e.j.s.ServletContextHandler@2a99ca99{/static,jar:file:/home/user/.m2/repository/org/apache/hadoop/hadoop-hdds-container-service/0.5.0-SNAPSHOT/hadoop-hdds-container-service-0.5.0-SNAPSHOT.jar!/webapps/static,AVAILABLE}
2019-08-29 23:06:03,378 [main] INFO  handler.ContextHandler (ContextHandler.java:doStart(781)) - Started o.e.j.w.WebAppContext@6d874695{/,file:///tmp/jetty-0.0.0.0-43228-hddsDatanode-_-any-1210630930245027499.dir/webapp/,AVAILABLE}{/hddsDatanode}
2019-08-29 23:06:03,379 [main] INFO  server.AbstractConnector (AbstractConnector.java:doStart(278)) - Started ServerConnector@20bb85b4{HTTP/1.1,[http/1.1]}{0.0.0.0:43228}
2019-08-29 23:06:03,379 [main] INFO  server.Server (Server.java:doStart(419)) - Started @529193ms
2019-08-29 23:06:03,384 [main] INFO  server.BaseHttpServer (BaseHttpServer.java:updateConnectorAddress(213)) - HTTP server of HDDSDATANODE is listening at http://0.0.0.0:43228
2019-08-29 23:06:03,384 [main] INFO  ozone.MiniOzoneClusterImpl (MiniOzoneClusterImpl.java:lambda$waitForClusterToBeReady$0(140)) - Waiting for cluster to be ready. Got 0 of 7 DN Heartbeats.
2019-08-29 23:06:03,385 [org.apache.hadoop.util.JvmPauseMonitor$Monitor@4c3a0ee4] INFO  util.JvmPauseMonitor (JvmPauseMonitor.java:run(188)) - Starting JVM pause monitor
2019-08-29 23:06:03,386 [Datanode State Machine Thread - 0] INFO  datanode.InitDatanodeState (InitDatanodeState.java:persistContainerDatanodeDetails(140)) - DatanodeDetails is persisted to /workdir/hadoop-ozone/integration-test/target/test-dir/MiniOzoneClusterImpl-fc4714e6-2d25-43ae-aa3c-bb84b829e8c3/datanode-6/meta/datanode.id
2019-08-29 23:06:04,384 [main] INFO  ozone.MiniOzoneClusterImpl (MiniOzoneClusterImpl.java:lambda$waitForClusterToBeReady$0(140)) - Waiting for cluster to be ready. Got 0 of 7 DN Heartbeats.
2019-08-29 23:06:04,968 | INFO  | SCMAudit | user=jenkins1000 | ip=192.168.5.176 | op=GET_VERSION null | ret=SUCCESS |  
2019-08-29 23:06:04,983 [Datanode State Machine Thread - 0] INFO  ozoneimpl.OzoneContainer (OzoneContainer.java:start(201)) - Attempting to start container services.
2019-08-29 23:06:04,983 [Datanode State Machine Thread - 0] INFO  ozoneimpl.OzoneContainer (OzoneContainer.java:startContainerScrub(175)) - Background container scrubber has been disabled by hdds.containerscrub.enabled
2019-08-29 23:06:04,983 [Datanode State Machine Thread - 0] INFO  ratis.XceiverServerRatis (XceiverServerRatis.java:start(393)) - Starting XceiverServerRatis eecc47d9-bcc9-4792-b0a1-bf4e20a348f5 at port 0
2019-08-29 23:06:04,989 [Datanode State Machine Thread - 0] INFO  impl.RaftServerProxy (RaftServerProxy.java:lambda$start$3(299)) - eecc47d9-bcc9-4792-b0a1-bf4e20a348f5: start RPC server
2019-08-29 23:06:04,995 [Datanode State Machine Thread - 0] INFO  server.GrpcService (GrpcService.java:startImpl(149)) - eecc47d9-bcc9-4792-b0a1-bf4e20a348f5: GrpcService started, listening on 0.0.0.0/0.0.0.0:39768
2019-08-29 23:06:04,995 [Datanode State Machine Thread - 0] INFO  ratis.XceiverServerRatis (XceiverServerRatis.java:start(403)) - XceiverServerRatis eecc47d9-bcc9-4792-b0a1-bf4e20a348f5 is started using port 39768
2019-08-29 23:06:04,995 [Datanode State Machine Thread - 0] INFO  server.XceiverServerGrpc (XceiverServerGrpc.java:start(163)) - XceiverServerGrpc eecc47d9-bcc9-4792-b0a1-bf4e20a348f5 is started using port 37187
2019-08-29 23:06:05,023 | INFO  | SCMAudit | user=jenkins1000 | ip=192.168.5.176 | op=GET_VERSION null | ret=SUCCESS |  
2019-08-29 23:06:05,037 [Datanode State Machine Thread - 0] INFO  ozoneimpl.OzoneContainer (OzoneContainer.java:start(201)) - Attempting to start container services.
2019-08-29 23:06:05,038 [Datanode State Machine Thread - 0] INFO  ozoneimpl.OzoneContainer (OzoneContainer.java:startContainerScrub(175)) - Background container scrubber has been disabled by hdds.containerscrub.enabled
2019-08-29 23:06:05,038 [Datanode State Machine Thread - 0] INFO  ratis.XceiverServerRatis (XceiverServerRatis.java:start(393)) - Starting XceiverServerRatis a4665db9-b31b-4d0b-b60e-b10125f1dc2f at port 0
2019-08-29 23:06:05,044 [Datanode State Machine Thread - 0] INFO  impl.RaftServerProxy (RaftServerProxy.java:lambda$start$3(299)) - a4665db9-b31b-4d0b-b60e-b10125f1dc2f: start RPC server
2019-08-29 23:06:05,045 [Datanode State Machine Thread - 0] INFO  server.GrpcService (GrpcService.java:startImpl(149)) - a4665db9-b31b-4d0b-b60e-b10125f1dc2f: GrpcService started, listening on 0.0.0.0/0.0.0.0:39139
2019-08-29 23:06:05,045 [Datanode State Machine Thread - 0] INFO  ratis.XceiverServerRatis (XceiverServerRatis.java:start(403)) - XceiverServerRatis a4665db9-b31b-4d0b-b60e-b10125f1dc2f is started using port 39139
2019-08-29 23:06:05,045 [Datanode State Machine Thread - 0] INFO  server.XceiverServerGrpc (XceiverServerGrpc.java:start(163)) - XceiverServerGrpc a4665db9-b31b-4d0b-b60e-b10125f1dc2f is started using port 44236
2019-08-29 23:06:05,081 | INFO  | SCMAudit | user=jenkins1000 | ip=192.168.5.176 | op=GET_VERSION null | ret=SUCCESS |  
2019-08-29 23:06:05,094 [Datanode State Machine Thread - 0] INFO  ozoneimpl.OzoneContainer (OzoneContainer.java:start(201)) - Attempting to start container services.
2019-08-29 23:06:05,094 [Datanode State Machine Thread - 0] INFO  ozoneimpl.OzoneContainer (OzoneContainer.java:startContainerScrub(175)) - Background container scrubber has been disabled by hdds.containerscrub.enabled
2019-08-29 23:06:05,094 [Datanode State Machine Thread - 0] INFO  ratis.XceiverServerRatis (XceiverServerRatis.java:start(393)) - Starting XceiverServerRatis 69eced68-633e-4b51-8723-aa3cc7d01e54 at port 0
2019-08-29 23:06:05,101 [Datanode State Machine Thread - 0] INFO  impl.RaftServerProxy (RaftServerProxy.java:lambda$start$3(299)) - 69eced68-633e-4b51-8723-aa3cc7d01e54: start RPC server
2019-08-29 23:06:05,102 [Datanode State Machine Thread - 0] INFO  server.GrpcService (GrpcService.java:startImpl(149)) - 69eced68-633e-4b51-8723-aa3cc7d01e54: GrpcService started, listening on 0.0.0.0/0.0.0.0:41028
2019-08-29 23:06:05,102 [Datanode State Machine Thread - 0] INFO  ratis.XceiverServerRatis (XceiverServerRatis.java:start(403)) - XceiverServerRatis 69eced68-633e-4b51-8723-aa3cc7d01e54 is started using port 41028
2019-08-29 23:06:05,103 [Datanode State Machine Thread - 0] INFO  server.XceiverServerGrpc (XceiverServerGrpc.java:start(163)) - XceiverServerGrpc 69eced68-633e-4b51-8723-aa3cc7d01e54 is started using port 43812
2019-08-29 23:06:05,139 | INFO  | SCMAudit | user=jenkins1000 | ip=192.168.5.176 | op=GET_VERSION null | ret=SUCCESS |  
2019-08-29 23:06:05,152 [Datanode State Machine Thread - 0] INFO  ozoneimpl.OzoneContainer (OzoneContainer.java:start(201)) - Attempting to start container services.
2019-08-29 23:06:05,152 [Datanode State Machine Thread - 0] INFO  ozoneimpl.OzoneContainer (OzoneContainer.java:startContainerScrub(175)) - Background container scrubber has been disabled by hdds.containerscrub.enabled
2019-08-29 23:06:05,152 [Datanode State Machine Thread - 0] INFO  ratis.XceiverServerRatis (XceiverServerRatis.java:start(393)) - Starting XceiverServerRatis f20020a9-6aa7-48f1-914d-cfe5895fa638 at port 0
2019-08-29 23:06:05,159 [Datanode State Machine Thread - 0] INFO  impl.RaftServerProxy (RaftServerProxy.java:lambda$start$3(299)) - f20020a9-6aa7-48f1-914d-cfe5895fa638: start RPC server
2019-08-29 23:06:05,160 [Datanode State Machine Thread - 0] INFO  server.GrpcService (GrpcService.java:startImpl(149)) - f20020a9-6aa7-48f1-914d-cfe5895fa638: GrpcService started, listening on 0.0.0.0/0.0.0.0:38642
2019-08-29 23:06:05,160 [Datanode State Machine Thread - 0] INFO  ratis.XceiverServerRatis (XceiverServerRatis.java:start(403)) - XceiverServerRatis f20020a9-6aa7-48f1-914d-cfe5895fa638 is started using port 38642
2019-08-29 23:06:05,161 [Datanode State Machine Thread - 0] INFO  server.XceiverServerGrpc (XceiverServerGrpc.java:start(163)) - XceiverServerGrpc f20020a9-6aa7-48f1-914d-cfe5895fa638 is started using port 44504
2019-08-29 23:06:05,239 | INFO  | SCMAudit | user=jenkins1000 | ip=192.168.5.176 | op=GET_VERSION null | ret=SUCCESS |  
2019-08-29 23:06:05,253 [Datanode State Machine Thread - 0] INFO  ozoneimpl.OzoneContainer (OzoneContainer.java:start(201)) - Attempting to start container services.
2019-08-29 23:06:05,253 [Datanode State Machine Thread - 0] INFO  ozoneimpl.OzoneContainer (OzoneContainer.java:startContainerScrub(175)) - Background container scrubber has been disabled by hdds.containerscrub.enabled
2019-08-29 23:06:05,253 [Datanode State Machine Thread - 0] INFO  ratis.XceiverServerRatis (XceiverServerRatis.java:start(393)) - Starting XceiverServerRatis 36a44bf1-0214-4ae3-b56c-359c5b44ef6b at port 0
2019-08-29 23:06:05,261 [Datanode State Machine Thread - 0] INFO  impl.RaftServerProxy (RaftServerProxy.java:lambda$start$3(299)) - 36a44bf1-0214-4ae3-b56c-359c5b44ef6b: start RPC server
2019-08-29 23:06:05,262 [Datanode State Machine Thread - 0] INFO  server.GrpcService (GrpcService.java:startImpl(149)) - 36a44bf1-0214-4ae3-b56c-359c5b44ef6b: GrpcService started, listening on 0.0.0.0/0.0.0.0:33315
2019-08-29 23:06:05,262 [Datanode State Machine Thread - 0] INFO  ratis.XceiverServerRatis (XceiverServerRatis.java:start(403)) - XceiverServerRatis 36a44bf1-0214-4ae3-b56c-359c5b44ef6b is started using port 33315
2019-08-29 23:06:05,262 [Datanode State Machine Thread - 0] INFO  server.XceiverServerGrpc (XceiverServerGrpc.java:start(163)) - XceiverServerGrpc 36a44bf1-0214-4ae3-b56c-359c5b44ef6b is started using port 33273
2019-08-29 23:06:05,320 | INFO  | SCMAudit | user=jenkins1000 | ip=192.168.5.176 | op=GET_VERSION null | ret=SUCCESS |  
2019-08-29 23:06:05,334 [Datanode State Machine Thread - 0] INFO  ozoneimpl.OzoneContainer (OzoneContainer.java:start(201)) - Attempting to start container services.
2019-08-29 23:06:05,334 [Datanode State Machine Thread - 0] INFO  ozoneimpl.OzoneContainer (OzoneContainer.java:startContainerScrub(175)) - Background container scrubber has been disabled by hdds.containerscrub.enabled
2019-08-29 23:06:05,334 [Datanode State Machine Thread - 0] INFO  ratis.XceiverServerRatis (XceiverServerRatis.java:start(393)) - Starting XceiverServerRatis 39b1e362-24c6-40e1-a305-936b4ccaa1e0 at port 0
2019-08-29 23:06:05,341 [Datanode State Machine Thread - 0] INFO  impl.RaftServerProxy (RaftServerProxy.java:lambda$start$3(299)) - 39b1e362-24c6-40e1-a305-936b4ccaa1e0: start RPC server
2019-08-29 23:06:05,342 [Datanode State Machine Thread - 0] INFO  server.GrpcService (GrpcService.java:startImpl(149)) - 39b1e362-24c6-40e1-a305-936b4ccaa1e0: GrpcService started, listening on 0.0.0.0/0.0.0.0:36883
2019-08-29 23:06:05,342 [Datanode State Machine Thread - 0] INFO  ratis.XceiverServerRatis (XceiverServerRatis.java:start(403)) - XceiverServerRatis 39b1e362-24c6-40e1-a305-936b4ccaa1e0 is started using port 36883
2019-08-29 23:06:05,343 [Datanode State Machine Thread - 0] INFO  server.XceiverServerGrpc (XceiverServerGrpc.java:start(163)) - XceiverServerGrpc 39b1e362-24c6-40e1-a305-936b4ccaa1e0 is started using port 33019
2019-08-29 23:06:05,385 [main] INFO  ozone.MiniOzoneClusterImpl (MiniOzoneClusterImpl.java:lambda$waitForClusterToBeReady$0(140)) - Waiting for cluster to be ready. Got 0 of 7 DN Heartbeats.
2019-08-29 23:06:05,386 | INFO  | SCMAudit | user=jenkins1000 | ip=192.168.5.176 | op=GET_VERSION null | ret=SUCCESS |  
2019-08-29 23:06:05,400 [Datanode State Machine Thread - 0] INFO  ozoneimpl.OzoneContainer (OzoneContainer.java:start(201)) - Attempting to start container services.
2019-08-29 23:06:05,400 [Datanode State Machine Thread - 0] INFO  ozoneimpl.OzoneContainer (OzoneContainer.java:startContainerScrub(175)) - Background container scrubber has been disabled by hdds.containerscrub.enabled
2019-08-29 23:06:05,400 [Datanode State Machine Thread - 0] INFO  ratis.XceiverServerRatis (XceiverServerRatis.java:start(393)) - Starting XceiverServerRatis 701eae18-0267-427a-94c7-9b910f8dde45 at port 0
2019-08-29 23:06:05,421 [Datanode State Machine Thread - 0] INFO  impl.RaftServerProxy (RaftServerProxy.java:lambda$start$3(299)) - 701eae18-0267-427a-94c7-9b910f8dde45: start RPC server
2019-08-29 23:06:05,422 [Datanode State Machine Thread - 0] INFO  server.GrpcService (GrpcService.java:startImpl(149)) - 701eae18-0267-427a-94c7-9b910f8dde45: GrpcService started, listening on 0.0.0.0/0.0.0.0:32877
2019-08-29 23:06:05,423 [Datanode State Machine Thread - 0] INFO  ratis.XceiverServerRatis (XceiverServerRatis.java:start(403)) - XceiverServerRatis 701eae18-0267-427a-94c7-9b910f8dde45 is started using port 32877
2019-08-29 23:06:05,426 [Datanode State Machine Thread - 0] INFO  server.XceiverServerGrpc (XceiverServerGrpc.java:start(163)) - XceiverServerGrpc 701eae18-0267-427a-94c7-9b910f8dde45 is started using port 35452
2019-08-29 23:06:06,385 [main] INFO  ozone.MiniOzoneClusterImpl (MiniOzoneClusterImpl.java:lambda$waitForClusterToBeReady$0(140)) - Waiting for cluster to be ready. Got 0 of 7 DN Heartbeats.
2019-08-29 23:06:06,968 [IPC Server handler 1 on 35072] INFO  net.NetworkTopology (NetworkTopologyImpl.java:add(110)) - Added a new node: /default-rack/eecc47d9-bcc9-4792-b0a1-bf4e20a348f5
2019-08-29 23:06:06,970 [IPC Server handler 1 on 35072] INFO  node.SCMNodeManager (SCMNodeManager.java:register(273)) - Registered Data node : eecc47d9-bcc9-4792-b0a1-bf4e20a348f5{ip: 192.168.5.176, host: pr-hdds-1783-trunk-hq4zp-549785682, networkLocation: /default-rack, certSerialId: null}
2019-08-29 23:06:06,970 [EventQueue-NodeRegistrationContainerReportForDataNodeSafeModeRule] INFO  safemode.SCMSafeModeManager (DataNodeSafeModeRule.java:process(71)) - SCM in safe mode. 1 DataNodes registered, 1 required.
2019-08-29 23:06:06,974 | INFO  | SCMAudit | user=jenkins1000 | ip=192.168.5.176 | op=REGISTER {datanodeDetails=eecc47d9-bcc9-4792-b0a1-bf4e20a348f5{ip: 192.168.5.176, host: pr-hdds-1783-trunk-hq4zp-549785682, networkLocation: /default-rack, certSerialId: null}} | ret=SUCCESS |  
2019-08-29 23:06:06,974 [EventQueue-NodeRegistrationContainerReportForDataNodeSafeModeRule] INFO  safemode.SCMSafeModeManager (SCMSafeModeManager.java:validateSafeModeExitRules(177)) - ScmSafeModeManager, all rules are successfully validated
2019-08-29 23:06:06,974 [EventQueue-NodeRegistrationContainerReportForDataNodeSafeModeRule] INFO  safemode.SCMSafeModeManager (SCMSafeModeManager.java:exitSafeMode(193)) - SCM exiting safe mode.
2019-08-29 23:06:06,981 [grpc-default-executor-4] INFO  impl.RaftServerProxy (RaftServerProxy.java:addNew(89)) - eecc47d9-bcc9-4792-b0a1-bf4e20a348f5: addNew group-E9576D0BDA52:[eecc47d9-bcc9-4792-b0a1-bf4e20a348f5:192.168.5.176:39768] returns group-E9576D0BDA52:java.util.concurrent.CompletableFuture@63e66a9[Not completed]
2019-08-29 23:06:06,982 [pool-409-thread-1] INFO  impl.RaftServerImpl (RaftServerImpl.java:<init>(93)) - eecc47d9-bcc9-4792-b0a1-bf4e20a348f5: new RaftServerImpl for group-E9576D0BDA52:[eecc47d9-bcc9-4792-b0a1-bf4e20a348f5:192.168.5.176:39768] with ContainerStateMachine:uninitialized
2019-08-29 23:06:06,982 [pool-409-thread-1] INFO  server.RaftServerConfigKeys (ConfUtils.java:logGet(43)) - raft.server.rpc.timeout.min = 5s (custom)
2019-08-29 23:06:06,983 [pool-409-thread-1] INFO  server.RaftServerConfigKeys (ConfUtils.java:logGet(43)) - raft.server.rpc.timeout.max = 5200ms (custom)
2019-08-29 23:06:06,983 [pool-409-thread-1] INFO  server.RaftServerConfigKeys (ConfUtils.java:logGet(43)) - raft.server.rpcslowness.timeout = 120s (custom)
2019-08-29 23:06:06,983 [pool-409-thread-1] INFO  server.RaftServerConfigKeys (ConfUtils.java:logGet(43)) - raft.server.sleep.deviation.threshold = 300 (default)
2019-08-29 23:06:06,983 [pool-409-thread-1] INFO  server.RaftServerConfigKeys (ConfUtils.java:logGet(43)) - raft.server.log.appender.install.snapshot.enabled = false (custom)
2019-08-29 23:06:06,983 [pool-409-thread-1] INFO  impl.RaftServerImpl (ServerState.java:<init>(105)) - eecc47d9-bcc9-4792-b0a1-bf4e20a348f5:group-E9576D0BDA52 ConfigurationManager, init=-1: [eecc47d9-bcc9-4792-b0a1-bf4e20a348f5:192.168.5.176:39768], old=null, confs=<EMPTY_MAP>
2019-08-29 23:06:06,983 [pool-409-thread-1] INFO  server.RaftServerConfigKeys (ConfUtils.java:logGet(43)) - raft.server.storage.dir = [/workdir/hadoop-ozone/integration-test/target/test-dir/MiniOzoneClusterImpl-fc4714e6-2d25-43ae-aa3c-bb84b829e8c3/datanode-0/data/ratis] (custom)
2019-08-29 23:06:06,984 [pool-409-thread-1] INFO  storage.RaftStorageDirectory (RaftStorageDirectory.java:analyzeStorage(246)) - The storage directory /workdir/hadoop-ozone/integration-test/target/test-dir/MiniOzoneClusterImpl-fc4714e6-2d25-43ae-aa3c-bb84b829e8c3/datanode-0/data/ratis/c2504a0a-4a23-4a3e-9b8e-e9576d0bda52 does not exist. Creating ...
2019-08-29 23:06:06,996 [pool-409-thread-1] INFO  storage.RaftStorageDirectory (RaftStorageDirectory.java:tryLock(328)) - Lock on /workdir/hadoop-ozone/integration-test/target/test-dir/MiniOzoneClusterImpl-fc4714e6-2d25-43ae-aa3c-bb84b829e8c3/datanode-0/data/ratis/c2504a0a-4a23-4a3e-9b8e-e9576d0bda52/in_use.lock acquired by nodename 27525@pr-hdds-1783-trunk-hq4zp-549785682
2019-08-29 23:06:07,010 [pool-409-thread-1] INFO  storage.RaftStorage (RaftStorage.java:format(72)) - Storage directory /workdir/hadoop-ozone/integration-test/target/test-dir/MiniOzoneClusterImpl-fc4714e6-2d25-43ae-aa3c-bb84b829e8c3/datanode-0/data/ratis/c2504a0a-4a23-4a3e-9b8e-e9576d0bda52 has been successfully formatted.
2019-08-29 23:06:07,010 [pool-409-thread-1] INFO  ratis.ContainerStateMachine (ContainerStateMachine.java:loadSnapshot(227)) - group-E9576D0BDA52: The snapshot info is null. Setting the last applied indexto:(t:0, i:~)
2019-08-29 23:06:07,011 [pool-409-thread-1] INFO  server.RaftServerConfigKeys (ConfUtils.java:logGet(43)) - raft.server.leader.election.timeout = 120s (custom)
2019-08-29 23:06:07,011 [pool-409-thread-1] INFO  server.RaftServerConfigKeys (ConfUtils.java:logGet(43)) - raft.server.log.use.memory = false (default)
2019-08-29 23:06:07,011 [pool-409-thread-1] INFO  server.RaftServerConfigKeys (ConfUtils.java:logGet(43)) - raft.server.log.purge.gap = 1000000 (custom)
2019-08-29 23:06:07,011 [pool-409-thread-1] INFO  server.RaftServerConfigKeys (ConfUtils.java:logGet(43)) - raft.server.log.appender.buffer.byte-limit = 33554432 (custom)
2019-08-29 23:06:07,011 [pool-409-thread-1] INFO  server.RaftServerConfigKeys (ConfUtils.java:logGet(43)) - raft.server.log.segment.size.max = 1048576 (custom)
2019-08-29 23:06:07,012 [pool-409-thread-1] INFO  server.RaftServerConfigKeys (ConfUtils.java:logGet(43)) - raft.server.log.segment.cache.num.max = 2 (custom)
2019-08-29 23:06:07,012 [pool-409-thread-1] INFO  segmented.SegmentedRaftLogWorker (SegmentedRaftLogWorker.java:<init>(172)) - new eecc47d9-bcc9-4792-b0a1-bf4e20a348f5-SegmentedRaftLogWorker:Storage Directory /workdir/hadoop-ozone/integration-test/target/test-dir/MiniOzoneClusterImpl-fc4714e6-2d25-43ae-aa3c-bb84b829e8c3/datanode-0/data/ratis/c2504a0a-4a23-4a3e-9b8e-e9576d0bda52 for RaftStorage:Storage Directory /workdir/hadoop-ozone/integration-test/target/test-dir/MiniOzoneClusterImpl-fc4714e6-2d25-43ae-aa3c-bb84b829e8c3/datanode-0/data/ratis/c2504a0a-4a23-4a3e-9b8e-e9576d0bda52
2019-08-29 23:06:07,012 [pool-409-thread-1] INFO  server.RaftServerConfigKeys (ConfUtils.java:logGet(43)) - raft.server.log.queue.byte-limit = 2147483647 (custom)
2019-08-29 23:06:07,012 [pool-409-thread-1] INFO  server.RaftServerConfigKeys (ConfUtils.java:logGet(43)) - raft.server.log.queue.element-limit = 1024 (custom)
2019-08-29 23:06:07,012 [pool-409-thread-1] INFO  server.RaftServerConfigKeys (ConfUtils.java:logGet(43)) - raft.server.log.segment.size.max = 1048576 (custom)
2019-08-29 23:06:07,012 [pool-409-thread-1] INFO  server.RaftServerConfigKeys (ConfUtils.java:logGet(43)) - raft.server.log.preallocated.size = 16384 (custom)
2019-08-29 23:06:07,013 [pool-409-thread-1] INFO  server.RaftServerConfigKeys (ConfUtils.java:logGet(43)) - raft.server.log.write.buffer.size = 33554432 (custom)
2019-08-29 23:06:07,013 [pool-409-thread-1] INFO  server.RaftServerConfigKeys (ConfUtils.java:logGet(43)) - raft.server.log.force.sync.num = 128 (default)
2019-08-29 23:06:07,013 [pool-409-thread-1] INFO  server.RaftServerConfigKeys (ConfUtils.java:logGet(43)) - raft.server.log.statemachine.data.sync = true (default)
2019-08-29 23:06:07,013 [pool-409-thread-1] INFO  server.RaftServerConfigKeys (ConfUtils.java:logGet(43)) - raft.server.log.statemachine.data.sync.timeout = 10s (default)
2019-08-29 23:06:07,013 [pool-409-thread-1] INFO  server.RaftServerConfigKeys (ConfUtils.java:logGet(43)) - raft.server.log.statemachine.data.sync.timeout.retry = -1 (default)
2019-08-29 23:06:07,013 [pool-409-thread-1] INFO  server.RaftServerConfigKeys (ConfUtils.java:logGet(43)) - raft.server.log.statemachine.data.caching.enabled = true (custom)
2019-08-29 23:06:07,014 [pool-409-thread-1] INFO  segmented.SegmentedRaftLogWorker (SegmentedRaftLogWorker.java:lambda$new$0(132)) - eecc47d9-bcc9-4792-b0a1-bf4e20a348f5-SegmentedRaftLogWorker:Storage Directory /workdir/hadoop-ozone/integration-test/target/test-dir/MiniOzoneClusterImpl-fc4714e6-2d25-43ae-aa3c-bb84b829e8c3/datanode-0/data/ratis/c2504a0a-4a23-4a3e-9b8e-e9576d0bda52: flushIndex: setUnconditionally 0 -> -1
2019-08-29 23:06:07,014 [pool-409-thread-1] INFO  server.RaftServerConfigKeys (ConfUtils.java:logGet(43)) - raft.server.snapshot.auto.trigger.enabled = true (custom)
2019-08-29 23:06:07,014 [pool-409-thread-1] INFO  server.RaftServerConfigKeys (ConfUtils.java:logGet(43)) - raft.server.snapshot.auto.trigger.threshold = 10000 (custom)
2019-08-29 23:06:07,014 [pool-409-thread-1] INFO  server.RaftServerConfigKeys (ConfUtils.java:logGet(43)) - raft.server.retrycache.expirytime = 600000ms (custom)
2019-08-29 23:06:07,014 [pool-409-thread-1] INFO  impl.RaftServerImpl (RaftServerImpl.java:start(180)) - eecc47d9-bcc9-4792-b0a1-bf4e20a348f5: start group-E9576D0BDA52
2019-08-29 23:06:07,014 [pool-409-thread-1] INFO  impl.RaftServerImpl (RaftServerImpl.java:setRole(171)) - eecc47d9-bcc9-4792-b0a1-bf4e20a348f5:group-E9576D0BDA52 changes role from null to FOLLOWER at term 0 for startAsFollower
2019-08-29 23:06:07,015 [pool-409-thread-1] INFO  impl.RoleInfo (RoleInfo.java:updateAndGet(143)) - eecc47d9-bcc9-4792-b0a1-bf4e20a348f5: start FollowerState
2019-08-29 23:06:07,015 [pool-409-thread-1] INFO  util.JmxRegister (JmxRegister.java:tryRegister(44)) - Successfully registered JMX Bean with object name Ratis:service=RaftServer,group=group-E9576D0BDA52,id=eecc47d9-bcc9-4792-b0a1-bf4e20a348f5
2019-08-29 23:06:07,017 [RatisPipelineUtilsThread] INFO  pipeline.PipelineStateManager (PipelineStateManager.java:addPipeline(56)) - Created pipeline Pipeline[ Id: c2504a0a-4a23-4a3e-9b8e-e9576d0bda52, Nodes: eecc47d9-bcc9-4792-b0a1-bf4e20a348f5{ip: 192.168.5.176, host: pr-hdds-1783-trunk-hq4zp-549785682, networkLocation: /default-rack, certSerialId: null}, Type:RATIS, Factor:ONE, State:OPEN]
2019-08-29 23:06:07,023 [IPC Server handler 3 on 35072] INFO  net.NetworkTopology (NetworkTopologyImpl.java:add(110)) - Added a new node: /default-rack/a4665db9-b31b-4d0b-b60e-b10125f1dc2f
2019-08-29 23:06:07,023 [IPC Server handler 3 on 35072] INFO  node.SCMNodeManager (SCMNodeManager.java:register(273)) - Registered Data node : a4665db9-b31b-4d0b-b60e-b10125f1dc2f{ip: 192.168.5.176, host: pr-hdds-1783-trunk-hq4zp-549785682, networkLocation: /default-rack, certSerialId: null}
2019-08-29 23:06:07,023 | INFO  | SCMAudit | user=jenkins1000 | ip=192.168.5.176 | op=REGISTER {datanodeDetails=a4665db9-b31b-4d0b-b60e-b10125f1dc2f{ip: 192.168.5.176, host: pr-hdds-1783-trunk-hq4zp-549785682, networkLocation: /default-rack, certSerialId: null}} | ret=SUCCESS |  
2019-08-29 23:06:07,029 [grpc-default-executor-4] INFO  impl.RaftServerProxy (RaftServerProxy.java:addNew(89)) - a4665db9-b31b-4d0b-b60e-b10125f1dc2f: addNew group-0ABA8D42E045:[a4665db9-b31b-4d0b-b60e-b10125f1dc2f:192.168.5.176:39139] returns group-0ABA8D42E045:java.util.concurrent.CompletableFuture@4112800[Not completed]
2019-08-29 23:06:07,030 [pool-419-thread-1] INFO  impl.RaftServerImpl (RaftServerImpl.java:<init>(93)) - a4665db9-b31b-4d0b-b60e-b10125f1dc2f: new RaftServerImpl for group-0ABA8D42E045:[a4665db9-b31b-4d0b-b60e-b10125f1dc2f:192.168.5.176:39139] with ContainerStateMachine:uninitialized
2019-08-29 23:06:07,030 [pool-419-thread-1] INFO  server.RaftServerConfigKeys (ConfUtils.java:logGet(43)) - raft.server.rpc.timeout.min = 5s (custom)
2019-08-29 23:06:07,030 [pool-419-thread-1] INFO  server.RaftServerConfigKeys (ConfUtils.java:logGet(43)) - raft.server.rpc.timeout.max = 5200ms (custom)
2019-08-29 23:06:07,030 [pool-419-thread-1] INFO  server.RaftServerConfigKeys (ConfUtils.java:logGet(43)) - raft.server.rpcslowness.timeout = 120s (custom)
2019-08-29 23:06:07,030 [pool-419-thread-1] INFO  server.RaftServerConfigKeys (ConfUtils.java:logGet(43)) - raft.server.sleep.deviation.threshold = 300 (default)
2019-08-29 23:06:07,030 [pool-419-thread-1] INFO  server.RaftServerConfigKeys (ConfUtils.java:logGet(43)) - raft.server.log.appender.install.snapshot.enabled = false (custom)
2019-08-29 23:06:07,030 [pool-419-thread-1] INFO  impl.RaftServerImpl (ServerState.java:<init>(105)) - a4665db9-b31b-4d0b-b60e-b10125f1dc2f:group-0ABA8D42E045 ConfigurationManager, init=-1: [a4665db9-b31b-4d0b-b60e-b10125f1dc2f:192.168.5.176:39139], old=null, confs=<EMPTY_MAP>
2019-08-29 23:06:07,031 [pool-419-thread-1] INFO  server.RaftServerConfigKeys (ConfUtils.java:logGet(43)) - raft.server.storage.dir = [/workdir/hadoop-ozone/integration-test/target/test-dir/MiniOzoneClusterImpl-fc4714e6-2d25-43ae-aa3c-bb84b829e8c3/datanode-1/data/ratis] (custom)
2019-08-29 23:06:07,031 [pool-419-thread-1] INFO  storage.RaftStorageDirectory (RaftStorageDirectory.java:analyzeStorage(246)) - The storage directory /workdir/hadoop-ozone/integration-test/target/test-dir/MiniOzoneClusterImpl-fc4714e6-2d25-43ae-aa3c-bb84b829e8c3/datanode-1/data/ratis/1d3067f6-86a2-485a-ab7a-0aba8d42e045 does not exist. Creating ...
2019-08-29 23:06:07,034 [pool-419-thread-1] INFO  storage.RaftStorageDirectory (RaftStorageDirectory.java:tryLock(328)) - Lock on /workdir/hadoop-ozone/integration-test/target/test-dir/MiniOzoneClusterImpl-fc4714e6-2d25-43ae-aa3c-bb84b829e8c3/datanode-1/data/ratis/1d3067f6-86a2-485a-ab7a-0aba8d42e045/in_use.lock acquired by nodename 27525@pr-hdds-1783-trunk-hq4zp-549785682
2019-08-29 23:06:07,037 [pool-419-thread-1] INFO  storage.RaftStorage (RaftStorage.java:format(72)) - Storage directory /workdir/hadoop-ozone/integration-test/target/test-dir/MiniOzoneClusterImpl-fc4714e6-2d25-43ae-aa3c-bb84b829e8c3/datanode-1/data/ratis/1d3067f6-86a2-485a-ab7a-0aba8d42e045 has been successfully formatted.
2019-08-29 23:06:07,037 [pool-419-thread-1] INFO  ratis.ContainerStateMachine (ContainerStateMachine.java:loadSnapshot(227)) - group-0ABA8D42E045: The snapshot info is null. Setting the last applied indexto:(t:0, i:~)
2019-08-29 23:06:07,038 [pool-419-thread-1] INFO  server.RaftServerConfigKeys (ConfUtils.java:logGet(43)) - raft.server.leader.election.timeout = 120s (custom)
2019-08-29 23:06:07,038 [pool-419-thread-1] INFO  server.RaftServerConfigKeys (ConfUtils.java:logGet(43)) - raft.server.log.use.memory = false (default)
2019-08-29 23:06:07,038 [pool-419-thread-1] INFO  server.RaftServerConfigKeys (ConfUtils.java:logGet(43)) - raft.server.log.purge.gap = 1000000 (custom)
2019-08-29 23:06:07,038 [pool-419-thread-1] INFO  server.RaftServerConfigKeys (ConfUtils.java:logGet(43)) - raft.server.log.appender.buffer.byte-limit = 33554432 (custom)
2019-08-29 23:06:07,038 [pool-419-thread-1] INFO  server.RaftServerConfigKeys (ConfUtils.java:logGet(43)) - raft.server.log.segment.size.max = 1048576 (custom)
2019-08-29 23:06:07,038 [pool-419-thread-1] INFO  server.RaftServerConfigKeys (ConfUtils.java:logGet(43)) - raft.server.log.segment.cache.num.max = 2 (custom)
2019-08-29 23:06:07,038 [pool-419-thread-1] INFO  segmented.SegmentedRaftLogWorker (SegmentedRaftLogWorker.java:<init>(172)) - new a4665db9-b31b-4d0b-b60e-b10125f1dc2f-SegmentedRaftLogWorker:Storage Directory /workdir/hadoop-ozone/integration-test/target/test-dir/MiniOzoneClusterImpl-fc4714e6-2d25-43ae-aa3c-bb84b829e8c3/datanode-1/data/ratis/1d3067f6-86a2-485a-ab7a-0aba8d42e045 for RaftStorage:Storage Directory /workdir/hadoop-ozone/integration-test/target/test-dir/MiniOzoneClusterImpl-fc4714e6-2d25-43ae-aa3c-bb84b829e8c3/datanode-1/data/ratis/1d3067f6-86a2-485a-ab7a-0aba8d42e045
2019-08-29 23:06:07,038 [pool-419-thread-1] INFO  server.RaftServerConfigKeys (ConfUtils.java:logGet(43)) - raft.server.log.queue.byte-limit = 2147483647 (custom)
2019-08-29 23:06:07,038 [pool-419-thread-1] INFO  server.RaftServerConfigKeys (ConfUtils.java:logGet(43)) - raft.server.log.queue.element-limit = 1024 (custom)
2019-08-29 23:06:07,039 [pool-419-thread-1] INFO  server.RaftServerConfigKeys (ConfUtils.java:logGet(43)) - raft.server.log.segment.size.max = 1048576 (custom)
2019-08-29 23:06:07,039 [pool-419-thread-1] INFO  server.RaftServerConfigKeys (ConfUtils.java:logGet(43)) - raft.server.log.preallocated.size = 16384 (custom)
2019-08-29 23:06:07,039 [pool-419-thread-1] INFO  server.RaftServerConfigKeys (ConfUtils.java:logGet(43)) - raft.server.log.write.buffer.size = 33554432 (custom)
2019-08-29 23:06:07,039 [pool-419-thread-1] INFO  server.RaftServerConfigKeys (ConfUtils.java:logGet(43)) - raft.server.log.force.sync.num = 128 (default)
2019-08-29 23:06:07,039 [pool-419-thread-1] INFO  server.RaftServerConfigKeys (ConfUtils.java:logGet(43)) - raft.server.log.statemachine.data.sync = true (default)
2019-08-29 23:06:07,039 [pool-419-thread-1] INFO  server.RaftServerConfigKeys (ConfUtils.java:logGet(43)) - raft.server.log.statemachine.data.sync.timeout = 10s (default)
2019-08-29 23:06:07,039 [pool-419-thread-1] INFO  server.RaftServerConfigKeys (ConfUtils.java:logGet(43)) - raft.server.log.statemachine.data.sync.timeout.retry = -1 (default)
2019-08-29 23:06:07,040 [pool-419-thread-1] INFO  server.RaftServerConfigKeys (ConfUtils.java:logGet(43)) - raft.server.log.statemachine.data.caching.enabled = true (custom)
2019-08-29 23:06:07,040 [pool-419-thread-1] INFO  segmented.SegmentedRaftLogWorker (SegmentedRaftLogWorker.java:lambda$new$0(132)) - a4665db9-b31b-4d0b-b60e-b10125f1dc2f-SegmentedRaftLogWorker:Storage Directory /workdir/hadoop-ozone/integration-test/target/test-dir/MiniOzoneClusterImpl-fc4714e6-2d25-43ae-aa3c-bb84b829e8c3/datanode-1/data/ratis/1d3067f6-86a2-485a-ab7a-0aba8d42e045: flushIndex: setUnconditionally 0 -> -1
2019-08-29 23:06:07,040 [pool-419-thread-1] INFO  server.RaftServerConfigKeys (ConfUtils.java:logGet(43)) - raft.server.snapshot.auto.trigger.enabled = true (custom)
2019-08-29 23:06:07,040 [pool-419-thread-1] INFO  server.RaftServerConfigKeys (ConfUtils.java:logGet(43)) - raft.server.snapshot.auto.trigger.threshold = 10000 (custom)
2019-08-29 23:06:07,040 [pool-419-thread-1] INFO  server.RaftServerConfigKeys (ConfUtils.java:logGet(43)) - raft.server.retrycache.expirytime = 600000ms (custom)
2019-08-29 23:06:07,040 [pool-419-thread-1] INFO  impl.RaftServerImpl (RaftServerImpl.java:start(180)) - a4665db9-b31b-4d0b-b60e-b10125f1dc2f: start group-0ABA8D42E045
2019-08-29 23:06:07,041 [pool-419-thread-1] INFO  impl.RaftServerImpl (RaftServerImpl.java:setRole(171)) - a4665db9-b31b-4d0b-b60e-b10125f1dc2f:group-0ABA8D42E045 changes role from null to FOLLOWER at term 0 for startAsFollower
2019-08-29 23:06:07,041 [pool-419-thread-1] INFO  impl.RoleInfo (RoleInfo.java:updateAndGet(143)) - a4665db9-b31b-4d0b-b60e-b10125f1dc2f: start FollowerState
2019-08-29 23:06:07,041 [pool-419-thread-1] INFO  util.JmxRegister (JmxRegister.java:tryRegister(44)) - Successfully registered JMX Bean with object name Ratis:service=RaftServer,group=group-0ABA8D42E045,id=a4665db9-b31b-4d0b-b60e-b10125f1dc2f
2019-08-29 23:06:07,043 [RatisPipelineUtilsThread] INFO  pipeline.PipelineStateManager (PipelineStateManager.java:addPipeline(56)) - Created pipeline Pipeline[ Id: 1d3067f6-86a2-485a-ab7a-0aba8d42e045, Nodes: a4665db9-b31b-4d0b-b60e-b10125f1dc2f{ip: 192.168.5.176, host: pr-hdds-1783-trunk-hq4zp-549785682, networkLocation: /default-rack, certSerialId: null}, Type:RATIS, Factor:ONE, State:OPEN]
2019-08-29 23:06:07,082 [IPC Server handler 4 on 35072] INFO  net.NetworkTopology (NetworkTopologyImpl.java:add(110)) - Added a new node: /default-rack/69eced68-633e-4b51-8723-aa3cc7d01e54
2019-08-29 23:06:07,082 [IPC Server handler 4 on 35072] INFO  node.SCMNodeManager (SCMNodeManager.java:register(273)) - Registered Data node : 69eced68-633e-4b51-8723-aa3cc7d01e54{ip: 192.168.5.176, host: pr-hdds-1783-trunk-hq4zp-549785682, networkLocation: /default-rack, certSerialId: null}
2019-08-29 23:06:07,082 | INFO  | SCMAudit | user=jenkins1000 | ip=192.168.5.176 | op=REGISTER {datanodeDetails=69eced68-633e-4b51-8723-aa3cc7d01e54{ip: 192.168.5.176, host: pr-hdds-1783-trunk-hq4zp-549785682, networkLocation: /default-rack, certSerialId: null}} | ret=SUCCESS |  
2019-08-29 23:06:07,088 [grpc-default-executor-4] INFO  impl.RaftServerProxy (RaftServerProxy.java:addNew(89)) - 69eced68-633e-4b51-8723-aa3cc7d01e54: addNew group-4BFF0E5C9C5A:[69eced68-633e-4b51-8723-aa3cc7d01e54:192.168.5.176:41028] returns group-4BFF0E5C9C5A:java.util.concurrent.CompletableFuture@6fe3a027[Not completed]
2019-08-29 23:06:07,089 [pool-429-thread-1] INFO  impl.RaftServerImpl (RaftServerImpl.java:<init>(93)) - 69eced68-633e-4b51-8723-aa3cc7d01e54: new RaftServerImpl for group-4BFF0E5C9C5A:[69eced68-633e-4b51-8723-aa3cc7d01e54:192.168.5.176:41028] with ContainerStateMachine:uninitialized
2019-08-29 23:06:07,089 [pool-429-thread-1] INFO  server.RaftServerConfigKeys (ConfUtils.java:logGet(43)) - raft.server.rpc.timeout.min = 5s (custom)
2019-08-29 23:06:07,090 [pool-429-thread-1] INFO  server.RaftServerConfigKeys (ConfUtils.java:logGet(43)) - raft.server.rpc.timeout.max = 5200ms (custom)
2019-08-29 23:06:07,090 [pool-429-thread-1] INFO  server.RaftServerConfigKeys (ConfUtils.java:logGet(43)) - raft.server.rpcslowness.timeout = 120s (custom)
2019-08-29 23:06:07,090 [pool-429-thread-1] INFO  server.RaftServerConfigKeys (ConfUtils.java:logGet(43)) - raft.server.sleep.deviation.threshold = 300 (default)
2019-08-29 23:06:07,090 [pool-429-thread-1] INFO  server.RaftServerConfigKeys (ConfUtils.java:logGet(43)) - raft.server.log.appender.install.snapshot.enabled = false (custom)
2019-08-29 23:06:07,090 [pool-429-thread-1] INFO  impl.RaftServerImpl (ServerState.java:<init>(105)) - 69eced68-633e-4b51-8723-aa3cc7d01e54:group-4BFF0E5C9C5A ConfigurationManager, init=-1: [69eced68-633e-4b51-8723-aa3cc7d01e54:192.168.5.176:41028], old=null, confs=<EMPTY_MAP>
2019-08-29 23:06:07,090 [pool-429-thread-1] INFO  server.RaftServerConfigKeys (ConfUtils.java:logGet(43)) - raft.server.storage.dir = [/workdir/hadoop-ozone/integration-test/target/test-dir/MiniOzoneClusterImpl-fc4714e6-2d25-43ae-aa3c-bb84b829e8c3/datanode-2/data/ratis] (custom)
2019-08-29 23:06:07,091 [pool-429-thread-1] INFO  storage.RaftStorageDirectory (RaftStorageDirectory.java:analyzeStorage(246)) - The storage directory /workdir/hadoop-ozone/integration-test/target/test-dir/MiniOzoneClusterImpl-fc4714e6-2d25-43ae-aa3c-bb84b829e8c3/datanode-2/data/ratis/e6a95782-7c4f-4325-9991-4bff0e5c9c5a does not exist. Creating ...
2019-08-29 23:06:07,104 [pool-429-thread-1] INFO  storage.RaftStorageDirectory (RaftStorageDirectory.java:tryLock(328)) - Lock on /workdir/hadoop-ozone/integration-test/target/test-dir/MiniOzoneClusterImpl-fc4714e6-2d25-43ae-aa3c-bb84b829e8c3/datanode-2/data/ratis/e6a95782-7c4f-4325-9991-4bff0e5c9c5a/in_use.lock acquired by nodename 27525@pr-hdds-1783-trunk-hq4zp-549785682
2019-08-29 23:06:07,108 [pool-429-thread-1] INFO  storage.RaftStorage (RaftStorage.java:format(72)) - Storage directory /workdir/hadoop-ozone/integration-test/target/test-dir/MiniOzoneClusterImpl-fc4714e6-2d25-43ae-aa3c-bb84b829e8c3/datanode-2/data/ratis/e6a95782-7c4f-4325-9991-4bff0e5c9c5a has been successfully formatted.
2019-08-29 23:06:07,108 [pool-429-thread-1] INFO  ratis.ContainerStateMachine (ContainerStateMachine.java:loadSnapshot(227)) - group-4BFF0E5C9C5A: The snapshot info is null. Setting the last applied indexto:(t:0, i:~)
2019-08-29 23:06:07,108 [pool-429-thread-1] INFO  server.RaftServerConfigKeys (ConfUtils.java:logGet(43)) - raft.server.leader.election.timeout = 120s (custom)
2019-08-29 23:06:07,108 [pool-429-thread-1] INFO  server.RaftServerConfigKeys (ConfUtils.java:logGet(43)) - raft.server.log.use.memory = false (default)
2019-08-29 23:06:07,108 [pool-429-thread-1] INFO  server.RaftServerConfigKeys (ConfUtils.java:logGet(43)) - raft.server.log.purge.gap = 1000000 (custom)
2019-08-29 23:06:07,109 [pool-429-thread-1] INFO  server.RaftServerConfigKeys (ConfUtils.java:logGet(43)) - raft.server.log.appender.buffer.byte-limit = 33554432 (custom)
2019-08-29 23:06:07,109 [pool-429-thread-1] INFO  server.RaftServerConfigKeys (ConfUtils.java:logGet(43)) - raft.server.log.segment.size.max = 1048576 (custom)
2019-08-29 23:06:07,109 [pool-429-thread-1] INFO  server.RaftServerConfigKeys (ConfUtils.java:logGet(43)) - raft.server.log.segment.cache.num.max = 2 (custom)
2019-08-29 23:06:07,109 [pool-429-thread-1] INFO  segmented.SegmentedRaftLogWorker (SegmentedRaftLogWorker.java:<init>(172)) - new 69eced68-633e-4b51-8723-aa3cc7d01e54-SegmentedRaftLogWorker:Storage Directory /workdir/hadoop-ozone/integration-test/target/test-dir/MiniOzoneClusterImpl-fc4714e6-2d25-43ae-aa3c-bb84b829e8c3/datanode-2/data/ratis/e6a95782-7c4f-4325-9991-4bff0e5c9c5a for RaftStorage:Storage Directory /workdir/hadoop-ozone/integration-test/target/test-dir/MiniOzoneClusterImpl-fc4714e6-2d25-43ae-aa3c-bb84b829e8c3/datanode-2/data/ratis/e6a95782-7c4f-4325-9991-4bff0e5c9c5a
2019-08-29 23:06:07,109 [pool-429-thread-1] INFO  server.RaftServerConfigKeys (ConfUtils.java:logGet(43)) - raft.server.log.queue.byte-limit = 2147483647 (custom)
2019-08-29 23:06:07,109 [pool-429-thread-1] INFO  server.RaftServerConfigKeys (ConfUtils.java:logGet(43)) - raft.server.log.queue.element-limit = 1024 (custom)
2019-08-29 23:06:07,110 [pool-429-thread-1] INFO  server.RaftServerConfigKeys (ConfUtils.java:logGet(43)) - raft.server.log.segment.size.max = 1048576 (custom)
2019-08-29 23:06:07,110 [pool-429-thread-1] INFO  server.RaftServerConfigKeys (ConfUtils.java:logGet(43)) - raft.server.log.preallocated.size = 16384 (custom)
2019-08-29 23:06:07,110 [pool-429-thread-1] INFO  server.RaftServerConfigKeys (ConfUtils.java:logGet(43)) - raft.server.log.write.buffer.size = 33554432 (custom)
2019-08-29 23:06:07,110 [pool-429-thread-1] INFO  server.RaftServerConfigKeys (ConfUtils.java:logGet(43)) - raft.server.log.force.sync.num = 128 (default)
2019-08-29 23:06:07,110 [pool-429-thread-1] INFO  server.RaftServerConfigKeys (ConfUtils.java:logGet(43)) - raft.server.log.statemachine.data.sync = true (default)
2019-08-29 23:06:07,110 [pool-429-thread-1] INFO  server.RaftServerConfigKeys (ConfUtils.java:logGet(43)) - raft.server.log.statemachine.data.sync.timeout = 10s (default)
2019-08-29 23:06:07,111 [pool-429-thread-1] INFO  server.RaftServerConfigKeys (ConfUtils.java:logGet(43)) - raft.server.log.statemachine.data.sync.timeout.retry = -1 (default)
2019-08-29 23:06:07,111 [pool-429-thread-1] INFO  server.RaftServerConfigKeys (ConfUtils.java:logGet(43)) - raft.server.log.statemachine.data.caching.enabled = true (custom)
2019-08-29 23:06:07,111 [pool-429-thread-1] INFO  segmented.SegmentedRaftLogWorker (SegmentedRaftLogWorker.java:lambda$new$0(132)) - 69eced68-633e-4b51-8723-aa3cc7d01e54-SegmentedRaftLogWorker:Storage Directory /workdir/hadoop-ozone/integration-test/target/test-dir/MiniOzoneClusterImpl-fc4714e6-2d25-43ae-aa3c-bb84b829e8c3/datanode-2/data/ratis/e6a95782-7c4f-4325-9991-4bff0e5c9c5a: flushIndex: setUnconditionally 0 -> -1
2019-08-29 23:06:07,112 [pool-429-thread-1] INFO  server.RaftServerConfigKeys (ConfUtils.java:logGet(43)) - raft.server.snapshot.auto.trigger.enabled = true (custom)
2019-08-29 23:06:07,112 [pool-429-thread-1] INFO  server.RaftServerConfigKeys (ConfUtils.java:logGet(43)) - raft.server.snapshot.auto.trigger.threshold = 10000 (custom)
2019-08-29 23:06:07,112 [pool-429-thread-1] INFO  server.RaftServerConfigKeys (ConfUtils.java:logGet(43)) - raft.server.retrycache.expirytime = 600000ms (custom)
2019-08-29 23:06:07,112 [pool-429-thread-1] INFO  impl.RaftServerImpl (RaftServerImpl.java:start(180)) - 69eced68-633e-4b51-8723-aa3cc7d01e54: start group-4BFF0E5C9C5A
2019-08-29 23:06:07,112 [pool-429-thread-1] INFO  impl.RaftServerImpl (RaftServerImpl.java:setRole(171)) - 69eced68-633e-4b51-8723-aa3cc7d01e54:group-4BFF0E5C9C5A changes role from null to FOLLOWER at term 0 for startAsFollower
2019-08-29 23:06:07,112 [pool-429-thread-1] INFO  impl.RoleInfo (RoleInfo.java:updateAndGet(143)) - 69eced68-633e-4b51-8723-aa3cc7d01e54: start FollowerState
2019-08-29 23:06:07,113 [pool-429-thread-1] INFO  util.JmxRegister (JmxRegister.java:tryRegister(44)) - Successfully registered JMX Bean with object name Ratis:service=RaftServer,group=group-4BFF0E5C9C5A,id=69eced68-633e-4b51-8723-aa3cc7d01e54
2019-08-29 23:06:07,115 [RatisPipelineUtilsThread] INFO  pipeline.PipelineStateManager (PipelineStateManager.java:addPipeline(56)) - Created pipeline Pipeline[ Id: e6a95782-7c4f-4325-9991-4bff0e5c9c5a, Nodes: 69eced68-633e-4b51-8723-aa3cc7d01e54{ip: 192.168.5.176, host: pr-hdds-1783-trunk-hq4zp-549785682, networkLocation: /default-rack, certSerialId: null}, Type:RATIS, Factor:ONE, State:OPEN]
2019-08-29 23:06:07,126 [grpc-default-executor-7] INFO  impl.RaftServerProxy (RaftServerProxy.java:addNew(89)) - eecc47d9-bcc9-4792-b0a1-bf4e20a348f5: addNew group-B0DBF3A8E54A:[a4665db9-b31b-4d0b-b60e-b10125f1dc2f:192.168.5.176:39139, eecc47d9-bcc9-4792-b0a1-bf4e20a348f5:192.168.5.176:39768, 69eced68-633e-4b51-8723-aa3cc7d01e54:192.168.5.176:41028] returns group-B0DBF3A8E54A:java.util.concurrent.CompletableFuture@e2d4a80[Not completed]
2019-08-29 23:06:07,126 [grpc-default-executor-4] INFO  impl.RaftServerProxy (RaftServerProxy.java:addNew(89)) - 69eced68-633e-4b51-8723-aa3cc7d01e54: addNew group-B0DBF3A8E54A:[a4665db9-b31b-4d0b-b60e-b10125f1dc2f:192.168.5.176:39139, eecc47d9-bcc9-4792-b0a1-bf4e20a348f5:192.168.5.176:39768, 69eced68-633e-4b51-8723-aa3cc7d01e54:192.168.5.176:41028] returns group-B0DBF3A8E54A:java.util.concurrent.CompletableFuture@6b316a94[Not completed]
2019-08-29 23:06:07,126 [grpc-default-executor-5] INFO  impl.RaftServerProxy (RaftServerProxy.java:addNew(89)) - a4665db9-b31b-4d0b-b60e-b10125f1dc2f: addNew group-B0DBF3A8E54A:[a4665db9-b31b-4d0b-b60e-b10125f1dc2f:192.168.5.176:39139, eecc47d9-bcc9-4792-b0a1-bf4e20a348f5:192.168.5.176:39768, 69eced68-633e-4b51-8723-aa3cc7d01e54:192.168.5.176:41028] returns group-B0DBF3A8E54A:java.util.concurrent.CompletableFuture@4a75c5fe[Not completed]
2019-08-29 23:06:07,128 [pool-419-thread-1] INFO  impl.RaftServerImpl (RaftServerImpl.java:<init>(93)) - a4665db9-b31b-4d0b-b60e-b10125f1dc2f: new RaftServerImpl for group-B0DBF3A8E54A:[a4665db9-b31b-4d0b-b60e-b10125f1dc2f:192.168.5.176:39139, eecc47d9-bcc9-4792-b0a1-bf4e20a348f5:192.168.5.176:39768, 69eced68-633e-4b51-8723-aa3cc7d01e54:192.168.5.176:41028] with ContainerStateMachine:uninitialized
2019-08-29 23:06:07,128 [pool-419-thread-1] INFO  server.RaftServerConfigKeys (ConfUtils.java:logGet(43)) - raft.server.rpc.timeout.min = 5s (custom)
2019-08-29 23:06:07,128 [pool-419-thread-1] INFO  server.RaftServerConfigKeys (ConfUtils.java:logGet(43)) - raft.server.rpc.timeout.max = 5200ms (custom)
2019-08-29 23:06:07,128 [pool-419-thread-1] INFO  server.RaftServerConfigKeys (ConfUtils.java:logGet(43)) - raft.server.rpcslowness.timeout = 120s (custom)
2019-08-29 23:06:07,128 [pool-419-thread-1] INFO  server.RaftServerConfigKeys (ConfUtils.java:logGet(43)) - raft.server.sleep.deviation.threshold = 300 (default)
2019-08-29 23:06:07,128 [pool-419-thread-1] INFO  server.RaftServerConfigKeys (ConfUtils.java:logGet(43)) - raft.server.log.appender.install.snapshot.enabled = false (custom)
2019-08-29 23:06:07,128 [pool-409-thread-1] INFO  impl.RaftServerImpl (RaftServerImpl.java:<init>(93)) - eecc47d9-bcc9-4792-b0a1-bf4e20a348f5: new RaftServerImpl for group-B0DBF3A8E54A:[a4665db9-b31b-4d0b-b60e-b10125f1dc2f:192.168.5.176:39139, eecc47d9-bcc9-4792-b0a1-bf4e20a348f5:192.168.5.176:39768, 69eced68-633e-4b51-8723-aa3cc7d01e54:192.168.5.176:41028] with ContainerStateMachine:uninitialized
2019-08-29 23:06:07,129 [pool-419-thread-1] INFO  impl.RaftServerImpl (ServerState.java:<init>(105)) - a4665db9-b31b-4d0b-b60e-b10125f1dc2f:group-B0DBF3A8E54A ConfigurationManager, init=-1: [a4665db9-b31b-4d0b-b60e-b10125f1dc2f:192.168.5.176:39139, eecc47d9-bcc9-4792-b0a1-bf4e20a348f5:192.168.5.176:39768, 69eced68-633e-4b51-8723-aa3cc7d01e54:192.168.5.176:41028], old=null, confs=<EMPTY_MAP>
2019-08-29 23:06:07,129 [pool-409-thread-1] INFO  server.RaftServerConfigKeys (ConfUtils.java:logGet(43)) - raft.server.rpc.timeout.min = 5s (custom)
2019-08-29 23:06:07,129 [pool-419-thread-1] INFO  server.RaftServerConfigKeys (ConfUtils.java:logGet(43)) - raft.server.storage.dir = [/workdir/hadoop-ozone/integration-test/target/test-dir/MiniOzoneClusterImpl-fc4714e6-2d25-43ae-aa3c-bb84b829e8c3/datanode-1/data/ratis] (custom)
2019-08-29 23:06:07,129 [pool-429-thread-1] INFO  impl.RaftServerImpl (RaftServerImpl.java:<init>(93)) - 69eced68-633e-4b51-8723-aa3cc7d01e54: new RaftServerImpl for group-B0DBF3A8E54A:[a4665db9-b31b-4d0b-b60e-b10125f1dc2f:192.168.5.176:39139, eecc47d9-bcc9-4792-b0a1-bf4e20a348f5:192.168.5.176:39768, 69eced68-633e-4b51-8723-aa3cc7d01e54:192.168.5.176:41028] with ContainerStateMachine:uninitialized
2019-08-29 23:06:07,129 [pool-409-thread-1] INFO  server.RaftServerConfigKeys (ConfUtils.java:logGet(43)) - raft.server.rpc.timeout.max = 5200ms (custom)
2019-08-29 23:06:07,129 [pool-419-thread-1] INFO  storage.RaftStorageDirectory (RaftStorageDirectory.java:analyzeStorage(246)) - The storage directory /workdir/hadoop-ozone/integration-test/target/test-dir/MiniOzoneClusterImpl-fc4714e6-2d25-43ae-aa3c-bb84b829e8c3/datanode-1/data/ratis/0a82692b-c24a-439f-926f-b0dbf3a8e54a does not exist. Creating ...
2019-08-29 23:06:07,129 [pool-429-thread-1] INFO  server.RaftServerConfigKeys (ConfUtils.java:logGet(43)) - raft.server.rpc.timeout.min = 5s (custom)
2019-08-29 23:06:07,129 [pool-409-thread-1] INFO  server.RaftServerConfigKeys (ConfUtils.java:logGet(43)) - raft.server.rpcslowness.timeout = 120s (custom)
2019-08-29 23:06:07,130 [pool-429-thread-1] INFO  server.RaftServerConfigKeys (ConfUtils.java:logGet(43)) - raft.server.rpc.timeout.max = 5200ms (custom)
2019-08-29 23:06:07,130 [pool-409-thread-1] INFO  server.RaftServerConfigKeys (ConfUtils.java:logGet(43)) - raft.server.sleep.deviation.threshold = 300 (default)
2019-08-29 23:06:07,130 [pool-429-thread-1] INFO  server.RaftServerConfigKeys (ConfUtils.java:logGet(43)) - raft.server.rpcslowness.timeout = 120s (custom)
2019-08-29 23:06:07,130 [pool-409-thread-1] INFO  server.RaftServerConfigKeys (ConfUtils.java:logGet(43)) - raft.server.log.appender.install.snapshot.enabled = false (custom)
2019-08-29 23:06:07,130 [pool-429-thread-1] INFO  server.RaftServerConfigKeys (ConfUtils.java:logGet(43)) - raft.server.sleep.deviation.threshold = 300 (default)
2019-08-29 23:06:07,130 [pool-409-thread-1] INFO  impl.RaftServerImpl (ServerState.java:<init>(105)) - eecc47d9-bcc9-4792-b0a1-bf4e20a348f5:group-B0DBF3A8E54A ConfigurationManager, init=-1: [a4665db9-b31b-4d0b-b60e-b10125f1dc2f:192.168.5.176:39139, eecc47d9-bcc9-4792-b0a1-bf4e20a348f5:192.168.5.176:39768, 69eced68-633e-4b51-8723-aa3cc7d01e54:192.168.5.176:41028], old=null, confs=<EMPTY_MAP>
2019-08-29 23:06:07,130 [pool-429-thread-1] INFO  server.RaftServerConfigKeys (ConfUtils.java:logGet(43)) - raft.server.log.appender.install.snapshot.enabled = false (custom)
2019-08-29 23:06:07,131 [pool-409-thread-1] INFO  server.RaftServerConfigKeys (ConfUtils.java:logGet(43)) - raft.server.storage.dir = [/workdir/hadoop-ozone/integration-test/target/test-dir/MiniOzoneClusterImpl-fc4714e6-2d25-43ae-aa3c-bb84b829e8c3/datanode-0/data/ratis] (custom)
2019-08-29 23:06:07,131 [pool-429-thread-1] INFO  impl.RaftServerImpl (ServerState.java:<init>(105)) - 69eced68-633e-4b51-8723-aa3cc7d01e54:group-B0DBF3A8E54A ConfigurationManager, init=-1: [a4665db9-b31b-4d0b-b60e-b10125f1dc2f:192.168.5.176:39139, eecc47d9-bcc9-4792-b0a1-bf4e20a348f5:192.168.5.176:39768, 69eced68-633e-4b51-8723-aa3cc7d01e54:192.168.5.176:41028], old=null, confs=<EMPTY_MAP>
2019-08-29 23:06:07,131 [pool-429-thread-1] INFO  server.RaftServerConfigKeys (ConfUtils.java:logGet(43)) - raft.server.storage.dir = [/workdir/hadoop-ozone/integration-test/target/test-dir/MiniOzoneClusterImpl-fc4714e6-2d25-43ae-aa3c-bb84b829e8c3/datanode-2/data/ratis] (custom)
2019-08-29 23:06:07,131 [pool-429-thread-1] INFO  storage.RaftStorageDirectory (RaftStorageDirectory.java:analyzeStorage(246)) - The storage directory /workdir/hadoop-ozone/integration-test/target/test-dir/MiniOzoneClusterImpl-fc4714e6-2d25-43ae-aa3c-bb84b829e8c3/datanode-2/data/ratis/0a82692b-c24a-439f-926f-b0dbf3a8e54a does not exist. Creating ...
2019-08-29 23:06:07,132 [pool-409-thread-1] INFO  storage.RaftStorageDirectory (RaftStorageDirectory.java:analyzeStorage(246)) - The storage directory /workdir/hadoop-ozone/integration-test/target/test-dir/MiniOzoneClusterImpl-fc4714e6-2d25-43ae-aa3c-bb84b829e8c3/datanode-0/data/ratis/0a82692b-c24a-439f-926f-b0dbf3a8e54a does not exist. Creating ...
2019-08-29 23:06:07,134 [pool-419-thread-1] INFO  storage.RaftStorageDirectory (RaftStorageDirectory.java:tryLock(328)) - Lock on /workdir/hadoop-ozone/integration-test/target/test-dir/MiniOzoneClusterImpl-fc4714e6-2d25-43ae-aa3c-bb84b829e8c3/datanode-1/data/ratis/0a82692b-c24a-439f-926f-b0dbf3a8e54a/in_use.lock acquired by nodename 27525@pr-hdds-1783-trunk-hq4zp-549785682
2019-08-29 23:06:07,137 [pool-409-thread-1] INFO  storage.RaftStorageDirectory (RaftStorageDirectory.java:tryLock(328)) - Lock on /workdir/hadoop-ozone/integration-test/target/test-dir/MiniOzoneClusterImpl-fc4714e6-2d25-43ae-aa3c-bb84b829e8c3/datanode-0/data/ratis/0a82692b-c24a-439f-926f-b0dbf3a8e54a/in_use.lock acquired by nodename 27525@pr-hdds-1783-trunk-hq4zp-549785682
2019-08-29 23:06:07,137 [pool-419-thread-1] INFO  storage.RaftStorage (RaftStorage.java:format(72)) - Storage directory /workdir/hadoop-ozone/integration-test/target/test-dir/MiniOzoneClusterImpl-fc4714e6-2d25-43ae-aa3c-bb84b829e8c3/datanode-1/data/ratis/0a82692b-c24a-439f-926f-b0dbf3a8e54a has been successfully formatted.
2019-08-29 23:06:07,137 [pool-429-thread-1] INFO  storage.RaftStorageDirectory (RaftStorageDirectory.java:tryLock(328)) - Lock on /workdir/hadoop-ozone/integration-test/target/test-dir/MiniOzoneClusterImpl-fc4714e6-2d25-43ae-aa3c-bb84b829e8c3/datanode-2/data/ratis/0a82692b-c24a-439f-926f-b0dbf3a8e54a/in_use.lock acquired by nodename 27525@pr-hdds-1783-trunk-hq4zp-549785682
2019-08-29 23:06:07,138 [pool-419-thread-1] INFO  ratis.ContainerStateMachine (ContainerStateMachine.java:loadSnapshot(227)) - group-B0DBF3A8E54A: The snapshot info is null. Setting the last applied indexto:(t:0, i:~)
2019-08-29 23:06:07,138 [pool-419-thread-1] INFO  server.RaftServerConfigKeys (ConfUtils.java:logGet(43)) - raft.server.leader.election.timeout = 120s (custom)
2019-08-29 23:06:07,138 [pool-419-thread-1] INFO  server.RaftServerConfigKeys (ConfUtils.java:logGet(43)) - raft.server.log.use.memory = false (default)
2019-08-29 23:06:07,138 [pool-419-thread-1] INFO  server.RaftServerConfigKeys (ConfUtils.java:logGet(43)) - raft.server.log.purge.gap = 1000000 (custom)
2019-08-29 23:06:07,138 [pool-419-thread-1] INFO  server.RaftServerConfigKeys (ConfUtils.java:logGet(43)) - raft.server.log.appender.buffer.byte-limit = 33554432 (custom)
2019-08-29 23:06:07,139 [pool-419-thread-1] INFO  server.RaftServerConfigKeys (ConfUtils.java:logGet(43)) - raft.server.log.segment.size.max = 1048576 (custom)
2019-08-29 23:06:07,139 [pool-419-thread-1] INFO  server.RaftServerConfigKeys (ConfUtils.java:logGet(43)) - raft.server.log.segment.cache.num.max = 2 (custom)
2019-08-29 23:06:07,139 [pool-419-thread-1] INFO  segmented.SegmentedRaftLogWorker (SegmentedRaftLogWorker.java:<init>(172)) - new a4665db9-b31b-4d0b-b60e-b10125f1dc2f-SegmentedRaftLogWorker:Storage Directory /workdir/hadoop-ozone/integration-test/target/test-dir/MiniOzoneClusterImpl-fc4714e6-2d25-43ae-aa3c-bb84b829e8c3/datanode-1/data/ratis/0a82692b-c24a-439f-926f-b0dbf3a8e54a for RaftStorage:Storage Directory /workdir/hadoop-ozone/integration-test/target/test-dir/MiniOzoneClusterImpl-fc4714e6-2d25-43ae-aa3c-bb84b829e8c3/datanode-1/data/ratis/0a82692b-c24a-439f-926f-b0dbf3a8e54a
2019-08-29 23:06:07,139 [pool-419-thread-1] INFO  server.RaftServerConfigKeys (ConfUtils.java:logGet(43)) - raft.server.log.queue.byte-limit = 2147483647 (custom)
2019-08-29 23:06:07,139 [IPC Server handler 5 on 35072] INFO  net.NetworkTopology (NetworkTopologyImpl.java:add(110)) - Added a new node: /default-rack/f20020a9-6aa7-48f1-914d-cfe5895fa638
2019-08-29 23:06:07,139 [pool-419-thread-1] INFO  server.RaftServerConfigKeys (ConfUtils.java:logGet(43)) - raft.server.log.queue.element-limit = 1024 (custom)
2019-08-29 23:06:07,140 [IPC Server handler 5 on 35072] INFO  node.SCMNodeManager (SCMNodeManager.java:register(273)) - Registered Data node : f20020a9-6aa7-48f1-914d-cfe5895fa638{ip: 192.168.5.176, host: pr-hdds-1783-trunk-hq4zp-549785682, networkLocation: /default-rack, certSerialId: null}
2019-08-29 23:06:07,140 [pool-419-thread-1] INFO  server.RaftServerConfigKeys (ConfUtils.java:logGet(43)) - raft.server.log.segment.size.max = 1048576 (custom)
2019-08-29 23:06:07,140 | INFO  | SCMAudit | user=jenkins1000 | ip=192.168.5.176 | op=REGISTER {datanodeDetails=f20020a9-6aa7-48f1-914d-cfe5895fa638{ip: 192.168.5.176, host: pr-hdds-1783-trunk-hq4zp-549785682, networkLocation: /default-rack, certSerialId: null}} | ret=SUCCESS |  
2019-08-29 23:06:07,140 [pool-419-thread-1] INFO  server.RaftServerConfigKeys (ConfUtils.java:logGet(43)) - raft.server.log.preallocated.size = 16384 (custom)
2019-08-29 23:06:07,140 [pool-419-thread-1] INFO  server.RaftServerConfigKeys (ConfUtils.java:logGet(43)) - raft.server.log.write.buffer.size = 33554432 (custom)
2019-08-29 23:06:07,140 [pool-419-thread-1] INFO  server.RaftServerConfigKeys (ConfUtils.java:logGet(43)) - raft.server.log.force.sync.num = 128 (default)
2019-08-29 23:06:07,140 [pool-419-thread-1] INFO  server.RaftServerConfigKeys (ConfUtils.java:logGet(43)) - raft.server.log.statemachine.data.sync = true (default)
2019-08-29 23:06:07,140 [pool-409-thread-1] INFO  storage.RaftStorage (RaftStorage.java:format(72)) - Storage directory /workdir/hadoop-ozone/integration-test/target/test-dir/MiniOzoneClusterImpl-fc4714e6-2d25-43ae-aa3c-bb84b829e8c3/datanode-0/data/ratis/0a82692b-c24a-439f-926f-b0dbf3a8e54a has been successfully formatted.
2019-08-29 23:06:07,140 [pool-429-thread-1] INFO  storage.RaftStorage (RaftStorage.java:format(72)) - Storage directory /workdir/hadoop-ozone/integration-test/target/test-dir/MiniOzoneClusterImpl-fc4714e6-2d25-43ae-aa3c-bb84b829e8c3/datanode-2/data/ratis/0a82692b-c24a-439f-926f-b0dbf3a8e54a has been successfully formatted.
2019-08-29 23:06:07,141 [pool-409-thread-1] INFO  ratis.ContainerStateMachine (ContainerStateMachine.java:loadSnapshot(227)) - group-B0DBF3A8E54A: The snapshot info is null. Setting the last applied indexto:(t:0, i:~)
2019-08-29 23:06:07,141 [pool-429-thread-1] INFO  ratis.ContainerStateMachine (ContainerStateMachine.java:loadSnapshot(227)) - group-B0DBF3A8E54A: The snapshot info is null. Setting the last applied indexto:(t:0, i:~)
2019-08-29 23:06:07,140 [pool-419-thread-1] INFO  server.RaftServerConfigKeys (ConfUtils.java:logGet(43)) - raft.server.log.statemachine.data.sync.timeout = 10s (default)
2019-08-29 23:06:07,141 [pool-429-thread-1] INFO  server.RaftServerConfigKeys (ConfUtils.java:logGet(43)) - raft.server.leader.election.timeout = 120s (custom)
2019-08-29 23:06:07,141 [pool-409-thread-1] INFO  server.RaftServerConfigKeys (ConfUtils.java:logGet(43)) - raft.server.leader.election.timeout = 120s (custom)
2019-08-29 23:06:07,141 [pool-429-thread-1] INFO  server.RaftServerConfigKeys (ConfUtils.java:logGet(43)) - raft.server.log.use.memory = false (default)
2019-08-29 23:06:07,142 [pool-429-thread-1] INFO  server.RaftServerConfigKeys (ConfUtils.java:logGet(43)) - raft.server.log.purge.gap = 1000000 (custom)
2019-08-29 23:06:07,141 [pool-419-thread-1] INFO  server.RaftServerConfigKeys (ConfUtils.java:logGet(43)) - raft.server.log.statemachine.data.sync.timeout.retry = -1 (default)
2019-08-29 23:06:07,142 [pool-429-thread-1] INFO  server.RaftServerConfigKeys (ConfUtils.java:logGet(43)) - raft.server.log.appender.buffer.byte-limit = 33554432 (custom)
2019-08-29 23:06:07,141 [pool-409-thread-1] INFO  server.RaftServerConfigKeys (ConfUtils.java:logGet(43)) - raft.server.log.use.memory = false (default)
2019-08-29 23:06:07,142 [pool-429-thread-1] INFO  server.RaftServerConfigKeys (ConfUtils.java:logGet(43)) - raft.server.log.segment.size.max = 1048576 (custom)
2019-08-29 23:06:07,142 [pool-419-thread-1] INFO  server.RaftServerConfigKeys (ConfUtils.java:logGet(43)) - raft.server.log.statemachine.data.caching.enabled = true (custom)
2019-08-29 23:06:07,142 [pool-429-thread-1] INFO  server.RaftServerConfigKeys (ConfUtils.java:logGet(43)) - raft.server.log.segment.cache.num.max = 2 (custom)
2019-08-29 23:06:07,142 [pool-409-thread-1] INFO  server.RaftServerConfigKeys (ConfUtils.java:logGet(43)) - raft.server.log.purge.gap = 1000000 (custom)
2019-08-29 23:06:07,143 [pool-419-thread-1] INFO  segmented.SegmentedRaftLogWorker (SegmentedRaftLogWorker.java:lambda$new$0(132)) - a4665db9-b31b-4d0b-b60e-b10125f1dc2f-SegmentedRaftLogWorker:Storage Directory /workdir/hadoop-ozone/integration-test/target/test-dir/MiniOzoneClusterImpl-fc4714e6-2d25-43ae-aa3c-bb84b829e8c3/datanode-1/data/ratis/0a82692b-c24a-439f-926f-b0dbf3a8e54a: flushIndex: setUnconditionally 0 -> -1
2019-08-29 23:06:07,143 [pool-429-thread-1] INFO  segmented.SegmentedRaftLogWorker (SegmentedRaftLogWorker.java:<init>(172)) - new 69eced68-633e-4b51-8723-aa3cc7d01e54-SegmentedRaftLogWorker:Storage Directory /workdir/hadoop-ozone/integration-test/target/test-dir/MiniOzoneClusterImpl-fc4714e6-2d25-43ae-aa3c-bb84b829e8c3/datanode-2/data/ratis/0a82692b-c24a-439f-926f-b0dbf3a8e54a for RaftStorage:Storage Directory /workdir/hadoop-ozone/integration-test/target/test-dir/MiniOzoneClusterImpl-fc4714e6-2d25-43ae-aa3c-bb84b829e8c3/datanode-2/data/ratis/0a82692b-c24a-439f-926f-b0dbf3a8e54a
2019-08-29 23:06:07,143 [pool-409-thread-1] INFO  server.RaftServerConfigKeys (ConfUtils.java:logGet(43)) - raft.server.log.appender.buffer.byte-limit = 33554432 (custom)
2019-08-29 23:06:07,143 [pool-419-thread-1] INFO  server.RaftServerConfigKeys (ConfUtils.java:logGet(43)) - raft.server.snapshot.auto.trigger.enabled = true (custom)
2019-08-29 23:06:07,143 [pool-429-thread-1] INFO  server.RaftServerConfigKeys (ConfUtils.java:logGet(43)) - raft.server.log.queue.byte-limit = 2147483647 (custom)
2019-08-29 23:06:07,143 [pool-419-thread-1] INFO  server.RaftServerConfigKeys (ConfUtils.java:logGet(43)) - raft.server.snapshot.auto.trigger.threshold = 10000 (custom)
2019-08-29 23:06:07,143 [pool-409-thread-1] INFO  server.RaftServerConfigKeys (ConfUtils.java:logGet(43)) - raft.server.log.segment.size.max = 1048576 (custom)
2019-08-29 23:06:07,144 [pool-419-thread-1] INFO  server.RaftServerConfigKeys (ConfUtils.java:logGet(43)) - raft.server.retrycache.expirytime = 600000ms (custom)
2019-08-29 23:06:07,143 [pool-429-thread-1] INFO  server.RaftServerConfigKeys (ConfUtils.java:logGet(43)) - raft.server.log.queue.element-limit = 1024 (custom)
2019-08-29 23:06:07,144 [pool-419-thread-1] INFO  impl.RaftServerImpl (RaftServerImpl.java:start(180)) - a4665db9-b31b-4d0b-b60e-b10125f1dc2f: start group-B0DBF3A8E54A
2019-08-29 23:06:07,144 [pool-409-thread-1] INFO  server.RaftServerConfigKeys (ConfUtils.java:logGet(43)) - raft.server.log.segment.cache.num.max = 2 (custom)
2019-08-29 23:06:07,144 [pool-419-thread-1] INFO  impl.RaftServerImpl (RaftServerImpl.java:setRole(171)) - a4665db9-b31b-4d0b-b60e-b10125f1dc2f:group-B0DBF3A8E54A changes role from null to FOLLOWER at term 0 for startAsFollower
2019-08-29 23:06:07,144 [pool-429-thread-1] INFO  server.RaftServerConfigKeys (ConfUtils.java:logGet(43)) - raft.server.log.segment.size.max = 1048576 (custom)
2019-08-29 23:06:07,144 [pool-419-thread-1] INFO  impl.RoleInfo (RoleInfo.java:updateAndGet(143)) - a4665db9-b31b-4d0b-b60e-b10125f1dc2f: start FollowerState
2019-08-29 23:06:07,144 [pool-409-thread-1] INFO  segmented.SegmentedRaftLogWorker (SegmentedRaftLogWorker.java:<init>(172)) - new eecc47d9-bcc9-4792-b0a1-bf4e20a348f5-SegmentedRaftLogWorker:Storage Directory /workdir/hadoop-ozone/integration-test/target/test-dir/MiniOzoneClusterImpl-fc4714e6-2d25-43ae-aa3c-bb84b829e8c3/datanode-0/data/ratis/0a82692b-c24a-439f-926f-b0dbf3a8e54a for RaftStorage:Storage Directory /workdir/hadoop-ozone/integration-test/target/test-dir/MiniOzoneClusterImpl-fc4714e6-2d25-43ae-aa3c-bb84b829e8c3/datanode-0/data/ratis/0a82692b-c24a-439f-926f-b0dbf3a8e54a
2019-08-29 23:06:07,145 [pool-429-thread-1] INFO  server.RaftServerConfigKeys (ConfUtils.java:logGet(43)) - raft.server.log.preallocated.size = 16384 (custom)
2019-08-29 23:06:07,145 [pool-409-thread-1] INFO  server.RaftServerConfigKeys (ConfUtils.java:logGet(43)) - raft.server.log.queue.byte-limit = 2147483647 (custom)
2019-08-29 23:06:07,156 [pool-419-thread-1] INFO  util.JmxRegister (JmxRegister.java:tryRegister(44)) - Successfully registered JMX Bean with object name Ratis:service=RaftServer,group=group-B0DBF3A8E54A,id=a4665db9-b31b-4d0b-b60e-b10125f1dc2f
2019-08-29 23:06:07,145 [pool-429-thread-1] INFO  server.RaftServerConfigKeys (ConfUtils.java:logGet(43)) - raft.server.log.write.buffer.size = 33554432 (custom)
2019-08-29 23:06:07,156 [pool-409-thread-1] INFO  server.RaftServerConfigKeys (ConfUtils.java:logGet(43)) - raft.server.log.queue.element-limit = 1024 (custom)
2019-08-29 23:06:07,156 [pool-429-thread-1] INFO  server.RaftServerConfigKeys (ConfUtils.java:logGet(43)) - raft.server.log.force.sync.num = 128 (default)
2019-08-29 23:06:07,161 [pool-409-thread-1] INFO  server.RaftServerConfigKeys (ConfUtils.java:logGet(43)) - raft.server.log.segment.size.max = 1048576 (custom)
2019-08-29 23:06:07,161 [pool-429-thread-1] INFO  server.RaftServerConfigKeys (ConfUtils.java:logGet(43)) - raft.server.log.statemachine.data.sync = true (default)
2019-08-29 23:06:07,162 [pool-409-thread-1] INFO  server.RaftServerConfigKeys (ConfUtils.java:logGet(43)) - raft.server.log.preallocated.size = 16384 (custom)
2019-08-29 23:06:07,162 [pool-429-thread-1] INFO  server.RaftServerConfigKeys (ConfUtils.java:logGet(43)) - raft.server.log.statemachine.data.sync.timeout = 10s (default)
2019-08-29 23:06:07,162 [pool-409-thread-1] INFO  server.RaftServerConfigKeys (ConfUtils.java:logGet(43)) - raft.server.log.write.buffer.size = 33554432 (custom)
2019-08-29 23:06:07,162 [pool-429-thread-1] INFO  server.RaftServerConfigKeys (ConfUtils.java:logGet(43)) - raft.server.log.statemachine.data.sync.timeout.retry = -1 (default)
2019-08-29 23:06:07,162 [pool-409-thread-1] INFO  server.RaftServerConfigKeys (ConfUtils.java:logGet(43)) - raft.server.log.force.sync.num = 128 (default)
2019-08-29 23:06:07,162 [pool-429-thread-1] INFO  server.RaftServerConfigKeys (ConfUtils.java:logGet(43)) - raft.server.log.statemachine.data.caching.enabled = true (custom)
2019-08-29 23:06:07,162 [pool-409-thread-1] INFO  server.RaftServerConfigKeys (ConfUtils.java:logGet(43)) - raft.server.log.statemachine.data.sync = true (default)
2019-08-29 23:06:07,163 [pool-409-thread-1] INFO  server.RaftServerConfigKeys (ConfUtils.java:logGet(43)) - raft.server.log.statemachine.data.sync.timeout = 10s (default)
2019-08-29 23:06:07,163 [pool-429-thread-1] INFO  segmented.SegmentedRaftLogWorker (SegmentedRaftLogWorker.java:lambda$new$0(132)) - 69eced68-633e-4b51-8723-aa3cc7d01e54-SegmentedRaftLogWorker:Storage Directory /workdir/hadoop-ozone/integration-test/target/test-dir/MiniOzoneClusterImpl-fc4714e6-2d25-43ae-aa3c-bb84b829e8c3/datanode-2/data/ratis/0a82692b-c24a-439f-926f-b0dbf3a8e54a: flushIndex: setUnconditionally 0 -> -1
2019-08-29 23:06:07,163 [pool-409-thread-1] INFO  server.RaftServerConfigKeys (ConfUtils.java:logGet(43)) - raft.server.log.statemachine.data.sync.timeout.retry = -1 (default)
2019-08-29 23:06:07,163 [pool-409-thread-1] INFO  server.RaftServerConfigKeys (ConfUtils.java:logGet(43)) - raft.server.log.statemachine.data.caching.enabled = true (custom)
2019-08-29 23:06:07,163 [pool-429-thread-1] INFO  server.RaftServerConfigKeys (ConfUtils.java:logGet(43)) - raft.server.snapshot.auto.trigger.enabled = true (custom)
2019-08-29 23:06:07,163 [pool-429-thread-1] INFO  server.RaftServerConfigKeys (ConfUtils.java:logGet(43)) - raft.server.snapshot.auto.trigger.threshold = 10000 (custom)
2019-08-29 23:06:07,163 [pool-409-thread-1] INFO  segmented.SegmentedRaftLogWorker (SegmentedRaftLogWorker.java:lambda$new$0(132)) - eecc47d9-bcc9-4792-b0a1-bf4e20a348f5-SegmentedRaftLogWorker:Storage Directory /workdir/hadoop-ozone/integration-test/target/test-dir/MiniOzoneClusterImpl-fc4714e6-2d25-43ae-aa3c-bb84b829e8c3/datanode-0/data/ratis/0a82692b-c24a-439f-926f-b0dbf3a8e54a: flushIndex: setUnconditionally 0 -> -1
2019-08-29 23:06:07,164 [pool-429-thread-1] INFO  server.RaftServerConfigKeys (ConfUtils.java:logGet(43)) - raft.server.retrycache.expirytime = 600000ms (custom)
2019-08-29 23:06:07,164 [pool-409-thread-1] INFO  server.RaftServerConfigKeys (ConfUtils.java:logGet(43)) - raft.server.snapshot.auto.trigger.enabled = true (custom)
2019-08-29 23:06:07,164 [pool-429-thread-1] INFO  impl.RaftServerImpl (RaftServerImpl.java:start(180)) - 69eced68-633e-4b51-8723-aa3cc7d01e54: start group-B0DBF3A8E54A
2019-08-29 23:06:07,164 [pool-409-thread-1] INFO  server.RaftServerConfigKeys (ConfUtils.java:logGet(43)) - raft.server.snapshot.auto.trigger.threshold = 10000 (custom)
2019-08-29 23:06:07,164 [pool-429-thread-1] INFO  impl.RaftServerImpl (RaftServerImpl.java:setRole(171)) - 69eced68-633e-4b51-8723-aa3cc7d01e54:group-B0DBF3A8E54A changes role from null to FOLLOWER at term 0 for startAsFollower
2019-08-29 23:06:07,164 [pool-409-thread-1] INFO  server.RaftServerConfigKeys (ConfUtils.java:logGet(43)) - raft.server.retrycache.expirytime = 600000ms (custom)
2019-08-29 23:06:07,164 [pool-429-thread-1] INFO  impl.RoleInfo (RoleInfo.java:updateAndGet(143)) - 69eced68-633e-4b51-8723-aa3cc7d01e54: start FollowerState
2019-08-29 23:06:07,164 [pool-409-thread-1] INFO  impl.RaftServerImpl (RaftServerImpl.java:start(180)) - eecc47d9-bcc9-4792-b0a1-bf4e20a348f5: start group-B0DBF3A8E54A
2019-08-29 23:06:07,165 [pool-409-thread-1] INFO  impl.RaftServerImpl (RaftServerImpl.java:setRole(171)) - eecc47d9-bcc9-4792-b0a1-bf4e20a348f5:group-B0DBF3A8E54A changes role from null to FOLLOWER at term 0 for startAsFollower
2019-08-29 23:06:07,165 [pool-409-thread-1] INFO  impl.RoleInfo (RoleInfo.java:updateAndGet(143)) - eecc47d9-bcc9-4792-b0a1-bf4e20a348f5: start FollowerState
2019-08-29 23:06:07,165 [pool-429-thread-1] INFO  util.JmxRegister (JmxRegister.java:tryRegister(44)) - Successfully registered JMX Bean with object name Ratis:service=RaftServer,group=group-B0DBF3A8E54A,id=69eced68-633e-4b51-8723-aa3cc7d01e54
2019-08-29 23:06:07,165 [pool-409-thread-1] INFO  util.JmxRegister (JmxRegister.java:tryRegister(44)) - Successfully registered JMX Bean with object name Ratis:service=RaftServer,group=group-B0DBF3A8E54A,id=eecc47d9-bcc9-4792-b0a1-bf4e20a348f5
2019-08-29 23:06:07,167 [RatisPipelineUtilsThread] INFO  pipeline.PipelineStateManager (PipelineStateManager.java:addPipeline(56)) - Created pipeline Pipeline[ Id: 0a82692b-c24a-439f-926f-b0dbf3a8e54a, Nodes: 69eced68-633e-4b51-8723-aa3cc7d01e54{ip: 192.168.5.176, host: pr-hdds-1783-trunk-hq4zp-549785682, networkLocation: /default-rack, certSerialId: null}eecc47d9-bcc9-4792-b0a1-bf4e20a348f5{ip: 192.168.5.176, host: pr-hdds-1783-trunk-hq4zp-549785682, networkLocation: /default-rack, certSerialId: null}a4665db9-b31b-4d0b-b60e-b10125f1dc2f{ip: 192.168.5.176, host: pr-hdds-1783-trunk-hq4zp-549785682, networkLocation: /default-rack, certSerialId: null}, Type:RATIS, Factor:THREE, State:OPEN]
2019-08-29 23:06:07,239 [IPC Server handler 7 on 35072] INFO  net.NetworkTopology (NetworkTopologyImpl.java:add(110)) - Added a new node: /default-rack/36a44bf1-0214-4ae3-b56c-359c5b44ef6b
2019-08-29 23:06:07,239 [IPC Server handler 7 on 35072] INFO  node.SCMNodeManager (SCMNodeManager.java:register(273)) - Registered Data node : 36a44bf1-0214-4ae3-b56c-359c5b44ef6b{ip: 192.168.5.176, host: pr-hdds-1783-trunk-hq4zp-549785682, networkLocation: /default-rack, certSerialId: null}
2019-08-29 23:06:07,240 | INFO  | SCMAudit | user=jenkins1000 | ip=192.168.5.176 | op=REGISTER {datanodeDetails=36a44bf1-0214-4ae3-b56c-359c5b44ef6b{ip: 192.168.5.176, host: pr-hdds-1783-trunk-hq4zp-549785682, networkLocation: /default-rack, certSerialId: null}} | ret=SUCCESS |  
2019-08-29 23:06:07,247 [grpc-default-executor-5] INFO  impl.RaftServerProxy (RaftServerProxy.java:addNew(89)) - f20020a9-6aa7-48f1-914d-cfe5895fa638: addNew group-C59C53297E53:[f20020a9-6aa7-48f1-914d-cfe5895fa638:192.168.5.176:38642] returns group-C59C53297E53:java.util.concurrent.CompletableFuture@71c0f9b0[Not completed]
2019-08-29 23:06:07,248 [pool-439-thread-1] INFO  impl.RaftServerImpl (RaftServerImpl.java:<init>(93)) - f20020a9-6aa7-48f1-914d-cfe5895fa638: new RaftServerImpl for group-C59C53297E53:[f20020a9-6aa7-48f1-914d-cfe5895fa638:192.168.5.176:38642] with ContainerStateMachine:uninitialized
2019-08-29 23:06:07,248 [pool-439-thread-1] INFO  server.RaftServerConfigKeys (ConfUtils.java:logGet(43)) - raft.server.rpc.timeout.min = 5s (custom)
2019-08-29 23:06:07,248 [pool-439-thread-1] INFO  server.RaftServerConfigKeys (ConfUtils.java:logGet(43)) - raft.server.rpc.timeout.max = 5200ms (custom)
2019-08-29 23:06:07,248 [pool-439-thread-1] INFO  server.RaftServerConfigKeys (ConfUtils.java:logGet(43)) - raft.server.rpcslowness.timeout = 120s (custom)
2019-08-29 23:06:07,249 [pool-439-thread-1] INFO  server.RaftServerConfigKeys (ConfUtils.java:logGet(43)) - raft.server.sleep.deviation.threshold = 300 (default)
2019-08-29 23:06:07,249 [pool-439-thread-1] INFO  server.RaftServerConfigKeys (ConfUtils.java:logGet(43)) - raft.server.log.appender.install.snapshot.enabled = false (custom)
2019-08-29 23:06:07,249 [pool-439-thread-1] INFO  impl.RaftServerImpl (ServerState.java:<init>(105)) - f20020a9-6aa7-48f1-914d-cfe5895fa638:group-C59C53297E53 ConfigurationManager, init=-1: [f20020a9-6aa7-48f1-914d-cfe5895fa638:192.168.5.176:38642], old=null, confs=<EMPTY_MAP>
2019-08-29 23:06:07,249 [pool-439-thread-1] INFO  server.RaftServerConfigKeys (ConfUtils.java:logGet(43)) - raft.server.storage.dir = [/workdir/hadoop-ozone/integration-test/target/test-dir/MiniOzoneClusterImpl-fc4714e6-2d25-43ae-aa3c-bb84b829e8c3/datanode-3/data/ratis] (custom)
2019-08-29 23:06:07,249 [pool-439-thread-1] INFO  storage.RaftStorageDirectory (RaftStorageDirectory.java:analyzeStorage(246)) - The storage directory /workdir/hadoop-ozone/integration-test/target/test-dir/MiniOzoneClusterImpl-fc4714e6-2d25-43ae-aa3c-bb84b829e8c3/datanode-3/data/ratis/3214dbd9-5d12-401e-9c95-c59c53297e53 does not exist. Creating ...
2019-08-29 23:06:07,262 [pool-439-thread-1] INFO  storage.RaftStorageDirectory (RaftStorageDirectory.java:tryLock(328)) - Lock on /workdir/hadoop-ozone/integration-test/target/test-dir/MiniOzoneClusterImpl-fc4714e6-2d25-43ae-aa3c-bb84b829e8c3/datanode-3/data/ratis/3214dbd9-5d12-401e-9c95-c59c53297e53/in_use.lock acquired by nodename 27525@pr-hdds-1783-trunk-hq4zp-549785682
2019-08-29 23:06:07,294 [pool-439-thread-1] INFO  storage.RaftStorage (RaftStorage.java:format(72)) - Storage directory /workdir/hadoop-ozone/integration-test/target/test-dir/MiniOzoneClusterImpl-fc4714e6-2d25-43ae-aa3c-bb84b829e8c3/datanode-3/data/ratis/3214dbd9-5d12-401e-9c95-c59c53297e53 has been successfully formatted.
2019-08-29 23:06:07,294 [pool-439-thread-1] INFO  ratis.ContainerStateMachine (ContainerStateMachine.java:loadSnapshot(227)) - group-C59C53297E53: The snapshot info is null. Setting the last applied indexto:(t:0, i:~)
2019-08-29 23:06:07,294 [pool-439-thread-1] INFO  server.RaftServerConfigKeys (ConfUtils.java:logGet(43)) - raft.server.leader.election.timeout = 120s (custom)
2019-08-29 23:06:07,294 [pool-439-thread-1] INFO  server.RaftServerConfigKeys (ConfUtils.java:logGet(43)) - raft.server.log.use.memory = false (default)
2019-08-29 23:06:07,295 [pool-439-thread-1] INFO  server.RaftServerConfigKeys (ConfUtils.java:logGet(43)) - raft.server.log.purge.gap = 1000000 (custom)
2019-08-29 23:06:07,295 [pool-439-thread-1] INFO  server.RaftServerConfigKeys (ConfUtils.java:logGet(43)) - raft.server.log.appender.buffer.byte-limit = 33554432 (custom)
2019-08-29 23:06:07,295 [pool-439-thread-1] INFO  server.RaftServerConfigKeys (ConfUtils.java:logGet(43)) - raft.server.log.segment.size.max = 1048576 (custom)
2019-08-29 23:06:07,295 [pool-439-thread-1] INFO  server.RaftServerConfigKeys (ConfUtils.java:logGet(43)) - raft.server.log.segment.cache.num.max = 2 (custom)
2019-08-29 23:06:07,295 [pool-439-thread-1] INFO  segmented.SegmentedRaftLogWorker (SegmentedRaftLogWorker.java:<init>(172)) - new f20020a9-6aa7-48f1-914d-cfe5895fa638-SegmentedRaftLogWorker:Storage Directory /workdir/hadoop-ozone/integration-test/target/test-dir/MiniOzoneClusterImpl-fc4714e6-2d25-43ae-aa3c-bb84b829e8c3/datanode-3/data/ratis/3214dbd9-5d12-401e-9c95-c59c53297e53 for RaftStorage:Storage Directory /workdir/hadoop-ozone/integration-test/target/test-dir/MiniOzoneClusterImpl-fc4714e6-2d25-43ae-aa3c-bb84b829e8c3/datanode-3/data/ratis/3214dbd9-5d12-401e-9c95-c59c53297e53
2019-08-29 23:06:07,296 [pool-439-thread-1] INFO  server.RaftServerConfigKeys (ConfUtils.java:logGet(43)) - raft.server.log.queue.byte-limit = 2147483647 (custom)
2019-08-29 23:06:07,296 [pool-439-thread-1] INFO  server.RaftServerConfigKeys (ConfUtils.java:logGet(43)) - raft.server.log.queue.element-limit = 1024 (custom)
2019-08-29 23:06:07,296 [pool-439-thread-1] INFO  server.RaftServerConfigKeys (ConfUtils.java:logGet(43)) - raft.server.log.segment.size.max = 1048576 (custom)
2019-08-29 23:06:07,296 [pool-439-thread-1] INFO  server.RaftServerConfigKeys (ConfUtils.java:logGet(43)) - raft.server.log.preallocated.size = 16384 (custom)
2019-08-29 23:06:07,296 [pool-439-thread-1] INFO  server.RaftServerConfigKeys (ConfUtils.java:logGet(43)) - raft.server.log.write.buffer.size = 33554432 (custom)
2019-08-29 23:06:07,297 [pool-439-thread-1] INFO  server.RaftServerConfigKeys (ConfUtils.java:logGet(43)) - raft.server.log.force.sync.num = 128 (default)
2019-08-29 23:06:07,297 [pool-439-thread-1] INFO  server.RaftServerConfigKeys (ConfUtils.java:logGet(43)) - raft.server.log.statemachine.data.sync = true (default)
2019-08-29 23:06:07,297 [pool-439-thread-1] INFO  server.RaftServerConfigKeys (ConfUtils.java:logGet(43)) - raft.server.log.statemachine.data.sync.timeout = 10s (default)
2019-08-29 23:06:07,297 [pool-439-thread-1] INFO  server.RaftServerConfigKeys (ConfUtils.java:logGet(43)) - raft.server.log.statemachine.data.sync.timeout.retry = -1 (default)
2019-08-29 23:06:07,298 [pool-439-thread-1] INFO  server.RaftServerConfigKeys (ConfUtils.java:logGet(43)) - raft.server.log.statemachine.data.caching.enabled = true (custom)
2019-08-29 23:06:07,298 [pool-439-thread-1] INFO  segmented.SegmentedRaftLogWorker (SegmentedRaftLogWorker.java:lambda$new$0(132)) - f20020a9-6aa7-48f1-914d-cfe5895fa638-SegmentedRaftLogWorker:Storage Directory /workdir/hadoop-ozone/integration-test/target/test-dir/MiniOzoneClusterImpl-fc4714e6-2d25-43ae-aa3c-bb84b829e8c3/datanode-3/data/ratis/3214dbd9-5d12-401e-9c95-c59c53297e53: flushIndex: setUnconditionally 0 -> -1
2019-08-29 23:06:07,298 [pool-439-thread-1] INFO  server.RaftServerConfigKeys (ConfUtils.java:logGet(43)) - raft.server.snapshot.auto.trigger.enabled = true (custom)
2019-08-29 23:06:07,298 [pool-439-thread-1] INFO  server.RaftServerConfigKeys (ConfUtils.java:logGet(43)) - raft.server.snapshot.auto.trigger.threshold = 10000 (custom)
2019-08-29 23:06:07,299 [pool-439-thread-1] INFO  server.RaftServerConfigKeys (ConfUtils.java:logGet(43)) - raft.server.retrycache.expirytime = 600000ms (custom)
2019-08-29 23:06:07,299 [pool-439-thread-1] INFO  impl.RaftServerImpl (RaftServerImpl.java:start(180)) - f20020a9-6aa7-48f1-914d-cfe5895fa638: start group-C59C53297E53
2019-08-29 23:06:07,299 [pool-439-thread-1] INFO  impl.RaftServerImpl (RaftServerImpl.java:setRole(171)) - f20020a9-6aa7-48f1-914d-cfe5895fa638:group-C59C53297E53 changes role from null to FOLLOWER at term 0 for startAsFollower
2019-08-29 23:06:07,299 [pool-439-thread-1] INFO  impl.RoleInfo (RoleInfo.java:updateAndGet(143)) - f20020a9-6aa7-48f1-914d-cfe5895fa638: start FollowerState
2019-08-29 23:06:07,299 [pool-439-thread-1] INFO  util.JmxRegister (JmxRegister.java:tryRegister(44)) - Successfully registered JMX Bean with object name Ratis:service=RaftServer,group=group-C59C53297E53,id=f20020a9-6aa7-48f1-914d-cfe5895fa638
2019-08-29 23:06:07,302 [RatisPipelineUtilsThread] INFO  pipeline.PipelineStateManager (PipelineStateManager.java:addPipeline(56)) - Created pipeline Pipeline[ Id: 3214dbd9-5d12-401e-9c95-c59c53297e53, Nodes: f20020a9-6aa7-48f1-914d-cfe5895fa638{ip: 192.168.5.176, host: pr-hdds-1783-trunk-hq4zp-549785682, networkLocation: /default-rack, certSerialId: null}, Type:RATIS, Factor:ONE, State:OPEN]
2019-08-29 23:06:07,308 [grpc-default-executor-5] INFO  impl.RaftServerProxy (RaftServerProxy.java:addNew(89)) - 36a44bf1-0214-4ae3-b56c-359c5b44ef6b: addNew group-04F879E2FC8C:[36a44bf1-0214-4ae3-b56c-359c5b44ef6b:192.168.5.176:33315] returns group-04F879E2FC8C:java.util.concurrent.CompletableFuture@74c6309f[Not completed]
2019-08-29 23:06:07,310 [pool-449-thread-1] INFO  impl.RaftServerImpl (RaftServerImpl.java:<init>(93)) - 36a44bf1-0214-4ae3-b56c-359c5b44ef6b: new RaftServerImpl for group-04F879E2FC8C:[36a44bf1-0214-4ae3-b56c-359c5b44ef6b:192.168.5.176:33315] with ContainerStateMachine:uninitialized
2019-08-29 23:06:07,310 [pool-449-thread-1] INFO  server.RaftServerConfigKeys (ConfUtils.java:logGet(43)) - raft.server.rpc.timeout.min = 5s (custom)
2019-08-29 23:06:07,310 [pool-449-thread-1] INFO  server.RaftServerConfigKeys (ConfUtils.java:logGet(43)) - raft.server.rpc.timeout.max = 5200ms (custom)
2019-08-29 23:06:07,310 [pool-449-thread-1] INFO  server.RaftServerConfigKeys (ConfUtils.java:logGet(43)) - raft.server.rpcslowness.timeout = 120s (custom)
2019-08-29 23:06:07,310 [pool-449-thread-1] INFO  server.RaftServerConfigKeys (ConfUtils.java:logGet(43)) - raft.server.sleep.deviation.threshold = 300 (default)
2019-08-29 23:06:07,311 [pool-449-thread-1] INFO  server.RaftServerConfigKeys (ConfUtils.java:logGet(43)) - raft.server.log.appender.install.snapshot.enabled = false (custom)
2019-08-29 23:06:07,311 [pool-449-thread-1] INFO  impl.RaftServerImpl (ServerState.java:<init>(105)) - 36a44bf1-0214-4ae3-b56c-359c5b44ef6b:group-04F879E2FC8C ConfigurationManager, init=-1: [36a44bf1-0214-4ae3-b56c-359c5b44ef6b:192.168.5.176:33315], old=null, confs=<EMPTY_MAP>
2019-08-29 23:06:07,311 [pool-449-thread-1] INFO  server.RaftServerConfigKeys (ConfUtils.java:logGet(43)) - raft.server.storage.dir = [/workdir/hadoop-ozone/integration-test/target/test-dir/MiniOzoneClusterImpl-fc4714e6-2d25-43ae-aa3c-bb84b829e8c3/datanode-4/data/ratis] (custom)
2019-08-29 23:06:07,311 [pool-449-thread-1] INFO  storage.RaftStorageDirectory (RaftStorageDirectory.java:analyzeStorage(246)) - The storage directory /workdir/hadoop-ozone/integration-test/target/test-dir/MiniOzoneClusterImpl-fc4714e6-2d25-43ae-aa3c-bb84b829e8c3/datanode-4/data/ratis/52aa1f67-0dea-4e2f-ac6e-04f879e2fc8c does not exist. Creating ...
2019-08-29 23:06:07,320 [IPC Server handler 0 on 35072] INFO  net.NetworkTopology (NetworkTopologyImpl.java:add(110)) - Added a new node: /default-rack/39b1e362-24c6-40e1-a305-936b4ccaa1e0
2019-08-29 23:06:07,321 [IPC Server handler 0 on 35072] INFO  node.SCMNodeManager (SCMNodeManager.java:register(273)) - Registered Data node : 39b1e362-24c6-40e1-a305-936b4ccaa1e0{ip: 192.168.5.176, host: pr-hdds-1783-trunk-hq4zp-549785682, networkLocation: /default-rack, certSerialId: null}
2019-08-29 23:06:07,321 | INFO  | SCMAudit | user=jenkins1000 | ip=192.168.5.176 | op=REGISTER {datanodeDetails=39b1e362-24c6-40e1-a305-936b4ccaa1e0{ip: 192.168.5.176, host: pr-hdds-1783-trunk-hq4zp-549785682, networkLocation: /default-rack, certSerialId: null}} | ret=SUCCESS |  
2019-08-29 23:06:07,325 [pool-449-thread-1] INFO  storage.RaftStorageDirectory (RaftStorageDirectory.java:tryLock(328)) - Lock on /workdir/hadoop-ozone/integration-test/target/test-dir/MiniOzoneClusterImpl-fc4714e6-2d25-43ae-aa3c-bb84b829e8c3/datanode-4/data/ratis/52aa1f67-0dea-4e2f-ac6e-04f879e2fc8c/in_use.lock acquired by nodename 27525@pr-hdds-1783-trunk-hq4zp-549785682
2019-08-29 23:06:07,338 [pool-449-thread-1] INFO  storage.RaftStorage (RaftStorage.java:format(72)) - Storage directory /workdir/hadoop-ozone/integration-test/target/test-dir/MiniOzoneClusterImpl-fc4714e6-2d25-43ae-aa3c-bb84b829e8c3/datanode-4/data/ratis/52aa1f67-0dea-4e2f-ac6e-04f879e2fc8c has been successfully formatted.
2019-08-29 23:06:07,339 [pool-449-thread-1] INFO  ratis.ContainerStateMachine (ContainerStateMachine.java:loadSnapshot(227)) - group-04F879E2FC8C: The snapshot info is null. Setting the last applied indexto:(t:0, i:~)
2019-08-29 23:06:07,339 [pool-449-thread-1] INFO  server.RaftServerConfigKeys (ConfUtils.java:logGet(43)) - raft.server.leader.election.timeout = 120s (custom)
2019-08-29 23:06:07,339 [pool-449-thread-1] INFO  server.RaftServerConfigKeys (ConfUtils.java:logGet(43)) - raft.server.log.use.memory = false (default)
2019-08-29 23:06:07,339 [pool-449-thread-1] INFO  server.RaftServerConfigKeys (ConfUtils.java:logGet(43)) - raft.server.log.purge.gap = 1000000 (custom)
2019-08-29 23:06:07,340 [pool-449-thread-1] INFO  server.RaftServerConfigKeys (ConfUtils.java:logGet(43)) - raft.server.log.appender.buffer.byte-limit = 33554432 (custom)
2019-08-29 23:06:07,340 [pool-449-thread-1] INFO  server.RaftServerConfigKeys (ConfUtils.java:logGet(43)) - raft.server.log.segment.size.max = 1048576 (custom)
2019-08-29 23:06:07,340 [pool-449-thread-1] INFO  server.RaftServerConfigKeys (ConfUtils.java:logGet(43)) - raft.server.log.segment.cache.num.max = 2 (custom)
2019-08-29 23:06:07,340 [pool-449-thread-1] INFO  segmented.SegmentedRaftLogWorker (SegmentedRaftLogWorker.java:<init>(172)) - new 36a44bf1-0214-4ae3-b56c-359c5b44ef6b-SegmentedRaftLogWorker:Storage Directory /workdir/hadoop-ozone/integration-test/target/test-dir/MiniOzoneClusterImpl-fc4714e6-2d25-43ae-aa3c-bb84b829e8c3/datanode-4/data/ratis/52aa1f67-0dea-4e2f-ac6e-04f879e2fc8c for RaftStorage:Storage Directory /workdir/hadoop-ozone/integration-test/target/test-dir/MiniOzoneClusterImpl-fc4714e6-2d25-43ae-aa3c-bb84b829e8c3/datanode-4/data/ratis/52aa1f67-0dea-4e2f-ac6e-04f879e2fc8c
2019-08-29 23:06:07,340 [pool-449-thread-1] INFO  server.RaftServerConfigKeys (ConfUtils.java:logGet(43)) - raft.server.log.queue.byte-limit = 2147483647 (custom)
2019-08-29 23:06:07,340 [pool-449-thread-1] INFO  server.RaftServerConfigKeys (ConfUtils.java:logGet(43)) - raft.server.log.queue.element-limit = 1024 (custom)
2019-08-29 23:06:07,341 [pool-449-thread-1] INFO  server.RaftServerConfigKeys (ConfUtils.java:logGet(43)) - raft.server.log.segment.size.max = 1048576 (custom)
2019-08-29 23:06:07,341 [pool-449-thread-1] INFO  server.RaftServerConfigKeys (ConfUtils.java:logGet(43)) - raft.server.log.preallocated.size = 16384 (custom)
2019-08-29 23:06:07,341 [pool-449-thread-1] INFO  server.RaftServerConfigKeys (ConfUtils.java:logGet(43)) - raft.server.log.write.buffer.size = 33554432 (custom)
2019-08-29 23:06:07,341 [pool-449-thread-1] INFO  server.RaftServerConfigKeys (ConfUtils.java:logGet(43)) - raft.server.log.force.sync.num = 128 (default)
2019-08-29 23:06:07,341 [pool-449-thread-1] INFO  server.RaftServerConfigKeys (ConfUtils.java:logGet(43)) - raft.server.log.statemachine.data.sync = true (default)
2019-08-29 23:06:07,341 [pool-449-thread-1] INFO  server.RaftServerConfigKeys (ConfUtils.java:logGet(43)) - raft.server.log.statemachine.data.sync.timeout = 10s (default)
2019-08-29 23:06:07,342 [pool-449-thread-1] INFO  server.RaftServerConfigKeys (ConfUtils.java:logGet(43)) - raft.server.log.statemachine.data.sync.timeout.retry = -1 (default)
2019-08-29 23:06:07,342 [pool-449-thread-1] INFO  server.RaftServerConfigKeys (ConfUtils.java:logGet(43)) - raft.server.log.statemachine.data.caching.enabled = true (custom)
2019-08-29 23:06:07,342 [pool-449-thread-1] INFO  segmented.SegmentedRaftLogWorker (SegmentedRaftLogWorker.java:lambda$new$0(132)) - 36a44bf1-0214-4ae3-b56c-359c5b44ef6b-SegmentedRaftLogWorker:Storage Directory /workdir/hadoop-ozone/integration-test/target/test-dir/MiniOzoneClusterImpl-fc4714e6-2d25-43ae-aa3c-bb84b829e8c3/datanode-4/data/ratis/52aa1f67-0dea-4e2f-ac6e-04f879e2fc8c: flushIndex: setUnconditionally 0 -> -1
2019-08-29 23:06:07,343 [pool-449-thread-1] INFO  server.RaftServerConfigKeys (ConfUtils.java:logGet(43)) - raft.server.snapshot.auto.trigger.enabled = true (custom)
2019-08-29 23:06:07,343 [pool-449-thread-1] INFO  server.RaftServerConfigKeys (ConfUtils.java:logGet(43)) - raft.server.snapshot.auto.trigger.threshold = 10000 (custom)
2019-08-29 23:06:07,343 [pool-449-thread-1] INFO  server.RaftServerConfigKeys (ConfUtils.java:logGet(43)) - raft.server.retrycache.expirytime = 600000ms (custom)
2019-08-29 23:06:07,343 [pool-449-thread-1] INFO  impl.RaftServerImpl (RaftServerImpl.java:start(180)) - 36a44bf1-0214-4ae3-b56c-359c5b44ef6b: start group-04F879E2FC8C
2019-08-29 23:06:07,343 [pool-449-thread-1] INFO  impl.RaftServerImpl (RaftServerImpl.java:setRole(171)) - 36a44bf1-0214-4ae3-b56c-359c5b44ef6b:group-04F879E2FC8C changes role from null to FOLLOWER at term 0 for startAsFollower
2019-08-29 23:06:07,343 [pool-449-thread-1] INFO  impl.RoleInfo (RoleInfo.java:updateAndGet(143)) - 36a44bf1-0214-4ae3-b56c-359c5b44ef6b: start FollowerState
2019-08-29 23:06:07,344 [pool-449-thread-1] INFO  util.JmxRegister (JmxRegister.java:tryRegister(44)) - Successfully registered JMX Bean with object name Ratis:service=RaftServer,group=group-04F879E2FC8C,id=36a44bf1-0214-4ae3-b56c-359c5b44ef6b
2019-08-29 23:06:07,346 [RatisPipelineUtilsThread] INFO  pipeline.PipelineStateManager (PipelineStateManager.java:addPipeline(56)) - Created pipeline Pipeline[ Id: 52aa1f67-0dea-4e2f-ac6e-04f879e2fc8c, Nodes: 36a44bf1-0214-4ae3-b56c-359c5b44ef6b{ip: 192.168.5.176, host: pr-hdds-1783-trunk-hq4zp-549785682, networkLocation: /default-rack, certSerialId: null}, Type:RATIS, Factor:ONE, State:OPEN]
2019-08-29 23:06:07,353 [grpc-default-executor-5] INFO  impl.RaftServerProxy (RaftServerProxy.java:addNew(89)) - 39b1e362-24c6-40e1-a305-936b4ccaa1e0: addNew group-0C18643E9C99:[39b1e362-24c6-40e1-a305-936b4ccaa1e0:192.168.5.176:36883] returns group-0C18643E9C99:java.util.concurrent.CompletableFuture@1c017814[Not completed]
2019-08-29 23:06:07,354 [pool-459-thread-1] INFO  impl.RaftServerImpl (RaftServerImpl.java:<init>(93)) - 39b1e362-24c6-40e1-a305-936b4ccaa1e0: new RaftServerImpl for group-0C18643E9C99:[39b1e362-24c6-40e1-a305-936b4ccaa1e0:192.168.5.176:36883] with ContainerStateMachine:uninitialized
2019-08-29 23:06:07,354 [pool-459-thread-1] INFO  server.RaftServerConfigKeys (ConfUtils.java:logGet(43)) - raft.server.rpc.timeout.min = 5s (custom)
2019-08-29 23:06:07,355 [pool-459-thread-1] INFO  server.RaftServerConfigKeys (ConfUtils.java:logGet(43)) - raft.server.rpc.timeout.max = 5200ms (custom)
2019-08-29 23:06:07,355 [pool-459-thread-1] INFO  server.RaftServerConfigKeys (ConfUtils.java:logGet(43)) - raft.server.rpcslowness.timeout = 120s (custom)
2019-08-29 23:06:07,355 [pool-459-thread-1] INFO  server.RaftServerConfigKeys (ConfUtils.java:logGet(43)) - raft.server.sleep.deviation.threshold = 300 (default)
2019-08-29 23:06:07,355 [pool-459-thread-1] INFO  server.RaftServerConfigKeys (ConfUtils.java:logGet(43)) - raft.server.log.appender.install.snapshot.enabled = false (custom)
2019-08-29 23:06:07,355 [pool-459-thread-1] INFO  impl.RaftServerImpl (ServerState.java:<init>(105)) - 39b1e362-24c6-40e1-a305-936b4ccaa1e0:group-0C18643E9C99 ConfigurationManager, init=-1: [39b1e362-24c6-40e1-a305-936b4ccaa1e0:192.168.5.176:36883], old=null, confs=<EMPTY_MAP>
2019-08-29 23:06:07,355 [pool-459-thread-1] INFO  server.RaftServerConfigKeys (ConfUtils.java:logGet(43)) - raft.server.storage.dir = [/workdir/hadoop-ozone/integration-test/target/test-dir/MiniOzoneClusterImpl-fc4714e6-2d25-43ae-aa3c-bb84b829e8c3/datanode-5/data/ratis] (custom)
2019-08-29 23:06:07,356 [pool-459-thread-1] INFO  storage.RaftStorageDirectory (RaftStorageDirectory.java:analyzeStorage(246)) - The storage directory /workdir/hadoop-ozone/integration-test/target/test-dir/MiniOzoneClusterImpl-fc4714e6-2d25-43ae-aa3c-bb84b829e8c3/datanode-5/data/ratis/50a9e64c-1e18-43f3-aa4e-0c18643e9c99 does not exist. Creating ...
2019-08-29 23:06:07,369 [pool-459-thread-1] INFO  storage.RaftStorageDirectory (RaftStorageDirectory.java:tryLock(328)) - Lock on /workdir/hadoop-ozone/integration-test/target/test-dir/MiniOzoneClusterImpl-fc4714e6-2d25-43ae-aa3c-bb84b829e8c3/datanode-5/data/ratis/50a9e64c-1e18-43f3-aa4e-0c18643e9c99/in_use.lock acquired by nodename 27525@pr-hdds-1783-trunk-hq4zp-549785682
2019-08-29 23:06:07,382 [pool-459-thread-1] INFO  storage.RaftStorage (RaftStorage.java:format(72)) - Storage directory /workdir/hadoop-ozone/integration-test/target/test-dir/MiniOzoneClusterImpl-fc4714e6-2d25-43ae-aa3c-bb84b829e8c3/datanode-5/data/ratis/50a9e64c-1e18-43f3-aa4e-0c18643e9c99 has been successfully formatted.
2019-08-29 23:06:07,383 [pool-459-thread-1] INFO  ratis.ContainerStateMachine (ContainerStateMachine.java:loadSnapshot(227)) - group-0C18643E9C99: The snapshot info is null. Setting the last applied indexto:(t:0, i:~)
2019-08-29 23:06:07,383 [pool-459-thread-1] INFO  server.RaftServerConfigKeys (ConfUtils.java:logGet(43)) - raft.server.leader.election.timeout = 120s (custom)
2019-08-29 23:06:07,383 [pool-459-thread-1] INFO  server.RaftServerConfigKeys (ConfUtils.java:logGet(43)) - raft.server.log.use.memory = false (default)
2019-08-29 23:06:07,383 [pool-459-thread-1] INFO  server.RaftServerConfigKeys (ConfUtils.java:logGet(43)) - raft.server.log.purge.gap = 1000000 (custom)
2019-08-29 23:06:07,383 [pool-459-thread-1] INFO  server.RaftServerConfigKeys (ConfUtils.java:logGet(43)) - raft.server.log.appender.buffer.byte-limit = 33554432 (custom)
2019-08-29 23:06:07,383 [pool-459-thread-1] INFO  server.RaftServerConfigKeys (ConfUtils.java:logGet(43)) - raft.server.log.segment.size.max = 1048576 (custom)
2019-08-29 23:06:07,384 [pool-459-thread-1] INFO  server.RaftServerConfigKeys (ConfUtils.java:logGet(43)) - raft.server.log.segment.cache.num.max = 2 (custom)
2019-08-29 23:06:07,384 [pool-459-thread-1] INFO  segmented.SegmentedRaftLogWorker (SegmentedRaftLogWorker.java:<init>(172)) - new 39b1e362-24c6-40e1-a305-936b4ccaa1e0-SegmentedRaftLogWorker:Storage Directory /workdir/hadoop-ozone/integration-test/target/test-dir/MiniOzoneClusterImpl-fc4714e6-2d25-43ae-aa3c-bb84b829e8c3/datanode-5/data/ratis/50a9e64c-1e18-43f3-aa4e-0c18643e9c99 for RaftStorage:Storage Directory /workdir/hadoop-ozone/integration-test/target/test-dir/MiniOzoneClusterImpl-fc4714e6-2d25-43ae-aa3c-bb84b829e8c3/datanode-5/data/ratis/50a9e64c-1e18-43f3-aa4e-0c18643e9c99
2019-08-29 23:06:07,384 [pool-459-thread-1] INFO  server.RaftServerConfigKeys (ConfUtils.java:logGet(43)) - raft.server.log.queue.byte-limit = 2147483647 (custom)
2019-08-29 23:06:07,384 [pool-459-thread-1] INFO  server.RaftServerConfigKeys (ConfUtils.java:logGet(43)) - raft.server.log.queue.element-limit = 1024 (custom)
2019-08-29 23:06:07,384 [pool-459-thread-1] INFO  server.RaftServerConfigKeys (ConfUtils.java:logGet(43)) - raft.server.log.segment.size.max = 1048576 (custom)
2019-08-29 23:06:07,384 [pool-459-thread-1] INFO  server.RaftServerConfigKeys (ConfUtils.java:logGet(43)) - raft.server.log.preallocated.size = 16384 (custom)
2019-08-29 23:06:07,385 [pool-459-thread-1] INFO  server.RaftServerConfigKeys (ConfUtils.java:logGet(43)) - raft.server.log.write.buffer.size = 33554432 (custom)
2019-08-29 23:06:07,385 [pool-459-thread-1] INFO  server.RaftServerConfigKeys (ConfUtils.java:logGet(43)) - raft.server.log.force.sync.num = 128 (default)
2019-08-29 23:06:07,385 [pool-459-thread-1] INFO  server.RaftServerConfigKeys (ConfUtils.java:logGet(43)) - raft.server.log.statemachine.data.sync = true (default)
2019-08-29 23:06:07,385 [pool-459-thread-1] INFO  server.RaftServerConfigKeys (ConfUtils.java:logGet(43)) - raft.server.log.statemachine.data.sync.timeout = 10s (default)
2019-08-29 23:06:07,385 [pool-459-thread-1] INFO  server.RaftServerConfigKeys (ConfUtils.java:logGet(43)) - raft.server.log.statemachine.data.sync.timeout.retry = -1 (default)
2019-08-29 23:06:07,385 [pool-459-thread-1] INFO  server.RaftServerConfigKeys (ConfUtils.java:logGet(43)) - raft.server.log.statemachine.data.caching.enabled = true (custom)
2019-08-29 23:06:07,386 [main] INFO  ozone.MiniOzoneClusterImpl (MiniOzoneClusterImpl.java:lambda$waitForClusterToBeReady$0(140)) - Waiting for cluster to be ready. Got 6 of 7 DN Heartbeats.
2019-08-29 23:06:07,386 [pool-459-thread-1] INFO  segmented.SegmentedRaftLogWorker (SegmentedRaftLogWorker.java:lambda$new$0(132)) - 39b1e362-24c6-40e1-a305-936b4ccaa1e0-SegmentedRaftLogWorker:Storage Directory /workdir/hadoop-ozone/integration-test/target/test-dir/MiniOzoneClusterImpl-fc4714e6-2d25-43ae-aa3c-bb84b829e8c3/datanode-5/data/ratis/50a9e64c-1e18-43f3-aa4e-0c18643e9c99: flushIndex: setUnconditionally 0 -> -1
2019-08-29 23:06:07,386 [IPC Server handler 2 on 35072] INFO  net.NetworkTopology (NetworkTopologyImpl.java:add(110)) - Added a new node: /default-rack/701eae18-0267-427a-94c7-9b910f8dde45
2019-08-29 23:06:07,386 [pool-459-thread-1] INFO  server.RaftServerConfigKeys (ConfUtils.java:logGet(43)) - raft.server.snapshot.auto.trigger.enabled = true (custom)
2019-08-29 23:06:07,386 [IPC Server handler 2 on 35072] INFO  node.SCMNodeManager (SCMNodeManager.java:register(273)) - Registered Data node : 701eae18-0267-427a-94c7-9b910f8dde45{ip: 192.168.5.176, host: pr-hdds-1783-trunk-hq4zp-549785682, networkLocation: /default-rack, certSerialId: null}
2019-08-29 23:06:07,386 [pool-459-thread-1] INFO  server.RaftServerConfigKeys (ConfUtils.java:logGet(43)) - raft.server.snapshot.auto.trigger.threshold = 10000 (custom)
2019-08-29 23:06:07,387 | INFO  | SCMAudit | user=jenkins1000 | ip=192.168.5.176 | op=REGISTER {datanodeDetails=701eae18-0267-427a-94c7-9b910f8dde45{ip: 192.168.5.176, host: pr-hdds-1783-trunk-hq4zp-549785682, networkLocation: /default-rack, certSerialId: null}} | ret=SUCCESS |  
2019-08-29 23:06:07,387 [pool-459-thread-1] INFO  server.RaftServerConfigKeys (ConfUtils.java:logGet(43)) - raft.server.retrycache.expirytime = 600000ms (custom)
2019-08-29 23:06:07,387 [pool-459-thread-1] INFO  impl.RaftServerImpl (RaftServerImpl.java:start(180)) - 39b1e362-24c6-40e1-a305-936b4ccaa1e0: start group-0C18643E9C99
2019-08-29 23:06:07,387 [pool-459-thread-1] INFO  impl.RaftServerImpl (RaftServerImpl.java:setRole(171)) - 39b1e362-24c6-40e1-a305-936b4ccaa1e0:group-0C18643E9C99 changes role from null to FOLLOWER at term 0 for startAsFollower
2019-08-29 23:06:07,387 [pool-459-thread-1] INFO  impl.RoleInfo (RoleInfo.java:updateAndGet(143)) - 39b1e362-24c6-40e1-a305-936b4ccaa1e0: start FollowerState
2019-08-29 23:06:07,388 [pool-459-thread-1] INFO  util.JmxRegister (JmxRegister.java:tryRegister(44)) - Successfully registered JMX Bean with object name Ratis:service=RaftServer,group=group-0C18643E9C99,id=39b1e362-24c6-40e1-a305-936b4ccaa1e0
2019-08-29 23:06:07,390 [RatisPipelineUtilsThread] INFO  pipeline.PipelineStateManager (PipelineStateManager.java:addPipeline(56)) - Created pipeline Pipeline[ Id: 50a9e64c-1e18-43f3-aa4e-0c18643e9c99, Nodes: 39b1e362-24c6-40e1-a305-936b4ccaa1e0{ip: 192.168.5.176, host: pr-hdds-1783-trunk-hq4zp-549785682, networkLocation: /default-rack, certSerialId: null}, Type:RATIS, Factor:ONE, State:OPEN]
2019-08-29 23:06:07,399 [grpc-default-executor-5] INFO  impl.RaftServerProxy (RaftServerProxy.java:addNew(89)) - 701eae18-0267-427a-94c7-9b910f8dde45: addNew group-0BE131AFEBE5:[701eae18-0267-427a-94c7-9b910f8dde45:192.168.5.176:32877] returns group-0BE131AFEBE5:java.util.concurrent.CompletableFuture@51b759cb[Not completed]
2019-08-29 23:06:07,400 [pool-469-thread-1] INFO  impl.RaftServerImpl (RaftServerImpl.java:<init>(93)) - 701eae18-0267-427a-94c7-9b910f8dde45: new RaftServerImpl for group-0BE131AFEBE5:[701eae18-0267-427a-94c7-9b910f8dde45:192.168.5.176:32877] with ContainerStateMachine:uninitialized
2019-08-29 23:06:07,400 [pool-469-thread-1] INFO  server.RaftServerConfigKeys (ConfUtils.java:logGet(43)) - raft.server.rpc.timeout.min = 5s (custom)
2019-08-29 23:06:07,400 [pool-469-thread-1] INFO  server.RaftServerConfigKeys (ConfUtils.java:logGet(43)) - raft.server.rpc.timeout.max = 5200ms (custom)
2019-08-29 23:06:07,400 [pool-469-thread-1] INFO  server.RaftServerConfigKeys (ConfUtils.java:logGet(43)) - raft.server.rpcslowness.timeout = 120s (custom)
2019-08-29 23:06:07,401 [pool-469-thread-1] INFO  server.RaftServerConfigKeys (ConfUtils.java:logGet(43)) - raft.server.sleep.deviation.threshold = 300 (default)
2019-08-29 23:06:07,401 [pool-469-thread-1] INFO  server.RaftServerConfigKeys (ConfUtils.java:logGet(43)) - raft.server.log.appender.install.snapshot.enabled = false (custom)
2019-08-29 23:06:07,401 [pool-469-thread-1] INFO  impl.RaftServerImpl (ServerState.java:<init>(105)) - 701eae18-0267-427a-94c7-9b910f8dde45:group-0BE131AFEBE5 ConfigurationManager, init=-1: [701eae18-0267-427a-94c7-9b910f8dde45:192.168.5.176:32877], old=null, confs=<EMPTY_MAP>
2019-08-29 23:06:07,401 [pool-469-thread-1] INFO  server.RaftServerConfigKeys (ConfUtils.java:logGet(43)) - raft.server.storage.dir = [/workdir/hadoop-ozone/integration-test/target/test-dir/MiniOzoneClusterImpl-fc4714e6-2d25-43ae-aa3c-bb84b829e8c3/datanode-6/data/ratis] (custom)
2019-08-29 23:06:07,402 [pool-469-thread-1] INFO  storage.RaftStorageDirectory (RaftStorageDirectory.java:analyzeStorage(246)) - The storage directory /workdir/hadoop-ozone/integration-test/target/test-dir/MiniOzoneClusterImpl-fc4714e6-2d25-43ae-aa3c-bb84b829e8c3/datanode-6/data/ratis/fbec3e22-8dad-4d35-8c30-0be131afebe5 does not exist. Creating ...
2019-08-29 23:06:07,414 [pool-469-thread-1] INFO  storage.RaftStorageDirectory (RaftStorageDirectory.java:tryLock(328)) - Lock on /workdir/hadoop-ozone/integration-test/target/test-dir/MiniOzoneClusterImpl-fc4714e6-2d25-43ae-aa3c-bb84b829e8c3/datanode-6/data/ratis/fbec3e22-8dad-4d35-8c30-0be131afebe5/in_use.lock acquired by nodename 27525@pr-hdds-1783-trunk-hq4zp-549785682
2019-08-29 23:06:07,428 [pool-469-thread-1] INFO  storage.RaftStorage (RaftStorage.java:format(72)) - Storage directory /workdir/hadoop-ozone/integration-test/target/test-dir/MiniOzoneClusterImpl-fc4714e6-2d25-43ae-aa3c-bb84b829e8c3/datanode-6/data/ratis/fbec3e22-8dad-4d35-8c30-0be131afebe5 has been successfully formatted.
2019-08-29 23:06:07,428 [pool-469-thread-1] INFO  ratis.ContainerStateMachine (ContainerStateMachine.java:loadSnapshot(227)) - group-0BE131AFEBE5: The snapshot info is null. Setting the last applied indexto:(t:0, i:~)
2019-08-29 23:06:07,429 [pool-469-thread-1] INFO  server.RaftServerConfigKeys (ConfUtils.java:logGet(43)) - raft.server.leader.election.timeout = 120s (custom)
2019-08-29 23:06:07,429 [pool-469-thread-1] INFO  server.RaftServerConfigKeys (ConfUtils.java:logGet(43)) - raft.server.log.use.memory = false (default)
2019-08-29 23:06:07,429 [pool-469-thread-1] INFO  server.RaftServerConfigKeys (ConfUtils.java:logGet(43)) - raft.server.log.purge.gap = 1000000 (custom)
2019-08-29 23:06:07,429 [pool-469-thread-1] INFO  server.RaftServerConfigKeys (ConfUtils.java:logGet(43)) - raft.server.log.appender.buffer.byte-limit = 33554432 (custom)
2019-08-29 23:06:07,429 [pool-469-thread-1] INFO  server.RaftServerConfigKeys (ConfUtils.java:logGet(43)) - raft.server.log.segment.size.max = 1048576 (custom)
2019-08-29 23:06:07,429 [pool-469-thread-1] INFO  server.RaftServerConfigKeys (ConfUtils.java:logGet(43)) - raft.server.log.segment.cache.num.max = 2 (custom)
2019-08-29 23:06:07,430 [pool-469-thread-1] INFO  segmented.SegmentedRaftLogWorker (SegmentedRaftLogWorker.java:<init>(172)) - new 701eae18-0267-427a-94c7-9b910f8dde45-SegmentedRaftLogWorker:Storage Directory /workdir/hadoop-ozone/integration-test/target/test-dir/MiniOzoneClusterImpl-fc4714e6-2d25-43ae-aa3c-bb84b829e8c3/datanode-6/data/ratis/fbec3e22-8dad-4d35-8c30-0be131afebe5 for RaftStorage:Storage Directory /workdir/hadoop-ozone/integration-test/target/test-dir/MiniOzoneClusterImpl-fc4714e6-2d25-43ae-aa3c-bb84b829e8c3/datanode-6/data/ratis/fbec3e22-8dad-4d35-8c30-0be131afebe5
2019-08-29 23:06:07,430 [pool-469-thread-1] INFO  server.RaftServerConfigKeys (ConfUtils.java:logGet(43)) - raft.server.log.queue.byte-limit = 2147483647 (custom)
2019-08-29 23:06:07,430 [pool-469-thread-1] INFO  server.RaftServerConfigKeys (ConfUtils.java:logGet(43)) - raft.server.log.queue.element-limit = 1024 (custom)
2019-08-29 23:06:07,430 [pool-469-thread-1] INFO  server.RaftServerConfigKeys (ConfUtils.java:logGet(43)) - raft.server.log.segment.size.max = 1048576 (custom)
2019-08-29 23:06:07,430 [pool-469-thread-1] INFO  server.RaftServerConfigKeys (ConfUtils.java:logGet(43)) - raft.server.log.preallocated.size = 16384 (custom)
2019-08-29 23:06:07,430 [pool-469-thread-1] INFO  server.RaftServerConfigKeys (ConfUtils.java:logGet(43)) - raft.server.log.write.buffer.size = 33554432 (custom)
2019-08-29 23:06:07,431 [pool-469-thread-1] INFO  server.RaftServerConfigKeys (ConfUtils.java:logGet(43)) - raft.server.log.force.sync.num = 128 (default)
2019-08-29 23:06:07,431 [pool-469-thread-1] INFO  server.RaftServerConfigKeys (ConfUtils.java:logGet(43)) - raft.server.log.statemachine.data.sync = true (default)
2019-08-29 23:06:07,431 [pool-469-thread-1] INFO  server.RaftServerConfigKeys (ConfUtils.java:logGet(43)) - raft.server.log.statemachine.data.sync.timeout = 10s (default)
2019-08-29 23:06:07,431 [pool-469-thread-1] INFO  server.RaftServerConfigKeys (ConfUtils.java:logGet(43)) - raft.server.log.statemachine.data.sync.timeout.retry = -1 (default)
2019-08-29 23:06:07,431 [pool-469-thread-1] INFO  server.RaftServerConfigKeys (ConfUtils.java:logGet(43)) - raft.server.log.statemachine.data.caching.enabled = true (custom)
2019-08-29 23:06:07,432 [pool-469-thread-1] INFO  segmented.SegmentedRaftLogWorker (SegmentedRaftLogWorker.java:lambda$new$0(132)) - 701eae18-0267-427a-94c7-9b910f8dde45-SegmentedRaftLogWorker:Storage Directory /workdir/hadoop-ozone/integration-test/target/test-dir/MiniOzoneClusterImpl-fc4714e6-2d25-43ae-aa3c-bb84b829e8c3/datanode-6/data/ratis/fbec3e22-8dad-4d35-8c30-0be131afebe5: flushIndex: setUnconditionally 0 -> -1
2019-08-29 23:06:07,432 [pool-469-thread-1] INFO  server.RaftServerConfigKeys (ConfUtils.java:logGet(43)) - raft.server.snapshot.auto.trigger.enabled = true (custom)
2019-08-29 23:06:07,432 [pool-469-thread-1] INFO  server.RaftServerConfigKeys (ConfUtils.java:logGet(43)) - raft.server.snapshot.auto.trigger.threshold = 10000 (custom)
2019-08-29 23:06:07,432 [pool-469-thread-1] INFO  server.RaftServerConfigKeys (ConfUtils.java:logGet(43)) - raft.server.retrycache.expirytime = 600000ms (custom)
2019-08-29 23:06:07,433 [pool-469-thread-1] INFO  impl.RaftServerImpl (RaftServerImpl.java:start(180)) - 701eae18-0267-427a-94c7-9b910f8dde45: start group-0BE131AFEBE5
2019-08-29 23:06:07,433 [pool-469-thread-1] INFO  impl.RaftServerImpl (RaftServerImpl.java:setRole(171)) - 701eae18-0267-427a-94c7-9b910f8dde45:group-0BE131AFEBE5 changes role from null to FOLLOWER at term 0 for startAsFollower
2019-08-29 23:06:07,433 [pool-469-thread-1] INFO  impl.RoleInfo (RoleInfo.java:updateAndGet(143)) - 701eae18-0267-427a-94c7-9b910f8dde45: start FollowerState
2019-08-29 23:06:07,434 [pool-469-thread-1] INFO  util.JmxRegister (JmxRegister.java:tryRegister(44)) - Successfully registered JMX Bean with object name Ratis:service=RaftServer,group=group-0BE131AFEBE5,id=701eae18-0267-427a-94c7-9b910f8dde45
2019-08-29 23:06:07,436 [RatisPipelineUtilsThread] INFO  pipeline.PipelineStateManager (PipelineStateManager.java:addPipeline(56)) - Created pipeline Pipeline[ Id: fbec3e22-8dad-4d35-8c30-0be131afebe5, Nodes: 701eae18-0267-427a-94c7-9b910f8dde45{ip: 192.168.5.176, host: pr-hdds-1783-trunk-hq4zp-549785682, networkLocation: /default-rack, certSerialId: null}, Type:RATIS, Factor:ONE, State:OPEN]
2019-08-29 23:06:07,444 [grpc-default-executor-7] INFO  impl.RaftServerProxy (RaftServerProxy.java:addNew(89)) - 701eae18-0267-427a-94c7-9b910f8dde45: addNew group-1E9D348BFB63:[701eae18-0267-427a-94c7-9b910f8dde45:192.168.5.176:32877, 39b1e362-24c6-40e1-a305-936b4ccaa1e0:192.168.5.176:36883, f20020a9-6aa7-48f1-914d-cfe5895fa638:192.168.5.176:38642] returns group-1E9D348BFB63:java.util.concurrent.CompletableFuture@4f1040bb[Not completed]
2019-08-29 23:06:07,444 [grpc-default-executor-4] INFO  impl.RaftServerProxy (RaftServerProxy.java:addNew(89)) - 39b1e362-24c6-40e1-a305-936b4ccaa1e0: addNew group-1E9D348BFB63:[701eae18-0267-427a-94c7-9b910f8dde45:192.168.5.176:32877, 39b1e362-24c6-40e1-a305-936b4ccaa1e0:192.168.5.176:36883, f20020a9-6aa7-48f1-914d-cfe5895fa638:192.168.5.176:38642] returns group-1E9D348BFB63:java.util.concurrent.CompletableFuture@4ecb7567[Not completed]
2019-08-29 23:06:07,444 [grpc-default-executor-5] INFO  impl.RaftServerProxy (RaftServerProxy.java:addNew(89)) - f20020a9-6aa7-48f1-914d-cfe5895fa638: addNew group-1E9D348BFB63:[701eae18-0267-427a-94c7-9b910f8dde45:192.168.5.176:32877, 39b1e362-24c6-40e1-a305-936b4ccaa1e0:192.168.5.176:36883, f20020a9-6aa7-48f1-914d-cfe5895fa638:192.168.5.176:38642] returns group-1E9D348BFB63:java.util.concurrent.CompletableFuture@288723d7[Not completed]
2019-08-29 23:06:07,446 [pool-469-thread-1] INFO  impl.RaftServerImpl (RaftServerImpl.java:<init>(93)) - 701eae18-0267-427a-94c7-9b910f8dde45: new RaftServerImpl for group-1E9D348BFB63:[701eae18-0267-427a-94c7-9b910f8dde45:192.168.5.176:32877, 39b1e362-24c6-40e1-a305-936b4ccaa1e0:192.168.5.176:36883, f20020a9-6aa7-48f1-914d-cfe5895fa638:192.168.5.176:38642] with ContainerStateMachine:uninitialized
2019-08-29 23:06:07,446 [pool-469-thread-1] INFO  server.RaftServerConfigKeys (ConfUtils.java:logGet(43)) - raft.server.rpc.timeout.min = 5s (custom)
2019-08-29 23:06:07,446 [pool-469-thread-1] INFO  server.RaftServerConfigKeys (ConfUtils.java:logGet(43)) - raft.server.rpc.timeout.max = 5200ms (custom)
2019-08-29 23:06:07,446 [pool-469-thread-1] INFO  server.RaftServerConfigKeys (ConfUtils.java:logGet(43)) - raft.server.rpcslowness.timeout = 120s (custom)
2019-08-29 23:06:07,446 [pool-469-thread-1] INFO  server.RaftServerConfigKeys (ConfUtils.java:logGet(43)) - raft.server.sleep.deviation.threshold = 300 (default)
2019-08-29 23:06:07,446 [pool-459-thread-1] INFO  impl.RaftServerImpl (RaftServerImpl.java:<init>(93)) - 39b1e362-24c6-40e1-a305-936b4ccaa1e0: new RaftServerImpl for group-1E9D348BFB63:[701eae18-0267-427a-94c7-9b910f8dde45:192.168.5.176:32877, 39b1e362-24c6-40e1-a305-936b4ccaa1e0:192.168.5.176:36883, f20020a9-6aa7-48f1-914d-cfe5895fa638:192.168.5.176:38642] with ContainerStateMachine:uninitialized
2019-08-29 23:06:07,447 [pool-469-thread-1] INFO  server.RaftServerConfigKeys (ConfUtils.java:logGet(43)) - raft.server.log.appender.install.snapshot.enabled = false (custom)
2019-08-29 23:06:07,447 [pool-459-thread-1] INFO  server.RaftServerConfigKeys (ConfUtils.java:logGet(43)) - raft.server.rpc.timeout.min = 5s (custom)
2019-08-29 23:06:07,447 [pool-469-thread-1] INFO  impl.RaftServerImpl (ServerState.java:<init>(105)) - 701eae18-0267-427a-94c7-9b910f8dde45:group-1E9D348BFB63 ConfigurationManager, init=-1: [701eae18-0267-427a-94c7-9b910f8dde45:192.168.5.176:32877, 39b1e362-24c6-40e1-a305-936b4ccaa1e0:192.168.5.176:36883, f20020a9-6aa7-48f1-914d-cfe5895fa638:192.168.5.176:38642], old=null, confs=<EMPTY_MAP>
2019-08-29 23:06:07,447 [pool-459-thread-1] INFO  server.RaftServerConfigKeys (ConfUtils.java:logGet(43)) - raft.server.rpc.timeout.max = 5200ms (custom)
2019-08-29 23:06:07,447 [pool-469-thread-1] INFO  server.RaftServerConfigKeys (ConfUtils.java:logGet(43)) - raft.server.storage.dir = [/workdir/hadoop-ozone/integration-test/target/test-dir/MiniOzoneClusterImpl-fc4714e6-2d25-43ae-aa3c-bb84b829e8c3/datanode-6/data/ratis] (custom)
2019-08-29 23:06:07,447 [pool-439-thread-1] INFO  impl.RaftServerImpl (RaftServerImpl.java:<init>(93)) - f20020a9-6aa7-48f1-914d-cfe5895fa638: new RaftServerImpl for group-1E9D348BFB63:[701eae18-0267-427a-94c7-9b910f8dde45:192.168.5.176:32877, 39b1e362-24c6-40e1-a305-936b4ccaa1e0:192.168.5.176:36883, f20020a9-6aa7-48f1-914d-cfe5895fa638:192.168.5.176:38642] with ContainerStateMachine:uninitialized
2019-08-29 23:06:07,447 [pool-459-thread-1] INFO  server.RaftServerConfigKeys (ConfUtils.java:logGet(43)) - raft.server.rpcslowness.timeout = 120s (custom)
2019-08-29 23:06:07,448 [pool-469-thread-1] INFO  storage.RaftStorageDirectory (RaftStorageDirectory.java:analyzeStorage(246)) - The storage directory /workdir/hadoop-ozone/integration-test/target/test-dir/MiniOzoneClusterImpl-fc4714e6-2d25-43ae-aa3c-bb84b829e8c3/datanode-6/data/ratis/3d0d883a-e2b6-4ab9-bf01-1e9d348bfb63 does not exist. Creating ...
2019-08-29 23:06:07,448 [pool-439-thread-1] INFO  server.RaftServerConfigKeys (ConfUtils.java:logGet(43)) - raft.server.rpc.timeout.min = 5s (custom)
2019-08-29 23:06:07,448 [pool-459-thread-1] INFO  server.RaftServerConfigKeys (ConfUtils.java:logGet(43)) - raft.server.sleep.deviation.threshold = 300 (default)
2019-08-29 23:06:07,448 [pool-439-thread-1] INFO  server.RaftServerConfigKeys (ConfUtils.java:logGet(43)) - raft.server.rpc.timeout.max = 5200ms (custom)
2019-08-29 23:06:07,448 [pool-459-thread-1] INFO  server.RaftServerConfigKeys (ConfUtils.java:logGet(43)) - raft.server.log.appender.install.snapshot.enabled = false (custom)
2019-08-29 23:06:07,448 [pool-439-thread-1] INFO  server.RaftServerConfigKeys (ConfUtils.java:logGet(43)) - raft.server.rpcslowness.timeout = 120s (custom)
2019-08-29 23:06:07,448 [pool-459-thread-1] INFO  impl.RaftServerImpl (ServerState.java:<init>(105)) - 39b1e362-24c6-40e1-a305-936b4ccaa1e0:group-1E9D348BFB63 ConfigurationManager, init=-1: [701eae18-0267-427a-94c7-9b910f8dde45:192.168.5.176:32877, 39b1e362-24c6-40e1-a305-936b4ccaa1e0:192.168.5.176:36883, f20020a9-6aa7-48f1-914d-cfe5895fa638:192.168.5.176:38642], old=null, confs=<EMPTY_MAP>
2019-08-29 23:06:07,449 [pool-439-thread-1] INFO  server.RaftServerConfigKeys (ConfUtils.java:logGet(43)) - raft.server.sleep.deviation.threshold = 300 (default)
2019-08-29 23:06:07,449 [pool-459-thread-1] INFO  server.RaftServerConfigKeys (ConfUtils.java:logGet(43)) - raft.server.storage.dir = [/workdir/hadoop-ozone/integration-test/target/test-dir/MiniOzoneClusterImpl-fc4714e6-2d25-43ae-aa3c-bb84b829e8c3/datanode-5/data/ratis] (custom)
2019-08-29 23:06:07,449 [pool-439-thread-1] INFO  server.RaftServerConfigKeys (ConfUtils.java:logGet(43)) - raft.server.log.appender.install.snapshot.enabled = false (custom)
2019-08-29 23:06:07,449 [pool-439-thread-1] INFO  impl.RaftServerImpl (ServerState.java:<init>(105)) - f20020a9-6aa7-48f1-914d-cfe5895fa638:group-1E9D348BFB63 ConfigurationManager, init=-1: [701eae18-0267-427a-94c7-9b910f8dde45:192.168.5.176:32877, 39b1e362-24c6-40e1-a305-936b4ccaa1e0:192.168.5.176:36883, f20020a9-6aa7-48f1-914d-cfe5895fa638:192.168.5.176:38642], old=null, confs=<EMPTY_MAP>
2019-08-29 23:06:07,449 [pool-459-thread-1] INFO  storage.RaftStorageDirectory (RaftStorageDirectory.java:analyzeStorage(246)) - The storage directory /workdir/hadoop-ozone/integration-test/target/test-dir/MiniOzoneClusterImpl-fc4714e6-2d25-43ae-aa3c-bb84b829e8c3/datanode-5/data/ratis/3d0d883a-e2b6-4ab9-bf01-1e9d348bfb63 does not exist. Creating ...
2019-08-29 23:06:07,449 [pool-439-thread-1] INFO  server.RaftServerConfigKeys (ConfUtils.java:logGet(43)) - raft.server.storage.dir = [/workdir/hadoop-ozone/integration-test/target/test-dir/MiniOzoneClusterImpl-fc4714e6-2d25-43ae-aa3c-bb84b829e8c3/datanode-3/data/ratis] (custom)
2019-08-29 23:06:07,450 [pool-439-thread-1] INFO  storage.RaftStorageDirectory (RaftStorageDirectory.java:analyzeStorage(246)) - The storage directory /workdir/hadoop-ozone/integration-test/target/test-dir/MiniOzoneClusterImpl-fc4714e6-2d25-43ae-aa3c-bb84b829e8c3/datanode-3/data/ratis/3d0d883a-e2b6-4ab9-bf01-1e9d348bfb63 does not exist. Creating ...
2019-08-29 23:06:07,461 [pool-469-thread-1] INFO  storage.RaftStorageDirectory (RaftStorageDirectory.java:tryLock(328)) - Lock on /workdir/hadoop-ozone/integration-test/target/test-dir/MiniOzoneClusterImpl-fc4714e6-2d25-43ae-aa3c-bb84b829e8c3/datanode-6/data/ratis/3d0d883a-e2b6-4ab9-bf01-1e9d348bfb63/in_use.lock acquired by nodename 27525@pr-hdds-1783-trunk-hq4zp-549785682
2019-08-29 23:06:07,461 [pool-459-thread-1] INFO  storage.RaftStorageDirectory (RaftStorageDirectory.java:tryLock(328)) - Lock on /workdir/hadoop-ozone/integration-test/target/test-dir/MiniOzoneClusterImpl-fc4714e6-2d25-43ae-aa3c-bb84b829e8c3/datanode-5/data/ratis/3d0d883a-e2b6-4ab9-bf01-1e9d348bfb63/in_use.lock acquired by nodename 27525@pr-hdds-1783-trunk-hq4zp-549785682
2019-08-29 23:06:07,461 [pool-439-thread-1] INFO  storage.RaftStorageDirectory (RaftStorageDirectory.java:tryLock(328)) - Lock on /workdir/hadoop-ozone/integration-test/target/test-dir/MiniOzoneClusterImpl-fc4714e6-2d25-43ae-aa3c-bb84b829e8c3/datanode-3/data/ratis/3d0d883a-e2b6-4ab9-bf01-1e9d348bfb63/in_use.lock acquired by nodename 27525@pr-hdds-1783-trunk-hq4zp-549785682
2019-08-29 23:06:07,475 [pool-459-thread-1] INFO  storage.RaftStorage (RaftStorage.java:format(72)) - Storage directory /workdir/hadoop-ozone/integration-test/target/test-dir/MiniOzoneClusterImpl-fc4714e6-2d25-43ae-aa3c-bb84b829e8c3/datanode-5/data/ratis/3d0d883a-e2b6-4ab9-bf01-1e9d348bfb63 has been successfully formatted.
2019-08-29 23:06:07,475 [pool-469-thread-1] INFO  storage.RaftStorage (RaftStorage.java:format(72)) - Storage directory /workdir/hadoop-ozone/integration-test/target/test-dir/MiniOzoneClusterImpl-fc4714e6-2d25-43ae-aa3c-bb84b829e8c3/datanode-6/data/ratis/3d0d883a-e2b6-4ab9-bf01-1e9d348bfb63 has been successfully formatted.
2019-08-29 23:06:07,475 [pool-459-thread-1] INFO  ratis.ContainerStateMachine (ContainerStateMachine.java:loadSnapshot(227)) - group-1E9D348BFB63: The snapshot info is null. Setting the last applied indexto:(t:0, i:~)
2019-08-29 23:06:07,475 [pool-439-thread-1] INFO  storage.RaftStorage (RaftStorage.java:format(72)) - Storage directory /workdir/hadoop-ozone/integration-test/target/test-dir/MiniOzoneClusterImpl-fc4714e6-2d25-43ae-aa3c-bb84b829e8c3/datanode-3/data/ratis/3d0d883a-e2b6-4ab9-bf01-1e9d348bfb63 has been successfully formatted.
2019-08-29 23:06:07,476 [pool-459-thread-1] INFO  server.RaftServerConfigKeys (ConfUtils.java:logGet(43)) - raft.server.leader.election.timeout = 120s (custom)
2019-08-29 23:06:07,476 [pool-439-thread-1] INFO  ratis.ContainerStateMachine (ContainerStateMachine.java:loadSnapshot(227)) - group-1E9D348BFB63: The snapshot info is null. Setting the last applied indexto:(t:0, i:~)
2019-08-29 23:06:07,476 [pool-469-thread-1] INFO  ratis.ContainerStateMachine (ContainerStateMachine.java:loadSnapshot(227)) - group-1E9D348BFB63: The snapshot info is null. Setting the last applied indexto:(t:0, i:~)
2019-08-29 23:06:07,476 [pool-439-thread-1] INFO  server.RaftServerConfigKeys (ConfUtils.java:logGet(43)) - raft.server.leader.election.timeout = 120s (custom)
2019-08-29 23:06:07,476 [pool-459-thread-1] INFO  server.RaftServerConfigKeys (ConfUtils.java:logGet(43)) - raft.server.log.use.memory = false (default)
2019-08-29 23:06:07,476 [pool-439-thread-1] INFO  server.RaftServerConfigKeys (ConfUtils.java:logGet(43)) - raft.server.log.use.memory = false (default)
2019-08-29 23:06:07,476 [pool-469-thread-1] INFO  server.RaftServerConfigKeys (ConfUtils.java:logGet(43)) - raft.server.leader.election.timeout = 120s (custom)
2019-08-29 23:06:07,477 [pool-439-thread-1] INFO  server.RaftServerConfigKeys (ConfUtils.java:logGet(43)) - raft.server.log.purge.gap = 1000000 (custom)
2019-08-29 23:06:07,477 [pool-459-thread-1] INFO  server.RaftServerConfigKeys (ConfUtils.java:logGet(43)) - raft.server.log.purge.gap = 1000000 (custom)
2019-08-29 23:06:07,477 [pool-439-thread-1] INFO  server.RaftServerConfigKeys (ConfUtils.java:logGet(43)) - raft.server.log.appender.buffer.byte-limit = 33554432 (custom)
2019-08-29 23:06:07,477 [pool-469-thread-1] INFO  server.RaftServerConfigKeys (ConfUtils.java:logGet(43)) - raft.server.log.use.memory = false (default)
2019-08-29 23:06:07,477 [pool-439-thread-1] INFO  server.RaftServerConfigKeys (ConfUtils.java:logGet(43)) - raft.server.log.segment.size.max = 1048576 (custom)
2019-08-29 23:06:07,477 [pool-459-thread-1] INFO  server.RaftServerConfigKeys (ConfUtils.java:logGet(43)) - raft.server.log.appender.buffer.byte-limit = 33554432 (custom)
2019-08-29 23:06:07,478 [pool-439-thread-1] INFO  server.RaftServerConfigKeys (ConfUtils.java:logGet(43)) - raft.server.log.segment.cache.num.max = 2 (custom)
2019-08-29 23:06:07,478 [pool-469-thread-1] INFO  server.RaftServerConfigKeys (ConfUtils.java:logGet(43)) - raft.server.log.purge.gap = 1000000 (custom)
2019-08-29 23:06:07,478 [pool-439-thread-1] INFO  segmented.SegmentedRaftLogWorker (SegmentedRaftLogWorker.java:<init>(172)) - new f20020a9-6aa7-48f1-914d-cfe5895fa638-SegmentedRaftLogWorker:Storage Directory /workdir/hadoop-ozone/integration-test/target/test-dir/MiniOzoneClusterImpl-fc4714e6-2d25-43ae-aa3c-bb84b829e8c3/datanode-3/data/ratis/3d0d883a-e2b6-4ab9-bf01-1e9d348bfb63 for RaftStorage:Storage Directory /workdir/hadoop-ozone/integration-test/target/test-dir/MiniOzoneClusterImpl-fc4714e6-2d25-43ae-aa3c-bb84b829e8c3/datanode-3/data/ratis/3d0d883a-e2b6-4ab9-bf01-1e9d348bfb63
2019-08-29 23:06:07,478 [pool-459-thread-1] INFO  server.RaftServerConfigKeys (ConfUtils.java:logGet(43)) - raft.server.log.segment.size.max = 1048576 (custom)
2019-08-29 23:06:07,478 [pool-439-thread-1] INFO  server.RaftServerConfigKeys (ConfUtils.java:logGet(43)) - raft.server.log.queue.byte-limit = 2147483647 (custom)
2019-08-29 23:06:07,478 [pool-469-thread-1] INFO  server.RaftServerConfigKeys (ConfUtils.java:logGet(43)) - raft.server.log.appender.buffer.byte-limit = 33554432 (custom)
2019-08-29 23:06:07,479 [pool-439-thread-1] INFO  server.RaftServerConfigKeys (ConfUtils.java:logGet(43)) - raft.server.log.queue.element-limit = 1024 (custom)
2019-08-29 23:06:07,479 [pool-459-thread-1] INFO  server.RaftServerConfigKeys (ConfUtils.java:logGet(43)) - raft.server.log.segment.cache.num.max = 2 (custom)
2019-08-29 23:06:07,479 [pool-439-thread-1] INFO  server.RaftServerConfigKeys (ConfUtils.java:logGet(43)) - raft.server.log.segment.size.max = 1048576 (custom)
2019-08-29 23:06:07,479 [pool-469-thread-1] INFO  server.RaftServerConfigKeys (ConfUtils.java:logGet(43)) - raft.server.log.segment.size.max = 1048576 (custom)
2019-08-29 23:06:07,479 [pool-439-thread-1] INFO  server.RaftServerConfigKeys (ConfUtils.java:logGet(43)) - raft.server.log.preallocated.size = 16384 (custom)
2019-08-29 23:06:07,479 [pool-459-thread-1] INFO  segmented.SegmentedRaftLogWorker (SegmentedRaftLogWorker.java:<init>(172)) - new 39b1e362-24c6-40e1-a305-936b4ccaa1e0-SegmentedRaftLogWorker:Storage Directory /workdir/hadoop-ozone/integration-test/target/test-dir/MiniOzoneClusterImpl-fc4714e6-2d25-43ae-aa3c-bb84b829e8c3/datanode-5/data/ratis/3d0d883a-e2b6-4ab9-bf01-1e9d348bfb63 for RaftStorage:Storage Directory /workdir/hadoop-ozone/integration-test/target/test-dir/MiniOzoneClusterImpl-fc4714e6-2d25-43ae-aa3c-bb84b829e8c3/datanode-5/data/ratis/3d0d883a-e2b6-4ab9-bf01-1e9d348bfb63
2019-08-29 23:06:07,480 [pool-439-thread-1] INFO  server.RaftServerConfigKeys (ConfUtils.java:logGet(43)) - raft.server.log.write.buffer.size = 33554432 (custom)
2019-08-29 23:06:07,480 [pool-439-thread-1] INFO  server.RaftServerConfigKeys (ConfUtils.java:logGet(43)) - raft.server.log.force.sync.num = 128 (default)
2019-08-29 23:06:07,480 [pool-469-thread-1] INFO  server.RaftServerConfigKeys (ConfUtils.java:logGet(43)) - raft.server.log.segment.cache.num.max = 2 (custom)
2019-08-29 23:06:07,480 [pool-439-thread-1] INFO  server.RaftServerConfigKeys (ConfUtils.java:logGet(43)) - raft.server.log.statemachine.data.sync = true (default)
2019-08-29 23:06:07,481 [pool-439-thread-1] INFO  server.RaftServerConfigKeys (ConfUtils.java:logGet(43)) - raft.server.log.statemachine.data.sync.timeout = 10s (default)
2019-08-29 23:06:07,480 [pool-459-thread-1] INFO  server.RaftServerConfigKeys (ConfUtils.java:logGet(43)) - raft.server.log.queue.byte-limit = 2147483647 (custom)
2019-08-29 23:06:07,481 [pool-439-thread-1] INFO  server.RaftServerConfigKeys (ConfUtils.java:logGet(43)) - raft.server.log.statemachine.data.sync.timeout.retry = -1 (default)
2019-08-29 23:06:07,480 [pool-469-thread-1] INFO  segmented.SegmentedRaftLogWorker (SegmentedRaftLogWorker.java:<init>(172)) - new 701eae18-0267-427a-94c7-9b910f8dde45-SegmentedRaftLogWorker:Storage Directory /workdir/hadoop-ozone/integration-test/target/test-dir/MiniOzoneClusterImpl-fc4714e6-2d25-43ae-aa3c-bb84b829e8c3/datanode-6/data/ratis/3d0d883a-e2b6-4ab9-bf01-1e9d348bfb63 for RaftStorage:Storage Directory /workdir/hadoop-ozone/integration-test/target/test-dir/MiniOzoneClusterImpl-fc4714e6-2d25-43ae-aa3c-bb84b829e8c3/datanode-6/data/ratis/3d0d883a-e2b6-4ab9-bf01-1e9d348bfb63
2019-08-29 23:06:07,481 [pool-439-thread-1] INFO  server.RaftServerConfigKeys (ConfUtils.java:logGet(43)) - raft.server.log.statemachine.data.caching.enabled = true (custom)
2019-08-29 23:06:07,481 [pool-459-thread-1] INFO  server.RaftServerConfigKeys (ConfUtils.java:logGet(43)) - raft.server.log.queue.element-limit = 1024 (custom)
2019-08-29 23:06:07,482 [pool-439-thread-1] INFO  segmented.SegmentedRaftLogWorker (SegmentedRaftLogWorker.java:lambda$new$0(132)) - f20020a9-6aa7-48f1-914d-cfe5895fa638-SegmentedRaftLogWorker:Storage Directory /workdir/hadoop-ozone/integration-test/target/test-dir/MiniOzoneClusterImpl-fc4714e6-2d25-43ae-aa3c-bb84b829e8c3/datanode-3/data/ratis/3d0d883a-e2b6-4ab9-bf01-1e9d348bfb63: flushIndex: setUnconditionally 0 -> -1
2019-08-29 23:06:07,481 [pool-469-thread-1] INFO  server.RaftServerConfigKeys (ConfUtils.java:logGet(43)) - raft.server.log.queue.byte-limit = 2147483647 (custom)
2019-08-29 23:06:07,482 [pool-439-thread-1] INFO  server.RaftServerConfigKeys (ConfUtils.java:logGet(43)) - raft.server.snapshot.auto.trigger.enabled = true (custom)
2019-08-29 23:06:07,482 [pool-459-thread-1] INFO  server.RaftServerConfigKeys (ConfUtils.java:logGet(43)) - raft.server.log.segment.size.max = 1048576 (custom)
2019-08-29 23:06:07,482 [pool-439-thread-1] INFO  server.RaftServerConfigKeys (ConfUtils.java:logGet(43)) - raft.server.snapshot.auto.trigger.threshold = 10000 (custom)
2019-08-29 23:06:07,482 [pool-469-thread-1] INFO  server.RaftServerConfigKeys (ConfUtils.java:logGet(43)) - raft.server.log.queue.element-limit = 1024 (custom)
2019-08-29 23:06:07,483 [pool-439-thread-1] INFO  server.RaftServerConfigKeys (ConfUtils.java:logGet(43)) - raft.server.retrycache.expirytime = 600000ms (custom)
2019-08-29 23:06:07,483 [pool-459-thread-1] INFO  server.RaftServerConfigKeys (ConfUtils.java:logGet(43)) - raft.server.log.preallocated.size = 16384 (custom)
2019-08-29 23:06:07,483 [pool-439-thread-1] INFO  impl.RaftServerImpl (RaftServerImpl.java:start(180)) - f20020a9-6aa7-48f1-914d-cfe5895fa638: start group-1E9D348BFB63
2019-08-29 23:06:07,483 [pool-469-thread-1] INFO  server.RaftServerConfigKeys (ConfUtils.java:logGet(43)) - raft.server.log.segment.size.max = 1048576 (custom)
2019-08-29 23:06:07,483 [pool-439-thread-1] INFO  impl.RaftServerImpl (RaftServerImpl.java:setRole(171)) - f20020a9-6aa7-48f1-914d-cfe5895fa638:group-1E9D348BFB63 changes role from null to FOLLOWER at term 0 for startAsFollower
2019-08-29 23:06:07,483 [pool-459-thread-1] INFO  server.RaftServerConfigKeys (ConfUtils.java:logGet(43)) - raft.server.log.write.buffer.size = 33554432 (custom)
2019-08-29 23:06:07,484 [pool-439-thread-1] INFO  impl.RoleInfo (RoleInfo.java:updateAndGet(143)) - f20020a9-6aa7-48f1-914d-cfe5895fa638: start FollowerState
2019-08-29 23:06:07,484 [pool-469-thread-1] INFO  server.RaftServerConfigKeys (ConfUtils.java:logGet(43)) - raft.server.log.preallocated.size = 16384 (custom)
2019-08-29 23:06:07,484 [pool-469-thread-1] INFO  server.RaftServerConfigKeys (ConfUtils.java:logGet(43)) - raft.server.log.write.buffer.size = 33554432 (custom)
2019-08-29 23:06:07,484 [pool-459-thread-1] INFO  server.RaftServerConfigKeys (ConfUtils.java:logGet(43)) - raft.server.log.force.sync.num = 128 (default)
2019-08-29 23:06:07,484 [pool-469-thread-1] INFO  server.RaftServerConfigKeys (ConfUtils.java:logGet(43)) - raft.server.log.force.sync.num = 128 (default)
2019-08-29 23:06:07,484 [pool-439-thread-1] INFO  util.JmxRegister (JmxRegister.java:tryRegister(44)) - Successfully registered JMX Bean with object name Ratis:service=RaftServer,group=group-1E9D348BFB63,id=f20020a9-6aa7-48f1-914d-cfe5895fa638
2019-08-29 23:06:07,485 [pool-469-thread-1] INFO  server.RaftServerConfigKeys (ConfUtils.java:logGet(43)) - raft.server.log.statemachine.data.sync = true (default)
2019-08-29 23:06:07,485 [pool-469-thread-1] INFO  server.RaftServerConfigKeys (ConfUtils.java:logGet(43)) - raft.server.log.statemachine.data.sync.timeout = 10s (default)
2019-08-29 23:06:07,485 [pool-459-thread-1] INFO  server.RaftServerConfigKeys (ConfUtils.java:logGet(43)) - raft.server.log.statemachine.data.sync = true (default)
2019-08-29 23:06:07,485 [pool-469-thread-1] INFO  server.RaftServerConfigKeys (ConfUtils.java:logGet(43)) - raft.server.log.statemachine.data.sync.timeout.retry = -1 (default)
2019-08-29 23:06:07,486 [pool-459-thread-1] INFO  server.RaftServerConfigKeys (ConfUtils.java:logGet(43)) - raft.server.log.statemachine.data.sync.timeout = 10s (default)
2019-08-29 23:06:07,486 [pool-469-thread-1] INFO  server.RaftServerConfigKeys (ConfUtils.java:logGet(43)) - raft.server.log.statemachine.data.caching.enabled = true (custom)
2019-08-29 23:06:07,486 [pool-459-thread-1] INFO  server.RaftServerConfigKeys (ConfUtils.java:logGet(43)) - raft.server.log.statemachine.data.sync.timeout.retry = -1 (default)
2019-08-29 23:06:07,486 [pool-469-thread-1] INFO  segmented.SegmentedRaftLogWorker (SegmentedRaftLogWorker.java:lambda$new$0(132)) - 701eae18-0267-427a-94c7-9b910f8dde45-SegmentedRaftLogWorker:Storage Directory /workdir/hadoop-ozone/integration-test/target/test-dir/MiniOzoneClusterImpl-fc4714e6-2d25-43ae-aa3c-bb84b829e8c3/datanode-6/data/ratis/3d0d883a-e2b6-4ab9-bf01-1e9d348bfb63: flushIndex: setUnconditionally 0 -> -1
2019-08-29 23:06:07,486 [pool-459-thread-1] INFO  server.RaftServerConfigKeys (ConfUtils.java:logGet(43)) - raft.server.log.statemachine.data.caching.enabled = true (custom)
2019-08-29 23:06:07,487 [pool-469-thread-1] INFO  server.RaftServerConfigKeys (ConfUtils.java:logGet(43)) - raft.server.snapshot.auto.trigger.enabled = true (custom)
2019-08-29 23:06:07,487 [pool-469-thread-1] INFO  server.RaftServerConfigKeys (ConfUtils.java:logGet(43)) - raft.server.snapshot.auto.trigger.threshold = 10000 (custom)
2019-08-29 23:06:07,487 [pool-459-thread-1] INFO  segmented.SegmentedRaftLogWorker (SegmentedRaftLogWorker.java:lambda$new$0(132)) - 39b1e362-24c6-40e1-a305-936b4ccaa1e0-SegmentedRaftLogWorker:Storage Directory /workdir/hadoop-ozone/integration-test/target/test-dir/MiniOzoneClusterImpl-fc4714e6-2d25-43ae-aa3c-bb84b829e8c3/datanode-5/data/ratis/3d0d883a-e2b6-4ab9-bf01-1e9d348bfb63: flushIndex: setUnconditionally 0 -> -1
2019-08-29 23:06:07,487 [pool-469-thread-1] INFO  server.RaftServerConfigKeys (ConfUtils.java:logGet(43)) - raft.server.retrycache.expirytime = 600000ms (custom)
2019-08-29 23:06:07,487 [pool-469-thread-1] INFO  impl.RaftServerImpl (RaftServerImpl.java:start(180)) - 701eae18-0267-427a-94c7-9b910f8dde45: start group-1E9D348BFB63
2019-08-29 23:06:07,487 [pool-459-thread-1] INFO  server.RaftServerConfigKeys (ConfUtils.java:logGet(43)) - raft.server.snapshot.auto.trigger.enabled = true (custom)
2019-08-29 23:06:07,487 [pool-469-thread-1] INFO  impl.RaftServerImpl (RaftServerImpl.java:setRole(171)) - 701eae18-0267-427a-94c7-9b910f8dde45:group-1E9D348BFB63 changes role from null to FOLLOWER at term 0 for startAsFollower
2019-08-29 23:06:07,488 [pool-459-thread-1] INFO  server.RaftServerConfigKeys (ConfUtils.java:logGet(43)) - raft.server.snapshot.auto.trigger.threshold = 10000 (custom)
2019-08-29 23:06:07,488 [pool-469-thread-1] INFO  impl.RoleInfo (RoleInfo.java:updateAndGet(143)) - 701eae18-0267-427a-94c7-9b910f8dde45: start FollowerState
2019-08-29 23:06:07,488 [pool-459-thread-1] INFO  server.RaftServerConfigKeys (ConfUtils.java:logGet(43)) - raft.server.retrycache.expirytime = 600000ms (custom)
2019-08-29 23:06:07,488 [pool-459-thread-1] INFO  impl.RaftServerImpl (RaftServerImpl.java:start(180)) - 39b1e362-24c6-40e1-a305-936b4ccaa1e0: start group-1E9D348BFB63
2019-08-29 23:06:07,488 [pool-469-thread-1] INFO  util.JmxRegister (JmxRegister.java:tryRegister(44)) - Successfully registered JMX Bean with object name Ratis:service=RaftServer,group=group-1E9D348BFB63,id=701eae18-0267-427a-94c7-9b910f8dde45
2019-08-29 23:06:07,488 [pool-459-thread-1] INFO  impl.RaftServerImpl (RaftServerImpl.java:setRole(171)) - 39b1e362-24c6-40e1-a305-936b4ccaa1e0:group-1E9D348BFB63 changes role from null to FOLLOWER at term 0 for startAsFollower
2019-08-29 23:06:07,489 [pool-459-thread-1] INFO  impl.RoleInfo (RoleInfo.java:updateAndGet(143)) - 39b1e362-24c6-40e1-a305-936b4ccaa1e0: start FollowerState
2019-08-29 23:06:07,489 [pool-459-thread-1] INFO  util.JmxRegister (JmxRegister.java:tryRegister(44)) - Successfully registered JMX Bean with object name Ratis:service=RaftServer,group=group-1E9D348BFB63,id=39b1e362-24c6-40e1-a305-936b4ccaa1e0
2019-08-29 23:06:07,492 [RatisPipelineUtilsThread] INFO  pipeline.PipelineStateManager (PipelineStateManager.java:addPipeline(56)) - Created pipeline Pipeline[ Id: 3d0d883a-e2b6-4ab9-bf01-1e9d348bfb63, Nodes: f20020a9-6aa7-48f1-914d-cfe5895fa638{ip: 192.168.5.176, host: pr-hdds-1783-trunk-hq4zp-549785682, networkLocation: /default-rack, certSerialId: null}39b1e362-24c6-40e1-a305-936b4ccaa1e0{ip: 192.168.5.176, host: pr-hdds-1783-trunk-hq4zp-549785682, networkLocation: /default-rack, certSerialId: null}701eae18-0267-427a-94c7-9b910f8dde45{ip: 192.168.5.176, host: pr-hdds-1783-trunk-hq4zp-549785682, networkLocation: /default-rack, certSerialId: null}, Type:RATIS, Factor:THREE, State:OPEN]
2019-08-29 23:06:08,386 [main] INFO  ozone.MiniOzoneClusterImpl (MiniOzoneClusterImpl.java:lambda$waitForClusterToBeReady$0(140)) - Cluster is ready. Got 7 of 7 DN Heartbeats.
2019-08-29 23:06:08,419 [main] INFO  rpc.RpcClient (RpcClient.java:createVolume(293)) - Creating Volume: testblockoutputstream, with jenkins1000 as owner.
2019-08-29 23:06:08,421 | INFO  | OMAudit | user=jenkins1000 | ip=127.0.0.1 | op=CREATE_VOLUME {admin=jenkins1000, owner=jenkins1000, volume=testblockoutputstream, creationTime=1567119968420, quotaInBytes=1152921504606846976} | ret=SUCCESS |  
2019-08-29 23:06:08,431 | INFO  | OMAudit | user=jenkins1000 | ip=127.0.0.1 | op=READ_VOLUME {volume=testblockoutputstream} | ret=SUCCESS |  
2019-08-29 23:06:08,431 [main] INFO  rpc.RpcClient (RpcClient.java:createBucket(432)) - Creating Bucket: testblockoutputstream/testblockoutputstream, with Versioning false and Storage Type set to DISK and Encryption set to false 
2019-08-29 23:06:08,435 | INFO  | OMAudit | user=jenkins1000 | ip=127.0.0.1 | op=CREATE_BUCKET {volume=testblockoutputstream, bucket=testblockoutputstream, acls=[user:jenkins1000:a[ACCESS], group:default:a[ACCESS]], isVersionEnabled=false, storageType=DISK, creationTime=0} | ret=SUCCESS |  
2019-08-29 23:06:08,436 | INFO  | OMAudit | user=jenkins1000 | ip=127.0.0.1 | op=READ_VOLUME {volume=testblockoutputstream} | ret=SUCCESS |  
2019-08-29 23:06:08,437 | INFO  | OMAudit | user=jenkins1000 | ip=127.0.0.1 | op=READ_BUCKET {volume=testblockoutputstream, bucket=testblockoutputstream} | ret=SUCCESS |  
2019-08-29 23:06:08,440 | INFO  | SCMAudit | user=jenkins1000 | ip=192.168.5.176 | op=ALLOCATE_BLOCK {owner=2f215a37-e30e-47a8-af3e-2032ff698de7, size=800, type=RATIS, factor=THREE} | ret=SUCCESS |  
2019-08-29 23:06:08,444 | INFO  | OMAudit | user=jenkins1000 | ip=127.0.0.1 | op=ALLOCATE_KEY {volume=testblockoutputstream, bucket=testblockoutputstream, key=6888b399-23c5-4ca3-8b00-c2aaf6094bca, dataSize=0, replicationType=RATIS, replicationFactor=THREE, keyLocationInfo=null} | ret=SUCCESS |  
2019-08-29 23:06:08,455 [grpc-default-executor-5] INFO  client.GrpcClientProtocolClient (GrpcClientProtocolClient.java:onNext(255)) - client-232B716717A1->69eced68-633e-4b51-8723-aa3cc7d01e54: receive RaftClientReply:client-232B716717A1->69eced68-633e-4b51-8723-aa3cc7d01e54@group-B0DBF3A8E54A, cid=175, FAILED org.apache.ratis.protocol.NotLeaderException: Server 69eced68-633e-4b51-8723-aa3cc7d01e54 is not the leader (null). Request must be sent to leader., logIndex=0, commits[69eced68-633e-4b51-8723-aa3cc7d01e54:c-1]
2019-08-29 23:06:08,965 | INFO  | SCMAudit | user=jenkins1000 | ip=192.168.5.176 | op=SEND_HEARTBEAT {datanodeUUID=eecc47d9-bcc9-4792-b0a1-bf4e20a348f5, command=[]} | ret=SUCCESS |  
2019-08-29 23:06:09,023 | INFO  | SCMAudit | user=jenkins1000 | ip=192.168.5.176 | op=SEND_HEARTBEAT {datanodeUUID=a4665db9-b31b-4d0b-b60e-b10125f1dc2f, command=[]} | ret=SUCCESS |  
2019-08-29 23:06:09,081 | INFO  | SCMAudit | user=jenkins1000 | ip=192.168.5.176 | op=SEND_HEARTBEAT {datanodeUUID=69eced68-633e-4b51-8723-aa3cc7d01e54, command=[]} | ret=SUCCESS |  
2019-08-29 23:06:09,139 | INFO  | SCMAudit | user=jenkins1000 | ip=192.168.5.176 | op=SEND_HEARTBEAT {datanodeUUID=f20020a9-6aa7-48f1-914d-cfe5895fa638, command=[]} | ret=SUCCESS |  
2019-08-29 23:06:09,239 | INFO  | SCMAudit | user=jenkins1000 | ip=192.168.5.176 | op=SEND_HEARTBEAT {datanodeUUID=36a44bf1-0214-4ae3-b56c-359c5b44ef6b, command=[]} | ret=SUCCESS |  
2019-08-29 23:06:09,320 | INFO  | SCMAudit | user=jenkins1000 | ip=192.168.5.176 | op=SEND_HEARTBEAT {datanodeUUID=39b1e362-24c6-40e1-a305-936b4ccaa1e0, command=[]} | ret=SUCCESS |  
2019-08-29 23:06:09,386 | INFO  | SCMAudit | user=jenkins1000 | ip=192.168.5.176 | op=SEND_HEARTBEAT {datanodeUUID=701eae18-0267-427a-94c7-9b910f8dde45, command=[]} | ret=SUCCESS |  
2019-08-29 23:06:09,469 [grpc-default-executor-7] INFO  client.GrpcClientProtocolClient (GrpcClientProtocolClient.java:onNext(255)) - client-232B716717A1->a4665db9-b31b-4d0b-b60e-b10125f1dc2f: receive RaftClientReply:client-232B716717A1->a4665db9-b31b-4d0b-b60e-b10125f1dc2f@group-B0DBF3A8E54A, cid=175, FAILED org.apache.ratis.protocol.NotLeaderException: Server a4665db9-b31b-4d0b-b60e-b10125f1dc2f is not the leader (null). Request must be sent to leader., logIndex=0, commits[a4665db9-b31b-4d0b-b60e-b10125f1dc2f:c-1]
2019-08-29 23:06:09,965 | INFO  | SCMAudit | user=jenkins1000 | ip=192.168.5.176 | op=SEND_HEARTBEAT {datanodeUUID=eecc47d9-bcc9-4792-b0a1-bf4e20a348f5, command=[]} | ret=SUCCESS |  
2019-08-29 23:06:09,976 [Thread-3286] INFO  container.ReplicationManager (ReplicationManager.java:start(152)) - Starting Replication Monitor Thread.
2019-08-29 23:06:09,979 [ReplicationMonitor] INFO  container.ReplicationManager (ReplicationManager.java:run(215)) - Replication Monitor Thread took 0 milliseconds for processing 1 containers.
2019-08-29 23:06:10,024 | INFO  | SCMAudit | user=jenkins1000 | ip=192.168.5.176 | op=SEND_HEARTBEAT {datanodeUUID=a4665db9-b31b-4d0b-b60e-b10125f1dc2f, command=[]} | ret=SUCCESS |  
2019-08-29 23:06:10,081 | INFO  | SCMAudit | user=jenkins1000 | ip=192.168.5.176 | op=SEND_HEARTBEAT {datanodeUUID=69eced68-633e-4b51-8723-aa3cc7d01e54, command=[]} | ret=SUCCESS |  
2019-08-29 23:06:10,139 | INFO  | SCMAudit | user=jenkins1000 | ip=192.168.5.176 | op=SEND_HEARTBEAT {datanodeUUID=f20020a9-6aa7-48f1-914d-cfe5895fa638, command=[]} | ret=SUCCESS |  
2019-08-29 23:06:10,239 | INFO  | SCMAudit | user=jenkins1000 | ip=192.168.5.176 | op=SEND_HEARTBEAT {datanodeUUID=36a44bf1-0214-4ae3-b56c-359c5b44ef6b, command=[]} | ret=SUCCESS |  
2019-08-29 23:06:10,320 | INFO  | SCMAudit | user=jenkins1000 | ip=192.168.5.176 | op=SEND_HEARTBEAT {datanodeUUID=39b1e362-24c6-40e1-a305-936b4ccaa1e0, command=[]} | ret=SUCCESS |  
2019-08-29 23:06:10,386 | INFO  | SCMAudit | user=jenkins1000 | ip=192.168.5.176 | op=SEND_HEARTBEAT {datanodeUUID=701eae18-0267-427a-94c7-9b910f8dde45, command=[]} | ret=SUCCESS |  
2019-08-29 23:06:10,480 [grpc-default-executor-7] INFO  client.GrpcClientProtocolClient (GrpcClientProtocolClient.java:onNext(255)) - client-232B716717A1->eecc47d9-bcc9-4792-b0a1-bf4e20a348f5: receive RaftClientReply:client-232B716717A1->eecc47d9-bcc9-4792-b0a1-bf4e20a348f5@group-B0DBF3A8E54A, cid=175, FAILED org.apache.ratis.protocol.NotLeaderException: Server eecc47d9-bcc9-4792-b0a1-bf4e20a348f5 is not the leader (null). Request must be sent to leader., logIndex=0, commits[eecc47d9-bcc9-4792-b0a1-bf4e20a348f5:c-1]
2019-08-29 23:06:10,965 | INFO  | SCMAudit | user=jenkins1000 | ip=192.168.5.176 | op=SEND_HEARTBEAT {datanodeUUID=eecc47d9-bcc9-4792-b0a1-bf4e20a348f5, command=[]} | ret=SUCCESS |  
2019-08-29 23:06:11,024 | INFO  | SCMAudit | user=jenkins1000 | ip=192.168.5.176 | op=SEND_HEARTBEAT {datanodeUUID=a4665db9-b31b-4d0b-b60e-b10125f1dc2f, command=[]} | ret=SUCCESS |  
2019-08-29 23:06:11,081 | INFO  | SCMAudit | user=jenkins1000 | ip=192.168.5.176 | op=SEND_HEARTBEAT {datanodeUUID=69eced68-633e-4b51-8723-aa3cc7d01e54, command=[]} | ret=SUCCESS |  
2019-08-29 23:06:11,139 | INFO  | SCMAudit | user=jenkins1000 | ip=192.168.5.176 | op=SEND_HEARTBEAT {datanodeUUID=f20020a9-6aa7-48f1-914d-cfe5895fa638, command=[]} | ret=SUCCESS |  
2019-08-29 23:06:11,239 | INFO  | SCMAudit | user=jenkins1000 | ip=192.168.5.176 | op=SEND_HEARTBEAT {datanodeUUID=36a44bf1-0214-4ae3-b56c-359c5b44ef6b, command=[]} | ret=SUCCESS |  
2019-08-29 23:06:11,321 | INFO  | SCMAudit | user=jenkins1000 | ip=192.168.5.176 | op=SEND_HEARTBEAT {datanodeUUID=39b1e362-24c6-40e1-a305-936b4ccaa1e0, command=[]} | ret=SUCCESS |  
2019-08-29 23:06:11,386 | INFO  | SCMAudit | user=jenkins1000 | ip=192.168.5.176 | op=SEND_HEARTBEAT {datanodeUUID=701eae18-0267-427a-94c7-9b910f8dde45, command=[]} | ret=SUCCESS |  
2019-08-29 23:06:11,492 [grpc-default-executor-4] INFO  client.GrpcClientProtocolClient (GrpcClientProtocolClient.java:onNext(255)) - client-232B716717A1->69eced68-633e-4b51-8723-aa3cc7d01e54: receive RaftClientReply:client-232B716717A1->69eced68-633e-4b51-8723-aa3cc7d01e54@group-B0DBF3A8E54A, cid=175, FAILED org.apache.ratis.protocol.NotLeaderException: Server 69eced68-633e-4b51-8723-aa3cc7d01e54 is not the leader (null). Request must be sent to leader., logIndex=0, commits[69eced68-633e-4b51-8723-aa3cc7d01e54:c-1]
2019-08-29 23:06:11,965 | INFO  | SCMAudit | user=jenkins1000 | ip=192.168.5.176 | op=SEND_HEARTBEAT {datanodeUUID=eecc47d9-bcc9-4792-b0a1-bf4e20a348f5, command=[]} | ret=SUCCESS |  
2019-08-29 23:06:12,024 | INFO  | SCMAudit | user=jenkins1000 | ip=192.168.5.176 | op=SEND_HEARTBEAT {datanodeUUID=a4665db9-b31b-4d0b-b60e-b10125f1dc2f, command=[]} | ret=SUCCESS |  
2019-08-29 23:06:12,027 [Thread-3288] INFO  impl.FollowerState (FollowerState.java:run(106)) - eecc47d9-bcc9-4792-b0a1-bf4e20a348f5:group-E9576D0BDA52 changes to CANDIDATE, lastRpcTime:5012, electionTimeout:5012ms
2019-08-29 23:06:12,027 [Thread-3288] INFO  impl.RoleInfo (RoleInfo.java:shutdownFollowerState(121)) - eecc47d9-bcc9-4792-b0a1-bf4e20a348f5: shutdown FollowerState
2019-08-29 23:06:12,027 [Thread-3288] INFO  impl.RaftServerImpl (RaftServerImpl.java:setRole(171)) - eecc47d9-bcc9-4792-b0a1-bf4e20a348f5:group-E9576D0BDA52 changes role from FOLLOWER to CANDIDATE at term 0 for changeToCandidate
2019-08-29 23:06:12,027 [Thread-3288] INFO  impl.RoleInfo (RoleInfo.java:updateAndGet(143)) - eecc47d9-bcc9-4792-b0a1-bf4e20a348f5: start LeaderElection
2019-08-29 23:06:12,061 [eecc47d9-bcc9-4792-b0a1-bf4e20a348f5:group-E9576D0BDA52:LeaderElection60] INFO  impl.LeaderElection (LeaderElection.java:askForVotes(181)) - eecc47d9-bcc9-4792-b0a1-bf4e20a348f5:group-E9576D0BDA52:LeaderElection60: begin an election at term 1 for -1: [eecc47d9-bcc9-4792-b0a1-bf4e20a348f5:192.168.5.176:39768], old=null
2019-08-29 23:06:12,061 [eecc47d9-bcc9-4792-b0a1-bf4e20a348f5:group-E9576D0BDA52:LeaderElection60] INFO  impl.RoleInfo (RoleInfo.java:shutdownLeaderElection(134)) - eecc47d9-bcc9-4792-b0a1-bf4e20a348f5: shutdown LeaderElection
2019-08-29 23:06:12,061 [eecc47d9-bcc9-4792-b0a1-bf4e20a348f5:group-E9576D0BDA52:LeaderElection60] INFO  impl.RaftServerImpl (RaftServerImpl.java:setRole(171)) - eecc47d9-bcc9-4792-b0a1-bf4e20a348f5:group-E9576D0BDA52 changes role from CANDIDATE to LEADER at term 1 for changeToLeader
2019-08-29 23:06:12,062 [eecc47d9-bcc9-4792-b0a1-bf4e20a348f5:group-E9576D0BDA52:LeaderElection60] INFO  impl.RaftServerImpl (ServerState.java:setLeader(263)) - eecc47d9-bcc9-4792-b0a1-bf4e20a348f5:group-E9576D0BDA52 change Leader from null to eecc47d9-bcc9-4792-b0a1-bf4e20a348f5 at term 1 for becomeLeader, leader elected after 5051ms
2019-08-29 23:06:12,062 [eecc47d9-bcc9-4792-b0a1-bf4e20a348f5:group-E9576D0BDA52:LeaderElection60] INFO  server.RaftServerConfigKeys (ConfUtils.java:logGet(43)) - raft.server.staging.catchup.gap = 1000 (default)
2019-08-29 23:06:12,062 [eecc47d9-bcc9-4792-b0a1-bf4e20a348f5:group-E9576D0BDA52:LeaderElection60] INFO  server.RaftServerConfigKeys (ConfUtils.java:logGet(43)) - raft.server.rpc.sleep.time = 25ms (default)
2019-08-29 23:06:12,062 [eecc47d9-bcc9-4792-b0a1-bf4e20a348f5:group-E9576D0BDA52:LeaderElection60] INFO  server.RaftServerConfigKeys (ConfUtils.java:logGet(43)) - raft.server.write.element-limit = 4096 (default)
2019-08-29 23:06:12,062 [eecc47d9-bcc9-4792-b0a1-bf4e20a348f5:group-E9576D0BDA52:LeaderElection60] INFO  server.RaftServerConfigKeys (ConfUtils.java:logGet(43)) - raft.server.watch.timeout = 10s (default)
2019-08-29 23:06:12,063 [eecc47d9-bcc9-4792-b0a1-bf4e20a348f5:group-E9576D0BDA52:LeaderElection60] INFO  server.RaftServerConfigKeys (ConfUtils.java:logGet(43)) - raft.server.watch.timeout.denomination = 1s (default)
2019-08-29 23:06:12,063 [eecc47d9-bcc9-4792-b0a1-bf4e20a348f5:group-E9576D0BDA52:LeaderElection60] INFO  server.RaftServerConfigKeys (ConfUtils.java:logGet(43)) - raft.server.watch.element-limit = 65536 (default)
2019-08-29 23:06:12,063 [eecc47d9-bcc9-4792-b0a1-bf4e20a348f5:group-E9576D0BDA52:LeaderElection60] INFO  impl.RoleInfo (RoleInfo.java:updateAndGet(143)) - eecc47d9-bcc9-4792-b0a1-bf4e20a348f5: start LeaderState
2019-08-29 23:06:12,064 [eecc47d9-bcc9-4792-b0a1-bf4e20a348f5:group-E9576D0BDA52:LeaderElection60] INFO  segmented.SegmentedRaftLogWorker (SegmentedRaftLogWorker.java:startLogSegment(380)) - eecc47d9-bcc9-4792-b0a1-bf4e20a348f5-SegmentedRaftLogWorker:Storage Directory /workdir/hadoop-ozone/integration-test/target/test-dir/MiniOzoneClusterImpl-fc4714e6-2d25-43ae-aa3c-bb84b829e8c3/datanode-0/data/ratis/c2504a0a-4a23-4a3e-9b8e-e9576d0bda52: Starting segment from index:0
2019-08-29 23:06:12,065 [eecc47d9-bcc9-4792-b0a1-bf4e20a348f5:group-E9576D0BDA52:LeaderElection60] INFO  impl.RaftServerImpl (ServerState.java:setRaftConf(361)) - eecc47d9-bcc9-4792-b0a1-bf4e20a348f5:group-E9576D0BDA52 set configuration 0: [eecc47d9-bcc9-4792-b0a1-bf4e20a348f5:192.168.5.176:39768], old=null at 0
2019-08-29 23:06:12,102 [Thread-3291] INFO  impl.FollowerState (FollowerState.java:run(106)) - a4665db9-b31b-4d0b-b60e-b10125f1dc2f:group-0ABA8D42E045 changes to CANDIDATE, lastRpcTime:5060, electionTimeout:5037ms
2019-08-29 23:06:12,102 [Thread-3291] INFO  impl.RoleInfo (RoleInfo.java:shutdownFollowerState(121)) - a4665db9-b31b-4d0b-b60e-b10125f1dc2f: shutdown FollowerState
2019-08-29 23:06:12,102 [Thread-3291] INFO  impl.RaftServerImpl (RaftServerImpl.java:setRole(171)) - a4665db9-b31b-4d0b-b60e-b10125f1dc2f:group-0ABA8D42E045 changes role from FOLLOWER to CANDIDATE at term 0 for changeToCandidate
2019-08-29 23:06:12,102 [Thread-3291] INFO  impl.RoleInfo (RoleInfo.java:updateAndGet(143)) - a4665db9-b31b-4d0b-b60e-b10125f1dc2f: start LeaderElection
2019-08-29 23:06:12,102 | INFO  | SCMAudit | user=jenkins1000 | ip=192.168.5.176 | op=SEND_HEARTBEAT {datanodeUUID=69eced68-633e-4b51-8723-aa3cc7d01e54, command=[]} | ret=SUCCESS |  
2019-08-29 23:06:12,115 [eecc47d9-bcc9-4792-b0a1-bf4e20a348f5-SegmentedRaftLogWorker:Storage Directory /workdir/hadoop-ozone/integration-test/target/test-dir/MiniOzoneClusterImpl-fc4714e6-2d25-43ae-aa3c-bb84b829e8c3/datanode-0/data/ratis/c2504a0a-4a23-4a3e-9b8e-e9576d0bda52] INFO  segmented.SegmentedRaftLogWorker (SegmentedRaftLogWorker.java:execute(569)) - eecc47d9-bcc9-4792-b0a1-bf4e20a348f5-SegmentedRaftLogWorker:Storage Directory /workdir/hadoop-ozone/integration-test/target/test-dir/MiniOzoneClusterImpl-fc4714e6-2d25-43ae-aa3c-bb84b829e8c3/datanode-0/data/ratis/c2504a0a-4a23-4a3e-9b8e-e9576d0bda52: created new log segment /workdir/hadoop-ozone/integration-test/target/test-dir/MiniOzoneClusterImpl-fc4714e6-2d25-43ae-aa3c-bb84b829e8c3/datanode-0/data/ratis/c2504a0a-4a23-4a3e-9b8e-e9576d0bda52/current/log_inprogress_0
2019-08-29 23:06:12,115 [a4665db9-b31b-4d0b-b60e-b10125f1dc2f:group-0ABA8D42E045:LeaderElection61] INFO  impl.LeaderElection (LeaderElection.java:askForVotes(181)) - a4665db9-b31b-4d0b-b60e-b10125f1dc2f:group-0ABA8D42E045:LeaderElection61: begin an election at term 1 for -1: [a4665db9-b31b-4d0b-b60e-b10125f1dc2f:192.168.5.176:39139], old=null
2019-08-29 23:06:12,115 [a4665db9-b31b-4d0b-b60e-b10125f1dc2f:group-0ABA8D42E045:LeaderElection61] INFO  impl.RoleInfo (RoleInfo.java:shutdownLeaderElection(134)) - a4665db9-b31b-4d0b-b60e-b10125f1dc2f: shutdown LeaderElection
2019-08-29 23:06:12,115 [a4665db9-b31b-4d0b-b60e-b10125f1dc2f:group-0ABA8D42E045:LeaderElection61] INFO  impl.RaftServerImpl (RaftServerImpl.java:setRole(171)) - a4665db9-b31b-4d0b-b60e-b10125f1dc2f:group-0ABA8D42E045 changes role from CANDIDATE to LEADER at term 1 for changeToLeader
2019-08-29 23:06:12,115 [a4665db9-b31b-4d0b-b60e-b10125f1dc2f:group-0ABA8D42E045:LeaderElection61] INFO  impl.RaftServerImpl (ServerState.java:setLeader(263)) - a4665db9-b31b-4d0b-b60e-b10125f1dc2f:group-0ABA8D42E045 change Leader from null to a4665db9-b31b-4d0b-b60e-b10125f1dc2f at term 1 for becomeLeader, leader elected after 5077ms
2019-08-29 23:06:12,115 [a4665db9-b31b-4d0b-b60e-b10125f1dc2f:group-0ABA8D42E045:LeaderElection61] INFO  server.RaftServerConfigKeys (ConfUtils.java:logGet(43)) - raft.server.staging.catchup.gap = 1000 (default)
2019-08-29 23:06:12,116 [a4665db9-b31b-4d0b-b60e-b10125f1dc2f:group-0ABA8D42E045:LeaderElection61] INFO  server.RaftServerConfigKeys (ConfUtils.java:logGet(43)) - raft.server.rpc.sleep.time = 25ms (default)
2019-08-29 23:06:12,116 [a4665db9-b31b-4d0b-b60e-b10125f1dc2f:group-0ABA8D42E045:LeaderElection61] INFO  server.RaftServerConfigKeys (ConfUtils.java:logGet(43)) - raft.server.write.element-limit = 4096 (default)
2019-08-29 23:06:12,116 [a4665db9-b31b-4d0b-b60e-b10125f1dc2f:group-0ABA8D42E045:LeaderElection61] INFO  server.RaftServerConfigKeys (ConfUtils.java:logGet(43)) - raft.server.watch.timeout = 10s (default)
2019-08-29 23:06:12,116 [a4665db9-b31b-4d0b-b60e-b10125f1dc2f:group-0ABA8D42E045:LeaderElection61] INFO  server.RaftServerConfigKeys (ConfUtils.java:logGet(43)) - raft.server.watch.timeout.denomination = 1s (default)
2019-08-29 23:06:12,116 [a4665db9-b31b-4d0b-b60e-b10125f1dc2f:group-0ABA8D42E045:LeaderElection61] INFO  server.RaftServerConfigKeys (ConfUtils.java:logGet(43)) - raft.server.watch.element-limit = 65536 (default)
2019-08-29 23:06:12,116 [a4665db9-b31b-4d0b-b60e-b10125f1dc2f:group-0ABA8D42E045:LeaderElection61] INFO  impl.RoleInfo (RoleInfo.java:updateAndGet(143)) - a4665db9-b31b-4d0b-b60e-b10125f1dc2f: start LeaderState
2019-08-29 23:06:12,117 [a4665db9-b31b-4d0b-b60e-b10125f1dc2f:group-0ABA8D42E045:LeaderElection61] INFO  segmented.SegmentedRaftLogWorker (SegmentedRaftLogWorker.java:startLogSegment(380)) - a4665db9-b31b-4d0b-b60e-b10125f1dc2f-SegmentedRaftLogWorker:Storage Directory /workdir/hadoop-ozone/integration-test/target/test-dir/MiniOzoneClusterImpl-fc4714e6-2d25-43ae-aa3c-bb84b829e8c3/datanode-1/data/ratis/1d3067f6-86a2-485a-ab7a-0aba8d42e045: Starting segment from index:0
2019-08-29 23:06:12,117 [a4665db9-b31b-4d0b-b60e-b10125f1dc2f:group-0ABA8D42E045:LeaderElection61] INFO  impl.RaftServerImpl (ServerState.java:setRaftConf(361)) - a4665db9-b31b-4d0b-b60e-b10125f1dc2f:group-0ABA8D42E045 set configuration 0: [a4665db9-b31b-4d0b-b60e-b10125f1dc2f:192.168.5.176:39139], old=null at 0
2019-08-29 23:06:12,159 | INFO  | SCMAudit | user=jenkins1000 | ip=192.168.5.176 | op=SEND_HEARTBEAT {datanodeUUID=f20020a9-6aa7-48f1-914d-cfe5895fa638, command=[]} | ret=SUCCESS |  
2019-08-29 23:06:12,171 [a4665db9-b31b-4d0b-b60e-b10125f1dc2f-SegmentedRaftLogWorker:Storage Directory /workdir/hadoop-ozone/integration-test/target/test-dir/MiniOzoneClusterImpl-fc4714e6-2d25-43ae-aa3c-bb84b829e8c3/datanode-1/data/ratis/1d3067f6-86a2-485a-ab7a-0aba8d42e045] INFO  segmented.SegmentedRaftLogWorker (SegmentedRaftLogWorker.java:execute(569)) - a4665db9-b31b-4d0b-b60e-b10125f1dc2f-SegmentedRaftLogWorker:Storage Directory /workdir/hadoop-ozone/integration-test/target/test-dir/MiniOzoneClusterImpl-fc4714e6-2d25-43ae-aa3c-bb84b829e8c3/datanode-1/data/ratis/1d3067f6-86a2-485a-ab7a-0aba8d42e045: created new log segment /workdir/hadoop-ozone/integration-test/target/test-dir/MiniOzoneClusterImpl-fc4714e6-2d25-43ae-aa3c-bb84b829e8c3/datanode-1/data/ratis/1d3067f6-86a2-485a-ab7a-0aba8d42e045/current/log_inprogress_0
2019-08-29 23:06:12,179 [Thread-3294] INFO  impl.FollowerState (FollowerState.java:run(106)) - 69eced68-633e-4b51-8723-aa3cc7d01e54:group-4BFF0E5C9C5A changes to CANDIDATE, lastRpcTime:5066, electionTimeout:5066ms
2019-08-29 23:06:12,179 [Thread-3294] INFO  impl.RoleInfo (RoleInfo.java:shutdownFollowerState(121)) - 69eced68-633e-4b51-8723-aa3cc7d01e54: shutdown FollowerState
2019-08-29 23:06:12,179 [Thread-3294] INFO  impl.RaftServerImpl (RaftServerImpl.java:setRole(171)) - 69eced68-633e-4b51-8723-aa3cc7d01e54:group-4BFF0E5C9C5A changes role from FOLLOWER to CANDIDATE at term 0 for changeToCandidate
2019-08-29 23:06:12,179 [Thread-3294] INFO  impl.RoleInfo (RoleInfo.java:updateAndGet(143)) - 69eced68-633e-4b51-8723-aa3cc7d01e54: start LeaderElection
2019-08-29 23:06:12,198 [69eced68-633e-4b51-8723-aa3cc7d01e54:group-4BFF0E5C9C5A:LeaderElection62] INFO  impl.LeaderElection (LeaderElection.java:askForVotes(181)) - 69eced68-633e-4b51-8723-aa3cc7d01e54:group-4BFF0E5C9C5A:LeaderElection62: begin an election at term 1 for -1: [69eced68-633e-4b51-8723-aa3cc7d01e54:192.168.5.176:41028], old=null
2019-08-29 23:06:12,198 [69eced68-633e-4b51-8723-aa3cc7d01e54:group-4BFF0E5C9C5A:LeaderElection62] INFO  impl.RoleInfo (RoleInfo.java:shutdownLeaderElection(134)) - 69eced68-633e-4b51-8723-aa3cc7d01e54: shutdown LeaderElection
2019-08-29 23:06:12,198 [69eced68-633e-4b51-8723-aa3cc7d01e54:group-4BFF0E5C9C5A:LeaderElection62] INFO  impl.RaftServerImpl (RaftServerImpl.java:setRole(171)) - 69eced68-633e-4b51-8723-aa3cc7d01e54:group-4BFF0E5C9C5A changes role from CANDIDATE to LEADER at term 1 for changeToLeader
2019-08-29 23:06:12,198 [69eced68-633e-4b51-8723-aa3cc7d01e54:group-4BFF0E5C9C5A:LeaderElection62] INFO  impl.RaftServerImpl (ServerState.java:setLeader(263)) - 69eced68-633e-4b51-8723-aa3cc7d01e54:group-4BFF0E5C9C5A change Leader from null to 69eced68-633e-4b51-8723-aa3cc7d01e54 at term 1 for becomeLeader, leader elected after 5090ms
2019-08-29 23:06:12,199 [69eced68-633e-4b51-8723-aa3cc7d01e54:group-4BFF0E5C9C5A:LeaderElection62] INFO  server.RaftServerConfigKeys (ConfUtils.java:logGet(43)) - raft.server.staging.catchup.gap = 1000 (default)
2019-08-29 23:06:12,199 [69eced68-633e-4b51-8723-aa3cc7d01e54:group-4BFF0E5C9C5A:LeaderElection62] INFO  server.RaftServerConfigKeys (ConfUtils.java:logGet(43)) - raft.server.rpc.sleep.time = 25ms (default)
2019-08-29 23:06:12,199 [69eced68-633e-4b51-8723-aa3cc7d01e54:group-4BFF0E5C9C5A:LeaderElection62] INFO  server.RaftServerConfigKeys (ConfUtils.java:logGet(43)) - raft.server.write.element-limit = 4096 (default)
2019-08-29 23:06:12,199 [69eced68-633e-4b51-8723-aa3cc7d01e54:group-4BFF0E5C9C5A:LeaderElection62] INFO  server.RaftServerConfigKeys (ConfUtils.java:logGet(43)) - raft.server.watch.timeout = 10s (default)
2019-08-29 23:06:12,199 [69eced68-633e-4b51-8723-aa3cc7d01e54:group-4BFF0E5C9C5A:LeaderElection62] INFO  server.RaftServerConfigKeys (ConfUtils.java:logGet(43)) - raft.server.watch.timeout.denomination = 1s (default)
2019-08-29 23:06:12,199 [69eced68-633e-4b51-8723-aa3cc7d01e54:group-4BFF0E5C9C5A:LeaderElection62] INFO  server.RaftServerConfigKeys (ConfUtils.java:logGet(43)) - raft.server.watch.element-limit = 65536 (default)
2019-08-29 23:06:12,199 [69eced68-633e-4b51-8723-aa3cc7d01e54:group-4BFF0E5C9C5A:LeaderElection62] INFO  impl.RoleInfo (RoleInfo.java:updateAndGet(143)) - 69eced68-633e-4b51-8723-aa3cc7d01e54: start LeaderState
2019-08-29 23:06:12,200 [69eced68-633e-4b51-8723-aa3cc7d01e54:group-4BFF0E5C9C5A:LeaderElection62] INFO  segmented.SegmentedRaftLogWorker (SegmentedRaftLogWorker.java:startLogSegment(380)) - 69eced68-633e-4b51-8723-aa3cc7d01e54-SegmentedRaftLogWorker:Storage Directory /workdir/hadoop-ozone/integration-test/target/test-dir/MiniOzoneClusterImpl-fc4714e6-2d25-43ae-aa3c-bb84b829e8c3/datanode-2/data/ratis/e6a95782-7c4f-4325-9991-4bff0e5c9c5a: Starting segment from index:0
2019-08-29 23:06:12,200 [69eced68-633e-4b51-8723-aa3cc7d01e54:group-4BFF0E5C9C5A:LeaderElection62] INFO  impl.RaftServerImpl (ServerState.java:setRaftConf(361)) - 69eced68-633e-4b51-8723-aa3cc7d01e54:group-4BFF0E5C9C5A set configuration 0: [69eced68-633e-4b51-8723-aa3cc7d01e54:192.168.5.176:41028], old=null at 0
2019-08-29 23:06:12,234 [Thread-3302] INFO  impl.FollowerState (FollowerState.java:run(106)) - eecc47d9-bcc9-4792-b0a1-bf4e20a348f5:group-B0DBF3A8E54A changes to CANDIDATE, lastRpcTime:5068, electionTimeout:5053ms
2019-08-29 23:06:12,234 [Thread-3301] INFO  impl.FollowerState (FollowerState.java:run(106)) - 69eced68-633e-4b51-8723-aa3cc7d01e54:group-B0DBF3A8E54A changes to CANDIDATE, lastRpcTime:5069, electionTimeout:5062ms
2019-08-29 23:06:12,234 [Thread-3302] INFO  impl.RoleInfo (RoleInfo.java:shutdownFollowerState(121)) - eecc47d9-bcc9-4792-b0a1-bf4e20a348f5: shutdown FollowerState
2019-08-29 23:06:12,234 [Thread-3301] INFO  impl.RoleInfo (RoleInfo.java:shutdownFollowerState(121)) - 69eced68-633e-4b51-8723-aa3cc7d01e54: shutdown FollowerState
2019-08-29 23:06:12,234 [Thread-3302] INFO  impl.RaftServerImpl (RaftServerImpl.java:setRole(171)) - eecc47d9-bcc9-4792-b0a1-bf4e20a348f5:group-B0DBF3A8E54A changes role from FOLLOWER to CANDIDATE at term 0 for changeToCandidate
2019-08-29 23:06:12,234 [Thread-3301] INFO  impl.RaftServerImpl (RaftServerImpl.java:setRole(171)) - 69eced68-633e-4b51-8723-aa3cc7d01e54:group-B0DBF3A8E54A changes role from FOLLOWER to CANDIDATE at term 0 for changeToCandidate
2019-08-29 23:06:12,234 [Thread-3302] INFO  impl.RoleInfo (RoleInfo.java:updateAndGet(143)) - eecc47d9-bcc9-4792-b0a1-bf4e20a348f5: start LeaderElection
2019-08-29 23:06:12,234 [Thread-3301] INFO  impl.RoleInfo (RoleInfo.java:updateAndGet(143)) - 69eced68-633e-4b51-8723-aa3cc7d01e54: start LeaderElection
2019-08-29 23:06:12,240 [69eced68-633e-4b51-8723-aa3cc7d01e54-SegmentedRaftLogWorker:Storage Directory /workdir/hadoop-ozone/integration-test/target/test-dir/MiniOzoneClusterImpl-fc4714e6-2d25-43ae-aa3c-bb84b829e8c3/datanode-2/data/ratis/e6a95782-7c4f-4325-9991-4bff0e5c9c5a] INFO  segmented.SegmentedRaftLogWorker (SegmentedRaftLogWorker.java:execute(569)) - 69eced68-633e-4b51-8723-aa3cc7d01e54-SegmentedRaftLogWorker:Storage Directory /workdir/hadoop-ozone/integration-test/target/test-dir/MiniOzoneClusterImpl-fc4714e6-2d25-43ae-aa3c-bb84b829e8c3/datanode-2/data/ratis/e6a95782-7c4f-4325-9991-4bff0e5c9c5a: created new log segment /workdir/hadoop-ozone/integration-test/target/test-dir/MiniOzoneClusterImpl-fc4714e6-2d25-43ae-aa3c-bb84b829e8c3/datanode-2/data/ratis/e6a95782-7c4f-4325-9991-4bff0e5c9c5a/current/log_inprogress_0
2019-08-29 23:06:12,242 | INFO  | SCMAudit | user=jenkins1000 | ip=192.168.5.176 | op=SEND_HEARTBEAT {datanodeUUID=36a44bf1-0214-4ae3-b56c-359c5b44ef6b, command=[]} | ret=SUCCESS |  
2019-08-29 23:06:12,246 [69eced68-633e-4b51-8723-aa3cc7d01e54:group-B0DBF3A8E54A:LeaderElection64] INFO  impl.LeaderElection (LeaderElection.java:askForVotes(181)) - 69eced68-633e-4b51-8723-aa3cc7d01e54:group-B0DBF3A8E54A:LeaderElection64: begin an election at term 1 for -1: [a4665db9-b31b-4d0b-b60e-b10125f1dc2f:192.168.5.176:39139, eecc47d9-bcc9-4792-b0a1-bf4e20a348f5:192.168.5.176:39768, 69eced68-633e-4b51-8723-aa3cc7d01e54:192.168.5.176:41028], old=null
2019-08-29 23:06:12,247 [eecc47d9-bcc9-4792-b0a1-bf4e20a348f5:group-B0DBF3A8E54A:LeaderElection63] INFO  impl.LeaderElection (LeaderElection.java:askForVotes(181)) - eecc47d9-bcc9-4792-b0a1-bf4e20a348f5:group-B0DBF3A8E54A:LeaderElection63: begin an election at term 1 for -1: [a4665db9-b31b-4d0b-b60e-b10125f1dc2f:192.168.5.176:39139, eecc47d9-bcc9-4792-b0a1-bf4e20a348f5:192.168.5.176:39768, 69eced68-633e-4b51-8723-aa3cc7d01e54:192.168.5.176:41028], old=null
2019-08-29 23:06:12,254 [grpc-default-executor-6] INFO  impl.RaftServerImpl (RaftServerImpl.java:setRole(171)) - a4665db9-b31b-4d0b-b60e-b10125f1dc2f:group-B0DBF3A8E54A changes role from FOLLOWER to FOLLOWER at term 1 for recognizeCandidate:69eced68-633e-4b51-8723-aa3cc7d01e54
2019-08-29 23:06:12,265 [grpc-default-executor-6] INFO  impl.RoleInfo (RoleInfo.java:shutdownFollowerState(121)) - a4665db9-b31b-4d0b-b60e-b10125f1dc2f: shutdown FollowerState
2019-08-29 23:06:12,265 [grpc-default-executor-6] INFO  impl.RoleInfo (RoleInfo.java:updateAndGet(143)) - a4665db9-b31b-4d0b-b60e-b10125f1dc2f: start FollowerState
2019-08-29 23:06:12,265 [Thread-3297] INFO  impl.FollowerState (FollowerState.java:run(114)) - a4665db9-b31b-4d0b-b60e-b10125f1dc2f: FollowerState was interrupted: java.lang.InterruptedException: sleep interrupted
2019-08-29 23:06:12,273 [69eced68-633e-4b51-8723-aa3cc7d01e54:group-B0DBF3A8E54A:LeaderElection64] INFO  impl.LeaderElection (LeaderElection.java:logAndReturn(56)) - 69eced68-633e-4b51-8723-aa3cc7d01e54:group-B0DBF3A8E54A:LeaderElection64: Election PASSED; received 2 response(s) [69eced68-633e-4b51-8723-aa3cc7d01e54<-a4665db9-b31b-4d0b-b60e-b10125f1dc2f#0:OK-t1, 69eced68-633e-4b51-8723-aa3cc7d01e54<-eecc47d9-bcc9-4792-b0a1-bf4e20a348f5#0:FAIL-t1] and 0 exception(s); 69eced68-633e-4b51-8723-aa3cc7d01e54:t1, leader=null, voted=69eced68-633e-4b51-8723-aa3cc7d01e54, raftlog=69eced68-633e-4b51-8723-aa3cc7d01e54-SegmentedRaftLog:OPENED:c-1,f-1,i0, conf=-1: [a4665db9-b31b-4d0b-b60e-b10125f1dc2f:192.168.5.176:39139, eecc47d9-bcc9-4792-b0a1-bf4e20a348f5:192.168.5.176:39768, 69eced68-633e-4b51-8723-aa3cc7d01e54:192.168.5.176:41028], old=null
2019-08-29 23:06:12,273 [eecc47d9-bcc9-4792-b0a1-bf4e20a348f5:group-B0DBF3A8E54A:LeaderElection63] INFO  impl.LeaderElection (LeaderElection.java:logAndReturn(56)) - eecc47d9-bcc9-4792-b0a1-bf4e20a348f5:group-B0DBF3A8E54A:LeaderElection63: Election REJECTED; received 2 response(s) [eecc47d9-bcc9-4792-b0a1-bf4e20a348f5<-a4665db9-b31b-4d0b-b60e-b10125f1dc2f#0:FAIL-t1, eecc47d9-bcc9-4792-b0a1-bf4e20a348f5<-69eced68-633e-4b51-8723-aa3cc7d01e54#0:FAIL-t1] and 0 exception(s); eecc47d9-bcc9-4792-b0a1-bf4e20a348f5:t1, leader=null, voted=eecc47d9-bcc9-4792-b0a1-bf4e20a348f5, raftlog=eecc47d9-bcc9-4792-b0a1-bf4e20a348f5-SegmentedRaftLog:OPENED:c-1,f-1,i0, conf=-1: [a4665db9-b31b-4d0b-b60e-b10125f1dc2f:192.168.5.176:39139, eecc47d9-bcc9-4792-b0a1-bf4e20a348f5:192.168.5.176:39768, 69eced68-633e-4b51-8723-aa3cc7d01e54:192.168.5.176:41028], old=null
2019-08-29 23:06:12,273 [69eced68-633e-4b51-8723-aa3cc7d01e54:group-B0DBF3A8E54A:LeaderElection64] INFO  impl.RoleInfo (RoleInfo.java:shutdownLeaderElection(134)) - 69eced68-633e-4b51-8723-aa3cc7d01e54: shutdown LeaderElection
2019-08-29 23:06:12,273 [eecc47d9-bcc9-4792-b0a1-bf4e20a348f5:group-B0DBF3A8E54A:LeaderElection63] INFO  impl.RaftServerImpl (RaftServerImpl.java:setRole(171)) - eecc47d9-bcc9-4792-b0a1-bf4e20a348f5:group-B0DBF3A8E54A changes role from CANDIDATE to FOLLOWER at term 1 for DISCOVERED_A_NEW_TERM
2019-08-29 23:06:12,273 [69eced68-633e-4b51-8723-aa3cc7d01e54:group-B0DBF3A8E54A:LeaderElection64] INFO  impl.RaftServerImpl (RaftServerImpl.java:setRole(171)) - 69eced68-633e-4b51-8723-aa3cc7d01e54:group-B0DBF3A8E54A changes role from CANDIDATE to LEADER at term 1 for changeToLeader
2019-08-29 23:06:12,273 [eecc47d9-bcc9-4792-b0a1-bf4e20a348f5:group-B0DBF3A8E54A:LeaderElection63] INFO  impl.RoleInfo (RoleInfo.java:shutdownLeaderElection(134)) - eecc47d9-bcc9-4792-b0a1-bf4e20a348f5: shutdown LeaderElection
2019-08-29 23:06:12,274 [69eced68-633e-4b51-8723-aa3cc7d01e54:group-B0DBF3A8E54A:LeaderElection64] INFO  impl.RaftServerImpl (ServerState.java:setLeader(263)) - 69eced68-633e-4b51-8723-aa3cc7d01e54:group-B0DBF3A8E54A change Leader from null to 69eced68-633e-4b51-8723-aa3cc7d01e54 at term 1 for becomeLeader, leader elected after 5132ms
2019-08-29 23:06:12,274 [eecc47d9-bcc9-4792-b0a1-bf4e20a348f5:group-B0DBF3A8E54A:LeaderElection63] INFO  impl.RoleInfo (RoleInfo.java:updateAndGet(143)) - eecc47d9-bcc9-4792-b0a1-bf4e20a348f5: start FollowerState
2019-08-29 23:06:12,274 [69eced68-633e-4b51-8723-aa3cc7d01e54:group-B0DBF3A8E54A:LeaderElection64] INFO  server.RaftServerConfigKeys (ConfUtils.java:logGet(43)) - raft.server.staging.catchup.gap = 1000 (default)
2019-08-29 23:06:12,274 [69eced68-633e-4b51-8723-aa3cc7d01e54:group-B0DBF3A8E54A:LeaderElection64] INFO  server.RaftServerConfigKeys (ConfUtils.java:logGet(43)) - raft.server.rpc.sleep.time = 25ms (default)
2019-08-29 23:06:12,274 [69eced68-633e-4b51-8723-aa3cc7d01e54:group-B0DBF3A8E54A:LeaderElection64] INFO  server.RaftServerConfigKeys (ConfUtils.java:logGet(43)) - raft.server.write.element-limit = 4096 (default)
2019-08-29 23:06:12,274 [69eced68-633e-4b51-8723-aa3cc7d01e54:group-B0DBF3A8E54A:LeaderElection64] INFO  server.RaftServerConfigKeys (ConfUtils.java:logGet(43)) - raft.server.watch.timeout = 10s (default)
2019-08-29 23:06:12,275 [69eced68-633e-4b51-8723-aa3cc7d01e54:group-B0DBF3A8E54A:LeaderElection64] INFO  server.RaftServerConfigKeys (ConfUtils.java:logGet(43)) - raft.server.watch.timeout.denomination = 1s (default)
2019-08-29 23:06:12,275 [69eced68-633e-4b51-8723-aa3cc7d01e54:group-B0DBF3A8E54A:LeaderElection64] INFO  server.RaftServerConfigKeys (ConfUtils.java:logGet(43)) - raft.server.watch.element-limit = 65536 (default)
2019-08-29 23:06:12,275 [69eced68-633e-4b51-8723-aa3cc7d01e54:group-B0DBF3A8E54A:LeaderElection64] INFO  server.RaftServerConfigKeys (ConfUtils.java:logGet(43)) - raft.server.log.appender.snapshot.chunk.size.max = 16MB (=16777216) (default)
2019-08-29 23:06:12,275 [69eced68-633e-4b51-8723-aa3cc7d01e54:group-B0DBF3A8E54A:LeaderElection64] INFO  server.RaftServerConfigKeys (ConfUtils.java:logGet(43)) - raft.server.log.appender.buffer.byte-limit = 33554432 (custom)
2019-08-29 23:06:12,275 [69eced68-633e-4b51-8723-aa3cc7d01e54:group-B0DBF3A8E54A:LeaderElection64] INFO  server.RaftServerConfigKeys (ConfUtils.java:logGet(43)) - raft.server.log.appender.buffer.element-limit = 1 (custom)
2019-08-29 23:06:12,276 [69eced68-633e-4b51-8723-aa3cc7d01e54:group-B0DBF3A8E54A:LeaderElection64] INFO  grpc.GrpcConfigKeys$Server (ConfUtils.java:logGet(43)) - raft.grpc.server.leader.outstanding.appends.max = 128 (default)
2019-08-29 23:06:12,276 [69eced68-633e-4b51-8723-aa3cc7d01e54:group-B0DBF3A8E54A:LeaderElection64] INFO  server.RaftServerConfigKeys (ConfUtils.java:logGet(43)) - raft.server.rpc.request.timeout = 3000ms (default)
2019-08-29 23:06:12,276 [69eced68-633e-4b51-8723-aa3cc7d01e54:group-B0DBF3A8E54A:LeaderElection64] INFO  server.RaftServerConfigKeys (ConfUtils.java:logGet(43)) - raft.server.log.appender.install.snapshot.enabled = false (custom)
2019-08-29 23:06:12,276 [69eced68-633e-4b51-8723-aa3cc7d01e54:group-B0DBF3A8E54A:LeaderElection64] INFO  server.RaftServerConfigKeys (ConfUtils.java:logGet(43)) - raft.server.log.appender.snapshot.chunk.size.max = 16MB (=16777216) (default)
2019-08-29 23:06:12,276 [69eced68-633e-4b51-8723-aa3cc7d01e54:group-B0DBF3A8E54A:LeaderElection64] INFO  server.RaftServerConfigKeys (ConfUtils.java:logGet(43)) - raft.server.log.appender.buffer.byte-limit = 33554432 (custom)
2019-08-29 23:06:12,277 [69eced68-633e-4b51-8723-aa3cc7d01e54:group-B0DBF3A8E54A:LeaderElection64] INFO  server.RaftServerConfigKeys (ConfUtils.java:logGet(43)) - raft.server.log.appender.buffer.element-limit = 1 (custom)
2019-08-29 23:06:12,277 [69eced68-633e-4b51-8723-aa3cc7d01e54:group-B0DBF3A8E54A:LeaderElection64] INFO  grpc.GrpcConfigKeys$Server (ConfUtils.java:logGet(43)) - raft.grpc.server.leader.outstanding.appends.max = 128 (default)
2019-08-29 23:06:12,277 [69eced68-633e-4b51-8723-aa3cc7d01e54:group-B0DBF3A8E54A:LeaderElection64] INFO  server.RaftServerConfigKeys (ConfUtils.java:logGet(43)) - raft.server.rpc.request.timeout = 3000ms (default)
2019-08-29 23:06:12,277 [69eced68-633e-4b51-8723-aa3cc7d01e54:group-B0DBF3A8E54A:LeaderElection64] INFO  server.RaftServerConfigKeys (ConfUtils.java:logGet(43)) - raft.server.log.appender.install.snapshot.enabled = false (custom)
2019-08-29 23:06:12,277 [69eced68-633e-4b51-8723-aa3cc7d01e54:group-B0DBF3A8E54A:LeaderElection64] INFO  impl.RoleInfo (RoleInfo.java:updateAndGet(143)) - 69eced68-633e-4b51-8723-aa3cc7d01e54: start LeaderState
2019-08-29 23:06:12,278 [69eced68-633e-4b51-8723-aa3cc7d01e54:group-B0DBF3A8E54A:LeaderElection64] INFO  segmented.SegmentedRaftLogWorker (SegmentedRaftLogWorker.java:startLogSegment(380)) - 69eced68-633e-4b51-8723-aa3cc7d01e54-SegmentedRaftLogWorker:Storage Directory /workdir/hadoop-ozone/integration-test/target/test-dir/MiniOzoneClusterImpl-fc4714e6-2d25-43ae-aa3c-bb84b829e8c3/datanode-2/data/ratis/0a82692b-c24a-439f-926f-b0dbf3a8e54a: Starting segment from index:0
2019-08-29 23:06:12,278 [69eced68-633e-4b51-8723-aa3cc7d01e54:group-B0DBF3A8E54A:LeaderElection64] INFO  impl.RaftServerImpl (ServerState.java:setRaftConf(361)) - 69eced68-633e-4b51-8723-aa3cc7d01e54:group-B0DBF3A8E54A set configuration 0: [a4665db9-b31b-4d0b-b60e-b10125f1dc2f:192.168.5.176:39139, eecc47d9-bcc9-4792-b0a1-bf4e20a348f5:192.168.5.176:39768, 69eced68-633e-4b51-8723-aa3cc7d01e54:192.168.5.176:41028], old=null at 0
2019-08-29 23:06:12,279 [grpc-default-executor-4] INFO  impl.RaftServerImpl (ServerState.java:setLeader(263)) - a4665db9-b31b-4d0b-b60e-b10125f1dc2f:group-B0DBF3A8E54A change Leader from null to 69eced68-633e-4b51-8723-aa3cc7d01e54 at term 1 for appendEntries, leader elected after 5141ms
2019-08-29 23:06:12,280 [grpc-default-executor-6] INFO  impl.RaftServerImpl (ServerState.java:setLeader(263)) - eecc47d9-bcc9-4792-b0a1-bf4e20a348f5:group-B0DBF3A8E54A change Leader from null to 69eced68-633e-4b51-8723-aa3cc7d01e54 at term 1 for appendEntries, leader elected after 5138ms
2019-08-29 23:06:12,282 [grpc-default-executor-4] INFO  impl.RaftServerImpl (ServerState.java:setRaftConf(361)) - eecc47d9-bcc9-4792-b0a1-bf4e20a348f5:group-B0DBF3A8E54A set configuration 0: [a4665db9-b31b-4d0b-b60e-b10125f1dc2f:192.168.5.176:39139, eecc47d9-bcc9-4792-b0a1-bf4e20a348f5:192.168.5.176:39768, 69eced68-633e-4b51-8723-aa3cc7d01e54:192.168.5.176:41028], old=null at 0
2019-08-29 23:06:12,282 [grpc-default-executor-6] INFO  impl.RaftServerImpl (ServerState.java:setRaftConf(361)) - a4665db9-b31b-4d0b-b60e-b10125f1dc2f:group-B0DBF3A8E54A set configuration 0: [a4665db9-b31b-4d0b-b60e-b10125f1dc2f:192.168.5.176:39139, eecc47d9-bcc9-4792-b0a1-bf4e20a348f5:192.168.5.176:39768, 69eced68-633e-4b51-8723-aa3cc7d01e54:192.168.5.176:41028], old=null at 0
2019-08-29 23:06:12,282 [grpc-default-executor-4] INFO  segmented.SegmentedRaftLogWorker (SegmentedRaftLogWorker.java:startLogSegment(380)) - eecc47d9-bcc9-4792-b0a1-bf4e20a348f5-SegmentedRaftLogWorker:Storage Directory /workdir/hadoop-ozone/integration-test/target/test-dir/MiniOzoneClusterImpl-fc4714e6-2d25-43ae-aa3c-bb84b829e8c3/datanode-0/data/ratis/0a82692b-c24a-439f-926f-b0dbf3a8e54a: Starting segment from index:0
2019-08-29 23:06:12,282 [grpc-default-executor-6] INFO  segmented.SegmentedRaftLogWorker (SegmentedRaftLogWorker.java:startLogSegment(380)) - a4665db9-b31b-4d0b-b60e-b10125f1dc2f-SegmentedRaftLogWorker:Storage Directory /workdir/hadoop-ozone/integration-test/target/test-dir/MiniOzoneClusterImpl-fc4714e6-2d25-43ae-aa3c-bb84b829e8c3/datanode-1/data/ratis/0a82692b-c24a-439f-926f-b0dbf3a8e54a: Starting segment from index:0
2019-08-29 23:06:12,310 [Thread-3306] INFO  impl.FollowerState (FollowerState.java:run(106)) - f20020a9-6aa7-48f1-914d-cfe5895fa638:group-C59C53297E53 changes to CANDIDATE, lastRpcTime:5010, electionTimeout:5010ms
2019-08-29 23:06:12,310 [Thread-3306] INFO  impl.RoleInfo (RoleInfo.java:shutdownFollowerState(121)) - f20020a9-6aa7-48f1-914d-cfe5895fa638: shutdown FollowerState
2019-08-29 23:06:12,310 [Thread-3306] INFO  impl.RaftServerImpl (RaftServerImpl.java:setRole(171)) - f20020a9-6aa7-48f1-914d-cfe5895fa638:group-C59C53297E53 changes role from FOLLOWER to CANDIDATE at term 0 for changeToCandidate
2019-08-29 23:06:12,310 [Thread-3306] INFO  impl.RoleInfo (RoleInfo.java:updateAndGet(143)) - f20020a9-6aa7-48f1-914d-cfe5895fa638: start LeaderElection
2019-08-29 23:06:12,327 | INFO  | SCMAudit | user=jenkins1000 | ip=192.168.5.176 | op=SEND_HEARTBEAT {datanodeUUID=39b1e362-24c6-40e1-a305-936b4ccaa1e0, command=[]} | ret=SUCCESS |  
2019-08-29 23:06:12,338 [eecc47d9-bcc9-4792-b0a1-bf4e20a348f5-SegmentedRaftLogWorker:Storage Directory /workdir/hadoop-ozone/integration-test/target/test-dir/MiniOzoneClusterImpl-fc4714e6-2d25-43ae-aa3c-bb84b829e8c3/datanode-0/data/ratis/0a82692b-c24a-439f-926f-b0dbf3a8e54a] INFO  segmented.SegmentedRaftLogWorker (SegmentedRaftLogWorker.java:execute(569)) - eecc47d9-bcc9-4792-b0a1-bf4e20a348f5-SegmentedRaftLogWorker:Storage Directory /workdir/hadoop-ozone/integration-test/target/test-dir/MiniOzoneClusterImpl-fc4714e6-2d25-43ae-aa3c-bb84b829e8c3/datanode-0/data/ratis/0a82692b-c24a-439f-926f-b0dbf3a8e54a: created new log segment /workdir/hadoop-ozone/integration-test/target/test-dir/MiniOzoneClusterImpl-fc4714e6-2d25-43ae-aa3c-bb84b829e8c3/datanode-0/data/ratis/0a82692b-c24a-439f-926f-b0dbf3a8e54a/current/log_inprogress_0
2019-08-29 23:06:12,339 [f20020a9-6aa7-48f1-914d-cfe5895fa638:group-C59C53297E53:LeaderElection65] INFO  impl.LeaderElection (LeaderElection.java:askForVotes(181)) - f20020a9-6aa7-48f1-914d-cfe5895fa638:group-C59C53297E53:LeaderElection65: begin an election at term 1 for -1: [f20020a9-6aa7-48f1-914d-cfe5895fa638:192.168.5.176:38642], old=null
2019-08-29 23:06:12,338 [a4665db9-b31b-4d0b-b60e-b10125f1dc2f-SegmentedRaftLogWorker:Storage Directory /workdir/hadoop-ozone/integration-test/target/test-dir/MiniOzoneClusterImpl-fc4714e6-2d25-43ae-aa3c-bb84b829e8c3/datanode-1/data/ratis/0a82692b-c24a-439f-926f-b0dbf3a8e54a] INFO  segmented.SegmentedRaftLogWorker (SegmentedRaftLogWorker.java:execute(569)) - a4665db9-b31b-4d0b-b60e-b10125f1dc2f-SegmentedRaftLogWorker:Storage Directory /workdir/hadoop-ozone/integration-test/target/test-dir/MiniOzoneClusterImpl-fc4714e6-2d25-43ae-aa3c-bb84b829e8c3/datanode-1/data/ratis/0a82692b-c24a-439f-926f-b0dbf3a8e54a: created new log segment /workdir/hadoop-ozone/integration-test/target/test-dir/MiniOzoneClusterImpl-fc4714e6-2d25-43ae-aa3c-bb84b829e8c3/datanode-1/data/ratis/0a82692b-c24a-439f-926f-b0dbf3a8e54a/current/log_inprogress_0
2019-08-29 23:06:12,338 [69eced68-633e-4b51-8723-aa3cc7d01e54-SegmentedRaftLogWorker:Storage Directory /workdir/hadoop-ozone/integration-test/target/test-dir/MiniOzoneClusterImpl-fc4714e6-2d25-43ae-aa3c-bb84b829e8c3/datanode-2/data/ratis/0a82692b-c24a-439f-926f-b0dbf3a8e54a] INFO  segmented.SegmentedRaftLogWorker (SegmentedRaftLogWorker.java:execute(569)) - 69eced68-633e-4b51-8723-aa3cc7d01e54-SegmentedRaftLogWorker:Storage Directory /workdir/hadoop-ozone/integration-test/target/test-dir/MiniOzoneClusterImpl-fc4714e6-2d25-43ae-aa3c-bb84b829e8c3/datanode-2/data/ratis/0a82692b-c24a-439f-926f-b0dbf3a8e54a: created new log segment /workdir/hadoop-ozone/integration-test/target/test-dir/MiniOzoneClusterImpl-fc4714e6-2d25-43ae-aa3c-bb84b829e8c3/datanode-2/data/ratis/0a82692b-c24a-439f-926f-b0dbf3a8e54a/current/log_inprogress_0
2019-08-29 23:06:12,339 [f20020a9-6aa7-48f1-914d-cfe5895fa638:group-C59C53297E53:LeaderElection65] INFO  impl.RoleInfo (RoleInfo.java:shutdownLeaderElection(134)) - f20020a9-6aa7-48f1-914d-cfe5895fa638: shutdown LeaderElection
2019-08-29 23:06:12,339 [f20020a9-6aa7-48f1-914d-cfe5895fa638:group-C59C53297E53:LeaderElection65] INFO  impl.RaftServerImpl (RaftServerImpl.java:setRole(171)) - f20020a9-6aa7-48f1-914d-cfe5895fa638:group-C59C53297E53 changes role from CANDIDATE to LEADER at term 1 for changeToLeader
2019-08-29 23:06:12,339 [f20020a9-6aa7-48f1-914d-cfe5895fa638:group-C59C53297E53:LeaderElection65] INFO  impl.RaftServerImpl (ServerState.java:setLeader(263)) - f20020a9-6aa7-48f1-914d-cfe5895fa638:group-C59C53297E53 change Leader from null to f20020a9-6aa7-48f1-914d-cfe5895fa638 at term 1 for becomeLeader, leader elected after 5045ms
2019-08-29 23:06:12,340 [f20020a9-6aa7-48f1-914d-cfe5895fa638:group-C59C53297E53:LeaderElection65] INFO  server.RaftServerConfigKeys (ConfUtils.java:logGet(43)) - raft.server.staging.catchup.gap = 1000 (default)
2019-08-29 23:06:12,340 [f20020a9-6aa7-48f1-914d-cfe5895fa638:group-C59C53297E53:LeaderElection65] INFO  server.RaftServerConfigKeys (ConfUtils.java:logGet(43)) - raft.server.rpc.sleep.time = 25ms (default)
2019-08-29 23:06:12,340 [f20020a9-6aa7-48f1-914d-cfe5895fa638:group-C59C53297E53:LeaderElection65] INFO  server.RaftServerConfigKeys (ConfUtils.java:logGet(43)) - raft.server.write.element-limit = 4096 (default)
2019-08-29 23:06:12,340 [f20020a9-6aa7-48f1-914d-cfe5895fa638:group-C59C53297E53:LeaderElection65] INFO  server.RaftServerConfigKeys (ConfUtils.java:logGet(43)) - raft.server.watch.timeout = 10s (default)
2019-08-29 23:06:12,340 [f20020a9-6aa7-48f1-914d-cfe5895fa638:group-C59C53297E53:LeaderElection65] INFO  server.RaftServerConfigKeys (ConfUtils.java:logGet(43)) - raft.server.watch.timeout.denomination = 1s (default)
2019-08-29 23:06:12,340 [f20020a9-6aa7-48f1-914d-cfe5895fa638:group-C59C53297E53:LeaderElection65] INFO  server.RaftServerConfigKeys (ConfUtils.java:logGet(43)) - raft.server.watch.element-limit = 65536 (default)
2019-08-29 23:06:12,341 [f20020a9-6aa7-48f1-914d-cfe5895fa638:group-C59C53297E53:LeaderElection65] INFO  impl.RoleInfo (RoleInfo.java:updateAndGet(143)) - f20020a9-6aa7-48f1-914d-cfe5895fa638: start LeaderState
2019-08-29 23:06:12,341 [f20020a9-6aa7-48f1-914d-cfe5895fa638:group-C59C53297E53:LeaderElection65] INFO  segmented.SegmentedRaftLogWorker (SegmentedRaftLogWorker.java:startLogSegment(380)) - f20020a9-6aa7-48f1-914d-cfe5895fa638-SegmentedRaftLogWorker:Storage Directory /workdir/hadoop-ozone/integration-test/target/test-dir/MiniOzoneClusterImpl-fc4714e6-2d25-43ae-aa3c-bb84b829e8c3/datanode-3/data/ratis/3214dbd9-5d12-401e-9c95-c59c53297e53: Starting segment from index:0
2019-08-29 23:06:12,341 [f20020a9-6aa7-48f1-914d-cfe5895fa638:group-C59C53297E53:LeaderElection65] INFO  impl.RaftServerImpl (ServerState.java:setRaftConf(361)) - f20020a9-6aa7-48f1-914d-cfe5895fa638:group-C59C53297E53 set configuration 0: [f20020a9-6aa7-48f1-914d-cfe5895fa638:192.168.5.176:38642], old=null at 0
2019-08-29 23:06:12,386 | INFO  | SCMAudit | user=jenkins1000 | ip=192.168.5.176 | op=SEND_HEARTBEAT {datanodeUUID=701eae18-0267-427a-94c7-9b910f8dde45, command=[]} | ret=SUCCESS |  
2019-08-29 23:06:12,394 [f20020a9-6aa7-48f1-914d-cfe5895fa638-SegmentedRaftLogWorker:Storage Directory /workdir/hadoop-ozone/integration-test/target/test-dir/MiniOzoneClusterImpl-fc4714e6-2d25-43ae-aa3c-bb84b829e8c3/datanode-3/data/ratis/3214dbd9-5d12-401e-9c95-c59c53297e53] INFO  segmented.SegmentedRaftLogWorker (SegmentedRaftLogWorker.java:execute(569)) - f20020a9-6aa7-48f1-914d-cfe5895fa638-SegmentedRaftLogWorker:Storage Directory /workdir/hadoop-ozone/integration-test/target/test-dir/MiniOzoneClusterImpl-fc4714e6-2d25-43ae-aa3c-bb84b829e8c3/datanode-3/data/ratis/3214dbd9-5d12-401e-9c95-c59c53297e53: created new log segment /workdir/hadoop-ozone/integration-test/target/test-dir/MiniOzoneClusterImpl-fc4714e6-2d25-43ae-aa3c-bb84b829e8c3/datanode-3/data/ratis/3214dbd9-5d12-401e-9c95-c59c53297e53/current/log_inprogress_0
2019-08-29 23:06:12,501 [grpc-default-executor-4] INFO  client.GrpcClientProtocolClient (GrpcClientProtocolClient.java:onNext(255)) - client-232B716717A1->eecc47d9-bcc9-4792-b0a1-bf4e20a348f5: receive RaftClientReply:client-232B716717A1->eecc47d9-bcc9-4792-b0a1-bf4e20a348f5@group-B0DBF3A8E54A, cid=175, FAILED org.apache.ratis.protocol.NotLeaderException: Server eecc47d9-bcc9-4792-b0a1-bf4e20a348f5 is not the leader (69eced68-633e-4b51-8723-aa3cc7d01e54:192.168.5.176:41028). Request must be sent to leader., logIndex=0, commits[eecc47d9-bcc9-4792-b0a1-bf4e20a348f5:c-1, a4665db9-b31b-4d0b-b60e-b10125f1dc2f:c-1, 69eced68-633e-4b51-8723-aa3cc7d01e54:c-1]
2019-08-29 23:06:12,506 [Thread-3312] INFO  impl.FollowerState (FollowerState.java:run(106)) - 39b1e362-24c6-40e1-a305-936b4ccaa1e0:group-0C18643E9C99 changes to CANDIDATE, lastRpcTime:5118, electionTimeout:5118ms
2019-08-29 23:06:12,506 [Thread-3312] INFO  impl.RoleInfo (RoleInfo.java:shutdownFollowerState(121)) - 39b1e362-24c6-40e1-a305-936b4ccaa1e0: shutdown FollowerState
2019-08-29 23:06:12,506 [Thread-3312] INFO  impl.RaftServerImpl (RaftServerImpl.java:setRole(171)) - 39b1e362-24c6-40e1-a305-936b4ccaa1e0:group-0C18643E9C99 changes role from FOLLOWER to CANDIDATE at term 0 for changeToCandidate
2019-08-29 23:06:12,506 [Thread-3312] INFO  impl.RoleInfo (RoleInfo.java:updateAndGet(143)) - 39b1e362-24c6-40e1-a305-936b4ccaa1e0: start LeaderElection
2019-08-29 23:06:12,521 [Thread-3309] INFO  impl.FollowerState (FollowerState.java:run(106)) - 36a44bf1-0214-4ae3-b56c-359c5b44ef6b:group-04F879E2FC8C changes to CANDIDATE, lastRpcTime:5177, electionTimeout:5177ms
2019-08-29 23:06:12,521 [Thread-3309] INFO  impl.RoleInfo (RoleInfo.java:shutdownFollowerState(121)) - 36a44bf1-0214-4ae3-b56c-359c5b44ef6b: shutdown FollowerState
2019-08-29 23:06:12,521 [Thread-3309] INFO  impl.RaftServerImpl (RaftServerImpl.java:setRole(171)) - 36a44bf1-0214-4ae3-b56c-359c5b44ef6b:group-04F879E2FC8C changes role from FOLLOWER to CANDIDATE at term 0 for changeToCandidate
2019-08-29 23:06:12,522 [Thread-3309] INFO  impl.RoleInfo (RoleInfo.java:updateAndGet(143)) - 36a44bf1-0214-4ae3-b56c-359c5b44ef6b: start LeaderElection
2019-08-29 23:06:12,526 [39b1e362-24c6-40e1-a305-936b4ccaa1e0:group-0C18643E9C99:LeaderElection66] INFO  impl.LeaderElection (LeaderElection.java:askForVotes(181)) - 39b1e362-24c6-40e1-a305-936b4ccaa1e0:group-0C18643E9C99:LeaderElection66: begin an election at term 1 for -1: [39b1e362-24c6-40e1-a305-936b4ccaa1e0:192.168.5.176:36883], old=null
2019-08-29 23:06:12,526 [39b1e362-24c6-40e1-a305-936b4ccaa1e0:group-0C18643E9C99:LeaderElection66] INFO  impl.RoleInfo (RoleInfo.java:shutdownLeaderElection(134)) - 39b1e362-24c6-40e1-a305-936b4ccaa1e0: shutdown LeaderElection
2019-08-29 23:06:12,526 [39b1e362-24c6-40e1-a305-936b4ccaa1e0:group-0C18643E9C99:LeaderElection66] INFO  impl.RaftServerImpl (RaftServerImpl.java:setRole(171)) - 39b1e362-24c6-40e1-a305-936b4ccaa1e0:group-0C18643E9C99 changes role from CANDIDATE to LEADER at term 1 for changeToLeader
2019-08-29 23:06:12,526 [39b1e362-24c6-40e1-a305-936b4ccaa1e0:group-0C18643E9C99:LeaderElection66] INFO  impl.RaftServerImpl (ServerState.java:setLeader(263)) - 39b1e362-24c6-40e1-a305-936b4ccaa1e0:group-0C18643E9C99 change Leader from null to 39b1e362-24c6-40e1-a305-936b4ccaa1e0 at term 1 for becomeLeader, leader elected after 5143ms
2019-08-29 23:06:12,526 [39b1e362-24c6-40e1-a305-936b4ccaa1e0:group-0C18643E9C99:LeaderElection66] INFO  server.RaftServerConfigKeys (ConfUtils.java:logGet(43)) - raft.server.staging.catchup.gap = 1000 (default)
2019-08-29 23:06:12,526 [39b1e362-24c6-40e1-a305-936b4ccaa1e0:group-0C18643E9C99:LeaderElection66] INFO  server.RaftServerConfigKeys (ConfUtils.java:logGet(43)) - raft.server.rpc.sleep.time = 25ms (default)
2019-08-29 23:06:12,526 [39b1e362-24c6-40e1-a305-936b4ccaa1e0:group-0C18643E9C99:LeaderElection66] INFO  server.RaftServerConfigKeys (ConfUtils.java:logGet(43)) - raft.server.write.element-limit = 4096 (default)
2019-08-29 23:06:12,526 [39b1e362-24c6-40e1-a305-936b4ccaa1e0:group-0C18643E9C99:LeaderElection66] INFO  server.RaftServerConfigKeys (ConfUtils.java:logGet(43)) - raft.server.watch.timeout = 10s (default)
2019-08-29 23:06:12,527 [39b1e362-24c6-40e1-a305-936b4ccaa1e0:group-0C18643E9C99:LeaderElection66] INFO  server.RaftServerConfigKeys (ConfUtils.java:logGet(43)) - raft.server.watch.timeout.denomination = 1s (default)
2019-08-29 23:06:12,527 [39b1e362-24c6-40e1-a305-936b4ccaa1e0:group-0C18643E9C99:LeaderElection66] INFO  server.RaftServerConfigKeys (ConfUtils.java:logGet(43)) - raft.server.watch.element-limit = 65536 (default)
2019-08-29 23:06:12,527 [39b1e362-24c6-40e1-a305-936b4ccaa1e0:group-0C18643E9C99:LeaderElection66] INFO  impl.RoleInfo (RoleInfo.java:updateAndGet(143)) - 39b1e362-24c6-40e1-a305-936b4ccaa1e0: start LeaderState
2019-08-29 23:06:12,527 [39b1e362-24c6-40e1-a305-936b4ccaa1e0:group-0C18643E9C99:LeaderElection66] INFO  segmented.SegmentedRaftLogWorker (SegmentedRaftLogWorker.java:startLogSegment(380)) - 39b1e362-24c6-40e1-a305-936b4ccaa1e0-SegmentedRaftLogWorker:Storage Directory /workdir/hadoop-ozone/integration-test/target/test-dir/MiniOzoneClusterImpl-fc4714e6-2d25-43ae-aa3c-bb84b829e8c3/datanode-5/data/ratis/50a9e64c-1e18-43f3-aa4e-0c18643e9c99: Starting segment from index:0
2019-08-29 23:06:12,527 [39b1e362-24c6-40e1-a305-936b4ccaa1e0:group-0C18643E9C99:LeaderElection66] INFO  impl.RaftServerImpl (ServerState.java:setRaftConf(361)) - 39b1e362-24c6-40e1-a305-936b4ccaa1e0:group-0C18643E9C99 set configuration 0: [39b1e362-24c6-40e1-a305-936b4ccaa1e0:192.168.5.176:36883], old=null at 0
2019-08-29 23:06:12,574 [36a44bf1-0214-4ae3-b56c-359c5b44ef6b:group-04F879E2FC8C:LeaderElection67] INFO  impl.LeaderElection (LeaderElection.java:askForVotes(181)) - 36a44bf1-0214-4ae3-b56c-359c5b44ef6b:group-04F879E2FC8C:LeaderElection67: begin an election at term 1 for -1: [36a44bf1-0214-4ae3-b56c-359c5b44ef6b:192.168.5.176:33315], old=null
2019-08-29 23:06:12,574 [36a44bf1-0214-4ae3-b56c-359c5b44ef6b:group-04F879E2FC8C:LeaderElection67] INFO  impl.RoleInfo (RoleInfo.java:shutdownLeaderElection(134)) - 36a44bf1-0214-4ae3-b56c-359c5b44ef6b: shutdown LeaderElection
2019-08-29 23:06:12,575 [36a44bf1-0214-4ae3-b56c-359c5b44ef6b:group-04F879E2FC8C:LeaderElection67] INFO  impl.RaftServerImpl (RaftServerImpl.java:setRole(171)) - 36a44bf1-0214-4ae3-b56c-359c5b44ef6b:group-04F879E2FC8C changes role from CANDIDATE to LEADER at term 1 for changeToLeader
2019-08-29 23:06:12,575 [36a44bf1-0214-4ae3-b56c-359c5b44ef6b:group-04F879E2FC8C:LeaderElection67] INFO  impl.RaftServerImpl (ServerState.java:setLeader(263)) - 36a44bf1-0214-4ae3-b56c-359c5b44ef6b:group-04F879E2FC8C change Leader from null to 36a44bf1-0214-4ae3-b56c-359c5b44ef6b at term 1 for becomeLeader, leader elected after 5235ms
2019-08-29 23:06:12,575 [36a44bf1-0214-4ae3-b56c-359c5b44ef6b:group-04F879E2FC8C:LeaderElection67] INFO  server.RaftServerConfigKeys (ConfUtils.java:logGet(43)) - raft.server.staging.catchup.gap = 1000 (default)
2019-08-29 23:06:12,575 [36a44bf1-0214-4ae3-b56c-359c5b44ef6b:group-04F879E2FC8C:LeaderElection67] INFO  server.RaftServerConfigKeys (ConfUtils.java:logGet(43)) - raft.server.rpc.sleep.time = 25ms (default)
2019-08-29 23:06:12,575 [36a44bf1-0214-4ae3-b56c-359c5b44ef6b:group-04F879E2FC8C:LeaderElection67] INFO  server.RaftServerConfigKeys (ConfUtils.java:logGet(43)) - raft.server.write.element-limit = 4096 (default)
2019-08-29 23:06:12,575 [36a44bf1-0214-4ae3-b56c-359c5b44ef6b:group-04F879E2FC8C:LeaderElection67] INFO  server.RaftServerConfigKeys (ConfUtils.java:logGet(43)) - raft.server.watch.timeout = 10s (default)
2019-08-29 23:06:12,576 [36a44bf1-0214-4ae3-b56c-359c5b44ef6b:group-04F879E2FC8C:LeaderElection67] INFO  server.RaftServerConfigKeys (ConfUtils.java:logGet(43)) - raft.server.watch.timeout.denomination = 1s (default)
2019-08-29 23:06:12,576 [36a44bf1-0214-4ae3-b56c-359c5b44ef6b:group-04F879E2FC8C:LeaderElection67] INFO  server.RaftServerConfigKeys (ConfUtils.java:logGet(43)) - raft.server.watch.element-limit = 65536 (default)
2019-08-29 23:06:12,576 [36a44bf1-0214-4ae3-b56c-359c5b44ef6b:group-04F879E2FC8C:LeaderElection67] INFO  impl.RoleInfo (RoleInfo.java:updateAndGet(143)) - 36a44bf1-0214-4ae3-b56c-359c5b44ef6b: start LeaderState
2019-08-29 23:06:12,576 [36a44bf1-0214-4ae3-b56c-359c5b44ef6b:group-04F879E2FC8C:LeaderElection67] INFO  segmented.SegmentedRaftLogWorker (SegmentedRaftLogWorker.java:startLogSegment(380)) - 36a44bf1-0214-4ae3-b56c-359c5b44ef6b-SegmentedRaftLogWorker:Storage Directory /workdir/hadoop-ozone/integration-test/target/test-dir/MiniOzoneClusterImpl-fc4714e6-2d25-43ae-aa3c-bb84b829e8c3/datanode-4/data/ratis/52aa1f67-0dea-4e2f-ac6e-04f879e2fc8c: Starting segment from index:0
2019-08-29 23:06:12,577 [36a44bf1-0214-4ae3-b56c-359c5b44ef6b:group-04F879E2FC8C:LeaderElection67] INFO  impl.RaftServerImpl (ServerState.java:setRaftConf(361)) - 36a44bf1-0214-4ae3-b56c-359c5b44ef6b:group-04F879E2FC8C set configuration 0: [36a44bf1-0214-4ae3-b56c-359c5b44ef6b:192.168.5.176:33315], old=null at 0
2019-08-29 23:06:12,613 [Thread-3315] INFO  impl.FollowerState (FollowerState.java:run(106)) - 701eae18-0267-427a-94c7-9b910f8dde45:group-0BE131AFEBE5 changes to CANDIDATE, lastRpcTime:5179, electionTimeout:5178ms
2019-08-29 23:06:12,613 [39b1e362-24c6-40e1-a305-936b4ccaa1e0-SegmentedRaftLogWorker:Storage Directory /workdir/hadoop-ozone/integration-test/target/test-dir/MiniOzoneClusterImpl-fc4714e6-2d25-43ae-aa3c-bb84b829e8c3/datanode-5/data/ratis/50a9e64c-1e18-43f3-aa4e-0c18643e9c99] INFO  segmented.SegmentedRaftLogWorker (SegmentedRaftLogWorker.java:execute(569)) - 39b1e362-24c6-40e1-a305-936b4ccaa1e0-SegmentedRaftLogWorker:Storage Directory /workdir/hadoop-ozone/integration-test/target/test-dir/MiniOzoneClusterImpl-fc4714e6-2d25-43ae-aa3c-bb84b829e8c3/datanode-5/data/ratis/50a9e64c-1e18-43f3-aa4e-0c18643e9c99: created new log segment /workdir/hadoop-ozone/integration-test/target/test-dir/MiniOzoneClusterImpl-fc4714e6-2d25-43ae-aa3c-bb84b829e8c3/datanode-5/data/ratis/50a9e64c-1e18-43f3-aa4e-0c18643e9c99/current/log_inprogress_0
2019-08-29 23:06:12,613 [Thread-3315] INFO  impl.RoleInfo (RoleInfo.java:shutdownFollowerState(121)) - 701eae18-0267-427a-94c7-9b910f8dde45: shutdown FollowerState
2019-08-29 23:06:12,613 [Thread-3315] INFO  impl.RaftServerImpl (RaftServerImpl.java:setRole(171)) - 701eae18-0267-427a-94c7-9b910f8dde45:group-0BE131AFEBE5 changes role from FOLLOWER to CANDIDATE at term 0 for changeToCandidate
2019-08-29 23:06:12,614 [Thread-3315] INFO  impl.RoleInfo (RoleInfo.java:updateAndGet(143)) - 701eae18-0267-427a-94c7-9b910f8dde45: start LeaderElection
2019-08-29 23:06:12,618 [Thread-3318] INFO  impl.FollowerState (FollowerState.java:run(106)) - f20020a9-6aa7-48f1-914d-cfe5895fa638:group-1E9D348BFB63 changes to CANDIDATE, lastRpcTime:5134, electionTimeout:5133ms
2019-08-29 23:06:12,618 [Thread-3323] INFO  impl.FollowerState (FollowerState.java:run(106)) - 39b1e362-24c6-40e1-a305-936b4ccaa1e0:group-1E9D348BFB63 changes to CANDIDATE, lastRpcTime:5129, electionTimeout:5128ms
2019-08-29 23:06:12,618 [Thread-3318] INFO  impl.RoleInfo (RoleInfo.java:shutdownFollowerState(121)) - f20020a9-6aa7-48f1-914d-cfe5895fa638: shutdown FollowerState
2019-08-29 23:06:12,618 [Thread-3323] INFO  impl.RoleInfo (RoleInfo.java:shutdownFollowerState(121)) - 39b1e362-24c6-40e1-a305-936b4ccaa1e0: shutdown FollowerState
2019-08-29 23:06:12,618 [Thread-3318] INFO  impl.RaftServerImpl (RaftServerImpl.java:setRole(171)) - f20020a9-6aa7-48f1-914d-cfe5895fa638:group-1E9D348BFB63 changes role from FOLLOWER to CANDIDATE at term 0 for changeToCandidate
2019-08-29 23:06:12,618 [Thread-3323] INFO  impl.RaftServerImpl (RaftServerImpl.java:setRole(171)) - 39b1e362-24c6-40e1-a305-936b4ccaa1e0:group-1E9D348BFB63 changes role from FOLLOWER to CANDIDATE at term 0 for changeToCandidate
2019-08-29 23:06:12,619 [Thread-3318] INFO  impl.RoleInfo (RoleInfo.java:updateAndGet(143)) - f20020a9-6aa7-48f1-914d-cfe5895fa638: start LeaderElection
2019-08-29 23:06:12,619 [Thread-3323] INFO  impl.RoleInfo (RoleInfo.java:updateAndGet(143)) - 39b1e362-24c6-40e1-a305-936b4ccaa1e0: start LeaderElection
2019-08-29 23:06:12,625 [36a44bf1-0214-4ae3-b56c-359c5b44ef6b-SegmentedRaftLogWorker:Storage Directory /workdir/hadoop-ozone/integration-test/target/test-dir/MiniOzoneClusterImpl-fc4714e6-2d25-43ae-aa3c-bb84b829e8c3/datanode-4/data/ratis/52aa1f67-0dea-4e2f-ac6e-04f879e2fc8c] INFO  segmented.SegmentedRaftLogWorker (SegmentedRaftLogWorker.java:execute(569)) - 36a44bf1-0214-4ae3-b56c-359c5b44ef6b-SegmentedRaftLogWorker:Storage Directory /workdir/hadoop-ozone/integration-test/target/test-dir/MiniOzoneClusterImpl-fc4714e6-2d25-43ae-aa3c-bb84b829e8c3/datanode-4/data/ratis/52aa1f67-0dea-4e2f-ac6e-04f879e2fc8c: created new log segment /workdir/hadoop-ozone/integration-test/target/test-dir/MiniOzoneClusterImpl-fc4714e6-2d25-43ae-aa3c-bb84b829e8c3/datanode-4/data/ratis/52aa1f67-0dea-4e2f-ac6e-04f879e2fc8c/current/log_inprogress_0
2019-08-29 23:06:12,629 [701eae18-0267-427a-94c7-9b910f8dde45:group-0BE131AFEBE5:LeaderElection68] INFO  impl.LeaderElection (LeaderElection.java:askForVotes(181)) - 701eae18-0267-427a-94c7-9b910f8dde45:group-0BE131AFEBE5:LeaderElection68: begin an election at term 1 for -1: [701eae18-0267-427a-94c7-9b910f8dde45:192.168.5.176:32877], old=null
2019-08-29 23:06:12,627 [Thread-3321] INFO  impl.FollowerState (FollowerState.java:run(106)) - 701eae18-0267-427a-94c7-9b910f8dde45:group-1E9D348BFB63 changes to CANDIDATE, lastRpcTime:5139, electionTimeout:5138ms
2019-08-29 23:06:12,630 [701eae18-0267-427a-94c7-9b910f8dde45:group-0BE131AFEBE5:LeaderElection68] INFO  impl.RoleInfo (RoleInfo.java:shutdownLeaderElection(134)) - 701eae18-0267-427a-94c7-9b910f8dde45: shutdown LeaderElection
2019-08-29 23:06:12,630 [Thread-3321] INFO  impl.RoleInfo (RoleInfo.java:shutdownFollowerState(121)) - 701eae18-0267-427a-94c7-9b910f8dde45: shutdown FollowerState
2019-08-29 23:06:12,630 [701eae18-0267-427a-94c7-9b910f8dde45:group-0BE131AFEBE5:LeaderElection68] INFO  impl.RaftServerImpl (RaftServerImpl.java:setRole(171)) - 701eae18-0267-427a-94c7-9b910f8dde45:group-0BE131AFEBE5 changes role from CANDIDATE to LEADER at term 1 for changeToLeader
2019-08-29 23:06:12,630 [Thread-3321] INFO  impl.RaftServerImpl (RaftServerImpl.java:setRole(171)) - 701eae18-0267-427a-94c7-9b910f8dde45:group-1E9D348BFB63 changes role from FOLLOWER to CANDIDATE at term 0 for changeToCandidate
2019-08-29 23:06:12,630 [701eae18-0267-427a-94c7-9b910f8dde45:group-0BE131AFEBE5:LeaderElection68] INFO  impl.RaftServerImpl (ServerState.java:setLeader(263)) - 701eae18-0267-427a-94c7-9b910f8dde45:group-0BE131AFEBE5 change Leader from null to 701eae18-0267-427a-94c7-9b910f8dde45 at term 1 for becomeLeader, leader elected after 5201ms
2019-08-29 23:06:12,630 [Thread-3321] INFO  impl.RoleInfo (RoleInfo.java:updateAndGet(143)) - 701eae18-0267-427a-94c7-9b910f8dde45: start LeaderElection
2019-08-29 23:06:12,630 [701eae18-0267-427a-94c7-9b910f8dde45:group-0BE131AFEBE5:LeaderElection68] INFO  server.RaftServerConfigKeys (ConfUtils.java:logGet(43)) - raft.server.staging.catchup.gap = 1000 (default)
2019-08-29 23:06:12,632 [701eae18-0267-427a-94c7-9b910f8dde45:group-0BE131AFEBE5:LeaderElection68] INFO  server.RaftServerConfigKeys (ConfUtils.java:logGet(43)) - raft.server.rpc.sleep.time = 25ms (default)
2019-08-29 23:06:12,634 [701eae18-0267-427a-94c7-9b910f8dde45:group-0BE131AFEBE5:LeaderElection68] INFO  server.RaftServerConfigKeys (ConfUtils.java:logGet(43)) - raft.server.write.element-limit = 4096 (default)
2019-08-29 23:06:12,635 [701eae18-0267-427a-94c7-9b910f8dde45:group-0BE131AFEBE5:LeaderElection68] INFO  server.RaftServerConfigKeys (ConfUtils.java:logGet(43)) - raft.server.watch.timeout = 10s (default)
2019-08-29 23:06:12,635 [701eae18-0267-427a-94c7-9b910f8dde45:group-0BE131AFEBE5:LeaderElection68] INFO  server.RaftServerConfigKeys (ConfUtils.java:logGet(43)) - raft.server.watch.timeout.denomination = 1s (default)
2019-08-29 23:06:12,635 [701eae18-0267-427a-94c7-9b910f8dde45:group-0BE131AFEBE5:LeaderElection68] INFO  server.RaftServerConfigKeys (ConfUtils.java:logGet(43)) - raft.server.watch.element-limit = 65536 (default)
2019-08-29 23:06:12,635 [701eae18-0267-427a-94c7-9b910f8dde45:group-0BE131AFEBE5:LeaderElection68] INFO  impl.RoleInfo (RoleInfo.java:updateAndGet(143)) - 701eae18-0267-427a-94c7-9b910f8dde45: start LeaderState
2019-08-29 23:06:12,636 [701eae18-0267-427a-94c7-9b910f8dde45:group-0BE131AFEBE5:LeaderElection68] INFO  segmented.SegmentedRaftLogWorker (SegmentedRaftLogWorker.java:startLogSegment(380)) - 701eae18-0267-427a-94c7-9b910f8dde45-SegmentedRaftLogWorker:Storage Directory /workdir/hadoop-ozone/integration-test/target/test-dir/MiniOzoneClusterImpl-fc4714e6-2d25-43ae-aa3c-bb84b829e8c3/datanode-6/data/ratis/fbec3e22-8dad-4d35-8c30-0be131afebe5: Starting segment from index:0
2019-08-29 23:06:12,636 [701eae18-0267-427a-94c7-9b910f8dde45:group-0BE131AFEBE5:LeaderElection68] INFO  impl.RaftServerImpl (ServerState.java:setRaftConf(361)) - 701eae18-0267-427a-94c7-9b910f8dde45:group-0BE131AFEBE5 set configuration 0: [701eae18-0267-427a-94c7-9b910f8dde45:192.168.5.176:32877], old=null at 0
2019-08-29 23:06:12,665 [39b1e362-24c6-40e1-a305-936b4ccaa1e0:group-1E9D348BFB63:LeaderElection70] INFO  impl.LeaderElection (LeaderElection.java:askForVotes(181)) - 39b1e362-24c6-40e1-a305-936b4ccaa1e0:group-1E9D348BFB63:LeaderElection70: begin an election at term 1 for -1: [701eae18-0267-427a-94c7-9b910f8dde45:192.168.5.176:32877, 39b1e362-24c6-40e1-a305-936b4ccaa1e0:192.168.5.176:36883, f20020a9-6aa7-48f1-914d-cfe5895fa638:192.168.5.176:38642], old=null
2019-08-29 23:06:12,665 [701eae18-0267-427a-94c7-9b910f8dde45:group-1E9D348BFB63:LeaderElection71] INFO  impl.LeaderElection (LeaderElection.java:askForVotes(181)) - 701eae18-0267-427a-94c7-9b910f8dde45:group-1E9D348BFB63:LeaderElection71: begin an election at term 1 for -1: [701eae18-0267-427a-94c7-9b910f8dde45:192.168.5.176:32877, 39b1e362-24c6-40e1-a305-936b4ccaa1e0:192.168.5.176:36883, f20020a9-6aa7-48f1-914d-cfe5895fa638:192.168.5.176:38642], old=null
2019-08-29 23:06:12,665 [f20020a9-6aa7-48f1-914d-cfe5895fa638:group-1E9D348BFB63:LeaderElection69] INFO  impl.LeaderElection (LeaderElection.java:askForVotes(181)) - f20020a9-6aa7-48f1-914d-cfe5895fa638:group-1E9D348BFB63:LeaderElection69: begin an election at term 1 for -1: [701eae18-0267-427a-94c7-9b910f8dde45:192.168.5.176:32877, 39b1e362-24c6-40e1-a305-936b4ccaa1e0:192.168.5.176:36883, f20020a9-6aa7-48f1-914d-cfe5895fa638:192.168.5.176:38642], old=null
2019-08-29 23:06:12,678 [701eae18-0267-427a-94c7-9b910f8dde45-SegmentedRaftLogWorker:Storage Directory /workdir/hadoop-ozone/integration-test/target/test-dir/MiniOzoneClusterImpl-fc4714e6-2d25-43ae-aa3c-bb84b829e8c3/datanode-6/data/ratis/fbec3e22-8dad-4d35-8c30-0be131afebe5] INFO  segmented.SegmentedRaftLogWorker (SegmentedRaftLogWorker.java:execute(569)) - 701eae18-0267-427a-94c7-9b910f8dde45-SegmentedRaftLogWorker:Storage Directory /workdir/hadoop-ozone/integration-test/target/test-dir/MiniOzoneClusterImpl-fc4714e6-2d25-43ae-aa3c-bb84b829e8c3/datanode-6/data/ratis/fbec3e22-8dad-4d35-8c30-0be131afebe5: created new log segment /workdir/hadoop-ozone/integration-test/target/test-dir/MiniOzoneClusterImpl-fc4714e6-2d25-43ae-aa3c-bb84b829e8c3/datanode-6/data/ratis/fbec3e22-8dad-4d35-8c30-0be131afebe5/current/log_inprogress_0
2019-08-29 23:06:12,683 | INFO  | DNAudit | user=null | ip=null | op=WRITE_CHUNK {blockData=conID: 1 locID: 102702774251683854 bcsId: 0} | ret=SUCCESS |  
2019-08-29 23:06:12,683 | INFO  | DNAudit | user=null | ip=null | op=WRITE_CHUNK {blockData=conID: 1 locID: 102702774251683854 bcsId: 0} | ret=SUCCESS |  
2019-08-29 23:06:12,684 | INFO  | DNAudit | user=null | ip=null | op=WRITE_CHUNK {blockData=conID: 1 locID: 102702774251683854 bcsId: 0} | ret=SUCCESS |  
2019-08-29 23:06:12,684 | INFO  | SCMAudit | user=jenkins1000 | ip=192.168.5.176 | op=SEND_HEARTBEAT {datanodeUUID=69eced68-633e-4b51-8723-aa3cc7d01e54, command=[]} | ret=SUCCESS |  
2019-08-29 23:06:12,684 | INFO  | SCMAudit | user=jenkins1000 | ip=192.168.5.176 | op=SEND_HEARTBEAT {datanodeUUID=a4665db9-b31b-4d0b-b60e-b10125f1dc2f, command=[]} | ret=SUCCESS |  
2019-08-29 23:06:12,684 | INFO  | SCMAudit | user=jenkins1000 | ip=192.168.5.176 | op=SEND_HEARTBEAT {datanodeUUID=eecc47d9-bcc9-4792-b0a1-bf4e20a348f5, command=[]} | ret=SUCCESS |  
2019-08-29 23:06:12,684 [701eae18-0267-427a-94c7-9b910f8dde45:group-1E9D348BFB63:LeaderElection71] INFO  impl.LeaderElection (LeaderElection.java:logAndReturn(56)) - 701eae18-0267-427a-94c7-9b910f8dde45:group-1E9D348BFB63:LeaderElection71: Election REJECTED; received 2 response(s) [701eae18-0267-427a-94c7-9b910f8dde45<-39b1e362-24c6-40e1-a305-936b4ccaa1e0#0:FAIL-t1, 701eae18-0267-427a-94c7-9b910f8dde45<-f20020a9-6aa7-48f1-914d-cfe5895fa638#0:FAIL-t1] and 0 exception(s); 701eae18-0267-427a-94c7-9b910f8dde45:t1, leader=null, voted=701eae18-0267-427a-94c7-9b910f8dde45, raftlog=701eae18-0267-427a-94c7-9b910f8dde45-SegmentedRaftLog:OPENED:c-1,f-1,i0, conf=-1: [701eae18-0267-427a-94c7-9b910f8dde45:192.168.5.176:32877, 39b1e362-24c6-40e1-a305-936b4ccaa1e0:192.168.5.176:36883, f20020a9-6aa7-48f1-914d-cfe5895fa638:192.168.5.176:38642], old=null
2019-08-29 23:06:12,685 [39b1e362-24c6-40e1-a305-936b4ccaa1e0:group-1E9D348BFB63:LeaderElection70] INFO  impl.LeaderElection (LeaderElection.java:logAndReturn(56)) - 39b1e362-24c6-40e1-a305-936b4ccaa1e0:group-1E9D348BFB63:LeaderElection70: Election REJECTED; received 2 response(s) [39b1e362-24c6-40e1-a305-936b4ccaa1e0<-701eae18-0267-427a-94c7-9b910f8dde45#0:FAIL-t1, 39b1e362-24c6-40e1-a305-936b4ccaa1e0<-f20020a9-6aa7-48f1-914d-cfe5895fa638#0:FAIL-t1] and 0 exception(s); 39b1e362-24c6-40e1-a305-936b4ccaa1e0:t1, leader=null, voted=39b1e362-24c6-40e1-a305-936b4ccaa1e0, raftlog=39b1e362-24c6-40e1-a305-936b4ccaa1e0-SegmentedRaftLog:OPENED:c-1,f-1,i0, conf=-1: [701eae18-0267-427a-94c7-9b910f8dde45:192.168.5.176:32877, 39b1e362-24c6-40e1-a305-936b4ccaa1e0:192.168.5.176:36883, f20020a9-6aa7-48f1-914d-cfe5895fa638:192.168.5.176:38642], old=null
2019-08-29 23:06:12,685 [701eae18-0267-427a-94c7-9b910f8dde45:group-1E9D348BFB63:LeaderElection71] INFO  impl.RaftServerImpl (RaftServerImpl.java:setRole(171)) - 701eae18-0267-427a-94c7-9b910f8dde45:group-1E9D348BFB63 changes role from CANDIDATE to FOLLOWER at term 1 for DISCOVERED_A_NEW_TERM
2019-08-29 23:06:12,685 [39b1e362-24c6-40e1-a305-936b4ccaa1e0:group-1E9D348BFB63:LeaderElection70] INFO  impl.RaftServerImpl (RaftServerImpl.java:setRole(171)) - 39b1e362-24c6-40e1-a305-936b4ccaa1e0:group-1E9D348BFB63 changes role from CANDIDATE to FOLLOWER at term 1 for DISCOVERED_A_NEW_TERM
2019-08-29 23:06:12,685 [701eae18-0267-427a-94c7-9b910f8dde45:group-1E9D348BFB63:LeaderElection71] INFO  impl.RoleInfo (RoleInfo.java:shutdownLeaderElection(134)) - 701eae18-0267-427a-94c7-9b910f8dde45: shutdown LeaderElection
2019-08-29 23:06:12,685 [f20020a9-6aa7-48f1-914d-cfe5895fa638:group-1E9D348BFB63:LeaderElection69] INFO  impl.LeaderElection (LeaderElection.java:logAndReturn(56)) - f20020a9-6aa7-48f1-914d-cfe5895fa638:group-1E9D348BFB63:LeaderElection69: Election REJECTED; received 2 response(s) [f20020a9-6aa7-48f1-914d-cfe5895fa638<-701eae18-0267-427a-94c7-9b910f8dde45#0:FAIL-t1, f20020a9-6aa7-48f1-914d-cfe5895fa638<-39b1e362-24c6-40e1-a305-936b4ccaa1e0#0:FAIL-t1] and 0 exception(s); f20020a9-6aa7-48f1-914d-cfe5895fa638:t1, leader=null, voted=f20020a9-6aa7-48f1-914d-cfe5895fa638, raftlog=f20020a9-6aa7-48f1-914d-cfe5895fa638-SegmentedRaftLog:OPENED:c-1,f-1,i0, conf=-1: [701eae18-0267-427a-94c7-9b910f8dde45:192.168.5.176:32877, 39b1e362-24c6-40e1-a305-936b4ccaa1e0:192.168.5.176:36883, f20020a9-6aa7-48f1-914d-cfe5895fa638:192.168.5.176:38642], old=null
2019-08-29 23:06:12,685 [701eae18-0267-427a-94c7-9b910f8dde45:group-1E9D348BFB63:LeaderElection71] INFO  impl.RoleInfo (RoleInfo.java:updateAndGet(143)) - 701eae18-0267-427a-94c7-9b910f8dde45: start FollowerState
2019-08-29 23:06:12,685 [39b1e362-24c6-40e1-a305-936b4ccaa1e0:group-1E9D348BFB63:LeaderElection70] INFO  impl.RoleInfo (RoleInfo.java:shutdownLeaderElection(134)) - 39b1e362-24c6-40e1-a305-936b4ccaa1e0: shutdown LeaderElection
2019-08-29 23:06:12,686 [f20020a9-6aa7-48f1-914d-cfe5895fa638:group-1E9D348BFB63:LeaderElection69] INFO  impl.RaftServerImpl (RaftServerImpl.java:setRole(171)) - f20020a9-6aa7-48f1-914d-cfe5895fa638:group-1E9D348BFB63 changes role from CANDIDATE to FOLLOWER at term 1 for DISCOVERED_A_NEW_TERM
2019-08-29 23:06:12,686 [39b1e362-24c6-40e1-a305-936b4ccaa1e0:group-1E9D348BFB63:LeaderElection70] INFO  impl.RoleInfo (RoleInfo.java:updateAndGet(143)) - 39b1e362-24c6-40e1-a305-936b4ccaa1e0: start FollowerState
2019-08-29 23:06:12,686 [f20020a9-6aa7-48f1-914d-cfe5895fa638:group-1E9D348BFB63:LeaderElection69] INFO  impl.RoleInfo (RoleInfo.java:shutdownLeaderElection(134)) - f20020a9-6aa7-48f1-914d-cfe5895fa638: shutdown LeaderElection
2019-08-29 23:06:12,686 [f20020a9-6aa7-48f1-914d-cfe5895fa638:group-1E9D348BFB63:LeaderElection69] INFO  impl.RoleInfo (RoleInfo.java:updateAndGet(143)) - f20020a9-6aa7-48f1-914d-cfe5895fa638: start FollowerState
2019-08-29 23:06:12,688 | INFO  | DNAudit | user=null | ip=null | op=WRITE_CHUNK {blockData=conID: 1 locID: 102702774251683854 bcsId: 0} | ret=SUCCESS |  
2019-08-29 23:06:12,692 [grpc-default-executor-5] INFO  client.GrpcClientProtocolClient (GrpcClientProtocolClient.java:onNext(255)) - client-232B716717A1->69eced68-633e-4b51-8723-aa3cc7d01e54: receive RaftClientReply:client-232B716717A1->69eced68-633e-4b51-8723-aa3cc7d01e54@group-B0DBF3A8E54A, cid=175, SUCCESS, logIndex=1, commits[69eced68-633e-4b51-8723-aa3cc7d01e54:c1, a4665db9-b31b-4d0b-b60e-b10125f1dc2f:c0, eecc47d9-bcc9-4792-b0a1-bf4e20a348f5:c0]
2019-08-29 23:06:12,692 | INFO  | DNAudit | user=null | ip=null | op=WRITE_CHUNK {blockData=conID: 1 locID: 102702774251683854 bcsId: 0} | ret=SUCCESS |  
2019-08-29 23:06:12,692 | INFO  | DNAudit | user=null | ip=null | op=WRITE_CHUNK {blockData=conID: 1 locID: 102702774251683854 bcsId: 0} | ret=SUCCESS |  
2019-08-29 23:06:12,696 | INFO  | DNAudit | user=null | ip=null | op=WRITE_CHUNK {blockData=conID: 1 locID: 102702774251683854 bcsId: 0} | ret=SUCCESS |  
2019-08-29 23:06:12,697 | INFO  | DNAudit | user=null | ip=null | op=WRITE_CHUNK {blockData=conID: 1 locID: 102702774251683854 bcsId: 0} | ret=SUCCESS |  
2019-08-29 23:06:12,697 | INFO  | DNAudit | user=null | ip=null | op=WRITE_CHUNK {blockData=conID: 1 locID: 102702774251683854 bcsId: 0} | ret=SUCCESS |  
2019-08-29 23:06:12,698 | INFO  | DNAudit | user=null | ip=null | op=WRITE_CHUNK {blockData=conID: 1 locID: 102702774251683854 bcsId: 0} | ret=SUCCESS |  
2019-08-29 23:06:12,699 | INFO  | DNAudit | user=null | ip=null | op=WRITE_CHUNK {blockData=conID: 1 locID: 102702774251683854 bcsId: 0} | ret=SUCCESS |  
2019-08-29 23:06:12,699 | INFO  | DNAudit | user=null | ip=null | op=WRITE_CHUNK {blockData=conID: 1 locID: 102702774251683854 bcsId: 0} | ret=SUCCESS |  
2019-08-29 23:06:12,699 | INFO  | DNAudit | user=null | ip=null | op=WRITE_CHUNK {blockData=conID: 1 locID: 102702774251683854 bcsId: 0} | ret=SUCCESS |  
2019-08-29 23:06:12,700 | INFO  | DNAudit | user=null | ip=null | op=WRITE_CHUNK {blockData=conID: 1 locID: 102702774251683854 bcsId: 0} | ret=SUCCESS |  
2019-08-29 23:06:12,700 | INFO  | DNAudit | user=null | ip=null | op=WRITE_CHUNK {blockData=conID: 1 locID: 102702774251683854 bcsId: 0} | ret=SUCCESS |  
2019-08-29 23:06:12,711 | INFO  | DNAudit | user=null | ip=null | op=WRITE_CHUNK {blockData=conID: 1 locID: 102702774251683854 bcsId: 0} | ret=SUCCESS |  
2019-08-29 23:06:12,715 | INFO  | DNAudit | user=null | ip=null | op=WRITE_CHUNK {blockData=conID: 1 locID: 102702774251683854 bcsId: 0} | ret=SUCCESS |  
2019-08-29 23:06:12,715 | INFO  | DNAudit | user=null | ip=null | op=WRITE_CHUNK {blockData=conID: 1 locID: 102702774251683854 bcsId: 0} | ret=SUCCESS |  
2019-08-29 23:06:12,715 [grpc-default-executor-7] INFO  client.GrpcClientProtocolClient (GrpcClientProtocolClient.java:onNext(255)) - client-232B716717A1->69eced68-633e-4b51-8723-aa3cc7d01e54: receive RaftClientReply:client-232B716717A1->69eced68-633e-4b51-8723-aa3cc7d01e54@group-B0DBF3A8E54A, cid=176, SUCCESS, logIndex=3, commits[69eced68-633e-4b51-8723-aa3cc7d01e54:c4, a4665db9-b31b-4d0b-b60e-b10125f1dc2f:c2, eecc47d9-bcc9-4792-b0a1-bf4e20a348f5:c2]
2019-08-29 23:06:12,746 | INFO  | DNAudit | user=null | ip=null | op=PUT_BLOCK {blockData=[blockId=conID: 1 locID: 102702774251683854 bcsId: 0,size=200]} | ret=SUCCESS |  
2019-08-29 23:06:12,747 | INFO  | DNAudit | user=null | ip=null | op=WRITE_CHUNK {blockData=conID: 1 locID: 102702774251683854 bcsId: 0} | ret=SUCCESS |  
2019-08-29 23:06:12,748 | INFO  | DNAudit | user=null | ip=null | op=WRITE_CHUNK {blockData=conID: 1 locID: 102702774251683854 bcsId: 0} | ret=SUCCESS |  
2019-08-29 23:06:12,748 [grpc-default-executor-5] INFO  client.GrpcClientProtocolClient (GrpcClientProtocolClient.java:onNext(255)) - client-232B716717A1->69eced68-633e-4b51-8723-aa3cc7d01e54: receive RaftClientReply:client-232B716717A1->69eced68-633e-4b51-8723-aa3cc7d01e54@group-B0DBF3A8E54A, cid=177, SUCCESS, logIndex=4, commits[69eced68-633e-4b51-8723-aa3cc7d01e54:c11, a4665db9-b31b-4d0b-b60e-b10125f1dc2f:c7, eecc47d9-bcc9-4792-b0a1-bf4e20a348f5:c7]
2019-08-29 23:06:12,748 [grpc-default-executor-5] INFO  client.GrpcClientProtocolClient (GrpcClientProtocolClient.java:onNext(255)) - client-232B716717A1->69eced68-633e-4b51-8723-aa3cc7d01e54: receive RaftClientReply:client-232B716717A1->69eced68-633e-4b51-8723-aa3cc7d01e54@group-B0DBF3A8E54A, cid=178, SUCCESS, logIndex=5, commits[69eced68-633e-4b51-8723-aa3cc7d01e54:c11, a4665db9-b31b-4d0b-b60e-b10125f1dc2f:c7, eecc47d9-bcc9-4792-b0a1-bf4e20a348f5:c7]
2019-08-29 23:06:12,749 [grpc-default-executor-5] INFO  client.GrpcClientProtocolClient (GrpcClientProtocolClient.java:onNext(255)) - client-232B716717A1->69eced68-633e-4b51-8723-aa3cc7d01e54: receive RaftClientReply:client-232B716717A1->69eced68-633e-4b51-8723-aa3cc7d01e54@group-B0DBF3A8E54A, cid=179, SUCCESS, logIndex=6, commits[69eced68-633e-4b51-8723-aa3cc7d01e54:c11, a4665db9-b31b-4d0b-b60e-b10125f1dc2f:c7, eecc47d9-bcc9-4792-b0a1-bf4e20a348f5:c7]
2019-08-29 23:06:12,798 | INFO  | DNAudit | user=null | ip=null | op=PUT_BLOCK {blockData=[blockId=conID: 1 locID: 102702774251683854 bcsId: 0,size=200]} | ret=SUCCESS |  
2019-08-29 23:06:12,798 | INFO  | DNAudit | user=null | ip=null | op=WRITE_CHUNK {blockData=conID: 1 locID: 102702774251683854 bcsId: 0} | ret=SUCCESS |  
2019-08-29 23:06:12,799 | INFO  | DNAudit | user=null | ip=null | op=WRITE_CHUNK {blockData=conID: 1 locID: 102702774251683854 bcsId: 0} | ret=SUCCESS |  
2019-08-29 23:06:12,851 | INFO  | DNAudit | user=null | ip=null | op=PUT_BLOCK {blockData=[blockId=conID: 1 locID: 102702774251683854 bcsId: 0,size=400]} | ret=SUCCESS |  
2019-08-29 23:06:12,851 | INFO  | DNAudit | user=null | ip=null | op=PUT_BLOCK {blockData=[blockId=conID: 1 locID: 102702774251683854 bcsId: 0,size=400]} | ret=SUCCESS |  
2019-08-29 23:06:12,851 | INFO  | DNAudit | user=null | ip=null | op=PUT_BLOCK {blockData=[blockId=conID: 1 locID: 102702774251683854 bcsId: 0,size=200]} | ret=SUCCESS |  
2019-08-29 23:06:12,852 | INFO  | DNAudit | user=null | ip=null | op=WRITE_CHUNK {blockData=conID: 1 locID: 102702774251683854 bcsId: 0} | ret=SUCCESS |  
2019-08-29 23:06:12,852 | INFO  | DNAudit | user=null | ip=null | op=WRITE_CHUNK {blockData=conID: 1 locID: 102702774251683854 bcsId: 0} | ret=SUCCESS |  
2019-08-29 23:06:12,853 | INFO  | DNAudit | user=null | ip=null | op=PUT_BLOCK {blockData=[blockId=conID: 1 locID: 102702774251683854 bcsId: 0,size=400]} | ret=SUCCESS |  
2019-08-29 23:06:12,853 [grpc-default-executor-5] INFO  client.GrpcClientProtocolClient (GrpcClientProtocolClient.java:onNext(255)) - client-232B716717A1->69eced68-633e-4b51-8723-aa3cc7d01e54: receive RaftClientReply:client-232B716717A1->69eced68-633e-4b51-8723-aa3cc7d01e54@group-B0DBF3A8E54A, cid=180, SUCCESS, logIndex=7, commits[69eced68-633e-4b51-8723-aa3cc7d01e54:c11, a4665db9-b31b-4d0b-b60e-b10125f1dc2f:c7, eecc47d9-bcc9-4792-b0a1-bf4e20a348f5:c7]
2019-08-29 23:06:12,856 | INFO  | DNAudit | user=null | ip=null | op=WRITE_CHUNK {blockData=conID: 1 locID: 102702774251683854 bcsId: 7} | ret=SUCCESS |  
2019-08-29 23:06:12,858 | INFO  | DNAudit | user=null | ip=null | op=WRITE_CHUNK {blockData=conID: 1 locID: 102702774251683854 bcsId: 7} | ret=SUCCESS |  
2019-08-29 23:06:12,858 | INFO  | DNAudit | user=null | ip=null | op=WRITE_CHUNK {blockData=conID: 1 locID: 102702774251683854 bcsId: 7} | ret=SUCCESS |  
2019-08-29 23:06:12,871 | INFO  | DNAudit | user=null | ip=null | op=WRITE_CHUNK {blockData=conID: 1 locID: 102702774251683854 bcsId: 7} | ret=SUCCESS |  
2019-08-29 23:06:12,872 | INFO  | DNAudit | user=null | ip=null | op=PUT_BLOCK {blockData=[blockId=conID: 1 locID: 102702774251683854 bcsId: 0,size=450]} | ret=SUCCESS |  
2019-08-29 23:06:12,873 [grpc-default-executor-5] INFO  client.GrpcClientProtocolClient (GrpcClientProtocolClient.java:onNext(255)) - client-232B716717A1->69eced68-633e-4b51-8723-aa3cc7d01e54: receive RaftClientReply:client-232B716717A1->69eced68-633e-4b51-8723-aa3cc7d01e54@group-B0DBF3A8E54A, cid=181, SUCCESS, logIndex=12, commits[69eced68-633e-4b51-8723-aa3cc7d01e54:c13, a4665db9-b31b-4d0b-b60e-b10125f1dc2f:c11, eecc47d9-bcc9-4792-b0a1-bf4e20a348f5:c11]
2019-08-29 23:06:12,873 [grpc-default-executor-5] INFO  client.GrpcClientProtocolClient (GrpcClientProtocolClient.java:onNext(255)) - client-232B716717A1->69eced68-633e-4b51-8723-aa3cc7d01e54: receive RaftClientReply:client-232B716717A1->69eced68-633e-4b51-8723-aa3cc7d01e54@group-B0DBF3A8E54A, cid=182, SUCCESS, logIndex=13, commits[69eced68-633e-4b51-8723-aa3cc7d01e54:c13, a4665db9-b31b-4d0b-b60e-b10125f1dc2f:c11, eecc47d9-bcc9-4792-b0a1-bf4e20a348f5:c11]
2019-08-29 23:06:12,883 | INFO  | DNAudit | user=null | ip=null | op=WRITE_CHUNK {blockData=conID: 1 locID: 102702774251683854 bcsId: 7} | ret=SUCCESS |  
2019-08-29 23:06:12,883 | INFO  | DNAudit | user=null | ip=null | op=WRITE_CHUNK {blockData=conID: 1 locID: 102702774251683854 bcsId: 7} | ret=SUCCESS |  
2019-08-29 23:06:12,884 | INFO  | DNAudit | user=null | ip=null | op=PUT_BLOCK {blockData=[blockId=conID: 1 locID: 102702774251683854 bcsId: 0,size=450]} | ret=SUCCESS |  
2019-08-29 23:06:12,884 | INFO  | DNAudit | user=null | ip=null | op=PUT_BLOCK {blockData=[blockId=conID: 1 locID: 102702774251683854 bcsId: 0,size=450]} | ret=SUCCESS |  
2019-08-29 23:06:12,888 [grpc-default-executor-5] INFO  client.GrpcClientProtocolClient (GrpcClientProtocolClient.java:onNext(255)) - client-232B716717A1->69eced68-633e-4b51-8723-aa3cc7d01e54: receive RaftClientReply:client-232B716717A1->69eced68-633e-4b51-8723-aa3cc7d01e54@group-B0DBF3A8E54A, cid=183, SUCCESS, logIndex=0, commits[69eced68-633e-4b51-8723-aa3cc7d01e54:c15, a4665db9-b31b-4d0b-b60e-b10125f1dc2f:c13, eecc47d9-bcc9-4792-b0a1-bf4e20a348f5:c13]
2019-08-29 23:06:13,159 | INFO  | SCMAudit | user=jenkins1000 | ip=192.168.5.176 | op=SEND_HEARTBEAT {datanodeUUID=f20020a9-6aa7-48f1-914d-cfe5895fa638, command=[]} | ret=SUCCESS |  
2019-08-29 23:06:13,240 | INFO  | SCMAudit | user=jenkins1000 | ip=192.168.5.176 | op=SEND_HEARTBEAT {datanodeUUID=36a44bf1-0214-4ae3-b56c-359c5b44ef6b, command=[]} | ret=SUCCESS |  
2019-08-29 23:06:13,326 | INFO  | SCMAudit | user=jenkins1000 | ip=192.168.5.176 | op=SEND_HEARTBEAT {datanodeUUID=39b1e362-24c6-40e1-a305-936b4ccaa1e0, command=[]} | ret=SUCCESS |  
2019-08-29 23:06:13,387 | INFO  | SCMAudit | user=jenkins1000 | ip=192.168.5.176 | op=SEND_HEARTBEAT {datanodeUUID=701eae18-0267-427a-94c7-9b910f8dde45, command=[]} | ret=SUCCESS |  
2019-08-29 23:06:13,681 [Datanode State Machine Thread - 0] INFO  statemachine.DatanodeStateMachine (DatanodeStateMachine.java:lambda$startDaemon$0(350)) - Ozone container server started.
2019-08-29 23:06:13,682 | INFO  | SCMAudit | user=jenkins1000 | ip=192.168.5.176 | op=SEND_HEARTBEAT {datanodeUUID=a4665db9-b31b-4d0b-b60e-b10125f1dc2f, command=[]} | ret=SUCCESS |  
2019-08-29 23:06:13,682 | INFO  | SCMAudit | user=jenkins1000 | ip=192.168.5.176 | op=SEND_HEARTBEAT {datanodeUUID=eecc47d9-bcc9-4792-b0a1-bf4e20a348f5, command=[]} | ret=SUCCESS |  
2019-08-29 23:06:14,159 | INFO  | SCMAudit | user=jenkins1000 | ip=192.168.5.176 | op=SEND_HEARTBEAT {datanodeUUID=f20020a9-6aa7-48f1-914d-cfe5895fa638, command=[]} | ret=SUCCESS |  
2019-08-29 23:06:14,240 | INFO  | SCMAudit | user=jenkins1000 | ip=192.168.5.176 | op=SEND_HEARTBEAT {datanodeUUID=36a44bf1-0214-4ae3-b56c-359c5b44ef6b, command=[]} | ret=SUCCESS |  
2019-08-29 23:06:14,326 | INFO  | SCMAudit | user=jenkins1000 | ip=192.168.5.176 | op=SEND_HEARTBEAT {datanodeUUID=39b1e362-24c6-40e1-a305-936b4ccaa1e0, command=[]} | ret=SUCCESS |  
2019-08-29 23:06:14,387 | INFO  | SCMAudit | user=jenkins1000 | ip=192.168.5.176 | op=SEND_HEARTBEAT {datanodeUUID=701eae18-0267-427a-94c7-9b910f8dde45, command=[]} | ret=SUCCESS |  
2019-08-29 23:06:14,682 | INFO  | SCMAudit | user=jenkins1000 | ip=192.168.5.176 | op=SEND_HEARTBEAT {datanodeUUID=eecc47d9-bcc9-4792-b0a1-bf4e20a348f5, command=[]} | ret=SUCCESS |  
2019-08-29 23:06:14,682 | INFO  | SCMAudit | user=jenkins1000 | ip=192.168.5.176 | op=SEND_HEARTBEAT {datanodeUUID=a4665db9-b31b-4d0b-b60e-b10125f1dc2f, command=[]} | ret=SUCCESS |  
2019-08-29 23:06:15,159 | INFO  | SCMAudit | user=jenkins1000 | ip=192.168.5.176 | op=SEND_HEARTBEAT {datanodeUUID=f20020a9-6aa7-48f1-914d-cfe5895fa638, command=[]} | ret=SUCCESS |  
2019-08-29 23:06:15,240 | INFO  | SCMAudit | user=jenkins1000 | ip=192.168.5.176 | op=SEND_HEARTBEAT {datanodeUUID=36a44bf1-0214-4ae3-b56c-359c5b44ef6b, command=[]} | ret=SUCCESS |  
2019-08-29 23:06:15,326 | INFO  | SCMAudit | user=jenkins1000 | ip=192.168.5.176 | op=SEND_HEARTBEAT {datanodeUUID=39b1e362-24c6-40e1-a305-936b4ccaa1e0, command=[]} | ret=SUCCESS |  
2019-08-29 23:06:15,387 | INFO  | SCMAudit | user=jenkins1000 | ip=192.168.5.176 | op=SEND_HEARTBEAT {datanodeUUID=701eae18-0267-427a-94c7-9b910f8dde45, command=[]} | ret=SUCCESS |  
2019-08-29 23:06:15,683 | INFO  | SCMAudit | user=jenkins1000 | ip=192.168.5.176 | op=SEND_HEARTBEAT {datanodeUUID=a4665db9-b31b-4d0b-b60e-b10125f1dc2f, command=[]} | ret=SUCCESS |  
2019-08-29 23:06:15,683 | INFO  | SCMAudit | user=jenkins1000 | ip=192.168.5.176 | op=SEND_HEARTBEAT {datanodeUUID=eecc47d9-bcc9-4792-b0a1-bf4e20a348f5, command=[]} | ret=SUCCESS |  
2019-08-29 23:06:16,159 | INFO  | SCMAudit | user=jenkins1000 | ip=192.168.5.176 | op=SEND_HEARTBEAT {datanodeUUID=f20020a9-6aa7-48f1-914d-cfe5895fa638, command=[]} | ret=SUCCESS |  
2019-08-29 23:06:16,240 | INFO  | SCMAudit | user=jenkins1000 | ip=192.168.5.176 | op=SEND_HEARTBEAT {datanodeUUID=36a44bf1-0214-4ae3-b56c-359c5b44ef6b, command=[]} | ret=SUCCESS |  
2019-08-29 23:06:16,326 | INFO  | SCMAudit | user=jenkins1000 | ip=192.168.5.176 | op=SEND_HEARTBEAT {datanodeUUID=39b1e362-24c6-40e1-a305-936b4ccaa1e0, command=[]} | ret=SUCCESS |  
2019-08-29 23:06:16,387 | INFO  | SCMAudit | user=jenkins1000 | ip=192.168.5.176 | op=SEND_HEARTBEAT {datanodeUUID=701eae18-0267-427a-94c7-9b910f8dde45, command=[]} | ret=SUCCESS |  
2019-08-29 23:06:16,683 | INFO  | SCMAudit | user=jenkins1000 | ip=192.168.5.176 | op=SEND_HEARTBEAT {datanodeUUID=eecc47d9-bcc9-4792-b0a1-bf4e20a348f5, command=[]} | ret=SUCCESS |  
2019-08-29 23:06:16,683 | INFO  | SCMAudit | user=jenkins1000 | ip=192.168.5.176 | op=SEND_HEARTBEAT {datanodeUUID=a4665db9-b31b-4d0b-b60e-b10125f1dc2f, command=[]} | ret=SUCCESS |  
2019-08-29 23:06:17,159 | INFO  | SCMAudit | user=jenkins1000 | ip=192.168.5.176 | op=SEND_HEARTBEAT {datanodeUUID=f20020a9-6aa7-48f1-914d-cfe5895fa638, command=[]} | ret=SUCCESS |  
2019-08-29 23:06:17,240 | INFO  | SCMAudit | user=jenkins1000 | ip=192.168.5.176 | op=SEND_HEARTBEAT {datanodeUUID=36a44bf1-0214-4ae3-b56c-359c5b44ef6b, command=[]} | ret=SUCCESS |  
2019-08-29 23:06:17,327 | INFO  | SCMAudit | user=jenkins1000 | ip=192.168.5.176 | op=SEND_HEARTBEAT {datanodeUUID=39b1e362-24c6-40e1-a305-936b4ccaa1e0, command=[]} | ret=SUCCESS |  
2019-08-29 23:06:17,387 | INFO  | SCMAudit | user=jenkins1000 | ip=192.168.5.176 | op=SEND_HEARTBEAT {datanodeUUID=701eae18-0267-427a-94c7-9b910f8dde45, command=[]} | ret=SUCCESS |  
2019-08-29 23:06:17,683 | INFO  | SCMAudit | user=jenkins1000 | ip=192.168.5.176 | op=SEND_HEARTBEAT {datanodeUUID=a4665db9-b31b-4d0b-b60e-b10125f1dc2f, command=[]} | ret=SUCCESS |  
2019-08-29 23:06:17,683 | INFO  | SCMAudit | user=jenkins1000 | ip=192.168.5.176 | op=SEND_HEARTBEAT {datanodeUUID=eecc47d9-bcc9-4792-b0a1-bf4e20a348f5, command=[]} | ret=SUCCESS |  
2019-08-29 23:06:17,777 [EventQueue-StaleNodeForStaleNodeHandler] INFO  node.StaleNodeHandler (StaleNodeHandler.java:onMessage(58)) - Datanode 69eced68-633e-4b51-8723-aa3cc7d01e54{ip: 192.168.5.176, host: pr-hdds-1783-trunk-hq4zp-549785682, networkLocation: /default-rack, certSerialId: null} moved to stale state. Finalizing its pipelines [PipelineID=e6a95782-7c4f-4325-9991-4bff0e5c9c5a, PipelineID=0a82692b-c24a-439f-926f-b0dbf3a8e54a]
2019-08-29 23:06:17,778 [EventQueue-StaleNodeForStaleNodeHandler] INFO  pipeline.SCMPipelineManager (SCMPipelineManager.java:finalizeAndDestroyPipeline(309)) - destroying pipeline:Pipeline[ Id: e6a95782-7c4f-4325-9991-4bff0e5c9c5a, Nodes: 69eced68-633e-4b51-8723-aa3cc7d01e54{ip: 192.168.5.176, host: pr-hdds-1783-trunk-hq4zp-549785682, networkLocation: /default-rack, certSerialId: null}, Type:RATIS, Factor:ONE, State:OPEN]
2019-08-29 23:06:17,778 [EventQueue-StaleNodeForStaleNodeHandler] INFO  pipeline.PipelineStateManager (PipelineStateManager.java:finalizePipeline(123)) - Pipeline Pipeline[ Id: e6a95782-7c4f-4325-9991-4bff0e5c9c5a, Nodes: 69eced68-633e-4b51-8723-aa3cc7d01e54{ip: 192.168.5.176, host: pr-hdds-1783-trunk-hq4zp-549785682, networkLocation: /default-rack, certSerialId: null}, Type:RATIS, Factor:ONE, State:CLOSED] moved to CLOSED state
2019-08-29 23:06:17,778 [EventQueue-StaleNodeForStaleNodeHandler] INFO  pipeline.SCMPipelineManager (SCMPipelineManager.java:finalizeAndDestroyPipeline(309)) - destroying pipeline:Pipeline[ Id: 0a82692b-c24a-439f-926f-b0dbf3a8e54a, Nodes: 69eced68-633e-4b51-8723-aa3cc7d01e54{ip: 192.168.5.176, host: pr-hdds-1783-trunk-hq4zp-549785682, networkLocation: /default-rack, certSerialId: null}eecc47d9-bcc9-4792-b0a1-bf4e20a348f5{ip: 192.168.5.176, host: pr-hdds-1783-trunk-hq4zp-549785682, networkLocation: /default-rack, certSerialId: null}a4665db9-b31b-4d0b-b60e-b10125f1dc2f{ip: 192.168.5.176, host: pr-hdds-1783-trunk-hq4zp-549785682, networkLocation: /default-rack, certSerialId: null}, Type:RATIS, Factor:THREE, State:OPEN]
2019-08-29 23:06:17,779 [EventQueue-StaleNodeForStaleNodeHandler] INFO  pipeline.PipelineStateManager (PipelineStateManager.java:finalizePipeline(123)) - Pipeline Pipeline[ Id: 0a82692b-c24a-439f-926f-b0dbf3a8e54a, Nodes: 69eced68-633e-4b51-8723-aa3cc7d01e54{ip: 192.168.5.176, host: pr-hdds-1783-trunk-hq4zp-549785682, networkLocation: /default-rack, certSerialId: null}eecc47d9-bcc9-4792-b0a1-bf4e20a348f5{ip: 192.168.5.176, host: pr-hdds-1783-trunk-hq4zp-549785682, networkLocation: /default-rack, certSerialId: null}a4665db9-b31b-4d0b-b60e-b10125f1dc2f{ip: 192.168.5.176, host: pr-hdds-1783-trunk-hq4zp-549785682, networkLocation: /default-rack, certSerialId: null}, Type:RATIS, Factor:THREE, State:CLOSED] moved to CLOSED state
2019-08-29 23:06:17,779 [EventQueue-CloseContainerForCloseContainerEventHandler] INFO  container.CloseContainerEventHandler (CloseContainerEventHandler.java:onMessage(61)) - Close container Event triggered for container : #1
2019-08-29 23:06:17,812 [Thread-3388] INFO  impl.FollowerState (FollowerState.java:run(106)) - 701eae18-0267-427a-94c7-9b910f8dde45:group-1E9D348BFB63 changes to CANDIDATE, lastRpcTime:5126, electionTimeout:5126ms
2019-08-29 23:06:17,812 [Thread-3388] INFO  impl.RoleInfo (RoleInfo.java:shutdownFollowerState(121)) - 701eae18-0267-427a-94c7-9b910f8dde45: shutdown FollowerState
2019-08-29 23:06:17,813 [Thread-3388] INFO  impl.RaftServerImpl (RaftServerImpl.java:setRole(171)) - 701eae18-0267-427a-94c7-9b910f8dde45:group-1E9D348BFB63 changes role from FOLLOWER to CANDIDATE at term 1 for changeToCandidate
2019-08-29 23:06:17,813 [Thread-3388] INFO  impl.RoleInfo (RoleInfo.java:updateAndGet(143)) - 701eae18-0267-427a-94c7-9b910f8dde45: start LeaderElection
2019-08-29 23:06:17,821 [Thread-3390] INFO  impl.FollowerState (FollowerState.java:run(106)) - f20020a9-6aa7-48f1-914d-cfe5895fa638:group-1E9D348BFB63 changes to CANDIDATE, lastRpcTime:5134, electionTimeout:5134ms
2019-08-29 23:06:17,821 [Thread-3390] INFO  impl.RoleInfo (RoleInfo.java:shutdownFollowerState(121)) - f20020a9-6aa7-48f1-914d-cfe5895fa638: shutdown FollowerState
2019-08-29 23:06:17,821 [Thread-3390] INFO  impl.RaftServerImpl (RaftServerImpl.java:setRole(171)) - f20020a9-6aa7-48f1-914d-cfe5895fa638:group-1E9D348BFB63 changes role from FOLLOWER to CANDIDATE at term 1 for changeToCandidate
2019-08-29 23:06:17,821 [Thread-3390] INFO  impl.RoleInfo (RoleInfo.java:updateAndGet(143)) - f20020a9-6aa7-48f1-914d-cfe5895fa638: start LeaderElection
2019-08-29 23:06:17,832 [701eae18-0267-427a-94c7-9b910f8dde45:group-1E9D348BFB63:LeaderElection72] INFO  impl.LeaderElection (LeaderElection.java:askForVotes(181)) - 701eae18-0267-427a-94c7-9b910f8dde45:group-1E9D348BFB63:LeaderElection72: begin an election at term 2 for -1: [701eae18-0267-427a-94c7-9b910f8dde45:192.168.5.176:32877, 39b1e362-24c6-40e1-a305-936b4ccaa1e0:192.168.5.176:36883, f20020a9-6aa7-48f1-914d-cfe5895fa638:192.168.5.176:38642], old=null
2019-08-29 23:06:17,832 [f20020a9-6aa7-48f1-914d-cfe5895fa638:group-1E9D348BFB63:LeaderElection73] INFO  impl.LeaderElection (LeaderElection.java:askForVotes(181)) - f20020a9-6aa7-48f1-914d-cfe5895fa638:group-1E9D348BFB63:LeaderElection73: begin an election at term 2 for -1: [701eae18-0267-427a-94c7-9b910f8dde45:192.168.5.176:32877, 39b1e362-24c6-40e1-a305-936b4ccaa1e0:192.168.5.176:36883, f20020a9-6aa7-48f1-914d-cfe5895fa638:192.168.5.176:38642], old=null
2019-08-29 23:06:17,834 [grpc-default-executor-5] INFO  impl.RaftServerImpl (RaftServerImpl.java:setRole(171)) - 39b1e362-24c6-40e1-a305-936b4ccaa1e0:group-1E9D348BFB63 changes role from FOLLOWER to FOLLOWER at term 2 for recognizeCandidate:701eae18-0267-427a-94c7-9b910f8dde45
2019-08-29 23:06:17,835 [grpc-default-executor-5] INFO  impl.RoleInfo (RoleInfo.java:shutdownFollowerState(121)) - 39b1e362-24c6-40e1-a305-936b4ccaa1e0: shutdown FollowerState
2019-08-29 23:06:17,835 [grpc-default-executor-5] INFO  impl.RoleInfo (RoleInfo.java:updateAndGet(143)) - 39b1e362-24c6-40e1-a305-936b4ccaa1e0: start FollowerState
2019-08-29 23:06:17,835 [Thread-3389] INFO  impl.FollowerState (FollowerState.java:run(114)) - 39b1e362-24c6-40e1-a305-936b4ccaa1e0: FollowerState was interrupted: java.lang.InterruptedException: sleep interrupted
2019-08-29 23:06:17,852 [f20020a9-6aa7-48f1-914d-cfe5895fa638:group-1E9D348BFB63:LeaderElection73] INFO  impl.LeaderElection (LeaderElection.java:logAndReturn(56)) - f20020a9-6aa7-48f1-914d-cfe5895fa638:group-1E9D348BFB63:LeaderElection73: Election REJECTED; received 2 response(s) [f20020a9-6aa7-48f1-914d-cfe5895fa638<-701eae18-0267-427a-94c7-9b910f8dde45#0:FAIL-t2, f20020a9-6aa7-48f1-914d-cfe5895fa638<-39b1e362-24c6-40e1-a305-936b4ccaa1e0#0:FAIL-t2] and 0 exception(s); f20020a9-6aa7-48f1-914d-cfe5895fa638:t2, leader=null, voted=f20020a9-6aa7-48f1-914d-cfe5895fa638, raftlog=f20020a9-6aa7-48f1-914d-cfe5895fa638-SegmentedRaftLog:OPENED:c-1,f-1,i0, conf=-1: [701eae18-0267-427a-94c7-9b910f8dde45:192.168.5.176:32877, 39b1e362-24c6-40e1-a305-936b4ccaa1e0:192.168.5.176:36883, f20020a9-6aa7-48f1-914d-cfe5895fa638:192.168.5.176:38642], old=null
2019-08-29 23:06:17,852 [701eae18-0267-427a-94c7-9b910f8dde45:group-1E9D348BFB63:LeaderElection72] INFO  impl.LeaderElection (LeaderElection.java:logAndReturn(56)) - 701eae18-0267-427a-94c7-9b910f8dde45:group-1E9D348BFB63:LeaderElection72: Election PASSED; received 2 response(s) [701eae18-0267-427a-94c7-9b910f8dde45<-39b1e362-24c6-40e1-a305-936b4ccaa1e0#0:OK-t2, 701eae18-0267-427a-94c7-9b910f8dde45<-f20020a9-6aa7-48f1-914d-cfe5895fa638#0:FAIL-t2] and 0 exception(s); 701eae18-0267-427a-94c7-9b910f8dde45:t2, leader=null, voted=701eae18-0267-427a-94c7-9b910f8dde45, raftlog=701eae18-0267-427a-94c7-9b910f8dde45-SegmentedRaftLog:OPENED:c-1,f-1,i0, conf=-1: [701eae18-0267-427a-94c7-9b910f8dde45:192.168.5.176:32877, 39b1e362-24c6-40e1-a305-936b4ccaa1e0:192.168.5.176:36883, f20020a9-6aa7-48f1-914d-cfe5895fa638:192.168.5.176:38642], old=null
2019-08-29 23:06:17,853 [f20020a9-6aa7-48f1-914d-cfe5895fa638:group-1E9D348BFB63:LeaderElection73] INFO  impl.RaftServerImpl (RaftServerImpl.java:setRole(171)) - f20020a9-6aa7-48f1-914d-cfe5895fa638:group-1E9D348BFB63 changes role from CANDIDATE to FOLLOWER at term 2 for DISCOVERED_A_NEW_TERM
2019-08-29 23:06:17,853 [701eae18-0267-427a-94c7-9b910f8dde45:group-1E9D348BFB63:LeaderElection72] INFO  impl.RoleInfo (RoleInfo.java:shutdownLeaderElection(134)) - 701eae18-0267-427a-94c7-9b910f8dde45: shutdown LeaderElection
2019-08-29 23:06:17,853 [f20020a9-6aa7-48f1-914d-cfe5895fa638:group-1E9D348BFB63:LeaderElection73] INFO  impl.RoleInfo (RoleInfo.java:shutdownLeaderElection(134)) - f20020a9-6aa7-48f1-914d-cfe5895fa638: shutdown LeaderElection
2019-08-29 23:06:17,853 [701eae18-0267-427a-94c7-9b910f8dde45:group-1E9D348BFB63:LeaderElection72] INFO  impl.RaftServerImpl (RaftServerImpl.java:setRole(171)) - 701eae18-0267-427a-94c7-9b910f8dde45:group-1E9D348BFB63 changes role from CANDIDATE to LEADER at term 2 for changeToLeader
2019-08-29 23:06:17,853 [f20020a9-6aa7-48f1-914d-cfe5895fa638:group-1E9D348BFB63:LeaderElection73] INFO  impl.RoleInfo (RoleInfo.java:updateAndGet(143)) - f20020a9-6aa7-48f1-914d-cfe5895fa638: start FollowerState
2019-08-29 23:06:17,854 [701eae18-0267-427a-94c7-9b910f8dde45:group-1E9D348BFB63:LeaderElection72] INFO  impl.RaftServerImpl (ServerState.java:setLeader(263)) - 701eae18-0267-427a-94c7-9b910f8dde45:group-1E9D348BFB63 change Leader from null to 701eae18-0267-427a-94c7-9b910f8dde45 at term 2 for becomeLeader, leader elected after 10377ms
2019-08-29 23:06:17,854 [701eae18-0267-427a-94c7-9b910f8dde45:group-1E9D348BFB63:LeaderElection72] INFO  server.RaftServerConfigKeys (ConfUtils.java:logGet(43)) - raft.server.staging.catchup.gap = 1000 (default)
2019-08-29 23:06:17,854 [701eae18-0267-427a-94c7-9b910f8dde45:group-1E9D348BFB63:LeaderElection72] INFO  server.RaftServerConfigKeys (ConfUtils.java:logGet(43)) - raft.server.rpc.sleep.time = 25ms (default)
2019-08-29 23:06:17,854 [701eae18-0267-427a-94c7-9b910f8dde45:group-1E9D348BFB63:LeaderElection72] INFO  server.RaftServerConfigKeys (ConfUtils.java:logGet(43)) - raft.server.write.element-limit = 4096 (default)
2019-08-29 23:06:17,854 [701eae18-0267-427a-94c7-9b910f8dde45:group-1E9D348BFB63:LeaderElection72] INFO  server.RaftServerConfigKeys (ConfUtils.java:logGet(43)) - raft.server.watch.timeout = 10s (default)
2019-08-29 23:06:17,855 [701eae18-0267-427a-94c7-9b910f8dde45:group-1E9D348BFB63:LeaderElection72] INFO  server.RaftServerConfigKeys (ConfUtils.java:logGet(43)) - raft.server.watch.timeout.denomination = 1s (default)
2019-08-29 23:06:17,855 [701eae18-0267-427a-94c7-9b910f8dde45:group-1E9D348BFB63:LeaderElection72] INFO  server.RaftServerConfigKeys (ConfUtils.java:logGet(43)) - raft.server.watch.element-limit = 65536 (default)
2019-08-29 23:06:17,855 [701eae18-0267-427a-94c7-9b910f8dde45:group-1E9D348BFB63:LeaderElection72] INFO  server.RaftServerConfigKeys (ConfUtils.java:logGet(43)) - raft.server.log.appender.snapshot.chunk.size.max = 16MB (=16777216) (default)
2019-08-29 23:06:17,855 [701eae18-0267-427a-94c7-9b910f8dde45:group-1E9D348BFB63:LeaderElection72] INFO  server.RaftServerConfigKeys (ConfUtils.java:logGet(43)) - raft.server.log.appender.buffer.byte-limit = 33554432 (custom)
2019-08-29 23:06:17,855 [701eae18-0267-427a-94c7-9b910f8dde45:group-1E9D348BFB63:LeaderElection72] INFO  server.RaftServerConfigKeys (ConfUtils.java:logGet(43)) - raft.server.log.appender.buffer.element-limit = 1 (custom)
2019-08-29 23:06:17,856 [701eae18-0267-427a-94c7-9b910f8dde45:group-1E9D348BFB63:LeaderElection72] INFO  grpc.GrpcConfigKeys$Server (ConfUtils.java:logGet(43)) - raft.grpc.server.leader.outstanding.appends.max = 128 (default)
2019-08-29 23:06:17,856 [701eae18-0267-427a-94c7-9b910f8dde45:group-1E9D348BFB63:LeaderElection72] INFO  server.RaftServerConfigKeys (ConfUtils.java:logGet(43)) - raft.server.rpc.request.timeout = 3000ms (default)
2019-08-29 23:06:17,856 [701eae18-0267-427a-94c7-9b910f8dde45:group-1E9D348BFB63:LeaderElection72] INFO  server.RaftServerConfigKeys (ConfUtils.java:logGet(43)) - raft.server.log.appender.install.snapshot.enabled = false (custom)
2019-08-29 23:06:17,856 [701eae18-0267-427a-94c7-9b910f8dde45:group-1E9D348BFB63:LeaderElection72] INFO  server.RaftServerConfigKeys (ConfUtils.java:logGet(43)) - raft.server.log.appender.snapshot.chunk.size.max = 16MB (=16777216) (default)
2019-08-29 23:06:17,856 [701eae18-0267-427a-94c7-9b910f8dde45:group-1E9D348BFB63:LeaderElection72] INFO  server.RaftServerConfigKeys (ConfUtils.java:logGet(43)) - raft.server.log.appender.buffer.byte-limit = 33554432 (custom)
2019-08-29 23:06:17,857 [701eae18-0267-427a-94c7-9b910f8dde45:group-1E9D348BFB63:LeaderElection72] INFO  server.RaftServerConfigKeys (ConfUtils.java:logGet(43)) - raft.server.log.appender.buffer.element-limit = 1 (custom)
2019-08-29 23:06:17,857 [701eae18-0267-427a-94c7-9b910f8dde45:group-1E9D348BFB63:LeaderElection72] INFO  grpc.GrpcConfigKeys$Server (ConfUtils.java:logGet(43)) - raft.grpc.server.leader.outstanding.appends.max = 128 (default)
2019-08-29 23:06:17,857 [701eae18-0267-427a-94c7-9b910f8dde45:group-1E9D348BFB63:LeaderElection72] INFO  server.RaftServerConfigKeys (ConfUtils.java:logGet(43)) - raft.server.rpc.request.timeout = 3000ms (default)
2019-08-29 23:06:17,857 [701eae18-0267-427a-94c7-9b910f8dde45:group-1E9D348BFB63:LeaderElection72] INFO  server.RaftServerConfigKeys (ConfUtils.java:logGet(43)) - raft.server.log.appender.install.snapshot.enabled = false (custom)
2019-08-29 23:06:17,857 [701eae18-0267-427a-94c7-9b910f8dde45:group-1E9D348BFB63:LeaderElection72] INFO  impl.RoleInfo (RoleInfo.java:updateAndGet(143)) - 701eae18-0267-427a-94c7-9b910f8dde45: start LeaderState
2019-08-29 23:06:17,858 [701eae18-0267-427a-94c7-9b910f8dde45:group-1E9D348BFB63:LeaderElection72] INFO  segmented.SegmentedRaftLogWorker (SegmentedRaftLogWorker.java:startLogSegment(380)) - 701eae18-0267-427a-94c7-9b910f8dde45-SegmentedRaftLogWorker:Storage Directory /workdir/hadoop-ozone/integration-test/target/test-dir/MiniOzoneClusterImpl-fc4714e6-2d25-43ae-aa3c-bb84b829e8c3/datanode-6/data/ratis/3d0d883a-e2b6-4ab9-bf01-1e9d348bfb63: Starting segment from index:0
2019-08-29 23:06:17,859 [701eae18-0267-427a-94c7-9b910f8dde45:group-1E9D348BFB63:LeaderElection72] INFO  impl.RaftServerImpl (ServerState.java:setRaftConf(361)) - 701eae18-0267-427a-94c7-9b910f8dde45:group-1E9D348BFB63 set configuration 0: [701eae18-0267-427a-94c7-9b910f8dde45:192.168.5.176:32877, 39b1e362-24c6-40e1-a305-936b4ccaa1e0:192.168.5.176:36883, f20020a9-6aa7-48f1-914d-cfe5895fa638:192.168.5.176:38642], old=null at 0
2019-08-29 23:06:17,896 [main] INFO  ozoneimpl.OzoneContainer (OzoneContainer.java:stop(215)) - Attempting to stop container services.
2019-08-29 23:06:17,897 [main] INFO  impl.RaftServerProxy (RaftServerProxy.java:lambda$close$4(314)) - 69eced68-633e-4b51-8723-aa3cc7d01e54: close
2019-08-29 23:06:17,897 [grpc-default-executor-5] INFO  impl.RaftServerImpl (ServerState.java:setLeader(263)) - 39b1e362-24c6-40e1-a305-936b4ccaa1e0:group-1E9D348BFB63 change Leader from null to 701eae18-0267-427a-94c7-9b910f8dde45 at term 2 for appendEntries, leader elected after 10421ms
2019-08-29 23:06:17,898 [grpc-default-executor-7] INFO  impl.RaftServerImpl (ServerState.java:setLeader(263)) - f20020a9-6aa7-48f1-914d-cfe5895fa638:group-1E9D348BFB63 change Leader from null to 701eae18-0267-427a-94c7-9b910f8dde45 at term 2 for appendEntries, leader elected after 10421ms
2019-08-29 23:06:17,898 [main] INFO  impl.RaftServerImpl (RaftServerImpl.java:lambda$shutdown$3(245)) - 69eced68-633e-4b51-8723-aa3cc7d01e54: shutdown group-4BFF0E5C9C5A
2019-08-29 23:06:17,899 [main] INFO  util.JmxRegister (JmxRegister.java:unregister(73)) - Successfully un-registered JMX Bean with object name Ratis:service=RaftServer,group=group-4BFF0E5C9C5A,id=69eced68-633e-4b51-8723-aa3cc7d01e54
2019-08-29 23:06:17,900 [main] INFO  impl.RoleInfo (RoleInfo.java:shutdownLeaderState(104)) - 69eced68-633e-4b51-8723-aa3cc7d01e54: shutdown LeaderState
2019-08-29 23:06:17,900 [grpc-default-executor-7] INFO  impl.RaftServerImpl (ServerState.java:setRaftConf(361)) - 39b1e362-24c6-40e1-a305-936b4ccaa1e0:group-1E9D348BFB63 set configuration 0: [701eae18-0267-427a-94c7-9b910f8dde45:192.168.5.176:32877, 39b1e362-24c6-40e1-a305-936b4ccaa1e0:192.168.5.176:36883, f20020a9-6aa7-48f1-914d-cfe5895fa638:192.168.5.176:38642], old=null at 0
2019-08-29 23:06:17,900 [grpc-default-executor-5] INFO  impl.RaftServerImpl (ServerState.java:setRaftConf(361)) - f20020a9-6aa7-48f1-914d-cfe5895fa638:group-1E9D348BFB63 set configuration 0: [701eae18-0267-427a-94c7-9b910f8dde45:192.168.5.176:32877, 39b1e362-24c6-40e1-a305-936b4ccaa1e0:192.168.5.176:36883, f20020a9-6aa7-48f1-914d-cfe5895fa638:192.168.5.176:38642], old=null at 0
2019-08-29 23:06:17,900 [main] INFO  impl.PendingRequests (PendingRequests.java:sendNotLeaderResponses(202)) - 69eced68-633e-4b51-8723-aa3cc7d01e54-PendingRequests: sendNotLeaderResponses
2019-08-29 23:06:17,901 [grpc-default-executor-5] INFO  segmented.SegmentedRaftLogWorker (SegmentedRaftLogWorker.java:startLogSegment(380)) - f20020a9-6aa7-48f1-914d-cfe5895fa638-SegmentedRaftLogWorker:Storage Directory /workdir/hadoop-ozone/integration-test/target/test-dir/MiniOzoneClusterImpl-fc4714e6-2d25-43ae-aa3c-bb84b829e8c3/datanode-3/data/ratis/3d0d883a-e2b6-4ab9-bf01-1e9d348bfb63: Starting segment from index:0
2019-08-29 23:06:17,900 [grpc-default-executor-7] INFO  segmented.SegmentedRaftLogWorker (SegmentedRaftLogWorker.java:startLogSegment(380)) - 39b1e362-24c6-40e1-a305-936b4ccaa1e0-SegmentedRaftLogWorker:Storage Directory /workdir/hadoop-ozone/integration-test/target/test-dir/MiniOzoneClusterImpl-fc4714e6-2d25-43ae-aa3c-bb84b829e8c3/datanode-5/data/ratis/3d0d883a-e2b6-4ab9-bf01-1e9d348bfb63: Starting segment from index:0
2019-08-29 23:06:17,901 [main] INFO  impl.StateMachineUpdater (StateMachineUpdater.java:stopAndJoin(115)) - StateMachineUpdater:69eced68-633e-4b51-8723-aa3cc7d01e54:group-4BFF0E5C9C5A: set stopIndex = 0
2019-08-29 23:06:17,902 [main] INFO  impl.RaftServerImpl (ServerState.java:close(394)) - 69eced68-633e-4b51-8723-aa3cc7d01e54:group-4BFF0E5C9C5A closes. The last applied log index is 0
2019-08-29 23:06:17,903 [69eced68-633e-4b51-8723-aa3cc7d01e54-SegmentedRaftLogWorker:Storage Directory /workdir/hadoop-ozone/integration-test/target/test-dir/MiniOzoneClusterImpl-fc4714e6-2d25-43ae-aa3c-bb84b829e8c3/datanode-2/data/ratis/e6a95782-7c4f-4325-9991-4bff0e5c9c5a] INFO  segmented.SegmentedRaftLogWorker (SegmentedRaftLogWorker.java:run(313)) - 69eced68-633e-4b51-8723-aa3cc7d01e54-SegmentedRaftLogWorker:Storage Directory /workdir/hadoop-ozone/integration-test/target/test-dir/MiniOzoneClusterImpl-fc4714e6-2d25-43ae-aa3c-bb84b829e8c3/datanode-2/data/ratis/e6a95782-7c4f-4325-9991-4bff0e5c9c5a was interrupted, exiting. There are 0 tasks remaining in the queue.
2019-08-29 23:06:17,942 [701eae18-0267-427a-94c7-9b910f8dde45-SegmentedRaftLogWorker:Storage Directory /workdir/hadoop-ozone/integration-test/target/test-dir/MiniOzoneClusterImpl-fc4714e6-2d25-43ae-aa3c-bb84b829e8c3/datanode-6/data/ratis/3d0d883a-e2b6-4ab9-bf01-1e9d348bfb63] INFO  segmented.SegmentedRaftLogWorker (SegmentedRaftLogWorker.java:execute(569)) - 701eae18-0267-427a-94c7-9b910f8dde45-SegmentedRaftLogWorker:Storage Directory /workdir/hadoop-ozone/integration-test/target/test-dir/MiniOzoneClusterImpl-fc4714e6-2d25-43ae-aa3c-bb84b829e8c3/datanode-6/data/ratis/3d0d883a-e2b6-4ab9-bf01-1e9d348bfb63: created new log segment /workdir/hadoop-ozone/integration-test/target/test-dir/MiniOzoneClusterImpl-fc4714e6-2d25-43ae-aa3c-bb84b829e8c3/datanode-6/data/ratis/3d0d883a-e2b6-4ab9-bf01-1e9d348bfb63/current/log_inprogress_0
2019-08-29 23:06:17,942 [main] INFO  segmented.SegmentedRaftLogWorker (SegmentedRaftLogWorker.java:close(228)) - 69eced68-633e-4b51-8723-aa3cc7d01e54-SegmentedRaftLogWorker:Storage Directory /workdir/hadoop-ozone/integration-test/target/test-dir/MiniOzoneClusterImpl-fc4714e6-2d25-43ae-aa3c-bb84b829e8c3/datanode-2/data/ratis/e6a95782-7c4f-4325-9991-4bff0e5c9c5a close()
2019-08-29 23:06:17,947 [main] INFO  impl.RaftServerImpl (RaftServerImpl.java:lambda$shutdown$3(245)) - 69eced68-633e-4b51-8723-aa3cc7d01e54: shutdown group-B0DBF3A8E54A
2019-08-29 23:06:17,947 [main] INFO  util.JmxRegister (JmxRegister.java:unregister(73)) - Successfully un-registered JMX Bean with object name Ratis:service=RaftServer,group=group-B0DBF3A8E54A,id=69eced68-633e-4b51-8723-aa3cc7d01e54
2019-08-29 23:06:17,948 [main] INFO  impl.RoleInfo (RoleInfo.java:shutdownLeaderState(104)) - 69eced68-633e-4b51-8723-aa3cc7d01e54: shutdown LeaderState
2019-08-29 23:06:17,950 [org.apache.ratis.server.impl.LogAppender$AppenderDaemon$$Lambda$532/942354732@12270017] WARN  server.GrpcLogAppender (GrpcLogAppender.java:mayWait(143)) - GrpcLogAppender(69eced68-633e-4b51-8723-aa3cc7d01e54->a4665db9-b31b-4d0b-b60e-b10125f1dc2f): Wait interrupted by java.lang.InterruptedException
2019-08-29 23:06:17,953 [org.apache.ratis.server.impl.LogAppender$AppenderDaemon$$Lambda$532/942354732@57258c37] WARN  server.GrpcLogAppender (GrpcLogAppender.java:mayWait(143)) - GrpcLogAppender(69eced68-633e-4b51-8723-aa3cc7d01e54->eecc47d9-bcc9-4792-b0a1-bf4e20a348f5): Wait interrupted by java.lang.InterruptedException
2019-08-29 23:06:17,953 [main] INFO  impl.PendingRequests (PendingRequests.java:sendNotLeaderResponses(202)) - 69eced68-633e-4b51-8723-aa3cc7d01e54-PendingRequests: sendNotLeaderResponses
2019-08-29 23:06:17,953 [grpc-default-executor-7] INFO  server.GrpcServerProtocolService (GrpcServerProtocolService.java:onCompleted(104)) - a4665db9-b31b-4d0b-b60e-b10125f1dc2f: appendEntries completed
2019-08-29 23:06:17,953 [grpc-default-executor-5] INFO  server.GrpcServerProtocolService (GrpcServerProtocolService.java:onCompleted(104)) - eecc47d9-bcc9-4792-b0a1-bf4e20a348f5: appendEntries completed
2019-08-29 23:06:17,957 [StateMachineUpdater:69eced68-633e-4b51-8723-aa3cc7d01e54:group-B0DBF3A8E54A] INFO  ratis.ContainerStateMachine (ContainerStateMachine.java:takeSnapshot(284)) - group-B0DBF3A8E54A: Taking a snapshot at:(t:1, i:13) file /workdir/hadoop-ozone/integration-test/target/test-dir/MiniOzoneClusterImpl-fc4714e6-2d25-43ae-aa3c-bb84b829e8c3/datanode-2/data/ratis/0a82692b-c24a-439f-926f-b0dbf3a8e54a/sm/snapshot.1_13
2019-08-29 23:06:17,957 [f20020a9-6aa7-48f1-914d-cfe5895fa638-SegmentedRaftLogWorker:Storage Directory /workdir/hadoop-ozone/integration-test/target/test-dir/MiniOzoneClusterImpl-fc4714e6-2d25-43ae-aa3c-bb84b829e8c3/datanode-3/data/ratis/3d0d883a-e2b6-4ab9-bf01-1e9d348bfb63] INFO  segmented.SegmentedRaftLogWorker (SegmentedRaftLogWorker.java:execute(569)) - f20020a9-6aa7-48f1-914d-cfe5895fa638-SegmentedRaftLogWorker:Storage Directory /workdir/hadoop-ozone/integration-test/target/test-dir/MiniOzoneClusterImpl-fc4714e6-2d25-43ae-aa3c-bb84b829e8c3/datanode-3/data/ratis/3d0d883a-e2b6-4ab9-bf01-1e9d348bfb63: created new log segment /workdir/hadoop-ozone/integration-test/target/test-dir/MiniOzoneClusterImpl-fc4714e6-2d25-43ae-aa3c-bb84b829e8c3/datanode-3/data/ratis/3d0d883a-e2b6-4ab9-bf01-1e9d348bfb63/current/log_inprogress_0
2019-08-29 23:06:17,957 [39b1e362-24c6-40e1-a305-936b4ccaa1e0-SegmentedRaftLogWorker:Storage Directory /workdir/hadoop-ozone/integration-test/target/test-dir/MiniOzoneClusterImpl-fc4714e6-2d25-43ae-aa3c-bb84b829e8c3/datanode-5/data/ratis/3d0d883a-e2b6-4ab9-bf01-1e9d348bfb63] INFO  segmented.SegmentedRaftLogWorker (SegmentedRaftLogWorker.java:execute(569)) - 39b1e362-24c6-40e1-a305-936b4ccaa1e0-SegmentedRaftLogWorker:Storage Directory /workdir/hadoop-ozone/integration-test/target/test-dir/MiniOzoneClusterImpl-fc4714e6-2d25-43ae-aa3c-bb84b829e8c3/datanode-5/data/ratis/3d0d883a-e2b6-4ab9-bf01-1e9d348bfb63: created new log segment /workdir/hadoop-ozone/integration-test/target/test-dir/MiniOzoneClusterImpl-fc4714e6-2d25-43ae-aa3c-bb84b829e8c3/datanode-5/data/ratis/3d0d883a-e2b6-4ab9-bf01-1e9d348bfb63/current/log_inprogress_0
2019-08-29 23:06:17,957 [main] INFO  impl.StateMachineUpdater (StateMachineUpdater.java:stopAndJoin(115)) - StateMachineUpdater:69eced68-633e-4b51-8723-aa3cc7d01e54:group-B0DBF3A8E54A: set stopIndex = 15
2019-08-29 23:06:17,958 [grpc-default-executor-7] INFO  server.GrpcLogAppender (GrpcLogAppender.java:onCompleted(292)) - 69eced68-633e-4b51-8723-aa3cc7d01e54->a4665db9-b31b-4d0b-b60e-b10125f1dc2f: follower responses appendEntries COMPLETED
2019-08-29 23:06:17,958 [grpc-default-executor-5] INFO  server.GrpcLogAppender (GrpcLogAppender.java:onCompleted(292)) - 69eced68-633e-4b51-8723-aa3cc7d01e54->eecc47d9-bcc9-4792-b0a1-bf4e20a348f5: follower responses appendEntries COMPLETED
2019-08-29 23:06:17,958 [grpc-default-executor-7] INFO  impl.FollowerInfo (FollowerInfo.java:lambda$new$0(50)) - 69eced68-633e-4b51-8723-aa3cc7d01e54->a4665db9-b31b-4d0b-b60e-b10125f1dc2f: nextIndex: updateUnconditionally 16 -> 15
2019-08-29 23:06:17,958 [grpc-default-executor-5] INFO  impl.FollowerInfo (FollowerInfo.java:lambda$new$0(50)) - 69eced68-633e-4b51-8723-aa3cc7d01e54->eecc47d9-bcc9-4792-b0a1-bf4e20a348f5: nextIndex: updateUnconditionally 16 -> 15
2019-08-29 23:06:17,971 [StateMachineUpdater:69eced68-633e-4b51-8723-aa3cc7d01e54:group-B0DBF3A8E54A] INFO  ratis.ContainerStateMachine (ContainerStateMachine.java:takeSnapshot(295)) - group-B0DBF3A8E54A: Finished taking a snapshot at:(t:1, i:13) file:/workdir/hadoop-ozone/integration-test/target/test-dir/MiniOzoneClusterImpl-fc4714e6-2d25-43ae-aa3c-bb84b829e8c3/datanode-2/data/ratis/0a82692b-c24a-439f-926f-b0dbf3a8e54a/sm/snapshot.1_13 time:13
2019-08-29 23:06:17,971 [StateMachineUpdater:69eced68-633e-4b51-8723-aa3cc7d01e54:group-B0DBF3A8E54A] INFO  impl.StateMachineUpdater (StateMachineUpdater.java:takeSnapshot(242)) - StateMachineUpdater:69eced68-633e-4b51-8723-aa3cc7d01e54:group-B0DBF3A8E54A: Took a snapshot at index 13
2019-08-29 23:06:17,971 [StateMachineUpdater:69eced68-633e-4b51-8723-aa3cc7d01e54:group-B0DBF3A8E54A] INFO  impl.StateMachineUpdater (StateMachineUpdater.java:lambda$new$0(80)) - StateMachineUpdater:69eced68-633e-4b51-8723-aa3cc7d01e54:group-B0DBF3A8E54A: snapshotIndex: updateIncreasingly -1 -> 13
2019-08-29 23:06:17,971 [main] INFO  impl.RaftServerImpl (ServerState.java:close(394)) - 69eced68-633e-4b51-8723-aa3cc7d01e54:group-B0DBF3A8E54A closes. The last applied log index is 15
2019-08-29 23:06:17,971 [69eced68-633e-4b51-8723-aa3cc7d01e54-SegmentedRaftLogWorker:Storage Directory /workdir/hadoop-ozone/integration-test/target/test-dir/MiniOzoneClusterImpl-fc4714e6-2d25-43ae-aa3c-bb84b829e8c3/datanode-2/data/ratis/0a82692b-c24a-439f-926f-b0dbf3a8e54a] INFO  segmented.SegmentedRaftLogWorker (SegmentedRaftLogWorker.java:run(313)) - 69eced68-633e-4b51-8723-aa3cc7d01e54-SegmentedRaftLogWorker:Storage Directory /workdir/hadoop-ozone/integration-test/target/test-dir/MiniOzoneClusterImpl-fc4714e6-2d25-43ae-aa3c-bb84b829e8c3/datanode-2/data/ratis/0a82692b-c24a-439f-926f-b0dbf3a8e54a was interrupted, exiting. There are 0 tasks remaining in the queue.
2019-08-29 23:06:17,973 [main] INFO  segmented.SegmentedRaftLogWorker (SegmentedRaftLogWorker.java:close(228)) - 69eced68-633e-4b51-8723-aa3cc7d01e54-SegmentedRaftLogWorker:Storage Directory /workdir/hadoop-ozone/integration-test/target/test-dir/MiniOzoneClusterImpl-fc4714e6-2d25-43ae-aa3c-bb84b829e8c3/datanode-2/data/ratis/0a82692b-c24a-439f-926f-b0dbf3a8e54a close()
2019-08-29 23:06:17,977 [main] INFO  server.GrpcService (GrpcService.java:closeImpl(155)) - 69eced68-633e-4b51-8723-aa3cc7d01e54: shutdown server with port 41028 now
2019-08-29 23:06:17,978 [grpc-default-executor-7] WARN  client.GrpcClientProtocolService (LogUtils.java:warn(134)) - 3-UnorderedRequestStreamObserver3: onError: org.apache.ratis.thirdparty.io.grpc.StatusRuntimeException: CANCELLED: cancelled before receiving half close
2019-08-29 23:06:17,978 [main] INFO  server.GrpcService (GrpcService.java:closeImpl(163)) - 69eced68-633e-4b51-8723-aa3cc7d01e54: shutdown server with port 41028 successfully
2019-08-29 23:06:17,979 [refreshUsed-/workdir/hadoop-ozone/integration-test/target/test-dir/MiniOzoneClusterImpl-fc4714e6-2d25-43ae-aa3c-bb84b829e8c3/datanode-2/data/containers] WARN  fs.CachingGetSpaceUsed (CachingGetSpaceUsed.java:run(183)) - Thread Interrupted waiting to refresh disk information: sleep interrupted
2019-08-29 23:06:17,994 [main] INFO  utils.BackgroundService (BackgroundService.java:shutdown(148)) - Shutting down service BlockDeletingService
2019-08-29 23:06:17,999 [main] INFO  statemachine.DatanodeStateMachine (DatanodeStateMachine.java:stopDaemon(395)) - Ozone container server stopped.
2019-08-29 23:06:18,000 [main] INFO  handler.ContextHandler (ContextHandler.java:doStop(910)) - Stopped o.e.j.w.WebAppContext@37e7c4cc{/,null,UNAVAILABLE}{/hddsDatanode}
2019-08-29 23:06:18,001 [main] INFO  server.AbstractConnector (AbstractConnector.java:doStop(318)) - Stopped ServerConnector@3a40bb52{HTTP/1.1,[http/1.1]}{0.0.0.0:0}
2019-08-29 23:06:18,001 [main] INFO  handler.ContextHandler (ContextHandler.java:doStop(910)) - Stopped o.e.j.s.ServletContextHandler@2aea717c{/static,jar:file:/home/user/.m2/repository/org/apache/hadoop/hadoop-hdds-container-service/0.5.0-SNAPSHOT/hadoop-hdds-container-service-0.5.0-SNAPSHOT.jar!/webapps/static,UNAVAILABLE}
2019-08-29 23:06:18,001 [main] INFO  handler.ContextHandler (ContextHandler.java:doStop(910)) - Stopped o.e.j.s.ServletContextHandler@224d86d2{/logs,file:///workdir/hadoop-ozone/integration-test/target/log,UNAVAILABLE}
2019-08-29 23:06:18,159 | INFO  | SCMAudit | user=jenkins1000 | ip=192.168.5.176 | op=SEND_HEARTBEAT {datanodeUUID=f20020a9-6aa7-48f1-914d-cfe5895fa638, command=[]} | ret=SUCCESS |  
2019-08-29 23:06:18,240 | INFO  | SCMAudit | user=jenkins1000 | ip=192.168.5.176 | op=SEND_HEARTBEAT {datanodeUUID=36a44bf1-0214-4ae3-b56c-359c5b44ef6b, command=[]} | ret=SUCCESS |  
2019-08-29 23:06:18,327 | INFO  | SCMAudit | user=jenkins1000 | ip=192.168.5.176 | op=SEND_HEARTBEAT {datanodeUUID=39b1e362-24c6-40e1-a305-936b4ccaa1e0, command=[]} | ret=SUCCESS |  
2019-08-29 23:06:18,387 | INFO  | SCMAudit | user=jenkins1000 | ip=192.168.5.176 | op=SEND_HEARTBEAT {datanodeUUID=701eae18-0267-427a-94c7-9b910f8dde45, command=[]} | ret=SUCCESS |  
2019-08-29 23:06:18,684 | INFO  | SCMAudit | user=jenkins1000 | ip=192.168.5.176 | op=SEND_HEARTBEAT {datanodeUUID=a4665db9-b31b-4d0b-b60e-b10125f1dc2f, command=[commandType: closeContainerCommand closeContainerCommandProto { containerID: 1 pipelineID { id: "0a82692b-c24a-439f-926f-b0dbf3a8e54a" } cmdId: 1 force: false } ]} | ret=SUCCESS |  
2019-08-29 23:06:18,684 | INFO  | SCMAudit | user=jenkins1000 | ip=192.168.5.176 | op=SEND_HEARTBEAT {datanodeUUID=eecc47d9-bcc9-4792-b0a1-bf4e20a348f5, command=[commandType: closeContainerCommand closeContainerCommandProto { containerID: 1 pipelineID { id: "0a82692b-c24a-439f-926f-b0dbf3a8e54a" } cmdId: 1 force: false } ]} | ret=SUCCESS |  
2019-08-29 23:06:19,159 | INFO  | SCMAudit | user=jenkins1000 | ip=192.168.5.176 | op=SEND_HEARTBEAT {datanodeUUID=f20020a9-6aa7-48f1-914d-cfe5895fa638, command=[]} | ret=SUCCESS |  
2019-08-29 23:06:19,240 | INFO  | SCMAudit | user=jenkins1000 | ip=192.168.5.176 | op=SEND_HEARTBEAT {datanodeUUID=36a44bf1-0214-4ae3-b56c-359c5b44ef6b, command=[]} | ret=SUCCESS |  
2019-08-29 23:06:19,327 | INFO  | SCMAudit | user=jenkins1000 | ip=192.168.5.176 | op=SEND_HEARTBEAT {datanodeUUID=39b1e362-24c6-40e1-a305-936b4ccaa1e0, command=[]} | ret=SUCCESS |  
2019-08-29 23:06:19,387 | INFO  | SCMAudit | user=jenkins1000 | ip=192.168.5.176 | op=SEND_HEARTBEAT {datanodeUUID=701eae18-0267-427a-94c7-9b910f8dde45, command=[]} | ret=SUCCESS |  
2019-08-29 23:06:19,684 | INFO  | SCMAudit | user=jenkins1000 | ip=192.168.5.176 | op=SEND_HEARTBEAT {datanodeUUID=a4665db9-b31b-4d0b-b60e-b10125f1dc2f, command=[]} | ret=SUCCESS |  
2019-08-29 23:06:19,684 | INFO  | SCMAudit | user=jenkins1000 | ip=192.168.5.176 | op=SEND_HEARTBEAT {datanodeUUID=eecc47d9-bcc9-4792-b0a1-bf4e20a348f5, command=[]} | ret=SUCCESS |  
2019-08-29 23:06:19,700 | INFO  | SCMAudit | user=jenkins1000 | ip=192.168.5.176 | op=SEND_HEARTBEAT {datanodeUUID=eecc47d9-bcc9-4792-b0a1-bf4e20a348f5, command=[]} | ret=SUCCESS |  
2019-08-29 23:06:19,700 | INFO  | SCMAudit | user=jenkins1000 | ip=192.168.5.176 | op=SEND_HEARTBEAT {datanodeUUID=a4665db9-b31b-4d0b-b60e-b10125f1dc2f, command=[]} | ret=SUCCESS |  
2019-08-29 23:06:20,014 [grpc-default-executor-7] INFO  client.GrpcClientProtocolClient (GrpcClientProtocolClient.java:onNext(255)) - client-232B716717A1->eecc47d9-bcc9-4792-b0a1-bf4e20a348f5: receive RaftClientReply:client-232B716717A1->eecc47d9-bcc9-4792-b0a1-bf4e20a348f5@group-B0DBF3A8E54A, cid=184, FAILED org.apache.ratis.protocol.NotLeaderException: Server eecc47d9-bcc9-4792-b0a1-bf4e20a348f5 is not the leader (69eced68-633e-4b51-8723-aa3cc7d01e54:192.168.5.176:41028). Request must be sent to leader., logIndex=0, commits[eecc47d9-bcc9-4792-b0a1-bf4e20a348f5:c15, a4665db9-b31b-4d0b-b60e-b10125f1dc2f:c15, 69eced68-633e-4b51-8723-aa3cc7d01e54:c15]
2019-08-29 23:06:20,159 | INFO  | SCMAudit | user=jenkins1000 | ip=192.168.5.176 | op=SEND_HEARTBEAT {datanodeUUID=f20020a9-6aa7-48f1-914d-cfe5895fa638, command=[]} | ret=SUCCESS |  
2019-08-29 23:06:20,241 | INFO  | SCMAudit | user=jenkins1000 | ip=192.168.5.176 | op=SEND_HEARTBEAT {datanodeUUID=36a44bf1-0214-4ae3-b56c-359c5b44ef6b, command=[]} | ret=SUCCESS |  
2019-08-29 23:06:20,327 | INFO  | SCMAudit | user=jenkins1000 | ip=192.168.5.176 | op=SEND_HEARTBEAT {datanodeUUID=39b1e362-24c6-40e1-a305-936b4ccaa1e0, command=[]} | ret=SUCCESS |  
2019-08-29 23:06:20,387 | INFO  | SCMAudit | user=jenkins1000 | ip=192.168.5.176 | op=SEND_HEARTBEAT {datanodeUUID=701eae18-0267-427a-94c7-9b910f8dde45, command=[]} | ret=SUCCESS |  
2019-08-29 23:06:20,700 | INFO  | SCMAudit | user=jenkins1000 | ip=192.168.5.176 | op=SEND_HEARTBEAT {datanodeUUID=eecc47d9-bcc9-4792-b0a1-bf4e20a348f5, command=[]} | ret=SUCCESS |  
2019-08-29 23:06:20,700 | INFO  | SCMAudit | user=jenkins1000 | ip=192.168.5.176 | op=SEND_HEARTBEAT {datanodeUUID=a4665db9-b31b-4d0b-b60e-b10125f1dc2f, command=[]} | ret=SUCCESS |  
2019-08-29 23:06:21,027 [grpc-default-executor-4] INFO  client.GrpcClientProtocolClient (GrpcClientProtocolClient.java:onNext(255)) - client-232B716717A1->eecc47d9-bcc9-4792-b0a1-bf4e20a348f5: receive RaftClientReply:client-232B716717A1->eecc47d9-bcc9-4792-b0a1-bf4e20a348f5@group-B0DBF3A8E54A, cid=184, FAILED org.apache.ratis.protocol.NotLeaderException: Server eecc47d9-bcc9-4792-b0a1-bf4e20a348f5 is not the leader (69eced68-633e-4b51-8723-aa3cc7d01e54:192.168.5.176:41028). Request must be sent to leader., logIndex=0, commits[eecc47d9-bcc9-4792-b0a1-bf4e20a348f5:c15, a4665db9-b31b-4d0b-b60e-b10125f1dc2f:c15, 69eced68-633e-4b51-8723-aa3cc7d01e54:c15]
2019-08-29 23:06:21,159 | INFO  | SCMAudit | user=jenkins1000 | ip=192.168.5.176 | op=SEND_HEARTBEAT {datanodeUUID=f20020a9-6aa7-48f1-914d-cfe5895fa638, command=[]} | ret=SUCCESS |  
2019-08-29 23:06:21,241 | INFO  | SCMAudit | user=jenkins1000 | ip=192.168.5.176 | op=SEND_HEARTBEAT {datanodeUUID=36a44bf1-0214-4ae3-b56c-359c5b44ef6b, command=[]} | ret=SUCCESS |  
2019-08-29 23:06:21,327 | INFO  | SCMAudit | user=jenkins1000 | ip=192.168.5.176 | op=SEND_HEARTBEAT {datanodeUUID=39b1e362-24c6-40e1-a305-936b4ccaa1e0, command=[]} | ret=SUCCESS |  
2019-08-29 23:06:21,387 | INFO  | SCMAudit | user=jenkins1000 | ip=192.168.5.176 | op=SEND_HEARTBEAT {datanodeUUID=701eae18-0267-427a-94c7-9b910f8dde45, command=[]} | ret=SUCCESS |  
2019-08-29 23:06:21,700 | INFO  | SCMAudit | user=jenkins1000 | ip=192.168.5.176 | op=SEND_HEARTBEAT {datanodeUUID=eecc47d9-bcc9-4792-b0a1-bf4e20a348f5, command=[]} | ret=SUCCESS |  
2019-08-29 23:06:21,700 | INFO  | SCMAudit | user=jenkins1000 | ip=192.168.5.176 | op=SEND_HEARTBEAT {datanodeUUID=a4665db9-b31b-4d0b-b60e-b10125f1dc2f, command=[]} | ret=SUCCESS |  
2019-08-29 23:06:22,038 [grpc-default-executor-7] INFO  client.GrpcClientProtocolClient (GrpcClientProtocolClient.java:onNext(255)) - client-232B716717A1->eecc47d9-bcc9-4792-b0a1-bf4e20a348f5: receive RaftClientReply:client-232B716717A1->eecc47d9-bcc9-4792-b0a1-bf4e20a348f5@group-B0DBF3A8E54A, cid=184, FAILED org.apache.ratis.protocol.NotLeaderException: Server eecc47d9-bcc9-4792-b0a1-bf4e20a348f5 is not the leader (69eced68-633e-4b51-8723-aa3cc7d01e54:192.168.5.176:41028). Request must be sent to leader., logIndex=0, commits[eecc47d9-bcc9-4792-b0a1-bf4e20a348f5:c15, a4665db9-b31b-4d0b-b60e-b10125f1dc2f:c15, 69eced68-633e-4b51-8723-aa3cc7d01e54:c15]
2019-08-29 23:06:22,159 | INFO  | SCMAudit | user=jenkins1000 | ip=192.168.5.176 | op=SEND_HEARTBEAT {datanodeUUID=f20020a9-6aa7-48f1-914d-cfe5895fa638, command=[]} | ret=SUCCESS |  
2019-08-29 23:06:22,241 | INFO  | SCMAudit | user=jenkins1000 | ip=192.168.5.176 | op=SEND_HEARTBEAT {datanodeUUID=36a44bf1-0214-4ae3-b56c-359c5b44ef6b, command=[]} | ret=SUCCESS |  
2019-08-29 23:06:22,327 | INFO  | SCMAudit | user=jenkins1000 | ip=192.168.5.176 | op=SEND_HEARTBEAT {datanodeUUID=39b1e362-24c6-40e1-a305-936b4ccaa1e0, command=[]} | ret=SUCCESS |  
2019-08-29 23:06:22,387 | INFO  | SCMAudit | user=jenkins1000 | ip=192.168.5.176 | op=SEND_HEARTBEAT {datanodeUUID=701eae18-0267-427a-94c7-9b910f8dde45, command=[]} | ret=SUCCESS |  
2019-08-29 23:06:22,700 | INFO  | SCMAudit | user=jenkins1000 | ip=192.168.5.176 | op=SEND_HEARTBEAT {datanodeUUID=eecc47d9-bcc9-4792-b0a1-bf4e20a348f5, command=[]} | ret=SUCCESS |  
2019-08-29 23:06:22,700 | INFO  | SCMAudit | user=jenkins1000 | ip=192.168.5.176 | op=SEND_HEARTBEAT {datanodeUUID=a4665db9-b31b-4d0b-b60e-b10125f1dc2f, command=[]} | ret=SUCCESS |  
2019-08-29 23:06:23,051 [grpc-default-executor-4] INFO  client.GrpcClientProtocolClient (GrpcClientProtocolClient.java:onNext(255)) - client-232B716717A1->eecc47d9-bcc9-4792-b0a1-bf4e20a348f5: receive RaftClientReply:client-232B716717A1->eecc47d9-bcc9-4792-b0a1-bf4e20a348f5@group-B0DBF3A8E54A, cid=184, FAILED org.apache.ratis.protocol.NotLeaderException: Server eecc47d9-bcc9-4792-b0a1-bf4e20a348f5 is not the leader (69eced68-633e-4b51-8723-aa3cc7d01e54:192.168.5.176:41028). Request must be sent to leader., logIndex=0, commits[eecc47d9-bcc9-4792-b0a1-bf4e20a348f5:c15, a4665db9-b31b-4d0b-b60e-b10125f1dc2f:c15, 69eced68-633e-4b51-8723-aa3cc7d01e54:c15]
2019-08-29 23:06:23,159 | INFO  | SCMAudit | user=jenkins1000 | ip=192.168.5.176 | op=SEND_HEARTBEAT {datanodeUUID=f20020a9-6aa7-48f1-914d-cfe5895fa638, command=[]} | ret=SUCCESS |  
2019-08-29 23:06:23,241 | INFO  | SCMAudit | user=jenkins1000 | ip=192.168.5.176 | op=SEND_HEARTBEAT {datanodeUUID=36a44bf1-0214-4ae3-b56c-359c5b44ef6b, command=[]} | ret=SUCCESS |  
2019-08-29 23:06:23,327 | INFO  | SCMAudit | user=jenkins1000 | ip=192.168.5.176 | op=SEND_HEARTBEAT {datanodeUUID=39b1e362-24c6-40e1-a305-936b4ccaa1e0, command=[]} | ret=SUCCESS |  
2019-08-29 23:06:23,387 | INFO  | SCMAudit | user=jenkins1000 | ip=192.168.5.176 | op=SEND_HEARTBEAT {datanodeUUID=701eae18-0267-427a-94c7-9b910f8dde45, command=[]} | ret=SUCCESS |  
2019-08-29 23:06:23,700 | INFO  | SCMAudit | user=jenkins1000 | ip=192.168.5.176 | op=SEND_HEARTBEAT {datanodeUUID=eecc47d9-bcc9-4792-b0a1-bf4e20a348f5, command=[]} | ret=SUCCESS |  
2019-08-29 23:06:23,700 | INFO  | SCMAudit | user=jenkins1000 | ip=192.168.5.176 | op=SEND_HEARTBEAT {datanodeUUID=a4665db9-b31b-4d0b-b60e-b10125f1dc2f, command=[]} | ret=SUCCESS |  
2019-08-29 23:06:24,063 [grpc-default-executor-7] INFO  client.GrpcClientProtocolClient (GrpcClientProtocolClient.java:onNext(255)) - client-232B716717A1->eecc47d9-bcc9-4792-b0a1-bf4e20a348f5: receive RaftClientReply:client-232B716717A1->eecc47d9-bcc9-4792-b0a1-bf4e20a348f5@group-B0DBF3A8E54A, cid=184, FAILED org.apache.ratis.protocol.NotLeaderException: Server eecc47d9-bcc9-4792-b0a1-bf4e20a348f5 is not the leader (69eced68-633e-4b51-8723-aa3cc7d01e54:192.168.5.176:41028). Request must be sent to leader., logIndex=0, commits[eecc47d9-bcc9-4792-b0a1-bf4e20a348f5:c15, a4665db9-b31b-4d0b-b60e-b10125f1dc2f:c15, 69eced68-633e-4b51-8723-aa3cc7d01e54:c15]
2019-08-29 23:06:24,159 | INFO  | SCMAudit | user=jenkins1000 | ip=192.168.5.176 | op=SEND_HEARTBEAT {datanodeUUID=f20020a9-6aa7-48f1-914d-cfe5895fa638, command=[]} | ret=SUCCESS |  
2019-08-29 23:06:24,241 | INFO  | SCMAudit | user=jenkins1000 | ip=192.168.5.176 | op=SEND_HEARTBEAT {datanodeUUID=36a44bf1-0214-4ae3-b56c-359c5b44ef6b, command=[]} | ret=SUCCESS |  
2019-08-29 23:06:24,327 | INFO  | SCMAudit | user=jenkins1000 | ip=192.168.5.176 | op=SEND_HEARTBEAT {datanodeUUID=39b1e362-24c6-40e1-a305-936b4ccaa1e0, command=[]} | ret=SUCCESS |  
2019-08-29 23:06:24,387 | INFO  | SCMAudit | user=jenkins1000 | ip=192.168.5.176 | op=SEND_HEARTBEAT {datanodeUUID=701eae18-0267-427a-94c7-9b910f8dde45, command=[]} | ret=SUCCESS |  
2019-08-29 23:06:24,700 | INFO  | SCMAudit | user=jenkins1000 | ip=192.168.5.176 | op=SEND_HEARTBEAT {datanodeUUID=eecc47d9-bcc9-4792-b0a1-bf4e20a348f5, command=[]} | ret=SUCCESS |  
2019-08-29 23:06:24,700 | INFO  | SCMAudit | user=jenkins1000 | ip=192.168.5.176 | op=SEND_HEARTBEAT {datanodeUUID=a4665db9-b31b-4d0b-b60e-b10125f1dc2f, command=[]} | ret=SUCCESS |  
2019-08-29 23:06:25,077 [grpc-default-executor-5] INFO  client.GrpcClientProtocolClient (GrpcClientProtocolClient.java:onNext(255)) - client-232B716717A1->eecc47d9-bcc9-4792-b0a1-bf4e20a348f5: receive RaftClientReply:client-232B716717A1->eecc47d9-bcc9-4792-b0a1-bf4e20a348f5@group-B0DBF3A8E54A, cid=184, FAILED org.apache.ratis.protocol.NotLeaderException: Server eecc47d9-bcc9-4792-b0a1-bf4e20a348f5 is not the leader (69eced68-633e-4b51-8723-aa3cc7d01e54:192.168.5.176:41028). Request must be sent to leader., logIndex=0, commits[eecc47d9-bcc9-4792-b0a1-bf4e20a348f5:c15, a4665db9-b31b-4d0b-b60e-b10125f1dc2f:c15, 69eced68-633e-4b51-8723-aa3cc7d01e54:c15]
2019-08-29 23:06:25,159 | INFO  | SCMAudit | user=jenkins1000 | ip=192.168.5.176 | op=SEND_HEARTBEAT {datanodeUUID=f20020a9-6aa7-48f1-914d-cfe5895fa638, command=[]} | ret=SUCCESS |  
2019-08-29 23:06:25,241 | INFO  | SCMAudit | user=jenkins1000 | ip=192.168.5.176 | op=SEND_HEARTBEAT {datanodeUUID=36a44bf1-0214-4ae3-b56c-359c5b44ef6b, command=[]} | ret=SUCCESS |  
2019-08-29 23:06:25,327 | INFO  | SCMAudit | user=jenkins1000 | ip=192.168.5.176 | op=SEND_HEARTBEAT {datanodeUUID=39b1e362-24c6-40e1-a305-936b4ccaa1e0, command=[]} | ret=SUCCESS |  
2019-08-29 23:06:25,387 | INFO  | SCMAudit | user=jenkins1000 | ip=192.168.5.176 | op=SEND_HEARTBEAT {datanodeUUID=701eae18-0267-427a-94c7-9b910f8dde45, command=[]} | ret=SUCCESS |  
2019-08-29 23:06:25,700 | INFO  | SCMAudit | user=jenkins1000 | ip=192.168.5.176 | op=SEND_HEARTBEAT {datanodeUUID=eecc47d9-bcc9-4792-b0a1-bf4e20a348f5, command=[]} | ret=SUCCESS |  
2019-08-29 23:06:25,700 | INFO  | SCMAudit | user=jenkins1000 | ip=192.168.5.176 | op=SEND_HEARTBEAT {datanodeUUID=a4665db9-b31b-4d0b-b60e-b10125f1dc2f, command=[]} | ret=SUCCESS |  
2019-08-29 23:06:26,089 [grpc-default-executor-4] INFO  client.GrpcClientProtocolClient (GrpcClientProtocolClient.java:onNext(255)) - client-232B716717A1->a4665db9-b31b-4d0b-b60e-b10125f1dc2f: receive RaftClientReply:client-232B716717A1->a4665db9-b31b-4d0b-b60e-b10125f1dc2f@group-B0DBF3A8E54A, cid=184, FAILED org.apache.ratis.protocol.NotLeaderException: Server a4665db9-b31b-4d0b-b60e-b10125f1dc2f is not the leader (69eced68-633e-4b51-8723-aa3cc7d01e54:192.168.5.176:41028). Request must be sent to leader., logIndex=0, commits[a4665db9-b31b-4d0b-b60e-b10125f1dc2f:c15, eecc47d9-bcc9-4792-b0a1-bf4e20a348f5:c15, 69eced68-633e-4b51-8723-aa3cc7d01e54:c15]
2019-08-29 23:06:26,159 | INFO  | SCMAudit | user=jenkins1000 | ip=192.168.5.176 | op=SEND_HEARTBEAT {datanodeUUID=f20020a9-6aa7-48f1-914d-cfe5895fa638, command=[]} | ret=SUCCESS |  
2019-08-29 23:06:26,241 | INFO  | SCMAudit | user=jenkins1000 | ip=192.168.5.176 | op=SEND_HEARTBEAT {datanodeUUID=36a44bf1-0214-4ae3-b56c-359c5b44ef6b, command=[]} | ret=SUCCESS |  
2019-08-29 23:06:26,327 | INFO  | SCMAudit | user=jenkins1000 | ip=192.168.5.176 | op=SEND_HEARTBEAT {datanodeUUID=39b1e362-24c6-40e1-a305-936b4ccaa1e0, command=[]} | ret=SUCCESS |  
2019-08-29 23:06:26,387 | INFO  | SCMAudit | user=jenkins1000 | ip=192.168.5.176 | op=SEND_HEARTBEAT {datanodeUUID=701eae18-0267-427a-94c7-9b910f8dde45, command=[]} | ret=SUCCESS |  
2019-08-29 23:06:26,700 | INFO  | SCMAudit | user=jenkins1000 | ip=192.168.5.176 | op=SEND_HEARTBEAT {datanodeUUID=a4665db9-b31b-4d0b-b60e-b10125f1dc2f, command=[]} | ret=SUCCESS |  
2019-08-29 23:06:26,700 | INFO  | SCMAudit | user=jenkins1000 | ip=192.168.5.176 | op=SEND_HEARTBEAT {datanodeUUID=eecc47d9-bcc9-4792-b0a1-bf4e20a348f5, command=[]} | ret=SUCCESS |  
2019-08-29 23:06:27,113 [grpc-default-executor-4] INFO  client.GrpcClientProtocolClient (GrpcClientProtocolClient.java:onNext(255)) - client-232B716717A1->a4665db9-b31b-4d0b-b60e-b10125f1dc2f: receive RaftClientReply:client-232B716717A1->a4665db9-b31b-4d0b-b60e-b10125f1dc2f@group-B0DBF3A8E54A, cid=184, FAILED org.apache.ratis.protocol.NotLeaderException: Server a4665db9-b31b-4d0b-b60e-b10125f1dc2f is not the leader (69eced68-633e-4b51-8723-aa3cc7d01e54:192.168.5.176:41028). Request must be sent to leader., logIndex=0, commits[a4665db9-b31b-4d0b-b60e-b10125f1dc2f:c15, eecc47d9-bcc9-4792-b0a1-bf4e20a348f5:c15, 69eced68-633e-4b51-8723-aa3cc7d01e54:c15]
2019-08-29 23:06:27,161 | INFO  | SCMAudit | user=jenkins1000 | ip=192.168.5.176 | op=SEND_HEARTBEAT {datanodeUUID=f20020a9-6aa7-48f1-914d-cfe5895fa638, command=[]} | ret=SUCCESS |  
2019-08-29 23:06:27,241 | INFO  | SCMAudit | user=jenkins1000 | ip=192.168.5.176 | op=SEND_HEARTBEAT {datanodeUUID=36a44bf1-0214-4ae3-b56c-359c5b44ef6b, command=[]} | ret=SUCCESS |  
2019-08-29 23:06:27,329 | INFO  | SCMAudit | user=jenkins1000 | ip=192.168.5.176 | op=SEND_HEARTBEAT {datanodeUUID=39b1e362-24c6-40e1-a305-936b4ccaa1e0, command=[]} | ret=SUCCESS |  
2019-08-29 23:06:27,387 | INFO  | SCMAudit | user=jenkins1000 | ip=192.168.5.176 | op=SEND_HEARTBEAT {datanodeUUID=701eae18-0267-427a-94c7-9b910f8dde45, command=[]} | ret=SUCCESS |  
2019-08-29 23:06:27,494 [Thread-3354] INFO  impl.FollowerState (FollowerState.java:run(106)) - eecc47d9-bcc9-4792-b0a1-bf4e20a348f5:group-B0DBF3A8E54A changes to CANDIDATE, lastRpcTime:9596, electionTimeout:5135ms
2019-08-29 23:06:27,494 [Thread-3354] INFO  impl.RoleInfo (RoleInfo.java:shutdownFollowerState(121)) - eecc47d9-bcc9-4792-b0a1-bf4e20a348f5: shutdown FollowerState
2019-08-29 23:06:27,494 [Thread-3354] INFO  impl.RaftServerImpl (RaftServerImpl.java:setRole(171)) - eecc47d9-bcc9-4792-b0a1-bf4e20a348f5:group-B0DBF3A8E54A changes role from FOLLOWER to CANDIDATE at term 1 for changeToCandidate
2019-08-29 23:06:27,494 [Thread-3354] INFO  impl.RoleInfo (RoleInfo.java:updateAndGet(143)) - eecc47d9-bcc9-4792-b0a1-bf4e20a348f5: start LeaderElection
2019-08-29 23:06:27,498 [eecc47d9-bcc9-4792-b0a1-bf4e20a348f5:group-B0DBF3A8E54A:LeaderElection74] INFO  impl.RaftServerImpl (ServerState.java:setLeader(263)) - eecc47d9-bcc9-4792-b0a1-bf4e20a348f5:group-B0DBF3A8E54A change Leader from 69eced68-633e-4b51-8723-aa3cc7d01e54 to null at term 1 for initElection
2019-08-29 23:06:27,512 [eecc47d9-bcc9-4792-b0a1-bf4e20a348f5:group-B0DBF3A8E54A:LeaderElection74] INFO  impl.LeaderElection (LeaderElection.java:askForVotes(181)) - eecc47d9-bcc9-4792-b0a1-bf4e20a348f5:group-B0DBF3A8E54A:LeaderElection74: begin an election at term 2 for 0: [a4665db9-b31b-4d0b-b60e-b10125f1dc2f:192.168.5.176:39139, eecc47d9-bcc9-4792-b0a1-bf4e20a348f5:192.168.5.176:39768, 69eced68-633e-4b51-8723-aa3cc7d01e54:192.168.5.176:41028], old=null
2019-08-29 23:06:27,515 [eecc47d9-bcc9-4792-b0a1-bf4e20a348f5:group-B0DBF3A8E54A:LeaderElection74] INFO  impl.LeaderElection (LogUtils.java:infoOrTrace(149)) - eecc47d9-bcc9-4792-b0a1-bf4e20a348f5:group-B0DBF3A8E54A:LeaderElection74 got exception when requesting votes: {}
java.util.concurrent.ExecutionException: org.apache.ratis.thirdparty.io.grpc.StatusRuntimeException: UNAVAILABLE: io exception
	at java.util.concurrent.FutureTask.report(FutureTask.java:122)
	at java.util.concurrent.FutureTask.get(FutureTask.java:192)
	at org.apache.ratis.server.impl.LeaderElection.waitForResults(LeaderElection.java:262)
	at org.apache.ratis.server.impl.LeaderElection.askForVotes(LeaderElection.java:200)
	at org.apache.ratis.server.impl.LeaderElection.run(LeaderElection.java:130)
	at java.lang.Thread.run(Thread.java:748)
Caused by: org.apache.ratis.thirdparty.io.grpc.StatusRuntimeException: UNAVAILABLE: io exception
	at org.apache.ratis.thirdparty.io.grpc.stub.ClientCalls.toStatusRuntimeException(ClientCalls.java:233)
	at org.apache.ratis.thirdparty.io.grpc.stub.ClientCalls.getUnchecked(ClientCalls.java:214)
	at org.apache.ratis.thirdparty.io.grpc.stub.ClientCalls.blockingUnaryCall(ClientCalls.java:139)
	at org.apache.ratis.proto.grpc.RaftServerProtocolServiceGrpc$RaftServerProtocolServiceBlockingStub.requestVote(RaftServerProtocolServiceGrpc.java:265)
	at org.apache.ratis.grpc.server.GrpcServerProtocolClient.requestVote(GrpcServerProtocolClient.java:83)
	at org.apache.ratis.grpc.server.GrpcService.requestVote(GrpcService.java:195)
	at org.apache.ratis.server.impl.LeaderElection.lambda$submitRequests$1(LeaderElection.java:237)
	at java.util.concurrent.FutureTask.run(FutureTask.java:266)
	at java.util.concurrent.Executors$RunnableAdapter.call(Executors.java:511)
	at java.util.concurrent.FutureTask.run(FutureTask.java:266)
	at java.util.concurrent.ThreadPoolExecutor.runWorker(ThreadPoolExecutor.java:1149)
	at java.util.concurrent.ThreadPoolExecutor$Worker.run(ThreadPoolExecutor.java:624)
	... 1 more
Caused by: org.apache.ratis.thirdparty.io.netty.channel.AbstractChannel$AnnotatedConnectException: Connection refused: /192.168.5.176:41028
	at sun.nio.ch.SocketChannelImpl.checkConnect(Native Method)
	at sun.nio.ch.SocketChannelImpl.finishConnect(SocketChannelImpl.java:717)
	at org.apache.ratis.thirdparty.io.netty.channel.socket.nio.NioSocketChannel.doFinishConnect(NioSocketChannel.java:327)
	at org.apache.ratis.thirdparty.io.netty.channel.nio.AbstractNioChannel$AbstractNioUnsafe.finishConnect(AbstractNioChannel.java:340)
	at org.apache.ratis.thirdparty.io.netty.channel.nio.NioEventLoop.processSelectedKey(NioEventLoop.java:632)
	at org.apache.ratis.thirdparty.io.netty.channel.nio.NioEventLoop.processSelectedKeysOptimized(NioEventLoop.java:579)
	at org.apache.ratis.thirdparty.io.netty.channel.nio.NioEventLoop.processSelectedKeys(NioEventLoop.java:496)
	at org.apache.ratis.thirdparty.io.netty.channel.nio.NioEventLoop.run(NioEventLoop.java:458)
	at org.apache.ratis.thirdparty.io.netty.util.concurrent.SingleThreadEventExecutor$5.run(SingleThreadEventExecutor.java:897)
	at org.apache.ratis.thirdparty.io.netty.util.concurrent.FastThreadLocalRunnable.run(FastThreadLocalRunnable.java:30)
	... 1 more
Caused by: java.net.ConnectException: Connection refused
	... 11 more
2019-08-29 23:06:27,542 [grpc-default-executor-7] INFO  impl.RaftServerImpl (ServerState.java:setLeader(263)) - a4665db9-b31b-4d0b-b60e-b10125f1dc2f:group-B0DBF3A8E54A change Leader from 69eced68-633e-4b51-8723-aa3cc7d01e54 to null at term 2 for updateCurrentTerm
2019-08-29 23:06:27,543 [grpc-default-executor-7] INFO  impl.RaftServerImpl (RaftServerImpl.java:setRole(171)) - a4665db9-b31b-4d0b-b60e-b10125f1dc2f:group-B0DBF3A8E54A changes role from FOLLOWER to FOLLOWER at term 2 for recognizeCandidate:eecc47d9-bcc9-4792-b0a1-bf4e20a348f5
2019-08-29 23:06:27,543 [grpc-default-executor-7] INFO  impl.RoleInfo (RoleInfo.java:shutdownFollowerState(121)) - a4665db9-b31b-4d0b-b60e-b10125f1dc2f: shutdown FollowerState
2019-08-29 23:06:27,544 [grpc-default-executor-7] INFO  impl.RoleInfo (RoleInfo.java:updateAndGet(143)) - a4665db9-b31b-4d0b-b60e-b10125f1dc2f: start FollowerState
2019-08-29 23:06:27,544 [Thread-3353] INFO  impl.FollowerState (FollowerState.java:run(114)) - a4665db9-b31b-4d0b-b60e-b10125f1dc2f: FollowerState was interrupted: java.lang.InterruptedException: sleep interrupted
2019-08-29 23:06:27,560 [eecc47d9-bcc9-4792-b0a1-bf4e20a348f5:group-B0DBF3A8E54A:LeaderElection74] INFO  impl.LeaderElection (LeaderElection.java:logAndReturn(56)) - eecc47d9-bcc9-4792-b0a1-bf4e20a348f5:group-B0DBF3A8E54A:LeaderElection74: Election PASSED; received 1 response(s) [eecc47d9-bcc9-4792-b0a1-bf4e20a348f5<-a4665db9-b31b-4d0b-b60e-b10125f1dc2f#0:OK-t2] and 1 exception(s); eecc47d9-bcc9-4792-b0a1-bf4e20a348f5:t2, leader=null, voted=eecc47d9-bcc9-4792-b0a1-bf4e20a348f5, raftlog=eecc47d9-bcc9-4792-b0a1-bf4e20a348f5-SegmentedRaftLog:OPENED:c15,f15,i15, conf=0: [a4665db9-b31b-4d0b-b60e-b10125f1dc2f:192.168.5.176:39139, eecc47d9-bcc9-4792-b0a1-bf4e20a348f5:192.168.5.176:39768, 69eced68-633e-4b51-8723-aa3cc7d01e54:192.168.5.176:41028], old=null
2019-08-29 23:06:27,561 [eecc47d9-bcc9-4792-b0a1-bf4e20a348f5:group-B0DBF3A8E54A:LeaderElection74] INFO  impl.LeaderElection (LogUtils.java:infoOrTrace(149)) -   Exception 0: {}
java.util.concurrent.ExecutionException: org.apache.ratis.thirdparty.io.grpc.StatusRuntimeException: UNAVAILABLE: io exception
	at java.util.concurrent.FutureTask.report(FutureTask.java:122)
	at java.util.concurrent.FutureTask.get(FutureTask.java:192)
	at org.apache.ratis.server.impl.LeaderElection.waitForResults(LeaderElection.java:262)
	at org.apache.ratis.server.impl.LeaderElection.askForVotes(LeaderElection.java:200)
	at org.apache.ratis.server.impl.LeaderElection.run(LeaderElection.java:130)
	at java.lang.Thread.run(Thread.java:748)
Caused by: org.apache.ratis.thirdparty.io.grpc.StatusRuntimeException: UNAVAILABLE: io exception
	at org.apache.ratis.thirdparty.io.grpc.stub.ClientCalls.toStatusRuntimeException(ClientCalls.java:233)
	at org.apache.ratis.thirdparty.io.grpc.stub.ClientCalls.getUnchecked(ClientCalls.java:214)
	at org.apache.ratis.thirdparty.io.grpc.stub.ClientCalls.blockingUnaryCall(ClientCalls.java:139)
	at org.apache.ratis.proto.grpc.RaftServerProtocolServiceGrpc$RaftServerProtocolServiceBlockingStub.requestVote(RaftServerProtocolServiceGrpc.java:265)
	at org.apache.ratis.grpc.server.GrpcServerProtocolClient.requestVote(GrpcServerProtocolClient.java:83)
	at org.apache.ratis.grpc.server.GrpcService.requestVote(GrpcService.java:195)
	at org.apache.ratis.server.impl.LeaderElection.lambda$submitRequests$1(LeaderElection.java:237)
	at java.util.concurrent.FutureTask.run(FutureTask.java:266)
	at java.util.concurrent.Executors$RunnableAdapter.call(Executors.java:511)
	at java.util.concurrent.FutureTask.run(FutureTask.java:266)
	at java.util.concurrent.ThreadPoolExecutor.runWorker(ThreadPoolExecutor.java:1149)
	at java.util.concurrent.ThreadPoolExecutor$Worker.run(ThreadPoolExecutor.java:624)
	... 1 more
Caused by: org.apache.ratis.thirdparty.io.netty.channel.AbstractChannel$AnnotatedConnectException: Connection refused: /192.168.5.176:41028
	at sun.nio.ch.SocketChannelImpl.checkConnect(Native Method)
	at sun.nio.ch.SocketChannelImpl.finishConnect(SocketChannelImpl.java:717)
	at org.apache.ratis.thirdparty.io.netty.channel.socket.nio.NioSocketChannel.doFinishConnect(NioSocketChannel.java:327)
	at org.apache.ratis.thirdparty.io.netty.channel.nio.AbstractNioChannel$AbstractNioUnsafe.finishConnect(AbstractNioChannel.java:340)
	at org.apache.ratis.thirdparty.io.netty.channel.nio.NioEventLoop.processSelectedKey(NioEventLoop.java:632)
	at org.apache.ratis.thirdparty.io.netty.channel.nio.NioEventLoop.processSelectedKeysOptimized(NioEventLoop.java:579)
	at org.apache.ratis.thirdparty.io.netty.channel.nio.NioEventLoop.processSelectedKeys(NioEventLoop.java:496)
	at org.apache.ratis.thirdparty.io.netty.channel.nio.NioEventLoop.run(NioEventLoop.java:458)
	at org.apache.ratis.thirdparty.io.netty.util.concurrent.SingleThreadEventExecutor$5.run(SingleThreadEventExecutor.java:897)
	at org.apache.ratis.thirdparty.io.netty.util.concurrent.FastThreadLocalRunnable.run(FastThreadLocalRunnable.java:30)
	... 1 more
Caused by: java.net.ConnectException: Connection refused
	... 11 more
2019-08-29 23:06:27,561 [eecc47d9-bcc9-4792-b0a1-bf4e20a348f5:group-B0DBF3A8E54A:LeaderElection74] INFO  impl.RoleInfo (RoleInfo.java:shutdownLeaderElection(134)) - eecc47d9-bcc9-4792-b0a1-bf4e20a348f5: shutdown LeaderElection
2019-08-29 23:06:27,561 [eecc47d9-bcc9-4792-b0a1-bf4e20a348f5:group-B0DBF3A8E54A:LeaderElection74] INFO  impl.RaftServerImpl (RaftServerImpl.java:setRole(171)) - eecc47d9-bcc9-4792-b0a1-bf4e20a348f5:group-B0DBF3A8E54A changes role from CANDIDATE to LEADER at term 2 for changeToLeader
2019-08-29 23:06:27,561 [eecc47d9-bcc9-4792-b0a1-bf4e20a348f5:group-B0DBF3A8E54A:LeaderElection74] INFO  impl.RaftServerImpl (ServerState.java:setLeader(263)) - eecc47d9-bcc9-4792-b0a1-bf4e20a348f5:group-B0DBF3A8E54A change Leader from null to eecc47d9-bcc9-4792-b0a1-bf4e20a348f5 at term 2 for becomeLeader, leader elected after 62ms
2019-08-29 23:06:27,561 [eecc47d9-bcc9-4792-b0a1-bf4e20a348f5:group-B0DBF3A8E54A:LeaderElection74] INFO  server.RaftServerConfigKeys (ConfUtils.java:logGet(43)) - raft.server.staging.catchup.gap = 1000 (default)
2019-08-29 23:06:27,562 [eecc47d9-bcc9-4792-b0a1-bf4e20a348f5:group-B0DBF3A8E54A:LeaderElection74] INFO  server.RaftServerConfigKeys (ConfUtils.java:logGet(43)) - raft.server.rpc.sleep.time = 25ms (default)
2019-08-29 23:06:27,562 [eecc47d9-bcc9-4792-b0a1-bf4e20a348f5:group-B0DBF3A8E54A:LeaderElection74] INFO  server.RaftServerConfigKeys (ConfUtils.java:logGet(43)) - raft.server.write.element-limit = 4096 (default)
2019-08-29 23:06:27,562 [eecc47d9-bcc9-4792-b0a1-bf4e20a348f5:group-B0DBF3A8E54A:LeaderElection74] INFO  server.RaftServerConfigKeys (ConfUtils.java:logGet(43)) - raft.server.watch.timeout = 10s (default)
2019-08-29 23:06:27,562 [eecc47d9-bcc9-4792-b0a1-bf4e20a348f5:group-B0DBF3A8E54A:LeaderElection74] INFO  server.RaftServerConfigKeys (ConfUtils.java:logGet(43)) - raft.server.watch.timeout.denomination = 1s (default)
2019-08-29 23:06:27,562 [eecc47d9-bcc9-4792-b0a1-bf4e20a348f5:group-B0DBF3A8E54A:LeaderElection74] INFO  server.RaftServerConfigKeys (ConfUtils.java:logGet(43)) - raft.server.watch.element-limit = 65536 (default)
2019-08-29 23:06:27,563 [eecc47d9-bcc9-4792-b0a1-bf4e20a348f5:group-B0DBF3A8E54A:LeaderElection74] INFO  server.RaftServerConfigKeys (ConfUtils.java:logGet(43)) - raft.server.log.appender.snapshot.chunk.size.max = 16MB (=16777216) (default)
2019-08-29 23:06:27,563 [eecc47d9-bcc9-4792-b0a1-bf4e20a348f5:group-B0DBF3A8E54A:LeaderElection74] INFO  server.RaftServerConfigKeys (ConfUtils.java:logGet(43)) - raft.server.log.appender.buffer.byte-limit = 33554432 (custom)
2019-08-29 23:06:27,563 [eecc47d9-bcc9-4792-b0a1-bf4e20a348f5:group-B0DBF3A8E54A:LeaderElection74] INFO  server.RaftServerConfigKeys (ConfUtils.java:logGet(43)) - raft.server.log.appender.buffer.element-limit = 1 (custom)
2019-08-29 23:06:27,563 [eecc47d9-bcc9-4792-b0a1-bf4e20a348f5:group-B0DBF3A8E54A:LeaderElection74] INFO  grpc.GrpcConfigKeys$Server (ConfUtils.java:logGet(43)) - raft.grpc.server.leader.outstanding.appends.max = 128 (default)
2019-08-29 23:06:27,564 [eecc47d9-bcc9-4792-b0a1-bf4e20a348f5:group-B0DBF3A8E54A:LeaderElection74] INFO  server.RaftServerConfigKeys (ConfUtils.java:logGet(43)) - raft.server.rpc.request.timeout = 3000ms (default)
2019-08-29 23:06:27,564 [eecc47d9-bcc9-4792-b0a1-bf4e20a348f5:group-B0DBF3A8E54A:LeaderElection74] INFO  server.RaftServerConfigKeys (ConfUtils.java:logGet(43)) - raft.server.log.appender.install.snapshot.enabled = false (custom)
2019-08-29 23:06:27,564 [eecc47d9-bcc9-4792-b0a1-bf4e20a348f5:group-B0DBF3A8E54A:LeaderElection74] INFO  server.RaftServerConfigKeys (ConfUtils.java:logGet(43)) - raft.server.log.appender.snapshot.chunk.size.max = 16MB (=16777216) (default)
2019-08-29 23:06:27,564 [eecc47d9-bcc9-4792-b0a1-bf4e20a348f5:group-B0DBF3A8E54A:LeaderElection74] INFO  server.RaftServerConfigKeys (ConfUtils.java:logGet(43)) - raft.server.log.appender.buffer.byte-limit = 33554432 (custom)
2019-08-29 23:06:27,564 [eecc47d9-bcc9-4792-b0a1-bf4e20a348f5:group-B0DBF3A8E54A:LeaderElection74] INFO  server.RaftServerConfigKeys (ConfUtils.java:logGet(43)) - raft.server.log.appender.buffer.element-limit = 1 (custom)
2019-08-29 23:06:27,565 [eecc47d9-bcc9-4792-b0a1-bf4e20a348f5:group-B0DBF3A8E54A:LeaderElection74] INFO  grpc.GrpcConfigKeys$Server (ConfUtils.java:logGet(43)) - raft.grpc.server.leader.outstanding.appends.max = 128 (default)
2019-08-29 23:06:27,565 [eecc47d9-bcc9-4792-b0a1-bf4e20a348f5:group-B0DBF3A8E54A:LeaderElection74] INFO  server.RaftServerConfigKeys (ConfUtils.java:logGet(43)) - raft.server.rpc.request.timeout = 3000ms (default)
2019-08-29 23:06:27,565 [eecc47d9-bcc9-4792-b0a1-bf4e20a348f5:group-B0DBF3A8E54A:LeaderElection74] INFO  server.RaftServerConfigKeys (ConfUtils.java:logGet(43)) - raft.server.log.appender.install.snapshot.enabled = false (custom)
2019-08-29 23:06:27,565 [eecc47d9-bcc9-4792-b0a1-bf4e20a348f5:group-B0DBF3A8E54A:LeaderElection74] INFO  impl.RoleInfo (RoleInfo.java:updateAndGet(143)) - eecc47d9-bcc9-4792-b0a1-bf4e20a348f5: start LeaderState
2019-08-29 23:06:27,566 [eecc47d9-bcc9-4792-b0a1-bf4e20a348f5:group-B0DBF3A8E54A:LeaderElection74] INFO  segmented.SegmentedRaftLogWorker (SegmentedRaftLogWorker.java:rollLogSegment(385)) - eecc47d9-bcc9-4792-b0a1-bf4e20a348f5-SegmentedRaftLogWorker:Storage Directory /workdir/hadoop-ozone/integration-test/target/test-dir/MiniOzoneClusterImpl-fc4714e6-2d25-43ae-aa3c-bb84b829e8c3/datanode-0/data/ratis/0a82692b-c24a-439f-926f-b0dbf3a8e54a: Rolling segment log-0_15 to index:15
2019-08-29 23:06:27,570 [eecc47d9-bcc9-4792-b0a1-bf4e20a348f5:group-B0DBF3A8E54A:LeaderElection74] INFO  impl.RaftServerImpl (ServerState.java:setRaftConf(361)) - eecc47d9-bcc9-4792-b0a1-bf4e20a348f5:group-B0DBF3A8E54A set configuration 16: [a4665db9-b31b-4d0b-b60e-b10125f1dc2f:192.168.5.176:39139, eecc47d9-bcc9-4792-b0a1-bf4e20a348f5:192.168.5.176:39768, 69eced68-633e-4b51-8723-aa3cc7d01e54:192.168.5.176:41028], old=null at 16
2019-08-29 23:06:27,571 [grpc-default-executor-7] WARN  server.GrpcLogAppender (LogUtils.java:warn(134)) - eecc47d9-bcc9-4792-b0a1-bf4e20a348f5->69eced68-633e-4b51-8723-aa3cc7d01e54: Failed appendEntries: org.apache.ratis.thirdparty.io.grpc.StatusRuntimeException: UNAVAILABLE: io exception
2019-08-29 23:06:27,571 [grpc-default-executor-7] INFO  impl.FollowerInfo (FollowerInfo.java:lambda$new$0(50)) - eecc47d9-bcc9-4792-b0a1-bf4e20a348f5->69eced68-633e-4b51-8723-aa3cc7d01e54: nextIndex: updateUnconditionally 16 -> 1
2019-08-29 23:06:27,572 [grpc-default-executor-4] INFO  impl.RaftServerImpl (ServerState.java:setLeader(263)) - a4665db9-b31b-4d0b-b60e-b10125f1dc2f:group-B0DBF3A8E54A change Leader from null to eecc47d9-bcc9-4792-b0a1-bf4e20a348f5 at term 2 for appendEntries, leader elected after 35ms
2019-08-29 23:06:27,572 [eecc47d9-bcc9-4792-b0a1-bf4e20a348f5-SegmentedRaftLogWorker:Storage Directory /workdir/hadoop-ozone/integration-test/target/test-dir/MiniOzoneClusterImpl-fc4714e6-2d25-43ae-aa3c-bb84b829e8c3/datanode-0/data/ratis/0a82692b-c24a-439f-926f-b0dbf3a8e54a] INFO  segmented.SegmentedRaftLogWorker (SegmentedRaftLogWorker.java:execute(526)) - eecc47d9-bcc9-4792-b0a1-bf4e20a348f5-SegmentedRaftLogWorker:Storage Directory /workdir/hadoop-ozone/integration-test/target/test-dir/MiniOzoneClusterImpl-fc4714e6-2d25-43ae-aa3c-bb84b829e8c3/datanode-0/data/ratis/0a82692b-c24a-439f-926f-b0dbf3a8e54a: Rolled log segment from /workdir/hadoop-ozone/integration-test/target/test-dir/MiniOzoneClusterImpl-fc4714e6-2d25-43ae-aa3c-bb84b829e8c3/datanode-0/data/ratis/0a82692b-c24a-439f-926f-b0dbf3a8e54a/current/log_inprogress_0 to /workdir/hadoop-ozone/integration-test/target/test-dir/MiniOzoneClusterImpl-fc4714e6-2d25-43ae-aa3c-bb84b829e8c3/datanode-0/data/ratis/0a82692b-c24a-439f-926f-b0dbf3a8e54a/current/log_0-15
2019-08-29 23:06:27,574 [grpc-default-executor-4] INFO  impl.RaftServerImpl (ServerState.java:setRaftConf(361)) - a4665db9-b31b-4d0b-b60e-b10125f1dc2f:group-B0DBF3A8E54A set configuration 16: [a4665db9-b31b-4d0b-b60e-b10125f1dc2f:192.168.5.176:39139, eecc47d9-bcc9-4792-b0a1-bf4e20a348f5:192.168.5.176:39768, 69eced68-633e-4b51-8723-aa3cc7d01e54:192.168.5.176:41028], old=null at 16
2019-08-29 23:06:27,575 [grpc-default-executor-4] INFO  segmented.SegmentedRaftLogWorker (SegmentedRaftLogWorker.java:rollLogSegment(385)) - a4665db9-b31b-4d0b-b60e-b10125f1dc2f-SegmentedRaftLogWorker:Storage Directory /workdir/hadoop-ozone/integration-test/target/test-dir/MiniOzoneClusterImpl-fc4714e6-2d25-43ae-aa3c-bb84b829e8c3/datanode-1/data/ratis/0a82692b-c24a-439f-926f-b0dbf3a8e54a: Rolling segment log-0_15 to index:15
2019-08-29 23:06:27,575 [a4665db9-b31b-4d0b-b60e-b10125f1dc2f-SegmentedRaftLogWorker:Storage Directory /workdir/hadoop-ozone/integration-test/target/test-dir/MiniOzoneClusterImpl-fc4714e6-2d25-43ae-aa3c-bb84b829e8c3/datanode-1/data/ratis/0a82692b-c24a-439f-926f-b0dbf3a8e54a] INFO  segmented.SegmentedRaftLogWorker (SegmentedRaftLogWorker.java:execute(526)) - a4665db9-b31b-4d0b-b60e-b10125f1dc2f-SegmentedRaftLogWorker:Storage Directory /workdir/hadoop-ozone/integration-test/target/test-dir/MiniOzoneClusterImpl-fc4714e6-2d25-43ae-aa3c-bb84b829e8c3/datanode-1/data/ratis/0a82692b-c24a-439f-926f-b0dbf3a8e54a: Rolled log segment from /workdir/hadoop-ozone/integration-test/target/test-dir/MiniOzoneClusterImpl-fc4714e6-2d25-43ae-aa3c-bb84b829e8c3/datanode-1/data/ratis/0a82692b-c24a-439f-926f-b0dbf3a8e54a/current/log_inprogress_0 to /workdir/hadoop-ozone/integration-test/target/test-dir/MiniOzoneClusterImpl-fc4714e6-2d25-43ae-aa3c-bb84b829e8c3/datanode-1/data/ratis/0a82692b-c24a-439f-926f-b0dbf3a8e54a/current/log_0-15
2019-08-29 23:06:27,625 [a4665db9-b31b-4d0b-b60e-b10125f1dc2f-SegmentedRaftLogWorker:Storage Directory /workdir/hadoop-ozone/integration-test/target/test-dir/MiniOzoneClusterImpl-fc4714e6-2d25-43ae-aa3c-bb84b829e8c3/datanode-1/data/ratis/0a82692b-c24a-439f-926f-b0dbf3a8e54a] INFO  segmented.SegmentedRaftLogWorker (SegmentedRaftLogWorker.java:execute(569)) - a4665db9-b31b-4d0b-b60e-b10125f1dc2f-SegmentedRaftLogWorker:Storage Directory /workdir/hadoop-ozone/integration-test/target/test-dir/MiniOzoneClusterImpl-fc4714e6-2d25-43ae-aa3c-bb84b829e8c3/datanode-1/data/ratis/0a82692b-c24a-439f-926f-b0dbf3a8e54a: created new log segment /workdir/hadoop-ozone/integration-test/target/test-dir/MiniOzoneClusterImpl-fc4714e6-2d25-43ae-aa3c-bb84b829e8c3/datanode-1/data/ratis/0a82692b-c24a-439f-926f-b0dbf3a8e54a/current/log_inprogress_16
2019-08-29 23:06:27,625 [eecc47d9-bcc9-4792-b0a1-bf4e20a348f5-SegmentedRaftLogWorker:Storage Directory /workdir/hadoop-ozone/integration-test/target/test-dir/MiniOzoneClusterImpl-fc4714e6-2d25-43ae-aa3c-bb84b829e8c3/datanode-0/data/ratis/0a82692b-c24a-439f-926f-b0dbf3a8e54a] INFO  segmented.SegmentedRaftLogWorker (SegmentedRaftLogWorker.java:execute(569)) - eecc47d9-bcc9-4792-b0a1-bf4e20a348f5-SegmentedRaftLogWorker:Storage Directory /workdir/hadoop-ozone/integration-test/target/test-dir/MiniOzoneClusterImpl-fc4714e6-2d25-43ae-aa3c-bb84b829e8c3/datanode-0/data/ratis/0a82692b-c24a-439f-926f-b0dbf3a8e54a: created new log segment /workdir/hadoop-ozone/integration-test/target/test-dir/MiniOzoneClusterImpl-fc4714e6-2d25-43ae-aa3c-bb84b829e8c3/datanode-0/data/ratis/0a82692b-c24a-439f-926f-b0dbf3a8e54a/current/log_inprogress_16
2019-08-29 23:06:27,642 | INFO  | DNAudit | user=null | ip=null | op=READ_CHUNK {blockData=conID: 1 locID: 102702774251683854 bcsId: 0} | ret=SUCCESS |  
2019-08-29 23:06:27,645 [grpc-default-executor-4] WARN  server.GrpcLogAppender (LogUtils.java:warn(134)) - eecc47d9-bcc9-4792-b0a1-bf4e20a348f5->69eced68-633e-4b51-8723-aa3cc7d01e54: Failed appendEntries: org.apache.ratis.thirdparty.io.grpc.StatusRuntimeException: UNAVAILABLE: io exception
2019-08-29 23:06:27,645 [grpc-default-executor-4] INFO  impl.FollowerInfo (FollowerInfo.java:lambda$new$0(50)) - eecc47d9-bcc9-4792-b0a1-bf4e20a348f5->69eced68-633e-4b51-8723-aa3cc7d01e54: nextIndex: updateUnconditionally 2 -> 1
2019-08-29 23:06:27,654 [grpc-default-executor-5] WARN  server.GrpcLogAppender (LogUtils.java:warn(134)) - eecc47d9-bcc9-4792-b0a1-bf4e20a348f5->69eced68-633e-4b51-8723-aa3cc7d01e54: Failed appendEntries: org.apache.ratis.thirdparty.io.grpc.StatusRuntimeException: UNAVAILABLE: io exception
2019-08-29 23:06:27,654 [grpc-default-executor-5] INFO  impl.FollowerInfo (FollowerInfo.java:lambda$new$0(50)) - eecc47d9-bcc9-4792-b0a1-bf4e20a348f5->69eced68-633e-4b51-8723-aa3cc7d01e54: nextIndex: updateUnconditionally 2 -> 1
2019-08-29 23:06:27,700 | INFO  | SCMAudit | user=jenkins1000 | ip=192.168.5.176 | op=SEND_HEARTBEAT {datanodeUUID=a4665db9-b31b-4d0b-b60e-b10125f1dc2f, command=[]} | ret=SUCCESS |  
2019-08-29 23:06:27,700 | INFO  | SCMAudit | user=jenkins1000 | ip=192.168.5.176 | op=SEND_HEARTBEAT {datanodeUUID=eecc47d9-bcc9-4792-b0a1-bf4e20a348f5, command=[]} | ret=SUCCESS |  
2019-08-29 23:06:28,123 | ERROR | DNAudit | user=null | ip=null | op=WRITE_CHUNK {blockData=conID: 1 locID: 102702774251683854 bcsId: 13} | ret=FAILURE | org.apache.hadoop.hdds.scm.container.common.helpers.ContainerNotOpenException: Container 1 in CLOSING state
	at org.apache.hadoop.ozone.container.common.impl.HddsDispatcher.validateContainerCommand(HddsDispatcher.java:408)
	at org.apache.hadoop.ozone.container.common.transport.server.ratis.ContainerStateMachine.startTransaction(ContainerStateMachine.java:310) 
2019-08-29 23:06:28,138 [grpc-default-executor-7] INFO  client.GrpcClientProtocolClient (GrpcClientProtocolClient.java:onNext(255)) - client-232B716717A1->eecc47d9-bcc9-4792-b0a1-bf4e20a348f5: receive RaftClientReply:client-232B716717A1->eecc47d9-bcc9-4792-b0a1-bf4e20a348f5@group-B0DBF3A8E54A, cid=184, FAILED org.apache.ratis.protocol.StateMachineException: org.apache.hadoop.hdds.scm.container.common.helpers.ContainerNotOpenException from Server eecc47d9-bcc9-4792-b0a1-bf4e20a348f5: Container 1 in CLOSING state, logIndex=0, commits[eecc47d9-bcc9-4792-b0a1-bf4e20a348f5:c17, a4665db9-b31b-4d0b-b60e-b10125f1dc2f:c16, 69eced68-633e-4b51-8723-aa3cc7d01e54:c15]
2019-08-29 23:06:28,139 | ERROR | DNAudit | user=null | ip=null | op=WRITE_CHUNK {blockData=conID: 1 locID: 102702774251683854 bcsId: 13} | ret=FAILURE | org.apache.hadoop.hdds.scm.container.common.helpers.ContainerNotOpenException: Container 1 in CLOSING state
	at org.apache.hadoop.ozone.container.common.impl.HddsDispatcher.validateContainerCommand(HddsDispatcher.java:408)
	at org.apache.hadoop.ozone.container.common.transport.server.ratis.ContainerStateMachine.startTransaction(ContainerStateMachine.java:310) 
2019-08-29 23:06:28,146 | ERROR | DNAudit | user=null | ip=null | op=PUT_BLOCK {blockData=[blockId=conID: 1 locID: 102702774251683854 bcsId: 0,size=650]} | ret=FAILURE | org.apache.hadoop.hdds.scm.container.common.helpers.ContainerNotOpenException: Container 1 in CLOSING state
	at org.apache.hadoop.ozone.container.common.impl.HddsDispatcher.validateContainerCommand(HddsDispatcher.java:408)
	at org.apache.hadoop.ozone.container.common.transport.server.ratis.ContainerStateMachine.startTransaction(ContainerStateMachine.java:310) 
2019-08-29 23:06:28,147 [grpc-default-executor-7] INFO  client.GrpcClientProtocolClient (GrpcClientProtocolClient.java:onNext(255)) - client-232B716717A1->eecc47d9-bcc9-4792-b0a1-bf4e20a348f5: receive RaftClientReply:client-232B716717A1->eecc47d9-bcc9-4792-b0a1-bf4e20a348f5@group-B0DBF3A8E54A, cid=185, FAILED org.apache.ratis.protocol.StateMachineException: org.apache.hadoop.hdds.scm.container.common.helpers.ContainerNotOpenException from Server eecc47d9-bcc9-4792-b0a1-bf4e20a348f5: Container 1 in CLOSING state, logIndex=0, commits[eecc47d9-bcc9-4792-b0a1-bf4e20a348f5:c17, a4665db9-b31b-4d0b-b60e-b10125f1dc2f:c16, 69eced68-633e-4b51-8723-aa3cc7d01e54:c15]
2019-08-29 23:06:28,147 | ERROR | DNAudit | user=null | ip=null | op=WRITE_CHUNK {blockData=conID: 1 locID: 102702774251683854 bcsId: 13} | ret=FAILURE | org.apache.hadoop.hdds.scm.container.common.helpers.ContainerNotOpenException: Container 1 in CLOSING state
	at org.apache.hadoop.ozone.container.common.impl.HddsDispatcher.validateContainerCommand(HddsDispatcher.java:408)
	at org.apache.hadoop.ozone.container.common.transport.server.ratis.ContainerStateMachine.startTransaction(ContainerStateMachine.java:310) 
2019-08-29 23:06:28,161 | INFO  | SCMAudit | user=jenkins1000 | ip=192.168.5.176 | op=SEND_HEARTBEAT {datanodeUUID=f20020a9-6aa7-48f1-914d-cfe5895fa638, command=[]} | ret=SUCCESS |  
2019-08-29 23:06:28,162 [grpc-default-executor-7] INFO  client.GrpcClientProtocolClient (GrpcClientProtocolClient.java:onNext(255)) - client-232B716717A1->eecc47d9-bcc9-4792-b0a1-bf4e20a348f5: receive RaftClientReply:client-232B716717A1->eecc47d9-bcc9-4792-b0a1-bf4e20a348f5@group-B0DBF3A8E54A, cid=186, FAILED org.apache.ratis.protocol.StateMachineException: org.apache.hadoop.hdds.scm.container.common.helpers.ContainerNotOpenException from Server eecc47d9-bcc9-4792-b0a1-bf4e20a348f5: Container 1 in CLOSING state, logIndex=0, commits[eecc47d9-bcc9-4792-b0a1-bf4e20a348f5:c17, a4665db9-b31b-4d0b-b60e-b10125f1dc2f:c16, 69eced68-633e-4b51-8723-aa3cc7d01e54:c15]
2019-08-29 23:06:28,163 | ERROR | DNAudit | user=null | ip=null | op=WRITE_CHUNK {blockData=conID: 1 locID: 102702774251683854 bcsId: 13} | ret=FAILURE | org.apache.hadoop.hdds.scm.container.common.helpers.ContainerNotOpenException: Container 1 in CLOSING state
	at org.apache.hadoop.ozone.container.common.impl.HddsDispatcher.validateContainerCommand(HddsDispatcher.java:408)
	at org.apache.hadoop.ozone.container.common.transport.server.ratis.ContainerStateMachine.startTransaction(ContainerStateMachine.java:310) 
2019-08-29 23:06:28,164 | ERROR | DNAudit | user=null | ip=null | op=PUT_BLOCK {blockData=[blockId=conID: 1 locID: 102702774251683854 bcsId: 0,size=800]} | ret=FAILURE | org.apache.hadoop.hdds.scm.container.common.helpers.ContainerNotOpenException: Container 1 in CLOSING state
	at org.apache.hadoop.ozone.container.common.impl.HddsDispatcher.validateContainerCommand(HddsDispatcher.java:408)
	at org.apache.hadoop.ozone.container.common.transport.server.ratis.ContainerStateMachine.startTransaction(ContainerStateMachine.java:310) 
2019-08-29 23:06:28,168 [grpc-default-executor-7] INFO  client.GrpcClientProtocolClient (GrpcClientProtocolClient.java:onNext(255)) - client-232B716717A1->eecc47d9-bcc9-4792-b0a1-bf4e20a348f5: receive RaftClientReply:client-232B716717A1->eecc47d9-bcc9-4792-b0a1-bf4e20a348f5@group-B0DBF3A8E54A, cid=187, FAILED org.apache.ratis.protocol.StateMachineException: org.apache.hadoop.hdds.scm.container.common.helpers.ContainerNotOpenException from Server eecc47d9-bcc9-4792-b0a1-bf4e20a348f5: Container 1 in CLOSING state, logIndex=0, commits[eecc47d9-bcc9-4792-b0a1-bf4e20a348f5:c17, a4665db9-b31b-4d0b-b60e-b10125f1dc2f:c16, 69eced68-633e-4b51-8723-aa3cc7d01e54:c15]
2019-08-29 23:06:28,179 [grpc-default-executor-7] INFO  client.GrpcClientProtocolClient (GrpcClientProtocolClient.java:onNext(255)) - client-232B716717A1->eecc47d9-bcc9-4792-b0a1-bf4e20a348f5: receive RaftClientReply:client-232B716717A1->eecc47d9-bcc9-4792-b0a1-bf4e20a348f5@group-B0DBF3A8E54A, cid=188, FAILED org.apache.ratis.protocol.StateMachineException: org.apache.hadoop.hdds.scm.container.common.helpers.ContainerNotOpenException from Server eecc47d9-bcc9-4792-b0a1-bf4e20a348f5: Container 1 in CLOSING state, logIndex=0, commits[eecc47d9-bcc9-4792-b0a1-bf4e20a348f5:c17, a4665db9-b31b-4d0b-b60e-b10125f1dc2f:c16, 69eced68-633e-4b51-8723-aa3cc7d01e54:c15]
2019-08-29 23:06:28,180 [grpc-default-executor-7] INFO  client.GrpcClientProtocolClient (GrpcClientProtocolClient.java:onNext(255)) - client-232B716717A1->eecc47d9-bcc9-4792-b0a1-bf4e20a348f5: receive RaftClientReply:client-232B716717A1->eecc47d9-bcc9-4792-b0a1-bf4e20a348f5@group-B0DBF3A8E54A, cid=189, FAILED org.apache.ratis.protocol.StateMachineException: org.apache.hadoop.hdds.scm.container.common.helpers.ContainerNotOpenException from Server eecc47d9-bcc9-4792-b0a1-bf4e20a348f5: Container 1 in CLOSING state, logIndex=0, commits[eecc47d9-bcc9-4792-b0a1-bf4e20a348f5:c17, a4665db9-b31b-4d0b-b60e-b10125f1dc2f:c16, 69eced68-633e-4b51-8723-aa3cc7d01e54:c15]
2019-08-29 23:06:28,209 | INFO  | SCMAudit | user=jenkins1000 | ip=192.168.5.176 | op=ALLOCATE_BLOCK {owner=2f215a37-e30e-47a8-af3e-2032ff698de7, size=800, type=RATIS, factor=THREE} | ret=SUCCESS |  
2019-08-29 23:06:28,211 | INFO  | OMAudit | user=jenkins1000 | ip=127.0.0.1 | op=ALLOCATE_BLOCK {volume=testblockoutputstream, bucket=testblockoutputstream, key=6888b399-23c5-4ca3-8b00-c2aaf6094bca, dataSize=0, replicationType=null, replicationFactor=null, keyLocationInfo=null, clientID=102702774251618317} | ret=SUCCESS |  
2019-08-29 23:06:28,219 [grpc-default-executor-5] INFO  client.GrpcClientProtocolClient (GrpcClientProtocolClient.java:onNext(255)) - client-630AD5867052->f20020a9-6aa7-48f1-914d-cfe5895fa638: receive RaftClientReply:client-630AD5867052->f20020a9-6aa7-48f1-914d-cfe5895fa638@group-1E9D348BFB63, cid=190, FAILED org.apache.ratis.protocol.NotLeaderException: Server f20020a9-6aa7-48f1-914d-cfe5895fa638 is not the leader (701eae18-0267-427a-94c7-9b910f8dde45:192.168.5.176:32877). Request must be sent to leader., logIndex=0, commits[f20020a9-6aa7-48f1-914d-cfe5895fa638:c0, 701eae18-0267-427a-94c7-9b910f8dde45:c0, 39b1e362-24c6-40e1-a305-936b4ccaa1e0:c0]
2019-08-29 23:06:28,241 | INFO  | SCMAudit | user=jenkins1000 | ip=192.168.5.176 | op=SEND_HEARTBEAT {datanodeUUID=36a44bf1-0214-4ae3-b56c-359c5b44ef6b, command=[]} | ret=SUCCESS |  
2019-08-29 23:06:28,329 | INFO  | SCMAudit | user=jenkins1000 | ip=192.168.5.176 | op=SEND_HEARTBEAT {datanodeUUID=39b1e362-24c6-40e1-a305-936b4ccaa1e0, command=[]} | ret=SUCCESS |  
2019-08-29 23:06:28,368 | INFO  | DNAudit | user=null | ip=null | op=WRITE_CHUNK {blockData=conID: 2 locID: 102702775547265039 bcsId: 0} | ret=SUCCESS |  
2019-08-29 23:06:28,369 | INFO  | DNAudit | user=null | ip=null | op=WRITE_CHUNK {blockData=conID: 2 locID: 102702775547265039 bcsId: 0} | ret=SUCCESS |  
2019-08-29 23:06:28,369 | INFO  | SCMAudit | user=jenkins1000 | ip=192.168.5.176 | op=SEND_HEARTBEAT {datanodeUUID=f20020a9-6aa7-48f1-914d-cfe5895fa638, command=[]} | ret=SUCCESS |  
2019-08-29 23:06:28,369 | INFO  | DNAudit | user=null | ip=null | op=WRITE_CHUNK {blockData=conID: 2 locID: 102702775547265039 bcsId: 0} | ret=SUCCESS |  
2019-08-29 23:06:28,369 | INFO  | SCMAudit | user=jenkins1000 | ip=192.168.5.176 | op=SEND_HEARTBEAT {datanodeUUID=39b1e362-24c6-40e1-a305-936b4ccaa1e0, command=[]} | ret=SUCCESS |  
2019-08-29 23:06:28,369 | INFO  | SCMAudit | user=jenkins1000 | ip=192.168.5.176 | op=SEND_HEARTBEAT {datanodeUUID=701eae18-0267-427a-94c7-9b910f8dde45, command=[]} | ret=SUCCESS |  
2019-08-29 23:06:28,386 | INFO  | DNAudit | user=null | ip=null | op=WRITE_CHUNK {blockData=conID: 2 locID: 102702775547265039 bcsId: 0} | ret=SUCCESS |  
2019-08-29 23:06:28,390 [grpc-default-executor-5] INFO  client.GrpcClientProtocolClient (GrpcClientProtocolClient.java:onNext(255)) - client-630AD5867052->701eae18-0267-427a-94c7-9b910f8dde45: receive RaftClientReply:client-630AD5867052->701eae18-0267-427a-94c7-9b910f8dde45@group-1E9D348BFB63, cid=190, SUCCESS, logIndex=1, commits[701eae18-0267-427a-94c7-9b910f8dde45:c1, 39b1e362-24c6-40e1-a305-936b4ccaa1e0:c0, f20020a9-6aa7-48f1-914d-cfe5895fa638:c0]
2019-08-29 23:06:28,395 | INFO  | DNAudit | user=null | ip=null | op=WRITE_CHUNK {blockData=conID: 2 locID: 102702775547265039 bcsId: 0} | ret=SUCCESS |  
2019-08-29 23:06:28,397 | INFO  | DNAudit | user=null | ip=null | op=WRITE_CHUNK {blockData=conID: 2 locID: 102702775547265039 bcsId: 0} | ret=SUCCESS |  
2019-08-29 23:06:28,397 | INFO  | DNAudit | user=null | ip=null | op=WRITE_CHUNK {blockData=conID: 2 locID: 102702775547265039 bcsId: 0} | ret=SUCCESS |  
2019-08-29 23:06:28,397 | INFO  | DNAudit | user=null | ip=null | op=WRITE_CHUNK {blockData=conID: 2 locID: 102702775547265039 bcsId: 0} | ret=SUCCESS |  
2019-08-29 23:06:28,397 | INFO  | DNAudit | user=null | ip=null | op=WRITE_CHUNK {blockData=conID: 2 locID: 102702775547265039 bcsId: 0} | ret=SUCCESS |  
2019-08-29 23:06:28,398 | INFO  | DNAudit | user=null | ip=null | op=WRITE_CHUNK {blockData=conID: 2 locID: 102702775547265039 bcsId: 0} | ret=SUCCESS |  
2019-08-29 23:06:28,398 | INFO  | DNAudit | user=null | ip=null | op=WRITE_CHUNK {blockData=conID: 2 locID: 102702775547265039 bcsId: 0} | ret=SUCCESS |  
2019-08-29 23:06:28,399 | INFO  | DNAudit | user=null | ip=null | op=WRITE_CHUNK {blockData=conID: 2 locID: 102702775547265039 bcsId: 0} | ret=SUCCESS |  
2019-08-29 23:06:28,399 | INFO  | DNAudit | user=null | ip=null | op=WRITE_CHUNK {blockData=conID: 2 locID: 102702775547265039 bcsId: 0} | ret=SUCCESS |  
2019-08-29 23:06:28,399 | INFO  | DNAudit | user=null | ip=null | op=WRITE_CHUNK {blockData=conID: 2 locID: 102702775547265039 bcsId: 0} | ret=SUCCESS |  
2019-08-29 23:06:28,399 | INFO  | DNAudit | user=null | ip=null | op=WRITE_CHUNK {blockData=conID: 2 locID: 102702775547265039 bcsId: 0} | ret=SUCCESS |  
2019-08-29 23:06:28,411 | INFO  | DNAudit | user=null | ip=null | op=WRITE_CHUNK {blockData=conID: 2 locID: 102702775547265039 bcsId: 0} | ret=SUCCESS |  
2019-08-29 23:06:28,415 [grpc-default-executor-4] INFO  client.GrpcClientProtocolClient (GrpcClientProtocolClient.java:onNext(255)) - client-630AD5867052->701eae18-0267-427a-94c7-9b910f8dde45: receive RaftClientReply:client-630AD5867052->701eae18-0267-427a-94c7-9b910f8dde45@group-1E9D348BFB63, cid=191, SUCCESS, logIndex=3, commits[701eae18-0267-427a-94c7-9b910f8dde45:c5, 39b1e362-24c6-40e1-a305-936b4ccaa1e0:c1, f20020a9-6aa7-48f1-914d-cfe5895fa638:c1]
2019-08-29 23:06:28,425 | INFO  | DNAudit | user=null | ip=null | op=WRITE_CHUNK {blockData=conID: 2 locID: 102702775547265039 bcsId: 0} | ret=SUCCESS |  
2019-08-29 23:06:28,425 | INFO  | DNAudit | user=null | ip=null | op=WRITE_CHUNK {blockData=conID: 2 locID: 102702775547265039 bcsId: 0} | ret=SUCCESS |  
2019-08-29 23:06:28,456 | INFO  | DNAudit | user=null | ip=null | op=PUT_BLOCK {blockData=[blockId=conID: 2 locID: 102702775547265039 bcsId: 0,size=200]} | ret=SUCCESS |  
2019-08-29 23:06:28,457 | INFO  | DNAudit | user=null | ip=null | op=WRITE_CHUNK {blockData=conID: 2 locID: 102702775547265039 bcsId: 0} | ret=SUCCESS |  
2019-08-29 23:06:28,458 | INFO  | DNAudit | user=null | ip=null | op=WRITE_CHUNK {blockData=conID: 2 locID: 102702775547265039 bcsId: 0} | ret=SUCCESS |  
2019-08-29 23:06:28,458 [grpc-default-executor-4] INFO  client.GrpcClientProtocolClient (GrpcClientProtocolClient.java:onNext(255)) - client-630AD5867052->701eae18-0267-427a-94c7-9b910f8dde45: receive RaftClientReply:client-630AD5867052->701eae18-0267-427a-94c7-9b910f8dde45@group-1E9D348BFB63, cid=192, SUCCESS, logIndex=4, commits[701eae18-0267-427a-94c7-9b910f8dde45:c12, 39b1e362-24c6-40e1-a305-936b4ccaa1e0:c7, f20020a9-6aa7-48f1-914d-cfe5895fa638:c7]
2019-08-29 23:06:28,460 [grpc-default-executor-4] INFO  client.GrpcClientProtocolClient (GrpcClientProtocolClient.java:onNext(255)) - client-630AD5867052->701eae18-0267-427a-94c7-9b910f8dde45: receive RaftClientReply:client-630AD5867052->701eae18-0267-427a-94c7-9b910f8dde45@group-1E9D348BFB63, cid=193, SUCCESS, logIndex=5, commits[701eae18-0267-427a-94c7-9b910f8dde45:c12, 39b1e362-24c6-40e1-a305-936b4ccaa1e0:c7, f20020a9-6aa7-48f1-914d-cfe5895fa638:c7]
2019-08-29 23:06:28,461 [grpc-default-executor-4] INFO  client.GrpcClientProtocolClient (GrpcClientProtocolClient.java:onNext(255)) - client-630AD5867052->701eae18-0267-427a-94c7-9b910f8dde45: receive RaftClientReply:client-630AD5867052->701eae18-0267-427a-94c7-9b910f8dde45@group-1E9D348BFB63, cid=194, SUCCESS, logIndex=6, commits[701eae18-0267-427a-94c7-9b910f8dde45:c12, 39b1e362-24c6-40e1-a305-936b4ccaa1e0:c7, f20020a9-6aa7-48f1-914d-cfe5895fa638:c7]
2019-08-29 23:06:28,507 | INFO  | DNAudit | user=null | ip=null | op=PUT_BLOCK {blockData=[blockId=conID: 2 locID: 102702775547265039 bcsId: 0,size=200]} | ret=SUCCESS |  
2019-08-29 23:06:28,508 | INFO  | DNAudit | user=null | ip=null | op=WRITE_CHUNK {blockData=conID: 2 locID: 102702775547265039 bcsId: 0} | ret=SUCCESS |  
2019-08-29 23:06:28,509 | INFO  | DNAudit | user=null | ip=null | op=WRITE_CHUNK {blockData=conID: 2 locID: 102702775547265039 bcsId: 0} | ret=SUCCESS |  
2019-08-29 23:06:28,533 | INFO  | DNAudit | user=null | ip=null | op=PUT_BLOCK {blockData=[blockId=conID: 2 locID: 102702775547265039 bcsId: 0,size=400]} | ret=SUCCESS |  
2019-08-29 23:06:28,533 | INFO  | DNAudit | user=null | ip=null | op=PUT_BLOCK {blockData=[blockId=conID: 2 locID: 102702775547265039 bcsId: 0,size=400]} | ret=SUCCESS |  
2019-08-29 23:06:28,533 | INFO  | DNAudit | user=null | ip=null | op=PUT_BLOCK {blockData=[blockId=conID: 2 locID: 102702775547265039 bcsId: 0,size=200]} | ret=SUCCESS |  
2019-08-29 23:06:28,534 | INFO  | DNAudit | user=null | ip=null | op=WRITE_CHUNK {blockData=conID: 2 locID: 102702775547265039 bcsId: 0} | ret=SUCCESS |  
2019-08-29 23:06:28,534 | INFO  | DNAudit | user=null | ip=null | op=WRITE_CHUNK {blockData=conID: 2 locID: 102702775547265039 bcsId: 0} | ret=SUCCESS |  
2019-08-29 23:06:28,535 | INFO  | DNAudit | user=null | ip=null | op=PUT_BLOCK {blockData=[blockId=conID: 2 locID: 102702775547265039 bcsId: 0,size=400]} | ret=SUCCESS |  
2019-08-29 23:06:28,535 [grpc-default-executor-4] INFO  client.GrpcClientProtocolClient (GrpcClientProtocolClient.java:onNext(255)) - client-630AD5867052->701eae18-0267-427a-94c7-9b910f8dde45: receive RaftClientReply:client-630AD5867052->701eae18-0267-427a-94c7-9b910f8dde45@group-1E9D348BFB63, cid=195, SUCCESS, logIndex=7, commits[701eae18-0267-427a-94c7-9b910f8dde45:c12, 39b1e362-24c6-40e1-a305-936b4ccaa1e0:c7, f20020a9-6aa7-48f1-914d-cfe5895fa638:c7]
2019-08-29 23:06:28,539 | INFO  | DNAudit | user=null | ip=null | op=WRITE_CHUNK {blockData=conID: 2 locID: 102702775547265039 bcsId: 7} | ret=SUCCESS |  
2019-08-29 23:06:28,540 | INFO  | DNAudit | user=null | ip=null | op=WRITE_CHUNK {blockData=conID: 2 locID: 102702775547265039 bcsId: 7} | ret=SUCCESS |  
2019-08-29 23:06:28,540 | INFO  | DNAudit | user=null | ip=null | op=WRITE_CHUNK {blockData=conID: 2 locID: 102702775547265039 bcsId: 7} | ret=SUCCESS |  
2019-08-29 23:06:28,545 | INFO  | DNAudit | user=null | ip=null | op=WRITE_CHUNK {blockData=conID: 2 locID: 102702775547265039 bcsId: 7} | ret=SUCCESS |  
2019-08-29 23:06:28,546 | INFO  | DNAudit | user=null | ip=null | op=PUT_BLOCK {blockData=[blockId=conID: 2 locID: 102702775547265039 bcsId: 0,size=450]} | ret=SUCCESS |  
2019-08-29 23:06:28,546 [grpc-default-executor-6] INFO  client.GrpcClientProtocolClient (GrpcClientProtocolClient.java:onNext(255)) - client-630AD5867052->701eae18-0267-427a-94c7-9b910f8dde45: receive RaftClientReply:client-630AD5867052->701eae18-0267-427a-94c7-9b910f8dde45@group-1E9D348BFB63, cid=196, SUCCESS, logIndex=13, commits[701eae18-0267-427a-94c7-9b910f8dde45:c14, 39b1e362-24c6-40e1-a305-936b4ccaa1e0:c12, f20020a9-6aa7-48f1-914d-cfe5895fa638:c12]
2019-08-29 23:06:28,547 [grpc-default-executor-6] INFO  client.GrpcClientProtocolClient (GrpcClientProtocolClient.java:onNext(255)) - client-630AD5867052->701eae18-0267-427a-94c7-9b910f8dde45: receive RaftClientReply:client-630AD5867052->701eae18-0267-427a-94c7-9b910f8dde45@group-1E9D348BFB63, cid=197, SUCCESS, logIndex=14, commits[701eae18-0267-427a-94c7-9b910f8dde45:c14, 39b1e362-24c6-40e1-a305-936b4ccaa1e0:c12, f20020a9-6aa7-48f1-914d-cfe5895fa638:c12]
2019-08-29 23:06:28,556 | INFO  | DNAudit | user=null | ip=null | op=WRITE_CHUNK {blockData=conID: 2 locID: 102702775547265039 bcsId: 7} | ret=SUCCESS |  
2019-08-29 23:06:28,556 | INFO  | DNAudit | user=null | ip=null | op=WRITE_CHUNK {blockData=conID: 2 locID: 102702775547265039 bcsId: 7} | ret=SUCCESS |  
2019-08-29 23:06:28,557 | INFO  | DNAudit | user=null | ip=null | op=PUT_BLOCK {blockData=[blockId=conID: 2 locID: 102702775547265039 bcsId: 0,size=450]} | ret=SUCCESS |  
2019-08-29 23:06:28,557 | INFO  | DNAudit | user=null | ip=null | op=PUT_BLOCK {blockData=[blockId=conID: 2 locID: 102702775547265039 bcsId: 0,size=450]} | ret=SUCCESS |  
2019-08-29 23:06:28,562 [grpc-default-executor-6] INFO  client.GrpcClientProtocolClient (GrpcClientProtocolClient.java:onNext(255)) - client-630AD5867052->701eae18-0267-427a-94c7-9b910f8dde45: receive RaftClientReply:client-630AD5867052->701eae18-0267-427a-94c7-9b910f8dde45@group-1E9D348BFB63, cid=198, SUCCESS, logIndex=0, commits[701eae18-0267-427a-94c7-9b910f8dde45:c15, 39b1e362-24c6-40e1-a305-936b4ccaa1e0:c14, f20020a9-6aa7-48f1-914d-cfe5895fa638:c14]
2019-08-29 23:06:28,563 [main] INFO  ozone.MiniOzoneClusterImpl (MiniOzoneClusterImpl.java:shutdown(307)) - Shutting down the Mini Ozone Cluster
2019-08-29 23:06:28,563 | INFO  | SCMAudit | user=null | ip=null | op=GET_SCM_INFO null | ret=SUCCESS |  
2019-08-29 23:06:28,563 [main] INFO  ozone.MiniOzoneClusterImpl (MiniOzoneClusterImpl.java:stop(322)) - Stopping the Mini Ozone Cluster
2019-08-29 23:06:28,563 [main] INFO  ozone.MiniOzoneClusterImpl (MiniOzoneClusterImpl.java:stop(324)) - Stopping the OzoneManager
2019-08-29 23:06:28,564 [main] INFO  ipc.Server (Server.java:stop(3082)) - Stopping server on 40733
2019-08-29 23:06:28,575 [IPC Server listener on 40733] INFO  ipc.Server (Server.java:run(1185)) - Stopping IPC Server listener on 40733
2019-08-29 23:06:28,577 [IPC Server Responder] INFO  ipc.Server (Server.java:run(1319)) - Stopping IPC Server Responder
2019-08-29 23:06:28,577 [main] INFO  ratis.OzoneManagerDoubleBuffer (OzoneManagerDoubleBuffer.java:stop(248)) - Stopping OMDoubleBuffer flush thread
2019-08-29 23:06:28,591 [OMDoubleBufferFlushThread] INFO  ratis.OzoneManagerDoubleBuffer (OzoneManagerDoubleBuffer.java:flushTransactions(191)) - OMDoubleBuffer flush thread OMDoubleBufferFlushThread is interrupted and will exit. OMDoubleBufferFlushThread
2019-08-29 23:06:28,592 [main] INFO  utils.BackgroundService (BackgroundService.java:shutdown(148)) - Shutting down service KeyDeletingService
2019-08-29 23:06:28,593 [main] INFO  handler.ContextHandler (ContextHandler.java:doStop(910)) - Stopped o.e.j.w.WebAppContext@530ee28b{/,null,UNAVAILABLE}{/ozoneManager}
2019-08-29 23:06:28,594 [main] INFO  server.AbstractConnector (AbstractConnector.java:doStop(318)) - Stopped ServerConnector@3a3f96ab{HTTP/1.1,[http/1.1]}{0.0.0.0:0}
2019-08-29 23:06:28,595 [main] INFO  handler.ContextHandler (ContextHandler.java:doStop(910)) - Stopped o.e.j.s.ServletContextHandler@1332dec4{/static,file:///workdir/hadoop-ozone/integration-test/target/test-classes/webapps/static,UNAVAILABLE}
2019-08-29 23:06:28,595 [main] INFO  handler.ContextHandler (ContextHandler.java:doStop(910)) - Stopped o.e.j.s.ServletContextHandler@4aaecabd{/logs,file:///workdir/hadoop-ozone/integration-test/target/log,UNAVAILABLE}
2019-08-29 23:06:28,598 [main] INFO  ozone.MiniOzoneClusterImpl (MiniOzoneClusterImpl.java:stop(330)) - Shutting the HddsDatanodes
2019-08-29 23:06:28,700 [Datanode State Machine Thread - 0] INFO  statemachine.DatanodeStateMachine (DatanodeStateMachine.java:lambda$startDaemon$0(350)) - Ozone container server started.
2019-08-29 23:06:28,701 | INFO  | SCMAudit | user=jenkins1000 | ip=192.168.5.176 | op=SEND_HEARTBEAT {datanodeUUID=eecc47d9-bcc9-4792-b0a1-bf4e20a348f5, command=[]} | ret=SUCCESS |  
2019-08-29 23:06:29,242 [Datanode State Machine Thread - 0] INFO  statemachine.DatanodeStateMachine (DatanodeStateMachine.java:lambda$startDaemon$0(350)) - Ozone container server started.
2019-08-29 23:06:29,369 | INFO  | SCMAudit | user=jenkins1000 | ip=192.168.5.176 | op=SEND_HEARTBEAT {datanodeUUID=f20020a9-6aa7-48f1-914d-cfe5895fa638, command=[]} | ret=SUCCESS |  
2019-08-29 23:06:29,369 | INFO  | SCMAudit | user=jenkins1000 | ip=192.168.5.176 | op=SEND_HEARTBEAT {datanodeUUID=39b1e362-24c6-40e1-a305-936b4ccaa1e0, command=[]} | ret=SUCCESS |  
2019-08-29 23:06:29,369 | INFO  | SCMAudit | user=jenkins1000 | ip=192.168.5.176 | op=SEND_HEARTBEAT {datanodeUUID=701eae18-0267-427a-94c7-9b910f8dde45, command=[]} | ret=SUCCESS |  
2019-08-29 23:06:29,708 | INFO  | SCMAudit | user=jenkins1000 | ip=192.168.5.176 | op=SEND_HEARTBEAT {datanodeUUID=eecc47d9-bcc9-4792-b0a1-bf4e20a348f5, command=[]} | ret=SUCCESS |  
2019-08-29 23:06:30,158 [grpc-default-executor-5] WARN  server.GrpcLogAppender (LogUtils.java:warn(134)) - eecc47d9-bcc9-4792-b0a1-bf4e20a348f5->69eced68-633e-4b51-8723-aa3cc7d01e54: Failed appendEntries: org.apache.ratis.thirdparty.io.grpc.StatusRuntimeException: UNAVAILABLE: io exception
2019-08-29 23:06:30,158 [grpc-default-executor-5] INFO  impl.FollowerInfo (FollowerInfo.java:lambda$new$0(50)) - eecc47d9-bcc9-4792-b0a1-bf4e20a348f5->69eced68-633e-4b51-8723-aa3cc7d01e54: nextIndex: updateUnconditionally 1 -> 0
2019-08-29 23:06:30,369 | INFO  | SCMAudit | user=jenkins1000 | ip=192.168.5.176 | op=SEND_HEARTBEAT {datanodeUUID=39b1e362-24c6-40e1-a305-936b4ccaa1e0, command=[]} | ret=SUCCESS |  
2019-08-29 23:06:30,369 | INFO  | SCMAudit | user=jenkins1000 | ip=192.168.5.176 | op=SEND_HEARTBEAT {datanodeUUID=701eae18-0267-427a-94c7-9b910f8dde45, command=[]} | ret=SUCCESS |  
2019-08-29 23:06:30,369 | INFO  | SCMAudit | user=jenkins1000 | ip=192.168.5.176 | op=SEND_HEARTBEAT {datanodeUUID=f20020a9-6aa7-48f1-914d-cfe5895fa638, command=[]} | ret=SUCCESS |  
2019-08-29 23:06:30,708 | INFO  | SCMAudit | user=jenkins1000 | ip=192.168.5.176 | op=SEND_HEARTBEAT {datanodeUUID=eecc47d9-bcc9-4792-b0a1-bf4e20a348f5, command=[]} | ret=SUCCESS |  
2019-08-29 23:06:31,369 | INFO  | SCMAudit | user=jenkins1000 | ip=192.168.5.176 | op=SEND_HEARTBEAT {datanodeUUID=39b1e362-24c6-40e1-a305-936b4ccaa1e0, command=[]} | ret=SUCCESS |  
2019-08-29 23:06:31,369 | INFO  | SCMAudit | user=jenkins1000 | ip=192.168.5.176 | op=SEND_HEARTBEAT {datanodeUUID=701eae18-0267-427a-94c7-9b910f8dde45, command=[]} | ret=SUCCESS |  
2019-08-29 23:06:31,369 | INFO  | SCMAudit | user=jenkins1000 | ip=192.168.5.176 | op=SEND_HEARTBEAT {datanodeUUID=f20020a9-6aa7-48f1-914d-cfe5895fa638, command=[]} | ret=SUCCESS |  
2019-08-29 23:06:31,708 | INFO  | SCMAudit | user=jenkins1000 | ip=192.168.5.176 | op=SEND_HEARTBEAT {datanodeUUID=eecc47d9-bcc9-4792-b0a1-bf4e20a348f5, command=[]} | ret=SUCCESS |  
2019-08-29 23:06:32,369 | INFO  | SCMAudit | user=jenkins1000 | ip=192.168.5.176 | op=SEND_HEARTBEAT {datanodeUUID=701eae18-0267-427a-94c7-9b910f8dde45, command=[]} | ret=SUCCESS |  
2019-08-29 23:06:32,369 | INFO  | SCMAudit | user=jenkins1000 | ip=192.168.5.176 | op=SEND_HEARTBEAT {datanodeUUID=39b1e362-24c6-40e1-a305-936b4ccaa1e0, command=[]} | ret=SUCCESS |  
2019-08-29 23:06:32,369 | INFO  | SCMAudit | user=jenkins1000 | ip=192.168.5.176 | op=SEND_HEARTBEAT {datanodeUUID=f20020a9-6aa7-48f1-914d-cfe5895fa638, command=[]} | ret=SUCCESS |  
2019-08-29 23:06:32,656 [grpc-default-executor-7] WARN  server.GrpcLogAppender (LogUtils.java:warn(134)) - eecc47d9-bcc9-4792-b0a1-bf4e20a348f5->69eced68-633e-4b51-8723-aa3cc7d01e54: Failed appendEntries: org.apache.ratis.thirdparty.io.grpc.StatusRuntimeException: UNAVAILABLE: io exception
2019-08-29 23:06:32,657 [grpc-default-executor-7] INFO  impl.FollowerInfo (FollowerInfo.java:lambda$new$0(50)) - eecc47d9-bcc9-4792-b0a1-bf4e20a348f5->69eced68-633e-4b51-8723-aa3cc7d01e54: nextIndex: updateUnconditionally 0 -> 0
2019-08-29 23:06:32,708 | INFO  | SCMAudit | user=jenkins1000 | ip=192.168.5.176 | op=SEND_HEARTBEAT {datanodeUUID=eecc47d9-bcc9-4792-b0a1-bf4e20a348f5, command=[]} | ret=SUCCESS |  
2019-08-29 23:06:32,720 [EventQueue-StaleNodeForStaleNodeHandler] INFO  node.StaleNodeHandler (StaleNodeHandler.java:onMessage(58)) - Datanode a4665db9-b31b-4d0b-b60e-b10125f1dc2f{ip: 192.168.5.176, host: pr-hdds-1783-trunk-hq4zp-549785682, networkLocation: /default-rack, certSerialId: null} moved to stale state. Finalizing its pipelines [PipelineID=1d3067f6-86a2-485a-ab7a-0aba8d42e045, PipelineID=0a82692b-c24a-439f-926f-b0dbf3a8e54a]
2019-08-29 23:06:32,720 [EventQueue-StaleNodeForStaleNodeHandler] INFO  pipeline.SCMPipelineManager (SCMPipelineManager.java:finalizeAndDestroyPipeline(309)) - destroying pipeline:Pipeline[ Id: 1d3067f6-86a2-485a-ab7a-0aba8d42e045, Nodes: a4665db9-b31b-4d0b-b60e-b10125f1dc2f{ip: 192.168.5.176, host: pr-hdds-1783-trunk-hq4zp-549785682, networkLocation: /default-rack, certSerialId: null}, Type:RATIS, Factor:ONE, State:OPEN]
2019-08-29 23:06:32,720 [EventQueue-StaleNodeForStaleNodeHandler] INFO  pipeline.PipelineStateManager (PipelineStateManager.java:finalizePipeline(123)) - Pipeline Pipeline[ Id: 1d3067f6-86a2-485a-ab7a-0aba8d42e045, Nodes: a4665db9-b31b-4d0b-b60e-b10125f1dc2f{ip: 192.168.5.176, host: pr-hdds-1783-trunk-hq4zp-549785682, networkLocation: /default-rack, certSerialId: null}, Type:RATIS, Factor:ONE, State:CLOSED] moved to CLOSED state
2019-08-29 23:06:32,721 [EventQueue-StaleNodeForStaleNodeHandler] INFO  pipeline.SCMPipelineManager (SCMPipelineManager.java:finalizeAndDestroyPipeline(309)) - destroying pipeline:Pipeline[ Id: 0a82692b-c24a-439f-926f-b0dbf3a8e54a, Nodes: 69eced68-633e-4b51-8723-aa3cc7d01e54{ip: 192.168.5.176, host: pr-hdds-1783-trunk-hq4zp-549785682, networkLocation: /default-rack, certSerialId: null}eecc47d9-bcc9-4792-b0a1-bf4e20a348f5{ip: 192.168.5.176, host: pr-hdds-1783-trunk-hq4zp-549785682, networkLocation: /default-rack, certSerialId: null}a4665db9-b31b-4d0b-b60e-b10125f1dc2f{ip: 192.168.5.176, host: pr-hdds-1783-trunk-hq4zp-549785682, networkLocation: /default-rack, certSerialId: null}, Type:RATIS, Factor:THREE, State:CLOSED]
2019-08-29 23:06:33,321 [EventQueue-StaleNodeForStaleNodeHandler] INFO  node.StaleNodeHandler (StaleNodeHandler.java:onMessage(58)) - Datanode 36a44bf1-0214-4ae3-b56c-359c5b44ef6b{ip: 192.168.5.176, host: pr-hdds-1783-trunk-hq4zp-549785682, networkLocation: /default-rack, certSerialId: null} moved to stale state. Finalizing its pipelines [PipelineID=52aa1f67-0dea-4e2f-ac6e-04f879e2fc8c]
2019-08-29 23:06:33,321 [EventQueue-StaleNodeForStaleNodeHandler] INFO  pipeline.SCMPipelineManager (SCMPipelineManager.java:finalizeAndDestroyPipeline(309)) - destroying pipeline:Pipeline[ Id: 52aa1f67-0dea-4e2f-ac6e-04f879e2fc8c, Nodes: 36a44bf1-0214-4ae3-b56c-359c5b44ef6b{ip: 192.168.5.176, host: pr-hdds-1783-trunk-hq4zp-549785682, networkLocation: /default-rack, certSerialId: null}, Type:RATIS, Factor:ONE, State:OPEN]
2019-08-29 23:06:33,321 [EventQueue-StaleNodeForStaleNodeHandler] INFO  pipeline.PipelineStateManager (PipelineStateManager.java:finalizePipeline(123)) - Pipeline Pipeline[ Id: 52aa1f67-0dea-4e2f-ac6e-04f879e2fc8c, Nodes: 36a44bf1-0214-4ae3-b56c-359c5b44ef6b{ip: 192.168.5.176, host: pr-hdds-1783-trunk-hq4zp-549785682, networkLocation: /default-rack, certSerialId: null}, Type:RATIS, Factor:ONE, State:CLOSED] moved to CLOSED state
2019-08-29 23:06:33,369 | INFO  | SCMAudit | user=jenkins1000 | ip=192.168.5.176 | op=SEND_HEARTBEAT {datanodeUUID=f20020a9-6aa7-48f1-914d-cfe5895fa638, command=[]} | ret=SUCCESS |  
2019-08-29 23:06:33,369 | INFO  | SCMAudit | user=jenkins1000 | ip=192.168.5.176 | op=SEND_HEARTBEAT {datanodeUUID=39b1e362-24c6-40e1-a305-936b4ccaa1e0, command=[]} | ret=SUCCESS |  
2019-08-29 23:06:33,369 | INFO  | SCMAudit | user=jenkins1000 | ip=192.168.5.176 | op=SEND_HEARTBEAT {datanodeUUID=701eae18-0267-427a-94c7-9b910f8dde45, command=[]} | ret=SUCCESS |  
2019-08-29 23:06:33,599 [main] INFO  ozoneimpl.OzoneContainer (OzoneContainer.java:stop(215)) - Attempting to stop container services.
2019-08-29 23:06:33,599 [ForkJoinPool.commonPool-worker-0] INFO  ozoneimpl.OzoneContainer (OzoneContainer.java:stop(215)) - Attempting to stop container services.
2019-08-29 23:06:33,599 [main] INFO  impl.RaftServerProxy (RaftServerProxy.java:lambda$close$4(314)) - 36a44bf1-0214-4ae3-b56c-359c5b44ef6b: close
2019-08-29 23:06:33,600 [ForkJoinPool.commonPool-worker-0] INFO  impl.RaftServerProxy (RaftServerProxy.java:lambda$close$4(314)) - a4665db9-b31b-4d0b-b60e-b10125f1dc2f: close
2019-08-29 23:06:33,600 [main] INFO  impl.RaftServerImpl (RaftServerImpl.java:lambda$shutdown$3(245)) - 36a44bf1-0214-4ae3-b56c-359c5b44ef6b: shutdown group-04F879E2FC8C
2019-08-29 23:06:33,600 [ForkJoinPool.commonPool-worker-0] INFO  impl.RaftServerImpl (RaftServerImpl.java:lambda$shutdown$3(245)) - a4665db9-b31b-4d0b-b60e-b10125f1dc2f: shutdown group-0ABA8D42E045
2019-08-29 23:06:33,601 [main] INFO  util.JmxRegister (JmxRegister.java:unregister(73)) - Successfully un-registered JMX Bean with object name Ratis:service=RaftServer,group=group-04F879E2FC8C,id=36a44bf1-0214-4ae3-b56c-359c5b44ef6b
2019-08-29 23:06:33,601 [ForkJoinPool.commonPool-worker-0] INFO  util.JmxRegister (JmxRegister.java:unregister(73)) - Successfully un-registered JMX Bean with object name Ratis:service=RaftServer,group=group-0ABA8D42E045,id=a4665db9-b31b-4d0b-b60e-b10125f1dc2f
2019-08-29 23:06:33,601 [main] INFO  impl.RoleInfo (RoleInfo.java:shutdownLeaderState(104)) - 36a44bf1-0214-4ae3-b56c-359c5b44ef6b: shutdown LeaderState
2019-08-29 23:06:33,602 [ForkJoinPool.commonPool-worker-0] INFO  impl.RoleInfo (RoleInfo.java:shutdownLeaderState(104)) - a4665db9-b31b-4d0b-b60e-b10125f1dc2f: shutdown LeaderState
2019-08-29 23:06:33,602 [main] INFO  impl.PendingRequests (PendingRequests.java:sendNotLeaderResponses(202)) - 36a44bf1-0214-4ae3-b56c-359c5b44ef6b-PendingRequests: sendNotLeaderResponses
2019-08-29 23:06:33,602 [ForkJoinPool.commonPool-worker-0] INFO  impl.PendingRequests (PendingRequests.java:sendNotLeaderResponses(202)) - a4665db9-b31b-4d0b-b60e-b10125f1dc2f-PendingRequests: sendNotLeaderResponses
2019-08-29 23:06:33,603 [main] INFO  impl.StateMachineUpdater (StateMachineUpdater.java:stopAndJoin(115)) - StateMachineUpdater:36a44bf1-0214-4ae3-b56c-359c5b44ef6b:group-04F879E2FC8C: set stopIndex = 0
2019-08-29 23:06:33,603 [ForkJoinPool.commonPool-worker-0] INFO  impl.StateMachineUpdater (StateMachineUpdater.java:stopAndJoin(115)) - StateMachineUpdater:a4665db9-b31b-4d0b-b60e-b10125f1dc2f:group-0ABA8D42E045: set stopIndex = 0
2019-08-29 23:06:33,604 [main] INFO  impl.RaftServerImpl (ServerState.java:close(394)) - 36a44bf1-0214-4ae3-b56c-359c5b44ef6b:group-04F879E2FC8C closes. The last applied log index is 0
2019-08-29 23:06:33,604 [ForkJoinPool.commonPool-worker-0] INFO  impl.RaftServerImpl (ServerState.java:close(394)) - a4665db9-b31b-4d0b-b60e-b10125f1dc2f:group-0ABA8D42E045 closes. The last applied log index is 0
2019-08-29 23:06:33,605 [36a44bf1-0214-4ae3-b56c-359c5b44ef6b-SegmentedRaftLogWorker:Storage Directory /workdir/hadoop-ozone/integration-test/target/test-dir/MiniOzoneClusterImpl-fc4714e6-2d25-43ae-aa3c-bb84b829e8c3/datanode-4/data/ratis/52aa1f67-0dea-4e2f-ac6e-04f879e2fc8c] INFO  segmented.SegmentedRaftLogWorker (SegmentedRaftLogWorker.java:run(313)) - 36a44bf1-0214-4ae3-b56c-359c5b44ef6b-SegmentedRaftLogWorker:Storage Directory /workdir/hadoop-ozone/integration-test/target/test-dir/MiniOzoneClusterImpl-fc4714e6-2d25-43ae-aa3c-bb84b829e8c3/datanode-4/data/ratis/52aa1f67-0dea-4e2f-ac6e-04f879e2fc8c was interrupted, exiting. There are 0 tasks remaining in the queue.
2019-08-29 23:06:33,605 [a4665db9-b31b-4d0b-b60e-b10125f1dc2f-SegmentedRaftLogWorker:Storage Directory /workdir/hadoop-ozone/integration-test/target/test-dir/MiniOzoneClusterImpl-fc4714e6-2d25-43ae-aa3c-bb84b829e8c3/datanode-1/data/ratis/1d3067f6-86a2-485a-ab7a-0aba8d42e045] INFO  segmented.SegmentedRaftLogWorker (SegmentedRaftLogWorker.java:run(313)) - a4665db9-b31b-4d0b-b60e-b10125f1dc2f-SegmentedRaftLogWorker:Storage Directory /workdir/hadoop-ozone/integration-test/target/test-dir/MiniOzoneClusterImpl-fc4714e6-2d25-43ae-aa3c-bb84b829e8c3/datanode-1/data/ratis/1d3067f6-86a2-485a-ab7a-0aba8d42e045 was interrupted, exiting. There are 0 tasks remaining in the queue.
2019-08-29 23:06:33,610 [main] INFO  segmented.SegmentedRaftLogWorker (SegmentedRaftLogWorker.java:close(228)) - 36a44bf1-0214-4ae3-b56c-359c5b44ef6b-SegmentedRaftLogWorker:Storage Directory /workdir/hadoop-ozone/integration-test/target/test-dir/MiniOzoneClusterImpl-fc4714e6-2d25-43ae-aa3c-bb84b829e8c3/datanode-4/data/ratis/52aa1f67-0dea-4e2f-ac6e-04f879e2fc8c close()
2019-08-29 23:06:33,610 [ForkJoinPool.commonPool-worker-0] INFO  segmented.SegmentedRaftLogWorker (SegmentedRaftLogWorker.java:close(228)) - a4665db9-b31b-4d0b-b60e-b10125f1dc2f-SegmentedRaftLogWorker:Storage Directory /workdir/hadoop-ozone/integration-test/target/test-dir/MiniOzoneClusterImpl-fc4714e6-2d25-43ae-aa3c-bb84b829e8c3/datanode-1/data/ratis/1d3067f6-86a2-485a-ab7a-0aba8d42e045 close()
2019-08-29 23:06:33,614 [main] INFO  server.GrpcService (GrpcService.java:closeImpl(155)) - 36a44bf1-0214-4ae3-b56c-359c5b44ef6b: shutdown server with port 33315 now
2019-08-29 23:06:33,618 [ForkJoinPool.commonPool-worker-0] INFO  impl.RaftServerImpl (RaftServerImpl.java:lambda$shutdown$3(245)) - a4665db9-b31b-4d0b-b60e-b10125f1dc2f: shutdown group-B0DBF3A8E54A
2019-08-29 23:06:33,620 [main] INFO  server.GrpcService (GrpcService.java:closeImpl(163)) - 36a44bf1-0214-4ae3-b56c-359c5b44ef6b: shutdown server with port 33315 successfully
2019-08-29 23:06:33,620 [ForkJoinPool.commonPool-worker-0] INFO  util.JmxRegister (JmxRegister.java:unregister(73)) - Successfully un-registered JMX Bean with object name Ratis:service=RaftServer,group=group-B0DBF3A8E54A,id=a4665db9-b31b-4d0b-b60e-b10125f1dc2f
2019-08-29 23:06:33,621 [ForkJoinPool.commonPool-worker-0] INFO  impl.RoleInfo (RoleInfo.java:shutdownFollowerState(121)) - a4665db9-b31b-4d0b-b60e-b10125f1dc2f: shutdown FollowerState
2019-08-29 23:06:33,622 [ForkJoinPool.commonPool-worker-0] INFO  impl.StateMachineUpdater (StateMachineUpdater.java:stopAndJoin(115)) - StateMachineUpdater:a4665db9-b31b-4d0b-b60e-b10125f1dc2f:group-B0DBF3A8E54A: set stopIndex = 17
2019-08-29 23:06:33,622 [StateMachineUpdater:a4665db9-b31b-4d0b-b60e-b10125f1dc2f:group-B0DBF3A8E54A] INFO  ratis.ContainerStateMachine (ContainerStateMachine.java:takeSnapshot(284)) - group-B0DBF3A8E54A: Taking a snapshot at:(t:1, i:13) file /workdir/hadoop-ozone/integration-test/target/test-dir/MiniOzoneClusterImpl-fc4714e6-2d25-43ae-aa3c-bb84b829e8c3/datanode-1/data/ratis/0a82692b-c24a-439f-926f-b0dbf3a8e54a/sm/snapshot.1_13
2019-08-29 23:06:33,622 [Thread-3508] INFO  impl.FollowerState (FollowerState.java:run(114)) - a4665db9-b31b-4d0b-b60e-b10125f1dc2f: FollowerState was interrupted: java.lang.InterruptedException: sleep interrupted
2019-08-29 23:06:33,629 [refreshUsed-/workdir/hadoop-ozone/integration-test/target/test-dir/MiniOzoneClusterImpl-fc4714e6-2d25-43ae-aa3c-bb84b829e8c3/datanode-4/data/containers] WARN  fs.CachingGetSpaceUsed (CachingGetSpaceUsed.java:run(183)) - Thread Interrupted waiting to refresh disk information: sleep interrupted
2019-08-29 23:06:33,638 [StateMachineUpdater:a4665db9-b31b-4d0b-b60e-b10125f1dc2f:group-B0DBF3A8E54A] INFO  ratis.ContainerStateMachine (ContainerStateMachine.java:takeSnapshot(295)) - group-B0DBF3A8E54A: Finished taking a snapshot at:(t:1, i:13) file:/workdir/hadoop-ozone/integration-test/target/test-dir/MiniOzoneClusterImpl-fc4714e6-2d25-43ae-aa3c-bb84b829e8c3/datanode-1/data/ratis/0a82692b-c24a-439f-926f-b0dbf3a8e54a/sm/snapshot.1_13 time:17
2019-08-29 23:06:33,638 [StateMachineUpdater:a4665db9-b31b-4d0b-b60e-b10125f1dc2f:group-B0DBF3A8E54A] INFO  impl.StateMachineUpdater (StateMachineUpdater.java:takeSnapshot(242)) - StateMachineUpdater:a4665db9-b31b-4d0b-b60e-b10125f1dc2f:group-B0DBF3A8E54A: Took a snapshot at index 13
2019-08-29 23:06:33,638 [StateMachineUpdater:a4665db9-b31b-4d0b-b60e-b10125f1dc2f:group-B0DBF3A8E54A] INFO  impl.StateMachineUpdater (StateMachineUpdater.java:lambda$new$0(80)) - StateMachineUpdater:a4665db9-b31b-4d0b-b60e-b10125f1dc2f:group-B0DBF3A8E54A: snapshotIndex: updateIncreasingly -1 -> 13
2019-08-29 23:06:33,639 [ForkJoinPool.commonPool-worker-0] INFO  impl.RaftServerImpl (ServerState.java:close(394)) - a4665db9-b31b-4d0b-b60e-b10125f1dc2f:group-B0DBF3A8E54A closes. The last applied log index is 17
2019-08-29 23:06:33,639 [a4665db9-b31b-4d0b-b60e-b10125f1dc2f-SegmentedRaftLogWorker:Storage Directory /workdir/hadoop-ozone/integration-test/target/test-dir/MiniOzoneClusterImpl-fc4714e6-2d25-43ae-aa3c-bb84b829e8c3/datanode-1/data/ratis/0a82692b-c24a-439f-926f-b0dbf3a8e54a] INFO  segmented.SegmentedRaftLogWorker (SegmentedRaftLogWorker.java:run(313)) - a4665db9-b31b-4d0b-b60e-b10125f1dc2f-SegmentedRaftLogWorker:Storage Directory /workdir/hadoop-ozone/integration-test/target/test-dir/MiniOzoneClusterImpl-fc4714e6-2d25-43ae-aa3c-bb84b829e8c3/datanode-1/data/ratis/0a82692b-c24a-439f-926f-b0dbf3a8e54a was interrupted, exiting. There are 0 tasks remaining in the queue.
2019-08-29 23:06:33,642 [ForkJoinPool.commonPool-worker-0] INFO  segmented.SegmentedRaftLogWorker (SegmentedRaftLogWorker.java:close(228)) - a4665db9-b31b-4d0b-b60e-b10125f1dc2f-SegmentedRaftLogWorker:Storage Directory /workdir/hadoop-ozone/integration-test/target/test-dir/MiniOzoneClusterImpl-fc4714e6-2d25-43ae-aa3c-bb84b829e8c3/datanode-1/data/ratis/0a82692b-c24a-439f-926f-b0dbf3a8e54a close()
2019-08-29 23:06:33,645 [ForkJoinPool.commonPool-worker-0] INFO  server.GrpcService (GrpcService.java:closeImpl(155)) - a4665db9-b31b-4d0b-b60e-b10125f1dc2f: shutdown server with port 39139 now
2019-08-29 23:06:33,646 [grpc-default-executor-7] WARN  server.GrpcServerProtocolService (LogUtils.java:warn(134)) - a4665db9-b31b-4d0b-b60e-b10125f1dc2f: appendEntries onError: org.apache.ratis.thirdparty.io.grpc.StatusRuntimeException: CANCELLED: cancelled before receiving half close
2019-08-29 23:06:33,646 [ForkJoinPool.commonPool-worker-0] INFO  server.GrpcService (GrpcService.java:closeImpl(163)) - a4665db9-b31b-4d0b-b60e-b10125f1dc2f: shutdown server with port 39139 successfully
2019-08-29 23:06:33,646 [grpc-default-executor-6] WARN  server.GrpcLogAppender (LogUtils.java:warn(134)) - eecc47d9-bcc9-4792-b0a1-bf4e20a348f5->a4665db9-b31b-4d0b-b60e-b10125f1dc2f: Failed appendEntries: org.apache.ratis.thirdparty.io.grpc.StatusRuntimeException: CANCELLED: HTTP/2 error code: CANCEL
Received Rst Stream
2019-08-29 23:06:33,647 [grpc-default-executor-6] INFO  impl.FollowerInfo (FollowerInfo.java:lambda$new$0(50)) - eecc47d9-bcc9-4792-b0a1-bf4e20a348f5->a4665db9-b31b-4d0b-b60e-b10125f1dc2f: nextIndex: updateUnconditionally 18 -> 17
2019-08-29 23:06:33,652 [refreshUsed-/workdir/hadoop-ozone/integration-test/target/test-dir/MiniOzoneClusterImpl-fc4714e6-2d25-43ae-aa3c-bb84b829e8c3/datanode-1/data/containers] WARN  fs.CachingGetSpaceUsed (CachingGetSpaceUsed.java:run(183)) - Thread Interrupted waiting to refresh disk information: sleep interrupted
2019-08-29 23:06:33,656 [main] INFO  utils.BackgroundService (BackgroundService.java:shutdown(148)) - Shutting down service BlockDeletingService
2019-08-29 23:06:33,661 [main] INFO  statemachine.DatanodeStateMachine (DatanodeStateMachine.java:stopDaemon(395)) - Ozone container server stopped.
2019-08-29 23:06:33,662 [main] INFO  handler.ContextHandler (ContextHandler.java:doStop(910)) - Stopped o.e.j.w.WebAppContext@2fde9469{/,null,UNAVAILABLE}{/hddsDatanode}
2019-08-29 23:06:33,663 [main] INFO  server.AbstractConnector (AbstractConnector.java:doStop(318)) - Stopped ServerConnector@1ecf0ac6{HTTP/1.1,[http/1.1]}{0.0.0.0:0}
2019-08-29 23:06:33,663 [main] INFO  handler.ContextHandler (ContextHandler.java:doStop(910)) - Stopped o.e.j.s.ServletContextHandler@19a5b637{/static,jar:file:/home/user/.m2/repository/org/apache/hadoop/hadoop-hdds-container-service/0.5.0-SNAPSHOT/hadoop-hdds-container-service-0.5.0-SNAPSHOT.jar!/webapps/static,UNAVAILABLE}
2019-08-29 23:06:33,664 [main] INFO  handler.ContextHandler (ContextHandler.java:doStop(910)) - Stopped o.e.j.s.ServletContextHandler@70be89ec{/logs,file:///workdir/hadoop-ozone/integration-test/target/log,UNAVAILABLE}
2019-08-29 23:06:33,672 [ForkJoinPool.commonPool-worker-0] INFO  utils.BackgroundService (BackgroundService.java:shutdown(148)) - Shutting down service BlockDeletingService
2019-08-29 23:06:33,676 [ForkJoinPool.commonPool-worker-0] INFO  statemachine.DatanodeStateMachine (DatanodeStateMachine.java:stopDaemon(395)) - Ozone container server stopped.
2019-08-29 23:06:33,681 [ForkJoinPool.commonPool-worker-0] INFO  handler.ContextHandler (ContextHandler.java:doStop(910)) - Stopped o.e.j.w.WebAppContext@4f5f474c{/,null,UNAVAILABLE}{/hddsDatanode}
2019-08-29 23:06:33,682 [ForkJoinPool.commonPool-worker-0] INFO  server.AbstractConnector (AbstractConnector.java:doStop(318)) - Stopped ServerConnector@58a3d521{HTTP/1.1,[http/1.1]}{0.0.0.0:0}
2019-08-29 23:06:33,690 [ForkJoinPool.commonPool-worker-0] INFO  handler.ContextHandler (ContextHandler.java:doStop(910)) - Stopped o.e.j.s.ServletContextHandler@3cb6e0ee{/static,jar:file:/home/user/.m2/repository/org/apache/hadoop/hadoop-hdds-container-service/0.5.0-SNAPSHOT/hadoop-hdds-container-service-0.5.0-SNAPSHOT.jar!/webapps/static,UNAVAILABLE}
2019-08-29 23:06:33,690 [ForkJoinPool.commonPool-worker-0] INFO  handler.ContextHandler (ContextHandler.java:doStop(910)) - Stopped o.e.j.s.ServletContextHandler@451e2fa9{/logs,file:///workdir/hadoop-ozone/integration-test/target/log,UNAVAILABLE}
2019-08-29 23:06:33,707 [Datanode State Machine Thread - 0] INFO  statemachine.DatanodeStateMachine (DatanodeStateMachine.java:lambda$startDaemon$0(350)) - Ozone container server started.
2019-08-29 23:06:34,368 [Datanode State Machine Thread - 0] INFO  statemachine.DatanodeStateMachine (DatanodeStateMachine.java:lambda$startDaemon$0(350)) - Ozone container server started.
2019-08-29 23:06:34,370 | INFO  | SCMAudit | user=jenkins1000 | ip=192.168.5.176 | op=SEND_HEARTBEAT {datanodeUUID=701eae18-0267-427a-94c7-9b910f8dde45, command=[]} | ret=SUCCESS |  
2019-08-29 23:06:34,370 | INFO  | SCMAudit | user=jenkins1000 | ip=192.168.5.176 | op=SEND_HEARTBEAT {datanodeUUID=39b1e362-24c6-40e1-a305-936b4ccaa1e0, command=[]} | ret=SUCCESS |  
2019-08-29 23:06:35,156 [grpc-default-executor-6] WARN  server.GrpcLogAppender (LogUtils.java:warn(134)) - eecc47d9-bcc9-4792-b0a1-bf4e20a348f5->69eced68-633e-4b51-8723-aa3cc7d01e54: Failed appendEntries: org.apache.ratis.thirdparty.io.grpc.StatusRuntimeException: UNAVAILABLE: io exception
2019-08-29 23:06:35,157 [grpc-default-executor-6] INFO  impl.FollowerInfo (FollowerInfo.java:lambda$new$0(50)) - eecc47d9-bcc9-4792-b0a1-bf4e20a348f5->69eced68-633e-4b51-8723-aa3cc7d01e54: nextIndex: updateUnconditionally 0 -> 0
2019-08-29 23:06:35,158 [grpc-default-executor-6] WARN  server.GrpcLogAppender (LogUtils.java:warn(134)) - eecc47d9-bcc9-4792-b0a1-bf4e20a348f5->a4665db9-b31b-4d0b-b60e-b10125f1dc2f: Failed appendEntries: org.apache.ratis.thirdparty.io.grpc.StatusRuntimeException: UNAVAILABLE: io exception
2019-08-29 23:06:35,159 [grpc-default-executor-6] INFO  impl.FollowerInfo (FollowerInfo.java:lambda$new$0(50)) - eecc47d9-bcc9-4792-b0a1-bf4e20a348f5->a4665db9-b31b-4d0b-b60e-b10125f1dc2f: nextIndex: updateUnconditionally 17 -> 16
2019-08-29 23:06:35,370 | INFO  | SCMAudit | user=jenkins1000 | ip=192.168.5.176 | op=SEND_HEARTBEAT {datanodeUUID=39b1e362-24c6-40e1-a305-936b4ccaa1e0, command=[]} | ret=SUCCESS |  
2019-08-29 23:06:35,370 | INFO  | SCMAudit | user=jenkins1000 | ip=192.168.5.176 | op=SEND_HEARTBEAT {datanodeUUID=701eae18-0267-427a-94c7-9b910f8dde45, command=[]} | ret=SUCCESS |  
2019-08-29 23:06:36,370 | INFO  | SCMAudit | user=jenkins1000 | ip=192.168.5.176 | op=SEND_HEARTBEAT {datanodeUUID=39b1e362-24c6-40e1-a305-936b4ccaa1e0, command=[]} | ret=SUCCESS |  
2019-08-29 23:06:36,370 | INFO  | SCMAudit | user=jenkins1000 | ip=192.168.5.176 | op=SEND_HEARTBEAT {datanodeUUID=701eae18-0267-427a-94c7-9b910f8dde45, command=[]} | ret=SUCCESS |  
2019-08-29 23:06:37,371 | INFO  | SCMAudit | user=jenkins1000 | ip=192.168.5.176 | op=SEND_HEARTBEAT {datanodeUUID=39b1e362-24c6-40e1-a305-936b4ccaa1e0, command=[]} | ret=SUCCESS |  
2019-08-29 23:06:37,371 | INFO  | SCMAudit | user=jenkins1000 | ip=192.168.5.176 | op=SEND_HEARTBEAT {datanodeUUID=701eae18-0267-427a-94c7-9b910f8dde45, command=[]} | ret=SUCCESS |  
2019-08-29 23:06:37,657 [grpc-default-executor-7] WARN  server.GrpcLogAppender (LogUtils.java:warn(134)) - eecc47d9-bcc9-4792-b0a1-bf4e20a348f5->69eced68-633e-4b51-8723-aa3cc7d01e54: Failed appendEntries: org.apache.ratis.thirdparty.io.grpc.StatusRuntimeException: UNAVAILABLE: io exception
2019-08-29 23:06:37,658 [grpc-default-executor-7] INFO  impl.FollowerInfo (FollowerInfo.java:lambda$new$0(50)) - eecc47d9-bcc9-4792-b0a1-bf4e20a348f5->69eced68-633e-4b51-8723-aa3cc7d01e54: nextIndex: updateUnconditionally 0 -> 0
2019-08-29 23:06:37,660 [grpc-default-executor-7] WARN  server.GrpcLogAppender (LogUtils.java:warn(134)) - eecc47d9-bcc9-4792-b0a1-bf4e20a348f5->a4665db9-b31b-4d0b-b60e-b10125f1dc2f: Failed appendEntries: org.apache.ratis.thirdparty.io.grpc.StatusRuntimeException: UNAVAILABLE: io exception
2019-08-29 23:06:37,660 [grpc-default-executor-7] INFO  impl.FollowerInfo (FollowerInfo.java:lambda$new$0(50)) - eecc47d9-bcc9-4792-b0a1-bf4e20a348f5->a4665db9-b31b-4d0b-b60e-b10125f1dc2f: nextIndex: updateUnconditionally 16 -> 15
2019-08-29 23:06:37,727 [EventQueue-StaleNodeForStaleNodeHandler] INFO  node.StaleNodeHandler (StaleNodeHandler.java:onMessage(58)) - Datanode eecc47d9-bcc9-4792-b0a1-bf4e20a348f5{ip: 192.168.5.176, host: pr-hdds-1783-trunk-hq4zp-549785682, networkLocation: /default-rack, certSerialId: null} moved to stale state. Finalizing its pipelines [PipelineID=c2504a0a-4a23-4a3e-9b8e-e9576d0bda52, PipelineID=0a82692b-c24a-439f-926f-b0dbf3a8e54a]
2019-08-29 23:06:37,727 [EventQueue-StaleNodeForStaleNodeHandler] INFO  pipeline.SCMPipelineManager (SCMPipelineManager.java:finalizeAndDestroyPipeline(309)) - destroying pipeline:Pipeline[ Id: c2504a0a-4a23-4a3e-9b8e-e9576d0bda52, Nodes: eecc47d9-bcc9-4792-b0a1-bf4e20a348f5{ip: 192.168.5.176, host: pr-hdds-1783-trunk-hq4zp-549785682, networkLocation: /default-rack, certSerialId: null}, Type:RATIS, Factor:ONE, State:OPEN]
2019-08-29 23:06:37,727 [EventQueue-StaleNodeForStaleNodeHandler] INFO  pipeline.PipelineStateManager (PipelineStateManager.java:finalizePipeline(123)) - Pipeline Pipeline[ Id: c2504a0a-4a23-4a3e-9b8e-e9576d0bda52, Nodes: eecc47d9-bcc9-4792-b0a1-bf4e20a348f5{ip: 192.168.5.176, host: pr-hdds-1783-trunk-hq4zp-549785682, networkLocation: /default-rack, certSerialId: null}, Type:RATIS, Factor:ONE, State:CLOSED] moved to CLOSED state
2019-08-29 23:06:37,727 [EventQueue-StaleNodeForStaleNodeHandler] INFO  pipeline.SCMPipelineManager (SCMPipelineManager.java:finalizeAndDestroyPipeline(309)) - destroying pipeline:Pipeline[ Id: 0a82692b-c24a-439f-926f-b0dbf3a8e54a, Nodes: 69eced68-633e-4b51-8723-aa3cc7d01e54{ip: 192.168.5.176, host: pr-hdds-1783-trunk-hq4zp-549785682, networkLocation: /default-rack, certSerialId: null}eecc47d9-bcc9-4792-b0a1-bf4e20a348f5{ip: 192.168.5.176, host: pr-hdds-1783-trunk-hq4zp-549785682, networkLocation: /default-rack, certSerialId: null}a4665db9-b31b-4d0b-b60e-b10125f1dc2f{ip: 192.168.5.176, host: pr-hdds-1783-trunk-hq4zp-549785682, networkLocation: /default-rack, certSerialId: null}, Type:RATIS, Factor:THREE, State:CLOSED]
2019-08-29 23:06:38,371 | INFO  | SCMAudit | user=jenkins1000 | ip=192.168.5.176 | op=SEND_HEARTBEAT {datanodeUUID=39b1e362-24c6-40e1-a305-936b4ccaa1e0, command=[]} | ret=SUCCESS |  
2019-08-29 23:06:38,371 | INFO  | SCMAudit | user=jenkins1000 | ip=192.168.5.176 | op=SEND_HEARTBEAT {datanodeUUID=701eae18-0267-427a-94c7-9b910f8dde45, command=[]} | ret=SUCCESS |  
2019-08-29 23:06:38,428 [EventQueue-StaleNodeForStaleNodeHandler] INFO  node.StaleNodeHandler (StaleNodeHandler.java:onMessage(58)) - Datanode f20020a9-6aa7-48f1-914d-cfe5895fa638{ip: 192.168.5.176, host: pr-hdds-1783-trunk-hq4zp-549785682, networkLocation: /default-rack, certSerialId: null} moved to stale state. Finalizing its pipelines [PipelineID=3214dbd9-5d12-401e-9c95-c59c53297e53, PipelineID=3d0d883a-e2b6-4ab9-bf01-1e9d348bfb63]
2019-08-29 23:06:38,428 [EventQueue-StaleNodeForStaleNodeHandler] INFO  pipeline.SCMPipelineManager (SCMPipelineManager.java:finalizeAndDestroyPipeline(309)) - destroying pipeline:Pipeline[ Id: 3214dbd9-5d12-401e-9c95-c59c53297e53, Nodes: f20020a9-6aa7-48f1-914d-cfe5895fa638{ip: 192.168.5.176, host: pr-hdds-1783-trunk-hq4zp-549785682, networkLocation: /default-rack, certSerialId: null}, Type:RATIS, Factor:ONE, State:OPEN]
2019-08-29 23:06:38,428 [EventQueue-StaleNodeForStaleNodeHandler] INFO  pipeline.PipelineStateManager (PipelineStateManager.java:finalizePipeline(123)) - Pipeline Pipeline[ Id: 3214dbd9-5d12-401e-9c95-c59c53297e53, Nodes: f20020a9-6aa7-48f1-914d-cfe5895fa638{ip: 192.168.5.176, host: pr-hdds-1783-trunk-hq4zp-549785682, networkLocation: /default-rack, certSerialId: null}, Type:RATIS, Factor:ONE, State:CLOSED] moved to CLOSED state
2019-08-29 23:06:38,429 [EventQueue-StaleNodeForStaleNodeHandler] INFO  pipeline.SCMPipelineManager (SCMPipelineManager.java:finalizeAndDestroyPipeline(309)) - destroying pipeline:Pipeline[ Id: 3d0d883a-e2b6-4ab9-bf01-1e9d348bfb63, Nodes: f20020a9-6aa7-48f1-914d-cfe5895fa638{ip: 192.168.5.176, host: pr-hdds-1783-trunk-hq4zp-549785682, networkLocation: /default-rack, certSerialId: null}39b1e362-24c6-40e1-a305-936b4ccaa1e0{ip: 192.168.5.176, host: pr-hdds-1783-trunk-hq4zp-549785682, networkLocation: /default-rack, certSerialId: null}701eae18-0267-427a-94c7-9b910f8dde45{ip: 192.168.5.176, host: pr-hdds-1783-trunk-hq4zp-549785682, networkLocation: /default-rack, certSerialId: null}, Type:RATIS, Factor:THREE, State:OPEN]
2019-08-29 23:06:38,429 [EventQueue-StaleNodeForStaleNodeHandler] INFO  pipeline.PipelineStateManager (PipelineStateManager.java:finalizePipeline(123)) - Pipeline Pipeline[ Id: 3d0d883a-e2b6-4ab9-bf01-1e9d348bfb63, Nodes: f20020a9-6aa7-48f1-914d-cfe5895fa638{ip: 192.168.5.176, host: pr-hdds-1783-trunk-hq4zp-549785682, networkLocation: /default-rack, certSerialId: null}39b1e362-24c6-40e1-a305-936b4ccaa1e0{ip: 192.168.5.176, host: pr-hdds-1783-trunk-hq4zp-549785682, networkLocation: /default-rack, certSerialId: null}701eae18-0267-427a-94c7-9b910f8dde45{ip: 192.168.5.176, host: pr-hdds-1783-trunk-hq4zp-549785682, networkLocation: /default-rack, certSerialId: null}, Type:RATIS, Factor:THREE, State:CLOSED] moved to CLOSED state
2019-08-29 23:06:38,429 [EventQueue-CloseContainerForCloseContainerEventHandler] INFO  container.CloseContainerEventHandler (CloseContainerEventHandler.java:onMessage(61)) - Close container Event triggered for container : #2
2019-08-29 23:06:38,665 [main] INFO  ozoneimpl.OzoneContainer (OzoneContainer.java:stop(215)) - Attempting to stop container services.
2019-08-29 23:06:38,666 [main] INFO  impl.RaftServerProxy (RaftServerProxy.java:lambda$close$4(314)) - f20020a9-6aa7-48f1-914d-cfe5895fa638: close
2019-08-29 23:06:38,666 [main] INFO  impl.RaftServerImpl (RaftServerImpl.java:lambda$shutdown$3(245)) - f20020a9-6aa7-48f1-914d-cfe5895fa638: shutdown group-C59C53297E53
2019-08-29 23:06:38,667 [main] INFO  util.JmxRegister (JmxRegister.java:unregister(73)) - Successfully un-registered JMX Bean with object name Ratis:service=RaftServer,group=group-C59C53297E53,id=f20020a9-6aa7-48f1-914d-cfe5895fa638
2019-08-29 23:06:38,667 [main] INFO  impl.RoleInfo (RoleInfo.java:shutdownLeaderState(104)) - f20020a9-6aa7-48f1-914d-cfe5895fa638: shutdown LeaderState
2019-08-29 23:06:38,667 [main] INFO  impl.PendingRequests (PendingRequests.java:sendNotLeaderResponses(202)) - f20020a9-6aa7-48f1-914d-cfe5895fa638-PendingRequests: sendNotLeaderResponses
2019-08-29 23:06:38,668 [main] INFO  impl.StateMachineUpdater (StateMachineUpdater.java:stopAndJoin(115)) - StateMachineUpdater:f20020a9-6aa7-48f1-914d-cfe5895fa638:group-C59C53297E53: set stopIndex = 0
2019-08-29 23:06:38,668 [main] INFO  impl.RaftServerImpl (ServerState.java:close(394)) - f20020a9-6aa7-48f1-914d-cfe5895fa638:group-C59C53297E53 closes. The last applied log index is 0
2019-08-29 23:06:38,669 [f20020a9-6aa7-48f1-914d-cfe5895fa638-SegmentedRaftLogWorker:Storage Directory /workdir/hadoop-ozone/integration-test/target/test-dir/MiniOzoneClusterImpl-fc4714e6-2d25-43ae-aa3c-bb84b829e8c3/datanode-3/data/ratis/3214dbd9-5d12-401e-9c95-c59c53297e53] INFO  segmented.SegmentedRaftLogWorker (SegmentedRaftLogWorker.java:run(313)) - f20020a9-6aa7-48f1-914d-cfe5895fa638-SegmentedRaftLogWorker:Storage Directory /workdir/hadoop-ozone/integration-test/target/test-dir/MiniOzoneClusterImpl-fc4714e6-2d25-43ae-aa3c-bb84b829e8c3/datanode-3/data/ratis/3214dbd9-5d12-401e-9c95-c59c53297e53 was interrupted, exiting. There are 0 tasks remaining in the queue.
2019-08-29 23:06:38,672 [main] INFO  segmented.SegmentedRaftLogWorker (SegmentedRaftLogWorker.java:close(228)) - f20020a9-6aa7-48f1-914d-cfe5895fa638-SegmentedRaftLogWorker:Storage Directory /workdir/hadoop-ozone/integration-test/target/test-dir/MiniOzoneClusterImpl-fc4714e6-2d25-43ae-aa3c-bb84b829e8c3/datanode-3/data/ratis/3214dbd9-5d12-401e-9c95-c59c53297e53 close()
2019-08-29 23:06:38,676 [main] INFO  impl.RaftServerImpl (RaftServerImpl.java:lambda$shutdown$3(245)) - f20020a9-6aa7-48f1-914d-cfe5895fa638: shutdown group-1E9D348BFB63
2019-08-29 23:06:38,676 [main] INFO  util.JmxRegister (JmxRegister.java:unregister(73)) - Successfully un-registered JMX Bean with object name Ratis:service=RaftServer,group=group-1E9D348BFB63,id=f20020a9-6aa7-48f1-914d-cfe5895fa638
2019-08-29 23:06:38,677 [main] INFO  impl.RoleInfo (RoleInfo.java:shutdownFollowerState(121)) - f20020a9-6aa7-48f1-914d-cfe5895fa638: shutdown FollowerState
2019-08-29 23:06:38,677 [main] INFO  impl.StateMachineUpdater (StateMachineUpdater.java:stopAndJoin(115)) - StateMachineUpdater:f20020a9-6aa7-48f1-914d-cfe5895fa638:group-1E9D348BFB63: set stopIndex = 16
2019-08-29 23:06:38,677 [Thread-3450] INFO  impl.FollowerState (FollowerState.java:run(114)) - f20020a9-6aa7-48f1-914d-cfe5895fa638: FollowerState was interrupted: java.lang.InterruptedException: sleep interrupted
2019-08-29 23:06:38,677 [StateMachineUpdater:f20020a9-6aa7-48f1-914d-cfe5895fa638:group-1E9D348BFB63] INFO  ratis.ContainerStateMachine (ContainerStateMachine.java:takeSnapshot(284)) - group-1E9D348BFB63: Taking a snapshot at:(t:2, i:14) file /workdir/hadoop-ozone/integration-test/target/test-dir/MiniOzoneClusterImpl-fc4714e6-2d25-43ae-aa3c-bb84b829e8c3/datanode-3/data/ratis/3d0d883a-e2b6-4ab9-bf01-1e9d348bfb63/sm/snapshot.2_14
2019-08-29 23:06:38,692 [ForkJoinPool.commonPool-worker-0] INFO  ozoneimpl.OzoneContainer (OzoneContainer.java:stop(215)) - Attempting to stop container services.
2019-08-29 23:06:38,692 [ForkJoinPool.commonPool-worker-0] INFO  impl.RaftServerProxy (RaftServerProxy.java:lambda$close$4(314)) - eecc47d9-bcc9-4792-b0a1-bf4e20a348f5: close
2019-08-29 23:06:38,692 [ForkJoinPool.commonPool-worker-0] INFO  impl.RaftServerImpl (RaftServerImpl.java:lambda$shutdown$3(245)) - eecc47d9-bcc9-4792-b0a1-bf4e20a348f5: shutdown group-E9576D0BDA52
2019-08-29 23:06:38,692 [ForkJoinPool.commonPool-worker-0] INFO  util.JmxRegister (JmxRegister.java:unregister(73)) - Successfully un-registered JMX Bean with object name Ratis:service=RaftServer,group=group-E9576D0BDA52,id=eecc47d9-bcc9-4792-b0a1-bf4e20a348f5
2019-08-29 23:06:38,693 [ForkJoinPool.commonPool-worker-0] INFO  impl.RoleInfo (RoleInfo.java:shutdownLeaderState(104)) - eecc47d9-bcc9-4792-b0a1-bf4e20a348f5: shutdown LeaderState
2019-08-29 23:06:38,693 [ForkJoinPool.commonPool-worker-0] INFO  impl.PendingRequests (PendingRequests.java:sendNotLeaderResponses(202)) - eecc47d9-bcc9-4792-b0a1-bf4e20a348f5-PendingRequests: sendNotLeaderResponses
2019-08-29 23:06:38,693 [ForkJoinPool.commonPool-worker-0] INFO  impl.StateMachineUpdater (StateMachineUpdater.java:stopAndJoin(115)) - StateMachineUpdater:eecc47d9-bcc9-4792-b0a1-bf4e20a348f5:group-E9576D0BDA52: set stopIndex = 0
2019-08-29 23:06:38,694 [ForkJoinPool.commonPool-worker-0] INFO  impl.RaftServerImpl (ServerState.java:close(394)) - eecc47d9-bcc9-4792-b0a1-bf4e20a348f5:group-E9576D0BDA52 closes. The last applied log index is 0
2019-08-29 23:06:38,694 [eecc47d9-bcc9-4792-b0a1-bf4e20a348f5-SegmentedRaftLogWorker:Storage Directory /workdir/hadoop-ozone/integration-test/target/test-dir/MiniOzoneClusterImpl-fc4714e6-2d25-43ae-aa3c-bb84b829e8c3/datanode-0/data/ratis/c2504a0a-4a23-4a3e-9b8e-e9576d0bda52] INFO  segmented.SegmentedRaftLogWorker (SegmentedRaftLogWorker.java:run(313)) - eecc47d9-bcc9-4792-b0a1-bf4e20a348f5-SegmentedRaftLogWorker:Storage Directory /workdir/hadoop-ozone/integration-test/target/test-dir/MiniOzoneClusterImpl-fc4714e6-2d25-43ae-aa3c-bb84b829e8c3/datanode-0/data/ratis/c2504a0a-4a23-4a3e-9b8e-e9576d0bda52 was interrupted, exiting. There are 0 tasks remaining in the queue.
2019-08-29 23:06:38,696 [ForkJoinPool.commonPool-worker-0] INFO  segmented.SegmentedRaftLogWorker (SegmentedRaftLogWorker.java:close(228)) - eecc47d9-bcc9-4792-b0a1-bf4e20a348f5-SegmentedRaftLogWorker:Storage Directory /workdir/hadoop-ozone/integration-test/target/test-dir/MiniOzoneClusterImpl-fc4714e6-2d25-43ae-aa3c-bb84b829e8c3/datanode-0/data/ratis/c2504a0a-4a23-4a3e-9b8e-e9576d0bda52 close()
2019-08-29 23:06:38,699 [ForkJoinPool.commonPool-worker-0] INFO  impl.RaftServerImpl (RaftServerImpl.java:lambda$shutdown$3(245)) - eecc47d9-bcc9-4792-b0a1-bf4e20a348f5: shutdown group-B0DBF3A8E54A
2019-08-29 23:06:38,700 [ForkJoinPool.commonPool-worker-0] INFO  util.JmxRegister (JmxRegister.java:unregister(73)) - Successfully un-registered JMX Bean with object name Ratis:service=RaftServer,group=group-B0DBF3A8E54A,id=eecc47d9-bcc9-4792-b0a1-bf4e20a348f5
2019-08-29 23:06:38,700 [ForkJoinPool.commonPool-worker-0] INFO  impl.RoleInfo (RoleInfo.java:shutdownLeaderState(104)) - eecc47d9-bcc9-4792-b0a1-bf4e20a348f5: shutdown LeaderState
2019-08-29 23:06:38,702 [StateMachineUpdater:f20020a9-6aa7-48f1-914d-cfe5895fa638:group-1E9D348BFB63] INFO  ratis.ContainerStateMachine (ContainerStateMachine.java:takeSnapshot(295)) - group-1E9D348BFB63: Finished taking a snapshot at:(t:2, i:14) file:/workdir/hadoop-ozone/integration-test/target/test-dir/MiniOzoneClusterImpl-fc4714e6-2d25-43ae-aa3c-bb84b829e8c3/datanode-3/data/ratis/3d0d883a-e2b6-4ab9-bf01-1e9d348bfb63/sm/snapshot.2_14 time:25
2019-08-29 23:06:38,703 [ForkJoinPool.commonPool-worker-0] INFO  impl.PendingRequests (PendingRequests.java:sendNotLeaderResponses(202)) - eecc47d9-bcc9-4792-b0a1-bf4e20a348f5-PendingRequests: sendNotLeaderResponses
2019-08-29 23:06:38,703 [StateMachineUpdater:f20020a9-6aa7-48f1-914d-cfe5895fa638:group-1E9D348BFB63] INFO  impl.StateMachineUpdater (StateMachineUpdater.java:takeSnapshot(242)) - StateMachineUpdater:f20020a9-6aa7-48f1-914d-cfe5895fa638:group-1E9D348BFB63: Took a snapshot at index 14
2019-08-29 23:06:38,703 [org.apache.ratis.server.impl.LogAppender$AppenderDaemon$$Lambda$532/942354732@3afdf16c] WARN  server.GrpcLogAppender (GrpcLogAppender.java:mayWait(143)) - GrpcLogAppender(eecc47d9-bcc9-4792-b0a1-bf4e20a348f5->69eced68-633e-4b51-8723-aa3cc7d01e54): Wait interrupted by java.lang.InterruptedException
2019-08-29 23:06:38,704 [StateMachineUpdater:eecc47d9-bcc9-4792-b0a1-bf4e20a348f5:group-B0DBF3A8E54A] INFO  ratis.ContainerStateMachine (ContainerStateMachine.java:takeSnapshot(284)) - group-B0DBF3A8E54A: Taking a snapshot at:(t:1, i:13) file /workdir/hadoop-ozone/integration-test/target/test-dir/MiniOzoneClusterImpl-fc4714e6-2d25-43ae-aa3c-bb84b829e8c3/datanode-0/data/ratis/0a82692b-c24a-439f-926f-b0dbf3a8e54a/sm/snapshot.1_13
2019-08-29 23:06:38,703 [org.apache.ratis.server.impl.LogAppender$AppenderDaemon$$Lambda$532/942354732@79a596e1] WARN  server.GrpcLogAppender (GrpcLogAppender.java:mayWait(143)) - GrpcLogAppender(eecc47d9-bcc9-4792-b0a1-bf4e20a348f5->a4665db9-b31b-4d0b-b60e-b10125f1dc2f): Wait interrupted by java.lang.InterruptedException
2019-08-29 23:06:38,704 [ForkJoinPool.commonPool-worker-0] INFO  impl.StateMachineUpdater (StateMachineUpdater.java:stopAndJoin(115)) - StateMachineUpdater:eecc47d9-bcc9-4792-b0a1-bf4e20a348f5:group-B0DBF3A8E54A: set stopIndex = 17
2019-08-29 23:06:38,704 [StateMachineUpdater:f20020a9-6aa7-48f1-914d-cfe5895fa638:group-1E9D348BFB63] INFO  impl.StateMachineUpdater (StateMachineUpdater.java:lambda$new$0(80)) - StateMachineUpdater:f20020a9-6aa7-48f1-914d-cfe5895fa638:group-1E9D348BFB63: snapshotIndex: updateIncreasingly -1 -> 14
2019-08-29 23:06:38,705 [main] INFO  impl.RaftServerImpl (ServerState.java:close(394)) - f20020a9-6aa7-48f1-914d-cfe5895fa638:group-1E9D348BFB63 closes. The last applied log index is 16
2019-08-29 23:06:38,706 [f20020a9-6aa7-48f1-914d-cfe5895fa638-SegmentedRaftLogWorker:Storage Directory /workdir/hadoop-ozone/integration-test/target/test-dir/MiniOzoneClusterImpl-fc4714e6-2d25-43ae-aa3c-bb84b829e8c3/datanode-3/data/ratis/3d0d883a-e2b6-4ab9-bf01-1e9d348bfb63] INFO  segmented.SegmentedRaftLogWorker (SegmentedRaftLogWorker.java:run(313)) - f20020a9-6aa7-48f1-914d-cfe5895fa638-SegmentedRaftLogWorker:Storage Directory /workdir/hadoop-ozone/integration-test/target/test-dir/MiniOzoneClusterImpl-fc4714e6-2d25-43ae-aa3c-bb84b829e8c3/datanode-3/data/ratis/3d0d883a-e2b6-4ab9-bf01-1e9d348bfb63 was interrupted, exiting. There are 0 tasks remaining in the queue.
2019-08-29 23:06:38,708 [StateMachineUpdater:eecc47d9-bcc9-4792-b0a1-bf4e20a348f5:group-B0DBF3A8E54A] INFO  ratis.ContainerStateMachine (ContainerStateMachine.java:takeSnapshot(295)) - group-B0DBF3A8E54A: Finished taking a snapshot at:(t:1, i:13) file:/workdir/hadoop-ozone/integration-test/target/test-dir/MiniOzoneClusterImpl-fc4714e6-2d25-43ae-aa3c-bb84b829e8c3/datanode-0/data/ratis/0a82692b-c24a-439f-926f-b0dbf3a8e54a/sm/snapshot.1_13 time:3
2019-08-29 23:06:38,708 [main] INFO  segmented.SegmentedRaftLogWorker (SegmentedRaftLogWorker.java:close(228)) - f20020a9-6aa7-48f1-914d-cfe5895fa638-SegmentedRaftLogWorker:Storage Directory /workdir/hadoop-ozone/integration-test/target/test-dir/MiniOzoneClusterImpl-fc4714e6-2d25-43ae-aa3c-bb84b829e8c3/datanode-3/data/ratis/3d0d883a-e2b6-4ab9-bf01-1e9d348bfb63 close()
2019-08-29 23:06:38,708 [StateMachineUpdater:eecc47d9-bcc9-4792-b0a1-bf4e20a348f5:group-B0DBF3A8E54A] INFO  impl.StateMachineUpdater (StateMachineUpdater.java:takeSnapshot(242)) - StateMachineUpdater:eecc47d9-bcc9-4792-b0a1-bf4e20a348f5:group-B0DBF3A8E54A: Took a snapshot at index 13
2019-08-29 23:06:38,711 [StateMachineUpdater:eecc47d9-bcc9-4792-b0a1-bf4e20a348f5:group-B0DBF3A8E54A] INFO  impl.StateMachineUpdater (StateMachineUpdater.java:lambda$new$0(80)) - StateMachineUpdater:eecc47d9-bcc9-4792-b0a1-bf4e20a348f5:group-B0DBF3A8E54A: snapshotIndex: updateIncreasingly -1 -> 13
2019-08-29 23:06:38,711 [main] INFO  server.GrpcService (GrpcService.java:closeImpl(155)) - f20020a9-6aa7-48f1-914d-cfe5895fa638: shutdown server with port 38642 now
2019-08-29 23:06:38,712 [ForkJoinPool.commonPool-worker-0] INFO  impl.RaftServerImpl (ServerState.java:close(394)) - eecc47d9-bcc9-4792-b0a1-bf4e20a348f5:group-B0DBF3A8E54A closes. The last applied log index is 17
2019-08-29 23:06:38,712 [eecc47d9-bcc9-4792-b0a1-bf4e20a348f5-SegmentedRaftLogWorker:Storage Directory /workdir/hadoop-ozone/integration-test/target/test-dir/MiniOzoneClusterImpl-fc4714e6-2d25-43ae-aa3c-bb84b829e8c3/datanode-0/data/ratis/0a82692b-c24a-439f-926f-b0dbf3a8e54a] INFO  segmented.SegmentedRaftLogWorker (SegmentedRaftLogWorker.java:run(313)) - eecc47d9-bcc9-4792-b0a1-bf4e20a348f5-SegmentedRaftLogWorker:Storage Directory /workdir/hadoop-ozone/integration-test/target/test-dir/MiniOzoneClusterImpl-fc4714e6-2d25-43ae-aa3c-bb84b829e8c3/datanode-0/data/ratis/0a82692b-c24a-439f-926f-b0dbf3a8e54a was interrupted, exiting. There are 0 tasks remaining in the queue.
2019-08-29 23:06:38,714 [grpc-default-executor-7] WARN  server.GrpcServerProtocolService (LogUtils.java:warn(134)) - f20020a9-6aa7-48f1-914d-cfe5895fa638: appendEntries onError: org.apache.ratis.thirdparty.io.grpc.StatusRuntimeException: CANCELLED: cancelled before receiving half close
2019-08-29 23:06:38,714 [ForkJoinPool.commonPool-worker-0] INFO  segmented.SegmentedRaftLogWorker (SegmentedRaftLogWorker.java:close(228)) - eecc47d9-bcc9-4792-b0a1-bf4e20a348f5-SegmentedRaftLogWorker:Storage Directory /workdir/hadoop-ozone/integration-test/target/test-dir/MiniOzoneClusterImpl-fc4714e6-2d25-43ae-aa3c-bb84b829e8c3/datanode-0/data/ratis/0a82692b-c24a-439f-926f-b0dbf3a8e54a close()
2019-08-29 23:06:38,715 [grpc-default-executor-7] WARN  server.GrpcLogAppender (LogUtils.java:warn(134)) - 701eae18-0267-427a-94c7-9b910f8dde45->f20020a9-6aa7-48f1-914d-cfe5895fa638: Failed appendEntries: org.apache.ratis.thirdparty.io.grpc.StatusRuntimeException: CANCELLED: HTTP/2 error code: CANCEL
Received Rst Stream
2019-08-29 23:06:38,714 [main] INFO  server.GrpcService (GrpcService.java:closeImpl(163)) - f20020a9-6aa7-48f1-914d-cfe5895fa638: shutdown server with port 38642 successfully
2019-08-29 23:06:38,718 [grpc-default-executor-7] INFO  impl.FollowerInfo (FollowerInfo.java:lambda$new$0(50)) - 701eae18-0267-427a-94c7-9b910f8dde45->f20020a9-6aa7-48f1-914d-cfe5895fa638: nextIndex: updateUnconditionally 17 -> 16
2019-08-29 23:06:38,718 [ForkJoinPool.commonPool-worker-0] INFO  server.GrpcService (GrpcService.java:closeImpl(155)) - eecc47d9-bcc9-4792-b0a1-bf4e20a348f5: shutdown server with port 39768 now
2019-08-29 23:06:38,719 [ForkJoinPool.commonPool-worker-0] INFO  server.GrpcService (GrpcService.java:closeImpl(163)) - eecc47d9-bcc9-4792-b0a1-bf4e20a348f5: shutdown server with port 39768 successfully
2019-08-29 23:06:38,720 [refreshUsed-/workdir/hadoop-ozone/integration-test/target/test-dir/MiniOzoneClusterImpl-fc4714e6-2d25-43ae-aa3c-bb84b829e8c3/datanode-3/data/containers] WARN  fs.CachingGetSpaceUsed (CachingGetSpaceUsed.java:run(183)) - Thread Interrupted waiting to refresh disk information: sleep interrupted
2019-08-29 23:06:38,724 [refreshUsed-/workdir/hadoop-ozone/integration-test/target/test-dir/MiniOzoneClusterImpl-fc4714e6-2d25-43ae-aa3c-bb84b829e8c3/datanode-0/data/containers] WARN  fs.CachingGetSpaceUsed (CachingGetSpaceUsed.java:run(183)) - Thread Interrupted waiting to refresh disk information: sleep interrupted
2019-08-29 23:06:38,746 [ForkJoinPool.commonPool-worker-0] INFO  utils.BackgroundService (BackgroundService.java:shutdown(148)) - Shutting down service BlockDeletingService
2019-08-29 23:06:38,750 [ForkJoinPool.commonPool-worker-0] INFO  statemachine.DatanodeStateMachine (DatanodeStateMachine.java:stopDaemon(395)) - Ozone container server stopped.
2019-08-29 23:06:38,754 [ForkJoinPool.commonPool-worker-0] INFO  handler.ContextHandler (ContextHandler.java:doStop(910)) - Stopped o.e.j.w.WebAppContext@36478bce{/,null,UNAVAILABLE}{/hddsDatanode}
2019-08-29 23:06:38,754 [ForkJoinPool.commonPool-worker-0] INFO  server.AbstractConnector (AbstractConnector.java:doStop(318)) - Stopped ServerConnector@c48b543{HTTP/1.1,[http/1.1]}{0.0.0.0:0}
2019-08-29 23:06:38,755 [ForkJoinPool.commonPool-worker-0] INFO  handler.ContextHandler (ContextHandler.java:doStop(910)) - Stopped o.e.j.s.ServletContextHandler@46468f0{/static,jar:file:/home/user/.m2/repository/org/apache/hadoop/hadoop-hdds-container-service/0.5.0-SNAPSHOT/hadoop-hdds-container-service-0.5.0-SNAPSHOT.jar!/webapps/static,UNAVAILABLE}
2019-08-29 23:06:38,755 [ForkJoinPool.commonPool-worker-0] INFO  handler.ContextHandler (ContextHandler.java:doStop(910)) - Stopped o.e.j.s.ServletContextHandler@143fefaf{/logs,file:///workdir/hadoop-ozone/integration-test/target/log,UNAVAILABLE}
2019-08-29 23:06:38,756 [main] INFO  utils.BackgroundService (BackgroundService.java:shutdown(148)) - Shutting down service BlockDeletingService
2019-08-29 23:06:38,760 [main] INFO  statemachine.DatanodeStateMachine (DatanodeStateMachine.java:stopDaemon(395)) - Ozone container server stopped.
2019-08-29 23:06:38,761 [main] INFO  handler.ContextHandler (ContextHandler.java:doStop(910)) - Stopped o.e.j.w.WebAppContext@27f71195{/,null,UNAVAILABLE}{/hddsDatanode}
2019-08-29 23:06:38,762 [main] INFO  server.AbstractConnector (AbstractConnector.java:doStop(318)) - Stopped ServerConnector@340afaf8{HTTP/1.1,[http/1.1]}{0.0.0.0:0}
2019-08-29 23:06:38,763 [main] INFO  handler.ContextHandler (ContextHandler.java:doStop(910)) - Stopped o.e.j.s.ServletContextHandler@2c9fdb64{/static,jar:file:/home/user/.m2/repository/org/apache/hadoop/hadoop-hdds-container-service/0.5.0-SNAPSHOT/hadoop-hdds-container-service-0.5.0-SNAPSHOT.jar!/webapps/static,UNAVAILABLE}
2019-08-29 23:06:38,763 [main] INFO  handler.ContextHandler (ContextHandler.java:doStop(910)) - Stopped o.e.j.s.ServletContextHandler@624b3544{/logs,file:///workdir/hadoop-ozone/integration-test/target/log,UNAVAILABLE}
2019-08-29 23:06:39,370 [Datanode State Machine Thread - 0] INFO  statemachine.DatanodeStateMachine (DatanodeStateMachine.java:lambda$startDaemon$0(350)) - Ozone container server started.
2019-08-29 23:06:39,370 [Datanode State Machine Thread - 0] INFO  statemachine.DatanodeStateMachine (DatanodeStateMachine.java:lambda$startDaemon$0(350)) - Ozone container server started.
2019-08-29 23:06:41,074 [grpc-default-executor-6] WARN  server.GrpcLogAppender (LogUtils.java:warn(134)) - 701eae18-0267-427a-94c7-9b910f8dde45->f20020a9-6aa7-48f1-914d-cfe5895fa638: Failed appendEntries: org.apache.ratis.thirdparty.io.grpc.StatusRuntimeException: UNAVAILABLE: io exception
2019-08-29 23:06:41,074 [grpc-default-executor-6] INFO  impl.FollowerInfo (FollowerInfo.java:lambda$new$0(50)) - 701eae18-0267-427a-94c7-9b910f8dde45->f20020a9-6aa7-48f1-914d-cfe5895fa638: nextIndex: updateUnconditionally 16 -> 15
2019-08-29 23:06:43,434 [EventQueue-StaleNodeForStaleNodeHandler] INFO  node.StaleNodeHandler (StaleNodeHandler.java:onMessage(58)) - Datanode 39b1e362-24c6-40e1-a305-936b4ccaa1e0{ip: 192.168.5.176, host: pr-hdds-1783-trunk-hq4zp-549785682, networkLocation: /default-rack, certSerialId: null} moved to stale state. Finalizing its pipelines [PipelineID=3d0d883a-e2b6-4ab9-bf01-1e9d348bfb63, PipelineID=50a9e64c-1e18-43f3-aa4e-0c18643e9c99]
2019-08-29 23:06:43,434 [EventQueue-StaleNodeForStaleNodeHandler] INFO  pipeline.SCMPipelineManager (SCMPipelineManager.java:finalizeAndDestroyPipeline(309)) - destroying pipeline:Pipeline[ Id: 3d0d883a-e2b6-4ab9-bf01-1e9d348bfb63, Nodes: f20020a9-6aa7-48f1-914d-cfe5895fa638{ip: 192.168.5.176, host: pr-hdds-1783-trunk-hq4zp-549785682, networkLocation: /default-rack, certSerialId: null}39b1e362-24c6-40e1-a305-936b4ccaa1e0{ip: 192.168.5.176, host: pr-hdds-1783-trunk-hq4zp-549785682, networkLocation: /default-rack, certSerialId: null}701eae18-0267-427a-94c7-9b910f8dde45{ip: 192.168.5.176, host: pr-hdds-1783-trunk-hq4zp-549785682, networkLocation: /default-rack, certSerialId: null}, Type:RATIS, Factor:THREE, State:CLOSED]
2019-08-29 23:06:43,435 [EventQueue-StaleNodeForStaleNodeHandler] INFO  pipeline.SCMPipelineManager (SCMPipelineManager.java:finalizeAndDestroyPipeline(309)) - destroying pipeline:Pipeline[ Id: 50a9e64c-1e18-43f3-aa4e-0c18643e9c99, Nodes: 39b1e362-24c6-40e1-a305-936b4ccaa1e0{ip: 192.168.5.176, host: pr-hdds-1783-trunk-hq4zp-549785682, networkLocation: /default-rack, certSerialId: null}, Type:RATIS, Factor:ONE, State:OPEN]
2019-08-29 23:06:43,435 [EventQueue-StaleNodeForStaleNodeHandler] INFO  pipeline.PipelineStateManager (PipelineStateManager.java:finalizePipeline(123)) - Pipeline Pipeline[ Id: 50a9e64c-1e18-43f3-aa4e-0c18643e9c99, Nodes: 39b1e362-24c6-40e1-a305-936b4ccaa1e0{ip: 192.168.5.176, host: pr-hdds-1783-trunk-hq4zp-549785682, networkLocation: /default-rack, certSerialId: null}, Type:RATIS, Factor:ONE, State:CLOSED] moved to CLOSED state
2019-08-29 23:06:43,435 [EventQueue-StaleNodeForStaleNodeHandler] INFO  node.StaleNodeHandler (StaleNodeHandler.java:onMessage(58)) - Datanode 701eae18-0267-427a-94c7-9b910f8dde45{ip: 192.168.5.176, host: pr-hdds-1783-trunk-hq4zp-549785682, networkLocation: /default-rack, certSerialId: null} moved to stale state. Finalizing its pipelines [PipelineID=3d0d883a-e2b6-4ab9-bf01-1e9d348bfb63, PipelineID=fbec3e22-8dad-4d35-8c30-0be131afebe5]
2019-08-29 23:06:43,435 [EventQueue-StaleNodeForStaleNodeHandler] INFO  pipeline.SCMPipelineManager (SCMPipelineManager.java:finalizeAndDestroyPipeline(309)) - destroying pipeline:Pipeline[ Id: 3d0d883a-e2b6-4ab9-bf01-1e9d348bfb63, Nodes: f20020a9-6aa7-48f1-914d-cfe5895fa638{ip: 192.168.5.176, host: pr-hdds-1783-trunk-hq4zp-549785682, networkLocation: /default-rack, certSerialId: null}39b1e362-24c6-40e1-a305-936b4ccaa1e0{ip: 192.168.5.176, host: pr-hdds-1783-trunk-hq4zp-549785682, networkLocation: /default-rack, certSerialId: null}701eae18-0267-427a-94c7-9b910f8dde45{ip: 192.168.5.176, host: pr-hdds-1783-trunk-hq4zp-549785682, networkLocation: /default-rack, certSerialId: null}, Type:RATIS, Factor:THREE, State:CLOSED]
2019-08-29 23:06:43,435 [EventQueue-StaleNodeForStaleNodeHandler] INFO  pipeline.SCMPipelineManager (SCMPipelineManager.java:finalizeAndDestroyPipeline(309)) - destroying pipeline:Pipeline[ Id: fbec3e22-8dad-4d35-8c30-0be131afebe5, Nodes: 701eae18-0267-427a-94c7-9b910f8dde45{ip: 192.168.5.176, host: pr-hdds-1783-trunk-hq4zp-549785682, networkLocation: /default-rack, certSerialId: null}, Type:RATIS, Factor:ONE, State:OPEN]
2019-08-29 23:06:43,436 [EventQueue-StaleNodeForStaleNodeHandler] INFO  pipeline.PipelineStateManager (PipelineStateManager.java:finalizePipeline(123)) - Pipeline Pipeline[ Id: fbec3e22-8dad-4d35-8c30-0be131afebe5, Nodes: 701eae18-0267-427a-94c7-9b910f8dde45{ip: 192.168.5.176, host: pr-hdds-1783-trunk-hq4zp-549785682, networkLocation: /default-rack, certSerialId: null}, Type:RATIS, Factor:ONE, State:CLOSED] moved to CLOSED state
2019-08-29 23:06:43,575 [grpc-default-executor-5] WARN  server.GrpcLogAppender (LogUtils.java:warn(134)) - 701eae18-0267-427a-94c7-9b910f8dde45->f20020a9-6aa7-48f1-914d-cfe5895fa638: Failed appendEntries: org.apache.ratis.thirdparty.io.grpc.StatusRuntimeException: UNAVAILABLE: io exception
2019-08-29 23:06:43,575 [grpc-default-executor-5] INFO  impl.FollowerInfo (FollowerInfo.java:lambda$new$0(50)) - 701eae18-0267-427a-94c7-9b910f8dde45->f20020a9-6aa7-48f1-914d-cfe5895fa638: nextIndex: updateUnconditionally 15 -> 14
2019-08-29 23:06:43,757 [ForkJoinPool.commonPool-worker-0] INFO  ozoneimpl.OzoneContainer (OzoneContainer.java:stop(215)) - Attempting to stop container services.
2019-08-29 23:06:43,757 [ForkJoinPool.commonPool-worker-0] INFO  impl.RaftServerProxy (RaftServerProxy.java:lambda$close$4(314)) - 701eae18-0267-427a-94c7-9b910f8dde45: close
2019-08-29 23:06:43,757 [ForkJoinPool.commonPool-worker-0] INFO  impl.RaftServerImpl (RaftServerImpl.java:lambda$shutdown$3(245)) - 701eae18-0267-427a-94c7-9b910f8dde45: shutdown group-1E9D348BFB63
2019-08-29 23:06:43,758 [ForkJoinPool.commonPool-worker-0] INFO  util.JmxRegister (JmxRegister.java:unregister(73)) - Successfully un-registered JMX Bean with object name Ratis:service=RaftServer,group=group-1E9D348BFB63,id=701eae18-0267-427a-94c7-9b910f8dde45
2019-08-29 23:06:43,758 [ForkJoinPool.commonPool-worker-0] INFO  impl.RoleInfo (RoleInfo.java:shutdownLeaderState(104)) - 701eae18-0267-427a-94c7-9b910f8dde45: shutdown LeaderState
2019-08-29 23:06:43,762 [org.apache.ratis.server.impl.LogAppender$AppenderDaemon$$Lambda$532/942354732@aa08e5d] WARN  server.GrpcLogAppender (GrpcLogAppender.java:mayWait(143)) - GrpcLogAppender(701eae18-0267-427a-94c7-9b910f8dde45->f20020a9-6aa7-48f1-914d-cfe5895fa638): Wait interrupted by java.lang.InterruptedException
2019-08-29 23:06:43,762 [org.apache.ratis.server.impl.LogAppender$AppenderDaemon$$Lambda$532/942354732@4fa219cd] WARN  server.GrpcLogAppender (GrpcLogAppender.java:mayWait(143)) - GrpcLogAppender(701eae18-0267-427a-94c7-9b910f8dde45->39b1e362-24c6-40e1-a305-936b4ccaa1e0): Wait interrupted by java.lang.InterruptedException
2019-08-29 23:06:43,762 [ForkJoinPool.commonPool-worker-0] INFO  impl.PendingRequests (PendingRequests.java:sendNotLeaderResponses(202)) - 701eae18-0267-427a-94c7-9b910f8dde45-PendingRequests: sendNotLeaderResponses
2019-08-29 23:06:43,762 [grpc-default-executor-5] INFO  server.GrpcServerProtocolService (GrpcServerProtocolService.java:onCompleted(104)) - 39b1e362-24c6-40e1-a305-936b4ccaa1e0: appendEntries completed
2019-08-29 23:06:43,765 [main] INFO  ozoneimpl.OzoneContainer (OzoneContainer.java:stop(215)) - Attempting to stop container services.
2019-08-29 23:06:43,765 [grpc-default-executor-6] INFO  server.GrpcLogAppender (GrpcLogAppender.java:onCompleted(292)) - 701eae18-0267-427a-94c7-9b910f8dde45->39b1e362-24c6-40e1-a305-936b4ccaa1e0: follower responses appendEntries COMPLETED
2019-08-29 23:06:43,765 [StateMachineUpdater:701eae18-0267-427a-94c7-9b910f8dde45:group-1E9D348BFB63] INFO  ratis.ContainerStateMachine (ContainerStateMachine.java:takeSnapshot(284)) - group-1E9D348BFB63: Taking a snapshot at:(t:2, i:14) file /workdir/hadoop-ozone/integration-test/target/test-dir/MiniOzoneClusterImpl-fc4714e6-2d25-43ae-aa3c-bb84b829e8c3/datanode-6/data/ratis/3d0d883a-e2b6-4ab9-bf01-1e9d348bfb63/sm/snapshot.2_14
2019-08-29 23:06:43,765 [ForkJoinPool.commonPool-worker-0] INFO  impl.StateMachineUpdater (StateMachineUpdater.java:stopAndJoin(115)) - StateMachineUpdater:701eae18-0267-427a-94c7-9b910f8dde45:group-1E9D348BFB63: set stopIndex = 16
2019-08-29 23:06:43,766 [grpc-default-executor-6] INFO  impl.FollowerInfo (FollowerInfo.java:lambda$new$0(50)) - 701eae18-0267-427a-94c7-9b910f8dde45->39b1e362-24c6-40e1-a305-936b4ccaa1e0: nextIndex: updateUnconditionally 17 -> 16
2019-08-29 23:06:43,766 [main] INFO  impl.RaftServerProxy (RaftServerProxy.java:lambda$close$4(314)) - 39b1e362-24c6-40e1-a305-936b4ccaa1e0: close
2019-08-29 23:06:43,767 [main] INFO  impl.RaftServerImpl (RaftServerImpl.java:lambda$shutdown$3(245)) - 39b1e362-24c6-40e1-a305-936b4ccaa1e0: shutdown group-1E9D348BFB63
2019-08-29 23:06:43,768 [main] INFO  util.JmxRegister (JmxRegister.java:unregister(73)) - Successfully un-registered JMX Bean with object name Ratis:service=RaftServer,group=group-1E9D348BFB63,id=39b1e362-24c6-40e1-a305-936b4ccaa1e0
2019-08-29 23:06:43,768 [main] INFO  impl.RoleInfo (RoleInfo.java:shutdownFollowerState(121)) - 39b1e362-24c6-40e1-a305-936b4ccaa1e0: shutdown FollowerState
2019-08-29 23:06:43,769 [main] INFO  impl.StateMachineUpdater (StateMachineUpdater.java:stopAndJoin(115)) - StateMachineUpdater:39b1e362-24c6-40e1-a305-936b4ccaa1e0:group-1E9D348BFB63: set stopIndex = 16
2019-08-29 23:06:43,769 [Thread-3449] INFO  impl.FollowerState (FollowerState.java:run(114)) - 39b1e362-24c6-40e1-a305-936b4ccaa1e0: FollowerState was interrupted: java.lang.InterruptedException: sleep interrupted
2019-08-29 23:06:43,769 [StateMachineUpdater:39b1e362-24c6-40e1-a305-936b4ccaa1e0:group-1E9D348BFB63] INFO  ratis.ContainerStateMachine (ContainerStateMachine.java:takeSnapshot(284)) - group-1E9D348BFB63: Taking a snapshot at:(t:2, i:14) file /workdir/hadoop-ozone/integration-test/target/test-dir/MiniOzoneClusterImpl-fc4714e6-2d25-43ae-aa3c-bb84b829e8c3/datanode-5/data/ratis/3d0d883a-e2b6-4ab9-bf01-1e9d348bfb63/sm/snapshot.2_14
2019-08-29 23:06:43,781 [StateMachineUpdater:701eae18-0267-427a-94c7-9b910f8dde45:group-1E9D348BFB63] INFO  ratis.ContainerStateMachine (ContainerStateMachine.java:takeSnapshot(295)) - group-1E9D348BFB63: Finished taking a snapshot at:(t:2, i:14) file:/workdir/hadoop-ozone/integration-test/target/test-dir/MiniOzoneClusterImpl-fc4714e6-2d25-43ae-aa3c-bb84b829e8c3/datanode-6/data/ratis/3d0d883a-e2b6-4ab9-bf01-1e9d348bfb63/sm/snapshot.2_14 time:16
2019-08-29 23:06:43,781 [StateMachineUpdater:39b1e362-24c6-40e1-a305-936b4ccaa1e0:group-1E9D348BFB63] INFO  ratis.ContainerStateMachine (ContainerStateMachine.java:takeSnapshot(295)) - group-1E9D348BFB63: Finished taking a snapshot at:(t:2, i:14) file:/workdir/hadoop-ozone/integration-test/target/test-dir/MiniOzoneClusterImpl-fc4714e6-2d25-43ae-aa3c-bb84b829e8c3/datanode-5/data/ratis/3d0d883a-e2b6-4ab9-bf01-1e9d348bfb63/sm/snapshot.2_14 time:12
2019-08-29 23:06:43,781 [StateMachineUpdater:701eae18-0267-427a-94c7-9b910f8dde45:group-1E9D348BFB63] INFO  impl.StateMachineUpdater (StateMachineUpdater.java:takeSnapshot(242)) - StateMachineUpdater:701eae18-0267-427a-94c7-9b910f8dde45:group-1E9D348BFB63: Took a snapshot at index 14
2019-08-29 23:06:43,781 [StateMachineUpdater:39b1e362-24c6-40e1-a305-936b4ccaa1e0:group-1E9D348BFB63] INFO  impl.StateMachineUpdater (StateMachineUpdater.java:takeSnapshot(242)) - StateMachineUpdater:39b1e362-24c6-40e1-a305-936b4ccaa1e0:group-1E9D348BFB63: Took a snapshot at index 14
2019-08-29 23:06:43,782 [StateMachineUpdater:701eae18-0267-427a-94c7-9b910f8dde45:group-1E9D348BFB63] INFO  impl.StateMachineUpdater (StateMachineUpdater.java:lambda$new$0(80)) - StateMachineUpdater:701eae18-0267-427a-94c7-9b910f8dde45:group-1E9D348BFB63: snapshotIndex: updateIncreasingly -1 -> 14
2019-08-29 23:06:43,782 [StateMachineUpdater:39b1e362-24c6-40e1-a305-936b4ccaa1e0:group-1E9D348BFB63] INFO  impl.StateMachineUpdater (StateMachineUpdater.java:lambda$new$0(80)) - StateMachineUpdater:39b1e362-24c6-40e1-a305-936b4ccaa1e0:group-1E9D348BFB63: snapshotIndex: updateIncreasingly -1 -> 14
2019-08-29 23:06:43,782 [ForkJoinPool.commonPool-worker-0] INFO  impl.RaftServerImpl (ServerState.java:close(394)) - 701eae18-0267-427a-94c7-9b910f8dde45:group-1E9D348BFB63 closes. The last applied log index is 16
2019-08-29 23:06:43,782 [main] INFO  impl.RaftServerImpl (ServerState.java:close(394)) - 39b1e362-24c6-40e1-a305-936b4ccaa1e0:group-1E9D348BFB63 closes. The last applied log index is 16
2019-08-29 23:06:43,783 [701eae18-0267-427a-94c7-9b910f8dde45-SegmentedRaftLogWorker:Storage Directory /workdir/hadoop-ozone/integration-test/target/test-dir/MiniOzoneClusterImpl-fc4714e6-2d25-43ae-aa3c-bb84b829e8c3/datanode-6/data/ratis/3d0d883a-e2b6-4ab9-bf01-1e9d348bfb63] INFO  segmented.SegmentedRaftLogWorker (SegmentedRaftLogWorker.java:run(313)) - 701eae18-0267-427a-94c7-9b910f8dde45-SegmentedRaftLogWorker:Storage Directory /workdir/hadoop-ozone/integration-test/target/test-dir/MiniOzoneClusterImpl-fc4714e6-2d25-43ae-aa3c-bb84b829e8c3/datanode-6/data/ratis/3d0d883a-e2b6-4ab9-bf01-1e9d348bfb63 was interrupted, exiting. There are 0 tasks remaining in the queue.
2019-08-29 23:06:43,783 [39b1e362-24c6-40e1-a305-936b4ccaa1e0-SegmentedRaftLogWorker:Storage Directory /workdir/hadoop-ozone/integration-test/target/test-dir/MiniOzoneClusterImpl-fc4714e6-2d25-43ae-aa3c-bb84b829e8c3/datanode-5/data/ratis/3d0d883a-e2b6-4ab9-bf01-1e9d348bfb63] INFO  segmented.SegmentedRaftLogWorker (SegmentedRaftLogWorker.java:run(313)) - 39b1e362-24c6-40e1-a305-936b4ccaa1e0-SegmentedRaftLogWorker:Storage Directory /workdir/hadoop-ozone/integration-test/target/test-dir/MiniOzoneClusterImpl-fc4714e6-2d25-43ae-aa3c-bb84b829e8c3/datanode-5/data/ratis/3d0d883a-e2b6-4ab9-bf01-1e9d348bfb63 was interrupted, exiting. There are 0 tasks remaining in the queue.
2019-08-29 23:06:43,786 [ForkJoinPool.commonPool-worker-0] INFO  segmented.SegmentedRaftLogWorker (SegmentedRaftLogWorker.java:close(228)) - 701eae18-0267-427a-94c7-9b910f8dde45-SegmentedRaftLogWorker:Storage Directory /workdir/hadoop-ozone/integration-test/target/test-dir/MiniOzoneClusterImpl-fc4714e6-2d25-43ae-aa3c-bb84b829e8c3/datanode-6/data/ratis/3d0d883a-e2b6-4ab9-bf01-1e9d348bfb63 close()
2019-08-29 23:06:43,786 [main] INFO  segmented.SegmentedRaftLogWorker (SegmentedRaftLogWorker.java:close(228)) - 39b1e362-24c6-40e1-a305-936b4ccaa1e0-SegmentedRaftLogWorker:Storage Directory /workdir/hadoop-ozone/integration-test/target/test-dir/MiniOzoneClusterImpl-fc4714e6-2d25-43ae-aa3c-bb84b829e8c3/datanode-5/data/ratis/3d0d883a-e2b6-4ab9-bf01-1e9d348bfb63 close()
2019-08-29 23:06:43,788 [ForkJoinPool.commonPool-worker-0] INFO  impl.RaftServerImpl (RaftServerImpl.java:lambda$shutdown$3(245)) - 701eae18-0267-427a-94c7-9b910f8dde45: shutdown group-0BE131AFEBE5
2019-08-29 23:06:43,791 [main] INFO  impl.RaftServerImpl (RaftServerImpl.java:lambda$shutdown$3(245)) - 39b1e362-24c6-40e1-a305-936b4ccaa1e0: shutdown group-0C18643E9C99
2019-08-29 23:06:43,791 [ForkJoinPool.commonPool-worker-0] INFO  util.JmxRegister (JmxRegister.java:unregister(73)) - Successfully un-registered JMX Bean with object name Ratis:service=RaftServer,group=group-0BE131AFEBE5,id=701eae18-0267-427a-94c7-9b910f8dde45
2019-08-29 23:06:43,792 [main] INFO  util.JmxRegister (JmxRegister.java:unregister(73)) - Successfully un-registered JMX Bean with object name Ratis:service=RaftServer,group=group-0C18643E9C99,id=39b1e362-24c6-40e1-a305-936b4ccaa1e0
2019-08-29 23:06:43,792 [ForkJoinPool.commonPool-worker-0] INFO  impl.RoleInfo (RoleInfo.java:shutdownLeaderState(104)) - 701eae18-0267-427a-94c7-9b910f8dde45: shutdown LeaderState
2019-08-29 23:06:43,792 [main] INFO  impl.RoleInfo (RoleInfo.java:shutdownLeaderState(104)) - 39b1e362-24c6-40e1-a305-936b4ccaa1e0: shutdown LeaderState
2019-08-29 23:06:43,793 [ForkJoinPool.commonPool-worker-0] INFO  impl.PendingRequests (PendingRequests.java:sendNotLeaderResponses(202)) - 701eae18-0267-427a-94c7-9b910f8dde45-PendingRequests: sendNotLeaderResponses
2019-08-29 23:06:43,793 [main] INFO  impl.PendingRequests (PendingRequests.java:sendNotLeaderResponses(202)) - 39b1e362-24c6-40e1-a305-936b4ccaa1e0-PendingRequests: sendNotLeaderResponses
2019-08-29 23:06:43,793 [ForkJoinPool.commonPool-worker-0] INFO  impl.StateMachineUpdater (StateMachineUpdater.java:stopAndJoin(115)) - StateMachineUpdater:701eae18-0267-427a-94c7-9b910f8dde45:group-0BE131AFEBE5: set stopIndex = 0
2019-08-29 23:06:43,794 [main] INFO  impl.StateMachineUpdater (StateMachineUpdater.java:stopAndJoin(115)) - StateMachineUpdater:39b1e362-24c6-40e1-a305-936b4ccaa1e0:group-0C18643E9C99: set stopIndex = 0
2019-08-29 23:06:43,794 [ForkJoinPool.commonPool-worker-0] INFO  impl.RaftServerImpl (ServerState.java:close(394)) - 701eae18-0267-427a-94c7-9b910f8dde45:group-0BE131AFEBE5 closes. The last applied log index is 0
2019-08-29 23:06:43,794 [main] INFO  impl.RaftServerImpl (ServerState.java:close(394)) - 39b1e362-24c6-40e1-a305-936b4ccaa1e0:group-0C18643E9C99 closes. The last applied log index is 0
2019-08-29 23:06:43,795 [701eae18-0267-427a-94c7-9b910f8dde45-SegmentedRaftLogWorker:Storage Directory /workdir/hadoop-ozone/integration-test/target/test-dir/MiniOzoneClusterImpl-fc4714e6-2d25-43ae-aa3c-bb84b829e8c3/datanode-6/data/ratis/fbec3e22-8dad-4d35-8c30-0be131afebe5] INFO  segmented.SegmentedRaftLogWorker (SegmentedRaftLogWorker.java:run(313)) - 701eae18-0267-427a-94c7-9b910f8dde45-SegmentedRaftLogWorker:Storage Directory /workdir/hadoop-ozone/integration-test/target/test-dir/MiniOzoneClusterImpl-fc4714e6-2d25-43ae-aa3c-bb84b829e8c3/datanode-6/data/ratis/fbec3e22-8dad-4d35-8c30-0be131afebe5 was interrupted, exiting. There are 0 tasks remaining in the queue.
2019-08-29 23:06:43,795 [39b1e362-24c6-40e1-a305-936b4ccaa1e0-SegmentedRaftLogWorker:Storage Directory /workdir/hadoop-ozone/integration-test/target/test-dir/MiniOzoneClusterImpl-fc4714e6-2d25-43ae-aa3c-bb84b829e8c3/datanode-5/data/ratis/50a9e64c-1e18-43f3-aa4e-0c18643e9c99] INFO  segmented.SegmentedRaftLogWorker (SegmentedRaftLogWorker.java:run(313)) - 39b1e362-24c6-40e1-a305-936b4ccaa1e0-SegmentedRaftLogWorker:Storage Directory /workdir/hadoop-ozone/integration-test/target/test-dir/MiniOzoneClusterImpl-fc4714e6-2d25-43ae-aa3c-bb84b829e8c3/datanode-5/data/ratis/50a9e64c-1e18-43f3-aa4e-0c18643e9c99 was interrupted, exiting. There are 0 tasks remaining in the queue.
2019-08-29 23:06:43,797 [ForkJoinPool.commonPool-worker-0] INFO  segmented.SegmentedRaftLogWorker (SegmentedRaftLogWorker.java:close(228)) - 701eae18-0267-427a-94c7-9b910f8dde45-SegmentedRaftLogWorker:Storage Directory /workdir/hadoop-ozone/integration-test/target/test-dir/MiniOzoneClusterImpl-fc4714e6-2d25-43ae-aa3c-bb84b829e8c3/datanode-6/data/ratis/fbec3e22-8dad-4d35-8c30-0be131afebe5 close()
2019-08-29 23:06:43,802 [main] INFO  segmented.SegmentedRaftLogWorker (SegmentedRaftLogWorker.java:close(228)) - 39b1e362-24c6-40e1-a305-936b4ccaa1e0-SegmentedRaftLogWorker:Storage Directory /workdir/hadoop-ozone/integration-test/target/test-dir/MiniOzoneClusterImpl-fc4714e6-2d25-43ae-aa3c-bb84b829e8c3/datanode-5/data/ratis/50a9e64c-1e18-43f3-aa4e-0c18643e9c99 close()
2019-08-29 23:06:43,803 [ForkJoinPool.commonPool-worker-0] INFO  server.GrpcService (GrpcService.java:closeImpl(155)) - 701eae18-0267-427a-94c7-9b910f8dde45: shutdown server with port 32877 now
2019-08-29 23:06:43,804 [main] INFO  server.GrpcService (GrpcService.java:closeImpl(155)) - 39b1e362-24c6-40e1-a305-936b4ccaa1e0: shutdown server with port 36883 now
2019-08-29 23:06:43,805 [grpc-default-executor-5] WARN  client.GrpcClientProtocolService (LogUtils.java:warn(134)) - 1-UnorderedRequestStreamObserver1: onError: org.apache.ratis.thirdparty.io.grpc.StatusRuntimeException: CANCELLED: cancelled before receiving half close
2019-08-29 23:06:43,805 [ForkJoinPool.commonPool-worker-0] INFO  server.GrpcService (GrpcService.java:closeImpl(163)) - 701eae18-0267-427a-94c7-9b910f8dde45: shutdown server with port 32877 successfully
2019-08-29 23:06:43,805 [main] INFO  server.GrpcService (GrpcService.java:closeImpl(163)) - 39b1e362-24c6-40e1-a305-936b4ccaa1e0: shutdown server with port 36883 successfully
2019-08-29 23:06:43,810 [refreshUsed-/workdir/hadoop-ozone/integration-test/target/test-dir/MiniOzoneClusterImpl-fc4714e6-2d25-43ae-aa3c-bb84b829e8c3/datanode-5/data/containers] WARN  fs.CachingGetSpaceUsed (CachingGetSpaceUsed.java:run(183)) - Thread Interrupted waiting to refresh disk information: sleep interrupted
2019-08-29 23:06:43,815 [refreshUsed-/workdir/hadoop-ozone/integration-test/target/test-dir/MiniOzoneClusterImpl-fc4714e6-2d25-43ae-aa3c-bb84b829e8c3/datanode-6/data/containers] WARN  fs.CachingGetSpaceUsed (CachingGetSpaceUsed.java:run(183)) - Thread Interrupted waiting to refresh disk information: sleep interrupted
2019-08-29 23:06:43,830 [main] INFO  utils.BackgroundService (BackgroundService.java:shutdown(148)) - Shutting down service BlockDeletingService
2019-08-29 23:06:43,833 [main] INFO  statemachine.DatanodeStateMachine (DatanodeStateMachine.java:stopDaemon(395)) - Ozone container server stopped.
2019-08-29 23:06:43,834 [main] INFO  handler.ContextHandler (ContextHandler.java:doStop(910)) - Stopped o.e.j.w.WebAppContext@35563e4c{/,null,UNAVAILABLE}{/hddsDatanode}
2019-08-29 23:06:43,835 [main] INFO  server.AbstractConnector (AbstractConnector.java:doStop(318)) - Stopped ServerConnector@6dd79214{HTTP/1.1,[http/1.1]}{0.0.0.0:0}
2019-08-29 23:06:43,836 [main] INFO  handler.ContextHandler (ContextHandler.java:doStop(910)) - Stopped o.e.j.s.ServletContextHandler@77324a58{/static,jar:file:/home/user/.m2/repository/org/apache/hadoop/hadoop-hdds-container-service/0.5.0-SNAPSHOT/hadoop-hdds-container-service-0.5.0-SNAPSHOT.jar!/webapps/static,UNAVAILABLE}
2019-08-29 23:06:43,836 [main] INFO  handler.ContextHandler (ContextHandler.java:doStop(910)) - Stopped o.e.j.s.ServletContextHandler@5329f6b3{/logs,file:///workdir/hadoop-ozone/integration-test/target/log,UNAVAILABLE}
2019-08-29 23:06:43,837 [ForkJoinPool.commonPool-worker-0] INFO  utils.BackgroundService (BackgroundService.java:shutdown(148)) - Shutting down service BlockDeletingService
2019-08-29 23:06:43,841 [ForkJoinPool.commonPool-worker-0] INFO  statemachine.DatanodeStateMachine (DatanodeStateMachine.java:stopDaemon(395)) - Ozone container server stopped.
2019-08-29 23:06:43,843 [ForkJoinPool.commonPool-worker-0] INFO  handler.ContextHandler (ContextHandler.java:doStop(910)) - Stopped o.e.j.w.WebAppContext@6d874695{/,null,UNAVAILABLE}{/hddsDatanode}
2019-08-29 23:06:43,845 [ForkJoinPool.commonPool-worker-0] INFO  server.AbstractConnector (AbstractConnector.java:doStop(318)) - Stopped ServerConnector@20bb85b4{HTTP/1.1,[http/1.1]}{0.0.0.0:0}
2019-08-29 23:06:43,845 [ForkJoinPool.commonPool-worker-0] INFO  handler.ContextHandler (ContextHandler.java:doStop(910)) - Stopped o.e.j.s.ServletContextHandler@2a99ca99{/static,jar:file:/home/user/.m2/repository/org/apache/hadoop/hadoop-hdds-container-service/0.5.0-SNAPSHOT/hadoop-hdds-container-service-0.5.0-SNAPSHOT.jar!/webapps/static,UNAVAILABLE}
2019-08-29 23:06:43,846 [ForkJoinPool.commonPool-worker-0] INFO  handler.ContextHandler (ContextHandler.java:doStop(910)) - Stopped o.e.j.s.ServletContextHandler@149aa7b2{/logs,file:///workdir/hadoop-ozone/integration-test/target/log,UNAVAILABLE}
2019-08-29 23:06:43,846 [main] INFO  ozone.MiniOzoneClusterImpl (MiniOzoneClusterImpl.java:stop(339)) - Stopping the StorageContainerManager
2019-08-29 23:06:43,847 [main] INFO  server.StorageContainerManager (StorageContainerManager.java:stop(797)) - Stopping Replication Manager Service.
2019-08-29 23:06:43,847 [main] INFO  container.ReplicationManager (ReplicationManager.java:stop(193)) - Stopping Replication Monitor Thread.
2019-08-29 23:06:43,847 [main] INFO  server.StorageContainerManager (StorageContainerManager.java:stop(804)) - Stopping Lease Manager of the command watchers
2019-08-29 23:06:43,847 [main] INFO  server.StorageContainerManager (StorageContainerManager.java:stop(811)) - Stopping datanode service RPC server
2019-08-29 23:06:43,847 [main] INFO  server.SCMDatanodeProtocolServer (SCMDatanodeProtocolServer.java:stop(367)) - Stopping the RPC server for DataNodes
2019-08-29 23:06:43,848 [main] INFO  ipc.Server (Server.java:stop(3082)) - Stopping server on 35072
2019-08-29 23:06:43,849 [IPC Server listener on 35072] INFO  ipc.Server (Server.java:run(1185)) - Stopping IPC Server listener on 35072
2019-08-29 23:06:43,851 [IPC Server Responder] INFO  ipc.Server (Server.java:run(1319)) - Stopping IPC Server Responder
2019-08-29 23:06:43,935 [SCM Heartbeat Processing Thread - 0] WARN  node.NodeStateManager (NodeStateManager.java:scheduleNextHealthCheck(646)) - Current Thread is interrupted, shutting down HB processing thread for Node Manager.
2019-08-29 23:06:43,935 [main] INFO  server.StorageContainerManager (StorageContainerManager.java:stop(819)) - Stopping block service RPC server
2019-08-29 23:06:43,935 [main] INFO  server.SCMBlockProtocolServer (SCMBlockProtocolServer.java:stop(148)) - Stopping the RPC server for Block Protocol
2019-08-29 23:06:43,936 [main] INFO  ipc.Server (Server.java:stop(3082)) - Stopping server on 43345
2019-08-29 23:06:43,937 [IPC Server listener on 43345] INFO  ipc.Server (Server.java:run(1185)) - Stopping IPC Server listener on 43345
2019-08-29 23:06:43,938 [IPC Server Responder] INFO  ipc.Server (Server.java:run(1319)) - Stopping IPC Server Responder
2019-08-29 23:06:43,938 [main] INFO  server.StorageContainerManager (StorageContainerManager.java:stop(826)) - Stopping the StorageContainerLocationProtocol RPC server
2019-08-29 23:06:43,940 [main] INFO  server.SCMClientProtocolServer (SCMClientProtocolServer.java:stop(159)) - Stopping the RPC server for Client Protocol
2019-08-29 23:06:43,940 [main] INFO  ipc.Server (Server.java:stop(3082)) - Stopping server on 32915
2019-08-29 23:06:43,941 [IPC Server listener on 32915] INFO  ipc.Server (Server.java:run(1185)) - Stopping IPC Server listener on 32915
2019-08-29 23:06:43,942 [main] INFO  server.StorageContainerManager (StorageContainerManager.java:stop(833)) - Stopping Storage Container Manager HTTP server.
2019-08-29 23:06:43,942 [IPC Server Responder] INFO  ipc.Server (Server.java:run(1319)) - Stopping IPC Server Responder
2019-08-29 23:06:43,944 [main] INFO  handler.ContextHandler (ContextHandler.java:doStop(910)) - Stopped o.e.j.w.WebAppContext@53314f76{/,null,UNAVAILABLE}{/scm}
2019-08-29 23:06:43,945 [main] INFO  server.AbstractConnector (AbstractConnector.java:doStop(318)) - Stopped ServerConnector@62a6674f{HTTP/1.1,[http/1.1]}{0.0.0.0:0}
2019-08-29 23:06:43,946 [main] INFO  handler.ContextHandler (ContextHandler.java:doStop(910)) - Stopped o.e.j.s.ServletContextHandler@2fd9fb34{/static,file:///workdir/hadoop-ozone/integration-test/target/test-classes/webapps/static,UNAVAILABLE}
2019-08-29 23:06:43,946 [main] INFO  handler.ContextHandler (ContextHandler.java:doStop(910)) - Stopped o.e.j.s.ServletContextHandler@14b4340c{/logs,file:///workdir/hadoop-ozone/integration-test/target/log,UNAVAILABLE}
2019-08-29 23:06:43,947 [main] INFO  server.StorageContainerManager (StorageContainerManager.java:stop(844)) - Stopping Block Manager Service.
2019-08-29 23:06:43,947 [main] INFO  utils.BackgroundService (BackgroundService.java:shutdown(148)) - Shutting down service SCMBlockDeletingService
2019-08-29 23:06:43,948 [main] INFO  utils.BackgroundService (BackgroundService.java:shutdown(148)) - Shutting down service SCMBlockDeletingService
2019-08-29 23:06:43,948 [main] INFO  server.StorageContainerManager (StorageContainerManager.java:stop(866)) - Stopping SCM Event Queue.
2019-08-29 23:06:43,953 [main] INFO  impl.MetricsSystemImpl (MetricsSystemImpl.java:stop(210)) - Stopping HddsDatanode metrics system...
2019-08-29 23:06:43,965 [main] INFO  impl.MetricsSystemImpl (MetricsSystemImpl.java:stop(216)) - HddsDatanode metrics system stopped.
]]></system-out>
  </testcase>
  <testcase name="testFailureWithPrimeSizedData" classname="org.apache.hadoop.ozone.client.rpc.TestBlockOutputStreamWithFailures" time="33.115"/>
  <testcase name="testWatchForCommitWithCloseContainerException" classname="org.apache.hadoop.ozone.client.rpc.TestBlockOutputStreamWithFailures" time="40.516"/>
  <testcase name="testExceptionDuringClose" classname="org.apache.hadoop.ozone.client.rpc.TestBlockOutputStreamWithFailures" time="33.289"/>
</testsuite>