<?xml version="1.0" encoding="UTF-8"?>
<testsuite xmlns:xsi="http://www.w3.org/2001/XMLSchema-instance" xsi:noNamespaceSchemaLocation="https://maven.apache.org/surefire/maven-surefire-plugin/xsd/surefire-test-report.xsd" name="org.apache.hadoop.ozone.client.rpc.TestOzoneClientRetriesOnException" time="374.085" tests="2" errors="1" skipped="0" failures="0">
  <properties>
    <property name="awt.toolkit" value="sun.awt.X11.XToolkit"/>
    <property name="file.encoding.pkg" value="sun.io"/>
    <property name="java.specification.version" value="1.8"/>
    <property name="sun.cpu.isalist" value=""/>
    <property name="sun.jnu.encoding" value="UTF-8"/>
    <property name="java.class.path" value="/workdir/hadoop-ozone/integration-test/target/test-classes:/workdir/hadoop-ozone/integration-test/target/classes:/home/user/.m2/repository/org/apache/hadoop/hadoop-ozone-common/0.5.0-SNAPSHOT/hadoop-ozone-common-0.5.0-SNAPSHOT.jar:/home/user/.m2/repository/org/apache/commons/commons-compress/1.4.1/commons-compress-1.4.1.jar:/home/user/.m2/repository/org/tukaani/xz/1.0/xz-1.0.jar:/home/user/.m2/repository/org/apache/hadoop/hadoop-common/3.2.0/hadoop-common-3.2.0.jar:/home/user/.m2/repository/org/apache/hadoop/hadoop-hdfs/3.2.0/hadoop-hdfs-3.2.0.jar:/home/user/.m2/repository/org/apache/hadoop/hadoop-hdfs-client/3.2.0/hadoop-hdfs-client-3.2.0.jar:/home/user/.m2/repository/com/fasterxml/jackson/core/jackson-annotations/2.9.5/jackson-annotations-2.9.5.jar:/home/user/.m2/repository/org/apache/hadoop/hadoop-hdds-common/0.5.0-SNAPSHOT/hadoop-hdds-common-0.5.0-SNAPSHOT.jar:/home/user/.m2/repository/javax/annotation/javax.annotation-api/1.2/javax.annotation-api-1.2.jar:/home/user/.m2/repository/org/apache/ratis/ratis-server/0.4.0-2337318-SNAPSHOT/ratis-server-0.4.0-2337318-SNAPSHOT.jar:/home/user/.m2/repository/org/apache/ratis/ratis-thirdparty-misc/0.2.0/ratis-thirdparty-misc-0.2.0.jar:/home/user/.m2/repository/org/apache/ratis/ratis-proto/0.4.0-2337318-SNAPSHOT/ratis-proto-0.4.0-2337318-SNAPSHOT.jar:/home/user/.m2/repository/org/apache/ratis/ratis-common/0.4.0-2337318-SNAPSHOT/ratis-common-0.4.0-2337318-SNAPSHOT.jar:/home/user/.m2/repository/org/apache/ratis/ratis-client/0.4.0-2337318-SNAPSHOT/ratis-client-0.4.0-2337318-SNAPSHOT.jar:/home/user/.m2/repository/org/apache/ratis/ratis-metrics/0.4.0-2337318-SNAPSHOT/ratis-metrics-0.4.0-2337318-SNAPSHOT.jar:/home/user/.m2/repository/org/apache/ratis/ratis-netty/0.4.0-2337318-SNAPSHOT/ratis-netty-0.4.0-2337318-SNAPSHOT.jar:/home/user/.m2/repository/org/apache/ratis/ratis-grpc/0.4.0-2337318-SNAPSHOT/ratis-grpc-0.4.0-2337318-SNAPSHOT.jar:/home/user/.m2/repository/org/rocksdb/rocksdbjni/6.0.1/rocksdbjni-6.0.1.jar:/home/user/.m2/repository/org/apache/logging/log4j/log4j-api/2.11.0/log4j-api-2.11.0.jar:/home/user/.m2/repository/org/apache/logging/log4j/log4j-core/2.11.0/log4j-core-2.11.0.jar:/home/user/.m2/repository/com/lmax/disruptor/3.4.2/disruptor-3.4.2.jar:/home/user/.m2/repository/org/apache/commons/commons-pool2/2.6.0/commons-pool2-2.6.0.jar:/home/user/.m2/repository/org/bouncycastle/bcpkix-jdk15on/1.60/bcpkix-jdk15on-1.60.jar:/home/user/.m2/repository/commons-validator/commons-validator/1.6/commons-validator-1.6.jar:/home/user/.m2/repository/commons-digester/commons-digester/1.8.1/commons-digester-1.8.1.jar:/home/user/.m2/repository/io/jaegertracing/jaeger-client/0.33.1/jaeger-client-0.33.1.jar:/home/user/.m2/repository/io/jaegertracing/jaeger-thrift/0.33.1/jaeger-thrift-0.33.1.jar:/home/user/.m2/repository/org/apache/thrift/libthrift/0.11.0/libthrift-0.11.0.jar:/home/user/.m2/repository/com/squareup/okhttp3/okhttp/3.9.0/okhttp-3.9.0.jar:/home/user/.m2/repository/com/squareup/okio/okio/1.13.0/okio-1.13.0.jar:/home/user/.m2/repository/io/jaegertracing/jaeger-core/0.33.1/jaeger-core-0.33.1.jar:/home/user/.m2/repository/io/jaegertracing/jaeger-tracerresolver/0.33.1/jaeger-tracerresolver-0.33.1.jar:/home/user/.m2/repository/io/opentracing/contrib/opentracing-tracerresolver/0.1.5/opentracing-tracerresolver-0.1.5.jar:/home/user/.m2/repository/io/opentracing/opentracing-util/0.31.0/opentracing-util-0.31.0.jar:/home/user/.m2/repository/io/opentracing/opentracing-api/0.31.0/opentracing-api-0.31.0.jar:/home/user/.m2/repository/io/opentracing/opentracing-noop/0.31.0/opentracing-noop-0.31.0.jar:/home/user/.m2/repository/org/apache/hadoop/hadoop-hdds-server-framework/0.5.0-SNAPSHOT/hadoop-hdds-server-framework-0.5.0-SNAPSHOT.jar:/home/user/.m2/repository/org/apache/hadoop/hadoop-hdds-container-service/0.5.0-SNAPSHOT/hadoop-hdds-container-service-0.5.0-SNAPSHOT.jar:/home/user/.m2/repository/org/apache/hadoop/hadoop-hdds-client/0.5.0-SNAPSHOT/hadoop-hdds-client-0.5.0-SNAPSHOT.jar:/home/user/.m2/repository/org/apache/hadoop/hadoop-hdds-tools/0.5.0-SNAPSHOT/hadoop-hdds-tools-0.5.0-SNAPSHOT.jar:/home/user/.m2/repository/org/apache/hadoop/hadoop-hdds-server-scm/0.5.0-SNAPSHOT/hadoop-hdds-server-scm-0.5.0-SNAPSHOT.jar:/home/user/.m2/repository/org/apache/hadoop/hadoop-hdds-docs/0.5.0-SNAPSHOT/hadoop-hdds-docs-0.5.0-SNAPSHOT.jar:/home/user/.m2/repository/io/dropwizard/metrics/metrics-core/3.2.4/metrics-core-3.2.4.jar:/home/user/.m2/repository/org/hamcrest/hamcrest-all/1.3/hamcrest-all-1.3.jar:/home/user/.m2/repository/org/bouncycastle/bcprov-jdk15on/1.60/bcprov-jdk15on-1.60.jar:/home/user/.m2/repository/info/picocli/picocli/3.9.6/picocli-3.9.6.jar:/home/user/.m2/repository/com/google/protobuf/protobuf-java/2.5.0/protobuf-java-2.5.0.jar:/home/user/.m2/repository/com/google/guava/guava/11.0.2/guava-11.0.2.jar:/home/user/.m2/repository/org/apache/hadoop/hadoop-ozone-ozone-manager/0.5.0-SNAPSHOT/hadoop-ozone-ozone-manager-0.5.0-SNAPSHOT.jar:/home/user/.m2/repository/org/apache/hadoop/hadoop-minikdc/3.2.0/hadoop-minikdc-3.2.0.jar:/home/user/.m2/repository/commons-io/commons-io/2.5/commons-io-2.5.jar:/home/user/.m2/repository/org/apache/kerby/kerb-simplekdc/1.0.1/kerb-simplekdc-1.0.1.jar:/home/user/.m2/repository/org/apache/kerby/kerb-client/1.0.1/kerb-client-1.0.1.jar:/home/user/.m2/repository/org/apache/kerby/kerby-config/1.0.1/kerby-config-1.0.1.jar:/home/user/.m2/repository/org/apache/kerby/kerb-core/1.0.1/kerb-core-1.0.1.jar:/home/user/.m2/repository/org/apache/kerby/kerby-pkix/1.0.1/kerby-pkix-1.0.1.jar:/home/user/.m2/repository/org/apache/kerby/kerby-asn1/1.0.1/kerby-asn1-1.0.1.jar:/home/user/.m2/repository/org/apache/kerby/kerby-util/1.0.1/kerby-util-1.0.1.jar:/home/user/.m2/repository/org/apache/kerby/kerb-common/1.0.1/kerb-common-1.0.1.jar:/home/user/.m2/repository/org/apache/kerby/kerb-crypto/1.0.1/kerb-crypto-1.0.1.jar:/home/user/.m2/repository/org/apache/kerby/kerb-util/1.0.1/kerb-util-1.0.1.jar:/home/user/.m2/repository/org/apache/kerby/token-provider/1.0.1/token-provider-1.0.1.jar:/home/user/.m2/repository/org/apache/kerby/kerb-admin/1.0.1/kerb-admin-1.0.1.jar:/home/user/.m2/repository/org/apache/kerby/kerb-server/1.0.1/kerb-server-1.0.1.jar:/home/user/.m2/repository/org/apache/kerby/kerb-identity/1.0.1/kerb-identity-1.0.1.jar:/home/user/.m2/repository/org/apache/kerby/kerby-xdr/1.0.1/kerby-xdr-1.0.1.jar:/home/user/.m2/repository/org/slf4j/slf4j-log4j12/1.7.25/slf4j-log4j12-1.7.25.jar:/home/user/.m2/repository/org/apache/hadoop/hadoop-ozone-s3gateway/0.5.0-SNAPSHOT/hadoop-ozone-s3gateway-0.5.0-SNAPSHOT.jar:/home/user/.m2/repository/org/jboss/weld/servlet/weld-servlet/2.4.7.Final/weld-servlet-2.4.7.Final.jar:/home/user/.m2/repository/org/glassfish/jersey/containers/jersey-container-servlet-core/2.27/jersey-container-servlet-core-2.27.jar:/home/user/.m2/repository/org/glassfish/hk2/external/javax.inject/2.5.0-b42/javax.inject-2.5.0-b42.jar:/home/user/.m2/repository/org/glassfish/jersey/core/jersey-common/2.27/jersey-common-2.27.jar:/home/user/.m2/repository/org/glassfish/hk2/osgi-resource-locator/1.0.1/osgi-resource-locator-1.0.1.jar:/home/user/.m2/repository/javax/ws/rs/javax.ws.rs-api/2.1/javax.ws.rs-api-2.1.jar:/home/user/.m2/repository/org/glassfish/jersey/ext/cdi/jersey-cdi1x/2.27/jersey-cdi1x-2.27.jar:/home/user/.m2/repository/org/glassfish/jersey/inject/jersey-hk2/2.27/jersey-hk2-2.27.jar:/home/user/.m2/repository/org/glassfish/hk2/hk2-locator/2.5.0-b42/hk2-locator-2.5.0-b42.jar:/home/user/.m2/repository/org/javassist/javassist/3.22.0-CR2/javassist-3.22.0-CR2.jar:/home/user/.m2/repository/org/glassfish/hk2/hk2-api/2.5.0/hk2-api-2.5.0.jar:/home/user/.m2/repository/org/glassfish/hk2/external/jakarta.inject/2.5.0/jakarta.inject-2.5.0.jar:/home/user/.m2/repository/org/glassfish/hk2/hk2-utils/2.5.0/hk2-utils-2.5.0.jar:/home/user/.m2/repository/jakarta/annotation/jakarta.annotation-api/1.3.4/jakarta.annotation-api-1.3.4.jar:/home/user/.m2/repository/org/glassfish/hk2/external/aopalliance-repackaged/2.5.0/aopalliance-repackaged-2.5.0.jar:/home/user/.m2/repository/com/fasterxml/jackson/dataformat/jackson-dataformat-xml/2.9.0/jackson-dataformat-xml-2.9.0.jar:/home/user/.m2/repository/com/fasterxml/jackson/core/jackson-core/2.9.5/jackson-core-2.9.5.jar:/home/user/.m2/repository/com/fasterxml/jackson/module/jackson-module-jaxb-annotations/2.9.5/jackson-module-jaxb-annotations-2.9.5.jar:/home/user/.m2/repository/javax/enterprise/cdi-api/1.2/cdi-api-1.2.jar:/home/user/.m2/repository/javax/el/javax.el-api/3.0.0/javax.el-api-3.0.0.jar:/home/user/.m2/repository/javax/interceptor/javax.interceptor-api/1.2/javax.interceptor-api-1.2.jar:/home/user/.m2/repository/javax/inject/javax.inject/1/javax.inject-1.jar:/home/user/.m2/repository/com/sun/xml/bind/jaxb-impl/2.3.0.1/jaxb-impl-2.3.0.1.jar:/home/user/.m2/repository/com/sun/xml/bind/jaxb-core/2.3.0.1/jaxb-core-2.3.0.1.jar:/home/user/.m2/repository/javax/xml/bind/jaxb-api/2.3.0/jaxb-api-2.3.0.jar:/home/user/.m2/repository/javax/activation/activation/1.1.1/activation-1.1.1.jar:/home/user/.m2/repository/org/apache/hadoop/hadoop-ozone-csi/0.5.0-SNAPSHOT/hadoop-ozone-csi-0.5.0-SNAPSHOT.jar:/home/user/.m2/repository/com/google/protobuf/protobuf-java-util/3.5.1/protobuf-java-util-3.5.1.jar:/home/user/.m2/repository/org/apache/hadoop/hadoop-hdds-config/0.5.0-SNAPSHOT/hadoop-hdds-config-0.5.0-SNAPSHOT.jar:/home/user/.m2/repository/io/grpc/grpc-netty/1.17.1/grpc-netty-1.17.1.jar:/home/user/.m2/repository/io/grpc/grpc-core/1.17.1/grpc-core-1.17.1.jar:/home/user/.m2/repository/io/grpc/grpc-context/1.17.1/grpc-context-1.17.1.jar:/home/user/.m2/repository/com/google/errorprone/error_prone_annotations/2.2.0/error_prone_annotations-2.2.0.jar:/home/user/.m2/repository/org/codehaus/mojo/animal-sniffer-annotations/1.17/animal-sniffer-annotations-1.17.jar:/home/user/.m2/repository/io/opencensus/opencensus-api/0.17.0/opencensus-api-0.17.0.jar:/home/user/.m2/repository/io/opencensus/opencensus-contrib-grpc-metrics/0.17.0/opencensus-contrib-grpc-metrics-0.17.0.jar:/home/user/.m2/repository/io/netty/netty-codec-http2/4.1.30.Final/netty-codec-http2-4.1.30.Final.jar:/home/user/.m2/repository/io/netty/netty-codec-http/4.1.30.Final/netty-codec-http-4.1.30.Final.jar:/home/user/.m2/repository/io/netty/netty-codec/4.1.30.Final/netty-codec-4.1.30.Final.jar:/home/user/.m2/repository/io/netty/netty-handler/4.1.30.Final/netty-handler-4.1.30.Final.jar:/home/user/.m2/repository/io/netty/netty-handler-proxy/4.1.30.Final/netty-handler-proxy-4.1.30.Final.jar:/home/user/.m2/repository/io/netty/netty-codec-socks/4.1.30.Final/netty-codec-socks-4.1.30.Final.jar:/home/user/.m2/repository/io/netty/netty-transport-native-epoll/4.1.30.Final/netty-transport-native-epoll-4.1.30.Final.jar:/home/user/.m2/repository/io/netty/netty-common/4.1.30.Final/netty-common-4.1.30.Final.jar:/home/user/.m2/repository/io/netty/netty-buffer/4.1.30.Final/netty-buffer-4.1.30.Final.jar:/home/user/.m2/repository/io/netty/netty-transport/4.1.30.Final/netty-transport-4.1.30.Final.jar:/home/user/.m2/repository/io/netty/netty-resolver/4.1.30.Final/netty-resolver-4.1.30.Final.jar:/home/user/.m2/repository/io/netty/netty-transport-native-unix-common/4.1.30.Final/netty-transport-native-unix-common-4.1.30.Final.jar:/home/user/.m2/repository/io/grpc/grpc-protobuf/1.17.1/grpc-protobuf-1.17.1.jar:/home/user/.m2/repository/com/google/api/grpc/proto-google-common-protos/1.0.0/proto-google-common-protos-1.0.0.jar:/home/user/.m2/repository/io/grpc/grpc-protobuf-lite/1.17.1/grpc-protobuf-lite-1.17.1.jar:/home/user/.m2/repository/io/grpc/grpc-stub/1.17.1/grpc-stub-1.17.1.jar:/home/user/.m2/repository/org/apache/hadoop/hadoop-ozone-recon/0.5.0-SNAPSHOT/hadoop-ozone-recon-0.5.0-SNAPSHOT.jar:/home/user/.m2/repository/org/apache/hadoop/hadoop-ozone-reconcodegen/0.5.0-SNAPSHOT/hadoop-ozone-reconcodegen-0.5.0-SNAPSHOT.jar:/home/user/.m2/repository/com/google/inject/extensions/guice-multibindings/4.0/guice-multibindings-4.0.jar:/home/user/.m2/repository/com/google/inject/guice/4.0/guice-4.0.jar:/home/user/.m2/repository/aopalliance/aopalliance/1.0/aopalliance-1.0.jar:/home/user/.m2/repository/com/google/inject/extensions/guice-servlet/4.0/guice-servlet-4.0.jar:/home/user/.m2/repository/org/glassfish/jersey/containers/jersey-container-servlet/2.27/jersey-container-servlet-2.27.jar:/home/user/.m2/repository/org/glassfish/hk2/guice-bridge/2.5.0/guice-bridge-2.5.0.jar:/home/user/.m2/repository/org/glassfish/jersey/core/jersey-server/2.27/jersey-server-2.27.jar:/home/user/.m2/repository/org/glassfish/jersey/core/jersey-client/2.27/jersey-client-2.27.jar:/home/user/.m2/repository/org/glassfish/jersey/media/jersey-media-jaxb/2.27/jersey-media-jaxb-2.27.jar:/home/user/.m2/repository/javax/validation/validation-api/1.1.0.Final/validation-api-1.1.0.Final.jar:/home/user/.m2/repository/org/glassfish/jersey/media/jersey-media-json-jackson/2.27/jersey-media-json-jackson-2.27.jar:/home/user/.m2/repository/org/glassfish/jersey/ext/jersey-entity-filtering/2.27/jersey-entity-filtering-2.27.jar:/home/user/.m2/repository/com/google/inject/extensions/guice-assistedinject/4.0/guice-assistedinject-4.0.jar:/home/user/.m2/repository/org/jooq/jooq/3.11.10/jooq-3.11.10.jar:/home/user/.m2/repository/org/jooq/jooq-meta/3.11.10/jooq-meta-3.11.10.jar:/home/user/.m2/repository/org/jooq/jooq-codegen/3.11.10/jooq-codegen-3.11.10.jar:/home/user/.m2/repository/com/jolbox/bonecp/0.8.0.RELEASE/bonecp-0.8.0.RELEASE.jar:/home/user/.m2/repository/org/xerial/sqlite-jdbc/3.25.2/sqlite-jdbc-3.25.2.jar:/home/user/.m2/repository/org/springframework/spring-jdbc/5.1.3.RELEASE/spring-jdbc-5.1.3.RELEASE.jar:/home/user/.m2/repository/org/springframework/spring-beans/5.1.3.RELEASE/spring-beans-5.1.3.RELEASE.jar:/home/user/.m2/repository/org/springframework/spring-core/5.1.3.RELEASE/spring-core-5.1.3.RELEASE.jar:/home/user/.m2/repository/org/springframework/spring-jcl/5.1.3.RELEASE/spring-jcl-5.1.3.RELEASE.jar:/home/user/.m2/repository/org/springframework/spring-tx/5.1.3.RELEASE/spring-tx-5.1.3.RELEASE.jar:/home/user/.m2/repository/org/apache/hadoop/hadoop-ozone-client/0.5.0-SNAPSHOT/hadoop-ozone-client-0.5.0-SNAPSHOT.jar:/home/user/.m2/repository/commons-lang/commons-lang/2.6/commons-lang-2.6.jar:/home/user/.m2/repository/org/apache/hadoop/hadoop-ozone-ozone-manager/0.5.0-SNAPSHOT/hadoop-ozone-ozone-manager-0.5.0-SNAPSHOT-tests.jar:/home/user/.m2/repository/junit/junit/4.11/junit-4.11.jar:/home/user/.m2/repository/org/hamcrest/hamcrest-core/1.3/hamcrest-core-1.3.jar:/home/user/.m2/repository/org/openjdk/jmh/jmh-core/1.19/jmh-core-1.19.jar:/home/user/.m2/repository/net/sf/jopt-simple/jopt-simple/4.6/jopt-simple-4.6.jar:/home/user/.m2/repository/org/apache/commons/commons-math3/3.1.1/commons-math3-3.1.1.jar:/home/user/.m2/repository/org/openjdk/jmh/jmh-generator-annprocess/1.19/jmh-generator-annprocess-1.19.jar:/home/user/.m2/repository/org/mockito/mockito-all/1.8.5/mockito-all-1.8.5.jar:/home/user/.m2/repository/org/apache/hadoop/hadoop-kms/3.2.0/hadoop-kms-3.2.0.jar:/home/user/.m2/repository/org/apache/hadoop/hadoop-auth/3.2.0/hadoop-auth-3.2.0.jar:/home/user/.m2/repository/com/nimbusds/nimbus-jose-jwt/4.41.1/nimbus-jose-jwt-4.41.1.jar:/home/user/.m2/repository/com/github/stephenc/jcip/jcip-annotations/1.0-1/jcip-annotations-1.0-1.jar:/home/user/.m2/repository/net/minidev/json-smart/2.3/json-smart-2.3.jar:/home/user/.m2/repository/net/minidev/accessors-smart/1.2/accessors-smart-1.2.jar:/home/user/.m2/repository/org/ow2/asm/asm/5.0.4/asm-5.0.4.jar:/home/user/.m2/repository/org/apache/curator/curator-framework/2.12.0/curator-framework-2.12.0.jar:/home/user/.m2/repository/com/sun/jersey/jersey-core/1.19/jersey-core-1.19.jar:/home/user/.m2/repository/javax/ws/rs/jsr311-api/1.1.1/jsr311-api-1.1.1.jar:/home/user/.m2/repository/com/sun/jersey/jersey-server/1.19/jersey-server-1.19.jar:/home/user/.m2/repository/javax/servlet/javax.servlet-api/3.1.0/javax.servlet-api-3.1.0.jar:/home/user/.m2/repository/org/eclipse/jetty/jetty-server/9.3.24.v20180605/jetty-server-9.3.24.v20180605.jar:/home/user/.m2/repository/org/eclipse/jetty/jetty-http/9.3.24.v20180605/jetty-http-9.3.24.v20180605.jar:/home/user/.m2/repository/org/eclipse/jetty/jetty-io/9.3.24.v20180605/jetty-io-9.3.24.v20180605.jar:/home/user/.m2/repository/org/eclipse/jetty/jetty-webapp/9.3.24.v20180605/jetty-webapp-9.3.24.v20180605.jar:/home/user/.m2/repository/org/eclipse/jetty/jetty-xml/9.3.24.v20180605/jetty-xml-9.3.24.v20180605.jar:/home/user/.m2/repository/log4j/log4j/1.2.17/log4j-1.2.17.jar:/home/user/.m2/repository/org/slf4j/slf4j-api/1.7.25/slf4j-api-1.7.25.jar:/home/user/.m2/repository/org/slf4j/jul-to-slf4j/1.7.25/jul-to-slf4j-1.7.25.jar:/home/user/.m2/repository/org/eclipse/jetty/jetty-util/9.3.24.v20180605/jetty-util-9.3.24.v20180605.jar:/home/user/.m2/repository/com/fasterxml/jackson/core/jackson-databind/2.9.5/jackson-databind-2.9.5.jar:/home/user/.m2/repository/org/apache/hadoop/hadoop-kms/3.2.0/hadoop-kms-3.2.0-tests.jar:/home/user/.m2/repository/org/apache/hadoop/hadoop-hdds-server-scm/0.5.0-SNAPSHOT/hadoop-hdds-server-scm-0.5.0-SNAPSHOT-tests.jar:/home/user/.m2/repository/org/apache/hadoop/hadoop-hdds-container-service/0.5.0-SNAPSHOT/hadoop-hdds-container-service-0.5.0-SNAPSHOT-tests.jar:/home/user/.m2/repository/org/yaml/snakeyaml/1.16/snakeyaml-1.16.jar:/home/user/.m2/repository/org/apache/hadoop/hadoop-common/3.2.0/hadoop-common-3.2.0-tests.jar:/home/user/.m2/repository/org/apache/hadoop/hadoop-annotations/3.2.0/hadoop-annotations-3.2.0.jar:/usr/lib/jvm/java-1.8-openjdk/jre/../lib/tools.jar:/home/user/.m2/repository/commons-cli/commons-cli/1.2/commons-cli-1.2.jar:/home/user/.m2/repository/org/apache/httpcomponents/httpclient/4.5.2/httpclient-4.5.2.jar:/home/user/.m2/repository/org/apache/httpcomponents/httpcore/4.4.4/httpcore-4.4.4.jar:/home/user/.m2/repository/commons-codec/commons-codec/1.11/commons-codec-1.11.jar:/home/user/.m2/repository/commons-net/commons-net/3.6/commons-net-3.6.jar:/home/user/.m2/repository/commons-collections/commons-collections/3.2.2/commons-collections-3.2.2.jar:/home/user/.m2/repository/org/eclipse/jetty/jetty-servlet/9.3.24.v20180605/jetty-servlet-9.3.24.v20180605.jar:/home/user/.m2/repository/org/eclipse/jetty/jetty-security/9.3.24.v20180605/jetty-security-9.3.24.v20180605.jar:/home/user/.m2/repository/javax/servlet/jsp/jsp-api/2.1/jsp-api-2.1.jar:/home/user/.m2/repository/com/sun/jersey/jersey-servlet/1.19/jersey-servlet-1.19.jar:/home/user/.m2/repository/com/sun/jersey/jersey-json/1.19/jersey-json-1.19.jar:/home/user/.m2/repository/org/codehaus/jettison/jettison/1.1/jettison-1.1.jar:/home/user/.m2/repository/org/codehaus/jackson/jackson-core-asl/1.9.13/jackson-core-asl-1.9.13.jar:/home/user/.m2/repository/org/codehaus/jackson/jackson-mapper-asl/1.9.13/jackson-mapper-asl-1.9.13.jar:/home/user/.m2/repository/org/codehaus/jackson/jackson-jaxrs/1.9.13/jackson-jaxrs-1.9.13.jar:/home/user/.m2/repository/org/codehaus/jackson/jackson-xc/1.9.13/jackson-xc-1.9.13.jar:/home/user/.m2/repository/commons-logging/commons-logging/1.1.3/commons-logging-1.1.3.jar:/home/user/.m2/repository/commons-beanutils/commons-beanutils/1.9.3/commons-beanutils-1.9.3.jar:/home/user/.m2/repository/org/apache/commons/commons-configuration2/2.1.1/commons-configuration2-2.1.1.jar:/home/user/.m2/repository/org/apache/commons/commons-lang3/3.7/commons-lang3-3.7.jar:/home/user/.m2/repository/org/apache/commons/commons-text/1.4/commons-text-1.4.jar:/home/user/.m2/repository/org/apache/avro/avro/1.7.7/avro-1.7.7.jar:/home/user/.m2/repository/com/thoughtworks/paranamer/paranamer/2.3/paranamer-2.3.jar:/home/user/.m2/repository/org/xerial/snappy/snappy-java/1.0.5/snappy-java-1.0.5.jar:/home/user/.m2/repository/com/google/re2j/re2j/1.1/re2j-1.1.jar:/home/user/.m2/repository/com/google/code/gson/gson/2.2.4/gson-2.2.4.jar:/home/user/.m2/repository/com/jcraft/jsch/0.1.54/jsch-0.1.54.jar:/home/user/.m2/repository/org/apache/curator/curator-client/2.12.0/curator-client-2.12.0.jar:/home/user/.m2/repository/org/apache/curator/curator-recipes/2.12.0/curator-recipes-2.12.0.jar:/home/user/.m2/repository/com/google/code/findbugs/jsr305/3.0.0/jsr305-3.0.0.jar:/home/user/.m2/repository/org/apache/htrace/htrace-core4/4.1.0-incubating/htrace-core4-4.1.0-incubating.jar:/home/user/.m2/repository/org/apache/zookeeper/zookeeper/3.4.13/zookeeper-3.4.13.jar:/home/user/.m2/repository/org/apache/yetus/audience-annotations/0.5.0/audience-annotations-0.5.0.jar:/home/user/.m2/repository/org/codehaus/woodstox/stax2-api/3.1.4/stax2-api-3.1.4.jar:/home/user/.m2/repository/com/fasterxml/woodstox/woodstox-core/5.0.3/woodstox-core-5.0.3.jar:/home/user/.m2/repository/dnsjava/dnsjava/2.1.7/dnsjava-2.1.7.jar:/home/user/.m2/repository/org/apache/hadoop/hadoop-hdfs/3.2.0/hadoop-hdfs-3.2.0-tests.jar:/home/user/.m2/repository/org/eclipse/jetty/jetty-util-ajax/9.3.24.v20180605/jetty-util-ajax-9.3.24.v20180605.jar:/home/user/.m2/repository/commons-daemon/commons-daemon/1.0.13/commons-daemon-1.0.13.jar:/home/user/.m2/repository/io/netty/netty/3.10.5.Final/netty-3.10.5.Final.jar:/home/user/.m2/repository/io/netty/netty-all/4.0.52.Final/netty-all-4.0.52.Final.jar:/home/user/.m2/repository/org/fusesource/leveldbjni/leveldbjni-all/1.8/leveldbjni-all-1.8.jar:"/>
    <property name="java.vm.vendor" value="IcedTea"/>
    <property name="sun.arch.data.model" value="64"/>
    <property name="test.build.dir" value="/workdir/hadoop-ozone/integration-test/target/test-dir"/>
    <property name="test.cache.data" value=""/>
    <property name="java.vendor.url" value="https://icedtea.classpath.org"/>
    <property name="user.timezone" value=""/>
    <property name="java.vm.specification.version" value="1.8"/>
    <property name="os.name" value="Linux"/>
    <property name="test.build.data" value="/workdir/hadoop-ozone/integration-test/target/test-dir"/>
    <property name="user.country" value="US"/>
    <property name="sun.java.launcher" value="SUN_STANDARD"/>
    <property name="sun.boot.library.path" value="/usr/lib/jvm/java-1.8-openjdk/jre/lib/amd64"/>
    <property name="sun.java.command" value="/workdir/hadoop-ozone/integration-test/target/surefire/surefirebooter6854676586895503480.jar /workdir/hadoop-ozone/integration-test/target/surefire 2019-08-29T22-40-37_536-jvmRun1 surefire6688807436156402117tmp surefire_231942630135481015384tmp"/>
    <property name="test" value="!TestMiniChaosOzoneCluster"/>
    <property name="surefire.test.class.path" value="/workdir/hadoop-ozone/integration-test/target/test-classes:/workdir/hadoop-ozone/integration-test/target/classes:/home/user/.m2/repository/org/apache/hadoop/hadoop-ozone-common/0.5.0-SNAPSHOT/hadoop-ozone-common-0.5.0-SNAPSHOT.jar:/home/user/.m2/repository/org/apache/commons/commons-compress/1.4.1/commons-compress-1.4.1.jar:/home/user/.m2/repository/org/tukaani/xz/1.0/xz-1.0.jar:/home/user/.m2/repository/org/apache/hadoop/hadoop-common/3.2.0/hadoop-common-3.2.0.jar:/home/user/.m2/repository/org/apache/hadoop/hadoop-hdfs/3.2.0/hadoop-hdfs-3.2.0.jar:/home/user/.m2/repository/org/apache/hadoop/hadoop-hdfs-client/3.2.0/hadoop-hdfs-client-3.2.0.jar:/home/user/.m2/repository/com/fasterxml/jackson/core/jackson-annotations/2.9.5/jackson-annotations-2.9.5.jar:/home/user/.m2/repository/org/apache/hadoop/hadoop-hdds-common/0.5.0-SNAPSHOT/hadoop-hdds-common-0.5.0-SNAPSHOT.jar:/home/user/.m2/repository/javax/annotation/javax.annotation-api/1.2/javax.annotation-api-1.2.jar:/home/user/.m2/repository/org/apache/ratis/ratis-server/0.4.0-2337318-SNAPSHOT/ratis-server-0.4.0-2337318-SNAPSHOT.jar:/home/user/.m2/repository/org/apache/ratis/ratis-thirdparty-misc/0.2.0/ratis-thirdparty-misc-0.2.0.jar:/home/user/.m2/repository/org/apache/ratis/ratis-proto/0.4.0-2337318-SNAPSHOT/ratis-proto-0.4.0-2337318-SNAPSHOT.jar:/home/user/.m2/repository/org/apache/ratis/ratis-common/0.4.0-2337318-SNAPSHOT/ratis-common-0.4.0-2337318-SNAPSHOT.jar:/home/user/.m2/repository/org/apache/ratis/ratis-client/0.4.0-2337318-SNAPSHOT/ratis-client-0.4.0-2337318-SNAPSHOT.jar:/home/user/.m2/repository/org/apache/ratis/ratis-metrics/0.4.0-2337318-SNAPSHOT/ratis-metrics-0.4.0-2337318-SNAPSHOT.jar:/home/user/.m2/repository/org/apache/ratis/ratis-netty/0.4.0-2337318-SNAPSHOT/ratis-netty-0.4.0-2337318-SNAPSHOT.jar:/home/user/.m2/repository/org/apache/ratis/ratis-grpc/0.4.0-2337318-SNAPSHOT/ratis-grpc-0.4.0-2337318-SNAPSHOT.jar:/home/user/.m2/repository/org/rocksdb/rocksdbjni/6.0.1/rocksdbjni-6.0.1.jar:/home/user/.m2/repository/org/apache/logging/log4j/log4j-api/2.11.0/log4j-api-2.11.0.jar:/home/user/.m2/repository/org/apache/logging/log4j/log4j-core/2.11.0/log4j-core-2.11.0.jar:/home/user/.m2/repository/com/lmax/disruptor/3.4.2/disruptor-3.4.2.jar:/home/user/.m2/repository/org/apache/commons/commons-pool2/2.6.0/commons-pool2-2.6.0.jar:/home/user/.m2/repository/org/bouncycastle/bcpkix-jdk15on/1.60/bcpkix-jdk15on-1.60.jar:/home/user/.m2/repository/commons-validator/commons-validator/1.6/commons-validator-1.6.jar:/home/user/.m2/repository/commons-digester/commons-digester/1.8.1/commons-digester-1.8.1.jar:/home/user/.m2/repository/io/jaegertracing/jaeger-client/0.33.1/jaeger-client-0.33.1.jar:/home/user/.m2/repository/io/jaegertracing/jaeger-thrift/0.33.1/jaeger-thrift-0.33.1.jar:/home/user/.m2/repository/org/apache/thrift/libthrift/0.11.0/libthrift-0.11.0.jar:/home/user/.m2/repository/com/squareup/okhttp3/okhttp/3.9.0/okhttp-3.9.0.jar:/home/user/.m2/repository/com/squareup/okio/okio/1.13.0/okio-1.13.0.jar:/home/user/.m2/repository/io/jaegertracing/jaeger-core/0.33.1/jaeger-core-0.33.1.jar:/home/user/.m2/repository/io/jaegertracing/jaeger-tracerresolver/0.33.1/jaeger-tracerresolver-0.33.1.jar:/home/user/.m2/repository/io/opentracing/contrib/opentracing-tracerresolver/0.1.5/opentracing-tracerresolver-0.1.5.jar:/home/user/.m2/repository/io/opentracing/opentracing-util/0.31.0/opentracing-util-0.31.0.jar:/home/user/.m2/repository/io/opentracing/opentracing-api/0.31.0/opentracing-api-0.31.0.jar:/home/user/.m2/repository/io/opentracing/opentracing-noop/0.31.0/opentracing-noop-0.31.0.jar:/home/user/.m2/repository/org/apache/hadoop/hadoop-hdds-server-framework/0.5.0-SNAPSHOT/hadoop-hdds-server-framework-0.5.0-SNAPSHOT.jar:/home/user/.m2/repository/org/apache/hadoop/hadoop-hdds-container-service/0.5.0-SNAPSHOT/hadoop-hdds-container-service-0.5.0-SNAPSHOT.jar:/home/user/.m2/repository/org/apache/hadoop/hadoop-hdds-client/0.5.0-SNAPSHOT/hadoop-hdds-client-0.5.0-SNAPSHOT.jar:/home/user/.m2/repository/org/apache/hadoop/hadoop-hdds-tools/0.5.0-SNAPSHOT/hadoop-hdds-tools-0.5.0-SNAPSHOT.jar:/home/user/.m2/repository/org/apache/hadoop/hadoop-hdds-server-scm/0.5.0-SNAPSHOT/hadoop-hdds-server-scm-0.5.0-SNAPSHOT.jar:/home/user/.m2/repository/org/apache/hadoop/hadoop-hdds-docs/0.5.0-SNAPSHOT/hadoop-hdds-docs-0.5.0-SNAPSHOT.jar:/home/user/.m2/repository/io/dropwizard/metrics/metrics-core/3.2.4/metrics-core-3.2.4.jar:/home/user/.m2/repository/org/hamcrest/hamcrest-all/1.3/hamcrest-all-1.3.jar:/home/user/.m2/repository/org/bouncycastle/bcprov-jdk15on/1.60/bcprov-jdk15on-1.60.jar:/home/user/.m2/repository/info/picocli/picocli/3.9.6/picocli-3.9.6.jar:/home/user/.m2/repository/com/google/protobuf/protobuf-java/2.5.0/protobuf-java-2.5.0.jar:/home/user/.m2/repository/com/google/guava/guava/11.0.2/guava-11.0.2.jar:/home/user/.m2/repository/org/apache/hadoop/hadoop-ozone-ozone-manager/0.5.0-SNAPSHOT/hadoop-ozone-ozone-manager-0.5.0-SNAPSHOT.jar:/home/user/.m2/repository/org/apache/hadoop/hadoop-minikdc/3.2.0/hadoop-minikdc-3.2.0.jar:/home/user/.m2/repository/commons-io/commons-io/2.5/commons-io-2.5.jar:/home/user/.m2/repository/org/apache/kerby/kerb-simplekdc/1.0.1/kerb-simplekdc-1.0.1.jar:/home/user/.m2/repository/org/apache/kerby/kerb-client/1.0.1/kerb-client-1.0.1.jar:/home/user/.m2/repository/org/apache/kerby/kerby-config/1.0.1/kerby-config-1.0.1.jar:/home/user/.m2/repository/org/apache/kerby/kerb-core/1.0.1/kerb-core-1.0.1.jar:/home/user/.m2/repository/org/apache/kerby/kerby-pkix/1.0.1/kerby-pkix-1.0.1.jar:/home/user/.m2/repository/org/apache/kerby/kerby-asn1/1.0.1/kerby-asn1-1.0.1.jar:/home/user/.m2/repository/org/apache/kerby/kerby-util/1.0.1/kerby-util-1.0.1.jar:/home/user/.m2/repository/org/apache/kerby/kerb-common/1.0.1/kerb-common-1.0.1.jar:/home/user/.m2/repository/org/apache/kerby/kerb-crypto/1.0.1/kerb-crypto-1.0.1.jar:/home/user/.m2/repository/org/apache/kerby/kerb-util/1.0.1/kerb-util-1.0.1.jar:/home/user/.m2/repository/org/apache/kerby/token-provider/1.0.1/token-provider-1.0.1.jar:/home/user/.m2/repository/org/apache/kerby/kerb-admin/1.0.1/kerb-admin-1.0.1.jar:/home/user/.m2/repository/org/apache/kerby/kerb-server/1.0.1/kerb-server-1.0.1.jar:/home/user/.m2/repository/org/apache/kerby/kerb-identity/1.0.1/kerb-identity-1.0.1.jar:/home/user/.m2/repository/org/apache/kerby/kerby-xdr/1.0.1/kerby-xdr-1.0.1.jar:/home/user/.m2/repository/org/slf4j/slf4j-log4j12/1.7.25/slf4j-log4j12-1.7.25.jar:/home/user/.m2/repository/org/apache/hadoop/hadoop-ozone-s3gateway/0.5.0-SNAPSHOT/hadoop-ozone-s3gateway-0.5.0-SNAPSHOT.jar:/home/user/.m2/repository/org/jboss/weld/servlet/weld-servlet/2.4.7.Final/weld-servlet-2.4.7.Final.jar:/home/user/.m2/repository/org/glassfish/jersey/containers/jersey-container-servlet-core/2.27/jersey-container-servlet-core-2.27.jar:/home/user/.m2/repository/org/glassfish/hk2/external/javax.inject/2.5.0-b42/javax.inject-2.5.0-b42.jar:/home/user/.m2/repository/org/glassfish/jersey/core/jersey-common/2.27/jersey-common-2.27.jar:/home/user/.m2/repository/org/glassfish/hk2/osgi-resource-locator/1.0.1/osgi-resource-locator-1.0.1.jar:/home/user/.m2/repository/javax/ws/rs/javax.ws.rs-api/2.1/javax.ws.rs-api-2.1.jar:/home/user/.m2/repository/org/glassfish/jersey/ext/cdi/jersey-cdi1x/2.27/jersey-cdi1x-2.27.jar:/home/user/.m2/repository/org/glassfish/jersey/inject/jersey-hk2/2.27/jersey-hk2-2.27.jar:/home/user/.m2/repository/org/glassfish/hk2/hk2-locator/2.5.0-b42/hk2-locator-2.5.0-b42.jar:/home/user/.m2/repository/org/javassist/javassist/3.22.0-CR2/javassist-3.22.0-CR2.jar:/home/user/.m2/repository/org/glassfish/hk2/hk2-api/2.5.0/hk2-api-2.5.0.jar:/home/user/.m2/repository/org/glassfish/hk2/external/jakarta.inject/2.5.0/jakarta.inject-2.5.0.jar:/home/user/.m2/repository/org/glassfish/hk2/hk2-utils/2.5.0/hk2-utils-2.5.0.jar:/home/user/.m2/repository/jakarta/annotation/jakarta.annotation-api/1.3.4/jakarta.annotation-api-1.3.4.jar:/home/user/.m2/repository/org/glassfish/hk2/external/aopalliance-repackaged/2.5.0/aopalliance-repackaged-2.5.0.jar:/home/user/.m2/repository/com/fasterxml/jackson/dataformat/jackson-dataformat-xml/2.9.0/jackson-dataformat-xml-2.9.0.jar:/home/user/.m2/repository/com/fasterxml/jackson/core/jackson-core/2.9.5/jackson-core-2.9.5.jar:/home/user/.m2/repository/com/fasterxml/jackson/module/jackson-module-jaxb-annotations/2.9.5/jackson-module-jaxb-annotations-2.9.5.jar:/home/user/.m2/repository/javax/enterprise/cdi-api/1.2/cdi-api-1.2.jar:/home/user/.m2/repository/javax/el/javax.el-api/3.0.0/javax.el-api-3.0.0.jar:/home/user/.m2/repository/javax/interceptor/javax.interceptor-api/1.2/javax.interceptor-api-1.2.jar:/home/user/.m2/repository/javax/inject/javax.inject/1/javax.inject-1.jar:/home/user/.m2/repository/com/sun/xml/bind/jaxb-impl/2.3.0.1/jaxb-impl-2.3.0.1.jar:/home/user/.m2/repository/com/sun/xml/bind/jaxb-core/2.3.0.1/jaxb-core-2.3.0.1.jar:/home/user/.m2/repository/javax/xml/bind/jaxb-api/2.3.0/jaxb-api-2.3.0.jar:/home/user/.m2/repository/javax/activation/activation/1.1.1/activation-1.1.1.jar:/home/user/.m2/repository/org/apache/hadoop/hadoop-ozone-csi/0.5.0-SNAPSHOT/hadoop-ozone-csi-0.5.0-SNAPSHOT.jar:/home/user/.m2/repository/com/google/protobuf/protobuf-java-util/3.5.1/protobuf-java-util-3.5.1.jar:/home/user/.m2/repository/org/apache/hadoop/hadoop-hdds-config/0.5.0-SNAPSHOT/hadoop-hdds-config-0.5.0-SNAPSHOT.jar:/home/user/.m2/repository/io/grpc/grpc-netty/1.17.1/grpc-netty-1.17.1.jar:/home/user/.m2/repository/io/grpc/grpc-core/1.17.1/grpc-core-1.17.1.jar:/home/user/.m2/repository/io/grpc/grpc-context/1.17.1/grpc-context-1.17.1.jar:/home/user/.m2/repository/com/google/errorprone/error_prone_annotations/2.2.0/error_prone_annotations-2.2.0.jar:/home/user/.m2/repository/org/codehaus/mojo/animal-sniffer-annotations/1.17/animal-sniffer-annotations-1.17.jar:/home/user/.m2/repository/io/opencensus/opencensus-api/0.17.0/opencensus-api-0.17.0.jar:/home/user/.m2/repository/io/opencensus/opencensus-contrib-grpc-metrics/0.17.0/opencensus-contrib-grpc-metrics-0.17.0.jar:/home/user/.m2/repository/io/netty/netty-codec-http2/4.1.30.Final/netty-codec-http2-4.1.30.Final.jar:/home/user/.m2/repository/io/netty/netty-codec-http/4.1.30.Final/netty-codec-http-4.1.30.Final.jar:/home/user/.m2/repository/io/netty/netty-codec/4.1.30.Final/netty-codec-4.1.30.Final.jar:/home/user/.m2/repository/io/netty/netty-handler/4.1.30.Final/netty-handler-4.1.30.Final.jar:/home/user/.m2/repository/io/netty/netty-handler-proxy/4.1.30.Final/netty-handler-proxy-4.1.30.Final.jar:/home/user/.m2/repository/io/netty/netty-codec-socks/4.1.30.Final/netty-codec-socks-4.1.30.Final.jar:/home/user/.m2/repository/io/netty/netty-transport-native-epoll/4.1.30.Final/netty-transport-native-epoll-4.1.30.Final.jar:/home/user/.m2/repository/io/netty/netty-common/4.1.30.Final/netty-common-4.1.30.Final.jar:/home/user/.m2/repository/io/netty/netty-buffer/4.1.30.Final/netty-buffer-4.1.30.Final.jar:/home/user/.m2/repository/io/netty/netty-transport/4.1.30.Final/netty-transport-4.1.30.Final.jar:/home/user/.m2/repository/io/netty/netty-resolver/4.1.30.Final/netty-resolver-4.1.30.Final.jar:/home/user/.m2/repository/io/netty/netty-transport-native-unix-common/4.1.30.Final/netty-transport-native-unix-common-4.1.30.Final.jar:/home/user/.m2/repository/io/grpc/grpc-protobuf/1.17.1/grpc-protobuf-1.17.1.jar:/home/user/.m2/repository/com/google/api/grpc/proto-google-common-protos/1.0.0/proto-google-common-protos-1.0.0.jar:/home/user/.m2/repository/io/grpc/grpc-protobuf-lite/1.17.1/grpc-protobuf-lite-1.17.1.jar:/home/user/.m2/repository/io/grpc/grpc-stub/1.17.1/grpc-stub-1.17.1.jar:/home/user/.m2/repository/org/apache/hadoop/hadoop-ozone-recon/0.5.0-SNAPSHOT/hadoop-ozone-recon-0.5.0-SNAPSHOT.jar:/home/user/.m2/repository/org/apache/hadoop/hadoop-ozone-reconcodegen/0.5.0-SNAPSHOT/hadoop-ozone-reconcodegen-0.5.0-SNAPSHOT.jar:/home/user/.m2/repository/com/google/inject/extensions/guice-multibindings/4.0/guice-multibindings-4.0.jar:/home/user/.m2/repository/com/google/inject/guice/4.0/guice-4.0.jar:/home/user/.m2/repository/aopalliance/aopalliance/1.0/aopalliance-1.0.jar:/home/user/.m2/repository/com/google/inject/extensions/guice-servlet/4.0/guice-servlet-4.0.jar:/home/user/.m2/repository/org/glassfish/jersey/containers/jersey-container-servlet/2.27/jersey-container-servlet-2.27.jar:/home/user/.m2/repository/org/glassfish/hk2/guice-bridge/2.5.0/guice-bridge-2.5.0.jar:/home/user/.m2/repository/org/glassfish/jersey/core/jersey-server/2.27/jersey-server-2.27.jar:/home/user/.m2/repository/org/glassfish/jersey/core/jersey-client/2.27/jersey-client-2.27.jar:/home/user/.m2/repository/org/glassfish/jersey/media/jersey-media-jaxb/2.27/jersey-media-jaxb-2.27.jar:/home/user/.m2/repository/javax/validation/validation-api/1.1.0.Final/validation-api-1.1.0.Final.jar:/home/user/.m2/repository/org/glassfish/jersey/media/jersey-media-json-jackson/2.27/jersey-media-json-jackson-2.27.jar:/home/user/.m2/repository/org/glassfish/jersey/ext/jersey-entity-filtering/2.27/jersey-entity-filtering-2.27.jar:/home/user/.m2/repository/com/google/inject/extensions/guice-assistedinject/4.0/guice-assistedinject-4.0.jar:/home/user/.m2/repository/org/jooq/jooq/3.11.10/jooq-3.11.10.jar:/home/user/.m2/repository/org/jooq/jooq-meta/3.11.10/jooq-meta-3.11.10.jar:/home/user/.m2/repository/org/jooq/jooq-codegen/3.11.10/jooq-codegen-3.11.10.jar:/home/user/.m2/repository/com/jolbox/bonecp/0.8.0.RELEASE/bonecp-0.8.0.RELEASE.jar:/home/user/.m2/repository/org/xerial/sqlite-jdbc/3.25.2/sqlite-jdbc-3.25.2.jar:/home/user/.m2/repository/org/springframework/spring-jdbc/5.1.3.RELEASE/spring-jdbc-5.1.3.RELEASE.jar:/home/user/.m2/repository/org/springframework/spring-beans/5.1.3.RELEASE/spring-beans-5.1.3.RELEASE.jar:/home/user/.m2/repository/org/springframework/spring-core/5.1.3.RELEASE/spring-core-5.1.3.RELEASE.jar:/home/user/.m2/repository/org/springframework/spring-jcl/5.1.3.RELEASE/spring-jcl-5.1.3.RELEASE.jar:/home/user/.m2/repository/org/springframework/spring-tx/5.1.3.RELEASE/spring-tx-5.1.3.RELEASE.jar:/home/user/.m2/repository/org/apache/hadoop/hadoop-ozone-client/0.5.0-SNAPSHOT/hadoop-ozone-client-0.5.0-SNAPSHOT.jar:/home/user/.m2/repository/commons-lang/commons-lang/2.6/commons-lang-2.6.jar:/home/user/.m2/repository/org/apache/hadoop/hadoop-ozone-ozone-manager/0.5.0-SNAPSHOT/hadoop-ozone-ozone-manager-0.5.0-SNAPSHOT-tests.jar:/home/user/.m2/repository/junit/junit/4.11/junit-4.11.jar:/home/user/.m2/repository/org/hamcrest/hamcrest-core/1.3/hamcrest-core-1.3.jar:/home/user/.m2/repository/org/openjdk/jmh/jmh-core/1.19/jmh-core-1.19.jar:/home/user/.m2/repository/net/sf/jopt-simple/jopt-simple/4.6/jopt-simple-4.6.jar:/home/user/.m2/repository/org/apache/commons/commons-math3/3.1.1/commons-math3-3.1.1.jar:/home/user/.m2/repository/org/openjdk/jmh/jmh-generator-annprocess/1.19/jmh-generator-annprocess-1.19.jar:/home/user/.m2/repository/org/mockito/mockito-all/1.8.5/mockito-all-1.8.5.jar:/home/user/.m2/repository/org/apache/hadoop/hadoop-kms/3.2.0/hadoop-kms-3.2.0.jar:/home/user/.m2/repository/org/apache/hadoop/hadoop-auth/3.2.0/hadoop-auth-3.2.0.jar:/home/user/.m2/repository/com/nimbusds/nimbus-jose-jwt/4.41.1/nimbus-jose-jwt-4.41.1.jar:/home/user/.m2/repository/com/github/stephenc/jcip/jcip-annotations/1.0-1/jcip-annotations-1.0-1.jar:/home/user/.m2/repository/net/minidev/json-smart/2.3/json-smart-2.3.jar:/home/user/.m2/repository/net/minidev/accessors-smart/1.2/accessors-smart-1.2.jar:/home/user/.m2/repository/org/ow2/asm/asm/5.0.4/asm-5.0.4.jar:/home/user/.m2/repository/org/apache/curator/curator-framework/2.12.0/curator-framework-2.12.0.jar:/home/user/.m2/repository/com/sun/jersey/jersey-core/1.19/jersey-core-1.19.jar:/home/user/.m2/repository/javax/ws/rs/jsr311-api/1.1.1/jsr311-api-1.1.1.jar:/home/user/.m2/repository/com/sun/jersey/jersey-server/1.19/jersey-server-1.19.jar:/home/user/.m2/repository/javax/servlet/javax.servlet-api/3.1.0/javax.servlet-api-3.1.0.jar:/home/user/.m2/repository/org/eclipse/jetty/jetty-server/9.3.24.v20180605/jetty-server-9.3.24.v20180605.jar:/home/user/.m2/repository/org/eclipse/jetty/jetty-http/9.3.24.v20180605/jetty-http-9.3.24.v20180605.jar:/home/user/.m2/repository/org/eclipse/jetty/jetty-io/9.3.24.v20180605/jetty-io-9.3.24.v20180605.jar:/home/user/.m2/repository/org/eclipse/jetty/jetty-webapp/9.3.24.v20180605/jetty-webapp-9.3.24.v20180605.jar:/home/user/.m2/repository/org/eclipse/jetty/jetty-xml/9.3.24.v20180605/jetty-xml-9.3.24.v20180605.jar:/home/user/.m2/repository/log4j/log4j/1.2.17/log4j-1.2.17.jar:/home/user/.m2/repository/org/slf4j/slf4j-api/1.7.25/slf4j-api-1.7.25.jar:/home/user/.m2/repository/org/slf4j/jul-to-slf4j/1.7.25/jul-to-slf4j-1.7.25.jar:/home/user/.m2/repository/org/eclipse/jetty/jetty-util/9.3.24.v20180605/jetty-util-9.3.24.v20180605.jar:/home/user/.m2/repository/com/fasterxml/jackson/core/jackson-databind/2.9.5/jackson-databind-2.9.5.jar:/home/user/.m2/repository/org/apache/hadoop/hadoop-kms/3.2.0/hadoop-kms-3.2.0-tests.jar:/home/user/.m2/repository/org/apache/hadoop/hadoop-hdds-server-scm/0.5.0-SNAPSHOT/hadoop-hdds-server-scm-0.5.0-SNAPSHOT-tests.jar:/home/user/.m2/repository/org/apache/hadoop/hadoop-hdds-container-service/0.5.0-SNAPSHOT/hadoop-hdds-container-service-0.5.0-SNAPSHOT-tests.jar:/home/user/.m2/repository/org/yaml/snakeyaml/1.16/snakeyaml-1.16.jar:/home/user/.m2/repository/org/apache/hadoop/hadoop-common/3.2.0/hadoop-common-3.2.0-tests.jar:/home/user/.m2/repository/org/apache/hadoop/hadoop-annotations/3.2.0/hadoop-annotations-3.2.0.jar:/usr/lib/jvm/java-1.8-openjdk/jre/../lib/tools.jar:/home/user/.m2/repository/commons-cli/commons-cli/1.2/commons-cli-1.2.jar:/home/user/.m2/repository/org/apache/httpcomponents/httpclient/4.5.2/httpclient-4.5.2.jar:/home/user/.m2/repository/org/apache/httpcomponents/httpcore/4.4.4/httpcore-4.4.4.jar:/home/user/.m2/repository/commons-codec/commons-codec/1.11/commons-codec-1.11.jar:/home/user/.m2/repository/commons-net/commons-net/3.6/commons-net-3.6.jar:/home/user/.m2/repository/commons-collections/commons-collections/3.2.2/commons-collections-3.2.2.jar:/home/user/.m2/repository/org/eclipse/jetty/jetty-servlet/9.3.24.v20180605/jetty-servlet-9.3.24.v20180605.jar:/home/user/.m2/repository/org/eclipse/jetty/jetty-security/9.3.24.v20180605/jetty-security-9.3.24.v20180605.jar:/home/user/.m2/repository/javax/servlet/jsp/jsp-api/2.1/jsp-api-2.1.jar:/home/user/.m2/repository/com/sun/jersey/jersey-servlet/1.19/jersey-servlet-1.19.jar:/home/user/.m2/repository/com/sun/jersey/jersey-json/1.19/jersey-json-1.19.jar:/home/user/.m2/repository/org/codehaus/jettison/jettison/1.1/jettison-1.1.jar:/home/user/.m2/repository/org/codehaus/jackson/jackson-core-asl/1.9.13/jackson-core-asl-1.9.13.jar:/home/user/.m2/repository/org/codehaus/jackson/jackson-mapper-asl/1.9.13/jackson-mapper-asl-1.9.13.jar:/home/user/.m2/repository/org/codehaus/jackson/jackson-jaxrs/1.9.13/jackson-jaxrs-1.9.13.jar:/home/user/.m2/repository/org/codehaus/jackson/jackson-xc/1.9.13/jackson-xc-1.9.13.jar:/home/user/.m2/repository/commons-logging/commons-logging/1.1.3/commons-logging-1.1.3.jar:/home/user/.m2/repository/commons-beanutils/commons-beanutils/1.9.3/commons-beanutils-1.9.3.jar:/home/user/.m2/repository/org/apache/commons/commons-configuration2/2.1.1/commons-configuration2-2.1.1.jar:/home/user/.m2/repository/org/apache/commons/commons-lang3/3.7/commons-lang3-3.7.jar:/home/user/.m2/repository/org/apache/commons/commons-text/1.4/commons-text-1.4.jar:/home/user/.m2/repository/org/apache/avro/avro/1.7.7/avro-1.7.7.jar:/home/user/.m2/repository/com/thoughtworks/paranamer/paranamer/2.3/paranamer-2.3.jar:/home/user/.m2/repository/org/xerial/snappy/snappy-java/1.0.5/snappy-java-1.0.5.jar:/home/user/.m2/repository/com/google/re2j/re2j/1.1/re2j-1.1.jar:/home/user/.m2/repository/com/google/code/gson/gson/2.2.4/gson-2.2.4.jar:/home/user/.m2/repository/com/jcraft/jsch/0.1.54/jsch-0.1.54.jar:/home/user/.m2/repository/org/apache/curator/curator-client/2.12.0/curator-client-2.12.0.jar:/home/user/.m2/repository/org/apache/curator/curator-recipes/2.12.0/curator-recipes-2.12.0.jar:/home/user/.m2/repository/com/google/code/findbugs/jsr305/3.0.0/jsr305-3.0.0.jar:/home/user/.m2/repository/org/apache/htrace/htrace-core4/4.1.0-incubating/htrace-core4-4.1.0-incubating.jar:/home/user/.m2/repository/org/apache/zookeeper/zookeeper/3.4.13/zookeeper-3.4.13.jar:/home/user/.m2/repository/org/apache/yetus/audience-annotations/0.5.0/audience-annotations-0.5.0.jar:/home/user/.m2/repository/org/codehaus/woodstox/stax2-api/3.1.4/stax2-api-3.1.4.jar:/home/user/.m2/repository/com/fasterxml/woodstox/woodstox-core/5.0.3/woodstox-core-5.0.3.jar:/home/user/.m2/repository/dnsjava/dnsjava/2.1.7/dnsjava-2.1.7.jar:/home/user/.m2/repository/org/apache/hadoop/hadoop-hdfs/3.2.0/hadoop-hdfs-3.2.0-tests.jar:/home/user/.m2/repository/org/eclipse/jetty/jetty-util-ajax/9.3.24.v20180605/jetty-util-ajax-9.3.24.v20180605.jar:/home/user/.m2/repository/commons-daemon/commons-daemon/1.0.13/commons-daemon-1.0.13.jar:/home/user/.m2/repository/io/netty/netty/3.10.5.Final/netty-3.10.5.Final.jar:/home/user/.m2/repository/io/netty/netty-all/4.0.52.Final/netty-all-4.0.52.Final.jar:/home/user/.m2/repository/org/fusesource/leveldbjni/leveldbjni-all/1.8/leveldbjni-all-1.8.jar:"/>
    <property name="sun.cpu.endian" value="little"/>
    <property name="user.home" value="/home/user"/>
    <property name="user.language" value="en"/>
    <property name="java.specification.vendor" value="Oracle Corporation"/>
    <property name="java.home" value="/usr/lib/jvm/java-1.8-openjdk/jre"/>
    <property name="java.security.krb5.conf" value="/workdir/hadoop-ozone/integration-test/target/test-classes/krb5.conf"/>
    <property name="basedir" value="/workdir/hadoop-ozone/integration-test"/>
    <property name="file.separator" value="/"/>
    <property name="line.separator" value="&#10;"/>
    <property name="java.vm.specification.vendor" value="Oracle Corporation"/>
    <property name="java.specification.name" value="Java Platform API Specification"/>
    <property name="java.awt.graphicsenv" value="sun.awt.X11GraphicsEnvironment"/>
    <property name="surefire.real.class.path" value="/workdir/hadoop-ozone/integration-test/target/surefire/surefirebooter6854676586895503480.jar"/>
    <property name="hadoop.log.dir" value="/workdir/hadoop-ozone/integration-test/target/log"/>
    <property name="sun.boot.class.path" value="/usr/lib/jvm/java-1.8-openjdk/jre/lib/resources.jar:/usr/lib/jvm/java-1.8-openjdk/jre/lib/rt.jar:/usr/lib/jvm/java-1.8-openjdk/jre/lib/sunrsasign.jar:/usr/lib/jvm/java-1.8-openjdk/jre/lib/jsse.jar:/usr/lib/jvm/java-1.8-openjdk/jre/lib/jce.jar:/usr/lib/jvm/java-1.8-openjdk/jre/lib/charsets.jar:/usr/lib/jvm/java-1.8-openjdk/jre/lib/jfr.jar:/usr/lib/jvm/java-1.8-openjdk/jre/classes"/>
    <property name="sun.management.compiler" value="HotSpot 64-Bit Tiered Compilers"/>
    <property name="java.runtime.version" value="1.8.0_212-b04"/>
    <property name="java.net.preferIPv4Stack" value="true"/>
    <property name="user.name" value="jenkins1000"/>
    <property name="path.separator" value=":"/>
    <property name="java.security.egd" value="file:///dev/urandom"/>
    <property name="os.version" value="3.10.0-957.12.2.el7.x86_64"/>
    <property name="java.endorsed.dirs" value="/usr/lib/jvm/java-1.8-openjdk/jre/lib/endorsed"/>
    <property name="java.runtime.name" value="OpenJDK Runtime Environment"/>
    <property name="file.encoding" value="UTF-8"/>
    <property name="java.vm.name" value="OpenJDK 64-Bit Server VM"/>
    <property name="test.build.webapps" value=""/>
    <property name="localRepository" value="/home/user/.m2/repository"/>
    <property name="java.vendor.url.bug" value="https://icedtea.classpath.org/bugzilla"/>
    <property name="java.io.tmpdir" value="/tmp"/>
    <property name="require.test.libhadoop" value=""/>
    <property name="java.version" value="1.8.0_212"/>
    <property name="user.dir" value="/workdir/hadoop-ozone/integration-test"/>
    <property name="os.arch" value="amd64"/>
    <property name="java.vm.specification.name" value="Java Virtual Machine Specification"/>
    <property name="test.build.classes" value="/workdir/hadoop-ozone/integration-test/target/test-classes"/>
    <property name="java.awt.printerjob" value="sun.print.PSPrinterJob"/>
    <property name="sun.os.patch.level" value="unknown"/>
    <property name="hadoop.tmp.dir" value="/workdir/hadoop-ozone/integration-test/target/tmp"/>
    <property name="java.library.path" value="/usr/lib/jvm/java-1.8-openjdk/jre/lib/amd64/server:/usr/lib/jvm/java-1.8-openjdk/jre/lib/amd64:/usr/lib/jvm/java-1.8-openjdk/jre/../lib/amd64:/workdir/hadoop-ozone/integration-test/target/native/target/usr/local/lib:/workdir/hadoop-ozone/integration-test/../../hadoop-common-project/hadoop-common/target/native/target/usr/local/lib:/usr/java/packages/lib/amd64:/usr/lib64:/lib64:/lib:/usr/lib"/>
    <property name="java.vm.info" value="mixed mode"/>
    <property name="java.vendor" value="IcedTea"/>
    <property name="java.vm.version" value="25.212-b04"/>
    <property name="java.ext.dirs" value="/usr/lib/jvm/java-1.8-openjdk/jre/lib/ext:/usr/java/packages/lib/ext"/>
    <property name="sun.io.unicode.encoding" value="UnicodeLittle"/>
    <property name="java.class.version" value="52.0"/>
  </properties>
  <testcase name="testGroupMismatchExceptionHandling" classname="org.apache.hadoop.ozone.client.rpc.TestOzoneClientRetriesOnException" time="38.508"/>
  <testcase name="testMaxRetriesByOzoneClient" classname="org.apache.hadoop.ozone.client.rpc.TestOzoneClientRetriesOnException" time="335.349">
    <error message="Failed to command cmdType: CreateContainer&#10;containerID: 1&#10;datanodeUuid: &quot;c28b6833-03f3-43d7-88dd-1eb93de0674c&quot;&#10;createContainer {&#10;}&#10;" type="java.io.IOException">java.io.IOException: 
Failed to command cmdType: CreateContainer
containerID: 1
datanodeUuid: "c28b6833-03f3-43d7-88dd-1eb93de0674c"
createContainer {
}

	at org.apache.hadoop.hdds.scm.XceiverClientSpi.sendCommand(XceiverClientSpi.java:113)
	at org.apache.hadoop.ozone.client.rpc.TestOzoneClientRetriesOnException.testMaxRetriesByOzoneClient(TestOzoneClientRetriesOnException.java:190)
	at sun.reflect.NativeMethodAccessorImpl.invoke0(Native Method)
	at sun.reflect.NativeMethodAccessorImpl.invoke(NativeMethodAccessorImpl.java:62)
	at sun.reflect.DelegatingMethodAccessorImpl.invoke(DelegatingMethodAccessorImpl.java:43)
	at java.lang.reflect.Method.invoke(Method.java:498)
	at org.junit.runners.model.FrameworkMethod$1.runReflectiveCall(FrameworkMethod.java:47)
	at org.junit.internal.runners.model.ReflectiveCallable.run(ReflectiveCallable.java:12)
	at org.junit.runners.model.FrameworkMethod.invokeExplosively(FrameworkMethod.java:44)
	at org.junit.internal.runners.statements.InvokeMethod.evaluate(InvokeMethod.java:17)
	at org.junit.internal.runners.statements.RunBefores.evaluate(RunBefores.java:26)
	at org.junit.internal.runners.statements.RunAfters.evaluate(RunAfters.java:27)
	at org.junit.runners.ParentRunner.runLeaf(ParentRunner.java:271)
	at org.junit.runners.BlockJUnit4ClassRunner.runChild(BlockJUnit4ClassRunner.java:70)
	at org.junit.runners.BlockJUnit4ClassRunner.runChild(BlockJUnit4ClassRunner.java:50)
	at org.junit.runners.ParentRunner$3.run(ParentRunner.java:238)
	at org.junit.runners.ParentRunner$1.schedule(ParentRunner.java:63)
	at org.junit.runners.ParentRunner.runChildren(ParentRunner.java:236)
	at org.junit.runners.ParentRunner.access$000(ParentRunner.java:53)
	at org.junit.runners.ParentRunner$2.evaluate(ParentRunner.java:229)
	at org.junit.runners.ParentRunner.run(ParentRunner.java:309)
	at org.apache.maven.surefire.junit4.JUnit4Provider.execute(JUnit4Provider.java:365)
	at org.apache.maven.surefire.junit4.JUnit4Provider.executeWithRerun(JUnit4Provider.java:273)
	at org.apache.maven.surefire.junit4.JUnit4Provider.executeTestSet(JUnit4Provider.java:238)
	at org.apache.maven.surefire.junit4.JUnit4Provider.invoke(JUnit4Provider.java:159)
	at org.apache.maven.surefire.booter.ForkedBooter.invokeProviderInSameClassLoader(ForkedBooter.java:384)
	at org.apache.maven.surefire.booter.ForkedBooter.runSuitesInProcess(ForkedBooter.java:345)
	at org.apache.maven.surefire.booter.ForkedBooter.execute(ForkedBooter.java:126)
	at org.apache.maven.surefire.booter.ForkedBooter.main(ForkedBooter.java:418)
Caused by: java.util.concurrent.ExecutionException: org.apache.ratis.protocol.RaftRetryFailureException: Failed RaftClientRequest:client-5CFC44E75E5D->c2791d19-603b-4976-b3e9-7899a47ab15b@group-E13997D93674, cid=45, seq=4*, RW, org.apache.hadoop.hdds.scm.XceiverClientRatis$$Lambda$325/829082549@313ba529 for 180 attempts with RetryLimited(maxAttempts=180, sleepTime=1000ms)
	at java.util.concurrent.CompletableFuture.reportGet(CompletableFuture.java:357)
	at java.util.concurrent.CompletableFuture.get(CompletableFuture.java:1895)
	at org.apache.hadoop.hdds.scm.XceiverClientSpi.sendCommand(XceiverClientSpi.java:110)
	... 28 more
Caused by: org.apache.ratis.protocol.RaftRetryFailureException: Failed RaftClientRequest:client-5CFC44E75E5D->c2791d19-603b-4976-b3e9-7899a47ab15b@group-E13997D93674, cid=45, seq=4*, RW, org.apache.hadoop.hdds.scm.XceiverClientRatis$$Lambda$325/829082549@313ba529 for 180 attempts with RetryLimited(maxAttempts=180, sleepTime=1000ms)
	at org.apache.ratis.client.impl.RaftClientImpl.noMoreRetries(RaftClientImpl.java:272)
	at org.apache.ratis.client.impl.OrderedAsync.handleAsyncRetryFailure(OrderedAsync.java:138)
	at org.apache.ratis.client.impl.OrderedAsync.lambda$sendRequest$10(OrderedAsync.java:230)
	at java.util.concurrent.CompletableFuture.uniExceptionally(CompletableFuture.java:870)
	at java.util.concurrent.CompletableFuture$UniExceptionally.tryFire(CompletableFuture.java:852)
	at java.util.concurrent.CompletableFuture.postComplete(CompletableFuture.java:474)
	at java.util.concurrent.CompletableFuture.completeExceptionally(CompletableFuture.java:1977)
	at org.apache.ratis.grpc.client.GrpcClientProtocolClient$AsyncStreamObservers.completeReplyExceptionally(GrpcClientProtocolClient.java:330)
	at org.apache.ratis.grpc.client.GrpcClientProtocolClient$AsyncStreamObservers.access$000(GrpcClientProtocolClient.java:246)
	at org.apache.ratis.grpc.client.GrpcClientProtocolClient$AsyncStreamObservers$1.onNext(GrpcClientProtocolClient.java:258)
	at org.apache.ratis.grpc.client.GrpcClientProtocolClient$AsyncStreamObservers$1.onNext(GrpcClientProtocolClient.java:249)
	at org.apache.ratis.thirdparty.io.grpc.stub.ClientCalls$StreamObserverToCallListenerAdapter.onMessage(ClientCalls.java:421)
	at org.apache.ratis.thirdparty.io.grpc.ForwardingClientCallListener.onMessage(ForwardingClientCallListener.java:33)
	at org.apache.ratis.thirdparty.io.grpc.ForwardingClientCallListener.onMessage(ForwardingClientCallListener.java:33)
	at org.apache.ratis.thirdparty.io.grpc.internal.ClientCallImpl$ClientStreamListenerImpl$1MessagesAvailable.runInContext(ClientCallImpl.java:519)
	at org.apache.ratis.thirdparty.io.grpc.internal.ContextRunnable.run(ContextRunnable.java:37)
	at org.apache.ratis.thirdparty.io.grpc.internal.SerializingExecutor.run(SerializingExecutor.java:123)
	at java.util.concurrent.ThreadPoolExecutor.runWorker(ThreadPoolExecutor.java:1149)
	at java.util.concurrent.ThreadPoolExecutor$Worker.run(ThreadPoolExecutor.java:624)
	at java.lang.Thread.run(Thread.java:748)
Caused by: org.apache.ratis.protocol.NotLeaderException: Server c2791d19-603b-4976-b3e9-7899a47ab15b is not the leader (c28b6833-03f3-43d7-88dd-1eb93de0674c:192.168.5.176:36768). Request must be sent to leader.
	at org.apache.ratis.client.impl.ClientProtoUtils.toRaftClientReply(ClientProtoUtils.java:242)
	at org.apache.ratis.grpc.client.GrpcClientProtocolClient$AsyncStreamObservers$1.onNext(GrpcClientProtocolClient.java:254)
	... 10 more
</error>
    <system-out><![CDATA[2019-08-29 23:13:58,716 [main] WARN  server.ServerUtils (ServerUtils.java:getScmDbDir(145)) - ozone.scm.db.dirs is not configured. We recommend adding this setting. Falling back to ozone.metadata.dirs instead.
2019-08-29 23:13:58,764 [main] WARN  server.ServerUtils (ServerUtils.java:getScmDbDir(145)) - ozone.scm.db.dirs is not configured. We recommend adding this setting. Falling back to ozone.metadata.dirs instead.
2019-08-29 23:13:58,765 [main] WARN  server.ServerUtils (ServerUtils.java:getScmDbDir(145)) - ozone.scm.db.dirs is not configured. We recommend adding this setting. Falling back to ozone.metadata.dirs instead.
2019-08-29 23:13:58,765 [main] INFO  db.DBStoreBuilder (DBStoreBuilder.java:addTable(110)) - using custom profile for table: deletedBlocks
2019-08-29 23:13:58,766 [main] INFO  db.DBStoreBuilder (DBStoreBuilder.java:processTables(161)) - Using default column profile:DBProfile.DISK for Table:deletedBlocks
2019-08-29 23:13:58,766 [main] INFO  db.DBStoreBuilder (DBStoreBuilder.java:addTable(110)) - using custom profile for table: validCerts
2019-08-29 23:13:58,766 [main] INFO  db.DBStoreBuilder (DBStoreBuilder.java:processTables(161)) - Using default column profile:DBProfile.DISK for Table:validCerts
2019-08-29 23:13:58,767 [main] INFO  db.DBStoreBuilder (DBStoreBuilder.java:addTable(110)) - using custom profile for table: revokedCerts
2019-08-29 23:13:58,767 [main] INFO  db.DBStoreBuilder (DBStoreBuilder.java:processTables(161)) - Using default column profile:DBProfile.DISK for Table:revokedCerts
2019-08-29 23:13:58,767 [main] INFO  db.DBStoreBuilder (DBStoreBuilder.java:addTable(110)) - using custom profile for table: default
2019-08-29 23:13:58,768 [main] INFO  db.DBStoreBuilder (DBStoreBuilder.java:processTables(167)) - Using default column profile:DBProfile.DISK for Table:default
2019-08-29 23:13:58,768 [main] INFO  db.DBStoreBuilder (DBStoreBuilder.java:getDbProfile(198)) - Using default options. DBProfile.DISK
2019-08-29 23:13:58,923 [main] INFO  net.NodeSchemaLoader (NodeSchemaLoader.java:loadSchemaFromFile(125)) - Loading file from sun.misc.CompoundEnumeration@fb49fdf
2019-08-29 23:13:58,923 [main] INFO  net.NodeSchemaLoader (NodeSchemaLoader.java:loadSchema(171)) - Loading network topology layer schema file
2019-08-29 23:13:58,928 [main] WARN  server.ServerUtils (ServerUtils.java:sanitizeUserArgs(70)) - ozone.scm.stale.node.interval value = 300000 is larger than max = 100000 based on the key value of ozone.scm.heartbeat.thread.interval, reset to the max value 100000.
2019-08-29 23:13:58,928 [main] WARN  server.ServerUtils (ServerUtils.java:sanitizeUserArgs(70)) - ozone.scm.stale.node.interval value = 300000 is larger than max = 100000 based on the key value of ozone.scm.heartbeat.thread.interval, reset to the max value 100000.
2019-08-29 23:13:58,928 [main] INFO  node.SCMNodeManager (SCMNodeManager.java:<init>(121)) - Entering startup safe mode.
2019-08-29 23:13:58,929 [main] INFO  algorithms.ContainerPlacementPolicyFactory (ContainerPlacementPolicyFactory.java:getPolicy(55)) - Create container placement policy of type org.apache.hadoop.hdds.scm.container.placement.algorithms.SCMContainerPlacementRandom
2019-08-29 23:13:58,929 [main] WARN  server.ServerUtils (ServerUtils.java:getScmDbDir(145)) - ozone.scm.db.dirs is not configured. We recommend adding this setting. Falling back to ozone.metadata.dirs instead.
2019-08-29 23:13:58,975 [main] INFO  pipeline.SCMPipelineManager (SCMPipelineManager.java:initializePipelineState(126)) - No pipeline exists in current db
2019-08-29 23:13:58,976 [main] WARN  server.ServerUtils (ServerUtils.java:getScmDbDir(145)) - ozone.scm.db.dirs is not configured. We recommend adding this setting. Falling back to ozone.metadata.dirs instead.
2019-08-29 23:13:59,021 [main] WARN  events.EventQueue (EventQueue.java:fireEvent(175)) - No event handler registered for event TypedEvent{payloadType=SafeModeStatus, name='SafeModeStatus'}
2019-08-29 23:13:59,022 [main] INFO  ipc.CallQueueManager (CallQueueManager.java:<init>(84)) - Using callQueue: class java.util.concurrent.LinkedBlockingQueue, queueCapacity: 2000, scheduler: class org.apache.hadoop.ipc.DefaultRpcScheduler, ipcBackoff: false.
2019-08-29 23:13:59,023 [Socket Reader #1 for port 38366] INFO  ipc.Server (Server.java:run(1074)) - Starting Socket Reader #1 for port 38366
2019-08-29 23:13:59,025 [main] INFO  ipc.CallQueueManager (CallQueueManager.java:<init>(84)) - Using callQueue: class java.util.concurrent.LinkedBlockingQueue, queueCapacity: 2000, scheduler: class org.apache.hadoop.ipc.DefaultRpcScheduler, ipcBackoff: false.
2019-08-29 23:13:59,026 [Socket Reader #1 for port 44958] INFO  ipc.Server (Server.java:run(1074)) - Starting Socket Reader #1 for port 44958
2019-08-29 23:13:59,028 [main] INFO  ipc.CallQueueManager (CallQueueManager.java:<init>(84)) - Using callQueue: class java.util.concurrent.LinkedBlockingQueue, queueCapacity: 2000, scheduler: class org.apache.hadoop.ipc.DefaultRpcScheduler, ipcBackoff: false.
2019-08-29 23:13:59,028 [Socket Reader #1 for port 33386] INFO  ipc.Server (Server.java:run(1074)) - Starting Socket Reader #1 for port 33386
2019-08-29 23:13:59,031 [main] INFO  hdfs.DFSUtil (DFSUtil.java:httpServerTemplateForNNAndJN(1641)) - Starting Web-server for scm at: http://0.0.0.0:0
2019-08-29 23:13:59,033 [main] INFO  server.AuthenticationFilter (AuthenticationFilter.java:constructSecretProvider(240)) - Unable to initialize FileSignerSecretProvider, falling back to use random secrets.
2019-08-29 23:13:59,033 [main] WARN  http.HttpRequestLog (HttpRequestLog.java:getRequestLog(97)) - Jetty request log can only be enabled using Log4j
2019-08-29 23:13:59,035 [main] INFO  http.HttpServer2 (HttpServer2.java:addGlobalFilter(975)) - Added global filter 'safety' (class=org.apache.hadoop.http.HttpServer2$QuotingInputFilter)
2019-08-29 23:13:59,036 [main] INFO  http.HttpServer2 (HttpServer2.java:addFilter(948)) - Added filter static_user_filter (class=org.apache.hadoop.http.lib.StaticUserWebFilter$StaticUserFilter) to context scm
2019-08-29 23:13:59,036 [main] INFO  http.HttpServer2 (HttpServer2.java:addFilter(958)) - Added filter static_user_filter (class=org.apache.hadoop.http.lib.StaticUserWebFilter$StaticUserFilter) to context logs
2019-08-29 23:13:59,036 [main] INFO  http.HttpServer2 (HttpServer2.java:addFilter(958)) - Added filter static_user_filter (class=org.apache.hadoop.http.lib.StaticUserWebFilter$StaticUserFilter) to context static
2019-08-29 23:13:59,039 [main] INFO  server.StorageContainerManager (StorageContainerManager.java:start(759)) - StorageContainerLocationProtocol RPC server is listening at /0.0.0.0:33386
2019-08-29 23:13:59,041 [main] WARN  impl.MetricsConfig (MetricsConfig.java:loadFirst(134)) - Cannot locate configuration: tried hadoop-metrics2-storagecontainermanager.properties,hadoop-metrics2.properties
2019-08-29 23:13:59,042 [main] INFO  impl.MetricsSystemImpl (MetricsSystemImpl.java:startTimer(374)) - Scheduled Metric snapshot period at 10 second(s).
2019-08-29 23:13:59,042 [main] INFO  impl.MetricsSystemImpl (MetricsSystemImpl.java:start(191)) - StorageContainerManager metrics system started
2019-08-29 23:13:59,086 [main] INFO  server.SCMClientProtocolServer (SCMClientProtocolServer.java:start(151)) - RPC server for Client  is listening at /0.0.0.0:33386
2019-08-29 23:13:59,087 [IPC Server Responder] INFO  ipc.Server (Server.java:run(1314)) - IPC Server Responder: starting
2019-08-29 23:13:59,087 [IPC Server listener on 33386] INFO  ipc.Server (Server.java:run(1153)) - IPC Server listener on 33386: starting
2019-08-29 23:13:59,090 [main] INFO  server.StorageContainerManager (StorageContainerManager.java:start(769)) - ScmBlockLocationProtocol RPC server is listening at /0.0.0.0:44958
2019-08-29 23:13:59,091 [main] INFO  server.SCMBlockProtocolServer (SCMBlockProtocolServer.java:start(140)) - RPC server for Block Protocol is listening at /0.0.0.0:44958
2019-08-29 23:13:59,091 [IPC Server listener on 44958] INFO  ipc.Server (Server.java:run(1153)) - IPC Server listener on 44958: starting
2019-08-29 23:13:59,091 [IPC Server Responder] INFO  ipc.Server (Server.java:run(1314)) - IPC Server Responder: starting
2019-08-29 23:13:59,095 [main] INFO  server.StorageContainerManager (StorageContainerManager.java:start(773)) - ScmDatanodeProtocl RPC server is listening at /0.0.0.0:38366
2019-08-29 23:13:59,095 [main] INFO  server.SCMDatanodeProtocolServer (SCMDatanodeProtocolServer.java:start(191)) - RPC server for DataNodes is listening at /0.0.0.0:38366
2019-08-29 23:13:59,095 [IPC Server Responder] INFO  ipc.Server (Server.java:run(1314)) - IPC Server Responder: starting
2019-08-29 23:13:59,095 [IPC Server listener on 38366] INFO  ipc.Server (Server.java:run(1153)) - IPC Server listener on 38366: starting
2019-08-29 23:13:59,099 [main] INFO  http.HttpServer2 (HttpServer2.java:bindListener(1191)) - Jetty bound to port 39933
2019-08-29 23:13:59,099 [main] INFO  server.Server (Server.java:doStart(351)) - jetty-9.3.24.v20180605, build timestamp: 2018-06-05T17:11:56Z, git hash: 84205aa28f11a4f31f2a3b86d1bba2cc8ab69827
2019-08-29 23:13:59,101 [main] INFO  handler.ContextHandler (ContextHandler.java:doStart(781)) - Started o.e.j.s.ServletContextHandler@786ff1cb{/logs,file:///workdir/hadoop-ozone/integration-test/target/log,AVAILABLE}
2019-08-29 23:13:59,101 [main] INFO  handler.ContextHandler (ContextHandler.java:doStart(781)) - Started o.e.j.s.ServletContextHandler@431e86b1{/static,file:///workdir/hadoop-ozone/integration-test/target/test-classes/webapps/static,AVAILABLE}
2019-08-29 23:13:59,106 [main] INFO  handler.ContextHandler (ContextHandler.java:doStart(781)) - Started o.e.j.w.WebAppContext@76544c0a{/,file:///workdir/hadoop-ozone/integration-test/target/test-classes/webapps/scm/,AVAILABLE}{/scm}
2019-08-29 23:13:59,106 [main] INFO  server.AbstractConnector (AbstractConnector.java:doStart(278)) - Started ServerConnector@428bdd72{HTTP/1.1,[http/1.1]}{0.0.0.0:39933}
2019-08-29 23:13:59,107 [main] INFO  server.Server (Server.java:doStart(419)) - Started @39484ms
2019-08-29 23:13:59,108 [main] INFO  server.BaseHttpServer (BaseHttpServer.java:updateConnectorAddress(213)) - HTTP server of SCM is listening at http://0.0.0.0:39933
2019-08-29 23:13:59,108 [main] WARN  server.ServerUtils (ServerUtils.java:getDBPath(222)) - ozone.om.db.dirs is not configured. We recommend adding this setting. Falling back to ozone.metadata.dirs instead.
2019-08-29 23:13:59,108 [org.apache.hadoop.util.JvmPauseMonitor$Monitor@20eaeaf8] INFO  util.JvmPauseMonitor (JvmPauseMonitor.java:run(188)) - Starting JVM pause monitor
2019-08-29 23:13:59,122 [main] WARN  server.ServerUtils (ServerUtils.java:getDBPath(222)) - ozone.om.db.dirs is not configured. We recommend adding this setting. Falling back to ozone.metadata.dirs instead.
2019-08-29 23:13:59,122 [main] WARN  server.ServerUtils (ServerUtils.java:getDBPath(222)) - ozone.om.db.dirs is not configured. We recommend adding this setting. Falling back to ozone.metadata.dirs instead.
2019-08-29 23:13:59,123 [main] INFO  om.OzoneManager (OzoneManager.java:setOMNodeDetails(645)) - OM Service ID is not set. Setting it to the default ID: omServiceIdDefault
2019-08-29 23:13:59,123 [main] INFO  om.OzoneManager (OzoneManager.java:setOMNodeDetails(651)) - OM Node ID is not set. Setting it to the OmStorage's OmID: 054e28c7-871a-4eb1-a840-e89c3c0deb7e
2019-08-29 23:13:59,123 [main] INFO  om.OzoneManager (OzoneManager.java:loadOMHAConfigs(602)) - Found matching OM address with OMServiceId: null, OMNodeId: null, RPC Address: localhost:0 and Ratis port: 9872
2019-08-29 23:13:59,127 | INFO  | SCMAudit | user=jenkins1000 | ip=192.168.5.176 | op=GET_SCM_INFO null | ret=SUCCESS |  
2019-08-29 23:13:59,128 [main] WARN  server.ServerUtils (ServerUtils.java:getDBPath(222)) - ozone.om.db.dirs is not configured. We recommend adding this setting. Falling back to ozone.metadata.dirs instead.
2019-08-29 23:13:59,129 [main] INFO  db.DBStoreBuilder (DBStoreBuilder.java:addTable(110)) - using custom profile for table: userTable
2019-08-29 23:13:59,129 [main] INFO  db.DBStoreBuilder (DBStoreBuilder.java:processTables(161)) - Using default column profile:DBProfile.DISK for Table:userTable
2019-08-29 23:13:59,129 [main] INFO  db.DBStoreBuilder (DBStoreBuilder.java:addTable(110)) - using custom profile for table: volumeTable
2019-08-29 23:13:59,129 [main] INFO  db.DBStoreBuilder (DBStoreBuilder.java:processTables(161)) - Using default column profile:DBProfile.DISK for Table:volumeTable
2019-08-29 23:13:59,130 [main] INFO  db.DBStoreBuilder (DBStoreBuilder.java:addTable(110)) - using custom profile for table: bucketTable
2019-08-29 23:13:59,130 [main] INFO  db.DBStoreBuilder (DBStoreBuilder.java:processTables(161)) - Using default column profile:DBProfile.DISK for Table:bucketTable
2019-08-29 23:13:59,130 [main] INFO  db.DBStoreBuilder (DBStoreBuilder.java:addTable(110)) - using custom profile for table: keyTable
2019-08-29 23:13:59,130 [main] INFO  db.DBStoreBuilder (DBStoreBuilder.java:processTables(161)) - Using default column profile:DBProfile.DISK for Table:keyTable
2019-08-29 23:13:59,130 [main] INFO  db.DBStoreBuilder (DBStoreBuilder.java:addTable(110)) - using custom profile for table: deletedTable
2019-08-29 23:13:59,130 [main] INFO  db.DBStoreBuilder (DBStoreBuilder.java:processTables(161)) - Using default column profile:DBProfile.DISK for Table:deletedTable
2019-08-29 23:13:59,131 [main] INFO  db.DBStoreBuilder (DBStoreBuilder.java:addTable(110)) - using custom profile for table: openKeyTable
2019-08-29 23:13:59,131 [main] INFO  db.DBStoreBuilder (DBStoreBuilder.java:processTables(161)) - Using default column profile:DBProfile.DISK for Table:openKeyTable
2019-08-29 23:13:59,131 [main] INFO  db.DBStoreBuilder (DBStoreBuilder.java:addTable(110)) - using custom profile for table: s3Table
2019-08-29 23:13:59,131 [main] INFO  db.DBStoreBuilder (DBStoreBuilder.java:processTables(161)) - Using default column profile:DBProfile.DISK for Table:s3Table
2019-08-29 23:13:59,131 [main] INFO  db.DBStoreBuilder (DBStoreBuilder.java:addTable(110)) - using custom profile for table: multipartInfoTable
2019-08-29 23:13:59,131 [main] INFO  db.DBStoreBuilder (DBStoreBuilder.java:processTables(161)) - Using default column profile:DBProfile.DISK for Table:multipartInfoTable
2019-08-29 23:13:59,132 [main] INFO  db.DBStoreBuilder (DBStoreBuilder.java:addTable(110)) - using custom profile for table: dTokenTable
2019-08-29 23:13:59,132 [main] INFO  db.DBStoreBuilder (DBStoreBuilder.java:processTables(161)) - Using default column profile:DBProfile.DISK for Table:dTokenTable
2019-08-29 23:13:59,132 [main] INFO  db.DBStoreBuilder (DBStoreBuilder.java:addTable(110)) - using custom profile for table: s3SecretTable
2019-08-29 23:13:59,132 [main] INFO  db.DBStoreBuilder (DBStoreBuilder.java:processTables(161)) - Using default column profile:DBProfile.DISK for Table:s3SecretTable
2019-08-29 23:13:59,132 [main] INFO  db.DBStoreBuilder (DBStoreBuilder.java:addTable(110)) - using custom profile for table: prefixTable
2019-08-29 23:13:59,132 [main] INFO  db.DBStoreBuilder (DBStoreBuilder.java:processTables(161)) - Using default column profile:DBProfile.DISK for Table:prefixTable
2019-08-29 23:13:59,133 [main] INFO  db.DBStoreBuilder (DBStoreBuilder.java:addTable(110)) - using custom profile for table: default
2019-08-29 23:13:59,133 [main] INFO  db.DBStoreBuilder (DBStoreBuilder.java:processTables(167)) - Using default column profile:DBProfile.DISK for Table:default
2019-08-29 23:13:59,133 [main] INFO  db.DBStoreBuilder (DBStoreBuilder.java:getDbProfile(198)) - Using default options. DBProfile.DISK
2019-08-29 23:13:59,555 [main] INFO  ipc.CallQueueManager (CallQueueManager.java:<init>(84)) - Using callQueue: class java.util.concurrent.LinkedBlockingQueue, queueCapacity: 2000, scheduler: class org.apache.hadoop.ipc.DefaultRpcScheduler, ipcBackoff: false.
2019-08-29 23:13:59,556 [Socket Reader #1 for port 44978] INFO  ipc.Server (Server.java:run(1074)) - Starting Socket Reader #1 for port 44978
2019-08-29 23:13:59,571 [main] INFO  om.OzoneManager (OzoneManager.java:start(1256)) - OzoneManager RPC server is listening at localhost/127.0.0.1:44978
2019-08-29 23:13:59,571 [main] INFO  impl.MetricsSystemImpl (MetricsSystemImpl.java:init(158)) - OzoneManager metrics system started (again)
2019-08-29 23:13:59,572 [IPC Server Responder] INFO  ipc.Server (Server.java:run(1314)) - IPC Server Responder: starting
2019-08-29 23:13:59,573 [IPC Server listener on 44978] INFO  ipc.Server (Server.java:run(1153)) - IPC Server listener on 44978: starting
2019-08-29 23:13:59,578 [main] INFO  hdfs.DFSUtil (DFSUtil.java:httpServerTemplateForNNAndJN(1641)) - Starting Web-server for ozoneManager at: http://0.0.0.0:0
2019-08-29 23:13:59,580 [main] INFO  server.AuthenticationFilter (AuthenticationFilter.java:constructSecretProvider(240)) - Unable to initialize FileSignerSecretProvider, falling back to use random secrets.
2019-08-29 23:13:59,581 [main] WARN  http.HttpRequestLog (HttpRequestLog.java:getRequestLog(97)) - Jetty request log can only be enabled using Log4j
2019-08-29 23:13:59,584 [main] INFO  http.HttpServer2 (HttpServer2.java:addGlobalFilter(975)) - Added global filter 'safety' (class=org.apache.hadoop.http.HttpServer2$QuotingInputFilter)
2019-08-29 23:13:59,585 [main] INFO  http.HttpServer2 (HttpServer2.java:addFilter(948)) - Added filter static_user_filter (class=org.apache.hadoop.http.lib.StaticUserWebFilter$StaticUserFilter) to context ozoneManager
2019-08-29 23:13:59,585 [main] INFO  http.HttpServer2 (HttpServer2.java:addFilter(958)) - Added filter static_user_filter (class=org.apache.hadoop.http.lib.StaticUserWebFilter$StaticUserFilter) to context static
2019-08-29 23:13:59,585 [main] INFO  http.HttpServer2 (HttpServer2.java:addFilter(958)) - Added filter static_user_filter (class=org.apache.hadoop.http.lib.StaticUserWebFilter$StaticUserFilter) to context logs
2019-08-29 23:13:59,587 [main] INFO  http.HttpServer2 (HttpServer2.java:bindListener(1191)) - Jetty bound to port 37693
2019-08-29 23:13:59,587 [main] INFO  server.Server (Server.java:doStart(351)) - jetty-9.3.24.v20180605, build timestamp: 2018-06-05T17:11:56Z, git hash: 84205aa28f11a4f31f2a3b86d1bba2cc8ab69827
2019-08-29 23:13:59,589 [main] INFO  handler.ContextHandler (ContextHandler.java:doStart(781)) - Started o.e.j.s.ServletContextHandler@30ec7d21{/logs,file:///workdir/hadoop-ozone/integration-test/target/log,AVAILABLE}
2019-08-29 23:13:59,590 [main] INFO  handler.ContextHandler (ContextHandler.java:doStart(781)) - Started o.e.j.s.ServletContextHandler@7efa3f63{/static,file:///workdir/hadoop-ozone/integration-test/target/test-classes/webapps/static,AVAILABLE}
2019-08-29 23:13:59,596 [main] INFO  handler.ContextHandler (ContextHandler.java:doStart(781)) - Started o.e.j.w.WebAppContext@798dad3d{/,file:///workdir/hadoop-ozone/integration-test/target/test-classes/webapps/ozoneManager/,AVAILABLE}{/ozoneManager}
2019-08-29 23:13:59,597 [main] INFO  server.AbstractConnector (AbstractConnector.java:doStart(278)) - Started ServerConnector@27abb6ca{HTTP/1.1,[http/1.1]}{0.0.0.0:37693}
2019-08-29 23:13:59,598 [main] INFO  server.Server (Server.java:doStart(419)) - Started @39975ms
2019-08-29 23:13:59,599 [main] INFO  server.BaseHttpServer (BaseHttpServer.java:updateConnectorAddress(213)) - HTTP server of OZONEMANAGER is listening at http://0.0.0.0:37693
2019-08-29 23:13:59,626 [main] INFO  impl.MetricsSystemImpl (MetricsSystemImpl.java:init(158)) - HddsDatanode metrics system started (again)
2019-08-29 23:13:59,629 [main] INFO  ozone.HddsDatanodeService (HddsDatanodeService.java:start(184)) - HddsDatanodeService host:pr-hdds-1783-trunk-hq4zp-549785682 ip:192.168.5.176
2019-08-29 23:13:59,635 [main] INFO  volume.HddsVolume (HddsVolume.java:<init>(176)) - Creating Volume: /workdir/hadoop-ozone/integration-test/target/test-dir/MiniOzoneClusterImpl-dba45ac9-1770-4347-820b-e942d4b229ff/datanode-0/data/containers/hdds of  storage type : DISK and capacity : 1482555576320
2019-08-29 23:13:59,636 [main] INFO  volume.VolumeSet (VolumeSet.java:initializeVolumeSet(170)) - Added Volume : /workdir/hadoop-ozone/integration-test/target/test-dir/MiniOzoneClusterImpl-dba45ac9-1770-4347-820b-e942d4b229ff/datanode-0/data/containers/hdds to VolumeSet
2019-08-29 23:13:59,636 [main] INFO  volume.ThrottledAsyncChecker (ThrottledAsyncChecker.java:schedule(140)) - Scheduling a check for org.apache.hadoop.ozone.container.common.volume.HddsVolume@1984212d
2019-08-29 23:13:59,637 [main] INFO  volume.HddsVolumeChecker (HddsVolumeChecker.java:checkAllVolumes(203)) - Scheduled health check for volume org.apache.hadoop.ozone.container.common.volume.HddsVolume@1984212d
2019-08-29 23:13:59,657 [main] INFO  impl.RaftServerProxy (ConfUtils.java:logGet(43)) - raft.rpc.type = GRPC (default)
2019-08-29 23:13:59,658 [main] INFO  grpc.GrpcFactory (GrpcFactory.java:checkPooledByteBufAllocatorUseCacheForAllThreads(45)) - PERFORMANCE WARNING: useCacheForAllThreads is true that may cause Netty to create a lot garbage objects and, as a result, trigger GC.
	It is recommended to disable useCacheForAllThreads by setting -Dorg.apache.ratis.thirdparty.io.netty.allocator.useCacheForAllThreads=false in command line.
2019-08-29 23:13:59,658 [main] INFO  grpc.GrpcConfigKeys$Server (ConfUtils.java:logGet(43)) - raft.grpc.server.port = 0 (default)
2019-08-29 23:13:59,658 [main] INFO  server.GrpcService (ConfUtils.java:logGet(43)) - raft.grpc.message.size.max = 33570816 (custom)
2019-08-29 23:13:59,658 [main] INFO  server.RaftServerConfigKeys (ConfUtils.java:logGet(43)) - raft.server.log.appender.buffer.byte-limit = 33554432 (custom)
2019-08-29 23:13:59,659 [main] INFO  server.GrpcService (ConfUtils.java:logGet(43)) - raft.grpc.flow.control.window = 1MB (=1048576) (default)
2019-08-29 23:13:59,659 [main] INFO  server.RaftServerConfigKeys (ConfUtils.java:logGet(43)) - raft.server.rpc.request.timeout = 3000ms (default)
2019-08-29 23:13:59,660 [main] INFO  server.RaftServerConfigKeys (ConfUtils.java:logGet(43)) - raft.server.storage.dir = [/workdir/hadoop-ozone/integration-test/target/test-dir/MiniOzoneClusterImpl-dba45ac9-1770-4347-820b-e942d4b229ff/datanode-0/data/ratis] (custom)
2019-08-29 23:13:59,661 [main] INFO  hdfs.DFSUtil (DFSUtil.java:httpServerTemplateForNNAndJN(1641)) - Starting Web-server for hddsDatanode at: http://0.0.0.0:0
2019-08-29 23:13:59,663 [main] INFO  server.AuthenticationFilter (AuthenticationFilter.java:constructSecretProvider(240)) - Unable to initialize FileSignerSecretProvider, falling back to use random secrets.
2019-08-29 23:13:59,664 [main] WARN  http.HttpRequestLog (HttpRequestLog.java:getRequestLog(97)) - Jetty request log can only be enabled using Log4j
2019-08-29 23:13:59,666 [main] INFO  http.HttpServer2 (HttpServer2.java:addGlobalFilter(975)) - Added global filter 'safety' (class=org.apache.hadoop.http.HttpServer2$QuotingInputFilter)
2019-08-29 23:13:59,666 [main] INFO  http.HttpServer2 (HttpServer2.java:addFilter(948)) - Added filter static_user_filter (class=org.apache.hadoop.http.lib.StaticUserWebFilter$StaticUserFilter) to context hddsDatanode
2019-08-29 23:13:59,666 [main] INFO  http.HttpServer2 (HttpServer2.java:addFilter(958)) - Added filter static_user_filter (class=org.apache.hadoop.http.lib.StaticUserWebFilter$StaticUserFilter) to context static
2019-08-29 23:13:59,667 [main] INFO  http.HttpServer2 (HttpServer2.java:addFilter(958)) - Added filter static_user_filter (class=org.apache.hadoop.http.lib.StaticUserWebFilter$StaticUserFilter) to context logs
2019-08-29 23:13:59,668 [main] INFO  http.HttpServer2 (HttpServer2.java:bindListener(1191)) - Jetty bound to port 42739
2019-08-29 23:13:59,668 [main] INFO  server.Server (Server.java:doStart(351)) - jetty-9.3.24.v20180605, build timestamp: 2018-06-05T17:11:56Z, git hash: 84205aa28f11a4f31f2a3b86d1bba2cc8ab69827
2019-08-29 23:13:59,670 [main] INFO  handler.ContextHandler (ContextHandler.java:doStart(781)) - Started o.e.j.s.ServletContextHandler@60e3c26e{/logs,file:///workdir/hadoop-ozone/integration-test/target/log,AVAILABLE}
2019-08-29 23:13:59,671 [main] INFO  handler.ContextHandler (ContextHandler.java:doStart(781)) - Started o.e.j.s.ServletContextHandler@999b951{/static,jar:file:/home/user/.m2/repository/org/apache/hadoop/hadoop-hdds-container-service/0.5.0-SNAPSHOT/hadoop-hdds-container-service-0.5.0-SNAPSHOT.jar!/webapps/static,AVAILABLE}
2019-08-29 23:13:59,705 [main] INFO  handler.ContextHandler (ContextHandler.java:doStart(781)) - Started o.e.j.w.WebAppContext@e95595b{/,file:///tmp/jetty-0.0.0.0-42739-hddsDatanode-_-any-2333681982940166774.dir/webapp/,AVAILABLE}{/hddsDatanode}
2019-08-29 23:13:59,705 [main] INFO  server.AbstractConnector (AbstractConnector.java:doStart(278)) - Started ServerConnector@5a917723{HTTP/1.1,[http/1.1]}{0.0.0.0:42739}
2019-08-29 23:13:59,707 [main] INFO  server.Server (Server.java:doStart(419)) - Started @40083ms
2019-08-29 23:13:59,709 [main] INFO  server.BaseHttpServer (BaseHttpServer.java:updateConnectorAddress(213)) - HTTP server of HDDSDATANODE is listening at http://0.0.0.0:42739
2019-08-29 23:13:59,709 [main] INFO  impl.MetricsSystemImpl (MetricsSystemImpl.java:init(158)) - HddsDatanode metrics system started (again)
2019-08-29 23:13:59,712 [main] INFO  ozone.HddsDatanodeService (HddsDatanodeService.java:start(184)) - HddsDatanodeService host:pr-hdds-1783-trunk-hq4zp-549785682 ip:192.168.5.176
2019-08-29 23:13:59,712 [org.apache.hadoop.util.JvmPauseMonitor$Monitor@3e95b65] INFO  util.JvmPauseMonitor (JvmPauseMonitor.java:run(188)) - Starting JVM pause monitor
2019-08-29 23:13:59,715 [Datanode State Machine Thread - 0] INFO  datanode.InitDatanodeState (InitDatanodeState.java:persistContainerDatanodeDetails(140)) - DatanodeDetails is persisted to /workdir/hadoop-ozone/integration-test/target/test-dir/MiniOzoneClusterImpl-dba45ac9-1770-4347-820b-e942d4b229ff/datanode-0/meta/datanode.id
2019-08-29 23:13:59,718 [main] INFO  volume.HddsVolume (HddsVolume.java:<init>(176)) - Creating Volume: /workdir/hadoop-ozone/integration-test/target/test-dir/MiniOzoneClusterImpl-dba45ac9-1770-4347-820b-e942d4b229ff/datanode-1/data/containers/hdds of  storage type : DISK and capacity : 1482555576320
2019-08-29 23:13:59,719 [main] INFO  volume.VolumeSet (VolumeSet.java:initializeVolumeSet(170)) - Added Volume : /workdir/hadoop-ozone/integration-test/target/test-dir/MiniOzoneClusterImpl-dba45ac9-1770-4347-820b-e942d4b229ff/datanode-1/data/containers/hdds to VolumeSet
2019-08-29 23:13:59,719 [main] INFO  volume.ThrottledAsyncChecker (ThrottledAsyncChecker.java:schedule(140)) - Scheduling a check for org.apache.hadoop.ozone.container.common.volume.HddsVolume@53ce2392
2019-08-29 23:13:59,719 [main] INFO  volume.HddsVolumeChecker (HddsVolumeChecker.java:checkAllVolumes(203)) - Scheduled health check for volume org.apache.hadoop.ozone.container.common.volume.HddsVolume@53ce2392
2019-08-29 23:13:59,734 [main] INFO  impl.RaftServerProxy (ConfUtils.java:logGet(43)) - raft.rpc.type = GRPC (default)
2019-08-29 23:13:59,734 [main] INFO  grpc.GrpcFactory (GrpcFactory.java:checkPooledByteBufAllocatorUseCacheForAllThreads(45)) - PERFORMANCE WARNING: useCacheForAllThreads is true that may cause Netty to create a lot garbage objects and, as a result, trigger GC.
	It is recommended to disable useCacheForAllThreads by setting -Dorg.apache.ratis.thirdparty.io.netty.allocator.useCacheForAllThreads=false in command line.
2019-08-29 23:13:59,735 [main] INFO  grpc.GrpcConfigKeys$Server (ConfUtils.java:logGet(43)) - raft.grpc.server.port = 0 (default)
2019-08-29 23:13:59,735 [main] INFO  server.GrpcService (ConfUtils.java:logGet(43)) - raft.grpc.message.size.max = 33570816 (custom)
2019-08-29 23:13:59,735 [main] INFO  server.RaftServerConfigKeys (ConfUtils.java:logGet(43)) - raft.server.log.appender.buffer.byte-limit = 33554432 (custom)
2019-08-29 23:13:59,735 [main] INFO  server.GrpcService (ConfUtils.java:logGet(43)) - raft.grpc.flow.control.window = 1MB (=1048576) (default)
2019-08-29 23:13:59,736 [main] INFO  server.RaftServerConfigKeys (ConfUtils.java:logGet(43)) - raft.server.rpc.request.timeout = 3000ms (default)
2019-08-29 23:13:59,736 [main] INFO  server.RaftServerConfigKeys (ConfUtils.java:logGet(43)) - raft.server.storage.dir = [/workdir/hadoop-ozone/integration-test/target/test-dir/MiniOzoneClusterImpl-dba45ac9-1770-4347-820b-e942d4b229ff/datanode-1/data/ratis] (custom)
2019-08-29 23:13:59,737 [main] INFO  hdfs.DFSUtil (DFSUtil.java:httpServerTemplateForNNAndJN(1641)) - Starting Web-server for hddsDatanode at: http://0.0.0.0:0
2019-08-29 23:13:59,739 [main] INFO  server.AuthenticationFilter (AuthenticationFilter.java:constructSecretProvider(240)) - Unable to initialize FileSignerSecretProvider, falling back to use random secrets.
2019-08-29 23:13:59,739 [main] WARN  http.HttpRequestLog (HttpRequestLog.java:getRequestLog(97)) - Jetty request log can only be enabled using Log4j
2019-08-29 23:13:59,740 [main] INFO  http.HttpServer2 (HttpServer2.java:addGlobalFilter(975)) - Added global filter 'safety' (class=org.apache.hadoop.http.HttpServer2$QuotingInputFilter)
2019-08-29 23:13:59,741 [main] INFO  http.HttpServer2 (HttpServer2.java:addFilter(948)) - Added filter static_user_filter (class=org.apache.hadoop.http.lib.StaticUserWebFilter$StaticUserFilter) to context hddsDatanode
2019-08-29 23:13:59,741 [main] INFO  http.HttpServer2 (HttpServer2.java:addFilter(958)) - Added filter static_user_filter (class=org.apache.hadoop.http.lib.StaticUserWebFilter$StaticUserFilter) to context logs
2019-08-29 23:13:59,741 [main] INFO  http.HttpServer2 (HttpServer2.java:addFilter(958)) - Added filter static_user_filter (class=org.apache.hadoop.http.lib.StaticUserWebFilter$StaticUserFilter) to context static
2019-08-29 23:13:59,742 [main] INFO  http.HttpServer2 (HttpServer2.java:bindListener(1191)) - Jetty bound to port 33015
2019-08-29 23:13:59,742 [main] INFO  server.Server (Server.java:doStart(351)) - jetty-9.3.24.v20180605, build timestamp: 2018-06-05T17:11:56Z, git hash: 84205aa28f11a4f31f2a3b86d1bba2cc8ab69827
2019-08-29 23:13:59,744 [main] INFO  handler.ContextHandler (ContextHandler.java:doStart(781)) - Started o.e.j.s.ServletContextHandler@5649d11a{/logs,file:///workdir/hadoop-ozone/integration-test/target/log,AVAILABLE}
2019-08-29 23:13:59,745 [main] INFO  handler.ContextHandler (ContextHandler.java:doStart(781)) - Started o.e.j.s.ServletContextHandler@27443560{/static,jar:file:/home/user/.m2/repository/org/apache/hadoop/hadoop-hdds-container-service/0.5.0-SNAPSHOT/hadoop-hdds-container-service-0.5.0-SNAPSHOT.jar!/webapps/static,AVAILABLE}
2019-08-29 23:13:59,772 [main] INFO  handler.ContextHandler (ContextHandler.java:doStart(781)) - Started o.e.j.w.WebAppContext@7af52ec7{/,file:///tmp/jetty-0.0.0.0-33015-hddsDatanode-_-any-162061471414538443.dir/webapp/,AVAILABLE}{/hddsDatanode}
2019-08-29 23:13:59,773 [main] INFO  server.AbstractConnector (AbstractConnector.java:doStart(278)) - Started ServerConnector@77c1e611{HTTP/1.1,[http/1.1]}{0.0.0.0:33015}
2019-08-29 23:13:59,774 [main] INFO  server.Server (Server.java:doStart(419)) - Started @40151ms
2019-08-29 23:13:59,775 [main] INFO  server.BaseHttpServer (BaseHttpServer.java:updateConnectorAddress(213)) - HTTP server of HDDSDATANODE is listening at http://0.0.0.0:33015
2019-08-29 23:13:59,775 [main] INFO  impl.MetricsSystemImpl (MetricsSystemImpl.java:init(158)) - HddsDatanode metrics system started (again)
2019-08-29 23:13:59,778 [main] INFO  ozone.HddsDatanodeService (HddsDatanodeService.java:start(184)) - HddsDatanodeService host:pr-hdds-1783-trunk-hq4zp-549785682 ip:192.168.5.176
2019-08-29 23:13:59,778 [org.apache.hadoop.util.JvmPauseMonitor$Monitor@7ea8dbe] INFO  util.JvmPauseMonitor (JvmPauseMonitor.java:run(188)) - Starting JVM pause monitor
2019-08-29 23:13:59,780 [Datanode State Machine Thread - 0] INFO  datanode.InitDatanodeState (InitDatanodeState.java:persistContainerDatanodeDetails(140)) - DatanodeDetails is persisted to /workdir/hadoop-ozone/integration-test/target/test-dir/MiniOzoneClusterImpl-dba45ac9-1770-4347-820b-e942d4b229ff/datanode-1/meta/datanode.id
2019-08-29 23:13:59,783 [main] INFO  volume.HddsVolume (HddsVolume.java:<init>(176)) - Creating Volume: /workdir/hadoop-ozone/integration-test/target/test-dir/MiniOzoneClusterImpl-dba45ac9-1770-4347-820b-e942d4b229ff/datanode-2/data/containers/hdds of  storage type : DISK and capacity : 1482555576320
2019-08-29 23:13:59,784 [main] INFO  volume.VolumeSet (VolumeSet.java:initializeVolumeSet(170)) - Added Volume : /workdir/hadoop-ozone/integration-test/target/test-dir/MiniOzoneClusterImpl-dba45ac9-1770-4347-820b-e942d4b229ff/datanode-2/data/containers/hdds to VolumeSet
2019-08-29 23:13:59,784 [main] INFO  volume.ThrottledAsyncChecker (ThrottledAsyncChecker.java:schedule(140)) - Scheduling a check for org.apache.hadoop.ozone.container.common.volume.HddsVolume@6025d790
2019-08-29 23:13:59,784 [main] INFO  volume.HddsVolumeChecker (HddsVolumeChecker.java:checkAllVolumes(203)) - Scheduled health check for volume org.apache.hadoop.ozone.container.common.volume.HddsVolume@6025d790
2019-08-29 23:13:59,797 [main] INFO  impl.RaftServerProxy (ConfUtils.java:logGet(43)) - raft.rpc.type = GRPC (default)
2019-08-29 23:13:59,797 [main] INFO  grpc.GrpcFactory (GrpcFactory.java:checkPooledByteBufAllocatorUseCacheForAllThreads(45)) - PERFORMANCE WARNING: useCacheForAllThreads is true that may cause Netty to create a lot garbage objects and, as a result, trigger GC.
	It is recommended to disable useCacheForAllThreads by setting -Dorg.apache.ratis.thirdparty.io.netty.allocator.useCacheForAllThreads=false in command line.
2019-08-29 23:13:59,798 [main] INFO  grpc.GrpcConfigKeys$Server (ConfUtils.java:logGet(43)) - raft.grpc.server.port = 0 (default)
2019-08-29 23:13:59,798 [main] INFO  server.GrpcService (ConfUtils.java:logGet(43)) - raft.grpc.message.size.max = 33570816 (custom)
2019-08-29 23:13:59,798 [main] INFO  server.RaftServerConfigKeys (ConfUtils.java:logGet(43)) - raft.server.log.appender.buffer.byte-limit = 33554432 (custom)
2019-08-29 23:13:59,798 [main] INFO  server.GrpcService (ConfUtils.java:logGet(43)) - raft.grpc.flow.control.window = 1MB (=1048576) (default)
2019-08-29 23:13:59,798 [main] INFO  server.RaftServerConfigKeys (ConfUtils.java:logGet(43)) - raft.server.rpc.request.timeout = 3000ms (default)
2019-08-29 23:13:59,799 [main] INFO  server.RaftServerConfigKeys (ConfUtils.java:logGet(43)) - raft.server.storage.dir = [/workdir/hadoop-ozone/integration-test/target/test-dir/MiniOzoneClusterImpl-dba45ac9-1770-4347-820b-e942d4b229ff/datanode-2/data/ratis] (custom)
2019-08-29 23:13:59,800 [main] INFO  hdfs.DFSUtil (DFSUtil.java:httpServerTemplateForNNAndJN(1641)) - Starting Web-server for hddsDatanode at: http://0.0.0.0:0
2019-08-29 23:13:59,801 [main] INFO  server.AuthenticationFilter (AuthenticationFilter.java:constructSecretProvider(240)) - Unable to initialize FileSignerSecretProvider, falling back to use random secrets.
2019-08-29 23:13:59,802 [main] WARN  http.HttpRequestLog (HttpRequestLog.java:getRequestLog(97)) - Jetty request log can only be enabled using Log4j
2019-08-29 23:13:59,803 [main] INFO  http.HttpServer2 (HttpServer2.java:addGlobalFilter(975)) - Added global filter 'safety' (class=org.apache.hadoop.http.HttpServer2$QuotingInputFilter)
2019-08-29 23:13:59,803 [main] INFO  http.HttpServer2 (HttpServer2.java:addFilter(948)) - Added filter static_user_filter (class=org.apache.hadoop.http.lib.StaticUserWebFilter$StaticUserFilter) to context hddsDatanode
2019-08-29 23:13:59,803 [main] INFO  http.HttpServer2 (HttpServer2.java:addFilter(958)) - Added filter static_user_filter (class=org.apache.hadoop.http.lib.StaticUserWebFilter$StaticUserFilter) to context static
2019-08-29 23:13:59,804 [main] INFO  http.HttpServer2 (HttpServer2.java:addFilter(958)) - Added filter static_user_filter (class=org.apache.hadoop.http.lib.StaticUserWebFilter$StaticUserFilter) to context logs
2019-08-29 23:13:59,804 [main] INFO  http.HttpServer2 (HttpServer2.java:bindListener(1191)) - Jetty bound to port 35811
2019-08-29 23:13:59,804 [main] INFO  server.Server (Server.java:doStart(351)) - jetty-9.3.24.v20180605, build timestamp: 2018-06-05T17:11:56Z, git hash: 84205aa28f11a4f31f2a3b86d1bba2cc8ab69827
2019-08-29 23:13:59,806 [main] INFO  handler.ContextHandler (ContextHandler.java:doStart(781)) - Started o.e.j.s.ServletContextHandler@79696332{/logs,file:///workdir/hadoop-ozone/integration-test/target/log,AVAILABLE}
2019-08-29 23:13:59,806 [main] INFO  handler.ContextHandler (ContextHandler.java:doStart(781)) - Started o.e.j.s.ServletContextHandler@fe87ddd{/static,jar:file:/home/user/.m2/repository/org/apache/hadoop/hadoop-hdds-container-service/0.5.0-SNAPSHOT/hadoop-hdds-container-service-0.5.0-SNAPSHOT.jar!/webapps/static,AVAILABLE}
2019-08-29 23:13:59,833 [main] INFO  handler.ContextHandler (ContextHandler.java:doStart(781)) - Started o.e.j.w.WebAppContext@ebda593{/,file:///tmp/jetty-0.0.0.0-35811-hddsDatanode-_-any-4762570917784068700.dir/webapp/,AVAILABLE}{/hddsDatanode}
2019-08-29 23:13:59,833 [main] INFO  server.AbstractConnector (AbstractConnector.java:doStart(278)) - Started ServerConnector@5792c08c{HTTP/1.1,[http/1.1]}{0.0.0.0:35811}
2019-08-29 23:13:59,835 [main] INFO  server.Server (Server.java:doStart(419)) - Started @40211ms
2019-08-29 23:13:59,836 [main] INFO  server.BaseHttpServer (BaseHttpServer.java:updateConnectorAddress(213)) - HTTP server of HDDSDATANODE is listening at http://0.0.0.0:35811
2019-08-29 23:13:59,836 [main] INFO  impl.MetricsSystemImpl (MetricsSystemImpl.java:init(158)) - HddsDatanode metrics system started (again)
2019-08-29 23:13:59,839 [main] INFO  ozone.HddsDatanodeService (HddsDatanodeService.java:start(184)) - HddsDatanodeService host:pr-hdds-1783-trunk-hq4zp-549785682 ip:192.168.5.176
2019-08-29 23:13:59,839 [org.apache.hadoop.util.JvmPauseMonitor$Monitor@6c0ec6e0] INFO  util.JvmPauseMonitor (JvmPauseMonitor.java:run(188)) - Starting JVM pause monitor
2019-08-29 23:13:59,840 [Datanode State Machine Thread - 0] INFO  datanode.InitDatanodeState (InitDatanodeState.java:persistContainerDatanodeDetails(140)) - DatanodeDetails is persisted to /workdir/hadoop-ozone/integration-test/target/test-dir/MiniOzoneClusterImpl-dba45ac9-1770-4347-820b-e942d4b229ff/datanode-2/meta/datanode.id
2019-08-29 23:13:59,845 [main] INFO  volume.HddsVolume (HddsVolume.java:<init>(176)) - Creating Volume: /workdir/hadoop-ozone/integration-test/target/test-dir/MiniOzoneClusterImpl-dba45ac9-1770-4347-820b-e942d4b229ff/datanode-3/data/containers/hdds of  storage type : DISK and capacity : 1482555576320
2019-08-29 23:13:59,846 [main] INFO  volume.VolumeSet (VolumeSet.java:initializeVolumeSet(170)) - Added Volume : /workdir/hadoop-ozone/integration-test/target/test-dir/MiniOzoneClusterImpl-dba45ac9-1770-4347-820b-e942d4b229ff/datanode-3/data/containers/hdds to VolumeSet
2019-08-29 23:13:59,846 [main] INFO  volume.ThrottledAsyncChecker (ThrottledAsyncChecker.java:schedule(140)) - Scheduling a check for org.apache.hadoop.ozone.container.common.volume.HddsVolume@5ba03c82
2019-08-29 23:13:59,846 [main] INFO  volume.HddsVolumeChecker (HddsVolumeChecker.java:checkAllVolumes(203)) - Scheduled health check for volume org.apache.hadoop.ozone.container.common.volume.HddsVolume@5ba03c82
2019-08-29 23:13:59,862 [main] INFO  impl.RaftServerProxy (ConfUtils.java:logGet(43)) - raft.rpc.type = GRPC (default)
2019-08-29 23:13:59,862 [main] INFO  grpc.GrpcFactory (GrpcFactory.java:checkPooledByteBufAllocatorUseCacheForAllThreads(45)) - PERFORMANCE WARNING: useCacheForAllThreads is true that may cause Netty to create a lot garbage objects and, as a result, trigger GC.
	It is recommended to disable useCacheForAllThreads by setting -Dorg.apache.ratis.thirdparty.io.netty.allocator.useCacheForAllThreads=false in command line.
2019-08-29 23:13:59,862 [main] INFO  grpc.GrpcConfigKeys$Server (ConfUtils.java:logGet(43)) - raft.grpc.server.port = 0 (default)
2019-08-29 23:13:59,863 [main] INFO  server.GrpcService (ConfUtils.java:logGet(43)) - raft.grpc.message.size.max = 33570816 (custom)
2019-08-29 23:13:59,863 [main] INFO  server.RaftServerConfigKeys (ConfUtils.java:logGet(43)) - raft.server.log.appender.buffer.byte-limit = 33554432 (custom)
2019-08-29 23:13:59,863 [main] INFO  server.GrpcService (ConfUtils.java:logGet(43)) - raft.grpc.flow.control.window = 1MB (=1048576) (default)
2019-08-29 23:13:59,863 [main] INFO  server.RaftServerConfigKeys (ConfUtils.java:logGet(43)) - raft.server.rpc.request.timeout = 3000ms (default)
2019-08-29 23:13:59,864 [main] INFO  server.RaftServerConfigKeys (ConfUtils.java:logGet(43)) - raft.server.storage.dir = [/workdir/hadoop-ozone/integration-test/target/test-dir/MiniOzoneClusterImpl-dba45ac9-1770-4347-820b-e942d4b229ff/datanode-3/data/ratis] (custom)
2019-08-29 23:13:59,865 [main] INFO  hdfs.DFSUtil (DFSUtil.java:httpServerTemplateForNNAndJN(1641)) - Starting Web-server for hddsDatanode at: http://0.0.0.0:0
2019-08-29 23:13:59,866 [main] INFO  server.AuthenticationFilter (AuthenticationFilter.java:constructSecretProvider(240)) - Unable to initialize FileSignerSecretProvider, falling back to use random secrets.
2019-08-29 23:13:59,866 [main] WARN  http.HttpRequestLog (HttpRequestLog.java:getRequestLog(97)) - Jetty request log can only be enabled using Log4j
2019-08-29 23:13:59,868 [main] INFO  http.HttpServer2 (HttpServer2.java:addGlobalFilter(975)) - Added global filter 'safety' (class=org.apache.hadoop.http.HttpServer2$QuotingInputFilter)
2019-08-29 23:13:59,868 [main] INFO  http.HttpServer2 (HttpServer2.java:addFilter(948)) - Added filter static_user_filter (class=org.apache.hadoop.http.lib.StaticUserWebFilter$StaticUserFilter) to context hddsDatanode
2019-08-29 23:13:59,868 [main] INFO  http.HttpServer2 (HttpServer2.java:addFilter(958)) - Added filter static_user_filter (class=org.apache.hadoop.http.lib.StaticUserWebFilter$StaticUserFilter) to context static
2019-08-29 23:13:59,868 [main] INFO  http.HttpServer2 (HttpServer2.java:addFilter(958)) - Added filter static_user_filter (class=org.apache.hadoop.http.lib.StaticUserWebFilter$StaticUserFilter) to context logs
2019-08-29 23:13:59,869 [main] INFO  http.HttpServer2 (HttpServer2.java:bindListener(1191)) - Jetty bound to port 37067
2019-08-29 23:13:59,869 [main] INFO  server.Server (Server.java:doStart(351)) - jetty-9.3.24.v20180605, build timestamp: 2018-06-05T17:11:56Z, git hash: 84205aa28f11a4f31f2a3b86d1bba2cc8ab69827
2019-08-29 23:13:59,871 [main] INFO  handler.ContextHandler (ContextHandler.java:doStart(781)) - Started o.e.j.s.ServletContextHandler@dd4aec3{/logs,file:///workdir/hadoop-ozone/integration-test/target/log,AVAILABLE}
2019-08-29 23:13:59,871 [main] INFO  handler.ContextHandler (ContextHandler.java:doStart(781)) - Started o.e.j.s.ServletContextHandler@568750b7{/static,jar:file:/home/user/.m2/repository/org/apache/hadoop/hadoop-hdds-container-service/0.5.0-SNAPSHOT/hadoop-hdds-container-service-0.5.0-SNAPSHOT.jar!/webapps/static,AVAILABLE}
2019-08-29 23:13:59,898 [main] INFO  handler.ContextHandler (ContextHandler.java:doStart(781)) - Started o.e.j.w.WebAppContext@5ad1904f{/,file:///tmp/jetty-0.0.0.0-37067-hddsDatanode-_-any-1241983486797591870.dir/webapp/,AVAILABLE}{/hddsDatanode}
2019-08-29 23:13:59,899 [main] INFO  server.AbstractConnector (AbstractConnector.java:doStart(278)) - Started ServerConnector@a146b11{HTTP/1.1,[http/1.1]}{0.0.0.0:37067}
2019-08-29 23:13:59,901 [main] INFO  server.Server (Server.java:doStart(419)) - Started @40277ms
2019-08-29 23:13:59,901 [main] INFO  server.BaseHttpServer (BaseHttpServer.java:updateConnectorAddress(213)) - HTTP server of HDDSDATANODE is listening at http://0.0.0.0:37067
2019-08-29 23:13:59,902 [main] INFO  impl.MetricsSystemImpl (MetricsSystemImpl.java:init(158)) - HddsDatanode metrics system started (again)
2019-08-29 23:13:59,904 [main] INFO  ozone.HddsDatanodeService (HddsDatanodeService.java:start(184)) - HddsDatanodeService host:pr-hdds-1783-trunk-hq4zp-549785682 ip:192.168.5.176
2019-08-29 23:13:59,904 [org.apache.hadoop.util.JvmPauseMonitor$Monitor@7287ba4a] INFO  util.JvmPauseMonitor (JvmPauseMonitor.java:run(188)) - Starting JVM pause monitor
2019-08-29 23:13:59,906 [Datanode State Machine Thread - 0] INFO  datanode.InitDatanodeState (InitDatanodeState.java:persistContainerDatanodeDetails(140)) - DatanodeDetails is persisted to /workdir/hadoop-ozone/integration-test/target/test-dir/MiniOzoneClusterImpl-dba45ac9-1770-4347-820b-e942d4b229ff/datanode-3/meta/datanode.id
2019-08-29 23:13:59,911 [main] INFO  volume.HddsVolume (HddsVolume.java:<init>(176)) - Creating Volume: /workdir/hadoop-ozone/integration-test/target/test-dir/MiniOzoneClusterImpl-dba45ac9-1770-4347-820b-e942d4b229ff/datanode-4/data/containers/hdds of  storage type : DISK and capacity : 1482555576320
2019-08-29 23:13:59,911 [main] INFO  volume.VolumeSet (VolumeSet.java:initializeVolumeSet(170)) - Added Volume : /workdir/hadoop-ozone/integration-test/target/test-dir/MiniOzoneClusterImpl-dba45ac9-1770-4347-820b-e942d4b229ff/datanode-4/data/containers/hdds to VolumeSet
2019-08-29 23:13:59,911 [main] INFO  volume.ThrottledAsyncChecker (ThrottledAsyncChecker.java:schedule(140)) - Scheduling a check for org.apache.hadoop.ozone.container.common.volume.HddsVolume@32118208
2019-08-29 23:13:59,912 [main] INFO  volume.HddsVolumeChecker (HddsVolumeChecker.java:checkAllVolumes(203)) - Scheduled health check for volume org.apache.hadoop.ozone.container.common.volume.HddsVolume@32118208
2019-08-29 23:13:59,925 [main] INFO  impl.RaftServerProxy (ConfUtils.java:logGet(43)) - raft.rpc.type = GRPC (default)
2019-08-29 23:13:59,925 [main] INFO  grpc.GrpcFactory (GrpcFactory.java:checkPooledByteBufAllocatorUseCacheForAllThreads(45)) - PERFORMANCE WARNING: useCacheForAllThreads is true that may cause Netty to create a lot garbage objects and, as a result, trigger GC.
	It is recommended to disable useCacheForAllThreads by setting -Dorg.apache.ratis.thirdparty.io.netty.allocator.useCacheForAllThreads=false in command line.
2019-08-29 23:13:59,925 [main] INFO  grpc.GrpcConfigKeys$Server (ConfUtils.java:logGet(43)) - raft.grpc.server.port = 0 (default)
2019-08-29 23:13:59,926 [main] INFO  server.GrpcService (ConfUtils.java:logGet(43)) - raft.grpc.message.size.max = 33570816 (custom)
2019-08-29 23:13:59,926 [main] INFO  server.RaftServerConfigKeys (ConfUtils.java:logGet(43)) - raft.server.log.appender.buffer.byte-limit = 33554432 (custom)
2019-08-29 23:13:59,926 [main] INFO  server.GrpcService (ConfUtils.java:logGet(43)) - raft.grpc.flow.control.window = 1MB (=1048576) (default)
2019-08-29 23:13:59,926 [main] INFO  server.RaftServerConfigKeys (ConfUtils.java:logGet(43)) - raft.server.rpc.request.timeout = 3000ms (default)
2019-08-29 23:13:59,927 [main] INFO  server.RaftServerConfigKeys (ConfUtils.java:logGet(43)) - raft.server.storage.dir = [/workdir/hadoop-ozone/integration-test/target/test-dir/MiniOzoneClusterImpl-dba45ac9-1770-4347-820b-e942d4b229ff/datanode-4/data/ratis] (custom)
2019-08-29 23:13:59,928 [main] INFO  hdfs.DFSUtil (DFSUtil.java:httpServerTemplateForNNAndJN(1641)) - Starting Web-server for hddsDatanode at: http://0.0.0.0:0
2019-08-29 23:13:59,929 [main] INFO  server.AuthenticationFilter (AuthenticationFilter.java:constructSecretProvider(240)) - Unable to initialize FileSignerSecretProvider, falling back to use random secrets.
2019-08-29 23:13:59,930 [main] WARN  http.HttpRequestLog (HttpRequestLog.java:getRequestLog(97)) - Jetty request log can only be enabled using Log4j
2019-08-29 23:13:59,931 [main] INFO  http.HttpServer2 (HttpServer2.java:addGlobalFilter(975)) - Added global filter 'safety' (class=org.apache.hadoop.http.HttpServer2$QuotingInputFilter)
2019-08-29 23:13:59,932 [main] INFO  http.HttpServer2 (HttpServer2.java:addFilter(948)) - Added filter static_user_filter (class=org.apache.hadoop.http.lib.StaticUserWebFilter$StaticUserFilter) to context hddsDatanode
2019-08-29 23:13:59,932 [main] INFO  http.HttpServer2 (HttpServer2.java:addFilter(958)) - Added filter static_user_filter (class=org.apache.hadoop.http.lib.StaticUserWebFilter$StaticUserFilter) to context logs
2019-08-29 23:13:59,932 [main] INFO  http.HttpServer2 (HttpServer2.java:addFilter(958)) - Added filter static_user_filter (class=org.apache.hadoop.http.lib.StaticUserWebFilter$StaticUserFilter) to context static
2019-08-29 23:13:59,933 [main] INFO  http.HttpServer2 (HttpServer2.java:bindListener(1191)) - Jetty bound to port 35009
2019-08-29 23:13:59,933 [main] INFO  server.Server (Server.java:doStart(351)) - jetty-9.3.24.v20180605, build timestamp: 2018-06-05T17:11:56Z, git hash: 84205aa28f11a4f31f2a3b86d1bba2cc8ab69827
2019-08-29 23:13:59,935 [main] INFO  handler.ContextHandler (ContextHandler.java:doStart(781)) - Started o.e.j.s.ServletContextHandler@2d0b05{/logs,file:///workdir/hadoop-ozone/integration-test/target/log,AVAILABLE}
2019-08-29 23:13:59,935 [main] INFO  handler.ContextHandler (ContextHandler.java:doStart(781)) - Started o.e.j.s.ServletContextHandler@2b916808{/static,jar:file:/home/user/.m2/repository/org/apache/hadoop/hadoop-hdds-container-service/0.5.0-SNAPSHOT/hadoop-hdds-container-service-0.5.0-SNAPSHOT.jar!/webapps/static,AVAILABLE}
2019-08-29 23:13:59,963 [main] INFO  handler.ContextHandler (ContextHandler.java:doStart(781)) - Started o.e.j.w.WebAppContext@1ec22831{/,file:///tmp/jetty-0.0.0.0-35009-hddsDatanode-_-any-288371445279243552.dir/webapp/,AVAILABLE}{/hddsDatanode}
2019-08-29 23:13:59,963 [main] INFO  server.AbstractConnector (AbstractConnector.java:doStart(278)) - Started ServerConnector@63f855b{HTTP/1.1,[http/1.1]}{0.0.0.0:35009}
2019-08-29 23:13:59,965 [main] INFO  server.Server (Server.java:doStart(419)) - Started @40341ms
2019-08-29 23:13:59,966 [main] INFO  server.BaseHttpServer (BaseHttpServer.java:updateConnectorAddress(213)) - HTTP server of HDDSDATANODE is listening at http://0.0.0.0:35009
2019-08-29 23:13:59,966 [main] INFO  impl.MetricsSystemImpl (MetricsSystemImpl.java:init(158)) - HddsDatanode metrics system started (again)
2019-08-29 23:13:59,969 [org.apache.hadoop.util.JvmPauseMonitor$Monitor@2e642f5] INFO  util.JvmPauseMonitor (JvmPauseMonitor.java:run(188)) - Starting JVM pause monitor
2019-08-29 23:13:59,969 [main] INFO  ozone.HddsDatanodeService (HddsDatanodeService.java:start(184)) - HddsDatanodeService host:pr-hdds-1783-trunk-hq4zp-549785682 ip:192.168.5.176
2019-08-29 23:13:59,971 [Datanode State Machine Thread - 0] INFO  datanode.InitDatanodeState (InitDatanodeState.java:persistContainerDatanodeDetails(140)) - DatanodeDetails is persisted to /workdir/hadoop-ozone/integration-test/target/test-dir/MiniOzoneClusterImpl-dba45ac9-1770-4347-820b-e942d4b229ff/datanode-4/meta/datanode.id
2019-08-29 23:13:59,975 [main] INFO  volume.HddsVolume (HddsVolume.java:<init>(176)) - Creating Volume: /workdir/hadoop-ozone/integration-test/target/test-dir/MiniOzoneClusterImpl-dba45ac9-1770-4347-820b-e942d4b229ff/datanode-5/data/containers/hdds of  storage type : DISK and capacity : 1482555576320
2019-08-29 23:13:59,975 [main] INFO  volume.VolumeSet (VolumeSet.java:initializeVolumeSet(170)) - Added Volume : /workdir/hadoop-ozone/integration-test/target/test-dir/MiniOzoneClusterImpl-dba45ac9-1770-4347-820b-e942d4b229ff/datanode-5/data/containers/hdds to VolumeSet
2019-08-29 23:13:59,976 [main] INFO  volume.ThrottledAsyncChecker (ThrottledAsyncChecker.java:schedule(140)) - Scheduling a check for org.apache.hadoop.ozone.container.common.volume.HddsVolume@b27b210
2019-08-29 23:13:59,976 [main] INFO  volume.HddsVolumeChecker (HddsVolumeChecker.java:checkAllVolumes(203)) - Scheduled health check for volume org.apache.hadoop.ozone.container.common.volume.HddsVolume@b27b210
2019-08-29 23:13:59,989 [main] INFO  impl.RaftServerProxy (ConfUtils.java:logGet(43)) - raft.rpc.type = GRPC (default)
2019-08-29 23:13:59,989 [main] INFO  grpc.GrpcFactory (GrpcFactory.java:checkPooledByteBufAllocatorUseCacheForAllThreads(45)) - PERFORMANCE WARNING: useCacheForAllThreads is true that may cause Netty to create a lot garbage objects and, as a result, trigger GC.
	It is recommended to disable useCacheForAllThreads by setting -Dorg.apache.ratis.thirdparty.io.netty.allocator.useCacheForAllThreads=false in command line.
2019-08-29 23:13:59,989 [main] INFO  grpc.GrpcConfigKeys$Server (ConfUtils.java:logGet(43)) - raft.grpc.server.port = 0 (default)
2019-08-29 23:13:59,990 [main] INFO  server.GrpcService (ConfUtils.java:logGet(43)) - raft.grpc.message.size.max = 33570816 (custom)
2019-08-29 23:13:59,990 [main] INFO  server.RaftServerConfigKeys (ConfUtils.java:logGet(43)) - raft.server.log.appender.buffer.byte-limit = 33554432 (custom)
2019-08-29 23:13:59,990 [main] INFO  server.GrpcService (ConfUtils.java:logGet(43)) - raft.grpc.flow.control.window = 1MB (=1048576) (default)
2019-08-29 23:13:59,990 [main] INFO  server.RaftServerConfigKeys (ConfUtils.java:logGet(43)) - raft.server.rpc.request.timeout = 3000ms (default)
2019-08-29 23:13:59,990 [main] INFO  server.RaftServerConfigKeys (ConfUtils.java:logGet(43)) - raft.server.storage.dir = [/workdir/hadoop-ozone/integration-test/target/test-dir/MiniOzoneClusterImpl-dba45ac9-1770-4347-820b-e942d4b229ff/datanode-5/data/ratis] (custom)
2019-08-29 23:13:59,992 [main] INFO  hdfs.DFSUtil (DFSUtil.java:httpServerTemplateForNNAndJN(1641)) - Starting Web-server for hddsDatanode at: http://0.0.0.0:0
2019-08-29 23:13:59,993 [main] INFO  server.AuthenticationFilter (AuthenticationFilter.java:constructSecretProvider(240)) - Unable to initialize FileSignerSecretProvider, falling back to use random secrets.
2019-08-29 23:13:59,993 [main] WARN  http.HttpRequestLog (HttpRequestLog.java:getRequestLog(97)) - Jetty request log can only be enabled using Log4j
2019-08-29 23:13:59,994 [main] INFO  http.HttpServer2 (HttpServer2.java:addGlobalFilter(975)) - Added global filter 'safety' (class=org.apache.hadoop.http.HttpServer2$QuotingInputFilter)
2019-08-29 23:13:59,995 [main] INFO  http.HttpServer2 (HttpServer2.java:addFilter(948)) - Added filter static_user_filter (class=org.apache.hadoop.http.lib.StaticUserWebFilter$StaticUserFilter) to context hddsDatanode
2019-08-29 23:13:59,995 [main] INFO  http.HttpServer2 (HttpServer2.java:addFilter(958)) - Added filter static_user_filter (class=org.apache.hadoop.http.lib.StaticUserWebFilter$StaticUserFilter) to context logs
2019-08-29 23:13:59,995 [main] INFO  http.HttpServer2 (HttpServer2.java:addFilter(958)) - Added filter static_user_filter (class=org.apache.hadoop.http.lib.StaticUserWebFilter$StaticUserFilter) to context static
2019-08-29 23:13:59,996 [main] INFO  http.HttpServer2 (HttpServer2.java:bindListener(1191)) - Jetty bound to port 32903
2019-08-29 23:13:59,996 [main] INFO  server.Server (Server.java:doStart(351)) - jetty-9.3.24.v20180605, build timestamp: 2018-06-05T17:11:56Z, git hash: 84205aa28f11a4f31f2a3b86d1bba2cc8ab69827
2019-08-29 23:13:59,997 [main] INFO  handler.ContextHandler (ContextHandler.java:doStart(781)) - Started o.e.j.s.ServletContextHandler@75fd65c{/logs,file:///workdir/hadoop-ozone/integration-test/target/log,AVAILABLE}
2019-08-29 23:13:59,998 [main] INFO  handler.ContextHandler (ContextHandler.java:doStart(781)) - Started o.e.j.s.ServletContextHandler@2ceca2ef{/static,jar:file:/home/user/.m2/repository/org/apache/hadoop/hadoop-hdds-container-service/0.5.0-SNAPSHOT/hadoop-hdds-container-service-0.5.0-SNAPSHOT.jar!/webapps/static,AVAILABLE}
2019-08-29 23:14:00,025 [main] INFO  handler.ContextHandler (ContextHandler.java:doStart(781)) - Started o.e.j.w.WebAppContext@62cba181{/,file:///tmp/jetty-0.0.0.0-32903-hddsDatanode-_-any-7980467869876178625.dir/webapp/,AVAILABLE}{/hddsDatanode}
2019-08-29 23:14:00,025 [main] INFO  server.AbstractConnector (AbstractConnector.java:doStart(278)) - Started ServerConnector@1b482cbf{HTTP/1.1,[http/1.1]}{0.0.0.0:32903}
2019-08-29 23:14:00,028 [main] INFO  server.Server (Server.java:doStart(419)) - Started @40404ms
2019-08-29 23:14:00,029 [main] INFO  server.BaseHttpServer (BaseHttpServer.java:updateConnectorAddress(213)) - HTTP server of HDDSDATANODE is listening at http://0.0.0.0:32903
2019-08-29 23:14:00,029 [main] INFO  impl.MetricsSystemImpl (MetricsSystemImpl.java:init(158)) - HddsDatanode metrics system started (again)
2019-08-29 23:14:00,033 [org.apache.hadoop.util.JvmPauseMonitor$Monitor@668ef5a8] INFO  util.JvmPauseMonitor (JvmPauseMonitor.java:run(188)) - Starting JVM pause monitor
2019-08-29 23:14:00,034 [main] INFO  ozone.HddsDatanodeService (HddsDatanodeService.java:start(184)) - HddsDatanodeService host:pr-hdds-1783-trunk-hq4zp-549785682 ip:192.168.5.176
2019-08-29 23:14:00,035 [Datanode State Machine Thread - 0] INFO  datanode.InitDatanodeState (InitDatanodeState.java:persistContainerDatanodeDetails(140)) - DatanodeDetails is persisted to /workdir/hadoop-ozone/integration-test/target/test-dir/MiniOzoneClusterImpl-dba45ac9-1770-4347-820b-e942d4b229ff/datanode-5/meta/datanode.id
2019-08-29 23:14:00,041 [main] INFO  volume.HddsVolume (HddsVolume.java:<init>(176)) - Creating Volume: /workdir/hadoop-ozone/integration-test/target/test-dir/MiniOzoneClusterImpl-dba45ac9-1770-4347-820b-e942d4b229ff/datanode-6/data/containers/hdds of  storage type : DISK and capacity : 1482555576320
2019-08-29 23:14:00,041 [main] INFO  volume.VolumeSet (VolumeSet.java:initializeVolumeSet(170)) - Added Volume : /workdir/hadoop-ozone/integration-test/target/test-dir/MiniOzoneClusterImpl-dba45ac9-1770-4347-820b-e942d4b229ff/datanode-6/data/containers/hdds to VolumeSet
2019-08-29 23:14:00,042 [main] INFO  volume.ThrottledAsyncChecker (ThrottledAsyncChecker.java:schedule(140)) - Scheduling a check for org.apache.hadoop.ozone.container.common.volume.HddsVolume@40bb4f87
2019-08-29 23:14:00,042 [main] INFO  volume.HddsVolumeChecker (HddsVolumeChecker.java:checkAllVolumes(203)) - Scheduled health check for volume org.apache.hadoop.ozone.container.common.volume.HddsVolume@40bb4f87
2019-08-29 23:14:00,055 [main] INFO  impl.RaftServerProxy (ConfUtils.java:logGet(43)) - raft.rpc.type = GRPC (default)
2019-08-29 23:14:00,055 [main] INFO  grpc.GrpcFactory (GrpcFactory.java:checkPooledByteBufAllocatorUseCacheForAllThreads(45)) - PERFORMANCE WARNING: useCacheForAllThreads is true that may cause Netty to create a lot garbage objects and, as a result, trigger GC.
	It is recommended to disable useCacheForAllThreads by setting -Dorg.apache.ratis.thirdparty.io.netty.allocator.useCacheForAllThreads=false in command line.
2019-08-29 23:14:00,056 [main] INFO  grpc.GrpcConfigKeys$Server (ConfUtils.java:logGet(43)) - raft.grpc.server.port = 0 (default)
2019-08-29 23:14:00,056 [main] INFO  server.GrpcService (ConfUtils.java:logGet(43)) - raft.grpc.message.size.max = 33570816 (custom)
2019-08-29 23:14:00,056 [main] INFO  server.RaftServerConfigKeys (ConfUtils.java:logGet(43)) - raft.server.log.appender.buffer.byte-limit = 33554432 (custom)
2019-08-29 23:14:00,056 [main] INFO  server.GrpcService (ConfUtils.java:logGet(43)) - raft.grpc.flow.control.window = 1MB (=1048576) (default)
2019-08-29 23:14:00,056 [main] INFO  server.RaftServerConfigKeys (ConfUtils.java:logGet(43)) - raft.server.rpc.request.timeout = 3000ms (default)
2019-08-29 23:14:00,057 [main] INFO  server.RaftServerConfigKeys (ConfUtils.java:logGet(43)) - raft.server.storage.dir = [/workdir/hadoop-ozone/integration-test/target/test-dir/MiniOzoneClusterImpl-dba45ac9-1770-4347-820b-e942d4b229ff/datanode-6/data/ratis] (custom)
2019-08-29 23:14:00,058 [main] INFO  hdfs.DFSUtil (DFSUtil.java:httpServerTemplateForNNAndJN(1641)) - Starting Web-server for hddsDatanode at: http://0.0.0.0:0
2019-08-29 23:14:00,059 [main] INFO  server.AuthenticationFilter (AuthenticationFilter.java:constructSecretProvider(240)) - Unable to initialize FileSignerSecretProvider, falling back to use random secrets.
2019-08-29 23:14:00,060 [main] WARN  http.HttpRequestLog (HttpRequestLog.java:getRequestLog(97)) - Jetty request log can only be enabled using Log4j
2019-08-29 23:14:00,061 [main] INFO  http.HttpServer2 (HttpServer2.java:addGlobalFilter(975)) - Added global filter 'safety' (class=org.apache.hadoop.http.HttpServer2$QuotingInputFilter)
2019-08-29 23:14:00,062 [main] INFO  http.HttpServer2 (HttpServer2.java:addFilter(948)) - Added filter static_user_filter (class=org.apache.hadoop.http.lib.StaticUserWebFilter$StaticUserFilter) to context hddsDatanode
2019-08-29 23:14:00,062 [main] INFO  http.HttpServer2 (HttpServer2.java:addFilter(958)) - Added filter static_user_filter (class=org.apache.hadoop.http.lib.StaticUserWebFilter$StaticUserFilter) to context static
2019-08-29 23:14:00,062 [main] INFO  http.HttpServer2 (HttpServer2.java:addFilter(958)) - Added filter static_user_filter (class=org.apache.hadoop.http.lib.StaticUserWebFilter$StaticUserFilter) to context logs
2019-08-29 23:14:00,063 [main] INFO  http.HttpServer2 (HttpServer2.java:bindListener(1191)) - Jetty bound to port 44476
2019-08-29 23:14:00,063 [main] INFO  server.Server (Server.java:doStart(351)) - jetty-9.3.24.v20180605, build timestamp: 2018-06-05T17:11:56Z, git hash: 84205aa28f11a4f31f2a3b86d1bba2cc8ab69827
2019-08-29 23:14:00,065 [main] INFO  handler.ContextHandler (ContextHandler.java:doStart(781)) - Started o.e.j.s.ServletContextHandler@1c52552f{/logs,file:///workdir/hadoop-ozone/integration-test/target/log,AVAILABLE}
2019-08-29 23:14:00,065 [main] INFO  handler.ContextHandler (ContextHandler.java:doStart(781)) - Started o.e.j.s.ServletContextHandler@1b0e9707{/static,jar:file:/home/user/.m2/repository/org/apache/hadoop/hadoop-hdds-container-service/0.5.0-SNAPSHOT/hadoop-hdds-container-service-0.5.0-SNAPSHOT.jar!/webapps/static,AVAILABLE}
2019-08-29 23:14:00,092 [main] INFO  handler.ContextHandler (ContextHandler.java:doStart(781)) - Started o.e.j.w.WebAppContext@1624775{/,file:///tmp/jetty-0.0.0.0-44476-hddsDatanode-_-any-5751341932158345934.dir/webapp/,AVAILABLE}{/hddsDatanode}
2019-08-29 23:14:00,092 [main] INFO  server.AbstractConnector (AbstractConnector.java:doStart(278)) - Started ServerConnector@1e7f19b4{HTTP/1.1,[http/1.1]}{0.0.0.0:44476}
2019-08-29 23:14:00,094 [main] INFO  server.Server (Server.java:doStart(419)) - Started @40471ms
2019-08-29 23:14:00,095 [main] INFO  server.BaseHttpServer (BaseHttpServer.java:updateConnectorAddress(213)) - HTTP server of HDDSDATANODE is listening at http://0.0.0.0:44476
2019-08-29 23:14:00,095 [main] INFO  ozone.MiniOzoneClusterImpl (MiniOzoneClusterImpl.java:lambda$waitForClusterToBeReady$0(140)) - Waiting for cluster to be ready. Got 0 of 7 DN Heartbeats.
2019-08-29 23:14:00,097 [org.apache.hadoop.util.JvmPauseMonitor$Monitor@6e7f46a1] INFO  util.JvmPauseMonitor (JvmPauseMonitor.java:run(188)) - Starting JVM pause monitor
2019-08-29 23:14:00,098 [Datanode State Machine Thread - 0] INFO  datanode.InitDatanodeState (InitDatanodeState.java:persistContainerDatanodeDetails(140)) - DatanodeDetails is persisted to /workdir/hadoop-ozone/integration-test/target/test-dir/MiniOzoneClusterImpl-dba45ac9-1770-4347-820b-e942d4b229ff/datanode-6/meta/datanode.id
2019-08-29 23:14:01,096 [main] INFO  ozone.MiniOzoneClusterImpl (MiniOzoneClusterImpl.java:lambda$waitForClusterToBeReady$0(140)) - Waiting for cluster to be ready. Got 0 of 7 DN Heartbeats.
2019-08-29 23:14:01,717 | INFO  | SCMAudit | user=jenkins1000 | ip=192.168.5.176 | op=GET_VERSION null | ret=SUCCESS |  
2019-08-29 23:14:01,732 [Datanode State Machine Thread - 0] INFO  ozoneimpl.OzoneContainer (OzoneContainer.java:start(201)) - Attempting to start container services.
2019-08-29 23:14:01,733 [Datanode State Machine Thread - 0] INFO  ozoneimpl.OzoneContainer (OzoneContainer.java:startContainerScrub(175)) - Background container scrubber has been disabled by hdds.containerscrub.enabled
2019-08-29 23:14:01,733 [Datanode State Machine Thread - 0] INFO  ratis.XceiverServerRatis (XceiverServerRatis.java:start(393)) - Starting XceiverServerRatis 6fc9f5bf-9d19-4424-b095-dbd8051c5d1f at port 0
2019-08-29 23:14:01,739 [Datanode State Machine Thread - 0] INFO  impl.RaftServerProxy (RaftServerProxy.java:lambda$start$3(299)) - 6fc9f5bf-9d19-4424-b095-dbd8051c5d1f: start RPC server
2019-08-29 23:14:01,741 [Datanode State Machine Thread - 0] INFO  server.GrpcService (GrpcService.java:startImpl(149)) - 6fc9f5bf-9d19-4424-b095-dbd8051c5d1f: GrpcService started, listening on 0.0.0.0/0.0.0.0:36413
2019-08-29 23:14:01,741 [Datanode State Machine Thread - 0] INFO  ratis.XceiverServerRatis (XceiverServerRatis.java:start(403)) - XceiverServerRatis 6fc9f5bf-9d19-4424-b095-dbd8051c5d1f is started using port 36413
2019-08-29 23:14:01,743 [Datanode State Machine Thread - 0] INFO  server.XceiverServerGrpc (XceiverServerGrpc.java:start(163)) - XceiverServerGrpc 6fc9f5bf-9d19-4424-b095-dbd8051c5d1f is started using port 37031
2019-08-29 23:14:01,779 | INFO  | SCMAudit | user=jenkins1000 | ip=192.168.5.176 | op=GET_VERSION null | ret=SUCCESS |  
2019-08-29 23:14:01,794 [Datanode State Machine Thread - 0] INFO  ozoneimpl.OzoneContainer (OzoneContainer.java:start(201)) - Attempting to start container services.
2019-08-29 23:14:01,794 [Datanode State Machine Thread - 0] INFO  ozoneimpl.OzoneContainer (OzoneContainer.java:startContainerScrub(175)) - Background container scrubber has been disabled by hdds.containerscrub.enabled
2019-08-29 23:14:01,794 [Datanode State Machine Thread - 0] INFO  ratis.XceiverServerRatis (XceiverServerRatis.java:start(393)) - Starting XceiverServerRatis 7b8ea038-0abd-40f8-b5e6-235888bbf81b at port 0
2019-08-29 23:14:01,800 [Datanode State Machine Thread - 0] INFO  impl.RaftServerProxy (RaftServerProxy.java:lambda$start$3(299)) - 7b8ea038-0abd-40f8-b5e6-235888bbf81b: start RPC server
2019-08-29 23:14:01,801 [Datanode State Machine Thread - 0] INFO  server.GrpcService (GrpcService.java:startImpl(149)) - 7b8ea038-0abd-40f8-b5e6-235888bbf81b: GrpcService started, listening on 0.0.0.0/0.0.0.0:39186
2019-08-29 23:14:01,801 [Datanode State Machine Thread - 0] INFO  ratis.XceiverServerRatis (XceiverServerRatis.java:start(403)) - XceiverServerRatis 7b8ea038-0abd-40f8-b5e6-235888bbf81b is started using port 39186
2019-08-29 23:14:01,806 [Datanode State Machine Thread - 0] INFO  server.XceiverServerGrpc (XceiverServerGrpc.java:start(163)) - XceiverServerGrpc 7b8ea038-0abd-40f8-b5e6-235888bbf81b is started using port 34705
2019-08-29 23:14:01,839 | INFO  | SCMAudit | user=jenkins1000 | ip=192.168.5.176 | op=GET_VERSION null | ret=SUCCESS |  
2019-08-29 23:14:01,851 [Datanode State Machine Thread - 0] INFO  ozoneimpl.OzoneContainer (OzoneContainer.java:start(201)) - Attempting to start container services.
2019-08-29 23:14:01,851 [Datanode State Machine Thread - 0] INFO  ozoneimpl.OzoneContainer (OzoneContainer.java:startContainerScrub(175)) - Background container scrubber has been disabled by hdds.containerscrub.enabled
2019-08-29 23:14:01,851 [Datanode State Machine Thread - 0] INFO  ratis.XceiverServerRatis (XceiverServerRatis.java:start(393)) - Starting XceiverServerRatis fdf38f52-984e-464b-b063-6b40bc579090 at port 0
2019-08-29 23:14:01,857 [Datanode State Machine Thread - 0] INFO  impl.RaftServerProxy (RaftServerProxy.java:lambda$start$3(299)) - fdf38f52-984e-464b-b063-6b40bc579090: start RPC server
2019-08-29 23:14:01,857 [Datanode State Machine Thread - 0] INFO  server.GrpcService (GrpcService.java:startImpl(149)) - fdf38f52-984e-464b-b063-6b40bc579090: GrpcService started, listening on 0.0.0.0/0.0.0.0:35543
2019-08-29 23:14:01,857 [Datanode State Machine Thread - 0] INFO  ratis.XceiverServerRatis (XceiverServerRatis.java:start(403)) - XceiverServerRatis fdf38f52-984e-464b-b063-6b40bc579090 is started using port 35543
2019-08-29 23:14:01,865 [Datanode State Machine Thread - 0] INFO  server.XceiverServerGrpc (XceiverServerGrpc.java:start(163)) - XceiverServerGrpc fdf38f52-984e-464b-b063-6b40bc579090 is started using port 44081
2019-08-29 23:14:01,905 | INFO  | SCMAudit | user=jenkins1000 | ip=192.168.5.176 | op=GET_VERSION null | ret=SUCCESS |  
2019-08-29 23:14:01,918 [Datanode State Machine Thread - 0] INFO  ozoneimpl.OzoneContainer (OzoneContainer.java:start(201)) - Attempting to start container services.
2019-08-29 23:14:01,918 [Datanode State Machine Thread - 0] INFO  ozoneimpl.OzoneContainer (OzoneContainer.java:startContainerScrub(175)) - Background container scrubber has been disabled by hdds.containerscrub.enabled
2019-08-29 23:14:01,919 [Datanode State Machine Thread - 0] INFO  ratis.XceiverServerRatis (XceiverServerRatis.java:start(393)) - Starting XceiverServerRatis b91667ad-dd07-438b-a2aa-20d994bbddf1 at port 0
2019-08-29 23:14:01,925 [Datanode State Machine Thread - 0] INFO  impl.RaftServerProxy (RaftServerProxy.java:lambda$start$3(299)) - b91667ad-dd07-438b-a2aa-20d994bbddf1: start RPC server
2019-08-29 23:14:01,928 [Datanode State Machine Thread - 0] INFO  server.GrpcService (GrpcService.java:startImpl(149)) - b91667ad-dd07-438b-a2aa-20d994bbddf1: GrpcService started, listening on 0.0.0.0/0.0.0.0:41503
2019-08-29 23:14:01,928 [Datanode State Machine Thread - 0] INFO  ratis.XceiverServerRatis (XceiverServerRatis.java:start(403)) - XceiverServerRatis b91667ad-dd07-438b-a2aa-20d994bbddf1 is started using port 41503
2019-08-29 23:14:01,930 [Datanode State Machine Thread - 0] INFO  server.XceiverServerGrpc (XceiverServerGrpc.java:start(163)) - XceiverServerGrpc b91667ad-dd07-438b-a2aa-20d994bbddf1 is started using port 40197
2019-08-29 23:14:01,971 | INFO  | SCMAudit | user=jenkins1000 | ip=192.168.5.176 | op=GET_VERSION null | ret=SUCCESS |  
2019-08-29 23:14:01,984 [Datanode State Machine Thread - 0] INFO  ozoneimpl.OzoneContainer (OzoneContainer.java:start(201)) - Attempting to start container services.
2019-08-29 23:14:01,985 [Datanode State Machine Thread - 0] INFO  ozoneimpl.OzoneContainer (OzoneContainer.java:startContainerScrub(175)) - Background container scrubber has been disabled by hdds.containerscrub.enabled
2019-08-29 23:14:01,985 [Datanode State Machine Thread - 0] INFO  ratis.XceiverServerRatis (XceiverServerRatis.java:start(393)) - Starting XceiverServerRatis c28b6833-03f3-43d7-88dd-1eb93de0674c at port 0
2019-08-29 23:14:01,990 [Datanode State Machine Thread - 0] INFO  impl.RaftServerProxy (RaftServerProxy.java:lambda$start$3(299)) - c28b6833-03f3-43d7-88dd-1eb93de0674c: start RPC server
2019-08-29 23:14:01,991 [Datanode State Machine Thread - 0] INFO  server.GrpcService (GrpcService.java:startImpl(149)) - c28b6833-03f3-43d7-88dd-1eb93de0674c: GrpcService started, listening on 0.0.0.0/0.0.0.0:36768
2019-08-29 23:14:01,991 [Datanode State Machine Thread - 0] INFO  ratis.XceiverServerRatis (XceiverServerRatis.java:start(403)) - XceiverServerRatis c28b6833-03f3-43d7-88dd-1eb93de0674c is started using port 36768
2019-08-29 23:14:01,992 [Datanode State Machine Thread - 0] INFO  server.XceiverServerGrpc (XceiverServerGrpc.java:start(163)) - XceiverServerGrpc c28b6833-03f3-43d7-88dd-1eb93de0674c is started using port 41236
2019-08-29 23:14:02,034 | INFO  | SCMAudit | user=jenkins1000 | ip=192.168.5.176 | op=GET_VERSION null | ret=SUCCESS |  
2019-08-29 23:14:02,048 [Datanode State Machine Thread - 0] INFO  ozoneimpl.OzoneContainer (OzoneContainer.java:start(201)) - Attempting to start container services.
2019-08-29 23:14:02,048 [Datanode State Machine Thread - 0] INFO  ozoneimpl.OzoneContainer (OzoneContainer.java:startContainerScrub(175)) - Background container scrubber has been disabled by hdds.containerscrub.enabled
2019-08-29 23:14:02,048 [Datanode State Machine Thread - 0] INFO  ratis.XceiverServerRatis (XceiverServerRatis.java:start(393)) - Starting XceiverServerRatis c2791d19-603b-4976-b3e9-7899a47ab15b at port 0
2019-08-29 23:14:02,054 [Datanode State Machine Thread - 0] INFO  impl.RaftServerProxy (RaftServerProxy.java:lambda$start$3(299)) - c2791d19-603b-4976-b3e9-7899a47ab15b: start RPC server
2019-08-29 23:14:02,055 [Datanode State Machine Thread - 0] INFO  server.GrpcService (GrpcService.java:startImpl(149)) - c2791d19-603b-4976-b3e9-7899a47ab15b: GrpcService started, listening on 0.0.0.0/0.0.0.0:38017
2019-08-29 23:14:02,055 [Datanode State Machine Thread - 0] INFO  ratis.XceiverServerRatis (XceiverServerRatis.java:start(403)) - XceiverServerRatis c2791d19-603b-4976-b3e9-7899a47ab15b is started using port 38017
2019-08-29 23:14:02,059 [Datanode State Machine Thread - 0] INFO  server.XceiverServerGrpc (XceiverServerGrpc.java:start(163)) - XceiverServerGrpc c2791d19-603b-4976-b3e9-7899a47ab15b is started using port 38725
2019-08-29 23:14:02,096 [main] INFO  ozone.MiniOzoneClusterImpl (MiniOzoneClusterImpl.java:lambda$waitForClusterToBeReady$0(140)) - Waiting for cluster to be ready. Got 0 of 7 DN Heartbeats.
2019-08-29 23:14:02,098 | INFO  | SCMAudit | user=jenkins1000 | ip=192.168.5.176 | op=GET_VERSION null | ret=SUCCESS |  
2019-08-29 23:14:02,111 [Datanode State Machine Thread - 0] INFO  ozoneimpl.OzoneContainer (OzoneContainer.java:start(201)) - Attempting to start container services.
2019-08-29 23:14:02,111 [Datanode State Machine Thread - 0] INFO  ozoneimpl.OzoneContainer (OzoneContainer.java:startContainerScrub(175)) - Background container scrubber has been disabled by hdds.containerscrub.enabled
2019-08-29 23:14:02,112 [Datanode State Machine Thread - 0] INFO  ratis.XceiverServerRatis (XceiverServerRatis.java:start(393)) - Starting XceiverServerRatis 91c146c8-9622-4fdf-af50-459baf835861 at port 0
2019-08-29 23:14:02,118 [Datanode State Machine Thread - 0] INFO  impl.RaftServerProxy (RaftServerProxy.java:lambda$start$3(299)) - 91c146c8-9622-4fdf-af50-459baf835861: start RPC server
2019-08-29 23:14:02,118 [Datanode State Machine Thread - 0] INFO  server.GrpcService (GrpcService.java:startImpl(149)) - 91c146c8-9622-4fdf-af50-459baf835861: GrpcService started, listening on 0.0.0.0/0.0.0.0:45463
2019-08-29 23:14:02,119 [Datanode State Machine Thread - 0] INFO  ratis.XceiverServerRatis (XceiverServerRatis.java:start(403)) - XceiverServerRatis 91c146c8-9622-4fdf-af50-459baf835861 is started using port 45463
2019-08-29 23:14:02,119 [Datanode State Machine Thread - 0] INFO  server.XceiverServerGrpc (XceiverServerGrpc.java:start(163)) - XceiverServerGrpc 91c146c8-9622-4fdf-af50-459baf835861 is started using port 44887
2019-08-29 23:14:03,097 [main] INFO  ozone.MiniOzoneClusterImpl (MiniOzoneClusterImpl.java:lambda$waitForClusterToBeReady$0(140)) - Waiting for cluster to be ready. Got 0 of 7 DN Heartbeats.
2019-08-29 23:14:03,716 [IPC Server handler 0 on 38366] INFO  net.NetworkTopology (NetworkTopologyImpl.java:add(110)) - Added a new node: /default-rack/6fc9f5bf-9d19-4424-b095-dbd8051c5d1f
2019-08-29 23:14:03,719 [IPC Server handler 0 on 38366] INFO  node.SCMNodeManager (SCMNodeManager.java:register(273)) - Registered Data node : 6fc9f5bf-9d19-4424-b095-dbd8051c5d1f{ip: 192.168.5.176, host: pr-hdds-1783-trunk-hq4zp-549785682, networkLocation: /default-rack, certSerialId: null}
2019-08-29 23:14:03,720 | INFO  | SCMAudit | user=jenkins1000 | ip=192.168.5.176 | op=REGISTER {datanodeDetails=6fc9f5bf-9d19-4424-b095-dbd8051c5d1f{ip: 192.168.5.176, host: pr-hdds-1783-trunk-hq4zp-549785682, networkLocation: /default-rack, certSerialId: null}} | ret=SUCCESS |  
2019-08-29 23:14:03,720 [EventQueue-NodeRegistrationContainerReportForDataNodeSafeModeRule] INFO  safemode.SCMSafeModeManager (DataNodeSafeModeRule.java:process(71)) - SCM in safe mode. 1 DataNodes registered, 1 required.
2019-08-29 23:14:03,722 [EventQueue-NodeRegistrationContainerReportForDataNodeSafeModeRule] INFO  safemode.SCMSafeModeManager (SCMSafeModeManager.java:validateSafeModeExitRules(177)) - ScmSafeModeManager, all rules are successfully validated
2019-08-29 23:14:03,723 [EventQueue-NodeRegistrationContainerReportForDataNodeSafeModeRule] INFO  safemode.SCMSafeModeManager (SCMSafeModeManager.java:exitSafeMode(193)) - SCM exiting safe mode.
2019-08-29 23:14:03,732 [grpc-default-executor-4] INFO  impl.RaftServerProxy (RaftServerProxy.java:addNew(89)) - 6fc9f5bf-9d19-4424-b095-dbd8051c5d1f: addNew group-E48FCD3BB78C:[6fc9f5bf-9d19-4424-b095-dbd8051c5d1f:192.168.5.176:36413] returns group-E48FCD3BB78C:java.util.concurrent.CompletableFuture@3c11cd39[Not completed]
2019-08-29 23:14:03,734 [pool-119-thread-1] INFO  impl.RaftServerImpl (RaftServerImpl.java:<init>(93)) - 6fc9f5bf-9d19-4424-b095-dbd8051c5d1f: new RaftServerImpl for group-E48FCD3BB78C:[6fc9f5bf-9d19-4424-b095-dbd8051c5d1f:192.168.5.176:36413] with ContainerStateMachine:uninitialized
2019-08-29 23:14:03,735 [pool-119-thread-1] INFO  server.RaftServerConfigKeys (ConfUtils.java:logGet(43)) - raft.server.rpc.timeout.min = 5s (custom)
2019-08-29 23:14:03,735 [pool-119-thread-1] INFO  server.RaftServerConfigKeys (ConfUtils.java:logGet(43)) - raft.server.rpc.timeout.max = 5200ms (custom)
2019-08-29 23:14:03,735 [pool-119-thread-1] INFO  server.RaftServerConfigKeys (ConfUtils.java:logGet(43)) - raft.server.rpcslowness.timeout = 120s (custom)
2019-08-29 23:14:03,735 [pool-119-thread-1] INFO  server.RaftServerConfigKeys (ConfUtils.java:logGet(43)) - raft.server.sleep.deviation.threshold = 300 (default)
2019-08-29 23:14:03,735 [pool-119-thread-1] INFO  server.RaftServerConfigKeys (ConfUtils.java:logGet(43)) - raft.server.log.appender.install.snapshot.enabled = false (custom)
2019-08-29 23:14:03,736 [pool-119-thread-1] INFO  impl.RaftServerImpl (ServerState.java:<init>(105)) - 6fc9f5bf-9d19-4424-b095-dbd8051c5d1f:group-E48FCD3BB78C ConfigurationManager, init=-1: [6fc9f5bf-9d19-4424-b095-dbd8051c5d1f:192.168.5.176:36413], old=null, confs=<EMPTY_MAP>
2019-08-29 23:14:03,736 [pool-119-thread-1] INFO  server.RaftServerConfigKeys (ConfUtils.java:logGet(43)) - raft.server.storage.dir = [/workdir/hadoop-ozone/integration-test/target/test-dir/MiniOzoneClusterImpl-dba45ac9-1770-4347-820b-e942d4b229ff/datanode-0/data/ratis] (custom)
2019-08-29 23:14:03,736 [pool-119-thread-1] INFO  storage.RaftStorageDirectory (RaftStorageDirectory.java:analyzeStorage(246)) - The storage directory /workdir/hadoop-ozone/integration-test/target/test-dir/MiniOzoneClusterImpl-dba45ac9-1770-4347-820b-e942d4b229ff/datanode-0/data/ratis/97f9df17-fa16-4acf-928e-e48fcd3bb78c does not exist. Creating ...
2019-08-29 23:14:03,750 [pool-119-thread-1] INFO  storage.RaftStorageDirectory (RaftStorageDirectory.java:tryLock(328)) - Lock on /workdir/hadoop-ozone/integration-test/target/test-dir/MiniOzoneClusterImpl-dba45ac9-1770-4347-820b-e942d4b229ff/datanode-0/data/ratis/97f9df17-fa16-4acf-928e-e48fcd3bb78c/in_use.lock acquired by nodename 17673@pr-hdds-1783-trunk-hq4zp-549785682
2019-08-29 23:14:03,763 [pool-119-thread-1] INFO  storage.RaftStorage (RaftStorage.java:format(72)) - Storage directory /workdir/hadoop-ozone/integration-test/target/test-dir/MiniOzoneClusterImpl-dba45ac9-1770-4347-820b-e942d4b229ff/datanode-0/data/ratis/97f9df17-fa16-4acf-928e-e48fcd3bb78c has been successfully formatted.
2019-08-29 23:14:03,763 [pool-119-thread-1] INFO  ratis.ContainerStateMachine (ContainerStateMachine.java:loadSnapshot(227)) - group-E48FCD3BB78C: The snapshot info is null. Setting the last applied indexto:(t:0, i:~)
2019-08-29 23:14:03,763 [pool-119-thread-1] INFO  server.RaftServerConfigKeys (ConfUtils.java:logGet(43)) - raft.server.leader.election.timeout = 120s (custom)
2019-08-29 23:14:03,764 [pool-119-thread-1] INFO  server.RaftServerConfigKeys (ConfUtils.java:logGet(43)) - raft.server.log.use.memory = false (default)
2019-08-29 23:14:03,764 [pool-119-thread-1] INFO  server.RaftServerConfigKeys (ConfUtils.java:logGet(43)) - raft.server.log.purge.gap = 1000000 (custom)
2019-08-29 23:14:03,764 [pool-119-thread-1] INFO  server.RaftServerConfigKeys (ConfUtils.java:logGet(43)) - raft.server.log.appender.buffer.byte-limit = 33554432 (custom)
2019-08-29 23:14:03,764 [pool-119-thread-1] INFO  server.RaftServerConfigKeys (ConfUtils.java:logGet(43)) - raft.server.log.segment.size.max = 1048576 (custom)
2019-08-29 23:14:03,764 [pool-119-thread-1] INFO  server.RaftServerConfigKeys (ConfUtils.java:logGet(43)) - raft.server.log.segment.cache.num.max = 2 (custom)
2019-08-29 23:14:03,765 [pool-119-thread-1] INFO  segmented.SegmentedRaftLogWorker (SegmentedRaftLogWorker.java:<init>(172)) - new 6fc9f5bf-9d19-4424-b095-dbd8051c5d1f-SegmentedRaftLogWorker:Storage Directory /workdir/hadoop-ozone/integration-test/target/test-dir/MiniOzoneClusterImpl-dba45ac9-1770-4347-820b-e942d4b229ff/datanode-0/data/ratis/97f9df17-fa16-4acf-928e-e48fcd3bb78c for RaftStorage:Storage Directory /workdir/hadoop-ozone/integration-test/target/test-dir/MiniOzoneClusterImpl-dba45ac9-1770-4347-820b-e942d4b229ff/datanode-0/data/ratis/97f9df17-fa16-4acf-928e-e48fcd3bb78c
2019-08-29 23:14:03,765 [pool-119-thread-1] INFO  server.RaftServerConfigKeys (ConfUtils.java:logGet(43)) - raft.server.log.queue.byte-limit = 2147483647 (custom)
2019-08-29 23:14:03,765 [pool-119-thread-1] INFO  server.RaftServerConfigKeys (ConfUtils.java:logGet(43)) - raft.server.log.queue.element-limit = 1024 (custom)
2019-08-29 23:14:03,766 [pool-119-thread-1] INFO  server.RaftServerConfigKeys (ConfUtils.java:logGet(43)) - raft.server.log.segment.size.max = 1048576 (custom)
2019-08-29 23:14:03,766 [pool-119-thread-1] INFO  server.RaftServerConfigKeys (ConfUtils.java:logGet(43)) - raft.server.log.preallocated.size = 16384 (custom)
2019-08-29 23:14:03,766 [pool-119-thread-1] INFO  server.RaftServerConfigKeys (ConfUtils.java:logGet(43)) - raft.server.log.write.buffer.size = 33554432 (custom)
2019-08-29 23:14:03,766 [pool-119-thread-1] INFO  server.RaftServerConfigKeys (ConfUtils.java:logGet(43)) - raft.server.log.force.sync.num = 128 (default)
2019-08-29 23:14:03,766 [pool-119-thread-1] INFO  server.RaftServerConfigKeys (ConfUtils.java:logGet(43)) - raft.server.log.statemachine.data.sync = true (default)
2019-08-29 23:14:03,766 [pool-119-thread-1] INFO  server.RaftServerConfigKeys (ConfUtils.java:logGet(43)) - raft.server.log.statemachine.data.sync.timeout = 10s (default)
2019-08-29 23:14:03,767 [pool-119-thread-1] INFO  server.RaftServerConfigKeys (ConfUtils.java:logGet(43)) - raft.server.log.statemachine.data.sync.timeout.retry = -1 (default)
2019-08-29 23:14:03,767 [pool-119-thread-1] INFO  server.RaftServerConfigKeys (ConfUtils.java:logGet(43)) - raft.server.log.statemachine.data.caching.enabled = true (custom)
2019-08-29 23:14:03,768 [pool-119-thread-1] INFO  segmented.SegmentedRaftLogWorker (SegmentedRaftLogWorker.java:lambda$new$0(132)) - 6fc9f5bf-9d19-4424-b095-dbd8051c5d1f-SegmentedRaftLogWorker:Storage Directory /workdir/hadoop-ozone/integration-test/target/test-dir/MiniOzoneClusterImpl-dba45ac9-1770-4347-820b-e942d4b229ff/datanode-0/data/ratis/97f9df17-fa16-4acf-928e-e48fcd3bb78c: flushIndex: setUnconditionally 0 -> -1
2019-08-29 23:14:03,768 [pool-119-thread-1] INFO  server.RaftServerConfigKeys (ConfUtils.java:logGet(43)) - raft.server.snapshot.auto.trigger.enabled = true (custom)
2019-08-29 23:14:03,768 [pool-119-thread-1] INFO  server.RaftServerConfigKeys (ConfUtils.java:logGet(43)) - raft.server.snapshot.auto.trigger.threshold = 10000 (custom)
2019-08-29 23:14:03,768 [pool-119-thread-1] INFO  server.RaftServerConfigKeys (ConfUtils.java:logGet(43)) - raft.server.retrycache.expirytime = 600000ms (custom)
2019-08-29 23:14:03,769 [pool-119-thread-1] INFO  impl.RaftServerImpl (RaftServerImpl.java:start(180)) - 6fc9f5bf-9d19-4424-b095-dbd8051c5d1f: start group-E48FCD3BB78C
2019-08-29 23:14:03,769 [pool-119-thread-1] INFO  impl.RaftServerImpl (RaftServerImpl.java:setRole(171)) - 6fc9f5bf-9d19-4424-b095-dbd8051c5d1f:group-E48FCD3BB78C changes role from null to FOLLOWER at term 0 for startAsFollower
2019-08-29 23:14:03,769 [pool-119-thread-1] INFO  impl.RoleInfo (RoleInfo.java:updateAndGet(143)) - 6fc9f5bf-9d19-4424-b095-dbd8051c5d1f: start FollowerState
2019-08-29 23:14:03,770 [pool-119-thread-1] INFO  util.JmxRegister (JmxRegister.java:tryRegister(44)) - Successfully registered JMX Bean with object name Ratis:service=RaftServer,group=group-E48FCD3BB78C,id=6fc9f5bf-9d19-4424-b095-dbd8051c5d1f
2019-08-29 23:14:03,773 [RatisPipelineUtilsThread] INFO  pipeline.PipelineStateManager (PipelineStateManager.java:addPipeline(56)) - Created pipeline Pipeline[ Id: 97f9df17-fa16-4acf-928e-e48fcd3bb78c, Nodes: 6fc9f5bf-9d19-4424-b095-dbd8051c5d1f{ip: 192.168.5.176, host: pr-hdds-1783-trunk-hq4zp-549785682, networkLocation: /default-rack, certSerialId: null}, Type:RATIS, Factor:ONE, State:OPEN]
2019-08-29 23:14:03,779 [IPC Server handler 1 on 38366] INFO  net.NetworkTopology (NetworkTopologyImpl.java:add(110)) - Added a new node: /default-rack/7b8ea038-0abd-40f8-b5e6-235888bbf81b
2019-08-29 23:14:03,779 [IPC Server handler 1 on 38366] INFO  node.SCMNodeManager (SCMNodeManager.java:register(273)) - Registered Data node : 7b8ea038-0abd-40f8-b5e6-235888bbf81b{ip: 192.168.5.176, host: pr-hdds-1783-trunk-hq4zp-549785682, networkLocation: /default-rack, certSerialId: null}
2019-08-29 23:14:03,779 | INFO  | SCMAudit | user=jenkins1000 | ip=192.168.5.176 | op=REGISTER {datanodeDetails=7b8ea038-0abd-40f8-b5e6-235888bbf81b{ip: 192.168.5.176, host: pr-hdds-1783-trunk-hq4zp-549785682, networkLocation: /default-rack, certSerialId: null}} | ret=SUCCESS |  
2019-08-29 23:14:03,788 [grpc-default-executor-4] INFO  impl.RaftServerProxy (RaftServerProxy.java:addNew(89)) - 7b8ea038-0abd-40f8-b5e6-235888bbf81b: addNew group-08AEBF30D454:[7b8ea038-0abd-40f8-b5e6-235888bbf81b:192.168.5.176:39186] returns group-08AEBF30D454:java.util.concurrent.CompletableFuture@68b90fdf[Not completed]
2019-08-29 23:14:03,790 [pool-129-thread-1] INFO  impl.RaftServerImpl (RaftServerImpl.java:<init>(93)) - 7b8ea038-0abd-40f8-b5e6-235888bbf81b: new RaftServerImpl for group-08AEBF30D454:[7b8ea038-0abd-40f8-b5e6-235888bbf81b:192.168.5.176:39186] with ContainerStateMachine:uninitialized
2019-08-29 23:14:03,791 [pool-129-thread-1] INFO  server.RaftServerConfigKeys (ConfUtils.java:logGet(43)) - raft.server.rpc.timeout.min = 5s (custom)
2019-08-29 23:14:03,791 [pool-129-thread-1] INFO  server.RaftServerConfigKeys (ConfUtils.java:logGet(43)) - raft.server.rpc.timeout.max = 5200ms (custom)
2019-08-29 23:14:03,791 [pool-129-thread-1] INFO  server.RaftServerConfigKeys (ConfUtils.java:logGet(43)) - raft.server.rpcslowness.timeout = 120s (custom)
2019-08-29 23:14:03,791 [pool-129-thread-1] INFO  server.RaftServerConfigKeys (ConfUtils.java:logGet(43)) - raft.server.sleep.deviation.threshold = 300 (default)
2019-08-29 23:14:03,791 [pool-129-thread-1] INFO  server.RaftServerConfigKeys (ConfUtils.java:logGet(43)) - raft.server.log.appender.install.snapshot.enabled = false (custom)
2019-08-29 23:14:03,792 [pool-129-thread-1] INFO  impl.RaftServerImpl (ServerState.java:<init>(105)) - 7b8ea038-0abd-40f8-b5e6-235888bbf81b:group-08AEBF30D454 ConfigurationManager, init=-1: [7b8ea038-0abd-40f8-b5e6-235888bbf81b:192.168.5.176:39186], old=null, confs=<EMPTY_MAP>
2019-08-29 23:14:03,792 [pool-129-thread-1] INFO  server.RaftServerConfigKeys (ConfUtils.java:logGet(43)) - raft.server.storage.dir = [/workdir/hadoop-ozone/integration-test/target/test-dir/MiniOzoneClusterImpl-dba45ac9-1770-4347-820b-e942d4b229ff/datanode-1/data/ratis] (custom)
2019-08-29 23:14:03,792 [pool-129-thread-1] INFO  storage.RaftStorageDirectory (RaftStorageDirectory.java:analyzeStorage(246)) - The storage directory /workdir/hadoop-ozone/integration-test/target/test-dir/MiniOzoneClusterImpl-dba45ac9-1770-4347-820b-e942d4b229ff/datanode-1/data/ratis/d2dddef1-e549-4f2f-97a3-08aebf30d454 does not exist. Creating ...
2019-08-29 23:14:03,817 [pool-129-thread-1] INFO  storage.RaftStorageDirectory (RaftStorageDirectory.java:tryLock(328)) - Lock on /workdir/hadoop-ozone/integration-test/target/test-dir/MiniOzoneClusterImpl-dba45ac9-1770-4347-820b-e942d4b229ff/datanode-1/data/ratis/d2dddef1-e549-4f2f-97a3-08aebf30d454/in_use.lock acquired by nodename 17673@pr-hdds-1783-trunk-hq4zp-549785682
2019-08-29 23:14:03,830 [pool-129-thread-1] INFO  storage.RaftStorage (RaftStorage.java:format(72)) - Storage directory /workdir/hadoop-ozone/integration-test/target/test-dir/MiniOzoneClusterImpl-dba45ac9-1770-4347-820b-e942d4b229ff/datanode-1/data/ratis/d2dddef1-e549-4f2f-97a3-08aebf30d454 has been successfully formatted.
2019-08-29 23:14:03,830 [pool-129-thread-1] INFO  ratis.ContainerStateMachine (ContainerStateMachine.java:loadSnapshot(227)) - group-08AEBF30D454: The snapshot info is null. Setting the last applied indexto:(t:0, i:~)
2019-08-29 23:14:03,830 [pool-129-thread-1] INFO  server.RaftServerConfigKeys (ConfUtils.java:logGet(43)) - raft.server.leader.election.timeout = 120s (custom)
2019-08-29 23:14:03,831 [pool-129-thread-1] INFO  server.RaftServerConfigKeys (ConfUtils.java:logGet(43)) - raft.server.log.use.memory = false (default)
2019-08-29 23:14:03,831 [pool-129-thread-1] INFO  server.RaftServerConfigKeys (ConfUtils.java:logGet(43)) - raft.server.log.purge.gap = 1000000 (custom)
2019-08-29 23:14:03,831 [pool-129-thread-1] INFO  server.RaftServerConfigKeys (ConfUtils.java:logGet(43)) - raft.server.log.appender.buffer.byte-limit = 33554432 (custom)
2019-08-29 23:14:03,831 [pool-129-thread-1] INFO  server.RaftServerConfigKeys (ConfUtils.java:logGet(43)) - raft.server.log.segment.size.max = 1048576 (custom)
2019-08-29 23:14:03,831 [pool-129-thread-1] INFO  server.RaftServerConfigKeys (ConfUtils.java:logGet(43)) - raft.server.log.segment.cache.num.max = 2 (custom)
2019-08-29 23:14:03,832 [pool-129-thread-1] INFO  segmented.SegmentedRaftLogWorker (SegmentedRaftLogWorker.java:<init>(172)) - new 7b8ea038-0abd-40f8-b5e6-235888bbf81b-SegmentedRaftLogWorker:Storage Directory /workdir/hadoop-ozone/integration-test/target/test-dir/MiniOzoneClusterImpl-dba45ac9-1770-4347-820b-e942d4b229ff/datanode-1/data/ratis/d2dddef1-e549-4f2f-97a3-08aebf30d454 for RaftStorage:Storage Directory /workdir/hadoop-ozone/integration-test/target/test-dir/MiniOzoneClusterImpl-dba45ac9-1770-4347-820b-e942d4b229ff/datanode-1/data/ratis/d2dddef1-e549-4f2f-97a3-08aebf30d454
2019-08-29 23:14:03,832 [pool-129-thread-1] INFO  server.RaftServerConfigKeys (ConfUtils.java:logGet(43)) - raft.server.log.queue.byte-limit = 2147483647 (custom)
2019-08-29 23:14:03,832 [pool-129-thread-1] INFO  server.RaftServerConfigKeys (ConfUtils.java:logGet(43)) - raft.server.log.queue.element-limit = 1024 (custom)
2019-08-29 23:14:03,832 [pool-129-thread-1] INFO  server.RaftServerConfigKeys (ConfUtils.java:logGet(43)) - raft.server.log.segment.size.max = 1048576 (custom)
2019-08-29 23:14:03,833 [pool-129-thread-1] INFO  server.RaftServerConfigKeys (ConfUtils.java:logGet(43)) - raft.server.log.preallocated.size = 16384 (custom)
2019-08-29 23:14:03,833 [pool-129-thread-1] INFO  server.RaftServerConfigKeys (ConfUtils.java:logGet(43)) - raft.server.log.write.buffer.size = 33554432 (custom)
2019-08-29 23:14:03,833 [pool-129-thread-1] INFO  server.RaftServerConfigKeys (ConfUtils.java:logGet(43)) - raft.server.log.force.sync.num = 128 (default)
2019-08-29 23:14:03,833 [pool-129-thread-1] INFO  server.RaftServerConfigKeys (ConfUtils.java:logGet(43)) - raft.server.log.statemachine.data.sync = true (default)
2019-08-29 23:14:03,833 [pool-129-thread-1] INFO  server.RaftServerConfigKeys (ConfUtils.java:logGet(43)) - raft.server.log.statemachine.data.sync.timeout = 10s (default)
2019-08-29 23:14:03,833 [pool-129-thread-1] INFO  server.RaftServerConfigKeys (ConfUtils.java:logGet(43)) - raft.server.log.statemachine.data.sync.timeout.retry = -1 (default)
2019-08-29 23:14:03,834 [pool-129-thread-1] INFO  server.RaftServerConfigKeys (ConfUtils.java:logGet(43)) - raft.server.log.statemachine.data.caching.enabled = true (custom)
2019-08-29 23:14:03,834 [pool-129-thread-1] INFO  segmented.SegmentedRaftLogWorker (SegmentedRaftLogWorker.java:lambda$new$0(132)) - 7b8ea038-0abd-40f8-b5e6-235888bbf81b-SegmentedRaftLogWorker:Storage Directory /workdir/hadoop-ozone/integration-test/target/test-dir/MiniOzoneClusterImpl-dba45ac9-1770-4347-820b-e942d4b229ff/datanode-1/data/ratis/d2dddef1-e549-4f2f-97a3-08aebf30d454: flushIndex: setUnconditionally 0 -> -1
2019-08-29 23:14:03,835 [pool-129-thread-1] INFO  server.RaftServerConfigKeys (ConfUtils.java:logGet(43)) - raft.server.snapshot.auto.trigger.enabled = true (custom)
2019-08-29 23:14:03,835 [pool-129-thread-1] INFO  server.RaftServerConfigKeys (ConfUtils.java:logGet(43)) - raft.server.snapshot.auto.trigger.threshold = 10000 (custom)
2019-08-29 23:14:03,835 [pool-129-thread-1] INFO  server.RaftServerConfigKeys (ConfUtils.java:logGet(43)) - raft.server.retrycache.expirytime = 600000ms (custom)
2019-08-29 23:14:03,835 [pool-129-thread-1] INFO  impl.RaftServerImpl (RaftServerImpl.java:start(180)) - 7b8ea038-0abd-40f8-b5e6-235888bbf81b: start group-08AEBF30D454
2019-08-29 23:14:03,836 [pool-129-thread-1] INFO  impl.RaftServerImpl (RaftServerImpl.java:setRole(171)) - 7b8ea038-0abd-40f8-b5e6-235888bbf81b:group-08AEBF30D454 changes role from null to FOLLOWER at term 0 for startAsFollower
2019-08-29 23:14:03,836 [pool-129-thread-1] INFO  impl.RoleInfo (RoleInfo.java:updateAndGet(143)) - 7b8ea038-0abd-40f8-b5e6-235888bbf81b: start FollowerState
2019-08-29 23:14:03,836 [pool-129-thread-1] INFO  util.JmxRegister (JmxRegister.java:tryRegister(44)) - Successfully registered JMX Bean with object name Ratis:service=RaftServer,group=group-08AEBF30D454,id=7b8ea038-0abd-40f8-b5e6-235888bbf81b
2019-08-29 23:14:03,840 [RatisPipelineUtilsThread] INFO  pipeline.PipelineStateManager (PipelineStateManager.java:addPipeline(56)) - Created pipeline Pipeline[ Id: d2dddef1-e549-4f2f-97a3-08aebf30d454, Nodes: 7b8ea038-0abd-40f8-b5e6-235888bbf81b{ip: 192.168.5.176, host: pr-hdds-1783-trunk-hq4zp-549785682, networkLocation: /default-rack, certSerialId: null}, Type:RATIS, Factor:ONE, State:OPEN]
2019-08-29 23:14:03,840 [IPC Server handler 5 on 38366] INFO  net.NetworkTopology (NetworkTopologyImpl.java:add(110)) - Added a new node: /default-rack/fdf38f52-984e-464b-b063-6b40bc579090
2019-08-29 23:14:03,840 [IPC Server handler 5 on 38366] INFO  node.SCMNodeManager (SCMNodeManager.java:register(273)) - Registered Data node : fdf38f52-984e-464b-b063-6b40bc579090{ip: 192.168.5.176, host: pr-hdds-1783-trunk-hq4zp-549785682, networkLocation: /default-rack, certSerialId: null}
2019-08-29 23:14:03,843 | INFO  | SCMAudit | user=jenkins1000 | ip=192.168.5.176 | op=REGISTER {datanodeDetails=fdf38f52-984e-464b-b063-6b40bc579090{ip: 192.168.5.176, host: pr-hdds-1783-trunk-hq4zp-549785682, networkLocation: /default-rack, certSerialId: null}} | ret=SUCCESS |  
2019-08-29 23:14:03,852 [grpc-default-executor-4] INFO  impl.RaftServerProxy (RaftServerProxy.java:addNew(89)) - fdf38f52-984e-464b-b063-6b40bc579090: addNew group-D309F68A00B5:[fdf38f52-984e-464b-b063-6b40bc579090:192.168.5.176:35543] returns group-D309F68A00B5:java.util.concurrent.CompletableFuture@5ba750f0[Not completed]
2019-08-29 23:14:03,854 [pool-139-thread-1] INFO  impl.RaftServerImpl (RaftServerImpl.java:<init>(93)) - fdf38f52-984e-464b-b063-6b40bc579090: new RaftServerImpl for group-D309F68A00B5:[fdf38f52-984e-464b-b063-6b40bc579090:192.168.5.176:35543] with ContainerStateMachine:uninitialized
2019-08-29 23:14:03,854 [pool-139-thread-1] INFO  server.RaftServerConfigKeys (ConfUtils.java:logGet(43)) - raft.server.rpc.timeout.min = 5s (custom)
2019-08-29 23:14:03,854 [pool-139-thread-1] INFO  server.RaftServerConfigKeys (ConfUtils.java:logGet(43)) - raft.server.rpc.timeout.max = 5200ms (custom)
2019-08-29 23:14:03,854 [pool-139-thread-1] INFO  server.RaftServerConfigKeys (ConfUtils.java:logGet(43)) - raft.server.rpcslowness.timeout = 120s (custom)
2019-08-29 23:14:03,855 [pool-139-thread-1] INFO  server.RaftServerConfigKeys (ConfUtils.java:logGet(43)) - raft.server.sleep.deviation.threshold = 300 (default)
2019-08-29 23:14:03,855 [pool-139-thread-1] INFO  server.RaftServerConfigKeys (ConfUtils.java:logGet(43)) - raft.server.log.appender.install.snapshot.enabled = false (custom)
2019-08-29 23:14:03,855 [pool-139-thread-1] INFO  impl.RaftServerImpl (ServerState.java:<init>(105)) - fdf38f52-984e-464b-b063-6b40bc579090:group-D309F68A00B5 ConfigurationManager, init=-1: [fdf38f52-984e-464b-b063-6b40bc579090:192.168.5.176:35543], old=null, confs=<EMPTY_MAP>
2019-08-29 23:14:03,855 [pool-139-thread-1] INFO  server.RaftServerConfigKeys (ConfUtils.java:logGet(43)) - raft.server.storage.dir = [/workdir/hadoop-ozone/integration-test/target/test-dir/MiniOzoneClusterImpl-dba45ac9-1770-4347-820b-e942d4b229ff/datanode-2/data/ratis] (custom)
2019-08-29 23:14:03,856 [pool-139-thread-1] INFO  storage.RaftStorageDirectory (RaftStorageDirectory.java:analyzeStorage(246)) - The storage directory /workdir/hadoop-ozone/integration-test/target/test-dir/MiniOzoneClusterImpl-dba45ac9-1770-4347-820b-e942d4b229ff/datanode-2/data/ratis/b10009f9-ccba-496d-ac1d-d309f68a00b5 does not exist. Creating ...
2019-08-29 23:14:03,868 [pool-139-thread-1] INFO  storage.RaftStorageDirectory (RaftStorageDirectory.java:tryLock(328)) - Lock on /workdir/hadoop-ozone/integration-test/target/test-dir/MiniOzoneClusterImpl-dba45ac9-1770-4347-820b-e942d4b229ff/datanode-2/data/ratis/b10009f9-ccba-496d-ac1d-d309f68a00b5/in_use.lock acquired by nodename 17673@pr-hdds-1783-trunk-hq4zp-549785682
2019-08-29 23:14:03,881 [pool-139-thread-1] INFO  storage.RaftStorage (RaftStorage.java:format(72)) - Storage directory /workdir/hadoop-ozone/integration-test/target/test-dir/MiniOzoneClusterImpl-dba45ac9-1770-4347-820b-e942d4b229ff/datanode-2/data/ratis/b10009f9-ccba-496d-ac1d-d309f68a00b5 has been successfully formatted.
2019-08-29 23:14:03,882 [pool-139-thread-1] INFO  ratis.ContainerStateMachine (ContainerStateMachine.java:loadSnapshot(227)) - group-D309F68A00B5: The snapshot info is null. Setting the last applied indexto:(t:0, i:~)
2019-08-29 23:14:03,882 [pool-139-thread-1] INFO  server.RaftServerConfigKeys (ConfUtils.java:logGet(43)) - raft.server.leader.election.timeout = 120s (custom)
2019-08-29 23:14:03,882 [pool-139-thread-1] INFO  server.RaftServerConfigKeys (ConfUtils.java:logGet(43)) - raft.server.log.use.memory = false (default)
2019-08-29 23:14:03,882 [pool-139-thread-1] INFO  server.RaftServerConfigKeys (ConfUtils.java:logGet(43)) - raft.server.log.purge.gap = 1000000 (custom)
2019-08-29 23:14:03,882 [pool-139-thread-1] INFO  server.RaftServerConfigKeys (ConfUtils.java:logGet(43)) - raft.server.log.appender.buffer.byte-limit = 33554432 (custom)
2019-08-29 23:14:03,882 [pool-139-thread-1] INFO  server.RaftServerConfigKeys (ConfUtils.java:logGet(43)) - raft.server.log.segment.size.max = 1048576 (custom)
2019-08-29 23:14:03,883 [pool-139-thread-1] INFO  server.RaftServerConfigKeys (ConfUtils.java:logGet(43)) - raft.server.log.segment.cache.num.max = 2 (custom)
2019-08-29 23:14:03,883 [pool-139-thread-1] INFO  segmented.SegmentedRaftLogWorker (SegmentedRaftLogWorker.java:<init>(172)) - new fdf38f52-984e-464b-b063-6b40bc579090-SegmentedRaftLogWorker:Storage Directory /workdir/hadoop-ozone/integration-test/target/test-dir/MiniOzoneClusterImpl-dba45ac9-1770-4347-820b-e942d4b229ff/datanode-2/data/ratis/b10009f9-ccba-496d-ac1d-d309f68a00b5 for RaftStorage:Storage Directory /workdir/hadoop-ozone/integration-test/target/test-dir/MiniOzoneClusterImpl-dba45ac9-1770-4347-820b-e942d4b229ff/datanode-2/data/ratis/b10009f9-ccba-496d-ac1d-d309f68a00b5
2019-08-29 23:14:03,883 [pool-139-thread-1] INFO  server.RaftServerConfigKeys (ConfUtils.java:logGet(43)) - raft.server.log.queue.byte-limit = 2147483647 (custom)
2019-08-29 23:14:03,883 [pool-139-thread-1] INFO  server.RaftServerConfigKeys (ConfUtils.java:logGet(43)) - raft.server.log.queue.element-limit = 1024 (custom)
2019-08-29 23:14:03,884 [pool-139-thread-1] INFO  server.RaftServerConfigKeys (ConfUtils.java:logGet(43)) - raft.server.log.segment.size.max = 1048576 (custom)
2019-08-29 23:14:03,884 [pool-139-thread-1] INFO  server.RaftServerConfigKeys (ConfUtils.java:logGet(43)) - raft.server.log.preallocated.size = 16384 (custom)
2019-08-29 23:14:03,884 [pool-139-thread-1] INFO  server.RaftServerConfigKeys (ConfUtils.java:logGet(43)) - raft.server.log.write.buffer.size = 33554432 (custom)
2019-08-29 23:14:03,884 [pool-139-thread-1] INFO  server.RaftServerConfigKeys (ConfUtils.java:logGet(43)) - raft.server.log.force.sync.num = 128 (default)
2019-08-29 23:14:03,884 [pool-139-thread-1] INFO  server.RaftServerConfigKeys (ConfUtils.java:logGet(43)) - raft.server.log.statemachine.data.sync = true (default)
2019-08-29 23:14:03,884 [pool-139-thread-1] INFO  server.RaftServerConfigKeys (ConfUtils.java:logGet(43)) - raft.server.log.statemachine.data.sync.timeout = 10s (default)
2019-08-29 23:14:03,884 [pool-139-thread-1] INFO  server.RaftServerConfigKeys (ConfUtils.java:logGet(43)) - raft.server.log.statemachine.data.sync.timeout.retry = -1 (default)
2019-08-29 23:14:03,885 [pool-139-thread-1] INFO  server.RaftServerConfigKeys (ConfUtils.java:logGet(43)) - raft.server.log.statemachine.data.caching.enabled = true (custom)
2019-08-29 23:14:03,885 [pool-139-thread-1] INFO  segmented.SegmentedRaftLogWorker (SegmentedRaftLogWorker.java:lambda$new$0(132)) - fdf38f52-984e-464b-b063-6b40bc579090-SegmentedRaftLogWorker:Storage Directory /workdir/hadoop-ozone/integration-test/target/test-dir/MiniOzoneClusterImpl-dba45ac9-1770-4347-820b-e942d4b229ff/datanode-2/data/ratis/b10009f9-ccba-496d-ac1d-d309f68a00b5: flushIndex: setUnconditionally 0 -> -1
2019-08-29 23:14:03,885 [pool-139-thread-1] INFO  server.RaftServerConfigKeys (ConfUtils.java:logGet(43)) - raft.server.snapshot.auto.trigger.enabled = true (custom)
2019-08-29 23:14:03,886 [pool-139-thread-1] INFO  server.RaftServerConfigKeys (ConfUtils.java:logGet(43)) - raft.server.snapshot.auto.trigger.threshold = 10000 (custom)
2019-08-29 23:14:03,886 [pool-139-thread-1] INFO  server.RaftServerConfigKeys (ConfUtils.java:logGet(43)) - raft.server.retrycache.expirytime = 600000ms (custom)
2019-08-29 23:14:03,886 [pool-139-thread-1] INFO  impl.RaftServerImpl (RaftServerImpl.java:start(180)) - fdf38f52-984e-464b-b063-6b40bc579090: start group-D309F68A00B5
2019-08-29 23:14:03,886 [pool-139-thread-1] INFO  impl.RaftServerImpl (RaftServerImpl.java:setRole(171)) - fdf38f52-984e-464b-b063-6b40bc579090:group-D309F68A00B5 changes role from null to FOLLOWER at term 0 for startAsFollower
2019-08-29 23:14:03,886 [pool-139-thread-1] INFO  impl.RoleInfo (RoleInfo.java:updateAndGet(143)) - fdf38f52-984e-464b-b063-6b40bc579090: start FollowerState
2019-08-29 23:14:03,887 [pool-139-thread-1] INFO  util.JmxRegister (JmxRegister.java:tryRegister(44)) - Successfully registered JMX Bean with object name Ratis:service=RaftServer,group=group-D309F68A00B5,id=fdf38f52-984e-464b-b063-6b40bc579090
2019-08-29 23:14:03,890 [RatisPipelineUtilsThread] INFO  pipeline.PipelineStateManager (PipelineStateManager.java:addPipeline(56)) - Created pipeline Pipeline[ Id: b10009f9-ccba-496d-ac1d-d309f68a00b5, Nodes: fdf38f52-984e-464b-b063-6b40bc579090{ip: 192.168.5.176, host: pr-hdds-1783-trunk-hq4zp-549785682, networkLocation: /default-rack, certSerialId: null}, Type:RATIS, Factor:ONE, State:OPEN]
2019-08-29 23:14:03,906 [IPC Server handler 2 on 38366] INFO  net.NetworkTopology (NetworkTopologyImpl.java:add(110)) - Added a new node: /default-rack/b91667ad-dd07-438b-a2aa-20d994bbddf1
2019-08-29 23:14:03,907 [IPC Server handler 2 on 38366] INFO  node.SCMNodeManager (SCMNodeManager.java:register(273)) - Registered Data node : b91667ad-dd07-438b-a2aa-20d994bbddf1{ip: 192.168.5.176, host: pr-hdds-1783-trunk-hq4zp-549785682, networkLocation: /default-rack, certSerialId: null}
2019-08-29 23:14:03,907 | INFO  | SCMAudit | user=jenkins1000 | ip=192.168.5.176 | op=REGISTER {datanodeDetails=b91667ad-dd07-438b-a2aa-20d994bbddf1{ip: 192.168.5.176, host: pr-hdds-1783-trunk-hq4zp-549785682, networkLocation: /default-rack, certSerialId: null}} | ret=SUCCESS |  
2019-08-29 23:14:03,908 [grpc-default-executor-1] INFO  impl.RaftServerProxy (RaftServerProxy.java:addNew(89)) - fdf38f52-984e-464b-b063-6b40bc579090: addNew group-5360576734D0:[6fc9f5bf-9d19-4424-b095-dbd8051c5d1f:192.168.5.176:36413, 7b8ea038-0abd-40f8-b5e6-235888bbf81b:192.168.5.176:39186, fdf38f52-984e-464b-b063-6b40bc579090:192.168.5.176:35543] returns group-5360576734D0:java.util.concurrent.CompletableFuture@57ce0511[Not completed]
2019-08-29 23:14:03,908 [grpc-default-executor-4] INFO  impl.RaftServerProxy (RaftServerProxy.java:addNew(89)) - 6fc9f5bf-9d19-4424-b095-dbd8051c5d1f: addNew group-5360576734D0:[6fc9f5bf-9d19-4424-b095-dbd8051c5d1f:192.168.5.176:36413, 7b8ea038-0abd-40f8-b5e6-235888bbf81b:192.168.5.176:39186, fdf38f52-984e-464b-b063-6b40bc579090:192.168.5.176:35543] returns group-5360576734D0:java.util.concurrent.CompletableFuture@3a0d27ff[Not completed]
2019-08-29 23:14:03,908 [grpc-default-executor-0] INFO  impl.RaftServerProxy (RaftServerProxy.java:addNew(89)) - 7b8ea038-0abd-40f8-b5e6-235888bbf81b: addNew group-5360576734D0:[6fc9f5bf-9d19-4424-b095-dbd8051c5d1f:192.168.5.176:36413, 7b8ea038-0abd-40f8-b5e6-235888bbf81b:192.168.5.176:39186, fdf38f52-984e-464b-b063-6b40bc579090:192.168.5.176:35543] returns group-5360576734D0:java.util.concurrent.CompletableFuture@530e9d3d[Not completed]
2019-08-29 23:14:03,910 [pool-139-thread-1] INFO  impl.RaftServerImpl (RaftServerImpl.java:<init>(93)) - fdf38f52-984e-464b-b063-6b40bc579090: new RaftServerImpl for group-5360576734D0:[6fc9f5bf-9d19-4424-b095-dbd8051c5d1f:192.168.5.176:36413, 7b8ea038-0abd-40f8-b5e6-235888bbf81b:192.168.5.176:39186, fdf38f52-984e-464b-b063-6b40bc579090:192.168.5.176:35543] with ContainerStateMachine:uninitialized
2019-08-29 23:14:03,910 [pool-139-thread-1] INFO  server.RaftServerConfigKeys (ConfUtils.java:logGet(43)) - raft.server.rpc.timeout.min = 5s (custom)
2019-08-29 23:14:03,910 [pool-139-thread-1] INFO  server.RaftServerConfigKeys (ConfUtils.java:logGet(43)) - raft.server.rpc.timeout.max = 5200ms (custom)
2019-08-29 23:14:03,910 [pool-139-thread-1] INFO  server.RaftServerConfigKeys (ConfUtils.java:logGet(43)) - raft.server.rpcslowness.timeout = 120s (custom)
2019-08-29 23:14:03,910 [pool-139-thread-1] INFO  server.RaftServerConfigKeys (ConfUtils.java:logGet(43)) - raft.server.sleep.deviation.threshold = 300 (default)
2019-08-29 23:14:03,910 [pool-139-thread-1] INFO  server.RaftServerConfigKeys (ConfUtils.java:logGet(43)) - raft.server.log.appender.install.snapshot.enabled = false (custom)
2019-08-29 23:14:03,911 [pool-139-thread-1] INFO  impl.RaftServerImpl (ServerState.java:<init>(105)) - fdf38f52-984e-464b-b063-6b40bc579090:group-5360576734D0 ConfigurationManager, init=-1: [6fc9f5bf-9d19-4424-b095-dbd8051c5d1f:192.168.5.176:36413, 7b8ea038-0abd-40f8-b5e6-235888bbf81b:192.168.5.176:39186, fdf38f52-984e-464b-b063-6b40bc579090:192.168.5.176:35543], old=null, confs=<EMPTY_MAP>
2019-08-29 23:14:03,911 [pool-139-thread-1] INFO  server.RaftServerConfigKeys (ConfUtils.java:logGet(43)) - raft.server.storage.dir = [/workdir/hadoop-ozone/integration-test/target/test-dir/MiniOzoneClusterImpl-dba45ac9-1770-4347-820b-e942d4b229ff/datanode-2/data/ratis] (custom)
2019-08-29 23:14:03,911 [pool-129-thread-1] INFO  impl.RaftServerImpl (RaftServerImpl.java:<init>(93)) - 7b8ea038-0abd-40f8-b5e6-235888bbf81b: new RaftServerImpl for group-5360576734D0:[6fc9f5bf-9d19-4424-b095-dbd8051c5d1f:192.168.5.176:36413, 7b8ea038-0abd-40f8-b5e6-235888bbf81b:192.168.5.176:39186, fdf38f52-984e-464b-b063-6b40bc579090:192.168.5.176:35543] with ContainerStateMachine:uninitialized
2019-08-29 23:14:03,911 [pool-129-thread-1] INFO  server.RaftServerConfigKeys (ConfUtils.java:logGet(43)) - raft.server.rpc.timeout.min = 5s (custom)
2019-08-29 23:14:03,911 [pool-139-thread-1] INFO  storage.RaftStorageDirectory (RaftStorageDirectory.java:analyzeStorage(246)) - The storage directory /workdir/hadoop-ozone/integration-test/target/test-dir/MiniOzoneClusterImpl-dba45ac9-1770-4347-820b-e942d4b229ff/datanode-2/data/ratis/c0fbf511-ef20-4ac1-b244-5360576734d0 does not exist. Creating ...
2019-08-29 23:14:03,911 [pool-129-thread-1] INFO  server.RaftServerConfigKeys (ConfUtils.java:logGet(43)) - raft.server.rpc.timeout.max = 5200ms (custom)
2019-08-29 23:14:03,912 [pool-129-thread-1] INFO  server.RaftServerConfigKeys (ConfUtils.java:logGet(43)) - raft.server.rpcslowness.timeout = 120s (custom)
2019-08-29 23:14:03,912 [pool-129-thread-1] INFO  server.RaftServerConfigKeys (ConfUtils.java:logGet(43)) - raft.server.sleep.deviation.threshold = 300 (default)
2019-08-29 23:14:03,912 [pool-129-thread-1] INFO  server.RaftServerConfigKeys (ConfUtils.java:logGet(43)) - raft.server.log.appender.install.snapshot.enabled = false (custom)
2019-08-29 23:14:03,912 [pool-129-thread-1] INFO  impl.RaftServerImpl (ServerState.java:<init>(105)) - 7b8ea038-0abd-40f8-b5e6-235888bbf81b:group-5360576734D0 ConfigurationManager, init=-1: [6fc9f5bf-9d19-4424-b095-dbd8051c5d1f:192.168.5.176:36413, 7b8ea038-0abd-40f8-b5e6-235888bbf81b:192.168.5.176:39186, fdf38f52-984e-464b-b063-6b40bc579090:192.168.5.176:35543], old=null, confs=<EMPTY_MAP>
2019-08-29 23:14:03,912 [pool-119-thread-1] INFO  impl.RaftServerImpl (RaftServerImpl.java:<init>(93)) - 6fc9f5bf-9d19-4424-b095-dbd8051c5d1f: new RaftServerImpl for group-5360576734D0:[6fc9f5bf-9d19-4424-b095-dbd8051c5d1f:192.168.5.176:36413, 7b8ea038-0abd-40f8-b5e6-235888bbf81b:192.168.5.176:39186, fdf38f52-984e-464b-b063-6b40bc579090:192.168.5.176:35543] with ContainerStateMachine:uninitialized
2019-08-29 23:14:03,912 [pool-129-thread-1] INFO  server.RaftServerConfigKeys (ConfUtils.java:logGet(43)) - raft.server.storage.dir = [/workdir/hadoop-ozone/integration-test/target/test-dir/MiniOzoneClusterImpl-dba45ac9-1770-4347-820b-e942d4b229ff/datanode-1/data/ratis] (custom)
2019-08-29 23:14:03,912 [pool-119-thread-1] INFO  server.RaftServerConfigKeys (ConfUtils.java:logGet(43)) - raft.server.rpc.timeout.min = 5s (custom)
2019-08-29 23:14:03,913 [pool-119-thread-1] INFO  server.RaftServerConfigKeys (ConfUtils.java:logGet(43)) - raft.server.rpc.timeout.max = 5200ms (custom)
2019-08-29 23:14:03,913 [pool-129-thread-1] INFO  storage.RaftStorageDirectory (RaftStorageDirectory.java:analyzeStorage(246)) - The storage directory /workdir/hadoop-ozone/integration-test/target/test-dir/MiniOzoneClusterImpl-dba45ac9-1770-4347-820b-e942d4b229ff/datanode-1/data/ratis/c0fbf511-ef20-4ac1-b244-5360576734d0 does not exist. Creating ...
2019-08-29 23:14:03,913 [pool-119-thread-1] INFO  server.RaftServerConfigKeys (ConfUtils.java:logGet(43)) - raft.server.rpcslowness.timeout = 120s (custom)
2019-08-29 23:14:03,913 [pool-119-thread-1] INFO  server.RaftServerConfigKeys (ConfUtils.java:logGet(43)) - raft.server.sleep.deviation.threshold = 300 (default)
2019-08-29 23:14:03,913 [pool-119-thread-1] INFO  server.RaftServerConfigKeys (ConfUtils.java:logGet(43)) - raft.server.log.appender.install.snapshot.enabled = false (custom)
2019-08-29 23:14:03,914 [pool-119-thread-1] INFO  impl.RaftServerImpl (ServerState.java:<init>(105)) - 6fc9f5bf-9d19-4424-b095-dbd8051c5d1f:group-5360576734D0 ConfigurationManager, init=-1: [6fc9f5bf-9d19-4424-b095-dbd8051c5d1f:192.168.5.176:36413, 7b8ea038-0abd-40f8-b5e6-235888bbf81b:192.168.5.176:39186, fdf38f52-984e-464b-b063-6b40bc579090:192.168.5.176:35543], old=null, confs=<EMPTY_MAP>
2019-08-29 23:14:03,914 [pool-119-thread-1] INFO  server.RaftServerConfigKeys (ConfUtils.java:logGet(43)) - raft.server.storage.dir = [/workdir/hadoop-ozone/integration-test/target/test-dir/MiniOzoneClusterImpl-dba45ac9-1770-4347-820b-e942d4b229ff/datanode-0/data/ratis] (custom)
2019-08-29 23:14:03,914 [pool-119-thread-1] INFO  storage.RaftStorageDirectory (RaftStorageDirectory.java:analyzeStorage(246)) - The storage directory /workdir/hadoop-ozone/integration-test/target/test-dir/MiniOzoneClusterImpl-dba45ac9-1770-4347-820b-e942d4b229ff/datanode-0/data/ratis/c0fbf511-ef20-4ac1-b244-5360576734d0 does not exist. Creating ...
2019-08-29 23:14:03,925 [pool-139-thread-1] INFO  storage.RaftStorageDirectory (RaftStorageDirectory.java:tryLock(328)) - Lock on /workdir/hadoop-ozone/integration-test/target/test-dir/MiniOzoneClusterImpl-dba45ac9-1770-4347-820b-e942d4b229ff/datanode-2/data/ratis/c0fbf511-ef20-4ac1-b244-5360576734d0/in_use.lock acquired by nodename 17673@pr-hdds-1783-trunk-hq4zp-549785682
2019-08-29 23:14:03,925 [pool-129-thread-1] INFO  storage.RaftStorageDirectory (RaftStorageDirectory.java:tryLock(328)) - Lock on /workdir/hadoop-ozone/integration-test/target/test-dir/MiniOzoneClusterImpl-dba45ac9-1770-4347-820b-e942d4b229ff/datanode-1/data/ratis/c0fbf511-ef20-4ac1-b244-5360576734d0/in_use.lock acquired by nodename 17673@pr-hdds-1783-trunk-hq4zp-549785682
2019-08-29 23:14:03,925 [pool-119-thread-1] INFO  storage.RaftStorageDirectory (RaftStorageDirectory.java:tryLock(328)) - Lock on /workdir/hadoop-ozone/integration-test/target/test-dir/MiniOzoneClusterImpl-dba45ac9-1770-4347-820b-e942d4b229ff/datanode-0/data/ratis/c0fbf511-ef20-4ac1-b244-5360576734d0/in_use.lock acquired by nodename 17673@pr-hdds-1783-trunk-hq4zp-549785682
2019-08-29 23:14:03,938 [pool-119-thread-1] INFO  storage.RaftStorage (RaftStorage.java:format(72)) - Storage directory /workdir/hadoop-ozone/integration-test/target/test-dir/MiniOzoneClusterImpl-dba45ac9-1770-4347-820b-e942d4b229ff/datanode-0/data/ratis/c0fbf511-ef20-4ac1-b244-5360576734d0 has been successfully formatted.
2019-08-29 23:14:03,938 [pool-139-thread-1] INFO  storage.RaftStorage (RaftStorage.java:format(72)) - Storage directory /workdir/hadoop-ozone/integration-test/target/test-dir/MiniOzoneClusterImpl-dba45ac9-1770-4347-820b-e942d4b229ff/datanode-2/data/ratis/c0fbf511-ef20-4ac1-b244-5360576734d0 has been successfully formatted.
2019-08-29 23:14:03,938 [pool-129-thread-1] INFO  storage.RaftStorage (RaftStorage.java:format(72)) - Storage directory /workdir/hadoop-ozone/integration-test/target/test-dir/MiniOzoneClusterImpl-dba45ac9-1770-4347-820b-e942d4b229ff/datanode-1/data/ratis/c0fbf511-ef20-4ac1-b244-5360576734d0 has been successfully formatted.
2019-08-29 23:14:03,939 [pool-139-thread-1] INFO  ratis.ContainerStateMachine (ContainerStateMachine.java:loadSnapshot(227)) - group-5360576734D0: The snapshot info is null. Setting the last applied indexto:(t:0, i:~)
2019-08-29 23:14:03,939 [pool-119-thread-1] INFO  ratis.ContainerStateMachine (ContainerStateMachine.java:loadSnapshot(227)) - group-5360576734D0: The snapshot info is null. Setting the last applied indexto:(t:0, i:~)
2019-08-29 23:14:03,939 [pool-129-thread-1] INFO  ratis.ContainerStateMachine (ContainerStateMachine.java:loadSnapshot(227)) - group-5360576734D0: The snapshot info is null. Setting the last applied indexto:(t:0, i:~)
2019-08-29 23:14:03,939 [pool-139-thread-1] INFO  server.RaftServerConfigKeys (ConfUtils.java:logGet(43)) - raft.server.leader.election.timeout = 120s (custom)
2019-08-29 23:14:03,939 [pool-129-thread-1] INFO  server.RaftServerConfigKeys (ConfUtils.java:logGet(43)) - raft.server.leader.election.timeout = 120s (custom)
2019-08-29 23:14:03,939 [pool-119-thread-1] INFO  server.RaftServerConfigKeys (ConfUtils.java:logGet(43)) - raft.server.leader.election.timeout = 120s (custom)
2019-08-29 23:14:03,940 [pool-129-thread-1] INFO  server.RaftServerConfigKeys (ConfUtils.java:logGet(43)) - raft.server.log.use.memory = false (default)
2019-08-29 23:14:03,939 [pool-139-thread-1] INFO  server.RaftServerConfigKeys (ConfUtils.java:logGet(43)) - raft.server.log.use.memory = false (default)
2019-08-29 23:14:03,940 [pool-129-thread-1] INFO  server.RaftServerConfigKeys (ConfUtils.java:logGet(43)) - raft.server.log.purge.gap = 1000000 (custom)
2019-08-29 23:14:03,940 [pool-119-thread-1] INFO  server.RaftServerConfigKeys (ConfUtils.java:logGet(43)) - raft.server.log.use.memory = false (default)
2019-08-29 23:14:03,940 [pool-129-thread-1] INFO  server.RaftServerConfigKeys (ConfUtils.java:logGet(43)) - raft.server.log.appender.buffer.byte-limit = 33554432 (custom)
2019-08-29 23:14:03,940 [pool-139-thread-1] INFO  server.RaftServerConfigKeys (ConfUtils.java:logGet(43)) - raft.server.log.purge.gap = 1000000 (custom)
2019-08-29 23:14:03,940 [pool-129-thread-1] INFO  server.RaftServerConfigKeys (ConfUtils.java:logGet(43)) - raft.server.log.segment.size.max = 1048576 (custom)
2019-08-29 23:14:03,940 [pool-119-thread-1] INFO  server.RaftServerConfigKeys (ConfUtils.java:logGet(43)) - raft.server.log.purge.gap = 1000000 (custom)
2019-08-29 23:14:03,940 [pool-129-thread-1] INFO  server.RaftServerConfigKeys (ConfUtils.java:logGet(43)) - raft.server.log.segment.cache.num.max = 2 (custom)
2019-08-29 23:14:03,940 [pool-139-thread-1] INFO  server.RaftServerConfigKeys (ConfUtils.java:logGet(43)) - raft.server.log.appender.buffer.byte-limit = 33554432 (custom)
2019-08-29 23:14:03,941 [pool-129-thread-1] INFO  segmented.SegmentedRaftLogWorker (SegmentedRaftLogWorker.java:<init>(172)) - new 7b8ea038-0abd-40f8-b5e6-235888bbf81b-SegmentedRaftLogWorker:Storage Directory /workdir/hadoop-ozone/integration-test/target/test-dir/MiniOzoneClusterImpl-dba45ac9-1770-4347-820b-e942d4b229ff/datanode-1/data/ratis/c0fbf511-ef20-4ac1-b244-5360576734d0 for RaftStorage:Storage Directory /workdir/hadoop-ozone/integration-test/target/test-dir/MiniOzoneClusterImpl-dba45ac9-1770-4347-820b-e942d4b229ff/datanode-1/data/ratis/c0fbf511-ef20-4ac1-b244-5360576734d0
2019-08-29 23:14:03,941 [pool-119-thread-1] INFO  server.RaftServerConfigKeys (ConfUtils.java:logGet(43)) - raft.server.log.appender.buffer.byte-limit = 33554432 (custom)
2019-08-29 23:14:03,941 [pool-129-thread-1] INFO  server.RaftServerConfigKeys (ConfUtils.java:logGet(43)) - raft.server.log.queue.byte-limit = 2147483647 (custom)
2019-08-29 23:14:03,941 [pool-139-thread-1] INFO  server.RaftServerConfigKeys (ConfUtils.java:logGet(43)) - raft.server.log.segment.size.max = 1048576 (custom)
2019-08-29 23:14:03,941 [pool-129-thread-1] INFO  server.RaftServerConfigKeys (ConfUtils.java:logGet(43)) - raft.server.log.queue.element-limit = 1024 (custom)
2019-08-29 23:14:03,941 [pool-119-thread-1] INFO  server.RaftServerConfigKeys (ConfUtils.java:logGet(43)) - raft.server.log.segment.size.max = 1048576 (custom)
2019-08-29 23:14:03,941 [pool-129-thread-1] INFO  server.RaftServerConfigKeys (ConfUtils.java:logGet(43)) - raft.server.log.segment.size.max = 1048576 (custom)
2019-08-29 23:14:03,941 [pool-139-thread-1] INFO  server.RaftServerConfigKeys (ConfUtils.java:logGet(43)) - raft.server.log.segment.cache.num.max = 2 (custom)
2019-08-29 23:14:03,942 [pool-129-thread-1] INFO  server.RaftServerConfigKeys (ConfUtils.java:logGet(43)) - raft.server.log.preallocated.size = 16384 (custom)
2019-08-29 23:14:03,942 [pool-119-thread-1] INFO  server.RaftServerConfigKeys (ConfUtils.java:logGet(43)) - raft.server.log.segment.cache.num.max = 2 (custom)
2019-08-29 23:14:03,942 [pool-129-thread-1] INFO  server.RaftServerConfigKeys (ConfUtils.java:logGet(43)) - raft.server.log.write.buffer.size = 33554432 (custom)
2019-08-29 23:14:03,942 [pool-139-thread-1] INFO  segmented.SegmentedRaftLogWorker (SegmentedRaftLogWorker.java:<init>(172)) - new fdf38f52-984e-464b-b063-6b40bc579090-SegmentedRaftLogWorker:Storage Directory /workdir/hadoop-ozone/integration-test/target/test-dir/MiniOzoneClusterImpl-dba45ac9-1770-4347-820b-e942d4b229ff/datanode-2/data/ratis/c0fbf511-ef20-4ac1-b244-5360576734d0 for RaftStorage:Storage Directory /workdir/hadoop-ozone/integration-test/target/test-dir/MiniOzoneClusterImpl-dba45ac9-1770-4347-820b-e942d4b229ff/datanode-2/data/ratis/c0fbf511-ef20-4ac1-b244-5360576734d0
2019-08-29 23:14:03,942 [pool-129-thread-1] INFO  server.RaftServerConfigKeys (ConfUtils.java:logGet(43)) - raft.server.log.force.sync.num = 128 (default)
2019-08-29 23:14:03,942 [pool-119-thread-1] INFO  segmented.SegmentedRaftLogWorker (SegmentedRaftLogWorker.java:<init>(172)) - new 6fc9f5bf-9d19-4424-b095-dbd8051c5d1f-SegmentedRaftLogWorker:Storage Directory /workdir/hadoop-ozone/integration-test/target/test-dir/MiniOzoneClusterImpl-dba45ac9-1770-4347-820b-e942d4b229ff/datanode-0/data/ratis/c0fbf511-ef20-4ac1-b244-5360576734d0 for RaftStorage:Storage Directory /workdir/hadoop-ozone/integration-test/target/test-dir/MiniOzoneClusterImpl-dba45ac9-1770-4347-820b-e942d4b229ff/datanode-0/data/ratis/c0fbf511-ef20-4ac1-b244-5360576734d0
2019-08-29 23:14:03,942 [pool-129-thread-1] INFO  server.RaftServerConfigKeys (ConfUtils.java:logGet(43)) - raft.server.log.statemachine.data.sync = true (default)
2019-08-29 23:14:03,942 [pool-139-thread-1] INFO  server.RaftServerConfigKeys (ConfUtils.java:logGet(43)) - raft.server.log.queue.byte-limit = 2147483647 (custom)
2019-08-29 23:14:03,943 [pool-129-thread-1] INFO  server.RaftServerConfigKeys (ConfUtils.java:logGet(43)) - raft.server.log.statemachine.data.sync.timeout = 10s (default)
2019-08-29 23:14:03,943 [pool-119-thread-1] INFO  server.RaftServerConfigKeys (ConfUtils.java:logGet(43)) - raft.server.log.queue.byte-limit = 2147483647 (custom)
2019-08-29 23:14:03,943 [pool-129-thread-1] INFO  server.RaftServerConfigKeys (ConfUtils.java:logGet(43)) - raft.server.log.statemachine.data.sync.timeout.retry = -1 (default)
2019-08-29 23:14:03,943 [pool-139-thread-1] INFO  server.RaftServerConfigKeys (ConfUtils.java:logGet(43)) - raft.server.log.queue.element-limit = 1024 (custom)
2019-08-29 23:14:03,943 [pool-129-thread-1] INFO  server.RaftServerConfigKeys (ConfUtils.java:logGet(43)) - raft.server.log.statemachine.data.caching.enabled = true (custom)
2019-08-29 23:14:03,943 [pool-119-thread-1] INFO  server.RaftServerConfigKeys (ConfUtils.java:logGet(43)) - raft.server.log.queue.element-limit = 1024 (custom)
2019-08-29 23:14:03,943 [pool-139-thread-1] INFO  server.RaftServerConfigKeys (ConfUtils.java:logGet(43)) - raft.server.log.segment.size.max = 1048576 (custom)
2019-08-29 23:14:03,944 [pool-119-thread-1] INFO  server.RaftServerConfigKeys (ConfUtils.java:logGet(43)) - raft.server.log.segment.size.max = 1048576 (custom)
2019-08-29 23:14:03,944 [pool-129-thread-1] INFO  segmented.SegmentedRaftLogWorker (SegmentedRaftLogWorker.java:lambda$new$0(132)) - 7b8ea038-0abd-40f8-b5e6-235888bbf81b-SegmentedRaftLogWorker:Storage Directory /workdir/hadoop-ozone/integration-test/target/test-dir/MiniOzoneClusterImpl-dba45ac9-1770-4347-820b-e942d4b229ff/datanode-1/data/ratis/c0fbf511-ef20-4ac1-b244-5360576734d0: flushIndex: setUnconditionally 0 -> -1
2019-08-29 23:14:03,944 [pool-139-thread-1] INFO  server.RaftServerConfigKeys (ConfUtils.java:logGet(43)) - raft.server.log.preallocated.size = 16384 (custom)
2019-08-29 23:14:03,944 [pool-119-thread-1] INFO  server.RaftServerConfigKeys (ConfUtils.java:logGet(43)) - raft.server.log.preallocated.size = 16384 (custom)
2019-08-29 23:14:03,947 [pool-129-thread-1] INFO  server.RaftServerConfigKeys (ConfUtils.java:logGet(43)) - raft.server.snapshot.auto.trigger.enabled = true (custom)
2019-08-29 23:14:03,947 [pool-139-thread-1] INFO  server.RaftServerConfigKeys (ConfUtils.java:logGet(43)) - raft.server.log.write.buffer.size = 33554432 (custom)
2019-08-29 23:14:03,948 [pool-119-thread-1] INFO  server.RaftServerConfigKeys (ConfUtils.java:logGet(43)) - raft.server.log.write.buffer.size = 33554432 (custom)
2019-08-29 23:14:03,948 [pool-129-thread-1] INFO  server.RaftServerConfigKeys (ConfUtils.java:logGet(43)) - raft.server.snapshot.auto.trigger.threshold = 10000 (custom)
2019-08-29 23:14:03,948 [pool-119-thread-1] INFO  server.RaftServerConfigKeys (ConfUtils.java:logGet(43)) - raft.server.log.force.sync.num = 128 (default)
2019-08-29 23:14:03,948 [pool-139-thread-1] INFO  server.RaftServerConfigKeys (ConfUtils.java:logGet(43)) - raft.server.log.force.sync.num = 128 (default)
2019-08-29 23:14:03,948 [pool-119-thread-1] INFO  server.RaftServerConfigKeys (ConfUtils.java:logGet(43)) - raft.server.log.statemachine.data.sync = true (default)
2019-08-29 23:14:03,949 [pool-129-thread-1] INFO  server.RaftServerConfigKeys (ConfUtils.java:logGet(43)) - raft.server.retrycache.expirytime = 600000ms (custom)
2019-08-29 23:14:03,949 [pool-139-thread-1] INFO  server.RaftServerConfigKeys (ConfUtils.java:logGet(43)) - raft.server.log.statemachine.data.sync = true (default)
2019-08-29 23:14:03,949 [pool-119-thread-1] INFO  server.RaftServerConfigKeys (ConfUtils.java:logGet(43)) - raft.server.log.statemachine.data.sync.timeout = 10s (default)
2019-08-29 23:14:03,949 [pool-129-thread-1] INFO  impl.RaftServerImpl (RaftServerImpl.java:start(180)) - 7b8ea038-0abd-40f8-b5e6-235888bbf81b: start group-5360576734D0
2019-08-29 23:14:03,949 [pool-139-thread-1] INFO  server.RaftServerConfigKeys (ConfUtils.java:logGet(43)) - raft.server.log.statemachine.data.sync.timeout = 10s (default)
2019-08-29 23:14:03,950 [pool-129-thread-1] INFO  impl.RaftServerImpl (RaftServerImpl.java:setRole(171)) - 7b8ea038-0abd-40f8-b5e6-235888bbf81b:group-5360576734D0 changes role from null to FOLLOWER at term 0 for startAsFollower
2019-08-29 23:14:03,950 [pool-119-thread-1] INFO  server.RaftServerConfigKeys (ConfUtils.java:logGet(43)) - raft.server.log.statemachine.data.sync.timeout.retry = -1 (default)
2019-08-29 23:14:03,950 [pool-129-thread-1] INFO  impl.RoleInfo (RoleInfo.java:updateAndGet(143)) - 7b8ea038-0abd-40f8-b5e6-235888bbf81b: start FollowerState
2019-08-29 23:14:03,950 [pool-139-thread-1] INFO  server.RaftServerConfigKeys (ConfUtils.java:logGet(43)) - raft.server.log.statemachine.data.sync.timeout.retry = -1 (default)
2019-08-29 23:14:03,950 [pool-119-thread-1] INFO  server.RaftServerConfigKeys (ConfUtils.java:logGet(43)) - raft.server.log.statemachine.data.caching.enabled = true (custom)
2019-08-29 23:14:03,951 [pool-139-thread-1] INFO  server.RaftServerConfigKeys (ConfUtils.java:logGet(43)) - raft.server.log.statemachine.data.caching.enabled = true (custom)
2019-08-29 23:14:03,974 [pool-129-thread-1] INFO  util.JmxRegister (JmxRegister.java:tryRegister(44)) - Successfully registered JMX Bean with object name Ratis:service=RaftServer,group=group-5360576734D0,id=7b8ea038-0abd-40f8-b5e6-235888bbf81b
2019-08-29 23:14:03,974 [pool-119-thread-1] INFO  segmented.SegmentedRaftLogWorker (SegmentedRaftLogWorker.java:lambda$new$0(132)) - 6fc9f5bf-9d19-4424-b095-dbd8051c5d1f-SegmentedRaftLogWorker:Storage Directory /workdir/hadoop-ozone/integration-test/target/test-dir/MiniOzoneClusterImpl-dba45ac9-1770-4347-820b-e942d4b229ff/datanode-0/data/ratis/c0fbf511-ef20-4ac1-b244-5360576734d0: flushIndex: setUnconditionally 0 -> -1
2019-08-29 23:14:03,974 [pool-139-thread-1] INFO  segmented.SegmentedRaftLogWorker (SegmentedRaftLogWorker.java:lambda$new$0(132)) - fdf38f52-984e-464b-b063-6b40bc579090-SegmentedRaftLogWorker:Storage Directory /workdir/hadoop-ozone/integration-test/target/test-dir/MiniOzoneClusterImpl-dba45ac9-1770-4347-820b-e942d4b229ff/datanode-2/data/ratis/c0fbf511-ef20-4ac1-b244-5360576734d0: flushIndex: setUnconditionally 0 -> -1
2019-08-29 23:14:03,981 [pool-139-thread-1] INFO  server.RaftServerConfigKeys (ConfUtils.java:logGet(43)) - raft.server.snapshot.auto.trigger.enabled = true (custom)
2019-08-29 23:14:03,981 [pool-119-thread-1] INFO  server.RaftServerConfigKeys (ConfUtils.java:logGet(43)) - raft.server.snapshot.auto.trigger.enabled = true (custom)
2019-08-29 23:14:03,981 [pool-139-thread-1] INFO  server.RaftServerConfigKeys (ConfUtils.java:logGet(43)) - raft.server.snapshot.auto.trigger.threshold = 10000 (custom)
2019-08-29 23:14:03,981 [pool-119-thread-1] INFO  server.RaftServerConfigKeys (ConfUtils.java:logGet(43)) - raft.server.snapshot.auto.trigger.threshold = 10000 (custom)
2019-08-29 23:14:03,982 [pool-139-thread-1] INFO  server.RaftServerConfigKeys (ConfUtils.java:logGet(43)) - raft.server.retrycache.expirytime = 600000ms (custom)
2019-08-29 23:14:03,982 [pool-119-thread-1] INFO  server.RaftServerConfigKeys (ConfUtils.java:logGet(43)) - raft.server.retrycache.expirytime = 600000ms (custom)
2019-08-29 23:14:03,982 [pool-139-thread-1] INFO  impl.RaftServerImpl (RaftServerImpl.java:start(180)) - fdf38f52-984e-464b-b063-6b40bc579090: start group-5360576734D0
2019-08-29 23:14:03,982 [pool-119-thread-1] INFO  impl.RaftServerImpl (RaftServerImpl.java:start(180)) - 6fc9f5bf-9d19-4424-b095-dbd8051c5d1f: start group-5360576734D0
2019-08-29 23:14:03,982 [pool-139-thread-1] INFO  impl.RaftServerImpl (RaftServerImpl.java:setRole(171)) - fdf38f52-984e-464b-b063-6b40bc579090:group-5360576734D0 changes role from null to FOLLOWER at term 0 for startAsFollower
2019-08-29 23:14:03,982 [pool-119-thread-1] INFO  impl.RaftServerImpl (RaftServerImpl.java:setRole(171)) - 6fc9f5bf-9d19-4424-b095-dbd8051c5d1f:group-5360576734D0 changes role from null to FOLLOWER at term 0 for startAsFollower
2019-08-29 23:14:03,982 [IPC Server handler 6 on 38366] INFO  net.NetworkTopology (NetworkTopologyImpl.java:add(110)) - Added a new node: /default-rack/c28b6833-03f3-43d7-88dd-1eb93de0674c
2019-08-29 23:14:03,982 [pool-139-thread-1] INFO  impl.RoleInfo (RoleInfo.java:updateAndGet(143)) - fdf38f52-984e-464b-b063-6b40bc579090: start FollowerState
2019-08-29 23:14:03,983 [IPC Server handler 6 on 38366] INFO  node.SCMNodeManager (SCMNodeManager.java:register(273)) - Registered Data node : c28b6833-03f3-43d7-88dd-1eb93de0674c{ip: 192.168.5.176, host: pr-hdds-1783-trunk-hq4zp-549785682, networkLocation: /default-rack, certSerialId: null}
2019-08-29 23:14:03,983 [pool-119-thread-1] INFO  impl.RoleInfo (RoleInfo.java:updateAndGet(143)) - 6fc9f5bf-9d19-4424-b095-dbd8051c5d1f: start FollowerState
2019-08-29 23:14:03,984 [pool-139-thread-1] INFO  util.JmxRegister (JmxRegister.java:tryRegister(44)) - Successfully registered JMX Bean with object name Ratis:service=RaftServer,group=group-5360576734D0,id=fdf38f52-984e-464b-b063-6b40bc579090
2019-08-29 23:14:03,984 | INFO  | SCMAudit | user=jenkins1000 | ip=192.168.5.176 | op=REGISTER {datanodeDetails=c28b6833-03f3-43d7-88dd-1eb93de0674c{ip: 192.168.5.176, host: pr-hdds-1783-trunk-hq4zp-549785682, networkLocation: /default-rack, certSerialId: null}} | ret=SUCCESS |  
2019-08-29 23:14:03,984 [pool-119-thread-1] INFO  util.JmxRegister (JmxRegister.java:tryRegister(44)) - Successfully registered JMX Bean with object name Ratis:service=RaftServer,group=group-5360576734D0,id=6fc9f5bf-9d19-4424-b095-dbd8051c5d1f
2019-08-29 23:14:03,987 [RatisPipelineUtilsThread] INFO  pipeline.PipelineStateManager (PipelineStateManager.java:addPipeline(56)) - Created pipeline Pipeline[ Id: c0fbf511-ef20-4ac1-b244-5360576734d0, Nodes: fdf38f52-984e-464b-b063-6b40bc579090{ip: 192.168.5.176, host: pr-hdds-1783-trunk-hq4zp-549785682, networkLocation: /default-rack, certSerialId: null}6fc9f5bf-9d19-4424-b095-dbd8051c5d1f{ip: 192.168.5.176, host: pr-hdds-1783-trunk-hq4zp-549785682, networkLocation: /default-rack, certSerialId: null}7b8ea038-0abd-40f8-b5e6-235888bbf81b{ip: 192.168.5.176, host: pr-hdds-1783-trunk-hq4zp-549785682, networkLocation: /default-rack, certSerialId: null}, Type:RATIS, Factor:THREE, State:OPEN]
2019-08-29 23:14:04,035 [IPC Server handler 10 on 38366] INFO  net.NetworkTopology (NetworkTopologyImpl.java:add(110)) - Added a new node: /default-rack/c2791d19-603b-4976-b3e9-7899a47ab15b
2019-08-29 23:14:04,035 [IPC Server handler 10 on 38366] INFO  node.SCMNodeManager (SCMNodeManager.java:register(273)) - Registered Data node : c2791d19-603b-4976-b3e9-7899a47ab15b{ip: 192.168.5.176, host: pr-hdds-1783-trunk-hq4zp-549785682, networkLocation: /default-rack, certSerialId: null}
2019-08-29 23:14:04,039 | INFO  | SCMAudit | user=jenkins1000 | ip=192.168.5.176 | op=REGISTER {datanodeDetails=c2791d19-603b-4976-b3e9-7899a47ab15b{ip: 192.168.5.176, host: pr-hdds-1783-trunk-hq4zp-549785682, networkLocation: /default-rack, certSerialId: null}} | ret=SUCCESS |  
2019-08-29 23:14:04,049 [grpc-default-executor-0] INFO  impl.RaftServerProxy (RaftServerProxy.java:addNew(89)) - c28b6833-03f3-43d7-88dd-1eb93de0674c: addNew group-659895E5233C:[c28b6833-03f3-43d7-88dd-1eb93de0674c:192.168.5.176:36768] returns group-659895E5233C:java.util.concurrent.CompletableFuture@5228a986[Not completed]
2019-08-29 23:14:04,051 [pool-159-thread-1] INFO  impl.RaftServerImpl (RaftServerImpl.java:<init>(93)) - c28b6833-03f3-43d7-88dd-1eb93de0674c: new RaftServerImpl for group-659895E5233C:[c28b6833-03f3-43d7-88dd-1eb93de0674c:192.168.5.176:36768] with ContainerStateMachine:uninitialized
2019-08-29 23:14:04,052 [pool-159-thread-1] INFO  server.RaftServerConfigKeys (ConfUtils.java:logGet(43)) - raft.server.rpc.timeout.min = 5s (custom)
2019-08-29 23:14:04,052 [pool-159-thread-1] INFO  server.RaftServerConfigKeys (ConfUtils.java:logGet(43)) - raft.server.rpc.timeout.max = 5200ms (custom)
2019-08-29 23:14:04,052 [pool-159-thread-1] INFO  server.RaftServerConfigKeys (ConfUtils.java:logGet(43)) - raft.server.rpcslowness.timeout = 120s (custom)
2019-08-29 23:14:04,052 [pool-159-thread-1] INFO  server.RaftServerConfigKeys (ConfUtils.java:logGet(43)) - raft.server.sleep.deviation.threshold = 300 (default)
2019-08-29 23:14:04,052 [pool-159-thread-1] INFO  server.RaftServerConfigKeys (ConfUtils.java:logGet(43)) - raft.server.log.appender.install.snapshot.enabled = false (custom)
2019-08-29 23:14:04,052 [pool-159-thread-1] INFO  impl.RaftServerImpl (ServerState.java:<init>(105)) - c28b6833-03f3-43d7-88dd-1eb93de0674c:group-659895E5233C ConfigurationManager, init=-1: [c28b6833-03f3-43d7-88dd-1eb93de0674c:192.168.5.176:36768], old=null, confs=<EMPTY_MAP>
2019-08-29 23:14:04,053 [pool-159-thread-1] INFO  server.RaftServerConfigKeys (ConfUtils.java:logGet(43)) - raft.server.storage.dir = [/workdir/hadoop-ozone/integration-test/target/test-dir/MiniOzoneClusterImpl-dba45ac9-1770-4347-820b-e942d4b229ff/datanode-4/data/ratis] (custom)
2019-08-29 23:14:04,053 [pool-159-thread-1] INFO  storage.RaftStorageDirectory (RaftStorageDirectory.java:analyzeStorage(246)) - The storage directory /workdir/hadoop-ozone/integration-test/target/test-dir/MiniOzoneClusterImpl-dba45ac9-1770-4347-820b-e942d4b229ff/datanode-4/data/ratis/e7d305e7-a2ec-47c2-93d7-659895e5233c does not exist. Creating ...
2019-08-29 23:14:04,075 [pool-159-thread-1] INFO  storage.RaftStorageDirectory (RaftStorageDirectory.java:tryLock(328)) - Lock on /workdir/hadoop-ozone/integration-test/target/test-dir/MiniOzoneClusterImpl-dba45ac9-1770-4347-820b-e942d4b229ff/datanode-4/data/ratis/e7d305e7-a2ec-47c2-93d7-659895e5233c/in_use.lock acquired by nodename 17673@pr-hdds-1783-trunk-hq4zp-549785682
2019-08-29 23:14:04,088 [pool-159-thread-1] INFO  storage.RaftStorage (RaftStorage.java:format(72)) - Storage directory /workdir/hadoop-ozone/integration-test/target/test-dir/MiniOzoneClusterImpl-dba45ac9-1770-4347-820b-e942d4b229ff/datanode-4/data/ratis/e7d305e7-a2ec-47c2-93d7-659895e5233c has been successfully formatted.
2019-08-29 23:14:04,088 [pool-159-thread-1] INFO  ratis.ContainerStateMachine (ContainerStateMachine.java:loadSnapshot(227)) - group-659895E5233C: The snapshot info is null. Setting the last applied indexto:(t:0, i:~)
2019-08-29 23:14:04,088 [pool-159-thread-1] INFO  server.RaftServerConfigKeys (ConfUtils.java:logGet(43)) - raft.server.leader.election.timeout = 120s (custom)
2019-08-29 23:14:04,089 [pool-159-thread-1] INFO  server.RaftServerConfigKeys (ConfUtils.java:logGet(43)) - raft.server.log.use.memory = false (default)
2019-08-29 23:14:04,089 [pool-159-thread-1] INFO  server.RaftServerConfigKeys (ConfUtils.java:logGet(43)) - raft.server.log.purge.gap = 1000000 (custom)
2019-08-29 23:14:04,089 [pool-159-thread-1] INFO  server.RaftServerConfigKeys (ConfUtils.java:logGet(43)) - raft.server.log.appender.buffer.byte-limit = 33554432 (custom)
2019-08-29 23:14:04,089 [pool-159-thread-1] INFO  server.RaftServerConfigKeys (ConfUtils.java:logGet(43)) - raft.server.log.segment.size.max = 1048576 (custom)
2019-08-29 23:14:04,089 [pool-159-thread-1] INFO  server.RaftServerConfigKeys (ConfUtils.java:logGet(43)) - raft.server.log.segment.cache.num.max = 2 (custom)
2019-08-29 23:14:04,089 [pool-159-thread-1] INFO  segmented.SegmentedRaftLogWorker (SegmentedRaftLogWorker.java:<init>(172)) - new c28b6833-03f3-43d7-88dd-1eb93de0674c-SegmentedRaftLogWorker:Storage Directory /workdir/hadoop-ozone/integration-test/target/test-dir/MiniOzoneClusterImpl-dba45ac9-1770-4347-820b-e942d4b229ff/datanode-4/data/ratis/e7d305e7-a2ec-47c2-93d7-659895e5233c for RaftStorage:Storage Directory /workdir/hadoop-ozone/integration-test/target/test-dir/MiniOzoneClusterImpl-dba45ac9-1770-4347-820b-e942d4b229ff/datanode-4/data/ratis/e7d305e7-a2ec-47c2-93d7-659895e5233c
2019-08-29 23:14:04,090 [pool-159-thread-1] INFO  server.RaftServerConfigKeys (ConfUtils.java:logGet(43)) - raft.server.log.queue.byte-limit = 2147483647 (custom)
2019-08-29 23:14:04,090 [pool-159-thread-1] INFO  server.RaftServerConfigKeys (ConfUtils.java:logGet(43)) - raft.server.log.queue.element-limit = 1024 (custom)
2019-08-29 23:14:04,090 [pool-159-thread-1] INFO  server.RaftServerConfigKeys (ConfUtils.java:logGet(43)) - raft.server.log.segment.size.max = 1048576 (custom)
2019-08-29 23:14:04,090 [pool-159-thread-1] INFO  server.RaftServerConfigKeys (ConfUtils.java:logGet(43)) - raft.server.log.preallocated.size = 16384 (custom)
2019-08-29 23:14:04,090 [pool-159-thread-1] INFO  server.RaftServerConfigKeys (ConfUtils.java:logGet(43)) - raft.server.log.write.buffer.size = 33554432 (custom)
2019-08-29 23:14:04,091 [pool-159-thread-1] INFO  server.RaftServerConfigKeys (ConfUtils.java:logGet(43)) - raft.server.log.force.sync.num = 128 (default)
2019-08-29 23:14:04,091 [pool-159-thread-1] INFO  server.RaftServerConfigKeys (ConfUtils.java:logGet(43)) - raft.server.log.statemachine.data.sync = true (default)
2019-08-29 23:14:04,091 [pool-159-thread-1] INFO  server.RaftServerConfigKeys (ConfUtils.java:logGet(43)) - raft.server.log.statemachine.data.sync.timeout = 10s (default)
2019-08-29 23:14:04,091 [pool-159-thread-1] INFO  server.RaftServerConfigKeys (ConfUtils.java:logGet(43)) - raft.server.log.statemachine.data.sync.timeout.retry = -1 (default)
2019-08-29 23:14:04,091 [pool-159-thread-1] INFO  server.RaftServerConfigKeys (ConfUtils.java:logGet(43)) - raft.server.log.statemachine.data.caching.enabled = true (custom)
2019-08-29 23:14:04,092 [pool-159-thread-1] INFO  segmented.SegmentedRaftLogWorker (SegmentedRaftLogWorker.java:lambda$new$0(132)) - c28b6833-03f3-43d7-88dd-1eb93de0674c-SegmentedRaftLogWorker:Storage Directory /workdir/hadoop-ozone/integration-test/target/test-dir/MiniOzoneClusterImpl-dba45ac9-1770-4347-820b-e942d4b229ff/datanode-4/data/ratis/e7d305e7-a2ec-47c2-93d7-659895e5233c: flushIndex: setUnconditionally 0 -> -1
2019-08-29 23:14:04,092 [pool-159-thread-1] INFO  server.RaftServerConfigKeys (ConfUtils.java:logGet(43)) - raft.server.snapshot.auto.trigger.enabled = true (custom)
2019-08-29 23:14:04,092 [pool-159-thread-1] INFO  server.RaftServerConfigKeys (ConfUtils.java:logGet(43)) - raft.server.snapshot.auto.trigger.threshold = 10000 (custom)
2019-08-29 23:14:04,092 [pool-159-thread-1] INFO  server.RaftServerConfigKeys (ConfUtils.java:logGet(43)) - raft.server.retrycache.expirytime = 600000ms (custom)
2019-08-29 23:14:04,093 [pool-159-thread-1] INFO  impl.RaftServerImpl (RaftServerImpl.java:start(180)) - c28b6833-03f3-43d7-88dd-1eb93de0674c: start group-659895E5233C
2019-08-29 23:14:04,093 [pool-159-thread-1] INFO  impl.RaftServerImpl (RaftServerImpl.java:setRole(171)) - c28b6833-03f3-43d7-88dd-1eb93de0674c:group-659895E5233C changes role from null to FOLLOWER at term 0 for startAsFollower
2019-08-29 23:14:04,093 [pool-159-thread-1] INFO  impl.RoleInfo (RoleInfo.java:updateAndGet(143)) - c28b6833-03f3-43d7-88dd-1eb93de0674c: start FollowerState
2019-08-29 23:14:04,093 [pool-159-thread-1] INFO  util.JmxRegister (JmxRegister.java:tryRegister(44)) - Successfully registered JMX Bean with object name Ratis:service=RaftServer,group=group-659895E5233C,id=c28b6833-03f3-43d7-88dd-1eb93de0674c
2019-08-29 23:14:04,096 [RatisPipelineUtilsThread] INFO  pipeline.PipelineStateManager (PipelineStateManager.java:addPipeline(56)) - Created pipeline Pipeline[ Id: e7d305e7-a2ec-47c2-93d7-659895e5233c, Nodes: c28b6833-03f3-43d7-88dd-1eb93de0674c{ip: 192.168.5.176, host: pr-hdds-1783-trunk-hq4zp-549785682, networkLocation: /default-rack, certSerialId: null}, Type:RATIS, Factor:ONE, State:OPEN]
2019-08-29 23:14:04,097 [main] INFO  ozone.MiniOzoneClusterImpl (MiniOzoneClusterImpl.java:lambda$waitForClusterToBeReady$0(140)) - Waiting for cluster to be ready. Got 6 of 7 DN Heartbeats.
2019-08-29 23:14:04,098 [IPC Server handler 7 on 38366] INFO  net.NetworkTopology (NetworkTopologyImpl.java:add(110)) - Added a new node: /default-rack/91c146c8-9622-4fdf-af50-459baf835861
2019-08-29 23:14:04,098 [IPC Server handler 7 on 38366] INFO  node.SCMNodeManager (SCMNodeManager.java:register(273)) - Registered Data node : 91c146c8-9622-4fdf-af50-459baf835861{ip: 192.168.5.176, host: pr-hdds-1783-trunk-hq4zp-549785682, networkLocation: /default-rack, certSerialId: null}
2019-08-29 23:14:04,098 | INFO  | SCMAudit | user=jenkins1000 | ip=192.168.5.176 | op=REGISTER {datanodeDetails=91c146c8-9622-4fdf-af50-459baf835861{ip: 192.168.5.176, host: pr-hdds-1783-trunk-hq4zp-549785682, networkLocation: /default-rack, certSerialId: null}} | ret=SUCCESS |  
2019-08-29 23:14:04,104 [grpc-default-executor-0] INFO  impl.RaftServerProxy (RaftServerProxy.java:addNew(89)) - c2791d19-603b-4976-b3e9-7899a47ab15b: addNew group-9BE473F724E9:[c2791d19-603b-4976-b3e9-7899a47ab15b:192.168.5.176:38017] returns group-9BE473F724E9:java.util.concurrent.CompletableFuture@68bfd726[Not completed]
2019-08-29 23:14:04,106 [pool-169-thread-1] INFO  impl.RaftServerImpl (RaftServerImpl.java:<init>(93)) - c2791d19-603b-4976-b3e9-7899a47ab15b: new RaftServerImpl for group-9BE473F724E9:[c2791d19-603b-4976-b3e9-7899a47ab15b:192.168.5.176:38017] with ContainerStateMachine:uninitialized
2019-08-29 23:14:04,106 [pool-169-thread-1] INFO  server.RaftServerConfigKeys (ConfUtils.java:logGet(43)) - raft.server.rpc.timeout.min = 5s (custom)
2019-08-29 23:14:04,106 [pool-169-thread-1] INFO  server.RaftServerConfigKeys (ConfUtils.java:logGet(43)) - raft.server.rpc.timeout.max = 5200ms (custom)
2019-08-29 23:14:04,106 [pool-169-thread-1] INFO  server.RaftServerConfigKeys (ConfUtils.java:logGet(43)) - raft.server.rpcslowness.timeout = 120s (custom)
2019-08-29 23:14:04,107 [pool-169-thread-1] INFO  server.RaftServerConfigKeys (ConfUtils.java:logGet(43)) - raft.server.sleep.deviation.threshold = 300 (default)
2019-08-29 23:14:04,107 [pool-169-thread-1] INFO  server.RaftServerConfigKeys (ConfUtils.java:logGet(43)) - raft.server.log.appender.install.snapshot.enabled = false (custom)
2019-08-29 23:14:04,107 [pool-169-thread-1] INFO  impl.RaftServerImpl (ServerState.java:<init>(105)) - c2791d19-603b-4976-b3e9-7899a47ab15b:group-9BE473F724E9 ConfigurationManager, init=-1: [c2791d19-603b-4976-b3e9-7899a47ab15b:192.168.5.176:38017], old=null, confs=<EMPTY_MAP>
2019-08-29 23:14:04,107 [pool-169-thread-1] INFO  server.RaftServerConfigKeys (ConfUtils.java:logGet(43)) - raft.server.storage.dir = [/workdir/hadoop-ozone/integration-test/target/test-dir/MiniOzoneClusterImpl-dba45ac9-1770-4347-820b-e942d4b229ff/datanode-5/data/ratis] (custom)
2019-08-29 23:14:04,107 [pool-169-thread-1] INFO  storage.RaftStorageDirectory (RaftStorageDirectory.java:analyzeStorage(246)) - The storage directory /workdir/hadoop-ozone/integration-test/target/test-dir/MiniOzoneClusterImpl-dba45ac9-1770-4347-820b-e942d4b229ff/datanode-5/data/ratis/5ecbb9a1-a5af-4cd6-acb2-9be473f724e9 does not exist. Creating ...
2019-08-29 23:14:04,120 [pool-169-thread-1] INFO  storage.RaftStorageDirectory (RaftStorageDirectory.java:tryLock(328)) - Lock on /workdir/hadoop-ozone/integration-test/target/test-dir/MiniOzoneClusterImpl-dba45ac9-1770-4347-820b-e942d4b229ff/datanode-5/data/ratis/5ecbb9a1-a5af-4cd6-acb2-9be473f724e9/in_use.lock acquired by nodename 17673@pr-hdds-1783-trunk-hq4zp-549785682
2019-08-29 23:14:04,133 [pool-169-thread-1] INFO  storage.RaftStorage (RaftStorage.java:format(72)) - Storage directory /workdir/hadoop-ozone/integration-test/target/test-dir/MiniOzoneClusterImpl-dba45ac9-1770-4347-820b-e942d4b229ff/datanode-5/data/ratis/5ecbb9a1-a5af-4cd6-acb2-9be473f724e9 has been successfully formatted.
2019-08-29 23:14:04,133 [pool-169-thread-1] INFO  ratis.ContainerStateMachine (ContainerStateMachine.java:loadSnapshot(227)) - group-9BE473F724E9: The snapshot info is null. Setting the last applied indexto:(t:0, i:~)
2019-08-29 23:14:04,133 [pool-169-thread-1] INFO  server.RaftServerConfigKeys (ConfUtils.java:logGet(43)) - raft.server.leader.election.timeout = 120s (custom)
2019-08-29 23:14:04,134 [pool-169-thread-1] INFO  server.RaftServerConfigKeys (ConfUtils.java:logGet(43)) - raft.server.log.use.memory = false (default)
2019-08-29 23:14:04,134 [pool-169-thread-1] INFO  server.RaftServerConfigKeys (ConfUtils.java:logGet(43)) - raft.server.log.purge.gap = 1000000 (custom)
2019-08-29 23:14:04,134 [pool-169-thread-1] INFO  server.RaftServerConfigKeys (ConfUtils.java:logGet(43)) - raft.server.log.appender.buffer.byte-limit = 33554432 (custom)
2019-08-29 23:14:04,134 [pool-169-thread-1] INFO  server.RaftServerConfigKeys (ConfUtils.java:logGet(43)) - raft.server.log.segment.size.max = 1048576 (custom)
2019-08-29 23:14:04,134 [pool-169-thread-1] INFO  server.RaftServerConfigKeys (ConfUtils.java:logGet(43)) - raft.server.log.segment.cache.num.max = 2 (custom)
2019-08-29 23:14:04,134 [pool-169-thread-1] INFO  segmented.SegmentedRaftLogWorker (SegmentedRaftLogWorker.java:<init>(172)) - new c2791d19-603b-4976-b3e9-7899a47ab15b-SegmentedRaftLogWorker:Storage Directory /workdir/hadoop-ozone/integration-test/target/test-dir/MiniOzoneClusterImpl-dba45ac9-1770-4347-820b-e942d4b229ff/datanode-5/data/ratis/5ecbb9a1-a5af-4cd6-acb2-9be473f724e9 for RaftStorage:Storage Directory /workdir/hadoop-ozone/integration-test/target/test-dir/MiniOzoneClusterImpl-dba45ac9-1770-4347-820b-e942d4b229ff/datanode-5/data/ratis/5ecbb9a1-a5af-4cd6-acb2-9be473f724e9
2019-08-29 23:14:04,134 [pool-169-thread-1] INFO  server.RaftServerConfigKeys (ConfUtils.java:logGet(43)) - raft.server.log.queue.byte-limit = 2147483647 (custom)
2019-08-29 23:14:04,135 [pool-169-thread-1] INFO  server.RaftServerConfigKeys (ConfUtils.java:logGet(43)) - raft.server.log.queue.element-limit = 1024 (custom)
2019-08-29 23:14:04,135 [pool-169-thread-1] INFO  server.RaftServerConfigKeys (ConfUtils.java:logGet(43)) - raft.server.log.segment.size.max = 1048576 (custom)
2019-08-29 23:14:04,135 [pool-169-thread-1] INFO  server.RaftServerConfigKeys (ConfUtils.java:logGet(43)) - raft.server.log.preallocated.size = 16384 (custom)
2019-08-29 23:14:04,135 [pool-169-thread-1] INFO  server.RaftServerConfigKeys (ConfUtils.java:logGet(43)) - raft.server.log.write.buffer.size = 33554432 (custom)
2019-08-29 23:14:04,135 [pool-169-thread-1] INFO  server.RaftServerConfigKeys (ConfUtils.java:logGet(43)) - raft.server.log.force.sync.num = 128 (default)
2019-08-29 23:14:04,135 [pool-169-thread-1] INFO  server.RaftServerConfigKeys (ConfUtils.java:logGet(43)) - raft.server.log.statemachine.data.sync = true (default)
2019-08-29 23:14:04,136 [pool-169-thread-1] INFO  server.RaftServerConfigKeys (ConfUtils.java:logGet(43)) - raft.server.log.statemachine.data.sync.timeout = 10s (default)
2019-08-29 23:14:04,136 [pool-169-thread-1] INFO  server.RaftServerConfigKeys (ConfUtils.java:logGet(43)) - raft.server.log.statemachine.data.sync.timeout.retry = -1 (default)
2019-08-29 23:14:04,136 [pool-169-thread-1] INFO  server.RaftServerConfigKeys (ConfUtils.java:logGet(43)) - raft.server.log.statemachine.data.caching.enabled = true (custom)
2019-08-29 23:14:04,136 [pool-169-thread-1] INFO  segmented.SegmentedRaftLogWorker (SegmentedRaftLogWorker.java:lambda$new$0(132)) - c2791d19-603b-4976-b3e9-7899a47ab15b-SegmentedRaftLogWorker:Storage Directory /workdir/hadoop-ozone/integration-test/target/test-dir/MiniOzoneClusterImpl-dba45ac9-1770-4347-820b-e942d4b229ff/datanode-5/data/ratis/5ecbb9a1-a5af-4cd6-acb2-9be473f724e9: flushIndex: setUnconditionally 0 -> -1
2019-08-29 23:14:04,137 [pool-169-thread-1] INFO  server.RaftServerConfigKeys (ConfUtils.java:logGet(43)) - raft.server.snapshot.auto.trigger.enabled = true (custom)
2019-08-29 23:14:04,137 [pool-169-thread-1] INFO  server.RaftServerConfigKeys (ConfUtils.java:logGet(43)) - raft.server.snapshot.auto.trigger.threshold = 10000 (custom)
2019-08-29 23:14:04,137 [pool-169-thread-1] INFO  server.RaftServerConfigKeys (ConfUtils.java:logGet(43)) - raft.server.retrycache.expirytime = 600000ms (custom)
2019-08-29 23:14:04,137 [pool-169-thread-1] INFO  impl.RaftServerImpl (RaftServerImpl.java:start(180)) - c2791d19-603b-4976-b3e9-7899a47ab15b: start group-9BE473F724E9
2019-08-29 23:14:04,137 [pool-169-thread-1] INFO  impl.RaftServerImpl (RaftServerImpl.java:setRole(171)) - c2791d19-603b-4976-b3e9-7899a47ab15b:group-9BE473F724E9 changes role from null to FOLLOWER at term 0 for startAsFollower
2019-08-29 23:14:04,138 [pool-169-thread-1] INFO  impl.RoleInfo (RoleInfo.java:updateAndGet(143)) - c2791d19-603b-4976-b3e9-7899a47ab15b: start FollowerState
2019-08-29 23:14:04,138 [pool-169-thread-1] INFO  util.JmxRegister (JmxRegister.java:tryRegister(44)) - Successfully registered JMX Bean with object name Ratis:service=RaftServer,group=group-9BE473F724E9,id=c2791d19-603b-4976-b3e9-7899a47ab15b
2019-08-29 23:14:04,140 [RatisPipelineUtilsThread] INFO  pipeline.PipelineStateManager (PipelineStateManager.java:addPipeline(56)) - Created pipeline Pipeline[ Id: 5ecbb9a1-a5af-4cd6-acb2-9be473f724e9, Nodes: c2791d19-603b-4976-b3e9-7899a47ab15b{ip: 192.168.5.176, host: pr-hdds-1783-trunk-hq4zp-549785682, networkLocation: /default-rack, certSerialId: null}, Type:RATIS, Factor:ONE, State:OPEN]
2019-08-29 23:14:04,148 [grpc-default-executor-0] INFO  impl.RaftServerProxy (RaftServerProxy.java:addNew(89)) - 91c146c8-9622-4fdf-af50-459baf835861: addNew group-C073B2E2AEC4:[91c146c8-9622-4fdf-af50-459baf835861:192.168.5.176:45463] returns group-C073B2E2AEC4:java.util.concurrent.CompletableFuture@5ee7dbe7[Not completed]
2019-08-29 23:14:04,150 [pool-179-thread-1] INFO  impl.RaftServerImpl (RaftServerImpl.java:<init>(93)) - 91c146c8-9622-4fdf-af50-459baf835861: new RaftServerImpl for group-C073B2E2AEC4:[91c146c8-9622-4fdf-af50-459baf835861:192.168.5.176:45463] with ContainerStateMachine:uninitialized
2019-08-29 23:14:04,150 [pool-179-thread-1] INFO  server.RaftServerConfigKeys (ConfUtils.java:logGet(43)) - raft.server.rpc.timeout.min = 5s (custom)
2019-08-29 23:14:04,151 [pool-179-thread-1] INFO  server.RaftServerConfigKeys (ConfUtils.java:logGet(43)) - raft.server.rpc.timeout.max = 5200ms (custom)
2019-08-29 23:14:04,151 [pool-179-thread-1] INFO  server.RaftServerConfigKeys (ConfUtils.java:logGet(43)) - raft.server.rpcslowness.timeout = 120s (custom)
2019-08-29 23:14:04,151 [pool-179-thread-1] INFO  server.RaftServerConfigKeys (ConfUtils.java:logGet(43)) - raft.server.sleep.deviation.threshold = 300 (default)
2019-08-29 23:14:04,151 [pool-179-thread-1] INFO  server.RaftServerConfigKeys (ConfUtils.java:logGet(43)) - raft.server.log.appender.install.snapshot.enabled = false (custom)
2019-08-29 23:14:04,151 [pool-179-thread-1] INFO  impl.RaftServerImpl (ServerState.java:<init>(105)) - 91c146c8-9622-4fdf-af50-459baf835861:group-C073B2E2AEC4 ConfigurationManager, init=-1: [91c146c8-9622-4fdf-af50-459baf835861:192.168.5.176:45463], old=null, confs=<EMPTY_MAP>
2019-08-29 23:14:04,151 [pool-179-thread-1] INFO  server.RaftServerConfigKeys (ConfUtils.java:logGet(43)) - raft.server.storage.dir = [/workdir/hadoop-ozone/integration-test/target/test-dir/MiniOzoneClusterImpl-dba45ac9-1770-4347-820b-e942d4b229ff/datanode-6/data/ratis] (custom)
2019-08-29 23:14:04,152 [pool-179-thread-1] INFO  storage.RaftStorageDirectory (RaftStorageDirectory.java:analyzeStorage(246)) - The storage directory /workdir/hadoop-ozone/integration-test/target/test-dir/MiniOzoneClusterImpl-dba45ac9-1770-4347-820b-e942d4b229ff/datanode-6/data/ratis/2761f183-6ab0-40c5-a551-c073b2e2aec4 does not exist. Creating ...
2019-08-29 23:14:04,164 [pool-179-thread-1] INFO  storage.RaftStorageDirectory (RaftStorageDirectory.java:tryLock(328)) - Lock on /workdir/hadoop-ozone/integration-test/target/test-dir/MiniOzoneClusterImpl-dba45ac9-1770-4347-820b-e942d4b229ff/datanode-6/data/ratis/2761f183-6ab0-40c5-a551-c073b2e2aec4/in_use.lock acquired by nodename 17673@pr-hdds-1783-trunk-hq4zp-549785682
2019-08-29 23:14:04,177 [pool-179-thread-1] INFO  storage.RaftStorage (RaftStorage.java:format(72)) - Storage directory /workdir/hadoop-ozone/integration-test/target/test-dir/MiniOzoneClusterImpl-dba45ac9-1770-4347-820b-e942d4b229ff/datanode-6/data/ratis/2761f183-6ab0-40c5-a551-c073b2e2aec4 has been successfully formatted.
2019-08-29 23:14:04,177 [pool-179-thread-1] INFO  ratis.ContainerStateMachine (ContainerStateMachine.java:loadSnapshot(227)) - group-C073B2E2AEC4: The snapshot info is null. Setting the last applied indexto:(t:0, i:~)
2019-08-29 23:14:04,178 [pool-179-thread-1] INFO  server.RaftServerConfigKeys (ConfUtils.java:logGet(43)) - raft.server.leader.election.timeout = 120s (custom)
2019-08-29 23:14:04,178 [pool-179-thread-1] INFO  server.RaftServerConfigKeys (ConfUtils.java:logGet(43)) - raft.server.log.use.memory = false (default)
2019-08-29 23:14:04,178 [pool-179-thread-1] INFO  server.RaftServerConfigKeys (ConfUtils.java:logGet(43)) - raft.server.log.purge.gap = 1000000 (custom)
2019-08-29 23:14:04,178 [pool-179-thread-1] INFO  server.RaftServerConfigKeys (ConfUtils.java:logGet(43)) - raft.server.log.appender.buffer.byte-limit = 33554432 (custom)
2019-08-29 23:14:04,178 [pool-179-thread-1] INFO  server.RaftServerConfigKeys (ConfUtils.java:logGet(43)) - raft.server.log.segment.size.max = 1048576 (custom)
2019-08-29 23:14:04,178 [pool-179-thread-1] INFO  server.RaftServerConfigKeys (ConfUtils.java:logGet(43)) - raft.server.log.segment.cache.num.max = 2 (custom)
2019-08-29 23:14:04,178 [pool-179-thread-1] INFO  segmented.SegmentedRaftLogWorker (SegmentedRaftLogWorker.java:<init>(172)) - new 91c146c8-9622-4fdf-af50-459baf835861-SegmentedRaftLogWorker:Storage Directory /workdir/hadoop-ozone/integration-test/target/test-dir/MiniOzoneClusterImpl-dba45ac9-1770-4347-820b-e942d4b229ff/datanode-6/data/ratis/2761f183-6ab0-40c5-a551-c073b2e2aec4 for RaftStorage:Storage Directory /workdir/hadoop-ozone/integration-test/target/test-dir/MiniOzoneClusterImpl-dba45ac9-1770-4347-820b-e942d4b229ff/datanode-6/data/ratis/2761f183-6ab0-40c5-a551-c073b2e2aec4
2019-08-29 23:14:04,179 [pool-179-thread-1] INFO  server.RaftServerConfigKeys (ConfUtils.java:logGet(43)) - raft.server.log.queue.byte-limit = 2147483647 (custom)
2019-08-29 23:14:04,179 [pool-179-thread-1] INFO  server.RaftServerConfigKeys (ConfUtils.java:logGet(43)) - raft.server.log.queue.element-limit = 1024 (custom)
2019-08-29 23:14:04,179 [pool-179-thread-1] INFO  server.RaftServerConfigKeys (ConfUtils.java:logGet(43)) - raft.server.log.segment.size.max = 1048576 (custom)
2019-08-29 23:14:04,179 [pool-179-thread-1] INFO  server.RaftServerConfigKeys (ConfUtils.java:logGet(43)) - raft.server.log.preallocated.size = 16384 (custom)
2019-08-29 23:14:04,179 [pool-179-thread-1] INFO  server.RaftServerConfigKeys (ConfUtils.java:logGet(43)) - raft.server.log.write.buffer.size = 33554432 (custom)
2019-08-29 23:14:04,180 [pool-179-thread-1] INFO  server.RaftServerConfigKeys (ConfUtils.java:logGet(43)) - raft.server.log.force.sync.num = 128 (default)
2019-08-29 23:14:04,180 [pool-179-thread-1] INFO  server.RaftServerConfigKeys (ConfUtils.java:logGet(43)) - raft.server.log.statemachine.data.sync = true (default)
2019-08-29 23:14:04,180 [pool-179-thread-1] INFO  server.RaftServerConfigKeys (ConfUtils.java:logGet(43)) - raft.server.log.statemachine.data.sync.timeout = 10s (default)
2019-08-29 23:14:04,180 [pool-179-thread-1] INFO  server.RaftServerConfigKeys (ConfUtils.java:logGet(43)) - raft.server.log.statemachine.data.sync.timeout.retry = -1 (default)
2019-08-29 23:14:04,180 [pool-179-thread-1] INFO  server.RaftServerConfigKeys (ConfUtils.java:logGet(43)) - raft.server.log.statemachine.data.caching.enabled = true (custom)
2019-08-29 23:14:04,181 [pool-179-thread-1] INFO  segmented.SegmentedRaftLogWorker (SegmentedRaftLogWorker.java:lambda$new$0(132)) - 91c146c8-9622-4fdf-af50-459baf835861-SegmentedRaftLogWorker:Storage Directory /workdir/hadoop-ozone/integration-test/target/test-dir/MiniOzoneClusterImpl-dba45ac9-1770-4347-820b-e942d4b229ff/datanode-6/data/ratis/2761f183-6ab0-40c5-a551-c073b2e2aec4: flushIndex: setUnconditionally 0 -> -1
2019-08-29 23:14:04,181 [pool-179-thread-1] INFO  server.RaftServerConfigKeys (ConfUtils.java:logGet(43)) - raft.server.snapshot.auto.trigger.enabled = true (custom)
2019-08-29 23:14:04,181 [pool-179-thread-1] INFO  server.RaftServerConfigKeys (ConfUtils.java:logGet(43)) - raft.server.snapshot.auto.trigger.threshold = 10000 (custom)
2019-08-29 23:14:04,181 [pool-179-thread-1] INFO  server.RaftServerConfigKeys (ConfUtils.java:logGet(43)) - raft.server.retrycache.expirytime = 600000ms (custom)
2019-08-29 23:14:04,182 [pool-179-thread-1] INFO  impl.RaftServerImpl (RaftServerImpl.java:start(180)) - 91c146c8-9622-4fdf-af50-459baf835861: start group-C073B2E2AEC4
2019-08-29 23:14:04,182 [pool-179-thread-1] INFO  impl.RaftServerImpl (RaftServerImpl.java:setRole(171)) - 91c146c8-9622-4fdf-af50-459baf835861:group-C073B2E2AEC4 changes role from null to FOLLOWER at term 0 for startAsFollower
2019-08-29 23:14:04,182 [pool-179-thread-1] INFO  impl.RoleInfo (RoleInfo.java:updateAndGet(143)) - 91c146c8-9622-4fdf-af50-459baf835861: start FollowerState
2019-08-29 23:14:04,182 [pool-179-thread-1] INFO  util.JmxRegister (JmxRegister.java:tryRegister(44)) - Successfully registered JMX Bean with object name Ratis:service=RaftServer,group=group-C073B2E2AEC4,id=91c146c8-9622-4fdf-af50-459baf835861
2019-08-29 23:14:04,185 [RatisPipelineUtilsThread] INFO  pipeline.PipelineStateManager (PipelineStateManager.java:addPipeline(56)) - Created pipeline Pipeline[ Id: 2761f183-6ab0-40c5-a551-c073b2e2aec4, Nodes: 91c146c8-9622-4fdf-af50-459baf835861{ip: 192.168.5.176, host: pr-hdds-1783-trunk-hq4zp-549785682, networkLocation: /default-rack, certSerialId: null}, Type:RATIS, Factor:ONE, State:OPEN]
2019-08-29 23:14:04,192 [grpc-default-executor-0] INFO  impl.RaftServerProxy (RaftServerProxy.java:addNew(89)) - b91667ad-dd07-438b-a2aa-20d994bbddf1: addNew group-47EDBDE8EAA2:[b91667ad-dd07-438b-a2aa-20d994bbddf1:192.168.5.176:41503] returns group-47EDBDE8EAA2:java.util.concurrent.CompletableFuture@7807a876[Not completed]
2019-08-29 23:14:04,193 [pool-149-thread-1] INFO  impl.RaftServerImpl (RaftServerImpl.java:<init>(93)) - b91667ad-dd07-438b-a2aa-20d994bbddf1: new RaftServerImpl for group-47EDBDE8EAA2:[b91667ad-dd07-438b-a2aa-20d994bbddf1:192.168.5.176:41503] with ContainerStateMachine:uninitialized
2019-08-29 23:14:04,194 [pool-149-thread-1] INFO  server.RaftServerConfigKeys (ConfUtils.java:logGet(43)) - raft.server.rpc.timeout.min = 5s (custom)
2019-08-29 23:14:04,194 [pool-149-thread-1] INFO  server.RaftServerConfigKeys (ConfUtils.java:logGet(43)) - raft.server.rpc.timeout.max = 5200ms (custom)
2019-08-29 23:14:04,194 [pool-149-thread-1] INFO  server.RaftServerConfigKeys (ConfUtils.java:logGet(43)) - raft.server.rpcslowness.timeout = 120s (custom)
2019-08-29 23:14:04,194 [pool-149-thread-1] INFO  server.RaftServerConfigKeys (ConfUtils.java:logGet(43)) - raft.server.sleep.deviation.threshold = 300 (default)
2019-08-29 23:14:04,194 [pool-149-thread-1] INFO  server.RaftServerConfigKeys (ConfUtils.java:logGet(43)) - raft.server.log.appender.install.snapshot.enabled = false (custom)
2019-08-29 23:14:04,194 [pool-149-thread-1] INFO  impl.RaftServerImpl (ServerState.java:<init>(105)) - b91667ad-dd07-438b-a2aa-20d994bbddf1:group-47EDBDE8EAA2 ConfigurationManager, init=-1: [b91667ad-dd07-438b-a2aa-20d994bbddf1:192.168.5.176:41503], old=null, confs=<EMPTY_MAP>
2019-08-29 23:14:04,194 [pool-149-thread-1] INFO  server.RaftServerConfigKeys (ConfUtils.java:logGet(43)) - raft.server.storage.dir = [/workdir/hadoop-ozone/integration-test/target/test-dir/MiniOzoneClusterImpl-dba45ac9-1770-4347-820b-e942d4b229ff/datanode-3/data/ratis] (custom)
2019-08-29 23:14:04,195 [pool-149-thread-1] INFO  storage.RaftStorageDirectory (RaftStorageDirectory.java:analyzeStorage(246)) - The storage directory /workdir/hadoop-ozone/integration-test/target/test-dir/MiniOzoneClusterImpl-dba45ac9-1770-4347-820b-e942d4b229ff/datanode-3/data/ratis/ffd2a7ad-8442-45eb-8404-47edbde8eaa2 does not exist. Creating ...
2019-08-29 23:14:04,207 [pool-149-thread-1] INFO  storage.RaftStorageDirectory (RaftStorageDirectory.java:tryLock(328)) - Lock on /workdir/hadoop-ozone/integration-test/target/test-dir/MiniOzoneClusterImpl-dba45ac9-1770-4347-820b-e942d4b229ff/datanode-3/data/ratis/ffd2a7ad-8442-45eb-8404-47edbde8eaa2/in_use.lock acquired by nodename 17673@pr-hdds-1783-trunk-hq4zp-549785682
2019-08-29 23:14:04,220 [pool-149-thread-1] INFO  storage.RaftStorage (RaftStorage.java:format(72)) - Storage directory /workdir/hadoop-ozone/integration-test/target/test-dir/MiniOzoneClusterImpl-dba45ac9-1770-4347-820b-e942d4b229ff/datanode-3/data/ratis/ffd2a7ad-8442-45eb-8404-47edbde8eaa2 has been successfully formatted.
2019-08-29 23:14:04,220 [pool-149-thread-1] INFO  ratis.ContainerStateMachine (ContainerStateMachine.java:loadSnapshot(227)) - group-47EDBDE8EAA2: The snapshot info is null. Setting the last applied indexto:(t:0, i:~)
2019-08-29 23:14:04,220 [pool-149-thread-1] INFO  server.RaftServerConfigKeys (ConfUtils.java:logGet(43)) - raft.server.leader.election.timeout = 120s (custom)
2019-08-29 23:14:04,220 [pool-149-thread-1] INFO  server.RaftServerConfigKeys (ConfUtils.java:logGet(43)) - raft.server.log.use.memory = false (default)
2019-08-29 23:14:04,220 [pool-149-thread-1] INFO  server.RaftServerConfigKeys (ConfUtils.java:logGet(43)) - raft.server.log.purge.gap = 1000000 (custom)
2019-08-29 23:14:04,221 [pool-149-thread-1] INFO  server.RaftServerConfigKeys (ConfUtils.java:logGet(43)) - raft.server.log.appender.buffer.byte-limit = 33554432 (custom)
2019-08-29 23:14:04,221 [pool-149-thread-1] INFO  server.RaftServerConfigKeys (ConfUtils.java:logGet(43)) - raft.server.log.segment.size.max = 1048576 (custom)
2019-08-29 23:14:04,221 [pool-149-thread-1] INFO  server.RaftServerConfigKeys (ConfUtils.java:logGet(43)) - raft.server.log.segment.cache.num.max = 2 (custom)
2019-08-29 23:14:04,221 [pool-149-thread-1] INFO  segmented.SegmentedRaftLogWorker (SegmentedRaftLogWorker.java:<init>(172)) - new b91667ad-dd07-438b-a2aa-20d994bbddf1-SegmentedRaftLogWorker:Storage Directory /workdir/hadoop-ozone/integration-test/target/test-dir/MiniOzoneClusterImpl-dba45ac9-1770-4347-820b-e942d4b229ff/datanode-3/data/ratis/ffd2a7ad-8442-45eb-8404-47edbde8eaa2 for RaftStorage:Storage Directory /workdir/hadoop-ozone/integration-test/target/test-dir/MiniOzoneClusterImpl-dba45ac9-1770-4347-820b-e942d4b229ff/datanode-3/data/ratis/ffd2a7ad-8442-45eb-8404-47edbde8eaa2
2019-08-29 23:14:04,221 [pool-149-thread-1] INFO  server.RaftServerConfigKeys (ConfUtils.java:logGet(43)) - raft.server.log.queue.byte-limit = 2147483647 (custom)
2019-08-29 23:14:04,221 [pool-149-thread-1] INFO  server.RaftServerConfigKeys (ConfUtils.java:logGet(43)) - raft.server.log.queue.element-limit = 1024 (custom)
2019-08-29 23:14:04,222 [pool-149-thread-1] INFO  server.RaftServerConfigKeys (ConfUtils.java:logGet(43)) - raft.server.log.segment.size.max = 1048576 (custom)
2019-08-29 23:14:04,222 [pool-149-thread-1] INFO  server.RaftServerConfigKeys (ConfUtils.java:logGet(43)) - raft.server.log.preallocated.size = 16384 (custom)
2019-08-29 23:14:04,222 [pool-149-thread-1] INFO  server.RaftServerConfigKeys (ConfUtils.java:logGet(43)) - raft.server.log.write.buffer.size = 33554432 (custom)
2019-08-29 23:14:04,222 [pool-149-thread-1] INFO  server.RaftServerConfigKeys (ConfUtils.java:logGet(43)) - raft.server.log.force.sync.num = 128 (default)
2019-08-29 23:14:04,222 [pool-149-thread-1] INFO  server.RaftServerConfigKeys (ConfUtils.java:logGet(43)) - raft.server.log.statemachine.data.sync = true (default)
2019-08-29 23:14:04,222 [pool-149-thread-1] INFO  server.RaftServerConfigKeys (ConfUtils.java:logGet(43)) - raft.server.log.statemachine.data.sync.timeout = 10s (default)
2019-08-29 23:14:04,222 [pool-149-thread-1] INFO  server.RaftServerConfigKeys (ConfUtils.java:logGet(43)) - raft.server.log.statemachine.data.sync.timeout.retry = -1 (default)
2019-08-29 23:14:04,223 [pool-149-thread-1] INFO  server.RaftServerConfigKeys (ConfUtils.java:logGet(43)) - raft.server.log.statemachine.data.caching.enabled = true (custom)
2019-08-29 23:14:04,223 [pool-149-thread-1] INFO  segmented.SegmentedRaftLogWorker (SegmentedRaftLogWorker.java:lambda$new$0(132)) - b91667ad-dd07-438b-a2aa-20d994bbddf1-SegmentedRaftLogWorker:Storage Directory /workdir/hadoop-ozone/integration-test/target/test-dir/MiniOzoneClusterImpl-dba45ac9-1770-4347-820b-e942d4b229ff/datanode-3/data/ratis/ffd2a7ad-8442-45eb-8404-47edbde8eaa2: flushIndex: setUnconditionally 0 -> -1
2019-08-29 23:14:04,223 [pool-149-thread-1] INFO  server.RaftServerConfigKeys (ConfUtils.java:logGet(43)) - raft.server.snapshot.auto.trigger.enabled = true (custom)
2019-08-29 23:14:04,223 [pool-149-thread-1] INFO  server.RaftServerConfigKeys (ConfUtils.java:logGet(43)) - raft.server.snapshot.auto.trigger.threshold = 10000 (custom)
2019-08-29 23:14:04,223 [pool-149-thread-1] INFO  server.RaftServerConfigKeys (ConfUtils.java:logGet(43)) - raft.server.retrycache.expirytime = 600000ms (custom)
2019-08-29 23:14:04,224 [pool-149-thread-1] INFO  impl.RaftServerImpl (RaftServerImpl.java:start(180)) - b91667ad-dd07-438b-a2aa-20d994bbddf1: start group-47EDBDE8EAA2
2019-08-29 23:14:04,224 [pool-149-thread-1] INFO  impl.RaftServerImpl (RaftServerImpl.java:setRole(171)) - b91667ad-dd07-438b-a2aa-20d994bbddf1:group-47EDBDE8EAA2 changes role from null to FOLLOWER at term 0 for startAsFollower
2019-08-29 23:14:04,224 [pool-149-thread-1] INFO  impl.RoleInfo (RoleInfo.java:updateAndGet(143)) - b91667ad-dd07-438b-a2aa-20d994bbddf1: start FollowerState
2019-08-29 23:14:04,224 [pool-149-thread-1] INFO  util.JmxRegister (JmxRegister.java:tryRegister(44)) - Successfully registered JMX Bean with object name Ratis:service=RaftServer,group=group-47EDBDE8EAA2,id=b91667ad-dd07-438b-a2aa-20d994bbddf1
2019-08-29 23:14:04,227 [RatisPipelineUtilsThread] INFO  pipeline.PipelineStateManager (PipelineStateManager.java:addPipeline(56)) - Created pipeline Pipeline[ Id: ffd2a7ad-8442-45eb-8404-47edbde8eaa2, Nodes: b91667ad-dd07-438b-a2aa-20d994bbddf1{ip: 192.168.5.176, host: pr-hdds-1783-trunk-hq4zp-549785682, networkLocation: /default-rack, certSerialId: null}, Type:RATIS, Factor:ONE, State:OPEN]
2019-08-29 23:14:04,244 [grpc-default-executor-1] INFO  impl.RaftServerProxy (RaftServerProxy.java:addNew(89)) - c2791d19-603b-4976-b3e9-7899a47ab15b: addNew group-E13997D93674:[c2791d19-603b-4976-b3e9-7899a47ab15b:192.168.5.176:38017, c28b6833-03f3-43d7-88dd-1eb93de0674c:192.168.5.176:36768, 91c146c8-9622-4fdf-af50-459baf835861:192.168.5.176:45463] returns group-E13997D93674:java.util.concurrent.CompletableFuture@108019bc[Not completed]
2019-08-29 23:14:04,244 [grpc-default-executor-4] INFO  impl.RaftServerProxy (RaftServerProxy.java:addNew(89)) - 91c146c8-9622-4fdf-af50-459baf835861: addNew group-E13997D93674:[c2791d19-603b-4976-b3e9-7899a47ab15b:192.168.5.176:38017, c28b6833-03f3-43d7-88dd-1eb93de0674c:192.168.5.176:36768, 91c146c8-9622-4fdf-af50-459baf835861:192.168.5.176:45463] returns group-E13997D93674:java.util.concurrent.CompletableFuture@77cd659f[Not completed]
2019-08-29 23:14:04,244 [grpc-default-executor-0] INFO  impl.RaftServerProxy (RaftServerProxy.java:addNew(89)) - c28b6833-03f3-43d7-88dd-1eb93de0674c: addNew group-E13997D93674:[c2791d19-603b-4976-b3e9-7899a47ab15b:192.168.5.176:38017, c28b6833-03f3-43d7-88dd-1eb93de0674c:192.168.5.176:36768, 91c146c8-9622-4fdf-af50-459baf835861:192.168.5.176:45463] returns group-E13997D93674:java.util.concurrent.CompletableFuture@69566662[Not completed]
2019-08-29 23:14:04,246 [pool-169-thread-1] INFO  impl.RaftServerImpl (RaftServerImpl.java:<init>(93)) - c2791d19-603b-4976-b3e9-7899a47ab15b: new RaftServerImpl for group-E13997D93674:[c2791d19-603b-4976-b3e9-7899a47ab15b:192.168.5.176:38017, c28b6833-03f3-43d7-88dd-1eb93de0674c:192.168.5.176:36768, 91c146c8-9622-4fdf-af50-459baf835861:192.168.5.176:45463] with ContainerStateMachine:uninitialized
2019-08-29 23:14:04,246 [pool-169-thread-1] INFO  server.RaftServerConfigKeys (ConfUtils.java:logGet(43)) - raft.server.rpc.timeout.min = 5s (custom)
2019-08-29 23:14:04,246 [pool-169-thread-1] INFO  server.RaftServerConfigKeys (ConfUtils.java:logGet(43)) - raft.server.rpc.timeout.max = 5200ms (custom)
2019-08-29 23:14:04,246 [pool-169-thread-1] INFO  server.RaftServerConfigKeys (ConfUtils.java:logGet(43)) - raft.server.rpcslowness.timeout = 120s (custom)
2019-08-29 23:14:04,246 [pool-169-thread-1] INFO  server.RaftServerConfigKeys (ConfUtils.java:logGet(43)) - raft.server.sleep.deviation.threshold = 300 (default)
2019-08-29 23:14:04,246 [pool-169-thread-1] INFO  server.RaftServerConfigKeys (ConfUtils.java:logGet(43)) - raft.server.log.appender.install.snapshot.enabled = false (custom)
2019-08-29 23:14:04,246 [pool-159-thread-1] INFO  impl.RaftServerImpl (RaftServerImpl.java:<init>(93)) - c28b6833-03f3-43d7-88dd-1eb93de0674c: new RaftServerImpl for group-E13997D93674:[c2791d19-603b-4976-b3e9-7899a47ab15b:192.168.5.176:38017, c28b6833-03f3-43d7-88dd-1eb93de0674c:192.168.5.176:36768, 91c146c8-9622-4fdf-af50-459baf835861:192.168.5.176:45463] with ContainerStateMachine:uninitialized
2019-08-29 23:14:04,246 [pool-169-thread-1] INFO  impl.RaftServerImpl (ServerState.java:<init>(105)) - c2791d19-603b-4976-b3e9-7899a47ab15b:group-E13997D93674 ConfigurationManager, init=-1: [c2791d19-603b-4976-b3e9-7899a47ab15b:192.168.5.176:38017, c28b6833-03f3-43d7-88dd-1eb93de0674c:192.168.5.176:36768, 91c146c8-9622-4fdf-af50-459baf835861:192.168.5.176:45463], old=null, confs=<EMPTY_MAP>
2019-08-29 23:14:04,246 [pool-159-thread-1] INFO  server.RaftServerConfigKeys (ConfUtils.java:logGet(43)) - raft.server.rpc.timeout.min = 5s (custom)
2019-08-29 23:14:04,247 [pool-169-thread-1] INFO  server.RaftServerConfigKeys (ConfUtils.java:logGet(43)) - raft.server.storage.dir = [/workdir/hadoop-ozone/integration-test/target/test-dir/MiniOzoneClusterImpl-dba45ac9-1770-4347-820b-e942d4b229ff/datanode-5/data/ratis] (custom)
2019-08-29 23:14:04,247 [pool-159-thread-1] INFO  server.RaftServerConfigKeys (ConfUtils.java:logGet(43)) - raft.server.rpc.timeout.max = 5200ms (custom)
2019-08-29 23:14:04,247 [pool-159-thread-1] INFO  server.RaftServerConfigKeys (ConfUtils.java:logGet(43)) - raft.server.rpcslowness.timeout = 120s (custom)
2019-08-29 23:14:04,247 [pool-159-thread-1] INFO  server.RaftServerConfigKeys (ConfUtils.java:logGet(43)) - raft.server.sleep.deviation.threshold = 300 (default)
2019-08-29 23:14:04,247 [pool-169-thread-1] INFO  storage.RaftStorageDirectory (RaftStorageDirectory.java:analyzeStorage(246)) - The storage directory /workdir/hadoop-ozone/integration-test/target/test-dir/MiniOzoneClusterImpl-dba45ac9-1770-4347-820b-e942d4b229ff/datanode-5/data/ratis/09ba0140-0ec9-4edc-97de-e13997d93674 does not exist. Creating ...
2019-08-29 23:14:04,247 [pool-179-thread-1] INFO  impl.RaftServerImpl (RaftServerImpl.java:<init>(93)) - 91c146c8-9622-4fdf-af50-459baf835861: new RaftServerImpl for group-E13997D93674:[c2791d19-603b-4976-b3e9-7899a47ab15b:192.168.5.176:38017, c28b6833-03f3-43d7-88dd-1eb93de0674c:192.168.5.176:36768, 91c146c8-9622-4fdf-af50-459baf835861:192.168.5.176:45463] with ContainerStateMachine:uninitialized
2019-08-29 23:14:04,247 [pool-159-thread-1] INFO  server.RaftServerConfigKeys (ConfUtils.java:logGet(43)) - raft.server.log.appender.install.snapshot.enabled = false (custom)
2019-08-29 23:14:04,247 [pool-179-thread-1] INFO  server.RaftServerConfigKeys (ConfUtils.java:logGet(43)) - raft.server.rpc.timeout.min = 5s (custom)
2019-08-29 23:14:04,247 [pool-159-thread-1] INFO  impl.RaftServerImpl (ServerState.java:<init>(105)) - c28b6833-03f3-43d7-88dd-1eb93de0674c:group-E13997D93674 ConfigurationManager, init=-1: [c2791d19-603b-4976-b3e9-7899a47ab15b:192.168.5.176:38017, c28b6833-03f3-43d7-88dd-1eb93de0674c:192.168.5.176:36768, 91c146c8-9622-4fdf-af50-459baf835861:192.168.5.176:45463], old=null, confs=<EMPTY_MAP>
2019-08-29 23:14:04,247 [pool-179-thread-1] INFO  server.RaftServerConfigKeys (ConfUtils.java:logGet(43)) - raft.server.rpc.timeout.max = 5200ms (custom)
2019-08-29 23:14:04,247 [pool-159-thread-1] INFO  server.RaftServerConfigKeys (ConfUtils.java:logGet(43)) - raft.server.storage.dir = [/workdir/hadoop-ozone/integration-test/target/test-dir/MiniOzoneClusterImpl-dba45ac9-1770-4347-820b-e942d4b229ff/datanode-4/data/ratis] (custom)
2019-08-29 23:14:04,247 [pool-179-thread-1] INFO  server.RaftServerConfigKeys (ConfUtils.java:logGet(43)) - raft.server.rpcslowness.timeout = 120s (custom)
2019-08-29 23:14:04,248 [pool-179-thread-1] INFO  server.RaftServerConfigKeys (ConfUtils.java:logGet(43)) - raft.server.sleep.deviation.threshold = 300 (default)
2019-08-29 23:14:04,248 [pool-159-thread-1] INFO  storage.RaftStorageDirectory (RaftStorageDirectory.java:analyzeStorage(246)) - The storage directory /workdir/hadoop-ozone/integration-test/target/test-dir/MiniOzoneClusterImpl-dba45ac9-1770-4347-820b-e942d4b229ff/datanode-4/data/ratis/09ba0140-0ec9-4edc-97de-e13997d93674 does not exist. Creating ...
2019-08-29 23:14:04,248 [pool-179-thread-1] INFO  server.RaftServerConfigKeys (ConfUtils.java:logGet(43)) - raft.server.log.appender.install.snapshot.enabled = false (custom)
2019-08-29 23:14:04,248 [pool-179-thread-1] INFO  impl.RaftServerImpl (ServerState.java:<init>(105)) - 91c146c8-9622-4fdf-af50-459baf835861:group-E13997D93674 ConfigurationManager, init=-1: [c2791d19-603b-4976-b3e9-7899a47ab15b:192.168.5.176:38017, c28b6833-03f3-43d7-88dd-1eb93de0674c:192.168.5.176:36768, 91c146c8-9622-4fdf-af50-459baf835861:192.168.5.176:45463], old=null, confs=<EMPTY_MAP>
2019-08-29 23:14:04,248 [pool-179-thread-1] INFO  server.RaftServerConfigKeys (ConfUtils.java:logGet(43)) - raft.server.storage.dir = [/workdir/hadoop-ozone/integration-test/target/test-dir/MiniOzoneClusterImpl-dba45ac9-1770-4347-820b-e942d4b229ff/datanode-6/data/ratis] (custom)
2019-08-29 23:14:04,248 [pool-179-thread-1] INFO  storage.RaftStorageDirectory (RaftStorageDirectory.java:analyzeStorage(246)) - The storage directory /workdir/hadoop-ozone/integration-test/target/test-dir/MiniOzoneClusterImpl-dba45ac9-1770-4347-820b-e942d4b229ff/datanode-6/data/ratis/09ba0140-0ec9-4edc-97de-e13997d93674 does not exist. Creating ...
2019-08-29 23:14:04,260 [pool-179-thread-1] INFO  storage.RaftStorageDirectory (RaftStorageDirectory.java:tryLock(328)) - Lock on /workdir/hadoop-ozone/integration-test/target/test-dir/MiniOzoneClusterImpl-dba45ac9-1770-4347-820b-e942d4b229ff/datanode-6/data/ratis/09ba0140-0ec9-4edc-97de-e13997d93674/in_use.lock acquired by nodename 17673@pr-hdds-1783-trunk-hq4zp-549785682
2019-08-29 23:14:04,260 [pool-169-thread-1] INFO  storage.RaftStorageDirectory (RaftStorageDirectory.java:tryLock(328)) - Lock on /workdir/hadoop-ozone/integration-test/target/test-dir/MiniOzoneClusterImpl-dba45ac9-1770-4347-820b-e942d4b229ff/datanode-5/data/ratis/09ba0140-0ec9-4edc-97de-e13997d93674/in_use.lock acquired by nodename 17673@pr-hdds-1783-trunk-hq4zp-549785682
2019-08-29 23:14:04,260 [pool-159-thread-1] INFO  storage.RaftStorageDirectory (RaftStorageDirectory.java:tryLock(328)) - Lock on /workdir/hadoop-ozone/integration-test/target/test-dir/MiniOzoneClusterImpl-dba45ac9-1770-4347-820b-e942d4b229ff/datanode-4/data/ratis/09ba0140-0ec9-4edc-97de-e13997d93674/in_use.lock acquired by nodename 17673@pr-hdds-1783-trunk-hq4zp-549785682
2019-08-29 23:14:04,273 [pool-159-thread-1] INFO  storage.RaftStorage (RaftStorage.java:format(72)) - Storage directory /workdir/hadoop-ozone/integration-test/target/test-dir/MiniOzoneClusterImpl-dba45ac9-1770-4347-820b-e942d4b229ff/datanode-4/data/ratis/09ba0140-0ec9-4edc-97de-e13997d93674 has been successfully formatted.
2019-08-29 23:14:04,273 [pool-179-thread-1] INFO  storage.RaftStorage (RaftStorage.java:format(72)) - Storage directory /workdir/hadoop-ozone/integration-test/target/test-dir/MiniOzoneClusterImpl-dba45ac9-1770-4347-820b-e942d4b229ff/datanode-6/data/ratis/09ba0140-0ec9-4edc-97de-e13997d93674 has been successfully formatted.
2019-08-29 23:14:04,273 [pool-169-thread-1] INFO  storage.RaftStorage (RaftStorage.java:format(72)) - Storage directory /workdir/hadoop-ozone/integration-test/target/test-dir/MiniOzoneClusterImpl-dba45ac9-1770-4347-820b-e942d4b229ff/datanode-5/data/ratis/09ba0140-0ec9-4edc-97de-e13997d93674 has been successfully formatted.
2019-08-29 23:14:04,274 [pool-179-thread-1] INFO  ratis.ContainerStateMachine (ContainerStateMachine.java:loadSnapshot(227)) - group-E13997D93674: The snapshot info is null. Setting the last applied indexto:(t:0, i:~)
2019-08-29 23:14:04,274 [pool-159-thread-1] INFO  ratis.ContainerStateMachine (ContainerStateMachine.java:loadSnapshot(227)) - group-E13997D93674: The snapshot info is null. Setting the last applied indexto:(t:0, i:~)
2019-08-29 23:14:04,274 [pool-179-thread-1] INFO  server.RaftServerConfigKeys (ConfUtils.java:logGet(43)) - raft.server.leader.election.timeout = 120s (custom)
2019-08-29 23:14:04,274 [pool-169-thread-1] INFO  ratis.ContainerStateMachine (ContainerStateMachine.java:loadSnapshot(227)) - group-E13997D93674: The snapshot info is null. Setting the last applied indexto:(t:0, i:~)
2019-08-29 23:14:04,274 [pool-179-thread-1] INFO  server.RaftServerConfigKeys (ConfUtils.java:logGet(43)) - raft.server.log.use.memory = false (default)
2019-08-29 23:14:04,274 [pool-159-thread-1] INFO  server.RaftServerConfigKeys (ConfUtils.java:logGet(43)) - raft.server.leader.election.timeout = 120s (custom)
2019-08-29 23:14:04,274 [pool-179-thread-1] INFO  server.RaftServerConfigKeys (ConfUtils.java:logGet(43)) - raft.server.log.purge.gap = 1000000 (custom)
2019-08-29 23:14:04,274 [pool-169-thread-1] INFO  server.RaftServerConfigKeys (ConfUtils.java:logGet(43)) - raft.server.leader.election.timeout = 120s (custom)
2019-08-29 23:14:04,275 [pool-179-thread-1] INFO  server.RaftServerConfigKeys (ConfUtils.java:logGet(43)) - raft.server.log.appender.buffer.byte-limit = 33554432 (custom)
2019-08-29 23:14:04,274 [pool-159-thread-1] INFO  server.RaftServerConfigKeys (ConfUtils.java:logGet(43)) - raft.server.log.use.memory = false (default)
2019-08-29 23:14:04,275 [pool-179-thread-1] INFO  server.RaftServerConfigKeys (ConfUtils.java:logGet(43)) - raft.server.log.segment.size.max = 1048576 (custom)
2019-08-29 23:14:04,275 [pool-169-thread-1] INFO  server.RaftServerConfigKeys (ConfUtils.java:logGet(43)) - raft.server.log.use.memory = false (default)
2019-08-29 23:14:04,275 [pool-179-thread-1] INFO  server.RaftServerConfigKeys (ConfUtils.java:logGet(43)) - raft.server.log.segment.cache.num.max = 2 (custom)
2019-08-29 23:14:04,275 [pool-159-thread-1] INFO  server.RaftServerConfigKeys (ConfUtils.java:logGet(43)) - raft.server.log.purge.gap = 1000000 (custom)
2019-08-29 23:14:04,275 [pool-179-thread-1] INFO  segmented.SegmentedRaftLogWorker (SegmentedRaftLogWorker.java:<init>(172)) - new 91c146c8-9622-4fdf-af50-459baf835861-SegmentedRaftLogWorker:Storage Directory /workdir/hadoop-ozone/integration-test/target/test-dir/MiniOzoneClusterImpl-dba45ac9-1770-4347-820b-e942d4b229ff/datanode-6/data/ratis/09ba0140-0ec9-4edc-97de-e13997d93674 for RaftStorage:Storage Directory /workdir/hadoop-ozone/integration-test/target/test-dir/MiniOzoneClusterImpl-dba45ac9-1770-4347-820b-e942d4b229ff/datanode-6/data/ratis/09ba0140-0ec9-4edc-97de-e13997d93674
2019-08-29 23:14:04,275 [pool-169-thread-1] INFO  server.RaftServerConfigKeys (ConfUtils.java:logGet(43)) - raft.server.log.purge.gap = 1000000 (custom)
2019-08-29 23:14:04,275 [pool-179-thread-1] INFO  server.RaftServerConfigKeys (ConfUtils.java:logGet(43)) - raft.server.log.queue.byte-limit = 2147483647 (custom)
2019-08-29 23:14:04,275 [pool-159-thread-1] INFO  server.RaftServerConfigKeys (ConfUtils.java:logGet(43)) - raft.server.log.appender.buffer.byte-limit = 33554432 (custom)
2019-08-29 23:14:04,276 [pool-179-thread-1] INFO  server.RaftServerConfigKeys (ConfUtils.java:logGet(43)) - raft.server.log.queue.element-limit = 1024 (custom)
2019-08-29 23:14:04,275 [pool-169-thread-1] INFO  server.RaftServerConfigKeys (ConfUtils.java:logGet(43)) - raft.server.log.appender.buffer.byte-limit = 33554432 (custom)
2019-08-29 23:14:04,276 [pool-179-thread-1] INFO  server.RaftServerConfigKeys (ConfUtils.java:logGet(43)) - raft.server.log.segment.size.max = 1048576 (custom)
2019-08-29 23:14:04,276 [pool-159-thread-1] INFO  server.RaftServerConfigKeys (ConfUtils.java:logGet(43)) - raft.server.log.segment.size.max = 1048576 (custom)
2019-08-29 23:14:04,276 [pool-179-thread-1] INFO  server.RaftServerConfigKeys (ConfUtils.java:logGet(43)) - raft.server.log.preallocated.size = 16384 (custom)
2019-08-29 23:14:04,276 [pool-169-thread-1] INFO  server.RaftServerConfigKeys (ConfUtils.java:logGet(43)) - raft.server.log.segment.size.max = 1048576 (custom)
2019-08-29 23:14:04,276 [pool-179-thread-1] INFO  server.RaftServerConfigKeys (ConfUtils.java:logGet(43)) - raft.server.log.write.buffer.size = 33554432 (custom)
2019-08-29 23:14:04,276 [pool-159-thread-1] INFO  server.RaftServerConfigKeys (ConfUtils.java:logGet(43)) - raft.server.log.segment.cache.num.max = 2 (custom)
2019-08-29 23:14:04,276 [pool-179-thread-1] INFO  server.RaftServerConfigKeys (ConfUtils.java:logGet(43)) - raft.server.log.force.sync.num = 128 (default)
2019-08-29 23:14:04,276 [pool-169-thread-1] INFO  server.RaftServerConfigKeys (ConfUtils.java:logGet(43)) - raft.server.log.segment.cache.num.max = 2 (custom)
2019-08-29 23:14:04,277 [pool-179-thread-1] INFO  server.RaftServerConfigKeys (ConfUtils.java:logGet(43)) - raft.server.log.statemachine.data.sync = true (default)
2019-08-29 23:14:04,277 [pool-159-thread-1] INFO  segmented.SegmentedRaftLogWorker (SegmentedRaftLogWorker.java:<init>(172)) - new c28b6833-03f3-43d7-88dd-1eb93de0674c-SegmentedRaftLogWorker:Storage Directory /workdir/hadoop-ozone/integration-test/target/test-dir/MiniOzoneClusterImpl-dba45ac9-1770-4347-820b-e942d4b229ff/datanode-4/data/ratis/09ba0140-0ec9-4edc-97de-e13997d93674 for RaftStorage:Storage Directory /workdir/hadoop-ozone/integration-test/target/test-dir/MiniOzoneClusterImpl-dba45ac9-1770-4347-820b-e942d4b229ff/datanode-4/data/ratis/09ba0140-0ec9-4edc-97de-e13997d93674
2019-08-29 23:14:04,277 [pool-179-thread-1] INFO  server.RaftServerConfigKeys (ConfUtils.java:logGet(43)) - raft.server.log.statemachine.data.sync.timeout = 10s (default)
2019-08-29 23:14:04,277 [pool-169-thread-1] INFO  segmented.SegmentedRaftLogWorker (SegmentedRaftLogWorker.java:<init>(172)) - new c2791d19-603b-4976-b3e9-7899a47ab15b-SegmentedRaftLogWorker:Storage Directory /workdir/hadoop-ozone/integration-test/target/test-dir/MiniOzoneClusterImpl-dba45ac9-1770-4347-820b-e942d4b229ff/datanode-5/data/ratis/09ba0140-0ec9-4edc-97de-e13997d93674 for RaftStorage:Storage Directory /workdir/hadoop-ozone/integration-test/target/test-dir/MiniOzoneClusterImpl-dba45ac9-1770-4347-820b-e942d4b229ff/datanode-5/data/ratis/09ba0140-0ec9-4edc-97de-e13997d93674
2019-08-29 23:14:04,277 [pool-179-thread-1] INFO  server.RaftServerConfigKeys (ConfUtils.java:logGet(43)) - raft.server.log.statemachine.data.sync.timeout.retry = -1 (default)
2019-08-29 23:14:04,277 [pool-159-thread-1] INFO  server.RaftServerConfigKeys (ConfUtils.java:logGet(43)) - raft.server.log.queue.byte-limit = 2147483647 (custom)
2019-08-29 23:14:04,277 [pool-169-thread-1] INFO  server.RaftServerConfigKeys (ConfUtils.java:logGet(43)) - raft.server.log.queue.byte-limit = 2147483647 (custom)
2019-08-29 23:14:04,277 [pool-159-thread-1] INFO  server.RaftServerConfigKeys (ConfUtils.java:logGet(43)) - raft.server.log.queue.element-limit = 1024 (custom)
2019-08-29 23:14:04,277 [pool-179-thread-1] INFO  server.RaftServerConfigKeys (ConfUtils.java:logGet(43)) - raft.server.log.statemachine.data.caching.enabled = true (custom)
2019-08-29 23:14:04,278 [pool-159-thread-1] INFO  server.RaftServerConfigKeys (ConfUtils.java:logGet(43)) - raft.server.log.segment.size.max = 1048576 (custom)
2019-08-29 23:14:04,278 [pool-169-thread-1] INFO  server.RaftServerConfigKeys (ConfUtils.java:logGet(43)) - raft.server.log.queue.element-limit = 1024 (custom)
2019-08-29 23:14:04,278 [pool-179-thread-1] INFO  segmented.SegmentedRaftLogWorker (SegmentedRaftLogWorker.java:lambda$new$0(132)) - 91c146c8-9622-4fdf-af50-459baf835861-SegmentedRaftLogWorker:Storage Directory /workdir/hadoop-ozone/integration-test/target/test-dir/MiniOzoneClusterImpl-dba45ac9-1770-4347-820b-e942d4b229ff/datanode-6/data/ratis/09ba0140-0ec9-4edc-97de-e13997d93674: flushIndex: setUnconditionally 0 -> -1
2019-08-29 23:14:04,278 [pool-159-thread-1] INFO  server.RaftServerConfigKeys (ConfUtils.java:logGet(43)) - raft.server.log.preallocated.size = 16384 (custom)
2019-08-29 23:14:04,278 [pool-169-thread-1] INFO  server.RaftServerConfigKeys (ConfUtils.java:logGet(43)) - raft.server.log.segment.size.max = 1048576 (custom)
2019-08-29 23:14:04,278 [pool-179-thread-1] INFO  server.RaftServerConfigKeys (ConfUtils.java:logGet(43)) - raft.server.snapshot.auto.trigger.enabled = true (custom)
2019-08-29 23:14:04,278 [pool-159-thread-1] INFO  server.RaftServerConfigKeys (ConfUtils.java:logGet(43)) - raft.server.log.write.buffer.size = 33554432 (custom)
2019-08-29 23:14:04,278 [pool-179-thread-1] INFO  server.RaftServerConfigKeys (ConfUtils.java:logGet(43)) - raft.server.snapshot.auto.trigger.threshold = 10000 (custom)
2019-08-29 23:14:04,278 [pool-169-thread-1] INFO  server.RaftServerConfigKeys (ConfUtils.java:logGet(43)) - raft.server.log.preallocated.size = 16384 (custom)
2019-08-29 23:14:04,279 [pool-179-thread-1] INFO  server.RaftServerConfigKeys (ConfUtils.java:logGet(43)) - raft.server.retrycache.expirytime = 600000ms (custom)
2019-08-29 23:14:04,278 [pool-159-thread-1] INFO  server.RaftServerConfigKeys (ConfUtils.java:logGet(43)) - raft.server.log.force.sync.num = 128 (default)
2019-08-29 23:14:04,279 [pool-179-thread-1] INFO  impl.RaftServerImpl (RaftServerImpl.java:start(180)) - 91c146c8-9622-4fdf-af50-459baf835861: start group-E13997D93674
2019-08-29 23:14:04,279 [pool-169-thread-1] INFO  server.RaftServerConfigKeys (ConfUtils.java:logGet(43)) - raft.server.log.write.buffer.size = 33554432 (custom)
2019-08-29 23:14:04,279 [pool-179-thread-1] INFO  impl.RaftServerImpl (RaftServerImpl.java:setRole(171)) - 91c146c8-9622-4fdf-af50-459baf835861:group-E13997D93674 changes role from null to FOLLOWER at term 0 for startAsFollower
2019-08-29 23:14:04,279 [pool-159-thread-1] INFO  server.RaftServerConfigKeys (ConfUtils.java:logGet(43)) - raft.server.log.statemachine.data.sync = true (default)
2019-08-29 23:14:04,279 [pool-179-thread-1] INFO  impl.RoleInfo (RoleInfo.java:updateAndGet(143)) - 91c146c8-9622-4fdf-af50-459baf835861: start FollowerState
2019-08-29 23:14:04,279 [pool-169-thread-1] INFO  server.RaftServerConfigKeys (ConfUtils.java:logGet(43)) - raft.server.log.force.sync.num = 128 (default)
2019-08-29 23:14:04,279 [pool-159-thread-1] INFO  server.RaftServerConfigKeys (ConfUtils.java:logGet(43)) - raft.server.log.statemachine.data.sync.timeout = 10s (default)
2019-08-29 23:14:04,280 [pool-169-thread-1] INFO  server.RaftServerConfigKeys (ConfUtils.java:logGet(43)) - raft.server.log.statemachine.data.sync = true (default)
2019-08-29 23:14:04,280 [pool-179-thread-1] INFO  util.JmxRegister (JmxRegister.java:tryRegister(44)) - Successfully registered JMX Bean with object name Ratis:service=RaftServer,group=group-E13997D93674,id=91c146c8-9622-4fdf-af50-459baf835861
2019-08-29 23:14:04,280 [pool-159-thread-1] INFO  server.RaftServerConfigKeys (ConfUtils.java:logGet(43)) - raft.server.log.statemachine.data.sync.timeout.retry = -1 (default)
2019-08-29 23:14:04,280 [pool-169-thread-1] INFO  server.RaftServerConfigKeys (ConfUtils.java:logGet(43)) - raft.server.log.statemachine.data.sync.timeout = 10s (default)
2019-08-29 23:14:04,280 [pool-159-thread-1] INFO  server.RaftServerConfigKeys (ConfUtils.java:logGet(43)) - raft.server.log.statemachine.data.caching.enabled = true (custom)
2019-08-29 23:14:04,280 [pool-169-thread-1] INFO  server.RaftServerConfigKeys (ConfUtils.java:logGet(43)) - raft.server.log.statemachine.data.sync.timeout.retry = -1 (default)
2019-08-29 23:14:04,280 [pool-159-thread-1] INFO  segmented.SegmentedRaftLogWorker (SegmentedRaftLogWorker.java:lambda$new$0(132)) - c28b6833-03f3-43d7-88dd-1eb93de0674c-SegmentedRaftLogWorker:Storage Directory /workdir/hadoop-ozone/integration-test/target/test-dir/MiniOzoneClusterImpl-dba45ac9-1770-4347-820b-e942d4b229ff/datanode-4/data/ratis/09ba0140-0ec9-4edc-97de-e13997d93674: flushIndex: setUnconditionally 0 -> -1
2019-08-29 23:14:04,280 [pool-169-thread-1] INFO  server.RaftServerConfigKeys (ConfUtils.java:logGet(43)) - raft.server.log.statemachine.data.caching.enabled = true (custom)
2019-08-29 23:14:04,281 [pool-159-thread-1] INFO  server.RaftServerConfigKeys (ConfUtils.java:logGet(43)) - raft.server.snapshot.auto.trigger.enabled = true (custom)
2019-08-29 23:14:04,281 [pool-159-thread-1] INFO  server.RaftServerConfigKeys (ConfUtils.java:logGet(43)) - raft.server.snapshot.auto.trigger.threshold = 10000 (custom)
2019-08-29 23:14:04,281 [pool-169-thread-1] INFO  segmented.SegmentedRaftLogWorker (SegmentedRaftLogWorker.java:lambda$new$0(132)) - c2791d19-603b-4976-b3e9-7899a47ab15b-SegmentedRaftLogWorker:Storage Directory /workdir/hadoop-ozone/integration-test/target/test-dir/MiniOzoneClusterImpl-dba45ac9-1770-4347-820b-e942d4b229ff/datanode-5/data/ratis/09ba0140-0ec9-4edc-97de-e13997d93674: flushIndex: setUnconditionally 0 -> -1
2019-08-29 23:14:04,281 [pool-159-thread-1] INFO  server.RaftServerConfigKeys (ConfUtils.java:logGet(43)) - raft.server.retrycache.expirytime = 600000ms (custom)
2019-08-29 23:14:04,281 [pool-159-thread-1] INFO  impl.RaftServerImpl (RaftServerImpl.java:start(180)) - c28b6833-03f3-43d7-88dd-1eb93de0674c: start group-E13997D93674
2019-08-29 23:14:04,281 [pool-169-thread-1] INFO  server.RaftServerConfigKeys (ConfUtils.java:logGet(43)) - raft.server.snapshot.auto.trigger.enabled = true (custom)
2019-08-29 23:14:04,281 [pool-159-thread-1] INFO  impl.RaftServerImpl (RaftServerImpl.java:setRole(171)) - c28b6833-03f3-43d7-88dd-1eb93de0674c:group-E13997D93674 changes role from null to FOLLOWER at term 0 for startAsFollower
2019-08-29 23:14:04,281 [pool-169-thread-1] INFO  server.RaftServerConfigKeys (ConfUtils.java:logGet(43)) - raft.server.snapshot.auto.trigger.threshold = 10000 (custom)
2019-08-29 23:14:04,281 [pool-159-thread-1] INFO  impl.RoleInfo (RoleInfo.java:updateAndGet(143)) - c28b6833-03f3-43d7-88dd-1eb93de0674c: start FollowerState
2019-08-29 23:14:04,281 [pool-169-thread-1] INFO  server.RaftServerConfigKeys (ConfUtils.java:logGet(43)) - raft.server.retrycache.expirytime = 600000ms (custom)
2019-08-29 23:14:04,282 [pool-169-thread-1] INFO  impl.RaftServerImpl (RaftServerImpl.java:start(180)) - c2791d19-603b-4976-b3e9-7899a47ab15b: start group-E13997D93674
2019-08-29 23:14:04,282 [pool-159-thread-1] INFO  util.JmxRegister (JmxRegister.java:tryRegister(44)) - Successfully registered JMX Bean with object name Ratis:service=RaftServer,group=group-E13997D93674,id=c28b6833-03f3-43d7-88dd-1eb93de0674c
2019-08-29 23:14:04,282 [pool-169-thread-1] INFO  impl.RaftServerImpl (RaftServerImpl.java:setRole(171)) - c2791d19-603b-4976-b3e9-7899a47ab15b:group-E13997D93674 changes role from null to FOLLOWER at term 0 for startAsFollower
2019-08-29 23:14:04,282 [pool-169-thread-1] INFO  impl.RoleInfo (RoleInfo.java:updateAndGet(143)) - c2791d19-603b-4976-b3e9-7899a47ab15b: start FollowerState
2019-08-29 23:14:04,282 [pool-169-thread-1] INFO  util.JmxRegister (JmxRegister.java:tryRegister(44)) - Successfully registered JMX Bean with object name Ratis:service=RaftServer,group=group-E13997D93674,id=c2791d19-603b-4976-b3e9-7899a47ab15b
2019-08-29 23:14:04,285 [RatisPipelineUtilsThread] INFO  pipeline.PipelineStateManager (PipelineStateManager.java:addPipeline(56)) - Created pipeline Pipeline[ Id: 09ba0140-0ec9-4edc-97de-e13997d93674, Nodes: c28b6833-03f3-43d7-88dd-1eb93de0674c{ip: 192.168.5.176, host: pr-hdds-1783-trunk-hq4zp-549785682, networkLocation: /default-rack, certSerialId: null}c2791d19-603b-4976-b3e9-7899a47ab15b{ip: 192.168.5.176, host: pr-hdds-1783-trunk-hq4zp-549785682, networkLocation: /default-rack, certSerialId: null}91c146c8-9622-4fdf-af50-459baf835861{ip: 192.168.5.176, host: pr-hdds-1783-trunk-hq4zp-549785682, networkLocation: /default-rack, certSerialId: null}, Type:RATIS, Factor:THREE, State:OPEN]
2019-08-29 23:14:05,098 [main] INFO  ozone.MiniOzoneClusterImpl (MiniOzoneClusterImpl.java:lambda$waitForClusterToBeReady$0(140)) - Cluster is ready. Got 7 of 7 DN Heartbeats.
2019-08-29 23:14:05,123 [main] INFO  rpc.RpcClient (RpcClient.java:createVolume(293)) - Creating Volume: testblockoutputstreamwithretries, with jenkins1000 as owner.
2019-08-29 23:14:05,125 | INFO  | OMAudit | user=jenkins1000 | ip=127.0.0.1 | op=CREATE_VOLUME {admin=jenkins1000, owner=jenkins1000, volume=testblockoutputstreamwithretries, creationTime=1567120445124, quotaInBytes=1152921504606846976} | ret=SUCCESS |  
2019-08-29 23:14:05,133 | INFO  | OMAudit | user=jenkins1000 | ip=127.0.0.1 | op=READ_VOLUME {volume=testblockoutputstreamwithretries} | ret=SUCCESS |  
2019-08-29 23:14:05,134 [main] INFO  rpc.RpcClient (RpcClient.java:createBucket(432)) - Creating Bucket: testblockoutputstreamwithretries/testblockoutputstreamwithretries, with Versioning false and Storage Type set to DISK and Encryption set to false 
2019-08-29 23:14:05,139 | INFO  | OMAudit | user=jenkins1000 | ip=127.0.0.1 | op=CREATE_BUCKET {volume=testblockoutputstreamwithretries, bucket=testblockoutputstreamwithretries, acls=[user:jenkins1000:a[ACCESS], group:default:a[ACCESS]], isVersionEnabled=false, storageType=DISK, creationTime=0} | ret=SUCCESS |  
2019-08-29 23:14:05,140 | INFO  | OMAudit | user=jenkins1000 | ip=127.0.0.1 | op=READ_VOLUME {volume=testblockoutputstreamwithretries} | ret=SUCCESS |  
2019-08-29 23:14:05,142 | INFO  | OMAudit | user=jenkins1000 | ip=127.0.0.1 | op=READ_BUCKET {volume=testblockoutputstreamwithretries, bucket=testblockoutputstreamwithretries} | ret=SUCCESS |  
2019-08-29 23:14:05,147 | INFO  | SCMAudit | user=jenkins1000 | ip=192.168.5.176 | op=ALLOCATE_BLOCK {owner=054e28c7-871a-4eb1-a840-e89c3c0deb7e, size=800, type=RATIS, factor=THREE} | ret=SUCCESS |  
2019-08-29 23:14:05,149 | INFO  | OMAudit | user=jenkins1000 | ip=127.0.0.1 | op=ALLOCATE_KEY {volume=testblockoutputstreamwithretries, bucket=testblockoutputstreamwithretries, key=ce8d3c05-301a-4e04-b0d3-a5b2a8e650d6, dataSize=3200, replicationType=RATIS, replicationFactor=THREE, keyLocationInfo=null} | ret=SUCCESS |  
2019-08-29 23:14:05,164 [grpc-default-executor-0] INFO  client.GrpcClientProtocolClient (GrpcClientProtocolClient.java:onNext(255)) - client-5CFC44E75E5D->c28b6833-03f3-43d7-88dd-1eb93de0674c: receive RaftClientReply:client-5CFC44E75E5D->c28b6833-03f3-43d7-88dd-1eb93de0674c@group-E13997D93674, cid=42, FAILED org.apache.ratis.protocol.NotLeaderException: Server c28b6833-03f3-43d7-88dd-1eb93de0674c is not the leader (null). Request must be sent to leader., logIndex=0, commits[c28b6833-03f3-43d7-88dd-1eb93de0674c:c-1]
2019-08-29 23:14:05,713 | INFO  | SCMAudit | user=jenkins1000 | ip=192.168.5.176 | op=SEND_HEARTBEAT {datanodeUUID=6fc9f5bf-9d19-4424-b095-dbd8051c5d1f, command=[]} | ret=SUCCESS |  
2019-08-29 23:14:05,778 | INFO  | SCMAudit | user=jenkins1000 | ip=192.168.5.176 | op=SEND_HEARTBEAT {datanodeUUID=7b8ea038-0abd-40f8-b5e6-235888bbf81b, command=[]} | ret=SUCCESS |  
2019-08-29 23:14:05,840 | INFO  | SCMAudit | user=jenkins1000 | ip=192.168.5.176 | op=SEND_HEARTBEAT {datanodeUUID=fdf38f52-984e-464b-b063-6b40bc579090, command=[]} | ret=SUCCESS |  
2019-08-29 23:14:05,906 | INFO  | SCMAudit | user=jenkins1000 | ip=192.168.5.176 | op=SEND_HEARTBEAT {datanodeUUID=b91667ad-dd07-438b-a2aa-20d994bbddf1, command=[]} | ret=SUCCESS |  
2019-08-29 23:14:05,975 | INFO  | SCMAudit | user=jenkins1000 | ip=192.168.5.176 | op=SEND_HEARTBEAT {datanodeUUID=c28b6833-03f3-43d7-88dd-1eb93de0674c, command=[]} | ret=SUCCESS |  
2019-08-29 23:14:06,034 | INFO  | SCMAudit | user=jenkins1000 | ip=192.168.5.176 | op=SEND_HEARTBEAT {datanodeUUID=c2791d19-603b-4976-b3e9-7899a47ab15b, command=[]} | ret=SUCCESS |  
2019-08-29 23:14:06,098 | INFO  | SCMAudit | user=jenkins1000 | ip=192.168.5.176 | op=SEND_HEARTBEAT {datanodeUUID=91c146c8-9622-4fdf-af50-459baf835861, command=[]} | ret=SUCCESS |  
2019-08-29 23:14:06,195 [grpc-default-executor-0] INFO  client.GrpcClientProtocolClient (GrpcClientProtocolClient.java:onNext(255)) - client-5CFC44E75E5D->c2791d19-603b-4976-b3e9-7899a47ab15b: receive RaftClientReply:client-5CFC44E75E5D->c2791d19-603b-4976-b3e9-7899a47ab15b@group-E13997D93674, cid=42, FAILED org.apache.ratis.protocol.NotLeaderException: Server c2791d19-603b-4976-b3e9-7899a47ab15b is not the leader (null). Request must be sent to leader., logIndex=0, commits[c2791d19-603b-4976-b3e9-7899a47ab15b:c-1]
2019-08-29 23:14:06,713 | INFO  | SCMAudit | user=jenkins1000 | ip=192.168.5.176 | op=SEND_HEARTBEAT {datanodeUUID=6fc9f5bf-9d19-4424-b095-dbd8051c5d1f, command=[]} | ret=SUCCESS |  
2019-08-29 23:14:06,724 [Thread-685] INFO  container.ReplicationManager (ReplicationManager.java:start(152)) - Starting Replication Monitor Thread.
2019-08-29 23:14:06,728 [ReplicationMonitor] INFO  container.ReplicationManager (ReplicationManager.java:run(215)) - Replication Monitor Thread took 0 milliseconds for processing 3 containers.
2019-08-29 23:14:06,779 | INFO  | SCMAudit | user=jenkins1000 | ip=192.168.5.176 | op=SEND_HEARTBEAT {datanodeUUID=7b8ea038-0abd-40f8-b5e6-235888bbf81b, command=[]} | ret=SUCCESS |  
2019-08-29 23:14:06,840 | INFO  | SCMAudit | user=jenkins1000 | ip=192.168.5.176 | op=SEND_HEARTBEAT {datanodeUUID=fdf38f52-984e-464b-b063-6b40bc579090, command=[]} | ret=SUCCESS |  
2019-08-29 23:14:06,907 | INFO  | SCMAudit | user=jenkins1000 | ip=192.168.5.176 | op=SEND_HEARTBEAT {datanodeUUID=b91667ad-dd07-438b-a2aa-20d994bbddf1, command=[]} | ret=SUCCESS |  
2019-08-29 23:14:06,975 | INFO  | SCMAudit | user=jenkins1000 | ip=192.168.5.176 | op=SEND_HEARTBEAT {datanodeUUID=c28b6833-03f3-43d7-88dd-1eb93de0674c, command=[]} | ret=SUCCESS |  
2019-08-29 23:14:07,035 | INFO  | SCMAudit | user=jenkins1000 | ip=192.168.5.176 | op=SEND_HEARTBEAT {datanodeUUID=c2791d19-603b-4976-b3e9-7899a47ab15b, command=[]} | ret=SUCCESS |  
2019-08-29 23:14:07,098 | INFO  | SCMAudit | user=jenkins1000 | ip=192.168.5.176 | op=SEND_HEARTBEAT {datanodeUUID=91c146c8-9622-4fdf-af50-459baf835861, command=[]} | ret=SUCCESS |  
2019-08-29 23:14:07,213 [grpc-default-executor-4] INFO  client.GrpcClientProtocolClient (GrpcClientProtocolClient.java:onNext(255)) - client-5CFC44E75E5D->c28b6833-03f3-43d7-88dd-1eb93de0674c: receive RaftClientReply:client-5CFC44E75E5D->c28b6833-03f3-43d7-88dd-1eb93de0674c@group-E13997D93674, cid=42, FAILED org.apache.ratis.protocol.NotLeaderException: Server c28b6833-03f3-43d7-88dd-1eb93de0674c is not the leader (null). Request must be sent to leader., logIndex=0, commits[c28b6833-03f3-43d7-88dd-1eb93de0674c:c-1]
2019-08-29 23:14:07,713 | INFO  | SCMAudit | user=jenkins1000 | ip=192.168.5.176 | op=SEND_HEARTBEAT {datanodeUUID=6fc9f5bf-9d19-4424-b095-dbd8051c5d1f, command=[]} | ret=SUCCESS |  
2019-08-29 23:14:07,779 | INFO  | SCMAudit | user=jenkins1000 | ip=192.168.5.176 | op=SEND_HEARTBEAT {datanodeUUID=7b8ea038-0abd-40f8-b5e6-235888bbf81b, command=[]} | ret=SUCCESS |  
2019-08-29 23:14:07,840 | INFO  | SCMAudit | user=jenkins1000 | ip=192.168.5.176 | op=SEND_HEARTBEAT {datanodeUUID=fdf38f52-984e-464b-b063-6b40bc579090, command=[]} | ret=SUCCESS |  
2019-08-29 23:14:07,906 | INFO  | SCMAudit | user=jenkins1000 | ip=192.168.5.176 | op=SEND_HEARTBEAT {datanodeUUID=b91667ad-dd07-438b-a2aa-20d994bbddf1, command=[]} | ret=SUCCESS |  
2019-08-29 23:14:07,974 | INFO  | SCMAudit | user=jenkins1000 | ip=192.168.5.176 | op=SEND_HEARTBEAT {datanodeUUID=c28b6833-03f3-43d7-88dd-1eb93de0674c, command=[]} | ret=SUCCESS |  
2019-08-29 23:14:08,034 | INFO  | SCMAudit | user=jenkins1000 | ip=192.168.5.176 | op=SEND_HEARTBEAT {datanodeUUID=c2791d19-603b-4976-b3e9-7899a47ab15b, command=[]} | ret=SUCCESS |  
2019-08-29 23:14:08,099 | INFO  | SCMAudit | user=jenkins1000 | ip=192.168.5.176 | op=SEND_HEARTBEAT {datanodeUUID=91c146c8-9622-4fdf-af50-459baf835861, command=[]} | ret=SUCCESS |  
2019-08-29 23:14:08,231 [grpc-default-executor-0] INFO  client.GrpcClientProtocolClient (GrpcClientProtocolClient.java:onNext(255)) - client-5CFC44E75E5D->c2791d19-603b-4976-b3e9-7899a47ab15b: receive RaftClientReply:client-5CFC44E75E5D->c2791d19-603b-4976-b3e9-7899a47ab15b@group-E13997D93674, cid=42, FAILED org.apache.ratis.protocol.NotLeaderException: Server c2791d19-603b-4976-b3e9-7899a47ab15b is not the leader (null). Request must be sent to leader., logIndex=0, commits[c2791d19-603b-4976-b3e9-7899a47ab15b:c-1]
2019-08-29 23:14:08,712 | INFO  | SCMAudit | user=jenkins1000 | ip=192.168.5.176 | op=SEND_HEARTBEAT {datanodeUUID=6fc9f5bf-9d19-4424-b095-dbd8051c5d1f, command=[]} | ret=SUCCESS |  
2019-08-29 23:14:08,779 | INFO  | SCMAudit | user=jenkins1000 | ip=192.168.5.176 | op=SEND_HEARTBEAT {datanodeUUID=7b8ea038-0abd-40f8-b5e6-235888bbf81b, command=[]} | ret=SUCCESS |  
2019-08-29 23:14:08,815 [Thread-687] INFO  impl.FollowerState (FollowerState.java:run(106)) - 6fc9f5bf-9d19-4424-b095-dbd8051c5d1f:group-E48FCD3BB78C changes to CANDIDATE, lastRpcTime:5045, electionTimeout:5045ms
2019-08-29 23:14:08,815 [Thread-687] INFO  impl.RoleInfo (RoleInfo.java:shutdownFollowerState(121)) - 6fc9f5bf-9d19-4424-b095-dbd8051c5d1f: shutdown FollowerState
2019-08-29 23:14:08,815 [Thread-687] INFO  impl.RaftServerImpl (RaftServerImpl.java:setRole(171)) - 6fc9f5bf-9d19-4424-b095-dbd8051c5d1f:group-E48FCD3BB78C changes role from FOLLOWER to CANDIDATE at term 0 for changeToCandidate
2019-08-29 23:14:08,815 [Thread-687] INFO  impl.RoleInfo (RoleInfo.java:updateAndGet(143)) - 6fc9f5bf-9d19-4424-b095-dbd8051c5d1f: start LeaderElection
2019-08-29 23:14:08,838 [6fc9f5bf-9d19-4424-b095-dbd8051c5d1f:group-E48FCD3BB78C:LeaderElection15] INFO  impl.LeaderElection (LeaderElection.java:askForVotes(181)) - 6fc9f5bf-9d19-4424-b095-dbd8051c5d1f:group-E48FCD3BB78C:LeaderElection15: begin an election at term 1 for -1: [6fc9f5bf-9d19-4424-b095-dbd8051c5d1f:192.168.5.176:36413], old=null
2019-08-29 23:14:08,838 [6fc9f5bf-9d19-4424-b095-dbd8051c5d1f:group-E48FCD3BB78C:LeaderElection15] INFO  impl.RoleInfo (RoleInfo.java:shutdownLeaderElection(134)) - 6fc9f5bf-9d19-4424-b095-dbd8051c5d1f: shutdown LeaderElection
2019-08-29 23:14:08,838 [6fc9f5bf-9d19-4424-b095-dbd8051c5d1f:group-E48FCD3BB78C:LeaderElection15] INFO  impl.RaftServerImpl (RaftServerImpl.java:setRole(171)) - 6fc9f5bf-9d19-4424-b095-dbd8051c5d1f:group-E48FCD3BB78C changes role from CANDIDATE to LEADER at term 1 for changeToLeader
2019-08-29 23:14:08,838 [6fc9f5bf-9d19-4424-b095-dbd8051c5d1f:group-E48FCD3BB78C:LeaderElection15] INFO  impl.RaftServerImpl (ServerState.java:setLeader(263)) - 6fc9f5bf-9d19-4424-b095-dbd8051c5d1f:group-E48FCD3BB78C change Leader from null to 6fc9f5bf-9d19-4424-b095-dbd8051c5d1f at term 1 for becomeLeader, leader elected after 5074ms
2019-08-29 23:14:08,838 [6fc9f5bf-9d19-4424-b095-dbd8051c5d1f:group-E48FCD3BB78C:LeaderElection15] INFO  server.RaftServerConfigKeys (ConfUtils.java:logGet(43)) - raft.server.staging.catchup.gap = 1000 (default)
2019-08-29 23:14:08,838 [6fc9f5bf-9d19-4424-b095-dbd8051c5d1f:group-E48FCD3BB78C:LeaderElection15] INFO  server.RaftServerConfigKeys (ConfUtils.java:logGet(43)) - raft.server.rpc.sleep.time = 25ms (default)
2019-08-29 23:14:08,839 [6fc9f5bf-9d19-4424-b095-dbd8051c5d1f:group-E48FCD3BB78C:LeaderElection15] INFO  server.RaftServerConfigKeys (ConfUtils.java:logGet(43)) - raft.server.write.element-limit = 4096 (default)
2019-08-29 23:14:08,839 [6fc9f5bf-9d19-4424-b095-dbd8051c5d1f:group-E48FCD3BB78C:LeaderElection15] INFO  server.RaftServerConfigKeys (ConfUtils.java:logGet(43)) - raft.server.watch.timeout = 10s (default)
2019-08-29 23:14:08,839 [6fc9f5bf-9d19-4424-b095-dbd8051c5d1f:group-E48FCD3BB78C:LeaderElection15] INFO  server.RaftServerConfigKeys (ConfUtils.java:logGet(43)) - raft.server.watch.timeout.denomination = 1s (default)
2019-08-29 23:14:08,839 [6fc9f5bf-9d19-4424-b095-dbd8051c5d1f:group-E48FCD3BB78C:LeaderElection15] INFO  server.RaftServerConfigKeys (ConfUtils.java:logGet(43)) - raft.server.watch.element-limit = 65536 (default)
2019-08-29 23:14:08,839 [6fc9f5bf-9d19-4424-b095-dbd8051c5d1f:group-E48FCD3BB78C:LeaderElection15] INFO  impl.RoleInfo (RoleInfo.java:updateAndGet(143)) - 6fc9f5bf-9d19-4424-b095-dbd8051c5d1f: start LeaderState
2019-08-29 23:14:08,840 [6fc9f5bf-9d19-4424-b095-dbd8051c5d1f:group-E48FCD3BB78C:LeaderElection15] INFO  segmented.SegmentedRaftLogWorker (SegmentedRaftLogWorker.java:startLogSegment(380)) - 6fc9f5bf-9d19-4424-b095-dbd8051c5d1f-SegmentedRaftLogWorker:Storage Directory /workdir/hadoop-ozone/integration-test/target/test-dir/MiniOzoneClusterImpl-dba45ac9-1770-4347-820b-e942d4b229ff/datanode-0/data/ratis/97f9df17-fa16-4acf-928e-e48fcd3bb78c: Starting segment from index:0
2019-08-29 23:14:08,840 [6fc9f5bf-9d19-4424-b095-dbd8051c5d1f:group-E48FCD3BB78C:LeaderElection15] INFO  impl.RaftServerImpl (ServerState.java:setRaftConf(361)) - 6fc9f5bf-9d19-4424-b095-dbd8051c5d1f:group-E48FCD3BB78C set configuration 0: [6fc9f5bf-9d19-4424-b095-dbd8051c5d1f:192.168.5.176:36413], old=null at 0
2019-08-29 23:14:08,841 | INFO  | SCMAudit | user=jenkins1000 | ip=192.168.5.176 | op=SEND_HEARTBEAT {datanodeUUID=fdf38f52-984e-464b-b063-6b40bc579090, command=[]} | ret=SUCCESS |  
2019-08-29 23:14:08,900 [6fc9f5bf-9d19-4424-b095-dbd8051c5d1f-SegmentedRaftLogWorker:Storage Directory /workdir/hadoop-ozone/integration-test/target/test-dir/MiniOzoneClusterImpl-dba45ac9-1770-4347-820b-e942d4b229ff/datanode-0/data/ratis/97f9df17-fa16-4acf-928e-e48fcd3bb78c] INFO  segmented.SegmentedRaftLogWorker (SegmentedRaftLogWorker.java:execute(569)) - 6fc9f5bf-9d19-4424-b095-dbd8051c5d1f-SegmentedRaftLogWorker:Storage Directory /workdir/hadoop-ozone/integration-test/target/test-dir/MiniOzoneClusterImpl-dba45ac9-1770-4347-820b-e942d4b229ff/datanode-0/data/ratis/97f9df17-fa16-4acf-928e-e48fcd3bb78c: created new log segment /workdir/hadoop-ozone/integration-test/target/test-dir/MiniOzoneClusterImpl-dba45ac9-1770-4347-820b-e942d4b229ff/datanode-0/data/ratis/97f9df17-fa16-4acf-928e-e48fcd3bb78c/current/log_inprogress_0
2019-08-29 23:14:08,907 | INFO  | SCMAudit | user=jenkins1000 | ip=192.168.5.176 | op=SEND_HEARTBEAT {datanodeUUID=b91667ad-dd07-438b-a2aa-20d994bbddf1, command=[]} | ret=SUCCESS |  
2019-08-29 23:14:08,974 | INFO  | SCMAudit | user=jenkins1000 | ip=192.168.5.176 | op=SEND_HEARTBEAT {datanodeUUID=c28b6833-03f3-43d7-88dd-1eb93de0674c, command=[]} | ret=SUCCESS |  
2019-08-29 23:14:08,988 [Thread-696] INFO  impl.FollowerState (FollowerState.java:run(106)) - 7b8ea038-0abd-40f8-b5e6-235888bbf81b:group-5360576734D0 changes to CANDIDATE, lastRpcTime:5037, electionTimeout:5037ms
2019-08-29 23:14:08,988 [Thread-696] INFO  impl.RoleInfo (RoleInfo.java:shutdownFollowerState(121)) - 7b8ea038-0abd-40f8-b5e6-235888bbf81b: shutdown FollowerState
2019-08-29 23:14:08,988 [Thread-696] INFO  impl.RaftServerImpl (RaftServerImpl.java:setRole(171)) - 7b8ea038-0abd-40f8-b5e6-235888bbf81b:group-5360576734D0 changes role from FOLLOWER to CANDIDATE at term 0 for changeToCandidate
2019-08-29 23:14:08,988 [Thread-696] INFO  impl.RoleInfo (RoleInfo.java:updateAndGet(143)) - 7b8ea038-0abd-40f8-b5e6-235888bbf81b: start LeaderElection
2019-08-29 23:14:09,006 [Thread-700] INFO  impl.FollowerState (FollowerState.java:run(106)) - fdf38f52-984e-464b-b063-6b40bc579090:group-5360576734D0 changes to CANDIDATE, lastRpcTime:5023, electionTimeout:5022ms
2019-08-29 23:14:09,006 [Thread-700] INFO  impl.RoleInfo (RoleInfo.java:shutdownFollowerState(121)) - fdf38f52-984e-464b-b063-6b40bc579090: shutdown FollowerState
2019-08-29 23:14:09,006 [Thread-700] INFO  impl.RaftServerImpl (RaftServerImpl.java:setRole(171)) - fdf38f52-984e-464b-b063-6b40bc579090:group-5360576734D0 changes role from FOLLOWER to CANDIDATE at term 0 for changeToCandidate
2019-08-29 23:14:09,006 [Thread-700] INFO  impl.RoleInfo (RoleInfo.java:updateAndGet(143)) - fdf38f52-984e-464b-b063-6b40bc579090: start LeaderElection
2019-08-29 23:14:09,008 [Thread-693] INFO  impl.FollowerState (FollowerState.java:run(106)) - fdf38f52-984e-464b-b063-6b40bc579090:group-D309F68A00B5 changes to CANDIDATE, lastRpcTime:5121, electionTimeout:5121ms
2019-08-29 23:14:09,009 [Thread-693] INFO  impl.RoleInfo (RoleInfo.java:shutdownFollowerState(121)) - fdf38f52-984e-464b-b063-6b40bc579090: shutdown FollowerState
2019-08-29 23:14:09,009 [Thread-693] INFO  impl.RaftServerImpl (RaftServerImpl.java:setRole(171)) - fdf38f52-984e-464b-b063-6b40bc579090:group-D309F68A00B5 changes role from FOLLOWER to CANDIDATE at term 0 for changeToCandidate
2019-08-29 23:14:09,010 [Thread-693] INFO  impl.RoleInfo (RoleInfo.java:updateAndGet(143)) - fdf38f52-984e-464b-b063-6b40bc579090: start LeaderElection
2019-08-29 23:14:09,017 [Thread-690] INFO  impl.FollowerState (FollowerState.java:run(106)) - 7b8ea038-0abd-40f8-b5e6-235888bbf81b:group-08AEBF30D454 changes to CANDIDATE, lastRpcTime:5181, electionTimeout:5175ms
2019-08-29 23:14:09,017 [Thread-690] INFO  impl.RoleInfo (RoleInfo.java:shutdownFollowerState(121)) - 7b8ea038-0abd-40f8-b5e6-235888bbf81b: shutdown FollowerState
2019-08-29 23:14:09,017 [Thread-690] INFO  impl.RaftServerImpl (RaftServerImpl.java:setRole(171)) - 7b8ea038-0abd-40f8-b5e6-235888bbf81b:group-08AEBF30D454 changes role from FOLLOWER to CANDIDATE at term 0 for changeToCandidate
2019-08-29 23:14:09,018 [Thread-690] INFO  impl.RoleInfo (RoleInfo.java:updateAndGet(143)) - 7b8ea038-0abd-40f8-b5e6-235888bbf81b: start LeaderElection
2019-08-29 23:14:09,035 | INFO  | SCMAudit | user=jenkins1000 | ip=192.168.5.176 | op=SEND_HEARTBEAT {datanodeUUID=c2791d19-603b-4976-b3e9-7899a47ab15b, command=[]} | ret=SUCCESS |  
2019-08-29 23:14:09,041 [7b8ea038-0abd-40f8-b5e6-235888bbf81b:group-5360576734D0:LeaderElection16] INFO  impl.LeaderElection (LeaderElection.java:askForVotes(181)) - 7b8ea038-0abd-40f8-b5e6-235888bbf81b:group-5360576734D0:LeaderElection16: begin an election at term 1 for -1: [6fc9f5bf-9d19-4424-b095-dbd8051c5d1f:192.168.5.176:36413, 7b8ea038-0abd-40f8-b5e6-235888bbf81b:192.168.5.176:39186, fdf38f52-984e-464b-b063-6b40bc579090:192.168.5.176:35543], old=null
2019-08-29 23:14:09,042 [fdf38f52-984e-464b-b063-6b40bc579090:group-5360576734D0:LeaderElection17] INFO  impl.LeaderElection (LeaderElection.java:askForVotes(181)) - fdf38f52-984e-464b-b063-6b40bc579090:group-5360576734D0:LeaderElection17: begin an election at term 1 for -1: [6fc9f5bf-9d19-4424-b095-dbd8051c5d1f:192.168.5.176:36413, 7b8ea038-0abd-40f8-b5e6-235888bbf81b:192.168.5.176:39186, fdf38f52-984e-464b-b063-6b40bc579090:192.168.5.176:35543], old=null
2019-08-29 23:14:09,042 [fdf38f52-984e-464b-b063-6b40bc579090:group-D309F68A00B5:LeaderElection18] INFO  impl.LeaderElection (LeaderElection.java:askForVotes(181)) - fdf38f52-984e-464b-b063-6b40bc579090:group-D309F68A00B5:LeaderElection18: begin an election at term 1 for -1: [fdf38f52-984e-464b-b063-6b40bc579090:192.168.5.176:35543], old=null
2019-08-29 23:14:09,042 [7b8ea038-0abd-40f8-b5e6-235888bbf81b:group-08AEBF30D454:LeaderElection19] INFO  impl.LeaderElection (LeaderElection.java:askForVotes(181)) - 7b8ea038-0abd-40f8-b5e6-235888bbf81b:group-08AEBF30D454:LeaderElection19: begin an election at term 1 for -1: [7b8ea038-0abd-40f8-b5e6-235888bbf81b:192.168.5.176:39186], old=null
2019-08-29 23:14:09,042 [fdf38f52-984e-464b-b063-6b40bc579090:group-D309F68A00B5:LeaderElection18] INFO  impl.RoleInfo (RoleInfo.java:shutdownLeaderElection(134)) - fdf38f52-984e-464b-b063-6b40bc579090: shutdown LeaderElection
2019-08-29 23:14:09,042 [7b8ea038-0abd-40f8-b5e6-235888bbf81b:group-08AEBF30D454:LeaderElection19] INFO  impl.RoleInfo (RoleInfo.java:shutdownLeaderElection(134)) - 7b8ea038-0abd-40f8-b5e6-235888bbf81b: shutdown LeaderElection
2019-08-29 23:14:09,043 [fdf38f52-984e-464b-b063-6b40bc579090:group-D309F68A00B5:LeaderElection18] INFO  impl.RaftServerImpl (RaftServerImpl.java:setRole(171)) - fdf38f52-984e-464b-b063-6b40bc579090:group-D309F68A00B5 changes role from CANDIDATE to LEADER at term 1 for changeToLeader
2019-08-29 23:14:09,043 [7b8ea038-0abd-40f8-b5e6-235888bbf81b:group-08AEBF30D454:LeaderElection19] INFO  impl.RaftServerImpl (RaftServerImpl.java:setRole(171)) - 7b8ea038-0abd-40f8-b5e6-235888bbf81b:group-08AEBF30D454 changes role from CANDIDATE to LEADER at term 1 for changeToLeader
2019-08-29 23:14:09,043 [fdf38f52-984e-464b-b063-6b40bc579090:group-D309F68A00B5:LeaderElection18] INFO  impl.RaftServerImpl (ServerState.java:setLeader(263)) - fdf38f52-984e-464b-b063-6b40bc579090:group-D309F68A00B5 change Leader from null to fdf38f52-984e-464b-b063-6b40bc579090 at term 1 for becomeLeader, leader elected after 5161ms
2019-08-29 23:14:09,043 [7b8ea038-0abd-40f8-b5e6-235888bbf81b:group-08AEBF30D454:LeaderElection19] INFO  impl.RaftServerImpl (ServerState.java:setLeader(263)) - 7b8ea038-0abd-40f8-b5e6-235888bbf81b:group-08AEBF30D454 change Leader from null to 7b8ea038-0abd-40f8-b5e6-235888bbf81b at term 1 for becomeLeader, leader elected after 5212ms
2019-08-29 23:14:09,043 [fdf38f52-984e-464b-b063-6b40bc579090:group-D309F68A00B5:LeaderElection18] INFO  server.RaftServerConfigKeys (ConfUtils.java:logGet(43)) - raft.server.staging.catchup.gap = 1000 (default)
2019-08-29 23:14:09,043 [7b8ea038-0abd-40f8-b5e6-235888bbf81b:group-08AEBF30D454:LeaderElection19] INFO  server.RaftServerConfigKeys (ConfUtils.java:logGet(43)) - raft.server.staging.catchup.gap = 1000 (default)
2019-08-29 23:14:09,044 [fdf38f52-984e-464b-b063-6b40bc579090:group-D309F68A00B5:LeaderElection18] INFO  server.RaftServerConfigKeys (ConfUtils.java:logGet(43)) - raft.server.rpc.sleep.time = 25ms (default)
2019-08-29 23:14:09,044 [7b8ea038-0abd-40f8-b5e6-235888bbf81b:group-08AEBF30D454:LeaderElection19] INFO  server.RaftServerConfigKeys (ConfUtils.java:logGet(43)) - raft.server.rpc.sleep.time = 25ms (default)
2019-08-29 23:14:09,044 [fdf38f52-984e-464b-b063-6b40bc579090:group-D309F68A00B5:LeaderElection18] INFO  server.RaftServerConfigKeys (ConfUtils.java:logGet(43)) - raft.server.write.element-limit = 4096 (default)
2019-08-29 23:14:09,044 [7b8ea038-0abd-40f8-b5e6-235888bbf81b:group-08AEBF30D454:LeaderElection19] INFO  server.RaftServerConfigKeys (ConfUtils.java:logGet(43)) - raft.server.write.element-limit = 4096 (default)
2019-08-29 23:14:09,044 [fdf38f52-984e-464b-b063-6b40bc579090:group-D309F68A00B5:LeaderElection18] INFO  server.RaftServerConfigKeys (ConfUtils.java:logGet(43)) - raft.server.watch.timeout = 10s (default)
2019-08-29 23:14:09,044 [7b8ea038-0abd-40f8-b5e6-235888bbf81b:group-08AEBF30D454:LeaderElection19] INFO  server.RaftServerConfigKeys (ConfUtils.java:logGet(43)) - raft.server.watch.timeout = 10s (default)
2019-08-29 23:14:09,044 [fdf38f52-984e-464b-b063-6b40bc579090:group-D309F68A00B5:LeaderElection18] INFO  server.RaftServerConfigKeys (ConfUtils.java:logGet(43)) - raft.server.watch.timeout.denomination = 1s (default)
2019-08-29 23:14:09,045 [7b8ea038-0abd-40f8-b5e6-235888bbf81b:group-08AEBF30D454:LeaderElection19] INFO  server.RaftServerConfigKeys (ConfUtils.java:logGet(43)) - raft.server.watch.timeout.denomination = 1s (default)
2019-08-29 23:14:09,045 [fdf38f52-984e-464b-b063-6b40bc579090:group-D309F68A00B5:LeaderElection18] INFO  server.RaftServerConfigKeys (ConfUtils.java:logGet(43)) - raft.server.watch.element-limit = 65536 (default)
2019-08-29 23:14:09,045 [7b8ea038-0abd-40f8-b5e6-235888bbf81b:group-08AEBF30D454:LeaderElection19] INFO  server.RaftServerConfigKeys (ConfUtils.java:logGet(43)) - raft.server.watch.element-limit = 65536 (default)
2019-08-29 23:14:09,045 [fdf38f52-984e-464b-b063-6b40bc579090:group-D309F68A00B5:LeaderElection18] INFO  impl.RoleInfo (RoleInfo.java:updateAndGet(143)) - fdf38f52-984e-464b-b063-6b40bc579090: start LeaderState
2019-08-29 23:14:09,045 [7b8ea038-0abd-40f8-b5e6-235888bbf81b:group-08AEBF30D454:LeaderElection19] INFO  impl.RoleInfo (RoleInfo.java:updateAndGet(143)) - 7b8ea038-0abd-40f8-b5e6-235888bbf81b: start LeaderState
2019-08-29 23:14:09,045 [7b8ea038-0abd-40f8-b5e6-235888bbf81b:group-08AEBF30D454:LeaderElection19] INFO  segmented.SegmentedRaftLogWorker (SegmentedRaftLogWorker.java:startLogSegment(380)) - 7b8ea038-0abd-40f8-b5e6-235888bbf81b-SegmentedRaftLogWorker:Storage Directory /workdir/hadoop-ozone/integration-test/target/test-dir/MiniOzoneClusterImpl-dba45ac9-1770-4347-820b-e942d4b229ff/datanode-1/data/ratis/d2dddef1-e549-4f2f-97a3-08aebf30d454: Starting segment from index:0
2019-08-29 23:14:09,045 [fdf38f52-984e-464b-b063-6b40bc579090:group-D309F68A00B5:LeaderElection18] INFO  segmented.SegmentedRaftLogWorker (SegmentedRaftLogWorker.java:startLogSegment(380)) - fdf38f52-984e-464b-b063-6b40bc579090-SegmentedRaftLogWorker:Storage Directory /workdir/hadoop-ozone/integration-test/target/test-dir/MiniOzoneClusterImpl-dba45ac9-1770-4347-820b-e942d4b229ff/datanode-2/data/ratis/b10009f9-ccba-496d-ac1d-d309f68a00b5: Starting segment from index:0
2019-08-29 23:14:09,080 [Thread-701] INFO  impl.FollowerState (FollowerState.java:run(106)) - 6fc9f5bf-9d19-4424-b095-dbd8051c5d1f:group-5360576734D0 changes to CANDIDATE, lastRpcTime:5097, electionTimeout:5095ms
2019-08-29 23:14:09,081 [Thread-701] INFO  impl.RoleInfo (RoleInfo.java:shutdownFollowerState(121)) - 6fc9f5bf-9d19-4424-b095-dbd8051c5d1f: shutdown FollowerState
2019-08-29 23:14:09,081 [7b8ea038-0abd-40f8-b5e6-235888bbf81b:group-08AEBF30D454:LeaderElection19] INFO  impl.RaftServerImpl (ServerState.java:setRaftConf(361)) - 7b8ea038-0abd-40f8-b5e6-235888bbf81b:group-08AEBF30D454 set configuration 0: [7b8ea038-0abd-40f8-b5e6-235888bbf81b:192.168.5.176:39186], old=null at 0
2019-08-29 23:14:09,081 [fdf38f52-984e-464b-b063-6b40bc579090:group-D309F68A00B5:LeaderElection18] INFO  impl.RaftServerImpl (ServerState.java:setRaftConf(361)) - fdf38f52-984e-464b-b063-6b40bc579090:group-D309F68A00B5 set configuration 0: [fdf38f52-984e-464b-b063-6b40bc579090:192.168.5.176:35543], old=null at 0
2019-08-29 23:14:09,082 [Thread-701] INFO  impl.RaftServerImpl (RaftServerImpl.java:setRole(171)) - 6fc9f5bf-9d19-4424-b095-dbd8051c5d1f:group-5360576734D0 changes role from FOLLOWER to CANDIDATE at term 0 for changeToCandidate
2019-08-29 23:14:09,088 [Thread-701] INFO  impl.RoleInfo (RoleInfo.java:updateAndGet(143)) - 6fc9f5bf-9d19-4424-b095-dbd8051c5d1f: start LeaderElection
2019-08-29 23:14:09,093 [7b8ea038-0abd-40f8-b5e6-235888bbf81b-SegmentedRaftLogWorker:Storage Directory /workdir/hadoop-ozone/integration-test/target/test-dir/MiniOzoneClusterImpl-dba45ac9-1770-4347-820b-e942d4b229ff/datanode-1/data/ratis/d2dddef1-e549-4f2f-97a3-08aebf30d454] INFO  segmented.SegmentedRaftLogWorker (SegmentedRaftLogWorker.java:execute(569)) - 7b8ea038-0abd-40f8-b5e6-235888bbf81b-SegmentedRaftLogWorker:Storage Directory /workdir/hadoop-ozone/integration-test/target/test-dir/MiniOzoneClusterImpl-dba45ac9-1770-4347-820b-e942d4b229ff/datanode-1/data/ratis/d2dddef1-e549-4f2f-97a3-08aebf30d454: created new log segment /workdir/hadoop-ozone/integration-test/target/test-dir/MiniOzoneClusterImpl-dba45ac9-1770-4347-820b-e942d4b229ff/datanode-1/data/ratis/d2dddef1-e549-4f2f-97a3-08aebf30d454/current/log_inprogress_0
2019-08-29 23:14:09,093 [fdf38f52-984e-464b-b063-6b40bc579090-SegmentedRaftLogWorker:Storage Directory /workdir/hadoop-ozone/integration-test/target/test-dir/MiniOzoneClusterImpl-dba45ac9-1770-4347-820b-e942d4b229ff/datanode-2/data/ratis/b10009f9-ccba-496d-ac1d-d309f68a00b5] INFO  segmented.SegmentedRaftLogWorker (SegmentedRaftLogWorker.java:execute(569)) - fdf38f52-984e-464b-b063-6b40bc579090-SegmentedRaftLogWorker:Storage Directory /workdir/hadoop-ozone/integration-test/target/test-dir/MiniOzoneClusterImpl-dba45ac9-1770-4347-820b-e942d4b229ff/datanode-2/data/ratis/b10009f9-ccba-496d-ac1d-d309f68a00b5: created new log segment /workdir/hadoop-ozone/integration-test/target/test-dir/MiniOzoneClusterImpl-dba45ac9-1770-4347-820b-e942d4b229ff/datanode-2/data/ratis/b10009f9-ccba-496d-ac1d-d309f68a00b5/current/log_inprogress_0
2019-08-29 23:14:09,101 | INFO  | SCMAudit | user=jenkins1000 | ip=192.168.5.176 | op=SEND_HEARTBEAT {datanodeUUID=91c146c8-9622-4fdf-af50-459baf835861, command=[]} | ret=SUCCESS |  
2019-08-29 23:14:09,108 [6fc9f5bf-9d19-4424-b095-dbd8051c5d1f:group-5360576734D0:LeaderElection20] INFO  impl.LeaderElection (LeaderElection.java:askForVotes(181)) - 6fc9f5bf-9d19-4424-b095-dbd8051c5d1f:group-5360576734D0:LeaderElection20: begin an election at term 1 for -1: [6fc9f5bf-9d19-4424-b095-dbd8051c5d1f:192.168.5.176:36413, 7b8ea038-0abd-40f8-b5e6-235888bbf81b:192.168.5.176:39186, fdf38f52-984e-464b-b063-6b40bc579090:192.168.5.176:35543], old=null
2019-08-29 23:14:09,111 [7b8ea038-0abd-40f8-b5e6-235888bbf81b:group-5360576734D0:LeaderElection16] INFO  impl.LeaderElection (LeaderElection.java:logAndReturn(56)) - 7b8ea038-0abd-40f8-b5e6-235888bbf81b:group-5360576734D0:LeaderElection16: Election REJECTED; received 2 response(s) [7b8ea038-0abd-40f8-b5e6-235888bbf81b<-6fc9f5bf-9d19-4424-b095-dbd8051c5d1f#0:FAIL-t1, 7b8ea038-0abd-40f8-b5e6-235888bbf81b<-fdf38f52-984e-464b-b063-6b40bc579090#0:FAIL-t1] and 0 exception(s); 7b8ea038-0abd-40f8-b5e6-235888bbf81b:t1, leader=null, voted=7b8ea038-0abd-40f8-b5e6-235888bbf81b, raftlog=7b8ea038-0abd-40f8-b5e6-235888bbf81b-SegmentedRaftLog:OPENED:c-1,f-1,i0, conf=-1: [6fc9f5bf-9d19-4424-b095-dbd8051c5d1f:192.168.5.176:36413, 7b8ea038-0abd-40f8-b5e6-235888bbf81b:192.168.5.176:39186, fdf38f52-984e-464b-b063-6b40bc579090:192.168.5.176:35543], old=null
2019-08-29 23:14:09,111 [fdf38f52-984e-464b-b063-6b40bc579090:group-5360576734D0:LeaderElection17] INFO  impl.LeaderElection (LeaderElection.java:logAndReturn(56)) - fdf38f52-984e-464b-b063-6b40bc579090:group-5360576734D0:LeaderElection17: Election REJECTED; received 2 response(s) [fdf38f52-984e-464b-b063-6b40bc579090<-6fc9f5bf-9d19-4424-b095-dbd8051c5d1f#0:FAIL-t1, fdf38f52-984e-464b-b063-6b40bc579090<-7b8ea038-0abd-40f8-b5e6-235888bbf81b#0:FAIL-t1] and 0 exception(s); fdf38f52-984e-464b-b063-6b40bc579090:t1, leader=null, voted=fdf38f52-984e-464b-b063-6b40bc579090, raftlog=fdf38f52-984e-464b-b063-6b40bc579090-SegmentedRaftLog:OPENED:c-1,f-1,i0, conf=-1: [6fc9f5bf-9d19-4424-b095-dbd8051c5d1f:192.168.5.176:36413, 7b8ea038-0abd-40f8-b5e6-235888bbf81b:192.168.5.176:39186, fdf38f52-984e-464b-b063-6b40bc579090:192.168.5.176:35543], old=null
2019-08-29 23:14:09,111 [7b8ea038-0abd-40f8-b5e6-235888bbf81b:group-5360576734D0:LeaderElection16] INFO  impl.RaftServerImpl (RaftServerImpl.java:setRole(171)) - 7b8ea038-0abd-40f8-b5e6-235888bbf81b:group-5360576734D0 changes role from CANDIDATE to FOLLOWER at term 1 for DISCOVERED_A_NEW_TERM
2019-08-29 23:14:09,112 [fdf38f52-984e-464b-b063-6b40bc579090:group-5360576734D0:LeaderElection17] INFO  impl.RaftServerImpl (RaftServerImpl.java:setRole(171)) - fdf38f52-984e-464b-b063-6b40bc579090:group-5360576734D0 changes role from CANDIDATE to FOLLOWER at term 1 for DISCOVERED_A_NEW_TERM
2019-08-29 23:14:09,112 [7b8ea038-0abd-40f8-b5e6-235888bbf81b:group-5360576734D0:LeaderElection16] INFO  impl.RoleInfo (RoleInfo.java:shutdownLeaderElection(134)) - 7b8ea038-0abd-40f8-b5e6-235888bbf81b: shutdown LeaderElection
2019-08-29 23:14:09,112 [fdf38f52-984e-464b-b063-6b40bc579090:group-5360576734D0:LeaderElection17] INFO  impl.RoleInfo (RoleInfo.java:shutdownLeaderElection(134)) - fdf38f52-984e-464b-b063-6b40bc579090: shutdown LeaderElection
2019-08-29 23:14:09,112 [7b8ea038-0abd-40f8-b5e6-235888bbf81b:group-5360576734D0:LeaderElection16] INFO  impl.RoleInfo (RoleInfo.java:updateAndGet(143)) - 7b8ea038-0abd-40f8-b5e6-235888bbf81b: start FollowerState
2019-08-29 23:14:09,112 [fdf38f52-984e-464b-b063-6b40bc579090:group-5360576734D0:LeaderElection17] INFO  impl.RoleInfo (RoleInfo.java:updateAndGet(143)) - fdf38f52-984e-464b-b063-6b40bc579090: start FollowerState
2019-08-29 23:14:09,115 [6fc9f5bf-9d19-4424-b095-dbd8051c5d1f:group-5360576734D0:LeaderElection20] INFO  impl.LeaderElection (LeaderElection.java:logAndReturn(56)) - 6fc9f5bf-9d19-4424-b095-dbd8051c5d1f:group-5360576734D0:LeaderElection20: Election REJECTED; received 2 response(s) [6fc9f5bf-9d19-4424-b095-dbd8051c5d1f<-7b8ea038-0abd-40f8-b5e6-235888bbf81b#0:FAIL-t1, 6fc9f5bf-9d19-4424-b095-dbd8051c5d1f<-fdf38f52-984e-464b-b063-6b40bc579090#0:FAIL-t1] and 0 exception(s); 6fc9f5bf-9d19-4424-b095-dbd8051c5d1f:t1, leader=null, voted=6fc9f5bf-9d19-4424-b095-dbd8051c5d1f, raftlog=6fc9f5bf-9d19-4424-b095-dbd8051c5d1f-SegmentedRaftLog:OPENED:c-1,f-1,i0, conf=-1: [6fc9f5bf-9d19-4424-b095-dbd8051c5d1f:192.168.5.176:36413, 7b8ea038-0abd-40f8-b5e6-235888bbf81b:192.168.5.176:39186, fdf38f52-984e-464b-b063-6b40bc579090:192.168.5.176:35543], old=null
2019-08-29 23:14:09,115 [6fc9f5bf-9d19-4424-b095-dbd8051c5d1f:group-5360576734D0:LeaderElection20] INFO  impl.RaftServerImpl (RaftServerImpl.java:setRole(171)) - 6fc9f5bf-9d19-4424-b095-dbd8051c5d1f:group-5360576734D0 changes role from CANDIDATE to FOLLOWER at term 1 for DISCOVERED_A_NEW_TERM
2019-08-29 23:14:09,115 [6fc9f5bf-9d19-4424-b095-dbd8051c5d1f:group-5360576734D0:LeaderElection20] INFO  impl.RoleInfo (RoleInfo.java:shutdownLeaderElection(134)) - 6fc9f5bf-9d19-4424-b095-dbd8051c5d1f: shutdown LeaderElection
2019-08-29 23:14:09,116 [6fc9f5bf-9d19-4424-b095-dbd8051c5d1f:group-5360576734D0:LeaderElection20] INFO  impl.RoleInfo (RoleInfo.java:updateAndGet(143)) - 6fc9f5bf-9d19-4424-b095-dbd8051c5d1f: start FollowerState
2019-08-29 23:14:09,154 [Thread-705] INFO  impl.FollowerState (FollowerState.java:run(106)) - c28b6833-03f3-43d7-88dd-1eb93de0674c:group-659895E5233C changes to CANDIDATE, lastRpcTime:5060, electionTimeout:5060ms
2019-08-29 23:14:09,154 [Thread-705] INFO  impl.RoleInfo (RoleInfo.java:shutdownFollowerState(121)) - c28b6833-03f3-43d7-88dd-1eb93de0674c: shutdown FollowerState
2019-08-29 23:14:09,154 [Thread-705] INFO  impl.RaftServerImpl (RaftServerImpl.java:setRole(171)) - c28b6833-03f3-43d7-88dd-1eb93de0674c:group-659895E5233C changes role from FOLLOWER to CANDIDATE at term 0 for changeToCandidate
2019-08-29 23:14:09,154 [Thread-705] INFO  impl.RoleInfo (RoleInfo.java:updateAndGet(143)) - c28b6833-03f3-43d7-88dd-1eb93de0674c: start LeaderElection
2019-08-29 23:14:09,173 [c28b6833-03f3-43d7-88dd-1eb93de0674c:group-659895E5233C:LeaderElection21] INFO  impl.LeaderElection (LeaderElection.java:askForVotes(181)) - c28b6833-03f3-43d7-88dd-1eb93de0674c:group-659895E5233C:LeaderElection21: begin an election at term 1 for -1: [c28b6833-03f3-43d7-88dd-1eb93de0674c:192.168.5.176:36768], old=null
2019-08-29 23:14:09,173 [c28b6833-03f3-43d7-88dd-1eb93de0674c:group-659895E5233C:LeaderElection21] INFO  impl.RoleInfo (RoleInfo.java:shutdownLeaderElection(134)) - c28b6833-03f3-43d7-88dd-1eb93de0674c: shutdown LeaderElection
2019-08-29 23:14:09,173 [c28b6833-03f3-43d7-88dd-1eb93de0674c:group-659895E5233C:LeaderElection21] INFO  impl.RaftServerImpl (RaftServerImpl.java:setRole(171)) - c28b6833-03f3-43d7-88dd-1eb93de0674c:group-659895E5233C changes role from CANDIDATE to LEADER at term 1 for changeToLeader
2019-08-29 23:14:09,173 [c28b6833-03f3-43d7-88dd-1eb93de0674c:group-659895E5233C:LeaderElection21] INFO  impl.RaftServerImpl (ServerState.java:setLeader(263)) - c28b6833-03f3-43d7-88dd-1eb93de0674c:group-659895E5233C change Leader from null to c28b6833-03f3-43d7-88dd-1eb93de0674c at term 1 for becomeLeader, leader elected after 5085ms
2019-08-29 23:14:09,174 [c28b6833-03f3-43d7-88dd-1eb93de0674c:group-659895E5233C:LeaderElection21] INFO  server.RaftServerConfigKeys (ConfUtils.java:logGet(43)) - raft.server.staging.catchup.gap = 1000 (default)
2019-08-29 23:14:09,174 [c28b6833-03f3-43d7-88dd-1eb93de0674c:group-659895E5233C:LeaderElection21] INFO  server.RaftServerConfigKeys (ConfUtils.java:logGet(43)) - raft.server.rpc.sleep.time = 25ms (default)
2019-08-29 23:14:09,174 [c28b6833-03f3-43d7-88dd-1eb93de0674c:group-659895E5233C:LeaderElection21] INFO  server.RaftServerConfigKeys (ConfUtils.java:logGet(43)) - raft.server.write.element-limit = 4096 (default)
2019-08-29 23:14:09,174 [c28b6833-03f3-43d7-88dd-1eb93de0674c:group-659895E5233C:LeaderElection21] INFO  server.RaftServerConfigKeys (ConfUtils.java:logGet(43)) - raft.server.watch.timeout = 10s (default)
2019-08-29 23:14:09,174 [c28b6833-03f3-43d7-88dd-1eb93de0674c:group-659895E5233C:LeaderElection21] INFO  server.RaftServerConfigKeys (ConfUtils.java:logGet(43)) - raft.server.watch.timeout.denomination = 1s (default)
2019-08-29 23:14:09,174 [c28b6833-03f3-43d7-88dd-1eb93de0674c:group-659895E5233C:LeaderElection21] INFO  server.RaftServerConfigKeys (ConfUtils.java:logGet(43)) - raft.server.watch.element-limit = 65536 (default)
2019-08-29 23:14:09,175 [c28b6833-03f3-43d7-88dd-1eb93de0674c:group-659895E5233C:LeaderElection21] INFO  impl.RoleInfo (RoleInfo.java:updateAndGet(143)) - c28b6833-03f3-43d7-88dd-1eb93de0674c: start LeaderState
2019-08-29 23:14:09,175 [c28b6833-03f3-43d7-88dd-1eb93de0674c:group-659895E5233C:LeaderElection21] INFO  segmented.SegmentedRaftLogWorker (SegmentedRaftLogWorker.java:startLogSegment(380)) - c28b6833-03f3-43d7-88dd-1eb93de0674c-SegmentedRaftLogWorker:Storage Directory /workdir/hadoop-ozone/integration-test/target/test-dir/MiniOzoneClusterImpl-dba45ac9-1770-4347-820b-e942d4b229ff/datanode-4/data/ratis/e7d305e7-a2ec-47c2-93d7-659895e5233c: Starting segment from index:0
2019-08-29 23:14:09,175 [c28b6833-03f3-43d7-88dd-1eb93de0674c:group-659895E5233C:LeaderElection21] INFO  impl.RaftServerImpl (ServerState.java:setRaftConf(361)) - c28b6833-03f3-43d7-88dd-1eb93de0674c:group-659895E5233C set configuration 0: [c28b6833-03f3-43d7-88dd-1eb93de0674c:192.168.5.176:36768], old=null at 0
2019-08-29 23:14:09,217 [c28b6833-03f3-43d7-88dd-1eb93de0674c-SegmentedRaftLogWorker:Storage Directory /workdir/hadoop-ozone/integration-test/target/test-dir/MiniOzoneClusterImpl-dba45ac9-1770-4347-820b-e942d4b229ff/datanode-4/data/ratis/e7d305e7-a2ec-47c2-93d7-659895e5233c] INFO  segmented.SegmentedRaftLogWorker (SegmentedRaftLogWorker.java:execute(569)) - c28b6833-03f3-43d7-88dd-1eb93de0674c-SegmentedRaftLogWorker:Storage Directory /workdir/hadoop-ozone/integration-test/target/test-dir/MiniOzoneClusterImpl-dba45ac9-1770-4347-820b-e942d4b229ff/datanode-4/data/ratis/e7d305e7-a2ec-47c2-93d7-659895e5233c: created new log segment /workdir/hadoop-ozone/integration-test/target/test-dir/MiniOzoneClusterImpl-dba45ac9-1770-4347-820b-e942d4b229ff/datanode-4/data/ratis/e7d305e7-a2ec-47c2-93d7-659895e5233c/current/log_inprogress_0
2019-08-29 23:14:09,249 [grpc-default-executor-2] INFO  client.GrpcClientProtocolClient (GrpcClientProtocolClient.java:onNext(255)) - client-5CFC44E75E5D->c28b6833-03f3-43d7-88dd-1eb93de0674c: receive RaftClientReply:client-5CFC44E75E5D->c28b6833-03f3-43d7-88dd-1eb93de0674c@group-E13997D93674, cid=42, FAILED org.apache.ratis.protocol.NotLeaderException: Server c28b6833-03f3-43d7-88dd-1eb93de0674c is not the leader (null). Request must be sent to leader., logIndex=0, commits[c28b6833-03f3-43d7-88dd-1eb93de0674c:c-1]
2019-08-29 23:14:09,288 [Thread-720] INFO  impl.FollowerState (FollowerState.java:run(106)) - c28b6833-03f3-43d7-88dd-1eb93de0674c:group-E13997D93674 changes to CANDIDATE, lastRpcTime:5006, electionTimeout:5006ms
2019-08-29 23:14:09,288 [Thread-720] INFO  impl.RoleInfo (RoleInfo.java:shutdownFollowerState(121)) - c28b6833-03f3-43d7-88dd-1eb93de0674c: shutdown FollowerState
2019-08-29 23:14:09,288 [Thread-720] INFO  impl.RaftServerImpl (RaftServerImpl.java:setRole(171)) - c28b6833-03f3-43d7-88dd-1eb93de0674c:group-E13997D93674 changes role from FOLLOWER to CANDIDATE at term 0 for changeToCandidate
2019-08-29 23:14:09,288 [Thread-720] INFO  impl.RoleInfo (RoleInfo.java:updateAndGet(143)) - c28b6833-03f3-43d7-88dd-1eb93de0674c: start LeaderElection
2019-08-29 23:14:09,307 [c28b6833-03f3-43d7-88dd-1eb93de0674c:group-E13997D93674:LeaderElection22] INFO  impl.LeaderElection (LeaderElection.java:askForVotes(181)) - c28b6833-03f3-43d7-88dd-1eb93de0674c:group-E13997D93674:LeaderElection22: begin an election at term 1 for -1: [c2791d19-603b-4976-b3e9-7899a47ab15b:192.168.5.176:38017, c28b6833-03f3-43d7-88dd-1eb93de0674c:192.168.5.176:36768, 91c146c8-9622-4fdf-af50-459baf835861:192.168.5.176:45463], old=null
2019-08-29 23:14:09,313 [grpc-default-executor-0] INFO  impl.RaftServerImpl (RaftServerImpl.java:setRole(171)) - c2791d19-603b-4976-b3e9-7899a47ab15b:group-E13997D93674 changes role from FOLLOWER to FOLLOWER at term 1 for recognizeCandidate:c28b6833-03f3-43d7-88dd-1eb93de0674c
2019-08-29 23:14:09,313 [grpc-default-executor-2] INFO  impl.RaftServerImpl (RaftServerImpl.java:setRole(171)) - 91c146c8-9622-4fdf-af50-459baf835861:group-E13997D93674 changes role from FOLLOWER to FOLLOWER at term 1 for recognizeCandidate:c28b6833-03f3-43d7-88dd-1eb93de0674c
2019-08-29 23:14:09,313 [grpc-default-executor-0] INFO  impl.RoleInfo (RoleInfo.java:shutdownFollowerState(121)) - c2791d19-603b-4976-b3e9-7899a47ab15b: shutdown FollowerState
2019-08-29 23:14:09,313 [grpc-default-executor-2] INFO  impl.RoleInfo (RoleInfo.java:shutdownFollowerState(121)) - 91c146c8-9622-4fdf-af50-459baf835861: shutdown FollowerState
2019-08-29 23:14:09,313 [Thread-722] INFO  impl.FollowerState (FollowerState.java:run(114)) - c2791d19-603b-4976-b3e9-7899a47ab15b: FollowerState was interrupted: java.lang.InterruptedException: sleep interrupted
2019-08-29 23:14:09,314 [grpc-default-executor-2] INFO  impl.RoleInfo (RoleInfo.java:updateAndGet(143)) - 91c146c8-9622-4fdf-af50-459baf835861: start FollowerState
2019-08-29 23:14:09,314 [grpc-default-executor-0] INFO  impl.RoleInfo (RoleInfo.java:updateAndGet(143)) - c2791d19-603b-4976-b3e9-7899a47ab15b: start FollowerState
2019-08-29 23:14:09,314 [Thread-717] INFO  impl.FollowerState (FollowerState.java:run(114)) - 91c146c8-9622-4fdf-af50-459baf835861: FollowerState was interrupted: java.lang.InterruptedException: sleep interrupted
2019-08-29 23:14:09,331 [Thread-714] INFO  impl.FollowerState (FollowerState.java:run(106)) - b91667ad-dd07-438b-a2aa-20d994bbddf1:group-47EDBDE8EAA2 changes to CANDIDATE, lastRpcTime:5107, electionTimeout:5107ms
2019-08-29 23:14:09,332 [Thread-714] INFO  impl.RoleInfo (RoleInfo.java:shutdownFollowerState(121)) - b91667ad-dd07-438b-a2aa-20d994bbddf1: shutdown FollowerState
2019-08-29 23:14:09,332 [Thread-714] INFO  impl.RaftServerImpl (RaftServerImpl.java:setRole(171)) - b91667ad-dd07-438b-a2aa-20d994bbddf1:group-47EDBDE8EAA2 changes role from FOLLOWER to CANDIDATE at term 0 for changeToCandidate
2019-08-29 23:14:09,332 [Thread-714] INFO  impl.RoleInfo (RoleInfo.java:updateAndGet(143)) - b91667ad-dd07-438b-a2aa-20d994bbddf1: start LeaderElection
2019-08-29 23:14:09,337 [Thread-708] INFO  impl.FollowerState (FollowerState.java:run(106)) - c2791d19-603b-4976-b3e9-7899a47ab15b:group-9BE473F724E9 changes to CANDIDATE, lastRpcTime:5197, electionTimeout:5195ms
2019-08-29 23:14:09,337 [Thread-708] INFO  impl.RoleInfo (RoleInfo.java:shutdownFollowerState(121)) - c2791d19-603b-4976-b3e9-7899a47ab15b: shutdown FollowerState
2019-08-29 23:14:09,337 [Thread-708] INFO  impl.RaftServerImpl (RaftServerImpl.java:setRole(171)) - c2791d19-603b-4976-b3e9-7899a47ab15b:group-9BE473F724E9 changes role from FOLLOWER to CANDIDATE at term 0 for changeToCandidate
2019-08-29 23:14:09,338 [Thread-708] INFO  impl.RoleInfo (RoleInfo.java:updateAndGet(143)) - c2791d19-603b-4976-b3e9-7899a47ab15b: start LeaderElection
2019-08-29 23:14:09,346 [c28b6833-03f3-43d7-88dd-1eb93de0674c:group-E13997D93674:LeaderElection22] INFO  impl.LeaderElection (LeaderElection.java:logAndReturn(56)) - c28b6833-03f3-43d7-88dd-1eb93de0674c:group-E13997D93674:LeaderElection22: Election PASSED; received 1 response(s) [c28b6833-03f3-43d7-88dd-1eb93de0674c<-c2791d19-603b-4976-b3e9-7899a47ab15b#0:OK-t1] and 0 exception(s); c28b6833-03f3-43d7-88dd-1eb93de0674c:t1, leader=null, voted=c28b6833-03f3-43d7-88dd-1eb93de0674c, raftlog=c28b6833-03f3-43d7-88dd-1eb93de0674c-SegmentedRaftLog:OPENED:c-1,f-1,i0, conf=-1: [c2791d19-603b-4976-b3e9-7899a47ab15b:192.168.5.176:38017, c28b6833-03f3-43d7-88dd-1eb93de0674c:192.168.5.176:36768, 91c146c8-9622-4fdf-af50-459baf835861:192.168.5.176:45463], old=null
2019-08-29 23:14:09,346 [c28b6833-03f3-43d7-88dd-1eb93de0674c:group-E13997D93674:LeaderElection22] INFO  impl.RoleInfo (RoleInfo.java:shutdownLeaderElection(134)) - c28b6833-03f3-43d7-88dd-1eb93de0674c: shutdown LeaderElection
2019-08-29 23:14:09,346 [c28b6833-03f3-43d7-88dd-1eb93de0674c:group-E13997D93674:LeaderElection22] INFO  impl.RaftServerImpl (RaftServerImpl.java:setRole(171)) - c28b6833-03f3-43d7-88dd-1eb93de0674c:group-E13997D93674 changes role from CANDIDATE to LEADER at term 1 for changeToLeader
2019-08-29 23:14:09,346 [c28b6833-03f3-43d7-88dd-1eb93de0674c:group-E13997D93674:LeaderElection22] INFO  impl.RaftServerImpl (ServerState.java:setLeader(263)) - c28b6833-03f3-43d7-88dd-1eb93de0674c:group-E13997D93674 change Leader from null to c28b6833-03f3-43d7-88dd-1eb93de0674c at term 1 for becomeLeader, leader elected after 5072ms
2019-08-29 23:14:09,346 [b91667ad-dd07-438b-a2aa-20d994bbddf1:group-47EDBDE8EAA2:LeaderElection23] INFO  impl.LeaderElection (LeaderElection.java:askForVotes(181)) - b91667ad-dd07-438b-a2aa-20d994bbddf1:group-47EDBDE8EAA2:LeaderElection23: begin an election at term 1 for -1: [b91667ad-dd07-438b-a2aa-20d994bbddf1:192.168.5.176:41503], old=null
2019-08-29 23:14:09,346 [c2791d19-603b-4976-b3e9-7899a47ab15b:group-9BE473F724E9:LeaderElection24] INFO  impl.LeaderElection (LeaderElection.java:askForVotes(181)) - c2791d19-603b-4976-b3e9-7899a47ab15b:group-9BE473F724E9:LeaderElection24: begin an election at term 1 for -1: [c2791d19-603b-4976-b3e9-7899a47ab15b:192.168.5.176:38017], old=null
2019-08-29 23:14:09,346 [b91667ad-dd07-438b-a2aa-20d994bbddf1:group-47EDBDE8EAA2:LeaderElection23] INFO  impl.RoleInfo (RoleInfo.java:shutdownLeaderElection(134)) - b91667ad-dd07-438b-a2aa-20d994bbddf1: shutdown LeaderElection
2019-08-29 23:14:09,346 [c28b6833-03f3-43d7-88dd-1eb93de0674c:group-E13997D93674:LeaderElection22] INFO  server.RaftServerConfigKeys (ConfUtils.java:logGet(43)) - raft.server.staging.catchup.gap = 1000 (default)
2019-08-29 23:14:09,347 [b91667ad-dd07-438b-a2aa-20d994bbddf1:group-47EDBDE8EAA2:LeaderElection23] INFO  impl.RaftServerImpl (RaftServerImpl.java:setRole(171)) - b91667ad-dd07-438b-a2aa-20d994bbddf1:group-47EDBDE8EAA2 changes role from CANDIDATE to LEADER at term 1 for changeToLeader
2019-08-29 23:14:09,347 [c2791d19-603b-4976-b3e9-7899a47ab15b:group-9BE473F724E9:LeaderElection24] INFO  impl.RoleInfo (RoleInfo.java:shutdownLeaderElection(134)) - c2791d19-603b-4976-b3e9-7899a47ab15b: shutdown LeaderElection
2019-08-29 23:14:09,347 [b91667ad-dd07-438b-a2aa-20d994bbddf1:group-47EDBDE8EAA2:LeaderElection23] INFO  impl.RaftServerImpl (ServerState.java:setLeader(263)) - b91667ad-dd07-438b-a2aa-20d994bbddf1:group-47EDBDE8EAA2 change Leader from null to b91667ad-dd07-438b-a2aa-20d994bbddf1 at term 1 for becomeLeader, leader elected after 5126ms
2019-08-29 23:14:09,347 [c28b6833-03f3-43d7-88dd-1eb93de0674c:group-E13997D93674:LeaderElection22] INFO  server.RaftServerConfigKeys (ConfUtils.java:logGet(43)) - raft.server.rpc.sleep.time = 25ms (default)
2019-08-29 23:14:09,347 [b91667ad-dd07-438b-a2aa-20d994bbddf1:group-47EDBDE8EAA2:LeaderElection23] INFO  server.RaftServerConfigKeys (ConfUtils.java:logGet(43)) - raft.server.staging.catchup.gap = 1000 (default)
2019-08-29 23:14:09,348 [c28b6833-03f3-43d7-88dd-1eb93de0674c:group-E13997D93674:LeaderElection22] INFO  server.RaftServerConfigKeys (ConfUtils.java:logGet(43)) - raft.server.write.element-limit = 4096 (default)
2019-08-29 23:14:09,347 [c2791d19-603b-4976-b3e9-7899a47ab15b:group-9BE473F724E9:LeaderElection24] INFO  impl.RaftServerImpl (RaftServerImpl.java:setRole(171)) - c2791d19-603b-4976-b3e9-7899a47ab15b:group-9BE473F724E9 changes role from CANDIDATE to LEADER at term 1 for changeToLeader
2019-08-29 23:14:09,348 [c28b6833-03f3-43d7-88dd-1eb93de0674c:group-E13997D93674:LeaderElection22] INFO  server.RaftServerConfigKeys (ConfUtils.java:logGet(43)) - raft.server.watch.timeout = 10s (default)
2019-08-29 23:14:09,348 [b91667ad-dd07-438b-a2aa-20d994bbddf1:group-47EDBDE8EAA2:LeaderElection23] INFO  server.RaftServerConfigKeys (ConfUtils.java:logGet(43)) - raft.server.rpc.sleep.time = 25ms (default)
2019-08-29 23:14:09,348 [c28b6833-03f3-43d7-88dd-1eb93de0674c:group-E13997D93674:LeaderElection22] INFO  server.RaftServerConfigKeys (ConfUtils.java:logGet(43)) - raft.server.watch.timeout.denomination = 1s (default)
2019-08-29 23:14:09,348 [c2791d19-603b-4976-b3e9-7899a47ab15b:group-9BE473F724E9:LeaderElection24] INFO  impl.RaftServerImpl (ServerState.java:setLeader(263)) - c2791d19-603b-4976-b3e9-7899a47ab15b:group-9BE473F724E9 change Leader from null to c2791d19-603b-4976-b3e9-7899a47ab15b at term 1 for becomeLeader, leader elected after 5214ms
2019-08-29 23:14:09,348 [c28b6833-03f3-43d7-88dd-1eb93de0674c:group-E13997D93674:LeaderElection22] INFO  server.RaftServerConfigKeys (ConfUtils.java:logGet(43)) - raft.server.watch.element-limit = 65536 (default)
2019-08-29 23:14:09,348 [b91667ad-dd07-438b-a2aa-20d994bbddf1:group-47EDBDE8EAA2:LeaderElection23] INFO  server.RaftServerConfigKeys (ConfUtils.java:logGet(43)) - raft.server.write.element-limit = 4096 (default)
2019-08-29 23:14:09,348 [c2791d19-603b-4976-b3e9-7899a47ab15b:group-9BE473F724E9:LeaderElection24] INFO  server.RaftServerConfigKeys (ConfUtils.java:logGet(43)) - raft.server.staging.catchup.gap = 1000 (default)
2019-08-29 23:14:09,349 [c28b6833-03f3-43d7-88dd-1eb93de0674c:group-E13997D93674:LeaderElection22] INFO  server.RaftServerConfigKeys (ConfUtils.java:logGet(43)) - raft.server.log.appender.snapshot.chunk.size.max = 16MB (=16777216) (default)
2019-08-29 23:14:09,349 [b91667ad-dd07-438b-a2aa-20d994bbddf1:group-47EDBDE8EAA2:LeaderElection23] INFO  server.RaftServerConfigKeys (ConfUtils.java:logGet(43)) - raft.server.watch.timeout = 10s (default)
2019-08-29 23:14:09,349 [c28b6833-03f3-43d7-88dd-1eb93de0674c:group-E13997D93674:LeaderElection22] INFO  server.RaftServerConfigKeys (ConfUtils.java:logGet(43)) - raft.server.log.appender.buffer.byte-limit = 33554432 (custom)
2019-08-29 23:14:09,349 [c2791d19-603b-4976-b3e9-7899a47ab15b:group-9BE473F724E9:LeaderElection24] INFO  server.RaftServerConfigKeys (ConfUtils.java:logGet(43)) - raft.server.rpc.sleep.time = 25ms (default)
2019-08-29 23:14:09,350 [c28b6833-03f3-43d7-88dd-1eb93de0674c:group-E13997D93674:LeaderElection22] INFO  server.RaftServerConfigKeys (ConfUtils.java:logGet(43)) - raft.server.log.appender.buffer.element-limit = 1 (custom)
2019-08-29 23:14:09,350 [b91667ad-dd07-438b-a2aa-20d994bbddf1:group-47EDBDE8EAA2:LeaderElection23] INFO  server.RaftServerConfigKeys (ConfUtils.java:logGet(43)) - raft.server.watch.timeout.denomination = 1s (default)
2019-08-29 23:14:09,351 [c28b6833-03f3-43d7-88dd-1eb93de0674c:group-E13997D93674:LeaderElection22] INFO  grpc.GrpcConfigKeys$Server (ConfUtils.java:logGet(43)) - raft.grpc.server.leader.outstanding.appends.max = 128 (default)
2019-08-29 23:14:09,350 [c2791d19-603b-4976-b3e9-7899a47ab15b:group-9BE473F724E9:LeaderElection24] INFO  server.RaftServerConfigKeys (ConfUtils.java:logGet(43)) - raft.server.write.element-limit = 4096 (default)
2019-08-29 23:14:09,351 [c28b6833-03f3-43d7-88dd-1eb93de0674c:group-E13997D93674:LeaderElection22] INFO  server.RaftServerConfigKeys (ConfUtils.java:logGet(43)) - raft.server.rpc.request.timeout = 3000ms (default)
2019-08-29 23:14:09,351 [b91667ad-dd07-438b-a2aa-20d994bbddf1:group-47EDBDE8EAA2:LeaderElection23] INFO  server.RaftServerConfigKeys (ConfUtils.java:logGet(43)) - raft.server.watch.element-limit = 65536 (default)
2019-08-29 23:14:09,351 [c28b6833-03f3-43d7-88dd-1eb93de0674c:group-E13997D93674:LeaderElection22] INFO  server.RaftServerConfigKeys (ConfUtils.java:logGet(43)) - raft.server.log.appender.install.snapshot.enabled = false (custom)
2019-08-29 23:14:09,351 [c2791d19-603b-4976-b3e9-7899a47ab15b:group-9BE473F724E9:LeaderElection24] INFO  server.RaftServerConfigKeys (ConfUtils.java:logGet(43)) - raft.server.watch.timeout = 10s (default)
2019-08-29 23:14:09,352 [c28b6833-03f3-43d7-88dd-1eb93de0674c:group-E13997D93674:LeaderElection22] INFO  server.RaftServerConfigKeys (ConfUtils.java:logGet(43)) - raft.server.log.appender.snapshot.chunk.size.max = 16MB (=16777216) (default)
2019-08-29 23:14:09,351 [b91667ad-dd07-438b-a2aa-20d994bbddf1:group-47EDBDE8EAA2:LeaderElection23] INFO  impl.RoleInfo (RoleInfo.java:updateAndGet(143)) - b91667ad-dd07-438b-a2aa-20d994bbddf1: start LeaderState
2019-08-29 23:14:09,352 [c28b6833-03f3-43d7-88dd-1eb93de0674c:group-E13997D93674:LeaderElection22] INFO  server.RaftServerConfigKeys (ConfUtils.java:logGet(43)) - raft.server.log.appender.buffer.byte-limit = 33554432 (custom)
2019-08-29 23:14:09,352 [c2791d19-603b-4976-b3e9-7899a47ab15b:group-9BE473F724E9:LeaderElection24] INFO  server.RaftServerConfigKeys (ConfUtils.java:logGet(43)) - raft.server.watch.timeout.denomination = 1s (default)
2019-08-29 23:14:09,352 [c28b6833-03f3-43d7-88dd-1eb93de0674c:group-E13997D93674:LeaderElection22] INFO  server.RaftServerConfigKeys (ConfUtils.java:logGet(43)) - raft.server.log.appender.buffer.element-limit = 1 (custom)
2019-08-29 23:14:09,352 [b91667ad-dd07-438b-a2aa-20d994bbddf1:group-47EDBDE8EAA2:LeaderElection23] INFO  segmented.SegmentedRaftLogWorker (SegmentedRaftLogWorker.java:startLogSegment(380)) - b91667ad-dd07-438b-a2aa-20d994bbddf1-SegmentedRaftLogWorker:Storage Directory /workdir/hadoop-ozone/integration-test/target/test-dir/MiniOzoneClusterImpl-dba45ac9-1770-4347-820b-e942d4b229ff/datanode-3/data/ratis/ffd2a7ad-8442-45eb-8404-47edbde8eaa2: Starting segment from index:0
2019-08-29 23:14:09,353 [c28b6833-03f3-43d7-88dd-1eb93de0674c:group-E13997D93674:LeaderElection22] INFO  grpc.GrpcConfigKeys$Server (ConfUtils.java:logGet(43)) - raft.grpc.server.leader.outstanding.appends.max = 128 (default)
2019-08-29 23:14:09,352 [c2791d19-603b-4976-b3e9-7899a47ab15b:group-9BE473F724E9:LeaderElection24] INFO  server.RaftServerConfigKeys (ConfUtils.java:logGet(43)) - raft.server.watch.element-limit = 65536 (default)
2019-08-29 23:14:09,353 [c28b6833-03f3-43d7-88dd-1eb93de0674c:group-E13997D93674:LeaderElection22] INFO  server.RaftServerConfigKeys (ConfUtils.java:logGet(43)) - raft.server.rpc.request.timeout = 3000ms (default)
2019-08-29 23:14:09,353 [b91667ad-dd07-438b-a2aa-20d994bbddf1:group-47EDBDE8EAA2:LeaderElection23] INFO  impl.RaftServerImpl (ServerState.java:setRaftConf(361)) - b91667ad-dd07-438b-a2aa-20d994bbddf1:group-47EDBDE8EAA2 set configuration 0: [b91667ad-dd07-438b-a2aa-20d994bbddf1:192.168.5.176:41503], old=null at 0
2019-08-29 23:14:09,353 [c2791d19-603b-4976-b3e9-7899a47ab15b:group-9BE473F724E9:LeaderElection24] INFO  impl.RoleInfo (RoleInfo.java:updateAndGet(143)) - c2791d19-603b-4976-b3e9-7899a47ab15b: start LeaderState
2019-08-29 23:14:09,394 [Thread-711] INFO  impl.FollowerState (FollowerState.java:run(106)) - 91c146c8-9622-4fdf-af50-459baf835861:group-C073B2E2AEC4 changes to CANDIDATE, lastRpcTime:5212, electionTimeout:5195ms
2019-08-29 23:14:09,395 [c2791d19-603b-4976-b3e9-7899a47ab15b:group-9BE473F724E9:LeaderElection24] INFO  segmented.SegmentedRaftLogWorker (SegmentedRaftLogWorker.java:startLogSegment(380)) - c2791d19-603b-4976-b3e9-7899a47ab15b-SegmentedRaftLogWorker:Storage Directory /workdir/hadoop-ozone/integration-test/target/test-dir/MiniOzoneClusterImpl-dba45ac9-1770-4347-820b-e942d4b229ff/datanode-5/data/ratis/5ecbb9a1-a5af-4cd6-acb2-9be473f724e9: Starting segment from index:0
2019-08-29 23:14:09,353 [c28b6833-03f3-43d7-88dd-1eb93de0674c:group-E13997D93674:LeaderElection22] INFO  server.RaftServerConfigKeys (ConfUtils.java:logGet(43)) - raft.server.log.appender.install.snapshot.enabled = false (custom)
2019-08-29 23:14:09,395 [Thread-711] INFO  impl.RoleInfo (RoleInfo.java:shutdownFollowerState(121)) - 91c146c8-9622-4fdf-af50-459baf835861: shutdown FollowerState
2019-08-29 23:14:09,395 [c28b6833-03f3-43d7-88dd-1eb93de0674c:group-E13997D93674:LeaderElection22] INFO  impl.RoleInfo (RoleInfo.java:updateAndGet(143)) - c28b6833-03f3-43d7-88dd-1eb93de0674c: start LeaderState
2019-08-29 23:14:09,395 [Thread-711] INFO  impl.RaftServerImpl (RaftServerImpl.java:setRole(171)) - 91c146c8-9622-4fdf-af50-459baf835861:group-C073B2E2AEC4 changes role from FOLLOWER to CANDIDATE at term 0 for changeToCandidate
2019-08-29 23:14:09,395 [c2791d19-603b-4976-b3e9-7899a47ab15b:group-9BE473F724E9:LeaderElection24] INFO  impl.RaftServerImpl (ServerState.java:setRaftConf(361)) - c2791d19-603b-4976-b3e9-7899a47ab15b:group-9BE473F724E9 set configuration 0: [c2791d19-603b-4976-b3e9-7899a47ab15b:192.168.5.176:38017], old=null at 0
2019-08-29 23:14:09,396 [Thread-711] INFO  impl.RoleInfo (RoleInfo.java:updateAndGet(143)) - 91c146c8-9622-4fdf-af50-459baf835861: start LeaderElection
2019-08-29 23:14:09,396 [c28b6833-03f3-43d7-88dd-1eb93de0674c:group-E13997D93674:LeaderElection22] INFO  segmented.SegmentedRaftLogWorker (SegmentedRaftLogWorker.java:startLogSegment(380)) - c28b6833-03f3-43d7-88dd-1eb93de0674c-SegmentedRaftLogWorker:Storage Directory /workdir/hadoop-ozone/integration-test/target/test-dir/MiniOzoneClusterImpl-dba45ac9-1770-4347-820b-e942d4b229ff/datanode-4/data/ratis/09ba0140-0ec9-4edc-97de-e13997d93674: Starting segment from index:0
2019-08-29 23:14:09,427 [b91667ad-dd07-438b-a2aa-20d994bbddf1-SegmentedRaftLogWorker:Storage Directory /workdir/hadoop-ozone/integration-test/target/test-dir/MiniOzoneClusterImpl-dba45ac9-1770-4347-820b-e942d4b229ff/datanode-3/data/ratis/ffd2a7ad-8442-45eb-8404-47edbde8eaa2] INFO  segmented.SegmentedRaftLogWorker (SegmentedRaftLogWorker.java:execute(569)) - b91667ad-dd07-438b-a2aa-20d994bbddf1-SegmentedRaftLogWorker:Storage Directory /workdir/hadoop-ozone/integration-test/target/test-dir/MiniOzoneClusterImpl-dba45ac9-1770-4347-820b-e942d4b229ff/datanode-3/data/ratis/ffd2a7ad-8442-45eb-8404-47edbde8eaa2: created new log segment /workdir/hadoop-ozone/integration-test/target/test-dir/MiniOzoneClusterImpl-dba45ac9-1770-4347-820b-e942d4b229ff/datanode-3/data/ratis/ffd2a7ad-8442-45eb-8404-47edbde8eaa2/current/log_inprogress_0
2019-08-29 23:14:09,433 [c28b6833-03f3-43d7-88dd-1eb93de0674c:group-E13997D93674:LeaderElection22] INFO  impl.RaftServerImpl (ServerState.java:setRaftConf(361)) - c28b6833-03f3-43d7-88dd-1eb93de0674c:group-E13997D93674 set configuration 0: [c2791d19-603b-4976-b3e9-7899a47ab15b:192.168.5.176:38017, c28b6833-03f3-43d7-88dd-1eb93de0674c:192.168.5.176:36768, 91c146c8-9622-4fdf-af50-459baf835861:192.168.5.176:45463], old=null at 0
2019-08-29 23:14:09,472 [c2791d19-603b-4976-b3e9-7899a47ab15b-SegmentedRaftLogWorker:Storage Directory /workdir/hadoop-ozone/integration-test/target/test-dir/MiniOzoneClusterImpl-dba45ac9-1770-4347-820b-e942d4b229ff/datanode-5/data/ratis/5ecbb9a1-a5af-4cd6-acb2-9be473f724e9] INFO  segmented.SegmentedRaftLogWorker (SegmentedRaftLogWorker.java:execute(569)) - c2791d19-603b-4976-b3e9-7899a47ab15b-SegmentedRaftLogWorker:Storage Directory /workdir/hadoop-ozone/integration-test/target/test-dir/MiniOzoneClusterImpl-dba45ac9-1770-4347-820b-e942d4b229ff/datanode-5/data/ratis/5ecbb9a1-a5af-4cd6-acb2-9be473f724e9: created new log segment /workdir/hadoop-ozone/integration-test/target/test-dir/MiniOzoneClusterImpl-dba45ac9-1770-4347-820b-e942d4b229ff/datanode-5/data/ratis/5ecbb9a1-a5af-4cd6-acb2-9be473f724e9/current/log_inprogress_0
2019-08-29 23:14:09,472 [91c146c8-9622-4fdf-af50-459baf835861:group-C073B2E2AEC4:LeaderElection25] INFO  impl.LeaderElection (LeaderElection.java:askForVotes(181)) - 91c146c8-9622-4fdf-af50-459baf835861:group-C073B2E2AEC4:LeaderElection25: begin an election at term 1 for -1: [91c146c8-9622-4fdf-af50-459baf835861:192.168.5.176:45463], old=null
2019-08-29 23:14:09,472 [91c146c8-9622-4fdf-af50-459baf835861:group-C073B2E2AEC4:LeaderElection25] INFO  impl.RoleInfo (RoleInfo.java:shutdownLeaderElection(134)) - 91c146c8-9622-4fdf-af50-459baf835861: shutdown LeaderElection
2019-08-29 23:14:09,473 [91c146c8-9622-4fdf-af50-459baf835861:group-C073B2E2AEC4:LeaderElection25] INFO  impl.RaftServerImpl (RaftServerImpl.java:setRole(171)) - 91c146c8-9622-4fdf-af50-459baf835861:group-C073B2E2AEC4 changes role from CANDIDATE to LEADER at term 1 for changeToLeader
2019-08-29 23:14:09,473 [91c146c8-9622-4fdf-af50-459baf835861:group-C073B2E2AEC4:LeaderElection25] INFO  impl.RaftServerImpl (ServerState.java:setLeader(263)) - 91c146c8-9622-4fdf-af50-459baf835861:group-C073B2E2AEC4 change Leader from null to 91c146c8-9622-4fdf-af50-459baf835861 at term 1 for becomeLeader, leader elected after 5295ms
2019-08-29 23:14:09,473 [91c146c8-9622-4fdf-af50-459baf835861:group-C073B2E2AEC4:LeaderElection25] INFO  server.RaftServerConfigKeys (ConfUtils.java:logGet(43)) - raft.server.staging.catchup.gap = 1000 (default)
2019-08-29 23:14:09,474 [91c146c8-9622-4fdf-af50-459baf835861:group-C073B2E2AEC4:LeaderElection25] INFO  server.RaftServerConfigKeys (ConfUtils.java:logGet(43)) - raft.server.rpc.sleep.time = 25ms (default)
2019-08-29 23:14:09,474 [91c146c8-9622-4fdf-af50-459baf835861:group-C073B2E2AEC4:LeaderElection25] INFO  server.RaftServerConfigKeys (ConfUtils.java:logGet(43)) - raft.server.write.element-limit = 4096 (default)
2019-08-29 23:14:09,477 [grpc-default-executor-2] INFO  impl.RaftServerImpl (ServerState.java:setLeader(263)) - c2791d19-603b-4976-b3e9-7899a47ab15b:group-E13997D93674 change Leader from null to c28b6833-03f3-43d7-88dd-1eb93de0674c at term 1 for appendEntries, leader elected after 5202ms
2019-08-29 23:14:09,477 [91c146c8-9622-4fdf-af50-459baf835861:group-C073B2E2AEC4:LeaderElection25] INFO  server.RaftServerConfigKeys (ConfUtils.java:logGet(43)) - raft.server.watch.timeout = 10s (default)
2019-08-29 23:14:09,479 [grpc-default-executor-0] INFO  impl.RaftServerImpl (ServerState.java:setLeader(263)) - 91c146c8-9622-4fdf-af50-459baf835861:group-E13997D93674 change Leader from null to c28b6833-03f3-43d7-88dd-1eb93de0674c at term 1 for appendEntries, leader elected after 5205ms
2019-08-29 23:14:09,479 [91c146c8-9622-4fdf-af50-459baf835861:group-C073B2E2AEC4:LeaderElection25] INFO  server.RaftServerConfigKeys (ConfUtils.java:logGet(43)) - raft.server.watch.timeout.denomination = 1s (default)
2019-08-29 23:14:09,480 [91c146c8-9622-4fdf-af50-459baf835861:group-C073B2E2AEC4:LeaderElection25] INFO  server.RaftServerConfigKeys (ConfUtils.java:logGet(43)) - raft.server.watch.element-limit = 65536 (default)
2019-08-29 23:14:09,480 [91c146c8-9622-4fdf-af50-459baf835861:group-C073B2E2AEC4:LeaderElection25] INFO  impl.RoleInfo (RoleInfo.java:updateAndGet(143)) - 91c146c8-9622-4fdf-af50-459baf835861: start LeaderState
2019-08-29 23:14:09,481 [91c146c8-9622-4fdf-af50-459baf835861:group-C073B2E2AEC4:LeaderElection25] INFO  segmented.SegmentedRaftLogWorker (SegmentedRaftLogWorker.java:startLogSegment(380)) - 91c146c8-9622-4fdf-af50-459baf835861-SegmentedRaftLogWorker:Storage Directory /workdir/hadoop-ozone/integration-test/target/test-dir/MiniOzoneClusterImpl-dba45ac9-1770-4347-820b-e942d4b229ff/datanode-6/data/ratis/2761f183-6ab0-40c5-a551-c073b2e2aec4: Starting segment from index:0
2019-08-29 23:14:09,481 [91c146c8-9622-4fdf-af50-459baf835861:group-C073B2E2AEC4:LeaderElection25] INFO  impl.RaftServerImpl (ServerState.java:setRaftConf(361)) - 91c146c8-9622-4fdf-af50-459baf835861:group-C073B2E2AEC4 set configuration 0: [91c146c8-9622-4fdf-af50-459baf835861:192.168.5.176:45463], old=null at 0
2019-08-29 23:14:09,518 [c28b6833-03f3-43d7-88dd-1eb93de0674c-SegmentedRaftLogWorker:Storage Directory /workdir/hadoop-ozone/integration-test/target/test-dir/MiniOzoneClusterImpl-dba45ac9-1770-4347-820b-e942d4b229ff/datanode-4/data/ratis/09ba0140-0ec9-4edc-97de-e13997d93674] INFO  segmented.SegmentedRaftLogWorker (SegmentedRaftLogWorker.java:execute(569)) - c28b6833-03f3-43d7-88dd-1eb93de0674c-SegmentedRaftLogWorker:Storage Directory /workdir/hadoop-ozone/integration-test/target/test-dir/MiniOzoneClusterImpl-dba45ac9-1770-4347-820b-e942d4b229ff/datanode-4/data/ratis/09ba0140-0ec9-4edc-97de-e13997d93674: created new log segment /workdir/hadoop-ozone/integration-test/target/test-dir/MiniOzoneClusterImpl-dba45ac9-1770-4347-820b-e942d4b229ff/datanode-4/data/ratis/09ba0140-0ec9-4edc-97de-e13997d93674/current/log_inprogress_0
2019-08-29 23:14:09,520 [grpc-default-executor-0] INFO  impl.RaftServerImpl (ServerState.java:setRaftConf(361)) - c2791d19-603b-4976-b3e9-7899a47ab15b:group-E13997D93674 set configuration 0: [c2791d19-603b-4976-b3e9-7899a47ab15b:192.168.5.176:38017, c28b6833-03f3-43d7-88dd-1eb93de0674c:192.168.5.176:36768, 91c146c8-9622-4fdf-af50-459baf835861:192.168.5.176:45463], old=null at 0
2019-08-29 23:14:09,520 [grpc-default-executor-2] INFO  impl.RaftServerImpl (ServerState.java:setRaftConf(361)) - 91c146c8-9622-4fdf-af50-459baf835861:group-E13997D93674 set configuration 0: [c2791d19-603b-4976-b3e9-7899a47ab15b:192.168.5.176:38017, c28b6833-03f3-43d7-88dd-1eb93de0674c:192.168.5.176:36768, 91c146c8-9622-4fdf-af50-459baf835861:192.168.5.176:45463], old=null at 0
2019-08-29 23:14:09,521 [grpc-default-executor-0] INFO  segmented.SegmentedRaftLogWorker (SegmentedRaftLogWorker.java:startLogSegment(380)) - c2791d19-603b-4976-b3e9-7899a47ab15b-SegmentedRaftLogWorker:Storage Directory /workdir/hadoop-ozone/integration-test/target/test-dir/MiniOzoneClusterImpl-dba45ac9-1770-4347-820b-e942d4b229ff/datanode-5/data/ratis/09ba0140-0ec9-4edc-97de-e13997d93674: Starting segment from index:0
2019-08-29 23:14:09,521 [grpc-default-executor-2] INFO  segmented.SegmentedRaftLogWorker (SegmentedRaftLogWorker.java:startLogSegment(380)) - 91c146c8-9622-4fdf-af50-459baf835861-SegmentedRaftLogWorker:Storage Directory /workdir/hadoop-ozone/integration-test/target/test-dir/MiniOzoneClusterImpl-dba45ac9-1770-4347-820b-e942d4b229ff/datanode-6/data/ratis/09ba0140-0ec9-4edc-97de-e13997d93674: Starting segment from index:0
2019-08-29 23:14:09,532 [91c146c8-9622-4fdf-af50-459baf835861-SegmentedRaftLogWorker:Storage Directory /workdir/hadoop-ozone/integration-test/target/test-dir/MiniOzoneClusterImpl-dba45ac9-1770-4347-820b-e942d4b229ff/datanode-6/data/ratis/2761f183-6ab0-40c5-a551-c073b2e2aec4] INFO  segmented.SegmentedRaftLogWorker (SegmentedRaftLogWorker.java:execute(569)) - 91c146c8-9622-4fdf-af50-459baf835861-SegmentedRaftLogWorker:Storage Directory /workdir/hadoop-ozone/integration-test/target/test-dir/MiniOzoneClusterImpl-dba45ac9-1770-4347-820b-e942d4b229ff/datanode-6/data/ratis/2761f183-6ab0-40c5-a551-c073b2e2aec4: created new log segment /workdir/hadoop-ozone/integration-test/target/test-dir/MiniOzoneClusterImpl-dba45ac9-1770-4347-820b-e942d4b229ff/datanode-6/data/ratis/2761f183-6ab0-40c5-a551-c073b2e2aec4/current/log_inprogress_0
2019-08-29 23:14:09,571 [c2791d19-603b-4976-b3e9-7899a47ab15b-SegmentedRaftLogWorker:Storage Directory /workdir/hadoop-ozone/integration-test/target/test-dir/MiniOzoneClusterImpl-dba45ac9-1770-4347-820b-e942d4b229ff/datanode-5/data/ratis/09ba0140-0ec9-4edc-97de-e13997d93674] INFO  segmented.SegmentedRaftLogWorker (SegmentedRaftLogWorker.java:execute(569)) - c2791d19-603b-4976-b3e9-7899a47ab15b-SegmentedRaftLogWorker:Storage Directory /workdir/hadoop-ozone/integration-test/target/test-dir/MiniOzoneClusterImpl-dba45ac9-1770-4347-820b-e942d4b229ff/datanode-5/data/ratis/09ba0140-0ec9-4edc-97de-e13997d93674: created new log segment /workdir/hadoop-ozone/integration-test/target/test-dir/MiniOzoneClusterImpl-dba45ac9-1770-4347-820b-e942d4b229ff/datanode-5/data/ratis/09ba0140-0ec9-4edc-97de-e13997d93674/current/log_inprogress_0
2019-08-29 23:14:09,571 [91c146c8-9622-4fdf-af50-459baf835861-SegmentedRaftLogWorker:Storage Directory /workdir/hadoop-ozone/integration-test/target/test-dir/MiniOzoneClusterImpl-dba45ac9-1770-4347-820b-e942d4b229ff/datanode-6/data/ratis/09ba0140-0ec9-4edc-97de-e13997d93674] INFO  segmented.SegmentedRaftLogWorker (SegmentedRaftLogWorker.java:execute(569)) - 91c146c8-9622-4fdf-af50-459baf835861-SegmentedRaftLogWorker:Storage Directory /workdir/hadoop-ozone/integration-test/target/test-dir/MiniOzoneClusterImpl-dba45ac9-1770-4347-820b-e942d4b229ff/datanode-6/data/ratis/09ba0140-0ec9-4edc-97de-e13997d93674: created new log segment /workdir/hadoop-ozone/integration-test/target/test-dir/MiniOzoneClusterImpl-dba45ac9-1770-4347-820b-e942d4b229ff/datanode-6/data/ratis/09ba0140-0ec9-4edc-97de-e13997d93674/current/log_inprogress_0
2019-08-29 23:14:09,713 | INFO  | SCMAudit | user=jenkins1000 | ip=192.168.5.176 | op=SEND_HEARTBEAT {datanodeUUID=6fc9f5bf-9d19-4424-b095-dbd8051c5d1f, command=[]} | ret=SUCCESS |  
2019-08-29 23:14:09,778 | INFO  | SCMAudit | user=jenkins1000 | ip=192.168.5.176 | op=SEND_HEARTBEAT {datanodeUUID=7b8ea038-0abd-40f8-b5e6-235888bbf81b, command=[]} | ret=SUCCESS |  
2019-08-29 23:14:09,840 | INFO  | SCMAudit | user=jenkins1000 | ip=192.168.5.176 | op=SEND_HEARTBEAT {datanodeUUID=fdf38f52-984e-464b-b063-6b40bc579090, command=[]} | ret=SUCCESS |  
2019-08-29 23:14:09,906 | INFO  | SCMAudit | user=jenkins1000 | ip=192.168.5.176 | op=SEND_HEARTBEAT {datanodeUUID=b91667ad-dd07-438b-a2aa-20d994bbddf1, command=[]} | ret=SUCCESS |  
2019-08-29 23:14:09,974 | INFO  | SCMAudit | user=jenkins1000 | ip=192.168.5.176 | op=SEND_HEARTBEAT {datanodeUUID=c28b6833-03f3-43d7-88dd-1eb93de0674c, command=[]} | ret=SUCCESS |  
2019-08-29 23:14:10,035 | INFO  | SCMAudit | user=jenkins1000 | ip=192.168.5.176 | op=SEND_HEARTBEAT {datanodeUUID=c2791d19-603b-4976-b3e9-7899a47ab15b, command=[]} | ret=SUCCESS |  
2019-08-29 23:14:10,100 | INFO  | SCMAudit | user=jenkins1000 | ip=192.168.5.176 | op=SEND_HEARTBEAT {datanodeUUID=91c146c8-9622-4fdf-af50-459baf835861, command=[]} | ret=SUCCESS |  
2019-08-29 23:14:10,268 [grpc-default-executor-2] INFO  client.GrpcClientProtocolClient (GrpcClientProtocolClient.java:onNext(255)) - client-5CFC44E75E5D->91c146c8-9622-4fdf-af50-459baf835861: receive RaftClientReply:client-5CFC44E75E5D->91c146c8-9622-4fdf-af50-459baf835861@group-E13997D93674, cid=42, FAILED org.apache.ratis.protocol.NotLeaderException: Server 91c146c8-9622-4fdf-af50-459baf835861 is not the leader (c28b6833-03f3-43d7-88dd-1eb93de0674c:192.168.5.176:36768). Request must be sent to leader., logIndex=0, commits[91c146c8-9622-4fdf-af50-459baf835861:c-1, c2791d19-603b-4976-b3e9-7899a47ab15b:c-1, c28b6833-03f3-43d7-88dd-1eb93de0674c:c-1]
2019-08-29 23:14:10,404 | INFO  | DNAudit | user=null | ip=null | op=CREATE_CONTAINER {containerID=1, containerType=KeyValueContainer} | ret=SUCCESS |  
2019-08-29 23:14:10,408 | INFO  | SCMAudit | user=jenkins1000 | ip=192.168.5.176 | op=SEND_HEARTBEAT {datanodeUUID=c28b6833-03f3-43d7-88dd-1eb93de0674c, command=[]} | ret=SUCCESS |  
2019-08-29 23:14:10,409 [grpc-default-executor-2] INFO  client.GrpcClientProtocolClient (GrpcClientProtocolClient.java:onNext(255)) - client-5CFC44E75E5D->c28b6833-03f3-43d7-88dd-1eb93de0674c: receive RaftClientReply:client-5CFC44E75E5D->c28b6833-03f3-43d7-88dd-1eb93de0674c@group-E13997D93674, cid=42, SUCCESS, logIndex=1, commits[c28b6833-03f3-43d7-88dd-1eb93de0674c:c2, c2791d19-603b-4976-b3e9-7899a47ab15b:c1, 91c146c8-9622-4fdf-af50-459baf835861:c1]
2019-08-29 23:14:10,425 | INFO  | DNAudit | user=null | ip=null | op=CREATE_CONTAINER {containerID=1, containerType=KeyValueContainer} | ret=SUCCESS |  
2019-08-29 23:14:10,425 | INFO  | DNAudit | user=null | ip=null | op=CREATE_CONTAINER {containerID=1, containerType=KeyValueContainer} | ret=SUCCESS |  
2019-08-29 23:14:10,426 | INFO  | SCMAudit | user=jenkins1000 | ip=192.168.5.176 | op=SEND_HEARTBEAT {datanodeUUID=c2791d19-603b-4976-b3e9-7899a47ab15b, command=[]} | ret=SUCCESS |  
2019-08-29 23:14:10,426 | INFO  | SCMAudit | user=jenkins1000 | ip=192.168.5.176 | op=SEND_HEARTBEAT {datanodeUUID=91c146c8-9622-4fdf-af50-459baf835861, command=[]} | ret=SUCCESS |  
2019-08-29 23:14:10,515 | INFO  | DNAudit | user=null | ip=null | op=CREATE_CONTAINER {containerID=2, containerType=KeyValueContainer} | ret=SUCCESS |  
2019-08-29 23:14:10,522 | INFO  | SCMAudit | user=jenkins1000 | ip=192.168.5.176 | op=SEND_HEARTBEAT {datanodeUUID=c28b6833-03f3-43d7-88dd-1eb93de0674c, command=[]} | ret=SUCCESS |  
2019-08-29 23:14:10,523 [grpc-default-executor-2] INFO  client.GrpcClientProtocolClient (GrpcClientProtocolClient.java:onNext(255)) - client-5CFC44E75E5D->c28b6833-03f3-43d7-88dd-1eb93de0674c: receive RaftClientReply:client-5CFC44E75E5D->c28b6833-03f3-43d7-88dd-1eb93de0674c@group-E13997D93674, cid=43, SUCCESS, logIndex=3, commits[c28b6833-03f3-43d7-88dd-1eb93de0674c:c4, c2791d19-603b-4976-b3e9-7899a47ab15b:c3, 91c146c8-9622-4fdf-af50-459baf835861:c3]
2019-08-29 23:14:10,540 | INFO  | DNAudit | user=null | ip=null | op=CREATE_CONTAINER {containerID=2, containerType=KeyValueContainer} | ret=SUCCESS |  
2019-08-29 23:14:10,541 | INFO  | DNAudit | user=null | ip=null | op=CREATE_CONTAINER {containerID=2, containerType=KeyValueContainer} | ret=SUCCESS |  
2019-08-29 23:14:10,547 | INFO  | SCMAudit | user=jenkins1000 | ip=192.168.5.176 | op=SEND_HEARTBEAT {datanodeUUID=c2791d19-603b-4976-b3e9-7899a47ab15b, command=[]} | ret=SUCCESS |  
2019-08-29 23:14:10,547 | INFO  | SCMAudit | user=jenkins1000 | ip=192.168.5.176 | op=SEND_HEARTBEAT {datanodeUUID=91c146c8-9622-4fdf-af50-459baf835861, command=[]} | ret=SUCCESS |  
2019-08-29 23:14:10,620 | INFO  | DNAudit | user=null | ip=null | op=CREATE_CONTAINER {containerID=3, containerType=KeyValueContainer} | ret=SUCCESS |  
2019-08-29 23:14:10,622 | INFO  | SCMAudit | user=jenkins1000 | ip=192.168.5.176 | op=SEND_HEARTBEAT {datanodeUUID=c28b6833-03f3-43d7-88dd-1eb93de0674c, command=[]} | ret=SUCCESS |  
2019-08-29 23:14:10,624 [grpc-default-executor-2] INFO  client.GrpcClientProtocolClient (GrpcClientProtocolClient.java:onNext(255)) - client-5CFC44E75E5D->c28b6833-03f3-43d7-88dd-1eb93de0674c: receive RaftClientReply:client-5CFC44E75E5D->c28b6833-03f3-43d7-88dd-1eb93de0674c@group-E13997D93674, cid=44, SUCCESS, logIndex=5, commits[c28b6833-03f3-43d7-88dd-1eb93de0674c:c6, c2791d19-603b-4976-b3e9-7899a47ab15b:c5, 91c146c8-9622-4fdf-af50-459baf835861:c5]
2019-08-29 23:14:10,640 | INFO  | DNAudit | user=null | ip=null | op=CREATE_CONTAINER {containerID=3, containerType=KeyValueContainer} | ret=SUCCESS |  
2019-08-29 23:14:10,640 | INFO  | DNAudit | user=null | ip=null | op=CREATE_CONTAINER {containerID=3, containerType=KeyValueContainer} | ret=SUCCESS |  
2019-08-29 23:14:10,641 | INFO  | SCMAudit | user=jenkins1000 | ip=192.168.5.176 | op=SEND_HEARTBEAT {datanodeUUID=c2791d19-603b-4976-b3e9-7899a47ab15b, command=[]} | ret=SUCCESS |  
2019-08-29 23:14:10,642 | INFO  | SCMAudit | user=jenkins1000 | ip=192.168.5.176 | op=SEND_HEARTBEAT {datanodeUUID=91c146c8-9622-4fdf-af50-459baf835861, command=[]} | ret=SUCCESS |  
2019-08-29 23:14:10,714 | INFO  | SCMAudit | user=jenkins1000 | ip=192.168.5.176 | op=SEND_HEARTBEAT {datanodeUUID=6fc9f5bf-9d19-4424-b095-dbd8051c5d1f, command=[]} | ret=SUCCESS |  
2019-08-29 23:14:10,778 | INFO  | SCMAudit | user=jenkins1000 | ip=192.168.5.176 | op=SEND_HEARTBEAT {datanodeUUID=7b8ea038-0abd-40f8-b5e6-235888bbf81b, command=[]} | ret=SUCCESS |  
2019-08-29 23:14:10,841 | INFO  | SCMAudit | user=jenkins1000 | ip=192.168.5.176 | op=SEND_HEARTBEAT {datanodeUUID=fdf38f52-984e-464b-b063-6b40bc579090, command=[]} | ret=SUCCESS |  
2019-08-29 23:14:10,907 | INFO  | SCMAudit | user=jenkins1000 | ip=192.168.5.176 | op=SEND_HEARTBEAT {datanodeUUID=b91667ad-dd07-438b-a2aa-20d994bbddf1, command=[]} | ret=SUCCESS |  
2019-08-29 23:14:11,621 | INFO  | SCMAudit | user=jenkins1000 | ip=192.168.5.176 | op=SEND_HEARTBEAT {datanodeUUID=c28b6833-03f3-43d7-88dd-1eb93de0674c, command=[]} | ret=SUCCESS |  
2019-08-29 23:14:11,641 | INFO  | SCMAudit | user=jenkins1000 | ip=192.168.5.176 | op=SEND_HEARTBEAT {datanodeUUID=c2791d19-603b-4976-b3e9-7899a47ab15b, command=[]} | ret=SUCCESS |  
2019-08-29 23:14:11,642 | INFO  | SCMAudit | user=jenkins1000 | ip=192.168.5.176 | op=SEND_HEARTBEAT {datanodeUUID=91c146c8-9622-4fdf-af50-459baf835861, command=[]} | ret=SUCCESS |  
2019-08-29 23:14:11,714 | INFO  | SCMAudit | user=jenkins1000 | ip=192.168.5.176 | op=SEND_HEARTBEAT {datanodeUUID=6fc9f5bf-9d19-4424-b095-dbd8051c5d1f, command=[]} | ret=SUCCESS |  
2019-08-29 23:14:11,778 | INFO  | SCMAudit | user=jenkins1000 | ip=192.168.5.176 | op=SEND_HEARTBEAT {datanodeUUID=7b8ea038-0abd-40f8-b5e6-235888bbf81b, command=[]} | ret=SUCCESS |  
2019-08-29 23:14:11,842 | INFO  | SCMAudit | user=jenkins1000 | ip=192.168.5.176 | op=SEND_HEARTBEAT {datanodeUUID=fdf38f52-984e-464b-b063-6b40bc579090, command=[]} | ret=SUCCESS |  
2019-08-29 23:14:11,906 | INFO  | SCMAudit | user=jenkins1000 | ip=192.168.5.176 | op=SEND_HEARTBEAT {datanodeUUID=b91667ad-dd07-438b-a2aa-20d994bbddf1, command=[]} | ret=SUCCESS |  
2019-08-29 23:14:12,621 | INFO  | SCMAudit | user=jenkins1000 | ip=192.168.5.176 | op=SEND_HEARTBEAT {datanodeUUID=c28b6833-03f3-43d7-88dd-1eb93de0674c, command=[]} | ret=SUCCESS |  
2019-08-29 23:14:12,641 | INFO  | SCMAudit | user=jenkins1000 | ip=192.168.5.176 | op=SEND_HEARTBEAT {datanodeUUID=91c146c8-9622-4fdf-af50-459baf835861, command=[]} | ret=SUCCESS |  
2019-08-29 23:14:12,642 | INFO  | SCMAudit | user=jenkins1000 | ip=192.168.5.176 | op=SEND_HEARTBEAT {datanodeUUID=c2791d19-603b-4976-b3e9-7899a47ab15b, command=[]} | ret=SUCCESS |  
2019-08-29 23:14:12,714 | INFO  | SCMAudit | user=jenkins1000 | ip=192.168.5.176 | op=SEND_HEARTBEAT {datanodeUUID=6fc9f5bf-9d19-4424-b095-dbd8051c5d1f, command=[]} | ret=SUCCESS |  
2019-08-29 23:14:12,779 | INFO  | SCMAudit | user=jenkins1000 | ip=192.168.5.176 | op=SEND_HEARTBEAT {datanodeUUID=7b8ea038-0abd-40f8-b5e6-235888bbf81b, command=[]} | ret=SUCCESS |  
2019-08-29 23:14:12,843 | INFO  | SCMAudit | user=jenkins1000 | ip=192.168.5.176 | op=SEND_HEARTBEAT {datanodeUUID=fdf38f52-984e-464b-b063-6b40bc579090, command=[]} | ret=SUCCESS |  
2019-08-29 23:14:12,906 | INFO  | SCMAudit | user=jenkins1000 | ip=192.168.5.176 | op=SEND_HEARTBEAT {datanodeUUID=b91667ad-dd07-438b-a2aa-20d994bbddf1, command=[]} | ret=SUCCESS |  
2019-08-29 23:14:13,621 | INFO  | SCMAudit | user=jenkins1000 | ip=192.168.5.176 | op=SEND_HEARTBEAT {datanodeUUID=c28b6833-03f3-43d7-88dd-1eb93de0674c, command=[]} | ret=SUCCESS |  
2019-08-29 23:14:13,641 | INFO  | SCMAudit | user=jenkins1000 | ip=192.168.5.176 | op=SEND_HEARTBEAT {datanodeUUID=91c146c8-9622-4fdf-af50-459baf835861, command=[]} | ret=SUCCESS |  
2019-08-29 23:14:13,643 | INFO  | SCMAudit | user=jenkins1000 | ip=192.168.5.176 | op=SEND_HEARTBEAT {datanodeUUID=c2791d19-603b-4976-b3e9-7899a47ab15b, command=[]} | ret=SUCCESS |  
2019-08-29 23:14:13,714 | INFO  | SCMAudit | user=jenkins1000 | ip=192.168.5.176 | op=SEND_HEARTBEAT {datanodeUUID=6fc9f5bf-9d19-4424-b095-dbd8051c5d1f, command=[]} | ret=SUCCESS |  
2019-08-29 23:14:13,779 | INFO  | SCMAudit | user=jenkins1000 | ip=192.168.5.176 | op=SEND_HEARTBEAT {datanodeUUID=7b8ea038-0abd-40f8-b5e6-235888bbf81b, command=[]} | ret=SUCCESS |  
2019-08-29 23:14:13,842 | INFO  | SCMAudit | user=jenkins1000 | ip=192.168.5.176 | op=SEND_HEARTBEAT {datanodeUUID=fdf38f52-984e-464b-b063-6b40bc579090, command=[]} | ret=SUCCESS |  
2019-08-29 23:14:13,906 | INFO  | SCMAudit | user=jenkins1000 | ip=192.168.5.176 | op=SEND_HEARTBEAT {datanodeUUID=b91667ad-dd07-438b-a2aa-20d994bbddf1, command=[]} | ret=SUCCESS |  
2019-08-29 23:14:14,181 [Thread-755] INFO  impl.FollowerState (FollowerState.java:run(106)) - 7b8ea038-0abd-40f8-b5e6-235888bbf81b:group-5360576734D0 changes to CANDIDATE, lastRpcTime:5068, electionTimeout:5068ms
2019-08-29 23:14:14,181 [Thread-755] INFO  impl.RoleInfo (RoleInfo.java:shutdownFollowerState(121)) - 7b8ea038-0abd-40f8-b5e6-235888bbf81b: shutdown FollowerState
2019-08-29 23:14:14,181 [Thread-755] INFO  impl.RaftServerImpl (RaftServerImpl.java:setRole(171)) - 7b8ea038-0abd-40f8-b5e6-235888bbf81b:group-5360576734D0 changes role from FOLLOWER to CANDIDATE at term 1 for changeToCandidate
2019-08-29 23:14:14,181 [Thread-755] INFO  impl.RoleInfo (RoleInfo.java:updateAndGet(143)) - 7b8ea038-0abd-40f8-b5e6-235888bbf81b: start LeaderElection
2019-08-29 23:14:14,199 [7b8ea038-0abd-40f8-b5e6-235888bbf81b:group-5360576734D0:LeaderElection26] INFO  impl.LeaderElection (LeaderElection.java:askForVotes(181)) - 7b8ea038-0abd-40f8-b5e6-235888bbf81b:group-5360576734D0:LeaderElection26: begin an election at term 2 for -1: [6fc9f5bf-9d19-4424-b095-dbd8051c5d1f:192.168.5.176:36413, 7b8ea038-0abd-40f8-b5e6-235888bbf81b:192.168.5.176:39186, fdf38f52-984e-464b-b063-6b40bc579090:192.168.5.176:35543], old=null
2019-08-29 23:14:14,203 [grpc-default-executor-2] INFO  impl.RaftServerImpl (RaftServerImpl.java:setRole(171)) - fdf38f52-984e-464b-b063-6b40bc579090:group-5360576734D0 changes role from FOLLOWER to FOLLOWER at term 2 for recognizeCandidate:7b8ea038-0abd-40f8-b5e6-235888bbf81b
2019-08-29 23:14:14,203 [grpc-default-executor-0] INFO  impl.RaftServerImpl (RaftServerImpl.java:setRole(171)) - 6fc9f5bf-9d19-4424-b095-dbd8051c5d1f:group-5360576734D0 changes role from FOLLOWER to FOLLOWER at term 2 for recognizeCandidate:7b8ea038-0abd-40f8-b5e6-235888bbf81b
2019-08-29 23:14:14,204 [grpc-default-executor-2] INFO  impl.RoleInfo (RoleInfo.java:shutdownFollowerState(121)) - fdf38f52-984e-464b-b063-6b40bc579090: shutdown FollowerState
2019-08-29 23:14:14,204 [grpc-default-executor-0] INFO  impl.RoleInfo (RoleInfo.java:shutdownFollowerState(121)) - 6fc9f5bf-9d19-4424-b095-dbd8051c5d1f: shutdown FollowerState
2019-08-29 23:14:14,204 [Thread-756] INFO  impl.FollowerState (FollowerState.java:run(114)) - fdf38f52-984e-464b-b063-6b40bc579090: FollowerState was interrupted: java.lang.InterruptedException: sleep interrupted
2019-08-29 23:14:14,204 [grpc-default-executor-2] INFO  impl.RoleInfo (RoleInfo.java:updateAndGet(143)) - fdf38f52-984e-464b-b063-6b40bc579090: start FollowerState
2019-08-29 23:14:14,204 [Thread-757] INFO  impl.FollowerState (FollowerState.java:run(114)) - 6fc9f5bf-9d19-4424-b095-dbd8051c5d1f: FollowerState was interrupted: java.lang.InterruptedException: sleep interrupted
2019-08-29 23:14:14,204 [grpc-default-executor-0] INFO  impl.RoleInfo (RoleInfo.java:updateAndGet(143)) - 6fc9f5bf-9d19-4424-b095-dbd8051c5d1f: start FollowerState
2019-08-29 23:14:14,226 [7b8ea038-0abd-40f8-b5e6-235888bbf81b:group-5360576734D0:LeaderElection26] INFO  impl.LeaderElection (LeaderElection.java:logAndReturn(56)) - 7b8ea038-0abd-40f8-b5e6-235888bbf81b:group-5360576734D0:LeaderElection26: Election PASSED; received 1 response(s) [7b8ea038-0abd-40f8-b5e6-235888bbf81b<-6fc9f5bf-9d19-4424-b095-dbd8051c5d1f#0:OK-t2] and 0 exception(s); 7b8ea038-0abd-40f8-b5e6-235888bbf81b:t2, leader=null, voted=7b8ea038-0abd-40f8-b5e6-235888bbf81b, raftlog=7b8ea038-0abd-40f8-b5e6-235888bbf81b-SegmentedRaftLog:OPENED:c-1,f-1,i0, conf=-1: [6fc9f5bf-9d19-4424-b095-dbd8051c5d1f:192.168.5.176:36413, 7b8ea038-0abd-40f8-b5e6-235888bbf81b:192.168.5.176:39186, fdf38f52-984e-464b-b063-6b40bc579090:192.168.5.176:35543], old=null
2019-08-29 23:14:14,226 [7b8ea038-0abd-40f8-b5e6-235888bbf81b:group-5360576734D0:LeaderElection26] INFO  impl.RoleInfo (RoleInfo.java:shutdownLeaderElection(134)) - 7b8ea038-0abd-40f8-b5e6-235888bbf81b: shutdown LeaderElection
2019-08-29 23:14:14,227 [7b8ea038-0abd-40f8-b5e6-235888bbf81b:group-5360576734D0:LeaderElection26] INFO  impl.RaftServerImpl (RaftServerImpl.java:setRole(171)) - 7b8ea038-0abd-40f8-b5e6-235888bbf81b:group-5360576734D0 changes role from CANDIDATE to LEADER at term 2 for changeToLeader
2019-08-29 23:14:14,227 [7b8ea038-0abd-40f8-b5e6-235888bbf81b:group-5360576734D0:LeaderElection26] INFO  impl.RaftServerImpl (ServerState.java:setLeader(263)) - 7b8ea038-0abd-40f8-b5e6-235888bbf81b:group-5360576734D0 change Leader from null to 7b8ea038-0abd-40f8-b5e6-235888bbf81b at term 2 for becomeLeader, leader elected after 10287ms
2019-08-29 23:14:14,227 [7b8ea038-0abd-40f8-b5e6-235888bbf81b:group-5360576734D0:LeaderElection26] INFO  server.RaftServerConfigKeys (ConfUtils.java:logGet(43)) - raft.server.staging.catchup.gap = 1000 (default)
2019-08-29 23:14:14,227 [7b8ea038-0abd-40f8-b5e6-235888bbf81b:group-5360576734D0:LeaderElection26] INFO  server.RaftServerConfigKeys (ConfUtils.java:logGet(43)) - raft.server.rpc.sleep.time = 25ms (default)
2019-08-29 23:14:14,227 [7b8ea038-0abd-40f8-b5e6-235888bbf81b:group-5360576734D0:LeaderElection26] INFO  server.RaftServerConfigKeys (ConfUtils.java:logGet(43)) - raft.server.write.element-limit = 4096 (default)
2019-08-29 23:14:14,227 [7b8ea038-0abd-40f8-b5e6-235888bbf81b:group-5360576734D0:LeaderElection26] INFO  server.RaftServerConfigKeys (ConfUtils.java:logGet(43)) - raft.server.watch.timeout = 10s (default)
2019-08-29 23:14:14,228 [7b8ea038-0abd-40f8-b5e6-235888bbf81b:group-5360576734D0:LeaderElection26] INFO  server.RaftServerConfigKeys (ConfUtils.java:logGet(43)) - raft.server.watch.timeout.denomination = 1s (default)
2019-08-29 23:14:14,228 [7b8ea038-0abd-40f8-b5e6-235888bbf81b:group-5360576734D0:LeaderElection26] INFO  server.RaftServerConfigKeys (ConfUtils.java:logGet(43)) - raft.server.watch.element-limit = 65536 (default)
2019-08-29 23:14:14,228 [7b8ea038-0abd-40f8-b5e6-235888bbf81b:group-5360576734D0:LeaderElection26] INFO  server.RaftServerConfigKeys (ConfUtils.java:logGet(43)) - raft.server.log.appender.snapshot.chunk.size.max = 16MB (=16777216) (default)
2019-08-29 23:14:14,228 [7b8ea038-0abd-40f8-b5e6-235888bbf81b:group-5360576734D0:LeaderElection26] INFO  server.RaftServerConfigKeys (ConfUtils.java:logGet(43)) - raft.server.log.appender.buffer.byte-limit = 33554432 (custom)
2019-08-29 23:14:14,228 [7b8ea038-0abd-40f8-b5e6-235888bbf81b:group-5360576734D0:LeaderElection26] INFO  server.RaftServerConfigKeys (ConfUtils.java:logGet(43)) - raft.server.log.appender.buffer.element-limit = 1 (custom)
2019-08-29 23:14:14,229 [7b8ea038-0abd-40f8-b5e6-235888bbf81b:group-5360576734D0:LeaderElection26] INFO  grpc.GrpcConfigKeys$Server (ConfUtils.java:logGet(43)) - raft.grpc.server.leader.outstanding.appends.max = 128 (default)
2019-08-29 23:14:14,229 [7b8ea038-0abd-40f8-b5e6-235888bbf81b:group-5360576734D0:LeaderElection26] INFO  server.RaftServerConfigKeys (ConfUtils.java:logGet(43)) - raft.server.rpc.request.timeout = 3000ms (default)
2019-08-29 23:14:14,229 [7b8ea038-0abd-40f8-b5e6-235888bbf81b:group-5360576734D0:LeaderElection26] INFO  server.RaftServerConfigKeys (ConfUtils.java:logGet(43)) - raft.server.log.appender.install.snapshot.enabled = false (custom)
2019-08-29 23:14:14,229 [7b8ea038-0abd-40f8-b5e6-235888bbf81b:group-5360576734D0:LeaderElection26] INFO  server.RaftServerConfigKeys (ConfUtils.java:logGet(43)) - raft.server.log.appender.snapshot.chunk.size.max = 16MB (=16777216) (default)
2019-08-29 23:14:14,230 [7b8ea038-0abd-40f8-b5e6-235888bbf81b:group-5360576734D0:LeaderElection26] INFO  server.RaftServerConfigKeys (ConfUtils.java:logGet(43)) - raft.server.log.appender.buffer.byte-limit = 33554432 (custom)
2019-08-29 23:14:14,230 [7b8ea038-0abd-40f8-b5e6-235888bbf81b:group-5360576734D0:LeaderElection26] INFO  server.RaftServerConfigKeys (ConfUtils.java:logGet(43)) - raft.server.log.appender.buffer.element-limit = 1 (custom)
2019-08-29 23:14:14,230 [7b8ea038-0abd-40f8-b5e6-235888bbf81b:group-5360576734D0:LeaderElection26] INFO  grpc.GrpcConfigKeys$Server (ConfUtils.java:logGet(43)) - raft.grpc.server.leader.outstanding.appends.max = 128 (default)
2019-08-29 23:14:14,230 [7b8ea038-0abd-40f8-b5e6-235888bbf81b:group-5360576734D0:LeaderElection26] INFO  server.RaftServerConfigKeys (ConfUtils.java:logGet(43)) - raft.server.rpc.request.timeout = 3000ms (default)
2019-08-29 23:14:14,230 [7b8ea038-0abd-40f8-b5e6-235888bbf81b:group-5360576734D0:LeaderElection26] INFO  server.RaftServerConfigKeys (ConfUtils.java:logGet(43)) - raft.server.log.appender.install.snapshot.enabled = false (custom)
2019-08-29 23:14:14,231 [7b8ea038-0abd-40f8-b5e6-235888bbf81b:group-5360576734D0:LeaderElection26] INFO  impl.RoleInfo (RoleInfo.java:updateAndGet(143)) - 7b8ea038-0abd-40f8-b5e6-235888bbf81b: start LeaderState
2019-08-29 23:14:14,231 [7b8ea038-0abd-40f8-b5e6-235888bbf81b:group-5360576734D0:LeaderElection26] INFO  segmented.SegmentedRaftLogWorker (SegmentedRaftLogWorker.java:startLogSegment(380)) - 7b8ea038-0abd-40f8-b5e6-235888bbf81b-SegmentedRaftLogWorker:Storage Directory /workdir/hadoop-ozone/integration-test/target/test-dir/MiniOzoneClusterImpl-dba45ac9-1770-4347-820b-e942d4b229ff/datanode-1/data/ratis/c0fbf511-ef20-4ac1-b244-5360576734d0: Starting segment from index:0
2019-08-29 23:14:14,232 [7b8ea038-0abd-40f8-b5e6-235888bbf81b:group-5360576734D0:LeaderElection26] INFO  impl.RaftServerImpl (ServerState.java:setRaftConf(361)) - 7b8ea038-0abd-40f8-b5e6-235888bbf81b:group-5360576734D0 set configuration 0: [6fc9f5bf-9d19-4424-b095-dbd8051c5d1f:192.168.5.176:36413, 7b8ea038-0abd-40f8-b5e6-235888bbf81b:192.168.5.176:39186, fdf38f52-984e-464b-b063-6b40bc579090:192.168.5.176:35543], old=null at 0
2019-08-29 23:14:14,278 [grpc-default-executor-0] INFO  impl.RaftServerImpl (ServerState.java:setLeader(263)) - fdf38f52-984e-464b-b063-6b40bc579090:group-5360576734D0 change Leader from null to 7b8ea038-0abd-40f8-b5e6-235888bbf81b at term 2 for appendEntries, leader elected after 10338ms
2019-08-29 23:14:14,278 [grpc-default-executor-2] INFO  impl.RaftServerImpl (ServerState.java:setLeader(263)) - 6fc9f5bf-9d19-4424-b095-dbd8051c5d1f:group-5360576734D0 change Leader from null to 7b8ea038-0abd-40f8-b5e6-235888bbf81b at term 2 for appendEntries, leader elected after 10339ms
2019-08-29 23:14:14,281 [grpc-default-executor-2] INFO  impl.RaftServerImpl (ServerState.java:setRaftConf(361)) - fdf38f52-984e-464b-b063-6b40bc579090:group-5360576734D0 set configuration 0: [6fc9f5bf-9d19-4424-b095-dbd8051c5d1f:192.168.5.176:36413, 7b8ea038-0abd-40f8-b5e6-235888bbf81b:192.168.5.176:39186, fdf38f52-984e-464b-b063-6b40bc579090:192.168.5.176:35543], old=null at 0
2019-08-29 23:14:14,282 [grpc-default-executor-2] INFO  segmented.SegmentedRaftLogWorker (SegmentedRaftLogWorker.java:startLogSegment(380)) - fdf38f52-984e-464b-b063-6b40bc579090-SegmentedRaftLogWorker:Storage Directory /workdir/hadoop-ozone/integration-test/target/test-dir/MiniOzoneClusterImpl-dba45ac9-1770-4347-820b-e942d4b229ff/datanode-2/data/ratis/c0fbf511-ef20-4ac1-b244-5360576734d0: Starting segment from index:0
2019-08-29 23:14:14,282 [grpc-default-executor-0] INFO  impl.RaftServerImpl (ServerState.java:setRaftConf(361)) - 6fc9f5bf-9d19-4424-b095-dbd8051c5d1f:group-5360576734D0 set configuration 0: [6fc9f5bf-9d19-4424-b095-dbd8051c5d1f:192.168.5.176:36413, 7b8ea038-0abd-40f8-b5e6-235888bbf81b:192.168.5.176:39186, fdf38f52-984e-464b-b063-6b40bc579090:192.168.5.176:35543], old=null at 0
2019-08-29 23:14:14,283 [grpc-default-executor-0] INFO  segmented.SegmentedRaftLogWorker (SegmentedRaftLogWorker.java:startLogSegment(380)) - 6fc9f5bf-9d19-4424-b095-dbd8051c5d1f-SegmentedRaftLogWorker:Storage Directory /workdir/hadoop-ozone/integration-test/target/test-dir/MiniOzoneClusterImpl-dba45ac9-1770-4347-820b-e942d4b229ff/datanode-0/data/ratis/c0fbf511-ef20-4ac1-b244-5360576734d0: Starting segment from index:0
2019-08-29 23:14:14,288 [7b8ea038-0abd-40f8-b5e6-235888bbf81b-SegmentedRaftLogWorker:Storage Directory /workdir/hadoop-ozone/integration-test/target/test-dir/MiniOzoneClusterImpl-dba45ac9-1770-4347-820b-e942d4b229ff/datanode-1/data/ratis/c0fbf511-ef20-4ac1-b244-5360576734d0] INFO  segmented.SegmentedRaftLogWorker (SegmentedRaftLogWorker.java:execute(569)) - 7b8ea038-0abd-40f8-b5e6-235888bbf81b-SegmentedRaftLogWorker:Storage Directory /workdir/hadoop-ozone/integration-test/target/test-dir/MiniOzoneClusterImpl-dba45ac9-1770-4347-820b-e942d4b229ff/datanode-1/data/ratis/c0fbf511-ef20-4ac1-b244-5360576734d0: created new log segment /workdir/hadoop-ozone/integration-test/target/test-dir/MiniOzoneClusterImpl-dba45ac9-1770-4347-820b-e942d4b229ff/datanode-1/data/ratis/c0fbf511-ef20-4ac1-b244-5360576734d0/current/log_inprogress_0
2019-08-29 23:14:14,337 [fdf38f52-984e-464b-b063-6b40bc579090-SegmentedRaftLogWorker:Storage Directory /workdir/hadoop-ozone/integration-test/target/test-dir/MiniOzoneClusterImpl-dba45ac9-1770-4347-820b-e942d4b229ff/datanode-2/data/ratis/c0fbf511-ef20-4ac1-b244-5360576734d0] INFO  segmented.SegmentedRaftLogWorker (SegmentedRaftLogWorker.java:execute(569)) - fdf38f52-984e-464b-b063-6b40bc579090-SegmentedRaftLogWorker:Storage Directory /workdir/hadoop-ozone/integration-test/target/test-dir/MiniOzoneClusterImpl-dba45ac9-1770-4347-820b-e942d4b229ff/datanode-2/data/ratis/c0fbf511-ef20-4ac1-b244-5360576734d0: created new log segment /workdir/hadoop-ozone/integration-test/target/test-dir/MiniOzoneClusterImpl-dba45ac9-1770-4347-820b-e942d4b229ff/datanode-2/data/ratis/c0fbf511-ef20-4ac1-b244-5360576734d0/current/log_inprogress_0
2019-08-29 23:14:14,337 [6fc9f5bf-9d19-4424-b095-dbd8051c5d1f-SegmentedRaftLogWorker:Storage Directory /workdir/hadoop-ozone/integration-test/target/test-dir/MiniOzoneClusterImpl-dba45ac9-1770-4347-820b-e942d4b229ff/datanode-0/data/ratis/c0fbf511-ef20-4ac1-b244-5360576734d0] INFO  segmented.SegmentedRaftLogWorker (SegmentedRaftLogWorker.java:execute(569)) - 6fc9f5bf-9d19-4424-b095-dbd8051c5d1f-SegmentedRaftLogWorker:Storage Directory /workdir/hadoop-ozone/integration-test/target/test-dir/MiniOzoneClusterImpl-dba45ac9-1770-4347-820b-e942d4b229ff/datanode-0/data/ratis/c0fbf511-ef20-4ac1-b244-5360576734d0: created new log segment /workdir/hadoop-ozone/integration-test/target/test-dir/MiniOzoneClusterImpl-dba45ac9-1770-4347-820b-e942d4b229ff/datanode-0/data/ratis/c0fbf511-ef20-4ac1-b244-5360576734d0/current/log_inprogress_0
2019-08-29 23:14:14,624 | INFO  | SCMAudit | user=jenkins1000 | ip=192.168.5.176 | op=SEND_HEARTBEAT {datanodeUUID=c28b6833-03f3-43d7-88dd-1eb93de0674c, command=[]} | ret=SUCCESS |  
2019-08-29 23:14:14,657 | INFO  | SCMAudit | user=jenkins1000 | ip=192.168.5.176 | op=SEND_HEARTBEAT {datanodeUUID=c2791d19-603b-4976-b3e9-7899a47ab15b, command=[]} | ret=SUCCESS |  
2019-08-29 23:14:14,657 | INFO  | SCMAudit | user=jenkins1000 | ip=192.168.5.176 | op=SEND_HEARTBEAT {datanodeUUID=91c146c8-9622-4fdf-af50-459baf835861, command=[]} | ret=SUCCESS |  
2019-08-29 23:14:14,715 | INFO  | SCMAudit | user=jenkins1000 | ip=192.168.5.176 | op=SEND_HEARTBEAT {datanodeUUID=6fc9f5bf-9d19-4424-b095-dbd8051c5d1f, command=[]} | ret=SUCCESS |  
2019-08-29 23:14:14,781 | INFO  | SCMAudit | user=jenkins1000 | ip=192.168.5.176 | op=SEND_HEARTBEAT {datanodeUUID=7b8ea038-0abd-40f8-b5e6-235888bbf81b, command=[]} | ret=SUCCESS |  
2019-08-29 23:14:14,843 | INFO  | SCMAudit | user=jenkins1000 | ip=192.168.5.176 | op=SEND_HEARTBEAT {datanodeUUID=fdf38f52-984e-464b-b063-6b40bc579090, command=[]} | ret=SUCCESS |  
2019-08-29 23:14:14,906 | INFO  | SCMAudit | user=jenkins1000 | ip=192.168.5.176 | op=SEND_HEARTBEAT {datanodeUUID=b91667ad-dd07-438b-a2aa-20d994bbddf1, command=[]} | ret=SUCCESS |  
2019-08-29 23:14:15,622 | INFO  | SCMAudit | user=jenkins1000 | ip=192.168.5.176 | op=SEND_HEARTBEAT {datanodeUUID=c28b6833-03f3-43d7-88dd-1eb93de0674c, command=[]} | ret=SUCCESS |  
2019-08-29 23:14:15,654 | INFO  | SCMAudit | user=jenkins1000 | ip=192.168.5.176 | op=SEND_HEARTBEAT {datanodeUUID=91c146c8-9622-4fdf-af50-459baf835861, command=[]} | ret=SUCCESS |  
2019-08-29 23:14:15,654 | INFO  | SCMAudit | user=jenkins1000 | ip=192.168.5.176 | op=SEND_HEARTBEAT {datanodeUUID=c2791d19-603b-4976-b3e9-7899a47ab15b, command=[]} | ret=SUCCESS |  
2019-08-29 23:14:15,684 [grpc-default-executor-2] INFO  client.GrpcClientProtocolClient (GrpcClientProtocolClient.java:onNext(255)) - client-5CFC44E75E5D->c2791d19-603b-4976-b3e9-7899a47ab15b: receive RaftClientReply:client-5CFC44E75E5D->c2791d19-603b-4976-b3e9-7899a47ab15b@group-E13997D93674, cid=45, FAILED org.apache.ratis.protocol.NotLeaderException: Server c2791d19-603b-4976-b3e9-7899a47ab15b is not the leader (c28b6833-03f3-43d7-88dd-1eb93de0674c:192.168.5.176:36768). Request must be sent to leader., logIndex=0, commits[c2791d19-603b-4976-b3e9-7899a47ab15b:c8, c28b6833-03f3-43d7-88dd-1eb93de0674c:c8, 91c146c8-9622-4fdf-af50-459baf835861:c8]
2019-08-29 23:14:15,715 | INFO  | SCMAudit | user=jenkins1000 | ip=192.168.5.176 | op=SEND_HEARTBEAT {datanodeUUID=6fc9f5bf-9d19-4424-b095-dbd8051c5d1f, command=[]} | ret=SUCCESS |  
2019-08-29 23:14:15,781 | INFO  | SCMAudit | user=jenkins1000 | ip=192.168.5.176 | op=SEND_HEARTBEAT {datanodeUUID=7b8ea038-0abd-40f8-b5e6-235888bbf81b, command=[]} | ret=SUCCESS |  
2019-08-29 23:14:15,843 | INFO  | SCMAudit | user=jenkins1000 | ip=192.168.5.176 | op=SEND_HEARTBEAT {datanodeUUID=fdf38f52-984e-464b-b063-6b40bc579090, command=[]} | ret=SUCCESS |  
2019-08-29 23:14:15,906 | INFO  | SCMAudit | user=jenkins1000 | ip=192.168.5.176 | op=SEND_HEARTBEAT {datanodeUUID=b91667ad-dd07-438b-a2aa-20d994bbddf1, command=[]} | ret=SUCCESS |  
2019-08-29 23:14:16,622 | INFO  | SCMAudit | user=jenkins1000 | ip=192.168.5.176 | op=SEND_HEARTBEAT {datanodeUUID=c28b6833-03f3-43d7-88dd-1eb93de0674c, command=[]} | ret=SUCCESS |  
2019-08-29 23:14:16,659 | INFO  | SCMAudit | user=jenkins1000 | ip=192.168.5.176 | op=SEND_HEARTBEAT {datanodeUUID=91c146c8-9622-4fdf-af50-459baf835861, command=[]} | ret=SUCCESS |  
2019-08-29 23:14:16,659 | INFO  | SCMAudit | user=jenkins1000 | ip=192.168.5.176 | op=SEND_HEARTBEAT {datanodeUUID=c2791d19-603b-4976-b3e9-7899a47ab15b, command=[]} | ret=SUCCESS |  
2019-08-29 23:14:16,716 | INFO  | SCMAudit | user=jenkins1000 | ip=192.168.5.176 | op=SEND_HEARTBEAT {datanodeUUID=6fc9f5bf-9d19-4424-b095-dbd8051c5d1f, command=[]} | ret=SUCCESS |  
2019-08-29 23:14:16,781 | INFO  | SCMAudit | user=jenkins1000 | ip=192.168.5.176 | op=SEND_HEARTBEAT {datanodeUUID=7b8ea038-0abd-40f8-b5e6-235888bbf81b, command=[]} | ret=SUCCESS |  
2019-08-29 23:14:16,844 | INFO  | SCMAudit | user=jenkins1000 | ip=192.168.5.176 | op=SEND_HEARTBEAT {datanodeUUID=fdf38f52-984e-464b-b063-6b40bc579090, command=[]} | ret=SUCCESS |  
2019-08-29 23:14:16,907 | INFO  | SCMAudit | user=jenkins1000 | ip=192.168.5.176 | op=SEND_HEARTBEAT {datanodeUUID=b91667ad-dd07-438b-a2aa-20d994bbddf1, command=[]} | ret=SUCCESS |  
2019-08-29 23:14:17,624 | INFO  | SCMAudit | user=jenkins1000 | ip=192.168.5.176 | op=SEND_HEARTBEAT {datanodeUUID=c28b6833-03f3-43d7-88dd-1eb93de0674c, command=[]} | ret=SUCCESS |  
2019-08-29 23:14:17,655 | INFO  | SCMAudit | user=jenkins1000 | ip=192.168.5.176 | op=SEND_HEARTBEAT {datanodeUUID=91c146c8-9622-4fdf-af50-459baf835861, command=[]} | ret=SUCCESS |  
2019-08-29 23:14:17,655 | INFO  | SCMAudit | user=jenkins1000 | ip=192.168.5.176 | op=SEND_HEARTBEAT {datanodeUUID=c2791d19-603b-4976-b3e9-7899a47ab15b, command=[]} | ret=SUCCESS |  
2019-08-29 23:14:17,716 | INFO  | SCMAudit | user=jenkins1000 | ip=192.168.5.176 | op=SEND_HEARTBEAT {datanodeUUID=6fc9f5bf-9d19-4424-b095-dbd8051c5d1f, command=[]} | ret=SUCCESS |  
2019-08-29 23:14:17,781 | INFO  | SCMAudit | user=jenkins1000 | ip=192.168.5.176 | op=SEND_HEARTBEAT {datanodeUUID=7b8ea038-0abd-40f8-b5e6-235888bbf81b, command=[]} | ret=SUCCESS |  
2019-08-29 23:14:17,844 | INFO  | SCMAudit | user=jenkins1000 | ip=192.168.5.176 | op=SEND_HEARTBEAT {datanodeUUID=fdf38f52-984e-464b-b063-6b40bc579090, command=[]} | ret=SUCCESS |  
2019-08-29 23:14:17,907 | INFO  | SCMAudit | user=jenkins1000 | ip=192.168.5.176 | op=SEND_HEARTBEAT {datanodeUUID=b91667ad-dd07-438b-a2aa-20d994bbddf1, command=[]} | ret=SUCCESS |  
2019-08-29 23:14:18,624 | INFO  | SCMAudit | user=jenkins1000 | ip=192.168.5.176 | op=SEND_HEARTBEAT {datanodeUUID=c28b6833-03f3-43d7-88dd-1eb93de0674c, command=[]} | ret=SUCCESS |  
2019-08-29 23:14:18,654 | INFO  | SCMAudit | user=jenkins1000 | ip=192.168.5.176 | op=SEND_HEARTBEAT {datanodeUUID=91c146c8-9622-4fdf-af50-459baf835861, command=[]} | ret=SUCCESS |  
2019-08-29 23:14:18,655 | INFO  | SCMAudit | user=jenkins1000 | ip=192.168.5.176 | op=SEND_HEARTBEAT {datanodeUUID=c2791d19-603b-4976-b3e9-7899a47ab15b, command=[]} | ret=SUCCESS |  
2019-08-29 23:14:18,716 | INFO  | SCMAudit | user=jenkins1000 | ip=192.168.5.176 | op=SEND_HEARTBEAT {datanodeUUID=6fc9f5bf-9d19-4424-b095-dbd8051c5d1f, command=[]} | ret=SUCCESS |  
2019-08-29 23:14:18,780 | INFO  | SCMAudit | user=jenkins1000 | ip=192.168.5.176 | op=SEND_HEARTBEAT {datanodeUUID=7b8ea038-0abd-40f8-b5e6-235888bbf81b, command=[]} | ret=SUCCESS |  
2019-08-29 23:14:18,844 | INFO  | SCMAudit | user=jenkins1000 | ip=192.168.5.176 | op=SEND_HEARTBEAT {datanodeUUID=fdf38f52-984e-464b-b063-6b40bc579090, command=[]} | ret=SUCCESS |  
2019-08-29 23:14:18,908 | INFO  | SCMAudit | user=jenkins1000 | ip=192.168.5.176 | op=SEND_HEARTBEAT {datanodeUUID=b91667ad-dd07-438b-a2aa-20d994bbddf1, command=[]} | ret=SUCCESS |  
2019-08-29 23:14:19,624 | INFO  | SCMAudit | user=jenkins1000 | ip=192.168.5.176 | op=SEND_HEARTBEAT {datanodeUUID=c28b6833-03f3-43d7-88dd-1eb93de0674c, command=[]} | ret=SUCCESS |  
2019-08-29 23:14:19,654 | INFO  | SCMAudit | user=jenkins1000 | ip=192.168.5.176 | op=SEND_HEARTBEAT {datanodeUUID=91c146c8-9622-4fdf-af50-459baf835861, command=[]} | ret=SUCCESS |  
2019-08-29 23:14:19,654 | INFO  | SCMAudit | user=jenkins1000 | ip=192.168.5.176 | op=SEND_HEARTBEAT {datanodeUUID=c2791d19-603b-4976-b3e9-7899a47ab15b, command=[]} | ret=SUCCESS |  
2019-08-29 23:14:19,716 | INFO  | SCMAudit | user=jenkins1000 | ip=192.168.5.176 | op=SEND_HEARTBEAT {datanodeUUID=6fc9f5bf-9d19-4424-b095-dbd8051c5d1f, command=[]} | ret=SUCCESS |  
2019-08-29 23:14:19,780 | INFO  | SCMAudit | user=jenkins1000 | ip=192.168.5.176 | op=SEND_HEARTBEAT {datanodeUUID=7b8ea038-0abd-40f8-b5e6-235888bbf81b, command=[]} | ret=SUCCESS |  
2019-08-29 23:14:19,844 | INFO  | SCMAudit | user=jenkins1000 | ip=192.168.5.176 | op=SEND_HEARTBEAT {datanodeUUID=fdf38f52-984e-464b-b063-6b40bc579090, command=[]} | ret=SUCCESS |  
2019-08-29 23:14:19,909 | INFO  | SCMAudit | user=jenkins1000 | ip=192.168.5.176 | op=SEND_HEARTBEAT {datanodeUUID=b91667ad-dd07-438b-a2aa-20d994bbddf1, command=[]} | ret=SUCCESS |  
2019-08-29 23:14:20,624 | INFO  | SCMAudit | user=jenkins1000 | ip=192.168.5.176 | op=SEND_HEARTBEAT {datanodeUUID=c28b6833-03f3-43d7-88dd-1eb93de0674c, command=[]} | ret=SUCCESS |  
2019-08-29 23:14:20,654 | INFO  | SCMAudit | user=jenkins1000 | ip=192.168.5.176 | op=SEND_HEARTBEAT {datanodeUUID=91c146c8-9622-4fdf-af50-459baf835861, command=[]} | ret=SUCCESS |  
2019-08-29 23:14:20,654 | INFO  | SCMAudit | user=jenkins1000 | ip=192.168.5.176 | op=SEND_HEARTBEAT {datanodeUUID=c2791d19-603b-4976-b3e9-7899a47ab15b, command=[]} | ret=SUCCESS |  
2019-08-29 23:14:20,716 | INFO  | SCMAudit | user=jenkins1000 | ip=192.168.5.176 | op=SEND_HEARTBEAT {datanodeUUID=6fc9f5bf-9d19-4424-b095-dbd8051c5d1f, command=[]} | ret=SUCCESS |  
2019-08-29 23:14:20,735 [grpc-default-executor-0] INFO  client.GrpcClientProtocolClient (GrpcClientProtocolClient.java:onNext(255)) - client-5CFC44E75E5D->c2791d19-603b-4976-b3e9-7899a47ab15b: receive RaftClientReply:client-5CFC44E75E5D->c2791d19-603b-4976-b3e9-7899a47ab15b@group-E13997D93674, cid=45, FAILED org.apache.ratis.protocol.NotLeaderException: Server c2791d19-603b-4976-b3e9-7899a47ab15b is not the leader (c28b6833-03f3-43d7-88dd-1eb93de0674c:192.168.5.176:36768). Request must be sent to leader., logIndex=0, commits[c2791d19-603b-4976-b3e9-7899a47ab15b:c8, c28b6833-03f3-43d7-88dd-1eb93de0674c:c8, 91c146c8-9622-4fdf-af50-459baf835861:c8]
2019-08-29 23:14:20,781 | INFO  | SCMAudit | user=jenkins1000 | ip=192.168.5.176 | op=SEND_HEARTBEAT {datanodeUUID=7b8ea038-0abd-40f8-b5e6-235888bbf81b, command=[]} | ret=SUCCESS |  
2019-08-29 23:14:20,845 | INFO  | SCMAudit | user=jenkins1000 | ip=192.168.5.176 | op=SEND_HEARTBEAT {datanodeUUID=fdf38f52-984e-464b-b063-6b40bc579090, command=[]} | ret=SUCCESS |  
2019-08-29 23:14:20,910 | INFO  | SCMAudit | user=jenkins1000 | ip=192.168.5.176 | op=SEND_HEARTBEAT {datanodeUUID=b91667ad-dd07-438b-a2aa-20d994bbddf1, command=[]} | ret=SUCCESS |  
2019-08-29 23:14:21,625 | INFO  | SCMAudit | user=jenkins1000 | ip=192.168.5.176 | op=SEND_HEARTBEAT {datanodeUUID=c28b6833-03f3-43d7-88dd-1eb93de0674c, command=[]} | ret=SUCCESS |  
2019-08-29 23:14:21,654 | INFO  | SCMAudit | user=jenkins1000 | ip=192.168.5.176 | op=SEND_HEARTBEAT {datanodeUUID=91c146c8-9622-4fdf-af50-459baf835861, command=[]} | ret=SUCCESS |  
2019-08-29 23:14:21,655 | INFO  | SCMAudit | user=jenkins1000 | ip=192.168.5.176 | op=SEND_HEARTBEAT {datanodeUUID=c2791d19-603b-4976-b3e9-7899a47ab15b, command=[]} | ret=SUCCESS |  
2019-08-29 23:14:21,716 | INFO  | SCMAudit | user=jenkins1000 | ip=192.168.5.176 | op=SEND_HEARTBEAT {datanodeUUID=6fc9f5bf-9d19-4424-b095-dbd8051c5d1f, command=[]} | ret=SUCCESS |  
2019-08-29 23:14:21,780 | INFO  | SCMAudit | user=jenkins1000 | ip=192.168.5.176 | op=SEND_HEARTBEAT {datanodeUUID=7b8ea038-0abd-40f8-b5e6-235888bbf81b, command=[]} | ret=SUCCESS |  
2019-08-29 23:14:21,845 | INFO  | SCMAudit | user=jenkins1000 | ip=192.168.5.176 | op=SEND_HEARTBEAT {datanodeUUID=fdf38f52-984e-464b-b063-6b40bc579090, command=[]} | ret=SUCCESS |  
2019-08-29 23:14:21,909 | INFO  | SCMAudit | user=jenkins1000 | ip=192.168.5.176 | op=SEND_HEARTBEAT {datanodeUUID=b91667ad-dd07-438b-a2aa-20d994bbddf1, command=[]} | ret=SUCCESS |  
2019-08-29 23:14:22,625 | INFO  | SCMAudit | user=jenkins1000 | ip=192.168.5.176 | op=SEND_HEARTBEAT {datanodeUUID=c28b6833-03f3-43d7-88dd-1eb93de0674c, command=[]} | ret=SUCCESS |  
2019-08-29 23:14:22,654 | INFO  | SCMAudit | user=jenkins1000 | ip=192.168.5.176 | op=SEND_HEARTBEAT {datanodeUUID=91c146c8-9622-4fdf-af50-459baf835861, command=[]} | ret=SUCCESS |  
2019-08-29 23:14:22,654 | INFO  | SCMAudit | user=jenkins1000 | ip=192.168.5.176 | op=SEND_HEARTBEAT {datanodeUUID=c2791d19-603b-4976-b3e9-7899a47ab15b, command=[]} | ret=SUCCESS |  
2019-08-29 23:14:22,716 | INFO  | SCMAudit | user=jenkins1000 | ip=192.168.5.176 | op=SEND_HEARTBEAT {datanodeUUID=6fc9f5bf-9d19-4424-b095-dbd8051c5d1f, command=[]} | ret=SUCCESS |  
2019-08-29 23:14:22,781 | INFO  | SCMAudit | user=jenkins1000 | ip=192.168.5.176 | op=SEND_HEARTBEAT {datanodeUUID=7b8ea038-0abd-40f8-b5e6-235888bbf81b, command=[]} | ret=SUCCESS |  
2019-08-29 23:14:22,844 | INFO  | SCMAudit | user=jenkins1000 | ip=192.168.5.176 | op=SEND_HEARTBEAT {datanodeUUID=fdf38f52-984e-464b-b063-6b40bc579090, command=[]} | ret=SUCCESS |  
2019-08-29 23:14:22,910 | INFO  | SCMAudit | user=jenkins1000 | ip=192.168.5.176 | op=SEND_HEARTBEAT {datanodeUUID=b91667ad-dd07-438b-a2aa-20d994bbddf1, command=[]} | ret=SUCCESS |  
2019-08-29 23:14:23,625 | INFO  | SCMAudit | user=jenkins1000 | ip=192.168.5.176 | op=SEND_HEARTBEAT {datanodeUUID=c28b6833-03f3-43d7-88dd-1eb93de0674c, command=[]} | ret=SUCCESS |  
2019-08-29 23:14:23,654 | INFO  | SCMAudit | user=jenkins1000 | ip=192.168.5.176 | op=SEND_HEARTBEAT {datanodeUUID=91c146c8-9622-4fdf-af50-459baf835861, command=[]} | ret=SUCCESS |  
2019-08-29 23:14:23,654 | INFO  | SCMAudit | user=jenkins1000 | ip=192.168.5.176 | op=SEND_HEARTBEAT {datanodeUUID=c2791d19-603b-4976-b3e9-7899a47ab15b, command=[]} | ret=SUCCESS |  
2019-08-29 23:14:23,716 | INFO  | SCMAudit | user=jenkins1000 | ip=192.168.5.176 | op=SEND_HEARTBEAT {datanodeUUID=6fc9f5bf-9d19-4424-b095-dbd8051c5d1f, command=[]} | ret=SUCCESS |  
2019-08-29 23:14:23,781 | INFO  | SCMAudit | user=jenkins1000 | ip=192.168.5.176 | op=SEND_HEARTBEAT {datanodeUUID=7b8ea038-0abd-40f8-b5e6-235888bbf81b, command=[]} | ret=SUCCESS |  
2019-08-29 23:14:23,844 | INFO  | SCMAudit | user=jenkins1000 | ip=192.168.5.176 | op=SEND_HEARTBEAT {datanodeUUID=fdf38f52-984e-464b-b063-6b40bc579090, command=[]} | ret=SUCCESS |  
2019-08-29 23:14:23,910 | INFO  | SCMAudit | user=jenkins1000 | ip=192.168.5.176 | op=SEND_HEARTBEAT {datanodeUUID=b91667ad-dd07-438b-a2aa-20d994bbddf1, command=[]} | ret=SUCCESS |  
2019-08-29 23:14:24,626 | INFO  | SCMAudit | user=jenkins1000 | ip=192.168.5.176 | op=SEND_HEARTBEAT {datanodeUUID=c28b6833-03f3-43d7-88dd-1eb93de0674c, command=[]} | ret=SUCCESS |  
2019-08-29 23:14:24,655 | INFO  | SCMAudit | user=jenkins1000 | ip=192.168.5.176 | op=SEND_HEARTBEAT {datanodeUUID=c2791d19-603b-4976-b3e9-7899a47ab15b, command=[]} | ret=SUCCESS |  
2019-08-29 23:14:24,655 | INFO  | SCMAudit | user=jenkins1000 | ip=192.168.5.176 | op=SEND_HEARTBEAT {datanodeUUID=91c146c8-9622-4fdf-af50-459baf835861, command=[]} | ret=SUCCESS |  
2019-08-29 23:14:24,715 | INFO  | SCMAudit | user=jenkins1000 | ip=192.168.5.176 | op=SEND_HEARTBEAT {datanodeUUID=6fc9f5bf-9d19-4424-b095-dbd8051c5d1f, command=[]} | ret=SUCCESS |  
2019-08-29 23:14:24,783 | INFO  | SCMAudit | user=jenkins1000 | ip=192.168.5.176 | op=SEND_HEARTBEAT {datanodeUUID=7b8ea038-0abd-40f8-b5e6-235888bbf81b, command=[]} | ret=SUCCESS |  
2019-08-29 23:14:24,844 | INFO  | SCMAudit | user=jenkins1000 | ip=192.168.5.176 | op=SEND_HEARTBEAT {datanodeUUID=fdf38f52-984e-464b-b063-6b40bc579090, command=[]} | ret=SUCCESS |  
2019-08-29 23:14:24,910 | INFO  | SCMAudit | user=jenkins1000 | ip=192.168.5.176 | op=SEND_HEARTBEAT {datanodeUUID=b91667ad-dd07-438b-a2aa-20d994bbddf1, command=[]} | ret=SUCCESS |  
2019-08-29 23:14:25,626 | INFO  | SCMAudit | user=jenkins1000 | ip=192.168.5.176 | op=SEND_HEARTBEAT {datanodeUUID=c28b6833-03f3-43d7-88dd-1eb93de0674c, command=[]} | ret=SUCCESS |  
2019-08-29 23:14:25,655 | INFO  | SCMAudit | user=jenkins1000 | ip=192.168.5.176 | op=SEND_HEARTBEAT {datanodeUUID=c2791d19-603b-4976-b3e9-7899a47ab15b, command=[]} | ret=SUCCESS |  
2019-08-29 23:14:25,655 | INFO  | SCMAudit | user=jenkins1000 | ip=192.168.5.176 | op=SEND_HEARTBEAT {datanodeUUID=91c146c8-9622-4fdf-af50-459baf835861, command=[]} | ret=SUCCESS |  
2019-08-29 23:14:25,715 | INFO  | SCMAudit | user=jenkins1000 | ip=192.168.5.176 | op=SEND_HEARTBEAT {datanodeUUID=6fc9f5bf-9d19-4424-b095-dbd8051c5d1f, command=[]} | ret=SUCCESS |  
2019-08-29 23:14:25,784 | INFO  | SCMAudit | user=jenkins1000 | ip=192.168.5.176 | op=SEND_HEARTBEAT {datanodeUUID=7b8ea038-0abd-40f8-b5e6-235888bbf81b, command=[]} | ret=SUCCESS |  
2019-08-29 23:14:25,808 [grpc-default-executor-0] INFO  client.GrpcClientProtocolClient (GrpcClientProtocolClient.java:onNext(255)) - client-5CFC44E75E5D->91c146c8-9622-4fdf-af50-459baf835861: receive RaftClientReply:client-5CFC44E75E5D->91c146c8-9622-4fdf-af50-459baf835861@group-E13997D93674, cid=45, FAILED org.apache.ratis.protocol.NotLeaderException: Server 91c146c8-9622-4fdf-af50-459baf835861 is not the leader (c28b6833-03f3-43d7-88dd-1eb93de0674c:192.168.5.176:36768). Request must be sent to leader., logIndex=0, commits[91c146c8-9622-4fdf-af50-459baf835861:c8, c2791d19-603b-4976-b3e9-7899a47ab15b:c8, c28b6833-03f3-43d7-88dd-1eb93de0674c:c8]
2019-08-29 23:14:25,845 | INFO  | SCMAudit | user=jenkins1000 | ip=192.168.5.176 | op=SEND_HEARTBEAT {datanodeUUID=fdf38f52-984e-464b-b063-6b40bc579090, command=[]} | ret=SUCCESS |  
2019-08-29 23:14:25,910 | INFO  | SCMAudit | user=jenkins1000 | ip=192.168.5.176 | op=SEND_HEARTBEAT {datanodeUUID=b91667ad-dd07-438b-a2aa-20d994bbddf1, command=[]} | ret=SUCCESS |  
2019-08-29 23:14:26,627 | INFO  | SCMAudit | user=jenkins1000 | ip=192.168.5.176 | op=SEND_HEARTBEAT {datanodeUUID=c28b6833-03f3-43d7-88dd-1eb93de0674c, command=[]} | ret=SUCCESS |  
2019-08-29 23:14:26,655 | INFO  | SCMAudit | user=jenkins1000 | ip=192.168.5.176 | op=SEND_HEARTBEAT {datanodeUUID=91c146c8-9622-4fdf-af50-459baf835861, command=[]} | ret=SUCCESS |  
2019-08-29 23:14:26,655 | INFO  | SCMAudit | user=jenkins1000 | ip=192.168.5.176 | op=SEND_HEARTBEAT {datanodeUUID=c2791d19-603b-4976-b3e9-7899a47ab15b, command=[]} | ret=SUCCESS |  
2019-08-29 23:14:26,715 | INFO  | SCMAudit | user=jenkins1000 | ip=192.168.5.176 | op=SEND_HEARTBEAT {datanodeUUID=6fc9f5bf-9d19-4424-b095-dbd8051c5d1f, command=[]} | ret=SUCCESS |  
2019-08-29 23:14:26,784 | INFO  | SCMAudit | user=jenkins1000 | ip=192.168.5.176 | op=SEND_HEARTBEAT {datanodeUUID=7b8ea038-0abd-40f8-b5e6-235888bbf81b, command=[]} | ret=SUCCESS |  
2019-08-29 23:14:26,845 | INFO  | SCMAudit | user=jenkins1000 | ip=192.168.5.176 | op=SEND_HEARTBEAT {datanodeUUID=fdf38f52-984e-464b-b063-6b40bc579090, command=[]} | ret=SUCCESS |  
2019-08-29 23:14:26,910 | INFO  | SCMAudit | user=jenkins1000 | ip=192.168.5.176 | op=SEND_HEARTBEAT {datanodeUUID=b91667ad-dd07-438b-a2aa-20d994bbddf1, command=[]} | ret=SUCCESS |  
2019-08-29 23:14:27,627 | INFO  | SCMAudit | user=jenkins1000 | ip=192.168.5.176 | op=SEND_HEARTBEAT {datanodeUUID=c28b6833-03f3-43d7-88dd-1eb93de0674c, command=[]} | ret=SUCCESS |  
2019-08-29 23:14:27,655 | INFO  | SCMAudit | user=jenkins1000 | ip=192.168.5.176 | op=SEND_HEARTBEAT {datanodeUUID=c2791d19-603b-4976-b3e9-7899a47ab15b, command=[]} | ret=SUCCESS |  
2019-08-29 23:14:27,655 | INFO  | SCMAudit | user=jenkins1000 | ip=192.168.5.176 | op=SEND_HEARTBEAT {datanodeUUID=91c146c8-9622-4fdf-af50-459baf835861, command=[]} | ret=SUCCESS |  
2019-08-29 23:14:27,715 | INFO  | SCMAudit | user=jenkins1000 | ip=192.168.5.176 | op=SEND_HEARTBEAT {datanodeUUID=6fc9f5bf-9d19-4424-b095-dbd8051c5d1f, command=[]} | ret=SUCCESS |  
2019-08-29 23:14:27,784 | INFO  | SCMAudit | user=jenkins1000 | ip=192.168.5.176 | op=SEND_HEARTBEAT {datanodeUUID=7b8ea038-0abd-40f8-b5e6-235888bbf81b, command=[]} | ret=SUCCESS |  
2019-08-29 23:14:27,845 | INFO  | SCMAudit | user=jenkins1000 | ip=192.168.5.176 | op=SEND_HEARTBEAT {datanodeUUID=fdf38f52-984e-464b-b063-6b40bc579090, command=[]} | ret=SUCCESS |  
2019-08-29 23:14:27,910 | INFO  | SCMAudit | user=jenkins1000 | ip=192.168.5.176 | op=SEND_HEARTBEAT {datanodeUUID=b91667ad-dd07-438b-a2aa-20d994bbddf1, command=[]} | ret=SUCCESS |  
2019-08-29 23:14:28,627 | INFO  | SCMAudit | user=jenkins1000 | ip=192.168.5.176 | op=SEND_HEARTBEAT {datanodeUUID=c28b6833-03f3-43d7-88dd-1eb93de0674c, command=[]} | ret=SUCCESS |  
2019-08-29 23:14:28,655 | INFO  | SCMAudit | user=jenkins1000 | ip=192.168.5.176 | op=SEND_HEARTBEAT {datanodeUUID=91c146c8-9622-4fdf-af50-459baf835861, command=[]} | ret=SUCCESS |  
2019-08-29 23:14:28,655 | INFO  | SCMAudit | user=jenkins1000 | ip=192.168.5.176 | op=SEND_HEARTBEAT {datanodeUUID=c2791d19-603b-4976-b3e9-7899a47ab15b, command=[]} | ret=SUCCESS |  
2019-08-29 23:14:28,715 | INFO  | SCMAudit | user=jenkins1000 | ip=192.168.5.176 | op=SEND_HEARTBEAT {datanodeUUID=6fc9f5bf-9d19-4424-b095-dbd8051c5d1f, command=[]} | ret=SUCCESS |  
2019-08-29 23:14:28,789 | INFO  | SCMAudit | user=jenkins1000 | ip=192.168.5.176 | op=SEND_HEARTBEAT {datanodeUUID=7b8ea038-0abd-40f8-b5e6-235888bbf81b, command=[]} | ret=SUCCESS |  
2019-08-29 23:14:28,846 | INFO  | SCMAudit | user=jenkins1000 | ip=192.168.5.176 | op=SEND_HEARTBEAT {datanodeUUID=fdf38f52-984e-464b-b063-6b40bc579090, command=[]} | ret=SUCCESS |  
2019-08-29 23:14:28,911 | INFO  | SCMAudit | user=jenkins1000 | ip=192.168.5.176 | op=SEND_HEARTBEAT {datanodeUUID=b91667ad-dd07-438b-a2aa-20d994bbddf1, command=[]} | ret=SUCCESS |  
2019-08-29 23:14:29,627 | INFO  | SCMAudit | user=jenkins1000 | ip=192.168.5.176 | op=SEND_HEARTBEAT {datanodeUUID=c28b6833-03f3-43d7-88dd-1eb93de0674c, command=[]} | ret=SUCCESS |  
2019-08-29 23:14:29,655 | INFO  | SCMAudit | user=jenkins1000 | ip=192.168.5.176 | op=SEND_HEARTBEAT {datanodeUUID=c2791d19-603b-4976-b3e9-7899a47ab15b, command=[]} | ret=SUCCESS |  
2019-08-29 23:14:29,656 | INFO  | SCMAudit | user=jenkins1000 | ip=192.168.5.176 | op=SEND_HEARTBEAT {datanodeUUID=91c146c8-9622-4fdf-af50-459baf835861, command=[]} | ret=SUCCESS |  
2019-08-29 23:14:29,715 | INFO  | SCMAudit | user=jenkins1000 | ip=192.168.5.176 | op=SEND_HEARTBEAT {datanodeUUID=6fc9f5bf-9d19-4424-b095-dbd8051c5d1f, command=[]} | ret=SUCCESS |  
2019-08-29 23:14:29,785 | INFO  | SCMAudit | user=jenkins1000 | ip=192.168.5.176 | op=SEND_HEARTBEAT {datanodeUUID=7b8ea038-0abd-40f8-b5e6-235888bbf81b, command=[]} | ret=SUCCESS |  
2019-08-29 23:14:29,846 | INFO  | SCMAudit | user=jenkins1000 | ip=192.168.5.176 | op=SEND_HEARTBEAT {datanodeUUID=fdf38f52-984e-464b-b063-6b40bc579090, command=[]} | ret=SUCCESS |  
2019-08-29 23:14:29,910 | INFO  | SCMAudit | user=jenkins1000 | ip=192.168.5.176 | op=SEND_HEARTBEAT {datanodeUUID=b91667ad-dd07-438b-a2aa-20d994bbddf1, command=[]} | ret=SUCCESS |  
2019-08-29 23:14:30,627 | INFO  | SCMAudit | user=jenkins1000 | ip=192.168.5.176 | op=SEND_HEARTBEAT {datanodeUUID=c28b6833-03f3-43d7-88dd-1eb93de0674c, command=[]} | ret=SUCCESS |  
2019-08-29 23:14:30,656 | INFO  | SCMAudit | user=jenkins1000 | ip=192.168.5.176 | op=SEND_HEARTBEAT {datanodeUUID=c2791d19-603b-4976-b3e9-7899a47ab15b, command=[]} | ret=SUCCESS |  
2019-08-29 23:14:30,656 | INFO  | SCMAudit | user=jenkins1000 | ip=192.168.5.176 | op=SEND_HEARTBEAT {datanodeUUID=91c146c8-9622-4fdf-af50-459baf835861, command=[]} | ret=SUCCESS |  
2019-08-29 23:14:30,716 | INFO  | SCMAudit | user=jenkins1000 | ip=192.168.5.176 | op=SEND_HEARTBEAT {datanodeUUID=6fc9f5bf-9d19-4424-b095-dbd8051c5d1f, command=[]} | ret=SUCCESS |  
2019-08-29 23:14:30,786 | INFO  | SCMAudit | user=jenkins1000 | ip=192.168.5.176 | op=SEND_HEARTBEAT {datanodeUUID=7b8ea038-0abd-40f8-b5e6-235888bbf81b, command=[]} | ret=SUCCESS |  
2019-08-29 23:14:30,845 | INFO  | SCMAudit | user=jenkins1000 | ip=192.168.5.176 | op=SEND_HEARTBEAT {datanodeUUID=fdf38f52-984e-464b-b063-6b40bc579090, command=[]} | ret=SUCCESS |  
2019-08-29 23:14:30,864 [grpc-default-executor-0] INFO  client.GrpcClientProtocolClient (GrpcClientProtocolClient.java:onNext(255)) - client-5CFC44E75E5D->c2791d19-603b-4976-b3e9-7899a47ab15b: receive RaftClientReply:client-5CFC44E75E5D->c2791d19-603b-4976-b3e9-7899a47ab15b@group-E13997D93674, cid=45, FAILED org.apache.ratis.protocol.NotLeaderException: Server c2791d19-603b-4976-b3e9-7899a47ab15b is not the leader (c28b6833-03f3-43d7-88dd-1eb93de0674c:192.168.5.176:36768). Request must be sent to leader., logIndex=0, commits[c2791d19-603b-4976-b3e9-7899a47ab15b:c8, c28b6833-03f3-43d7-88dd-1eb93de0674c:c8, 91c146c8-9622-4fdf-af50-459baf835861:c8]
2019-08-29 23:14:30,910 | INFO  | SCMAudit | user=jenkins1000 | ip=192.168.5.176 | op=SEND_HEARTBEAT {datanodeUUID=b91667ad-dd07-438b-a2aa-20d994bbddf1, command=[]} | ret=SUCCESS |  
2019-08-29 23:14:31,628 | INFO  | SCMAudit | user=jenkins1000 | ip=192.168.5.176 | op=SEND_HEARTBEAT {datanodeUUID=c28b6833-03f3-43d7-88dd-1eb93de0674c, command=[]} | ret=SUCCESS |  
2019-08-29 23:14:31,656 | INFO  | SCMAudit | user=jenkins1000 | ip=192.168.5.176 | op=SEND_HEARTBEAT {datanodeUUID=91c146c8-9622-4fdf-af50-459baf835861, command=[]} | ret=SUCCESS |  
2019-08-29 23:14:31,657 | INFO  | SCMAudit | user=jenkins1000 | ip=192.168.5.176 | op=SEND_HEARTBEAT {datanodeUUID=c2791d19-603b-4976-b3e9-7899a47ab15b, command=[]} | ret=SUCCESS |  
2019-08-29 23:14:31,716 | INFO  | SCMAudit | user=jenkins1000 | ip=192.168.5.176 | op=SEND_HEARTBEAT {datanodeUUID=6fc9f5bf-9d19-4424-b095-dbd8051c5d1f, command=[]} | ret=SUCCESS |  
2019-08-29 23:14:31,785 | INFO  | SCMAudit | user=jenkins1000 | ip=192.168.5.176 | op=SEND_HEARTBEAT {datanodeUUID=7b8ea038-0abd-40f8-b5e6-235888bbf81b, command=[]} | ret=SUCCESS |  
2019-08-29 23:14:31,845 | INFO  | SCMAudit | user=jenkins1000 | ip=192.168.5.176 | op=SEND_HEARTBEAT {datanodeUUID=fdf38f52-984e-464b-b063-6b40bc579090, command=[]} | ret=SUCCESS |  
2019-08-29 23:14:31,910 | INFO  | SCMAudit | user=jenkins1000 | ip=192.168.5.176 | op=SEND_HEARTBEAT {datanodeUUID=b91667ad-dd07-438b-a2aa-20d994bbddf1, command=[]} | ret=SUCCESS |  
2019-08-29 23:14:32,628 | INFO  | SCMAudit | user=jenkins1000 | ip=192.168.5.176 | op=SEND_HEARTBEAT {datanodeUUID=c28b6833-03f3-43d7-88dd-1eb93de0674c, command=[]} | ret=SUCCESS |  
2019-08-29 23:14:32,656 | INFO  | SCMAudit | user=jenkins1000 | ip=192.168.5.176 | op=SEND_HEARTBEAT {datanodeUUID=91c146c8-9622-4fdf-af50-459baf835861, command=[]} | ret=SUCCESS |  
2019-08-29 23:14:32,656 | INFO  | SCMAudit | user=jenkins1000 | ip=192.168.5.176 | op=SEND_HEARTBEAT {datanodeUUID=c2791d19-603b-4976-b3e9-7899a47ab15b, command=[]} | ret=SUCCESS |  
2019-08-29 23:14:32,715 | INFO  | SCMAudit | user=jenkins1000 | ip=192.168.5.176 | op=SEND_HEARTBEAT {datanodeUUID=6fc9f5bf-9d19-4424-b095-dbd8051c5d1f, command=[]} | ret=SUCCESS |  
2019-08-29 23:14:32,786 | INFO  | SCMAudit | user=jenkins1000 | ip=192.168.5.176 | op=SEND_HEARTBEAT {datanodeUUID=7b8ea038-0abd-40f8-b5e6-235888bbf81b, command=[]} | ret=SUCCESS |  
2019-08-29 23:14:32,846 | INFO  | SCMAudit | user=jenkins1000 | ip=192.168.5.176 | op=SEND_HEARTBEAT {datanodeUUID=fdf38f52-984e-464b-b063-6b40bc579090, command=[]} | ret=SUCCESS |  
2019-08-29 23:14:32,911 | INFO  | SCMAudit | user=jenkins1000 | ip=192.168.5.176 | op=SEND_HEARTBEAT {datanodeUUID=b91667ad-dd07-438b-a2aa-20d994bbddf1, command=[]} | ret=SUCCESS |  
2019-08-29 23:14:33,628 | INFO  | SCMAudit | user=jenkins1000 | ip=192.168.5.176 | op=SEND_HEARTBEAT {datanodeUUID=c28b6833-03f3-43d7-88dd-1eb93de0674c, command=[]} | ret=SUCCESS |  
2019-08-29 23:14:33,657 | INFO  | SCMAudit | user=jenkins1000 | ip=192.168.5.176 | op=SEND_HEARTBEAT {datanodeUUID=91c146c8-9622-4fdf-af50-459baf835861, command=[]} | ret=SUCCESS |  
2019-08-29 23:14:33,657 | INFO  | SCMAudit | user=jenkins1000 | ip=192.168.5.176 | op=SEND_HEARTBEAT {datanodeUUID=c2791d19-603b-4976-b3e9-7899a47ab15b, command=[]} | ret=SUCCESS |  
2019-08-29 23:14:33,715 | INFO  | SCMAudit | user=jenkins1000 | ip=192.168.5.176 | op=SEND_HEARTBEAT {datanodeUUID=6fc9f5bf-9d19-4424-b095-dbd8051c5d1f, command=[]} | ret=SUCCESS |  
2019-08-29 23:14:33,786 | INFO  | SCMAudit | user=jenkins1000 | ip=192.168.5.176 | op=SEND_HEARTBEAT {datanodeUUID=7b8ea038-0abd-40f8-b5e6-235888bbf81b, command=[]} | ret=SUCCESS |  
2019-08-29 23:14:33,846 | INFO  | SCMAudit | user=jenkins1000 | ip=192.168.5.176 | op=SEND_HEARTBEAT {datanodeUUID=fdf38f52-984e-464b-b063-6b40bc579090, command=[]} | ret=SUCCESS |  
2019-08-29 23:14:33,911 | INFO  | SCMAudit | user=jenkins1000 | ip=192.168.5.176 | op=SEND_HEARTBEAT {datanodeUUID=b91667ad-dd07-438b-a2aa-20d994bbddf1, command=[]} | ret=SUCCESS |  
2019-08-29 23:14:34,628 | INFO  | SCMAudit | user=jenkins1000 | ip=192.168.5.176 | op=SEND_HEARTBEAT {datanodeUUID=c28b6833-03f3-43d7-88dd-1eb93de0674c, command=[]} | ret=SUCCESS |  
2019-08-29 23:14:34,656 | INFO  | SCMAudit | user=jenkins1000 | ip=192.168.5.176 | op=SEND_HEARTBEAT {datanodeUUID=91c146c8-9622-4fdf-af50-459baf835861, command=[]} | ret=SUCCESS |  
2019-08-29 23:14:34,658 | INFO  | SCMAudit | user=jenkins1000 | ip=192.168.5.176 | op=SEND_HEARTBEAT {datanodeUUID=c2791d19-603b-4976-b3e9-7899a47ab15b, command=[]} | ret=SUCCESS |  
2019-08-29 23:14:34,715 | INFO  | SCMAudit | user=jenkins1000 | ip=192.168.5.176 | op=SEND_HEARTBEAT {datanodeUUID=6fc9f5bf-9d19-4424-b095-dbd8051c5d1f, command=[]} | ret=SUCCESS |  
2019-08-29 23:14:34,786 | INFO  | SCMAudit | user=jenkins1000 | ip=192.168.5.176 | op=SEND_HEARTBEAT {datanodeUUID=7b8ea038-0abd-40f8-b5e6-235888bbf81b, command=[]} | ret=SUCCESS |  
2019-08-29 23:14:34,847 | INFO  | SCMAudit | user=jenkins1000 | ip=192.168.5.176 | op=SEND_HEARTBEAT {datanodeUUID=fdf38f52-984e-464b-b063-6b40bc579090, command=[]} | ret=SUCCESS |  
2019-08-29 23:14:34,911 | INFO  | SCMAudit | user=jenkins1000 | ip=192.168.5.176 | op=SEND_HEARTBEAT {datanodeUUID=b91667ad-dd07-438b-a2aa-20d994bbddf1, command=[]} | ret=SUCCESS |  
2019-08-29 23:14:35,629 | INFO  | SCMAudit | user=jenkins1000 | ip=192.168.5.176 | op=SEND_HEARTBEAT {datanodeUUID=c28b6833-03f3-43d7-88dd-1eb93de0674c, command=[]} | ret=SUCCESS |  
2019-08-29 23:14:35,657 | INFO  | SCMAudit | user=jenkins1000 | ip=192.168.5.176 | op=SEND_HEARTBEAT {datanodeUUID=91c146c8-9622-4fdf-af50-459baf835861, command=[]} | ret=SUCCESS |  
2019-08-29 23:14:35,657 | INFO  | SCMAudit | user=jenkins1000 | ip=192.168.5.176 | op=SEND_HEARTBEAT {datanodeUUID=c2791d19-603b-4976-b3e9-7899a47ab15b, command=[]} | ret=SUCCESS |  
2019-08-29 23:14:35,716 | INFO  | SCMAudit | user=jenkins1000 | ip=192.168.5.176 | op=SEND_HEARTBEAT {datanodeUUID=6fc9f5bf-9d19-4424-b095-dbd8051c5d1f, command=[]} | ret=SUCCESS |  
2019-08-29 23:14:35,786 | INFO  | SCMAudit | user=jenkins1000 | ip=192.168.5.176 | op=SEND_HEARTBEAT {datanodeUUID=7b8ea038-0abd-40f8-b5e6-235888bbf81b, command=[]} | ret=SUCCESS |  
2019-08-29 23:14:35,846 | INFO  | SCMAudit | user=jenkins1000 | ip=192.168.5.176 | op=SEND_HEARTBEAT {datanodeUUID=fdf38f52-984e-464b-b063-6b40bc579090, command=[]} | ret=SUCCESS |  
2019-08-29 23:14:35,908 [grpc-default-executor-0] INFO  client.GrpcClientProtocolClient (GrpcClientProtocolClient.java:onNext(255)) - client-5CFC44E75E5D->c2791d19-603b-4976-b3e9-7899a47ab15b: receive RaftClientReply:client-5CFC44E75E5D->c2791d19-603b-4976-b3e9-7899a47ab15b@group-E13997D93674, cid=45, FAILED org.apache.ratis.protocol.NotLeaderException: Server c2791d19-603b-4976-b3e9-7899a47ab15b is not the leader (c28b6833-03f3-43d7-88dd-1eb93de0674c:192.168.5.176:36768). Request must be sent to leader., logIndex=0, commits[c2791d19-603b-4976-b3e9-7899a47ab15b:c8, c28b6833-03f3-43d7-88dd-1eb93de0674c:c8, 91c146c8-9622-4fdf-af50-459baf835861:c8]
2019-08-29 23:14:35,931 | INFO  | SCMAudit | user=jenkins1000 | ip=192.168.5.176 | op=SEND_HEARTBEAT {datanodeUUID=b91667ad-dd07-438b-a2aa-20d994bbddf1, command=[]} | ret=SUCCESS |  
2019-08-29 23:14:36,628 | INFO  | SCMAudit | user=jenkins1000 | ip=192.168.5.176 | op=SEND_HEARTBEAT {datanodeUUID=c28b6833-03f3-43d7-88dd-1eb93de0674c, command=[]} | ret=SUCCESS |  
2019-08-29 23:14:36,657 | INFO  | SCMAudit | user=jenkins1000 | ip=192.168.5.176 | op=SEND_HEARTBEAT {datanodeUUID=c2791d19-603b-4976-b3e9-7899a47ab15b, command=[]} | ret=SUCCESS |  
2019-08-29 23:14:36,657 | INFO  | SCMAudit | user=jenkins1000 | ip=192.168.5.176 | op=SEND_HEARTBEAT {datanodeUUID=91c146c8-9622-4fdf-af50-459baf835861, command=[]} | ret=SUCCESS |  
2019-08-29 23:14:36,715 | INFO  | SCMAudit | user=jenkins1000 | ip=192.168.5.176 | op=SEND_HEARTBEAT {datanodeUUID=6fc9f5bf-9d19-4424-b095-dbd8051c5d1f, command=[]} | ret=SUCCESS |  
2019-08-29 23:14:36,786 | INFO  | SCMAudit | user=jenkins1000 | ip=192.168.5.176 | op=SEND_HEARTBEAT {datanodeUUID=7b8ea038-0abd-40f8-b5e6-235888bbf81b, command=[]} | ret=SUCCESS |  
2019-08-29 23:14:36,847 | INFO  | SCMAudit | user=jenkins1000 | ip=192.168.5.176 | op=SEND_HEARTBEAT {datanodeUUID=fdf38f52-984e-464b-b063-6b40bc579090, command=[]} | ret=SUCCESS |  
2019-08-29 23:14:36,912 | INFO  | SCMAudit | user=jenkins1000 | ip=192.168.5.176 | op=SEND_HEARTBEAT {datanodeUUID=b91667ad-dd07-438b-a2aa-20d994bbddf1, command=[]} | ret=SUCCESS |  
2019-08-29 23:14:37,628 | INFO  | SCMAudit | user=jenkins1000 | ip=192.168.5.176 | op=SEND_HEARTBEAT {datanodeUUID=c28b6833-03f3-43d7-88dd-1eb93de0674c, command=[]} | ret=SUCCESS |  
2019-08-29 23:14:37,657 | INFO  | SCMAudit | user=jenkins1000 | ip=192.168.5.176 | op=SEND_HEARTBEAT {datanodeUUID=91c146c8-9622-4fdf-af50-459baf835861, command=[]} | ret=SUCCESS |  
2019-08-29 23:14:37,658 | INFO  | SCMAudit | user=jenkins1000 | ip=192.168.5.176 | op=SEND_HEARTBEAT {datanodeUUID=c2791d19-603b-4976-b3e9-7899a47ab15b, command=[]} | ret=SUCCESS |  
2019-08-29 23:14:37,715 | INFO  | SCMAudit | user=jenkins1000 | ip=192.168.5.176 | op=SEND_HEARTBEAT {datanodeUUID=6fc9f5bf-9d19-4424-b095-dbd8051c5d1f, command=[]} | ret=SUCCESS |  
2019-08-29 23:14:37,785 | INFO  | SCMAudit | user=jenkins1000 | ip=192.168.5.176 | op=SEND_HEARTBEAT {datanodeUUID=7b8ea038-0abd-40f8-b5e6-235888bbf81b, command=[]} | ret=SUCCESS |  
2019-08-29 23:14:37,847 | INFO  | SCMAudit | user=jenkins1000 | ip=192.168.5.176 | op=SEND_HEARTBEAT {datanodeUUID=fdf38f52-984e-464b-b063-6b40bc579090, command=[]} | ret=SUCCESS |  
2019-08-29 23:14:37,912 | INFO  | SCMAudit | user=jenkins1000 | ip=192.168.5.176 | op=SEND_HEARTBEAT {datanodeUUID=b91667ad-dd07-438b-a2aa-20d994bbddf1, command=[]} | ret=SUCCESS |  
2019-08-29 23:14:38,629 | INFO  | SCMAudit | user=jenkins1000 | ip=192.168.5.176 | op=SEND_HEARTBEAT {datanodeUUID=c28b6833-03f3-43d7-88dd-1eb93de0674c, command=[]} | ret=SUCCESS |  
2019-08-29 23:14:38,658 | INFO  | SCMAudit | user=jenkins1000 | ip=192.168.5.176 | op=SEND_HEARTBEAT {datanodeUUID=91c146c8-9622-4fdf-af50-459baf835861, command=[]} | ret=SUCCESS |  
2019-08-29 23:14:38,659 | INFO  | SCMAudit | user=jenkins1000 | ip=192.168.5.176 | op=SEND_HEARTBEAT {datanodeUUID=c2791d19-603b-4976-b3e9-7899a47ab15b, command=[]} | ret=SUCCESS |  
2019-08-29 23:14:38,716 | INFO  | SCMAudit | user=jenkins1000 | ip=192.168.5.176 | op=SEND_HEARTBEAT {datanodeUUID=6fc9f5bf-9d19-4424-b095-dbd8051c5d1f, command=[]} | ret=SUCCESS |  
2019-08-29 23:14:38,786 | INFO  | SCMAudit | user=jenkins1000 | ip=192.168.5.176 | op=SEND_HEARTBEAT {datanodeUUID=7b8ea038-0abd-40f8-b5e6-235888bbf81b, command=[]} | ret=SUCCESS |  
2019-08-29 23:14:38,847 | INFO  | SCMAudit | user=jenkins1000 | ip=192.168.5.176 | op=SEND_HEARTBEAT {datanodeUUID=fdf38f52-984e-464b-b063-6b40bc579090, command=[]} | ret=SUCCESS |  
2019-08-29 23:14:38,913 | INFO  | SCMAudit | user=jenkins1000 | ip=192.168.5.176 | op=SEND_HEARTBEAT {datanodeUUID=b91667ad-dd07-438b-a2aa-20d994bbddf1, command=[]} | ret=SUCCESS |  
2019-08-29 23:14:39,629 | INFO  | SCMAudit | user=jenkins1000 | ip=192.168.5.176 | op=SEND_HEARTBEAT {datanodeUUID=c28b6833-03f3-43d7-88dd-1eb93de0674c, command=[]} | ret=SUCCESS |  
2019-08-29 23:14:39,657 | INFO  | SCMAudit | user=jenkins1000 | ip=192.168.5.176 | op=SEND_HEARTBEAT {datanodeUUID=91c146c8-9622-4fdf-af50-459baf835861, command=[]} | ret=SUCCESS |  
2019-08-29 23:14:39,659 | INFO  | SCMAudit | user=jenkins1000 | ip=192.168.5.176 | op=SEND_HEARTBEAT {datanodeUUID=c2791d19-603b-4976-b3e9-7899a47ab15b, command=[]} | ret=SUCCESS |  
2019-08-29 23:14:39,716 | INFO  | SCMAudit | user=jenkins1000 | ip=192.168.5.176 | op=SEND_HEARTBEAT {datanodeUUID=6fc9f5bf-9d19-4424-b095-dbd8051c5d1f, command=[]} | ret=SUCCESS |  
2019-08-29 23:14:39,787 | INFO  | SCMAudit | user=jenkins1000 | ip=192.168.5.176 | op=SEND_HEARTBEAT {datanodeUUID=7b8ea038-0abd-40f8-b5e6-235888bbf81b, command=[]} | ret=SUCCESS |  
2019-08-29 23:14:39,846 | INFO  | SCMAudit | user=jenkins1000 | ip=192.168.5.176 | op=SEND_HEARTBEAT {datanodeUUID=fdf38f52-984e-464b-b063-6b40bc579090, command=[]} | ret=SUCCESS |  
2019-08-29 23:14:39,912 | INFO  | SCMAudit | user=jenkins1000 | ip=192.168.5.176 | op=SEND_HEARTBEAT {datanodeUUID=b91667ad-dd07-438b-a2aa-20d994bbddf1, command=[]} | ret=SUCCESS |  
2019-08-29 23:14:40,629 | INFO  | SCMAudit | user=jenkins1000 | ip=192.168.5.176 | op=SEND_HEARTBEAT {datanodeUUID=c28b6833-03f3-43d7-88dd-1eb93de0674c, command=[]} | ret=SUCCESS |  
2019-08-29 23:14:40,658 | INFO  | SCMAudit | user=jenkins1000 | ip=192.168.5.176 | op=SEND_HEARTBEAT {datanodeUUID=91c146c8-9622-4fdf-af50-459baf835861, command=[]} | ret=SUCCESS |  
2019-08-29 23:14:40,660 | INFO  | SCMAudit | user=jenkins1000 | ip=192.168.5.176 | op=SEND_HEARTBEAT {datanodeUUID=c2791d19-603b-4976-b3e9-7899a47ab15b, command=[]} | ret=SUCCESS |  
2019-08-29 23:14:40,716 | INFO  | SCMAudit | user=jenkins1000 | ip=192.168.5.176 | op=SEND_HEARTBEAT {datanodeUUID=6fc9f5bf-9d19-4424-b095-dbd8051c5d1f, command=[]} | ret=SUCCESS |  
2019-08-29 23:14:40,786 | INFO  | SCMAudit | user=jenkins1000 | ip=192.168.5.176 | op=SEND_HEARTBEAT {datanodeUUID=7b8ea038-0abd-40f8-b5e6-235888bbf81b, command=[]} | ret=SUCCESS |  
2019-08-29 23:14:40,846 | INFO  | SCMAudit | user=jenkins1000 | ip=192.168.5.176 | op=SEND_HEARTBEAT {datanodeUUID=fdf38f52-984e-464b-b063-6b40bc579090, command=[]} | ret=SUCCESS |  
2019-08-29 23:14:40,913 | INFO  | SCMAudit | user=jenkins1000 | ip=192.168.5.176 | op=SEND_HEARTBEAT {datanodeUUID=b91667ad-dd07-438b-a2aa-20d994bbddf1, command=[]} | ret=SUCCESS |  
2019-08-29 23:14:40,965 [grpc-default-executor-2] INFO  client.GrpcClientProtocolClient (GrpcClientProtocolClient.java:onNext(255)) - client-5CFC44E75E5D->c2791d19-603b-4976-b3e9-7899a47ab15b: receive RaftClientReply:client-5CFC44E75E5D->c2791d19-603b-4976-b3e9-7899a47ab15b@group-E13997D93674, cid=45, FAILED org.apache.ratis.protocol.NotLeaderException: Server c2791d19-603b-4976-b3e9-7899a47ab15b is not the leader (c28b6833-03f3-43d7-88dd-1eb93de0674c:192.168.5.176:36768). Request must be sent to leader., logIndex=0, commits[c2791d19-603b-4976-b3e9-7899a47ab15b:c8, c28b6833-03f3-43d7-88dd-1eb93de0674c:c8, 91c146c8-9622-4fdf-af50-459baf835861:c8]
2019-08-29 23:14:41,628 | INFO  | SCMAudit | user=jenkins1000 | ip=192.168.5.176 | op=SEND_HEARTBEAT {datanodeUUID=c28b6833-03f3-43d7-88dd-1eb93de0674c, command=[]} | ret=SUCCESS |  
2019-08-29 23:14:41,658 | INFO  | SCMAudit | user=jenkins1000 | ip=192.168.5.176 | op=SEND_HEARTBEAT {datanodeUUID=91c146c8-9622-4fdf-af50-459baf835861, command=[]} | ret=SUCCESS |  
2019-08-29 23:14:41,659 | INFO  | SCMAudit | user=jenkins1000 | ip=192.168.5.176 | op=SEND_HEARTBEAT {datanodeUUID=c2791d19-603b-4976-b3e9-7899a47ab15b, command=[]} | ret=SUCCESS |  
2019-08-29 23:14:41,716 | INFO  | SCMAudit | user=jenkins1000 | ip=192.168.5.176 | op=SEND_HEARTBEAT {datanodeUUID=6fc9f5bf-9d19-4424-b095-dbd8051c5d1f, command=[]} | ret=SUCCESS |  
2019-08-29 23:14:41,786 | INFO  | SCMAudit | user=jenkins1000 | ip=192.168.5.176 | op=SEND_HEARTBEAT {datanodeUUID=7b8ea038-0abd-40f8-b5e6-235888bbf81b, command=[]} | ret=SUCCESS |  
2019-08-29 23:14:41,846 | INFO  | SCMAudit | user=jenkins1000 | ip=192.168.5.176 | op=SEND_HEARTBEAT {datanodeUUID=fdf38f52-984e-464b-b063-6b40bc579090, command=[]} | ret=SUCCESS |  
2019-08-29 23:14:41,912 | INFO  | SCMAudit | user=jenkins1000 | ip=192.168.5.176 | op=SEND_HEARTBEAT {datanodeUUID=b91667ad-dd07-438b-a2aa-20d994bbddf1, command=[]} | ret=SUCCESS |  
2019-08-29 23:14:42,629 | INFO  | SCMAudit | user=jenkins1000 | ip=192.168.5.176 | op=SEND_HEARTBEAT {datanodeUUID=c28b6833-03f3-43d7-88dd-1eb93de0674c, command=[]} | ret=SUCCESS |  
2019-08-29 23:14:42,658 | INFO  | SCMAudit | user=jenkins1000 | ip=192.168.5.176 | op=SEND_HEARTBEAT {datanodeUUID=91c146c8-9622-4fdf-af50-459baf835861, command=[]} | ret=SUCCESS |  
2019-08-29 23:14:42,660 | INFO  | SCMAudit | user=jenkins1000 | ip=192.168.5.176 | op=SEND_HEARTBEAT {datanodeUUID=c2791d19-603b-4976-b3e9-7899a47ab15b, command=[]} | ret=SUCCESS |  
2019-08-29 23:14:42,716 | INFO  | SCMAudit | user=jenkins1000 | ip=192.168.5.176 | op=SEND_HEARTBEAT {datanodeUUID=6fc9f5bf-9d19-4424-b095-dbd8051c5d1f, command=[]} | ret=SUCCESS |  
2019-08-29 23:14:42,786 | INFO  | SCMAudit | user=jenkins1000 | ip=192.168.5.176 | op=SEND_HEARTBEAT {datanodeUUID=7b8ea038-0abd-40f8-b5e6-235888bbf81b, command=[]} | ret=SUCCESS |  
2019-08-29 23:14:42,846 | INFO  | SCMAudit | user=jenkins1000 | ip=192.168.5.176 | op=SEND_HEARTBEAT {datanodeUUID=fdf38f52-984e-464b-b063-6b40bc579090, command=[]} | ret=SUCCESS |  
2019-08-29 23:14:42,913 | INFO  | SCMAudit | user=jenkins1000 | ip=192.168.5.176 | op=SEND_HEARTBEAT {datanodeUUID=b91667ad-dd07-438b-a2aa-20d994bbddf1, command=[]} | ret=SUCCESS |  
2019-08-29 23:14:43,629 | INFO  | SCMAudit | user=jenkins1000 | ip=192.168.5.176 | op=SEND_HEARTBEAT {datanodeUUID=c28b6833-03f3-43d7-88dd-1eb93de0674c, command=[]} | ret=SUCCESS |  
2019-08-29 23:14:43,658 | INFO  | SCMAudit | user=jenkins1000 | ip=192.168.5.176 | op=SEND_HEARTBEAT {datanodeUUID=91c146c8-9622-4fdf-af50-459baf835861, command=[]} | ret=SUCCESS |  
2019-08-29 23:14:43,660 | INFO  | SCMAudit | user=jenkins1000 | ip=192.168.5.176 | op=SEND_HEARTBEAT {datanodeUUID=c2791d19-603b-4976-b3e9-7899a47ab15b, command=[]} | ret=SUCCESS |  
2019-08-29 23:14:43,716 | INFO  | SCMAudit | user=jenkins1000 | ip=192.168.5.176 | op=SEND_HEARTBEAT {datanodeUUID=6fc9f5bf-9d19-4424-b095-dbd8051c5d1f, command=[]} | ret=SUCCESS |  
2019-08-29 23:14:43,786 | INFO  | SCMAudit | user=jenkins1000 | ip=192.168.5.176 | op=SEND_HEARTBEAT {datanodeUUID=7b8ea038-0abd-40f8-b5e6-235888bbf81b, command=[]} | ret=SUCCESS |  
2019-08-29 23:14:43,846 | INFO  | SCMAudit | user=jenkins1000 | ip=192.168.5.176 | op=SEND_HEARTBEAT {datanodeUUID=fdf38f52-984e-464b-b063-6b40bc579090, command=[]} | ret=SUCCESS |  
2019-08-29 23:14:43,914 | INFO  | SCMAudit | user=jenkins1000 | ip=192.168.5.176 | op=SEND_HEARTBEAT {datanodeUUID=b91667ad-dd07-438b-a2aa-20d994bbddf1, command=[]} | ret=SUCCESS |  
2019-08-29 23:14:44,629 | INFO  | SCMAudit | user=jenkins1000 | ip=192.168.5.176 | op=SEND_HEARTBEAT {datanodeUUID=c28b6833-03f3-43d7-88dd-1eb93de0674c, command=[]} | ret=SUCCESS |  
2019-08-29 23:14:44,659 | INFO  | SCMAudit | user=jenkins1000 | ip=192.168.5.176 | op=SEND_HEARTBEAT {datanodeUUID=91c146c8-9622-4fdf-af50-459baf835861, command=[]} | ret=SUCCESS |  
2019-08-29 23:14:44,660 | INFO  | SCMAudit | user=jenkins1000 | ip=192.168.5.176 | op=SEND_HEARTBEAT {datanodeUUID=c2791d19-603b-4976-b3e9-7899a47ab15b, command=[]} | ret=SUCCESS |  
2019-08-29 23:14:44,716 | INFO  | SCMAudit | user=jenkins1000 | ip=192.168.5.176 | op=SEND_HEARTBEAT {datanodeUUID=6fc9f5bf-9d19-4424-b095-dbd8051c5d1f, command=[]} | ret=SUCCESS |  
2019-08-29 23:14:44,786 | INFO  | SCMAudit | user=jenkins1000 | ip=192.168.5.176 | op=SEND_HEARTBEAT {datanodeUUID=7b8ea038-0abd-40f8-b5e6-235888bbf81b, command=[]} | ret=SUCCESS |  
2019-08-29 23:14:44,847 | INFO  | SCMAudit | user=jenkins1000 | ip=192.168.5.176 | op=SEND_HEARTBEAT {datanodeUUID=fdf38f52-984e-464b-b063-6b40bc579090, command=[]} | ret=SUCCESS |  
2019-08-29 23:14:44,914 | INFO  | SCMAudit | user=jenkins1000 | ip=192.168.5.176 | op=SEND_HEARTBEAT {datanodeUUID=b91667ad-dd07-438b-a2aa-20d994bbddf1, command=[]} | ret=SUCCESS |  
2019-08-29 23:14:45,629 | INFO  | SCMAudit | user=jenkins1000 | ip=192.168.5.176 | op=SEND_HEARTBEAT {datanodeUUID=c28b6833-03f3-43d7-88dd-1eb93de0674c, command=[]} | ret=SUCCESS |  
2019-08-29 23:14:45,658 | INFO  | SCMAudit | user=jenkins1000 | ip=192.168.5.176 | op=SEND_HEARTBEAT {datanodeUUID=91c146c8-9622-4fdf-af50-459baf835861, command=[]} | ret=SUCCESS |  
2019-08-29 23:14:45,660 | INFO  | SCMAudit | user=jenkins1000 | ip=192.168.5.176 | op=SEND_HEARTBEAT {datanodeUUID=c2791d19-603b-4976-b3e9-7899a47ab15b, command=[]} | ret=SUCCESS |  
2019-08-29 23:14:45,717 | INFO  | SCMAudit | user=jenkins1000 | ip=192.168.5.176 | op=SEND_HEARTBEAT {datanodeUUID=6fc9f5bf-9d19-4424-b095-dbd8051c5d1f, command=[]} | ret=SUCCESS |  
2019-08-29 23:14:45,786 | INFO  | SCMAudit | user=jenkins1000 | ip=192.168.5.176 | op=SEND_HEARTBEAT {datanodeUUID=7b8ea038-0abd-40f8-b5e6-235888bbf81b, command=[]} | ret=SUCCESS |  
2019-08-29 23:14:45,846 | INFO  | SCMAudit | user=jenkins1000 | ip=192.168.5.176 | op=SEND_HEARTBEAT {datanodeUUID=fdf38f52-984e-464b-b063-6b40bc579090, command=[]} | ret=SUCCESS |  
2019-08-29 23:14:45,913 | INFO  | SCMAudit | user=jenkins1000 | ip=192.168.5.176 | op=SEND_HEARTBEAT {datanodeUUID=b91667ad-dd07-438b-a2aa-20d994bbddf1, command=[]} | ret=SUCCESS |  
2019-08-29 23:14:46,008 [grpc-default-executor-0] INFO  client.GrpcClientProtocolClient (GrpcClientProtocolClient.java:onNext(255)) - client-5CFC44E75E5D->c2791d19-603b-4976-b3e9-7899a47ab15b: receive RaftClientReply:client-5CFC44E75E5D->c2791d19-603b-4976-b3e9-7899a47ab15b@group-E13997D93674, cid=45, FAILED org.apache.ratis.protocol.NotLeaderException: Server c2791d19-603b-4976-b3e9-7899a47ab15b is not the leader (c28b6833-03f3-43d7-88dd-1eb93de0674c:192.168.5.176:36768). Request must be sent to leader., logIndex=0, commits[c2791d19-603b-4976-b3e9-7899a47ab15b:c8, c28b6833-03f3-43d7-88dd-1eb93de0674c:c8, 91c146c8-9622-4fdf-af50-459baf835861:c8]
2019-08-29 23:14:46,629 | INFO  | SCMAudit | user=jenkins1000 | ip=192.168.5.176 | op=SEND_HEARTBEAT {datanodeUUID=c28b6833-03f3-43d7-88dd-1eb93de0674c, command=[]} | ret=SUCCESS |  
2019-08-29 23:14:46,658 | INFO  | SCMAudit | user=jenkins1000 | ip=192.168.5.176 | op=SEND_HEARTBEAT {datanodeUUID=91c146c8-9622-4fdf-af50-459baf835861, command=[]} | ret=SUCCESS |  
2019-08-29 23:14:46,660 | INFO  | SCMAudit | user=jenkins1000 | ip=192.168.5.176 | op=SEND_HEARTBEAT {datanodeUUID=c2791d19-603b-4976-b3e9-7899a47ab15b, command=[]} | ret=SUCCESS |  
2019-08-29 23:14:46,716 | INFO  | SCMAudit | user=jenkins1000 | ip=192.168.5.176 | op=SEND_HEARTBEAT {datanodeUUID=6fc9f5bf-9d19-4424-b095-dbd8051c5d1f, command=[]} | ret=SUCCESS |  
2019-08-29 23:14:46,787 | INFO  | SCMAudit | user=jenkins1000 | ip=192.168.5.176 | op=SEND_HEARTBEAT {datanodeUUID=7b8ea038-0abd-40f8-b5e6-235888bbf81b, command=[]} | ret=SUCCESS |  
2019-08-29 23:14:46,846 | INFO  | SCMAudit | user=jenkins1000 | ip=192.168.5.176 | op=SEND_HEARTBEAT {datanodeUUID=fdf38f52-984e-464b-b063-6b40bc579090, command=[]} | ret=SUCCESS |  
2019-08-29 23:14:46,913 | INFO  | SCMAudit | user=jenkins1000 | ip=192.168.5.176 | op=SEND_HEARTBEAT {datanodeUUID=b91667ad-dd07-438b-a2aa-20d994bbddf1, command=[]} | ret=SUCCESS |  
2019-08-29 23:14:47,629 | INFO  | SCMAudit | user=jenkins1000 | ip=192.168.5.176 | op=SEND_HEARTBEAT {datanodeUUID=c28b6833-03f3-43d7-88dd-1eb93de0674c, command=[]} | ret=SUCCESS |  
2019-08-29 23:14:47,659 | INFO  | SCMAudit | user=jenkins1000 | ip=192.168.5.176 | op=SEND_HEARTBEAT {datanodeUUID=91c146c8-9622-4fdf-af50-459baf835861, command=[]} | ret=SUCCESS |  
2019-08-29 23:14:47,660 | INFO  | SCMAudit | user=jenkins1000 | ip=192.168.5.176 | op=SEND_HEARTBEAT {datanodeUUID=c2791d19-603b-4976-b3e9-7899a47ab15b, command=[]} | ret=SUCCESS |  
2019-08-29 23:14:47,717 | INFO  | SCMAudit | user=jenkins1000 | ip=192.168.5.176 | op=SEND_HEARTBEAT {datanodeUUID=6fc9f5bf-9d19-4424-b095-dbd8051c5d1f, command=[]} | ret=SUCCESS |  
2019-08-29 23:14:47,787 | INFO  | SCMAudit | user=jenkins1000 | ip=192.168.5.176 | op=SEND_HEARTBEAT {datanodeUUID=7b8ea038-0abd-40f8-b5e6-235888bbf81b, command=[]} | ret=SUCCESS |  
2019-08-29 23:14:47,846 | INFO  | SCMAudit | user=jenkins1000 | ip=192.168.5.176 | op=SEND_HEARTBEAT {datanodeUUID=fdf38f52-984e-464b-b063-6b40bc579090, command=[]} | ret=SUCCESS |  
2019-08-29 23:14:47,913 | INFO  | SCMAudit | user=jenkins1000 | ip=192.168.5.176 | op=SEND_HEARTBEAT {datanodeUUID=b91667ad-dd07-438b-a2aa-20d994bbddf1, command=[]} | ret=SUCCESS |  
2019-08-29 23:14:48,630 | INFO  | SCMAudit | user=jenkins1000 | ip=192.168.5.176 | op=SEND_HEARTBEAT {datanodeUUID=c28b6833-03f3-43d7-88dd-1eb93de0674c, command=[]} | ret=SUCCESS |  
2019-08-29 23:14:48,659 | INFO  | SCMAudit | user=jenkins1000 | ip=192.168.5.176 | op=SEND_HEARTBEAT {datanodeUUID=91c146c8-9622-4fdf-af50-459baf835861, command=[]} | ret=SUCCESS |  
2019-08-29 23:14:48,660 | INFO  | SCMAudit | user=jenkins1000 | ip=192.168.5.176 | op=SEND_HEARTBEAT {datanodeUUID=c2791d19-603b-4976-b3e9-7899a47ab15b, command=[]} | ret=SUCCESS |  
2019-08-29 23:14:48,717 | INFO  | SCMAudit | user=jenkins1000 | ip=192.168.5.176 | op=SEND_HEARTBEAT {datanodeUUID=6fc9f5bf-9d19-4424-b095-dbd8051c5d1f, command=[]} | ret=SUCCESS |  
2019-08-29 23:14:48,788 | INFO  | SCMAudit | user=jenkins1000 | ip=192.168.5.176 | op=SEND_HEARTBEAT {datanodeUUID=7b8ea038-0abd-40f8-b5e6-235888bbf81b, command=[]} | ret=SUCCESS |  
2019-08-29 23:14:48,846 | INFO  | SCMAudit | user=jenkins1000 | ip=192.168.5.176 | op=SEND_HEARTBEAT {datanodeUUID=fdf38f52-984e-464b-b063-6b40bc579090, command=[]} | ret=SUCCESS |  
2019-08-29 23:14:48,914 | INFO  | SCMAudit | user=jenkins1000 | ip=192.168.5.176 | op=SEND_HEARTBEAT {datanodeUUID=b91667ad-dd07-438b-a2aa-20d994bbddf1, command=[]} | ret=SUCCESS |  
2019-08-29 23:14:49,629 | INFO  | SCMAudit | user=jenkins1000 | ip=192.168.5.176 | op=SEND_HEARTBEAT {datanodeUUID=c28b6833-03f3-43d7-88dd-1eb93de0674c, command=[]} | ret=SUCCESS |  
2019-08-29 23:14:49,659 | INFO  | SCMAudit | user=jenkins1000 | ip=192.168.5.176 | op=SEND_HEARTBEAT {datanodeUUID=91c146c8-9622-4fdf-af50-459baf835861, command=[]} | ret=SUCCESS |  
2019-08-29 23:14:49,660 | INFO  | SCMAudit | user=jenkins1000 | ip=192.168.5.176 | op=SEND_HEARTBEAT {datanodeUUID=c2791d19-603b-4976-b3e9-7899a47ab15b, command=[]} | ret=SUCCESS |  
2019-08-29 23:14:49,717 | INFO  | SCMAudit | user=jenkins1000 | ip=192.168.5.176 | op=SEND_HEARTBEAT {datanodeUUID=6fc9f5bf-9d19-4424-b095-dbd8051c5d1f, command=[]} | ret=SUCCESS |  
2019-08-29 23:14:49,789 | INFO  | SCMAudit | user=jenkins1000 | ip=192.168.5.176 | op=SEND_HEARTBEAT {datanodeUUID=7b8ea038-0abd-40f8-b5e6-235888bbf81b, command=[]} | ret=SUCCESS |  
2019-08-29 23:14:49,846 | INFO  | SCMAudit | user=jenkins1000 | ip=192.168.5.176 | op=SEND_HEARTBEAT {datanodeUUID=fdf38f52-984e-464b-b063-6b40bc579090, command=[]} | ret=SUCCESS |  
2019-08-29 23:14:49,913 | INFO  | SCMAudit | user=jenkins1000 | ip=192.168.5.176 | op=SEND_HEARTBEAT {datanodeUUID=b91667ad-dd07-438b-a2aa-20d994bbddf1, command=[]} | ret=SUCCESS |  
2019-08-29 23:14:50,630 | INFO  | SCMAudit | user=jenkins1000 | ip=192.168.5.176 | op=SEND_HEARTBEAT {datanodeUUID=c28b6833-03f3-43d7-88dd-1eb93de0674c, command=[]} | ret=SUCCESS |  
2019-08-29 23:14:50,659 | INFO  | SCMAudit | user=jenkins1000 | ip=192.168.5.176 | op=SEND_HEARTBEAT {datanodeUUID=91c146c8-9622-4fdf-af50-459baf835861, command=[]} | ret=SUCCESS |  
2019-08-29 23:14:50,661 | INFO  | SCMAudit | user=jenkins1000 | ip=192.168.5.176 | op=SEND_HEARTBEAT {datanodeUUID=c2791d19-603b-4976-b3e9-7899a47ab15b, command=[]} | ret=SUCCESS |  
2019-08-29 23:14:50,718 | INFO  | SCMAudit | user=jenkins1000 | ip=192.168.5.176 | op=SEND_HEARTBEAT {datanodeUUID=6fc9f5bf-9d19-4424-b095-dbd8051c5d1f, command=[]} | ret=SUCCESS |  
2019-08-29 23:14:50,789 | INFO  | SCMAudit | user=jenkins1000 | ip=192.168.5.176 | op=SEND_HEARTBEAT {datanodeUUID=7b8ea038-0abd-40f8-b5e6-235888bbf81b, command=[]} | ret=SUCCESS |  
2019-08-29 23:14:50,846 | INFO  | SCMAudit | user=jenkins1000 | ip=192.168.5.176 | op=SEND_HEARTBEAT {datanodeUUID=fdf38f52-984e-464b-b063-6b40bc579090, command=[]} | ret=SUCCESS |  
2019-08-29 23:14:50,913 | INFO  | SCMAudit | user=jenkins1000 | ip=192.168.5.176 | op=SEND_HEARTBEAT {datanodeUUID=b91667ad-dd07-438b-a2aa-20d994bbddf1, command=[]} | ret=SUCCESS |  
2019-08-29 23:14:51,053 [grpc-default-executor-0] INFO  client.GrpcClientProtocolClient (GrpcClientProtocolClient.java:onNext(255)) - client-5CFC44E75E5D->c2791d19-603b-4976-b3e9-7899a47ab15b: receive RaftClientReply:client-5CFC44E75E5D->c2791d19-603b-4976-b3e9-7899a47ab15b@group-E13997D93674, cid=45, FAILED org.apache.ratis.protocol.NotLeaderException: Server c2791d19-603b-4976-b3e9-7899a47ab15b is not the leader (c28b6833-03f3-43d7-88dd-1eb93de0674c:192.168.5.176:36768). Request must be sent to leader., logIndex=0, commits[c2791d19-603b-4976-b3e9-7899a47ab15b:c8, c28b6833-03f3-43d7-88dd-1eb93de0674c:c8, 91c146c8-9622-4fdf-af50-459baf835861:c8]
2019-08-29 23:14:51,630 | INFO  | SCMAudit | user=jenkins1000 | ip=192.168.5.176 | op=SEND_HEARTBEAT {datanodeUUID=c28b6833-03f3-43d7-88dd-1eb93de0674c, command=[]} | ret=SUCCESS |  
2019-08-29 23:14:51,659 | INFO  | SCMAudit | user=jenkins1000 | ip=192.168.5.176 | op=SEND_HEARTBEAT {datanodeUUID=91c146c8-9622-4fdf-af50-459baf835861, command=[]} | ret=SUCCESS |  
2019-08-29 23:14:51,660 | INFO  | SCMAudit | user=jenkins1000 | ip=192.168.5.176 | op=SEND_HEARTBEAT {datanodeUUID=c2791d19-603b-4976-b3e9-7899a47ab15b, command=[]} | ret=SUCCESS |  
2019-08-29 23:14:51,718 | INFO  | SCMAudit | user=jenkins1000 | ip=192.168.5.176 | op=SEND_HEARTBEAT {datanodeUUID=6fc9f5bf-9d19-4424-b095-dbd8051c5d1f, command=[]} | ret=SUCCESS |  
2019-08-29 23:14:51,789 | INFO  | SCMAudit | user=jenkins1000 | ip=192.168.5.176 | op=SEND_HEARTBEAT {datanodeUUID=7b8ea038-0abd-40f8-b5e6-235888bbf81b, command=[]} | ret=SUCCESS |  
2019-08-29 23:14:51,846 | INFO  | SCMAudit | user=jenkins1000 | ip=192.168.5.176 | op=SEND_HEARTBEAT {datanodeUUID=fdf38f52-984e-464b-b063-6b40bc579090, command=[]} | ret=SUCCESS |  
2019-08-29 23:14:51,913 | INFO  | SCMAudit | user=jenkins1000 | ip=192.168.5.176 | op=SEND_HEARTBEAT {datanodeUUID=b91667ad-dd07-438b-a2aa-20d994bbddf1, command=[]} | ret=SUCCESS |  
2019-08-29 23:14:52,631 | INFO  | SCMAudit | user=jenkins1000 | ip=192.168.5.176 | op=SEND_HEARTBEAT {datanodeUUID=c28b6833-03f3-43d7-88dd-1eb93de0674c, command=[]} | ret=SUCCESS |  
2019-08-29 23:14:52,659 | INFO  | SCMAudit | user=jenkins1000 | ip=192.168.5.176 | op=SEND_HEARTBEAT {datanodeUUID=91c146c8-9622-4fdf-af50-459baf835861, command=[]} | ret=SUCCESS |  
2019-08-29 23:14:52,660 | INFO  | SCMAudit | user=jenkins1000 | ip=192.168.5.176 | op=SEND_HEARTBEAT {datanodeUUID=c2791d19-603b-4976-b3e9-7899a47ab15b, command=[]} | ret=SUCCESS |  
2019-08-29 23:14:52,718 | INFO  | SCMAudit | user=jenkins1000 | ip=192.168.5.176 | op=SEND_HEARTBEAT {datanodeUUID=6fc9f5bf-9d19-4424-b095-dbd8051c5d1f, command=[]} | ret=SUCCESS |  
2019-08-29 23:14:52,790 | INFO  | SCMAudit | user=jenkins1000 | ip=192.168.5.176 | op=SEND_HEARTBEAT {datanodeUUID=7b8ea038-0abd-40f8-b5e6-235888bbf81b, command=[]} | ret=SUCCESS |  
2019-08-29 23:14:52,846 | INFO  | SCMAudit | user=jenkins1000 | ip=192.168.5.176 | op=SEND_HEARTBEAT {datanodeUUID=fdf38f52-984e-464b-b063-6b40bc579090, command=[]} | ret=SUCCESS |  
2019-08-29 23:14:52,914 | INFO  | SCMAudit | user=jenkins1000 | ip=192.168.5.176 | op=SEND_HEARTBEAT {datanodeUUID=b91667ad-dd07-438b-a2aa-20d994bbddf1, command=[]} | ret=SUCCESS |  
2019-08-29 23:14:53,631 | INFO  | SCMAudit | user=jenkins1000 | ip=192.168.5.176 | op=SEND_HEARTBEAT {datanodeUUID=c28b6833-03f3-43d7-88dd-1eb93de0674c, command=[]} | ret=SUCCESS |  
2019-08-29 23:14:53,659 | INFO  | SCMAudit | user=jenkins1000 | ip=192.168.5.176 | op=SEND_HEARTBEAT {datanodeUUID=91c146c8-9622-4fdf-af50-459baf835861, command=[]} | ret=SUCCESS |  
2019-08-29 23:14:53,660 | INFO  | SCMAudit | user=jenkins1000 | ip=192.168.5.176 | op=SEND_HEARTBEAT {datanodeUUID=c2791d19-603b-4976-b3e9-7899a47ab15b, command=[]} | ret=SUCCESS |  
2019-08-29 23:14:53,718 | INFO  | SCMAudit | user=jenkins1000 | ip=192.168.5.176 | op=SEND_HEARTBEAT {datanodeUUID=6fc9f5bf-9d19-4424-b095-dbd8051c5d1f, command=[]} | ret=SUCCESS |  
2019-08-29 23:14:53,790 | INFO  | SCMAudit | user=jenkins1000 | ip=192.168.5.176 | op=SEND_HEARTBEAT {datanodeUUID=7b8ea038-0abd-40f8-b5e6-235888bbf81b, command=[]} | ret=SUCCESS |  
2019-08-29 23:14:53,846 | INFO  | SCMAudit | user=jenkins1000 | ip=192.168.5.176 | op=SEND_HEARTBEAT {datanodeUUID=fdf38f52-984e-464b-b063-6b40bc579090, command=[]} | ret=SUCCESS |  
2019-08-29 23:14:53,914 | INFO  | SCMAudit | user=jenkins1000 | ip=192.168.5.176 | op=SEND_HEARTBEAT {datanodeUUID=b91667ad-dd07-438b-a2aa-20d994bbddf1, command=[]} | ret=SUCCESS |  
2019-08-29 23:14:54,630 | INFO  | SCMAudit | user=jenkins1000 | ip=192.168.5.176 | op=SEND_HEARTBEAT {datanodeUUID=c28b6833-03f3-43d7-88dd-1eb93de0674c, command=[]} | ret=SUCCESS |  
2019-08-29 23:14:54,660 | INFO  | SCMAudit | user=jenkins1000 | ip=192.168.5.176 | op=SEND_HEARTBEAT {datanodeUUID=91c146c8-9622-4fdf-af50-459baf835861, command=[]} | ret=SUCCESS |  
2019-08-29 23:14:54,661 | INFO  | SCMAudit | user=jenkins1000 | ip=192.168.5.176 | op=SEND_HEARTBEAT {datanodeUUID=c2791d19-603b-4976-b3e9-7899a47ab15b, command=[]} | ret=SUCCESS |  
2019-08-29 23:14:54,718 | INFO  | SCMAudit | user=jenkins1000 | ip=192.168.5.176 | op=SEND_HEARTBEAT {datanodeUUID=6fc9f5bf-9d19-4424-b095-dbd8051c5d1f, command=[]} | ret=SUCCESS |  
2019-08-29 23:14:54,790 | INFO  | SCMAudit | user=jenkins1000 | ip=192.168.5.176 | op=SEND_HEARTBEAT {datanodeUUID=7b8ea038-0abd-40f8-b5e6-235888bbf81b, command=[]} | ret=SUCCESS |  
2019-08-29 23:14:54,846 | INFO  | SCMAudit | user=jenkins1000 | ip=192.168.5.176 | op=SEND_HEARTBEAT {datanodeUUID=fdf38f52-984e-464b-b063-6b40bc579090, command=[]} | ret=SUCCESS |  
2019-08-29 23:14:54,915 | INFO  | SCMAudit | user=jenkins1000 | ip=192.168.5.176 | op=SEND_HEARTBEAT {datanodeUUID=b91667ad-dd07-438b-a2aa-20d994bbddf1, command=[]} | ret=SUCCESS |  
2019-08-29 23:14:55,630 | INFO  | SCMAudit | user=jenkins1000 | ip=192.168.5.176 | op=SEND_HEARTBEAT {datanodeUUID=c28b6833-03f3-43d7-88dd-1eb93de0674c, command=[]} | ret=SUCCESS |  
2019-08-29 23:14:55,660 | INFO  | SCMAudit | user=jenkins1000 | ip=192.168.5.176 | op=SEND_HEARTBEAT {datanodeUUID=91c146c8-9622-4fdf-af50-459baf835861, command=[]} | ret=SUCCESS |  
2019-08-29 23:14:55,661 | INFO  | SCMAudit | user=jenkins1000 | ip=192.168.5.176 | op=SEND_HEARTBEAT {datanodeUUID=c2791d19-603b-4976-b3e9-7899a47ab15b, command=[]} | ret=SUCCESS |  
2019-08-29 23:14:55,718 | INFO  | SCMAudit | user=jenkins1000 | ip=192.168.5.176 | op=SEND_HEARTBEAT {datanodeUUID=6fc9f5bf-9d19-4424-b095-dbd8051c5d1f, command=[]} | ret=SUCCESS |  
2019-08-29 23:14:55,791 | INFO  | SCMAudit | user=jenkins1000 | ip=192.168.5.176 | op=SEND_HEARTBEAT {datanodeUUID=7b8ea038-0abd-40f8-b5e6-235888bbf81b, command=[]} | ret=SUCCESS |  
2019-08-29 23:14:55,847 | INFO  | SCMAudit | user=jenkins1000 | ip=192.168.5.176 | op=SEND_HEARTBEAT {datanodeUUID=fdf38f52-984e-464b-b063-6b40bc579090, command=[]} | ret=SUCCESS |  
2019-08-29 23:14:55,916 | INFO  | SCMAudit | user=jenkins1000 | ip=192.168.5.176 | op=SEND_HEARTBEAT {datanodeUUID=b91667ad-dd07-438b-a2aa-20d994bbddf1, command=[]} | ret=SUCCESS |  
2019-08-29 23:14:56,102 [grpc-default-executor-2] INFO  client.GrpcClientProtocolClient (GrpcClientProtocolClient.java:onNext(255)) - client-5CFC44E75E5D->91c146c8-9622-4fdf-af50-459baf835861: receive RaftClientReply:client-5CFC44E75E5D->91c146c8-9622-4fdf-af50-459baf835861@group-E13997D93674, cid=45, FAILED org.apache.ratis.protocol.NotLeaderException: Server 91c146c8-9622-4fdf-af50-459baf835861 is not the leader (c28b6833-03f3-43d7-88dd-1eb93de0674c:192.168.5.176:36768). Request must be sent to leader., logIndex=0, commits[91c146c8-9622-4fdf-af50-459baf835861:c8, c2791d19-603b-4976-b3e9-7899a47ab15b:c8, c28b6833-03f3-43d7-88dd-1eb93de0674c:c8]
2019-08-29 23:14:56,630 | INFO  | SCMAudit | user=jenkins1000 | ip=192.168.5.176 | op=SEND_HEARTBEAT {datanodeUUID=c28b6833-03f3-43d7-88dd-1eb93de0674c, command=[]} | ret=SUCCESS |  
2019-08-29 23:14:56,660 | INFO  | SCMAudit | user=jenkins1000 | ip=192.168.5.176 | op=SEND_HEARTBEAT {datanodeUUID=91c146c8-9622-4fdf-af50-459baf835861, command=[]} | ret=SUCCESS |  
2019-08-29 23:14:56,661 | INFO  | SCMAudit | user=jenkins1000 | ip=192.168.5.176 | op=SEND_HEARTBEAT {datanodeUUID=c2791d19-603b-4976-b3e9-7899a47ab15b, command=[]} | ret=SUCCESS |  
2019-08-29 23:14:56,718 | INFO  | SCMAudit | user=jenkins1000 | ip=192.168.5.176 | op=SEND_HEARTBEAT {datanodeUUID=6fc9f5bf-9d19-4424-b095-dbd8051c5d1f, command=[]} | ret=SUCCESS |  
2019-08-29 23:14:56,790 | INFO  | SCMAudit | user=jenkins1000 | ip=192.168.5.176 | op=SEND_HEARTBEAT {datanodeUUID=7b8ea038-0abd-40f8-b5e6-235888bbf81b, command=[]} | ret=SUCCESS |  
2019-08-29 23:14:56,846 | INFO  | SCMAudit | user=jenkins1000 | ip=192.168.5.176 | op=SEND_HEARTBEAT {datanodeUUID=fdf38f52-984e-464b-b063-6b40bc579090, command=[]} | ret=SUCCESS |  
2019-08-29 23:14:56,916 | INFO  | SCMAudit | user=jenkins1000 | ip=192.168.5.176 | op=SEND_HEARTBEAT {datanodeUUID=b91667ad-dd07-438b-a2aa-20d994bbddf1, command=[]} | ret=SUCCESS |  
2019-08-29 23:14:57,630 | INFO  | SCMAudit | user=jenkins1000 | ip=192.168.5.176 | op=SEND_HEARTBEAT {datanodeUUID=c28b6833-03f3-43d7-88dd-1eb93de0674c, command=[]} | ret=SUCCESS |  
2019-08-29 23:14:57,660 | INFO  | SCMAudit | user=jenkins1000 | ip=192.168.5.176 | op=SEND_HEARTBEAT {datanodeUUID=91c146c8-9622-4fdf-af50-459baf835861, command=[]} | ret=SUCCESS |  
2019-08-29 23:14:57,661 | INFO  | SCMAudit | user=jenkins1000 | ip=192.168.5.176 | op=SEND_HEARTBEAT {datanodeUUID=c2791d19-603b-4976-b3e9-7899a47ab15b, command=[]} | ret=SUCCESS |  
2019-08-29 23:14:57,718 | INFO  | SCMAudit | user=jenkins1000 | ip=192.168.5.176 | op=SEND_HEARTBEAT {datanodeUUID=6fc9f5bf-9d19-4424-b095-dbd8051c5d1f, command=[]} | ret=SUCCESS |  
2019-08-29 23:14:57,791 | INFO  | SCMAudit | user=jenkins1000 | ip=192.168.5.176 | op=SEND_HEARTBEAT {datanodeUUID=7b8ea038-0abd-40f8-b5e6-235888bbf81b, command=[]} | ret=SUCCESS |  
2019-08-29 23:14:57,847 | INFO  | SCMAudit | user=jenkins1000 | ip=192.168.5.176 | op=SEND_HEARTBEAT {datanodeUUID=fdf38f52-984e-464b-b063-6b40bc579090, command=[]} | ret=SUCCESS |  
2019-08-29 23:14:57,916 | INFO  | SCMAudit | user=jenkins1000 | ip=192.168.5.176 | op=SEND_HEARTBEAT {datanodeUUID=b91667ad-dd07-438b-a2aa-20d994bbddf1, command=[]} | ret=SUCCESS |  
2019-08-29 23:14:58,631 | INFO  | SCMAudit | user=jenkins1000 | ip=192.168.5.176 | op=SEND_HEARTBEAT {datanodeUUID=c28b6833-03f3-43d7-88dd-1eb93de0674c, command=[]} | ret=SUCCESS |  
2019-08-29 23:14:58,660 | INFO  | SCMAudit | user=jenkins1000 | ip=192.168.5.176 | op=SEND_HEARTBEAT {datanodeUUID=91c146c8-9622-4fdf-af50-459baf835861, command=[]} | ret=SUCCESS |  
2019-08-29 23:14:58,661 | INFO  | SCMAudit | user=jenkins1000 | ip=192.168.5.176 | op=SEND_HEARTBEAT {datanodeUUID=c2791d19-603b-4976-b3e9-7899a47ab15b, command=[]} | ret=SUCCESS |  
2019-08-29 23:14:58,718 | INFO  | SCMAudit | user=jenkins1000 | ip=192.168.5.176 | op=SEND_HEARTBEAT {datanodeUUID=6fc9f5bf-9d19-4424-b095-dbd8051c5d1f, command=[]} | ret=SUCCESS |  
2019-08-29 23:14:58,791 | INFO  | SCMAudit | user=jenkins1000 | ip=192.168.5.176 | op=SEND_HEARTBEAT {datanodeUUID=7b8ea038-0abd-40f8-b5e6-235888bbf81b, command=[]} | ret=SUCCESS |  
2019-08-29 23:14:58,847 | INFO  | SCMAudit | user=jenkins1000 | ip=192.168.5.176 | op=SEND_HEARTBEAT {datanodeUUID=fdf38f52-984e-464b-b063-6b40bc579090, command=[]} | ret=SUCCESS |  
2019-08-29 23:14:58,916 | INFO  | SCMAudit | user=jenkins1000 | ip=192.168.5.176 | op=SEND_HEARTBEAT {datanodeUUID=b91667ad-dd07-438b-a2aa-20d994bbddf1, command=[]} | ret=SUCCESS |  
2019-08-29 23:14:59,630 | INFO  | SCMAudit | user=jenkins1000 | ip=192.168.5.176 | op=SEND_HEARTBEAT {datanodeUUID=c28b6833-03f3-43d7-88dd-1eb93de0674c, command=[]} | ret=SUCCESS |  
2019-08-29 23:14:59,660 | INFO  | SCMAudit | user=jenkins1000 | ip=192.168.5.176 | op=SEND_HEARTBEAT {datanodeUUID=91c146c8-9622-4fdf-af50-459baf835861, command=[]} | ret=SUCCESS |  
2019-08-29 23:14:59,662 | INFO  | SCMAudit | user=jenkins1000 | ip=192.168.5.176 | op=SEND_HEARTBEAT {datanodeUUID=c2791d19-603b-4976-b3e9-7899a47ab15b, command=[]} | ret=SUCCESS |  
2019-08-29 23:14:59,721 | INFO  | SCMAudit | user=jenkins1000 | ip=192.168.5.176 | op=SEND_HEARTBEAT {datanodeUUID=6fc9f5bf-9d19-4424-b095-dbd8051c5d1f, command=[]} | ret=SUCCESS |  
2019-08-29 23:14:59,792 | INFO  | SCMAudit | user=jenkins1000 | ip=192.168.5.176 | op=SEND_HEARTBEAT {datanodeUUID=7b8ea038-0abd-40f8-b5e6-235888bbf81b, command=[]} | ret=SUCCESS |  
2019-08-29 23:14:59,847 | INFO  | SCMAudit | user=jenkins1000 | ip=192.168.5.176 | op=SEND_HEARTBEAT {datanodeUUID=fdf38f52-984e-464b-b063-6b40bc579090, command=[]} | ret=SUCCESS |  
2019-08-29 23:14:59,917 | INFO  | SCMAudit | user=jenkins1000 | ip=192.168.5.176 | op=SEND_HEARTBEAT {datanodeUUID=b91667ad-dd07-438b-a2aa-20d994bbddf1, command=[]} | ret=SUCCESS |  
2019-08-29 23:15:00,630 | INFO  | SCMAudit | user=jenkins1000 | ip=192.168.5.176 | op=SEND_HEARTBEAT {datanodeUUID=c28b6833-03f3-43d7-88dd-1eb93de0674c, command=[]} | ret=SUCCESS |  
2019-08-29 23:15:00,662 | INFO  | SCMAudit | user=jenkins1000 | ip=192.168.5.176 | op=SEND_HEARTBEAT {datanodeUUID=91c146c8-9622-4fdf-af50-459baf835861, command=[]} | ret=SUCCESS |  
2019-08-29 23:15:00,663 | INFO  | SCMAudit | user=jenkins1000 | ip=192.168.5.176 | op=SEND_HEARTBEAT {datanodeUUID=c2791d19-603b-4976-b3e9-7899a47ab15b, command=[]} | ret=SUCCESS |  
2019-08-29 23:15:00,718 | INFO  | SCMAudit | user=jenkins1000 | ip=192.168.5.176 | op=SEND_HEARTBEAT {datanodeUUID=6fc9f5bf-9d19-4424-b095-dbd8051c5d1f, command=[]} | ret=SUCCESS |  
2019-08-29 23:15:00,792 | INFO  | SCMAudit | user=jenkins1000 | ip=192.168.5.176 | op=SEND_HEARTBEAT {datanodeUUID=7b8ea038-0abd-40f8-b5e6-235888bbf81b, command=[]} | ret=SUCCESS |  
2019-08-29 23:15:00,848 | INFO  | SCMAudit | user=jenkins1000 | ip=192.168.5.176 | op=SEND_HEARTBEAT {datanodeUUID=fdf38f52-984e-464b-b063-6b40bc579090, command=[]} | ret=SUCCESS |  
2019-08-29 23:15:00,916 | INFO  | SCMAudit | user=jenkins1000 | ip=192.168.5.176 | op=SEND_HEARTBEAT {datanodeUUID=b91667ad-dd07-438b-a2aa-20d994bbddf1, command=[]} | ret=SUCCESS |  
2019-08-29 23:15:01,144 [grpc-default-executor-0] INFO  client.GrpcClientProtocolClient (GrpcClientProtocolClient.java:onNext(255)) - client-5CFC44E75E5D->c2791d19-603b-4976-b3e9-7899a47ab15b: receive RaftClientReply:client-5CFC44E75E5D->c2791d19-603b-4976-b3e9-7899a47ab15b@group-E13997D93674, cid=45, FAILED org.apache.ratis.protocol.NotLeaderException: Server c2791d19-603b-4976-b3e9-7899a47ab15b is not the leader (c28b6833-03f3-43d7-88dd-1eb93de0674c:192.168.5.176:36768). Request must be sent to leader., logIndex=0, commits[c2791d19-603b-4976-b3e9-7899a47ab15b:c8, c28b6833-03f3-43d7-88dd-1eb93de0674c:c8, 91c146c8-9622-4fdf-af50-459baf835861:c8]
2019-08-29 23:15:01,630 | INFO  | SCMAudit | user=jenkins1000 | ip=192.168.5.176 | op=SEND_HEARTBEAT {datanodeUUID=c28b6833-03f3-43d7-88dd-1eb93de0674c, command=[]} | ret=SUCCESS |  
2019-08-29 23:15:01,660 | INFO  | SCMAudit | user=jenkins1000 | ip=192.168.5.176 | op=SEND_HEARTBEAT {datanodeUUID=91c146c8-9622-4fdf-af50-459baf835861, command=[]} | ret=SUCCESS |  
2019-08-29 23:15:01,662 | INFO  | SCMAudit | user=jenkins1000 | ip=192.168.5.176 | op=SEND_HEARTBEAT {datanodeUUID=c2791d19-603b-4976-b3e9-7899a47ab15b, command=[]} | ret=SUCCESS |  
2019-08-29 23:15:01,719 | INFO  | SCMAudit | user=jenkins1000 | ip=192.168.5.176 | op=SEND_HEARTBEAT {datanodeUUID=6fc9f5bf-9d19-4424-b095-dbd8051c5d1f, command=[]} | ret=SUCCESS |  
2019-08-29 23:15:01,792 | INFO  | SCMAudit | user=jenkins1000 | ip=192.168.5.176 | op=SEND_HEARTBEAT {datanodeUUID=7b8ea038-0abd-40f8-b5e6-235888bbf81b, command=[]} | ret=SUCCESS |  
2019-08-29 23:15:01,848 | INFO  | SCMAudit | user=jenkins1000 | ip=192.168.5.176 | op=SEND_HEARTBEAT {datanodeUUID=fdf38f52-984e-464b-b063-6b40bc579090, command=[]} | ret=SUCCESS |  
2019-08-29 23:15:01,916 | INFO  | SCMAudit | user=jenkins1000 | ip=192.168.5.176 | op=SEND_HEARTBEAT {datanodeUUID=b91667ad-dd07-438b-a2aa-20d994bbddf1, command=[]} | ret=SUCCESS |  
2019-08-29 23:15:02,630 | INFO  | SCMAudit | user=jenkins1000 | ip=192.168.5.176 | op=SEND_HEARTBEAT {datanodeUUID=c28b6833-03f3-43d7-88dd-1eb93de0674c, command=[]} | ret=SUCCESS |  
2019-08-29 23:15:02,660 | INFO  | SCMAudit | user=jenkins1000 | ip=192.168.5.176 | op=SEND_HEARTBEAT {datanodeUUID=91c146c8-9622-4fdf-af50-459baf835861, command=[]} | ret=SUCCESS |  
2019-08-29 23:15:02,662 | INFO  | SCMAudit | user=jenkins1000 | ip=192.168.5.176 | op=SEND_HEARTBEAT {datanodeUUID=c2791d19-603b-4976-b3e9-7899a47ab15b, command=[]} | ret=SUCCESS |  
2019-08-29 23:15:02,719 | INFO  | SCMAudit | user=jenkins1000 | ip=192.168.5.176 | op=SEND_HEARTBEAT {datanodeUUID=6fc9f5bf-9d19-4424-b095-dbd8051c5d1f, command=[]} | ret=SUCCESS |  
2019-08-29 23:15:02,792 | INFO  | SCMAudit | user=jenkins1000 | ip=192.168.5.176 | op=SEND_HEARTBEAT {datanodeUUID=7b8ea038-0abd-40f8-b5e6-235888bbf81b, command=[]} | ret=SUCCESS |  
2019-08-29 23:15:02,848 | INFO  | SCMAudit | user=jenkins1000 | ip=192.168.5.176 | op=SEND_HEARTBEAT {datanodeUUID=fdf38f52-984e-464b-b063-6b40bc579090, command=[]} | ret=SUCCESS |  
2019-08-29 23:15:02,917 | INFO  | SCMAudit | user=jenkins1000 | ip=192.168.5.176 | op=SEND_HEARTBEAT {datanodeUUID=b91667ad-dd07-438b-a2aa-20d994bbddf1, command=[]} | ret=SUCCESS |  
2019-08-29 23:15:03,631 | INFO  | SCMAudit | user=jenkins1000 | ip=192.168.5.176 | op=SEND_HEARTBEAT {datanodeUUID=c28b6833-03f3-43d7-88dd-1eb93de0674c, command=[]} | ret=SUCCESS |  
2019-08-29 23:15:03,660 | INFO  | SCMAudit | user=jenkins1000 | ip=192.168.5.176 | op=SEND_HEARTBEAT {datanodeUUID=91c146c8-9622-4fdf-af50-459baf835861, command=[]} | ret=SUCCESS |  
2019-08-29 23:15:03,662 | INFO  | SCMAudit | user=jenkins1000 | ip=192.168.5.176 | op=SEND_HEARTBEAT {datanodeUUID=c2791d19-603b-4976-b3e9-7899a47ab15b, command=[]} | ret=SUCCESS |  
2019-08-29 23:15:03,718 | INFO  | SCMAudit | user=jenkins1000 | ip=192.168.5.176 | op=SEND_HEARTBEAT {datanodeUUID=6fc9f5bf-9d19-4424-b095-dbd8051c5d1f, command=[]} | ret=SUCCESS |  
2019-08-29 23:15:03,792 | INFO  | SCMAudit | user=jenkins1000 | ip=192.168.5.176 | op=SEND_HEARTBEAT {datanodeUUID=7b8ea038-0abd-40f8-b5e6-235888bbf81b, command=[]} | ret=SUCCESS |  
2019-08-29 23:15:03,848 | INFO  | SCMAudit | user=jenkins1000 | ip=192.168.5.176 | op=SEND_HEARTBEAT {datanodeUUID=fdf38f52-984e-464b-b063-6b40bc579090, command=[]} | ret=SUCCESS |  
2019-08-29 23:15:03,916 | INFO  | SCMAudit | user=jenkins1000 | ip=192.168.5.176 | op=SEND_HEARTBEAT {datanodeUUID=b91667ad-dd07-438b-a2aa-20d994bbddf1, command=[]} | ret=SUCCESS |  
2019-08-29 23:15:04,631 | INFO  | SCMAudit | user=jenkins1000 | ip=192.168.5.176 | op=SEND_HEARTBEAT {datanodeUUID=c28b6833-03f3-43d7-88dd-1eb93de0674c, command=[]} | ret=SUCCESS |  
2019-08-29 23:15:04,660 | INFO  | SCMAudit | user=jenkins1000 | ip=192.168.5.176 | op=SEND_HEARTBEAT {datanodeUUID=91c146c8-9622-4fdf-af50-459baf835861, command=[]} | ret=SUCCESS |  
2019-08-29 23:15:04,662 | INFO  | SCMAudit | user=jenkins1000 | ip=192.168.5.176 | op=SEND_HEARTBEAT {datanodeUUID=c2791d19-603b-4976-b3e9-7899a47ab15b, command=[]} | ret=SUCCESS |  
2019-08-29 23:15:04,719 | INFO  | SCMAudit | user=jenkins1000 | ip=192.168.5.176 | op=SEND_HEARTBEAT {datanodeUUID=6fc9f5bf-9d19-4424-b095-dbd8051c5d1f, command=[]} | ret=SUCCESS |  
2019-08-29 23:15:04,793 | INFO  | SCMAudit | user=jenkins1000 | ip=192.168.5.176 | op=SEND_HEARTBEAT {datanodeUUID=7b8ea038-0abd-40f8-b5e6-235888bbf81b, command=[]} | ret=SUCCESS |  
2019-08-29 23:15:04,848 | INFO  | SCMAudit | user=jenkins1000 | ip=192.168.5.176 | op=SEND_HEARTBEAT {datanodeUUID=fdf38f52-984e-464b-b063-6b40bc579090, command=[]} | ret=SUCCESS |  
2019-08-29 23:15:04,916 | INFO  | SCMAudit | user=jenkins1000 | ip=192.168.5.176 | op=SEND_HEARTBEAT {datanodeUUID=b91667ad-dd07-438b-a2aa-20d994bbddf1, command=[]} | ret=SUCCESS |  
2019-08-29 23:15:05,631 | INFO  | SCMAudit | user=jenkins1000 | ip=192.168.5.176 | op=SEND_HEARTBEAT {datanodeUUID=c28b6833-03f3-43d7-88dd-1eb93de0674c, command=[]} | ret=SUCCESS |  
2019-08-29 23:15:05,660 | INFO  | SCMAudit | user=jenkins1000 | ip=192.168.5.176 | op=SEND_HEARTBEAT {datanodeUUID=91c146c8-9622-4fdf-af50-459baf835861, command=[]} | ret=SUCCESS |  
2019-08-29 23:15:05,664 | INFO  | SCMAudit | user=jenkins1000 | ip=192.168.5.176 | op=SEND_HEARTBEAT {datanodeUUID=c2791d19-603b-4976-b3e9-7899a47ab15b, command=[]} | ret=SUCCESS |  
2019-08-29 23:15:05,719 | INFO  | SCMAudit | user=jenkins1000 | ip=192.168.5.176 | op=SEND_HEARTBEAT {datanodeUUID=6fc9f5bf-9d19-4424-b095-dbd8051c5d1f, command=[]} | ret=SUCCESS |  
2019-08-29 23:15:05,796 | INFO  | SCMAudit | user=jenkins1000 | ip=192.168.5.176 | op=SEND_HEARTBEAT {datanodeUUID=7b8ea038-0abd-40f8-b5e6-235888bbf81b, command=[]} | ret=SUCCESS |  
2019-08-29 23:15:05,849 | INFO  | SCMAudit | user=jenkins1000 | ip=192.168.5.176 | op=SEND_HEARTBEAT {datanodeUUID=fdf38f52-984e-464b-b063-6b40bc579090, command=[]} | ret=SUCCESS |  
2019-08-29 23:15:05,916 | INFO  | SCMAudit | user=jenkins1000 | ip=192.168.5.176 | op=SEND_HEARTBEAT {datanodeUUID=b91667ad-dd07-438b-a2aa-20d994bbddf1, command=[]} | ret=SUCCESS |  
2019-08-29 23:15:06,189 [grpc-default-executor-0] INFO  client.GrpcClientProtocolClient (GrpcClientProtocolClient.java:onNext(255)) - client-5CFC44E75E5D->91c146c8-9622-4fdf-af50-459baf835861: receive RaftClientReply:client-5CFC44E75E5D->91c146c8-9622-4fdf-af50-459baf835861@group-E13997D93674, cid=45, FAILED org.apache.ratis.protocol.NotLeaderException: Server 91c146c8-9622-4fdf-af50-459baf835861 is not the leader (c28b6833-03f3-43d7-88dd-1eb93de0674c:192.168.5.176:36768). Request must be sent to leader., logIndex=0, commits[91c146c8-9622-4fdf-af50-459baf835861:c8, c2791d19-603b-4976-b3e9-7899a47ab15b:c8, c28b6833-03f3-43d7-88dd-1eb93de0674c:c8]
2019-08-29 23:15:06,631 | INFO  | SCMAudit | user=jenkins1000 | ip=192.168.5.176 | op=SEND_HEARTBEAT {datanodeUUID=c28b6833-03f3-43d7-88dd-1eb93de0674c, command=[]} | ret=SUCCESS |  
2019-08-29 23:15:06,660 | INFO  | SCMAudit | user=jenkins1000 | ip=192.168.5.176 | op=SEND_HEARTBEAT {datanodeUUID=91c146c8-9622-4fdf-af50-459baf835861, command=[]} | ret=SUCCESS |  
2019-08-29 23:15:06,663 | INFO  | SCMAudit | user=jenkins1000 | ip=192.168.5.176 | op=SEND_HEARTBEAT {datanodeUUID=c2791d19-603b-4976-b3e9-7899a47ab15b, command=[]} | ret=SUCCESS |  
2019-08-29 23:15:06,720 | INFO  | SCMAudit | user=jenkins1000 | ip=192.168.5.176 | op=SEND_HEARTBEAT {datanodeUUID=6fc9f5bf-9d19-4424-b095-dbd8051c5d1f, command=[]} | ret=SUCCESS |  
2019-08-29 23:15:06,794 | INFO  | SCMAudit | user=jenkins1000 | ip=192.168.5.176 | op=SEND_HEARTBEAT {datanodeUUID=7b8ea038-0abd-40f8-b5e6-235888bbf81b, command=[]} | ret=SUCCESS |  
2019-08-29 23:15:06,849 | INFO  | SCMAudit | user=jenkins1000 | ip=192.168.5.176 | op=SEND_HEARTBEAT {datanodeUUID=fdf38f52-984e-464b-b063-6b40bc579090, command=[]} | ret=SUCCESS |  
2019-08-29 23:15:06,917 | INFO  | SCMAudit | user=jenkins1000 | ip=192.168.5.176 | op=SEND_HEARTBEAT {datanodeUUID=b91667ad-dd07-438b-a2aa-20d994bbddf1, command=[]} | ret=SUCCESS |  
2019-08-29 23:15:07,631 | INFO  | SCMAudit | user=jenkins1000 | ip=192.168.5.176 | op=SEND_HEARTBEAT {datanodeUUID=c28b6833-03f3-43d7-88dd-1eb93de0674c, command=[]} | ret=SUCCESS |  
2019-08-29 23:15:07,661 | INFO  | SCMAudit | user=jenkins1000 | ip=192.168.5.176 | op=SEND_HEARTBEAT {datanodeUUID=91c146c8-9622-4fdf-af50-459baf835861, command=[]} | ret=SUCCESS |  
2019-08-29 23:15:07,663 | INFO  | SCMAudit | user=jenkins1000 | ip=192.168.5.176 | op=SEND_HEARTBEAT {datanodeUUID=c2791d19-603b-4976-b3e9-7899a47ab15b, command=[]} | ret=SUCCESS |  
2019-08-29 23:15:07,720 | INFO  | SCMAudit | user=jenkins1000 | ip=192.168.5.176 | op=SEND_HEARTBEAT {datanodeUUID=6fc9f5bf-9d19-4424-b095-dbd8051c5d1f, command=[]} | ret=SUCCESS |  
2019-08-29 23:15:07,794 | INFO  | SCMAudit | user=jenkins1000 | ip=192.168.5.176 | op=SEND_HEARTBEAT {datanodeUUID=7b8ea038-0abd-40f8-b5e6-235888bbf81b, command=[]} | ret=SUCCESS |  
2019-08-29 23:15:07,849 | INFO  | SCMAudit | user=jenkins1000 | ip=192.168.5.176 | op=SEND_HEARTBEAT {datanodeUUID=fdf38f52-984e-464b-b063-6b40bc579090, command=[]} | ret=SUCCESS |  
2019-08-29 23:15:07,918 | INFO  | SCMAudit | user=jenkins1000 | ip=192.168.5.176 | op=SEND_HEARTBEAT {datanodeUUID=b91667ad-dd07-438b-a2aa-20d994bbddf1, command=[]} | ret=SUCCESS |  
2019-08-29 23:15:08,630 | INFO  | SCMAudit | user=jenkins1000 | ip=192.168.5.176 | op=SEND_HEARTBEAT {datanodeUUID=c28b6833-03f3-43d7-88dd-1eb93de0674c, command=[]} | ret=SUCCESS |  
2019-08-29 23:15:08,660 | INFO  | SCMAudit | user=jenkins1000 | ip=192.168.5.176 | op=SEND_HEARTBEAT {datanodeUUID=91c146c8-9622-4fdf-af50-459baf835861, command=[]} | ret=SUCCESS |  
2019-08-29 23:15:08,663 | INFO  | SCMAudit | user=jenkins1000 | ip=192.168.5.176 | op=SEND_HEARTBEAT {datanodeUUID=c2791d19-603b-4976-b3e9-7899a47ab15b, command=[]} | ret=SUCCESS |  
2019-08-29 23:15:08,720 | INFO  | SCMAudit | user=jenkins1000 | ip=192.168.5.176 | op=SEND_HEARTBEAT {datanodeUUID=6fc9f5bf-9d19-4424-b095-dbd8051c5d1f, command=[]} | ret=SUCCESS |  
2019-08-29 23:15:08,795 | INFO  | SCMAudit | user=jenkins1000 | ip=192.168.5.176 | op=SEND_HEARTBEAT {datanodeUUID=7b8ea038-0abd-40f8-b5e6-235888bbf81b, command=[]} | ret=SUCCESS |  
2019-08-29 23:15:08,849 | INFO  | SCMAudit | user=jenkins1000 | ip=192.168.5.176 | op=SEND_HEARTBEAT {datanodeUUID=fdf38f52-984e-464b-b063-6b40bc579090, command=[]} | ret=SUCCESS |  
2019-08-29 23:15:08,918 | INFO  | SCMAudit | user=jenkins1000 | ip=192.168.5.176 | op=SEND_HEARTBEAT {datanodeUUID=b91667ad-dd07-438b-a2aa-20d994bbddf1, command=[]} | ret=SUCCESS |  
2019-08-29 23:15:09,630 | INFO  | SCMAudit | user=jenkins1000 | ip=192.168.5.176 | op=SEND_HEARTBEAT {datanodeUUID=c28b6833-03f3-43d7-88dd-1eb93de0674c, command=[]} | ret=SUCCESS |  
2019-08-29 23:15:09,660 | INFO  | SCMAudit | user=jenkins1000 | ip=192.168.5.176 | op=SEND_HEARTBEAT {datanodeUUID=91c146c8-9622-4fdf-af50-459baf835861, command=[]} | ret=SUCCESS |  
2019-08-29 23:15:09,663 | INFO  | SCMAudit | user=jenkins1000 | ip=192.168.5.176 | op=SEND_HEARTBEAT {datanodeUUID=c2791d19-603b-4976-b3e9-7899a47ab15b, command=[]} | ret=SUCCESS |  
2019-08-29 23:15:09,720 | INFO  | SCMAudit | user=jenkins1000 | ip=192.168.5.176 | op=SEND_HEARTBEAT {datanodeUUID=6fc9f5bf-9d19-4424-b095-dbd8051c5d1f, command=[]} | ret=SUCCESS |  
2019-08-29 23:15:09,794 | INFO  | SCMAudit | user=jenkins1000 | ip=192.168.5.176 | op=SEND_HEARTBEAT {datanodeUUID=7b8ea038-0abd-40f8-b5e6-235888bbf81b, command=[]} | ret=SUCCESS |  
2019-08-29 23:15:09,849 | INFO  | SCMAudit | user=jenkins1000 | ip=192.168.5.176 | op=SEND_HEARTBEAT {datanodeUUID=fdf38f52-984e-464b-b063-6b40bc579090, command=[]} | ret=SUCCESS |  
2019-08-29 23:15:09,918 | INFO  | SCMAudit | user=jenkins1000 | ip=192.168.5.176 | op=SEND_HEARTBEAT {datanodeUUID=b91667ad-dd07-438b-a2aa-20d994bbddf1, command=[]} | ret=SUCCESS |  
2019-08-29 23:15:10,630 | INFO  | SCMAudit | user=jenkins1000 | ip=192.168.5.176 | op=SEND_HEARTBEAT {datanodeUUID=c28b6833-03f3-43d7-88dd-1eb93de0674c, command=[]} | ret=SUCCESS |  
2019-08-29 23:15:10,660 | INFO  | SCMAudit | user=jenkins1000 | ip=192.168.5.176 | op=SEND_HEARTBEAT {datanodeUUID=91c146c8-9622-4fdf-af50-459baf835861, command=[]} | ret=SUCCESS |  
2019-08-29 23:15:10,664 | INFO  | SCMAudit | user=jenkins1000 | ip=192.168.5.176 | op=SEND_HEARTBEAT {datanodeUUID=c2791d19-603b-4976-b3e9-7899a47ab15b, command=[]} | ret=SUCCESS |  
2019-08-29 23:15:10,720 | INFO  | SCMAudit | user=jenkins1000 | ip=192.168.5.176 | op=SEND_HEARTBEAT {datanodeUUID=6fc9f5bf-9d19-4424-b095-dbd8051c5d1f, command=[]} | ret=SUCCESS |  
2019-08-29 23:15:10,794 | INFO  | SCMAudit | user=jenkins1000 | ip=192.168.5.176 | op=SEND_HEARTBEAT {datanodeUUID=7b8ea038-0abd-40f8-b5e6-235888bbf81b, command=[]} | ret=SUCCESS |  
2019-08-29 23:15:10,852 | INFO  | SCMAudit | user=jenkins1000 | ip=192.168.5.176 | op=SEND_HEARTBEAT {datanodeUUID=fdf38f52-984e-464b-b063-6b40bc579090, command=[]} | ret=SUCCESS |  
2019-08-29 23:15:10,919 | INFO  | SCMAudit | user=jenkins1000 | ip=192.168.5.176 | op=SEND_HEARTBEAT {datanodeUUID=b91667ad-dd07-438b-a2aa-20d994bbddf1, command=[]} | ret=SUCCESS |  
2019-08-29 23:15:11,253 [grpc-default-executor-2] INFO  client.GrpcClientProtocolClient (GrpcClientProtocolClient.java:onNext(255)) - client-5CFC44E75E5D->c2791d19-603b-4976-b3e9-7899a47ab15b: receive RaftClientReply:client-5CFC44E75E5D->c2791d19-603b-4976-b3e9-7899a47ab15b@group-E13997D93674, cid=45, FAILED org.apache.ratis.protocol.NotLeaderException: Server c2791d19-603b-4976-b3e9-7899a47ab15b is not the leader (c28b6833-03f3-43d7-88dd-1eb93de0674c:192.168.5.176:36768). Request must be sent to leader., logIndex=0, commits[c2791d19-603b-4976-b3e9-7899a47ab15b:c8, c28b6833-03f3-43d7-88dd-1eb93de0674c:c8, 91c146c8-9622-4fdf-af50-459baf835861:c8]
2019-08-29 23:15:11,630 | INFO  | SCMAudit | user=jenkins1000 | ip=192.168.5.176 | op=SEND_HEARTBEAT {datanodeUUID=c28b6833-03f3-43d7-88dd-1eb93de0674c, command=[]} | ret=SUCCESS |  
2019-08-29 23:15:11,660 | INFO  | SCMAudit | user=jenkins1000 | ip=192.168.5.176 | op=SEND_HEARTBEAT {datanodeUUID=91c146c8-9622-4fdf-af50-459baf835861, command=[]} | ret=SUCCESS |  
2019-08-29 23:15:11,664 | INFO  | SCMAudit | user=jenkins1000 | ip=192.168.5.176 | op=SEND_HEARTBEAT {datanodeUUID=c2791d19-603b-4976-b3e9-7899a47ab15b, command=[]} | ret=SUCCESS |  
2019-08-29 23:15:11,720 | INFO  | SCMAudit | user=jenkins1000 | ip=192.168.5.176 | op=SEND_HEARTBEAT {datanodeUUID=6fc9f5bf-9d19-4424-b095-dbd8051c5d1f, command=[]} | ret=SUCCESS |  
2019-08-29 23:15:11,794 | INFO  | SCMAudit | user=jenkins1000 | ip=192.168.5.176 | op=SEND_HEARTBEAT {datanodeUUID=7b8ea038-0abd-40f8-b5e6-235888bbf81b, command=[]} | ret=SUCCESS |  
2019-08-29 23:15:11,850 | INFO  | SCMAudit | user=jenkins1000 | ip=192.168.5.176 | op=SEND_HEARTBEAT {datanodeUUID=fdf38f52-984e-464b-b063-6b40bc579090, command=[]} | ret=SUCCESS |  
2019-08-29 23:15:11,918 | INFO  | SCMAudit | user=jenkins1000 | ip=192.168.5.176 | op=SEND_HEARTBEAT {datanodeUUID=b91667ad-dd07-438b-a2aa-20d994bbddf1, command=[]} | ret=SUCCESS |  
2019-08-29 23:15:12,631 | INFO  | SCMAudit | user=jenkins1000 | ip=192.168.5.176 | op=SEND_HEARTBEAT {datanodeUUID=c28b6833-03f3-43d7-88dd-1eb93de0674c, command=[]} | ret=SUCCESS |  
2019-08-29 23:15:12,660 | INFO  | SCMAudit | user=jenkins1000 | ip=192.168.5.176 | op=SEND_HEARTBEAT {datanodeUUID=91c146c8-9622-4fdf-af50-459baf835861, command=[]} | ret=SUCCESS |  
2019-08-29 23:15:12,664 | INFO  | SCMAudit | user=jenkins1000 | ip=192.168.5.176 | op=SEND_HEARTBEAT {datanodeUUID=c2791d19-603b-4976-b3e9-7899a47ab15b, command=[]} | ret=SUCCESS |  
2019-08-29 23:15:12,720 | INFO  | SCMAudit | user=jenkins1000 | ip=192.168.5.176 | op=SEND_HEARTBEAT {datanodeUUID=6fc9f5bf-9d19-4424-b095-dbd8051c5d1f, command=[]} | ret=SUCCESS |  
2019-08-29 23:15:12,795 | INFO  | SCMAudit | user=jenkins1000 | ip=192.168.5.176 | op=SEND_HEARTBEAT {datanodeUUID=7b8ea038-0abd-40f8-b5e6-235888bbf81b, command=[]} | ret=SUCCESS |  
2019-08-29 23:15:12,850 | INFO  | SCMAudit | user=jenkins1000 | ip=192.168.5.176 | op=SEND_HEARTBEAT {datanodeUUID=fdf38f52-984e-464b-b063-6b40bc579090, command=[]} | ret=SUCCESS |  
2019-08-29 23:15:12,919 | INFO  | SCMAudit | user=jenkins1000 | ip=192.168.5.176 | op=SEND_HEARTBEAT {datanodeUUID=b91667ad-dd07-438b-a2aa-20d994bbddf1, command=[]} | ret=SUCCESS |  
2019-08-29 23:15:13,632 | INFO  | SCMAudit | user=jenkins1000 | ip=192.168.5.176 | op=SEND_HEARTBEAT {datanodeUUID=c28b6833-03f3-43d7-88dd-1eb93de0674c, command=[]} | ret=SUCCESS |  
2019-08-29 23:15:13,660 | INFO  | SCMAudit | user=jenkins1000 | ip=192.168.5.176 | op=SEND_HEARTBEAT {datanodeUUID=91c146c8-9622-4fdf-af50-459baf835861, command=[]} | ret=SUCCESS |  
2019-08-29 23:15:13,664 | INFO  | SCMAudit | user=jenkins1000 | ip=192.168.5.176 | op=SEND_HEARTBEAT {datanodeUUID=c2791d19-603b-4976-b3e9-7899a47ab15b, command=[]} | ret=SUCCESS |  
2019-08-29 23:15:13,720 | INFO  | SCMAudit | user=jenkins1000 | ip=192.168.5.176 | op=SEND_HEARTBEAT {datanodeUUID=6fc9f5bf-9d19-4424-b095-dbd8051c5d1f, command=[]} | ret=SUCCESS |  
2019-08-29 23:15:13,794 | INFO  | SCMAudit | user=jenkins1000 | ip=192.168.5.176 | op=SEND_HEARTBEAT {datanodeUUID=7b8ea038-0abd-40f8-b5e6-235888bbf81b, command=[]} | ret=SUCCESS |  
2019-08-29 23:15:13,850 | INFO  | SCMAudit | user=jenkins1000 | ip=192.168.5.176 | op=SEND_HEARTBEAT {datanodeUUID=fdf38f52-984e-464b-b063-6b40bc579090, command=[]} | ret=SUCCESS |  
2019-08-29 23:15:13,919 | INFO  | SCMAudit | user=jenkins1000 | ip=192.168.5.176 | op=SEND_HEARTBEAT {datanodeUUID=b91667ad-dd07-438b-a2aa-20d994bbddf1, command=[]} | ret=SUCCESS |  
2019-08-29 23:15:14,632 | INFO  | SCMAudit | user=jenkins1000 | ip=192.168.5.176 | op=SEND_HEARTBEAT {datanodeUUID=c28b6833-03f3-43d7-88dd-1eb93de0674c, command=[]} | ret=SUCCESS |  
2019-08-29 23:15:14,660 | INFO  | SCMAudit | user=jenkins1000 | ip=192.168.5.176 | op=SEND_HEARTBEAT {datanodeUUID=91c146c8-9622-4fdf-af50-459baf835861, command=[]} | ret=SUCCESS |  
2019-08-29 23:15:14,664 | INFO  | SCMAudit | user=jenkins1000 | ip=192.168.5.176 | op=SEND_HEARTBEAT {datanodeUUID=c2791d19-603b-4976-b3e9-7899a47ab15b, command=[]} | ret=SUCCESS |  
2019-08-29 23:15:14,720 | INFO  | SCMAudit | user=jenkins1000 | ip=192.168.5.176 | op=SEND_HEARTBEAT {datanodeUUID=6fc9f5bf-9d19-4424-b095-dbd8051c5d1f, command=[]} | ret=SUCCESS |  
2019-08-29 23:15:14,794 | INFO  | SCMAudit | user=jenkins1000 | ip=192.168.5.176 | op=SEND_HEARTBEAT {datanodeUUID=7b8ea038-0abd-40f8-b5e6-235888bbf81b, command=[]} | ret=SUCCESS |  
2019-08-29 23:15:14,850 | INFO  | SCMAudit | user=jenkins1000 | ip=192.168.5.176 | op=SEND_HEARTBEAT {datanodeUUID=fdf38f52-984e-464b-b063-6b40bc579090, command=[]} | ret=SUCCESS |  
2019-08-29 23:15:14,919 | INFO  | SCMAudit | user=jenkins1000 | ip=192.168.5.176 | op=SEND_HEARTBEAT {datanodeUUID=b91667ad-dd07-438b-a2aa-20d994bbddf1, command=[]} | ret=SUCCESS |  
2019-08-29 23:15:15,633 | INFO  | SCMAudit | user=jenkins1000 | ip=192.168.5.176 | op=SEND_HEARTBEAT {datanodeUUID=c28b6833-03f3-43d7-88dd-1eb93de0674c, command=[]} | ret=SUCCESS |  
2019-08-29 23:15:15,660 | INFO  | SCMAudit | user=jenkins1000 | ip=192.168.5.176 | op=SEND_HEARTBEAT {datanodeUUID=91c146c8-9622-4fdf-af50-459baf835861, command=[]} | ret=SUCCESS |  
2019-08-29 23:15:15,664 | INFO  | SCMAudit | user=jenkins1000 | ip=192.168.5.176 | op=SEND_HEARTBEAT {datanodeUUID=c2791d19-603b-4976-b3e9-7899a47ab15b, command=[]} | ret=SUCCESS |  
2019-08-29 23:15:15,720 | INFO  | SCMAudit | user=jenkins1000 | ip=192.168.5.176 | op=SEND_HEARTBEAT {datanodeUUID=6fc9f5bf-9d19-4424-b095-dbd8051c5d1f, command=[]} | ret=SUCCESS |  
2019-08-29 23:15:15,794 | INFO  | SCMAudit | user=jenkins1000 | ip=192.168.5.176 | op=SEND_HEARTBEAT {datanodeUUID=7b8ea038-0abd-40f8-b5e6-235888bbf81b, command=[]} | ret=SUCCESS |  
2019-08-29 23:15:15,850 | INFO  | SCMAudit | user=jenkins1000 | ip=192.168.5.176 | op=SEND_HEARTBEAT {datanodeUUID=fdf38f52-984e-464b-b063-6b40bc579090, command=[]} | ret=SUCCESS |  
2019-08-29 23:15:15,920 | INFO  | SCMAudit | user=jenkins1000 | ip=192.168.5.176 | op=SEND_HEARTBEAT {datanodeUUID=b91667ad-dd07-438b-a2aa-20d994bbddf1, command=[]} | ret=SUCCESS |  
2019-08-29 23:15:16,296 [grpc-default-executor-2] INFO  client.GrpcClientProtocolClient (GrpcClientProtocolClient.java:onNext(255)) - client-5CFC44E75E5D->91c146c8-9622-4fdf-af50-459baf835861: receive RaftClientReply:client-5CFC44E75E5D->91c146c8-9622-4fdf-af50-459baf835861@group-E13997D93674, cid=45, FAILED org.apache.ratis.protocol.NotLeaderException: Server 91c146c8-9622-4fdf-af50-459baf835861 is not the leader (c28b6833-03f3-43d7-88dd-1eb93de0674c:192.168.5.176:36768). Request must be sent to leader., logIndex=0, commits[91c146c8-9622-4fdf-af50-459baf835861:c8, c2791d19-603b-4976-b3e9-7899a47ab15b:c8, c28b6833-03f3-43d7-88dd-1eb93de0674c:c8]
2019-08-29 23:15:16,634 | INFO  | SCMAudit | user=jenkins1000 | ip=192.168.5.176 | op=SEND_HEARTBEAT {datanodeUUID=c28b6833-03f3-43d7-88dd-1eb93de0674c, command=[]} | ret=SUCCESS |  
2019-08-29 23:15:16,660 | INFO  | SCMAudit | user=jenkins1000 | ip=192.168.5.176 | op=SEND_HEARTBEAT {datanodeUUID=91c146c8-9622-4fdf-af50-459baf835861, command=[]} | ret=SUCCESS |  
2019-08-29 23:15:16,664 | INFO  | SCMAudit | user=jenkins1000 | ip=192.168.5.176 | op=SEND_HEARTBEAT {datanodeUUID=c2791d19-603b-4976-b3e9-7899a47ab15b, command=[]} | ret=SUCCESS |  
2019-08-29 23:15:16,720 | INFO  | SCMAudit | user=jenkins1000 | ip=192.168.5.176 | op=SEND_HEARTBEAT {datanodeUUID=6fc9f5bf-9d19-4424-b095-dbd8051c5d1f, command=[]} | ret=SUCCESS |  
2019-08-29 23:15:16,794 | INFO  | SCMAudit | user=jenkins1000 | ip=192.168.5.176 | op=SEND_HEARTBEAT {datanodeUUID=7b8ea038-0abd-40f8-b5e6-235888bbf81b, command=[]} | ret=SUCCESS |  
2019-08-29 23:15:16,851 | INFO  | SCMAudit | user=jenkins1000 | ip=192.168.5.176 | op=SEND_HEARTBEAT {datanodeUUID=fdf38f52-984e-464b-b063-6b40bc579090, command=[]} | ret=SUCCESS |  
2019-08-29 23:15:16,920 | INFO  | SCMAudit | user=jenkins1000 | ip=192.168.5.176 | op=SEND_HEARTBEAT {datanodeUUID=b91667ad-dd07-438b-a2aa-20d994bbddf1, command=[]} | ret=SUCCESS |  
2019-08-29 23:15:17,635 | INFO  | SCMAudit | user=jenkins1000 | ip=192.168.5.176 | op=SEND_HEARTBEAT {datanodeUUID=c28b6833-03f3-43d7-88dd-1eb93de0674c, command=[]} | ret=SUCCESS |  
2019-08-29 23:15:17,661 | INFO  | SCMAudit | user=jenkins1000 | ip=192.168.5.176 | op=SEND_HEARTBEAT {datanodeUUID=91c146c8-9622-4fdf-af50-459baf835861, command=[]} | ret=SUCCESS |  
2019-08-29 23:15:17,664 | INFO  | SCMAudit | user=jenkins1000 | ip=192.168.5.176 | op=SEND_HEARTBEAT {datanodeUUID=c2791d19-603b-4976-b3e9-7899a47ab15b, command=[]} | ret=SUCCESS |  
2019-08-29 23:15:17,720 | INFO  | SCMAudit | user=jenkins1000 | ip=192.168.5.176 | op=SEND_HEARTBEAT {datanodeUUID=6fc9f5bf-9d19-4424-b095-dbd8051c5d1f, command=[]} | ret=SUCCESS |  
2019-08-29 23:15:17,794 | INFO  | SCMAudit | user=jenkins1000 | ip=192.168.5.176 | op=SEND_HEARTBEAT {datanodeUUID=7b8ea038-0abd-40f8-b5e6-235888bbf81b, command=[]} | ret=SUCCESS |  
2019-08-29 23:15:17,851 | INFO  | SCMAudit | user=jenkins1000 | ip=192.168.5.176 | op=SEND_HEARTBEAT {datanodeUUID=fdf38f52-984e-464b-b063-6b40bc579090, command=[]} | ret=SUCCESS |  
2019-08-29 23:15:17,921 | INFO  | SCMAudit | user=jenkins1000 | ip=192.168.5.176 | op=SEND_HEARTBEAT {datanodeUUID=b91667ad-dd07-438b-a2aa-20d994bbddf1, command=[]} | ret=SUCCESS |  
2019-08-29 23:15:18,634 | INFO  | SCMAudit | user=jenkins1000 | ip=192.168.5.176 | op=SEND_HEARTBEAT {datanodeUUID=c28b6833-03f3-43d7-88dd-1eb93de0674c, command=[]} | ret=SUCCESS |  
2019-08-29 23:15:18,662 | INFO  | SCMAudit | user=jenkins1000 | ip=192.168.5.176 | op=SEND_HEARTBEAT {datanodeUUID=91c146c8-9622-4fdf-af50-459baf835861, command=[]} | ret=SUCCESS |  
2019-08-29 23:15:18,664 | INFO  | SCMAudit | user=jenkins1000 | ip=192.168.5.176 | op=SEND_HEARTBEAT {datanodeUUID=c2791d19-603b-4976-b3e9-7899a47ab15b, command=[]} | ret=SUCCESS |  
2019-08-29 23:15:18,720 | INFO  | SCMAudit | user=jenkins1000 | ip=192.168.5.176 | op=SEND_HEARTBEAT {datanodeUUID=6fc9f5bf-9d19-4424-b095-dbd8051c5d1f, command=[]} | ret=SUCCESS |  
2019-08-29 23:15:18,794 | INFO  | SCMAudit | user=jenkins1000 | ip=192.168.5.176 | op=SEND_HEARTBEAT {datanodeUUID=7b8ea038-0abd-40f8-b5e6-235888bbf81b, command=[]} | ret=SUCCESS |  
2019-08-29 23:15:18,852 | INFO  | SCMAudit | user=jenkins1000 | ip=192.168.5.176 | op=SEND_HEARTBEAT {datanodeUUID=fdf38f52-984e-464b-b063-6b40bc579090, command=[]} | ret=SUCCESS |  
2019-08-29 23:15:18,921 | INFO  | SCMAudit | user=jenkins1000 | ip=192.168.5.176 | op=SEND_HEARTBEAT {datanodeUUID=b91667ad-dd07-438b-a2aa-20d994bbddf1, command=[]} | ret=SUCCESS |  
2019-08-29 23:15:19,634 | INFO  | SCMAudit | user=jenkins1000 | ip=192.168.5.176 | op=SEND_HEARTBEAT {datanodeUUID=c28b6833-03f3-43d7-88dd-1eb93de0674c, command=[]} | ret=SUCCESS |  
2019-08-29 23:15:19,662 | INFO  | SCMAudit | user=jenkins1000 | ip=192.168.5.176 | op=SEND_HEARTBEAT {datanodeUUID=91c146c8-9622-4fdf-af50-459baf835861, command=[]} | ret=SUCCESS |  
2019-08-29 23:15:19,664 | INFO  | SCMAudit | user=jenkins1000 | ip=192.168.5.176 | op=SEND_HEARTBEAT {datanodeUUID=c2791d19-603b-4976-b3e9-7899a47ab15b, command=[]} | ret=SUCCESS |  
2019-08-29 23:15:19,721 | INFO  | SCMAudit | user=jenkins1000 | ip=192.168.5.176 | op=SEND_HEARTBEAT {datanodeUUID=6fc9f5bf-9d19-4424-b095-dbd8051c5d1f, command=[]} | ret=SUCCESS |  
2019-08-29 23:15:19,794 | INFO  | SCMAudit | user=jenkins1000 | ip=192.168.5.176 | op=SEND_HEARTBEAT {datanodeUUID=7b8ea038-0abd-40f8-b5e6-235888bbf81b, command=[]} | ret=SUCCESS |  
2019-08-29 23:15:19,851 | INFO  | SCMAudit | user=jenkins1000 | ip=192.168.5.176 | op=SEND_HEARTBEAT {datanodeUUID=fdf38f52-984e-464b-b063-6b40bc579090, command=[]} | ret=SUCCESS |  
2019-08-29 23:15:19,921 | INFO  | SCMAudit | user=jenkins1000 | ip=192.168.5.176 | op=SEND_HEARTBEAT {datanodeUUID=b91667ad-dd07-438b-a2aa-20d994bbddf1, command=[]} | ret=SUCCESS |  
2019-08-29 23:15:20,635 | INFO  | SCMAudit | user=jenkins1000 | ip=192.168.5.176 | op=SEND_HEARTBEAT {datanodeUUID=c28b6833-03f3-43d7-88dd-1eb93de0674c, command=[]} | ret=SUCCESS |  
2019-08-29 23:15:20,662 | INFO  | SCMAudit | user=jenkins1000 | ip=192.168.5.176 | op=SEND_HEARTBEAT {datanodeUUID=91c146c8-9622-4fdf-af50-459baf835861, command=[]} | ret=SUCCESS |  
2019-08-29 23:15:20,665 | INFO  | SCMAudit | user=jenkins1000 | ip=192.168.5.176 | op=SEND_HEARTBEAT {datanodeUUID=c2791d19-603b-4976-b3e9-7899a47ab15b, command=[]} | ret=SUCCESS |  
2019-08-29 23:15:20,722 | INFO  | SCMAudit | user=jenkins1000 | ip=192.168.5.176 | op=SEND_HEARTBEAT {datanodeUUID=6fc9f5bf-9d19-4424-b095-dbd8051c5d1f, command=[]} | ret=SUCCESS |  
2019-08-29 23:15:20,795 | INFO  | SCMAudit | user=jenkins1000 | ip=192.168.5.176 | op=SEND_HEARTBEAT {datanodeUUID=7b8ea038-0abd-40f8-b5e6-235888bbf81b, command=[]} | ret=SUCCESS |  
2019-08-29 23:15:20,852 | INFO  | SCMAudit | user=jenkins1000 | ip=192.168.5.176 | op=SEND_HEARTBEAT {datanodeUUID=fdf38f52-984e-464b-b063-6b40bc579090, command=[]} | ret=SUCCESS |  
2019-08-29 23:15:20,921 | INFO  | SCMAudit | user=jenkins1000 | ip=192.168.5.176 | op=SEND_HEARTBEAT {datanodeUUID=b91667ad-dd07-438b-a2aa-20d994bbddf1, command=[]} | ret=SUCCESS |  
2019-08-29 23:15:21,341 [grpc-default-executor-0] INFO  client.GrpcClientProtocolClient (GrpcClientProtocolClient.java:onNext(255)) - client-5CFC44E75E5D->91c146c8-9622-4fdf-af50-459baf835861: receive RaftClientReply:client-5CFC44E75E5D->91c146c8-9622-4fdf-af50-459baf835861@group-E13997D93674, cid=45, FAILED org.apache.ratis.protocol.NotLeaderException: Server 91c146c8-9622-4fdf-af50-459baf835861 is not the leader (c28b6833-03f3-43d7-88dd-1eb93de0674c:192.168.5.176:36768). Request must be sent to leader., logIndex=0, commits[91c146c8-9622-4fdf-af50-459baf835861:c8, c2791d19-603b-4976-b3e9-7899a47ab15b:c8, c28b6833-03f3-43d7-88dd-1eb93de0674c:c8]
2019-08-29 23:15:21,636 | INFO  | SCMAudit | user=jenkins1000 | ip=192.168.5.176 | op=SEND_HEARTBEAT {datanodeUUID=c28b6833-03f3-43d7-88dd-1eb93de0674c, command=[]} | ret=SUCCESS |  
2019-08-29 23:15:21,663 | INFO  | SCMAudit | user=jenkins1000 | ip=192.168.5.176 | op=SEND_HEARTBEAT {datanodeUUID=91c146c8-9622-4fdf-af50-459baf835861, command=[]} | ret=SUCCESS |  
2019-08-29 23:15:21,665 | INFO  | SCMAudit | user=jenkins1000 | ip=192.168.5.176 | op=SEND_HEARTBEAT {datanodeUUID=c2791d19-603b-4976-b3e9-7899a47ab15b, command=[]} | ret=SUCCESS |  
2019-08-29 23:15:21,721 | INFO  | SCMAudit | user=jenkins1000 | ip=192.168.5.176 | op=SEND_HEARTBEAT {datanodeUUID=6fc9f5bf-9d19-4424-b095-dbd8051c5d1f, command=[]} | ret=SUCCESS |  
2019-08-29 23:15:21,794 | INFO  | SCMAudit | user=jenkins1000 | ip=192.168.5.176 | op=SEND_HEARTBEAT {datanodeUUID=7b8ea038-0abd-40f8-b5e6-235888bbf81b, command=[]} | ret=SUCCESS |  
2019-08-29 23:15:21,851 | INFO  | SCMAudit | user=jenkins1000 | ip=192.168.5.176 | op=SEND_HEARTBEAT {datanodeUUID=fdf38f52-984e-464b-b063-6b40bc579090, command=[]} | ret=SUCCESS |  
2019-08-29 23:15:21,921 | INFO  | SCMAudit | user=jenkins1000 | ip=192.168.5.176 | op=SEND_HEARTBEAT {datanodeUUID=b91667ad-dd07-438b-a2aa-20d994bbddf1, command=[]} | ret=SUCCESS |  
2019-08-29 23:15:22,635 | INFO  | SCMAudit | user=jenkins1000 | ip=192.168.5.176 | op=SEND_HEARTBEAT {datanodeUUID=c28b6833-03f3-43d7-88dd-1eb93de0674c, command=[]} | ret=SUCCESS |  
2019-08-29 23:15:22,663 | INFO  | SCMAudit | user=jenkins1000 | ip=192.168.5.176 | op=SEND_HEARTBEAT {datanodeUUID=91c146c8-9622-4fdf-af50-459baf835861, command=[]} | ret=SUCCESS |  
2019-08-29 23:15:22,665 | INFO  | SCMAudit | user=jenkins1000 | ip=192.168.5.176 | op=SEND_HEARTBEAT {datanodeUUID=c2791d19-603b-4976-b3e9-7899a47ab15b, command=[]} | ret=SUCCESS |  
2019-08-29 23:15:22,721 | INFO  | SCMAudit | user=jenkins1000 | ip=192.168.5.176 | op=SEND_HEARTBEAT {datanodeUUID=6fc9f5bf-9d19-4424-b095-dbd8051c5d1f, command=[]} | ret=SUCCESS |  
2019-08-29 23:15:22,794 | INFO  | SCMAudit | user=jenkins1000 | ip=192.168.5.176 | op=SEND_HEARTBEAT {datanodeUUID=7b8ea038-0abd-40f8-b5e6-235888bbf81b, command=[]} | ret=SUCCESS |  
2019-08-29 23:15:22,852 | INFO  | SCMAudit | user=jenkins1000 | ip=192.168.5.176 | op=SEND_HEARTBEAT {datanodeUUID=fdf38f52-984e-464b-b063-6b40bc579090, command=[]} | ret=SUCCESS |  
2019-08-29 23:15:22,921 | INFO  | SCMAudit | user=jenkins1000 | ip=192.168.5.176 | op=SEND_HEARTBEAT {datanodeUUID=b91667ad-dd07-438b-a2aa-20d994bbddf1, command=[]} | ret=SUCCESS |  
2019-08-29 23:15:23,635 | INFO  | SCMAudit | user=jenkins1000 | ip=192.168.5.176 | op=SEND_HEARTBEAT {datanodeUUID=c28b6833-03f3-43d7-88dd-1eb93de0674c, command=[]} | ret=SUCCESS |  
2019-08-29 23:15:23,663 | INFO  | SCMAudit | user=jenkins1000 | ip=192.168.5.176 | op=SEND_HEARTBEAT {datanodeUUID=91c146c8-9622-4fdf-af50-459baf835861, command=[]} | ret=SUCCESS |  
2019-08-29 23:15:23,665 | INFO  | SCMAudit | user=jenkins1000 | ip=192.168.5.176 | op=SEND_HEARTBEAT {datanodeUUID=c2791d19-603b-4976-b3e9-7899a47ab15b, command=[]} | ret=SUCCESS |  
2019-08-29 23:15:23,722 | INFO  | SCMAudit | user=jenkins1000 | ip=192.168.5.176 | op=SEND_HEARTBEAT {datanodeUUID=6fc9f5bf-9d19-4424-b095-dbd8051c5d1f, command=[]} | ret=SUCCESS |  
2019-08-29 23:15:23,794 | INFO  | SCMAudit | user=jenkins1000 | ip=192.168.5.176 | op=SEND_HEARTBEAT {datanodeUUID=7b8ea038-0abd-40f8-b5e6-235888bbf81b, command=[]} | ret=SUCCESS |  
2019-08-29 23:15:23,851 | INFO  | SCMAudit | user=jenkins1000 | ip=192.168.5.176 | op=SEND_HEARTBEAT {datanodeUUID=fdf38f52-984e-464b-b063-6b40bc579090, command=[]} | ret=SUCCESS |  
2019-08-29 23:15:23,921 | INFO  | SCMAudit | user=jenkins1000 | ip=192.168.5.176 | op=SEND_HEARTBEAT {datanodeUUID=b91667ad-dd07-438b-a2aa-20d994bbddf1, command=[]} | ret=SUCCESS |  
2019-08-29 23:15:24,636 | INFO  | SCMAudit | user=jenkins1000 | ip=192.168.5.176 | op=SEND_HEARTBEAT {datanodeUUID=c28b6833-03f3-43d7-88dd-1eb93de0674c, command=[]} | ret=SUCCESS |  
2019-08-29 23:15:24,664 | INFO  | SCMAudit | user=jenkins1000 | ip=192.168.5.176 | op=SEND_HEARTBEAT {datanodeUUID=91c146c8-9622-4fdf-af50-459baf835861, command=[]} | ret=SUCCESS |  
2019-08-29 23:15:24,665 | INFO  | SCMAudit | user=jenkins1000 | ip=192.168.5.176 | op=SEND_HEARTBEAT {datanodeUUID=c2791d19-603b-4976-b3e9-7899a47ab15b, command=[]} | ret=SUCCESS |  
2019-08-29 23:15:24,722 | INFO  | SCMAudit | user=jenkins1000 | ip=192.168.5.176 | op=SEND_HEARTBEAT {datanodeUUID=6fc9f5bf-9d19-4424-b095-dbd8051c5d1f, command=[]} | ret=SUCCESS |  
2019-08-29 23:15:24,794 | INFO  | SCMAudit | user=jenkins1000 | ip=192.168.5.176 | op=SEND_HEARTBEAT {datanodeUUID=7b8ea038-0abd-40f8-b5e6-235888bbf81b, command=[]} | ret=SUCCESS |  
2019-08-29 23:15:24,851 | INFO  | SCMAudit | user=jenkins1000 | ip=192.168.5.176 | op=SEND_HEARTBEAT {datanodeUUID=fdf38f52-984e-464b-b063-6b40bc579090, command=[]} | ret=SUCCESS |  
2019-08-29 23:15:24,922 | INFO  | SCMAudit | user=jenkins1000 | ip=192.168.5.176 | op=SEND_HEARTBEAT {datanodeUUID=b91667ad-dd07-438b-a2aa-20d994bbddf1, command=[]} | ret=SUCCESS |  
2019-08-29 23:15:25,637 | INFO  | SCMAudit | user=jenkins1000 | ip=192.168.5.176 | op=SEND_HEARTBEAT {datanodeUUID=c28b6833-03f3-43d7-88dd-1eb93de0674c, command=[]} | ret=SUCCESS |  
2019-08-29 23:15:25,664 | INFO  | SCMAudit | user=jenkins1000 | ip=192.168.5.176 | op=SEND_HEARTBEAT {datanodeUUID=91c146c8-9622-4fdf-af50-459baf835861, command=[]} | ret=SUCCESS |  
2019-08-29 23:15:25,665 | INFO  | SCMAudit | user=jenkins1000 | ip=192.168.5.176 | op=SEND_HEARTBEAT {datanodeUUID=c2791d19-603b-4976-b3e9-7899a47ab15b, command=[]} | ret=SUCCESS |  
2019-08-29 23:15:25,722 | INFO  | SCMAudit | user=jenkins1000 | ip=192.168.5.176 | op=SEND_HEARTBEAT {datanodeUUID=6fc9f5bf-9d19-4424-b095-dbd8051c5d1f, command=[]} | ret=SUCCESS |  
2019-08-29 23:15:25,794 | INFO  | SCMAudit | user=jenkins1000 | ip=192.168.5.176 | op=SEND_HEARTBEAT {datanodeUUID=7b8ea038-0abd-40f8-b5e6-235888bbf81b, command=[]} | ret=SUCCESS |  
2019-08-29 23:15:25,851 | INFO  | SCMAudit | user=jenkins1000 | ip=192.168.5.176 | op=SEND_HEARTBEAT {datanodeUUID=fdf38f52-984e-464b-b063-6b40bc579090, command=[]} | ret=SUCCESS |  
2019-08-29 23:15:25,921 | INFO  | SCMAudit | user=jenkins1000 | ip=192.168.5.176 | op=SEND_HEARTBEAT {datanodeUUID=b91667ad-dd07-438b-a2aa-20d994bbddf1, command=[]} | ret=SUCCESS |  
2019-08-29 23:15:26,389 [grpc-default-executor-2] INFO  client.GrpcClientProtocolClient (GrpcClientProtocolClient.java:onNext(255)) - client-5CFC44E75E5D->91c146c8-9622-4fdf-af50-459baf835861: receive RaftClientReply:client-5CFC44E75E5D->91c146c8-9622-4fdf-af50-459baf835861@group-E13997D93674, cid=45, FAILED org.apache.ratis.protocol.NotLeaderException: Server 91c146c8-9622-4fdf-af50-459baf835861 is not the leader (c28b6833-03f3-43d7-88dd-1eb93de0674c:192.168.5.176:36768). Request must be sent to leader., logIndex=0, commits[91c146c8-9622-4fdf-af50-459baf835861:c8, c2791d19-603b-4976-b3e9-7899a47ab15b:c8, c28b6833-03f3-43d7-88dd-1eb93de0674c:c8]
2019-08-29 23:15:26,636 | INFO  | SCMAudit | user=jenkins1000 | ip=192.168.5.176 | op=SEND_HEARTBEAT {datanodeUUID=c28b6833-03f3-43d7-88dd-1eb93de0674c, command=[]} | ret=SUCCESS |  
2019-08-29 23:15:26,664 | INFO  | SCMAudit | user=jenkins1000 | ip=192.168.5.176 | op=SEND_HEARTBEAT {datanodeUUID=91c146c8-9622-4fdf-af50-459baf835861, command=[]} | ret=SUCCESS |  
2019-08-29 23:15:26,665 | INFO  | SCMAudit | user=jenkins1000 | ip=192.168.5.176 | op=SEND_HEARTBEAT {datanodeUUID=c2791d19-603b-4976-b3e9-7899a47ab15b, command=[]} | ret=SUCCESS |  
2019-08-29 23:15:26,722 | INFO  | SCMAudit | user=jenkins1000 | ip=192.168.5.176 | op=SEND_HEARTBEAT {datanodeUUID=6fc9f5bf-9d19-4424-b095-dbd8051c5d1f, command=[]} | ret=SUCCESS |  
2019-08-29 23:15:26,794 | INFO  | SCMAudit | user=jenkins1000 | ip=192.168.5.176 | op=SEND_HEARTBEAT {datanodeUUID=7b8ea038-0abd-40f8-b5e6-235888bbf81b, command=[]} | ret=SUCCESS |  
2019-08-29 23:15:26,851 | INFO  | SCMAudit | user=jenkins1000 | ip=192.168.5.176 | op=SEND_HEARTBEAT {datanodeUUID=fdf38f52-984e-464b-b063-6b40bc579090, command=[]} | ret=SUCCESS |  
2019-08-29 23:15:26,922 | INFO  | SCMAudit | user=jenkins1000 | ip=192.168.5.176 | op=SEND_HEARTBEAT {datanodeUUID=b91667ad-dd07-438b-a2aa-20d994bbddf1, command=[]} | ret=SUCCESS |  
2019-08-29 23:15:27,637 | INFO  | SCMAudit | user=jenkins1000 | ip=192.168.5.176 | op=SEND_HEARTBEAT {datanodeUUID=c28b6833-03f3-43d7-88dd-1eb93de0674c, command=[]} | ret=SUCCESS |  
2019-08-29 23:15:27,664 | INFO  | SCMAudit | user=jenkins1000 | ip=192.168.5.176 | op=SEND_HEARTBEAT {datanodeUUID=91c146c8-9622-4fdf-af50-459baf835861, command=[]} | ret=SUCCESS |  
2019-08-29 23:15:27,666 | INFO  | SCMAudit | user=jenkins1000 | ip=192.168.5.176 | op=SEND_HEARTBEAT {datanodeUUID=c2791d19-603b-4976-b3e9-7899a47ab15b, command=[]} | ret=SUCCESS |  
2019-08-29 23:15:27,722 | INFO  | SCMAudit | user=jenkins1000 | ip=192.168.5.176 | op=SEND_HEARTBEAT {datanodeUUID=6fc9f5bf-9d19-4424-b095-dbd8051c5d1f, command=[]} | ret=SUCCESS |  
2019-08-29 23:15:27,794 | INFO  | SCMAudit | user=jenkins1000 | ip=192.168.5.176 | op=SEND_HEARTBEAT {datanodeUUID=7b8ea038-0abd-40f8-b5e6-235888bbf81b, command=[]} | ret=SUCCESS |  
2019-08-29 23:15:27,851 | INFO  | SCMAudit | user=jenkins1000 | ip=192.168.5.176 | op=SEND_HEARTBEAT {datanodeUUID=fdf38f52-984e-464b-b063-6b40bc579090, command=[]} | ret=SUCCESS |  
2019-08-29 23:15:27,921 | INFO  | SCMAudit | user=jenkins1000 | ip=192.168.5.176 | op=SEND_HEARTBEAT {datanodeUUID=b91667ad-dd07-438b-a2aa-20d994bbddf1, command=[]} | ret=SUCCESS |  
2019-08-29 23:15:28,637 | INFO  | SCMAudit | user=jenkins1000 | ip=192.168.5.176 | op=SEND_HEARTBEAT {datanodeUUID=c28b6833-03f3-43d7-88dd-1eb93de0674c, command=[]} | ret=SUCCESS |  
2019-08-29 23:15:28,664 | INFO  | SCMAudit | user=jenkins1000 | ip=192.168.5.176 | op=SEND_HEARTBEAT {datanodeUUID=91c146c8-9622-4fdf-af50-459baf835861, command=[]} | ret=SUCCESS |  
2019-08-29 23:15:28,666 | INFO  | SCMAudit | user=jenkins1000 | ip=192.168.5.176 | op=SEND_HEARTBEAT {datanodeUUID=c2791d19-603b-4976-b3e9-7899a47ab15b, command=[]} | ret=SUCCESS |  
2019-08-29 23:15:28,722 | INFO  | SCMAudit | user=jenkins1000 | ip=192.168.5.176 | op=SEND_HEARTBEAT {datanodeUUID=6fc9f5bf-9d19-4424-b095-dbd8051c5d1f, command=[]} | ret=SUCCESS |  
2019-08-29 23:15:28,794 | INFO  | SCMAudit | user=jenkins1000 | ip=192.168.5.176 | op=SEND_HEARTBEAT {datanodeUUID=7b8ea038-0abd-40f8-b5e6-235888bbf81b, command=[]} | ret=SUCCESS |  
2019-08-29 23:15:28,851 | INFO  | SCMAudit | user=jenkins1000 | ip=192.168.5.176 | op=SEND_HEARTBEAT {datanodeUUID=fdf38f52-984e-464b-b063-6b40bc579090, command=[]} | ret=SUCCESS |  
2019-08-29 23:15:28,921 | INFO  | SCMAudit | user=jenkins1000 | ip=192.168.5.176 | op=SEND_HEARTBEAT {datanodeUUID=b91667ad-dd07-438b-a2aa-20d994bbddf1, command=[]} | ret=SUCCESS |  
2019-08-29 23:15:29,637 | INFO  | SCMAudit | user=jenkins1000 | ip=192.168.5.176 | op=SEND_HEARTBEAT {datanodeUUID=c28b6833-03f3-43d7-88dd-1eb93de0674c, command=[]} | ret=SUCCESS |  
2019-08-29 23:15:29,665 | INFO  | SCMAudit | user=jenkins1000 | ip=192.168.5.176 | op=SEND_HEARTBEAT {datanodeUUID=91c146c8-9622-4fdf-af50-459baf835861, command=[]} | ret=SUCCESS |  
2019-08-29 23:15:29,666 | INFO  | SCMAudit | user=jenkins1000 | ip=192.168.5.176 | op=SEND_HEARTBEAT {datanodeUUID=c2791d19-603b-4976-b3e9-7899a47ab15b, command=[]} | ret=SUCCESS |  
2019-08-29 23:15:29,723 | INFO  | SCMAudit | user=jenkins1000 | ip=192.168.5.176 | op=SEND_HEARTBEAT {datanodeUUID=6fc9f5bf-9d19-4424-b095-dbd8051c5d1f, command=[]} | ret=SUCCESS |  
2019-08-29 23:15:29,795 | INFO  | SCMAudit | user=jenkins1000 | ip=192.168.5.176 | op=SEND_HEARTBEAT {datanodeUUID=7b8ea038-0abd-40f8-b5e6-235888bbf81b, command=[]} | ret=SUCCESS |  
2019-08-29 23:15:29,851 | INFO  | SCMAudit | user=jenkins1000 | ip=192.168.5.176 | op=SEND_HEARTBEAT {datanodeUUID=fdf38f52-984e-464b-b063-6b40bc579090, command=[]} | ret=SUCCESS |  
2019-08-29 23:15:29,921 | INFO  | SCMAudit | user=jenkins1000 | ip=192.168.5.176 | op=SEND_HEARTBEAT {datanodeUUID=b91667ad-dd07-438b-a2aa-20d994bbddf1, command=[]} | ret=SUCCESS |  
2019-08-29 23:15:30,636 | INFO  | SCMAudit | user=jenkins1000 | ip=192.168.5.176 | op=SEND_HEARTBEAT {datanodeUUID=c28b6833-03f3-43d7-88dd-1eb93de0674c, command=[]} | ret=SUCCESS |  
2019-08-29 23:15:30,665 | INFO  | SCMAudit | user=jenkins1000 | ip=192.168.5.176 | op=SEND_HEARTBEAT {datanodeUUID=91c146c8-9622-4fdf-af50-459baf835861, command=[]} | ret=SUCCESS |  
2019-08-29 23:15:30,666 | INFO  | SCMAudit | user=jenkins1000 | ip=192.168.5.176 | op=SEND_HEARTBEAT {datanodeUUID=c2791d19-603b-4976-b3e9-7899a47ab15b, command=[]} | ret=SUCCESS |  
2019-08-29 23:15:30,723 | INFO  | SCMAudit | user=jenkins1000 | ip=192.168.5.176 | op=SEND_HEARTBEAT {datanodeUUID=6fc9f5bf-9d19-4424-b095-dbd8051c5d1f, command=[]} | ret=SUCCESS |  
2019-08-29 23:15:30,795 | INFO  | SCMAudit | user=jenkins1000 | ip=192.168.5.176 | op=SEND_HEARTBEAT {datanodeUUID=7b8ea038-0abd-40f8-b5e6-235888bbf81b, command=[]} | ret=SUCCESS |  
2019-08-29 23:15:30,851 | INFO  | SCMAudit | user=jenkins1000 | ip=192.168.5.176 | op=SEND_HEARTBEAT {datanodeUUID=fdf38f52-984e-464b-b063-6b40bc579090, command=[]} | ret=SUCCESS |  
2019-08-29 23:15:30,922 | INFO  | SCMAudit | user=jenkins1000 | ip=192.168.5.176 | op=SEND_HEARTBEAT {datanodeUUID=b91667ad-dd07-438b-a2aa-20d994bbddf1, command=[]} | ret=SUCCESS |  
2019-08-29 23:15:31,444 [grpc-default-executor-2] INFO  client.GrpcClientProtocolClient (GrpcClientProtocolClient.java:onNext(255)) - client-5CFC44E75E5D->91c146c8-9622-4fdf-af50-459baf835861: receive RaftClientReply:client-5CFC44E75E5D->91c146c8-9622-4fdf-af50-459baf835861@group-E13997D93674, cid=45, FAILED org.apache.ratis.protocol.NotLeaderException: Server 91c146c8-9622-4fdf-af50-459baf835861 is not the leader (c28b6833-03f3-43d7-88dd-1eb93de0674c:192.168.5.176:36768). Request must be sent to leader., logIndex=0, commits[91c146c8-9622-4fdf-af50-459baf835861:c8, c2791d19-603b-4976-b3e9-7899a47ab15b:c8, c28b6833-03f3-43d7-88dd-1eb93de0674c:c8]
2019-08-29 23:15:31,638 | INFO  | SCMAudit | user=jenkins1000 | ip=192.168.5.176 | op=SEND_HEARTBEAT {datanodeUUID=c28b6833-03f3-43d7-88dd-1eb93de0674c, command=[]} | ret=SUCCESS |  
2019-08-29 23:15:31,666 | INFO  | SCMAudit | user=jenkins1000 | ip=192.168.5.176 | op=SEND_HEARTBEAT {datanodeUUID=91c146c8-9622-4fdf-af50-459baf835861, command=[]} | ret=SUCCESS |  
2019-08-29 23:15:31,666 | INFO  | SCMAudit | user=jenkins1000 | ip=192.168.5.176 | op=SEND_HEARTBEAT {datanodeUUID=c2791d19-603b-4976-b3e9-7899a47ab15b, command=[]} | ret=SUCCESS |  
2019-08-29 23:15:31,722 | INFO  | SCMAudit | user=jenkins1000 | ip=192.168.5.176 | op=SEND_HEARTBEAT {datanodeUUID=6fc9f5bf-9d19-4424-b095-dbd8051c5d1f, command=[]} | ret=SUCCESS |  
2019-08-29 23:15:31,795 | INFO  | SCMAudit | user=jenkins1000 | ip=192.168.5.176 | op=SEND_HEARTBEAT {datanodeUUID=7b8ea038-0abd-40f8-b5e6-235888bbf81b, command=[]} | ret=SUCCESS |  
2019-08-29 23:15:31,851 | INFO  | SCMAudit | user=jenkins1000 | ip=192.168.5.176 | op=SEND_HEARTBEAT {datanodeUUID=fdf38f52-984e-464b-b063-6b40bc579090, command=[]} | ret=SUCCESS |  
2019-08-29 23:15:31,921 | INFO  | SCMAudit | user=jenkins1000 | ip=192.168.5.176 | op=SEND_HEARTBEAT {datanodeUUID=b91667ad-dd07-438b-a2aa-20d994bbddf1, command=[]} | ret=SUCCESS |  
2019-08-29 23:15:32,638 | INFO  | SCMAudit | user=jenkins1000 | ip=192.168.5.176 | op=SEND_HEARTBEAT {datanodeUUID=c28b6833-03f3-43d7-88dd-1eb93de0674c, command=[]} | ret=SUCCESS |  
2019-08-29 23:15:32,666 | INFO  | SCMAudit | user=jenkins1000 | ip=192.168.5.176 | op=SEND_HEARTBEAT {datanodeUUID=91c146c8-9622-4fdf-af50-459baf835861, command=[]} | ret=SUCCESS |  
2019-08-29 23:15:32,666 | INFO  | SCMAudit | user=jenkins1000 | ip=192.168.5.176 | op=SEND_HEARTBEAT {datanodeUUID=c2791d19-603b-4976-b3e9-7899a47ab15b, command=[]} | ret=SUCCESS |  
2019-08-29 23:15:32,723 | INFO  | SCMAudit | user=jenkins1000 | ip=192.168.5.176 | op=SEND_HEARTBEAT {datanodeUUID=6fc9f5bf-9d19-4424-b095-dbd8051c5d1f, command=[]} | ret=SUCCESS |  
2019-08-29 23:15:32,795 | INFO  | SCMAudit | user=jenkins1000 | ip=192.168.5.176 | op=SEND_HEARTBEAT {datanodeUUID=7b8ea038-0abd-40f8-b5e6-235888bbf81b, command=[]} | ret=SUCCESS |  
2019-08-29 23:15:32,852 | INFO  | SCMAudit | user=jenkins1000 | ip=192.168.5.176 | op=SEND_HEARTBEAT {datanodeUUID=fdf38f52-984e-464b-b063-6b40bc579090, command=[]} | ret=SUCCESS |  
2019-08-29 23:15:32,921 | INFO  | SCMAudit | user=jenkins1000 | ip=192.168.5.176 | op=SEND_HEARTBEAT {datanodeUUID=b91667ad-dd07-438b-a2aa-20d994bbddf1, command=[]} | ret=SUCCESS |  
2019-08-29 23:15:33,638 | INFO  | SCMAudit | user=jenkins1000 | ip=192.168.5.176 | op=SEND_HEARTBEAT {datanodeUUID=c28b6833-03f3-43d7-88dd-1eb93de0674c, command=[]} | ret=SUCCESS |  
2019-08-29 23:15:33,666 | INFO  | SCMAudit | user=jenkins1000 | ip=192.168.5.176 | op=SEND_HEARTBEAT {datanodeUUID=91c146c8-9622-4fdf-af50-459baf835861, command=[]} | ret=SUCCESS |  
2019-08-29 23:15:33,666 | INFO  | SCMAudit | user=jenkins1000 | ip=192.168.5.176 | op=SEND_HEARTBEAT {datanodeUUID=c2791d19-603b-4976-b3e9-7899a47ab15b, command=[]} | ret=SUCCESS |  
2019-08-29 23:15:33,723 | INFO  | SCMAudit | user=jenkins1000 | ip=192.168.5.176 | op=SEND_HEARTBEAT {datanodeUUID=6fc9f5bf-9d19-4424-b095-dbd8051c5d1f, command=[]} | ret=SUCCESS |  
2019-08-29 23:15:33,795 | INFO  | SCMAudit | user=jenkins1000 | ip=192.168.5.176 | op=SEND_HEARTBEAT {datanodeUUID=7b8ea038-0abd-40f8-b5e6-235888bbf81b, command=[]} | ret=SUCCESS |  
2019-08-29 23:15:33,852 | INFO  | SCMAudit | user=jenkins1000 | ip=192.168.5.176 | op=SEND_HEARTBEAT {datanodeUUID=fdf38f52-984e-464b-b063-6b40bc579090, command=[]} | ret=SUCCESS |  
2019-08-29 23:15:33,922 | INFO  | SCMAudit | user=jenkins1000 | ip=192.168.5.176 | op=SEND_HEARTBEAT {datanodeUUID=b91667ad-dd07-438b-a2aa-20d994bbddf1, command=[]} | ret=SUCCESS |  
2019-08-29 23:15:34,637 | INFO  | SCMAudit | user=jenkins1000 | ip=192.168.5.176 | op=SEND_HEARTBEAT {datanodeUUID=c28b6833-03f3-43d7-88dd-1eb93de0674c, command=[]} | ret=SUCCESS |  
2019-08-29 23:15:34,666 | INFO  | SCMAudit | user=jenkins1000 | ip=192.168.5.176 | op=SEND_HEARTBEAT {datanodeUUID=91c146c8-9622-4fdf-af50-459baf835861, command=[]} | ret=SUCCESS |  
2019-08-29 23:15:34,666 | INFO  | SCMAudit | user=jenkins1000 | ip=192.168.5.176 | op=SEND_HEARTBEAT {datanodeUUID=c2791d19-603b-4976-b3e9-7899a47ab15b, command=[]} | ret=SUCCESS |  
2019-08-29 23:15:34,723 | INFO  | SCMAudit | user=jenkins1000 | ip=192.168.5.176 | op=SEND_HEARTBEAT {datanodeUUID=6fc9f5bf-9d19-4424-b095-dbd8051c5d1f, command=[]} | ret=SUCCESS |  
2019-08-29 23:15:34,795 | INFO  | SCMAudit | user=jenkins1000 | ip=192.168.5.176 | op=SEND_HEARTBEAT {datanodeUUID=7b8ea038-0abd-40f8-b5e6-235888bbf81b, command=[]} | ret=SUCCESS |  
2019-08-29 23:15:34,853 | INFO  | SCMAudit | user=jenkins1000 | ip=192.168.5.176 | op=SEND_HEARTBEAT {datanodeUUID=fdf38f52-984e-464b-b063-6b40bc579090, command=[]} | ret=SUCCESS |  
2019-08-29 23:15:34,921 | INFO  | SCMAudit | user=jenkins1000 | ip=192.168.5.176 | op=SEND_HEARTBEAT {datanodeUUID=b91667ad-dd07-438b-a2aa-20d994bbddf1, command=[]} | ret=SUCCESS |  
2019-08-29 23:15:35,638 | INFO  | SCMAudit | user=jenkins1000 | ip=192.168.5.176 | op=SEND_HEARTBEAT {datanodeUUID=c28b6833-03f3-43d7-88dd-1eb93de0674c, command=[]} | ret=SUCCESS |  
2019-08-29 23:15:35,666 | INFO  | SCMAudit | user=jenkins1000 | ip=192.168.5.176 | op=SEND_HEARTBEAT {datanodeUUID=91c146c8-9622-4fdf-af50-459baf835861, command=[]} | ret=SUCCESS |  
2019-08-29 23:15:35,666 | INFO  | SCMAudit | user=jenkins1000 | ip=192.168.5.176 | op=SEND_HEARTBEAT {datanodeUUID=c2791d19-603b-4976-b3e9-7899a47ab15b, command=[]} | ret=SUCCESS |  
2019-08-29 23:15:35,723 | INFO  | SCMAudit | user=jenkins1000 | ip=192.168.5.176 | op=SEND_HEARTBEAT {datanodeUUID=6fc9f5bf-9d19-4424-b095-dbd8051c5d1f, command=[]} | ret=SUCCESS |  
2019-08-29 23:15:35,796 | INFO  | SCMAudit | user=jenkins1000 | ip=192.168.5.176 | op=SEND_HEARTBEAT {datanodeUUID=7b8ea038-0abd-40f8-b5e6-235888bbf81b, command=[]} | ret=SUCCESS |  
2019-08-29 23:15:35,853 | INFO  | SCMAudit | user=jenkins1000 | ip=192.168.5.176 | op=SEND_HEARTBEAT {datanodeUUID=fdf38f52-984e-464b-b063-6b40bc579090, command=[]} | ret=SUCCESS |  
2019-08-29 23:15:35,921 | INFO  | SCMAudit | user=jenkins1000 | ip=192.168.5.176 | op=SEND_HEARTBEAT {datanodeUUID=b91667ad-dd07-438b-a2aa-20d994bbddf1, command=[]} | ret=SUCCESS |  
2019-08-29 23:15:36,489 [grpc-default-executor-0] INFO  client.GrpcClientProtocolClient (GrpcClientProtocolClient.java:onNext(255)) - client-5CFC44E75E5D->c2791d19-603b-4976-b3e9-7899a47ab15b: receive RaftClientReply:client-5CFC44E75E5D->c2791d19-603b-4976-b3e9-7899a47ab15b@group-E13997D93674, cid=45, FAILED org.apache.ratis.protocol.NotLeaderException: Server c2791d19-603b-4976-b3e9-7899a47ab15b is not the leader (c28b6833-03f3-43d7-88dd-1eb93de0674c:192.168.5.176:36768). Request must be sent to leader., logIndex=0, commits[c2791d19-603b-4976-b3e9-7899a47ab15b:c8, c28b6833-03f3-43d7-88dd-1eb93de0674c:c8, 91c146c8-9622-4fdf-af50-459baf835861:c8]
2019-08-29 23:15:36,638 | INFO  | SCMAudit | user=jenkins1000 | ip=192.168.5.176 | op=SEND_HEARTBEAT {datanodeUUID=c28b6833-03f3-43d7-88dd-1eb93de0674c, command=[]} | ret=SUCCESS |  
2019-08-29 23:15:36,666 | INFO  | SCMAudit | user=jenkins1000 | ip=192.168.5.176 | op=SEND_HEARTBEAT {datanodeUUID=91c146c8-9622-4fdf-af50-459baf835861, command=[]} | ret=SUCCESS |  
2019-08-29 23:15:36,666 | INFO  | SCMAudit | user=jenkins1000 | ip=192.168.5.176 | op=SEND_HEARTBEAT {datanodeUUID=c2791d19-603b-4976-b3e9-7899a47ab15b, command=[]} | ret=SUCCESS |  
2019-08-29 23:15:36,723 | INFO  | SCMAudit | user=jenkins1000 | ip=192.168.5.176 | op=SEND_HEARTBEAT {datanodeUUID=6fc9f5bf-9d19-4424-b095-dbd8051c5d1f, command=[]} | ret=SUCCESS |  
2019-08-29 23:15:36,796 | INFO  | SCMAudit | user=jenkins1000 | ip=192.168.5.176 | op=SEND_HEARTBEAT {datanodeUUID=7b8ea038-0abd-40f8-b5e6-235888bbf81b, command=[]} | ret=SUCCESS |  
2019-08-29 23:15:36,853 | INFO  | SCMAudit | user=jenkins1000 | ip=192.168.5.176 | op=SEND_HEARTBEAT {datanodeUUID=fdf38f52-984e-464b-b063-6b40bc579090, command=[]} | ret=SUCCESS |  
2019-08-29 23:15:36,922 | INFO  | SCMAudit | user=jenkins1000 | ip=192.168.5.176 | op=SEND_HEARTBEAT {datanodeUUID=b91667ad-dd07-438b-a2aa-20d994bbddf1, command=[]} | ret=SUCCESS |  
2019-08-29 23:15:37,638 | INFO  | SCMAudit | user=jenkins1000 | ip=192.168.5.176 | op=SEND_HEARTBEAT {datanodeUUID=c28b6833-03f3-43d7-88dd-1eb93de0674c, command=[]} | ret=SUCCESS |  
2019-08-29 23:15:37,666 | INFO  | SCMAudit | user=jenkins1000 | ip=192.168.5.176 | op=SEND_HEARTBEAT {datanodeUUID=c2791d19-603b-4976-b3e9-7899a47ab15b, command=[]} | ret=SUCCESS |  
2019-08-29 23:15:37,666 | INFO  | SCMAudit | user=jenkins1000 | ip=192.168.5.176 | op=SEND_HEARTBEAT {datanodeUUID=91c146c8-9622-4fdf-af50-459baf835861, command=[]} | ret=SUCCESS |  
2019-08-29 23:15:37,723 | INFO  | SCMAudit | user=jenkins1000 | ip=192.168.5.176 | op=SEND_HEARTBEAT {datanodeUUID=6fc9f5bf-9d19-4424-b095-dbd8051c5d1f, command=[]} | ret=SUCCESS |  
2019-08-29 23:15:37,797 | INFO  | SCMAudit | user=jenkins1000 | ip=192.168.5.176 | op=SEND_HEARTBEAT {datanodeUUID=7b8ea038-0abd-40f8-b5e6-235888bbf81b, command=[]} | ret=SUCCESS |  
2019-08-29 23:15:37,853 | INFO  | SCMAudit | user=jenkins1000 | ip=192.168.5.176 | op=SEND_HEARTBEAT {datanodeUUID=fdf38f52-984e-464b-b063-6b40bc579090, command=[]} | ret=SUCCESS |  
2019-08-29 23:15:37,921 | INFO  | SCMAudit | user=jenkins1000 | ip=192.168.5.176 | op=SEND_HEARTBEAT {datanodeUUID=b91667ad-dd07-438b-a2aa-20d994bbddf1, command=[]} | ret=SUCCESS |  
2019-08-29 23:15:38,639 | INFO  | SCMAudit | user=jenkins1000 | ip=192.168.5.176 | op=SEND_HEARTBEAT {datanodeUUID=c28b6833-03f3-43d7-88dd-1eb93de0674c, command=[]} | ret=SUCCESS |  
2019-08-29 23:15:38,666 | INFO  | SCMAudit | user=jenkins1000 | ip=192.168.5.176 | op=SEND_HEARTBEAT {datanodeUUID=91c146c8-9622-4fdf-af50-459baf835861, command=[]} | ret=SUCCESS |  
2019-08-29 23:15:38,666 | INFO  | SCMAudit | user=jenkins1000 | ip=192.168.5.176 | op=SEND_HEARTBEAT {datanodeUUID=c2791d19-603b-4976-b3e9-7899a47ab15b, command=[]} | ret=SUCCESS |  
2019-08-29 23:15:38,723 | INFO  | SCMAudit | user=jenkins1000 | ip=192.168.5.176 | op=SEND_HEARTBEAT {datanodeUUID=6fc9f5bf-9d19-4424-b095-dbd8051c5d1f, command=[]} | ret=SUCCESS |  
2019-08-29 23:15:38,797 | INFO  | SCMAudit | user=jenkins1000 | ip=192.168.5.176 | op=SEND_HEARTBEAT {datanodeUUID=7b8ea038-0abd-40f8-b5e6-235888bbf81b, command=[]} | ret=SUCCESS |  
2019-08-29 23:15:38,853 | INFO  | SCMAudit | user=jenkins1000 | ip=192.168.5.176 | op=SEND_HEARTBEAT {datanodeUUID=fdf38f52-984e-464b-b063-6b40bc579090, command=[]} | ret=SUCCESS |  
2019-08-29 23:15:38,922 | INFO  | SCMAudit | user=jenkins1000 | ip=192.168.5.176 | op=SEND_HEARTBEAT {datanodeUUID=b91667ad-dd07-438b-a2aa-20d994bbddf1, command=[]} | ret=SUCCESS |  
2019-08-29 23:15:39,639 | INFO  | SCMAudit | user=jenkins1000 | ip=192.168.5.176 | op=SEND_HEARTBEAT {datanodeUUID=c28b6833-03f3-43d7-88dd-1eb93de0674c, command=[]} | ret=SUCCESS |  
2019-08-29 23:15:39,666 | INFO  | SCMAudit | user=jenkins1000 | ip=192.168.5.176 | op=SEND_HEARTBEAT {datanodeUUID=91c146c8-9622-4fdf-af50-459baf835861, command=[]} | ret=SUCCESS |  
2019-08-29 23:15:39,666 | INFO  | SCMAudit | user=jenkins1000 | ip=192.168.5.176 | op=SEND_HEARTBEAT {datanodeUUID=c2791d19-603b-4976-b3e9-7899a47ab15b, command=[]} | ret=SUCCESS |  
2019-08-29 23:15:39,723 | INFO  | SCMAudit | user=jenkins1000 | ip=192.168.5.176 | op=SEND_HEARTBEAT {datanodeUUID=6fc9f5bf-9d19-4424-b095-dbd8051c5d1f, command=[]} | ret=SUCCESS |  
2019-08-29 23:15:39,797 | INFO  | SCMAudit | user=jenkins1000 | ip=192.168.5.176 | op=SEND_HEARTBEAT {datanodeUUID=7b8ea038-0abd-40f8-b5e6-235888bbf81b, command=[]} | ret=SUCCESS |  
2019-08-29 23:15:39,854 | INFO  | SCMAudit | user=jenkins1000 | ip=192.168.5.176 | op=SEND_HEARTBEAT {datanodeUUID=fdf38f52-984e-464b-b063-6b40bc579090, command=[]} | ret=SUCCESS |  
2019-08-29 23:15:39,922 | INFO  | SCMAudit | user=jenkins1000 | ip=192.168.5.176 | op=SEND_HEARTBEAT {datanodeUUID=b91667ad-dd07-438b-a2aa-20d994bbddf1, command=[]} | ret=SUCCESS |  
2019-08-29 23:15:40,638 | INFO  | SCMAudit | user=jenkins1000 | ip=192.168.5.176 | op=SEND_HEARTBEAT {datanodeUUID=c28b6833-03f3-43d7-88dd-1eb93de0674c, command=[]} | ret=SUCCESS |  
2019-08-29 23:15:40,666 | INFO  | SCMAudit | user=jenkins1000 | ip=192.168.5.176 | op=SEND_HEARTBEAT {datanodeUUID=c2791d19-603b-4976-b3e9-7899a47ab15b, command=[]} | ret=SUCCESS |  
2019-08-29 23:15:40,666 | INFO  | SCMAudit | user=jenkins1000 | ip=192.168.5.176 | op=SEND_HEARTBEAT {datanodeUUID=91c146c8-9622-4fdf-af50-459baf835861, command=[]} | ret=SUCCESS |  
2019-08-29 23:15:40,723 | INFO  | SCMAudit | user=jenkins1000 | ip=192.168.5.176 | op=SEND_HEARTBEAT {datanodeUUID=6fc9f5bf-9d19-4424-b095-dbd8051c5d1f, command=[]} | ret=SUCCESS |  
2019-08-29 23:15:40,797 | INFO  | SCMAudit | user=jenkins1000 | ip=192.168.5.176 | op=SEND_HEARTBEAT {datanodeUUID=7b8ea038-0abd-40f8-b5e6-235888bbf81b, command=[]} | ret=SUCCESS |  
2019-08-29 23:15:40,853 | INFO  | SCMAudit | user=jenkins1000 | ip=192.168.5.176 | op=SEND_HEARTBEAT {datanodeUUID=fdf38f52-984e-464b-b063-6b40bc579090, command=[]} | ret=SUCCESS |  
2019-08-29 23:15:40,923 | INFO  | SCMAudit | user=jenkins1000 | ip=192.168.5.176 | op=SEND_HEARTBEAT {datanodeUUID=b91667ad-dd07-438b-a2aa-20d994bbddf1, command=[]} | ret=SUCCESS |  
2019-08-29 23:15:41,562 [grpc-default-executor-2] INFO  client.GrpcClientProtocolClient (GrpcClientProtocolClient.java:onNext(255)) - client-5CFC44E75E5D->91c146c8-9622-4fdf-af50-459baf835861: receive RaftClientReply:client-5CFC44E75E5D->91c146c8-9622-4fdf-af50-459baf835861@group-E13997D93674, cid=45, FAILED org.apache.ratis.protocol.NotLeaderException: Server 91c146c8-9622-4fdf-af50-459baf835861 is not the leader (c28b6833-03f3-43d7-88dd-1eb93de0674c:192.168.5.176:36768). Request must be sent to leader., logIndex=0, commits[91c146c8-9622-4fdf-af50-459baf835861:c8, c2791d19-603b-4976-b3e9-7899a47ab15b:c8, c28b6833-03f3-43d7-88dd-1eb93de0674c:c8]
2019-08-29 23:15:41,638 | INFO  | SCMAudit | user=jenkins1000 | ip=192.168.5.176 | op=SEND_HEARTBEAT {datanodeUUID=c28b6833-03f3-43d7-88dd-1eb93de0674c, command=[]} | ret=SUCCESS |  
2019-08-29 23:15:41,665 | INFO  | SCMAudit | user=jenkins1000 | ip=192.168.5.176 | op=SEND_HEARTBEAT {datanodeUUID=91c146c8-9622-4fdf-af50-459baf835861, command=[]} | ret=SUCCESS |  
2019-08-29 23:15:41,666 | INFO  | SCMAudit | user=jenkins1000 | ip=192.168.5.176 | op=SEND_HEARTBEAT {datanodeUUID=c2791d19-603b-4976-b3e9-7899a47ab15b, command=[]} | ret=SUCCESS |  
2019-08-29 23:15:41,723 | INFO  | SCMAudit | user=jenkins1000 | ip=192.168.5.176 | op=SEND_HEARTBEAT {datanodeUUID=6fc9f5bf-9d19-4424-b095-dbd8051c5d1f, command=[]} | ret=SUCCESS |  
2019-08-29 23:15:41,797 | INFO  | SCMAudit | user=jenkins1000 | ip=192.168.5.176 | op=SEND_HEARTBEAT {datanodeUUID=7b8ea038-0abd-40f8-b5e6-235888bbf81b, command=[]} | ret=SUCCESS |  
2019-08-29 23:15:41,853 | INFO  | SCMAudit | user=jenkins1000 | ip=192.168.5.176 | op=SEND_HEARTBEAT {datanodeUUID=fdf38f52-984e-464b-b063-6b40bc579090, command=[]} | ret=SUCCESS |  
2019-08-29 23:15:41,922 | INFO  | SCMAudit | user=jenkins1000 | ip=192.168.5.176 | op=SEND_HEARTBEAT {datanodeUUID=b91667ad-dd07-438b-a2aa-20d994bbddf1, command=[]} | ret=SUCCESS |  
2019-08-29 23:15:42,638 | INFO  | SCMAudit | user=jenkins1000 | ip=192.168.5.176 | op=SEND_HEARTBEAT {datanodeUUID=c28b6833-03f3-43d7-88dd-1eb93de0674c, command=[]} | ret=SUCCESS |  
2019-08-29 23:15:42,666 | INFO  | SCMAudit | user=jenkins1000 | ip=192.168.5.176 | op=SEND_HEARTBEAT {datanodeUUID=91c146c8-9622-4fdf-af50-459baf835861, command=[]} | ret=SUCCESS |  
2019-08-29 23:15:42,666 | INFO  | SCMAudit | user=jenkins1000 | ip=192.168.5.176 | op=SEND_HEARTBEAT {datanodeUUID=c2791d19-603b-4976-b3e9-7899a47ab15b, command=[]} | ret=SUCCESS |  
2019-08-29 23:15:42,723 | INFO  | SCMAudit | user=jenkins1000 | ip=192.168.5.176 | op=SEND_HEARTBEAT {datanodeUUID=6fc9f5bf-9d19-4424-b095-dbd8051c5d1f, command=[]} | ret=SUCCESS |  
2019-08-29 23:15:42,797 | INFO  | SCMAudit | user=jenkins1000 | ip=192.168.5.176 | op=SEND_HEARTBEAT {datanodeUUID=7b8ea038-0abd-40f8-b5e6-235888bbf81b, command=[]} | ret=SUCCESS |  
2019-08-29 23:15:42,853 | INFO  | SCMAudit | user=jenkins1000 | ip=192.168.5.176 | op=SEND_HEARTBEAT {datanodeUUID=fdf38f52-984e-464b-b063-6b40bc579090, command=[]} | ret=SUCCESS |  
2019-08-29 23:15:42,922 | INFO  | SCMAudit | user=jenkins1000 | ip=192.168.5.176 | op=SEND_HEARTBEAT {datanodeUUID=b91667ad-dd07-438b-a2aa-20d994bbddf1, command=[]} | ret=SUCCESS |  
2019-08-29 23:15:43,639 | INFO  | SCMAudit | user=jenkins1000 | ip=192.168.5.176 | op=SEND_HEARTBEAT {datanodeUUID=c28b6833-03f3-43d7-88dd-1eb93de0674c, command=[]} | ret=SUCCESS |  
2019-08-29 23:15:43,665 | INFO  | SCMAudit | user=jenkins1000 | ip=192.168.5.176 | op=SEND_HEARTBEAT {datanodeUUID=c2791d19-603b-4976-b3e9-7899a47ab15b, command=[]} | ret=SUCCESS |  
2019-08-29 23:15:43,666 | INFO  | SCMAudit | user=jenkins1000 | ip=192.168.5.176 | op=SEND_HEARTBEAT {datanodeUUID=91c146c8-9622-4fdf-af50-459baf835861, command=[]} | ret=SUCCESS |  
2019-08-29 23:15:43,723 | INFO  | SCMAudit | user=jenkins1000 | ip=192.168.5.176 | op=SEND_HEARTBEAT {datanodeUUID=6fc9f5bf-9d19-4424-b095-dbd8051c5d1f, command=[]} | ret=SUCCESS |  
2019-08-29 23:15:43,797 | INFO  | SCMAudit | user=jenkins1000 | ip=192.168.5.176 | op=SEND_HEARTBEAT {datanodeUUID=7b8ea038-0abd-40f8-b5e6-235888bbf81b, command=[]} | ret=SUCCESS |  
2019-08-29 23:15:43,853 | INFO  | SCMAudit | user=jenkins1000 | ip=192.168.5.176 | op=SEND_HEARTBEAT {datanodeUUID=fdf38f52-984e-464b-b063-6b40bc579090, command=[]} | ret=SUCCESS |  
2019-08-29 23:15:43,922 | INFO  | SCMAudit | user=jenkins1000 | ip=192.168.5.176 | op=SEND_HEARTBEAT {datanodeUUID=b91667ad-dd07-438b-a2aa-20d994bbddf1, command=[]} | ret=SUCCESS |  
2019-08-29 23:15:44,641 | INFO  | SCMAudit | user=jenkins1000 | ip=192.168.5.176 | op=SEND_HEARTBEAT {datanodeUUID=c28b6833-03f3-43d7-88dd-1eb93de0674c, command=[]} | ret=SUCCESS |  
2019-08-29 23:15:44,666 | INFO  | SCMAudit | user=jenkins1000 | ip=192.168.5.176 | op=SEND_HEARTBEAT {datanodeUUID=c2791d19-603b-4976-b3e9-7899a47ab15b, command=[]} | ret=SUCCESS |  
2019-08-29 23:15:44,666 | INFO  | SCMAudit | user=jenkins1000 | ip=192.168.5.176 | op=SEND_HEARTBEAT {datanodeUUID=91c146c8-9622-4fdf-af50-459baf835861, command=[]} | ret=SUCCESS |  
2019-08-29 23:15:44,723 | INFO  | SCMAudit | user=jenkins1000 | ip=192.168.5.176 | op=SEND_HEARTBEAT {datanodeUUID=6fc9f5bf-9d19-4424-b095-dbd8051c5d1f, command=[]} | ret=SUCCESS |  
2019-08-29 23:15:44,797 | INFO  | SCMAudit | user=jenkins1000 | ip=192.168.5.176 | op=SEND_HEARTBEAT {datanodeUUID=7b8ea038-0abd-40f8-b5e6-235888bbf81b, command=[]} | ret=SUCCESS |  
2019-08-29 23:15:44,853 | INFO  | SCMAudit | user=jenkins1000 | ip=192.168.5.176 | op=SEND_HEARTBEAT {datanodeUUID=fdf38f52-984e-464b-b063-6b40bc579090, command=[]} | ret=SUCCESS |  
2019-08-29 23:15:44,922 | INFO  | SCMAudit | user=jenkins1000 | ip=192.168.5.176 | op=SEND_HEARTBEAT {datanodeUUID=b91667ad-dd07-438b-a2aa-20d994bbddf1, command=[]} | ret=SUCCESS |  
2019-08-29 23:15:45,639 | INFO  | SCMAudit | user=jenkins1000 | ip=192.168.5.176 | op=SEND_HEARTBEAT {datanodeUUID=c28b6833-03f3-43d7-88dd-1eb93de0674c, command=[]} | ret=SUCCESS |  
2019-08-29 23:15:45,666 | INFO  | SCMAudit | user=jenkins1000 | ip=192.168.5.176 | op=SEND_HEARTBEAT {datanodeUUID=c2791d19-603b-4976-b3e9-7899a47ab15b, command=[]} | ret=SUCCESS |  
2019-08-29 23:15:45,667 | INFO  | SCMAudit | user=jenkins1000 | ip=192.168.5.176 | op=SEND_HEARTBEAT {datanodeUUID=91c146c8-9622-4fdf-af50-459baf835861, command=[]} | ret=SUCCESS |  
2019-08-29 23:15:45,723 | INFO  | SCMAudit | user=jenkins1000 | ip=192.168.5.176 | op=SEND_HEARTBEAT {datanodeUUID=6fc9f5bf-9d19-4424-b095-dbd8051c5d1f, command=[]} | ret=SUCCESS |  
2019-08-29 23:15:45,797 | INFO  | SCMAudit | user=jenkins1000 | ip=192.168.5.176 | op=SEND_HEARTBEAT {datanodeUUID=7b8ea038-0abd-40f8-b5e6-235888bbf81b, command=[]} | ret=SUCCESS |  
2019-08-29 23:15:45,853 | INFO  | SCMAudit | user=jenkins1000 | ip=192.168.5.176 | op=SEND_HEARTBEAT {datanodeUUID=fdf38f52-984e-464b-b063-6b40bc579090, command=[]} | ret=SUCCESS |  
2019-08-29 23:15:45,922 | INFO  | SCMAudit | user=jenkins1000 | ip=192.168.5.176 | op=SEND_HEARTBEAT {datanodeUUID=b91667ad-dd07-438b-a2aa-20d994bbddf1, command=[]} | ret=SUCCESS |  
2019-08-29 23:15:46,620 [grpc-default-executor-0] INFO  client.GrpcClientProtocolClient (GrpcClientProtocolClient.java:onNext(255)) - client-5CFC44E75E5D->c2791d19-603b-4976-b3e9-7899a47ab15b: receive RaftClientReply:client-5CFC44E75E5D->c2791d19-603b-4976-b3e9-7899a47ab15b@group-E13997D93674, cid=45, FAILED org.apache.ratis.protocol.NotLeaderException: Server c2791d19-603b-4976-b3e9-7899a47ab15b is not the leader (c28b6833-03f3-43d7-88dd-1eb93de0674c:192.168.5.176:36768). Request must be sent to leader., logIndex=0, commits[c2791d19-603b-4976-b3e9-7899a47ab15b:c8, c28b6833-03f3-43d7-88dd-1eb93de0674c:c8, 91c146c8-9622-4fdf-af50-459baf835861:c8]
2019-08-29 23:15:46,640 | INFO  | SCMAudit | user=jenkins1000 | ip=192.168.5.176 | op=SEND_HEARTBEAT {datanodeUUID=c28b6833-03f3-43d7-88dd-1eb93de0674c, command=[]} | ret=SUCCESS |  
2019-08-29 23:15:46,666 | INFO  | SCMAudit | user=jenkins1000 | ip=192.168.5.176 | op=SEND_HEARTBEAT {datanodeUUID=c2791d19-603b-4976-b3e9-7899a47ab15b, command=[]} | ret=SUCCESS |  
2019-08-29 23:15:46,667 | INFO  | SCMAudit | user=jenkins1000 | ip=192.168.5.176 | op=SEND_HEARTBEAT {datanodeUUID=91c146c8-9622-4fdf-af50-459baf835861, command=[]} | ret=SUCCESS |  
2019-08-29 23:15:46,723 | INFO  | SCMAudit | user=jenkins1000 | ip=192.168.5.176 | op=SEND_HEARTBEAT {datanodeUUID=6fc9f5bf-9d19-4424-b095-dbd8051c5d1f, command=[]} | ret=SUCCESS |  
2019-08-29 23:15:46,797 | INFO  | SCMAudit | user=jenkins1000 | ip=192.168.5.176 | op=SEND_HEARTBEAT {datanodeUUID=7b8ea038-0abd-40f8-b5e6-235888bbf81b, command=[]} | ret=SUCCESS |  
2019-08-29 23:15:46,854 | INFO  | SCMAudit | user=jenkins1000 | ip=192.168.5.176 | op=SEND_HEARTBEAT {datanodeUUID=fdf38f52-984e-464b-b063-6b40bc579090, command=[]} | ret=SUCCESS |  
2019-08-29 23:15:46,923 | INFO  | SCMAudit | user=jenkins1000 | ip=192.168.5.176 | op=SEND_HEARTBEAT {datanodeUUID=b91667ad-dd07-438b-a2aa-20d994bbddf1, command=[]} | ret=SUCCESS |  
2019-08-29 23:15:47,639 | INFO  | SCMAudit | user=jenkins1000 | ip=192.168.5.176 | op=SEND_HEARTBEAT {datanodeUUID=c28b6833-03f3-43d7-88dd-1eb93de0674c, command=[]} | ret=SUCCESS |  
2019-08-29 23:15:47,666 | INFO  | SCMAudit | user=jenkins1000 | ip=192.168.5.176 | op=SEND_HEARTBEAT {datanodeUUID=c2791d19-603b-4976-b3e9-7899a47ab15b, command=[]} | ret=SUCCESS |  
2019-08-29 23:15:47,667 | INFO  | SCMAudit | user=jenkins1000 | ip=192.168.5.176 | op=SEND_HEARTBEAT {datanodeUUID=91c146c8-9622-4fdf-af50-459baf835861, command=[]} | ret=SUCCESS |  
2019-08-29 23:15:47,723 | INFO  | SCMAudit | user=jenkins1000 | ip=192.168.5.176 | op=SEND_HEARTBEAT {datanodeUUID=6fc9f5bf-9d19-4424-b095-dbd8051c5d1f, command=[]} | ret=SUCCESS |  
2019-08-29 23:15:47,797 | INFO  | SCMAudit | user=jenkins1000 | ip=192.168.5.176 | op=SEND_HEARTBEAT {datanodeUUID=7b8ea038-0abd-40f8-b5e6-235888bbf81b, command=[]} | ret=SUCCESS |  
2019-08-29 23:15:47,854 | INFO  | SCMAudit | user=jenkins1000 | ip=192.168.5.176 | op=SEND_HEARTBEAT {datanodeUUID=fdf38f52-984e-464b-b063-6b40bc579090, command=[]} | ret=SUCCESS |  
2019-08-29 23:15:47,923 | INFO  | SCMAudit | user=jenkins1000 | ip=192.168.5.176 | op=SEND_HEARTBEAT {datanodeUUID=b91667ad-dd07-438b-a2aa-20d994bbddf1, command=[]} | ret=SUCCESS |  
2019-08-29 23:15:48,642 | INFO  | SCMAudit | user=jenkins1000 | ip=192.168.5.176 | op=SEND_HEARTBEAT {datanodeUUID=c28b6833-03f3-43d7-88dd-1eb93de0674c, command=[]} | ret=SUCCESS |  
2019-08-29 23:15:48,665 | INFO  | SCMAudit | user=jenkins1000 | ip=192.168.5.176 | op=SEND_HEARTBEAT {datanodeUUID=c2791d19-603b-4976-b3e9-7899a47ab15b, command=[]} | ret=SUCCESS |  
2019-08-29 23:15:48,667 | INFO  | SCMAudit | user=jenkins1000 | ip=192.168.5.176 | op=SEND_HEARTBEAT {datanodeUUID=91c146c8-9622-4fdf-af50-459baf835861, command=[]} | ret=SUCCESS |  
2019-08-29 23:15:48,723 | INFO  | SCMAudit | user=jenkins1000 | ip=192.168.5.176 | op=SEND_HEARTBEAT {datanodeUUID=6fc9f5bf-9d19-4424-b095-dbd8051c5d1f, command=[]} | ret=SUCCESS |  
2019-08-29 23:15:48,797 | INFO  | SCMAudit | user=jenkins1000 | ip=192.168.5.176 | op=SEND_HEARTBEAT {datanodeUUID=7b8ea038-0abd-40f8-b5e6-235888bbf81b, command=[]} | ret=SUCCESS |  
2019-08-29 23:15:48,854 | INFO  | SCMAudit | user=jenkins1000 | ip=192.168.5.176 | op=SEND_HEARTBEAT {datanodeUUID=fdf38f52-984e-464b-b063-6b40bc579090, command=[]} | ret=SUCCESS |  
2019-08-29 23:15:48,923 | INFO  | SCMAudit | user=jenkins1000 | ip=192.168.5.176 | op=SEND_HEARTBEAT {datanodeUUID=b91667ad-dd07-438b-a2aa-20d994bbddf1, command=[]} | ret=SUCCESS |  
2019-08-29 23:15:49,642 | INFO  | SCMAudit | user=jenkins1000 | ip=192.168.5.176 | op=SEND_HEARTBEAT {datanodeUUID=c28b6833-03f3-43d7-88dd-1eb93de0674c, command=[]} | ret=SUCCESS |  
2019-08-29 23:15:49,666 | INFO  | SCMAudit | user=jenkins1000 | ip=192.168.5.176 | op=SEND_HEARTBEAT {datanodeUUID=c2791d19-603b-4976-b3e9-7899a47ab15b, command=[]} | ret=SUCCESS |  
2019-08-29 23:15:49,667 | INFO  | SCMAudit | user=jenkins1000 | ip=192.168.5.176 | op=SEND_HEARTBEAT {datanodeUUID=91c146c8-9622-4fdf-af50-459baf835861, command=[]} | ret=SUCCESS |  
2019-08-29 23:15:49,723 | INFO  | SCMAudit | user=jenkins1000 | ip=192.168.5.176 | op=SEND_HEARTBEAT {datanodeUUID=6fc9f5bf-9d19-4424-b095-dbd8051c5d1f, command=[]} | ret=SUCCESS |  
2019-08-29 23:15:49,797 | INFO  | SCMAudit | user=jenkins1000 | ip=192.168.5.176 | op=SEND_HEARTBEAT {datanodeUUID=7b8ea038-0abd-40f8-b5e6-235888bbf81b, command=[]} | ret=SUCCESS |  
2019-08-29 23:15:49,855 | INFO  | SCMAudit | user=jenkins1000 | ip=192.168.5.176 | op=SEND_HEARTBEAT {datanodeUUID=fdf38f52-984e-464b-b063-6b40bc579090, command=[]} | ret=SUCCESS |  
2019-08-29 23:15:49,922 | INFO  | SCMAudit | user=jenkins1000 | ip=192.168.5.176 | op=SEND_HEARTBEAT {datanodeUUID=b91667ad-dd07-438b-a2aa-20d994bbddf1, command=[]} | ret=SUCCESS |  
2019-08-29 23:15:50,643 | INFO  | SCMAudit | user=jenkins1000 | ip=192.168.5.176 | op=SEND_HEARTBEAT {datanodeUUID=c28b6833-03f3-43d7-88dd-1eb93de0674c, command=[]} | ret=SUCCESS |  
2019-08-29 23:15:50,666 | INFO  | SCMAudit | user=jenkins1000 | ip=192.168.5.176 | op=SEND_HEARTBEAT {datanodeUUID=c2791d19-603b-4976-b3e9-7899a47ab15b, command=[]} | ret=SUCCESS |  
2019-08-29 23:15:50,667 | INFO  | SCMAudit | user=jenkins1000 | ip=192.168.5.176 | op=SEND_HEARTBEAT {datanodeUUID=91c146c8-9622-4fdf-af50-459baf835861, command=[]} | ret=SUCCESS |  
2019-08-29 23:15:50,723 | INFO  | SCMAudit | user=jenkins1000 | ip=192.168.5.176 | op=SEND_HEARTBEAT {datanodeUUID=6fc9f5bf-9d19-4424-b095-dbd8051c5d1f, command=[]} | ret=SUCCESS |  
2019-08-29 23:15:50,797 | INFO  | SCMAudit | user=jenkins1000 | ip=192.168.5.176 | op=SEND_HEARTBEAT {datanodeUUID=7b8ea038-0abd-40f8-b5e6-235888bbf81b, command=[]} | ret=SUCCESS |  
2019-08-29 23:15:50,855 | INFO  | SCMAudit | user=jenkins1000 | ip=192.168.5.176 | op=SEND_HEARTBEAT {datanodeUUID=fdf38f52-984e-464b-b063-6b40bc579090, command=[]} | ret=SUCCESS |  
2019-08-29 23:15:50,923 | INFO  | SCMAudit | user=jenkins1000 | ip=192.168.5.176 | op=SEND_HEARTBEAT {datanodeUUID=b91667ad-dd07-438b-a2aa-20d994bbddf1, command=[]} | ret=SUCCESS |  
2019-08-29 23:15:51,643 | INFO  | SCMAudit | user=jenkins1000 | ip=192.168.5.176 | op=SEND_HEARTBEAT {datanodeUUID=c28b6833-03f3-43d7-88dd-1eb93de0674c, command=[]} | ret=SUCCESS |  
2019-08-29 23:15:51,666 | INFO  | SCMAudit | user=jenkins1000 | ip=192.168.5.176 | op=SEND_HEARTBEAT {datanodeUUID=c2791d19-603b-4976-b3e9-7899a47ab15b, command=[]} | ret=SUCCESS |  
2019-08-29 23:15:51,667 | INFO  | SCMAudit | user=jenkins1000 | ip=192.168.5.176 | op=SEND_HEARTBEAT {datanodeUUID=91c146c8-9622-4fdf-af50-459baf835861, command=[]} | ret=SUCCESS |  
2019-08-29 23:15:51,685 [grpc-default-executor-2] INFO  client.GrpcClientProtocolClient (GrpcClientProtocolClient.java:onNext(255)) - client-5CFC44E75E5D->c2791d19-603b-4976-b3e9-7899a47ab15b: receive RaftClientReply:client-5CFC44E75E5D->c2791d19-603b-4976-b3e9-7899a47ab15b@group-E13997D93674, cid=45, FAILED org.apache.ratis.protocol.NotLeaderException: Server c2791d19-603b-4976-b3e9-7899a47ab15b is not the leader (c28b6833-03f3-43d7-88dd-1eb93de0674c:192.168.5.176:36768). Request must be sent to leader., logIndex=0, commits[c2791d19-603b-4976-b3e9-7899a47ab15b:c8, c28b6833-03f3-43d7-88dd-1eb93de0674c:c8, 91c146c8-9622-4fdf-af50-459baf835861:c8]
2019-08-29 23:15:51,723 | INFO  | SCMAudit | user=jenkins1000 | ip=192.168.5.176 | op=SEND_HEARTBEAT {datanodeUUID=6fc9f5bf-9d19-4424-b095-dbd8051c5d1f, command=[]} | ret=SUCCESS |  
2019-08-29 23:15:51,797 | INFO  | SCMAudit | user=jenkins1000 | ip=192.168.5.176 | op=SEND_HEARTBEAT {datanodeUUID=7b8ea038-0abd-40f8-b5e6-235888bbf81b, command=[]} | ret=SUCCESS |  
2019-08-29 23:15:51,854 | INFO  | SCMAudit | user=jenkins1000 | ip=192.168.5.176 | op=SEND_HEARTBEAT {datanodeUUID=fdf38f52-984e-464b-b063-6b40bc579090, command=[]} | ret=SUCCESS |  
2019-08-29 23:15:51,923 | INFO  | SCMAudit | user=jenkins1000 | ip=192.168.5.176 | op=SEND_HEARTBEAT {datanodeUUID=b91667ad-dd07-438b-a2aa-20d994bbddf1, command=[]} | ret=SUCCESS |  
2019-08-29 23:15:52,643 | INFO  | SCMAudit | user=jenkins1000 | ip=192.168.5.176 | op=SEND_HEARTBEAT {datanodeUUID=c28b6833-03f3-43d7-88dd-1eb93de0674c, command=[]} | ret=SUCCESS |  
2019-08-29 23:15:52,666 | INFO  | SCMAudit | user=jenkins1000 | ip=192.168.5.176 | op=SEND_HEARTBEAT {datanodeUUID=c2791d19-603b-4976-b3e9-7899a47ab15b, command=[]} | ret=SUCCESS |  
2019-08-29 23:15:52,667 | INFO  | SCMAudit | user=jenkins1000 | ip=192.168.5.176 | op=SEND_HEARTBEAT {datanodeUUID=91c146c8-9622-4fdf-af50-459baf835861, command=[]} | ret=SUCCESS |  
2019-08-29 23:15:52,723 | INFO  | SCMAudit | user=jenkins1000 | ip=192.168.5.176 | op=SEND_HEARTBEAT {datanodeUUID=6fc9f5bf-9d19-4424-b095-dbd8051c5d1f, command=[]} | ret=SUCCESS |  
2019-08-29 23:15:52,798 | INFO  | SCMAudit | user=jenkins1000 | ip=192.168.5.176 | op=SEND_HEARTBEAT {datanodeUUID=7b8ea038-0abd-40f8-b5e6-235888bbf81b, command=[]} | ret=SUCCESS |  
2019-08-29 23:15:52,855 | INFO  | SCMAudit | user=jenkins1000 | ip=192.168.5.176 | op=SEND_HEARTBEAT {datanodeUUID=fdf38f52-984e-464b-b063-6b40bc579090, command=[]} | ret=SUCCESS |  
2019-08-29 23:15:52,923 | INFO  | SCMAudit | user=jenkins1000 | ip=192.168.5.176 | op=SEND_HEARTBEAT {datanodeUUID=b91667ad-dd07-438b-a2aa-20d994bbddf1, command=[]} | ret=SUCCESS |  
2019-08-29 23:15:53,644 | INFO  | SCMAudit | user=jenkins1000 | ip=192.168.5.176 | op=SEND_HEARTBEAT {datanodeUUID=c28b6833-03f3-43d7-88dd-1eb93de0674c, command=[]} | ret=SUCCESS |  
2019-08-29 23:15:53,666 | INFO  | SCMAudit | user=jenkins1000 | ip=192.168.5.176 | op=SEND_HEARTBEAT {datanodeUUID=c2791d19-603b-4976-b3e9-7899a47ab15b, command=[]} | ret=SUCCESS |  
2019-08-29 23:15:53,667 | INFO  | SCMAudit | user=jenkins1000 | ip=192.168.5.176 | op=SEND_HEARTBEAT {datanodeUUID=91c146c8-9622-4fdf-af50-459baf835861, command=[]} | ret=SUCCESS |  
2019-08-29 23:15:53,723 | INFO  | SCMAudit | user=jenkins1000 | ip=192.168.5.176 | op=SEND_HEARTBEAT {datanodeUUID=6fc9f5bf-9d19-4424-b095-dbd8051c5d1f, command=[]} | ret=SUCCESS |  
2019-08-29 23:15:53,798 | INFO  | SCMAudit | user=jenkins1000 | ip=192.168.5.176 | op=SEND_HEARTBEAT {datanodeUUID=7b8ea038-0abd-40f8-b5e6-235888bbf81b, command=[]} | ret=SUCCESS |  
2019-08-29 23:15:53,855 | INFO  | SCMAudit | user=jenkins1000 | ip=192.168.5.176 | op=SEND_HEARTBEAT {datanodeUUID=fdf38f52-984e-464b-b063-6b40bc579090, command=[]} | ret=SUCCESS |  
2019-08-29 23:15:53,923 | INFO  | SCMAudit | user=jenkins1000 | ip=192.168.5.176 | op=SEND_HEARTBEAT {datanodeUUID=b91667ad-dd07-438b-a2aa-20d994bbddf1, command=[]} | ret=SUCCESS |  
2019-08-29 23:15:54,645 | INFO  | SCMAudit | user=jenkins1000 | ip=192.168.5.176 | op=SEND_HEARTBEAT {datanodeUUID=c28b6833-03f3-43d7-88dd-1eb93de0674c, command=[]} | ret=SUCCESS |  
2019-08-29 23:15:54,666 | INFO  | SCMAudit | user=jenkins1000 | ip=192.168.5.176 | op=SEND_HEARTBEAT {datanodeUUID=c2791d19-603b-4976-b3e9-7899a47ab15b, command=[]} | ret=SUCCESS |  
2019-08-29 23:15:54,667 | INFO  | SCMAudit | user=jenkins1000 | ip=192.168.5.176 | op=SEND_HEARTBEAT {datanodeUUID=91c146c8-9622-4fdf-af50-459baf835861, command=[]} | ret=SUCCESS |  
2019-08-29 23:15:54,724 | INFO  | SCMAudit | user=jenkins1000 | ip=192.168.5.176 | op=SEND_HEARTBEAT {datanodeUUID=6fc9f5bf-9d19-4424-b095-dbd8051c5d1f, command=[]} | ret=SUCCESS |  
2019-08-29 23:15:54,798 | INFO  | SCMAudit | user=jenkins1000 | ip=192.168.5.176 | op=SEND_HEARTBEAT {datanodeUUID=7b8ea038-0abd-40f8-b5e6-235888bbf81b, command=[]} | ret=SUCCESS |  
2019-08-29 23:15:54,856 | INFO  | SCMAudit | user=jenkins1000 | ip=192.168.5.176 | op=SEND_HEARTBEAT {datanodeUUID=fdf38f52-984e-464b-b063-6b40bc579090, command=[]} | ret=SUCCESS |  
2019-08-29 23:15:54,923 | INFO  | SCMAudit | user=jenkins1000 | ip=192.168.5.176 | op=SEND_HEARTBEAT {datanodeUUID=b91667ad-dd07-438b-a2aa-20d994bbddf1, command=[]} | ret=SUCCESS |  
2019-08-29 23:15:55,645 | INFO  | SCMAudit | user=jenkins1000 | ip=192.168.5.176 | op=SEND_HEARTBEAT {datanodeUUID=c28b6833-03f3-43d7-88dd-1eb93de0674c, command=[]} | ret=SUCCESS |  
2019-08-29 23:15:55,666 | INFO  | SCMAudit | user=jenkins1000 | ip=192.168.5.176 | op=SEND_HEARTBEAT {datanodeUUID=c2791d19-603b-4976-b3e9-7899a47ab15b, command=[]} | ret=SUCCESS |  
2019-08-29 23:15:55,668 | INFO  | SCMAudit | user=jenkins1000 | ip=192.168.5.176 | op=SEND_HEARTBEAT {datanodeUUID=91c146c8-9622-4fdf-af50-459baf835861, command=[]} | ret=SUCCESS |  
2019-08-29 23:15:55,724 | INFO  | SCMAudit | user=jenkins1000 | ip=192.168.5.176 | op=SEND_HEARTBEAT {datanodeUUID=6fc9f5bf-9d19-4424-b095-dbd8051c5d1f, command=[]} | ret=SUCCESS |  
2019-08-29 23:15:55,798 | INFO  | SCMAudit | user=jenkins1000 | ip=192.168.5.176 | op=SEND_HEARTBEAT {datanodeUUID=7b8ea038-0abd-40f8-b5e6-235888bbf81b, command=[]} | ret=SUCCESS |  
2019-08-29 23:15:55,856 | INFO  | SCMAudit | user=jenkins1000 | ip=192.168.5.176 | op=SEND_HEARTBEAT {datanodeUUID=fdf38f52-984e-464b-b063-6b40bc579090, command=[]} | ret=SUCCESS |  
2019-08-29 23:15:55,923 | INFO  | SCMAudit | user=jenkins1000 | ip=192.168.5.176 | op=SEND_HEARTBEAT {datanodeUUID=b91667ad-dd07-438b-a2aa-20d994bbddf1, command=[]} | ret=SUCCESS |  
2019-08-29 23:15:56,645 | INFO  | SCMAudit | user=jenkins1000 | ip=192.168.5.176 | op=SEND_HEARTBEAT {datanodeUUID=c28b6833-03f3-43d7-88dd-1eb93de0674c, command=[]} | ret=SUCCESS |  
2019-08-29 23:15:56,667 | INFO  | SCMAudit | user=jenkins1000 | ip=192.168.5.176 | op=SEND_HEARTBEAT {datanodeUUID=c2791d19-603b-4976-b3e9-7899a47ab15b, command=[]} | ret=SUCCESS |  
2019-08-29 23:15:56,668 | INFO  | SCMAudit | user=jenkins1000 | ip=192.168.5.176 | op=SEND_HEARTBEAT {datanodeUUID=91c146c8-9622-4fdf-af50-459baf835861, command=[]} | ret=SUCCESS |  
2019-08-29 23:15:56,726 | INFO  | SCMAudit | user=jenkins1000 | ip=192.168.5.176 | op=SEND_HEARTBEAT {datanodeUUID=6fc9f5bf-9d19-4424-b095-dbd8051c5d1f, command=[]} | ret=SUCCESS |  
2019-08-29 23:15:56,727 [grpc-default-executor-2] INFO  client.GrpcClientProtocolClient (GrpcClientProtocolClient.java:onNext(255)) - client-5CFC44E75E5D->c2791d19-603b-4976-b3e9-7899a47ab15b: receive RaftClientReply:client-5CFC44E75E5D->c2791d19-603b-4976-b3e9-7899a47ab15b@group-E13997D93674, cid=45, FAILED org.apache.ratis.protocol.NotLeaderException: Server c2791d19-603b-4976-b3e9-7899a47ab15b is not the leader (c28b6833-03f3-43d7-88dd-1eb93de0674c:192.168.5.176:36768). Request must be sent to leader., logIndex=0, commits[c2791d19-603b-4976-b3e9-7899a47ab15b:c8, c28b6833-03f3-43d7-88dd-1eb93de0674c:c8, 91c146c8-9622-4fdf-af50-459baf835861:c8]
2019-08-29 23:15:56,798 | INFO  | SCMAudit | user=jenkins1000 | ip=192.168.5.176 | op=SEND_HEARTBEAT {datanodeUUID=7b8ea038-0abd-40f8-b5e6-235888bbf81b, command=[]} | ret=SUCCESS |  
2019-08-29 23:15:56,857 | INFO  | SCMAudit | user=jenkins1000 | ip=192.168.5.176 | op=SEND_HEARTBEAT {datanodeUUID=fdf38f52-984e-464b-b063-6b40bc579090, command=[]} | ret=SUCCESS |  
2019-08-29 23:15:56,924 | INFO  | SCMAudit | user=jenkins1000 | ip=192.168.5.176 | op=SEND_HEARTBEAT {datanodeUUID=b91667ad-dd07-438b-a2aa-20d994bbddf1, command=[]} | ret=SUCCESS |  
2019-08-29 23:15:57,645 | INFO  | SCMAudit | user=jenkins1000 | ip=192.168.5.176 | op=SEND_HEARTBEAT {datanodeUUID=c28b6833-03f3-43d7-88dd-1eb93de0674c, command=[]} | ret=SUCCESS |  
2019-08-29 23:15:57,668 | INFO  | SCMAudit | user=jenkins1000 | ip=192.168.5.176 | op=SEND_HEARTBEAT {datanodeUUID=c2791d19-603b-4976-b3e9-7899a47ab15b, command=[]} | ret=SUCCESS |  
2019-08-29 23:15:57,668 | INFO  | SCMAudit | user=jenkins1000 | ip=192.168.5.176 | op=SEND_HEARTBEAT {datanodeUUID=91c146c8-9622-4fdf-af50-459baf835861, command=[]} | ret=SUCCESS |  
2019-08-29 23:15:57,727 | INFO  | SCMAudit | user=jenkins1000 | ip=192.168.5.176 | op=SEND_HEARTBEAT {datanodeUUID=6fc9f5bf-9d19-4424-b095-dbd8051c5d1f, command=[]} | ret=SUCCESS |  
2019-08-29 23:15:57,798 | INFO  | SCMAudit | user=jenkins1000 | ip=192.168.5.176 | op=SEND_HEARTBEAT {datanodeUUID=7b8ea038-0abd-40f8-b5e6-235888bbf81b, command=[]} | ret=SUCCESS |  
2019-08-29 23:15:57,857 | INFO  | SCMAudit | user=jenkins1000 | ip=192.168.5.176 | op=SEND_HEARTBEAT {datanodeUUID=fdf38f52-984e-464b-b063-6b40bc579090, command=[]} | ret=SUCCESS |  
2019-08-29 23:15:57,923 | INFO  | SCMAudit | user=jenkins1000 | ip=192.168.5.176 | op=SEND_HEARTBEAT {datanodeUUID=b91667ad-dd07-438b-a2aa-20d994bbddf1, command=[]} | ret=SUCCESS |  
2019-08-29 23:15:58,646 | INFO  | SCMAudit | user=jenkins1000 | ip=192.168.5.176 | op=SEND_HEARTBEAT {datanodeUUID=c28b6833-03f3-43d7-88dd-1eb93de0674c, command=[]} | ret=SUCCESS |  
2019-08-29 23:15:58,668 | INFO  | SCMAudit | user=jenkins1000 | ip=192.168.5.176 | op=SEND_HEARTBEAT {datanodeUUID=c2791d19-603b-4976-b3e9-7899a47ab15b, command=[]} | ret=SUCCESS |  
2019-08-29 23:15:58,668 | INFO  | SCMAudit | user=jenkins1000 | ip=192.168.5.176 | op=SEND_HEARTBEAT {datanodeUUID=91c146c8-9622-4fdf-af50-459baf835861, command=[]} | ret=SUCCESS |  
2019-08-29 23:15:58,727 | INFO  | SCMAudit | user=jenkins1000 | ip=192.168.5.176 | op=SEND_HEARTBEAT {datanodeUUID=6fc9f5bf-9d19-4424-b095-dbd8051c5d1f, command=[]} | ret=SUCCESS |  
2019-08-29 23:15:58,799 | INFO  | SCMAudit | user=jenkins1000 | ip=192.168.5.176 | op=SEND_HEARTBEAT {datanodeUUID=7b8ea038-0abd-40f8-b5e6-235888bbf81b, command=[]} | ret=SUCCESS |  
2019-08-29 23:15:58,857 | INFO  | SCMAudit | user=jenkins1000 | ip=192.168.5.176 | op=SEND_HEARTBEAT {datanodeUUID=fdf38f52-984e-464b-b063-6b40bc579090, command=[]} | ret=SUCCESS |  
2019-08-29 23:15:58,923 | INFO  | SCMAudit | user=jenkins1000 | ip=192.168.5.176 | op=SEND_HEARTBEAT {datanodeUUID=b91667ad-dd07-438b-a2aa-20d994bbddf1, command=[]} | ret=SUCCESS |  
2019-08-29 23:15:59,646 | INFO  | SCMAudit | user=jenkins1000 | ip=192.168.5.176 | op=SEND_HEARTBEAT {datanodeUUID=c28b6833-03f3-43d7-88dd-1eb93de0674c, command=[]} | ret=SUCCESS |  
2019-08-29 23:15:59,668 | INFO  | SCMAudit | user=jenkins1000 | ip=192.168.5.176 | op=SEND_HEARTBEAT {datanodeUUID=91c146c8-9622-4fdf-af50-459baf835861, command=[]} | ret=SUCCESS |  
2019-08-29 23:15:59,668 | INFO  | SCMAudit | user=jenkins1000 | ip=192.168.5.176 | op=SEND_HEARTBEAT {datanodeUUID=c2791d19-603b-4976-b3e9-7899a47ab15b, command=[]} | ret=SUCCESS |  
2019-08-29 23:15:59,728 | INFO  | SCMAudit | user=jenkins1000 | ip=192.168.5.176 | op=SEND_HEARTBEAT {datanodeUUID=6fc9f5bf-9d19-4424-b095-dbd8051c5d1f, command=[]} | ret=SUCCESS |  
2019-08-29 23:15:59,799 | INFO  | SCMAudit | user=jenkins1000 | ip=192.168.5.176 | op=SEND_HEARTBEAT {datanodeUUID=7b8ea038-0abd-40f8-b5e6-235888bbf81b, command=[]} | ret=SUCCESS |  
2019-08-29 23:15:59,857 | INFO  | SCMAudit | user=jenkins1000 | ip=192.168.5.176 | op=SEND_HEARTBEAT {datanodeUUID=fdf38f52-984e-464b-b063-6b40bc579090, command=[]} | ret=SUCCESS |  
2019-08-29 23:15:59,923 | INFO  | SCMAudit | user=jenkins1000 | ip=192.168.5.176 | op=SEND_HEARTBEAT {datanodeUUID=b91667ad-dd07-438b-a2aa-20d994bbddf1, command=[]} | ret=SUCCESS |  
2019-08-29 23:16:00,647 | INFO  | SCMAudit | user=jenkins1000 | ip=192.168.5.176 | op=SEND_HEARTBEAT {datanodeUUID=c28b6833-03f3-43d7-88dd-1eb93de0674c, command=[]} | ret=SUCCESS |  
2019-08-29 23:16:00,668 | INFO  | SCMAudit | user=jenkins1000 | ip=192.168.5.176 | op=SEND_HEARTBEAT {datanodeUUID=91c146c8-9622-4fdf-af50-459baf835861, command=[]} | ret=SUCCESS |  
2019-08-29 23:16:00,668 | INFO  | SCMAudit | user=jenkins1000 | ip=192.168.5.176 | op=SEND_HEARTBEAT {datanodeUUID=c2791d19-603b-4976-b3e9-7899a47ab15b, command=[]} | ret=SUCCESS |  
2019-08-29 23:16:00,727 | INFO  | SCMAudit | user=jenkins1000 | ip=192.168.5.176 | op=SEND_HEARTBEAT {datanodeUUID=6fc9f5bf-9d19-4424-b095-dbd8051c5d1f, command=[]} | ret=SUCCESS |  
2019-08-29 23:16:00,799 | INFO  | SCMAudit | user=jenkins1000 | ip=192.168.5.176 | op=SEND_HEARTBEAT {datanodeUUID=7b8ea038-0abd-40f8-b5e6-235888bbf81b, command=[]} | ret=SUCCESS |  
2019-08-29 23:16:00,857 | INFO  | SCMAudit | user=jenkins1000 | ip=192.168.5.176 | op=SEND_HEARTBEAT {datanodeUUID=fdf38f52-984e-464b-b063-6b40bc579090, command=[]} | ret=SUCCESS |  
2019-08-29 23:16:00,923 | INFO  | SCMAudit | user=jenkins1000 | ip=192.168.5.176 | op=SEND_HEARTBEAT {datanodeUUID=b91667ad-dd07-438b-a2aa-20d994bbddf1, command=[]} | ret=SUCCESS |  
2019-08-29 23:16:01,646 | INFO  | SCMAudit | user=jenkins1000 | ip=192.168.5.176 | op=SEND_HEARTBEAT {datanodeUUID=c28b6833-03f3-43d7-88dd-1eb93de0674c, command=[]} | ret=SUCCESS |  
2019-08-29 23:16:01,668 | INFO  | SCMAudit | user=jenkins1000 | ip=192.168.5.176 | op=SEND_HEARTBEAT {datanodeUUID=c2791d19-603b-4976-b3e9-7899a47ab15b, command=[]} | ret=SUCCESS |  
2019-08-29 23:16:01,668 | INFO  | SCMAudit | user=jenkins1000 | ip=192.168.5.176 | op=SEND_HEARTBEAT {datanodeUUID=91c146c8-9622-4fdf-af50-459baf835861, command=[]} | ret=SUCCESS |  
2019-08-29 23:16:01,727 | INFO  | SCMAudit | user=jenkins1000 | ip=192.168.5.176 | op=SEND_HEARTBEAT {datanodeUUID=6fc9f5bf-9d19-4424-b095-dbd8051c5d1f, command=[]} | ret=SUCCESS |  
2019-08-29 23:16:01,765 [grpc-default-executor-0] INFO  client.GrpcClientProtocolClient (GrpcClientProtocolClient.java:onNext(255)) - client-5CFC44E75E5D->c2791d19-603b-4976-b3e9-7899a47ab15b: receive RaftClientReply:client-5CFC44E75E5D->c2791d19-603b-4976-b3e9-7899a47ab15b@group-E13997D93674, cid=45, FAILED org.apache.ratis.protocol.NotLeaderException: Server c2791d19-603b-4976-b3e9-7899a47ab15b is not the leader (c28b6833-03f3-43d7-88dd-1eb93de0674c:192.168.5.176:36768). Request must be sent to leader., logIndex=0, commits[c2791d19-603b-4976-b3e9-7899a47ab15b:c8, c28b6833-03f3-43d7-88dd-1eb93de0674c:c8, 91c146c8-9622-4fdf-af50-459baf835861:c8]
2019-08-29 23:16:01,799 | INFO  | SCMAudit | user=jenkins1000 | ip=192.168.5.176 | op=SEND_HEARTBEAT {datanodeUUID=7b8ea038-0abd-40f8-b5e6-235888bbf81b, command=[]} | ret=SUCCESS |  
2019-08-29 23:16:01,857 | INFO  | SCMAudit | user=jenkins1000 | ip=192.168.5.176 | op=SEND_HEARTBEAT {datanodeUUID=fdf38f52-984e-464b-b063-6b40bc579090, command=[]} | ret=SUCCESS |  
2019-08-29 23:16:01,923 | INFO  | SCMAudit | user=jenkins1000 | ip=192.168.5.176 | op=SEND_HEARTBEAT {datanodeUUID=b91667ad-dd07-438b-a2aa-20d994bbddf1, command=[]} | ret=SUCCESS |  
2019-08-29 23:16:02,646 | INFO  | SCMAudit | user=jenkins1000 | ip=192.168.5.176 | op=SEND_HEARTBEAT {datanodeUUID=c28b6833-03f3-43d7-88dd-1eb93de0674c, command=[]} | ret=SUCCESS |  
2019-08-29 23:16:02,668 | INFO  | SCMAudit | user=jenkins1000 | ip=192.168.5.176 | op=SEND_HEARTBEAT {datanodeUUID=c2791d19-603b-4976-b3e9-7899a47ab15b, command=[]} | ret=SUCCESS |  
2019-08-29 23:16:02,668 | INFO  | SCMAudit | user=jenkins1000 | ip=192.168.5.176 | op=SEND_HEARTBEAT {datanodeUUID=91c146c8-9622-4fdf-af50-459baf835861, command=[]} | ret=SUCCESS |  
2019-08-29 23:16:02,727 | INFO  | SCMAudit | user=jenkins1000 | ip=192.168.5.176 | op=SEND_HEARTBEAT {datanodeUUID=6fc9f5bf-9d19-4424-b095-dbd8051c5d1f, command=[]} | ret=SUCCESS |  
2019-08-29 23:16:02,799 | INFO  | SCMAudit | user=jenkins1000 | ip=192.168.5.176 | op=SEND_HEARTBEAT {datanodeUUID=7b8ea038-0abd-40f8-b5e6-235888bbf81b, command=[]} | ret=SUCCESS |  
2019-08-29 23:16:02,858 | INFO  | SCMAudit | user=jenkins1000 | ip=192.168.5.176 | op=SEND_HEARTBEAT {datanodeUUID=fdf38f52-984e-464b-b063-6b40bc579090, command=[]} | ret=SUCCESS |  
2019-08-29 23:16:02,923 | INFO  | SCMAudit | user=jenkins1000 | ip=192.168.5.176 | op=SEND_HEARTBEAT {datanodeUUID=b91667ad-dd07-438b-a2aa-20d994bbddf1, command=[]} | ret=SUCCESS |  
2019-08-29 23:16:03,646 | INFO  | SCMAudit | user=jenkins1000 | ip=192.168.5.176 | op=SEND_HEARTBEAT {datanodeUUID=c28b6833-03f3-43d7-88dd-1eb93de0674c, command=[]} | ret=SUCCESS |  
2019-08-29 23:16:03,668 | INFO  | SCMAudit | user=jenkins1000 | ip=192.168.5.176 | op=SEND_HEARTBEAT {datanodeUUID=c2791d19-603b-4976-b3e9-7899a47ab15b, command=[]} | ret=SUCCESS |  
2019-08-29 23:16:03,669 | INFO  | SCMAudit | user=jenkins1000 | ip=192.168.5.176 | op=SEND_HEARTBEAT {datanodeUUID=91c146c8-9622-4fdf-af50-459baf835861, command=[]} | ret=SUCCESS |  
2019-08-29 23:16:03,727 | INFO  | SCMAudit | user=jenkins1000 | ip=192.168.5.176 | op=SEND_HEARTBEAT {datanodeUUID=6fc9f5bf-9d19-4424-b095-dbd8051c5d1f, command=[]} | ret=SUCCESS |  
2019-08-29 23:16:03,799 | INFO  | SCMAudit | user=jenkins1000 | ip=192.168.5.176 | op=SEND_HEARTBEAT {datanodeUUID=7b8ea038-0abd-40f8-b5e6-235888bbf81b, command=[]} | ret=SUCCESS |  
2019-08-29 23:16:03,858 | INFO  | SCMAudit | user=jenkins1000 | ip=192.168.5.176 | op=SEND_HEARTBEAT {datanodeUUID=fdf38f52-984e-464b-b063-6b40bc579090, command=[]} | ret=SUCCESS |  
2019-08-29 23:16:03,924 | INFO  | SCMAudit | user=jenkins1000 | ip=192.168.5.176 | op=SEND_HEARTBEAT {datanodeUUID=b91667ad-dd07-438b-a2aa-20d994bbddf1, command=[]} | ret=SUCCESS |  
2019-08-29 23:16:04,646 | INFO  | SCMAudit | user=jenkins1000 | ip=192.168.5.176 | op=SEND_HEARTBEAT {datanodeUUID=c28b6833-03f3-43d7-88dd-1eb93de0674c, command=[]} | ret=SUCCESS |  
2019-08-29 23:16:04,669 | INFO  | SCMAudit | user=jenkins1000 | ip=192.168.5.176 | op=SEND_HEARTBEAT {datanodeUUID=c2791d19-603b-4976-b3e9-7899a47ab15b, command=[]} | ret=SUCCESS |  
2019-08-29 23:16:04,669 | INFO  | SCMAudit | user=jenkins1000 | ip=192.168.5.176 | op=SEND_HEARTBEAT {datanodeUUID=91c146c8-9622-4fdf-af50-459baf835861, command=[]} | ret=SUCCESS |  
2019-08-29 23:16:04,727 | INFO  | SCMAudit | user=jenkins1000 | ip=192.168.5.176 | op=SEND_HEARTBEAT {datanodeUUID=6fc9f5bf-9d19-4424-b095-dbd8051c5d1f, command=[]} | ret=SUCCESS |  
2019-08-29 23:16:04,800 | INFO  | SCMAudit | user=jenkins1000 | ip=192.168.5.176 | op=SEND_HEARTBEAT {datanodeUUID=7b8ea038-0abd-40f8-b5e6-235888bbf81b, command=[]} | ret=SUCCESS |  
2019-08-29 23:16:04,858 | INFO  | SCMAudit | user=jenkins1000 | ip=192.168.5.176 | op=SEND_HEARTBEAT {datanodeUUID=fdf38f52-984e-464b-b063-6b40bc579090, command=[]} | ret=SUCCESS |  
2019-08-29 23:16:04,924 | INFO  | SCMAudit | user=jenkins1000 | ip=192.168.5.176 | op=SEND_HEARTBEAT {datanodeUUID=b91667ad-dd07-438b-a2aa-20d994bbddf1, command=[]} | ret=SUCCESS |  
2019-08-29 23:16:05,646 | INFO  | SCMAudit | user=jenkins1000 | ip=192.168.5.176 | op=SEND_HEARTBEAT {datanodeUUID=c28b6833-03f3-43d7-88dd-1eb93de0674c, command=[]} | ret=SUCCESS |  
2019-08-29 23:16:05,669 | INFO  | SCMAudit | user=jenkins1000 | ip=192.168.5.176 | op=SEND_HEARTBEAT {datanodeUUID=c2791d19-603b-4976-b3e9-7899a47ab15b, command=[]} | ret=SUCCESS |  
2019-08-29 23:16:05,669 | INFO  | SCMAudit | user=jenkins1000 | ip=192.168.5.176 | op=SEND_HEARTBEAT {datanodeUUID=91c146c8-9622-4fdf-af50-459baf835861, command=[]} | ret=SUCCESS |  
2019-08-29 23:16:05,727 | INFO  | SCMAudit | user=jenkins1000 | ip=192.168.5.176 | op=SEND_HEARTBEAT {datanodeUUID=6fc9f5bf-9d19-4424-b095-dbd8051c5d1f, command=[]} | ret=SUCCESS |  
2019-08-29 23:16:05,800 | INFO  | SCMAudit | user=jenkins1000 | ip=192.168.5.176 | op=SEND_HEARTBEAT {datanodeUUID=7b8ea038-0abd-40f8-b5e6-235888bbf81b, command=[]} | ret=SUCCESS |  
2019-08-29 23:16:05,858 | INFO  | SCMAudit | user=jenkins1000 | ip=192.168.5.176 | op=SEND_HEARTBEAT {datanodeUUID=fdf38f52-984e-464b-b063-6b40bc579090, command=[]} | ret=SUCCESS |  
2019-08-29 23:16:05,924 | INFO  | SCMAudit | user=jenkins1000 | ip=192.168.5.176 | op=SEND_HEARTBEAT {datanodeUUID=b91667ad-dd07-438b-a2aa-20d994bbddf1, command=[]} | ret=SUCCESS |  
2019-08-29 23:16:06,647 | INFO  | SCMAudit | user=jenkins1000 | ip=192.168.5.176 | op=SEND_HEARTBEAT {datanodeUUID=c28b6833-03f3-43d7-88dd-1eb93de0674c, command=[]} | ret=SUCCESS |  
2019-08-29 23:16:06,669 | INFO  | SCMAudit | user=jenkins1000 | ip=192.168.5.176 | op=SEND_HEARTBEAT {datanodeUUID=91c146c8-9622-4fdf-af50-459baf835861, command=[]} | ret=SUCCESS |  
2019-08-29 23:16:06,669 | INFO  | SCMAudit | user=jenkins1000 | ip=192.168.5.176 | op=SEND_HEARTBEAT {datanodeUUID=c2791d19-603b-4976-b3e9-7899a47ab15b, command=[]} | ret=SUCCESS |  
2019-08-29 23:16:06,727 | INFO  | SCMAudit | user=jenkins1000 | ip=192.168.5.176 | op=SEND_HEARTBEAT {datanodeUUID=6fc9f5bf-9d19-4424-b095-dbd8051c5d1f, command=[]} | ret=SUCCESS |  
2019-08-29 23:16:06,800 | INFO  | SCMAudit | user=jenkins1000 | ip=192.168.5.176 | op=SEND_HEARTBEAT {datanodeUUID=7b8ea038-0abd-40f8-b5e6-235888bbf81b, command=[]} | ret=SUCCESS |  
2019-08-29 23:16:06,811 [grpc-default-executor-0] INFO  client.GrpcClientProtocolClient (GrpcClientProtocolClient.java:onNext(255)) - client-5CFC44E75E5D->91c146c8-9622-4fdf-af50-459baf835861: receive RaftClientReply:client-5CFC44E75E5D->91c146c8-9622-4fdf-af50-459baf835861@group-E13997D93674, cid=45, FAILED org.apache.ratis.protocol.NotLeaderException: Server 91c146c8-9622-4fdf-af50-459baf835861 is not the leader (c28b6833-03f3-43d7-88dd-1eb93de0674c:192.168.5.176:36768). Request must be sent to leader., logIndex=0, commits[91c146c8-9622-4fdf-af50-459baf835861:c8, c2791d19-603b-4976-b3e9-7899a47ab15b:c8, c28b6833-03f3-43d7-88dd-1eb93de0674c:c8]
2019-08-29 23:16:06,858 | INFO  | SCMAudit | user=jenkins1000 | ip=192.168.5.176 | op=SEND_HEARTBEAT {datanodeUUID=fdf38f52-984e-464b-b063-6b40bc579090, command=[]} | ret=SUCCESS |  
2019-08-29 23:16:06,925 | INFO  | SCMAudit | user=jenkins1000 | ip=192.168.5.176 | op=SEND_HEARTBEAT {datanodeUUID=b91667ad-dd07-438b-a2aa-20d994bbddf1, command=[]} | ret=SUCCESS |  
2019-08-29 23:16:07,646 | INFO  | SCMAudit | user=jenkins1000 | ip=192.168.5.176 | op=SEND_HEARTBEAT {datanodeUUID=c28b6833-03f3-43d7-88dd-1eb93de0674c, command=[]} | ret=SUCCESS |  
2019-08-29 23:16:07,669 | INFO  | SCMAudit | user=jenkins1000 | ip=192.168.5.176 | op=SEND_HEARTBEAT {datanodeUUID=91c146c8-9622-4fdf-af50-459baf835861, command=[]} | ret=SUCCESS |  
2019-08-29 23:16:07,669 | INFO  | SCMAudit | user=jenkins1000 | ip=192.168.5.176 | op=SEND_HEARTBEAT {datanodeUUID=c2791d19-603b-4976-b3e9-7899a47ab15b, command=[]} | ret=SUCCESS |  
2019-08-29 23:16:07,727 | INFO  | SCMAudit | user=jenkins1000 | ip=192.168.5.176 | op=SEND_HEARTBEAT {datanodeUUID=6fc9f5bf-9d19-4424-b095-dbd8051c5d1f, command=[]} | ret=SUCCESS |  
2019-08-29 23:16:07,800 | INFO  | SCMAudit | user=jenkins1000 | ip=192.168.5.176 | op=SEND_HEARTBEAT {datanodeUUID=7b8ea038-0abd-40f8-b5e6-235888bbf81b, command=[]} | ret=SUCCESS |  
2019-08-29 23:16:07,858 | INFO  | SCMAudit | user=jenkins1000 | ip=192.168.5.176 | op=SEND_HEARTBEAT {datanodeUUID=fdf38f52-984e-464b-b063-6b40bc579090, command=[]} | ret=SUCCESS |  
2019-08-29 23:16:07,925 | INFO  | SCMAudit | user=jenkins1000 | ip=192.168.5.176 | op=SEND_HEARTBEAT {datanodeUUID=b91667ad-dd07-438b-a2aa-20d994bbddf1, command=[]} | ret=SUCCESS |  
2019-08-29 23:16:08,646 | INFO  | SCMAudit | user=jenkins1000 | ip=192.168.5.176 | op=SEND_HEARTBEAT {datanodeUUID=c28b6833-03f3-43d7-88dd-1eb93de0674c, command=[]} | ret=SUCCESS |  
2019-08-29 23:16:08,669 | INFO  | SCMAudit | user=jenkins1000 | ip=192.168.5.176 | op=SEND_HEARTBEAT {datanodeUUID=91c146c8-9622-4fdf-af50-459baf835861, command=[]} | ret=SUCCESS |  
2019-08-29 23:16:08,669 | INFO  | SCMAudit | user=jenkins1000 | ip=192.168.5.176 | op=SEND_HEARTBEAT {datanodeUUID=c2791d19-603b-4976-b3e9-7899a47ab15b, command=[]} | ret=SUCCESS |  
2019-08-29 23:16:08,726 | INFO  | SCMAudit | user=jenkins1000 | ip=192.168.5.176 | op=SEND_HEARTBEAT {datanodeUUID=6fc9f5bf-9d19-4424-b095-dbd8051c5d1f, command=[]} | ret=SUCCESS |  
2019-08-29 23:16:08,801 | INFO  | SCMAudit | user=jenkins1000 | ip=192.168.5.176 | op=SEND_HEARTBEAT {datanodeUUID=7b8ea038-0abd-40f8-b5e6-235888bbf81b, command=[]} | ret=SUCCESS |  
2019-08-29 23:16:08,859 | INFO  | SCMAudit | user=jenkins1000 | ip=192.168.5.176 | op=SEND_HEARTBEAT {datanodeUUID=fdf38f52-984e-464b-b063-6b40bc579090, command=[]} | ret=SUCCESS |  
2019-08-29 23:16:08,925 | INFO  | SCMAudit | user=jenkins1000 | ip=192.168.5.176 | op=SEND_HEARTBEAT {datanodeUUID=b91667ad-dd07-438b-a2aa-20d994bbddf1, command=[]} | ret=SUCCESS |  
2019-08-29 23:16:09,646 | INFO  | SCMAudit | user=jenkins1000 | ip=192.168.5.176 | op=SEND_HEARTBEAT {datanodeUUID=c28b6833-03f3-43d7-88dd-1eb93de0674c, command=[]} | ret=SUCCESS |  
2019-08-29 23:16:09,669 | INFO  | SCMAudit | user=jenkins1000 | ip=192.168.5.176 | op=SEND_HEARTBEAT {datanodeUUID=91c146c8-9622-4fdf-af50-459baf835861, command=[]} | ret=SUCCESS |  
2019-08-29 23:16:09,669 | INFO  | SCMAudit | user=jenkins1000 | ip=192.168.5.176 | op=SEND_HEARTBEAT {datanodeUUID=c2791d19-603b-4976-b3e9-7899a47ab15b, command=[]} | ret=SUCCESS |  
2019-08-29 23:16:09,727 | INFO  | SCMAudit | user=jenkins1000 | ip=192.168.5.176 | op=SEND_HEARTBEAT {datanodeUUID=6fc9f5bf-9d19-4424-b095-dbd8051c5d1f, command=[]} | ret=SUCCESS |  
2019-08-29 23:16:09,801 | INFO  | SCMAudit | user=jenkins1000 | ip=192.168.5.176 | op=SEND_HEARTBEAT {datanodeUUID=7b8ea038-0abd-40f8-b5e6-235888bbf81b, command=[]} | ret=SUCCESS |  
2019-08-29 23:16:09,859 | INFO  | SCMAudit | user=jenkins1000 | ip=192.168.5.176 | op=SEND_HEARTBEAT {datanodeUUID=fdf38f52-984e-464b-b063-6b40bc579090, command=[]} | ret=SUCCESS |  
2019-08-29 23:16:09,925 | INFO  | SCMAudit | user=jenkins1000 | ip=192.168.5.176 | op=SEND_HEARTBEAT {datanodeUUID=b91667ad-dd07-438b-a2aa-20d994bbddf1, command=[]} | ret=SUCCESS |  
2019-08-29 23:16:10,647 | INFO  | SCMAudit | user=jenkins1000 | ip=192.168.5.176 | op=SEND_HEARTBEAT {datanodeUUID=c28b6833-03f3-43d7-88dd-1eb93de0674c, command=[]} | ret=SUCCESS |  
2019-08-29 23:16:10,669 | INFO  | SCMAudit | user=jenkins1000 | ip=192.168.5.176 | op=SEND_HEARTBEAT {datanodeUUID=91c146c8-9622-4fdf-af50-459baf835861, command=[]} | ret=SUCCESS |  
2019-08-29 23:16:10,669 | INFO  | SCMAudit | user=jenkins1000 | ip=192.168.5.176 | op=SEND_HEARTBEAT {datanodeUUID=c2791d19-603b-4976-b3e9-7899a47ab15b, command=[]} | ret=SUCCESS |  
2019-08-29 23:16:10,728 | INFO  | SCMAudit | user=jenkins1000 | ip=192.168.5.176 | op=SEND_HEARTBEAT {datanodeUUID=6fc9f5bf-9d19-4424-b095-dbd8051c5d1f, command=[]} | ret=SUCCESS |  
2019-08-29 23:16:10,801 | INFO  | SCMAudit | user=jenkins1000 | ip=192.168.5.176 | op=SEND_HEARTBEAT {datanodeUUID=7b8ea038-0abd-40f8-b5e6-235888bbf81b, command=[]} | ret=SUCCESS |  
2019-08-29 23:16:10,860 | INFO  | SCMAudit | user=jenkins1000 | ip=192.168.5.176 | op=SEND_HEARTBEAT {datanodeUUID=fdf38f52-984e-464b-b063-6b40bc579090, command=[]} | ret=SUCCESS |  
2019-08-29 23:16:10,925 | INFO  | SCMAudit | user=jenkins1000 | ip=192.168.5.176 | op=SEND_HEARTBEAT {datanodeUUID=b91667ad-dd07-438b-a2aa-20d994bbddf1, command=[]} | ret=SUCCESS |  
2019-08-29 23:16:11,647 | INFO  | SCMAudit | user=jenkins1000 | ip=192.168.5.176 | op=SEND_HEARTBEAT {datanodeUUID=c28b6833-03f3-43d7-88dd-1eb93de0674c, command=[]} | ret=SUCCESS |  
2019-08-29 23:16:11,669 | INFO  | SCMAudit | user=jenkins1000 | ip=192.168.5.176 | op=SEND_HEARTBEAT {datanodeUUID=91c146c8-9622-4fdf-af50-459baf835861, command=[]} | ret=SUCCESS |  
2019-08-29 23:16:11,669 | INFO  | SCMAudit | user=jenkins1000 | ip=192.168.5.176 | op=SEND_HEARTBEAT {datanodeUUID=c2791d19-603b-4976-b3e9-7899a47ab15b, command=[]} | ret=SUCCESS |  
2019-08-29 23:16:11,728 | INFO  | SCMAudit | user=jenkins1000 | ip=192.168.5.176 | op=SEND_HEARTBEAT {datanodeUUID=6fc9f5bf-9d19-4424-b095-dbd8051c5d1f, command=[]} | ret=SUCCESS |  
2019-08-29 23:16:11,801 | INFO  | SCMAudit | user=jenkins1000 | ip=192.168.5.176 | op=SEND_HEARTBEAT {datanodeUUID=7b8ea038-0abd-40f8-b5e6-235888bbf81b, command=[]} | ret=SUCCESS |  
2019-08-29 23:16:11,847 [grpc-default-executor-0] INFO  client.GrpcClientProtocolClient (GrpcClientProtocolClient.java:onNext(255)) - client-5CFC44E75E5D->c2791d19-603b-4976-b3e9-7899a47ab15b: receive RaftClientReply:client-5CFC44E75E5D->c2791d19-603b-4976-b3e9-7899a47ab15b@group-E13997D93674, cid=45, FAILED org.apache.ratis.protocol.NotLeaderException: Server c2791d19-603b-4976-b3e9-7899a47ab15b is not the leader (c28b6833-03f3-43d7-88dd-1eb93de0674c:192.168.5.176:36768). Request must be sent to leader., logIndex=0, commits[c2791d19-603b-4976-b3e9-7899a47ab15b:c8, c28b6833-03f3-43d7-88dd-1eb93de0674c:c8, 91c146c8-9622-4fdf-af50-459baf835861:c8]
2019-08-29 23:16:11,862 | INFO  | SCMAudit | user=jenkins1000 | ip=192.168.5.176 | op=SEND_HEARTBEAT {datanodeUUID=fdf38f52-984e-464b-b063-6b40bc579090, command=[]} | ret=SUCCESS |  
2019-08-29 23:16:11,926 | INFO  | SCMAudit | user=jenkins1000 | ip=192.168.5.176 | op=SEND_HEARTBEAT {datanodeUUID=b91667ad-dd07-438b-a2aa-20d994bbddf1, command=[]} | ret=SUCCESS |  
2019-08-29 23:16:12,647 | INFO  | SCMAudit | user=jenkins1000 | ip=192.168.5.176 | op=SEND_HEARTBEAT {datanodeUUID=c28b6833-03f3-43d7-88dd-1eb93de0674c, command=[]} | ret=SUCCESS |  
2019-08-29 23:16:12,669 | INFO  | SCMAudit | user=jenkins1000 | ip=192.168.5.176 | op=SEND_HEARTBEAT {datanodeUUID=91c146c8-9622-4fdf-af50-459baf835861, command=[]} | ret=SUCCESS |  
2019-08-29 23:16:12,669 | INFO  | SCMAudit | user=jenkins1000 | ip=192.168.5.176 | op=SEND_HEARTBEAT {datanodeUUID=c2791d19-603b-4976-b3e9-7899a47ab15b, command=[]} | ret=SUCCESS |  
2019-08-29 23:16:12,728 | INFO  | SCMAudit | user=jenkins1000 | ip=192.168.5.176 | op=SEND_HEARTBEAT {datanodeUUID=6fc9f5bf-9d19-4424-b095-dbd8051c5d1f, command=[]} | ret=SUCCESS |  
2019-08-29 23:16:12,802 | INFO  | SCMAudit | user=jenkins1000 | ip=192.168.5.176 | op=SEND_HEARTBEAT {datanodeUUID=7b8ea038-0abd-40f8-b5e6-235888bbf81b, command=[]} | ret=SUCCESS |  
2019-08-29 23:16:12,866 | INFO  | SCMAudit | user=jenkins1000 | ip=192.168.5.176 | op=SEND_HEARTBEAT {datanodeUUID=fdf38f52-984e-464b-b063-6b40bc579090, command=[]} | ret=SUCCESS |  
2019-08-29 23:16:12,926 | INFO  | SCMAudit | user=jenkins1000 | ip=192.168.5.176 | op=SEND_HEARTBEAT {datanodeUUID=b91667ad-dd07-438b-a2aa-20d994bbddf1, command=[]} | ret=SUCCESS |  
2019-08-29 23:16:13,648 | INFO  | SCMAudit | user=jenkins1000 | ip=192.168.5.176 | op=SEND_HEARTBEAT {datanodeUUID=c28b6833-03f3-43d7-88dd-1eb93de0674c, command=[]} | ret=SUCCESS |  
2019-08-29 23:16:13,669 | INFO  | SCMAudit | user=jenkins1000 | ip=192.168.5.176 | op=SEND_HEARTBEAT {datanodeUUID=91c146c8-9622-4fdf-af50-459baf835861, command=[]} | ret=SUCCESS |  
2019-08-29 23:16:13,670 | INFO  | SCMAudit | user=jenkins1000 | ip=192.168.5.176 | op=SEND_HEARTBEAT {datanodeUUID=c2791d19-603b-4976-b3e9-7899a47ab15b, command=[]} | ret=SUCCESS |  
2019-08-29 23:16:13,728 | INFO  | SCMAudit | user=jenkins1000 | ip=192.168.5.176 | op=SEND_HEARTBEAT {datanodeUUID=6fc9f5bf-9d19-4424-b095-dbd8051c5d1f, command=[]} | ret=SUCCESS |  
2019-08-29 23:16:13,801 | INFO  | SCMAudit | user=jenkins1000 | ip=192.168.5.176 | op=SEND_HEARTBEAT {datanodeUUID=7b8ea038-0abd-40f8-b5e6-235888bbf81b, command=[]} | ret=SUCCESS |  
2019-08-29 23:16:13,870 | INFO  | SCMAudit | user=jenkins1000 | ip=192.168.5.176 | op=SEND_HEARTBEAT {datanodeUUID=fdf38f52-984e-464b-b063-6b40bc579090, command=[]} | ret=SUCCESS |  
2019-08-29 23:16:13,926 | INFO  | SCMAudit | user=jenkins1000 | ip=192.168.5.176 | op=SEND_HEARTBEAT {datanodeUUID=b91667ad-dd07-438b-a2aa-20d994bbddf1, command=[]} | ret=SUCCESS |  
2019-08-29 23:16:14,647 | INFO  | SCMAudit | user=jenkins1000 | ip=192.168.5.176 | op=SEND_HEARTBEAT {datanodeUUID=c28b6833-03f3-43d7-88dd-1eb93de0674c, command=[]} | ret=SUCCESS |  
2019-08-29 23:16:14,669 | INFO  | SCMAudit | user=jenkins1000 | ip=192.168.5.176 | op=SEND_HEARTBEAT {datanodeUUID=91c146c8-9622-4fdf-af50-459baf835861, command=[]} | ret=SUCCESS |  
2019-08-29 23:16:14,670 | INFO  | SCMAudit | user=jenkins1000 | ip=192.168.5.176 | op=SEND_HEARTBEAT {datanodeUUID=c2791d19-603b-4976-b3e9-7899a47ab15b, command=[]} | ret=SUCCESS |  
2019-08-29 23:16:14,728 | INFO  | SCMAudit | user=jenkins1000 | ip=192.168.5.176 | op=SEND_HEARTBEAT {datanodeUUID=6fc9f5bf-9d19-4424-b095-dbd8051c5d1f, command=[]} | ret=SUCCESS |  
2019-08-29 23:16:14,801 | INFO  | SCMAudit | user=jenkins1000 | ip=192.168.5.176 | op=SEND_HEARTBEAT {datanodeUUID=7b8ea038-0abd-40f8-b5e6-235888bbf81b, command=[]} | ret=SUCCESS |  
2019-08-29 23:16:14,866 | INFO  | SCMAudit | user=jenkins1000 | ip=192.168.5.176 | op=SEND_HEARTBEAT {datanodeUUID=fdf38f52-984e-464b-b063-6b40bc579090, command=[]} | ret=SUCCESS |  
2019-08-29 23:16:14,926 | INFO  | SCMAudit | user=jenkins1000 | ip=192.168.5.176 | op=SEND_HEARTBEAT {datanodeUUID=b91667ad-dd07-438b-a2aa-20d994bbddf1, command=[]} | ret=SUCCESS |  
2019-08-29 23:16:15,648 | INFO  | SCMAudit | user=jenkins1000 | ip=192.168.5.176 | op=SEND_HEARTBEAT {datanodeUUID=c28b6833-03f3-43d7-88dd-1eb93de0674c, command=[]} | ret=SUCCESS |  
2019-08-29 23:16:15,670 | INFO  | SCMAudit | user=jenkins1000 | ip=192.168.5.176 | op=SEND_HEARTBEAT {datanodeUUID=91c146c8-9622-4fdf-af50-459baf835861, command=[]} | ret=SUCCESS |  
2019-08-29 23:16:15,670 | INFO  | SCMAudit | user=jenkins1000 | ip=192.168.5.176 | op=SEND_HEARTBEAT {datanodeUUID=c2791d19-603b-4976-b3e9-7899a47ab15b, command=[]} | ret=SUCCESS |  
2019-08-29 23:16:15,729 | INFO  | SCMAudit | user=jenkins1000 | ip=192.168.5.176 | op=SEND_HEARTBEAT {datanodeUUID=6fc9f5bf-9d19-4424-b095-dbd8051c5d1f, command=[]} | ret=SUCCESS |  
2019-08-29 23:16:15,801 | INFO  | SCMAudit | user=jenkins1000 | ip=192.168.5.176 | op=SEND_HEARTBEAT {datanodeUUID=7b8ea038-0abd-40f8-b5e6-235888bbf81b, command=[]} | ret=SUCCESS |  
2019-08-29 23:16:15,872 | INFO  | SCMAudit | user=jenkins1000 | ip=192.168.5.176 | op=SEND_HEARTBEAT {datanodeUUID=fdf38f52-984e-464b-b063-6b40bc579090, command=[]} | ret=SUCCESS |  
2019-08-29 23:16:15,927 | INFO  | SCMAudit | user=jenkins1000 | ip=192.168.5.176 | op=SEND_HEARTBEAT {datanodeUUID=b91667ad-dd07-438b-a2aa-20d994bbddf1, command=[]} | ret=SUCCESS |  
2019-08-29 23:16:16,648 | INFO  | SCMAudit | user=jenkins1000 | ip=192.168.5.176 | op=SEND_HEARTBEAT {datanodeUUID=c28b6833-03f3-43d7-88dd-1eb93de0674c, command=[]} | ret=SUCCESS |  
2019-08-29 23:16:16,669 | INFO  | SCMAudit | user=jenkins1000 | ip=192.168.5.176 | op=SEND_HEARTBEAT {datanodeUUID=91c146c8-9622-4fdf-af50-459baf835861, command=[]} | ret=SUCCESS |  
2019-08-29 23:16:16,670 | INFO  | SCMAudit | user=jenkins1000 | ip=192.168.5.176 | op=SEND_HEARTBEAT {datanodeUUID=c2791d19-603b-4976-b3e9-7899a47ab15b, command=[]} | ret=SUCCESS |  
2019-08-29 23:16:16,729 | INFO  | SCMAudit | user=jenkins1000 | ip=192.168.5.176 | op=SEND_HEARTBEAT {datanodeUUID=6fc9f5bf-9d19-4424-b095-dbd8051c5d1f, command=[]} | ret=SUCCESS |  
2019-08-29 23:16:16,802 | INFO  | SCMAudit | user=jenkins1000 | ip=192.168.5.176 | op=SEND_HEARTBEAT {datanodeUUID=7b8ea038-0abd-40f8-b5e6-235888bbf81b, command=[]} | ret=SUCCESS |  
2019-08-29 23:16:16,869 | INFO  | SCMAudit | user=jenkins1000 | ip=192.168.5.176 | op=SEND_HEARTBEAT {datanodeUUID=fdf38f52-984e-464b-b063-6b40bc579090, command=[]} | ret=SUCCESS |  
2019-08-29 23:16:16,910 [grpc-default-executor-0] INFO  client.GrpcClientProtocolClient (GrpcClientProtocolClient.java:onNext(255)) - client-5CFC44E75E5D->c2791d19-603b-4976-b3e9-7899a47ab15b: receive RaftClientReply:client-5CFC44E75E5D->c2791d19-603b-4976-b3e9-7899a47ab15b@group-E13997D93674, cid=45, FAILED org.apache.ratis.protocol.NotLeaderException: Server c2791d19-603b-4976-b3e9-7899a47ab15b is not the leader (c28b6833-03f3-43d7-88dd-1eb93de0674c:192.168.5.176:36768). Request must be sent to leader., logIndex=0, commits[c2791d19-603b-4976-b3e9-7899a47ab15b:c8, c28b6833-03f3-43d7-88dd-1eb93de0674c:c8, 91c146c8-9622-4fdf-af50-459baf835861:c8]
2019-08-29 23:16:16,927 | INFO  | SCMAudit | user=jenkins1000 | ip=192.168.5.176 | op=SEND_HEARTBEAT {datanodeUUID=b91667ad-dd07-438b-a2aa-20d994bbddf1, command=[]} | ret=SUCCESS |  
2019-08-29 23:16:17,648 | INFO  | SCMAudit | user=jenkins1000 | ip=192.168.5.176 | op=SEND_HEARTBEAT {datanodeUUID=c28b6833-03f3-43d7-88dd-1eb93de0674c, command=[]} | ret=SUCCESS |  
2019-08-29 23:16:17,669 | INFO  | SCMAudit | user=jenkins1000 | ip=192.168.5.176 | op=SEND_HEARTBEAT {datanodeUUID=91c146c8-9622-4fdf-af50-459baf835861, command=[]} | ret=SUCCESS |  
2019-08-29 23:16:17,670 | INFO  | SCMAudit | user=jenkins1000 | ip=192.168.5.176 | op=SEND_HEARTBEAT {datanodeUUID=c2791d19-603b-4976-b3e9-7899a47ab15b, command=[]} | ret=SUCCESS |  
2019-08-29 23:16:17,729 | INFO  | SCMAudit | user=jenkins1000 | ip=192.168.5.176 | op=SEND_HEARTBEAT {datanodeUUID=6fc9f5bf-9d19-4424-b095-dbd8051c5d1f, command=[]} | ret=SUCCESS |  
2019-08-29 23:16:17,802 | INFO  | SCMAudit | user=jenkins1000 | ip=192.168.5.176 | op=SEND_HEARTBEAT {datanodeUUID=7b8ea038-0abd-40f8-b5e6-235888bbf81b, command=[]} | ret=SUCCESS |  
2019-08-29 23:16:17,870 | INFO  | SCMAudit | user=jenkins1000 | ip=192.168.5.176 | op=SEND_HEARTBEAT {datanodeUUID=fdf38f52-984e-464b-b063-6b40bc579090, command=[]} | ret=SUCCESS |  
2019-08-29 23:16:17,927 | INFO  | SCMAudit | user=jenkins1000 | ip=192.168.5.176 | op=SEND_HEARTBEAT {datanodeUUID=b91667ad-dd07-438b-a2aa-20d994bbddf1, command=[]} | ret=SUCCESS |  
2019-08-29 23:16:18,647 | INFO  | SCMAudit | user=jenkins1000 | ip=192.168.5.176 | op=SEND_HEARTBEAT {datanodeUUID=c28b6833-03f3-43d7-88dd-1eb93de0674c, command=[]} | ret=SUCCESS |  
2019-08-29 23:16:18,669 | INFO  | SCMAudit | user=jenkins1000 | ip=192.168.5.176 | op=SEND_HEARTBEAT {datanodeUUID=91c146c8-9622-4fdf-af50-459baf835861, command=[]} | ret=SUCCESS |  
2019-08-29 23:16:18,670 | INFO  | SCMAudit | user=jenkins1000 | ip=192.168.5.176 | op=SEND_HEARTBEAT {datanodeUUID=c2791d19-603b-4976-b3e9-7899a47ab15b, command=[]} | ret=SUCCESS |  
2019-08-29 23:16:18,729 | INFO  | SCMAudit | user=jenkins1000 | ip=192.168.5.176 | op=SEND_HEARTBEAT {datanodeUUID=6fc9f5bf-9d19-4424-b095-dbd8051c5d1f, command=[]} | ret=SUCCESS |  
2019-08-29 23:16:18,802 | INFO  | SCMAudit | user=jenkins1000 | ip=192.168.5.176 | op=SEND_HEARTBEAT {datanodeUUID=7b8ea038-0abd-40f8-b5e6-235888bbf81b, command=[]} | ret=SUCCESS |  
2019-08-29 23:16:18,870 | INFO  | SCMAudit | user=jenkins1000 | ip=192.168.5.176 | op=SEND_HEARTBEAT {datanodeUUID=fdf38f52-984e-464b-b063-6b40bc579090, command=[]} | ret=SUCCESS |  
2019-08-29 23:16:18,927 | INFO  | SCMAudit | user=jenkins1000 | ip=192.168.5.176 | op=SEND_HEARTBEAT {datanodeUUID=b91667ad-dd07-438b-a2aa-20d994bbddf1, command=[]} | ret=SUCCESS |  
2019-08-29 23:16:19,647 | INFO  | SCMAudit | user=jenkins1000 | ip=192.168.5.176 | op=SEND_HEARTBEAT {datanodeUUID=c28b6833-03f3-43d7-88dd-1eb93de0674c, command=[]} | ret=SUCCESS |  
2019-08-29 23:16:19,669 | INFO  | SCMAudit | user=jenkins1000 | ip=192.168.5.176 | op=SEND_HEARTBEAT {datanodeUUID=91c146c8-9622-4fdf-af50-459baf835861, command=[]} | ret=SUCCESS |  
2019-08-29 23:16:19,670 | INFO  | SCMAudit | user=jenkins1000 | ip=192.168.5.176 | op=SEND_HEARTBEAT {datanodeUUID=c2791d19-603b-4976-b3e9-7899a47ab15b, command=[]} | ret=SUCCESS |  
2019-08-29 23:16:19,730 | INFO  | SCMAudit | user=jenkins1000 | ip=192.168.5.176 | op=SEND_HEARTBEAT {datanodeUUID=6fc9f5bf-9d19-4424-b095-dbd8051c5d1f, command=[]} | ret=SUCCESS |  
2019-08-29 23:16:19,802 | INFO  | SCMAudit | user=jenkins1000 | ip=192.168.5.176 | op=SEND_HEARTBEAT {datanodeUUID=7b8ea038-0abd-40f8-b5e6-235888bbf81b, command=[]} | ret=SUCCESS |  
2019-08-29 23:16:19,870 | INFO  | SCMAudit | user=jenkins1000 | ip=192.168.5.176 | op=SEND_HEARTBEAT {datanodeUUID=fdf38f52-984e-464b-b063-6b40bc579090, command=[]} | ret=SUCCESS |  
2019-08-29 23:16:19,927 | INFO  | SCMAudit | user=jenkins1000 | ip=192.168.5.176 | op=SEND_HEARTBEAT {datanodeUUID=b91667ad-dd07-438b-a2aa-20d994bbddf1, command=[]} | ret=SUCCESS |  
2019-08-29 23:16:20,648 | INFO  | SCMAudit | user=jenkins1000 | ip=192.168.5.176 | op=SEND_HEARTBEAT {datanodeUUID=c28b6833-03f3-43d7-88dd-1eb93de0674c, command=[]} | ret=SUCCESS |  
2019-08-29 23:16:20,669 | INFO  | SCMAudit | user=jenkins1000 | ip=192.168.5.176 | op=SEND_HEARTBEAT {datanodeUUID=91c146c8-9622-4fdf-af50-459baf835861, command=[]} | ret=SUCCESS |  
2019-08-29 23:16:20,670 | INFO  | SCMAudit | user=jenkins1000 | ip=192.168.5.176 | op=SEND_HEARTBEAT {datanodeUUID=c2791d19-603b-4976-b3e9-7899a47ab15b, command=[]} | ret=SUCCESS |  
2019-08-29 23:16:20,730 | INFO  | SCMAudit | user=jenkins1000 | ip=192.168.5.176 | op=SEND_HEARTBEAT {datanodeUUID=6fc9f5bf-9d19-4424-b095-dbd8051c5d1f, command=[]} | ret=SUCCESS |  
2019-08-29 23:16:20,802 | INFO  | SCMAudit | user=jenkins1000 | ip=192.168.5.176 | op=SEND_HEARTBEAT {datanodeUUID=7b8ea038-0abd-40f8-b5e6-235888bbf81b, command=[]} | ret=SUCCESS |  
2019-08-29 23:16:20,870 | INFO  | SCMAudit | user=jenkins1000 | ip=192.168.5.176 | op=SEND_HEARTBEAT {datanodeUUID=fdf38f52-984e-464b-b063-6b40bc579090, command=[]} | ret=SUCCESS |  
2019-08-29 23:16:20,928 | INFO  | SCMAudit | user=jenkins1000 | ip=192.168.5.176 | op=SEND_HEARTBEAT {datanodeUUID=b91667ad-dd07-438b-a2aa-20d994bbddf1, command=[]} | ret=SUCCESS |  
2019-08-29 23:16:21,647 | INFO  | SCMAudit | user=jenkins1000 | ip=192.168.5.176 | op=SEND_HEARTBEAT {datanodeUUID=c28b6833-03f3-43d7-88dd-1eb93de0674c, command=[]} | ret=SUCCESS |  
2019-08-29 23:16:21,669 | INFO  | SCMAudit | user=jenkins1000 | ip=192.168.5.176 | op=SEND_HEARTBEAT {datanodeUUID=91c146c8-9622-4fdf-af50-459baf835861, command=[]} | ret=SUCCESS |  
2019-08-29 23:16:21,670 | INFO  | SCMAudit | user=jenkins1000 | ip=192.168.5.176 | op=SEND_HEARTBEAT {datanodeUUID=c2791d19-603b-4976-b3e9-7899a47ab15b, command=[]} | ret=SUCCESS |  
2019-08-29 23:16:21,730 | INFO  | SCMAudit | user=jenkins1000 | ip=192.168.5.176 | op=SEND_HEARTBEAT {datanodeUUID=6fc9f5bf-9d19-4424-b095-dbd8051c5d1f, command=[]} | ret=SUCCESS |  
2019-08-29 23:16:21,802 | INFO  | SCMAudit | user=jenkins1000 | ip=192.168.5.176 | op=SEND_HEARTBEAT {datanodeUUID=7b8ea038-0abd-40f8-b5e6-235888bbf81b, command=[]} | ret=SUCCESS |  
2019-08-29 23:16:21,870 | INFO  | SCMAudit | user=jenkins1000 | ip=192.168.5.176 | op=SEND_HEARTBEAT {datanodeUUID=fdf38f52-984e-464b-b063-6b40bc579090, command=[]} | ret=SUCCESS |  
2019-08-29 23:16:21,927 | INFO  | SCMAudit | user=jenkins1000 | ip=192.168.5.176 | op=SEND_HEARTBEAT {datanodeUUID=b91667ad-dd07-438b-a2aa-20d994bbddf1, command=[]} | ret=SUCCESS |  
2019-08-29 23:16:21,963 [grpc-default-executor-0] INFO  client.GrpcClientProtocolClient (GrpcClientProtocolClient.java:onNext(255)) - client-5CFC44E75E5D->91c146c8-9622-4fdf-af50-459baf835861: receive RaftClientReply:client-5CFC44E75E5D->91c146c8-9622-4fdf-af50-459baf835861@group-E13997D93674, cid=45, FAILED org.apache.ratis.protocol.NotLeaderException: Server 91c146c8-9622-4fdf-af50-459baf835861 is not the leader (c28b6833-03f3-43d7-88dd-1eb93de0674c:192.168.5.176:36768). Request must be sent to leader., logIndex=0, commits[91c146c8-9622-4fdf-af50-459baf835861:c8, c2791d19-603b-4976-b3e9-7899a47ab15b:c8, c28b6833-03f3-43d7-88dd-1eb93de0674c:c8]
2019-08-29 23:16:22,648 | INFO  | SCMAudit | user=jenkins1000 | ip=192.168.5.176 | op=SEND_HEARTBEAT {datanodeUUID=c28b6833-03f3-43d7-88dd-1eb93de0674c, command=[]} | ret=SUCCESS |  
2019-08-29 23:16:22,669 | INFO  | SCMAudit | user=jenkins1000 | ip=192.168.5.176 | op=SEND_HEARTBEAT {datanodeUUID=91c146c8-9622-4fdf-af50-459baf835861, command=[]} | ret=SUCCESS |  
2019-08-29 23:16:22,670 | INFO  | SCMAudit | user=jenkins1000 | ip=192.168.5.176 | op=SEND_HEARTBEAT {datanodeUUID=c2791d19-603b-4976-b3e9-7899a47ab15b, command=[]} | ret=SUCCESS |  
2019-08-29 23:16:22,730 | INFO  | SCMAudit | user=jenkins1000 | ip=192.168.5.176 | op=SEND_HEARTBEAT {datanodeUUID=6fc9f5bf-9d19-4424-b095-dbd8051c5d1f, command=[]} | ret=SUCCESS |  
2019-08-29 23:16:22,802 | INFO  | SCMAudit | user=jenkins1000 | ip=192.168.5.176 | op=SEND_HEARTBEAT {datanodeUUID=7b8ea038-0abd-40f8-b5e6-235888bbf81b, command=[]} | ret=SUCCESS |  
2019-08-29 23:16:22,870 | INFO  | SCMAudit | user=jenkins1000 | ip=192.168.5.176 | op=SEND_HEARTBEAT {datanodeUUID=fdf38f52-984e-464b-b063-6b40bc579090, command=[]} | ret=SUCCESS |  
2019-08-29 23:16:22,929 | INFO  | SCMAudit | user=jenkins1000 | ip=192.168.5.176 | op=SEND_HEARTBEAT {datanodeUUID=b91667ad-dd07-438b-a2aa-20d994bbddf1, command=[]} | ret=SUCCESS |  
2019-08-29 23:16:23,649 | INFO  | SCMAudit | user=jenkins1000 | ip=192.168.5.176 | op=SEND_HEARTBEAT {datanodeUUID=c28b6833-03f3-43d7-88dd-1eb93de0674c, command=[]} | ret=SUCCESS |  
2019-08-29 23:16:23,669 | INFO  | SCMAudit | user=jenkins1000 | ip=192.168.5.176 | op=SEND_HEARTBEAT {datanodeUUID=91c146c8-9622-4fdf-af50-459baf835861, command=[]} | ret=SUCCESS |  
2019-08-29 23:16:23,670 | INFO  | SCMAudit | user=jenkins1000 | ip=192.168.5.176 | op=SEND_HEARTBEAT {datanodeUUID=c2791d19-603b-4976-b3e9-7899a47ab15b, command=[]} | ret=SUCCESS |  
2019-08-29 23:16:23,730 | INFO  | SCMAudit | user=jenkins1000 | ip=192.168.5.176 | op=SEND_HEARTBEAT {datanodeUUID=6fc9f5bf-9d19-4424-b095-dbd8051c5d1f, command=[]} | ret=SUCCESS |  
2019-08-29 23:16:23,802 | INFO  | SCMAudit | user=jenkins1000 | ip=192.168.5.176 | op=SEND_HEARTBEAT {datanodeUUID=7b8ea038-0abd-40f8-b5e6-235888bbf81b, command=[]} | ret=SUCCESS |  
2019-08-29 23:16:23,869 | INFO  | SCMAudit | user=jenkins1000 | ip=192.168.5.176 | op=SEND_HEARTBEAT {datanodeUUID=fdf38f52-984e-464b-b063-6b40bc579090, command=[]} | ret=SUCCESS |  
2019-08-29 23:16:23,929 | INFO  | SCMAudit | user=jenkins1000 | ip=192.168.5.176 | op=SEND_HEARTBEAT {datanodeUUID=b91667ad-dd07-438b-a2aa-20d994bbddf1, command=[]} | ret=SUCCESS |  
2019-08-29 23:16:24,649 | INFO  | SCMAudit | user=jenkins1000 | ip=192.168.5.176 | op=SEND_HEARTBEAT {datanodeUUID=c28b6833-03f3-43d7-88dd-1eb93de0674c, command=[]} | ret=SUCCESS |  
2019-08-29 23:16:24,670 | INFO  | SCMAudit | user=jenkins1000 | ip=192.168.5.176 | op=SEND_HEARTBEAT {datanodeUUID=91c146c8-9622-4fdf-af50-459baf835861, command=[]} | ret=SUCCESS |  
2019-08-29 23:16:24,670 | INFO  | SCMAudit | user=jenkins1000 | ip=192.168.5.176 | op=SEND_HEARTBEAT {datanodeUUID=c2791d19-603b-4976-b3e9-7899a47ab15b, command=[]} | ret=SUCCESS |  
2019-08-29 23:16:24,730 | INFO  | SCMAudit | user=jenkins1000 | ip=192.168.5.176 | op=SEND_HEARTBEAT {datanodeUUID=6fc9f5bf-9d19-4424-b095-dbd8051c5d1f, command=[]} | ret=SUCCESS |  
2019-08-29 23:16:24,802 | INFO  | SCMAudit | user=jenkins1000 | ip=192.168.5.176 | op=SEND_HEARTBEAT {datanodeUUID=7b8ea038-0abd-40f8-b5e6-235888bbf81b, command=[]} | ret=SUCCESS |  
2019-08-29 23:16:24,870 | INFO  | SCMAudit | user=jenkins1000 | ip=192.168.5.176 | op=SEND_HEARTBEAT {datanodeUUID=fdf38f52-984e-464b-b063-6b40bc579090, command=[]} | ret=SUCCESS |  
2019-08-29 23:16:24,929 | INFO  | SCMAudit | user=jenkins1000 | ip=192.168.5.176 | op=SEND_HEARTBEAT {datanodeUUID=b91667ad-dd07-438b-a2aa-20d994bbddf1, command=[]} | ret=SUCCESS |  
2019-08-29 23:16:25,649 | INFO  | SCMAudit | user=jenkins1000 | ip=192.168.5.176 | op=SEND_HEARTBEAT {datanodeUUID=c28b6833-03f3-43d7-88dd-1eb93de0674c, command=[]} | ret=SUCCESS |  
2019-08-29 23:16:25,670 | INFO  | SCMAudit | user=jenkins1000 | ip=192.168.5.176 | op=SEND_HEARTBEAT {datanodeUUID=91c146c8-9622-4fdf-af50-459baf835861, command=[]} | ret=SUCCESS |  
2019-08-29 23:16:25,670 | INFO  | SCMAudit | user=jenkins1000 | ip=192.168.5.176 | op=SEND_HEARTBEAT {datanodeUUID=c2791d19-603b-4976-b3e9-7899a47ab15b, command=[]} | ret=SUCCESS |  
2019-08-29 23:16:25,731 | INFO  | SCMAudit | user=jenkins1000 | ip=192.168.5.176 | op=SEND_HEARTBEAT {datanodeUUID=6fc9f5bf-9d19-4424-b095-dbd8051c5d1f, command=[]} | ret=SUCCESS |  
2019-08-29 23:16:25,803 | INFO  | SCMAudit | user=jenkins1000 | ip=192.168.5.176 | op=SEND_HEARTBEAT {datanodeUUID=7b8ea038-0abd-40f8-b5e6-235888bbf81b, command=[]} | ret=SUCCESS |  
2019-08-29 23:16:25,870 | INFO  | SCMAudit | user=jenkins1000 | ip=192.168.5.176 | op=SEND_HEARTBEAT {datanodeUUID=fdf38f52-984e-464b-b063-6b40bc579090, command=[]} | ret=SUCCESS |  
2019-08-29 23:16:25,929 | INFO  | SCMAudit | user=jenkins1000 | ip=192.168.5.176 | op=SEND_HEARTBEAT {datanodeUUID=b91667ad-dd07-438b-a2aa-20d994bbddf1, command=[]} | ret=SUCCESS |  
2019-08-29 23:16:26,649 | INFO  | SCMAudit | user=jenkins1000 | ip=192.168.5.176 | op=SEND_HEARTBEAT {datanodeUUID=c28b6833-03f3-43d7-88dd-1eb93de0674c, command=[]} | ret=SUCCESS |  
2019-08-29 23:16:26,670 | INFO  | SCMAudit | user=jenkins1000 | ip=192.168.5.176 | op=SEND_HEARTBEAT {datanodeUUID=91c146c8-9622-4fdf-af50-459baf835861, command=[]} | ret=SUCCESS |  
2019-08-29 23:16:26,670 | INFO  | SCMAudit | user=jenkins1000 | ip=192.168.5.176 | op=SEND_HEARTBEAT {datanodeUUID=c2791d19-603b-4976-b3e9-7899a47ab15b, command=[]} | ret=SUCCESS |  
2019-08-29 23:16:26,731 | INFO  | SCMAudit | user=jenkins1000 | ip=192.168.5.176 | op=SEND_HEARTBEAT {datanodeUUID=6fc9f5bf-9d19-4424-b095-dbd8051c5d1f, command=[]} | ret=SUCCESS |  
2019-08-29 23:16:26,803 | INFO  | SCMAudit | user=jenkins1000 | ip=192.168.5.176 | op=SEND_HEARTBEAT {datanodeUUID=7b8ea038-0abd-40f8-b5e6-235888bbf81b, command=[]} | ret=SUCCESS |  
2019-08-29 23:16:26,871 | INFO  | SCMAudit | user=jenkins1000 | ip=192.168.5.176 | op=SEND_HEARTBEAT {datanodeUUID=fdf38f52-984e-464b-b063-6b40bc579090, command=[]} | ret=SUCCESS |  
2019-08-29 23:16:26,930 | INFO  | SCMAudit | user=jenkins1000 | ip=192.168.5.176 | op=SEND_HEARTBEAT {datanodeUUID=b91667ad-dd07-438b-a2aa-20d994bbddf1, command=[]} | ret=SUCCESS |  
2019-08-29 23:16:27,001 [grpc-default-executor-0] INFO  client.GrpcClientProtocolClient (GrpcClientProtocolClient.java:onNext(255)) - client-5CFC44E75E5D->91c146c8-9622-4fdf-af50-459baf835861: receive RaftClientReply:client-5CFC44E75E5D->91c146c8-9622-4fdf-af50-459baf835861@group-E13997D93674, cid=45, FAILED org.apache.ratis.protocol.NotLeaderException: Server 91c146c8-9622-4fdf-af50-459baf835861 is not the leader (c28b6833-03f3-43d7-88dd-1eb93de0674c:192.168.5.176:36768). Request must be sent to leader., logIndex=0, commits[91c146c8-9622-4fdf-af50-459baf835861:c8, c2791d19-603b-4976-b3e9-7899a47ab15b:c8, c28b6833-03f3-43d7-88dd-1eb93de0674c:c8]
2019-08-29 23:16:27,649 | INFO  | SCMAudit | user=jenkins1000 | ip=192.168.5.176 | op=SEND_HEARTBEAT {datanodeUUID=c28b6833-03f3-43d7-88dd-1eb93de0674c, command=[]} | ret=SUCCESS |  
2019-08-29 23:16:27,670 | INFO  | SCMAudit | user=jenkins1000 | ip=192.168.5.176 | op=SEND_HEARTBEAT {datanodeUUID=91c146c8-9622-4fdf-af50-459baf835861, command=[]} | ret=SUCCESS |  
2019-08-29 23:16:27,670 | INFO  | SCMAudit | user=jenkins1000 | ip=192.168.5.176 | op=SEND_HEARTBEAT {datanodeUUID=c2791d19-603b-4976-b3e9-7899a47ab15b, command=[]} | ret=SUCCESS |  
2019-08-29 23:16:27,731 | INFO  | SCMAudit | user=jenkins1000 | ip=192.168.5.176 | op=SEND_HEARTBEAT {datanodeUUID=6fc9f5bf-9d19-4424-b095-dbd8051c5d1f, command=[]} | ret=SUCCESS |  
2019-08-29 23:16:27,803 | INFO  | SCMAudit | user=jenkins1000 | ip=192.168.5.176 | op=SEND_HEARTBEAT {datanodeUUID=7b8ea038-0abd-40f8-b5e6-235888bbf81b, command=[]} | ret=SUCCESS |  
2019-08-29 23:16:27,870 | INFO  | SCMAudit | user=jenkins1000 | ip=192.168.5.176 | op=SEND_HEARTBEAT {datanodeUUID=fdf38f52-984e-464b-b063-6b40bc579090, command=[]} | ret=SUCCESS |  
2019-08-29 23:16:27,930 | INFO  | SCMAudit | user=jenkins1000 | ip=192.168.5.176 | op=SEND_HEARTBEAT {datanodeUUID=b91667ad-dd07-438b-a2aa-20d994bbddf1, command=[]} | ret=SUCCESS |  
2019-08-29 23:16:28,649 | INFO  | SCMAudit | user=jenkins1000 | ip=192.168.5.176 | op=SEND_HEARTBEAT {datanodeUUID=c28b6833-03f3-43d7-88dd-1eb93de0674c, command=[]} | ret=SUCCESS |  
2019-08-29 23:16:28,670 | INFO  | SCMAudit | user=jenkins1000 | ip=192.168.5.176 | op=SEND_HEARTBEAT {datanodeUUID=91c146c8-9622-4fdf-af50-459baf835861, command=[]} | ret=SUCCESS |  
2019-08-29 23:16:28,670 | INFO  | SCMAudit | user=jenkins1000 | ip=192.168.5.176 | op=SEND_HEARTBEAT {datanodeUUID=c2791d19-603b-4976-b3e9-7899a47ab15b, command=[]} | ret=SUCCESS |  
2019-08-29 23:16:28,731 | INFO  | SCMAudit | user=jenkins1000 | ip=192.168.5.176 | op=SEND_HEARTBEAT {datanodeUUID=6fc9f5bf-9d19-4424-b095-dbd8051c5d1f, command=[]} | ret=SUCCESS |  
2019-08-29 23:16:28,803 | INFO  | SCMAudit | user=jenkins1000 | ip=192.168.5.176 | op=SEND_HEARTBEAT {datanodeUUID=7b8ea038-0abd-40f8-b5e6-235888bbf81b, command=[]} | ret=SUCCESS |  
2019-08-29 23:16:28,870 | INFO  | SCMAudit | user=jenkins1000 | ip=192.168.5.176 | op=SEND_HEARTBEAT {datanodeUUID=fdf38f52-984e-464b-b063-6b40bc579090, command=[]} | ret=SUCCESS |  
2019-08-29 23:16:28,930 | INFO  | SCMAudit | user=jenkins1000 | ip=192.168.5.176 | op=SEND_HEARTBEAT {datanodeUUID=b91667ad-dd07-438b-a2aa-20d994bbddf1, command=[]} | ret=SUCCESS |  
2019-08-29 23:16:29,649 | INFO  | SCMAudit | user=jenkins1000 | ip=192.168.5.176 | op=SEND_HEARTBEAT {datanodeUUID=c28b6833-03f3-43d7-88dd-1eb93de0674c, command=[]} | ret=SUCCESS |  
2019-08-29 23:16:29,670 | INFO  | SCMAudit | user=jenkins1000 | ip=192.168.5.176 | op=SEND_HEARTBEAT {datanodeUUID=91c146c8-9622-4fdf-af50-459baf835861, command=[]} | ret=SUCCESS |  
2019-08-29 23:16:29,671 | INFO  | SCMAudit | user=jenkins1000 | ip=192.168.5.176 | op=SEND_HEARTBEAT {datanodeUUID=c2791d19-603b-4976-b3e9-7899a47ab15b, command=[]} | ret=SUCCESS |  
2019-08-29 23:16:29,731 | INFO  | SCMAudit | user=jenkins1000 | ip=192.168.5.176 | op=SEND_HEARTBEAT {datanodeUUID=6fc9f5bf-9d19-4424-b095-dbd8051c5d1f, command=[]} | ret=SUCCESS |  
2019-08-29 23:16:29,803 | INFO  | SCMAudit | user=jenkins1000 | ip=192.168.5.176 | op=SEND_HEARTBEAT {datanodeUUID=7b8ea038-0abd-40f8-b5e6-235888bbf81b, command=[]} | ret=SUCCESS |  
2019-08-29 23:16:29,870 | INFO  | SCMAudit | user=jenkins1000 | ip=192.168.5.176 | op=SEND_HEARTBEAT {datanodeUUID=fdf38f52-984e-464b-b063-6b40bc579090, command=[]} | ret=SUCCESS |  
2019-08-29 23:16:29,930 | INFO  | SCMAudit | user=jenkins1000 | ip=192.168.5.176 | op=SEND_HEARTBEAT {datanodeUUID=b91667ad-dd07-438b-a2aa-20d994bbddf1, command=[]} | ret=SUCCESS |  
2019-08-29 23:16:30,649 | INFO  | SCMAudit | user=jenkins1000 | ip=192.168.5.176 | op=SEND_HEARTBEAT {datanodeUUID=c28b6833-03f3-43d7-88dd-1eb93de0674c, command=[]} | ret=SUCCESS |  
2019-08-29 23:16:30,670 | INFO  | SCMAudit | user=jenkins1000 | ip=192.168.5.176 | op=SEND_HEARTBEAT {datanodeUUID=91c146c8-9622-4fdf-af50-459baf835861, command=[]} | ret=SUCCESS |  
2019-08-29 23:16:30,671 | INFO  | SCMAudit | user=jenkins1000 | ip=192.168.5.176 | op=SEND_HEARTBEAT {datanodeUUID=c2791d19-603b-4976-b3e9-7899a47ab15b, command=[]} | ret=SUCCESS |  
2019-08-29 23:16:30,731 | INFO  | SCMAudit | user=jenkins1000 | ip=192.168.5.176 | op=SEND_HEARTBEAT {datanodeUUID=6fc9f5bf-9d19-4424-b095-dbd8051c5d1f, command=[]} | ret=SUCCESS |  
2019-08-29 23:16:30,803 | INFO  | SCMAudit | user=jenkins1000 | ip=192.168.5.176 | op=SEND_HEARTBEAT {datanodeUUID=7b8ea038-0abd-40f8-b5e6-235888bbf81b, command=[]} | ret=SUCCESS |  
2019-08-29 23:16:30,871 | INFO  | SCMAudit | user=jenkins1000 | ip=192.168.5.176 | op=SEND_HEARTBEAT {datanodeUUID=fdf38f52-984e-464b-b063-6b40bc579090, command=[]} | ret=SUCCESS |  
2019-08-29 23:16:30,930 | INFO  | SCMAudit | user=jenkins1000 | ip=192.168.5.176 | op=SEND_HEARTBEAT {datanodeUUID=b91667ad-dd07-438b-a2aa-20d994bbddf1, command=[]} | ret=SUCCESS |  
2019-08-29 23:16:31,649 | INFO  | SCMAudit | user=jenkins1000 | ip=192.168.5.176 | op=SEND_HEARTBEAT {datanodeUUID=c28b6833-03f3-43d7-88dd-1eb93de0674c, command=[]} | ret=SUCCESS |  
2019-08-29 23:16:31,670 | INFO  | SCMAudit | user=jenkins1000 | ip=192.168.5.176 | op=SEND_HEARTBEAT {datanodeUUID=91c146c8-9622-4fdf-af50-459baf835861, command=[]} | ret=SUCCESS |  
2019-08-29 23:16:31,671 | INFO  | SCMAudit | user=jenkins1000 | ip=192.168.5.176 | op=SEND_HEARTBEAT {datanodeUUID=c2791d19-603b-4976-b3e9-7899a47ab15b, command=[]} | ret=SUCCESS |  
2019-08-29 23:16:31,731 | INFO  | SCMAudit | user=jenkins1000 | ip=192.168.5.176 | op=SEND_HEARTBEAT {datanodeUUID=6fc9f5bf-9d19-4424-b095-dbd8051c5d1f, command=[]} | ret=SUCCESS |  
2019-08-29 23:16:31,803 | INFO  | SCMAudit | user=jenkins1000 | ip=192.168.5.176 | op=SEND_HEARTBEAT {datanodeUUID=7b8ea038-0abd-40f8-b5e6-235888bbf81b, command=[]} | ret=SUCCESS |  
2019-08-29 23:16:31,871 | INFO  | SCMAudit | user=jenkins1000 | ip=192.168.5.176 | op=SEND_HEARTBEAT {datanodeUUID=fdf38f52-984e-464b-b063-6b40bc579090, command=[]} | ret=SUCCESS |  
2019-08-29 23:16:31,930 | INFO  | SCMAudit | user=jenkins1000 | ip=192.168.5.176 | op=SEND_HEARTBEAT {datanodeUUID=b91667ad-dd07-438b-a2aa-20d994bbddf1, command=[]} | ret=SUCCESS |  
2019-08-29 23:16:32,037 [grpc-default-executor-0] INFO  client.GrpcClientProtocolClient (GrpcClientProtocolClient.java:onNext(255)) - client-5CFC44E75E5D->c2791d19-603b-4976-b3e9-7899a47ab15b: receive RaftClientReply:client-5CFC44E75E5D->c2791d19-603b-4976-b3e9-7899a47ab15b@group-E13997D93674, cid=45, FAILED org.apache.ratis.protocol.NotLeaderException: Server c2791d19-603b-4976-b3e9-7899a47ab15b is not the leader (c28b6833-03f3-43d7-88dd-1eb93de0674c:192.168.5.176:36768). Request must be sent to leader., logIndex=0, commits[c2791d19-603b-4976-b3e9-7899a47ab15b:c8, c28b6833-03f3-43d7-88dd-1eb93de0674c:c8, 91c146c8-9622-4fdf-af50-459baf835861:c8]
2019-08-29 23:16:32,649 | INFO  | SCMAudit | user=jenkins1000 | ip=192.168.5.176 | op=SEND_HEARTBEAT {datanodeUUID=c28b6833-03f3-43d7-88dd-1eb93de0674c, command=[]} | ret=SUCCESS |  
2019-08-29 23:16:32,670 | INFO  | SCMAudit | user=jenkins1000 | ip=192.168.5.176 | op=SEND_HEARTBEAT {datanodeUUID=91c146c8-9622-4fdf-af50-459baf835861, command=[]} | ret=SUCCESS |  
2019-08-29 23:16:32,671 | INFO  | SCMAudit | user=jenkins1000 | ip=192.168.5.176 | op=SEND_HEARTBEAT {datanodeUUID=c2791d19-603b-4976-b3e9-7899a47ab15b, command=[]} | ret=SUCCESS |  
2019-08-29 23:16:32,731 | INFO  | SCMAudit | user=jenkins1000 | ip=192.168.5.176 | op=SEND_HEARTBEAT {datanodeUUID=6fc9f5bf-9d19-4424-b095-dbd8051c5d1f, command=[]} | ret=SUCCESS |  
2019-08-29 23:16:32,803 | INFO  | SCMAudit | user=jenkins1000 | ip=192.168.5.176 | op=SEND_HEARTBEAT {datanodeUUID=7b8ea038-0abd-40f8-b5e6-235888bbf81b, command=[]} | ret=SUCCESS |  
2019-08-29 23:16:32,871 | INFO  | SCMAudit | user=jenkins1000 | ip=192.168.5.176 | op=SEND_HEARTBEAT {datanodeUUID=fdf38f52-984e-464b-b063-6b40bc579090, command=[]} | ret=SUCCESS |  
2019-08-29 23:16:32,930 | INFO  | SCMAudit | user=jenkins1000 | ip=192.168.5.176 | op=SEND_HEARTBEAT {datanodeUUID=b91667ad-dd07-438b-a2aa-20d994bbddf1, command=[]} | ret=SUCCESS |  
2019-08-29 23:16:33,649 | INFO  | SCMAudit | user=jenkins1000 | ip=192.168.5.176 | op=SEND_HEARTBEAT {datanodeUUID=c28b6833-03f3-43d7-88dd-1eb93de0674c, command=[]} | ret=SUCCESS |  
2019-08-29 23:16:33,670 | INFO  | SCMAudit | user=jenkins1000 | ip=192.168.5.176 | op=SEND_HEARTBEAT {datanodeUUID=c2791d19-603b-4976-b3e9-7899a47ab15b, command=[]} | ret=SUCCESS |  
2019-08-29 23:16:33,671 | INFO  | SCMAudit | user=jenkins1000 | ip=192.168.5.176 | op=SEND_HEARTBEAT {datanodeUUID=91c146c8-9622-4fdf-af50-459baf835861, command=[]} | ret=SUCCESS |  
2019-08-29 23:16:33,732 | INFO  | SCMAudit | user=jenkins1000 | ip=192.168.5.176 | op=SEND_HEARTBEAT {datanodeUUID=6fc9f5bf-9d19-4424-b095-dbd8051c5d1f, command=[]} | ret=SUCCESS |  
2019-08-29 23:16:33,805 | INFO  | SCMAudit | user=jenkins1000 | ip=192.168.5.176 | op=SEND_HEARTBEAT {datanodeUUID=7b8ea038-0abd-40f8-b5e6-235888bbf81b, command=[]} | ret=SUCCESS |  
2019-08-29 23:16:33,871 | INFO  | SCMAudit | user=jenkins1000 | ip=192.168.5.176 | op=SEND_HEARTBEAT {datanodeUUID=fdf38f52-984e-464b-b063-6b40bc579090, command=[]} | ret=SUCCESS |  
2019-08-29 23:16:33,930 | INFO  | SCMAudit | user=jenkins1000 | ip=192.168.5.176 | op=SEND_HEARTBEAT {datanodeUUID=b91667ad-dd07-438b-a2aa-20d994bbddf1, command=[]} | ret=SUCCESS |  
2019-08-29 23:16:34,650 | INFO  | SCMAudit | user=jenkins1000 | ip=192.168.5.176 | op=SEND_HEARTBEAT {datanodeUUID=c28b6833-03f3-43d7-88dd-1eb93de0674c, command=[]} | ret=SUCCESS |  
2019-08-29 23:16:34,671 | INFO  | SCMAudit | user=jenkins1000 | ip=192.168.5.176 | op=SEND_HEARTBEAT {datanodeUUID=c2791d19-603b-4976-b3e9-7899a47ab15b, command=[]} | ret=SUCCESS |  
2019-08-29 23:16:34,671 | INFO  | SCMAudit | user=jenkins1000 | ip=192.168.5.176 | op=SEND_HEARTBEAT {datanodeUUID=91c146c8-9622-4fdf-af50-459baf835861, command=[]} | ret=SUCCESS |  
2019-08-29 23:16:34,732 | INFO  | SCMAudit | user=jenkins1000 | ip=192.168.5.176 | op=SEND_HEARTBEAT {datanodeUUID=6fc9f5bf-9d19-4424-b095-dbd8051c5d1f, command=[]} | ret=SUCCESS |  
2019-08-29 23:16:34,805 | INFO  | SCMAudit | user=jenkins1000 | ip=192.168.5.176 | op=SEND_HEARTBEAT {datanodeUUID=7b8ea038-0abd-40f8-b5e6-235888bbf81b, command=[]} | ret=SUCCESS |  
2019-08-29 23:16:34,872 | INFO  | SCMAudit | user=jenkins1000 | ip=192.168.5.176 | op=SEND_HEARTBEAT {datanodeUUID=fdf38f52-984e-464b-b063-6b40bc579090, command=[]} | ret=SUCCESS |  
2019-08-29 23:16:34,930 | INFO  | SCMAudit | user=jenkins1000 | ip=192.168.5.176 | op=SEND_HEARTBEAT {datanodeUUID=b91667ad-dd07-438b-a2aa-20d994bbddf1, command=[]} | ret=SUCCESS |  
2019-08-29 23:16:35,650 | INFO  | SCMAudit | user=jenkins1000 | ip=192.168.5.176 | op=SEND_HEARTBEAT {datanodeUUID=c28b6833-03f3-43d7-88dd-1eb93de0674c, command=[]} | ret=SUCCESS |  
2019-08-29 23:16:35,670 | INFO  | SCMAudit | user=jenkins1000 | ip=192.168.5.176 | op=SEND_HEARTBEAT {datanodeUUID=c2791d19-603b-4976-b3e9-7899a47ab15b, command=[]} | ret=SUCCESS |  
2019-08-29 23:16:35,671 | INFO  | SCMAudit | user=jenkins1000 | ip=192.168.5.176 | op=SEND_HEARTBEAT {datanodeUUID=91c146c8-9622-4fdf-af50-459baf835861, command=[]} | ret=SUCCESS |  
2019-08-29 23:16:35,733 | INFO  | SCMAudit | user=jenkins1000 | ip=192.168.5.176 | op=SEND_HEARTBEAT {datanodeUUID=6fc9f5bf-9d19-4424-b095-dbd8051c5d1f, command=[]} | ret=SUCCESS |  
2019-08-29 23:16:35,805 | INFO  | SCMAudit | user=jenkins1000 | ip=192.168.5.176 | op=SEND_HEARTBEAT {datanodeUUID=7b8ea038-0abd-40f8-b5e6-235888bbf81b, command=[]} | ret=SUCCESS |  
2019-08-29 23:16:35,871 | INFO  | SCMAudit | user=jenkins1000 | ip=192.168.5.176 | op=SEND_HEARTBEAT {datanodeUUID=fdf38f52-984e-464b-b063-6b40bc579090, command=[]} | ret=SUCCESS |  
2019-08-29 23:16:35,931 | INFO  | SCMAudit | user=jenkins1000 | ip=192.168.5.176 | op=SEND_HEARTBEAT {datanodeUUID=b91667ad-dd07-438b-a2aa-20d994bbddf1, command=[]} | ret=SUCCESS |  
2019-08-29 23:16:36,651 | INFO  | SCMAudit | user=jenkins1000 | ip=192.168.5.176 | op=SEND_HEARTBEAT {datanodeUUID=c28b6833-03f3-43d7-88dd-1eb93de0674c, command=[]} | ret=SUCCESS |  
2019-08-29 23:16:36,671 | INFO  | SCMAudit | user=jenkins1000 | ip=192.168.5.176 | op=SEND_HEARTBEAT {datanodeUUID=c2791d19-603b-4976-b3e9-7899a47ab15b, command=[]} | ret=SUCCESS |  
2019-08-29 23:16:36,671 | INFO  | SCMAudit | user=jenkins1000 | ip=192.168.5.176 | op=SEND_HEARTBEAT {datanodeUUID=91c146c8-9622-4fdf-af50-459baf835861, command=[]} | ret=SUCCESS |  
2019-08-29 23:16:36,732 | INFO  | SCMAudit | user=jenkins1000 | ip=192.168.5.176 | op=SEND_HEARTBEAT {datanodeUUID=6fc9f5bf-9d19-4424-b095-dbd8051c5d1f, command=[]} | ret=SUCCESS |  
2019-08-29 23:16:36,805 | INFO  | SCMAudit | user=jenkins1000 | ip=192.168.5.176 | op=SEND_HEARTBEAT {datanodeUUID=7b8ea038-0abd-40f8-b5e6-235888bbf81b, command=[]} | ret=SUCCESS |  
2019-08-29 23:16:36,872 | INFO  | SCMAudit | user=jenkins1000 | ip=192.168.5.176 | op=SEND_HEARTBEAT {datanodeUUID=fdf38f52-984e-464b-b063-6b40bc579090, command=[]} | ret=SUCCESS |  
2019-08-29 23:16:36,931 | INFO  | SCMAudit | user=jenkins1000 | ip=192.168.5.176 | op=SEND_HEARTBEAT {datanodeUUID=b91667ad-dd07-438b-a2aa-20d994bbddf1, command=[]} | ret=SUCCESS |  
2019-08-29 23:16:37,073 [grpc-default-executor-2] INFO  client.GrpcClientProtocolClient (GrpcClientProtocolClient.java:onNext(255)) - client-5CFC44E75E5D->c2791d19-603b-4976-b3e9-7899a47ab15b: receive RaftClientReply:client-5CFC44E75E5D->c2791d19-603b-4976-b3e9-7899a47ab15b@group-E13997D93674, cid=45, FAILED org.apache.ratis.protocol.NotLeaderException: Server c2791d19-603b-4976-b3e9-7899a47ab15b is not the leader (c28b6833-03f3-43d7-88dd-1eb93de0674c:192.168.5.176:36768). Request must be sent to leader., logIndex=0, commits[c2791d19-603b-4976-b3e9-7899a47ab15b:c8, c28b6833-03f3-43d7-88dd-1eb93de0674c:c8, 91c146c8-9622-4fdf-af50-459baf835861:c8]
2019-08-29 23:16:37,651 | INFO  | SCMAudit | user=jenkins1000 | ip=192.168.5.176 | op=SEND_HEARTBEAT {datanodeUUID=c28b6833-03f3-43d7-88dd-1eb93de0674c, command=[]} | ret=SUCCESS |  
2019-08-29 23:16:37,671 | INFO  | SCMAudit | user=jenkins1000 | ip=192.168.5.176 | op=SEND_HEARTBEAT {datanodeUUID=c2791d19-603b-4976-b3e9-7899a47ab15b, command=[]} | ret=SUCCESS |  
2019-08-29 23:16:37,671 | INFO  | SCMAudit | user=jenkins1000 | ip=192.168.5.176 | op=SEND_HEARTBEAT {datanodeUUID=91c146c8-9622-4fdf-af50-459baf835861, command=[]} | ret=SUCCESS |  
2019-08-29 23:16:37,732 | INFO  | SCMAudit | user=jenkins1000 | ip=192.168.5.176 | op=SEND_HEARTBEAT {datanodeUUID=6fc9f5bf-9d19-4424-b095-dbd8051c5d1f, command=[]} | ret=SUCCESS |  
2019-08-29 23:16:37,805 | INFO  | SCMAudit | user=jenkins1000 | ip=192.168.5.176 | op=SEND_HEARTBEAT {datanodeUUID=7b8ea038-0abd-40f8-b5e6-235888bbf81b, command=[]} | ret=SUCCESS |  
2019-08-29 23:16:37,871 | INFO  | SCMAudit | user=jenkins1000 | ip=192.168.5.176 | op=SEND_HEARTBEAT {datanodeUUID=fdf38f52-984e-464b-b063-6b40bc579090, command=[]} | ret=SUCCESS |  
2019-08-29 23:16:37,931 | INFO  | SCMAudit | user=jenkins1000 | ip=192.168.5.176 | op=SEND_HEARTBEAT {datanodeUUID=b91667ad-dd07-438b-a2aa-20d994bbddf1, command=[]} | ret=SUCCESS |  
2019-08-29 23:16:38,652 | INFO  | SCMAudit | user=jenkins1000 | ip=192.168.5.176 | op=SEND_HEARTBEAT {datanodeUUID=c28b6833-03f3-43d7-88dd-1eb93de0674c, command=[]} | ret=SUCCESS |  
2019-08-29 23:16:38,671 | INFO  | SCMAudit | user=jenkins1000 | ip=192.168.5.176 | op=SEND_HEARTBEAT {datanodeUUID=c2791d19-603b-4976-b3e9-7899a47ab15b, command=[]} | ret=SUCCESS |  
2019-08-29 23:16:38,671 | INFO  | SCMAudit | user=jenkins1000 | ip=192.168.5.176 | op=SEND_HEARTBEAT {datanodeUUID=91c146c8-9622-4fdf-af50-459baf835861, command=[]} | ret=SUCCESS |  
2019-08-29 23:16:38,733 | INFO  | SCMAudit | user=jenkins1000 | ip=192.168.5.176 | op=SEND_HEARTBEAT {datanodeUUID=6fc9f5bf-9d19-4424-b095-dbd8051c5d1f, command=[]} | ret=SUCCESS |  
2019-08-29 23:16:38,805 | INFO  | SCMAudit | user=jenkins1000 | ip=192.168.5.176 | op=SEND_HEARTBEAT {datanodeUUID=7b8ea038-0abd-40f8-b5e6-235888bbf81b, command=[]} | ret=SUCCESS |  
2019-08-29 23:16:38,871 | INFO  | SCMAudit | user=jenkins1000 | ip=192.168.5.176 | op=SEND_HEARTBEAT {datanodeUUID=fdf38f52-984e-464b-b063-6b40bc579090, command=[]} | ret=SUCCESS |  
2019-08-29 23:16:38,931 | INFO  | SCMAudit | user=jenkins1000 | ip=192.168.5.176 | op=SEND_HEARTBEAT {datanodeUUID=b91667ad-dd07-438b-a2aa-20d994bbddf1, command=[]} | ret=SUCCESS |  
2019-08-29 23:16:39,651 | INFO  | SCMAudit | user=jenkins1000 | ip=192.168.5.176 | op=SEND_HEARTBEAT {datanodeUUID=c28b6833-03f3-43d7-88dd-1eb93de0674c, command=[]} | ret=SUCCESS |  
2019-08-29 23:16:39,671 | INFO  | SCMAudit | user=jenkins1000 | ip=192.168.5.176 | op=SEND_HEARTBEAT {datanodeUUID=c2791d19-603b-4976-b3e9-7899a47ab15b, command=[]} | ret=SUCCESS |  
2019-08-29 23:16:39,671 | INFO  | SCMAudit | user=jenkins1000 | ip=192.168.5.176 | op=SEND_HEARTBEAT {datanodeUUID=91c146c8-9622-4fdf-af50-459baf835861, command=[]} | ret=SUCCESS |  
2019-08-29 23:16:39,732 | INFO  | SCMAudit | user=jenkins1000 | ip=192.168.5.176 | op=SEND_HEARTBEAT {datanodeUUID=6fc9f5bf-9d19-4424-b095-dbd8051c5d1f, command=[]} | ret=SUCCESS |  
2019-08-29 23:16:39,805 | INFO  | SCMAudit | user=jenkins1000 | ip=192.168.5.176 | op=SEND_HEARTBEAT {datanodeUUID=7b8ea038-0abd-40f8-b5e6-235888bbf81b, command=[]} | ret=SUCCESS |  
2019-08-29 23:16:39,871 | INFO  | SCMAudit | user=jenkins1000 | ip=192.168.5.176 | op=SEND_HEARTBEAT {datanodeUUID=fdf38f52-984e-464b-b063-6b40bc579090, command=[]} | ret=SUCCESS |  
2019-08-29 23:16:39,931 | INFO  | SCMAudit | user=jenkins1000 | ip=192.168.5.176 | op=SEND_HEARTBEAT {datanodeUUID=b91667ad-dd07-438b-a2aa-20d994bbddf1, command=[]} | ret=SUCCESS |  
2019-08-29 23:16:40,652 | INFO  | SCMAudit | user=jenkins1000 | ip=192.168.5.176 | op=SEND_HEARTBEAT {datanodeUUID=c28b6833-03f3-43d7-88dd-1eb93de0674c, command=[]} | ret=SUCCESS |  
2019-08-29 23:16:40,671 | INFO  | SCMAudit | user=jenkins1000 | ip=192.168.5.176 | op=SEND_HEARTBEAT {datanodeUUID=c2791d19-603b-4976-b3e9-7899a47ab15b, command=[]} | ret=SUCCESS |  
2019-08-29 23:16:40,671 | INFO  | SCMAudit | user=jenkins1000 | ip=192.168.5.176 | op=SEND_HEARTBEAT {datanodeUUID=91c146c8-9622-4fdf-af50-459baf835861, command=[]} | ret=SUCCESS |  
2019-08-29 23:16:40,732 | INFO  | SCMAudit | user=jenkins1000 | ip=192.168.5.176 | op=SEND_HEARTBEAT {datanodeUUID=6fc9f5bf-9d19-4424-b095-dbd8051c5d1f, command=[]} | ret=SUCCESS |  
2019-08-29 23:16:40,805 | INFO  | SCMAudit | user=jenkins1000 | ip=192.168.5.176 | op=SEND_HEARTBEAT {datanodeUUID=7b8ea038-0abd-40f8-b5e6-235888bbf81b, command=[]} | ret=SUCCESS |  
2019-08-29 23:16:40,871 | INFO  | SCMAudit | user=jenkins1000 | ip=192.168.5.176 | op=SEND_HEARTBEAT {datanodeUUID=fdf38f52-984e-464b-b063-6b40bc579090, command=[]} | ret=SUCCESS |  
2019-08-29 23:16:40,932 | INFO  | SCMAudit | user=jenkins1000 | ip=192.168.5.176 | op=SEND_HEARTBEAT {datanodeUUID=b91667ad-dd07-438b-a2aa-20d994bbddf1, command=[]} | ret=SUCCESS |  
2019-08-29 23:16:41,652 | INFO  | SCMAudit | user=jenkins1000 | ip=192.168.5.176 | op=SEND_HEARTBEAT {datanodeUUID=c28b6833-03f3-43d7-88dd-1eb93de0674c, command=[]} | ret=SUCCESS |  
2019-08-29 23:16:41,671 | INFO  | SCMAudit | user=jenkins1000 | ip=192.168.5.176 | op=SEND_HEARTBEAT {datanodeUUID=c2791d19-603b-4976-b3e9-7899a47ab15b, command=[]} | ret=SUCCESS |  
2019-08-29 23:16:41,671 | INFO  | SCMAudit | user=jenkins1000 | ip=192.168.5.176 | op=SEND_HEARTBEAT {datanodeUUID=91c146c8-9622-4fdf-af50-459baf835861, command=[]} | ret=SUCCESS |  
2019-08-29 23:16:41,732 | INFO  | SCMAudit | user=jenkins1000 | ip=192.168.5.176 | op=SEND_HEARTBEAT {datanodeUUID=6fc9f5bf-9d19-4424-b095-dbd8051c5d1f, command=[]} | ret=SUCCESS |  
2019-08-29 23:16:41,806 | INFO  | SCMAudit | user=jenkins1000 | ip=192.168.5.176 | op=SEND_HEARTBEAT {datanodeUUID=7b8ea038-0abd-40f8-b5e6-235888bbf81b, command=[]} | ret=SUCCESS |  
2019-08-29 23:16:41,871 | INFO  | SCMAudit | user=jenkins1000 | ip=192.168.5.176 | op=SEND_HEARTBEAT {datanodeUUID=fdf38f52-984e-464b-b063-6b40bc579090, command=[]} | ret=SUCCESS |  
2019-08-29 23:16:41,932 | INFO  | SCMAudit | user=jenkins1000 | ip=192.168.5.176 | op=SEND_HEARTBEAT {datanodeUUID=b91667ad-dd07-438b-a2aa-20d994bbddf1, command=[]} | ret=SUCCESS |  
2019-08-29 23:16:42,128 [grpc-default-executor-2] INFO  client.GrpcClientProtocolClient (GrpcClientProtocolClient.java:onNext(255)) - client-5CFC44E75E5D->91c146c8-9622-4fdf-af50-459baf835861: receive RaftClientReply:client-5CFC44E75E5D->91c146c8-9622-4fdf-af50-459baf835861@group-E13997D93674, cid=45, FAILED org.apache.ratis.protocol.NotLeaderException: Server 91c146c8-9622-4fdf-af50-459baf835861 is not the leader (c28b6833-03f3-43d7-88dd-1eb93de0674c:192.168.5.176:36768). Request must be sent to leader., logIndex=0, commits[91c146c8-9622-4fdf-af50-459baf835861:c8, c2791d19-603b-4976-b3e9-7899a47ab15b:c8, c28b6833-03f3-43d7-88dd-1eb93de0674c:c8]
2019-08-29 23:16:42,653 | INFO  | SCMAudit | user=jenkins1000 | ip=192.168.5.176 | op=SEND_HEARTBEAT {datanodeUUID=c28b6833-03f3-43d7-88dd-1eb93de0674c, command=[]} | ret=SUCCESS |  
2019-08-29 23:16:42,671 | INFO  | SCMAudit | user=jenkins1000 | ip=192.168.5.176 | op=SEND_HEARTBEAT {datanodeUUID=c2791d19-603b-4976-b3e9-7899a47ab15b, command=[]} | ret=SUCCESS |  
2019-08-29 23:16:42,671 | INFO  | SCMAudit | user=jenkins1000 | ip=192.168.5.176 | op=SEND_HEARTBEAT {datanodeUUID=91c146c8-9622-4fdf-af50-459baf835861, command=[]} | ret=SUCCESS |  
2019-08-29 23:16:42,732 | INFO  | SCMAudit | user=jenkins1000 | ip=192.168.5.176 | op=SEND_HEARTBEAT {datanodeUUID=6fc9f5bf-9d19-4424-b095-dbd8051c5d1f, command=[]} | ret=SUCCESS |  
2019-08-29 23:16:42,807 | INFO  | SCMAudit | user=jenkins1000 | ip=192.168.5.176 | op=SEND_HEARTBEAT {datanodeUUID=7b8ea038-0abd-40f8-b5e6-235888bbf81b, command=[]} | ret=SUCCESS |  
2019-08-29 23:16:42,872 | INFO  | SCMAudit | user=jenkins1000 | ip=192.168.5.176 | op=SEND_HEARTBEAT {datanodeUUID=fdf38f52-984e-464b-b063-6b40bc579090, command=[]} | ret=SUCCESS |  
2019-08-29 23:16:42,932 | INFO  | SCMAudit | user=jenkins1000 | ip=192.168.5.176 | op=SEND_HEARTBEAT {datanodeUUID=b91667ad-dd07-438b-a2aa-20d994bbddf1, command=[]} | ret=SUCCESS |  
2019-08-29 23:16:43,653 | INFO  | SCMAudit | user=jenkins1000 | ip=192.168.5.176 | op=SEND_HEARTBEAT {datanodeUUID=c28b6833-03f3-43d7-88dd-1eb93de0674c, command=[]} | ret=SUCCESS |  
2019-08-29 23:16:43,671 | INFO  | SCMAudit | user=jenkins1000 | ip=192.168.5.176 | op=SEND_HEARTBEAT {datanodeUUID=c2791d19-603b-4976-b3e9-7899a47ab15b, command=[]} | ret=SUCCESS |  
2019-08-29 23:16:43,671 | INFO  | SCMAudit | user=jenkins1000 | ip=192.168.5.176 | op=SEND_HEARTBEAT {datanodeUUID=91c146c8-9622-4fdf-af50-459baf835861, command=[]} | ret=SUCCESS |  
2019-08-29 23:16:43,732 | INFO  | SCMAudit | user=jenkins1000 | ip=192.168.5.176 | op=SEND_HEARTBEAT {datanodeUUID=6fc9f5bf-9d19-4424-b095-dbd8051c5d1f, command=[]} | ret=SUCCESS |  
2019-08-29 23:16:43,807 | INFO  | SCMAudit | user=jenkins1000 | ip=192.168.5.176 | op=SEND_HEARTBEAT {datanodeUUID=7b8ea038-0abd-40f8-b5e6-235888bbf81b, command=[]} | ret=SUCCESS |  
2019-08-29 23:16:43,871 | INFO  | SCMAudit | user=jenkins1000 | ip=192.168.5.176 | op=SEND_HEARTBEAT {datanodeUUID=fdf38f52-984e-464b-b063-6b40bc579090, command=[]} | ret=SUCCESS |  
2019-08-29 23:16:43,932 | INFO  | SCMAudit | user=jenkins1000 | ip=192.168.5.176 | op=SEND_HEARTBEAT {datanodeUUID=b91667ad-dd07-438b-a2aa-20d994bbddf1, command=[]} | ret=SUCCESS |  
2019-08-29 23:16:44,653 | INFO  | SCMAudit | user=jenkins1000 | ip=192.168.5.176 | op=SEND_HEARTBEAT {datanodeUUID=c28b6833-03f3-43d7-88dd-1eb93de0674c, command=[]} | ret=SUCCESS |  
2019-08-29 23:16:44,671 | INFO  | SCMAudit | user=jenkins1000 | ip=192.168.5.176 | op=SEND_HEARTBEAT {datanodeUUID=c2791d19-603b-4976-b3e9-7899a47ab15b, command=[]} | ret=SUCCESS |  
2019-08-29 23:16:44,671 | INFO  | SCMAudit | user=jenkins1000 | ip=192.168.5.176 | op=SEND_HEARTBEAT {datanodeUUID=91c146c8-9622-4fdf-af50-459baf835861, command=[]} | ret=SUCCESS |  
2019-08-29 23:16:44,732 | INFO  | SCMAudit | user=jenkins1000 | ip=192.168.5.176 | op=SEND_HEARTBEAT {datanodeUUID=6fc9f5bf-9d19-4424-b095-dbd8051c5d1f, command=[]} | ret=SUCCESS |  
2019-08-29 23:16:44,807 | INFO  | SCMAudit | user=jenkins1000 | ip=192.168.5.176 | op=SEND_HEARTBEAT {datanodeUUID=7b8ea038-0abd-40f8-b5e6-235888bbf81b, command=[]} | ret=SUCCESS |  
2019-08-29 23:16:44,872 | INFO  | SCMAudit | user=jenkins1000 | ip=192.168.5.176 | op=SEND_HEARTBEAT {datanodeUUID=fdf38f52-984e-464b-b063-6b40bc579090, command=[]} | ret=SUCCESS |  
2019-08-29 23:16:44,932 | INFO  | SCMAudit | user=jenkins1000 | ip=192.168.5.176 | op=SEND_HEARTBEAT {datanodeUUID=b91667ad-dd07-438b-a2aa-20d994bbddf1, command=[]} | ret=SUCCESS |  
2019-08-29 23:16:45,653 | INFO  | SCMAudit | user=jenkins1000 | ip=192.168.5.176 | op=SEND_HEARTBEAT {datanodeUUID=c28b6833-03f3-43d7-88dd-1eb93de0674c, command=[]} | ret=SUCCESS |  
2019-08-29 23:16:45,671 | INFO  | SCMAudit | user=jenkins1000 | ip=192.168.5.176 | op=SEND_HEARTBEAT {datanodeUUID=c2791d19-603b-4976-b3e9-7899a47ab15b, command=[]} | ret=SUCCESS |  
2019-08-29 23:16:45,671 | INFO  | SCMAudit | user=jenkins1000 | ip=192.168.5.176 | op=SEND_HEARTBEAT {datanodeUUID=91c146c8-9622-4fdf-af50-459baf835861, command=[]} | ret=SUCCESS |  
2019-08-29 23:16:45,732 | INFO  | SCMAudit | user=jenkins1000 | ip=192.168.5.176 | op=SEND_HEARTBEAT {datanodeUUID=6fc9f5bf-9d19-4424-b095-dbd8051c5d1f, command=[]} | ret=SUCCESS |  
2019-08-29 23:16:45,807 | INFO  | SCMAudit | user=jenkins1000 | ip=192.168.5.176 | op=SEND_HEARTBEAT {datanodeUUID=7b8ea038-0abd-40f8-b5e6-235888bbf81b, command=[]} | ret=SUCCESS |  
2019-08-29 23:16:45,871 | INFO  | SCMAudit | user=jenkins1000 | ip=192.168.5.176 | op=SEND_HEARTBEAT {datanodeUUID=fdf38f52-984e-464b-b063-6b40bc579090, command=[]} | ret=SUCCESS |  
2019-08-29 23:16:45,932 | INFO  | SCMAudit | user=jenkins1000 | ip=192.168.5.176 | op=SEND_HEARTBEAT {datanodeUUID=b91667ad-dd07-438b-a2aa-20d994bbddf1, command=[]} | ret=SUCCESS |  
2019-08-29 23:16:46,653 | INFO  | SCMAudit | user=jenkins1000 | ip=192.168.5.176 | op=SEND_HEARTBEAT {datanodeUUID=c28b6833-03f3-43d7-88dd-1eb93de0674c, command=[]} | ret=SUCCESS |  
2019-08-29 23:16:46,671 | INFO  | SCMAudit | user=jenkins1000 | ip=192.168.5.176 | op=SEND_HEARTBEAT {datanodeUUID=c2791d19-603b-4976-b3e9-7899a47ab15b, command=[]} | ret=SUCCESS |  
2019-08-29 23:16:46,671 | INFO  | SCMAudit | user=jenkins1000 | ip=192.168.5.176 | op=SEND_HEARTBEAT {datanodeUUID=91c146c8-9622-4fdf-af50-459baf835861, command=[]} | ret=SUCCESS |  
2019-08-29 23:16:46,732 | INFO  | SCMAudit | user=jenkins1000 | ip=192.168.5.176 | op=SEND_HEARTBEAT {datanodeUUID=6fc9f5bf-9d19-4424-b095-dbd8051c5d1f, command=[]} | ret=SUCCESS |  
2019-08-29 23:16:46,807 | INFO  | SCMAudit | user=jenkins1000 | ip=192.168.5.176 | op=SEND_HEARTBEAT {datanodeUUID=7b8ea038-0abd-40f8-b5e6-235888bbf81b, command=[]} | ret=SUCCESS |  
2019-08-29 23:16:46,871 | INFO  | SCMAudit | user=jenkins1000 | ip=192.168.5.176 | op=SEND_HEARTBEAT {datanodeUUID=fdf38f52-984e-464b-b063-6b40bc579090, command=[]} | ret=SUCCESS |  
2019-08-29 23:16:46,932 | INFO  | SCMAudit | user=jenkins1000 | ip=192.168.5.176 | op=SEND_HEARTBEAT {datanodeUUID=b91667ad-dd07-438b-a2aa-20d994bbddf1, command=[]} | ret=SUCCESS |  
2019-08-29 23:16:47,171 [grpc-default-executor-2] INFO  client.GrpcClientProtocolClient (GrpcClientProtocolClient.java:onNext(255)) - client-5CFC44E75E5D->91c146c8-9622-4fdf-af50-459baf835861: receive RaftClientReply:client-5CFC44E75E5D->91c146c8-9622-4fdf-af50-459baf835861@group-E13997D93674, cid=45, FAILED org.apache.ratis.protocol.NotLeaderException: Server 91c146c8-9622-4fdf-af50-459baf835861 is not the leader (c28b6833-03f3-43d7-88dd-1eb93de0674c:192.168.5.176:36768). Request must be sent to leader., logIndex=0, commits[91c146c8-9622-4fdf-af50-459baf835861:c8, c2791d19-603b-4976-b3e9-7899a47ab15b:c8, c28b6833-03f3-43d7-88dd-1eb93de0674c:c8]
2019-08-29 23:16:47,654 | INFO  | SCMAudit | user=jenkins1000 | ip=192.168.5.176 | op=SEND_HEARTBEAT {datanodeUUID=c28b6833-03f3-43d7-88dd-1eb93de0674c, command=[]} | ret=SUCCESS |  
2019-08-29 23:16:47,671 | INFO  | SCMAudit | user=jenkins1000 | ip=192.168.5.176 | op=SEND_HEARTBEAT {datanodeUUID=c2791d19-603b-4976-b3e9-7899a47ab15b, command=[]} | ret=SUCCESS |  
2019-08-29 23:16:47,672 | INFO  | SCMAudit | user=jenkins1000 | ip=192.168.5.176 | op=SEND_HEARTBEAT {datanodeUUID=91c146c8-9622-4fdf-af50-459baf835861, command=[]} | ret=SUCCESS |  
2019-08-29 23:16:47,732 | INFO  | SCMAudit | user=jenkins1000 | ip=192.168.5.176 | op=SEND_HEARTBEAT {datanodeUUID=6fc9f5bf-9d19-4424-b095-dbd8051c5d1f, command=[]} | ret=SUCCESS |  
2019-08-29 23:16:47,807 | INFO  | SCMAudit | user=jenkins1000 | ip=192.168.5.176 | op=SEND_HEARTBEAT {datanodeUUID=7b8ea038-0abd-40f8-b5e6-235888bbf81b, command=[]} | ret=SUCCESS |  
2019-08-29 23:16:47,871 | INFO  | SCMAudit | user=jenkins1000 | ip=192.168.5.176 | op=SEND_HEARTBEAT {datanodeUUID=fdf38f52-984e-464b-b063-6b40bc579090, command=[]} | ret=SUCCESS |  
2019-08-29 23:16:47,933 | INFO  | SCMAudit | user=jenkins1000 | ip=192.168.5.176 | op=SEND_HEARTBEAT {datanodeUUID=b91667ad-dd07-438b-a2aa-20d994bbddf1, command=[]} | ret=SUCCESS |  
2019-08-29 23:16:48,654 | INFO  | SCMAudit | user=jenkins1000 | ip=192.168.5.176 | op=SEND_HEARTBEAT {datanodeUUID=c28b6833-03f3-43d7-88dd-1eb93de0674c, command=[]} | ret=SUCCESS |  
2019-08-29 23:16:48,672 | INFO  | SCMAudit | user=jenkins1000 | ip=192.168.5.176 | op=SEND_HEARTBEAT {datanodeUUID=c2791d19-603b-4976-b3e9-7899a47ab15b, command=[]} | ret=SUCCESS |  
2019-08-29 23:16:48,672 | INFO  | SCMAudit | user=jenkins1000 | ip=192.168.5.176 | op=SEND_HEARTBEAT {datanodeUUID=91c146c8-9622-4fdf-af50-459baf835861, command=[]} | ret=SUCCESS |  
2019-08-29 23:16:48,732 | INFO  | SCMAudit | user=jenkins1000 | ip=192.168.5.176 | op=SEND_HEARTBEAT {datanodeUUID=6fc9f5bf-9d19-4424-b095-dbd8051c5d1f, command=[]} | ret=SUCCESS |  
2019-08-29 23:16:48,807 | INFO  | SCMAudit | user=jenkins1000 | ip=192.168.5.176 | op=SEND_HEARTBEAT {datanodeUUID=7b8ea038-0abd-40f8-b5e6-235888bbf81b, command=[]} | ret=SUCCESS |  
2019-08-29 23:16:48,872 | INFO  | SCMAudit | user=jenkins1000 | ip=192.168.5.176 | op=SEND_HEARTBEAT {datanodeUUID=fdf38f52-984e-464b-b063-6b40bc579090, command=[]} | ret=SUCCESS |  
2019-08-29 23:16:48,933 | INFO  | SCMAudit | user=jenkins1000 | ip=192.168.5.176 | op=SEND_HEARTBEAT {datanodeUUID=b91667ad-dd07-438b-a2aa-20d994bbddf1, command=[]} | ret=SUCCESS |  
2019-08-29 23:16:49,653 | INFO  | SCMAudit | user=jenkins1000 | ip=192.168.5.176 | op=SEND_HEARTBEAT {datanodeUUID=c28b6833-03f3-43d7-88dd-1eb93de0674c, command=[]} | ret=SUCCESS |  
2019-08-29 23:16:49,672 | INFO  | SCMAudit | user=jenkins1000 | ip=192.168.5.176 | op=SEND_HEARTBEAT {datanodeUUID=c2791d19-603b-4976-b3e9-7899a47ab15b, command=[]} | ret=SUCCESS |  
2019-08-29 23:16:49,672 | INFO  | SCMAudit | user=jenkins1000 | ip=192.168.5.176 | op=SEND_HEARTBEAT {datanodeUUID=91c146c8-9622-4fdf-af50-459baf835861, command=[]} | ret=SUCCESS |  
2019-08-29 23:16:49,733 | INFO  | SCMAudit | user=jenkins1000 | ip=192.168.5.176 | op=SEND_HEARTBEAT {datanodeUUID=6fc9f5bf-9d19-4424-b095-dbd8051c5d1f, command=[]} | ret=SUCCESS |  
2019-08-29 23:16:49,807 | INFO  | SCMAudit | user=jenkins1000 | ip=192.168.5.176 | op=SEND_HEARTBEAT {datanodeUUID=7b8ea038-0abd-40f8-b5e6-235888bbf81b, command=[]} | ret=SUCCESS |  
2019-08-29 23:16:49,872 | INFO  | SCMAudit | user=jenkins1000 | ip=192.168.5.176 | op=SEND_HEARTBEAT {datanodeUUID=fdf38f52-984e-464b-b063-6b40bc579090, command=[]} | ret=SUCCESS |  
2019-08-29 23:16:49,933 | INFO  | SCMAudit | user=jenkins1000 | ip=192.168.5.176 | op=SEND_HEARTBEAT {datanodeUUID=b91667ad-dd07-438b-a2aa-20d994bbddf1, command=[]} | ret=SUCCESS |  
2019-08-29 23:16:50,653 | INFO  | SCMAudit | user=jenkins1000 | ip=192.168.5.176 | op=SEND_HEARTBEAT {datanodeUUID=c28b6833-03f3-43d7-88dd-1eb93de0674c, command=[]} | ret=SUCCESS |  
2019-08-29 23:16:50,673 | INFO  | SCMAudit | user=jenkins1000 | ip=192.168.5.176 | op=SEND_HEARTBEAT {datanodeUUID=c2791d19-603b-4976-b3e9-7899a47ab15b, command=[]} | ret=SUCCESS |  
2019-08-29 23:16:50,673 | INFO  | SCMAudit | user=jenkins1000 | ip=192.168.5.176 | op=SEND_HEARTBEAT {datanodeUUID=91c146c8-9622-4fdf-af50-459baf835861, command=[]} | ret=SUCCESS |  
2019-08-29 23:16:50,733 | INFO  | SCMAudit | user=jenkins1000 | ip=192.168.5.176 | op=SEND_HEARTBEAT {datanodeUUID=6fc9f5bf-9d19-4424-b095-dbd8051c5d1f, command=[]} | ret=SUCCESS |  
2019-08-29 23:16:50,808 | INFO  | SCMAudit | user=jenkins1000 | ip=192.168.5.176 | op=SEND_HEARTBEAT {datanodeUUID=7b8ea038-0abd-40f8-b5e6-235888bbf81b, command=[]} | ret=SUCCESS |  
2019-08-29 23:16:50,872 | INFO  | SCMAudit | user=jenkins1000 | ip=192.168.5.176 | op=SEND_HEARTBEAT {datanodeUUID=fdf38f52-984e-464b-b063-6b40bc579090, command=[]} | ret=SUCCESS |  
2019-08-29 23:16:50,934 | INFO  | SCMAudit | user=jenkins1000 | ip=192.168.5.176 | op=SEND_HEARTBEAT {datanodeUUID=b91667ad-dd07-438b-a2aa-20d994bbddf1, command=[]} | ret=SUCCESS |  
2019-08-29 23:16:51,654 | INFO  | SCMAudit | user=jenkins1000 | ip=192.168.5.176 | op=SEND_HEARTBEAT {datanodeUUID=c28b6833-03f3-43d7-88dd-1eb93de0674c, command=[]} | ret=SUCCESS |  
2019-08-29 23:16:51,672 | INFO  | SCMAudit | user=jenkins1000 | ip=192.168.5.176 | op=SEND_HEARTBEAT {datanodeUUID=91c146c8-9622-4fdf-af50-459baf835861, command=[]} | ret=SUCCESS |  
2019-08-29 23:16:51,672 | INFO  | SCMAudit | user=jenkins1000 | ip=192.168.5.176 | op=SEND_HEARTBEAT {datanodeUUID=c2791d19-603b-4976-b3e9-7899a47ab15b, command=[]} | ret=SUCCESS |  
2019-08-29 23:16:51,733 | INFO  | SCMAudit | user=jenkins1000 | ip=192.168.5.176 | op=SEND_HEARTBEAT {datanodeUUID=6fc9f5bf-9d19-4424-b095-dbd8051c5d1f, command=[]} | ret=SUCCESS |  
2019-08-29 23:16:51,808 | INFO  | SCMAudit | user=jenkins1000 | ip=192.168.5.176 | op=SEND_HEARTBEAT {datanodeUUID=7b8ea038-0abd-40f8-b5e6-235888bbf81b, command=[]} | ret=SUCCESS |  
2019-08-29 23:16:51,872 | INFO  | SCMAudit | user=jenkins1000 | ip=192.168.5.176 | op=SEND_HEARTBEAT {datanodeUUID=fdf38f52-984e-464b-b063-6b40bc579090, command=[]} | ret=SUCCESS |  
2019-08-29 23:16:51,934 | INFO  | SCMAudit | user=jenkins1000 | ip=192.168.5.176 | op=SEND_HEARTBEAT {datanodeUUID=b91667ad-dd07-438b-a2aa-20d994bbddf1, command=[]} | ret=SUCCESS |  
2019-08-29 23:16:52,224 [grpc-default-executor-2] INFO  client.GrpcClientProtocolClient (GrpcClientProtocolClient.java:onNext(255)) - client-5CFC44E75E5D->c2791d19-603b-4976-b3e9-7899a47ab15b: receive RaftClientReply:client-5CFC44E75E5D->c2791d19-603b-4976-b3e9-7899a47ab15b@group-E13997D93674, cid=45, FAILED org.apache.ratis.protocol.NotLeaderException: Server c2791d19-603b-4976-b3e9-7899a47ab15b is not the leader (c28b6833-03f3-43d7-88dd-1eb93de0674c:192.168.5.176:36768). Request must be sent to leader., logIndex=0, commits[c2791d19-603b-4976-b3e9-7899a47ab15b:c8, c28b6833-03f3-43d7-88dd-1eb93de0674c:c8, 91c146c8-9622-4fdf-af50-459baf835861:c8]
2019-08-29 23:16:52,654 | INFO  | SCMAudit | user=jenkins1000 | ip=192.168.5.176 | op=SEND_HEARTBEAT {datanodeUUID=c28b6833-03f3-43d7-88dd-1eb93de0674c, command=[]} | ret=SUCCESS |  
2019-08-29 23:16:52,672 | INFO  | SCMAudit | user=jenkins1000 | ip=192.168.5.176 | op=SEND_HEARTBEAT {datanodeUUID=c2791d19-603b-4976-b3e9-7899a47ab15b, command=[]} | ret=SUCCESS |  
2019-08-29 23:16:52,672 | INFO  | SCMAudit | user=jenkins1000 | ip=192.168.5.176 | op=SEND_HEARTBEAT {datanodeUUID=91c146c8-9622-4fdf-af50-459baf835861, command=[]} | ret=SUCCESS |  
2019-08-29 23:16:52,733 | INFO  | SCMAudit | user=jenkins1000 | ip=192.168.5.176 | op=SEND_HEARTBEAT {datanodeUUID=6fc9f5bf-9d19-4424-b095-dbd8051c5d1f, command=[]} | ret=SUCCESS |  
2019-08-29 23:16:52,808 | INFO  | SCMAudit | user=jenkins1000 | ip=192.168.5.176 | op=SEND_HEARTBEAT {datanodeUUID=7b8ea038-0abd-40f8-b5e6-235888bbf81b, command=[]} | ret=SUCCESS |  
2019-08-29 23:16:52,874 | INFO  | SCMAudit | user=jenkins1000 | ip=192.168.5.176 | op=SEND_HEARTBEAT {datanodeUUID=fdf38f52-984e-464b-b063-6b40bc579090, command=[]} | ret=SUCCESS |  
2019-08-29 23:16:52,934 | INFO  | SCMAudit | user=jenkins1000 | ip=192.168.5.176 | op=SEND_HEARTBEAT {datanodeUUID=b91667ad-dd07-438b-a2aa-20d994bbddf1, command=[]} | ret=SUCCESS |  
2019-08-29 23:16:53,653 | INFO  | SCMAudit | user=jenkins1000 | ip=192.168.5.176 | op=SEND_HEARTBEAT {datanodeUUID=c28b6833-03f3-43d7-88dd-1eb93de0674c, command=[]} | ret=SUCCESS |  
2019-08-29 23:16:53,672 | INFO  | SCMAudit | user=jenkins1000 | ip=192.168.5.176 | op=SEND_HEARTBEAT {datanodeUUID=c2791d19-603b-4976-b3e9-7899a47ab15b, command=[]} | ret=SUCCESS |  
2019-08-29 23:16:53,672 | INFO  | SCMAudit | user=jenkins1000 | ip=192.168.5.176 | op=SEND_HEARTBEAT {datanodeUUID=91c146c8-9622-4fdf-af50-459baf835861, command=[]} | ret=SUCCESS |  
2019-08-29 23:16:53,733 | INFO  | SCMAudit | user=jenkins1000 | ip=192.168.5.176 | op=SEND_HEARTBEAT {datanodeUUID=6fc9f5bf-9d19-4424-b095-dbd8051c5d1f, command=[]} | ret=SUCCESS |  
2019-08-29 23:16:53,808 | INFO  | SCMAudit | user=jenkins1000 | ip=192.168.5.176 | op=SEND_HEARTBEAT {datanodeUUID=7b8ea038-0abd-40f8-b5e6-235888bbf81b, command=[]} | ret=SUCCESS |  
2019-08-29 23:16:53,874 | INFO  | SCMAudit | user=jenkins1000 | ip=192.168.5.176 | op=SEND_HEARTBEAT {datanodeUUID=fdf38f52-984e-464b-b063-6b40bc579090, command=[]} | ret=SUCCESS |  
2019-08-29 23:16:53,934 | INFO  | SCMAudit | user=jenkins1000 | ip=192.168.5.176 | op=SEND_HEARTBEAT {datanodeUUID=b91667ad-dd07-438b-a2aa-20d994bbddf1, command=[]} | ret=SUCCESS |  
2019-08-29 23:16:54,653 | INFO  | SCMAudit | user=jenkins1000 | ip=192.168.5.176 | op=SEND_HEARTBEAT {datanodeUUID=c28b6833-03f3-43d7-88dd-1eb93de0674c, command=[]} | ret=SUCCESS |  
2019-08-29 23:16:54,672 | INFO  | SCMAudit | user=jenkins1000 | ip=192.168.5.176 | op=SEND_HEARTBEAT {datanodeUUID=c2791d19-603b-4976-b3e9-7899a47ab15b, command=[]} | ret=SUCCESS |  
2019-08-29 23:16:54,672 | INFO  | SCMAudit | user=jenkins1000 | ip=192.168.5.176 | op=SEND_HEARTBEAT {datanodeUUID=91c146c8-9622-4fdf-af50-459baf835861, command=[]} | ret=SUCCESS |  
2019-08-29 23:16:54,733 | INFO  | SCMAudit | user=jenkins1000 | ip=192.168.5.176 | op=SEND_HEARTBEAT {datanodeUUID=6fc9f5bf-9d19-4424-b095-dbd8051c5d1f, command=[]} | ret=SUCCESS |  
2019-08-29 23:16:54,808 | INFO  | SCMAudit | user=jenkins1000 | ip=192.168.5.176 | op=SEND_HEARTBEAT {datanodeUUID=7b8ea038-0abd-40f8-b5e6-235888bbf81b, command=[]} | ret=SUCCESS |  
2019-08-29 23:16:54,874 | INFO  | SCMAudit | user=jenkins1000 | ip=192.168.5.176 | op=SEND_HEARTBEAT {datanodeUUID=fdf38f52-984e-464b-b063-6b40bc579090, command=[]} | ret=SUCCESS |  
2019-08-29 23:16:54,934 | INFO  | SCMAudit | user=jenkins1000 | ip=192.168.5.176 | op=SEND_HEARTBEAT {datanodeUUID=b91667ad-dd07-438b-a2aa-20d994bbddf1, command=[]} | ret=SUCCESS |  
2019-08-29 23:16:55,654 | INFO  | SCMAudit | user=jenkins1000 | ip=192.168.5.176 | op=SEND_HEARTBEAT {datanodeUUID=c28b6833-03f3-43d7-88dd-1eb93de0674c, command=[]} | ret=SUCCESS |  
2019-08-29 23:16:55,672 | INFO  | SCMAudit | user=jenkins1000 | ip=192.168.5.176 | op=SEND_HEARTBEAT {datanodeUUID=c2791d19-603b-4976-b3e9-7899a47ab15b, command=[]} | ret=SUCCESS |  
2019-08-29 23:16:55,673 | INFO  | SCMAudit | user=jenkins1000 | ip=192.168.5.176 | op=SEND_HEARTBEAT {datanodeUUID=91c146c8-9622-4fdf-af50-459baf835861, command=[]} | ret=SUCCESS |  
2019-08-29 23:16:55,733 | INFO  | SCMAudit | user=jenkins1000 | ip=192.168.5.176 | op=SEND_HEARTBEAT {datanodeUUID=6fc9f5bf-9d19-4424-b095-dbd8051c5d1f, command=[]} | ret=SUCCESS |  
2019-08-29 23:16:55,808 | INFO  | SCMAudit | user=jenkins1000 | ip=192.168.5.176 | op=SEND_HEARTBEAT {datanodeUUID=7b8ea038-0abd-40f8-b5e6-235888bbf81b, command=[]} | ret=SUCCESS |  
2019-08-29 23:16:55,874 | INFO  | SCMAudit | user=jenkins1000 | ip=192.168.5.176 | op=SEND_HEARTBEAT {datanodeUUID=fdf38f52-984e-464b-b063-6b40bc579090, command=[]} | ret=SUCCESS |  
2019-08-29 23:16:55,934 | INFO  | SCMAudit | user=jenkins1000 | ip=192.168.5.176 | op=SEND_HEARTBEAT {datanodeUUID=b91667ad-dd07-438b-a2aa-20d994bbddf1, command=[]} | ret=SUCCESS |  
2019-08-29 23:16:56,654 | INFO  | SCMAudit | user=jenkins1000 | ip=192.168.5.176 | op=SEND_HEARTBEAT {datanodeUUID=c28b6833-03f3-43d7-88dd-1eb93de0674c, command=[]} | ret=SUCCESS |  
2019-08-29 23:16:56,933 | INFO  | SCMAudit | user=jenkins1000 | ip=192.168.5.176 | op=SEND_HEARTBEAT {datanodeUUID=91c146c8-9622-4fdf-af50-459baf835861, command=[]} | ret=SUCCESS |  
2019-08-29 23:16:56,939 | INFO  | SCMAudit | user=jenkins1000 | ip=192.168.5.176 | op=SEND_HEARTBEAT {datanodeUUID=c2791d19-603b-4976-b3e9-7899a47ab15b, command=[]} | ret=SUCCESS |  
2019-08-29 23:16:57,007 | INFO  | SCMAudit | user=jenkins1000 | ip=192.168.5.176 | op=SEND_HEARTBEAT {datanodeUUID=b91667ad-dd07-438b-a2aa-20d994bbddf1, command=[]} | ret=SUCCESS |  
2019-08-29 23:16:57,012 | INFO  | SCMAudit | user=jenkins1000 | ip=192.168.5.176 | op=SEND_HEARTBEAT {datanodeUUID=fdf38f52-984e-464b-b063-6b40bc579090, command=[]} | ret=SUCCESS |  
2019-08-29 23:16:57,017 | INFO  | SCMAudit | user=jenkins1000 | ip=192.168.5.176 | op=SEND_HEARTBEAT {datanodeUUID=6fc9f5bf-9d19-4424-b095-dbd8051c5d1f, command=[]} | ret=SUCCESS |  
2019-08-29 23:16:57,017 | INFO  | SCMAudit | user=jenkins1000 | ip=192.168.5.176 | op=SEND_HEARTBEAT {datanodeUUID=7b8ea038-0abd-40f8-b5e6-235888bbf81b, command=[]} | ret=SUCCESS |  
2019-08-29 23:16:57,279 [grpc-default-executor-2] INFO  client.GrpcClientProtocolClient (GrpcClientProtocolClient.java:onNext(255)) - client-5CFC44E75E5D->91c146c8-9622-4fdf-af50-459baf835861: receive RaftClientReply:client-5CFC44E75E5D->91c146c8-9622-4fdf-af50-459baf835861@group-E13997D93674, cid=45, FAILED org.apache.ratis.protocol.NotLeaderException: Server 91c146c8-9622-4fdf-af50-459baf835861 is not the leader (c28b6833-03f3-43d7-88dd-1eb93de0674c:192.168.5.176:36768). Request must be sent to leader., logIndex=0, commits[91c146c8-9622-4fdf-af50-459baf835861:c8, c2791d19-603b-4976-b3e9-7899a47ab15b:c8, c28b6833-03f3-43d7-88dd-1eb93de0674c:c8]
2019-08-29 23:16:57,654 | INFO  | SCMAudit | user=jenkins1000 | ip=192.168.5.176 | op=SEND_HEARTBEAT {datanodeUUID=c28b6833-03f3-43d7-88dd-1eb93de0674c, command=[]} | ret=SUCCESS |  
2019-08-29 23:16:57,672 | INFO  | SCMAudit | user=jenkins1000 | ip=192.168.5.176 | op=SEND_HEARTBEAT {datanodeUUID=91c146c8-9622-4fdf-af50-459baf835861, command=[]} | ret=SUCCESS |  
2019-08-29 23:16:57,672 | INFO  | SCMAudit | user=jenkins1000 | ip=192.168.5.176 | op=SEND_HEARTBEAT {datanodeUUID=c2791d19-603b-4976-b3e9-7899a47ab15b, command=[]} | ret=SUCCESS |  
2019-08-29 23:16:57,934 | INFO  | SCMAudit | user=jenkins1000 | ip=192.168.5.176 | op=SEND_HEARTBEAT {datanodeUUID=b91667ad-dd07-438b-a2aa-20d994bbddf1, command=[]} | ret=SUCCESS |  
2019-08-29 23:16:57,934 | INFO  | SCMAudit | user=jenkins1000 | ip=192.168.5.176 | op=SEND_HEARTBEAT {datanodeUUID=fdf38f52-984e-464b-b063-6b40bc579090, command=[]} | ret=SUCCESS |  
2019-08-29 23:16:57,934 | INFO  | SCMAudit | user=jenkins1000 | ip=192.168.5.176 | op=SEND_HEARTBEAT {datanodeUUID=7b8ea038-0abd-40f8-b5e6-235888bbf81b, command=[]} | ret=SUCCESS |  
2019-08-29 23:16:57,940 | INFO  | SCMAudit | user=jenkins1000 | ip=192.168.5.176 | op=SEND_HEARTBEAT {datanodeUUID=6fc9f5bf-9d19-4424-b095-dbd8051c5d1f, command=[]} | ret=SUCCESS |  
2019-08-29 23:16:58,654 | INFO  | SCMAudit | user=jenkins1000 | ip=192.168.5.176 | op=SEND_HEARTBEAT {datanodeUUID=c28b6833-03f3-43d7-88dd-1eb93de0674c, command=[]} | ret=SUCCESS |  
2019-08-29 23:16:58,672 | INFO  | SCMAudit | user=jenkins1000 | ip=192.168.5.176 | op=SEND_HEARTBEAT {datanodeUUID=91c146c8-9622-4fdf-af50-459baf835861, command=[]} | ret=SUCCESS |  
2019-08-29 23:16:58,672 | INFO  | SCMAudit | user=jenkins1000 | ip=192.168.5.176 | op=SEND_HEARTBEAT {datanodeUUID=c2791d19-603b-4976-b3e9-7899a47ab15b, command=[]} | ret=SUCCESS |  
2019-08-29 23:16:58,935 | INFO  | SCMAudit | user=jenkins1000 | ip=192.168.5.176 | op=SEND_HEARTBEAT {datanodeUUID=b91667ad-dd07-438b-a2aa-20d994bbddf1, command=[]} | ret=SUCCESS |  
2019-08-29 23:16:58,935 | INFO  | SCMAudit | user=jenkins1000 | ip=192.168.5.176 | op=SEND_HEARTBEAT {datanodeUUID=fdf38f52-984e-464b-b063-6b40bc579090, command=[]} | ret=SUCCESS |  
2019-08-29 23:16:58,935 | INFO  | SCMAudit | user=jenkins1000 | ip=192.168.5.176 | op=SEND_HEARTBEAT {datanodeUUID=7b8ea038-0abd-40f8-b5e6-235888bbf81b, command=[]} | ret=SUCCESS |  
2019-08-29 23:16:58,940 | INFO  | SCMAudit | user=jenkins1000 | ip=192.168.5.176 | op=SEND_HEARTBEAT {datanodeUUID=6fc9f5bf-9d19-4424-b095-dbd8051c5d1f, command=[]} | ret=SUCCESS |  
2019-08-29 23:16:59,655 | INFO  | SCMAudit | user=jenkins1000 | ip=192.168.5.176 | op=SEND_HEARTBEAT {datanodeUUID=c28b6833-03f3-43d7-88dd-1eb93de0674c, command=[]} | ret=SUCCESS |  
2019-08-29 23:16:59,672 | INFO  | SCMAudit | user=jenkins1000 | ip=192.168.5.176 | op=SEND_HEARTBEAT {datanodeUUID=c2791d19-603b-4976-b3e9-7899a47ab15b, command=[]} | ret=SUCCESS |  
2019-08-29 23:16:59,672 | INFO  | SCMAudit | user=jenkins1000 | ip=192.168.5.176 | op=SEND_HEARTBEAT {datanodeUUID=91c146c8-9622-4fdf-af50-459baf835861, command=[]} | ret=SUCCESS |  
2019-08-29 23:16:59,934 | INFO  | SCMAudit | user=jenkins1000 | ip=192.168.5.176 | op=SEND_HEARTBEAT {datanodeUUID=b91667ad-dd07-438b-a2aa-20d994bbddf1, command=[]} | ret=SUCCESS |  
2019-08-29 23:16:59,936 | INFO  | SCMAudit | user=jenkins1000 | ip=192.168.5.176 | op=SEND_HEARTBEAT {datanodeUUID=fdf38f52-984e-464b-b063-6b40bc579090, command=[]} | ret=SUCCESS |  
2019-08-29 23:16:59,936 | INFO  | SCMAudit | user=jenkins1000 | ip=192.168.5.176 | op=SEND_HEARTBEAT {datanodeUUID=7b8ea038-0abd-40f8-b5e6-235888bbf81b, command=[]} | ret=SUCCESS |  
2019-08-29 23:16:59,940 | INFO  | SCMAudit | user=jenkins1000 | ip=192.168.5.176 | op=SEND_HEARTBEAT {datanodeUUID=6fc9f5bf-9d19-4424-b095-dbd8051c5d1f, command=[]} | ret=SUCCESS |  
2019-08-29 23:17:00,654 | INFO  | SCMAudit | user=jenkins1000 | ip=192.168.5.176 | op=SEND_HEARTBEAT {datanodeUUID=c28b6833-03f3-43d7-88dd-1eb93de0674c, command=[]} | ret=SUCCESS |  
2019-08-29 23:17:00,672 | INFO  | SCMAudit | user=jenkins1000 | ip=192.168.5.176 | op=SEND_HEARTBEAT {datanodeUUID=91c146c8-9622-4fdf-af50-459baf835861, command=[]} | ret=SUCCESS |  
2019-08-29 23:17:00,672 | INFO  | SCMAudit | user=jenkins1000 | ip=192.168.5.176 | op=SEND_HEARTBEAT {datanodeUUID=c2791d19-603b-4976-b3e9-7899a47ab15b, command=[]} | ret=SUCCESS |  
2019-08-29 23:17:00,935 | INFO  | SCMAudit | user=jenkins1000 | ip=192.168.5.176 | op=SEND_HEARTBEAT {datanodeUUID=b91667ad-dd07-438b-a2aa-20d994bbddf1, command=[]} | ret=SUCCESS |  
2019-08-29 23:17:00,935 | INFO  | SCMAudit | user=jenkins1000 | ip=192.168.5.176 | op=SEND_HEARTBEAT {datanodeUUID=fdf38f52-984e-464b-b063-6b40bc579090, command=[]} | ret=SUCCESS |  
2019-08-29 23:17:00,935 | INFO  | SCMAudit | user=jenkins1000 | ip=192.168.5.176 | op=SEND_HEARTBEAT {datanodeUUID=7b8ea038-0abd-40f8-b5e6-235888bbf81b, command=[]} | ret=SUCCESS |  
2019-08-29 23:17:00,940 | INFO  | SCMAudit | user=jenkins1000 | ip=192.168.5.176 | op=SEND_HEARTBEAT {datanodeUUID=6fc9f5bf-9d19-4424-b095-dbd8051c5d1f, command=[]} | ret=SUCCESS |  
2019-08-29 23:17:01,655 | INFO  | SCMAudit | user=jenkins1000 | ip=192.168.5.176 | op=SEND_HEARTBEAT {datanodeUUID=c28b6833-03f3-43d7-88dd-1eb93de0674c, command=[]} | ret=SUCCESS |  
2019-08-29 23:17:01,672 | INFO  | SCMAudit | user=jenkins1000 | ip=192.168.5.176 | op=SEND_HEARTBEAT {datanodeUUID=c2791d19-603b-4976-b3e9-7899a47ab15b, command=[]} | ret=SUCCESS |  
2019-08-29 23:17:01,672 | INFO  | SCMAudit | user=jenkins1000 | ip=192.168.5.176 | op=SEND_HEARTBEAT {datanodeUUID=91c146c8-9622-4fdf-af50-459baf835861, command=[]} | ret=SUCCESS |  
2019-08-29 23:17:01,934 | INFO  | SCMAudit | user=jenkins1000 | ip=192.168.5.176 | op=SEND_HEARTBEAT {datanodeUUID=b91667ad-dd07-438b-a2aa-20d994bbddf1, command=[]} | ret=SUCCESS |  
2019-08-29 23:17:01,935 | INFO  | SCMAudit | user=jenkins1000 | ip=192.168.5.176 | op=SEND_HEARTBEAT {datanodeUUID=fdf38f52-984e-464b-b063-6b40bc579090, command=[]} | ret=SUCCESS |  
2019-08-29 23:17:01,936 | INFO  | SCMAudit | user=jenkins1000 | ip=192.168.5.176 | op=SEND_HEARTBEAT {datanodeUUID=7b8ea038-0abd-40f8-b5e6-235888bbf81b, command=[]} | ret=SUCCESS |  
2019-08-29 23:17:01,940 | INFO  | SCMAudit | user=jenkins1000 | ip=192.168.5.176 | op=SEND_HEARTBEAT {datanodeUUID=6fc9f5bf-9d19-4424-b095-dbd8051c5d1f, command=[]} | ret=SUCCESS |  
2019-08-29 23:17:02,317 [grpc-default-executor-0] INFO  client.GrpcClientProtocolClient (GrpcClientProtocolClient.java:onNext(255)) - client-5CFC44E75E5D->c2791d19-603b-4976-b3e9-7899a47ab15b: receive RaftClientReply:client-5CFC44E75E5D->c2791d19-603b-4976-b3e9-7899a47ab15b@group-E13997D93674, cid=45, FAILED org.apache.ratis.protocol.NotLeaderException: Server c2791d19-603b-4976-b3e9-7899a47ab15b is not the leader (c28b6833-03f3-43d7-88dd-1eb93de0674c:192.168.5.176:36768). Request must be sent to leader., logIndex=0, commits[c2791d19-603b-4976-b3e9-7899a47ab15b:c8, c28b6833-03f3-43d7-88dd-1eb93de0674c:c8, 91c146c8-9622-4fdf-af50-459baf835861:c8]
2019-08-29 23:17:02,655 | INFO  | SCMAudit | user=jenkins1000 | ip=192.168.5.176 | op=SEND_HEARTBEAT {datanodeUUID=c28b6833-03f3-43d7-88dd-1eb93de0674c, command=[]} | ret=SUCCESS |  
2019-08-29 23:17:02,672 | INFO  | SCMAudit | user=jenkins1000 | ip=192.168.5.176 | op=SEND_HEARTBEAT {datanodeUUID=91c146c8-9622-4fdf-af50-459baf835861, command=[]} | ret=SUCCESS |  
2019-08-29 23:17:02,672 | INFO  | SCMAudit | user=jenkins1000 | ip=192.168.5.176 | op=SEND_HEARTBEAT {datanodeUUID=c2791d19-603b-4976-b3e9-7899a47ab15b, command=[]} | ret=SUCCESS |  
2019-08-29 23:17:02,935 | INFO  | SCMAudit | user=jenkins1000 | ip=192.168.5.176 | op=SEND_HEARTBEAT {datanodeUUID=b91667ad-dd07-438b-a2aa-20d994bbddf1, command=[]} | ret=SUCCESS |  
2019-08-29 23:17:02,935 | INFO  | SCMAudit | user=jenkins1000 | ip=192.168.5.176 | op=SEND_HEARTBEAT {datanodeUUID=fdf38f52-984e-464b-b063-6b40bc579090, command=[]} | ret=SUCCESS |  
2019-08-29 23:17:02,935 | INFO  | SCMAudit | user=jenkins1000 | ip=192.168.5.176 | op=SEND_HEARTBEAT {datanodeUUID=7b8ea038-0abd-40f8-b5e6-235888bbf81b, command=[]} | ret=SUCCESS |  
2019-08-29 23:17:02,940 | INFO  | SCMAudit | user=jenkins1000 | ip=192.168.5.176 | op=SEND_HEARTBEAT {datanodeUUID=6fc9f5bf-9d19-4424-b095-dbd8051c5d1f, command=[]} | ret=SUCCESS |  
2019-08-29 23:17:03,655 | INFO  | SCMAudit | user=jenkins1000 | ip=192.168.5.176 | op=SEND_HEARTBEAT {datanodeUUID=c28b6833-03f3-43d7-88dd-1eb93de0674c, command=[]} | ret=SUCCESS |  
2019-08-29 23:17:03,672 | INFO  | SCMAudit | user=jenkins1000 | ip=192.168.5.176 | op=SEND_HEARTBEAT {datanodeUUID=c2791d19-603b-4976-b3e9-7899a47ab15b, command=[]} | ret=SUCCESS |  
2019-08-29 23:17:03,672 | INFO  | SCMAudit | user=jenkins1000 | ip=192.168.5.176 | op=SEND_HEARTBEAT {datanodeUUID=91c146c8-9622-4fdf-af50-459baf835861, command=[]} | ret=SUCCESS |  
2019-08-29 23:17:03,934 | INFO  | SCMAudit | user=jenkins1000 | ip=192.168.5.176 | op=SEND_HEARTBEAT {datanodeUUID=b91667ad-dd07-438b-a2aa-20d994bbddf1, command=[]} | ret=SUCCESS |  
2019-08-29 23:17:03,935 | INFO  | SCMAudit | user=jenkins1000 | ip=192.168.5.176 | op=SEND_HEARTBEAT {datanodeUUID=7b8ea038-0abd-40f8-b5e6-235888bbf81b, command=[]} | ret=SUCCESS |  
2019-08-29 23:17:03,936 | INFO  | SCMAudit | user=jenkins1000 | ip=192.168.5.176 | op=SEND_HEARTBEAT {datanodeUUID=fdf38f52-984e-464b-b063-6b40bc579090, command=[]} | ret=SUCCESS |  
2019-08-29 23:17:03,940 | INFO  | SCMAudit | user=jenkins1000 | ip=192.168.5.176 | op=SEND_HEARTBEAT {datanodeUUID=6fc9f5bf-9d19-4424-b095-dbd8051c5d1f, command=[]} | ret=SUCCESS |  
2019-08-29 23:17:04,655 | INFO  | SCMAudit | user=jenkins1000 | ip=192.168.5.176 | op=SEND_HEARTBEAT {datanodeUUID=c28b6833-03f3-43d7-88dd-1eb93de0674c, command=[]} | ret=SUCCESS |  
2019-08-29 23:17:04,672 | INFO  | SCMAudit | user=jenkins1000 | ip=192.168.5.176 | op=SEND_HEARTBEAT {datanodeUUID=c2791d19-603b-4976-b3e9-7899a47ab15b, command=[]} | ret=SUCCESS |  
2019-08-29 23:17:04,672 | INFO  | SCMAudit | user=jenkins1000 | ip=192.168.5.176 | op=SEND_HEARTBEAT {datanodeUUID=91c146c8-9622-4fdf-af50-459baf835861, command=[]} | ret=SUCCESS |  
2019-08-29 23:17:04,934 | INFO  | SCMAudit | user=jenkins1000 | ip=192.168.5.176 | op=SEND_HEARTBEAT {datanodeUUID=b91667ad-dd07-438b-a2aa-20d994bbddf1, command=[]} | ret=SUCCESS |  
2019-08-29 23:17:04,936 | INFO  | SCMAudit | user=jenkins1000 | ip=192.168.5.176 | op=SEND_HEARTBEAT {datanodeUUID=7b8ea038-0abd-40f8-b5e6-235888bbf81b, command=[]} | ret=SUCCESS |  
2019-08-29 23:17:04,937 | INFO  | SCMAudit | user=jenkins1000 | ip=192.168.5.176 | op=SEND_HEARTBEAT {datanodeUUID=fdf38f52-984e-464b-b063-6b40bc579090, command=[]} | ret=SUCCESS |  
2019-08-29 23:17:04,940 | INFO  | SCMAudit | user=jenkins1000 | ip=192.168.5.176 | op=SEND_HEARTBEAT {datanodeUUID=6fc9f5bf-9d19-4424-b095-dbd8051c5d1f, command=[]} | ret=SUCCESS |  
2019-08-29 23:17:05,656 | INFO  | SCMAudit | user=jenkins1000 | ip=192.168.5.176 | op=SEND_HEARTBEAT {datanodeUUID=c28b6833-03f3-43d7-88dd-1eb93de0674c, command=[]} | ret=SUCCESS |  
2019-08-29 23:17:05,672 | INFO  | SCMAudit | user=jenkins1000 | ip=192.168.5.176 | op=SEND_HEARTBEAT {datanodeUUID=91c146c8-9622-4fdf-af50-459baf835861, command=[]} | ret=SUCCESS |  
2019-08-29 23:17:05,672 | INFO  | SCMAudit | user=jenkins1000 | ip=192.168.5.176 | op=SEND_HEARTBEAT {datanodeUUID=c2791d19-603b-4976-b3e9-7899a47ab15b, command=[]} | ret=SUCCESS |  
2019-08-29 23:17:05,934 | INFO  | SCMAudit | user=jenkins1000 | ip=192.168.5.176 | op=SEND_HEARTBEAT {datanodeUUID=b91667ad-dd07-438b-a2aa-20d994bbddf1, command=[]} | ret=SUCCESS |  
2019-08-29 23:17:05,936 | INFO  | SCMAudit | user=jenkins1000 | ip=192.168.5.176 | op=SEND_HEARTBEAT {datanodeUUID=7b8ea038-0abd-40f8-b5e6-235888bbf81b, command=[]} | ret=SUCCESS |  
2019-08-29 23:17:05,937 | INFO  | SCMAudit | user=jenkins1000 | ip=192.168.5.176 | op=SEND_HEARTBEAT {datanodeUUID=fdf38f52-984e-464b-b063-6b40bc579090, command=[]} | ret=SUCCESS |  
2019-08-29 23:17:05,940 | INFO  | SCMAudit | user=jenkins1000 | ip=192.168.5.176 | op=SEND_HEARTBEAT {datanodeUUID=6fc9f5bf-9d19-4424-b095-dbd8051c5d1f, command=[]} | ret=SUCCESS |  
2019-08-29 23:17:06,656 | INFO  | SCMAudit | user=jenkins1000 | ip=192.168.5.176 | op=SEND_HEARTBEAT {datanodeUUID=c28b6833-03f3-43d7-88dd-1eb93de0674c, command=[]} | ret=SUCCESS |  
2019-08-29 23:17:06,672 | INFO  | SCMAudit | user=jenkins1000 | ip=192.168.5.176 | op=SEND_HEARTBEAT {datanodeUUID=91c146c8-9622-4fdf-af50-459baf835861, command=[]} | ret=SUCCESS |  
2019-08-29 23:17:06,673 | INFO  | SCMAudit | user=jenkins1000 | ip=192.168.5.176 | op=SEND_HEARTBEAT {datanodeUUID=c2791d19-603b-4976-b3e9-7899a47ab15b, command=[]} | ret=SUCCESS |  
2019-08-29 23:17:06,934 | INFO  | SCMAudit | user=jenkins1000 | ip=192.168.5.176 | op=SEND_HEARTBEAT {datanodeUUID=b91667ad-dd07-438b-a2aa-20d994bbddf1, command=[]} | ret=SUCCESS |  
2019-08-29 23:17:06,936 | INFO  | SCMAudit | user=jenkins1000 | ip=192.168.5.176 | op=SEND_HEARTBEAT {datanodeUUID=7b8ea038-0abd-40f8-b5e6-235888bbf81b, command=[]} | ret=SUCCESS |  
2019-08-29 23:17:06,937 | INFO  | SCMAudit | user=jenkins1000 | ip=192.168.5.176 | op=SEND_HEARTBEAT {datanodeUUID=fdf38f52-984e-464b-b063-6b40bc579090, command=[]} | ret=SUCCESS |  
2019-08-29 23:17:06,940 | INFO  | SCMAudit | user=jenkins1000 | ip=192.168.5.176 | op=SEND_HEARTBEAT {datanodeUUID=6fc9f5bf-9d19-4424-b095-dbd8051c5d1f, command=[]} | ret=SUCCESS |  
2019-08-29 23:17:07,356 [grpc-default-executor-0] INFO  client.GrpcClientProtocolClient (GrpcClientProtocolClient.java:onNext(255)) - client-5CFC44E75E5D->91c146c8-9622-4fdf-af50-459baf835861: receive RaftClientReply:client-5CFC44E75E5D->91c146c8-9622-4fdf-af50-459baf835861@group-E13997D93674, cid=45, FAILED org.apache.ratis.protocol.NotLeaderException: Server 91c146c8-9622-4fdf-af50-459baf835861 is not the leader (c28b6833-03f3-43d7-88dd-1eb93de0674c:192.168.5.176:36768). Request must be sent to leader., logIndex=0, commits[91c146c8-9622-4fdf-af50-459baf835861:c8, c2791d19-603b-4976-b3e9-7899a47ab15b:c8, c28b6833-03f3-43d7-88dd-1eb93de0674c:c8]
2019-08-29 23:17:07,657 | INFO  | SCMAudit | user=jenkins1000 | ip=192.168.5.176 | op=SEND_HEARTBEAT {datanodeUUID=c28b6833-03f3-43d7-88dd-1eb93de0674c, command=[]} | ret=SUCCESS |  
2019-08-29 23:17:07,673 | INFO  | SCMAudit | user=jenkins1000 | ip=192.168.5.176 | op=SEND_HEARTBEAT {datanodeUUID=91c146c8-9622-4fdf-af50-459baf835861, command=[]} | ret=SUCCESS |  
2019-08-29 23:17:07,673 | INFO  | SCMAudit | user=jenkins1000 | ip=192.168.5.176 | op=SEND_HEARTBEAT {datanodeUUID=c2791d19-603b-4976-b3e9-7899a47ab15b, command=[]} | ret=SUCCESS |  
2019-08-29 23:17:07,934 | INFO  | SCMAudit | user=jenkins1000 | ip=192.168.5.176 | op=SEND_HEARTBEAT {datanodeUUID=b91667ad-dd07-438b-a2aa-20d994bbddf1, command=[]} | ret=SUCCESS |  
2019-08-29 23:17:07,936 | INFO  | SCMAudit | user=jenkins1000 | ip=192.168.5.176 | op=SEND_HEARTBEAT {datanodeUUID=7b8ea038-0abd-40f8-b5e6-235888bbf81b, command=[]} | ret=SUCCESS |  
2019-08-29 23:17:07,937 | INFO  | SCMAudit | user=jenkins1000 | ip=192.168.5.176 | op=SEND_HEARTBEAT {datanodeUUID=fdf38f52-984e-464b-b063-6b40bc579090, command=[]} | ret=SUCCESS |  
2019-08-29 23:17:07,940 | INFO  | SCMAudit | user=jenkins1000 | ip=192.168.5.176 | op=SEND_HEARTBEAT {datanodeUUID=6fc9f5bf-9d19-4424-b095-dbd8051c5d1f, command=[]} | ret=SUCCESS |  
2019-08-29 23:17:08,656 | INFO  | SCMAudit | user=jenkins1000 | ip=192.168.5.176 | op=SEND_HEARTBEAT {datanodeUUID=c28b6833-03f3-43d7-88dd-1eb93de0674c, command=[]} | ret=SUCCESS |  
2019-08-29 23:17:08,673 | INFO  | SCMAudit | user=jenkins1000 | ip=192.168.5.176 | op=SEND_HEARTBEAT {datanodeUUID=91c146c8-9622-4fdf-af50-459baf835861, command=[]} | ret=SUCCESS |  
2019-08-29 23:17:08,673 | INFO  | SCMAudit | user=jenkins1000 | ip=192.168.5.176 | op=SEND_HEARTBEAT {datanodeUUID=c2791d19-603b-4976-b3e9-7899a47ab15b, command=[]} | ret=SUCCESS |  
2019-08-29 23:17:08,935 | INFO  | SCMAudit | user=jenkins1000 | ip=192.168.5.176 | op=SEND_HEARTBEAT {datanodeUUID=b91667ad-dd07-438b-a2aa-20d994bbddf1, command=[]} | ret=SUCCESS |  
2019-08-29 23:17:08,936 | INFO  | SCMAudit | user=jenkins1000 | ip=192.168.5.176 | op=SEND_HEARTBEAT {datanodeUUID=7b8ea038-0abd-40f8-b5e6-235888bbf81b, command=[]} | ret=SUCCESS |  
2019-08-29 23:17:08,937 | INFO  | SCMAudit | user=jenkins1000 | ip=192.168.5.176 | op=SEND_HEARTBEAT {datanodeUUID=fdf38f52-984e-464b-b063-6b40bc579090, command=[]} | ret=SUCCESS |  
2019-08-29 23:17:08,940 | INFO  | SCMAudit | user=jenkins1000 | ip=192.168.5.176 | op=SEND_HEARTBEAT {datanodeUUID=6fc9f5bf-9d19-4424-b095-dbd8051c5d1f, command=[]} | ret=SUCCESS |  
2019-08-29 23:17:09,656 | INFO  | SCMAudit | user=jenkins1000 | ip=192.168.5.176 | op=SEND_HEARTBEAT {datanodeUUID=c28b6833-03f3-43d7-88dd-1eb93de0674c, command=[]} | ret=SUCCESS |  
2019-08-29 23:17:09,672 | INFO  | SCMAudit | user=jenkins1000 | ip=192.168.5.176 | op=SEND_HEARTBEAT {datanodeUUID=91c146c8-9622-4fdf-af50-459baf835861, command=[]} | ret=SUCCESS |  
2019-08-29 23:17:09,673 | INFO  | SCMAudit | user=jenkins1000 | ip=192.168.5.176 | op=SEND_HEARTBEAT {datanodeUUID=c2791d19-603b-4976-b3e9-7899a47ab15b, command=[]} | ret=SUCCESS |  
2019-08-29 23:17:09,934 | INFO  | SCMAudit | user=jenkins1000 | ip=192.168.5.176 | op=SEND_HEARTBEAT {datanodeUUID=b91667ad-dd07-438b-a2aa-20d994bbddf1, command=[]} | ret=SUCCESS |  
2019-08-29 23:17:09,936 | INFO  | SCMAudit | user=jenkins1000 | ip=192.168.5.176 | op=SEND_HEARTBEAT {datanodeUUID=7b8ea038-0abd-40f8-b5e6-235888bbf81b, command=[]} | ret=SUCCESS |  
2019-08-29 23:17:09,937 | INFO  | SCMAudit | user=jenkins1000 | ip=192.168.5.176 | op=SEND_HEARTBEAT {datanodeUUID=fdf38f52-984e-464b-b063-6b40bc579090, command=[]} | ret=SUCCESS |  
2019-08-29 23:17:09,940 | INFO  | SCMAudit | user=jenkins1000 | ip=192.168.5.176 | op=SEND_HEARTBEAT {datanodeUUID=6fc9f5bf-9d19-4424-b095-dbd8051c5d1f, command=[]} | ret=SUCCESS |  
2019-08-29 23:17:10,656 | INFO  | SCMAudit | user=jenkins1000 | ip=192.168.5.176 | op=SEND_HEARTBEAT {datanodeUUID=c28b6833-03f3-43d7-88dd-1eb93de0674c, command=[]} | ret=SUCCESS |  
2019-08-29 23:17:10,672 | INFO  | SCMAudit | user=jenkins1000 | ip=192.168.5.176 | op=SEND_HEARTBEAT {datanodeUUID=91c146c8-9622-4fdf-af50-459baf835861, command=[]} | ret=SUCCESS |  
2019-08-29 23:17:10,673 | INFO  | SCMAudit | user=jenkins1000 | ip=192.168.5.176 | op=SEND_HEARTBEAT {datanodeUUID=c2791d19-603b-4976-b3e9-7899a47ab15b, command=[]} | ret=SUCCESS |  
2019-08-29 23:17:10,934 | INFO  | SCMAudit | user=jenkins1000 | ip=192.168.5.176 | op=SEND_HEARTBEAT {datanodeUUID=b91667ad-dd07-438b-a2aa-20d994bbddf1, command=[]} | ret=SUCCESS |  
2019-08-29 23:17:10,936 | INFO  | SCMAudit | user=jenkins1000 | ip=192.168.5.176 | op=SEND_HEARTBEAT {datanodeUUID=7b8ea038-0abd-40f8-b5e6-235888bbf81b, command=[]} | ret=SUCCESS |  
2019-08-29 23:17:10,936 | INFO  | SCMAudit | user=jenkins1000 | ip=192.168.5.176 | op=SEND_HEARTBEAT {datanodeUUID=fdf38f52-984e-464b-b063-6b40bc579090, command=[]} | ret=SUCCESS |  
2019-08-29 23:17:10,940 | INFO  | SCMAudit | user=jenkins1000 | ip=192.168.5.176 | op=SEND_HEARTBEAT {datanodeUUID=6fc9f5bf-9d19-4424-b095-dbd8051c5d1f, command=[]} | ret=SUCCESS |  
2019-08-29 23:17:11,656 | INFO  | SCMAudit | user=jenkins1000 | ip=192.168.5.176 | op=SEND_HEARTBEAT {datanodeUUID=c28b6833-03f3-43d7-88dd-1eb93de0674c, command=[]} | ret=SUCCESS |  
2019-08-29 23:17:11,672 | INFO  | SCMAudit | user=jenkins1000 | ip=192.168.5.176 | op=SEND_HEARTBEAT {datanodeUUID=c2791d19-603b-4976-b3e9-7899a47ab15b, command=[]} | ret=SUCCESS |  
2019-08-29 23:17:11,673 | INFO  | SCMAudit | user=jenkins1000 | ip=192.168.5.176 | op=SEND_HEARTBEAT {datanodeUUID=91c146c8-9622-4fdf-af50-459baf835861, command=[]} | ret=SUCCESS |  
2019-08-29 23:17:11,934 | INFO  | SCMAudit | user=jenkins1000 | ip=192.168.5.176 | op=SEND_HEARTBEAT {datanodeUUID=b91667ad-dd07-438b-a2aa-20d994bbddf1, command=[]} | ret=SUCCESS |  
2019-08-29 23:17:11,937 | INFO  | SCMAudit | user=jenkins1000 | ip=192.168.5.176 | op=SEND_HEARTBEAT {datanodeUUID=7b8ea038-0abd-40f8-b5e6-235888bbf81b, command=[]} | ret=SUCCESS |  
2019-08-29 23:17:11,937 | INFO  | SCMAudit | user=jenkins1000 | ip=192.168.5.176 | op=SEND_HEARTBEAT {datanodeUUID=fdf38f52-984e-464b-b063-6b40bc579090, command=[]} | ret=SUCCESS |  
2019-08-29 23:17:11,940 | INFO  | SCMAudit | user=jenkins1000 | ip=192.168.5.176 | op=SEND_HEARTBEAT {datanodeUUID=6fc9f5bf-9d19-4424-b095-dbd8051c5d1f, command=[]} | ret=SUCCESS |  
2019-08-29 23:17:12,396 [grpc-default-executor-2] INFO  client.GrpcClientProtocolClient (GrpcClientProtocolClient.java:onNext(255)) - client-5CFC44E75E5D->91c146c8-9622-4fdf-af50-459baf835861: receive RaftClientReply:client-5CFC44E75E5D->91c146c8-9622-4fdf-af50-459baf835861@group-E13997D93674, cid=45, FAILED org.apache.ratis.protocol.NotLeaderException: Server 91c146c8-9622-4fdf-af50-459baf835861 is not the leader (c28b6833-03f3-43d7-88dd-1eb93de0674c:192.168.5.176:36768). Request must be sent to leader., logIndex=0, commits[91c146c8-9622-4fdf-af50-459baf835861:c8, c2791d19-603b-4976-b3e9-7899a47ab15b:c8, c28b6833-03f3-43d7-88dd-1eb93de0674c:c8]
2019-08-29 23:17:12,657 | INFO  | SCMAudit | user=jenkins1000 | ip=192.168.5.176 | op=SEND_HEARTBEAT {datanodeUUID=c28b6833-03f3-43d7-88dd-1eb93de0674c, command=[]} | ret=SUCCESS |  
2019-08-29 23:17:12,673 | INFO  | SCMAudit | user=jenkins1000 | ip=192.168.5.176 | op=SEND_HEARTBEAT {datanodeUUID=91c146c8-9622-4fdf-af50-459baf835861, command=[]} | ret=SUCCESS |  
2019-08-29 23:17:12,673 | INFO  | SCMAudit | user=jenkins1000 | ip=192.168.5.176 | op=SEND_HEARTBEAT {datanodeUUID=c2791d19-603b-4976-b3e9-7899a47ab15b, command=[]} | ret=SUCCESS |  
2019-08-29 23:17:12,934 | INFO  | SCMAudit | user=jenkins1000 | ip=192.168.5.176 | op=SEND_HEARTBEAT {datanodeUUID=b91667ad-dd07-438b-a2aa-20d994bbddf1, command=[]} | ret=SUCCESS |  
2019-08-29 23:17:12,937 | INFO  | SCMAudit | user=jenkins1000 | ip=192.168.5.176 | op=SEND_HEARTBEAT {datanodeUUID=7b8ea038-0abd-40f8-b5e6-235888bbf81b, command=[]} | ret=SUCCESS |  
2019-08-29 23:17:12,938 | INFO  | SCMAudit | user=jenkins1000 | ip=192.168.5.176 | op=SEND_HEARTBEAT {datanodeUUID=fdf38f52-984e-464b-b063-6b40bc579090, command=[]} | ret=SUCCESS |  
2019-08-29 23:17:12,940 | INFO  | SCMAudit | user=jenkins1000 | ip=192.168.5.176 | op=SEND_HEARTBEAT {datanodeUUID=6fc9f5bf-9d19-4424-b095-dbd8051c5d1f, command=[]} | ret=SUCCESS |  
2019-08-29 23:17:13,656 | INFO  | SCMAudit | user=jenkins1000 | ip=192.168.5.176 | op=SEND_HEARTBEAT {datanodeUUID=c28b6833-03f3-43d7-88dd-1eb93de0674c, command=[]} | ret=SUCCESS |  
2019-08-29 23:17:13,673 | INFO  | SCMAudit | user=jenkins1000 | ip=192.168.5.176 | op=SEND_HEARTBEAT {datanodeUUID=91c146c8-9622-4fdf-af50-459baf835861, command=[]} | ret=SUCCESS |  
2019-08-29 23:17:13,673 | INFO  | SCMAudit | user=jenkins1000 | ip=192.168.5.176 | op=SEND_HEARTBEAT {datanodeUUID=c2791d19-603b-4976-b3e9-7899a47ab15b, command=[]} | ret=SUCCESS |  
2019-08-29 23:17:13,934 | INFO  | SCMAudit | user=jenkins1000 | ip=192.168.5.176 | op=SEND_HEARTBEAT {datanodeUUID=b91667ad-dd07-438b-a2aa-20d994bbddf1, command=[]} | ret=SUCCESS |  
2019-08-29 23:17:13,936 | INFO  | SCMAudit | user=jenkins1000 | ip=192.168.5.176 | op=SEND_HEARTBEAT {datanodeUUID=7b8ea038-0abd-40f8-b5e6-235888bbf81b, command=[]} | ret=SUCCESS |  
2019-08-29 23:17:13,938 | INFO  | SCMAudit | user=jenkins1000 | ip=192.168.5.176 | op=SEND_HEARTBEAT {datanodeUUID=fdf38f52-984e-464b-b063-6b40bc579090, command=[]} | ret=SUCCESS |  
2019-08-29 23:17:13,940 | INFO  | SCMAudit | user=jenkins1000 | ip=192.168.5.176 | op=SEND_HEARTBEAT {datanodeUUID=6fc9f5bf-9d19-4424-b095-dbd8051c5d1f, command=[]} | ret=SUCCESS |  
2019-08-29 23:17:14,656 | INFO  | SCMAudit | user=jenkins1000 | ip=192.168.5.176 | op=SEND_HEARTBEAT {datanodeUUID=c28b6833-03f3-43d7-88dd-1eb93de0674c, command=[]} | ret=SUCCESS |  
2019-08-29 23:17:14,673 | INFO  | SCMAudit | user=jenkins1000 | ip=192.168.5.176 | op=SEND_HEARTBEAT {datanodeUUID=91c146c8-9622-4fdf-af50-459baf835861, command=[]} | ret=SUCCESS |  
2019-08-29 23:17:14,674 | INFO  | SCMAudit | user=jenkins1000 | ip=192.168.5.176 | op=SEND_HEARTBEAT {datanodeUUID=c2791d19-603b-4976-b3e9-7899a47ab15b, command=[]} | ret=SUCCESS |  
2019-08-29 23:17:14,935 | INFO  | SCMAudit | user=jenkins1000 | ip=192.168.5.176 | op=SEND_HEARTBEAT {datanodeUUID=b91667ad-dd07-438b-a2aa-20d994bbddf1, command=[]} | ret=SUCCESS |  
2019-08-29 23:17:14,937 | INFO  | SCMAudit | user=jenkins1000 | ip=192.168.5.176 | op=SEND_HEARTBEAT {datanodeUUID=7b8ea038-0abd-40f8-b5e6-235888bbf81b, command=[]} | ret=SUCCESS |  
2019-08-29 23:17:14,939 | INFO  | SCMAudit | user=jenkins1000 | ip=192.168.5.176 | op=SEND_HEARTBEAT {datanodeUUID=fdf38f52-984e-464b-b063-6b40bc579090, command=[]} | ret=SUCCESS |  
2019-08-29 23:17:14,940 | INFO  | SCMAudit | user=jenkins1000 | ip=192.168.5.176 | op=SEND_HEARTBEAT {datanodeUUID=6fc9f5bf-9d19-4424-b095-dbd8051c5d1f, command=[]} | ret=SUCCESS |  
2019-08-29 23:17:15,656 | INFO  | SCMAudit | user=jenkins1000 | ip=192.168.5.176 | op=SEND_HEARTBEAT {datanodeUUID=c28b6833-03f3-43d7-88dd-1eb93de0674c, command=[]} | ret=SUCCESS |  
2019-08-29 23:17:15,673 | INFO  | SCMAudit | user=jenkins1000 | ip=192.168.5.176 | op=SEND_HEARTBEAT {datanodeUUID=91c146c8-9622-4fdf-af50-459baf835861, command=[]} | ret=SUCCESS |  
2019-08-29 23:17:15,674 | INFO  | SCMAudit | user=jenkins1000 | ip=192.168.5.176 | op=SEND_HEARTBEAT {datanodeUUID=c2791d19-603b-4976-b3e9-7899a47ab15b, command=[]} | ret=SUCCESS |  
2019-08-29 23:17:15,935 | INFO  | SCMAudit | user=jenkins1000 | ip=192.168.5.176 | op=SEND_HEARTBEAT {datanodeUUID=b91667ad-dd07-438b-a2aa-20d994bbddf1, command=[]} | ret=SUCCESS |  
2019-08-29 23:17:15,938 | INFO  | SCMAudit | user=jenkins1000 | ip=192.168.5.176 | op=SEND_HEARTBEAT {datanodeUUID=7b8ea038-0abd-40f8-b5e6-235888bbf81b, command=[]} | ret=SUCCESS |  
2019-08-29 23:17:15,939 | INFO  | SCMAudit | user=jenkins1000 | ip=192.168.5.176 | op=SEND_HEARTBEAT {datanodeUUID=fdf38f52-984e-464b-b063-6b40bc579090, command=[]} | ret=SUCCESS |  
2019-08-29 23:17:15,939 | INFO  | SCMAudit | user=jenkins1000 | ip=192.168.5.176 | op=SEND_HEARTBEAT {datanodeUUID=6fc9f5bf-9d19-4424-b095-dbd8051c5d1f, command=[]} | ret=SUCCESS |  
2019-08-29 23:17:16,656 | INFO  | SCMAudit | user=jenkins1000 | ip=192.168.5.176 | op=SEND_HEARTBEAT {datanodeUUID=c28b6833-03f3-43d7-88dd-1eb93de0674c, command=[]} | ret=SUCCESS |  
2019-08-29 23:17:16,673 | INFO  | SCMAudit | user=jenkins1000 | ip=192.168.5.176 | op=SEND_HEARTBEAT {datanodeUUID=91c146c8-9622-4fdf-af50-459baf835861, command=[]} | ret=SUCCESS |  
2019-08-29 23:17:16,675 | INFO  | SCMAudit | user=jenkins1000 | ip=192.168.5.176 | op=SEND_HEARTBEAT {datanodeUUID=c2791d19-603b-4976-b3e9-7899a47ab15b, command=[]} | ret=SUCCESS |  
2019-08-29 23:17:16,935 | INFO  | SCMAudit | user=jenkins1000 | ip=192.168.5.176 | op=SEND_HEARTBEAT {datanodeUUID=b91667ad-dd07-438b-a2aa-20d994bbddf1, command=[]} | ret=SUCCESS |  
2019-08-29 23:17:16,938 | INFO  | SCMAudit | user=jenkins1000 | ip=192.168.5.176 | op=SEND_HEARTBEAT {datanodeUUID=7b8ea038-0abd-40f8-b5e6-235888bbf81b, command=[]} | ret=SUCCESS |  
2019-08-29 23:17:16,939 | INFO  | SCMAudit | user=jenkins1000 | ip=192.168.5.176 | op=SEND_HEARTBEAT {datanodeUUID=fdf38f52-984e-464b-b063-6b40bc579090, command=[]} | ret=SUCCESS |  
2019-08-29 23:17:16,940 | INFO  | SCMAudit | user=jenkins1000 | ip=192.168.5.176 | op=SEND_HEARTBEAT {datanodeUUID=6fc9f5bf-9d19-4424-b095-dbd8051c5d1f, command=[]} | ret=SUCCESS |  
2019-08-29 23:17:17,459 [grpc-default-executor-0] INFO  client.GrpcClientProtocolClient (GrpcClientProtocolClient.java:onNext(255)) - client-5CFC44E75E5D->c2791d19-603b-4976-b3e9-7899a47ab15b: receive RaftClientReply:client-5CFC44E75E5D->c2791d19-603b-4976-b3e9-7899a47ab15b@group-E13997D93674, cid=45, FAILED org.apache.ratis.protocol.NotLeaderException: Server c2791d19-603b-4976-b3e9-7899a47ab15b is not the leader (c28b6833-03f3-43d7-88dd-1eb93de0674c:192.168.5.176:36768). Request must be sent to leader., logIndex=0, commits[c2791d19-603b-4976-b3e9-7899a47ab15b:c8, c28b6833-03f3-43d7-88dd-1eb93de0674c:c8, 91c146c8-9622-4fdf-af50-459baf835861:c8]
2019-08-29 23:17:17,657 | INFO  | SCMAudit | user=jenkins1000 | ip=192.168.5.176 | op=SEND_HEARTBEAT {datanodeUUID=c28b6833-03f3-43d7-88dd-1eb93de0674c, command=[]} | ret=SUCCESS |  
2019-08-29 23:17:17,673 | INFO  | SCMAudit | user=jenkins1000 | ip=192.168.5.176 | op=SEND_HEARTBEAT {datanodeUUID=91c146c8-9622-4fdf-af50-459baf835861, command=[]} | ret=SUCCESS |  
2019-08-29 23:17:17,676 | INFO  | SCMAudit | user=jenkins1000 | ip=192.168.5.176 | op=SEND_HEARTBEAT {datanodeUUID=c2791d19-603b-4976-b3e9-7899a47ab15b, command=[]} | ret=SUCCESS |  
2019-08-29 23:17:17,935 | INFO  | SCMAudit | user=jenkins1000 | ip=192.168.5.176 | op=SEND_HEARTBEAT {datanodeUUID=b91667ad-dd07-438b-a2aa-20d994bbddf1, command=[]} | ret=SUCCESS |  
2019-08-29 23:17:17,938 | INFO  | SCMAudit | user=jenkins1000 | ip=192.168.5.176 | op=SEND_HEARTBEAT {datanodeUUID=7b8ea038-0abd-40f8-b5e6-235888bbf81b, command=[]} | ret=SUCCESS |  
2019-08-29 23:17:17,939 | INFO  | SCMAudit | user=jenkins1000 | ip=192.168.5.176 | op=SEND_HEARTBEAT {datanodeUUID=fdf38f52-984e-464b-b063-6b40bc579090, command=[]} | ret=SUCCESS |  
2019-08-29 23:17:17,941 | INFO  | SCMAudit | user=jenkins1000 | ip=192.168.5.176 | op=SEND_HEARTBEAT {datanodeUUID=6fc9f5bf-9d19-4424-b095-dbd8051c5d1f, command=[]} | ret=SUCCESS |  
2019-08-29 23:17:18,657 | INFO  | SCMAudit | user=jenkins1000 | ip=192.168.5.176 | op=SEND_HEARTBEAT {datanodeUUID=c28b6833-03f3-43d7-88dd-1eb93de0674c, command=[]} | ret=SUCCESS |  
2019-08-29 23:17:18,673 | INFO  | SCMAudit | user=jenkins1000 | ip=192.168.5.176 | op=SEND_HEARTBEAT {datanodeUUID=91c146c8-9622-4fdf-af50-459baf835861, command=[]} | ret=SUCCESS |  
2019-08-29 23:17:18,677 | INFO  | SCMAudit | user=jenkins1000 | ip=192.168.5.176 | op=SEND_HEARTBEAT {datanodeUUID=c2791d19-603b-4976-b3e9-7899a47ab15b, command=[]} | ret=SUCCESS |  
2019-08-29 23:17:18,935 | INFO  | SCMAudit | user=jenkins1000 | ip=192.168.5.176 | op=SEND_HEARTBEAT {datanodeUUID=b91667ad-dd07-438b-a2aa-20d994bbddf1, command=[]} | ret=SUCCESS |  
2019-08-29 23:17:18,939 | INFO  | SCMAudit | user=jenkins1000 | ip=192.168.5.176 | op=SEND_HEARTBEAT {datanodeUUID=7b8ea038-0abd-40f8-b5e6-235888bbf81b, command=[]} | ret=SUCCESS |  
2019-08-29 23:17:18,939 | INFO  | SCMAudit | user=jenkins1000 | ip=192.168.5.176 | op=SEND_HEARTBEAT {datanodeUUID=fdf38f52-984e-464b-b063-6b40bc579090, command=[]} | ret=SUCCESS |  
2019-08-29 23:17:18,942 | INFO  | SCMAudit | user=jenkins1000 | ip=192.168.5.176 | op=SEND_HEARTBEAT {datanodeUUID=6fc9f5bf-9d19-4424-b095-dbd8051c5d1f, command=[]} | ret=SUCCESS |  
2019-08-29 23:17:19,657 | INFO  | SCMAudit | user=jenkins1000 | ip=192.168.5.176 | op=SEND_HEARTBEAT {datanodeUUID=c28b6833-03f3-43d7-88dd-1eb93de0674c, command=[]} | ret=SUCCESS |  
2019-08-29 23:17:19,673 | INFO  | SCMAudit | user=jenkins1000 | ip=192.168.5.176 | op=SEND_HEARTBEAT {datanodeUUID=91c146c8-9622-4fdf-af50-459baf835861, command=[]} | ret=SUCCESS |  
2019-08-29 23:17:19,677 | INFO  | SCMAudit | user=jenkins1000 | ip=192.168.5.176 | op=SEND_HEARTBEAT {datanodeUUID=c2791d19-603b-4976-b3e9-7899a47ab15b, command=[]} | ret=SUCCESS |  
2019-08-29 23:17:19,935 | INFO  | SCMAudit | user=jenkins1000 | ip=192.168.5.176 | op=SEND_HEARTBEAT {datanodeUUID=b91667ad-dd07-438b-a2aa-20d994bbddf1, command=[]} | ret=SUCCESS |  
2019-08-29 23:17:19,939 | INFO  | SCMAudit | user=jenkins1000 | ip=192.168.5.176 | op=SEND_HEARTBEAT {datanodeUUID=7b8ea038-0abd-40f8-b5e6-235888bbf81b, command=[]} | ret=SUCCESS |  
2019-08-29 23:17:19,940 | INFO  | SCMAudit | user=jenkins1000 | ip=192.168.5.176 | op=SEND_HEARTBEAT {datanodeUUID=fdf38f52-984e-464b-b063-6b40bc579090, command=[]} | ret=SUCCESS |  
2019-08-29 23:17:19,943 | INFO  | SCMAudit | user=jenkins1000 | ip=192.168.5.176 | op=SEND_HEARTBEAT {datanodeUUID=6fc9f5bf-9d19-4424-b095-dbd8051c5d1f, command=[]} | ret=SUCCESS |  
2019-08-29 23:17:20,657 | INFO  | SCMAudit | user=jenkins1000 | ip=192.168.5.176 | op=SEND_HEARTBEAT {datanodeUUID=c28b6833-03f3-43d7-88dd-1eb93de0674c, command=[]} | ret=SUCCESS |  
2019-08-29 23:17:20,673 | INFO  | SCMAudit | user=jenkins1000 | ip=192.168.5.176 | op=SEND_HEARTBEAT {datanodeUUID=91c146c8-9622-4fdf-af50-459baf835861, command=[]} | ret=SUCCESS |  
2019-08-29 23:17:20,678 | INFO  | SCMAudit | user=jenkins1000 | ip=192.168.5.176 | op=SEND_HEARTBEAT {datanodeUUID=c2791d19-603b-4976-b3e9-7899a47ab15b, command=[]} | ret=SUCCESS |  
2019-08-29 23:17:20,936 | INFO  | SCMAudit | user=jenkins1000 | ip=192.168.5.176 | op=SEND_HEARTBEAT {datanodeUUID=b91667ad-dd07-438b-a2aa-20d994bbddf1, command=[]} | ret=SUCCESS |  
2019-08-29 23:17:20,939 | INFO  | SCMAudit | user=jenkins1000 | ip=192.168.5.176 | op=SEND_HEARTBEAT {datanodeUUID=7b8ea038-0abd-40f8-b5e6-235888bbf81b, command=[]} | ret=SUCCESS |  
2019-08-29 23:17:20,940 | INFO  | SCMAudit | user=jenkins1000 | ip=192.168.5.176 | op=SEND_HEARTBEAT {datanodeUUID=fdf38f52-984e-464b-b063-6b40bc579090, command=[]} | ret=SUCCESS |  
2019-08-29 23:17:20,943 | INFO  | SCMAudit | user=jenkins1000 | ip=192.168.5.176 | op=SEND_HEARTBEAT {datanodeUUID=6fc9f5bf-9d19-4424-b095-dbd8051c5d1f, command=[]} | ret=SUCCESS |  
2019-08-29 23:17:21,657 | INFO  | SCMAudit | user=jenkins1000 | ip=192.168.5.176 | op=SEND_HEARTBEAT {datanodeUUID=c28b6833-03f3-43d7-88dd-1eb93de0674c, command=[]} | ret=SUCCESS |  
2019-08-29 23:17:21,673 | INFO  | SCMAudit | user=jenkins1000 | ip=192.168.5.176 | op=SEND_HEARTBEAT {datanodeUUID=91c146c8-9622-4fdf-af50-459baf835861, command=[]} | ret=SUCCESS |  
2019-08-29 23:17:21,679 | INFO  | SCMAudit | user=jenkins1000 | ip=192.168.5.176 | op=SEND_HEARTBEAT {datanodeUUID=c2791d19-603b-4976-b3e9-7899a47ab15b, command=[]} | ret=SUCCESS |  
2019-08-29 23:17:21,936 | INFO  | SCMAudit | user=jenkins1000 | ip=192.168.5.176 | op=SEND_HEARTBEAT {datanodeUUID=b91667ad-dd07-438b-a2aa-20d994bbddf1, command=[]} | ret=SUCCESS |  
2019-08-29 23:17:21,939 | INFO  | SCMAudit | user=jenkins1000 | ip=192.168.5.176 | op=SEND_HEARTBEAT {datanodeUUID=7b8ea038-0abd-40f8-b5e6-235888bbf81b, command=[]} | ret=SUCCESS |  
2019-08-29 23:17:21,940 | INFO  | SCMAudit | user=jenkins1000 | ip=192.168.5.176 | op=SEND_HEARTBEAT {datanodeUUID=fdf38f52-984e-464b-b063-6b40bc579090, command=[]} | ret=SUCCESS |  
2019-08-29 23:17:21,943 | INFO  | SCMAudit | user=jenkins1000 | ip=192.168.5.176 | op=SEND_HEARTBEAT {datanodeUUID=6fc9f5bf-9d19-4424-b095-dbd8051c5d1f, command=[]} | ret=SUCCESS |  
2019-08-29 23:17:22,499 [grpc-default-executor-0] INFO  client.GrpcClientProtocolClient (GrpcClientProtocolClient.java:onNext(255)) - client-5CFC44E75E5D->91c146c8-9622-4fdf-af50-459baf835861: receive RaftClientReply:client-5CFC44E75E5D->91c146c8-9622-4fdf-af50-459baf835861@group-E13997D93674, cid=45, FAILED org.apache.ratis.protocol.NotLeaderException: Server 91c146c8-9622-4fdf-af50-459baf835861 is not the leader (c28b6833-03f3-43d7-88dd-1eb93de0674c:192.168.5.176:36768). Request must be sent to leader., logIndex=0, commits[91c146c8-9622-4fdf-af50-459baf835861:c8, c2791d19-603b-4976-b3e9-7899a47ab15b:c8, c28b6833-03f3-43d7-88dd-1eb93de0674c:c8]
2019-08-29 23:17:22,657 | INFO  | SCMAudit | user=jenkins1000 | ip=192.168.5.176 | op=SEND_HEARTBEAT {datanodeUUID=c28b6833-03f3-43d7-88dd-1eb93de0674c, command=[]} | ret=SUCCESS |  
2019-08-29 23:17:22,673 | INFO  | SCMAudit | user=jenkins1000 | ip=192.168.5.176 | op=SEND_HEARTBEAT {datanodeUUID=91c146c8-9622-4fdf-af50-459baf835861, command=[]} | ret=SUCCESS |  
2019-08-29 23:17:22,680 | INFO  | SCMAudit | user=jenkins1000 | ip=192.168.5.176 | op=SEND_HEARTBEAT {datanodeUUID=c2791d19-603b-4976-b3e9-7899a47ab15b, command=[]} | ret=SUCCESS |  
2019-08-29 23:17:22,936 | INFO  | SCMAudit | user=jenkins1000 | ip=192.168.5.176 | op=SEND_HEARTBEAT {datanodeUUID=b91667ad-dd07-438b-a2aa-20d994bbddf1, command=[]} | ret=SUCCESS |  
2019-08-29 23:17:22,940 | INFO  | SCMAudit | user=jenkins1000 | ip=192.168.5.176 | op=SEND_HEARTBEAT {datanodeUUID=7b8ea038-0abd-40f8-b5e6-235888bbf81b, command=[]} | ret=SUCCESS |  
2019-08-29 23:17:22,940 | INFO  | SCMAudit | user=jenkins1000 | ip=192.168.5.176 | op=SEND_HEARTBEAT {datanodeUUID=fdf38f52-984e-464b-b063-6b40bc579090, command=[]} | ret=SUCCESS |  
2019-08-29 23:17:22,943 | INFO  | SCMAudit | user=jenkins1000 | ip=192.168.5.176 | op=SEND_HEARTBEAT {datanodeUUID=6fc9f5bf-9d19-4424-b095-dbd8051c5d1f, command=[]} | ret=SUCCESS |  
2019-08-29 23:17:23,657 | INFO  | SCMAudit | user=jenkins1000 | ip=192.168.5.176 | op=SEND_HEARTBEAT {datanodeUUID=c28b6833-03f3-43d7-88dd-1eb93de0674c, command=[]} | ret=SUCCESS |  
2019-08-29 23:17:23,673 | INFO  | SCMAudit | user=jenkins1000 | ip=192.168.5.176 | op=SEND_HEARTBEAT {datanodeUUID=91c146c8-9622-4fdf-af50-459baf835861, command=[]} | ret=SUCCESS |  
2019-08-29 23:17:23,680 | INFO  | SCMAudit | user=jenkins1000 | ip=192.168.5.176 | op=SEND_HEARTBEAT {datanodeUUID=c2791d19-603b-4976-b3e9-7899a47ab15b, command=[]} | ret=SUCCESS |  
2019-08-29 23:17:23,937 | INFO  | SCMAudit | user=jenkins1000 | ip=192.168.5.176 | op=SEND_HEARTBEAT {datanodeUUID=b91667ad-dd07-438b-a2aa-20d994bbddf1, command=[]} | ret=SUCCESS |  
2019-08-29 23:17:23,940 | INFO  | SCMAudit | user=jenkins1000 | ip=192.168.5.176 | op=SEND_HEARTBEAT {datanodeUUID=7b8ea038-0abd-40f8-b5e6-235888bbf81b, command=[]} | ret=SUCCESS |  
2019-08-29 23:17:23,940 | INFO  | SCMAudit | user=jenkins1000 | ip=192.168.5.176 | op=SEND_HEARTBEAT {datanodeUUID=fdf38f52-984e-464b-b063-6b40bc579090, command=[]} | ret=SUCCESS |  
2019-08-29 23:17:23,943 | INFO  | SCMAudit | user=jenkins1000 | ip=192.168.5.176 | op=SEND_HEARTBEAT {datanodeUUID=6fc9f5bf-9d19-4424-b095-dbd8051c5d1f, command=[]} | ret=SUCCESS |  
2019-08-29 23:17:24,657 | INFO  | SCMAudit | user=jenkins1000 | ip=192.168.5.176 | op=SEND_HEARTBEAT {datanodeUUID=c28b6833-03f3-43d7-88dd-1eb93de0674c, command=[]} | ret=SUCCESS |  
2019-08-29 23:17:24,673 | INFO  | SCMAudit | user=jenkins1000 | ip=192.168.5.176 | op=SEND_HEARTBEAT {datanodeUUID=91c146c8-9622-4fdf-af50-459baf835861, command=[]} | ret=SUCCESS |  
2019-08-29 23:17:24,681 | INFO  | SCMAudit | user=jenkins1000 | ip=192.168.5.176 | op=SEND_HEARTBEAT {datanodeUUID=c2791d19-603b-4976-b3e9-7899a47ab15b, command=[]} | ret=SUCCESS |  
2019-08-29 23:17:24,937 | INFO  | SCMAudit | user=jenkins1000 | ip=192.168.5.176 | op=SEND_HEARTBEAT {datanodeUUID=b91667ad-dd07-438b-a2aa-20d994bbddf1, command=[]} | ret=SUCCESS |  
2019-08-29 23:17:24,940 | INFO  | SCMAudit | user=jenkins1000 | ip=192.168.5.176 | op=SEND_HEARTBEAT {datanodeUUID=7b8ea038-0abd-40f8-b5e6-235888bbf81b, command=[]} | ret=SUCCESS |  
2019-08-29 23:17:24,940 | INFO  | SCMAudit | user=jenkins1000 | ip=192.168.5.176 | op=SEND_HEARTBEAT {datanodeUUID=fdf38f52-984e-464b-b063-6b40bc579090, command=[]} | ret=SUCCESS |  
2019-08-29 23:17:24,943 | INFO  | SCMAudit | user=jenkins1000 | ip=192.168.5.176 | op=SEND_HEARTBEAT {datanodeUUID=6fc9f5bf-9d19-4424-b095-dbd8051c5d1f, command=[]} | ret=SUCCESS |  
2019-08-29 23:17:25,657 | INFO  | SCMAudit | user=jenkins1000 | ip=192.168.5.176 | op=SEND_HEARTBEAT {datanodeUUID=c28b6833-03f3-43d7-88dd-1eb93de0674c, command=[]} | ret=SUCCESS |  
2019-08-29 23:17:25,672 | INFO  | SCMAudit | user=jenkins1000 | ip=192.168.5.176 | op=SEND_HEARTBEAT {datanodeUUID=91c146c8-9622-4fdf-af50-459baf835861, command=[]} | ret=SUCCESS |  
2019-08-29 23:17:25,682 | INFO  | SCMAudit | user=jenkins1000 | ip=192.168.5.176 | op=SEND_HEARTBEAT {datanodeUUID=c2791d19-603b-4976-b3e9-7899a47ab15b, command=[]} | ret=SUCCESS |  
2019-08-29 23:17:25,938 | INFO  | SCMAudit | user=jenkins1000 | ip=192.168.5.176 | op=SEND_HEARTBEAT {datanodeUUID=b91667ad-dd07-438b-a2aa-20d994bbddf1, command=[]} | ret=SUCCESS |  
2019-08-29 23:17:25,940 | INFO  | SCMAudit | user=jenkins1000 | ip=192.168.5.176 | op=SEND_HEARTBEAT {datanodeUUID=7b8ea038-0abd-40f8-b5e6-235888bbf81b, command=[]} | ret=SUCCESS |  
2019-08-29 23:17:25,940 | INFO  | SCMAudit | user=jenkins1000 | ip=192.168.5.176 | op=SEND_HEARTBEAT {datanodeUUID=fdf38f52-984e-464b-b063-6b40bc579090, command=[]} | ret=SUCCESS |  
2019-08-29 23:17:25,943 | INFO  | SCMAudit | user=jenkins1000 | ip=192.168.5.176 | op=SEND_HEARTBEAT {datanodeUUID=6fc9f5bf-9d19-4424-b095-dbd8051c5d1f, command=[]} | ret=SUCCESS |  
2019-08-29 23:17:26,657 | INFO  | SCMAudit | user=jenkins1000 | ip=192.168.5.176 | op=SEND_HEARTBEAT {datanodeUUID=c28b6833-03f3-43d7-88dd-1eb93de0674c, command=[]} | ret=SUCCESS |  
2019-08-29 23:17:26,672 | INFO  | SCMAudit | user=jenkins1000 | ip=192.168.5.176 | op=SEND_HEARTBEAT {datanodeUUID=91c146c8-9622-4fdf-af50-459baf835861, command=[]} | ret=SUCCESS |  
2019-08-29 23:17:26,683 | INFO  | SCMAudit | user=jenkins1000 | ip=192.168.5.176 | op=SEND_HEARTBEAT {datanodeUUID=c2791d19-603b-4976-b3e9-7899a47ab15b, command=[]} | ret=SUCCESS |  
2019-08-29 23:17:26,937 | INFO  | SCMAudit | user=jenkins1000 | ip=192.168.5.176 | op=SEND_HEARTBEAT {datanodeUUID=b91667ad-dd07-438b-a2aa-20d994bbddf1, command=[]} | ret=SUCCESS |  
2019-08-29 23:17:26,940 | INFO  | SCMAudit | user=jenkins1000 | ip=192.168.5.176 | op=SEND_HEARTBEAT {datanodeUUID=7b8ea038-0abd-40f8-b5e6-235888bbf81b, command=[]} | ret=SUCCESS |  
2019-08-29 23:17:26,940 | INFO  | SCMAudit | user=jenkins1000 | ip=192.168.5.176 | op=SEND_HEARTBEAT {datanodeUUID=fdf38f52-984e-464b-b063-6b40bc579090, command=[]} | ret=SUCCESS |  
2019-08-29 23:17:26,943 | INFO  | SCMAudit | user=jenkins1000 | ip=192.168.5.176 | op=SEND_HEARTBEAT {datanodeUUID=6fc9f5bf-9d19-4424-b095-dbd8051c5d1f, command=[]} | ret=SUCCESS |  
2019-08-29 23:17:27,541 [grpc-default-executor-0] INFO  client.GrpcClientProtocolClient (GrpcClientProtocolClient.java:onNext(255)) - client-5CFC44E75E5D->c2791d19-603b-4976-b3e9-7899a47ab15b: receive RaftClientReply:client-5CFC44E75E5D->c2791d19-603b-4976-b3e9-7899a47ab15b@group-E13997D93674, cid=45, FAILED org.apache.ratis.protocol.NotLeaderException: Server c2791d19-603b-4976-b3e9-7899a47ab15b is not the leader (c28b6833-03f3-43d7-88dd-1eb93de0674c:192.168.5.176:36768). Request must be sent to leader., logIndex=0, commits[c2791d19-603b-4976-b3e9-7899a47ab15b:c8, c28b6833-03f3-43d7-88dd-1eb93de0674c:c8, 91c146c8-9622-4fdf-af50-459baf835861:c8]
2019-08-29 23:17:27,658 | INFO  | SCMAudit | user=jenkins1000 | ip=192.168.5.176 | op=SEND_HEARTBEAT {datanodeUUID=c28b6833-03f3-43d7-88dd-1eb93de0674c, command=[]} | ret=SUCCESS |  
2019-08-29 23:17:27,672 | INFO  | SCMAudit | user=jenkins1000 | ip=192.168.5.176 | op=SEND_HEARTBEAT {datanodeUUID=91c146c8-9622-4fdf-af50-459baf835861, command=[]} | ret=SUCCESS |  
2019-08-29 23:17:27,682 | INFO  | SCMAudit | user=jenkins1000 | ip=192.168.5.176 | op=SEND_HEARTBEAT {datanodeUUID=c2791d19-603b-4976-b3e9-7899a47ab15b, command=[]} | ret=SUCCESS |  
2019-08-29 23:17:27,937 | INFO  | SCMAudit | user=jenkins1000 | ip=192.168.5.176 | op=SEND_HEARTBEAT {datanodeUUID=b91667ad-dd07-438b-a2aa-20d994bbddf1, command=[]} | ret=SUCCESS |  
2019-08-29 23:17:27,940 | INFO  | SCMAudit | user=jenkins1000 | ip=192.168.5.176 | op=SEND_HEARTBEAT {datanodeUUID=7b8ea038-0abd-40f8-b5e6-235888bbf81b, command=[]} | ret=SUCCESS |  
2019-08-29 23:17:27,941 | INFO  | SCMAudit | user=jenkins1000 | ip=192.168.5.176 | op=SEND_HEARTBEAT {datanodeUUID=fdf38f52-984e-464b-b063-6b40bc579090, command=[]} | ret=SUCCESS |  
2019-08-29 23:17:27,943 | INFO  | SCMAudit | user=jenkins1000 | ip=192.168.5.176 | op=SEND_HEARTBEAT {datanodeUUID=6fc9f5bf-9d19-4424-b095-dbd8051c5d1f, command=[]} | ret=SUCCESS |  
2019-08-29 23:17:28,658 | INFO  | SCMAudit | user=jenkins1000 | ip=192.168.5.176 | op=SEND_HEARTBEAT {datanodeUUID=c28b6833-03f3-43d7-88dd-1eb93de0674c, command=[]} | ret=SUCCESS |  
2019-08-29 23:17:28,673 | INFO  | SCMAudit | user=jenkins1000 | ip=192.168.5.176 | op=SEND_HEARTBEAT {datanodeUUID=91c146c8-9622-4fdf-af50-459baf835861, command=[]} | ret=SUCCESS |  
2019-08-29 23:17:28,682 | INFO  | SCMAudit | user=jenkins1000 | ip=192.168.5.176 | op=SEND_HEARTBEAT {datanodeUUID=c2791d19-603b-4976-b3e9-7899a47ab15b, command=[]} | ret=SUCCESS |  
2019-08-29 23:17:28,937 | INFO  | SCMAudit | user=jenkins1000 | ip=192.168.5.176 | op=SEND_HEARTBEAT {datanodeUUID=b91667ad-dd07-438b-a2aa-20d994bbddf1, command=[]} | ret=SUCCESS |  
2019-08-29 23:17:28,940 | INFO  | SCMAudit | user=jenkins1000 | ip=192.168.5.176 | op=SEND_HEARTBEAT {datanodeUUID=7b8ea038-0abd-40f8-b5e6-235888bbf81b, command=[]} | ret=SUCCESS |  
2019-08-29 23:17:28,941 | INFO  | SCMAudit | user=jenkins1000 | ip=192.168.5.176 | op=SEND_HEARTBEAT {datanodeUUID=fdf38f52-984e-464b-b063-6b40bc579090, command=[]} | ret=SUCCESS |  
2019-08-29 23:17:28,943 | INFO  | SCMAudit | user=jenkins1000 | ip=192.168.5.176 | op=SEND_HEARTBEAT {datanodeUUID=6fc9f5bf-9d19-4424-b095-dbd8051c5d1f, command=[]} | ret=SUCCESS |  
2019-08-29 23:17:29,658 | INFO  | SCMAudit | user=jenkins1000 | ip=192.168.5.176 | op=SEND_HEARTBEAT {datanodeUUID=c28b6833-03f3-43d7-88dd-1eb93de0674c, command=[]} | ret=SUCCESS |  
2019-08-29 23:17:29,673 | INFO  | SCMAudit | user=jenkins1000 | ip=192.168.5.176 | op=SEND_HEARTBEAT {datanodeUUID=91c146c8-9622-4fdf-af50-459baf835861, command=[]} | ret=SUCCESS |  
2019-08-29 23:17:29,682 | INFO  | SCMAudit | user=jenkins1000 | ip=192.168.5.176 | op=SEND_HEARTBEAT {datanodeUUID=c2791d19-603b-4976-b3e9-7899a47ab15b, command=[]} | ret=SUCCESS |  
2019-08-29 23:17:29,937 | INFO  | SCMAudit | user=jenkins1000 | ip=192.168.5.176 | op=SEND_HEARTBEAT {datanodeUUID=b91667ad-dd07-438b-a2aa-20d994bbddf1, command=[]} | ret=SUCCESS |  
2019-08-29 23:17:29,940 | INFO  | SCMAudit | user=jenkins1000 | ip=192.168.5.176 | op=SEND_HEARTBEAT {datanodeUUID=7b8ea038-0abd-40f8-b5e6-235888bbf81b, command=[]} | ret=SUCCESS |  
2019-08-29 23:17:29,941 | INFO  | SCMAudit | user=jenkins1000 | ip=192.168.5.176 | op=SEND_HEARTBEAT {datanodeUUID=fdf38f52-984e-464b-b063-6b40bc579090, command=[]} | ret=SUCCESS |  
2019-08-29 23:17:29,943 | INFO  | SCMAudit | user=jenkins1000 | ip=192.168.5.176 | op=SEND_HEARTBEAT {datanodeUUID=6fc9f5bf-9d19-4424-b095-dbd8051c5d1f, command=[]} | ret=SUCCESS |  
2019-08-29 23:17:30,658 | INFO  | SCMAudit | user=jenkins1000 | ip=192.168.5.176 | op=SEND_HEARTBEAT {datanodeUUID=c28b6833-03f3-43d7-88dd-1eb93de0674c, command=[]} | ret=SUCCESS |  
2019-08-29 23:17:30,674 | INFO  | SCMAudit | user=jenkins1000 | ip=192.168.5.176 | op=SEND_HEARTBEAT {datanodeUUID=91c146c8-9622-4fdf-af50-459baf835861, command=[]} | ret=SUCCESS |  
2019-08-29 23:17:30,682 | INFO  | SCMAudit | user=jenkins1000 | ip=192.168.5.176 | op=SEND_HEARTBEAT {datanodeUUID=c2791d19-603b-4976-b3e9-7899a47ab15b, command=[]} | ret=SUCCESS |  
2019-08-29 23:17:30,937 | INFO  | SCMAudit | user=jenkins1000 | ip=192.168.5.176 | op=SEND_HEARTBEAT {datanodeUUID=b91667ad-dd07-438b-a2aa-20d994bbddf1, command=[]} | ret=SUCCESS |  
2019-08-29 23:17:30,940 | INFO  | SCMAudit | user=jenkins1000 | ip=192.168.5.176 | op=SEND_HEARTBEAT {datanodeUUID=7b8ea038-0abd-40f8-b5e6-235888bbf81b, command=[]} | ret=SUCCESS |  
2019-08-29 23:17:30,941 | INFO  | SCMAudit | user=jenkins1000 | ip=192.168.5.176 | op=SEND_HEARTBEAT {datanodeUUID=fdf38f52-984e-464b-b063-6b40bc579090, command=[]} | ret=SUCCESS |  
2019-08-29 23:17:30,943 | INFO  | SCMAudit | user=jenkins1000 | ip=192.168.5.176 | op=SEND_HEARTBEAT {datanodeUUID=6fc9f5bf-9d19-4424-b095-dbd8051c5d1f, command=[]} | ret=SUCCESS |  
2019-08-29 23:17:31,658 | INFO  | SCMAudit | user=jenkins1000 | ip=192.168.5.176 | op=SEND_HEARTBEAT {datanodeUUID=c28b6833-03f3-43d7-88dd-1eb93de0674c, command=[]} | ret=SUCCESS |  
2019-08-29 23:17:31,674 | INFO  | SCMAudit | user=jenkins1000 | ip=192.168.5.176 | op=SEND_HEARTBEAT {datanodeUUID=91c146c8-9622-4fdf-af50-459baf835861, command=[]} | ret=SUCCESS |  
2019-08-29 23:17:31,682 | INFO  | SCMAudit | user=jenkins1000 | ip=192.168.5.176 | op=SEND_HEARTBEAT {datanodeUUID=c2791d19-603b-4976-b3e9-7899a47ab15b, command=[]} | ret=SUCCESS |  
2019-08-29 23:17:31,937 | INFO  | SCMAudit | user=jenkins1000 | ip=192.168.5.176 | op=SEND_HEARTBEAT {datanodeUUID=b91667ad-dd07-438b-a2aa-20d994bbddf1, command=[]} | ret=SUCCESS |  
2019-08-29 23:17:31,940 | INFO  | SCMAudit | user=jenkins1000 | ip=192.168.5.176 | op=SEND_HEARTBEAT {datanodeUUID=7b8ea038-0abd-40f8-b5e6-235888bbf81b, command=[]} | ret=SUCCESS |  
2019-08-29 23:17:31,941 | INFO  | SCMAudit | user=jenkins1000 | ip=192.168.5.176 | op=SEND_HEARTBEAT {datanodeUUID=fdf38f52-984e-464b-b063-6b40bc579090, command=[]} | ret=SUCCESS |  
2019-08-29 23:17:31,943 | INFO  | SCMAudit | user=jenkins1000 | ip=192.168.5.176 | op=SEND_HEARTBEAT {datanodeUUID=6fc9f5bf-9d19-4424-b095-dbd8051c5d1f, command=[]} | ret=SUCCESS |  
2019-08-29 23:17:32,583 [grpc-default-executor-0] INFO  client.GrpcClientProtocolClient (GrpcClientProtocolClient.java:onNext(255)) - client-5CFC44E75E5D->c2791d19-603b-4976-b3e9-7899a47ab15b: receive RaftClientReply:client-5CFC44E75E5D->c2791d19-603b-4976-b3e9-7899a47ab15b@group-E13997D93674, cid=45, FAILED org.apache.ratis.protocol.NotLeaderException: Server c2791d19-603b-4976-b3e9-7899a47ab15b is not the leader (c28b6833-03f3-43d7-88dd-1eb93de0674c:192.168.5.176:36768). Request must be sent to leader., logIndex=0, commits[c2791d19-603b-4976-b3e9-7899a47ab15b:c8, c28b6833-03f3-43d7-88dd-1eb93de0674c:c8, 91c146c8-9622-4fdf-af50-459baf835861:c8]
2019-08-29 23:17:32,658 | INFO  | SCMAudit | user=jenkins1000 | ip=192.168.5.176 | op=SEND_HEARTBEAT {datanodeUUID=c28b6833-03f3-43d7-88dd-1eb93de0674c, command=[]} | ret=SUCCESS |  
2019-08-29 23:17:32,675 | INFO  | SCMAudit | user=jenkins1000 | ip=192.168.5.176 | op=SEND_HEARTBEAT {datanodeUUID=91c146c8-9622-4fdf-af50-459baf835861, command=[]} | ret=SUCCESS |  
2019-08-29 23:17:32,683 | INFO  | SCMAudit | user=jenkins1000 | ip=192.168.5.176 | op=SEND_HEARTBEAT {datanodeUUID=c2791d19-603b-4976-b3e9-7899a47ab15b, command=[]} | ret=SUCCESS |  
2019-08-29 23:17:32,937 | INFO  | SCMAudit | user=jenkins1000 | ip=192.168.5.176 | op=SEND_HEARTBEAT {datanodeUUID=b91667ad-dd07-438b-a2aa-20d994bbddf1, command=[]} | ret=SUCCESS |  
2019-08-29 23:17:32,941 | INFO  | SCMAudit | user=jenkins1000 | ip=192.168.5.176 | op=SEND_HEARTBEAT {datanodeUUID=7b8ea038-0abd-40f8-b5e6-235888bbf81b, command=[]} | ret=SUCCESS |  
2019-08-29 23:17:32,941 | INFO  | SCMAudit | user=jenkins1000 | ip=192.168.5.176 | op=SEND_HEARTBEAT {datanodeUUID=fdf38f52-984e-464b-b063-6b40bc579090, command=[]} | ret=SUCCESS |  
2019-08-29 23:17:32,943 | INFO  | SCMAudit | user=jenkins1000 | ip=192.168.5.176 | op=SEND_HEARTBEAT {datanodeUUID=6fc9f5bf-9d19-4424-b095-dbd8051c5d1f, command=[]} | ret=SUCCESS |  
2019-08-29 23:17:33,659 | INFO  | SCMAudit | user=jenkins1000 | ip=192.168.5.176 | op=SEND_HEARTBEAT {datanodeUUID=c28b6833-03f3-43d7-88dd-1eb93de0674c, command=[]} | ret=SUCCESS |  
2019-08-29 23:17:33,676 | INFO  | SCMAudit | user=jenkins1000 | ip=192.168.5.176 | op=SEND_HEARTBEAT {datanodeUUID=91c146c8-9622-4fdf-af50-459baf835861, command=[]} | ret=SUCCESS |  
2019-08-29 23:17:33,684 | INFO  | SCMAudit | user=jenkins1000 | ip=192.168.5.176 | op=SEND_HEARTBEAT {datanodeUUID=c2791d19-603b-4976-b3e9-7899a47ab15b, command=[]} | ret=SUCCESS |  
2019-08-29 23:17:33,937 | INFO  | SCMAudit | user=jenkins1000 | ip=192.168.5.176 | op=SEND_HEARTBEAT {datanodeUUID=b91667ad-dd07-438b-a2aa-20d994bbddf1, command=[]} | ret=SUCCESS |  
2019-08-29 23:17:33,941 | INFO  | SCMAudit | user=jenkins1000 | ip=192.168.5.176 | op=SEND_HEARTBEAT {datanodeUUID=7b8ea038-0abd-40f8-b5e6-235888bbf81b, command=[]} | ret=SUCCESS |  
2019-08-29 23:17:33,941 | INFO  | SCMAudit | user=jenkins1000 | ip=192.168.5.176 | op=SEND_HEARTBEAT {datanodeUUID=fdf38f52-984e-464b-b063-6b40bc579090, command=[]} | ret=SUCCESS |  
2019-08-29 23:17:33,943 | INFO  | SCMAudit | user=jenkins1000 | ip=192.168.5.176 | op=SEND_HEARTBEAT {datanodeUUID=6fc9f5bf-9d19-4424-b095-dbd8051c5d1f, command=[]} | ret=SUCCESS |  
2019-08-29 23:17:34,658 | INFO  | SCMAudit | user=jenkins1000 | ip=192.168.5.176 | op=SEND_HEARTBEAT {datanodeUUID=c28b6833-03f3-43d7-88dd-1eb93de0674c, command=[]} | ret=SUCCESS |  
2019-08-29 23:17:34,676 | INFO  | SCMAudit | user=jenkins1000 | ip=192.168.5.176 | op=SEND_HEARTBEAT {datanodeUUID=91c146c8-9622-4fdf-af50-459baf835861, command=[]} | ret=SUCCESS |  
2019-08-29 23:17:34,684 | INFO  | SCMAudit | user=jenkins1000 | ip=192.168.5.176 | op=SEND_HEARTBEAT {datanodeUUID=c2791d19-603b-4976-b3e9-7899a47ab15b, command=[]} | ret=SUCCESS |  
2019-08-29 23:17:34,937 | INFO  | SCMAudit | user=jenkins1000 | ip=192.168.5.176 | op=SEND_HEARTBEAT {datanodeUUID=b91667ad-dd07-438b-a2aa-20d994bbddf1, command=[]} | ret=SUCCESS |  
2019-08-29 23:17:34,941 | INFO  | SCMAudit | user=jenkins1000 | ip=192.168.5.176 | op=SEND_HEARTBEAT {datanodeUUID=7b8ea038-0abd-40f8-b5e6-235888bbf81b, command=[]} | ret=SUCCESS |  
2019-08-29 23:17:34,941 | INFO  | SCMAudit | user=jenkins1000 | ip=192.168.5.176 | op=SEND_HEARTBEAT {datanodeUUID=fdf38f52-984e-464b-b063-6b40bc579090, command=[]} | ret=SUCCESS |  
2019-08-29 23:17:34,943 | INFO  | SCMAudit | user=jenkins1000 | ip=192.168.5.176 | op=SEND_HEARTBEAT {datanodeUUID=6fc9f5bf-9d19-4424-b095-dbd8051c5d1f, command=[]} | ret=SUCCESS |  
2019-08-29 23:17:35,658 | INFO  | SCMAudit | user=jenkins1000 | ip=192.168.5.176 | op=SEND_HEARTBEAT {datanodeUUID=c28b6833-03f3-43d7-88dd-1eb93de0674c, command=[]} | ret=SUCCESS |  
2019-08-29 23:17:35,677 | INFO  | SCMAudit | user=jenkins1000 | ip=192.168.5.176 | op=SEND_HEARTBEAT {datanodeUUID=91c146c8-9622-4fdf-af50-459baf835861, command=[]} | ret=SUCCESS |  
2019-08-29 23:17:35,684 | INFO  | SCMAudit | user=jenkins1000 | ip=192.168.5.176 | op=SEND_HEARTBEAT {datanodeUUID=c2791d19-603b-4976-b3e9-7899a47ab15b, command=[]} | ret=SUCCESS |  
2019-08-29 23:17:35,937 | INFO  | SCMAudit | user=jenkins1000 | ip=192.168.5.176 | op=SEND_HEARTBEAT {datanodeUUID=b91667ad-dd07-438b-a2aa-20d994bbddf1, command=[]} | ret=SUCCESS |  
2019-08-29 23:17:35,941 | INFO  | SCMAudit | user=jenkins1000 | ip=192.168.5.176 | op=SEND_HEARTBEAT {datanodeUUID=fdf38f52-984e-464b-b063-6b40bc579090, command=[]} | ret=SUCCESS |  
2019-08-29 23:17:35,941 | INFO  | SCMAudit | user=jenkins1000 | ip=192.168.5.176 | op=SEND_HEARTBEAT {datanodeUUID=7b8ea038-0abd-40f8-b5e6-235888bbf81b, command=[]} | ret=SUCCESS |  
2019-08-29 23:17:35,943 | INFO  | SCMAudit | user=jenkins1000 | ip=192.168.5.176 | op=SEND_HEARTBEAT {datanodeUUID=6fc9f5bf-9d19-4424-b095-dbd8051c5d1f, command=[]} | ret=SUCCESS |  
2019-08-29 23:17:36,659 | INFO  | SCMAudit | user=jenkins1000 | ip=192.168.5.176 | op=SEND_HEARTBEAT {datanodeUUID=c28b6833-03f3-43d7-88dd-1eb93de0674c, command=[]} | ret=SUCCESS |  
2019-08-29 23:17:36,678 | INFO  | SCMAudit | user=jenkins1000 | ip=192.168.5.176 | op=SEND_HEARTBEAT {datanodeUUID=91c146c8-9622-4fdf-af50-459baf835861, command=[]} | ret=SUCCESS |  
2019-08-29 23:17:36,684 | INFO  | SCMAudit | user=jenkins1000 | ip=192.168.5.176 | op=SEND_HEARTBEAT {datanodeUUID=c2791d19-603b-4976-b3e9-7899a47ab15b, command=[]} | ret=SUCCESS |  
2019-08-29 23:17:36,938 | INFO  | SCMAudit | user=jenkins1000 | ip=192.168.5.176 | op=SEND_HEARTBEAT {datanodeUUID=b91667ad-dd07-438b-a2aa-20d994bbddf1, command=[]} | ret=SUCCESS |  
2019-08-29 23:17:36,941 | INFO  | SCMAudit | user=jenkins1000 | ip=192.168.5.176 | op=SEND_HEARTBEAT {datanodeUUID=fdf38f52-984e-464b-b063-6b40bc579090, command=[]} | ret=SUCCESS |  
2019-08-29 23:17:36,942 | INFO  | SCMAudit | user=jenkins1000 | ip=192.168.5.176 | op=SEND_HEARTBEAT {datanodeUUID=7b8ea038-0abd-40f8-b5e6-235888bbf81b, command=[]} | ret=SUCCESS |  
2019-08-29 23:17:36,943 | INFO  | SCMAudit | user=jenkins1000 | ip=192.168.5.176 | op=SEND_HEARTBEAT {datanodeUUID=6fc9f5bf-9d19-4424-b095-dbd8051c5d1f, command=[]} | ret=SUCCESS |  
2019-08-29 23:17:37,636 [grpc-default-executor-0] INFO  client.GrpcClientProtocolClient (GrpcClientProtocolClient.java:onNext(255)) - client-5CFC44E75E5D->91c146c8-9622-4fdf-af50-459baf835861: receive RaftClientReply:client-5CFC44E75E5D->91c146c8-9622-4fdf-af50-459baf835861@group-E13997D93674, cid=45, FAILED org.apache.ratis.protocol.NotLeaderException: Server 91c146c8-9622-4fdf-af50-459baf835861 is not the leader (c28b6833-03f3-43d7-88dd-1eb93de0674c:192.168.5.176:36768). Request must be sent to leader., logIndex=0, commits[91c146c8-9622-4fdf-af50-459baf835861:c8, c2791d19-603b-4976-b3e9-7899a47ab15b:c8, c28b6833-03f3-43d7-88dd-1eb93de0674c:c8]
2019-08-29 23:17:37,659 | INFO  | SCMAudit | user=jenkins1000 | ip=192.168.5.176 | op=SEND_HEARTBEAT {datanodeUUID=c28b6833-03f3-43d7-88dd-1eb93de0674c, command=[]} | ret=SUCCESS |  
2019-08-29 23:17:37,679 | INFO  | SCMAudit | user=jenkins1000 | ip=192.168.5.176 | op=SEND_HEARTBEAT {datanodeUUID=91c146c8-9622-4fdf-af50-459baf835861, command=[]} | ret=SUCCESS |  
2019-08-29 23:17:37,684 | INFO  | SCMAudit | user=jenkins1000 | ip=192.168.5.176 | op=SEND_HEARTBEAT {datanodeUUID=c2791d19-603b-4976-b3e9-7899a47ab15b, command=[]} | ret=SUCCESS |  
2019-08-29 23:17:37,938 | INFO  | SCMAudit | user=jenkins1000 | ip=192.168.5.176 | op=SEND_HEARTBEAT {datanodeUUID=b91667ad-dd07-438b-a2aa-20d994bbddf1, command=[]} | ret=SUCCESS |  
2019-08-29 23:17:37,941 | INFO  | SCMAudit | user=jenkins1000 | ip=192.168.5.176 | op=SEND_HEARTBEAT {datanodeUUID=fdf38f52-984e-464b-b063-6b40bc579090, command=[]} | ret=SUCCESS |  
2019-08-29 23:17:37,943 | INFO  | SCMAudit | user=jenkins1000 | ip=192.168.5.176 | op=SEND_HEARTBEAT {datanodeUUID=7b8ea038-0abd-40f8-b5e6-235888bbf81b, command=[]} | ret=SUCCESS |  
2019-08-29 23:17:37,944 | INFO  | SCMAudit | user=jenkins1000 | ip=192.168.5.176 | op=SEND_HEARTBEAT {datanodeUUID=6fc9f5bf-9d19-4424-b095-dbd8051c5d1f, command=[]} | ret=SUCCESS |  
2019-08-29 23:17:38,659 | INFO  | SCMAudit | user=jenkins1000 | ip=192.168.5.176 | op=SEND_HEARTBEAT {datanodeUUID=c28b6833-03f3-43d7-88dd-1eb93de0674c, command=[]} | ret=SUCCESS |  
2019-08-29 23:17:38,679 | INFO  | SCMAudit | user=jenkins1000 | ip=192.168.5.176 | op=SEND_HEARTBEAT {datanodeUUID=91c146c8-9622-4fdf-af50-459baf835861, command=[]} | ret=SUCCESS |  
2019-08-29 23:17:38,684 | INFO  | SCMAudit | user=jenkins1000 | ip=192.168.5.176 | op=SEND_HEARTBEAT {datanodeUUID=c2791d19-603b-4976-b3e9-7899a47ab15b, command=[]} | ret=SUCCESS |  
2019-08-29 23:17:38,939 | INFO  | SCMAudit | user=jenkins1000 | ip=192.168.5.176 | op=SEND_HEARTBEAT {datanodeUUID=b91667ad-dd07-438b-a2aa-20d994bbddf1, command=[]} | ret=SUCCESS |  
2019-08-29 23:17:38,941 | INFO  | SCMAudit | user=jenkins1000 | ip=192.168.5.176 | op=SEND_HEARTBEAT {datanodeUUID=fdf38f52-984e-464b-b063-6b40bc579090, command=[]} | ret=SUCCESS |  
2019-08-29 23:17:38,943 | INFO  | SCMAudit | user=jenkins1000 | ip=192.168.5.176 | op=SEND_HEARTBEAT {datanodeUUID=7b8ea038-0abd-40f8-b5e6-235888bbf81b, command=[]} | ret=SUCCESS |  
2019-08-29 23:17:38,944 | INFO  | SCMAudit | user=jenkins1000 | ip=192.168.5.176 | op=SEND_HEARTBEAT {datanodeUUID=6fc9f5bf-9d19-4424-b095-dbd8051c5d1f, command=[]} | ret=SUCCESS |  
2019-08-29 23:17:39,659 | INFO  | SCMAudit | user=jenkins1000 | ip=192.168.5.176 | op=SEND_HEARTBEAT {datanodeUUID=c28b6833-03f3-43d7-88dd-1eb93de0674c, command=[]} | ret=SUCCESS |  
2019-08-29 23:17:39,679 | INFO  | SCMAudit | user=jenkins1000 | ip=192.168.5.176 | op=SEND_HEARTBEAT {datanodeUUID=91c146c8-9622-4fdf-af50-459baf835861, command=[]} | ret=SUCCESS |  
2019-08-29 23:17:39,684 | INFO  | SCMAudit | user=jenkins1000 | ip=192.168.5.176 | op=SEND_HEARTBEAT {datanodeUUID=c2791d19-603b-4976-b3e9-7899a47ab15b, command=[]} | ret=SUCCESS |  
2019-08-29 23:17:39,939 | INFO  | SCMAudit | user=jenkins1000 | ip=192.168.5.176 | op=SEND_HEARTBEAT {datanodeUUID=b91667ad-dd07-438b-a2aa-20d994bbddf1, command=[]} | ret=SUCCESS |  
2019-08-29 23:17:39,941 | INFO  | SCMAudit | user=jenkins1000 | ip=192.168.5.176 | op=SEND_HEARTBEAT {datanodeUUID=fdf38f52-984e-464b-b063-6b40bc579090, command=[]} | ret=SUCCESS |  
2019-08-29 23:17:39,943 | INFO  | SCMAudit | user=jenkins1000 | ip=192.168.5.176 | op=SEND_HEARTBEAT {datanodeUUID=7b8ea038-0abd-40f8-b5e6-235888bbf81b, command=[]} | ret=SUCCESS |  
2019-08-29 23:17:39,944 | INFO  | SCMAudit | user=jenkins1000 | ip=192.168.5.176 | op=SEND_HEARTBEAT {datanodeUUID=6fc9f5bf-9d19-4424-b095-dbd8051c5d1f, command=[]} | ret=SUCCESS |  
2019-08-29 23:17:40,659 | INFO  | SCMAudit | user=jenkins1000 | ip=192.168.5.176 | op=SEND_HEARTBEAT {datanodeUUID=c28b6833-03f3-43d7-88dd-1eb93de0674c, command=[]} | ret=SUCCESS |  
2019-08-29 23:17:40,679 | INFO  | SCMAudit | user=jenkins1000 | ip=192.168.5.176 | op=SEND_HEARTBEAT {datanodeUUID=91c146c8-9622-4fdf-af50-459baf835861, command=[]} | ret=SUCCESS |  
2019-08-29 23:17:40,684 | INFO  | SCMAudit | user=jenkins1000 | ip=192.168.5.176 | op=SEND_HEARTBEAT {datanodeUUID=c2791d19-603b-4976-b3e9-7899a47ab15b, command=[]} | ret=SUCCESS |  
2019-08-29 23:17:40,939 | INFO  | SCMAudit | user=jenkins1000 | ip=192.168.5.176 | op=SEND_HEARTBEAT {datanodeUUID=b91667ad-dd07-438b-a2aa-20d994bbddf1, command=[]} | ret=SUCCESS |  
2019-08-29 23:17:40,941 | INFO  | SCMAudit | user=jenkins1000 | ip=192.168.5.176 | op=SEND_HEARTBEAT {datanodeUUID=fdf38f52-984e-464b-b063-6b40bc579090, command=[]} | ret=SUCCESS |  
2019-08-29 23:17:40,943 | INFO  | SCMAudit | user=jenkins1000 | ip=192.168.5.176 | op=SEND_HEARTBEAT {datanodeUUID=7b8ea038-0abd-40f8-b5e6-235888bbf81b, command=[]} | ret=SUCCESS |  
2019-08-29 23:17:40,944 | INFO  | SCMAudit | user=jenkins1000 | ip=192.168.5.176 | op=SEND_HEARTBEAT {datanodeUUID=6fc9f5bf-9d19-4424-b095-dbd8051c5d1f, command=[]} | ret=SUCCESS |  
2019-08-29 23:17:41,659 | INFO  | SCMAudit | user=jenkins1000 | ip=192.168.5.176 | op=SEND_HEARTBEAT {datanodeUUID=c28b6833-03f3-43d7-88dd-1eb93de0674c, command=[]} | ret=SUCCESS |  
2019-08-29 23:17:41,680 | INFO  | SCMAudit | user=jenkins1000 | ip=192.168.5.176 | op=SEND_HEARTBEAT {datanodeUUID=91c146c8-9622-4fdf-af50-459baf835861, command=[]} | ret=SUCCESS |  
2019-08-29 23:17:41,685 | INFO  | SCMAudit | user=jenkins1000 | ip=192.168.5.176 | op=SEND_HEARTBEAT {datanodeUUID=c2791d19-603b-4976-b3e9-7899a47ab15b, command=[]} | ret=SUCCESS |  
2019-08-29 23:17:41,939 | INFO  | SCMAudit | user=jenkins1000 | ip=192.168.5.176 | op=SEND_HEARTBEAT {datanodeUUID=b91667ad-dd07-438b-a2aa-20d994bbddf1, command=[]} | ret=SUCCESS |  
2019-08-29 23:17:41,942 | INFO  | SCMAudit | user=jenkins1000 | ip=192.168.5.176 | op=SEND_HEARTBEAT {datanodeUUID=fdf38f52-984e-464b-b063-6b40bc579090, command=[]} | ret=SUCCESS |  
2019-08-29 23:17:41,943 | INFO  | SCMAudit | user=jenkins1000 | ip=192.168.5.176 | op=SEND_HEARTBEAT {datanodeUUID=6fc9f5bf-9d19-4424-b095-dbd8051c5d1f, command=[]} | ret=SUCCESS |  
2019-08-29 23:17:41,944 | INFO  | SCMAudit | user=jenkins1000 | ip=192.168.5.176 | op=SEND_HEARTBEAT {datanodeUUID=7b8ea038-0abd-40f8-b5e6-235888bbf81b, command=[]} | ret=SUCCESS |  
2019-08-29 23:17:42,660 | INFO  | SCMAudit | user=jenkins1000 | ip=192.168.5.176 | op=SEND_HEARTBEAT {datanodeUUID=c28b6833-03f3-43d7-88dd-1eb93de0674c, command=[]} | ret=SUCCESS |  
2019-08-29 23:17:42,676 [grpc-default-executor-2] INFO  client.GrpcClientProtocolClient (GrpcClientProtocolClient.java:onNext(255)) - client-5CFC44E75E5D->c2791d19-603b-4976-b3e9-7899a47ab15b: receive RaftClientReply:client-5CFC44E75E5D->c2791d19-603b-4976-b3e9-7899a47ab15b@group-E13997D93674, cid=45, FAILED org.apache.ratis.protocol.NotLeaderException: Server c2791d19-603b-4976-b3e9-7899a47ab15b is not the leader (c28b6833-03f3-43d7-88dd-1eb93de0674c:192.168.5.176:36768). Request must be sent to leader., logIndex=0, commits[c2791d19-603b-4976-b3e9-7899a47ab15b:c8, c28b6833-03f3-43d7-88dd-1eb93de0674c:c8, 91c146c8-9622-4fdf-af50-459baf835861:c8]
2019-08-29 23:17:42,686 | INFO  | SCMAudit | user=jenkins1000 | ip=192.168.5.176 | op=SEND_HEARTBEAT {datanodeUUID=91c146c8-9622-4fdf-af50-459baf835861, command=[]} | ret=SUCCESS |  
2019-08-29 23:17:42,687 | INFO  | SCMAudit | user=jenkins1000 | ip=192.168.5.176 | op=SEND_HEARTBEAT {datanodeUUID=c2791d19-603b-4976-b3e9-7899a47ab15b, command=[]} | ret=SUCCESS |  
2019-08-29 23:17:42,940 | INFO  | SCMAudit | user=jenkins1000 | ip=192.168.5.176 | op=SEND_HEARTBEAT {datanodeUUID=b91667ad-dd07-438b-a2aa-20d994bbddf1, command=[]} | ret=SUCCESS |  
2019-08-29 23:17:42,942 | INFO  | SCMAudit | user=jenkins1000 | ip=192.168.5.176 | op=SEND_HEARTBEAT {datanodeUUID=fdf38f52-984e-464b-b063-6b40bc579090, command=[]} | ret=SUCCESS |  
2019-08-29 23:17:42,944 | INFO  | SCMAudit | user=jenkins1000 | ip=192.168.5.176 | op=SEND_HEARTBEAT {datanodeUUID=6fc9f5bf-9d19-4424-b095-dbd8051c5d1f, command=[]} | ret=SUCCESS |  
2019-08-29 23:17:42,945 | INFO  | SCMAudit | user=jenkins1000 | ip=192.168.5.176 | op=SEND_HEARTBEAT {datanodeUUID=7b8ea038-0abd-40f8-b5e6-235888bbf81b, command=[]} | ret=SUCCESS |  
2019-08-29 23:17:43,659 | INFO  | SCMAudit | user=jenkins1000 | ip=192.168.5.176 | op=SEND_HEARTBEAT {datanodeUUID=c28b6833-03f3-43d7-88dd-1eb93de0674c, command=[]} | ret=SUCCESS |  
2019-08-29 23:17:43,684 | INFO  | SCMAudit | user=jenkins1000 | ip=192.168.5.176 | op=SEND_HEARTBEAT {datanodeUUID=91c146c8-9622-4fdf-af50-459baf835861, command=[]} | ret=SUCCESS |  
2019-08-29 23:17:43,692 | INFO  | SCMAudit | user=jenkins1000 | ip=192.168.5.176 | op=SEND_HEARTBEAT {datanodeUUID=c2791d19-603b-4976-b3e9-7899a47ab15b, command=[]} | ret=SUCCESS |  
2019-08-29 23:17:43,940 | INFO  | SCMAudit | user=jenkins1000 | ip=192.168.5.176 | op=SEND_HEARTBEAT {datanodeUUID=b91667ad-dd07-438b-a2aa-20d994bbddf1, command=[]} | ret=SUCCESS |  
2019-08-29 23:17:43,942 | INFO  | SCMAudit | user=jenkins1000 | ip=192.168.5.176 | op=SEND_HEARTBEAT {datanodeUUID=fdf38f52-984e-464b-b063-6b40bc579090, command=[]} | ret=SUCCESS |  
2019-08-29 23:17:43,944 | INFO  | SCMAudit | user=jenkins1000 | ip=192.168.5.176 | op=SEND_HEARTBEAT {datanodeUUID=6fc9f5bf-9d19-4424-b095-dbd8051c5d1f, command=[]} | ret=SUCCESS |  
2019-08-29 23:17:43,946 | INFO  | SCMAudit | user=jenkins1000 | ip=192.168.5.176 | op=SEND_HEARTBEAT {datanodeUUID=7b8ea038-0abd-40f8-b5e6-235888bbf81b, command=[]} | ret=SUCCESS |  
2019-08-29 23:17:44,659 | INFO  | SCMAudit | user=jenkins1000 | ip=192.168.5.176 | op=SEND_HEARTBEAT {datanodeUUID=c28b6833-03f3-43d7-88dd-1eb93de0674c, command=[]} | ret=SUCCESS |  
2019-08-29 23:17:44,684 | INFO  | SCMAudit | user=jenkins1000 | ip=192.168.5.176 | op=SEND_HEARTBEAT {datanodeUUID=91c146c8-9622-4fdf-af50-459baf835861, command=[]} | ret=SUCCESS |  
2019-08-29 23:17:44,692 | INFO  | SCMAudit | user=jenkins1000 | ip=192.168.5.176 | op=SEND_HEARTBEAT {datanodeUUID=c2791d19-603b-4976-b3e9-7899a47ab15b, command=[]} | ret=SUCCESS |  
2019-08-29 23:17:44,940 | INFO  | SCMAudit | user=jenkins1000 | ip=192.168.5.176 | op=SEND_HEARTBEAT {datanodeUUID=b91667ad-dd07-438b-a2aa-20d994bbddf1, command=[]} | ret=SUCCESS |  
2019-08-29 23:17:44,942 | INFO  | SCMAudit | user=jenkins1000 | ip=192.168.5.176 | op=SEND_HEARTBEAT {datanodeUUID=fdf38f52-984e-464b-b063-6b40bc579090, command=[]} | ret=SUCCESS |  
2019-08-29 23:17:44,944 | INFO  | SCMAudit | user=jenkins1000 | ip=192.168.5.176 | op=SEND_HEARTBEAT {datanodeUUID=6fc9f5bf-9d19-4424-b095-dbd8051c5d1f, command=[]} | ret=SUCCESS |  
2019-08-29 23:17:44,947 | INFO  | SCMAudit | user=jenkins1000 | ip=192.168.5.176 | op=SEND_HEARTBEAT {datanodeUUID=7b8ea038-0abd-40f8-b5e6-235888bbf81b, command=[]} | ret=SUCCESS |  
2019-08-29 23:17:45,659 | INFO  | SCMAudit | user=jenkins1000 | ip=192.168.5.176 | op=SEND_HEARTBEAT {datanodeUUID=c28b6833-03f3-43d7-88dd-1eb93de0674c, command=[]} | ret=SUCCESS |  
2019-08-29 23:17:45,684 | INFO  | SCMAudit | user=jenkins1000 | ip=192.168.5.176 | op=SEND_HEARTBEAT {datanodeUUID=91c146c8-9622-4fdf-af50-459baf835861, command=[]} | ret=SUCCESS |  
2019-08-29 23:17:45,705 | INFO  | SCMAudit | user=jenkins1000 | ip=192.168.5.176 | op=SEND_HEARTBEAT {datanodeUUID=c2791d19-603b-4976-b3e9-7899a47ab15b, command=[]} | ret=SUCCESS |  
2019-08-29 23:17:45,940 | INFO  | SCMAudit | user=jenkins1000 | ip=192.168.5.176 | op=SEND_HEARTBEAT {datanodeUUID=b91667ad-dd07-438b-a2aa-20d994bbddf1, command=[]} | ret=SUCCESS |  
2019-08-29 23:17:45,942 | INFO  | SCMAudit | user=jenkins1000 | ip=192.168.5.176 | op=SEND_HEARTBEAT {datanodeUUID=fdf38f52-984e-464b-b063-6b40bc579090, command=[]} | ret=SUCCESS |  
2019-08-29 23:17:45,944 | INFO  | SCMAudit | user=jenkins1000 | ip=192.168.5.176 | op=SEND_HEARTBEAT {datanodeUUID=6fc9f5bf-9d19-4424-b095-dbd8051c5d1f, command=[]} | ret=SUCCESS |  
2019-08-29 23:17:45,947 | INFO  | SCMAudit | user=jenkins1000 | ip=192.168.5.176 | op=SEND_HEARTBEAT {datanodeUUID=7b8ea038-0abd-40f8-b5e6-235888bbf81b, command=[]} | ret=SUCCESS |  
2019-08-29 23:17:46,659 | INFO  | SCMAudit | user=jenkins1000 | ip=192.168.5.176 | op=SEND_HEARTBEAT {datanodeUUID=c28b6833-03f3-43d7-88dd-1eb93de0674c, command=[]} | ret=SUCCESS |  
2019-08-29 23:17:46,684 | INFO  | SCMAudit | user=jenkins1000 | ip=192.168.5.176 | op=SEND_HEARTBEAT {datanodeUUID=91c146c8-9622-4fdf-af50-459baf835861, command=[]} | ret=SUCCESS |  
2019-08-29 23:17:46,705 | INFO  | SCMAudit | user=jenkins1000 | ip=192.168.5.176 | op=SEND_HEARTBEAT {datanodeUUID=c2791d19-603b-4976-b3e9-7899a47ab15b, command=[]} | ret=SUCCESS |  
2019-08-29 23:17:46,941 | INFO  | SCMAudit | user=jenkins1000 | ip=192.168.5.176 | op=SEND_HEARTBEAT {datanodeUUID=b91667ad-dd07-438b-a2aa-20d994bbddf1, command=[]} | ret=SUCCESS |  
2019-08-29 23:17:46,942 | INFO  | SCMAudit | user=jenkins1000 | ip=192.168.5.176 | op=SEND_HEARTBEAT {datanodeUUID=fdf38f52-984e-464b-b063-6b40bc579090, command=[]} | ret=SUCCESS |  
2019-08-29 23:17:46,944 | INFO  | SCMAudit | user=jenkins1000 | ip=192.168.5.176 | op=SEND_HEARTBEAT {datanodeUUID=6fc9f5bf-9d19-4424-b095-dbd8051c5d1f, command=[]} | ret=SUCCESS |  
2019-08-29 23:17:46,947 | INFO  | SCMAudit | user=jenkins1000 | ip=192.168.5.176 | op=SEND_HEARTBEAT {datanodeUUID=7b8ea038-0abd-40f8-b5e6-235888bbf81b, command=[]} | ret=SUCCESS |  
2019-08-29 23:17:47,659 | INFO  | SCMAudit | user=jenkins1000 | ip=192.168.5.176 | op=SEND_HEARTBEAT {datanodeUUID=c28b6833-03f3-43d7-88dd-1eb93de0674c, command=[]} | ret=SUCCESS |  
2019-08-29 23:17:47,684 | INFO  | SCMAudit | user=jenkins1000 | ip=192.168.5.176 | op=SEND_HEARTBEAT {datanodeUUID=91c146c8-9622-4fdf-af50-459baf835861, command=[]} | ret=SUCCESS |  
2019-08-29 23:17:47,705 | INFO  | SCMAudit | user=jenkins1000 | ip=192.168.5.176 | op=SEND_HEARTBEAT {datanodeUUID=c2791d19-603b-4976-b3e9-7899a47ab15b, command=[]} | ret=SUCCESS |  
2019-08-29 23:17:47,716 [grpc-default-executor-0] INFO  client.GrpcClientProtocolClient (GrpcClientProtocolClient.java:onNext(255)) - client-5CFC44E75E5D->c2791d19-603b-4976-b3e9-7899a47ab15b: receive RaftClientReply:client-5CFC44E75E5D->c2791d19-603b-4976-b3e9-7899a47ab15b@group-E13997D93674, cid=45, FAILED org.apache.ratis.protocol.NotLeaderException: Server c2791d19-603b-4976-b3e9-7899a47ab15b is not the leader (c28b6833-03f3-43d7-88dd-1eb93de0674c:192.168.5.176:36768). Request must be sent to leader., logIndex=0, commits[c2791d19-603b-4976-b3e9-7899a47ab15b:c8, c28b6833-03f3-43d7-88dd-1eb93de0674c:c8, 91c146c8-9622-4fdf-af50-459baf835861:c8]
2019-08-29 23:17:47,941 | INFO  | SCMAudit | user=jenkins1000 | ip=192.168.5.176 | op=SEND_HEARTBEAT {datanodeUUID=b91667ad-dd07-438b-a2aa-20d994bbddf1, command=[]} | ret=SUCCESS |  
2019-08-29 23:17:47,942 | INFO  | SCMAudit | user=jenkins1000 | ip=192.168.5.176 | op=SEND_HEARTBEAT {datanodeUUID=fdf38f52-984e-464b-b063-6b40bc579090, command=[]} | ret=SUCCESS |  
2019-08-29 23:17:47,944 | INFO  | SCMAudit | user=jenkins1000 | ip=192.168.5.176 | op=SEND_HEARTBEAT {datanodeUUID=6fc9f5bf-9d19-4424-b095-dbd8051c5d1f, command=[]} | ret=SUCCESS |  
2019-08-29 23:17:47,947 | INFO  | SCMAudit | user=jenkins1000 | ip=192.168.5.176 | op=SEND_HEARTBEAT {datanodeUUID=7b8ea038-0abd-40f8-b5e6-235888bbf81b, command=[]} | ret=SUCCESS |  
2019-08-29 23:17:48,659 | INFO  | SCMAudit | user=jenkins1000 | ip=192.168.5.176 | op=SEND_HEARTBEAT {datanodeUUID=c28b6833-03f3-43d7-88dd-1eb93de0674c, command=[]} | ret=SUCCESS |  
2019-08-29 23:17:48,683 | INFO  | SCMAudit | user=jenkins1000 | ip=192.168.5.176 | op=SEND_HEARTBEAT {datanodeUUID=91c146c8-9622-4fdf-af50-459baf835861, command=[]} | ret=SUCCESS |  
2019-08-29 23:17:48,705 | INFO  | SCMAudit | user=jenkins1000 | ip=192.168.5.176 | op=SEND_HEARTBEAT {datanodeUUID=c2791d19-603b-4976-b3e9-7899a47ab15b, command=[]} | ret=SUCCESS |  
2019-08-29 23:17:48,941 | INFO  | SCMAudit | user=jenkins1000 | ip=192.168.5.176 | op=SEND_HEARTBEAT {datanodeUUID=b91667ad-dd07-438b-a2aa-20d994bbddf1, command=[]} | ret=SUCCESS |  
2019-08-29 23:17:48,942 | INFO  | SCMAudit | user=jenkins1000 | ip=192.168.5.176 | op=SEND_HEARTBEAT {datanodeUUID=fdf38f52-984e-464b-b063-6b40bc579090, command=[]} | ret=SUCCESS |  
2019-08-29 23:17:48,944 | INFO  | SCMAudit | user=jenkins1000 | ip=192.168.5.176 | op=SEND_HEARTBEAT {datanodeUUID=6fc9f5bf-9d19-4424-b095-dbd8051c5d1f, command=[]} | ret=SUCCESS |  
2019-08-29 23:17:48,947 | INFO  | SCMAudit | user=jenkins1000 | ip=192.168.5.176 | op=SEND_HEARTBEAT {datanodeUUID=7b8ea038-0abd-40f8-b5e6-235888bbf81b, command=[]} | ret=SUCCESS |  
2019-08-29 23:17:49,659 | INFO  | SCMAudit | user=jenkins1000 | ip=192.168.5.176 | op=SEND_HEARTBEAT {datanodeUUID=c28b6833-03f3-43d7-88dd-1eb93de0674c, command=[]} | ret=SUCCESS |  
2019-08-29 23:17:49,684 | INFO  | SCMAudit | user=jenkins1000 | ip=192.168.5.176 | op=SEND_HEARTBEAT {datanodeUUID=91c146c8-9622-4fdf-af50-459baf835861, command=[]} | ret=SUCCESS |  
2019-08-29 23:17:49,706 | INFO  | SCMAudit | user=jenkins1000 | ip=192.168.5.176 | op=SEND_HEARTBEAT {datanodeUUID=c2791d19-603b-4976-b3e9-7899a47ab15b, command=[]} | ret=SUCCESS |  
2019-08-29 23:17:49,941 | INFO  | SCMAudit | user=jenkins1000 | ip=192.168.5.176 | op=SEND_HEARTBEAT {datanodeUUID=b91667ad-dd07-438b-a2aa-20d994bbddf1, command=[]} | ret=SUCCESS |  
2019-08-29 23:17:49,942 | INFO  | SCMAudit | user=jenkins1000 | ip=192.168.5.176 | op=SEND_HEARTBEAT {datanodeUUID=fdf38f52-984e-464b-b063-6b40bc579090, command=[]} | ret=SUCCESS |  
2019-08-29 23:17:49,944 | INFO  | SCMAudit | user=jenkins1000 | ip=192.168.5.176 | op=SEND_HEARTBEAT {datanodeUUID=6fc9f5bf-9d19-4424-b095-dbd8051c5d1f, command=[]} | ret=SUCCESS |  
2019-08-29 23:17:49,947 | INFO  | SCMAudit | user=jenkins1000 | ip=192.168.5.176 | op=SEND_HEARTBEAT {datanodeUUID=7b8ea038-0abd-40f8-b5e6-235888bbf81b, command=[]} | ret=SUCCESS |  
2019-08-29 23:17:50,659 | INFO  | SCMAudit | user=jenkins1000 | ip=192.168.5.176 | op=SEND_HEARTBEAT {datanodeUUID=c28b6833-03f3-43d7-88dd-1eb93de0674c, command=[]} | ret=SUCCESS |  
2019-08-29 23:17:50,685 | INFO  | SCMAudit | user=jenkins1000 | ip=192.168.5.176 | op=SEND_HEARTBEAT {datanodeUUID=91c146c8-9622-4fdf-af50-459baf835861, command=[]} | ret=SUCCESS |  
2019-08-29 23:17:50,709 | INFO  | SCMAudit | user=jenkins1000 | ip=192.168.5.176 | op=SEND_HEARTBEAT {datanodeUUID=c2791d19-603b-4976-b3e9-7899a47ab15b, command=[]} | ret=SUCCESS |  
2019-08-29 23:17:50,941 | INFO  | SCMAudit | user=jenkins1000 | ip=192.168.5.176 | op=SEND_HEARTBEAT {datanodeUUID=b91667ad-dd07-438b-a2aa-20d994bbddf1, command=[]} | ret=SUCCESS |  
2019-08-29 23:17:50,943 | INFO  | SCMAudit | user=jenkins1000 | ip=192.168.5.176 | op=SEND_HEARTBEAT {datanodeUUID=fdf38f52-984e-464b-b063-6b40bc579090, command=[]} | ret=SUCCESS |  
2019-08-29 23:17:50,944 | INFO  | SCMAudit | user=jenkins1000 | ip=192.168.5.176 | op=SEND_HEARTBEAT {datanodeUUID=6fc9f5bf-9d19-4424-b095-dbd8051c5d1f, command=[]} | ret=SUCCESS |  
2019-08-29 23:17:50,947 | INFO  | SCMAudit | user=jenkins1000 | ip=192.168.5.176 | op=SEND_HEARTBEAT {datanodeUUID=7b8ea038-0abd-40f8-b5e6-235888bbf81b, command=[]} | ret=SUCCESS |  
2019-08-29 23:17:51,659 | INFO  | SCMAudit | user=jenkins1000 | ip=192.168.5.176 | op=SEND_HEARTBEAT {datanodeUUID=c28b6833-03f3-43d7-88dd-1eb93de0674c, command=[]} | ret=SUCCESS |  
2019-08-29 23:17:51,685 | INFO  | SCMAudit | user=jenkins1000 | ip=192.168.5.176 | op=SEND_HEARTBEAT {datanodeUUID=91c146c8-9622-4fdf-af50-459baf835861, command=[]} | ret=SUCCESS |  
2019-08-29 23:17:51,710 | INFO  | SCMAudit | user=jenkins1000 | ip=192.168.5.176 | op=SEND_HEARTBEAT {datanodeUUID=c2791d19-603b-4976-b3e9-7899a47ab15b, command=[]} | ret=SUCCESS |  
2019-08-29 23:17:51,941 | INFO  | SCMAudit | user=jenkins1000 | ip=192.168.5.176 | op=SEND_HEARTBEAT {datanodeUUID=b91667ad-dd07-438b-a2aa-20d994bbddf1, command=[]} | ret=SUCCESS |  
2019-08-29 23:17:51,944 | INFO  | SCMAudit | user=jenkins1000 | ip=192.168.5.176 | op=SEND_HEARTBEAT {datanodeUUID=6fc9f5bf-9d19-4424-b095-dbd8051c5d1f, command=[]} | ret=SUCCESS |  
2019-08-29 23:17:51,944 | INFO  | SCMAudit | user=jenkins1000 | ip=192.168.5.176 | op=SEND_HEARTBEAT {datanodeUUID=fdf38f52-984e-464b-b063-6b40bc579090, command=[]} | ret=SUCCESS |  
2019-08-29 23:17:51,947 | INFO  | SCMAudit | user=jenkins1000 | ip=192.168.5.176 | op=SEND_HEARTBEAT {datanodeUUID=7b8ea038-0abd-40f8-b5e6-235888bbf81b, command=[]} | ret=SUCCESS |  
2019-08-29 23:17:52,660 | INFO  | SCMAudit | user=jenkins1000 | ip=192.168.5.176 | op=SEND_HEARTBEAT {datanodeUUID=c28b6833-03f3-43d7-88dd-1eb93de0674c, command=[]} | ret=SUCCESS |  
2019-08-29 23:17:52,685 | INFO  | SCMAudit | user=jenkins1000 | ip=192.168.5.176 | op=SEND_HEARTBEAT {datanodeUUID=91c146c8-9622-4fdf-af50-459baf835861, command=[]} | ret=SUCCESS |  
2019-08-29 23:17:52,710 | INFO  | SCMAudit | user=jenkins1000 | ip=192.168.5.176 | op=SEND_HEARTBEAT {datanodeUUID=c2791d19-603b-4976-b3e9-7899a47ab15b, command=[]} | ret=SUCCESS |  
2019-08-29 23:17:52,769 [grpc-default-executor-2] INFO  client.GrpcClientProtocolClient (GrpcClientProtocolClient.java:onNext(255)) - client-5CFC44E75E5D->c2791d19-603b-4976-b3e9-7899a47ab15b: receive RaftClientReply:client-5CFC44E75E5D->c2791d19-603b-4976-b3e9-7899a47ab15b@group-E13997D93674, cid=45, FAILED org.apache.ratis.protocol.NotLeaderException: Server c2791d19-603b-4976-b3e9-7899a47ab15b is not the leader (c28b6833-03f3-43d7-88dd-1eb93de0674c:192.168.5.176:36768). Request must be sent to leader., logIndex=0, commits[c2791d19-603b-4976-b3e9-7899a47ab15b:c8, c28b6833-03f3-43d7-88dd-1eb93de0674c:c8, 91c146c8-9622-4fdf-af50-459baf835861:c8]
2019-08-29 23:17:52,941 | INFO  | SCMAudit | user=jenkins1000 | ip=192.168.5.176 | op=SEND_HEARTBEAT {datanodeUUID=b91667ad-dd07-438b-a2aa-20d994bbddf1, command=[]} | ret=SUCCESS |  
2019-08-29 23:17:52,944 | INFO  | SCMAudit | user=jenkins1000 | ip=192.168.5.176 | op=SEND_HEARTBEAT {datanodeUUID=6fc9f5bf-9d19-4424-b095-dbd8051c5d1f, command=[]} | ret=SUCCESS |  
2019-08-29 23:17:52,944 | INFO  | SCMAudit | user=jenkins1000 | ip=192.168.5.176 | op=SEND_HEARTBEAT {datanodeUUID=fdf38f52-984e-464b-b063-6b40bc579090, command=[]} | ret=SUCCESS |  
2019-08-29 23:17:52,947 | INFO  | SCMAudit | user=jenkins1000 | ip=192.168.5.176 | op=SEND_HEARTBEAT {datanodeUUID=7b8ea038-0abd-40f8-b5e6-235888bbf81b, command=[]} | ret=SUCCESS |  
2019-08-29 23:17:53,660 | INFO  | SCMAudit | user=jenkins1000 | ip=192.168.5.176 | op=SEND_HEARTBEAT {datanodeUUID=c28b6833-03f3-43d7-88dd-1eb93de0674c, command=[]} | ret=SUCCESS |  
2019-08-29 23:17:53,685 | INFO  | SCMAudit | user=jenkins1000 | ip=192.168.5.176 | op=SEND_HEARTBEAT {datanodeUUID=91c146c8-9622-4fdf-af50-459baf835861, command=[]} | ret=SUCCESS |  
2019-08-29 23:17:53,710 | INFO  | SCMAudit | user=jenkins1000 | ip=192.168.5.176 | op=SEND_HEARTBEAT {datanodeUUID=c2791d19-603b-4976-b3e9-7899a47ab15b, command=[]} | ret=SUCCESS |  
2019-08-29 23:17:53,941 | INFO  | SCMAudit | user=jenkins1000 | ip=192.168.5.176 | op=SEND_HEARTBEAT {datanodeUUID=b91667ad-dd07-438b-a2aa-20d994bbddf1, command=[]} | ret=SUCCESS |  
2019-08-29 23:17:53,944 | INFO  | SCMAudit | user=jenkins1000 | ip=192.168.5.176 | op=SEND_HEARTBEAT {datanodeUUID=6fc9f5bf-9d19-4424-b095-dbd8051c5d1f, command=[]} | ret=SUCCESS |  
2019-08-29 23:17:53,944 | INFO  | SCMAudit | user=jenkins1000 | ip=192.168.5.176 | op=SEND_HEARTBEAT {datanodeUUID=fdf38f52-984e-464b-b063-6b40bc579090, command=[]} | ret=SUCCESS |  
2019-08-29 23:17:53,946 | INFO  | SCMAudit | user=jenkins1000 | ip=192.168.5.176 | op=SEND_HEARTBEAT {datanodeUUID=7b8ea038-0abd-40f8-b5e6-235888bbf81b, command=[]} | ret=SUCCESS |  
2019-08-29 23:17:54,660 | INFO  | SCMAudit | user=jenkins1000 | ip=192.168.5.176 | op=SEND_HEARTBEAT {datanodeUUID=c28b6833-03f3-43d7-88dd-1eb93de0674c, command=[]} | ret=SUCCESS |  
2019-08-29 23:17:54,685 | INFO  | SCMAudit | user=jenkins1000 | ip=192.168.5.176 | op=SEND_HEARTBEAT {datanodeUUID=91c146c8-9622-4fdf-af50-459baf835861, command=[]} | ret=SUCCESS |  
2019-08-29 23:17:54,711 | INFO  | SCMAudit | user=jenkins1000 | ip=192.168.5.176 | op=SEND_HEARTBEAT {datanodeUUID=c2791d19-603b-4976-b3e9-7899a47ab15b, command=[]} | ret=SUCCESS |  
2019-08-29 23:17:54,941 | INFO  | SCMAudit | user=jenkins1000 | ip=192.168.5.176 | op=SEND_HEARTBEAT {datanodeUUID=b91667ad-dd07-438b-a2aa-20d994bbddf1, command=[]} | ret=SUCCESS |  
2019-08-29 23:17:54,944 | INFO  | SCMAudit | user=jenkins1000 | ip=192.168.5.176 | op=SEND_HEARTBEAT {datanodeUUID=6fc9f5bf-9d19-4424-b095-dbd8051c5d1f, command=[]} | ret=SUCCESS |  
2019-08-29 23:17:54,944 | INFO  | SCMAudit | user=jenkins1000 | ip=192.168.5.176 | op=SEND_HEARTBEAT {datanodeUUID=fdf38f52-984e-464b-b063-6b40bc579090, command=[]} | ret=SUCCESS |  
2019-08-29 23:17:54,947 | INFO  | SCMAudit | user=jenkins1000 | ip=192.168.5.176 | op=SEND_HEARTBEAT {datanodeUUID=7b8ea038-0abd-40f8-b5e6-235888bbf81b, command=[]} | ret=SUCCESS |  
2019-08-29 23:17:55,660 | INFO  | SCMAudit | user=jenkins1000 | ip=192.168.5.176 | op=SEND_HEARTBEAT {datanodeUUID=c28b6833-03f3-43d7-88dd-1eb93de0674c, command=[]} | ret=SUCCESS |  
2019-08-29 23:17:55,685 | INFO  | SCMAudit | user=jenkins1000 | ip=192.168.5.176 | op=SEND_HEARTBEAT {datanodeUUID=91c146c8-9622-4fdf-af50-459baf835861, command=[]} | ret=SUCCESS |  
2019-08-29 23:17:55,711 | INFO  | SCMAudit | user=jenkins1000 | ip=192.168.5.176 | op=SEND_HEARTBEAT {datanodeUUID=c2791d19-603b-4976-b3e9-7899a47ab15b, command=[]} | ret=SUCCESS |  
2019-08-29 23:17:55,941 | INFO  | SCMAudit | user=jenkins1000 | ip=192.168.5.176 | op=SEND_HEARTBEAT {datanodeUUID=b91667ad-dd07-438b-a2aa-20d994bbddf1, command=[]} | ret=SUCCESS |  
2019-08-29 23:17:55,944 | INFO  | SCMAudit | user=jenkins1000 | ip=192.168.5.176 | op=SEND_HEARTBEAT {datanodeUUID=6fc9f5bf-9d19-4424-b095-dbd8051c5d1f, command=[]} | ret=SUCCESS |  
2019-08-29 23:17:55,944 | INFO  | SCMAudit | user=jenkins1000 | ip=192.168.5.176 | op=SEND_HEARTBEAT {datanodeUUID=fdf38f52-984e-464b-b063-6b40bc579090, command=[]} | ret=SUCCESS |  
2019-08-29 23:17:55,948 | INFO  | SCMAudit | user=jenkins1000 | ip=192.168.5.176 | op=SEND_HEARTBEAT {datanodeUUID=7b8ea038-0abd-40f8-b5e6-235888bbf81b, command=[]} | ret=SUCCESS |  
2019-08-29 23:17:56,660 | INFO  | SCMAudit | user=jenkins1000 | ip=192.168.5.176 | op=SEND_HEARTBEAT {datanodeUUID=c28b6833-03f3-43d7-88dd-1eb93de0674c, command=[]} | ret=SUCCESS |  
2019-08-29 23:17:56,685 | INFO  | SCMAudit | user=jenkins1000 | ip=192.168.5.176 | op=SEND_HEARTBEAT {datanodeUUID=91c146c8-9622-4fdf-af50-459baf835861, command=[]} | ret=SUCCESS |  
2019-08-29 23:17:56,710 | INFO  | SCMAudit | user=jenkins1000 | ip=192.168.5.176 | op=SEND_HEARTBEAT {datanodeUUID=c2791d19-603b-4976-b3e9-7899a47ab15b, command=[]} | ret=SUCCESS |  
2019-08-29 23:17:56,941 | INFO  | SCMAudit | user=jenkins1000 | ip=192.168.5.176 | op=SEND_HEARTBEAT {datanodeUUID=b91667ad-dd07-438b-a2aa-20d994bbddf1, command=[]} | ret=SUCCESS |  
2019-08-29 23:17:56,944 | INFO  | SCMAudit | user=jenkins1000 | ip=192.168.5.176 | op=SEND_HEARTBEAT {datanodeUUID=fdf38f52-984e-464b-b063-6b40bc579090, command=[]} | ret=SUCCESS |  
2019-08-29 23:17:56,944 | INFO  | SCMAudit | user=jenkins1000 | ip=192.168.5.176 | op=SEND_HEARTBEAT {datanodeUUID=6fc9f5bf-9d19-4424-b095-dbd8051c5d1f, command=[]} | ret=SUCCESS |  
2019-08-29 23:17:56,948 | INFO  | SCMAudit | user=jenkins1000 | ip=192.168.5.176 | op=SEND_HEARTBEAT {datanodeUUID=7b8ea038-0abd-40f8-b5e6-235888bbf81b, command=[]} | ret=SUCCESS |  
2019-08-29 23:17:57,661 | INFO  | SCMAudit | user=jenkins1000 | ip=192.168.5.176 | op=SEND_HEARTBEAT {datanodeUUID=c28b6833-03f3-43d7-88dd-1eb93de0674c, command=[]} | ret=SUCCESS |  
2019-08-29 23:17:57,685 | INFO  | SCMAudit | user=jenkins1000 | ip=192.168.5.176 | op=SEND_HEARTBEAT {datanodeUUID=91c146c8-9622-4fdf-af50-459baf835861, command=[]} | ret=SUCCESS |  
2019-08-29 23:17:57,711 | INFO  | SCMAudit | user=jenkins1000 | ip=192.168.5.176 | op=SEND_HEARTBEAT {datanodeUUID=c2791d19-603b-4976-b3e9-7899a47ab15b, command=[]} | ret=SUCCESS |  
2019-08-29 23:17:57,807 [grpc-default-executor-2] INFO  client.GrpcClientProtocolClient (GrpcClientProtocolClient.java:onNext(255)) - client-5CFC44E75E5D->c2791d19-603b-4976-b3e9-7899a47ab15b: receive RaftClientReply:client-5CFC44E75E5D->c2791d19-603b-4976-b3e9-7899a47ab15b@group-E13997D93674, cid=45, FAILED org.apache.ratis.protocol.NotLeaderException: Server c2791d19-603b-4976-b3e9-7899a47ab15b is not the leader (c28b6833-03f3-43d7-88dd-1eb93de0674c:192.168.5.176:36768). Request must be sent to leader., logIndex=0, commits[c2791d19-603b-4976-b3e9-7899a47ab15b:c8, c28b6833-03f3-43d7-88dd-1eb93de0674c:c8, 91c146c8-9622-4fdf-af50-459baf835861:c8]
2019-08-29 23:17:57,941 | INFO  | SCMAudit | user=jenkins1000 | ip=192.168.5.176 | op=SEND_HEARTBEAT {datanodeUUID=b91667ad-dd07-438b-a2aa-20d994bbddf1, command=[]} | ret=SUCCESS |  
2019-08-29 23:17:57,944 | INFO  | SCMAudit | user=jenkins1000 | ip=192.168.5.176 | op=SEND_HEARTBEAT {datanodeUUID=fdf38f52-984e-464b-b063-6b40bc579090, command=[]} | ret=SUCCESS |  
2019-08-29 23:17:57,944 | INFO  | SCMAudit | user=jenkins1000 | ip=192.168.5.176 | op=SEND_HEARTBEAT {datanodeUUID=6fc9f5bf-9d19-4424-b095-dbd8051c5d1f, command=[]} | ret=SUCCESS |  
2019-08-29 23:17:57,948 | INFO  | SCMAudit | user=jenkins1000 | ip=192.168.5.176 | op=SEND_HEARTBEAT {datanodeUUID=7b8ea038-0abd-40f8-b5e6-235888bbf81b, command=[]} | ret=SUCCESS |  
2019-08-29 23:17:58,661 | INFO  | SCMAudit | user=jenkins1000 | ip=192.168.5.176 | op=SEND_HEARTBEAT {datanodeUUID=c28b6833-03f3-43d7-88dd-1eb93de0674c, command=[]} | ret=SUCCESS |  
2019-08-29 23:17:58,684 | INFO  | SCMAudit | user=jenkins1000 | ip=192.168.5.176 | op=SEND_HEARTBEAT {datanodeUUID=91c146c8-9622-4fdf-af50-459baf835861, command=[]} | ret=SUCCESS |  
2019-08-29 23:17:58,712 | INFO  | SCMAudit | user=jenkins1000 | ip=192.168.5.176 | op=SEND_HEARTBEAT {datanodeUUID=c2791d19-603b-4976-b3e9-7899a47ab15b, command=[]} | ret=SUCCESS |  
2019-08-29 23:17:58,943 | INFO  | SCMAudit | user=jenkins1000 | ip=192.168.5.176 | op=SEND_HEARTBEAT {datanodeUUID=b91667ad-dd07-438b-a2aa-20d994bbddf1, command=[]} | ret=SUCCESS |  
2019-08-29 23:17:58,944 | INFO  | SCMAudit | user=jenkins1000 | ip=192.168.5.176 | op=SEND_HEARTBEAT {datanodeUUID=6fc9f5bf-9d19-4424-b095-dbd8051c5d1f, command=[]} | ret=SUCCESS |  
2019-08-29 23:17:58,944 | INFO  | SCMAudit | user=jenkins1000 | ip=192.168.5.176 | op=SEND_HEARTBEAT {datanodeUUID=fdf38f52-984e-464b-b063-6b40bc579090, command=[]} | ret=SUCCESS |  
2019-08-29 23:17:58,948 | INFO  | SCMAudit | user=jenkins1000 | ip=192.168.5.176 | op=SEND_HEARTBEAT {datanodeUUID=7b8ea038-0abd-40f8-b5e6-235888bbf81b, command=[]} | ret=SUCCESS |  
2019-08-29 23:17:59,662 | INFO  | SCMAudit | user=jenkins1000 | ip=192.168.5.176 | op=SEND_HEARTBEAT {datanodeUUID=c28b6833-03f3-43d7-88dd-1eb93de0674c, command=[]} | ret=SUCCESS |  
2019-08-29 23:17:59,684 | INFO  | SCMAudit | user=jenkins1000 | ip=192.168.5.176 | op=SEND_HEARTBEAT {datanodeUUID=91c146c8-9622-4fdf-af50-459baf835861, command=[]} | ret=SUCCESS |  
2019-08-29 23:17:59,712 | INFO  | SCMAudit | user=jenkins1000 | ip=192.168.5.176 | op=SEND_HEARTBEAT {datanodeUUID=c2791d19-603b-4976-b3e9-7899a47ab15b, command=[]} | ret=SUCCESS |  
2019-08-29 23:17:59,943 | INFO  | SCMAudit | user=jenkins1000 | ip=192.168.5.176 | op=SEND_HEARTBEAT {datanodeUUID=b91667ad-dd07-438b-a2aa-20d994bbddf1, command=[]} | ret=SUCCESS |  
2019-08-29 23:17:59,944 | INFO  | SCMAudit | user=jenkins1000 | ip=192.168.5.176 | op=SEND_HEARTBEAT {datanodeUUID=fdf38f52-984e-464b-b063-6b40bc579090, command=[]} | ret=SUCCESS |  
2019-08-29 23:17:59,944 | INFO  | SCMAudit | user=jenkins1000 | ip=192.168.5.176 | op=SEND_HEARTBEAT {datanodeUUID=6fc9f5bf-9d19-4424-b095-dbd8051c5d1f, command=[]} | ret=SUCCESS |  
2019-08-29 23:17:59,948 | INFO  | SCMAudit | user=jenkins1000 | ip=192.168.5.176 | op=SEND_HEARTBEAT {datanodeUUID=7b8ea038-0abd-40f8-b5e6-235888bbf81b, command=[]} | ret=SUCCESS |  
2019-08-29 23:18:00,663 | INFO  | SCMAudit | user=jenkins1000 | ip=192.168.5.176 | op=SEND_HEARTBEAT {datanodeUUID=c28b6833-03f3-43d7-88dd-1eb93de0674c, command=[]} | ret=SUCCESS |  
2019-08-29 23:18:00,685 | INFO  | SCMAudit | user=jenkins1000 | ip=192.168.5.176 | op=SEND_HEARTBEAT {datanodeUUID=91c146c8-9622-4fdf-af50-459baf835861, command=[]} | ret=SUCCESS |  
2019-08-29 23:18:00,713 | INFO  | SCMAudit | user=jenkins1000 | ip=192.168.5.176 | op=SEND_HEARTBEAT {datanodeUUID=c2791d19-603b-4976-b3e9-7899a47ab15b, command=[]} | ret=SUCCESS |  
2019-08-29 23:18:00,943 | INFO  | SCMAudit | user=jenkins1000 | ip=192.168.5.176 | op=SEND_HEARTBEAT {datanodeUUID=b91667ad-dd07-438b-a2aa-20d994bbddf1, command=[]} | ret=SUCCESS |  
2019-08-29 23:18:00,944 | INFO  | SCMAudit | user=jenkins1000 | ip=192.168.5.176 | op=SEND_HEARTBEAT {datanodeUUID=6fc9f5bf-9d19-4424-b095-dbd8051c5d1f, command=[]} | ret=SUCCESS |  
2019-08-29 23:18:00,944 | INFO  | SCMAudit | user=jenkins1000 | ip=192.168.5.176 | op=SEND_HEARTBEAT {datanodeUUID=fdf38f52-984e-464b-b063-6b40bc579090, command=[]} | ret=SUCCESS |  
2019-08-29 23:18:00,948 | INFO  | SCMAudit | user=jenkins1000 | ip=192.168.5.176 | op=SEND_HEARTBEAT {datanodeUUID=7b8ea038-0abd-40f8-b5e6-235888bbf81b, command=[]} | ret=SUCCESS |  
2019-08-29 23:18:01,662 | INFO  | SCMAudit | user=jenkins1000 | ip=192.168.5.176 | op=SEND_HEARTBEAT {datanodeUUID=c28b6833-03f3-43d7-88dd-1eb93de0674c, command=[]} | ret=SUCCESS |  
2019-08-29 23:18:01,685 | INFO  | SCMAudit | user=jenkins1000 | ip=192.168.5.176 | op=SEND_HEARTBEAT {datanodeUUID=91c146c8-9622-4fdf-af50-459baf835861, command=[]} | ret=SUCCESS |  
2019-08-29 23:18:01,713 | INFO  | SCMAudit | user=jenkins1000 | ip=192.168.5.176 | op=SEND_HEARTBEAT {datanodeUUID=c2791d19-603b-4976-b3e9-7899a47ab15b, command=[]} | ret=SUCCESS |  
2019-08-29 23:18:01,943 | INFO  | SCMAudit | user=jenkins1000 | ip=192.168.5.176 | op=SEND_HEARTBEAT {datanodeUUID=b91667ad-dd07-438b-a2aa-20d994bbddf1, command=[]} | ret=SUCCESS |  
2019-08-29 23:18:01,944 | INFO  | SCMAudit | user=jenkins1000 | ip=192.168.5.176 | op=SEND_HEARTBEAT {datanodeUUID=fdf38f52-984e-464b-b063-6b40bc579090, command=[]} | ret=SUCCESS |  
2019-08-29 23:18:01,944 | INFO  | SCMAudit | user=jenkins1000 | ip=192.168.5.176 | op=SEND_HEARTBEAT {datanodeUUID=6fc9f5bf-9d19-4424-b095-dbd8051c5d1f, command=[]} | ret=SUCCESS |  
2019-08-29 23:18:01,947 | INFO  | SCMAudit | user=jenkins1000 | ip=192.168.5.176 | op=SEND_HEARTBEAT {datanodeUUID=7b8ea038-0abd-40f8-b5e6-235888bbf81b, command=[]} | ret=SUCCESS |  
2019-08-29 23:18:02,662 | INFO  | SCMAudit | user=jenkins1000 | ip=192.168.5.176 | op=SEND_HEARTBEAT {datanodeUUID=c28b6833-03f3-43d7-88dd-1eb93de0674c, command=[]} | ret=SUCCESS |  
2019-08-29 23:18:02,685 | INFO  | SCMAudit | user=jenkins1000 | ip=192.168.5.176 | op=SEND_HEARTBEAT {datanodeUUID=91c146c8-9622-4fdf-af50-459baf835861, command=[]} | ret=SUCCESS |  
2019-08-29 23:18:02,714 | INFO  | SCMAudit | user=jenkins1000 | ip=192.168.5.176 | op=SEND_HEARTBEAT {datanodeUUID=c2791d19-603b-4976-b3e9-7899a47ab15b, command=[]} | ret=SUCCESS |  
2019-08-29 23:18:02,848 [grpc-default-executor-0] INFO  client.GrpcClientProtocolClient (GrpcClientProtocolClient.java:onNext(255)) - client-5CFC44E75E5D->91c146c8-9622-4fdf-af50-459baf835861: receive RaftClientReply:client-5CFC44E75E5D->91c146c8-9622-4fdf-af50-459baf835861@group-E13997D93674, cid=45, FAILED org.apache.ratis.protocol.NotLeaderException: Server 91c146c8-9622-4fdf-af50-459baf835861 is not the leader (c28b6833-03f3-43d7-88dd-1eb93de0674c:192.168.5.176:36768). Request must be sent to leader., logIndex=0, commits[91c146c8-9622-4fdf-af50-459baf835861:c8, c2791d19-603b-4976-b3e9-7899a47ab15b:c8, c28b6833-03f3-43d7-88dd-1eb93de0674c:c8]
2019-08-29 23:18:02,943 | INFO  | SCMAudit | user=jenkins1000 | ip=192.168.5.176 | op=SEND_HEARTBEAT {datanodeUUID=b91667ad-dd07-438b-a2aa-20d994bbddf1, command=[]} | ret=SUCCESS |  
2019-08-29 23:18:02,944 | INFO  | SCMAudit | user=jenkins1000 | ip=192.168.5.176 | op=SEND_HEARTBEAT {datanodeUUID=fdf38f52-984e-464b-b063-6b40bc579090, command=[]} | ret=SUCCESS |  
2019-08-29 23:18:02,944 | INFO  | SCMAudit | user=jenkins1000 | ip=192.168.5.176 | op=SEND_HEARTBEAT {datanodeUUID=6fc9f5bf-9d19-4424-b095-dbd8051c5d1f, command=[]} | ret=SUCCESS |  
2019-08-29 23:18:02,948 | INFO  | SCMAudit | user=jenkins1000 | ip=192.168.5.176 | op=SEND_HEARTBEAT {datanodeUUID=7b8ea038-0abd-40f8-b5e6-235888bbf81b, command=[]} | ret=SUCCESS |  
2019-08-29 23:18:03,663 | INFO  | SCMAudit | user=jenkins1000 | ip=192.168.5.176 | op=SEND_HEARTBEAT {datanodeUUID=c28b6833-03f3-43d7-88dd-1eb93de0674c, command=[]} | ret=SUCCESS |  
2019-08-29 23:18:03,685 | INFO  | SCMAudit | user=jenkins1000 | ip=192.168.5.176 | op=SEND_HEARTBEAT {datanodeUUID=91c146c8-9622-4fdf-af50-459baf835861, command=[]} | ret=SUCCESS |  
2019-08-29 23:18:03,714 | INFO  | SCMAudit | user=jenkins1000 | ip=192.168.5.176 | op=SEND_HEARTBEAT {datanodeUUID=c2791d19-603b-4976-b3e9-7899a47ab15b, command=[]} | ret=SUCCESS |  
2019-08-29 23:18:03,943 | INFO  | SCMAudit | user=jenkins1000 | ip=192.168.5.176 | op=SEND_HEARTBEAT {datanodeUUID=b91667ad-dd07-438b-a2aa-20d994bbddf1, command=[]} | ret=SUCCESS |  
2019-08-29 23:18:03,944 | INFO  | SCMAudit | user=jenkins1000 | ip=192.168.5.176 | op=SEND_HEARTBEAT {datanodeUUID=fdf38f52-984e-464b-b063-6b40bc579090, command=[]} | ret=SUCCESS |  
2019-08-29 23:18:03,944 | INFO  | SCMAudit | user=jenkins1000 | ip=192.168.5.176 | op=SEND_HEARTBEAT {datanodeUUID=6fc9f5bf-9d19-4424-b095-dbd8051c5d1f, command=[]} | ret=SUCCESS |  
2019-08-29 23:18:03,949 | INFO  | SCMAudit | user=jenkins1000 | ip=192.168.5.176 | op=SEND_HEARTBEAT {datanodeUUID=7b8ea038-0abd-40f8-b5e6-235888bbf81b, command=[]} | ret=SUCCESS |  
2019-08-29 23:18:04,664 | INFO  | SCMAudit | user=jenkins1000 | ip=192.168.5.176 | op=SEND_HEARTBEAT {datanodeUUID=c28b6833-03f3-43d7-88dd-1eb93de0674c, command=[]} | ret=SUCCESS |  
2019-08-29 23:18:04,685 | INFO  | SCMAudit | user=jenkins1000 | ip=192.168.5.176 | op=SEND_HEARTBEAT {datanodeUUID=91c146c8-9622-4fdf-af50-459baf835861, command=[]} | ret=SUCCESS |  
2019-08-29 23:18:04,714 | INFO  | SCMAudit | user=jenkins1000 | ip=192.168.5.176 | op=SEND_HEARTBEAT {datanodeUUID=c2791d19-603b-4976-b3e9-7899a47ab15b, command=[]} | ret=SUCCESS |  
2019-08-29 23:18:04,943 | INFO  | SCMAudit | user=jenkins1000 | ip=192.168.5.176 | op=SEND_HEARTBEAT {datanodeUUID=b91667ad-dd07-438b-a2aa-20d994bbddf1, command=[]} | ret=SUCCESS |  
2019-08-29 23:18:04,944 | INFO  | SCMAudit | user=jenkins1000 | ip=192.168.5.176 | op=SEND_HEARTBEAT {datanodeUUID=6fc9f5bf-9d19-4424-b095-dbd8051c5d1f, command=[]} | ret=SUCCESS |  
2019-08-29 23:18:04,944 | INFO  | SCMAudit | user=jenkins1000 | ip=192.168.5.176 | op=SEND_HEARTBEAT {datanodeUUID=fdf38f52-984e-464b-b063-6b40bc579090, command=[]} | ret=SUCCESS |  
2019-08-29 23:18:04,949 | INFO  | SCMAudit | user=jenkins1000 | ip=192.168.5.176 | op=SEND_HEARTBEAT {datanodeUUID=7b8ea038-0abd-40f8-b5e6-235888bbf81b, command=[]} | ret=SUCCESS |  
2019-08-29 23:18:05,662 | INFO  | SCMAudit | user=jenkins1000 | ip=192.168.5.176 | op=SEND_HEARTBEAT {datanodeUUID=c28b6833-03f3-43d7-88dd-1eb93de0674c, command=[]} | ret=SUCCESS |  
2019-08-29 23:18:05,685 | INFO  | SCMAudit | user=jenkins1000 | ip=192.168.5.176 | op=SEND_HEARTBEAT {datanodeUUID=91c146c8-9622-4fdf-af50-459baf835861, command=[]} | ret=SUCCESS |  
2019-08-29 23:18:05,714 | INFO  | SCMAudit | user=jenkins1000 | ip=192.168.5.176 | op=SEND_HEARTBEAT {datanodeUUID=c2791d19-603b-4976-b3e9-7899a47ab15b, command=[]} | ret=SUCCESS |  
2019-08-29 23:18:05,943 | INFO  | SCMAudit | user=jenkins1000 | ip=192.168.5.176 | op=SEND_HEARTBEAT {datanodeUUID=b91667ad-dd07-438b-a2aa-20d994bbddf1, command=[]} | ret=SUCCESS |  
2019-08-29 23:18:05,944 | INFO  | SCMAudit | user=jenkins1000 | ip=192.168.5.176 | op=SEND_HEARTBEAT {datanodeUUID=fdf38f52-984e-464b-b063-6b40bc579090, command=[]} | ret=SUCCESS |  
2019-08-29 23:18:05,944 | INFO  | SCMAudit | user=jenkins1000 | ip=192.168.5.176 | op=SEND_HEARTBEAT {datanodeUUID=6fc9f5bf-9d19-4424-b095-dbd8051c5d1f, command=[]} | ret=SUCCESS |  
2019-08-29 23:18:05,949 | INFO  | SCMAudit | user=jenkins1000 | ip=192.168.5.176 | op=SEND_HEARTBEAT {datanodeUUID=7b8ea038-0abd-40f8-b5e6-235888bbf81b, command=[]} | ret=SUCCESS |  
2019-08-29 23:18:06,662 | INFO  | SCMAudit | user=jenkins1000 | ip=192.168.5.176 | op=SEND_HEARTBEAT {datanodeUUID=c28b6833-03f3-43d7-88dd-1eb93de0674c, command=[]} | ret=SUCCESS |  
2019-08-29 23:18:06,685 | INFO  | SCMAudit | user=jenkins1000 | ip=192.168.5.176 | op=SEND_HEARTBEAT {datanodeUUID=91c146c8-9622-4fdf-af50-459baf835861, command=[]} | ret=SUCCESS |  
2019-08-29 23:18:06,714 | INFO  | SCMAudit | user=jenkins1000 | ip=192.168.5.176 | op=SEND_HEARTBEAT {datanodeUUID=c2791d19-603b-4976-b3e9-7899a47ab15b, command=[]} | ret=SUCCESS |  
2019-08-29 23:18:06,944 | INFO  | SCMAudit | user=jenkins1000 | ip=192.168.5.176 | op=SEND_HEARTBEAT {datanodeUUID=6fc9f5bf-9d19-4424-b095-dbd8051c5d1f, command=[]} | ret=SUCCESS |  
2019-08-29 23:18:06,944 | INFO  | SCMAudit | user=jenkins1000 | ip=192.168.5.176 | op=SEND_HEARTBEAT {datanodeUUID=fdf38f52-984e-464b-b063-6b40bc579090, command=[]} | ret=SUCCESS |  
2019-08-29 23:18:06,944 | INFO  | SCMAudit | user=jenkins1000 | ip=192.168.5.176 | op=SEND_HEARTBEAT {datanodeUUID=b91667ad-dd07-438b-a2aa-20d994bbddf1, command=[]} | ret=SUCCESS |  
2019-08-29 23:18:06,949 | INFO  | SCMAudit | user=jenkins1000 | ip=192.168.5.176 | op=SEND_HEARTBEAT {datanodeUUID=7b8ea038-0abd-40f8-b5e6-235888bbf81b, command=[]} | ret=SUCCESS |  
2019-08-29 23:18:07,662 | INFO  | SCMAudit | user=jenkins1000 | ip=192.168.5.176 | op=SEND_HEARTBEAT {datanodeUUID=c28b6833-03f3-43d7-88dd-1eb93de0674c, command=[]} | ret=SUCCESS |  
2019-08-29 23:18:07,685 | INFO  | SCMAudit | user=jenkins1000 | ip=192.168.5.176 | op=SEND_HEARTBEAT {datanodeUUID=91c146c8-9622-4fdf-af50-459baf835861, command=[]} | ret=SUCCESS |  
2019-08-29 23:18:07,714 | INFO  | SCMAudit | user=jenkins1000 | ip=192.168.5.176 | op=SEND_HEARTBEAT {datanodeUUID=c2791d19-603b-4976-b3e9-7899a47ab15b, command=[]} | ret=SUCCESS |  
2019-08-29 23:18:07,918 [grpc-default-executor-2] INFO  client.GrpcClientProtocolClient (GrpcClientProtocolClient.java:onNext(255)) - client-5CFC44E75E5D->91c146c8-9622-4fdf-af50-459baf835861: receive RaftClientReply:client-5CFC44E75E5D->91c146c8-9622-4fdf-af50-459baf835861@group-E13997D93674, cid=45, FAILED org.apache.ratis.protocol.NotLeaderException: Server 91c146c8-9622-4fdf-af50-459baf835861 is not the leader (c28b6833-03f3-43d7-88dd-1eb93de0674c:192.168.5.176:36768). Request must be sent to leader., logIndex=0, commits[91c146c8-9622-4fdf-af50-459baf835861:c8, c2791d19-603b-4976-b3e9-7899a47ab15b:c8, c28b6833-03f3-43d7-88dd-1eb93de0674c:c8]
2019-08-29 23:18:07,943 | INFO  | SCMAudit | user=jenkins1000 | ip=192.168.5.176 | op=SEND_HEARTBEAT {datanodeUUID=b91667ad-dd07-438b-a2aa-20d994bbddf1, command=[]} | ret=SUCCESS |  
2019-08-29 23:18:07,944 | INFO  | SCMAudit | user=jenkins1000 | ip=192.168.5.176 | op=SEND_HEARTBEAT {datanodeUUID=fdf38f52-984e-464b-b063-6b40bc579090, command=[]} | ret=SUCCESS |  
2019-08-29 23:18:07,944 | INFO  | SCMAudit | user=jenkins1000 | ip=192.168.5.176 | op=SEND_HEARTBEAT {datanodeUUID=6fc9f5bf-9d19-4424-b095-dbd8051c5d1f, command=[]} | ret=SUCCESS |  
2019-08-29 23:18:07,948 | INFO  | SCMAudit | user=jenkins1000 | ip=192.168.5.176 | op=SEND_HEARTBEAT {datanodeUUID=7b8ea038-0abd-40f8-b5e6-235888bbf81b, command=[]} | ret=SUCCESS |  
2019-08-29 23:18:08,662 | INFO  | SCMAudit | user=jenkins1000 | ip=192.168.5.176 | op=SEND_HEARTBEAT {datanodeUUID=c28b6833-03f3-43d7-88dd-1eb93de0674c, command=[]} | ret=SUCCESS |  
2019-08-29 23:18:08,685 | INFO  | SCMAudit | user=jenkins1000 | ip=192.168.5.176 | op=SEND_HEARTBEAT {datanodeUUID=91c146c8-9622-4fdf-af50-459baf835861, command=[]} | ret=SUCCESS |  
2019-08-29 23:18:08,714 | INFO  | SCMAudit | user=jenkins1000 | ip=192.168.5.176 | op=SEND_HEARTBEAT {datanodeUUID=c2791d19-603b-4976-b3e9-7899a47ab15b, command=[]} | ret=SUCCESS |  
2019-08-29 23:18:08,943 | INFO  | SCMAudit | user=jenkins1000 | ip=192.168.5.176 | op=SEND_HEARTBEAT {datanodeUUID=b91667ad-dd07-438b-a2aa-20d994bbddf1, command=[]} | ret=SUCCESS |  
2019-08-29 23:18:08,944 | INFO  | SCMAudit | user=jenkins1000 | ip=192.168.5.176 | op=SEND_HEARTBEAT {datanodeUUID=fdf38f52-984e-464b-b063-6b40bc579090, command=[]} | ret=SUCCESS |  
2019-08-29 23:18:08,944 | INFO  | SCMAudit | user=jenkins1000 | ip=192.168.5.176 | op=SEND_HEARTBEAT {datanodeUUID=6fc9f5bf-9d19-4424-b095-dbd8051c5d1f, command=[]} | ret=SUCCESS |  
2019-08-29 23:18:08,948 | INFO  | SCMAudit | user=jenkins1000 | ip=192.168.5.176 | op=SEND_HEARTBEAT {datanodeUUID=7b8ea038-0abd-40f8-b5e6-235888bbf81b, command=[]} | ret=SUCCESS |  
2019-08-29 23:18:09,662 | INFO  | SCMAudit | user=jenkins1000 | ip=192.168.5.176 | op=SEND_HEARTBEAT {datanodeUUID=c28b6833-03f3-43d7-88dd-1eb93de0674c, command=[]} | ret=SUCCESS |  
2019-08-29 23:18:09,686 | INFO  | SCMAudit | user=jenkins1000 | ip=192.168.5.176 | op=SEND_HEARTBEAT {datanodeUUID=91c146c8-9622-4fdf-af50-459baf835861, command=[]} | ret=SUCCESS |  
2019-08-29 23:18:09,714 | INFO  | SCMAudit | user=jenkins1000 | ip=192.168.5.176 | op=SEND_HEARTBEAT {datanodeUUID=c2791d19-603b-4976-b3e9-7899a47ab15b, command=[]} | ret=SUCCESS |  
2019-08-29 23:18:09,943 | INFO  | SCMAudit | user=jenkins1000 | ip=192.168.5.176 | op=SEND_HEARTBEAT {datanodeUUID=b91667ad-dd07-438b-a2aa-20d994bbddf1, command=[]} | ret=SUCCESS |  
2019-08-29 23:18:09,944 | INFO  | SCMAudit | user=jenkins1000 | ip=192.168.5.176 | op=SEND_HEARTBEAT {datanodeUUID=6fc9f5bf-9d19-4424-b095-dbd8051c5d1f, command=[]} | ret=SUCCESS |  
2019-08-29 23:18:09,945 | INFO  | SCMAudit | user=jenkins1000 | ip=192.168.5.176 | op=SEND_HEARTBEAT {datanodeUUID=fdf38f52-984e-464b-b063-6b40bc579090, command=[]} | ret=SUCCESS |  
2019-08-29 23:18:09,949 | INFO  | SCMAudit | user=jenkins1000 | ip=192.168.5.176 | op=SEND_HEARTBEAT {datanodeUUID=7b8ea038-0abd-40f8-b5e6-235888bbf81b, command=[]} | ret=SUCCESS |  
2019-08-29 23:18:10,662 | INFO  | SCMAudit | user=jenkins1000 | ip=192.168.5.176 | op=SEND_HEARTBEAT {datanodeUUID=c28b6833-03f3-43d7-88dd-1eb93de0674c, command=[]} | ret=SUCCESS |  
2019-08-29 23:18:10,686 | INFO  | SCMAudit | user=jenkins1000 | ip=192.168.5.176 | op=SEND_HEARTBEAT {datanodeUUID=91c146c8-9622-4fdf-af50-459baf835861, command=[]} | ret=SUCCESS |  
2019-08-29 23:18:10,715 | INFO  | SCMAudit | user=jenkins1000 | ip=192.168.5.176 | op=SEND_HEARTBEAT {datanodeUUID=c2791d19-603b-4976-b3e9-7899a47ab15b, command=[]} | ret=SUCCESS |  
2019-08-29 23:18:10,943 | INFO  | SCMAudit | user=jenkins1000 | ip=192.168.5.176 | op=SEND_HEARTBEAT {datanodeUUID=b91667ad-dd07-438b-a2aa-20d994bbddf1, command=[]} | ret=SUCCESS |  
2019-08-29 23:18:10,944 | INFO  | SCMAudit | user=jenkins1000 | ip=192.168.5.176 | op=SEND_HEARTBEAT {datanodeUUID=6fc9f5bf-9d19-4424-b095-dbd8051c5d1f, command=[]} | ret=SUCCESS |  
2019-08-29 23:18:10,946 | INFO  | SCMAudit | user=jenkins1000 | ip=192.168.5.176 | op=SEND_HEARTBEAT {datanodeUUID=fdf38f52-984e-464b-b063-6b40bc579090, command=[]} | ret=SUCCESS |  
2019-08-29 23:18:10,950 | INFO  | SCMAudit | user=jenkins1000 | ip=192.168.5.176 | op=SEND_HEARTBEAT {datanodeUUID=7b8ea038-0abd-40f8-b5e6-235888bbf81b, command=[]} | ret=SUCCESS |  
2019-08-29 23:18:11,662 | INFO  | SCMAudit | user=jenkins1000 | ip=192.168.5.176 | op=SEND_HEARTBEAT {datanodeUUID=c28b6833-03f3-43d7-88dd-1eb93de0674c, command=[]} | ret=SUCCESS |  
2019-08-29 23:18:11,686 | INFO  | SCMAudit | user=jenkins1000 | ip=192.168.5.176 | op=SEND_HEARTBEAT {datanodeUUID=91c146c8-9622-4fdf-af50-459baf835861, command=[]} | ret=SUCCESS |  
2019-08-29 23:18:11,715 | INFO  | SCMAudit | user=jenkins1000 | ip=192.168.5.176 | op=SEND_HEARTBEAT {datanodeUUID=c2791d19-603b-4976-b3e9-7899a47ab15b, command=[]} | ret=SUCCESS |  
2019-08-29 23:18:11,943 | INFO  | SCMAudit | user=jenkins1000 | ip=192.168.5.176 | op=SEND_HEARTBEAT {datanodeUUID=b91667ad-dd07-438b-a2aa-20d994bbddf1, command=[]} | ret=SUCCESS |  
2019-08-29 23:18:11,944 | INFO  | SCMAudit | user=jenkins1000 | ip=192.168.5.176 | op=SEND_HEARTBEAT {datanodeUUID=6fc9f5bf-9d19-4424-b095-dbd8051c5d1f, command=[]} | ret=SUCCESS |  
2019-08-29 23:18:11,946 | INFO  | SCMAudit | user=jenkins1000 | ip=192.168.5.176 | op=SEND_HEARTBEAT {datanodeUUID=fdf38f52-984e-464b-b063-6b40bc579090, command=[]} | ret=SUCCESS |  
2019-08-29 23:18:11,948 | INFO  | SCMAudit | user=jenkins1000 | ip=192.168.5.176 | op=SEND_HEARTBEAT {datanodeUUID=7b8ea038-0abd-40f8-b5e6-235888bbf81b, command=[]} | ret=SUCCESS |  
2019-08-29 23:18:12,662 | INFO  | SCMAudit | user=jenkins1000 | ip=192.168.5.176 | op=SEND_HEARTBEAT {datanodeUUID=c28b6833-03f3-43d7-88dd-1eb93de0674c, command=[]} | ret=SUCCESS |  
2019-08-29 23:18:12,686 | INFO  | SCMAudit | user=jenkins1000 | ip=192.168.5.176 | op=SEND_HEARTBEAT {datanodeUUID=91c146c8-9622-4fdf-af50-459baf835861, command=[]} | ret=SUCCESS |  
2019-08-29 23:18:12,715 | INFO  | SCMAudit | user=jenkins1000 | ip=192.168.5.176 | op=SEND_HEARTBEAT {datanodeUUID=c2791d19-603b-4976-b3e9-7899a47ab15b, command=[]} | ret=SUCCESS |  
2019-08-29 23:18:12,943 | INFO  | SCMAudit | user=jenkins1000 | ip=192.168.5.176 | op=SEND_HEARTBEAT {datanodeUUID=b91667ad-dd07-438b-a2aa-20d994bbddf1, command=[]} | ret=SUCCESS |  
2019-08-29 23:18:12,945 | INFO  | SCMAudit | user=jenkins1000 | ip=192.168.5.176 | op=SEND_HEARTBEAT {datanodeUUID=6fc9f5bf-9d19-4424-b095-dbd8051c5d1f, command=[]} | ret=SUCCESS |  
2019-08-29 23:18:12,946 | INFO  | SCMAudit | user=jenkins1000 | ip=192.168.5.176 | op=SEND_HEARTBEAT {datanodeUUID=fdf38f52-984e-464b-b063-6b40bc579090, command=[]} | ret=SUCCESS |  
2019-08-29 23:18:12,952 | INFO  | SCMAudit | user=jenkins1000 | ip=192.168.5.176 | op=SEND_HEARTBEAT {datanodeUUID=7b8ea038-0abd-40f8-b5e6-235888bbf81b, command=[]} | ret=SUCCESS |  
2019-08-29 23:18:12,953 [grpc-default-executor-2] INFO  client.GrpcClientProtocolClient (GrpcClientProtocolClient.java:onNext(255)) - client-5CFC44E75E5D->c2791d19-603b-4976-b3e9-7899a47ab15b: receive RaftClientReply:client-5CFC44E75E5D->c2791d19-603b-4976-b3e9-7899a47ab15b@group-E13997D93674, cid=45, FAILED org.apache.ratis.protocol.NotLeaderException: Server c2791d19-603b-4976-b3e9-7899a47ab15b is not the leader (c28b6833-03f3-43d7-88dd-1eb93de0674c:192.168.5.176:36768). Request must be sent to leader., logIndex=0, commits[c2791d19-603b-4976-b3e9-7899a47ab15b:c8, c28b6833-03f3-43d7-88dd-1eb93de0674c:c8, 91c146c8-9622-4fdf-af50-459baf835861:c8]
2019-08-29 23:18:13,662 | INFO  | SCMAudit | user=jenkins1000 | ip=192.168.5.176 | op=SEND_HEARTBEAT {datanodeUUID=c28b6833-03f3-43d7-88dd-1eb93de0674c, command=[]} | ret=SUCCESS |  
2019-08-29 23:18:13,687 | INFO  | SCMAudit | user=jenkins1000 | ip=192.168.5.176 | op=SEND_HEARTBEAT {datanodeUUID=91c146c8-9622-4fdf-af50-459baf835861, command=[]} | ret=SUCCESS |  
2019-08-29 23:18:13,714 | INFO  | SCMAudit | user=jenkins1000 | ip=192.168.5.176 | op=SEND_HEARTBEAT {datanodeUUID=c2791d19-603b-4976-b3e9-7899a47ab15b, command=[]} | ret=SUCCESS |  
2019-08-29 23:18:13,943 | INFO  | SCMAudit | user=jenkins1000 | ip=192.168.5.176 | op=SEND_HEARTBEAT {datanodeUUID=b91667ad-dd07-438b-a2aa-20d994bbddf1, command=[]} | ret=SUCCESS |  
2019-08-29 23:18:13,946 | INFO  | SCMAudit | user=jenkins1000 | ip=192.168.5.176 | op=SEND_HEARTBEAT {datanodeUUID=fdf38f52-984e-464b-b063-6b40bc579090, command=[]} | ret=SUCCESS |  
2019-08-29 23:18:13,946 | INFO  | SCMAudit | user=jenkins1000 | ip=192.168.5.176 | op=SEND_HEARTBEAT {datanodeUUID=6fc9f5bf-9d19-4424-b095-dbd8051c5d1f, command=[]} | ret=SUCCESS |  
2019-08-29 23:18:13,953 | INFO  | SCMAudit | user=jenkins1000 | ip=192.168.5.176 | op=SEND_HEARTBEAT {datanodeUUID=7b8ea038-0abd-40f8-b5e6-235888bbf81b, command=[]} | ret=SUCCESS |  
2019-08-29 23:18:14,662 | INFO  | SCMAudit | user=jenkins1000 | ip=192.168.5.176 | op=SEND_HEARTBEAT {datanodeUUID=c28b6833-03f3-43d7-88dd-1eb93de0674c, command=[]} | ret=SUCCESS |  
2019-08-29 23:18:14,686 | INFO  | SCMAudit | user=jenkins1000 | ip=192.168.5.176 | op=SEND_HEARTBEAT {datanodeUUID=91c146c8-9622-4fdf-af50-459baf835861, command=[]} | ret=SUCCESS |  
2019-08-29 23:18:14,715 | INFO  | SCMAudit | user=jenkins1000 | ip=192.168.5.176 | op=SEND_HEARTBEAT {datanodeUUID=c2791d19-603b-4976-b3e9-7899a47ab15b, command=[]} | ret=SUCCESS |  
2019-08-29 23:18:14,943 | INFO  | SCMAudit | user=jenkins1000 | ip=192.168.5.176 | op=SEND_HEARTBEAT {datanodeUUID=b91667ad-dd07-438b-a2aa-20d994bbddf1, command=[]} | ret=SUCCESS |  
2019-08-29 23:18:14,946 | INFO  | SCMAudit | user=jenkins1000 | ip=192.168.5.176 | op=SEND_HEARTBEAT {datanodeUUID=6fc9f5bf-9d19-4424-b095-dbd8051c5d1f, command=[]} | ret=SUCCESS |  
2019-08-29 23:18:14,946 | INFO  | SCMAudit | user=jenkins1000 | ip=192.168.5.176 | op=SEND_HEARTBEAT {datanodeUUID=fdf38f52-984e-464b-b063-6b40bc579090, command=[]} | ret=SUCCESS |  
2019-08-29 23:18:14,953 | INFO  | SCMAudit | user=jenkins1000 | ip=192.168.5.176 | op=SEND_HEARTBEAT {datanodeUUID=7b8ea038-0abd-40f8-b5e6-235888bbf81b, command=[]} | ret=SUCCESS |  
2019-08-29 23:18:15,662 | INFO  | SCMAudit | user=jenkins1000 | ip=192.168.5.176 | op=SEND_HEARTBEAT {datanodeUUID=c28b6833-03f3-43d7-88dd-1eb93de0674c, command=[]} | ret=SUCCESS |  
2019-08-29 23:18:15,686 | INFO  | SCMAudit | user=jenkins1000 | ip=192.168.5.176 | op=SEND_HEARTBEAT {datanodeUUID=91c146c8-9622-4fdf-af50-459baf835861, command=[]} | ret=SUCCESS |  
2019-08-29 23:18:15,716 | INFO  | SCMAudit | user=jenkins1000 | ip=192.168.5.176 | op=SEND_HEARTBEAT {datanodeUUID=c2791d19-603b-4976-b3e9-7899a47ab15b, command=[]} | ret=SUCCESS |  
2019-08-29 23:18:15,943 | INFO  | SCMAudit | user=jenkins1000 | ip=192.168.5.176 | op=SEND_HEARTBEAT {datanodeUUID=b91667ad-dd07-438b-a2aa-20d994bbddf1, command=[]} | ret=SUCCESS |  
2019-08-29 23:18:15,948 | INFO  | SCMAudit | user=jenkins1000 | ip=192.168.5.176 | op=SEND_HEARTBEAT {datanodeUUID=6fc9f5bf-9d19-4424-b095-dbd8051c5d1f, command=[]} | ret=SUCCESS |  
2019-08-29 23:18:15,948 | INFO  | SCMAudit | user=jenkins1000 | ip=192.168.5.176 | op=SEND_HEARTBEAT {datanodeUUID=fdf38f52-984e-464b-b063-6b40bc579090, command=[]} | ret=SUCCESS |  
2019-08-29 23:18:15,953 | INFO  | SCMAudit | user=jenkins1000 | ip=192.168.5.176 | op=SEND_HEARTBEAT {datanodeUUID=7b8ea038-0abd-40f8-b5e6-235888bbf81b, command=[]} | ret=SUCCESS |  
2019-08-29 23:18:16,662 | INFO  | SCMAudit | user=jenkins1000 | ip=192.168.5.176 | op=SEND_HEARTBEAT {datanodeUUID=c28b6833-03f3-43d7-88dd-1eb93de0674c, command=[]} | ret=SUCCESS |  
2019-08-29 23:18:16,687 | INFO  | SCMAudit | user=jenkins1000 | ip=192.168.5.176 | op=SEND_HEARTBEAT {datanodeUUID=91c146c8-9622-4fdf-af50-459baf835861, command=[]} | ret=SUCCESS |  
2019-08-29 23:18:16,716 | INFO  | SCMAudit | user=jenkins1000 | ip=192.168.5.176 | op=SEND_HEARTBEAT {datanodeUUID=c2791d19-603b-4976-b3e9-7899a47ab15b, command=[]} | ret=SUCCESS |  
2019-08-29 23:18:16,943 | INFO  | SCMAudit | user=jenkins1000 | ip=192.168.5.176 | op=SEND_HEARTBEAT {datanodeUUID=b91667ad-dd07-438b-a2aa-20d994bbddf1, command=[]} | ret=SUCCESS |  
2019-08-29 23:18:16,948 | INFO  | SCMAudit | user=jenkins1000 | ip=192.168.5.176 | op=SEND_HEARTBEAT {datanodeUUID=6fc9f5bf-9d19-4424-b095-dbd8051c5d1f, command=[]} | ret=SUCCESS |  
2019-08-29 23:18:16,948 | INFO  | SCMAudit | user=jenkins1000 | ip=192.168.5.176 | op=SEND_HEARTBEAT {datanodeUUID=fdf38f52-984e-464b-b063-6b40bc579090, command=[]} | ret=SUCCESS |  
2019-08-29 23:18:16,953 | INFO  | SCMAudit | user=jenkins1000 | ip=192.168.5.176 | op=SEND_HEARTBEAT {datanodeUUID=7b8ea038-0abd-40f8-b5e6-235888bbf81b, command=[]} | ret=SUCCESS |  
2019-08-29 23:18:17,662 | INFO  | SCMAudit | user=jenkins1000 | ip=192.168.5.176 | op=SEND_HEARTBEAT {datanodeUUID=c28b6833-03f3-43d7-88dd-1eb93de0674c, command=[]} | ret=SUCCESS |  
2019-08-29 23:18:17,687 | INFO  | SCMAudit | user=jenkins1000 | ip=192.168.5.176 | op=SEND_HEARTBEAT {datanodeUUID=91c146c8-9622-4fdf-af50-459baf835861, command=[]} | ret=SUCCESS |  
2019-08-29 23:18:17,716 | INFO  | SCMAudit | user=jenkins1000 | ip=192.168.5.176 | op=SEND_HEARTBEAT {datanodeUUID=c2791d19-603b-4976-b3e9-7899a47ab15b, command=[]} | ret=SUCCESS |  
2019-08-29 23:18:17,943 | INFO  | SCMAudit | user=jenkins1000 | ip=192.168.5.176 | op=SEND_HEARTBEAT {datanodeUUID=b91667ad-dd07-438b-a2aa-20d994bbddf1, command=[]} | ret=SUCCESS |  
2019-08-29 23:18:17,948 | INFO  | SCMAudit | user=jenkins1000 | ip=192.168.5.176 | op=SEND_HEARTBEAT {datanodeUUID=fdf38f52-984e-464b-b063-6b40bc579090, command=[]} | ret=SUCCESS |  
2019-08-29 23:18:17,948 | INFO  | SCMAudit | user=jenkins1000 | ip=192.168.5.176 | op=SEND_HEARTBEAT {datanodeUUID=6fc9f5bf-9d19-4424-b095-dbd8051c5d1f, command=[]} | ret=SUCCESS |  
2019-08-29 23:18:17,953 | INFO  | SCMAudit | user=jenkins1000 | ip=192.168.5.176 | op=SEND_HEARTBEAT {datanodeUUID=7b8ea038-0abd-40f8-b5e6-235888bbf81b, command=[]} | ret=SUCCESS |  
2019-08-29 23:18:17,993 [grpc-default-executor-0] INFO  client.GrpcClientProtocolClient (GrpcClientProtocolClient.java:onNext(255)) - client-5CFC44E75E5D->91c146c8-9622-4fdf-af50-459baf835861: receive RaftClientReply:client-5CFC44E75E5D->91c146c8-9622-4fdf-af50-459baf835861@group-E13997D93674, cid=45, FAILED org.apache.ratis.protocol.NotLeaderException: Server 91c146c8-9622-4fdf-af50-459baf835861 is not the leader (c28b6833-03f3-43d7-88dd-1eb93de0674c:192.168.5.176:36768). Request must be sent to leader., logIndex=0, commits[91c146c8-9622-4fdf-af50-459baf835861:c8, c2791d19-603b-4976-b3e9-7899a47ab15b:c8, c28b6833-03f3-43d7-88dd-1eb93de0674c:c8]
2019-08-29 23:18:18,662 | INFO  | SCMAudit | user=jenkins1000 | ip=192.168.5.176 | op=SEND_HEARTBEAT {datanodeUUID=c28b6833-03f3-43d7-88dd-1eb93de0674c, command=[]} | ret=SUCCESS |  
2019-08-29 23:18:18,687 | INFO  | SCMAudit | user=jenkins1000 | ip=192.168.5.176 | op=SEND_HEARTBEAT {datanodeUUID=91c146c8-9622-4fdf-af50-459baf835861, command=[]} | ret=SUCCESS |  
2019-08-29 23:18:18,716 | INFO  | SCMAudit | user=jenkins1000 | ip=192.168.5.176 | op=SEND_HEARTBEAT {datanodeUUID=c2791d19-603b-4976-b3e9-7899a47ab15b, command=[]} | ret=SUCCESS |  
2019-08-29 23:18:18,943 | INFO  | SCMAudit | user=jenkins1000 | ip=192.168.5.176 | op=SEND_HEARTBEAT {datanodeUUID=b91667ad-dd07-438b-a2aa-20d994bbddf1, command=[]} | ret=SUCCESS |  
2019-08-29 23:18:18,948 | INFO  | SCMAudit | user=jenkins1000 | ip=192.168.5.176 | op=SEND_HEARTBEAT {datanodeUUID=fdf38f52-984e-464b-b063-6b40bc579090, command=[]} | ret=SUCCESS |  
2019-08-29 23:18:18,948 | INFO  | SCMAudit | user=jenkins1000 | ip=192.168.5.176 | op=SEND_HEARTBEAT {datanodeUUID=6fc9f5bf-9d19-4424-b095-dbd8051c5d1f, command=[]} | ret=SUCCESS |  
2019-08-29 23:18:18,953 | INFO  | SCMAudit | user=jenkins1000 | ip=192.168.5.176 | op=SEND_HEARTBEAT {datanodeUUID=7b8ea038-0abd-40f8-b5e6-235888bbf81b, command=[]} | ret=SUCCESS |  
2019-08-29 23:18:19,662 | INFO  | SCMAudit | user=jenkins1000 | ip=192.168.5.176 | op=SEND_HEARTBEAT {datanodeUUID=c28b6833-03f3-43d7-88dd-1eb93de0674c, command=[]} | ret=SUCCESS |  
2019-08-29 23:18:19,687 | INFO  | SCMAudit | user=jenkins1000 | ip=192.168.5.176 | op=SEND_HEARTBEAT {datanodeUUID=91c146c8-9622-4fdf-af50-459baf835861, command=[]} | ret=SUCCESS |  
2019-08-29 23:18:19,716 | INFO  | SCMAudit | user=jenkins1000 | ip=192.168.5.176 | op=SEND_HEARTBEAT {datanodeUUID=c2791d19-603b-4976-b3e9-7899a47ab15b, command=[]} | ret=SUCCESS |  
2019-08-29 23:18:19,943 | INFO  | SCMAudit | user=jenkins1000 | ip=192.168.5.176 | op=SEND_HEARTBEAT {datanodeUUID=b91667ad-dd07-438b-a2aa-20d994bbddf1, command=[]} | ret=SUCCESS |  
2019-08-29 23:18:19,948 | INFO  | SCMAudit | user=jenkins1000 | ip=192.168.5.176 | op=SEND_HEARTBEAT {datanodeUUID=6fc9f5bf-9d19-4424-b095-dbd8051c5d1f, command=[]} | ret=SUCCESS |  
2019-08-29 23:18:19,948 | INFO  | SCMAudit | user=jenkins1000 | ip=192.168.5.176 | op=SEND_HEARTBEAT {datanodeUUID=fdf38f52-984e-464b-b063-6b40bc579090, command=[]} | ret=SUCCESS |  
2019-08-29 23:18:19,953 | INFO  | SCMAudit | user=jenkins1000 | ip=192.168.5.176 | op=SEND_HEARTBEAT {datanodeUUID=7b8ea038-0abd-40f8-b5e6-235888bbf81b, command=[]} | ret=SUCCESS |  
2019-08-29 23:18:20,662 | INFO  | SCMAudit | user=jenkins1000 | ip=192.168.5.176 | op=SEND_HEARTBEAT {datanodeUUID=c28b6833-03f3-43d7-88dd-1eb93de0674c, command=[]} | ret=SUCCESS |  
2019-08-29 23:18:20,687 | INFO  | SCMAudit | user=jenkins1000 | ip=192.168.5.176 | op=SEND_HEARTBEAT {datanodeUUID=91c146c8-9622-4fdf-af50-459baf835861, command=[]} | ret=SUCCESS |  
2019-08-29 23:18:20,716 | INFO  | SCMAudit | user=jenkins1000 | ip=192.168.5.176 | op=SEND_HEARTBEAT {datanodeUUID=c2791d19-603b-4976-b3e9-7899a47ab15b, command=[]} | ret=SUCCESS |  
2019-08-29 23:18:20,943 | INFO  | SCMAudit | user=jenkins1000 | ip=192.168.5.176 | op=SEND_HEARTBEAT {datanodeUUID=b91667ad-dd07-438b-a2aa-20d994bbddf1, command=[]} | ret=SUCCESS |  
2019-08-29 23:18:20,948 | INFO  | SCMAudit | user=jenkins1000 | ip=192.168.5.176 | op=SEND_HEARTBEAT {datanodeUUID=6fc9f5bf-9d19-4424-b095-dbd8051c5d1f, command=[]} | ret=SUCCESS |  
2019-08-29 23:18:20,948 | INFO  | SCMAudit | user=jenkins1000 | ip=192.168.5.176 | op=SEND_HEARTBEAT {datanodeUUID=fdf38f52-984e-464b-b063-6b40bc579090, command=[]} | ret=SUCCESS |  
2019-08-29 23:18:20,953 | INFO  | SCMAudit | user=jenkins1000 | ip=192.168.5.176 | op=SEND_HEARTBEAT {datanodeUUID=7b8ea038-0abd-40f8-b5e6-235888bbf81b, command=[]} | ret=SUCCESS |  
2019-08-29 23:18:21,662 | INFO  | SCMAudit | user=jenkins1000 | ip=192.168.5.176 | op=SEND_HEARTBEAT {datanodeUUID=c28b6833-03f3-43d7-88dd-1eb93de0674c, command=[]} | ret=SUCCESS |  
2019-08-29 23:18:21,687 | INFO  | SCMAudit | user=jenkins1000 | ip=192.168.5.176 | op=SEND_HEARTBEAT {datanodeUUID=91c146c8-9622-4fdf-af50-459baf835861, command=[]} | ret=SUCCESS |  
2019-08-29 23:18:21,716 | INFO  | SCMAudit | user=jenkins1000 | ip=192.168.5.176 | op=SEND_HEARTBEAT {datanodeUUID=c2791d19-603b-4976-b3e9-7899a47ab15b, command=[]} | ret=SUCCESS |  
2019-08-29 23:18:21,943 | INFO  | SCMAudit | user=jenkins1000 | ip=192.168.5.176 | op=SEND_HEARTBEAT {datanodeUUID=b91667ad-dd07-438b-a2aa-20d994bbddf1, command=[]} | ret=SUCCESS |  
2019-08-29 23:18:21,948 | INFO  | SCMAudit | user=jenkins1000 | ip=192.168.5.176 | op=SEND_HEARTBEAT {datanodeUUID=6fc9f5bf-9d19-4424-b095-dbd8051c5d1f, command=[]} | ret=SUCCESS |  
2019-08-29 23:18:21,948 | INFO  | SCMAudit | user=jenkins1000 | ip=192.168.5.176 | op=SEND_HEARTBEAT {datanodeUUID=fdf38f52-984e-464b-b063-6b40bc579090, command=[]} | ret=SUCCESS |  
2019-08-29 23:18:21,953 | INFO  | SCMAudit | user=jenkins1000 | ip=192.168.5.176 | op=SEND_HEARTBEAT {datanodeUUID=7b8ea038-0abd-40f8-b5e6-235888bbf81b, command=[]} | ret=SUCCESS |  
2019-08-29 23:18:22,662 | INFO  | SCMAudit | user=jenkins1000 | ip=192.168.5.176 | op=SEND_HEARTBEAT {datanodeUUID=c28b6833-03f3-43d7-88dd-1eb93de0674c, command=[]} | ret=SUCCESS |  
2019-08-29 23:18:22,687 | INFO  | SCMAudit | user=jenkins1000 | ip=192.168.5.176 | op=SEND_HEARTBEAT {datanodeUUID=91c146c8-9622-4fdf-af50-459baf835861, command=[]} | ret=SUCCESS |  
2019-08-29 23:18:22,715 | INFO  | SCMAudit | user=jenkins1000 | ip=192.168.5.176 | op=SEND_HEARTBEAT {datanodeUUID=c2791d19-603b-4976-b3e9-7899a47ab15b, command=[]} | ret=SUCCESS |  
2019-08-29 23:18:22,943 | INFO  | SCMAudit | user=jenkins1000 | ip=192.168.5.176 | op=SEND_HEARTBEAT {datanodeUUID=b91667ad-dd07-438b-a2aa-20d994bbddf1, command=[]} | ret=SUCCESS |  
2019-08-29 23:18:22,948 | INFO  | SCMAudit | user=jenkins1000 | ip=192.168.5.176 | op=SEND_HEARTBEAT {datanodeUUID=6fc9f5bf-9d19-4424-b095-dbd8051c5d1f, command=[]} | ret=SUCCESS |  
2019-08-29 23:18:22,948 | INFO  | SCMAudit | user=jenkins1000 | ip=192.168.5.176 | op=SEND_HEARTBEAT {datanodeUUID=fdf38f52-984e-464b-b063-6b40bc579090, command=[]} | ret=SUCCESS |  
2019-08-29 23:18:22,952 | INFO  | SCMAudit | user=jenkins1000 | ip=192.168.5.176 | op=SEND_HEARTBEAT {datanodeUUID=7b8ea038-0abd-40f8-b5e6-235888bbf81b, command=[]} | ret=SUCCESS |  
2019-08-29 23:18:23,028 [grpc-default-executor-0] INFO  client.GrpcClientProtocolClient (GrpcClientProtocolClient.java:onNext(255)) - client-5CFC44E75E5D->91c146c8-9622-4fdf-af50-459baf835861: receive RaftClientReply:client-5CFC44E75E5D->91c146c8-9622-4fdf-af50-459baf835861@group-E13997D93674, cid=45, FAILED org.apache.ratis.protocol.NotLeaderException: Server 91c146c8-9622-4fdf-af50-459baf835861 is not the leader (c28b6833-03f3-43d7-88dd-1eb93de0674c:192.168.5.176:36768). Request must be sent to leader., logIndex=0, commits[91c146c8-9622-4fdf-af50-459baf835861:c8, c2791d19-603b-4976-b3e9-7899a47ab15b:c8, c28b6833-03f3-43d7-88dd-1eb93de0674c:c8]
2019-08-29 23:18:23,663 | INFO  | SCMAudit | user=jenkins1000 | ip=192.168.5.176 | op=SEND_HEARTBEAT {datanodeUUID=c28b6833-03f3-43d7-88dd-1eb93de0674c, command=[]} | ret=SUCCESS |  
2019-08-29 23:18:23,687 | INFO  | SCMAudit | user=jenkins1000 | ip=192.168.5.176 | op=SEND_HEARTBEAT {datanodeUUID=91c146c8-9622-4fdf-af50-459baf835861, command=[]} | ret=SUCCESS |  
2019-08-29 23:18:23,716 | INFO  | SCMAudit | user=jenkins1000 | ip=192.168.5.176 | op=SEND_HEARTBEAT {datanodeUUID=c2791d19-603b-4976-b3e9-7899a47ab15b, command=[]} | ret=SUCCESS |  
2019-08-29 23:18:23,943 | INFO  | SCMAudit | user=jenkins1000 | ip=192.168.5.176 | op=SEND_HEARTBEAT {datanodeUUID=b91667ad-dd07-438b-a2aa-20d994bbddf1, command=[]} | ret=SUCCESS |  
2019-08-29 23:18:23,948 | INFO  | SCMAudit | user=jenkins1000 | ip=192.168.5.176 | op=SEND_HEARTBEAT {datanodeUUID=6fc9f5bf-9d19-4424-b095-dbd8051c5d1f, command=[]} | ret=SUCCESS |  
2019-08-29 23:18:23,948 | INFO  | SCMAudit | user=jenkins1000 | ip=192.168.5.176 | op=SEND_HEARTBEAT {datanodeUUID=fdf38f52-984e-464b-b063-6b40bc579090, command=[]} | ret=SUCCESS |  
2019-08-29 23:18:23,952 | INFO  | SCMAudit | user=jenkins1000 | ip=192.168.5.176 | op=SEND_HEARTBEAT {datanodeUUID=7b8ea038-0abd-40f8-b5e6-235888bbf81b, command=[]} | ret=SUCCESS |  
2019-08-29 23:18:24,662 | INFO  | SCMAudit | user=jenkins1000 | ip=192.168.5.176 | op=SEND_HEARTBEAT {datanodeUUID=c28b6833-03f3-43d7-88dd-1eb93de0674c, command=[]} | ret=SUCCESS |  
2019-08-29 23:18:24,687 | INFO  | SCMAudit | user=jenkins1000 | ip=192.168.5.176 | op=SEND_HEARTBEAT {datanodeUUID=91c146c8-9622-4fdf-af50-459baf835861, command=[]} | ret=SUCCESS |  
2019-08-29 23:18:24,716 | INFO  | SCMAudit | user=jenkins1000 | ip=192.168.5.176 | op=SEND_HEARTBEAT {datanodeUUID=c2791d19-603b-4976-b3e9-7899a47ab15b, command=[]} | ret=SUCCESS |  
2019-08-29 23:18:24,943 | INFO  | SCMAudit | user=jenkins1000 | ip=192.168.5.176 | op=SEND_HEARTBEAT {datanodeUUID=b91667ad-dd07-438b-a2aa-20d994bbddf1, command=[]} | ret=SUCCESS |  
2019-08-29 23:18:24,948 | INFO  | SCMAudit | user=jenkins1000 | ip=192.168.5.176 | op=SEND_HEARTBEAT {datanodeUUID=fdf38f52-984e-464b-b063-6b40bc579090, command=[]} | ret=SUCCESS |  
2019-08-29 23:18:24,948 | INFO  | SCMAudit | user=jenkins1000 | ip=192.168.5.176 | op=SEND_HEARTBEAT {datanodeUUID=6fc9f5bf-9d19-4424-b095-dbd8051c5d1f, command=[]} | ret=SUCCESS |  
2019-08-29 23:18:24,952 | INFO  | SCMAudit | user=jenkins1000 | ip=192.168.5.176 | op=SEND_HEARTBEAT {datanodeUUID=7b8ea038-0abd-40f8-b5e6-235888bbf81b, command=[]} | ret=SUCCESS |  
2019-08-29 23:18:25,662 | INFO  | SCMAudit | user=jenkins1000 | ip=192.168.5.176 | op=SEND_HEARTBEAT {datanodeUUID=c28b6833-03f3-43d7-88dd-1eb93de0674c, command=[]} | ret=SUCCESS |  
2019-08-29 23:18:25,687 | INFO  | SCMAudit | user=jenkins1000 | ip=192.168.5.176 | op=SEND_HEARTBEAT {datanodeUUID=91c146c8-9622-4fdf-af50-459baf835861, command=[]} | ret=SUCCESS |  
2019-08-29 23:18:25,716 | INFO  | SCMAudit | user=jenkins1000 | ip=192.168.5.176 | op=SEND_HEARTBEAT {datanodeUUID=c2791d19-603b-4976-b3e9-7899a47ab15b, command=[]} | ret=SUCCESS |  
2019-08-29 23:18:25,944 | INFO  | SCMAudit | user=jenkins1000 | ip=192.168.5.176 | op=SEND_HEARTBEAT {datanodeUUID=b91667ad-dd07-438b-a2aa-20d994bbddf1, command=[]} | ret=SUCCESS |  
2019-08-29 23:18:25,948 | INFO  | SCMAudit | user=jenkins1000 | ip=192.168.5.176 | op=SEND_HEARTBEAT {datanodeUUID=6fc9f5bf-9d19-4424-b095-dbd8051c5d1f, command=[]} | ret=SUCCESS |  
2019-08-29 23:18:25,948 | INFO  | SCMAudit | user=jenkins1000 | ip=192.168.5.176 | op=SEND_HEARTBEAT {datanodeUUID=fdf38f52-984e-464b-b063-6b40bc579090, command=[]} | ret=SUCCESS |  
2019-08-29 23:18:25,953 | INFO  | SCMAudit | user=jenkins1000 | ip=192.168.5.176 | op=SEND_HEARTBEAT {datanodeUUID=7b8ea038-0abd-40f8-b5e6-235888bbf81b, command=[]} | ret=SUCCESS |  
2019-08-29 23:18:26,662 | INFO  | SCMAudit | user=jenkins1000 | ip=192.168.5.176 | op=SEND_HEARTBEAT {datanodeUUID=c28b6833-03f3-43d7-88dd-1eb93de0674c, command=[]} | ret=SUCCESS |  
2019-08-29 23:18:26,687 | INFO  | SCMAudit | user=jenkins1000 | ip=192.168.5.176 | op=SEND_HEARTBEAT {datanodeUUID=91c146c8-9622-4fdf-af50-459baf835861, command=[]} | ret=SUCCESS |  
2019-08-29 23:18:26,716 | INFO  | SCMAudit | user=jenkins1000 | ip=192.168.5.176 | op=SEND_HEARTBEAT {datanodeUUID=c2791d19-603b-4976-b3e9-7899a47ab15b, command=[]} | ret=SUCCESS |  
2019-08-29 23:18:26,945 | INFO  | SCMAudit | user=jenkins1000 | ip=192.168.5.176 | op=SEND_HEARTBEAT {datanodeUUID=b91667ad-dd07-438b-a2aa-20d994bbddf1, command=[]} | ret=SUCCESS |  
2019-08-29 23:18:26,948 | INFO  | SCMAudit | user=jenkins1000 | ip=192.168.5.176 | op=SEND_HEARTBEAT {datanodeUUID=6fc9f5bf-9d19-4424-b095-dbd8051c5d1f, command=[]} | ret=SUCCESS |  
2019-08-29 23:18:26,948 | INFO  | SCMAudit | user=jenkins1000 | ip=192.168.5.176 | op=SEND_HEARTBEAT {datanodeUUID=fdf38f52-984e-464b-b063-6b40bc579090, command=[]} | ret=SUCCESS |  
2019-08-29 23:18:26,953 | INFO  | SCMAudit | user=jenkins1000 | ip=192.168.5.176 | op=SEND_HEARTBEAT {datanodeUUID=7b8ea038-0abd-40f8-b5e6-235888bbf81b, command=[]} | ret=SUCCESS |  
2019-08-29 23:18:27,663 | INFO  | SCMAudit | user=jenkins1000 | ip=192.168.5.176 | op=SEND_HEARTBEAT {datanodeUUID=c28b6833-03f3-43d7-88dd-1eb93de0674c, command=[]} | ret=SUCCESS |  
2019-08-29 23:18:27,687 | INFO  | SCMAudit | user=jenkins1000 | ip=192.168.5.176 | op=SEND_HEARTBEAT {datanodeUUID=91c146c8-9622-4fdf-af50-459baf835861, command=[]} | ret=SUCCESS |  
2019-08-29 23:18:27,717 | INFO  | SCMAudit | user=jenkins1000 | ip=192.168.5.176 | op=SEND_HEARTBEAT {datanodeUUID=c2791d19-603b-4976-b3e9-7899a47ab15b, command=[]} | ret=SUCCESS |  
2019-08-29 23:18:27,946 | INFO  | SCMAudit | user=jenkins1000 | ip=192.168.5.176 | op=SEND_HEARTBEAT {datanodeUUID=b91667ad-dd07-438b-a2aa-20d994bbddf1, command=[]} | ret=SUCCESS |  
2019-08-29 23:18:27,948 | INFO  | SCMAudit | user=jenkins1000 | ip=192.168.5.176 | op=SEND_HEARTBEAT {datanodeUUID=fdf38f52-984e-464b-b063-6b40bc579090, command=[]} | ret=SUCCESS |  
2019-08-29 23:18:27,949 | INFO  | SCMAudit | user=jenkins1000 | ip=192.168.5.176 | op=SEND_HEARTBEAT {datanodeUUID=6fc9f5bf-9d19-4424-b095-dbd8051c5d1f, command=[]} | ret=SUCCESS |  
2019-08-29 23:18:27,953 | INFO  | SCMAudit | user=jenkins1000 | ip=192.168.5.176 | op=SEND_HEARTBEAT {datanodeUUID=7b8ea038-0abd-40f8-b5e6-235888bbf81b, command=[]} | ret=SUCCESS |  
2019-08-29 23:18:28,062 [grpc-default-executor-0] INFO  client.GrpcClientProtocolClient (GrpcClientProtocolClient.java:onNext(255)) - client-5CFC44E75E5D->91c146c8-9622-4fdf-af50-459baf835861: receive RaftClientReply:client-5CFC44E75E5D->91c146c8-9622-4fdf-af50-459baf835861@group-E13997D93674, cid=45, FAILED org.apache.ratis.protocol.NotLeaderException: Server 91c146c8-9622-4fdf-af50-459baf835861 is not the leader (c28b6833-03f3-43d7-88dd-1eb93de0674c:192.168.5.176:36768). Request must be sent to leader., logIndex=0, commits[91c146c8-9622-4fdf-af50-459baf835861:c8, c2791d19-603b-4976-b3e9-7899a47ab15b:c8, c28b6833-03f3-43d7-88dd-1eb93de0674c:c8]
2019-08-29 23:18:28,662 | INFO  | SCMAudit | user=jenkins1000 | ip=192.168.5.176 | op=SEND_HEARTBEAT {datanodeUUID=c28b6833-03f3-43d7-88dd-1eb93de0674c, command=[]} | ret=SUCCESS |  
2019-08-29 23:18:28,687 | INFO  | SCMAudit | user=jenkins1000 | ip=192.168.5.176 | op=SEND_HEARTBEAT {datanodeUUID=91c146c8-9622-4fdf-af50-459baf835861, command=[]} | ret=SUCCESS |  
2019-08-29 23:18:28,716 | INFO  | SCMAudit | user=jenkins1000 | ip=192.168.5.176 | op=SEND_HEARTBEAT {datanodeUUID=c2791d19-603b-4976-b3e9-7899a47ab15b, command=[]} | ret=SUCCESS |  
2019-08-29 23:18:28,947 | INFO  | SCMAudit | user=jenkins1000 | ip=192.168.5.176 | op=SEND_HEARTBEAT {datanodeUUID=b91667ad-dd07-438b-a2aa-20d994bbddf1, command=[]} | ret=SUCCESS |  
2019-08-29 23:18:28,949 | INFO  | SCMAudit | user=jenkins1000 | ip=192.168.5.176 | op=SEND_HEARTBEAT {datanodeUUID=fdf38f52-984e-464b-b063-6b40bc579090, command=[]} | ret=SUCCESS |  
2019-08-29 23:18:28,949 | INFO  | SCMAudit | user=jenkins1000 | ip=192.168.5.176 | op=SEND_HEARTBEAT {datanodeUUID=6fc9f5bf-9d19-4424-b095-dbd8051c5d1f, command=[]} | ret=SUCCESS |  
2019-08-29 23:18:28,953 | INFO  | SCMAudit | user=jenkins1000 | ip=192.168.5.176 | op=SEND_HEARTBEAT {datanodeUUID=7b8ea038-0abd-40f8-b5e6-235888bbf81b, command=[]} | ret=SUCCESS |  
2019-08-29 23:18:29,662 | INFO  | SCMAudit | user=jenkins1000 | ip=192.168.5.176 | op=SEND_HEARTBEAT {datanodeUUID=c28b6833-03f3-43d7-88dd-1eb93de0674c, command=[]} | ret=SUCCESS |  
2019-08-29 23:18:29,687 | INFO  | SCMAudit | user=jenkins1000 | ip=192.168.5.176 | op=SEND_HEARTBEAT {datanodeUUID=91c146c8-9622-4fdf-af50-459baf835861, command=[]} | ret=SUCCESS |  
2019-08-29 23:18:29,716 | INFO  | SCMAudit | user=jenkins1000 | ip=192.168.5.176 | op=SEND_HEARTBEAT {datanodeUUID=c2791d19-603b-4976-b3e9-7899a47ab15b, command=[]} | ret=SUCCESS |  
2019-08-29 23:18:29,948 | INFO  | SCMAudit | user=jenkins1000 | ip=192.168.5.176 | op=SEND_HEARTBEAT {datanodeUUID=b91667ad-dd07-438b-a2aa-20d994bbddf1, command=[]} | ret=SUCCESS |  
2019-08-29 23:18:29,949 | INFO  | SCMAudit | user=jenkins1000 | ip=192.168.5.176 | op=SEND_HEARTBEAT {datanodeUUID=6fc9f5bf-9d19-4424-b095-dbd8051c5d1f, command=[]} | ret=SUCCESS |  
2019-08-29 23:18:29,950 | INFO  | SCMAudit | user=jenkins1000 | ip=192.168.5.176 | op=SEND_HEARTBEAT {datanodeUUID=fdf38f52-984e-464b-b063-6b40bc579090, command=[]} | ret=SUCCESS |  
2019-08-29 23:18:29,953 | INFO  | SCMAudit | user=jenkins1000 | ip=192.168.5.176 | op=SEND_HEARTBEAT {datanodeUUID=7b8ea038-0abd-40f8-b5e6-235888bbf81b, command=[]} | ret=SUCCESS |  
2019-08-29 23:18:30,662 | INFO  | SCMAudit | user=jenkins1000 | ip=192.168.5.176 | op=SEND_HEARTBEAT {datanodeUUID=c28b6833-03f3-43d7-88dd-1eb93de0674c, command=[]} | ret=SUCCESS |  
2019-08-29 23:18:30,687 | INFO  | SCMAudit | user=jenkins1000 | ip=192.168.5.176 | op=SEND_HEARTBEAT {datanodeUUID=91c146c8-9622-4fdf-af50-459baf835861, command=[]} | ret=SUCCESS |  
2019-08-29 23:18:30,716 | INFO  | SCMAudit | user=jenkins1000 | ip=192.168.5.176 | op=SEND_HEARTBEAT {datanodeUUID=c2791d19-603b-4976-b3e9-7899a47ab15b, command=[]} | ret=SUCCESS |  
2019-08-29 23:18:30,948 | INFO  | SCMAudit | user=jenkins1000 | ip=192.168.5.176 | op=SEND_HEARTBEAT {datanodeUUID=b91667ad-dd07-438b-a2aa-20d994bbddf1, command=[]} | ret=SUCCESS |  
2019-08-29 23:18:30,949 | INFO  | SCMAudit | user=jenkins1000 | ip=192.168.5.176 | op=SEND_HEARTBEAT {datanodeUUID=6fc9f5bf-9d19-4424-b095-dbd8051c5d1f, command=[]} | ret=SUCCESS |  
2019-08-29 23:18:30,949 | INFO  | SCMAudit | user=jenkins1000 | ip=192.168.5.176 | op=SEND_HEARTBEAT {datanodeUUID=fdf38f52-984e-464b-b063-6b40bc579090, command=[]} | ret=SUCCESS |  
2019-08-29 23:18:30,953 | INFO  | SCMAudit | user=jenkins1000 | ip=192.168.5.176 | op=SEND_HEARTBEAT {datanodeUUID=7b8ea038-0abd-40f8-b5e6-235888bbf81b, command=[]} | ret=SUCCESS |  
2019-08-29 23:18:31,662 | INFO  | SCMAudit | user=jenkins1000 | ip=192.168.5.176 | op=SEND_HEARTBEAT {datanodeUUID=c28b6833-03f3-43d7-88dd-1eb93de0674c, command=[]} | ret=SUCCESS |  
2019-08-29 23:18:31,688 | INFO  | SCMAudit | user=jenkins1000 | ip=192.168.5.176 | op=SEND_HEARTBEAT {datanodeUUID=91c146c8-9622-4fdf-af50-459baf835861, command=[]} | ret=SUCCESS |  
2019-08-29 23:18:31,716 | INFO  | SCMAudit | user=jenkins1000 | ip=192.168.5.176 | op=SEND_HEARTBEAT {datanodeUUID=c2791d19-603b-4976-b3e9-7899a47ab15b, command=[]} | ret=SUCCESS |  
2019-08-29 23:18:31,948 | INFO  | SCMAudit | user=jenkins1000 | ip=192.168.5.176 | op=SEND_HEARTBEAT {datanodeUUID=b91667ad-dd07-438b-a2aa-20d994bbddf1, command=[]} | ret=SUCCESS |  
2019-08-29 23:18:31,949 | INFO  | SCMAudit | user=jenkins1000 | ip=192.168.5.176 | op=SEND_HEARTBEAT {datanodeUUID=fdf38f52-984e-464b-b063-6b40bc579090, command=[]} | ret=SUCCESS |  
2019-08-29 23:18:31,949 | INFO  | SCMAudit | user=jenkins1000 | ip=192.168.5.176 | op=SEND_HEARTBEAT {datanodeUUID=6fc9f5bf-9d19-4424-b095-dbd8051c5d1f, command=[]} | ret=SUCCESS |  
2019-08-29 23:18:31,953 | INFO  | SCMAudit | user=jenkins1000 | ip=192.168.5.176 | op=SEND_HEARTBEAT {datanodeUUID=7b8ea038-0abd-40f8-b5e6-235888bbf81b, command=[]} | ret=SUCCESS |  
2019-08-29 23:18:32,662 | INFO  | SCMAudit | user=jenkins1000 | ip=192.168.5.176 | op=SEND_HEARTBEAT {datanodeUUID=c28b6833-03f3-43d7-88dd-1eb93de0674c, command=[]} | ret=SUCCESS |  
2019-08-29 23:18:32,687 | INFO  | SCMAudit | user=jenkins1000 | ip=192.168.5.176 | op=SEND_HEARTBEAT {datanodeUUID=91c146c8-9622-4fdf-af50-459baf835861, command=[]} | ret=SUCCESS |  
2019-08-29 23:18:32,716 | INFO  | SCMAudit | user=jenkins1000 | ip=192.168.5.176 | op=SEND_HEARTBEAT {datanodeUUID=c2791d19-603b-4976-b3e9-7899a47ab15b, command=[]} | ret=SUCCESS |  
2019-08-29 23:18:32,948 | INFO  | SCMAudit | user=jenkins1000 | ip=192.168.5.176 | op=SEND_HEARTBEAT {datanodeUUID=b91667ad-dd07-438b-a2aa-20d994bbddf1, command=[]} | ret=SUCCESS |  
2019-08-29 23:18:32,949 | INFO  | SCMAudit | user=jenkins1000 | ip=192.168.5.176 | op=SEND_HEARTBEAT {datanodeUUID=6fc9f5bf-9d19-4424-b095-dbd8051c5d1f, command=[]} | ret=SUCCESS |  
2019-08-29 23:18:32,949 | INFO  | SCMAudit | user=jenkins1000 | ip=192.168.5.176 | op=SEND_HEARTBEAT {datanodeUUID=fdf38f52-984e-464b-b063-6b40bc579090, command=[]} | ret=SUCCESS |  
2019-08-29 23:18:32,953 | INFO  | SCMAudit | user=jenkins1000 | ip=192.168.5.176 | op=SEND_HEARTBEAT {datanodeUUID=7b8ea038-0abd-40f8-b5e6-235888bbf81b, command=[]} | ret=SUCCESS |  
2019-08-29 23:18:33,096 [grpc-default-executor-2] INFO  client.GrpcClientProtocolClient (GrpcClientProtocolClient.java:onNext(255)) - client-5CFC44E75E5D->c2791d19-603b-4976-b3e9-7899a47ab15b: receive RaftClientReply:client-5CFC44E75E5D->c2791d19-603b-4976-b3e9-7899a47ab15b@group-E13997D93674, cid=45, FAILED org.apache.ratis.protocol.NotLeaderException: Server c2791d19-603b-4976-b3e9-7899a47ab15b is not the leader (c28b6833-03f3-43d7-88dd-1eb93de0674c:192.168.5.176:36768). Request must be sent to leader., logIndex=0, commits[c2791d19-603b-4976-b3e9-7899a47ab15b:c8, c28b6833-03f3-43d7-88dd-1eb93de0674c:c8, 91c146c8-9622-4fdf-af50-459baf835861:c8]
2019-08-29 23:18:33,662 | INFO  | SCMAudit | user=jenkins1000 | ip=192.168.5.176 | op=SEND_HEARTBEAT {datanodeUUID=c28b6833-03f3-43d7-88dd-1eb93de0674c, command=[]} | ret=SUCCESS |  
2019-08-29 23:18:33,687 | INFO  | SCMAudit | user=jenkins1000 | ip=192.168.5.176 | op=SEND_HEARTBEAT {datanodeUUID=91c146c8-9622-4fdf-af50-459baf835861, command=[]} | ret=SUCCESS |  
2019-08-29 23:18:33,717 | INFO  | SCMAudit | user=jenkins1000 | ip=192.168.5.176 | op=SEND_HEARTBEAT {datanodeUUID=c2791d19-603b-4976-b3e9-7899a47ab15b, command=[]} | ret=SUCCESS |  
2019-08-29 23:18:33,948 | INFO  | SCMAudit | user=jenkins1000 | ip=192.168.5.176 | op=SEND_HEARTBEAT {datanodeUUID=b91667ad-dd07-438b-a2aa-20d994bbddf1, command=[]} | ret=SUCCESS |  
2019-08-29 23:18:33,949 | INFO  | SCMAudit | user=jenkins1000 | ip=192.168.5.176 | op=SEND_HEARTBEAT {datanodeUUID=6fc9f5bf-9d19-4424-b095-dbd8051c5d1f, command=[]} | ret=SUCCESS |  
2019-08-29 23:18:33,949 | INFO  | SCMAudit | user=jenkins1000 | ip=192.168.5.176 | op=SEND_HEARTBEAT {datanodeUUID=fdf38f52-984e-464b-b063-6b40bc579090, command=[]} | ret=SUCCESS |  
2019-08-29 23:18:33,953 | INFO  | SCMAudit | user=jenkins1000 | ip=192.168.5.176 | op=SEND_HEARTBEAT {datanodeUUID=7b8ea038-0abd-40f8-b5e6-235888bbf81b, command=[]} | ret=SUCCESS |  
2019-08-29 23:18:34,662 | INFO  | SCMAudit | user=jenkins1000 | ip=192.168.5.176 | op=SEND_HEARTBEAT {datanodeUUID=c28b6833-03f3-43d7-88dd-1eb93de0674c, command=[]} | ret=SUCCESS |  
2019-08-29 23:18:34,687 | INFO  | SCMAudit | user=jenkins1000 | ip=192.168.5.176 | op=SEND_HEARTBEAT {datanodeUUID=91c146c8-9622-4fdf-af50-459baf835861, command=[]} | ret=SUCCESS |  
2019-08-29 23:18:34,717 | INFO  | SCMAudit | user=jenkins1000 | ip=192.168.5.176 | op=SEND_HEARTBEAT {datanodeUUID=c2791d19-603b-4976-b3e9-7899a47ab15b, command=[]} | ret=SUCCESS |  
2019-08-29 23:18:34,948 | INFO  | SCMAudit | user=jenkins1000 | ip=192.168.5.176 | op=SEND_HEARTBEAT {datanodeUUID=b91667ad-dd07-438b-a2aa-20d994bbddf1, command=[]} | ret=SUCCESS |  
2019-08-29 23:18:34,949 | INFO  | SCMAudit | user=jenkins1000 | ip=192.168.5.176 | op=SEND_HEARTBEAT {datanodeUUID=fdf38f52-984e-464b-b063-6b40bc579090, command=[]} | ret=SUCCESS |  
2019-08-29 23:18:34,949 | INFO  | SCMAudit | user=jenkins1000 | ip=192.168.5.176 | op=SEND_HEARTBEAT {datanodeUUID=6fc9f5bf-9d19-4424-b095-dbd8051c5d1f, command=[]} | ret=SUCCESS |  
2019-08-29 23:18:34,953 | INFO  | SCMAudit | user=jenkins1000 | ip=192.168.5.176 | op=SEND_HEARTBEAT {datanodeUUID=7b8ea038-0abd-40f8-b5e6-235888bbf81b, command=[]} | ret=SUCCESS |  
2019-08-29 23:18:35,663 | INFO  | SCMAudit | user=jenkins1000 | ip=192.168.5.176 | op=SEND_HEARTBEAT {datanodeUUID=c28b6833-03f3-43d7-88dd-1eb93de0674c, command=[]} | ret=SUCCESS |  
2019-08-29 23:18:35,687 | INFO  | SCMAudit | user=jenkins1000 | ip=192.168.5.176 | op=SEND_HEARTBEAT {datanodeUUID=91c146c8-9622-4fdf-af50-459baf835861, command=[]} | ret=SUCCESS |  
2019-08-29 23:18:35,717 | INFO  | SCMAudit | user=jenkins1000 | ip=192.168.5.176 | op=SEND_HEARTBEAT {datanodeUUID=c2791d19-603b-4976-b3e9-7899a47ab15b, command=[]} | ret=SUCCESS |  
2019-08-29 23:18:35,948 | INFO  | SCMAudit | user=jenkins1000 | ip=192.168.5.176 | op=SEND_HEARTBEAT {datanodeUUID=b91667ad-dd07-438b-a2aa-20d994bbddf1, command=[]} | ret=SUCCESS |  
2019-08-29 23:18:35,950 | INFO  | SCMAudit | user=jenkins1000 | ip=192.168.5.176 | op=SEND_HEARTBEAT {datanodeUUID=fdf38f52-984e-464b-b063-6b40bc579090, command=[]} | ret=SUCCESS |  
2019-08-29 23:18:35,950 | INFO  | SCMAudit | user=jenkins1000 | ip=192.168.5.176 | op=SEND_HEARTBEAT {datanodeUUID=6fc9f5bf-9d19-4424-b095-dbd8051c5d1f, command=[]} | ret=SUCCESS |  
2019-08-29 23:18:35,953 | INFO  | SCMAudit | user=jenkins1000 | ip=192.168.5.176 | op=SEND_HEARTBEAT {datanodeUUID=7b8ea038-0abd-40f8-b5e6-235888bbf81b, command=[]} | ret=SUCCESS |  
2019-08-29 23:18:36,662 | INFO  | SCMAudit | user=jenkins1000 | ip=192.168.5.176 | op=SEND_HEARTBEAT {datanodeUUID=c28b6833-03f3-43d7-88dd-1eb93de0674c, command=[]} | ret=SUCCESS |  
2019-08-29 23:18:36,687 | INFO  | SCMAudit | user=jenkins1000 | ip=192.168.5.176 | op=SEND_HEARTBEAT {datanodeUUID=91c146c8-9622-4fdf-af50-459baf835861, command=[]} | ret=SUCCESS |  
2019-08-29 23:18:36,717 | INFO  | SCMAudit | user=jenkins1000 | ip=192.168.5.176 | op=SEND_HEARTBEAT {datanodeUUID=c2791d19-603b-4976-b3e9-7899a47ab15b, command=[]} | ret=SUCCESS |  
2019-08-29 23:18:36,949 | INFO  | SCMAudit | user=jenkins1000 | ip=192.168.5.176 | op=SEND_HEARTBEAT {datanodeUUID=b91667ad-dd07-438b-a2aa-20d994bbddf1, command=[]} | ret=SUCCESS |  
2019-08-29 23:18:36,950 | INFO  | SCMAudit | user=jenkins1000 | ip=192.168.5.176 | op=SEND_HEARTBEAT {datanodeUUID=fdf38f52-984e-464b-b063-6b40bc579090, command=[]} | ret=SUCCESS |  
2019-08-29 23:18:36,950 | INFO  | SCMAudit | user=jenkins1000 | ip=192.168.5.176 | op=SEND_HEARTBEAT {datanodeUUID=6fc9f5bf-9d19-4424-b095-dbd8051c5d1f, command=[]} | ret=SUCCESS |  
2019-08-29 23:18:36,953 | INFO  | SCMAudit | user=jenkins1000 | ip=192.168.5.176 | op=SEND_HEARTBEAT {datanodeUUID=7b8ea038-0abd-40f8-b5e6-235888bbf81b, command=[]} | ret=SUCCESS |  
2019-08-29 23:18:37,662 | INFO  | SCMAudit | user=jenkins1000 | ip=192.168.5.176 | op=SEND_HEARTBEAT {datanodeUUID=c28b6833-03f3-43d7-88dd-1eb93de0674c, command=[]} | ret=SUCCESS |  
2019-08-29 23:18:37,687 | INFO  | SCMAudit | user=jenkins1000 | ip=192.168.5.176 | op=SEND_HEARTBEAT {datanodeUUID=91c146c8-9622-4fdf-af50-459baf835861, command=[]} | ret=SUCCESS |  
2019-08-29 23:18:37,717 | INFO  | SCMAudit | user=jenkins1000 | ip=192.168.5.176 | op=SEND_HEARTBEAT {datanodeUUID=c2791d19-603b-4976-b3e9-7899a47ab15b, command=[]} | ret=SUCCESS |  
2019-08-29 23:18:37,950 | INFO  | SCMAudit | user=jenkins1000 | ip=192.168.5.176 | op=SEND_HEARTBEAT {datanodeUUID=6fc9f5bf-9d19-4424-b095-dbd8051c5d1f, command=[]} | ret=SUCCESS |  
2019-08-29 23:18:37,950 | INFO  | SCMAudit | user=jenkins1000 | ip=192.168.5.176 | op=SEND_HEARTBEAT {datanodeUUID=b91667ad-dd07-438b-a2aa-20d994bbddf1, command=[]} | ret=SUCCESS |  
2019-08-29 23:18:37,950 | INFO  | SCMAudit | user=jenkins1000 | ip=192.168.5.176 | op=SEND_HEARTBEAT {datanodeUUID=fdf38f52-984e-464b-b063-6b40bc579090, command=[]} | ret=SUCCESS |  
2019-08-29 23:18:37,953 | INFO  | SCMAudit | user=jenkins1000 | ip=192.168.5.176 | op=SEND_HEARTBEAT {datanodeUUID=7b8ea038-0abd-40f8-b5e6-235888bbf81b, command=[]} | ret=SUCCESS |  
2019-08-29 23:18:38,135 [grpc-default-executor-2] INFO  client.GrpcClientProtocolClient (GrpcClientProtocolClient.java:onNext(255)) - client-5CFC44E75E5D->c2791d19-603b-4976-b3e9-7899a47ab15b: receive RaftClientReply:client-5CFC44E75E5D->c2791d19-603b-4976-b3e9-7899a47ab15b@group-E13997D93674, cid=45, FAILED org.apache.ratis.protocol.NotLeaderException: Server c2791d19-603b-4976-b3e9-7899a47ab15b is not the leader (c28b6833-03f3-43d7-88dd-1eb93de0674c:192.168.5.176:36768). Request must be sent to leader., logIndex=0, commits[c2791d19-603b-4976-b3e9-7899a47ab15b:c8, c28b6833-03f3-43d7-88dd-1eb93de0674c:c8, 91c146c8-9622-4fdf-af50-459baf835861:c8]
2019-08-29 23:18:38,663 | INFO  | SCMAudit | user=jenkins1000 | ip=192.168.5.176 | op=SEND_HEARTBEAT {datanodeUUID=c28b6833-03f3-43d7-88dd-1eb93de0674c, command=[]} | ret=SUCCESS |  
2019-08-29 23:18:38,687 | INFO  | SCMAudit | user=jenkins1000 | ip=192.168.5.176 | op=SEND_HEARTBEAT {datanodeUUID=91c146c8-9622-4fdf-af50-459baf835861, command=[]} | ret=SUCCESS |  
2019-08-29 23:18:38,717 | INFO  | SCMAudit | user=jenkins1000 | ip=192.168.5.176 | op=SEND_HEARTBEAT {datanodeUUID=c2791d19-603b-4976-b3e9-7899a47ab15b, command=[]} | ret=SUCCESS |  
2019-08-29 23:18:38,950 | INFO  | SCMAudit | user=jenkins1000 | ip=192.168.5.176 | op=SEND_HEARTBEAT {datanodeUUID=fdf38f52-984e-464b-b063-6b40bc579090, command=[]} | ret=SUCCESS |  
2019-08-29 23:18:38,950 | INFO  | SCMAudit | user=jenkins1000 | ip=192.168.5.176 | op=SEND_HEARTBEAT {datanodeUUID=6fc9f5bf-9d19-4424-b095-dbd8051c5d1f, command=[]} | ret=SUCCESS |  
2019-08-29 23:18:38,950 | INFO  | SCMAudit | user=jenkins1000 | ip=192.168.5.176 | op=SEND_HEARTBEAT {datanodeUUID=b91667ad-dd07-438b-a2aa-20d994bbddf1, command=[]} | ret=SUCCESS |  
2019-08-29 23:18:38,953 | INFO  | SCMAudit | user=jenkins1000 | ip=192.168.5.176 | op=SEND_HEARTBEAT {datanodeUUID=7b8ea038-0abd-40f8-b5e6-235888bbf81b, command=[]} | ret=SUCCESS |  
2019-08-29 23:18:39,663 | INFO  | SCMAudit | user=jenkins1000 | ip=192.168.5.176 | op=SEND_HEARTBEAT {datanodeUUID=c28b6833-03f3-43d7-88dd-1eb93de0674c, command=[]} | ret=SUCCESS |  
2019-08-29 23:18:39,687 | INFO  | SCMAudit | user=jenkins1000 | ip=192.168.5.176 | op=SEND_HEARTBEAT {datanodeUUID=91c146c8-9622-4fdf-af50-459baf835861, command=[]} | ret=SUCCESS |  
2019-08-29 23:18:39,717 | INFO  | SCMAudit | user=jenkins1000 | ip=192.168.5.176 | op=SEND_HEARTBEAT {datanodeUUID=c2791d19-603b-4976-b3e9-7899a47ab15b, command=[]} | ret=SUCCESS |  
2019-08-29 23:18:39,950 | INFO  | SCMAudit | user=jenkins1000 | ip=192.168.5.176 | op=SEND_HEARTBEAT {datanodeUUID=b91667ad-dd07-438b-a2aa-20d994bbddf1, command=[]} | ret=SUCCESS |  
2019-08-29 23:18:39,950 | INFO  | SCMAudit | user=jenkins1000 | ip=192.168.5.176 | op=SEND_HEARTBEAT {datanodeUUID=6fc9f5bf-9d19-4424-b095-dbd8051c5d1f, command=[]} | ret=SUCCESS |  
2019-08-29 23:18:39,950 | INFO  | SCMAudit | user=jenkins1000 | ip=192.168.5.176 | op=SEND_HEARTBEAT {datanodeUUID=fdf38f52-984e-464b-b063-6b40bc579090, command=[]} | ret=SUCCESS |  
2019-08-29 23:18:39,953 | INFO  | SCMAudit | user=jenkins1000 | ip=192.168.5.176 | op=SEND_HEARTBEAT {datanodeUUID=7b8ea038-0abd-40f8-b5e6-235888bbf81b, command=[]} | ret=SUCCESS |  
2019-08-29 23:18:40,663 | INFO  | SCMAudit | user=jenkins1000 | ip=192.168.5.176 | op=SEND_HEARTBEAT {datanodeUUID=c28b6833-03f3-43d7-88dd-1eb93de0674c, command=[]} | ret=SUCCESS |  
2019-08-29 23:18:40,687 | INFO  | SCMAudit | user=jenkins1000 | ip=192.168.5.176 | op=SEND_HEARTBEAT {datanodeUUID=91c146c8-9622-4fdf-af50-459baf835861, command=[]} | ret=SUCCESS |  
2019-08-29 23:18:40,717 | INFO  | SCMAudit | user=jenkins1000 | ip=192.168.5.176 | op=SEND_HEARTBEAT {datanodeUUID=c2791d19-603b-4976-b3e9-7899a47ab15b, command=[]} | ret=SUCCESS |  
2019-08-29 23:18:40,950 | INFO  | SCMAudit | user=jenkins1000 | ip=192.168.5.176 | op=SEND_HEARTBEAT {datanodeUUID=b91667ad-dd07-438b-a2aa-20d994bbddf1, command=[]} | ret=SUCCESS |  
2019-08-29 23:18:40,950 | INFO  | SCMAudit | user=jenkins1000 | ip=192.168.5.176 | op=SEND_HEARTBEAT {datanodeUUID=6fc9f5bf-9d19-4424-b095-dbd8051c5d1f, command=[]} | ret=SUCCESS |  
2019-08-29 23:18:40,950 | INFO  | SCMAudit | user=jenkins1000 | ip=192.168.5.176 | op=SEND_HEARTBEAT {datanodeUUID=fdf38f52-984e-464b-b063-6b40bc579090, command=[]} | ret=SUCCESS |  
2019-08-29 23:18:40,952 | INFO  | SCMAudit | user=jenkins1000 | ip=192.168.5.176 | op=SEND_HEARTBEAT {datanodeUUID=7b8ea038-0abd-40f8-b5e6-235888bbf81b, command=[]} | ret=SUCCESS |  
2019-08-29 23:18:41,663 | INFO  | SCMAudit | user=jenkins1000 | ip=192.168.5.176 | op=SEND_HEARTBEAT {datanodeUUID=c28b6833-03f3-43d7-88dd-1eb93de0674c, command=[]} | ret=SUCCESS |  
2019-08-29 23:18:41,687 | INFO  | SCMAudit | user=jenkins1000 | ip=192.168.5.176 | op=SEND_HEARTBEAT {datanodeUUID=91c146c8-9622-4fdf-af50-459baf835861, command=[]} | ret=SUCCESS |  
2019-08-29 23:18:41,717 | INFO  | SCMAudit | user=jenkins1000 | ip=192.168.5.176 | op=SEND_HEARTBEAT {datanodeUUID=c2791d19-603b-4976-b3e9-7899a47ab15b, command=[]} | ret=SUCCESS |  
2019-08-29 23:18:41,950 | INFO  | SCMAudit | user=jenkins1000 | ip=192.168.5.176 | op=SEND_HEARTBEAT {datanodeUUID=b91667ad-dd07-438b-a2aa-20d994bbddf1, command=[]} | ret=SUCCESS |  
2019-08-29 23:18:41,950 | INFO  | SCMAudit | user=jenkins1000 | ip=192.168.5.176 | op=SEND_HEARTBEAT {datanodeUUID=6fc9f5bf-9d19-4424-b095-dbd8051c5d1f, command=[]} | ret=SUCCESS |  
2019-08-29 23:18:41,951 | INFO  | SCMAudit | user=jenkins1000 | ip=192.168.5.176 | op=SEND_HEARTBEAT {datanodeUUID=fdf38f52-984e-464b-b063-6b40bc579090, command=[]} | ret=SUCCESS |  
2019-08-29 23:18:41,953 | INFO  | SCMAudit | user=jenkins1000 | ip=192.168.5.176 | op=SEND_HEARTBEAT {datanodeUUID=7b8ea038-0abd-40f8-b5e6-235888bbf81b, command=[]} | ret=SUCCESS |  
2019-08-29 23:18:42,664 | INFO  | SCMAudit | user=jenkins1000 | ip=192.168.5.176 | op=SEND_HEARTBEAT {datanodeUUID=c28b6833-03f3-43d7-88dd-1eb93de0674c, command=[]} | ret=SUCCESS |  
2019-08-29 23:18:42,688 | INFO  | SCMAudit | user=jenkins1000 | ip=192.168.5.176 | op=SEND_HEARTBEAT {datanodeUUID=91c146c8-9622-4fdf-af50-459baf835861, command=[]} | ret=SUCCESS |  
2019-08-29 23:18:42,717 | INFO  | SCMAudit | user=jenkins1000 | ip=192.168.5.176 | op=SEND_HEARTBEAT {datanodeUUID=c2791d19-603b-4976-b3e9-7899a47ab15b, command=[]} | ret=SUCCESS |  
2019-08-29 23:18:42,950 | INFO  | SCMAudit | user=jenkins1000 | ip=192.168.5.176 | op=SEND_HEARTBEAT {datanodeUUID=b91667ad-dd07-438b-a2aa-20d994bbddf1, command=[]} | ret=SUCCESS |  
2019-08-29 23:18:42,950 | INFO  | SCMAudit | user=jenkins1000 | ip=192.168.5.176 | op=SEND_HEARTBEAT {datanodeUUID=6fc9f5bf-9d19-4424-b095-dbd8051c5d1f, command=[]} | ret=SUCCESS |  
2019-08-29 23:18:42,950 | INFO  | SCMAudit | user=jenkins1000 | ip=192.168.5.176 | op=SEND_HEARTBEAT {datanodeUUID=fdf38f52-984e-464b-b063-6b40bc579090, command=[]} | ret=SUCCESS |  
2019-08-29 23:18:42,954 | INFO  | SCMAudit | user=jenkins1000 | ip=192.168.5.176 | op=SEND_HEARTBEAT {datanodeUUID=7b8ea038-0abd-40f8-b5e6-235888bbf81b, command=[]} | ret=SUCCESS |  
2019-08-29 23:18:43,181 [grpc-default-executor-2] INFO  client.GrpcClientProtocolClient (GrpcClientProtocolClient.java:onNext(255)) - client-5CFC44E75E5D->91c146c8-9622-4fdf-af50-459baf835861: receive RaftClientReply:client-5CFC44E75E5D->91c146c8-9622-4fdf-af50-459baf835861@group-E13997D93674, cid=45, FAILED org.apache.ratis.protocol.NotLeaderException: Server 91c146c8-9622-4fdf-af50-459baf835861 is not the leader (c28b6833-03f3-43d7-88dd-1eb93de0674c:192.168.5.176:36768). Request must be sent to leader., logIndex=0, commits[91c146c8-9622-4fdf-af50-459baf835861:c8, c2791d19-603b-4976-b3e9-7899a47ab15b:c8, c28b6833-03f3-43d7-88dd-1eb93de0674c:c8]
2019-08-29 23:18:43,663 | INFO  | SCMAudit | user=jenkins1000 | ip=192.168.5.176 | op=SEND_HEARTBEAT {datanodeUUID=c28b6833-03f3-43d7-88dd-1eb93de0674c, command=[]} | ret=SUCCESS |  
2019-08-29 23:18:43,688 | INFO  | SCMAudit | user=jenkins1000 | ip=192.168.5.176 | op=SEND_HEARTBEAT {datanodeUUID=91c146c8-9622-4fdf-af50-459baf835861, command=[]} | ret=SUCCESS |  
2019-08-29 23:18:43,717 | INFO  | SCMAudit | user=jenkins1000 | ip=192.168.5.176 | op=SEND_HEARTBEAT {datanodeUUID=c2791d19-603b-4976-b3e9-7899a47ab15b, command=[]} | ret=SUCCESS |  
2019-08-29 23:18:43,950 | INFO  | SCMAudit | user=jenkins1000 | ip=192.168.5.176 | op=SEND_HEARTBEAT {datanodeUUID=b91667ad-dd07-438b-a2aa-20d994bbddf1, command=[]} | ret=SUCCESS |  
2019-08-29 23:18:43,950 | INFO  | SCMAudit | user=jenkins1000 | ip=192.168.5.176 | op=SEND_HEARTBEAT {datanodeUUID=6fc9f5bf-9d19-4424-b095-dbd8051c5d1f, command=[]} | ret=SUCCESS |  
2019-08-29 23:18:43,950 | INFO  | SCMAudit | user=jenkins1000 | ip=192.168.5.176 | op=SEND_HEARTBEAT {datanodeUUID=fdf38f52-984e-464b-b063-6b40bc579090, command=[]} | ret=SUCCESS |  
2019-08-29 23:18:43,955 | INFO  | SCMAudit | user=jenkins1000 | ip=192.168.5.176 | op=SEND_HEARTBEAT {datanodeUUID=7b8ea038-0abd-40f8-b5e6-235888bbf81b, command=[]} | ret=SUCCESS |  
2019-08-29 23:18:44,664 | INFO  | SCMAudit | user=jenkins1000 | ip=192.168.5.176 | op=SEND_HEARTBEAT {datanodeUUID=c28b6833-03f3-43d7-88dd-1eb93de0674c, command=[]} | ret=SUCCESS |  
2019-08-29 23:18:44,688 | INFO  | SCMAudit | user=jenkins1000 | ip=192.168.5.176 | op=SEND_HEARTBEAT {datanodeUUID=91c146c8-9622-4fdf-af50-459baf835861, command=[]} | ret=SUCCESS |  
2019-08-29 23:18:44,717 | INFO  | SCMAudit | user=jenkins1000 | ip=192.168.5.176 | op=SEND_HEARTBEAT {datanodeUUID=c2791d19-603b-4976-b3e9-7899a47ab15b, command=[]} | ret=SUCCESS |  
2019-08-29 23:18:44,950 | INFO  | SCMAudit | user=jenkins1000 | ip=192.168.5.176 | op=SEND_HEARTBEAT {datanodeUUID=b91667ad-dd07-438b-a2aa-20d994bbddf1, command=[]} | ret=SUCCESS |  
2019-08-29 23:18:44,950 | INFO  | SCMAudit | user=jenkins1000 | ip=192.168.5.176 | op=SEND_HEARTBEAT {datanodeUUID=6fc9f5bf-9d19-4424-b095-dbd8051c5d1f, command=[]} | ret=SUCCESS |  
2019-08-29 23:18:44,950 | INFO  | SCMAudit | user=jenkins1000 | ip=192.168.5.176 | op=SEND_HEARTBEAT {datanodeUUID=fdf38f52-984e-464b-b063-6b40bc579090, command=[]} | ret=SUCCESS |  
2019-08-29 23:18:44,954 | INFO  | SCMAudit | user=jenkins1000 | ip=192.168.5.176 | op=SEND_HEARTBEAT {datanodeUUID=7b8ea038-0abd-40f8-b5e6-235888bbf81b, command=[]} | ret=SUCCESS |  
2019-08-29 23:18:45,664 | INFO  | SCMAudit | user=jenkins1000 | ip=192.168.5.176 | op=SEND_HEARTBEAT {datanodeUUID=c28b6833-03f3-43d7-88dd-1eb93de0674c, command=[]} | ret=SUCCESS |  
2019-08-29 23:18:45,688 | INFO  | SCMAudit | user=jenkins1000 | ip=192.168.5.176 | op=SEND_HEARTBEAT {datanodeUUID=91c146c8-9622-4fdf-af50-459baf835861, command=[]} | ret=SUCCESS |  
2019-08-29 23:18:45,717 | INFO  | SCMAudit | user=jenkins1000 | ip=192.168.5.176 | op=SEND_HEARTBEAT {datanodeUUID=c2791d19-603b-4976-b3e9-7899a47ab15b, command=[]} | ret=SUCCESS |  
2019-08-29 23:18:45,951 | INFO  | SCMAudit | user=jenkins1000 | ip=192.168.5.176 | op=SEND_HEARTBEAT {datanodeUUID=6fc9f5bf-9d19-4424-b095-dbd8051c5d1f, command=[]} | ret=SUCCESS |  
2019-08-29 23:18:45,951 | INFO  | SCMAudit | user=jenkins1000 | ip=192.168.5.176 | op=SEND_HEARTBEAT {datanodeUUID=fdf38f52-984e-464b-b063-6b40bc579090, command=[]} | ret=SUCCESS |  
2019-08-29 23:18:45,951 | INFO  | SCMAudit | user=jenkins1000 | ip=192.168.5.176 | op=SEND_HEARTBEAT {datanodeUUID=b91667ad-dd07-438b-a2aa-20d994bbddf1, command=[]} | ret=SUCCESS |  
2019-08-29 23:18:45,954 | INFO  | SCMAudit | user=jenkins1000 | ip=192.168.5.176 | op=SEND_HEARTBEAT {datanodeUUID=7b8ea038-0abd-40f8-b5e6-235888bbf81b, command=[]} | ret=SUCCESS |  
2019-08-29 23:18:46,665 | INFO  | SCMAudit | user=jenkins1000 | ip=192.168.5.176 | op=SEND_HEARTBEAT {datanodeUUID=c28b6833-03f3-43d7-88dd-1eb93de0674c, command=[]} | ret=SUCCESS |  
2019-08-29 23:18:46,689 | INFO  | SCMAudit | user=jenkins1000 | ip=192.168.5.176 | op=SEND_HEARTBEAT {datanodeUUID=91c146c8-9622-4fdf-af50-459baf835861, command=[]} | ret=SUCCESS |  
2019-08-29 23:18:46,717 | INFO  | SCMAudit | user=jenkins1000 | ip=192.168.5.176 | op=SEND_HEARTBEAT {datanodeUUID=c2791d19-603b-4976-b3e9-7899a47ab15b, command=[]} | ret=SUCCESS |  
2019-08-29 23:18:46,950 | INFO  | SCMAudit | user=jenkins1000 | ip=192.168.5.176 | op=SEND_HEARTBEAT {datanodeUUID=b91667ad-dd07-438b-a2aa-20d994bbddf1, command=[]} | ret=SUCCESS |  
2019-08-29 23:18:46,951 | INFO  | SCMAudit | user=jenkins1000 | ip=192.168.5.176 | op=SEND_HEARTBEAT {datanodeUUID=fdf38f52-984e-464b-b063-6b40bc579090, command=[]} | ret=SUCCESS |  
2019-08-29 23:18:46,951 | INFO  | SCMAudit | user=jenkins1000 | ip=192.168.5.176 | op=SEND_HEARTBEAT {datanodeUUID=6fc9f5bf-9d19-4424-b095-dbd8051c5d1f, command=[]} | ret=SUCCESS |  
2019-08-29 23:18:46,954 | INFO  | SCMAudit | user=jenkins1000 | ip=192.168.5.176 | op=SEND_HEARTBEAT {datanodeUUID=7b8ea038-0abd-40f8-b5e6-235888bbf81b, command=[]} | ret=SUCCESS |  
2019-08-29 23:18:47,665 | INFO  | SCMAudit | user=jenkins1000 | ip=192.168.5.176 | op=SEND_HEARTBEAT {datanodeUUID=c28b6833-03f3-43d7-88dd-1eb93de0674c, command=[]} | ret=SUCCESS |  
2019-08-29 23:18:47,689 | INFO  | SCMAudit | user=jenkins1000 | ip=192.168.5.176 | op=SEND_HEARTBEAT {datanodeUUID=91c146c8-9622-4fdf-af50-459baf835861, command=[]} | ret=SUCCESS |  
2019-08-29 23:18:47,717 | INFO  | SCMAudit | user=jenkins1000 | ip=192.168.5.176 | op=SEND_HEARTBEAT {datanodeUUID=c2791d19-603b-4976-b3e9-7899a47ab15b, command=[]} | ret=SUCCESS |  
2019-08-29 23:18:47,950 | INFO  | SCMAudit | user=jenkins1000 | ip=192.168.5.176 | op=SEND_HEARTBEAT {datanodeUUID=b91667ad-dd07-438b-a2aa-20d994bbddf1, command=[]} | ret=SUCCESS |  
2019-08-29 23:18:47,951 | INFO  | SCMAudit | user=jenkins1000 | ip=192.168.5.176 | op=SEND_HEARTBEAT {datanodeUUID=6fc9f5bf-9d19-4424-b095-dbd8051c5d1f, command=[]} | ret=SUCCESS |  
2019-08-29 23:18:47,951 | INFO  | SCMAudit | user=jenkins1000 | ip=192.168.5.176 | op=SEND_HEARTBEAT {datanodeUUID=fdf38f52-984e-464b-b063-6b40bc579090, command=[]} | ret=SUCCESS |  
2019-08-29 23:18:47,954 | INFO  | SCMAudit | user=jenkins1000 | ip=192.168.5.176 | op=SEND_HEARTBEAT {datanodeUUID=7b8ea038-0abd-40f8-b5e6-235888bbf81b, command=[]} | ret=SUCCESS |  
2019-08-29 23:18:48,242 [grpc-default-executor-0] INFO  client.GrpcClientProtocolClient (GrpcClientProtocolClient.java:onNext(255)) - client-5CFC44E75E5D->c2791d19-603b-4976-b3e9-7899a47ab15b: receive RaftClientReply:client-5CFC44E75E5D->c2791d19-603b-4976-b3e9-7899a47ab15b@group-E13997D93674, cid=45, FAILED org.apache.ratis.protocol.NotLeaderException: Server c2791d19-603b-4976-b3e9-7899a47ab15b is not the leader (c28b6833-03f3-43d7-88dd-1eb93de0674c:192.168.5.176:36768). Request must be sent to leader., logIndex=0, commits[c2791d19-603b-4976-b3e9-7899a47ab15b:c8, c28b6833-03f3-43d7-88dd-1eb93de0674c:c8, 91c146c8-9622-4fdf-af50-459baf835861:c8]
2019-08-29 23:18:48,665 | INFO  | SCMAudit | user=jenkins1000 | ip=192.168.5.176 | op=SEND_HEARTBEAT {datanodeUUID=c28b6833-03f3-43d7-88dd-1eb93de0674c, command=[]} | ret=SUCCESS |  
2019-08-29 23:18:48,689 | INFO  | SCMAudit | user=jenkins1000 | ip=192.168.5.176 | op=SEND_HEARTBEAT {datanodeUUID=91c146c8-9622-4fdf-af50-459baf835861, command=[]} | ret=SUCCESS |  
2019-08-29 23:18:48,717 | INFO  | SCMAudit | user=jenkins1000 | ip=192.168.5.176 | op=SEND_HEARTBEAT {datanodeUUID=c2791d19-603b-4976-b3e9-7899a47ab15b, command=[]} | ret=SUCCESS |  
2019-08-29 23:18:48,951 | INFO  | SCMAudit | user=jenkins1000 | ip=192.168.5.176 | op=SEND_HEARTBEAT {datanodeUUID=b91667ad-dd07-438b-a2aa-20d994bbddf1, command=[]} | ret=SUCCESS |  
2019-08-29 23:18:48,951 | INFO  | SCMAudit | user=jenkins1000 | ip=192.168.5.176 | op=SEND_HEARTBEAT {datanodeUUID=fdf38f52-984e-464b-b063-6b40bc579090, command=[]} | ret=SUCCESS |  
2019-08-29 23:18:48,951 | INFO  | SCMAudit | user=jenkins1000 | ip=192.168.5.176 | op=SEND_HEARTBEAT {datanodeUUID=6fc9f5bf-9d19-4424-b095-dbd8051c5d1f, command=[]} | ret=SUCCESS |  
2019-08-29 23:18:48,954 | INFO  | SCMAudit | user=jenkins1000 | ip=192.168.5.176 | op=SEND_HEARTBEAT {datanodeUUID=7b8ea038-0abd-40f8-b5e6-235888bbf81b, command=[]} | ret=SUCCESS |  
2019-08-29 23:18:49,665 | INFO  | SCMAudit | user=jenkins1000 | ip=192.168.5.176 | op=SEND_HEARTBEAT {datanodeUUID=c28b6833-03f3-43d7-88dd-1eb93de0674c, command=[]} | ret=SUCCESS |  
2019-08-29 23:18:49,688 | INFO  | SCMAudit | user=jenkins1000 | ip=192.168.5.176 | op=SEND_HEARTBEAT {datanodeUUID=91c146c8-9622-4fdf-af50-459baf835861, command=[]} | ret=SUCCESS |  
2019-08-29 23:18:49,718 | INFO  | SCMAudit | user=jenkins1000 | ip=192.168.5.176 | op=SEND_HEARTBEAT {datanodeUUID=c2791d19-603b-4976-b3e9-7899a47ab15b, command=[]} | ret=SUCCESS |  
2019-08-29 23:18:49,950 | INFO  | SCMAudit | user=jenkins1000 | ip=192.168.5.176 | op=SEND_HEARTBEAT {datanodeUUID=b91667ad-dd07-438b-a2aa-20d994bbddf1, command=[]} | ret=SUCCESS |  
2019-08-29 23:18:49,951 | INFO  | SCMAudit | user=jenkins1000 | ip=192.168.5.176 | op=SEND_HEARTBEAT {datanodeUUID=fdf38f52-984e-464b-b063-6b40bc579090, command=[]} | ret=SUCCESS |  
2019-08-29 23:18:49,951 | INFO  | SCMAudit | user=jenkins1000 | ip=192.168.5.176 | op=SEND_HEARTBEAT {datanodeUUID=6fc9f5bf-9d19-4424-b095-dbd8051c5d1f, command=[]} | ret=SUCCESS |  
2019-08-29 23:18:49,954 | INFO  | SCMAudit | user=jenkins1000 | ip=192.168.5.176 | op=SEND_HEARTBEAT {datanodeUUID=7b8ea038-0abd-40f8-b5e6-235888bbf81b, command=[]} | ret=SUCCESS |  
2019-08-29 23:18:50,665 | INFO  | SCMAudit | user=jenkins1000 | ip=192.168.5.176 | op=SEND_HEARTBEAT {datanodeUUID=c28b6833-03f3-43d7-88dd-1eb93de0674c, command=[]} | ret=SUCCESS |  
2019-08-29 23:18:50,689 | INFO  | SCMAudit | user=jenkins1000 | ip=192.168.5.176 | op=SEND_HEARTBEAT {datanodeUUID=91c146c8-9622-4fdf-af50-459baf835861, command=[]} | ret=SUCCESS |  
2019-08-29 23:18:50,717 | INFO  | SCMAudit | user=jenkins1000 | ip=192.168.5.176 | op=SEND_HEARTBEAT {datanodeUUID=c2791d19-603b-4976-b3e9-7899a47ab15b, command=[]} | ret=SUCCESS |  
2019-08-29 23:18:50,951 | INFO  | SCMAudit | user=jenkins1000 | ip=192.168.5.176 | op=SEND_HEARTBEAT {datanodeUUID=b91667ad-dd07-438b-a2aa-20d994bbddf1, command=[]} | ret=SUCCESS |  
2019-08-29 23:18:50,951 | INFO  | SCMAudit | user=jenkins1000 | ip=192.168.5.176 | op=SEND_HEARTBEAT {datanodeUUID=fdf38f52-984e-464b-b063-6b40bc579090, command=[]} | ret=SUCCESS |  
2019-08-29 23:18:50,953 | INFO  | SCMAudit | user=jenkins1000 | ip=192.168.5.176 | op=SEND_HEARTBEAT {datanodeUUID=6fc9f5bf-9d19-4424-b095-dbd8051c5d1f, command=[]} | ret=SUCCESS |  
2019-08-29 23:18:50,954 | INFO  | SCMAudit | user=jenkins1000 | ip=192.168.5.176 | op=SEND_HEARTBEAT {datanodeUUID=7b8ea038-0abd-40f8-b5e6-235888bbf81b, command=[]} | ret=SUCCESS |  
2019-08-29 23:18:51,666 | INFO  | SCMAudit | user=jenkins1000 | ip=192.168.5.176 | op=SEND_HEARTBEAT {datanodeUUID=c28b6833-03f3-43d7-88dd-1eb93de0674c, command=[]} | ret=SUCCESS |  
2019-08-29 23:18:51,689 | INFO  | SCMAudit | user=jenkins1000 | ip=192.168.5.176 | op=SEND_HEARTBEAT {datanodeUUID=91c146c8-9622-4fdf-af50-459baf835861, command=[]} | ret=SUCCESS |  
2019-08-29 23:18:51,717 | INFO  | SCMAudit | user=jenkins1000 | ip=192.168.5.176 | op=SEND_HEARTBEAT {datanodeUUID=c2791d19-603b-4976-b3e9-7899a47ab15b, command=[]} | ret=SUCCESS |  
2019-08-29 23:18:51,952 | INFO  | SCMAudit | user=jenkins1000 | ip=192.168.5.176 | op=SEND_HEARTBEAT {datanodeUUID=fdf38f52-984e-464b-b063-6b40bc579090, command=[]} | ret=SUCCESS |  
2019-08-29 23:18:51,952 | INFO  | SCMAudit | user=jenkins1000 | ip=192.168.5.176 | op=SEND_HEARTBEAT {datanodeUUID=b91667ad-dd07-438b-a2aa-20d994bbddf1, command=[]} | ret=SUCCESS |  
2019-08-29 23:18:51,953 | INFO  | SCMAudit | user=jenkins1000 | ip=192.168.5.176 | op=SEND_HEARTBEAT {datanodeUUID=6fc9f5bf-9d19-4424-b095-dbd8051c5d1f, command=[]} | ret=SUCCESS |  
2019-08-29 23:18:51,954 | INFO  | SCMAudit | user=jenkins1000 | ip=192.168.5.176 | op=SEND_HEARTBEAT {datanodeUUID=7b8ea038-0abd-40f8-b5e6-235888bbf81b, command=[]} | ret=SUCCESS |  
2019-08-29 23:18:52,665 | INFO  | SCMAudit | user=jenkins1000 | ip=192.168.5.176 | op=SEND_HEARTBEAT {datanodeUUID=c28b6833-03f3-43d7-88dd-1eb93de0674c, command=[]} | ret=SUCCESS |  
2019-08-29 23:18:52,689 | INFO  | SCMAudit | user=jenkins1000 | ip=192.168.5.176 | op=SEND_HEARTBEAT {datanodeUUID=91c146c8-9622-4fdf-af50-459baf835861, command=[]} | ret=SUCCESS |  
2019-08-29 23:18:52,717 | INFO  | SCMAudit | user=jenkins1000 | ip=192.168.5.176 | op=SEND_HEARTBEAT {datanodeUUID=c2791d19-603b-4976-b3e9-7899a47ab15b, command=[]} | ret=SUCCESS |  
2019-08-29 23:18:52,951 | INFO  | SCMAudit | user=jenkins1000 | ip=192.168.5.176 | op=SEND_HEARTBEAT {datanodeUUID=b91667ad-dd07-438b-a2aa-20d994bbddf1, command=[]} | ret=SUCCESS |  
2019-08-29 23:18:52,952 | INFO  | SCMAudit | user=jenkins1000 | ip=192.168.5.176 | op=SEND_HEARTBEAT {datanodeUUID=fdf38f52-984e-464b-b063-6b40bc579090, command=[]} | ret=SUCCESS |  
2019-08-29 23:18:52,953 | INFO  | SCMAudit | user=jenkins1000 | ip=192.168.5.176 | op=SEND_HEARTBEAT {datanodeUUID=6fc9f5bf-9d19-4424-b095-dbd8051c5d1f, command=[]} | ret=SUCCESS |  
2019-08-29 23:18:52,953 | INFO  | SCMAudit | user=jenkins1000 | ip=192.168.5.176 | op=SEND_HEARTBEAT {datanodeUUID=7b8ea038-0abd-40f8-b5e6-235888bbf81b, command=[]} | ret=SUCCESS |  
2019-08-29 23:18:53,283 [grpc-default-executor-0] INFO  client.GrpcClientProtocolClient (GrpcClientProtocolClient.java:onNext(255)) - client-5CFC44E75E5D->91c146c8-9622-4fdf-af50-459baf835861: receive RaftClientReply:client-5CFC44E75E5D->91c146c8-9622-4fdf-af50-459baf835861@group-E13997D93674, cid=45, FAILED org.apache.ratis.protocol.NotLeaderException: Server 91c146c8-9622-4fdf-af50-459baf835861 is not the leader (c28b6833-03f3-43d7-88dd-1eb93de0674c:192.168.5.176:36768). Request must be sent to leader., logIndex=0, commits[91c146c8-9622-4fdf-af50-459baf835861:c8, c2791d19-603b-4976-b3e9-7899a47ab15b:c8, c28b6833-03f3-43d7-88dd-1eb93de0674c:c8]
2019-08-29 23:18:53,665 | INFO  | SCMAudit | user=jenkins1000 | ip=192.168.5.176 | op=SEND_HEARTBEAT {datanodeUUID=c28b6833-03f3-43d7-88dd-1eb93de0674c, command=[]} | ret=SUCCESS |  
2019-08-29 23:18:53,689 | INFO  | SCMAudit | user=jenkins1000 | ip=192.168.5.176 | op=SEND_HEARTBEAT {datanodeUUID=91c146c8-9622-4fdf-af50-459baf835861, command=[]} | ret=SUCCESS |  
2019-08-29 23:18:53,717 | INFO  | SCMAudit | user=jenkins1000 | ip=192.168.5.176 | op=SEND_HEARTBEAT {datanodeUUID=c2791d19-603b-4976-b3e9-7899a47ab15b, command=[]} | ret=SUCCESS |  
2019-08-29 23:18:53,951 | INFO  | SCMAudit | user=jenkins1000 | ip=192.168.5.176 | op=SEND_HEARTBEAT {datanodeUUID=b91667ad-dd07-438b-a2aa-20d994bbddf1, command=[]} | ret=SUCCESS |  
2019-08-29 23:18:53,952 | INFO  | SCMAudit | user=jenkins1000 | ip=192.168.5.176 | op=SEND_HEARTBEAT {datanodeUUID=fdf38f52-984e-464b-b063-6b40bc579090, command=[]} | ret=SUCCESS |  
2019-08-29 23:18:53,952 | INFO  | SCMAudit | user=jenkins1000 | ip=192.168.5.176 | op=SEND_HEARTBEAT {datanodeUUID=6fc9f5bf-9d19-4424-b095-dbd8051c5d1f, command=[]} | ret=SUCCESS |  
2019-08-29 23:18:53,954 | INFO  | SCMAudit | user=jenkins1000 | ip=192.168.5.176 | op=SEND_HEARTBEAT {datanodeUUID=7b8ea038-0abd-40f8-b5e6-235888bbf81b, command=[]} | ret=SUCCESS |  
2019-08-29 23:18:54,665 | INFO  | SCMAudit | user=jenkins1000 | ip=192.168.5.176 | op=SEND_HEARTBEAT {datanodeUUID=c28b6833-03f3-43d7-88dd-1eb93de0674c, command=[]} | ret=SUCCESS |  
2019-08-29 23:18:54,689 | INFO  | SCMAudit | user=jenkins1000 | ip=192.168.5.176 | op=SEND_HEARTBEAT {datanodeUUID=91c146c8-9622-4fdf-af50-459baf835861, command=[]} | ret=SUCCESS |  
2019-08-29 23:18:54,717 | INFO  | SCMAudit | user=jenkins1000 | ip=192.168.5.176 | op=SEND_HEARTBEAT {datanodeUUID=c2791d19-603b-4976-b3e9-7899a47ab15b, command=[]} | ret=SUCCESS |  
2019-08-29 23:18:54,951 | INFO  | SCMAudit | user=jenkins1000 | ip=192.168.5.176 | op=SEND_HEARTBEAT {datanodeUUID=b91667ad-dd07-438b-a2aa-20d994bbddf1, command=[]} | ret=SUCCESS |  
2019-08-29 23:18:54,951 | INFO  | SCMAudit | user=jenkins1000 | ip=192.168.5.176 | op=SEND_HEARTBEAT {datanodeUUID=fdf38f52-984e-464b-b063-6b40bc579090, command=[]} | ret=SUCCESS |  
2019-08-29 23:18:54,952 | INFO  | SCMAudit | user=jenkins1000 | ip=192.168.5.176 | op=SEND_HEARTBEAT {datanodeUUID=6fc9f5bf-9d19-4424-b095-dbd8051c5d1f, command=[]} | ret=SUCCESS |  
2019-08-29 23:18:54,954 | INFO  | SCMAudit | user=jenkins1000 | ip=192.168.5.176 | op=SEND_HEARTBEAT {datanodeUUID=7b8ea038-0abd-40f8-b5e6-235888bbf81b, command=[]} | ret=SUCCESS |  
2019-08-29 23:18:55,666 | INFO  | SCMAudit | user=jenkins1000 | ip=192.168.5.176 | op=SEND_HEARTBEAT {datanodeUUID=c28b6833-03f3-43d7-88dd-1eb93de0674c, command=[]} | ret=SUCCESS |  
2019-08-29 23:18:55,689 | INFO  | SCMAudit | user=jenkins1000 | ip=192.168.5.176 | op=SEND_HEARTBEAT {datanodeUUID=91c146c8-9622-4fdf-af50-459baf835861, command=[]} | ret=SUCCESS |  
2019-08-29 23:18:55,717 | INFO  | SCMAudit | user=jenkins1000 | ip=192.168.5.176 | op=SEND_HEARTBEAT {datanodeUUID=c2791d19-603b-4976-b3e9-7899a47ab15b, command=[]} | ret=SUCCESS |  
2019-08-29 23:18:55,951 | INFO  | SCMAudit | user=jenkins1000 | ip=192.168.5.176 | op=SEND_HEARTBEAT {datanodeUUID=b91667ad-dd07-438b-a2aa-20d994bbddf1, command=[]} | ret=SUCCESS |  
2019-08-29 23:18:55,951 | INFO  | SCMAudit | user=jenkins1000 | ip=192.168.5.176 | op=SEND_HEARTBEAT {datanodeUUID=fdf38f52-984e-464b-b063-6b40bc579090, command=[]} | ret=SUCCESS |  
2019-08-29 23:18:55,952 | INFO  | SCMAudit | user=jenkins1000 | ip=192.168.5.176 | op=SEND_HEARTBEAT {datanodeUUID=6fc9f5bf-9d19-4424-b095-dbd8051c5d1f, command=[]} | ret=SUCCESS |  
2019-08-29 23:18:55,954 | INFO  | SCMAudit | user=jenkins1000 | ip=192.168.5.176 | op=SEND_HEARTBEAT {datanodeUUID=7b8ea038-0abd-40f8-b5e6-235888bbf81b, command=[]} | ret=SUCCESS |  
2019-08-29 23:18:56,665 | INFO  | SCMAudit | user=jenkins1000 | ip=192.168.5.176 | op=SEND_HEARTBEAT {datanodeUUID=c28b6833-03f3-43d7-88dd-1eb93de0674c, command=[]} | ret=SUCCESS |  
2019-08-29 23:18:56,689 | INFO  | SCMAudit | user=jenkins1000 | ip=192.168.5.176 | op=SEND_HEARTBEAT {datanodeUUID=91c146c8-9622-4fdf-af50-459baf835861, command=[]} | ret=SUCCESS |  
2019-08-29 23:18:56,717 | INFO  | SCMAudit | user=jenkins1000 | ip=192.168.5.176 | op=SEND_HEARTBEAT {datanodeUUID=c2791d19-603b-4976-b3e9-7899a47ab15b, command=[]} | ret=SUCCESS |  
2019-08-29 23:18:56,951 | INFO  | SCMAudit | user=jenkins1000 | ip=192.168.5.176 | op=SEND_HEARTBEAT {datanodeUUID=b91667ad-dd07-438b-a2aa-20d994bbddf1, command=[]} | ret=SUCCESS |  
2019-08-29 23:18:56,952 | INFO  | SCMAudit | user=jenkins1000 | ip=192.168.5.176 | op=SEND_HEARTBEAT {datanodeUUID=fdf38f52-984e-464b-b063-6b40bc579090, command=[]} | ret=SUCCESS |  
2019-08-29 23:18:56,952 | INFO  | SCMAudit | user=jenkins1000 | ip=192.168.5.176 | op=SEND_HEARTBEAT {datanodeUUID=6fc9f5bf-9d19-4424-b095-dbd8051c5d1f, command=[]} | ret=SUCCESS |  
2019-08-29 23:18:56,954 | INFO  | SCMAudit | user=jenkins1000 | ip=192.168.5.176 | op=SEND_HEARTBEAT {datanodeUUID=7b8ea038-0abd-40f8-b5e6-235888bbf81b, command=[]} | ret=SUCCESS |  
2019-08-29 23:18:57,665 | INFO  | SCMAudit | user=jenkins1000 | ip=192.168.5.176 | op=SEND_HEARTBEAT {datanodeUUID=c28b6833-03f3-43d7-88dd-1eb93de0674c, command=[]} | ret=SUCCESS |  
2019-08-29 23:18:57,689 | INFO  | SCMAudit | user=jenkins1000 | ip=192.168.5.176 | op=SEND_HEARTBEAT {datanodeUUID=91c146c8-9622-4fdf-af50-459baf835861, command=[]} | ret=SUCCESS |  
2019-08-29 23:18:57,717 | INFO  | SCMAudit | user=jenkins1000 | ip=192.168.5.176 | op=SEND_HEARTBEAT {datanodeUUID=c2791d19-603b-4976-b3e9-7899a47ab15b, command=[]} | ret=SUCCESS |  
2019-08-29 23:18:57,951 | INFO  | SCMAudit | user=jenkins1000 | ip=192.168.5.176 | op=SEND_HEARTBEAT {datanodeUUID=b91667ad-dd07-438b-a2aa-20d994bbddf1, command=[]} | ret=SUCCESS |  
2019-08-29 23:18:57,952 | INFO  | SCMAudit | user=jenkins1000 | ip=192.168.5.176 | op=SEND_HEARTBEAT {datanodeUUID=fdf38f52-984e-464b-b063-6b40bc579090, command=[]} | ret=SUCCESS |  
2019-08-29 23:18:57,953 | INFO  | SCMAudit | user=jenkins1000 | ip=192.168.5.176 | op=SEND_HEARTBEAT {datanodeUUID=6fc9f5bf-9d19-4424-b095-dbd8051c5d1f, command=[]} | ret=SUCCESS |  
2019-08-29 23:18:57,954 | INFO  | SCMAudit | user=jenkins1000 | ip=192.168.5.176 | op=SEND_HEARTBEAT {datanodeUUID=7b8ea038-0abd-40f8-b5e6-235888bbf81b, command=[]} | ret=SUCCESS |  
2019-08-29 23:18:58,331 [grpc-default-executor-2] INFO  client.GrpcClientProtocolClient (GrpcClientProtocolClient.java:onNext(255)) - client-5CFC44E75E5D->91c146c8-9622-4fdf-af50-459baf835861: receive RaftClientReply:client-5CFC44E75E5D->91c146c8-9622-4fdf-af50-459baf835861@group-E13997D93674, cid=45, FAILED org.apache.ratis.protocol.NotLeaderException: Server 91c146c8-9622-4fdf-af50-459baf835861 is not the leader (c28b6833-03f3-43d7-88dd-1eb93de0674c:192.168.5.176:36768). Request must be sent to leader., logIndex=0, commits[91c146c8-9622-4fdf-af50-459baf835861:c8, c2791d19-603b-4976-b3e9-7899a47ab15b:c8, c28b6833-03f3-43d7-88dd-1eb93de0674c:c8]
2019-08-29 23:18:58,665 | INFO  | SCMAudit | user=jenkins1000 | ip=192.168.5.176 | op=SEND_HEARTBEAT {datanodeUUID=c28b6833-03f3-43d7-88dd-1eb93de0674c, command=[]} | ret=SUCCESS |  
2019-08-29 23:18:58,689 | INFO  | SCMAudit | user=jenkins1000 | ip=192.168.5.176 | op=SEND_HEARTBEAT {datanodeUUID=91c146c8-9622-4fdf-af50-459baf835861, command=[]} | ret=SUCCESS |  
2019-08-29 23:18:58,717 | INFO  | SCMAudit | user=jenkins1000 | ip=192.168.5.176 | op=SEND_HEARTBEAT {datanodeUUID=c2791d19-603b-4976-b3e9-7899a47ab15b, command=[]} | ret=SUCCESS |  
2019-08-29 23:18:58,952 | INFO  | SCMAudit | user=jenkins1000 | ip=192.168.5.176 | op=SEND_HEARTBEAT {datanodeUUID=b91667ad-dd07-438b-a2aa-20d994bbddf1, command=[]} | ret=SUCCESS |  
2019-08-29 23:18:58,952 | INFO  | SCMAudit | user=jenkins1000 | ip=192.168.5.176 | op=SEND_HEARTBEAT {datanodeUUID=fdf38f52-984e-464b-b063-6b40bc579090, command=[]} | ret=SUCCESS |  
2019-08-29 23:18:58,954 | INFO  | SCMAudit | user=jenkins1000 | ip=192.168.5.176 | op=SEND_HEARTBEAT {datanodeUUID=7b8ea038-0abd-40f8-b5e6-235888bbf81b, command=[]} | ret=SUCCESS |  
2019-08-29 23:18:58,954 | INFO  | SCMAudit | user=jenkins1000 | ip=192.168.5.176 | op=SEND_HEARTBEAT {datanodeUUID=6fc9f5bf-9d19-4424-b095-dbd8051c5d1f, command=[]} | ret=SUCCESS |  
2019-08-29 23:18:59,666 | INFO  | SCMAudit | user=jenkins1000 | ip=192.168.5.176 | op=SEND_HEARTBEAT {datanodeUUID=c28b6833-03f3-43d7-88dd-1eb93de0674c, command=[]} | ret=SUCCESS |  
2019-08-29 23:18:59,689 | INFO  | SCMAudit | user=jenkins1000 | ip=192.168.5.176 | op=SEND_HEARTBEAT {datanodeUUID=91c146c8-9622-4fdf-af50-459baf835861, command=[]} | ret=SUCCESS |  
2019-08-29 23:18:59,718 | INFO  | SCMAudit | user=jenkins1000 | ip=192.168.5.176 | op=SEND_HEARTBEAT {datanodeUUID=c2791d19-603b-4976-b3e9-7899a47ab15b, command=[]} | ret=SUCCESS |  
2019-08-29 23:18:59,952 | INFO  | SCMAudit | user=jenkins1000 | ip=192.168.5.176 | op=SEND_HEARTBEAT {datanodeUUID=b91667ad-dd07-438b-a2aa-20d994bbddf1, command=[]} | ret=SUCCESS |  
2019-08-29 23:18:59,953 | INFO  | SCMAudit | user=jenkins1000 | ip=192.168.5.176 | op=SEND_HEARTBEAT {datanodeUUID=fdf38f52-984e-464b-b063-6b40bc579090, command=[]} | ret=SUCCESS |  
2019-08-29 23:18:59,954 | INFO  | SCMAudit | user=jenkins1000 | ip=192.168.5.176 | op=SEND_HEARTBEAT {datanodeUUID=7b8ea038-0abd-40f8-b5e6-235888bbf81b, command=[]} | ret=SUCCESS |  
2019-08-29 23:18:59,955 | INFO  | SCMAudit | user=jenkins1000 | ip=192.168.5.176 | op=SEND_HEARTBEAT {datanodeUUID=6fc9f5bf-9d19-4424-b095-dbd8051c5d1f, command=[]} | ret=SUCCESS |  
2019-08-29 23:19:00,667 | INFO  | SCMAudit | user=jenkins1000 | ip=192.168.5.176 | op=SEND_HEARTBEAT {datanodeUUID=c28b6833-03f3-43d7-88dd-1eb93de0674c, command=[]} | ret=SUCCESS |  
2019-08-29 23:19:00,689 | INFO  | SCMAudit | user=jenkins1000 | ip=192.168.5.176 | op=SEND_HEARTBEAT {datanodeUUID=91c146c8-9622-4fdf-af50-459baf835861, command=[]} | ret=SUCCESS |  
2019-08-29 23:19:00,718 | INFO  | SCMAudit | user=jenkins1000 | ip=192.168.5.176 | op=SEND_HEARTBEAT {datanodeUUID=c2791d19-603b-4976-b3e9-7899a47ab15b, command=[]} | ret=SUCCESS |  
2019-08-29 23:19:00,952 | INFO  | SCMAudit | user=jenkins1000 | ip=192.168.5.176 | op=SEND_HEARTBEAT {datanodeUUID=fdf38f52-984e-464b-b063-6b40bc579090, command=[]} | ret=SUCCESS |  
2019-08-29 23:19:00,952 | INFO  | SCMAudit | user=jenkins1000 | ip=192.168.5.176 | op=SEND_HEARTBEAT {datanodeUUID=b91667ad-dd07-438b-a2aa-20d994bbddf1, command=[]} | ret=SUCCESS |  
2019-08-29 23:19:00,954 | INFO  | SCMAudit | user=jenkins1000 | ip=192.168.5.176 | op=SEND_HEARTBEAT {datanodeUUID=7b8ea038-0abd-40f8-b5e6-235888bbf81b, command=[]} | ret=SUCCESS |  
2019-08-29 23:19:00,954 | INFO  | SCMAudit | user=jenkins1000 | ip=192.168.5.176 | op=SEND_HEARTBEAT {datanodeUUID=6fc9f5bf-9d19-4424-b095-dbd8051c5d1f, command=[]} | ret=SUCCESS |  
2019-08-29 23:19:01,667 | INFO  | SCMAudit | user=jenkins1000 | ip=192.168.5.176 | op=SEND_HEARTBEAT {datanodeUUID=c28b6833-03f3-43d7-88dd-1eb93de0674c, command=[]} | ret=SUCCESS |  
2019-08-29 23:19:01,689 | INFO  | SCMAudit | user=jenkins1000 | ip=192.168.5.176 | op=SEND_HEARTBEAT {datanodeUUID=91c146c8-9622-4fdf-af50-459baf835861, command=[]} | ret=SUCCESS |  
2019-08-29 23:19:01,718 | INFO  | SCMAudit | user=jenkins1000 | ip=192.168.5.176 | op=SEND_HEARTBEAT {datanodeUUID=c2791d19-603b-4976-b3e9-7899a47ab15b, command=[]} | ret=SUCCESS |  
2019-08-29 23:19:01,952 | INFO  | SCMAudit | user=jenkins1000 | ip=192.168.5.176 | op=SEND_HEARTBEAT {datanodeUUID=fdf38f52-984e-464b-b063-6b40bc579090, command=[]} | ret=SUCCESS |  
2019-08-29 23:19:01,952 | INFO  | SCMAudit | user=jenkins1000 | ip=192.168.5.176 | op=SEND_HEARTBEAT {datanodeUUID=b91667ad-dd07-438b-a2aa-20d994bbddf1, command=[]} | ret=SUCCESS |  
2019-08-29 23:19:01,954 | INFO  | SCMAudit | user=jenkins1000 | ip=192.168.5.176 | op=SEND_HEARTBEAT {datanodeUUID=7b8ea038-0abd-40f8-b5e6-235888bbf81b, command=[]} | ret=SUCCESS |  
2019-08-29 23:19:01,955 | INFO  | SCMAudit | user=jenkins1000 | ip=192.168.5.176 | op=SEND_HEARTBEAT {datanodeUUID=6fc9f5bf-9d19-4424-b095-dbd8051c5d1f, command=[]} | ret=SUCCESS |  
2019-08-29 23:19:02,666 | INFO  | SCMAudit | user=jenkins1000 | ip=192.168.5.176 | op=SEND_HEARTBEAT {datanodeUUID=c28b6833-03f3-43d7-88dd-1eb93de0674c, command=[]} | ret=SUCCESS |  
2019-08-29 23:19:02,689 | INFO  | SCMAudit | user=jenkins1000 | ip=192.168.5.176 | op=SEND_HEARTBEAT {datanodeUUID=91c146c8-9622-4fdf-af50-459baf835861, command=[]} | ret=SUCCESS |  
2019-08-29 23:19:02,718 | INFO  | SCMAudit | user=jenkins1000 | ip=192.168.5.176 | op=SEND_HEARTBEAT {datanodeUUID=c2791d19-603b-4976-b3e9-7899a47ab15b, command=[]} | ret=SUCCESS |  
2019-08-29 23:19:02,953 | INFO  | SCMAudit | user=jenkins1000 | ip=192.168.5.176 | op=SEND_HEARTBEAT {datanodeUUID=fdf38f52-984e-464b-b063-6b40bc579090, command=[]} | ret=SUCCESS |  
2019-08-29 23:19:02,953 | INFO  | SCMAudit | user=jenkins1000 | ip=192.168.5.176 | op=SEND_HEARTBEAT {datanodeUUID=b91667ad-dd07-438b-a2aa-20d994bbddf1, command=[]} | ret=SUCCESS |  
2019-08-29 23:19:02,954 | INFO  | SCMAudit | user=jenkins1000 | ip=192.168.5.176 | op=SEND_HEARTBEAT {datanodeUUID=7b8ea038-0abd-40f8-b5e6-235888bbf81b, command=[]} | ret=SUCCESS |  
2019-08-29 23:19:02,955 | INFO  | SCMAudit | user=jenkins1000 | ip=192.168.5.176 | op=SEND_HEARTBEAT {datanodeUUID=6fc9f5bf-9d19-4424-b095-dbd8051c5d1f, command=[]} | ret=SUCCESS |  
2019-08-29 23:19:03,378 [grpc-default-executor-0] INFO  client.GrpcClientProtocolClient (GrpcClientProtocolClient.java:onNext(255)) - client-5CFC44E75E5D->91c146c8-9622-4fdf-af50-459baf835861: receive RaftClientReply:client-5CFC44E75E5D->91c146c8-9622-4fdf-af50-459baf835861@group-E13997D93674, cid=45, FAILED org.apache.ratis.protocol.NotLeaderException: Server 91c146c8-9622-4fdf-af50-459baf835861 is not the leader (c28b6833-03f3-43d7-88dd-1eb93de0674c:192.168.5.176:36768). Request must be sent to leader., logIndex=0, commits[91c146c8-9622-4fdf-af50-459baf835861:c8, c2791d19-603b-4976-b3e9-7899a47ab15b:c8, c28b6833-03f3-43d7-88dd-1eb93de0674c:c8]
2019-08-29 23:19:03,667 | INFO  | SCMAudit | user=jenkins1000 | ip=192.168.5.176 | op=SEND_HEARTBEAT {datanodeUUID=c28b6833-03f3-43d7-88dd-1eb93de0674c, command=[]} | ret=SUCCESS |  
2019-08-29 23:19:03,689 | INFO  | SCMAudit | user=jenkins1000 | ip=192.168.5.176 | op=SEND_HEARTBEAT {datanodeUUID=91c146c8-9622-4fdf-af50-459baf835861, command=[]} | ret=SUCCESS |  
2019-08-29 23:19:03,719 | INFO  | SCMAudit | user=jenkins1000 | ip=192.168.5.176 | op=SEND_HEARTBEAT {datanodeUUID=c2791d19-603b-4976-b3e9-7899a47ab15b, command=[]} | ret=SUCCESS |  
2019-08-29 23:19:03,952 | INFO  | SCMAudit | user=jenkins1000 | ip=192.168.5.176 | op=SEND_HEARTBEAT {datanodeUUID=fdf38f52-984e-464b-b063-6b40bc579090, command=[]} | ret=SUCCESS |  
2019-08-29 23:19:03,953 | INFO  | SCMAudit | user=jenkins1000 | ip=192.168.5.176 | op=SEND_HEARTBEAT {datanodeUUID=b91667ad-dd07-438b-a2aa-20d994bbddf1, command=[]} | ret=SUCCESS |  
2019-08-29 23:19:03,954 | INFO  | SCMAudit | user=jenkins1000 | ip=192.168.5.176 | op=SEND_HEARTBEAT {datanodeUUID=7b8ea038-0abd-40f8-b5e6-235888bbf81b, command=[]} | ret=SUCCESS |  
2019-08-29 23:19:03,955 | INFO  | SCMAudit | user=jenkins1000 | ip=192.168.5.176 | op=SEND_HEARTBEAT {datanodeUUID=6fc9f5bf-9d19-4424-b095-dbd8051c5d1f, command=[]} | ret=SUCCESS |  
2019-08-29 23:19:04,667 | INFO  | SCMAudit | user=jenkins1000 | ip=192.168.5.176 | op=SEND_HEARTBEAT {datanodeUUID=c28b6833-03f3-43d7-88dd-1eb93de0674c, command=[]} | ret=SUCCESS |  
2019-08-29 23:19:04,689 | INFO  | SCMAudit | user=jenkins1000 | ip=192.168.5.176 | op=SEND_HEARTBEAT {datanodeUUID=91c146c8-9622-4fdf-af50-459baf835861, command=[]} | ret=SUCCESS |  
2019-08-29 23:19:04,719 | INFO  | SCMAudit | user=jenkins1000 | ip=192.168.5.176 | op=SEND_HEARTBEAT {datanodeUUID=c2791d19-603b-4976-b3e9-7899a47ab15b, command=[]} | ret=SUCCESS |  
2019-08-29 23:19:04,952 | INFO  | SCMAudit | user=jenkins1000 | ip=192.168.5.176 | op=SEND_HEARTBEAT {datanodeUUID=fdf38f52-984e-464b-b063-6b40bc579090, command=[]} | ret=SUCCESS |  
2019-08-29 23:19:04,953 | INFO  | SCMAudit | user=jenkins1000 | ip=192.168.5.176 | op=SEND_HEARTBEAT {datanodeUUID=b91667ad-dd07-438b-a2aa-20d994bbddf1, command=[]} | ret=SUCCESS |  
2019-08-29 23:19:04,954 | INFO  | SCMAudit | user=jenkins1000 | ip=192.168.5.176 | op=SEND_HEARTBEAT {datanodeUUID=7b8ea038-0abd-40f8-b5e6-235888bbf81b, command=[]} | ret=SUCCESS |  
2019-08-29 23:19:04,955 | INFO  | SCMAudit | user=jenkins1000 | ip=192.168.5.176 | op=SEND_HEARTBEAT {datanodeUUID=6fc9f5bf-9d19-4424-b095-dbd8051c5d1f, command=[]} | ret=SUCCESS |  
2019-08-29 23:19:05,668 | INFO  | SCMAudit | user=jenkins1000 | ip=192.168.5.176 | op=SEND_HEARTBEAT {datanodeUUID=c28b6833-03f3-43d7-88dd-1eb93de0674c, command=[]} | ret=SUCCESS |  
2019-08-29 23:19:05,689 | INFO  | SCMAudit | user=jenkins1000 | ip=192.168.5.176 | op=SEND_HEARTBEAT {datanodeUUID=91c146c8-9622-4fdf-af50-459baf835861, command=[]} | ret=SUCCESS |  
2019-08-29 23:19:05,720 | INFO  | SCMAudit | user=jenkins1000 | ip=192.168.5.176 | op=SEND_HEARTBEAT {datanodeUUID=c2791d19-603b-4976-b3e9-7899a47ab15b, command=[]} | ret=SUCCESS |  
2019-08-29 23:19:05,952 | INFO  | SCMAudit | user=jenkins1000 | ip=192.168.5.176 | op=SEND_HEARTBEAT {datanodeUUID=fdf38f52-984e-464b-b063-6b40bc579090, command=[]} | ret=SUCCESS |  
2019-08-29 23:19:05,953 | INFO  | SCMAudit | user=jenkins1000 | ip=192.168.5.176 | op=SEND_HEARTBEAT {datanodeUUID=b91667ad-dd07-438b-a2aa-20d994bbddf1, command=[]} | ret=SUCCESS |  
2019-08-29 23:19:05,954 | INFO  | SCMAudit | user=jenkins1000 | ip=192.168.5.176 | op=SEND_HEARTBEAT {datanodeUUID=7b8ea038-0abd-40f8-b5e6-235888bbf81b, command=[]} | ret=SUCCESS |  
2019-08-29 23:19:05,954 | INFO  | SCMAudit | user=jenkins1000 | ip=192.168.5.176 | op=SEND_HEARTBEAT {datanodeUUID=6fc9f5bf-9d19-4424-b095-dbd8051c5d1f, command=[]} | ret=SUCCESS |  
2019-08-29 23:19:06,668 | INFO  | SCMAudit | user=jenkins1000 | ip=192.168.5.176 | op=SEND_HEARTBEAT {datanodeUUID=c28b6833-03f3-43d7-88dd-1eb93de0674c, command=[]} | ret=SUCCESS |  
2019-08-29 23:19:06,690 | INFO  | SCMAudit | user=jenkins1000 | ip=192.168.5.176 | op=SEND_HEARTBEAT {datanodeUUID=91c146c8-9622-4fdf-af50-459baf835861, command=[]} | ret=SUCCESS |  
2019-08-29 23:19:06,720 | INFO  | SCMAudit | user=jenkins1000 | ip=192.168.5.176 | op=SEND_HEARTBEAT {datanodeUUID=c2791d19-603b-4976-b3e9-7899a47ab15b, command=[]} | ret=SUCCESS |  
2019-08-29 23:19:06,729 [ReplicationMonitor] INFO  container.ReplicationManager (ReplicationManager.java:run(215)) - Replication Monitor Thread took 0 milliseconds for processing 3 containers.
2019-08-29 23:19:06,952 | INFO  | SCMAudit | user=jenkins1000 | ip=192.168.5.176 | op=SEND_HEARTBEAT {datanodeUUID=fdf38f52-984e-464b-b063-6b40bc579090, command=[]} | ret=SUCCESS |  
2019-08-29 23:19:06,953 | INFO  | SCMAudit | user=jenkins1000 | ip=192.168.5.176 | op=SEND_HEARTBEAT {datanodeUUID=b91667ad-dd07-438b-a2aa-20d994bbddf1, command=[]} | ret=SUCCESS |  
2019-08-29 23:19:06,954 | INFO  | SCMAudit | user=jenkins1000 | ip=192.168.5.176 | op=SEND_HEARTBEAT {datanodeUUID=7b8ea038-0abd-40f8-b5e6-235888bbf81b, command=[]} | ret=SUCCESS |  
2019-08-29 23:19:06,954 | INFO  | SCMAudit | user=jenkins1000 | ip=192.168.5.176 | op=SEND_HEARTBEAT {datanodeUUID=6fc9f5bf-9d19-4424-b095-dbd8051c5d1f, command=[]} | ret=SUCCESS |  
2019-08-29 23:19:07,668 | INFO  | SCMAudit | user=jenkins1000 | ip=192.168.5.176 | op=SEND_HEARTBEAT {datanodeUUID=c28b6833-03f3-43d7-88dd-1eb93de0674c, command=[]} | ret=SUCCESS |  
2019-08-29 23:19:07,690 | INFO  | SCMAudit | user=jenkins1000 | ip=192.168.5.176 | op=SEND_HEARTBEAT {datanodeUUID=91c146c8-9622-4fdf-af50-459baf835861, command=[]} | ret=SUCCESS |  
2019-08-29 23:19:07,720 | INFO  | SCMAudit | user=jenkins1000 | ip=192.168.5.176 | op=SEND_HEARTBEAT {datanodeUUID=c2791d19-603b-4976-b3e9-7899a47ab15b, command=[]} | ret=SUCCESS |  
2019-08-29 23:19:07,952 | INFO  | SCMAudit | user=jenkins1000 | ip=192.168.5.176 | op=SEND_HEARTBEAT {datanodeUUID=fdf38f52-984e-464b-b063-6b40bc579090, command=[]} | ret=SUCCESS |  
2019-08-29 23:19:07,952 | INFO  | SCMAudit | user=jenkins1000 | ip=192.168.5.176 | op=SEND_HEARTBEAT {datanodeUUID=b91667ad-dd07-438b-a2aa-20d994bbddf1, command=[]} | ret=SUCCESS |  
2019-08-29 23:19:07,954 | INFO  | SCMAudit | user=jenkins1000 | ip=192.168.5.176 | op=SEND_HEARTBEAT {datanodeUUID=7b8ea038-0abd-40f8-b5e6-235888bbf81b, command=[]} | ret=SUCCESS |  
2019-08-29 23:19:07,955 | INFO  | SCMAudit | user=jenkins1000 | ip=192.168.5.176 | op=SEND_HEARTBEAT {datanodeUUID=6fc9f5bf-9d19-4424-b095-dbd8051c5d1f, command=[]} | ret=SUCCESS |  
2019-08-29 23:19:08,414 [grpc-default-executor-2] INFO  client.GrpcClientProtocolClient (GrpcClientProtocolClient.java:onNext(255)) - client-5CFC44E75E5D->91c146c8-9622-4fdf-af50-459baf835861: receive RaftClientReply:client-5CFC44E75E5D->91c146c8-9622-4fdf-af50-459baf835861@group-E13997D93674, cid=45, FAILED org.apache.ratis.protocol.NotLeaderException: Server 91c146c8-9622-4fdf-af50-459baf835861 is not the leader (c28b6833-03f3-43d7-88dd-1eb93de0674c:192.168.5.176:36768). Request must be sent to leader., logIndex=0, commits[91c146c8-9622-4fdf-af50-459baf835861:c8, c2791d19-603b-4976-b3e9-7899a47ab15b:c8, c28b6833-03f3-43d7-88dd-1eb93de0674c:c8]
2019-08-29 23:19:08,668 | INFO  | SCMAudit | user=jenkins1000 | ip=192.168.5.176 | op=SEND_HEARTBEAT {datanodeUUID=c28b6833-03f3-43d7-88dd-1eb93de0674c, command=[]} | ret=SUCCESS |  
2019-08-29 23:19:08,690 | INFO  | SCMAudit | user=jenkins1000 | ip=192.168.5.176 | op=SEND_HEARTBEAT {datanodeUUID=91c146c8-9622-4fdf-af50-459baf835861, command=[]} | ret=SUCCESS |  
2019-08-29 23:19:08,720 | INFO  | SCMAudit | user=jenkins1000 | ip=192.168.5.176 | op=SEND_HEARTBEAT {datanodeUUID=c2791d19-603b-4976-b3e9-7899a47ab15b, command=[]} | ret=SUCCESS |  
2019-08-29 23:19:08,952 | INFO  | SCMAudit | user=jenkins1000 | ip=192.168.5.176 | op=SEND_HEARTBEAT {datanodeUUID=fdf38f52-984e-464b-b063-6b40bc579090, command=[]} | ret=SUCCESS |  
2019-08-29 23:19:08,953 | INFO  | SCMAudit | user=jenkins1000 | ip=192.168.5.176 | op=SEND_HEARTBEAT {datanodeUUID=b91667ad-dd07-438b-a2aa-20d994bbddf1, command=[]} | ret=SUCCESS |  
2019-08-29 23:19:08,954 | INFO  | SCMAudit | user=jenkins1000 | ip=192.168.5.176 | op=SEND_HEARTBEAT {datanodeUUID=7b8ea038-0abd-40f8-b5e6-235888bbf81b, command=[]} | ret=SUCCESS |  
2019-08-29 23:19:08,956 | INFO  | SCMAudit | user=jenkins1000 | ip=192.168.5.176 | op=SEND_HEARTBEAT {datanodeUUID=6fc9f5bf-9d19-4424-b095-dbd8051c5d1f, command=[]} | ret=SUCCESS |  
2019-08-29 23:19:09,668 | INFO  | SCMAudit | user=jenkins1000 | ip=192.168.5.176 | op=SEND_HEARTBEAT {datanodeUUID=c28b6833-03f3-43d7-88dd-1eb93de0674c, command=[]} | ret=SUCCESS |  
2019-08-29 23:19:09,690 | INFO  | SCMAudit | user=jenkins1000 | ip=192.168.5.176 | op=SEND_HEARTBEAT {datanodeUUID=91c146c8-9622-4fdf-af50-459baf835861, command=[]} | ret=SUCCESS |  
2019-08-29 23:19:09,721 | INFO  | SCMAudit | user=jenkins1000 | ip=192.168.5.176 | op=SEND_HEARTBEAT {datanodeUUID=c2791d19-603b-4976-b3e9-7899a47ab15b, command=[]} | ret=SUCCESS |  
2019-08-29 23:19:09,952 | INFO  | SCMAudit | user=jenkins1000 | ip=192.168.5.176 | op=SEND_HEARTBEAT {datanodeUUID=fdf38f52-984e-464b-b063-6b40bc579090, command=[]} | ret=SUCCESS |  
2019-08-29 23:19:09,953 | INFO  | SCMAudit | user=jenkins1000 | ip=192.168.5.176 | op=SEND_HEARTBEAT {datanodeUUID=b91667ad-dd07-438b-a2aa-20d994bbddf1, command=[]} | ret=SUCCESS |  
2019-08-29 23:19:09,954 | INFO  | SCMAudit | user=jenkins1000 | ip=192.168.5.176 | op=SEND_HEARTBEAT {datanodeUUID=7b8ea038-0abd-40f8-b5e6-235888bbf81b, command=[]} | ret=SUCCESS |  
2019-08-29 23:19:09,956 | INFO  | SCMAudit | user=jenkins1000 | ip=192.168.5.176 | op=SEND_HEARTBEAT {datanodeUUID=6fc9f5bf-9d19-4424-b095-dbd8051c5d1f, command=[]} | ret=SUCCESS |  
2019-08-29 23:19:10,668 | INFO  | SCMAudit | user=jenkins1000 | ip=192.168.5.176 | op=SEND_HEARTBEAT {datanodeUUID=c28b6833-03f3-43d7-88dd-1eb93de0674c, command=[]} | ret=SUCCESS |  
2019-08-29 23:19:10,690 | INFO  | SCMAudit | user=jenkins1000 | ip=192.168.5.176 | op=SEND_HEARTBEAT {datanodeUUID=91c146c8-9622-4fdf-af50-459baf835861, command=[]} | ret=SUCCESS |  
2019-08-29 23:19:10,720 | INFO  | SCMAudit | user=jenkins1000 | ip=192.168.5.176 | op=SEND_HEARTBEAT {datanodeUUID=c2791d19-603b-4976-b3e9-7899a47ab15b, command=[]} | ret=SUCCESS |  
2019-08-29 23:19:10,952 | INFO  | SCMAudit | user=jenkins1000 | ip=192.168.5.176 | op=SEND_HEARTBEAT {datanodeUUID=fdf38f52-984e-464b-b063-6b40bc579090, command=[]} | ret=SUCCESS |  
2019-08-29 23:19:10,954 | INFO  | SCMAudit | user=jenkins1000 | ip=192.168.5.176 | op=SEND_HEARTBEAT {datanodeUUID=b91667ad-dd07-438b-a2aa-20d994bbddf1, command=[]} | ret=SUCCESS |  
2019-08-29 23:19:10,954 | INFO  | SCMAudit | user=jenkins1000 | ip=192.168.5.176 | op=SEND_HEARTBEAT {datanodeUUID=7b8ea038-0abd-40f8-b5e6-235888bbf81b, command=[]} | ret=SUCCESS |  
2019-08-29 23:19:10,956 | INFO  | SCMAudit | user=jenkins1000 | ip=192.168.5.176 | op=SEND_HEARTBEAT {datanodeUUID=6fc9f5bf-9d19-4424-b095-dbd8051c5d1f, command=[]} | ret=SUCCESS |  
2019-08-29 23:19:11,669 | INFO  | SCMAudit | user=jenkins1000 | ip=192.168.5.176 | op=SEND_HEARTBEAT {datanodeUUID=c28b6833-03f3-43d7-88dd-1eb93de0674c, command=[]} | ret=SUCCESS |  
2019-08-29 23:19:11,690 | INFO  | SCMAudit | user=jenkins1000 | ip=192.168.5.176 | op=SEND_HEARTBEAT {datanodeUUID=91c146c8-9622-4fdf-af50-459baf835861, command=[]} | ret=SUCCESS |  
2019-08-29 23:19:11,720 | INFO  | SCMAudit | user=jenkins1000 | ip=192.168.5.176 | op=SEND_HEARTBEAT {datanodeUUID=c2791d19-603b-4976-b3e9-7899a47ab15b, command=[]} | ret=SUCCESS |  
2019-08-29 23:19:11,953 | INFO  | SCMAudit | user=jenkins1000 | ip=192.168.5.176 | op=SEND_HEARTBEAT {datanodeUUID=fdf38f52-984e-464b-b063-6b40bc579090, command=[]} | ret=SUCCESS |  
2019-08-29 23:19:11,954 | INFO  | SCMAudit | user=jenkins1000 | ip=192.168.5.176 | op=SEND_HEARTBEAT {datanodeUUID=b91667ad-dd07-438b-a2aa-20d994bbddf1, command=[]} | ret=SUCCESS |  
2019-08-29 23:19:11,954 | INFO  | SCMAudit | user=jenkins1000 | ip=192.168.5.176 | op=SEND_HEARTBEAT {datanodeUUID=7b8ea038-0abd-40f8-b5e6-235888bbf81b, command=[]} | ret=SUCCESS |  
2019-08-29 23:19:11,957 | INFO  | SCMAudit | user=jenkins1000 | ip=192.168.5.176 | op=SEND_HEARTBEAT {datanodeUUID=6fc9f5bf-9d19-4424-b095-dbd8051c5d1f, command=[]} | ret=SUCCESS |  
2019-08-29 23:19:12,669 | INFO  | SCMAudit | user=jenkins1000 | ip=192.168.5.176 | op=SEND_HEARTBEAT {datanodeUUID=c28b6833-03f3-43d7-88dd-1eb93de0674c, command=[]} | ret=SUCCESS |  
2019-08-29 23:19:12,690 | INFO  | SCMAudit | user=jenkins1000 | ip=192.168.5.176 | op=SEND_HEARTBEAT {datanodeUUID=91c146c8-9622-4fdf-af50-459baf835861, command=[]} | ret=SUCCESS |  
2019-08-29 23:19:12,720 | INFO  | SCMAudit | user=jenkins1000 | ip=192.168.5.176 | op=SEND_HEARTBEAT {datanodeUUID=c2791d19-603b-4976-b3e9-7899a47ab15b, command=[]} | ret=SUCCESS |  
2019-08-29 23:19:12,952 | INFO  | SCMAudit | user=jenkins1000 | ip=192.168.5.176 | op=SEND_HEARTBEAT {datanodeUUID=fdf38f52-984e-464b-b063-6b40bc579090, command=[]} | ret=SUCCESS |  
2019-08-29 23:19:12,954 | INFO  | SCMAudit | user=jenkins1000 | ip=192.168.5.176 | op=SEND_HEARTBEAT {datanodeUUID=7b8ea038-0abd-40f8-b5e6-235888bbf81b, command=[]} | ret=SUCCESS |  
2019-08-29 23:19:12,954 | INFO  | SCMAudit | user=jenkins1000 | ip=192.168.5.176 | op=SEND_HEARTBEAT {datanodeUUID=b91667ad-dd07-438b-a2aa-20d994bbddf1, command=[]} | ret=SUCCESS |  
2019-08-29 23:19:12,958 | INFO  | SCMAudit | user=jenkins1000 | ip=192.168.5.176 | op=SEND_HEARTBEAT {datanodeUUID=6fc9f5bf-9d19-4424-b095-dbd8051c5d1f, command=[]} | ret=SUCCESS |  
2019-08-29 23:19:13,454 [grpc-default-executor-2] INFO  client.GrpcClientProtocolClient (GrpcClientProtocolClient.java:onNext(255)) - client-5CFC44E75E5D->c2791d19-603b-4976-b3e9-7899a47ab15b: receive RaftClientReply:client-5CFC44E75E5D->c2791d19-603b-4976-b3e9-7899a47ab15b@group-E13997D93674, cid=45, FAILED org.apache.ratis.protocol.NotLeaderException: Server c2791d19-603b-4976-b3e9-7899a47ab15b is not the leader (c28b6833-03f3-43d7-88dd-1eb93de0674c:192.168.5.176:36768). Request must be sent to leader., logIndex=0, commits[c2791d19-603b-4976-b3e9-7899a47ab15b:c8, c28b6833-03f3-43d7-88dd-1eb93de0674c:c8, 91c146c8-9622-4fdf-af50-459baf835861:c8]
2019-08-29 23:19:13,468 [main] INFO  ozone.MiniOzoneClusterImpl (MiniOzoneClusterImpl.java:shutdown(307)) - Shutting down the Mini Ozone Cluster
2019-08-29 23:19:13,469 | INFO  | SCMAudit | user=null | ip=null | op=GET_SCM_INFO null | ret=SUCCESS |  
2019-08-29 23:19:13,469 [main] INFO  ozone.MiniOzoneClusterImpl (MiniOzoneClusterImpl.java:stop(322)) - Stopping the Mini Ozone Cluster
2019-08-29 23:19:13,469 [main] INFO  ozone.MiniOzoneClusterImpl (MiniOzoneClusterImpl.java:stop(324)) - Stopping the OzoneManager
2019-08-29 23:19:13,470 [main] INFO  ipc.Server (Server.java:stop(3082)) - Stopping server on 44978
2019-08-29 23:19:13,506 [IPC Server listener on 44978] INFO  ipc.Server (Server.java:run(1185)) - Stopping IPC Server listener on 44978
2019-08-29 23:19:13,506 [main] INFO  ratis.OzoneManagerDoubleBuffer (OzoneManagerDoubleBuffer.java:stop(248)) - Stopping OMDoubleBuffer flush thread
2019-08-29 23:19:13,509 [IPC Server Responder] INFO  ipc.Server (Server.java:run(1319)) - Stopping IPC Server Responder
2019-08-29 23:19:13,534 [OMDoubleBufferFlushThread] INFO  ratis.OzoneManagerDoubleBuffer (OzoneManagerDoubleBuffer.java:flushTransactions(191)) - OMDoubleBuffer flush thread OMDoubleBufferFlushThread is interrupted and will exit. OMDoubleBufferFlushThread
2019-08-29 23:19:13,535 [main] INFO  utils.BackgroundService (BackgroundService.java:shutdown(148)) - Shutting down service KeyDeletingService
2019-08-29 23:19:13,537 [main] INFO  handler.ContextHandler (ContextHandler.java:doStop(910)) - Stopped o.e.j.w.WebAppContext@798dad3d{/,null,UNAVAILABLE}{/ozoneManager}
2019-08-29 23:19:13,539 [main] INFO  server.AbstractConnector (AbstractConnector.java:doStop(318)) - Stopped ServerConnector@27abb6ca{HTTP/1.1,[http/1.1]}{0.0.0.0:0}
2019-08-29 23:19:13,539 [main] INFO  handler.ContextHandler (ContextHandler.java:doStop(910)) - Stopped o.e.j.s.ServletContextHandler@7efa3f63{/static,file:///workdir/hadoop-ozone/integration-test/target/test-classes/webapps/static,UNAVAILABLE}
2019-08-29 23:19:13,539 [main] INFO  handler.ContextHandler (ContextHandler.java:doStop(910)) - Stopped o.e.j.s.ServletContextHandler@30ec7d21{/logs,file:///workdir/hadoop-ozone/integration-test/target/log,UNAVAILABLE}
2019-08-29 23:19:13,543 [main] INFO  ozone.MiniOzoneClusterImpl (MiniOzoneClusterImpl.java:stop(330)) - Shutting the HddsDatanodes
2019-08-29 23:19:13,669 [Datanode State Machine Thread - 0] INFO  statemachine.DatanodeStateMachine (DatanodeStateMachine.java:lambda$startDaemon$0(350)) - Ozone container server started.
2019-08-29 23:19:13,691 | INFO  | SCMAudit | user=jenkins1000 | ip=192.168.5.176 | op=SEND_HEARTBEAT {datanodeUUID=91c146c8-9622-4fdf-af50-459baf835861, command=[]} | ret=SUCCESS |  
2019-08-29 23:19:13,720 | INFO  | SCMAudit | user=jenkins1000 | ip=192.168.5.176 | op=SEND_HEARTBEAT {datanodeUUID=c2791d19-603b-4976-b3e9-7899a47ab15b, command=[]} | ret=SUCCESS |  
2019-08-29 23:19:13,952 | INFO  | SCMAudit | user=jenkins1000 | ip=192.168.5.176 | op=SEND_HEARTBEAT {datanodeUUID=fdf38f52-984e-464b-b063-6b40bc579090, command=[]} | ret=SUCCESS |  
2019-08-29 23:19:13,953 [Datanode State Machine Thread - 0] INFO  statemachine.DatanodeStateMachine (DatanodeStateMachine.java:lambda$startDaemon$0(350)) - Ozone container server started.
2019-08-29 23:19:13,954 | INFO  | SCMAudit | user=jenkins1000 | ip=192.168.5.176 | op=SEND_HEARTBEAT {datanodeUUID=b91667ad-dd07-438b-a2aa-20d994bbddf1, command=[]} | ret=SUCCESS |  
2019-08-29 23:19:13,959 | INFO  | SCMAudit | user=jenkins1000 | ip=192.168.5.176 | op=SEND_HEARTBEAT {datanodeUUID=6fc9f5bf-9d19-4424-b095-dbd8051c5d1f, command=[]} | ret=SUCCESS |  
2019-08-29 23:19:14,690 | INFO  | SCMAudit | user=jenkins1000 | ip=192.168.5.176 | op=SEND_HEARTBEAT {datanodeUUID=91c146c8-9622-4fdf-af50-459baf835861, command=[]} | ret=SUCCESS |  
2019-08-29 23:19:14,721 | INFO  | SCMAudit | user=jenkins1000 | ip=192.168.5.176 | op=SEND_HEARTBEAT {datanodeUUID=c2791d19-603b-4976-b3e9-7899a47ab15b, command=[]} | ret=SUCCESS |  
2019-08-29 23:19:14,952 | INFO  | SCMAudit | user=jenkins1000 | ip=192.168.5.176 | op=SEND_HEARTBEAT {datanodeUUID=fdf38f52-984e-464b-b063-6b40bc579090, command=[]} | ret=SUCCESS |  
2019-08-29 23:19:14,954 | INFO  | SCMAudit | user=jenkins1000 | ip=192.168.5.176 | op=SEND_HEARTBEAT {datanodeUUID=b91667ad-dd07-438b-a2aa-20d994bbddf1, command=[]} | ret=SUCCESS |  
2019-08-29 23:19:14,959 | INFO  | SCMAudit | user=jenkins1000 | ip=192.168.5.176 | op=SEND_HEARTBEAT {datanodeUUID=6fc9f5bf-9d19-4424-b095-dbd8051c5d1f, command=[]} | ret=SUCCESS |  
2019-08-29 23:19:15,691 | INFO  | SCMAudit | user=jenkins1000 | ip=192.168.5.176 | op=SEND_HEARTBEAT {datanodeUUID=91c146c8-9622-4fdf-af50-459baf835861, command=[]} | ret=SUCCESS |  
2019-08-29 23:19:15,721 | INFO  | SCMAudit | user=jenkins1000 | ip=192.168.5.176 | op=SEND_HEARTBEAT {datanodeUUID=c2791d19-603b-4976-b3e9-7899a47ab15b, command=[]} | ret=SUCCESS |  
2019-08-29 23:19:15,952 | INFO  | SCMAudit | user=jenkins1000 | ip=192.168.5.176 | op=SEND_HEARTBEAT {datanodeUUID=fdf38f52-984e-464b-b063-6b40bc579090, command=[]} | ret=SUCCESS |  
2019-08-29 23:19:15,953 | INFO  | SCMAudit | user=jenkins1000 | ip=192.168.5.176 | op=SEND_HEARTBEAT {datanodeUUID=b91667ad-dd07-438b-a2aa-20d994bbddf1, command=[]} | ret=SUCCESS |  
2019-08-29 23:19:15,959 | INFO  | SCMAudit | user=jenkins1000 | ip=192.168.5.176 | op=SEND_HEARTBEAT {datanodeUUID=6fc9f5bf-9d19-4424-b095-dbd8051c5d1f, command=[]} | ret=SUCCESS |  
2019-08-29 23:19:16,691 | INFO  | SCMAudit | user=jenkins1000 | ip=192.168.5.176 | op=SEND_HEARTBEAT {datanodeUUID=91c146c8-9622-4fdf-af50-459baf835861, command=[]} | ret=SUCCESS |  
2019-08-29 23:19:16,721 | INFO  | SCMAudit | user=jenkins1000 | ip=192.168.5.176 | op=SEND_HEARTBEAT {datanodeUUID=c2791d19-603b-4976-b3e9-7899a47ab15b, command=[]} | ret=SUCCESS |  
2019-08-29 23:19:16,954 | INFO  | SCMAudit | user=jenkins1000 | ip=192.168.5.176 | op=SEND_HEARTBEAT {datanodeUUID=b91667ad-dd07-438b-a2aa-20d994bbddf1, command=[]} | ret=SUCCESS |  
2019-08-29 23:19:16,954 | INFO  | SCMAudit | user=jenkins1000 | ip=192.168.5.176 | op=SEND_HEARTBEAT {datanodeUUID=fdf38f52-984e-464b-b063-6b40bc579090, command=[]} | ret=SUCCESS |  
2019-08-29 23:19:16,959 | INFO  | SCMAudit | user=jenkins1000 | ip=192.168.5.176 | op=SEND_HEARTBEAT {datanodeUUID=6fc9f5bf-9d19-4424-b095-dbd8051c5d1f, command=[]} | ret=SUCCESS |  
2019-08-29 23:19:17,691 | INFO  | SCMAudit | user=jenkins1000 | ip=192.168.5.176 | op=SEND_HEARTBEAT {datanodeUUID=91c146c8-9622-4fdf-af50-459baf835861, command=[]} | ret=SUCCESS |  
2019-08-29 23:19:17,721 | INFO  | SCMAudit | user=jenkins1000 | ip=192.168.5.176 | op=SEND_HEARTBEAT {datanodeUUID=c2791d19-603b-4976-b3e9-7899a47ab15b, command=[]} | ret=SUCCESS |  
2019-08-29 23:19:17,954 | INFO  | SCMAudit | user=jenkins1000 | ip=192.168.5.176 | op=SEND_HEARTBEAT {datanodeUUID=b91667ad-dd07-438b-a2aa-20d994bbddf1, command=[]} | ret=SUCCESS |  
2019-08-29 23:19:17,954 | INFO  | SCMAudit | user=jenkins1000 | ip=192.168.5.176 | op=SEND_HEARTBEAT {datanodeUUID=fdf38f52-984e-464b-b063-6b40bc579090, command=[]} | ret=SUCCESS |  
2019-08-29 23:19:17,959 | INFO  | SCMAudit | user=jenkins1000 | ip=192.168.5.176 | op=SEND_HEARTBEAT {datanodeUUID=6fc9f5bf-9d19-4424-b095-dbd8051c5d1f, command=[]} | ret=SUCCESS |  
2019-08-29 23:19:18,545 [main] INFO  ozoneimpl.OzoneContainer (OzoneContainer.java:stop(215)) - Attempting to stop container services.
2019-08-29 23:19:18,545 [ForkJoinPool.commonPool-worker-1] INFO  ozoneimpl.OzoneContainer (OzoneContainer.java:stop(215)) - Attempting to stop container services.
2019-08-29 23:19:18,546 [main] INFO  impl.RaftServerProxy (RaftServerProxy.java:lambda$close$4(314)) - c28b6833-03f3-43d7-88dd-1eb93de0674c: close
2019-08-29 23:19:18,546 [ForkJoinPool.commonPool-worker-1] INFO  impl.RaftServerProxy (RaftServerProxy.java:lambda$close$4(314)) - 7b8ea038-0abd-40f8-b5e6-235888bbf81b: close
2019-08-29 23:19:18,546 [main] INFO  impl.RaftServerImpl (RaftServerImpl.java:lambda$shutdown$3(245)) - c28b6833-03f3-43d7-88dd-1eb93de0674c: shutdown group-E13997D93674
2019-08-29 23:19:18,547 [ForkJoinPool.commonPool-worker-1] INFO  impl.RaftServerImpl (RaftServerImpl.java:lambda$shutdown$3(245)) - 7b8ea038-0abd-40f8-b5e6-235888bbf81b: shutdown group-08AEBF30D454
2019-08-29 23:19:18,547 [main] INFO  util.JmxRegister (JmxRegister.java:unregister(73)) - Successfully un-registered JMX Bean with object name Ratis:service=RaftServer,group=group-E13997D93674,id=c28b6833-03f3-43d7-88dd-1eb93de0674c
2019-08-29 23:19:18,547 [ForkJoinPool.commonPool-worker-1] INFO  util.JmxRegister (JmxRegister.java:unregister(73)) - Successfully un-registered JMX Bean with object name Ratis:service=RaftServer,group=group-08AEBF30D454,id=7b8ea038-0abd-40f8-b5e6-235888bbf81b
2019-08-29 23:19:18,548 [main] INFO  impl.RoleInfo (RoleInfo.java:shutdownLeaderState(104)) - c28b6833-03f3-43d7-88dd-1eb93de0674c: shutdown LeaderState
2019-08-29 23:19:18,548 [ForkJoinPool.commonPool-worker-1] INFO  impl.RoleInfo (RoleInfo.java:shutdownLeaderState(104)) - 7b8ea038-0abd-40f8-b5e6-235888bbf81b: shutdown LeaderState
2019-08-29 23:19:18,554 [main] INFO  impl.PendingRequests (PendingRequests.java:sendNotLeaderResponses(202)) - c28b6833-03f3-43d7-88dd-1eb93de0674c-PendingRequests: sendNotLeaderResponses
2019-08-29 23:19:18,555 [org.apache.ratis.server.impl.LogAppender$AppenderDaemon$$Lambda$529/1499575974@67f83b6e] WARN  server.GrpcLogAppender (GrpcLogAppender.java:mayWait(143)) - GrpcLogAppender(c28b6833-03f3-43d7-88dd-1eb93de0674c->c2791d19-603b-4976-b3e9-7899a47ab15b): Wait interrupted by java.lang.InterruptedException
2019-08-29 23:19:18,555 [org.apache.ratis.server.impl.LogAppender$AppenderDaemon$$Lambda$529/1499575974@22fab9f5] WARN  server.GrpcLogAppender (GrpcLogAppender.java:mayWait(143)) - GrpcLogAppender(c28b6833-03f3-43d7-88dd-1eb93de0674c->91c146c8-9622-4fdf-af50-459baf835861): Wait interrupted by java.lang.InterruptedException
2019-08-29 23:19:18,555 [ForkJoinPool.commonPool-worker-1] INFO  impl.PendingRequests (PendingRequests.java:sendNotLeaderResponses(202)) - 7b8ea038-0abd-40f8-b5e6-235888bbf81b-PendingRequests: sendNotLeaderResponses
2019-08-29 23:19:18,558 [grpc-default-executor-2] INFO  server.GrpcServerProtocolService (GrpcServerProtocolService.java:onCompleted(104)) - 91c146c8-9622-4fdf-af50-459baf835861: appendEntries completed
2019-08-29 23:19:18,558 [grpc-default-executor-0] INFO  server.GrpcServerProtocolService (GrpcServerProtocolService.java:onCompleted(104)) - c2791d19-603b-4976-b3e9-7899a47ab15b: appendEntries completed
2019-08-29 23:19:18,563 [ForkJoinPool.commonPool-worker-1] INFO  impl.StateMachineUpdater (StateMachineUpdater.java:stopAndJoin(115)) - StateMachineUpdater:7b8ea038-0abd-40f8-b5e6-235888bbf81b:group-08AEBF30D454: set stopIndex = 0
2019-08-29 23:19:18,563 [main] INFO  impl.StateMachineUpdater (StateMachineUpdater.java:stopAndJoin(115)) - StateMachineUpdater:c28b6833-03f3-43d7-88dd-1eb93de0674c:group-E13997D93674: set stopIndex = 8
2019-08-29 23:19:18,564 [StateMachineUpdater:c28b6833-03f3-43d7-88dd-1eb93de0674c:group-E13997D93674] INFO  ratis.ContainerStateMachine (ContainerStateMachine.java:takeSnapshot(284)) - group-E13997D93674: Taking a snapshot at:(t:1, i:6) file /workdir/hadoop-ozone/integration-test/target/test-dir/MiniOzoneClusterImpl-dba45ac9-1770-4347-820b-e942d4b229ff/datanode-4/data/ratis/09ba0140-0ec9-4edc-97de-e13997d93674/sm/snapshot.1_6
2019-08-29 23:19:18,563 [ForkJoinPool.commonPool-worker-1] INFO  impl.RaftServerImpl (ServerState.java:close(394)) - 7b8ea038-0abd-40f8-b5e6-235888bbf81b:group-08AEBF30D454 closes. The last applied log index is 0
2019-08-29 23:19:18,563 [grpc-default-executor-0] INFO  server.GrpcLogAppender (GrpcLogAppender.java:onCompleted(292)) - c28b6833-03f3-43d7-88dd-1eb93de0674c->91c146c8-9622-4fdf-af50-459baf835861: follower responses appendEntries COMPLETED
2019-08-29 23:19:18,563 [grpc-default-executor-2] INFO  server.GrpcLogAppender (GrpcLogAppender.java:onCompleted(292)) - c28b6833-03f3-43d7-88dd-1eb93de0674c->c2791d19-603b-4976-b3e9-7899a47ab15b: follower responses appendEntries COMPLETED
2019-08-29 23:19:18,566 [7b8ea038-0abd-40f8-b5e6-235888bbf81b-SegmentedRaftLogWorker:Storage Directory /workdir/hadoop-ozone/integration-test/target/test-dir/MiniOzoneClusterImpl-dba45ac9-1770-4347-820b-e942d4b229ff/datanode-1/data/ratis/d2dddef1-e549-4f2f-97a3-08aebf30d454] INFO  segmented.SegmentedRaftLogWorker (SegmentedRaftLogWorker.java:run(313)) - 7b8ea038-0abd-40f8-b5e6-235888bbf81b-SegmentedRaftLogWorker:Storage Directory /workdir/hadoop-ozone/integration-test/target/test-dir/MiniOzoneClusterImpl-dba45ac9-1770-4347-820b-e942d4b229ff/datanode-1/data/ratis/d2dddef1-e549-4f2f-97a3-08aebf30d454 was interrupted, exiting. There are 0 tasks remaining in the queue.
2019-08-29 23:19:18,568 [grpc-default-executor-2] INFO  impl.FollowerInfo (FollowerInfo.java:lambda$new$0(50)) - c28b6833-03f3-43d7-88dd-1eb93de0674c->c2791d19-603b-4976-b3e9-7899a47ab15b: nextIndex: updateUnconditionally 9 -> 8
2019-08-29 23:19:18,568 [grpc-default-executor-0] INFO  impl.FollowerInfo (FollowerInfo.java:lambda$new$0(50)) - c28b6833-03f3-43d7-88dd-1eb93de0674c->91c146c8-9622-4fdf-af50-459baf835861: nextIndex: updateUnconditionally 9 -> 8
2019-08-29 23:19:18,575 [ForkJoinPool.commonPool-worker-1] INFO  segmented.SegmentedRaftLogWorker (SegmentedRaftLogWorker.java:close(228)) - 7b8ea038-0abd-40f8-b5e6-235888bbf81b-SegmentedRaftLogWorker:Storage Directory /workdir/hadoop-ozone/integration-test/target/test-dir/MiniOzoneClusterImpl-dba45ac9-1770-4347-820b-e942d4b229ff/datanode-1/data/ratis/d2dddef1-e549-4f2f-97a3-08aebf30d454 close()
2019-08-29 23:19:18,580 [StateMachineUpdater:c28b6833-03f3-43d7-88dd-1eb93de0674c:group-E13997D93674] INFO  ratis.ContainerStateMachine (ContainerStateMachine.java:takeSnapshot(295)) - group-E13997D93674: Finished taking a snapshot at:(t:1, i:6) file:/workdir/hadoop-ozone/integration-test/target/test-dir/MiniOzoneClusterImpl-dba45ac9-1770-4347-820b-e942d4b229ff/datanode-4/data/ratis/09ba0140-0ec9-4edc-97de-e13997d93674/sm/snapshot.1_6 time:17
2019-08-29 23:19:18,580 [ForkJoinPool.commonPool-worker-1] INFO  impl.RaftServerImpl (RaftServerImpl.java:lambda$shutdown$3(245)) - 7b8ea038-0abd-40f8-b5e6-235888bbf81b: shutdown group-5360576734D0
2019-08-29 23:19:18,580 [StateMachineUpdater:c28b6833-03f3-43d7-88dd-1eb93de0674c:group-E13997D93674] INFO  impl.StateMachineUpdater (StateMachineUpdater.java:takeSnapshot(242)) - StateMachineUpdater:c28b6833-03f3-43d7-88dd-1eb93de0674c:group-E13997D93674: Took a snapshot at index 6
2019-08-29 23:19:18,580 [ForkJoinPool.commonPool-worker-1] INFO  util.JmxRegister (JmxRegister.java:unregister(73)) - Successfully un-registered JMX Bean with object name Ratis:service=RaftServer,group=group-5360576734D0,id=7b8ea038-0abd-40f8-b5e6-235888bbf81b
2019-08-29 23:19:18,580 [StateMachineUpdater:c28b6833-03f3-43d7-88dd-1eb93de0674c:group-E13997D93674] INFO  impl.StateMachineUpdater (StateMachineUpdater.java:lambda$new$0(80)) - StateMachineUpdater:c28b6833-03f3-43d7-88dd-1eb93de0674c:group-E13997D93674: snapshotIndex: updateIncreasingly -1 -> 6
2019-08-29 23:19:18,581 [ForkJoinPool.commonPool-worker-1] INFO  impl.RoleInfo (RoleInfo.java:shutdownLeaderState(104)) - 7b8ea038-0abd-40f8-b5e6-235888bbf81b: shutdown LeaderState
2019-08-29 23:19:18,585 [org.apache.ratis.server.impl.LogAppender$AppenderDaemon$$Lambda$529/1499575974@73e24271] WARN  server.GrpcLogAppender (GrpcLogAppender.java:mayWait(143)) - GrpcLogAppender(7b8ea038-0abd-40f8-b5e6-235888bbf81b->fdf38f52-984e-464b-b063-6b40bc579090): Wait interrupted by java.lang.InterruptedException
2019-08-29 23:19:18,585 [ForkJoinPool.commonPool-worker-1] INFO  impl.PendingRequests (PendingRequests.java:sendNotLeaderResponses(202)) - 7b8ea038-0abd-40f8-b5e6-235888bbf81b-PendingRequests: sendNotLeaderResponses
2019-08-29 23:19:18,585 [org.apache.ratis.server.impl.LogAppender$AppenderDaemon$$Lambda$529/1499575974@36e0cac9] WARN  server.GrpcLogAppender (GrpcLogAppender.java:mayWait(143)) - GrpcLogAppender(7b8ea038-0abd-40f8-b5e6-235888bbf81b->6fc9f5bf-9d19-4424-b095-dbd8051c5d1f): Wait interrupted by java.lang.InterruptedException
2019-08-29 23:19:18,585 [ForkJoinPool.commonPool-worker-1] INFO  impl.StateMachineUpdater (StateMachineUpdater.java:stopAndJoin(115)) - StateMachineUpdater:7b8ea038-0abd-40f8-b5e6-235888bbf81b:group-5360576734D0: set stopIndex = 0
2019-08-29 23:19:18,586 [grpc-default-executor-2] INFO  server.GrpcServerProtocolService (GrpcServerProtocolService.java:onCompleted(104)) - 6fc9f5bf-9d19-4424-b095-dbd8051c5d1f: appendEntries completed
2019-08-29 23:19:18,585 [grpc-default-executor-0] INFO  server.GrpcServerProtocolService (GrpcServerProtocolService.java:onCompleted(104)) - fdf38f52-984e-464b-b063-6b40bc579090: appendEntries completed
2019-08-29 23:19:18,585 [main] INFO  impl.RaftServerImpl (ServerState.java:close(394)) - c28b6833-03f3-43d7-88dd-1eb93de0674c:group-E13997D93674 closes. The last applied log index is 8
2019-08-29 23:19:18,586 [grpc-default-executor-2] INFO  server.GrpcLogAppender (GrpcLogAppender.java:onCompleted(292)) - 7b8ea038-0abd-40f8-b5e6-235888bbf81b->fdf38f52-984e-464b-b063-6b40bc579090: follower responses appendEntries COMPLETED
2019-08-29 23:19:18,586 [grpc-default-executor-0] INFO  server.GrpcLogAppender (GrpcLogAppender.java:onCompleted(292)) - 7b8ea038-0abd-40f8-b5e6-235888bbf81b->6fc9f5bf-9d19-4424-b095-dbd8051c5d1f: follower responses appendEntries COMPLETED
2019-08-29 23:19:18,586 [ForkJoinPool.commonPool-worker-1] INFO  impl.RaftServerImpl (ServerState.java:close(394)) - 7b8ea038-0abd-40f8-b5e6-235888bbf81b:group-5360576734D0 closes. The last applied log index is 0
2019-08-29 23:19:18,591 [grpc-default-executor-0] INFO  impl.FollowerInfo (FollowerInfo.java:lambda$new$0(50)) - 7b8ea038-0abd-40f8-b5e6-235888bbf81b->6fc9f5bf-9d19-4424-b095-dbd8051c5d1f: nextIndex: updateUnconditionally 1 -> 0
2019-08-29 23:19:18,592 [7b8ea038-0abd-40f8-b5e6-235888bbf81b-SegmentedRaftLogWorker:Storage Directory /workdir/hadoop-ozone/integration-test/target/test-dir/MiniOzoneClusterImpl-dba45ac9-1770-4347-820b-e942d4b229ff/datanode-1/data/ratis/c0fbf511-ef20-4ac1-b244-5360576734d0] INFO  segmented.SegmentedRaftLogWorker (SegmentedRaftLogWorker.java:run(313)) - 7b8ea038-0abd-40f8-b5e6-235888bbf81b-SegmentedRaftLogWorker:Storage Directory /workdir/hadoop-ozone/integration-test/target/test-dir/MiniOzoneClusterImpl-dba45ac9-1770-4347-820b-e942d4b229ff/datanode-1/data/ratis/c0fbf511-ef20-4ac1-b244-5360576734d0 was interrupted, exiting. There are 0 tasks remaining in the queue.
2019-08-29 23:19:18,589 [grpc-default-executor-2] INFO  impl.FollowerInfo (FollowerInfo.java:lambda$new$0(50)) - 7b8ea038-0abd-40f8-b5e6-235888bbf81b->fdf38f52-984e-464b-b063-6b40bc579090: nextIndex: updateUnconditionally 1 -> 0
2019-08-29 23:19:18,589 [c28b6833-03f3-43d7-88dd-1eb93de0674c-SegmentedRaftLogWorker:Storage Directory /workdir/hadoop-ozone/integration-test/target/test-dir/MiniOzoneClusterImpl-dba45ac9-1770-4347-820b-e942d4b229ff/datanode-4/data/ratis/09ba0140-0ec9-4edc-97de-e13997d93674] INFO  segmented.SegmentedRaftLogWorker (SegmentedRaftLogWorker.java:run(313)) - c28b6833-03f3-43d7-88dd-1eb93de0674c-SegmentedRaftLogWorker:Storage Directory /workdir/hadoop-ozone/integration-test/target/test-dir/MiniOzoneClusterImpl-dba45ac9-1770-4347-820b-e942d4b229ff/datanode-4/data/ratis/09ba0140-0ec9-4edc-97de-e13997d93674 was interrupted, exiting. There are 0 tasks remaining in the queue.
2019-08-29 23:19:18,594 [ForkJoinPool.commonPool-worker-1] INFO  segmented.SegmentedRaftLogWorker (SegmentedRaftLogWorker.java:close(228)) - 7b8ea038-0abd-40f8-b5e6-235888bbf81b-SegmentedRaftLogWorker:Storage Directory /workdir/hadoop-ozone/integration-test/target/test-dir/MiniOzoneClusterImpl-dba45ac9-1770-4347-820b-e942d4b229ff/datanode-1/data/ratis/c0fbf511-ef20-4ac1-b244-5360576734d0 close()
2019-08-29 23:19:18,596 [main] INFO  segmented.SegmentedRaftLogWorker (SegmentedRaftLogWorker.java:close(228)) - c28b6833-03f3-43d7-88dd-1eb93de0674c-SegmentedRaftLogWorker:Storage Directory /workdir/hadoop-ozone/integration-test/target/test-dir/MiniOzoneClusterImpl-dba45ac9-1770-4347-820b-e942d4b229ff/datanode-4/data/ratis/09ba0140-0ec9-4edc-97de-e13997d93674 close()
2019-08-29 23:19:18,599 [ForkJoinPool.commonPool-worker-1] INFO  server.GrpcService (GrpcService.java:closeImpl(155)) - 7b8ea038-0abd-40f8-b5e6-235888bbf81b: shutdown server with port 39186 now
2019-08-29 23:19:18,603 [main] INFO  impl.RaftServerImpl (RaftServerImpl.java:lambda$shutdown$3(245)) - c28b6833-03f3-43d7-88dd-1eb93de0674c: shutdown group-659895E5233C
2019-08-29 23:19:18,603 [main] INFO  util.JmxRegister (JmxRegister.java:unregister(73)) - Successfully un-registered JMX Bean with object name Ratis:service=RaftServer,group=group-659895E5233C,id=c28b6833-03f3-43d7-88dd-1eb93de0674c
2019-08-29 23:19:18,604 [ForkJoinPool.commonPool-worker-1] INFO  server.GrpcService (GrpcService.java:closeImpl(163)) - 7b8ea038-0abd-40f8-b5e6-235888bbf81b: shutdown server with port 39186 successfully
2019-08-29 23:19:18,604 [main] INFO  impl.RoleInfo (RoleInfo.java:shutdownLeaderState(104)) - c28b6833-03f3-43d7-88dd-1eb93de0674c: shutdown LeaderState
2019-08-29 23:19:18,604 [main] INFO  impl.PendingRequests (PendingRequests.java:sendNotLeaderResponses(202)) - c28b6833-03f3-43d7-88dd-1eb93de0674c-PendingRequests: sendNotLeaderResponses
2019-08-29 23:19:18,605 [main] INFO  impl.StateMachineUpdater (StateMachineUpdater.java:stopAndJoin(115)) - StateMachineUpdater:c28b6833-03f3-43d7-88dd-1eb93de0674c:group-659895E5233C: set stopIndex = 0
2019-08-29 23:19:18,605 [main] INFO  impl.RaftServerImpl (ServerState.java:close(394)) - c28b6833-03f3-43d7-88dd-1eb93de0674c:group-659895E5233C closes. The last applied log index is 0
2019-08-29 23:19:18,606 [c28b6833-03f3-43d7-88dd-1eb93de0674c-SegmentedRaftLogWorker:Storage Directory /workdir/hadoop-ozone/integration-test/target/test-dir/MiniOzoneClusterImpl-dba45ac9-1770-4347-820b-e942d4b229ff/datanode-4/data/ratis/e7d305e7-a2ec-47c2-93d7-659895e5233c] INFO  segmented.SegmentedRaftLogWorker (SegmentedRaftLogWorker.java:run(313)) - c28b6833-03f3-43d7-88dd-1eb93de0674c-SegmentedRaftLogWorker:Storage Directory /workdir/hadoop-ozone/integration-test/target/test-dir/MiniOzoneClusterImpl-dba45ac9-1770-4347-820b-e942d4b229ff/datanode-4/data/ratis/e7d305e7-a2ec-47c2-93d7-659895e5233c was interrupted, exiting. There are 0 tasks remaining in the queue.
2019-08-29 23:19:18,608 [main] INFO  segmented.SegmentedRaftLogWorker (SegmentedRaftLogWorker.java:close(228)) - c28b6833-03f3-43d7-88dd-1eb93de0674c-SegmentedRaftLogWorker:Storage Directory /workdir/hadoop-ozone/integration-test/target/test-dir/MiniOzoneClusterImpl-dba45ac9-1770-4347-820b-e942d4b229ff/datanode-4/data/ratis/e7d305e7-a2ec-47c2-93d7-659895e5233c close()
2019-08-29 23:19:18,623 [main] INFO  server.GrpcService (GrpcService.java:closeImpl(155)) - c28b6833-03f3-43d7-88dd-1eb93de0674c: shutdown server with port 36768 now
2019-08-29 23:19:18,623 [main] INFO  server.GrpcService (GrpcService.java:closeImpl(163)) - c28b6833-03f3-43d7-88dd-1eb93de0674c: shutdown server with port 36768 successfully
2019-08-29 23:19:18,627 [refreshUsed-/workdir/hadoop-ozone/integration-test/target/test-dir/MiniOzoneClusterImpl-dba45ac9-1770-4347-820b-e942d4b229ff/datanode-1/data/containers] WARN  fs.CachingGetSpaceUsed (CachingGetSpaceUsed.java:run(183)) - Thread Interrupted waiting to refresh disk information: sleep interrupted
2019-08-29 23:19:18,633 [refreshUsed-/workdir/hadoop-ozone/integration-test/target/test-dir/MiniOzoneClusterImpl-dba45ac9-1770-4347-820b-e942d4b229ff/datanode-4/data/containers] WARN  fs.CachingGetSpaceUsed (CachingGetSpaceUsed.java:run(183)) - Thread Interrupted waiting to refresh disk information: sleep interrupted
2019-08-29 23:19:18,649 [main] INFO  utils.BackgroundService (BackgroundService.java:shutdown(148)) - Shutting down service BlockDeletingService
2019-08-29 23:19:18,649 [ForkJoinPool.commonPool-worker-1] INFO  utils.BackgroundService (BackgroundService.java:shutdown(148)) - Shutting down service BlockDeletingService
2019-08-29 23:19:18,657 [main] INFO  statemachine.DatanodeStateMachine (DatanodeStateMachine.java:stopDaemon(395)) - Ozone container server stopped.
2019-08-29 23:19:18,659 [ForkJoinPool.commonPool-worker-1] INFO  statemachine.DatanodeStateMachine (DatanodeStateMachine.java:stopDaemon(395)) - Ozone container server stopped.
2019-08-29 23:19:18,664 [ForkJoinPool.commonPool-worker-1] INFO  handler.ContextHandler (ContextHandler.java:doStop(910)) - Stopped o.e.j.w.WebAppContext@7af52ec7{/,null,UNAVAILABLE}{/hddsDatanode}
2019-08-29 23:19:18,664 [main] INFO  handler.ContextHandler (ContextHandler.java:doStop(910)) - Stopped o.e.j.w.WebAppContext@1ec22831{/,null,UNAVAILABLE}{/hddsDatanode}
2019-08-29 23:19:18,665 [ForkJoinPool.commonPool-worker-1] INFO  server.AbstractConnector (AbstractConnector.java:doStop(318)) - Stopped ServerConnector@77c1e611{HTTP/1.1,[http/1.1]}{0.0.0.0:0}
2019-08-29 23:19:18,666 [ForkJoinPool.commonPool-worker-1] INFO  handler.ContextHandler (ContextHandler.java:doStop(910)) - Stopped o.e.j.s.ServletContextHandler@27443560{/static,jar:file:/home/user/.m2/repository/org/apache/hadoop/hadoop-hdds-container-service/0.5.0-SNAPSHOT/hadoop-hdds-container-service-0.5.0-SNAPSHOT.jar!/webapps/static,UNAVAILABLE}
2019-08-29 23:19:18,666 [main] INFO  server.AbstractConnector (AbstractConnector.java:doStop(318)) - Stopped ServerConnector@63f855b{HTTP/1.1,[http/1.1]}{0.0.0.0:0}
2019-08-29 23:19:18,668 [ForkJoinPool.commonPool-worker-1] INFO  handler.ContextHandler (ContextHandler.java:doStop(910)) - Stopped o.e.j.s.ServletContextHandler@5649d11a{/logs,file:///workdir/hadoop-ozone/integration-test/target/log,UNAVAILABLE}
2019-08-29 23:19:18,668 [main] INFO  handler.ContextHandler (ContextHandler.java:doStop(910)) - Stopped o.e.j.s.ServletContextHandler@2b916808{/static,jar:file:/home/user/.m2/repository/org/apache/hadoop/hadoop-hdds-container-service/0.5.0-SNAPSHOT/hadoop-hdds-container-service-0.5.0-SNAPSHOT.jar!/webapps/static,UNAVAILABLE}
2019-08-29 23:19:18,669 [main] INFO  handler.ContextHandler (ContextHandler.java:doStop(910)) - Stopped o.e.j.s.ServletContextHandler@2d0b05{/logs,file:///workdir/hadoop-ozone/integration-test/target/log,UNAVAILABLE}
2019-08-29 23:19:18,691 | INFO  | SCMAudit | user=jenkins1000 | ip=192.168.5.176 | op=SEND_HEARTBEAT {datanodeUUID=91c146c8-9622-4fdf-af50-459baf835861, command=[]} | ret=SUCCESS |  
2019-08-29 23:19:18,721 | INFO  | SCMAudit | user=jenkins1000 | ip=192.168.5.176 | op=SEND_HEARTBEAT {datanodeUUID=c2791d19-603b-4976-b3e9-7899a47ab15b, command=[]} | ret=SUCCESS |  
2019-08-29 23:19:18,953 [Datanode State Machine Thread - 0] INFO  statemachine.DatanodeStateMachine (DatanodeStateMachine.java:lambda$startDaemon$0(350)) - Ozone container server started.
2019-08-29 23:19:18,953 [Datanode State Machine Thread - 0] INFO  statemachine.DatanodeStateMachine (DatanodeStateMachine.java:lambda$startDaemon$0(350)) - Ozone container server started.
2019-08-29 23:19:18,959 | INFO  | SCMAudit | user=jenkins1000 | ip=192.168.5.176 | op=SEND_HEARTBEAT {datanodeUUID=6fc9f5bf-9d19-4424-b095-dbd8051c5d1f, command=[]} | ret=SUCCESS |  
2019-08-29 23:19:19,691 | INFO  | SCMAudit | user=jenkins1000 | ip=192.168.5.176 | op=SEND_HEARTBEAT {datanodeUUID=91c146c8-9622-4fdf-af50-459baf835861, command=[]} | ret=SUCCESS |  
2019-08-29 23:19:19,722 | INFO  | SCMAudit | user=jenkins1000 | ip=192.168.5.176 | op=SEND_HEARTBEAT {datanodeUUID=c2791d19-603b-4976-b3e9-7899a47ab15b, command=[]} | ret=SUCCESS |  
2019-08-29 23:19:19,960 | INFO  | SCMAudit | user=jenkins1000 | ip=192.168.5.176 | op=SEND_HEARTBEAT {datanodeUUID=6fc9f5bf-9d19-4424-b095-dbd8051c5d1f, command=[]} | ret=SUCCESS |  
2019-08-29 23:19:20,692 | INFO  | SCMAudit | user=jenkins1000 | ip=192.168.5.176 | op=SEND_HEARTBEAT {datanodeUUID=91c146c8-9622-4fdf-af50-459baf835861, command=[]} | ret=SUCCESS |  
2019-08-29 23:19:20,723 | INFO  | SCMAudit | user=jenkins1000 | ip=192.168.5.176 | op=SEND_HEARTBEAT {datanodeUUID=c2791d19-603b-4976-b3e9-7899a47ab15b, command=[]} | ret=SUCCESS |  
2019-08-29 23:19:20,959 | INFO  | SCMAudit | user=jenkins1000 | ip=192.168.5.176 | op=SEND_HEARTBEAT {datanodeUUID=6fc9f5bf-9d19-4424-b095-dbd8051c5d1f, command=[]} | ret=SUCCESS |  
2019-08-29 23:19:21,692 | INFO  | SCMAudit | user=jenkins1000 | ip=192.168.5.176 | op=SEND_HEARTBEAT {datanodeUUID=91c146c8-9622-4fdf-af50-459baf835861, command=[]} | ret=SUCCESS |  
2019-08-29 23:19:21,723 | INFO  | SCMAudit | user=jenkins1000 | ip=192.168.5.176 | op=SEND_HEARTBEAT {datanodeUUID=c2791d19-603b-4976-b3e9-7899a47ab15b, command=[]} | ret=SUCCESS |  
2019-08-29 23:19:21,960 | INFO  | SCMAudit | user=jenkins1000 | ip=192.168.5.176 | op=SEND_HEARTBEAT {datanodeUUID=6fc9f5bf-9d19-4424-b095-dbd8051c5d1f, command=[]} | ret=SUCCESS |  
2019-08-29 23:19:22,692 | INFO  | SCMAudit | user=jenkins1000 | ip=192.168.5.176 | op=SEND_HEARTBEAT {datanodeUUID=91c146c8-9622-4fdf-af50-459baf835861, command=[]} | ret=SUCCESS |  
2019-08-29 23:19:22,723 | INFO  | SCMAudit | user=jenkins1000 | ip=192.168.5.176 | op=SEND_HEARTBEAT {datanodeUUID=c2791d19-603b-4976-b3e9-7899a47ab15b, command=[]} | ret=SUCCESS |  
2019-08-29 23:19:22,960 | INFO  | SCMAudit | user=jenkins1000 | ip=192.168.5.176 | op=SEND_HEARTBEAT {datanodeUUID=6fc9f5bf-9d19-4424-b095-dbd8051c5d1f, command=[]} | ret=SUCCESS |  
2019-08-29 23:19:23,670 [ForkJoinPool.commonPool-worker-1] INFO  ozoneimpl.OzoneContainer (OzoneContainer.java:stop(215)) - Attempting to stop container services.
2019-08-29 23:19:23,670 [ForkJoinPool.commonPool-worker-1] INFO  impl.RaftServerProxy (RaftServerProxy.java:lambda$close$4(314)) - fdf38f52-984e-464b-b063-6b40bc579090: close
2019-08-29 23:19:23,671 [ForkJoinPool.commonPool-worker-1] INFO  impl.RaftServerImpl (RaftServerImpl.java:lambda$shutdown$3(245)) - fdf38f52-984e-464b-b063-6b40bc579090: shutdown group-D309F68A00B5
2019-08-29 23:19:23,671 [main] INFO  ozoneimpl.OzoneContainer (OzoneContainer.java:stop(215)) - Attempting to stop container services.
2019-08-29 23:19:23,671 [ForkJoinPool.commonPool-worker-1] INFO  util.JmxRegister (JmxRegister.java:unregister(73)) - Successfully un-registered JMX Bean with object name Ratis:service=RaftServer,group=group-D309F68A00B5,id=fdf38f52-984e-464b-b063-6b40bc579090
2019-08-29 23:19:23,672 [main] INFO  impl.RaftServerProxy (RaftServerProxy.java:lambda$close$4(314)) - b91667ad-dd07-438b-a2aa-20d994bbddf1: close
2019-08-29 23:19:23,672 [ForkJoinPool.commonPool-worker-1] INFO  impl.RoleInfo (RoleInfo.java:shutdownLeaderState(104)) - fdf38f52-984e-464b-b063-6b40bc579090: shutdown LeaderState
2019-08-29 23:19:23,673 [main] INFO  impl.RaftServerImpl (RaftServerImpl.java:lambda$shutdown$3(245)) - b91667ad-dd07-438b-a2aa-20d994bbddf1: shutdown group-47EDBDE8EAA2
2019-08-29 23:19:23,673 [ForkJoinPool.commonPool-worker-1] INFO  impl.PendingRequests (PendingRequests.java:sendNotLeaderResponses(202)) - fdf38f52-984e-464b-b063-6b40bc579090-PendingRequests: sendNotLeaderResponses
2019-08-29 23:19:23,673 [main] INFO  util.JmxRegister (JmxRegister.java:unregister(73)) - Successfully un-registered JMX Bean with object name Ratis:service=RaftServer,group=group-47EDBDE8EAA2,id=b91667ad-dd07-438b-a2aa-20d994bbddf1
2019-08-29 23:19:23,674 [ForkJoinPool.commonPool-worker-1] INFO  impl.StateMachineUpdater (StateMachineUpdater.java:stopAndJoin(115)) - StateMachineUpdater:fdf38f52-984e-464b-b063-6b40bc579090:group-D309F68A00B5: set stopIndex = 0
2019-08-29 23:19:23,674 [ForkJoinPool.commonPool-worker-1] INFO  impl.RaftServerImpl (ServerState.java:close(394)) - fdf38f52-984e-464b-b063-6b40bc579090:group-D309F68A00B5 closes. The last applied log index is 0
2019-08-29 23:19:23,674 [main] INFO  impl.RoleInfo (RoleInfo.java:shutdownLeaderState(104)) - b91667ad-dd07-438b-a2aa-20d994bbddf1: shutdown LeaderState
2019-08-29 23:19:23,675 [fdf38f52-984e-464b-b063-6b40bc579090-SegmentedRaftLogWorker:Storage Directory /workdir/hadoop-ozone/integration-test/target/test-dir/MiniOzoneClusterImpl-dba45ac9-1770-4347-820b-e942d4b229ff/datanode-2/data/ratis/b10009f9-ccba-496d-ac1d-d309f68a00b5] INFO  segmented.SegmentedRaftLogWorker (SegmentedRaftLogWorker.java:run(313)) - fdf38f52-984e-464b-b063-6b40bc579090-SegmentedRaftLogWorker:Storage Directory /workdir/hadoop-ozone/integration-test/target/test-dir/MiniOzoneClusterImpl-dba45ac9-1770-4347-820b-e942d4b229ff/datanode-2/data/ratis/b10009f9-ccba-496d-ac1d-d309f68a00b5 was interrupted, exiting. There are 0 tasks remaining in the queue.
2019-08-29 23:19:23,675 [main] INFO  impl.PendingRequests (PendingRequests.java:sendNotLeaderResponses(202)) - b91667ad-dd07-438b-a2aa-20d994bbddf1-PendingRequests: sendNotLeaderResponses
2019-08-29 23:19:23,677 [ForkJoinPool.commonPool-worker-1] INFO  segmented.SegmentedRaftLogWorker (SegmentedRaftLogWorker.java:close(228)) - fdf38f52-984e-464b-b063-6b40bc579090-SegmentedRaftLogWorker:Storage Directory /workdir/hadoop-ozone/integration-test/target/test-dir/MiniOzoneClusterImpl-dba45ac9-1770-4347-820b-e942d4b229ff/datanode-2/data/ratis/b10009f9-ccba-496d-ac1d-d309f68a00b5 close()
2019-08-29 23:19:23,677 [main] INFO  impl.StateMachineUpdater (StateMachineUpdater.java:stopAndJoin(115)) - StateMachineUpdater:b91667ad-dd07-438b-a2aa-20d994bbddf1:group-47EDBDE8EAA2: set stopIndex = 0
2019-08-29 23:19:23,679 [ForkJoinPool.commonPool-worker-1] INFO  impl.RaftServerImpl (RaftServerImpl.java:lambda$shutdown$3(245)) - fdf38f52-984e-464b-b063-6b40bc579090: shutdown group-5360576734D0
2019-08-29 23:19:23,679 [main] INFO  impl.RaftServerImpl (ServerState.java:close(394)) - b91667ad-dd07-438b-a2aa-20d994bbddf1:group-47EDBDE8EAA2 closes. The last applied log index is 0
2019-08-29 23:19:23,680 [ForkJoinPool.commonPool-worker-1] INFO  util.JmxRegister (JmxRegister.java:unregister(73)) - Successfully un-registered JMX Bean with object name Ratis:service=RaftServer,group=group-5360576734D0,id=fdf38f52-984e-464b-b063-6b40bc579090
2019-08-29 23:19:23,680 [b91667ad-dd07-438b-a2aa-20d994bbddf1-SegmentedRaftLogWorker:Storage Directory /workdir/hadoop-ozone/integration-test/target/test-dir/MiniOzoneClusterImpl-dba45ac9-1770-4347-820b-e942d4b229ff/datanode-3/data/ratis/ffd2a7ad-8442-45eb-8404-47edbde8eaa2] INFO  segmented.SegmentedRaftLogWorker (SegmentedRaftLogWorker.java:run(313)) - b91667ad-dd07-438b-a2aa-20d994bbddf1-SegmentedRaftLogWorker:Storage Directory /workdir/hadoop-ozone/integration-test/target/test-dir/MiniOzoneClusterImpl-dba45ac9-1770-4347-820b-e942d4b229ff/datanode-3/data/ratis/ffd2a7ad-8442-45eb-8404-47edbde8eaa2 was interrupted, exiting. There are 0 tasks remaining in the queue.
2019-08-29 23:19:23,680 [ForkJoinPool.commonPool-worker-1] INFO  impl.RoleInfo (RoleInfo.java:shutdownFollowerState(121)) - fdf38f52-984e-464b-b063-6b40bc579090: shutdown FollowerState
2019-08-29 23:19:23,682 [main] INFO  segmented.SegmentedRaftLogWorker (SegmentedRaftLogWorker.java:close(228)) - b91667ad-dd07-438b-a2aa-20d994bbddf1-SegmentedRaftLogWorker:Storage Directory /workdir/hadoop-ozone/integration-test/target/test-dir/MiniOzoneClusterImpl-dba45ac9-1770-4347-820b-e942d4b229ff/datanode-3/data/ratis/ffd2a7ad-8442-45eb-8404-47edbde8eaa2 close()
2019-08-29 23:19:23,683 [Thread-826] INFO  impl.FollowerState (FollowerState.java:run(114)) - fdf38f52-984e-464b-b063-6b40bc579090: FollowerState was interrupted: java.lang.InterruptedException: sleep interrupted
2019-08-29 23:19:23,682 [ForkJoinPool.commonPool-worker-1] INFO  impl.StateMachineUpdater (StateMachineUpdater.java:stopAndJoin(115)) - StateMachineUpdater:fdf38f52-984e-464b-b063-6b40bc579090:group-5360576734D0: set stopIndex = 0
2019-08-29 23:19:23,685 [main] INFO  server.GrpcService (GrpcService.java:closeImpl(155)) - b91667ad-dd07-438b-a2aa-20d994bbddf1: shutdown server with port 41503 now
2019-08-29 23:19:23,687 [ForkJoinPool.commonPool-worker-1] INFO  impl.RaftServerImpl (ServerState.java:close(394)) - fdf38f52-984e-464b-b063-6b40bc579090:group-5360576734D0 closes. The last applied log index is 0
2019-08-29 23:19:23,698 [main] INFO  server.GrpcService (GrpcService.java:closeImpl(163)) - b91667ad-dd07-438b-a2aa-20d994bbddf1: shutdown server with port 41503 successfully
2019-08-29 23:19:23,699 | INFO  | SCMAudit | user=jenkins1000 | ip=192.168.5.176 | op=SEND_HEARTBEAT {datanodeUUID=91c146c8-9622-4fdf-af50-459baf835861, command=[]} | ret=SUCCESS |  
2019-08-29 23:19:23,699 [fdf38f52-984e-464b-b063-6b40bc579090-SegmentedRaftLogWorker:Storage Directory /workdir/hadoop-ozone/integration-test/target/test-dir/MiniOzoneClusterImpl-dba45ac9-1770-4347-820b-e942d4b229ff/datanode-2/data/ratis/c0fbf511-ef20-4ac1-b244-5360576734d0] INFO  segmented.SegmentedRaftLogWorker (SegmentedRaftLogWorker.java:run(313)) - fdf38f52-984e-464b-b063-6b40bc579090-SegmentedRaftLogWorker:Storage Directory /workdir/hadoop-ozone/integration-test/target/test-dir/MiniOzoneClusterImpl-dba45ac9-1770-4347-820b-e942d4b229ff/datanode-2/data/ratis/c0fbf511-ef20-4ac1-b244-5360576734d0 was interrupted, exiting. There are 0 tasks remaining in the queue.
2019-08-29 23:19:23,701 [ForkJoinPool.commonPool-worker-1] INFO  segmented.SegmentedRaftLogWorker (SegmentedRaftLogWorker.java:close(228)) - fdf38f52-984e-464b-b063-6b40bc579090-SegmentedRaftLogWorker:Storage Directory /workdir/hadoop-ozone/integration-test/target/test-dir/MiniOzoneClusterImpl-dba45ac9-1770-4347-820b-e942d4b229ff/datanode-2/data/ratis/c0fbf511-ef20-4ac1-b244-5360576734d0 close()
2019-08-29 23:19:23,703 [ForkJoinPool.commonPool-worker-1] INFO  server.GrpcService (GrpcService.java:closeImpl(155)) - fdf38f52-984e-464b-b063-6b40bc579090: shutdown server with port 35543 now
2019-08-29 23:19:23,707 [ForkJoinPool.commonPool-worker-1] INFO  server.GrpcService (GrpcService.java:closeImpl(163)) - fdf38f52-984e-464b-b063-6b40bc579090: shutdown server with port 35543 successfully
2019-08-29 23:19:23,708 [refreshUsed-/workdir/hadoop-ozone/integration-test/target/test-dir/MiniOzoneClusterImpl-dba45ac9-1770-4347-820b-e942d4b229ff/datanode-3/data/containers] WARN  fs.CachingGetSpaceUsed (CachingGetSpaceUsed.java:run(183)) - Thread Interrupted waiting to refresh disk information: sleep interrupted
2019-08-29 23:19:23,713 [refreshUsed-/workdir/hadoop-ozone/integration-test/target/test-dir/MiniOzoneClusterImpl-dba45ac9-1770-4347-820b-e942d4b229ff/datanode-2/data/containers] WARN  fs.CachingGetSpaceUsed (CachingGetSpaceUsed.java:run(183)) - Thread Interrupted waiting to refresh disk information: sleep interrupted
2019-08-29 23:19:23,723 | INFO  | SCMAudit | user=jenkins1000 | ip=192.168.5.176 | op=SEND_HEARTBEAT {datanodeUUID=c2791d19-603b-4976-b3e9-7899a47ab15b, command=[]} | ret=SUCCESS |  
2019-08-29 23:19:23,730 [main] INFO  utils.BackgroundService (BackgroundService.java:shutdown(148)) - Shutting down service BlockDeletingService
2019-08-29 23:19:23,735 [main] INFO  statemachine.DatanodeStateMachine (DatanodeStateMachine.java:stopDaemon(395)) - Ozone container server stopped.
2019-08-29 23:19:23,736 [main] INFO  handler.ContextHandler (ContextHandler.java:doStop(910)) - Stopped o.e.j.w.WebAppContext@5ad1904f{/,null,UNAVAILABLE}{/hddsDatanode}
2019-08-29 23:19:23,737 [main] INFO  server.AbstractConnector (AbstractConnector.java:doStop(318)) - Stopped ServerConnector@a146b11{HTTP/1.1,[http/1.1]}{0.0.0.0:0}
2019-08-29 23:19:23,737 [main] INFO  handler.ContextHandler (ContextHandler.java:doStop(910)) - Stopped o.e.j.s.ServletContextHandler@568750b7{/static,jar:file:/home/user/.m2/repository/org/apache/hadoop/hadoop-hdds-container-service/0.5.0-SNAPSHOT/hadoop-hdds-container-service-0.5.0-SNAPSHOT.jar!/webapps/static,UNAVAILABLE}
2019-08-29 23:19:23,738 [main] INFO  handler.ContextHandler (ContextHandler.java:doStop(910)) - Stopped o.e.j.s.ServletContextHandler@dd4aec3{/logs,file:///workdir/hadoop-ozone/integration-test/target/log,UNAVAILABLE}
2019-08-29 23:19:23,739 [ForkJoinPool.commonPool-worker-1] INFO  utils.BackgroundService (BackgroundService.java:shutdown(148)) - Shutting down service BlockDeletingService
2019-08-29 23:19:23,743 [ForkJoinPool.commonPool-worker-1] INFO  statemachine.DatanodeStateMachine (DatanodeStateMachine.java:stopDaemon(395)) - Ozone container server stopped.
2019-08-29 23:19:23,746 [ForkJoinPool.commonPool-worker-1] INFO  handler.ContextHandler (ContextHandler.java:doStop(910)) - Stopped o.e.j.w.WebAppContext@ebda593{/,null,UNAVAILABLE}{/hddsDatanode}
2019-08-29 23:19:23,747 [ForkJoinPool.commonPool-worker-1] INFO  server.AbstractConnector (AbstractConnector.java:doStop(318)) - Stopped ServerConnector@5792c08c{HTTP/1.1,[http/1.1]}{0.0.0.0:0}
2019-08-29 23:19:23,748 [ForkJoinPool.commonPool-worker-1] INFO  handler.ContextHandler (ContextHandler.java:doStop(910)) - Stopped o.e.j.s.ServletContextHandler@fe87ddd{/static,jar:file:/home/user/.m2/repository/org/apache/hadoop/hadoop-hdds-container-service/0.5.0-SNAPSHOT/hadoop-hdds-container-service-0.5.0-SNAPSHOT.jar!/webapps/static,UNAVAILABLE}
2019-08-29 23:19:23,749 [ForkJoinPool.commonPool-worker-1] INFO  handler.ContextHandler (ContextHandler.java:doStop(910)) - Stopped o.e.j.s.ServletContextHandler@79696332{/logs,file:///workdir/hadoop-ozone/integration-test/target/log,UNAVAILABLE}
2019-08-29 23:19:23,959 [Datanode State Machine Thread - 0] INFO  statemachine.DatanodeStateMachine (DatanodeStateMachine.java:lambda$startDaemon$0(350)) - Ozone container server started.
2019-08-29 23:19:24,675 [Thread-827] INFO  impl.FollowerState (FollowerState.java:run(106)) - 6fc9f5bf-9d19-4424-b095-dbd8051c5d1f:group-5360576734D0 changes to CANDIDATE, lastRpcTime:7422, electionTimeout:5018ms
2019-08-29 23:19:24,676 [Thread-827] INFO  impl.RoleInfo (RoleInfo.java:shutdownFollowerState(121)) - 6fc9f5bf-9d19-4424-b095-dbd8051c5d1f: shutdown FollowerState
2019-08-29 23:19:24,676 [Thread-827] INFO  impl.RaftServerImpl (RaftServerImpl.java:setRole(171)) - 6fc9f5bf-9d19-4424-b095-dbd8051c5d1f:group-5360576734D0 changes role from FOLLOWER to CANDIDATE at term 2 for changeToCandidate
2019-08-29 23:19:24,676 [Thread-827] INFO  impl.RoleInfo (RoleInfo.java:updateAndGet(143)) - 6fc9f5bf-9d19-4424-b095-dbd8051c5d1f: start LeaderElection
2019-08-29 23:19:24,680 [6fc9f5bf-9d19-4424-b095-dbd8051c5d1f:group-5360576734D0:LeaderElection27] INFO  impl.RaftServerImpl (ServerState.java:setLeader(263)) - 6fc9f5bf-9d19-4424-b095-dbd8051c5d1f:group-5360576734D0 change Leader from 7b8ea038-0abd-40f8-b5e6-235888bbf81b to null at term 2 for initElection
2019-08-29 23:19:24,699 [Datanode State Machine Thread - 0] INFO  statemachine.DatanodeStateMachine (DatanodeStateMachine.java:lambda$startDaemon$0(350)) - Ozone container server started.
2019-08-29 23:19:24,706 [6fc9f5bf-9d19-4424-b095-dbd8051c5d1f:group-5360576734D0:LeaderElection27] INFO  impl.LeaderElection (LeaderElection.java:askForVotes(181)) - 6fc9f5bf-9d19-4424-b095-dbd8051c5d1f:group-5360576734D0:LeaderElection27: begin an election at term 3 for 0: [6fc9f5bf-9d19-4424-b095-dbd8051c5d1f:192.168.5.176:36413, 7b8ea038-0abd-40f8-b5e6-235888bbf81b:192.168.5.176:39186, fdf38f52-984e-464b-b063-6b40bc579090:192.168.5.176:35543], old=null
2019-08-29 23:19:24,717 [6fc9f5bf-9d19-4424-b095-dbd8051c5d1f:group-5360576734D0:LeaderElection27] INFO  impl.LeaderElection (LogUtils.java:infoOrTrace(149)) - 6fc9f5bf-9d19-4424-b095-dbd8051c5d1f:group-5360576734D0:LeaderElection27 got exception when requesting votes: {}
java.util.concurrent.ExecutionException: org.apache.ratis.thirdparty.io.grpc.StatusRuntimeException: UNAVAILABLE: io exception
	at java.util.concurrent.FutureTask.report(FutureTask.java:122)
	at java.util.concurrent.FutureTask.get(FutureTask.java:192)
	at org.apache.ratis.server.impl.LeaderElection.waitForResults(LeaderElection.java:262)
	at org.apache.ratis.server.impl.LeaderElection.askForVotes(LeaderElection.java:200)
	at org.apache.ratis.server.impl.LeaderElection.run(LeaderElection.java:130)
	at java.lang.Thread.run(Thread.java:748)
Caused by: org.apache.ratis.thirdparty.io.grpc.StatusRuntimeException: UNAVAILABLE: io exception
	at org.apache.ratis.thirdparty.io.grpc.stub.ClientCalls.toStatusRuntimeException(ClientCalls.java:233)
	at org.apache.ratis.thirdparty.io.grpc.stub.ClientCalls.getUnchecked(ClientCalls.java:214)
	at org.apache.ratis.thirdparty.io.grpc.stub.ClientCalls.blockingUnaryCall(ClientCalls.java:139)
	at org.apache.ratis.proto.grpc.RaftServerProtocolServiceGrpc$RaftServerProtocolServiceBlockingStub.requestVote(RaftServerProtocolServiceGrpc.java:265)
	at org.apache.ratis.grpc.server.GrpcServerProtocolClient.requestVote(GrpcServerProtocolClient.java:83)
	at org.apache.ratis.grpc.server.GrpcService.requestVote(GrpcService.java:195)
	at org.apache.ratis.server.impl.LeaderElection.lambda$submitRequests$1(LeaderElection.java:237)
	at java.util.concurrent.FutureTask.run(FutureTask.java:266)
	at java.util.concurrent.Executors$RunnableAdapter.call(Executors.java:511)
	at java.util.concurrent.FutureTask.run(FutureTask.java:266)
	at java.util.concurrent.ThreadPoolExecutor.runWorker(ThreadPoolExecutor.java:1149)
	at java.util.concurrent.ThreadPoolExecutor$Worker.run(ThreadPoolExecutor.java:624)
	... 1 more
Caused by: org.apache.ratis.thirdparty.io.netty.channel.AbstractChannel$AnnotatedConnectException: Connection refused: /192.168.5.176:39186
	at sun.nio.ch.SocketChannelImpl.checkConnect(Native Method)
	at sun.nio.ch.SocketChannelImpl.finishConnect(SocketChannelImpl.java:717)
	at org.apache.ratis.thirdparty.io.netty.channel.socket.nio.NioSocketChannel.doFinishConnect(NioSocketChannel.java:327)
	at org.apache.ratis.thirdparty.io.netty.channel.nio.AbstractNioChannel$AbstractNioUnsafe.finishConnect(AbstractNioChannel.java:340)
	at org.apache.ratis.thirdparty.io.netty.channel.nio.NioEventLoop.processSelectedKey(NioEventLoop.java:632)
	at org.apache.ratis.thirdparty.io.netty.channel.nio.NioEventLoop.processSelectedKeysOptimized(NioEventLoop.java:579)
	at org.apache.ratis.thirdparty.io.netty.channel.nio.NioEventLoop.processSelectedKeys(NioEventLoop.java:496)
	at org.apache.ratis.thirdparty.io.netty.channel.nio.NioEventLoop.run(NioEventLoop.java:458)
	at org.apache.ratis.thirdparty.io.netty.util.concurrent.SingleThreadEventExecutor$5.run(SingleThreadEventExecutor.java:897)
	at org.apache.ratis.thirdparty.io.netty.util.concurrent.FastThreadLocalRunnable.run(FastThreadLocalRunnable.java:30)
	... 1 more
Caused by: java.net.ConnectException: Connection refused
	... 11 more
2019-08-29 23:19:24,723 [6fc9f5bf-9d19-4424-b095-dbd8051c5d1f:group-5360576734D0:LeaderElection27] INFO  impl.LeaderElection (LogUtils.java:infoOrTrace(149)) - 6fc9f5bf-9d19-4424-b095-dbd8051c5d1f:group-5360576734D0:LeaderElection27 got exception when requesting votes: {}
java.util.concurrent.ExecutionException: org.apache.ratis.thirdparty.io.grpc.StatusRuntimeException: UNAVAILABLE: io exception
	at java.util.concurrent.FutureTask.report(FutureTask.java:122)
	at java.util.concurrent.FutureTask.get(FutureTask.java:192)
	at org.apache.ratis.server.impl.LeaderElection.waitForResults(LeaderElection.java:262)
	at org.apache.ratis.server.impl.LeaderElection.askForVotes(LeaderElection.java:200)
	at org.apache.ratis.server.impl.LeaderElection.run(LeaderElection.java:130)
	at java.lang.Thread.run(Thread.java:748)
Caused by: org.apache.ratis.thirdparty.io.grpc.StatusRuntimeException: UNAVAILABLE: io exception
	at org.apache.ratis.thirdparty.io.grpc.stub.ClientCalls.toStatusRuntimeException(ClientCalls.java:233)
	at org.apache.ratis.thirdparty.io.grpc.stub.ClientCalls.getUnchecked(ClientCalls.java:214)
	at org.apache.ratis.thirdparty.io.grpc.stub.ClientCalls.blockingUnaryCall(ClientCalls.java:139)
	at org.apache.ratis.proto.grpc.RaftServerProtocolServiceGrpc$RaftServerProtocolServiceBlockingStub.requestVote(RaftServerProtocolServiceGrpc.java:265)
	at org.apache.ratis.grpc.server.GrpcServerProtocolClient.requestVote(GrpcServerProtocolClient.java:83)
	at org.apache.ratis.grpc.server.GrpcService.requestVote(GrpcService.java:195)
	at org.apache.ratis.server.impl.LeaderElection.lambda$submitRequests$1(LeaderElection.java:237)
	at java.util.concurrent.FutureTask.run(FutureTask.java:266)
	at java.util.concurrent.Executors$RunnableAdapter.call(Executors.java:511)
	at java.util.concurrent.FutureTask.run(FutureTask.java:266)
	at java.util.concurrent.ThreadPoolExecutor.runWorker(ThreadPoolExecutor.java:1149)
	at java.util.concurrent.ThreadPoolExecutor$Worker.run(ThreadPoolExecutor.java:624)
	... 1 more
Caused by: org.apache.ratis.thirdparty.io.netty.channel.AbstractChannel$AnnotatedConnectException: Connection refused: /192.168.5.176:35543
	at sun.nio.ch.SocketChannelImpl.checkConnect(Native Method)
	at sun.nio.ch.SocketChannelImpl.finishConnect(SocketChannelImpl.java:717)
	at org.apache.ratis.thirdparty.io.netty.channel.socket.nio.NioSocketChannel.doFinishConnect(NioSocketChannel.java:327)
	at org.apache.ratis.thirdparty.io.netty.channel.nio.AbstractNioChannel$AbstractNioUnsafe.finishConnect(AbstractNioChannel.java:340)
	at org.apache.ratis.thirdparty.io.netty.channel.nio.NioEventLoop.processSelectedKey(NioEventLoop.java:632)
	at org.apache.ratis.thirdparty.io.netty.channel.nio.NioEventLoop.processSelectedKeysOptimized(NioEventLoop.java:579)
	at org.apache.ratis.thirdparty.io.netty.channel.nio.NioEventLoop.processSelectedKeys(NioEventLoop.java:496)
	at org.apache.ratis.thirdparty.io.netty.channel.nio.NioEventLoop.run(NioEventLoop.java:458)
	at org.apache.ratis.thirdparty.io.netty.util.concurrent.SingleThreadEventExecutor$5.run(SingleThreadEventExecutor.java:897)
	at org.apache.ratis.thirdparty.io.netty.util.concurrent.FastThreadLocalRunnable.run(FastThreadLocalRunnable.java:30)
	... 1 more
Caused by: java.net.ConnectException: Connection refused
	... 11 more
2019-08-29 23:19:24,725 | INFO  | SCMAudit | user=jenkins1000 | ip=192.168.5.176 | op=SEND_HEARTBEAT {datanodeUUID=c2791d19-603b-4976-b3e9-7899a47ab15b, command=[]} | ret=SUCCESS |  
2019-08-29 23:19:24,726 [6fc9f5bf-9d19-4424-b095-dbd8051c5d1f:group-5360576734D0:LeaderElection27] INFO  impl.LeaderElection (LeaderElection.java:logAndReturn(56)) - 6fc9f5bf-9d19-4424-b095-dbd8051c5d1f:group-5360576734D0:LeaderElection27: Election REJECTED; received 0 response(s) [] and 2 exception(s); 6fc9f5bf-9d19-4424-b095-dbd8051c5d1f:t3, leader=null, voted=6fc9f5bf-9d19-4424-b095-dbd8051c5d1f, raftlog=6fc9f5bf-9d19-4424-b095-dbd8051c5d1f-SegmentedRaftLog:OPENED:c0,f0,i0, conf=0: [6fc9f5bf-9d19-4424-b095-dbd8051c5d1f:192.168.5.176:36413, 7b8ea038-0abd-40f8-b5e6-235888bbf81b:192.168.5.176:39186, fdf38f52-984e-464b-b063-6b40bc579090:192.168.5.176:35543], old=null
2019-08-29 23:19:24,726 [6fc9f5bf-9d19-4424-b095-dbd8051c5d1f:group-5360576734D0:LeaderElection27] INFO  impl.LeaderElection (LogUtils.java:infoOrTrace(149)) -   Exception 0: {}
java.util.concurrent.ExecutionException: org.apache.ratis.thirdparty.io.grpc.StatusRuntimeException: UNAVAILABLE: io exception
	at java.util.concurrent.FutureTask.report(FutureTask.java:122)
	at java.util.concurrent.FutureTask.get(FutureTask.java:192)
	at org.apache.ratis.server.impl.LeaderElection.waitForResults(LeaderElection.java:262)
	at org.apache.ratis.server.impl.LeaderElection.askForVotes(LeaderElection.java:200)
	at org.apache.ratis.server.impl.LeaderElection.run(LeaderElection.java:130)
	at java.lang.Thread.run(Thread.java:748)
Caused by: org.apache.ratis.thirdparty.io.grpc.StatusRuntimeException: UNAVAILABLE: io exception
	at org.apache.ratis.thirdparty.io.grpc.stub.ClientCalls.toStatusRuntimeException(ClientCalls.java:233)
	at org.apache.ratis.thirdparty.io.grpc.stub.ClientCalls.getUnchecked(ClientCalls.java:214)
	at org.apache.ratis.thirdparty.io.grpc.stub.ClientCalls.blockingUnaryCall(ClientCalls.java:139)
	at org.apache.ratis.proto.grpc.RaftServerProtocolServiceGrpc$RaftServerProtocolServiceBlockingStub.requestVote(RaftServerProtocolServiceGrpc.java:265)
	at org.apache.ratis.grpc.server.GrpcServerProtocolClient.requestVote(GrpcServerProtocolClient.java:83)
	at org.apache.ratis.grpc.server.GrpcService.requestVote(GrpcService.java:195)
	at org.apache.ratis.server.impl.LeaderElection.lambda$submitRequests$1(LeaderElection.java:237)
	at java.util.concurrent.FutureTask.run(FutureTask.java:266)
	at java.util.concurrent.Executors$RunnableAdapter.call(Executors.java:511)
	at java.util.concurrent.FutureTask.run(FutureTask.java:266)
	at java.util.concurrent.ThreadPoolExecutor.runWorker(ThreadPoolExecutor.java:1149)
	at java.util.concurrent.ThreadPoolExecutor$Worker.run(ThreadPoolExecutor.java:624)
	... 1 more
Caused by: org.apache.ratis.thirdparty.io.netty.channel.AbstractChannel$AnnotatedConnectException: Connection refused: /192.168.5.176:39186
	at sun.nio.ch.SocketChannelImpl.checkConnect(Native Method)
	at sun.nio.ch.SocketChannelImpl.finishConnect(SocketChannelImpl.java:717)
	at org.apache.ratis.thirdparty.io.netty.channel.socket.nio.NioSocketChannel.doFinishConnect(NioSocketChannel.java:327)
	at org.apache.ratis.thirdparty.io.netty.channel.nio.AbstractNioChannel$AbstractNioUnsafe.finishConnect(AbstractNioChannel.java:340)
	at org.apache.ratis.thirdparty.io.netty.channel.nio.NioEventLoop.processSelectedKey(NioEventLoop.java:632)
	at org.apache.ratis.thirdparty.io.netty.channel.nio.NioEventLoop.processSelectedKeysOptimized(NioEventLoop.java:579)
	at org.apache.ratis.thirdparty.io.netty.channel.nio.NioEventLoop.processSelectedKeys(NioEventLoop.java:496)
	at org.apache.ratis.thirdparty.io.netty.channel.nio.NioEventLoop.run(NioEventLoop.java:458)
	at org.apache.ratis.thirdparty.io.netty.util.concurrent.SingleThreadEventExecutor$5.run(SingleThreadEventExecutor.java:897)
	at org.apache.ratis.thirdparty.io.netty.util.concurrent.FastThreadLocalRunnable.run(FastThreadLocalRunnable.java:30)
	... 1 more
Caused by: java.net.ConnectException: Connection refused
	... 11 more
2019-08-29 23:19:24,727 [6fc9f5bf-9d19-4424-b095-dbd8051c5d1f:group-5360576734D0:LeaderElection27] INFO  impl.LeaderElection (LogUtils.java:infoOrTrace(149)) -   Exception 1: {}
java.util.concurrent.ExecutionException: org.apache.ratis.thirdparty.io.grpc.StatusRuntimeException: UNAVAILABLE: io exception
	at java.util.concurrent.FutureTask.report(FutureTask.java:122)
	at java.util.concurrent.FutureTask.get(FutureTask.java:192)
	at org.apache.ratis.server.impl.LeaderElection.waitForResults(LeaderElection.java:262)
	at org.apache.ratis.server.impl.LeaderElection.askForVotes(LeaderElection.java:200)
	at org.apache.ratis.server.impl.LeaderElection.run(LeaderElection.java:130)
	at java.lang.Thread.run(Thread.java:748)
Caused by: org.apache.ratis.thirdparty.io.grpc.StatusRuntimeException: UNAVAILABLE: io exception
	at org.apache.ratis.thirdparty.io.grpc.stub.ClientCalls.toStatusRuntimeException(ClientCalls.java:233)
	at org.apache.ratis.thirdparty.io.grpc.stub.ClientCalls.getUnchecked(ClientCalls.java:214)
	at org.apache.ratis.thirdparty.io.grpc.stub.ClientCalls.blockingUnaryCall(ClientCalls.java:139)
	at org.apache.ratis.proto.grpc.RaftServerProtocolServiceGrpc$RaftServerProtocolServiceBlockingStub.requestVote(RaftServerProtocolServiceGrpc.java:265)
	at org.apache.ratis.grpc.server.GrpcServerProtocolClient.requestVote(GrpcServerProtocolClient.java:83)
	at org.apache.ratis.grpc.server.GrpcService.requestVote(GrpcService.java:195)
	at org.apache.ratis.server.impl.LeaderElection.lambda$submitRequests$1(LeaderElection.java:237)
	at java.util.concurrent.FutureTask.run(FutureTask.java:266)
	at java.util.concurrent.Executors$RunnableAdapter.call(Executors.java:511)
	at java.util.concurrent.FutureTask.run(FutureTask.java:266)
	at java.util.concurrent.ThreadPoolExecutor.runWorker(ThreadPoolExecutor.java:1149)
	at java.util.concurrent.ThreadPoolExecutor$Worker.run(ThreadPoolExecutor.java:624)
	... 1 more
Caused by: org.apache.ratis.thirdparty.io.netty.channel.AbstractChannel$AnnotatedConnectException: Connection refused: /192.168.5.176:35543
	at sun.nio.ch.SocketChannelImpl.checkConnect(Native Method)
	at sun.nio.ch.SocketChannelImpl.finishConnect(SocketChannelImpl.java:717)
	at org.apache.ratis.thirdparty.io.netty.channel.socket.nio.NioSocketChannel.doFinishConnect(NioSocketChannel.java:327)
	at org.apache.ratis.thirdparty.io.netty.channel.nio.AbstractNioChannel$AbstractNioUnsafe.finishConnect(AbstractNioChannel.java:340)
	at org.apache.ratis.thirdparty.io.netty.channel.nio.NioEventLoop.processSelectedKey(NioEventLoop.java:632)
	at org.apache.ratis.thirdparty.io.netty.channel.nio.NioEventLoop.processSelectedKeysOptimized(NioEventLoop.java:579)
	at org.apache.ratis.thirdparty.io.netty.channel.nio.NioEventLoop.processSelectedKeys(NioEventLoop.java:496)
	at org.apache.ratis.thirdparty.io.netty.channel.nio.NioEventLoop.run(NioEventLoop.java:458)
	at org.apache.ratis.thirdparty.io.netty.util.concurrent.SingleThreadEventExecutor$5.run(SingleThreadEventExecutor.java:897)
	at org.apache.ratis.thirdparty.io.netty.util.concurrent.FastThreadLocalRunnable.run(FastThreadLocalRunnable.java:30)
	... 1 more
Caused by: java.net.ConnectException: Connection refused
	... 11 more
2019-08-29 23:19:24,728 [6fc9f5bf-9d19-4424-b095-dbd8051c5d1f:group-5360576734D0:LeaderElection27] INFO  impl.RaftServerImpl (RaftServerImpl.java:setRole(171)) - 6fc9f5bf-9d19-4424-b095-dbd8051c5d1f:group-5360576734D0 changes role from CANDIDATE to FOLLOWER at term 3 for DISCOVERED_A_NEW_TERM
2019-08-29 23:19:24,728 [6fc9f5bf-9d19-4424-b095-dbd8051c5d1f:group-5360576734D0:LeaderElection27] INFO  impl.RoleInfo (RoleInfo.java:shutdownLeaderElection(134)) - 6fc9f5bf-9d19-4424-b095-dbd8051c5d1f: shutdown LeaderElection
2019-08-29 23:19:24,728 [6fc9f5bf-9d19-4424-b095-dbd8051c5d1f:group-5360576734D0:LeaderElection27] INFO  impl.RoleInfo (RoleInfo.java:updateAndGet(143)) - 6fc9f5bf-9d19-4424-b095-dbd8051c5d1f: start FollowerState
2019-08-29 23:19:24,977 [Thread-767] INFO  impl.FollowerState (FollowerState.java:run(106)) - 91c146c8-9622-4fdf-af50-459baf835861:group-E13997D93674 changes to CANDIDATE, lastRpcTime:8923, electionTimeout:5147ms
2019-08-29 23:19:24,978 [Thread-767] INFO  impl.RoleInfo (RoleInfo.java:shutdownFollowerState(121)) - 91c146c8-9622-4fdf-af50-459baf835861: shutdown FollowerState
2019-08-29 23:19:24,978 [Thread-767] INFO  impl.RaftServerImpl (RaftServerImpl.java:setRole(171)) - 91c146c8-9622-4fdf-af50-459baf835861:group-E13997D93674 changes role from FOLLOWER to CANDIDATE at term 1 for changeToCandidate
2019-08-29 23:19:24,978 [Thread-767] INFO  impl.RoleInfo (RoleInfo.java:updateAndGet(143)) - 91c146c8-9622-4fdf-af50-459baf835861: start LeaderElection
2019-08-29 23:19:24,981 [91c146c8-9622-4fdf-af50-459baf835861:group-E13997D93674:LeaderElection28] INFO  impl.RaftServerImpl (ServerState.java:setLeader(263)) - 91c146c8-9622-4fdf-af50-459baf835861:group-E13997D93674 change Leader from c28b6833-03f3-43d7-88dd-1eb93de0674c to null at term 1 for initElection
2019-08-29 23:19:24,998 [91c146c8-9622-4fdf-af50-459baf835861:group-E13997D93674:LeaderElection28] INFO  impl.LeaderElection (LeaderElection.java:askForVotes(181)) - 91c146c8-9622-4fdf-af50-459baf835861:group-E13997D93674:LeaderElection28: begin an election at term 2 for 0: [c2791d19-603b-4976-b3e9-7899a47ab15b:192.168.5.176:38017, c28b6833-03f3-43d7-88dd-1eb93de0674c:192.168.5.176:36768, 91c146c8-9622-4fdf-af50-459baf835861:192.168.5.176:45463], old=null
2019-08-29 23:19:25,002 [91c146c8-9622-4fdf-af50-459baf835861:group-E13997D93674:LeaderElection28] INFO  impl.LeaderElection (LogUtils.java:infoOrTrace(149)) - 91c146c8-9622-4fdf-af50-459baf835861:group-E13997D93674:LeaderElection28 got exception when requesting votes: {}
java.util.concurrent.ExecutionException: org.apache.ratis.thirdparty.io.grpc.StatusRuntimeException: UNAVAILABLE: io exception
	at java.util.concurrent.FutureTask.report(FutureTask.java:122)
	at java.util.concurrent.FutureTask.get(FutureTask.java:192)
	at org.apache.ratis.server.impl.LeaderElection.waitForResults(LeaderElection.java:262)
	at org.apache.ratis.server.impl.LeaderElection.askForVotes(LeaderElection.java:200)
	at org.apache.ratis.server.impl.LeaderElection.run(LeaderElection.java:130)
	at java.lang.Thread.run(Thread.java:748)
Caused by: org.apache.ratis.thirdparty.io.grpc.StatusRuntimeException: UNAVAILABLE: io exception
	at org.apache.ratis.thirdparty.io.grpc.stub.ClientCalls.toStatusRuntimeException(ClientCalls.java:233)
	at org.apache.ratis.thirdparty.io.grpc.stub.ClientCalls.getUnchecked(ClientCalls.java:214)
	at org.apache.ratis.thirdparty.io.grpc.stub.ClientCalls.blockingUnaryCall(ClientCalls.java:139)
	at org.apache.ratis.proto.grpc.RaftServerProtocolServiceGrpc$RaftServerProtocolServiceBlockingStub.requestVote(RaftServerProtocolServiceGrpc.java:265)
	at org.apache.ratis.grpc.server.GrpcServerProtocolClient.requestVote(GrpcServerProtocolClient.java:83)
	at org.apache.ratis.grpc.server.GrpcService.requestVote(GrpcService.java:195)
	at org.apache.ratis.server.impl.LeaderElection.lambda$submitRequests$1(LeaderElection.java:237)
	at java.util.concurrent.FutureTask.run(FutureTask.java:266)
	at java.util.concurrent.Executors$RunnableAdapter.call(Executors.java:511)
	at java.util.concurrent.FutureTask.run(FutureTask.java:266)
	at java.util.concurrent.ThreadPoolExecutor.runWorker(ThreadPoolExecutor.java:1149)
	at java.util.concurrent.ThreadPoolExecutor$Worker.run(ThreadPoolExecutor.java:624)
	... 1 more
Caused by: org.apache.ratis.thirdparty.io.netty.channel.AbstractChannel$AnnotatedConnectException: Connection refused: /192.168.5.176:36768
	at sun.nio.ch.SocketChannelImpl.checkConnect(Native Method)
	at sun.nio.ch.SocketChannelImpl.finishConnect(SocketChannelImpl.java:717)
	at org.apache.ratis.thirdparty.io.netty.channel.socket.nio.NioSocketChannel.doFinishConnect(NioSocketChannel.java:327)
	at org.apache.ratis.thirdparty.io.netty.channel.nio.AbstractNioChannel$AbstractNioUnsafe.finishConnect(AbstractNioChannel.java:340)
	at org.apache.ratis.thirdparty.io.netty.channel.nio.NioEventLoop.processSelectedKey(NioEventLoop.java:632)
	at org.apache.ratis.thirdparty.io.netty.channel.nio.NioEventLoop.processSelectedKeysOptimized(NioEventLoop.java:579)
	at org.apache.ratis.thirdparty.io.netty.channel.nio.NioEventLoop.processSelectedKeys(NioEventLoop.java:496)
	at org.apache.ratis.thirdparty.io.netty.channel.nio.NioEventLoop.run(NioEventLoop.java:458)
	at org.apache.ratis.thirdparty.io.netty.util.concurrent.SingleThreadEventExecutor$5.run(SingleThreadEventExecutor.java:897)
	at org.apache.ratis.thirdparty.io.netty.util.concurrent.FastThreadLocalRunnable.run(FastThreadLocalRunnable.java:30)
	... 1 more
Caused by: java.net.ConnectException: Connection refused
	... 11 more
2019-08-29 23:19:25,006 [grpc-default-executor-0] INFO  impl.RaftServerImpl (ServerState.java:setLeader(263)) - c2791d19-603b-4976-b3e9-7899a47ab15b:group-E13997D93674 change Leader from c28b6833-03f3-43d7-88dd-1eb93de0674c to null at term 2 for updateCurrentTerm
2019-08-29 23:19:25,006 [grpc-default-executor-0] INFO  impl.RaftServerImpl (RaftServerImpl.java:setRole(171)) - c2791d19-603b-4976-b3e9-7899a47ab15b:group-E13997D93674 changes role from FOLLOWER to FOLLOWER at term 2 for recognizeCandidate:91c146c8-9622-4fdf-af50-459baf835861
2019-08-29 23:19:25,006 [grpc-default-executor-0] INFO  impl.RoleInfo (RoleInfo.java:shutdownFollowerState(121)) - c2791d19-603b-4976-b3e9-7899a47ab15b: shutdown FollowerState
2019-08-29 23:19:25,007 [grpc-default-executor-0] INFO  impl.RoleInfo (RoleInfo.java:updateAndGet(143)) - c2791d19-603b-4976-b3e9-7899a47ab15b: start FollowerState
2019-08-29 23:19:25,007 [Thread-766] INFO  impl.FollowerState (FollowerState.java:run(114)) - c2791d19-603b-4976-b3e9-7899a47ab15b: FollowerState was interrupted: java.lang.InterruptedException: sleep interrupted
2019-08-29 23:19:25,024 [91c146c8-9622-4fdf-af50-459baf835861:group-E13997D93674:LeaderElection28] INFO  impl.LeaderElection (LeaderElection.java:logAndReturn(56)) - 91c146c8-9622-4fdf-af50-459baf835861:group-E13997D93674:LeaderElection28: Election PASSED; received 1 response(s) [91c146c8-9622-4fdf-af50-459baf835861<-c2791d19-603b-4976-b3e9-7899a47ab15b#0:OK-t2] and 1 exception(s); 91c146c8-9622-4fdf-af50-459baf835861:t2, leader=null, voted=91c146c8-9622-4fdf-af50-459baf835861, raftlog=91c146c8-9622-4fdf-af50-459baf835861-SegmentedRaftLog:OPENED:c8,f8,i8, conf=0: [c2791d19-603b-4976-b3e9-7899a47ab15b:192.168.5.176:38017, c28b6833-03f3-43d7-88dd-1eb93de0674c:192.168.5.176:36768, 91c146c8-9622-4fdf-af50-459baf835861:192.168.5.176:45463], old=null
2019-08-29 23:19:25,024 [91c146c8-9622-4fdf-af50-459baf835861:group-E13997D93674:LeaderElection28] INFO  impl.LeaderElection (LogUtils.java:infoOrTrace(149)) -   Exception 0: {}
java.util.concurrent.ExecutionException: org.apache.ratis.thirdparty.io.grpc.StatusRuntimeException: UNAVAILABLE: io exception
	at java.util.concurrent.FutureTask.report(FutureTask.java:122)
	at java.util.concurrent.FutureTask.get(FutureTask.java:192)
	at org.apache.ratis.server.impl.LeaderElection.waitForResults(LeaderElection.java:262)
	at org.apache.ratis.server.impl.LeaderElection.askForVotes(LeaderElection.java:200)
	at org.apache.ratis.server.impl.LeaderElection.run(LeaderElection.java:130)
	at java.lang.Thread.run(Thread.java:748)
Caused by: org.apache.ratis.thirdparty.io.grpc.StatusRuntimeException: UNAVAILABLE: io exception
	at org.apache.ratis.thirdparty.io.grpc.stub.ClientCalls.toStatusRuntimeException(ClientCalls.java:233)
	at org.apache.ratis.thirdparty.io.grpc.stub.ClientCalls.getUnchecked(ClientCalls.java:214)
	at org.apache.ratis.thirdparty.io.grpc.stub.ClientCalls.blockingUnaryCall(ClientCalls.java:139)
	at org.apache.ratis.proto.grpc.RaftServerProtocolServiceGrpc$RaftServerProtocolServiceBlockingStub.requestVote(RaftServerProtocolServiceGrpc.java:265)
	at org.apache.ratis.grpc.server.GrpcServerProtocolClient.requestVote(GrpcServerProtocolClient.java:83)
	at org.apache.ratis.grpc.server.GrpcService.requestVote(GrpcService.java:195)
	at org.apache.ratis.server.impl.LeaderElection.lambda$submitRequests$1(LeaderElection.java:237)
	at java.util.concurrent.FutureTask.run(FutureTask.java:266)
	at java.util.concurrent.Executors$RunnableAdapter.call(Executors.java:511)
	at java.util.concurrent.FutureTask.run(FutureTask.java:266)
	at java.util.concurrent.ThreadPoolExecutor.runWorker(ThreadPoolExecutor.java:1149)
	at java.util.concurrent.ThreadPoolExecutor$Worker.run(ThreadPoolExecutor.java:624)
	... 1 more
Caused by: org.apache.ratis.thirdparty.io.netty.channel.AbstractChannel$AnnotatedConnectException: Connection refused: /192.168.5.176:36768
	at sun.nio.ch.SocketChannelImpl.checkConnect(Native Method)
	at sun.nio.ch.SocketChannelImpl.finishConnect(SocketChannelImpl.java:717)
	at org.apache.ratis.thirdparty.io.netty.channel.socket.nio.NioSocketChannel.doFinishConnect(NioSocketChannel.java:327)
	at org.apache.ratis.thirdparty.io.netty.channel.nio.AbstractNioChannel$AbstractNioUnsafe.finishConnect(AbstractNioChannel.java:340)
	at org.apache.ratis.thirdparty.io.netty.channel.nio.NioEventLoop.processSelectedKey(NioEventLoop.java:632)
	at org.apache.ratis.thirdparty.io.netty.channel.nio.NioEventLoop.processSelectedKeysOptimized(NioEventLoop.java:579)
	at org.apache.ratis.thirdparty.io.netty.channel.nio.NioEventLoop.processSelectedKeys(NioEventLoop.java:496)
	at org.apache.ratis.thirdparty.io.netty.channel.nio.NioEventLoop.run(NioEventLoop.java:458)
	at org.apache.ratis.thirdparty.io.netty.util.concurrent.SingleThreadEventExecutor$5.run(SingleThreadEventExecutor.java:897)
	at org.apache.ratis.thirdparty.io.netty.util.concurrent.FastThreadLocalRunnable.run(FastThreadLocalRunnable.java:30)
	... 1 more
Caused by: java.net.ConnectException: Connection refused
	... 11 more
2019-08-29 23:19:25,025 [91c146c8-9622-4fdf-af50-459baf835861:group-E13997D93674:LeaderElection28] INFO  impl.RoleInfo (RoleInfo.java:shutdownLeaderElection(134)) - 91c146c8-9622-4fdf-af50-459baf835861: shutdown LeaderElection
2019-08-29 23:19:25,025 [91c146c8-9622-4fdf-af50-459baf835861:group-E13997D93674:LeaderElection28] INFO  impl.RaftServerImpl (RaftServerImpl.java:setRole(171)) - 91c146c8-9622-4fdf-af50-459baf835861:group-E13997D93674 changes role from CANDIDATE to LEADER at term 2 for changeToLeader
2019-08-29 23:19:25,025 [91c146c8-9622-4fdf-af50-459baf835861:group-E13997D93674:LeaderElection28] INFO  impl.RaftServerImpl (ServerState.java:setLeader(263)) - 91c146c8-9622-4fdf-af50-459baf835861:group-E13997D93674 change Leader from null to 91c146c8-9622-4fdf-af50-459baf835861 at term 2 for becomeLeader, leader elected after 44ms
2019-08-29 23:19:25,026 [91c146c8-9622-4fdf-af50-459baf835861:group-E13997D93674:LeaderElection28] INFO  server.RaftServerConfigKeys (ConfUtils.java:logGet(43)) - raft.server.staging.catchup.gap = 1000 (default)
2019-08-29 23:19:25,026 [91c146c8-9622-4fdf-af50-459baf835861:group-E13997D93674:LeaderElection28] INFO  server.RaftServerConfigKeys (ConfUtils.java:logGet(43)) - raft.server.rpc.sleep.time = 25ms (default)
2019-08-29 23:19:25,026 [91c146c8-9622-4fdf-af50-459baf835861:group-E13997D93674:LeaderElection28] INFO  server.RaftServerConfigKeys (ConfUtils.java:logGet(43)) - raft.server.write.element-limit = 4096 (default)
2019-08-29 23:19:25,026 [91c146c8-9622-4fdf-af50-459baf835861:group-E13997D93674:LeaderElection28] INFO  server.RaftServerConfigKeys (ConfUtils.java:logGet(43)) - raft.server.watch.timeout = 10s (default)
2019-08-29 23:19:25,027 [91c146c8-9622-4fdf-af50-459baf835861:group-E13997D93674:LeaderElection28] INFO  server.RaftServerConfigKeys (ConfUtils.java:logGet(43)) - raft.server.watch.timeout.denomination = 1s (default)
2019-08-29 23:19:25,027 [91c146c8-9622-4fdf-af50-459baf835861:group-E13997D93674:LeaderElection28] INFO  server.RaftServerConfigKeys (ConfUtils.java:logGet(43)) - raft.server.watch.element-limit = 65536 (default)
2019-08-29 23:19:25,027 [91c146c8-9622-4fdf-af50-459baf835861:group-E13997D93674:LeaderElection28] INFO  server.RaftServerConfigKeys (ConfUtils.java:logGet(43)) - raft.server.log.appender.snapshot.chunk.size.max = 16MB (=16777216) (default)
2019-08-29 23:19:25,027 [91c146c8-9622-4fdf-af50-459baf835861:group-E13997D93674:LeaderElection28] INFO  server.RaftServerConfigKeys (ConfUtils.java:logGet(43)) - raft.server.log.appender.buffer.byte-limit = 33554432 (custom)
2019-08-29 23:19:25,028 [91c146c8-9622-4fdf-af50-459baf835861:group-E13997D93674:LeaderElection28] INFO  server.RaftServerConfigKeys (ConfUtils.java:logGet(43)) - raft.server.log.appender.buffer.element-limit = 1 (custom)
2019-08-29 23:19:25,028 [91c146c8-9622-4fdf-af50-459baf835861:group-E13997D93674:LeaderElection28] INFO  grpc.GrpcConfigKeys$Server (ConfUtils.java:logGet(43)) - raft.grpc.server.leader.outstanding.appends.max = 128 (default)
2019-08-29 23:19:25,028 [91c146c8-9622-4fdf-af50-459baf835861:group-E13997D93674:LeaderElection28] INFO  server.RaftServerConfigKeys (ConfUtils.java:logGet(43)) - raft.server.rpc.request.timeout = 3000ms (default)
2019-08-29 23:19:25,028 [91c146c8-9622-4fdf-af50-459baf835861:group-E13997D93674:LeaderElection28] INFO  server.RaftServerConfigKeys (ConfUtils.java:logGet(43)) - raft.server.log.appender.install.snapshot.enabled = false (custom)
2019-08-29 23:19:25,029 [91c146c8-9622-4fdf-af50-459baf835861:group-E13997D93674:LeaderElection28] INFO  server.RaftServerConfigKeys (ConfUtils.java:logGet(43)) - raft.server.log.appender.snapshot.chunk.size.max = 16MB (=16777216) (default)
2019-08-29 23:19:25,029 [91c146c8-9622-4fdf-af50-459baf835861:group-E13997D93674:LeaderElection28] INFO  server.RaftServerConfigKeys (ConfUtils.java:logGet(43)) - raft.server.log.appender.buffer.byte-limit = 33554432 (custom)
2019-08-29 23:19:25,029 [91c146c8-9622-4fdf-af50-459baf835861:group-E13997D93674:LeaderElection28] INFO  server.RaftServerConfigKeys (ConfUtils.java:logGet(43)) - raft.server.log.appender.buffer.element-limit = 1 (custom)
2019-08-29 23:19:25,029 [91c146c8-9622-4fdf-af50-459baf835861:group-E13997D93674:LeaderElection28] INFO  grpc.GrpcConfigKeys$Server (ConfUtils.java:logGet(43)) - raft.grpc.server.leader.outstanding.appends.max = 128 (default)
2019-08-29 23:19:25,030 [91c146c8-9622-4fdf-af50-459baf835861:group-E13997D93674:LeaderElection28] INFO  server.RaftServerConfigKeys (ConfUtils.java:logGet(43)) - raft.server.rpc.request.timeout = 3000ms (default)
2019-08-29 23:19:25,030 [91c146c8-9622-4fdf-af50-459baf835861:group-E13997D93674:LeaderElection28] INFO  server.RaftServerConfigKeys (ConfUtils.java:logGet(43)) - raft.server.log.appender.install.snapshot.enabled = false (custom)
2019-08-29 23:19:25,030 [91c146c8-9622-4fdf-af50-459baf835861:group-E13997D93674:LeaderElection28] INFO  impl.RoleInfo (RoleInfo.java:updateAndGet(143)) - 91c146c8-9622-4fdf-af50-459baf835861: start LeaderState
2019-08-29 23:19:25,031 [91c146c8-9622-4fdf-af50-459baf835861:group-E13997D93674:LeaderElection28] INFO  segmented.SegmentedRaftLogWorker (SegmentedRaftLogWorker.java:rollLogSegment(385)) - 91c146c8-9622-4fdf-af50-459baf835861-SegmentedRaftLogWorker:Storage Directory /workdir/hadoop-ozone/integration-test/target/test-dir/MiniOzoneClusterImpl-dba45ac9-1770-4347-820b-e942d4b229ff/datanode-6/data/ratis/09ba0140-0ec9-4edc-97de-e13997d93674: Rolling segment log-0_8 to index:8
2019-08-29 23:19:25,034 [91c146c8-9622-4fdf-af50-459baf835861:group-E13997D93674:LeaderElection28] INFO  impl.RaftServerImpl (ServerState.java:setRaftConf(361)) - 91c146c8-9622-4fdf-af50-459baf835861:group-E13997D93674 set configuration 9: [c2791d19-603b-4976-b3e9-7899a47ab15b:192.168.5.176:38017, c28b6833-03f3-43d7-88dd-1eb93de0674c:192.168.5.176:36768, 91c146c8-9622-4fdf-af50-459baf835861:192.168.5.176:45463], old=null at 9
2019-08-29 23:19:25,034 [91c146c8-9622-4fdf-af50-459baf835861-SegmentedRaftLogWorker:Storage Directory /workdir/hadoop-ozone/integration-test/target/test-dir/MiniOzoneClusterImpl-dba45ac9-1770-4347-820b-e942d4b229ff/datanode-6/data/ratis/09ba0140-0ec9-4edc-97de-e13997d93674] INFO  segmented.SegmentedRaftLogWorker (SegmentedRaftLogWorker.java:execute(526)) - 91c146c8-9622-4fdf-af50-459baf835861-SegmentedRaftLogWorker:Storage Directory /workdir/hadoop-ozone/integration-test/target/test-dir/MiniOzoneClusterImpl-dba45ac9-1770-4347-820b-e942d4b229ff/datanode-6/data/ratis/09ba0140-0ec9-4edc-97de-e13997d93674: Rolled log segment from /workdir/hadoop-ozone/integration-test/target/test-dir/MiniOzoneClusterImpl-dba45ac9-1770-4347-820b-e942d4b229ff/datanode-6/data/ratis/09ba0140-0ec9-4edc-97de-e13997d93674/current/log_inprogress_0 to /workdir/hadoop-ozone/integration-test/target/test-dir/MiniOzoneClusterImpl-dba45ac9-1770-4347-820b-e942d4b229ff/datanode-6/data/ratis/09ba0140-0ec9-4edc-97de-e13997d93674/current/log_0-8
2019-08-29 23:19:25,034 [grpc-default-executor-0] WARN  server.GrpcLogAppender (LogUtils.java:warn(134)) - 91c146c8-9622-4fdf-af50-459baf835861->c28b6833-03f3-43d7-88dd-1eb93de0674c: Failed appendEntries: org.apache.ratis.thirdparty.io.grpc.StatusRuntimeException: UNAVAILABLE: io exception
2019-08-29 23:19:25,037 [grpc-default-executor-0] INFO  impl.FollowerInfo (FollowerInfo.java:lambda$new$0(50)) - 91c146c8-9622-4fdf-af50-459baf835861->c28b6833-03f3-43d7-88dd-1eb93de0674c: nextIndex: updateUnconditionally 9 -> 1
2019-08-29 23:19:25,037 [grpc-default-executor-2] INFO  impl.RaftServerImpl (ServerState.java:setLeader(263)) - c2791d19-603b-4976-b3e9-7899a47ab15b:group-E13997D93674 change Leader from null to 91c146c8-9622-4fdf-af50-459baf835861 at term 2 for appendEntries, leader elected after 31ms
2019-08-29 23:19:25,041 [grpc-default-executor-2] INFO  impl.RaftServerImpl (ServerState.java:setRaftConf(361)) - c2791d19-603b-4976-b3e9-7899a47ab15b:group-E13997D93674 set configuration 9: [c2791d19-603b-4976-b3e9-7899a47ab15b:192.168.5.176:38017, c28b6833-03f3-43d7-88dd-1eb93de0674c:192.168.5.176:36768, 91c146c8-9622-4fdf-af50-459baf835861:192.168.5.176:45463], old=null at 9
2019-08-29 23:19:25,041 [grpc-default-executor-2] INFO  segmented.SegmentedRaftLogWorker (SegmentedRaftLogWorker.java:rollLogSegment(385)) - c2791d19-603b-4976-b3e9-7899a47ab15b-SegmentedRaftLogWorker:Storage Directory /workdir/hadoop-ozone/integration-test/target/test-dir/MiniOzoneClusterImpl-dba45ac9-1770-4347-820b-e942d4b229ff/datanode-5/data/ratis/09ba0140-0ec9-4edc-97de-e13997d93674: Rolling segment log-0_8 to index:8
2019-08-29 23:19:25,042 [c2791d19-603b-4976-b3e9-7899a47ab15b-SegmentedRaftLogWorker:Storage Directory /workdir/hadoop-ozone/integration-test/target/test-dir/MiniOzoneClusterImpl-dba45ac9-1770-4347-820b-e942d4b229ff/datanode-5/data/ratis/09ba0140-0ec9-4edc-97de-e13997d93674] INFO  segmented.SegmentedRaftLogWorker (SegmentedRaftLogWorker.java:execute(526)) - c2791d19-603b-4976-b3e9-7899a47ab15b-SegmentedRaftLogWorker:Storage Directory /workdir/hadoop-ozone/integration-test/target/test-dir/MiniOzoneClusterImpl-dba45ac9-1770-4347-820b-e942d4b229ff/datanode-5/data/ratis/09ba0140-0ec9-4edc-97de-e13997d93674: Rolled log segment from /workdir/hadoop-ozone/integration-test/target/test-dir/MiniOzoneClusterImpl-dba45ac9-1770-4347-820b-e942d4b229ff/datanode-5/data/ratis/09ba0140-0ec9-4edc-97de-e13997d93674/current/log_inprogress_0 to /workdir/hadoop-ozone/integration-test/target/test-dir/MiniOzoneClusterImpl-dba45ac9-1770-4347-820b-e942d4b229ff/datanode-5/data/ratis/09ba0140-0ec9-4edc-97de-e13997d93674/current/log_0-8
2019-08-29 23:19:25,087 [91c146c8-9622-4fdf-af50-459baf835861-SegmentedRaftLogWorker:Storage Directory /workdir/hadoop-ozone/integration-test/target/test-dir/MiniOzoneClusterImpl-dba45ac9-1770-4347-820b-e942d4b229ff/datanode-6/data/ratis/09ba0140-0ec9-4edc-97de-e13997d93674] INFO  segmented.SegmentedRaftLogWorker (SegmentedRaftLogWorker.java:execute(569)) - 91c146c8-9622-4fdf-af50-459baf835861-SegmentedRaftLogWorker:Storage Directory /workdir/hadoop-ozone/integration-test/target/test-dir/MiniOzoneClusterImpl-dba45ac9-1770-4347-820b-e942d4b229ff/datanode-6/data/ratis/09ba0140-0ec9-4edc-97de-e13997d93674: created new log segment /workdir/hadoop-ozone/integration-test/target/test-dir/MiniOzoneClusterImpl-dba45ac9-1770-4347-820b-e942d4b229ff/datanode-6/data/ratis/09ba0140-0ec9-4edc-97de-e13997d93674/current/log_inprogress_9
2019-08-29 23:19:25,087 [c2791d19-603b-4976-b3e9-7899a47ab15b-SegmentedRaftLogWorker:Storage Directory /workdir/hadoop-ozone/integration-test/target/test-dir/MiniOzoneClusterImpl-dba45ac9-1770-4347-820b-e942d4b229ff/datanode-5/data/ratis/09ba0140-0ec9-4edc-97de-e13997d93674] INFO  segmented.SegmentedRaftLogWorker (SegmentedRaftLogWorker.java:execute(569)) - c2791d19-603b-4976-b3e9-7899a47ab15b-SegmentedRaftLogWorker:Storage Directory /workdir/hadoop-ozone/integration-test/target/test-dir/MiniOzoneClusterImpl-dba45ac9-1770-4347-820b-e942d4b229ff/datanode-5/data/ratis/09ba0140-0ec9-4edc-97de-e13997d93674: created new log segment /workdir/hadoop-ozone/integration-test/target/test-dir/MiniOzoneClusterImpl-dba45ac9-1770-4347-820b-e942d4b229ff/datanode-5/data/ratis/09ba0140-0ec9-4edc-97de-e13997d93674/current/log_inprogress_9
2019-08-29 23:19:25,108 [grpc-default-executor-6] WARN  server.GrpcLogAppender (LogUtils.java:warn(134)) - 91c146c8-9622-4fdf-af50-459baf835861->c28b6833-03f3-43d7-88dd-1eb93de0674c: Failed appendEntries: org.apache.ratis.thirdparty.io.grpc.StatusRuntimeException: UNAVAILABLE: io exception
2019-08-29 23:19:25,110 [grpc-default-executor-6] INFO  impl.FollowerInfo (FollowerInfo.java:lambda$new$0(50)) - 91c146c8-9622-4fdf-af50-459baf835861->c28b6833-03f3-43d7-88dd-1eb93de0674c: nextIndex: updateUnconditionally 2 -> 1
2019-08-29 23:19:25,122 [grpc-default-executor-0] WARN  server.GrpcLogAppender (LogUtils.java:warn(134)) - 91c146c8-9622-4fdf-af50-459baf835861->c28b6833-03f3-43d7-88dd-1eb93de0674c: Failed appendEntries: org.apache.ratis.thirdparty.io.grpc.StatusRuntimeException: UNAVAILABLE: io exception
2019-08-29 23:19:25,124 [grpc-default-executor-0] INFO  impl.FollowerInfo (FollowerInfo.java:lambda$new$0(50)) - 91c146c8-9622-4fdf-af50-459baf835861->c28b6833-03f3-43d7-88dd-1eb93de0674c: nextIndex: updateUnconditionally 2 -> 1
2019-08-29 23:19:25,723 | INFO  | SCMAudit | user=jenkins1000 | ip=192.168.5.176 | op=SEND_HEARTBEAT {datanodeUUID=c2791d19-603b-4976-b3e9-7899a47ab15b, command=[]} | ret=SUCCESS |  
2019-08-29 23:19:26,723 | INFO  | SCMAudit | user=jenkins1000 | ip=192.168.5.176 | op=SEND_HEARTBEAT {datanodeUUID=c2791d19-603b-4976-b3e9-7899a47ab15b, command=[]} | ret=SUCCESS |  
2019-08-29 23:19:27,624 [grpc-default-executor-0] WARN  server.GrpcLogAppender (LogUtils.java:warn(134)) - 91c146c8-9622-4fdf-af50-459baf835861->c28b6833-03f3-43d7-88dd-1eb93de0674c: Failed appendEntries: org.apache.ratis.thirdparty.io.grpc.StatusRuntimeException: UNAVAILABLE: io exception
2019-08-29 23:19:27,627 [grpc-default-executor-0] INFO  impl.FollowerInfo (FollowerInfo.java:lambda$new$0(50)) - 91c146c8-9622-4fdf-af50-459baf835861->c28b6833-03f3-43d7-88dd-1eb93de0674c: nextIndex: updateUnconditionally 1 -> 0
2019-08-29 23:19:27,723 | INFO  | SCMAudit | user=jenkins1000 | ip=192.168.5.176 | op=SEND_HEARTBEAT {datanodeUUID=c2791d19-603b-4976-b3e9-7899a47ab15b, command=[]} | ret=SUCCESS |  
2019-08-29 23:19:28,724 | INFO  | SCMAudit | user=jenkins1000 | ip=192.168.5.176 | op=SEND_HEARTBEAT {datanodeUUID=c2791d19-603b-4976-b3e9-7899a47ab15b, command=[]} | ret=SUCCESS |  
2019-08-29 23:19:28,740 [main] INFO  ozoneimpl.OzoneContainer (OzoneContainer.java:stop(215)) - Attempting to stop container services.
2019-08-29 23:19:28,741 [main] INFO  impl.RaftServerProxy (RaftServerProxy.java:lambda$close$4(314)) - 91c146c8-9622-4fdf-af50-459baf835861: close
2019-08-29 23:19:28,741 [main] INFO  impl.RaftServerImpl (RaftServerImpl.java:lambda$shutdown$3(245)) - 91c146c8-9622-4fdf-af50-459baf835861: shutdown group-C073B2E2AEC4
2019-08-29 23:19:28,742 [main] INFO  util.JmxRegister (JmxRegister.java:unregister(73)) - Successfully un-registered JMX Bean with object name Ratis:service=RaftServer,group=group-C073B2E2AEC4,id=91c146c8-9622-4fdf-af50-459baf835861
2019-08-29 23:19:28,742 [main] INFO  impl.RoleInfo (RoleInfo.java:shutdownLeaderState(104)) - 91c146c8-9622-4fdf-af50-459baf835861: shutdown LeaderState
2019-08-29 23:19:28,743 [main] INFO  impl.PendingRequests (PendingRequests.java:sendNotLeaderResponses(202)) - 91c146c8-9622-4fdf-af50-459baf835861-PendingRequests: sendNotLeaderResponses
2019-08-29 23:19:28,744 [main] INFO  impl.StateMachineUpdater (StateMachineUpdater.java:stopAndJoin(115)) - StateMachineUpdater:91c146c8-9622-4fdf-af50-459baf835861:group-C073B2E2AEC4: set stopIndex = 0
2019-08-29 23:19:28,745 [main] INFO  impl.RaftServerImpl (ServerState.java:close(394)) - 91c146c8-9622-4fdf-af50-459baf835861:group-C073B2E2AEC4 closes. The last applied log index is 0
2019-08-29 23:19:28,745 [91c146c8-9622-4fdf-af50-459baf835861-SegmentedRaftLogWorker:Storage Directory /workdir/hadoop-ozone/integration-test/target/test-dir/MiniOzoneClusterImpl-dba45ac9-1770-4347-820b-e942d4b229ff/datanode-6/data/ratis/2761f183-6ab0-40c5-a551-c073b2e2aec4] INFO  segmented.SegmentedRaftLogWorker (SegmentedRaftLogWorker.java:run(313)) - 91c146c8-9622-4fdf-af50-459baf835861-SegmentedRaftLogWorker:Storage Directory /workdir/hadoop-ozone/integration-test/target/test-dir/MiniOzoneClusterImpl-dba45ac9-1770-4347-820b-e942d4b229ff/datanode-6/data/ratis/2761f183-6ab0-40c5-a551-c073b2e2aec4 was interrupted, exiting. There are 0 tasks remaining in the queue.
2019-08-29 23:19:28,748 [main] INFO  segmented.SegmentedRaftLogWorker (SegmentedRaftLogWorker.java:close(228)) - 91c146c8-9622-4fdf-af50-459baf835861-SegmentedRaftLogWorker:Storage Directory /workdir/hadoop-ozone/integration-test/target/test-dir/MiniOzoneClusterImpl-dba45ac9-1770-4347-820b-e942d4b229ff/datanode-6/data/ratis/2761f183-6ab0-40c5-a551-c073b2e2aec4 close()
2019-08-29 23:19:28,750 [main] INFO  impl.RaftServerImpl (RaftServerImpl.java:lambda$shutdown$3(245)) - 91c146c8-9622-4fdf-af50-459baf835861: shutdown group-E13997D93674
2019-08-29 23:19:28,751 [main] INFO  util.JmxRegister (JmxRegister.java:unregister(73)) - Successfully un-registered JMX Bean with object name Ratis:service=RaftServer,group=group-E13997D93674,id=91c146c8-9622-4fdf-af50-459baf835861
2019-08-29 23:19:28,751 [ForkJoinPool.commonPool-worker-1] INFO  ozoneimpl.OzoneContainer (OzoneContainer.java:stop(215)) - Attempting to stop container services.
2019-08-29 23:19:28,752 [main] INFO  impl.RoleInfo (RoleInfo.java:shutdownLeaderState(104)) - 91c146c8-9622-4fdf-af50-459baf835861: shutdown LeaderState
2019-08-29 23:19:28,752 [ForkJoinPool.commonPool-worker-1] INFO  impl.RaftServerProxy (RaftServerProxy.java:lambda$close$4(314)) - 6fc9f5bf-9d19-4424-b095-dbd8051c5d1f: close
2019-08-29 23:19:28,755 [main] INFO  impl.PendingRequests (PendingRequests.java:sendNotLeaderResponses(202)) - 91c146c8-9622-4fdf-af50-459baf835861-PendingRequests: sendNotLeaderResponses
2019-08-29 23:19:28,756 [ForkJoinPool.commonPool-worker-1] INFO  impl.RaftServerImpl (RaftServerImpl.java:lambda$shutdown$3(245)) - 6fc9f5bf-9d19-4424-b095-dbd8051c5d1f: shutdown group-E48FCD3BB78C
2019-08-29 23:19:28,756 [org.apache.ratis.server.impl.LogAppender$AppenderDaemon$$Lambda$529/1499575974@764ae2b] WARN  server.GrpcLogAppender (GrpcLogAppender.java:mayWait(143)) - GrpcLogAppender(91c146c8-9622-4fdf-af50-459baf835861->c28b6833-03f3-43d7-88dd-1eb93de0674c): Wait interrupted by java.lang.InterruptedException
2019-08-29 23:19:28,756 [org.apache.ratis.server.impl.LogAppender$AppenderDaemon$$Lambda$529/1499575974@5fb68a80] WARN  server.GrpcLogAppender (GrpcLogAppender.java:mayWait(143)) - GrpcLogAppender(91c146c8-9622-4fdf-af50-459baf835861->c2791d19-603b-4976-b3e9-7899a47ab15b): Wait interrupted by java.lang.InterruptedException
2019-08-29 23:19:28,756 [ForkJoinPool.commonPool-worker-1] INFO  util.JmxRegister (JmxRegister.java:unregister(73)) - Successfully un-registered JMX Bean with object name Ratis:service=RaftServer,group=group-E48FCD3BB78C,id=6fc9f5bf-9d19-4424-b095-dbd8051c5d1f
2019-08-29 23:19:28,757 [ForkJoinPool.commonPool-worker-1] INFO  impl.RoleInfo (RoleInfo.java:shutdownLeaderState(104)) - 6fc9f5bf-9d19-4424-b095-dbd8051c5d1f: shutdown LeaderState
2019-08-29 23:19:28,756 [StateMachineUpdater:91c146c8-9622-4fdf-af50-459baf835861:group-E13997D93674] INFO  ratis.ContainerStateMachine (ContainerStateMachine.java:takeSnapshot(284)) - group-E13997D93674: Taking a snapshot at:(t:1, i:6) file /workdir/hadoop-ozone/integration-test/target/test-dir/MiniOzoneClusterImpl-dba45ac9-1770-4347-820b-e942d4b229ff/datanode-6/data/ratis/09ba0140-0ec9-4edc-97de-e13997d93674/sm/snapshot.1_6
2019-08-29 23:19:28,756 [main] INFO  impl.StateMachineUpdater (StateMachineUpdater.java:stopAndJoin(115)) - StateMachineUpdater:91c146c8-9622-4fdf-af50-459baf835861:group-E13997D93674: set stopIndex = 10
2019-08-29 23:19:28,758 [ForkJoinPool.commonPool-worker-1] INFO  impl.PendingRequests (PendingRequests.java:sendNotLeaderResponses(202)) - 6fc9f5bf-9d19-4424-b095-dbd8051c5d1f-PendingRequests: sendNotLeaderResponses
2019-08-29 23:19:28,757 [grpc-default-executor-0] INFO  server.GrpcServerProtocolService (GrpcServerProtocolService.java:onCompleted(104)) - c2791d19-603b-4976-b3e9-7899a47ab15b: appendEntries completed
2019-08-29 23:19:28,759 [ForkJoinPool.commonPool-worker-1] INFO  impl.StateMachineUpdater (StateMachineUpdater.java:stopAndJoin(115)) - StateMachineUpdater:6fc9f5bf-9d19-4424-b095-dbd8051c5d1f:group-E48FCD3BB78C: set stopIndex = 0
2019-08-29 23:19:28,759 [ForkJoinPool.commonPool-worker-1] INFO  impl.RaftServerImpl (ServerState.java:close(394)) - 6fc9f5bf-9d19-4424-b095-dbd8051c5d1f:group-E48FCD3BB78C closes. The last applied log index is 0
2019-08-29 23:19:28,760 [grpc-default-executor-0] INFO  server.GrpcLogAppender (GrpcLogAppender.java:onCompleted(292)) - 91c146c8-9622-4fdf-af50-459baf835861->c2791d19-603b-4976-b3e9-7899a47ab15b: follower responses appendEntries COMPLETED
2019-08-29 23:19:28,760 [6fc9f5bf-9d19-4424-b095-dbd8051c5d1f-SegmentedRaftLogWorker:Storage Directory /workdir/hadoop-ozone/integration-test/target/test-dir/MiniOzoneClusterImpl-dba45ac9-1770-4347-820b-e942d4b229ff/datanode-0/data/ratis/97f9df17-fa16-4acf-928e-e48fcd3bb78c] INFO  segmented.SegmentedRaftLogWorker (SegmentedRaftLogWorker.java:run(313)) - 6fc9f5bf-9d19-4424-b095-dbd8051c5d1f-SegmentedRaftLogWorker:Storage Directory /workdir/hadoop-ozone/integration-test/target/test-dir/MiniOzoneClusterImpl-dba45ac9-1770-4347-820b-e942d4b229ff/datanode-0/data/ratis/97f9df17-fa16-4acf-928e-e48fcd3bb78c was interrupted, exiting. There are 0 tasks remaining in the queue.
2019-08-29 23:19:28,763 [grpc-default-executor-0] INFO  impl.FollowerInfo (FollowerInfo.java:lambda$new$0(50)) - 91c146c8-9622-4fdf-af50-459baf835861->c2791d19-603b-4976-b3e9-7899a47ab15b: nextIndex: updateUnconditionally 11 -> 10
2019-08-29 23:19:28,770 [ForkJoinPool.commonPool-worker-1] INFO  segmented.SegmentedRaftLogWorker (SegmentedRaftLogWorker.java:close(228)) - 6fc9f5bf-9d19-4424-b095-dbd8051c5d1f-SegmentedRaftLogWorker:Storage Directory /workdir/hadoop-ozone/integration-test/target/test-dir/MiniOzoneClusterImpl-dba45ac9-1770-4347-820b-e942d4b229ff/datanode-0/data/ratis/97f9df17-fa16-4acf-928e-e48fcd3bb78c close()
2019-08-29 23:19:28,772 [StateMachineUpdater:91c146c8-9622-4fdf-af50-459baf835861:group-E13997D93674] INFO  ratis.ContainerStateMachine (ContainerStateMachine.java:takeSnapshot(295)) - group-E13997D93674: Finished taking a snapshot at:(t:1, i:6) file:/workdir/hadoop-ozone/integration-test/target/test-dir/MiniOzoneClusterImpl-dba45ac9-1770-4347-820b-e942d4b229ff/datanode-6/data/ratis/09ba0140-0ec9-4edc-97de-e13997d93674/sm/snapshot.1_6 time:16
2019-08-29 23:19:28,772 [ForkJoinPool.commonPool-worker-1] INFO  impl.RaftServerImpl (RaftServerImpl.java:lambda$shutdown$3(245)) - 6fc9f5bf-9d19-4424-b095-dbd8051c5d1f: shutdown group-5360576734D0
2019-08-29 23:19:28,772 [StateMachineUpdater:91c146c8-9622-4fdf-af50-459baf835861:group-E13997D93674] INFO  impl.StateMachineUpdater (StateMachineUpdater.java:takeSnapshot(242)) - StateMachineUpdater:91c146c8-9622-4fdf-af50-459baf835861:group-E13997D93674: Took a snapshot at index 6
2019-08-29 23:19:28,772 [ForkJoinPool.commonPool-worker-1] INFO  util.JmxRegister (JmxRegister.java:unregister(73)) - Successfully un-registered JMX Bean with object name Ratis:service=RaftServer,group=group-5360576734D0,id=6fc9f5bf-9d19-4424-b095-dbd8051c5d1f
2019-08-29 23:19:28,773 [ForkJoinPool.commonPool-worker-1] INFO  impl.RoleInfo (RoleInfo.java:shutdownFollowerState(121)) - 6fc9f5bf-9d19-4424-b095-dbd8051c5d1f: shutdown FollowerState
2019-08-29 23:19:28,773 [ForkJoinPool.commonPool-worker-1] INFO  impl.StateMachineUpdater (StateMachineUpdater.java:stopAndJoin(115)) - StateMachineUpdater:6fc9f5bf-9d19-4424-b095-dbd8051c5d1f:group-5360576734D0: set stopIndex = 0
2019-08-29 23:19:28,773 [StateMachineUpdater:91c146c8-9622-4fdf-af50-459baf835861:group-E13997D93674] INFO  impl.StateMachineUpdater (StateMachineUpdater.java:lambda$new$0(80)) - StateMachineUpdater:91c146c8-9622-4fdf-af50-459baf835861:group-E13997D93674: snapshotIndex: updateIncreasingly -1 -> 6
2019-08-29 23:19:28,774 [ForkJoinPool.commonPool-worker-1] INFO  impl.RaftServerImpl (ServerState.java:close(394)) - 6fc9f5bf-9d19-4424-b095-dbd8051c5d1f:group-5360576734D0 closes. The last applied log index is 0
2019-08-29 23:19:28,773 [Thread-1718] INFO  impl.FollowerState (FollowerState.java:run(114)) - 6fc9f5bf-9d19-4424-b095-dbd8051c5d1f: FollowerState was interrupted: java.lang.InterruptedException: sleep interrupted
2019-08-29 23:19:28,774 [main] INFO  impl.RaftServerImpl (ServerState.java:close(394)) - 91c146c8-9622-4fdf-af50-459baf835861:group-E13997D93674 closes. The last applied log index is 10
2019-08-29 23:19:28,776 [6fc9f5bf-9d19-4424-b095-dbd8051c5d1f-SegmentedRaftLogWorker:Storage Directory /workdir/hadoop-ozone/integration-test/target/test-dir/MiniOzoneClusterImpl-dba45ac9-1770-4347-820b-e942d4b229ff/datanode-0/data/ratis/c0fbf511-ef20-4ac1-b244-5360576734d0] INFO  segmented.SegmentedRaftLogWorker (SegmentedRaftLogWorker.java:run(313)) - 6fc9f5bf-9d19-4424-b095-dbd8051c5d1f-SegmentedRaftLogWorker:Storage Directory /workdir/hadoop-ozone/integration-test/target/test-dir/MiniOzoneClusterImpl-dba45ac9-1770-4347-820b-e942d4b229ff/datanode-0/data/ratis/c0fbf511-ef20-4ac1-b244-5360576734d0 was interrupted, exiting. There are 0 tasks remaining in the queue.
2019-08-29 23:19:28,777 [91c146c8-9622-4fdf-af50-459baf835861-SegmentedRaftLogWorker:Storage Directory /workdir/hadoop-ozone/integration-test/target/test-dir/MiniOzoneClusterImpl-dba45ac9-1770-4347-820b-e942d4b229ff/datanode-6/data/ratis/09ba0140-0ec9-4edc-97de-e13997d93674] INFO  segmented.SegmentedRaftLogWorker (SegmentedRaftLogWorker.java:run(313)) - 91c146c8-9622-4fdf-af50-459baf835861-SegmentedRaftLogWorker:Storage Directory /workdir/hadoop-ozone/integration-test/target/test-dir/MiniOzoneClusterImpl-dba45ac9-1770-4347-820b-e942d4b229ff/datanode-6/data/ratis/09ba0140-0ec9-4edc-97de-e13997d93674 was interrupted, exiting. There are 0 tasks remaining in the queue.
2019-08-29 23:19:28,779 [ForkJoinPool.commonPool-worker-1] INFO  segmented.SegmentedRaftLogWorker (SegmentedRaftLogWorker.java:close(228)) - 6fc9f5bf-9d19-4424-b095-dbd8051c5d1f-SegmentedRaftLogWorker:Storage Directory /workdir/hadoop-ozone/integration-test/target/test-dir/MiniOzoneClusterImpl-dba45ac9-1770-4347-820b-e942d4b229ff/datanode-0/data/ratis/c0fbf511-ef20-4ac1-b244-5360576734d0 close()
2019-08-29 23:19:28,788 [main] INFO  segmented.SegmentedRaftLogWorker (SegmentedRaftLogWorker.java:close(228)) - 91c146c8-9622-4fdf-af50-459baf835861-SegmentedRaftLogWorker:Storage Directory /workdir/hadoop-ozone/integration-test/target/test-dir/MiniOzoneClusterImpl-dba45ac9-1770-4347-820b-e942d4b229ff/datanode-6/data/ratis/09ba0140-0ec9-4edc-97de-e13997d93674 close()
2019-08-29 23:19:28,788 [ForkJoinPool.commonPool-worker-1] INFO  server.GrpcService (GrpcService.java:closeImpl(155)) - 6fc9f5bf-9d19-4424-b095-dbd8051c5d1f: shutdown server with port 36413 now
2019-08-29 23:19:28,789 [main] INFO  server.GrpcService (GrpcService.java:closeImpl(155)) - 91c146c8-9622-4fdf-af50-459baf835861: shutdown server with port 45463 now
2019-08-29 23:19:28,791 [main] INFO  server.GrpcService (GrpcService.java:closeImpl(163)) - 91c146c8-9622-4fdf-af50-459baf835861: shutdown server with port 45463 successfully
2019-08-29 23:19:28,793 [ForkJoinPool.commonPool-worker-1] INFO  server.GrpcService (GrpcService.java:closeImpl(163)) - 6fc9f5bf-9d19-4424-b095-dbd8051c5d1f: shutdown server with port 36413 successfully
2019-08-29 23:19:28,795 [refreshUsed-/workdir/hadoop-ozone/integration-test/target/test-dir/MiniOzoneClusterImpl-dba45ac9-1770-4347-820b-e942d4b229ff/datanode-6/data/containers] WARN  fs.CachingGetSpaceUsed (CachingGetSpaceUsed.java:run(183)) - Thread Interrupted waiting to refresh disk information: sleep interrupted
2019-08-29 23:19:28,797 [refreshUsed-/workdir/hadoop-ozone/integration-test/target/test-dir/MiniOzoneClusterImpl-dba45ac9-1770-4347-820b-e942d4b229ff/datanode-0/data/containers] WARN  fs.CachingGetSpaceUsed (CachingGetSpaceUsed.java:run(183)) - Thread Interrupted waiting to refresh disk information: sleep interrupted
2019-08-29 23:19:28,825 [main] INFO  utils.BackgroundService (BackgroundService.java:shutdown(148)) - Shutting down service BlockDeletingService
2019-08-29 23:19:28,830 [main] INFO  statemachine.DatanodeStateMachine (DatanodeStateMachine.java:stopDaemon(395)) - Ozone container server stopped.
2019-08-29 23:19:28,831 [ForkJoinPool.commonPool-worker-1] INFO  utils.BackgroundService (BackgroundService.java:shutdown(148)) - Shutting down service BlockDeletingService
2019-08-29 23:19:28,831 [main] INFO  handler.ContextHandler (ContextHandler.java:doStop(910)) - Stopped o.e.j.w.WebAppContext@1624775{/,null,UNAVAILABLE}{/hddsDatanode}
2019-08-29 23:19:28,835 [ForkJoinPool.commonPool-worker-1] INFO  statemachine.DatanodeStateMachine (DatanodeStateMachine.java:stopDaemon(395)) - Ozone container server stopped.
2019-08-29 23:19:28,837 [main] INFO  server.AbstractConnector (AbstractConnector.java:doStop(318)) - Stopped ServerConnector@1e7f19b4{HTTP/1.1,[http/1.1]}{0.0.0.0:0}
2019-08-29 23:19:28,838 [main] INFO  handler.ContextHandler (ContextHandler.java:doStop(910)) - Stopped o.e.j.s.ServletContextHandler@1b0e9707{/static,jar:file:/home/user/.m2/repository/org/apache/hadoop/hadoop-hdds-container-service/0.5.0-SNAPSHOT/hadoop-hdds-container-service-0.5.0-SNAPSHOT.jar!/webapps/static,UNAVAILABLE}
2019-08-29 23:19:28,839 [ForkJoinPool.commonPool-worker-1] INFO  handler.ContextHandler (ContextHandler.java:doStop(910)) - Stopped o.e.j.w.WebAppContext@e95595b{/,null,UNAVAILABLE}{/hddsDatanode}
2019-08-29 23:19:28,839 [main] INFO  handler.ContextHandler (ContextHandler.java:doStop(910)) - Stopped o.e.j.s.ServletContextHandler@1c52552f{/logs,file:///workdir/hadoop-ozone/integration-test/target/log,UNAVAILABLE}
2019-08-29 23:19:28,840 [ForkJoinPool.commonPool-worker-1] INFO  server.AbstractConnector (AbstractConnector.java:doStop(318)) - Stopped ServerConnector@5a917723{HTTP/1.1,[http/1.1]}{0.0.0.0:0}
2019-08-29 23:19:28,843 [ForkJoinPool.commonPool-worker-1] INFO  handler.ContextHandler (ContextHandler.java:doStop(910)) - Stopped o.e.j.s.ServletContextHandler@999b951{/static,jar:file:/home/user/.m2/repository/org/apache/hadoop/hadoop-hdds-container-service/0.5.0-SNAPSHOT/hadoop-hdds-container-service-0.5.0-SNAPSHOT.jar!/webapps/static,UNAVAILABLE}
2019-08-29 23:19:28,844 [ForkJoinPool.commonPool-worker-1] INFO  handler.ContextHandler (ContextHandler.java:doStop(910)) - Stopped o.e.j.s.ServletContextHandler@60e3c26e{/logs,file:///workdir/hadoop-ozone/integration-test/target/log,UNAVAILABLE}
2019-08-29 23:19:29,723 [Datanode State Machine Thread - 0] INFO  statemachine.DatanodeStateMachine (DatanodeStateMachine.java:lambda$startDaemon$0(350)) - Ozone container server started.
2019-08-29 23:19:33,845 [main] INFO  ozoneimpl.OzoneContainer (OzoneContainer.java:stop(215)) - Attempting to stop container services.
2019-08-29 23:19:33,852 [main] INFO  impl.RaftServerProxy (RaftServerProxy.java:lambda$close$4(314)) - c2791d19-603b-4976-b3e9-7899a47ab15b: close
2019-08-29 23:19:33,852 [main] INFO  impl.RaftServerImpl (RaftServerImpl.java:lambda$shutdown$3(245)) - c2791d19-603b-4976-b3e9-7899a47ab15b: shutdown group-E13997D93674
2019-08-29 23:19:33,853 [ForkJoinPool.commonPool-worker-0] INFO  impl.RaftServerImpl (RaftServerImpl.java:lambda$shutdown$3(245)) - c2791d19-603b-4976-b3e9-7899a47ab15b: shutdown group-9BE473F724E9
2019-08-29 23:19:33,853 [main] INFO  util.JmxRegister (JmxRegister.java:unregister(73)) - Successfully un-registered JMX Bean with object name Ratis:service=RaftServer,group=group-E13997D93674,id=c2791d19-603b-4976-b3e9-7899a47ab15b
2019-08-29 23:19:33,853 [ForkJoinPool.commonPool-worker-0] INFO  util.JmxRegister (JmxRegister.java:unregister(73)) - Successfully un-registered JMX Bean with object name Ratis:service=RaftServer,group=group-9BE473F724E9,id=c2791d19-603b-4976-b3e9-7899a47ab15b
2019-08-29 23:19:33,854 [main] INFO  impl.RoleInfo (RoleInfo.java:shutdownFollowerState(121)) - c2791d19-603b-4976-b3e9-7899a47ab15b: shutdown FollowerState
2019-08-29 23:19:33,854 [ForkJoinPool.commonPool-worker-0] INFO  impl.RoleInfo (RoleInfo.java:shutdownLeaderState(104)) - c2791d19-603b-4976-b3e9-7899a47ab15b: shutdown LeaderState
2019-08-29 23:19:33,855 [StateMachineUpdater:c2791d19-603b-4976-b3e9-7899a47ab15b:group-E13997D93674] INFO  ratis.ContainerStateMachine (ContainerStateMachine.java:takeSnapshot(284)) - group-E13997D93674: Taking a snapshot at:(t:1, i:6) file /workdir/hadoop-ozone/integration-test/target/test-dir/MiniOzoneClusterImpl-dba45ac9-1770-4347-820b-e942d4b229ff/datanode-5/data/ratis/09ba0140-0ec9-4edc-97de-e13997d93674/sm/snapshot.1_6
2019-08-29 23:19:33,855 [Thread-1722] INFO  impl.FollowerState (FollowerState.java:run(114)) - c2791d19-603b-4976-b3e9-7899a47ab15b: FollowerState was interrupted: java.lang.InterruptedException: sleep interrupted
2019-08-29 23:19:33,855 [main] INFO  impl.StateMachineUpdater (StateMachineUpdater.java:stopAndJoin(115)) - StateMachineUpdater:c2791d19-603b-4976-b3e9-7899a47ab15b:group-E13997D93674: set stopIndex = 10
2019-08-29 23:19:33,855 [ForkJoinPool.commonPool-worker-0] INFO  impl.PendingRequests (PendingRequests.java:sendNotLeaderResponses(202)) - c2791d19-603b-4976-b3e9-7899a47ab15b-PendingRequests: sendNotLeaderResponses
2019-08-29 23:19:33,858 [ForkJoinPool.commonPool-worker-0] INFO  impl.StateMachineUpdater (StateMachineUpdater.java:stopAndJoin(115)) - StateMachineUpdater:c2791d19-603b-4976-b3e9-7899a47ab15b:group-9BE473F724E9: set stopIndex = 0
2019-08-29 23:19:33,859 [ForkJoinPool.commonPool-worker-0] INFO  impl.RaftServerImpl (ServerState.java:close(394)) - c2791d19-603b-4976-b3e9-7899a47ab15b:group-9BE473F724E9 closes. The last applied log index is 0
2019-08-29 23:19:33,859 [c2791d19-603b-4976-b3e9-7899a47ab15b-SegmentedRaftLogWorker:Storage Directory /workdir/hadoop-ozone/integration-test/target/test-dir/MiniOzoneClusterImpl-dba45ac9-1770-4347-820b-e942d4b229ff/datanode-5/data/ratis/5ecbb9a1-a5af-4cd6-acb2-9be473f724e9] INFO  segmented.SegmentedRaftLogWorker (SegmentedRaftLogWorker.java:run(313)) - c2791d19-603b-4976-b3e9-7899a47ab15b-SegmentedRaftLogWorker:Storage Directory /workdir/hadoop-ozone/integration-test/target/test-dir/MiniOzoneClusterImpl-dba45ac9-1770-4347-820b-e942d4b229ff/datanode-5/data/ratis/5ecbb9a1-a5af-4cd6-acb2-9be473f724e9 was interrupted, exiting. There are 0 tasks remaining in the queue.
2019-08-29 23:19:33,867 [ForkJoinPool.commonPool-worker-0] INFO  segmented.SegmentedRaftLogWorker (SegmentedRaftLogWorker.java:close(228)) - c2791d19-603b-4976-b3e9-7899a47ab15b-SegmentedRaftLogWorker:Storage Directory /workdir/hadoop-ozone/integration-test/target/test-dir/MiniOzoneClusterImpl-dba45ac9-1770-4347-820b-e942d4b229ff/datanode-5/data/ratis/5ecbb9a1-a5af-4cd6-acb2-9be473f724e9 close()
2019-08-29 23:19:33,868 [StateMachineUpdater:c2791d19-603b-4976-b3e9-7899a47ab15b:group-E13997D93674] INFO  ratis.ContainerStateMachine (ContainerStateMachine.java:takeSnapshot(295)) - group-E13997D93674: Finished taking a snapshot at:(t:1, i:6) file:/workdir/hadoop-ozone/integration-test/target/test-dir/MiniOzoneClusterImpl-dba45ac9-1770-4347-820b-e942d4b229ff/datanode-5/data/ratis/09ba0140-0ec9-4edc-97de-e13997d93674/sm/snapshot.1_6 time:14
2019-08-29 23:19:33,868 [StateMachineUpdater:c2791d19-603b-4976-b3e9-7899a47ab15b:group-E13997D93674] INFO  impl.StateMachineUpdater (StateMachineUpdater.java:takeSnapshot(242)) - StateMachineUpdater:c2791d19-603b-4976-b3e9-7899a47ab15b:group-E13997D93674: Took a snapshot at index 6
2019-08-29 23:19:33,868 [StateMachineUpdater:c2791d19-603b-4976-b3e9-7899a47ab15b:group-E13997D93674] INFO  impl.StateMachineUpdater (StateMachineUpdater.java:lambda$new$0(80)) - StateMachineUpdater:c2791d19-603b-4976-b3e9-7899a47ab15b:group-E13997D93674: snapshotIndex: updateIncreasingly -1 -> 6
2019-08-29 23:19:33,869 [main] INFO  impl.RaftServerImpl (ServerState.java:close(394)) - c2791d19-603b-4976-b3e9-7899a47ab15b:group-E13997D93674 closes. The last applied log index is 10
2019-08-29 23:19:33,869 [c2791d19-603b-4976-b3e9-7899a47ab15b-SegmentedRaftLogWorker:Storage Directory /workdir/hadoop-ozone/integration-test/target/test-dir/MiniOzoneClusterImpl-dba45ac9-1770-4347-820b-e942d4b229ff/datanode-5/data/ratis/09ba0140-0ec9-4edc-97de-e13997d93674] INFO  segmented.SegmentedRaftLogWorker (SegmentedRaftLogWorker.java:run(313)) - c2791d19-603b-4976-b3e9-7899a47ab15b-SegmentedRaftLogWorker:Storage Directory /workdir/hadoop-ozone/integration-test/target/test-dir/MiniOzoneClusterImpl-dba45ac9-1770-4347-820b-e942d4b229ff/datanode-5/data/ratis/09ba0140-0ec9-4edc-97de-e13997d93674 was interrupted, exiting. There are 0 tasks remaining in the queue.
2019-08-29 23:19:33,870 [main] INFO  segmented.SegmentedRaftLogWorker (SegmentedRaftLogWorker.java:close(228)) - c2791d19-603b-4976-b3e9-7899a47ab15b-SegmentedRaftLogWorker:Storage Directory /workdir/hadoop-ozone/integration-test/target/test-dir/MiniOzoneClusterImpl-dba45ac9-1770-4347-820b-e942d4b229ff/datanode-5/data/ratis/09ba0140-0ec9-4edc-97de-e13997d93674 close()
2019-08-29 23:19:33,870 [main] INFO  server.GrpcService (GrpcService.java:closeImpl(155)) - c2791d19-603b-4976-b3e9-7899a47ab15b: shutdown server with port 38017 now
2019-08-29 23:19:33,871 [main] INFO  server.GrpcService (GrpcService.java:closeImpl(163)) - c2791d19-603b-4976-b3e9-7899a47ab15b: shutdown server with port 38017 successfully
2019-08-29 23:19:33,872 [grpc-default-executor-6] WARN  client.GrpcClientProtocolService (LogUtils.java:warn(134)) - 33-OrderedRequestStreamObserver33: onError: org.apache.ratis.thirdparty.io.grpc.StatusRuntimeException: CANCELLED: cancelled before receiving half close
2019-08-29 23:19:33,877 [refreshUsed-/workdir/hadoop-ozone/integration-test/target/test-dir/MiniOzoneClusterImpl-dba45ac9-1770-4347-820b-e942d4b229ff/datanode-5/data/containers] WARN  fs.CachingGetSpaceUsed (CachingGetSpaceUsed.java:run(183)) - Thread Interrupted waiting to refresh disk information: sleep interrupted
2019-08-29 23:19:33,892 [main] INFO  utils.BackgroundService (BackgroundService.java:shutdown(148)) - Shutting down service BlockDeletingService
2019-08-29 23:19:33,895 [main] INFO  statemachine.DatanodeStateMachine (DatanodeStateMachine.java:stopDaemon(395)) - Ozone container server stopped.
2019-08-29 23:19:33,896 [main] INFO  handler.ContextHandler (ContextHandler.java:doStop(910)) - Stopped o.e.j.w.WebAppContext@62cba181{/,null,UNAVAILABLE}{/hddsDatanode}
2019-08-29 23:19:33,897 [main] INFO  server.AbstractConnector (AbstractConnector.java:doStop(318)) - Stopped ServerConnector@1b482cbf{HTTP/1.1,[http/1.1]}{0.0.0.0:0}
2019-08-29 23:19:33,897 [main] INFO  handler.ContextHandler (ContextHandler.java:doStop(910)) - Stopped o.e.j.s.ServletContextHandler@2ceca2ef{/static,jar:file:/home/user/.m2/repository/org/apache/hadoop/hadoop-hdds-container-service/0.5.0-SNAPSHOT/hadoop-hdds-container-service-0.5.0-SNAPSHOT.jar!/webapps/static,UNAVAILABLE}
2019-08-29 23:19:33,898 [main] INFO  handler.ContextHandler (ContextHandler.java:doStop(910)) - Stopped o.e.j.s.ServletContextHandler@75fd65c{/logs,file:///workdir/hadoop-ozone/integration-test/target/log,UNAVAILABLE}
2019-08-29 23:19:33,899 [main] INFO  ozone.MiniOzoneClusterImpl (MiniOzoneClusterImpl.java:stop(339)) - Stopping the StorageContainerManager
2019-08-29 23:19:33,899 [main] INFO  server.StorageContainerManager (StorageContainerManager.java:stop(797)) - Stopping Replication Manager Service.
2019-08-29 23:19:33,899 [main] INFO  container.ReplicationManager (ReplicationManager.java:stop(193)) - Stopping Replication Monitor Thread.
2019-08-29 23:19:33,899 [main] INFO  server.StorageContainerManager (StorageContainerManager.java:stop(804)) - Stopping Lease Manager of the command watchers
2019-08-29 23:19:33,899 [main] INFO  server.StorageContainerManager (StorageContainerManager.java:stop(811)) - Stopping datanode service RPC server
2019-08-29 23:19:33,900 [main] INFO  server.SCMDatanodeProtocolServer (SCMDatanodeProtocolServer.java:stop(367)) - Stopping the RPC server for DataNodes
2019-08-29 23:19:33,900 [main] INFO  ipc.Server (Server.java:stop(3082)) - Stopping server on 38366
2019-08-29 23:19:33,902 [IPC Server listener on 38366] INFO  ipc.Server (Server.java:run(1185)) - Stopping IPC Server listener on 38366
2019-08-29 23:19:33,902 [IPC Server Responder] INFO  ipc.Server (Server.java:run(1319)) - Stopping IPC Server Responder
2019-08-29 23:19:33,998 [SCM Heartbeat Processing Thread - 0] WARN  node.NodeStateManager (NodeStateManager.java:scheduleNextHealthCheck(646)) - Current Thread is interrupted, shutting down HB processing thread for Node Manager.
2019-08-29 23:19:33,998 [main] INFO  server.StorageContainerManager (StorageContainerManager.java:stop(819)) - Stopping block service RPC server
2019-08-29 23:19:33,998 [main] INFO  server.SCMBlockProtocolServer (SCMBlockProtocolServer.java:stop(148)) - Stopping the RPC server for Block Protocol
2019-08-29 23:19:33,998 [main] INFO  ipc.Server (Server.java:stop(3082)) - Stopping server on 44958
2019-08-29 23:19:34,000 [IPC Server listener on 44958] INFO  ipc.Server (Server.java:run(1185)) - Stopping IPC Server listener on 44958
2019-08-29 23:19:34,000 [main] INFO  server.StorageContainerManager (StorageContainerManager.java:stop(826)) - Stopping the StorageContainerLocationProtocol RPC server
2019-08-29 23:19:34,002 [main] INFO  server.SCMClientProtocolServer (SCMClientProtocolServer.java:stop(159)) - Stopping the RPC server for Client Protocol
2019-08-29 23:19:34,002 [IPC Server Responder] INFO  ipc.Server (Server.java:run(1319)) - Stopping IPC Server Responder
2019-08-29 23:19:34,002 [main] INFO  ipc.Server (Server.java:stop(3082)) - Stopping server on 33386
2019-08-29 23:19:34,004 [IPC Server listener on 33386] INFO  ipc.Server (Server.java:run(1185)) - Stopping IPC Server listener on 33386
2019-08-29 23:19:34,005 [IPC Server Responder] INFO  ipc.Server (Server.java:run(1319)) - Stopping IPC Server Responder
2019-08-29 23:19:34,004 [main] INFO  server.StorageContainerManager (StorageContainerManager.java:stop(833)) - Stopping Storage Container Manager HTTP server.
2019-08-29 23:19:34,006 [main] INFO  handler.ContextHandler (ContextHandler.java:doStop(910)) - Stopped o.e.j.w.WebAppContext@76544c0a{/,null,UNAVAILABLE}{/scm}
2019-08-29 23:19:34,007 [main] INFO  server.AbstractConnector (AbstractConnector.java:doStop(318)) - Stopped ServerConnector@428bdd72{HTTP/1.1,[http/1.1]}{0.0.0.0:0}
2019-08-29 23:19:34,007 [main] INFO  handler.ContextHandler (ContextHandler.java:doStop(910)) - Stopped o.e.j.s.ServletContextHandler@431e86b1{/static,file:///workdir/hadoop-ozone/integration-test/target/test-classes/webapps/static,UNAVAILABLE}
2019-08-29 23:19:34,007 [main] INFO  handler.ContextHandler (ContextHandler.java:doStop(910)) - Stopped o.e.j.s.ServletContextHandler@786ff1cb{/logs,file:///workdir/hadoop-ozone/integration-test/target/log,UNAVAILABLE}
2019-08-29 23:19:34,008 [main] INFO  server.StorageContainerManager (StorageContainerManager.java:stop(844)) - Stopping Block Manager Service.
2019-08-29 23:19:34,008 [main] INFO  utils.BackgroundService (BackgroundService.java:shutdown(148)) - Shutting down service SCMBlockDeletingService
2019-08-29 23:19:34,009 [main] INFO  utils.BackgroundService (BackgroundService.java:shutdown(148)) - Shutting down service SCMBlockDeletingService
2019-08-29 23:19:34,009 [main] INFO  server.StorageContainerManager (StorageContainerManager.java:stop(866)) - Stopping SCM Event Queue.
2019-08-29 23:19:34,012 [main] INFO  impl.MetricsSystemImpl (MetricsSystemImpl.java:stop(210)) - Stopping HddsDatanode metrics system...
2019-08-29 23:19:34,017 [main] INFO  impl.MetricsSystemImpl (MetricsSystemImpl.java:stop(216)) - HddsDatanode metrics system stopped.
]]></system-out>
  </testcase>
</testsuite>