<?xml version="1.0" encoding="UTF-8"?>
<testsuite xmlns:xsi="http://www.w3.org/2001/XMLSchema-instance" xsi:noNamespaceSchemaLocation="https://maven.apache.org/surefire/maven-surefire-plugin/xsd/surefire-test-report.xsd" name="org.apache.hadoop.ozone.client.rpc.TestBlockOutputStreamWithFailures" time="662.766" tests="8" errors="0" skipped="0" failures="1">
  <properties>
    <property name="awt.toolkit" value="sun.awt.X11.XToolkit"/>
    <property name="file.encoding.pkg" value="sun.io"/>
    <property name="java.specification.version" value="1.8"/>
    <property name="sun.cpu.isalist" value=""/>
    <property name="sun.jnu.encoding" value="UTF-8"/>
    <property name="java.class.path" value="/workdir/hadoop-ozone/integration-test/target/test-classes:/workdir/hadoop-ozone/integration-test/target/classes:/home/user/.m2/repository/org/apache/hadoop/hadoop-ozone-common/0.5.0-SNAPSHOT/hadoop-ozone-common-0.5.0-SNAPSHOT.jar:/home/user/.m2/repository/org/apache/commons/commons-compress/1.4.1/commons-compress-1.4.1.jar:/home/user/.m2/repository/org/tukaani/xz/1.0/xz-1.0.jar:/home/user/.m2/repository/org/apache/hadoop/hadoop-common/3.2.0/hadoop-common-3.2.0.jar:/home/user/.m2/repository/org/apache/hadoop/hadoop-hdfs/3.2.0/hadoop-hdfs-3.2.0.jar:/home/user/.m2/repository/org/apache/hadoop/hadoop-hdfs-client/3.2.0/hadoop-hdfs-client-3.2.0.jar:/home/user/.m2/repository/com/fasterxml/jackson/core/jackson-annotations/2.9.5/jackson-annotations-2.9.5.jar:/home/user/.m2/repository/org/apache/hadoop/hadoop-hdds-common/0.5.0-SNAPSHOT/hadoop-hdds-common-0.5.0-SNAPSHOT.jar:/home/user/.m2/repository/javax/annotation/javax.annotation-api/1.2/javax.annotation-api-1.2.jar:/home/user/.m2/repository/org/apache/ratis/ratis-server/0.4.0-2337318-SNAPSHOT/ratis-server-0.4.0-2337318-SNAPSHOT.jar:/home/user/.m2/repository/org/apache/ratis/ratis-thirdparty-misc/0.2.0/ratis-thirdparty-misc-0.2.0.jar:/home/user/.m2/repository/org/apache/ratis/ratis-proto/0.4.0-2337318-SNAPSHOT/ratis-proto-0.4.0-2337318-SNAPSHOT.jar:/home/user/.m2/repository/org/apache/ratis/ratis-common/0.4.0-2337318-SNAPSHOT/ratis-common-0.4.0-2337318-SNAPSHOT.jar:/home/user/.m2/repository/org/apache/ratis/ratis-client/0.4.0-2337318-SNAPSHOT/ratis-client-0.4.0-2337318-SNAPSHOT.jar:/home/user/.m2/repository/org/apache/ratis/ratis-metrics/0.4.0-2337318-SNAPSHOT/ratis-metrics-0.4.0-2337318-SNAPSHOT.jar:/home/user/.m2/repository/org/apache/ratis/ratis-netty/0.4.0-2337318-SNAPSHOT/ratis-netty-0.4.0-2337318-SNAPSHOT.jar:/home/user/.m2/repository/org/apache/ratis/ratis-grpc/0.4.0-2337318-SNAPSHOT/ratis-grpc-0.4.0-2337318-SNAPSHOT.jar:/home/user/.m2/repository/org/rocksdb/rocksdbjni/6.0.1/rocksdbjni-6.0.1.jar:/home/user/.m2/repository/org/apache/logging/log4j/log4j-api/2.11.0/log4j-api-2.11.0.jar:/home/user/.m2/repository/org/apache/logging/log4j/log4j-core/2.11.0/log4j-core-2.11.0.jar:/home/user/.m2/repository/com/lmax/disruptor/3.4.2/disruptor-3.4.2.jar:/home/user/.m2/repository/org/apache/commons/commons-pool2/2.6.0/commons-pool2-2.6.0.jar:/home/user/.m2/repository/org/bouncycastle/bcpkix-jdk15on/1.60/bcpkix-jdk15on-1.60.jar:/home/user/.m2/repository/commons-validator/commons-validator/1.6/commons-validator-1.6.jar:/home/user/.m2/repository/commons-digester/commons-digester/1.8.1/commons-digester-1.8.1.jar:/home/user/.m2/repository/io/jaegertracing/jaeger-client/0.33.1/jaeger-client-0.33.1.jar:/home/user/.m2/repository/io/jaegertracing/jaeger-thrift/0.33.1/jaeger-thrift-0.33.1.jar:/home/user/.m2/repository/org/apache/thrift/libthrift/0.11.0/libthrift-0.11.0.jar:/home/user/.m2/repository/com/squareup/okhttp3/okhttp/3.9.0/okhttp-3.9.0.jar:/home/user/.m2/repository/com/squareup/okio/okio/1.13.0/okio-1.13.0.jar:/home/user/.m2/repository/io/jaegertracing/jaeger-core/0.33.1/jaeger-core-0.33.1.jar:/home/user/.m2/repository/io/jaegertracing/jaeger-tracerresolver/0.33.1/jaeger-tracerresolver-0.33.1.jar:/home/user/.m2/repository/io/opentracing/contrib/opentracing-tracerresolver/0.1.5/opentracing-tracerresolver-0.1.5.jar:/home/user/.m2/repository/io/opentracing/opentracing-util/0.31.0/opentracing-util-0.31.0.jar:/home/user/.m2/repository/io/opentracing/opentracing-api/0.31.0/opentracing-api-0.31.0.jar:/home/user/.m2/repository/io/opentracing/opentracing-noop/0.31.0/opentracing-noop-0.31.0.jar:/home/user/.m2/repository/org/apache/hadoop/hadoop-hdds-server-framework/0.5.0-SNAPSHOT/hadoop-hdds-server-framework-0.5.0-SNAPSHOT.jar:/home/user/.m2/repository/org/apache/hadoop/hadoop-hdds-container-service/0.5.0-SNAPSHOT/hadoop-hdds-container-service-0.5.0-SNAPSHOT.jar:/home/user/.m2/repository/org/apache/hadoop/hadoop-hdds-client/0.5.0-SNAPSHOT/hadoop-hdds-client-0.5.0-SNAPSHOT.jar:/home/user/.m2/repository/org/apache/hadoop/hadoop-hdds-tools/0.5.0-SNAPSHOT/hadoop-hdds-tools-0.5.0-SNAPSHOT.jar:/home/user/.m2/repository/org/apache/hadoop/hadoop-hdds-server-scm/0.5.0-SNAPSHOT/hadoop-hdds-server-scm-0.5.0-SNAPSHOT.jar:/home/user/.m2/repository/org/apache/hadoop/hadoop-hdds-docs/0.5.0-SNAPSHOT/hadoop-hdds-docs-0.5.0-SNAPSHOT.jar:/home/user/.m2/repository/io/dropwizard/metrics/metrics-core/3.2.4/metrics-core-3.2.4.jar:/home/user/.m2/repository/org/hamcrest/hamcrest-all/1.3/hamcrest-all-1.3.jar:/home/user/.m2/repository/org/bouncycastle/bcprov-jdk15on/1.60/bcprov-jdk15on-1.60.jar:/home/user/.m2/repository/info/picocli/picocli/3.9.6/picocli-3.9.6.jar:/home/user/.m2/repository/com/google/protobuf/protobuf-java/2.5.0/protobuf-java-2.5.0.jar:/home/user/.m2/repository/com/google/guava/guava/11.0.2/guava-11.0.2.jar:/home/user/.m2/repository/org/apache/hadoop/hadoop-ozone-ozone-manager/0.5.0-SNAPSHOT/hadoop-ozone-ozone-manager-0.5.0-SNAPSHOT.jar:/home/user/.m2/repository/org/apache/hadoop/hadoop-minikdc/3.2.0/hadoop-minikdc-3.2.0.jar:/home/user/.m2/repository/commons-io/commons-io/2.5/commons-io-2.5.jar:/home/user/.m2/repository/org/apache/kerby/kerb-simplekdc/1.0.1/kerb-simplekdc-1.0.1.jar:/home/user/.m2/repository/org/apache/kerby/kerb-client/1.0.1/kerb-client-1.0.1.jar:/home/user/.m2/repository/org/apache/kerby/kerby-config/1.0.1/kerby-config-1.0.1.jar:/home/user/.m2/repository/org/apache/kerby/kerb-core/1.0.1/kerb-core-1.0.1.jar:/home/user/.m2/repository/org/apache/kerby/kerby-pkix/1.0.1/kerby-pkix-1.0.1.jar:/home/user/.m2/repository/org/apache/kerby/kerby-asn1/1.0.1/kerby-asn1-1.0.1.jar:/home/user/.m2/repository/org/apache/kerby/kerby-util/1.0.1/kerby-util-1.0.1.jar:/home/user/.m2/repository/org/apache/kerby/kerb-common/1.0.1/kerb-common-1.0.1.jar:/home/user/.m2/repository/org/apache/kerby/kerb-crypto/1.0.1/kerb-crypto-1.0.1.jar:/home/user/.m2/repository/org/apache/kerby/kerb-util/1.0.1/kerb-util-1.0.1.jar:/home/user/.m2/repository/org/apache/kerby/token-provider/1.0.1/token-provider-1.0.1.jar:/home/user/.m2/repository/org/apache/kerby/kerb-admin/1.0.1/kerb-admin-1.0.1.jar:/home/user/.m2/repository/org/apache/kerby/kerb-server/1.0.1/kerb-server-1.0.1.jar:/home/user/.m2/repository/org/apache/kerby/kerb-identity/1.0.1/kerb-identity-1.0.1.jar:/home/user/.m2/repository/org/apache/kerby/kerby-xdr/1.0.1/kerby-xdr-1.0.1.jar:/home/user/.m2/repository/org/slf4j/slf4j-log4j12/1.7.25/slf4j-log4j12-1.7.25.jar:/home/user/.m2/repository/org/apache/hadoop/hadoop-ozone-objectstore-service/0.5.0-SNAPSHOT/hadoop-ozone-objectstore-service-0.5.0-SNAPSHOT.jar:/home/user/.m2/repository/org/apache/hadoop/hadoop-ozone-s3gateway/0.5.0-SNAPSHOT/hadoop-ozone-s3gateway-0.5.0-SNAPSHOT.jar:/home/user/.m2/repository/org/jboss/weld/servlet/weld-servlet/2.4.7.Final/weld-servlet-2.4.7.Final.jar:/home/user/.m2/repository/org/glassfish/jersey/containers/jersey-container-servlet-core/2.27/jersey-container-servlet-core-2.27.jar:/home/user/.m2/repository/org/glassfish/hk2/external/javax.inject/2.5.0-b42/javax.inject-2.5.0-b42.jar:/home/user/.m2/repository/org/glassfish/jersey/core/jersey-common/2.27/jersey-common-2.27.jar:/home/user/.m2/repository/org/glassfish/hk2/osgi-resource-locator/1.0.1/osgi-resource-locator-1.0.1.jar:/home/user/.m2/repository/javax/ws/rs/javax.ws.rs-api/2.1/javax.ws.rs-api-2.1.jar:/home/user/.m2/repository/org/glassfish/jersey/ext/cdi/jersey-cdi1x/2.27/jersey-cdi1x-2.27.jar:/home/user/.m2/repository/org/glassfish/jersey/inject/jersey-hk2/2.27/jersey-hk2-2.27.jar:/home/user/.m2/repository/org/glassfish/hk2/hk2-locator/2.5.0-b42/hk2-locator-2.5.0-b42.jar:/home/user/.m2/repository/org/javassist/javassist/3.22.0-CR2/javassist-3.22.0-CR2.jar:/home/user/.m2/repository/org/glassfish/hk2/hk2-api/2.5.0/hk2-api-2.5.0.jar:/home/user/.m2/repository/org/glassfish/hk2/external/jakarta.inject/2.5.0/jakarta.inject-2.5.0.jar:/home/user/.m2/repository/org/glassfish/hk2/hk2-utils/2.5.0/hk2-utils-2.5.0.jar:/home/user/.m2/repository/jakarta/annotation/jakarta.annotation-api/1.3.4/jakarta.annotation-api-1.3.4.jar:/home/user/.m2/repository/org/glassfish/hk2/external/aopalliance-repackaged/2.5.0/aopalliance-repackaged-2.5.0.jar:/home/user/.m2/repository/com/fasterxml/jackson/dataformat/jackson-dataformat-xml/2.9.0/jackson-dataformat-xml-2.9.0.jar:/home/user/.m2/repository/com/fasterxml/jackson/core/jackson-core/2.9.5/jackson-core-2.9.5.jar:/home/user/.m2/repository/com/fasterxml/jackson/module/jackson-module-jaxb-annotations/2.9.5/jackson-module-jaxb-annotations-2.9.5.jar:/home/user/.m2/repository/javax/enterprise/cdi-api/1.2/cdi-api-1.2.jar:/home/user/.m2/repository/javax/el/javax.el-api/3.0.0/javax.el-api-3.0.0.jar:/home/user/.m2/repository/javax/interceptor/javax.interceptor-api/1.2/javax.interceptor-api-1.2.jar:/home/user/.m2/repository/javax/inject/javax.inject/1/javax.inject-1.jar:/home/user/.m2/repository/com/sun/xml/bind/jaxb-impl/2.3.0.1/jaxb-impl-2.3.0.1.jar:/home/user/.m2/repository/com/sun/xml/bind/jaxb-core/2.3.0.1/jaxb-core-2.3.0.1.jar:/home/user/.m2/repository/javax/xml/bind/jaxb-api/2.3.0/jaxb-api-2.3.0.jar:/home/user/.m2/repository/javax/activation/activation/1.1.1/activation-1.1.1.jar:/home/user/.m2/repository/org/apache/hadoop/hadoop-ozone-csi/0.5.0-SNAPSHOT/hadoop-ozone-csi-0.5.0-SNAPSHOT.jar:/home/user/.m2/repository/com/google/protobuf/protobuf-java-util/3.5.1/protobuf-java-util-3.5.1.jar:/home/user/.m2/repository/org/apache/hadoop/hadoop-hdds-config/0.5.0-SNAPSHOT/hadoop-hdds-config-0.5.0-SNAPSHOT.jar:/home/user/.m2/repository/io/grpc/grpc-netty/1.17.1/grpc-netty-1.17.1.jar:/home/user/.m2/repository/io/grpc/grpc-core/1.17.1/grpc-core-1.17.1.jar:/home/user/.m2/repository/io/grpc/grpc-context/1.17.1/grpc-context-1.17.1.jar:/home/user/.m2/repository/com/google/errorprone/error_prone_annotations/2.2.0/error_prone_annotations-2.2.0.jar:/home/user/.m2/repository/org/codehaus/mojo/animal-sniffer-annotations/1.17/animal-sniffer-annotations-1.17.jar:/home/user/.m2/repository/io/opencensus/opencensus-api/0.17.0/opencensus-api-0.17.0.jar:/home/user/.m2/repository/io/opencensus/opencensus-contrib-grpc-metrics/0.17.0/opencensus-contrib-grpc-metrics-0.17.0.jar:/home/user/.m2/repository/io/netty/netty-codec-http2/4.1.30.Final/netty-codec-http2-4.1.30.Final.jar:/home/user/.m2/repository/io/netty/netty-codec-http/4.1.30.Final/netty-codec-http-4.1.30.Final.jar:/home/user/.m2/repository/io/netty/netty-codec/4.1.30.Final/netty-codec-4.1.30.Final.jar:/home/user/.m2/repository/io/netty/netty-handler/4.1.30.Final/netty-handler-4.1.30.Final.jar:/home/user/.m2/repository/io/netty/netty-handler-proxy/4.1.30.Final/netty-handler-proxy-4.1.30.Final.jar:/home/user/.m2/repository/io/netty/netty-codec-socks/4.1.30.Final/netty-codec-socks-4.1.30.Final.jar:/home/user/.m2/repository/io/netty/netty-transport-native-epoll/4.1.30.Final/netty-transport-native-epoll-4.1.30.Final.jar:/home/user/.m2/repository/io/netty/netty-common/4.1.30.Final/netty-common-4.1.30.Final.jar:/home/user/.m2/repository/io/netty/netty-buffer/4.1.30.Final/netty-buffer-4.1.30.Final.jar:/home/user/.m2/repository/io/netty/netty-transport/4.1.30.Final/netty-transport-4.1.30.Final.jar:/home/user/.m2/repository/io/netty/netty-resolver/4.1.30.Final/netty-resolver-4.1.30.Final.jar:/home/user/.m2/repository/io/netty/netty-transport-native-unix-common/4.1.30.Final/netty-transport-native-unix-common-4.1.30.Final.jar:/home/user/.m2/repository/io/grpc/grpc-protobuf/1.17.1/grpc-protobuf-1.17.1.jar:/home/user/.m2/repository/com/google/api/grpc/proto-google-common-protos/1.0.0/proto-google-common-protos-1.0.0.jar:/home/user/.m2/repository/io/grpc/grpc-protobuf-lite/1.17.1/grpc-protobuf-lite-1.17.1.jar:/home/user/.m2/repository/io/grpc/grpc-stub/1.17.1/grpc-stub-1.17.1.jar:/home/user/.m2/repository/org/apache/hadoop/hadoop-ozone-recon/0.5.0-SNAPSHOT/hadoop-ozone-recon-0.5.0-SNAPSHOT.jar:/home/user/.m2/repository/org/apache/hadoop/hadoop-ozone-reconcodegen/0.5.0-SNAPSHOT/hadoop-ozone-reconcodegen-0.5.0-SNAPSHOT.jar:/home/user/.m2/repository/com/google/inject/extensions/guice-multibindings/4.0/guice-multibindings-4.0.jar:/home/user/.m2/repository/com/google/inject/guice/4.0/guice-4.0.jar:/home/user/.m2/repository/aopalliance/aopalliance/1.0/aopalliance-1.0.jar:/home/user/.m2/repository/com/google/inject/extensions/guice-servlet/4.0/guice-servlet-4.0.jar:/home/user/.m2/repository/org/glassfish/jersey/containers/jersey-container-servlet/2.27/jersey-container-servlet-2.27.jar:/home/user/.m2/repository/org/glassfish/hk2/guice-bridge/2.5.0/guice-bridge-2.5.0.jar:/home/user/.m2/repository/org/glassfish/jersey/core/jersey-server/2.27/jersey-server-2.27.jar:/home/user/.m2/repository/org/glassfish/jersey/core/jersey-client/2.27/jersey-client-2.27.jar:/home/user/.m2/repository/org/glassfish/jersey/media/jersey-media-jaxb/2.27/jersey-media-jaxb-2.27.jar:/home/user/.m2/repository/javax/validation/validation-api/1.1.0.Final/validation-api-1.1.0.Final.jar:/home/user/.m2/repository/org/glassfish/jersey/media/jersey-media-json-jackson/2.27/jersey-media-json-jackson-2.27.jar:/home/user/.m2/repository/org/glassfish/jersey/ext/jersey-entity-filtering/2.27/jersey-entity-filtering-2.27.jar:/home/user/.m2/repository/com/google/inject/extensions/guice-assistedinject/4.0/guice-assistedinject-4.0.jar:/home/user/.m2/repository/org/jooq/jooq/3.11.10/jooq-3.11.10.jar:/home/user/.m2/repository/org/jooq/jooq-meta/3.11.10/jooq-meta-3.11.10.jar:/home/user/.m2/repository/org/jooq/jooq-codegen/3.11.10/jooq-codegen-3.11.10.jar:/home/user/.m2/repository/com/jolbox/bonecp/0.8.0.RELEASE/bonecp-0.8.0.RELEASE.jar:/home/user/.m2/repository/org/xerial/sqlite-jdbc/3.25.2/sqlite-jdbc-3.25.2.jar:/home/user/.m2/repository/org/springframework/spring-jdbc/5.1.3.RELEASE/spring-jdbc-5.1.3.RELEASE.jar:/home/user/.m2/repository/org/springframework/spring-beans/5.1.3.RELEASE/spring-beans-5.1.3.RELEASE.jar:/home/user/.m2/repository/org/springframework/spring-core/5.1.3.RELEASE/spring-core-5.1.3.RELEASE.jar:/home/user/.m2/repository/org/springframework/spring-jcl/5.1.3.RELEASE/spring-jcl-5.1.3.RELEASE.jar:/home/user/.m2/repository/org/springframework/spring-tx/5.1.3.RELEASE/spring-tx-5.1.3.RELEASE.jar:/home/user/.m2/repository/org/apache/hadoop/hadoop-ozone-client/0.5.0-SNAPSHOT/hadoop-ozone-client-0.5.0-SNAPSHOT.jar:/home/user/.m2/repository/commons-lang/commons-lang/2.6/commons-lang-2.6.jar:/home/user/.m2/repository/org/apache/hadoop/hadoop-ozone-ozone-manager/0.5.0-SNAPSHOT/hadoop-ozone-ozone-manager-0.5.0-SNAPSHOT-tests.jar:/home/user/.m2/repository/junit/junit/4.11/junit-4.11.jar:/home/user/.m2/repository/org/hamcrest/hamcrest-core/1.3/hamcrest-core-1.3.jar:/home/user/.m2/repository/org/openjdk/jmh/jmh-core/1.19/jmh-core-1.19.jar:/home/user/.m2/repository/net/sf/jopt-simple/jopt-simple/4.6/jopt-simple-4.6.jar:/home/user/.m2/repository/org/apache/commons/commons-math3/3.1.1/commons-math3-3.1.1.jar:/home/user/.m2/repository/org/openjdk/jmh/jmh-generator-annprocess/1.19/jmh-generator-annprocess-1.19.jar:/home/user/.m2/repository/org/mockito/mockito-all/1.8.5/mockito-all-1.8.5.jar:/home/user/.m2/repository/org/apache/hadoop/hadoop-kms/3.2.0/hadoop-kms-3.2.0.jar:/home/user/.m2/repository/org/apache/hadoop/hadoop-auth/3.2.0/hadoop-auth-3.2.0.jar:/home/user/.m2/repository/com/nimbusds/nimbus-jose-jwt/4.41.1/nimbus-jose-jwt-4.41.1.jar:/home/user/.m2/repository/com/github/stephenc/jcip/jcip-annotations/1.0-1/jcip-annotations-1.0-1.jar:/home/user/.m2/repository/net/minidev/json-smart/2.3/json-smart-2.3.jar:/home/user/.m2/repository/net/minidev/accessors-smart/1.2/accessors-smart-1.2.jar:/home/user/.m2/repository/org/ow2/asm/asm/5.0.4/asm-5.0.4.jar:/home/user/.m2/repository/org/apache/curator/curator-framework/2.12.0/curator-framework-2.12.0.jar:/home/user/.m2/repository/com/sun/jersey/jersey-core/1.19/jersey-core-1.19.jar:/home/user/.m2/repository/javax/ws/rs/jsr311-api/1.1.1/jsr311-api-1.1.1.jar:/home/user/.m2/repository/com/sun/jersey/jersey-server/1.19/jersey-server-1.19.jar:/home/user/.m2/repository/javax/servlet/javax.servlet-api/3.1.0/javax.servlet-api-3.1.0.jar:/home/user/.m2/repository/org/eclipse/jetty/jetty-server/9.3.24.v20180605/jetty-server-9.3.24.v20180605.jar:/home/user/.m2/repository/org/eclipse/jetty/jetty-http/9.3.24.v20180605/jetty-http-9.3.24.v20180605.jar:/home/user/.m2/repository/org/eclipse/jetty/jetty-io/9.3.24.v20180605/jetty-io-9.3.24.v20180605.jar:/home/user/.m2/repository/org/eclipse/jetty/jetty-webapp/9.3.24.v20180605/jetty-webapp-9.3.24.v20180605.jar:/home/user/.m2/repository/org/eclipse/jetty/jetty-xml/9.3.24.v20180605/jetty-xml-9.3.24.v20180605.jar:/home/user/.m2/repository/log4j/log4j/1.2.17/log4j-1.2.17.jar:/home/user/.m2/repository/org/slf4j/slf4j-api/1.7.25/slf4j-api-1.7.25.jar:/home/user/.m2/repository/org/slf4j/jul-to-slf4j/1.7.25/jul-to-slf4j-1.7.25.jar:/home/user/.m2/repository/org/eclipse/jetty/jetty-util/9.3.24.v20180605/jetty-util-9.3.24.v20180605.jar:/home/user/.m2/repository/com/fasterxml/jackson/core/jackson-databind/2.9.5/jackson-databind-2.9.5.jar:/home/user/.m2/repository/org/apache/hadoop/hadoop-kms/3.2.0/hadoop-kms-3.2.0-tests.jar:/home/user/.m2/repository/org/apache/hadoop/hadoop-hdds-server-scm/0.5.0-SNAPSHOT/hadoop-hdds-server-scm-0.5.0-SNAPSHOT-tests.jar:/home/user/.m2/repository/org/apache/hadoop/hadoop-hdds-container-service/0.5.0-SNAPSHOT/hadoop-hdds-container-service-0.5.0-SNAPSHOT-tests.jar:/home/user/.m2/repository/org/yaml/snakeyaml/1.16/snakeyaml-1.16.jar:/home/user/.m2/repository/org/apache/hadoop/hadoop-common/3.2.0/hadoop-common-3.2.0-tests.jar:/home/user/.m2/repository/org/apache/hadoop/hadoop-annotations/3.2.0/hadoop-annotations-3.2.0.jar:/usr/lib/jvm/java-1.8-openjdk/jre/../lib/tools.jar:/home/user/.m2/repository/commons-cli/commons-cli/1.2/commons-cli-1.2.jar:/home/user/.m2/repository/org/apache/httpcomponents/httpclient/4.5.2/httpclient-4.5.2.jar:/home/user/.m2/repository/org/apache/httpcomponents/httpcore/4.4.4/httpcore-4.4.4.jar:/home/user/.m2/repository/commons-codec/commons-codec/1.11/commons-codec-1.11.jar:/home/user/.m2/repository/commons-net/commons-net/3.6/commons-net-3.6.jar:/home/user/.m2/repository/commons-collections/commons-collections/3.2.2/commons-collections-3.2.2.jar:/home/user/.m2/repository/org/eclipse/jetty/jetty-servlet/9.3.24.v20180605/jetty-servlet-9.3.24.v20180605.jar:/home/user/.m2/repository/org/eclipse/jetty/jetty-security/9.3.24.v20180605/jetty-security-9.3.24.v20180605.jar:/home/user/.m2/repository/javax/servlet/jsp/jsp-api/2.1/jsp-api-2.1.jar:/home/user/.m2/repository/com/sun/jersey/jersey-servlet/1.19/jersey-servlet-1.19.jar:/home/user/.m2/repository/com/sun/jersey/jersey-json/1.19/jersey-json-1.19.jar:/home/user/.m2/repository/org/codehaus/jettison/jettison/1.1/jettison-1.1.jar:/home/user/.m2/repository/org/codehaus/jackson/jackson-core-asl/1.9.13/jackson-core-asl-1.9.13.jar:/home/user/.m2/repository/org/codehaus/jackson/jackson-mapper-asl/1.9.13/jackson-mapper-asl-1.9.13.jar:/home/user/.m2/repository/org/codehaus/jackson/jackson-jaxrs/1.9.13/jackson-jaxrs-1.9.13.jar:/home/user/.m2/repository/org/codehaus/jackson/jackson-xc/1.9.13/jackson-xc-1.9.13.jar:/home/user/.m2/repository/commons-logging/commons-logging/1.1.3/commons-logging-1.1.3.jar:/home/user/.m2/repository/commons-beanutils/commons-beanutils/1.9.3/commons-beanutils-1.9.3.jar:/home/user/.m2/repository/org/apache/commons/commons-configuration2/2.1.1/commons-configuration2-2.1.1.jar:/home/user/.m2/repository/org/apache/commons/commons-lang3/3.7/commons-lang3-3.7.jar:/home/user/.m2/repository/org/apache/commons/commons-text/1.4/commons-text-1.4.jar:/home/user/.m2/repository/org/apache/avro/avro/1.7.7/avro-1.7.7.jar:/home/user/.m2/repository/com/thoughtworks/paranamer/paranamer/2.3/paranamer-2.3.jar:/home/user/.m2/repository/org/xerial/snappy/snappy-java/1.0.5/snappy-java-1.0.5.jar:/home/user/.m2/repository/com/google/re2j/re2j/1.1/re2j-1.1.jar:/home/user/.m2/repository/com/google/code/gson/gson/2.2.4/gson-2.2.4.jar:/home/user/.m2/repository/com/jcraft/jsch/0.1.54/jsch-0.1.54.jar:/home/user/.m2/repository/org/apache/curator/curator-client/2.12.0/curator-client-2.12.0.jar:/home/user/.m2/repository/org/apache/curator/curator-recipes/2.12.0/curator-recipes-2.12.0.jar:/home/user/.m2/repository/com/google/code/findbugs/jsr305/3.0.0/jsr305-3.0.0.jar:/home/user/.m2/repository/org/apache/htrace/htrace-core4/4.1.0-incubating/htrace-core4-4.1.0-incubating.jar:/home/user/.m2/repository/org/apache/zookeeper/zookeeper/3.4.13/zookeeper-3.4.13.jar:/home/user/.m2/repository/org/apache/yetus/audience-annotations/0.5.0/audience-annotations-0.5.0.jar:/home/user/.m2/repository/org/codehaus/woodstox/stax2-api/3.1.4/stax2-api-3.1.4.jar:/home/user/.m2/repository/com/fasterxml/woodstox/woodstox-core/5.0.3/woodstox-core-5.0.3.jar:/home/user/.m2/repository/dnsjava/dnsjava/2.1.7/dnsjava-2.1.7.jar:/home/user/.m2/repository/org/apache/hadoop/hadoop-hdfs/3.2.0/hadoop-hdfs-3.2.0-tests.jar:/home/user/.m2/repository/org/eclipse/jetty/jetty-util-ajax/9.3.24.v20180605/jetty-util-ajax-9.3.24.v20180605.jar:/home/user/.m2/repository/commons-daemon/commons-daemon/1.0.13/commons-daemon-1.0.13.jar:/home/user/.m2/repository/io/netty/netty/3.10.5.Final/netty-3.10.5.Final.jar:/home/user/.m2/repository/io/netty/netty-all/4.0.52.Final/netty-all-4.0.52.Final.jar:/home/user/.m2/repository/org/fusesource/leveldbjni/leveldbjni-all/1.8/leveldbjni-all-1.8.jar:"/>
    <property name="java.vm.vendor" value="IcedTea"/>
    <property name="sun.arch.data.model" value="64"/>
    <property name="test.build.dir" value="/workdir/hadoop-ozone/integration-test/target/test-dir"/>
    <property name="test.cache.data" value=""/>
    <property name="java.vendor.url" value="https://icedtea.classpath.org"/>
    <property name="user.timezone" value=""/>
    <property name="java.vm.specification.version" value="1.8"/>
    <property name="os.name" value="Linux"/>
    <property name="test.build.data" value="/workdir/hadoop-ozone/integration-test/target/test-dir"/>
    <property name="user.country" value="US"/>
    <property name="sun.java.launcher" value="SUN_STANDARD"/>
    <property name="sun.boot.library.path" value="/usr/lib/jvm/java-1.8-openjdk/jre/lib/amd64"/>
    <property name="sun.java.command" value="/workdir/hadoop-ozone/integration-test/target/surefire/surefirebooter7950900333930409592.jar /workdir/hadoop-ozone/integration-test/target/surefire 2019-08-13T05-14-13_765-jvmRun1 surefire7931389071996722042tmp surefire_285469546031673161126tmp"/>
    <property name="surefire.test.class.path" value="/workdir/hadoop-ozone/integration-test/target/test-classes:/workdir/hadoop-ozone/integration-test/target/classes:/home/user/.m2/repository/org/apache/hadoop/hadoop-ozone-common/0.5.0-SNAPSHOT/hadoop-ozone-common-0.5.0-SNAPSHOT.jar:/home/user/.m2/repository/org/apache/commons/commons-compress/1.4.1/commons-compress-1.4.1.jar:/home/user/.m2/repository/org/tukaani/xz/1.0/xz-1.0.jar:/home/user/.m2/repository/org/apache/hadoop/hadoop-common/3.2.0/hadoop-common-3.2.0.jar:/home/user/.m2/repository/org/apache/hadoop/hadoop-hdfs/3.2.0/hadoop-hdfs-3.2.0.jar:/home/user/.m2/repository/org/apache/hadoop/hadoop-hdfs-client/3.2.0/hadoop-hdfs-client-3.2.0.jar:/home/user/.m2/repository/com/fasterxml/jackson/core/jackson-annotations/2.9.5/jackson-annotations-2.9.5.jar:/home/user/.m2/repository/org/apache/hadoop/hadoop-hdds-common/0.5.0-SNAPSHOT/hadoop-hdds-common-0.5.0-SNAPSHOT.jar:/home/user/.m2/repository/javax/annotation/javax.annotation-api/1.2/javax.annotation-api-1.2.jar:/home/user/.m2/repository/org/apache/ratis/ratis-server/0.4.0-2337318-SNAPSHOT/ratis-server-0.4.0-2337318-SNAPSHOT.jar:/home/user/.m2/repository/org/apache/ratis/ratis-thirdparty-misc/0.2.0/ratis-thirdparty-misc-0.2.0.jar:/home/user/.m2/repository/org/apache/ratis/ratis-proto/0.4.0-2337318-SNAPSHOT/ratis-proto-0.4.0-2337318-SNAPSHOT.jar:/home/user/.m2/repository/org/apache/ratis/ratis-common/0.4.0-2337318-SNAPSHOT/ratis-common-0.4.0-2337318-SNAPSHOT.jar:/home/user/.m2/repository/org/apache/ratis/ratis-client/0.4.0-2337318-SNAPSHOT/ratis-client-0.4.0-2337318-SNAPSHOT.jar:/home/user/.m2/repository/org/apache/ratis/ratis-metrics/0.4.0-2337318-SNAPSHOT/ratis-metrics-0.4.0-2337318-SNAPSHOT.jar:/home/user/.m2/repository/org/apache/ratis/ratis-netty/0.4.0-2337318-SNAPSHOT/ratis-netty-0.4.0-2337318-SNAPSHOT.jar:/home/user/.m2/repository/org/apache/ratis/ratis-grpc/0.4.0-2337318-SNAPSHOT/ratis-grpc-0.4.0-2337318-SNAPSHOT.jar:/home/user/.m2/repository/org/rocksdb/rocksdbjni/6.0.1/rocksdbjni-6.0.1.jar:/home/user/.m2/repository/org/apache/logging/log4j/log4j-api/2.11.0/log4j-api-2.11.0.jar:/home/user/.m2/repository/org/apache/logging/log4j/log4j-core/2.11.0/log4j-core-2.11.0.jar:/home/user/.m2/repository/com/lmax/disruptor/3.4.2/disruptor-3.4.2.jar:/home/user/.m2/repository/org/apache/commons/commons-pool2/2.6.0/commons-pool2-2.6.0.jar:/home/user/.m2/repository/org/bouncycastle/bcpkix-jdk15on/1.60/bcpkix-jdk15on-1.60.jar:/home/user/.m2/repository/commons-validator/commons-validator/1.6/commons-validator-1.6.jar:/home/user/.m2/repository/commons-digester/commons-digester/1.8.1/commons-digester-1.8.1.jar:/home/user/.m2/repository/io/jaegertracing/jaeger-client/0.33.1/jaeger-client-0.33.1.jar:/home/user/.m2/repository/io/jaegertracing/jaeger-thrift/0.33.1/jaeger-thrift-0.33.1.jar:/home/user/.m2/repository/org/apache/thrift/libthrift/0.11.0/libthrift-0.11.0.jar:/home/user/.m2/repository/com/squareup/okhttp3/okhttp/3.9.0/okhttp-3.9.0.jar:/home/user/.m2/repository/com/squareup/okio/okio/1.13.0/okio-1.13.0.jar:/home/user/.m2/repository/io/jaegertracing/jaeger-core/0.33.1/jaeger-core-0.33.1.jar:/home/user/.m2/repository/io/jaegertracing/jaeger-tracerresolver/0.33.1/jaeger-tracerresolver-0.33.1.jar:/home/user/.m2/repository/io/opentracing/contrib/opentracing-tracerresolver/0.1.5/opentracing-tracerresolver-0.1.5.jar:/home/user/.m2/repository/io/opentracing/opentracing-util/0.31.0/opentracing-util-0.31.0.jar:/home/user/.m2/repository/io/opentracing/opentracing-api/0.31.0/opentracing-api-0.31.0.jar:/home/user/.m2/repository/io/opentracing/opentracing-noop/0.31.0/opentracing-noop-0.31.0.jar:/home/user/.m2/repository/org/apache/hadoop/hadoop-hdds-server-framework/0.5.0-SNAPSHOT/hadoop-hdds-server-framework-0.5.0-SNAPSHOT.jar:/home/user/.m2/repository/org/apache/hadoop/hadoop-hdds-container-service/0.5.0-SNAPSHOT/hadoop-hdds-container-service-0.5.0-SNAPSHOT.jar:/home/user/.m2/repository/org/apache/hadoop/hadoop-hdds-client/0.5.0-SNAPSHOT/hadoop-hdds-client-0.5.0-SNAPSHOT.jar:/home/user/.m2/repository/org/apache/hadoop/hadoop-hdds-tools/0.5.0-SNAPSHOT/hadoop-hdds-tools-0.5.0-SNAPSHOT.jar:/home/user/.m2/repository/org/apache/hadoop/hadoop-hdds-server-scm/0.5.0-SNAPSHOT/hadoop-hdds-server-scm-0.5.0-SNAPSHOT.jar:/home/user/.m2/repository/org/apache/hadoop/hadoop-hdds-docs/0.5.0-SNAPSHOT/hadoop-hdds-docs-0.5.0-SNAPSHOT.jar:/home/user/.m2/repository/io/dropwizard/metrics/metrics-core/3.2.4/metrics-core-3.2.4.jar:/home/user/.m2/repository/org/hamcrest/hamcrest-all/1.3/hamcrest-all-1.3.jar:/home/user/.m2/repository/org/bouncycastle/bcprov-jdk15on/1.60/bcprov-jdk15on-1.60.jar:/home/user/.m2/repository/info/picocli/picocli/3.9.6/picocli-3.9.6.jar:/home/user/.m2/repository/com/google/protobuf/protobuf-java/2.5.0/protobuf-java-2.5.0.jar:/home/user/.m2/repository/com/google/guava/guava/11.0.2/guava-11.0.2.jar:/home/user/.m2/repository/org/apache/hadoop/hadoop-ozone-ozone-manager/0.5.0-SNAPSHOT/hadoop-ozone-ozone-manager-0.5.0-SNAPSHOT.jar:/home/user/.m2/repository/org/apache/hadoop/hadoop-minikdc/3.2.0/hadoop-minikdc-3.2.0.jar:/home/user/.m2/repository/commons-io/commons-io/2.5/commons-io-2.5.jar:/home/user/.m2/repository/org/apache/kerby/kerb-simplekdc/1.0.1/kerb-simplekdc-1.0.1.jar:/home/user/.m2/repository/org/apache/kerby/kerb-client/1.0.1/kerb-client-1.0.1.jar:/home/user/.m2/repository/org/apache/kerby/kerby-config/1.0.1/kerby-config-1.0.1.jar:/home/user/.m2/repository/org/apache/kerby/kerb-core/1.0.1/kerb-core-1.0.1.jar:/home/user/.m2/repository/org/apache/kerby/kerby-pkix/1.0.1/kerby-pkix-1.0.1.jar:/home/user/.m2/repository/org/apache/kerby/kerby-asn1/1.0.1/kerby-asn1-1.0.1.jar:/home/user/.m2/repository/org/apache/kerby/kerby-util/1.0.1/kerby-util-1.0.1.jar:/home/user/.m2/repository/org/apache/kerby/kerb-common/1.0.1/kerb-common-1.0.1.jar:/home/user/.m2/repository/org/apache/kerby/kerb-crypto/1.0.1/kerb-crypto-1.0.1.jar:/home/user/.m2/repository/org/apache/kerby/kerb-util/1.0.1/kerb-util-1.0.1.jar:/home/user/.m2/repository/org/apache/kerby/token-provider/1.0.1/token-provider-1.0.1.jar:/home/user/.m2/repository/org/apache/kerby/kerb-admin/1.0.1/kerb-admin-1.0.1.jar:/home/user/.m2/repository/org/apache/kerby/kerb-server/1.0.1/kerb-server-1.0.1.jar:/home/user/.m2/repository/org/apache/kerby/kerb-identity/1.0.1/kerb-identity-1.0.1.jar:/home/user/.m2/repository/org/apache/kerby/kerby-xdr/1.0.1/kerby-xdr-1.0.1.jar:/home/user/.m2/repository/org/slf4j/slf4j-log4j12/1.7.25/slf4j-log4j12-1.7.25.jar:/home/user/.m2/repository/org/apache/hadoop/hadoop-ozone-objectstore-service/0.5.0-SNAPSHOT/hadoop-ozone-objectstore-service-0.5.0-SNAPSHOT.jar:/home/user/.m2/repository/org/apache/hadoop/hadoop-ozone-s3gateway/0.5.0-SNAPSHOT/hadoop-ozone-s3gateway-0.5.0-SNAPSHOT.jar:/home/user/.m2/repository/org/jboss/weld/servlet/weld-servlet/2.4.7.Final/weld-servlet-2.4.7.Final.jar:/home/user/.m2/repository/org/glassfish/jersey/containers/jersey-container-servlet-core/2.27/jersey-container-servlet-core-2.27.jar:/home/user/.m2/repository/org/glassfish/hk2/external/javax.inject/2.5.0-b42/javax.inject-2.5.0-b42.jar:/home/user/.m2/repository/org/glassfish/jersey/core/jersey-common/2.27/jersey-common-2.27.jar:/home/user/.m2/repository/org/glassfish/hk2/osgi-resource-locator/1.0.1/osgi-resource-locator-1.0.1.jar:/home/user/.m2/repository/javax/ws/rs/javax.ws.rs-api/2.1/javax.ws.rs-api-2.1.jar:/home/user/.m2/repository/org/glassfish/jersey/ext/cdi/jersey-cdi1x/2.27/jersey-cdi1x-2.27.jar:/home/user/.m2/repository/org/glassfish/jersey/inject/jersey-hk2/2.27/jersey-hk2-2.27.jar:/home/user/.m2/repository/org/glassfish/hk2/hk2-locator/2.5.0-b42/hk2-locator-2.5.0-b42.jar:/home/user/.m2/repository/org/javassist/javassist/3.22.0-CR2/javassist-3.22.0-CR2.jar:/home/user/.m2/repository/org/glassfish/hk2/hk2-api/2.5.0/hk2-api-2.5.0.jar:/home/user/.m2/repository/org/glassfish/hk2/external/jakarta.inject/2.5.0/jakarta.inject-2.5.0.jar:/home/user/.m2/repository/org/glassfish/hk2/hk2-utils/2.5.0/hk2-utils-2.5.0.jar:/home/user/.m2/repository/jakarta/annotation/jakarta.annotation-api/1.3.4/jakarta.annotation-api-1.3.4.jar:/home/user/.m2/repository/org/glassfish/hk2/external/aopalliance-repackaged/2.5.0/aopalliance-repackaged-2.5.0.jar:/home/user/.m2/repository/com/fasterxml/jackson/dataformat/jackson-dataformat-xml/2.9.0/jackson-dataformat-xml-2.9.0.jar:/home/user/.m2/repository/com/fasterxml/jackson/core/jackson-core/2.9.5/jackson-core-2.9.5.jar:/home/user/.m2/repository/com/fasterxml/jackson/module/jackson-module-jaxb-annotations/2.9.5/jackson-module-jaxb-annotations-2.9.5.jar:/home/user/.m2/repository/javax/enterprise/cdi-api/1.2/cdi-api-1.2.jar:/home/user/.m2/repository/javax/el/javax.el-api/3.0.0/javax.el-api-3.0.0.jar:/home/user/.m2/repository/javax/interceptor/javax.interceptor-api/1.2/javax.interceptor-api-1.2.jar:/home/user/.m2/repository/javax/inject/javax.inject/1/javax.inject-1.jar:/home/user/.m2/repository/com/sun/xml/bind/jaxb-impl/2.3.0.1/jaxb-impl-2.3.0.1.jar:/home/user/.m2/repository/com/sun/xml/bind/jaxb-core/2.3.0.1/jaxb-core-2.3.0.1.jar:/home/user/.m2/repository/javax/xml/bind/jaxb-api/2.3.0/jaxb-api-2.3.0.jar:/home/user/.m2/repository/javax/activation/activation/1.1.1/activation-1.1.1.jar:/home/user/.m2/repository/org/apache/hadoop/hadoop-ozone-csi/0.5.0-SNAPSHOT/hadoop-ozone-csi-0.5.0-SNAPSHOT.jar:/home/user/.m2/repository/com/google/protobuf/protobuf-java-util/3.5.1/protobuf-java-util-3.5.1.jar:/home/user/.m2/repository/org/apache/hadoop/hadoop-hdds-config/0.5.0-SNAPSHOT/hadoop-hdds-config-0.5.0-SNAPSHOT.jar:/home/user/.m2/repository/io/grpc/grpc-netty/1.17.1/grpc-netty-1.17.1.jar:/home/user/.m2/repository/io/grpc/grpc-core/1.17.1/grpc-core-1.17.1.jar:/home/user/.m2/repository/io/grpc/grpc-context/1.17.1/grpc-context-1.17.1.jar:/home/user/.m2/repository/com/google/errorprone/error_prone_annotations/2.2.0/error_prone_annotations-2.2.0.jar:/home/user/.m2/repository/org/codehaus/mojo/animal-sniffer-annotations/1.17/animal-sniffer-annotations-1.17.jar:/home/user/.m2/repository/io/opencensus/opencensus-api/0.17.0/opencensus-api-0.17.0.jar:/home/user/.m2/repository/io/opencensus/opencensus-contrib-grpc-metrics/0.17.0/opencensus-contrib-grpc-metrics-0.17.0.jar:/home/user/.m2/repository/io/netty/netty-codec-http2/4.1.30.Final/netty-codec-http2-4.1.30.Final.jar:/home/user/.m2/repository/io/netty/netty-codec-http/4.1.30.Final/netty-codec-http-4.1.30.Final.jar:/home/user/.m2/repository/io/netty/netty-codec/4.1.30.Final/netty-codec-4.1.30.Final.jar:/home/user/.m2/repository/io/netty/netty-handler/4.1.30.Final/netty-handler-4.1.30.Final.jar:/home/user/.m2/repository/io/netty/netty-handler-proxy/4.1.30.Final/netty-handler-proxy-4.1.30.Final.jar:/home/user/.m2/repository/io/netty/netty-codec-socks/4.1.30.Final/netty-codec-socks-4.1.30.Final.jar:/home/user/.m2/repository/io/netty/netty-transport-native-epoll/4.1.30.Final/netty-transport-native-epoll-4.1.30.Final.jar:/home/user/.m2/repository/io/netty/netty-common/4.1.30.Final/netty-common-4.1.30.Final.jar:/home/user/.m2/repository/io/netty/netty-buffer/4.1.30.Final/netty-buffer-4.1.30.Final.jar:/home/user/.m2/repository/io/netty/netty-transport/4.1.30.Final/netty-transport-4.1.30.Final.jar:/home/user/.m2/repository/io/netty/netty-resolver/4.1.30.Final/netty-resolver-4.1.30.Final.jar:/home/user/.m2/repository/io/netty/netty-transport-native-unix-common/4.1.30.Final/netty-transport-native-unix-common-4.1.30.Final.jar:/home/user/.m2/repository/io/grpc/grpc-protobuf/1.17.1/grpc-protobuf-1.17.1.jar:/home/user/.m2/repository/com/google/api/grpc/proto-google-common-protos/1.0.0/proto-google-common-protos-1.0.0.jar:/home/user/.m2/repository/io/grpc/grpc-protobuf-lite/1.17.1/grpc-protobuf-lite-1.17.1.jar:/home/user/.m2/repository/io/grpc/grpc-stub/1.17.1/grpc-stub-1.17.1.jar:/home/user/.m2/repository/org/apache/hadoop/hadoop-ozone-recon/0.5.0-SNAPSHOT/hadoop-ozone-recon-0.5.0-SNAPSHOT.jar:/home/user/.m2/repository/org/apache/hadoop/hadoop-ozone-reconcodegen/0.5.0-SNAPSHOT/hadoop-ozone-reconcodegen-0.5.0-SNAPSHOT.jar:/home/user/.m2/repository/com/google/inject/extensions/guice-multibindings/4.0/guice-multibindings-4.0.jar:/home/user/.m2/repository/com/google/inject/guice/4.0/guice-4.0.jar:/home/user/.m2/repository/aopalliance/aopalliance/1.0/aopalliance-1.0.jar:/home/user/.m2/repository/com/google/inject/extensions/guice-servlet/4.0/guice-servlet-4.0.jar:/home/user/.m2/repository/org/glassfish/jersey/containers/jersey-container-servlet/2.27/jersey-container-servlet-2.27.jar:/home/user/.m2/repository/org/glassfish/hk2/guice-bridge/2.5.0/guice-bridge-2.5.0.jar:/home/user/.m2/repository/org/glassfish/jersey/core/jersey-server/2.27/jersey-server-2.27.jar:/home/user/.m2/repository/org/glassfish/jersey/core/jersey-client/2.27/jersey-client-2.27.jar:/home/user/.m2/repository/org/glassfish/jersey/media/jersey-media-jaxb/2.27/jersey-media-jaxb-2.27.jar:/home/user/.m2/repository/javax/validation/validation-api/1.1.0.Final/validation-api-1.1.0.Final.jar:/home/user/.m2/repository/org/glassfish/jersey/media/jersey-media-json-jackson/2.27/jersey-media-json-jackson-2.27.jar:/home/user/.m2/repository/org/glassfish/jersey/ext/jersey-entity-filtering/2.27/jersey-entity-filtering-2.27.jar:/home/user/.m2/repository/com/google/inject/extensions/guice-assistedinject/4.0/guice-assistedinject-4.0.jar:/home/user/.m2/repository/org/jooq/jooq/3.11.10/jooq-3.11.10.jar:/home/user/.m2/repository/org/jooq/jooq-meta/3.11.10/jooq-meta-3.11.10.jar:/home/user/.m2/repository/org/jooq/jooq-codegen/3.11.10/jooq-codegen-3.11.10.jar:/home/user/.m2/repository/com/jolbox/bonecp/0.8.0.RELEASE/bonecp-0.8.0.RELEASE.jar:/home/user/.m2/repository/org/xerial/sqlite-jdbc/3.25.2/sqlite-jdbc-3.25.2.jar:/home/user/.m2/repository/org/springframework/spring-jdbc/5.1.3.RELEASE/spring-jdbc-5.1.3.RELEASE.jar:/home/user/.m2/repository/org/springframework/spring-beans/5.1.3.RELEASE/spring-beans-5.1.3.RELEASE.jar:/home/user/.m2/repository/org/springframework/spring-core/5.1.3.RELEASE/spring-core-5.1.3.RELEASE.jar:/home/user/.m2/repository/org/springframework/spring-jcl/5.1.3.RELEASE/spring-jcl-5.1.3.RELEASE.jar:/home/user/.m2/repository/org/springframework/spring-tx/5.1.3.RELEASE/spring-tx-5.1.3.RELEASE.jar:/home/user/.m2/repository/org/apache/hadoop/hadoop-ozone-client/0.5.0-SNAPSHOT/hadoop-ozone-client-0.5.0-SNAPSHOT.jar:/home/user/.m2/repository/commons-lang/commons-lang/2.6/commons-lang-2.6.jar:/home/user/.m2/repository/org/apache/hadoop/hadoop-ozone-ozone-manager/0.5.0-SNAPSHOT/hadoop-ozone-ozone-manager-0.5.0-SNAPSHOT-tests.jar:/home/user/.m2/repository/junit/junit/4.11/junit-4.11.jar:/home/user/.m2/repository/org/hamcrest/hamcrest-core/1.3/hamcrest-core-1.3.jar:/home/user/.m2/repository/org/openjdk/jmh/jmh-core/1.19/jmh-core-1.19.jar:/home/user/.m2/repository/net/sf/jopt-simple/jopt-simple/4.6/jopt-simple-4.6.jar:/home/user/.m2/repository/org/apache/commons/commons-math3/3.1.1/commons-math3-3.1.1.jar:/home/user/.m2/repository/org/openjdk/jmh/jmh-generator-annprocess/1.19/jmh-generator-annprocess-1.19.jar:/home/user/.m2/repository/org/mockito/mockito-all/1.8.5/mockito-all-1.8.5.jar:/home/user/.m2/repository/org/apache/hadoop/hadoop-kms/3.2.0/hadoop-kms-3.2.0.jar:/home/user/.m2/repository/org/apache/hadoop/hadoop-auth/3.2.0/hadoop-auth-3.2.0.jar:/home/user/.m2/repository/com/nimbusds/nimbus-jose-jwt/4.41.1/nimbus-jose-jwt-4.41.1.jar:/home/user/.m2/repository/com/github/stephenc/jcip/jcip-annotations/1.0-1/jcip-annotations-1.0-1.jar:/home/user/.m2/repository/net/minidev/json-smart/2.3/json-smart-2.3.jar:/home/user/.m2/repository/net/minidev/accessors-smart/1.2/accessors-smart-1.2.jar:/home/user/.m2/repository/org/ow2/asm/asm/5.0.4/asm-5.0.4.jar:/home/user/.m2/repository/org/apache/curator/curator-framework/2.12.0/curator-framework-2.12.0.jar:/home/user/.m2/repository/com/sun/jersey/jersey-core/1.19/jersey-core-1.19.jar:/home/user/.m2/repository/javax/ws/rs/jsr311-api/1.1.1/jsr311-api-1.1.1.jar:/home/user/.m2/repository/com/sun/jersey/jersey-server/1.19/jersey-server-1.19.jar:/home/user/.m2/repository/javax/servlet/javax.servlet-api/3.1.0/javax.servlet-api-3.1.0.jar:/home/user/.m2/repository/org/eclipse/jetty/jetty-server/9.3.24.v20180605/jetty-server-9.3.24.v20180605.jar:/home/user/.m2/repository/org/eclipse/jetty/jetty-http/9.3.24.v20180605/jetty-http-9.3.24.v20180605.jar:/home/user/.m2/repository/org/eclipse/jetty/jetty-io/9.3.24.v20180605/jetty-io-9.3.24.v20180605.jar:/home/user/.m2/repository/org/eclipse/jetty/jetty-webapp/9.3.24.v20180605/jetty-webapp-9.3.24.v20180605.jar:/home/user/.m2/repository/org/eclipse/jetty/jetty-xml/9.3.24.v20180605/jetty-xml-9.3.24.v20180605.jar:/home/user/.m2/repository/log4j/log4j/1.2.17/log4j-1.2.17.jar:/home/user/.m2/repository/org/slf4j/slf4j-api/1.7.25/slf4j-api-1.7.25.jar:/home/user/.m2/repository/org/slf4j/jul-to-slf4j/1.7.25/jul-to-slf4j-1.7.25.jar:/home/user/.m2/repository/org/eclipse/jetty/jetty-util/9.3.24.v20180605/jetty-util-9.3.24.v20180605.jar:/home/user/.m2/repository/com/fasterxml/jackson/core/jackson-databind/2.9.5/jackson-databind-2.9.5.jar:/home/user/.m2/repository/org/apache/hadoop/hadoop-kms/3.2.0/hadoop-kms-3.2.0-tests.jar:/home/user/.m2/repository/org/apache/hadoop/hadoop-hdds-server-scm/0.5.0-SNAPSHOT/hadoop-hdds-server-scm-0.5.0-SNAPSHOT-tests.jar:/home/user/.m2/repository/org/apache/hadoop/hadoop-hdds-container-service/0.5.0-SNAPSHOT/hadoop-hdds-container-service-0.5.0-SNAPSHOT-tests.jar:/home/user/.m2/repository/org/yaml/snakeyaml/1.16/snakeyaml-1.16.jar:/home/user/.m2/repository/org/apache/hadoop/hadoop-common/3.2.0/hadoop-common-3.2.0-tests.jar:/home/user/.m2/repository/org/apache/hadoop/hadoop-annotations/3.2.0/hadoop-annotations-3.2.0.jar:/usr/lib/jvm/java-1.8-openjdk/jre/../lib/tools.jar:/home/user/.m2/repository/commons-cli/commons-cli/1.2/commons-cli-1.2.jar:/home/user/.m2/repository/org/apache/httpcomponents/httpclient/4.5.2/httpclient-4.5.2.jar:/home/user/.m2/repository/org/apache/httpcomponents/httpcore/4.4.4/httpcore-4.4.4.jar:/home/user/.m2/repository/commons-codec/commons-codec/1.11/commons-codec-1.11.jar:/home/user/.m2/repository/commons-net/commons-net/3.6/commons-net-3.6.jar:/home/user/.m2/repository/commons-collections/commons-collections/3.2.2/commons-collections-3.2.2.jar:/home/user/.m2/repository/org/eclipse/jetty/jetty-servlet/9.3.24.v20180605/jetty-servlet-9.3.24.v20180605.jar:/home/user/.m2/repository/org/eclipse/jetty/jetty-security/9.3.24.v20180605/jetty-security-9.3.24.v20180605.jar:/home/user/.m2/repository/javax/servlet/jsp/jsp-api/2.1/jsp-api-2.1.jar:/home/user/.m2/repository/com/sun/jersey/jersey-servlet/1.19/jersey-servlet-1.19.jar:/home/user/.m2/repository/com/sun/jersey/jersey-json/1.19/jersey-json-1.19.jar:/home/user/.m2/repository/org/codehaus/jettison/jettison/1.1/jettison-1.1.jar:/home/user/.m2/repository/org/codehaus/jackson/jackson-core-asl/1.9.13/jackson-core-asl-1.9.13.jar:/home/user/.m2/repository/org/codehaus/jackson/jackson-mapper-asl/1.9.13/jackson-mapper-asl-1.9.13.jar:/home/user/.m2/repository/org/codehaus/jackson/jackson-jaxrs/1.9.13/jackson-jaxrs-1.9.13.jar:/home/user/.m2/repository/org/codehaus/jackson/jackson-xc/1.9.13/jackson-xc-1.9.13.jar:/home/user/.m2/repository/commons-logging/commons-logging/1.1.3/commons-logging-1.1.3.jar:/home/user/.m2/repository/commons-beanutils/commons-beanutils/1.9.3/commons-beanutils-1.9.3.jar:/home/user/.m2/repository/org/apache/commons/commons-configuration2/2.1.1/commons-configuration2-2.1.1.jar:/home/user/.m2/repository/org/apache/commons/commons-lang3/3.7/commons-lang3-3.7.jar:/home/user/.m2/repository/org/apache/commons/commons-text/1.4/commons-text-1.4.jar:/home/user/.m2/repository/org/apache/avro/avro/1.7.7/avro-1.7.7.jar:/home/user/.m2/repository/com/thoughtworks/paranamer/paranamer/2.3/paranamer-2.3.jar:/home/user/.m2/repository/org/xerial/snappy/snappy-java/1.0.5/snappy-java-1.0.5.jar:/home/user/.m2/repository/com/google/re2j/re2j/1.1/re2j-1.1.jar:/home/user/.m2/repository/com/google/code/gson/gson/2.2.4/gson-2.2.4.jar:/home/user/.m2/repository/com/jcraft/jsch/0.1.54/jsch-0.1.54.jar:/home/user/.m2/repository/org/apache/curator/curator-client/2.12.0/curator-client-2.12.0.jar:/home/user/.m2/repository/org/apache/curator/curator-recipes/2.12.0/curator-recipes-2.12.0.jar:/home/user/.m2/repository/com/google/code/findbugs/jsr305/3.0.0/jsr305-3.0.0.jar:/home/user/.m2/repository/org/apache/htrace/htrace-core4/4.1.0-incubating/htrace-core4-4.1.0-incubating.jar:/home/user/.m2/repository/org/apache/zookeeper/zookeeper/3.4.13/zookeeper-3.4.13.jar:/home/user/.m2/repository/org/apache/yetus/audience-annotations/0.5.0/audience-annotations-0.5.0.jar:/home/user/.m2/repository/org/codehaus/woodstox/stax2-api/3.1.4/stax2-api-3.1.4.jar:/home/user/.m2/repository/com/fasterxml/woodstox/woodstox-core/5.0.3/woodstox-core-5.0.3.jar:/home/user/.m2/repository/dnsjava/dnsjava/2.1.7/dnsjava-2.1.7.jar:/home/user/.m2/repository/org/apache/hadoop/hadoop-hdfs/3.2.0/hadoop-hdfs-3.2.0-tests.jar:/home/user/.m2/repository/org/eclipse/jetty/jetty-util-ajax/9.3.24.v20180605/jetty-util-ajax-9.3.24.v20180605.jar:/home/user/.m2/repository/commons-daemon/commons-daemon/1.0.13/commons-daemon-1.0.13.jar:/home/user/.m2/repository/io/netty/netty/3.10.5.Final/netty-3.10.5.Final.jar:/home/user/.m2/repository/io/netty/netty-all/4.0.52.Final/netty-all-4.0.52.Final.jar:/home/user/.m2/repository/org/fusesource/leveldbjni/leveldbjni-all/1.8/leveldbjni-all-1.8.jar:"/>
    <property name="sun.cpu.endian" value="little"/>
    <property name="user.home" value="/home/user"/>
    <property name="user.language" value="en"/>
    <property name="java.specification.vendor" value="Oracle Corporation"/>
    <property name="java.home" value="/usr/lib/jvm/java-1.8-openjdk/jre"/>
    <property name="java.security.krb5.conf" value="/workdir/hadoop-ozone/integration-test/target/test-classes/krb5.conf"/>
    <property name="basedir" value="/workdir/hadoop-ozone/integration-test"/>
    <property name="file.separator" value="/"/>
    <property name="line.separator" value="&#10;"/>
    <property name="java.vm.specification.vendor" value="Oracle Corporation"/>
    <property name="java.specification.name" value="Java Platform API Specification"/>
    <property name="java.awt.graphicsenv" value="sun.awt.X11GraphicsEnvironment"/>
    <property name="surefire.real.class.path" value="/workdir/hadoop-ozone/integration-test/target/surefire/surefirebooter7950900333930409592.jar"/>
    <property name="hadoop.log.dir" value="/workdir/hadoop-ozone/integration-test/target/log"/>
    <property name="sun.boot.class.path" value="/usr/lib/jvm/java-1.8-openjdk/jre/lib/resources.jar:/usr/lib/jvm/java-1.8-openjdk/jre/lib/rt.jar:/usr/lib/jvm/java-1.8-openjdk/jre/lib/sunrsasign.jar:/usr/lib/jvm/java-1.8-openjdk/jre/lib/jsse.jar:/usr/lib/jvm/java-1.8-openjdk/jre/lib/jce.jar:/usr/lib/jvm/java-1.8-openjdk/jre/lib/charsets.jar:/usr/lib/jvm/java-1.8-openjdk/jre/lib/jfr.jar:/usr/lib/jvm/java-1.8-openjdk/jre/classes"/>
    <property name="sun.management.compiler" value="HotSpot 64-Bit Tiered Compilers"/>
    <property name="java.runtime.version" value="1.8.0_212-b04"/>
    <property name="java.net.preferIPv4Stack" value="true"/>
    <property name="user.name" value="jenkins1000"/>
    <property name="path.separator" value=":"/>
    <property name="java.security.egd" value="file:///dev/urandom"/>
    <property name="os.version" value="3.10.0-957.12.2.el7.x86_64"/>
    <property name="java.endorsed.dirs" value="/usr/lib/jvm/java-1.8-openjdk/jre/lib/endorsed"/>
    <property name="java.runtime.name" value="OpenJDK Runtime Environment"/>
    <property name="file.encoding" value="UTF-8"/>
    <property name="java.vm.name" value="OpenJDK 64-Bit Server VM"/>
    <property name="test.build.webapps" value=""/>
    <property name="localRepository" value="/home/user/.m2/repository"/>
    <property name="java.vendor.url.bug" value="https://icedtea.classpath.org/bugzilla"/>
    <property name="java.io.tmpdir" value="/tmp"/>
    <property name="require.test.libhadoop" value=""/>
    <property name="java.version" value="1.8.0_212"/>
    <property name="user.dir" value="/workdir/hadoop-ozone/integration-test"/>
    <property name="os.arch" value="amd64"/>
    <property name="java.vm.specification.name" value="Java Virtual Machine Specification"/>
    <property name="test.build.classes" value="/workdir/hadoop-ozone/integration-test/target/test-classes"/>
    <property name="java.awt.printerjob" value="sun.print.PSPrinterJob"/>
    <property name="sun.os.patch.level" value="unknown"/>
    <property name="hadoop.tmp.dir" value="/workdir/hadoop-ozone/integration-test/target/tmp"/>
    <property name="java.library.path" value="/usr/lib/jvm/java-1.8-openjdk/jre/lib/amd64/server:/usr/lib/jvm/java-1.8-openjdk/jre/lib/amd64:/usr/lib/jvm/java-1.8-openjdk/jre/../lib/amd64:/workdir/hadoop-ozone/integration-test/target/native/target/usr/local/lib:/workdir/hadoop-ozone/integration-test/../../hadoop-common-project/hadoop-common/target/native/target/usr/local/lib:/usr/java/packages/lib/amd64:/usr/lib64:/lib64:/lib:/usr/lib"/>
    <property name="java.vm.info" value="mixed mode"/>
    <property name="java.vendor" value="IcedTea"/>
    <property name="java.vm.version" value="25.212-b04"/>
    <property name="java.ext.dirs" value="/usr/lib/jvm/java-1.8-openjdk/jre/lib/ext:/usr/java/packages/lib/ext"/>
    <property name="sun.io.unicode.encoding" value="UnicodeLittle"/>
    <property name="java.class.version" value="52.0"/>
  </properties>
  <testcase name="test2DatanodesFailure" classname="org.apache.hadoop.ozone.client.rpc.TestBlockOutputStreamWithFailures" time="43.019">
    <failure type="java.lang.AssertionError">java.lang.AssertionError
	at org.junit.Assert.fail(Assert.java:86)
	at org.junit.Assert.assertTrue(Assert.java:41)
	at org.junit.Assert.assertTrue(Assert.java:52)
	at org.apache.hadoop.ozone.client.rpc.TestBlockOutputStreamWithFailures.test2DatanodesFailure(TestBlockOutputStreamWithFailures.java:507)
	at sun.reflect.NativeMethodAccessorImpl.invoke0(Native Method)
	at sun.reflect.NativeMethodAccessorImpl.invoke(NativeMethodAccessorImpl.java:62)
	at sun.reflect.DelegatingMethodAccessorImpl.invoke(DelegatingMethodAccessorImpl.java:43)
	at java.lang.reflect.Method.invoke(Method.java:498)
	at org.junit.runners.model.FrameworkMethod$1.runReflectiveCall(FrameworkMethod.java:47)
	at org.junit.internal.runners.model.ReflectiveCallable.run(ReflectiveCallable.java:12)
	at org.junit.runners.model.FrameworkMethod.invokeExplosively(FrameworkMethod.java:44)
	at org.junit.internal.runners.statements.InvokeMethod.evaluate(InvokeMethod.java:17)
	at org.junit.internal.runners.statements.RunBefores.evaluate(RunBefores.java:26)
	at org.junit.internal.runners.statements.RunAfters.evaluate(RunAfters.java:27)
	at org.junit.runners.ParentRunner.runLeaf(ParentRunner.java:271)
	at org.junit.runners.BlockJUnit4ClassRunner.runChild(BlockJUnit4ClassRunner.java:70)
	at org.junit.runners.BlockJUnit4ClassRunner.runChild(BlockJUnit4ClassRunner.java:50)
	at org.junit.runners.ParentRunner$3.run(ParentRunner.java:238)
	at org.junit.runners.ParentRunner$1.schedule(ParentRunner.java:63)
	at org.junit.runners.ParentRunner.runChildren(ParentRunner.java:236)
	at org.junit.runners.ParentRunner.access$000(ParentRunner.java:53)
	at org.junit.runners.ParentRunner$2.evaluate(ParentRunner.java:229)
	at org.junit.runners.ParentRunner.run(ParentRunner.java:309)
	at org.apache.maven.surefire.junit4.JUnit4Provider.execute(JUnit4Provider.java:365)
	at org.apache.maven.surefire.junit4.JUnit4Provider.executeWithRerun(JUnit4Provider.java:273)
	at org.apache.maven.surefire.junit4.JUnit4Provider.executeTestSet(JUnit4Provider.java:238)
	at org.apache.maven.surefire.junit4.JUnit4Provider.invoke(JUnit4Provider.java:159)
	at org.apache.maven.surefire.booter.ForkedBooter.invokeProviderInSameClassLoader(ForkedBooter.java:384)
	at org.apache.maven.surefire.booter.ForkedBooter.runSuitesInProcess(ForkedBooter.java:345)
	at org.apache.maven.surefire.booter.ForkedBooter.execute(ForkedBooter.java:126)
	at org.apache.maven.surefire.booter.ForkedBooter.main(ForkedBooter.java:418)
</failure>
    <system-out><![CDATA[2019-08-13 05:31:34,980 WARN  server.ServerUtils (ServerUtils.java:getScmDbDir(145)) - ozone.scm.db.dirs is not configured. We recommend adding this setting. Falling back to ozone.metadata.dirs instead.
2019-08-13 05:31:35,075 WARN  server.ServerUtils (ServerUtils.java:getScmDbDir(145)) - ozone.scm.db.dirs is not configured. We recommend adding this setting. Falling back to ozone.metadata.dirs instead.
2019-08-13 05:31:35,078 WARN  server.ServerUtils (ServerUtils.java:getScmDbDir(145)) - ozone.scm.db.dirs is not configured. We recommend adding this setting. Falling back to ozone.metadata.dirs instead.
2019-08-13 05:31:35,096 INFO  util.log (Log.java:initialized(192)) - Logging initialized @908ms
2019-08-13 05:31:35,191 INFO  db.DBStoreBuilder (DBStoreBuilder.java:addTable(110)) - using custom profile for table: deletedBlocks
2019-08-13 05:31:35,192 INFO  db.DBStoreBuilder (DBStoreBuilder.java:processTables(161)) - Using default column profile:DBProfile.DISK for Table:deletedBlocks
2019-08-13 05:31:35,192 INFO  db.DBStoreBuilder (DBStoreBuilder.java:addTable(110)) - using custom profile for table: validCerts
2019-08-13 05:31:35,193 INFO  db.DBStoreBuilder (DBStoreBuilder.java:processTables(161)) - Using default column profile:DBProfile.DISK for Table:validCerts
2019-08-13 05:31:35,193 INFO  db.DBStoreBuilder (DBStoreBuilder.java:addTable(110)) - using custom profile for table: revokedCerts
2019-08-13 05:31:35,193 INFO  db.DBStoreBuilder (DBStoreBuilder.java:processTables(161)) - Using default column profile:DBProfile.DISK for Table:revokedCerts
2019-08-13 05:31:35,206 INFO  db.DBStoreBuilder (DBStoreBuilder.java:addTable(110)) - using custom profile for table: default
2019-08-13 05:31:35,207 INFO  db.DBStoreBuilder (DBStoreBuilder.java:processTables(167)) - Using default column profile:DBProfile.DISK for Table:default
2019-08-13 05:31:35,208 INFO  db.DBStoreBuilder (DBStoreBuilder.java:getDbProfile(198)) - Using default options. DBProfile.DISK
2019-08-13 05:31:35,312 INFO  net.NodeSchemaLoader (NodeSchemaLoader.java:loadSchemaFromFile(125)) - Loading file from sun.misc.CompoundEnumeration@5f058f00
2019-08-13 05:31:35,314 INFO  net.NodeSchemaLoader (NodeSchemaLoader.java:loadSchema(171)) - Loading network topology layer schema file
2019-08-13 05:31:35,383 INFO  node.SCMNodeManager (SCMNodeManager.java:<init>(121)) - Entering startup safe mode.
2019-08-13 05:31:35,452 INFO  algorithms.ContainerPlacementPolicyFactory (ContainerPlacementPolicyFactory.java:getPolicy(55)) - Create container placement policy of type org.apache.hadoop.hdds.scm.container.placement.algorithms.SCMContainerPlacementRandom
2019-08-13 05:31:35,467 WARN  server.ServerUtils (ServerUtils.java:getScmDbDir(145)) - ozone.scm.db.dirs is not configured. We recommend adding this setting. Falling back to ozone.metadata.dirs instead.
2019-08-13 05:31:35,520 INFO  pipeline.SCMPipelineManager (SCMPipelineManager.java:initializePipelineState(126)) - No pipeline exists in current db
2019-08-13 05:31:35,522 WARN  server.ServerUtils (ServerUtils.java:getScmDbDir(145)) - ozone.scm.db.dirs is not configured. We recommend adding this setting. Falling back to ozone.metadata.dirs instead.
2019-08-13 05:31:35,593 WARN  events.EventQueue (EventQueue.java:fireEvent(175)) - No event handler registered for event TypedEvent{payloadType=SafeModeStatus, name='SafeModeStatus'}
2019-08-13 05:31:35,944 INFO  ipc.CallQueueManager (CallQueueManager.java:<init>(84)) - Using callQueue: class java.util.concurrent.LinkedBlockingQueue, queueCapacity: 2000, scheduler: class org.apache.hadoop.ipc.DefaultRpcScheduler, ipcBackoff: false.
2019-08-13 05:31:35,974 INFO  ipc.Server (Server.java:run(1074)) - Starting Socket Reader #1 for port 41370
2019-08-13 05:31:35,997 INFO  ipc.CallQueueManager (CallQueueManager.java:<init>(84)) - Using callQueue: class java.util.concurrent.LinkedBlockingQueue, queueCapacity: 2000, scheduler: class org.apache.hadoop.ipc.DefaultRpcScheduler, ipcBackoff: false.
2019-08-13 05:31:35,998 INFO  ipc.Server (Server.java:run(1074)) - Starting Socket Reader #1 for port 41186
2019-08-13 05:31:36,005 INFO  ipc.CallQueueManager (CallQueueManager.java:<init>(84)) - Using callQueue: class java.util.concurrent.LinkedBlockingQueue, queueCapacity: 2000, scheduler: class org.apache.hadoop.ipc.DefaultRpcScheduler, ipcBackoff: false.
2019-08-13 05:31:36,007 INFO  ipc.Server (Server.java:run(1074)) - Starting Socket Reader #1 for port 44634
2019-08-13 05:31:36,146 INFO  hdfs.DFSUtil (DFSUtil.java:httpServerTemplateForNNAndJN(1641)) - Starting Web-server for scm at: http://0.0.0.0:0
2019-08-13 05:31:36,327 INFO  server.AuthenticationFilter (AuthenticationFilter.java:constructSecretProvider(240)) - Unable to initialize FileSignerSecretProvider, falling back to use random secrets.
2019-08-13 05:31:36,338 WARN  http.HttpRequestLog (HttpRequestLog.java:getRequestLog(97)) - Jetty request log can only be enabled using Log4j
2019-08-13 05:31:36,348 INFO  http.HttpServer2 (HttpServer2.java:addGlobalFilter(975)) - Added global filter 'safety' (class=org.apache.hadoop.http.HttpServer2$QuotingInputFilter)
2019-08-13 05:31:36,352 INFO  http.HttpServer2 (HttpServer2.java:addFilter(948)) - Added filter static_user_filter (class=org.apache.hadoop.http.lib.StaticUserWebFilter$StaticUserFilter) to context scm
2019-08-13 05:31:36,352 INFO  http.HttpServer2 (HttpServer2.java:addFilter(958)) - Added filter static_user_filter (class=org.apache.hadoop.http.lib.StaticUserWebFilter$StaticUserFilter) to context static
2019-08-13 05:31:36,352 INFO  http.HttpServer2 (HttpServer2.java:addFilter(958)) - Added filter static_user_filter (class=org.apache.hadoop.http.lib.StaticUserWebFilter$StaticUserFilter) to context logs
2019-08-13 05:31:36,385 INFO  server.StorageContainerManager (StorageContainerManager.java:start(759)) - StorageContainerLocationProtocol RPC server is listening at /0.0.0.0:44634
2019-08-13 05:31:36,450 WARN  impl.MetricsConfig (MetricsConfig.java:loadFirst(134)) - Cannot locate configuration: tried hadoop-metrics2-storagecontainermanager.properties,hadoop-metrics2.properties
2019-08-13 05:31:36,465 INFO  impl.MetricsSystemImpl (MetricsSystemImpl.java:startTimer(374)) - Scheduled Metric snapshot period at 10 second(s).
2019-08-13 05:31:36,465 INFO  impl.MetricsSystemImpl (MetricsSystemImpl.java:start(191)) - StorageContainerManager metrics system started
2019-08-13 05:31:36,705 INFO  server.SCMClientProtocolServer (SCMClientProtocolServer.java:start(151)) - RPC server for Client  is listening at /0.0.0.0:44634
2019-08-13 05:31:36,706 INFO  ipc.Server (Server.java:run(1314)) - IPC Server Responder: starting
2019-08-13 05:31:36,707 INFO  ipc.Server (Server.java:run(1153)) - IPC Server listener on 44634: starting
2019-08-13 05:31:36,710 INFO  server.StorageContainerManager (StorageContainerManager.java:start(769)) - ScmBlockLocationProtocol RPC server is listening at /0.0.0.0:41186
2019-08-13 05:31:36,710 INFO  server.SCMBlockProtocolServer (SCMBlockProtocolServer.java:start(140)) - RPC server for Block Protocol is listening at /0.0.0.0:41186
2019-08-13 05:31:36,710 INFO  ipc.Server (Server.java:run(1314)) - IPC Server Responder: starting
2019-08-13 05:31:36,711 INFO  ipc.Server (Server.java:run(1153)) - IPC Server listener on 41186: starting
2019-08-13 05:31:36,712 INFO  server.StorageContainerManager (StorageContainerManager.java:start(773)) - ScmDatanodeProtocl RPC server is listening at /0.0.0.0:41370
2019-08-13 05:31:36,713 INFO  server.SCMDatanodeProtocolServer (SCMDatanodeProtocolServer.java:start(191)) - RPC server for DataNodes is listening at /0.0.0.0:41370
2019-08-13 05:31:36,713 INFO  ipc.Server (Server.java:run(1314)) - IPC Server Responder: starting
2019-08-13 05:31:36,713 INFO  ipc.Server (Server.java:run(1153)) - IPC Server listener on 41370: starting
2019-08-13 05:31:36,716 INFO  http.HttpServer2 (HttpServer2.java:bindListener(1191)) - Jetty bound to port 35076
2019-08-13 05:31:36,718 INFO  server.Server (Server.java:doStart(351)) - jetty-9.3.24.v20180605, build timestamp: 2018-06-05T17:11:56Z, git hash: 84205aa28f11a4f31f2a3b86d1bba2cc8ab69827
2019-08-13 05:31:36,757 INFO  handler.ContextHandler (ContextHandler.java:doStart(781)) - Started o.e.j.s.ServletContextHandler@495b0487{/logs,file:///workdir/hadoop-ozone/integration-test/target/log,AVAILABLE}
2019-08-13 05:31:36,758 INFO  handler.ContextHandler (ContextHandler.java:doStart(781)) - Started o.e.j.s.ServletContextHandler@222eb8aa{/static,file:///workdir/hadoop-ozone/integration-test/target/test-classes/webapps/static,AVAILABLE}
2019-08-13 05:31:36,791 INFO  handler.ContextHandler (ContextHandler.java:doStart(781)) - Started o.e.j.w.WebAppContext@72f46e16{/,file:///workdir/hadoop-ozone/integration-test/target/test-classes/webapps/scm/,AVAILABLE}{/scm}
2019-08-13 05:31:36,797 INFO  server.AbstractConnector (AbstractConnector.java:doStart(278)) - Started ServerConnector@77307458{HTTP/1.1,[http/1.1]}{0.0.0.0:35076}
2019-08-13 05:31:36,797 INFO  server.Server (Server.java:doStart(419)) - Started @2610ms
2019-08-13 05:31:36,798 INFO  server.BaseHttpServer (BaseHttpServer.java:updateConnectorAddress(213)) - HTTP server of SCM is listening at http://0.0.0.0:35076
2019-08-13 05:31:36,804 INFO  util.JvmPauseMonitor (JvmPauseMonitor.java:run(188)) - Starting JVM pause monitor
2019-08-13 05:31:36,806 WARN  server.ServerUtils (ServerUtils.java:getDBPath(222)) - ozone.om.db.dirs is not configured. We recommend adding this setting. Falling back to ozone.metadata.dirs instead.
2019-08-13 05:31:36,904 WARN  server.ServerUtils (ServerUtils.java:getDBPath(222)) - ozone.om.db.dirs is not configured. We recommend adding this setting. Falling back to ozone.metadata.dirs instead.
2019-08-13 05:31:36,904 WARN  server.ServerUtils (ServerUtils.java:getDBPath(222)) - ozone.om.db.dirs is not configured. We recommend adding this setting. Falling back to ozone.metadata.dirs instead.
2019-08-13 05:31:36,905 INFO  om.OzoneManager (OzoneManager.java:setOMNodeDetails(647)) - OM Service ID is not set. Setting it to the default ID: omServiceIdDefault
2019-08-13 05:31:36,906 INFO  om.OzoneManager (OzoneManager.java:setOMNodeDetails(653)) - OM Node ID is not set. Setting it to the OmStorage's OmID: 7382cf91-4ef9-41df-87ad-e5539a12e089
2019-08-13 05:31:36,907 INFO  om.OzoneManager (OzoneManager.java:loadOMHAConfigs(604)) - Found matching OM address with OMServiceId: null, OMNodeId: null, RPC Address: localhost:0 and Ratis port: 9872
2019-08-13 05:31:37,661 WARN  server.ServerUtils (ServerUtils.java:getDBPath(222)) - ozone.om.db.dirs is not configured. We recommend adding this setting. Falling back to ozone.metadata.dirs instead.
2019-08-13 05:31:37,669 INFO  db.DBStoreBuilder (DBStoreBuilder.java:addTable(110)) - using custom profile for table: userTable
2019-08-13 05:31:37,669 INFO  db.DBStoreBuilder (DBStoreBuilder.java:processTables(161)) - Using default column profile:DBProfile.DISK for Table:userTable
2019-08-13 05:31:37,669 INFO  db.DBStoreBuilder (DBStoreBuilder.java:addTable(110)) - using custom profile for table: volumeTable
2019-08-13 05:31:37,670 INFO  db.DBStoreBuilder (DBStoreBuilder.java:processTables(161)) - Using default column profile:DBProfile.DISK for Table:volumeTable
2019-08-13 05:31:37,670 INFO  db.DBStoreBuilder (DBStoreBuilder.java:addTable(110)) - using custom profile for table: bucketTable
2019-08-13 05:31:37,670 INFO  db.DBStoreBuilder (DBStoreBuilder.java:processTables(161)) - Using default column profile:DBProfile.DISK for Table:bucketTable
2019-08-13 05:31:37,670 INFO  db.DBStoreBuilder (DBStoreBuilder.java:addTable(110)) - using custom profile for table: keyTable
2019-08-13 05:31:37,671 INFO  db.DBStoreBuilder (DBStoreBuilder.java:processTables(161)) - Using default column profile:DBProfile.DISK for Table:keyTable
2019-08-13 05:31:37,671 INFO  db.DBStoreBuilder (DBStoreBuilder.java:addTable(110)) - using custom profile for table: deletedTable
2019-08-13 05:31:37,671 INFO  db.DBStoreBuilder (DBStoreBuilder.java:processTables(161)) - Using default column profile:DBProfile.DISK for Table:deletedTable
2019-08-13 05:31:37,671 INFO  db.DBStoreBuilder (DBStoreBuilder.java:addTable(110)) - using custom profile for table: openKeyTable
2019-08-13 05:31:37,672 INFO  db.DBStoreBuilder (DBStoreBuilder.java:processTables(161)) - Using default column profile:DBProfile.DISK for Table:openKeyTable
2019-08-13 05:31:37,672 INFO  db.DBStoreBuilder (DBStoreBuilder.java:addTable(110)) - using custom profile for table: s3Table
2019-08-13 05:31:37,672 INFO  db.DBStoreBuilder (DBStoreBuilder.java:processTables(161)) - Using default column profile:DBProfile.DISK for Table:s3Table
2019-08-13 05:31:37,673 INFO  db.DBStoreBuilder (DBStoreBuilder.java:addTable(110)) - using custom profile for table: multipartInfoTable
2019-08-13 05:31:37,673 INFO  db.DBStoreBuilder (DBStoreBuilder.java:processTables(161)) - Using default column profile:DBProfile.DISK for Table:multipartInfoTable
2019-08-13 05:31:37,673 INFO  db.DBStoreBuilder (DBStoreBuilder.java:addTable(110)) - using custom profile for table: dTokenTable
2019-08-13 05:31:37,673 INFO  db.DBStoreBuilder (DBStoreBuilder.java:processTables(161)) - Using default column profile:DBProfile.DISK for Table:dTokenTable
2019-08-13 05:31:37,674 INFO  db.DBStoreBuilder (DBStoreBuilder.java:addTable(110)) - using custom profile for table: s3SecretTable
2019-08-13 05:31:37,674 INFO  db.DBStoreBuilder (DBStoreBuilder.java:processTables(161)) - Using default column profile:DBProfile.DISK for Table:s3SecretTable
2019-08-13 05:31:37,674 INFO  db.DBStoreBuilder (DBStoreBuilder.java:addTable(110)) - using custom profile for table: prefixTable
2019-08-13 05:31:37,674 INFO  db.DBStoreBuilder (DBStoreBuilder.java:processTables(161)) - Using default column profile:DBProfile.DISK for Table:prefixTable
2019-08-13 05:31:37,675 INFO  db.DBStoreBuilder (DBStoreBuilder.java:addTable(110)) - using custom profile for table: default
2019-08-13 05:31:37,675 INFO  db.DBStoreBuilder (DBStoreBuilder.java:processTables(167)) - Using default column profile:DBProfile.DISK for Table:default
2019-08-13 05:31:37,675 INFO  db.DBStoreBuilder (DBStoreBuilder.java:getDbProfile(198)) - Using default options. DBProfile.DISK
2019-08-13 05:31:38,013 INFO  ipc.CallQueueManager (CallQueueManager.java:<init>(84)) - Using callQueue: class java.util.concurrent.LinkedBlockingQueue, queueCapacity: 2000, scheduler: class org.apache.hadoop.ipc.DefaultRpcScheduler, ipcBackoff: false.
2019-08-13 05:31:38,014 INFO  ipc.Server (Server.java:run(1074)) - Starting Socket Reader #1 for port 46503
2019-08-13 05:31:38,036 INFO  om.OzoneManager (OzoneManager.java:start(1258)) - OzoneManager RPC server is listening at localhost/127.0.0.1:46503
2019-08-13 05:31:38,036 INFO  impl.MetricsSystemImpl (MetricsSystemImpl.java:init(158)) - OzoneManager metrics system started (again)
2019-08-13 05:31:38,037 INFO  ipc.Server (Server.java:run(1314)) - IPC Server Responder: starting
2019-08-13 05:31:38,038 INFO  ipc.Server (Server.java:run(1153)) - IPC Server listener on 46503: starting
2019-08-13 05:31:38,043 INFO  hdfs.DFSUtil (DFSUtil.java:httpServerTemplateForNNAndJN(1641)) - Starting Web-server for ozoneManager at: http://0.0.0.0:0
2019-08-13 05:31:38,045 INFO  server.AuthenticationFilter (AuthenticationFilter.java:constructSecretProvider(240)) - Unable to initialize FileSignerSecretProvider, falling back to use random secrets.
2019-08-13 05:31:38,045 WARN  http.HttpRequestLog (HttpRequestLog.java:getRequestLog(97)) - Jetty request log can only be enabled using Log4j
2019-08-13 05:31:38,047 INFO  http.HttpServer2 (HttpServer2.java:addGlobalFilter(975)) - Added global filter 'safety' (class=org.apache.hadoop.http.HttpServer2$QuotingInputFilter)
2019-08-13 05:31:38,048 INFO  http.HttpServer2 (HttpServer2.java:addFilter(948)) - Added filter static_user_filter (class=org.apache.hadoop.http.lib.StaticUserWebFilter$StaticUserFilter) to context ozoneManager
2019-08-13 05:31:38,049 INFO  http.HttpServer2 (HttpServer2.java:addFilter(958)) - Added filter static_user_filter (class=org.apache.hadoop.http.lib.StaticUserWebFilter$StaticUserFilter) to context static
2019-08-13 05:31:38,049 INFO  http.HttpServer2 (HttpServer2.java:addFilter(958)) - Added filter static_user_filter (class=org.apache.hadoop.http.lib.StaticUserWebFilter$StaticUserFilter) to context logs
2019-08-13 05:31:38,051 INFO  http.HttpServer2 (HttpServer2.java:bindListener(1191)) - Jetty bound to port 40965
2019-08-13 05:31:38,051 INFO  server.Server (Server.java:doStart(351)) - jetty-9.3.24.v20180605, build timestamp: 2018-06-05T17:11:56Z, git hash: 84205aa28f11a4f31f2a3b86d1bba2cc8ab69827
2019-08-13 05:31:38,053 INFO  handler.ContextHandler (ContextHandler.java:doStart(781)) - Started o.e.j.s.ServletContextHandler@4482469c{/logs,file:///workdir/hadoop-ozone/integration-test/target/log,AVAILABLE}
2019-08-13 05:31:38,054 INFO  handler.ContextHandler (ContextHandler.java:doStart(781)) - Started o.e.j.s.ServletContextHandler@34cf5a97{/static,file:///workdir/hadoop-ozone/integration-test/target/test-classes/webapps/static,AVAILABLE}
2019-08-13 05:31:38,059 INFO  handler.ContextHandler (ContextHandler.java:doStart(781)) - Started o.e.j.w.WebAppContext@4bff2185{/,file:///workdir/hadoop-ozone/integration-test/target/test-classes/webapps/ozoneManager/,AVAILABLE}{/ozoneManager}
2019-08-13 05:31:38,059 INFO  server.AbstractConnector (AbstractConnector.java:doStart(278)) - Started ServerConnector@5c20ffa8{HTTP/1.1,[http/1.1]}{0.0.0.0:40965}
2019-08-13 05:31:38,059 INFO  server.Server (Server.java:doStart(419)) - Started @3873ms
2019-08-13 05:31:38,060 INFO  server.BaseHttpServer (BaseHttpServer.java:updateConnectorAddress(213)) - HTTP server of OZONEMANAGER is listening at http://0.0.0.0:40965
2019-08-13 05:31:38,372 INFO  impl.MetricsSystemImpl (MetricsSystemImpl.java:init(158)) - HddsDatanode metrics system started (again)
2019-08-13 05:31:38,467 INFO  ozone.HddsDatanodeService (HddsDatanodeService.java:start(184)) - HddsDatanodeService host:trunk-nightly-m7jb8-1436528744 ip:192.168.5.174
2019-08-13 05:31:38,500 INFO  volume.HddsVolume (HddsVolume.java:<init>(176)) - Creating Volume: /workdir/hadoop-ozone/integration-test/target/test-dir/MiniOzoneClusterImpl-e42735e1-9878-48e1-8bbd-267bfeafd40a/datanode-0/data/containers/hdds of  storage type : DISK and capacity : 52710309888
2019-08-13 05:31:38,502 INFO  volume.VolumeSet (VolumeSet.java:initializeVolumeSet(170)) - Added Volume : /workdir/hadoop-ozone/integration-test/target/test-dir/MiniOzoneClusterImpl-e42735e1-9878-48e1-8bbd-267bfeafd40a/datanode-0/data/containers/hdds to VolumeSet
2019-08-13 05:31:38,505 INFO  volume.ThrottledAsyncChecker (ThrottledAsyncChecker.java:schedule(140)) - Scheduling a check for org.apache.hadoop.ozone.container.common.volume.HddsVolume@59532566
2019-08-13 05:31:38,523 INFO  volume.HddsVolumeChecker (HddsVolumeChecker.java:checkAllVolumes(203)) - Scheduled health check for volume org.apache.hadoop.ozone.container.common.volume.HddsVolume@59532566
2019-08-13 05:31:38,647 INFO  impl.RaftServerProxy (ConfUtils.java:logGet(43)) - raft.rpc.type = GRPC (default)
2019-08-13 05:31:38,713 INFO  grpc.GrpcFactory (GrpcFactory.java:checkPooledByteBufAllocatorUseCacheForAllThreads(45)) - PERFORMANCE WARNING: useCacheForAllThreads is true that may cause Netty to create a lot garbage objects and, as a result, trigger GC.
	It is recommended to disable useCacheForAllThreads by setting -Dorg.apache.ratis.thirdparty.io.netty.allocator.useCacheForAllThreads=false in command line.
2019-08-13 05:31:38,718 INFO  grpc.GrpcConfigKeys$Server (ConfUtils.java:logGet(43)) - raft.grpc.server.port = 0 (default)
2019-08-13 05:31:38,719 INFO  server.GrpcService (ConfUtils.java:logGet(43)) - raft.grpc.message.size.max = 33570816 (custom)
2019-08-13 05:31:38,720 INFO  server.RaftServerConfigKeys (ConfUtils.java:logGet(43)) - raft.server.log.appender.buffer.byte-limit = 33554432 (custom)
2019-08-13 05:31:38,721 INFO  server.GrpcService (ConfUtils.java:logGet(43)) - raft.grpc.flow.control.window = 1MB (=1048576) (default)
2019-08-13 05:31:38,722 INFO  server.RaftServerConfigKeys (ConfUtils.java:logGet(43)) - raft.server.rpc.request.timeout = 3000ms (default)
2019-08-13 05:31:38,898 INFO  server.RaftServerConfigKeys (ConfUtils.java:logGet(43)) - raft.server.storage.dir = [/workdir/hadoop-ozone/integration-test/target/test-dir/MiniOzoneClusterImpl-e42735e1-9878-48e1-8bbd-267bfeafd40a/datanode-0/data/ratis] (custom)
2019-08-13 05:31:38,937 INFO  replication.SimpleContainerDownloader (SimpleContainerDownloader.java:<init>(72)) - Starting container downloader service to copy containers to replicate.
2019-08-13 05:31:38,951 INFO  hdfs.DFSUtil (DFSUtil.java:httpServerTemplateForNNAndJN(1641)) - Starting Web-server for hddsDatanode at: http://0.0.0.0:0
2019-08-13 05:31:38,953 INFO  server.AuthenticationFilter (AuthenticationFilter.java:constructSecretProvider(240)) - Unable to initialize FileSignerSecretProvider, falling back to use random secrets.
2019-08-13 05:31:38,954 WARN  http.HttpRequestLog (HttpRequestLog.java:getRequestLog(97)) - Jetty request log can only be enabled using Log4j
2019-08-13 05:31:38,956 INFO  http.HttpServer2 (HttpServer2.java:addGlobalFilter(975)) - Added global filter 'safety' (class=org.apache.hadoop.http.HttpServer2$QuotingInputFilter)
2019-08-13 05:31:38,956 INFO  http.HttpServer2 (HttpServer2.java:addFilter(948)) - Added filter static_user_filter (class=org.apache.hadoop.http.lib.StaticUserWebFilter$StaticUserFilter) to context hddsDatanode
2019-08-13 05:31:38,957 INFO  http.HttpServer2 (HttpServer2.java:addFilter(958)) - Added filter static_user_filter (class=org.apache.hadoop.http.lib.StaticUserWebFilter$StaticUserFilter) to context static
2019-08-13 05:31:38,957 INFO  http.HttpServer2 (HttpServer2.java:addFilter(958)) - Added filter static_user_filter (class=org.apache.hadoop.http.lib.StaticUserWebFilter$StaticUserFilter) to context logs
2019-08-13 05:31:38,958 INFO  http.HttpServer2 (HttpServer2.java:bindListener(1191)) - Jetty bound to port 41589
2019-08-13 05:31:38,958 INFO  server.Server (Server.java:doStart(351)) - jetty-9.3.24.v20180605, build timestamp: 2018-06-05T17:11:56Z, git hash: 84205aa28f11a4f31f2a3b86d1bba2cc8ab69827
2019-08-13 05:31:38,960 INFO  handler.ContextHandler (ContextHandler.java:doStart(781)) - Started o.e.j.s.ServletContextHandler@312b34e3{/logs,file:///workdir/hadoop-ozone/integration-test/target/log,AVAILABLE}
2019-08-13 05:31:38,961 INFO  handler.ContextHandler (ContextHandler.java:doStart(781)) - Started o.e.j.s.ServletContextHandler@1a865273{/static,jar:file:/home/user/.m2/repository/org/apache/hadoop/hadoop-hdds-container-service/0.5.0-SNAPSHOT/hadoop-hdds-container-service-0.5.0-SNAPSHOT.jar!/webapps/static,AVAILABLE}
2019-08-13 05:31:38,994 INFO  handler.ContextHandler (ContextHandler.java:doStart(781)) - Started o.e.j.w.WebAppContext@1bc0d349{/,file:///tmp/jetty-0.0.0.0-41589-hddsDatanode-_-any-1384741802782140782.dir/webapp/,AVAILABLE}{/hddsDatanode}
2019-08-13 05:31:38,995 INFO  server.AbstractConnector (AbstractConnector.java:doStart(278)) - Started ServerConnector@644ded04{HTTP/1.1,[http/1.1]}{0.0.0.0:41589}
2019-08-13 05:31:38,996 INFO  server.Server (Server.java:doStart(419)) - Started @4809ms
2019-08-13 05:31:38,998 INFO  server.BaseHttpServer (BaseHttpServer.java:updateConnectorAddress(213)) - HTTP server of HDDSDATANODE is listening at http://0.0.0.0:41589
2019-08-13 05:31:40,126 INFO  ozone.HddsDatanodeService (HddsDatanodeService.java:startPlugins(395)) - Started plug-in org.apache.hadoop.ozone.web.OzoneHddsDatanodeService@3f9b7fe1
2019-08-13 05:31:40,127 INFO  impl.MetricsSystemImpl (MetricsSystemImpl.java:init(158)) - HddsDatanode metrics system started (again)
2019-08-13 05:31:40,131 INFO  ozone.HddsDatanodeService (HddsDatanodeService.java:start(184)) - HddsDatanodeService host:trunk-nightly-m7jb8-1436528744 ip:192.168.5.174
2019-08-13 05:31:40,133 INFO  util.JvmPauseMonitor (JvmPauseMonitor.java:run(188)) - Starting JVM pause monitor
2019-08-13 05:31:40,140 INFO  volume.HddsVolume (HddsVolume.java:<init>(176)) - Creating Volume: /workdir/hadoop-ozone/integration-test/target/test-dir/MiniOzoneClusterImpl-e42735e1-9878-48e1-8bbd-267bfeafd40a/datanode-1/data/containers/hdds of  storage type : DISK and capacity : 52710309888
2019-08-13 05:31:40,140 INFO  volume.VolumeSet (VolumeSet.java:initializeVolumeSet(170)) - Added Volume : /workdir/hadoop-ozone/integration-test/target/test-dir/MiniOzoneClusterImpl-e42735e1-9878-48e1-8bbd-267bfeafd40a/datanode-1/data/containers/hdds to VolumeSet
2019-08-13 05:31:40,141 INFO  volume.ThrottledAsyncChecker (ThrottledAsyncChecker.java:schedule(140)) - Scheduling a check for org.apache.hadoop.ozone.container.common.volume.HddsVolume@39b626e5
2019-08-13 05:31:40,142 INFO  volume.HddsVolumeChecker (HddsVolumeChecker.java:checkAllVolumes(203)) - Scheduled health check for volume org.apache.hadoop.ozone.container.common.volume.HddsVolume@39b626e5
2019-08-13 05:31:40,159 INFO  impl.RaftServerProxy (ConfUtils.java:logGet(43)) - raft.rpc.type = GRPC (default)
2019-08-13 05:31:40,160 INFO  grpc.GrpcFactory (GrpcFactory.java:checkPooledByteBufAllocatorUseCacheForAllThreads(45)) - PERFORMANCE WARNING: useCacheForAllThreads is true that may cause Netty to create a lot garbage objects and, as a result, trigger GC.
	It is recommended to disable useCacheForAllThreads by setting -Dorg.apache.ratis.thirdparty.io.netty.allocator.useCacheForAllThreads=false in command line.
2019-08-13 05:31:40,160 INFO  grpc.GrpcConfigKeys$Server (ConfUtils.java:logGet(43)) - raft.grpc.server.port = 0 (default)
2019-08-13 05:31:40,161 INFO  server.GrpcService (ConfUtils.java:logGet(43)) - raft.grpc.message.size.max = 33570816 (custom)
2019-08-13 05:31:40,161 INFO  server.RaftServerConfigKeys (ConfUtils.java:logGet(43)) - raft.server.log.appender.buffer.byte-limit = 33554432 (custom)
2019-08-13 05:31:40,161 INFO  server.GrpcService (ConfUtils.java:logGet(43)) - raft.grpc.flow.control.window = 1MB (=1048576) (default)
2019-08-13 05:31:40,161 INFO  server.RaftServerConfigKeys (ConfUtils.java:logGet(43)) - raft.server.rpc.request.timeout = 3000ms (default)
2019-08-13 05:31:40,162 INFO  server.RaftServerConfigKeys (ConfUtils.java:logGet(43)) - raft.server.storage.dir = [/workdir/hadoop-ozone/integration-test/target/test-dir/MiniOzoneClusterImpl-e42735e1-9878-48e1-8bbd-267bfeafd40a/datanode-1/data/ratis] (custom)
2019-08-13 05:31:40,163 INFO  replication.SimpleContainerDownloader (SimpleContainerDownloader.java:<init>(72)) - Starting container downloader service to copy containers to replicate.
2019-08-13 05:31:40,164 INFO  hdfs.DFSUtil (DFSUtil.java:httpServerTemplateForNNAndJN(1641)) - Starting Web-server for hddsDatanode at: http://0.0.0.0:0
2019-08-13 05:31:40,166 INFO  server.AuthenticationFilter (AuthenticationFilter.java:constructSecretProvider(240)) - Unable to initialize FileSignerSecretProvider, falling back to use random secrets.
2019-08-13 05:31:40,167 WARN  http.HttpRequestLog (HttpRequestLog.java:getRequestLog(97)) - Jetty request log can only be enabled using Log4j
2019-08-13 05:31:40,169 INFO  http.HttpServer2 (HttpServer2.java:addGlobalFilter(975)) - Added global filter 'safety' (class=org.apache.hadoop.http.HttpServer2$QuotingInputFilter)
2019-08-13 05:31:40,170 INFO  http.HttpServer2 (HttpServer2.java:addFilter(948)) - Added filter static_user_filter (class=org.apache.hadoop.http.lib.StaticUserWebFilter$StaticUserFilter) to context hddsDatanode
2019-08-13 05:31:40,170 INFO  http.HttpServer2 (HttpServer2.java:addFilter(958)) - Added filter static_user_filter (class=org.apache.hadoop.http.lib.StaticUserWebFilter$StaticUserFilter) to context static
2019-08-13 05:31:40,170 INFO  http.HttpServer2 (HttpServer2.java:addFilter(958)) - Added filter static_user_filter (class=org.apache.hadoop.http.lib.StaticUserWebFilter$StaticUserFilter) to context logs
2019-08-13 05:31:40,171 INFO  http.HttpServer2 (HttpServer2.java:bindListener(1191)) - Jetty bound to port 42876
2019-08-13 05:31:40,171 INFO  server.Server (Server.java:doStart(351)) - jetty-9.3.24.v20180605, build timestamp: 2018-06-05T17:11:56Z, git hash: 84205aa28f11a4f31f2a3b86d1bba2cc8ab69827
2019-08-13 05:31:40,174 INFO  handler.ContextHandler (ContextHandler.java:doStart(781)) - Started o.e.j.s.ServletContextHandler@7fbd3e75{/logs,file:///workdir/hadoop-ozone/integration-test/target/log,AVAILABLE}
2019-08-13 05:31:40,174 INFO  handler.ContextHandler (ContextHandler.java:doStart(781)) - Started o.e.j.s.ServletContextHandler@7fdd43cd{/static,jar:file:/home/user/.m2/repository/org/apache/hadoop/hadoop-hdds-container-service/0.5.0-SNAPSHOT/hadoop-hdds-container-service-0.5.0-SNAPSHOT.jar!/webapps/static,AVAILABLE}
2019-08-13 05:31:40,206 INFO  handler.ContextHandler (ContextHandler.java:doStart(781)) - Started o.e.j.w.WebAppContext@1ac6dd3d{/,file:///tmp/jetty-0.0.0.0-42876-hddsDatanode-_-any-3109966890994200414.dir/webapp/,AVAILABLE}{/hddsDatanode}
2019-08-13 05:31:40,207 INFO  server.AbstractConnector (AbstractConnector.java:doStart(278)) - Started ServerConnector@562919fe{HTTP/1.1,[http/1.1]}{0.0.0.0:42876}
2019-08-13 05:31:40,207 INFO  server.Server (Server.java:doStart(419)) - Started @6020ms
2019-08-13 05:31:40,210 INFO  server.BaseHttpServer (BaseHttpServer.java:updateConnectorAddress(213)) - HTTP server of HDDSDATANODE is listening at http://0.0.0.0:42876
2019-08-13 05:31:40,237 INFO  datanode.InitDatanodeState (InitDatanodeState.java:persistContainerDatanodeDetails(140)) - DatanodeDetails is persisted to /workdir/hadoop-ozone/integration-test/target/test-dir/MiniOzoneClusterImpl-e42735e1-9878-48e1-8bbd-267bfeafd40a/datanode-0/meta/datanode.id
2019-08-13 05:31:40,388 INFO  ozone.HddsDatanodeService (HddsDatanodeService.java:startPlugins(395)) - Started plug-in org.apache.hadoop.ozone.web.OzoneHddsDatanodeService@2415e4c7
2019-08-13 05:31:40,389 INFO  impl.MetricsSystemImpl (MetricsSystemImpl.java:init(158)) - HddsDatanode metrics system started (again)
2019-08-13 05:31:40,391 INFO  util.JvmPauseMonitor (JvmPauseMonitor.java:run(188)) - Starting JVM pause monitor
2019-08-13 05:31:40,392 INFO  ozone.HddsDatanodeService (HddsDatanodeService.java:start(184)) - HddsDatanodeService host:trunk-nightly-m7jb8-1436528744 ip:192.168.5.174
2019-08-13 05:31:40,397 INFO  datanode.InitDatanodeState (InitDatanodeState.java:persistContainerDatanodeDetails(140)) - DatanodeDetails is persisted to /workdir/hadoop-ozone/integration-test/target/test-dir/MiniOzoneClusterImpl-e42735e1-9878-48e1-8bbd-267bfeafd40a/datanode-1/meta/datanode.id
2019-08-13 05:31:40,402 INFO  volume.HddsVolume (HddsVolume.java:<init>(176)) - Creating Volume: /workdir/hadoop-ozone/integration-test/target/test-dir/MiniOzoneClusterImpl-e42735e1-9878-48e1-8bbd-267bfeafd40a/datanode-2/data/containers/hdds of  storage type : DISK and capacity : 52710309888
2019-08-13 05:31:40,402 INFO  volume.VolumeSet (VolumeSet.java:initializeVolumeSet(170)) - Added Volume : /workdir/hadoop-ozone/integration-test/target/test-dir/MiniOzoneClusterImpl-e42735e1-9878-48e1-8bbd-267bfeafd40a/datanode-2/data/containers/hdds to VolumeSet
2019-08-13 05:31:40,402 INFO  volume.ThrottledAsyncChecker (ThrottledAsyncChecker.java:schedule(140)) - Scheduling a check for org.apache.hadoop.ozone.container.common.volume.HddsVolume@5f08fe00
2019-08-13 05:31:40,403 INFO  volume.HddsVolumeChecker (HddsVolumeChecker.java:checkAllVolumes(203)) - Scheduled health check for volume org.apache.hadoop.ozone.container.common.volume.HddsVolume@5f08fe00
2019-08-13 05:31:40,425 INFO  impl.RaftServerProxy (ConfUtils.java:logGet(43)) - raft.rpc.type = GRPC (default)
2019-08-13 05:31:40,426 INFO  grpc.GrpcFactory (GrpcFactory.java:checkPooledByteBufAllocatorUseCacheForAllThreads(45)) - PERFORMANCE WARNING: useCacheForAllThreads is true that may cause Netty to create a lot garbage objects and, as a result, trigger GC.
	It is recommended to disable useCacheForAllThreads by setting -Dorg.apache.ratis.thirdparty.io.netty.allocator.useCacheForAllThreads=false in command line.
2019-08-13 05:31:40,426 INFO  grpc.GrpcConfigKeys$Server (ConfUtils.java:logGet(43)) - raft.grpc.server.port = 0 (default)
2019-08-13 05:31:40,426 INFO  server.GrpcService (ConfUtils.java:logGet(43)) - raft.grpc.message.size.max = 33570816 (custom)
2019-08-13 05:31:40,427 INFO  server.RaftServerConfigKeys (ConfUtils.java:logGet(43)) - raft.server.log.appender.buffer.byte-limit = 33554432 (custom)
2019-08-13 05:31:40,427 INFO  server.GrpcService (ConfUtils.java:logGet(43)) - raft.grpc.flow.control.window = 1MB (=1048576) (default)
2019-08-13 05:31:40,427 INFO  server.RaftServerConfigKeys (ConfUtils.java:logGet(43)) - raft.server.rpc.request.timeout = 3000ms (default)
2019-08-13 05:31:40,428 INFO  server.RaftServerConfigKeys (ConfUtils.java:logGet(43)) - raft.server.storage.dir = [/workdir/hadoop-ozone/integration-test/target/test-dir/MiniOzoneClusterImpl-e42735e1-9878-48e1-8bbd-267bfeafd40a/datanode-2/data/ratis] (custom)
2019-08-13 05:31:40,429 INFO  replication.SimpleContainerDownloader (SimpleContainerDownloader.java:<init>(72)) - Starting container downloader service to copy containers to replicate.
2019-08-13 05:31:40,431 INFO  hdfs.DFSUtil (DFSUtil.java:httpServerTemplateForNNAndJN(1641)) - Starting Web-server for hddsDatanode at: http://0.0.0.0:0
2019-08-13 05:31:40,433 INFO  server.AuthenticationFilter (AuthenticationFilter.java:constructSecretProvider(240)) - Unable to initialize FileSignerSecretProvider, falling back to use random secrets.
2019-08-13 05:31:40,433 WARN  http.HttpRequestLog (HttpRequestLog.java:getRequestLog(97)) - Jetty request log can only be enabled using Log4j
2019-08-13 05:31:40,435 INFO  http.HttpServer2 (HttpServer2.java:addGlobalFilter(975)) - Added global filter 'safety' (class=org.apache.hadoop.http.HttpServer2$QuotingInputFilter)
2019-08-13 05:31:40,436 INFO  http.HttpServer2 (HttpServer2.java:addFilter(948)) - Added filter static_user_filter (class=org.apache.hadoop.http.lib.StaticUserWebFilter$StaticUserFilter) to context hddsDatanode
2019-08-13 05:31:40,436 INFO  http.HttpServer2 (HttpServer2.java:addFilter(958)) - Added filter static_user_filter (class=org.apache.hadoop.http.lib.StaticUserWebFilter$StaticUserFilter) to context logs
2019-08-13 05:31:40,437 INFO  http.HttpServer2 (HttpServer2.java:addFilter(958)) - Added filter static_user_filter (class=org.apache.hadoop.http.lib.StaticUserWebFilter$StaticUserFilter) to context static
2019-08-13 05:31:40,438 INFO  http.HttpServer2 (HttpServer2.java:bindListener(1191)) - Jetty bound to port 39433
2019-08-13 05:31:40,438 INFO  server.Server (Server.java:doStart(351)) - jetty-9.3.24.v20180605, build timestamp: 2018-06-05T17:11:56Z, git hash: 84205aa28f11a4f31f2a3b86d1bba2cc8ab69827
2019-08-13 05:31:40,443 INFO  handler.ContextHandler (ContextHandler.java:doStart(781)) - Started o.e.j.s.ServletContextHandler@6637a365{/logs,file:///workdir/hadoop-ozone/integration-test/target/log,AVAILABLE}
2019-08-13 05:31:40,443 INFO  handler.ContextHandler (ContextHandler.java:doStart(781)) - Started o.e.j.s.ServletContextHandler@1ef31f71{/static,jar:file:/home/user/.m2/repository/org/apache/hadoop/hadoop-hdds-container-service/0.5.0-SNAPSHOT/hadoop-hdds-container-service-0.5.0-SNAPSHOT.jar!/webapps/static,AVAILABLE}
2019-08-13 05:31:40,476 INFO  handler.ContextHandler (ContextHandler.java:doStart(781)) - Started o.e.j.w.WebAppContext@27960b1e{/,file:///tmp/jetty-0.0.0.0-39433-hddsDatanode-_-any-7903197116595221187.dir/webapp/,AVAILABLE}{/hddsDatanode}
2019-08-13 05:31:40,477 INFO  server.AbstractConnector (AbstractConnector.java:doStart(278)) - Started ServerConnector@643ba1ed{HTTP/1.1,[http/1.1]}{0.0.0.0:39433}
2019-08-13 05:31:40,477 INFO  server.Server (Server.java:doStart(419)) - Started @6290ms
2019-08-13 05:31:40,479 INFO  server.BaseHttpServer (BaseHttpServer.java:updateConnectorAddress(213)) - HTTP server of HDDSDATANODE is listening at http://0.0.0.0:39433
2019-08-13 05:31:40,627 INFO  ozone.HddsDatanodeService (HddsDatanodeService.java:startPlugins(395)) - Started plug-in org.apache.hadoop.ozone.web.OzoneHddsDatanodeService@5b733ef7
2019-08-13 05:31:40,628 INFO  impl.MetricsSystemImpl (MetricsSystemImpl.java:init(158)) - HddsDatanode metrics system started (again)
2019-08-13 05:31:40,633 INFO  ozone.HddsDatanodeService (HddsDatanodeService.java:start(184)) - HddsDatanodeService host:trunk-nightly-m7jb8-1436528744 ip:192.168.5.174
2019-08-13 05:31:40,633 INFO  util.JvmPauseMonitor (JvmPauseMonitor.java:run(188)) - Starting JVM pause monitor
2019-08-13 05:31:40,635 INFO  datanode.InitDatanodeState (InitDatanodeState.java:persistContainerDatanodeDetails(140)) - DatanodeDetails is persisted to /workdir/hadoop-ozone/integration-test/target/test-dir/MiniOzoneClusterImpl-e42735e1-9878-48e1-8bbd-267bfeafd40a/datanode-2/meta/datanode.id
2019-08-13 05:31:40,641 INFO  volume.HddsVolume (HddsVolume.java:<init>(176)) - Creating Volume: /workdir/hadoop-ozone/integration-test/target/test-dir/MiniOzoneClusterImpl-e42735e1-9878-48e1-8bbd-267bfeafd40a/datanode-3/data/containers/hdds of  storage type : DISK and capacity : 52710309888
2019-08-13 05:31:40,642 INFO  volume.VolumeSet (VolumeSet.java:initializeVolumeSet(170)) - Added Volume : /workdir/hadoop-ozone/integration-test/target/test-dir/MiniOzoneClusterImpl-e42735e1-9878-48e1-8bbd-267bfeafd40a/datanode-3/data/containers/hdds to VolumeSet
2019-08-13 05:31:40,642 INFO  volume.ThrottledAsyncChecker (ThrottledAsyncChecker.java:schedule(140)) - Scheduling a check for org.apache.hadoop.ozone.container.common.volume.HddsVolume@1e1e837d
2019-08-13 05:31:40,642 INFO  volume.HddsVolumeChecker (HddsVolumeChecker.java:checkAllVolumes(203)) - Scheduled health check for volume org.apache.hadoop.ozone.container.common.volume.HddsVolume@1e1e837d
2019-08-13 05:31:40,656 INFO  impl.RaftServerProxy (ConfUtils.java:logGet(43)) - raft.rpc.type = GRPC (default)
2019-08-13 05:31:40,657 INFO  grpc.GrpcFactory (GrpcFactory.java:checkPooledByteBufAllocatorUseCacheForAllThreads(45)) - PERFORMANCE WARNING: useCacheForAllThreads is true that may cause Netty to create a lot garbage objects and, as a result, trigger GC.
	It is recommended to disable useCacheForAllThreads by setting -Dorg.apache.ratis.thirdparty.io.netty.allocator.useCacheForAllThreads=false in command line.
2019-08-13 05:31:40,657 INFO  grpc.GrpcConfigKeys$Server (ConfUtils.java:logGet(43)) - raft.grpc.server.port = 0 (default)
2019-08-13 05:31:40,657 INFO  server.GrpcService (ConfUtils.java:logGet(43)) - raft.grpc.message.size.max = 33570816 (custom)
2019-08-13 05:31:40,657 INFO  server.RaftServerConfigKeys (ConfUtils.java:logGet(43)) - raft.server.log.appender.buffer.byte-limit = 33554432 (custom)
2019-08-13 05:31:40,658 INFO  server.GrpcService (ConfUtils.java:logGet(43)) - raft.grpc.flow.control.window = 1MB (=1048576) (default)
2019-08-13 05:31:40,658 INFO  server.RaftServerConfigKeys (ConfUtils.java:logGet(43)) - raft.server.rpc.request.timeout = 3000ms (default)
2019-08-13 05:31:40,659 INFO  server.RaftServerConfigKeys (ConfUtils.java:logGet(43)) - raft.server.storage.dir = [/workdir/hadoop-ozone/integration-test/target/test-dir/MiniOzoneClusterImpl-e42735e1-9878-48e1-8bbd-267bfeafd40a/datanode-3/data/ratis] (custom)
2019-08-13 05:31:40,659 INFO  replication.SimpleContainerDownloader (SimpleContainerDownloader.java:<init>(72)) - Starting container downloader service to copy containers to replicate.
2019-08-13 05:31:40,661 INFO  hdfs.DFSUtil (DFSUtil.java:httpServerTemplateForNNAndJN(1641)) - Starting Web-server for hddsDatanode at: http://0.0.0.0:0
2019-08-13 05:31:40,663 INFO  server.AuthenticationFilter (AuthenticationFilter.java:constructSecretProvider(240)) - Unable to initialize FileSignerSecretProvider, falling back to use random secrets.
2019-08-13 05:31:40,664 WARN  http.HttpRequestLog (HttpRequestLog.java:getRequestLog(97)) - Jetty request log can only be enabled using Log4j
2019-08-13 05:31:40,666 INFO  http.HttpServer2 (HttpServer2.java:addGlobalFilter(975)) - Added global filter 'safety' (class=org.apache.hadoop.http.HttpServer2$QuotingInputFilter)
2019-08-13 05:31:40,667 INFO  http.HttpServer2 (HttpServer2.java:addFilter(948)) - Added filter static_user_filter (class=org.apache.hadoop.http.lib.StaticUserWebFilter$StaticUserFilter) to context hddsDatanode
2019-08-13 05:31:40,667 INFO  http.HttpServer2 (HttpServer2.java:addFilter(958)) - Added filter static_user_filter (class=org.apache.hadoop.http.lib.StaticUserWebFilter$StaticUserFilter) to context logs
2019-08-13 05:31:40,668 INFO  http.HttpServer2 (HttpServer2.java:addFilter(958)) - Added filter static_user_filter (class=org.apache.hadoop.http.lib.StaticUserWebFilter$StaticUserFilter) to context static
2019-08-13 05:31:40,669 INFO  http.HttpServer2 (HttpServer2.java:bindListener(1191)) - Jetty bound to port 42623
2019-08-13 05:31:40,669 INFO  server.Server (Server.java:doStart(351)) - jetty-9.3.24.v20180605, build timestamp: 2018-06-05T17:11:56Z, git hash: 84205aa28f11a4f31f2a3b86d1bba2cc8ab69827
2019-08-13 05:31:40,672 INFO  handler.ContextHandler (ContextHandler.java:doStart(781)) - Started o.e.j.s.ServletContextHandler@3b435211{/logs,file:///workdir/hadoop-ozone/integration-test/target/log,AVAILABLE}
2019-08-13 05:31:40,673 INFO  handler.ContextHandler (ContextHandler.java:doStart(781)) - Started o.e.j.s.ServletContextHandler@58a765ce{/static,jar:file:/home/user/.m2/repository/org/apache/hadoop/hadoop-hdds-container-service/0.5.0-SNAPSHOT/hadoop-hdds-container-service-0.5.0-SNAPSHOT.jar!/webapps/static,AVAILABLE}
2019-08-13 05:31:40,715 INFO  handler.ContextHandler (ContextHandler.java:doStart(781)) - Started o.e.j.w.WebAppContext@5d1d9d73{/,file:///tmp/jetty-0.0.0.0-42623-hddsDatanode-_-any-1017653303548932399.dir/webapp/,AVAILABLE}{/hddsDatanode}
2019-08-13 05:31:40,717 INFO  server.AbstractConnector (AbstractConnector.java:doStart(278)) - Started ServerConnector@b30a50d{HTTP/1.1,[http/1.1]}{0.0.0.0:42623}
2019-08-13 05:31:40,718 INFO  server.Server (Server.java:doStart(419)) - Started @6531ms
2019-08-13 05:31:40,719 INFO  server.BaseHttpServer (BaseHttpServer.java:updateConnectorAddress(213)) - HTTP server of HDDSDATANODE is listening at http://0.0.0.0:42623
2019-08-13 05:31:40,915 INFO  ozone.HddsDatanodeService (HddsDatanodeService.java:startPlugins(395)) - Started plug-in org.apache.hadoop.ozone.web.OzoneHddsDatanodeService@508ad266
2019-08-13 05:31:40,916 INFO  impl.MetricsSystemImpl (MetricsSystemImpl.java:init(158)) - HddsDatanode metrics system started (again)
2019-08-13 05:31:40,921 INFO  util.JvmPauseMonitor (JvmPauseMonitor.java:run(188)) - Starting JVM pause monitor
2019-08-13 05:31:40,921 INFO  ozone.HddsDatanodeService (HddsDatanodeService.java:start(184)) - HddsDatanodeService host:trunk-nightly-m7jb8-1436528744 ip:192.168.5.174
2019-08-13 05:31:40,923 INFO  datanode.InitDatanodeState (InitDatanodeState.java:persistContainerDatanodeDetails(140)) - DatanodeDetails is persisted to /workdir/hadoop-ozone/integration-test/target/test-dir/MiniOzoneClusterImpl-e42735e1-9878-48e1-8bbd-267bfeafd40a/datanode-3/meta/datanode.id
2019-08-13 05:31:40,930 INFO  volume.HddsVolume (HddsVolume.java:<init>(176)) - Creating Volume: /workdir/hadoop-ozone/integration-test/target/test-dir/MiniOzoneClusterImpl-e42735e1-9878-48e1-8bbd-267bfeafd40a/datanode-4/data/containers/hdds of  storage type : DISK and capacity : 52710309888
2019-08-13 05:31:40,931 INFO  volume.VolumeSet (VolumeSet.java:initializeVolumeSet(170)) - Added Volume : /workdir/hadoop-ozone/integration-test/target/test-dir/MiniOzoneClusterImpl-e42735e1-9878-48e1-8bbd-267bfeafd40a/datanode-4/data/containers/hdds to VolumeSet
2019-08-13 05:31:40,931 INFO  volume.ThrottledAsyncChecker (ThrottledAsyncChecker.java:schedule(140)) - Scheduling a check for org.apache.hadoop.ozone.container.common.volume.HddsVolume@41aebbb4
2019-08-13 05:31:40,932 INFO  volume.HddsVolumeChecker (HddsVolumeChecker.java:checkAllVolumes(203)) - Scheduled health check for volume org.apache.hadoop.ozone.container.common.volume.HddsVolume@41aebbb4
2019-08-13 05:31:40,952 INFO  impl.RaftServerProxy (ConfUtils.java:logGet(43)) - raft.rpc.type = GRPC (default)
2019-08-13 05:31:40,952 INFO  grpc.GrpcFactory (GrpcFactory.java:checkPooledByteBufAllocatorUseCacheForAllThreads(45)) - PERFORMANCE WARNING: useCacheForAllThreads is true that may cause Netty to create a lot garbage objects and, as a result, trigger GC.
	It is recommended to disable useCacheForAllThreads by setting -Dorg.apache.ratis.thirdparty.io.netty.allocator.useCacheForAllThreads=false in command line.
2019-08-13 05:31:40,953 INFO  grpc.GrpcConfigKeys$Server (ConfUtils.java:logGet(43)) - raft.grpc.server.port = 0 (default)
2019-08-13 05:31:40,953 INFO  server.GrpcService (ConfUtils.java:logGet(43)) - raft.grpc.message.size.max = 33570816 (custom)
2019-08-13 05:31:40,953 INFO  server.RaftServerConfigKeys (ConfUtils.java:logGet(43)) - raft.server.log.appender.buffer.byte-limit = 33554432 (custom)
2019-08-13 05:31:40,954 INFO  server.GrpcService (ConfUtils.java:logGet(43)) - raft.grpc.flow.control.window = 1MB (=1048576) (default)
2019-08-13 05:31:40,954 INFO  server.RaftServerConfigKeys (ConfUtils.java:logGet(43)) - raft.server.rpc.request.timeout = 3000ms (default)
2019-08-13 05:31:40,955 INFO  server.RaftServerConfigKeys (ConfUtils.java:logGet(43)) - raft.server.storage.dir = [/workdir/hadoop-ozone/integration-test/target/test-dir/MiniOzoneClusterImpl-e42735e1-9878-48e1-8bbd-267bfeafd40a/datanode-4/data/ratis] (custom)
2019-08-13 05:31:40,955 INFO  replication.SimpleContainerDownloader (SimpleContainerDownloader.java:<init>(72)) - Starting container downloader service to copy containers to replicate.
2019-08-13 05:31:40,957 INFO  hdfs.DFSUtil (DFSUtil.java:httpServerTemplateForNNAndJN(1641)) - Starting Web-server for hddsDatanode at: http://0.0.0.0:0
2019-08-13 05:31:40,958 INFO  server.AuthenticationFilter (AuthenticationFilter.java:constructSecretProvider(240)) - Unable to initialize FileSignerSecretProvider, falling back to use random secrets.
2019-08-13 05:31:40,959 WARN  http.HttpRequestLog (HttpRequestLog.java:getRequestLog(97)) - Jetty request log can only be enabled using Log4j
2019-08-13 05:31:40,960 INFO  http.HttpServer2 (HttpServer2.java:addGlobalFilter(975)) - Added global filter 'safety' (class=org.apache.hadoop.http.HttpServer2$QuotingInputFilter)
2019-08-13 05:31:40,961 INFO  http.HttpServer2 (HttpServer2.java:addFilter(948)) - Added filter static_user_filter (class=org.apache.hadoop.http.lib.StaticUserWebFilter$StaticUserFilter) to context hddsDatanode
2019-08-13 05:31:40,961 INFO  http.HttpServer2 (HttpServer2.java:addFilter(958)) - Added filter static_user_filter (class=org.apache.hadoop.http.lib.StaticUserWebFilter$StaticUserFilter) to context static
2019-08-13 05:31:40,961 INFO  http.HttpServer2 (HttpServer2.java:addFilter(958)) - Added filter static_user_filter (class=org.apache.hadoop.http.lib.StaticUserWebFilter$StaticUserFilter) to context logs
2019-08-13 05:31:40,962 INFO  http.HttpServer2 (HttpServer2.java:bindListener(1191)) - Jetty bound to port 39552
2019-08-13 05:31:40,962 INFO  server.Server (Server.java:doStart(351)) - jetty-9.3.24.v20180605, build timestamp: 2018-06-05T17:11:56Z, git hash: 84205aa28f11a4f31f2a3b86d1bba2cc8ab69827
2019-08-13 05:31:40,968 INFO  handler.ContextHandler (ContextHandler.java:doStart(781)) - Started o.e.j.s.ServletContextHandler@6d7ad0f5{/logs,file:///workdir/hadoop-ozone/integration-test/target/log,AVAILABLE}
2019-08-13 05:31:40,968 INFO  handler.ContextHandler (ContextHandler.java:doStart(781)) - Started o.e.j.s.ServletContextHandler@49a38b1{/static,jar:file:/home/user/.m2/repository/org/apache/hadoop/hadoop-hdds-container-service/0.5.0-SNAPSHOT/hadoop-hdds-container-service-0.5.0-SNAPSHOT.jar!/webapps/static,AVAILABLE}
2019-08-13 05:31:40,998 INFO  handler.ContextHandler (ContextHandler.java:doStart(781)) - Started o.e.j.w.WebAppContext@53314f76{/,file:///tmp/jetty-0.0.0.0-39552-hddsDatanode-_-any-1096240180868987403.dir/webapp/,AVAILABLE}{/hddsDatanode}
2019-08-13 05:31:40,999 INFO  server.AbstractConnector (AbstractConnector.java:doStart(278)) - Started ServerConnector@62a6674f{HTTP/1.1,[http/1.1]}{0.0.0.0:39552}
2019-08-13 05:31:41,000 INFO  server.Server (Server.java:doStart(419)) - Started @6813ms
2019-08-13 05:31:41,001 INFO  server.BaseHttpServer (BaseHttpServer.java:updateConnectorAddress(213)) - HTTP server of HDDSDATANODE is listening at http://0.0.0.0:39552
2019-08-13 05:31:41,157 INFO  ozone.HddsDatanodeService (HddsDatanodeService.java:startPlugins(395)) - Started plug-in org.apache.hadoop.ozone.web.OzoneHddsDatanodeService@58a7dc4
2019-08-13 05:31:41,158 INFO  impl.MetricsSystemImpl (MetricsSystemImpl.java:init(158)) - HddsDatanode metrics system started (again)
2019-08-13 05:31:41,162 INFO  util.JvmPauseMonitor (JvmPauseMonitor.java:run(188)) - Starting JVM pause monitor
2019-08-13 05:31:41,162 INFO  ozone.HddsDatanodeService (HddsDatanodeService.java:start(184)) - HddsDatanodeService host:trunk-nightly-m7jb8-1436528744 ip:192.168.5.174
2019-08-13 05:31:41,164 INFO  datanode.InitDatanodeState (InitDatanodeState.java:persistContainerDatanodeDetails(140)) - DatanodeDetails is persisted to /workdir/hadoop-ozone/integration-test/target/test-dir/MiniOzoneClusterImpl-e42735e1-9878-48e1-8bbd-267bfeafd40a/datanode-4/meta/datanode.id
2019-08-13 05:31:41,172 INFO  volume.HddsVolume (HddsVolume.java:<init>(176)) - Creating Volume: /workdir/hadoop-ozone/integration-test/target/test-dir/MiniOzoneClusterImpl-e42735e1-9878-48e1-8bbd-267bfeafd40a/datanode-5/data/containers/hdds of  storage type : DISK and capacity : 52710309888
2019-08-13 05:31:41,172 INFO  volume.VolumeSet (VolumeSet.java:initializeVolumeSet(170)) - Added Volume : /workdir/hadoop-ozone/integration-test/target/test-dir/MiniOzoneClusterImpl-e42735e1-9878-48e1-8bbd-267bfeafd40a/datanode-5/data/containers/hdds to VolumeSet
2019-08-13 05:31:41,172 INFO  volume.ThrottledAsyncChecker (ThrottledAsyncChecker.java:schedule(140)) - Scheduling a check for org.apache.hadoop.ozone.container.common.volume.HddsVolume@7e191fda
2019-08-13 05:31:41,173 INFO  volume.HddsVolumeChecker (HddsVolumeChecker.java:checkAllVolumes(203)) - Scheduled health check for volume org.apache.hadoop.ozone.container.common.volume.HddsVolume@7e191fda
2019-08-13 05:31:41,190 INFO  impl.RaftServerProxy (ConfUtils.java:logGet(43)) - raft.rpc.type = GRPC (default)
2019-08-13 05:31:41,190 INFO  grpc.GrpcFactory (GrpcFactory.java:checkPooledByteBufAllocatorUseCacheForAllThreads(45)) - PERFORMANCE WARNING: useCacheForAllThreads is true that may cause Netty to create a lot garbage objects and, as a result, trigger GC.
	It is recommended to disable useCacheForAllThreads by setting -Dorg.apache.ratis.thirdparty.io.netty.allocator.useCacheForAllThreads=false in command line.
2019-08-13 05:31:41,190 INFO  grpc.GrpcConfigKeys$Server (ConfUtils.java:logGet(43)) - raft.grpc.server.port = 0 (default)
2019-08-13 05:31:41,191 INFO  server.GrpcService (ConfUtils.java:logGet(43)) - raft.grpc.message.size.max = 33570816 (custom)
2019-08-13 05:31:41,191 INFO  server.RaftServerConfigKeys (ConfUtils.java:logGet(43)) - raft.server.log.appender.buffer.byte-limit = 33554432 (custom)
2019-08-13 05:31:41,191 INFO  server.GrpcService (ConfUtils.java:logGet(43)) - raft.grpc.flow.control.window = 1MB (=1048576) (default)
2019-08-13 05:31:41,191 INFO  server.RaftServerConfigKeys (ConfUtils.java:logGet(43)) - raft.server.rpc.request.timeout = 3000ms (default)
2019-08-13 05:31:41,192 INFO  server.RaftServerConfigKeys (ConfUtils.java:logGet(43)) - raft.server.storage.dir = [/workdir/hadoop-ozone/integration-test/target/test-dir/MiniOzoneClusterImpl-e42735e1-9878-48e1-8bbd-267bfeafd40a/datanode-5/data/ratis] (custom)
2019-08-13 05:31:41,193 INFO  replication.SimpleContainerDownloader (SimpleContainerDownloader.java:<init>(72)) - Starting container downloader service to copy containers to replicate.
2019-08-13 05:31:41,194 INFO  hdfs.DFSUtil (DFSUtil.java:httpServerTemplateForNNAndJN(1641)) - Starting Web-server for hddsDatanode at: http://0.0.0.0:0
2019-08-13 05:31:41,196 INFO  server.AuthenticationFilter (AuthenticationFilter.java:constructSecretProvider(240)) - Unable to initialize FileSignerSecretProvider, falling back to use random secrets.
2019-08-13 05:31:41,197 WARN  http.HttpRequestLog (HttpRequestLog.java:getRequestLog(97)) - Jetty request log can only be enabled using Log4j
2019-08-13 05:31:41,200 INFO  http.HttpServer2 (HttpServer2.java:addGlobalFilter(975)) - Added global filter 'safety' (class=org.apache.hadoop.http.HttpServer2$QuotingInputFilter)
2019-08-13 05:31:41,200 INFO  http.HttpServer2 (HttpServer2.java:addFilter(948)) - Added filter static_user_filter (class=org.apache.hadoop.http.lib.StaticUserWebFilter$StaticUserFilter) to context hddsDatanode
2019-08-13 05:31:41,201 INFO  http.HttpServer2 (HttpServer2.java:addFilter(958)) - Added filter static_user_filter (class=org.apache.hadoop.http.lib.StaticUserWebFilter$StaticUserFilter) to context logs
2019-08-13 05:31:41,201 INFO  http.HttpServer2 (HttpServer2.java:addFilter(958)) - Added filter static_user_filter (class=org.apache.hadoop.http.lib.StaticUserWebFilter$StaticUserFilter) to context static
2019-08-13 05:31:41,202 INFO  http.HttpServer2 (HttpServer2.java:bindListener(1191)) - Jetty bound to port 44780
2019-08-13 05:31:41,202 INFO  server.Server (Server.java:doStart(351)) - jetty-9.3.24.v20180605, build timestamp: 2018-06-05T17:11:56Z, git hash: 84205aa28f11a4f31f2a3b86d1bba2cc8ab69827
2019-08-13 05:31:41,204 INFO  handler.ContextHandler (ContextHandler.java:doStart(781)) - Started o.e.j.s.ServletContextHandler@c9b5a99{/logs,file:///workdir/hadoop-ozone/integration-test/target/log,AVAILABLE}
2019-08-13 05:31:41,205 INFO  handler.ContextHandler (ContextHandler.java:doStart(781)) - Started o.e.j.s.ServletContextHandler@2aee0704{/static,jar:file:/home/user/.m2/repository/org/apache/hadoop/hadoop-hdds-container-service/0.5.0-SNAPSHOT/hadoop-hdds-container-service-0.5.0-SNAPSHOT.jar!/webapps/static,AVAILABLE}
2019-08-13 05:31:41,242 INFO  handler.ContextHandler (ContextHandler.java:doStart(781)) - Started o.e.j.w.WebAppContext@2fde9469{/,file:///tmp/jetty-0.0.0.0-44780-hddsDatanode-_-any-2714378712145566622.dir/webapp/,AVAILABLE}{/hddsDatanode}
2019-08-13 05:31:41,244 INFO  server.AbstractConnector (AbstractConnector.java:doStart(278)) - Started ServerConnector@1ecf0ac6{HTTP/1.1,[http/1.1]}{0.0.0.0:44780}
2019-08-13 05:31:41,244 INFO  server.Server (Server.java:doStart(419)) - Started @7057ms
2019-08-13 05:31:41,245 INFO  server.BaseHttpServer (BaseHttpServer.java:updateConnectorAddress(213)) - HTTP server of HDDSDATANODE is listening at http://0.0.0.0:44780
2019-08-13 05:31:41,392 INFO  ozone.HddsDatanodeService (HddsDatanodeService.java:startPlugins(395)) - Started plug-in org.apache.hadoop.ozone.web.OzoneHddsDatanodeService@20a3e10c
2019-08-13 05:31:41,392 INFO  impl.MetricsSystemImpl (MetricsSystemImpl.java:init(158)) - HddsDatanode metrics system started (again)
2019-08-13 05:31:41,396 INFO  util.JvmPauseMonitor (JvmPauseMonitor.java:run(188)) - Starting JVM pause monitor
2019-08-13 05:31:41,397 INFO  ozone.HddsDatanodeService (HddsDatanodeService.java:start(184)) - HddsDatanodeService host:trunk-nightly-m7jb8-1436528744 ip:192.168.5.174
2019-08-13 05:31:41,398 INFO  datanode.InitDatanodeState (InitDatanodeState.java:persistContainerDatanodeDetails(140)) - DatanodeDetails is persisted to /workdir/hadoop-ozone/integration-test/target/test-dir/MiniOzoneClusterImpl-e42735e1-9878-48e1-8bbd-267bfeafd40a/datanode-5/meta/datanode.id
2019-08-13 05:31:41,407 INFO  volume.HddsVolume (HddsVolume.java:<init>(176)) - Creating Volume: /workdir/hadoop-ozone/integration-test/target/test-dir/MiniOzoneClusterImpl-e42735e1-9878-48e1-8bbd-267bfeafd40a/datanode-6/data/containers/hdds of  storage type : DISK and capacity : 52710309888
2019-08-13 05:31:41,408 INFO  volume.VolumeSet (VolumeSet.java:initializeVolumeSet(170)) - Added Volume : /workdir/hadoop-ozone/integration-test/target/test-dir/MiniOzoneClusterImpl-e42735e1-9878-48e1-8bbd-267bfeafd40a/datanode-6/data/containers/hdds to VolumeSet
2019-08-13 05:31:41,408 INFO  volume.ThrottledAsyncChecker (ThrottledAsyncChecker.java:schedule(140)) - Scheduling a check for org.apache.hadoop.ozone.container.common.volume.HddsVolume@59918c8f
2019-08-13 05:31:41,408 INFO  volume.HddsVolumeChecker (HddsVolumeChecker.java:checkAllVolumes(203)) - Scheduled health check for volume org.apache.hadoop.ozone.container.common.volume.HddsVolume@59918c8f
2019-08-13 05:31:41,424 INFO  impl.RaftServerProxy (ConfUtils.java:logGet(43)) - raft.rpc.type = GRPC (default)
2019-08-13 05:31:41,425 INFO  grpc.GrpcFactory (GrpcFactory.java:checkPooledByteBufAllocatorUseCacheForAllThreads(45)) - PERFORMANCE WARNING: useCacheForAllThreads is true that may cause Netty to create a lot garbage objects and, as a result, trigger GC.
	It is recommended to disable useCacheForAllThreads by setting -Dorg.apache.ratis.thirdparty.io.netty.allocator.useCacheForAllThreads=false in command line.
2019-08-13 05:31:41,425 INFO  grpc.GrpcConfigKeys$Server (ConfUtils.java:logGet(43)) - raft.grpc.server.port = 0 (default)
2019-08-13 05:31:41,425 INFO  server.GrpcService (ConfUtils.java:logGet(43)) - raft.grpc.message.size.max = 33570816 (custom)
2019-08-13 05:31:41,425 INFO  server.RaftServerConfigKeys (ConfUtils.java:logGet(43)) - raft.server.log.appender.buffer.byte-limit = 33554432 (custom)
2019-08-13 05:31:41,426 INFO  server.GrpcService (ConfUtils.java:logGet(43)) - raft.grpc.flow.control.window = 1MB (=1048576) (default)
2019-08-13 05:31:41,426 INFO  server.RaftServerConfigKeys (ConfUtils.java:logGet(43)) - raft.server.rpc.request.timeout = 3000ms (default)
2019-08-13 05:31:41,426 INFO  server.RaftServerConfigKeys (ConfUtils.java:logGet(43)) - raft.server.storage.dir = [/workdir/hadoop-ozone/integration-test/target/test-dir/MiniOzoneClusterImpl-e42735e1-9878-48e1-8bbd-267bfeafd40a/datanode-6/data/ratis] (custom)
2019-08-13 05:31:41,427 INFO  replication.SimpleContainerDownloader (SimpleContainerDownloader.java:<init>(72)) - Starting container downloader service to copy containers to replicate.
2019-08-13 05:31:41,428 INFO  hdfs.DFSUtil (DFSUtil.java:httpServerTemplateForNNAndJN(1641)) - Starting Web-server for hddsDatanode at: http://0.0.0.0:0
2019-08-13 05:31:41,430 INFO  server.AuthenticationFilter (AuthenticationFilter.java:constructSecretProvider(240)) - Unable to initialize FileSignerSecretProvider, falling back to use random secrets.
2019-08-13 05:31:41,430 WARN  http.HttpRequestLog (HttpRequestLog.java:getRequestLog(97)) - Jetty request log can only be enabled using Log4j
2019-08-13 05:31:41,432 INFO  http.HttpServer2 (HttpServer2.java:addGlobalFilter(975)) - Added global filter 'safety' (class=org.apache.hadoop.http.HttpServer2$QuotingInputFilter)
2019-08-13 05:31:41,433 INFO  http.HttpServer2 (HttpServer2.java:addFilter(948)) - Added filter static_user_filter (class=org.apache.hadoop.http.lib.StaticUserWebFilter$StaticUserFilter) to context hddsDatanode
2019-08-13 05:31:41,433 INFO  http.HttpServer2 (HttpServer2.java:addFilter(958)) - Added filter static_user_filter (class=org.apache.hadoop.http.lib.StaticUserWebFilter$StaticUserFilter) to context static
2019-08-13 05:31:41,433 INFO  http.HttpServer2 (HttpServer2.java:addFilter(958)) - Added filter static_user_filter (class=org.apache.hadoop.http.lib.StaticUserWebFilter$StaticUserFilter) to context logs
2019-08-13 05:31:41,434 INFO  http.HttpServer2 (HttpServer2.java:bindListener(1191)) - Jetty bound to port 41891
2019-08-13 05:31:41,434 INFO  server.Server (Server.java:doStart(351)) - jetty-9.3.24.v20180605, build timestamp: 2018-06-05T17:11:56Z, git hash: 84205aa28f11a4f31f2a3b86d1bba2cc8ab69827
2019-08-13 05:31:41,437 INFO  handler.ContextHandler (ContextHandler.java:doStart(781)) - Started o.e.j.s.ServletContextHandler@6afbe6a1{/logs,file:///workdir/hadoop-ozone/integration-test/target/log,AVAILABLE}
2019-08-13 05:31:41,438 INFO  handler.ContextHandler (ContextHandler.java:doStart(781)) - Started o.e.j.s.ServletContextHandler@48567727{/static,jar:file:/home/user/.m2/repository/org/apache/hadoop/hadoop-hdds-container-service/0.5.0-SNAPSHOT/hadoop-hdds-container-service-0.5.0-SNAPSHOT.jar!/webapps/static,AVAILABLE}
2019-08-13 05:31:41,467 INFO  handler.ContextHandler (ContextHandler.java:doStart(781)) - Started o.e.j.w.WebAppContext@4ae8fb2a{/,file:///tmp/jetty-0.0.0.0-41891-hddsDatanode-_-any-8092320009107483108.dir/webapp/,AVAILABLE}{/hddsDatanode}
2019-08-13 05:31:41,468 INFO  server.AbstractConnector (AbstractConnector.java:doStart(278)) - Started ServerConnector@54326e9{HTTP/1.1,[http/1.1]}{0.0.0.0:41891}
2019-08-13 05:31:41,469 INFO  server.Server (Server.java:doStart(419)) - Started @7282ms
2019-08-13 05:31:41,470 INFO  server.BaseHttpServer (BaseHttpServer.java:updateConnectorAddress(213)) - HTTP server of HDDSDATANODE is listening at http://0.0.0.0:41891
2019-08-13 05:31:41,690 INFO  ozone.HddsDatanodeService (HddsDatanodeService.java:startPlugins(395)) - Started plug-in org.apache.hadoop.ozone.web.OzoneHddsDatanodeService@240a2619
2019-08-13 05:31:41,693 INFO  ozone.MiniOzoneClusterImpl (MiniOzoneClusterImpl.java:lambda$waitForClusterToBeReady$0(142)) - Waiting for cluster to be ready. Got 0 of 7 DN Heartbeats.
2019-08-13 05:31:41,694 INFO  util.JvmPauseMonitor (JvmPauseMonitor.java:run(188)) - Starting JVM pause monitor
2019-08-13 05:31:41,695 INFO  datanode.InitDatanodeState (InitDatanodeState.java:persistContainerDatanodeDetails(140)) - DatanodeDetails is persisted to /workdir/hadoop-ozone/integration-test/target/test-dir/MiniOzoneClusterImpl-e42735e1-9878-48e1-8bbd-267bfeafd40a/datanode-6/meta/datanode.id
2019-08-13 05:31:42,190 INFO  ozoneimpl.OzoneContainer (OzoneContainer.java:start(186)) - Attempting to start container services.
2019-08-13 05:31:42,193 INFO  ozoneimpl.OzoneContainer (OzoneContainer.java:startContainerScrub(160)) - Background container scrubber has been disabled by hdds.containerscrub.enabled
2019-08-13 05:31:42,193 INFO  ratis.XceiverServerRatis (XceiverServerRatis.java:start(404)) - Starting XceiverServerRatis a48f97e9-45bb-45d3-b154-22faf33201d2 at port 0
2019-08-13 05:31:42,213 INFO  impl.RaftServerProxy (RaftServerProxy.java:lambda$start$3(299)) - a48f97e9-45bb-45d3-b154-22faf33201d2: start RPC server
2019-08-13 05:31:42,335 INFO  server.GrpcService (GrpcService.java:startImpl(149)) - a48f97e9-45bb-45d3-b154-22faf33201d2: GrpcService started, listening on 0.0.0.0/0.0.0.0:44567
2019-08-13 05:31:42,336 INFO  ratis.XceiverServerRatis (XceiverServerRatis.java:start(414)) - XceiverServerRatis a48f97e9-45bb-45d3-b154-22faf33201d2 is started using port 44567
2019-08-13 05:31:42,337 INFO  server.XceiverServerGrpc (XceiverServerGrpc.java:start(161)) - XceiverServerGrpc a48f97e9-45bb-45d3-b154-22faf33201d2 is started using port 33908
2019-08-13 05:31:42,400 INFO  ozoneimpl.OzoneContainer (OzoneContainer.java:start(186)) - Attempting to start container services.
2019-08-13 05:31:42,402 INFO  ozoneimpl.OzoneContainer (OzoneContainer.java:startContainerScrub(160)) - Background container scrubber has been disabled by hdds.containerscrub.enabled
2019-08-13 05:31:42,403 INFO  ratis.XceiverServerRatis (XceiverServerRatis.java:start(404)) - Starting XceiverServerRatis 127a8ccf-fb8c-459e-a42f-30aa8deb48cc at port 0
2019-08-13 05:31:42,410 INFO  impl.RaftServerProxy (RaftServerProxy.java:lambda$start$3(299)) - 127a8ccf-fb8c-459e-a42f-30aa8deb48cc: start RPC server
2019-08-13 05:31:42,415 INFO  server.GrpcService (GrpcService.java:startImpl(149)) - 127a8ccf-fb8c-459e-a42f-30aa8deb48cc: GrpcService started, listening on 0.0.0.0/0.0.0.0:36864
2019-08-13 05:31:42,415 INFO  ratis.XceiverServerRatis (XceiverServerRatis.java:start(414)) - XceiverServerRatis 127a8ccf-fb8c-459e-a42f-30aa8deb48cc is started using port 36864
2019-08-13 05:31:42,418 INFO  server.XceiverServerGrpc (XceiverServerGrpc.java:start(161)) - XceiverServerGrpc 127a8ccf-fb8c-459e-a42f-30aa8deb48cc is started using port 41625
2019-08-13 05:31:42,644 INFO  ozoneimpl.OzoneContainer (OzoneContainer.java:start(186)) - Attempting to start container services.
2019-08-13 05:31:42,648 INFO  ozoneimpl.OzoneContainer (OzoneContainer.java:startContainerScrub(160)) - Background container scrubber has been disabled by hdds.containerscrub.enabled
2019-08-13 05:31:42,650 INFO  ratis.XceiverServerRatis (XceiverServerRatis.java:start(404)) - Starting XceiverServerRatis 8bbbc601-faf5-4d98-aab4-ae5f61b448a1 at port 0
2019-08-13 05:31:42,658 INFO  impl.RaftServerProxy (RaftServerProxy.java:lambda$start$3(299)) - 8bbbc601-faf5-4d98-aab4-ae5f61b448a1: start RPC server
2019-08-13 05:31:42,663 INFO  server.GrpcService (GrpcService.java:startImpl(149)) - 8bbbc601-faf5-4d98-aab4-ae5f61b448a1: GrpcService started, listening on 0.0.0.0/0.0.0.0:38981
2019-08-13 05:31:42,663 INFO  ratis.XceiverServerRatis (XceiverServerRatis.java:start(414)) - XceiverServerRatis 8bbbc601-faf5-4d98-aab4-ae5f61b448a1 is started using port 38981
2019-08-13 05:31:42,666 INFO  server.XceiverServerGrpc (XceiverServerGrpc.java:start(161)) - XceiverServerGrpc 8bbbc601-faf5-4d98-aab4-ae5f61b448a1 is started using port 39439
2019-08-13 05:31:42,693 INFO  ozone.MiniOzoneClusterImpl (MiniOzoneClusterImpl.java:lambda$waitForClusterToBeReady$0(142)) - Waiting for cluster to be ready. Got 0 of 7 DN Heartbeats.
2019-08-13 05:31:42,929 INFO  ozoneimpl.OzoneContainer (OzoneContainer.java:start(186)) - Attempting to start container services.
2019-08-13 05:31:42,935 INFO  ozoneimpl.OzoneContainer (OzoneContainer.java:startContainerScrub(160)) - Background container scrubber has been disabled by hdds.containerscrub.enabled
2019-08-13 05:31:42,935 INFO  ratis.XceiverServerRatis (XceiverServerRatis.java:start(404)) - Starting XceiverServerRatis 8c7a36a9-a535-490d-b255-053094593b17 at port 0
2019-08-13 05:31:42,943 INFO  impl.RaftServerProxy (RaftServerProxy.java:lambda$start$3(299)) - 8c7a36a9-a535-490d-b255-053094593b17: start RPC server
2019-08-13 05:31:42,947 INFO  server.GrpcService (GrpcService.java:startImpl(149)) - 8c7a36a9-a535-490d-b255-053094593b17: GrpcService started, listening on 0.0.0.0/0.0.0.0:37434
2019-08-13 05:31:42,948 INFO  ratis.XceiverServerRatis (XceiverServerRatis.java:start(414)) - XceiverServerRatis 8c7a36a9-a535-490d-b255-053094593b17 is started using port 37434
2019-08-13 05:31:42,951 INFO  server.XceiverServerGrpc (XceiverServerGrpc.java:start(161)) - XceiverServerGrpc 8c7a36a9-a535-490d-b255-053094593b17 is started using port 35467
2019-08-13 05:31:43,177 INFO  ozoneimpl.OzoneContainer (OzoneContainer.java:start(186)) - Attempting to start container services.
2019-08-13 05:31:43,178 INFO  ozoneimpl.OzoneContainer (OzoneContainer.java:startContainerScrub(160)) - Background container scrubber has been disabled by hdds.containerscrub.enabled
2019-08-13 05:31:43,178 INFO  ratis.XceiverServerRatis (XceiverServerRatis.java:start(404)) - Starting XceiverServerRatis ca6a72ac-2720-408e-ab08-4c16411735a5 at port 0
2019-08-13 05:31:43,186 INFO  impl.RaftServerProxy (RaftServerProxy.java:lambda$start$3(299)) - ca6a72ac-2720-408e-ab08-4c16411735a5: start RPC server
2019-08-13 05:31:43,191 INFO  server.GrpcService (GrpcService.java:startImpl(149)) - ca6a72ac-2720-408e-ab08-4c16411735a5: GrpcService started, listening on 0.0.0.0/0.0.0.0:35621
2019-08-13 05:31:43,192 INFO  ratis.XceiverServerRatis (XceiverServerRatis.java:start(414)) - XceiverServerRatis ca6a72ac-2720-408e-ab08-4c16411735a5 is started using port 35621
2019-08-13 05:31:43,197 INFO  server.XceiverServerGrpc (XceiverServerGrpc.java:start(161)) - XceiverServerGrpc ca6a72ac-2720-408e-ab08-4c16411735a5 is started using port 40263
2019-08-13 05:31:43,413 INFO  ozoneimpl.OzoneContainer (OzoneContainer.java:start(186)) - Attempting to start container services.
2019-08-13 05:31:43,413 INFO  ozoneimpl.OzoneContainer (OzoneContainer.java:startContainerScrub(160)) - Background container scrubber has been disabled by hdds.containerscrub.enabled
2019-08-13 05:31:43,413 INFO  ratis.XceiverServerRatis (XceiverServerRatis.java:start(404)) - Starting XceiverServerRatis e2e36fa5-3716-44ec-b250-0958757b8e0d at port 0
2019-08-13 05:31:43,421 INFO  impl.RaftServerProxy (RaftServerProxy.java:lambda$start$3(299)) - e2e36fa5-3716-44ec-b250-0958757b8e0d: start RPC server
2019-08-13 05:31:43,425 INFO  server.GrpcService (GrpcService.java:startImpl(149)) - e2e36fa5-3716-44ec-b250-0958757b8e0d: GrpcService started, listening on 0.0.0.0/0.0.0.0:43359
2019-08-13 05:31:43,426 INFO  ratis.XceiverServerRatis (XceiverServerRatis.java:start(414)) - XceiverServerRatis e2e36fa5-3716-44ec-b250-0958757b8e0d is started using port 43359
2019-08-13 05:31:43,429 INFO  server.XceiverServerGrpc (XceiverServerGrpc.java:start(161)) - XceiverServerGrpc e2e36fa5-3716-44ec-b250-0958757b8e0d is started using port 34781
2019-08-13 05:31:43,694 INFO  ozone.MiniOzoneClusterImpl (MiniOzoneClusterImpl.java:lambda$waitForClusterToBeReady$0(142)) - Waiting for cluster to be ready. Got 0 of 7 DN Heartbeats.
2019-08-13 05:31:43,711 INFO  ozoneimpl.OzoneContainer (OzoneContainer.java:start(186)) - Attempting to start container services.
2019-08-13 05:31:43,711 INFO  ozoneimpl.OzoneContainer (OzoneContainer.java:startContainerScrub(160)) - Background container scrubber has been disabled by hdds.containerscrub.enabled
2019-08-13 05:31:43,711 INFO  ratis.XceiverServerRatis (XceiverServerRatis.java:start(404)) - Starting XceiverServerRatis 890438a0-2e3a-4e6d-a5ca-c02079b295cd at port 0
2019-08-13 05:31:43,719 INFO  impl.RaftServerProxy (RaftServerProxy.java:lambda$start$3(299)) - 890438a0-2e3a-4e6d-a5ca-c02079b295cd: start RPC server
2019-08-13 05:31:43,723 INFO  server.GrpcService (GrpcService.java:startImpl(149)) - 890438a0-2e3a-4e6d-a5ca-c02079b295cd: GrpcService started, listening on 0.0.0.0/0.0.0.0:36433
2019-08-13 05:31:43,723 INFO  ratis.XceiverServerRatis (XceiverServerRatis.java:start(414)) - XceiverServerRatis 890438a0-2e3a-4e6d-a5ca-c02079b295cd is started using port 36433
2019-08-13 05:31:43,726 INFO  server.XceiverServerGrpc (XceiverServerGrpc.java:start(161)) - XceiverServerGrpc 890438a0-2e3a-4e6d-a5ca-c02079b295cd is started using port 45980
2019-08-13 05:31:44,180 INFO  net.NetworkTopology (NetworkTopologyImpl.java:add(110)) - Added a new node: /default-rack/a48f97e9-45bb-45d3-b154-22faf33201d2
2019-08-13 05:31:44,180 INFO  node.SCMNodeManager (SCMNodeManager.java:register(273)) - Registered Data node : a48f97e9-45bb-45d3-b154-22faf33201d2{ip: 192.168.5.174, host: trunk-nightly-m7jb8-1436528744, networkLocation: /default-rack, certSerialId: null}
2019-08-13 05:31:44,186 INFO  safemode.SCMSafeModeManager (DataNodeSafeModeRule.java:process(71)) - SCM in safe mode. 1 DataNodes registered, 1 required.
2019-08-13 05:31:44,186 INFO  safemode.SCMSafeModeManager (SCMSafeModeManager.java:validateSafeModeExitRules(177)) - ScmSafeModeManager, all rules are successfully validated
2019-08-13 05:31:44,186 INFO  safemode.SCMSafeModeManager (SCMSafeModeManager.java:exitSafeMode(193)) - SCM exiting safe mode.
2019-08-13 05:31:44,395 INFO  net.NetworkTopology (NetworkTopologyImpl.java:add(110)) - Added a new node: /default-rack/127a8ccf-fb8c-459e-a42f-30aa8deb48cc
2019-08-13 05:31:44,395 INFO  node.SCMNodeManager (SCMNodeManager.java:register(273)) - Registered Data node : 127a8ccf-fb8c-459e-a42f-30aa8deb48cc{ip: 192.168.5.174, host: trunk-nightly-m7jb8-1436528744, networkLocation: /default-rack, certSerialId: null}
2019-08-13 05:31:44,639 INFO  net.NetworkTopology (NetworkTopologyImpl.java:add(110)) - Added a new node: /default-rack/8bbbc601-faf5-4d98-aab4-ae5f61b448a1
2019-08-13 05:31:44,639 INFO  node.SCMNodeManager (SCMNodeManager.java:register(273)) - Registered Data node : 8bbbc601-faf5-4d98-aab4-ae5f61b448a1{ip: 192.168.5.174, host: trunk-nightly-m7jb8-1436528744, networkLocation: /default-rack, certSerialId: null}
2019-08-13 05:31:44,695 INFO  ozone.MiniOzoneClusterImpl (MiniOzoneClusterImpl.java:lambda$waitForClusterToBeReady$0(142)) - Waiting for cluster to be ready. Got 3 of 7 DN Heartbeats.
2019-08-13 05:31:45,022 INFO  net.NetworkTopology (NetworkTopologyImpl.java:add(110)) - Added a new node: /default-rack/8c7a36a9-a535-490d-b255-053094593b17
2019-08-13 05:31:45,022 INFO  node.SCMNodeManager (SCMNodeManager.java:register(273)) - Registered Data node : 8c7a36a9-a535-490d-b255-053094593b17{ip: 192.168.5.174, host: trunk-nightly-m7jb8-1436528744, networkLocation: /default-rack, certSerialId: null}
2019-08-13 05:31:45,071 INFO  impl.RaftServerProxy (RaftServerProxy.java:addNew(89)) - a48f97e9-45bb-45d3-b154-22faf33201d2: addNew group-F5C49E2134DD:[a48f97e9-45bb-45d3-b154-22faf33201d2:192.168.5.174:44567] returns group-F5C49E2134DD:java.util.concurrent.CompletableFuture@704bce94[Not completed]
2019-08-13 05:31:45,093 INFO  impl.RaftServerImpl (RaftServerImpl.java:<init>(93)) - a48f97e9-45bb-45d3-b154-22faf33201d2: new RaftServerImpl for group-F5C49E2134DD:[a48f97e9-45bb-45d3-b154-22faf33201d2:192.168.5.174:44567] with ContainerStateMachine:uninitialized
2019-08-13 05:31:45,094 INFO  server.RaftServerConfigKeys (ConfUtils.java:logGet(43)) - raft.server.rpc.timeout.min = 5s (custom)
2019-08-13 05:31:45,096 INFO  server.RaftServerConfigKeys (ConfUtils.java:logGet(43)) - raft.server.rpc.timeout.max = 5200ms (custom)
2019-08-13 05:31:45,096 INFO  server.RaftServerConfigKeys (ConfUtils.java:logGet(43)) - raft.server.rpcslowness.timeout = 120s (custom)
2019-08-13 05:31:45,097 INFO  server.RaftServerConfigKeys (ConfUtils.java:logGet(43)) - raft.server.sleep.deviation.threshold = 300 (default)
2019-08-13 05:31:45,097 INFO  server.RaftServerConfigKeys (ConfUtils.java:logGet(43)) - raft.server.log.appender.install.snapshot.enabled = false (custom)
2019-08-13 05:31:45,104 INFO  impl.RaftServerImpl (ServerState.java:<init>(105)) - a48f97e9-45bb-45d3-b154-22faf33201d2:group-F5C49E2134DD ConfigurationManager, init=-1: [a48f97e9-45bb-45d3-b154-22faf33201d2:192.168.5.174:44567], old=null, confs=<EMPTY_MAP>
2019-08-13 05:31:45,105 INFO  server.RaftServerConfigKeys (ConfUtils.java:logGet(43)) - raft.server.storage.dir = [/workdir/hadoop-ozone/integration-test/target/test-dir/MiniOzoneClusterImpl-e42735e1-9878-48e1-8bbd-267bfeafd40a/datanode-0/data/ratis] (custom)
2019-08-13 05:31:45,112 INFO  storage.RaftStorageDirectory (RaftStorageDirectory.java:analyzeStorage(246)) - The storage directory /workdir/hadoop-ozone/integration-test/target/test-dir/MiniOzoneClusterImpl-e42735e1-9878-48e1-8bbd-267bfeafd40a/datanode-0/data/ratis/40d38cb5-eedd-4dd1-82be-f5c49e2134dd does not exist. Creating ...
2019-08-13 05:31:45,140 INFO  storage.RaftStorageDirectory (RaftStorageDirectory.java:tryLock(328)) - Lock on /workdir/hadoop-ozone/integration-test/target/test-dir/MiniOzoneClusterImpl-e42735e1-9878-48e1-8bbd-267bfeafd40a/datanode-0/data/ratis/40d38cb5-eedd-4dd1-82be-f5c49e2134dd/in_use.lock acquired by nodename 508@trunk-nightly-m7jb8-1436528744
2019-08-13 05:31:45,155 INFO  storage.RaftStorage (RaftStorage.java:format(72)) - Storage directory /workdir/hadoop-ozone/integration-test/target/test-dir/MiniOzoneClusterImpl-e42735e1-9878-48e1-8bbd-267bfeafd40a/datanode-0/data/ratis/40d38cb5-eedd-4dd1-82be-f5c49e2134dd has been successfully formatted.
2019-08-13 05:31:45,158 INFO  ratis.ContainerStateMachine (ContainerStateMachine.java:loadSnapshot(222)) - group-F5C49E2134DD: The snapshot info is null. Setting the last applied indexto:(t:0, i:~)
2019-08-13 05:31:45,158 INFO  server.RaftServerConfigKeys (ConfUtils.java:logGet(43)) - raft.server.leader.election.timeout = 120s (custom)
2019-08-13 05:31:45,160 INFO  server.RaftServerConfigKeys (ConfUtils.java:logGet(43)) - raft.server.log.use.memory = false (default)
2019-08-13 05:31:45,167 INFO  net.NetworkTopology (NetworkTopologyImpl.java:add(110)) - Added a new node: /default-rack/ca6a72ac-2720-408e-ab08-4c16411735a5
2019-08-13 05:31:45,167 INFO  node.SCMNodeManager (SCMNodeManager.java:register(273)) - Registered Data node : ca6a72ac-2720-408e-ab08-4c16411735a5{ip: 192.168.5.174, host: trunk-nightly-m7jb8-1436528744, networkLocation: /default-rack, certSerialId: null}
2019-08-13 05:31:45,169 INFO  server.RaftServerConfigKeys (ConfUtils.java:logGet(43)) - raft.server.log.purge.gap = 1000000000 (custom)
2019-08-13 05:31:45,169 INFO  server.RaftServerConfigKeys (ConfUtils.java:logGet(43)) - raft.server.log.appender.buffer.byte-limit = 33554432 (custom)
2019-08-13 05:31:45,171 INFO  server.RaftServerConfigKeys (ConfUtils.java:logGet(43)) - raft.server.log.segment.size.max = 1048576 (custom)
2019-08-13 05:31:45,176 INFO  server.RaftServerConfigKeys (ConfUtils.java:logGet(43)) - raft.server.log.segment.cache.num.max = 2 (custom)
2019-08-13 05:31:45,181 INFO  segmented.SegmentedRaftLogWorker (SegmentedRaftLogWorker.java:<init>(172)) - new a48f97e9-45bb-45d3-b154-22faf33201d2-SegmentedRaftLogWorker:Storage Directory /workdir/hadoop-ozone/integration-test/target/test-dir/MiniOzoneClusterImpl-e42735e1-9878-48e1-8bbd-267bfeafd40a/datanode-0/data/ratis/40d38cb5-eedd-4dd1-82be-f5c49e2134dd for RaftStorage:Storage Directory /workdir/hadoop-ozone/integration-test/target/test-dir/MiniOzoneClusterImpl-e42735e1-9878-48e1-8bbd-267bfeafd40a/datanode-0/data/ratis/40d38cb5-eedd-4dd1-82be-f5c49e2134dd
2019-08-13 05:31:45,192 INFO  server.RaftServerConfigKeys (ConfUtils.java:logGet(43)) - raft.server.log.queue.byte-limit = 2147483647 (custom)
2019-08-13 05:31:45,193 INFO  server.RaftServerConfigKeys (ConfUtils.java:logGet(43)) - raft.server.log.queue.element-limit = 1024 (custom)
2019-08-13 05:31:45,197 INFO  server.RaftServerConfigKeys (ConfUtils.java:logGet(43)) - raft.server.log.segment.size.max = 1048576 (custom)
2019-08-13 05:31:45,197 INFO  server.RaftServerConfigKeys (ConfUtils.java:logGet(43)) - raft.server.log.preallocated.size = 16384 (custom)
2019-08-13 05:31:45,198 INFO  server.RaftServerConfigKeys (ConfUtils.java:logGet(43)) - raft.server.log.write.buffer.size = 33554432 (custom)
2019-08-13 05:31:45,198 INFO  server.RaftServerConfigKeys (ConfUtils.java:logGet(43)) - raft.server.log.force.sync.num = 128 (default)
2019-08-13 05:31:45,199 INFO  server.RaftServerConfigKeys (ConfUtils.java:logGet(43)) - raft.server.log.statemachine.data.sync = true (default)
2019-08-13 05:31:45,199 INFO  server.RaftServerConfigKeys (ConfUtils.java:logGet(43)) - raft.server.log.statemachine.data.sync.timeout = 10s (default)
2019-08-13 05:31:45,200 INFO  server.RaftServerConfigKeys (ConfUtils.java:logGet(43)) - raft.server.log.statemachine.data.sync.timeout.retry = -1 (default)
2019-08-13 05:31:45,209 INFO  server.RaftServerConfigKeys (ConfUtils.java:logGet(43)) - raft.server.log.statemachine.data.caching.enabled = true (custom)
2019-08-13 05:31:45,215 INFO  segmented.SegmentedRaftLogWorker (SegmentedRaftLogWorker.java:lambda$new$0(132)) - a48f97e9-45bb-45d3-b154-22faf33201d2-SegmentedRaftLogWorker:Storage Directory /workdir/hadoop-ozone/integration-test/target/test-dir/MiniOzoneClusterImpl-e42735e1-9878-48e1-8bbd-267bfeafd40a/datanode-0/data/ratis/40d38cb5-eedd-4dd1-82be-f5c49e2134dd: flushIndex: setUnconditionally 0 -> -1
2019-08-13 05:31:45,221 INFO  server.RaftServerConfigKeys (ConfUtils.java:logGet(43)) - raft.server.snapshot.auto.trigger.enabled = true (custom)
2019-08-13 05:31:45,222 INFO  server.RaftServerConfigKeys (ConfUtils.java:logGet(43)) - raft.server.snapshot.auto.trigger.threshold = 10000 (custom)
2019-08-13 05:31:45,222 INFO  server.RaftServerConfigKeys (ConfUtils.java:logGet(43)) - raft.server.retrycache.expirytime = 600000ms (custom)
2019-08-13 05:31:45,244 INFO  impl.RaftServerImpl (RaftServerImpl.java:start(180)) - a48f97e9-45bb-45d3-b154-22faf33201d2: start group-F5C49E2134DD
2019-08-13 05:31:45,245 INFO  impl.RaftServerImpl (RaftServerImpl.java:setRole(171)) - a48f97e9-45bb-45d3-b154-22faf33201d2:group-F5C49E2134DD changes role from null to FOLLOWER at term 0 for startAsFollower
2019-08-13 05:31:45,246 INFO  impl.RoleInfo (RoleInfo.java:updateAndGet(143)) - a48f97e9-45bb-45d3-b154-22faf33201d2: start FollowerState
2019-08-13 05:31:45,248 INFO  util.JmxRegister (JmxRegister.java:tryRegister(44)) - Successfully registered JMX Bean with object name Ratis:service=RaftServer,group=group-F5C49E2134DD,id=a48f97e9-45bb-45d3-b154-22faf33201d2
2019-08-13 05:31:45,313 INFO  pipeline.PipelineStateManager (PipelineStateManager.java:addPipeline(56)) - Created pipeline Pipeline[ Id: 40d38cb5-eedd-4dd1-82be-f5c49e2134dd, Nodes: a48f97e9-45bb-45d3-b154-22faf33201d2{ip: 192.168.5.174, host: trunk-nightly-m7jb8-1436528744, networkLocation: /default-rack, certSerialId: null}, Type:RATIS, Factor:ONE, State:OPEN]
2019-08-13 05:31:45,345 INFO  impl.RaftServerProxy (RaftServerProxy.java:addNew(89)) - 8c7a36a9-a535-490d-b255-053094593b17: addNew group-3047A00A2ECE:[8c7a36a9-a535-490d-b255-053094593b17:192.168.5.174:37434] returns group-3047A00A2ECE:java.util.concurrent.CompletableFuture@6e65ce9[Not completed]
2019-08-13 05:31:45,396 INFO  impl.RaftServerImpl (RaftServerImpl.java:<init>(93)) - 8c7a36a9-a535-490d-b255-053094593b17: new RaftServerImpl for group-3047A00A2ECE:[8c7a36a9-a535-490d-b255-053094593b17:192.168.5.174:37434] with ContainerStateMachine:uninitialized
2019-08-13 05:31:45,398 INFO  server.RaftServerConfigKeys (ConfUtils.java:logGet(43)) - raft.server.rpc.timeout.min = 5s (custom)
2019-08-13 05:31:45,398 INFO  server.RaftServerConfigKeys (ConfUtils.java:logGet(43)) - raft.server.rpc.timeout.max = 5200ms (custom)
2019-08-13 05:31:45,398 INFO  server.RaftServerConfigKeys (ConfUtils.java:logGet(43)) - raft.server.rpcslowness.timeout = 120s (custom)
2019-08-13 05:31:45,399 INFO  server.RaftServerConfigKeys (ConfUtils.java:logGet(43)) - raft.server.sleep.deviation.threshold = 300 (default)
2019-08-13 05:31:45,399 INFO  server.RaftServerConfigKeys (ConfUtils.java:logGet(43)) - raft.server.log.appender.install.snapshot.enabled = false (custom)
2019-08-13 05:31:45,399 INFO  impl.RaftServerImpl (ServerState.java:<init>(105)) - 8c7a36a9-a535-490d-b255-053094593b17:group-3047A00A2ECE ConfigurationManager, init=-1: [8c7a36a9-a535-490d-b255-053094593b17:192.168.5.174:37434], old=null, confs=<EMPTY_MAP>
2019-08-13 05:31:45,400 INFO  server.RaftServerConfigKeys (ConfUtils.java:logGet(43)) - raft.server.storage.dir = [/workdir/hadoop-ozone/integration-test/target/test-dir/MiniOzoneClusterImpl-e42735e1-9878-48e1-8bbd-267bfeafd40a/datanode-3/data/ratis] (custom)
2019-08-13 05:31:45,400 INFO  net.NetworkTopology (NetworkTopologyImpl.java:add(110)) - Added a new node: /default-rack/e2e36fa5-3716-44ec-b250-0958757b8e0d
2019-08-13 05:31:45,400 INFO  storage.RaftStorageDirectory (RaftStorageDirectory.java:analyzeStorage(246)) - The storage directory /workdir/hadoop-ozone/integration-test/target/test-dir/MiniOzoneClusterImpl-e42735e1-9878-48e1-8bbd-267bfeafd40a/datanode-3/data/ratis/7b0bf214-0462-4aa6-99b5-3047a00a2ece does not exist. Creating ...
2019-08-13 05:31:45,401 INFO  node.SCMNodeManager (SCMNodeManager.java:register(273)) - Registered Data node : e2e36fa5-3716-44ec-b250-0958757b8e0d{ip: 192.168.5.174, host: trunk-nightly-m7jb8-1436528744, networkLocation: /default-rack, certSerialId: null}
2019-08-13 05:31:45,415 INFO  storage.RaftStorageDirectory (RaftStorageDirectory.java:tryLock(328)) - Lock on /workdir/hadoop-ozone/integration-test/target/test-dir/MiniOzoneClusterImpl-e42735e1-9878-48e1-8bbd-267bfeafd40a/datanode-3/data/ratis/7b0bf214-0462-4aa6-99b5-3047a00a2ece/in_use.lock acquired by nodename 508@trunk-nightly-m7jb8-1436528744
2019-08-13 05:31:45,427 INFO  storage.RaftStorage (RaftStorage.java:format(72)) - Storage directory /workdir/hadoop-ozone/integration-test/target/test-dir/MiniOzoneClusterImpl-e42735e1-9878-48e1-8bbd-267bfeafd40a/datanode-3/data/ratis/7b0bf214-0462-4aa6-99b5-3047a00a2ece has been successfully formatted.
2019-08-13 05:31:45,430 INFO  ratis.ContainerStateMachine (ContainerStateMachine.java:loadSnapshot(222)) - group-3047A00A2ECE: The snapshot info is null. Setting the last applied indexto:(t:0, i:~)
2019-08-13 05:31:45,431 INFO  server.RaftServerConfigKeys (ConfUtils.java:logGet(43)) - raft.server.leader.election.timeout = 120s (custom)
2019-08-13 05:31:45,431 INFO  server.RaftServerConfigKeys (ConfUtils.java:logGet(43)) - raft.server.log.use.memory = false (default)
2019-08-13 05:31:45,431 INFO  server.RaftServerConfigKeys (ConfUtils.java:logGet(43)) - raft.server.log.purge.gap = 1000000000 (custom)
2019-08-13 05:31:45,431 INFO  server.RaftServerConfigKeys (ConfUtils.java:logGet(43)) - raft.server.log.appender.buffer.byte-limit = 33554432 (custom)
2019-08-13 05:31:45,431 INFO  server.RaftServerConfigKeys (ConfUtils.java:logGet(43)) - raft.server.log.segment.size.max = 1048576 (custom)
2019-08-13 05:31:45,432 INFO  server.RaftServerConfigKeys (ConfUtils.java:logGet(43)) - raft.server.log.segment.cache.num.max = 2 (custom)
2019-08-13 05:31:45,432 INFO  segmented.SegmentedRaftLogWorker (SegmentedRaftLogWorker.java:<init>(172)) - new 8c7a36a9-a535-490d-b255-053094593b17-SegmentedRaftLogWorker:Storage Directory /workdir/hadoop-ozone/integration-test/target/test-dir/MiniOzoneClusterImpl-e42735e1-9878-48e1-8bbd-267bfeafd40a/datanode-3/data/ratis/7b0bf214-0462-4aa6-99b5-3047a00a2ece for RaftStorage:Storage Directory /workdir/hadoop-ozone/integration-test/target/test-dir/MiniOzoneClusterImpl-e42735e1-9878-48e1-8bbd-267bfeafd40a/datanode-3/data/ratis/7b0bf214-0462-4aa6-99b5-3047a00a2ece
2019-08-13 05:31:45,433 INFO  server.RaftServerConfigKeys (ConfUtils.java:logGet(43)) - raft.server.log.queue.byte-limit = 2147483647 (custom)
2019-08-13 05:31:45,433 INFO  server.RaftServerConfigKeys (ConfUtils.java:logGet(43)) - raft.server.log.queue.element-limit = 1024 (custom)
2019-08-13 05:31:45,434 INFO  server.RaftServerConfigKeys (ConfUtils.java:logGet(43)) - raft.server.log.segment.size.max = 1048576 (custom)
2019-08-13 05:31:45,434 INFO  server.RaftServerConfigKeys (ConfUtils.java:logGet(43)) - raft.server.log.preallocated.size = 16384 (custom)
2019-08-13 05:31:45,434 INFO  server.RaftServerConfigKeys (ConfUtils.java:logGet(43)) - raft.server.log.write.buffer.size = 33554432 (custom)
2019-08-13 05:31:45,434 INFO  server.RaftServerConfigKeys (ConfUtils.java:logGet(43)) - raft.server.log.force.sync.num = 128 (default)
2019-08-13 05:31:45,434 INFO  server.RaftServerConfigKeys (ConfUtils.java:logGet(43)) - raft.server.log.statemachine.data.sync = true (default)
2019-08-13 05:31:45,434 INFO  server.RaftServerConfigKeys (ConfUtils.java:logGet(43)) - raft.server.log.statemachine.data.sync.timeout = 10s (default)
2019-08-13 05:31:45,434 INFO  server.RaftServerConfigKeys (ConfUtils.java:logGet(43)) - raft.server.log.statemachine.data.sync.timeout.retry = -1 (default)
2019-08-13 05:31:45,434 INFO  server.RaftServerConfigKeys (ConfUtils.java:logGet(43)) - raft.server.log.statemachine.data.caching.enabled = true (custom)
2019-08-13 05:31:45,435 INFO  segmented.SegmentedRaftLogWorker (SegmentedRaftLogWorker.java:lambda$new$0(132)) - 8c7a36a9-a535-490d-b255-053094593b17-SegmentedRaftLogWorker:Storage Directory /workdir/hadoop-ozone/integration-test/target/test-dir/MiniOzoneClusterImpl-e42735e1-9878-48e1-8bbd-267bfeafd40a/datanode-3/data/ratis/7b0bf214-0462-4aa6-99b5-3047a00a2ece: flushIndex: setUnconditionally 0 -> -1
2019-08-13 05:31:45,435 INFO  server.RaftServerConfigKeys (ConfUtils.java:logGet(43)) - raft.server.snapshot.auto.trigger.enabled = true (custom)
2019-08-13 05:31:45,435 INFO  server.RaftServerConfigKeys (ConfUtils.java:logGet(43)) - raft.server.snapshot.auto.trigger.threshold = 10000 (custom)
2019-08-13 05:31:45,435 INFO  server.RaftServerConfigKeys (ConfUtils.java:logGet(43)) - raft.server.retrycache.expirytime = 600000ms (custom)
2019-08-13 05:31:45,436 INFO  impl.RaftServerImpl (RaftServerImpl.java:start(180)) - 8c7a36a9-a535-490d-b255-053094593b17: start group-3047A00A2ECE
2019-08-13 05:31:45,436 INFO  impl.RaftServerImpl (RaftServerImpl.java:setRole(171)) - 8c7a36a9-a535-490d-b255-053094593b17:group-3047A00A2ECE changes role from null to FOLLOWER at term 0 for startAsFollower
2019-08-13 05:31:45,436 INFO  impl.RoleInfo (RoleInfo.java:updateAndGet(143)) - 8c7a36a9-a535-490d-b255-053094593b17: start FollowerState
2019-08-13 05:31:45,438 INFO  util.JmxRegister (JmxRegister.java:tryRegister(44)) - Successfully registered JMX Bean with object name Ratis:service=RaftServer,group=group-3047A00A2ECE,id=8c7a36a9-a535-490d-b255-053094593b17
2019-08-13 05:31:45,452 INFO  pipeline.PipelineStateManager (PipelineStateManager.java:addPipeline(56)) - Created pipeline Pipeline[ Id: 7b0bf214-0462-4aa6-99b5-3047a00a2ece, Nodes: 8c7a36a9-a535-490d-b255-053094593b17{ip: 192.168.5.174, host: trunk-nightly-m7jb8-1436528744, networkLocation: /default-rack, certSerialId: null}, Type:RATIS, Factor:ONE, State:OPEN]
2019-08-13 05:31:45,475 INFO  impl.RaftServerProxy (RaftServerProxy.java:addNew(89)) - e2e36fa5-3716-44ec-b250-0958757b8e0d: addNew group-D3BC615E2310:[e2e36fa5-3716-44ec-b250-0958757b8e0d:192.168.5.174:43359] returns group-D3BC615E2310:java.util.concurrent.CompletableFuture@3d53fb54[Not completed]
2019-08-13 05:31:45,488 INFO  impl.RaftServerImpl (RaftServerImpl.java:<init>(93)) - e2e36fa5-3716-44ec-b250-0958757b8e0d: new RaftServerImpl for group-D3BC615E2310:[e2e36fa5-3716-44ec-b250-0958757b8e0d:192.168.5.174:43359] with ContainerStateMachine:uninitialized
2019-08-13 05:31:45,488 INFO  server.RaftServerConfigKeys (ConfUtils.java:logGet(43)) - raft.server.rpc.timeout.min = 5s (custom)
2019-08-13 05:31:45,488 INFO  server.RaftServerConfigKeys (ConfUtils.java:logGet(43)) - raft.server.rpc.timeout.max = 5200ms (custom)
2019-08-13 05:31:45,489 INFO  server.RaftServerConfigKeys (ConfUtils.java:logGet(43)) - raft.server.rpcslowness.timeout = 120s (custom)
2019-08-13 05:31:45,489 INFO  server.RaftServerConfigKeys (ConfUtils.java:logGet(43)) - raft.server.sleep.deviation.threshold = 300 (default)
2019-08-13 05:31:45,489 INFO  server.RaftServerConfigKeys (ConfUtils.java:logGet(43)) - raft.server.log.appender.install.snapshot.enabled = false (custom)
2019-08-13 05:31:45,489 INFO  impl.RaftServerImpl (ServerState.java:<init>(105)) - e2e36fa5-3716-44ec-b250-0958757b8e0d:group-D3BC615E2310 ConfigurationManager, init=-1: [e2e36fa5-3716-44ec-b250-0958757b8e0d:192.168.5.174:43359], old=null, confs=<EMPTY_MAP>
2019-08-13 05:31:45,489 INFO  server.RaftServerConfigKeys (ConfUtils.java:logGet(43)) - raft.server.storage.dir = [/workdir/hadoop-ozone/integration-test/target/test-dir/MiniOzoneClusterImpl-e42735e1-9878-48e1-8bbd-267bfeafd40a/datanode-5/data/ratis] (custom)
2019-08-13 05:31:45,489 INFO  storage.RaftStorageDirectory (RaftStorageDirectory.java:analyzeStorage(246)) - The storage directory /workdir/hadoop-ozone/integration-test/target/test-dir/MiniOzoneClusterImpl-e42735e1-9878-48e1-8bbd-267bfeafd40a/datanode-5/data/ratis/d6778a28-54c2-449d-8310-d3bc615e2310 does not exist. Creating ...
2019-08-13 05:31:45,494 INFO  storage.RaftStorageDirectory (RaftStorageDirectory.java:tryLock(328)) - Lock on /workdir/hadoop-ozone/integration-test/target/test-dir/MiniOzoneClusterImpl-e42735e1-9878-48e1-8bbd-267bfeafd40a/datanode-5/data/ratis/d6778a28-54c2-449d-8310-d3bc615e2310/in_use.lock acquired by nodename 508@trunk-nightly-m7jb8-1436528744
2019-08-13 05:31:45,497 INFO  storage.RaftStorage (RaftStorage.java:format(72)) - Storage directory /workdir/hadoop-ozone/integration-test/target/test-dir/MiniOzoneClusterImpl-e42735e1-9878-48e1-8bbd-267bfeafd40a/datanode-5/data/ratis/d6778a28-54c2-449d-8310-d3bc615e2310 has been successfully formatted.
2019-08-13 05:31:45,498 INFO  ratis.ContainerStateMachine (ContainerStateMachine.java:loadSnapshot(222)) - group-D3BC615E2310: The snapshot info is null. Setting the last applied indexto:(t:0, i:~)
2019-08-13 05:31:45,498 INFO  server.RaftServerConfigKeys (ConfUtils.java:logGet(43)) - raft.server.leader.election.timeout = 120s (custom)
2019-08-13 05:31:45,498 INFO  server.RaftServerConfigKeys (ConfUtils.java:logGet(43)) - raft.server.log.use.memory = false (default)
2019-08-13 05:31:45,498 INFO  server.RaftServerConfigKeys (ConfUtils.java:logGet(43)) - raft.server.log.purge.gap = 1000000000 (custom)
2019-08-13 05:31:45,498 INFO  server.RaftServerConfigKeys (ConfUtils.java:logGet(43)) - raft.server.log.appender.buffer.byte-limit = 33554432 (custom)
2019-08-13 05:31:45,498 INFO  server.RaftServerConfigKeys (ConfUtils.java:logGet(43)) - raft.server.log.segment.size.max = 1048576 (custom)
2019-08-13 05:31:45,499 INFO  server.RaftServerConfigKeys (ConfUtils.java:logGet(43)) - raft.server.log.segment.cache.num.max = 2 (custom)
2019-08-13 05:31:45,499 INFO  segmented.SegmentedRaftLogWorker (SegmentedRaftLogWorker.java:<init>(172)) - new e2e36fa5-3716-44ec-b250-0958757b8e0d-SegmentedRaftLogWorker:Storage Directory /workdir/hadoop-ozone/integration-test/target/test-dir/MiniOzoneClusterImpl-e42735e1-9878-48e1-8bbd-267bfeafd40a/datanode-5/data/ratis/d6778a28-54c2-449d-8310-d3bc615e2310 for RaftStorage:Storage Directory /workdir/hadoop-ozone/integration-test/target/test-dir/MiniOzoneClusterImpl-e42735e1-9878-48e1-8bbd-267bfeafd40a/datanode-5/data/ratis/d6778a28-54c2-449d-8310-d3bc615e2310
2019-08-13 05:31:45,499 INFO  server.RaftServerConfigKeys (ConfUtils.java:logGet(43)) - raft.server.log.queue.byte-limit = 2147483647 (custom)
2019-08-13 05:31:45,499 INFO  server.RaftServerConfigKeys (ConfUtils.java:logGet(43)) - raft.server.log.queue.element-limit = 1024 (custom)
2019-08-13 05:31:45,499 INFO  server.RaftServerConfigKeys (ConfUtils.java:logGet(43)) - raft.server.log.segment.size.max = 1048576 (custom)
2019-08-13 05:31:45,499 INFO  server.RaftServerConfigKeys (ConfUtils.java:logGet(43)) - raft.server.log.preallocated.size = 16384 (custom)
2019-08-13 05:31:45,500 INFO  server.RaftServerConfigKeys (ConfUtils.java:logGet(43)) - raft.server.log.write.buffer.size = 33554432 (custom)
2019-08-13 05:31:45,500 INFO  server.RaftServerConfigKeys (ConfUtils.java:logGet(43)) - raft.server.log.force.sync.num = 128 (default)
2019-08-13 05:31:45,500 INFO  server.RaftServerConfigKeys (ConfUtils.java:logGet(43)) - raft.server.log.statemachine.data.sync = true (default)
2019-08-13 05:31:45,500 INFO  server.RaftServerConfigKeys (ConfUtils.java:logGet(43)) - raft.server.log.statemachine.data.sync.timeout = 10s (default)
2019-08-13 05:31:45,500 INFO  server.RaftServerConfigKeys (ConfUtils.java:logGet(43)) - raft.server.log.statemachine.data.sync.timeout.retry = -1 (default)
2019-08-13 05:31:45,501 INFO  server.RaftServerConfigKeys (ConfUtils.java:logGet(43)) - raft.server.log.statemachine.data.caching.enabled = true (custom)
2019-08-13 05:31:45,501 INFO  segmented.SegmentedRaftLogWorker (SegmentedRaftLogWorker.java:lambda$new$0(132)) - e2e36fa5-3716-44ec-b250-0958757b8e0d-SegmentedRaftLogWorker:Storage Directory /workdir/hadoop-ozone/integration-test/target/test-dir/MiniOzoneClusterImpl-e42735e1-9878-48e1-8bbd-267bfeafd40a/datanode-5/data/ratis/d6778a28-54c2-449d-8310-d3bc615e2310: flushIndex: setUnconditionally 0 -> -1
2019-08-13 05:31:45,501 INFO  server.RaftServerConfigKeys (ConfUtils.java:logGet(43)) - raft.server.snapshot.auto.trigger.enabled = true (custom)
2019-08-13 05:31:45,501 INFO  server.RaftServerConfigKeys (ConfUtils.java:logGet(43)) - raft.server.snapshot.auto.trigger.threshold = 10000 (custom)
2019-08-13 05:31:45,501 INFO  server.RaftServerConfigKeys (ConfUtils.java:logGet(43)) - raft.server.retrycache.expirytime = 600000ms (custom)
2019-08-13 05:31:45,502 INFO  impl.RaftServerImpl (RaftServerImpl.java:start(180)) - e2e36fa5-3716-44ec-b250-0958757b8e0d: start group-D3BC615E2310
2019-08-13 05:31:45,502 INFO  impl.RaftServerImpl (RaftServerImpl.java:setRole(171)) - e2e36fa5-3716-44ec-b250-0958757b8e0d:group-D3BC615E2310 changes role from null to FOLLOWER at term 0 for startAsFollower
2019-08-13 05:31:45,502 INFO  impl.RoleInfo (RoleInfo.java:updateAndGet(143)) - e2e36fa5-3716-44ec-b250-0958757b8e0d: start FollowerState
2019-08-13 05:31:45,502 INFO  util.JmxRegister (JmxRegister.java:tryRegister(44)) - Successfully registered JMX Bean with object name Ratis:service=RaftServer,group=group-D3BC615E2310,id=e2e36fa5-3716-44ec-b250-0958757b8e0d
2019-08-13 05:31:45,513 INFO  pipeline.PipelineStateManager (PipelineStateManager.java:addPipeline(56)) - Created pipeline Pipeline[ Id: d6778a28-54c2-449d-8310-d3bc615e2310, Nodes: e2e36fa5-3716-44ec-b250-0958757b8e0d{ip: 192.168.5.174, host: trunk-nightly-m7jb8-1436528744, networkLocation: /default-rack, certSerialId: null}, Type:RATIS, Factor:ONE, State:OPEN]
2019-08-13 05:31:45,531 INFO  impl.RaftServerProxy (RaftServerProxy.java:addNew(89)) - ca6a72ac-2720-408e-ab08-4c16411735a5: addNew group-BADDACEB55E6:[ca6a72ac-2720-408e-ab08-4c16411735a5:192.168.5.174:35621] returns group-BADDACEB55E6:java.util.concurrent.CompletableFuture@64c8954c[Not completed]
2019-08-13 05:31:45,534 INFO  impl.RaftServerImpl (RaftServerImpl.java:<init>(93)) - ca6a72ac-2720-408e-ab08-4c16411735a5: new RaftServerImpl for group-BADDACEB55E6:[ca6a72ac-2720-408e-ab08-4c16411735a5:192.168.5.174:35621] with ContainerStateMachine:uninitialized
2019-08-13 05:31:45,535 INFO  server.RaftServerConfigKeys (ConfUtils.java:logGet(43)) - raft.server.rpc.timeout.min = 5s (custom)
2019-08-13 05:31:45,535 INFO  server.RaftServerConfigKeys (ConfUtils.java:logGet(43)) - raft.server.rpc.timeout.max = 5200ms (custom)
2019-08-13 05:31:45,535 INFO  server.RaftServerConfigKeys (ConfUtils.java:logGet(43)) - raft.server.rpcslowness.timeout = 120s (custom)
2019-08-13 05:31:45,535 INFO  server.RaftServerConfigKeys (ConfUtils.java:logGet(43)) - raft.server.sleep.deviation.threshold = 300 (default)
2019-08-13 05:31:45,535 INFO  server.RaftServerConfigKeys (ConfUtils.java:logGet(43)) - raft.server.log.appender.install.snapshot.enabled = false (custom)
2019-08-13 05:31:45,535 INFO  impl.RaftServerImpl (ServerState.java:<init>(105)) - ca6a72ac-2720-408e-ab08-4c16411735a5:group-BADDACEB55E6 ConfigurationManager, init=-1: [ca6a72ac-2720-408e-ab08-4c16411735a5:192.168.5.174:35621], old=null, confs=<EMPTY_MAP>
2019-08-13 05:31:45,535 INFO  server.RaftServerConfigKeys (ConfUtils.java:logGet(43)) - raft.server.storage.dir = [/workdir/hadoop-ozone/integration-test/target/test-dir/MiniOzoneClusterImpl-e42735e1-9878-48e1-8bbd-267bfeafd40a/datanode-4/data/ratis] (custom)
2019-08-13 05:31:45,536 INFO  storage.RaftStorageDirectory (RaftStorageDirectory.java:analyzeStorage(246)) - The storage directory /workdir/hadoop-ozone/integration-test/target/test-dir/MiniOzoneClusterImpl-e42735e1-9878-48e1-8bbd-267bfeafd40a/datanode-4/data/ratis/7fef5472-1e44-41fd-b0d9-baddaceb55e6 does not exist. Creating ...
2019-08-13 05:31:45,539 INFO  storage.RaftStorageDirectory (RaftStorageDirectory.java:tryLock(328)) - Lock on /workdir/hadoop-ozone/integration-test/target/test-dir/MiniOzoneClusterImpl-e42735e1-9878-48e1-8bbd-267bfeafd40a/datanode-4/data/ratis/7fef5472-1e44-41fd-b0d9-baddaceb55e6/in_use.lock acquired by nodename 508@trunk-nightly-m7jb8-1436528744
2019-08-13 05:31:45,543 INFO  storage.RaftStorage (RaftStorage.java:format(72)) - Storage directory /workdir/hadoop-ozone/integration-test/target/test-dir/MiniOzoneClusterImpl-e42735e1-9878-48e1-8bbd-267bfeafd40a/datanode-4/data/ratis/7fef5472-1e44-41fd-b0d9-baddaceb55e6 has been successfully formatted.
2019-08-13 05:31:45,543 INFO  ratis.ContainerStateMachine (ContainerStateMachine.java:loadSnapshot(222)) - group-BADDACEB55E6: The snapshot info is null. Setting the last applied indexto:(t:0, i:~)
2019-08-13 05:31:45,543 INFO  server.RaftServerConfigKeys (ConfUtils.java:logGet(43)) - raft.server.leader.election.timeout = 120s (custom)
2019-08-13 05:31:45,543 INFO  server.RaftServerConfigKeys (ConfUtils.java:logGet(43)) - raft.server.log.use.memory = false (default)
2019-08-13 05:31:45,543 INFO  server.RaftServerConfigKeys (ConfUtils.java:logGet(43)) - raft.server.log.purge.gap = 1000000000 (custom)
2019-08-13 05:31:45,543 INFO  server.RaftServerConfigKeys (ConfUtils.java:logGet(43)) - raft.server.log.appender.buffer.byte-limit = 33554432 (custom)
2019-08-13 05:31:45,543 INFO  server.RaftServerConfigKeys (ConfUtils.java:logGet(43)) - raft.server.log.segment.size.max = 1048576 (custom)
2019-08-13 05:31:45,544 INFO  server.RaftServerConfigKeys (ConfUtils.java:logGet(43)) - raft.server.log.segment.cache.num.max = 2 (custom)
2019-08-13 05:31:45,544 INFO  segmented.SegmentedRaftLogWorker (SegmentedRaftLogWorker.java:<init>(172)) - new ca6a72ac-2720-408e-ab08-4c16411735a5-SegmentedRaftLogWorker:Storage Directory /workdir/hadoop-ozone/integration-test/target/test-dir/MiniOzoneClusterImpl-e42735e1-9878-48e1-8bbd-267bfeafd40a/datanode-4/data/ratis/7fef5472-1e44-41fd-b0d9-baddaceb55e6 for RaftStorage:Storage Directory /workdir/hadoop-ozone/integration-test/target/test-dir/MiniOzoneClusterImpl-e42735e1-9878-48e1-8bbd-267bfeafd40a/datanode-4/data/ratis/7fef5472-1e44-41fd-b0d9-baddaceb55e6
2019-08-13 05:31:45,544 INFO  server.RaftServerConfigKeys (ConfUtils.java:logGet(43)) - raft.server.log.queue.byte-limit = 2147483647 (custom)
2019-08-13 05:31:45,544 INFO  server.RaftServerConfigKeys (ConfUtils.java:logGet(43)) - raft.server.log.queue.element-limit = 1024 (custom)
2019-08-13 05:31:45,544 INFO  server.RaftServerConfigKeys (ConfUtils.java:logGet(43)) - raft.server.log.segment.size.max = 1048576 (custom)
2019-08-13 05:31:45,544 INFO  server.RaftServerConfigKeys (ConfUtils.java:logGet(43)) - raft.server.log.preallocated.size = 16384 (custom)
2019-08-13 05:31:45,544 INFO  server.RaftServerConfigKeys (ConfUtils.java:logGet(43)) - raft.server.log.write.buffer.size = 33554432 (custom)
2019-08-13 05:31:45,544 INFO  server.RaftServerConfigKeys (ConfUtils.java:logGet(43)) - raft.server.log.force.sync.num = 128 (default)
2019-08-13 05:31:45,545 INFO  server.RaftServerConfigKeys (ConfUtils.java:logGet(43)) - raft.server.log.statemachine.data.sync = true (default)
2019-08-13 05:31:45,545 INFO  server.RaftServerConfigKeys (ConfUtils.java:logGet(43)) - raft.server.log.statemachine.data.sync.timeout = 10s (default)
2019-08-13 05:31:45,545 INFO  server.RaftServerConfigKeys (ConfUtils.java:logGet(43)) - raft.server.log.statemachine.data.sync.timeout.retry = -1 (default)
2019-08-13 05:31:45,545 INFO  server.RaftServerConfigKeys (ConfUtils.java:logGet(43)) - raft.server.log.statemachine.data.caching.enabled = true (custom)
2019-08-13 05:31:45,545 INFO  segmented.SegmentedRaftLogWorker (SegmentedRaftLogWorker.java:lambda$new$0(132)) - ca6a72ac-2720-408e-ab08-4c16411735a5-SegmentedRaftLogWorker:Storage Directory /workdir/hadoop-ozone/integration-test/target/test-dir/MiniOzoneClusterImpl-e42735e1-9878-48e1-8bbd-267bfeafd40a/datanode-4/data/ratis/7fef5472-1e44-41fd-b0d9-baddaceb55e6: flushIndex: setUnconditionally 0 -> -1
2019-08-13 05:31:45,545 INFO  server.RaftServerConfigKeys (ConfUtils.java:logGet(43)) - raft.server.snapshot.auto.trigger.enabled = true (custom)
2019-08-13 05:31:45,546 INFO  server.RaftServerConfigKeys (ConfUtils.java:logGet(43)) - raft.server.snapshot.auto.trigger.threshold = 10000 (custom)
2019-08-13 05:31:45,546 INFO  server.RaftServerConfigKeys (ConfUtils.java:logGet(43)) - raft.server.retrycache.expirytime = 600000ms (custom)
2019-08-13 05:31:45,546 INFO  impl.RaftServerImpl (RaftServerImpl.java:start(180)) - ca6a72ac-2720-408e-ab08-4c16411735a5: start group-BADDACEB55E6
2019-08-13 05:31:45,546 INFO  impl.RaftServerImpl (RaftServerImpl.java:setRole(171)) - ca6a72ac-2720-408e-ab08-4c16411735a5:group-BADDACEB55E6 changes role from null to FOLLOWER at term 0 for startAsFollower
2019-08-13 05:31:45,546 INFO  impl.RoleInfo (RoleInfo.java:updateAndGet(143)) - ca6a72ac-2720-408e-ab08-4c16411735a5: start FollowerState
2019-08-13 05:31:45,546 INFO  util.JmxRegister (JmxRegister.java:tryRegister(44)) - Successfully registered JMX Bean with object name Ratis:service=RaftServer,group=group-BADDACEB55E6,id=ca6a72ac-2720-408e-ab08-4c16411735a5
2019-08-13 05:31:45,556 INFO  pipeline.PipelineStateManager (PipelineStateManager.java:addPipeline(56)) - Created pipeline Pipeline[ Id: 7fef5472-1e44-41fd-b0d9-baddaceb55e6, Nodes: ca6a72ac-2720-408e-ab08-4c16411735a5{ip: 192.168.5.174, host: trunk-nightly-m7jb8-1436528744, networkLocation: /default-rack, certSerialId: null}, Type:RATIS, Factor:ONE, State:OPEN]
2019-08-13 05:31:45,573 INFO  impl.RaftServerProxy (RaftServerProxy.java:addNew(89)) - 127a8ccf-fb8c-459e-a42f-30aa8deb48cc: addNew group-56BA77341834:[127a8ccf-fb8c-459e-a42f-30aa8deb48cc:192.168.5.174:36864] returns group-56BA77341834:java.util.concurrent.CompletableFuture@9eb094c[Not completed]
2019-08-13 05:31:45,575 INFO  impl.RaftServerImpl (RaftServerImpl.java:<init>(93)) - 127a8ccf-fb8c-459e-a42f-30aa8deb48cc: new RaftServerImpl for group-56BA77341834:[127a8ccf-fb8c-459e-a42f-30aa8deb48cc:192.168.5.174:36864] with ContainerStateMachine:uninitialized
2019-08-13 05:31:45,575 INFO  server.RaftServerConfigKeys (ConfUtils.java:logGet(43)) - raft.server.rpc.timeout.min = 5s (custom)
2019-08-13 05:31:45,575 INFO  server.RaftServerConfigKeys (ConfUtils.java:logGet(43)) - raft.server.rpc.timeout.max = 5200ms (custom)
2019-08-13 05:31:45,576 INFO  server.RaftServerConfigKeys (ConfUtils.java:logGet(43)) - raft.server.rpcslowness.timeout = 120s (custom)
2019-08-13 05:31:45,576 INFO  server.RaftServerConfigKeys (ConfUtils.java:logGet(43)) - raft.server.sleep.deviation.threshold = 300 (default)
2019-08-13 05:31:45,576 INFO  server.RaftServerConfigKeys (ConfUtils.java:logGet(43)) - raft.server.log.appender.install.snapshot.enabled = false (custom)
2019-08-13 05:31:45,576 INFO  impl.RaftServerImpl (ServerState.java:<init>(105)) - 127a8ccf-fb8c-459e-a42f-30aa8deb48cc:group-56BA77341834 ConfigurationManager, init=-1: [127a8ccf-fb8c-459e-a42f-30aa8deb48cc:192.168.5.174:36864], old=null, confs=<EMPTY_MAP>
2019-08-13 05:31:45,576 INFO  server.RaftServerConfigKeys (ConfUtils.java:logGet(43)) - raft.server.storage.dir = [/workdir/hadoop-ozone/integration-test/target/test-dir/MiniOzoneClusterImpl-e42735e1-9878-48e1-8bbd-267bfeafd40a/datanode-1/data/ratis] (custom)
2019-08-13 05:31:45,577 INFO  storage.RaftStorageDirectory (RaftStorageDirectory.java:analyzeStorage(246)) - The storage directory /workdir/hadoop-ozone/integration-test/target/test-dir/MiniOzoneClusterImpl-e42735e1-9878-48e1-8bbd-267bfeafd40a/datanode-1/data/ratis/d5cab22a-5803-4ca7-afa3-56ba77341834 does not exist. Creating ...
2019-08-13 05:31:45,581 INFO  storage.RaftStorageDirectory (RaftStorageDirectory.java:tryLock(328)) - Lock on /workdir/hadoop-ozone/integration-test/target/test-dir/MiniOzoneClusterImpl-e42735e1-9878-48e1-8bbd-267bfeafd40a/datanode-1/data/ratis/d5cab22a-5803-4ca7-afa3-56ba77341834/in_use.lock acquired by nodename 508@trunk-nightly-m7jb8-1436528744
2019-08-13 05:31:45,585 INFO  storage.RaftStorage (RaftStorage.java:format(72)) - Storage directory /workdir/hadoop-ozone/integration-test/target/test-dir/MiniOzoneClusterImpl-e42735e1-9878-48e1-8bbd-267bfeafd40a/datanode-1/data/ratis/d5cab22a-5803-4ca7-afa3-56ba77341834 has been successfully formatted.
2019-08-13 05:31:45,585 INFO  ratis.ContainerStateMachine (ContainerStateMachine.java:loadSnapshot(222)) - group-56BA77341834: The snapshot info is null. Setting the last applied indexto:(t:0, i:~)
2019-08-13 05:31:45,585 INFO  server.RaftServerConfigKeys (ConfUtils.java:logGet(43)) - raft.server.leader.election.timeout = 120s (custom)
2019-08-13 05:31:45,585 INFO  server.RaftServerConfigKeys (ConfUtils.java:logGet(43)) - raft.server.log.use.memory = false (default)
2019-08-13 05:31:45,585 INFO  server.RaftServerConfigKeys (ConfUtils.java:logGet(43)) - raft.server.log.purge.gap = 1000000000 (custom)
2019-08-13 05:31:45,585 INFO  server.RaftServerConfigKeys (ConfUtils.java:logGet(43)) - raft.server.log.appender.buffer.byte-limit = 33554432 (custom)
2019-08-13 05:31:45,586 INFO  server.RaftServerConfigKeys (ConfUtils.java:logGet(43)) - raft.server.log.segment.size.max = 1048576 (custom)
2019-08-13 05:31:45,586 INFO  server.RaftServerConfigKeys (ConfUtils.java:logGet(43)) - raft.server.log.segment.cache.num.max = 2 (custom)
2019-08-13 05:31:45,586 INFO  segmented.SegmentedRaftLogWorker (SegmentedRaftLogWorker.java:<init>(172)) - new 127a8ccf-fb8c-459e-a42f-30aa8deb48cc-SegmentedRaftLogWorker:Storage Directory /workdir/hadoop-ozone/integration-test/target/test-dir/MiniOzoneClusterImpl-e42735e1-9878-48e1-8bbd-267bfeafd40a/datanode-1/data/ratis/d5cab22a-5803-4ca7-afa3-56ba77341834 for RaftStorage:Storage Directory /workdir/hadoop-ozone/integration-test/target/test-dir/MiniOzoneClusterImpl-e42735e1-9878-48e1-8bbd-267bfeafd40a/datanode-1/data/ratis/d5cab22a-5803-4ca7-afa3-56ba77341834
2019-08-13 05:31:45,586 INFO  server.RaftServerConfigKeys (ConfUtils.java:logGet(43)) - raft.server.log.queue.byte-limit = 2147483647 (custom)
2019-08-13 05:31:45,586 INFO  server.RaftServerConfigKeys (ConfUtils.java:logGet(43)) - raft.server.log.queue.element-limit = 1024 (custom)
2019-08-13 05:31:45,586 INFO  server.RaftServerConfigKeys (ConfUtils.java:logGet(43)) - raft.server.log.segment.size.max = 1048576 (custom)
2019-08-13 05:31:45,586 INFO  server.RaftServerConfigKeys (ConfUtils.java:logGet(43)) - raft.server.log.preallocated.size = 16384 (custom)
2019-08-13 05:31:45,586 INFO  server.RaftServerConfigKeys (ConfUtils.java:logGet(43)) - raft.server.log.write.buffer.size = 33554432 (custom)
2019-08-13 05:31:45,586 INFO  server.RaftServerConfigKeys (ConfUtils.java:logGet(43)) - raft.server.log.force.sync.num = 128 (default)
2019-08-13 05:31:45,587 INFO  server.RaftServerConfigKeys (ConfUtils.java:logGet(43)) - raft.server.log.statemachine.data.sync = true (default)
2019-08-13 05:31:45,587 INFO  server.RaftServerConfigKeys (ConfUtils.java:logGet(43)) - raft.server.log.statemachine.data.sync.timeout = 10s (default)
2019-08-13 05:31:45,587 INFO  server.RaftServerConfigKeys (ConfUtils.java:logGet(43)) - raft.server.log.statemachine.data.sync.timeout.retry = -1 (default)
2019-08-13 05:31:45,587 INFO  server.RaftServerConfigKeys (ConfUtils.java:logGet(43)) - raft.server.log.statemachine.data.caching.enabled = true (custom)
2019-08-13 05:31:45,587 INFO  segmented.SegmentedRaftLogWorker (SegmentedRaftLogWorker.java:lambda$new$0(132)) - 127a8ccf-fb8c-459e-a42f-30aa8deb48cc-SegmentedRaftLogWorker:Storage Directory /workdir/hadoop-ozone/integration-test/target/test-dir/MiniOzoneClusterImpl-e42735e1-9878-48e1-8bbd-267bfeafd40a/datanode-1/data/ratis/d5cab22a-5803-4ca7-afa3-56ba77341834: flushIndex: setUnconditionally 0 -> -1
2019-08-13 05:31:45,587 INFO  server.RaftServerConfigKeys (ConfUtils.java:logGet(43)) - raft.server.snapshot.auto.trigger.enabled = true (custom)
2019-08-13 05:31:45,588 INFO  server.RaftServerConfigKeys (ConfUtils.java:logGet(43)) - raft.server.snapshot.auto.trigger.threshold = 10000 (custom)
2019-08-13 05:31:45,588 INFO  server.RaftServerConfigKeys (ConfUtils.java:logGet(43)) - raft.server.retrycache.expirytime = 600000ms (custom)
2019-08-13 05:31:45,588 INFO  impl.RaftServerImpl (RaftServerImpl.java:start(180)) - 127a8ccf-fb8c-459e-a42f-30aa8deb48cc: start group-56BA77341834
2019-08-13 05:31:45,588 INFO  impl.RaftServerImpl (RaftServerImpl.java:setRole(171)) - 127a8ccf-fb8c-459e-a42f-30aa8deb48cc:group-56BA77341834 changes role from null to FOLLOWER at term 0 for startAsFollower
2019-08-13 05:31:45,588 INFO  impl.RoleInfo (RoleInfo.java:updateAndGet(143)) - 127a8ccf-fb8c-459e-a42f-30aa8deb48cc: start FollowerState
2019-08-13 05:31:45,588 INFO  util.JmxRegister (JmxRegister.java:tryRegister(44)) - Successfully registered JMX Bean with object name Ratis:service=RaftServer,group=group-56BA77341834,id=127a8ccf-fb8c-459e-a42f-30aa8deb48cc
2019-08-13 05:31:45,599 INFO  pipeline.PipelineStateManager (PipelineStateManager.java:addPipeline(56)) - Created pipeline Pipeline[ Id: d5cab22a-5803-4ca7-afa3-56ba77341834, Nodes: 127a8ccf-fb8c-459e-a42f-30aa8deb48cc{ip: 192.168.5.174, host: trunk-nightly-m7jb8-1436528744, networkLocation: /default-rack, certSerialId: null}, Type:RATIS, Factor:ONE, State:OPEN]
2019-08-13 05:31:45,621 INFO  impl.RaftServerProxy (RaftServerProxy.java:addNew(89)) - 8bbbc601-faf5-4d98-aab4-ae5f61b448a1: addNew group-01EC80AB5095:[8bbbc601-faf5-4d98-aab4-ae5f61b448a1:192.168.5.174:38981] returns group-01EC80AB5095:java.util.concurrent.CompletableFuture@7146a01c[Not completed]
2019-08-13 05:31:45,623 INFO  impl.RaftServerImpl (RaftServerImpl.java:<init>(93)) - 8bbbc601-faf5-4d98-aab4-ae5f61b448a1: new RaftServerImpl for group-01EC80AB5095:[8bbbc601-faf5-4d98-aab4-ae5f61b448a1:192.168.5.174:38981] with ContainerStateMachine:uninitialized
2019-08-13 05:31:45,623 INFO  server.RaftServerConfigKeys (ConfUtils.java:logGet(43)) - raft.server.rpc.timeout.min = 5s (custom)
2019-08-13 05:31:45,623 INFO  server.RaftServerConfigKeys (ConfUtils.java:logGet(43)) - raft.server.rpc.timeout.max = 5200ms (custom)
2019-08-13 05:31:45,623 INFO  server.RaftServerConfigKeys (ConfUtils.java:logGet(43)) - raft.server.rpcslowness.timeout = 120s (custom)
2019-08-13 05:31:45,623 INFO  server.RaftServerConfigKeys (ConfUtils.java:logGet(43)) - raft.server.sleep.deviation.threshold = 300 (default)
2019-08-13 05:31:45,624 INFO  server.RaftServerConfigKeys (ConfUtils.java:logGet(43)) - raft.server.log.appender.install.snapshot.enabled = false (custom)
2019-08-13 05:31:45,624 INFO  impl.RaftServerImpl (ServerState.java:<init>(105)) - 8bbbc601-faf5-4d98-aab4-ae5f61b448a1:group-01EC80AB5095 ConfigurationManager, init=-1: [8bbbc601-faf5-4d98-aab4-ae5f61b448a1:192.168.5.174:38981], old=null, confs=<EMPTY_MAP>
2019-08-13 05:31:45,624 INFO  server.RaftServerConfigKeys (ConfUtils.java:logGet(43)) - raft.server.storage.dir = [/workdir/hadoop-ozone/integration-test/target/test-dir/MiniOzoneClusterImpl-e42735e1-9878-48e1-8bbd-267bfeafd40a/datanode-2/data/ratis] (custom)
2019-08-13 05:31:45,624 INFO  storage.RaftStorageDirectory (RaftStorageDirectory.java:analyzeStorage(246)) - The storage directory /workdir/hadoop-ozone/integration-test/target/test-dir/MiniOzoneClusterImpl-e42735e1-9878-48e1-8bbd-267bfeafd40a/datanode-2/data/ratis/f2fd69e8-51ce-4421-8fa0-01ec80ab5095 does not exist. Creating ...
2019-08-13 05:31:45,635 INFO  storage.RaftStorageDirectory (RaftStorageDirectory.java:tryLock(328)) - Lock on /workdir/hadoop-ozone/integration-test/target/test-dir/MiniOzoneClusterImpl-e42735e1-9878-48e1-8bbd-267bfeafd40a/datanode-2/data/ratis/f2fd69e8-51ce-4421-8fa0-01ec80ab5095/in_use.lock acquired by nodename 508@trunk-nightly-m7jb8-1436528744
2019-08-13 05:31:45,639 INFO  storage.RaftStorage (RaftStorage.java:format(72)) - Storage directory /workdir/hadoop-ozone/integration-test/target/test-dir/MiniOzoneClusterImpl-e42735e1-9878-48e1-8bbd-267bfeafd40a/datanode-2/data/ratis/f2fd69e8-51ce-4421-8fa0-01ec80ab5095 has been successfully formatted.
2019-08-13 05:31:45,639 INFO  ratis.ContainerStateMachine (ContainerStateMachine.java:loadSnapshot(222)) - group-01EC80AB5095: The snapshot info is null. Setting the last applied indexto:(t:0, i:~)
2019-08-13 05:31:45,639 INFO  server.RaftServerConfigKeys (ConfUtils.java:logGet(43)) - raft.server.leader.election.timeout = 120s (custom)
2019-08-13 05:31:45,639 INFO  server.RaftServerConfigKeys (ConfUtils.java:logGet(43)) - raft.server.log.use.memory = false (default)
2019-08-13 05:31:45,639 INFO  server.RaftServerConfigKeys (ConfUtils.java:logGet(43)) - raft.server.log.purge.gap = 1000000000 (custom)
2019-08-13 05:31:45,639 INFO  server.RaftServerConfigKeys (ConfUtils.java:logGet(43)) - raft.server.log.appender.buffer.byte-limit = 33554432 (custom)
2019-08-13 05:31:45,640 INFO  server.RaftServerConfigKeys (ConfUtils.java:logGet(43)) - raft.server.log.segment.size.max = 1048576 (custom)
2019-08-13 05:31:45,640 INFO  server.RaftServerConfigKeys (ConfUtils.java:logGet(43)) - raft.server.log.segment.cache.num.max = 2 (custom)
2019-08-13 05:31:45,640 INFO  segmented.SegmentedRaftLogWorker (SegmentedRaftLogWorker.java:<init>(172)) - new 8bbbc601-faf5-4d98-aab4-ae5f61b448a1-SegmentedRaftLogWorker:Storage Directory /workdir/hadoop-ozone/integration-test/target/test-dir/MiniOzoneClusterImpl-e42735e1-9878-48e1-8bbd-267bfeafd40a/datanode-2/data/ratis/f2fd69e8-51ce-4421-8fa0-01ec80ab5095 for RaftStorage:Storage Directory /workdir/hadoop-ozone/integration-test/target/test-dir/MiniOzoneClusterImpl-e42735e1-9878-48e1-8bbd-267bfeafd40a/datanode-2/data/ratis/f2fd69e8-51ce-4421-8fa0-01ec80ab5095
2019-08-13 05:31:45,640 INFO  server.RaftServerConfigKeys (ConfUtils.java:logGet(43)) - raft.server.log.queue.byte-limit = 2147483647 (custom)
2019-08-13 05:31:45,640 INFO  server.RaftServerConfigKeys (ConfUtils.java:logGet(43)) - raft.server.log.queue.element-limit = 1024 (custom)
2019-08-13 05:31:45,640 INFO  server.RaftServerConfigKeys (ConfUtils.java:logGet(43)) - raft.server.log.segment.size.max = 1048576 (custom)
2019-08-13 05:31:45,641 INFO  server.RaftServerConfigKeys (ConfUtils.java:logGet(43)) - raft.server.log.preallocated.size = 16384 (custom)
2019-08-13 05:31:45,641 INFO  server.RaftServerConfigKeys (ConfUtils.java:logGet(43)) - raft.server.log.write.buffer.size = 33554432 (custom)
2019-08-13 05:31:45,641 INFO  server.RaftServerConfigKeys (ConfUtils.java:logGet(43)) - raft.server.log.force.sync.num = 128 (default)
2019-08-13 05:31:45,641 INFO  server.RaftServerConfigKeys (ConfUtils.java:logGet(43)) - raft.server.log.statemachine.data.sync = true (default)
2019-08-13 05:31:45,641 INFO  server.RaftServerConfigKeys (ConfUtils.java:logGet(43)) - raft.server.log.statemachine.data.sync.timeout = 10s (default)
2019-08-13 05:31:45,641 INFO  server.RaftServerConfigKeys (ConfUtils.java:logGet(43)) - raft.server.log.statemachine.data.sync.timeout.retry = -1 (default)
2019-08-13 05:31:45,641 INFO  server.RaftServerConfigKeys (ConfUtils.java:logGet(43)) - raft.server.log.statemachine.data.caching.enabled = true (custom)
2019-08-13 05:31:45,642 INFO  segmented.SegmentedRaftLogWorker (SegmentedRaftLogWorker.java:lambda$new$0(132)) - 8bbbc601-faf5-4d98-aab4-ae5f61b448a1-SegmentedRaftLogWorker:Storage Directory /workdir/hadoop-ozone/integration-test/target/test-dir/MiniOzoneClusterImpl-e42735e1-9878-48e1-8bbd-267bfeafd40a/datanode-2/data/ratis/f2fd69e8-51ce-4421-8fa0-01ec80ab5095: flushIndex: setUnconditionally 0 -> -1
2019-08-13 05:31:45,642 INFO  server.RaftServerConfigKeys (ConfUtils.java:logGet(43)) - raft.server.snapshot.auto.trigger.enabled = true (custom)
2019-08-13 05:31:45,642 INFO  server.RaftServerConfigKeys (ConfUtils.java:logGet(43)) - raft.server.snapshot.auto.trigger.threshold = 10000 (custom)
2019-08-13 05:31:45,642 INFO  server.RaftServerConfigKeys (ConfUtils.java:logGet(43)) - raft.server.retrycache.expirytime = 600000ms (custom)
2019-08-13 05:31:45,642 INFO  impl.RaftServerImpl (RaftServerImpl.java:start(180)) - 8bbbc601-faf5-4d98-aab4-ae5f61b448a1: start group-01EC80AB5095
2019-08-13 05:31:45,643 INFO  impl.RaftServerImpl (RaftServerImpl.java:setRole(171)) - 8bbbc601-faf5-4d98-aab4-ae5f61b448a1:group-01EC80AB5095 changes role from null to FOLLOWER at term 0 for startAsFollower
2019-08-13 05:31:45,643 INFO  impl.RoleInfo (RoleInfo.java:updateAndGet(143)) - 8bbbc601-faf5-4d98-aab4-ae5f61b448a1: start FollowerState
2019-08-13 05:31:45,643 INFO  util.JmxRegister (JmxRegister.java:tryRegister(44)) - Successfully registered JMX Bean with object name Ratis:service=RaftServer,group=group-01EC80AB5095,id=8bbbc601-faf5-4d98-aab4-ae5f61b448a1
2019-08-13 05:31:45,654 INFO  pipeline.PipelineStateManager (PipelineStateManager.java:addPipeline(56)) - Created pipeline Pipeline[ Id: f2fd69e8-51ce-4421-8fa0-01ec80ab5095, Nodes: 8bbbc601-faf5-4d98-aab4-ae5f61b448a1{ip: 192.168.5.174, host: trunk-nightly-m7jb8-1436528744, networkLocation: /default-rack, certSerialId: null}, Type:RATIS, Factor:ONE, State:OPEN]
2019-08-13 05:31:45,687 INFO  impl.RaftServerProxy (RaftServerProxy.java:addNew(89)) - e2e36fa5-3716-44ec-b250-0958757b8e0d: addNew group-4B9AB3CF914B:[a48f97e9-45bb-45d3-b154-22faf33201d2:192.168.5.174:44567, 8c7a36a9-a535-490d-b255-053094593b17:192.168.5.174:37434, e2e36fa5-3716-44ec-b250-0958757b8e0d:192.168.5.174:43359] returns group-4B9AB3CF914B:java.util.concurrent.CompletableFuture@40c840cf[Not completed]
2019-08-13 05:31:45,688 INFO  impl.RaftServerProxy (RaftServerProxy.java:addNew(89)) - a48f97e9-45bb-45d3-b154-22faf33201d2: addNew group-4B9AB3CF914B:[a48f97e9-45bb-45d3-b154-22faf33201d2:192.168.5.174:44567, 8c7a36a9-a535-490d-b255-053094593b17:192.168.5.174:37434, e2e36fa5-3716-44ec-b250-0958757b8e0d:192.168.5.174:43359] returns group-4B9AB3CF914B:java.util.concurrent.CompletableFuture@a4d7d5a[Not completed]
2019-08-13 05:31:45,688 INFO  impl.RaftServerProxy (RaftServerProxy.java:addNew(89)) - 8c7a36a9-a535-490d-b255-053094593b17: addNew group-4B9AB3CF914B:[a48f97e9-45bb-45d3-b154-22faf33201d2:192.168.5.174:44567, 8c7a36a9-a535-490d-b255-053094593b17:192.168.5.174:37434, e2e36fa5-3716-44ec-b250-0958757b8e0d:192.168.5.174:43359] returns group-4B9AB3CF914B:java.util.concurrent.CompletableFuture@45038015[Not completed]
2019-08-13 05:31:45,696 INFO  ozone.MiniOzoneClusterImpl (MiniOzoneClusterImpl.java:lambda$waitForClusterToBeReady$0(142)) - Waiting for cluster to be ready. Got 6 of 7 DN Heartbeats.
2019-08-13 05:31:45,700 INFO  net.NetworkTopology (NetworkTopologyImpl.java:add(110)) - Added a new node: /default-rack/890438a0-2e3a-4e6d-a5ca-c02079b295cd
2019-08-13 05:31:45,700 INFO  node.SCMNodeManager (SCMNodeManager.java:register(273)) - Registered Data node : 890438a0-2e3a-4e6d-a5ca-c02079b295cd{ip: 192.168.5.174, host: trunk-nightly-m7jb8-1436528744, networkLocation: /default-rack, certSerialId: null}
2019-08-13 05:31:45,701 INFO  impl.RaftServerImpl (RaftServerImpl.java:<init>(93)) - e2e36fa5-3716-44ec-b250-0958757b8e0d: new RaftServerImpl for group-4B9AB3CF914B:[a48f97e9-45bb-45d3-b154-22faf33201d2:192.168.5.174:44567, 8c7a36a9-a535-490d-b255-053094593b17:192.168.5.174:37434, e2e36fa5-3716-44ec-b250-0958757b8e0d:192.168.5.174:43359] with ContainerStateMachine:uninitialized
2019-08-13 05:31:45,701 INFO  server.RaftServerConfigKeys (ConfUtils.java:logGet(43)) - raft.server.rpc.timeout.min = 5s (custom)
2019-08-13 05:31:45,701 INFO  server.RaftServerConfigKeys (ConfUtils.java:logGet(43)) - raft.server.rpc.timeout.max = 5200ms (custom)
2019-08-13 05:31:45,701 INFO  server.RaftServerConfigKeys (ConfUtils.java:logGet(43)) - raft.server.rpcslowness.timeout = 120s (custom)
2019-08-13 05:31:45,701 INFO  server.RaftServerConfigKeys (ConfUtils.java:logGet(43)) - raft.server.sleep.deviation.threshold = 300 (default)
2019-08-13 05:31:45,701 INFO  server.RaftServerConfigKeys (ConfUtils.java:logGet(43)) - raft.server.log.appender.install.snapshot.enabled = false (custom)
2019-08-13 05:31:45,701 INFO  impl.RaftServerImpl (ServerState.java:<init>(105)) - e2e36fa5-3716-44ec-b250-0958757b8e0d:group-4B9AB3CF914B ConfigurationManager, init=-1: [a48f97e9-45bb-45d3-b154-22faf33201d2:192.168.5.174:44567, 8c7a36a9-a535-490d-b255-053094593b17:192.168.5.174:37434, e2e36fa5-3716-44ec-b250-0958757b8e0d:192.168.5.174:43359], old=null, confs=<EMPTY_MAP>
2019-08-13 05:31:45,701 INFO  server.RaftServerConfigKeys (ConfUtils.java:logGet(43)) - raft.server.storage.dir = [/workdir/hadoop-ozone/integration-test/target/test-dir/MiniOzoneClusterImpl-e42735e1-9878-48e1-8bbd-267bfeafd40a/datanode-5/data/ratis] (custom)
2019-08-13 05:31:45,702 INFO  impl.RaftServerImpl (RaftServerImpl.java:<init>(93)) - a48f97e9-45bb-45d3-b154-22faf33201d2: new RaftServerImpl for group-4B9AB3CF914B:[a48f97e9-45bb-45d3-b154-22faf33201d2:192.168.5.174:44567, 8c7a36a9-a535-490d-b255-053094593b17:192.168.5.174:37434, e2e36fa5-3716-44ec-b250-0958757b8e0d:192.168.5.174:43359] with ContainerStateMachine:uninitialized
2019-08-13 05:31:45,702 INFO  storage.RaftStorageDirectory (RaftStorageDirectory.java:analyzeStorage(246)) - The storage directory /workdir/hadoop-ozone/integration-test/target/test-dir/MiniOzoneClusterImpl-e42735e1-9878-48e1-8bbd-267bfeafd40a/datanode-5/data/ratis/6bfd066f-8de3-4cf6-aaca-4b9ab3cf914b does not exist. Creating ...
2019-08-13 05:31:45,702 INFO  server.RaftServerConfigKeys (ConfUtils.java:logGet(43)) - raft.server.rpc.timeout.min = 5s (custom)
2019-08-13 05:31:45,702 INFO  server.RaftServerConfigKeys (ConfUtils.java:logGet(43)) - raft.server.rpc.timeout.max = 5200ms (custom)
2019-08-13 05:31:45,702 INFO  server.RaftServerConfigKeys (ConfUtils.java:logGet(43)) - raft.server.rpcslowness.timeout = 120s (custom)
2019-08-13 05:31:45,702 INFO  server.RaftServerConfigKeys (ConfUtils.java:logGet(43)) - raft.server.sleep.deviation.threshold = 300 (default)
2019-08-13 05:31:45,703 INFO  server.RaftServerConfigKeys (ConfUtils.java:logGet(43)) - raft.server.log.appender.install.snapshot.enabled = false (custom)
2019-08-13 05:31:45,703 INFO  impl.RaftServerImpl (ServerState.java:<init>(105)) - a48f97e9-45bb-45d3-b154-22faf33201d2:group-4B9AB3CF914B ConfigurationManager, init=-1: [a48f97e9-45bb-45d3-b154-22faf33201d2:192.168.5.174:44567, 8c7a36a9-a535-490d-b255-053094593b17:192.168.5.174:37434, e2e36fa5-3716-44ec-b250-0958757b8e0d:192.168.5.174:43359], old=null, confs=<EMPTY_MAP>
2019-08-13 05:31:45,703 INFO  impl.RaftServerImpl (RaftServerImpl.java:<init>(93)) - 8c7a36a9-a535-490d-b255-053094593b17: new RaftServerImpl for group-4B9AB3CF914B:[a48f97e9-45bb-45d3-b154-22faf33201d2:192.168.5.174:44567, 8c7a36a9-a535-490d-b255-053094593b17:192.168.5.174:37434, e2e36fa5-3716-44ec-b250-0958757b8e0d:192.168.5.174:43359] with ContainerStateMachine:uninitialized
2019-08-13 05:31:45,703 INFO  server.RaftServerConfigKeys (ConfUtils.java:logGet(43)) - raft.server.storage.dir = [/workdir/hadoop-ozone/integration-test/target/test-dir/MiniOzoneClusterImpl-e42735e1-9878-48e1-8bbd-267bfeafd40a/datanode-0/data/ratis] (custom)
2019-08-13 05:31:45,703 INFO  server.RaftServerConfigKeys (ConfUtils.java:logGet(43)) - raft.server.rpc.timeout.min = 5s (custom)
2019-08-13 05:31:45,703 INFO  server.RaftServerConfigKeys (ConfUtils.java:logGet(43)) - raft.server.rpc.timeout.max = 5200ms (custom)
2019-08-13 05:31:45,704 INFO  storage.RaftStorageDirectory (RaftStorageDirectory.java:analyzeStorage(246)) - The storage directory /workdir/hadoop-ozone/integration-test/target/test-dir/MiniOzoneClusterImpl-e42735e1-9878-48e1-8bbd-267bfeafd40a/datanode-0/data/ratis/6bfd066f-8de3-4cf6-aaca-4b9ab3cf914b does not exist. Creating ...
2019-08-13 05:31:45,704 INFO  server.RaftServerConfigKeys (ConfUtils.java:logGet(43)) - raft.server.rpcslowness.timeout = 120s (custom)
2019-08-13 05:31:45,704 INFO  server.RaftServerConfigKeys (ConfUtils.java:logGet(43)) - raft.server.sleep.deviation.threshold = 300 (default)
2019-08-13 05:31:45,704 INFO  server.RaftServerConfigKeys (ConfUtils.java:logGet(43)) - raft.server.log.appender.install.snapshot.enabled = false (custom)
2019-08-13 05:31:45,704 INFO  impl.RaftServerImpl (ServerState.java:<init>(105)) - 8c7a36a9-a535-490d-b255-053094593b17:group-4B9AB3CF914B ConfigurationManager, init=-1: [a48f97e9-45bb-45d3-b154-22faf33201d2:192.168.5.174:44567, 8c7a36a9-a535-490d-b255-053094593b17:192.168.5.174:37434, e2e36fa5-3716-44ec-b250-0958757b8e0d:192.168.5.174:43359], old=null, confs=<EMPTY_MAP>
2019-08-13 05:31:45,704 INFO  server.RaftServerConfigKeys (ConfUtils.java:logGet(43)) - raft.server.storage.dir = [/workdir/hadoop-ozone/integration-test/target/test-dir/MiniOzoneClusterImpl-e42735e1-9878-48e1-8bbd-267bfeafd40a/datanode-3/data/ratis] (custom)
2019-08-13 05:31:45,705 INFO  storage.RaftStorageDirectory (RaftStorageDirectory.java:analyzeStorage(246)) - The storage directory /workdir/hadoop-ozone/integration-test/target/test-dir/MiniOzoneClusterImpl-e42735e1-9878-48e1-8bbd-267bfeafd40a/datanode-3/data/ratis/6bfd066f-8de3-4cf6-aaca-4b9ab3cf914b does not exist. Creating ...
2019-08-13 05:31:45,715 INFO  storage.RaftStorageDirectory (RaftStorageDirectory.java:tryLock(328)) - Lock on /workdir/hadoop-ozone/integration-test/target/test-dir/MiniOzoneClusterImpl-e42735e1-9878-48e1-8bbd-267bfeafd40a/datanode-3/data/ratis/6bfd066f-8de3-4cf6-aaca-4b9ab3cf914b/in_use.lock acquired by nodename 508@trunk-nightly-m7jb8-1436528744
2019-08-13 05:31:45,715 INFO  storage.RaftStorageDirectory (RaftStorageDirectory.java:tryLock(328)) - Lock on /workdir/hadoop-ozone/integration-test/target/test-dir/MiniOzoneClusterImpl-e42735e1-9878-48e1-8bbd-267bfeafd40a/datanode-0/data/ratis/6bfd066f-8de3-4cf6-aaca-4b9ab3cf914b/in_use.lock acquired by nodename 508@trunk-nightly-m7jb8-1436528744
2019-08-13 05:31:45,715 INFO  storage.RaftStorageDirectory (RaftStorageDirectory.java:tryLock(328)) - Lock on /workdir/hadoop-ozone/integration-test/target/test-dir/MiniOzoneClusterImpl-e42735e1-9878-48e1-8bbd-267bfeafd40a/datanode-5/data/ratis/6bfd066f-8de3-4cf6-aaca-4b9ab3cf914b/in_use.lock acquired by nodename 508@trunk-nightly-m7jb8-1436528744
2019-08-13 05:31:45,720 INFO  storage.RaftStorage (RaftStorage.java:format(72)) - Storage directory /workdir/hadoop-ozone/integration-test/target/test-dir/MiniOzoneClusterImpl-e42735e1-9878-48e1-8bbd-267bfeafd40a/datanode-5/data/ratis/6bfd066f-8de3-4cf6-aaca-4b9ab3cf914b has been successfully formatted.
2019-08-13 05:31:45,720 INFO  storage.RaftStorage (RaftStorage.java:format(72)) - Storage directory /workdir/hadoop-ozone/integration-test/target/test-dir/MiniOzoneClusterImpl-e42735e1-9878-48e1-8bbd-267bfeafd40a/datanode-3/data/ratis/6bfd066f-8de3-4cf6-aaca-4b9ab3cf914b has been successfully formatted.
2019-08-13 05:31:45,720 INFO  ratis.ContainerStateMachine (ContainerStateMachine.java:loadSnapshot(222)) - group-4B9AB3CF914B: The snapshot info is null. Setting the last applied indexto:(t:0, i:~)
2019-08-13 05:31:45,720 INFO  storage.RaftStorage (RaftStorage.java:format(72)) - Storage directory /workdir/hadoop-ozone/integration-test/target/test-dir/MiniOzoneClusterImpl-e42735e1-9878-48e1-8bbd-267bfeafd40a/datanode-0/data/ratis/6bfd066f-8de3-4cf6-aaca-4b9ab3cf914b has been successfully formatted.
2019-08-13 05:31:45,720 INFO  ratis.ContainerStateMachine (ContainerStateMachine.java:loadSnapshot(222)) - group-4B9AB3CF914B: The snapshot info is null. Setting the last applied indexto:(t:0, i:~)
2019-08-13 05:31:45,720 INFO  server.RaftServerConfigKeys (ConfUtils.java:logGet(43)) - raft.server.leader.election.timeout = 120s (custom)
2019-08-13 05:31:45,721 INFO  server.RaftServerConfigKeys (ConfUtils.java:logGet(43)) - raft.server.leader.election.timeout = 120s (custom)
2019-08-13 05:31:45,721 INFO  ratis.ContainerStateMachine (ContainerStateMachine.java:loadSnapshot(222)) - group-4B9AB3CF914B: The snapshot info is null. Setting the last applied indexto:(t:0, i:~)
2019-08-13 05:31:45,721 INFO  server.RaftServerConfigKeys (ConfUtils.java:logGet(43)) - raft.server.log.use.memory = false (default)
2019-08-13 05:31:45,721 INFO  server.RaftServerConfigKeys (ConfUtils.java:logGet(43)) - raft.server.log.use.memory = false (default)
2019-08-13 05:31:45,721 INFO  server.RaftServerConfigKeys (ConfUtils.java:logGet(43)) - raft.server.log.purge.gap = 1000000000 (custom)
2019-08-13 05:31:45,721 INFO  server.RaftServerConfigKeys (ConfUtils.java:logGet(43)) - raft.server.leader.election.timeout = 120s (custom)
2019-08-13 05:31:45,721 INFO  server.RaftServerConfigKeys (ConfUtils.java:logGet(43)) - raft.server.log.appender.buffer.byte-limit = 33554432 (custom)
2019-08-13 05:31:45,721 INFO  server.RaftServerConfigKeys (ConfUtils.java:logGet(43)) - raft.server.log.purge.gap = 1000000000 (custom)
2019-08-13 05:31:45,722 INFO  server.RaftServerConfigKeys (ConfUtils.java:logGet(43)) - raft.server.log.segment.size.max = 1048576 (custom)
2019-08-13 05:31:45,721 INFO  server.RaftServerConfigKeys (ConfUtils.java:logGet(43)) - raft.server.log.use.memory = false (default)
2019-08-13 05:31:45,722 INFO  server.RaftServerConfigKeys (ConfUtils.java:logGet(43)) - raft.server.log.segment.cache.num.max = 2 (custom)
2019-08-13 05:31:45,722 INFO  server.RaftServerConfigKeys (ConfUtils.java:logGet(43)) - raft.server.log.appender.buffer.byte-limit = 33554432 (custom)
2019-08-13 05:31:45,722 INFO  segmented.SegmentedRaftLogWorker (SegmentedRaftLogWorker.java:<init>(172)) - new 8c7a36a9-a535-490d-b255-053094593b17-SegmentedRaftLogWorker:Storage Directory /workdir/hadoop-ozone/integration-test/target/test-dir/MiniOzoneClusterImpl-e42735e1-9878-48e1-8bbd-267bfeafd40a/datanode-3/data/ratis/6bfd066f-8de3-4cf6-aaca-4b9ab3cf914b for RaftStorage:Storage Directory /workdir/hadoop-ozone/integration-test/target/test-dir/MiniOzoneClusterImpl-e42735e1-9878-48e1-8bbd-267bfeafd40a/datanode-3/data/ratis/6bfd066f-8de3-4cf6-aaca-4b9ab3cf914b
2019-08-13 05:31:45,722 INFO  server.RaftServerConfigKeys (ConfUtils.java:logGet(43)) - raft.server.log.purge.gap = 1000000000 (custom)
2019-08-13 05:31:45,722 INFO  server.RaftServerConfigKeys (ConfUtils.java:logGet(43)) - raft.server.log.queue.byte-limit = 2147483647 (custom)
2019-08-13 05:31:45,722 INFO  server.RaftServerConfigKeys (ConfUtils.java:logGet(43)) - raft.server.log.segment.size.max = 1048576 (custom)
2019-08-13 05:31:45,724 INFO  server.RaftServerConfigKeys (ConfUtils.java:logGet(43)) - raft.server.log.queue.element-limit = 1024 (custom)
2019-08-13 05:31:45,722 INFO  server.RaftServerConfigKeys (ConfUtils.java:logGet(43)) - raft.server.log.appender.buffer.byte-limit = 33554432 (custom)
2019-08-13 05:31:45,725 INFO  server.RaftServerConfigKeys (ConfUtils.java:logGet(43)) - raft.server.log.segment.size.max = 1048576 (custom)
2019-08-13 05:31:45,725 INFO  server.RaftServerConfigKeys (ConfUtils.java:logGet(43)) - raft.server.log.segment.cache.num.max = 2 (custom)
2019-08-13 05:31:45,725 INFO  server.RaftServerConfigKeys (ConfUtils.java:logGet(43)) - raft.server.log.segment.size.max = 1048576 (custom)
2019-08-13 05:31:45,725 INFO  segmented.SegmentedRaftLogWorker (SegmentedRaftLogWorker.java:<init>(172)) - new e2e36fa5-3716-44ec-b250-0958757b8e0d-SegmentedRaftLogWorker:Storage Directory /workdir/hadoop-ozone/integration-test/target/test-dir/MiniOzoneClusterImpl-e42735e1-9878-48e1-8bbd-267bfeafd40a/datanode-5/data/ratis/6bfd066f-8de3-4cf6-aaca-4b9ab3cf914b for RaftStorage:Storage Directory /workdir/hadoop-ozone/integration-test/target/test-dir/MiniOzoneClusterImpl-e42735e1-9878-48e1-8bbd-267bfeafd40a/datanode-5/data/ratis/6bfd066f-8de3-4cf6-aaca-4b9ab3cf914b
2019-08-13 05:31:45,725 INFO  server.RaftServerConfigKeys (ConfUtils.java:logGet(43)) - raft.server.log.preallocated.size = 16384 (custom)
2019-08-13 05:31:45,725 INFO  server.RaftServerConfigKeys (ConfUtils.java:logGet(43)) - raft.server.log.queue.byte-limit = 2147483647 (custom)
2019-08-13 05:31:45,725 INFO  server.RaftServerConfigKeys (ConfUtils.java:logGet(43)) - raft.server.log.segment.cache.num.max = 2 (custom)
2019-08-13 05:31:45,727 INFO  server.RaftServerConfigKeys (ConfUtils.java:logGet(43)) - raft.server.log.queue.element-limit = 1024 (custom)
2019-08-13 05:31:45,727 INFO  segmented.SegmentedRaftLogWorker (SegmentedRaftLogWorker.java:<init>(172)) - new a48f97e9-45bb-45d3-b154-22faf33201d2-SegmentedRaftLogWorker:Storage Directory /workdir/hadoop-ozone/integration-test/target/test-dir/MiniOzoneClusterImpl-e42735e1-9878-48e1-8bbd-267bfeafd40a/datanode-0/data/ratis/6bfd066f-8de3-4cf6-aaca-4b9ab3cf914b for RaftStorage:Storage Directory /workdir/hadoop-ozone/integration-test/target/test-dir/MiniOzoneClusterImpl-e42735e1-9878-48e1-8bbd-267bfeafd40a/datanode-0/data/ratis/6bfd066f-8de3-4cf6-aaca-4b9ab3cf914b
2019-08-13 05:31:45,725 INFO  server.RaftServerConfigKeys (ConfUtils.java:logGet(43)) - raft.server.log.write.buffer.size = 33554432 (custom)
2019-08-13 05:31:45,727 INFO  server.RaftServerConfigKeys (ConfUtils.java:logGet(43)) - raft.server.log.queue.byte-limit = 2147483647 (custom)
2019-08-13 05:31:45,727 INFO  server.RaftServerConfigKeys (ConfUtils.java:logGet(43)) - raft.server.log.segment.size.max = 1048576 (custom)
2019-08-13 05:31:45,729 INFO  server.RaftServerConfigKeys (ConfUtils.java:logGet(43)) - raft.server.log.queue.element-limit = 1024 (custom)
2019-08-13 05:31:45,727 INFO  server.RaftServerConfigKeys (ConfUtils.java:logGet(43)) - raft.server.log.force.sync.num = 128 (default)
2019-08-13 05:31:45,729 INFO  server.RaftServerConfigKeys (ConfUtils.java:logGet(43)) - raft.server.log.segment.size.max = 1048576 (custom)
2019-08-13 05:31:45,729 INFO  server.RaftServerConfigKeys (ConfUtils.java:logGet(43)) - raft.server.log.preallocated.size = 16384 (custom)
2019-08-13 05:31:45,729 INFO  server.RaftServerConfigKeys (ConfUtils.java:logGet(43)) - raft.server.log.preallocated.size = 16384 (custom)
2019-08-13 05:31:45,729 INFO  server.RaftServerConfigKeys (ConfUtils.java:logGet(43)) - raft.server.log.statemachine.data.sync = true (default)
2019-08-13 05:31:45,729 INFO  server.RaftServerConfigKeys (ConfUtils.java:logGet(43)) - raft.server.log.write.buffer.size = 33554432 (custom)
2019-08-13 05:31:45,729 INFO  server.RaftServerConfigKeys (ConfUtils.java:logGet(43)) - raft.server.log.write.buffer.size = 33554432 (custom)
2019-08-13 05:31:45,730 INFO  server.RaftServerConfigKeys (ConfUtils.java:logGet(43)) - raft.server.log.force.sync.num = 128 (default)
2019-08-13 05:31:45,729 INFO  server.RaftServerConfigKeys (ConfUtils.java:logGet(43)) - raft.server.log.statemachine.data.sync.timeout = 10s (default)
2019-08-13 05:31:45,730 INFO  server.RaftServerConfigKeys (ConfUtils.java:logGet(43)) - raft.server.log.statemachine.data.sync = true (default)
2019-08-13 05:31:45,730 INFO  server.RaftServerConfigKeys (ConfUtils.java:logGet(43)) - raft.server.log.force.sync.num = 128 (default)
2019-08-13 05:31:45,730 INFO  server.RaftServerConfigKeys (ConfUtils.java:logGet(43)) - raft.server.log.statemachine.data.sync.timeout = 10s (default)
2019-08-13 05:31:45,730 INFO  server.RaftServerConfigKeys (ConfUtils.java:logGet(43)) - raft.server.log.statemachine.data.sync.timeout.retry = -1 (default)
2019-08-13 05:31:45,730 INFO  server.RaftServerConfigKeys (ConfUtils.java:logGet(43)) - raft.server.log.statemachine.data.sync.timeout.retry = -1 (default)
2019-08-13 05:31:45,730 INFO  server.RaftServerConfigKeys (ConfUtils.java:logGet(43)) - raft.server.log.statemachine.data.sync = true (default)
2019-08-13 05:31:45,730 INFO  server.RaftServerConfigKeys (ConfUtils.java:logGet(43)) - raft.server.log.statemachine.data.caching.enabled = true (custom)
2019-08-13 05:31:45,730 INFO  server.RaftServerConfigKeys (ConfUtils.java:logGet(43)) - raft.server.log.statemachine.data.caching.enabled = true (custom)
2019-08-13 05:31:45,730 INFO  server.RaftServerConfigKeys (ConfUtils.java:logGet(43)) - raft.server.log.statemachine.data.sync.timeout = 10s (default)
2019-08-13 05:31:45,731 INFO  segmented.SegmentedRaftLogWorker (SegmentedRaftLogWorker.java:lambda$new$0(132)) - a48f97e9-45bb-45d3-b154-22faf33201d2-SegmentedRaftLogWorker:Storage Directory /workdir/hadoop-ozone/integration-test/target/test-dir/MiniOzoneClusterImpl-e42735e1-9878-48e1-8bbd-267bfeafd40a/datanode-0/data/ratis/6bfd066f-8de3-4cf6-aaca-4b9ab3cf914b: flushIndex: setUnconditionally 0 -> -1
2019-08-13 05:31:45,731 INFO  server.RaftServerConfigKeys (ConfUtils.java:logGet(43)) - raft.server.log.statemachine.data.sync.timeout.retry = -1 (default)
2019-08-13 05:31:45,731 INFO  segmented.SegmentedRaftLogWorker (SegmentedRaftLogWorker.java:lambda$new$0(132)) - 8c7a36a9-a535-490d-b255-053094593b17-SegmentedRaftLogWorker:Storage Directory /workdir/hadoop-ozone/integration-test/target/test-dir/MiniOzoneClusterImpl-e42735e1-9878-48e1-8bbd-267bfeafd40a/datanode-3/data/ratis/6bfd066f-8de3-4cf6-aaca-4b9ab3cf914b: flushIndex: setUnconditionally 0 -> -1
2019-08-13 05:31:45,731 INFO  server.RaftServerConfigKeys (ConfUtils.java:logGet(43)) - raft.server.snapshot.auto.trigger.enabled = true (custom)
2019-08-13 05:31:45,731 INFO  server.RaftServerConfigKeys (ConfUtils.java:logGet(43)) - raft.server.log.statemachine.data.caching.enabled = true (custom)
2019-08-13 05:31:45,731 INFO  server.RaftServerConfigKeys (ConfUtils.java:logGet(43)) - raft.server.snapshot.auto.trigger.enabled = true (custom)
2019-08-13 05:31:45,731 INFO  segmented.SegmentedRaftLogWorker (SegmentedRaftLogWorker.java:lambda$new$0(132)) - e2e36fa5-3716-44ec-b250-0958757b8e0d-SegmentedRaftLogWorker:Storage Directory /workdir/hadoop-ozone/integration-test/target/test-dir/MiniOzoneClusterImpl-e42735e1-9878-48e1-8bbd-267bfeafd40a/datanode-5/data/ratis/6bfd066f-8de3-4cf6-aaca-4b9ab3cf914b: flushIndex: setUnconditionally 0 -> -1
2019-08-13 05:31:45,731 INFO  server.RaftServerConfigKeys (ConfUtils.java:logGet(43)) - raft.server.snapshot.auto.trigger.threshold = 10000 (custom)
2019-08-13 05:31:45,731 INFO  server.RaftServerConfigKeys (ConfUtils.java:logGet(43)) - raft.server.snapshot.auto.trigger.threshold = 10000 (custom)
2019-08-13 05:31:45,732 INFO  server.RaftServerConfigKeys (ConfUtils.java:logGet(43)) - raft.server.retrycache.expirytime = 600000ms (custom)
2019-08-13 05:31:45,732 INFO  server.RaftServerConfigKeys (ConfUtils.java:logGet(43)) - raft.server.snapshot.auto.trigger.enabled = true (custom)
2019-08-13 05:31:45,732 INFO  server.RaftServerConfigKeys (ConfUtils.java:logGet(43)) - raft.server.retrycache.expirytime = 600000ms (custom)
2019-08-13 05:31:45,732 INFO  server.RaftServerConfigKeys (ConfUtils.java:logGet(43)) - raft.server.snapshot.auto.trigger.threshold = 10000 (custom)
2019-08-13 05:31:45,732 INFO  impl.RaftServerImpl (RaftServerImpl.java:start(180)) - a48f97e9-45bb-45d3-b154-22faf33201d2: start group-4B9AB3CF914B
2019-08-13 05:31:45,732 INFO  server.RaftServerConfigKeys (ConfUtils.java:logGet(43)) - raft.server.retrycache.expirytime = 600000ms (custom)
2019-08-13 05:31:45,732 INFO  impl.RaftServerImpl (RaftServerImpl.java:start(180)) - 8c7a36a9-a535-490d-b255-053094593b17: start group-4B9AB3CF914B
2019-08-13 05:31:45,732 INFO  impl.RaftServerImpl (RaftServerImpl.java:start(180)) - e2e36fa5-3716-44ec-b250-0958757b8e0d: start group-4B9AB3CF914B
2019-08-13 05:31:45,732 INFO  impl.RaftServerImpl (RaftServerImpl.java:setRole(171)) - a48f97e9-45bb-45d3-b154-22faf33201d2:group-4B9AB3CF914B changes role from null to FOLLOWER at term 0 for startAsFollower
2019-08-13 05:31:45,732 INFO  impl.RaftServerImpl (RaftServerImpl.java:setRole(171)) - e2e36fa5-3716-44ec-b250-0958757b8e0d:group-4B9AB3CF914B changes role from null to FOLLOWER at term 0 for startAsFollower
2019-08-13 05:31:45,732 INFO  impl.RaftServerImpl (RaftServerImpl.java:setRole(171)) - 8c7a36a9-a535-490d-b255-053094593b17:group-4B9AB3CF914B changes role from null to FOLLOWER at term 0 for startAsFollower
2019-08-13 05:31:45,733 INFO  impl.RoleInfo (RoleInfo.java:updateAndGet(143)) - e2e36fa5-3716-44ec-b250-0958757b8e0d: start FollowerState
2019-08-13 05:31:45,733 INFO  impl.RoleInfo (RoleInfo.java:updateAndGet(143)) - a48f97e9-45bb-45d3-b154-22faf33201d2: start FollowerState
2019-08-13 05:31:45,733 INFO  impl.RoleInfo (RoleInfo.java:updateAndGet(143)) - 8c7a36a9-a535-490d-b255-053094593b17: start FollowerState
2019-08-13 05:31:45,733 INFO  util.JmxRegister (JmxRegister.java:tryRegister(44)) - Successfully registered JMX Bean with object name Ratis:service=RaftServer,group=group-4B9AB3CF914B,id=e2e36fa5-3716-44ec-b250-0958757b8e0d
2019-08-13 05:31:45,733 INFO  util.JmxRegister (JmxRegister.java:tryRegister(44)) - Successfully registered JMX Bean with object name Ratis:service=RaftServer,group=group-4B9AB3CF914B,id=a48f97e9-45bb-45d3-b154-22faf33201d2
2019-08-13 05:31:45,733 INFO  util.JmxRegister (JmxRegister.java:tryRegister(44)) - Successfully registered JMX Bean with object name Ratis:service=RaftServer,group=group-4B9AB3CF914B,id=8c7a36a9-a535-490d-b255-053094593b17
2019-08-13 05:31:45,760 INFO  pipeline.PipelineStateManager (PipelineStateManager.java:addPipeline(56)) - Created pipeline Pipeline[ Id: 6bfd066f-8de3-4cf6-aaca-4b9ab3cf914b, Nodes: a48f97e9-45bb-45d3-b154-22faf33201d2{ip: 192.168.5.174, host: trunk-nightly-m7jb8-1436528744, networkLocation: /default-rack, certSerialId: null}8c7a36a9-a535-490d-b255-053094593b17{ip: 192.168.5.174, host: trunk-nightly-m7jb8-1436528744, networkLocation: /default-rack, certSerialId: null}e2e36fa5-3716-44ec-b250-0958757b8e0d{ip: 192.168.5.174, host: trunk-nightly-m7jb8-1436528744, networkLocation: /default-rack, certSerialId: null}, Type:RATIS, Factor:THREE, State:OPEN]
2019-08-13 05:31:45,789 INFO  impl.RaftServerProxy (RaftServerProxy.java:addNew(89)) - 890438a0-2e3a-4e6d-a5ca-c02079b295cd: addNew group-9340C0E17F40:[890438a0-2e3a-4e6d-a5ca-c02079b295cd:192.168.5.174:36433, ca6a72ac-2720-408e-ab08-4c16411735a5:192.168.5.174:35621, 127a8ccf-fb8c-459e-a42f-30aa8deb48cc:192.168.5.174:36864] returns group-9340C0E17F40:java.util.concurrent.CompletableFuture@40dc3b1d[Not completed]
2019-08-13 05:31:45,789 INFO  impl.RaftServerProxy (RaftServerProxy.java:addNew(89)) - 127a8ccf-fb8c-459e-a42f-30aa8deb48cc: addNew group-9340C0E17F40:[890438a0-2e3a-4e6d-a5ca-c02079b295cd:192.168.5.174:36433, ca6a72ac-2720-408e-ab08-4c16411735a5:192.168.5.174:35621, 127a8ccf-fb8c-459e-a42f-30aa8deb48cc:192.168.5.174:36864] returns group-9340C0E17F40:java.util.concurrent.CompletableFuture@4b707761[Not completed]
2019-08-13 05:31:45,789 INFO  impl.RaftServerProxy (RaftServerProxy.java:addNew(89)) - ca6a72ac-2720-408e-ab08-4c16411735a5: addNew group-9340C0E17F40:[890438a0-2e3a-4e6d-a5ca-c02079b295cd:192.168.5.174:36433, ca6a72ac-2720-408e-ab08-4c16411735a5:192.168.5.174:35621, 127a8ccf-fb8c-459e-a42f-30aa8deb48cc:192.168.5.174:36864] returns group-9340C0E17F40:java.util.concurrent.CompletableFuture@3d93ea6f[Not completed]
2019-08-13 05:31:45,795 INFO  impl.RaftServerImpl (RaftServerImpl.java:<init>(93)) - 890438a0-2e3a-4e6d-a5ca-c02079b295cd: new RaftServerImpl for group-9340C0E17F40:[890438a0-2e3a-4e6d-a5ca-c02079b295cd:192.168.5.174:36433, ca6a72ac-2720-408e-ab08-4c16411735a5:192.168.5.174:35621, 127a8ccf-fb8c-459e-a42f-30aa8deb48cc:192.168.5.174:36864] with ContainerStateMachine:uninitialized
2019-08-13 05:31:45,795 INFO  server.RaftServerConfigKeys (ConfUtils.java:logGet(43)) - raft.server.rpc.timeout.min = 5s (custom)
2019-08-13 05:31:45,795 INFO  server.RaftServerConfigKeys (ConfUtils.java:logGet(43)) - raft.server.rpc.timeout.max = 5200ms (custom)
2019-08-13 05:31:45,795 INFO  server.RaftServerConfigKeys (ConfUtils.java:logGet(43)) - raft.server.rpcslowness.timeout = 120s (custom)
2019-08-13 05:31:45,795 INFO  server.RaftServerConfigKeys (ConfUtils.java:logGet(43)) - raft.server.sleep.deviation.threshold = 300 (default)
2019-08-13 05:31:45,795 INFO  server.RaftServerConfigKeys (ConfUtils.java:logGet(43)) - raft.server.log.appender.install.snapshot.enabled = false (custom)
2019-08-13 05:31:45,796 INFO  impl.RaftServerImpl (RaftServerImpl.java:<init>(93)) - 127a8ccf-fb8c-459e-a42f-30aa8deb48cc: new RaftServerImpl for group-9340C0E17F40:[890438a0-2e3a-4e6d-a5ca-c02079b295cd:192.168.5.174:36433, ca6a72ac-2720-408e-ab08-4c16411735a5:192.168.5.174:35621, 127a8ccf-fb8c-459e-a42f-30aa8deb48cc:192.168.5.174:36864] with ContainerStateMachine:uninitialized
2019-08-13 05:31:45,796 INFO  impl.RaftServerImpl (ServerState.java:<init>(105)) - 890438a0-2e3a-4e6d-a5ca-c02079b295cd:group-9340C0E17F40 ConfigurationManager, init=-1: [890438a0-2e3a-4e6d-a5ca-c02079b295cd:192.168.5.174:36433, ca6a72ac-2720-408e-ab08-4c16411735a5:192.168.5.174:35621, 127a8ccf-fb8c-459e-a42f-30aa8deb48cc:192.168.5.174:36864], old=null, confs=<EMPTY_MAP>
2019-08-13 05:31:45,796 INFO  server.RaftServerConfigKeys (ConfUtils.java:logGet(43)) - raft.server.rpc.timeout.min = 5s (custom)
2019-08-13 05:31:45,796 INFO  server.RaftServerConfigKeys (ConfUtils.java:logGet(43)) - raft.server.storage.dir = [/workdir/hadoop-ozone/integration-test/target/test-dir/MiniOzoneClusterImpl-e42735e1-9878-48e1-8bbd-267bfeafd40a/datanode-6/data/ratis] (custom)
2019-08-13 05:31:45,796 INFO  server.RaftServerConfigKeys (ConfUtils.java:logGet(43)) - raft.server.rpc.timeout.max = 5200ms (custom)
2019-08-13 05:31:45,796 INFO  server.RaftServerConfigKeys (ConfUtils.java:logGet(43)) - raft.server.rpcslowness.timeout = 120s (custom)
2019-08-13 05:31:45,796 INFO  storage.RaftStorageDirectory (RaftStorageDirectory.java:analyzeStorage(246)) - The storage directory /workdir/hadoop-ozone/integration-test/target/test-dir/MiniOzoneClusterImpl-e42735e1-9878-48e1-8bbd-267bfeafd40a/datanode-6/data/ratis/bcbe679a-8fc1-4d5d-a4b3-9340c0e17f40 does not exist. Creating ...
2019-08-13 05:31:45,796 INFO  server.RaftServerConfigKeys (ConfUtils.java:logGet(43)) - raft.server.sleep.deviation.threshold = 300 (default)
2019-08-13 05:31:45,797 INFO  impl.RaftServerImpl (RaftServerImpl.java:<init>(93)) - ca6a72ac-2720-408e-ab08-4c16411735a5: new RaftServerImpl for group-9340C0E17F40:[890438a0-2e3a-4e6d-a5ca-c02079b295cd:192.168.5.174:36433, ca6a72ac-2720-408e-ab08-4c16411735a5:192.168.5.174:35621, 127a8ccf-fb8c-459e-a42f-30aa8deb48cc:192.168.5.174:36864] with ContainerStateMachine:uninitialized
2019-08-13 05:31:45,797 INFO  server.RaftServerConfigKeys (ConfUtils.java:logGet(43)) - raft.server.log.appender.install.snapshot.enabled = false (custom)
2019-08-13 05:31:45,797 INFO  server.RaftServerConfigKeys (ConfUtils.java:logGet(43)) - raft.server.rpc.timeout.min = 5s (custom)
2019-08-13 05:31:45,797 INFO  impl.RaftServerImpl (ServerState.java:<init>(105)) - 127a8ccf-fb8c-459e-a42f-30aa8deb48cc:group-9340C0E17F40 ConfigurationManager, init=-1: [890438a0-2e3a-4e6d-a5ca-c02079b295cd:192.168.5.174:36433, ca6a72ac-2720-408e-ab08-4c16411735a5:192.168.5.174:35621, 127a8ccf-fb8c-459e-a42f-30aa8deb48cc:192.168.5.174:36864], old=null, confs=<EMPTY_MAP>
2019-08-13 05:31:45,797 INFO  server.RaftServerConfigKeys (ConfUtils.java:logGet(43)) - raft.server.rpc.timeout.max = 5200ms (custom)
2019-08-13 05:31:45,797 INFO  server.RaftServerConfigKeys (ConfUtils.java:logGet(43)) - raft.server.storage.dir = [/workdir/hadoop-ozone/integration-test/target/test-dir/MiniOzoneClusterImpl-e42735e1-9878-48e1-8bbd-267bfeafd40a/datanode-1/data/ratis] (custom)
2019-08-13 05:31:45,797 INFO  server.RaftServerConfigKeys (ConfUtils.java:logGet(43)) - raft.server.rpcslowness.timeout = 120s (custom)
2019-08-13 05:31:45,797 INFO  server.RaftServerConfigKeys (ConfUtils.java:logGet(43)) - raft.server.sleep.deviation.threshold = 300 (default)
2019-08-13 05:31:45,798 INFO  storage.RaftStorageDirectory (RaftStorageDirectory.java:analyzeStorage(246)) - The storage directory /workdir/hadoop-ozone/integration-test/target/test-dir/MiniOzoneClusterImpl-e42735e1-9878-48e1-8bbd-267bfeafd40a/datanode-1/data/ratis/bcbe679a-8fc1-4d5d-a4b3-9340c0e17f40 does not exist. Creating ...
2019-08-13 05:31:45,798 INFO  server.RaftServerConfigKeys (ConfUtils.java:logGet(43)) - raft.server.log.appender.install.snapshot.enabled = false (custom)
2019-08-13 05:31:45,798 INFO  impl.RaftServerImpl (ServerState.java:<init>(105)) - ca6a72ac-2720-408e-ab08-4c16411735a5:group-9340C0E17F40 ConfigurationManager, init=-1: [890438a0-2e3a-4e6d-a5ca-c02079b295cd:192.168.5.174:36433, ca6a72ac-2720-408e-ab08-4c16411735a5:192.168.5.174:35621, 127a8ccf-fb8c-459e-a42f-30aa8deb48cc:192.168.5.174:36864], old=null, confs=<EMPTY_MAP>
2019-08-13 05:31:45,798 INFO  server.RaftServerConfigKeys (ConfUtils.java:logGet(43)) - raft.server.storage.dir = [/workdir/hadoop-ozone/integration-test/target/test-dir/MiniOzoneClusterImpl-e42735e1-9878-48e1-8bbd-267bfeafd40a/datanode-4/data/ratis] (custom)
2019-08-13 05:31:45,798 INFO  storage.RaftStorageDirectory (RaftStorageDirectory.java:analyzeStorage(246)) - The storage directory /workdir/hadoop-ozone/integration-test/target/test-dir/MiniOzoneClusterImpl-e42735e1-9878-48e1-8bbd-267bfeafd40a/datanode-4/data/ratis/bcbe679a-8fc1-4d5d-a4b3-9340c0e17f40 does not exist. Creating ...
2019-08-13 05:31:45,802 INFO  storage.RaftStorageDirectory (RaftStorageDirectory.java:tryLock(328)) - Lock on /workdir/hadoop-ozone/integration-test/target/test-dir/MiniOzoneClusterImpl-e42735e1-9878-48e1-8bbd-267bfeafd40a/datanode-1/data/ratis/bcbe679a-8fc1-4d5d-a4b3-9340c0e17f40/in_use.lock acquired by nodename 508@trunk-nightly-m7jb8-1436528744
2019-08-13 05:31:45,802 INFO  storage.RaftStorageDirectory (RaftStorageDirectory.java:tryLock(328)) - Lock on /workdir/hadoop-ozone/integration-test/target/test-dir/MiniOzoneClusterImpl-e42735e1-9878-48e1-8bbd-267bfeafd40a/datanode-6/data/ratis/bcbe679a-8fc1-4d5d-a4b3-9340c0e17f40/in_use.lock acquired by nodename 508@trunk-nightly-m7jb8-1436528744
2019-08-13 05:31:45,802 INFO  storage.RaftStorageDirectory (RaftStorageDirectory.java:tryLock(328)) - Lock on /workdir/hadoop-ozone/integration-test/target/test-dir/MiniOzoneClusterImpl-e42735e1-9878-48e1-8bbd-267bfeafd40a/datanode-4/data/ratis/bcbe679a-8fc1-4d5d-a4b3-9340c0e17f40/in_use.lock acquired by nodename 508@trunk-nightly-m7jb8-1436528744
2019-08-13 05:31:45,809 INFO  storage.RaftStorage (RaftStorage.java:format(72)) - Storage directory /workdir/hadoop-ozone/integration-test/target/test-dir/MiniOzoneClusterImpl-e42735e1-9878-48e1-8bbd-267bfeafd40a/datanode-6/data/ratis/bcbe679a-8fc1-4d5d-a4b3-9340c0e17f40 has been successfully formatted.
2019-08-13 05:31:45,809 INFO  storage.RaftStorage (RaftStorage.java:format(72)) - Storage directory /workdir/hadoop-ozone/integration-test/target/test-dir/MiniOzoneClusterImpl-e42735e1-9878-48e1-8bbd-267bfeafd40a/datanode-1/data/ratis/bcbe679a-8fc1-4d5d-a4b3-9340c0e17f40 has been successfully formatted.
2019-08-13 05:31:45,810 INFO  ratis.ContainerStateMachine (ContainerStateMachine.java:loadSnapshot(222)) - group-9340C0E17F40: The snapshot info is null. Setting the last applied indexto:(t:0, i:~)
2019-08-13 05:31:45,809 INFO  storage.RaftStorage (RaftStorage.java:format(72)) - Storage directory /workdir/hadoop-ozone/integration-test/target/test-dir/MiniOzoneClusterImpl-e42735e1-9878-48e1-8bbd-267bfeafd40a/datanode-4/data/ratis/bcbe679a-8fc1-4d5d-a4b3-9340c0e17f40 has been successfully formatted.
2019-08-13 05:31:45,810 INFO  ratis.ContainerStateMachine (ContainerStateMachine.java:loadSnapshot(222)) - group-9340C0E17F40: The snapshot info is null. Setting the last applied indexto:(t:0, i:~)
2019-08-13 05:31:45,810 INFO  server.RaftServerConfigKeys (ConfUtils.java:logGet(43)) - raft.server.leader.election.timeout = 120s (custom)
2019-08-13 05:31:45,810 INFO  server.RaftServerConfigKeys (ConfUtils.java:logGet(43)) - raft.server.leader.election.timeout = 120s (custom)
2019-08-13 05:31:45,810 INFO  ratis.ContainerStateMachine (ContainerStateMachine.java:loadSnapshot(222)) - group-9340C0E17F40: The snapshot info is null. Setting the last applied indexto:(t:0, i:~)
2019-08-13 05:31:45,810 INFO  server.RaftServerConfigKeys (ConfUtils.java:logGet(43)) - raft.server.log.use.memory = false (default)
2019-08-13 05:31:45,810 INFO  server.RaftServerConfigKeys (ConfUtils.java:logGet(43)) - raft.server.log.use.memory = false (default)
2019-08-13 05:31:45,810 INFO  server.RaftServerConfigKeys (ConfUtils.java:logGet(43)) - raft.server.log.purge.gap = 1000000000 (custom)
2019-08-13 05:31:45,810 INFO  server.RaftServerConfigKeys (ConfUtils.java:logGet(43)) - raft.server.leader.election.timeout = 120s (custom)
2019-08-13 05:31:45,811 INFO  server.RaftServerConfigKeys (ConfUtils.java:logGet(43)) - raft.server.log.appender.buffer.byte-limit = 33554432 (custom)
2019-08-13 05:31:45,810 INFO  server.RaftServerConfigKeys (ConfUtils.java:logGet(43)) - raft.server.log.purge.gap = 1000000000 (custom)
2019-08-13 05:31:45,811 INFO  server.RaftServerConfigKeys (ConfUtils.java:logGet(43)) - raft.server.log.segment.size.max = 1048576 (custom)
2019-08-13 05:31:45,811 INFO  server.RaftServerConfigKeys (ConfUtils.java:logGet(43)) - raft.server.log.use.memory = false (default)
2019-08-13 05:31:45,811 INFO  server.RaftServerConfigKeys (ConfUtils.java:logGet(43)) - raft.server.log.segment.cache.num.max = 2 (custom)
2019-08-13 05:31:45,811 INFO  server.RaftServerConfigKeys (ConfUtils.java:logGet(43)) - raft.server.log.appender.buffer.byte-limit = 33554432 (custom)
2019-08-13 05:31:45,811 INFO  segmented.SegmentedRaftLogWorker (SegmentedRaftLogWorker.java:<init>(172)) - new 127a8ccf-fb8c-459e-a42f-30aa8deb48cc-SegmentedRaftLogWorker:Storage Directory /workdir/hadoop-ozone/integration-test/target/test-dir/MiniOzoneClusterImpl-e42735e1-9878-48e1-8bbd-267bfeafd40a/datanode-1/data/ratis/bcbe679a-8fc1-4d5d-a4b3-9340c0e17f40 for RaftStorage:Storage Directory /workdir/hadoop-ozone/integration-test/target/test-dir/MiniOzoneClusterImpl-e42735e1-9878-48e1-8bbd-267bfeafd40a/datanode-1/data/ratis/bcbe679a-8fc1-4d5d-a4b3-9340c0e17f40
2019-08-13 05:31:45,811 INFO  server.RaftServerConfigKeys (ConfUtils.java:logGet(43)) - raft.server.log.purge.gap = 1000000000 (custom)
2019-08-13 05:31:45,812 INFO  server.RaftServerConfigKeys (ConfUtils.java:logGet(43)) - raft.server.log.queue.byte-limit = 2147483647 (custom)
2019-08-13 05:31:45,811 INFO  server.RaftServerConfigKeys (ConfUtils.java:logGet(43)) - raft.server.log.segment.size.max = 1048576 (custom)
2019-08-13 05:31:45,813 INFO  server.RaftServerConfigKeys (ConfUtils.java:logGet(43)) - raft.server.log.queue.element-limit = 1024 (custom)
2019-08-13 05:31:45,812 INFO  server.RaftServerConfigKeys (ConfUtils.java:logGet(43)) - raft.server.log.appender.buffer.byte-limit = 33554432 (custom)
2019-08-13 05:31:45,813 INFO  server.RaftServerConfigKeys (ConfUtils.java:logGet(43)) - raft.server.log.segment.size.max = 1048576 (custom)
2019-08-13 05:31:45,813 INFO  server.RaftServerConfigKeys (ConfUtils.java:logGet(43)) - raft.server.log.segment.cache.num.max = 2 (custom)
2019-08-13 05:31:45,813 INFO  server.RaftServerConfigKeys (ConfUtils.java:logGet(43)) - raft.server.log.preallocated.size = 16384 (custom)
2019-08-13 05:31:45,813 INFO  server.RaftServerConfigKeys (ConfUtils.java:logGet(43)) - raft.server.log.segment.size.max = 1048576 (custom)
2019-08-13 05:31:45,814 INFO  server.RaftServerConfigKeys (ConfUtils.java:logGet(43)) - raft.server.log.write.buffer.size = 33554432 (custom)
2019-08-13 05:31:45,814 INFO  segmented.SegmentedRaftLogWorker (SegmentedRaftLogWorker.java:<init>(172)) - new 890438a0-2e3a-4e6d-a5ca-c02079b295cd-SegmentedRaftLogWorker:Storage Directory /workdir/hadoop-ozone/integration-test/target/test-dir/MiniOzoneClusterImpl-e42735e1-9878-48e1-8bbd-267bfeafd40a/datanode-6/data/ratis/bcbe679a-8fc1-4d5d-a4b3-9340c0e17f40 for RaftStorage:Storage Directory /workdir/hadoop-ozone/integration-test/target/test-dir/MiniOzoneClusterImpl-e42735e1-9878-48e1-8bbd-267bfeafd40a/datanode-6/data/ratis/bcbe679a-8fc1-4d5d-a4b3-9340c0e17f40
2019-08-13 05:31:45,814 INFO  server.RaftServerConfigKeys (ConfUtils.java:logGet(43)) - raft.server.log.force.sync.num = 128 (default)
2019-08-13 05:31:45,814 INFO  server.RaftServerConfigKeys (ConfUtils.java:logGet(43)) - raft.server.log.segment.cache.num.max = 2 (custom)
2019-08-13 05:31:45,814 INFO  server.RaftServerConfigKeys (ConfUtils.java:logGet(43)) - raft.server.log.statemachine.data.sync = true (default)
2019-08-13 05:31:45,814 INFO  server.RaftServerConfigKeys (ConfUtils.java:logGet(43)) - raft.server.log.queue.byte-limit = 2147483647 (custom)
2019-08-13 05:31:45,816 INFO  server.RaftServerConfigKeys (ConfUtils.java:logGet(43)) - raft.server.log.statemachine.data.sync.timeout = 10s (default)
2019-08-13 05:31:45,815 INFO  segmented.SegmentedRaftLogWorker (SegmentedRaftLogWorker.java:<init>(172)) - new ca6a72ac-2720-408e-ab08-4c16411735a5-SegmentedRaftLogWorker:Storage Directory /workdir/hadoop-ozone/integration-test/target/test-dir/MiniOzoneClusterImpl-e42735e1-9878-48e1-8bbd-267bfeafd40a/datanode-4/data/ratis/bcbe679a-8fc1-4d5d-a4b3-9340c0e17f40 for RaftStorage:Storage Directory /workdir/hadoop-ozone/integration-test/target/test-dir/MiniOzoneClusterImpl-e42735e1-9878-48e1-8bbd-267bfeafd40a/datanode-4/data/ratis/bcbe679a-8fc1-4d5d-a4b3-9340c0e17f40
2019-08-13 05:31:45,816 INFO  server.RaftServerConfigKeys (ConfUtils.java:logGet(43)) - raft.server.log.statemachine.data.sync.timeout.retry = -1 (default)
2019-08-13 05:31:45,816 INFO  server.RaftServerConfigKeys (ConfUtils.java:logGet(43)) - raft.server.log.queue.element-limit = 1024 (custom)
2019-08-13 05:31:45,817 INFO  server.RaftServerConfigKeys (ConfUtils.java:logGet(43)) - raft.server.log.queue.byte-limit = 2147483647 (custom)
2019-08-13 05:31:45,817 INFO  server.RaftServerConfigKeys (ConfUtils.java:logGet(43)) - raft.server.log.statemachine.data.caching.enabled = true (custom)
2019-08-13 05:31:45,817 INFO  server.RaftServerConfigKeys (ConfUtils.java:logGet(43)) - raft.server.log.queue.element-limit = 1024 (custom)
2019-08-13 05:31:45,817 INFO  server.RaftServerConfigKeys (ConfUtils.java:logGet(43)) - raft.server.log.segment.size.max = 1048576 (custom)
2019-08-13 05:31:45,818 INFO  server.RaftServerConfigKeys (ConfUtils.java:logGet(43)) - raft.server.log.segment.size.max = 1048576 (custom)
2019-08-13 05:31:45,818 INFO  server.RaftServerConfigKeys (ConfUtils.java:logGet(43)) - raft.server.log.preallocated.size = 16384 (custom)
2019-08-13 05:31:45,818 INFO  segmented.SegmentedRaftLogWorker (SegmentedRaftLogWorker.java:lambda$new$0(132)) - 127a8ccf-fb8c-459e-a42f-30aa8deb48cc-SegmentedRaftLogWorker:Storage Directory /workdir/hadoop-ozone/integration-test/target/test-dir/MiniOzoneClusterImpl-e42735e1-9878-48e1-8bbd-267bfeafd40a/datanode-1/data/ratis/bcbe679a-8fc1-4d5d-a4b3-9340c0e17f40: flushIndex: setUnconditionally 0 -> -1
2019-08-13 05:31:45,818 INFO  server.RaftServerConfigKeys (ConfUtils.java:logGet(43)) - raft.server.log.write.buffer.size = 33554432 (custom)
2019-08-13 05:31:45,818 INFO  server.RaftServerConfigKeys (ConfUtils.java:logGet(43)) - raft.server.log.preallocated.size = 16384 (custom)
2019-08-13 05:31:45,818 INFO  server.RaftServerConfigKeys (ConfUtils.java:logGet(43)) - raft.server.snapshot.auto.trigger.enabled = true (custom)
2019-08-13 05:31:45,818 INFO  server.RaftServerConfigKeys (ConfUtils.java:logGet(43)) - raft.server.log.write.buffer.size = 33554432 (custom)
2019-08-13 05:31:45,818 INFO  server.RaftServerConfigKeys (ConfUtils.java:logGet(43)) - raft.server.log.force.sync.num = 128 (default)
2019-08-13 05:31:45,818 INFO  server.RaftServerConfigKeys (ConfUtils.java:logGet(43)) - raft.server.log.force.sync.num = 128 (default)
2019-08-13 05:31:45,818 INFO  server.RaftServerConfigKeys (ConfUtils.java:logGet(43)) - raft.server.snapshot.auto.trigger.threshold = 10000 (custom)
2019-08-13 05:31:45,819 INFO  server.RaftServerConfigKeys (ConfUtils.java:logGet(43)) - raft.server.log.statemachine.data.sync = true (default)
2019-08-13 05:31:45,819 INFO  server.RaftServerConfigKeys (ConfUtils.java:logGet(43)) - raft.server.log.statemachine.data.sync = true (default)
2019-08-13 05:31:45,819 INFO  server.RaftServerConfigKeys (ConfUtils.java:logGet(43)) - raft.server.log.statemachine.data.sync.timeout = 10s (default)
2019-08-13 05:31:45,819 INFO  server.RaftServerConfigKeys (ConfUtils.java:logGet(43)) - raft.server.retrycache.expirytime = 600000ms (custom)
2019-08-13 05:31:45,819 INFO  server.RaftServerConfigKeys (ConfUtils.java:logGet(43)) - raft.server.log.statemachine.data.sync.timeout.retry = -1 (default)
2019-08-13 05:31:45,819 INFO  server.RaftServerConfigKeys (ConfUtils.java:logGet(43)) - raft.server.log.statemachine.data.sync.timeout = 10s (default)
2019-08-13 05:31:45,819 INFO  server.RaftServerConfigKeys (ConfUtils.java:logGet(43)) - raft.server.log.statemachine.data.caching.enabled = true (custom)
2019-08-13 05:31:45,819 INFO  impl.RaftServerImpl (RaftServerImpl.java:start(180)) - 127a8ccf-fb8c-459e-a42f-30aa8deb48cc: start group-9340C0E17F40
2019-08-13 05:31:45,819 INFO  server.RaftServerConfigKeys (ConfUtils.java:logGet(43)) - raft.server.log.statemachine.data.sync.timeout.retry = -1 (default)
2019-08-13 05:31:45,820 INFO  impl.RaftServerImpl (RaftServerImpl.java:setRole(171)) - 127a8ccf-fb8c-459e-a42f-30aa8deb48cc:group-9340C0E17F40 changes role from null to FOLLOWER at term 0 for startAsFollower
2019-08-13 05:31:45,820 INFO  segmented.SegmentedRaftLogWorker (SegmentedRaftLogWorker.java:lambda$new$0(132)) - ca6a72ac-2720-408e-ab08-4c16411735a5-SegmentedRaftLogWorker:Storage Directory /workdir/hadoop-ozone/integration-test/target/test-dir/MiniOzoneClusterImpl-e42735e1-9878-48e1-8bbd-267bfeafd40a/datanode-4/data/ratis/bcbe679a-8fc1-4d5d-a4b3-9340c0e17f40: flushIndex: setUnconditionally 0 -> -1
2019-08-13 05:31:45,820 INFO  impl.RoleInfo (RoleInfo.java:updateAndGet(143)) - 127a8ccf-fb8c-459e-a42f-30aa8deb48cc: start FollowerState
2019-08-13 05:31:45,820 INFO  server.RaftServerConfigKeys (ConfUtils.java:logGet(43)) - raft.server.log.statemachine.data.caching.enabled = true (custom)
2019-08-13 05:31:45,820 INFO  server.RaftServerConfigKeys (ConfUtils.java:logGet(43)) - raft.server.snapshot.auto.trigger.enabled = true (custom)
2019-08-13 05:31:45,820 INFO  server.RaftServerConfigKeys (ConfUtils.java:logGet(43)) - raft.server.snapshot.auto.trigger.threshold = 10000 (custom)
2019-08-13 05:31:45,820 INFO  segmented.SegmentedRaftLogWorker (SegmentedRaftLogWorker.java:lambda$new$0(132)) - 890438a0-2e3a-4e6d-a5ca-c02079b295cd-SegmentedRaftLogWorker:Storage Directory /workdir/hadoop-ozone/integration-test/target/test-dir/MiniOzoneClusterImpl-e42735e1-9878-48e1-8bbd-267bfeafd40a/datanode-6/data/ratis/bcbe679a-8fc1-4d5d-a4b3-9340c0e17f40: flushIndex: setUnconditionally 0 -> -1
2019-08-13 05:31:45,821 INFO  server.RaftServerConfigKeys (ConfUtils.java:logGet(43)) - raft.server.retrycache.expirytime = 600000ms (custom)
2019-08-13 05:31:45,821 INFO  util.JmxRegister (JmxRegister.java:tryRegister(44)) - Successfully registered JMX Bean with object name Ratis:service=RaftServer,group=group-9340C0E17F40,id=127a8ccf-fb8c-459e-a42f-30aa8deb48cc
2019-08-13 05:31:45,821 INFO  impl.RaftServerImpl (RaftServerImpl.java:start(180)) - ca6a72ac-2720-408e-ab08-4c16411735a5: start group-9340C0E17F40
2019-08-13 05:31:45,821 INFO  server.RaftServerConfigKeys (ConfUtils.java:logGet(43)) - raft.server.snapshot.auto.trigger.enabled = true (custom)
2019-08-13 05:31:45,821 INFO  impl.RaftServerImpl (RaftServerImpl.java:setRole(171)) - ca6a72ac-2720-408e-ab08-4c16411735a5:group-9340C0E17F40 changes role from null to FOLLOWER at term 0 for startAsFollower
2019-08-13 05:31:45,821 INFO  server.RaftServerConfigKeys (ConfUtils.java:logGet(43)) - raft.server.snapshot.auto.trigger.threshold = 10000 (custom)
2019-08-13 05:31:45,821 INFO  impl.RoleInfo (RoleInfo.java:updateAndGet(143)) - ca6a72ac-2720-408e-ab08-4c16411735a5: start FollowerState
2019-08-13 05:31:45,821 INFO  server.RaftServerConfigKeys (ConfUtils.java:logGet(43)) - raft.server.retrycache.expirytime = 600000ms (custom)
2019-08-13 05:31:45,822 INFO  impl.RaftServerImpl (RaftServerImpl.java:start(180)) - 890438a0-2e3a-4e6d-a5ca-c02079b295cd: start group-9340C0E17F40
2019-08-13 05:31:45,822 INFO  util.JmxRegister (JmxRegister.java:tryRegister(44)) - Successfully registered JMX Bean with object name Ratis:service=RaftServer,group=group-9340C0E17F40,id=ca6a72ac-2720-408e-ab08-4c16411735a5
2019-08-13 05:31:45,822 INFO  impl.RaftServerImpl (RaftServerImpl.java:setRole(171)) - 890438a0-2e3a-4e6d-a5ca-c02079b295cd:group-9340C0E17F40 changes role from null to FOLLOWER at term 0 for startAsFollower
2019-08-13 05:31:45,822 INFO  impl.RoleInfo (RoleInfo.java:updateAndGet(143)) - 890438a0-2e3a-4e6d-a5ca-c02079b295cd: start FollowerState
2019-08-13 05:31:45,822 INFO  util.JmxRegister (JmxRegister.java:tryRegister(44)) - Successfully registered JMX Bean with object name Ratis:service=RaftServer,group=group-9340C0E17F40,id=890438a0-2e3a-4e6d-a5ca-c02079b295cd
2019-08-13 05:31:45,837 INFO  pipeline.PipelineStateManager (PipelineStateManager.java:addPipeline(56)) - Created pipeline Pipeline[ Id: bcbe679a-8fc1-4d5d-a4b3-9340c0e17f40, Nodes: ca6a72ac-2720-408e-ab08-4c16411735a5{ip: 192.168.5.174, host: trunk-nightly-m7jb8-1436528744, networkLocation: /default-rack, certSerialId: null}127a8ccf-fb8c-459e-a42f-30aa8deb48cc{ip: 192.168.5.174, host: trunk-nightly-m7jb8-1436528744, networkLocation: /default-rack, certSerialId: null}890438a0-2e3a-4e6d-a5ca-c02079b295cd{ip: 192.168.5.174, host: trunk-nightly-m7jb8-1436528744, networkLocation: /default-rack, certSerialId: null}, Type:RATIS, Factor:THREE, State:OPEN]
2019-08-13 05:31:45,856 INFO  impl.RaftServerProxy (RaftServerProxy.java:addNew(89)) - 890438a0-2e3a-4e6d-a5ca-c02079b295cd: addNew group-940B485ED56D:[890438a0-2e3a-4e6d-a5ca-c02079b295cd:192.168.5.174:36433] returns group-940B485ED56D:java.util.concurrent.CompletableFuture@98e645f[Not completed]
2019-08-13 05:31:45,858 INFO  impl.RaftServerImpl (RaftServerImpl.java:<init>(93)) - 890438a0-2e3a-4e6d-a5ca-c02079b295cd: new RaftServerImpl for group-940B485ED56D:[890438a0-2e3a-4e6d-a5ca-c02079b295cd:192.168.5.174:36433] with ContainerStateMachine:uninitialized
2019-08-13 05:31:45,859 INFO  server.RaftServerConfigKeys (ConfUtils.java:logGet(43)) - raft.server.rpc.timeout.min = 5s (custom)
2019-08-13 05:31:45,859 INFO  server.RaftServerConfigKeys (ConfUtils.java:logGet(43)) - raft.server.rpc.timeout.max = 5200ms (custom)
2019-08-13 05:31:45,859 INFO  server.RaftServerConfigKeys (ConfUtils.java:logGet(43)) - raft.server.rpcslowness.timeout = 120s (custom)
2019-08-13 05:31:45,859 INFO  server.RaftServerConfigKeys (ConfUtils.java:logGet(43)) - raft.server.sleep.deviation.threshold = 300 (default)
2019-08-13 05:31:45,859 INFO  server.RaftServerConfigKeys (ConfUtils.java:logGet(43)) - raft.server.log.appender.install.snapshot.enabled = false (custom)
2019-08-13 05:31:45,859 INFO  impl.RaftServerImpl (ServerState.java:<init>(105)) - 890438a0-2e3a-4e6d-a5ca-c02079b295cd:group-940B485ED56D ConfigurationManager, init=-1: [890438a0-2e3a-4e6d-a5ca-c02079b295cd:192.168.5.174:36433], old=null, confs=<EMPTY_MAP>
2019-08-13 05:31:45,860 INFO  server.RaftServerConfigKeys (ConfUtils.java:logGet(43)) - raft.server.storage.dir = [/workdir/hadoop-ozone/integration-test/target/test-dir/MiniOzoneClusterImpl-e42735e1-9878-48e1-8bbd-267bfeafd40a/datanode-6/data/ratis] (custom)
2019-08-13 05:31:45,860 INFO  storage.RaftStorageDirectory (RaftStorageDirectory.java:analyzeStorage(246)) - The storage directory /workdir/hadoop-ozone/integration-test/target/test-dir/MiniOzoneClusterImpl-e42735e1-9878-48e1-8bbd-267bfeafd40a/datanode-6/data/ratis/643d50cb-e2ab-4d27-90f4-940b485ed56d does not exist. Creating ...
2019-08-13 05:31:45,872 INFO  storage.RaftStorageDirectory (RaftStorageDirectory.java:tryLock(328)) - Lock on /workdir/hadoop-ozone/integration-test/target/test-dir/MiniOzoneClusterImpl-e42735e1-9878-48e1-8bbd-267bfeafd40a/datanode-6/data/ratis/643d50cb-e2ab-4d27-90f4-940b485ed56d/in_use.lock acquired by nodename 508@trunk-nightly-m7jb8-1436528744
2019-08-13 05:31:45,875 INFO  storage.RaftStorage (RaftStorage.java:format(72)) - Storage directory /workdir/hadoop-ozone/integration-test/target/test-dir/MiniOzoneClusterImpl-e42735e1-9878-48e1-8bbd-267bfeafd40a/datanode-6/data/ratis/643d50cb-e2ab-4d27-90f4-940b485ed56d has been successfully formatted.
2019-08-13 05:31:45,875 INFO  ratis.ContainerStateMachine (ContainerStateMachine.java:loadSnapshot(222)) - group-940B485ED56D: The snapshot info is null. Setting the last applied indexto:(t:0, i:~)
2019-08-13 05:31:45,875 INFO  server.RaftServerConfigKeys (ConfUtils.java:logGet(43)) - raft.server.leader.election.timeout = 120s (custom)
2019-08-13 05:31:45,876 INFO  server.RaftServerConfigKeys (ConfUtils.java:logGet(43)) - raft.server.log.use.memory = false (default)
2019-08-13 05:31:45,876 INFO  server.RaftServerConfigKeys (ConfUtils.java:logGet(43)) - raft.server.log.purge.gap = 1000000000 (custom)
2019-08-13 05:31:45,876 INFO  server.RaftServerConfigKeys (ConfUtils.java:logGet(43)) - raft.server.log.appender.buffer.byte-limit = 33554432 (custom)
2019-08-13 05:31:45,876 INFO  server.RaftServerConfigKeys (ConfUtils.java:logGet(43)) - raft.server.log.segment.size.max = 1048576 (custom)
2019-08-13 05:31:45,876 INFO  server.RaftServerConfigKeys (ConfUtils.java:logGet(43)) - raft.server.log.segment.cache.num.max = 2 (custom)
2019-08-13 05:31:45,876 INFO  segmented.SegmentedRaftLogWorker (SegmentedRaftLogWorker.java:<init>(172)) - new 890438a0-2e3a-4e6d-a5ca-c02079b295cd-SegmentedRaftLogWorker:Storage Directory /workdir/hadoop-ozone/integration-test/target/test-dir/MiniOzoneClusterImpl-e42735e1-9878-48e1-8bbd-267bfeafd40a/datanode-6/data/ratis/643d50cb-e2ab-4d27-90f4-940b485ed56d for RaftStorage:Storage Directory /workdir/hadoop-ozone/integration-test/target/test-dir/MiniOzoneClusterImpl-e42735e1-9878-48e1-8bbd-267bfeafd40a/datanode-6/data/ratis/643d50cb-e2ab-4d27-90f4-940b485ed56d
2019-08-13 05:31:45,876 INFO  server.RaftServerConfigKeys (ConfUtils.java:logGet(43)) - raft.server.log.queue.byte-limit = 2147483647 (custom)
2019-08-13 05:31:45,876 INFO  server.RaftServerConfigKeys (ConfUtils.java:logGet(43)) - raft.server.log.queue.element-limit = 1024 (custom)
2019-08-13 05:31:45,876 INFO  server.RaftServerConfigKeys (ConfUtils.java:logGet(43)) - raft.server.log.segment.size.max = 1048576 (custom)
2019-08-13 05:31:45,877 INFO  server.RaftServerConfigKeys (ConfUtils.java:logGet(43)) - raft.server.log.preallocated.size = 16384 (custom)
2019-08-13 05:31:45,877 INFO  server.RaftServerConfigKeys (ConfUtils.java:logGet(43)) - raft.server.log.write.buffer.size = 33554432 (custom)
2019-08-13 05:31:45,877 INFO  server.RaftServerConfigKeys (ConfUtils.java:logGet(43)) - raft.server.log.force.sync.num = 128 (default)
2019-08-13 05:31:45,877 INFO  server.RaftServerConfigKeys (ConfUtils.java:logGet(43)) - raft.server.log.statemachine.data.sync = true (default)
2019-08-13 05:31:45,877 INFO  server.RaftServerConfigKeys (ConfUtils.java:logGet(43)) - raft.server.log.statemachine.data.sync.timeout = 10s (default)
2019-08-13 05:31:45,877 INFO  server.RaftServerConfigKeys (ConfUtils.java:logGet(43)) - raft.server.log.statemachine.data.sync.timeout.retry = -1 (default)
2019-08-13 05:31:45,877 INFO  server.RaftServerConfigKeys (ConfUtils.java:logGet(43)) - raft.server.log.statemachine.data.caching.enabled = true (custom)
2019-08-13 05:31:45,877 INFO  segmented.SegmentedRaftLogWorker (SegmentedRaftLogWorker.java:lambda$new$0(132)) - 890438a0-2e3a-4e6d-a5ca-c02079b295cd-SegmentedRaftLogWorker:Storage Directory /workdir/hadoop-ozone/integration-test/target/test-dir/MiniOzoneClusterImpl-e42735e1-9878-48e1-8bbd-267bfeafd40a/datanode-6/data/ratis/643d50cb-e2ab-4d27-90f4-940b485ed56d: flushIndex: setUnconditionally 0 -> -1
2019-08-13 05:31:45,878 INFO  server.RaftServerConfigKeys (ConfUtils.java:logGet(43)) - raft.server.snapshot.auto.trigger.enabled = true (custom)
2019-08-13 05:31:45,878 INFO  server.RaftServerConfigKeys (ConfUtils.java:logGet(43)) - raft.server.snapshot.auto.trigger.threshold = 10000 (custom)
2019-08-13 05:31:45,878 INFO  server.RaftServerConfigKeys (ConfUtils.java:logGet(43)) - raft.server.retrycache.expirytime = 600000ms (custom)
2019-08-13 05:31:45,878 INFO  impl.RaftServerImpl (RaftServerImpl.java:start(180)) - 890438a0-2e3a-4e6d-a5ca-c02079b295cd: start group-940B485ED56D
2019-08-13 05:31:45,878 INFO  impl.RaftServerImpl (RaftServerImpl.java:setRole(171)) - 890438a0-2e3a-4e6d-a5ca-c02079b295cd:group-940B485ED56D changes role from null to FOLLOWER at term 0 for startAsFollower
2019-08-13 05:31:45,878 INFO  impl.RoleInfo (RoleInfo.java:updateAndGet(143)) - 890438a0-2e3a-4e6d-a5ca-c02079b295cd: start FollowerState
2019-08-13 05:31:45,879 INFO  util.JmxRegister (JmxRegister.java:tryRegister(44)) - Successfully registered JMX Bean with object name Ratis:service=RaftServer,group=group-940B485ED56D,id=890438a0-2e3a-4e6d-a5ca-c02079b295cd
2019-08-13 05:31:45,887 INFO  pipeline.PipelineStateManager (PipelineStateManager.java:addPipeline(56)) - Created pipeline Pipeline[ Id: 643d50cb-e2ab-4d27-90f4-940b485ed56d, Nodes: 890438a0-2e3a-4e6d-a5ca-c02079b295cd{ip: 192.168.5.174, host: trunk-nightly-m7jb8-1436528744, networkLocation: /default-rack, certSerialId: null}, Type:RATIS, Factor:ONE, State:OPEN]
2019-08-13 05:31:46,696 INFO  ozone.MiniOzoneClusterImpl (MiniOzoneClusterImpl.java:lambda$waitForClusterToBeReady$0(142)) - Cluster is ready. Got 7 of 7 DN Heartbeats.
2019-08-13 05:31:47,066 INFO  rpc.RpcClient (RpcClient.java:createVolume(292)) - Creating Volume: testblockoutputstream, with jenkins1000 as owner.
2019-08-13 05:31:47,111 INFO  rpc.RpcClient (RpcClient.java:createBucket(429)) - Creating Bucket: testblockoutputstream/testblockoutputstream, with Versioning false and Storage Type set to DISK and Encryption set to false 
2019-08-13 05:31:47,132 INFO  impl.MetricsSystemImpl (MetricsSystemImpl.java:init(158)) - XceiverClientMetrics metrics system started (again)
2019-08-13 05:31:47,188 INFO  container.ReplicationManager (ReplicationManager.java:start(155)) - Starting Replication Monitor Thread.
2019-08-13 05:31:47,193 INFO  container.ReplicationManager (ReplicationManager.java:run(207)) - Replication Monitor Thread took 4 milliseconds for processing 1 containers.
2019-08-13 05:31:47,373 INFO  client.GrpcClientProtocolClient (GrpcClientProtocolClient.java:onNext(255)) - client-C663BB983247->a48f97e9-45bb-45d3-b154-22faf33201d2: receive RaftClientReply:client-C663BB983247->a48f97e9-45bb-45d3-b154-22faf33201d2@group-4B9AB3CF914B, cid=13, FAILED org.apache.ratis.protocol.NotLeaderException: Server a48f97e9-45bb-45d3-b154-22faf33201d2 is not the leader (null). Request must be sent to leader., logIndex=0, commits[a48f97e9-45bb-45d3-b154-22faf33201d2:c-1]
2019-08-13 05:31:48,422 INFO  client.GrpcClientProtocolClient (GrpcClientProtocolClient.java:onNext(255)) - client-C663BB983247->8c7a36a9-a535-490d-b255-053094593b17: receive RaftClientReply:client-C663BB983247->8c7a36a9-a535-490d-b255-053094593b17@group-4B9AB3CF914B, cid=13, FAILED org.apache.ratis.protocol.NotLeaderException: Server 8c7a36a9-a535-490d-b255-053094593b17 is not the leader (null). Request must be sent to leader., logIndex=0, commits[8c7a36a9-a535-490d-b255-053094593b17:c-1]
2019-08-13 05:31:49,449 INFO  client.GrpcClientProtocolClient (GrpcClientProtocolClient.java:onNext(255)) - client-C663BB983247->a48f97e9-45bb-45d3-b154-22faf33201d2: receive RaftClientReply:client-C663BB983247->a48f97e9-45bb-45d3-b154-22faf33201d2@group-4B9AB3CF914B, cid=13, FAILED org.apache.ratis.protocol.NotLeaderException: Server a48f97e9-45bb-45d3-b154-22faf33201d2 is not the leader (null). Request must be sent to leader., logIndex=0, commits[a48f97e9-45bb-45d3-b154-22faf33201d2:c-1]
2019-08-13 05:31:50,344 INFO  impl.FollowerState (FollowerState.java:run(106)) - a48f97e9-45bb-45d3-b154-22faf33201d2:group-F5C49E2134DD changes to CANDIDATE, lastRpcTime:5097, electionTimeout:5097ms
2019-08-13 05:31:50,347 INFO  impl.RoleInfo (RoleInfo.java:shutdownFollowerState(121)) - a48f97e9-45bb-45d3-b154-22faf33201d2: shutdown FollowerState
2019-08-13 05:31:50,347 INFO  impl.RaftServerImpl (RaftServerImpl.java:setRole(171)) - a48f97e9-45bb-45d3-b154-22faf33201d2:group-F5C49E2134DD changes role from FOLLOWER to CANDIDATE at term 0 for changeToCandidate
2019-08-13 05:31:50,350 INFO  impl.RoleInfo (RoleInfo.java:updateAndGet(143)) - a48f97e9-45bb-45d3-b154-22faf33201d2: start LeaderElection
2019-08-13 05:31:50,372 INFO  impl.LeaderElection (LeaderElection.java:askForVotes(181)) - a48f97e9-45bb-45d3-b154-22faf33201d2:group-F5C49E2134DD:LeaderElection1: begin an election at term 1 for -1: [a48f97e9-45bb-45d3-b154-22faf33201d2:192.168.5.174:44567], old=null
2019-08-13 05:31:50,374 INFO  impl.RoleInfo (RoleInfo.java:shutdownLeaderElection(134)) - a48f97e9-45bb-45d3-b154-22faf33201d2: shutdown LeaderElection
2019-08-13 05:31:50,375 INFO  impl.RaftServerImpl (RaftServerImpl.java:setRole(171)) - a48f97e9-45bb-45d3-b154-22faf33201d2:group-F5C49E2134DD changes role from CANDIDATE to LEADER at term 1 for changeToLeader
2019-08-13 05:31:50,375 INFO  impl.RaftServerImpl (ServerState.java:setLeader(263)) - a48f97e9-45bb-45d3-b154-22faf33201d2:group-F5C49E2134DD change Leader from null to a48f97e9-45bb-45d3-b154-22faf33201d2 at term 1 for becomeLeader, leader elected after 5216ms
2019-08-13 05:31:50,385 INFO  server.RaftServerConfigKeys (ConfUtils.java:logGet(43)) - raft.server.staging.catchup.gap = 1000 (default)
2019-08-13 05:31:50,385 INFO  server.RaftServerConfigKeys (ConfUtils.java:logGet(43)) - raft.server.rpc.sleep.time = 25ms (default)
2019-08-13 05:31:50,389 INFO  server.RaftServerConfigKeys (ConfUtils.java:logGet(43)) - raft.server.write.element-limit = 4096 (default)
2019-08-13 05:31:50,392 INFO  server.RaftServerConfigKeys (ConfUtils.java:logGet(43)) - raft.server.watch.timeout = 10s (default)
2019-08-13 05:31:50,392 INFO  server.RaftServerConfigKeys (ConfUtils.java:logGet(43)) - raft.server.watch.timeout.denomination = 1s (default)
2019-08-13 05:31:50,393 INFO  server.RaftServerConfigKeys (ConfUtils.java:logGet(43)) - raft.server.watch.element-limit = 65536 (default)
2019-08-13 05:31:50,404 INFO  impl.RoleInfo (RoleInfo.java:updateAndGet(143)) - a48f97e9-45bb-45d3-b154-22faf33201d2: start LeaderState
2019-08-13 05:31:50,431 INFO  segmented.SegmentedRaftLogWorker (SegmentedRaftLogWorker.java:startLogSegment(380)) - a48f97e9-45bb-45d3-b154-22faf33201d2-SegmentedRaftLogWorker:Storage Directory /workdir/hadoop-ozone/integration-test/target/test-dir/MiniOzoneClusterImpl-e42735e1-9878-48e1-8bbd-267bfeafd40a/datanode-0/data/ratis/40d38cb5-eedd-4dd1-82be-f5c49e2134dd: Starting segment from index:0
2019-08-13 05:31:50,438 INFO  impl.RaftServerImpl (ServerState.java:setRaftConf(361)) - a48f97e9-45bb-45d3-b154-22faf33201d2:group-F5C49E2134DD set configuration 0: [a48f97e9-45bb-45d3-b154-22faf33201d2:192.168.5.174:44567], old=null at 0
2019-08-13 05:31:50,471 INFO  client.GrpcClientProtocolClient (GrpcClientProtocolClient.java:onNext(255)) - client-C663BB983247->e2e36fa5-3716-44ec-b250-0958757b8e0d: receive RaftClientReply:client-C663BB983247->e2e36fa5-3716-44ec-b250-0958757b8e0d@group-4B9AB3CF914B, cid=13, FAILED org.apache.ratis.protocol.NotLeaderException: Server e2e36fa5-3716-44ec-b250-0958757b8e0d is not the leader (null). Request must be sent to leader., logIndex=0, commits[e2e36fa5-3716-44ec-b250-0958757b8e0d:c-1]
2019-08-13 05:31:50,540 INFO  impl.FollowerState (FollowerState.java:run(106)) - 8c7a36a9-a535-490d-b255-053094593b17:group-3047A00A2ECE changes to CANDIDATE, lastRpcTime:5103, electionTimeout:5102ms
2019-08-13 05:31:50,542 INFO  impl.RoleInfo (RoleInfo.java:shutdownFollowerState(121)) - 8c7a36a9-a535-490d-b255-053094593b17: shutdown FollowerState
2019-08-13 05:31:50,542 INFO  impl.RaftServerImpl (RaftServerImpl.java:setRole(171)) - 8c7a36a9-a535-490d-b255-053094593b17:group-3047A00A2ECE changes role from FOLLOWER to CANDIDATE at term 0 for changeToCandidate
2019-08-13 05:31:50,542 INFO  impl.RoleInfo (RoleInfo.java:updateAndGet(143)) - 8c7a36a9-a535-490d-b255-053094593b17: start LeaderElection
2019-08-13 05:31:50,558 INFO  impl.LeaderElection (LeaderElection.java:askForVotes(181)) - 8c7a36a9-a535-490d-b255-053094593b17:group-3047A00A2ECE:LeaderElection2: begin an election at term 1 for -1: [8c7a36a9-a535-490d-b255-053094593b17:192.168.5.174:37434], old=null
2019-08-13 05:31:50,560 INFO  impl.RoleInfo (RoleInfo.java:shutdownLeaderElection(134)) - 8c7a36a9-a535-490d-b255-053094593b17: shutdown LeaderElection
2019-08-13 05:31:50,560 INFO  impl.RaftServerImpl (RaftServerImpl.java:setRole(171)) - 8c7a36a9-a535-490d-b255-053094593b17:group-3047A00A2ECE changes role from CANDIDATE to LEADER at term 1 for changeToLeader
2019-08-13 05:31:50,560 INFO  impl.RaftServerImpl (ServerState.java:setLeader(263)) - 8c7a36a9-a535-490d-b255-053094593b17:group-3047A00A2ECE change Leader from null to 8c7a36a9-a535-490d-b255-053094593b17 at term 1 for becomeLeader, leader elected after 5128ms
2019-08-13 05:31:50,561 INFO  server.RaftServerConfigKeys (ConfUtils.java:logGet(43)) - raft.server.staging.catchup.gap = 1000 (default)
2019-08-13 05:31:50,561 INFO  server.RaftServerConfigKeys (ConfUtils.java:logGet(43)) - raft.server.rpc.sleep.time = 25ms (default)
2019-08-13 05:31:50,561 INFO  server.RaftServerConfigKeys (ConfUtils.java:logGet(43)) - raft.server.write.element-limit = 4096 (default)
2019-08-13 05:31:50,562 INFO  server.RaftServerConfigKeys (ConfUtils.java:logGet(43)) - raft.server.watch.timeout = 10s (default)
2019-08-13 05:31:50,562 INFO  server.RaftServerConfigKeys (ConfUtils.java:logGet(43)) - raft.server.watch.timeout.denomination = 1s (default)
2019-08-13 05:31:50,562 INFO  server.RaftServerConfigKeys (ConfUtils.java:logGet(43)) - raft.server.watch.element-limit = 65536 (default)
2019-08-13 05:31:50,562 INFO  impl.RoleInfo (RoleInfo.java:updateAndGet(143)) - 8c7a36a9-a535-490d-b255-053094593b17: start LeaderState
2019-08-13 05:31:50,562 INFO  segmented.SegmentedRaftLogWorker (SegmentedRaftLogWorker.java:startLogSegment(380)) - 8c7a36a9-a535-490d-b255-053094593b17-SegmentedRaftLogWorker:Storage Directory /workdir/hadoop-ozone/integration-test/target/test-dir/MiniOzoneClusterImpl-e42735e1-9878-48e1-8bbd-267bfeafd40a/datanode-3/data/ratis/7b0bf214-0462-4aa6-99b5-3047a00a2ece: Starting segment from index:0
2019-08-13 05:31:50,563 INFO  impl.RaftServerImpl (ServerState.java:setRaftConf(361)) - 8c7a36a9-a535-490d-b255-053094593b17:group-3047A00A2ECE set configuration 0: [8c7a36a9-a535-490d-b255-053094593b17:192.168.5.174:37434], old=null at 0
2019-08-13 05:31:50,587 INFO  impl.FollowerState (FollowerState.java:run(106)) - e2e36fa5-3716-44ec-b250-0958757b8e0d:group-D3BC615E2310 changes to CANDIDATE, lastRpcTime:5085, electionTimeout:5085ms
2019-08-13 05:31:50,587 INFO  impl.RoleInfo (RoleInfo.java:shutdownFollowerState(121)) - e2e36fa5-3716-44ec-b250-0958757b8e0d: shutdown FollowerState
2019-08-13 05:31:50,588 INFO  impl.RaftServerImpl (RaftServerImpl.java:setRole(171)) - e2e36fa5-3716-44ec-b250-0958757b8e0d:group-D3BC615E2310 changes role from FOLLOWER to CANDIDATE at term 0 for changeToCandidate
2019-08-13 05:31:50,588 INFO  impl.RoleInfo (RoleInfo.java:updateAndGet(143)) - e2e36fa5-3716-44ec-b250-0958757b8e0d: start LeaderElection
2019-08-13 05:31:50,606 INFO  impl.LeaderElection (LeaderElection.java:askForVotes(181)) - e2e36fa5-3716-44ec-b250-0958757b8e0d:group-D3BC615E2310:LeaderElection3: begin an election at term 1 for -1: [e2e36fa5-3716-44ec-b250-0958757b8e0d:192.168.5.174:43359], old=null
2019-08-13 05:31:50,607 INFO  impl.RoleInfo (RoleInfo.java:shutdownLeaderElection(134)) - e2e36fa5-3716-44ec-b250-0958757b8e0d: shutdown LeaderElection
2019-08-13 05:31:50,607 INFO  impl.RaftServerImpl (RaftServerImpl.java:setRole(171)) - e2e36fa5-3716-44ec-b250-0958757b8e0d:group-D3BC615E2310 changes role from CANDIDATE to LEADER at term 1 for changeToLeader
2019-08-13 05:31:50,607 INFO  impl.RaftServerImpl (ServerState.java:setLeader(263)) - e2e36fa5-3716-44ec-b250-0958757b8e0d:group-D3BC615E2310 change Leader from null to e2e36fa5-3716-44ec-b250-0958757b8e0d at term 1 for becomeLeader, leader elected after 5109ms
2019-08-13 05:31:50,610 INFO  server.RaftServerConfigKeys (ConfUtils.java:logGet(43)) - raft.server.staging.catchup.gap = 1000 (default)
2019-08-13 05:31:50,610 INFO  server.RaftServerConfigKeys (ConfUtils.java:logGet(43)) - raft.server.rpc.sleep.time = 25ms (default)
2019-08-13 05:31:50,610 INFO  server.RaftServerConfigKeys (ConfUtils.java:logGet(43)) - raft.server.write.element-limit = 4096 (default)
2019-08-13 05:31:50,610 INFO  server.RaftServerConfigKeys (ConfUtils.java:logGet(43)) - raft.server.watch.timeout = 10s (default)
2019-08-13 05:31:50,611 INFO  server.RaftServerConfigKeys (ConfUtils.java:logGet(43)) - raft.server.watch.timeout.denomination = 1s (default)
2019-08-13 05:31:50,611 INFO  server.RaftServerConfigKeys (ConfUtils.java:logGet(43)) - raft.server.watch.element-limit = 65536 (default)
2019-08-13 05:31:50,611 INFO  impl.RoleInfo (RoleInfo.java:updateAndGet(143)) - e2e36fa5-3716-44ec-b250-0958757b8e0d: start LeaderState
2019-08-13 05:31:50,611 INFO  segmented.SegmentedRaftLogWorker (SegmentedRaftLogWorker.java:startLogSegment(380)) - e2e36fa5-3716-44ec-b250-0958757b8e0d-SegmentedRaftLogWorker:Storage Directory /workdir/hadoop-ozone/integration-test/target/test-dir/MiniOzoneClusterImpl-e42735e1-9878-48e1-8bbd-267bfeafd40a/datanode-5/data/ratis/d6778a28-54c2-449d-8310-d3bc615e2310: Starting segment from index:0
2019-08-13 05:31:50,612 INFO  impl.RaftServerImpl (ServerState.java:setRaftConf(361)) - e2e36fa5-3716-44ec-b250-0958757b8e0d:group-D3BC615E2310 set configuration 0: [e2e36fa5-3716-44ec-b250-0958757b8e0d:192.168.5.174:43359], old=null at 0
2019-08-13 05:31:50,648 INFO  impl.FollowerState (FollowerState.java:run(106)) - 8bbbc601-faf5-4d98-aab4-ae5f61b448a1:group-01EC80AB5095 changes to CANDIDATE, lastRpcTime:5005, electionTimeout:5005ms
2019-08-13 05:31:50,648 INFO  impl.RoleInfo (RoleInfo.java:shutdownFollowerState(121)) - 8bbbc601-faf5-4d98-aab4-ae5f61b448a1: shutdown FollowerState
2019-08-13 05:31:50,648 INFO  impl.RaftServerImpl (RaftServerImpl.java:setRole(171)) - 8bbbc601-faf5-4d98-aab4-ae5f61b448a1:group-01EC80AB5095 changes role from FOLLOWER to CANDIDATE at term 0 for changeToCandidate
2019-08-13 05:31:50,648 INFO  impl.RoleInfo (RoleInfo.java:updateAndGet(143)) - 8bbbc601-faf5-4d98-aab4-ae5f61b448a1: start LeaderElection
2019-08-13 05:31:50,660 INFO  segmented.SegmentedRaftLogWorker (SegmentedRaftLogWorker.java:execute(569)) - e2e36fa5-3716-44ec-b250-0958757b8e0d-SegmentedRaftLogWorker:Storage Directory /workdir/hadoop-ozone/integration-test/target/test-dir/MiniOzoneClusterImpl-e42735e1-9878-48e1-8bbd-267bfeafd40a/datanode-5/data/ratis/d6778a28-54c2-449d-8310-d3bc615e2310: created new log segment /workdir/hadoop-ozone/integration-test/target/test-dir/MiniOzoneClusterImpl-e42735e1-9878-48e1-8bbd-267bfeafd40a/datanode-5/data/ratis/d6778a28-54c2-449d-8310-d3bc615e2310/current/log_inprogress_0
2019-08-13 05:31:50,660 INFO  segmented.SegmentedRaftLogWorker (SegmentedRaftLogWorker.java:execute(569)) - a48f97e9-45bb-45d3-b154-22faf33201d2-SegmentedRaftLogWorker:Storage Directory /workdir/hadoop-ozone/integration-test/target/test-dir/MiniOzoneClusterImpl-e42735e1-9878-48e1-8bbd-267bfeafd40a/datanode-0/data/ratis/40d38cb5-eedd-4dd1-82be-f5c49e2134dd: created new log segment /workdir/hadoop-ozone/integration-test/target/test-dir/MiniOzoneClusterImpl-e42735e1-9878-48e1-8bbd-267bfeafd40a/datanode-0/data/ratis/40d38cb5-eedd-4dd1-82be-f5c49e2134dd/current/log_inprogress_0
2019-08-13 05:31:50,660 INFO  segmented.SegmentedRaftLogWorker (SegmentedRaftLogWorker.java:execute(569)) - 8c7a36a9-a535-490d-b255-053094593b17-SegmentedRaftLogWorker:Storage Directory /workdir/hadoop-ozone/integration-test/target/test-dir/MiniOzoneClusterImpl-e42735e1-9878-48e1-8bbd-267bfeafd40a/datanode-3/data/ratis/7b0bf214-0462-4aa6-99b5-3047a00a2ece: created new log segment /workdir/hadoop-ozone/integration-test/target/test-dir/MiniOzoneClusterImpl-e42735e1-9878-48e1-8bbd-267bfeafd40a/datanode-3/data/ratis/7b0bf214-0462-4aa6-99b5-3047a00a2ece/current/log_inprogress_0
2019-08-13 05:31:50,660 INFO  impl.LeaderElection (LeaderElection.java:askForVotes(181)) - 8bbbc601-faf5-4d98-aab4-ae5f61b448a1:group-01EC80AB5095:LeaderElection4: begin an election at term 1 for -1: [8bbbc601-faf5-4d98-aab4-ae5f61b448a1:192.168.5.174:38981], old=null
2019-08-13 05:31:50,663 INFO  impl.RoleInfo (RoleInfo.java:shutdownLeaderElection(134)) - 8bbbc601-faf5-4d98-aab4-ae5f61b448a1: shutdown LeaderElection
2019-08-13 05:31:50,664 INFO  impl.RaftServerImpl (RaftServerImpl.java:setRole(171)) - 8bbbc601-faf5-4d98-aab4-ae5f61b448a1:group-01EC80AB5095 changes role from CANDIDATE to LEADER at term 1 for changeToLeader
2019-08-13 05:31:50,664 INFO  impl.RaftServerImpl (ServerState.java:setLeader(263)) - 8bbbc601-faf5-4d98-aab4-ae5f61b448a1:group-01EC80AB5095 change Leader from null to 8bbbc601-faf5-4d98-aab4-ae5f61b448a1 at term 1 for becomeLeader, leader elected after 5024ms
2019-08-13 05:31:50,667 INFO  server.RaftServerConfigKeys (ConfUtils.java:logGet(43)) - raft.server.staging.catchup.gap = 1000 (default)
2019-08-13 05:31:50,667 INFO  server.RaftServerConfigKeys (ConfUtils.java:logGet(43)) - raft.server.rpc.sleep.time = 25ms (default)
2019-08-13 05:31:50,667 INFO  server.RaftServerConfigKeys (ConfUtils.java:logGet(43)) - raft.server.write.element-limit = 4096 (default)
2019-08-13 05:31:50,667 INFO  server.RaftServerConfigKeys (ConfUtils.java:logGet(43)) - raft.server.watch.timeout = 10s (default)
2019-08-13 05:31:50,667 INFO  server.RaftServerConfigKeys (ConfUtils.java:logGet(43)) - raft.server.watch.timeout.denomination = 1s (default)
2019-08-13 05:31:50,667 INFO  server.RaftServerConfigKeys (ConfUtils.java:logGet(43)) - raft.server.watch.element-limit = 65536 (default)
2019-08-13 05:31:50,668 INFO  impl.RoleInfo (RoleInfo.java:updateAndGet(143)) - 8bbbc601-faf5-4d98-aab4-ae5f61b448a1: start LeaderState
2019-08-13 05:31:50,668 INFO  segmented.SegmentedRaftLogWorker (SegmentedRaftLogWorker.java:startLogSegment(380)) - 8bbbc601-faf5-4d98-aab4-ae5f61b448a1-SegmentedRaftLogWorker:Storage Directory /workdir/hadoop-ozone/integration-test/target/test-dir/MiniOzoneClusterImpl-e42735e1-9878-48e1-8bbd-267bfeafd40a/datanode-2/data/ratis/f2fd69e8-51ce-4421-8fa0-01ec80ab5095: Starting segment from index:0
2019-08-13 05:31:50,668 INFO  impl.RaftServerImpl (ServerState.java:setRaftConf(361)) - 8bbbc601-faf5-4d98-aab4-ae5f61b448a1:group-01EC80AB5095 set configuration 0: [8bbbc601-faf5-4d98-aab4-ae5f61b448a1:192.168.5.174:38981], old=null at 0
2019-08-13 05:31:50,685 INFO  segmented.SegmentedRaftLogWorker (SegmentedRaftLogWorker.java:execute(569)) - 8bbbc601-faf5-4d98-aab4-ae5f61b448a1-SegmentedRaftLogWorker:Storage Directory /workdir/hadoop-ozone/integration-test/target/test-dir/MiniOzoneClusterImpl-e42735e1-9878-48e1-8bbd-267bfeafd40a/datanode-2/data/ratis/f2fd69e8-51ce-4421-8fa0-01ec80ab5095: created new log segment /workdir/hadoop-ozone/integration-test/target/test-dir/MiniOzoneClusterImpl-e42735e1-9878-48e1-8bbd-267bfeafd40a/datanode-2/data/ratis/f2fd69e8-51ce-4421-8fa0-01ec80ab5095/current/log_inprogress_0
2019-08-13 05:31:50,732 INFO  impl.FollowerState (FollowerState.java:run(106)) - ca6a72ac-2720-408e-ab08-4c16411735a5:group-BADDACEB55E6 changes to CANDIDATE, lastRpcTime:5186, electionTimeout:5186ms
2019-08-13 05:31:50,733 INFO  impl.RoleInfo (RoleInfo.java:shutdownFollowerState(121)) - ca6a72ac-2720-408e-ab08-4c16411735a5: shutdown FollowerState
2019-08-13 05:31:50,733 INFO  impl.RaftServerImpl (RaftServerImpl.java:setRole(171)) - ca6a72ac-2720-408e-ab08-4c16411735a5:group-BADDACEB55E6 changes role from FOLLOWER to CANDIDATE at term 0 for changeToCandidate
2019-08-13 05:31:50,733 INFO  impl.RoleInfo (RoleInfo.java:updateAndGet(143)) - ca6a72ac-2720-408e-ab08-4c16411735a5: start LeaderElection
2019-08-13 05:31:50,750 INFO  impl.LeaderElection (LeaderElection.java:askForVotes(181)) - ca6a72ac-2720-408e-ab08-4c16411735a5:group-BADDACEB55E6:LeaderElection5: begin an election at term 1 for -1: [ca6a72ac-2720-408e-ab08-4c16411735a5:192.168.5.174:35621], old=null
2019-08-13 05:31:50,752 INFO  impl.RoleInfo (RoleInfo.java:shutdownLeaderElection(134)) - ca6a72ac-2720-408e-ab08-4c16411735a5: shutdown LeaderElection
2019-08-13 05:31:50,752 INFO  impl.RaftServerImpl (RaftServerImpl.java:setRole(171)) - ca6a72ac-2720-408e-ab08-4c16411735a5:group-BADDACEB55E6 changes role from CANDIDATE to LEADER at term 1 for changeToLeader
2019-08-13 05:31:50,752 INFO  impl.RaftServerImpl (ServerState.java:setLeader(263)) - ca6a72ac-2720-408e-ab08-4c16411735a5:group-BADDACEB55E6 change Leader from null to ca6a72ac-2720-408e-ab08-4c16411735a5 at term 1 for becomeLeader, leader elected after 5209ms
2019-08-13 05:31:50,754 INFO  server.RaftServerConfigKeys (ConfUtils.java:logGet(43)) - raft.server.staging.catchup.gap = 1000 (default)
2019-08-13 05:31:50,754 INFO  server.RaftServerConfigKeys (ConfUtils.java:logGet(43)) - raft.server.rpc.sleep.time = 25ms (default)
2019-08-13 05:31:50,754 INFO  server.RaftServerConfigKeys (ConfUtils.java:logGet(43)) - raft.server.write.element-limit = 4096 (default)
2019-08-13 05:31:50,754 INFO  server.RaftServerConfigKeys (ConfUtils.java:logGet(43)) - raft.server.watch.timeout = 10s (default)
2019-08-13 05:31:50,754 INFO  server.RaftServerConfigKeys (ConfUtils.java:logGet(43)) - raft.server.watch.timeout.denomination = 1s (default)
2019-08-13 05:31:50,755 INFO  server.RaftServerConfigKeys (ConfUtils.java:logGet(43)) - raft.server.watch.element-limit = 65536 (default)
2019-08-13 05:31:50,755 INFO  impl.RoleInfo (RoleInfo.java:updateAndGet(143)) - ca6a72ac-2720-408e-ab08-4c16411735a5: start LeaderState
2019-08-13 05:31:50,755 INFO  segmented.SegmentedRaftLogWorker (SegmentedRaftLogWorker.java:startLogSegment(380)) - ca6a72ac-2720-408e-ab08-4c16411735a5-SegmentedRaftLogWorker:Storage Directory /workdir/hadoop-ozone/integration-test/target/test-dir/MiniOzoneClusterImpl-e42735e1-9878-48e1-8bbd-267bfeafd40a/datanode-4/data/ratis/7fef5472-1e44-41fd-b0d9-baddaceb55e6: Starting segment from index:0
2019-08-13 05:31:50,756 INFO  impl.RaftServerImpl (ServerState.java:setRaftConf(361)) - ca6a72ac-2720-408e-ab08-4c16411735a5:group-BADDACEB55E6 set configuration 0: [ca6a72ac-2720-408e-ab08-4c16411735a5:192.168.5.174:35621], old=null at 0
2019-08-13 05:31:50,770 INFO  impl.FollowerState (FollowerState.java:run(106)) - 127a8ccf-fb8c-459e-a42f-30aa8deb48cc:group-56BA77341834 changes to CANDIDATE, lastRpcTime:5181, electionTimeout:5177ms
2019-08-13 05:31:50,770 INFO  impl.RoleInfo (RoleInfo.java:shutdownFollowerState(121)) - 127a8ccf-fb8c-459e-a42f-30aa8deb48cc: shutdown FollowerState
2019-08-13 05:31:50,770 INFO  impl.RaftServerImpl (RaftServerImpl.java:setRole(171)) - 127a8ccf-fb8c-459e-a42f-30aa8deb48cc:group-56BA77341834 changes role from FOLLOWER to CANDIDATE at term 0 for changeToCandidate
2019-08-13 05:31:50,770 INFO  impl.RoleInfo (RoleInfo.java:updateAndGet(143)) - 127a8ccf-fb8c-459e-a42f-30aa8deb48cc: start LeaderElection
2019-08-13 05:31:50,774 INFO  impl.FollowerState (FollowerState.java:run(106)) - e2e36fa5-3716-44ec-b250-0958757b8e0d:group-4B9AB3CF914B changes to CANDIDATE, lastRpcTime:5041, electionTimeout:5041ms
2019-08-13 05:31:50,774 INFO  segmented.SegmentedRaftLogWorker (SegmentedRaftLogWorker.java:execute(569)) - ca6a72ac-2720-408e-ab08-4c16411735a5-SegmentedRaftLogWorker:Storage Directory /workdir/hadoop-ozone/integration-test/target/test-dir/MiniOzoneClusterImpl-e42735e1-9878-48e1-8bbd-267bfeafd40a/datanode-4/data/ratis/7fef5472-1e44-41fd-b0d9-baddaceb55e6: created new log segment /workdir/hadoop-ozone/integration-test/target/test-dir/MiniOzoneClusterImpl-e42735e1-9878-48e1-8bbd-267bfeafd40a/datanode-4/data/ratis/7fef5472-1e44-41fd-b0d9-baddaceb55e6/current/log_inprogress_0
2019-08-13 05:31:50,775 INFO  impl.RoleInfo (RoleInfo.java:shutdownFollowerState(121)) - e2e36fa5-3716-44ec-b250-0958757b8e0d: shutdown FollowerState
2019-08-13 05:31:50,775 INFO  impl.RaftServerImpl (RaftServerImpl.java:setRole(171)) - e2e36fa5-3716-44ec-b250-0958757b8e0d:group-4B9AB3CF914B changes role from FOLLOWER to CANDIDATE at term 0 for changeToCandidate
2019-08-13 05:31:50,775 INFO  impl.RoleInfo (RoleInfo.java:updateAndGet(143)) - e2e36fa5-3716-44ec-b250-0958757b8e0d: start LeaderElection
2019-08-13 05:31:50,780 INFO  impl.LeaderElection (LeaderElection.java:askForVotes(181)) - 127a8ccf-fb8c-459e-a42f-30aa8deb48cc:group-56BA77341834:LeaderElection6: begin an election at term 1 for -1: [127a8ccf-fb8c-459e-a42f-30aa8deb48cc:192.168.5.174:36864], old=null
2019-08-13 05:31:50,786 INFO  impl.RoleInfo (RoleInfo.java:shutdownLeaderElection(134)) - 127a8ccf-fb8c-459e-a42f-30aa8deb48cc: shutdown LeaderElection
2019-08-13 05:31:50,786 INFO  impl.RaftServerImpl (RaftServerImpl.java:setRole(171)) - 127a8ccf-fb8c-459e-a42f-30aa8deb48cc:group-56BA77341834 changes role from CANDIDATE to LEADER at term 1 for changeToLeader
2019-08-13 05:31:50,786 INFO  impl.RaftServerImpl (ServerState.java:setLeader(263)) - 127a8ccf-fb8c-459e-a42f-30aa8deb48cc:group-56BA77341834 change Leader from null to 127a8ccf-fb8c-459e-a42f-30aa8deb48cc at term 1 for becomeLeader, leader elected after 5201ms
2019-08-13 05:31:50,788 INFO  server.RaftServerConfigKeys (ConfUtils.java:logGet(43)) - raft.server.staging.catchup.gap = 1000 (default)
2019-08-13 05:31:50,788 INFO  server.RaftServerConfigKeys (ConfUtils.java:logGet(43)) - raft.server.rpc.sleep.time = 25ms (default)
2019-08-13 05:31:50,788 INFO  server.RaftServerConfigKeys (ConfUtils.java:logGet(43)) - raft.server.write.element-limit = 4096 (default)
2019-08-13 05:31:50,789 INFO  server.RaftServerConfigKeys (ConfUtils.java:logGet(43)) - raft.server.watch.timeout = 10s (default)
2019-08-13 05:31:50,789 INFO  server.RaftServerConfigKeys (ConfUtils.java:logGet(43)) - raft.server.watch.timeout.denomination = 1s (default)
2019-08-13 05:31:50,789 INFO  server.RaftServerConfigKeys (ConfUtils.java:logGet(43)) - raft.server.watch.element-limit = 65536 (default)
2019-08-13 05:31:50,789 INFO  impl.RoleInfo (RoleInfo.java:updateAndGet(143)) - 127a8ccf-fb8c-459e-a42f-30aa8deb48cc: start LeaderState
2019-08-13 05:31:50,789 INFO  segmented.SegmentedRaftLogWorker (SegmentedRaftLogWorker.java:startLogSegment(380)) - 127a8ccf-fb8c-459e-a42f-30aa8deb48cc-SegmentedRaftLogWorker:Storage Directory /workdir/hadoop-ozone/integration-test/target/test-dir/MiniOzoneClusterImpl-e42735e1-9878-48e1-8bbd-267bfeafd40a/datanode-1/data/ratis/d5cab22a-5803-4ca7-afa3-56ba77341834: Starting segment from index:0
2019-08-13 05:31:50,790 INFO  impl.RaftServerImpl (ServerState.java:setRaftConf(361)) - 127a8ccf-fb8c-459e-a42f-30aa8deb48cc:group-56BA77341834 set configuration 0: [127a8ccf-fb8c-459e-a42f-30aa8deb48cc:192.168.5.174:36864], old=null at 0
2019-08-13 05:31:50,829 INFO  impl.FollowerState (FollowerState.java:run(106)) - 127a8ccf-fb8c-459e-a42f-30aa8deb48cc:group-9340C0E17F40 changes to CANDIDATE, lastRpcTime:5008, electionTimeout:5005ms
2019-08-13 05:31:50,830 INFO  impl.RoleInfo (RoleInfo.java:shutdownFollowerState(121)) - 127a8ccf-fb8c-459e-a42f-30aa8deb48cc: shutdown FollowerState
2019-08-13 05:31:50,830 INFO  impl.LeaderElection (LeaderElection.java:askForVotes(181)) - e2e36fa5-3716-44ec-b250-0958757b8e0d:group-4B9AB3CF914B:LeaderElection7: begin an election at term 1 for -1: [a48f97e9-45bb-45d3-b154-22faf33201d2:192.168.5.174:44567, 8c7a36a9-a535-490d-b255-053094593b17:192.168.5.174:37434, e2e36fa5-3716-44ec-b250-0958757b8e0d:192.168.5.174:43359], old=null
2019-08-13 05:31:50,830 INFO  impl.RaftServerImpl (RaftServerImpl.java:setRole(171)) - 127a8ccf-fb8c-459e-a42f-30aa8deb48cc:group-9340C0E17F40 changes role from FOLLOWER to CANDIDATE at term 0 for changeToCandidate
2019-08-13 05:31:50,831 INFO  impl.RoleInfo (RoleInfo.java:updateAndGet(143)) - 127a8ccf-fb8c-459e-a42f-30aa8deb48cc: start LeaderElection
2019-08-13 05:31:50,832 INFO  segmented.SegmentedRaftLogWorker (SegmentedRaftLogWorker.java:execute(569)) - 127a8ccf-fb8c-459e-a42f-30aa8deb48cc-SegmentedRaftLogWorker:Storage Directory /workdir/hadoop-ozone/integration-test/target/test-dir/MiniOzoneClusterImpl-e42735e1-9878-48e1-8bbd-267bfeafd40a/datanode-1/data/ratis/d5cab22a-5803-4ca7-afa3-56ba77341834: created new log segment /workdir/hadoop-ozone/integration-test/target/test-dir/MiniOzoneClusterImpl-e42735e1-9878-48e1-8bbd-267bfeafd40a/datanode-1/data/ratis/d5cab22a-5803-4ca7-afa3-56ba77341834/current/log_inprogress_0
2019-08-13 05:31:50,839 INFO  impl.LeaderElection (LeaderElection.java:askForVotes(181)) - 127a8ccf-fb8c-459e-a42f-30aa8deb48cc:group-9340C0E17F40:LeaderElection8: begin an election at term 1 for -1: [890438a0-2e3a-4e6d-a5ca-c02079b295cd:192.168.5.174:36433, ca6a72ac-2720-408e-ab08-4c16411735a5:192.168.5.174:35621, 127a8ccf-fb8c-459e-a42f-30aa8deb48cc:192.168.5.174:36864], old=null
2019-08-13 05:31:50,869 INFO  impl.RaftServerImpl (RaftServerImpl.java:setRole(171)) - 890438a0-2e3a-4e6d-a5ca-c02079b295cd:group-9340C0E17F40 changes role from FOLLOWER to FOLLOWER at term 1 for recognizeCandidate:127a8ccf-fb8c-459e-a42f-30aa8deb48cc
2019-08-13 05:31:50,871 INFO  impl.RaftServerImpl (RaftServerImpl.java:setRole(171)) - ca6a72ac-2720-408e-ab08-4c16411735a5:group-9340C0E17F40 changes role from FOLLOWER to FOLLOWER at term 1 for recognizeCandidate:127a8ccf-fb8c-459e-a42f-30aa8deb48cc
2019-08-13 05:31:50,871 INFO  impl.RoleInfo (RoleInfo.java:shutdownFollowerState(121)) - 890438a0-2e3a-4e6d-a5ca-c02079b295cd: shutdown FollowerState
2019-08-13 05:31:50,871 INFO  impl.RaftServerImpl (RaftServerImpl.java:setRole(171)) - 8c7a36a9-a535-490d-b255-053094593b17:group-4B9AB3CF914B changes role from FOLLOWER to FOLLOWER at term 1 for recognizeCandidate:e2e36fa5-3716-44ec-b250-0958757b8e0d
2019-08-13 05:31:50,871 INFO  impl.RoleInfo (RoleInfo.java:shutdownFollowerState(121)) - 8c7a36a9-a535-490d-b255-053094593b17: shutdown FollowerState
2019-08-13 05:31:50,869 INFO  impl.RaftServerImpl (RaftServerImpl.java:setRole(171)) - a48f97e9-45bb-45d3-b154-22faf33201d2:group-4B9AB3CF914B changes role from FOLLOWER to FOLLOWER at term 1 for recognizeCandidate:e2e36fa5-3716-44ec-b250-0958757b8e0d
2019-08-13 05:31:50,872 INFO  impl.FollowerState (FollowerState.java:run(114)) - 8c7a36a9-a535-490d-b255-053094593b17: FollowerState was interrupted: java.lang.InterruptedException: sleep interrupted
2019-08-13 05:31:50,872 INFO  impl.RoleInfo (RoleInfo.java:updateAndGet(143)) - 8c7a36a9-a535-490d-b255-053094593b17: start FollowerState
2019-08-13 05:31:50,871 INFO  impl.FollowerState (FollowerState.java:run(114)) - 890438a0-2e3a-4e6d-a5ca-c02079b295cd: FollowerState was interrupted: java.lang.InterruptedException: sleep interrupted
2019-08-13 05:31:50,871 INFO  impl.RoleInfo (RoleInfo.java:updateAndGet(143)) - 890438a0-2e3a-4e6d-a5ca-c02079b295cd: start FollowerState
2019-08-13 05:31:50,871 INFO  impl.RoleInfo (RoleInfo.java:shutdownFollowerState(121)) - ca6a72ac-2720-408e-ab08-4c16411735a5: shutdown FollowerState
2019-08-13 05:31:50,872 INFO  impl.RoleInfo (RoleInfo.java:shutdownFollowerState(121)) - a48f97e9-45bb-45d3-b154-22faf33201d2: shutdown FollowerState
2019-08-13 05:31:50,878 INFO  impl.RoleInfo (RoleInfo.java:updateAndGet(143)) - ca6a72ac-2720-408e-ab08-4c16411735a5: start FollowerState
2019-08-13 05:31:50,878 INFO  impl.FollowerState (FollowerState.java:run(114)) - ca6a72ac-2720-408e-ab08-4c16411735a5: FollowerState was interrupted: java.lang.InterruptedException: sleep interrupted
2019-08-13 05:31:50,879 INFO  impl.RoleInfo (RoleInfo.java:updateAndGet(143)) - a48f97e9-45bb-45d3-b154-22faf33201d2: start FollowerState
2019-08-13 05:31:50,879 INFO  impl.FollowerState (FollowerState.java:run(114)) - a48f97e9-45bb-45d3-b154-22faf33201d2: FollowerState was interrupted: java.lang.InterruptedException: sleep interrupted
2019-08-13 05:31:50,914 INFO  impl.LeaderElection (LeaderElection.java:logAndReturn(56)) - 127a8ccf-fb8c-459e-a42f-30aa8deb48cc:group-9340C0E17F40:LeaderElection8: Election PASSED; received 1 response(s) [127a8ccf-fb8c-459e-a42f-30aa8deb48cc<-ca6a72ac-2720-408e-ab08-4c16411735a5#0:OK-t1] and 0 exception(s); 127a8ccf-fb8c-459e-a42f-30aa8deb48cc:t1, leader=null, voted=127a8ccf-fb8c-459e-a42f-30aa8deb48cc, raftlog=127a8ccf-fb8c-459e-a42f-30aa8deb48cc-SegmentedRaftLog:OPENED:c-1,f-1,i0, conf=-1: [890438a0-2e3a-4e6d-a5ca-c02079b295cd:192.168.5.174:36433, ca6a72ac-2720-408e-ab08-4c16411735a5:192.168.5.174:35621, 127a8ccf-fb8c-459e-a42f-30aa8deb48cc:192.168.5.174:36864], old=null
2019-08-13 05:31:50,914 INFO  impl.LeaderElection (LeaderElection.java:logAndReturn(56)) - e2e36fa5-3716-44ec-b250-0958757b8e0d:group-4B9AB3CF914B:LeaderElection7: Election PASSED; received 1 response(s) [e2e36fa5-3716-44ec-b250-0958757b8e0d<-a48f97e9-45bb-45d3-b154-22faf33201d2#0:OK-t1] and 0 exception(s); e2e36fa5-3716-44ec-b250-0958757b8e0d:t1, leader=null, voted=e2e36fa5-3716-44ec-b250-0958757b8e0d, raftlog=e2e36fa5-3716-44ec-b250-0958757b8e0d-SegmentedRaftLog:OPENED:c-1,f-1,i0, conf=-1: [a48f97e9-45bb-45d3-b154-22faf33201d2:192.168.5.174:44567, 8c7a36a9-a535-490d-b255-053094593b17:192.168.5.174:37434, e2e36fa5-3716-44ec-b250-0958757b8e0d:192.168.5.174:43359], old=null
2019-08-13 05:31:50,914 INFO  impl.RoleInfo (RoleInfo.java:shutdownLeaderElection(134)) - 127a8ccf-fb8c-459e-a42f-30aa8deb48cc: shutdown LeaderElection
2019-08-13 05:31:50,914 INFO  impl.RoleInfo (RoleInfo.java:shutdownLeaderElection(134)) - e2e36fa5-3716-44ec-b250-0958757b8e0d: shutdown LeaderElection
2019-08-13 05:31:50,921 INFO  impl.RaftServerImpl (RaftServerImpl.java:setRole(171)) - 127a8ccf-fb8c-459e-a42f-30aa8deb48cc:group-9340C0E17F40 changes role from CANDIDATE to LEADER at term 1 for changeToLeader
2019-08-13 05:31:50,925 INFO  impl.RaftServerImpl (RaftServerImpl.java:setRole(171)) - e2e36fa5-3716-44ec-b250-0958757b8e0d:group-4B9AB3CF914B changes role from CANDIDATE to LEADER at term 1 for changeToLeader
2019-08-13 05:31:50,925 INFO  impl.RaftServerImpl (ServerState.java:setLeader(263)) - 127a8ccf-fb8c-459e-a42f-30aa8deb48cc:group-9340C0E17F40 change Leader from null to 127a8ccf-fb8c-459e-a42f-30aa8deb48cc at term 1 for becomeLeader, leader elected after 5115ms
2019-08-13 05:31:50,925 INFO  impl.RaftServerImpl (ServerState.java:setLeader(263)) - e2e36fa5-3716-44ec-b250-0958757b8e0d:group-4B9AB3CF914B change Leader from null to e2e36fa5-3716-44ec-b250-0958757b8e0d at term 1 for becomeLeader, leader elected after 5204ms
2019-08-13 05:31:50,925 INFO  server.RaftServerConfigKeys (ConfUtils.java:logGet(43)) - raft.server.staging.catchup.gap = 1000 (default)
2019-08-13 05:31:50,926 INFO  server.RaftServerConfigKeys (ConfUtils.java:logGet(43)) - raft.server.staging.catchup.gap = 1000 (default)
2019-08-13 05:31:50,926 INFO  server.RaftServerConfigKeys (ConfUtils.java:logGet(43)) - raft.server.rpc.sleep.time = 25ms (default)
2019-08-13 05:31:50,926 INFO  server.RaftServerConfigKeys (ConfUtils.java:logGet(43)) - raft.server.rpc.sleep.time = 25ms (default)
2019-08-13 05:31:50,926 INFO  server.RaftServerConfigKeys (ConfUtils.java:logGet(43)) - raft.server.write.element-limit = 4096 (default)
2019-08-13 05:31:50,926 INFO  server.RaftServerConfigKeys (ConfUtils.java:logGet(43)) - raft.server.write.element-limit = 4096 (default)
2019-08-13 05:31:50,926 INFO  server.RaftServerConfigKeys (ConfUtils.java:logGet(43)) - raft.server.watch.timeout = 10s (default)
2019-08-13 05:31:50,926 INFO  server.RaftServerConfigKeys (ConfUtils.java:logGet(43)) - raft.server.watch.timeout = 10s (default)
2019-08-13 05:31:50,926 INFO  server.RaftServerConfigKeys (ConfUtils.java:logGet(43)) - raft.server.watch.timeout.denomination = 1s (default)
2019-08-13 05:31:50,927 INFO  server.RaftServerConfigKeys (ConfUtils.java:logGet(43)) - raft.server.watch.timeout.denomination = 1s (default)
2019-08-13 05:31:50,927 INFO  server.RaftServerConfigKeys (ConfUtils.java:logGet(43)) - raft.server.watch.element-limit = 65536 (default)
2019-08-13 05:31:50,927 INFO  server.RaftServerConfigKeys (ConfUtils.java:logGet(43)) - raft.server.watch.element-limit = 65536 (default)
2019-08-13 05:31:50,930 INFO  server.RaftServerConfigKeys (ConfUtils.java:logGet(43)) - raft.server.log.appender.snapshot.chunk.size.max = 16MB (=16777216) (default)
2019-08-13 05:31:50,930 INFO  server.RaftServerConfigKeys (ConfUtils.java:logGet(43)) - raft.server.log.appender.snapshot.chunk.size.max = 16MB (=16777216) (default)
2019-08-13 05:31:50,931 INFO  server.RaftServerConfigKeys (ConfUtils.java:logGet(43)) - raft.server.log.appender.buffer.byte-limit = 33554432 (custom)
2019-08-13 05:31:50,931 INFO  server.RaftServerConfigKeys (ConfUtils.java:logGet(43)) - raft.server.log.appender.buffer.byte-limit = 33554432 (custom)
2019-08-13 05:31:50,932 INFO  server.RaftServerConfigKeys (ConfUtils.java:logGet(43)) - raft.server.log.appender.buffer.element-limit = 1 (custom)
2019-08-13 05:31:50,932 INFO  server.RaftServerConfigKeys (ConfUtils.java:logGet(43)) - raft.server.log.appender.buffer.element-limit = 1 (custom)
2019-08-13 05:31:50,935 INFO  grpc.GrpcConfigKeys$Server (ConfUtils.java:logGet(43)) - raft.grpc.server.leader.outstanding.appends.max = 128 (default)
2019-08-13 05:31:50,935 INFO  grpc.GrpcConfigKeys$Server (ConfUtils.java:logGet(43)) - raft.grpc.server.leader.outstanding.appends.max = 128 (default)
2019-08-13 05:31:50,938 INFO  server.RaftServerConfigKeys (ConfUtils.java:logGet(43)) - raft.server.rpc.request.timeout = 3000ms (default)
2019-08-13 05:31:50,938 INFO  server.RaftServerConfigKeys (ConfUtils.java:logGet(43)) - raft.server.rpc.request.timeout = 3000ms (default)
2019-08-13 05:31:50,938 INFO  server.RaftServerConfigKeys (ConfUtils.java:logGet(43)) - raft.server.log.appender.install.snapshot.enabled = false (custom)
2019-08-13 05:31:50,938 INFO  server.RaftServerConfigKeys (ConfUtils.java:logGet(43)) - raft.server.log.appender.install.snapshot.enabled = false (custom)
2019-08-13 05:31:50,938 INFO  server.RaftServerConfigKeys (ConfUtils.java:logGet(43)) - raft.server.log.appender.snapshot.chunk.size.max = 16MB (=16777216) (default)
2019-08-13 05:31:50,939 INFO  server.RaftServerConfigKeys (ConfUtils.java:logGet(43)) - raft.server.log.appender.snapshot.chunk.size.max = 16MB (=16777216) (default)
2019-08-13 05:31:50,939 INFO  server.RaftServerConfigKeys (ConfUtils.java:logGet(43)) - raft.server.log.appender.buffer.byte-limit = 33554432 (custom)
2019-08-13 05:31:50,939 INFO  server.RaftServerConfigKeys (ConfUtils.java:logGet(43)) - raft.server.log.appender.buffer.byte-limit = 33554432 (custom)
2019-08-13 05:31:50,939 INFO  server.RaftServerConfigKeys (ConfUtils.java:logGet(43)) - raft.server.log.appender.buffer.element-limit = 1 (custom)
2019-08-13 05:31:50,939 INFO  server.RaftServerConfigKeys (ConfUtils.java:logGet(43)) - raft.server.log.appender.buffer.element-limit = 1 (custom)
2019-08-13 05:31:50,939 INFO  grpc.GrpcConfigKeys$Server (ConfUtils.java:logGet(43)) - raft.grpc.server.leader.outstanding.appends.max = 128 (default)
2019-08-13 05:31:50,940 INFO  grpc.GrpcConfigKeys$Server (ConfUtils.java:logGet(43)) - raft.grpc.server.leader.outstanding.appends.max = 128 (default)
2019-08-13 05:31:50,940 INFO  server.RaftServerConfigKeys (ConfUtils.java:logGet(43)) - raft.server.rpc.request.timeout = 3000ms (default)
2019-08-13 05:31:50,940 INFO  server.RaftServerConfigKeys (ConfUtils.java:logGet(43)) - raft.server.rpc.request.timeout = 3000ms (default)
2019-08-13 05:31:50,940 INFO  server.RaftServerConfigKeys (ConfUtils.java:logGet(43)) - raft.server.log.appender.install.snapshot.enabled = false (custom)
2019-08-13 05:31:50,940 INFO  server.RaftServerConfigKeys (ConfUtils.java:logGet(43)) - raft.server.log.appender.install.snapshot.enabled = false (custom)
2019-08-13 05:31:50,942 INFO  impl.RoleInfo (RoleInfo.java:updateAndGet(143)) - e2e36fa5-3716-44ec-b250-0958757b8e0d: start LeaderState
2019-08-13 05:31:50,942 INFO  impl.RoleInfo (RoleInfo.java:updateAndGet(143)) - 127a8ccf-fb8c-459e-a42f-30aa8deb48cc: start LeaderState
2019-08-13 05:31:50,942 INFO  segmented.SegmentedRaftLogWorker (SegmentedRaftLogWorker.java:startLogSegment(380)) - e2e36fa5-3716-44ec-b250-0958757b8e0d-SegmentedRaftLogWorker:Storage Directory /workdir/hadoop-ozone/integration-test/target/test-dir/MiniOzoneClusterImpl-e42735e1-9878-48e1-8bbd-267bfeafd40a/datanode-5/data/ratis/6bfd066f-8de3-4cf6-aaca-4b9ab3cf914b: Starting segment from index:0
2019-08-13 05:31:50,942 INFO  segmented.SegmentedRaftLogWorker (SegmentedRaftLogWorker.java:startLogSegment(380)) - 127a8ccf-fb8c-459e-a42f-30aa8deb48cc-SegmentedRaftLogWorker:Storage Directory /workdir/hadoop-ozone/integration-test/target/test-dir/MiniOzoneClusterImpl-e42735e1-9878-48e1-8bbd-267bfeafd40a/datanode-1/data/ratis/bcbe679a-8fc1-4d5d-a4b3-9340c0e17f40: Starting segment from index:0
2019-08-13 05:31:50,943 INFO  impl.RaftServerImpl (ServerState.java:setRaftConf(361)) - e2e36fa5-3716-44ec-b250-0958757b8e0d:group-4B9AB3CF914B set configuration 0: [a48f97e9-45bb-45d3-b154-22faf33201d2:192.168.5.174:44567, 8c7a36a9-a535-490d-b255-053094593b17:192.168.5.174:37434, e2e36fa5-3716-44ec-b250-0958757b8e0d:192.168.5.174:43359], old=null at 0
2019-08-13 05:31:50,961 INFO  impl.RaftServerImpl (ServerState.java:setRaftConf(361)) - 127a8ccf-fb8c-459e-a42f-30aa8deb48cc:group-9340C0E17F40 set configuration 0: [890438a0-2e3a-4e6d-a5ca-c02079b295cd:192.168.5.174:36433, ca6a72ac-2720-408e-ab08-4c16411735a5:192.168.5.174:35621, 127a8ccf-fb8c-459e-a42f-30aa8deb48cc:192.168.5.174:36864], old=null at 0
2019-08-13 05:31:50,967 INFO  segmented.SegmentedRaftLogWorker (SegmentedRaftLogWorker.java:execute(569)) - 127a8ccf-fb8c-459e-a42f-30aa8deb48cc-SegmentedRaftLogWorker:Storage Directory /workdir/hadoop-ozone/integration-test/target/test-dir/MiniOzoneClusterImpl-e42735e1-9878-48e1-8bbd-267bfeafd40a/datanode-1/data/ratis/bcbe679a-8fc1-4d5d-a4b3-9340c0e17f40: created new log segment /workdir/hadoop-ozone/integration-test/target/test-dir/MiniOzoneClusterImpl-e42735e1-9878-48e1-8bbd-267bfeafd40a/datanode-1/data/ratis/bcbe679a-8fc1-4d5d-a4b3-9340c0e17f40/current/log_inprogress_0
2019-08-13 05:31:50,967 INFO  segmented.SegmentedRaftLogWorker (SegmentedRaftLogWorker.java:execute(569)) - e2e36fa5-3716-44ec-b250-0958757b8e0d-SegmentedRaftLogWorker:Storage Directory /workdir/hadoop-ozone/integration-test/target/test-dir/MiniOzoneClusterImpl-e42735e1-9878-48e1-8bbd-267bfeafd40a/datanode-5/data/ratis/6bfd066f-8de3-4cf6-aaca-4b9ab3cf914b: created new log segment /workdir/hadoop-ozone/integration-test/target/test-dir/MiniOzoneClusterImpl-e42735e1-9878-48e1-8bbd-267bfeafd40a/datanode-5/data/ratis/6bfd066f-8de3-4cf6-aaca-4b9ab3cf914b/current/log_inprogress_0
2019-08-13 05:31:50,980 INFO  impl.FollowerState (FollowerState.java:run(106)) - 890438a0-2e3a-4e6d-a5ca-c02079b295cd:group-940B485ED56D changes to CANDIDATE, lastRpcTime:5101, electionTimeout:5099ms
2019-08-13 05:31:50,982 INFO  impl.RoleInfo (RoleInfo.java:shutdownFollowerState(121)) - 890438a0-2e3a-4e6d-a5ca-c02079b295cd: shutdown FollowerState
2019-08-13 05:31:50,982 INFO  impl.RaftServerImpl (RaftServerImpl.java:setRole(171)) - 890438a0-2e3a-4e6d-a5ca-c02079b295cd:group-940B485ED56D changes role from FOLLOWER to CANDIDATE at term 0 for changeToCandidate
2019-08-13 05:31:50,982 INFO  impl.RoleInfo (RoleInfo.java:updateAndGet(143)) - 890438a0-2e3a-4e6d-a5ca-c02079b295cd: start LeaderElection
2019-08-13 05:31:50,991 INFO  impl.LeaderElection (LeaderElection.java:askForVotes(181)) - 890438a0-2e3a-4e6d-a5ca-c02079b295cd:group-940B485ED56D:LeaderElection9: begin an election at term 1 for -1: [890438a0-2e3a-4e6d-a5ca-c02079b295cd:192.168.5.174:36433], old=null
2019-08-13 05:31:50,993 INFO  impl.RoleInfo (RoleInfo.java:shutdownLeaderElection(134)) - 890438a0-2e3a-4e6d-a5ca-c02079b295cd: shutdown LeaderElection
2019-08-13 05:31:50,993 INFO  impl.RaftServerImpl (RaftServerImpl.java:setRole(171)) - 890438a0-2e3a-4e6d-a5ca-c02079b295cd:group-940B485ED56D changes role from CANDIDATE to LEADER at term 1 for changeToLeader
2019-08-13 05:31:50,994 INFO  impl.RaftServerImpl (ServerState.java:setLeader(263)) - 890438a0-2e3a-4e6d-a5ca-c02079b295cd:group-940B485ED56D change Leader from null to 890438a0-2e3a-4e6d-a5ca-c02079b295cd at term 1 for becomeLeader, leader elected after 5118ms
2019-08-13 05:31:50,996 INFO  server.RaftServerConfigKeys (ConfUtils.java:logGet(43)) - raft.server.staging.catchup.gap = 1000 (default)
2019-08-13 05:31:50,996 INFO  server.RaftServerConfigKeys (ConfUtils.java:logGet(43)) - raft.server.rpc.sleep.time = 25ms (default)
2019-08-13 05:31:50,998 INFO  server.RaftServerConfigKeys (ConfUtils.java:logGet(43)) - raft.server.write.element-limit = 4096 (default)
2019-08-13 05:31:50,998 INFO  server.RaftServerConfigKeys (ConfUtils.java:logGet(43)) - raft.server.watch.timeout = 10s (default)
2019-08-13 05:31:50,999 INFO  server.RaftServerConfigKeys (ConfUtils.java:logGet(43)) - raft.server.watch.timeout.denomination = 1s (default)
2019-08-13 05:31:50,999 INFO  server.RaftServerConfigKeys (ConfUtils.java:logGet(43)) - raft.server.watch.element-limit = 65536 (default)
2019-08-13 05:31:51,003 INFO  impl.RoleInfo (RoleInfo.java:updateAndGet(143)) - 890438a0-2e3a-4e6d-a5ca-c02079b295cd: start LeaderState
2019-08-13 05:31:51,004 INFO  impl.RaftServerImpl (ServerState.java:setLeader(263)) - ca6a72ac-2720-408e-ab08-4c16411735a5:group-9340C0E17F40 change Leader from null to 127a8ccf-fb8c-459e-a42f-30aa8deb48cc at term 1 for appendEntries, leader elected after 5194ms
2019-08-13 05:31:51,005 INFO  segmented.SegmentedRaftLogWorker (SegmentedRaftLogWorker.java:startLogSegment(380)) - 890438a0-2e3a-4e6d-a5ca-c02079b295cd-SegmentedRaftLogWorker:Storage Directory /workdir/hadoop-ozone/integration-test/target/test-dir/MiniOzoneClusterImpl-e42735e1-9878-48e1-8bbd-267bfeafd40a/datanode-6/data/ratis/643d50cb-e2ab-4d27-90f4-940b485ed56d: Starting segment from index:0
2019-08-13 05:31:51,006 INFO  impl.RaftServerImpl (ServerState.java:setLeader(263)) - 8c7a36a9-a535-490d-b255-053094593b17:group-4B9AB3CF914B change Leader from null to e2e36fa5-3716-44ec-b250-0958757b8e0d at term 1 for appendEntries, leader elected after 5285ms
2019-08-13 05:31:51,004 INFO  impl.RaftServerImpl (ServerState.java:setLeader(263)) - a48f97e9-45bb-45d3-b154-22faf33201d2:group-4B9AB3CF914B change Leader from null to e2e36fa5-3716-44ec-b250-0958757b8e0d at term 1 for appendEntries, leader elected after 5283ms
2019-08-13 05:31:51,004 INFO  impl.RaftServerImpl (ServerState.java:setLeader(263)) - 890438a0-2e3a-4e6d-a5ca-c02079b295cd:group-9340C0E17F40 change Leader from null to 127a8ccf-fb8c-459e-a42f-30aa8deb48cc at term 1 for appendEntries, leader elected after 5193ms
2019-08-13 05:31:51,007 INFO  impl.RaftServerImpl (ServerState.java:setRaftConf(361)) - 890438a0-2e3a-4e6d-a5ca-c02079b295cd:group-940B485ED56D set configuration 0: [890438a0-2e3a-4e6d-a5ca-c02079b295cd:192.168.5.174:36433], old=null at 0
2019-08-13 05:31:51,028 INFO  segmented.SegmentedRaftLogWorker (SegmentedRaftLogWorker.java:execute(569)) - 890438a0-2e3a-4e6d-a5ca-c02079b295cd-SegmentedRaftLogWorker:Storage Directory /workdir/hadoop-ozone/integration-test/target/test-dir/MiniOzoneClusterImpl-e42735e1-9878-48e1-8bbd-267bfeafd40a/datanode-6/data/ratis/643d50cb-e2ab-4d27-90f4-940b485ed56d: created new log segment /workdir/hadoop-ozone/integration-test/target/test-dir/MiniOzoneClusterImpl-e42735e1-9878-48e1-8bbd-267bfeafd40a/datanode-6/data/ratis/643d50cb-e2ab-4d27-90f4-940b485ed56d/current/log_inprogress_0
2019-08-13 05:31:51,064 INFO  impl.RaftServerImpl (ServerState.java:setRaftConf(361)) - a48f97e9-45bb-45d3-b154-22faf33201d2:group-4B9AB3CF914B set configuration 0: [a48f97e9-45bb-45d3-b154-22faf33201d2:192.168.5.174:44567, 8c7a36a9-a535-490d-b255-053094593b17:192.168.5.174:37434, e2e36fa5-3716-44ec-b250-0958757b8e0d:192.168.5.174:43359], old=null at 0
2019-08-13 05:31:51,064 INFO  impl.RaftServerImpl (ServerState.java:setRaftConf(361)) - 890438a0-2e3a-4e6d-a5ca-c02079b295cd:group-9340C0E17F40 set configuration 0: [890438a0-2e3a-4e6d-a5ca-c02079b295cd:192.168.5.174:36433, ca6a72ac-2720-408e-ab08-4c16411735a5:192.168.5.174:35621, 127a8ccf-fb8c-459e-a42f-30aa8deb48cc:192.168.5.174:36864], old=null at 0
2019-08-13 05:31:51,064 INFO  impl.RaftServerImpl (ServerState.java:setRaftConf(361)) - ca6a72ac-2720-408e-ab08-4c16411735a5:group-9340C0E17F40 set configuration 0: [890438a0-2e3a-4e6d-a5ca-c02079b295cd:192.168.5.174:36433, ca6a72ac-2720-408e-ab08-4c16411735a5:192.168.5.174:35621, 127a8ccf-fb8c-459e-a42f-30aa8deb48cc:192.168.5.174:36864], old=null at 0
2019-08-13 05:31:51,064 INFO  impl.RaftServerImpl (ServerState.java:setRaftConf(361)) - 8c7a36a9-a535-490d-b255-053094593b17:group-4B9AB3CF914B set configuration 0: [a48f97e9-45bb-45d3-b154-22faf33201d2:192.168.5.174:44567, 8c7a36a9-a535-490d-b255-053094593b17:192.168.5.174:37434, e2e36fa5-3716-44ec-b250-0958757b8e0d:192.168.5.174:43359], old=null at 0
2019-08-13 05:31:51,067 INFO  segmented.SegmentedRaftLogWorker (SegmentedRaftLogWorker.java:startLogSegment(380)) - ca6a72ac-2720-408e-ab08-4c16411735a5-SegmentedRaftLogWorker:Storage Directory /workdir/hadoop-ozone/integration-test/target/test-dir/MiniOzoneClusterImpl-e42735e1-9878-48e1-8bbd-267bfeafd40a/datanode-4/data/ratis/bcbe679a-8fc1-4d5d-a4b3-9340c0e17f40: Starting segment from index:0
2019-08-13 05:31:51,067 INFO  segmented.SegmentedRaftLogWorker (SegmentedRaftLogWorker.java:startLogSegment(380)) - 890438a0-2e3a-4e6d-a5ca-c02079b295cd-SegmentedRaftLogWorker:Storage Directory /workdir/hadoop-ozone/integration-test/target/test-dir/MiniOzoneClusterImpl-e42735e1-9878-48e1-8bbd-267bfeafd40a/datanode-6/data/ratis/bcbe679a-8fc1-4d5d-a4b3-9340c0e17f40: Starting segment from index:0
2019-08-13 05:31:51,067 INFO  segmented.SegmentedRaftLogWorker (SegmentedRaftLogWorker.java:startLogSegment(380)) - a48f97e9-45bb-45d3-b154-22faf33201d2-SegmentedRaftLogWorker:Storage Directory /workdir/hadoop-ozone/integration-test/target/test-dir/MiniOzoneClusterImpl-e42735e1-9878-48e1-8bbd-267bfeafd40a/datanode-0/data/ratis/6bfd066f-8de3-4cf6-aaca-4b9ab3cf914b: Starting segment from index:0
2019-08-13 05:31:51,067 INFO  segmented.SegmentedRaftLogWorker (SegmentedRaftLogWorker.java:startLogSegment(380)) - 8c7a36a9-a535-490d-b255-053094593b17-SegmentedRaftLogWorker:Storage Directory /workdir/hadoop-ozone/integration-test/target/test-dir/MiniOzoneClusterImpl-e42735e1-9878-48e1-8bbd-267bfeafd40a/datanode-3/data/ratis/6bfd066f-8de3-4cf6-aaca-4b9ab3cf914b: Starting segment from index:0
2019-08-13 05:31:51,095 INFO  segmented.SegmentedRaftLogWorker (SegmentedRaftLogWorker.java:execute(569)) - 8c7a36a9-a535-490d-b255-053094593b17-SegmentedRaftLogWorker:Storage Directory /workdir/hadoop-ozone/integration-test/target/test-dir/MiniOzoneClusterImpl-e42735e1-9878-48e1-8bbd-267bfeafd40a/datanode-3/data/ratis/6bfd066f-8de3-4cf6-aaca-4b9ab3cf914b: created new log segment /workdir/hadoop-ozone/integration-test/target/test-dir/MiniOzoneClusterImpl-e42735e1-9878-48e1-8bbd-267bfeafd40a/datanode-3/data/ratis/6bfd066f-8de3-4cf6-aaca-4b9ab3cf914b/current/log_inprogress_0
2019-08-13 05:31:51,095 INFO  segmented.SegmentedRaftLogWorker (SegmentedRaftLogWorker.java:execute(569)) - ca6a72ac-2720-408e-ab08-4c16411735a5-SegmentedRaftLogWorker:Storage Directory /workdir/hadoop-ozone/integration-test/target/test-dir/MiniOzoneClusterImpl-e42735e1-9878-48e1-8bbd-267bfeafd40a/datanode-4/data/ratis/bcbe679a-8fc1-4d5d-a4b3-9340c0e17f40: created new log segment /workdir/hadoop-ozone/integration-test/target/test-dir/MiniOzoneClusterImpl-e42735e1-9878-48e1-8bbd-267bfeafd40a/datanode-4/data/ratis/bcbe679a-8fc1-4d5d-a4b3-9340c0e17f40/current/log_inprogress_0
2019-08-13 05:31:51,095 INFO  segmented.SegmentedRaftLogWorker (SegmentedRaftLogWorker.java:execute(569)) - a48f97e9-45bb-45d3-b154-22faf33201d2-SegmentedRaftLogWorker:Storage Directory /workdir/hadoop-ozone/integration-test/target/test-dir/MiniOzoneClusterImpl-e42735e1-9878-48e1-8bbd-267bfeafd40a/datanode-0/data/ratis/6bfd066f-8de3-4cf6-aaca-4b9ab3cf914b: created new log segment /workdir/hadoop-ozone/integration-test/target/test-dir/MiniOzoneClusterImpl-e42735e1-9878-48e1-8bbd-267bfeafd40a/datanode-0/data/ratis/6bfd066f-8de3-4cf6-aaca-4b9ab3cf914b/current/log_inprogress_0
2019-08-13 05:31:51,104 INFO  segmented.SegmentedRaftLogWorker (SegmentedRaftLogWorker.java:execute(569)) - 890438a0-2e3a-4e6d-a5ca-c02079b295cd-SegmentedRaftLogWorker:Storage Directory /workdir/hadoop-ozone/integration-test/target/test-dir/MiniOzoneClusterImpl-e42735e1-9878-48e1-8bbd-267bfeafd40a/datanode-6/data/ratis/bcbe679a-8fc1-4d5d-a4b3-9340c0e17f40: created new log segment /workdir/hadoop-ozone/integration-test/target/test-dir/MiniOzoneClusterImpl-e42735e1-9878-48e1-8bbd-267bfeafd40a/datanode-6/data/ratis/bcbe679a-8fc1-4d5d-a4b3-9340c0e17f40/current/log_inprogress_0
2019-08-13 05:31:51,491 INFO  client.GrpcClientProtocolClient (GrpcClientProtocolClient.java:onNext(255)) - client-C663BB983247->8c7a36a9-a535-490d-b255-053094593b17: receive RaftClientReply:client-C663BB983247->8c7a36a9-a535-490d-b255-053094593b17@group-4B9AB3CF914B, cid=13, FAILED org.apache.ratis.protocol.NotLeaderException: Server 8c7a36a9-a535-490d-b255-053094593b17 is not the leader (e2e36fa5-3716-44ec-b250-0958757b8e0d:192.168.5.174:43359). Request must be sent to leader., logIndex=0, commits[8c7a36a9-a535-490d-b255-053094593b17:c0, a48f97e9-45bb-45d3-b154-22faf33201d2:c-1, e2e36fa5-3716-44ec-b250-0958757b8e0d:c0]
2019-08-13 05:31:51,716 INFO  client.GrpcClientProtocolClient (GrpcClientProtocolClient.java:onNext(255)) - client-C663BB983247->e2e36fa5-3716-44ec-b250-0958757b8e0d: receive RaftClientReply:client-C663BB983247->e2e36fa5-3716-44ec-b250-0958757b8e0d@group-4B9AB3CF914B, cid=13, SUCCESS, logIndex=1, commits[e2e36fa5-3716-44ec-b250-0958757b8e0d:c1, a48f97e9-45bb-45d3-b154-22faf33201d2:c0, 8c7a36a9-a535-490d-b255-053094593b17:c0]
2019-08-13 05:31:51,751 INFO  client.GrpcClientProtocolClient (GrpcClientProtocolClient.java:onNext(255)) - client-C663BB983247->e2e36fa5-3716-44ec-b250-0958757b8e0d: receive RaftClientReply:client-C663BB983247->e2e36fa5-3716-44ec-b250-0958757b8e0d@group-4B9AB3CF914B, cid=14, SUCCESS, logIndex=3, commits[e2e36fa5-3716-44ec-b250-0958757b8e0d:c3, a48f97e9-45bb-45d3-b154-22faf33201d2:c1, 8c7a36a9-a535-490d-b255-053094593b17:c2]
2019-08-13 05:31:51,828 INFO  client.GrpcClientProtocolClient (GrpcClientProtocolClient.java:onNext(255)) - client-C663BB983247->e2e36fa5-3716-44ec-b250-0958757b8e0d: receive RaftClientReply:client-C663BB983247->e2e36fa5-3716-44ec-b250-0958757b8e0d@group-4B9AB3CF914B, cid=15, SUCCESS, logIndex=4, commits[e2e36fa5-3716-44ec-b250-0958757b8e0d:c12, a48f97e9-45bb-45d3-b154-22faf33201d2:c9, 8c7a36a9-a535-490d-b255-053094593b17:c9]
2019-08-13 05:31:51,831 INFO  client.GrpcClientProtocolClient (GrpcClientProtocolClient.java:onNext(255)) - client-C663BB983247->e2e36fa5-3716-44ec-b250-0958757b8e0d: receive RaftClientReply:client-C663BB983247->e2e36fa5-3716-44ec-b250-0958757b8e0d@group-4B9AB3CF914B, cid=16, SUCCESS, logIndex=6, commits[e2e36fa5-3716-44ec-b250-0958757b8e0d:c12, a48f97e9-45bb-45d3-b154-22faf33201d2:c9, 8c7a36a9-a535-490d-b255-053094593b17:c9]
2019-08-13 05:31:51,832 INFO  client.GrpcClientProtocolClient (GrpcClientProtocolClient.java:onNext(255)) - client-C663BB983247->e2e36fa5-3716-44ec-b250-0958757b8e0d: receive RaftClientReply:client-C663BB983247->e2e36fa5-3716-44ec-b250-0958757b8e0d@group-4B9AB3CF914B, cid=17, SUCCESS, logIndex=7, commits[e2e36fa5-3716-44ec-b250-0958757b8e0d:c12, a48f97e9-45bb-45d3-b154-22faf33201d2:c9, 8c7a36a9-a535-490d-b255-053094593b17:c9]
2019-08-13 05:31:51,845 INFO  client.GrpcClientProtocolClient (GrpcClientProtocolClient.java:onNext(255)) - client-C663BB983247->e2e36fa5-3716-44ec-b250-0958757b8e0d: receive RaftClientReply:client-C663BB983247->e2e36fa5-3716-44ec-b250-0958757b8e0d@group-4B9AB3CF914B, cid=18, SUCCESS, logIndex=9, commits[e2e36fa5-3716-44ec-b250-0958757b8e0d:c12, a48f97e9-45bb-45d3-b154-22faf33201d2:c9, 8c7a36a9-a535-490d-b255-053094593b17:c9]
2019-08-13 05:31:51,871 INFO  client.GrpcClientProtocolClient (GrpcClientProtocolClient.java:onNext(255)) - client-C663BB983247->e2e36fa5-3716-44ec-b250-0958757b8e0d: receive RaftClientReply:client-C663BB983247->e2e36fa5-3716-44ec-b250-0958757b8e0d@group-4B9AB3CF914B, cid=19, SUCCESS, logIndex=13, commits[e2e36fa5-3716-44ec-b250-0958757b8e0d:c14, a48f97e9-45bb-45d3-b154-22faf33201d2:c12, 8c7a36a9-a535-490d-b255-053094593b17:c12]
2019-08-13 05:31:51,872 INFO  client.GrpcClientProtocolClient (GrpcClientProtocolClient.java:onNext(255)) - client-C663BB983247->e2e36fa5-3716-44ec-b250-0958757b8e0d: receive RaftClientReply:client-C663BB983247->e2e36fa5-3716-44ec-b250-0958757b8e0d@group-4B9AB3CF914B, cid=20, SUCCESS, logIndex=14, commits[e2e36fa5-3716-44ec-b250-0958757b8e0d:c14, a48f97e9-45bb-45d3-b154-22faf33201d2:c12, 8c7a36a9-a535-490d-b255-053094593b17:c12]
2019-08-13 05:31:51,893 INFO  client.GrpcClientProtocolClient (GrpcClientProtocolClient.java:onNext(255)) - client-C663BB983247->e2e36fa5-3716-44ec-b250-0958757b8e0d: receive RaftClientReply:client-C663BB983247->e2e36fa5-3716-44ec-b250-0958757b8e0d@group-4B9AB3CF914B, cid=21, SUCCESS, logIndex=0, commits[e2e36fa5-3716-44ec-b250-0958757b8e0d:c16, a48f97e9-45bb-45d3-b154-22faf33201d2:c14, 8c7a36a9-a535-490d-b255-053094593b17:c14]
2019-08-13 05:31:51,894 INFO  datanode.ObjectStoreHandler (ObjectStoreHandler.java:close(155)) - Closing ObjectStoreHandler.
2019-08-13 05:31:51,895 INFO  ozone.HddsDatanodeService (HddsDatanodeService.java:stop(451)) - Stopped plug-in org.apache.hadoop.ozone.web.OzoneHddsDatanodeService@3f9b7fe1
2019-08-13 05:31:52,689 INFO  statemachine.DatanodeStateMachine (DatanodeStateMachine.java:lambda$startDaemon$0(350)) - Ozone container server started.
2019-08-13 05:31:56,776 INFO  node.StaleNodeHandler (StaleNodeHandler.java:onMessage(58)) - Datanode a48f97e9-45bb-45d3-b154-22faf33201d2{ip: 192.168.5.174, host: trunk-nightly-m7jb8-1436528744, networkLocation: /default-rack, certSerialId: null} moved to stale state. Finalizing its pipelines [PipelineID=6bfd066f-8de3-4cf6-aaca-4b9ab3cf914b, PipelineID=40d38cb5-eedd-4dd1-82be-f5c49e2134dd]
2019-08-13 05:31:56,776 INFO  pipeline.SCMPipelineManager (SCMPipelineManager.java:finalizeAndDestroyPipeline(309)) - destroying pipeline:Pipeline[ Id: 6bfd066f-8de3-4cf6-aaca-4b9ab3cf914b, Nodes: a48f97e9-45bb-45d3-b154-22faf33201d2{ip: 192.168.5.174, host: trunk-nightly-m7jb8-1436528744, networkLocation: /default-rack, certSerialId: null}8c7a36a9-a535-490d-b255-053094593b17{ip: 192.168.5.174, host: trunk-nightly-m7jb8-1436528744, networkLocation: /default-rack, certSerialId: null}e2e36fa5-3716-44ec-b250-0958757b8e0d{ip: 192.168.5.174, host: trunk-nightly-m7jb8-1436528744, networkLocation: /default-rack, certSerialId: null}, Type:RATIS, Factor:THREE, State:OPEN]
2019-08-13 05:31:56,777 INFO  pipeline.PipelineStateManager (PipelineStateManager.java:finalizePipeline(123)) - Pipeline Pipeline[ Id: 6bfd066f-8de3-4cf6-aaca-4b9ab3cf914b, Nodes: a48f97e9-45bb-45d3-b154-22faf33201d2{ip: 192.168.5.174, host: trunk-nightly-m7jb8-1436528744, networkLocation: /default-rack, certSerialId: null}8c7a36a9-a535-490d-b255-053094593b17{ip: 192.168.5.174, host: trunk-nightly-m7jb8-1436528744, networkLocation: /default-rack, certSerialId: null}e2e36fa5-3716-44ec-b250-0958757b8e0d{ip: 192.168.5.174, host: trunk-nightly-m7jb8-1436528744, networkLocation: /default-rack, certSerialId: null}, Type:RATIS, Factor:THREE, State:CLOSED] moved to CLOSED state
2019-08-13 05:31:56,778 INFO  container.CloseContainerEventHandler (CloseContainerEventHandler.java:onMessage(61)) - Close container Event triggered for container : #1
2019-08-13 05:31:56,782 INFO  pipeline.SCMPipelineManager (SCMPipelineManager.java:finalizeAndDestroyPipeline(309)) - destroying pipeline:Pipeline[ Id: 40d38cb5-eedd-4dd1-82be-f5c49e2134dd, Nodes: a48f97e9-45bb-45d3-b154-22faf33201d2{ip: 192.168.5.174, host: trunk-nightly-m7jb8-1436528744, networkLocation: /default-rack, certSerialId: null}, Type:RATIS, Factor:ONE, State:OPEN]
2019-08-13 05:31:56,784 INFO  pipeline.PipelineStateManager (PipelineStateManager.java:finalizePipeline(123)) - Pipeline Pipeline[ Id: 40d38cb5-eedd-4dd1-82be-f5c49e2134dd, Nodes: a48f97e9-45bb-45d3-b154-22faf33201d2{ip: 192.168.5.174, host: trunk-nightly-m7jb8-1436528744, networkLocation: /default-rack, certSerialId: null}, Type:RATIS, Factor:ONE, State:CLOSED] moved to CLOSED state
2019-08-13 05:31:56,897 INFO  ozoneimpl.OzoneContainer (OzoneContainer.java:stop(199)) - Attempting to stop container services.
2019-08-13 05:31:56,898 INFO  impl.RaftServerProxy (RaftServerProxy.java:lambda$close$4(314)) - a48f97e9-45bb-45d3-b154-22faf33201d2: close
2019-08-13 05:31:56,900 INFO  impl.RaftServerImpl (RaftServerImpl.java:lambda$shutdown$3(245)) - a48f97e9-45bb-45d3-b154-22faf33201d2: shutdown group-4B9AB3CF914B
2019-08-13 05:31:56,900 INFO  impl.RaftServerImpl (RaftServerImpl.java:lambda$shutdown$3(245)) - a48f97e9-45bb-45d3-b154-22faf33201d2: shutdown group-F5C49E2134DD
2019-08-13 05:31:56,900 INFO  util.JmxRegister (JmxRegister.java:unregister(73)) - Successfully un-registered JMX Bean with object name Ratis:service=RaftServer,group=group-4B9AB3CF914B,id=a48f97e9-45bb-45d3-b154-22faf33201d2
2019-08-13 05:31:56,900 INFO  util.JmxRegister (JmxRegister.java:unregister(73)) - Successfully un-registered JMX Bean with object name Ratis:service=RaftServer,group=group-F5C49E2134DD,id=a48f97e9-45bb-45d3-b154-22faf33201d2
2019-08-13 05:31:56,900 INFO  impl.RoleInfo (RoleInfo.java:shutdownFollowerState(121)) - a48f97e9-45bb-45d3-b154-22faf33201d2: shutdown FollowerState
2019-08-13 05:31:56,901 INFO  impl.RoleInfo (RoleInfo.java:shutdownLeaderState(104)) - a48f97e9-45bb-45d3-b154-22faf33201d2: shutdown LeaderState
2019-08-13 05:31:56,901 INFO  impl.FollowerState (FollowerState.java:run(114)) - a48f97e9-45bb-45d3-b154-22faf33201d2: FollowerState was interrupted: java.lang.InterruptedException: sleep interrupted
2019-08-13 05:31:56,901 INFO  ratis.ContainerStateMachine (ContainerStateMachine.java:takeSnapshot(271)) - group-4B9AB3CF914B: Taking a snapshot at:(t:1, i:14) file /workdir/hadoop-ozone/integration-test/target/test-dir/MiniOzoneClusterImpl-e42735e1-9878-48e1-8bbd-267bfeafd40a/datanode-0/data/ratis/6bfd066f-8de3-4cf6-aaca-4b9ab3cf914b/sm/snapshot.1_14
2019-08-13 05:31:56,901 INFO  impl.StateMachineUpdater (StateMachineUpdater.java:stopAndJoin(115)) - StateMachineUpdater:a48f97e9-45bb-45d3-b154-22faf33201d2:group-4B9AB3CF914B: set stopIndex = 16
2019-08-13 05:31:56,904 INFO  impl.PendingRequests (PendingRequests.java:sendNotLeaderResponses(202)) - a48f97e9-45bb-45d3-b154-22faf33201d2-PendingRequests: sendNotLeaderResponses
2019-08-13 05:31:56,908 INFO  impl.StateMachineUpdater (StateMachineUpdater.java:stopAndJoin(115)) - StateMachineUpdater:a48f97e9-45bb-45d3-b154-22faf33201d2:group-F5C49E2134DD: set stopIndex = 0
2019-08-13 05:31:56,927 INFO  impl.RaftServerImpl (ServerState.java:close(394)) - a48f97e9-45bb-45d3-b154-22faf33201d2:group-F5C49E2134DD closes. The last applied log index is 0
2019-08-13 05:31:56,929 INFO  segmented.SegmentedRaftLogWorker (SegmentedRaftLogWorker.java:run(313)) - a48f97e9-45bb-45d3-b154-22faf33201d2-SegmentedRaftLogWorker:Storage Directory /workdir/hadoop-ozone/integration-test/target/test-dir/MiniOzoneClusterImpl-e42735e1-9878-48e1-8bbd-267bfeafd40a/datanode-0/data/ratis/40d38cb5-eedd-4dd1-82be-f5c49e2134dd was interrupted, exiting. There are 0 tasks remaining in the queue.
2019-08-13 05:31:56,934 INFO  segmented.SegmentedRaftLogWorker (SegmentedRaftLogWorker.java:close(228)) - a48f97e9-45bb-45d3-b154-22faf33201d2-SegmentedRaftLogWorker:Storage Directory /workdir/hadoop-ozone/integration-test/target/test-dir/MiniOzoneClusterImpl-e42735e1-9878-48e1-8bbd-267bfeafd40a/datanode-0/data/ratis/40d38cb5-eedd-4dd1-82be-f5c49e2134dd close()
2019-08-13 05:31:56,966 INFO  ratis.ContainerStateMachine (ContainerStateMachine.java:takeSnapshot(282)) - group-4B9AB3CF914B: Finished taking a snapshot at:(t:1, i:14) file:/workdir/hadoop-ozone/integration-test/target/test-dir/MiniOzoneClusterImpl-e42735e1-9878-48e1-8bbd-267bfeafd40a/datanode-0/data/ratis/6bfd066f-8de3-4cf6-aaca-4b9ab3cf914b/sm/snapshot.1_14 time:65
2019-08-13 05:31:56,967 INFO  impl.StateMachineUpdater (StateMachineUpdater.java:takeSnapshot(242)) - StateMachineUpdater:a48f97e9-45bb-45d3-b154-22faf33201d2:group-4B9AB3CF914B: Took a snapshot at index 14
2019-08-13 05:31:56,970 INFO  impl.StateMachineUpdater (StateMachineUpdater.java:lambda$new$0(80)) - StateMachineUpdater:a48f97e9-45bb-45d3-b154-22faf33201d2:group-4B9AB3CF914B: snapshotIndex: updateIncreasingly -1 -> 14
2019-08-13 05:31:56,975 INFO  impl.RaftServerImpl (ServerState.java:close(394)) - a48f97e9-45bb-45d3-b154-22faf33201d2:group-4B9AB3CF914B closes. The last applied log index is 16
2019-08-13 05:31:56,976 INFO  segmented.SegmentedRaftLogWorker (SegmentedRaftLogWorker.java:run(313)) - a48f97e9-45bb-45d3-b154-22faf33201d2-SegmentedRaftLogWorker:Storage Directory /workdir/hadoop-ozone/integration-test/target/test-dir/MiniOzoneClusterImpl-e42735e1-9878-48e1-8bbd-267bfeafd40a/datanode-0/data/ratis/6bfd066f-8de3-4cf6-aaca-4b9ab3cf914b was interrupted, exiting. There are 0 tasks remaining in the queue.
2019-08-13 05:31:56,978 INFO  segmented.SegmentedRaftLogWorker (SegmentedRaftLogWorker.java:close(228)) - a48f97e9-45bb-45d3-b154-22faf33201d2-SegmentedRaftLogWorker:Storage Directory /workdir/hadoop-ozone/integration-test/target/test-dir/MiniOzoneClusterImpl-e42735e1-9878-48e1-8bbd-267bfeafd40a/datanode-0/data/ratis/6bfd066f-8de3-4cf6-aaca-4b9ab3cf914b close()
2019-08-13 05:31:56,983 INFO  server.GrpcService (GrpcService.java:closeImpl(155)) - a48f97e9-45bb-45d3-b154-22faf33201d2: shutdown server with port 44567 now
2019-08-13 05:31:56,990 INFO  server.GrpcService (GrpcService.java:closeImpl(163)) - a48f97e9-45bb-45d3-b154-22faf33201d2: shutdown server with port 44567 successfully
2019-08-13 05:31:56,991 WARN  server.GrpcServerProtocolService (LogUtils.java:warn(134)) - a48f97e9-45bb-45d3-b154-22faf33201d2: appendEntries onError: org.apache.ratis.thirdparty.io.grpc.StatusRuntimeException: CANCELLED: cancelled before receiving half close
2019-08-13 05:31:56,992 INFO  utils.BackgroundService (BackgroundService.java:shutdown(148)) - Shutting down service BlockDeletingService
2019-08-13 05:31:56,994 WARN  fs.CachingGetSpaceUsed (CachingGetSpaceUsed.java:run(183)) - Thread Interrupted waiting to refresh disk information: sleep interrupted
2019-08-13 05:31:56,994 WARN  server.GrpcLogAppender (LogUtils.java:warn(134)) - e2e36fa5-3716-44ec-b250-0958757b8e0d->a48f97e9-45bb-45d3-b154-22faf33201d2: Failed appendEntries: org.apache.ratis.thirdparty.io.grpc.StatusRuntimeException: CANCELLED: HTTP/2 error code: CANCEL
Received Rst Stream
2019-08-13 05:31:56,999 INFO  impl.FollowerInfo (FollowerInfo.java:lambda$new$0(50)) - e2e36fa5-3716-44ec-b250-0958757b8e0d->a48f97e9-45bb-45d3-b154-22faf33201d2: nextIndex: updateUnconditionally 17 -> 16
2019-08-13 05:31:57,021 INFO  statemachine.DatanodeStateMachine (DatanodeStateMachine.java:stopDaemon(395)) - Ozone container server stopped.
2019-08-13 05:31:57,025 INFO  handler.ContextHandler (ContextHandler.java:doStop(910)) - Stopped o.e.j.w.WebAppContext@1bc0d349{/,null,UNAVAILABLE}{/hddsDatanode}
2019-08-13 05:31:57,032 INFO  server.AbstractConnector (AbstractConnector.java:doStop(318)) - Stopped ServerConnector@644ded04{HTTP/1.1,[http/1.1]}{0.0.0.0:0}
2019-08-13 05:31:57,032 INFO  handler.ContextHandler (ContextHandler.java:doStop(910)) - Stopped o.e.j.s.ServletContextHandler@1a865273{/static,jar:file:/home/user/.m2/repository/org/apache/hadoop/hadoop-hdds-container-service/0.5.0-SNAPSHOT/hadoop-hdds-container-service-0.5.0-SNAPSHOT.jar!/webapps/static,UNAVAILABLE}
2019-08-13 05:31:57,033 INFO  handler.ContextHandler (ContextHandler.java:doStop(910)) - Stopped o.e.j.s.ServletContextHandler@312b34e3{/logs,file:///workdir/hadoop-ozone/integration-test/target/log,UNAVAILABLE}
2019-08-13 05:31:57,034 INFO  datanode.ObjectStoreHandler (ObjectStoreHandler.java:close(155)) - Closing ObjectStoreHandler.
2019-08-13 05:31:57,035 INFO  ozone.HddsDatanodeService (HddsDatanodeService.java:stop(451)) - Stopped plug-in org.apache.hadoop.ozone.web.OzoneHddsDatanodeService@508ad266
2019-08-13 05:31:57,693 INFO  statemachine.DatanodeStateMachine (DatanodeStateMachine.java:lambda$startDaemon$0(350)) - Ozone container server started.
2019-08-13 05:31:58,659 WARN  server.GrpcLogAppender (LogUtils.java:warn(134)) - e2e36fa5-3716-44ec-b250-0958757b8e0d->a48f97e9-45bb-45d3-b154-22faf33201d2: Failed appendEntries: org.apache.ratis.thirdparty.io.grpc.StatusRuntimeException: UNAVAILABLE: io exception
2019-08-13 05:31:58,662 INFO  impl.FollowerInfo (FollowerInfo.java:lambda$new$0(50)) - e2e36fa5-3716-44ec-b250-0958757b8e0d->a48f97e9-45bb-45d3-b154-22faf33201d2: nextIndex: updateUnconditionally 17 -> 16
2019-08-13 05:31:58,672 WARN  server.GrpcLogAppender (LogUtils.java:warn(134)) - e2e36fa5-3716-44ec-b250-0958757b8e0d->a48f97e9-45bb-45d3-b154-22faf33201d2: Failed appendEntries: org.apache.ratis.thirdparty.io.grpc.StatusRuntimeException: UNAVAILABLE: io exception
2019-08-13 05:31:58,676 INFO  impl.FollowerInfo (FollowerInfo.java:lambda$new$0(50)) - e2e36fa5-3716-44ec-b250-0958757b8e0d->a48f97e9-45bb-45d3-b154-22faf33201d2: nextIndex: updateUnconditionally 17 -> 16
2019-08-13 05:31:58,683 INFO  interfaces.Container (KeyValueContainer.java:compactDB(356)) - Container 1 is closed with bcsId 14.
2019-08-13 05:31:58,689 INFO  container.IncrementalContainerReportHandler (AbstractContainerReportHandler.java:updateContainerState(176)) - Moving container #1 to CLOSED state, datanode e2e36fa5-3716-44ec-b250-0958757b8e0d{ip: 192.168.5.174, host: trunk-nightly-m7jb8-1436528744, networkLocation: /default-rack, certSerialId: null} reported CLOSED replica.
2019-08-13 05:31:58,696 INFO  interfaces.Container (KeyValueContainer.java:compactDB(356)) - Container 1 is closed with bcsId 14.
2019-08-13 05:32:01,177 WARN  server.GrpcLogAppender (LogUtils.java:warn(134)) - e2e36fa5-3716-44ec-b250-0958757b8e0d->a48f97e9-45bb-45d3-b154-22faf33201d2: Failed appendEntries: org.apache.ratis.thirdparty.io.grpc.StatusRuntimeException: UNAVAILABLE: io exception
2019-08-13 05:32:01,180 INFO  impl.FollowerInfo (FollowerInfo.java:lambda$new$0(50)) - e2e36fa5-3716-44ec-b250-0958757b8e0d->a48f97e9-45bb-45d3-b154-22faf33201d2: nextIndex: updateUnconditionally 16 -> 15
2019-08-13 05:32:01,787 INFO  node.StaleNodeHandler (StaleNodeHandler.java:onMessage(58)) - Datanode 8c7a36a9-a535-490d-b255-053094593b17{ip: 192.168.5.174, host: trunk-nightly-m7jb8-1436528744, networkLocation: /default-rack, certSerialId: null} moved to stale state. Finalizing its pipelines [PipelineID=6bfd066f-8de3-4cf6-aaca-4b9ab3cf914b, PipelineID=7b0bf214-0462-4aa6-99b5-3047a00a2ece]
2019-08-13 05:32:01,787 INFO  pipeline.SCMPipelineManager (SCMPipelineManager.java:finalizeAndDestroyPipeline(309)) - destroying pipeline:Pipeline[ Id: 6bfd066f-8de3-4cf6-aaca-4b9ab3cf914b, Nodes: a48f97e9-45bb-45d3-b154-22faf33201d2{ip: 192.168.5.174, host: trunk-nightly-m7jb8-1436528744, networkLocation: /default-rack, certSerialId: null}8c7a36a9-a535-490d-b255-053094593b17{ip: 192.168.5.174, host: trunk-nightly-m7jb8-1436528744, networkLocation: /default-rack, certSerialId: null}e2e36fa5-3716-44ec-b250-0958757b8e0d{ip: 192.168.5.174, host: trunk-nightly-m7jb8-1436528744, networkLocation: /default-rack, certSerialId: null}, Type:RATIS, Factor:THREE, State:CLOSED]
2019-08-13 05:32:01,787 INFO  pipeline.SCMPipelineManager (SCMPipelineManager.java:finalizeAndDestroyPipeline(309)) - destroying pipeline:Pipeline[ Id: 7b0bf214-0462-4aa6-99b5-3047a00a2ece, Nodes: 8c7a36a9-a535-490d-b255-053094593b17{ip: 192.168.5.174, host: trunk-nightly-m7jb8-1436528744, networkLocation: /default-rack, certSerialId: null}, Type:RATIS, Factor:ONE, State:OPEN]
2019-08-13 05:32:01,788 INFO  pipeline.PipelineStateManager (PipelineStateManager.java:finalizePipeline(123)) - Pipeline Pipeline[ Id: 7b0bf214-0462-4aa6-99b5-3047a00a2ece, Nodes: 8c7a36a9-a535-490d-b255-053094593b17{ip: 192.168.5.174, host: trunk-nightly-m7jb8-1436528744, networkLocation: /default-rack, certSerialId: null}, Type:RATIS, Factor:ONE, State:CLOSED] moved to CLOSED state
2019-08-13 05:32:02,036 INFO  ozoneimpl.OzoneContainer (OzoneContainer.java:stop(199)) - Attempting to stop container services.
2019-08-13 05:32:02,040 INFO  impl.RaftServerProxy (RaftServerProxy.java:lambda$close$4(314)) - 8c7a36a9-a535-490d-b255-053094593b17: close
2019-08-13 05:32:02,040 INFO  impl.RaftServerImpl (RaftServerImpl.java:lambda$shutdown$3(245)) - 8c7a36a9-a535-490d-b255-053094593b17: shutdown group-4B9AB3CF914B
2019-08-13 05:32:02,040 INFO  impl.RaftServerImpl (RaftServerImpl.java:lambda$shutdown$3(245)) - 8c7a36a9-a535-490d-b255-053094593b17: shutdown group-3047A00A2ECE
2019-08-13 05:32:02,041 INFO  util.JmxRegister (JmxRegister.java:unregister(73)) - Successfully un-registered JMX Bean with object name Ratis:service=RaftServer,group=group-4B9AB3CF914B,id=8c7a36a9-a535-490d-b255-053094593b17
2019-08-13 05:32:02,041 INFO  util.JmxRegister (JmxRegister.java:unregister(73)) - Successfully un-registered JMX Bean with object name Ratis:service=RaftServer,group=group-3047A00A2ECE,id=8c7a36a9-a535-490d-b255-053094593b17
2019-08-13 05:32:02,041 INFO  impl.RoleInfo (RoleInfo.java:shutdownFollowerState(121)) - 8c7a36a9-a535-490d-b255-053094593b17: shutdown FollowerState
2019-08-13 05:32:02,042 INFO  impl.RoleInfo (RoleInfo.java:shutdownLeaderState(104)) - 8c7a36a9-a535-490d-b255-053094593b17: shutdown LeaderState
2019-08-13 05:32:02,042 INFO  impl.FollowerState (FollowerState.java:run(114)) - 8c7a36a9-a535-490d-b255-053094593b17: FollowerState was interrupted: java.lang.InterruptedException: sleep interrupted
2019-08-13 05:32:02,042 INFO  impl.StateMachineUpdater (StateMachineUpdater.java:stopAndJoin(115)) - StateMachineUpdater:8c7a36a9-a535-490d-b255-053094593b17:group-4B9AB3CF914B: set stopIndex = 18
2019-08-13 05:32:02,042 INFO  impl.PendingRequests (PendingRequests.java:sendNotLeaderResponses(202)) - 8c7a36a9-a535-490d-b255-053094593b17-PendingRequests: sendNotLeaderResponses
2019-08-13 05:32:02,042 INFO  ratis.ContainerStateMachine (ContainerStateMachine.java:takeSnapshot(271)) - group-4B9AB3CF914B: Taking a snapshot at:(t:1, i:17) file /workdir/hadoop-ozone/integration-test/target/test-dir/MiniOzoneClusterImpl-e42735e1-9878-48e1-8bbd-267bfeafd40a/datanode-3/data/ratis/6bfd066f-8de3-4cf6-aaca-4b9ab3cf914b/sm/snapshot.1_17
2019-08-13 05:32:02,047 INFO  impl.StateMachineUpdater (StateMachineUpdater.java:stopAndJoin(115)) - StateMachineUpdater:8c7a36a9-a535-490d-b255-053094593b17:group-3047A00A2ECE: set stopIndex = 0
2019-08-13 05:32:02,049 INFO  impl.RaftServerImpl (ServerState.java:close(394)) - 8c7a36a9-a535-490d-b255-053094593b17:group-3047A00A2ECE closes. The last applied log index is 0
2019-08-13 05:32:02,050 INFO  segmented.SegmentedRaftLogWorker (SegmentedRaftLogWorker.java:run(313)) - 8c7a36a9-a535-490d-b255-053094593b17-SegmentedRaftLogWorker:Storage Directory /workdir/hadoop-ozone/integration-test/target/test-dir/MiniOzoneClusterImpl-e42735e1-9878-48e1-8bbd-267bfeafd40a/datanode-3/data/ratis/7b0bf214-0462-4aa6-99b5-3047a00a2ece was interrupted, exiting. There are 0 tasks remaining in the queue.
2019-08-13 05:32:02,052 INFO  segmented.SegmentedRaftLogWorker (SegmentedRaftLogWorker.java:close(228)) - 8c7a36a9-a535-490d-b255-053094593b17-SegmentedRaftLogWorker:Storage Directory /workdir/hadoop-ozone/integration-test/target/test-dir/MiniOzoneClusterImpl-e42735e1-9878-48e1-8bbd-267bfeafd40a/datanode-3/data/ratis/7b0bf214-0462-4aa6-99b5-3047a00a2ece close()
2019-08-13 05:32:02,056 INFO  ratis.ContainerStateMachine (ContainerStateMachine.java:takeSnapshot(282)) - group-4B9AB3CF914B: Finished taking a snapshot at:(t:1, i:17) file:/workdir/hadoop-ozone/integration-test/target/test-dir/MiniOzoneClusterImpl-e42735e1-9878-48e1-8bbd-267bfeafd40a/datanode-3/data/ratis/6bfd066f-8de3-4cf6-aaca-4b9ab3cf914b/sm/snapshot.1_17 time:14
2019-08-13 05:32:02,056 INFO  impl.StateMachineUpdater (StateMachineUpdater.java:takeSnapshot(242)) - StateMachineUpdater:8c7a36a9-a535-490d-b255-053094593b17:group-4B9AB3CF914B: Took a snapshot at index 17
2019-08-13 05:32:02,057 INFO  impl.StateMachineUpdater (StateMachineUpdater.java:lambda$new$0(80)) - StateMachineUpdater:8c7a36a9-a535-490d-b255-053094593b17:group-4B9AB3CF914B: snapshotIndex: updateIncreasingly -1 -> 17
2019-08-13 05:32:02,057 INFO  impl.RaftServerImpl (ServerState.java:close(394)) - 8c7a36a9-a535-490d-b255-053094593b17:group-4B9AB3CF914B closes. The last applied log index is 18
2019-08-13 05:32:02,058 INFO  segmented.SegmentedRaftLogWorker (SegmentedRaftLogWorker.java:run(313)) - 8c7a36a9-a535-490d-b255-053094593b17-SegmentedRaftLogWorker:Storage Directory /workdir/hadoop-ozone/integration-test/target/test-dir/MiniOzoneClusterImpl-e42735e1-9878-48e1-8bbd-267bfeafd40a/datanode-3/data/ratis/6bfd066f-8de3-4cf6-aaca-4b9ab3cf914b was interrupted, exiting. There are 0 tasks remaining in the queue.
2019-08-13 05:32:02,059 INFO  segmented.SegmentedRaftLogWorker (SegmentedRaftLogWorker.java:close(228)) - 8c7a36a9-a535-490d-b255-053094593b17-SegmentedRaftLogWorker:Storage Directory /workdir/hadoop-ozone/integration-test/target/test-dir/MiniOzoneClusterImpl-e42735e1-9878-48e1-8bbd-267bfeafd40a/datanode-3/data/ratis/6bfd066f-8de3-4cf6-aaca-4b9ab3cf914b close()
2019-08-13 05:32:02,064 INFO  server.GrpcService (GrpcService.java:closeImpl(155)) - 8c7a36a9-a535-490d-b255-053094593b17: shutdown server with port 37434 now
2019-08-13 05:32:02,067 WARN  server.GrpcServerProtocolService (LogUtils.java:warn(134)) - 8c7a36a9-a535-490d-b255-053094593b17: appendEntries onError: org.apache.ratis.thirdparty.io.grpc.StatusRuntimeException: CANCELLED: cancelled before receiving half close
2019-08-13 05:32:02,067 INFO  server.GrpcService (GrpcService.java:closeImpl(163)) - 8c7a36a9-a535-490d-b255-053094593b17: shutdown server with port 37434 successfully
2019-08-13 05:32:02,067 WARN  server.GrpcLogAppender (LogUtils.java:warn(134)) - e2e36fa5-3716-44ec-b250-0958757b8e0d->8c7a36a9-a535-490d-b255-053094593b17: Failed appendEntries: org.apache.ratis.thirdparty.io.grpc.StatusRuntimeException: CANCELLED: HTTP/2 error code: CANCEL
Received Rst Stream
2019-08-13 05:32:02,069 INFO  impl.FollowerInfo (FollowerInfo.java:lambda$new$0(50)) - e2e36fa5-3716-44ec-b250-0958757b8e0d->8c7a36a9-a535-490d-b255-053094593b17: nextIndex: updateUnconditionally 19 -> 18
2019-08-13 05:32:02,070 INFO  utils.BackgroundService (BackgroundService.java:shutdown(148)) - Shutting down service BlockDeletingService
2019-08-13 05:32:02,071 WARN  fs.CachingGetSpaceUsed (CachingGetSpaceUsed.java:run(183)) - Thread Interrupted waiting to refresh disk information: sleep interrupted
2019-08-13 05:32:02,097 INFO  statemachine.DatanodeStateMachine (DatanodeStateMachine.java:stopDaemon(395)) - Ozone container server stopped.
2019-08-13 05:32:02,099 INFO  handler.ContextHandler (ContextHandler.java:doStop(910)) - Stopped o.e.j.w.WebAppContext@5d1d9d73{/,null,UNAVAILABLE}{/hddsDatanode}
2019-08-13 05:32:02,099 INFO  server.AbstractConnector (AbstractConnector.java:doStop(318)) - Stopped ServerConnector@b30a50d{HTTP/1.1,[http/1.1]}{0.0.0.0:0}
2019-08-13 05:32:02,100 INFO  handler.ContextHandler (ContextHandler.java:doStop(910)) - Stopped o.e.j.s.ServletContextHandler@58a765ce{/static,jar:file:/home/user/.m2/repository/org/apache/hadoop/hadoop-hdds-container-service/0.5.0-SNAPSHOT/hadoop-hdds-container-service-0.5.0-SNAPSHOT.jar!/webapps/static,UNAVAILABLE}
2019-08-13 05:32:02,100 INFO  handler.ContextHandler (ContextHandler.java:doStop(910)) - Stopped o.e.j.s.ServletContextHandler@3b435211{/logs,file:///workdir/hadoop-ozone/integration-test/target/log,UNAVAILABLE}
05:32:02.106 [grpc-default-executor-1] ERROR DNAudit - user=null | ip=null | op=WRITE_CHUNK {blockData=conID: 1 locID: 102608031396593665 bcsId: 14} | ret=FAILURE
org.apache.hadoop.hdds.scm.container.common.helpers.ContainerNotOpenException: Container 1 in CLOSED state
	at org.apache.hadoop.ozone.container.common.impl.HddsDispatcher.validateContainerCommand(HddsDispatcher.java:408) ~[hadoop-hdds-container-service-0.5.0-SNAPSHOT.jar:?]
	at org.apache.hadoop.ozone.container.common.transport.server.ratis.ContainerStateMachine.startTransaction(ContainerStateMachine.java:297) ~[hadoop-hdds-container-service-0.5.0-SNAPSHOT.jar:?]
	at org.apache.ratis.server.impl.RaftServerImpl.submitClientRequestAsync(RaftServerImpl.java:566) ~[ratis-server-0.4.0-2337318-SNAPSHOT.jar:0.4.0-2337318-SNAPSHOT]
	at org.apache.ratis.server.impl.RaftServerProxy.lambda$submitClientRequestAsync$7(RaftServerProxy.java:333) ~[ratis-server-0.4.0-2337318-SNAPSHOT.jar:0.4.0-2337318-SNAPSHOT]
	at org.apache.ratis.server.impl.RaftServerProxy.lambda$null$5(RaftServerProxy.java:328) ~[ratis-server-0.4.0-2337318-SNAPSHOT.jar:0.4.0-2337318-SNAPSHOT]
	at org.apache.ratis.util.JavaUtils.callAsUnchecked(JavaUtils.java:109) ~[ratis-common-0.4.0-2337318-SNAPSHOT.jar:0.4.0-2337318-SNAPSHOT]
	at org.apache.ratis.server.impl.RaftServerProxy.lambda$submitRequest$6(RaftServerProxy.java:328) ~[ratis-server-0.4.0-2337318-SNAPSHOT.jar:0.4.0-2337318-SNAPSHOT]
	at java.util.concurrent.CompletableFuture.uniComposeStage(CompletableFuture.java:981) ~[?:1.8.0_212]
	at java.util.concurrent.CompletableFuture.thenCompose(CompletableFuture.java:2124) ~[?:1.8.0_212]
	at org.apache.ratis.server.impl.RaftServerProxy.submitRequest(RaftServerProxy.java:327) ~[ratis-server-0.4.0-2337318-SNAPSHOT.jar:0.4.0-2337318-SNAPSHOT]
	at org.apache.ratis.server.impl.RaftServerProxy.submitClientRequestAsync(RaftServerProxy.java:333) ~[ratis-server-0.4.0-2337318-SNAPSHOT.jar:0.4.0-2337318-SNAPSHOT]
	at org.apache.ratis.grpc.client.GrpcClientProtocolService$RequestStreamObserver.processClientRequest(GrpcClientProtocolService.java:220) ~[ratis-grpc-0.4.0-2337318-SNAPSHOT.jar:0.4.0-2337318-SNAPSHOT]
	at org.apache.ratis.grpc.client.GrpcClientProtocolService$OrderedRequestStreamObserver.processClientRequest(GrpcClientProtocolService.java:326) ~[ratis-grpc-0.4.0-2337318-SNAPSHOT.jar:0.4.0-2337318-SNAPSHOT]
	at org.apache.ratis.util.SlidingWindow$Server.processRequestsFromHead(SlidingWindow.java:429) [ratis-common-0.4.0-2337318-SNAPSHOT.jar:0.4.0-2337318-SNAPSHOT]
	at org.apache.ratis.util.SlidingWindow$Server.receivedRequest(SlidingWindow.java:421) [ratis-common-0.4.0-2337318-SNAPSHOT.jar:0.4.0-2337318-SNAPSHOT]
	at org.apache.ratis.grpc.client.GrpcClientProtocolService$OrderedRequestStreamObserver.processClientRequest(GrpcClientProtocolService.java:345) [ratis-grpc-0.4.0-2337318-SNAPSHOT.jar:0.4.0-2337318-SNAPSHOT]
	at org.apache.ratis.grpc.client.GrpcClientProtocolService$RequestStreamObserver.onNext(GrpcClientProtocolService.java:240) [ratis-grpc-0.4.0-2337318-SNAPSHOT.jar:0.4.0-2337318-SNAPSHOT]
	at org.apache.ratis.grpc.client.GrpcClientProtocolService$RequestStreamObserver.onNext(GrpcClientProtocolService.java:168) [ratis-grpc-0.4.0-2337318-SNAPSHOT.jar:0.4.0-2337318-SNAPSHOT]
	at org.apache.ratis.thirdparty.io.grpc.stub.ServerCalls$StreamingServerCallHandler$StreamingServerCallListener.onMessage(ServerCalls.java:248) [ratis-thirdparty-misc-0.2.0.jar:0.2.0]
	at org.apache.ratis.thirdparty.io.grpc.internal.ServerCallImpl$ServerStreamListenerImpl.messagesAvailable(ServerCallImpl.java:263) [ratis-thirdparty-misc-0.2.0.jar:0.2.0]
	at org.apache.ratis.thirdparty.io.grpc.internal.ServerImpl$JumpToApplicationThreadServerStreamListener$1MessagesAvailable.runInContext(ServerImpl.java:686) [ratis-thirdparty-misc-0.2.0.jar:0.2.0]
	at org.apache.ratis.thirdparty.io.grpc.internal.ContextRunnable.run(ContextRunnable.java:37) [ratis-thirdparty-misc-0.2.0.jar:0.2.0]
	at org.apache.ratis.thirdparty.io.grpc.internal.SerializingExecutor.run(SerializingExecutor.java:123) [ratis-thirdparty-misc-0.2.0.jar:0.2.0]
	at java.util.concurrent.ThreadPoolExecutor.runWorker(ThreadPoolExecutor.java:1149) [?:1.8.0_212]
	at java.util.concurrent.ThreadPoolExecutor$Worker.run(ThreadPoolExecutor.java:624) [?:1.8.0_212]
	at java.lang.Thread.run(Thread.java:748) [?:1.8.0_212]
05:32:02.143 [grpc-default-executor-1] ERROR DNAudit - user=null | ip=null | op=WRITE_CHUNK {blockData=conID: 1 locID: 102608031396593665 bcsId: 14} | ret=FAILURE
org.apache.hadoop.hdds.scm.container.common.helpers.ContainerNotOpenException: Container 1 in CLOSED state
	at org.apache.hadoop.ozone.container.common.impl.HddsDispatcher.validateContainerCommand(HddsDispatcher.java:408) ~[hadoop-hdds-container-service-0.5.0-SNAPSHOT.jar:?]
	at org.apache.hadoop.ozone.container.common.transport.server.ratis.ContainerStateMachine.startTransaction(ContainerStateMachine.java:297) ~[hadoop-hdds-container-service-0.5.0-SNAPSHOT.jar:?]
	at org.apache.ratis.server.impl.RaftServerImpl.submitClientRequestAsync(RaftServerImpl.java:566) ~[ratis-server-0.4.0-2337318-SNAPSHOT.jar:0.4.0-2337318-SNAPSHOT]
	at org.apache.ratis.server.impl.RaftServerProxy.lambda$submitClientRequestAsync$7(RaftServerProxy.java:333) ~[ratis-server-0.4.0-2337318-SNAPSHOT.jar:0.4.0-2337318-SNAPSHOT]
	at org.apache.ratis.server.impl.RaftServerProxy.lambda$null$5(RaftServerProxy.java:328) ~[ratis-server-0.4.0-2337318-SNAPSHOT.jar:0.4.0-2337318-SNAPSHOT]
	at org.apache.ratis.util.JavaUtils.callAsUnchecked(JavaUtils.java:109) ~[ratis-common-0.4.0-2337318-SNAPSHOT.jar:0.4.0-2337318-SNAPSHOT]
	at org.apache.ratis.server.impl.RaftServerProxy.lambda$submitRequest$6(RaftServerProxy.java:328) ~[ratis-server-0.4.0-2337318-SNAPSHOT.jar:0.4.0-2337318-SNAPSHOT]
	at java.util.concurrent.CompletableFuture.uniComposeStage(CompletableFuture.java:981) ~[?:1.8.0_212]
	at java.util.concurrent.CompletableFuture.thenCompose(CompletableFuture.java:2124) ~[?:1.8.0_212]
	at org.apache.ratis.server.impl.RaftServerProxy.submitRequest(RaftServerProxy.java:327) ~[ratis-server-0.4.0-2337318-SNAPSHOT.jar:0.4.0-2337318-SNAPSHOT]
	at org.apache.ratis.server.impl.RaftServerProxy.submitClientRequestAsync(RaftServerProxy.java:333) ~[ratis-server-0.4.0-2337318-SNAPSHOT.jar:0.4.0-2337318-SNAPSHOT]
	at org.apache.ratis.grpc.client.GrpcClientProtocolService$RequestStreamObserver.processClientRequest(GrpcClientProtocolService.java:220) ~[ratis-grpc-0.4.0-2337318-SNAPSHOT.jar:0.4.0-2337318-SNAPSHOT]
	at org.apache.ratis.grpc.client.GrpcClientProtocolService$OrderedRequestStreamObserver.processClientRequest(GrpcClientProtocolService.java:326) ~[ratis-grpc-0.4.0-2337318-SNAPSHOT.jar:0.4.0-2337318-SNAPSHOT]
	at org.apache.ratis.util.SlidingWindow$Server.processRequestsFromHead(SlidingWindow.java:429) [ratis-common-0.4.0-2337318-SNAPSHOT.jar:0.4.0-2337318-SNAPSHOT]
	at org.apache.ratis.util.SlidingWindow$Server.receivedRequest(SlidingWindow.java:421) [ratis-common-0.4.0-2337318-SNAPSHOT.jar:0.4.0-2337318-SNAPSHOT]
	at org.apache.ratis.grpc.client.GrpcClientProtocolService$OrderedRequestStreamObserver.processClientRequest(GrpcClientProtocolService.java:345) [ratis-grpc-0.4.0-2337318-SNAPSHOT.jar:0.4.0-2337318-SNAPSHOT]
	at org.apache.ratis.grpc.client.GrpcClientProtocolService$RequestStreamObserver.onNext(GrpcClientProtocolService.java:240) [ratis-grpc-0.4.0-2337318-SNAPSHOT.jar:0.4.0-2337318-SNAPSHOT]
	at org.apache.ratis.grpc.client.GrpcClientProtocolService$RequestStreamObserver.onNext(GrpcClientProtocolService.java:168) [ratis-grpc-0.4.0-2337318-SNAPSHOT.jar:0.4.0-2337318-SNAPSHOT]
	at org.apache.ratis.thirdparty.io.grpc.stub.ServerCalls$StreamingServerCallHandler$StreamingServerCallListener.onMessage(ServerCalls.java:248) [ratis-thirdparty-misc-0.2.0.jar:0.2.0]
	at org.apache.ratis.thirdparty.io.grpc.internal.ServerCallImpl$ServerStreamListenerImpl.messagesAvailable(ServerCallImpl.java:263) [ratis-thirdparty-misc-0.2.0.jar:0.2.0]
	at org.apache.ratis.thirdparty.io.grpc.internal.ServerImpl$JumpToApplicationThreadServerStreamListener$1MessagesAvailable.runInContext(ServerImpl.java:686) [ratis-thirdparty-misc-0.2.0.jar:0.2.0]
	at org.apache.ratis.thirdparty.io.grpc.internal.ContextRunnable.run(ContextRunnable.java:37) [ratis-thirdparty-misc-0.2.0.jar:0.2.0]
	at org.apache.ratis.thirdparty.io.grpc.internal.SerializingExecutor.run(SerializingExecutor.java:123) [ratis-thirdparty-misc-0.2.0.jar:0.2.0]
	at java.util.concurrent.ThreadPoolExecutor.runWorker(ThreadPoolExecutor.java:1149) [?:1.8.0_212]
	at java.util.concurrent.ThreadPoolExecutor$Worker.run(ThreadPoolExecutor.java:624) [?:1.8.0_212]
	at java.lang.Thread.run(Thread.java:748) [?:1.8.0_212]
05:32:02.150 [grpc-default-executor-1] ERROR DNAudit - user=null | ip=null | op=PUT_BLOCK {blockData=[blockId=conID: 1 locID: 102608031396593665 bcsId: 0,size=650]} | ret=FAILURE
org.apache.hadoop.hdds.scm.container.common.helpers.ContainerNotOpenException: Container 1 in CLOSED state
	at org.apache.hadoop.ozone.container.common.impl.HddsDispatcher.validateContainerCommand(HddsDispatcher.java:408) ~[hadoop-hdds-container-service-0.5.0-SNAPSHOT.jar:?]
	at org.apache.hadoop.ozone.container.common.transport.server.ratis.ContainerStateMachine.startTransaction(ContainerStateMachine.java:297) ~[hadoop-hdds-container-service-0.5.0-SNAPSHOT.jar:?]
	at org.apache.ratis.server.impl.RaftServerImpl.submitClientRequestAsync(RaftServerImpl.java:566) ~[ratis-server-0.4.0-2337318-SNAPSHOT.jar:0.4.0-2337318-SNAPSHOT]
	at org.apache.ratis.server.impl.RaftServerProxy.lambda$submitClientRequestAsync$7(RaftServerProxy.java:333) ~[ratis-server-0.4.0-2337318-SNAPSHOT.jar:0.4.0-2337318-SNAPSHOT]
	at org.apache.ratis.server.impl.RaftServerProxy.lambda$null$5(RaftServerProxy.java:328) ~[ratis-server-0.4.0-2337318-SNAPSHOT.jar:0.4.0-2337318-SNAPSHOT]
	at org.apache.ratis.util.JavaUtils.callAsUnchecked(JavaUtils.java:109) ~[ratis-common-0.4.0-2337318-SNAPSHOT.jar:0.4.0-2337318-SNAPSHOT]
	at org.apache.ratis.server.impl.RaftServerProxy.lambda$submitRequest$6(RaftServerProxy.java:328) ~[ratis-server-0.4.0-2337318-SNAPSHOT.jar:0.4.0-2337318-SNAPSHOT]
	at java.util.concurrent.CompletableFuture.uniComposeStage(CompletableFuture.java:981) ~[?:1.8.0_212]
	at java.util.concurrent.CompletableFuture.thenCompose(CompletableFuture.java:2124) ~[?:1.8.0_212]
	at org.apache.ratis.server.impl.RaftServerProxy.submitRequest(RaftServerProxy.java:327) ~[ratis-server-0.4.0-2337318-SNAPSHOT.jar:0.4.0-2337318-SNAPSHOT]
	at org.apache.ratis.server.impl.RaftServerProxy.submitClientRequestAsync(RaftServerProxy.java:333) ~[ratis-server-0.4.0-2337318-SNAPSHOT.jar:0.4.0-2337318-SNAPSHOT]
	at org.apache.ratis.grpc.client.GrpcClientProtocolService$RequestStreamObserver.processClientRequest(GrpcClientProtocolService.java:220) ~[ratis-grpc-0.4.0-2337318-SNAPSHOT.jar:0.4.0-2337318-SNAPSHOT]
	at org.apache.ratis.grpc.client.GrpcClientProtocolService$OrderedRequestStreamObserver.processClientRequest(GrpcClientProtocolService.java:326) ~[ratis-grpc-0.4.0-2337318-SNAPSHOT.jar:0.4.0-2337318-SNAPSHOT]
	at org.apache.ratis.util.SlidingWindow$Server.processRequestsFromHead(SlidingWindow.java:429) [ratis-common-0.4.0-2337318-SNAPSHOT.jar:0.4.0-2337318-SNAPSHOT]
	at org.apache.ratis.util.SlidingWindow$Server.receivedRequest(SlidingWindow.java:421) [ratis-common-0.4.0-2337318-SNAPSHOT.jar:0.4.0-2337318-SNAPSHOT]
	at org.apache.ratis.grpc.client.GrpcClientProtocolService$OrderedRequestStreamObserver.processClientRequest(GrpcClientProtocolService.java:345) [ratis-grpc-0.4.0-2337318-SNAPSHOT.jar:0.4.0-2337318-SNAPSHOT]
	at org.apache.ratis.grpc.client.GrpcClientProtocolService$RequestStreamObserver.onNext(GrpcClientProtocolService.java:240) [ratis-grpc-0.4.0-2337318-SNAPSHOT.jar:0.4.0-2337318-SNAPSHOT]
	at org.apache.ratis.grpc.client.GrpcClientProtocolService$RequestStreamObserver.onNext(GrpcClientProtocolService.java:168) [ratis-grpc-0.4.0-2337318-SNAPSHOT.jar:0.4.0-2337318-SNAPSHOT]
	at org.apache.ratis.thirdparty.io.grpc.stub.ServerCalls$StreamingServerCallHandler$StreamingServerCallListener.onMessage(ServerCalls.java:248) [ratis-thirdparty-misc-0.2.0.jar:0.2.0]
	at org.apache.ratis.thirdparty.io.grpc.internal.ServerCallImpl$ServerStreamListenerImpl.messagesAvailable(ServerCallImpl.java:263) [ratis-thirdparty-misc-0.2.0.jar:0.2.0]
	at org.apache.ratis.thirdparty.io.grpc.internal.ServerImpl$JumpToApplicationThreadServerStreamListener$1MessagesAvailable.runInContext(ServerImpl.java:686) [ratis-thirdparty-misc-0.2.0.jar:0.2.0]
	at org.apache.ratis.thirdparty.io.grpc.internal.ContextRunnable.run(ContextRunnable.java:37) [ratis-thirdparty-misc-0.2.0.jar:0.2.0]
	at org.apache.ratis.thirdparty.io.grpc.internal.SerializingExecutor.run(SerializingExecutor.java:123) [ratis-thirdparty-misc-0.2.0.jar:0.2.0]
	at java.util.concurrent.ThreadPoolExecutor.runWorker(ThreadPoolExecutor.java:1149) [?:1.8.0_212]
	at java.util.concurrent.ThreadPoolExecutor$Worker.run(ThreadPoolExecutor.java:624) [?:1.8.0_212]
	at java.lang.Thread.run(Thread.java:748) [?:1.8.0_212]
2019-08-13 05:32:02,155 INFO  client.GrpcClientProtocolClient (GrpcClientProtocolClient.java:onNext(255)) - client-C663BB983247->e2e36fa5-3716-44ec-b250-0958757b8e0d: receive RaftClientReply:client-C663BB983247->e2e36fa5-3716-44ec-b250-0958757b8e0d@group-4B9AB3CF914B, cid=22, FAILED org.apache.ratis.protocol.StateMachineException: org.apache.hadoop.hdds.scm.container.common.helpers.ContainerNotOpenException from Server e2e36fa5-3716-44ec-b250-0958757b8e0d: Container 1 in CLOSED state, logIndex=0, commits[e2e36fa5-3716-44ec-b250-0958757b8e0d:c18, a48f97e9-45bb-45d3-b154-22faf33201d2:c16, 8c7a36a9-a535-490d-b255-053094593b17:c18]
05:32:02.155 [grpc-default-executor-1] ERROR DNAudit - user=null | ip=null | op=WRITE_CHUNK {blockData=conID: 1 locID: 102608031396593665 bcsId: 14} | ret=FAILURE
org.apache.hadoop.hdds.scm.container.common.helpers.ContainerNotOpenException: Container 1 in CLOSED state
	at org.apache.hadoop.ozone.container.common.impl.HddsDispatcher.validateContainerCommand(HddsDispatcher.java:408) ~[hadoop-hdds-container-service-0.5.0-SNAPSHOT.jar:?]
	at org.apache.hadoop.ozone.container.common.transport.server.ratis.ContainerStateMachine.startTransaction(ContainerStateMachine.java:297) ~[hadoop-hdds-container-service-0.5.0-SNAPSHOT.jar:?]
	at org.apache.ratis.server.impl.RaftServerImpl.submitClientRequestAsync(RaftServerImpl.java:566) ~[ratis-server-0.4.0-2337318-SNAPSHOT.jar:0.4.0-2337318-SNAPSHOT]
	at org.apache.ratis.server.impl.RaftServerProxy.lambda$submitClientRequestAsync$7(RaftServerProxy.java:333) ~[ratis-server-0.4.0-2337318-SNAPSHOT.jar:0.4.0-2337318-SNAPSHOT]
	at org.apache.ratis.server.impl.RaftServerProxy.lambda$null$5(RaftServerProxy.java:328) ~[ratis-server-0.4.0-2337318-SNAPSHOT.jar:0.4.0-2337318-SNAPSHOT]
	at org.apache.ratis.util.JavaUtils.callAsUnchecked(JavaUtils.java:109) ~[ratis-common-0.4.0-2337318-SNAPSHOT.jar:0.4.0-2337318-SNAPSHOT]
	at org.apache.ratis.server.impl.RaftServerProxy.lambda$submitRequest$6(RaftServerProxy.java:328) ~[ratis-server-0.4.0-2337318-SNAPSHOT.jar:0.4.0-2337318-SNAPSHOT]
	at java.util.concurrent.CompletableFuture.uniComposeStage(CompletableFuture.java:981) ~[?:1.8.0_212]
	at java.util.concurrent.CompletableFuture.thenCompose(CompletableFuture.java:2124) ~[?:1.8.0_212]
	at org.apache.ratis.server.impl.RaftServerProxy.submitRequest(RaftServerProxy.java:327) ~[ratis-server-0.4.0-2337318-SNAPSHOT.jar:0.4.0-2337318-SNAPSHOT]
	at org.apache.ratis.server.impl.RaftServerProxy.submitClientRequestAsync(RaftServerProxy.java:333) ~[ratis-server-0.4.0-2337318-SNAPSHOT.jar:0.4.0-2337318-SNAPSHOT]
	at org.apache.ratis.grpc.client.GrpcClientProtocolService$RequestStreamObserver.processClientRequest(GrpcClientProtocolService.java:220) ~[ratis-grpc-0.4.0-2337318-SNAPSHOT.jar:0.4.0-2337318-SNAPSHOT]
	at org.apache.ratis.grpc.client.GrpcClientProtocolService$OrderedRequestStreamObserver.processClientRequest(GrpcClientProtocolService.java:326) ~[ratis-grpc-0.4.0-2337318-SNAPSHOT.jar:0.4.0-2337318-SNAPSHOT]
	at org.apache.ratis.util.SlidingWindow$Server.processRequestsFromHead(SlidingWindow.java:429) [ratis-common-0.4.0-2337318-SNAPSHOT.jar:0.4.0-2337318-SNAPSHOT]
	at org.apache.ratis.util.SlidingWindow$Server.receivedRequest(SlidingWindow.java:421) [ratis-common-0.4.0-2337318-SNAPSHOT.jar:0.4.0-2337318-SNAPSHOT]
	at org.apache.ratis.grpc.client.GrpcClientProtocolService$OrderedRequestStreamObserver.processClientRequest(GrpcClientProtocolService.java:345) [ratis-grpc-0.4.0-2337318-SNAPSHOT.jar:0.4.0-2337318-SNAPSHOT]
	at org.apache.ratis.grpc.client.GrpcClientProtocolService$RequestStreamObserver.onNext(GrpcClientProtocolService.java:240) [ratis-grpc-0.4.0-2337318-SNAPSHOT.jar:0.4.0-2337318-SNAPSHOT]
	at org.apache.ratis.grpc.client.GrpcClientProtocolService$RequestStreamObserver.onNext(GrpcClientProtocolService.java:168) [ratis-grpc-0.4.0-2337318-SNAPSHOT.jar:0.4.0-2337318-SNAPSHOT]
	at org.apache.ratis.thirdparty.io.grpc.stub.ServerCalls$StreamingServerCallHandler$StreamingServerCallListener.onMessage(ServerCalls.java:248) [ratis-thirdparty-misc-0.2.0.jar:0.2.0]
	at org.apache.ratis.thirdparty.io.grpc.internal.ServerCallImpl$ServerStreamListenerImpl.messagesAvailable(ServerCallImpl.java:263) [ratis-thirdparty-misc-0.2.0.jar:0.2.0]
	at org.apache.ratis.thirdparty.io.grpc.internal.ServerImpl$JumpToApplicationThreadServerStreamListener$1MessagesAvailable.runInContext(ServerImpl.java:686) [ratis-thirdparty-misc-0.2.0.jar:0.2.0]
	at org.apache.ratis.thirdparty.io.grpc.internal.ContextRunnable.run(ContextRunnable.java:37) [ratis-thirdparty-misc-0.2.0.jar:0.2.0]
	at org.apache.ratis.thirdparty.io.grpc.internal.SerializingExecutor.run(SerializingExecutor.java:123) [ratis-thirdparty-misc-0.2.0.jar:0.2.0]
	at java.util.concurrent.ThreadPoolExecutor.runWorker(ThreadPoolExecutor.java:1149) [?:1.8.0_212]
	at java.util.concurrent.ThreadPoolExecutor$Worker.run(ThreadPoolExecutor.java:624) [?:1.8.0_212]
	at java.lang.Thread.run(Thread.java:748) [?:1.8.0_212]
2019-08-13 05:32:02,159 INFO  client.GrpcClientProtocolClient (GrpcClientProtocolClient.java:onNext(255)) - client-C663BB983247->e2e36fa5-3716-44ec-b250-0958757b8e0d: receive RaftClientReply:client-C663BB983247->e2e36fa5-3716-44ec-b250-0958757b8e0d@group-4B9AB3CF914B, cid=23, FAILED org.apache.ratis.protocol.StateMachineException: org.apache.hadoop.hdds.scm.container.common.helpers.ContainerNotOpenException from Server e2e36fa5-3716-44ec-b250-0958757b8e0d: Container 1 in CLOSED state, logIndex=0, commits[e2e36fa5-3716-44ec-b250-0958757b8e0d:c18, a48f97e9-45bb-45d3-b154-22faf33201d2:c16, 8c7a36a9-a535-490d-b255-053094593b17:c18]
05:32:02.160 [grpc-default-executor-1] ERROR DNAudit - user=null | ip=null | op=WRITE_CHUNK {blockData=conID: 1 locID: 102608031396593665 bcsId: 14} | ret=FAILURE
org.apache.hadoop.hdds.scm.container.common.helpers.ContainerNotOpenException: Container 1 in CLOSED state
	at org.apache.hadoop.ozone.container.common.impl.HddsDispatcher.validateContainerCommand(HddsDispatcher.java:408) ~[hadoop-hdds-container-service-0.5.0-SNAPSHOT.jar:?]
	at org.apache.hadoop.ozone.container.common.transport.server.ratis.ContainerStateMachine.startTransaction(ContainerStateMachine.java:297) ~[hadoop-hdds-container-service-0.5.0-SNAPSHOT.jar:?]
	at org.apache.ratis.server.impl.RaftServerImpl.submitClientRequestAsync(RaftServerImpl.java:566) ~[ratis-server-0.4.0-2337318-SNAPSHOT.jar:0.4.0-2337318-SNAPSHOT]
	at org.apache.ratis.server.impl.RaftServerProxy.lambda$submitClientRequestAsync$7(RaftServerProxy.java:333) ~[ratis-server-0.4.0-2337318-SNAPSHOT.jar:0.4.0-2337318-SNAPSHOT]
	at org.apache.ratis.server.impl.RaftServerProxy.lambda$null$5(RaftServerProxy.java:328) ~[ratis-server-0.4.0-2337318-SNAPSHOT.jar:0.4.0-2337318-SNAPSHOT]
	at org.apache.ratis.util.JavaUtils.callAsUnchecked(JavaUtils.java:109) ~[ratis-common-0.4.0-2337318-SNAPSHOT.jar:0.4.0-2337318-SNAPSHOT]
	at org.apache.ratis.server.impl.RaftServerProxy.lambda$submitRequest$6(RaftServerProxy.java:328) ~[ratis-server-0.4.0-2337318-SNAPSHOT.jar:0.4.0-2337318-SNAPSHOT]
	at java.util.concurrent.CompletableFuture.uniComposeStage(CompletableFuture.java:981) ~[?:1.8.0_212]
	at java.util.concurrent.CompletableFuture.thenCompose(CompletableFuture.java:2124) ~[?:1.8.0_212]
	at org.apache.ratis.server.impl.RaftServerProxy.submitRequest(RaftServerProxy.java:327) ~[ratis-server-0.4.0-2337318-SNAPSHOT.jar:0.4.0-2337318-SNAPSHOT]
	at org.apache.ratis.server.impl.RaftServerProxy.submitClientRequestAsync(RaftServerProxy.java:333) ~[ratis-server-0.4.0-2337318-SNAPSHOT.jar:0.4.0-2337318-SNAPSHOT]
	at org.apache.ratis.grpc.client.GrpcClientProtocolService$RequestStreamObserver.processClientRequest(GrpcClientProtocolService.java:220) ~[ratis-grpc-0.4.0-2337318-SNAPSHOT.jar:0.4.0-2337318-SNAPSHOT]
	at org.apache.ratis.grpc.client.GrpcClientProtocolService$OrderedRequestStreamObserver.processClientRequest(GrpcClientProtocolService.java:326) ~[ratis-grpc-0.4.0-2337318-SNAPSHOT.jar:0.4.0-2337318-SNAPSHOT]
	at org.apache.ratis.util.SlidingWindow$Server.processRequestsFromHead(SlidingWindow.java:429) [ratis-common-0.4.0-2337318-SNAPSHOT.jar:0.4.0-2337318-SNAPSHOT]
	at org.apache.ratis.util.SlidingWindow$Server.receivedRequest(SlidingWindow.java:421) [ratis-common-0.4.0-2337318-SNAPSHOT.jar:0.4.0-2337318-SNAPSHOT]
	at org.apache.ratis.grpc.client.GrpcClientProtocolService$OrderedRequestStreamObserver.processClientRequest(GrpcClientProtocolService.java:345) [ratis-grpc-0.4.0-2337318-SNAPSHOT.jar:0.4.0-2337318-SNAPSHOT]
	at org.apache.ratis.grpc.client.GrpcClientProtocolService$RequestStreamObserver.onNext(GrpcClientProtocolService.java:240) [ratis-grpc-0.4.0-2337318-SNAPSHOT.jar:0.4.0-2337318-SNAPSHOT]
	at org.apache.ratis.grpc.client.GrpcClientProtocolService$RequestStreamObserver.onNext(GrpcClientProtocolService.java:168) [ratis-grpc-0.4.0-2337318-SNAPSHOT.jar:0.4.0-2337318-SNAPSHOT]
	at org.apache.ratis.thirdparty.io.grpc.stub.ServerCalls$StreamingServerCallHandler$StreamingServerCallListener.onMessage(ServerCalls.java:248) [ratis-thirdparty-misc-0.2.0.jar:0.2.0]
	at org.apache.ratis.thirdparty.io.grpc.internal.ServerCallImpl$ServerStreamListenerImpl.messagesAvailable(ServerCallImpl.java:263) [ratis-thirdparty-misc-0.2.0.jar:0.2.0]
	at org.apache.ratis.thirdparty.io.grpc.internal.ServerImpl$JumpToApplicationThreadServerStreamListener$1MessagesAvailable.runInContext(ServerImpl.java:686) [ratis-thirdparty-misc-0.2.0.jar:0.2.0]
	at org.apache.ratis.thirdparty.io.grpc.internal.ContextRunnable.run(ContextRunnable.java:37) [ratis-thirdparty-misc-0.2.0.jar:0.2.0]
	at org.apache.ratis.thirdparty.io.grpc.internal.SerializingExecutor.run(SerializingExecutor.java:123) [ratis-thirdparty-misc-0.2.0.jar:0.2.0]
	at java.util.concurrent.ThreadPoolExecutor.runWorker(ThreadPoolExecutor.java:1149) [?:1.8.0_212]
	at java.util.concurrent.ThreadPoolExecutor$Worker.run(ThreadPoolExecutor.java:624) [?:1.8.0_212]
	at java.lang.Thread.run(Thread.java:748) [?:1.8.0_212]
2019-08-13 05:32:02,164 INFO  client.GrpcClientProtocolClient (GrpcClientProtocolClient.java:onNext(255)) - client-C663BB983247->e2e36fa5-3716-44ec-b250-0958757b8e0d: receive RaftClientReply:client-C663BB983247->e2e36fa5-3716-44ec-b250-0958757b8e0d@group-4B9AB3CF914B, cid=24, FAILED org.apache.ratis.protocol.StateMachineException: org.apache.hadoop.hdds.scm.container.common.helpers.ContainerNotOpenException from Server e2e36fa5-3716-44ec-b250-0958757b8e0d: Container 1 in CLOSED state, logIndex=0, commits[e2e36fa5-3716-44ec-b250-0958757b8e0d:c18, a48f97e9-45bb-45d3-b154-22faf33201d2:c16, 8c7a36a9-a535-490d-b255-053094593b17:c18]
2019-08-13 05:32:02,167 INFO  client.GrpcClientProtocolClient (GrpcClientProtocolClient.java:onNext(255)) - client-C663BB983247->e2e36fa5-3716-44ec-b250-0958757b8e0d: receive RaftClientReply:client-C663BB983247->e2e36fa5-3716-44ec-b250-0958757b8e0d@group-4B9AB3CF914B, cid=25, FAILED org.apache.ratis.protocol.StateMachineException: org.apache.hadoop.hdds.scm.container.common.helpers.ContainerNotOpenException from Server e2e36fa5-3716-44ec-b250-0958757b8e0d: Container 1 in CLOSED state, logIndex=0, commits[e2e36fa5-3716-44ec-b250-0958757b8e0d:c18, a48f97e9-45bb-45d3-b154-22faf33201d2:c16, 8c7a36a9-a535-490d-b255-053094593b17:c18]
05:32:02.167 [grpc-default-executor-1] ERROR DNAudit - user=null | ip=null | op=PUT_BLOCK {blockData=[blockId=conID: 1 locID: 102608031396593665 bcsId: 0,size=800]} | ret=FAILURE
org.apache.hadoop.hdds.scm.container.common.helpers.ContainerNotOpenException: Container 1 in CLOSED state
	at org.apache.hadoop.ozone.container.common.impl.HddsDispatcher.validateContainerCommand(HddsDispatcher.java:408) ~[hadoop-hdds-container-service-0.5.0-SNAPSHOT.jar:?]
	at org.apache.hadoop.ozone.container.common.transport.server.ratis.ContainerStateMachine.startTransaction(ContainerStateMachine.java:297) ~[hadoop-hdds-container-service-0.5.0-SNAPSHOT.jar:?]
	at org.apache.ratis.server.impl.RaftServerImpl.submitClientRequestAsync(RaftServerImpl.java:566) ~[ratis-server-0.4.0-2337318-SNAPSHOT.jar:0.4.0-2337318-SNAPSHOT]
	at org.apache.ratis.server.impl.RaftServerProxy.lambda$submitClientRequestAsync$7(RaftServerProxy.java:333) ~[ratis-server-0.4.0-2337318-SNAPSHOT.jar:0.4.0-2337318-SNAPSHOT]
	at org.apache.ratis.server.impl.RaftServerProxy.lambda$null$5(RaftServerProxy.java:328) ~[ratis-server-0.4.0-2337318-SNAPSHOT.jar:0.4.0-2337318-SNAPSHOT]
	at org.apache.ratis.util.JavaUtils.callAsUnchecked(JavaUtils.java:109) ~[ratis-common-0.4.0-2337318-SNAPSHOT.jar:0.4.0-2337318-SNAPSHOT]
	at org.apache.ratis.server.impl.RaftServerProxy.lambda$submitRequest$6(RaftServerProxy.java:328) ~[ratis-server-0.4.0-2337318-SNAPSHOT.jar:0.4.0-2337318-SNAPSHOT]
	at java.util.concurrent.CompletableFuture.uniComposeStage(CompletableFuture.java:981) ~[?:1.8.0_212]
	at java.util.concurrent.CompletableFuture.thenCompose(CompletableFuture.java:2124) ~[?:1.8.0_212]
	at org.apache.ratis.server.impl.RaftServerProxy.submitRequest(RaftServerProxy.java:327) ~[ratis-server-0.4.0-2337318-SNAPSHOT.jar:0.4.0-2337318-SNAPSHOT]
	at org.apache.ratis.server.impl.RaftServerProxy.submitClientRequestAsync(RaftServerProxy.java:333) ~[ratis-server-0.4.0-2337318-SNAPSHOT.jar:0.4.0-2337318-SNAPSHOT]
	at org.apache.ratis.grpc.client.GrpcClientProtocolService$RequestStreamObserver.processClientRequest(GrpcClientProtocolService.java:220) ~[ratis-grpc-0.4.0-2337318-SNAPSHOT.jar:0.4.0-2337318-SNAPSHOT]
	at org.apache.ratis.grpc.client.GrpcClientProtocolService$OrderedRequestStreamObserver.processClientRequest(GrpcClientProtocolService.java:326) ~[ratis-grpc-0.4.0-2337318-SNAPSHOT.jar:0.4.0-2337318-SNAPSHOT]
	at org.apache.ratis.util.SlidingWindow$Server.processRequestsFromHead(SlidingWindow.java:429) [ratis-common-0.4.0-2337318-SNAPSHOT.jar:0.4.0-2337318-SNAPSHOT]
	at org.apache.ratis.util.SlidingWindow$Server.receivedRequest(SlidingWindow.java:421) [ratis-common-0.4.0-2337318-SNAPSHOT.jar:0.4.0-2337318-SNAPSHOT]
	at org.apache.ratis.grpc.client.GrpcClientProtocolService$OrderedRequestStreamObserver.processClientRequest(GrpcClientProtocolService.java:345) [ratis-grpc-0.4.0-2337318-SNAPSHOT.jar:0.4.0-2337318-SNAPSHOT]
	at org.apache.ratis.grpc.client.GrpcClientProtocolService$RequestStreamObserver.onNext(GrpcClientProtocolService.java:240) [ratis-grpc-0.4.0-2337318-SNAPSHOT.jar:0.4.0-2337318-SNAPSHOT]
	at org.apache.ratis.grpc.client.GrpcClientProtocolService$RequestStreamObserver.onNext(GrpcClientProtocolService.java:168) [ratis-grpc-0.4.0-2337318-SNAPSHOT.jar:0.4.0-2337318-SNAPSHOT]
	at org.apache.ratis.thirdparty.io.grpc.stub.ServerCalls$StreamingServerCallHandler$StreamingServerCallListener.onMessage(ServerCalls.java:248) [ratis-thirdparty-misc-0.2.0.jar:0.2.0]
	at org.apache.ratis.thirdparty.io.grpc.internal.ServerCallImpl$ServerStreamListenerImpl.messagesAvailable(ServerCallImpl.java:263) [ratis-thirdparty-misc-0.2.0.jar:0.2.0]
	at org.apache.ratis.thirdparty.io.grpc.internal.ServerImpl$JumpToApplicationThreadServerStreamListener$1MessagesAvailable.runInContext(ServerImpl.java:686) [ratis-thirdparty-misc-0.2.0.jar:0.2.0]
	at org.apache.ratis.thirdparty.io.grpc.internal.ContextRunnable.run(ContextRunnable.java:37) [ratis-thirdparty-misc-0.2.0.jar:0.2.0]
	at org.apache.ratis.thirdparty.io.grpc.internal.SerializingExecutor.run(SerializingExecutor.java:123) [ratis-thirdparty-misc-0.2.0.jar:0.2.0]
	at java.util.concurrent.ThreadPoolExecutor.runWorker(ThreadPoolExecutor.java:1149) [?:1.8.0_212]
	at java.util.concurrent.ThreadPoolExecutor$Worker.run(ThreadPoolExecutor.java:624) [?:1.8.0_212]
	at java.lang.Thread.run(Thread.java:748) [?:1.8.0_212]
2019-08-13 05:32:02,172 INFO  client.GrpcClientProtocolClient (GrpcClientProtocolClient.java:onNext(255)) - client-C663BB983247->e2e36fa5-3716-44ec-b250-0958757b8e0d: receive RaftClientReply:client-C663BB983247->e2e36fa5-3716-44ec-b250-0958757b8e0d@group-4B9AB3CF914B, cid=26, FAILED org.apache.ratis.protocol.StateMachineException: org.apache.hadoop.hdds.scm.container.common.helpers.ContainerNotOpenException from Server e2e36fa5-3716-44ec-b250-0958757b8e0d: Container 1 in CLOSED state, logIndex=0, commits[e2e36fa5-3716-44ec-b250-0958757b8e0d:c18, a48f97e9-45bb-45d3-b154-22faf33201d2:c16, 8c7a36a9-a535-490d-b255-053094593b17:c18]
2019-08-13 05:32:02,175 INFO  client.GrpcClientProtocolClient (GrpcClientProtocolClient.java:onNext(255)) - client-C663BB983247->e2e36fa5-3716-44ec-b250-0958757b8e0d: receive RaftClientReply:client-C663BB983247->e2e36fa5-3716-44ec-b250-0958757b8e0d@group-4B9AB3CF914B, cid=27, FAILED org.apache.ratis.protocol.StateMachineException: org.apache.hadoop.hdds.scm.container.common.helpers.ContainerNotOpenException from Server e2e36fa5-3716-44ec-b250-0958757b8e0d: Container 1 in CLOSED state, logIndex=0, commits[e2e36fa5-3716-44ec-b250-0958757b8e0d:c18, a48f97e9-45bb-45d3-b154-22faf33201d2:c16, 8c7a36a9-a535-490d-b255-053094593b17:c18]
2019-08-13 05:32:02,222 INFO  client.GrpcClientProtocolClient (GrpcClientProtocolClient.java:onNext(255)) - client-3DB6DF7A6DA1->ca6a72ac-2720-408e-ab08-4c16411735a5: receive RaftClientReply:client-3DB6DF7A6DA1->ca6a72ac-2720-408e-ab08-4c16411735a5@group-9340C0E17F40, cid=28, FAILED org.apache.ratis.protocol.NotLeaderException: Server ca6a72ac-2720-408e-ab08-4c16411735a5 is not the leader (127a8ccf-fb8c-459e-a42f-30aa8deb48cc:192.168.5.174:36864). Request must be sent to leader., logIndex=0, commits[ca6a72ac-2720-408e-ab08-4c16411735a5:c0, 890438a0-2e3a-4e6d-a5ca-c02079b295cd:c0, 127a8ccf-fb8c-459e-a42f-30aa8deb48cc:c0]
2019-08-13 05:32:02,334 INFO  client.GrpcClientProtocolClient (GrpcClientProtocolClient.java:onNext(255)) - client-3DB6DF7A6DA1->127a8ccf-fb8c-459e-a42f-30aa8deb48cc: receive RaftClientReply:client-3DB6DF7A6DA1->127a8ccf-fb8c-459e-a42f-30aa8deb48cc@group-9340C0E17F40, cid=28, SUCCESS, logIndex=1, commits[127a8ccf-fb8c-459e-a42f-30aa8deb48cc:c1, 890438a0-2e3a-4e6d-a5ca-c02079b295cd:c0, ca6a72ac-2720-408e-ab08-4c16411735a5:c0]
2019-08-13 05:32:02,363 INFO  client.GrpcClientProtocolClient (GrpcClientProtocolClient.java:onNext(255)) - client-3DB6DF7A6DA1->127a8ccf-fb8c-459e-a42f-30aa8deb48cc: receive RaftClientReply:client-3DB6DF7A6DA1->127a8ccf-fb8c-459e-a42f-30aa8deb48cc@group-9340C0E17F40, cid=29, SUCCESS, logIndex=3, commits[127a8ccf-fb8c-459e-a42f-30aa8deb48cc:c4, 890438a0-2e3a-4e6d-a5ca-c02079b295cd:c2, ca6a72ac-2720-408e-ab08-4c16411735a5:c2]
2019-08-13 05:32:02,390 INFO  client.GrpcClientProtocolClient (GrpcClientProtocolClient.java:onNext(255)) - client-3DB6DF7A6DA1->127a8ccf-fb8c-459e-a42f-30aa8deb48cc: receive RaftClientReply:client-3DB6DF7A6DA1->127a8ccf-fb8c-459e-a42f-30aa8deb48cc@group-9340C0E17F40, cid=30, SUCCESS, logIndex=4, commits[127a8ccf-fb8c-459e-a42f-30aa8deb48cc:c12, 890438a0-2e3a-4e6d-a5ca-c02079b295cd:c7, ca6a72ac-2720-408e-ab08-4c16411735a5:c7]
2019-08-13 05:32:02,391 INFO  client.GrpcClientProtocolClient (GrpcClientProtocolClient.java:onNext(255)) - client-3DB6DF7A6DA1->127a8ccf-fb8c-459e-a42f-30aa8deb48cc: receive RaftClientReply:client-3DB6DF7A6DA1->127a8ccf-fb8c-459e-a42f-30aa8deb48cc@group-9340C0E17F40, cid=31, SUCCESS, logIndex=5, commits[127a8ccf-fb8c-459e-a42f-30aa8deb48cc:c12, 890438a0-2e3a-4e6d-a5ca-c02079b295cd:c7, ca6a72ac-2720-408e-ab08-4c16411735a5:c7]
2019-08-13 05:32:02,392 INFO  client.GrpcClientProtocolClient (GrpcClientProtocolClient.java:onNext(255)) - client-3DB6DF7A6DA1->127a8ccf-fb8c-459e-a42f-30aa8deb48cc: receive RaftClientReply:client-3DB6DF7A6DA1->127a8ccf-fb8c-459e-a42f-30aa8deb48cc@group-9340C0E17F40, cid=32, SUCCESS, logIndex=6, commits[127a8ccf-fb8c-459e-a42f-30aa8deb48cc:c12, 890438a0-2e3a-4e6d-a5ca-c02079b295cd:c7, ca6a72ac-2720-408e-ab08-4c16411735a5:c7]
2019-08-13 05:32:02,431 INFO  client.GrpcClientProtocolClient (GrpcClientProtocolClient.java:onNext(255)) - client-3DB6DF7A6DA1->127a8ccf-fb8c-459e-a42f-30aa8deb48cc: receive RaftClientReply:client-3DB6DF7A6DA1->127a8ccf-fb8c-459e-a42f-30aa8deb48cc@group-9340C0E17F40, cid=33, SUCCESS, logIndex=7, commits[127a8ccf-fb8c-459e-a42f-30aa8deb48cc:c12, 890438a0-2e3a-4e6d-a5ca-c02079b295cd:c7, ca6a72ac-2720-408e-ab08-4c16411735a5:c7]
2019-08-13 05:32:02,449 INFO  client.GrpcClientProtocolClient (GrpcClientProtocolClient.java:onNext(255)) - client-3DB6DF7A6DA1->127a8ccf-fb8c-459e-a42f-30aa8deb48cc: receive RaftClientReply:client-3DB6DF7A6DA1->127a8ccf-fb8c-459e-a42f-30aa8deb48cc@group-9340C0E17F40, cid=34, SUCCESS, logIndex=13, commits[127a8ccf-fb8c-459e-a42f-30aa8deb48cc:c13, 890438a0-2e3a-4e6d-a5ca-c02079b295cd:c12, ca6a72ac-2720-408e-ab08-4c16411735a5:c12]
2019-08-13 05:32:02,450 INFO  client.GrpcClientProtocolClient (GrpcClientProtocolClient.java:onNext(255)) - client-3DB6DF7A6DA1->127a8ccf-fb8c-459e-a42f-30aa8deb48cc: receive RaftClientReply:client-3DB6DF7A6DA1->127a8ccf-fb8c-459e-a42f-30aa8deb48cc@group-9340C0E17F40, cid=35, SUCCESS, logIndex=14, commits[127a8ccf-fb8c-459e-a42f-30aa8deb48cc:c14, 890438a0-2e3a-4e6d-a5ca-c02079b295cd:c12, ca6a72ac-2720-408e-ab08-4c16411735a5:c12]
2019-08-13 05:32:02,458 INFO  client.GrpcClientProtocolClient (GrpcClientProtocolClient.java:onNext(255)) - client-3DB6DF7A6DA1->127a8ccf-fb8c-459e-a42f-30aa8deb48cc: receive RaftClientReply:client-3DB6DF7A6DA1->127a8ccf-fb8c-459e-a42f-30aa8deb48cc@group-9340C0E17F40, cid=36, SUCCESS, logIndex=0, commits[127a8ccf-fb8c-459e-a42f-30aa8deb48cc:c16, 890438a0-2e3a-4e6d-a5ca-c02079b295cd:c14, ca6a72ac-2720-408e-ab08-4c16411735a5:c14]
2019-08-13 05:32:02,459 INFO  ozone.MiniOzoneClusterImpl (MiniOzoneClusterImpl.java:shutdown(321)) - Shutting down the Mini Ozone Cluster
2019-08-13 05:32:02,460 INFO  ozone.MiniOzoneClusterImpl (MiniOzoneClusterImpl.java:stop(336)) - Stopping the Mini Ozone Cluster
2019-08-13 05:32:02,461 INFO  ozone.MiniOzoneClusterImpl (MiniOzoneClusterImpl.java:stop(338)) - Stopping the OzoneManager
2019-08-13 05:32:02,461 INFO  ipc.Server (Server.java:stop(3082)) - Stopping server on 46503
2019-08-13 05:32:02,462 INFO  ipc.Server (Server.java:run(1185)) - Stopping IPC Server listener on 46503
2019-08-13 05:32:02,463 INFO  ratis.OzoneManagerDoubleBuffer (OzoneManagerDoubleBuffer.java:stop(248)) - Stopping OMDoubleBuffer flush thread
2019-08-13 05:32:02,463 INFO  ratis.OzoneManagerDoubleBuffer (OzoneManagerDoubleBuffer.java:flushTransactions(191)) - OMDoubleBuffer flush thread OMDoubleBufferFlushThread is interrupted and will exit. OMDoubleBufferFlushThread
2019-08-13 05:32:02,464 INFO  ipc.Server (Server.java:run(1319)) - Stopping IPC Server Responder
2019-08-13 05:32:02,464 INFO  utils.BackgroundService (BackgroundService.java:shutdown(148)) - Shutting down service KeyDeletingService
2019-08-13 05:32:02,465 INFO  handler.ContextHandler (ContextHandler.java:doStop(910)) - Stopped o.e.j.w.WebAppContext@4bff2185{/,null,UNAVAILABLE}{/ozoneManager}
2019-08-13 05:32:02,466 INFO  server.AbstractConnector (AbstractConnector.java:doStop(318)) - Stopped ServerConnector@5c20ffa8{HTTP/1.1,[http/1.1]}{0.0.0.0:0}
2019-08-13 05:32:02,466 INFO  handler.ContextHandler (ContextHandler.java:doStop(910)) - Stopped o.e.j.s.ServletContextHandler@34cf5a97{/static,file:///workdir/hadoop-ozone/integration-test/target/test-classes/webapps/static,UNAVAILABLE}
2019-08-13 05:32:02,467 INFO  handler.ContextHandler (ContextHandler.java:doStop(910)) - Stopped o.e.j.s.ServletContextHandler@4482469c{/logs,file:///workdir/hadoop-ozone/integration-test/target/log,UNAVAILABLE}
2019-08-13 05:32:02,470 INFO  ozone.MiniOzoneClusterImpl (MiniOzoneClusterImpl.java:stop(344)) - Shutting the HddsDatanodes
2019-08-13 05:32:02,471 INFO  datanode.ObjectStoreHandler (ObjectStoreHandler.java:close(155)) - Closing ObjectStoreHandler.
2019-08-13 05:32:02,471 INFO  datanode.ObjectStoreHandler (ObjectStoreHandler.java:close(155)) - Closing ObjectStoreHandler.
2019-08-13 05:32:02,473 INFO  ozone.HddsDatanodeService (HddsDatanodeService.java:stop(451)) - Stopped plug-in org.apache.hadoop.ozone.web.OzoneHddsDatanodeService@58a7dc4
2019-08-13 05:32:02,473 INFO  ozone.HddsDatanodeService (HddsDatanodeService.java:stop(451)) - Stopped plug-in org.apache.hadoop.ozone.web.OzoneHddsDatanodeService@2415e4c7
2019-08-13 05:32:03,312 INFO  statemachine.DatanodeStateMachine (DatanodeStateMachine.java:lambda$startDaemon$0(350)) - Ozone container server started.
2019-08-13 05:32:03,312 INFO  statemachine.DatanodeStateMachine (DatanodeStateMachine.java:lambda$startDaemon$0(350)) - Ozone container server started.
2019-08-13 05:32:03,679 WARN  server.GrpcLogAppender (LogUtils.java:warn(134)) - e2e36fa5-3716-44ec-b250-0958757b8e0d->8c7a36a9-a535-490d-b255-053094593b17: Failed appendEntries: org.apache.ratis.thirdparty.io.grpc.StatusRuntimeException: UNAVAILABLE: io exception
2019-08-13 05:32:03,681 WARN  server.GrpcLogAppender (LogUtils.java:warn(134)) - e2e36fa5-3716-44ec-b250-0958757b8e0d->a48f97e9-45bb-45d3-b154-22faf33201d2: Failed appendEntries: org.apache.ratis.thirdparty.io.grpc.StatusRuntimeException: UNAVAILABLE: io exception
2019-08-13 05:32:03,681 INFO  impl.FollowerInfo (FollowerInfo.java:lambda$new$0(50)) - e2e36fa5-3716-44ec-b250-0958757b8e0d->8c7a36a9-a535-490d-b255-053094593b17: nextIndex: updateUnconditionally 18 -> 17
2019-08-13 05:32:03,683 INFO  impl.FollowerInfo (FollowerInfo.java:lambda$new$0(50)) - e2e36fa5-3716-44ec-b250-0958757b8e0d->a48f97e9-45bb-45d3-b154-22faf33201d2: nextIndex: updateUnconditionally 15 -> 14
2019-08-13 05:32:06,182 WARN  server.GrpcLogAppender (LogUtils.java:warn(134)) - e2e36fa5-3716-44ec-b250-0958757b8e0d->8c7a36a9-a535-490d-b255-053094593b17: Failed appendEntries: org.apache.ratis.thirdparty.io.grpc.StatusRuntimeException: UNAVAILABLE: io exception
2019-08-13 05:32:06,184 INFO  impl.FollowerInfo (FollowerInfo.java:lambda$new$0(50)) - e2e36fa5-3716-44ec-b250-0958757b8e0d->8c7a36a9-a535-490d-b255-053094593b17: nextIndex: updateUnconditionally 17 -> 16
2019-08-13 05:32:06,184 WARN  server.GrpcLogAppender (LogUtils.java:warn(134)) - e2e36fa5-3716-44ec-b250-0958757b8e0d->a48f97e9-45bb-45d3-b154-22faf33201d2: Failed appendEntries: org.apache.ratis.thirdparty.io.grpc.StatusRuntimeException: UNAVAILABLE: io exception
2019-08-13 05:32:06,186 INFO  impl.FollowerInfo (FollowerInfo.java:lambda$new$0(50)) - e2e36fa5-3716-44ec-b250-0958757b8e0d->a48f97e9-45bb-45d3-b154-22faf33201d2: nextIndex: updateUnconditionally 14 -> 13
2019-08-13 05:32:07,399 INFO  node.StaleNodeHandler (StaleNodeHandler.java:onMessage(58)) - Datanode ca6a72ac-2720-408e-ab08-4c16411735a5{ip: 192.168.5.174, host: trunk-nightly-m7jb8-1436528744, networkLocation: /default-rack, certSerialId: null} moved to stale state. Finalizing its pipelines [PipelineID=bcbe679a-8fc1-4d5d-a4b3-9340c0e17f40, PipelineID=7fef5472-1e44-41fd-b0d9-baddaceb55e6]
2019-08-13 05:32:07,399 INFO  pipeline.SCMPipelineManager (SCMPipelineManager.java:finalizeAndDestroyPipeline(309)) - destroying pipeline:Pipeline[ Id: bcbe679a-8fc1-4d5d-a4b3-9340c0e17f40, Nodes: ca6a72ac-2720-408e-ab08-4c16411735a5{ip: 192.168.5.174, host: trunk-nightly-m7jb8-1436528744, networkLocation: /default-rack, certSerialId: null}127a8ccf-fb8c-459e-a42f-30aa8deb48cc{ip: 192.168.5.174, host: trunk-nightly-m7jb8-1436528744, networkLocation: /default-rack, certSerialId: null}890438a0-2e3a-4e6d-a5ca-c02079b295cd{ip: 192.168.5.174, host: trunk-nightly-m7jb8-1436528744, networkLocation: /default-rack, certSerialId: null}, Type:RATIS, Factor:THREE, State:OPEN]
2019-08-13 05:32:07,399 INFO  pipeline.PipelineStateManager (PipelineStateManager.java:finalizePipeline(123)) - Pipeline Pipeline[ Id: bcbe679a-8fc1-4d5d-a4b3-9340c0e17f40, Nodes: ca6a72ac-2720-408e-ab08-4c16411735a5{ip: 192.168.5.174, host: trunk-nightly-m7jb8-1436528744, networkLocation: /default-rack, certSerialId: null}127a8ccf-fb8c-459e-a42f-30aa8deb48cc{ip: 192.168.5.174, host: trunk-nightly-m7jb8-1436528744, networkLocation: /default-rack, certSerialId: null}890438a0-2e3a-4e6d-a5ca-c02079b295cd{ip: 192.168.5.174, host: trunk-nightly-m7jb8-1436528744, networkLocation: /default-rack, certSerialId: null}, Type:RATIS, Factor:THREE, State:CLOSED] moved to CLOSED state
2019-08-13 05:32:07,400 INFO  container.CloseContainerEventHandler (CloseContainerEventHandler.java:onMessage(61)) - Close container Event triggered for container : #2
2019-08-13 05:32:07,403 INFO  pipeline.SCMPipelineManager (SCMPipelineManager.java:finalizeAndDestroyPipeline(309)) - destroying pipeline:Pipeline[ Id: 7fef5472-1e44-41fd-b0d9-baddaceb55e6, Nodes: ca6a72ac-2720-408e-ab08-4c16411735a5{ip: 192.168.5.174, host: trunk-nightly-m7jb8-1436528744, networkLocation: /default-rack, certSerialId: null}, Type:RATIS, Factor:ONE, State:OPEN]
2019-08-13 05:32:07,405 INFO  pipeline.PipelineStateManager (PipelineStateManager.java:finalizePipeline(123)) - Pipeline Pipeline[ Id: 7fef5472-1e44-41fd-b0d9-baddaceb55e6, Nodes: ca6a72ac-2720-408e-ab08-4c16411735a5{ip: 192.168.5.174, host: trunk-nightly-m7jb8-1436528744, networkLocation: /default-rack, certSerialId: null}, Type:RATIS, Factor:ONE, State:CLOSED] moved to CLOSED state
2019-08-13 05:32:07,405 INFO  node.StaleNodeHandler (StaleNodeHandler.java:onMessage(58)) - Datanode 127a8ccf-fb8c-459e-a42f-30aa8deb48cc{ip: 192.168.5.174, host: trunk-nightly-m7jb8-1436528744, networkLocation: /default-rack, certSerialId: null} moved to stale state. Finalizing its pipelines [PipelineID=bcbe679a-8fc1-4d5d-a4b3-9340c0e17f40, PipelineID=d5cab22a-5803-4ca7-afa3-56ba77341834]
2019-08-13 05:32:07,405 INFO  pipeline.SCMPipelineManager (SCMPipelineManager.java:finalizeAndDestroyPipeline(309)) - destroying pipeline:Pipeline[ Id: bcbe679a-8fc1-4d5d-a4b3-9340c0e17f40, Nodes: ca6a72ac-2720-408e-ab08-4c16411735a5{ip: 192.168.5.174, host: trunk-nightly-m7jb8-1436528744, networkLocation: /default-rack, certSerialId: null}127a8ccf-fb8c-459e-a42f-30aa8deb48cc{ip: 192.168.5.174, host: trunk-nightly-m7jb8-1436528744, networkLocation: /default-rack, certSerialId: null}890438a0-2e3a-4e6d-a5ca-c02079b295cd{ip: 192.168.5.174, host: trunk-nightly-m7jb8-1436528744, networkLocation: /default-rack, certSerialId: null}, Type:RATIS, Factor:THREE, State:CLOSED]
2019-08-13 05:32:07,405 INFO  pipeline.SCMPipelineManager (SCMPipelineManager.java:finalizeAndDestroyPipeline(309)) - destroying pipeline:Pipeline[ Id: d5cab22a-5803-4ca7-afa3-56ba77341834, Nodes: 127a8ccf-fb8c-459e-a42f-30aa8deb48cc{ip: 192.168.5.174, host: trunk-nightly-m7jb8-1436528744, networkLocation: /default-rack, certSerialId: null}, Type:RATIS, Factor:ONE, State:OPEN]
2019-08-13 05:32:07,405 INFO  pipeline.PipelineStateManager (PipelineStateManager.java:finalizePipeline(123)) - Pipeline Pipeline[ Id: d5cab22a-5803-4ca7-afa3-56ba77341834, Nodes: 127a8ccf-fb8c-459e-a42f-30aa8deb48cc{ip: 192.168.5.174, host: trunk-nightly-m7jb8-1436528744, networkLocation: /default-rack, certSerialId: null}, Type:RATIS, Factor:ONE, State:CLOSED] moved to CLOSED state
2019-08-13 05:32:07,474 INFO  ozoneimpl.OzoneContainer (OzoneContainer.java:stop(199)) - Attempting to stop container services.
2019-08-13 05:32:07,474 INFO  ozoneimpl.OzoneContainer (OzoneContainer.java:stop(199)) - Attempting to stop container services.
2019-08-13 05:32:07,477 INFO  impl.RaftServerProxy (RaftServerProxy.java:lambda$close$4(314)) - 127a8ccf-fb8c-459e-a42f-30aa8deb48cc: close
2019-08-13 05:32:07,477 INFO  impl.RaftServerImpl (RaftServerImpl.java:lambda$shutdown$3(245)) - 127a8ccf-fb8c-459e-a42f-30aa8deb48cc: shutdown group-9340C0E17F40
2019-08-13 05:32:07,477 INFO  impl.RaftServerProxy (RaftServerProxy.java:lambda$close$4(314)) - ca6a72ac-2720-408e-ab08-4c16411735a5: close
2019-08-13 05:32:07,477 INFO  util.JmxRegister (JmxRegister.java:unregister(73)) - Successfully un-registered JMX Bean with object name Ratis:service=RaftServer,group=group-9340C0E17F40,id=127a8ccf-fb8c-459e-a42f-30aa8deb48cc
2019-08-13 05:32:07,478 INFO  impl.RaftServerImpl (RaftServerImpl.java:lambda$shutdown$3(245)) - ca6a72ac-2720-408e-ab08-4c16411735a5: shutdown group-9340C0E17F40
2019-08-13 05:32:07,478 INFO  impl.RoleInfo (RoleInfo.java:shutdownLeaderState(104)) - 127a8ccf-fb8c-459e-a42f-30aa8deb48cc: shutdown LeaderState
2019-08-13 05:32:07,478 INFO  util.JmxRegister (JmxRegister.java:unregister(73)) - Successfully un-registered JMX Bean with object name Ratis:service=RaftServer,group=group-9340C0E17F40,id=ca6a72ac-2720-408e-ab08-4c16411735a5
2019-08-13 05:32:07,482 WARN  server.GrpcLogAppender (GrpcLogAppender.java:mayWait(143)) - GrpcLogAppender(127a8ccf-fb8c-459e-a42f-30aa8deb48cc->ca6a72ac-2720-408e-ab08-4c16411735a5): Wait interrupted by java.lang.InterruptedException
2019-08-13 05:32:07,482 WARN  server.GrpcLogAppender (GrpcLogAppender.java:mayWait(143)) - GrpcLogAppender(127a8ccf-fb8c-459e-a42f-30aa8deb48cc->890438a0-2e3a-4e6d-a5ca-c02079b295cd): Wait interrupted by java.lang.InterruptedException
2019-08-13 05:32:07,481 INFO  impl.PendingRequests (PendingRequests.java:sendNotLeaderResponses(202)) - 127a8ccf-fb8c-459e-a42f-30aa8deb48cc-PendingRequests: sendNotLeaderResponses
2019-08-13 05:32:07,482 INFO  impl.RoleInfo (RoleInfo.java:shutdownFollowerState(121)) - ca6a72ac-2720-408e-ab08-4c16411735a5: shutdown FollowerState
2019-08-13 05:32:07,485 INFO  impl.StateMachineUpdater (StateMachineUpdater.java:stopAndJoin(115)) - StateMachineUpdater:ca6a72ac-2720-408e-ab08-4c16411735a5:group-9340C0E17F40: set stopIndex = 16
2019-08-13 05:32:07,486 INFO  server.GrpcServerProtocolService (GrpcServerProtocolService.java:onCompleted(104)) - 890438a0-2e3a-4e6d-a5ca-c02079b295cd: appendEntries completed
2019-08-13 05:32:07,485 INFO  impl.FollowerState (FollowerState.java:run(114)) - ca6a72ac-2720-408e-ab08-4c16411735a5: FollowerState was interrupted: java.lang.InterruptedException: sleep interrupted
2019-08-13 05:32:07,485 INFO  server.GrpcServerProtocolService (GrpcServerProtocolService.java:onCompleted(104)) - ca6a72ac-2720-408e-ab08-4c16411735a5: appendEntries completed
2019-08-13 05:32:07,485 INFO  ratis.ContainerStateMachine (ContainerStateMachine.java:takeSnapshot(271)) - group-9340C0E17F40: Taking a snapshot at:(t:1, i:14) file /workdir/hadoop-ozone/integration-test/target/test-dir/MiniOzoneClusterImpl-e42735e1-9878-48e1-8bbd-267bfeafd40a/datanode-4/data/ratis/bcbe679a-8fc1-4d5d-a4b3-9340c0e17f40/sm/snapshot.1_14
2019-08-13 05:32:07,496 INFO  server.GrpcLogAppender (GrpcLogAppender.java:onCompleted(292)) - 127a8ccf-fb8c-459e-a42f-30aa8deb48cc->890438a0-2e3a-4e6d-a5ca-c02079b295cd: follower responses appendEntries COMPLETED
2019-08-13 05:32:07,500 INFO  impl.StateMachineUpdater (StateMachineUpdater.java:stopAndJoin(115)) - StateMachineUpdater:127a8ccf-fb8c-459e-a42f-30aa8deb48cc:group-9340C0E17F40: set stopIndex = 16
2019-08-13 05:32:07,502 INFO  ratis.ContainerStateMachine (ContainerStateMachine.java:takeSnapshot(271)) - group-9340C0E17F40: Taking a snapshot at:(t:1, i:14) file /workdir/hadoop-ozone/integration-test/target/test-dir/MiniOzoneClusterImpl-e42735e1-9878-48e1-8bbd-267bfeafd40a/datanode-1/data/ratis/bcbe679a-8fc1-4d5d-a4b3-9340c0e17f40/sm/snapshot.1_14
2019-08-13 05:32:07,502 INFO  server.GrpcLogAppender (GrpcLogAppender.java:onCompleted(292)) - 127a8ccf-fb8c-459e-a42f-30aa8deb48cc->ca6a72ac-2720-408e-ab08-4c16411735a5: follower responses appendEntries COMPLETED
2019-08-13 05:32:07,502 INFO  impl.FollowerInfo (FollowerInfo.java:lambda$new$0(50)) - 127a8ccf-fb8c-459e-a42f-30aa8deb48cc->890438a0-2e3a-4e6d-a5ca-c02079b295cd: nextIndex: updateUnconditionally 17 -> 16
2019-08-13 05:32:07,506 INFO  impl.FollowerInfo (FollowerInfo.java:lambda$new$0(50)) - 127a8ccf-fb8c-459e-a42f-30aa8deb48cc->ca6a72ac-2720-408e-ab08-4c16411735a5: nextIndex: updateUnconditionally 17 -> 16
2019-08-13 05:32:07,519 INFO  ratis.ContainerStateMachine (ContainerStateMachine.java:takeSnapshot(282)) - group-9340C0E17F40: Finished taking a snapshot at:(t:1, i:14) file:/workdir/hadoop-ozone/integration-test/target/test-dir/MiniOzoneClusterImpl-e42735e1-9878-48e1-8bbd-267bfeafd40a/datanode-1/data/ratis/bcbe679a-8fc1-4d5d-a4b3-9340c0e17f40/sm/snapshot.1_14 time:19
2019-08-13 05:32:07,519 INFO  ratis.ContainerStateMachine (ContainerStateMachine.java:takeSnapshot(282)) - group-9340C0E17F40: Finished taking a snapshot at:(t:1, i:14) file:/workdir/hadoop-ozone/integration-test/target/test-dir/MiniOzoneClusterImpl-e42735e1-9878-48e1-8bbd-267bfeafd40a/datanode-4/data/ratis/bcbe679a-8fc1-4d5d-a4b3-9340c0e17f40/sm/snapshot.1_14 time:35
2019-08-13 05:32:07,519 INFO  impl.StateMachineUpdater (StateMachineUpdater.java:takeSnapshot(242)) - StateMachineUpdater:127a8ccf-fb8c-459e-a42f-30aa8deb48cc:group-9340C0E17F40: Took a snapshot at index 14
2019-08-13 05:32:07,519 INFO  impl.StateMachineUpdater (StateMachineUpdater.java:takeSnapshot(242)) - StateMachineUpdater:ca6a72ac-2720-408e-ab08-4c16411735a5:group-9340C0E17F40: Took a snapshot at index 14
2019-08-13 05:32:07,520 INFO  impl.StateMachineUpdater (StateMachineUpdater.java:lambda$new$0(80)) - StateMachineUpdater:127a8ccf-fb8c-459e-a42f-30aa8deb48cc:group-9340C0E17F40: snapshotIndex: updateIncreasingly -1 -> 14
2019-08-13 05:32:07,520 INFO  impl.StateMachineUpdater (StateMachineUpdater.java:lambda$new$0(80)) - StateMachineUpdater:ca6a72ac-2720-408e-ab08-4c16411735a5:group-9340C0E17F40: snapshotIndex: updateIncreasingly -1 -> 14
2019-08-13 05:32:07,520 INFO  impl.RaftServerImpl (ServerState.java:close(394)) - 127a8ccf-fb8c-459e-a42f-30aa8deb48cc:group-9340C0E17F40 closes. The last applied log index is 16
2019-08-13 05:32:07,520 INFO  impl.RaftServerImpl (ServerState.java:close(394)) - ca6a72ac-2720-408e-ab08-4c16411735a5:group-9340C0E17F40 closes. The last applied log index is 16
2019-08-13 05:32:07,520 INFO  segmented.SegmentedRaftLogWorker (SegmentedRaftLogWorker.java:run(313)) - 127a8ccf-fb8c-459e-a42f-30aa8deb48cc-SegmentedRaftLogWorker:Storage Directory /workdir/hadoop-ozone/integration-test/target/test-dir/MiniOzoneClusterImpl-e42735e1-9878-48e1-8bbd-267bfeafd40a/datanode-1/data/ratis/bcbe679a-8fc1-4d5d-a4b3-9340c0e17f40 was interrupted, exiting. There are 0 tasks remaining in the queue.
2019-08-13 05:32:07,521 INFO  segmented.SegmentedRaftLogWorker (SegmentedRaftLogWorker.java:run(313)) - ca6a72ac-2720-408e-ab08-4c16411735a5-SegmentedRaftLogWorker:Storage Directory /workdir/hadoop-ozone/integration-test/target/test-dir/MiniOzoneClusterImpl-e42735e1-9878-48e1-8bbd-267bfeafd40a/datanode-4/data/ratis/bcbe679a-8fc1-4d5d-a4b3-9340c0e17f40 was interrupted, exiting. There are 0 tasks remaining in the queue.
2019-08-13 05:32:07,522 INFO  segmented.SegmentedRaftLogWorker (SegmentedRaftLogWorker.java:close(228)) - 127a8ccf-fb8c-459e-a42f-30aa8deb48cc-SegmentedRaftLogWorker:Storage Directory /workdir/hadoop-ozone/integration-test/target/test-dir/MiniOzoneClusterImpl-e42735e1-9878-48e1-8bbd-267bfeafd40a/datanode-1/data/ratis/bcbe679a-8fc1-4d5d-a4b3-9340c0e17f40 close()
2019-08-13 05:32:07,524 INFO  segmented.SegmentedRaftLogWorker (SegmentedRaftLogWorker.java:close(228)) - ca6a72ac-2720-408e-ab08-4c16411735a5-SegmentedRaftLogWorker:Storage Directory /workdir/hadoop-ozone/integration-test/target/test-dir/MiniOzoneClusterImpl-e42735e1-9878-48e1-8bbd-267bfeafd40a/datanode-4/data/ratis/bcbe679a-8fc1-4d5d-a4b3-9340c0e17f40 close()
2019-08-13 05:32:07,526 INFO  impl.RaftServerImpl (RaftServerImpl.java:lambda$shutdown$3(245)) - 127a8ccf-fb8c-459e-a42f-30aa8deb48cc: shutdown group-56BA77341834
2019-08-13 05:32:07,528 INFO  impl.RaftServerImpl (RaftServerImpl.java:lambda$shutdown$3(245)) - ca6a72ac-2720-408e-ab08-4c16411735a5: shutdown group-BADDACEB55E6
2019-08-13 05:32:07,528 INFO  util.JmxRegister (JmxRegister.java:unregister(73)) - Successfully un-registered JMX Bean with object name Ratis:service=RaftServer,group=group-56BA77341834,id=127a8ccf-fb8c-459e-a42f-30aa8deb48cc
2019-08-13 05:32:07,529 INFO  util.JmxRegister (JmxRegister.java:unregister(73)) - Successfully un-registered JMX Bean with object name Ratis:service=RaftServer,group=group-BADDACEB55E6,id=ca6a72ac-2720-408e-ab08-4c16411735a5
2019-08-13 05:32:07,529 INFO  impl.RoleInfo (RoleInfo.java:shutdownLeaderState(104)) - 127a8ccf-fb8c-459e-a42f-30aa8deb48cc: shutdown LeaderState
2019-08-13 05:32:07,529 INFO  impl.RoleInfo (RoleInfo.java:shutdownLeaderState(104)) - ca6a72ac-2720-408e-ab08-4c16411735a5: shutdown LeaderState
2019-08-13 05:32:07,530 INFO  impl.PendingRequests (PendingRequests.java:sendNotLeaderResponses(202)) - 127a8ccf-fb8c-459e-a42f-30aa8deb48cc-PendingRequests: sendNotLeaderResponses
2019-08-13 05:32:07,530 INFO  impl.PendingRequests (PendingRequests.java:sendNotLeaderResponses(202)) - ca6a72ac-2720-408e-ab08-4c16411735a5-PendingRequests: sendNotLeaderResponses
2019-08-13 05:32:07,531 INFO  impl.StateMachineUpdater (StateMachineUpdater.java:stopAndJoin(115)) - StateMachineUpdater:127a8ccf-fb8c-459e-a42f-30aa8deb48cc:group-56BA77341834: set stopIndex = 0
2019-08-13 05:32:07,532 INFO  impl.StateMachineUpdater (StateMachineUpdater.java:stopAndJoin(115)) - StateMachineUpdater:ca6a72ac-2720-408e-ab08-4c16411735a5:group-BADDACEB55E6: set stopIndex = 0
2019-08-13 05:32:07,532 INFO  impl.RaftServerImpl (ServerState.java:close(394)) - ca6a72ac-2720-408e-ab08-4c16411735a5:group-BADDACEB55E6 closes. The last applied log index is 0
2019-08-13 05:32:07,532 INFO  impl.RaftServerImpl (ServerState.java:close(394)) - 127a8ccf-fb8c-459e-a42f-30aa8deb48cc:group-56BA77341834 closes. The last applied log index is 0
2019-08-13 05:32:07,533 INFO  segmented.SegmentedRaftLogWorker (SegmentedRaftLogWorker.java:run(313)) - ca6a72ac-2720-408e-ab08-4c16411735a5-SegmentedRaftLogWorker:Storage Directory /workdir/hadoop-ozone/integration-test/target/test-dir/MiniOzoneClusterImpl-e42735e1-9878-48e1-8bbd-267bfeafd40a/datanode-4/data/ratis/7fef5472-1e44-41fd-b0d9-baddaceb55e6 was interrupted, exiting. There are 0 tasks remaining in the queue.
2019-08-13 05:32:07,533 INFO  segmented.SegmentedRaftLogWorker (SegmentedRaftLogWorker.java:run(313)) - 127a8ccf-fb8c-459e-a42f-30aa8deb48cc-SegmentedRaftLogWorker:Storage Directory /workdir/hadoop-ozone/integration-test/target/test-dir/MiniOzoneClusterImpl-e42735e1-9878-48e1-8bbd-267bfeafd40a/datanode-1/data/ratis/d5cab22a-5803-4ca7-afa3-56ba77341834 was interrupted, exiting. There are 0 tasks remaining in the queue.
2019-08-13 05:32:07,534 INFO  segmented.SegmentedRaftLogWorker (SegmentedRaftLogWorker.java:close(228)) - ca6a72ac-2720-408e-ab08-4c16411735a5-SegmentedRaftLogWorker:Storage Directory /workdir/hadoop-ozone/integration-test/target/test-dir/MiniOzoneClusterImpl-e42735e1-9878-48e1-8bbd-267bfeafd40a/datanode-4/data/ratis/7fef5472-1e44-41fd-b0d9-baddaceb55e6 close()
2019-08-13 05:32:07,535 INFO  segmented.SegmentedRaftLogWorker (SegmentedRaftLogWorker.java:close(228)) - 127a8ccf-fb8c-459e-a42f-30aa8deb48cc-SegmentedRaftLogWorker:Storage Directory /workdir/hadoop-ozone/integration-test/target/test-dir/MiniOzoneClusterImpl-e42735e1-9878-48e1-8bbd-267bfeafd40a/datanode-1/data/ratis/d5cab22a-5803-4ca7-afa3-56ba77341834 close()
2019-08-13 05:32:07,538 INFO  server.GrpcService (GrpcService.java:closeImpl(155)) - ca6a72ac-2720-408e-ab08-4c16411735a5: shutdown server with port 35621 now
2019-08-13 05:32:07,540 INFO  server.GrpcService (GrpcService.java:closeImpl(155)) - 127a8ccf-fb8c-459e-a42f-30aa8deb48cc: shutdown server with port 36864 now
2019-08-13 05:32:07,540 INFO  server.GrpcService (GrpcService.java:closeImpl(163)) - ca6a72ac-2720-408e-ab08-4c16411735a5: shutdown server with port 35621 successfully
2019-08-13 05:32:07,542 INFO  server.GrpcService (GrpcService.java:closeImpl(163)) - 127a8ccf-fb8c-459e-a42f-30aa8deb48cc: shutdown server with port 36864 successfully
2019-08-13 05:32:07,544 WARN  client.GrpcClientProtocolService (LogUtils.java:warn(134)) - 1-UnorderedRequestStreamObserver1: onError: org.apache.ratis.thirdparty.io.grpc.StatusRuntimeException: CANCELLED: cancelled before receiving half close
2019-08-13 05:32:07,544 INFO  utils.BackgroundService (BackgroundService.java:shutdown(148)) - Shutting down service BlockDeletingService
2019-08-13 05:32:07,545 WARN  fs.CachingGetSpaceUsed (CachingGetSpaceUsed.java:run(183)) - Thread Interrupted waiting to refresh disk information: sleep interrupted
2019-08-13 05:32:07,548 INFO  utils.BackgroundService (BackgroundService.java:shutdown(148)) - Shutting down service BlockDeletingService
2019-08-13 05:32:07,551 WARN  fs.CachingGetSpaceUsed (CachingGetSpaceUsed.java:run(183)) - Thread Interrupted waiting to refresh disk information: sleep interrupted
2019-08-13 05:32:07,566 INFO  statemachine.DatanodeStateMachine (DatanodeStateMachine.java:stopDaemon(395)) - Ozone container server stopped.
2019-08-13 05:32:07,571 INFO  handler.ContextHandler (ContextHandler.java:doStop(910)) - Stopped o.e.j.w.WebAppContext@1ac6dd3d{/,null,UNAVAILABLE}{/hddsDatanode}
2019-08-13 05:32:07,572 INFO  server.AbstractConnector (AbstractConnector.java:doStop(318)) - Stopped ServerConnector@562919fe{HTTP/1.1,[http/1.1]}{0.0.0.0:0}
2019-08-13 05:32:07,573 INFO  handler.ContextHandler (ContextHandler.java:doStop(910)) - Stopped o.e.j.s.ServletContextHandler@7fdd43cd{/static,jar:file:/home/user/.m2/repository/org/apache/hadoop/hadoop-hdds-container-service/0.5.0-SNAPSHOT/hadoop-hdds-container-service-0.5.0-SNAPSHOT.jar!/webapps/static,UNAVAILABLE}
2019-08-13 05:32:07,574 INFO  handler.ContextHandler (ContextHandler.java:doStop(910)) - Stopped o.e.j.s.ServletContextHandler@7fbd3e75{/logs,file:///workdir/hadoop-ozone/integration-test/target/log,UNAVAILABLE}
2019-08-13 05:32:07,575 INFO  datanode.ObjectStoreHandler (ObjectStoreHandler.java:close(155)) - Closing ObjectStoreHandler.
2019-08-13 05:32:07,576 INFO  ozone.HddsDatanodeService (HddsDatanodeService.java:stop(451)) - Stopped plug-in org.apache.hadoop.ozone.web.OzoneHddsDatanodeService@5b733ef7
2019-08-13 05:32:07,581 INFO  statemachine.DatanodeStateMachine (DatanodeStateMachine.java:stopDaemon(395)) - Ozone container server stopped.
2019-08-13 05:32:07,582 INFO  handler.ContextHandler (ContextHandler.java:doStop(910)) - Stopped o.e.j.w.WebAppContext@53314f76{/,null,UNAVAILABLE}{/hddsDatanode}
2019-08-13 05:32:07,583 INFO  server.AbstractConnector (AbstractConnector.java:doStop(318)) - Stopped ServerConnector@62a6674f{HTTP/1.1,[http/1.1]}{0.0.0.0:0}
2019-08-13 05:32:07,584 INFO  handler.ContextHandler (ContextHandler.java:doStop(910)) - Stopped o.e.j.s.ServletContextHandler@49a38b1{/static,jar:file:/home/user/.m2/repository/org/apache/hadoop/hadoop-hdds-container-service/0.5.0-SNAPSHOT/hadoop-hdds-container-service-0.5.0-SNAPSHOT.jar!/webapps/static,UNAVAILABLE}
2019-08-13 05:32:07,584 INFO  handler.ContextHandler (ContextHandler.java:doStop(910)) - Stopped o.e.j.s.ServletContextHandler@6d7ad0f5{/logs,file:///workdir/hadoop-ozone/integration-test/target/log,UNAVAILABLE}
2019-08-13 05:32:07,585 INFO  datanode.ObjectStoreHandler (ObjectStoreHandler.java:close(155)) - Closing ObjectStoreHandler.
2019-08-13 05:32:07,585 INFO  ozone.HddsDatanodeService (HddsDatanodeService.java:stop(451)) - Stopped plug-in org.apache.hadoop.ozone.web.OzoneHddsDatanodeService@240a2619
2019-08-13 05:32:07,649 INFO  statemachine.DatanodeStateMachine (DatanodeStateMachine.java:lambda$startDaemon$0(350)) - Ozone container server started.
2019-08-13 05:32:08,298 INFO  statemachine.DatanodeStateMachine (DatanodeStateMachine.java:lambda$startDaemon$0(350)) - Ozone container server started.
2019-08-13 05:32:08,685 WARN  server.GrpcLogAppender (LogUtils.java:warn(134)) - e2e36fa5-3716-44ec-b250-0958757b8e0d->8c7a36a9-a535-490d-b255-053094593b17: Failed appendEntries: org.apache.ratis.thirdparty.io.grpc.StatusRuntimeException: UNAVAILABLE: io exception
2019-08-13 05:32:08,686 WARN  server.GrpcLogAppender (LogUtils.java:warn(134)) - e2e36fa5-3716-44ec-b250-0958757b8e0d->a48f97e9-45bb-45d3-b154-22faf33201d2: Failed appendEntries: org.apache.ratis.thirdparty.io.grpc.StatusRuntimeException: UNAVAILABLE: io exception
2019-08-13 05:32:08,687 INFO  impl.FollowerInfo (FollowerInfo.java:lambda$new$0(50)) - e2e36fa5-3716-44ec-b250-0958757b8e0d->8c7a36a9-a535-490d-b255-053094593b17: nextIndex: updateUnconditionally 16 -> 15
2019-08-13 05:32:08,688 INFO  impl.FollowerInfo (FollowerInfo.java:lambda$new$0(50)) - e2e36fa5-3716-44ec-b250-0958757b8e0d->a48f97e9-45bb-45d3-b154-22faf33201d2: nextIndex: updateUnconditionally 13 -> 12
2019-08-13 05:32:11,189 WARN  server.GrpcLogAppender (LogUtils.java:warn(134)) - e2e36fa5-3716-44ec-b250-0958757b8e0d->8c7a36a9-a535-490d-b255-053094593b17: Failed appendEntries: org.apache.ratis.thirdparty.io.grpc.StatusRuntimeException: UNAVAILABLE: io exception
2019-08-13 05:32:11,189 WARN  server.GrpcLogAppender (LogUtils.java:warn(134)) - e2e36fa5-3716-44ec-b250-0958757b8e0d->a48f97e9-45bb-45d3-b154-22faf33201d2: Failed appendEntries: org.apache.ratis.thirdparty.io.grpc.StatusRuntimeException: UNAVAILABLE: io exception
2019-08-13 05:32:11,193 INFO  impl.FollowerInfo (FollowerInfo.java:lambda$new$0(50)) - e2e36fa5-3716-44ec-b250-0958757b8e0d->8c7a36a9-a535-490d-b255-053094593b17: nextIndex: updateUnconditionally 15 -> 14
2019-08-13 05:32:11,194 INFO  impl.FollowerInfo (FollowerInfo.java:lambda$new$0(50)) - e2e36fa5-3716-44ec-b250-0958757b8e0d->a48f97e9-45bb-45d3-b154-22faf33201d2: nextIndex: updateUnconditionally 12 -> 11
2019-08-13 05:32:11,725 INFO  node.StaleNodeHandler (StaleNodeHandler.java:onMessage(58)) - Datanode 8bbbc601-faf5-4d98-aab4-ae5f61b448a1{ip: 192.168.5.174, host: trunk-nightly-m7jb8-1436528744, networkLocation: /default-rack, certSerialId: null} moved to stale state. Finalizing its pipelines [PipelineID=f2fd69e8-51ce-4421-8fa0-01ec80ab5095]
2019-08-13 05:32:11,726 INFO  pipeline.SCMPipelineManager (SCMPipelineManager.java:finalizeAndDestroyPipeline(309)) - destroying pipeline:Pipeline[ Id: f2fd69e8-51ce-4421-8fa0-01ec80ab5095, Nodes: 8bbbc601-faf5-4d98-aab4-ae5f61b448a1{ip: 192.168.5.174, host: trunk-nightly-m7jb8-1436528744, networkLocation: /default-rack, certSerialId: null}, Type:RATIS, Factor:ONE, State:OPEN]
2019-08-13 05:32:11,726 INFO  pipeline.PipelineStateManager (PipelineStateManager.java:finalizePipeline(123)) - Pipeline Pipeline[ Id: f2fd69e8-51ce-4421-8fa0-01ec80ab5095, Nodes: 8bbbc601-faf5-4d98-aab4-ae5f61b448a1{ip: 192.168.5.174, host: trunk-nightly-m7jb8-1436528744, networkLocation: /default-rack, certSerialId: null}, Type:RATIS, Factor:ONE, State:CLOSED] moved to CLOSED state
2019-08-13 05:32:12,327 INFO  node.StaleNodeHandler (StaleNodeHandler.java:onMessage(58)) - Datanode 890438a0-2e3a-4e6d-a5ca-c02079b295cd{ip: 192.168.5.174, host: trunk-nightly-m7jb8-1436528744, networkLocation: /default-rack, certSerialId: null} moved to stale state. Finalizing its pipelines [PipelineID=643d50cb-e2ab-4d27-90f4-940b485ed56d, PipelineID=bcbe679a-8fc1-4d5d-a4b3-9340c0e17f40]
2019-08-13 05:32:12,327 INFO  pipeline.SCMPipelineManager (SCMPipelineManager.java:finalizeAndDestroyPipeline(309)) - destroying pipeline:Pipeline[ Id: 643d50cb-e2ab-4d27-90f4-940b485ed56d, Nodes: 890438a0-2e3a-4e6d-a5ca-c02079b295cd{ip: 192.168.5.174, host: trunk-nightly-m7jb8-1436528744, networkLocation: /default-rack, certSerialId: null}, Type:RATIS, Factor:ONE, State:OPEN]
2019-08-13 05:32:12,327 INFO  pipeline.PipelineStateManager (PipelineStateManager.java:finalizePipeline(123)) - Pipeline Pipeline[ Id: 643d50cb-e2ab-4d27-90f4-940b485ed56d, Nodes: 890438a0-2e3a-4e6d-a5ca-c02079b295cd{ip: 192.168.5.174, host: trunk-nightly-m7jb8-1436528744, networkLocation: /default-rack, certSerialId: null}, Type:RATIS, Factor:ONE, State:CLOSED] moved to CLOSED state
2019-08-13 05:32:12,328 INFO  pipeline.SCMPipelineManager (SCMPipelineManager.java:finalizeAndDestroyPipeline(309)) - destroying pipeline:Pipeline[ Id: bcbe679a-8fc1-4d5d-a4b3-9340c0e17f40, Nodes: ca6a72ac-2720-408e-ab08-4c16411735a5{ip: 192.168.5.174, host: trunk-nightly-m7jb8-1436528744, networkLocation: /default-rack, certSerialId: null}127a8ccf-fb8c-459e-a42f-30aa8deb48cc{ip: 192.168.5.174, host: trunk-nightly-m7jb8-1436528744, networkLocation: /default-rack, certSerialId: null}890438a0-2e3a-4e6d-a5ca-c02079b295cd{ip: 192.168.5.174, host: trunk-nightly-m7jb8-1436528744, networkLocation: /default-rack, certSerialId: null}, Type:RATIS, Factor:THREE, State:CLOSED]
2019-08-13 05:32:12,576 INFO  ozoneimpl.OzoneContainer (OzoneContainer.java:stop(199)) - Attempting to stop container services.
2019-08-13 05:32:12,577 INFO  impl.RaftServerProxy (RaftServerProxy.java:lambda$close$4(314)) - 8bbbc601-faf5-4d98-aab4-ae5f61b448a1: close
2019-08-13 05:32:12,577 INFO  impl.RaftServerImpl (RaftServerImpl.java:lambda$shutdown$3(245)) - 8bbbc601-faf5-4d98-aab4-ae5f61b448a1: shutdown group-01EC80AB5095
2019-08-13 05:32:12,577 INFO  util.JmxRegister (JmxRegister.java:unregister(73)) - Successfully un-registered JMX Bean with object name Ratis:service=RaftServer,group=group-01EC80AB5095,id=8bbbc601-faf5-4d98-aab4-ae5f61b448a1
2019-08-13 05:32:12,578 INFO  impl.RoleInfo (RoleInfo.java:shutdownLeaderState(104)) - 8bbbc601-faf5-4d98-aab4-ae5f61b448a1: shutdown LeaderState
2019-08-13 05:32:12,578 INFO  impl.PendingRequests (PendingRequests.java:sendNotLeaderResponses(202)) - 8bbbc601-faf5-4d98-aab4-ae5f61b448a1-PendingRequests: sendNotLeaderResponses
2019-08-13 05:32:12,578 INFO  impl.StateMachineUpdater (StateMachineUpdater.java:stopAndJoin(115)) - StateMachineUpdater:8bbbc601-faf5-4d98-aab4-ae5f61b448a1:group-01EC80AB5095: set stopIndex = 0
2019-08-13 05:32:12,579 INFO  impl.RaftServerImpl (ServerState.java:close(394)) - 8bbbc601-faf5-4d98-aab4-ae5f61b448a1:group-01EC80AB5095 closes. The last applied log index is 0
2019-08-13 05:32:12,579 INFO  segmented.SegmentedRaftLogWorker (SegmentedRaftLogWorker.java:run(313)) - 8bbbc601-faf5-4d98-aab4-ae5f61b448a1-SegmentedRaftLogWorker:Storage Directory /workdir/hadoop-ozone/integration-test/target/test-dir/MiniOzoneClusterImpl-e42735e1-9878-48e1-8bbd-267bfeafd40a/datanode-2/data/ratis/f2fd69e8-51ce-4421-8fa0-01ec80ab5095 was interrupted, exiting. There are 0 tasks remaining in the queue.
2019-08-13 05:32:12,586 INFO  segmented.SegmentedRaftLogWorker (SegmentedRaftLogWorker.java:close(228)) - 8bbbc601-faf5-4d98-aab4-ae5f61b448a1-SegmentedRaftLogWorker:Storage Directory /workdir/hadoop-ozone/integration-test/target/test-dir/MiniOzoneClusterImpl-e42735e1-9878-48e1-8bbd-267bfeafd40a/datanode-2/data/ratis/f2fd69e8-51ce-4421-8fa0-01ec80ab5095 close()
2019-08-13 05:32:12,587 INFO  ozoneimpl.OzoneContainer (OzoneContainer.java:stop(199)) - Attempting to stop container services.
2019-08-13 05:32:12,589 INFO  server.GrpcService (GrpcService.java:closeImpl(155)) - 8bbbc601-faf5-4d98-aab4-ae5f61b448a1: shutdown server with port 38981 now
2019-08-13 05:32:12,590 INFO  impl.RaftServerProxy (RaftServerProxy.java:lambda$close$4(314)) - 890438a0-2e3a-4e6d-a5ca-c02079b295cd: close
2019-08-13 05:32:12,591 INFO  server.GrpcService (GrpcService.java:closeImpl(163)) - 8bbbc601-faf5-4d98-aab4-ae5f61b448a1: shutdown server with port 38981 successfully
2019-08-13 05:32:12,591 INFO  impl.RaftServerImpl (RaftServerImpl.java:lambda$shutdown$3(245)) - 890438a0-2e3a-4e6d-a5ca-c02079b295cd: shutdown group-940B485ED56D
2019-08-13 05:32:12,592 INFO  utils.BackgroundService (BackgroundService.java:shutdown(148)) - Shutting down service BlockDeletingService
2019-08-13 05:32:12,592 INFO  util.JmxRegister (JmxRegister.java:unregister(73)) - Successfully un-registered JMX Bean with object name Ratis:service=RaftServer,group=group-940B485ED56D,id=890438a0-2e3a-4e6d-a5ca-c02079b295cd
2019-08-13 05:32:12,593 INFO  impl.RoleInfo (RoleInfo.java:shutdownLeaderState(104)) - 890438a0-2e3a-4e6d-a5ca-c02079b295cd: shutdown LeaderState
2019-08-13 05:32:12,593 WARN  fs.CachingGetSpaceUsed (CachingGetSpaceUsed.java:run(183)) - Thread Interrupted waiting to refresh disk information: sleep interrupted
2019-08-13 05:32:12,593 INFO  impl.PendingRequests (PendingRequests.java:sendNotLeaderResponses(202)) - 890438a0-2e3a-4e6d-a5ca-c02079b295cd-PendingRequests: sendNotLeaderResponses
2019-08-13 05:32:12,594 INFO  impl.StateMachineUpdater (StateMachineUpdater.java:stopAndJoin(115)) - StateMachineUpdater:890438a0-2e3a-4e6d-a5ca-c02079b295cd:group-940B485ED56D: set stopIndex = 0
2019-08-13 05:32:12,594 INFO  impl.RaftServerImpl (ServerState.java:close(394)) - 890438a0-2e3a-4e6d-a5ca-c02079b295cd:group-940B485ED56D closes. The last applied log index is 0
2019-08-13 05:32:12,595 INFO  segmented.SegmentedRaftLogWorker (SegmentedRaftLogWorker.java:run(313)) - 890438a0-2e3a-4e6d-a5ca-c02079b295cd-SegmentedRaftLogWorker:Storage Directory /workdir/hadoop-ozone/integration-test/target/test-dir/MiniOzoneClusterImpl-e42735e1-9878-48e1-8bbd-267bfeafd40a/datanode-6/data/ratis/643d50cb-e2ab-4d27-90f4-940b485ed56d was interrupted, exiting. There are 0 tasks remaining in the queue.
2019-08-13 05:32:12,597 INFO  segmented.SegmentedRaftLogWorker (SegmentedRaftLogWorker.java:close(228)) - 890438a0-2e3a-4e6d-a5ca-c02079b295cd-SegmentedRaftLogWorker:Storage Directory /workdir/hadoop-ozone/integration-test/target/test-dir/MiniOzoneClusterImpl-e42735e1-9878-48e1-8bbd-267bfeafd40a/datanode-6/data/ratis/643d50cb-e2ab-4d27-90f4-940b485ed56d close()
2019-08-13 05:32:12,604 INFO  impl.RaftServerImpl (RaftServerImpl.java:lambda$shutdown$3(245)) - 890438a0-2e3a-4e6d-a5ca-c02079b295cd: shutdown group-9340C0E17F40
2019-08-13 05:32:12,605 INFO  util.JmxRegister (JmxRegister.java:unregister(73)) - Successfully un-registered JMX Bean with object name Ratis:service=RaftServer,group=group-9340C0E17F40,id=890438a0-2e3a-4e6d-a5ca-c02079b295cd
2019-08-13 05:32:12,605 INFO  impl.RoleInfo (RoleInfo.java:shutdownFollowerState(121)) - 890438a0-2e3a-4e6d-a5ca-c02079b295cd: shutdown FollowerState
2019-08-13 05:32:12,607 INFO  impl.StateMachineUpdater (StateMachineUpdater.java:stopAndJoin(115)) - StateMachineUpdater:890438a0-2e3a-4e6d-a5ca-c02079b295cd:group-9340C0E17F40: set stopIndex = 16
2019-08-13 05:32:12,607 INFO  impl.FollowerState (FollowerState.java:run(114)) - 890438a0-2e3a-4e6d-a5ca-c02079b295cd: FollowerState was interrupted: java.lang.InterruptedException: sleep interrupted
2019-08-13 05:32:12,607 INFO  ratis.ContainerStateMachine (ContainerStateMachine.java:takeSnapshot(271)) - group-9340C0E17F40: Taking a snapshot at:(t:1, i:14) file /workdir/hadoop-ozone/integration-test/target/test-dir/MiniOzoneClusterImpl-e42735e1-9878-48e1-8bbd-267bfeafd40a/datanode-6/data/ratis/bcbe679a-8fc1-4d5d-a4b3-9340c0e17f40/sm/snapshot.1_14
2019-08-13 05:32:12,625 INFO  ratis.ContainerStateMachine (ContainerStateMachine.java:takeSnapshot(282)) - group-9340C0E17F40: Finished taking a snapshot at:(t:1, i:14) file:/workdir/hadoop-ozone/integration-test/target/test-dir/MiniOzoneClusterImpl-e42735e1-9878-48e1-8bbd-267bfeafd40a/datanode-6/data/ratis/bcbe679a-8fc1-4d5d-a4b3-9340c0e17f40/sm/snapshot.1_14 time:17
2019-08-13 05:32:12,626 INFO  statemachine.DatanodeStateMachine (DatanodeStateMachine.java:stopDaemon(395)) - Ozone container server stopped.
2019-08-13 05:32:12,626 INFO  impl.StateMachineUpdater (StateMachineUpdater.java:takeSnapshot(242)) - StateMachineUpdater:890438a0-2e3a-4e6d-a5ca-c02079b295cd:group-9340C0E17F40: Took a snapshot at index 14
2019-08-13 05:32:12,627 INFO  impl.StateMachineUpdater (StateMachineUpdater.java:lambda$new$0(80)) - StateMachineUpdater:890438a0-2e3a-4e6d-a5ca-c02079b295cd:group-9340C0E17F40: snapshotIndex: updateIncreasingly -1 -> 14
2019-08-13 05:32:12,629 INFO  impl.RaftServerImpl (ServerState.java:close(394)) - 890438a0-2e3a-4e6d-a5ca-c02079b295cd:group-9340C0E17F40 closes. The last applied log index is 16
2019-08-13 05:32:12,630 INFO  segmented.SegmentedRaftLogWorker (SegmentedRaftLogWorker.java:run(313)) - 890438a0-2e3a-4e6d-a5ca-c02079b295cd-SegmentedRaftLogWorker:Storage Directory /workdir/hadoop-ozone/integration-test/target/test-dir/MiniOzoneClusterImpl-e42735e1-9878-48e1-8bbd-267bfeafd40a/datanode-6/data/ratis/bcbe679a-8fc1-4d5d-a4b3-9340c0e17f40 was interrupted, exiting. There are 0 tasks remaining in the queue.
2019-08-13 05:32:12,631 INFO  segmented.SegmentedRaftLogWorker (SegmentedRaftLogWorker.java:close(228)) - 890438a0-2e3a-4e6d-a5ca-c02079b295cd-SegmentedRaftLogWorker:Storage Directory /workdir/hadoop-ozone/integration-test/target/test-dir/MiniOzoneClusterImpl-e42735e1-9878-48e1-8bbd-267bfeafd40a/datanode-6/data/ratis/bcbe679a-8fc1-4d5d-a4b3-9340c0e17f40 close()
2019-08-13 05:32:12,631 INFO  handler.ContextHandler (ContextHandler.java:doStop(910)) - Stopped o.e.j.w.WebAppContext@27960b1e{/,null,UNAVAILABLE}{/hddsDatanode}
2019-08-13 05:32:12,633 INFO  server.GrpcService (GrpcService.java:closeImpl(155)) - 890438a0-2e3a-4e6d-a5ca-c02079b295cd: shutdown server with port 36433 now
2019-08-13 05:32:12,633 INFO  server.GrpcService (GrpcService.java:closeImpl(163)) - 890438a0-2e3a-4e6d-a5ca-c02079b295cd: shutdown server with port 36433 successfully
2019-08-13 05:32:12,633 INFO  server.AbstractConnector (AbstractConnector.java:doStop(318)) - Stopped ServerConnector@643ba1ed{HTTP/1.1,[http/1.1]}{0.0.0.0:0}
2019-08-13 05:32:12,635 INFO  utils.BackgroundService (BackgroundService.java:shutdown(148)) - Shutting down service BlockDeletingService
2019-08-13 05:32:12,635 INFO  handler.ContextHandler (ContextHandler.java:doStop(910)) - Stopped o.e.j.s.ServletContextHandler@1ef31f71{/static,jar:file:/home/user/.m2/repository/org/apache/hadoop/hadoop-hdds-container-service/0.5.0-SNAPSHOT/hadoop-hdds-container-service-0.5.0-SNAPSHOT.jar!/webapps/static,UNAVAILABLE}
2019-08-13 05:32:12,637 INFO  handler.ContextHandler (ContextHandler.java:doStop(910)) - Stopped o.e.j.s.ServletContextHandler@6637a365{/logs,file:///workdir/hadoop-ozone/integration-test/target/log,UNAVAILABLE}
2019-08-13 05:32:12,637 WARN  fs.CachingGetSpaceUsed (CachingGetSpaceUsed.java:run(183)) - Thread Interrupted waiting to refresh disk information: sleep interrupted
2019-08-13 05:32:12,639 INFO  datanode.ObjectStoreHandler (ObjectStoreHandler.java:close(155)) - Closing ObjectStoreHandler.
2019-08-13 05:32:12,640 INFO  ozone.HddsDatanodeService (HddsDatanodeService.java:stop(451)) - Stopped plug-in org.apache.hadoop.ozone.web.OzoneHddsDatanodeService@20a3e10c
2019-08-13 05:32:12,654 INFO  statemachine.DatanodeStateMachine (DatanodeStateMachine.java:stopDaemon(395)) - Ozone container server stopped.
2019-08-13 05:32:12,655 INFO  handler.ContextHandler (ContextHandler.java:doStop(910)) - Stopped o.e.j.w.WebAppContext@4ae8fb2a{/,null,UNAVAILABLE}{/hddsDatanode}
2019-08-13 05:32:12,656 INFO  server.AbstractConnector (AbstractConnector.java:doStop(318)) - Stopped ServerConnector@54326e9{HTTP/1.1,[http/1.1]}{0.0.0.0:0}
2019-08-13 05:32:12,656 INFO  handler.ContextHandler (ContextHandler.java:doStop(910)) - Stopped o.e.j.s.ServletContextHandler@48567727{/static,jar:file:/home/user/.m2/repository/org/apache/hadoop/hadoop-hdds-container-service/0.5.0-SNAPSHOT/hadoop-hdds-container-service-0.5.0-SNAPSHOT.jar!/webapps/static,UNAVAILABLE}
2019-08-13 05:32:12,657 INFO  handler.ContextHandler (ContextHandler.java:doStop(910)) - Stopped o.e.j.s.ServletContextHandler@6afbe6a1{/logs,file:///workdir/hadoop-ozone/integration-test/target/log,UNAVAILABLE}
2019-08-13 05:32:12,689 INFO  statemachine.DatanodeStateMachine (DatanodeStateMachine.java:lambda$startDaemon$0(350)) - Ozone container server started.
2019-08-13 05:32:13,692 WARN  server.GrpcLogAppender (LogUtils.java:warn(134)) - e2e36fa5-3716-44ec-b250-0958757b8e0d->a48f97e9-45bb-45d3-b154-22faf33201d2: Failed appendEntries: org.apache.ratis.thirdparty.io.grpc.StatusRuntimeException: UNAVAILABLE: io exception
2019-08-13 05:32:13,692 WARN  server.GrpcLogAppender (LogUtils.java:warn(134)) - e2e36fa5-3716-44ec-b250-0958757b8e0d->8c7a36a9-a535-490d-b255-053094593b17: Failed appendEntries: org.apache.ratis.thirdparty.io.grpc.StatusRuntimeException: UNAVAILABLE: io exception
2019-08-13 05:32:13,694 INFO  impl.FollowerInfo (FollowerInfo.java:lambda$new$0(50)) - e2e36fa5-3716-44ec-b250-0958757b8e0d->a48f97e9-45bb-45d3-b154-22faf33201d2: nextIndex: updateUnconditionally 11 -> 10
2019-08-13 05:32:13,695 INFO  impl.FollowerInfo (FollowerInfo.java:lambda$new$0(50)) - e2e36fa5-3716-44ec-b250-0958757b8e0d->8c7a36a9-a535-490d-b255-053094593b17: nextIndex: updateUnconditionally 14 -> 13
2019-08-13 05:32:16,194 WARN  server.GrpcLogAppender (LogUtils.java:warn(134)) - e2e36fa5-3716-44ec-b250-0958757b8e0d->8c7a36a9-a535-490d-b255-053094593b17: Failed appendEntries: org.apache.ratis.thirdparty.io.grpc.StatusRuntimeException: UNAVAILABLE: io exception
2019-08-13 05:32:16,194 WARN  server.GrpcLogAppender (LogUtils.java:warn(134)) - e2e36fa5-3716-44ec-b250-0958757b8e0d->a48f97e9-45bb-45d3-b154-22faf33201d2: Failed appendEntries: org.apache.ratis.thirdparty.io.grpc.StatusRuntimeException: UNAVAILABLE: io exception
2019-08-13 05:32:16,195 INFO  impl.FollowerInfo (FollowerInfo.java:lambda$new$0(50)) - e2e36fa5-3716-44ec-b250-0958757b8e0d->8c7a36a9-a535-490d-b255-053094593b17: nextIndex: updateUnconditionally 13 -> 12
2019-08-13 05:32:16,196 INFO  impl.FollowerInfo (FollowerInfo.java:lambda$new$0(50)) - e2e36fa5-3716-44ec-b250-0958757b8e0d->a48f97e9-45bb-45d3-b154-22faf33201d2: nextIndex: updateUnconditionally 10 -> 9
2019-08-13 05:32:16,737 INFO  node.StaleNodeHandler (StaleNodeHandler.java:onMessage(58)) - Datanode e2e36fa5-3716-44ec-b250-0958757b8e0d{ip: 192.168.5.174, host: trunk-nightly-m7jb8-1436528744, networkLocation: /default-rack, certSerialId: null} moved to stale state. Finalizing its pipelines [PipelineID=d6778a28-54c2-449d-8310-d3bc615e2310, PipelineID=6bfd066f-8de3-4cf6-aaca-4b9ab3cf914b]
2019-08-13 05:32:16,737 INFO  pipeline.SCMPipelineManager (SCMPipelineManager.java:finalizeAndDestroyPipeline(309)) - destroying pipeline:Pipeline[ Id: d6778a28-54c2-449d-8310-d3bc615e2310, Nodes: e2e36fa5-3716-44ec-b250-0958757b8e0d{ip: 192.168.5.174, host: trunk-nightly-m7jb8-1436528744, networkLocation: /default-rack, certSerialId: null}, Type:RATIS, Factor:ONE, State:OPEN]
2019-08-13 05:32:16,737 INFO  pipeline.PipelineStateManager (PipelineStateManager.java:finalizePipeline(123)) - Pipeline Pipeline[ Id: d6778a28-54c2-449d-8310-d3bc615e2310, Nodes: e2e36fa5-3716-44ec-b250-0958757b8e0d{ip: 192.168.5.174, host: trunk-nightly-m7jb8-1436528744, networkLocation: /default-rack, certSerialId: null}, Type:RATIS, Factor:ONE, State:CLOSED] moved to CLOSED state
2019-08-13 05:32:16,738 INFO  pipeline.SCMPipelineManager (SCMPipelineManager.java:finalizeAndDestroyPipeline(309)) - destroying pipeline:Pipeline[ Id: 6bfd066f-8de3-4cf6-aaca-4b9ab3cf914b, Nodes: a48f97e9-45bb-45d3-b154-22faf33201d2{ip: 192.168.5.174, host: trunk-nightly-m7jb8-1436528744, networkLocation: /default-rack, certSerialId: null}8c7a36a9-a535-490d-b255-053094593b17{ip: 192.168.5.174, host: trunk-nightly-m7jb8-1436528744, networkLocation: /default-rack, certSerialId: null}e2e36fa5-3716-44ec-b250-0958757b8e0d{ip: 192.168.5.174, host: trunk-nightly-m7jb8-1436528744, networkLocation: /default-rack, certSerialId: null}, Type:RATIS, Factor:THREE, State:CLOSED]
2019-08-13 05:32:17,641 INFO  ozoneimpl.OzoneContainer (OzoneContainer.java:stop(199)) - Attempting to stop container services.
2019-08-13 05:32:17,641 INFO  impl.RaftServerProxy (RaftServerProxy.java:lambda$close$4(314)) - e2e36fa5-3716-44ec-b250-0958757b8e0d: close
2019-08-13 05:32:17,642 INFO  impl.RaftServerImpl (RaftServerImpl.java:lambda$shutdown$3(245)) - e2e36fa5-3716-44ec-b250-0958757b8e0d: shutdown group-D3BC615E2310
2019-08-13 05:32:17,642 INFO  util.JmxRegister (JmxRegister.java:unregister(73)) - Successfully un-registered JMX Bean with object name Ratis:service=RaftServer,group=group-D3BC615E2310,id=e2e36fa5-3716-44ec-b250-0958757b8e0d
2019-08-13 05:32:17,643 INFO  impl.RoleInfo (RoleInfo.java:shutdownLeaderState(104)) - e2e36fa5-3716-44ec-b250-0958757b8e0d: shutdown LeaderState
2019-08-13 05:32:17,643 INFO  impl.PendingRequests (PendingRequests.java:sendNotLeaderResponses(202)) - e2e36fa5-3716-44ec-b250-0958757b8e0d-PendingRequests: sendNotLeaderResponses
2019-08-13 05:32:17,643 INFO  impl.StateMachineUpdater (StateMachineUpdater.java:stopAndJoin(115)) - StateMachineUpdater:e2e36fa5-3716-44ec-b250-0958757b8e0d:group-D3BC615E2310: set stopIndex = 0
2019-08-13 05:32:17,644 INFO  impl.RaftServerImpl (ServerState.java:close(394)) - e2e36fa5-3716-44ec-b250-0958757b8e0d:group-D3BC615E2310 closes. The last applied log index is 0
2019-08-13 05:32:17,644 INFO  segmented.SegmentedRaftLogWorker (SegmentedRaftLogWorker.java:run(313)) - e2e36fa5-3716-44ec-b250-0958757b8e0d-SegmentedRaftLogWorker:Storage Directory /workdir/hadoop-ozone/integration-test/target/test-dir/MiniOzoneClusterImpl-e42735e1-9878-48e1-8bbd-267bfeafd40a/datanode-5/data/ratis/d6778a28-54c2-449d-8310-d3bc615e2310 was interrupted, exiting. There are 0 tasks remaining in the queue.
2019-08-13 05:32:17,645 INFO  segmented.SegmentedRaftLogWorker (SegmentedRaftLogWorker.java:close(228)) - e2e36fa5-3716-44ec-b250-0958757b8e0d-SegmentedRaftLogWorker:Storage Directory /workdir/hadoop-ozone/integration-test/target/test-dir/MiniOzoneClusterImpl-e42735e1-9878-48e1-8bbd-267bfeafd40a/datanode-5/data/ratis/d6778a28-54c2-449d-8310-d3bc615e2310 close()
2019-08-13 05:32:17,647 INFO  impl.RaftServerImpl (RaftServerImpl.java:lambda$shutdown$3(245)) - e2e36fa5-3716-44ec-b250-0958757b8e0d: shutdown group-4B9AB3CF914B
2019-08-13 05:32:17,647 INFO  util.JmxRegister (JmxRegister.java:unregister(73)) - Successfully un-registered JMX Bean with object name Ratis:service=RaftServer,group=group-4B9AB3CF914B,id=e2e36fa5-3716-44ec-b250-0958757b8e0d
2019-08-13 05:32:17,647 INFO  impl.RoleInfo (RoleInfo.java:shutdownLeaderState(104)) - e2e36fa5-3716-44ec-b250-0958757b8e0d: shutdown LeaderState
2019-08-13 05:32:17,649 WARN  server.GrpcLogAppender (GrpcLogAppender.java:mayWait(143)) - GrpcLogAppender(e2e36fa5-3716-44ec-b250-0958757b8e0d->a48f97e9-45bb-45d3-b154-22faf33201d2): Wait interrupted by java.lang.InterruptedException
2019-08-13 05:32:17,649 INFO  impl.PendingRequests (PendingRequests.java:sendNotLeaderResponses(202)) - e2e36fa5-3716-44ec-b250-0958757b8e0d-PendingRequests: sendNotLeaderResponses
2019-08-13 05:32:17,649 WARN  server.GrpcLogAppender (GrpcLogAppender.java:mayWait(143)) - GrpcLogAppender(e2e36fa5-3716-44ec-b250-0958757b8e0d->8c7a36a9-a535-490d-b255-053094593b17): Wait interrupted by java.lang.InterruptedException
2019-08-13 05:32:17,652 INFO  impl.StateMachineUpdater (StateMachineUpdater.java:stopAndJoin(115)) - StateMachineUpdater:e2e36fa5-3716-44ec-b250-0958757b8e0d:group-4B9AB3CF914B: set stopIndex = 18
2019-08-13 05:32:17,652 INFO  ratis.ContainerStateMachine (ContainerStateMachine.java:takeSnapshot(271)) - group-4B9AB3CF914B: Taking a snapshot at:(t:1, i:18) file /workdir/hadoop-ozone/integration-test/target/test-dir/MiniOzoneClusterImpl-e42735e1-9878-48e1-8bbd-267bfeafd40a/datanode-5/data/ratis/6bfd066f-8de3-4cf6-aaca-4b9ab3cf914b/sm/snapshot.1_18
2019-08-13 05:32:17,659 INFO  ratis.ContainerStateMachine (ContainerStateMachine.java:takeSnapshot(282)) - group-4B9AB3CF914B: Finished taking a snapshot at:(t:1, i:18) file:/workdir/hadoop-ozone/integration-test/target/test-dir/MiniOzoneClusterImpl-e42735e1-9878-48e1-8bbd-267bfeafd40a/datanode-5/data/ratis/6bfd066f-8de3-4cf6-aaca-4b9ab3cf914b/sm/snapshot.1_18 time:7
2019-08-13 05:32:17,659 INFO  impl.StateMachineUpdater (StateMachineUpdater.java:takeSnapshot(242)) - StateMachineUpdater:e2e36fa5-3716-44ec-b250-0958757b8e0d:group-4B9AB3CF914B: Took a snapshot at index 18
2019-08-13 05:32:17,659 INFO  impl.StateMachineUpdater (StateMachineUpdater.java:lambda$new$0(80)) - StateMachineUpdater:e2e36fa5-3716-44ec-b250-0958757b8e0d:group-4B9AB3CF914B: snapshotIndex: updateIncreasingly -1 -> 18
2019-08-13 05:32:17,660 INFO  impl.RaftServerImpl (ServerState.java:close(394)) - e2e36fa5-3716-44ec-b250-0958757b8e0d:group-4B9AB3CF914B closes. The last applied log index is 18
2019-08-13 05:32:17,660 INFO  segmented.SegmentedRaftLogWorker (SegmentedRaftLogWorker.java:run(313)) - e2e36fa5-3716-44ec-b250-0958757b8e0d-SegmentedRaftLogWorker:Storage Directory /workdir/hadoop-ozone/integration-test/target/test-dir/MiniOzoneClusterImpl-e42735e1-9878-48e1-8bbd-267bfeafd40a/datanode-5/data/ratis/6bfd066f-8de3-4cf6-aaca-4b9ab3cf914b was interrupted, exiting. There are 0 tasks remaining in the queue.
2019-08-13 05:32:17,661 INFO  segmented.SegmentedRaftLogWorker (SegmentedRaftLogWorker.java:close(228)) - e2e36fa5-3716-44ec-b250-0958757b8e0d-SegmentedRaftLogWorker:Storage Directory /workdir/hadoop-ozone/integration-test/target/test-dir/MiniOzoneClusterImpl-e42735e1-9878-48e1-8bbd-267bfeafd40a/datanode-5/data/ratis/6bfd066f-8de3-4cf6-aaca-4b9ab3cf914b close()
2019-08-13 05:32:17,662 INFO  server.GrpcService (GrpcService.java:closeImpl(155)) - e2e36fa5-3716-44ec-b250-0958757b8e0d: shutdown server with port 43359 now
2019-08-13 05:32:17,664 WARN  client.GrpcClientProtocolService (LogUtils.java:warn(134)) - 2-UnorderedRequestStreamObserver2: onError: org.apache.ratis.thirdparty.io.grpc.StatusRuntimeException: CANCELLED: cancelled before receiving half close
2019-08-13 05:32:17,664 INFO  server.GrpcService (GrpcService.java:closeImpl(163)) - e2e36fa5-3716-44ec-b250-0958757b8e0d: shutdown server with port 43359 successfully
2019-08-13 05:32:17,666 INFO  utils.BackgroundService (BackgroundService.java:shutdown(148)) - Shutting down service BlockDeletingService
2019-08-13 05:32:17,668 WARN  fs.CachingGetSpaceUsed (CachingGetSpaceUsed.java:run(183)) - Thread Interrupted waiting to refresh disk information: sleep interrupted
2019-08-13 05:32:17,690 INFO  statemachine.DatanodeStateMachine (DatanodeStateMachine.java:stopDaemon(395)) - Ozone container server stopped.
2019-08-13 05:32:17,693 INFO  handler.ContextHandler (ContextHandler.java:doStop(910)) - Stopped o.e.j.w.WebAppContext@2fde9469{/,null,UNAVAILABLE}{/hddsDatanode}
2019-08-13 05:32:17,694 INFO  server.AbstractConnector (AbstractConnector.java:doStop(318)) - Stopped ServerConnector@1ecf0ac6{HTTP/1.1,[http/1.1]}{0.0.0.0:0}
2019-08-13 05:32:17,695 INFO  handler.ContextHandler (ContextHandler.java:doStop(910)) - Stopped o.e.j.s.ServletContextHandler@2aee0704{/static,jar:file:/home/user/.m2/repository/org/apache/hadoop/hadoop-hdds-container-service/0.5.0-SNAPSHOT/hadoop-hdds-container-service-0.5.0-SNAPSHOT.jar!/webapps/static,UNAVAILABLE}
2019-08-13 05:32:17,696 INFO  handler.ContextHandler (ContextHandler.java:doStop(910)) - Stopped o.e.j.s.ServletContextHandler@c9b5a99{/logs,file:///workdir/hadoop-ozone/integration-test/target/log,UNAVAILABLE}
2019-08-13 05:32:17,697 INFO  ozone.MiniOzoneClusterImpl (MiniOzoneClusterImpl.java:stop(353)) - Stopping the StorageContainerManager
2019-08-13 05:32:17,698 INFO  server.StorageContainerManager (StorageContainerManager.java:stop(797)) - Stopping Replication Manager Service.
2019-08-13 05:32:17,698 INFO  container.ReplicationManager (ReplicationManager.java:stop(187)) - Stopping Replication Monitor Thread.
2019-08-13 05:32:17,698 INFO  server.StorageContainerManager (StorageContainerManager.java:stop(804)) - Stopping Lease Manager of the command watchers
2019-08-13 05:32:17,699 INFO  server.StorageContainerManager (StorageContainerManager.java:stop(811)) - Stopping datanode service RPC server
2019-08-13 05:32:17,699 INFO  server.SCMDatanodeProtocolServer (SCMDatanodeProtocolServer.java:stop(367)) - Stopping the RPC server for DataNodes
2019-08-13 05:32:17,699 INFO  ipc.Server (Server.java:stop(3082)) - Stopping server on 41370
2019-08-13 05:32:17,701 INFO  ipc.Server (Server.java:run(1185)) - Stopping IPC Server listener on 41370
2019-08-13 05:32:17,701 INFO  ipc.Server (Server.java:run(1319)) - Stopping IPC Server Responder
2019-08-13 05:32:17,738 WARN  node.NodeStateManager (NodeStateManager.java:scheduleNextHealthCheck(646)) - Current Thread is interrupted, shutting down HB processing thread for Node Manager.
2019-08-13 05:32:17,739 INFO  server.StorageContainerManager (StorageContainerManager.java:stop(819)) - Stopping block service RPC server
2019-08-13 05:32:17,739 INFO  server.SCMBlockProtocolServer (SCMBlockProtocolServer.java:stop(148)) - Stopping the RPC server for Block Protocol
2019-08-13 05:32:17,739 INFO  ipc.Server (Server.java:stop(3082)) - Stopping server on 41186
2019-08-13 05:32:17,740 INFO  ipc.Server (Server.java:run(1185)) - Stopping IPC Server listener on 41186
2019-08-13 05:32:17,740 INFO  server.StorageContainerManager (StorageContainerManager.java:stop(826)) - Stopping the StorageContainerLocationProtocol RPC server
2019-08-13 05:32:17,742 INFO  server.SCMClientProtocolServer (SCMClientProtocolServer.java:stop(159)) - Stopping the RPC server for Client Protocol
2019-08-13 05:32:17,742 INFO  ipc.Server (Server.java:stop(3082)) - Stopping server on 44634
2019-08-13 05:32:17,742 INFO  ipc.Server (Server.java:run(1319)) - Stopping IPC Server Responder
2019-08-13 05:32:17,744 INFO  ipc.Server (Server.java:run(1185)) - Stopping IPC Server listener on 44634
2019-08-13 05:32:17,745 INFO  server.StorageContainerManager (StorageContainerManager.java:stop(833)) - Stopping Storage Container Manager HTTP server.
2019-08-13 05:32:17,745 INFO  ipc.Server (Server.java:run(1319)) - Stopping IPC Server Responder
2019-08-13 05:32:17,746 INFO  handler.ContextHandler (ContextHandler.java:doStop(910)) - Stopped o.e.j.w.WebAppContext@72f46e16{/,null,UNAVAILABLE}{/scm}
2019-08-13 05:32:17,747 INFO  server.AbstractConnector (AbstractConnector.java:doStop(318)) - Stopped ServerConnector@77307458{HTTP/1.1,[http/1.1]}{0.0.0.0:0}
2019-08-13 05:32:17,747 INFO  handler.ContextHandler (ContextHandler.java:doStop(910)) - Stopped o.e.j.s.ServletContextHandler@222eb8aa{/static,file:///workdir/hadoop-ozone/integration-test/target/test-classes/webapps/static,UNAVAILABLE}
2019-08-13 05:32:17,747 INFO  handler.ContextHandler (ContextHandler.java:doStop(910)) - Stopped o.e.j.s.ServletContextHandler@495b0487{/logs,file:///workdir/hadoop-ozone/integration-test/target/log,UNAVAILABLE}
2019-08-13 05:32:17,748 INFO  server.StorageContainerManager (StorageContainerManager.java:stop(844)) - Stopping Block Manager Service.
2019-08-13 05:32:17,749 INFO  utils.BackgroundService (BackgroundService.java:shutdown(148)) - Shutting down service SCMBlockDeletingService
2019-08-13 05:32:17,749 INFO  utils.BackgroundService (BackgroundService.java:shutdown(148)) - Shutting down service SCMBlockDeletingService
2019-08-13 05:32:17,750 INFO  server.StorageContainerManager (StorageContainerManager.java:stop(866)) - Stopping SCM Event Queue.
2019-08-13 05:32:17,757 INFO  impl.MetricsSystemImpl (MetricsSystemImpl.java:stop(210)) - Stopping XceiverClientMetrics metrics system...
2019-08-13 05:32:17,763 INFO  impl.MetricsSystemImpl (MetricsSystemImpl.java:stop(216)) - XceiverClientMetrics metrics system stopped.
]]></system-out>
    <system-err><![CDATA[ERROR StatusLogger No Log4j 2 configuration file found. Using default configuration (logging only errors to the console), or user programmatically provided configurations. Set system property 'log4j2.debug' to show Log4j 2 internal initialization logging. See https://logging.apache.org/log4j/2.x/manual/configuration.html for instructions on how to configure Log4j 2
Aug 13, 2019 5:31:39 AM com.sun.jersey.server.impl.application.WebApplicationImpl _initiate
INFO: Initiating Jersey application, version 'Jersey: 1.19 02/11/2015 03:25 AM'
Aug 13, 2019 5:31:40 AM com.sun.jersey.server.impl.application.WebApplicationImpl _initiate
INFO: Initiating Jersey application, version 'Jersey: 1.19 02/11/2015 03:25 AM'
Aug 13, 2019 5:31:40 AM com.sun.jersey.server.impl.application.WebApplicationImpl _initiate
INFO: Initiating Jersey application, version 'Jersey: 1.19 02/11/2015 03:25 AM'
Aug 13, 2019 5:31:40 AM com.sun.jersey.server.impl.application.WebApplicationImpl _initiate
INFO: Initiating Jersey application, version 'Jersey: 1.19 02/11/2015 03:25 AM'
Aug 13, 2019 5:31:41 AM com.sun.jersey.server.impl.application.WebApplicationImpl _initiate
INFO: Initiating Jersey application, version 'Jersey: 1.19 02/11/2015 03:25 AM'
Aug 13, 2019 5:31:41 AM com.sun.jersey.server.impl.application.WebApplicationImpl _initiate
INFO: Initiating Jersey application, version 'Jersey: 1.19 02/11/2015 03:25 AM'
Aug 13, 2019 5:31:41 AM com.sun.jersey.server.impl.application.WebApplicationImpl _initiate
INFO: Initiating Jersey application, version 'Jersey: 1.19 02/11/2015 03:25 AM'
]]></system-err>
  </testcase>
  <testcase name="testDatanodeFailureWithPreAllocation" classname="org.apache.hadoop.ozone.client.rpc.TestBlockOutputStreamWithFailures" time="224.777"/>
  <testcase name="testDatanodeFailureWithSingleNodeRatis" classname="org.apache.hadoop.ozone.client.rpc.TestBlockOutputStreamWithFailures" time="226.208"/>
  <testcase name="testWatchForCommitWithSingleNodeRatis" classname="org.apache.hadoop.ozone.client.rpc.TestBlockOutputStreamWithFailures" time="33.597"/>
  <testcase name="testWatchForCommitDatanodeFailure" classname="org.apache.hadoop.ozone.client.rpc.TestBlockOutputStreamWithFailures" time="33.299"/>
  <testcase name="testFailureWithPrimeSizedData" classname="org.apache.hadoop.ozone.client.rpc.TestBlockOutputStreamWithFailures" time="33.858"/>
  <testcase name="testWatchForCommitWithCloseContainerException" classname="org.apache.hadoop.ozone.client.rpc.TestBlockOutputStreamWithFailures" time="33.676"/>
  <testcase name="testExceptionDuringClose" classname="org.apache.hadoop.ozone.client.rpc.TestBlockOutputStreamWithFailures" time="34.061"/>
</testsuite>