<?xml version="1.0" encoding="UTF-8"?>
<testsuite xmlns:xsi="http://www.w3.org/2001/XMLSchema-instance" xsi:noNamespaceSchemaLocation="https://maven.apache.org/surefire/maven-surefire-plugin/xsd/surefire-test-report.xsd" name="org.apache.hadoop.ozone.client.rpc.TestBlockOutputStreamWithFailures" time="666.576" tests="8" errors="1" skipped="0" failures="0">
  <properties>
    <property name="awt.toolkit" value="sun.awt.X11.XToolkit"/>
    <property name="file.encoding.pkg" value="sun.io"/>
    <property name="java.specification.version" value="1.8"/>
    <property name="sun.cpu.isalist" value=""/>
    <property name="sun.jnu.encoding" value="UTF-8"/>
    <property name="java.class.path" value="/workdir/hadoop-ozone/integration-test/target/test-classes:/workdir/hadoop-ozone/integration-test/target/classes:/home/user/.m2/repository/org/apache/hadoop/hadoop-ozone-common/0.5.0-SNAPSHOT/hadoop-ozone-common-0.5.0-SNAPSHOT.jar:/home/user/.m2/repository/org/apache/commons/commons-compress/1.4.1/commons-compress-1.4.1.jar:/home/user/.m2/repository/org/tukaani/xz/1.0/xz-1.0.jar:/home/user/.m2/repository/org/apache/hadoop/hadoop-common/3.2.0/hadoop-common-3.2.0.jar:/home/user/.m2/repository/org/apache/hadoop/hadoop-hdfs/3.2.0/hadoop-hdfs-3.2.0.jar:/home/user/.m2/repository/org/apache/hadoop/hadoop-hdfs-client/3.2.0/hadoop-hdfs-client-3.2.0.jar:/home/user/.m2/repository/com/fasterxml/jackson/core/jackson-annotations/2.9.9/jackson-annotations-2.9.9.jar:/home/user/.m2/repository/org/apache/hadoop/hadoop-hdds-common/0.5.0-SNAPSHOT/hadoop-hdds-common-0.5.0-SNAPSHOT.jar:/home/user/.m2/repository/javax/annotation/javax.annotation-api/1.2/javax.annotation-api-1.2.jar:/home/user/.m2/repository/org/apache/ratis/ratis-server/0.4.0/ratis-server-0.4.0.jar:/home/user/.m2/repository/org/apache/ratis/ratis-thirdparty-misc/0.2.0/ratis-thirdparty-misc-0.2.0.jar:/home/user/.m2/repository/org/apache/ratis/ratis-proto/0.4.0/ratis-proto-0.4.0.jar:/home/user/.m2/repository/org/apache/ratis/ratis-common/0.4.0/ratis-common-0.4.0.jar:/home/user/.m2/repository/org/apache/ratis/ratis-client/0.4.0/ratis-client-0.4.0.jar:/home/user/.m2/repository/org/apache/ratis/ratis-metrics/0.4.0/ratis-metrics-0.4.0.jar:/home/user/.m2/repository/com/github/joshelser/dropwizard-metrics-hadoop-metrics2-reporter/0.1.2/dropwizard-metrics-hadoop-metrics2-reporter-0.1.2.jar:/home/user/.m2/repository/io/dropwizard/metrics/metrics-jvm/3.2.5/metrics-jvm-3.2.5.jar:/home/user/.m2/repository/io/dropwizard/metrics/metrics-ganglia/3.2.5/metrics-ganglia-3.2.5.jar:/home/user/.m2/repository/info/ganglia/gmetric4j/gmetric4j/1.0.7/gmetric4j-1.0.7.jar:/home/user/.m2/repository/org/apache/ratis/ratis-netty/0.4.0/ratis-netty-0.4.0.jar:/home/user/.m2/repository/org/apache/ratis/ratis-grpc/0.4.0/ratis-grpc-0.4.0.jar:/home/user/.m2/repository/org/rocksdb/rocksdbjni/6.0.1/rocksdbjni-6.0.1.jar:/home/user/.m2/repository/org/apache/logging/log4j/log4j-api/2.11.0/log4j-api-2.11.0.jar:/home/user/.m2/repository/org/apache/logging/log4j/log4j-core/2.11.0/log4j-core-2.11.0.jar:/home/user/.m2/repository/com/lmax/disruptor/3.4.2/disruptor-3.4.2.jar:/home/user/.m2/repository/org/apache/commons/commons-pool2/2.6.0/commons-pool2-2.6.0.jar:/home/user/.m2/repository/org/bouncycastle/bcpkix-jdk15on/1.60/bcpkix-jdk15on-1.60.jar:/home/user/.m2/repository/commons-validator/commons-validator/1.6/commons-validator-1.6.jar:/home/user/.m2/repository/commons-digester/commons-digester/1.8.1/commons-digester-1.8.1.jar:/home/user/.m2/repository/io/jaegertracing/jaeger-client/0.34.0/jaeger-client-0.34.0.jar:/home/user/.m2/repository/io/jaegertracing/jaeger-thrift/0.34.0/jaeger-thrift-0.34.0.jar:/home/user/.m2/repository/org/apache/thrift/libthrift/0.12.0/libthrift-0.12.0.jar:/home/user/.m2/repository/com/squareup/okhttp3/okhttp/3.9.0/okhttp-3.9.0.jar:/home/user/.m2/repository/com/squareup/okio/okio/1.13.0/okio-1.13.0.jar:/home/user/.m2/repository/io/jaegertracing/jaeger-core/0.34.0/jaeger-core-0.34.0.jar:/home/user/.m2/repository/io/jaegertracing/jaeger-tracerresolver/0.34.0/jaeger-tracerresolver-0.34.0.jar:/home/user/.m2/repository/io/opentracing/contrib/opentracing-tracerresolver/0.1.5/opentracing-tracerresolver-0.1.5.jar:/home/user/.m2/repository/io/opentracing/opentracing-util/0.31.0/opentracing-util-0.31.0.jar:/home/user/.m2/repository/io/opentracing/opentracing-api/0.31.0/opentracing-api-0.31.0.jar:/home/user/.m2/repository/io/opentracing/opentracing-noop/0.31.0/opentracing-noop-0.31.0.jar:/home/user/.m2/repository/org/apache/hadoop/hadoop-hdds-server-framework/0.5.0-SNAPSHOT/hadoop-hdds-server-framework-0.5.0-SNAPSHOT.jar:/home/user/.m2/repository/org/apache/hadoop/hadoop-hdds-container-service/0.5.0-SNAPSHOT/hadoop-hdds-container-service-0.5.0-SNAPSHOT.jar:/home/user/.m2/repository/org/apache/hadoop/hadoop-hdds-client/0.5.0-SNAPSHOT/hadoop-hdds-client-0.5.0-SNAPSHOT.jar:/home/user/.m2/repository/org/apache/hadoop/hadoop-hdds-tools/0.5.0-SNAPSHOT/hadoop-hdds-tools-0.5.0-SNAPSHOT.jar:/home/user/.m2/repository/org/apache/hadoop/hadoop-hdds-server-scm/0.5.0-SNAPSHOT/hadoop-hdds-server-scm-0.5.0-SNAPSHOT.jar:/home/user/.m2/repository/org/apache/hadoop/hadoop-hdds-docs/0.5.0-SNAPSHOT/hadoop-hdds-docs-0.5.0-SNAPSHOT.jar:/home/user/.m2/repository/io/dropwizard/metrics/metrics-core/3.2.4/metrics-core-3.2.4.jar:/home/user/.m2/repository/org/hamcrest/hamcrest-all/1.3/hamcrest-all-1.3.jar:/home/user/.m2/repository/org/bouncycastle/bcprov-jdk15on/1.60/bcprov-jdk15on-1.60.jar:/home/user/.m2/repository/info/picocli/picocli/3.9.6/picocli-3.9.6.jar:/home/user/.m2/repository/com/google/protobuf/protobuf-java/2.5.0/protobuf-java-2.5.0.jar:/home/user/.m2/repository/com/google/guava/guava/11.0.2/guava-11.0.2.jar:/home/user/.m2/repository/org/apache/hadoop/hadoop-ozone-ozone-manager/0.5.0-SNAPSHOT/hadoop-ozone-ozone-manager-0.5.0-SNAPSHOT.jar:/home/user/.m2/repository/org/apache/hadoop/hadoop-minikdc/3.2.0/hadoop-minikdc-3.2.0.jar:/home/user/.m2/repository/commons-io/commons-io/2.5/commons-io-2.5.jar:/home/user/.m2/repository/org/apache/kerby/kerb-simplekdc/1.0.1/kerb-simplekdc-1.0.1.jar:/home/user/.m2/repository/org/apache/kerby/kerb-client/1.0.1/kerb-client-1.0.1.jar:/home/user/.m2/repository/org/apache/kerby/kerby-config/1.0.1/kerby-config-1.0.1.jar:/home/user/.m2/repository/org/apache/kerby/kerb-core/1.0.1/kerb-core-1.0.1.jar:/home/user/.m2/repository/org/apache/kerby/kerby-pkix/1.0.1/kerby-pkix-1.0.1.jar:/home/user/.m2/repository/org/apache/kerby/kerby-asn1/1.0.1/kerby-asn1-1.0.1.jar:/home/user/.m2/repository/org/apache/kerby/kerby-util/1.0.1/kerby-util-1.0.1.jar:/home/user/.m2/repository/org/apache/kerby/kerb-common/1.0.1/kerb-common-1.0.1.jar:/home/user/.m2/repository/org/apache/kerby/kerb-crypto/1.0.1/kerb-crypto-1.0.1.jar:/home/user/.m2/repository/org/apache/kerby/kerb-util/1.0.1/kerb-util-1.0.1.jar:/home/user/.m2/repository/org/apache/kerby/token-provider/1.0.1/token-provider-1.0.1.jar:/home/user/.m2/repository/org/apache/kerby/kerb-admin/1.0.1/kerb-admin-1.0.1.jar:/home/user/.m2/repository/org/apache/kerby/kerb-server/1.0.1/kerb-server-1.0.1.jar:/home/user/.m2/repository/org/apache/kerby/kerb-identity/1.0.1/kerb-identity-1.0.1.jar:/home/user/.m2/repository/org/apache/kerby/kerby-xdr/1.0.1/kerby-xdr-1.0.1.jar:/home/user/.m2/repository/org/slf4j/slf4j-log4j12/1.7.25/slf4j-log4j12-1.7.25.jar:/home/user/.m2/repository/org/apache/hadoop/hadoop-ozone-s3gateway/0.5.0-SNAPSHOT/hadoop-ozone-s3gateway-0.5.0-SNAPSHOT.jar:/home/user/.m2/repository/org/jboss/weld/servlet/weld-servlet/2.4.7.Final/weld-servlet-2.4.7.Final.jar:/home/user/.m2/repository/org/glassfish/jersey/containers/jersey-container-servlet-core/2.27/jersey-container-servlet-core-2.27.jar:/home/user/.m2/repository/org/glassfish/hk2/external/javax.inject/2.5.0-b42/javax.inject-2.5.0-b42.jar:/home/user/.m2/repository/org/glassfish/jersey/core/jersey-common/2.27/jersey-common-2.27.jar:/home/user/.m2/repository/org/glassfish/hk2/osgi-resource-locator/1.0.1/osgi-resource-locator-1.0.1.jar:/home/user/.m2/repository/javax/ws/rs/javax.ws.rs-api/2.1/javax.ws.rs-api-2.1.jar:/home/user/.m2/repository/org/glassfish/jersey/ext/cdi/jersey-cdi1x/2.27/jersey-cdi1x-2.27.jar:/home/user/.m2/repository/org/glassfish/jersey/inject/jersey-hk2/2.27/jersey-hk2-2.27.jar:/home/user/.m2/repository/org/glassfish/hk2/hk2-locator/2.5.0-b42/hk2-locator-2.5.0-b42.jar:/home/user/.m2/repository/org/javassist/javassist/3.22.0-CR2/javassist-3.22.0-CR2.jar:/home/user/.m2/repository/org/glassfish/hk2/hk2-api/2.5.0/hk2-api-2.5.0.jar:/home/user/.m2/repository/org/glassfish/hk2/external/jakarta.inject/2.5.0/jakarta.inject-2.5.0.jar:/home/user/.m2/repository/org/glassfish/hk2/hk2-utils/2.5.0/hk2-utils-2.5.0.jar:/home/user/.m2/repository/jakarta/annotation/jakarta.annotation-api/1.3.4/jakarta.annotation-api-1.3.4.jar:/home/user/.m2/repository/org/glassfish/hk2/external/aopalliance-repackaged/2.5.0/aopalliance-repackaged-2.5.0.jar:/home/user/.m2/repository/com/fasterxml/jackson/dataformat/jackson-dataformat-xml/2.9.0/jackson-dataformat-xml-2.9.0.jar:/home/user/.m2/repository/com/fasterxml/jackson/core/jackson-core/2.9.9/jackson-core-2.9.9.jar:/home/user/.m2/repository/com/fasterxml/jackson/module/jackson-module-jaxb-annotations/2.9.9/jackson-module-jaxb-annotations-2.9.9.jar:/home/user/.m2/repository/javax/enterprise/cdi-api/1.2/cdi-api-1.2.jar:/home/user/.m2/repository/javax/el/javax.el-api/3.0.0/javax.el-api-3.0.0.jar:/home/user/.m2/repository/javax/interceptor/javax.interceptor-api/1.2/javax.interceptor-api-1.2.jar:/home/user/.m2/repository/javax/inject/javax.inject/1/javax.inject-1.jar:/home/user/.m2/repository/com/sun/xml/bind/jaxb-impl/2.3.0.1/jaxb-impl-2.3.0.1.jar:/home/user/.m2/repository/com/sun/xml/bind/jaxb-core/2.3.0.1/jaxb-core-2.3.0.1.jar:/home/user/.m2/repository/javax/xml/bind/jaxb-api/2.3.0/jaxb-api-2.3.0.jar:/home/user/.m2/repository/javax/activation/activation/1.1.1/activation-1.1.1.jar:/home/user/.m2/repository/org/apache/hadoop/hadoop-ozone-csi/0.5.0-SNAPSHOT/hadoop-ozone-csi-0.5.0-SNAPSHOT.jar:/home/user/.m2/repository/com/google/protobuf/protobuf-java-util/3.5.1/protobuf-java-util-3.5.1.jar:/home/user/.m2/repository/org/apache/hadoop/hadoop-hdds-config/0.5.0-SNAPSHOT/hadoop-hdds-config-0.5.0-SNAPSHOT.jar:/home/user/.m2/repository/io/grpc/grpc-netty/1.17.1/grpc-netty-1.17.1.jar:/home/user/.m2/repository/io/grpc/grpc-core/1.17.1/grpc-core-1.17.1.jar:/home/user/.m2/repository/io/grpc/grpc-context/1.17.1/grpc-context-1.17.1.jar:/home/user/.m2/repository/com/google/errorprone/error_prone_annotations/2.2.0/error_prone_annotations-2.2.0.jar:/home/user/.m2/repository/org/codehaus/mojo/animal-sniffer-annotations/1.17/animal-sniffer-annotations-1.17.jar:/home/user/.m2/repository/io/opencensus/opencensus-api/0.17.0/opencensus-api-0.17.0.jar:/home/user/.m2/repository/io/opencensus/opencensus-contrib-grpc-metrics/0.17.0/opencensus-contrib-grpc-metrics-0.17.0.jar:/home/user/.m2/repository/io/netty/netty-codec-http2/4.1.30.Final/netty-codec-http2-4.1.30.Final.jar:/home/user/.m2/repository/io/netty/netty-codec-http/4.1.30.Final/netty-codec-http-4.1.30.Final.jar:/home/user/.m2/repository/io/netty/netty-codec/4.1.30.Final/netty-codec-4.1.30.Final.jar:/home/user/.m2/repository/io/netty/netty-handler/4.1.30.Final/netty-handler-4.1.30.Final.jar:/home/user/.m2/repository/io/netty/netty-handler-proxy/4.1.30.Final/netty-handler-proxy-4.1.30.Final.jar:/home/user/.m2/repository/io/netty/netty-codec-socks/4.1.30.Final/netty-codec-socks-4.1.30.Final.jar:/home/user/.m2/repository/io/netty/netty-transport-native-epoll/4.1.30.Final/netty-transport-native-epoll-4.1.30.Final.jar:/home/user/.m2/repository/io/netty/netty-common/4.1.30.Final/netty-common-4.1.30.Final.jar:/home/user/.m2/repository/io/netty/netty-buffer/4.1.30.Final/netty-buffer-4.1.30.Final.jar:/home/user/.m2/repository/io/netty/netty-transport/4.1.30.Final/netty-transport-4.1.30.Final.jar:/home/user/.m2/repository/io/netty/netty-resolver/4.1.30.Final/netty-resolver-4.1.30.Final.jar:/home/user/.m2/repository/io/netty/netty-transport-native-unix-common/4.1.30.Final/netty-transport-native-unix-common-4.1.30.Final.jar:/home/user/.m2/repository/io/grpc/grpc-protobuf/1.17.1/grpc-protobuf-1.17.1.jar:/home/user/.m2/repository/com/google/api/grpc/proto-google-common-protos/1.0.0/proto-google-common-protos-1.0.0.jar:/home/user/.m2/repository/io/grpc/grpc-protobuf-lite/1.17.1/grpc-protobuf-lite-1.17.1.jar:/home/user/.m2/repository/io/grpc/grpc-stub/1.17.1/grpc-stub-1.17.1.jar:/home/user/.m2/repository/org/apache/hadoop/hadoop-ozone-recon/0.5.0-SNAPSHOT/hadoop-ozone-recon-0.5.0-SNAPSHOT.jar:/home/user/.m2/repository/org/apache/hadoop/hadoop-ozone-reconcodegen/0.5.0-SNAPSHOT/hadoop-ozone-reconcodegen-0.5.0-SNAPSHOT.jar:/home/user/.m2/repository/com/google/inject/extensions/guice-multibindings/4.0/guice-multibindings-4.0.jar:/home/user/.m2/repository/com/google/inject/guice/4.0/guice-4.0.jar:/home/user/.m2/repository/aopalliance/aopalliance/1.0/aopalliance-1.0.jar:/home/user/.m2/repository/com/google/inject/extensions/guice-servlet/4.0/guice-servlet-4.0.jar:/home/user/.m2/repository/org/glassfish/jersey/containers/jersey-container-servlet/2.27/jersey-container-servlet-2.27.jar:/home/user/.m2/repository/org/glassfish/hk2/guice-bridge/2.5.0/guice-bridge-2.5.0.jar:/home/user/.m2/repository/org/glassfish/jersey/core/jersey-server/2.27/jersey-server-2.27.jar:/home/user/.m2/repository/org/glassfish/jersey/core/jersey-client/2.27/jersey-client-2.27.jar:/home/user/.m2/repository/org/glassfish/jersey/media/jersey-media-jaxb/2.27/jersey-media-jaxb-2.27.jar:/home/user/.m2/repository/javax/validation/validation-api/1.1.0.Final/validation-api-1.1.0.Final.jar:/home/user/.m2/repository/org/glassfish/jersey/media/jersey-media-json-jackson/2.27/jersey-media-json-jackson-2.27.jar:/home/user/.m2/repository/org/glassfish/jersey/ext/jersey-entity-filtering/2.27/jersey-entity-filtering-2.27.jar:/home/user/.m2/repository/com/google/inject/extensions/guice-assistedinject/4.0/guice-assistedinject-4.0.jar:/home/user/.m2/repository/org/jooq/jooq/3.11.10/jooq-3.11.10.jar:/home/user/.m2/repository/org/jooq/jooq-meta/3.11.10/jooq-meta-3.11.10.jar:/home/user/.m2/repository/org/jooq/jooq-codegen/3.11.10/jooq-codegen-3.11.10.jar:/home/user/.m2/repository/com/jolbox/bonecp/0.8.0.RELEASE/bonecp-0.8.0.RELEASE.jar:/home/user/.m2/repository/org/xerial/sqlite-jdbc/3.25.2/sqlite-jdbc-3.25.2.jar:/home/user/.m2/repository/org/springframework/spring-jdbc/5.1.3.RELEASE/spring-jdbc-5.1.3.RELEASE.jar:/home/user/.m2/repository/org/springframework/spring-beans/5.1.3.RELEASE/spring-beans-5.1.3.RELEASE.jar:/home/user/.m2/repository/org/springframework/spring-core/5.1.3.RELEASE/spring-core-5.1.3.RELEASE.jar:/home/user/.m2/repository/org/springframework/spring-jcl/5.1.3.RELEASE/spring-jcl-5.1.3.RELEASE.jar:/home/user/.m2/repository/org/springframework/spring-tx/5.1.3.RELEASE/spring-tx-5.1.3.RELEASE.jar:/home/user/.m2/repository/org/apache/hadoop/hadoop-ozone-client/0.5.0-SNAPSHOT/hadoop-ozone-client-0.5.0-SNAPSHOT.jar:/home/user/.m2/repository/commons-lang/commons-lang/2.6/commons-lang-2.6.jar:/home/user/.m2/repository/org/apache/hadoop/hadoop-ozone-ozone-manager/0.5.0-SNAPSHOT/hadoop-ozone-ozone-manager-0.5.0-SNAPSHOT-tests.jar:/home/user/.m2/repository/junit/junit/4.11/junit-4.11.jar:/home/user/.m2/repository/org/hamcrest/hamcrest-core/1.3/hamcrest-core-1.3.jar:/home/user/.m2/repository/org/openjdk/jmh/jmh-core/1.19/jmh-core-1.19.jar:/home/user/.m2/repository/net/sf/jopt-simple/jopt-simple/4.6/jopt-simple-4.6.jar:/home/user/.m2/repository/org/apache/commons/commons-math3/3.1.1/commons-math3-3.1.1.jar:/home/user/.m2/repository/org/openjdk/jmh/jmh-generator-annprocess/1.19/jmh-generator-annprocess-1.19.jar:/home/user/.m2/repository/org/mockito/mockito-all/1.8.5/mockito-all-1.8.5.jar:/home/user/.m2/repository/org/apache/hadoop/hadoop-kms/3.2.0/hadoop-kms-3.2.0.jar:/home/user/.m2/repository/org/apache/hadoop/hadoop-auth/3.2.0/hadoop-auth-3.2.0.jar:/home/user/.m2/repository/com/nimbusds/nimbus-jose-jwt/4.41.1/nimbus-jose-jwt-4.41.1.jar:/home/user/.m2/repository/com/github/stephenc/jcip/jcip-annotations/1.0-1/jcip-annotations-1.0-1.jar:/home/user/.m2/repository/net/minidev/json-smart/2.3/json-smart-2.3.jar:/home/user/.m2/repository/net/minidev/accessors-smart/1.2/accessors-smart-1.2.jar:/home/user/.m2/repository/org/ow2/asm/asm/5.0.4/asm-5.0.4.jar:/home/user/.m2/repository/org/apache/curator/curator-framework/2.12.0/curator-framework-2.12.0.jar:/home/user/.m2/repository/com/sun/jersey/jersey-core/1.19/jersey-core-1.19.jar:/home/user/.m2/repository/javax/ws/rs/jsr311-api/1.1.1/jsr311-api-1.1.1.jar:/home/user/.m2/repository/com/sun/jersey/jersey-server/1.19/jersey-server-1.19.jar:/home/user/.m2/repository/javax/servlet/javax.servlet-api/3.1.0/javax.servlet-api-3.1.0.jar:/home/user/.m2/repository/org/eclipse/jetty/jetty-server/9.3.25.v20180904/jetty-server-9.3.25.v20180904.jar:/home/user/.m2/repository/org/eclipse/jetty/jetty-http/9.3.25.v20180904/jetty-http-9.3.25.v20180904.jar:/home/user/.m2/repository/org/eclipse/jetty/jetty-io/9.3.25.v20180904/jetty-io-9.3.25.v20180904.jar:/home/user/.m2/repository/org/eclipse/jetty/jetty-webapp/9.3.25.v20180904/jetty-webapp-9.3.25.v20180904.jar:/home/user/.m2/repository/org/eclipse/jetty/jetty-xml/9.3.25.v20180904/jetty-xml-9.3.25.v20180904.jar:/home/user/.m2/repository/log4j/log4j/1.2.17/log4j-1.2.17.jar:/home/user/.m2/repository/org/slf4j/slf4j-api/1.7.25/slf4j-api-1.7.25.jar:/home/user/.m2/repository/org/slf4j/jul-to-slf4j/1.7.25/jul-to-slf4j-1.7.25.jar:/home/user/.m2/repository/org/eclipse/jetty/jetty-util/9.3.25.v20180904/jetty-util-9.3.25.v20180904.jar:/home/user/.m2/repository/com/fasterxml/jackson/core/jackson-databind/2.9.9/jackson-databind-2.9.9.jar:/home/user/.m2/repository/org/apache/hadoop/hadoop-kms/3.2.0/hadoop-kms-3.2.0-tests.jar:/home/user/.m2/repository/org/apache/hadoop/hadoop-hdds-server-scm/0.5.0-SNAPSHOT/hadoop-hdds-server-scm-0.5.0-SNAPSHOT-tests.jar:/home/user/.m2/repository/org/apache/hadoop/hadoop-hdds-container-service/0.5.0-SNAPSHOT/hadoop-hdds-container-service-0.5.0-SNAPSHOT-tests.jar:/home/user/.m2/repository/org/yaml/snakeyaml/1.16/snakeyaml-1.16.jar:/home/user/.m2/repository/org/apache/hadoop/hadoop-common/3.2.0/hadoop-common-3.2.0-tests.jar:/home/user/.m2/repository/org/apache/hadoop/hadoop-annotations/3.2.0/hadoop-annotations-3.2.0.jar:/usr/lib/jvm/java-1.8-openjdk/jre/../lib/tools.jar:/home/user/.m2/repository/commons-cli/commons-cli/1.2/commons-cli-1.2.jar:/home/user/.m2/repository/org/apache/httpcomponents/httpclient/4.5.2/httpclient-4.5.2.jar:/home/user/.m2/repository/org/apache/httpcomponents/httpcore/4.4.4/httpcore-4.4.4.jar:/home/user/.m2/repository/commons-codec/commons-codec/1.11/commons-codec-1.11.jar:/home/user/.m2/repository/commons-net/commons-net/3.6/commons-net-3.6.jar:/home/user/.m2/repository/commons-collections/commons-collections/3.2.2/commons-collections-3.2.2.jar:/home/user/.m2/repository/org/eclipse/jetty/jetty-servlet/9.3.25.v20180904/jetty-servlet-9.3.25.v20180904.jar:/home/user/.m2/repository/org/eclipse/jetty/jetty-security/9.3.25.v20180904/jetty-security-9.3.25.v20180904.jar:/home/user/.m2/repository/javax/servlet/jsp/jsp-api/2.1/jsp-api-2.1.jar:/home/user/.m2/repository/com/sun/jersey/jersey-servlet/1.19/jersey-servlet-1.19.jar:/home/user/.m2/repository/com/sun/jersey/jersey-json/1.19/jersey-json-1.19.jar:/home/user/.m2/repository/org/codehaus/jettison/jettison/1.1/jettison-1.1.jar:/home/user/.m2/repository/org/codehaus/jackson/jackson-core-asl/1.9.13/jackson-core-asl-1.9.13.jar:/home/user/.m2/repository/org/codehaus/jackson/jackson-mapper-asl/1.9.13/jackson-mapper-asl-1.9.13.jar:/home/user/.m2/repository/org/codehaus/jackson/jackson-jaxrs/1.9.13/jackson-jaxrs-1.9.13.jar:/home/user/.m2/repository/org/codehaus/jackson/jackson-xc/1.9.13/jackson-xc-1.9.13.jar:/home/user/.m2/repository/commons-logging/commons-logging/1.1.3/commons-logging-1.1.3.jar:/home/user/.m2/repository/commons-beanutils/commons-beanutils/1.9.4/commons-beanutils-1.9.4.jar:/home/user/.m2/repository/org/apache/commons/commons-configuration2/2.1.1/commons-configuration2-2.1.1.jar:/home/user/.m2/repository/org/apache/commons/commons-lang3/3.7/commons-lang3-3.7.jar:/home/user/.m2/repository/org/apache/commons/commons-text/1.4/commons-text-1.4.jar:/home/user/.m2/repository/org/apache/avro/avro/1.7.7/avro-1.7.7.jar:/home/user/.m2/repository/com/thoughtworks/paranamer/paranamer/2.3/paranamer-2.3.jar:/home/user/.m2/repository/org/xerial/snappy/snappy-java/1.0.5/snappy-java-1.0.5.jar:/home/user/.m2/repository/com/google/re2j/re2j/1.1/re2j-1.1.jar:/home/user/.m2/repository/com/google/code/gson/gson/2.2.4/gson-2.2.4.jar:/home/user/.m2/repository/com/jcraft/jsch/0.1.54/jsch-0.1.54.jar:/home/user/.m2/repository/org/apache/curator/curator-client/2.12.0/curator-client-2.12.0.jar:/home/user/.m2/repository/org/apache/curator/curator-recipes/2.12.0/curator-recipes-2.12.0.jar:/home/user/.m2/repository/com/google/code/findbugs/jsr305/3.0.0/jsr305-3.0.0.jar:/home/user/.m2/repository/org/apache/htrace/htrace-core4/4.1.0-incubating/htrace-core4-4.1.0-incubating.jar:/home/user/.m2/repository/org/apache/zookeeper/zookeeper/3.4.13/zookeeper-3.4.13.jar:/home/user/.m2/repository/jline/jline/0.9.94/jline-0.9.94.jar:/home/user/.m2/repository/org/apache/yetus/audience-annotations/0.5.0/audience-annotations-0.5.0.jar:/home/user/.m2/repository/org/codehaus/woodstox/stax2-api/3.1.4/stax2-api-3.1.4.jar:/home/user/.m2/repository/com/fasterxml/woodstox/woodstox-core/5.0.3/woodstox-core-5.0.3.jar:/home/user/.m2/repository/dnsjava/dnsjava/2.1.7/dnsjava-2.1.7.jar:/home/user/.m2/repository/org/apache/hadoop/hadoop-hdfs/3.2.0/hadoop-hdfs-3.2.0-tests.jar:/home/user/.m2/repository/org/eclipse/jetty/jetty-util-ajax/9.3.25.v20180904/jetty-util-ajax-9.3.25.v20180904.jar:/home/user/.m2/repository/commons-daemon/commons-daemon/1.0.13/commons-daemon-1.0.13.jar:/home/user/.m2/repository/io/netty/netty/3.10.5.Final/netty-3.10.5.Final.jar:/home/user/.m2/repository/io/netty/netty-all/4.0.52.Final/netty-all-4.0.52.Final.jar:/home/user/.m2/repository/org/fusesource/leveldbjni/leveldbjni-all/1.8/leveldbjni-all-1.8.jar:"/>
    <property name="java.vm.vendor" value="IcedTea"/>
    <property name="sun.arch.data.model" value="64"/>
    <property name="test.build.dir" value="/workdir/hadoop-ozone/integration-test/target/test-dir"/>
    <property name="test.cache.data" value=""/>
    <property name="java.vendor.url" value="https://icedtea.classpath.org"/>
    <property name="user.timezone" value=""/>
    <property name="java.vm.specification.version" value="1.8"/>
    <property name="os.name" value="Linux"/>
    <property name="test.build.data" value="/workdir/hadoop-ozone/integration-test/target/test-dir"/>
    <property name="user.country" value="US"/>
    <property name="sun.java.launcher" value="SUN_STANDARD"/>
    <property name="sun.boot.library.path" value="/usr/lib/jvm/java-1.8-openjdk/jre/lib/amd64"/>
    <property name="sun.java.command" value="/workdir/hadoop-ozone/integration-test/target/surefire/surefirebooter6705519093060252250.jar /workdir/hadoop-ozone/integration-test/target/surefire 2019-09-23T17-32-48_969-jvmRun1 surefire7948924493619167261tmp surefire_228490094748613678717tmp"/>
    <property name="test" value="!TestMiniChaosOzoneCluster"/>
    <property name="surefire.test.class.path" value="/workdir/hadoop-ozone/integration-test/target/test-classes:/workdir/hadoop-ozone/integration-test/target/classes:/home/user/.m2/repository/org/apache/hadoop/hadoop-ozone-common/0.5.0-SNAPSHOT/hadoop-ozone-common-0.5.0-SNAPSHOT.jar:/home/user/.m2/repository/org/apache/commons/commons-compress/1.4.1/commons-compress-1.4.1.jar:/home/user/.m2/repository/org/tukaani/xz/1.0/xz-1.0.jar:/home/user/.m2/repository/org/apache/hadoop/hadoop-common/3.2.0/hadoop-common-3.2.0.jar:/home/user/.m2/repository/org/apache/hadoop/hadoop-hdfs/3.2.0/hadoop-hdfs-3.2.0.jar:/home/user/.m2/repository/org/apache/hadoop/hadoop-hdfs-client/3.2.0/hadoop-hdfs-client-3.2.0.jar:/home/user/.m2/repository/com/fasterxml/jackson/core/jackson-annotations/2.9.9/jackson-annotations-2.9.9.jar:/home/user/.m2/repository/org/apache/hadoop/hadoop-hdds-common/0.5.0-SNAPSHOT/hadoop-hdds-common-0.5.0-SNAPSHOT.jar:/home/user/.m2/repository/javax/annotation/javax.annotation-api/1.2/javax.annotation-api-1.2.jar:/home/user/.m2/repository/org/apache/ratis/ratis-server/0.4.0/ratis-server-0.4.0.jar:/home/user/.m2/repository/org/apache/ratis/ratis-thirdparty-misc/0.2.0/ratis-thirdparty-misc-0.2.0.jar:/home/user/.m2/repository/org/apache/ratis/ratis-proto/0.4.0/ratis-proto-0.4.0.jar:/home/user/.m2/repository/org/apache/ratis/ratis-common/0.4.0/ratis-common-0.4.0.jar:/home/user/.m2/repository/org/apache/ratis/ratis-client/0.4.0/ratis-client-0.4.0.jar:/home/user/.m2/repository/org/apache/ratis/ratis-metrics/0.4.0/ratis-metrics-0.4.0.jar:/home/user/.m2/repository/com/github/joshelser/dropwizard-metrics-hadoop-metrics2-reporter/0.1.2/dropwizard-metrics-hadoop-metrics2-reporter-0.1.2.jar:/home/user/.m2/repository/io/dropwizard/metrics/metrics-jvm/3.2.5/metrics-jvm-3.2.5.jar:/home/user/.m2/repository/io/dropwizard/metrics/metrics-ganglia/3.2.5/metrics-ganglia-3.2.5.jar:/home/user/.m2/repository/info/ganglia/gmetric4j/gmetric4j/1.0.7/gmetric4j-1.0.7.jar:/home/user/.m2/repository/org/apache/ratis/ratis-netty/0.4.0/ratis-netty-0.4.0.jar:/home/user/.m2/repository/org/apache/ratis/ratis-grpc/0.4.0/ratis-grpc-0.4.0.jar:/home/user/.m2/repository/org/rocksdb/rocksdbjni/6.0.1/rocksdbjni-6.0.1.jar:/home/user/.m2/repository/org/apache/logging/log4j/log4j-api/2.11.0/log4j-api-2.11.0.jar:/home/user/.m2/repository/org/apache/logging/log4j/log4j-core/2.11.0/log4j-core-2.11.0.jar:/home/user/.m2/repository/com/lmax/disruptor/3.4.2/disruptor-3.4.2.jar:/home/user/.m2/repository/org/apache/commons/commons-pool2/2.6.0/commons-pool2-2.6.0.jar:/home/user/.m2/repository/org/bouncycastle/bcpkix-jdk15on/1.60/bcpkix-jdk15on-1.60.jar:/home/user/.m2/repository/commons-validator/commons-validator/1.6/commons-validator-1.6.jar:/home/user/.m2/repository/commons-digester/commons-digester/1.8.1/commons-digester-1.8.1.jar:/home/user/.m2/repository/io/jaegertracing/jaeger-client/0.34.0/jaeger-client-0.34.0.jar:/home/user/.m2/repository/io/jaegertracing/jaeger-thrift/0.34.0/jaeger-thrift-0.34.0.jar:/home/user/.m2/repository/org/apache/thrift/libthrift/0.12.0/libthrift-0.12.0.jar:/home/user/.m2/repository/com/squareup/okhttp3/okhttp/3.9.0/okhttp-3.9.0.jar:/home/user/.m2/repository/com/squareup/okio/okio/1.13.0/okio-1.13.0.jar:/home/user/.m2/repository/io/jaegertracing/jaeger-core/0.34.0/jaeger-core-0.34.0.jar:/home/user/.m2/repository/io/jaegertracing/jaeger-tracerresolver/0.34.0/jaeger-tracerresolver-0.34.0.jar:/home/user/.m2/repository/io/opentracing/contrib/opentracing-tracerresolver/0.1.5/opentracing-tracerresolver-0.1.5.jar:/home/user/.m2/repository/io/opentracing/opentracing-util/0.31.0/opentracing-util-0.31.0.jar:/home/user/.m2/repository/io/opentracing/opentracing-api/0.31.0/opentracing-api-0.31.0.jar:/home/user/.m2/repository/io/opentracing/opentracing-noop/0.31.0/opentracing-noop-0.31.0.jar:/home/user/.m2/repository/org/apache/hadoop/hadoop-hdds-server-framework/0.5.0-SNAPSHOT/hadoop-hdds-server-framework-0.5.0-SNAPSHOT.jar:/home/user/.m2/repository/org/apache/hadoop/hadoop-hdds-container-service/0.5.0-SNAPSHOT/hadoop-hdds-container-service-0.5.0-SNAPSHOT.jar:/home/user/.m2/repository/org/apache/hadoop/hadoop-hdds-client/0.5.0-SNAPSHOT/hadoop-hdds-client-0.5.0-SNAPSHOT.jar:/home/user/.m2/repository/org/apache/hadoop/hadoop-hdds-tools/0.5.0-SNAPSHOT/hadoop-hdds-tools-0.5.0-SNAPSHOT.jar:/home/user/.m2/repository/org/apache/hadoop/hadoop-hdds-server-scm/0.5.0-SNAPSHOT/hadoop-hdds-server-scm-0.5.0-SNAPSHOT.jar:/home/user/.m2/repository/org/apache/hadoop/hadoop-hdds-docs/0.5.0-SNAPSHOT/hadoop-hdds-docs-0.5.0-SNAPSHOT.jar:/home/user/.m2/repository/io/dropwizard/metrics/metrics-core/3.2.4/metrics-core-3.2.4.jar:/home/user/.m2/repository/org/hamcrest/hamcrest-all/1.3/hamcrest-all-1.3.jar:/home/user/.m2/repository/org/bouncycastle/bcprov-jdk15on/1.60/bcprov-jdk15on-1.60.jar:/home/user/.m2/repository/info/picocli/picocli/3.9.6/picocli-3.9.6.jar:/home/user/.m2/repository/com/google/protobuf/protobuf-java/2.5.0/protobuf-java-2.5.0.jar:/home/user/.m2/repository/com/google/guava/guava/11.0.2/guava-11.0.2.jar:/home/user/.m2/repository/org/apache/hadoop/hadoop-ozone-ozone-manager/0.5.0-SNAPSHOT/hadoop-ozone-ozone-manager-0.5.0-SNAPSHOT.jar:/home/user/.m2/repository/org/apache/hadoop/hadoop-minikdc/3.2.0/hadoop-minikdc-3.2.0.jar:/home/user/.m2/repository/commons-io/commons-io/2.5/commons-io-2.5.jar:/home/user/.m2/repository/org/apache/kerby/kerb-simplekdc/1.0.1/kerb-simplekdc-1.0.1.jar:/home/user/.m2/repository/org/apache/kerby/kerb-client/1.0.1/kerb-client-1.0.1.jar:/home/user/.m2/repository/org/apache/kerby/kerby-config/1.0.1/kerby-config-1.0.1.jar:/home/user/.m2/repository/org/apache/kerby/kerb-core/1.0.1/kerb-core-1.0.1.jar:/home/user/.m2/repository/org/apache/kerby/kerby-pkix/1.0.1/kerby-pkix-1.0.1.jar:/home/user/.m2/repository/org/apache/kerby/kerby-asn1/1.0.1/kerby-asn1-1.0.1.jar:/home/user/.m2/repository/org/apache/kerby/kerby-util/1.0.1/kerby-util-1.0.1.jar:/home/user/.m2/repository/org/apache/kerby/kerb-common/1.0.1/kerb-common-1.0.1.jar:/home/user/.m2/repository/org/apache/kerby/kerb-crypto/1.0.1/kerb-crypto-1.0.1.jar:/home/user/.m2/repository/org/apache/kerby/kerb-util/1.0.1/kerb-util-1.0.1.jar:/home/user/.m2/repository/org/apache/kerby/token-provider/1.0.1/token-provider-1.0.1.jar:/home/user/.m2/repository/org/apache/kerby/kerb-admin/1.0.1/kerb-admin-1.0.1.jar:/home/user/.m2/repository/org/apache/kerby/kerb-server/1.0.1/kerb-server-1.0.1.jar:/home/user/.m2/repository/org/apache/kerby/kerb-identity/1.0.1/kerb-identity-1.0.1.jar:/home/user/.m2/repository/org/apache/kerby/kerby-xdr/1.0.1/kerby-xdr-1.0.1.jar:/home/user/.m2/repository/org/slf4j/slf4j-log4j12/1.7.25/slf4j-log4j12-1.7.25.jar:/home/user/.m2/repository/org/apache/hadoop/hadoop-ozone-s3gateway/0.5.0-SNAPSHOT/hadoop-ozone-s3gateway-0.5.0-SNAPSHOT.jar:/home/user/.m2/repository/org/jboss/weld/servlet/weld-servlet/2.4.7.Final/weld-servlet-2.4.7.Final.jar:/home/user/.m2/repository/org/glassfish/jersey/containers/jersey-container-servlet-core/2.27/jersey-container-servlet-core-2.27.jar:/home/user/.m2/repository/org/glassfish/hk2/external/javax.inject/2.5.0-b42/javax.inject-2.5.0-b42.jar:/home/user/.m2/repository/org/glassfish/jersey/core/jersey-common/2.27/jersey-common-2.27.jar:/home/user/.m2/repository/org/glassfish/hk2/osgi-resource-locator/1.0.1/osgi-resource-locator-1.0.1.jar:/home/user/.m2/repository/javax/ws/rs/javax.ws.rs-api/2.1/javax.ws.rs-api-2.1.jar:/home/user/.m2/repository/org/glassfish/jersey/ext/cdi/jersey-cdi1x/2.27/jersey-cdi1x-2.27.jar:/home/user/.m2/repository/org/glassfish/jersey/inject/jersey-hk2/2.27/jersey-hk2-2.27.jar:/home/user/.m2/repository/org/glassfish/hk2/hk2-locator/2.5.0-b42/hk2-locator-2.5.0-b42.jar:/home/user/.m2/repository/org/javassist/javassist/3.22.0-CR2/javassist-3.22.0-CR2.jar:/home/user/.m2/repository/org/glassfish/hk2/hk2-api/2.5.0/hk2-api-2.5.0.jar:/home/user/.m2/repository/org/glassfish/hk2/external/jakarta.inject/2.5.0/jakarta.inject-2.5.0.jar:/home/user/.m2/repository/org/glassfish/hk2/hk2-utils/2.5.0/hk2-utils-2.5.0.jar:/home/user/.m2/repository/jakarta/annotation/jakarta.annotation-api/1.3.4/jakarta.annotation-api-1.3.4.jar:/home/user/.m2/repository/org/glassfish/hk2/external/aopalliance-repackaged/2.5.0/aopalliance-repackaged-2.5.0.jar:/home/user/.m2/repository/com/fasterxml/jackson/dataformat/jackson-dataformat-xml/2.9.0/jackson-dataformat-xml-2.9.0.jar:/home/user/.m2/repository/com/fasterxml/jackson/core/jackson-core/2.9.9/jackson-core-2.9.9.jar:/home/user/.m2/repository/com/fasterxml/jackson/module/jackson-module-jaxb-annotations/2.9.9/jackson-module-jaxb-annotations-2.9.9.jar:/home/user/.m2/repository/javax/enterprise/cdi-api/1.2/cdi-api-1.2.jar:/home/user/.m2/repository/javax/el/javax.el-api/3.0.0/javax.el-api-3.0.0.jar:/home/user/.m2/repository/javax/interceptor/javax.interceptor-api/1.2/javax.interceptor-api-1.2.jar:/home/user/.m2/repository/javax/inject/javax.inject/1/javax.inject-1.jar:/home/user/.m2/repository/com/sun/xml/bind/jaxb-impl/2.3.0.1/jaxb-impl-2.3.0.1.jar:/home/user/.m2/repository/com/sun/xml/bind/jaxb-core/2.3.0.1/jaxb-core-2.3.0.1.jar:/home/user/.m2/repository/javax/xml/bind/jaxb-api/2.3.0/jaxb-api-2.3.0.jar:/home/user/.m2/repository/javax/activation/activation/1.1.1/activation-1.1.1.jar:/home/user/.m2/repository/org/apache/hadoop/hadoop-ozone-csi/0.5.0-SNAPSHOT/hadoop-ozone-csi-0.5.0-SNAPSHOT.jar:/home/user/.m2/repository/com/google/protobuf/protobuf-java-util/3.5.1/protobuf-java-util-3.5.1.jar:/home/user/.m2/repository/org/apache/hadoop/hadoop-hdds-config/0.5.0-SNAPSHOT/hadoop-hdds-config-0.5.0-SNAPSHOT.jar:/home/user/.m2/repository/io/grpc/grpc-netty/1.17.1/grpc-netty-1.17.1.jar:/home/user/.m2/repository/io/grpc/grpc-core/1.17.1/grpc-core-1.17.1.jar:/home/user/.m2/repository/io/grpc/grpc-context/1.17.1/grpc-context-1.17.1.jar:/home/user/.m2/repository/com/google/errorprone/error_prone_annotations/2.2.0/error_prone_annotations-2.2.0.jar:/home/user/.m2/repository/org/codehaus/mojo/animal-sniffer-annotations/1.17/animal-sniffer-annotations-1.17.jar:/home/user/.m2/repository/io/opencensus/opencensus-api/0.17.0/opencensus-api-0.17.0.jar:/home/user/.m2/repository/io/opencensus/opencensus-contrib-grpc-metrics/0.17.0/opencensus-contrib-grpc-metrics-0.17.0.jar:/home/user/.m2/repository/io/netty/netty-codec-http2/4.1.30.Final/netty-codec-http2-4.1.30.Final.jar:/home/user/.m2/repository/io/netty/netty-codec-http/4.1.30.Final/netty-codec-http-4.1.30.Final.jar:/home/user/.m2/repository/io/netty/netty-codec/4.1.30.Final/netty-codec-4.1.30.Final.jar:/home/user/.m2/repository/io/netty/netty-handler/4.1.30.Final/netty-handler-4.1.30.Final.jar:/home/user/.m2/repository/io/netty/netty-handler-proxy/4.1.30.Final/netty-handler-proxy-4.1.30.Final.jar:/home/user/.m2/repository/io/netty/netty-codec-socks/4.1.30.Final/netty-codec-socks-4.1.30.Final.jar:/home/user/.m2/repository/io/netty/netty-transport-native-epoll/4.1.30.Final/netty-transport-native-epoll-4.1.30.Final.jar:/home/user/.m2/repository/io/netty/netty-common/4.1.30.Final/netty-common-4.1.30.Final.jar:/home/user/.m2/repository/io/netty/netty-buffer/4.1.30.Final/netty-buffer-4.1.30.Final.jar:/home/user/.m2/repository/io/netty/netty-transport/4.1.30.Final/netty-transport-4.1.30.Final.jar:/home/user/.m2/repository/io/netty/netty-resolver/4.1.30.Final/netty-resolver-4.1.30.Final.jar:/home/user/.m2/repository/io/netty/netty-transport-native-unix-common/4.1.30.Final/netty-transport-native-unix-common-4.1.30.Final.jar:/home/user/.m2/repository/io/grpc/grpc-protobuf/1.17.1/grpc-protobuf-1.17.1.jar:/home/user/.m2/repository/com/google/api/grpc/proto-google-common-protos/1.0.0/proto-google-common-protos-1.0.0.jar:/home/user/.m2/repository/io/grpc/grpc-protobuf-lite/1.17.1/grpc-protobuf-lite-1.17.1.jar:/home/user/.m2/repository/io/grpc/grpc-stub/1.17.1/grpc-stub-1.17.1.jar:/home/user/.m2/repository/org/apache/hadoop/hadoop-ozone-recon/0.5.0-SNAPSHOT/hadoop-ozone-recon-0.5.0-SNAPSHOT.jar:/home/user/.m2/repository/org/apache/hadoop/hadoop-ozone-reconcodegen/0.5.0-SNAPSHOT/hadoop-ozone-reconcodegen-0.5.0-SNAPSHOT.jar:/home/user/.m2/repository/com/google/inject/extensions/guice-multibindings/4.0/guice-multibindings-4.0.jar:/home/user/.m2/repository/com/google/inject/guice/4.0/guice-4.0.jar:/home/user/.m2/repository/aopalliance/aopalliance/1.0/aopalliance-1.0.jar:/home/user/.m2/repository/com/google/inject/extensions/guice-servlet/4.0/guice-servlet-4.0.jar:/home/user/.m2/repository/org/glassfish/jersey/containers/jersey-container-servlet/2.27/jersey-container-servlet-2.27.jar:/home/user/.m2/repository/org/glassfish/hk2/guice-bridge/2.5.0/guice-bridge-2.5.0.jar:/home/user/.m2/repository/org/glassfish/jersey/core/jersey-server/2.27/jersey-server-2.27.jar:/home/user/.m2/repository/org/glassfish/jersey/core/jersey-client/2.27/jersey-client-2.27.jar:/home/user/.m2/repository/org/glassfish/jersey/media/jersey-media-jaxb/2.27/jersey-media-jaxb-2.27.jar:/home/user/.m2/repository/javax/validation/validation-api/1.1.0.Final/validation-api-1.1.0.Final.jar:/home/user/.m2/repository/org/glassfish/jersey/media/jersey-media-json-jackson/2.27/jersey-media-json-jackson-2.27.jar:/home/user/.m2/repository/org/glassfish/jersey/ext/jersey-entity-filtering/2.27/jersey-entity-filtering-2.27.jar:/home/user/.m2/repository/com/google/inject/extensions/guice-assistedinject/4.0/guice-assistedinject-4.0.jar:/home/user/.m2/repository/org/jooq/jooq/3.11.10/jooq-3.11.10.jar:/home/user/.m2/repository/org/jooq/jooq-meta/3.11.10/jooq-meta-3.11.10.jar:/home/user/.m2/repository/org/jooq/jooq-codegen/3.11.10/jooq-codegen-3.11.10.jar:/home/user/.m2/repository/com/jolbox/bonecp/0.8.0.RELEASE/bonecp-0.8.0.RELEASE.jar:/home/user/.m2/repository/org/xerial/sqlite-jdbc/3.25.2/sqlite-jdbc-3.25.2.jar:/home/user/.m2/repository/org/springframework/spring-jdbc/5.1.3.RELEASE/spring-jdbc-5.1.3.RELEASE.jar:/home/user/.m2/repository/org/springframework/spring-beans/5.1.3.RELEASE/spring-beans-5.1.3.RELEASE.jar:/home/user/.m2/repository/org/springframework/spring-core/5.1.3.RELEASE/spring-core-5.1.3.RELEASE.jar:/home/user/.m2/repository/org/springframework/spring-jcl/5.1.3.RELEASE/spring-jcl-5.1.3.RELEASE.jar:/home/user/.m2/repository/org/springframework/spring-tx/5.1.3.RELEASE/spring-tx-5.1.3.RELEASE.jar:/home/user/.m2/repository/org/apache/hadoop/hadoop-ozone-client/0.5.0-SNAPSHOT/hadoop-ozone-client-0.5.0-SNAPSHOT.jar:/home/user/.m2/repository/commons-lang/commons-lang/2.6/commons-lang-2.6.jar:/home/user/.m2/repository/org/apache/hadoop/hadoop-ozone-ozone-manager/0.5.0-SNAPSHOT/hadoop-ozone-ozone-manager-0.5.0-SNAPSHOT-tests.jar:/home/user/.m2/repository/junit/junit/4.11/junit-4.11.jar:/home/user/.m2/repository/org/hamcrest/hamcrest-core/1.3/hamcrest-core-1.3.jar:/home/user/.m2/repository/org/openjdk/jmh/jmh-core/1.19/jmh-core-1.19.jar:/home/user/.m2/repository/net/sf/jopt-simple/jopt-simple/4.6/jopt-simple-4.6.jar:/home/user/.m2/repository/org/apache/commons/commons-math3/3.1.1/commons-math3-3.1.1.jar:/home/user/.m2/repository/org/openjdk/jmh/jmh-generator-annprocess/1.19/jmh-generator-annprocess-1.19.jar:/home/user/.m2/repository/org/mockito/mockito-all/1.8.5/mockito-all-1.8.5.jar:/home/user/.m2/repository/org/apache/hadoop/hadoop-kms/3.2.0/hadoop-kms-3.2.0.jar:/home/user/.m2/repository/org/apache/hadoop/hadoop-auth/3.2.0/hadoop-auth-3.2.0.jar:/home/user/.m2/repository/com/nimbusds/nimbus-jose-jwt/4.41.1/nimbus-jose-jwt-4.41.1.jar:/home/user/.m2/repository/com/github/stephenc/jcip/jcip-annotations/1.0-1/jcip-annotations-1.0-1.jar:/home/user/.m2/repository/net/minidev/json-smart/2.3/json-smart-2.3.jar:/home/user/.m2/repository/net/minidev/accessors-smart/1.2/accessors-smart-1.2.jar:/home/user/.m2/repository/org/ow2/asm/asm/5.0.4/asm-5.0.4.jar:/home/user/.m2/repository/org/apache/curator/curator-framework/2.12.0/curator-framework-2.12.0.jar:/home/user/.m2/repository/com/sun/jersey/jersey-core/1.19/jersey-core-1.19.jar:/home/user/.m2/repository/javax/ws/rs/jsr311-api/1.1.1/jsr311-api-1.1.1.jar:/home/user/.m2/repository/com/sun/jersey/jersey-server/1.19/jersey-server-1.19.jar:/home/user/.m2/repository/javax/servlet/javax.servlet-api/3.1.0/javax.servlet-api-3.1.0.jar:/home/user/.m2/repository/org/eclipse/jetty/jetty-server/9.3.25.v20180904/jetty-server-9.3.25.v20180904.jar:/home/user/.m2/repository/org/eclipse/jetty/jetty-http/9.3.25.v20180904/jetty-http-9.3.25.v20180904.jar:/home/user/.m2/repository/org/eclipse/jetty/jetty-io/9.3.25.v20180904/jetty-io-9.3.25.v20180904.jar:/home/user/.m2/repository/org/eclipse/jetty/jetty-webapp/9.3.25.v20180904/jetty-webapp-9.3.25.v20180904.jar:/home/user/.m2/repository/org/eclipse/jetty/jetty-xml/9.3.25.v20180904/jetty-xml-9.3.25.v20180904.jar:/home/user/.m2/repository/log4j/log4j/1.2.17/log4j-1.2.17.jar:/home/user/.m2/repository/org/slf4j/slf4j-api/1.7.25/slf4j-api-1.7.25.jar:/home/user/.m2/repository/org/slf4j/jul-to-slf4j/1.7.25/jul-to-slf4j-1.7.25.jar:/home/user/.m2/repository/org/eclipse/jetty/jetty-util/9.3.25.v20180904/jetty-util-9.3.25.v20180904.jar:/home/user/.m2/repository/com/fasterxml/jackson/core/jackson-databind/2.9.9/jackson-databind-2.9.9.jar:/home/user/.m2/repository/org/apache/hadoop/hadoop-kms/3.2.0/hadoop-kms-3.2.0-tests.jar:/home/user/.m2/repository/org/apache/hadoop/hadoop-hdds-server-scm/0.5.0-SNAPSHOT/hadoop-hdds-server-scm-0.5.0-SNAPSHOT-tests.jar:/home/user/.m2/repository/org/apache/hadoop/hadoop-hdds-container-service/0.5.0-SNAPSHOT/hadoop-hdds-container-service-0.5.0-SNAPSHOT-tests.jar:/home/user/.m2/repository/org/yaml/snakeyaml/1.16/snakeyaml-1.16.jar:/home/user/.m2/repository/org/apache/hadoop/hadoop-common/3.2.0/hadoop-common-3.2.0-tests.jar:/home/user/.m2/repository/org/apache/hadoop/hadoop-annotations/3.2.0/hadoop-annotations-3.2.0.jar:/usr/lib/jvm/java-1.8-openjdk/jre/../lib/tools.jar:/home/user/.m2/repository/commons-cli/commons-cli/1.2/commons-cli-1.2.jar:/home/user/.m2/repository/org/apache/httpcomponents/httpclient/4.5.2/httpclient-4.5.2.jar:/home/user/.m2/repository/org/apache/httpcomponents/httpcore/4.4.4/httpcore-4.4.4.jar:/home/user/.m2/repository/commons-codec/commons-codec/1.11/commons-codec-1.11.jar:/home/user/.m2/repository/commons-net/commons-net/3.6/commons-net-3.6.jar:/home/user/.m2/repository/commons-collections/commons-collections/3.2.2/commons-collections-3.2.2.jar:/home/user/.m2/repository/org/eclipse/jetty/jetty-servlet/9.3.25.v20180904/jetty-servlet-9.3.25.v20180904.jar:/home/user/.m2/repository/org/eclipse/jetty/jetty-security/9.3.25.v20180904/jetty-security-9.3.25.v20180904.jar:/home/user/.m2/repository/javax/servlet/jsp/jsp-api/2.1/jsp-api-2.1.jar:/home/user/.m2/repository/com/sun/jersey/jersey-servlet/1.19/jersey-servlet-1.19.jar:/home/user/.m2/repository/com/sun/jersey/jersey-json/1.19/jersey-json-1.19.jar:/home/user/.m2/repository/org/codehaus/jettison/jettison/1.1/jettison-1.1.jar:/home/user/.m2/repository/org/codehaus/jackson/jackson-core-asl/1.9.13/jackson-core-asl-1.9.13.jar:/home/user/.m2/repository/org/codehaus/jackson/jackson-mapper-asl/1.9.13/jackson-mapper-asl-1.9.13.jar:/home/user/.m2/repository/org/codehaus/jackson/jackson-jaxrs/1.9.13/jackson-jaxrs-1.9.13.jar:/home/user/.m2/repository/org/codehaus/jackson/jackson-xc/1.9.13/jackson-xc-1.9.13.jar:/home/user/.m2/repository/commons-logging/commons-logging/1.1.3/commons-logging-1.1.3.jar:/home/user/.m2/repository/commons-beanutils/commons-beanutils/1.9.4/commons-beanutils-1.9.4.jar:/home/user/.m2/repository/org/apache/commons/commons-configuration2/2.1.1/commons-configuration2-2.1.1.jar:/home/user/.m2/repository/org/apache/commons/commons-lang3/3.7/commons-lang3-3.7.jar:/home/user/.m2/repository/org/apache/commons/commons-text/1.4/commons-text-1.4.jar:/home/user/.m2/repository/org/apache/avro/avro/1.7.7/avro-1.7.7.jar:/home/user/.m2/repository/com/thoughtworks/paranamer/paranamer/2.3/paranamer-2.3.jar:/home/user/.m2/repository/org/xerial/snappy/snappy-java/1.0.5/snappy-java-1.0.5.jar:/home/user/.m2/repository/com/google/re2j/re2j/1.1/re2j-1.1.jar:/home/user/.m2/repository/com/google/code/gson/gson/2.2.4/gson-2.2.4.jar:/home/user/.m2/repository/com/jcraft/jsch/0.1.54/jsch-0.1.54.jar:/home/user/.m2/repository/org/apache/curator/curator-client/2.12.0/curator-client-2.12.0.jar:/home/user/.m2/repository/org/apache/curator/curator-recipes/2.12.0/curator-recipes-2.12.0.jar:/home/user/.m2/repository/com/google/code/findbugs/jsr305/3.0.0/jsr305-3.0.0.jar:/home/user/.m2/repository/org/apache/htrace/htrace-core4/4.1.0-incubating/htrace-core4-4.1.0-incubating.jar:/home/user/.m2/repository/org/apache/zookeeper/zookeeper/3.4.13/zookeeper-3.4.13.jar:/home/user/.m2/repository/jline/jline/0.9.94/jline-0.9.94.jar:/home/user/.m2/repository/org/apache/yetus/audience-annotations/0.5.0/audience-annotations-0.5.0.jar:/home/user/.m2/repository/org/codehaus/woodstox/stax2-api/3.1.4/stax2-api-3.1.4.jar:/home/user/.m2/repository/com/fasterxml/woodstox/woodstox-core/5.0.3/woodstox-core-5.0.3.jar:/home/user/.m2/repository/dnsjava/dnsjava/2.1.7/dnsjava-2.1.7.jar:/home/user/.m2/repository/org/apache/hadoop/hadoop-hdfs/3.2.0/hadoop-hdfs-3.2.0-tests.jar:/home/user/.m2/repository/org/eclipse/jetty/jetty-util-ajax/9.3.25.v20180904/jetty-util-ajax-9.3.25.v20180904.jar:/home/user/.m2/repository/commons-daemon/commons-daemon/1.0.13/commons-daemon-1.0.13.jar:/home/user/.m2/repository/io/netty/netty/3.10.5.Final/netty-3.10.5.Final.jar:/home/user/.m2/repository/io/netty/netty-all/4.0.52.Final/netty-all-4.0.52.Final.jar:/home/user/.m2/repository/org/fusesource/leveldbjni/leveldbjni-all/1.8/leveldbjni-all-1.8.jar:"/>
    <property name="sun.cpu.endian" value="little"/>
    <property name="user.home" value="/home/user"/>
    <property name="user.language" value="en"/>
    <property name="java.specification.vendor" value="Oracle Corporation"/>
    <property name="java.home" value="/usr/lib/jvm/java-1.8-openjdk/jre"/>
    <property name="java.security.krb5.conf" value="/workdir/hadoop-ozone/integration-test/target/test-classes/krb5.conf"/>
    <property name="basedir" value="/workdir/hadoop-ozone/integration-test"/>
    <property name="file.separator" value="/"/>
    <property name="line.separator" value="&#10;"/>
    <property name="java.vm.specification.vendor" value="Oracle Corporation"/>
    <property name="java.specification.name" value="Java Platform API Specification"/>
    <property name="java.awt.graphicsenv" value="sun.awt.X11GraphicsEnvironment"/>
    <property name="surefire.real.class.path" value="/workdir/hadoop-ozone/integration-test/target/surefire/surefirebooter6705519093060252250.jar"/>
    <property name="hadoop.log.dir" value="/workdir/hadoop-ozone/integration-test/target/log"/>
    <property name="sun.boot.class.path" value="/usr/lib/jvm/java-1.8-openjdk/jre/lib/resources.jar:/usr/lib/jvm/java-1.8-openjdk/jre/lib/rt.jar:/usr/lib/jvm/java-1.8-openjdk/jre/lib/sunrsasign.jar:/usr/lib/jvm/java-1.8-openjdk/jre/lib/jsse.jar:/usr/lib/jvm/java-1.8-openjdk/jre/lib/jce.jar:/usr/lib/jvm/java-1.8-openjdk/jre/lib/charsets.jar:/usr/lib/jvm/java-1.8-openjdk/jre/lib/jfr.jar:/usr/lib/jvm/java-1.8-openjdk/jre/classes"/>
    <property name="sun.management.compiler" value="HotSpot 64-Bit Tiered Compilers"/>
    <property name="java.runtime.version" value="1.8.0_212-b04"/>
    <property name="java.net.preferIPv4Stack" value="true"/>
    <property name="user.name" value="jenkins1000"/>
    <property name="path.separator" value=":"/>
    <property name="java.security.egd" value="file:///dev/urandom"/>
    <property name="os.version" value="3.10.0-957.12.2.el7.x86_64"/>
    <property name="java.endorsed.dirs" value="/usr/lib/jvm/java-1.8-openjdk/jre/lib/endorsed"/>
    <property name="java.runtime.name" value="OpenJDK Runtime Environment"/>
    <property name="file.encoding" value="UTF-8"/>
    <property name="java.vm.name" value="OpenJDK 64-Bit Server VM"/>
    <property name="test.build.webapps" value=""/>
    <property name="localRepository" value="/home/user/.m2/repository"/>
    <property name="java.vendor.url.bug" value="https://icedtea.classpath.org/bugzilla"/>
    <property name="java.io.tmpdir" value="/tmp"/>
    <property name="require.test.libhadoop" value=""/>
    <property name="java.version" value="1.8.0_212"/>
    <property name="user.dir" value="/workdir/hadoop-ozone/integration-test"/>
    <property name="os.arch" value="amd64"/>
    <property name="java.vm.specification.name" value="Java Virtual Machine Specification"/>
    <property name="test.build.classes" value="/workdir/hadoop-ozone/integration-test/target/test-classes"/>
    <property name="java.awt.printerjob" value="sun.print.PSPrinterJob"/>
    <property name="sun.os.patch.level" value="unknown"/>
    <property name="hadoop.tmp.dir" value="/workdir/hadoop-ozone/integration-test/target/tmp"/>
    <property name="java.library.path" value="/usr/lib/jvm/java-1.8-openjdk/jre/lib/amd64/server:/usr/lib/jvm/java-1.8-openjdk/jre/lib/amd64:/usr/lib/jvm/java-1.8-openjdk/jre/../lib/amd64:/workdir/hadoop-ozone/integration-test/target/native/target/usr/local/lib:/workdir/hadoop-ozone/integration-test/../../hadoop-common-project/hadoop-common/target/native/target/usr/local/lib:/usr/java/packages/lib/amd64:/usr/lib64:/lib64:/lib:/usr/lib"/>
    <property name="java.vm.info" value="mixed mode"/>
    <property name="java.vendor" value="IcedTea"/>
    <property name="java.vm.version" value="25.212-b04"/>
    <property name="java.ext.dirs" value="/usr/lib/jvm/java-1.8-openjdk/jre/lib/ext:/usr/java/packages/lib/ext"/>
    <property name="sun.io.unicode.encoding" value="UnicodeLittle"/>
    <property name="java.class.version" value="52.0"/>
  </properties>
  <testcase name="test2DatanodesFailure" classname="org.apache.hadoop.ozone.client.rpc.TestBlockOutputStreamWithFailures" time="45.235">
    <error message="Allocated 0 blocks. Requested 1 blocks" type="INTERNAL_ERROR org.apache.hadoop.ozone.om.exceptions.OMException">INTERNAL_ERROR org.apache.hadoop.ozone.om.exceptions.OMException: Allocated 0 blocks. Requested 1 blocks
	at org.apache.hadoop.ozone.om.protocolPB.OzoneManagerProtocolClientSideTranslatorPB.handleError(OzoneManagerProtocolClientSideTranslatorPB.java:732)
	at org.apache.hadoop.ozone.om.protocolPB.OzoneManagerProtocolClientSideTranslatorPB.allocateBlock(OzoneManagerProtocolClientSideTranslatorPB.java:764)
	at sun.reflect.NativeMethodAccessorImpl.invoke0(Native Method)
	at sun.reflect.NativeMethodAccessorImpl.invoke(NativeMethodAccessorImpl.java:62)
	at sun.reflect.DelegatingMethodAccessorImpl.invoke(DelegatingMethodAccessorImpl.java:43)
	at java.lang.reflect.Method.invoke(Method.java:498)
	at org.apache.hadoop.hdds.tracing.TraceAllMethod.invoke(TraceAllMethod.java:66)
	at com.sun.proxy.$Proxy37.allocateBlock(Unknown Source)
	at org.apache.hadoop.ozone.client.io.BlockOutputStreamEntryPool.allocateNewBlock(BlockOutputStreamEntryPool.java:248)
	at org.apache.hadoop.ozone.client.io.BlockOutputStreamEntryPool.allocateBlockIfNeeded(BlockOutputStreamEntryPool.java:296)
	at org.apache.hadoop.ozone.client.io.KeyOutputStream.handleWrite(KeyOutputStream.java:198)
	at org.apache.hadoop.ozone.client.io.KeyOutputStream.handleRetry(KeyOutputStream.java:375)
	at org.apache.hadoop.ozone.client.io.KeyOutputStream.handleException(KeyOutputStream.java:324)
	at org.apache.hadoop.ozone.client.io.KeyOutputStream.handleFlushOrClose(KeyOutputStream.java:449)
	at org.apache.hadoop.ozone.client.io.KeyOutputStream.flush(KeyOutputStream.java:397)
	at org.apache.hadoop.ozone.client.io.OzoneOutputStream.flush(OzoneOutputStream.java:54)
	at org.apache.hadoop.ozone.client.rpc.TestBlockOutputStreamWithFailures.test2DatanodesFailure(TestBlockOutputStreamWithFailures.java:502)
	at sun.reflect.NativeMethodAccessorImpl.invoke0(Native Method)
	at sun.reflect.NativeMethodAccessorImpl.invoke(NativeMethodAccessorImpl.java:62)
	at sun.reflect.DelegatingMethodAccessorImpl.invoke(DelegatingMethodAccessorImpl.java:43)
	at java.lang.reflect.Method.invoke(Method.java:498)
	at org.junit.runners.model.FrameworkMethod$1.runReflectiveCall(FrameworkMethod.java:47)
	at org.junit.internal.runners.model.ReflectiveCallable.run(ReflectiveCallable.java:12)
	at org.junit.runners.model.FrameworkMethod.invokeExplosively(FrameworkMethod.java:44)
	at org.junit.internal.runners.statements.InvokeMethod.evaluate(InvokeMethod.java:17)
	at org.junit.internal.runners.statements.RunBefores.evaluate(RunBefores.java:26)
	at org.junit.internal.runners.statements.RunAfters.evaluate(RunAfters.java:27)
	at org.junit.runners.ParentRunner.runLeaf(ParentRunner.java:271)
	at org.junit.runners.BlockJUnit4ClassRunner.runChild(BlockJUnit4ClassRunner.java:70)
	at org.junit.runners.BlockJUnit4ClassRunner.runChild(BlockJUnit4ClassRunner.java:50)
	at org.junit.runners.ParentRunner$3.run(ParentRunner.java:238)
	at org.junit.runners.ParentRunner$1.schedule(ParentRunner.java:63)
	at org.junit.runners.ParentRunner.runChildren(ParentRunner.java:236)
	at org.junit.runners.ParentRunner.access$000(ParentRunner.java:53)
	at org.junit.runners.ParentRunner$2.evaluate(ParentRunner.java:229)
	at org.junit.runners.ParentRunner.run(ParentRunner.java:309)
	at org.apache.maven.surefire.junit4.JUnit4Provider.execute(JUnit4Provider.java:365)
	at org.apache.maven.surefire.junit4.JUnit4Provider.executeWithRerun(JUnit4Provider.java:273)
	at org.apache.maven.surefire.junit4.JUnit4Provider.executeTestSet(JUnit4Provider.java:238)
	at org.apache.maven.surefire.junit4.JUnit4Provider.invoke(JUnit4Provider.java:159)
	at org.apache.maven.surefire.booter.ForkedBooter.invokeProviderInSameClassLoader(ForkedBooter.java:384)
	at org.apache.maven.surefire.booter.ForkedBooter.runSuitesInProcess(ForkedBooter.java:345)
	at org.apache.maven.surefire.booter.ForkedBooter.execute(ForkedBooter.java:126)
	at org.apache.maven.surefire.booter.ForkedBooter.main(ForkedBooter.java:418)
</error>
    <system-out><![CDATA[2019-09-23 17:53:05,782 [main] WARN  server.ServerUtils (ServerUtils.java:getScmDbDir(145)) - ozone.scm.db.dirs is not configured. We recommend adding this setting. Falling back to ozone.metadata.dirs instead.
2019-09-23 17:53:05,872 [main] WARN  server.ServerUtils (ServerUtils.java:getScmDbDir(145)) - ozone.scm.db.dirs is not configured. We recommend adding this setting. Falling back to ozone.metadata.dirs instead.
2019-09-23 17:53:05,875 [main] WARN  server.ServerUtils (ServerUtils.java:getScmDbDir(145)) - ozone.scm.db.dirs is not configured. We recommend adding this setting. Falling back to ozone.metadata.dirs instead.
2019-09-23 17:53:05,890 [main] INFO  util.log (Log.java:initialized(192)) - Logging initialized @889ms
2019-09-23 17:53:05,977 [main] INFO  db.DBStoreBuilder (DBStoreBuilder.java:addTable(110)) - using custom profile for table: deletedBlocks
2019-09-23 17:53:05,977 [main] INFO  db.DBStoreBuilder (DBStoreBuilder.java:processTables(161)) - Using default column profile:DBProfile.DISK for Table:deletedBlocks
2019-09-23 17:53:05,977 [main] INFO  db.DBStoreBuilder (DBStoreBuilder.java:addTable(110)) - using custom profile for table: validCerts
2019-09-23 17:53:05,978 [main] INFO  db.DBStoreBuilder (DBStoreBuilder.java:processTables(161)) - Using default column profile:DBProfile.DISK for Table:validCerts
2019-09-23 17:53:05,978 [main] INFO  db.DBStoreBuilder (DBStoreBuilder.java:addTable(110)) - using custom profile for table: revokedCerts
2019-09-23 17:53:05,978 [main] INFO  db.DBStoreBuilder (DBStoreBuilder.java:processTables(161)) - Using default column profile:DBProfile.DISK for Table:revokedCerts
2019-09-23 17:53:05,988 [main] INFO  db.DBStoreBuilder (DBStoreBuilder.java:addTable(110)) - using custom profile for table: default
2019-09-23 17:53:05,989 [main] INFO  db.DBStoreBuilder (DBStoreBuilder.java:processTables(167)) - Using default column profile:DBProfile.DISK for Table:default
2019-09-23 17:53:05,990 [main] INFO  db.DBStoreBuilder (DBStoreBuilder.java:getDbProfile(198)) - Using default options. DBProfile.DISK
2019-09-23 17:53:06,276 [main] INFO  net.NodeSchemaLoader (NodeSchemaLoader.java:loadSchemaFromFile(125)) - Loading file from sun.misc.CompoundEnumeration@71d44a3
2019-09-23 17:53:06,278 [main] INFO  net.NodeSchemaLoader (NodeSchemaLoader.java:loadSchema(171)) - Loading network topology layer schema file
2019-09-23 17:53:06,357 [main] INFO  node.SCMNodeManager (SCMNodeManager.java:<init>(114)) - Entering startup safe mode.
2019-09-23 17:53:06,429 [main] INFO  algorithms.ContainerPlacementPolicyFactory (ContainerPlacementPolicyFactory.java:getPolicy(57)) - Create container placement policy of type org.apache.hadoop.hdds.scm.container.placement.algorithms.SCMContainerPlacementRandom
2019-09-23 17:53:06,443 [main] WARN  server.ServerUtils (ServerUtils.java:getScmDbDir(145)) - ozone.scm.db.dirs is not configured. We recommend adding this setting. Falling back to ozone.metadata.dirs instead.
2019-09-23 17:53:06,541 [main] INFO  pipeline.SCMPipelineManager (SCMPipelineManager.java:initializePipelineState(132)) - No pipeline exists in current db
2019-09-23 17:53:06,545 [main] WARN  server.ServerUtils (ServerUtils.java:getScmDbDir(145)) - ozone.scm.db.dirs is not configured. We recommend adding this setting. Falling back to ozone.metadata.dirs instead.
2019-09-23 17:53:06,675 [main] WARN  events.EventQueue (EventQueue.java:fireEvent(183)) - No event handler registered for event TypedEvent{payloadType=SafeModeStatus, name='SafeModeStatus'}
2019-09-23 17:53:07,081 [main] INFO  ipc.CallQueueManager (CallQueueManager.java:<init>(84)) - Using callQueue: class java.util.concurrent.LinkedBlockingQueue, queueCapacity: 2000, scheduler: class org.apache.hadoop.ipc.DefaultRpcScheduler, ipcBackoff: false.
2019-09-23 17:53:07,109 [Socket Reader #1 for port 34620] INFO  ipc.Server (Server.java:run(1074)) - Starting Socket Reader #1 for port 34620
2019-09-23 17:53:07,290 [main] INFO  ipc.CallQueueManager (CallQueueManager.java:<init>(84)) - Using callQueue: class java.util.concurrent.LinkedBlockingQueue, queueCapacity: 2000, scheduler: class org.apache.hadoop.ipc.DefaultRpcScheduler, ipcBackoff: false.
2019-09-23 17:53:07,291 [Socket Reader #1 for port 39439] INFO  ipc.Server (Server.java:run(1074)) - Starting Socket Reader #1 for port 39439
2019-09-23 17:53:07,305 [main] INFO  ipc.CallQueueManager (CallQueueManager.java:<init>(84)) - Using callQueue: class java.util.concurrent.LinkedBlockingQueue, queueCapacity: 2000, scheduler: class org.apache.hadoop.ipc.DefaultRpcScheduler, ipcBackoff: false.
2019-09-23 17:53:07,306 [Socket Reader #1 for port 45979] INFO  ipc.Server (Server.java:run(1074)) - Starting Socket Reader #1 for port 45979
2019-09-23 17:53:07,337 [main] INFO  hdfs.DFSUtil (DFSUtil.java:httpServerTemplateForNNAndJN(1641)) - Starting Web-server for scm at: http://0.0.0.0:0
2019-09-23 17:53:07,515 [main] INFO  server.AuthenticationFilter (AuthenticationFilter.java:constructSecretProvider(240)) - Unable to initialize FileSignerSecretProvider, falling back to use random secrets.
2019-09-23 17:53:07,524 [main] WARN  http.HttpRequestLog (HttpRequestLog.java:getRequestLog(97)) - Jetty request log can only be enabled using Log4j
2019-09-23 17:53:07,532 [main] INFO  http.HttpServer2 (HttpServer2.java:addGlobalFilter(975)) - Added global filter 'safety' (class=org.apache.hadoop.http.HttpServer2$QuotingInputFilter)
2019-09-23 17:53:07,535 [main] INFO  http.HttpServer2 (HttpServer2.java:addFilter(948)) - Added filter static_user_filter (class=org.apache.hadoop.http.lib.StaticUserWebFilter$StaticUserFilter) to context scm
2019-09-23 17:53:07,535 [main] INFO  http.HttpServer2 (HttpServer2.java:addFilter(958)) - Added filter static_user_filter (class=org.apache.hadoop.http.lib.StaticUserWebFilter$StaticUserFilter) to context static
2019-09-23 17:53:07,535 [main] INFO  http.HttpServer2 (HttpServer2.java:addFilter(958)) - Added filter static_user_filter (class=org.apache.hadoop.http.lib.StaticUserWebFilter$StaticUserFilter) to context logs
2019-09-23 17:53:07,567 [main] INFO  server.StorageContainerManager (StorageContainerManager.java:start(770)) - StorageContainerLocationProtocol RPC server is listening at /0.0.0.0:45979
2019-09-23 17:53:07,631 [main] WARN  impl.MetricsConfig (MetricsConfig.java:loadFirst(134)) - Cannot locate configuration: tried hadoop-metrics2-storagecontainermanager.properties,hadoop-metrics2.properties
2019-09-23 17:53:07,644 [main] INFO  impl.MetricsSystemImpl (MetricsSystemImpl.java:startTimer(374)) - Scheduled Metric snapshot period at 10 second(s).
2019-09-23 17:53:07,644 [main] INFO  impl.MetricsSystemImpl (MetricsSystemImpl.java:start(191)) - StorageContainerManager metrics system started
2019-09-23 17:53:07,868 [main] INFO  server.SCMClientProtocolServer (SCMClientProtocolServer.java:start(151)) - RPC server for Client  is listening at /0.0.0.0:45979
2019-09-23 17:53:07,869 [IPC Server Responder] INFO  ipc.Server (Server.java:run(1314)) - IPC Server Responder: starting
2019-09-23 17:53:07,869 [IPC Server listener on 45979] INFO  ipc.Server (Server.java:run(1153)) - IPC Server listener on 45979: starting
2019-09-23 17:53:07,872 [main] INFO  server.StorageContainerManager (StorageContainerManager.java:start(780)) - ScmBlockLocationProtocol RPC server is listening at /0.0.0.0:39439
2019-09-23 17:53:07,873 [main] INFO  server.SCMBlockProtocolServer (SCMBlockProtocolServer.java:start(146)) - RPC server for Block Protocol is listening at /0.0.0.0:39439
2019-09-23 17:53:07,874 [IPC Server Responder] INFO  ipc.Server (Server.java:run(1314)) - IPC Server Responder: starting
2019-09-23 17:53:07,874 [IPC Server listener on 39439] INFO  ipc.Server (Server.java:run(1153)) - IPC Server listener on 39439: starting
2019-09-23 17:53:07,876 [main] INFO  server.StorageContainerManager (StorageContainerManager.java:start(784)) - ScmDatanodeProtocl RPC server is listening at /0.0.0.0:34620
2019-09-23 17:53:07,877 [main] INFO  server.SCMDatanodeProtocolServer (SCMDatanodeProtocolServer.java:start(191)) - RPC server for DataNodes is listening at /0.0.0.0:34620
2019-09-23 17:53:07,877 [IPC Server Responder] INFO  ipc.Server (Server.java:run(1314)) - IPC Server Responder: starting
2019-09-23 17:53:07,877 [IPC Server listener on 34620] INFO  ipc.Server (Server.java:run(1153)) - IPC Server listener on 34620: starting
2019-09-23 17:53:07,881 [main] INFO  http.HttpServer2 (HttpServer2.java:bindListener(1191)) - Jetty bound to port 44952
2019-09-23 17:53:07,883 [main] INFO  server.Server (Server.java:doStart(351)) - jetty-9.3.25.v20180904, build timestamp: 2018-09-04T21:11:46Z, git hash: 3ce520221d0240229c862b122d2b06c12a625732
2019-09-23 17:53:07,922 [main] INFO  handler.ContextHandler (ContextHandler.java:doStart(781)) - Started o.e.j.s.ServletContextHandler@71cf1b07{/logs,file:///workdir/hadoop-ozone/integration-test/target/log,AVAILABLE}
2019-09-23 17:53:07,923 [main] INFO  handler.ContextHandler (ContextHandler.java:doStart(781)) - Started o.e.j.s.ServletContextHandler@4fce136b{/static,file:///workdir/hadoop-ozone/integration-test/target/test-classes/webapps/static,AVAILABLE}
2019-09-23 17:53:07,957 [main] INFO  handler.ContextHandler (ContextHandler.java:doStart(781)) - Started o.e.j.w.WebAppContext@27e0f2f5{/,file:///workdir/hadoop-ozone/integration-test/target/test-classes/webapps/scm/,AVAILABLE}{/scm}
2019-09-23 17:53:07,962 [main] INFO  server.AbstractConnector (AbstractConnector.java:doStart(278)) - Started ServerConnector@3dd69f5a{HTTP/1.1,[http/1.1]}{0.0.0.0:44952}
2019-09-23 17:53:07,963 [main] INFO  server.Server (Server.java:doStart(419)) - Started @2962ms
2019-09-23 17:53:07,965 [main] INFO  impl.MetricsSinkAdapter (MetricsSinkAdapter.java:start(204)) - Sink prometheus started
2019-09-23 17:53:07,965 [main] INFO  impl.MetricsSystemImpl (MetricsSystemImpl.java:registerSink(301)) - Registered sink prometheus
2019-09-23 17:53:07,966 [main] INFO  server.BaseHttpServer (BaseHttpServer.java:updateConnectorAddress(215)) - HTTP server of SCM is listening at http://0.0.0.0:44952
2019-09-23 17:53:07,972 [org.apache.hadoop.util.JvmPauseMonitor$Monitor@7fb9f71f] INFO  util.JvmPauseMonitor (JvmPauseMonitor.java:run(188)) - Starting JVM pause monitor
2019-09-23 17:53:07,974 [main] WARN  server.ServerUtils (ServerUtils.java:getDBPath(222)) - ozone.om.db.dirs is not configured. We recommend adding this setting. Falling back to ozone.metadata.dirs instead.
2019-09-23 17:53:08,094 [main] WARN  server.ServerUtils (ServerUtils.java:getDBPath(222)) - ozone.om.db.dirs is not configured. We recommend adding this setting. Falling back to ozone.metadata.dirs instead.
2019-09-23 17:53:08,095 [main] WARN  server.ServerUtils (ServerUtils.java:getDBPath(222)) - ozone.om.db.dirs is not configured. We recommend adding this setting. Falling back to ozone.metadata.dirs instead.
2019-09-23 17:53:08,096 [main] INFO  om.OzoneManager (OzoneManager.java:setOMNodeDetails(652)) - OM Service ID is not set. Setting it to the default ID: omServiceIdDefault
2019-09-23 17:53:08,096 [main] INFO  om.OzoneManager (OzoneManager.java:setOMNodeDetails(658)) - OM Node ID is not set. Setting it to the OmStorage's OmID: b659cc47-a505-4261-852d-14a8b6c942fd
2019-09-23 17:53:08,097 [main] INFO  om.OzoneManager (OzoneManager.java:loadOMHAConfigs(609)) - Found matching OM address with OMServiceId: null, OMNodeId: null, RPC Address: localhost:0 and Ratis port: 9872
2019-09-23 17:53:08,838 [main] WARN  server.ServerUtils (ServerUtils.java:getDBPath(222)) - ozone.om.db.dirs is not configured. We recommend adding this setting. Falling back to ozone.metadata.dirs instead.
2019-09-23 17:53:08,845 [main] INFO  db.DBStoreBuilder (DBStoreBuilder.java:addTable(110)) - using custom profile for table: userTable
2019-09-23 17:53:08,846 [main] INFO  db.DBStoreBuilder (DBStoreBuilder.java:processTables(161)) - Using default column profile:DBProfile.DISK for Table:userTable
2019-09-23 17:53:08,846 [main] INFO  db.DBStoreBuilder (DBStoreBuilder.java:addTable(110)) - using custom profile for table: volumeTable
2019-09-23 17:53:08,846 [main] INFO  db.DBStoreBuilder (DBStoreBuilder.java:processTables(161)) - Using default column profile:DBProfile.DISK for Table:volumeTable
2019-09-23 17:53:08,847 [main] INFO  db.DBStoreBuilder (DBStoreBuilder.java:addTable(110)) - using custom profile for table: bucketTable
2019-09-23 17:53:08,847 [main] INFO  db.DBStoreBuilder (DBStoreBuilder.java:processTables(161)) - Using default column profile:DBProfile.DISK for Table:bucketTable
2019-09-23 17:53:08,847 [main] INFO  db.DBStoreBuilder (DBStoreBuilder.java:addTable(110)) - using custom profile for table: keyTable
2019-09-23 17:53:08,847 [main] INFO  db.DBStoreBuilder (DBStoreBuilder.java:processTables(161)) - Using default column profile:DBProfile.DISK for Table:keyTable
2019-09-23 17:53:08,848 [main] INFO  db.DBStoreBuilder (DBStoreBuilder.java:addTable(110)) - using custom profile for table: deletedTable
2019-09-23 17:53:08,848 [main] INFO  db.DBStoreBuilder (DBStoreBuilder.java:processTables(161)) - Using default column profile:DBProfile.DISK for Table:deletedTable
2019-09-23 17:53:08,848 [main] INFO  db.DBStoreBuilder (DBStoreBuilder.java:addTable(110)) - using custom profile for table: openKeyTable
2019-09-23 17:53:08,848 [main] INFO  db.DBStoreBuilder (DBStoreBuilder.java:processTables(161)) - Using default column profile:DBProfile.DISK for Table:openKeyTable
2019-09-23 17:53:08,849 [main] INFO  db.DBStoreBuilder (DBStoreBuilder.java:addTable(110)) - using custom profile for table: s3Table
2019-09-23 17:53:08,849 [main] INFO  db.DBStoreBuilder (DBStoreBuilder.java:processTables(161)) - Using default column profile:DBProfile.DISK for Table:s3Table
2019-09-23 17:53:08,849 [main] INFO  db.DBStoreBuilder (DBStoreBuilder.java:addTable(110)) - using custom profile for table: multipartInfoTable
2019-09-23 17:53:08,849 [main] INFO  db.DBStoreBuilder (DBStoreBuilder.java:processTables(161)) - Using default column profile:DBProfile.DISK for Table:multipartInfoTable
2019-09-23 17:53:08,850 [main] INFO  db.DBStoreBuilder (DBStoreBuilder.java:addTable(110)) - using custom profile for table: dTokenTable
2019-09-23 17:53:08,850 [main] INFO  db.DBStoreBuilder (DBStoreBuilder.java:processTables(161)) - Using default column profile:DBProfile.DISK for Table:dTokenTable
2019-09-23 17:53:08,850 [main] INFO  db.DBStoreBuilder (DBStoreBuilder.java:addTable(110)) - using custom profile for table: s3SecretTable
2019-09-23 17:53:08,850 [main] INFO  db.DBStoreBuilder (DBStoreBuilder.java:processTables(161)) - Using default column profile:DBProfile.DISK for Table:s3SecretTable
2019-09-23 17:53:08,851 [main] INFO  db.DBStoreBuilder (DBStoreBuilder.java:addTable(110)) - using custom profile for table: prefixTable
2019-09-23 17:53:08,851 [main] INFO  db.DBStoreBuilder (DBStoreBuilder.java:processTables(161)) - Using default column profile:DBProfile.DISK for Table:prefixTable
2019-09-23 17:53:08,851 [main] INFO  db.DBStoreBuilder (DBStoreBuilder.java:addTable(110)) - using custom profile for table: default
2019-09-23 17:53:08,851 [main] INFO  db.DBStoreBuilder (DBStoreBuilder.java:processTables(167)) - Using default column profile:DBProfile.DISK for Table:default
2019-09-23 17:53:08,852 [main] INFO  db.DBStoreBuilder (DBStoreBuilder.java:getDbProfile(198)) - Using default options. DBProfile.DISK
2019-09-23 17:53:09,432 [main] INFO  ipc.CallQueueManager (CallQueueManager.java:<init>(84)) - Using callQueue: class java.util.concurrent.LinkedBlockingQueue, queueCapacity: 2000, scheduler: class org.apache.hadoop.ipc.DefaultRpcScheduler, ipcBackoff: false.
2019-09-23 17:53:09,435 [Socket Reader #1 for port 39143] INFO  ipc.Server (Server.java:run(1074)) - Starting Socket Reader #1 for port 39143
2019-09-23 17:53:09,466 [main] INFO  om.OzoneManager (OzoneManager.java:start(1243)) - OzoneManager RPC server is listening at localhost/127.0.0.1:39143
2019-09-23 17:53:09,466 [main] INFO  impl.MetricsSystemImpl (MetricsSystemImpl.java:init(158)) - OzoneManager metrics system started (again)
2019-09-23 17:53:09,468 [IPC Server Responder] INFO  ipc.Server (Server.java:run(1314)) - IPC Server Responder: starting
2019-09-23 17:53:09,468 [IPC Server listener on 39143] INFO  ipc.Server (Server.java:run(1153)) - IPC Server listener on 39143: starting
2019-09-23 17:53:09,475 [main] INFO  hdfs.DFSUtil (DFSUtil.java:httpServerTemplateForNNAndJN(1641)) - Starting Web-server for ozoneManager at: http://0.0.0.0:0
2019-09-23 17:53:09,479 [main] INFO  server.AuthenticationFilter (AuthenticationFilter.java:constructSecretProvider(240)) - Unable to initialize FileSignerSecretProvider, falling back to use random secrets.
2019-09-23 17:53:09,481 [main] WARN  http.HttpRequestLog (HttpRequestLog.java:getRequestLog(97)) - Jetty request log can only be enabled using Log4j
2019-09-23 17:53:09,486 [main] INFO  http.HttpServer2 (HttpServer2.java:addGlobalFilter(975)) - Added global filter 'safety' (class=org.apache.hadoop.http.HttpServer2$QuotingInputFilter)
2019-09-23 17:53:09,487 [main] INFO  http.HttpServer2 (HttpServer2.java:addFilter(948)) - Added filter static_user_filter (class=org.apache.hadoop.http.lib.StaticUserWebFilter$StaticUserFilter) to context ozoneManager
2019-09-23 17:53:09,488 [main] INFO  http.HttpServer2 (HttpServer2.java:addFilter(958)) - Added filter static_user_filter (class=org.apache.hadoop.http.lib.StaticUserWebFilter$StaticUserFilter) to context logs
2019-09-23 17:53:09,488 [main] INFO  http.HttpServer2 (HttpServer2.java:addFilter(958)) - Added filter static_user_filter (class=org.apache.hadoop.http.lib.StaticUserWebFilter$StaticUserFilter) to context static
2019-09-23 17:53:09,492 [main] INFO  http.HttpServer2 (HttpServer2.java:bindListener(1191)) - Jetty bound to port 40761
2019-09-23 17:53:09,493 [main] INFO  server.Server (Server.java:doStart(351)) - jetty-9.3.25.v20180904, build timestamp: 2018-09-04T21:11:46Z, git hash: 3ce520221d0240229c862b122d2b06c12a625732
2019-09-23 17:53:09,496 [main] INFO  handler.ContextHandler (ContextHandler.java:doStart(781)) - Started o.e.j.s.ServletContextHandler@1542af63{/logs,file:///workdir/hadoop-ozone/integration-test/target/log,AVAILABLE}
2019-09-23 17:53:09,497 [main] INFO  handler.ContextHandler (ContextHandler.java:doStart(781)) - Started o.e.j.s.ServletContextHandler@20ed3303{/static,file:///workdir/hadoop-ozone/integration-test/target/test-classes/webapps/static,AVAILABLE}
2019-09-23 17:53:09,505 [main] INFO  handler.ContextHandler (ContextHandler.java:doStart(781)) - Started o.e.j.w.WebAppContext@319854f0{/,file:///workdir/hadoop-ozone/integration-test/target/test-classes/webapps/ozoneManager/,AVAILABLE}{/ozoneManager}
2019-09-23 17:53:09,507 [main] INFO  server.AbstractConnector (AbstractConnector.java:doStart(278)) - Started ServerConnector@748fe51d{HTTP/1.1,[http/1.1]}{0.0.0.0:40761}
2019-09-23 17:53:09,508 [main] INFO  server.Server (Server.java:doStart(419)) - Started @4507ms
2019-09-23 17:53:09,508 [main] WARN  impl.MetricsSystemImpl (MetricsSystemImpl.java:register(276)) - Sink prometheus already exists!
2019-09-23 17:53:09,510 [main] INFO  server.BaseHttpServer (BaseHttpServer.java:updateConnectorAddress(215)) - HTTP server of OZONEMANAGER is listening at http://0.0.0.0:40761
2019-09-23 17:53:09,889 [main] INFO  impl.MetricsSystemImpl (MetricsSystemImpl.java:init(158)) - HddsDatanode metrics system started (again)
2019-09-23 17:53:09,941 [main] INFO  ozone.HddsDatanodeService (HddsDatanodeService.java:start(184)) - HddsDatanodeService host:pr-hdds-2081-trunk-q8vvk-1381952471 ip:192.168.5.159
2019-09-23 17:53:09,976 [main] INFO  volume.HddsVolume (HddsVolume.java:<init>(176)) - Creating Volume: /workdir/hadoop-ozone/integration-test/target/test-dir/MiniOzoneClusterImpl-dd0b3c1f-9e93-41d1-a2ca-e0857f7eafcc/datanode-0/data/containers/hdds of  storage type : DISK and capacity : 1482555576320
2019-09-23 17:53:09,978 [main] INFO  volume.VolumeSet (VolumeSet.java:initializeVolumeSet(170)) - Added Volume : /workdir/hadoop-ozone/integration-test/target/test-dir/MiniOzoneClusterImpl-dd0b3c1f-9e93-41d1-a2ca-e0857f7eafcc/datanode-0/data/containers/hdds to VolumeSet
2019-09-23 17:53:09,981 [main] INFO  volume.ThrottledAsyncChecker (ThrottledAsyncChecker.java:schedule(139)) - Scheduling a check for org.apache.hadoop.ozone.container.common.volume.HddsVolume@69da0b12
2019-09-23 17:53:10,002 [main] INFO  volume.HddsVolumeChecker (HddsVolumeChecker.java:checkAllVolumes(202)) - Scheduled health check for volume org.apache.hadoop.ozone.container.common.volume.HddsVolume@69da0b12
2019-09-23 17:53:10,135 [main] INFO  impl.RaftServerProxy (ConfUtils.java:logGet(43)) - raft.rpc.type = GRPC (default)
2019-09-23 17:53:10,222 [main] INFO  grpc.GrpcFactory (GrpcFactory.java:checkPooledByteBufAllocatorUseCacheForAllThreads(45)) - PERFORMANCE WARNING: useCacheForAllThreads is true that may cause Netty to create a lot garbage objects and, as a result, trigger GC.
	It is recommended to disable useCacheForAllThreads by setting -Dorg.apache.ratis.thirdparty.io.netty.allocator.useCacheForAllThreads=false in command line.
2019-09-23 17:53:10,227 [main] INFO  grpc.GrpcConfigKeys$Server (ConfUtils.java:logGet(43)) - raft.grpc.server.port = 0 (default)
2019-09-23 17:53:10,228 [main] INFO  server.GrpcService (ConfUtils.java:logGet(43)) - raft.grpc.message.size.max = 33570816 (custom)
2019-09-23 17:53:10,230 [main] INFO  server.RaftServerConfigKeys (ConfUtils.java:logGet(43)) - raft.server.log.appender.buffer.byte-limit = 33554432 (custom)
2019-09-23 17:53:10,230 [main] INFO  server.GrpcService (ConfUtils.java:logGet(43)) - raft.grpc.flow.control.window = 1MB (=1048576) (default)
2019-09-23 17:53:10,231 [main] INFO  server.RaftServerConfigKeys (ConfUtils.java:logGet(43)) - raft.server.rpc.request.timeout = 3000ms (default)
2019-09-23 17:53:10,399 [main] INFO  server.RaftServerConfigKeys (ConfUtils.java:logGet(43)) - raft.server.storage.dir = [/workdir/hadoop-ozone/integration-test/target/test-dir/MiniOzoneClusterImpl-dd0b3c1f-9e93-41d1-a2ca-e0857f7eafcc/datanode-0/data/ratis] (custom)
2019-09-23 17:53:10,451 [main] INFO  hdfs.DFSUtil (DFSUtil.java:httpServerTemplateForNNAndJN(1641)) - Starting Web-server for hddsDatanode at: http://0.0.0.0:0
2019-09-23 17:53:10,454 [main] INFO  server.AuthenticationFilter (AuthenticationFilter.java:constructSecretProvider(240)) - Unable to initialize FileSignerSecretProvider, falling back to use random secrets.
2019-09-23 17:53:10,455 [main] WARN  http.HttpRequestLog (HttpRequestLog.java:getRequestLog(97)) - Jetty request log can only be enabled using Log4j
2019-09-23 17:53:10,460 [main] INFO  http.HttpServer2 (HttpServer2.java:addGlobalFilter(975)) - Added global filter 'safety' (class=org.apache.hadoop.http.HttpServer2$QuotingInputFilter)
2019-09-23 17:53:10,462 [main] INFO  http.HttpServer2 (HttpServer2.java:addFilter(948)) - Added filter static_user_filter (class=org.apache.hadoop.http.lib.StaticUserWebFilter$StaticUserFilter) to context hddsDatanode
2019-09-23 17:53:10,462 [main] INFO  http.HttpServer2 (HttpServer2.java:addFilter(958)) - Added filter static_user_filter (class=org.apache.hadoop.http.lib.StaticUserWebFilter$StaticUserFilter) to context logs
2019-09-23 17:53:10,462 [main] INFO  http.HttpServer2 (HttpServer2.java:addFilter(958)) - Added filter static_user_filter (class=org.apache.hadoop.http.lib.StaticUserWebFilter$StaticUserFilter) to context static
2019-09-23 17:53:10,464 [main] INFO  http.HttpServer2 (HttpServer2.java:bindListener(1191)) - Jetty bound to port 34742
2019-09-23 17:53:10,464 [main] INFO  server.Server (Server.java:doStart(351)) - jetty-9.3.25.v20180904, build timestamp: 2018-09-04T21:11:46Z, git hash: 3ce520221d0240229c862b122d2b06c12a625732
2019-09-23 17:53:10,467 [main] INFO  handler.ContextHandler (ContextHandler.java:doStart(781)) - Started o.e.j.s.ServletContextHandler@26dc9bd5{/logs,file:///workdir/hadoop-ozone/integration-test/target/log,AVAILABLE}
2019-09-23 17:53:10,468 [main] INFO  handler.ContextHandler (ContextHandler.java:doStart(781)) - Started o.e.j.s.ServletContextHandler@43045f9f{/static,jar:file:/home/user/.m2/repository/org/apache/hadoop/hadoop-hdds-container-service/0.5.0-SNAPSHOT/hadoop-hdds-container-service-0.5.0-SNAPSHOT.jar!/webapps/static,AVAILABLE}
2019-09-23 17:53:10,520 [main] INFO  handler.ContextHandler (ContextHandler.java:doStart(781)) - Started o.e.j.w.WebAppContext@122d6c22{/,file:///tmp/jetty-0.0.0.0-34742-hddsDatanode-_-any-1075789778288732217.dir/webapp/,AVAILABLE}{/hddsDatanode}
2019-09-23 17:53:10,520 [main] INFO  server.AbstractConnector (AbstractConnector.java:doStart(278)) - Started ServerConnector@2f5ac102{HTTP/1.1,[http/1.1]}{0.0.0.0:34742}
2019-09-23 17:53:10,521 [main] INFO  server.Server (Server.java:doStart(419)) - Started @5520ms
2019-09-23 17:53:10,522 [main] WARN  impl.MetricsSystemImpl (MetricsSystemImpl.java:register(276)) - Sink prometheus already exists!
2019-09-23 17:53:10,523 [main] INFO  server.BaseHttpServer (BaseHttpServer.java:updateConnectorAddress(215)) - HTTP server of HDDSDATANODE is listening at http://0.0.0.0:34742
2019-09-23 17:53:10,524 [main] INFO  impl.MetricsSystemImpl (MetricsSystemImpl.java:init(158)) - HddsDatanode metrics system started (again)
2019-09-23 17:53:10,528 [main] INFO  ozone.HddsDatanodeService (HddsDatanodeService.java:start(184)) - HddsDatanodeService host:pr-hdds-2081-trunk-q8vvk-1381952471 ip:192.168.5.159
2019-09-23 17:53:10,530 [org.apache.hadoop.util.JvmPauseMonitor$Monitor@331e78ff] INFO  util.JvmPauseMonitor (JvmPauseMonitor.java:run(188)) - Starting JVM pause monitor
2019-09-23 17:53:10,537 [main] INFO  volume.HddsVolume (HddsVolume.java:<init>(176)) - Creating Volume: /workdir/hadoop-ozone/integration-test/target/test-dir/MiniOzoneClusterImpl-dd0b3c1f-9e93-41d1-a2ca-e0857f7eafcc/datanode-1/data/containers/hdds of  storage type : DISK and capacity : 1482555576320
2019-09-23 17:53:10,537 [main] INFO  volume.VolumeSet (VolumeSet.java:initializeVolumeSet(170)) - Added Volume : /workdir/hadoop-ozone/integration-test/target/test-dir/MiniOzoneClusterImpl-dd0b3c1f-9e93-41d1-a2ca-e0857f7eafcc/datanode-1/data/containers/hdds to VolumeSet
2019-09-23 17:53:10,538 [main] INFO  volume.ThrottledAsyncChecker (ThrottledAsyncChecker.java:schedule(139)) - Scheduling a check for org.apache.hadoop.ozone.container.common.volume.HddsVolume@6dd1c3ed
2019-09-23 17:53:10,539 [main] INFO  volume.HddsVolumeChecker (HddsVolumeChecker.java:checkAllVolumes(202)) - Scheduled health check for volume org.apache.hadoop.ozone.container.common.volume.HddsVolume@6dd1c3ed
2019-09-23 17:53:10,555 [main] INFO  impl.RaftServerProxy (ConfUtils.java:logGet(43)) - raft.rpc.type = GRPC (default)
2019-09-23 17:53:10,555 [main] INFO  grpc.GrpcFactory (GrpcFactory.java:checkPooledByteBufAllocatorUseCacheForAllThreads(45)) - PERFORMANCE WARNING: useCacheForAllThreads is true that may cause Netty to create a lot garbage objects and, as a result, trigger GC.
	It is recommended to disable useCacheForAllThreads by setting -Dorg.apache.ratis.thirdparty.io.netty.allocator.useCacheForAllThreads=false in command line.
2019-09-23 17:53:10,555 [main] INFO  grpc.GrpcConfigKeys$Server (ConfUtils.java:logGet(43)) - raft.grpc.server.port = 0 (default)
2019-09-23 17:53:10,556 [main] INFO  server.GrpcService (ConfUtils.java:logGet(43)) - raft.grpc.message.size.max = 33570816 (custom)
2019-09-23 17:53:10,556 [main] INFO  server.RaftServerConfigKeys (ConfUtils.java:logGet(43)) - raft.server.log.appender.buffer.byte-limit = 33554432 (custom)
2019-09-23 17:53:10,556 [main] INFO  server.GrpcService (ConfUtils.java:logGet(43)) - raft.grpc.flow.control.window = 1MB (=1048576) (default)
2019-09-23 17:53:10,557 [main] INFO  server.RaftServerConfigKeys (ConfUtils.java:logGet(43)) - raft.server.rpc.request.timeout = 3000ms (default)
2019-09-23 17:53:10,557 [main] INFO  server.RaftServerConfigKeys (ConfUtils.java:logGet(43)) - raft.server.storage.dir = [/workdir/hadoop-ozone/integration-test/target/test-dir/MiniOzoneClusterImpl-dd0b3c1f-9e93-41d1-a2ca-e0857f7eafcc/datanode-1/data/ratis] (custom)
2019-09-23 17:53:10,559 [main] INFO  hdfs.DFSUtil (DFSUtil.java:httpServerTemplateForNNAndJN(1641)) - Starting Web-server for hddsDatanode at: http://0.0.0.0:0
2019-09-23 17:53:10,561 [main] INFO  server.AuthenticationFilter (AuthenticationFilter.java:constructSecretProvider(240)) - Unable to initialize FileSignerSecretProvider, falling back to use random secrets.
2019-09-23 17:53:10,562 [main] WARN  http.HttpRequestLog (HttpRequestLog.java:getRequestLog(97)) - Jetty request log can only be enabled using Log4j
2019-09-23 17:53:10,563 [main] INFO  http.HttpServer2 (HttpServer2.java:addGlobalFilter(975)) - Added global filter 'safety' (class=org.apache.hadoop.http.HttpServer2$QuotingInputFilter)
2019-09-23 17:53:10,564 [main] INFO  http.HttpServer2 (HttpServer2.java:addFilter(948)) - Added filter static_user_filter (class=org.apache.hadoop.http.lib.StaticUserWebFilter$StaticUserFilter) to context hddsDatanode
2019-09-23 17:53:10,565 [main] INFO  http.HttpServer2 (HttpServer2.java:addFilter(958)) - Added filter static_user_filter (class=org.apache.hadoop.http.lib.StaticUserWebFilter$StaticUserFilter) to context logs
2019-09-23 17:53:10,565 [main] INFO  http.HttpServer2 (HttpServer2.java:addFilter(958)) - Added filter static_user_filter (class=org.apache.hadoop.http.lib.StaticUserWebFilter$StaticUserFilter) to context static
2019-09-23 17:53:10,566 [main] INFO  http.HttpServer2 (HttpServer2.java:bindListener(1191)) - Jetty bound to port 36950
2019-09-23 17:53:10,566 [main] INFO  server.Server (Server.java:doStart(351)) - jetty-9.3.25.v20180904, build timestamp: 2018-09-04T21:11:46Z, git hash: 3ce520221d0240229c862b122d2b06c12a625732
2019-09-23 17:53:10,570 [main] INFO  handler.ContextHandler (ContextHandler.java:doStart(781)) - Started o.e.j.s.ServletContextHandler@5460b754{/logs,file:///workdir/hadoop-ozone/integration-test/target/log,AVAILABLE}
2019-09-23 17:53:10,570 [main] INFO  handler.ContextHandler (ContextHandler.java:doStart(781)) - Started o.e.j.s.ServletContextHandler@c27a3a2{/static,jar:file:/home/user/.m2/repository/org/apache/hadoop/hadoop-hdds-container-service/0.5.0-SNAPSHOT/hadoop-hdds-container-service-0.5.0-SNAPSHOT.jar!/webapps/static,AVAILABLE}
2019-09-23 17:53:10,602 [main] INFO  handler.ContextHandler (ContextHandler.java:doStart(781)) - Started o.e.j.w.WebAppContext@53e800f9{/,file:///tmp/jetty-0.0.0.0-36950-hddsDatanode-_-any-275327957101673001.dir/webapp/,AVAILABLE}{/hddsDatanode}
2019-09-23 17:53:10,603 [main] INFO  server.AbstractConnector (AbstractConnector.java:doStart(278)) - Started ServerConnector@337bbfdf{HTTP/1.1,[http/1.1]}{0.0.0.0:36950}
2019-09-23 17:53:10,604 [main] INFO  server.Server (Server.java:doStart(419)) - Started @5603ms
2019-09-23 17:53:10,605 [main] WARN  impl.MetricsSystemImpl (MetricsSystemImpl.java:register(276)) - Sink prometheus already exists!
2019-09-23 17:53:10,605 [main] INFO  server.BaseHttpServer (BaseHttpServer.java:updateConnectorAddress(215)) - HTTP server of HDDSDATANODE is listening at http://0.0.0.0:36950
2019-09-23 17:53:10,606 [main] INFO  impl.MetricsSystemImpl (MetricsSystemImpl.java:init(158)) - HddsDatanode metrics system started (again)
2019-09-23 17:53:10,608 [org.apache.hadoop.util.JvmPauseMonitor$Monitor@40767220] INFO  util.JvmPauseMonitor (JvmPauseMonitor.java:run(188)) - Starting JVM pause monitor
2019-09-23 17:53:10,609 [main] INFO  ozone.HddsDatanodeService (HddsDatanodeService.java:start(184)) - HddsDatanodeService host:pr-hdds-2081-trunk-q8vvk-1381952471 ip:192.168.5.159
2019-09-23 17:53:10,616 [main] INFO  volume.HddsVolume (HddsVolume.java:<init>(176)) - Creating Volume: /workdir/hadoop-ozone/integration-test/target/test-dir/MiniOzoneClusterImpl-dd0b3c1f-9e93-41d1-a2ca-e0857f7eafcc/datanode-2/data/containers/hdds of  storage type : DISK and capacity : 1482555576320
2019-09-23 17:53:10,617 [main] INFO  volume.VolumeSet (VolumeSet.java:initializeVolumeSet(170)) - Added Volume : /workdir/hadoop-ozone/integration-test/target/test-dir/MiniOzoneClusterImpl-dd0b3c1f-9e93-41d1-a2ca-e0857f7eafcc/datanode-2/data/containers/hdds to VolumeSet
2019-09-23 17:53:10,617 [main] INFO  volume.ThrottledAsyncChecker (ThrottledAsyncChecker.java:schedule(139)) - Scheduling a check for org.apache.hadoop.ozone.container.common.volume.HddsVolume@7fe82967
2019-09-23 17:53:10,617 [main] INFO  volume.HddsVolumeChecker (HddsVolumeChecker.java:checkAllVolumes(202)) - Scheduled health check for volume org.apache.hadoop.ozone.container.common.volume.HddsVolume@7fe82967
2019-09-23 17:53:10,631 [main] INFO  impl.RaftServerProxy (ConfUtils.java:logGet(43)) - raft.rpc.type = GRPC (default)
2019-09-23 17:53:10,631 [main] INFO  grpc.GrpcFactory (GrpcFactory.java:checkPooledByteBufAllocatorUseCacheForAllThreads(45)) - PERFORMANCE WARNING: useCacheForAllThreads is true that may cause Netty to create a lot garbage objects and, as a result, trigger GC.
	It is recommended to disable useCacheForAllThreads by setting -Dorg.apache.ratis.thirdparty.io.netty.allocator.useCacheForAllThreads=false in command line.
2019-09-23 17:53:10,632 [main] INFO  grpc.GrpcConfigKeys$Server (ConfUtils.java:logGet(43)) - raft.grpc.server.port = 0 (default)
2019-09-23 17:53:10,632 [main] INFO  server.GrpcService (ConfUtils.java:logGet(43)) - raft.grpc.message.size.max = 33570816 (custom)
2019-09-23 17:53:10,632 [main] INFO  server.RaftServerConfigKeys (ConfUtils.java:logGet(43)) - raft.server.log.appender.buffer.byte-limit = 33554432 (custom)
2019-09-23 17:53:10,632 [main] INFO  server.GrpcService (ConfUtils.java:logGet(43)) - raft.grpc.flow.control.window = 1MB (=1048576) (default)
2019-09-23 17:53:10,633 [main] INFO  server.RaftServerConfigKeys (ConfUtils.java:logGet(43)) - raft.server.rpc.request.timeout = 3000ms (default)
2019-09-23 17:53:10,633 [main] INFO  server.RaftServerConfigKeys (ConfUtils.java:logGet(43)) - raft.server.storage.dir = [/workdir/hadoop-ozone/integration-test/target/test-dir/MiniOzoneClusterImpl-dd0b3c1f-9e93-41d1-a2ca-e0857f7eafcc/datanode-2/data/ratis] (custom)
2019-09-23 17:53:10,636 [main] INFO  hdfs.DFSUtil (DFSUtil.java:httpServerTemplateForNNAndJN(1641)) - Starting Web-server for hddsDatanode at: http://0.0.0.0:0
2019-09-23 17:53:10,637 [main] INFO  server.AuthenticationFilter (AuthenticationFilter.java:constructSecretProvider(240)) - Unable to initialize FileSignerSecretProvider, falling back to use random secrets.
2019-09-23 17:53:10,637 [main] WARN  http.HttpRequestLog (HttpRequestLog.java:getRequestLog(97)) - Jetty request log can only be enabled using Log4j
2019-09-23 17:53:10,639 [main] INFO  http.HttpServer2 (HttpServer2.java:addGlobalFilter(975)) - Added global filter 'safety' (class=org.apache.hadoop.http.HttpServer2$QuotingInputFilter)
2019-09-23 17:53:10,639 [main] INFO  http.HttpServer2 (HttpServer2.java:addFilter(948)) - Added filter static_user_filter (class=org.apache.hadoop.http.lib.StaticUserWebFilter$StaticUserFilter) to context hddsDatanode
2019-09-23 17:53:10,640 [main] INFO  http.HttpServer2 (HttpServer2.java:addFilter(958)) - Added filter static_user_filter (class=org.apache.hadoop.http.lib.StaticUserWebFilter$StaticUserFilter) to context static
2019-09-23 17:53:10,640 [main] INFO  http.HttpServer2 (HttpServer2.java:addFilter(958)) - Added filter static_user_filter (class=org.apache.hadoop.http.lib.StaticUserWebFilter$StaticUserFilter) to context logs
2019-09-23 17:53:10,640 [main] INFO  http.HttpServer2 (HttpServer2.java:bindListener(1191)) - Jetty bound to port 36247
2019-09-23 17:53:10,641 [main] INFO  server.Server (Server.java:doStart(351)) - jetty-9.3.25.v20180904, build timestamp: 2018-09-04T21:11:46Z, git hash: 3ce520221d0240229c862b122d2b06c12a625732
2019-09-23 17:53:10,642 [main] INFO  handler.ContextHandler (ContextHandler.java:doStart(781)) - Started o.e.j.s.ServletContextHandler@4d21c56e{/logs,file:///workdir/hadoop-ozone/integration-test/target/log,AVAILABLE}
2019-09-23 17:53:10,643 [main] INFO  handler.ContextHandler (ContextHandler.java:doStart(781)) - Started o.e.j.s.ServletContextHandler@7100dea{/static,jar:file:/home/user/.m2/repository/org/apache/hadoop/hadoop-hdds-container-service/0.5.0-SNAPSHOT/hadoop-hdds-container-service-0.5.0-SNAPSHOT.jar!/webapps/static,AVAILABLE}
2019-09-23 17:53:10,659 [Datanode State Machine Thread - 0] INFO  datanode.InitDatanodeState (InitDatanodeState.java:persistContainerDatanodeDetails(140)) - DatanodeDetails is persisted to /workdir/hadoop-ozone/integration-test/target/test-dir/MiniOzoneClusterImpl-dd0b3c1f-9e93-41d1-a2ca-e0857f7eafcc/datanode-0/meta/datanode.id
2019-09-23 17:53:10,664 [Datanode State Machine Thread - 0] INFO  datanode.InitDatanodeState (InitDatanodeState.java:persistContainerDatanodeDetails(140)) - DatanodeDetails is persisted to /workdir/hadoop-ozone/integration-test/target/test-dir/MiniOzoneClusterImpl-dd0b3c1f-9e93-41d1-a2ca-e0857f7eafcc/datanode-1/meta/datanode.id
2019-09-23 17:53:10,675 [main] INFO  handler.ContextHandler (ContextHandler.java:doStart(781)) - Started o.e.j.w.WebAppContext@6b350309{/,file:///tmp/jetty-0.0.0.0-36247-hddsDatanode-_-any-3496533571210588088.dir/webapp/,AVAILABLE}{/hddsDatanode}
2019-09-23 17:53:10,676 [main] INFO  server.AbstractConnector (AbstractConnector.java:doStart(278)) - Started ServerConnector@7ecec90d{HTTP/1.1,[http/1.1]}{0.0.0.0:36247}
2019-09-23 17:53:10,677 [main] INFO  server.Server (Server.java:doStart(419)) - Started @5677ms
2019-09-23 17:53:10,678 [main] WARN  impl.MetricsSystemImpl (MetricsSystemImpl.java:register(276)) - Sink prometheus already exists!
2019-09-23 17:53:10,679 [main] INFO  server.BaseHttpServer (BaseHttpServer.java:updateConnectorAddress(215)) - HTTP server of HDDSDATANODE is listening at http://0.0.0.0:36247
2019-09-23 17:53:10,679 [main] INFO  impl.MetricsSystemImpl (MetricsSystemImpl.java:init(158)) - HddsDatanode metrics system started (again)
2019-09-23 17:53:10,681 [org.apache.hadoop.util.JvmPauseMonitor$Monitor@69ddeb5a] INFO  util.JvmPauseMonitor (JvmPauseMonitor.java:run(188)) - Starting JVM pause monitor
2019-09-23 17:53:10,682 [main] INFO  ozone.HddsDatanodeService (HddsDatanodeService.java:start(184)) - HddsDatanodeService host:pr-hdds-2081-trunk-q8vvk-1381952471 ip:192.168.5.159
2019-09-23 17:53:10,683 [Datanode State Machine Thread - 0] INFO  datanode.InitDatanodeState (InitDatanodeState.java:persistContainerDatanodeDetails(140)) - DatanodeDetails is persisted to /workdir/hadoop-ozone/integration-test/target/test-dir/MiniOzoneClusterImpl-dd0b3c1f-9e93-41d1-a2ca-e0857f7eafcc/datanode-2/meta/datanode.id
2019-09-23 17:53:10,688 [main] INFO  volume.HddsVolume (HddsVolume.java:<init>(176)) - Creating Volume: /workdir/hadoop-ozone/integration-test/target/test-dir/MiniOzoneClusterImpl-dd0b3c1f-9e93-41d1-a2ca-e0857f7eafcc/datanode-3/data/containers/hdds of  storage type : DISK and capacity : 1482555576320
2019-09-23 17:53:10,689 [main] INFO  volume.VolumeSet (VolumeSet.java:initializeVolumeSet(170)) - Added Volume : /workdir/hadoop-ozone/integration-test/target/test-dir/MiniOzoneClusterImpl-dd0b3c1f-9e93-41d1-a2ca-e0857f7eafcc/datanode-3/data/containers/hdds to VolumeSet
2019-09-23 17:53:10,689 [main] INFO  volume.ThrottledAsyncChecker (ThrottledAsyncChecker.java:schedule(139)) - Scheduling a check for org.apache.hadoop.ozone.container.common.volume.HddsVolume@5484117b
2019-09-23 17:53:10,689 [main] INFO  volume.HddsVolumeChecker (HddsVolumeChecker.java:checkAllVolumes(202)) - Scheduled health check for volume org.apache.hadoop.ozone.container.common.volume.HddsVolume@5484117b
2019-09-23 17:53:10,703 [main] INFO  impl.RaftServerProxy (ConfUtils.java:logGet(43)) - raft.rpc.type = GRPC (default)
2019-09-23 17:53:10,703 [main] INFO  grpc.GrpcFactory (GrpcFactory.java:checkPooledByteBufAllocatorUseCacheForAllThreads(45)) - PERFORMANCE WARNING: useCacheForAllThreads is true that may cause Netty to create a lot garbage objects and, as a result, trigger GC.
	It is recommended to disable useCacheForAllThreads by setting -Dorg.apache.ratis.thirdparty.io.netty.allocator.useCacheForAllThreads=false in command line.
2019-09-23 17:53:10,703 [main] INFO  grpc.GrpcConfigKeys$Server (ConfUtils.java:logGet(43)) - raft.grpc.server.port = 0 (default)
2019-09-23 17:53:10,704 [main] INFO  server.GrpcService (ConfUtils.java:logGet(43)) - raft.grpc.message.size.max = 33570816 (custom)
2019-09-23 17:53:10,704 [main] INFO  server.RaftServerConfigKeys (ConfUtils.java:logGet(43)) - raft.server.log.appender.buffer.byte-limit = 33554432 (custom)
2019-09-23 17:53:10,704 [main] INFO  server.GrpcService (ConfUtils.java:logGet(43)) - raft.grpc.flow.control.window = 1MB (=1048576) (default)
2019-09-23 17:53:10,704 [main] INFO  server.RaftServerConfigKeys (ConfUtils.java:logGet(43)) - raft.server.rpc.request.timeout = 3000ms (default)
2019-09-23 17:53:10,705 [main] INFO  server.RaftServerConfigKeys (ConfUtils.java:logGet(43)) - raft.server.storage.dir = [/workdir/hadoop-ozone/integration-test/target/test-dir/MiniOzoneClusterImpl-dd0b3c1f-9e93-41d1-a2ca-e0857f7eafcc/datanode-3/data/ratis] (custom)
2019-09-23 17:53:10,707 [main] INFO  hdfs.DFSUtil (DFSUtil.java:httpServerTemplateForNNAndJN(1641)) - Starting Web-server for hddsDatanode at: http://0.0.0.0:0
2019-09-23 17:53:10,708 [main] INFO  server.AuthenticationFilter (AuthenticationFilter.java:constructSecretProvider(240)) - Unable to initialize FileSignerSecretProvider, falling back to use random secrets.
2019-09-23 17:53:10,708 [main] WARN  http.HttpRequestLog (HttpRequestLog.java:getRequestLog(97)) - Jetty request log can only be enabled using Log4j
2019-09-23 17:53:10,709 [main] INFO  http.HttpServer2 (HttpServer2.java:addGlobalFilter(975)) - Added global filter 'safety' (class=org.apache.hadoop.http.HttpServer2$QuotingInputFilter)
2019-09-23 17:53:10,710 [main] INFO  http.HttpServer2 (HttpServer2.java:addFilter(948)) - Added filter static_user_filter (class=org.apache.hadoop.http.lib.StaticUserWebFilter$StaticUserFilter) to context hddsDatanode
2019-09-23 17:53:10,710 [main] INFO  http.HttpServer2 (HttpServer2.java:addFilter(958)) - Added filter static_user_filter (class=org.apache.hadoop.http.lib.StaticUserWebFilter$StaticUserFilter) to context logs
2019-09-23 17:53:10,710 [main] INFO  http.HttpServer2 (HttpServer2.java:addFilter(958)) - Added filter static_user_filter (class=org.apache.hadoop.http.lib.StaticUserWebFilter$StaticUserFilter) to context static
2019-09-23 17:53:10,711 [main] INFO  http.HttpServer2 (HttpServer2.java:bindListener(1191)) - Jetty bound to port 46555
2019-09-23 17:53:10,711 [main] INFO  server.Server (Server.java:doStart(351)) - jetty-9.3.25.v20180904, build timestamp: 2018-09-04T21:11:46Z, git hash: 3ce520221d0240229c862b122d2b06c12a625732
2019-09-23 17:53:10,715 [main] INFO  handler.ContextHandler (ContextHandler.java:doStart(781)) - Started o.e.j.s.ServletContextHandler@43af351a{/logs,file:///workdir/hadoop-ozone/integration-test/target/log,AVAILABLE}
2019-09-23 17:53:10,716 [main] INFO  handler.ContextHandler (ContextHandler.java:doStart(781)) - Started o.e.j.s.ServletContextHandler@72f9f27c{/static,jar:file:/home/user/.m2/repository/org/apache/hadoop/hadoop-hdds-container-service/0.5.0-SNAPSHOT/hadoop-hdds-container-service-0.5.0-SNAPSHOT.jar!/webapps/static,AVAILABLE}
2019-09-23 17:53:10,745 [main] INFO  handler.ContextHandler (ContextHandler.java:doStart(781)) - Started o.e.j.w.WebAppContext@317a118b{/,file:///tmp/jetty-0.0.0.0-46555-hddsDatanode-_-any-1712290826566047311.dir/webapp/,AVAILABLE}{/hddsDatanode}
2019-09-23 17:53:10,745 [main] INFO  server.AbstractConnector (AbstractConnector.java:doStart(278)) - Started ServerConnector@56dfab87{HTTP/1.1,[http/1.1]}{0.0.0.0:46555}
2019-09-23 17:53:10,746 [main] INFO  server.Server (Server.java:doStart(419)) - Started @5745ms
2019-09-23 17:53:10,747 [main] WARN  impl.MetricsSystemImpl (MetricsSystemImpl.java:register(276)) - Sink prometheus already exists!
2019-09-23 17:53:10,747 [main] INFO  server.BaseHttpServer (BaseHttpServer.java:updateConnectorAddress(215)) - HTTP server of HDDSDATANODE is listening at http://0.0.0.0:46555
2019-09-23 17:53:10,748 [main] INFO  impl.MetricsSystemImpl (MetricsSystemImpl.java:init(158)) - HddsDatanode metrics system started (again)
2019-09-23 17:53:10,750 [org.apache.hadoop.util.JvmPauseMonitor$Monitor@5705512] INFO  util.JvmPauseMonitor (JvmPauseMonitor.java:run(188)) - Starting JVM pause monitor
2019-09-23 17:53:10,751 [main] INFO  ozone.HddsDatanodeService (HddsDatanodeService.java:start(184)) - HddsDatanodeService host:pr-hdds-2081-trunk-q8vvk-1381952471 ip:192.168.5.159
2019-09-23 17:53:10,753 [Datanode State Machine Thread - 0] INFO  datanode.InitDatanodeState (InitDatanodeState.java:persistContainerDatanodeDetails(140)) - DatanodeDetails is persisted to /workdir/hadoop-ozone/integration-test/target/test-dir/MiniOzoneClusterImpl-dd0b3c1f-9e93-41d1-a2ca-e0857f7eafcc/datanode-3/meta/datanode.id
2019-09-23 17:53:10,758 [main] INFO  volume.HddsVolume (HddsVolume.java:<init>(176)) - Creating Volume: /workdir/hadoop-ozone/integration-test/target/test-dir/MiniOzoneClusterImpl-dd0b3c1f-9e93-41d1-a2ca-e0857f7eafcc/datanode-4/data/containers/hdds of  storage type : DISK and capacity : 1482555576320
2019-09-23 17:53:10,759 [main] INFO  volume.VolumeSet (VolumeSet.java:initializeVolumeSet(170)) - Added Volume : /workdir/hadoop-ozone/integration-test/target/test-dir/MiniOzoneClusterImpl-dd0b3c1f-9e93-41d1-a2ca-e0857f7eafcc/datanode-4/data/containers/hdds to VolumeSet
2019-09-23 17:53:10,759 [main] INFO  volume.ThrottledAsyncChecker (ThrottledAsyncChecker.java:schedule(139)) - Scheduling a check for org.apache.hadoop.ozone.container.common.volume.HddsVolume@242b6e1a
2019-09-23 17:53:10,759 [main] INFO  volume.HddsVolumeChecker (HddsVolumeChecker.java:checkAllVolumes(202)) - Scheduled health check for volume org.apache.hadoop.ozone.container.common.volume.HddsVolume@242b6e1a
2019-09-23 17:53:10,772 [main] INFO  impl.RaftServerProxy (ConfUtils.java:logGet(43)) - raft.rpc.type = GRPC (default)
2019-09-23 17:53:10,773 [main] INFO  grpc.GrpcFactory (GrpcFactory.java:checkPooledByteBufAllocatorUseCacheForAllThreads(45)) - PERFORMANCE WARNING: useCacheForAllThreads is true that may cause Netty to create a lot garbage objects and, as a result, trigger GC.
	It is recommended to disable useCacheForAllThreads by setting -Dorg.apache.ratis.thirdparty.io.netty.allocator.useCacheForAllThreads=false in command line.
2019-09-23 17:53:10,773 [main] INFO  grpc.GrpcConfigKeys$Server (ConfUtils.java:logGet(43)) - raft.grpc.server.port = 0 (default)
2019-09-23 17:53:10,773 [main] INFO  server.GrpcService (ConfUtils.java:logGet(43)) - raft.grpc.message.size.max = 33570816 (custom)
2019-09-23 17:53:10,773 [main] INFO  server.RaftServerConfigKeys (ConfUtils.java:logGet(43)) - raft.server.log.appender.buffer.byte-limit = 33554432 (custom)
2019-09-23 17:53:10,774 [main] INFO  server.GrpcService (ConfUtils.java:logGet(43)) - raft.grpc.flow.control.window = 1MB (=1048576) (default)
2019-09-23 17:53:10,774 [main] INFO  server.RaftServerConfigKeys (ConfUtils.java:logGet(43)) - raft.server.rpc.request.timeout = 3000ms (default)
2019-09-23 17:53:10,774 [main] INFO  server.RaftServerConfigKeys (ConfUtils.java:logGet(43)) - raft.server.storage.dir = [/workdir/hadoop-ozone/integration-test/target/test-dir/MiniOzoneClusterImpl-dd0b3c1f-9e93-41d1-a2ca-e0857f7eafcc/datanode-4/data/ratis] (custom)
2019-09-23 17:53:10,776 [main] INFO  hdfs.DFSUtil (DFSUtil.java:httpServerTemplateForNNAndJN(1641)) - Starting Web-server for hddsDatanode at: http://0.0.0.0:0
2019-09-23 17:53:10,777 [main] INFO  server.AuthenticationFilter (AuthenticationFilter.java:constructSecretProvider(240)) - Unable to initialize FileSignerSecretProvider, falling back to use random secrets.
2019-09-23 17:53:10,778 [main] WARN  http.HttpRequestLog (HttpRequestLog.java:getRequestLog(97)) - Jetty request log can only be enabled using Log4j
2019-09-23 17:53:10,779 [main] INFO  http.HttpServer2 (HttpServer2.java:addGlobalFilter(975)) - Added global filter 'safety' (class=org.apache.hadoop.http.HttpServer2$QuotingInputFilter)
2019-09-23 17:53:10,780 [main] INFO  http.HttpServer2 (HttpServer2.java:addFilter(948)) - Added filter static_user_filter (class=org.apache.hadoop.http.lib.StaticUserWebFilter$StaticUserFilter) to context hddsDatanode
2019-09-23 17:53:10,780 [main] INFO  http.HttpServer2 (HttpServer2.java:addFilter(958)) - Added filter static_user_filter (class=org.apache.hadoop.http.lib.StaticUserWebFilter$StaticUserFilter) to context logs
2019-09-23 17:53:10,780 [main] INFO  http.HttpServer2 (HttpServer2.java:addFilter(958)) - Added filter static_user_filter (class=org.apache.hadoop.http.lib.StaticUserWebFilter$StaticUserFilter) to context static
2019-09-23 17:53:10,781 [main] INFO  http.HttpServer2 (HttpServer2.java:bindListener(1191)) - Jetty bound to port 45672
2019-09-23 17:53:10,781 [main] INFO  server.Server (Server.java:doStart(351)) - jetty-9.3.25.v20180904, build timestamp: 2018-09-04T21:11:46Z, git hash: 3ce520221d0240229c862b122d2b06c12a625732
2019-09-23 17:53:10,783 [main] INFO  handler.ContextHandler (ContextHandler.java:doStart(781)) - Started o.e.j.s.ServletContextHandler@2cae9b8{/logs,file:///workdir/hadoop-ozone/integration-test/target/log,AVAILABLE}
2019-09-23 17:53:10,783 [main] INFO  handler.ContextHandler (ContextHandler.java:doStart(781)) - Started o.e.j.s.ServletContextHandler@6f94fb9d{/static,jar:file:/home/user/.m2/repository/org/apache/hadoop/hadoop-hdds-container-service/0.5.0-SNAPSHOT/hadoop-hdds-container-service-0.5.0-SNAPSHOT.jar!/webapps/static,AVAILABLE}
2019-09-23 17:53:10,814 [main] INFO  handler.ContextHandler (ContextHandler.java:doStart(781)) - Started o.e.j.w.WebAppContext@142213d5{/,file:///tmp/jetty-0.0.0.0-45672-hddsDatanode-_-any-8897415929255025675.dir/webapp/,AVAILABLE}{/hddsDatanode}
2019-09-23 17:53:10,816 [main] INFO  server.AbstractConnector (AbstractConnector.java:doStart(278)) - Started ServerConnector@934b52f{HTTP/1.1,[http/1.1]}{0.0.0.0:45672}
2019-09-23 17:53:10,816 [main] INFO  server.Server (Server.java:doStart(419)) - Started @5815ms
2019-09-23 17:53:10,816 [main] WARN  impl.MetricsSystemImpl (MetricsSystemImpl.java:register(276)) - Sink prometheus already exists!
2019-09-23 17:53:10,817 [main] INFO  server.BaseHttpServer (BaseHttpServer.java:updateConnectorAddress(215)) - HTTP server of HDDSDATANODE is listening at http://0.0.0.0:45672
2019-09-23 17:53:10,818 [main] INFO  impl.MetricsSystemImpl (MetricsSystemImpl.java:init(158)) - HddsDatanode metrics system started (again)
2019-09-23 17:53:10,821 [org.apache.hadoop.util.JvmPauseMonitor$Monitor@2a877f84] INFO  util.JvmPauseMonitor (JvmPauseMonitor.java:run(188)) - Starting JVM pause monitor
2019-09-23 17:53:10,821 [main] INFO  ozone.HddsDatanodeService (HddsDatanodeService.java:start(184)) - HddsDatanodeService host:pr-hdds-2081-trunk-q8vvk-1381952471 ip:192.168.5.159
2019-09-23 17:53:10,823 [Datanode State Machine Thread - 0] INFO  datanode.InitDatanodeState (InitDatanodeState.java:persistContainerDatanodeDetails(140)) - DatanodeDetails is persisted to /workdir/hadoop-ozone/integration-test/target/test-dir/MiniOzoneClusterImpl-dd0b3c1f-9e93-41d1-a2ca-e0857f7eafcc/datanode-4/meta/datanode.id
2019-09-23 17:53:10,832 [main] INFO  volume.HddsVolume (HddsVolume.java:<init>(176)) - Creating Volume: /workdir/hadoop-ozone/integration-test/target/test-dir/MiniOzoneClusterImpl-dd0b3c1f-9e93-41d1-a2ca-e0857f7eafcc/datanode-5/data/containers/hdds of  storage type : DISK and capacity : 1482555576320
2019-09-23 17:53:10,832 [main] INFO  volume.VolumeSet (VolumeSet.java:initializeVolumeSet(170)) - Added Volume : /workdir/hadoop-ozone/integration-test/target/test-dir/MiniOzoneClusterImpl-dd0b3c1f-9e93-41d1-a2ca-e0857f7eafcc/datanode-5/data/containers/hdds to VolumeSet
2019-09-23 17:53:10,833 [main] INFO  volume.ThrottledAsyncChecker (ThrottledAsyncChecker.java:schedule(139)) - Scheduling a check for org.apache.hadoop.ozone.container.common.volume.HddsVolume@48b4a043
2019-09-23 17:53:10,833 [main] INFO  volume.HddsVolumeChecker (HddsVolumeChecker.java:checkAllVolumes(202)) - Scheduled health check for volume org.apache.hadoop.ozone.container.common.volume.HddsVolume@48b4a043
2019-09-23 17:53:10,850 [main] INFO  impl.RaftServerProxy (ConfUtils.java:logGet(43)) - raft.rpc.type = GRPC (default)
2019-09-23 17:53:10,850 [main] INFO  grpc.GrpcFactory (GrpcFactory.java:checkPooledByteBufAllocatorUseCacheForAllThreads(45)) - PERFORMANCE WARNING: useCacheForAllThreads is true that may cause Netty to create a lot garbage objects and, as a result, trigger GC.
	It is recommended to disable useCacheForAllThreads by setting -Dorg.apache.ratis.thirdparty.io.netty.allocator.useCacheForAllThreads=false in command line.
2019-09-23 17:53:10,850 [main] INFO  grpc.GrpcConfigKeys$Server (ConfUtils.java:logGet(43)) - raft.grpc.server.port = 0 (default)
2019-09-23 17:53:10,851 [main] INFO  server.GrpcService (ConfUtils.java:logGet(43)) - raft.grpc.message.size.max = 33570816 (custom)
2019-09-23 17:53:10,851 [main] INFO  server.RaftServerConfigKeys (ConfUtils.java:logGet(43)) - raft.server.log.appender.buffer.byte-limit = 33554432 (custom)
2019-09-23 17:53:10,851 [main] INFO  server.GrpcService (ConfUtils.java:logGet(43)) - raft.grpc.flow.control.window = 1MB (=1048576) (default)
2019-09-23 17:53:10,851 [main] INFO  server.RaftServerConfigKeys (ConfUtils.java:logGet(43)) - raft.server.rpc.request.timeout = 3000ms (default)
2019-09-23 17:53:10,852 [main] INFO  server.RaftServerConfigKeys (ConfUtils.java:logGet(43)) - raft.server.storage.dir = [/workdir/hadoop-ozone/integration-test/target/test-dir/MiniOzoneClusterImpl-dd0b3c1f-9e93-41d1-a2ca-e0857f7eafcc/datanode-5/data/ratis] (custom)
2019-09-23 17:53:10,853 [main] INFO  hdfs.DFSUtil (DFSUtil.java:httpServerTemplateForNNAndJN(1641)) - Starting Web-server for hddsDatanode at: http://0.0.0.0:0
2019-09-23 17:53:10,855 [main] INFO  server.AuthenticationFilter (AuthenticationFilter.java:constructSecretProvider(240)) - Unable to initialize FileSignerSecretProvider, falling back to use random secrets.
2019-09-23 17:53:10,855 [main] WARN  http.HttpRequestLog (HttpRequestLog.java:getRequestLog(97)) - Jetty request log can only be enabled using Log4j
2019-09-23 17:53:10,857 [main] INFO  http.HttpServer2 (HttpServer2.java:addGlobalFilter(975)) - Added global filter 'safety' (class=org.apache.hadoop.http.HttpServer2$QuotingInputFilter)
2019-09-23 17:53:10,857 [main] INFO  http.HttpServer2 (HttpServer2.java:addFilter(948)) - Added filter static_user_filter (class=org.apache.hadoop.http.lib.StaticUserWebFilter$StaticUserFilter) to context hddsDatanode
2019-09-23 17:53:10,858 [main] INFO  http.HttpServer2 (HttpServer2.java:addFilter(958)) - Added filter static_user_filter (class=org.apache.hadoop.http.lib.StaticUserWebFilter$StaticUserFilter) to context static
2019-09-23 17:53:10,858 [main] INFO  http.HttpServer2 (HttpServer2.java:addFilter(958)) - Added filter static_user_filter (class=org.apache.hadoop.http.lib.StaticUserWebFilter$StaticUserFilter) to context logs
2019-09-23 17:53:10,859 [main] INFO  http.HttpServer2 (HttpServer2.java:bindListener(1191)) - Jetty bound to port 39105
2019-09-23 17:53:10,859 [main] INFO  server.Server (Server.java:doStart(351)) - jetty-9.3.25.v20180904, build timestamp: 2018-09-04T21:11:46Z, git hash: 3ce520221d0240229c862b122d2b06c12a625732
2019-09-23 17:53:10,860 [main] INFO  handler.ContextHandler (ContextHandler.java:doStart(781)) - Started o.e.j.s.ServletContextHandler@58fef7f7{/logs,file:///workdir/hadoop-ozone/integration-test/target/log,AVAILABLE}
2019-09-23 17:53:10,861 [main] INFO  handler.ContextHandler (ContextHandler.java:doStart(781)) - Started o.e.j.s.ServletContextHandler@12eedfee{/static,jar:file:/home/user/.m2/repository/org/apache/hadoop/hadoop-hdds-container-service/0.5.0-SNAPSHOT/hadoop-hdds-container-service-0.5.0-SNAPSHOT.jar!/webapps/static,AVAILABLE}
2019-09-23 17:53:10,890 [main] INFO  handler.ContextHandler (ContextHandler.java:doStart(781)) - Started o.e.j.w.WebAppContext@268cbb86{/,file:///tmp/jetty-0.0.0.0-39105-hddsDatanode-_-any-6677109548294929787.dir/webapp/,AVAILABLE}{/hddsDatanode}
2019-09-23 17:53:10,891 [main] INFO  server.AbstractConnector (AbstractConnector.java:doStart(278)) - Started ServerConnector@10f7918f{HTTP/1.1,[http/1.1]}{0.0.0.0:39105}
2019-09-23 17:53:10,892 [main] INFO  server.Server (Server.java:doStart(419)) - Started @5891ms
2019-09-23 17:53:10,892 [main] WARN  impl.MetricsSystemImpl (MetricsSystemImpl.java:register(276)) - Sink prometheus already exists!
2019-09-23 17:53:10,893 [main] INFO  server.BaseHttpServer (BaseHttpServer.java:updateConnectorAddress(215)) - HTTP server of HDDSDATANODE is listening at http://0.0.0.0:39105
2019-09-23 17:53:10,893 [main] INFO  impl.MetricsSystemImpl (MetricsSystemImpl.java:init(158)) - HddsDatanode metrics system started (again)
2019-09-23 17:53:10,897 [org.apache.hadoop.util.JvmPauseMonitor$Monitor@785f55df] INFO  util.JvmPauseMonitor (JvmPauseMonitor.java:run(188)) - Starting JVM pause monitor
2019-09-23 17:53:10,897 [main] INFO  ozone.HddsDatanodeService (HddsDatanodeService.java:start(184)) - HddsDatanodeService host:pr-hdds-2081-trunk-q8vvk-1381952471 ip:192.168.5.159
2019-09-23 17:53:10,900 [Datanode State Machine Thread - 0] INFO  datanode.InitDatanodeState (InitDatanodeState.java:persistContainerDatanodeDetails(140)) - DatanodeDetails is persisted to /workdir/hadoop-ozone/integration-test/target/test-dir/MiniOzoneClusterImpl-dd0b3c1f-9e93-41d1-a2ca-e0857f7eafcc/datanode-5/meta/datanode.id
2019-09-23 17:53:10,909 [main] INFO  volume.HddsVolume (HddsVolume.java:<init>(176)) - Creating Volume: /workdir/hadoop-ozone/integration-test/target/test-dir/MiniOzoneClusterImpl-dd0b3c1f-9e93-41d1-a2ca-e0857f7eafcc/datanode-6/data/containers/hdds of  storage type : DISK and capacity : 1482555576320
2019-09-23 17:53:10,909 [main] INFO  volume.VolumeSet (VolumeSet.java:initializeVolumeSet(170)) - Added Volume : /workdir/hadoop-ozone/integration-test/target/test-dir/MiniOzoneClusterImpl-dd0b3c1f-9e93-41d1-a2ca-e0857f7eafcc/datanode-6/data/containers/hdds to VolumeSet
2019-09-23 17:53:10,910 [main] INFO  volume.ThrottledAsyncChecker (ThrottledAsyncChecker.java:schedule(139)) - Scheduling a check for org.apache.hadoop.ozone.container.common.volume.HddsVolume@1a1f5f71
2019-09-23 17:53:10,910 [main] INFO  volume.HddsVolumeChecker (HddsVolumeChecker.java:checkAllVolumes(202)) - Scheduled health check for volume org.apache.hadoop.ozone.container.common.volume.HddsVolume@1a1f5f71
2019-09-23 17:53:10,923 [main] INFO  impl.RaftServerProxy (ConfUtils.java:logGet(43)) - raft.rpc.type = GRPC (default)
2019-09-23 17:53:10,924 [main] INFO  grpc.GrpcFactory (GrpcFactory.java:checkPooledByteBufAllocatorUseCacheForAllThreads(45)) - PERFORMANCE WARNING: useCacheForAllThreads is true that may cause Netty to create a lot garbage objects and, as a result, trigger GC.
	It is recommended to disable useCacheForAllThreads by setting -Dorg.apache.ratis.thirdparty.io.netty.allocator.useCacheForAllThreads=false in command line.
2019-09-23 17:53:10,924 [main] INFO  grpc.GrpcConfigKeys$Server (ConfUtils.java:logGet(43)) - raft.grpc.server.port = 0 (default)
2019-09-23 17:53:10,924 [main] INFO  server.GrpcService (ConfUtils.java:logGet(43)) - raft.grpc.message.size.max = 33570816 (custom)
2019-09-23 17:53:10,924 [main] INFO  server.RaftServerConfigKeys (ConfUtils.java:logGet(43)) - raft.server.log.appender.buffer.byte-limit = 33554432 (custom)
2019-09-23 17:53:10,925 [main] INFO  server.GrpcService (ConfUtils.java:logGet(43)) - raft.grpc.flow.control.window = 1MB (=1048576) (default)
2019-09-23 17:53:10,925 [main] INFO  server.RaftServerConfigKeys (ConfUtils.java:logGet(43)) - raft.server.rpc.request.timeout = 3000ms (default)
2019-09-23 17:53:10,925 [main] INFO  server.RaftServerConfigKeys (ConfUtils.java:logGet(43)) - raft.server.storage.dir = [/workdir/hadoop-ozone/integration-test/target/test-dir/MiniOzoneClusterImpl-dd0b3c1f-9e93-41d1-a2ca-e0857f7eafcc/datanode-6/data/ratis] (custom)
2019-09-23 17:53:10,927 [main] INFO  hdfs.DFSUtil (DFSUtil.java:httpServerTemplateForNNAndJN(1641)) - Starting Web-server for hddsDatanode at: http://0.0.0.0:0
2019-09-23 17:53:10,929 [main] INFO  server.AuthenticationFilter (AuthenticationFilter.java:constructSecretProvider(240)) - Unable to initialize FileSignerSecretProvider, falling back to use random secrets.
2019-09-23 17:53:10,929 [main] WARN  http.HttpRequestLog (HttpRequestLog.java:getRequestLog(97)) - Jetty request log can only be enabled using Log4j
2019-09-23 17:53:10,931 [main] INFO  http.HttpServer2 (HttpServer2.java:addGlobalFilter(975)) - Added global filter 'safety' (class=org.apache.hadoop.http.HttpServer2$QuotingInputFilter)
2019-09-23 17:53:10,931 [main] INFO  http.HttpServer2 (HttpServer2.java:addFilter(948)) - Added filter static_user_filter (class=org.apache.hadoop.http.lib.StaticUserWebFilter$StaticUserFilter) to context hddsDatanode
2019-09-23 17:53:10,931 [main] INFO  http.HttpServer2 (HttpServer2.java:addFilter(958)) - Added filter static_user_filter (class=org.apache.hadoop.http.lib.StaticUserWebFilter$StaticUserFilter) to context static
2019-09-23 17:53:10,932 [main] INFO  http.HttpServer2 (HttpServer2.java:addFilter(958)) - Added filter static_user_filter (class=org.apache.hadoop.http.lib.StaticUserWebFilter$StaticUserFilter) to context logs
2019-09-23 17:53:10,932 [main] INFO  http.HttpServer2 (HttpServer2.java:bindListener(1191)) - Jetty bound to port 34836
2019-09-23 17:53:10,933 [main] INFO  server.Server (Server.java:doStart(351)) - jetty-9.3.25.v20180904, build timestamp: 2018-09-04T21:11:46Z, git hash: 3ce520221d0240229c862b122d2b06c12a625732
2019-09-23 17:53:10,934 [main] INFO  handler.ContextHandler (ContextHandler.java:doStart(781)) - Started o.e.j.s.ServletContextHandler@6edf29c1{/logs,file:///workdir/hadoop-ozone/integration-test/target/log,AVAILABLE}
2019-09-23 17:53:10,935 [main] INFO  handler.ContextHandler (ContextHandler.java:doStart(781)) - Started o.e.j.s.ServletContextHandler@66b59b7d{/static,jar:file:/home/user/.m2/repository/org/apache/hadoop/hadoop-hdds-container-service/0.5.0-SNAPSHOT/hadoop-hdds-container-service-0.5.0-SNAPSHOT.jar!/webapps/static,AVAILABLE}
2019-09-23 17:53:10,963 [main] INFO  handler.ContextHandler (ContextHandler.java:doStart(781)) - Started o.e.j.w.WebAppContext@57272109{/,file:///tmp/jetty-0.0.0.0-34836-hddsDatanode-_-any-1122377390208580697.dir/webapp/,AVAILABLE}{/hddsDatanode}
2019-09-23 17:53:10,964 [main] INFO  server.AbstractConnector (AbstractConnector.java:doStart(278)) - Started ServerConnector@59696551{HTTP/1.1,[http/1.1]}{0.0.0.0:34836}
2019-09-23 17:53:10,964 [main] INFO  server.Server (Server.java:doStart(419)) - Started @5963ms
2019-09-23 17:53:10,964 [main] WARN  impl.MetricsSystemImpl (MetricsSystemImpl.java:register(276)) - Sink prometheus already exists!
2019-09-23 17:53:10,965 [main] INFO  server.BaseHttpServer (BaseHttpServer.java:updateConnectorAddress(215)) - HTTP server of HDDSDATANODE is listening at http://0.0.0.0:34836
2019-09-23 17:53:10,967 [main] INFO  ozone.MiniOzoneClusterImpl (MiniOzoneClusterImpl.java:lambda$waitForClusterToBeReady$0(147)) - Waiting for cluster to be ready. Got 0 of 7 DN Heartbeats.
2019-09-23 17:53:10,969 [org.apache.hadoop.util.JvmPauseMonitor$Monitor@223966ff] INFO  util.JvmPauseMonitor (JvmPauseMonitor.java:run(188)) - Starting JVM pause monitor
2019-09-23 17:53:10,971 [Datanode State Machine Thread - 0] INFO  datanode.InitDatanodeState (InitDatanodeState.java:persistContainerDatanodeDetails(140)) - DatanodeDetails is persisted to /workdir/hadoop-ozone/integration-test/target/test-dir/MiniOzoneClusterImpl-dd0b3c1f-9e93-41d1-a2ca-e0857f7eafcc/datanode-6/meta/datanode.id
2019-09-23 17:53:11,968 [main] INFO  ozone.MiniOzoneClusterImpl (MiniOzoneClusterImpl.java:lambda$waitForClusterToBeReady$0(147)) - Waiting for cluster to be ready. Got 0 of 7 DN Heartbeats.
2019-09-23 17:53:12,601 [Datanode State Machine Thread - 0] INFO  ozoneimpl.OzoneContainer (OzoneContainer.java:start(217)) - Attempting to start container services.
2019-09-23 17:53:12,605 [Datanode State Machine Thread - 0] INFO  ozoneimpl.OzoneContainer (OzoneContainer.java:startContainerScrub(179)) - Background container scanner has been disabled.
2019-09-23 17:53:12,606 [Datanode State Machine Thread - 0] INFO  ratis.XceiverServerRatis (XceiverServerRatis.java:start(411)) - Starting XceiverServerRatis c90e0185-0a25-4df3-88d5-3e8995e9995d at port 0
2019-09-23 17:53:12,626 [Datanode State Machine Thread - 0] INFO  ozoneimpl.OzoneContainer (OzoneContainer.java:start(217)) - Attempting to start container services.
2019-09-23 17:53:12,634 [Datanode State Machine Thread - 0] INFO  ozoneimpl.OzoneContainer (OzoneContainer.java:startContainerScrub(179)) - Background container scanner has been disabled.
2019-09-23 17:53:12,634 [Datanode State Machine Thread - 0] INFO  ratis.XceiverServerRatis (XceiverServerRatis.java:start(411)) - Starting XceiverServerRatis cb813c6c-38bf-4192-ba89-344db3cd4fce at port 0
2019-09-23 17:53:12,648 [Datanode State Machine Thread - 0] INFO  impl.RaftServerProxy (RaftServerProxy.java:lambda$start$3(299)) - c90e0185-0a25-4df3-88d5-3e8995e9995d: start RPC server
2019-09-23 17:53:12,654 [Datanode State Machine Thread - 0] INFO  impl.RaftServerProxy (RaftServerProxy.java:lambda$start$3(299)) - cb813c6c-38bf-4192-ba89-344db3cd4fce: start RPC server
2019-09-23 17:53:12,710 [Datanode State Machine Thread - 0] INFO  ozoneimpl.OzoneContainer (OzoneContainer.java:start(217)) - Attempting to start container services.
2019-09-23 17:53:12,714 [Datanode State Machine Thread - 0] INFO  ozoneimpl.OzoneContainer (OzoneContainer.java:startContainerScrub(179)) - Background container scanner has been disabled.
2019-09-23 17:53:12,714 [Datanode State Machine Thread - 0] INFO  ratis.XceiverServerRatis (XceiverServerRatis.java:start(411)) - Starting XceiverServerRatis 167f47c5-7d47-4185-a398-0c9407b8c4b2 at port 0
2019-09-23 17:53:12,725 [Datanode State Machine Thread - 0] INFO  impl.RaftServerProxy (RaftServerProxy.java:lambda$start$3(299)) - 167f47c5-7d47-4185-a398-0c9407b8c4b2: start RPC server
2019-09-23 17:53:12,767 [Datanode State Machine Thread - 0] INFO  ozoneimpl.OzoneContainer (OzoneContainer.java:start(217)) - Attempting to start container services.
2019-09-23 17:53:12,767 [Datanode State Machine Thread - 0] INFO  ozoneimpl.OzoneContainer (OzoneContainer.java:startContainerScrub(179)) - Background container scanner has been disabled.
2019-09-23 17:53:12,767 [Datanode State Machine Thread - 0] INFO  ratis.XceiverServerRatis (XceiverServerRatis.java:start(411)) - Starting XceiverServerRatis f69d10d6-6fe6-4100-a250-32c3e6d10aea at port 0
2019-09-23 17:53:12,777 [Datanode State Machine Thread - 0] INFO  impl.RaftServerProxy (RaftServerProxy.java:lambda$start$3(299)) - f69d10d6-6fe6-4100-a250-32c3e6d10aea: start RPC server
2019-09-23 17:53:12,811 [Datanode State Machine Thread - 0] INFO  server.GrpcService (GrpcService.java:startImpl(158)) - 167f47c5-7d47-4185-a398-0c9407b8c4b2: GrpcService started, listening on 0.0.0.0/0.0.0.0:33735
2019-09-23 17:53:12,811 [Datanode State Machine Thread - 0] INFO  server.GrpcService (GrpcService.java:startImpl(158)) - f69d10d6-6fe6-4100-a250-32c3e6d10aea: GrpcService started, listening on 0.0.0.0/0.0.0.0:45380
2019-09-23 17:53:12,812 [Datanode State Machine Thread - 0] INFO  ratis.XceiverServerRatis (XceiverServerRatis.java:start(421)) - XceiverServerRatis 167f47c5-7d47-4185-a398-0c9407b8c4b2 is started using port 33735
2019-09-23 17:53:12,811 [Datanode State Machine Thread - 0] INFO  server.GrpcService (GrpcService.java:startImpl(158)) - cb813c6c-38bf-4192-ba89-344db3cd4fce: GrpcService started, listening on 0.0.0.0/0.0.0.0:33804
2019-09-23 17:53:12,811 [Datanode State Machine Thread - 0] INFO  server.GrpcService (GrpcService.java:startImpl(158)) - c90e0185-0a25-4df3-88d5-3e8995e9995d: GrpcService started, listening on 0.0.0.0/0.0.0.0:45395
2019-09-23 17:53:12,813 [Datanode State Machine Thread - 0] INFO  ratis.XceiverServerRatis (XceiverServerRatis.java:start(421)) - XceiverServerRatis cb813c6c-38bf-4192-ba89-344db3cd4fce is started using port 33804
2019-09-23 17:53:12,812 [Datanode State Machine Thread - 0] INFO  ratis.XceiverServerRatis (XceiverServerRatis.java:start(421)) - XceiverServerRatis f69d10d6-6fe6-4100-a250-32c3e6d10aea is started using port 45380
2019-09-23 17:53:12,813 [Datanode State Machine Thread - 0] INFO  ratis.XceiverServerRatis (XceiverServerRatis.java:start(421)) - XceiverServerRatis c90e0185-0a25-4df3-88d5-3e8995e9995d is started using port 45395
2019-09-23 17:53:12,820 [Datanode State Machine Thread - 0] INFO  server.XceiverServerGrpc (XceiverServerGrpc.java:start(149)) - XceiverServerGrpc 167f47c5-7d47-4185-a398-0c9407b8c4b2 is started using port 44916
2019-09-23 17:53:12,820 [Datanode State Machine Thread - 0] INFO  server.XceiverServerGrpc (XceiverServerGrpc.java:start(149)) - XceiverServerGrpc cb813c6c-38bf-4192-ba89-344db3cd4fce is started using port 45135
2019-09-23 17:53:12,821 [Datanode State Machine Thread - 0] INFO  server.XceiverServerGrpc (XceiverServerGrpc.java:start(149)) - XceiverServerGrpc f69d10d6-6fe6-4100-a250-32c3e6d10aea is started using port 41478
2019-09-23 17:53:12,821 [Datanode State Machine Thread - 0] INFO  server.XceiverServerGrpc (XceiverServerGrpc.java:start(149)) - XceiverServerGrpc c90e0185-0a25-4df3-88d5-3e8995e9995d is started using port 46759
2019-09-23 17:53:12,829 [Datanode State Machine Thread - 0] INFO  ozoneimpl.OzoneContainer (OzoneContainer.java:start(217)) - Attempting to start container services.
2019-09-23 17:53:12,830 [Datanode State Machine Thread - 0] INFO  ozoneimpl.OzoneContainer (OzoneContainer.java:startContainerScrub(179)) - Background container scanner has been disabled.
2019-09-23 17:53:12,830 [Datanode State Machine Thread - 0] INFO  ratis.XceiverServerRatis (XceiverServerRatis.java:start(411)) - Starting XceiverServerRatis 9fe3ac6d-823a-4d7f-a140-5420168d3df0 at port 0
2019-09-23 17:53:12,839 [Datanode State Machine Thread - 0] INFO  impl.RaftServerProxy (RaftServerProxy.java:lambda$start$3(299)) - 9fe3ac6d-823a-4d7f-a140-5420168d3df0: start RPC server
2019-09-23 17:53:12,842 [Datanode State Machine Thread - 0] INFO  server.GrpcService (GrpcService.java:startImpl(158)) - 9fe3ac6d-823a-4d7f-a140-5420168d3df0: GrpcService started, listening on 0.0.0.0/0.0.0.0:39104
2019-09-23 17:53:12,842 [Datanode State Machine Thread - 0] INFO  ratis.XceiverServerRatis (XceiverServerRatis.java:start(421)) - XceiverServerRatis 9fe3ac6d-823a-4d7f-a140-5420168d3df0 is started using port 39104
2019-09-23 17:53:12,845 [Datanode State Machine Thread - 0] INFO  server.XceiverServerGrpc (XceiverServerGrpc.java:start(149)) - XceiverServerGrpc 9fe3ac6d-823a-4d7f-a140-5420168d3df0 is started using port 45174
2019-09-23 17:53:12,913 [Datanode State Machine Thread - 0] INFO  ozoneimpl.OzoneContainer (OzoneContainer.java:start(217)) - Attempting to start container services.
2019-09-23 17:53:12,914 [Datanode State Machine Thread - 0] INFO  ozoneimpl.OzoneContainer (OzoneContainer.java:startContainerScrub(179)) - Background container scanner has been disabled.
2019-09-23 17:53:12,914 [Datanode State Machine Thread - 0] INFO  ratis.XceiverServerRatis (XceiverServerRatis.java:start(411)) - Starting XceiverServerRatis 693c1cfc-82ae-4a28-a759-f118ca34e4f1 at port 0
2019-09-23 17:53:12,923 [Datanode State Machine Thread - 0] INFO  impl.RaftServerProxy (RaftServerProxy.java:lambda$start$3(299)) - 693c1cfc-82ae-4a28-a759-f118ca34e4f1: start RPC server
2019-09-23 17:53:12,928 [Datanode State Machine Thread - 0] INFO  server.GrpcService (GrpcService.java:startImpl(158)) - 693c1cfc-82ae-4a28-a759-f118ca34e4f1: GrpcService started, listening on 0.0.0.0/0.0.0.0:42959
2019-09-23 17:53:12,928 [Datanode State Machine Thread - 0] INFO  ratis.XceiverServerRatis (XceiverServerRatis.java:start(421)) - XceiverServerRatis 693c1cfc-82ae-4a28-a759-f118ca34e4f1 is started using port 42959
2019-09-23 17:53:12,931 [Datanode State Machine Thread - 0] INFO  server.XceiverServerGrpc (XceiverServerGrpc.java:start(149)) - XceiverServerGrpc 693c1cfc-82ae-4a28-a759-f118ca34e4f1 is started using port 42745
2019-09-23 17:53:12,968 [main] INFO  ozone.MiniOzoneClusterImpl (MiniOzoneClusterImpl.java:lambda$waitForClusterToBeReady$0(147)) - Waiting for cluster to be ready. Got 0 of 7 DN Heartbeats.
2019-09-23 17:53:12,994 [Datanode State Machine Thread - 0] INFO  ozoneimpl.OzoneContainer (OzoneContainer.java:start(217)) - Attempting to start container services.
2019-09-23 17:53:12,994 [Datanode State Machine Thread - 0] INFO  ozoneimpl.OzoneContainer (OzoneContainer.java:startContainerScrub(179)) - Background container scanner has been disabled.
2019-09-23 17:53:12,994 [Datanode State Machine Thread - 0] INFO  ratis.XceiverServerRatis (XceiverServerRatis.java:start(411)) - Starting XceiverServerRatis 3b97bcc7-e421-4fef-bf65-4480f43ecb20 at port 0
2019-09-23 17:53:13,005 [Datanode State Machine Thread - 0] INFO  impl.RaftServerProxy (RaftServerProxy.java:lambda$start$3(299)) - 3b97bcc7-e421-4fef-bf65-4480f43ecb20: start RPC server
2019-09-23 17:53:13,010 [Datanode State Machine Thread - 0] INFO  server.GrpcService (GrpcService.java:startImpl(158)) - 3b97bcc7-e421-4fef-bf65-4480f43ecb20: GrpcService started, listening on 0.0.0.0/0.0.0.0:39191
2019-09-23 17:53:13,010 [Datanode State Machine Thread - 0] INFO  ratis.XceiverServerRatis (XceiverServerRatis.java:start(421)) - XceiverServerRatis 3b97bcc7-e421-4fef-bf65-4480f43ecb20 is started using port 39191
2019-09-23 17:53:13,014 [Datanode State Machine Thread - 0] INFO  server.XceiverServerGrpc (XceiverServerGrpc.java:start(149)) - XceiverServerGrpc 3b97bcc7-e421-4fef-bf65-4480f43ecb20 is started using port 37775
2019-09-23 17:53:13,969 [main] INFO  ozone.MiniOzoneClusterImpl (MiniOzoneClusterImpl.java:lambda$waitForClusterToBeReady$0(147)) - Waiting for cluster to be ready. Got 0 of 7 DN Heartbeats.
2019-09-23 17:53:14,579 [IPC Server handler 4 on 34620] INFO  net.NetworkTopology (NetworkTopologyImpl.java:add(111)) - Added a new node: /default-rack/c90e0185-0a25-4df3-88d5-3e8995e9995d
2019-09-23 17:53:14,580 [IPC Server handler 4 on 34620] INFO  node.SCMNodeManager (SCMNodeManager.java:register(266)) - Registered Data node : c90e0185-0a25-4df3-88d5-3e8995e9995d{ip: 192.168.5.159, host: pr-hdds-2081-trunk-q8vvk-1381952471, networkLocation: /default-rack, certSerialId: null}
2019-09-23 17:53:14,588 [EventQueue-NodeRegistrationContainerReportForDataNodeSafeModeRule] INFO  safemode.SCMSafeModeManager (DataNodeSafeModeRule.java:process(71)) - SCM in safe mode. 1 DataNodes registered, 1 required.
2019-09-23 17:53:14,588 [EventQueue-NodeRegistrationContainerReportForDataNodeSafeModeRule] INFO  safemode.SCMSafeModeManager (SCMSafeModeManager.java:validateSafeModeExitRules(177)) - ScmSafeModeManager, all rules are successfully validated
2019-09-23 17:53:14,588 [EventQueue-NodeRegistrationContainerReportForDataNodeSafeModeRule] INFO  safemode.SCMSafeModeManager (SCMSafeModeManager.java:exitSafeMode(193)) - SCM exiting safe mode.
2019-09-23 17:53:14,614 [IPC Server handler 2 on 34620] INFO  net.NetworkTopology (NetworkTopologyImpl.java:add(111)) - Added a new node: /default-rack/cb813c6c-38bf-4192-ba89-344db3cd4fce
2019-09-23 17:53:14,614 [IPC Server handler 2 on 34620] INFO  node.SCMNodeManager (SCMNodeManager.java:register(266)) - Registered Data node : cb813c6c-38bf-4192-ba89-344db3cd4fce{ip: 192.168.5.159, host: pr-hdds-2081-trunk-q8vvk-1381952471, networkLocation: /default-rack, certSerialId: null}
2019-09-23 17:53:14,686 [IPC Server handler 3 on 34620] INFO  net.NetworkTopology (NetworkTopologyImpl.java:add(111)) - Added a new node: /default-rack/167f47c5-7d47-4185-a398-0c9407b8c4b2
2019-09-23 17:53:14,687 [IPC Server handler 3 on 34620] INFO  node.SCMNodeManager (SCMNodeManager.java:register(266)) - Registered Data node : 167f47c5-7d47-4185-a398-0c9407b8c4b2{ip: 192.168.5.159, host: pr-hdds-2081-trunk-q8vvk-1381952471, networkLocation: /default-rack, certSerialId: null}
2019-09-23 17:53:14,754 [IPC Server handler 7 on 34620] INFO  net.NetworkTopology (NetworkTopologyImpl.java:add(111)) - Added a new node: /default-rack/f69d10d6-6fe6-4100-a250-32c3e6d10aea
2019-09-23 17:53:14,754 [IPC Server handler 7 on 34620] INFO  node.SCMNodeManager (SCMNodeManager.java:register(266)) - Registered Data node : f69d10d6-6fe6-4100-a250-32c3e6d10aea{ip: 192.168.5.159, host: pr-hdds-2081-trunk-q8vvk-1381952471, networkLocation: /default-rack, certSerialId: null}
2019-09-23 17:53:14,825 [IPC Server handler 10 on 34620] INFO  net.NetworkTopology (NetworkTopologyImpl.java:add(111)) - Added a new node: /default-rack/9fe3ac6d-823a-4d7f-a140-5420168d3df0
2019-09-23 17:53:14,825 [IPC Server handler 10 on 34620] INFO  node.SCMNodeManager (SCMNodeManager.java:register(266)) - Registered Data node : 9fe3ac6d-823a-4d7f-a140-5420168d3df0{ip: 192.168.5.159, host: pr-hdds-2081-trunk-q8vvk-1381952471, networkLocation: /default-rack, certSerialId: null}
2019-09-23 17:53:14,901 [IPC Server handler 0 on 34620] INFO  net.NetworkTopology (NetworkTopologyImpl.java:add(111)) - Added a new node: /default-rack/693c1cfc-82ae-4a28-a759-f118ca34e4f1
2019-09-23 17:53:14,901 [IPC Server handler 0 on 34620] INFO  node.SCMNodeManager (SCMNodeManager.java:register(266)) - Registered Data node : 693c1cfc-82ae-4a28-a759-f118ca34e4f1{ip: 192.168.5.159, host: pr-hdds-2081-trunk-q8vvk-1381952471, networkLocation: /default-rack, certSerialId: null}
2019-09-23 17:53:14,974 [main] INFO  ozone.MiniOzoneClusterImpl (MiniOzoneClusterImpl.java:lambda$waitForClusterToBeReady$0(147)) - Waiting for cluster to be ready. Got 6 of 7 DN Heartbeats.
2019-09-23 17:53:14,975 [IPC Server handler 4 on 34620] INFO  net.NetworkTopology (NetworkTopologyImpl.java:add(111)) - Added a new node: /default-rack/3b97bcc7-e421-4fef-bf65-4480f43ecb20
2019-09-23 17:53:14,975 [IPC Server handler 4 on 34620] INFO  node.SCMNodeManager (SCMNodeManager.java:register(266)) - Registered Data node : 3b97bcc7-e421-4fef-bf65-4480f43ecb20{ip: 192.168.5.159, host: pr-hdds-2081-trunk-q8vvk-1381952471, networkLocation: /default-rack, certSerialId: null}
2019-09-23 17:53:15,192 [grpc-default-executor-0] INFO  impl.RaftServerProxy (RaftServerProxy.java:addNew(89)) - c90e0185-0a25-4df3-88d5-3e8995e9995d: addNew group-16F1583BFE95:[c90e0185-0a25-4df3-88d5-3e8995e9995d:192.168.5.159:45395] returns group-16F1583BFE95:java.util.concurrent.CompletableFuture@623b0e7b[Not completed]
2019-09-23 17:53:15,209 [pool-27-thread-1] INFO  impl.RaftServerImpl (RaftServerImpl.java:<init>(95)) - c90e0185-0a25-4df3-88d5-3e8995e9995d: new RaftServerImpl for group-16F1583BFE95:[c90e0185-0a25-4df3-88d5-3e8995e9995d:192.168.5.159:45395] with ContainerStateMachine:uninitialized
2019-09-23 17:53:15,212 [pool-27-thread-1] INFO  server.RaftServerConfigKeys (ConfUtils.java:logGet(43)) - raft.server.rpc.timeout.min = 5s (custom)
2019-09-23 17:53:15,213 [pool-27-thread-1] INFO  server.RaftServerConfigKeys (ConfUtils.java:logGet(43)) - raft.server.rpc.timeout.max = 5200ms (custom)
2019-09-23 17:53:15,213 [pool-27-thread-1] INFO  server.RaftServerConfigKeys (ConfUtils.java:logGet(43)) - raft.server.rpcslowness.timeout = 120s (custom)
2019-09-23 17:53:15,214 [pool-27-thread-1] INFO  server.RaftServerConfigKeys (ConfUtils.java:logGet(43)) - raft.server.sleep.deviation.threshold = 300 (default)
2019-09-23 17:53:15,215 [pool-27-thread-1] INFO  server.RaftServerConfigKeys (ConfUtils.java:logGet(43)) - raft.server.log.appender.install.snapshot.enabled = false (custom)
2019-09-23 17:53:15,226 [pool-27-thread-1] INFO  impl.RaftServerImpl (ServerState.java:<init>(103)) - c90e0185-0a25-4df3-88d5-3e8995e9995d@group-16F1583BFE95: ConfigurationManager, init=-1: [c90e0185-0a25-4df3-88d5-3e8995e9995d:192.168.5.159:45395], old=null, confs=<EMPTY_MAP>
2019-09-23 17:53:15,226 [pool-27-thread-1] INFO  server.RaftServerConfigKeys (ConfUtils.java:logGet(43)) - raft.server.storage.dir = [/workdir/hadoop-ozone/integration-test/target/test-dir/MiniOzoneClusterImpl-dd0b3c1f-9e93-41d1-a2ca-e0857f7eafcc/datanode-0/data/ratis] (custom)
2019-09-23 17:53:15,236 [pool-27-thread-1] INFO  storage.RaftStorageDirectory (RaftStorageDirectory.java:analyzeStorage(246)) - The storage directory /workdir/hadoop-ozone/integration-test/target/test-dir/MiniOzoneClusterImpl-dd0b3c1f-9e93-41d1-a2ca-e0857f7eafcc/datanode-0/data/ratis/c7287d6e-b3bc-4d03-80b9-16f1583bfe95 does not exist. Creating ...
2019-09-23 17:53:15,256 [pool-27-thread-1] INFO  storage.RaftStorageDirectory (RaftStorageDirectory.java:tryLock(328)) - Lock on /workdir/hadoop-ozone/integration-test/target/test-dir/MiniOzoneClusterImpl-dd0b3c1f-9e93-41d1-a2ca-e0857f7eafcc/datanode-0/data/ratis/c7287d6e-b3bc-4d03-80b9-16f1583bfe95/in_use.lock acquired by nodename 31141@pr-hdds-2081-trunk-q8vvk-1381952471
2019-09-23 17:53:15,272 [pool-27-thread-1] INFO  storage.RaftStorage (RaftStorage.java:format(72)) - Storage directory /workdir/hadoop-ozone/integration-test/target/test-dir/MiniOzoneClusterImpl-dd0b3c1f-9e93-41d1-a2ca-e0857f7eafcc/datanode-0/data/ratis/c7287d6e-b3bc-4d03-80b9-16f1583bfe95 has been successfully formatted.
2019-09-23 17:53:15,274 [pool-27-thread-1] INFO  ratis.ContainerStateMachine (ContainerStateMachine.java:loadSnapshot(230)) - group-16F1583BFE95: The snapshot info is null. Setting the last applied indexto:(t:0, i:~)
2019-09-23 17:53:15,275 [pool-27-thread-1] INFO  server.RaftServerConfigKeys (ConfUtils.java:logGet(43)) - raft.server.notification.no-leader.timeout = 120s (custom)
2019-09-23 17:53:15,278 [pool-27-thread-1] INFO  server.RaftServerConfigKeys (ConfUtils.java:logGet(43)) - raft.server.log.use.memory = false (default)
2019-09-23 17:53:15,284 [pool-27-thread-1] INFO  server.RaftServerConfigKeys (ConfUtils.java:logGet(43)) - raft.server.log.purge.gap = 1000000 (custom)
2019-09-23 17:53:15,284 [pool-27-thread-1] INFO  server.RaftServerConfigKeys (ConfUtils.java:logGet(43)) - raft.server.log.appender.buffer.byte-limit = 33554432 (custom)
2019-09-23 17:53:15,287 [pool-27-thread-1] INFO  server.RaftServerConfigKeys (ConfUtils.java:logGet(43)) - raft.server.log.segment.size.max = 1048576 (custom)
2019-09-23 17:53:15,292 [pool-27-thread-1] INFO  server.RaftServerConfigKeys (ConfUtils.java:logGet(43)) - raft.server.log.segment.cache.num.max = 2 (custom)
2019-09-23 17:53:15,298 [pool-27-thread-1] INFO  segmented.SegmentedRaftLogWorker (SegmentedRaftLogWorker.java:<init>(172)) - new c90e0185-0a25-4df3-88d5-3e8995e9995d@group-16F1583BFE95-SegmentedRaftLogWorker for RaftStorage:Storage Directory /workdir/hadoop-ozone/integration-test/target/test-dir/MiniOzoneClusterImpl-dd0b3c1f-9e93-41d1-a2ca-e0857f7eafcc/datanode-0/data/ratis/c7287d6e-b3bc-4d03-80b9-16f1583bfe95
2019-09-23 17:53:15,300 [pool-27-thread-1] INFO  impl.MetricsSystemImpl (MetricsSystemImpl.java:init(158)) - ratis metrics system started (again)
2019-09-23 17:53:15,306 [pool-27-thread-1] INFO  metrics.MetricRegistries (MetricRegistriesLoader.java:load(64)) - Loaded MetricRegistries class org.apache.ratis.metrics.impl.MetricRegistriesImpl
2019-09-23 17:53:15,335 [pool-27-thread-1] INFO  server.RaftServerConfigKeys (ConfUtils.java:logGet(43)) - raft.server.log.queue.byte-limit = 2147483647 (custom)
2019-09-23 17:53:15,336 [pool-27-thread-1] INFO  server.RaftServerConfigKeys (ConfUtils.java:logGet(43)) - raft.server.log.queue.element-limit = 1024 (custom)
2019-09-23 17:53:15,339 [pool-27-thread-1] INFO  server.RaftServerConfigKeys (ConfUtils.java:logGet(43)) - raft.server.log.segment.size.max = 1048576 (custom)
2019-09-23 17:53:15,339 [pool-27-thread-1] INFO  server.RaftServerConfigKeys (ConfUtils.java:logGet(43)) - raft.server.log.preallocated.size = 16384 (custom)
2019-09-23 17:53:15,340 [pool-27-thread-1] INFO  server.RaftServerConfigKeys (ConfUtils.java:logGet(43)) - raft.server.log.write.buffer.size = 33554432 (custom)
2019-09-23 17:53:15,340 [pool-27-thread-1] INFO  server.RaftServerConfigKeys (ConfUtils.java:logGet(43)) - raft.server.log.force.sync.num = 128 (default)
2019-09-23 17:53:15,341 [pool-27-thread-1] INFO  server.RaftServerConfigKeys (ConfUtils.java:logGet(43)) - raft.server.log.statemachine.data.sync = true (default)
2019-09-23 17:53:15,341 [pool-27-thread-1] INFO  server.RaftServerConfigKeys (ConfUtils.java:logGet(43)) - raft.server.log.statemachine.data.sync.timeout = 10s (default)
2019-09-23 17:53:15,342 [pool-27-thread-1] INFO  server.RaftServerConfigKeys (ConfUtils.java:logGet(43)) - raft.server.log.statemachine.data.sync.timeout.retry = -1 (default)
2019-09-23 17:53:15,356 [pool-27-thread-1] INFO  server.RaftServerConfigKeys (ConfUtils.java:logGet(43)) - raft.server.log.statemachine.data.caching.enabled = true (custom)
2019-09-23 17:53:15,363 [pool-27-thread-1] INFO  segmented.SegmentedRaftLogWorker (SegmentedRaftLogWorker.java:lambda$new$0(132)) - c90e0185-0a25-4df3-88d5-3e8995e9995d@group-16F1583BFE95-SegmentedRaftLogWorker: flushIndex: setUnconditionally 0 -> -1
2019-09-23 17:53:15,369 [pool-27-thread-1] INFO  server.RaftServerConfigKeys (ConfUtils.java:logGet(43)) - raft.server.snapshot.auto.trigger.enabled = true (custom)
2019-09-23 17:53:15,370 [pool-27-thread-1] INFO  server.RaftServerConfigKeys (ConfUtils.java:logGet(43)) - raft.server.snapshot.auto.trigger.threshold = 10000 (custom)
2019-09-23 17:53:15,371 [pool-27-thread-1] INFO  server.RaftServerConfigKeys (ConfUtils.java:logGet(43)) - raft.server.snapshot.retention.num.files = 5 (custom)
2019-09-23 17:53:15,372 [pool-27-thread-1] INFO  server.RaftServerConfigKeys (ConfUtils.java:logGet(43)) - raft.server.retrycache.expirytime = 600000ms (custom)
2019-09-23 17:53:15,407 [pool-27-thread-1] INFO  impl.RaftServerImpl (RaftServerImpl.java:start(185)) - c90e0185-0a25-4df3-88d5-3e8995e9995d@group-16F1583BFE95: start as a follower, conf=-1: [c90e0185-0a25-4df3-88d5-3e8995e9995d:192.168.5.159:45395], old=null
2019-09-23 17:53:15,409 [pool-27-thread-1] INFO  impl.RaftServerImpl (RaftServerImpl.java:setRole(174)) - c90e0185-0a25-4df3-88d5-3e8995e9995d@group-16F1583BFE95: changes role from      null to FOLLOWER at term 0 for startAsFollower
2019-09-23 17:53:15,410 [pool-27-thread-1] INFO  impl.RoleInfo (RoleInfo.java:updateAndGet(143)) - c90e0185-0a25-4df3-88d5-3e8995e9995d: start FollowerState
2019-09-23 17:53:15,412 [pool-27-thread-1] INFO  util.JmxRegister (JmxRegister.java:tryRegister(44)) - Successfully registered JMX Bean with object name Ratis:service=RaftServer,group=group-16F1583BFE95,id=c90e0185-0a25-4df3-88d5-3e8995e9995d
2019-09-23 17:53:15,489 [RatisPipelineUtilsThread] INFO  pipeline.PipelineStateManager (PipelineStateManager.java:addPipeline(56)) - Created pipeline Pipeline[ Id: c7287d6e-b3bc-4d03-80b9-16f1583bfe95, Nodes: c90e0185-0a25-4df3-88d5-3e8995e9995d{ip: 192.168.5.159, host: pr-hdds-2081-trunk-q8vvk-1381952471, networkLocation: /default-rack, certSerialId: null}, Type:RATIS, Factor:ONE, State:OPEN]
2019-09-23 17:53:15,532 [grpc-default-executor-0] INFO  impl.RaftServerProxy (RaftServerProxy.java:addNew(89)) - 693c1cfc-82ae-4a28-a759-f118ca34e4f1: addNew group-8B0D92133C23:[693c1cfc-82ae-4a28-a759-f118ca34e4f1:192.168.5.159:42959] returns group-8B0D92133C23:java.util.concurrent.CompletableFuture@21558c28[Not completed]
2019-09-23 17:53:15,590 [pool-77-thread-1] INFO  impl.RaftServerImpl (RaftServerImpl.java:<init>(95)) - 693c1cfc-82ae-4a28-a759-f118ca34e4f1: new RaftServerImpl for group-8B0D92133C23:[693c1cfc-82ae-4a28-a759-f118ca34e4f1:192.168.5.159:42959] with ContainerStateMachine:uninitialized
2019-09-23 17:53:15,591 [pool-77-thread-1] INFO  server.RaftServerConfigKeys (ConfUtils.java:logGet(43)) - raft.server.rpc.timeout.min = 5s (custom)
2019-09-23 17:53:15,591 [pool-77-thread-1] INFO  server.RaftServerConfigKeys (ConfUtils.java:logGet(43)) - raft.server.rpc.timeout.max = 5200ms (custom)
2019-09-23 17:53:15,591 [pool-77-thread-1] INFO  server.RaftServerConfigKeys (ConfUtils.java:logGet(43)) - raft.server.rpcslowness.timeout = 120s (custom)
2019-09-23 17:53:15,592 [pool-77-thread-1] INFO  server.RaftServerConfigKeys (ConfUtils.java:logGet(43)) - raft.server.sleep.deviation.threshold = 300 (default)
2019-09-23 17:53:15,592 [pool-77-thread-1] INFO  server.RaftServerConfigKeys (ConfUtils.java:logGet(43)) - raft.server.log.appender.install.snapshot.enabled = false (custom)
2019-09-23 17:53:15,592 [pool-77-thread-1] INFO  impl.RaftServerImpl (ServerState.java:<init>(103)) - 693c1cfc-82ae-4a28-a759-f118ca34e4f1@group-8B0D92133C23: ConfigurationManager, init=-1: [693c1cfc-82ae-4a28-a759-f118ca34e4f1:192.168.5.159:42959], old=null, confs=<EMPTY_MAP>
2019-09-23 17:53:15,592 [pool-77-thread-1] INFO  server.RaftServerConfigKeys (ConfUtils.java:logGet(43)) - raft.server.storage.dir = [/workdir/hadoop-ozone/integration-test/target/test-dir/MiniOzoneClusterImpl-dd0b3c1f-9e93-41d1-a2ca-e0857f7eafcc/datanode-5/data/ratis] (custom)
2019-09-23 17:53:15,593 [pool-77-thread-1] INFO  storage.RaftStorageDirectory (RaftStorageDirectory.java:analyzeStorage(246)) - The storage directory /workdir/hadoop-ozone/integration-test/target/test-dir/MiniOzoneClusterImpl-dd0b3c1f-9e93-41d1-a2ca-e0857f7eafcc/datanode-5/data/ratis/d2e0c45a-d506-4043-ac44-8b0d92133c23 does not exist. Creating ...
2019-09-23 17:53:15,618 [pool-77-thread-1] INFO  storage.RaftStorageDirectory (RaftStorageDirectory.java:tryLock(328)) - Lock on /workdir/hadoop-ozone/integration-test/target/test-dir/MiniOzoneClusterImpl-dd0b3c1f-9e93-41d1-a2ca-e0857f7eafcc/datanode-5/data/ratis/d2e0c45a-d506-4043-ac44-8b0d92133c23/in_use.lock acquired by nodename 31141@pr-hdds-2081-trunk-q8vvk-1381952471
2019-09-23 17:53:15,631 [pool-77-thread-1] INFO  storage.RaftStorage (RaftStorage.java:format(72)) - Storage directory /workdir/hadoop-ozone/integration-test/target/test-dir/MiniOzoneClusterImpl-dd0b3c1f-9e93-41d1-a2ca-e0857f7eafcc/datanode-5/data/ratis/d2e0c45a-d506-4043-ac44-8b0d92133c23 has been successfully formatted.
2019-09-23 17:53:15,633 [pool-77-thread-1] INFO  ratis.ContainerStateMachine (ContainerStateMachine.java:loadSnapshot(230)) - group-8B0D92133C23: The snapshot info is null. Setting the last applied indexto:(t:0, i:~)
2019-09-23 17:53:15,634 [pool-77-thread-1] INFO  server.RaftServerConfigKeys (ConfUtils.java:logGet(43)) - raft.server.notification.no-leader.timeout = 120s (custom)
2019-09-23 17:53:15,635 [pool-77-thread-1] INFO  server.RaftServerConfigKeys (ConfUtils.java:logGet(43)) - raft.server.log.use.memory = false (default)
2019-09-23 17:53:15,635 [pool-77-thread-1] INFO  server.RaftServerConfigKeys (ConfUtils.java:logGet(43)) - raft.server.log.purge.gap = 1000000 (custom)
2019-09-23 17:53:15,635 [pool-77-thread-1] INFO  server.RaftServerConfigKeys (ConfUtils.java:logGet(43)) - raft.server.log.appender.buffer.byte-limit = 33554432 (custom)
2019-09-23 17:53:15,635 [pool-77-thread-1] INFO  server.RaftServerConfigKeys (ConfUtils.java:logGet(43)) - raft.server.log.segment.size.max = 1048576 (custom)
2019-09-23 17:53:15,635 [pool-77-thread-1] INFO  server.RaftServerConfigKeys (ConfUtils.java:logGet(43)) - raft.server.log.segment.cache.num.max = 2 (custom)
2019-09-23 17:53:15,636 [pool-77-thread-1] INFO  segmented.SegmentedRaftLogWorker (SegmentedRaftLogWorker.java:<init>(172)) - new 693c1cfc-82ae-4a28-a759-f118ca34e4f1@group-8B0D92133C23-SegmentedRaftLogWorker for RaftStorage:Storage Directory /workdir/hadoop-ozone/integration-test/target/test-dir/MiniOzoneClusterImpl-dd0b3c1f-9e93-41d1-a2ca-e0857f7eafcc/datanode-5/data/ratis/d2e0c45a-d506-4043-ac44-8b0d92133c23
2019-09-23 17:53:15,643 [pool-77-thread-1] INFO  server.RaftServerConfigKeys (ConfUtils.java:logGet(43)) - raft.server.log.queue.byte-limit = 2147483647 (custom)
2019-09-23 17:53:15,643 [pool-77-thread-1] INFO  server.RaftServerConfigKeys (ConfUtils.java:logGet(43)) - raft.server.log.queue.element-limit = 1024 (custom)
2019-09-23 17:53:15,643 [pool-77-thread-1] INFO  server.RaftServerConfigKeys (ConfUtils.java:logGet(43)) - raft.server.log.segment.size.max = 1048576 (custom)
2019-09-23 17:53:15,644 [pool-77-thread-1] INFO  server.RaftServerConfigKeys (ConfUtils.java:logGet(43)) - raft.server.log.preallocated.size = 16384 (custom)
2019-09-23 17:53:15,644 [pool-77-thread-1] INFO  server.RaftServerConfigKeys (ConfUtils.java:logGet(43)) - raft.server.log.write.buffer.size = 33554432 (custom)
2019-09-23 17:53:15,644 [pool-77-thread-1] INFO  server.RaftServerConfigKeys (ConfUtils.java:logGet(43)) - raft.server.log.force.sync.num = 128 (default)
2019-09-23 17:53:15,644 [pool-77-thread-1] INFO  server.RaftServerConfigKeys (ConfUtils.java:logGet(43)) - raft.server.log.statemachine.data.sync = true (default)
2019-09-23 17:53:15,644 [pool-77-thread-1] INFO  server.RaftServerConfigKeys (ConfUtils.java:logGet(43)) - raft.server.log.statemachine.data.sync.timeout = 10s (default)
2019-09-23 17:53:15,645 [pool-77-thread-1] INFO  server.RaftServerConfigKeys (ConfUtils.java:logGet(43)) - raft.server.log.statemachine.data.sync.timeout.retry = -1 (default)
2019-09-23 17:53:15,645 [pool-77-thread-1] INFO  server.RaftServerConfigKeys (ConfUtils.java:logGet(43)) - raft.server.log.statemachine.data.caching.enabled = true (custom)
2019-09-23 17:53:15,645 [pool-77-thread-1] INFO  segmented.SegmentedRaftLogWorker (SegmentedRaftLogWorker.java:lambda$new$0(132)) - 693c1cfc-82ae-4a28-a759-f118ca34e4f1@group-8B0D92133C23-SegmentedRaftLogWorker: flushIndex: setUnconditionally 0 -> -1
2019-09-23 17:53:15,646 [pool-77-thread-1] INFO  server.RaftServerConfigKeys (ConfUtils.java:logGet(43)) - raft.server.snapshot.auto.trigger.enabled = true (custom)
2019-09-23 17:53:15,646 [pool-77-thread-1] INFO  server.RaftServerConfigKeys (ConfUtils.java:logGet(43)) - raft.server.snapshot.auto.trigger.threshold = 10000 (custom)
2019-09-23 17:53:15,646 [pool-77-thread-1] INFO  server.RaftServerConfigKeys (ConfUtils.java:logGet(43)) - raft.server.snapshot.retention.num.files = 5 (custom)
2019-09-23 17:53:15,646 [pool-77-thread-1] INFO  server.RaftServerConfigKeys (ConfUtils.java:logGet(43)) - raft.server.retrycache.expirytime = 600000ms (custom)
2019-09-23 17:53:15,652 [pool-77-thread-1] INFO  impl.RaftServerImpl (RaftServerImpl.java:start(185)) - 693c1cfc-82ae-4a28-a759-f118ca34e4f1@group-8B0D92133C23: start as a follower, conf=-1: [693c1cfc-82ae-4a28-a759-f118ca34e4f1:192.168.5.159:42959], old=null
2019-09-23 17:53:15,652 [pool-77-thread-1] INFO  impl.RaftServerImpl (RaftServerImpl.java:setRole(174)) - 693c1cfc-82ae-4a28-a759-f118ca34e4f1@group-8B0D92133C23: changes role from      null to FOLLOWER at term 0 for startAsFollower
2019-09-23 17:53:15,652 [pool-77-thread-1] INFO  impl.RoleInfo (RoleInfo.java:updateAndGet(143)) - 693c1cfc-82ae-4a28-a759-f118ca34e4f1: start FollowerState
2019-09-23 17:53:15,654 [pool-77-thread-1] INFO  util.JmxRegister (JmxRegister.java:tryRegister(44)) - Successfully registered JMX Bean with object name Ratis:service=RaftServer,group=group-8B0D92133C23,id=693c1cfc-82ae-4a28-a759-f118ca34e4f1
2019-09-23 17:53:15,668 [RatisPipelineUtilsThread] INFO  pipeline.PipelineStateManager (PipelineStateManager.java:addPipeline(56)) - Created pipeline Pipeline[ Id: d2e0c45a-d506-4043-ac44-8b0d92133c23, Nodes: 693c1cfc-82ae-4a28-a759-f118ca34e4f1{ip: 192.168.5.159, host: pr-hdds-2081-trunk-q8vvk-1381952471, networkLocation: /default-rack, certSerialId: null}, Type:RATIS, Factor:ONE, State:OPEN]
2019-09-23 17:53:15,693 [grpc-default-executor-0] INFO  impl.RaftServerProxy (RaftServerProxy.java:addNew(89)) - f69d10d6-6fe6-4100-a250-32c3e6d10aea: addNew group-48EB8F3A43F1:[f69d10d6-6fe6-4100-a250-32c3e6d10aea:192.168.5.159:45380] returns group-48EB8F3A43F1:java.util.concurrent.CompletableFuture@4f76a721[Not completed]
2019-09-23 17:53:15,719 [pool-57-thread-1] INFO  impl.RaftServerImpl (RaftServerImpl.java:<init>(95)) - f69d10d6-6fe6-4100-a250-32c3e6d10aea: new RaftServerImpl for group-48EB8F3A43F1:[f69d10d6-6fe6-4100-a250-32c3e6d10aea:192.168.5.159:45380] with ContainerStateMachine:uninitialized
2019-09-23 17:53:15,719 [pool-57-thread-1] INFO  server.RaftServerConfigKeys (ConfUtils.java:logGet(43)) - raft.server.rpc.timeout.min = 5s (custom)
2019-09-23 17:53:15,719 [pool-57-thread-1] INFO  server.RaftServerConfigKeys (ConfUtils.java:logGet(43)) - raft.server.rpc.timeout.max = 5200ms (custom)
2019-09-23 17:53:15,719 [pool-57-thread-1] INFO  server.RaftServerConfigKeys (ConfUtils.java:logGet(43)) - raft.server.rpcslowness.timeout = 120s (custom)
2019-09-23 17:53:15,720 [pool-57-thread-1] INFO  server.RaftServerConfigKeys (ConfUtils.java:logGet(43)) - raft.server.sleep.deviation.threshold = 300 (default)
2019-09-23 17:53:15,720 [pool-57-thread-1] INFO  server.RaftServerConfigKeys (ConfUtils.java:logGet(43)) - raft.server.log.appender.install.snapshot.enabled = false (custom)
2019-09-23 17:53:15,720 [pool-57-thread-1] INFO  impl.RaftServerImpl (ServerState.java:<init>(103)) - f69d10d6-6fe6-4100-a250-32c3e6d10aea@group-48EB8F3A43F1: ConfigurationManager, init=-1: [f69d10d6-6fe6-4100-a250-32c3e6d10aea:192.168.5.159:45380], old=null, confs=<EMPTY_MAP>
2019-09-23 17:53:15,720 [pool-57-thread-1] INFO  server.RaftServerConfigKeys (ConfUtils.java:logGet(43)) - raft.server.storage.dir = [/workdir/hadoop-ozone/integration-test/target/test-dir/MiniOzoneClusterImpl-dd0b3c1f-9e93-41d1-a2ca-e0857f7eafcc/datanode-3/data/ratis] (custom)
2019-09-23 17:53:15,721 [pool-57-thread-1] INFO  storage.RaftStorageDirectory (RaftStorageDirectory.java:analyzeStorage(246)) - The storage directory /workdir/hadoop-ozone/integration-test/target/test-dir/MiniOzoneClusterImpl-dd0b3c1f-9e93-41d1-a2ca-e0857f7eafcc/datanode-3/data/ratis/96a6d23f-90a1-4d39-84ce-48eb8f3a43f1 does not exist. Creating ...
2019-09-23 17:53:15,733 [pool-57-thread-1] INFO  storage.RaftStorageDirectory (RaftStorageDirectory.java:tryLock(328)) - Lock on /workdir/hadoop-ozone/integration-test/target/test-dir/MiniOzoneClusterImpl-dd0b3c1f-9e93-41d1-a2ca-e0857f7eafcc/datanode-3/data/ratis/96a6d23f-90a1-4d39-84ce-48eb8f3a43f1/in_use.lock acquired by nodename 31141@pr-hdds-2081-trunk-q8vvk-1381952471
2019-09-23 17:53:15,747 [pool-57-thread-1] INFO  storage.RaftStorage (RaftStorage.java:format(72)) - Storage directory /workdir/hadoop-ozone/integration-test/target/test-dir/MiniOzoneClusterImpl-dd0b3c1f-9e93-41d1-a2ca-e0857f7eafcc/datanode-3/data/ratis/96a6d23f-90a1-4d39-84ce-48eb8f3a43f1 has been successfully formatted.
2019-09-23 17:53:15,747 [pool-57-thread-1] INFO  ratis.ContainerStateMachine (ContainerStateMachine.java:loadSnapshot(230)) - group-48EB8F3A43F1: The snapshot info is null. Setting the last applied indexto:(t:0, i:~)
2019-09-23 17:53:15,747 [pool-57-thread-1] INFO  server.RaftServerConfigKeys (ConfUtils.java:logGet(43)) - raft.server.notification.no-leader.timeout = 120s (custom)
2019-09-23 17:53:15,747 [pool-57-thread-1] INFO  server.RaftServerConfigKeys (ConfUtils.java:logGet(43)) - raft.server.log.use.memory = false (default)
2019-09-23 17:53:15,747 [pool-57-thread-1] INFO  server.RaftServerConfigKeys (ConfUtils.java:logGet(43)) - raft.server.log.purge.gap = 1000000 (custom)
2019-09-23 17:53:15,748 [pool-57-thread-1] INFO  server.RaftServerConfigKeys (ConfUtils.java:logGet(43)) - raft.server.log.appender.buffer.byte-limit = 33554432 (custom)
2019-09-23 17:53:15,748 [pool-57-thread-1] INFO  server.RaftServerConfigKeys (ConfUtils.java:logGet(43)) - raft.server.log.segment.size.max = 1048576 (custom)
2019-09-23 17:53:15,748 [pool-57-thread-1] INFO  server.RaftServerConfigKeys (ConfUtils.java:logGet(43)) - raft.server.log.segment.cache.num.max = 2 (custom)
2019-09-23 17:53:15,748 [pool-57-thread-1] INFO  segmented.SegmentedRaftLogWorker (SegmentedRaftLogWorker.java:<init>(172)) - new f69d10d6-6fe6-4100-a250-32c3e6d10aea@group-48EB8F3A43F1-SegmentedRaftLogWorker for RaftStorage:Storage Directory /workdir/hadoop-ozone/integration-test/target/test-dir/MiniOzoneClusterImpl-dd0b3c1f-9e93-41d1-a2ca-e0857f7eafcc/datanode-3/data/ratis/96a6d23f-90a1-4d39-84ce-48eb8f3a43f1
2019-09-23 17:53:15,792 [pool-57-thread-1] INFO  server.RaftServerConfigKeys (ConfUtils.java:logGet(43)) - raft.server.log.queue.byte-limit = 2147483647 (custom)
2019-09-23 17:53:15,792 [pool-57-thread-1] INFO  server.RaftServerConfigKeys (ConfUtils.java:logGet(43)) - raft.server.log.queue.element-limit = 1024 (custom)
2019-09-23 17:53:15,792 [pool-57-thread-1] INFO  server.RaftServerConfigKeys (ConfUtils.java:logGet(43)) - raft.server.log.segment.size.max = 1048576 (custom)
2019-09-23 17:53:15,792 [pool-57-thread-1] INFO  server.RaftServerConfigKeys (ConfUtils.java:logGet(43)) - raft.server.log.preallocated.size = 16384 (custom)
2019-09-23 17:53:15,793 [pool-57-thread-1] INFO  server.RaftServerConfigKeys (ConfUtils.java:logGet(43)) - raft.server.log.write.buffer.size = 33554432 (custom)
2019-09-23 17:53:15,793 [pool-57-thread-1] INFO  server.RaftServerConfigKeys (ConfUtils.java:logGet(43)) - raft.server.log.force.sync.num = 128 (default)
2019-09-23 17:53:15,793 [pool-57-thread-1] INFO  server.RaftServerConfigKeys (ConfUtils.java:logGet(43)) - raft.server.log.statemachine.data.sync = true (default)
2019-09-23 17:53:15,793 [pool-57-thread-1] INFO  server.RaftServerConfigKeys (ConfUtils.java:logGet(43)) - raft.server.log.statemachine.data.sync.timeout = 10s (default)
2019-09-23 17:53:15,794 [pool-57-thread-1] INFO  server.RaftServerConfigKeys (ConfUtils.java:logGet(43)) - raft.server.log.statemachine.data.sync.timeout.retry = -1 (default)
2019-09-23 17:53:15,794 [pool-57-thread-1] INFO  server.RaftServerConfigKeys (ConfUtils.java:logGet(43)) - raft.server.log.statemachine.data.caching.enabled = true (custom)
2019-09-23 17:53:15,794 [pool-57-thread-1] INFO  segmented.SegmentedRaftLogWorker (SegmentedRaftLogWorker.java:lambda$new$0(132)) - f69d10d6-6fe6-4100-a250-32c3e6d10aea@group-48EB8F3A43F1-SegmentedRaftLogWorker: flushIndex: setUnconditionally 0 -> -1
2019-09-23 17:53:15,795 [pool-57-thread-1] INFO  server.RaftServerConfigKeys (ConfUtils.java:logGet(43)) - raft.server.snapshot.auto.trigger.enabled = true (custom)
2019-09-23 17:53:15,795 [pool-57-thread-1] INFO  server.RaftServerConfigKeys (ConfUtils.java:logGet(43)) - raft.server.snapshot.auto.trigger.threshold = 10000 (custom)
2019-09-23 17:53:15,795 [pool-57-thread-1] INFO  server.RaftServerConfigKeys (ConfUtils.java:logGet(43)) - raft.server.snapshot.retention.num.files = 5 (custom)
2019-09-23 17:53:15,796 [pool-57-thread-1] INFO  server.RaftServerConfigKeys (ConfUtils.java:logGet(43)) - raft.server.retrycache.expirytime = 600000ms (custom)
2019-09-23 17:53:15,801 [pool-57-thread-1] INFO  impl.RaftServerImpl (RaftServerImpl.java:start(185)) - f69d10d6-6fe6-4100-a250-32c3e6d10aea@group-48EB8F3A43F1: start as a follower, conf=-1: [f69d10d6-6fe6-4100-a250-32c3e6d10aea:192.168.5.159:45380], old=null
2019-09-23 17:53:15,801 [pool-57-thread-1] INFO  impl.RaftServerImpl (RaftServerImpl.java:setRole(174)) - f69d10d6-6fe6-4100-a250-32c3e6d10aea@group-48EB8F3A43F1: changes role from      null to FOLLOWER at term 0 for startAsFollower
2019-09-23 17:53:15,802 [pool-57-thread-1] INFO  impl.RoleInfo (RoleInfo.java:updateAndGet(143)) - f69d10d6-6fe6-4100-a250-32c3e6d10aea: start FollowerState
2019-09-23 17:53:15,802 [pool-57-thread-1] INFO  util.JmxRegister (JmxRegister.java:tryRegister(44)) - Successfully registered JMX Bean with object name Ratis:service=RaftServer,group=group-48EB8F3A43F1,id=f69d10d6-6fe6-4100-a250-32c3e6d10aea
2019-09-23 17:53:15,814 [RatisPipelineUtilsThread] INFO  pipeline.PipelineStateManager (PipelineStateManager.java:addPipeline(56)) - Created pipeline Pipeline[ Id: 96a6d23f-90a1-4d39-84ce-48eb8f3a43f1, Nodes: f69d10d6-6fe6-4100-a250-32c3e6d10aea{ip: 192.168.5.159, host: pr-hdds-2081-trunk-q8vvk-1381952471, networkLocation: /default-rack, certSerialId: null}, Type:RATIS, Factor:ONE, State:OPEN]
2019-09-23 17:53:15,839 [grpc-default-executor-0] INFO  impl.RaftServerProxy (RaftServerProxy.java:addNew(89)) - 3b97bcc7-e421-4fef-bf65-4480f43ecb20: addNew group-23C6334317FC:[3b97bcc7-e421-4fef-bf65-4480f43ecb20:192.168.5.159:39191] returns group-23C6334317FC:java.util.concurrent.CompletableFuture@b119780[Not completed]
2019-09-23 17:53:15,844 [pool-87-thread-1] INFO  impl.RaftServerImpl (RaftServerImpl.java:<init>(95)) - 3b97bcc7-e421-4fef-bf65-4480f43ecb20: new RaftServerImpl for group-23C6334317FC:[3b97bcc7-e421-4fef-bf65-4480f43ecb20:192.168.5.159:39191] with ContainerStateMachine:uninitialized
2019-09-23 17:53:15,844 [pool-87-thread-1] INFO  server.RaftServerConfigKeys (ConfUtils.java:logGet(43)) - raft.server.rpc.timeout.min = 5s (custom)
2019-09-23 17:53:15,844 [pool-87-thread-1] INFO  server.RaftServerConfigKeys (ConfUtils.java:logGet(43)) - raft.server.rpc.timeout.max = 5200ms (custom)
2019-09-23 17:53:15,844 [pool-87-thread-1] INFO  server.RaftServerConfigKeys (ConfUtils.java:logGet(43)) - raft.server.rpcslowness.timeout = 120s (custom)
2019-09-23 17:53:15,845 [pool-87-thread-1] INFO  server.RaftServerConfigKeys (ConfUtils.java:logGet(43)) - raft.server.sleep.deviation.threshold = 300 (default)
2019-09-23 17:53:15,845 [pool-87-thread-1] INFO  server.RaftServerConfigKeys (ConfUtils.java:logGet(43)) - raft.server.log.appender.install.snapshot.enabled = false (custom)
2019-09-23 17:53:15,845 [pool-87-thread-1] INFO  impl.RaftServerImpl (ServerState.java:<init>(103)) - 3b97bcc7-e421-4fef-bf65-4480f43ecb20@group-23C6334317FC: ConfigurationManager, init=-1: [3b97bcc7-e421-4fef-bf65-4480f43ecb20:192.168.5.159:39191], old=null, confs=<EMPTY_MAP>
2019-09-23 17:53:15,845 [pool-87-thread-1] INFO  server.RaftServerConfigKeys (ConfUtils.java:logGet(43)) - raft.server.storage.dir = [/workdir/hadoop-ozone/integration-test/target/test-dir/MiniOzoneClusterImpl-dd0b3c1f-9e93-41d1-a2ca-e0857f7eafcc/datanode-6/data/ratis] (custom)
2019-09-23 17:53:15,845 [pool-87-thread-1] INFO  storage.RaftStorageDirectory (RaftStorageDirectory.java:analyzeStorage(246)) - The storage directory /workdir/hadoop-ozone/integration-test/target/test-dir/MiniOzoneClusterImpl-dd0b3c1f-9e93-41d1-a2ca-e0857f7eafcc/datanode-6/data/ratis/54baa615-f969-4a60-86b5-23c6334317fc does not exist. Creating ...
2019-09-23 17:53:15,858 [pool-87-thread-1] INFO  storage.RaftStorageDirectory (RaftStorageDirectory.java:tryLock(328)) - Lock on /workdir/hadoop-ozone/integration-test/target/test-dir/MiniOzoneClusterImpl-dd0b3c1f-9e93-41d1-a2ca-e0857f7eafcc/datanode-6/data/ratis/54baa615-f969-4a60-86b5-23c6334317fc/in_use.lock acquired by nodename 31141@pr-hdds-2081-trunk-q8vvk-1381952471
2019-09-23 17:53:15,885 [pool-87-thread-1] INFO  storage.RaftStorage (RaftStorage.java:format(72)) - Storage directory /workdir/hadoop-ozone/integration-test/target/test-dir/MiniOzoneClusterImpl-dd0b3c1f-9e93-41d1-a2ca-e0857f7eafcc/datanode-6/data/ratis/54baa615-f969-4a60-86b5-23c6334317fc has been successfully formatted.
2019-09-23 17:53:15,885 [pool-87-thread-1] INFO  ratis.ContainerStateMachine (ContainerStateMachine.java:loadSnapshot(230)) - group-23C6334317FC: The snapshot info is null. Setting the last applied indexto:(t:0, i:~)
2019-09-23 17:53:15,885 [pool-87-thread-1] INFO  server.RaftServerConfigKeys (ConfUtils.java:logGet(43)) - raft.server.notification.no-leader.timeout = 120s (custom)
2019-09-23 17:53:15,885 [pool-87-thread-1] INFO  server.RaftServerConfigKeys (ConfUtils.java:logGet(43)) - raft.server.log.use.memory = false (default)
2019-09-23 17:53:15,886 [pool-87-thread-1] INFO  server.RaftServerConfigKeys (ConfUtils.java:logGet(43)) - raft.server.log.purge.gap = 1000000 (custom)
2019-09-23 17:53:15,886 [pool-87-thread-1] INFO  server.RaftServerConfigKeys (ConfUtils.java:logGet(43)) - raft.server.log.appender.buffer.byte-limit = 33554432 (custom)
2019-09-23 17:53:15,886 [pool-87-thread-1] INFO  server.RaftServerConfigKeys (ConfUtils.java:logGet(43)) - raft.server.log.segment.size.max = 1048576 (custom)
2019-09-23 17:53:15,886 [pool-87-thread-1] INFO  server.RaftServerConfigKeys (ConfUtils.java:logGet(43)) - raft.server.log.segment.cache.num.max = 2 (custom)
2019-09-23 17:53:15,886 [pool-87-thread-1] INFO  segmented.SegmentedRaftLogWorker (SegmentedRaftLogWorker.java:<init>(172)) - new 3b97bcc7-e421-4fef-bf65-4480f43ecb20@group-23C6334317FC-SegmentedRaftLogWorker for RaftStorage:Storage Directory /workdir/hadoop-ozone/integration-test/target/test-dir/MiniOzoneClusterImpl-dd0b3c1f-9e93-41d1-a2ca-e0857f7eafcc/datanode-6/data/ratis/54baa615-f969-4a60-86b5-23c6334317fc
2019-09-23 17:53:15,891 [pool-87-thread-1] INFO  server.RaftServerConfigKeys (ConfUtils.java:logGet(43)) - raft.server.log.queue.byte-limit = 2147483647 (custom)
2019-09-23 17:53:15,891 [pool-87-thread-1] INFO  server.RaftServerConfigKeys (ConfUtils.java:logGet(43)) - raft.server.log.queue.element-limit = 1024 (custom)
2019-09-23 17:53:15,891 [pool-87-thread-1] INFO  server.RaftServerConfigKeys (ConfUtils.java:logGet(43)) - raft.server.log.segment.size.max = 1048576 (custom)
2019-09-23 17:53:15,891 [pool-87-thread-1] INFO  server.RaftServerConfigKeys (ConfUtils.java:logGet(43)) - raft.server.log.preallocated.size = 16384 (custom)
2019-09-23 17:53:15,891 [pool-87-thread-1] INFO  server.RaftServerConfigKeys (ConfUtils.java:logGet(43)) - raft.server.log.write.buffer.size = 33554432 (custom)
2019-09-23 17:53:15,892 [pool-87-thread-1] INFO  server.RaftServerConfigKeys (ConfUtils.java:logGet(43)) - raft.server.log.force.sync.num = 128 (default)
2019-09-23 17:53:15,892 [pool-87-thread-1] INFO  server.RaftServerConfigKeys (ConfUtils.java:logGet(43)) - raft.server.log.statemachine.data.sync = true (default)
2019-09-23 17:53:15,892 [pool-87-thread-1] INFO  server.RaftServerConfigKeys (ConfUtils.java:logGet(43)) - raft.server.log.statemachine.data.sync.timeout = 10s (default)
2019-09-23 17:53:15,892 [pool-87-thread-1] INFO  server.RaftServerConfigKeys (ConfUtils.java:logGet(43)) - raft.server.log.statemachine.data.sync.timeout.retry = -1 (default)
2019-09-23 17:53:15,892 [pool-87-thread-1] INFO  server.RaftServerConfigKeys (ConfUtils.java:logGet(43)) - raft.server.log.statemachine.data.caching.enabled = true (custom)
2019-09-23 17:53:15,893 [pool-87-thread-1] INFO  segmented.SegmentedRaftLogWorker (SegmentedRaftLogWorker.java:lambda$new$0(132)) - 3b97bcc7-e421-4fef-bf65-4480f43ecb20@group-23C6334317FC-SegmentedRaftLogWorker: flushIndex: setUnconditionally 0 -> -1
2019-09-23 17:53:15,893 [pool-87-thread-1] INFO  server.RaftServerConfigKeys (ConfUtils.java:logGet(43)) - raft.server.snapshot.auto.trigger.enabled = true (custom)
2019-09-23 17:53:15,893 [pool-87-thread-1] INFO  server.RaftServerConfigKeys (ConfUtils.java:logGet(43)) - raft.server.snapshot.auto.trigger.threshold = 10000 (custom)
2019-09-23 17:53:15,893 [pool-87-thread-1] INFO  server.RaftServerConfigKeys (ConfUtils.java:logGet(43)) - raft.server.snapshot.retention.num.files = 5 (custom)
2019-09-23 17:53:15,894 [pool-87-thread-1] INFO  server.RaftServerConfigKeys (ConfUtils.java:logGet(43)) - raft.server.retrycache.expirytime = 600000ms (custom)
2019-09-23 17:53:15,898 [pool-87-thread-1] INFO  impl.RaftServerImpl (RaftServerImpl.java:start(185)) - 3b97bcc7-e421-4fef-bf65-4480f43ecb20@group-23C6334317FC: start as a follower, conf=-1: [3b97bcc7-e421-4fef-bf65-4480f43ecb20:192.168.5.159:39191], old=null
2019-09-23 17:53:15,899 [pool-87-thread-1] INFO  impl.RaftServerImpl (RaftServerImpl.java:setRole(174)) - 3b97bcc7-e421-4fef-bf65-4480f43ecb20@group-23C6334317FC: changes role from      null to FOLLOWER at term 0 for startAsFollower
2019-09-23 17:53:15,899 [pool-87-thread-1] INFO  impl.RoleInfo (RoleInfo.java:updateAndGet(143)) - 3b97bcc7-e421-4fef-bf65-4480f43ecb20: start FollowerState
2019-09-23 17:53:15,899 [pool-87-thread-1] INFO  util.JmxRegister (JmxRegister.java:tryRegister(44)) - Successfully registered JMX Bean with object name Ratis:service=RaftServer,group=group-23C6334317FC,id=3b97bcc7-e421-4fef-bf65-4480f43ecb20
2019-09-23 17:53:15,918 [RatisPipelineUtilsThread] INFO  pipeline.PipelineStateManager (PipelineStateManager.java:addPipeline(56)) - Created pipeline Pipeline[ Id: 54baa615-f969-4a60-86b5-23c6334317fc, Nodes: 3b97bcc7-e421-4fef-bf65-4480f43ecb20{ip: 192.168.5.159, host: pr-hdds-2081-trunk-q8vvk-1381952471, networkLocation: /default-rack, certSerialId: null}, Type:RATIS, Factor:ONE, State:OPEN]
2019-09-23 17:53:15,941 [grpc-default-executor-0] INFO  impl.RaftServerProxy (RaftServerProxy.java:addNew(89)) - 9fe3ac6d-823a-4d7f-a140-5420168d3df0: addNew group-149EEF2D0F91:[9fe3ac6d-823a-4d7f-a140-5420168d3df0:192.168.5.159:39104] returns group-149EEF2D0F91:java.util.concurrent.CompletableFuture@76c6c2ac[Not completed]
2019-09-23 17:53:15,946 [pool-67-thread-1] INFO  impl.RaftServerImpl (RaftServerImpl.java:<init>(95)) - 9fe3ac6d-823a-4d7f-a140-5420168d3df0: new RaftServerImpl for group-149EEF2D0F91:[9fe3ac6d-823a-4d7f-a140-5420168d3df0:192.168.5.159:39104] with ContainerStateMachine:uninitialized
2019-09-23 17:53:15,947 [pool-67-thread-1] INFO  server.RaftServerConfigKeys (ConfUtils.java:logGet(43)) - raft.server.rpc.timeout.min = 5s (custom)
2019-09-23 17:53:15,947 [pool-67-thread-1] INFO  server.RaftServerConfigKeys (ConfUtils.java:logGet(43)) - raft.server.rpc.timeout.max = 5200ms (custom)
2019-09-23 17:53:15,947 [pool-67-thread-1] INFO  server.RaftServerConfigKeys (ConfUtils.java:logGet(43)) - raft.server.rpcslowness.timeout = 120s (custom)
2019-09-23 17:53:15,947 [pool-67-thread-1] INFO  server.RaftServerConfigKeys (ConfUtils.java:logGet(43)) - raft.server.sleep.deviation.threshold = 300 (default)
2019-09-23 17:53:15,947 [pool-67-thread-1] INFO  server.RaftServerConfigKeys (ConfUtils.java:logGet(43)) - raft.server.log.appender.install.snapshot.enabled = false (custom)
2019-09-23 17:53:15,948 [pool-67-thread-1] INFO  impl.RaftServerImpl (ServerState.java:<init>(103)) - 9fe3ac6d-823a-4d7f-a140-5420168d3df0@group-149EEF2D0F91: ConfigurationManager, init=-1: [9fe3ac6d-823a-4d7f-a140-5420168d3df0:192.168.5.159:39104], old=null, confs=<EMPTY_MAP>
2019-09-23 17:53:15,948 [pool-67-thread-1] INFO  server.RaftServerConfigKeys (ConfUtils.java:logGet(43)) - raft.server.storage.dir = [/workdir/hadoop-ozone/integration-test/target/test-dir/MiniOzoneClusterImpl-dd0b3c1f-9e93-41d1-a2ca-e0857f7eafcc/datanode-4/data/ratis] (custom)
2019-09-23 17:53:15,948 [pool-67-thread-1] INFO  storage.RaftStorageDirectory (RaftStorageDirectory.java:analyzeStorage(246)) - The storage directory /workdir/hadoop-ozone/integration-test/target/test-dir/MiniOzoneClusterImpl-dd0b3c1f-9e93-41d1-a2ca-e0857f7eafcc/datanode-4/data/ratis/0cfc90da-d439-4a6c-b219-149eef2d0f91 does not exist. Creating ...
2019-09-23 17:53:15,970 [pool-67-thread-1] INFO  storage.RaftStorageDirectory (RaftStorageDirectory.java:tryLock(328)) - Lock on /workdir/hadoop-ozone/integration-test/target/test-dir/MiniOzoneClusterImpl-dd0b3c1f-9e93-41d1-a2ca-e0857f7eafcc/datanode-4/data/ratis/0cfc90da-d439-4a6c-b219-149eef2d0f91/in_use.lock acquired by nodename 31141@pr-hdds-2081-trunk-q8vvk-1381952471
2019-09-23 17:53:15,974 [main] INFO  ozone.MiniOzoneClusterImpl (MiniOzoneClusterImpl.java:lambda$waitForClusterToBeReady$0(147)) - Cluster is ready. Got 7 of 7 DN Heartbeats.
2019-09-23 17:53:15,983 [pool-67-thread-1] INFO  storage.RaftStorage (RaftStorage.java:format(72)) - Storage directory /workdir/hadoop-ozone/integration-test/target/test-dir/MiniOzoneClusterImpl-dd0b3c1f-9e93-41d1-a2ca-e0857f7eafcc/datanode-4/data/ratis/0cfc90da-d439-4a6c-b219-149eef2d0f91 has been successfully formatted.
2019-09-23 17:53:15,983 [pool-67-thread-1] INFO  ratis.ContainerStateMachine (ContainerStateMachine.java:loadSnapshot(230)) - group-149EEF2D0F91: The snapshot info is null. Setting the last applied indexto:(t:0, i:~)
2019-09-23 17:53:15,983 [pool-67-thread-1] INFO  server.RaftServerConfigKeys (ConfUtils.java:logGet(43)) - raft.server.notification.no-leader.timeout = 120s (custom)
2019-09-23 17:53:15,984 [pool-67-thread-1] INFO  server.RaftServerConfigKeys (ConfUtils.java:logGet(43)) - raft.server.log.use.memory = false (default)
2019-09-23 17:53:15,984 [pool-67-thread-1] INFO  server.RaftServerConfigKeys (ConfUtils.java:logGet(43)) - raft.server.log.purge.gap = 1000000 (custom)
2019-09-23 17:53:15,984 [pool-67-thread-1] INFO  server.RaftServerConfigKeys (ConfUtils.java:logGet(43)) - raft.server.log.appender.buffer.byte-limit = 33554432 (custom)
2019-09-23 17:53:15,984 [pool-67-thread-1] INFO  server.RaftServerConfigKeys (ConfUtils.java:logGet(43)) - raft.server.log.segment.size.max = 1048576 (custom)
2019-09-23 17:53:15,984 [pool-67-thread-1] INFO  server.RaftServerConfigKeys (ConfUtils.java:logGet(43)) - raft.server.log.segment.cache.num.max = 2 (custom)
2019-09-23 17:53:15,985 [pool-67-thread-1] INFO  segmented.SegmentedRaftLogWorker (SegmentedRaftLogWorker.java:<init>(172)) - new 9fe3ac6d-823a-4d7f-a140-5420168d3df0@group-149EEF2D0F91-SegmentedRaftLogWorker for RaftStorage:Storage Directory /workdir/hadoop-ozone/integration-test/target/test-dir/MiniOzoneClusterImpl-dd0b3c1f-9e93-41d1-a2ca-e0857f7eafcc/datanode-4/data/ratis/0cfc90da-d439-4a6c-b219-149eef2d0f91
2019-09-23 17:53:15,990 [pool-67-thread-1] INFO  server.RaftServerConfigKeys (ConfUtils.java:logGet(43)) - raft.server.log.queue.byte-limit = 2147483647 (custom)
2019-09-23 17:53:15,990 [pool-67-thread-1] INFO  server.RaftServerConfigKeys (ConfUtils.java:logGet(43)) - raft.server.log.queue.element-limit = 1024 (custom)
2019-09-23 17:53:15,991 [pool-67-thread-1] INFO  server.RaftServerConfigKeys (ConfUtils.java:logGet(43)) - raft.server.log.segment.size.max = 1048576 (custom)
2019-09-23 17:53:15,991 [pool-67-thread-1] INFO  server.RaftServerConfigKeys (ConfUtils.java:logGet(43)) - raft.server.log.preallocated.size = 16384 (custom)
2019-09-23 17:53:15,991 [pool-67-thread-1] INFO  server.RaftServerConfigKeys (ConfUtils.java:logGet(43)) - raft.server.log.write.buffer.size = 33554432 (custom)
2019-09-23 17:53:15,991 [pool-67-thread-1] INFO  server.RaftServerConfigKeys (ConfUtils.java:logGet(43)) - raft.server.log.force.sync.num = 128 (default)
2019-09-23 17:53:15,991 [pool-67-thread-1] INFO  server.RaftServerConfigKeys (ConfUtils.java:logGet(43)) - raft.server.log.statemachine.data.sync = true (default)
2019-09-23 17:53:15,992 [pool-67-thread-1] INFO  server.RaftServerConfigKeys (ConfUtils.java:logGet(43)) - raft.server.log.statemachine.data.sync.timeout = 10s (default)
2019-09-23 17:53:15,992 [pool-67-thread-1] INFO  server.RaftServerConfigKeys (ConfUtils.java:logGet(43)) - raft.server.log.statemachine.data.sync.timeout.retry = -1 (default)
2019-09-23 17:53:15,992 [pool-67-thread-1] INFO  server.RaftServerConfigKeys (ConfUtils.java:logGet(43)) - raft.server.log.statemachine.data.caching.enabled = true (custom)
2019-09-23 17:53:15,993 [pool-67-thread-1] INFO  segmented.SegmentedRaftLogWorker (SegmentedRaftLogWorker.java:lambda$new$0(132)) - 9fe3ac6d-823a-4d7f-a140-5420168d3df0@group-149EEF2D0F91-SegmentedRaftLogWorker: flushIndex: setUnconditionally 0 -> -1
2019-09-23 17:53:15,993 [pool-67-thread-1] INFO  server.RaftServerConfigKeys (ConfUtils.java:logGet(43)) - raft.server.snapshot.auto.trigger.enabled = true (custom)
2019-09-23 17:53:15,993 [pool-67-thread-1] INFO  server.RaftServerConfigKeys (ConfUtils.java:logGet(43)) - raft.server.snapshot.auto.trigger.threshold = 10000 (custom)
2019-09-23 17:53:15,993 [pool-67-thread-1] INFO  server.RaftServerConfigKeys (ConfUtils.java:logGet(43)) - raft.server.snapshot.retention.num.files = 5 (custom)
2019-09-23 17:53:15,994 [pool-67-thread-1] INFO  server.RaftServerConfigKeys (ConfUtils.java:logGet(43)) - raft.server.retrycache.expirytime = 600000ms (custom)
2019-09-23 17:53:15,999 [pool-67-thread-1] INFO  impl.RaftServerImpl (RaftServerImpl.java:start(185)) - 9fe3ac6d-823a-4d7f-a140-5420168d3df0@group-149EEF2D0F91: start as a follower, conf=-1: [9fe3ac6d-823a-4d7f-a140-5420168d3df0:192.168.5.159:39104], old=null
2019-09-23 17:53:15,999 [pool-67-thread-1] INFO  impl.RaftServerImpl (RaftServerImpl.java:setRole(174)) - 9fe3ac6d-823a-4d7f-a140-5420168d3df0@group-149EEF2D0F91: changes role from      null to FOLLOWER at term 0 for startAsFollower
2019-09-23 17:53:16,000 [pool-67-thread-1] INFO  impl.RoleInfo (RoleInfo.java:updateAndGet(143)) - 9fe3ac6d-823a-4d7f-a140-5420168d3df0: start FollowerState
2019-09-23 17:53:16,000 [pool-67-thread-1] INFO  util.JmxRegister (JmxRegister.java:tryRegister(44)) - Successfully registered JMX Bean with object name Ratis:service=RaftServer,group=group-149EEF2D0F91,id=9fe3ac6d-823a-4d7f-a140-5420168d3df0
2019-09-23 17:53:16,016 [RatisPipelineUtilsThread] INFO  pipeline.PipelineStateManager (PipelineStateManager.java:addPipeline(56)) - Created pipeline Pipeline[ Id: 0cfc90da-d439-4a6c-b219-149eef2d0f91, Nodes: 9fe3ac6d-823a-4d7f-a140-5420168d3df0{ip: 192.168.5.159, host: pr-hdds-2081-trunk-q8vvk-1381952471, networkLocation: /default-rack, certSerialId: null}, Type:RATIS, Factor:ONE, State:OPEN]
2019-09-23 17:53:16,045 [grpc-default-executor-0] INFO  impl.RaftServerProxy (RaftServerProxy.java:addNew(89)) - cb813c6c-38bf-4192-ba89-344db3cd4fce: addNew group-FCBB7B2B7296:[cb813c6c-38bf-4192-ba89-344db3cd4fce:192.168.5.159:33804] returns group-FCBB7B2B7296:java.util.concurrent.CompletableFuture@7e55ac5c[Not completed]
2019-09-23 17:53:16,048 [pool-37-thread-1] INFO  impl.RaftServerImpl (RaftServerImpl.java:<init>(95)) - cb813c6c-38bf-4192-ba89-344db3cd4fce: new RaftServerImpl for group-FCBB7B2B7296:[cb813c6c-38bf-4192-ba89-344db3cd4fce:192.168.5.159:33804] with ContainerStateMachine:uninitialized
2019-09-23 17:53:16,048 [pool-37-thread-1] INFO  server.RaftServerConfigKeys (ConfUtils.java:logGet(43)) - raft.server.rpc.timeout.min = 5s (custom)
2019-09-23 17:53:16,048 [pool-37-thread-1] INFO  server.RaftServerConfigKeys (ConfUtils.java:logGet(43)) - raft.server.rpc.timeout.max = 5200ms (custom)
2019-09-23 17:53:16,048 [pool-37-thread-1] INFO  server.RaftServerConfigKeys (ConfUtils.java:logGet(43)) - raft.server.rpcslowness.timeout = 120s (custom)
2019-09-23 17:53:16,049 [pool-37-thread-1] INFO  server.RaftServerConfigKeys (ConfUtils.java:logGet(43)) - raft.server.sleep.deviation.threshold = 300 (default)
2019-09-23 17:53:16,049 [pool-37-thread-1] INFO  server.RaftServerConfigKeys (ConfUtils.java:logGet(43)) - raft.server.log.appender.install.snapshot.enabled = false (custom)
2019-09-23 17:53:16,049 [pool-37-thread-1] INFO  impl.RaftServerImpl (ServerState.java:<init>(103)) - cb813c6c-38bf-4192-ba89-344db3cd4fce@group-FCBB7B2B7296: ConfigurationManager, init=-1: [cb813c6c-38bf-4192-ba89-344db3cd4fce:192.168.5.159:33804], old=null, confs=<EMPTY_MAP>
2019-09-23 17:53:16,049 [pool-37-thread-1] INFO  server.RaftServerConfigKeys (ConfUtils.java:logGet(43)) - raft.server.storage.dir = [/workdir/hadoop-ozone/integration-test/target/test-dir/MiniOzoneClusterImpl-dd0b3c1f-9e93-41d1-a2ca-e0857f7eafcc/datanode-1/data/ratis] (custom)
2019-09-23 17:53:16,050 [pool-37-thread-1] INFO  storage.RaftStorageDirectory (RaftStorageDirectory.java:analyzeStorage(246)) - The storage directory /workdir/hadoop-ozone/integration-test/target/test-dir/MiniOzoneClusterImpl-dd0b3c1f-9e93-41d1-a2ca-e0857f7eafcc/datanode-1/data/ratis/1751e928-7d55-474b-a672-fcbb7b2b7296 does not exist. Creating ...
2019-09-23 17:53:16,062 [pool-37-thread-1] INFO  storage.RaftStorageDirectory (RaftStorageDirectory.java:tryLock(328)) - Lock on /workdir/hadoop-ozone/integration-test/target/test-dir/MiniOzoneClusterImpl-dd0b3c1f-9e93-41d1-a2ca-e0857f7eafcc/datanode-1/data/ratis/1751e928-7d55-474b-a672-fcbb7b2b7296/in_use.lock acquired by nodename 31141@pr-hdds-2081-trunk-q8vvk-1381952471
2019-09-23 17:53:16,075 [pool-37-thread-1] INFO  storage.RaftStorage (RaftStorage.java:format(72)) - Storage directory /workdir/hadoop-ozone/integration-test/target/test-dir/MiniOzoneClusterImpl-dd0b3c1f-9e93-41d1-a2ca-e0857f7eafcc/datanode-1/data/ratis/1751e928-7d55-474b-a672-fcbb7b2b7296 has been successfully formatted.
2019-09-23 17:53:16,075 [pool-37-thread-1] INFO  ratis.ContainerStateMachine (ContainerStateMachine.java:loadSnapshot(230)) - group-FCBB7B2B7296: The snapshot info is null. Setting the last applied indexto:(t:0, i:~)
2019-09-23 17:53:16,076 [pool-37-thread-1] INFO  server.RaftServerConfigKeys (ConfUtils.java:logGet(43)) - raft.server.notification.no-leader.timeout = 120s (custom)
2019-09-23 17:53:16,076 [pool-37-thread-1] INFO  server.RaftServerConfigKeys (ConfUtils.java:logGet(43)) - raft.server.log.use.memory = false (default)
2019-09-23 17:53:16,076 [pool-37-thread-1] INFO  server.RaftServerConfigKeys (ConfUtils.java:logGet(43)) - raft.server.log.purge.gap = 1000000 (custom)
2019-09-23 17:53:16,076 [pool-37-thread-1] INFO  server.RaftServerConfigKeys (ConfUtils.java:logGet(43)) - raft.server.log.appender.buffer.byte-limit = 33554432 (custom)
2019-09-23 17:53:16,076 [pool-37-thread-1] INFO  server.RaftServerConfigKeys (ConfUtils.java:logGet(43)) - raft.server.log.segment.size.max = 1048576 (custom)
2019-09-23 17:53:16,077 [pool-37-thread-1] INFO  server.RaftServerConfigKeys (ConfUtils.java:logGet(43)) - raft.server.log.segment.cache.num.max = 2 (custom)
2019-09-23 17:53:16,077 [pool-37-thread-1] INFO  segmented.SegmentedRaftLogWorker (SegmentedRaftLogWorker.java:<init>(172)) - new cb813c6c-38bf-4192-ba89-344db3cd4fce@group-FCBB7B2B7296-SegmentedRaftLogWorker for RaftStorage:Storage Directory /workdir/hadoop-ozone/integration-test/target/test-dir/MiniOzoneClusterImpl-dd0b3c1f-9e93-41d1-a2ca-e0857f7eafcc/datanode-1/data/ratis/1751e928-7d55-474b-a672-fcbb7b2b7296
2019-09-23 17:53:16,081 [pool-37-thread-1] INFO  server.RaftServerConfigKeys (ConfUtils.java:logGet(43)) - raft.server.log.queue.byte-limit = 2147483647 (custom)
2019-09-23 17:53:16,081 [pool-37-thread-1] INFO  server.RaftServerConfigKeys (ConfUtils.java:logGet(43)) - raft.server.log.queue.element-limit = 1024 (custom)
2019-09-23 17:53:16,081 [pool-37-thread-1] INFO  server.RaftServerConfigKeys (ConfUtils.java:logGet(43)) - raft.server.log.segment.size.max = 1048576 (custom)
2019-09-23 17:53:16,081 [pool-37-thread-1] INFO  server.RaftServerConfigKeys (ConfUtils.java:logGet(43)) - raft.server.log.preallocated.size = 16384 (custom)
2019-09-23 17:53:16,081 [pool-37-thread-1] INFO  server.RaftServerConfigKeys (ConfUtils.java:logGet(43)) - raft.server.log.write.buffer.size = 33554432 (custom)
2019-09-23 17:53:16,082 [pool-37-thread-1] INFO  server.RaftServerConfigKeys (ConfUtils.java:logGet(43)) - raft.server.log.force.sync.num = 128 (default)
2019-09-23 17:53:16,082 [pool-37-thread-1] INFO  server.RaftServerConfigKeys (ConfUtils.java:logGet(43)) - raft.server.log.statemachine.data.sync = true (default)
2019-09-23 17:53:16,082 [pool-37-thread-1] INFO  server.RaftServerConfigKeys (ConfUtils.java:logGet(43)) - raft.server.log.statemachine.data.sync.timeout = 10s (default)
2019-09-23 17:53:16,082 [pool-37-thread-1] INFO  server.RaftServerConfigKeys (ConfUtils.java:logGet(43)) - raft.server.log.statemachine.data.sync.timeout.retry = -1 (default)
2019-09-23 17:53:16,082 [pool-37-thread-1] INFO  server.RaftServerConfigKeys (ConfUtils.java:logGet(43)) - raft.server.log.statemachine.data.caching.enabled = true (custom)
2019-09-23 17:53:16,083 [pool-37-thread-1] INFO  segmented.SegmentedRaftLogWorker (SegmentedRaftLogWorker.java:lambda$new$0(132)) - cb813c6c-38bf-4192-ba89-344db3cd4fce@group-FCBB7B2B7296-SegmentedRaftLogWorker: flushIndex: setUnconditionally 0 -> -1
2019-09-23 17:53:16,083 [pool-37-thread-1] INFO  server.RaftServerConfigKeys (ConfUtils.java:logGet(43)) - raft.server.snapshot.auto.trigger.enabled = true (custom)
2019-09-23 17:53:16,083 [pool-37-thread-1] INFO  server.RaftServerConfigKeys (ConfUtils.java:logGet(43)) - raft.server.snapshot.auto.trigger.threshold = 10000 (custom)
2019-09-23 17:53:16,083 [pool-37-thread-1] INFO  server.RaftServerConfigKeys (ConfUtils.java:logGet(43)) - raft.server.snapshot.retention.num.files = 5 (custom)
2019-09-23 17:53:16,084 [pool-37-thread-1] INFO  server.RaftServerConfigKeys (ConfUtils.java:logGet(43)) - raft.server.retrycache.expirytime = 600000ms (custom)
2019-09-23 17:53:16,087 [pool-37-thread-1] INFO  impl.RaftServerImpl (RaftServerImpl.java:start(185)) - cb813c6c-38bf-4192-ba89-344db3cd4fce@group-FCBB7B2B7296: start as a follower, conf=-1: [cb813c6c-38bf-4192-ba89-344db3cd4fce:192.168.5.159:33804], old=null
2019-09-23 17:53:16,088 [pool-37-thread-1] INFO  impl.RaftServerImpl (RaftServerImpl.java:setRole(174)) - cb813c6c-38bf-4192-ba89-344db3cd4fce@group-FCBB7B2B7296: changes role from      null to FOLLOWER at term 0 for startAsFollower
2019-09-23 17:53:16,088 [pool-37-thread-1] INFO  impl.RoleInfo (RoleInfo.java:updateAndGet(143)) - cb813c6c-38bf-4192-ba89-344db3cd4fce: start FollowerState
2019-09-23 17:53:16,088 [pool-37-thread-1] INFO  util.JmxRegister (JmxRegister.java:tryRegister(44)) - Successfully registered JMX Bean with object name Ratis:service=RaftServer,group=group-FCBB7B2B7296,id=cb813c6c-38bf-4192-ba89-344db3cd4fce
2019-09-23 17:53:16,100 [RatisPipelineUtilsThread] INFO  pipeline.PipelineStateManager (PipelineStateManager.java:addPipeline(56)) - Created pipeline Pipeline[ Id: 1751e928-7d55-474b-a672-fcbb7b2b7296, Nodes: cb813c6c-38bf-4192-ba89-344db3cd4fce{ip: 192.168.5.159, host: pr-hdds-2081-trunk-q8vvk-1381952471, networkLocation: /default-rack, certSerialId: null}, Type:RATIS, Factor:ONE, State:OPEN]
2019-09-23 17:53:16,117 [grpc-default-executor-0] INFO  impl.RaftServerProxy (RaftServerProxy.java:addNew(89)) - 167f47c5-7d47-4185-a398-0c9407b8c4b2: addNew group-BE0761945502:[167f47c5-7d47-4185-a398-0c9407b8c4b2:192.168.5.159:33735] returns group-BE0761945502:java.util.concurrent.CompletableFuture@4403c821[Not completed]
2019-09-23 17:53:16,123 [pool-47-thread-1] INFO  impl.RaftServerImpl (RaftServerImpl.java:<init>(95)) - 167f47c5-7d47-4185-a398-0c9407b8c4b2: new RaftServerImpl for group-BE0761945502:[167f47c5-7d47-4185-a398-0c9407b8c4b2:192.168.5.159:33735] with ContainerStateMachine:uninitialized
2019-09-23 17:53:16,123 [pool-47-thread-1] INFO  server.RaftServerConfigKeys (ConfUtils.java:logGet(43)) - raft.server.rpc.timeout.min = 5s (custom)
2019-09-23 17:53:16,123 [pool-47-thread-1] INFO  server.RaftServerConfigKeys (ConfUtils.java:logGet(43)) - raft.server.rpc.timeout.max = 5200ms (custom)
2019-09-23 17:53:16,123 [pool-47-thread-1] INFO  server.RaftServerConfigKeys (ConfUtils.java:logGet(43)) - raft.server.rpcslowness.timeout = 120s (custom)
2019-09-23 17:53:16,124 [pool-47-thread-1] INFO  server.RaftServerConfigKeys (ConfUtils.java:logGet(43)) - raft.server.sleep.deviation.threshold = 300 (default)
2019-09-23 17:53:16,124 [pool-47-thread-1] INFO  server.RaftServerConfigKeys (ConfUtils.java:logGet(43)) - raft.server.log.appender.install.snapshot.enabled = false (custom)
2019-09-23 17:53:16,124 [pool-47-thread-1] INFO  impl.RaftServerImpl (ServerState.java:<init>(103)) - 167f47c5-7d47-4185-a398-0c9407b8c4b2@group-BE0761945502: ConfigurationManager, init=-1: [167f47c5-7d47-4185-a398-0c9407b8c4b2:192.168.5.159:33735], old=null, confs=<EMPTY_MAP>
2019-09-23 17:53:16,124 [pool-47-thread-1] INFO  server.RaftServerConfigKeys (ConfUtils.java:logGet(43)) - raft.server.storage.dir = [/workdir/hadoop-ozone/integration-test/target/test-dir/MiniOzoneClusterImpl-dd0b3c1f-9e93-41d1-a2ca-e0857f7eafcc/datanode-2/data/ratis] (custom)
2019-09-23 17:53:16,125 [pool-47-thread-1] INFO  storage.RaftStorageDirectory (RaftStorageDirectory.java:analyzeStorage(246)) - The storage directory /workdir/hadoop-ozone/integration-test/target/test-dir/MiniOzoneClusterImpl-dd0b3c1f-9e93-41d1-a2ca-e0857f7eafcc/datanode-2/data/ratis/d4985755-a999-4cff-9dab-be0761945502 does not exist. Creating ...
2019-09-23 17:53:16,150 [pool-47-thread-1] INFO  storage.RaftStorageDirectory (RaftStorageDirectory.java:tryLock(328)) - Lock on /workdir/hadoop-ozone/integration-test/target/test-dir/MiniOzoneClusterImpl-dd0b3c1f-9e93-41d1-a2ca-e0857f7eafcc/datanode-2/data/ratis/d4985755-a999-4cff-9dab-be0761945502/in_use.lock acquired by nodename 31141@pr-hdds-2081-trunk-q8vvk-1381952471
2019-09-23 17:53:16,163 [pool-47-thread-1] INFO  storage.RaftStorage (RaftStorage.java:format(72)) - Storage directory /workdir/hadoop-ozone/integration-test/target/test-dir/MiniOzoneClusterImpl-dd0b3c1f-9e93-41d1-a2ca-e0857f7eafcc/datanode-2/data/ratis/d4985755-a999-4cff-9dab-be0761945502 has been successfully formatted.
2019-09-23 17:53:16,163 [pool-47-thread-1] INFO  ratis.ContainerStateMachine (ContainerStateMachine.java:loadSnapshot(230)) - group-BE0761945502: The snapshot info is null. Setting the last applied indexto:(t:0, i:~)
2019-09-23 17:53:16,163 [pool-47-thread-1] INFO  server.RaftServerConfigKeys (ConfUtils.java:logGet(43)) - raft.server.notification.no-leader.timeout = 120s (custom)
2019-09-23 17:53:16,164 [pool-47-thread-1] INFO  server.RaftServerConfigKeys (ConfUtils.java:logGet(43)) - raft.server.log.use.memory = false (default)
2019-09-23 17:53:16,164 [pool-47-thread-1] INFO  server.RaftServerConfigKeys (ConfUtils.java:logGet(43)) - raft.server.log.purge.gap = 1000000 (custom)
2019-09-23 17:53:16,164 [pool-47-thread-1] INFO  server.RaftServerConfigKeys (ConfUtils.java:logGet(43)) - raft.server.log.appender.buffer.byte-limit = 33554432 (custom)
2019-09-23 17:53:16,164 [pool-47-thread-1] INFO  server.RaftServerConfigKeys (ConfUtils.java:logGet(43)) - raft.server.log.segment.size.max = 1048576 (custom)
2019-09-23 17:53:16,164 [pool-47-thread-1] INFO  server.RaftServerConfigKeys (ConfUtils.java:logGet(43)) - raft.server.log.segment.cache.num.max = 2 (custom)
2019-09-23 17:53:16,165 [pool-47-thread-1] INFO  segmented.SegmentedRaftLogWorker (SegmentedRaftLogWorker.java:<init>(172)) - new 167f47c5-7d47-4185-a398-0c9407b8c4b2@group-BE0761945502-SegmentedRaftLogWorker for RaftStorage:Storage Directory /workdir/hadoop-ozone/integration-test/target/test-dir/MiniOzoneClusterImpl-dd0b3c1f-9e93-41d1-a2ca-e0857f7eafcc/datanode-2/data/ratis/d4985755-a999-4cff-9dab-be0761945502
2019-09-23 17:53:16,168 [pool-47-thread-1] INFO  server.RaftServerConfigKeys (ConfUtils.java:logGet(43)) - raft.server.log.queue.byte-limit = 2147483647 (custom)
2019-09-23 17:53:16,168 [pool-47-thread-1] INFO  server.RaftServerConfigKeys (ConfUtils.java:logGet(43)) - raft.server.log.queue.element-limit = 1024 (custom)
2019-09-23 17:53:16,169 [pool-47-thread-1] INFO  server.RaftServerConfigKeys (ConfUtils.java:logGet(43)) - raft.server.log.segment.size.max = 1048576 (custom)
2019-09-23 17:53:16,169 [pool-47-thread-1] INFO  server.RaftServerConfigKeys (ConfUtils.java:logGet(43)) - raft.server.log.preallocated.size = 16384 (custom)
2019-09-23 17:53:16,169 [pool-47-thread-1] INFO  server.RaftServerConfigKeys (ConfUtils.java:logGet(43)) - raft.server.log.write.buffer.size = 33554432 (custom)
2019-09-23 17:53:16,169 [pool-47-thread-1] INFO  server.RaftServerConfigKeys (ConfUtils.java:logGet(43)) - raft.server.log.force.sync.num = 128 (default)
2019-09-23 17:53:16,169 [pool-47-thread-1] INFO  server.RaftServerConfigKeys (ConfUtils.java:logGet(43)) - raft.server.log.statemachine.data.sync = true (default)
2019-09-23 17:53:16,169 [pool-47-thread-1] INFO  server.RaftServerConfigKeys (ConfUtils.java:logGet(43)) - raft.server.log.statemachine.data.sync.timeout = 10s (default)
2019-09-23 17:53:16,170 [pool-47-thread-1] INFO  server.RaftServerConfigKeys (ConfUtils.java:logGet(43)) - raft.server.log.statemachine.data.sync.timeout.retry = -1 (default)
2019-09-23 17:53:16,170 [pool-47-thread-1] INFO  server.RaftServerConfigKeys (ConfUtils.java:logGet(43)) - raft.server.log.statemachine.data.caching.enabled = true (custom)
2019-09-23 17:53:16,170 [pool-47-thread-1] INFO  segmented.SegmentedRaftLogWorker (SegmentedRaftLogWorker.java:lambda$new$0(132)) - 167f47c5-7d47-4185-a398-0c9407b8c4b2@group-BE0761945502-SegmentedRaftLogWorker: flushIndex: setUnconditionally 0 -> -1
2019-09-23 17:53:16,171 [pool-47-thread-1] INFO  server.RaftServerConfigKeys (ConfUtils.java:logGet(43)) - raft.server.snapshot.auto.trigger.enabled = true (custom)
2019-09-23 17:53:16,171 [pool-47-thread-1] INFO  server.RaftServerConfigKeys (ConfUtils.java:logGet(43)) - raft.server.snapshot.auto.trigger.threshold = 10000 (custom)
2019-09-23 17:53:16,171 [pool-47-thread-1] INFO  server.RaftServerConfigKeys (ConfUtils.java:logGet(43)) - raft.server.snapshot.retention.num.files = 5 (custom)
2019-09-23 17:53:16,172 [pool-47-thread-1] INFO  server.RaftServerConfigKeys (ConfUtils.java:logGet(43)) - raft.server.retrycache.expirytime = 600000ms (custom)
2019-09-23 17:53:16,175 [pool-47-thread-1] INFO  impl.RaftServerImpl (RaftServerImpl.java:start(185)) - 167f47c5-7d47-4185-a398-0c9407b8c4b2@group-BE0761945502: start as a follower, conf=-1: [167f47c5-7d47-4185-a398-0c9407b8c4b2:192.168.5.159:33735], old=null
2019-09-23 17:53:16,175 [pool-47-thread-1] INFO  impl.RaftServerImpl (RaftServerImpl.java:setRole(174)) - 167f47c5-7d47-4185-a398-0c9407b8c4b2@group-BE0761945502: changes role from      null to FOLLOWER at term 0 for startAsFollower
2019-09-23 17:53:16,175 [pool-47-thread-1] INFO  impl.RoleInfo (RoleInfo.java:updateAndGet(143)) - 167f47c5-7d47-4185-a398-0c9407b8c4b2: start FollowerState
2019-09-23 17:53:16,176 [pool-47-thread-1] INFO  util.JmxRegister (JmxRegister.java:tryRegister(44)) - Successfully registered JMX Bean with object name Ratis:service=RaftServer,group=group-BE0761945502,id=167f47c5-7d47-4185-a398-0c9407b8c4b2
2019-09-23 17:53:16,197 [RatisPipelineUtilsThread] INFO  pipeline.PipelineStateManager (PipelineStateManager.java:addPipeline(56)) - Created pipeline Pipeline[ Id: d4985755-a999-4cff-9dab-be0761945502, Nodes: 167f47c5-7d47-4185-a398-0c9407b8c4b2{ip: 192.168.5.159, host: pr-hdds-2081-trunk-q8vvk-1381952471, networkLocation: /default-rack, certSerialId: null}, Type:RATIS, Factor:ONE, State:OPEN]
2019-09-23 17:53:16,241 [grpc-default-executor-1] INFO  impl.RaftServerProxy (RaftServerProxy.java:addNew(89)) - 693c1cfc-82ae-4a28-a759-f118ca34e4f1: addNew group-72DD09B001F9:[c90e0185-0a25-4df3-88d5-3e8995e9995d:192.168.5.159:45395, f69d10d6-6fe6-4100-a250-32c3e6d10aea:192.168.5.159:45380, 693c1cfc-82ae-4a28-a759-f118ca34e4f1:192.168.5.159:42959] returns group-72DD09B001F9:java.util.concurrent.CompletableFuture@32df2eb5[Not completed]
2019-09-23 17:53:16,241 [grpc-default-executor-2] INFO  impl.RaftServerProxy (RaftServerProxy.java:addNew(89)) - f69d10d6-6fe6-4100-a250-32c3e6d10aea: addNew group-72DD09B001F9:[c90e0185-0a25-4df3-88d5-3e8995e9995d:192.168.5.159:45395, f69d10d6-6fe6-4100-a250-32c3e6d10aea:192.168.5.159:45380, 693c1cfc-82ae-4a28-a759-f118ca34e4f1:192.168.5.159:42959] returns group-72DD09B001F9:java.util.concurrent.CompletableFuture@5413f7ab[Not completed]
2019-09-23 17:53:16,245 [pool-77-thread-1] INFO  impl.RaftServerImpl (RaftServerImpl.java:<init>(95)) - 693c1cfc-82ae-4a28-a759-f118ca34e4f1: new RaftServerImpl for group-72DD09B001F9:[c90e0185-0a25-4df3-88d5-3e8995e9995d:192.168.5.159:45395, f69d10d6-6fe6-4100-a250-32c3e6d10aea:192.168.5.159:45380, 693c1cfc-82ae-4a28-a759-f118ca34e4f1:192.168.5.159:42959] with ContainerStateMachine:uninitialized
2019-09-23 17:53:16,245 [pool-77-thread-1] INFO  server.RaftServerConfigKeys (ConfUtils.java:logGet(43)) - raft.server.rpc.timeout.min = 5s (custom)
2019-09-23 17:53:16,246 [grpc-default-executor-2] INFO  impl.RaftServerProxy (RaftServerProxy.java:addNew(89)) - c90e0185-0a25-4df3-88d5-3e8995e9995d: addNew group-72DD09B001F9:[c90e0185-0a25-4df3-88d5-3e8995e9995d:192.168.5.159:45395, f69d10d6-6fe6-4100-a250-32c3e6d10aea:192.168.5.159:45380, 693c1cfc-82ae-4a28-a759-f118ca34e4f1:192.168.5.159:42959] returns group-72DD09B001F9:java.util.concurrent.CompletableFuture@1111634d[Not completed]
2019-09-23 17:53:16,246 [pool-77-thread-1] INFO  server.RaftServerConfigKeys (ConfUtils.java:logGet(43)) - raft.server.rpc.timeout.max = 5200ms (custom)
2019-09-23 17:53:16,246 [pool-77-thread-1] INFO  server.RaftServerConfigKeys (ConfUtils.java:logGet(43)) - raft.server.rpcslowness.timeout = 120s (custom)
2019-09-23 17:53:16,246 [pool-77-thread-1] INFO  server.RaftServerConfigKeys (ConfUtils.java:logGet(43)) - raft.server.sleep.deviation.threshold = 300 (default)
2019-09-23 17:53:16,246 [pool-77-thread-1] INFO  server.RaftServerConfigKeys (ConfUtils.java:logGet(43)) - raft.server.log.appender.install.snapshot.enabled = false (custom)
2019-09-23 17:53:16,246 [pool-57-thread-1] INFO  impl.RaftServerImpl (RaftServerImpl.java:<init>(95)) - f69d10d6-6fe6-4100-a250-32c3e6d10aea: new RaftServerImpl for group-72DD09B001F9:[c90e0185-0a25-4df3-88d5-3e8995e9995d:192.168.5.159:45395, f69d10d6-6fe6-4100-a250-32c3e6d10aea:192.168.5.159:45380, 693c1cfc-82ae-4a28-a759-f118ca34e4f1:192.168.5.159:42959] with ContainerStateMachine:uninitialized
2019-09-23 17:53:16,247 [pool-77-thread-1] INFO  impl.RaftServerImpl (ServerState.java:<init>(103)) - 693c1cfc-82ae-4a28-a759-f118ca34e4f1@group-72DD09B001F9: ConfigurationManager, init=-1: [c90e0185-0a25-4df3-88d5-3e8995e9995d:192.168.5.159:45395, f69d10d6-6fe6-4100-a250-32c3e6d10aea:192.168.5.159:45380, 693c1cfc-82ae-4a28-a759-f118ca34e4f1:192.168.5.159:42959], old=null, confs=<EMPTY_MAP>
2019-09-23 17:53:16,247 [pool-57-thread-1] INFO  server.RaftServerConfigKeys (ConfUtils.java:logGet(43)) - raft.server.rpc.timeout.min = 5s (custom)
2019-09-23 17:53:16,247 [pool-77-thread-1] INFO  server.RaftServerConfigKeys (ConfUtils.java:logGet(43)) - raft.server.storage.dir = [/workdir/hadoop-ozone/integration-test/target/test-dir/MiniOzoneClusterImpl-dd0b3c1f-9e93-41d1-a2ca-e0857f7eafcc/datanode-5/data/ratis] (custom)
2019-09-23 17:53:16,247 [pool-57-thread-1] INFO  server.RaftServerConfigKeys (ConfUtils.java:logGet(43)) - raft.server.rpc.timeout.max = 5200ms (custom)
2019-09-23 17:53:16,247 [pool-57-thread-1] INFO  server.RaftServerConfigKeys (ConfUtils.java:logGet(43)) - raft.server.rpcslowness.timeout = 120s (custom)
2019-09-23 17:53:16,248 [pool-57-thread-1] INFO  server.RaftServerConfigKeys (ConfUtils.java:logGet(43)) - raft.server.sleep.deviation.threshold = 300 (default)
2019-09-23 17:53:16,248 [pool-77-thread-1] INFO  storage.RaftStorageDirectory (RaftStorageDirectory.java:analyzeStorage(246)) - The storage directory /workdir/hadoop-ozone/integration-test/target/test-dir/MiniOzoneClusterImpl-dd0b3c1f-9e93-41d1-a2ca-e0857f7eafcc/datanode-5/data/ratis/671dad62-ed18-4f16-a09a-72dd09b001f9 does not exist. Creating ...
2019-09-23 17:53:16,248 [pool-27-thread-1] INFO  impl.RaftServerImpl (RaftServerImpl.java:<init>(95)) - c90e0185-0a25-4df3-88d5-3e8995e9995d: new RaftServerImpl for group-72DD09B001F9:[c90e0185-0a25-4df3-88d5-3e8995e9995d:192.168.5.159:45395, f69d10d6-6fe6-4100-a250-32c3e6d10aea:192.168.5.159:45380, 693c1cfc-82ae-4a28-a759-f118ca34e4f1:192.168.5.159:42959] with ContainerStateMachine:uninitialized
2019-09-23 17:53:16,248 [pool-57-thread-1] INFO  server.RaftServerConfigKeys (ConfUtils.java:logGet(43)) - raft.server.log.appender.install.snapshot.enabled = false (custom)
2019-09-23 17:53:16,248 [pool-27-thread-1] INFO  server.RaftServerConfigKeys (ConfUtils.java:logGet(43)) - raft.server.rpc.timeout.min = 5s (custom)
2019-09-23 17:53:16,248 [pool-57-thread-1] INFO  impl.RaftServerImpl (ServerState.java:<init>(103)) - f69d10d6-6fe6-4100-a250-32c3e6d10aea@group-72DD09B001F9: ConfigurationManager, init=-1: [c90e0185-0a25-4df3-88d5-3e8995e9995d:192.168.5.159:45395, f69d10d6-6fe6-4100-a250-32c3e6d10aea:192.168.5.159:45380, 693c1cfc-82ae-4a28-a759-f118ca34e4f1:192.168.5.159:42959], old=null, confs=<EMPTY_MAP>
2019-09-23 17:53:16,248 [pool-27-thread-1] INFO  server.RaftServerConfigKeys (ConfUtils.java:logGet(43)) - raft.server.rpc.timeout.max = 5200ms (custom)
2019-09-23 17:53:16,249 [pool-57-thread-1] INFO  server.RaftServerConfigKeys (ConfUtils.java:logGet(43)) - raft.server.storage.dir = [/workdir/hadoop-ozone/integration-test/target/test-dir/MiniOzoneClusterImpl-dd0b3c1f-9e93-41d1-a2ca-e0857f7eafcc/datanode-3/data/ratis] (custom)
2019-09-23 17:53:16,249 [pool-27-thread-1] INFO  server.RaftServerConfigKeys (ConfUtils.java:logGet(43)) - raft.server.rpcslowness.timeout = 120s (custom)
2019-09-23 17:53:16,249 [pool-27-thread-1] INFO  server.RaftServerConfigKeys (ConfUtils.java:logGet(43)) - raft.server.sleep.deviation.threshold = 300 (default)
2019-09-23 17:53:16,249 [pool-57-thread-1] INFO  storage.RaftStorageDirectory (RaftStorageDirectory.java:analyzeStorage(246)) - The storage directory /workdir/hadoop-ozone/integration-test/target/test-dir/MiniOzoneClusterImpl-dd0b3c1f-9e93-41d1-a2ca-e0857f7eafcc/datanode-3/data/ratis/671dad62-ed18-4f16-a09a-72dd09b001f9 does not exist. Creating ...
2019-09-23 17:53:16,249 [pool-27-thread-1] INFO  server.RaftServerConfigKeys (ConfUtils.java:logGet(43)) - raft.server.log.appender.install.snapshot.enabled = false (custom)
2019-09-23 17:53:16,249 [pool-27-thread-1] INFO  impl.RaftServerImpl (ServerState.java:<init>(103)) - c90e0185-0a25-4df3-88d5-3e8995e9995d@group-72DD09B001F9: ConfigurationManager, init=-1: [c90e0185-0a25-4df3-88d5-3e8995e9995d:192.168.5.159:45395, f69d10d6-6fe6-4100-a250-32c3e6d10aea:192.168.5.159:45380, 693c1cfc-82ae-4a28-a759-f118ca34e4f1:192.168.5.159:42959], old=null, confs=<EMPTY_MAP>
2019-09-23 17:53:16,250 [pool-27-thread-1] INFO  server.RaftServerConfigKeys (ConfUtils.java:logGet(43)) - raft.server.storage.dir = [/workdir/hadoop-ozone/integration-test/target/test-dir/MiniOzoneClusterImpl-dd0b3c1f-9e93-41d1-a2ca-e0857f7eafcc/datanode-0/data/ratis] (custom)
2019-09-23 17:53:16,250 [pool-27-thread-1] INFO  storage.RaftStorageDirectory (RaftStorageDirectory.java:analyzeStorage(246)) - The storage directory /workdir/hadoop-ozone/integration-test/target/test-dir/MiniOzoneClusterImpl-dd0b3c1f-9e93-41d1-a2ca-e0857f7eafcc/datanode-0/data/ratis/671dad62-ed18-4f16-a09a-72dd09b001f9 does not exist. Creating ...
2019-09-23 17:53:16,265 [pool-77-thread-1] INFO  storage.RaftStorageDirectory (RaftStorageDirectory.java:tryLock(328)) - Lock on /workdir/hadoop-ozone/integration-test/target/test-dir/MiniOzoneClusterImpl-dd0b3c1f-9e93-41d1-a2ca-e0857f7eafcc/datanode-5/data/ratis/671dad62-ed18-4f16-a09a-72dd09b001f9/in_use.lock acquired by nodename 31141@pr-hdds-2081-trunk-q8vvk-1381952471
2019-09-23 17:53:16,265 [pool-27-thread-1] INFO  storage.RaftStorageDirectory (RaftStorageDirectory.java:tryLock(328)) - Lock on /workdir/hadoop-ozone/integration-test/target/test-dir/MiniOzoneClusterImpl-dd0b3c1f-9e93-41d1-a2ca-e0857f7eafcc/datanode-0/data/ratis/671dad62-ed18-4f16-a09a-72dd09b001f9/in_use.lock acquired by nodename 31141@pr-hdds-2081-trunk-q8vvk-1381952471
2019-09-23 17:53:16,265 [pool-57-thread-1] INFO  storage.RaftStorageDirectory (RaftStorageDirectory.java:tryLock(328)) - Lock on /workdir/hadoop-ozone/integration-test/target/test-dir/MiniOzoneClusterImpl-dd0b3c1f-9e93-41d1-a2ca-e0857f7eafcc/datanode-3/data/ratis/671dad62-ed18-4f16-a09a-72dd09b001f9/in_use.lock acquired by nodename 31141@pr-hdds-2081-trunk-q8vvk-1381952471
2019-09-23 17:53:16,271 [pool-27-thread-1] INFO  storage.RaftStorage (RaftStorage.java:format(72)) - Storage directory /workdir/hadoop-ozone/integration-test/target/test-dir/MiniOzoneClusterImpl-dd0b3c1f-9e93-41d1-a2ca-e0857f7eafcc/datanode-0/data/ratis/671dad62-ed18-4f16-a09a-72dd09b001f9 has been successfully formatted.
2019-09-23 17:53:16,271 [pool-77-thread-1] INFO  storage.RaftStorage (RaftStorage.java:format(72)) - Storage directory /workdir/hadoop-ozone/integration-test/target/test-dir/MiniOzoneClusterImpl-dd0b3c1f-9e93-41d1-a2ca-e0857f7eafcc/datanode-5/data/ratis/671dad62-ed18-4f16-a09a-72dd09b001f9 has been successfully formatted.
2019-09-23 17:53:16,271 [pool-57-thread-1] INFO  storage.RaftStorage (RaftStorage.java:format(72)) - Storage directory /workdir/hadoop-ozone/integration-test/target/test-dir/MiniOzoneClusterImpl-dd0b3c1f-9e93-41d1-a2ca-e0857f7eafcc/datanode-3/data/ratis/671dad62-ed18-4f16-a09a-72dd09b001f9 has been successfully formatted.
2019-09-23 17:53:16,272 [pool-77-thread-1] INFO  ratis.ContainerStateMachine (ContainerStateMachine.java:loadSnapshot(230)) - group-72DD09B001F9: The snapshot info is null. Setting the last applied indexto:(t:0, i:~)
2019-09-23 17:53:16,271 [pool-27-thread-1] INFO  ratis.ContainerStateMachine (ContainerStateMachine.java:loadSnapshot(230)) - group-72DD09B001F9: The snapshot info is null. Setting the last applied indexto:(t:0, i:~)
2019-09-23 17:53:16,272 [pool-77-thread-1] INFO  server.RaftServerConfigKeys (ConfUtils.java:logGet(43)) - raft.server.notification.no-leader.timeout = 120s (custom)
2019-09-23 17:53:16,272 [pool-57-thread-1] INFO  ratis.ContainerStateMachine (ContainerStateMachine.java:loadSnapshot(230)) - group-72DD09B001F9: The snapshot info is null. Setting the last applied indexto:(t:0, i:~)
2019-09-23 17:53:16,272 [pool-77-thread-1] INFO  server.RaftServerConfigKeys (ConfUtils.java:logGet(43)) - raft.server.log.use.memory = false (default)
2019-09-23 17:53:16,272 [pool-27-thread-1] INFO  server.RaftServerConfigKeys (ConfUtils.java:logGet(43)) - raft.server.notification.no-leader.timeout = 120s (custom)
2019-09-23 17:53:16,273 [pool-77-thread-1] INFO  server.RaftServerConfigKeys (ConfUtils.java:logGet(43)) - raft.server.log.purge.gap = 1000000 (custom)
2019-09-23 17:53:16,272 [pool-57-thread-1] INFO  server.RaftServerConfigKeys (ConfUtils.java:logGet(43)) - raft.server.notification.no-leader.timeout = 120s (custom)
2019-09-23 17:53:16,273 [pool-77-thread-1] INFO  server.RaftServerConfigKeys (ConfUtils.java:logGet(43)) - raft.server.log.appender.buffer.byte-limit = 33554432 (custom)
2019-09-23 17:53:16,273 [pool-27-thread-1] INFO  server.RaftServerConfigKeys (ConfUtils.java:logGet(43)) - raft.server.log.use.memory = false (default)
2019-09-23 17:53:16,273 [pool-77-thread-1] INFO  server.RaftServerConfigKeys (ConfUtils.java:logGet(43)) - raft.server.log.segment.size.max = 1048576 (custom)
2019-09-23 17:53:16,273 [pool-57-thread-1] INFO  server.RaftServerConfigKeys (ConfUtils.java:logGet(43)) - raft.server.log.use.memory = false (default)
2019-09-23 17:53:16,274 [pool-77-thread-1] INFO  server.RaftServerConfigKeys (ConfUtils.java:logGet(43)) - raft.server.log.segment.cache.num.max = 2 (custom)
2019-09-23 17:53:16,274 [pool-27-thread-1] INFO  server.RaftServerConfigKeys (ConfUtils.java:logGet(43)) - raft.server.log.purge.gap = 1000000 (custom)
2019-09-23 17:53:16,274 [pool-77-thread-1] INFO  segmented.SegmentedRaftLogWorker (SegmentedRaftLogWorker.java:<init>(172)) - new 693c1cfc-82ae-4a28-a759-f118ca34e4f1@group-72DD09B001F9-SegmentedRaftLogWorker for RaftStorage:Storage Directory /workdir/hadoop-ozone/integration-test/target/test-dir/MiniOzoneClusterImpl-dd0b3c1f-9e93-41d1-a2ca-e0857f7eafcc/datanode-5/data/ratis/671dad62-ed18-4f16-a09a-72dd09b001f9
2019-09-23 17:53:16,274 [pool-57-thread-1] INFO  server.RaftServerConfigKeys (ConfUtils.java:logGet(43)) - raft.server.log.purge.gap = 1000000 (custom)
2019-09-23 17:53:16,275 [pool-77-thread-1] INFO  server.RaftServerConfigKeys (ConfUtils.java:logGet(43)) - raft.server.log.queue.byte-limit = 2147483647 (custom)
2019-09-23 17:53:16,274 [pool-27-thread-1] INFO  server.RaftServerConfigKeys (ConfUtils.java:logGet(43)) - raft.server.log.appender.buffer.byte-limit = 33554432 (custom)
2019-09-23 17:53:16,275 [pool-77-thread-1] INFO  server.RaftServerConfigKeys (ConfUtils.java:logGet(43)) - raft.server.log.queue.element-limit = 1024 (custom)
2019-09-23 17:53:16,275 [pool-57-thread-1] INFO  server.RaftServerConfigKeys (ConfUtils.java:logGet(43)) - raft.server.log.appender.buffer.byte-limit = 33554432 (custom)
2019-09-23 17:53:16,275 [pool-77-thread-1] INFO  server.RaftServerConfigKeys (ConfUtils.java:logGet(43)) - raft.server.log.segment.size.max = 1048576 (custom)
2019-09-23 17:53:16,275 [pool-27-thread-1] INFO  server.RaftServerConfigKeys (ConfUtils.java:logGet(43)) - raft.server.log.segment.size.max = 1048576 (custom)
2019-09-23 17:53:16,276 [pool-77-thread-1] INFO  server.RaftServerConfigKeys (ConfUtils.java:logGet(43)) - raft.server.log.preallocated.size = 16384 (custom)
2019-09-23 17:53:16,276 [pool-57-thread-1] INFO  server.RaftServerConfigKeys (ConfUtils.java:logGet(43)) - raft.server.log.segment.size.max = 1048576 (custom)
2019-09-23 17:53:16,276 [pool-77-thread-1] INFO  server.RaftServerConfigKeys (ConfUtils.java:logGet(43)) - raft.server.log.write.buffer.size = 33554432 (custom)
2019-09-23 17:53:16,276 [pool-27-thread-1] INFO  server.RaftServerConfigKeys (ConfUtils.java:logGet(43)) - raft.server.log.segment.cache.num.max = 2 (custom)
2019-09-23 17:53:16,276 [pool-77-thread-1] INFO  server.RaftServerConfigKeys (ConfUtils.java:logGet(43)) - raft.server.log.force.sync.num = 128 (default)
2019-09-23 17:53:16,277 [pool-77-thread-1] INFO  server.RaftServerConfigKeys (ConfUtils.java:logGet(43)) - raft.server.log.statemachine.data.sync = true (default)
2019-09-23 17:53:16,276 [pool-57-thread-1] INFO  server.RaftServerConfigKeys (ConfUtils.java:logGet(43)) - raft.server.log.segment.cache.num.max = 2 (custom)
2019-09-23 17:53:16,277 [pool-77-thread-1] INFO  server.RaftServerConfigKeys (ConfUtils.java:logGet(43)) - raft.server.log.statemachine.data.sync.timeout = 10s (default)
2019-09-23 17:53:16,277 [pool-27-thread-1] INFO  segmented.SegmentedRaftLogWorker (SegmentedRaftLogWorker.java:<init>(172)) - new c90e0185-0a25-4df3-88d5-3e8995e9995d@group-72DD09B001F9-SegmentedRaftLogWorker for RaftStorage:Storage Directory /workdir/hadoop-ozone/integration-test/target/test-dir/MiniOzoneClusterImpl-dd0b3c1f-9e93-41d1-a2ca-e0857f7eafcc/datanode-0/data/ratis/671dad62-ed18-4f16-a09a-72dd09b001f9
2019-09-23 17:53:16,277 [pool-77-thread-1] INFO  server.RaftServerConfigKeys (ConfUtils.java:logGet(43)) - raft.server.log.statemachine.data.sync.timeout.retry = -1 (default)
2019-09-23 17:53:16,277 [pool-57-thread-1] INFO  segmented.SegmentedRaftLogWorker (SegmentedRaftLogWorker.java:<init>(172)) - new f69d10d6-6fe6-4100-a250-32c3e6d10aea@group-72DD09B001F9-SegmentedRaftLogWorker for RaftStorage:Storage Directory /workdir/hadoop-ozone/integration-test/target/test-dir/MiniOzoneClusterImpl-dd0b3c1f-9e93-41d1-a2ca-e0857f7eafcc/datanode-3/data/ratis/671dad62-ed18-4f16-a09a-72dd09b001f9
2019-09-23 17:53:16,278 [pool-77-thread-1] INFO  server.RaftServerConfigKeys (ConfUtils.java:logGet(43)) - raft.server.log.statemachine.data.caching.enabled = true (custom)
2019-09-23 17:53:16,278 [pool-27-thread-1] INFO  server.RaftServerConfigKeys (ConfUtils.java:logGet(43)) - raft.server.log.queue.byte-limit = 2147483647 (custom)
2019-09-23 17:53:16,278 [pool-77-thread-1] INFO  segmented.SegmentedRaftLogWorker (SegmentedRaftLogWorker.java:lambda$new$0(132)) - 693c1cfc-82ae-4a28-a759-f118ca34e4f1@group-72DD09B001F9-SegmentedRaftLogWorker: flushIndex: setUnconditionally 0 -> -1
2019-09-23 17:53:16,278 [pool-57-thread-1] INFO  server.RaftServerConfigKeys (ConfUtils.java:logGet(43)) - raft.server.log.queue.byte-limit = 2147483647 (custom)
2019-09-23 17:53:16,278 [pool-27-thread-1] INFO  server.RaftServerConfigKeys (ConfUtils.java:logGet(43)) - raft.server.log.queue.element-limit = 1024 (custom)
2019-09-23 17:53:16,279 [pool-57-thread-1] INFO  server.RaftServerConfigKeys (ConfUtils.java:logGet(43)) - raft.server.log.queue.element-limit = 1024 (custom)
2019-09-23 17:53:16,279 [pool-77-thread-1] INFO  server.RaftServerConfigKeys (ConfUtils.java:logGet(43)) - raft.server.snapshot.auto.trigger.enabled = true (custom)
2019-09-23 17:53:16,279 [pool-57-thread-1] INFO  server.RaftServerConfigKeys (ConfUtils.java:logGet(43)) - raft.server.log.segment.size.max = 1048576 (custom)
2019-09-23 17:53:16,279 [pool-27-thread-1] INFO  server.RaftServerConfigKeys (ConfUtils.java:logGet(43)) - raft.server.log.segment.size.max = 1048576 (custom)
2019-09-23 17:53:16,279 [pool-57-thread-1] INFO  server.RaftServerConfigKeys (ConfUtils.java:logGet(43)) - raft.server.log.preallocated.size = 16384 (custom)
2019-09-23 17:53:16,279 [pool-77-thread-1] INFO  server.RaftServerConfigKeys (ConfUtils.java:logGet(43)) - raft.server.snapshot.auto.trigger.threshold = 10000 (custom)
2019-09-23 17:53:16,280 [pool-57-thread-1] INFO  server.RaftServerConfigKeys (ConfUtils.java:logGet(43)) - raft.server.log.write.buffer.size = 33554432 (custom)
2019-09-23 17:53:16,280 [pool-27-thread-1] INFO  server.RaftServerConfigKeys (ConfUtils.java:logGet(43)) - raft.server.log.preallocated.size = 16384 (custom)
2019-09-23 17:53:16,280 [pool-57-thread-1] INFO  server.RaftServerConfigKeys (ConfUtils.java:logGet(43)) - raft.server.log.force.sync.num = 128 (default)
2019-09-23 17:53:16,280 [pool-77-thread-1] INFO  server.RaftServerConfigKeys (ConfUtils.java:logGet(43)) - raft.server.snapshot.retention.num.files = 5 (custom)
2019-09-23 17:53:16,280 [pool-57-thread-1] INFO  server.RaftServerConfigKeys (ConfUtils.java:logGet(43)) - raft.server.log.statemachine.data.sync = true (default)
2019-09-23 17:53:16,280 [pool-27-thread-1] INFO  server.RaftServerConfigKeys (ConfUtils.java:logGet(43)) - raft.server.log.write.buffer.size = 33554432 (custom)
2019-09-23 17:53:16,281 [pool-57-thread-1] INFO  server.RaftServerConfigKeys (ConfUtils.java:logGet(43)) - raft.server.log.statemachine.data.sync.timeout = 10s (default)
2019-09-23 17:53:16,281 [pool-77-thread-1] INFO  server.RaftServerConfigKeys (ConfUtils.java:logGet(43)) - raft.server.retrycache.expirytime = 600000ms (custom)
2019-09-23 17:53:16,281 [pool-57-thread-1] INFO  server.RaftServerConfigKeys (ConfUtils.java:logGet(43)) - raft.server.log.statemachine.data.sync.timeout.retry = -1 (default)
2019-09-23 17:53:16,281 [pool-27-thread-1] INFO  server.RaftServerConfigKeys (ConfUtils.java:logGet(43)) - raft.server.log.force.sync.num = 128 (default)
2019-09-23 17:53:16,282 [pool-57-thread-1] INFO  server.RaftServerConfigKeys (ConfUtils.java:logGet(43)) - raft.server.log.statemachine.data.caching.enabled = true (custom)
2019-09-23 17:53:16,282 [pool-27-thread-1] INFO  server.RaftServerConfigKeys (ConfUtils.java:logGet(43)) - raft.server.log.statemachine.data.sync = true (default)
2019-09-23 17:53:16,282 [pool-27-thread-1] INFO  server.RaftServerConfigKeys (ConfUtils.java:logGet(43)) - raft.server.log.statemachine.data.sync.timeout = 10s (default)
2019-09-23 17:53:16,282 [pool-57-thread-1] INFO  segmented.SegmentedRaftLogWorker (SegmentedRaftLogWorker.java:lambda$new$0(132)) - f69d10d6-6fe6-4100-a250-32c3e6d10aea@group-72DD09B001F9-SegmentedRaftLogWorker: flushIndex: setUnconditionally 0 -> -1
2019-09-23 17:53:16,282 [pool-27-thread-1] INFO  server.RaftServerConfigKeys (ConfUtils.java:logGet(43)) - raft.server.log.statemachine.data.sync.timeout.retry = -1 (default)
2019-09-23 17:53:16,283 [pool-57-thread-1] INFO  server.RaftServerConfigKeys (ConfUtils.java:logGet(43)) - raft.server.snapshot.auto.trigger.enabled = true (custom)
2019-09-23 17:53:16,283 [pool-27-thread-1] INFO  server.RaftServerConfigKeys (ConfUtils.java:logGet(43)) - raft.server.log.statemachine.data.caching.enabled = true (custom)
2019-09-23 17:53:16,283 [pool-57-thread-1] INFO  server.RaftServerConfigKeys (ConfUtils.java:logGet(43)) - raft.server.snapshot.auto.trigger.threshold = 10000 (custom)
2019-09-23 17:53:16,283 [pool-57-thread-1] INFO  server.RaftServerConfigKeys (ConfUtils.java:logGet(43)) - raft.server.snapshot.retention.num.files = 5 (custom)
2019-09-23 17:53:16,283 [pool-27-thread-1] INFO  segmented.SegmentedRaftLogWorker (SegmentedRaftLogWorker.java:lambda$new$0(132)) - c90e0185-0a25-4df3-88d5-3e8995e9995d@group-72DD09B001F9-SegmentedRaftLogWorker: flushIndex: setUnconditionally 0 -> -1
2019-09-23 17:53:16,283 [pool-57-thread-1] INFO  server.RaftServerConfigKeys (ConfUtils.java:logGet(43)) - raft.server.retrycache.expirytime = 600000ms (custom)
2019-09-23 17:53:16,284 [pool-27-thread-1] INFO  server.RaftServerConfigKeys (ConfUtils.java:logGet(43)) - raft.server.snapshot.auto.trigger.enabled = true (custom)
2019-09-23 17:53:16,284 [pool-27-thread-1] INFO  server.RaftServerConfigKeys (ConfUtils.java:logGet(43)) - raft.server.snapshot.auto.trigger.threshold = 10000 (custom)
2019-09-23 17:53:16,284 [pool-27-thread-1] INFO  server.RaftServerConfigKeys (ConfUtils.java:logGet(43)) - raft.server.snapshot.retention.num.files = 5 (custom)
2019-09-23 17:53:16,284 [pool-27-thread-1] INFO  server.RaftServerConfigKeys (ConfUtils.java:logGet(43)) - raft.server.retrycache.expirytime = 600000ms (custom)
2019-09-23 17:53:16,285 [pool-77-thread-1] INFO  impl.RaftServerImpl (RaftServerImpl.java:start(185)) - 693c1cfc-82ae-4a28-a759-f118ca34e4f1@group-72DD09B001F9: start as a follower, conf=-1: [c90e0185-0a25-4df3-88d5-3e8995e9995d:192.168.5.159:45395, f69d10d6-6fe6-4100-a250-32c3e6d10aea:192.168.5.159:45380, 693c1cfc-82ae-4a28-a759-f118ca34e4f1:192.168.5.159:42959], old=null
2019-09-23 17:53:16,285 [pool-77-thread-1] INFO  impl.RaftServerImpl (RaftServerImpl.java:setRole(174)) - 693c1cfc-82ae-4a28-a759-f118ca34e4f1@group-72DD09B001F9: changes role from      null to FOLLOWER at term 0 for startAsFollower
2019-09-23 17:53:16,285 [pool-77-thread-1] INFO  impl.RoleInfo (RoleInfo.java:updateAndGet(143)) - 693c1cfc-82ae-4a28-a759-f118ca34e4f1: start FollowerState
2019-09-23 17:53:16,286 [pool-77-thread-1] INFO  util.JmxRegister (JmxRegister.java:tryRegister(44)) - Successfully registered JMX Bean with object name Ratis:service=RaftServer,group=group-72DD09B001F9,id=693c1cfc-82ae-4a28-a759-f118ca34e4f1
2019-09-23 17:53:16,292 [pool-57-thread-1] INFO  impl.RaftServerImpl (RaftServerImpl.java:start(185)) - f69d10d6-6fe6-4100-a250-32c3e6d10aea@group-72DD09B001F9: start as a follower, conf=-1: [c90e0185-0a25-4df3-88d5-3e8995e9995d:192.168.5.159:45395, f69d10d6-6fe6-4100-a250-32c3e6d10aea:192.168.5.159:45380, 693c1cfc-82ae-4a28-a759-f118ca34e4f1:192.168.5.159:42959], old=null
2019-09-23 17:53:16,292 [pool-57-thread-1] INFO  impl.RaftServerImpl (RaftServerImpl.java:setRole(174)) - f69d10d6-6fe6-4100-a250-32c3e6d10aea@group-72DD09B001F9: changes role from      null to FOLLOWER at term 0 for startAsFollower
2019-09-23 17:53:16,294 [pool-27-thread-1] INFO  impl.RaftServerImpl (RaftServerImpl.java:start(185)) - c90e0185-0a25-4df3-88d5-3e8995e9995d@group-72DD09B001F9: start as a follower, conf=-1: [c90e0185-0a25-4df3-88d5-3e8995e9995d:192.168.5.159:45395, f69d10d6-6fe6-4100-a250-32c3e6d10aea:192.168.5.159:45380, 693c1cfc-82ae-4a28-a759-f118ca34e4f1:192.168.5.159:42959], old=null
2019-09-23 17:53:16,294 [pool-57-thread-1] INFO  impl.RoleInfo (RoleInfo.java:updateAndGet(143)) - f69d10d6-6fe6-4100-a250-32c3e6d10aea: start FollowerState
2019-09-23 17:53:16,294 [pool-27-thread-1] INFO  impl.RaftServerImpl (RaftServerImpl.java:setRole(174)) - c90e0185-0a25-4df3-88d5-3e8995e9995d@group-72DD09B001F9: changes role from      null to FOLLOWER at term 0 for startAsFollower
2019-09-23 17:53:16,305 [pool-27-thread-1] INFO  impl.RoleInfo (RoleInfo.java:updateAndGet(143)) - c90e0185-0a25-4df3-88d5-3e8995e9995d: start FollowerState
2019-09-23 17:53:16,309 [pool-57-thread-1] INFO  util.JmxRegister (JmxRegister.java:tryRegister(44)) - Successfully registered JMX Bean with object name Ratis:service=RaftServer,group=group-72DD09B001F9,id=f69d10d6-6fe6-4100-a250-32c3e6d10aea
2019-09-23 17:53:16,309 [pool-27-thread-1] INFO  util.JmxRegister (JmxRegister.java:tryRegister(44)) - Successfully registered JMX Bean with object name Ratis:service=RaftServer,group=group-72DD09B001F9,id=c90e0185-0a25-4df3-88d5-3e8995e9995d
2019-09-23 17:53:16,333 [RatisPipelineUtilsThread] INFO  pipeline.PipelineStateManager (PipelineStateManager.java:addPipeline(56)) - Created pipeline Pipeline[ Id: 671dad62-ed18-4f16-a09a-72dd09b001f9, Nodes: 693c1cfc-82ae-4a28-a759-f118ca34e4f1{ip: 192.168.5.159, host: pr-hdds-2081-trunk-q8vvk-1381952471, networkLocation: /default-rack, certSerialId: null}c90e0185-0a25-4df3-88d5-3e8995e9995d{ip: 192.168.5.159, host: pr-hdds-2081-trunk-q8vvk-1381952471, networkLocation: /default-rack, certSerialId: null}f69d10d6-6fe6-4100-a250-32c3e6d10aea{ip: 192.168.5.159, host: pr-hdds-2081-trunk-q8vvk-1381952471, networkLocation: /default-rack, certSerialId: null}, Type:RATIS, Factor:THREE, State:OPEN]
2019-09-23 17:53:16,369 [grpc-default-executor-0] INFO  impl.RaftServerProxy (RaftServerProxy.java:addNew(89)) - 9fe3ac6d-823a-4d7f-a140-5420168d3df0: addNew group-24D98893F38C:[3b97bcc7-e421-4fef-bf65-4480f43ecb20:192.168.5.159:39191, 9fe3ac6d-823a-4d7f-a140-5420168d3df0:192.168.5.159:39104, cb813c6c-38bf-4192-ba89-344db3cd4fce:192.168.5.159:33804] returns group-24D98893F38C:java.util.concurrent.CompletableFuture@48c34f71[Not completed]
2019-09-23 17:53:16,371 [grpc-default-executor-2] INFO  impl.RaftServerProxy (RaftServerProxy.java:addNew(89)) - 3b97bcc7-e421-4fef-bf65-4480f43ecb20: addNew group-24D98893F38C:[3b97bcc7-e421-4fef-bf65-4480f43ecb20:192.168.5.159:39191, 9fe3ac6d-823a-4d7f-a140-5420168d3df0:192.168.5.159:39104, cb813c6c-38bf-4192-ba89-344db3cd4fce:192.168.5.159:33804] returns group-24D98893F38C:java.util.concurrent.CompletableFuture@20ca943c[Not completed]
2019-09-23 17:53:16,373 [grpc-default-executor-0] INFO  impl.RaftServerProxy (RaftServerProxy.java:addNew(89)) - cb813c6c-38bf-4192-ba89-344db3cd4fce: addNew group-24D98893F38C:[3b97bcc7-e421-4fef-bf65-4480f43ecb20:192.168.5.159:39191, 9fe3ac6d-823a-4d7f-a140-5420168d3df0:192.168.5.159:39104, cb813c6c-38bf-4192-ba89-344db3cd4fce:192.168.5.159:33804] returns group-24D98893F38C:java.util.concurrent.CompletableFuture@125bc488[Not completed]
2019-09-23 17:53:16,374 [pool-67-thread-1] INFO  impl.RaftServerImpl (RaftServerImpl.java:<init>(95)) - 9fe3ac6d-823a-4d7f-a140-5420168d3df0: new RaftServerImpl for group-24D98893F38C:[3b97bcc7-e421-4fef-bf65-4480f43ecb20:192.168.5.159:39191, 9fe3ac6d-823a-4d7f-a140-5420168d3df0:192.168.5.159:39104, cb813c6c-38bf-4192-ba89-344db3cd4fce:192.168.5.159:33804] with ContainerStateMachine:uninitialized
2019-09-23 17:53:16,374 [pool-67-thread-1] INFO  server.RaftServerConfigKeys (ConfUtils.java:logGet(43)) - raft.server.rpc.timeout.min = 5s (custom)
2019-09-23 17:53:16,374 [pool-67-thread-1] INFO  server.RaftServerConfigKeys (ConfUtils.java:logGet(43)) - raft.server.rpc.timeout.max = 5200ms (custom)
2019-09-23 17:53:16,375 [pool-67-thread-1] INFO  server.RaftServerConfigKeys (ConfUtils.java:logGet(43)) - raft.server.rpcslowness.timeout = 120s (custom)
2019-09-23 17:53:16,375 [pool-67-thread-1] INFO  server.RaftServerConfigKeys (ConfUtils.java:logGet(43)) - raft.server.sleep.deviation.threshold = 300 (default)
2019-09-23 17:53:16,375 [pool-67-thread-1] INFO  server.RaftServerConfigKeys (ConfUtils.java:logGet(43)) - raft.server.log.appender.install.snapshot.enabled = false (custom)
2019-09-23 17:53:16,375 [pool-67-thread-1] INFO  impl.RaftServerImpl (ServerState.java:<init>(103)) - 9fe3ac6d-823a-4d7f-a140-5420168d3df0@group-24D98893F38C: ConfigurationManager, init=-1: [3b97bcc7-e421-4fef-bf65-4480f43ecb20:192.168.5.159:39191, 9fe3ac6d-823a-4d7f-a140-5420168d3df0:192.168.5.159:39104, cb813c6c-38bf-4192-ba89-344db3cd4fce:192.168.5.159:33804], old=null, confs=<EMPTY_MAP>
2019-09-23 17:53:16,375 [pool-67-thread-1] INFO  server.RaftServerConfigKeys (ConfUtils.java:logGet(43)) - raft.server.storage.dir = [/workdir/hadoop-ozone/integration-test/target/test-dir/MiniOzoneClusterImpl-dd0b3c1f-9e93-41d1-a2ca-e0857f7eafcc/datanode-4/data/ratis] (custom)
2019-09-23 17:53:16,375 [pool-37-thread-1] INFO  impl.RaftServerImpl (RaftServerImpl.java:<init>(95)) - cb813c6c-38bf-4192-ba89-344db3cd4fce: new RaftServerImpl for group-24D98893F38C:[3b97bcc7-e421-4fef-bf65-4480f43ecb20:192.168.5.159:39191, 9fe3ac6d-823a-4d7f-a140-5420168d3df0:192.168.5.159:39104, cb813c6c-38bf-4192-ba89-344db3cd4fce:192.168.5.159:33804] with ContainerStateMachine:uninitialized
2019-09-23 17:53:16,375 [pool-37-thread-1] INFO  server.RaftServerConfigKeys (ConfUtils.java:logGet(43)) - raft.server.rpc.timeout.min = 5s (custom)
2019-09-23 17:53:16,376 [pool-67-thread-1] INFO  storage.RaftStorageDirectory (RaftStorageDirectory.java:analyzeStorage(246)) - The storage directory /workdir/hadoop-ozone/integration-test/target/test-dir/MiniOzoneClusterImpl-dd0b3c1f-9e93-41d1-a2ca-e0857f7eafcc/datanode-4/data/ratis/a14441a2-6503-4372-aa0a-24d98893f38c does not exist. Creating ...
2019-09-23 17:53:16,376 [pool-37-thread-1] INFO  server.RaftServerConfigKeys (ConfUtils.java:logGet(43)) - raft.server.rpc.timeout.max = 5200ms (custom)
2019-09-23 17:53:16,376 [pool-37-thread-1] INFO  server.RaftServerConfigKeys (ConfUtils.java:logGet(43)) - raft.server.rpcslowness.timeout = 120s (custom)
2019-09-23 17:53:16,376 [pool-37-thread-1] INFO  server.RaftServerConfigKeys (ConfUtils.java:logGet(43)) - raft.server.sleep.deviation.threshold = 300 (default)
2019-09-23 17:53:16,376 [pool-37-thread-1] INFO  server.RaftServerConfigKeys (ConfUtils.java:logGet(43)) - raft.server.log.appender.install.snapshot.enabled = false (custom)
2019-09-23 17:53:16,376 [pool-37-thread-1] INFO  impl.RaftServerImpl (ServerState.java:<init>(103)) - cb813c6c-38bf-4192-ba89-344db3cd4fce@group-24D98893F38C: ConfigurationManager, init=-1: [3b97bcc7-e421-4fef-bf65-4480f43ecb20:192.168.5.159:39191, 9fe3ac6d-823a-4d7f-a140-5420168d3df0:192.168.5.159:39104, cb813c6c-38bf-4192-ba89-344db3cd4fce:192.168.5.159:33804], old=null, confs=<EMPTY_MAP>
2019-09-23 17:53:16,377 [pool-37-thread-1] INFO  server.RaftServerConfigKeys (ConfUtils.java:logGet(43)) - raft.server.storage.dir = [/workdir/hadoop-ozone/integration-test/target/test-dir/MiniOzoneClusterImpl-dd0b3c1f-9e93-41d1-a2ca-e0857f7eafcc/datanode-1/data/ratis] (custom)
2019-09-23 17:53:16,377 [pool-87-thread-1] INFO  impl.RaftServerImpl (RaftServerImpl.java:<init>(95)) - 3b97bcc7-e421-4fef-bf65-4480f43ecb20: new RaftServerImpl for group-24D98893F38C:[3b97bcc7-e421-4fef-bf65-4480f43ecb20:192.168.5.159:39191, 9fe3ac6d-823a-4d7f-a140-5420168d3df0:192.168.5.159:39104, cb813c6c-38bf-4192-ba89-344db3cd4fce:192.168.5.159:33804] with ContainerStateMachine:uninitialized
2019-09-23 17:53:16,377 [pool-87-thread-1] INFO  server.RaftServerConfigKeys (ConfUtils.java:logGet(43)) - raft.server.rpc.timeout.min = 5s (custom)
2019-09-23 17:53:16,377 [pool-37-thread-1] INFO  storage.RaftStorageDirectory (RaftStorageDirectory.java:analyzeStorage(246)) - The storage directory /workdir/hadoop-ozone/integration-test/target/test-dir/MiniOzoneClusterImpl-dd0b3c1f-9e93-41d1-a2ca-e0857f7eafcc/datanode-1/data/ratis/a14441a2-6503-4372-aa0a-24d98893f38c does not exist. Creating ...
2019-09-23 17:53:16,377 [pool-87-thread-1] INFO  server.RaftServerConfigKeys (ConfUtils.java:logGet(43)) - raft.server.rpc.timeout.max = 5200ms (custom)
2019-09-23 17:53:16,377 [pool-87-thread-1] INFO  server.RaftServerConfigKeys (ConfUtils.java:logGet(43)) - raft.server.rpcslowness.timeout = 120s (custom)
2019-09-23 17:53:16,378 [pool-87-thread-1] INFO  server.RaftServerConfigKeys (ConfUtils.java:logGet(43)) - raft.server.sleep.deviation.threshold = 300 (default)
2019-09-23 17:53:16,378 [pool-87-thread-1] INFO  server.RaftServerConfigKeys (ConfUtils.java:logGet(43)) - raft.server.log.appender.install.snapshot.enabled = false (custom)
2019-09-23 17:53:16,378 [pool-87-thread-1] INFO  impl.RaftServerImpl (ServerState.java:<init>(103)) - 3b97bcc7-e421-4fef-bf65-4480f43ecb20@group-24D98893F38C: ConfigurationManager, init=-1: [3b97bcc7-e421-4fef-bf65-4480f43ecb20:192.168.5.159:39191, 9fe3ac6d-823a-4d7f-a140-5420168d3df0:192.168.5.159:39104, cb813c6c-38bf-4192-ba89-344db3cd4fce:192.168.5.159:33804], old=null, confs=<EMPTY_MAP>
2019-09-23 17:53:16,378 [pool-87-thread-1] INFO  server.RaftServerConfigKeys (ConfUtils.java:logGet(43)) - raft.server.storage.dir = [/workdir/hadoop-ozone/integration-test/target/test-dir/MiniOzoneClusterImpl-dd0b3c1f-9e93-41d1-a2ca-e0857f7eafcc/datanode-6/data/ratis] (custom)
2019-09-23 17:53:16,379 [pool-87-thread-1] INFO  storage.RaftStorageDirectory (RaftStorageDirectory.java:analyzeStorage(246)) - The storage directory /workdir/hadoop-ozone/integration-test/target/test-dir/MiniOzoneClusterImpl-dd0b3c1f-9e93-41d1-a2ca-e0857f7eafcc/datanode-6/data/ratis/a14441a2-6503-4372-aa0a-24d98893f38c does not exist. Creating ...
2019-09-23 17:53:16,398 [pool-37-thread-1] INFO  storage.RaftStorageDirectory (RaftStorageDirectory.java:tryLock(328)) - Lock on /workdir/hadoop-ozone/integration-test/target/test-dir/MiniOzoneClusterImpl-dd0b3c1f-9e93-41d1-a2ca-e0857f7eafcc/datanode-1/data/ratis/a14441a2-6503-4372-aa0a-24d98893f38c/in_use.lock acquired by nodename 31141@pr-hdds-2081-trunk-q8vvk-1381952471
2019-09-23 17:53:16,398 [pool-67-thread-1] INFO  storage.RaftStorageDirectory (RaftStorageDirectory.java:tryLock(328)) - Lock on /workdir/hadoop-ozone/integration-test/target/test-dir/MiniOzoneClusterImpl-dd0b3c1f-9e93-41d1-a2ca-e0857f7eafcc/datanode-4/data/ratis/a14441a2-6503-4372-aa0a-24d98893f38c/in_use.lock acquired by nodename 31141@pr-hdds-2081-trunk-q8vvk-1381952471
2019-09-23 17:53:16,408 [pool-87-thread-1] INFO  storage.RaftStorageDirectory (RaftStorageDirectory.java:tryLock(328)) - Lock on /workdir/hadoop-ozone/integration-test/target/test-dir/MiniOzoneClusterImpl-dd0b3c1f-9e93-41d1-a2ca-e0857f7eafcc/datanode-6/data/ratis/a14441a2-6503-4372-aa0a-24d98893f38c/in_use.lock acquired by nodename 31141@pr-hdds-2081-trunk-q8vvk-1381952471
2019-09-23 17:53:16,422 [pool-37-thread-1] INFO  storage.RaftStorage (RaftStorage.java:format(72)) - Storage directory /workdir/hadoop-ozone/integration-test/target/test-dir/MiniOzoneClusterImpl-dd0b3c1f-9e93-41d1-a2ca-e0857f7eafcc/datanode-1/data/ratis/a14441a2-6503-4372-aa0a-24d98893f38c has been successfully formatted.
2019-09-23 17:53:16,422 [pool-67-thread-1] INFO  storage.RaftStorage (RaftStorage.java:format(72)) - Storage directory /workdir/hadoop-ozone/integration-test/target/test-dir/MiniOzoneClusterImpl-dd0b3c1f-9e93-41d1-a2ca-e0857f7eafcc/datanode-4/data/ratis/a14441a2-6503-4372-aa0a-24d98893f38c has been successfully formatted.
2019-09-23 17:53:16,422 [pool-37-thread-1] INFO  ratis.ContainerStateMachine (ContainerStateMachine.java:loadSnapshot(230)) - group-24D98893F38C: The snapshot info is null. Setting the last applied indexto:(t:0, i:~)
2019-09-23 17:53:16,422 [pool-67-thread-1] INFO  ratis.ContainerStateMachine (ContainerStateMachine.java:loadSnapshot(230)) - group-24D98893F38C: The snapshot info is null. Setting the last applied indexto:(t:0, i:~)
2019-09-23 17:53:16,422 [pool-37-thread-1] INFO  server.RaftServerConfigKeys (ConfUtils.java:logGet(43)) - raft.server.notification.no-leader.timeout = 120s (custom)
2019-09-23 17:53:16,423 [pool-67-thread-1] INFO  server.RaftServerConfigKeys (ConfUtils.java:logGet(43)) - raft.server.notification.no-leader.timeout = 120s (custom)
2019-09-23 17:53:16,423 [pool-37-thread-1] INFO  server.RaftServerConfigKeys (ConfUtils.java:logGet(43)) - raft.server.log.use.memory = false (default)
2019-09-23 17:53:16,423 [pool-67-thread-1] INFO  server.RaftServerConfigKeys (ConfUtils.java:logGet(43)) - raft.server.log.use.memory = false (default)
2019-09-23 17:53:16,423 [pool-37-thread-1] INFO  server.RaftServerConfigKeys (ConfUtils.java:logGet(43)) - raft.server.log.purge.gap = 1000000 (custom)
2019-09-23 17:53:16,423 [pool-67-thread-1] INFO  server.RaftServerConfigKeys (ConfUtils.java:logGet(43)) - raft.server.log.purge.gap = 1000000 (custom)
2019-09-23 17:53:16,423 [pool-37-thread-1] INFO  server.RaftServerConfigKeys (ConfUtils.java:logGet(43)) - raft.server.log.appender.buffer.byte-limit = 33554432 (custom)
2019-09-23 17:53:16,423 [pool-67-thread-1] INFO  server.RaftServerConfigKeys (ConfUtils.java:logGet(43)) - raft.server.log.appender.buffer.byte-limit = 33554432 (custom)
2019-09-23 17:53:16,424 [pool-37-thread-1] INFO  server.RaftServerConfigKeys (ConfUtils.java:logGet(43)) - raft.server.log.segment.size.max = 1048576 (custom)
2019-09-23 17:53:16,424 [pool-67-thread-1] INFO  server.RaftServerConfigKeys (ConfUtils.java:logGet(43)) - raft.server.log.segment.size.max = 1048576 (custom)
2019-09-23 17:53:16,424 [pool-37-thread-1] INFO  server.RaftServerConfigKeys (ConfUtils.java:logGet(43)) - raft.server.log.segment.cache.num.max = 2 (custom)
2019-09-23 17:53:16,424 [pool-87-thread-1] INFO  storage.RaftStorage (RaftStorage.java:format(72)) - Storage directory /workdir/hadoop-ozone/integration-test/target/test-dir/MiniOzoneClusterImpl-dd0b3c1f-9e93-41d1-a2ca-e0857f7eafcc/datanode-6/data/ratis/a14441a2-6503-4372-aa0a-24d98893f38c has been successfully formatted.
2019-09-23 17:53:16,424 [pool-67-thread-1] INFO  server.RaftServerConfigKeys (ConfUtils.java:logGet(43)) - raft.server.log.segment.cache.num.max = 2 (custom)
2019-09-23 17:53:16,424 [pool-37-thread-1] INFO  segmented.SegmentedRaftLogWorker (SegmentedRaftLogWorker.java:<init>(172)) - new cb813c6c-38bf-4192-ba89-344db3cd4fce@group-24D98893F38C-SegmentedRaftLogWorker for RaftStorage:Storage Directory /workdir/hadoop-ozone/integration-test/target/test-dir/MiniOzoneClusterImpl-dd0b3c1f-9e93-41d1-a2ca-e0857f7eafcc/datanode-1/data/ratis/a14441a2-6503-4372-aa0a-24d98893f38c
2019-09-23 17:53:16,424 [pool-67-thread-1] INFO  segmented.SegmentedRaftLogWorker (SegmentedRaftLogWorker.java:<init>(172)) - new 9fe3ac6d-823a-4d7f-a140-5420168d3df0@group-24D98893F38C-SegmentedRaftLogWorker for RaftStorage:Storage Directory /workdir/hadoop-ozone/integration-test/target/test-dir/MiniOzoneClusterImpl-dd0b3c1f-9e93-41d1-a2ca-e0857f7eafcc/datanode-4/data/ratis/a14441a2-6503-4372-aa0a-24d98893f38c
2019-09-23 17:53:16,424 [pool-87-thread-1] INFO  ratis.ContainerStateMachine (ContainerStateMachine.java:loadSnapshot(230)) - group-24D98893F38C: The snapshot info is null. Setting the last applied indexto:(t:0, i:~)
2019-09-23 17:53:16,425 [pool-67-thread-1] INFO  server.RaftServerConfigKeys (ConfUtils.java:logGet(43)) - raft.server.log.queue.byte-limit = 2147483647 (custom)
2019-09-23 17:53:16,425 [pool-37-thread-1] INFO  server.RaftServerConfigKeys (ConfUtils.java:logGet(43)) - raft.server.log.queue.byte-limit = 2147483647 (custom)
2019-09-23 17:53:16,425 [pool-67-thread-1] INFO  server.RaftServerConfigKeys (ConfUtils.java:logGet(43)) - raft.server.log.queue.element-limit = 1024 (custom)
2019-09-23 17:53:16,425 [pool-87-thread-1] INFO  server.RaftServerConfigKeys (ConfUtils.java:logGet(43)) - raft.server.notification.no-leader.timeout = 120s (custom)
2019-09-23 17:53:16,425 [pool-67-thread-1] INFO  server.RaftServerConfigKeys (ConfUtils.java:logGet(43)) - raft.server.log.segment.size.max = 1048576 (custom)
2019-09-23 17:53:16,425 [pool-37-thread-1] INFO  server.RaftServerConfigKeys (ConfUtils.java:logGet(43)) - raft.server.log.queue.element-limit = 1024 (custom)
2019-09-23 17:53:16,426 [pool-67-thread-1] INFO  server.RaftServerConfigKeys (ConfUtils.java:logGet(43)) - raft.server.log.preallocated.size = 16384 (custom)
2019-09-23 17:53:16,425 [pool-87-thread-1] INFO  server.RaftServerConfigKeys (ConfUtils.java:logGet(43)) - raft.server.log.use.memory = false (default)
2019-09-23 17:53:16,426 [pool-67-thread-1] INFO  server.RaftServerConfigKeys (ConfUtils.java:logGet(43)) - raft.server.log.write.buffer.size = 33554432 (custom)
2019-09-23 17:53:16,426 [pool-37-thread-1] INFO  server.RaftServerConfigKeys (ConfUtils.java:logGet(43)) - raft.server.log.segment.size.max = 1048576 (custom)
2019-09-23 17:53:16,426 [pool-67-thread-1] INFO  server.RaftServerConfigKeys (ConfUtils.java:logGet(43)) - raft.server.log.force.sync.num = 128 (default)
2019-09-23 17:53:16,426 [pool-87-thread-1] INFO  server.RaftServerConfigKeys (ConfUtils.java:logGet(43)) - raft.server.log.purge.gap = 1000000 (custom)
2019-09-23 17:53:16,426 [pool-67-thread-1] INFO  server.RaftServerConfigKeys (ConfUtils.java:logGet(43)) - raft.server.log.statemachine.data.sync = true (default)
2019-09-23 17:53:16,426 [pool-37-thread-1] INFO  server.RaftServerConfigKeys (ConfUtils.java:logGet(43)) - raft.server.log.preallocated.size = 16384 (custom)
2019-09-23 17:53:16,427 [pool-67-thread-1] INFO  server.RaftServerConfigKeys (ConfUtils.java:logGet(43)) - raft.server.log.statemachine.data.sync.timeout = 10s (default)
2019-09-23 17:53:16,427 [pool-87-thread-1] INFO  server.RaftServerConfigKeys (ConfUtils.java:logGet(43)) - raft.server.log.appender.buffer.byte-limit = 33554432 (custom)
2019-09-23 17:53:16,427 [pool-67-thread-1] INFO  server.RaftServerConfigKeys (ConfUtils.java:logGet(43)) - raft.server.log.statemachine.data.sync.timeout.retry = -1 (default)
2019-09-23 17:53:16,427 [pool-37-thread-1] INFO  server.RaftServerConfigKeys (ConfUtils.java:logGet(43)) - raft.server.log.write.buffer.size = 33554432 (custom)
2019-09-23 17:53:16,427 [pool-87-thread-1] INFO  server.RaftServerConfigKeys (ConfUtils.java:logGet(43)) - raft.server.log.segment.size.max = 1048576 (custom)
2019-09-23 17:53:16,428 [pool-67-thread-1] INFO  server.RaftServerConfigKeys (ConfUtils.java:logGet(43)) - raft.server.log.statemachine.data.caching.enabled = true (custom)
2019-09-23 17:53:16,428 [pool-37-thread-1] INFO  server.RaftServerConfigKeys (ConfUtils.java:logGet(43)) - raft.server.log.force.sync.num = 128 (default)
2019-09-23 17:53:16,428 [pool-87-thread-1] INFO  server.RaftServerConfigKeys (ConfUtils.java:logGet(43)) - raft.server.log.segment.cache.num.max = 2 (custom)
2019-09-23 17:53:16,428 [pool-37-thread-1] INFO  server.RaftServerConfigKeys (ConfUtils.java:logGet(43)) - raft.server.log.statemachine.data.sync = true (default)
2019-09-23 17:53:16,428 [pool-87-thread-1] INFO  segmented.SegmentedRaftLogWorker (SegmentedRaftLogWorker.java:<init>(172)) - new 3b97bcc7-e421-4fef-bf65-4480f43ecb20@group-24D98893F38C-SegmentedRaftLogWorker for RaftStorage:Storage Directory /workdir/hadoop-ozone/integration-test/target/test-dir/MiniOzoneClusterImpl-dd0b3c1f-9e93-41d1-a2ca-e0857f7eafcc/datanode-6/data/ratis/a14441a2-6503-4372-aa0a-24d98893f38c
2019-09-23 17:53:16,428 [pool-67-thread-1] INFO  segmented.SegmentedRaftLogWorker (SegmentedRaftLogWorker.java:lambda$new$0(132)) - 9fe3ac6d-823a-4d7f-a140-5420168d3df0@group-24D98893F38C-SegmentedRaftLogWorker: flushIndex: setUnconditionally 0 -> -1
2019-09-23 17:53:16,429 [pool-87-thread-1] INFO  server.RaftServerConfigKeys (ConfUtils.java:logGet(43)) - raft.server.log.queue.byte-limit = 2147483647 (custom)
2019-09-23 17:53:16,429 [pool-37-thread-1] INFO  server.RaftServerConfigKeys (ConfUtils.java:logGet(43)) - raft.server.log.statemachine.data.sync.timeout = 10s (default)
2019-09-23 17:53:16,429 [pool-67-thread-1] INFO  server.RaftServerConfigKeys (ConfUtils.java:logGet(43)) - raft.server.snapshot.auto.trigger.enabled = true (custom)
2019-09-23 17:53:16,429 [pool-87-thread-1] INFO  server.RaftServerConfigKeys (ConfUtils.java:logGet(43)) - raft.server.log.queue.element-limit = 1024 (custom)
2019-09-23 17:53:16,429 [pool-67-thread-1] INFO  server.RaftServerConfigKeys (ConfUtils.java:logGet(43)) - raft.server.snapshot.auto.trigger.threshold = 10000 (custom)
2019-09-23 17:53:16,429 [pool-37-thread-1] INFO  server.RaftServerConfigKeys (ConfUtils.java:logGet(43)) - raft.server.log.statemachine.data.sync.timeout.retry = -1 (default)
2019-09-23 17:53:16,430 [pool-67-thread-1] INFO  server.RaftServerConfigKeys (ConfUtils.java:logGet(43)) - raft.server.snapshot.retention.num.files = 5 (custom)
2019-09-23 17:53:16,430 [pool-87-thread-1] INFO  server.RaftServerConfigKeys (ConfUtils.java:logGet(43)) - raft.server.log.segment.size.max = 1048576 (custom)
2019-09-23 17:53:16,430 [pool-67-thread-1] INFO  server.RaftServerConfigKeys (ConfUtils.java:logGet(43)) - raft.server.retrycache.expirytime = 600000ms (custom)
2019-09-23 17:53:16,430 [pool-37-thread-1] INFO  server.RaftServerConfigKeys (ConfUtils.java:logGet(43)) - raft.server.log.statemachine.data.caching.enabled = true (custom)
2019-09-23 17:53:16,430 [pool-87-thread-1] INFO  server.RaftServerConfigKeys (ConfUtils.java:logGet(43)) - raft.server.log.preallocated.size = 16384 (custom)
2019-09-23 17:53:16,431 [pool-37-thread-1] INFO  segmented.SegmentedRaftLogWorker (SegmentedRaftLogWorker.java:lambda$new$0(132)) - cb813c6c-38bf-4192-ba89-344db3cd4fce@group-24D98893F38C-SegmentedRaftLogWorker: flushIndex: setUnconditionally 0 -> -1
2019-09-23 17:53:16,431 [pool-87-thread-1] INFO  server.RaftServerConfigKeys (ConfUtils.java:logGet(43)) - raft.server.log.write.buffer.size = 33554432 (custom)
2019-09-23 17:53:16,431 [pool-87-thread-1] INFO  server.RaftServerConfigKeys (ConfUtils.java:logGet(43)) - raft.server.log.force.sync.num = 128 (default)
2019-09-23 17:53:16,431 [pool-37-thread-1] INFO  server.RaftServerConfigKeys (ConfUtils.java:logGet(43)) - raft.server.snapshot.auto.trigger.enabled = true (custom)
2019-09-23 17:53:16,431 [pool-87-thread-1] INFO  server.RaftServerConfigKeys (ConfUtils.java:logGet(43)) - raft.server.log.statemachine.data.sync = true (default)
2019-09-23 17:53:16,431 [pool-37-thread-1] INFO  server.RaftServerConfigKeys (ConfUtils.java:logGet(43)) - raft.server.snapshot.auto.trigger.threshold = 10000 (custom)
2019-09-23 17:53:16,431 [pool-87-thread-1] INFO  server.RaftServerConfigKeys (ConfUtils.java:logGet(43)) - raft.server.log.statemachine.data.sync.timeout = 10s (default)
2019-09-23 17:53:16,432 [pool-37-thread-1] INFO  server.RaftServerConfigKeys (ConfUtils.java:logGet(43)) - raft.server.snapshot.retention.num.files = 5 (custom)
2019-09-23 17:53:16,432 [pool-87-thread-1] INFO  server.RaftServerConfigKeys (ConfUtils.java:logGet(43)) - raft.server.log.statemachine.data.sync.timeout.retry = -1 (default)
2019-09-23 17:53:16,432 [pool-37-thread-1] INFO  server.RaftServerConfigKeys (ConfUtils.java:logGet(43)) - raft.server.retrycache.expirytime = 600000ms (custom)
2019-09-23 17:53:16,432 [pool-87-thread-1] INFO  server.RaftServerConfigKeys (ConfUtils.java:logGet(43)) - raft.server.log.statemachine.data.caching.enabled = true (custom)
2019-09-23 17:53:16,432 [pool-87-thread-1] INFO  segmented.SegmentedRaftLogWorker (SegmentedRaftLogWorker.java:lambda$new$0(132)) - 3b97bcc7-e421-4fef-bf65-4480f43ecb20@group-24D98893F38C-SegmentedRaftLogWorker: flushIndex: setUnconditionally 0 -> -1
2019-09-23 17:53:16,433 [pool-87-thread-1] INFO  server.RaftServerConfigKeys (ConfUtils.java:logGet(43)) - raft.server.snapshot.auto.trigger.enabled = true (custom)
2019-09-23 17:53:16,433 [pool-87-thread-1] INFO  server.RaftServerConfigKeys (ConfUtils.java:logGet(43)) - raft.server.snapshot.auto.trigger.threshold = 10000 (custom)
2019-09-23 17:53:16,433 [pool-87-thread-1] INFO  server.RaftServerConfigKeys (ConfUtils.java:logGet(43)) - raft.server.snapshot.retention.num.files = 5 (custom)
2019-09-23 17:53:16,433 [pool-87-thread-1] INFO  server.RaftServerConfigKeys (ConfUtils.java:logGet(43)) - raft.server.retrycache.expirytime = 600000ms (custom)
2019-09-23 17:53:16,436 [pool-67-thread-1] INFO  impl.RaftServerImpl (RaftServerImpl.java:start(185)) - 9fe3ac6d-823a-4d7f-a140-5420168d3df0@group-24D98893F38C: start as a follower, conf=-1: [3b97bcc7-e421-4fef-bf65-4480f43ecb20:192.168.5.159:39191, 9fe3ac6d-823a-4d7f-a140-5420168d3df0:192.168.5.159:39104, cb813c6c-38bf-4192-ba89-344db3cd4fce:192.168.5.159:33804], old=null
2019-09-23 17:53:16,436 [pool-67-thread-1] INFO  impl.RaftServerImpl (RaftServerImpl.java:setRole(174)) - 9fe3ac6d-823a-4d7f-a140-5420168d3df0@group-24D98893F38C: changes role from      null to FOLLOWER at term 0 for startAsFollower
2019-09-23 17:53:16,436 [pool-37-thread-1] INFO  impl.RaftServerImpl (RaftServerImpl.java:start(185)) - cb813c6c-38bf-4192-ba89-344db3cd4fce@group-24D98893F38C: start as a follower, conf=-1: [3b97bcc7-e421-4fef-bf65-4480f43ecb20:192.168.5.159:39191, 9fe3ac6d-823a-4d7f-a140-5420168d3df0:192.168.5.159:39104, cb813c6c-38bf-4192-ba89-344db3cd4fce:192.168.5.159:33804], old=null
2019-09-23 17:53:16,437 [pool-67-thread-1] INFO  impl.RoleInfo (RoleInfo.java:updateAndGet(143)) - 9fe3ac6d-823a-4d7f-a140-5420168d3df0: start FollowerState
2019-09-23 17:53:16,437 [pool-37-thread-1] INFO  impl.RaftServerImpl (RaftServerImpl.java:setRole(174)) - cb813c6c-38bf-4192-ba89-344db3cd4fce@group-24D98893F38C: changes role from      null to FOLLOWER at term 0 for startAsFollower
2019-09-23 17:53:16,437 [pool-87-thread-1] INFO  impl.RaftServerImpl (RaftServerImpl.java:start(185)) - 3b97bcc7-e421-4fef-bf65-4480f43ecb20@group-24D98893F38C: start as a follower, conf=-1: [3b97bcc7-e421-4fef-bf65-4480f43ecb20:192.168.5.159:39191, 9fe3ac6d-823a-4d7f-a140-5420168d3df0:192.168.5.159:39104, cb813c6c-38bf-4192-ba89-344db3cd4fce:192.168.5.159:33804], old=null
2019-09-23 17:53:16,437 [pool-37-thread-1] INFO  impl.RoleInfo (RoleInfo.java:updateAndGet(143)) - cb813c6c-38bf-4192-ba89-344db3cd4fce: start FollowerState
2019-09-23 17:53:16,437 [pool-67-thread-1] INFO  util.JmxRegister (JmxRegister.java:tryRegister(44)) - Successfully registered JMX Bean with object name Ratis:service=RaftServer,group=group-24D98893F38C,id=9fe3ac6d-823a-4d7f-a140-5420168d3df0
2019-09-23 17:53:16,437 [pool-87-thread-1] INFO  impl.RaftServerImpl (RaftServerImpl.java:setRole(174)) - 3b97bcc7-e421-4fef-bf65-4480f43ecb20@group-24D98893F38C: changes role from      null to FOLLOWER at term 0 for startAsFollower
2019-09-23 17:53:16,437 [pool-37-thread-1] INFO  util.JmxRegister (JmxRegister.java:tryRegister(44)) - Successfully registered JMX Bean with object name Ratis:service=RaftServer,group=group-24D98893F38C,id=cb813c6c-38bf-4192-ba89-344db3cd4fce
2019-09-23 17:53:16,438 [pool-87-thread-1] INFO  impl.RoleInfo (RoleInfo.java:updateAndGet(143)) - 3b97bcc7-e421-4fef-bf65-4480f43ecb20: start FollowerState
2019-09-23 17:53:16,438 [pool-87-thread-1] INFO  util.JmxRegister (JmxRegister.java:tryRegister(44)) - Successfully registered JMX Bean with object name Ratis:service=RaftServer,group=group-24D98893F38C,id=3b97bcc7-e421-4fef-bf65-4480f43ecb20
2019-09-23 17:53:16,463 [RatisPipelineUtilsThread] INFO  pipeline.PipelineStateManager (PipelineStateManager.java:addPipeline(56)) - Created pipeline Pipeline[ Id: a14441a2-6503-4372-aa0a-24d98893f38c, Nodes: 3b97bcc7-e421-4fef-bf65-4480f43ecb20{ip: 192.168.5.159, host: pr-hdds-2081-trunk-q8vvk-1381952471, networkLocation: /default-rack, certSerialId: null}9fe3ac6d-823a-4d7f-a140-5420168d3df0{ip: 192.168.5.159, host: pr-hdds-2081-trunk-q8vvk-1381952471, networkLocation: /default-rack, certSerialId: null}cb813c6c-38bf-4192-ba89-344db3cd4fce{ip: 192.168.5.159, host: pr-hdds-2081-trunk-q8vvk-1381952471, networkLocation: /default-rack, certSerialId: null}, Type:RATIS, Factor:THREE, State:OPEN]
2019-09-23 17:53:16,733 [main] INFO  rpc.RpcClient (RpcClient.java:createVolume(276)) - Creating Volume: testblockoutputstream, with jenkins1000 as owner.
2019-09-23 17:53:16,869 [IPC Server handler 0 on 39143] INFO  volume.OMVolumeCreateRequest (OMVolumeCreateRequest.java:validateAndUpdateCache(189)) - created volume:testblockoutputstream for user:jenkins1000
2019-09-23 17:53:16,905 [main] INFO  rpc.RpcClient (RpcClient.java:createBucket(415)) - Creating Bucket: testblockoutputstream/testblockoutputstream, with Versioning false and Storage Type set to DISK and Encryption set to false 
2019-09-23 17:53:16,948 [main] INFO  impl.MetricsSystemImpl (MetricsSystemImpl.java:init(158)) - XceiverClientMetrics metrics system started (again)
2019-09-23 17:53:17,597 [Thread-238] INFO  container.ReplicationManager (ReplicationManager.java:start(162)) - Starting Replication Monitor Thread.
2019-09-23 17:53:17,602 [ReplicationMonitor] INFO  container.ReplicationManager (ReplicationManager.java:run(225)) - Replication Monitor Thread took 4 milliseconds for processing 1 containers.
2019-09-23 17:53:20,489 [Thread-240] INFO  impl.FollowerState (FollowerState.java:run(106)) - c90e0185-0a25-4df3-88d5-3e8995e9995d:group-16F1583BFE95 changes to CANDIDATE, lastRpcTime:5079, electionTimeout:5078ms
2019-09-23 17:53:20,495 [Thread-240] INFO  impl.RoleInfo (RoleInfo.java:shutdownFollowerState(121)) - c90e0185-0a25-4df3-88d5-3e8995e9995d: shutdown FollowerState
2019-09-23 17:53:20,495 [Thread-240] INFO  impl.RaftServerImpl (RaftServerImpl.java:setRole(174)) - c90e0185-0a25-4df3-88d5-3e8995e9995d@group-16F1583BFE95: changes role from  FOLLOWER to CANDIDATE at term 0 for changeToCandidate
2019-09-23 17:53:20,504 [Thread-240] INFO  impl.RoleInfo (RoleInfo.java:updateAndGet(143)) - c90e0185-0a25-4df3-88d5-3e8995e9995d: start LeaderElection
2019-09-23 17:53:20,527 [c90e0185-0a25-4df3-88d5-3e8995e9995d@group-16F1583BFE95:LeaderElection1] INFO  impl.LeaderElection (LeaderElection.java:askForVotes(182)) - c90e0185-0a25-4df3-88d5-3e8995e9995d@group-16F1583BFE95:LeaderElection1: begin an election at term 1 for -1: [c90e0185-0a25-4df3-88d5-3e8995e9995d:192.168.5.159:45395], old=null
2019-09-23 17:53:20,529 [c90e0185-0a25-4df3-88d5-3e8995e9995d@group-16F1583BFE95:LeaderElection1] INFO  impl.RoleInfo (RoleInfo.java:shutdownLeaderElection(134)) - c90e0185-0a25-4df3-88d5-3e8995e9995d: shutdown LeaderElection
2019-09-23 17:53:20,530 [c90e0185-0a25-4df3-88d5-3e8995e9995d@group-16F1583BFE95:LeaderElection1] INFO  impl.RaftServerImpl (RaftServerImpl.java:setRole(174)) - c90e0185-0a25-4df3-88d5-3e8995e9995d@group-16F1583BFE95: changes role from CANDIDATE to LEADER at term 1 for changeToLeader
2019-09-23 17:53:20,530 [c90e0185-0a25-4df3-88d5-3e8995e9995d@group-16F1583BFE95:LeaderElection1] INFO  impl.RaftServerImpl (ServerState.java:setLeader(253)) - c90e0185-0a25-4df3-88d5-3e8995e9995d@group-16F1583BFE95: change Leader from null to c90e0185-0a25-4df3-88d5-3e8995e9995d at term 1 for becomeLeader, leader elected after 5255ms
2019-09-23 17:53:20,540 [c90e0185-0a25-4df3-88d5-3e8995e9995d@group-16F1583BFE95:LeaderElection1] INFO  server.RaftServerConfigKeys (ConfUtils.java:logGet(43)) - raft.server.staging.catchup.gap = 1000 (default)
2019-09-23 17:53:20,540 [c90e0185-0a25-4df3-88d5-3e8995e9995d@group-16F1583BFE95:LeaderElection1] INFO  server.RaftServerConfigKeys (ConfUtils.java:logGet(43)) - raft.server.rpc.sleep.time = 25ms (default)
2019-09-23 17:53:20,544 [c90e0185-0a25-4df3-88d5-3e8995e9995d@group-16F1583BFE95:LeaderElection1] INFO  server.RaftServerConfigKeys (ConfUtils.java:logGet(43)) - raft.server.write.element-limit = 4096 (default)
2019-09-23 17:53:20,547 [c90e0185-0a25-4df3-88d5-3e8995e9995d@group-16F1583BFE95:LeaderElection1] INFO  server.RaftServerConfigKeys (ConfUtils.java:logGet(43)) - raft.server.watch.timeout = 10s (default)
2019-09-23 17:53:20,547 [c90e0185-0a25-4df3-88d5-3e8995e9995d@group-16F1583BFE95:LeaderElection1] INFO  server.RaftServerConfigKeys (ConfUtils.java:logGet(43)) - raft.server.watch.timeout.denomination = 1s (default)
2019-09-23 17:53:20,549 [c90e0185-0a25-4df3-88d5-3e8995e9995d@group-16F1583BFE95:LeaderElection1] INFO  server.RaftServerConfigKeys (ConfUtils.java:logGet(43)) - raft.server.watch.element-limit = 65536 (default)
2019-09-23 17:53:20,562 [c90e0185-0a25-4df3-88d5-3e8995e9995d@group-16F1583BFE95:LeaderElection1] INFO  impl.RoleInfo (RoleInfo.java:updateAndGet(143)) - c90e0185-0a25-4df3-88d5-3e8995e9995d: start LeaderState
2019-09-23 17:53:20,590 [c90e0185-0a25-4df3-88d5-3e8995e9995d@group-16F1583BFE95:LeaderElection1] INFO  segmented.SegmentedRaftLogWorker (SegmentedRaftLogWorker.java:startLogSegment(380)) - c90e0185-0a25-4df3-88d5-3e8995e9995d@group-16F1583BFE95-SegmentedRaftLogWorker: Starting segment from index:0
2019-09-23 17:53:20,631 [c90e0185-0a25-4df3-88d5-3e8995e9995d@group-16F1583BFE95:LeaderElection1] INFO  impl.RaftServerImpl (ServerState.java:setRaftConf(354)) - c90e0185-0a25-4df3-88d5-3e8995e9995d@group-16F1583BFE95: set configuration 0: [c90e0185-0a25-4df3-88d5-3e8995e9995d:192.168.5.159:45395], old=null at 0
2019-09-23 17:53:20,769 [Thread-243] INFO  impl.FollowerState (FollowerState.java:run(106)) - 693c1cfc-82ae-4a28-a759-f118ca34e4f1:group-8B0D92133C23 changes to CANDIDATE, lastRpcTime:5116, electionTimeout:5115ms
2019-09-23 17:53:20,771 [Thread-243] INFO  impl.RoleInfo (RoleInfo.java:shutdownFollowerState(121)) - 693c1cfc-82ae-4a28-a759-f118ca34e4f1: shutdown FollowerState
2019-09-23 17:53:20,771 [Thread-243] INFO  impl.RaftServerImpl (RaftServerImpl.java:setRole(174)) - 693c1cfc-82ae-4a28-a759-f118ca34e4f1@group-8B0D92133C23: changes role from  FOLLOWER to CANDIDATE at term 0 for changeToCandidate
2019-09-23 17:53:20,772 [Thread-243] INFO  impl.RoleInfo (RoleInfo.java:updateAndGet(143)) - 693c1cfc-82ae-4a28-a759-f118ca34e4f1: start LeaderElection
2019-09-23 17:53:20,792 [693c1cfc-82ae-4a28-a759-f118ca34e4f1@group-8B0D92133C23:LeaderElection2] INFO  impl.LeaderElection (LeaderElection.java:askForVotes(182)) - 693c1cfc-82ae-4a28-a759-f118ca34e4f1@group-8B0D92133C23:LeaderElection2: begin an election at term 1 for -1: [693c1cfc-82ae-4a28-a759-f118ca34e4f1:192.168.5.159:42959], old=null
2019-09-23 17:53:20,794 [693c1cfc-82ae-4a28-a759-f118ca34e4f1@group-8B0D92133C23:LeaderElection2] INFO  impl.RoleInfo (RoleInfo.java:shutdownLeaderElection(134)) - 693c1cfc-82ae-4a28-a759-f118ca34e4f1: shutdown LeaderElection
2019-09-23 17:53:20,794 [693c1cfc-82ae-4a28-a759-f118ca34e4f1@group-8B0D92133C23:LeaderElection2] INFO  impl.RaftServerImpl (RaftServerImpl.java:setRole(174)) - 693c1cfc-82ae-4a28-a759-f118ca34e4f1@group-8B0D92133C23: changes role from CANDIDATE to LEADER at term 1 for changeToLeader
2019-09-23 17:53:20,794 [693c1cfc-82ae-4a28-a759-f118ca34e4f1@group-8B0D92133C23:LeaderElection2] INFO  impl.RaftServerImpl (ServerState.java:setLeader(253)) - 693c1cfc-82ae-4a28-a759-f118ca34e4f1@group-8B0D92133C23: change Leader from null to 693c1cfc-82ae-4a28-a759-f118ca34e4f1 at term 1 for becomeLeader, leader elected after 5159ms
2019-09-23 17:53:20,796 [693c1cfc-82ae-4a28-a759-f118ca34e4f1@group-8B0D92133C23:LeaderElection2] INFO  server.RaftServerConfigKeys (ConfUtils.java:logGet(43)) - raft.server.staging.catchup.gap = 1000 (default)
2019-09-23 17:53:20,796 [693c1cfc-82ae-4a28-a759-f118ca34e4f1@group-8B0D92133C23:LeaderElection2] INFO  server.RaftServerConfigKeys (ConfUtils.java:logGet(43)) - raft.server.rpc.sleep.time = 25ms (default)
2019-09-23 17:53:20,796 [693c1cfc-82ae-4a28-a759-f118ca34e4f1@group-8B0D92133C23:LeaderElection2] INFO  server.RaftServerConfigKeys (ConfUtils.java:logGet(43)) - raft.server.write.element-limit = 4096 (default)
2019-09-23 17:53:20,796 [693c1cfc-82ae-4a28-a759-f118ca34e4f1@group-8B0D92133C23:LeaderElection2] INFO  server.RaftServerConfigKeys (ConfUtils.java:logGet(43)) - raft.server.watch.timeout = 10s (default)
2019-09-23 17:53:20,797 [693c1cfc-82ae-4a28-a759-f118ca34e4f1@group-8B0D92133C23:LeaderElection2] INFO  server.RaftServerConfigKeys (ConfUtils.java:logGet(43)) - raft.server.watch.timeout.denomination = 1s (default)
2019-09-23 17:53:20,797 [693c1cfc-82ae-4a28-a759-f118ca34e4f1@group-8B0D92133C23:LeaderElection2] INFO  server.RaftServerConfigKeys (ConfUtils.java:logGet(43)) - raft.server.watch.element-limit = 65536 (default)
2019-09-23 17:53:20,800 [693c1cfc-82ae-4a28-a759-f118ca34e4f1@group-8B0D92133C23:LeaderElection2] INFO  impl.RoleInfo (RoleInfo.java:updateAndGet(143)) - 693c1cfc-82ae-4a28-a759-f118ca34e4f1: start LeaderState
2019-09-23 17:53:20,800 [693c1cfc-82ae-4a28-a759-f118ca34e4f1@group-8B0D92133C23:LeaderElection2] INFO  segmented.SegmentedRaftLogWorker (SegmentedRaftLogWorker.java:startLogSegment(380)) - 693c1cfc-82ae-4a28-a759-f118ca34e4f1@group-8B0D92133C23-SegmentedRaftLogWorker: Starting segment from index:0
2019-09-23 17:53:20,801 [693c1cfc-82ae-4a28-a759-f118ca34e4f1@group-8B0D92133C23:LeaderElection2] INFO  impl.RaftServerImpl (ServerState.java:setRaftConf(354)) - 693c1cfc-82ae-4a28-a759-f118ca34e4f1@group-8B0D92133C23: set configuration 0: [693c1cfc-82ae-4a28-a759-f118ca34e4f1:192.168.5.159:42959], old=null at 0
2019-09-23 17:53:20,806 [Thread-246] INFO  impl.FollowerState (FollowerState.java:run(106)) - f69d10d6-6fe6-4100-a250-32c3e6d10aea:group-48EB8F3A43F1 changes to CANDIDATE, lastRpcTime:5004, electionTimeout:5004ms
2019-09-23 17:53:20,807 [Thread-246] INFO  impl.RoleInfo (RoleInfo.java:shutdownFollowerState(121)) - f69d10d6-6fe6-4100-a250-32c3e6d10aea: shutdown FollowerState
2019-09-23 17:53:20,807 [Thread-246] INFO  impl.RaftServerImpl (RaftServerImpl.java:setRole(174)) - f69d10d6-6fe6-4100-a250-32c3e6d10aea@group-48EB8F3A43F1: changes role from  FOLLOWER to CANDIDATE at term 0 for changeToCandidate
2019-09-23 17:53:20,807 [Thread-246] INFO  impl.RoleInfo (RoleInfo.java:updateAndGet(143)) - f69d10d6-6fe6-4100-a250-32c3e6d10aea: start LeaderElection
2019-09-23 17:53:20,830 [f69d10d6-6fe6-4100-a250-32c3e6d10aea@group-48EB8F3A43F1:LeaderElection3] INFO  impl.LeaderElection (LeaderElection.java:askForVotes(182)) - f69d10d6-6fe6-4100-a250-32c3e6d10aea@group-48EB8F3A43F1:LeaderElection3: begin an election at term 1 for -1: [f69d10d6-6fe6-4100-a250-32c3e6d10aea:192.168.5.159:45380], old=null
2019-09-23 17:53:20,830 [f69d10d6-6fe6-4100-a250-32c3e6d10aea@group-48EB8F3A43F1:LeaderElection3] INFO  impl.RoleInfo (RoleInfo.java:shutdownLeaderElection(134)) - f69d10d6-6fe6-4100-a250-32c3e6d10aea: shutdown LeaderElection
2019-09-23 17:53:20,830 [f69d10d6-6fe6-4100-a250-32c3e6d10aea@group-48EB8F3A43F1:LeaderElection3] INFO  impl.RaftServerImpl (RaftServerImpl.java:setRole(174)) - f69d10d6-6fe6-4100-a250-32c3e6d10aea@group-48EB8F3A43F1: changes role from CANDIDATE to LEADER at term 1 for changeToLeader
2019-09-23 17:53:20,831 [f69d10d6-6fe6-4100-a250-32c3e6d10aea@group-48EB8F3A43F1:LeaderElection3] INFO  impl.RaftServerImpl (ServerState.java:setLeader(253)) - f69d10d6-6fe6-4100-a250-32c3e6d10aea@group-48EB8F3A43F1: change Leader from null to f69d10d6-6fe6-4100-a250-32c3e6d10aea at term 1 for becomeLeader, leader elected after 5083ms
2019-09-23 17:53:20,832 [f69d10d6-6fe6-4100-a250-32c3e6d10aea@group-48EB8F3A43F1:LeaderElection3] INFO  server.RaftServerConfigKeys (ConfUtils.java:logGet(43)) - raft.server.staging.catchup.gap = 1000 (default)
2019-09-23 17:53:20,832 [f69d10d6-6fe6-4100-a250-32c3e6d10aea@group-48EB8F3A43F1:LeaderElection3] INFO  server.RaftServerConfigKeys (ConfUtils.java:logGet(43)) - raft.server.rpc.sleep.time = 25ms (default)
2019-09-23 17:53:20,832 [f69d10d6-6fe6-4100-a250-32c3e6d10aea@group-48EB8F3A43F1:LeaderElection3] INFO  server.RaftServerConfigKeys (ConfUtils.java:logGet(43)) - raft.server.write.element-limit = 4096 (default)
2019-09-23 17:53:20,833 [f69d10d6-6fe6-4100-a250-32c3e6d10aea@group-48EB8F3A43F1:LeaderElection3] INFO  server.RaftServerConfigKeys (ConfUtils.java:logGet(43)) - raft.server.watch.timeout = 10s (default)
2019-09-23 17:53:20,833 [f69d10d6-6fe6-4100-a250-32c3e6d10aea@group-48EB8F3A43F1:LeaderElection3] INFO  server.RaftServerConfigKeys (ConfUtils.java:logGet(43)) - raft.server.watch.timeout.denomination = 1s (default)
2019-09-23 17:53:20,833 [f69d10d6-6fe6-4100-a250-32c3e6d10aea@group-48EB8F3A43F1:LeaderElection3] INFO  server.RaftServerConfigKeys (ConfUtils.java:logGet(43)) - raft.server.watch.element-limit = 65536 (default)
2019-09-23 17:53:20,835 [f69d10d6-6fe6-4100-a250-32c3e6d10aea@group-48EB8F3A43F1:LeaderElection3] INFO  impl.RoleInfo (RoleInfo.java:updateAndGet(143)) - f69d10d6-6fe6-4100-a250-32c3e6d10aea: start LeaderState
2019-09-23 17:53:20,835 [f69d10d6-6fe6-4100-a250-32c3e6d10aea@group-48EB8F3A43F1:LeaderElection3] INFO  segmented.SegmentedRaftLogWorker (SegmentedRaftLogWorker.java:startLogSegment(380)) - f69d10d6-6fe6-4100-a250-32c3e6d10aea@group-48EB8F3A43F1-SegmentedRaftLogWorker: Starting segment from index:0
2019-09-23 17:53:20,836 [f69d10d6-6fe6-4100-a250-32c3e6d10aea@group-48EB8F3A43F1:LeaderElection3] INFO  impl.RaftServerImpl (ServerState.java:setRaftConf(354)) - f69d10d6-6fe6-4100-a250-32c3e6d10aea@group-48EB8F3A43F1: set configuration 0: [f69d10d6-6fe6-4100-a250-32c3e6d10aea:192.168.5.159:45380], old=null at 0
2019-09-23 17:53:20,904 [c90e0185-0a25-4df3-88d5-3e8995e9995d@group-16F1583BFE95-SegmentedRaftLogWorker] INFO  segmented.SegmentedRaftLogWorker (SegmentedRaftLogWorker.java:execute(569)) - c90e0185-0a25-4df3-88d5-3e8995e9995d@group-16F1583BFE95-SegmentedRaftLogWorker: created new log segment /workdir/hadoop-ozone/integration-test/target/test-dir/MiniOzoneClusterImpl-dd0b3c1f-9e93-41d1-a2ca-e0857f7eafcc/datanode-0/data/ratis/c7287d6e-b3bc-4d03-80b9-16f1583bfe95/current/log_inprogress_0
2019-09-23 17:53:20,904 [693c1cfc-82ae-4a28-a759-f118ca34e4f1@group-8B0D92133C23-SegmentedRaftLogWorker] INFO  segmented.SegmentedRaftLogWorker (SegmentedRaftLogWorker.java:execute(569)) - 693c1cfc-82ae-4a28-a759-f118ca34e4f1@group-8B0D92133C23-SegmentedRaftLogWorker: created new log segment /workdir/hadoop-ozone/integration-test/target/test-dir/MiniOzoneClusterImpl-dd0b3c1f-9e93-41d1-a2ca-e0857f7eafcc/datanode-5/data/ratis/d2e0c45a-d506-4043-ac44-8b0d92133c23/current/log_inprogress_0
2019-09-23 17:53:20,904 [f69d10d6-6fe6-4100-a250-32c3e6d10aea@group-48EB8F3A43F1-SegmentedRaftLogWorker] INFO  segmented.SegmentedRaftLogWorker (SegmentedRaftLogWorker.java:execute(569)) - f69d10d6-6fe6-4100-a250-32c3e6d10aea@group-48EB8F3A43F1-SegmentedRaftLogWorker: created new log segment /workdir/hadoop-ozone/integration-test/target/test-dir/MiniOzoneClusterImpl-dd0b3c1f-9e93-41d1-a2ca-e0857f7eafcc/datanode-3/data/ratis/96a6d23f-90a1-4d39-84ce-48eb8f3a43f1/current/log_inprogress_0
2019-09-23 17:53:20,946 [Thread-249] INFO  impl.FollowerState (FollowerState.java:run(106)) - 3b97bcc7-e421-4fef-bf65-4480f43ecb20:group-23C6334317FC changes to CANDIDATE, lastRpcTime:5047, electionTimeout:5047ms
2019-09-23 17:53:20,946 [Thread-249] INFO  impl.RoleInfo (RoleInfo.java:shutdownFollowerState(121)) - 3b97bcc7-e421-4fef-bf65-4480f43ecb20: shutdown FollowerState
2019-09-23 17:53:20,947 [Thread-249] INFO  impl.RaftServerImpl (RaftServerImpl.java:setRole(174)) - 3b97bcc7-e421-4fef-bf65-4480f43ecb20@group-23C6334317FC: changes role from  FOLLOWER to CANDIDATE at term 0 for changeToCandidate
2019-09-23 17:53:20,947 [Thread-249] INFO  impl.RoleInfo (RoleInfo.java:updateAndGet(143)) - 3b97bcc7-e421-4fef-bf65-4480f43ecb20: start LeaderElection
2019-09-23 17:53:20,971 [3b97bcc7-e421-4fef-bf65-4480f43ecb20@group-23C6334317FC:LeaderElection4] INFO  impl.LeaderElection (LeaderElection.java:askForVotes(182)) - 3b97bcc7-e421-4fef-bf65-4480f43ecb20@group-23C6334317FC:LeaderElection4: begin an election at term 1 for -1: [3b97bcc7-e421-4fef-bf65-4480f43ecb20:192.168.5.159:39191], old=null
2019-09-23 17:53:20,971 [3b97bcc7-e421-4fef-bf65-4480f43ecb20@group-23C6334317FC:LeaderElection4] INFO  impl.RoleInfo (RoleInfo.java:shutdownLeaderElection(134)) - 3b97bcc7-e421-4fef-bf65-4480f43ecb20: shutdown LeaderElection
2019-09-23 17:53:20,971 [3b97bcc7-e421-4fef-bf65-4480f43ecb20@group-23C6334317FC:LeaderElection4] INFO  impl.RaftServerImpl (RaftServerImpl.java:setRole(174)) - 3b97bcc7-e421-4fef-bf65-4480f43ecb20@group-23C6334317FC: changes role from CANDIDATE to LEADER at term 1 for changeToLeader
2019-09-23 17:53:20,971 [3b97bcc7-e421-4fef-bf65-4480f43ecb20@group-23C6334317FC:LeaderElection4] INFO  impl.RaftServerImpl (ServerState.java:setLeader(253)) - 3b97bcc7-e421-4fef-bf65-4480f43ecb20@group-23C6334317FC: change Leader from null to 3b97bcc7-e421-4fef-bf65-4480f43ecb20 at term 1 for becomeLeader, leader elected after 5086ms
2019-09-23 17:53:20,973 [3b97bcc7-e421-4fef-bf65-4480f43ecb20@group-23C6334317FC:LeaderElection4] INFO  server.RaftServerConfigKeys (ConfUtils.java:logGet(43)) - raft.server.staging.catchup.gap = 1000 (default)
2019-09-23 17:53:20,974 [3b97bcc7-e421-4fef-bf65-4480f43ecb20@group-23C6334317FC:LeaderElection4] INFO  server.RaftServerConfigKeys (ConfUtils.java:logGet(43)) - raft.server.rpc.sleep.time = 25ms (default)
2019-09-23 17:53:20,974 [3b97bcc7-e421-4fef-bf65-4480f43ecb20@group-23C6334317FC:LeaderElection4] INFO  server.RaftServerConfigKeys (ConfUtils.java:logGet(43)) - raft.server.write.element-limit = 4096 (default)
2019-09-23 17:53:20,974 [3b97bcc7-e421-4fef-bf65-4480f43ecb20@group-23C6334317FC:LeaderElection4] INFO  server.RaftServerConfigKeys (ConfUtils.java:logGet(43)) - raft.server.watch.timeout = 10s (default)
2019-09-23 17:53:20,974 [3b97bcc7-e421-4fef-bf65-4480f43ecb20@group-23C6334317FC:LeaderElection4] INFO  server.RaftServerConfigKeys (ConfUtils.java:logGet(43)) - raft.server.watch.timeout.denomination = 1s (default)
2019-09-23 17:53:20,974 [3b97bcc7-e421-4fef-bf65-4480f43ecb20@group-23C6334317FC:LeaderElection4] INFO  server.RaftServerConfigKeys (ConfUtils.java:logGet(43)) - raft.server.watch.element-limit = 65536 (default)
2019-09-23 17:53:20,978 [3b97bcc7-e421-4fef-bf65-4480f43ecb20@group-23C6334317FC:LeaderElection4] INFO  impl.RoleInfo (RoleInfo.java:updateAndGet(143)) - 3b97bcc7-e421-4fef-bf65-4480f43ecb20: start LeaderState
2019-09-23 17:53:20,978 [3b97bcc7-e421-4fef-bf65-4480f43ecb20@group-23C6334317FC:LeaderElection4] INFO  segmented.SegmentedRaftLogWorker (SegmentedRaftLogWorker.java:startLogSegment(380)) - 3b97bcc7-e421-4fef-bf65-4480f43ecb20@group-23C6334317FC-SegmentedRaftLogWorker: Starting segment from index:0
2019-09-23 17:53:20,979 [3b97bcc7-e421-4fef-bf65-4480f43ecb20@group-23C6334317FC:LeaderElection4] INFO  impl.RaftServerImpl (ServerState.java:setRaftConf(354)) - 3b97bcc7-e421-4fef-bf65-4480f43ecb20@group-23C6334317FC: set configuration 0: [3b97bcc7-e421-4fef-bf65-4480f43ecb20:192.168.5.159:39191], old=null at 0
2019-09-23 17:53:21,027 [3b97bcc7-e421-4fef-bf65-4480f43ecb20@group-23C6334317FC-SegmentedRaftLogWorker] INFO  segmented.SegmentedRaftLogWorker (SegmentedRaftLogWorker.java:execute(569)) - 3b97bcc7-e421-4fef-bf65-4480f43ecb20@group-23C6334317FC-SegmentedRaftLogWorker: created new log segment /workdir/hadoop-ozone/integration-test/target/test-dir/MiniOzoneClusterImpl-dd0b3c1f-9e93-41d1-a2ca-e0857f7eafcc/datanode-6/data/ratis/54baa615-f969-4a60-86b5-23c6334317fc/current/log_inprogress_0
2019-09-23 17:53:21,155 [Thread-255] INFO  impl.FollowerState (FollowerState.java:run(106)) - cb813c6c-38bf-4192-ba89-344db3cd4fce:group-FCBB7B2B7296 changes to CANDIDATE, lastRpcTime:5067, electionTimeout:5067ms
2019-09-23 17:53:21,156 [Thread-255] INFO  impl.RoleInfo (RoleInfo.java:shutdownFollowerState(121)) - cb813c6c-38bf-4192-ba89-344db3cd4fce: shutdown FollowerState
2019-09-23 17:53:21,156 [Thread-255] INFO  impl.RaftServerImpl (RaftServerImpl.java:setRole(174)) - cb813c6c-38bf-4192-ba89-344db3cd4fce@group-FCBB7B2B7296: changes role from  FOLLOWER to CANDIDATE at term 0 for changeToCandidate
2019-09-23 17:53:21,156 [Thread-255] INFO  impl.RoleInfo (RoleInfo.java:updateAndGet(143)) - cb813c6c-38bf-4192-ba89-344db3cd4fce: start LeaderElection
2019-09-23 17:53:21,163 [Thread-252] INFO  impl.FollowerState (FollowerState.java:run(106)) - 9fe3ac6d-823a-4d7f-a140-5420168d3df0:group-149EEF2D0F91 changes to CANDIDATE, lastRpcTime:5163, electionTimeout:5163ms
2019-09-23 17:53:21,166 [Thread-252] INFO  impl.RoleInfo (RoleInfo.java:shutdownFollowerState(121)) - 9fe3ac6d-823a-4d7f-a140-5420168d3df0: shutdown FollowerState
2019-09-23 17:53:21,166 [Thread-252] INFO  impl.RaftServerImpl (RaftServerImpl.java:setRole(174)) - 9fe3ac6d-823a-4d7f-a140-5420168d3df0@group-149EEF2D0F91: changes role from  FOLLOWER to CANDIDATE at term 0 for changeToCandidate
2019-09-23 17:53:21,166 [Thread-252] INFO  impl.RoleInfo (RoleInfo.java:updateAndGet(143)) - 9fe3ac6d-823a-4d7f-a140-5420168d3df0: start LeaderElection
2019-09-23 17:53:21,185 [cb813c6c-38bf-4192-ba89-344db3cd4fce@group-FCBB7B2B7296:LeaderElection5] INFO  impl.LeaderElection (LeaderElection.java:askForVotes(182)) - cb813c6c-38bf-4192-ba89-344db3cd4fce@group-FCBB7B2B7296:LeaderElection5: begin an election at term 1 for -1: [cb813c6c-38bf-4192-ba89-344db3cd4fce:192.168.5.159:33804], old=null
2019-09-23 17:53:21,185 [9fe3ac6d-823a-4d7f-a140-5420168d3df0@group-149EEF2D0F91:LeaderElection6] INFO  impl.LeaderElection (LeaderElection.java:askForVotes(182)) - 9fe3ac6d-823a-4d7f-a140-5420168d3df0@group-149EEF2D0F91:LeaderElection6: begin an election at term 1 for -1: [9fe3ac6d-823a-4d7f-a140-5420168d3df0:192.168.5.159:39104], old=null
2019-09-23 17:53:21,185 [cb813c6c-38bf-4192-ba89-344db3cd4fce@group-FCBB7B2B7296:LeaderElection5] INFO  impl.RoleInfo (RoleInfo.java:shutdownLeaderElection(134)) - cb813c6c-38bf-4192-ba89-344db3cd4fce: shutdown LeaderElection
2019-09-23 17:53:21,185 [9fe3ac6d-823a-4d7f-a140-5420168d3df0@group-149EEF2D0F91:LeaderElection6] INFO  impl.RoleInfo (RoleInfo.java:shutdownLeaderElection(134)) - 9fe3ac6d-823a-4d7f-a140-5420168d3df0: shutdown LeaderElection
2019-09-23 17:53:21,185 [cb813c6c-38bf-4192-ba89-344db3cd4fce@group-FCBB7B2B7296:LeaderElection5] INFO  impl.RaftServerImpl (RaftServerImpl.java:setRole(174)) - cb813c6c-38bf-4192-ba89-344db3cd4fce@group-FCBB7B2B7296: changes role from CANDIDATE to LEADER at term 1 for changeToLeader
2019-09-23 17:53:21,185 [9fe3ac6d-823a-4d7f-a140-5420168d3df0@group-149EEF2D0F91:LeaderElection6] INFO  impl.RaftServerImpl (RaftServerImpl.java:setRole(174)) - 9fe3ac6d-823a-4d7f-a140-5420168d3df0@group-149EEF2D0F91: changes role from CANDIDATE to LEADER at term 1 for changeToLeader
2019-09-23 17:53:21,186 [cb813c6c-38bf-4192-ba89-344db3cd4fce@group-FCBB7B2B7296:LeaderElection5] INFO  impl.RaftServerImpl (ServerState.java:setLeader(253)) - cb813c6c-38bf-4192-ba89-344db3cd4fce@group-FCBB7B2B7296: change Leader from null to cb813c6c-38bf-4192-ba89-344db3cd4fce at term 1 for becomeLeader, leader elected after 5109ms
2019-09-23 17:53:21,186 [9fe3ac6d-823a-4d7f-a140-5420168d3df0@group-149EEF2D0F91:LeaderElection6] INFO  impl.RaftServerImpl (ServerState.java:setLeader(253)) - 9fe3ac6d-823a-4d7f-a140-5420168d3df0@group-149EEF2D0F91: change Leader from null to 9fe3ac6d-823a-4d7f-a140-5420168d3df0 at term 1 for becomeLeader, leader elected after 5202ms
2019-09-23 17:53:21,188 [cb813c6c-38bf-4192-ba89-344db3cd4fce@group-FCBB7B2B7296:LeaderElection5] INFO  server.RaftServerConfigKeys (ConfUtils.java:logGet(43)) - raft.server.staging.catchup.gap = 1000 (default)
2019-09-23 17:53:21,190 [9fe3ac6d-823a-4d7f-a140-5420168d3df0@group-149EEF2D0F91:LeaderElection6] INFO  server.RaftServerConfigKeys (ConfUtils.java:logGet(43)) - raft.server.staging.catchup.gap = 1000 (default)
2019-09-23 17:53:21,190 [cb813c6c-38bf-4192-ba89-344db3cd4fce@group-FCBB7B2B7296:LeaderElection5] INFO  server.RaftServerConfigKeys (ConfUtils.java:logGet(43)) - raft.server.rpc.sleep.time = 25ms (default)
2019-09-23 17:53:21,190 [9fe3ac6d-823a-4d7f-a140-5420168d3df0@group-149EEF2D0F91:LeaderElection6] INFO  server.RaftServerConfigKeys (ConfUtils.java:logGet(43)) - raft.server.rpc.sleep.time = 25ms (default)
2019-09-23 17:53:21,190 [cb813c6c-38bf-4192-ba89-344db3cd4fce@group-FCBB7B2B7296:LeaderElection5] INFO  server.RaftServerConfigKeys (ConfUtils.java:logGet(43)) - raft.server.write.element-limit = 4096 (default)
2019-09-23 17:53:21,190 [9fe3ac6d-823a-4d7f-a140-5420168d3df0@group-149EEF2D0F91:LeaderElection6] INFO  server.RaftServerConfigKeys (ConfUtils.java:logGet(43)) - raft.server.write.element-limit = 4096 (default)
2019-09-23 17:53:21,190 [cb813c6c-38bf-4192-ba89-344db3cd4fce@group-FCBB7B2B7296:LeaderElection5] INFO  server.RaftServerConfigKeys (ConfUtils.java:logGet(43)) - raft.server.watch.timeout = 10s (default)
2019-09-23 17:53:21,191 [9fe3ac6d-823a-4d7f-a140-5420168d3df0@group-149EEF2D0F91:LeaderElection6] INFO  server.RaftServerConfigKeys (ConfUtils.java:logGet(43)) - raft.server.watch.timeout = 10s (default)
2019-09-23 17:53:21,191 [cb813c6c-38bf-4192-ba89-344db3cd4fce@group-FCBB7B2B7296:LeaderElection5] INFO  server.RaftServerConfigKeys (ConfUtils.java:logGet(43)) - raft.server.watch.timeout.denomination = 1s (default)
2019-09-23 17:53:21,191 [9fe3ac6d-823a-4d7f-a140-5420168d3df0@group-149EEF2D0F91:LeaderElection6] INFO  server.RaftServerConfigKeys (ConfUtils.java:logGet(43)) - raft.server.watch.timeout.denomination = 1s (default)
2019-09-23 17:53:21,191 [cb813c6c-38bf-4192-ba89-344db3cd4fce@group-FCBB7B2B7296:LeaderElection5] INFO  server.RaftServerConfigKeys (ConfUtils.java:logGet(43)) - raft.server.watch.element-limit = 65536 (default)
2019-09-23 17:53:21,191 [9fe3ac6d-823a-4d7f-a140-5420168d3df0@group-149EEF2D0F91:LeaderElection6] INFO  server.RaftServerConfigKeys (ConfUtils.java:logGet(43)) - raft.server.watch.element-limit = 65536 (default)
2019-09-23 17:53:21,195 [cb813c6c-38bf-4192-ba89-344db3cd4fce@group-FCBB7B2B7296:LeaderElection5] INFO  impl.RoleInfo (RoleInfo.java:updateAndGet(143)) - cb813c6c-38bf-4192-ba89-344db3cd4fce: start LeaderState
2019-09-23 17:53:21,195 [cb813c6c-38bf-4192-ba89-344db3cd4fce@group-FCBB7B2B7296:LeaderElection5] INFO  segmented.SegmentedRaftLogWorker (SegmentedRaftLogWorker.java:startLogSegment(380)) - cb813c6c-38bf-4192-ba89-344db3cd4fce@group-FCBB7B2B7296-SegmentedRaftLogWorker: Starting segment from index:0
2019-09-23 17:53:21,195 [9fe3ac6d-823a-4d7f-a140-5420168d3df0@group-149EEF2D0F91:LeaderElection6] INFO  impl.RoleInfo (RoleInfo.java:updateAndGet(143)) - 9fe3ac6d-823a-4d7f-a140-5420168d3df0: start LeaderState
2019-09-23 17:53:21,196 [9fe3ac6d-823a-4d7f-a140-5420168d3df0@group-149EEF2D0F91:LeaderElection6] INFO  segmented.SegmentedRaftLogWorker (SegmentedRaftLogWorker.java:startLogSegment(380)) - 9fe3ac6d-823a-4d7f-a140-5420168d3df0@group-149EEF2D0F91-SegmentedRaftLogWorker: Starting segment from index:0
2019-09-23 17:53:21,196 [cb813c6c-38bf-4192-ba89-344db3cd4fce@group-FCBB7B2B7296:LeaderElection5] INFO  impl.RaftServerImpl (ServerState.java:setRaftConf(354)) - cb813c6c-38bf-4192-ba89-344db3cd4fce@group-FCBB7B2B7296: set configuration 0: [cb813c6c-38bf-4192-ba89-344db3cd4fce:192.168.5.159:33804], old=null at 0
2019-09-23 17:53:21,234 [9fe3ac6d-823a-4d7f-a140-5420168d3df0@group-149EEF2D0F91:LeaderElection6] INFO  impl.RaftServerImpl (ServerState.java:setRaftConf(354)) - 9fe3ac6d-823a-4d7f-a140-5420168d3df0@group-149EEF2D0F91: set configuration 0: [9fe3ac6d-823a-4d7f-a140-5420168d3df0:192.168.5.159:39104], old=null at 0
2019-09-23 17:53:21,273 [cb813c6c-38bf-4192-ba89-344db3cd4fce@group-FCBB7B2B7296-SegmentedRaftLogWorker] INFO  segmented.SegmentedRaftLogWorker (SegmentedRaftLogWorker.java:execute(569)) - cb813c6c-38bf-4192-ba89-344db3cd4fce@group-FCBB7B2B7296-SegmentedRaftLogWorker: created new log segment /workdir/hadoop-ozone/integration-test/target/test-dir/MiniOzoneClusterImpl-dd0b3c1f-9e93-41d1-a2ca-e0857f7eafcc/datanode-1/data/ratis/1751e928-7d55-474b-a672-fcbb7b2b7296/current/log_inprogress_0
2019-09-23 17:53:21,274 [Thread-258] INFO  impl.FollowerState (FollowerState.java:run(106)) - 167f47c5-7d47-4185-a398-0c9407b8c4b2:group-BE0761945502 changes to CANDIDATE, lastRpcTime:5098, electionTimeout:5072ms
2019-09-23 17:53:21,274 [Thread-258] INFO  impl.RoleInfo (RoleInfo.java:shutdownFollowerState(121)) - 167f47c5-7d47-4185-a398-0c9407b8c4b2: shutdown FollowerState
2019-09-23 17:53:21,274 [Thread-258] INFO  impl.RaftServerImpl (RaftServerImpl.java:setRole(174)) - 167f47c5-7d47-4185-a398-0c9407b8c4b2@group-BE0761945502: changes role from  FOLLOWER to CANDIDATE at term 0 for changeToCandidate
2019-09-23 17:53:21,275 [Thread-258] INFO  impl.RoleInfo (RoleInfo.java:updateAndGet(143)) - 167f47c5-7d47-4185-a398-0c9407b8c4b2: start LeaderElection
2019-09-23 17:53:21,300 [9fe3ac6d-823a-4d7f-a140-5420168d3df0@group-149EEF2D0F91-SegmentedRaftLogWorker] INFO  segmented.SegmentedRaftLogWorker (SegmentedRaftLogWorker.java:execute(569)) - 9fe3ac6d-823a-4d7f-a140-5420168d3df0@group-149EEF2D0F91-SegmentedRaftLogWorker: created new log segment /workdir/hadoop-ozone/integration-test/target/test-dir/MiniOzoneClusterImpl-dd0b3c1f-9e93-41d1-a2ca-e0857f7eafcc/datanode-4/data/ratis/0cfc90da-d439-4a6c-b219-149eef2d0f91/current/log_inprogress_0
2019-09-23 17:53:21,300 [167f47c5-7d47-4185-a398-0c9407b8c4b2@group-BE0761945502:LeaderElection7] INFO  impl.LeaderElection (LeaderElection.java:askForVotes(182)) - 167f47c5-7d47-4185-a398-0c9407b8c4b2@group-BE0761945502:LeaderElection7: begin an election at term 1 for -1: [167f47c5-7d47-4185-a398-0c9407b8c4b2:192.168.5.159:33735], old=null
2019-09-23 17:53:21,300 [167f47c5-7d47-4185-a398-0c9407b8c4b2@group-BE0761945502:LeaderElection7] INFO  impl.RoleInfo (RoleInfo.java:shutdownLeaderElection(134)) - 167f47c5-7d47-4185-a398-0c9407b8c4b2: shutdown LeaderElection
2019-09-23 17:53:21,300 [167f47c5-7d47-4185-a398-0c9407b8c4b2@group-BE0761945502:LeaderElection7] INFO  impl.RaftServerImpl (RaftServerImpl.java:setRole(174)) - 167f47c5-7d47-4185-a398-0c9407b8c4b2@group-BE0761945502: changes role from CANDIDATE to LEADER at term 1 for changeToLeader
2019-09-23 17:53:21,300 [167f47c5-7d47-4185-a398-0c9407b8c4b2@group-BE0761945502:LeaderElection7] INFO  impl.RaftServerImpl (ServerState.java:setLeader(253)) - 167f47c5-7d47-4185-a398-0c9407b8c4b2@group-BE0761945502: change Leader from null to 167f47c5-7d47-4185-a398-0c9407b8c4b2 at term 1 for becomeLeader, leader elected after 5137ms
2019-09-23 17:53:21,302 [167f47c5-7d47-4185-a398-0c9407b8c4b2@group-BE0761945502:LeaderElection7] INFO  server.RaftServerConfigKeys (ConfUtils.java:logGet(43)) - raft.server.staging.catchup.gap = 1000 (default)
2019-09-23 17:53:21,303 [167f47c5-7d47-4185-a398-0c9407b8c4b2@group-BE0761945502:LeaderElection7] INFO  server.RaftServerConfigKeys (ConfUtils.java:logGet(43)) - raft.server.rpc.sleep.time = 25ms (default)
2019-09-23 17:53:21,303 [167f47c5-7d47-4185-a398-0c9407b8c4b2@group-BE0761945502:LeaderElection7] INFO  server.RaftServerConfigKeys (ConfUtils.java:logGet(43)) - raft.server.write.element-limit = 4096 (default)
2019-09-23 17:53:21,303 [167f47c5-7d47-4185-a398-0c9407b8c4b2@group-BE0761945502:LeaderElection7] INFO  server.RaftServerConfigKeys (ConfUtils.java:logGet(43)) - raft.server.watch.timeout = 10s (default)
2019-09-23 17:53:21,303 [167f47c5-7d47-4185-a398-0c9407b8c4b2@group-BE0761945502:LeaderElection7] INFO  server.RaftServerConfigKeys (ConfUtils.java:logGet(43)) - raft.server.watch.timeout.denomination = 1s (default)
2019-09-23 17:53:21,304 [167f47c5-7d47-4185-a398-0c9407b8c4b2@group-BE0761945502:LeaderElection7] INFO  server.RaftServerConfigKeys (ConfUtils.java:logGet(43)) - raft.server.watch.element-limit = 65536 (default)
2019-09-23 17:53:21,307 [167f47c5-7d47-4185-a398-0c9407b8c4b2@group-BE0761945502:LeaderElection7] INFO  impl.RoleInfo (RoleInfo.java:updateAndGet(143)) - 167f47c5-7d47-4185-a398-0c9407b8c4b2: start LeaderState
2019-09-23 17:53:21,307 [167f47c5-7d47-4185-a398-0c9407b8c4b2@group-BE0761945502:LeaderElection7] INFO  segmented.SegmentedRaftLogWorker (SegmentedRaftLogWorker.java:startLogSegment(380)) - 167f47c5-7d47-4185-a398-0c9407b8c4b2@group-BE0761945502-SegmentedRaftLogWorker: Starting segment from index:0
2019-09-23 17:53:21,308 [167f47c5-7d47-4185-a398-0c9407b8c4b2@group-BE0761945502:LeaderElection7] INFO  impl.RaftServerImpl (ServerState.java:setRaftConf(354)) - 167f47c5-7d47-4185-a398-0c9407b8c4b2@group-BE0761945502: set configuration 0: [167f47c5-7d47-4185-a398-0c9407b8c4b2:192.168.5.159:33735], old=null at 0
2019-09-23 17:53:21,352 [Thread-266] INFO  impl.FollowerState (FollowerState.java:run(106)) - f69d10d6-6fe6-4100-a250-32c3e6d10aea:group-72DD09B001F9 changes to CANDIDATE, lastRpcTime:5057, electionTimeout:5016ms
2019-09-23 17:53:21,352 [Thread-266] INFO  impl.RoleInfo (RoleInfo.java:shutdownFollowerState(121)) - f69d10d6-6fe6-4100-a250-32c3e6d10aea: shutdown FollowerState
2019-09-23 17:53:21,352 [Thread-266] INFO  impl.RaftServerImpl (RaftServerImpl.java:setRole(174)) - f69d10d6-6fe6-4100-a250-32c3e6d10aea@group-72DD09B001F9: changes role from  FOLLOWER to CANDIDATE at term 0 for changeToCandidate
2019-09-23 17:53:21,352 [Thread-266] INFO  impl.RoleInfo (RoleInfo.java:updateAndGet(143)) - f69d10d6-6fe6-4100-a250-32c3e6d10aea: start LeaderElection
2019-09-23 17:53:21,363 [Thread-263] INFO  impl.FollowerState (FollowerState.java:run(106)) - 693c1cfc-82ae-4a28-a759-f118ca34e4f1:group-72DD09B001F9 changes to CANDIDATE, lastRpcTime:5077, electionTimeout:5077ms
2019-09-23 17:53:21,363 [Thread-263] INFO  impl.RoleInfo (RoleInfo.java:shutdownFollowerState(121)) - 693c1cfc-82ae-4a28-a759-f118ca34e4f1: shutdown FollowerState
2019-09-23 17:53:21,363 [Thread-263] INFO  impl.RaftServerImpl (RaftServerImpl.java:setRole(174)) - 693c1cfc-82ae-4a28-a759-f118ca34e4f1@group-72DD09B001F9: changes role from  FOLLOWER to CANDIDATE at term 0 for changeToCandidate
2019-09-23 17:53:21,363 [Thread-263] INFO  impl.RoleInfo (RoleInfo.java:updateAndGet(143)) - 693c1cfc-82ae-4a28-a759-f118ca34e4f1: start LeaderElection
2019-09-23 17:53:21,377 [167f47c5-7d47-4185-a398-0c9407b8c4b2@group-BE0761945502-SegmentedRaftLogWorker] INFO  segmented.SegmentedRaftLogWorker (SegmentedRaftLogWorker.java:execute(569)) - 167f47c5-7d47-4185-a398-0c9407b8c4b2@group-BE0761945502-SegmentedRaftLogWorker: created new log segment /workdir/hadoop-ozone/integration-test/target/test-dir/MiniOzoneClusterImpl-dd0b3c1f-9e93-41d1-a2ca-e0857f7eafcc/datanode-2/data/ratis/d4985755-a999-4cff-9dab-be0761945502/current/log_inprogress_0
2019-09-23 17:53:21,377 [f69d10d6-6fe6-4100-a250-32c3e6d10aea@group-72DD09B001F9:LeaderElection8] INFO  impl.LeaderElection (LeaderElection.java:askForVotes(182)) - f69d10d6-6fe6-4100-a250-32c3e6d10aea@group-72DD09B001F9:LeaderElection8: begin an election at term 1 for -1: [c90e0185-0a25-4df3-88d5-3e8995e9995d:192.168.5.159:45395, f69d10d6-6fe6-4100-a250-32c3e6d10aea:192.168.5.159:45380, 693c1cfc-82ae-4a28-a759-f118ca34e4f1:192.168.5.159:42959], old=null
2019-09-23 17:53:21,379 [Thread-267] INFO  impl.FollowerState (FollowerState.java:run(106)) - c90e0185-0a25-4df3-88d5-3e8995e9995d:group-72DD09B001F9 changes to CANDIDATE, lastRpcTime:5078, electionTimeout:5070ms
2019-09-23 17:53:21,380 [Thread-267] INFO  impl.RoleInfo (RoleInfo.java:shutdownFollowerState(121)) - c90e0185-0a25-4df3-88d5-3e8995e9995d: shutdown FollowerState
2019-09-23 17:53:21,380 [Thread-267] INFO  impl.RaftServerImpl (RaftServerImpl.java:setRole(174)) - c90e0185-0a25-4df3-88d5-3e8995e9995d@group-72DD09B001F9: changes role from  FOLLOWER to CANDIDATE at term 0 for changeToCandidate
2019-09-23 17:53:21,380 [Thread-267] INFO  impl.RoleInfo (RoleInfo.java:updateAndGet(143)) - c90e0185-0a25-4df3-88d5-3e8995e9995d: start LeaderElection
2019-09-23 17:53:21,400 [693c1cfc-82ae-4a28-a759-f118ca34e4f1@group-72DD09B001F9:LeaderElection9] INFO  impl.LeaderElection (LeaderElection.java:askForVotes(182)) - 693c1cfc-82ae-4a28-a759-f118ca34e4f1@group-72DD09B001F9:LeaderElection9: begin an election at term 1 for -1: [c90e0185-0a25-4df3-88d5-3e8995e9995d:192.168.5.159:45395, f69d10d6-6fe6-4100-a250-32c3e6d10aea:192.168.5.159:45380, 693c1cfc-82ae-4a28-a759-f118ca34e4f1:192.168.5.159:42959], old=null
2019-09-23 17:53:21,400 [c90e0185-0a25-4df3-88d5-3e8995e9995d@group-72DD09B001F9:LeaderElection10] INFO  impl.LeaderElection (LeaderElection.java:askForVotes(182)) - c90e0185-0a25-4df3-88d5-3e8995e9995d@group-72DD09B001F9:LeaderElection10: begin an election at term 1 for -1: [c90e0185-0a25-4df3-88d5-3e8995e9995d:192.168.5.159:45395, f69d10d6-6fe6-4100-a250-32c3e6d10aea:192.168.5.159:45380, 693c1cfc-82ae-4a28-a759-f118ca34e4f1:192.168.5.159:42959], old=null
2019-09-23 17:53:21,461 [f69d10d6-6fe6-4100-a250-32c3e6d10aea@group-72DD09B001F9:LeaderElection8] INFO  impl.LeaderElection (LeaderElection.java:logAndReturn(56)) - f69d10d6-6fe6-4100-a250-32c3e6d10aea@group-72DD09B001F9:LeaderElection8: Election REJECTED; received 2 response(s) [f69d10d6-6fe6-4100-a250-32c3e6d10aea<-c90e0185-0a25-4df3-88d5-3e8995e9995d#0:FAIL-t1, f69d10d6-6fe6-4100-a250-32c3e6d10aea<-693c1cfc-82ae-4a28-a759-f118ca34e4f1#0:FAIL-t1] and 0 exception(s); f69d10d6-6fe6-4100-a250-32c3e6d10aea@group-72DD09B001F9:t1, leader=null, voted=f69d10d6-6fe6-4100-a250-32c3e6d10aea, raftlog=f69d10d6-6fe6-4100-a250-32c3e6d10aea@group-72DD09B001F9-SegmentedRaftLog:OPENED:c-1,f-1,i0, conf=-1: [c90e0185-0a25-4df3-88d5-3e8995e9995d:192.168.5.159:45395, f69d10d6-6fe6-4100-a250-32c3e6d10aea:192.168.5.159:45380, 693c1cfc-82ae-4a28-a759-f118ca34e4f1:192.168.5.159:42959], old=null
2019-09-23 17:53:21,465 [c90e0185-0a25-4df3-88d5-3e8995e9995d@group-72DD09B001F9:LeaderElection10] INFO  impl.LeaderElection (LeaderElection.java:logAndReturn(56)) - c90e0185-0a25-4df3-88d5-3e8995e9995d@group-72DD09B001F9:LeaderElection10: Election REJECTED; received 2 response(s) [c90e0185-0a25-4df3-88d5-3e8995e9995d<-f69d10d6-6fe6-4100-a250-32c3e6d10aea#0:FAIL-t1, c90e0185-0a25-4df3-88d5-3e8995e9995d<-693c1cfc-82ae-4a28-a759-f118ca34e4f1#0:FAIL-t1] and 0 exception(s); c90e0185-0a25-4df3-88d5-3e8995e9995d@group-72DD09B001F9:t1, leader=null, voted=c90e0185-0a25-4df3-88d5-3e8995e9995d, raftlog=c90e0185-0a25-4df3-88d5-3e8995e9995d@group-72DD09B001F9-SegmentedRaftLog:OPENED:c-1,f-1,i0, conf=-1: [c90e0185-0a25-4df3-88d5-3e8995e9995d:192.168.5.159:45395, f69d10d6-6fe6-4100-a250-32c3e6d10aea:192.168.5.159:45380, 693c1cfc-82ae-4a28-a759-f118ca34e4f1:192.168.5.159:42959], old=null
2019-09-23 17:53:21,465 [c90e0185-0a25-4df3-88d5-3e8995e9995d@group-72DD09B001F9:LeaderElection10] INFO  impl.RaftServerImpl (RaftServerImpl.java:setRole(174)) - c90e0185-0a25-4df3-88d5-3e8995e9995d@group-72DD09B001F9: changes role from CANDIDATE to FOLLOWER at term 1 for DISCOVERED_A_NEW_TERM
2019-09-23 17:53:21,469 [c90e0185-0a25-4df3-88d5-3e8995e9995d@group-72DD09B001F9:LeaderElection10] INFO  impl.RoleInfo (RoleInfo.java:shutdownLeaderElection(134)) - c90e0185-0a25-4df3-88d5-3e8995e9995d: shutdown LeaderElection
2019-09-23 17:53:21,465 [f69d10d6-6fe6-4100-a250-32c3e6d10aea@group-72DD09B001F9:LeaderElection8] INFO  impl.RaftServerImpl (RaftServerImpl.java:setRole(174)) - f69d10d6-6fe6-4100-a250-32c3e6d10aea@group-72DD09B001F9: changes role from CANDIDATE to FOLLOWER at term 1 for DISCOVERED_A_NEW_TERM
2019-09-23 17:53:21,470 [c90e0185-0a25-4df3-88d5-3e8995e9995d@group-72DD09B001F9:LeaderElection10] INFO  impl.RoleInfo (RoleInfo.java:updateAndGet(143)) - c90e0185-0a25-4df3-88d5-3e8995e9995d: start FollowerState
2019-09-23 17:53:21,471 [f69d10d6-6fe6-4100-a250-32c3e6d10aea@group-72DD09B001F9:LeaderElection8] INFO  impl.RoleInfo (RoleInfo.java:shutdownLeaderElection(134)) - f69d10d6-6fe6-4100-a250-32c3e6d10aea: shutdown LeaderElection
2019-09-23 17:53:21,473 [f69d10d6-6fe6-4100-a250-32c3e6d10aea@group-72DD09B001F9:LeaderElection8] INFO  impl.RoleInfo (RoleInfo.java:updateAndGet(143)) - f69d10d6-6fe6-4100-a250-32c3e6d10aea: start FollowerState
2019-09-23 17:53:21,477 [693c1cfc-82ae-4a28-a759-f118ca34e4f1@group-72DD09B001F9:LeaderElection9] INFO  impl.LeaderElection (LeaderElection.java:logAndReturn(56)) - 693c1cfc-82ae-4a28-a759-f118ca34e4f1@group-72DD09B001F9:LeaderElection9: Election REJECTED; received 2 response(s) [693c1cfc-82ae-4a28-a759-f118ca34e4f1<-c90e0185-0a25-4df3-88d5-3e8995e9995d#0:FAIL-t1, 693c1cfc-82ae-4a28-a759-f118ca34e4f1<-f69d10d6-6fe6-4100-a250-32c3e6d10aea#0:FAIL-t1] and 0 exception(s); 693c1cfc-82ae-4a28-a759-f118ca34e4f1@group-72DD09B001F9:t1, leader=null, voted=693c1cfc-82ae-4a28-a759-f118ca34e4f1, raftlog=693c1cfc-82ae-4a28-a759-f118ca34e4f1@group-72DD09B001F9-SegmentedRaftLog:OPENED:c-1,f-1,i0, conf=-1: [c90e0185-0a25-4df3-88d5-3e8995e9995d:192.168.5.159:45395, f69d10d6-6fe6-4100-a250-32c3e6d10aea:192.168.5.159:45380, 693c1cfc-82ae-4a28-a759-f118ca34e4f1:192.168.5.159:42959], old=null
2019-09-23 17:53:21,477 [693c1cfc-82ae-4a28-a759-f118ca34e4f1@group-72DD09B001F9:LeaderElection9] INFO  impl.RaftServerImpl (RaftServerImpl.java:setRole(174)) - 693c1cfc-82ae-4a28-a759-f118ca34e4f1@group-72DD09B001F9: changes role from CANDIDATE to FOLLOWER at term 1 for DISCOVERED_A_NEW_TERM
2019-09-23 17:53:21,481 [693c1cfc-82ae-4a28-a759-f118ca34e4f1@group-72DD09B001F9:LeaderElection9] INFO  impl.RoleInfo (RoleInfo.java:shutdownLeaderElection(134)) - 693c1cfc-82ae-4a28-a759-f118ca34e4f1: shutdown LeaderElection
2019-09-23 17:53:21,481 [693c1cfc-82ae-4a28-a759-f118ca34e4f1@group-72DD09B001F9:LeaderElection9] INFO  impl.RoleInfo (RoleInfo.java:updateAndGet(143)) - 693c1cfc-82ae-4a28-a759-f118ca34e4f1: start FollowerState
2019-09-23 17:53:21,517 [Thread-274] INFO  impl.FollowerState (FollowerState.java:run(106)) - cb813c6c-38bf-4192-ba89-344db3cd4fce:group-24D98893F38C changes to CANDIDATE, lastRpcTime:5079, electionTimeout:5079ms
2019-09-23 17:53:21,519 [Thread-274] INFO  impl.RoleInfo (RoleInfo.java:shutdownFollowerState(121)) - cb813c6c-38bf-4192-ba89-344db3cd4fce: shutdown FollowerState
2019-09-23 17:53:21,519 [Thread-274] INFO  impl.RaftServerImpl (RaftServerImpl.java:setRole(174)) - cb813c6c-38bf-4192-ba89-344db3cd4fce@group-24D98893F38C: changes role from  FOLLOWER to CANDIDATE at term 0 for changeToCandidate
2019-09-23 17:53:21,519 [Thread-274] INFO  impl.RoleInfo (RoleInfo.java:updateAndGet(143)) - cb813c6c-38bf-4192-ba89-344db3cd4fce: start LeaderElection
2019-09-23 17:53:21,527 [Thread-273] INFO  impl.FollowerState (FollowerState.java:run(106)) - 9fe3ac6d-823a-4d7f-a140-5420168d3df0:group-24D98893F38C changes to CANDIDATE, lastRpcTime:5090, electionTimeout:5090ms
2019-09-23 17:53:21,527 [Thread-273] INFO  impl.RoleInfo (RoleInfo.java:shutdownFollowerState(121)) - 9fe3ac6d-823a-4d7f-a140-5420168d3df0: shutdown FollowerState
2019-09-23 17:53:21,528 [Thread-273] INFO  impl.RaftServerImpl (RaftServerImpl.java:setRole(174)) - 9fe3ac6d-823a-4d7f-a140-5420168d3df0@group-24D98893F38C: changes role from  FOLLOWER to CANDIDATE at term 0 for changeToCandidate
2019-09-23 17:53:21,528 [Thread-273] INFO  impl.RoleInfo (RoleInfo.java:updateAndGet(143)) - 9fe3ac6d-823a-4d7f-a140-5420168d3df0: start LeaderElection
2019-09-23 17:53:21,540 [cb813c6c-38bf-4192-ba89-344db3cd4fce@group-24D98893F38C:LeaderElection11] INFO  impl.LeaderElection (LeaderElection.java:askForVotes(182)) - cb813c6c-38bf-4192-ba89-344db3cd4fce@group-24D98893F38C:LeaderElection11: begin an election at term 1 for -1: [3b97bcc7-e421-4fef-bf65-4480f43ecb20:192.168.5.159:39191, 9fe3ac6d-823a-4d7f-a140-5420168d3df0:192.168.5.159:39104, cb813c6c-38bf-4192-ba89-344db3cd4fce:192.168.5.159:33804], old=null
2019-09-23 17:53:21,551 [grpc-default-executor-3] INFO  impl.RaftServerImpl (RaftServerImpl.java:setRole(174)) - 3b97bcc7-e421-4fef-bf65-4480f43ecb20@group-24D98893F38C: changes role from  FOLLOWER to FOLLOWER at term 1 for recognizeCandidate:cb813c6c-38bf-4192-ba89-344db3cd4fce
2019-09-23 17:53:21,553 [grpc-default-executor-3] INFO  impl.RoleInfo (RoleInfo.java:shutdownFollowerState(121)) - 3b97bcc7-e421-4fef-bf65-4480f43ecb20: shutdown FollowerState
2019-09-23 17:53:21,553 [grpc-default-executor-3] INFO  impl.RoleInfo (RoleInfo.java:updateAndGet(143)) - 3b97bcc7-e421-4fef-bf65-4480f43ecb20: start FollowerState
2019-09-23 17:53:21,553 [Thread-275] INFO  impl.FollowerState (FollowerState.java:run(115)) - 3b97bcc7-e421-4fef-bf65-4480f43ecb20: FollowerState was interrupted: java.lang.InterruptedException: sleep interrupted
2019-09-23 17:53:21,555 [9fe3ac6d-823a-4d7f-a140-5420168d3df0@group-24D98893F38C:LeaderElection12] INFO  impl.LeaderElection (LeaderElection.java:askForVotes(182)) - 9fe3ac6d-823a-4d7f-a140-5420168d3df0@group-24D98893F38C:LeaderElection12: begin an election at term 1 for -1: [3b97bcc7-e421-4fef-bf65-4480f43ecb20:192.168.5.159:39191, 9fe3ac6d-823a-4d7f-a140-5420168d3df0:192.168.5.159:39104, cb813c6c-38bf-4192-ba89-344db3cd4fce:192.168.5.159:33804], old=null
2019-09-23 17:53:21,577 [cb813c6c-38bf-4192-ba89-344db3cd4fce@group-24D98893F38C:LeaderElection11] INFO  impl.LeaderElection (LeaderElection.java:logAndReturn(56)) - cb813c6c-38bf-4192-ba89-344db3cd4fce@group-24D98893F38C:LeaderElection11: Election PASSED; received 2 response(s) [cb813c6c-38bf-4192-ba89-344db3cd4fce<-3b97bcc7-e421-4fef-bf65-4480f43ecb20#0:OK-t1, cb813c6c-38bf-4192-ba89-344db3cd4fce<-9fe3ac6d-823a-4d7f-a140-5420168d3df0#0:FAIL-t1] and 0 exception(s); cb813c6c-38bf-4192-ba89-344db3cd4fce@group-24D98893F38C:t1, leader=null, voted=cb813c6c-38bf-4192-ba89-344db3cd4fce, raftlog=cb813c6c-38bf-4192-ba89-344db3cd4fce@group-24D98893F38C-SegmentedRaftLog:OPENED:c-1,f-1,i0, conf=-1: [3b97bcc7-e421-4fef-bf65-4480f43ecb20:192.168.5.159:39191, 9fe3ac6d-823a-4d7f-a140-5420168d3df0:192.168.5.159:39104, cb813c6c-38bf-4192-ba89-344db3cd4fce:192.168.5.159:33804], old=null
2019-09-23 17:53:21,579 [cb813c6c-38bf-4192-ba89-344db3cd4fce@group-24D98893F38C:LeaderElection11] INFO  impl.RoleInfo (RoleInfo.java:shutdownLeaderElection(134)) - cb813c6c-38bf-4192-ba89-344db3cd4fce: shutdown LeaderElection
2019-09-23 17:53:21,582 [cb813c6c-38bf-4192-ba89-344db3cd4fce@group-24D98893F38C:LeaderElection11] INFO  impl.RaftServerImpl (RaftServerImpl.java:setRole(174)) - cb813c6c-38bf-4192-ba89-344db3cd4fce@group-24D98893F38C: changes role from CANDIDATE to LEADER at term 1 for changeToLeader
2019-09-23 17:53:21,582 [cb813c6c-38bf-4192-ba89-344db3cd4fce@group-24D98893F38C:LeaderElection11] INFO  impl.RaftServerImpl (ServerState.java:setLeader(253)) - cb813c6c-38bf-4192-ba89-344db3cd4fce@group-24D98893F38C: change Leader from null to cb813c6c-38bf-4192-ba89-344db3cd4fce at term 1 for becomeLeader, leader elected after 5159ms
2019-09-23 17:53:21,582 [9fe3ac6d-823a-4d7f-a140-5420168d3df0@group-24D98893F38C:LeaderElection12] INFO  impl.LeaderElection (LeaderElection.java:logAndReturn(56)) - 9fe3ac6d-823a-4d7f-a140-5420168d3df0@group-24D98893F38C:LeaderElection12: Election REJECTED; received 2 response(s) [9fe3ac6d-823a-4d7f-a140-5420168d3df0<-3b97bcc7-e421-4fef-bf65-4480f43ecb20#0:FAIL-t1, 9fe3ac6d-823a-4d7f-a140-5420168d3df0<-cb813c6c-38bf-4192-ba89-344db3cd4fce#0:FAIL-t1] and 0 exception(s); 9fe3ac6d-823a-4d7f-a140-5420168d3df0@group-24D98893F38C:t1, leader=null, voted=9fe3ac6d-823a-4d7f-a140-5420168d3df0, raftlog=9fe3ac6d-823a-4d7f-a140-5420168d3df0@group-24D98893F38C-SegmentedRaftLog:OPENED:c-1,f-1,i0, conf=-1: [3b97bcc7-e421-4fef-bf65-4480f43ecb20:192.168.5.159:39191, 9fe3ac6d-823a-4d7f-a140-5420168d3df0:192.168.5.159:39104, cb813c6c-38bf-4192-ba89-344db3cd4fce:192.168.5.159:33804], old=null
2019-09-23 17:53:21,583 [cb813c6c-38bf-4192-ba89-344db3cd4fce@group-24D98893F38C:LeaderElection11] INFO  server.RaftServerConfigKeys (ConfUtils.java:logGet(43)) - raft.server.staging.catchup.gap = 1000 (default)
2019-09-23 17:53:21,583 [9fe3ac6d-823a-4d7f-a140-5420168d3df0@group-24D98893F38C:LeaderElection12] INFO  impl.RaftServerImpl (RaftServerImpl.java:setRole(174)) - 9fe3ac6d-823a-4d7f-a140-5420168d3df0@group-24D98893F38C: changes role from CANDIDATE to FOLLOWER at term 1 for DISCOVERED_A_NEW_TERM
2019-09-23 17:53:21,585 [cb813c6c-38bf-4192-ba89-344db3cd4fce@group-24D98893F38C:LeaderElection11] INFO  server.RaftServerConfigKeys (ConfUtils.java:logGet(43)) - raft.server.rpc.sleep.time = 25ms (default)
2019-09-23 17:53:21,586 [9fe3ac6d-823a-4d7f-a140-5420168d3df0@group-24D98893F38C:LeaderElection12] INFO  impl.RoleInfo (RoleInfo.java:shutdownLeaderElection(134)) - 9fe3ac6d-823a-4d7f-a140-5420168d3df0: shutdown LeaderElection
2019-09-23 17:53:21,587 [cb813c6c-38bf-4192-ba89-344db3cd4fce@group-24D98893F38C:LeaderElection11] INFO  server.RaftServerConfigKeys (ConfUtils.java:logGet(43)) - raft.server.write.element-limit = 4096 (default)
2019-09-23 17:53:21,587 [9fe3ac6d-823a-4d7f-a140-5420168d3df0@group-24D98893F38C:LeaderElection12] INFO  impl.RoleInfo (RoleInfo.java:updateAndGet(143)) - 9fe3ac6d-823a-4d7f-a140-5420168d3df0: start FollowerState
2019-09-23 17:53:21,587 [cb813c6c-38bf-4192-ba89-344db3cd4fce@group-24D98893F38C:LeaderElection11] INFO  server.RaftServerConfigKeys (ConfUtils.java:logGet(43)) - raft.server.watch.timeout = 10s (default)
2019-09-23 17:53:21,588 [cb813c6c-38bf-4192-ba89-344db3cd4fce@group-24D98893F38C:LeaderElection11] INFO  server.RaftServerConfigKeys (ConfUtils.java:logGet(43)) - raft.server.watch.timeout.denomination = 1s (default)
2019-09-23 17:53:21,588 [cb813c6c-38bf-4192-ba89-344db3cd4fce@group-24D98893F38C:LeaderElection11] INFO  server.RaftServerConfigKeys (ConfUtils.java:logGet(43)) - raft.server.watch.element-limit = 65536 (default)
2019-09-23 17:53:21,595 [cb813c6c-38bf-4192-ba89-344db3cd4fce@group-24D98893F38C:LeaderElection11] INFO  server.RaftServerConfigKeys (ConfUtils.java:logGet(43)) - raft.server.log.appender.snapshot.chunk.size.max = 16MB (=16777216) (default)
2019-09-23 17:53:21,595 [cb813c6c-38bf-4192-ba89-344db3cd4fce@group-24D98893F38C:LeaderElection11] INFO  server.RaftServerConfigKeys (ConfUtils.java:logGet(43)) - raft.server.log.appender.buffer.byte-limit = 33554432 (custom)
2019-09-23 17:53:21,596 [cb813c6c-38bf-4192-ba89-344db3cd4fce@group-24D98893F38C:LeaderElection11] INFO  server.RaftServerConfigKeys (ConfUtils.java:logGet(43)) - raft.server.log.appender.buffer.element-limit = 1 (custom)
2019-09-23 17:53:21,601 [cb813c6c-38bf-4192-ba89-344db3cd4fce@group-24D98893F38C:LeaderElection11] INFO  grpc.GrpcConfigKeys$Server (ConfUtils.java:logGet(43)) - raft.grpc.server.leader.outstanding.appends.max = 128 (default)
2019-09-23 17:53:21,606 [cb813c6c-38bf-4192-ba89-344db3cd4fce@group-24D98893F38C:LeaderElection11] INFO  server.RaftServerConfigKeys (ConfUtils.java:logGet(43)) - raft.server.rpc.request.timeout = 3000ms (default)
2019-09-23 17:53:21,607 [cb813c6c-38bf-4192-ba89-344db3cd4fce@group-24D98893F38C:LeaderElection11] INFO  server.RaftServerConfigKeys (ConfUtils.java:logGet(43)) - raft.server.log.appender.install.snapshot.enabled = false (custom)
2019-09-23 17:53:21,608 [cb813c6c-38bf-4192-ba89-344db3cd4fce@group-24D98893F38C:LeaderElection11] INFO  server.RaftServerConfigKeys (ConfUtils.java:logGet(43)) - raft.server.log.appender.snapshot.chunk.size.max = 16MB (=16777216) (default)
2019-09-23 17:53:21,608 [cb813c6c-38bf-4192-ba89-344db3cd4fce@group-24D98893F38C:LeaderElection11] INFO  server.RaftServerConfigKeys (ConfUtils.java:logGet(43)) - raft.server.log.appender.buffer.byte-limit = 33554432 (custom)
2019-09-23 17:53:21,609 [cb813c6c-38bf-4192-ba89-344db3cd4fce@group-24D98893F38C:LeaderElection11] INFO  server.RaftServerConfigKeys (ConfUtils.java:logGet(43)) - raft.server.log.appender.buffer.element-limit = 1 (custom)
2019-09-23 17:53:21,609 [cb813c6c-38bf-4192-ba89-344db3cd4fce@group-24D98893F38C:LeaderElection11] INFO  grpc.GrpcConfigKeys$Server (ConfUtils.java:logGet(43)) - raft.grpc.server.leader.outstanding.appends.max = 128 (default)
2019-09-23 17:53:21,609 [cb813c6c-38bf-4192-ba89-344db3cd4fce@group-24D98893F38C:LeaderElection11] INFO  server.RaftServerConfigKeys (ConfUtils.java:logGet(43)) - raft.server.rpc.request.timeout = 3000ms (default)
2019-09-23 17:53:21,609 [cb813c6c-38bf-4192-ba89-344db3cd4fce@group-24D98893F38C:LeaderElection11] INFO  server.RaftServerConfigKeys (ConfUtils.java:logGet(43)) - raft.server.log.appender.install.snapshot.enabled = false (custom)
2019-09-23 17:53:21,611 [cb813c6c-38bf-4192-ba89-344db3cd4fce@group-24D98893F38C:LeaderElection11] INFO  impl.RoleInfo (RoleInfo.java:updateAndGet(143)) - cb813c6c-38bf-4192-ba89-344db3cd4fce: start LeaderState
2019-09-23 17:53:21,612 [cb813c6c-38bf-4192-ba89-344db3cd4fce@group-24D98893F38C:LeaderElection11] INFO  segmented.SegmentedRaftLogWorker (SegmentedRaftLogWorker.java:startLogSegment(380)) - cb813c6c-38bf-4192-ba89-344db3cd4fce@group-24D98893F38C-SegmentedRaftLogWorker: Starting segment from index:0
2019-09-23 17:53:21,613 [cb813c6c-38bf-4192-ba89-344db3cd4fce@group-24D98893F38C:LeaderElection11] INFO  impl.RaftServerImpl (ServerState.java:setRaftConf(354)) - cb813c6c-38bf-4192-ba89-344db3cd4fce@group-24D98893F38C: set configuration 0: [3b97bcc7-e421-4fef-bf65-4480f43ecb20:192.168.5.159:39191, 9fe3ac6d-823a-4d7f-a140-5420168d3df0:192.168.5.159:39104, cb813c6c-38bf-4192-ba89-344db3cd4fce:192.168.5.159:33804], old=null at 0
2019-09-23 17:53:21,669 [cb813c6c-38bf-4192-ba89-344db3cd4fce@group-24D98893F38C-SegmentedRaftLogWorker] INFO  segmented.SegmentedRaftLogWorker (SegmentedRaftLogWorker.java:execute(569)) - cb813c6c-38bf-4192-ba89-344db3cd4fce@group-24D98893F38C-SegmentedRaftLogWorker: created new log segment /workdir/hadoop-ozone/integration-test/target/test-dir/MiniOzoneClusterImpl-dd0b3c1f-9e93-41d1-a2ca-e0857f7eafcc/datanode-1/data/ratis/a14441a2-6503-4372-aa0a-24d98893f38c/current/log_inprogress_0
2019-09-23 17:53:21,678 [grpc-default-executor-3] INFO  impl.RaftServerImpl (ServerState.java:setLeader(253)) - 9fe3ac6d-823a-4d7f-a140-5420168d3df0@group-24D98893F38C: change Leader from null to cb813c6c-38bf-4192-ba89-344db3cd4fce at term 1 for appendEntries, leader elected after 5255ms
2019-09-23 17:53:21,678 [grpc-default-executor-2] INFO  impl.RaftServerImpl (ServerState.java:setLeader(253)) - 3b97bcc7-e421-4fef-bf65-4480f43ecb20@group-24D98893F38C: change Leader from null to cb813c6c-38bf-4192-ba89-344db3cd4fce at term 1 for appendEntries, leader elected after 5253ms
2019-09-23 17:53:21,721 [grpc-default-executor-3] INFO  impl.RaftServerImpl (ServerState.java:setRaftConf(354)) - 9fe3ac6d-823a-4d7f-a140-5420168d3df0@group-24D98893F38C: set configuration 0: [3b97bcc7-e421-4fef-bf65-4480f43ecb20:192.168.5.159:39191, 9fe3ac6d-823a-4d7f-a140-5420168d3df0:192.168.5.159:39104, cb813c6c-38bf-4192-ba89-344db3cd4fce:192.168.5.159:33804], old=null at 0
2019-09-23 17:53:21,721 [grpc-default-executor-2] INFO  impl.RaftServerImpl (ServerState.java:setRaftConf(354)) - 3b97bcc7-e421-4fef-bf65-4480f43ecb20@group-24D98893F38C: set configuration 0: [3b97bcc7-e421-4fef-bf65-4480f43ecb20:192.168.5.159:39191, 9fe3ac6d-823a-4d7f-a140-5420168d3df0:192.168.5.159:39104, cb813c6c-38bf-4192-ba89-344db3cd4fce:192.168.5.159:33804], old=null at 0
2019-09-23 17:53:21,721 [grpc-default-executor-3] INFO  segmented.SegmentedRaftLogWorker (SegmentedRaftLogWorker.java:startLogSegment(380)) - 9fe3ac6d-823a-4d7f-a140-5420168d3df0@group-24D98893F38C-SegmentedRaftLogWorker: Starting segment from index:0
2019-09-23 17:53:21,721 [grpc-default-executor-2] INFO  segmented.SegmentedRaftLogWorker (SegmentedRaftLogWorker.java:startLogSegment(380)) - 3b97bcc7-e421-4fef-bf65-4480f43ecb20@group-24D98893F38C-SegmentedRaftLogWorker: Starting segment from index:0
2019-09-23 17:53:21,776 [9fe3ac6d-823a-4d7f-a140-5420168d3df0@group-24D98893F38C-SegmentedRaftLogWorker] INFO  segmented.SegmentedRaftLogWorker (SegmentedRaftLogWorker.java:execute(569)) - 9fe3ac6d-823a-4d7f-a140-5420168d3df0@group-24D98893F38C-SegmentedRaftLogWorker: created new log segment /workdir/hadoop-ozone/integration-test/target/test-dir/MiniOzoneClusterImpl-dd0b3c1f-9e93-41d1-a2ca-e0857f7eafcc/datanode-4/data/ratis/a14441a2-6503-4372-aa0a-24d98893f38c/current/log_inprogress_0
2019-09-23 17:53:21,776 [3b97bcc7-e421-4fef-bf65-4480f43ecb20@group-24D98893F38C-SegmentedRaftLogWorker] INFO  segmented.SegmentedRaftLogWorker (SegmentedRaftLogWorker.java:execute(569)) - 3b97bcc7-e421-4fef-bf65-4480f43ecb20@group-24D98893F38C-SegmentedRaftLogWorker: created new log segment /workdir/hadoop-ozone/integration-test/target/test-dir/MiniOzoneClusterImpl-dd0b3c1f-9e93-41d1-a2ca-e0857f7eafcc/datanode-6/data/ratis/a14441a2-6503-4372-aa0a-24d98893f38c/current/log_inprogress_0
2019-09-23 17:53:23,076 [Datanode State Machine Thread - 0] INFO  statemachine.DatanodeStateMachine (DatanodeStateMachine.java:lambda$startDaemon$0(350)) - Ozone container server started.
2019-09-23 17:53:26,518 [Thread-316] INFO  impl.FollowerState (FollowerState.java:run(106)) - 693c1cfc-82ae-4a28-a759-f118ca34e4f1:group-72DD09B001F9 changes to CANDIDATE, lastRpcTime:5037, electionTimeout:5031ms
2019-09-23 17:53:26,519 [Thread-316] INFO  impl.RoleInfo (RoleInfo.java:shutdownFollowerState(121)) - 693c1cfc-82ae-4a28-a759-f118ca34e4f1: shutdown FollowerState
2019-09-23 17:53:26,519 [Thread-316] INFO  impl.RaftServerImpl (RaftServerImpl.java:setRole(174)) - 693c1cfc-82ae-4a28-a759-f118ca34e4f1@group-72DD09B001F9: changes role from  FOLLOWER to CANDIDATE at term 1 for changeToCandidate
2019-09-23 17:53:26,520 [Thread-316] INFO  impl.RoleInfo (RoleInfo.java:updateAndGet(143)) - 693c1cfc-82ae-4a28-a759-f118ca34e4f1: start LeaderElection
2019-09-23 17:53:26,524 [Thread-315] INFO  impl.FollowerState (FollowerState.java:run(106)) - f69d10d6-6fe6-4100-a250-32c3e6d10aea:group-72DD09B001F9 changes to CANDIDATE, lastRpcTime:5051, electionTimeout:5049ms
2019-09-23 17:53:26,525 [Thread-315] INFO  impl.RoleInfo (RoleInfo.java:shutdownFollowerState(121)) - f69d10d6-6fe6-4100-a250-32c3e6d10aea: shutdown FollowerState
2019-09-23 17:53:26,525 [Thread-315] INFO  impl.RaftServerImpl (RaftServerImpl.java:setRole(174)) - f69d10d6-6fe6-4100-a250-32c3e6d10aea@group-72DD09B001F9: changes role from  FOLLOWER to CANDIDATE at term 1 for changeToCandidate
2019-09-23 17:53:26,525 [Thread-315] INFO  impl.RoleInfo (RoleInfo.java:updateAndGet(143)) - f69d10d6-6fe6-4100-a250-32c3e6d10aea: start LeaderElection
2019-09-23 17:53:26,549 [693c1cfc-82ae-4a28-a759-f118ca34e4f1@group-72DD09B001F9:LeaderElection13] INFO  impl.LeaderElection (LeaderElection.java:askForVotes(182)) - 693c1cfc-82ae-4a28-a759-f118ca34e4f1@group-72DD09B001F9:LeaderElection13: begin an election at term 2 for -1: [c90e0185-0a25-4df3-88d5-3e8995e9995d:192.168.5.159:45395, f69d10d6-6fe6-4100-a250-32c3e6d10aea:192.168.5.159:45380, 693c1cfc-82ae-4a28-a759-f118ca34e4f1:192.168.5.159:42959], old=null
2019-09-23 17:53:26,549 [f69d10d6-6fe6-4100-a250-32c3e6d10aea@group-72DD09B001F9:LeaderElection14] INFO  impl.LeaderElection (LeaderElection.java:askForVotes(182)) - f69d10d6-6fe6-4100-a250-32c3e6d10aea@group-72DD09B001F9:LeaderElection14: begin an election at term 2 for -1: [c90e0185-0a25-4df3-88d5-3e8995e9995d:192.168.5.159:45395, f69d10d6-6fe6-4100-a250-32c3e6d10aea:192.168.5.159:45380, 693c1cfc-82ae-4a28-a759-f118ca34e4f1:192.168.5.159:42959], old=null
2019-09-23 17:53:26,566 [grpc-default-executor-2] INFO  impl.RaftServerImpl (RaftServerImpl.java:setRole(174)) - c90e0185-0a25-4df3-88d5-3e8995e9995d@group-72DD09B001F9: changes role from  FOLLOWER to FOLLOWER at term 2 for recognizeCandidate:693c1cfc-82ae-4a28-a759-f118ca34e4f1
2019-09-23 17:53:26,567 [grpc-default-executor-2] INFO  impl.RoleInfo (RoleInfo.java:shutdownFollowerState(121)) - c90e0185-0a25-4df3-88d5-3e8995e9995d: shutdown FollowerState
2019-09-23 17:53:26,567 [grpc-default-executor-2] INFO  impl.RoleInfo (RoleInfo.java:updateAndGet(143)) - c90e0185-0a25-4df3-88d5-3e8995e9995d: start FollowerState
2019-09-23 17:53:26,567 [Thread-314] INFO  impl.FollowerState (FollowerState.java:run(115)) - c90e0185-0a25-4df3-88d5-3e8995e9995d: FollowerState was interrupted: java.lang.InterruptedException: sleep interrupted
2019-09-23 17:53:26,590 [f69d10d6-6fe6-4100-a250-32c3e6d10aea@group-72DD09B001F9:LeaderElection14] INFO  impl.LeaderElection (LeaderElection.java:logAndReturn(56)) - f69d10d6-6fe6-4100-a250-32c3e6d10aea@group-72DD09B001F9:LeaderElection14: Election REJECTED; received 2 response(s) [f69d10d6-6fe6-4100-a250-32c3e6d10aea<-c90e0185-0a25-4df3-88d5-3e8995e9995d#0:FAIL-t2, f69d10d6-6fe6-4100-a250-32c3e6d10aea<-693c1cfc-82ae-4a28-a759-f118ca34e4f1#0:FAIL-t2] and 0 exception(s); f69d10d6-6fe6-4100-a250-32c3e6d10aea@group-72DD09B001F9:t2, leader=null, voted=f69d10d6-6fe6-4100-a250-32c3e6d10aea, raftlog=f69d10d6-6fe6-4100-a250-32c3e6d10aea@group-72DD09B001F9-SegmentedRaftLog:OPENED:c-1,f-1,i0, conf=-1: [c90e0185-0a25-4df3-88d5-3e8995e9995d:192.168.5.159:45395, f69d10d6-6fe6-4100-a250-32c3e6d10aea:192.168.5.159:45380, 693c1cfc-82ae-4a28-a759-f118ca34e4f1:192.168.5.159:42959], old=null
2019-09-23 17:53:26,590 [f69d10d6-6fe6-4100-a250-32c3e6d10aea@group-72DD09B001F9:LeaderElection14] INFO  impl.RaftServerImpl (RaftServerImpl.java:setRole(174)) - f69d10d6-6fe6-4100-a250-32c3e6d10aea@group-72DD09B001F9: changes role from CANDIDATE to FOLLOWER at term 2 for DISCOVERED_A_NEW_TERM
2019-09-23 17:53:26,590 [693c1cfc-82ae-4a28-a759-f118ca34e4f1@group-72DD09B001F9:LeaderElection13] INFO  impl.LeaderElection (LeaderElection.java:logAndReturn(56)) - 693c1cfc-82ae-4a28-a759-f118ca34e4f1@group-72DD09B001F9:LeaderElection13: Election PASSED; received 2 response(s) [693c1cfc-82ae-4a28-a759-f118ca34e4f1<-c90e0185-0a25-4df3-88d5-3e8995e9995d#0:OK-t2, 693c1cfc-82ae-4a28-a759-f118ca34e4f1<-f69d10d6-6fe6-4100-a250-32c3e6d10aea#0:FAIL-t2] and 0 exception(s); 693c1cfc-82ae-4a28-a759-f118ca34e4f1@group-72DD09B001F9:t2, leader=null, voted=693c1cfc-82ae-4a28-a759-f118ca34e4f1, raftlog=693c1cfc-82ae-4a28-a759-f118ca34e4f1@group-72DD09B001F9-SegmentedRaftLog:OPENED:c-1,f-1,i0, conf=-1: [c90e0185-0a25-4df3-88d5-3e8995e9995d:192.168.5.159:45395, f69d10d6-6fe6-4100-a250-32c3e6d10aea:192.168.5.159:45380, 693c1cfc-82ae-4a28-a759-f118ca34e4f1:192.168.5.159:42959], old=null
2019-09-23 17:53:26,592 [f69d10d6-6fe6-4100-a250-32c3e6d10aea@group-72DD09B001F9:LeaderElection14] INFO  impl.RoleInfo (RoleInfo.java:shutdownLeaderElection(134)) - f69d10d6-6fe6-4100-a250-32c3e6d10aea: shutdown LeaderElection
2019-09-23 17:53:26,594 [693c1cfc-82ae-4a28-a759-f118ca34e4f1@group-72DD09B001F9:LeaderElection13] INFO  impl.RoleInfo (RoleInfo.java:shutdownLeaderElection(134)) - 693c1cfc-82ae-4a28-a759-f118ca34e4f1: shutdown LeaderElection
2019-09-23 17:53:26,596 [f69d10d6-6fe6-4100-a250-32c3e6d10aea@group-72DD09B001F9:LeaderElection14] INFO  impl.RoleInfo (RoleInfo.java:updateAndGet(143)) - f69d10d6-6fe6-4100-a250-32c3e6d10aea: start FollowerState
2019-09-23 17:53:26,596 [693c1cfc-82ae-4a28-a759-f118ca34e4f1@group-72DD09B001F9:LeaderElection13] INFO  impl.RaftServerImpl (RaftServerImpl.java:setRole(174)) - 693c1cfc-82ae-4a28-a759-f118ca34e4f1@group-72DD09B001F9: changes role from CANDIDATE to LEADER at term 2 for changeToLeader
2019-09-23 17:53:26,598 [693c1cfc-82ae-4a28-a759-f118ca34e4f1@group-72DD09B001F9:LeaderElection13] INFO  impl.RaftServerImpl (ServerState.java:setLeader(253)) - 693c1cfc-82ae-4a28-a759-f118ca34e4f1@group-72DD09B001F9: change Leader from null to 693c1cfc-82ae-4a28-a759-f118ca34e4f1 at term 2 for becomeLeader, leader elected after 10324ms
2019-09-23 17:53:26,599 [693c1cfc-82ae-4a28-a759-f118ca34e4f1@group-72DD09B001F9:LeaderElection13] INFO  server.RaftServerConfigKeys (ConfUtils.java:logGet(43)) - raft.server.staging.catchup.gap = 1000 (default)
2019-09-23 17:53:26,599 [693c1cfc-82ae-4a28-a759-f118ca34e4f1@group-72DD09B001F9:LeaderElection13] INFO  server.RaftServerConfigKeys (ConfUtils.java:logGet(43)) - raft.server.rpc.sleep.time = 25ms (default)
2019-09-23 17:53:26,599 [693c1cfc-82ae-4a28-a759-f118ca34e4f1@group-72DD09B001F9:LeaderElection13] INFO  server.RaftServerConfigKeys (ConfUtils.java:logGet(43)) - raft.server.write.element-limit = 4096 (default)
2019-09-23 17:53:26,599 [693c1cfc-82ae-4a28-a759-f118ca34e4f1@group-72DD09B001F9:LeaderElection13] INFO  server.RaftServerConfigKeys (ConfUtils.java:logGet(43)) - raft.server.watch.timeout = 10s (default)
2019-09-23 17:53:26,600 [693c1cfc-82ae-4a28-a759-f118ca34e4f1@group-72DD09B001F9:LeaderElection13] INFO  server.RaftServerConfigKeys (ConfUtils.java:logGet(43)) - raft.server.watch.timeout.denomination = 1s (default)
2019-09-23 17:53:26,600 [693c1cfc-82ae-4a28-a759-f118ca34e4f1@group-72DD09B001F9:LeaderElection13] INFO  server.RaftServerConfigKeys (ConfUtils.java:logGet(43)) - raft.server.watch.element-limit = 65536 (default)
2019-09-23 17:53:26,603 [693c1cfc-82ae-4a28-a759-f118ca34e4f1@group-72DD09B001F9:LeaderElection13] INFO  server.RaftServerConfigKeys (ConfUtils.java:logGet(43)) - raft.server.log.appender.snapshot.chunk.size.max = 16MB (=16777216) (default)
2019-09-23 17:53:26,604 [693c1cfc-82ae-4a28-a759-f118ca34e4f1@group-72DD09B001F9:LeaderElection13] INFO  server.RaftServerConfigKeys (ConfUtils.java:logGet(43)) - raft.server.log.appender.buffer.byte-limit = 33554432 (custom)
2019-09-23 17:53:26,604 [693c1cfc-82ae-4a28-a759-f118ca34e4f1@group-72DD09B001F9:LeaderElection13] INFO  server.RaftServerConfigKeys (ConfUtils.java:logGet(43)) - raft.server.log.appender.buffer.element-limit = 1 (custom)
2019-09-23 17:53:26,604 [693c1cfc-82ae-4a28-a759-f118ca34e4f1@group-72DD09B001F9:LeaderElection13] INFO  grpc.GrpcConfigKeys$Server (ConfUtils.java:logGet(43)) - raft.grpc.server.leader.outstanding.appends.max = 128 (default)
2019-09-23 17:53:26,606 [693c1cfc-82ae-4a28-a759-f118ca34e4f1@group-72DD09B001F9:LeaderElection13] INFO  server.RaftServerConfigKeys (ConfUtils.java:logGet(43)) - raft.server.rpc.request.timeout = 3000ms (default)
2019-09-23 17:53:26,606 [693c1cfc-82ae-4a28-a759-f118ca34e4f1@group-72DD09B001F9:LeaderElection13] INFO  server.RaftServerConfigKeys (ConfUtils.java:logGet(43)) - raft.server.log.appender.install.snapshot.enabled = false (custom)
2019-09-23 17:53:26,606 [693c1cfc-82ae-4a28-a759-f118ca34e4f1@group-72DD09B001F9:LeaderElection13] INFO  server.RaftServerConfigKeys (ConfUtils.java:logGet(43)) - raft.server.log.appender.snapshot.chunk.size.max = 16MB (=16777216) (default)
2019-09-23 17:53:26,607 [693c1cfc-82ae-4a28-a759-f118ca34e4f1@group-72DD09B001F9:LeaderElection13] INFO  server.RaftServerConfigKeys (ConfUtils.java:logGet(43)) - raft.server.log.appender.buffer.byte-limit = 33554432 (custom)
2019-09-23 17:53:26,607 [693c1cfc-82ae-4a28-a759-f118ca34e4f1@group-72DD09B001F9:LeaderElection13] INFO  server.RaftServerConfigKeys (ConfUtils.java:logGet(43)) - raft.server.log.appender.buffer.element-limit = 1 (custom)
2019-09-23 17:53:26,607 [693c1cfc-82ae-4a28-a759-f118ca34e4f1@group-72DD09B001F9:LeaderElection13] INFO  grpc.GrpcConfigKeys$Server (ConfUtils.java:logGet(43)) - raft.grpc.server.leader.outstanding.appends.max = 128 (default)
2019-09-23 17:53:26,607 [693c1cfc-82ae-4a28-a759-f118ca34e4f1@group-72DD09B001F9:LeaderElection13] INFO  server.RaftServerConfigKeys (ConfUtils.java:logGet(43)) - raft.server.rpc.request.timeout = 3000ms (default)
2019-09-23 17:53:26,607 [693c1cfc-82ae-4a28-a759-f118ca34e4f1@group-72DD09B001F9:LeaderElection13] INFO  server.RaftServerConfigKeys (ConfUtils.java:logGet(43)) - raft.server.log.appender.install.snapshot.enabled = false (custom)
2019-09-23 17:53:26,608 [693c1cfc-82ae-4a28-a759-f118ca34e4f1@group-72DD09B001F9:LeaderElection13] INFO  impl.RoleInfo (RoleInfo.java:updateAndGet(143)) - 693c1cfc-82ae-4a28-a759-f118ca34e4f1: start LeaderState
2019-09-23 17:53:26,608 [693c1cfc-82ae-4a28-a759-f118ca34e4f1@group-72DD09B001F9:LeaderElection13] INFO  segmented.SegmentedRaftLogWorker (SegmentedRaftLogWorker.java:startLogSegment(380)) - 693c1cfc-82ae-4a28-a759-f118ca34e4f1@group-72DD09B001F9-SegmentedRaftLogWorker: Starting segment from index:0
2019-09-23 17:53:26,610 [693c1cfc-82ae-4a28-a759-f118ca34e4f1@group-72DD09B001F9:LeaderElection13] INFO  impl.RaftServerImpl (ServerState.java:setRaftConf(354)) - 693c1cfc-82ae-4a28-a759-f118ca34e4f1@group-72DD09B001F9: set configuration 0: [c90e0185-0a25-4df3-88d5-3e8995e9995d:192.168.5.159:45395, f69d10d6-6fe6-4100-a250-32c3e6d10aea:192.168.5.159:45380, 693c1cfc-82ae-4a28-a759-f118ca34e4f1:192.168.5.159:42959], old=null at 0
2019-09-23 17:53:26,644 [grpc-default-executor-2] INFO  impl.RaftServerImpl (ServerState.java:setLeader(253)) - f69d10d6-6fe6-4100-a250-32c3e6d10aea@group-72DD09B001F9: change Leader from null to 693c1cfc-82ae-4a28-a759-f118ca34e4f1 at term 2 for appendEntries, leader elected after 10371ms
2019-09-23 17:53:26,644 [grpc-default-executor-1] INFO  impl.RaftServerImpl (ServerState.java:setLeader(253)) - c90e0185-0a25-4df3-88d5-3e8995e9995d@group-72DD09B001F9: change Leader from null to 693c1cfc-82ae-4a28-a759-f118ca34e4f1 at term 2 for appendEntries, leader elected after 10372ms
2019-09-23 17:53:26,650 [grpc-default-executor-2] INFO  impl.RaftServerImpl (ServerState.java:setRaftConf(354)) - f69d10d6-6fe6-4100-a250-32c3e6d10aea@group-72DD09B001F9: set configuration 0: [c90e0185-0a25-4df3-88d5-3e8995e9995d:192.168.5.159:45395, f69d10d6-6fe6-4100-a250-32c3e6d10aea:192.168.5.159:45380, 693c1cfc-82ae-4a28-a759-f118ca34e4f1:192.168.5.159:42959], old=null at 0
2019-09-23 17:53:26,650 [grpc-default-executor-1] INFO  impl.RaftServerImpl (ServerState.java:setRaftConf(354)) - c90e0185-0a25-4df3-88d5-3e8995e9995d@group-72DD09B001F9: set configuration 0: [c90e0185-0a25-4df3-88d5-3e8995e9995d:192.168.5.159:45395, f69d10d6-6fe6-4100-a250-32c3e6d10aea:192.168.5.159:45380, 693c1cfc-82ae-4a28-a759-f118ca34e4f1:192.168.5.159:42959], old=null at 0
2019-09-23 17:53:26,650 [grpc-default-executor-2] INFO  segmented.SegmentedRaftLogWorker (SegmentedRaftLogWorker.java:startLogSegment(380)) - f69d10d6-6fe6-4100-a250-32c3e6d10aea@group-72DD09B001F9-SegmentedRaftLogWorker: Starting segment from index:0
2019-09-23 17:53:26,651 [grpc-default-executor-1] INFO  segmented.SegmentedRaftLogWorker (SegmentedRaftLogWorker.java:startLogSegment(380)) - c90e0185-0a25-4df3-88d5-3e8995e9995d@group-72DD09B001F9-SegmentedRaftLogWorker: Starting segment from index:0
2019-09-23 17:53:26,654 [693c1cfc-82ae-4a28-a759-f118ca34e4f1@group-72DD09B001F9-SegmentedRaftLogWorker] INFO  segmented.SegmentedRaftLogWorker (SegmentedRaftLogWorker.java:execute(569)) - 693c1cfc-82ae-4a28-a759-f118ca34e4f1@group-72DD09B001F9-SegmentedRaftLogWorker: created new log segment /workdir/hadoop-ozone/integration-test/target/test-dir/MiniOzoneClusterImpl-dd0b3c1f-9e93-41d1-a2ca-e0857f7eafcc/datanode-5/data/ratis/671dad62-ed18-4f16-a09a-72dd09b001f9/current/log_inprogress_0
2019-09-23 17:53:26,704 [f69d10d6-6fe6-4100-a250-32c3e6d10aea@group-72DD09B001F9-SegmentedRaftLogWorker] INFO  segmented.SegmentedRaftLogWorker (SegmentedRaftLogWorker.java:execute(569)) - f69d10d6-6fe6-4100-a250-32c3e6d10aea@group-72DD09B001F9-SegmentedRaftLogWorker: created new log segment /workdir/hadoop-ozone/integration-test/target/test-dir/MiniOzoneClusterImpl-dd0b3c1f-9e93-41d1-a2ca-e0857f7eafcc/datanode-3/data/ratis/671dad62-ed18-4f16-a09a-72dd09b001f9/current/log_inprogress_0
2019-09-23 17:53:26,704 [c90e0185-0a25-4df3-88d5-3e8995e9995d@group-72DD09B001F9-SegmentedRaftLogWorker] INFO  segmented.SegmentedRaftLogWorker (SegmentedRaftLogWorker.java:execute(569)) - c90e0185-0a25-4df3-88d5-3e8995e9995d@group-72DD09B001F9-SegmentedRaftLogWorker: created new log segment /workdir/hadoop-ozone/integration-test/target/test-dir/MiniOzoneClusterImpl-dd0b3c1f-9e93-41d1-a2ca-e0857f7eafcc/datanode-0/data/ratis/671dad62-ed18-4f16-a09a-72dd09b001f9/current/log_inprogress_0
2019-09-23 17:53:27,096 [EventQueue-StaleNodeForStaleNodeHandler] INFO  node.StaleNodeHandler (StaleNodeHandler.java:onMessage(58)) - Datanode 3b97bcc7-e421-4fef-bf65-4480f43ecb20{ip: 192.168.5.159, host: pr-hdds-2081-trunk-q8vvk-1381952471, networkLocation: /default-rack, certSerialId: null} moved to stale state. Finalizing its pipelines [PipelineID=54baa615-f969-4a60-86b5-23c6334317fc, PipelineID=a14441a2-6503-4372-aa0a-24d98893f38c]
2019-09-23 17:53:27,097 [EventQueue-StaleNodeForStaleNodeHandler] INFO  pipeline.SCMPipelineManager (SCMPipelineManager.java:finalizeAndDestroyPipeline(315)) - destroying pipeline:Pipeline[ Id: 54baa615-f969-4a60-86b5-23c6334317fc, Nodes: 3b97bcc7-e421-4fef-bf65-4480f43ecb20{ip: 192.168.5.159, host: pr-hdds-2081-trunk-q8vvk-1381952471, networkLocation: /default-rack, certSerialId: null}, Type:RATIS, Factor:ONE, State:OPEN]
2019-09-23 17:53:27,098 [EventQueue-StaleNodeForStaleNodeHandler] INFO  pipeline.PipelineStateManager (PipelineStateManager.java:finalizePipeline(123)) - Pipeline Pipeline[ Id: 54baa615-f969-4a60-86b5-23c6334317fc, Nodes: 3b97bcc7-e421-4fef-bf65-4480f43ecb20{ip: 192.168.5.159, host: pr-hdds-2081-trunk-q8vvk-1381952471, networkLocation: /default-rack, certSerialId: null}, Type:RATIS, Factor:ONE, State:CLOSED] moved to CLOSED state
2019-09-23 17:53:27,105 [EventQueue-StaleNodeForStaleNodeHandler] INFO  pipeline.SCMPipelineManager (SCMPipelineManager.java:finalizeAndDestroyPipeline(315)) - destroying pipeline:Pipeline[ Id: a14441a2-6503-4372-aa0a-24d98893f38c, Nodes: 3b97bcc7-e421-4fef-bf65-4480f43ecb20{ip: 192.168.5.159, host: pr-hdds-2081-trunk-q8vvk-1381952471, networkLocation: /default-rack, certSerialId: null}9fe3ac6d-823a-4d7f-a140-5420168d3df0{ip: 192.168.5.159, host: pr-hdds-2081-trunk-q8vvk-1381952471, networkLocation: /default-rack, certSerialId: null}cb813c6c-38bf-4192-ba89-344db3cd4fce{ip: 192.168.5.159, host: pr-hdds-2081-trunk-q8vvk-1381952471, networkLocation: /default-rack, certSerialId: null}, Type:RATIS, Factor:THREE, State:OPEN]
2019-09-23 17:53:27,105 [EventQueue-StaleNodeForStaleNodeHandler] INFO  pipeline.PipelineStateManager (PipelineStateManager.java:finalizePipeline(123)) - Pipeline Pipeline[ Id: a14441a2-6503-4372-aa0a-24d98893f38c, Nodes: 3b97bcc7-e421-4fef-bf65-4480f43ecb20{ip: 192.168.5.159, host: pr-hdds-2081-trunk-q8vvk-1381952471, networkLocation: /default-rack, certSerialId: null}9fe3ac6d-823a-4d7f-a140-5420168d3df0{ip: 192.168.5.159, host: pr-hdds-2081-trunk-q8vvk-1381952471, networkLocation: /default-rack, certSerialId: null}cb813c6c-38bf-4192-ba89-344db3cd4fce{ip: 192.168.5.159, host: pr-hdds-2081-trunk-q8vvk-1381952471, networkLocation: /default-rack, certSerialId: null}, Type:RATIS, Factor:THREE, State:CLOSED] moved to CLOSED state
2019-09-23 17:53:27,106 [EventQueue-CloseContainerForCloseContainerEventHandler] INFO  container.CloseContainerEventHandler (CloseContainerEventHandler.java:onMessage(61)) - Close container Event triggered for container : #1
2019-09-23 17:53:27,432 [main] INFO  ozoneimpl.OzoneContainer (OzoneContainer.java:stop(231)) - Attempting to stop container services.
2019-09-23 17:53:27,437 [main] INFO  impl.RaftServerProxy (RaftServerProxy.java:lambda$close$4(314)) - 3b97bcc7-e421-4fef-bf65-4480f43ecb20: close
2019-09-23 17:53:27,439 [main] INFO  impl.RaftServerImpl (RaftServerImpl.java:lambda$shutdown$3(251)) - 3b97bcc7-e421-4fef-bf65-4480f43ecb20@group-23C6334317FC: shutdown
2019-09-23 17:53:27,440 [main] INFO  util.JmxRegister (JmxRegister.java:unregister(73)) - Successfully un-registered JMX Bean with object name Ratis:service=RaftServer,group=group-23C6334317FC,id=3b97bcc7-e421-4fef-bf65-4480f43ecb20
2019-09-23 17:53:27,440 [main] INFO  impl.RoleInfo (RoleInfo.java:shutdownLeaderState(104)) - 3b97bcc7-e421-4fef-bf65-4480f43ecb20: shutdown LeaderState
2019-09-23 17:53:27,441 [main] INFO  impl.PendingRequests (PendingRequests.java:sendNotLeaderResponses(202)) - 3b97bcc7-e421-4fef-bf65-4480f43ecb20-PendingRequests: sendNotLeaderResponses
2019-09-23 17:53:27,444 [main] INFO  impl.StateMachineUpdater (StateMachineUpdater.java:stopAndJoin(125)) - 3b97bcc7-e421-4fef-bf65-4480f43ecb20@group-23C6334317FC-StateMachineUpdater: set stopIndex = 0
2019-09-23 17:53:27,445 [main] INFO  impl.RaftServerImpl (ServerState.java:close(385)) - 3b97bcc7-e421-4fef-bf65-4480f43ecb20@group-23C6334317FC: closes. applyIndex: 0
2019-09-23 17:53:27,447 [3b97bcc7-e421-4fef-bf65-4480f43ecb20@group-23C6334317FC-SegmentedRaftLogWorker] INFO  segmented.SegmentedRaftLogWorker (SegmentedRaftLogWorker.java:run(313)) - 3b97bcc7-e421-4fef-bf65-4480f43ecb20@group-23C6334317FC-SegmentedRaftLogWorker was interrupted, exiting. There are 0 tasks remaining in the queue.
2019-09-23 17:53:27,457 [main] INFO  segmented.SegmentedRaftLogWorker (SegmentedRaftLogWorker.java:close(228)) - 3b97bcc7-e421-4fef-bf65-4480f43ecb20@group-23C6334317FC-SegmentedRaftLogWorker close()
2019-09-23 17:53:27,463 [main] INFO  impl.RaftServerImpl (RaftServerImpl.java:lambda$shutdown$3(251)) - 3b97bcc7-e421-4fef-bf65-4480f43ecb20@group-24D98893F38C: shutdown
2019-09-23 17:53:27,464 [main] INFO  util.JmxRegister (JmxRegister.java:unregister(73)) - Successfully un-registered JMX Bean with object name Ratis:service=RaftServer,group=group-24D98893F38C,id=3b97bcc7-e421-4fef-bf65-4480f43ecb20
2019-09-23 17:53:27,464 [main] INFO  impl.RoleInfo (RoleInfo.java:shutdownFollowerState(121)) - 3b97bcc7-e421-4fef-bf65-4480f43ecb20: shutdown FollowerState
2019-09-23 17:53:27,465 [main] INFO  impl.StateMachineUpdater (StateMachineUpdater.java:stopAndJoin(125)) - 3b97bcc7-e421-4fef-bf65-4480f43ecb20@group-24D98893F38C-StateMachineUpdater: set stopIndex = 16
2019-09-23 17:53:27,465 [3b97bcc7-e421-4fef-bf65-4480f43ecb20@group-24D98893F38C-StateMachineUpdater] INFO  ratis.ContainerStateMachine (ContainerStateMachine.java:takeSnapshot(289)) - group-24D98893F38C: Taking a snapshot at:(t:1, i:14) file /workdir/hadoop-ozone/integration-test/target/test-dir/MiniOzoneClusterImpl-dd0b3c1f-9e93-41d1-a2ca-e0857f7eafcc/datanode-6/data/ratis/a14441a2-6503-4372-aa0a-24d98893f38c/sm/snapshot.1_14
2019-09-23 17:53:27,465 [Thread-321] INFO  impl.FollowerState (FollowerState.java:run(115)) - 3b97bcc7-e421-4fef-bf65-4480f43ecb20: FollowerState was interrupted: java.lang.InterruptedException: sleep interrupted
2019-09-23 17:53:27,502 [3b97bcc7-e421-4fef-bf65-4480f43ecb20@group-24D98893F38C-StateMachineUpdater] INFO  ratis.ContainerStateMachine (ContainerStateMachine.java:takeSnapshot(300)) - group-24D98893F38C: Finished taking a snapshot at:(t:1, i:14) file:/workdir/hadoop-ozone/integration-test/target/test-dir/MiniOzoneClusterImpl-dd0b3c1f-9e93-41d1-a2ca-e0857f7eafcc/datanode-6/data/ratis/a14441a2-6503-4372-aa0a-24d98893f38c/sm/snapshot.1_14 time:36
2019-09-23 17:53:27,504 [3b97bcc7-e421-4fef-bf65-4480f43ecb20@group-24D98893F38C-StateMachineUpdater] INFO  impl.StateMachineUpdater (StateMachineUpdater.java:takeSnapshot(258)) - 3b97bcc7-e421-4fef-bf65-4480f43ecb20@group-24D98893F38C-StateMachineUpdater: Took a snapshot at index 14
2019-09-23 17:53:27,508 [3b97bcc7-e421-4fef-bf65-4480f43ecb20@group-24D98893F38C-StateMachineUpdater] INFO  impl.StateMachineUpdater (StateMachineUpdater.java:lambda$new$0(83)) - 3b97bcc7-e421-4fef-bf65-4480f43ecb20@group-24D98893F38C-StateMachineUpdater: snapshotIndex: updateIncreasingly -1 -> 14
2019-09-23 17:53:27,513 [3b97bcc7-e421-4fef-bf65-4480f43ecb20@group-24D98893F38C-StateMachineUpdater] INFO  ratis.ContainerStateMachine (ContainerStateMachine.java:takeSnapshot(289)) - group-24D98893F38C: Taking a snapshot at:(t:1, i:14) file /workdir/hadoop-ozone/integration-test/target/test-dir/MiniOzoneClusterImpl-dd0b3c1f-9e93-41d1-a2ca-e0857f7eafcc/datanode-6/data/ratis/a14441a2-6503-4372-aa0a-24d98893f38c/sm/snapshot.1_14
2019-09-23 17:53:27,525 [3b97bcc7-e421-4fef-bf65-4480f43ecb20@group-24D98893F38C-StateMachineUpdater] INFO  ratis.ContainerStateMachine (ContainerStateMachine.java:takeSnapshot(300)) - group-24D98893F38C: Finished taking a snapshot at:(t:1, i:14) file:/workdir/hadoop-ozone/integration-test/target/test-dir/MiniOzoneClusterImpl-dd0b3c1f-9e93-41d1-a2ca-e0857f7eafcc/datanode-6/data/ratis/a14441a2-6503-4372-aa0a-24d98893f38c/sm/snapshot.1_14 time:12
2019-09-23 17:53:27,526 [3b97bcc7-e421-4fef-bf65-4480f43ecb20@group-24D98893F38C-StateMachineUpdater] INFO  impl.StateMachineUpdater (StateMachineUpdater.java:takeSnapshot(258)) - 3b97bcc7-e421-4fef-bf65-4480f43ecb20@group-24D98893F38C-StateMachineUpdater: Took a snapshot at index 14
2019-09-23 17:53:27,526 [3b97bcc7-e421-4fef-bf65-4480f43ecb20@group-24D98893F38C-StateMachineUpdater] INFO  impl.StateMachineUpdater (StateMachineUpdater.java:lambda$new$0(83)) - 3b97bcc7-e421-4fef-bf65-4480f43ecb20@group-24D98893F38C-StateMachineUpdater: snapshotIndex: updateIncreasingly 14 -> 14
2019-09-23 17:53:27,526 [main] INFO  impl.RaftServerImpl (ServerState.java:close(385)) - 3b97bcc7-e421-4fef-bf65-4480f43ecb20@group-24D98893F38C: closes. applyIndex: 16
2019-09-23 17:53:27,528 [3b97bcc7-e421-4fef-bf65-4480f43ecb20@group-24D98893F38C-SegmentedRaftLogWorker] INFO  segmented.SegmentedRaftLogWorker (SegmentedRaftLogWorker.java:run(313)) - 3b97bcc7-e421-4fef-bf65-4480f43ecb20@group-24D98893F38C-SegmentedRaftLogWorker was interrupted, exiting. There are 0 tasks remaining in the queue.
2019-09-23 17:53:27,530 [main] INFO  segmented.SegmentedRaftLogWorker (SegmentedRaftLogWorker.java:close(228)) - 3b97bcc7-e421-4fef-bf65-4480f43ecb20@group-24D98893F38C-SegmentedRaftLogWorker close()
2019-09-23 17:53:27,535 [main] INFO  server.GrpcService (GrpcService.java:closeImpl(164)) - 3b97bcc7-e421-4fef-bf65-4480f43ecb20: shutdown server with port 39191 now
2019-09-23 17:53:27,543 [main] INFO  server.GrpcService (GrpcService.java:closeImpl(172)) - 3b97bcc7-e421-4fef-bf65-4480f43ecb20: shutdown server with port 39191 successfully
2019-09-23 17:53:27,544 [grpc-default-executor-2] WARN  server.GrpcServerProtocolService (LogUtils.java:warn(134)) - 3b97bcc7-e421-4fef-bf65-4480f43ecb20: installSnapshot onError, lastRequest: cb813c6c-38bf-4192-ba89-344db3cd4fce->3b97bcc7-e421-4fef-bf65-4480f43ecb20#19-t1, previous=(t:1, i:16), leaderCommit=16, initializing? false, entries: <empty>: org.apache.ratis.thirdparty.io.grpc.StatusRuntimeException: CANCELLED: cancelled before receiving half close
2019-09-23 17:53:27,548 [grpc-default-executor-1] WARN  server.GrpcLogAppender (LogUtils.java:warn(134)) - cb813c6c-38bf-4192-ba89-344db3cd4fce@group-24D98893F38C->3b97bcc7-e421-4fef-bf65-4480f43ecb20-AppendLogResponseHandler: Failed appendEntries: org.apache.ratis.thirdparty.io.grpc.StatusRuntimeException: CANCELLED: HTTP/2 error code: CANCEL
Received Rst Stream
2019-09-23 17:53:27,552 [grpc-default-executor-1] INFO  impl.FollowerInfo (FollowerInfo.java:lambda$new$0(51)) - cb813c6c-38bf-4192-ba89-344db3cd4fce@group-24D98893F38C->3b97bcc7-e421-4fef-bf65-4480f43ecb20: nextIndex: updateUnconditionally 17 -> 16
2019-09-23 17:53:27,561 [refreshUsed-/workdir/hadoop-ozone/integration-test/target/test-dir/MiniOzoneClusterImpl-dd0b3c1f-9e93-41d1-a2ca-e0857f7eafcc/datanode-6/data/containers] WARN  fs.CachingGetSpaceUsed (CachingGetSpaceUsed.java:run(183)) - Thread Interrupted waiting to refresh disk information: sleep interrupted
2019-09-23 17:53:27,580 [main] INFO  utils.BackgroundService (BackgroundService.java:shutdown(148)) - Shutting down service BlockDeletingService
2019-09-23 17:53:27,587 [main] INFO  statemachine.DatanodeStateMachine (DatanodeStateMachine.java:stopDaemon(395)) - Ozone container server stopped.
2019-09-23 17:53:27,593 [main] INFO  handler.ContextHandler (ContextHandler.java:doStop(910)) - Stopped o.e.j.w.WebAppContext@57272109{/,null,UNAVAILABLE}{/hddsDatanode}
2019-09-23 17:53:27,599 [main] INFO  server.AbstractConnector (AbstractConnector.java:doStop(318)) - Stopped ServerConnector@59696551{HTTP/1.1,[http/1.1]}{0.0.0.0:0}
2019-09-23 17:53:27,599 [main] INFO  handler.ContextHandler (ContextHandler.java:doStop(910)) - Stopped o.e.j.s.ServletContextHandler@66b59b7d{/static,jar:file:/home/user/.m2/repository/org/apache/hadoop/hadoop-hdds-container-service/0.5.0-SNAPSHOT/hadoop-hdds-container-service-0.5.0-SNAPSHOT.jar!/webapps/static,UNAVAILABLE}
2019-09-23 17:53:27,599 [main] INFO  handler.ContextHandler (ContextHandler.java:doStop(910)) - Stopped o.e.j.s.ServletContextHandler@6edf29c1{/logs,file:///workdir/hadoop-ozone/integration-test/target/log,UNAVAILABLE}
2019-09-23 17:53:28,077 [Datanode State Machine Thread - 0] INFO  statemachine.DatanodeStateMachine (DatanodeStateMachine.java:lambda$startDaemon$0(350)) - Ozone container server started.
2019-09-23 17:53:29,048 [grpc-default-executor-0] WARN  server.GrpcLogAppender (LogUtils.java:warn(134)) - cb813c6c-38bf-4192-ba89-344db3cd4fce@group-24D98893F38C->3b97bcc7-e421-4fef-bf65-4480f43ecb20-AppendLogResponseHandler: Failed appendEntries: org.apache.ratis.thirdparty.io.grpc.StatusRuntimeException: UNAVAILABLE: io exception
2019-09-23 17:53:29,052 [grpc-default-executor-0] INFO  impl.FollowerInfo (FollowerInfo.java:lambda$new$0(51)) - cb813c6c-38bf-4192-ba89-344db3cd4fce@group-24D98893F38C->3b97bcc7-e421-4fef-bf65-4480f43ecb20: nextIndex: updateUnconditionally 17 -> 16
2019-09-23 17:53:29,068 [grpc-default-executor-1] WARN  server.GrpcLogAppender (LogUtils.java:warn(134)) - cb813c6c-38bf-4192-ba89-344db3cd4fce@group-24D98893F38C->3b97bcc7-e421-4fef-bf65-4480f43ecb20-AppendLogResponseHandler: Failed appendEntries: org.apache.ratis.thirdparty.io.grpc.StatusRuntimeException: UNAVAILABLE: io exception
2019-09-23 17:53:29,071 [grpc-default-executor-1] INFO  impl.FollowerInfo (FollowerInfo.java:lambda$new$0(51)) - cb813c6c-38bf-4192-ba89-344db3cd4fce@group-24D98893F38C->3b97bcc7-e421-4fef-bf65-4480f43ecb20: nextIndex: updateUnconditionally 17 -> 16
2019-09-23 17:53:29,076 [RatisApplyTransactionExecutor 1] INFO  interfaces.Container (KeyValueContainer.java:flushAndSyncDB(386)) - Container 1 is synced with bcsId 14.
2019-09-23 17:53:29,076 [RatisApplyTransactionExecutor 1] INFO  interfaces.Container (KeyValueContainer.java:flushAndSyncDB(386)) - Container 1 is synced with bcsId 14.
2019-09-23 17:53:29,090 [RatisApplyTransactionExecutor 1] INFO  interfaces.Container (KeyValueContainer.java:close(335)) - Container 1 is closed with bcsId 14.
2019-09-23 17:53:29,095 [EventQueue-IncrementalContainerReportForIncrementalContainerReportHandler] INFO  container.IncrementalContainerReportHandler (AbstractContainerReportHandler.java:updateContainerState(176)) - Moving container #1 to CLOSED state, datanode cb813c6c-38bf-4192-ba89-344db3cd4fce{ip: 192.168.5.159, host: pr-hdds-2081-trunk-q8vvk-1381952471, networkLocation: /default-rack, certSerialId: null} reported CLOSED replica.
2019-09-23 17:53:29,103 [RatisApplyTransactionExecutor 1] INFO  interfaces.Container (KeyValueContainer.java:flushAndSyncDB(386)) - Container 1 is synced with bcsId 14.
2019-09-23 17:53:29,105 [RatisApplyTransactionExecutor 1] INFO  interfaces.Container (KeyValueContainer.java:flushAndSyncDB(386)) - Container 1 is synced with bcsId 14.
2019-09-23 17:53:29,128 [RatisApplyTransactionExecutor 1] INFO  interfaces.Container (KeyValueContainer.java:close(335)) - Container 1 is closed with bcsId 14.
2019-09-23 17:53:31,572 [grpc-default-executor-2] WARN  server.GrpcLogAppender (LogUtils.java:warn(134)) - cb813c6c-38bf-4192-ba89-344db3cd4fce@group-24D98893F38C->3b97bcc7-e421-4fef-bf65-4480f43ecb20-AppendLogResponseHandler: Failed appendEntries: org.apache.ratis.thirdparty.io.grpc.StatusRuntimeException: UNAVAILABLE: io exception
2019-09-23 17:53:31,574 [grpc-default-executor-2] INFO  impl.FollowerInfo (FollowerInfo.java:lambda$new$0(51)) - cb813c6c-38bf-4192-ba89-344db3cd4fce@group-24D98893F38C->3b97bcc7-e421-4fef-bf65-4480f43ecb20: nextIndex: updateUnconditionally 16 -> 15
2019-09-23 17:53:32,105 [EventQueue-StaleNodeForStaleNodeHandler] INFO  node.StaleNodeHandler (StaleNodeHandler.java:onMessage(58)) - Datanode 9fe3ac6d-823a-4d7f-a140-5420168d3df0{ip: 192.168.5.159, host: pr-hdds-2081-trunk-q8vvk-1381952471, networkLocation: /default-rack, certSerialId: null} moved to stale state. Finalizing its pipelines [PipelineID=0cfc90da-d439-4a6c-b219-149eef2d0f91, PipelineID=a14441a2-6503-4372-aa0a-24d98893f38c]
2019-09-23 17:53:32,106 [EventQueue-StaleNodeForStaleNodeHandler] INFO  pipeline.SCMPipelineManager (SCMPipelineManager.java:finalizeAndDestroyPipeline(315)) - destroying pipeline:Pipeline[ Id: 0cfc90da-d439-4a6c-b219-149eef2d0f91, Nodes: 9fe3ac6d-823a-4d7f-a140-5420168d3df0{ip: 192.168.5.159, host: pr-hdds-2081-trunk-q8vvk-1381952471, networkLocation: /default-rack, certSerialId: null}, Type:RATIS, Factor:ONE, State:OPEN]
2019-09-23 17:53:32,106 [EventQueue-StaleNodeForStaleNodeHandler] INFO  pipeline.PipelineStateManager (PipelineStateManager.java:finalizePipeline(123)) - Pipeline Pipeline[ Id: 0cfc90da-d439-4a6c-b219-149eef2d0f91, Nodes: 9fe3ac6d-823a-4d7f-a140-5420168d3df0{ip: 192.168.5.159, host: pr-hdds-2081-trunk-q8vvk-1381952471, networkLocation: /default-rack, certSerialId: null}, Type:RATIS, Factor:ONE, State:CLOSED] moved to CLOSED state
2019-09-23 17:53:32,106 [EventQueue-StaleNodeForStaleNodeHandler] INFO  pipeline.SCMPipelineManager (SCMPipelineManager.java:finalizeAndDestroyPipeline(315)) - destroying pipeline:Pipeline[ Id: a14441a2-6503-4372-aa0a-24d98893f38c, Nodes: 3b97bcc7-e421-4fef-bf65-4480f43ecb20{ip: 192.168.5.159, host: pr-hdds-2081-trunk-q8vvk-1381952471, networkLocation: /default-rack, certSerialId: null}9fe3ac6d-823a-4d7f-a140-5420168d3df0{ip: 192.168.5.159, host: pr-hdds-2081-trunk-q8vvk-1381952471, networkLocation: /default-rack, certSerialId: null}cb813c6c-38bf-4192-ba89-344db3cd4fce{ip: 192.168.5.159, host: pr-hdds-2081-trunk-q8vvk-1381952471, networkLocation: /default-rack, certSerialId: null}, Type:RATIS, Factor:THREE, State:CLOSED]
2019-09-23 17:53:32,602 [main] INFO  ozoneimpl.OzoneContainer (OzoneContainer.java:stop(231)) - Attempting to stop container services.
2019-09-23 17:53:32,603 [main] INFO  impl.RaftServerProxy (RaftServerProxy.java:lambda$close$4(314)) - 9fe3ac6d-823a-4d7f-a140-5420168d3df0: close
2019-09-23 17:53:32,604 [main] INFO  impl.RaftServerImpl (RaftServerImpl.java:lambda$shutdown$3(251)) - 9fe3ac6d-823a-4d7f-a140-5420168d3df0@group-149EEF2D0F91: shutdown
2019-09-23 17:53:32,604 [main] INFO  util.JmxRegister (JmxRegister.java:unregister(73)) - Successfully un-registered JMX Bean with object name Ratis:service=RaftServer,group=group-149EEF2D0F91,id=9fe3ac6d-823a-4d7f-a140-5420168d3df0
2019-09-23 17:53:32,605 [main] INFO  impl.RoleInfo (RoleInfo.java:shutdownLeaderState(104)) - 9fe3ac6d-823a-4d7f-a140-5420168d3df0: shutdown LeaderState
2019-09-23 17:53:32,605 [main] INFO  impl.PendingRequests (PendingRequests.java:sendNotLeaderResponses(202)) - 9fe3ac6d-823a-4d7f-a140-5420168d3df0-PendingRequests: sendNotLeaderResponses
2019-09-23 17:53:32,606 [main] INFO  impl.StateMachineUpdater (StateMachineUpdater.java:stopAndJoin(125)) - 9fe3ac6d-823a-4d7f-a140-5420168d3df0@group-149EEF2D0F91-StateMachineUpdater: set stopIndex = 0
2019-09-23 17:53:32,609 [main] INFO  impl.RaftServerImpl (ServerState.java:close(385)) - 9fe3ac6d-823a-4d7f-a140-5420168d3df0@group-149EEF2D0F91: closes. applyIndex: 0
2019-09-23 17:53:32,610 [9fe3ac6d-823a-4d7f-a140-5420168d3df0@group-149EEF2D0F91-SegmentedRaftLogWorker] INFO  segmented.SegmentedRaftLogWorker (SegmentedRaftLogWorker.java:run(313)) - 9fe3ac6d-823a-4d7f-a140-5420168d3df0@group-149EEF2D0F91-SegmentedRaftLogWorker was interrupted, exiting. There are 0 tasks remaining in the queue.
2019-09-23 17:53:32,615 [main] INFO  segmented.SegmentedRaftLogWorker (SegmentedRaftLogWorker.java:close(228)) - 9fe3ac6d-823a-4d7f-a140-5420168d3df0@group-149EEF2D0F91-SegmentedRaftLogWorker close()
2019-09-23 17:53:32,619 [main] INFO  impl.RaftServerImpl (RaftServerImpl.java:lambda$shutdown$3(251)) - 9fe3ac6d-823a-4d7f-a140-5420168d3df0@group-24D98893F38C: shutdown
2019-09-23 17:53:32,619 [main] INFO  util.JmxRegister (JmxRegister.java:unregister(73)) - Successfully un-registered JMX Bean with object name Ratis:service=RaftServer,group=group-24D98893F38C,id=9fe3ac6d-823a-4d7f-a140-5420168d3df0
2019-09-23 17:53:32,620 [main] INFO  impl.RoleInfo (RoleInfo.java:shutdownFollowerState(121)) - 9fe3ac6d-823a-4d7f-a140-5420168d3df0: shutdown FollowerState
2019-09-23 17:53:32,620 [main] INFO  impl.StateMachineUpdater (StateMachineUpdater.java:stopAndJoin(125)) - 9fe3ac6d-823a-4d7f-a140-5420168d3df0@group-24D98893F38C-StateMachineUpdater: set stopIndex = 18
2019-09-23 17:53:32,620 [9fe3ac6d-823a-4d7f-a140-5420168d3df0@group-24D98893F38C-StateMachineUpdater] INFO  ratis.ContainerStateMachine (ContainerStateMachine.java:takeSnapshot(289)) - group-24D98893F38C: Taking a snapshot at:(t:1, i:17) file /workdir/hadoop-ozone/integration-test/target/test-dir/MiniOzoneClusterImpl-dd0b3c1f-9e93-41d1-a2ca-e0857f7eafcc/datanode-4/data/ratis/a14441a2-6503-4372-aa0a-24d98893f38c/sm/snapshot.1_17
2019-09-23 17:53:32,620 [Thread-325] INFO  impl.FollowerState (FollowerState.java:run(115)) - 9fe3ac6d-823a-4d7f-a140-5420168d3df0: FollowerState was interrupted: java.lang.InterruptedException: sleep interrupted
2019-09-23 17:53:32,640 [9fe3ac6d-823a-4d7f-a140-5420168d3df0@group-24D98893F38C-StateMachineUpdater] INFO  ratis.ContainerStateMachine (ContainerStateMachine.java:takeSnapshot(300)) - group-24D98893F38C: Finished taking a snapshot at:(t:1, i:17) file:/workdir/hadoop-ozone/integration-test/target/test-dir/MiniOzoneClusterImpl-dd0b3c1f-9e93-41d1-a2ca-e0857f7eafcc/datanode-4/data/ratis/a14441a2-6503-4372-aa0a-24d98893f38c/sm/snapshot.1_17 time:20
2019-09-23 17:53:32,640 [9fe3ac6d-823a-4d7f-a140-5420168d3df0@group-24D98893F38C-StateMachineUpdater] INFO  impl.StateMachineUpdater (StateMachineUpdater.java:takeSnapshot(258)) - 9fe3ac6d-823a-4d7f-a140-5420168d3df0@group-24D98893F38C-StateMachineUpdater: Took a snapshot at index 17
2019-09-23 17:53:32,641 [9fe3ac6d-823a-4d7f-a140-5420168d3df0@group-24D98893F38C-StateMachineUpdater] INFO  impl.StateMachineUpdater (StateMachineUpdater.java:lambda$new$0(83)) - 9fe3ac6d-823a-4d7f-a140-5420168d3df0@group-24D98893F38C-StateMachineUpdater: snapshotIndex: updateIncreasingly -1 -> 17
2019-09-23 17:53:32,641 [9fe3ac6d-823a-4d7f-a140-5420168d3df0@group-24D98893F38C-StateMachineUpdater] INFO  ratis.ContainerStateMachine (ContainerStateMachine.java:takeSnapshot(289)) - group-24D98893F38C: Taking a snapshot at:(t:1, i:17) file /workdir/hadoop-ozone/integration-test/target/test-dir/MiniOzoneClusterImpl-dd0b3c1f-9e93-41d1-a2ca-e0857f7eafcc/datanode-4/data/ratis/a14441a2-6503-4372-aa0a-24d98893f38c/sm/snapshot.1_17
2019-09-23 17:53:32,658 [9fe3ac6d-823a-4d7f-a140-5420168d3df0@group-24D98893F38C-StateMachineUpdater] INFO  ratis.ContainerStateMachine (ContainerStateMachine.java:takeSnapshot(300)) - group-24D98893F38C: Finished taking a snapshot at:(t:1, i:17) file:/workdir/hadoop-ozone/integration-test/target/test-dir/MiniOzoneClusterImpl-dd0b3c1f-9e93-41d1-a2ca-e0857f7eafcc/datanode-4/data/ratis/a14441a2-6503-4372-aa0a-24d98893f38c/sm/snapshot.1_17 time:17
2019-09-23 17:53:32,659 [9fe3ac6d-823a-4d7f-a140-5420168d3df0@group-24D98893F38C-StateMachineUpdater] INFO  impl.StateMachineUpdater (StateMachineUpdater.java:takeSnapshot(258)) - 9fe3ac6d-823a-4d7f-a140-5420168d3df0@group-24D98893F38C-StateMachineUpdater: Took a snapshot at index 17
2019-09-23 17:53:32,659 [9fe3ac6d-823a-4d7f-a140-5420168d3df0@group-24D98893F38C-StateMachineUpdater] INFO  impl.StateMachineUpdater (StateMachineUpdater.java:lambda$new$0(83)) - 9fe3ac6d-823a-4d7f-a140-5420168d3df0@group-24D98893F38C-StateMachineUpdater: snapshotIndex: updateIncreasingly 17 -> 17
2019-09-23 17:53:32,659 [main] INFO  impl.RaftServerImpl (ServerState.java:close(385)) - 9fe3ac6d-823a-4d7f-a140-5420168d3df0@group-24D98893F38C: closes. applyIndex: 18
2019-09-23 17:53:32,660 [9fe3ac6d-823a-4d7f-a140-5420168d3df0@group-24D98893F38C-SegmentedRaftLogWorker] INFO  segmented.SegmentedRaftLogWorker (SegmentedRaftLogWorker.java:run(313)) - 9fe3ac6d-823a-4d7f-a140-5420168d3df0@group-24D98893F38C-SegmentedRaftLogWorker was interrupted, exiting. There are 0 tasks remaining in the queue.
2019-09-23 17:53:32,663 [main] INFO  segmented.SegmentedRaftLogWorker (SegmentedRaftLogWorker.java:close(228)) - 9fe3ac6d-823a-4d7f-a140-5420168d3df0@group-24D98893F38C-SegmentedRaftLogWorker close()
2019-09-23 17:53:32,666 [main] INFO  server.GrpcService (GrpcService.java:closeImpl(164)) - 9fe3ac6d-823a-4d7f-a140-5420168d3df0: shutdown server with port 39104 now
2019-09-23 17:53:32,673 [main] INFO  server.GrpcService (GrpcService.java:closeImpl(172)) - 9fe3ac6d-823a-4d7f-a140-5420168d3df0: shutdown server with port 39104 successfully
2019-09-23 17:53:32,673 [grpc-default-executor-2] WARN  server.GrpcServerProtocolService (LogUtils.java:warn(134)) - 9fe3ac6d-823a-4d7f-a140-5420168d3df0: installSnapshot onError, lastRequest: cb813c6c-38bf-4192-ba89-344db3cd4fce->9fe3ac6d-823a-4d7f-a140-5420168d3df0#22-t1, previous=(t:1, i:18), leaderCommit=18, initializing? false, entries: <empty>: org.apache.ratis.thirdparty.io.grpc.StatusRuntimeException: CANCELLED: cancelled before receiving half close
2019-09-23 17:53:32,673 [grpc-default-executor-0] WARN  server.GrpcLogAppender (LogUtils.java:warn(134)) - cb813c6c-38bf-4192-ba89-344db3cd4fce@group-24D98893F38C->9fe3ac6d-823a-4d7f-a140-5420168d3df0-AppendLogResponseHandler: Failed appendEntries: org.apache.ratis.thirdparty.io.grpc.StatusRuntimeException: CANCELLED: HTTP/2 error code: CANCEL
Received Rst Stream
2019-09-23 17:53:32,676 [grpc-default-executor-0] INFO  impl.FollowerInfo (FollowerInfo.java:lambda$new$0(51)) - cb813c6c-38bf-4192-ba89-344db3cd4fce@group-24D98893F38C->9fe3ac6d-823a-4d7f-a140-5420168d3df0: nextIndex: updateUnconditionally 19 -> 18
2019-09-23 17:53:32,685 [refreshUsed-/workdir/hadoop-ozone/integration-test/target/test-dir/MiniOzoneClusterImpl-dd0b3c1f-9e93-41d1-a2ca-e0857f7eafcc/datanode-4/data/containers] WARN  fs.CachingGetSpaceUsed (CachingGetSpaceUsed.java:run(183)) - Thread Interrupted waiting to refresh disk information: sleep interrupted
2019-09-23 17:53:32,704 [main] INFO  utils.BackgroundService (BackgroundService.java:shutdown(148)) - Shutting down service BlockDeletingService
2019-09-23 17:53:32,709 [main] INFO  statemachine.DatanodeStateMachine (DatanodeStateMachine.java:stopDaemon(395)) - Ozone container server stopped.
2019-09-23 17:53:32,711 [main] INFO  handler.ContextHandler (ContextHandler.java:doStop(910)) - Stopped o.e.j.w.WebAppContext@142213d5{/,null,UNAVAILABLE}{/hddsDatanode}
2019-09-23 17:53:32,711 [main] INFO  server.AbstractConnector (AbstractConnector.java:doStop(318)) - Stopped ServerConnector@934b52f{HTTP/1.1,[http/1.1]}{0.0.0.0:0}
2019-09-23 17:53:32,712 [main] INFO  handler.ContextHandler (ContextHandler.java:doStop(910)) - Stopped o.e.j.s.ServletContextHandler@6f94fb9d{/static,jar:file:/home/user/.m2/repository/org/apache/hadoop/hadoop-hdds-container-service/0.5.0-SNAPSHOT/hadoop-hdds-container-service-0.5.0-SNAPSHOT.jar!/webapps/static,UNAVAILABLE}
2019-09-23 17:53:32,712 [main] INFO  handler.ContextHandler (ContextHandler.java:doStop(910)) - Stopped o.e.j.s.ServletContextHandler@2cae9b8{/logs,file:///workdir/hadoop-ozone/integration-test/target/log,UNAVAILABLE}
17:53:32.720 [grpc-default-executor-2] ERROR DNAudit - user=null | ip=null | op=WRITE_CHUNK {blockData=conID: 1 locID: 102843101835362304 bcsId: 14} | ret=FAILURE
org.apache.hadoop.hdds.scm.container.common.helpers.ContainerNotOpenException: Container 1 in CLOSED state
	at org.apache.hadoop.ozone.container.common.impl.HddsDispatcher.validateContainerCommand(HddsDispatcher.java:434) ~[hadoop-hdds-container-service-0.5.0-SNAPSHOT.jar:?]
	at org.apache.hadoop.ozone.container.common.transport.server.ratis.ContainerStateMachine.startTransaction(ContainerStateMachine.java:315) ~[hadoop-hdds-container-service-0.5.0-SNAPSHOT.jar:?]
	at org.apache.ratis.server.impl.RaftServerImpl.submitClientRequestAsync(RaftServerImpl.java:573) ~[ratis-server-0.4.0.jar:0.4.0]
	at org.apache.ratis.server.impl.RaftServerProxy.lambda$submitClientRequestAsync$7(RaftServerProxy.java:333) ~[ratis-server-0.4.0.jar:0.4.0]
	at org.apache.ratis.server.impl.RaftServerProxy.lambda$null$5(RaftServerProxy.java:328) ~[ratis-server-0.4.0.jar:0.4.0]
	at org.apache.ratis.util.JavaUtils.callAsUnchecked(JavaUtils.java:109) ~[ratis-common-0.4.0.jar:0.4.0]
	at org.apache.ratis.server.impl.RaftServerProxy.lambda$submitRequest$6(RaftServerProxy.java:328) ~[ratis-server-0.4.0.jar:0.4.0]
	at java.util.concurrent.CompletableFuture.uniComposeStage(CompletableFuture.java:981) ~[?:1.8.0_212]
	at java.util.concurrent.CompletableFuture.thenCompose(CompletableFuture.java:2124) ~[?:1.8.0_212]
	at org.apache.ratis.server.impl.RaftServerProxy.submitRequest(RaftServerProxy.java:327) ~[ratis-server-0.4.0.jar:0.4.0]
	at org.apache.ratis.server.impl.RaftServerProxy.submitClientRequestAsync(RaftServerProxy.java:333) ~[ratis-server-0.4.0.jar:0.4.0]
	at org.apache.ratis.grpc.client.GrpcClientProtocolService$RequestStreamObserver.processClientRequest(GrpcClientProtocolService.java:220) ~[ratis-grpc-0.4.0.jar:0.4.0]
	at org.apache.ratis.grpc.client.GrpcClientProtocolService$OrderedRequestStreamObserver.processClientRequest(GrpcClientProtocolService.java:326) ~[ratis-grpc-0.4.0.jar:0.4.0]
	at org.apache.ratis.util.SlidingWindow$Server.processRequestsFromHead(SlidingWindow.java:429) [ratis-common-0.4.0.jar:0.4.0]
	at org.apache.ratis.util.SlidingWindow$Server.receivedRequest(SlidingWindow.java:421) [ratis-common-0.4.0.jar:0.4.0]
	at org.apache.ratis.grpc.client.GrpcClientProtocolService$OrderedRequestStreamObserver.processClientRequest(GrpcClientProtocolService.java:345) [ratis-grpc-0.4.0.jar:0.4.0]
	at org.apache.ratis.grpc.client.GrpcClientProtocolService$RequestStreamObserver.onNext(GrpcClientProtocolService.java:240) [ratis-grpc-0.4.0.jar:0.4.0]
	at org.apache.ratis.grpc.client.GrpcClientProtocolService$RequestStreamObserver.onNext(GrpcClientProtocolService.java:168) [ratis-grpc-0.4.0.jar:0.4.0]
	at org.apache.ratis.thirdparty.io.grpc.stub.ServerCalls$StreamingServerCallHandler$StreamingServerCallListener.onMessage(ServerCalls.java:248) [ratis-thirdparty-misc-0.2.0.jar:0.2.0]
	at org.apache.ratis.thirdparty.io.grpc.internal.ServerCallImpl$ServerStreamListenerImpl.messagesAvailable(ServerCallImpl.java:263) [ratis-thirdparty-misc-0.2.0.jar:0.2.0]
	at org.apache.ratis.thirdparty.io.grpc.internal.ServerImpl$JumpToApplicationThreadServerStreamListener$1MessagesAvailable.runInContext(ServerImpl.java:686) [ratis-thirdparty-misc-0.2.0.jar:0.2.0]
	at org.apache.ratis.thirdparty.io.grpc.internal.ContextRunnable.run(ContextRunnable.java:37) [ratis-thirdparty-misc-0.2.0.jar:0.2.0]
	at org.apache.ratis.thirdparty.io.grpc.internal.SerializingExecutor.run(SerializingExecutor.java:123) [ratis-thirdparty-misc-0.2.0.jar:0.2.0]
	at java.util.concurrent.ThreadPoolExecutor.runWorker(ThreadPoolExecutor.java:1149) [?:1.8.0_212]
	at java.util.concurrent.ThreadPoolExecutor$Worker.run(ThreadPoolExecutor.java:624) [?:1.8.0_212]
	at java.lang.Thread.run(Thread.java:748) [?:1.8.0_212]
17:53:32.762 [grpc-default-executor-2] ERROR DNAudit - user=null | ip=null | op=WRITE_CHUNK {blockData=conID: 1 locID: 102843101835362304 bcsId: 14} | ret=FAILURE
org.apache.hadoop.hdds.scm.container.common.helpers.ContainerNotOpenException: Container 1 in CLOSED state
	at org.apache.hadoop.ozone.container.common.impl.HddsDispatcher.validateContainerCommand(HddsDispatcher.java:434) ~[hadoop-hdds-container-service-0.5.0-SNAPSHOT.jar:?]
	at org.apache.hadoop.ozone.container.common.transport.server.ratis.ContainerStateMachine.startTransaction(ContainerStateMachine.java:315) ~[hadoop-hdds-container-service-0.5.0-SNAPSHOT.jar:?]
	at org.apache.ratis.server.impl.RaftServerImpl.submitClientRequestAsync(RaftServerImpl.java:573) ~[ratis-server-0.4.0.jar:0.4.0]
	at org.apache.ratis.server.impl.RaftServerProxy.lambda$submitClientRequestAsync$7(RaftServerProxy.java:333) ~[ratis-server-0.4.0.jar:0.4.0]
	at org.apache.ratis.server.impl.RaftServerProxy.lambda$null$5(RaftServerProxy.java:328) ~[ratis-server-0.4.0.jar:0.4.0]
	at org.apache.ratis.util.JavaUtils.callAsUnchecked(JavaUtils.java:109) ~[ratis-common-0.4.0.jar:0.4.0]
	at org.apache.ratis.server.impl.RaftServerProxy.lambda$submitRequest$6(RaftServerProxy.java:328) ~[ratis-server-0.4.0.jar:0.4.0]
	at java.util.concurrent.CompletableFuture.uniComposeStage(CompletableFuture.java:981) ~[?:1.8.0_212]
	at java.util.concurrent.CompletableFuture.thenCompose(CompletableFuture.java:2124) ~[?:1.8.0_212]
	at org.apache.ratis.server.impl.RaftServerProxy.submitRequest(RaftServerProxy.java:327) ~[ratis-server-0.4.0.jar:0.4.0]
	at org.apache.ratis.server.impl.RaftServerProxy.submitClientRequestAsync(RaftServerProxy.java:333) ~[ratis-server-0.4.0.jar:0.4.0]
	at org.apache.ratis.grpc.client.GrpcClientProtocolService$RequestStreamObserver.processClientRequest(GrpcClientProtocolService.java:220) ~[ratis-grpc-0.4.0.jar:0.4.0]
	at org.apache.ratis.grpc.client.GrpcClientProtocolService$OrderedRequestStreamObserver.processClientRequest(GrpcClientProtocolService.java:326) ~[ratis-grpc-0.4.0.jar:0.4.0]
	at org.apache.ratis.util.SlidingWindow$Server.processRequestsFromHead(SlidingWindow.java:429) [ratis-common-0.4.0.jar:0.4.0]
	at org.apache.ratis.util.SlidingWindow$Server.receivedRequest(SlidingWindow.java:421) [ratis-common-0.4.0.jar:0.4.0]
	at org.apache.ratis.grpc.client.GrpcClientProtocolService$OrderedRequestStreamObserver.processClientRequest(GrpcClientProtocolService.java:345) [ratis-grpc-0.4.0.jar:0.4.0]
	at org.apache.ratis.grpc.client.GrpcClientProtocolService$RequestStreamObserver.onNext(GrpcClientProtocolService.java:240) [ratis-grpc-0.4.0.jar:0.4.0]
	at org.apache.ratis.grpc.client.GrpcClientProtocolService$RequestStreamObserver.onNext(GrpcClientProtocolService.java:168) [ratis-grpc-0.4.0.jar:0.4.0]
	at org.apache.ratis.thirdparty.io.grpc.stub.ServerCalls$StreamingServerCallHandler$StreamingServerCallListener.onMessage(ServerCalls.java:248) [ratis-thirdparty-misc-0.2.0.jar:0.2.0]
	at org.apache.ratis.thirdparty.io.grpc.internal.ServerCallImpl$ServerStreamListenerImpl.messagesAvailable(ServerCallImpl.java:263) [ratis-thirdparty-misc-0.2.0.jar:0.2.0]
	at org.apache.ratis.thirdparty.io.grpc.internal.ServerImpl$JumpToApplicationThreadServerStreamListener$1MessagesAvailable.runInContext(ServerImpl.java:686) [ratis-thirdparty-misc-0.2.0.jar:0.2.0]
	at org.apache.ratis.thirdparty.io.grpc.internal.ContextRunnable.run(ContextRunnable.java:37) [ratis-thirdparty-misc-0.2.0.jar:0.2.0]
	at org.apache.ratis.thirdparty.io.grpc.internal.SerializingExecutor.run(SerializingExecutor.java:123) [ratis-thirdparty-misc-0.2.0.jar:0.2.0]
	at java.util.concurrent.ThreadPoolExecutor.runWorker(ThreadPoolExecutor.java:1149) [?:1.8.0_212]
	at java.util.concurrent.ThreadPoolExecutor$Worker.run(ThreadPoolExecutor.java:624) [?:1.8.0_212]
	at java.lang.Thread.run(Thread.java:748) [?:1.8.0_212]
17:53:32.769 [grpc-default-executor-2] ERROR DNAudit - user=null | ip=null | op=PUT_BLOCK {blockData=[blockId=conID: 1 locID: 102843101835362304 bcsId: 0,size=650]} | ret=FAILURE
org.apache.hadoop.hdds.scm.container.common.helpers.ContainerNotOpenException: Container 1 in CLOSED state
	at org.apache.hadoop.ozone.container.common.impl.HddsDispatcher.validateContainerCommand(HddsDispatcher.java:434) ~[hadoop-hdds-container-service-0.5.0-SNAPSHOT.jar:?]
	at org.apache.hadoop.ozone.container.common.transport.server.ratis.ContainerStateMachine.startTransaction(ContainerStateMachine.java:315) ~[hadoop-hdds-container-service-0.5.0-SNAPSHOT.jar:?]
	at org.apache.ratis.server.impl.RaftServerImpl.submitClientRequestAsync(RaftServerImpl.java:573) ~[ratis-server-0.4.0.jar:0.4.0]
	at org.apache.ratis.server.impl.RaftServerProxy.lambda$submitClientRequestAsync$7(RaftServerProxy.java:333) ~[ratis-server-0.4.0.jar:0.4.0]
	at org.apache.ratis.server.impl.RaftServerProxy.lambda$null$5(RaftServerProxy.java:328) ~[ratis-server-0.4.0.jar:0.4.0]
	at org.apache.ratis.util.JavaUtils.callAsUnchecked(JavaUtils.java:109) ~[ratis-common-0.4.0.jar:0.4.0]
	at org.apache.ratis.server.impl.RaftServerProxy.lambda$submitRequest$6(RaftServerProxy.java:328) ~[ratis-server-0.4.0.jar:0.4.0]
	at java.util.concurrent.CompletableFuture.uniComposeStage(CompletableFuture.java:981) ~[?:1.8.0_212]
	at java.util.concurrent.CompletableFuture.thenCompose(CompletableFuture.java:2124) ~[?:1.8.0_212]
	at org.apache.ratis.server.impl.RaftServerProxy.submitRequest(RaftServerProxy.java:327) ~[ratis-server-0.4.0.jar:0.4.0]
	at org.apache.ratis.server.impl.RaftServerProxy.submitClientRequestAsync(RaftServerProxy.java:333) ~[ratis-server-0.4.0.jar:0.4.0]
	at org.apache.ratis.grpc.client.GrpcClientProtocolService$RequestStreamObserver.processClientRequest(GrpcClientProtocolService.java:220) ~[ratis-grpc-0.4.0.jar:0.4.0]
	at org.apache.ratis.grpc.client.GrpcClientProtocolService$OrderedRequestStreamObserver.processClientRequest(GrpcClientProtocolService.java:326) ~[ratis-grpc-0.4.0.jar:0.4.0]
	at org.apache.ratis.util.SlidingWindow$Server.processRequestsFromHead(SlidingWindow.java:429) [ratis-common-0.4.0.jar:0.4.0]
	at org.apache.ratis.util.SlidingWindow$Server.receivedRequest(SlidingWindow.java:421) [ratis-common-0.4.0.jar:0.4.0]
	at org.apache.ratis.grpc.client.GrpcClientProtocolService$OrderedRequestStreamObserver.processClientRequest(GrpcClientProtocolService.java:345) [ratis-grpc-0.4.0.jar:0.4.0]
	at org.apache.ratis.grpc.client.GrpcClientProtocolService$RequestStreamObserver.onNext(GrpcClientProtocolService.java:240) [ratis-grpc-0.4.0.jar:0.4.0]
	at org.apache.ratis.grpc.client.GrpcClientProtocolService$RequestStreamObserver.onNext(GrpcClientProtocolService.java:168) [ratis-grpc-0.4.0.jar:0.4.0]
	at org.apache.ratis.thirdparty.io.grpc.stub.ServerCalls$StreamingServerCallHandler$StreamingServerCallListener.onMessage(ServerCalls.java:248) [ratis-thirdparty-misc-0.2.0.jar:0.2.0]
	at org.apache.ratis.thirdparty.io.grpc.internal.ServerCallImpl$ServerStreamListenerImpl.messagesAvailable(ServerCallImpl.java:263) [ratis-thirdparty-misc-0.2.0.jar:0.2.0]
	at org.apache.ratis.thirdparty.io.grpc.internal.ServerImpl$JumpToApplicationThreadServerStreamListener$1MessagesAvailable.runInContext(ServerImpl.java:686) [ratis-thirdparty-misc-0.2.0.jar:0.2.0]
	at org.apache.ratis.thirdparty.io.grpc.internal.ContextRunnable.run(ContextRunnable.java:37) [ratis-thirdparty-misc-0.2.0.jar:0.2.0]
	at org.apache.ratis.thirdparty.io.grpc.internal.SerializingExecutor.run(SerializingExecutor.java:123) [ratis-thirdparty-misc-0.2.0.jar:0.2.0]
	at java.util.concurrent.ThreadPoolExecutor.runWorker(ThreadPoolExecutor.java:1149) [?:1.8.0_212]
	at java.util.concurrent.ThreadPoolExecutor$Worker.run(ThreadPoolExecutor.java:624) [?:1.8.0_212]
	at java.lang.Thread.run(Thread.java:748) [?:1.8.0_212]
17:53:32.776 [grpc-default-executor-2] ERROR DNAudit - user=null | ip=null | op=WRITE_CHUNK {blockData=conID: 1 locID: 102843101835362304 bcsId: 14} | ret=FAILURE
org.apache.hadoop.hdds.scm.container.common.helpers.ContainerNotOpenException: Container 1 in CLOSED state
	at org.apache.hadoop.ozone.container.common.impl.HddsDispatcher.validateContainerCommand(HddsDispatcher.java:434) ~[hadoop-hdds-container-service-0.5.0-SNAPSHOT.jar:?]
	at org.apache.hadoop.ozone.container.common.transport.server.ratis.ContainerStateMachine.startTransaction(ContainerStateMachine.java:315) ~[hadoop-hdds-container-service-0.5.0-SNAPSHOT.jar:?]
	at org.apache.ratis.server.impl.RaftServerImpl.submitClientRequestAsync(RaftServerImpl.java:573) ~[ratis-server-0.4.0.jar:0.4.0]
	at org.apache.ratis.server.impl.RaftServerProxy.lambda$submitClientRequestAsync$7(RaftServerProxy.java:333) ~[ratis-server-0.4.0.jar:0.4.0]
	at org.apache.ratis.server.impl.RaftServerProxy.lambda$null$5(RaftServerProxy.java:328) ~[ratis-server-0.4.0.jar:0.4.0]
	at org.apache.ratis.util.JavaUtils.callAsUnchecked(JavaUtils.java:109) ~[ratis-common-0.4.0.jar:0.4.0]
	at org.apache.ratis.server.impl.RaftServerProxy.lambda$submitRequest$6(RaftServerProxy.java:328) ~[ratis-server-0.4.0.jar:0.4.0]
	at java.util.concurrent.CompletableFuture.uniComposeStage(CompletableFuture.java:981) ~[?:1.8.0_212]
	at java.util.concurrent.CompletableFuture.thenCompose(CompletableFuture.java:2124) ~[?:1.8.0_212]
	at org.apache.ratis.server.impl.RaftServerProxy.submitRequest(RaftServerProxy.java:327) ~[ratis-server-0.4.0.jar:0.4.0]
	at org.apache.ratis.server.impl.RaftServerProxy.submitClientRequestAsync(RaftServerProxy.java:333) ~[ratis-server-0.4.0.jar:0.4.0]
	at org.apache.ratis.grpc.client.GrpcClientProtocolService$RequestStreamObserver.processClientRequest(GrpcClientProtocolService.java:220) ~[ratis-grpc-0.4.0.jar:0.4.0]
	at org.apache.ratis.grpc.client.GrpcClientProtocolService$OrderedRequestStreamObserver.processClientRequest(GrpcClientProtocolService.java:326) ~[ratis-grpc-0.4.0.jar:0.4.0]
	at org.apache.ratis.util.SlidingWindow$Server.processRequestsFromHead(SlidingWindow.java:429) [ratis-common-0.4.0.jar:0.4.0]
	at org.apache.ratis.util.SlidingWindow$Server.receivedRequest(SlidingWindow.java:421) [ratis-common-0.4.0.jar:0.4.0]
	at org.apache.ratis.grpc.client.GrpcClientProtocolService$OrderedRequestStreamObserver.processClientRequest(GrpcClientProtocolService.java:345) [ratis-grpc-0.4.0.jar:0.4.0]
	at org.apache.ratis.grpc.client.GrpcClientProtocolService$RequestStreamObserver.onNext(GrpcClientProtocolService.java:240) [ratis-grpc-0.4.0.jar:0.4.0]
	at org.apache.ratis.grpc.client.GrpcClientProtocolService$RequestStreamObserver.onNext(GrpcClientProtocolService.java:168) [ratis-grpc-0.4.0.jar:0.4.0]
	at org.apache.ratis.thirdparty.io.grpc.stub.ServerCalls$StreamingServerCallHandler$StreamingServerCallListener.onMessage(ServerCalls.java:248) [ratis-thirdparty-misc-0.2.0.jar:0.2.0]
	at org.apache.ratis.thirdparty.io.grpc.internal.ServerCallImpl$ServerStreamListenerImpl.messagesAvailable(ServerCallImpl.java:263) [ratis-thirdparty-misc-0.2.0.jar:0.2.0]
	at org.apache.ratis.thirdparty.io.grpc.internal.ServerImpl$JumpToApplicationThreadServerStreamListener$1MessagesAvailable.runInContext(ServerImpl.java:686) [ratis-thirdparty-misc-0.2.0.jar:0.2.0]
	at org.apache.ratis.thirdparty.io.grpc.internal.ContextRunnable.run(ContextRunnable.java:37) [ratis-thirdparty-misc-0.2.0.jar:0.2.0]
	at org.apache.ratis.thirdparty.io.grpc.internal.SerializingExecutor.run(SerializingExecutor.java:123) [ratis-thirdparty-misc-0.2.0.jar:0.2.0]
	at java.util.concurrent.ThreadPoolExecutor.runWorker(ThreadPoolExecutor.java:1149) [?:1.8.0_212]
	at java.util.concurrent.ThreadPoolExecutor$Worker.run(ThreadPoolExecutor.java:624) [?:1.8.0_212]
	at java.lang.Thread.run(Thread.java:748) [?:1.8.0_212]
17:53:32.782 [grpc-default-executor-2] ERROR DNAudit - user=null | ip=null | op=WRITE_CHUNK {blockData=conID: 1 locID: 102843101835362304 bcsId: 14} | ret=FAILURE
org.apache.hadoop.hdds.scm.container.common.helpers.ContainerNotOpenException: Container 1 in CLOSED state
	at org.apache.hadoop.ozone.container.common.impl.HddsDispatcher.validateContainerCommand(HddsDispatcher.java:434) ~[hadoop-hdds-container-service-0.5.0-SNAPSHOT.jar:?]
	at org.apache.hadoop.ozone.container.common.transport.server.ratis.ContainerStateMachine.startTransaction(ContainerStateMachine.java:315) ~[hadoop-hdds-container-service-0.5.0-SNAPSHOT.jar:?]
	at org.apache.ratis.server.impl.RaftServerImpl.submitClientRequestAsync(RaftServerImpl.java:573) ~[ratis-server-0.4.0.jar:0.4.0]
	at org.apache.ratis.server.impl.RaftServerProxy.lambda$submitClientRequestAsync$7(RaftServerProxy.java:333) ~[ratis-server-0.4.0.jar:0.4.0]
	at org.apache.ratis.server.impl.RaftServerProxy.lambda$null$5(RaftServerProxy.java:328) ~[ratis-server-0.4.0.jar:0.4.0]
	at org.apache.ratis.util.JavaUtils.callAsUnchecked(JavaUtils.java:109) ~[ratis-common-0.4.0.jar:0.4.0]
	at org.apache.ratis.server.impl.RaftServerProxy.lambda$submitRequest$6(RaftServerProxy.java:328) ~[ratis-server-0.4.0.jar:0.4.0]
	at java.util.concurrent.CompletableFuture.uniComposeStage(CompletableFuture.java:981) ~[?:1.8.0_212]
	at java.util.concurrent.CompletableFuture.thenCompose(CompletableFuture.java:2124) ~[?:1.8.0_212]
	at org.apache.ratis.server.impl.RaftServerProxy.submitRequest(RaftServerProxy.java:327) ~[ratis-server-0.4.0.jar:0.4.0]
	at org.apache.ratis.server.impl.RaftServerProxy.submitClientRequestAsync(RaftServerProxy.java:333) ~[ratis-server-0.4.0.jar:0.4.0]
	at org.apache.ratis.grpc.client.GrpcClientProtocolService$RequestStreamObserver.processClientRequest(GrpcClientProtocolService.java:220) ~[ratis-grpc-0.4.0.jar:0.4.0]
	at org.apache.ratis.grpc.client.GrpcClientProtocolService$OrderedRequestStreamObserver.processClientRequest(GrpcClientProtocolService.java:326) ~[ratis-grpc-0.4.0.jar:0.4.0]
	at org.apache.ratis.util.SlidingWindow$Server.processRequestsFromHead(SlidingWindow.java:429) [ratis-common-0.4.0.jar:0.4.0]
	at org.apache.ratis.util.SlidingWindow$Server.receivedRequest(SlidingWindow.java:421) [ratis-common-0.4.0.jar:0.4.0]
	at org.apache.ratis.grpc.client.GrpcClientProtocolService$OrderedRequestStreamObserver.processClientRequest(GrpcClientProtocolService.java:345) [ratis-grpc-0.4.0.jar:0.4.0]
	at org.apache.ratis.grpc.client.GrpcClientProtocolService$RequestStreamObserver.onNext(GrpcClientProtocolService.java:240) [ratis-grpc-0.4.0.jar:0.4.0]
	at org.apache.ratis.grpc.client.GrpcClientProtocolService$RequestStreamObserver.onNext(GrpcClientProtocolService.java:168) [ratis-grpc-0.4.0.jar:0.4.0]
	at org.apache.ratis.thirdparty.io.grpc.stub.ServerCalls$StreamingServerCallHandler$StreamingServerCallListener.onMessage(ServerCalls.java:248) [ratis-thirdparty-misc-0.2.0.jar:0.2.0]
	at org.apache.ratis.thirdparty.io.grpc.internal.ServerCallImpl$ServerStreamListenerImpl.messagesAvailable(ServerCallImpl.java:263) [ratis-thirdparty-misc-0.2.0.jar:0.2.0]
	at org.apache.ratis.thirdparty.io.grpc.internal.ServerImpl$JumpToApplicationThreadServerStreamListener$1MessagesAvailable.runInContext(ServerImpl.java:686) [ratis-thirdparty-misc-0.2.0.jar:0.2.0]
	at org.apache.ratis.thirdparty.io.grpc.internal.ContextRunnable.run(ContextRunnable.java:37) [ratis-thirdparty-misc-0.2.0.jar:0.2.0]
	at org.apache.ratis.thirdparty.io.grpc.internal.SerializingExecutor.run(SerializingExecutor.java:123) [ratis-thirdparty-misc-0.2.0.jar:0.2.0]
	at java.util.concurrent.ThreadPoolExecutor.runWorker(ThreadPoolExecutor.java:1149) [?:1.8.0_212]
	at java.util.concurrent.ThreadPoolExecutor$Worker.run(ThreadPoolExecutor.java:624) [?:1.8.0_212]
	at java.lang.Thread.run(Thread.java:748) [?:1.8.0_212]
17:53:32.791 [grpc-default-executor-2] ERROR DNAudit - user=null | ip=null | op=PUT_BLOCK {blockData=[blockId=conID: 1 locID: 102843101835362304 bcsId: 0,size=800]} | ret=FAILURE
org.apache.hadoop.hdds.scm.container.common.helpers.ContainerNotOpenException: Container 1 in CLOSED state
	at org.apache.hadoop.ozone.container.common.impl.HddsDispatcher.validateContainerCommand(HddsDispatcher.java:434) ~[hadoop-hdds-container-service-0.5.0-SNAPSHOT.jar:?]
	at org.apache.hadoop.ozone.container.common.transport.server.ratis.ContainerStateMachine.startTransaction(ContainerStateMachine.java:315) ~[hadoop-hdds-container-service-0.5.0-SNAPSHOT.jar:?]
	at org.apache.ratis.server.impl.RaftServerImpl.submitClientRequestAsync(RaftServerImpl.java:573) ~[ratis-server-0.4.0.jar:0.4.0]
	at org.apache.ratis.server.impl.RaftServerProxy.lambda$submitClientRequestAsync$7(RaftServerProxy.java:333) ~[ratis-server-0.4.0.jar:0.4.0]
	at org.apache.ratis.server.impl.RaftServerProxy.lambda$null$5(RaftServerProxy.java:328) ~[ratis-server-0.4.0.jar:0.4.0]
	at org.apache.ratis.util.JavaUtils.callAsUnchecked(JavaUtils.java:109) ~[ratis-common-0.4.0.jar:0.4.0]
	at org.apache.ratis.server.impl.RaftServerProxy.lambda$submitRequest$6(RaftServerProxy.java:328) ~[ratis-server-0.4.0.jar:0.4.0]
	at java.util.concurrent.CompletableFuture.uniComposeStage(CompletableFuture.java:981) ~[?:1.8.0_212]
	at java.util.concurrent.CompletableFuture.thenCompose(CompletableFuture.java:2124) ~[?:1.8.0_212]
	at org.apache.ratis.server.impl.RaftServerProxy.submitRequest(RaftServerProxy.java:327) ~[ratis-server-0.4.0.jar:0.4.0]
	at org.apache.ratis.server.impl.RaftServerProxy.submitClientRequestAsync(RaftServerProxy.java:333) ~[ratis-server-0.4.0.jar:0.4.0]
	at org.apache.ratis.grpc.client.GrpcClientProtocolService$RequestStreamObserver.processClientRequest(GrpcClientProtocolService.java:220) ~[ratis-grpc-0.4.0.jar:0.4.0]
	at org.apache.ratis.grpc.client.GrpcClientProtocolService$OrderedRequestStreamObserver.processClientRequest(GrpcClientProtocolService.java:326) ~[ratis-grpc-0.4.0.jar:0.4.0]
	at org.apache.ratis.util.SlidingWindow$Server.processRequestsFromHead(SlidingWindow.java:429) [ratis-common-0.4.0.jar:0.4.0]
	at org.apache.ratis.util.SlidingWindow$Server.receivedRequest(SlidingWindow.java:421) [ratis-common-0.4.0.jar:0.4.0]
	at org.apache.ratis.grpc.client.GrpcClientProtocolService$OrderedRequestStreamObserver.processClientRequest(GrpcClientProtocolService.java:345) [ratis-grpc-0.4.0.jar:0.4.0]
	at org.apache.ratis.grpc.client.GrpcClientProtocolService$RequestStreamObserver.onNext(GrpcClientProtocolService.java:240) [ratis-grpc-0.4.0.jar:0.4.0]
	at org.apache.ratis.grpc.client.GrpcClientProtocolService$RequestStreamObserver.onNext(GrpcClientProtocolService.java:168) [ratis-grpc-0.4.0.jar:0.4.0]
	at org.apache.ratis.thirdparty.io.grpc.stub.ServerCalls$StreamingServerCallHandler$StreamingServerCallListener.onMessage(ServerCalls.java:248) [ratis-thirdparty-misc-0.2.0.jar:0.2.0]
	at org.apache.ratis.thirdparty.io.grpc.internal.ServerCallImpl$ServerStreamListenerImpl.messagesAvailable(ServerCallImpl.java:263) [ratis-thirdparty-misc-0.2.0.jar:0.2.0]
	at org.apache.ratis.thirdparty.io.grpc.internal.ServerImpl$JumpToApplicationThreadServerStreamListener$1MessagesAvailable.runInContext(ServerImpl.java:686) [ratis-thirdparty-misc-0.2.0.jar:0.2.0]
	at org.apache.ratis.thirdparty.io.grpc.internal.ContextRunnable.run(ContextRunnable.java:37) [ratis-thirdparty-misc-0.2.0.jar:0.2.0]
	at org.apache.ratis.thirdparty.io.grpc.internal.SerializingExecutor.run(SerializingExecutor.java:123) [ratis-thirdparty-misc-0.2.0.jar:0.2.0]
	at java.util.concurrent.ThreadPoolExecutor.runWorker(ThreadPoolExecutor.java:1149) [?:1.8.0_212]
	at java.util.concurrent.ThreadPoolExecutor$Worker.run(ThreadPoolExecutor.java:624) [?:1.8.0_212]
	at java.lang.Thread.run(Thread.java:748) [?:1.8.0_212]
2019-09-23 17:53:34,077 [grpc-default-executor-3] WARN  server.GrpcLogAppender (LogUtils.java:warn(134)) - cb813c6c-38bf-4192-ba89-344db3cd4fce@group-24D98893F38C->3b97bcc7-e421-4fef-bf65-4480f43ecb20-AppendLogResponseHandler: Failed appendEntries: org.apache.ratis.thirdparty.io.grpc.StatusRuntimeException: UNAVAILABLE: io exception
2019-09-23 17:53:34,079 [grpc-default-executor-3] INFO  impl.FollowerInfo (FollowerInfo.java:lambda$new$0(51)) - cb813c6c-38bf-4192-ba89-344db3cd4fce@group-24D98893F38C->3b97bcc7-e421-4fef-bf65-4480f43ecb20: nextIndex: updateUnconditionally 15 -> 14
2019-09-23 17:53:34,079 [grpc-default-executor-1] WARN  server.GrpcLogAppender (LogUtils.java:warn(134)) - cb813c6c-38bf-4192-ba89-344db3cd4fce@group-24D98893F38C->9fe3ac6d-823a-4d7f-a140-5420168d3df0-AppendLogResponseHandler: Failed appendEntries: org.apache.ratis.thirdparty.io.grpc.StatusRuntimeException: UNAVAILABLE: io exception
2019-09-23 17:53:34,081 [grpc-default-executor-1] INFO  impl.FollowerInfo (FollowerInfo.java:lambda$new$0(51)) - cb813c6c-38bf-4192-ba89-344db3cd4fce@group-24D98893F38C->9fe3ac6d-823a-4d7f-a140-5420168d3df0: nextIndex: updateUnconditionally 18 -> 17
2019-09-23 17:53:34,293 [main] WARN  scm.XceiverClientRatis (XceiverClientRatis.java:watchForCommit(292)) - 3 way commit failed on pipeline Pipeline[ Id: 671dad62-ed18-4f16-a09a-72dd09b001f9, Nodes: 693c1cfc-82ae-4a28-a759-f118ca34e4f1{ip: 192.168.5.159, host: pr-hdds-2081-trunk-q8vvk-1381952471, networkLocation: /default-rack, certSerialId: null}c90e0185-0a25-4df3-88d5-3e8995e9995d{ip: 192.168.5.159, host: pr-hdds-2081-trunk-q8vvk-1381952471, networkLocation: /default-rack, certSerialId: null}f69d10d6-6fe6-4100-a250-32c3e6d10aea{ip: 192.168.5.159, host: pr-hdds-2081-trunk-q8vvk-1381952471, networkLocation: /default-rack, certSerialId: null}, Type:RATIS, Factor:THREE, State:OPEN]
java.util.concurrent.TimeoutException
	at java.util.concurrent.CompletableFuture.timedGet(CompletableFuture.java:1771)
	at java.util.concurrent.CompletableFuture.get(CompletableFuture.java:1915)
	at org.apache.hadoop.hdds.scm.XceiverClientRatis.watchForCommit(XceiverClientRatis.java:289)
	at org.apache.hadoop.hdds.scm.storage.CommitWatcher.watchForCommit(CommitWatcher.java:194)
	at org.apache.hadoop.hdds.scm.storage.CommitWatcher.watchOnLastIndex(CommitWatcher.java:157)
	at org.apache.hadoop.hdds.scm.storage.BlockOutputStream.watchForCommit(BlockOutputStream.java:347)
	at org.apache.hadoop.hdds.scm.storage.BlockOutputStream.handleFlush(BlockOutputStream.java:479)
	at org.apache.hadoop.hdds.scm.storage.BlockOutputStream.flush(BlockOutputStream.java:428)
	at org.apache.hadoop.ozone.client.io.BlockOutputStreamEntry.flush(BlockOutputStreamEntry.java:136)
	at org.apache.hadoop.ozone.client.io.KeyOutputStream.handleFlushOrClose(KeyOutputStream.java:443)
	at org.apache.hadoop.ozone.client.io.KeyOutputStream.flush(KeyOutputStream.java:397)
	at org.apache.hadoop.ozone.client.io.OzoneOutputStream.flush(OzoneOutputStream.java:54)
	at org.apache.hadoop.ozone.client.rpc.TestBlockOutputStreamWithFailures.test2DatanodesFailure(TestBlockOutputStreamWithFailures.java:502)
	at sun.reflect.NativeMethodAccessorImpl.invoke0(Native Method)
	at sun.reflect.NativeMethodAccessorImpl.invoke(NativeMethodAccessorImpl.java:62)
	at sun.reflect.DelegatingMethodAccessorImpl.invoke(DelegatingMethodAccessorImpl.java:43)
	at java.lang.reflect.Method.invoke(Method.java:498)
	at org.junit.runners.model.FrameworkMethod$1.runReflectiveCall(FrameworkMethod.java:47)
	at org.junit.internal.runners.model.ReflectiveCallable.run(ReflectiveCallable.java:12)
	at org.junit.runners.model.FrameworkMethod.invokeExplosively(FrameworkMethod.java:44)
	at org.junit.internal.runners.statements.InvokeMethod.evaluate(InvokeMethod.java:17)
	at org.junit.internal.runners.statements.RunBefores.evaluate(RunBefores.java:26)
	at org.junit.internal.runners.statements.RunAfters.evaluate(RunAfters.java:27)
	at org.junit.runners.ParentRunner.runLeaf(ParentRunner.java:271)
	at org.junit.runners.BlockJUnit4ClassRunner.runChild(BlockJUnit4ClassRunner.java:70)
	at org.junit.runners.BlockJUnit4ClassRunner.runChild(BlockJUnit4ClassRunner.java:50)
	at org.junit.runners.ParentRunner$3.run(ParentRunner.java:238)
	at org.junit.runners.ParentRunner$1.schedule(ParentRunner.java:63)
	at org.junit.runners.ParentRunner.runChildren(ParentRunner.java:236)
	at org.junit.runners.ParentRunner.access$000(ParentRunner.java:53)
	at org.junit.runners.ParentRunner$2.evaluate(ParentRunner.java:229)
	at org.junit.runners.ParentRunner.run(ParentRunner.java:309)
	at org.apache.maven.surefire.junit4.JUnit4Provider.execute(JUnit4Provider.java:365)
	at org.apache.maven.surefire.junit4.JUnit4Provider.executeWithRerun(JUnit4Provider.java:273)
	at org.apache.maven.surefire.junit4.JUnit4Provider.executeTestSet(JUnit4Provider.java:238)
	at org.apache.maven.surefire.junit4.JUnit4Provider.invoke(JUnit4Provider.java:159)
	at org.apache.maven.surefire.booter.ForkedBooter.invokeProviderInSameClassLoader(ForkedBooter.java:384)
	at org.apache.maven.surefire.booter.ForkedBooter.runSuitesInProcess(ForkedBooter.java:345)
	at org.apache.maven.surefire.booter.ForkedBooter.execute(ForkedBooter.java:126)
	at org.apache.maven.surefire.booter.ForkedBooter.main(ForkedBooter.java:418)
2019-09-23 17:53:35,297 [main] WARN  storage.CommitWatcher (CommitWatcher.java:watchForCommit(203)) - watchForCommit failed for index 14
java.util.concurrent.TimeoutException
	at java.util.concurrent.CompletableFuture.timedGet(CompletableFuture.java:1771)
	at java.util.concurrent.CompletableFuture.get(CompletableFuture.java:1915)
	at org.apache.hadoop.hdds.scm.XceiverClientRatis.watchForCommit(XceiverClientRatis.java:298)
	at org.apache.hadoop.hdds.scm.storage.CommitWatcher.watchForCommit(CommitWatcher.java:194)
	at org.apache.hadoop.hdds.scm.storage.CommitWatcher.watchOnLastIndex(CommitWatcher.java:157)
	at org.apache.hadoop.hdds.scm.storage.BlockOutputStream.watchForCommit(BlockOutputStream.java:347)
	at org.apache.hadoop.hdds.scm.storage.BlockOutputStream.handleFlush(BlockOutputStream.java:479)
	at org.apache.hadoop.hdds.scm.storage.BlockOutputStream.flush(BlockOutputStream.java:428)
	at org.apache.hadoop.ozone.client.io.BlockOutputStreamEntry.flush(BlockOutputStreamEntry.java:136)
	at org.apache.hadoop.ozone.client.io.KeyOutputStream.handleFlushOrClose(KeyOutputStream.java:443)
	at org.apache.hadoop.ozone.client.io.KeyOutputStream.flush(KeyOutputStream.java:397)
	at org.apache.hadoop.ozone.client.io.OzoneOutputStream.flush(OzoneOutputStream.java:54)
	at org.apache.hadoop.ozone.client.rpc.TestBlockOutputStreamWithFailures.test2DatanodesFailure(TestBlockOutputStreamWithFailures.java:502)
	at sun.reflect.NativeMethodAccessorImpl.invoke0(Native Method)
	at sun.reflect.NativeMethodAccessorImpl.invoke(NativeMethodAccessorImpl.java:62)
	at sun.reflect.DelegatingMethodAccessorImpl.invoke(DelegatingMethodAccessorImpl.java:43)
	at java.lang.reflect.Method.invoke(Method.java:498)
	at org.junit.runners.model.FrameworkMethod$1.runReflectiveCall(FrameworkMethod.java:47)
	at org.junit.internal.runners.model.ReflectiveCallable.run(ReflectiveCallable.java:12)
	at org.junit.runners.model.FrameworkMethod.invokeExplosively(FrameworkMethod.java:44)
	at org.junit.internal.runners.statements.InvokeMethod.evaluate(InvokeMethod.java:17)
	at org.junit.internal.runners.statements.RunBefores.evaluate(RunBefores.java:26)
	at org.junit.internal.runners.statements.RunAfters.evaluate(RunAfters.java:27)
	at org.junit.runners.ParentRunner.runLeaf(ParentRunner.java:271)
	at org.junit.runners.BlockJUnit4ClassRunner.runChild(BlockJUnit4ClassRunner.java:70)
	at org.junit.runners.BlockJUnit4ClassRunner.runChild(BlockJUnit4ClassRunner.java:50)
	at org.junit.runners.ParentRunner$3.run(ParentRunner.java:238)
	at org.junit.runners.ParentRunner$1.schedule(ParentRunner.java:63)
	at org.junit.runners.ParentRunner.runChildren(ParentRunner.java:236)
	at org.junit.runners.ParentRunner.access$000(ParentRunner.java:53)
	at org.junit.runners.ParentRunner$2.evaluate(ParentRunner.java:229)
	at org.junit.runners.ParentRunner.run(ParentRunner.java:309)
	at org.apache.maven.surefire.junit4.JUnit4Provider.execute(JUnit4Provider.java:365)
	at org.apache.maven.surefire.junit4.JUnit4Provider.executeWithRerun(JUnit4Provider.java:273)
	at org.apache.maven.surefire.junit4.JUnit4Provider.executeTestSet(JUnit4Provider.java:238)
	at org.apache.maven.surefire.junit4.JUnit4Provider.invoke(JUnit4Provider.java:159)
	at org.apache.maven.surefire.booter.ForkedBooter.invokeProviderInSameClassLoader(ForkedBooter.java:384)
	at org.apache.maven.surefire.booter.ForkedBooter.runSuitesInProcess(ForkedBooter.java:345)
	at org.apache.maven.surefire.booter.ForkedBooter.execute(ForkedBooter.java:126)
	at org.apache.maven.surefire.booter.ForkedBooter.main(ForkedBooter.java:418)
2019-09-23 17:53:35,299 [main] WARN  io.KeyOutputStream (KeyOutputStream.java:handleException(274)) - Encountered exception java.io.IOException: Unexpected Storage Container Exception: java.io.IOException: Unexpected Storage Container Exception: java.util.concurrent.TimeoutException on the pipeline Pipeline[ Id: 671dad62-ed18-4f16-a09a-72dd09b001f9, Nodes: 693c1cfc-82ae-4a28-a759-f118ca34e4f1{ip: 192.168.5.159, host: pr-hdds-2081-trunk-q8vvk-1381952471, networkLocation: /default-rack, certSerialId: null}c90e0185-0a25-4df3-88d5-3e8995e9995d{ip: 192.168.5.159, host: pr-hdds-2081-trunk-q8vvk-1381952471, networkLocation: /default-rack, certSerialId: null}f69d10d6-6fe6-4100-a250-32c3e6d10aea{ip: 192.168.5.159, host: pr-hdds-2081-trunk-q8vvk-1381952471, networkLocation: /default-rack, certSerialId: null}, Type:RATIS, Factor:THREE, State:OPEN]. The last committed block length is 400, uncommitted data length is 50 retry count 0
2019-09-23 17:53:35,307 [IPC Server handler 0 on 39439] WARN  block.BlockManagerImpl (BlockManagerImpl.java:allocateBlock(192)) - Pipeline creation failed for type:RATIS factor:THREE. Retrying get pipelines call once.
org.apache.hadoop.hdds.scm.pipeline.InsufficientDatanodesException: Cannot create pipeline of factor 3 using 2 nodes.
	at org.apache.hadoop.hdds.scm.pipeline.RatisPipelineProvider.create(RatisPipelineProvider.java:153)
	at org.apache.hadoop.hdds.scm.pipeline.PipelineFactory.create(PipelineFactory.java:58)
	at org.apache.hadoop.hdds.scm.pipeline.SCMPipelineManager.createPipeline(SCMPipelineManager.java:155)
	at org.apache.hadoop.hdds.scm.block.BlockManagerImpl.allocateBlock(BlockManagerImpl.java:190)
	at org.apache.hadoop.hdds.scm.server.SCMBlockProtocolServer.allocateBlock(SCMBlockProtocolServer.java:182)
	at org.apache.hadoop.ozone.protocolPB.ScmBlockLocationProtocolServerSideTranslatorPB.allocateScmBlock(ScmBlockLocationProtocolServerSideTranslatorPB.java:183)
	at org.apache.hadoop.ozone.protocolPB.ScmBlockLocationProtocolServerSideTranslatorPB.processMessage(ScmBlockLocationProtocolServerSideTranslatorPB.java:141)
	at org.apache.hadoop.ozone.protocolPB.ScmBlockLocationProtocolServerSideTranslatorPB.send(ScmBlockLocationProtocolServerSideTranslatorPB.java:116)
	at org.apache.hadoop.hdds.protocol.proto.ScmBlockLocationProtocolProtos$ScmBlockLocationProtocolService$2.callBlockingMethod(ScmBlockLocationProtocolProtos.java:13157)
	at org.apache.hadoop.ipc.ProtobufRpcEngine$Server$ProtoBufRpcInvoker.call(ProtobufRpcEngine.java:524)
	at org.apache.hadoop.ipc.RPC$Server.call(RPC.java:1025)
	at org.apache.hadoop.ipc.Server$RpcCall.run(Server.java:876)
	at org.apache.hadoop.ipc.Server$RpcCall.run(Server.java:822)
	at java.security.AccessController.doPrivileged(Native Method)
	at javax.security.auth.Subject.doAs(Subject.java:422)
	at org.apache.hadoop.security.UserGroupInformation.doAs(UserGroupInformation.java:1730)
	at org.apache.hadoop.ipc.Server$Handler.run(Server.java:2682)
2019-09-23 17:53:35,310 [IPC Server handler 0 on 39439] INFO  block.BlockManagerImpl (BlockManagerImpl.java:allocateBlock(198)) - Could not find available pipeline of type:RATIS and factor:THREE even after retrying
2019-09-23 17:53:35,310 [IPC Server handler 0 on 39439] ERROR block.BlockManagerImpl (BlockManagerImpl.java:allocateBlock(222)) - Unable to allocate a block for the size: 800, type: RATIS, factor: THREE
2019-09-23 17:53:35,320 [main] ERROR io.BlockOutputStreamEntryPool (BlockOutputStreamEntryPool.java:allocateBlockIfNeeded(299)) - Try to allocate more blocks for write failed, already allocated 0 blocks for this write.
INTERNAL_ERROR org.apache.hadoop.ozone.om.exceptions.OMException: Allocated 0 blocks. Requested 1 blocks
	at org.apache.hadoop.ozone.om.protocolPB.OzoneManagerProtocolClientSideTranslatorPB.handleError(OzoneManagerProtocolClientSideTranslatorPB.java:732)
	at org.apache.hadoop.ozone.om.protocolPB.OzoneManagerProtocolClientSideTranslatorPB.allocateBlock(OzoneManagerProtocolClientSideTranslatorPB.java:764)
	at sun.reflect.NativeMethodAccessorImpl.invoke0(Native Method)
	at sun.reflect.NativeMethodAccessorImpl.invoke(NativeMethodAccessorImpl.java:62)
	at sun.reflect.DelegatingMethodAccessorImpl.invoke(DelegatingMethodAccessorImpl.java:43)
	at java.lang.reflect.Method.invoke(Method.java:498)
	at org.apache.hadoop.hdds.tracing.TraceAllMethod.invoke(TraceAllMethod.java:66)
	at com.sun.proxy.$Proxy37.allocateBlock(Unknown Source)
	at org.apache.hadoop.ozone.client.io.BlockOutputStreamEntryPool.allocateNewBlock(BlockOutputStreamEntryPool.java:248)
	at org.apache.hadoop.ozone.client.io.BlockOutputStreamEntryPool.allocateBlockIfNeeded(BlockOutputStreamEntryPool.java:296)
	at org.apache.hadoop.ozone.client.io.KeyOutputStream.handleWrite(KeyOutputStream.java:198)
	at org.apache.hadoop.ozone.client.io.KeyOutputStream.handleRetry(KeyOutputStream.java:375)
	at org.apache.hadoop.ozone.client.io.KeyOutputStream.handleException(KeyOutputStream.java:324)
	at org.apache.hadoop.ozone.client.io.KeyOutputStream.handleFlushOrClose(KeyOutputStream.java:449)
	at org.apache.hadoop.ozone.client.io.KeyOutputStream.flush(KeyOutputStream.java:397)
	at org.apache.hadoop.ozone.client.io.OzoneOutputStream.flush(OzoneOutputStream.java:54)
	at org.apache.hadoop.ozone.client.rpc.TestBlockOutputStreamWithFailures.test2DatanodesFailure(TestBlockOutputStreamWithFailures.java:502)
	at sun.reflect.NativeMethodAccessorImpl.invoke0(Native Method)
	at sun.reflect.NativeMethodAccessorImpl.invoke(NativeMethodAccessorImpl.java:62)
	at sun.reflect.DelegatingMethodAccessorImpl.invoke(DelegatingMethodAccessorImpl.java:43)
	at java.lang.reflect.Method.invoke(Method.java:498)
	at org.junit.runners.model.FrameworkMethod$1.runReflectiveCall(FrameworkMethod.java:47)
	at org.junit.internal.runners.model.ReflectiveCallable.run(ReflectiveCallable.java:12)
	at org.junit.runners.model.FrameworkMethod.invokeExplosively(FrameworkMethod.java:44)
	at org.junit.internal.runners.statements.InvokeMethod.evaluate(InvokeMethod.java:17)
	at org.junit.internal.runners.statements.RunBefores.evaluate(RunBefores.java:26)
	at org.junit.internal.runners.statements.RunAfters.evaluate(RunAfters.java:27)
	at org.junit.runners.ParentRunner.runLeaf(ParentRunner.java:271)
	at org.junit.runners.BlockJUnit4ClassRunner.runChild(BlockJUnit4ClassRunner.java:70)
	at org.junit.runners.BlockJUnit4ClassRunner.runChild(BlockJUnit4ClassRunner.java:50)
	at org.junit.runners.ParentRunner$3.run(ParentRunner.java:238)
	at org.junit.runners.ParentRunner$1.schedule(ParentRunner.java:63)
	at org.junit.runners.ParentRunner.runChildren(ParentRunner.java:236)
	at org.junit.runners.ParentRunner.access$000(ParentRunner.java:53)
	at org.junit.runners.ParentRunner$2.evaluate(ParentRunner.java:229)
	at org.junit.runners.ParentRunner.run(ParentRunner.java:309)
	at org.apache.maven.surefire.junit4.JUnit4Provider.execute(JUnit4Provider.java:365)
	at org.apache.maven.surefire.junit4.JUnit4Provider.executeWithRerun(JUnit4Provider.java:273)
	at org.apache.maven.surefire.junit4.JUnit4Provider.executeTestSet(JUnit4Provider.java:238)
	at org.apache.maven.surefire.junit4.JUnit4Provider.invoke(JUnit4Provider.java:159)
	at org.apache.maven.surefire.booter.ForkedBooter.invokeProviderInSameClassLoader(ForkedBooter.java:384)
	at org.apache.maven.surefire.booter.ForkedBooter.runSuitesInProcess(ForkedBooter.java:345)
	at org.apache.maven.surefire.booter.ForkedBooter.execute(ForkedBooter.java:126)
	at org.apache.maven.surefire.booter.ForkedBooter.main(ForkedBooter.java:418)
2019-09-23 17:53:35,323 [main] INFO  ozone.MiniOzoneClusterImpl (MiniOzoneClusterImpl.java:shutdown(314)) - Shutting down the Mini Ozone Cluster
2019-09-23 17:53:35,324 [main] INFO  ozone.MiniOzoneClusterImpl (MiniOzoneClusterImpl.java:stop(330)) - Stopping the Mini Ozone Cluster
2019-09-23 17:53:35,324 [main] INFO  ozone.MiniOzoneClusterImpl (MiniOzoneClusterImpl.java:stopOM(400)) - Stopping the OzoneManager
2019-09-23 17:53:35,324 [main] INFO  ipc.Server (Server.java:stop(3082)) - Stopping server on 39143
2019-09-23 17:53:35,334 [IPC Server listener on 39143] INFO  ipc.Server (Server.java:run(1185)) - Stopping IPC Server listener on 39143
2019-09-23 17:53:35,334 [main] INFO  ratis.OzoneManagerDoubleBuffer (OzoneManagerDoubleBuffer.java:stop(248)) - Stopping OMDoubleBuffer flush thread
2019-09-23 17:53:35,339 [IPC Server Responder] INFO  ipc.Server (Server.java:run(1319)) - Stopping IPC Server Responder
2019-09-23 17:53:35,343 [OMDoubleBufferFlushThread] INFO  ratis.OzoneManagerDoubleBuffer (OzoneManagerDoubleBuffer.java:flushTransactions(191)) - OMDoubleBuffer flush thread OMDoubleBufferFlushThread is interrupted and will exit. OMDoubleBufferFlushThread
2019-09-23 17:53:35,349 [main] INFO  utils.BackgroundService (BackgroundService.java:shutdown(148)) - Shutting down service KeyDeletingService
2019-09-23 17:53:35,358 [main] INFO  handler.ContextHandler (ContextHandler.java:doStop(910)) - Stopped o.e.j.w.WebAppContext@319854f0{/,null,UNAVAILABLE}{/ozoneManager}
2019-09-23 17:53:35,359 [main] INFO  server.AbstractConnector (AbstractConnector.java:doStop(318)) - Stopped ServerConnector@748fe51d{HTTP/1.1,[http/1.1]}{0.0.0.0:0}
2019-09-23 17:53:35,360 [main] INFO  handler.ContextHandler (ContextHandler.java:doStop(910)) - Stopped o.e.j.s.ServletContextHandler@20ed3303{/static,file:///workdir/hadoop-ozone/integration-test/target/test-classes/webapps/static,UNAVAILABLE}
2019-09-23 17:53:35,360 [main] INFO  handler.ContextHandler (ContextHandler.java:doStop(910)) - Stopped o.e.j.s.ServletContextHandler@1542af63{/logs,file:///workdir/hadoop-ozone/integration-test/target/log,UNAVAILABLE}
2019-09-23 17:53:35,364 [main] INFO  ozone.MiniOzoneClusterImpl (MiniOzoneClusterImpl.java:stopDatanodes(377)) - Stopping the HddsDatanodes
2019-09-23 17:53:36,038 [Datanode State Machine Thread - 0] INFO  statemachine.DatanodeStateMachine (DatanodeStateMachine.java:lambda$startDaemon$0(350)) - Ozone container server started.
2019-09-23 17:53:36,091 [Datanode State Machine Thread - 0] INFO  statemachine.DatanodeStateMachine (DatanodeStateMachine.java:lambda$startDaemon$0(350)) - Ozone container server started.
2019-09-23 17:53:36,581 [grpc-default-executor-4] WARN  server.GrpcLogAppender (LogUtils.java:warn(134)) - cb813c6c-38bf-4192-ba89-344db3cd4fce@group-24D98893F38C->3b97bcc7-e421-4fef-bf65-4480f43ecb20-AppendLogResponseHandler: Failed appendEntries: org.apache.ratis.thirdparty.io.grpc.StatusRuntimeException: UNAVAILABLE: io exception
2019-09-23 17:53:36,581 [grpc-default-executor-5] WARN  server.GrpcLogAppender (LogUtils.java:warn(134)) - cb813c6c-38bf-4192-ba89-344db3cd4fce@group-24D98893F38C->9fe3ac6d-823a-4d7f-a140-5420168d3df0-AppendLogResponseHandler: Failed appendEntries: org.apache.ratis.thirdparty.io.grpc.StatusRuntimeException: UNAVAILABLE: io exception
2019-09-23 17:53:36,585 [grpc-default-executor-4] INFO  impl.FollowerInfo (FollowerInfo.java:lambda$new$0(51)) - cb813c6c-38bf-4192-ba89-344db3cd4fce@group-24D98893F38C->3b97bcc7-e421-4fef-bf65-4480f43ecb20: nextIndex: updateUnconditionally 14 -> 13
2019-09-23 17:53:36,585 [grpc-default-executor-5] INFO  impl.FollowerInfo (FollowerInfo.java:lambda$new$0(51)) - cb813c6c-38bf-4192-ba89-344db3cd4fce@group-24D98893F38C->9fe3ac6d-823a-4d7f-a140-5420168d3df0: nextIndex: updateUnconditionally 17 -> 16
2019-09-23 17:53:39,085 [grpc-default-executor-0] WARN  server.GrpcLogAppender (LogUtils.java:warn(134)) - cb813c6c-38bf-4192-ba89-344db3cd4fce@group-24D98893F38C->9fe3ac6d-823a-4d7f-a140-5420168d3df0-AppendLogResponseHandler: Failed appendEntries: org.apache.ratis.thirdparty.io.grpc.StatusRuntimeException: UNAVAILABLE: io exception
2019-09-23 17:53:39,085 [grpc-default-executor-1] WARN  server.GrpcLogAppender (LogUtils.java:warn(134)) - cb813c6c-38bf-4192-ba89-344db3cd4fce@group-24D98893F38C->3b97bcc7-e421-4fef-bf65-4480f43ecb20-AppendLogResponseHandler: Failed appendEntries: org.apache.ratis.thirdparty.io.grpc.StatusRuntimeException: UNAVAILABLE: io exception
2019-09-23 17:53:39,087 [grpc-default-executor-0] INFO  impl.FollowerInfo (FollowerInfo.java:lambda$new$0(51)) - cb813c6c-38bf-4192-ba89-344db3cd4fce@group-24D98893F38C->9fe3ac6d-823a-4d7f-a140-5420168d3df0: nextIndex: updateUnconditionally 16 -> 15
2019-09-23 17:53:39,089 [grpc-default-executor-1] INFO  impl.FollowerInfo (FollowerInfo.java:lambda$new$0(51)) - cb813c6c-38bf-4192-ba89-344db3cd4fce@group-24D98893F38C->3b97bcc7-e421-4fef-bf65-4480f43ecb20: nextIndex: updateUnconditionally 13 -> 12
2019-09-23 17:53:40,121 [EventQueue-StaleNodeForStaleNodeHandler] INFO  node.StaleNodeHandler (StaleNodeHandler.java:onMessage(58)) - Datanode f69d10d6-6fe6-4100-a250-32c3e6d10aea{ip: 192.168.5.159, host: pr-hdds-2081-trunk-q8vvk-1381952471, networkLocation: /default-rack, certSerialId: null} moved to stale state. Finalizing its pipelines [PipelineID=96a6d23f-90a1-4d39-84ce-48eb8f3a43f1, PipelineID=671dad62-ed18-4f16-a09a-72dd09b001f9]
2019-09-23 17:53:40,122 [EventQueue-StaleNodeForStaleNodeHandler] INFO  pipeline.SCMPipelineManager (SCMPipelineManager.java:finalizeAndDestroyPipeline(315)) - destroying pipeline:Pipeline[ Id: 96a6d23f-90a1-4d39-84ce-48eb8f3a43f1, Nodes: f69d10d6-6fe6-4100-a250-32c3e6d10aea{ip: 192.168.5.159, host: pr-hdds-2081-trunk-q8vvk-1381952471, networkLocation: /default-rack, certSerialId: null}, Type:RATIS, Factor:ONE, State:OPEN]
2019-09-23 17:53:40,122 [EventQueue-StaleNodeForStaleNodeHandler] INFO  pipeline.PipelineStateManager (PipelineStateManager.java:finalizePipeline(123)) - Pipeline Pipeline[ Id: 96a6d23f-90a1-4d39-84ce-48eb8f3a43f1, Nodes: f69d10d6-6fe6-4100-a250-32c3e6d10aea{ip: 192.168.5.159, host: pr-hdds-2081-trunk-q8vvk-1381952471, networkLocation: /default-rack, certSerialId: null}, Type:RATIS, Factor:ONE, State:CLOSED] moved to CLOSED state
2019-09-23 17:53:40,123 [EventQueue-StaleNodeForStaleNodeHandler] INFO  pipeline.SCMPipelineManager (SCMPipelineManager.java:finalizeAndDestroyPipeline(315)) - destroying pipeline:Pipeline[ Id: 671dad62-ed18-4f16-a09a-72dd09b001f9, Nodes: 693c1cfc-82ae-4a28-a759-f118ca34e4f1{ip: 192.168.5.159, host: pr-hdds-2081-trunk-q8vvk-1381952471, networkLocation: /default-rack, certSerialId: null}c90e0185-0a25-4df3-88d5-3e8995e9995d{ip: 192.168.5.159, host: pr-hdds-2081-trunk-q8vvk-1381952471, networkLocation: /default-rack, certSerialId: null}f69d10d6-6fe6-4100-a250-32c3e6d10aea{ip: 192.168.5.159, host: pr-hdds-2081-trunk-q8vvk-1381952471, networkLocation: /default-rack, certSerialId: null}, Type:RATIS, Factor:THREE, State:OPEN]
2019-09-23 17:53:40,123 [EventQueue-StaleNodeForStaleNodeHandler] INFO  pipeline.PipelineStateManager (PipelineStateManager.java:finalizePipeline(123)) - Pipeline Pipeline[ Id: 671dad62-ed18-4f16-a09a-72dd09b001f9, Nodes: 693c1cfc-82ae-4a28-a759-f118ca34e4f1{ip: 192.168.5.159, host: pr-hdds-2081-trunk-q8vvk-1381952471, networkLocation: /default-rack, certSerialId: null}c90e0185-0a25-4df3-88d5-3e8995e9995d{ip: 192.168.5.159, host: pr-hdds-2081-trunk-q8vvk-1381952471, networkLocation: /default-rack, certSerialId: null}f69d10d6-6fe6-4100-a250-32c3e6d10aea{ip: 192.168.5.159, host: pr-hdds-2081-trunk-q8vvk-1381952471, networkLocation: /default-rack, certSerialId: null}, Type:RATIS, Factor:THREE, State:CLOSED] moved to CLOSED state
2019-09-23 17:53:40,123 [EventQueue-StaleNodeForStaleNodeHandler] INFO  node.StaleNodeHandler (StaleNodeHandler.java:onMessage(58)) - Datanode cb813c6c-38bf-4192-ba89-344db3cd4fce{ip: 192.168.5.159, host: pr-hdds-2081-trunk-q8vvk-1381952471, networkLocation: /default-rack, certSerialId: null} moved to stale state. Finalizing its pipelines [PipelineID=1751e928-7d55-474b-a672-fcbb7b2b7296, PipelineID=a14441a2-6503-4372-aa0a-24d98893f38c]
2019-09-23 17:53:40,123 [EventQueue-CloseContainerForCloseContainerEventHandler] INFO  container.CloseContainerEventHandler (CloseContainerEventHandler.java:onMessage(61)) - Close container Event triggered for container : #2
2019-09-23 17:53:40,123 [EventQueue-StaleNodeForStaleNodeHandler] INFO  pipeline.SCMPipelineManager (SCMPipelineManager.java:finalizeAndDestroyPipeline(315)) - destroying pipeline:Pipeline[ Id: 1751e928-7d55-474b-a672-fcbb7b2b7296, Nodes: cb813c6c-38bf-4192-ba89-344db3cd4fce{ip: 192.168.5.159, host: pr-hdds-2081-trunk-q8vvk-1381952471, networkLocation: /default-rack, certSerialId: null}, Type:RATIS, Factor:ONE, State:OPEN]
2019-09-23 17:53:40,129 [EventQueue-StaleNodeForStaleNodeHandler] INFO  pipeline.PipelineStateManager (PipelineStateManager.java:finalizePipeline(123)) - Pipeline Pipeline[ Id: 1751e928-7d55-474b-a672-fcbb7b2b7296, Nodes: cb813c6c-38bf-4192-ba89-344db3cd4fce{ip: 192.168.5.159, host: pr-hdds-2081-trunk-q8vvk-1381952471, networkLocation: /default-rack, certSerialId: null}, Type:RATIS, Factor:ONE, State:CLOSED] moved to CLOSED state
2019-09-23 17:53:40,129 [EventQueue-StaleNodeForStaleNodeHandler] INFO  pipeline.SCMPipelineManager (SCMPipelineManager.java:finalizeAndDestroyPipeline(315)) - destroying pipeline:Pipeline[ Id: a14441a2-6503-4372-aa0a-24d98893f38c, Nodes: 3b97bcc7-e421-4fef-bf65-4480f43ecb20{ip: 192.168.5.159, host: pr-hdds-2081-trunk-q8vvk-1381952471, networkLocation: /default-rack, certSerialId: null}9fe3ac6d-823a-4d7f-a140-5420168d3df0{ip: 192.168.5.159, host: pr-hdds-2081-trunk-q8vvk-1381952471, networkLocation: /default-rack, certSerialId: null}cb813c6c-38bf-4192-ba89-344db3cd4fce{ip: 192.168.5.159, host: pr-hdds-2081-trunk-q8vvk-1381952471, networkLocation: /default-rack, certSerialId: null}, Type:RATIS, Factor:THREE, State:CLOSED]
2019-09-23 17:53:40,367 [main] INFO  ozoneimpl.OzoneContainer (OzoneContainer.java:stop(231)) - Attempting to stop container services.
2019-09-23 17:53:40,367 [ForkJoinPool.commonPool-worker-1] INFO  ozoneimpl.OzoneContainer (OzoneContainer.java:stop(231)) - Attempting to stop container services.
2019-09-23 17:53:40,372 [main] INFO  impl.RaftServerProxy (RaftServerProxy.java:lambda$close$4(314)) - f69d10d6-6fe6-4100-a250-32c3e6d10aea: close
2019-09-23 17:53:40,372 [ForkJoinPool.commonPool-worker-1] INFO  impl.RaftServerProxy (RaftServerProxy.java:lambda$close$4(314)) - cb813c6c-38bf-4192-ba89-344db3cd4fce: close
2019-09-23 17:53:40,372 [main] INFO  impl.RaftServerImpl (RaftServerImpl.java:lambda$shutdown$3(251)) - f69d10d6-6fe6-4100-a250-32c3e6d10aea@group-48EB8F3A43F1: shutdown
2019-09-23 17:53:40,373 [ForkJoinPool.commonPool-worker-1] INFO  impl.RaftServerImpl (RaftServerImpl.java:lambda$shutdown$3(251)) - cb813c6c-38bf-4192-ba89-344db3cd4fce@group-FCBB7B2B7296: shutdown
2019-09-23 17:53:40,373 [main] INFO  util.JmxRegister (JmxRegister.java:unregister(73)) - Successfully un-registered JMX Bean with object name Ratis:service=RaftServer,group=group-48EB8F3A43F1,id=f69d10d6-6fe6-4100-a250-32c3e6d10aea
2019-09-23 17:53:40,373 [ForkJoinPool.commonPool-worker-1] INFO  util.JmxRegister (JmxRegister.java:unregister(73)) - Successfully un-registered JMX Bean with object name Ratis:service=RaftServer,group=group-FCBB7B2B7296,id=cb813c6c-38bf-4192-ba89-344db3cd4fce
2019-09-23 17:53:40,373 [main] INFO  impl.RoleInfo (RoleInfo.java:shutdownLeaderState(104)) - f69d10d6-6fe6-4100-a250-32c3e6d10aea: shutdown LeaderState
2019-09-23 17:53:40,374 [ForkJoinPool.commonPool-worker-1] INFO  impl.RoleInfo (RoleInfo.java:shutdownLeaderState(104)) - cb813c6c-38bf-4192-ba89-344db3cd4fce: shutdown LeaderState
2019-09-23 17:53:40,374 [main] INFO  impl.PendingRequests (PendingRequests.java:sendNotLeaderResponses(202)) - f69d10d6-6fe6-4100-a250-32c3e6d10aea-PendingRequests: sendNotLeaderResponses
2019-09-23 17:53:40,374 [ForkJoinPool.commonPool-worker-1] INFO  impl.PendingRequests (PendingRequests.java:sendNotLeaderResponses(202)) - cb813c6c-38bf-4192-ba89-344db3cd4fce-PendingRequests: sendNotLeaderResponses
2019-09-23 17:53:40,376 [main] INFO  impl.StateMachineUpdater (StateMachineUpdater.java:stopAndJoin(125)) - f69d10d6-6fe6-4100-a250-32c3e6d10aea@group-48EB8F3A43F1-StateMachineUpdater: set stopIndex = 0
2019-09-23 17:53:40,376 [ForkJoinPool.commonPool-worker-1] INFO  impl.StateMachineUpdater (StateMachineUpdater.java:stopAndJoin(125)) - cb813c6c-38bf-4192-ba89-344db3cd4fce@group-FCBB7B2B7296-StateMachineUpdater: set stopIndex = 0
2019-09-23 17:53:40,389 [main] INFO  impl.RaftServerImpl (ServerState.java:close(385)) - f69d10d6-6fe6-4100-a250-32c3e6d10aea@group-48EB8F3A43F1: closes. applyIndex: 0
2019-09-23 17:53:40,389 [ForkJoinPool.commonPool-worker-1] INFO  impl.RaftServerImpl (ServerState.java:close(385)) - cb813c6c-38bf-4192-ba89-344db3cd4fce@group-FCBB7B2B7296: closes. applyIndex: 0
2019-09-23 17:53:40,390 [f69d10d6-6fe6-4100-a250-32c3e6d10aea@group-48EB8F3A43F1-SegmentedRaftLogWorker] INFO  segmented.SegmentedRaftLogWorker (SegmentedRaftLogWorker.java:run(313)) - f69d10d6-6fe6-4100-a250-32c3e6d10aea@group-48EB8F3A43F1-SegmentedRaftLogWorker was interrupted, exiting. There are 0 tasks remaining in the queue.
2019-09-23 17:53:40,390 [cb813c6c-38bf-4192-ba89-344db3cd4fce@group-FCBB7B2B7296-SegmentedRaftLogWorker] INFO  segmented.SegmentedRaftLogWorker (SegmentedRaftLogWorker.java:run(313)) - cb813c6c-38bf-4192-ba89-344db3cd4fce@group-FCBB7B2B7296-SegmentedRaftLogWorker was interrupted, exiting. There are 0 tasks remaining in the queue.
2019-09-23 17:53:40,394 [main] INFO  segmented.SegmentedRaftLogWorker (SegmentedRaftLogWorker.java:close(228)) - f69d10d6-6fe6-4100-a250-32c3e6d10aea@group-48EB8F3A43F1-SegmentedRaftLogWorker close()
2019-09-23 17:53:40,394 [ForkJoinPool.commonPool-worker-1] INFO  segmented.SegmentedRaftLogWorker (SegmentedRaftLogWorker.java:close(228)) - cb813c6c-38bf-4192-ba89-344db3cd4fce@group-FCBB7B2B7296-SegmentedRaftLogWorker close()
2019-09-23 17:53:40,397 [main] INFO  impl.RaftServerImpl (RaftServerImpl.java:lambda$shutdown$3(251)) - f69d10d6-6fe6-4100-a250-32c3e6d10aea@group-72DD09B001F9: shutdown
2019-09-23 17:53:40,400 [ForkJoinPool.commonPool-worker-1] INFO  impl.RaftServerImpl (RaftServerImpl.java:lambda$shutdown$3(251)) - cb813c6c-38bf-4192-ba89-344db3cd4fce@group-24D98893F38C: shutdown
2019-09-23 17:53:40,400 [main] INFO  util.JmxRegister (JmxRegister.java:unregister(73)) - Successfully un-registered JMX Bean with object name Ratis:service=RaftServer,group=group-72DD09B001F9,id=f69d10d6-6fe6-4100-a250-32c3e6d10aea
2019-09-23 17:53:40,401 [ForkJoinPool.commonPool-worker-1] INFO  util.JmxRegister (JmxRegister.java:unregister(73)) - Successfully un-registered JMX Bean with object name Ratis:service=RaftServer,group=group-24D98893F38C,id=cb813c6c-38bf-4192-ba89-344db3cd4fce
2019-09-23 17:53:40,401 [main] INFO  impl.RoleInfo (RoleInfo.java:shutdownFollowerState(121)) - f69d10d6-6fe6-4100-a250-32c3e6d10aea: shutdown FollowerState
2019-09-23 17:53:40,401 [ForkJoinPool.commonPool-worker-1] INFO  impl.RoleInfo (RoleInfo.java:shutdownLeaderState(104)) - cb813c6c-38bf-4192-ba89-344db3cd4fce: shutdown LeaderState
2019-09-23 17:53:40,402 [Thread-392] INFO  impl.FollowerState (FollowerState.java:run(115)) - f69d10d6-6fe6-4100-a250-32c3e6d10aea: FollowerState was interrupted: java.lang.InterruptedException: sleep interrupted
2019-09-23 17:53:40,402 [main] INFO  impl.StateMachineUpdater (StateMachineUpdater.java:stopAndJoin(125)) - f69d10d6-6fe6-4100-a250-32c3e6d10aea@group-72DD09B001F9-StateMachineUpdater: set stopIndex = 16
2019-09-23 17:53:40,405 [org.apache.ratis.server.impl.LogAppender$AppenderDaemon$$Lambda$505/312945292@3a48bf52] WARN  server.GrpcLogAppender (GrpcLogAppender.java:mayWait(143)) - cb813c6c-38bf-4192-ba89-344db3cd4fce@group-24D98893F38C->9fe3ac6d-823a-4d7f-a140-5420168d3df0-GrpcLogAppender: Wait interrupted by java.lang.InterruptedException
2019-09-23 17:53:40,405 [ForkJoinPool.commonPool-worker-1] INFO  impl.PendingRequests (PendingRequests.java:sendNotLeaderResponses(202)) - cb813c6c-38bf-4192-ba89-344db3cd4fce-PendingRequests: sendNotLeaderResponses
2019-09-23 17:53:40,402 [f69d10d6-6fe6-4100-a250-32c3e6d10aea@group-72DD09B001F9-StateMachineUpdater] INFO  ratis.ContainerStateMachine (ContainerStateMachine.java:takeSnapshot(289)) - group-72DD09B001F9: Taking a snapshot at:(t:2, i:16) file /workdir/hadoop-ozone/integration-test/target/test-dir/MiniOzoneClusterImpl-dd0b3c1f-9e93-41d1-a2ca-e0857f7eafcc/datanode-3/data/ratis/671dad62-ed18-4f16-a09a-72dd09b001f9/sm/snapshot.2_16
2019-09-23 17:53:40,405 [org.apache.ratis.server.impl.LogAppender$AppenderDaemon$$Lambda$505/312945292@cfa57b6] WARN  server.GrpcLogAppender (GrpcLogAppender.java:mayWait(143)) - cb813c6c-38bf-4192-ba89-344db3cd4fce@group-24D98893F38C->3b97bcc7-e421-4fef-bf65-4480f43ecb20-GrpcLogAppender: Wait interrupted by java.lang.InterruptedException
2019-09-23 17:53:40,408 [ForkJoinPool.commonPool-worker-1] INFO  impl.StateMachineUpdater (StateMachineUpdater.java:stopAndJoin(125)) - cb813c6c-38bf-4192-ba89-344db3cd4fce@group-24D98893F38C-StateMachineUpdater: set stopIndex = 18
2019-09-23 17:53:40,408 [cb813c6c-38bf-4192-ba89-344db3cd4fce@group-24D98893F38C-StateMachineUpdater] INFO  ratis.ContainerStateMachine (ContainerStateMachine.java:takeSnapshot(289)) - group-24D98893F38C: Taking a snapshot at:(t:1, i:18) file /workdir/hadoop-ozone/integration-test/target/test-dir/MiniOzoneClusterImpl-dd0b3c1f-9e93-41d1-a2ca-e0857f7eafcc/datanode-1/data/ratis/a14441a2-6503-4372-aa0a-24d98893f38c/sm/snapshot.1_18
2019-09-23 17:53:40,441 [f69d10d6-6fe6-4100-a250-32c3e6d10aea@group-72DD09B001F9-StateMachineUpdater] INFO  ratis.ContainerStateMachine (ContainerStateMachine.java:takeSnapshot(300)) - group-72DD09B001F9: Finished taking a snapshot at:(t:2, i:16) file:/workdir/hadoop-ozone/integration-test/target/test-dir/MiniOzoneClusterImpl-dd0b3c1f-9e93-41d1-a2ca-e0857f7eafcc/datanode-3/data/ratis/671dad62-ed18-4f16-a09a-72dd09b001f9/sm/snapshot.2_16 time:39
2019-09-23 17:53:40,441 [cb813c6c-38bf-4192-ba89-344db3cd4fce@group-24D98893F38C-StateMachineUpdater] INFO  ratis.ContainerStateMachine (ContainerStateMachine.java:takeSnapshot(300)) - group-24D98893F38C: Finished taking a snapshot at:(t:1, i:18) file:/workdir/hadoop-ozone/integration-test/target/test-dir/MiniOzoneClusterImpl-dd0b3c1f-9e93-41d1-a2ca-e0857f7eafcc/datanode-1/data/ratis/a14441a2-6503-4372-aa0a-24d98893f38c/sm/snapshot.1_18 time:33
2019-09-23 17:53:40,441 [f69d10d6-6fe6-4100-a250-32c3e6d10aea@group-72DD09B001F9-StateMachineUpdater] INFO  impl.StateMachineUpdater (StateMachineUpdater.java:takeSnapshot(258)) - f69d10d6-6fe6-4100-a250-32c3e6d10aea@group-72DD09B001F9-StateMachineUpdater: Took a snapshot at index 16
2019-09-23 17:53:40,441 [cb813c6c-38bf-4192-ba89-344db3cd4fce@group-24D98893F38C-StateMachineUpdater] INFO  impl.StateMachineUpdater (StateMachineUpdater.java:takeSnapshot(258)) - cb813c6c-38bf-4192-ba89-344db3cd4fce@group-24D98893F38C-StateMachineUpdater: Took a snapshot at index 18
2019-09-23 17:53:40,441 [f69d10d6-6fe6-4100-a250-32c3e6d10aea@group-72DD09B001F9-StateMachineUpdater] INFO  impl.StateMachineUpdater (StateMachineUpdater.java:lambda$new$0(83)) - f69d10d6-6fe6-4100-a250-32c3e6d10aea@group-72DD09B001F9-StateMachineUpdater: snapshotIndex: updateIncreasingly -1 -> 16
2019-09-23 17:53:40,442 [cb813c6c-38bf-4192-ba89-344db3cd4fce@group-24D98893F38C-StateMachineUpdater] INFO  impl.StateMachineUpdater (StateMachineUpdater.java:lambda$new$0(83)) - cb813c6c-38bf-4192-ba89-344db3cd4fce@group-24D98893F38C-StateMachineUpdater: snapshotIndex: updateIncreasingly -1 -> 18
2019-09-23 17:53:40,442 [main] INFO  impl.RaftServerImpl (ServerState.java:close(385)) - f69d10d6-6fe6-4100-a250-32c3e6d10aea@group-72DD09B001F9: closes. applyIndex: 16
2019-09-23 17:53:40,442 [ForkJoinPool.commonPool-worker-1] INFO  impl.RaftServerImpl (ServerState.java:close(385)) - cb813c6c-38bf-4192-ba89-344db3cd4fce@group-24D98893F38C: closes. applyIndex: 18
2019-09-23 17:53:40,443 [f69d10d6-6fe6-4100-a250-32c3e6d10aea@group-72DD09B001F9-SegmentedRaftLogWorker] INFO  segmented.SegmentedRaftLogWorker (SegmentedRaftLogWorker.java:run(313)) - f69d10d6-6fe6-4100-a250-32c3e6d10aea@group-72DD09B001F9-SegmentedRaftLogWorker was interrupted, exiting. There are 0 tasks remaining in the queue.
2019-09-23 17:53:40,445 [cb813c6c-38bf-4192-ba89-344db3cd4fce@group-24D98893F38C-SegmentedRaftLogWorker] INFO  segmented.SegmentedRaftLogWorker (SegmentedRaftLogWorker.java:run(313)) - cb813c6c-38bf-4192-ba89-344db3cd4fce@group-24D98893F38C-SegmentedRaftLogWorker was interrupted, exiting. There are 0 tasks remaining in the queue.
2019-09-23 17:53:40,445 [main] INFO  segmented.SegmentedRaftLogWorker (SegmentedRaftLogWorker.java:close(228)) - f69d10d6-6fe6-4100-a250-32c3e6d10aea@group-72DD09B001F9-SegmentedRaftLogWorker close()
2019-09-23 17:53:40,446 [ForkJoinPool.commonPool-worker-1] INFO  segmented.SegmentedRaftLogWorker (SegmentedRaftLogWorker.java:close(228)) - cb813c6c-38bf-4192-ba89-344db3cd4fce@group-24D98893F38C-SegmentedRaftLogWorker close()
2019-09-23 17:53:40,449 [main] INFO  server.GrpcService (GrpcService.java:closeImpl(164)) - f69d10d6-6fe6-4100-a250-32c3e6d10aea: shutdown server with port 45380 now
2019-09-23 17:53:40,451 [ForkJoinPool.commonPool-worker-1] INFO  server.GrpcService (GrpcService.java:closeImpl(164)) - cb813c6c-38bf-4192-ba89-344db3cd4fce: shutdown server with port 33804 now
2019-09-23 17:53:40,458 [ForkJoinPool.commonPool-worker-1] INFO  server.GrpcService (GrpcService.java:closeImpl(172)) - cb813c6c-38bf-4192-ba89-344db3cd4fce: shutdown server with port 33804 successfully
2019-09-23 17:53:40,460 [grpc-default-executor-0] WARN  server.GrpcServerProtocolService (LogUtils.java:warn(134)) - f69d10d6-6fe6-4100-a250-32c3e6d10aea: installSnapshot onError, lastRequest: 693c1cfc-82ae-4a28-a759-f118ca34e4f1->f69d10d6-6fe6-4100-a250-32c3e6d10aea#21-t2, previous=(t:2, i:16), leaderCommit=16, initializing? false, entries: <empty>: org.apache.ratis.thirdparty.io.grpc.StatusRuntimeException: CANCELLED: cancelled before receiving half close
2019-09-23 17:53:40,462 [main] INFO  server.GrpcService (GrpcService.java:closeImpl(172)) - f69d10d6-6fe6-4100-a250-32c3e6d10aea: shutdown server with port 45380 successfully
2019-09-23 17:53:40,471 [grpc-default-executor-5] WARN  server.GrpcLogAppender (LogUtils.java:warn(134)) - 693c1cfc-82ae-4a28-a759-f118ca34e4f1@group-72DD09B001F9->f69d10d6-6fe6-4100-a250-32c3e6d10aea-AppendLogResponseHandler: Failed appendEntries: org.apache.ratis.thirdparty.io.grpc.StatusRuntimeException: CANCELLED: HTTP/2 error code: CANCEL
Received Rst Stream
2019-09-23 17:53:40,474 [grpc-default-executor-5] INFO  impl.FollowerInfo (FollowerInfo.java:lambda$new$0(51)) - 693c1cfc-82ae-4a28-a759-f118ca34e4f1@group-72DD09B001F9->f69d10d6-6fe6-4100-a250-32c3e6d10aea: nextIndex: updateUnconditionally 17 -> 16
2019-09-23 17:53:40,482 [refreshUsed-/workdir/hadoop-ozone/integration-test/target/test-dir/MiniOzoneClusterImpl-dd0b3c1f-9e93-41d1-a2ca-e0857f7eafcc/datanode-3/data/containers] WARN  fs.CachingGetSpaceUsed (CachingGetSpaceUsed.java:run(183)) - Thread Interrupted waiting to refresh disk information: sleep interrupted
2019-09-23 17:53:40,483 [refreshUsed-/workdir/hadoop-ozone/integration-test/target/test-dir/MiniOzoneClusterImpl-dd0b3c1f-9e93-41d1-a2ca-e0857f7eafcc/datanode-1/data/containers] WARN  fs.CachingGetSpaceUsed (CachingGetSpaceUsed.java:run(183)) - Thread Interrupted waiting to refresh disk information: sleep interrupted
2019-09-23 17:53:40,512 [ForkJoinPool.commonPool-worker-1] INFO  utils.BackgroundService (BackgroundService.java:shutdown(148)) - Shutting down service BlockDeletingService
2019-09-23 17:53:40,512 [main] INFO  utils.BackgroundService (BackgroundService.java:shutdown(148)) - Shutting down service BlockDeletingService
2019-09-23 17:53:40,519 [ForkJoinPool.commonPool-worker-1] INFO  statemachine.DatanodeStateMachine (DatanodeStateMachine.java:stopDaemon(395)) - Ozone container server stopped.
2019-09-23 17:53:40,521 [main] INFO  statemachine.DatanodeStateMachine (DatanodeStateMachine.java:stopDaemon(395)) - Ozone container server stopped.
2019-09-23 17:53:40,525 [ForkJoinPool.commonPool-worker-1] INFO  handler.ContextHandler (ContextHandler.java:doStop(910)) - Stopped o.e.j.w.WebAppContext@53e800f9{/,null,UNAVAILABLE}{/hddsDatanode}
2019-09-23 17:53:40,525 [main] INFO  handler.ContextHandler (ContextHandler.java:doStop(910)) - Stopped o.e.j.w.WebAppContext@317a118b{/,null,UNAVAILABLE}{/hddsDatanode}
2019-09-23 17:53:40,526 [ForkJoinPool.commonPool-worker-1] INFO  server.AbstractConnector (AbstractConnector.java:doStop(318)) - Stopped ServerConnector@337bbfdf{HTTP/1.1,[http/1.1]}{0.0.0.0:0}
2019-09-23 17:53:40,526 [main] INFO  server.AbstractConnector (AbstractConnector.java:doStop(318)) - Stopped ServerConnector@56dfab87{HTTP/1.1,[http/1.1]}{0.0.0.0:0}
2019-09-23 17:53:40,527 [ForkJoinPool.commonPool-worker-1] INFO  handler.ContextHandler (ContextHandler.java:doStop(910)) - Stopped o.e.j.s.ServletContextHandler@c27a3a2{/static,jar:file:/home/user/.m2/repository/org/apache/hadoop/hadoop-hdds-container-service/0.5.0-SNAPSHOT/hadoop-hdds-container-service-0.5.0-SNAPSHOT.jar!/webapps/static,UNAVAILABLE}
2019-09-23 17:53:40,528 [main] INFO  handler.ContextHandler (ContextHandler.java:doStop(910)) - Stopped o.e.j.s.ServletContextHandler@72f9f27c{/static,jar:file:/home/user/.m2/repository/org/apache/hadoop/hadoop-hdds-container-service/0.5.0-SNAPSHOT/hadoop-hdds-container-service-0.5.0-SNAPSHOT.jar!/webapps/static,UNAVAILABLE}
2019-09-23 17:53:40,529 [ForkJoinPool.commonPool-worker-1] INFO  handler.ContextHandler (ContextHandler.java:doStop(910)) - Stopped o.e.j.s.ServletContextHandler@5460b754{/logs,file:///workdir/hadoop-ozone/integration-test/target/log,UNAVAILABLE}
2019-09-23 17:53:40,530 [main] INFO  handler.ContextHandler (ContextHandler.java:doStop(910)) - Stopped o.e.j.s.ServletContextHandler@43af351a{/logs,file:///workdir/hadoop-ozone/integration-test/target/log,UNAVAILABLE}
2019-09-23 17:53:40,694 [Datanode State Machine Thread - 0] INFO  statemachine.DatanodeStateMachine (DatanodeStateMachine.java:lambda$startDaemon$0(350)) - Ozone container server started.
2019-09-23 17:53:40,812 [grpc-default-executor-1] WARN  server.GrpcLogAppender (LogUtils.java:warn(134)) - 693c1cfc-82ae-4a28-a759-f118ca34e4f1@group-72DD09B001F9->f69d10d6-6fe6-4100-a250-32c3e6d10aea-AppendLogResponseHandler: Failed appendEntries: org.apache.ratis.thirdparty.io.grpc.StatusRuntimeException: UNAVAILABLE: io exception
2019-09-23 17:53:40,814 [grpc-default-executor-1] INFO  impl.FollowerInfo (FollowerInfo.java:lambda$new$0(51)) - 693c1cfc-82ae-4a28-a759-f118ca34e4f1@group-72DD09B001F9->f69d10d6-6fe6-4100-a250-32c3e6d10aea: nextIndex: updateUnconditionally 16 -> 15
2019-09-23 17:53:41,040 [Datanode State Machine Thread - 0] INFO  statemachine.DatanodeStateMachine (DatanodeStateMachine.java:lambda$startDaemon$0(350)) - Ozone container server started.
2019-09-23 17:53:43,314 [grpc-default-executor-5] WARN  server.GrpcLogAppender (LogUtils.java:warn(134)) - 693c1cfc-82ae-4a28-a759-f118ca34e4f1@group-72DD09B001F9->f69d10d6-6fe6-4100-a250-32c3e6d10aea-AppendLogResponseHandler: Failed appendEntries: org.apache.ratis.thirdparty.io.grpc.StatusRuntimeException: UNAVAILABLE: io exception
2019-09-23 17:53:43,318 [grpc-default-executor-5] INFO  impl.FollowerInfo (FollowerInfo.java:lambda$new$0(51)) - 693c1cfc-82ae-4a28-a759-f118ca34e4f1@group-72DD09B001F9->f69d10d6-6fe6-4100-a250-32c3e6d10aea: nextIndex: updateUnconditionally 15 -> 14
2019-09-23 17:53:44,731 [EventQueue-StaleNodeForStaleNodeHandler] INFO  node.StaleNodeHandler (StaleNodeHandler.java:onMessage(58)) - Datanode 167f47c5-7d47-4185-a398-0c9407b8c4b2{ip: 192.168.5.159, host: pr-hdds-2081-trunk-q8vvk-1381952471, networkLocation: /default-rack, certSerialId: null} moved to stale state. Finalizing its pipelines [PipelineID=d4985755-a999-4cff-9dab-be0761945502]
2019-09-23 17:53:44,732 [EventQueue-StaleNodeForStaleNodeHandler] INFO  pipeline.SCMPipelineManager (SCMPipelineManager.java:finalizeAndDestroyPipeline(315)) - destroying pipeline:Pipeline[ Id: d4985755-a999-4cff-9dab-be0761945502, Nodes: 167f47c5-7d47-4185-a398-0c9407b8c4b2{ip: 192.168.5.159, host: pr-hdds-2081-trunk-q8vvk-1381952471, networkLocation: /default-rack, certSerialId: null}, Type:RATIS, Factor:ONE, State:OPEN]
2019-09-23 17:53:44,733 [EventQueue-StaleNodeForStaleNodeHandler] INFO  pipeline.PipelineStateManager (PipelineStateManager.java:finalizePipeline(123)) - Pipeline Pipeline[ Id: d4985755-a999-4cff-9dab-be0761945502, Nodes: 167f47c5-7d47-4185-a398-0c9407b8c4b2{ip: 192.168.5.159, host: pr-hdds-2081-trunk-q8vvk-1381952471, networkLocation: /default-rack, certSerialId: null}, Type:RATIS, Factor:ONE, State:CLOSED] moved to CLOSED state
2019-09-23 17:53:45,132 [EventQueue-StaleNodeForStaleNodeHandler] INFO  node.StaleNodeHandler (StaleNodeHandler.java:onMessage(58)) - Datanode 693c1cfc-82ae-4a28-a759-f118ca34e4f1{ip: 192.168.5.159, host: pr-hdds-2081-trunk-q8vvk-1381952471, networkLocation: /default-rack, certSerialId: null} moved to stale state. Finalizing its pipelines [PipelineID=d2e0c45a-d506-4043-ac44-8b0d92133c23, PipelineID=671dad62-ed18-4f16-a09a-72dd09b001f9]
2019-09-23 17:53:45,133 [EventQueue-StaleNodeForStaleNodeHandler] INFO  pipeline.SCMPipelineManager (SCMPipelineManager.java:finalizeAndDestroyPipeline(315)) - destroying pipeline:Pipeline[ Id: d2e0c45a-d506-4043-ac44-8b0d92133c23, Nodes: 693c1cfc-82ae-4a28-a759-f118ca34e4f1{ip: 192.168.5.159, host: pr-hdds-2081-trunk-q8vvk-1381952471, networkLocation: /default-rack, certSerialId: null}, Type:RATIS, Factor:ONE, State:OPEN]
2019-09-23 17:53:45,133 [EventQueue-StaleNodeForStaleNodeHandler] INFO  pipeline.PipelineStateManager (PipelineStateManager.java:finalizePipeline(123)) - Pipeline Pipeline[ Id: d2e0c45a-d506-4043-ac44-8b0d92133c23, Nodes: 693c1cfc-82ae-4a28-a759-f118ca34e4f1{ip: 192.168.5.159, host: pr-hdds-2081-trunk-q8vvk-1381952471, networkLocation: /default-rack, certSerialId: null}, Type:RATIS, Factor:ONE, State:CLOSED] moved to CLOSED state
2019-09-23 17:53:45,133 [EventQueue-StaleNodeForStaleNodeHandler] INFO  pipeline.SCMPipelineManager (SCMPipelineManager.java:finalizeAndDestroyPipeline(315)) - destroying pipeline:Pipeline[ Id: 671dad62-ed18-4f16-a09a-72dd09b001f9, Nodes: 693c1cfc-82ae-4a28-a759-f118ca34e4f1{ip: 192.168.5.159, host: pr-hdds-2081-trunk-q8vvk-1381952471, networkLocation: /default-rack, certSerialId: null}c90e0185-0a25-4df3-88d5-3e8995e9995d{ip: 192.168.5.159, host: pr-hdds-2081-trunk-q8vvk-1381952471, networkLocation: /default-rack, certSerialId: null}f69d10d6-6fe6-4100-a250-32c3e6d10aea{ip: 192.168.5.159, host: pr-hdds-2081-trunk-q8vvk-1381952471, networkLocation: /default-rack, certSerialId: null}, Type:RATIS, Factor:THREE, State:CLOSED]
2019-09-23 17:53:45,533 [ForkJoinPool.commonPool-worker-1] INFO  ozoneimpl.OzoneContainer (OzoneContainer.java:stop(231)) - Attempting to stop container services.
2019-09-23 17:53:45,534 [ForkJoinPool.commonPool-worker-1] INFO  impl.RaftServerProxy (RaftServerProxy.java:lambda$close$4(314)) - 167f47c5-7d47-4185-a398-0c9407b8c4b2: close
2019-09-23 17:53:45,535 [main] INFO  ozoneimpl.OzoneContainer (OzoneContainer.java:stop(231)) - Attempting to stop container services.
2019-09-23 17:53:45,540 [ForkJoinPool.commonPool-worker-1] INFO  impl.RaftServerImpl (RaftServerImpl.java:lambda$shutdown$3(251)) - 167f47c5-7d47-4185-a398-0c9407b8c4b2@group-BE0761945502: shutdown
2019-09-23 17:53:45,541 [main] INFO  impl.RaftServerProxy (RaftServerProxy.java:lambda$close$4(314)) - 693c1cfc-82ae-4a28-a759-f118ca34e4f1: close
2019-09-23 17:53:45,541 [ForkJoinPool.commonPool-worker-1] INFO  util.JmxRegister (JmxRegister.java:unregister(73)) - Successfully un-registered JMX Bean with object name Ratis:service=RaftServer,group=group-BE0761945502,id=167f47c5-7d47-4185-a398-0c9407b8c4b2
2019-09-23 17:53:45,541 [main] INFO  impl.RaftServerImpl (RaftServerImpl.java:lambda$shutdown$3(251)) - 693c1cfc-82ae-4a28-a759-f118ca34e4f1@group-8B0D92133C23: shutdown
2019-09-23 17:53:45,542 [ForkJoinPool.commonPool-worker-1] INFO  impl.RoleInfo (RoleInfo.java:shutdownLeaderState(104)) - 167f47c5-7d47-4185-a398-0c9407b8c4b2: shutdown LeaderState
2019-09-23 17:53:45,542 [main] INFO  util.JmxRegister (JmxRegister.java:unregister(73)) - Successfully un-registered JMX Bean with object name Ratis:service=RaftServer,group=group-8B0D92133C23,id=693c1cfc-82ae-4a28-a759-f118ca34e4f1
2019-09-23 17:53:45,543 [ForkJoinPool.commonPool-worker-1] INFO  impl.PendingRequests (PendingRequests.java:sendNotLeaderResponses(202)) - 167f47c5-7d47-4185-a398-0c9407b8c4b2-PendingRequests: sendNotLeaderResponses
2019-09-23 17:53:45,543 [main] INFO  impl.RoleInfo (RoleInfo.java:shutdownLeaderState(104)) - 693c1cfc-82ae-4a28-a759-f118ca34e4f1: shutdown LeaderState
2019-09-23 17:53:45,544 [main] INFO  impl.PendingRequests (PendingRequests.java:sendNotLeaderResponses(202)) - 693c1cfc-82ae-4a28-a759-f118ca34e4f1-PendingRequests: sendNotLeaderResponses
2019-09-23 17:53:45,544 [ForkJoinPool.commonPool-worker-1] INFO  impl.StateMachineUpdater (StateMachineUpdater.java:stopAndJoin(125)) - 167f47c5-7d47-4185-a398-0c9407b8c4b2@group-BE0761945502-StateMachineUpdater: set stopIndex = 0
2019-09-23 17:53:45,545 [main] INFO  impl.StateMachineUpdater (StateMachineUpdater.java:stopAndJoin(125)) - 693c1cfc-82ae-4a28-a759-f118ca34e4f1@group-8B0D92133C23-StateMachineUpdater: set stopIndex = 0
2019-09-23 17:53:45,545 [ForkJoinPool.commonPool-worker-1] INFO  impl.RaftServerImpl (ServerState.java:close(385)) - 167f47c5-7d47-4185-a398-0c9407b8c4b2@group-BE0761945502: closes. applyIndex: 0
2019-09-23 17:53:45,545 [main] INFO  impl.RaftServerImpl (ServerState.java:close(385)) - 693c1cfc-82ae-4a28-a759-f118ca34e4f1@group-8B0D92133C23: closes. applyIndex: 0
2019-09-23 17:53:45,546 [167f47c5-7d47-4185-a398-0c9407b8c4b2@group-BE0761945502-SegmentedRaftLogWorker] INFO  segmented.SegmentedRaftLogWorker (SegmentedRaftLogWorker.java:run(313)) - 167f47c5-7d47-4185-a398-0c9407b8c4b2@group-BE0761945502-SegmentedRaftLogWorker was interrupted, exiting. There are 0 tasks remaining in the queue.
2019-09-23 17:53:45,546 [693c1cfc-82ae-4a28-a759-f118ca34e4f1@group-8B0D92133C23-SegmentedRaftLogWorker] INFO  segmented.SegmentedRaftLogWorker (SegmentedRaftLogWorker.java:run(313)) - 693c1cfc-82ae-4a28-a759-f118ca34e4f1@group-8B0D92133C23-SegmentedRaftLogWorker was interrupted, exiting. There are 0 tasks remaining in the queue.
2019-09-23 17:53:45,550 [ForkJoinPool.commonPool-worker-1] INFO  segmented.SegmentedRaftLogWorker (SegmentedRaftLogWorker.java:close(228)) - 167f47c5-7d47-4185-a398-0c9407b8c4b2@group-BE0761945502-SegmentedRaftLogWorker close()
2019-09-23 17:53:45,550 [main] INFO  segmented.SegmentedRaftLogWorker (SegmentedRaftLogWorker.java:close(228)) - 693c1cfc-82ae-4a28-a759-f118ca34e4f1@group-8B0D92133C23-SegmentedRaftLogWorker close()
2019-09-23 17:53:45,553 [ForkJoinPool.commonPool-worker-1] INFO  server.GrpcService (GrpcService.java:closeImpl(164)) - 167f47c5-7d47-4185-a398-0c9407b8c4b2: shutdown server with port 33735 now
2019-09-23 17:53:45,566 [main] INFO  impl.RaftServerImpl (RaftServerImpl.java:lambda$shutdown$3(251)) - 693c1cfc-82ae-4a28-a759-f118ca34e4f1@group-72DD09B001F9: shutdown
2019-09-23 17:53:45,566 [main] INFO  util.JmxRegister (JmxRegister.java:unregister(73)) - Successfully un-registered JMX Bean with object name Ratis:service=RaftServer,group=group-72DD09B001F9,id=693c1cfc-82ae-4a28-a759-f118ca34e4f1
2019-09-23 17:53:45,568 [ForkJoinPool.commonPool-worker-1] INFO  server.GrpcService (GrpcService.java:closeImpl(172)) - 167f47c5-7d47-4185-a398-0c9407b8c4b2: shutdown server with port 33735 successfully
2019-09-23 17:53:45,568 [main] INFO  impl.RoleInfo (RoleInfo.java:shutdownLeaderState(104)) - 693c1cfc-82ae-4a28-a759-f118ca34e4f1: shutdown LeaderState
2019-09-23 17:53:45,572 [main] INFO  impl.PendingRequests (PendingRequests.java:sendNotLeaderResponses(202)) - 693c1cfc-82ae-4a28-a759-f118ca34e4f1-PendingRequests: sendNotLeaderResponses
2019-09-23 17:53:45,572 [org.apache.ratis.server.impl.LogAppender$AppenderDaemon$$Lambda$505/312945292@76a19753] WARN  server.GrpcLogAppender (GrpcLogAppender.java:mayWait(143)) - 693c1cfc-82ae-4a28-a759-f118ca34e4f1@group-72DD09B001F9->f69d10d6-6fe6-4100-a250-32c3e6d10aea-GrpcLogAppender: Wait interrupted by java.lang.InterruptedException
2019-09-23 17:53:45,572 [org.apache.ratis.server.impl.LogAppender$AppenderDaemon$$Lambda$505/312945292@10edc813] WARN  server.GrpcLogAppender (GrpcLogAppender.java:mayWait(143)) - 693c1cfc-82ae-4a28-a759-f118ca34e4f1@group-72DD09B001F9->c90e0185-0a25-4df3-88d5-3e8995e9995d-GrpcLogAppender: Wait interrupted by java.lang.InterruptedException
2019-09-23 17:53:45,576 [main] INFO  impl.StateMachineUpdater (StateMachineUpdater.java:stopAndJoin(125)) - 693c1cfc-82ae-4a28-a759-f118ca34e4f1@group-72DD09B001F9-StateMachineUpdater: set stopIndex = 16
2019-09-23 17:53:45,577 [693c1cfc-82ae-4a28-a759-f118ca34e4f1@group-72DD09B001F9-StateMachineUpdater] INFO  ratis.ContainerStateMachine (ContainerStateMachine.java:takeSnapshot(289)) - group-72DD09B001F9: Taking a snapshot at:(t:2, i:14) file /workdir/hadoop-ozone/integration-test/target/test-dir/MiniOzoneClusterImpl-dd0b3c1f-9e93-41d1-a2ca-e0857f7eafcc/datanode-5/data/ratis/671dad62-ed18-4f16-a09a-72dd09b001f9/sm/snapshot.2_14
2019-09-23 17:53:45,584 [grpc-default-executor-5] INFO  server.GrpcServerProtocolService (GrpcServerProtocolService.java:onCompleted(113)) - c90e0185-0a25-4df3-88d5-3e8995e9995d: Completed APPEND_ENTRIES, lastRequest: 693c1cfc-82ae-4a28-a759-f118ca34e4f1->c90e0185-0a25-4df3-88d5-3e8995e9995d#23-t2, previous=(t:2, i:16), leaderCommit=16, initializing? false, entries: <empty>
2019-09-23 17:53:45,587 [grpc-default-executor-5] INFO  server.GrpcLogAppender (GrpcLogAppender.java:onCompleted(293)) - 693c1cfc-82ae-4a28-a759-f118ca34e4f1@group-72DD09B001F9->c90e0185-0a25-4df3-88d5-3e8995e9995d-AppendLogResponseHandler: follower responses appendEntries COMPLETED
2019-09-23 17:53:45,591 [refreshUsed-/workdir/hadoop-ozone/integration-test/target/test-dir/MiniOzoneClusterImpl-dd0b3c1f-9e93-41d1-a2ca-e0857f7eafcc/datanode-2/data/containers] WARN  fs.CachingGetSpaceUsed (CachingGetSpaceUsed.java:run(183)) - Thread Interrupted waiting to refresh disk information: sleep interrupted
2019-09-23 17:53:45,594 [grpc-default-executor-5] INFO  impl.FollowerInfo (FollowerInfo.java:lambda$new$0(51)) - 693c1cfc-82ae-4a28-a759-f118ca34e4f1@group-72DD09B001F9->c90e0185-0a25-4df3-88d5-3e8995e9995d: nextIndex: updateUnconditionally 17 -> 16
2019-09-23 17:53:45,604 [693c1cfc-82ae-4a28-a759-f118ca34e4f1@group-72DD09B001F9-StateMachineUpdater] INFO  ratis.ContainerStateMachine (ContainerStateMachine.java:takeSnapshot(300)) - group-72DD09B001F9: Finished taking a snapshot at:(t:2, i:14) file:/workdir/hadoop-ozone/integration-test/target/test-dir/MiniOzoneClusterImpl-dd0b3c1f-9e93-41d1-a2ca-e0857f7eafcc/datanode-5/data/ratis/671dad62-ed18-4f16-a09a-72dd09b001f9/sm/snapshot.2_14 time:28
2019-09-23 17:53:45,605 [693c1cfc-82ae-4a28-a759-f118ca34e4f1@group-72DD09B001F9-StateMachineUpdater] INFO  impl.StateMachineUpdater (StateMachineUpdater.java:takeSnapshot(258)) - 693c1cfc-82ae-4a28-a759-f118ca34e4f1@group-72DD09B001F9-StateMachineUpdater: Took a snapshot at index 14
2019-09-23 17:53:45,605 [693c1cfc-82ae-4a28-a759-f118ca34e4f1@group-72DD09B001F9-StateMachineUpdater] INFO  impl.StateMachineUpdater (StateMachineUpdater.java:lambda$new$0(83)) - 693c1cfc-82ae-4a28-a759-f118ca34e4f1@group-72DD09B001F9-StateMachineUpdater: snapshotIndex: updateIncreasingly -1 -> 14
2019-09-23 17:53:45,606 [693c1cfc-82ae-4a28-a759-f118ca34e4f1@group-72DD09B001F9-StateMachineUpdater] INFO  ratis.ContainerStateMachine (ContainerStateMachine.java:takeSnapshot(289)) - group-72DD09B001F9: Taking a snapshot at:(t:2, i:14) file /workdir/hadoop-ozone/integration-test/target/test-dir/MiniOzoneClusterImpl-dd0b3c1f-9e93-41d1-a2ca-e0857f7eafcc/datanode-5/data/ratis/671dad62-ed18-4f16-a09a-72dd09b001f9/sm/snapshot.2_14
2019-09-23 17:53:45,613 [ForkJoinPool.commonPool-worker-1] INFO  utils.BackgroundService (BackgroundService.java:shutdown(148)) - Shutting down service BlockDeletingService
2019-09-23 17:53:45,619 [ForkJoinPool.commonPool-worker-1] INFO  statemachine.DatanodeStateMachine (DatanodeStateMachine.java:stopDaemon(395)) - Ozone container server stopped.
2019-09-23 17:53:45,619 [693c1cfc-82ae-4a28-a759-f118ca34e4f1@group-72DD09B001F9-StateMachineUpdater] INFO  ratis.ContainerStateMachine (ContainerStateMachine.java:takeSnapshot(300)) - group-72DD09B001F9: Finished taking a snapshot at:(t:2, i:14) file:/workdir/hadoop-ozone/integration-test/target/test-dir/MiniOzoneClusterImpl-dd0b3c1f-9e93-41d1-a2ca-e0857f7eafcc/datanode-5/data/ratis/671dad62-ed18-4f16-a09a-72dd09b001f9/sm/snapshot.2_14 time:14
2019-09-23 17:53:45,621 [693c1cfc-82ae-4a28-a759-f118ca34e4f1@group-72DD09B001F9-StateMachineUpdater] INFO  impl.StateMachineUpdater (StateMachineUpdater.java:takeSnapshot(258)) - 693c1cfc-82ae-4a28-a759-f118ca34e4f1@group-72DD09B001F9-StateMachineUpdater: Took a snapshot at index 14
2019-09-23 17:53:45,621 [693c1cfc-82ae-4a28-a759-f118ca34e4f1@group-72DD09B001F9-StateMachineUpdater] INFO  impl.StateMachineUpdater (StateMachineUpdater.java:lambda$new$0(83)) - 693c1cfc-82ae-4a28-a759-f118ca34e4f1@group-72DD09B001F9-StateMachineUpdater: snapshotIndex: updateIncreasingly 14 -> 14
2019-09-23 17:53:45,622 [main] INFO  impl.RaftServerImpl (ServerState.java:close(385)) - 693c1cfc-82ae-4a28-a759-f118ca34e4f1@group-72DD09B001F9: closes. applyIndex: 16
2019-09-23 17:53:45,623 [693c1cfc-82ae-4a28-a759-f118ca34e4f1@group-72DD09B001F9-SegmentedRaftLogWorker] INFO  segmented.SegmentedRaftLogWorker (SegmentedRaftLogWorker.java:run(313)) - 693c1cfc-82ae-4a28-a759-f118ca34e4f1@group-72DD09B001F9-SegmentedRaftLogWorker was interrupted, exiting. There are 0 tasks remaining in the queue.
2019-09-23 17:53:45,625 [main] INFO  segmented.SegmentedRaftLogWorker (SegmentedRaftLogWorker.java:close(228)) - 693c1cfc-82ae-4a28-a759-f118ca34e4f1@group-72DD09B001F9-SegmentedRaftLogWorker close()
2019-09-23 17:53:45,625 [ForkJoinPool.commonPool-worker-1] INFO  handler.ContextHandler (ContextHandler.java:doStop(910)) - Stopped o.e.j.w.WebAppContext@6b350309{/,null,UNAVAILABLE}{/hddsDatanode}
2019-09-23 17:53:45,627 [main] INFO  server.GrpcService (GrpcService.java:closeImpl(164)) - 693c1cfc-82ae-4a28-a759-f118ca34e4f1: shutdown server with port 42959 now
2019-09-23 17:53:45,628 [ForkJoinPool.commonPool-worker-1] INFO  server.AbstractConnector (AbstractConnector.java:doStop(318)) - Stopped ServerConnector@7ecec90d{HTTP/1.1,[http/1.1]}{0.0.0.0:0}
2019-09-23 17:53:45,631 [main] INFO  server.GrpcService (GrpcService.java:closeImpl(172)) - 693c1cfc-82ae-4a28-a759-f118ca34e4f1: shutdown server with port 42959 successfully
2019-09-23 17:53:45,633 [ForkJoinPool.commonPool-worker-1] INFO  handler.ContextHandler (ContextHandler.java:doStop(910)) - Stopped o.e.j.s.ServletContextHandler@7100dea{/static,jar:file:/home/user/.m2/repository/org/apache/hadoop/hadoop-hdds-container-service/0.5.0-SNAPSHOT/hadoop-hdds-container-service-0.5.0-SNAPSHOT.jar!/webapps/static,UNAVAILABLE}
2019-09-23 17:53:45,635 [grpc-default-executor-1] WARN  client.GrpcClientProtocolService (LogUtils.java:warn(134)) - 1-UnorderedRequestStreamObserver1: onError: org.apache.ratis.thirdparty.io.grpc.StatusRuntimeException: CANCELLED: cancelled before receiving half close
2019-09-23 17:53:45,635 [ForkJoinPool.commonPool-worker-1] INFO  handler.ContextHandler (ContextHandler.java:doStop(910)) - Stopped o.e.j.s.ServletContextHandler@4d21c56e{/logs,file:///workdir/hadoop-ozone/integration-test/target/log,UNAVAILABLE}
2019-09-23 17:53:45,637 [refreshUsed-/workdir/hadoop-ozone/integration-test/target/test-dir/MiniOzoneClusterImpl-dd0b3c1f-9e93-41d1-a2ca-e0857f7eafcc/datanode-5/data/containers] WARN  fs.CachingGetSpaceUsed (CachingGetSpaceUsed.java:run(183)) - Thread Interrupted waiting to refresh disk information: sleep interrupted
2019-09-23 17:53:45,656 [main] INFO  utils.BackgroundService (BackgroundService.java:shutdown(148)) - Shutting down service BlockDeletingService
2019-09-23 17:53:45,660 [main] INFO  statemachine.DatanodeStateMachine (DatanodeStateMachine.java:stopDaemon(395)) - Ozone container server stopped.
2019-09-23 17:53:45,661 [main] INFO  handler.ContextHandler (ContextHandler.java:doStop(910)) - Stopped o.e.j.w.WebAppContext@268cbb86{/,null,UNAVAILABLE}{/hddsDatanode}
2019-09-23 17:53:45,662 [main] INFO  server.AbstractConnector (AbstractConnector.java:doStop(318)) - Stopped ServerConnector@10f7918f{HTTP/1.1,[http/1.1]}{0.0.0.0:0}
2019-09-23 17:53:45,662 [main] INFO  handler.ContextHandler (ContextHandler.java:doStop(910)) - Stopped o.e.j.s.ServletContextHandler@12eedfee{/static,jar:file:/home/user/.m2/repository/org/apache/hadoop/hadoop-hdds-container-service/0.5.0-SNAPSHOT/hadoop-hdds-container-service-0.5.0-SNAPSHOT.jar!/webapps/static,UNAVAILABLE}
2019-09-23 17:53:45,663 [main] INFO  handler.ContextHandler (ContextHandler.java:doStop(910)) - Stopped o.e.j.s.ServletContextHandler@58fef7f7{/logs,file:///workdir/hadoop-ozone/integration-test/target/log,UNAVAILABLE}
2019-09-23 17:53:46,070 [Datanode State Machine Thread - 0] INFO  statemachine.DatanodeStateMachine (DatanodeStateMachine.java:lambda$startDaemon$0(350)) - Ozone container server started.
2019-09-23 17:53:50,142 [EventQueue-StaleNodeForStaleNodeHandler] INFO  node.StaleNodeHandler (StaleNodeHandler.java:onMessage(58)) - Datanode c90e0185-0a25-4df3-88d5-3e8995e9995d{ip: 192.168.5.159, host: pr-hdds-2081-trunk-q8vvk-1381952471, networkLocation: /default-rack, certSerialId: null} moved to stale state. Finalizing its pipelines [PipelineID=c7287d6e-b3bc-4d03-80b9-16f1583bfe95, PipelineID=671dad62-ed18-4f16-a09a-72dd09b001f9]
2019-09-23 17:53:50,144 [EventQueue-StaleNodeForStaleNodeHandler] INFO  pipeline.SCMPipelineManager (SCMPipelineManager.java:finalizeAndDestroyPipeline(315)) - destroying pipeline:Pipeline[ Id: c7287d6e-b3bc-4d03-80b9-16f1583bfe95, Nodes: c90e0185-0a25-4df3-88d5-3e8995e9995d{ip: 192.168.5.159, host: pr-hdds-2081-trunk-q8vvk-1381952471, networkLocation: /default-rack, certSerialId: null}, Type:RATIS, Factor:ONE, State:OPEN]
2019-09-23 17:53:50,144 [EventQueue-StaleNodeForStaleNodeHandler] INFO  pipeline.PipelineStateManager (PipelineStateManager.java:finalizePipeline(123)) - Pipeline Pipeline[ Id: c7287d6e-b3bc-4d03-80b9-16f1583bfe95, Nodes: c90e0185-0a25-4df3-88d5-3e8995e9995d{ip: 192.168.5.159, host: pr-hdds-2081-trunk-q8vvk-1381952471, networkLocation: /default-rack, certSerialId: null}, Type:RATIS, Factor:ONE, State:CLOSED] moved to CLOSED state
2019-09-23 17:53:50,145 [EventQueue-StaleNodeForStaleNodeHandler] INFO  pipeline.SCMPipelineManager (SCMPipelineManager.java:finalizeAndDestroyPipeline(315)) - destroying pipeline:Pipeline[ Id: 671dad62-ed18-4f16-a09a-72dd09b001f9, Nodes: 693c1cfc-82ae-4a28-a759-f118ca34e4f1{ip: 192.168.5.159, host: pr-hdds-2081-trunk-q8vvk-1381952471, networkLocation: /default-rack, certSerialId: null}c90e0185-0a25-4df3-88d5-3e8995e9995d{ip: 192.168.5.159, host: pr-hdds-2081-trunk-q8vvk-1381952471, networkLocation: /default-rack, certSerialId: null}f69d10d6-6fe6-4100-a250-32c3e6d10aea{ip: 192.168.5.159, host: pr-hdds-2081-trunk-q8vvk-1381952471, networkLocation: /default-rack, certSerialId: null}, Type:RATIS, Factor:THREE, State:CLOSED]
2019-09-23 17:53:50,640 [ForkJoinPool.commonPool-worker-1] INFO  ozoneimpl.OzoneContainer (OzoneContainer.java:stop(231)) - Attempting to stop container services.
2019-09-23 17:53:50,641 [ForkJoinPool.commonPool-worker-1] INFO  impl.RaftServerProxy (RaftServerProxy.java:lambda$close$4(314)) - c90e0185-0a25-4df3-88d5-3e8995e9995d: close
2019-09-23 17:53:50,642 [ForkJoinPool.commonPool-worker-1] INFO  impl.RaftServerImpl (RaftServerImpl.java:lambda$shutdown$3(251)) - c90e0185-0a25-4df3-88d5-3e8995e9995d@group-16F1583BFE95: shutdown
2019-09-23 17:53:50,642 [ForkJoinPool.commonPool-worker-1] INFO  util.JmxRegister (JmxRegister.java:unregister(73)) - Successfully un-registered JMX Bean with object name Ratis:service=RaftServer,group=group-16F1583BFE95,id=c90e0185-0a25-4df3-88d5-3e8995e9995d
2019-09-23 17:53:50,642 [ForkJoinPool.commonPool-worker-1] INFO  impl.RoleInfo (RoleInfo.java:shutdownLeaderState(104)) - c90e0185-0a25-4df3-88d5-3e8995e9995d: shutdown LeaderState
2019-09-23 17:53:50,643 [ForkJoinPool.commonPool-worker-1] INFO  impl.PendingRequests (PendingRequests.java:sendNotLeaderResponses(202)) - c90e0185-0a25-4df3-88d5-3e8995e9995d-PendingRequests: sendNotLeaderResponses
2019-09-23 17:53:50,644 [ForkJoinPool.commonPool-worker-1] INFO  impl.StateMachineUpdater (StateMachineUpdater.java:stopAndJoin(125)) - c90e0185-0a25-4df3-88d5-3e8995e9995d@group-16F1583BFE95-StateMachineUpdater: set stopIndex = 0
2019-09-23 17:53:50,645 [ForkJoinPool.commonPool-worker-1] INFO  impl.RaftServerImpl (ServerState.java:close(385)) - c90e0185-0a25-4df3-88d5-3e8995e9995d@group-16F1583BFE95: closes. applyIndex: 0
2019-09-23 17:53:50,646 [c90e0185-0a25-4df3-88d5-3e8995e9995d@group-16F1583BFE95-SegmentedRaftLogWorker] INFO  segmented.SegmentedRaftLogWorker (SegmentedRaftLogWorker.java:run(313)) - c90e0185-0a25-4df3-88d5-3e8995e9995d@group-16F1583BFE95-SegmentedRaftLogWorker was interrupted, exiting. There are 0 tasks remaining in the queue.
2019-09-23 17:53:50,650 [ForkJoinPool.commonPool-worker-1] INFO  segmented.SegmentedRaftLogWorker (SegmentedRaftLogWorker.java:close(228)) - c90e0185-0a25-4df3-88d5-3e8995e9995d@group-16F1583BFE95-SegmentedRaftLogWorker close()
2019-09-23 17:53:50,651 [ForkJoinPool.commonPool-worker-1] INFO  impl.RaftServerImpl (RaftServerImpl.java:lambda$shutdown$3(251)) - c90e0185-0a25-4df3-88d5-3e8995e9995d@group-72DD09B001F9: shutdown
2019-09-23 17:53:50,651 [ForkJoinPool.commonPool-worker-1] INFO  util.JmxRegister (JmxRegister.java:unregister(73)) - Successfully un-registered JMX Bean with object name Ratis:service=RaftServer,group=group-72DD09B001F9,id=c90e0185-0a25-4df3-88d5-3e8995e9995d
2019-09-23 17:53:50,652 [ForkJoinPool.commonPool-worker-1] INFO  impl.RoleInfo (RoleInfo.java:shutdownFollowerState(121)) - c90e0185-0a25-4df3-88d5-3e8995e9995d: shutdown FollowerState
2019-09-23 17:53:50,652 [ForkJoinPool.commonPool-worker-1] INFO  impl.StateMachineUpdater (StateMachineUpdater.java:stopAndJoin(125)) - c90e0185-0a25-4df3-88d5-3e8995e9995d@group-72DD09B001F9-StateMachineUpdater: set stopIndex = 16
2019-09-23 17:53:50,652 [Thread-391] INFO  impl.FollowerState (FollowerState.java:run(115)) - c90e0185-0a25-4df3-88d5-3e8995e9995d: FollowerState was interrupted: java.lang.InterruptedException: sleep interrupted
2019-09-23 17:53:50,652 [c90e0185-0a25-4df3-88d5-3e8995e9995d@group-72DD09B001F9-StateMachineUpdater] INFO  ratis.ContainerStateMachine (ContainerStateMachine.java:takeSnapshot(289)) - group-72DD09B001F9: Taking a snapshot at:(t:2, i:16) file /workdir/hadoop-ozone/integration-test/target/test-dir/MiniOzoneClusterImpl-dd0b3c1f-9e93-41d1-a2ca-e0857f7eafcc/datanode-0/data/ratis/671dad62-ed18-4f16-a09a-72dd09b001f9/sm/snapshot.2_16
2019-09-23 17:53:50,675 [c90e0185-0a25-4df3-88d5-3e8995e9995d@group-72DD09B001F9-StateMachineUpdater] INFO  ratis.ContainerStateMachine (ContainerStateMachine.java:takeSnapshot(300)) - group-72DD09B001F9: Finished taking a snapshot at:(t:2, i:16) file:/workdir/hadoop-ozone/integration-test/target/test-dir/MiniOzoneClusterImpl-dd0b3c1f-9e93-41d1-a2ca-e0857f7eafcc/datanode-0/data/ratis/671dad62-ed18-4f16-a09a-72dd09b001f9/sm/snapshot.2_16 time:23
2019-09-23 17:53:50,676 [c90e0185-0a25-4df3-88d5-3e8995e9995d@group-72DD09B001F9-StateMachineUpdater] INFO  impl.StateMachineUpdater (StateMachineUpdater.java:takeSnapshot(258)) - c90e0185-0a25-4df3-88d5-3e8995e9995d@group-72DD09B001F9-StateMachineUpdater: Took a snapshot at index 16
2019-09-23 17:53:50,676 [c90e0185-0a25-4df3-88d5-3e8995e9995d@group-72DD09B001F9-StateMachineUpdater] INFO  impl.StateMachineUpdater (StateMachineUpdater.java:lambda$new$0(83)) - c90e0185-0a25-4df3-88d5-3e8995e9995d@group-72DD09B001F9-StateMachineUpdater: snapshotIndex: updateIncreasingly -1 -> 16
2019-09-23 17:53:50,677 [ForkJoinPool.commonPool-worker-1] INFO  impl.RaftServerImpl (ServerState.java:close(385)) - c90e0185-0a25-4df3-88d5-3e8995e9995d@group-72DD09B001F9: closes. applyIndex: 16
2019-09-23 17:53:50,678 [c90e0185-0a25-4df3-88d5-3e8995e9995d@group-72DD09B001F9-SegmentedRaftLogWorker] INFO  segmented.SegmentedRaftLogWorker (SegmentedRaftLogWorker.java:run(313)) - c90e0185-0a25-4df3-88d5-3e8995e9995d@group-72DD09B001F9-SegmentedRaftLogWorker was interrupted, exiting. There are 0 tasks remaining in the queue.
2019-09-23 17:53:50,678 [ForkJoinPool.commonPool-worker-1] INFO  segmented.SegmentedRaftLogWorker (SegmentedRaftLogWorker.java:close(228)) - c90e0185-0a25-4df3-88d5-3e8995e9995d@group-72DD09B001F9-SegmentedRaftLogWorker close()
2019-09-23 17:53:50,680 [ForkJoinPool.commonPool-worker-1] INFO  server.GrpcService (GrpcService.java:closeImpl(164)) - c90e0185-0a25-4df3-88d5-3e8995e9995d: shutdown server with port 45395 now
2019-09-23 17:53:50,681 [ForkJoinPool.commonPool-worker-1] INFO  server.GrpcService (GrpcService.java:closeImpl(172)) - c90e0185-0a25-4df3-88d5-3e8995e9995d: shutdown server with port 45395 successfully
2019-09-23 17:53:50,683 [refreshUsed-/workdir/hadoop-ozone/integration-test/target/test-dir/MiniOzoneClusterImpl-dd0b3c1f-9e93-41d1-a2ca-e0857f7eafcc/datanode-0/data/containers] WARN  fs.CachingGetSpaceUsed (CachingGetSpaceUsed.java:run(183)) - Thread Interrupted waiting to refresh disk information: sleep interrupted
2019-09-23 17:53:50,708 [ForkJoinPool.commonPool-worker-1] INFO  utils.BackgroundService (BackgroundService.java:shutdown(148)) - Shutting down service BlockDeletingService
2019-09-23 17:53:50,710 [ForkJoinPool.commonPool-worker-1] INFO  statemachine.DatanodeStateMachine (DatanodeStateMachine.java:stopDaemon(395)) - Ozone container server stopped.
2019-09-23 17:53:50,714 [ForkJoinPool.commonPool-worker-1] INFO  handler.ContextHandler (ContextHandler.java:doStop(910)) - Stopped o.e.j.w.WebAppContext@122d6c22{/,null,UNAVAILABLE}{/hddsDatanode}
2019-09-23 17:53:50,715 [ForkJoinPool.commonPool-worker-1] INFO  server.AbstractConnector (AbstractConnector.java:doStop(318)) - Stopped ServerConnector@2f5ac102{HTTP/1.1,[http/1.1]}{0.0.0.0:0}
2019-09-23 17:53:50,717 [ForkJoinPool.commonPool-worker-1] INFO  handler.ContextHandler (ContextHandler.java:doStop(910)) - Stopped o.e.j.s.ServletContextHandler@43045f9f{/static,jar:file:/home/user/.m2/repository/org/apache/hadoop/hadoop-hdds-container-service/0.5.0-SNAPSHOT/hadoop-hdds-container-service-0.5.0-SNAPSHOT.jar!/webapps/static,UNAVAILABLE}
2019-09-23 17:53:50,718 [ForkJoinPool.commonPool-worker-1] INFO  handler.ContextHandler (ContextHandler.java:doStop(910)) - Stopped o.e.j.s.ServletContextHandler@26dc9bd5{/logs,file:///workdir/hadoop-ozone/integration-test/target/log,UNAVAILABLE}
2019-09-23 17:53:50,719 [main] INFO  ozone.MiniOzoneClusterImpl (MiniOzoneClusterImpl.java:stopSCM(392)) - Stopping the StorageContainerManager
2019-09-23 17:53:50,720 [main] INFO  server.StorageContainerManager (StorageContainerManager.java:stop(808)) - Stopping Replication Manager Service.
2019-09-23 17:53:50,720 [main] INFO  container.ReplicationManager (ReplicationManager.java:stop(203)) - Stopping Replication Monitor Thread.
2019-09-23 17:53:50,720 [main] INFO  server.StorageContainerManager (StorageContainerManager.java:stop(815)) - Stopping Lease Manager of the command watchers
2019-09-23 17:53:50,721 [main] INFO  server.StorageContainerManager (StorageContainerManager.java:stop(822)) - Stopping datanode service RPC server
2019-09-23 17:53:50,721 [main] INFO  server.SCMDatanodeProtocolServer (SCMDatanodeProtocolServer.java:stop(367)) - Stopping the RPC server for DataNodes
2019-09-23 17:53:50,721 [main] INFO  ipc.Server (Server.java:stop(3082)) - Stopping server on 34620
2019-09-23 17:53:50,722 [IPC Server listener on 34620] INFO  ipc.Server (Server.java:run(1185)) - Stopping IPC Server listener on 34620
2019-09-23 17:53:50,723 [IPC Server Responder] INFO  ipc.Server (Server.java:run(1319)) - Stopping IPC Server Responder
2019-09-23 17:53:50,742 [SCM Heartbeat Processing Thread - 0] WARN  node.NodeStateManager (NodeStateManager.java:scheduleNextHealthCheck(646)) - Current Thread is interrupted, shutting down HB processing thread for Node Manager.
2019-09-23 17:53:50,743 [main] INFO  server.StorageContainerManager (StorageContainerManager.java:stop(830)) - Stopping block service RPC server
2019-09-23 17:53:50,743 [main] INFO  server.SCMBlockProtocolServer (SCMBlockProtocolServer.java:stop(155)) - Stopping the RPC server for Block Protocol
2019-09-23 17:53:50,743 [main] INFO  ipc.Server (Server.java:stop(3082)) - Stopping server on 39439
2019-09-23 17:53:50,745 [IPC Server listener on 39439] INFO  ipc.Server (Server.java:run(1185)) - Stopping IPC Server listener on 39439
2019-09-23 17:53:50,745 [main] INFO  server.StorageContainerManager (StorageContainerManager.java:stop(837)) - Stopping the StorageContainerLocationProtocol RPC server
2019-09-23 17:53:50,746 [IPC Server Responder] INFO  ipc.Server (Server.java:run(1319)) - Stopping IPC Server Responder
2019-09-23 17:53:50,746 [main] INFO  server.SCMClientProtocolServer (SCMClientProtocolServer.java:stop(159)) - Stopping the RPC server for Client Protocol
2019-09-23 17:53:50,746 [main] INFO  ipc.Server (Server.java:stop(3082)) - Stopping server on 45979
2019-09-23 17:53:50,747 [IPC Server listener on 45979] INFO  ipc.Server (Server.java:run(1185)) - Stopping IPC Server listener on 45979
2019-09-23 17:53:50,747 [main] INFO  server.StorageContainerManager (StorageContainerManager.java:stop(844)) - Stopping Storage Container Manager HTTP server.
2019-09-23 17:53:50,748 [IPC Server Responder] INFO  ipc.Server (Server.java:run(1319)) - Stopping IPC Server Responder
2019-09-23 17:53:50,749 [main] INFO  handler.ContextHandler (ContextHandler.java:doStop(910)) - Stopped o.e.j.w.WebAppContext@27e0f2f5{/,null,UNAVAILABLE}{/scm}
2019-09-23 17:53:50,749 [main] INFO  server.AbstractConnector (AbstractConnector.java:doStop(318)) - Stopped ServerConnector@3dd69f5a{HTTP/1.1,[http/1.1]}{0.0.0.0:0}
2019-09-23 17:53:50,750 [main] INFO  handler.ContextHandler (ContextHandler.java:doStop(910)) - Stopped o.e.j.s.ServletContextHandler@4fce136b{/static,file:///workdir/hadoop-ozone/integration-test/target/test-classes/webapps/static,UNAVAILABLE}
2019-09-23 17:53:50,750 [main] INFO  handler.ContextHandler (ContextHandler.java:doStop(910)) - Stopped o.e.j.s.ServletContextHandler@71cf1b07{/logs,file:///workdir/hadoop-ozone/integration-test/target/log,UNAVAILABLE}
2019-09-23 17:53:50,751 [main] INFO  server.StorageContainerManager (StorageContainerManager.java:stop(855)) - Stopping Block Manager Service.
2019-09-23 17:53:50,752 [main] INFO  utils.BackgroundService (BackgroundService.java:shutdown(148)) - Shutting down service SCMBlockDeletingService
2019-09-23 17:53:50,752 [main] INFO  utils.BackgroundService (BackgroundService.java:shutdown(148)) - Shutting down service SCMBlockDeletingService
2019-09-23 17:53:50,753 [main] INFO  server.StorageContainerManager (StorageContainerManager.java:stop(877)) - Stopping SCM Event Queue.
2019-09-23 17:53:50,769 [main] INFO  impl.MetricsSystemImpl (MetricsSystemImpl.java:stop(210)) - Stopping XceiverClientMetrics metrics system...
2019-09-23 17:53:50,781 [prometheus] INFO  impl.MetricsSinkAdapter (MetricsSinkAdapter.java:publishMetricsFromQueue(141)) - prometheus thread interrupted.
2019-09-23 17:53:50,781 [main] INFO  impl.MetricsSystemImpl (MetricsSystemImpl.java:stop(216)) - XceiverClientMetrics metrics system stopped.
]]></system-out>
    <system-err><![CDATA[ERROR StatusLogger No Log4j 2 configuration file found. Using default configuration (logging only errors to the console), or user programmatically provided configurations. Set system property 'log4j2.debug' to show Log4j 2 internal initialization logging. See https://logging.apache.org/log4j/2.x/manual/configuration.html for instructions on how to configure Log4j 2
Sep 23, 2019 5:53:27 PM org.apache.ratis.thirdparty.io.grpc.internal.SerializingExecutor run
SEVERE: Exception while executing runnable org.apache.ratis.thirdparty.io.grpc.internal.ServerImpl$JumpToApplicationThreadServerStreamListener$1Closed@65040e53
org.apache.ratis.thirdparty.io.grpc.StatusRuntimeException: CANCELLED: call already cancelled
	at org.apache.ratis.thirdparty.io.grpc.Status.asRuntimeException(Status.java:517)
	at org.apache.ratis.thirdparty.io.grpc.stub.ServerCalls$ServerCallStreamObserverImpl.onCompleted(ServerCalls.java:356)
	at org.apache.ratis.grpc.server.GrpcServerProtocolService$ServerRequestStreamObserver.onError(GrpcServerProtocolService.java:121)
	at org.apache.ratis.thirdparty.io.grpc.stub.ServerCalls$StreamingServerCallHandler$StreamingServerCallListener.onCancel(ServerCalls.java:269)
	at org.apache.ratis.thirdparty.io.grpc.internal.ServerCallImpl$ServerStreamListenerImpl.closed(ServerCallImpl.java:293)
	at org.apache.ratis.thirdparty.io.grpc.internal.ServerImpl$JumpToApplicationThreadServerStreamListener$1Closed.runInContext(ServerImpl.java:741)
	at org.apache.ratis.thirdparty.io.grpc.internal.ContextRunnable.run(ContextRunnable.java:37)
	at org.apache.ratis.thirdparty.io.grpc.internal.SerializingExecutor.run(SerializingExecutor.java:123)
	at java.util.concurrent.ThreadPoolExecutor.runWorker(ThreadPoolExecutor.java:1149)
	at java.util.concurrent.ThreadPoolExecutor$Worker.run(ThreadPoolExecutor.java:624)
	at java.lang.Thread.run(Thread.java:748)

Sep 23, 2019 5:53:32 PM org.apache.ratis.thirdparty.io.grpc.internal.SerializingExecutor run
SEVERE: Exception while executing runnable org.apache.ratis.thirdparty.io.grpc.internal.ServerImpl$JumpToApplicationThreadServerStreamListener$1Closed@46358ea7
org.apache.ratis.thirdparty.io.grpc.StatusRuntimeException: CANCELLED: call already cancelled
	at org.apache.ratis.thirdparty.io.grpc.Status.asRuntimeException(Status.java:517)
	at org.apache.ratis.thirdparty.io.grpc.stub.ServerCalls$ServerCallStreamObserverImpl.onCompleted(ServerCalls.java:356)
	at org.apache.ratis.grpc.server.GrpcServerProtocolService$ServerRequestStreamObserver.onError(GrpcServerProtocolService.java:121)
	at org.apache.ratis.thirdparty.io.grpc.stub.ServerCalls$StreamingServerCallHandler$StreamingServerCallListener.onCancel(ServerCalls.java:269)
	at org.apache.ratis.thirdparty.io.grpc.internal.ServerCallImpl$ServerStreamListenerImpl.closed(ServerCallImpl.java:293)
	at org.apache.ratis.thirdparty.io.grpc.internal.ServerImpl$JumpToApplicationThreadServerStreamListener$1Closed.runInContext(ServerImpl.java:741)
	at org.apache.ratis.thirdparty.io.grpc.internal.ContextRunnable.run(ContextRunnable.java:37)
	at org.apache.ratis.thirdparty.io.grpc.internal.SerializingExecutor.run(SerializingExecutor.java:123)
	at java.util.concurrent.ThreadPoolExecutor.runWorker(ThreadPoolExecutor.java:1149)
	at java.util.concurrent.ThreadPoolExecutor$Worker.run(ThreadPoolExecutor.java:624)
	at java.lang.Thread.run(Thread.java:748)

Sep 23, 2019 5:53:40 PM org.apache.ratis.thirdparty.io.grpc.internal.SerializingExecutor run
SEVERE: Exception while executing runnable org.apache.ratis.thirdparty.io.grpc.internal.ServerImpl$JumpToApplicationThreadServerStreamListener$1Closed@5c515d1
org.apache.ratis.thirdparty.io.grpc.StatusRuntimeException: CANCELLED: call already cancelled
	at org.apache.ratis.thirdparty.io.grpc.Status.asRuntimeException(Status.java:517)
	at org.apache.ratis.thirdparty.io.grpc.stub.ServerCalls$ServerCallStreamObserverImpl.onCompleted(ServerCalls.java:356)
	at org.apache.ratis.grpc.server.GrpcServerProtocolService$ServerRequestStreamObserver.onError(GrpcServerProtocolService.java:121)
	at org.apache.ratis.thirdparty.io.grpc.stub.ServerCalls$StreamingServerCallHandler$StreamingServerCallListener.onCancel(ServerCalls.java:269)
	at org.apache.ratis.thirdparty.io.grpc.internal.ServerCallImpl$ServerStreamListenerImpl.closed(ServerCallImpl.java:293)
	at org.apache.ratis.thirdparty.io.grpc.internal.ServerImpl$JumpToApplicationThreadServerStreamListener$1Closed.runInContext(ServerImpl.java:741)
	at org.apache.ratis.thirdparty.io.grpc.internal.ContextRunnable.run(ContextRunnable.java:37)
	at org.apache.ratis.thirdparty.io.grpc.internal.SerializingExecutor.run(SerializingExecutor.java:123)
	at java.util.concurrent.ThreadPoolExecutor.runWorker(ThreadPoolExecutor.java:1149)
	at java.util.concurrent.ThreadPoolExecutor$Worker.run(ThreadPoolExecutor.java:624)
	at java.lang.Thread.run(Thread.java:748)

]]></system-err>
  </testcase>
  <testcase name="testDatanodeFailureWithPreAllocation" classname="org.apache.hadoop.ozone.client.rpc.TestBlockOutputStreamWithFailures" time="223.508"/>
  <testcase name="testDatanodeFailureWithSingleNodeRatis" classname="org.apache.hadoop.ozone.client.rpc.TestBlockOutputStreamWithFailures" time="223.812"/>
  <testcase name="testWatchForCommitWithSingleNodeRatis" classname="org.apache.hadoop.ozone.client.rpc.TestBlockOutputStreamWithFailures" time="34.771"/>
  <testcase name="testWatchForCommitDatanodeFailure" classname="org.apache.hadoop.ozone.client.rpc.TestBlockOutputStreamWithFailures" time="34.306"/>
  <testcase name="testFailureWithPrimeSizedData" classname="org.apache.hadoop.ozone.client.rpc.TestBlockOutputStreamWithFailures" time="34.353"/>
  <testcase name="testWatchForCommitWithCloseContainerException" classname="org.apache.hadoop.ozone.client.rpc.TestBlockOutputStreamWithFailures" time="34.178"/>
  <testcase name="testExceptionDuringClose" classname="org.apache.hadoop.ozone.client.rpc.TestBlockOutputStreamWithFailures" time="36.156"/>
</testsuite>