<?xml version="1.0" encoding="UTF-8"?>
<testsuite xmlns:xsi="http://www.w3.org/2001/XMLSchema-instance" xsi:noNamespaceSchemaLocation="https://maven.apache.org/surefire/maven-surefire-plugin/xsd/surefire-test-report.xsd" name="org.apache.hadoop.ozone.client.rpc.TestCloseContainerHandlingByClient" time="35.74" tests="8" errors="7" skipped="1" failures="0">
  <properties>
    <property name="awt.toolkit" value="sun.awt.X11.XToolkit"/>
    <property name="file.encoding.pkg" value="sun.io"/>
    <property name="java.specification.version" value="1.8"/>
    <property name="sun.cpu.isalist" value=""/>
    <property name="sun.jnu.encoding" value="UTF-8"/>
    <property name="java.class.path" value="/workdir/hadoop-ozone/integration-test/target/test-classes:/workdir/hadoop-ozone/integration-test/target/classes:/home/user/.m2/repository/org/apache/hadoop/hadoop-ozone-common/0.5.0-SNAPSHOT/hadoop-ozone-common-0.5.0-SNAPSHOT.jar:/home/user/.m2/repository/org/apache/commons/commons-compress/1.4.1/commons-compress-1.4.1.jar:/home/user/.m2/repository/org/tukaani/xz/1.0/xz-1.0.jar:/home/user/.m2/repository/org/apache/hadoop/hadoop-common/3.2.0/hadoop-common-3.2.0.jar:/home/user/.m2/repository/org/apache/hadoop/hadoop-hdfs/3.2.0/hadoop-hdfs-3.2.0.jar:/home/user/.m2/repository/org/apache/hadoop/hadoop-hdfs-client/3.2.0/hadoop-hdfs-client-3.2.0.jar:/home/user/.m2/repository/com/fasterxml/jackson/core/jackson-annotations/2.9.5/jackson-annotations-2.9.5.jar:/home/user/.m2/repository/org/apache/hadoop/hadoop-hdds-common/0.5.0-SNAPSHOT/hadoop-hdds-common-0.5.0-SNAPSHOT.jar:/home/user/.m2/repository/javax/annotation/javax.annotation-api/1.2/javax.annotation-api-1.2.jar:/home/user/.m2/repository/org/apache/ratis/ratis-server/0.4.0-2337318-SNAPSHOT/ratis-server-0.4.0-2337318-SNAPSHOT.jar:/home/user/.m2/repository/org/apache/ratis/ratis-thirdparty-misc/0.2.0/ratis-thirdparty-misc-0.2.0.jar:/home/user/.m2/repository/org/apache/ratis/ratis-proto/0.4.0-2337318-SNAPSHOT/ratis-proto-0.4.0-2337318-SNAPSHOT.jar:/home/user/.m2/repository/org/apache/ratis/ratis-common/0.4.0-2337318-SNAPSHOT/ratis-common-0.4.0-2337318-SNAPSHOT.jar:/home/user/.m2/repository/org/apache/ratis/ratis-client/0.4.0-2337318-SNAPSHOT/ratis-client-0.4.0-2337318-SNAPSHOT.jar:/home/user/.m2/repository/org/apache/ratis/ratis-metrics/0.4.0-2337318-SNAPSHOT/ratis-metrics-0.4.0-2337318-SNAPSHOT.jar:/home/user/.m2/repository/org/apache/ratis/ratis-netty/0.4.0-2337318-SNAPSHOT/ratis-netty-0.4.0-2337318-SNAPSHOT.jar:/home/user/.m2/repository/org/apache/ratis/ratis-grpc/0.4.0-2337318-SNAPSHOT/ratis-grpc-0.4.0-2337318-SNAPSHOT.jar:/home/user/.m2/repository/org/rocksdb/rocksdbjni/6.0.1/rocksdbjni-6.0.1.jar:/home/user/.m2/repository/org/apache/logging/log4j/log4j-api/2.11.0/log4j-api-2.11.0.jar:/home/user/.m2/repository/org/apache/logging/log4j/log4j-core/2.11.0/log4j-core-2.11.0.jar:/home/user/.m2/repository/com/lmax/disruptor/3.4.2/disruptor-3.4.2.jar:/home/user/.m2/repository/org/apache/commons/commons-pool2/2.6.0/commons-pool2-2.6.0.jar:/home/user/.m2/repository/org/bouncycastle/bcpkix-jdk15on/1.60/bcpkix-jdk15on-1.60.jar:/home/user/.m2/repository/commons-validator/commons-validator/1.6/commons-validator-1.6.jar:/home/user/.m2/repository/commons-digester/commons-digester/1.8.1/commons-digester-1.8.1.jar:/home/user/.m2/repository/io/jaegertracing/jaeger-client/0.33.1/jaeger-client-0.33.1.jar:/home/user/.m2/repository/io/jaegertracing/jaeger-thrift/0.33.1/jaeger-thrift-0.33.1.jar:/home/user/.m2/repository/org/apache/thrift/libthrift/0.11.0/libthrift-0.11.0.jar:/home/user/.m2/repository/com/squareup/okhttp3/okhttp/3.9.0/okhttp-3.9.0.jar:/home/user/.m2/repository/com/squareup/okio/okio/1.13.0/okio-1.13.0.jar:/home/user/.m2/repository/io/jaegertracing/jaeger-core/0.33.1/jaeger-core-0.33.1.jar:/home/user/.m2/repository/io/jaegertracing/jaeger-tracerresolver/0.33.1/jaeger-tracerresolver-0.33.1.jar:/home/user/.m2/repository/io/opentracing/contrib/opentracing-tracerresolver/0.1.5/opentracing-tracerresolver-0.1.5.jar:/home/user/.m2/repository/io/opentracing/opentracing-util/0.31.0/opentracing-util-0.31.0.jar:/home/user/.m2/repository/io/opentracing/opentracing-api/0.31.0/opentracing-api-0.31.0.jar:/home/user/.m2/repository/io/opentracing/opentracing-noop/0.31.0/opentracing-noop-0.31.0.jar:/home/user/.m2/repository/org/apache/hadoop/hadoop-hdds-server-framework/0.5.0-SNAPSHOT/hadoop-hdds-server-framework-0.5.0-SNAPSHOT.jar:/home/user/.m2/repository/org/apache/hadoop/hadoop-hdds-container-service/0.5.0-SNAPSHOT/hadoop-hdds-container-service-0.5.0-SNAPSHOT.jar:/home/user/.m2/repository/org/apache/hadoop/hadoop-hdds-client/0.5.0-SNAPSHOT/hadoop-hdds-client-0.5.0-SNAPSHOT.jar:/home/user/.m2/repository/org/apache/hadoop/hadoop-hdds-tools/0.5.0-SNAPSHOT/hadoop-hdds-tools-0.5.0-SNAPSHOT.jar:/home/user/.m2/repository/org/apache/hadoop/hadoop-hdds-server-scm/0.5.0-SNAPSHOT/hadoop-hdds-server-scm-0.5.0-SNAPSHOT.jar:/home/user/.m2/repository/org/apache/hadoop/hadoop-hdds-docs/0.5.0-SNAPSHOT/hadoop-hdds-docs-0.5.0-SNAPSHOT.jar:/home/user/.m2/repository/io/dropwizard/metrics/metrics-core/3.2.4/metrics-core-3.2.4.jar:/home/user/.m2/repository/org/hamcrest/hamcrest-all/1.3/hamcrest-all-1.3.jar:/home/user/.m2/repository/org/bouncycastle/bcprov-jdk15on/1.60/bcprov-jdk15on-1.60.jar:/home/user/.m2/repository/info/picocli/picocli/3.9.6/picocli-3.9.6.jar:/home/user/.m2/repository/com/google/protobuf/protobuf-java/2.5.0/protobuf-java-2.5.0.jar:/home/user/.m2/repository/com/google/guava/guava/11.0.2/guava-11.0.2.jar:/home/user/.m2/repository/org/apache/hadoop/hadoop-ozone-ozone-manager/0.5.0-SNAPSHOT/hadoop-ozone-ozone-manager-0.5.0-SNAPSHOT.jar:/home/user/.m2/repository/org/apache/hadoop/hadoop-minikdc/3.2.0/hadoop-minikdc-3.2.0.jar:/home/user/.m2/repository/commons-io/commons-io/2.5/commons-io-2.5.jar:/home/user/.m2/repository/org/apache/kerby/kerb-simplekdc/1.0.1/kerb-simplekdc-1.0.1.jar:/home/user/.m2/repository/org/apache/kerby/kerb-client/1.0.1/kerb-client-1.0.1.jar:/home/user/.m2/repository/org/apache/kerby/kerby-config/1.0.1/kerby-config-1.0.1.jar:/home/user/.m2/repository/org/apache/kerby/kerb-core/1.0.1/kerb-core-1.0.1.jar:/home/user/.m2/repository/org/apache/kerby/kerby-pkix/1.0.1/kerby-pkix-1.0.1.jar:/home/user/.m2/repository/org/apache/kerby/kerby-asn1/1.0.1/kerby-asn1-1.0.1.jar:/home/user/.m2/repository/org/apache/kerby/kerby-util/1.0.1/kerby-util-1.0.1.jar:/home/user/.m2/repository/org/apache/kerby/kerb-common/1.0.1/kerb-common-1.0.1.jar:/home/user/.m2/repository/org/apache/kerby/kerb-crypto/1.0.1/kerb-crypto-1.0.1.jar:/home/user/.m2/repository/org/apache/kerby/kerb-util/1.0.1/kerb-util-1.0.1.jar:/home/user/.m2/repository/org/apache/kerby/token-provider/1.0.1/token-provider-1.0.1.jar:/home/user/.m2/repository/org/apache/kerby/kerb-admin/1.0.1/kerb-admin-1.0.1.jar:/home/user/.m2/repository/org/apache/kerby/kerb-server/1.0.1/kerb-server-1.0.1.jar:/home/user/.m2/repository/org/apache/kerby/kerb-identity/1.0.1/kerb-identity-1.0.1.jar:/home/user/.m2/repository/org/apache/kerby/kerby-xdr/1.0.1/kerby-xdr-1.0.1.jar:/home/user/.m2/repository/org/slf4j/slf4j-log4j12/1.7.25/slf4j-log4j12-1.7.25.jar:/home/user/.m2/repository/org/apache/hadoop/hadoop-ozone-objectstore-service/0.5.0-SNAPSHOT/hadoop-ozone-objectstore-service-0.5.0-SNAPSHOT.jar:/home/user/.m2/repository/org/apache/hadoop/hadoop-ozone-s3gateway/0.5.0-SNAPSHOT/hadoop-ozone-s3gateway-0.5.0-SNAPSHOT.jar:/home/user/.m2/repository/org/jboss/weld/servlet/weld-servlet/2.4.7.Final/weld-servlet-2.4.7.Final.jar:/home/user/.m2/repository/org/glassfish/jersey/containers/jersey-container-servlet-core/2.27/jersey-container-servlet-core-2.27.jar:/home/user/.m2/repository/org/glassfish/hk2/external/javax.inject/2.5.0-b42/javax.inject-2.5.0-b42.jar:/home/user/.m2/repository/org/glassfish/jersey/core/jersey-common/2.27/jersey-common-2.27.jar:/home/user/.m2/repository/org/glassfish/hk2/osgi-resource-locator/1.0.1/osgi-resource-locator-1.0.1.jar:/home/user/.m2/repository/javax/ws/rs/javax.ws.rs-api/2.1/javax.ws.rs-api-2.1.jar:/home/user/.m2/repository/org/glassfish/jersey/ext/cdi/jersey-cdi1x/2.27/jersey-cdi1x-2.27.jar:/home/user/.m2/repository/org/glassfish/jersey/inject/jersey-hk2/2.27/jersey-hk2-2.27.jar:/home/user/.m2/repository/org/glassfish/hk2/hk2-locator/2.5.0-b42/hk2-locator-2.5.0-b42.jar:/home/user/.m2/repository/org/javassist/javassist/3.22.0-CR2/javassist-3.22.0-CR2.jar:/home/user/.m2/repository/org/glassfish/hk2/hk2-api/2.5.0/hk2-api-2.5.0.jar:/home/user/.m2/repository/org/glassfish/hk2/external/jakarta.inject/2.5.0/jakarta.inject-2.5.0.jar:/home/user/.m2/repository/org/glassfish/hk2/hk2-utils/2.5.0/hk2-utils-2.5.0.jar:/home/user/.m2/repository/jakarta/annotation/jakarta.annotation-api/1.3.4/jakarta.annotation-api-1.3.4.jar:/home/user/.m2/repository/org/glassfish/hk2/external/aopalliance-repackaged/2.5.0/aopalliance-repackaged-2.5.0.jar:/home/user/.m2/repository/com/fasterxml/jackson/dataformat/jackson-dataformat-xml/2.9.0/jackson-dataformat-xml-2.9.0.jar:/home/user/.m2/repository/com/fasterxml/jackson/core/jackson-core/2.9.5/jackson-core-2.9.5.jar:/home/user/.m2/repository/com/fasterxml/jackson/module/jackson-module-jaxb-annotations/2.9.5/jackson-module-jaxb-annotations-2.9.5.jar:/home/user/.m2/repository/javax/enterprise/cdi-api/1.2/cdi-api-1.2.jar:/home/user/.m2/repository/javax/el/javax.el-api/3.0.0/javax.el-api-3.0.0.jar:/home/user/.m2/repository/javax/interceptor/javax.interceptor-api/1.2/javax.interceptor-api-1.2.jar:/home/user/.m2/repository/javax/inject/javax.inject/1/javax.inject-1.jar:/home/user/.m2/repository/com/sun/xml/bind/jaxb-impl/2.3.0.1/jaxb-impl-2.3.0.1.jar:/home/user/.m2/repository/com/sun/xml/bind/jaxb-core/2.3.0.1/jaxb-core-2.3.0.1.jar:/home/user/.m2/repository/javax/xml/bind/jaxb-api/2.3.0/jaxb-api-2.3.0.jar:/home/user/.m2/repository/javax/activation/activation/1.1.1/activation-1.1.1.jar:/home/user/.m2/repository/org/apache/hadoop/hadoop-ozone-csi/0.5.0-SNAPSHOT/hadoop-ozone-csi-0.5.0-SNAPSHOT.jar:/home/user/.m2/repository/com/google/protobuf/protobuf-java-util/3.5.1/protobuf-java-util-3.5.1.jar:/home/user/.m2/repository/org/apache/hadoop/hadoop-hdds-config/0.5.0-SNAPSHOT/hadoop-hdds-config-0.5.0-SNAPSHOT.jar:/home/user/.m2/repository/io/grpc/grpc-netty/1.17.1/grpc-netty-1.17.1.jar:/home/user/.m2/repository/io/grpc/grpc-core/1.17.1/grpc-core-1.17.1.jar:/home/user/.m2/repository/io/grpc/grpc-context/1.17.1/grpc-context-1.17.1.jar:/home/user/.m2/repository/com/google/errorprone/error_prone_annotations/2.2.0/error_prone_annotations-2.2.0.jar:/home/user/.m2/repository/org/codehaus/mojo/animal-sniffer-annotations/1.17/animal-sniffer-annotations-1.17.jar:/home/user/.m2/repository/io/opencensus/opencensus-api/0.17.0/opencensus-api-0.17.0.jar:/home/user/.m2/repository/io/opencensus/opencensus-contrib-grpc-metrics/0.17.0/opencensus-contrib-grpc-metrics-0.17.0.jar:/home/user/.m2/repository/io/netty/netty-codec-http2/4.1.30.Final/netty-codec-http2-4.1.30.Final.jar:/home/user/.m2/repository/io/netty/netty-codec-http/4.1.30.Final/netty-codec-http-4.1.30.Final.jar:/home/user/.m2/repository/io/netty/netty-codec/4.1.30.Final/netty-codec-4.1.30.Final.jar:/home/user/.m2/repository/io/netty/netty-handler/4.1.30.Final/netty-handler-4.1.30.Final.jar:/home/user/.m2/repository/io/netty/netty-handler-proxy/4.1.30.Final/netty-handler-proxy-4.1.30.Final.jar:/home/user/.m2/repository/io/netty/netty-codec-socks/4.1.30.Final/netty-codec-socks-4.1.30.Final.jar:/home/user/.m2/repository/io/netty/netty-transport-native-epoll/4.1.30.Final/netty-transport-native-epoll-4.1.30.Final.jar:/home/user/.m2/repository/io/netty/netty-common/4.1.30.Final/netty-common-4.1.30.Final.jar:/home/user/.m2/repository/io/netty/netty-buffer/4.1.30.Final/netty-buffer-4.1.30.Final.jar:/home/user/.m2/repository/io/netty/netty-transport/4.1.30.Final/netty-transport-4.1.30.Final.jar:/home/user/.m2/repository/io/netty/netty-resolver/4.1.30.Final/netty-resolver-4.1.30.Final.jar:/home/user/.m2/repository/io/netty/netty-transport-native-unix-common/4.1.30.Final/netty-transport-native-unix-common-4.1.30.Final.jar:/home/user/.m2/repository/io/grpc/grpc-protobuf/1.17.1/grpc-protobuf-1.17.1.jar:/home/user/.m2/repository/com/google/api/grpc/proto-google-common-protos/1.0.0/proto-google-common-protos-1.0.0.jar:/home/user/.m2/repository/io/grpc/grpc-protobuf-lite/1.17.1/grpc-protobuf-lite-1.17.1.jar:/home/user/.m2/repository/io/grpc/grpc-stub/1.17.1/grpc-stub-1.17.1.jar:/home/user/.m2/repository/org/apache/hadoop/hadoop-ozone-recon/0.5.0-SNAPSHOT/hadoop-ozone-recon-0.5.0-SNAPSHOT.jar:/home/user/.m2/repository/org/apache/hadoop/hadoop-ozone-reconcodegen/0.5.0-SNAPSHOT/hadoop-ozone-reconcodegen-0.5.0-SNAPSHOT.jar:/home/user/.m2/repository/com/google/inject/extensions/guice-multibindings/4.0/guice-multibindings-4.0.jar:/home/user/.m2/repository/com/google/inject/guice/4.0/guice-4.0.jar:/home/user/.m2/repository/aopalliance/aopalliance/1.0/aopalliance-1.0.jar:/home/user/.m2/repository/com/google/inject/extensions/guice-servlet/4.0/guice-servlet-4.0.jar:/home/user/.m2/repository/org/glassfish/jersey/containers/jersey-container-servlet/2.27/jersey-container-servlet-2.27.jar:/home/user/.m2/repository/org/glassfish/hk2/guice-bridge/2.5.0/guice-bridge-2.5.0.jar:/home/user/.m2/repository/org/glassfish/jersey/core/jersey-server/2.27/jersey-server-2.27.jar:/home/user/.m2/repository/org/glassfish/jersey/core/jersey-client/2.27/jersey-client-2.27.jar:/home/user/.m2/repository/org/glassfish/jersey/media/jersey-media-jaxb/2.27/jersey-media-jaxb-2.27.jar:/home/user/.m2/repository/javax/validation/validation-api/1.1.0.Final/validation-api-1.1.0.Final.jar:/home/user/.m2/repository/org/glassfish/jersey/media/jersey-media-json-jackson/2.27/jersey-media-json-jackson-2.27.jar:/home/user/.m2/repository/org/glassfish/jersey/ext/jersey-entity-filtering/2.27/jersey-entity-filtering-2.27.jar:/home/user/.m2/repository/com/google/inject/extensions/guice-assistedinject/4.0/guice-assistedinject-4.0.jar:/home/user/.m2/repository/org/jooq/jooq/3.11.10/jooq-3.11.10.jar:/home/user/.m2/repository/org/jooq/jooq-meta/3.11.10/jooq-meta-3.11.10.jar:/home/user/.m2/repository/org/jooq/jooq-codegen/3.11.10/jooq-codegen-3.11.10.jar:/home/user/.m2/repository/com/jolbox/bonecp/0.8.0.RELEASE/bonecp-0.8.0.RELEASE.jar:/home/user/.m2/repository/org/xerial/sqlite-jdbc/3.25.2/sqlite-jdbc-3.25.2.jar:/home/user/.m2/repository/org/springframework/spring-jdbc/5.1.3.RELEASE/spring-jdbc-5.1.3.RELEASE.jar:/home/user/.m2/repository/org/springframework/spring-beans/5.1.3.RELEASE/spring-beans-5.1.3.RELEASE.jar:/home/user/.m2/repository/org/springframework/spring-core/5.1.3.RELEASE/spring-core-5.1.3.RELEASE.jar:/home/user/.m2/repository/org/springframework/spring-jcl/5.1.3.RELEASE/spring-jcl-5.1.3.RELEASE.jar:/home/user/.m2/repository/org/springframework/spring-tx/5.1.3.RELEASE/spring-tx-5.1.3.RELEASE.jar:/home/user/.m2/repository/org/apache/hadoop/hadoop-ozone-client/0.5.0-SNAPSHOT/hadoop-ozone-client-0.5.0-SNAPSHOT.jar:/home/user/.m2/repository/commons-lang/commons-lang/2.6/commons-lang-2.6.jar:/home/user/.m2/repository/org/apache/hadoop/hadoop-ozone-ozone-manager/0.5.0-SNAPSHOT/hadoop-ozone-ozone-manager-0.5.0-SNAPSHOT-tests.jar:/home/user/.m2/repository/junit/junit/4.11/junit-4.11.jar:/home/user/.m2/repository/org/hamcrest/hamcrest-core/1.3/hamcrest-core-1.3.jar:/home/user/.m2/repository/org/openjdk/jmh/jmh-core/1.19/jmh-core-1.19.jar:/home/user/.m2/repository/net/sf/jopt-simple/jopt-simple/4.6/jopt-simple-4.6.jar:/home/user/.m2/repository/org/apache/commons/commons-math3/3.1.1/commons-math3-3.1.1.jar:/home/user/.m2/repository/org/openjdk/jmh/jmh-generator-annprocess/1.19/jmh-generator-annprocess-1.19.jar:/home/user/.m2/repository/org/mockito/mockito-all/1.8.5/mockito-all-1.8.5.jar:/home/user/.m2/repository/org/apache/hadoop/hadoop-kms/3.2.0/hadoop-kms-3.2.0.jar:/home/user/.m2/repository/org/apache/hadoop/hadoop-auth/3.2.0/hadoop-auth-3.2.0.jar:/home/user/.m2/repository/com/nimbusds/nimbus-jose-jwt/4.41.1/nimbus-jose-jwt-4.41.1.jar:/home/user/.m2/repository/com/github/stephenc/jcip/jcip-annotations/1.0-1/jcip-annotations-1.0-1.jar:/home/user/.m2/repository/net/minidev/json-smart/2.3/json-smart-2.3.jar:/home/user/.m2/repository/net/minidev/accessors-smart/1.2/accessors-smart-1.2.jar:/home/user/.m2/repository/org/ow2/asm/asm/5.0.4/asm-5.0.4.jar:/home/user/.m2/repository/org/apache/curator/curator-framework/2.12.0/curator-framework-2.12.0.jar:/home/user/.m2/repository/com/sun/jersey/jersey-core/1.19/jersey-core-1.19.jar:/home/user/.m2/repository/javax/ws/rs/jsr311-api/1.1.1/jsr311-api-1.1.1.jar:/home/user/.m2/repository/com/sun/jersey/jersey-server/1.19/jersey-server-1.19.jar:/home/user/.m2/repository/javax/servlet/javax.servlet-api/3.1.0/javax.servlet-api-3.1.0.jar:/home/user/.m2/repository/org/eclipse/jetty/jetty-server/9.3.24.v20180605/jetty-server-9.3.24.v20180605.jar:/home/user/.m2/repository/org/eclipse/jetty/jetty-http/9.3.24.v20180605/jetty-http-9.3.24.v20180605.jar:/home/user/.m2/repository/org/eclipse/jetty/jetty-io/9.3.24.v20180605/jetty-io-9.3.24.v20180605.jar:/home/user/.m2/repository/org/eclipse/jetty/jetty-webapp/9.3.24.v20180605/jetty-webapp-9.3.24.v20180605.jar:/home/user/.m2/repository/org/eclipse/jetty/jetty-xml/9.3.24.v20180605/jetty-xml-9.3.24.v20180605.jar:/home/user/.m2/repository/log4j/log4j/1.2.17/log4j-1.2.17.jar:/home/user/.m2/repository/org/slf4j/slf4j-api/1.7.25/slf4j-api-1.7.25.jar:/home/user/.m2/repository/org/slf4j/jul-to-slf4j/1.7.25/jul-to-slf4j-1.7.25.jar:/home/user/.m2/repository/org/eclipse/jetty/jetty-util/9.3.24.v20180605/jetty-util-9.3.24.v20180605.jar:/home/user/.m2/repository/com/fasterxml/jackson/core/jackson-databind/2.9.5/jackson-databind-2.9.5.jar:/home/user/.m2/repository/org/apache/hadoop/hadoop-kms/3.2.0/hadoop-kms-3.2.0-tests.jar:/home/user/.m2/repository/org/apache/hadoop/hadoop-hdds-server-scm/0.5.0-SNAPSHOT/hadoop-hdds-server-scm-0.5.0-SNAPSHOT-tests.jar:/home/user/.m2/repository/org/apache/hadoop/hadoop-hdds-container-service/0.5.0-SNAPSHOT/hadoop-hdds-container-service-0.5.0-SNAPSHOT-tests.jar:/home/user/.m2/repository/org/yaml/snakeyaml/1.16/snakeyaml-1.16.jar:/home/user/.m2/repository/org/apache/hadoop/hadoop-common/3.2.0/hadoop-common-3.2.0-tests.jar:/home/user/.m2/repository/org/apache/hadoop/hadoop-annotations/3.2.0/hadoop-annotations-3.2.0.jar:/usr/lib/jvm/java-1.8-openjdk/jre/../lib/tools.jar:/home/user/.m2/repository/commons-cli/commons-cli/1.2/commons-cli-1.2.jar:/home/user/.m2/repository/org/apache/httpcomponents/httpclient/4.5.2/httpclient-4.5.2.jar:/home/user/.m2/repository/org/apache/httpcomponents/httpcore/4.4.4/httpcore-4.4.4.jar:/home/user/.m2/repository/commons-codec/commons-codec/1.11/commons-codec-1.11.jar:/home/user/.m2/repository/commons-net/commons-net/3.6/commons-net-3.6.jar:/home/user/.m2/repository/commons-collections/commons-collections/3.2.2/commons-collections-3.2.2.jar:/home/user/.m2/repository/org/eclipse/jetty/jetty-servlet/9.3.24.v20180605/jetty-servlet-9.3.24.v20180605.jar:/home/user/.m2/repository/org/eclipse/jetty/jetty-security/9.3.24.v20180605/jetty-security-9.3.24.v20180605.jar:/home/user/.m2/repository/javax/servlet/jsp/jsp-api/2.1/jsp-api-2.1.jar:/home/user/.m2/repository/com/sun/jersey/jersey-servlet/1.19/jersey-servlet-1.19.jar:/home/user/.m2/repository/com/sun/jersey/jersey-json/1.19/jersey-json-1.19.jar:/home/user/.m2/repository/org/codehaus/jettison/jettison/1.1/jettison-1.1.jar:/home/user/.m2/repository/org/codehaus/jackson/jackson-core-asl/1.9.13/jackson-core-asl-1.9.13.jar:/home/user/.m2/repository/org/codehaus/jackson/jackson-mapper-asl/1.9.13/jackson-mapper-asl-1.9.13.jar:/home/user/.m2/repository/org/codehaus/jackson/jackson-jaxrs/1.9.13/jackson-jaxrs-1.9.13.jar:/home/user/.m2/repository/org/codehaus/jackson/jackson-xc/1.9.13/jackson-xc-1.9.13.jar:/home/user/.m2/repository/commons-logging/commons-logging/1.1.3/commons-logging-1.1.3.jar:/home/user/.m2/repository/commons-beanutils/commons-beanutils/1.9.3/commons-beanutils-1.9.3.jar:/home/user/.m2/repository/org/apache/commons/commons-configuration2/2.1.1/commons-configuration2-2.1.1.jar:/home/user/.m2/repository/org/apache/commons/commons-lang3/3.7/commons-lang3-3.7.jar:/home/user/.m2/repository/org/apache/commons/commons-text/1.4/commons-text-1.4.jar:/home/user/.m2/repository/org/apache/avro/avro/1.7.7/avro-1.7.7.jar:/home/user/.m2/repository/com/thoughtworks/paranamer/paranamer/2.3/paranamer-2.3.jar:/home/user/.m2/repository/org/xerial/snappy/snappy-java/1.0.5/snappy-java-1.0.5.jar:/home/user/.m2/repository/com/google/re2j/re2j/1.1/re2j-1.1.jar:/home/user/.m2/repository/com/google/code/gson/gson/2.2.4/gson-2.2.4.jar:/home/user/.m2/repository/com/jcraft/jsch/0.1.54/jsch-0.1.54.jar:/home/user/.m2/repository/org/apache/curator/curator-client/2.12.0/curator-client-2.12.0.jar:/home/user/.m2/repository/org/apache/curator/curator-recipes/2.12.0/curator-recipes-2.12.0.jar:/home/user/.m2/repository/com/google/code/findbugs/jsr305/3.0.0/jsr305-3.0.0.jar:/home/user/.m2/repository/org/apache/htrace/htrace-core4/4.1.0-incubating/htrace-core4-4.1.0-incubating.jar:/home/user/.m2/repository/org/apache/zookeeper/zookeeper/3.4.13/zookeeper-3.4.13.jar:/home/user/.m2/repository/org/apache/yetus/audience-annotations/0.5.0/audience-annotations-0.5.0.jar:/home/user/.m2/repository/org/codehaus/woodstox/stax2-api/3.1.4/stax2-api-3.1.4.jar:/home/user/.m2/repository/com/fasterxml/woodstox/woodstox-core/5.0.3/woodstox-core-5.0.3.jar:/home/user/.m2/repository/dnsjava/dnsjava/2.1.7/dnsjava-2.1.7.jar:/home/user/.m2/repository/org/apache/hadoop/hadoop-hdfs/3.2.0/hadoop-hdfs-3.2.0-tests.jar:/home/user/.m2/repository/org/eclipse/jetty/jetty-util-ajax/9.3.24.v20180605/jetty-util-ajax-9.3.24.v20180605.jar:/home/user/.m2/repository/commons-daemon/commons-daemon/1.0.13/commons-daemon-1.0.13.jar:/home/user/.m2/repository/io/netty/netty/3.10.5.Final/netty-3.10.5.Final.jar:/home/user/.m2/repository/io/netty/netty-all/4.0.52.Final/netty-all-4.0.52.Final.jar:/home/user/.m2/repository/org/fusesource/leveldbjni/leveldbjni-all/1.8/leveldbjni-all-1.8.jar:"/>
    <property name="java.vm.vendor" value="IcedTea"/>
    <property name="sun.arch.data.model" value="64"/>
    <property name="test.build.dir" value="/workdir/hadoop-ozone/integration-test/target/test-dir"/>
    <property name="test.cache.data" value=""/>
    <property name="java.vendor.url" value="https://icedtea.classpath.org"/>
    <property name="user.timezone" value=""/>
    <property name="java.vm.specification.version" value="1.8"/>
    <property name="os.name" value="Linux"/>
    <property name="test.build.data" value="/workdir/hadoop-ozone/integration-test/target/test-dir"/>
    <property name="user.country" value="US"/>
    <property name="sun.java.launcher" value="SUN_STANDARD"/>
    <property name="sun.boot.library.path" value="/usr/lib/jvm/java-1.8-openjdk/jre/lib/amd64"/>
    <property name="sun.java.command" value="/workdir/hadoop-ozone/integration-test/target/surefire/surefirebooter6400559539595108996.jar /workdir/hadoop-ozone/integration-test/target/surefire 2019-09-12T10-13-21_360-jvmRun1 surefire3164039586316087588tmp surefire_271558819712004155345tmp"/>
    <property name="test" value="!TestMiniChaosOzoneCluster"/>
    <property name="surefire.test.class.path" value="/workdir/hadoop-ozone/integration-test/target/test-classes:/workdir/hadoop-ozone/integration-test/target/classes:/home/user/.m2/repository/org/apache/hadoop/hadoop-ozone-common/0.5.0-SNAPSHOT/hadoop-ozone-common-0.5.0-SNAPSHOT.jar:/home/user/.m2/repository/org/apache/commons/commons-compress/1.4.1/commons-compress-1.4.1.jar:/home/user/.m2/repository/org/tukaani/xz/1.0/xz-1.0.jar:/home/user/.m2/repository/org/apache/hadoop/hadoop-common/3.2.0/hadoop-common-3.2.0.jar:/home/user/.m2/repository/org/apache/hadoop/hadoop-hdfs/3.2.0/hadoop-hdfs-3.2.0.jar:/home/user/.m2/repository/org/apache/hadoop/hadoop-hdfs-client/3.2.0/hadoop-hdfs-client-3.2.0.jar:/home/user/.m2/repository/com/fasterxml/jackson/core/jackson-annotations/2.9.5/jackson-annotations-2.9.5.jar:/home/user/.m2/repository/org/apache/hadoop/hadoop-hdds-common/0.5.0-SNAPSHOT/hadoop-hdds-common-0.5.0-SNAPSHOT.jar:/home/user/.m2/repository/javax/annotation/javax.annotation-api/1.2/javax.annotation-api-1.2.jar:/home/user/.m2/repository/org/apache/ratis/ratis-server/0.4.0-2337318-SNAPSHOT/ratis-server-0.4.0-2337318-SNAPSHOT.jar:/home/user/.m2/repository/org/apache/ratis/ratis-thirdparty-misc/0.2.0/ratis-thirdparty-misc-0.2.0.jar:/home/user/.m2/repository/org/apache/ratis/ratis-proto/0.4.0-2337318-SNAPSHOT/ratis-proto-0.4.0-2337318-SNAPSHOT.jar:/home/user/.m2/repository/org/apache/ratis/ratis-common/0.4.0-2337318-SNAPSHOT/ratis-common-0.4.0-2337318-SNAPSHOT.jar:/home/user/.m2/repository/org/apache/ratis/ratis-client/0.4.0-2337318-SNAPSHOT/ratis-client-0.4.0-2337318-SNAPSHOT.jar:/home/user/.m2/repository/org/apache/ratis/ratis-metrics/0.4.0-2337318-SNAPSHOT/ratis-metrics-0.4.0-2337318-SNAPSHOT.jar:/home/user/.m2/repository/org/apache/ratis/ratis-netty/0.4.0-2337318-SNAPSHOT/ratis-netty-0.4.0-2337318-SNAPSHOT.jar:/home/user/.m2/repository/org/apache/ratis/ratis-grpc/0.4.0-2337318-SNAPSHOT/ratis-grpc-0.4.0-2337318-SNAPSHOT.jar:/home/user/.m2/repository/org/rocksdb/rocksdbjni/6.0.1/rocksdbjni-6.0.1.jar:/home/user/.m2/repository/org/apache/logging/log4j/log4j-api/2.11.0/log4j-api-2.11.0.jar:/home/user/.m2/repository/org/apache/logging/log4j/log4j-core/2.11.0/log4j-core-2.11.0.jar:/home/user/.m2/repository/com/lmax/disruptor/3.4.2/disruptor-3.4.2.jar:/home/user/.m2/repository/org/apache/commons/commons-pool2/2.6.0/commons-pool2-2.6.0.jar:/home/user/.m2/repository/org/bouncycastle/bcpkix-jdk15on/1.60/bcpkix-jdk15on-1.60.jar:/home/user/.m2/repository/commons-validator/commons-validator/1.6/commons-validator-1.6.jar:/home/user/.m2/repository/commons-digester/commons-digester/1.8.1/commons-digester-1.8.1.jar:/home/user/.m2/repository/io/jaegertracing/jaeger-client/0.33.1/jaeger-client-0.33.1.jar:/home/user/.m2/repository/io/jaegertracing/jaeger-thrift/0.33.1/jaeger-thrift-0.33.1.jar:/home/user/.m2/repository/org/apache/thrift/libthrift/0.11.0/libthrift-0.11.0.jar:/home/user/.m2/repository/com/squareup/okhttp3/okhttp/3.9.0/okhttp-3.9.0.jar:/home/user/.m2/repository/com/squareup/okio/okio/1.13.0/okio-1.13.0.jar:/home/user/.m2/repository/io/jaegertracing/jaeger-core/0.33.1/jaeger-core-0.33.1.jar:/home/user/.m2/repository/io/jaegertracing/jaeger-tracerresolver/0.33.1/jaeger-tracerresolver-0.33.1.jar:/home/user/.m2/repository/io/opentracing/contrib/opentracing-tracerresolver/0.1.5/opentracing-tracerresolver-0.1.5.jar:/home/user/.m2/repository/io/opentracing/opentracing-util/0.31.0/opentracing-util-0.31.0.jar:/home/user/.m2/repository/io/opentracing/opentracing-api/0.31.0/opentracing-api-0.31.0.jar:/home/user/.m2/repository/io/opentracing/opentracing-noop/0.31.0/opentracing-noop-0.31.0.jar:/home/user/.m2/repository/org/apache/hadoop/hadoop-hdds-server-framework/0.5.0-SNAPSHOT/hadoop-hdds-server-framework-0.5.0-SNAPSHOT.jar:/home/user/.m2/repository/org/apache/hadoop/hadoop-hdds-container-service/0.5.0-SNAPSHOT/hadoop-hdds-container-service-0.5.0-SNAPSHOT.jar:/home/user/.m2/repository/org/apache/hadoop/hadoop-hdds-client/0.5.0-SNAPSHOT/hadoop-hdds-client-0.5.0-SNAPSHOT.jar:/home/user/.m2/repository/org/apache/hadoop/hadoop-hdds-tools/0.5.0-SNAPSHOT/hadoop-hdds-tools-0.5.0-SNAPSHOT.jar:/home/user/.m2/repository/org/apache/hadoop/hadoop-hdds-server-scm/0.5.0-SNAPSHOT/hadoop-hdds-server-scm-0.5.0-SNAPSHOT.jar:/home/user/.m2/repository/org/apache/hadoop/hadoop-hdds-docs/0.5.0-SNAPSHOT/hadoop-hdds-docs-0.5.0-SNAPSHOT.jar:/home/user/.m2/repository/io/dropwizard/metrics/metrics-core/3.2.4/metrics-core-3.2.4.jar:/home/user/.m2/repository/org/hamcrest/hamcrest-all/1.3/hamcrest-all-1.3.jar:/home/user/.m2/repository/org/bouncycastle/bcprov-jdk15on/1.60/bcprov-jdk15on-1.60.jar:/home/user/.m2/repository/info/picocli/picocli/3.9.6/picocli-3.9.6.jar:/home/user/.m2/repository/com/google/protobuf/protobuf-java/2.5.0/protobuf-java-2.5.0.jar:/home/user/.m2/repository/com/google/guava/guava/11.0.2/guava-11.0.2.jar:/home/user/.m2/repository/org/apache/hadoop/hadoop-ozone-ozone-manager/0.5.0-SNAPSHOT/hadoop-ozone-ozone-manager-0.5.0-SNAPSHOT.jar:/home/user/.m2/repository/org/apache/hadoop/hadoop-minikdc/3.2.0/hadoop-minikdc-3.2.0.jar:/home/user/.m2/repository/commons-io/commons-io/2.5/commons-io-2.5.jar:/home/user/.m2/repository/org/apache/kerby/kerb-simplekdc/1.0.1/kerb-simplekdc-1.0.1.jar:/home/user/.m2/repository/org/apache/kerby/kerb-client/1.0.1/kerb-client-1.0.1.jar:/home/user/.m2/repository/org/apache/kerby/kerby-config/1.0.1/kerby-config-1.0.1.jar:/home/user/.m2/repository/org/apache/kerby/kerb-core/1.0.1/kerb-core-1.0.1.jar:/home/user/.m2/repository/org/apache/kerby/kerby-pkix/1.0.1/kerby-pkix-1.0.1.jar:/home/user/.m2/repository/org/apache/kerby/kerby-asn1/1.0.1/kerby-asn1-1.0.1.jar:/home/user/.m2/repository/org/apache/kerby/kerby-util/1.0.1/kerby-util-1.0.1.jar:/home/user/.m2/repository/org/apache/kerby/kerb-common/1.0.1/kerb-common-1.0.1.jar:/home/user/.m2/repository/org/apache/kerby/kerb-crypto/1.0.1/kerb-crypto-1.0.1.jar:/home/user/.m2/repository/org/apache/kerby/kerb-util/1.0.1/kerb-util-1.0.1.jar:/home/user/.m2/repository/org/apache/kerby/token-provider/1.0.1/token-provider-1.0.1.jar:/home/user/.m2/repository/org/apache/kerby/kerb-admin/1.0.1/kerb-admin-1.0.1.jar:/home/user/.m2/repository/org/apache/kerby/kerb-server/1.0.1/kerb-server-1.0.1.jar:/home/user/.m2/repository/org/apache/kerby/kerb-identity/1.0.1/kerb-identity-1.0.1.jar:/home/user/.m2/repository/org/apache/kerby/kerby-xdr/1.0.1/kerby-xdr-1.0.1.jar:/home/user/.m2/repository/org/slf4j/slf4j-log4j12/1.7.25/slf4j-log4j12-1.7.25.jar:/home/user/.m2/repository/org/apache/hadoop/hadoop-ozone-objectstore-service/0.5.0-SNAPSHOT/hadoop-ozone-objectstore-service-0.5.0-SNAPSHOT.jar:/home/user/.m2/repository/org/apache/hadoop/hadoop-ozone-s3gateway/0.5.0-SNAPSHOT/hadoop-ozone-s3gateway-0.5.0-SNAPSHOT.jar:/home/user/.m2/repository/org/jboss/weld/servlet/weld-servlet/2.4.7.Final/weld-servlet-2.4.7.Final.jar:/home/user/.m2/repository/org/glassfish/jersey/containers/jersey-container-servlet-core/2.27/jersey-container-servlet-core-2.27.jar:/home/user/.m2/repository/org/glassfish/hk2/external/javax.inject/2.5.0-b42/javax.inject-2.5.0-b42.jar:/home/user/.m2/repository/org/glassfish/jersey/core/jersey-common/2.27/jersey-common-2.27.jar:/home/user/.m2/repository/org/glassfish/hk2/osgi-resource-locator/1.0.1/osgi-resource-locator-1.0.1.jar:/home/user/.m2/repository/javax/ws/rs/javax.ws.rs-api/2.1/javax.ws.rs-api-2.1.jar:/home/user/.m2/repository/org/glassfish/jersey/ext/cdi/jersey-cdi1x/2.27/jersey-cdi1x-2.27.jar:/home/user/.m2/repository/org/glassfish/jersey/inject/jersey-hk2/2.27/jersey-hk2-2.27.jar:/home/user/.m2/repository/org/glassfish/hk2/hk2-locator/2.5.0-b42/hk2-locator-2.5.0-b42.jar:/home/user/.m2/repository/org/javassist/javassist/3.22.0-CR2/javassist-3.22.0-CR2.jar:/home/user/.m2/repository/org/glassfish/hk2/hk2-api/2.5.0/hk2-api-2.5.0.jar:/home/user/.m2/repository/org/glassfish/hk2/external/jakarta.inject/2.5.0/jakarta.inject-2.5.0.jar:/home/user/.m2/repository/org/glassfish/hk2/hk2-utils/2.5.0/hk2-utils-2.5.0.jar:/home/user/.m2/repository/jakarta/annotation/jakarta.annotation-api/1.3.4/jakarta.annotation-api-1.3.4.jar:/home/user/.m2/repository/org/glassfish/hk2/external/aopalliance-repackaged/2.5.0/aopalliance-repackaged-2.5.0.jar:/home/user/.m2/repository/com/fasterxml/jackson/dataformat/jackson-dataformat-xml/2.9.0/jackson-dataformat-xml-2.9.0.jar:/home/user/.m2/repository/com/fasterxml/jackson/core/jackson-core/2.9.5/jackson-core-2.9.5.jar:/home/user/.m2/repository/com/fasterxml/jackson/module/jackson-module-jaxb-annotations/2.9.5/jackson-module-jaxb-annotations-2.9.5.jar:/home/user/.m2/repository/javax/enterprise/cdi-api/1.2/cdi-api-1.2.jar:/home/user/.m2/repository/javax/el/javax.el-api/3.0.0/javax.el-api-3.0.0.jar:/home/user/.m2/repository/javax/interceptor/javax.interceptor-api/1.2/javax.interceptor-api-1.2.jar:/home/user/.m2/repository/javax/inject/javax.inject/1/javax.inject-1.jar:/home/user/.m2/repository/com/sun/xml/bind/jaxb-impl/2.3.0.1/jaxb-impl-2.3.0.1.jar:/home/user/.m2/repository/com/sun/xml/bind/jaxb-core/2.3.0.1/jaxb-core-2.3.0.1.jar:/home/user/.m2/repository/javax/xml/bind/jaxb-api/2.3.0/jaxb-api-2.3.0.jar:/home/user/.m2/repository/javax/activation/activation/1.1.1/activation-1.1.1.jar:/home/user/.m2/repository/org/apache/hadoop/hadoop-ozone-csi/0.5.0-SNAPSHOT/hadoop-ozone-csi-0.5.0-SNAPSHOT.jar:/home/user/.m2/repository/com/google/protobuf/protobuf-java-util/3.5.1/protobuf-java-util-3.5.1.jar:/home/user/.m2/repository/org/apache/hadoop/hadoop-hdds-config/0.5.0-SNAPSHOT/hadoop-hdds-config-0.5.0-SNAPSHOT.jar:/home/user/.m2/repository/io/grpc/grpc-netty/1.17.1/grpc-netty-1.17.1.jar:/home/user/.m2/repository/io/grpc/grpc-core/1.17.1/grpc-core-1.17.1.jar:/home/user/.m2/repository/io/grpc/grpc-context/1.17.1/grpc-context-1.17.1.jar:/home/user/.m2/repository/com/google/errorprone/error_prone_annotations/2.2.0/error_prone_annotations-2.2.0.jar:/home/user/.m2/repository/org/codehaus/mojo/animal-sniffer-annotations/1.17/animal-sniffer-annotations-1.17.jar:/home/user/.m2/repository/io/opencensus/opencensus-api/0.17.0/opencensus-api-0.17.0.jar:/home/user/.m2/repository/io/opencensus/opencensus-contrib-grpc-metrics/0.17.0/opencensus-contrib-grpc-metrics-0.17.0.jar:/home/user/.m2/repository/io/netty/netty-codec-http2/4.1.30.Final/netty-codec-http2-4.1.30.Final.jar:/home/user/.m2/repository/io/netty/netty-codec-http/4.1.30.Final/netty-codec-http-4.1.30.Final.jar:/home/user/.m2/repository/io/netty/netty-codec/4.1.30.Final/netty-codec-4.1.30.Final.jar:/home/user/.m2/repository/io/netty/netty-handler/4.1.30.Final/netty-handler-4.1.30.Final.jar:/home/user/.m2/repository/io/netty/netty-handler-proxy/4.1.30.Final/netty-handler-proxy-4.1.30.Final.jar:/home/user/.m2/repository/io/netty/netty-codec-socks/4.1.30.Final/netty-codec-socks-4.1.30.Final.jar:/home/user/.m2/repository/io/netty/netty-transport-native-epoll/4.1.30.Final/netty-transport-native-epoll-4.1.30.Final.jar:/home/user/.m2/repository/io/netty/netty-common/4.1.30.Final/netty-common-4.1.30.Final.jar:/home/user/.m2/repository/io/netty/netty-buffer/4.1.30.Final/netty-buffer-4.1.30.Final.jar:/home/user/.m2/repository/io/netty/netty-transport/4.1.30.Final/netty-transport-4.1.30.Final.jar:/home/user/.m2/repository/io/netty/netty-resolver/4.1.30.Final/netty-resolver-4.1.30.Final.jar:/home/user/.m2/repository/io/netty/netty-transport-native-unix-common/4.1.30.Final/netty-transport-native-unix-common-4.1.30.Final.jar:/home/user/.m2/repository/io/grpc/grpc-protobuf/1.17.1/grpc-protobuf-1.17.1.jar:/home/user/.m2/repository/com/google/api/grpc/proto-google-common-protos/1.0.0/proto-google-common-protos-1.0.0.jar:/home/user/.m2/repository/io/grpc/grpc-protobuf-lite/1.17.1/grpc-protobuf-lite-1.17.1.jar:/home/user/.m2/repository/io/grpc/grpc-stub/1.17.1/grpc-stub-1.17.1.jar:/home/user/.m2/repository/org/apache/hadoop/hadoop-ozone-recon/0.5.0-SNAPSHOT/hadoop-ozone-recon-0.5.0-SNAPSHOT.jar:/home/user/.m2/repository/org/apache/hadoop/hadoop-ozone-reconcodegen/0.5.0-SNAPSHOT/hadoop-ozone-reconcodegen-0.5.0-SNAPSHOT.jar:/home/user/.m2/repository/com/google/inject/extensions/guice-multibindings/4.0/guice-multibindings-4.0.jar:/home/user/.m2/repository/com/google/inject/guice/4.0/guice-4.0.jar:/home/user/.m2/repository/aopalliance/aopalliance/1.0/aopalliance-1.0.jar:/home/user/.m2/repository/com/google/inject/extensions/guice-servlet/4.0/guice-servlet-4.0.jar:/home/user/.m2/repository/org/glassfish/jersey/containers/jersey-container-servlet/2.27/jersey-container-servlet-2.27.jar:/home/user/.m2/repository/org/glassfish/hk2/guice-bridge/2.5.0/guice-bridge-2.5.0.jar:/home/user/.m2/repository/org/glassfish/jersey/core/jersey-server/2.27/jersey-server-2.27.jar:/home/user/.m2/repository/org/glassfish/jersey/core/jersey-client/2.27/jersey-client-2.27.jar:/home/user/.m2/repository/org/glassfish/jersey/media/jersey-media-jaxb/2.27/jersey-media-jaxb-2.27.jar:/home/user/.m2/repository/javax/validation/validation-api/1.1.0.Final/validation-api-1.1.0.Final.jar:/home/user/.m2/repository/org/glassfish/jersey/media/jersey-media-json-jackson/2.27/jersey-media-json-jackson-2.27.jar:/home/user/.m2/repository/org/glassfish/jersey/ext/jersey-entity-filtering/2.27/jersey-entity-filtering-2.27.jar:/home/user/.m2/repository/com/google/inject/extensions/guice-assistedinject/4.0/guice-assistedinject-4.0.jar:/home/user/.m2/repository/org/jooq/jooq/3.11.10/jooq-3.11.10.jar:/home/user/.m2/repository/org/jooq/jooq-meta/3.11.10/jooq-meta-3.11.10.jar:/home/user/.m2/repository/org/jooq/jooq-codegen/3.11.10/jooq-codegen-3.11.10.jar:/home/user/.m2/repository/com/jolbox/bonecp/0.8.0.RELEASE/bonecp-0.8.0.RELEASE.jar:/home/user/.m2/repository/org/xerial/sqlite-jdbc/3.25.2/sqlite-jdbc-3.25.2.jar:/home/user/.m2/repository/org/springframework/spring-jdbc/5.1.3.RELEASE/spring-jdbc-5.1.3.RELEASE.jar:/home/user/.m2/repository/org/springframework/spring-beans/5.1.3.RELEASE/spring-beans-5.1.3.RELEASE.jar:/home/user/.m2/repository/org/springframework/spring-core/5.1.3.RELEASE/spring-core-5.1.3.RELEASE.jar:/home/user/.m2/repository/org/springframework/spring-jcl/5.1.3.RELEASE/spring-jcl-5.1.3.RELEASE.jar:/home/user/.m2/repository/org/springframework/spring-tx/5.1.3.RELEASE/spring-tx-5.1.3.RELEASE.jar:/home/user/.m2/repository/org/apache/hadoop/hadoop-ozone-client/0.5.0-SNAPSHOT/hadoop-ozone-client-0.5.0-SNAPSHOT.jar:/home/user/.m2/repository/commons-lang/commons-lang/2.6/commons-lang-2.6.jar:/home/user/.m2/repository/org/apache/hadoop/hadoop-ozone-ozone-manager/0.5.0-SNAPSHOT/hadoop-ozone-ozone-manager-0.5.0-SNAPSHOT-tests.jar:/home/user/.m2/repository/junit/junit/4.11/junit-4.11.jar:/home/user/.m2/repository/org/hamcrest/hamcrest-core/1.3/hamcrest-core-1.3.jar:/home/user/.m2/repository/org/openjdk/jmh/jmh-core/1.19/jmh-core-1.19.jar:/home/user/.m2/repository/net/sf/jopt-simple/jopt-simple/4.6/jopt-simple-4.6.jar:/home/user/.m2/repository/org/apache/commons/commons-math3/3.1.1/commons-math3-3.1.1.jar:/home/user/.m2/repository/org/openjdk/jmh/jmh-generator-annprocess/1.19/jmh-generator-annprocess-1.19.jar:/home/user/.m2/repository/org/mockito/mockito-all/1.8.5/mockito-all-1.8.5.jar:/home/user/.m2/repository/org/apache/hadoop/hadoop-kms/3.2.0/hadoop-kms-3.2.0.jar:/home/user/.m2/repository/org/apache/hadoop/hadoop-auth/3.2.0/hadoop-auth-3.2.0.jar:/home/user/.m2/repository/com/nimbusds/nimbus-jose-jwt/4.41.1/nimbus-jose-jwt-4.41.1.jar:/home/user/.m2/repository/com/github/stephenc/jcip/jcip-annotations/1.0-1/jcip-annotations-1.0-1.jar:/home/user/.m2/repository/net/minidev/json-smart/2.3/json-smart-2.3.jar:/home/user/.m2/repository/net/minidev/accessors-smart/1.2/accessors-smart-1.2.jar:/home/user/.m2/repository/org/ow2/asm/asm/5.0.4/asm-5.0.4.jar:/home/user/.m2/repository/org/apache/curator/curator-framework/2.12.0/curator-framework-2.12.0.jar:/home/user/.m2/repository/com/sun/jersey/jersey-core/1.19/jersey-core-1.19.jar:/home/user/.m2/repository/javax/ws/rs/jsr311-api/1.1.1/jsr311-api-1.1.1.jar:/home/user/.m2/repository/com/sun/jersey/jersey-server/1.19/jersey-server-1.19.jar:/home/user/.m2/repository/javax/servlet/javax.servlet-api/3.1.0/javax.servlet-api-3.1.0.jar:/home/user/.m2/repository/org/eclipse/jetty/jetty-server/9.3.24.v20180605/jetty-server-9.3.24.v20180605.jar:/home/user/.m2/repository/org/eclipse/jetty/jetty-http/9.3.24.v20180605/jetty-http-9.3.24.v20180605.jar:/home/user/.m2/repository/org/eclipse/jetty/jetty-io/9.3.24.v20180605/jetty-io-9.3.24.v20180605.jar:/home/user/.m2/repository/org/eclipse/jetty/jetty-webapp/9.3.24.v20180605/jetty-webapp-9.3.24.v20180605.jar:/home/user/.m2/repository/org/eclipse/jetty/jetty-xml/9.3.24.v20180605/jetty-xml-9.3.24.v20180605.jar:/home/user/.m2/repository/log4j/log4j/1.2.17/log4j-1.2.17.jar:/home/user/.m2/repository/org/slf4j/slf4j-api/1.7.25/slf4j-api-1.7.25.jar:/home/user/.m2/repository/org/slf4j/jul-to-slf4j/1.7.25/jul-to-slf4j-1.7.25.jar:/home/user/.m2/repository/org/eclipse/jetty/jetty-util/9.3.24.v20180605/jetty-util-9.3.24.v20180605.jar:/home/user/.m2/repository/com/fasterxml/jackson/core/jackson-databind/2.9.5/jackson-databind-2.9.5.jar:/home/user/.m2/repository/org/apache/hadoop/hadoop-kms/3.2.0/hadoop-kms-3.2.0-tests.jar:/home/user/.m2/repository/org/apache/hadoop/hadoop-hdds-server-scm/0.5.0-SNAPSHOT/hadoop-hdds-server-scm-0.5.0-SNAPSHOT-tests.jar:/home/user/.m2/repository/org/apache/hadoop/hadoop-hdds-container-service/0.5.0-SNAPSHOT/hadoop-hdds-container-service-0.5.0-SNAPSHOT-tests.jar:/home/user/.m2/repository/org/yaml/snakeyaml/1.16/snakeyaml-1.16.jar:/home/user/.m2/repository/org/apache/hadoop/hadoop-common/3.2.0/hadoop-common-3.2.0-tests.jar:/home/user/.m2/repository/org/apache/hadoop/hadoop-annotations/3.2.0/hadoop-annotations-3.2.0.jar:/usr/lib/jvm/java-1.8-openjdk/jre/../lib/tools.jar:/home/user/.m2/repository/commons-cli/commons-cli/1.2/commons-cli-1.2.jar:/home/user/.m2/repository/org/apache/httpcomponents/httpclient/4.5.2/httpclient-4.5.2.jar:/home/user/.m2/repository/org/apache/httpcomponents/httpcore/4.4.4/httpcore-4.4.4.jar:/home/user/.m2/repository/commons-codec/commons-codec/1.11/commons-codec-1.11.jar:/home/user/.m2/repository/commons-net/commons-net/3.6/commons-net-3.6.jar:/home/user/.m2/repository/commons-collections/commons-collections/3.2.2/commons-collections-3.2.2.jar:/home/user/.m2/repository/org/eclipse/jetty/jetty-servlet/9.3.24.v20180605/jetty-servlet-9.3.24.v20180605.jar:/home/user/.m2/repository/org/eclipse/jetty/jetty-security/9.3.24.v20180605/jetty-security-9.3.24.v20180605.jar:/home/user/.m2/repository/javax/servlet/jsp/jsp-api/2.1/jsp-api-2.1.jar:/home/user/.m2/repository/com/sun/jersey/jersey-servlet/1.19/jersey-servlet-1.19.jar:/home/user/.m2/repository/com/sun/jersey/jersey-json/1.19/jersey-json-1.19.jar:/home/user/.m2/repository/org/codehaus/jettison/jettison/1.1/jettison-1.1.jar:/home/user/.m2/repository/org/codehaus/jackson/jackson-core-asl/1.9.13/jackson-core-asl-1.9.13.jar:/home/user/.m2/repository/org/codehaus/jackson/jackson-mapper-asl/1.9.13/jackson-mapper-asl-1.9.13.jar:/home/user/.m2/repository/org/codehaus/jackson/jackson-jaxrs/1.9.13/jackson-jaxrs-1.9.13.jar:/home/user/.m2/repository/org/codehaus/jackson/jackson-xc/1.9.13/jackson-xc-1.9.13.jar:/home/user/.m2/repository/commons-logging/commons-logging/1.1.3/commons-logging-1.1.3.jar:/home/user/.m2/repository/commons-beanutils/commons-beanutils/1.9.3/commons-beanutils-1.9.3.jar:/home/user/.m2/repository/org/apache/commons/commons-configuration2/2.1.1/commons-configuration2-2.1.1.jar:/home/user/.m2/repository/org/apache/commons/commons-lang3/3.7/commons-lang3-3.7.jar:/home/user/.m2/repository/org/apache/commons/commons-text/1.4/commons-text-1.4.jar:/home/user/.m2/repository/org/apache/avro/avro/1.7.7/avro-1.7.7.jar:/home/user/.m2/repository/com/thoughtworks/paranamer/paranamer/2.3/paranamer-2.3.jar:/home/user/.m2/repository/org/xerial/snappy/snappy-java/1.0.5/snappy-java-1.0.5.jar:/home/user/.m2/repository/com/google/re2j/re2j/1.1/re2j-1.1.jar:/home/user/.m2/repository/com/google/code/gson/gson/2.2.4/gson-2.2.4.jar:/home/user/.m2/repository/com/jcraft/jsch/0.1.54/jsch-0.1.54.jar:/home/user/.m2/repository/org/apache/curator/curator-client/2.12.0/curator-client-2.12.0.jar:/home/user/.m2/repository/org/apache/curator/curator-recipes/2.12.0/curator-recipes-2.12.0.jar:/home/user/.m2/repository/com/google/code/findbugs/jsr305/3.0.0/jsr305-3.0.0.jar:/home/user/.m2/repository/org/apache/htrace/htrace-core4/4.1.0-incubating/htrace-core4-4.1.0-incubating.jar:/home/user/.m2/repository/org/apache/zookeeper/zookeeper/3.4.13/zookeeper-3.4.13.jar:/home/user/.m2/repository/org/apache/yetus/audience-annotations/0.5.0/audience-annotations-0.5.0.jar:/home/user/.m2/repository/org/codehaus/woodstox/stax2-api/3.1.4/stax2-api-3.1.4.jar:/home/user/.m2/repository/com/fasterxml/woodstox/woodstox-core/5.0.3/woodstox-core-5.0.3.jar:/home/user/.m2/repository/dnsjava/dnsjava/2.1.7/dnsjava-2.1.7.jar:/home/user/.m2/repository/org/apache/hadoop/hadoop-hdfs/3.2.0/hadoop-hdfs-3.2.0-tests.jar:/home/user/.m2/repository/org/eclipse/jetty/jetty-util-ajax/9.3.24.v20180605/jetty-util-ajax-9.3.24.v20180605.jar:/home/user/.m2/repository/commons-daemon/commons-daemon/1.0.13/commons-daemon-1.0.13.jar:/home/user/.m2/repository/io/netty/netty/3.10.5.Final/netty-3.10.5.Final.jar:/home/user/.m2/repository/io/netty/netty-all/4.0.52.Final/netty-all-4.0.52.Final.jar:/home/user/.m2/repository/org/fusesource/leveldbjni/leveldbjni-all/1.8/leveldbjni-all-1.8.jar:"/>
    <property name="sun.cpu.endian" value="little"/>
    <property name="user.home" value="/home/user"/>
    <property name="user.language" value="en"/>
    <property name="java.specification.vendor" value="Oracle Corporation"/>
    <property name="java.home" value="/usr/lib/jvm/java-1.8-openjdk/jre"/>
    <property name="java.security.krb5.conf" value="/workdir/hadoop-ozone/integration-test/target/test-classes/krb5.conf"/>
    <property name="basedir" value="/workdir/hadoop-ozone/integration-test"/>
    <property name="file.separator" value="/"/>
    <property name="line.separator" value="&#10;"/>
    <property name="java.vm.specification.vendor" value="Oracle Corporation"/>
    <property name="java.specification.name" value="Java Platform API Specification"/>
    <property name="java.awt.graphicsenv" value="sun.awt.X11GraphicsEnvironment"/>
    <property name="surefire.real.class.path" value="/workdir/hadoop-ozone/integration-test/target/surefire/surefirebooter6400559539595108996.jar"/>
    <property name="hadoop.log.dir" value="/workdir/hadoop-ozone/integration-test/target/log"/>
    <property name="sun.boot.class.path" value="/usr/lib/jvm/java-1.8-openjdk/jre/lib/resources.jar:/usr/lib/jvm/java-1.8-openjdk/jre/lib/rt.jar:/usr/lib/jvm/java-1.8-openjdk/jre/lib/sunrsasign.jar:/usr/lib/jvm/java-1.8-openjdk/jre/lib/jsse.jar:/usr/lib/jvm/java-1.8-openjdk/jre/lib/jce.jar:/usr/lib/jvm/java-1.8-openjdk/jre/lib/charsets.jar:/usr/lib/jvm/java-1.8-openjdk/jre/lib/jfr.jar:/usr/lib/jvm/java-1.8-openjdk/jre/classes"/>
    <property name="sun.management.compiler" value="HotSpot 64-Bit Tiered Compilers"/>
    <property name="java.runtime.version" value="1.8.0_212-b04"/>
    <property name="java.net.preferIPv4Stack" value="true"/>
    <property name="user.name" value="jenkins1000"/>
    <property name="path.separator" value=":"/>
    <property name="java.security.egd" value="file:///dev/urandom"/>
    <property name="os.version" value="3.10.0-957.12.2.el7.x86_64"/>
    <property name="java.endorsed.dirs" value="/usr/lib/jvm/java-1.8-openjdk/jre/lib/endorsed"/>
    <property name="java.runtime.name" value="OpenJDK Runtime Environment"/>
    <property name="file.encoding" value="UTF-8"/>
    <property name="java.vm.name" value="OpenJDK 64-Bit Server VM"/>
    <property name="test.build.webapps" value=""/>
    <property name="localRepository" value="/home/user/.m2/repository"/>
    <property name="java.vendor.url.bug" value="https://icedtea.classpath.org/bugzilla"/>
    <property name="java.io.tmpdir" value="/tmp"/>
    <property name="require.test.libhadoop" value=""/>
    <property name="java.version" value="1.8.0_212"/>
    <property name="user.dir" value="/workdir/hadoop-ozone/integration-test"/>
    <property name="os.arch" value="amd64"/>
    <property name="java.vm.specification.name" value="Java Virtual Machine Specification"/>
    <property name="test.build.classes" value="/workdir/hadoop-ozone/integration-test/target/test-classes"/>
    <property name="java.awt.printerjob" value="sun.print.PSPrinterJob"/>
    <property name="sun.os.patch.level" value="unknown"/>
    <property name="hadoop.tmp.dir" value="/workdir/hadoop-ozone/integration-test/target/tmp"/>
    <property name="java.library.path" value="/usr/lib/jvm/java-1.8-openjdk/jre/lib/amd64/server:/usr/lib/jvm/java-1.8-openjdk/jre/lib/amd64:/usr/lib/jvm/java-1.8-openjdk/jre/../lib/amd64:/workdir/hadoop-ozone/integration-test/target/native/target/usr/local/lib:/workdir/hadoop-ozone/integration-test/../../hadoop-common-project/hadoop-common/target/native/target/usr/local/lib:/usr/java/packages/lib/amd64:/usr/lib64:/lib64:/lib:/usr/lib"/>
    <property name="java.vm.info" value="mixed mode"/>
    <property name="java.vendor" value="IcedTea"/>
    <property name="java.vm.version" value="25.212-b04"/>
    <property name="java.ext.dirs" value="/usr/lib/jvm/java-1.8-openjdk/jre/lib/ext:/usr/java/packages/lib/ext"/>
    <property name="sun.io.unicode.encoding" value="UnicodeLittle"/>
    <property name="java.class.version" value="52.0"/>
  </properties>
  <testcase name="testBlockWriteViaRatis" classname="org.apache.hadoop.ozone.client.rpc.TestCloseContainerHandlingByClient" time="1.94">
    <error message="Allocated 0 blocks. Requested 1 blocks" type="INTERNAL_ERROR org.apache.hadoop.ozone.om.exceptions.OMException">INTERNAL_ERROR org.apache.hadoop.ozone.om.exceptions.OMException: Allocated 0 blocks. Requested 1 blocks
	at org.apache.hadoop.ozone.om.protocolPB.OzoneManagerProtocolClientSideTranslatorPB.handleError(OzoneManagerProtocolClientSideTranslatorPB.java:725)
	at org.apache.hadoop.ozone.om.protocolPB.OzoneManagerProtocolClientSideTranslatorPB.openKey(OzoneManagerProtocolClientSideTranslatorPB.java:716)
	at org.apache.hadoop.ozone.client.rpc.RpcClient.createKey(RpcClient.java:615)
	at org.apache.hadoop.ozone.client.OzoneBucket.createKey(OzoneBucket.java:323)
	at org.apache.hadoop.ozone.container.ContainerTestHelper.createKey(ContainerTestHelper.java:694)
	at org.apache.hadoop.ozone.client.rpc.TestCloseContainerHandlingByClient.createKey(TestCloseContainerHandlingByClient.java:396)
	at org.apache.hadoop.ozone.client.rpc.TestCloseContainerHandlingByClient.testBlockWriteViaRatis(TestCloseContainerHandlingByClient.java:407)
	at sun.reflect.NativeMethodAccessorImpl.invoke0(Native Method)
	at sun.reflect.NativeMethodAccessorImpl.invoke(NativeMethodAccessorImpl.java:62)
	at sun.reflect.DelegatingMethodAccessorImpl.invoke(DelegatingMethodAccessorImpl.java:43)
	at java.lang.reflect.Method.invoke(Method.java:498)
	at org.junit.runners.model.FrameworkMethod$1.runReflectiveCall(FrameworkMethod.java:47)
	at org.junit.internal.runners.model.ReflectiveCallable.run(ReflectiveCallable.java:12)
	at org.junit.runners.model.FrameworkMethod.invokeExplosively(FrameworkMethod.java:44)
	at org.junit.internal.runners.statements.InvokeMethod.evaluate(InvokeMethod.java:17)
	at org.junit.runners.ParentRunner.runLeaf(ParentRunner.java:271)
	at org.junit.runners.BlockJUnit4ClassRunner.runChild(BlockJUnit4ClassRunner.java:70)
	at org.junit.runners.BlockJUnit4ClassRunner.runChild(BlockJUnit4ClassRunner.java:50)
	at org.junit.runners.ParentRunner$3.run(ParentRunner.java:238)
	at org.junit.runners.ParentRunner$1.schedule(ParentRunner.java:63)
	at org.junit.runners.ParentRunner.runChildren(ParentRunner.java:236)
	at org.junit.runners.ParentRunner.access$000(ParentRunner.java:53)
	at org.junit.runners.ParentRunner$2.evaluate(ParentRunner.java:229)
	at org.junit.internal.runners.statements.RunBefores.evaluate(RunBefores.java:26)
	at org.junit.internal.runners.statements.RunAfters.evaluate(RunAfters.java:27)
	at org.junit.runners.ParentRunner.run(ParentRunner.java:309)
	at org.apache.maven.surefire.junit4.JUnit4Provider.execute(JUnit4Provider.java:365)
	at org.apache.maven.surefire.junit4.JUnit4Provider.executeWithRerun(JUnit4Provider.java:273)
	at org.apache.maven.surefire.junit4.JUnit4Provider.executeTestSet(JUnit4Provider.java:238)
	at org.apache.maven.surefire.junit4.JUnit4Provider.invoke(JUnit4Provider.java:159)
	at org.apache.maven.surefire.booter.ForkedBooter.invokeProviderInSameClassLoader(ForkedBooter.java:384)
	at org.apache.maven.surefire.booter.ForkedBooter.runSuitesInProcess(ForkedBooter.java:345)
	at org.apache.maven.surefire.booter.ForkedBooter.execute(ForkedBooter.java:126)
	at org.apache.maven.surefire.booter.ForkedBooter.main(ForkedBooter.java:418)
</error>
    <system-out><![CDATA[2019-09-12 10:31:39,689 [main] WARN  server.ServerUtils (ServerUtils.java:getScmDbDir(145)) - ozone.scm.db.dirs is not configured. We recommend adding this setting. Falling back to ozone.metadata.dirs instead.
2019-09-12 10:31:39,828 [main] WARN  server.ServerUtils (ServerUtils.java:getScmDbDir(145)) - ozone.scm.db.dirs is not configured. We recommend adding this setting. Falling back to ozone.metadata.dirs instead.
2019-09-12 10:31:39,832 [main] WARN  server.ServerUtils (ServerUtils.java:getScmDbDir(145)) - ozone.scm.db.dirs is not configured. We recommend adding this setting. Falling back to ozone.metadata.dirs instead.
2019-09-12 10:31:39,856 [main] INFO  util.log (Log.java:initialized(192)) - Logging initialized @981ms
2019-09-12 10:31:39,969 [main] INFO  db.DBStoreBuilder (DBStoreBuilder.java:addTable(110)) - using custom profile for table: deletedBlocks
2019-09-12 10:31:39,970 [main] INFO  db.DBStoreBuilder (DBStoreBuilder.java:processTables(161)) - Using default column profile:DBProfile.DISK for Table:deletedBlocks
2019-09-12 10:31:39,970 [main] INFO  db.DBStoreBuilder (DBStoreBuilder.java:addTable(110)) - using custom profile for table: validCerts
2019-09-12 10:31:39,970 [main] INFO  db.DBStoreBuilder (DBStoreBuilder.java:processTables(161)) - Using default column profile:DBProfile.DISK for Table:validCerts
2019-09-12 10:31:39,971 [main] INFO  db.DBStoreBuilder (DBStoreBuilder.java:addTable(110)) - using custom profile for table: revokedCerts
2019-09-12 10:31:39,971 [main] INFO  db.DBStoreBuilder (DBStoreBuilder.java:processTables(161)) - Using default column profile:DBProfile.DISK for Table:revokedCerts
2019-09-12 10:31:39,984 [main] INFO  db.DBStoreBuilder (DBStoreBuilder.java:addTable(110)) - using custom profile for table: default
2019-09-12 10:31:39,984 [main] INFO  db.DBStoreBuilder (DBStoreBuilder.java:processTables(167)) - Using default column profile:DBProfile.DISK for Table:default
2019-09-12 10:31:39,985 [main] INFO  db.DBStoreBuilder (DBStoreBuilder.java:getDbProfile(198)) - Using default options. DBProfile.DISK
2019-09-12 10:31:40,246 [main] INFO  net.NodeSchemaLoader (NodeSchemaLoader.java:loadSchemaFromFile(125)) - Loading file from sun.misc.CompoundEnumeration@5119fb47
2019-09-12 10:31:40,248 [main] INFO  net.NodeSchemaLoader (NodeSchemaLoader.java:loadSchema(171)) - Loading network topology layer schema file
2019-09-12 10:31:40,323 [main] INFO  node.SCMNodeManager (SCMNodeManager.java:<init>(121)) - Entering startup safe mode.
2019-09-12 10:31:40,402 [main] INFO  algorithms.ContainerPlacementPolicyFactory (ContainerPlacementPolicyFactory.java:getPolicy(56)) - Create container placement policy of type org.apache.hadoop.hdds.scm.container.placement.algorithms.SCMContainerPlacementRandom
2019-09-12 10:31:40,422 [main] WARN  server.ServerUtils (ServerUtils.java:getScmDbDir(145)) - ozone.scm.db.dirs is not configured. We recommend adding this setting. Falling back to ozone.metadata.dirs instead.
2019-09-12 10:31:40,508 [main] INFO  pipeline.SCMPipelineManager (SCMPipelineManager.java:initializePipelineState(126)) - No pipeline exists in current db
2019-09-12 10:31:40,512 [main] WARN  server.ServerUtils (ServerUtils.java:getScmDbDir(145)) - ozone.scm.db.dirs is not configured. We recommend adding this setting. Falling back to ozone.metadata.dirs instead.
2019-09-12 10:31:40,664 [main] WARN  events.EventQueue (EventQueue.java:fireEvent(175)) - No event handler registered for event TypedEvent{payloadType=SafeModeStatus, name='SafeModeStatus'}
2019-09-12 10:31:41,179 [main] INFO  ipc.CallQueueManager (CallQueueManager.java:<init>(84)) - Using callQueue: class java.util.concurrent.LinkedBlockingQueue, queueCapacity: 2000, scheduler: class org.apache.hadoop.ipc.DefaultRpcScheduler, ipcBackoff: false.
2019-09-12 10:31:41,612 [Socket Reader #1 for port 34062] INFO  ipc.Server (Server.java:run(1074)) - Starting Socket Reader #1 for port 34062
2019-09-12 10:31:41,647 [main] INFO  ipc.CallQueueManager (CallQueueManager.java:<init>(84)) - Using callQueue: class java.util.concurrent.LinkedBlockingQueue, queueCapacity: 2000, scheduler: class org.apache.hadoop.ipc.DefaultRpcScheduler, ipcBackoff: false.
2019-09-12 10:31:41,648 [Socket Reader #1 for port 38858] INFO  ipc.Server (Server.java:run(1074)) - Starting Socket Reader #1 for port 38858
2019-09-12 10:31:41,657 [main] INFO  ipc.CallQueueManager (CallQueueManager.java:<init>(84)) - Using callQueue: class java.util.concurrent.LinkedBlockingQueue, queueCapacity: 2000, scheduler: class org.apache.hadoop.ipc.DefaultRpcScheduler, ipcBackoff: false.
2019-09-12 10:31:41,658 [Socket Reader #1 for port 42684] INFO  ipc.Server (Server.java:run(1074)) - Starting Socket Reader #1 for port 42684
2019-09-12 10:31:41,680 [main] INFO  hdfs.DFSUtil (DFSUtil.java:httpServerTemplateForNNAndJN(1641)) - Starting Web-server for scm at: http://0.0.0.0:0
2019-09-12 10:31:41,838 [main] INFO  server.AuthenticationFilter (AuthenticationFilter.java:constructSecretProvider(240)) - Unable to initialize FileSignerSecretProvider, falling back to use random secrets.
2019-09-12 10:31:41,847 [main] WARN  http.HttpRequestLog (HttpRequestLog.java:getRequestLog(97)) - Jetty request log can only be enabled using Log4j
2019-09-12 10:31:41,855 [main] INFO  http.HttpServer2 (HttpServer2.java:addGlobalFilter(975)) - Added global filter 'safety' (class=org.apache.hadoop.http.HttpServer2$QuotingInputFilter)
2019-09-12 10:31:41,857 [main] INFO  http.HttpServer2 (HttpServer2.java:addFilter(948)) - Added filter static_user_filter (class=org.apache.hadoop.http.lib.StaticUserWebFilter$StaticUserFilter) to context scm
2019-09-12 10:31:41,857 [main] INFO  http.HttpServer2 (HttpServer2.java:addFilter(958)) - Added filter static_user_filter (class=org.apache.hadoop.http.lib.StaticUserWebFilter$StaticUserFilter) to context static
2019-09-12 10:31:41,858 [main] INFO  http.HttpServer2 (HttpServer2.java:addFilter(958)) - Added filter static_user_filter (class=org.apache.hadoop.http.lib.StaticUserWebFilter$StaticUserFilter) to context logs
2019-09-12 10:31:41,885 [main] INFO  server.StorageContainerManager (StorageContainerManager.java:start(759)) - StorageContainerLocationProtocol RPC server is listening at /0.0.0.0:42684
2019-09-12 10:31:41,945 [main] WARN  impl.MetricsConfig (MetricsConfig.java:loadFirst(134)) - Cannot locate configuration: tried hadoop-metrics2-storagecontainermanager.properties,hadoop-metrics2.properties
2019-09-12 10:31:41,958 [main] INFO  impl.MetricsSystemImpl (MetricsSystemImpl.java:startTimer(374)) - Scheduled Metric snapshot period at 10 second(s).
2019-09-12 10:31:41,958 [main] INFO  impl.MetricsSystemImpl (MetricsSystemImpl.java:start(191)) - StorageContainerManager metrics system started
2019-09-12 10:31:42,196 [main] INFO  server.SCMClientProtocolServer (SCMClientProtocolServer.java:start(151)) - RPC server for Client  is listening at /0.0.0.0:42684
2019-09-12 10:31:42,197 [IPC Server Responder] INFO  ipc.Server (Server.java:run(1314)) - IPC Server Responder: starting
2019-09-12 10:31:42,197 [IPC Server listener on 42684] INFO  ipc.Server (Server.java:run(1153)) - IPC Server listener on 42684: starting
2019-09-12 10:31:42,200 [main] INFO  server.StorageContainerManager (StorageContainerManager.java:start(769)) - ScmBlockLocationProtocol RPC server is listening at /0.0.0.0:38858
2019-09-12 10:31:42,200 [main] INFO  server.SCMBlockProtocolServer (SCMBlockProtocolServer.java:start(140)) - RPC server for Block Protocol is listening at /0.0.0.0:38858
2019-09-12 10:31:42,201 [IPC Server listener on 38858] INFO  ipc.Server (Server.java:run(1153)) - IPC Server listener on 38858: starting
2019-09-12 10:31:42,201 [IPC Server Responder] INFO  ipc.Server (Server.java:run(1314)) - IPC Server Responder: starting
2019-09-12 10:31:42,203 [main] INFO  server.StorageContainerManager (StorageContainerManager.java:start(773)) - ScmDatanodeProtocl RPC server is listening at /0.0.0.0:34062
2019-09-12 10:31:42,203 [main] INFO  server.SCMDatanodeProtocolServer (SCMDatanodeProtocolServer.java:start(191)) - RPC server for DataNodes is listening at /0.0.0.0:34062
2019-09-12 10:31:42,204 [IPC Server Responder] INFO  ipc.Server (Server.java:run(1314)) - IPC Server Responder: starting
2019-09-12 10:31:42,204 [IPC Server listener on 34062] INFO  ipc.Server (Server.java:run(1153)) - IPC Server listener on 34062: starting
2019-09-12 10:31:42,208 [main] INFO  http.HttpServer2 (HttpServer2.java:bindListener(1191)) - Jetty bound to port 42180
2019-09-12 10:31:42,210 [main] INFO  server.Server (Server.java:doStart(351)) - jetty-9.3.24.v20180605, build timestamp: 2018-06-05T17:11:56Z, git hash: 84205aa28f11a4f31f2a3b86d1bba2cc8ab69827
2019-09-12 10:31:42,249 [main] INFO  handler.ContextHandler (ContextHandler.java:doStart(781)) - Started o.e.j.s.ServletContextHandler@74a6a609{/logs,file:///workdir/hadoop-ozone/integration-test/target/log,AVAILABLE}
2019-09-12 10:31:42,250 [main] INFO  handler.ContextHandler (ContextHandler.java:doStart(781)) - Started o.e.j.s.ServletContextHandler@2374d36a{/static,file:///workdir/hadoop-ozone/integration-test/target/test-classes/webapps/static,AVAILABLE}
2019-09-12 10:31:42,285 [main] INFO  handler.ContextHandler (ContextHandler.java:doStart(781)) - Started o.e.j.w.WebAppContext@21a5fd96{/,file:///workdir/hadoop-ozone/integration-test/target/test-classes/webapps/scm/,AVAILABLE}{/scm}
2019-09-12 10:31:42,290 [main] INFO  server.AbstractConnector (AbstractConnector.java:doStart(278)) - Started ServerConnector@327120c8{HTTP/1.1,[http/1.1]}{0.0.0.0:42180}
2019-09-12 10:31:42,291 [main] INFO  server.Server (Server.java:doStart(419)) - Started @3415ms
2019-09-12 10:31:42,292 [main] INFO  server.BaseHttpServer (BaseHttpServer.java:updateConnectorAddress(213)) - HTTP server of SCM is listening at http://0.0.0.0:42180
2019-09-12 10:31:42,297 [org.apache.hadoop.util.JvmPauseMonitor$Monitor@2555fff0] INFO  util.JvmPauseMonitor (JvmPauseMonitor.java:run(188)) - Starting JVM pause monitor
2019-09-12 10:31:42,300 [main] WARN  server.ServerUtils (ServerUtils.java:getDBPath(222)) - ozone.om.db.dirs is not configured. We recommend adding this setting. Falling back to ozone.metadata.dirs instead.
2019-09-12 10:31:42,414 [main] WARN  server.ServerUtils (ServerUtils.java:getDBPath(222)) - ozone.om.db.dirs is not configured. We recommend adding this setting. Falling back to ozone.metadata.dirs instead.
2019-09-12 10:31:42,415 [main] WARN  server.ServerUtils (ServerUtils.java:getDBPath(222)) - ozone.om.db.dirs is not configured. We recommend adding this setting. Falling back to ozone.metadata.dirs instead.
2019-09-12 10:31:42,416 [main] INFO  om.OzoneManager (OzoneManager.java:setOMNodeDetails(645)) - OM Service ID is not set. Setting it to the default ID: omServiceIdDefault
2019-09-12 10:31:42,416 [main] INFO  om.OzoneManager (OzoneManager.java:setOMNodeDetails(651)) - OM Node ID is not set. Setting it to the OmStorage's OmID: 467526ad-80e3-4f05-9c69-d4baeb89eac3
2019-09-12 10:31:42,417 [main] INFO  om.OzoneManager (OzoneManager.java:loadOMHAConfigs(602)) - Found matching OM address with OMServiceId: null, OMNodeId: null, RPC Address: localhost:0 and Ratis port: 9872
2019-09-12 10:31:42,621 | INFO  | SCMAudit | user=jenkins1000 | ip=192.168.157.195 | op=GET_SCM_INFO null | ret=SUCCESS |  
2019-09-12 10:31:43,022 [main] WARN  server.ServerUtils (ServerUtils.java:getDBPath(222)) - ozone.om.db.dirs is not configured. We recommend adding this setting. Falling back to ozone.metadata.dirs instead.
2019-09-12 10:31:43,029 [main] INFO  db.DBStoreBuilder (DBStoreBuilder.java:addTable(110)) - using custom profile for table: userTable
2019-09-12 10:31:43,029 [main] INFO  db.DBStoreBuilder (DBStoreBuilder.java:processTables(161)) - Using default column profile:DBProfile.DISK for Table:userTable
2019-09-12 10:31:43,030 [main] INFO  db.DBStoreBuilder (DBStoreBuilder.java:addTable(110)) - using custom profile for table: volumeTable
2019-09-12 10:31:43,030 [main] INFO  db.DBStoreBuilder (DBStoreBuilder.java:processTables(161)) - Using default column profile:DBProfile.DISK for Table:volumeTable
2019-09-12 10:31:43,030 [main] INFO  db.DBStoreBuilder (DBStoreBuilder.java:addTable(110)) - using custom profile for table: bucketTable
2019-09-12 10:31:43,030 [main] INFO  db.DBStoreBuilder (DBStoreBuilder.java:processTables(161)) - Using default column profile:DBProfile.DISK for Table:bucketTable
2019-09-12 10:31:43,031 [main] INFO  db.DBStoreBuilder (DBStoreBuilder.java:addTable(110)) - using custom profile for table: keyTable
2019-09-12 10:31:43,031 [main] INFO  db.DBStoreBuilder (DBStoreBuilder.java:processTables(161)) - Using default column profile:DBProfile.DISK for Table:keyTable
2019-09-12 10:31:43,032 [main] INFO  db.DBStoreBuilder (DBStoreBuilder.java:addTable(110)) - using custom profile for table: deletedTable
2019-09-12 10:31:43,032 [main] INFO  db.DBStoreBuilder (DBStoreBuilder.java:processTables(161)) - Using default column profile:DBProfile.DISK for Table:deletedTable
2019-09-12 10:31:43,033 [main] INFO  db.DBStoreBuilder (DBStoreBuilder.java:addTable(110)) - using custom profile for table: openKeyTable
2019-09-12 10:31:43,033 [main] INFO  db.DBStoreBuilder (DBStoreBuilder.java:processTables(161)) - Using default column profile:DBProfile.DISK for Table:openKeyTable
2019-09-12 10:31:43,033 [main] INFO  db.DBStoreBuilder (DBStoreBuilder.java:addTable(110)) - using custom profile for table: s3Table
2019-09-12 10:31:43,034 [main] INFO  db.DBStoreBuilder (DBStoreBuilder.java:processTables(161)) - Using default column profile:DBProfile.DISK for Table:s3Table
2019-09-12 10:31:43,034 [main] INFO  db.DBStoreBuilder (DBStoreBuilder.java:addTable(110)) - using custom profile for table: multipartInfoTable
2019-09-12 10:31:43,034 [main] INFO  db.DBStoreBuilder (DBStoreBuilder.java:processTables(161)) - Using default column profile:DBProfile.DISK for Table:multipartInfoTable
2019-09-12 10:31:43,035 [main] INFO  db.DBStoreBuilder (DBStoreBuilder.java:addTable(110)) - using custom profile for table: dTokenTable
2019-09-12 10:31:43,035 [main] INFO  db.DBStoreBuilder (DBStoreBuilder.java:processTables(161)) - Using default column profile:DBProfile.DISK for Table:dTokenTable
2019-09-12 10:31:43,036 [main] INFO  db.DBStoreBuilder (DBStoreBuilder.java:addTable(110)) - using custom profile for table: s3SecretTable
2019-09-12 10:31:43,036 [main] INFO  db.DBStoreBuilder (DBStoreBuilder.java:processTables(161)) - Using default column profile:DBProfile.DISK for Table:s3SecretTable
2019-09-12 10:31:43,036 [main] INFO  db.DBStoreBuilder (DBStoreBuilder.java:addTable(110)) - using custom profile for table: prefixTable
2019-09-12 10:31:43,037 [main] INFO  db.DBStoreBuilder (DBStoreBuilder.java:processTables(161)) - Using default column profile:DBProfile.DISK for Table:prefixTable
2019-09-12 10:31:43,037 [main] INFO  db.DBStoreBuilder (DBStoreBuilder.java:addTable(110)) - using custom profile for table: default
2019-09-12 10:31:43,037 [main] INFO  db.DBStoreBuilder (DBStoreBuilder.java:processTables(167)) - Using default column profile:DBProfile.DISK for Table:default
2019-09-12 10:31:43,038 [main] INFO  db.DBStoreBuilder (DBStoreBuilder.java:getDbProfile(198)) - Using default options. DBProfile.DISK
2019-09-12 10:31:43,507 [main] INFO  ipc.CallQueueManager (CallQueueManager.java:<init>(84)) - Using callQueue: class java.util.concurrent.LinkedBlockingQueue, queueCapacity: 2000, scheduler: class org.apache.hadoop.ipc.DefaultRpcScheduler, ipcBackoff: false.
2019-09-12 10:31:43,508 [Socket Reader #1 for port 40924] INFO  ipc.Server (Server.java:run(1074)) - Starting Socket Reader #1 for port 40924
2019-09-12 10:31:43,529 [main] INFO  om.OzoneManager (OzoneManager.java:start(1256)) - OzoneManager RPC server is listening at localhost/127.0.0.1:40924
2019-09-12 10:31:43,529 [main] INFO  impl.MetricsSystemImpl (MetricsSystemImpl.java:init(158)) - OzoneManager metrics system started (again)
2019-09-12 10:31:43,531 [IPC Server Responder] INFO  ipc.Server (Server.java:run(1314)) - IPC Server Responder: starting
2019-09-12 10:31:43,531 [IPC Server listener on 40924] INFO  ipc.Server (Server.java:run(1153)) - IPC Server listener on 40924: starting
2019-09-12 10:31:43,536 [main] INFO  hdfs.DFSUtil (DFSUtil.java:httpServerTemplateForNNAndJN(1641)) - Starting Web-server for ozoneManager at: http://0.0.0.0:0
2019-09-12 10:31:43,539 [main] INFO  server.AuthenticationFilter (AuthenticationFilter.java:constructSecretProvider(240)) - Unable to initialize FileSignerSecretProvider, falling back to use random secrets.
2019-09-12 10:31:43,539 [main] WARN  http.HttpRequestLog (HttpRequestLog.java:getRequestLog(97)) - Jetty request log can only be enabled using Log4j
2019-09-12 10:31:43,542 [main] INFO  http.HttpServer2 (HttpServer2.java:addGlobalFilter(975)) - Added global filter 'safety' (class=org.apache.hadoop.http.HttpServer2$QuotingInputFilter)
2019-09-12 10:31:43,543 [main] INFO  http.HttpServer2 (HttpServer2.java:addFilter(948)) - Added filter static_user_filter (class=org.apache.hadoop.http.lib.StaticUserWebFilter$StaticUserFilter) to context ozoneManager
2019-09-12 10:31:43,544 [main] INFO  http.HttpServer2 (HttpServer2.java:addFilter(958)) - Added filter static_user_filter (class=org.apache.hadoop.http.lib.StaticUserWebFilter$StaticUserFilter) to context static
2019-09-12 10:31:43,544 [main] INFO  http.HttpServer2 (HttpServer2.java:addFilter(958)) - Added filter static_user_filter (class=org.apache.hadoop.http.lib.StaticUserWebFilter$StaticUserFilter) to context logs
2019-09-12 10:31:43,547 [main] INFO  http.HttpServer2 (HttpServer2.java:bindListener(1191)) - Jetty bound to port 46192
2019-09-12 10:31:43,547 [main] INFO  server.Server (Server.java:doStart(351)) - jetty-9.3.24.v20180605, build timestamp: 2018-06-05T17:11:56Z, git hash: 84205aa28f11a4f31f2a3b86d1bba2cc8ab69827
2019-09-12 10:31:43,550 [main] INFO  handler.ContextHandler (ContextHandler.java:doStart(781)) - Started o.e.j.s.ServletContextHandler@51ec2df1{/logs,file:///workdir/hadoop-ozone/integration-test/target/log,AVAILABLE}
2019-09-12 10:31:43,550 [main] INFO  handler.ContextHandler (ContextHandler.java:doStart(781)) - Started o.e.j.s.ServletContextHandler@15fa55a6{/static,file:///workdir/hadoop-ozone/integration-test/target/test-classes/webapps/static,AVAILABLE}
2019-09-12 10:31:43,711 [main] INFO  handler.ContextHandler (ContextHandler.java:doStart(781)) - Started o.e.j.w.WebAppContext@61f3fbb8{/,file:///workdir/hadoop-ozone/integration-test/target/test-classes/webapps/ozoneManager/,AVAILABLE}{/ozoneManager}
2019-09-12 10:31:43,713 [main] INFO  server.AbstractConnector (AbstractConnector.java:doStart(278)) - Started ServerConnector@7551da2a{HTTP/1.1,[http/1.1]}{0.0.0.0:46192}
2019-09-12 10:31:43,714 [main] INFO  server.Server (Server.java:doStart(419)) - Started @4838ms
2019-09-12 10:31:43,716 [main] INFO  server.BaseHttpServer (BaseHttpServer.java:updateConnectorAddress(213)) - HTTP server of OZONEMANAGER is listening at http://0.0.0.0:46192
2019-09-12 10:31:43,933 [main] INFO  impl.MetricsSystemImpl (MetricsSystemImpl.java:init(158)) - HddsDatanode metrics system started (again)
2019-09-12 10:31:44,054 [main] INFO  ozone.HddsDatanodeService (HddsDatanodeService.java:start(184)) - HddsDatanodeService host:pr-hdds-1569-xtfnx-3545843844 ip:192.168.157.195
2019-09-12 10:31:44,088 [main] INFO  volume.HddsVolume (HddsVolume.java:<init>(176)) - Creating Volume: /workdir/hadoop-ozone/integration-test/target/test-dir/MiniOzoneClusterImpl-8f4fcaf0-4acb-4edc-87bf-94a207340594/datanode-0/data/containers/hdds of  storage type : DISK and capacity : 1482555576320
2019-09-12 10:31:44,090 [main] INFO  volume.VolumeSet (VolumeSet.java:initializeVolumeSet(170)) - Added Volume : /workdir/hadoop-ozone/integration-test/target/test-dir/MiniOzoneClusterImpl-8f4fcaf0-4acb-4edc-87bf-94a207340594/datanode-0/data/containers/hdds to VolumeSet
2019-09-12 10:31:44,093 [main] INFO  volume.ThrottledAsyncChecker (ThrottledAsyncChecker.java:schedule(140)) - Scheduling a check for org.apache.hadoop.ozone.container.common.volume.HddsVolume@60acd609
2019-09-12 10:31:44,110 [main] INFO  volume.HddsVolumeChecker (HddsVolumeChecker.java:checkAllVolumes(203)) - Scheduled health check for volume org.apache.hadoop.ozone.container.common.volume.HddsVolume@60acd609
2019-09-12 10:31:44,205 [main] INFO  impl.RaftServerProxy (ConfUtils.java:logGet(43)) - raft.rpc.type = GRPC (default)
2019-09-12 10:31:44,259 [main] INFO  grpc.GrpcFactory (GrpcFactory.java:checkPooledByteBufAllocatorUseCacheForAllThreads(45)) - PERFORMANCE WARNING: useCacheForAllThreads is true that may cause Netty to create a lot garbage objects and, as a result, trigger GC.
	It is recommended to disable useCacheForAllThreads by setting -Dorg.apache.ratis.thirdparty.io.netty.allocator.useCacheForAllThreads=false in command line.
2019-09-12 10:31:44,263 [main] INFO  grpc.GrpcConfigKeys$Server (ConfUtils.java:logGet(43)) - raft.grpc.server.port = 0 (default)
2019-09-12 10:31:44,263 [main] INFO  server.GrpcService (ConfUtils.java:logGet(43)) - raft.grpc.message.size.max = 33570816 (custom)
2019-09-12 10:31:44,265 [main] INFO  server.RaftServerConfigKeys (ConfUtils.java:logGet(43)) - raft.server.log.appender.buffer.byte-limit = 33554432 (custom)
2019-09-12 10:31:44,265 [main] INFO  server.GrpcService (ConfUtils.java:logGet(43)) - raft.grpc.flow.control.window = 1MB (=1048576) (default)
2019-09-12 10:31:44,266 [main] INFO  server.RaftServerConfigKeys (ConfUtils.java:logGet(43)) - raft.server.rpc.request.timeout = 3000ms (default)
2019-09-12 10:31:44,456 [main] INFO  server.RaftServerConfigKeys (ConfUtils.java:logGet(43)) - raft.server.storage.dir = [/workdir/hadoop-ozone/integration-test/target/test-dir/MiniOzoneClusterImpl-8f4fcaf0-4acb-4edc-87bf-94a207340594/datanode-0/data/ratis] (custom)
2019-09-12 10:31:44,492 [main] INFO  replication.SimpleContainerDownloader (SimpleContainerDownloader.java:<init>(72)) - Starting container downloader service to copy containers to replicate.
2019-09-12 10:31:44,504 [main] INFO  hdfs.DFSUtil (DFSUtil.java:httpServerTemplateForNNAndJN(1641)) - Starting Web-server for hddsDatanode at: http://0.0.0.0:0
2019-09-12 10:31:44,507 [main] INFO  server.AuthenticationFilter (AuthenticationFilter.java:constructSecretProvider(240)) - Unable to initialize FileSignerSecretProvider, falling back to use random secrets.
2019-09-12 10:31:44,508 [main] WARN  http.HttpRequestLog (HttpRequestLog.java:getRequestLog(97)) - Jetty request log can only be enabled using Log4j
2019-09-12 10:31:44,511 [main] INFO  http.HttpServer2 (HttpServer2.java:addGlobalFilter(975)) - Added global filter 'safety' (class=org.apache.hadoop.http.HttpServer2$QuotingInputFilter)
2019-09-12 10:31:44,512 [main] INFO  http.HttpServer2 (HttpServer2.java:addFilter(948)) - Added filter static_user_filter (class=org.apache.hadoop.http.lib.StaticUserWebFilter$StaticUserFilter) to context hddsDatanode
2019-09-12 10:31:44,512 [main] INFO  http.HttpServer2 (HttpServer2.java:addFilter(958)) - Added filter static_user_filter (class=org.apache.hadoop.http.lib.StaticUserWebFilter$StaticUserFilter) to context logs
2019-09-12 10:31:44,513 [main] INFO  http.HttpServer2 (HttpServer2.java:addFilter(958)) - Added filter static_user_filter (class=org.apache.hadoop.http.lib.StaticUserWebFilter$StaticUserFilter) to context static
2019-09-12 10:31:44,514 [main] INFO  http.HttpServer2 (HttpServer2.java:bindListener(1191)) - Jetty bound to port 36152
2019-09-12 10:31:44,514 [main] INFO  server.Server (Server.java:doStart(351)) - jetty-9.3.24.v20180605, build timestamp: 2018-06-05T17:11:56Z, git hash: 84205aa28f11a4f31f2a3b86d1bba2cc8ab69827
2019-09-12 10:31:44,517 [main] INFO  handler.ContextHandler (ContextHandler.java:doStart(781)) - Started o.e.j.s.ServletContextHandler@561b7d53{/logs,file:///workdir/hadoop-ozone/integration-test/target/log,AVAILABLE}
2019-09-12 10:31:44,518 [main] INFO  handler.ContextHandler (ContextHandler.java:doStart(781)) - Started o.e.j.s.ServletContextHandler@1dc3502b{/static,jar:file:/home/user/.m2/repository/org/apache/hadoop/hadoop-hdds-container-service/0.5.0-SNAPSHOT/hadoop-hdds-container-service-0.5.0-SNAPSHOT.jar!/webapps/static,AVAILABLE}
2019-09-12 10:31:44,569 [main] INFO  handler.ContextHandler (ContextHandler.java:doStart(781)) - Started o.e.j.w.WebAppContext@58ba5b30{/,file:///tmp/jetty-0.0.0.0-36152-hddsDatanode-_-any-5952175393236121858.dir/webapp/,AVAILABLE}{/hddsDatanode}
2019-09-12 10:31:44,570 [main] INFO  server.AbstractConnector (AbstractConnector.java:doStart(278)) - Started ServerConnector@4dba773d{HTTP/1.1,[http/1.1]}{0.0.0.0:36152}
2019-09-12 10:31:44,571 [main] INFO  server.Server (Server.java:doStart(419)) - Started @5695ms
2019-09-12 10:31:44,572 [main] INFO  server.BaseHttpServer (BaseHttpServer.java:updateConnectorAddress(213)) - HTTP server of HDDSDATANODE is listening at http://0.0.0.0:36152
2019-09-12 10:31:45,802 | INFO  | ObjectStoreRestHttpServer | Listening HDDS REST traffic on /0.0.0.0:39847 |  
2019-09-12 10:31:45,804 [main] INFO  ozone.HddsDatanodeService (HddsDatanodeService.java:startPlugins(395)) - Started plug-in org.apache.hadoop.ozone.web.OzoneHddsDatanodeService@6e8fdd19
2019-09-12 10:31:45,805 [main] INFO  impl.MetricsSystemImpl (MetricsSystemImpl.java:init(158)) - HddsDatanode metrics system started (again)
2019-09-12 10:31:45,810 [main] INFO  ozone.HddsDatanodeService (HddsDatanodeService.java:start(184)) - HddsDatanodeService host:pr-hdds-1569-xtfnx-3545843844 ip:192.168.157.195
2019-09-12 10:31:45,812 [org.apache.hadoop.util.JvmPauseMonitor$Monitor@1b9c21f2] INFO  util.JvmPauseMonitor (JvmPauseMonitor.java:run(188)) - Starting JVM pause monitor
2019-09-12 10:31:45,822 [main] INFO  volume.HddsVolume (HddsVolume.java:<init>(176)) - Creating Volume: /workdir/hadoop-ozone/integration-test/target/test-dir/MiniOzoneClusterImpl-8f4fcaf0-4acb-4edc-87bf-94a207340594/datanode-1/data/containers/hdds of  storage type : DISK and capacity : 1482555576320
2019-09-12 10:31:45,822 [main] INFO  volume.VolumeSet (VolumeSet.java:initializeVolumeSet(170)) - Added Volume : /workdir/hadoop-ozone/integration-test/target/test-dir/MiniOzoneClusterImpl-8f4fcaf0-4acb-4edc-87bf-94a207340594/datanode-1/data/containers/hdds to VolumeSet
2019-09-12 10:31:45,823 [main] INFO  volume.ThrottledAsyncChecker (ThrottledAsyncChecker.java:schedule(140)) - Scheduling a check for org.apache.hadoop.ozone.container.common.volume.HddsVolume@613f7eb7
2019-09-12 10:31:45,824 [main] INFO  volume.HddsVolumeChecker (HddsVolumeChecker.java:checkAllVolumes(203)) - Scheduled health check for volume org.apache.hadoop.ozone.container.common.volume.HddsVolume@613f7eb7
2019-09-12 10:31:45,842 [main] INFO  impl.RaftServerProxy (ConfUtils.java:logGet(43)) - raft.rpc.type = GRPC (default)
2019-09-12 10:31:45,842 [main] INFO  grpc.GrpcFactory (GrpcFactory.java:checkPooledByteBufAllocatorUseCacheForAllThreads(45)) - PERFORMANCE WARNING: useCacheForAllThreads is true that may cause Netty to create a lot garbage objects and, as a result, trigger GC.
	It is recommended to disable useCacheForAllThreads by setting -Dorg.apache.ratis.thirdparty.io.netty.allocator.useCacheForAllThreads=false in command line.
2019-09-12 10:31:45,844 [main] INFO  grpc.GrpcConfigKeys$Server (ConfUtils.java:logGet(43)) - raft.grpc.server.port = 0 (default)
2019-09-12 10:31:45,844 [main] INFO  server.GrpcService (ConfUtils.java:logGet(43)) - raft.grpc.message.size.max = 33570816 (custom)
2019-09-12 10:31:45,844 [main] INFO  server.RaftServerConfigKeys (ConfUtils.java:logGet(43)) - raft.server.log.appender.buffer.byte-limit = 33554432 (custom)
2019-09-12 10:31:45,844 [main] INFO  server.GrpcService (ConfUtils.java:logGet(43)) - raft.grpc.flow.control.window = 1MB (=1048576) (default)
2019-09-12 10:31:45,845 [main] INFO  server.RaftServerConfigKeys (ConfUtils.java:logGet(43)) - raft.server.rpc.request.timeout = 3000ms (default)
2019-09-12 10:31:45,846 [main] INFO  server.RaftServerConfigKeys (ConfUtils.java:logGet(43)) - raft.server.storage.dir = [/workdir/hadoop-ozone/integration-test/target/test-dir/MiniOzoneClusterImpl-8f4fcaf0-4acb-4edc-87bf-94a207340594/datanode-1/data/ratis] (custom)
2019-09-12 10:31:45,846 [main] INFO  replication.SimpleContainerDownloader (SimpleContainerDownloader.java:<init>(72)) - Starting container downloader service to copy containers to replicate.
2019-09-12 10:31:45,848 [main] INFO  hdfs.DFSUtil (DFSUtil.java:httpServerTemplateForNNAndJN(1641)) - Starting Web-server for hddsDatanode at: http://0.0.0.0:0
2019-09-12 10:31:45,850 [main] INFO  server.AuthenticationFilter (AuthenticationFilter.java:constructSecretProvider(240)) - Unable to initialize FileSignerSecretProvider, falling back to use random secrets.
2019-09-12 10:31:45,851 [main] WARN  http.HttpRequestLog (HttpRequestLog.java:getRequestLog(97)) - Jetty request log can only be enabled using Log4j
2019-09-12 10:31:45,852 [main] INFO  http.HttpServer2 (HttpServer2.java:addGlobalFilter(975)) - Added global filter 'safety' (class=org.apache.hadoop.http.HttpServer2$QuotingInputFilter)
2019-09-12 10:31:45,853 [main] INFO  http.HttpServer2 (HttpServer2.java:addFilter(948)) - Added filter static_user_filter (class=org.apache.hadoop.http.lib.StaticUserWebFilter$StaticUserFilter) to context hddsDatanode
2019-09-12 10:31:45,853 [main] INFO  http.HttpServer2 (HttpServer2.java:addFilter(958)) - Added filter static_user_filter (class=org.apache.hadoop.http.lib.StaticUserWebFilter$StaticUserFilter) to context logs
2019-09-12 10:31:45,853 [main] INFO  http.HttpServer2 (HttpServer2.java:addFilter(958)) - Added filter static_user_filter (class=org.apache.hadoop.http.lib.StaticUserWebFilter$StaticUserFilter) to context static
2019-09-12 10:31:45,854 [main] INFO  http.HttpServer2 (HttpServer2.java:bindListener(1191)) - Jetty bound to port 33851
2019-09-12 10:31:45,855 [main] INFO  server.Server (Server.java:doStart(351)) - jetty-9.3.24.v20180605, build timestamp: 2018-06-05T17:11:56Z, git hash: 84205aa28f11a4f31f2a3b86d1bba2cc8ab69827
2019-09-12 10:31:45,859 [main] INFO  handler.ContextHandler (ContextHandler.java:doStart(781)) - Started o.e.j.s.ServletContextHandler@4b55ff0a{/logs,file:///workdir/hadoop-ozone/integration-test/target/log,AVAILABLE}
2019-09-12 10:31:45,860 [main] INFO  handler.ContextHandler (ContextHandler.java:doStart(781)) - Started o.e.j.s.ServletContextHandler@256a0d95{/static,jar:file:/home/user/.m2/repository/org/apache/hadoop/hadoop-hdds-container-service/0.5.0-SNAPSHOT/hadoop-hdds-container-service-0.5.0-SNAPSHOT.jar!/webapps/static,AVAILABLE}
2019-09-12 10:31:45,893 [main] INFO  handler.ContextHandler (ContextHandler.java:doStart(781)) - Started o.e.j.w.WebAppContext@4aebee4b{/,file:///tmp/jetty-0.0.0.0-33851-hddsDatanode-_-any-2304120697904154351.dir/webapp/,AVAILABLE}{/hddsDatanode}
2019-09-12 10:31:45,893 [main] INFO  server.AbstractConnector (AbstractConnector.java:doStart(278)) - Started ServerConnector@18d47df0{HTTP/1.1,[http/1.1]}{0.0.0.0:33851}
2019-09-12 10:31:45,895 [main] INFO  server.Server (Server.java:doStart(419)) - Started @7020ms
2019-09-12 10:31:45,896 [main] INFO  server.BaseHttpServer (BaseHttpServer.java:updateConnectorAddress(213)) - HTTP server of HDDSDATANODE is listening at http://0.0.0.0:33851
2019-09-12 10:31:45,923 [Datanode State Machine Thread - 0] INFO  datanode.InitDatanodeState (InitDatanodeState.java:persistContainerDatanodeDetails(140)) - DatanodeDetails is persisted to /workdir/hadoop-ozone/integration-test/target/test-dir/MiniOzoneClusterImpl-8f4fcaf0-4acb-4edc-87bf-94a207340594/datanode-0/meta/datanode.id
2019-09-12 10:31:46,053 | INFO  | ObjectStoreRestHttpServer | Listening HDDS REST traffic on /0.0.0.0:44058 |  
2019-09-12 10:31:46,054 [main] INFO  ozone.HddsDatanodeService (HddsDatanodeService.java:startPlugins(395)) - Started plug-in org.apache.hadoop.ozone.web.OzoneHddsDatanodeService@3a296107
2019-09-12 10:31:46,054 [main] INFO  impl.MetricsSystemImpl (MetricsSystemImpl.java:init(158)) - HddsDatanode metrics system started (again)
2019-09-12 10:31:46,058 [main] INFO  ozone.HddsDatanodeService (HddsDatanodeService.java:start(184)) - HddsDatanodeService host:pr-hdds-1569-xtfnx-3545843844 ip:192.168.157.195
2019-09-12 10:31:46,058 [org.apache.hadoop.util.JvmPauseMonitor$Monitor@7e8afcd2] INFO  util.JvmPauseMonitor (JvmPauseMonitor.java:run(188)) - Starting JVM pause monitor
2019-09-12 10:31:46,065 [Datanode State Machine Thread - 0] INFO  datanode.InitDatanodeState (InitDatanodeState.java:persistContainerDatanodeDetails(140)) - DatanodeDetails is persisted to /workdir/hadoop-ozone/integration-test/target/test-dir/MiniOzoneClusterImpl-8f4fcaf0-4acb-4edc-87bf-94a207340594/datanode-1/meta/datanode.id
2019-09-12 10:31:46,071 [main] INFO  volume.HddsVolume (HddsVolume.java:<init>(176)) - Creating Volume: /workdir/hadoop-ozone/integration-test/target/test-dir/MiniOzoneClusterImpl-8f4fcaf0-4acb-4edc-87bf-94a207340594/datanode-2/data/containers/hdds of  storage type : DISK and capacity : 1482555576320
2019-09-12 10:31:46,071 [main] INFO  volume.VolumeSet (VolumeSet.java:initializeVolumeSet(170)) - Added Volume : /workdir/hadoop-ozone/integration-test/target/test-dir/MiniOzoneClusterImpl-8f4fcaf0-4acb-4edc-87bf-94a207340594/datanode-2/data/containers/hdds to VolumeSet
2019-09-12 10:31:46,072 [main] INFO  volume.ThrottledAsyncChecker (ThrottledAsyncChecker.java:schedule(140)) - Scheduling a check for org.apache.hadoop.ozone.container.common.volume.HddsVolume@7a84788f
2019-09-12 10:31:46,073 [main] INFO  volume.HddsVolumeChecker (HddsVolumeChecker.java:checkAllVolumes(203)) - Scheduled health check for volume org.apache.hadoop.ozone.container.common.volume.HddsVolume@7a84788f
2019-09-12 10:31:46,095 [main] INFO  impl.RaftServerProxy (ConfUtils.java:logGet(43)) - raft.rpc.type = GRPC (default)
2019-09-12 10:31:46,095 [main] INFO  grpc.GrpcFactory (GrpcFactory.java:checkPooledByteBufAllocatorUseCacheForAllThreads(45)) - PERFORMANCE WARNING: useCacheForAllThreads is true that may cause Netty to create a lot garbage objects and, as a result, trigger GC.
	It is recommended to disable useCacheForAllThreads by setting -Dorg.apache.ratis.thirdparty.io.netty.allocator.useCacheForAllThreads=false in command line.
2019-09-12 10:31:46,095 [main] INFO  grpc.GrpcConfigKeys$Server (ConfUtils.java:logGet(43)) - raft.grpc.server.port = 0 (default)
2019-09-12 10:31:46,096 [main] INFO  server.GrpcService (ConfUtils.java:logGet(43)) - raft.grpc.message.size.max = 33570816 (custom)
2019-09-12 10:31:46,096 [main] INFO  server.RaftServerConfigKeys (ConfUtils.java:logGet(43)) - raft.server.log.appender.buffer.byte-limit = 33554432 (custom)
2019-09-12 10:31:46,096 [main] INFO  server.GrpcService (ConfUtils.java:logGet(43)) - raft.grpc.flow.control.window = 1MB (=1048576) (default)
2019-09-12 10:31:46,097 [main] INFO  server.RaftServerConfigKeys (ConfUtils.java:logGet(43)) - raft.server.rpc.request.timeout = 3000ms (default)
2019-09-12 10:31:46,097 [main] INFO  server.RaftServerConfigKeys (ConfUtils.java:logGet(43)) - raft.server.storage.dir = [/workdir/hadoop-ozone/integration-test/target/test-dir/MiniOzoneClusterImpl-8f4fcaf0-4acb-4edc-87bf-94a207340594/datanode-2/data/ratis] (custom)
2019-09-12 10:31:46,099 [main] INFO  replication.SimpleContainerDownloader (SimpleContainerDownloader.java:<init>(72)) - Starting container downloader service to copy containers to replicate.
2019-09-12 10:31:46,100 [main] INFO  hdfs.DFSUtil (DFSUtil.java:httpServerTemplateForNNAndJN(1641)) - Starting Web-server for hddsDatanode at: http://0.0.0.0:0
2019-09-12 10:31:46,102 [main] INFO  server.AuthenticationFilter (AuthenticationFilter.java:constructSecretProvider(240)) - Unable to initialize FileSignerSecretProvider, falling back to use random secrets.
2019-09-12 10:31:46,102 [main] WARN  http.HttpRequestLog (HttpRequestLog.java:getRequestLog(97)) - Jetty request log can only be enabled using Log4j
2019-09-12 10:31:46,104 [main] INFO  http.HttpServer2 (HttpServer2.java:addGlobalFilter(975)) - Added global filter 'safety' (class=org.apache.hadoop.http.HttpServer2$QuotingInputFilter)
2019-09-12 10:31:46,105 [main] INFO  http.HttpServer2 (HttpServer2.java:addFilter(948)) - Added filter static_user_filter (class=org.apache.hadoop.http.lib.StaticUserWebFilter$StaticUserFilter) to context hddsDatanode
2019-09-12 10:31:46,106 [main] INFO  http.HttpServer2 (HttpServer2.java:addFilter(958)) - Added filter static_user_filter (class=org.apache.hadoop.http.lib.StaticUserWebFilter$StaticUserFilter) to context logs
2019-09-12 10:31:46,106 [main] INFO  http.HttpServer2 (HttpServer2.java:addFilter(958)) - Added filter static_user_filter (class=org.apache.hadoop.http.lib.StaticUserWebFilter$StaticUserFilter) to context static
2019-09-12 10:31:46,107 [main] INFO  http.HttpServer2 (HttpServer2.java:bindListener(1191)) - Jetty bound to port 34670
2019-09-12 10:31:46,107 [main] INFO  server.Server (Server.java:doStart(351)) - jetty-9.3.24.v20180605, build timestamp: 2018-06-05T17:11:56Z, git hash: 84205aa28f11a4f31f2a3b86d1bba2cc8ab69827
2019-09-12 10:31:46,109 [main] INFO  handler.ContextHandler (ContextHandler.java:doStart(781)) - Started o.e.j.s.ServletContextHandler@4966bab1{/logs,file:///workdir/hadoop-ozone/integration-test/target/log,AVAILABLE}
2019-09-12 10:31:46,110 [main] INFO  handler.ContextHandler (ContextHandler.java:doStart(781)) - Started o.e.j.s.ServletContextHandler@6df4af5{/static,jar:file:/home/user/.m2/repository/org/apache/hadoop/hadoop-hdds-container-service/0.5.0-SNAPSHOT/hadoop-hdds-container-service-0.5.0-SNAPSHOT.jar!/webapps/static,AVAILABLE}
2019-09-12 10:31:46,147 [main] INFO  handler.ContextHandler (ContextHandler.java:doStart(781)) - Started o.e.j.w.WebAppContext@1d289d3f{/,file:///tmp/jetty-0.0.0.0-34670-hddsDatanode-_-any-3699333429071871462.dir/webapp/,AVAILABLE}{/hddsDatanode}
2019-09-12 10:31:46,148 [main] INFO  server.AbstractConnector (AbstractConnector.java:doStart(278)) - Started ServerConnector@10f405ff{HTTP/1.1,[http/1.1]}{0.0.0.0:34670}
2019-09-12 10:31:46,149 [main] INFO  server.Server (Server.java:doStart(419)) - Started @7273ms
2019-09-12 10:31:46,151 [main] INFO  server.BaseHttpServer (BaseHttpServer.java:updateConnectorAddress(213)) - HTTP server of HDDSDATANODE is listening at http://0.0.0.0:34670
2019-09-12 10:31:46,304 | INFO  | ObjectStoreRestHttpServer | Listening HDDS REST traffic on /0.0.0.0:39011 |  
2019-09-12 10:31:46,304 [main] INFO  ozone.HddsDatanodeService (HddsDatanodeService.java:startPlugins(395)) - Started plug-in org.apache.hadoop.ozone.web.OzoneHddsDatanodeService@64f4f12
2019-09-12 10:31:46,304 [main] INFO  impl.MetricsSystemImpl (MetricsSystemImpl.java:init(158)) - HddsDatanode metrics system started (again)
2019-09-12 10:31:46,307 [main] INFO  ozone.HddsDatanodeService (HddsDatanodeService.java:start(184)) - HddsDatanodeService host:pr-hdds-1569-xtfnx-3545843844 ip:192.168.157.195
2019-09-12 10:31:46,308 [org.apache.hadoop.util.JvmPauseMonitor$Monitor@2d4c45f5] INFO  util.JvmPauseMonitor (JvmPauseMonitor.java:run(188)) - Starting JVM pause monitor
2019-09-12 10:31:46,311 [Datanode State Machine Thread - 0] INFO  datanode.InitDatanodeState (InitDatanodeState.java:persistContainerDatanodeDetails(140)) - DatanodeDetails is persisted to /workdir/hadoop-ozone/integration-test/target/test-dir/MiniOzoneClusterImpl-8f4fcaf0-4acb-4edc-87bf-94a207340594/datanode-2/meta/datanode.id
2019-09-12 10:31:46,316 [main] INFO  volume.HddsVolume (HddsVolume.java:<init>(176)) - Creating Volume: /workdir/hadoop-ozone/integration-test/target/test-dir/MiniOzoneClusterImpl-8f4fcaf0-4acb-4edc-87bf-94a207340594/datanode-3/data/containers/hdds of  storage type : DISK and capacity : 1482555576320
2019-09-12 10:31:46,316 [main] INFO  volume.VolumeSet (VolumeSet.java:initializeVolumeSet(170)) - Added Volume : /workdir/hadoop-ozone/integration-test/target/test-dir/MiniOzoneClusterImpl-8f4fcaf0-4acb-4edc-87bf-94a207340594/datanode-3/data/containers/hdds to VolumeSet
2019-09-12 10:31:46,317 [main] INFO  volume.ThrottledAsyncChecker (ThrottledAsyncChecker.java:schedule(140)) - Scheduling a check for org.apache.hadoop.ozone.container.common.volume.HddsVolume@4a2bf50f
2019-09-12 10:31:46,317 [main] INFO  volume.HddsVolumeChecker (HddsVolumeChecker.java:checkAllVolumes(203)) - Scheduled health check for volume org.apache.hadoop.ozone.container.common.volume.HddsVolume@4a2bf50f
2019-09-12 10:31:46,332 [main] INFO  impl.RaftServerProxy (ConfUtils.java:logGet(43)) - raft.rpc.type = GRPC (default)
2019-09-12 10:31:46,332 [main] INFO  grpc.GrpcFactory (GrpcFactory.java:checkPooledByteBufAllocatorUseCacheForAllThreads(45)) - PERFORMANCE WARNING: useCacheForAllThreads is true that may cause Netty to create a lot garbage objects and, as a result, trigger GC.
	It is recommended to disable useCacheForAllThreads by setting -Dorg.apache.ratis.thirdparty.io.netty.allocator.useCacheForAllThreads=false in command line.
2019-09-12 10:31:46,332 [main] INFO  grpc.GrpcConfigKeys$Server (ConfUtils.java:logGet(43)) - raft.grpc.server.port = 0 (default)
2019-09-12 10:31:46,332 [main] INFO  server.GrpcService (ConfUtils.java:logGet(43)) - raft.grpc.message.size.max = 33570816 (custom)
2019-09-12 10:31:46,333 [main] INFO  server.RaftServerConfigKeys (ConfUtils.java:logGet(43)) - raft.server.log.appender.buffer.byte-limit = 33554432 (custom)
2019-09-12 10:31:46,333 [main] INFO  server.GrpcService (ConfUtils.java:logGet(43)) - raft.grpc.flow.control.window = 1MB (=1048576) (default)
2019-09-12 10:31:46,333 [main] INFO  server.RaftServerConfigKeys (ConfUtils.java:logGet(43)) - raft.server.rpc.request.timeout = 3000ms (default)
2019-09-12 10:31:46,334 [main] INFO  server.RaftServerConfigKeys (ConfUtils.java:logGet(43)) - raft.server.storage.dir = [/workdir/hadoop-ozone/integration-test/target/test-dir/MiniOzoneClusterImpl-8f4fcaf0-4acb-4edc-87bf-94a207340594/datanode-3/data/ratis] (custom)
2019-09-12 10:31:46,334 [main] INFO  replication.SimpleContainerDownloader (SimpleContainerDownloader.java:<init>(72)) - Starting container downloader service to copy containers to replicate.
2019-09-12 10:31:46,335 [main] INFO  hdfs.DFSUtil (DFSUtil.java:httpServerTemplateForNNAndJN(1641)) - Starting Web-server for hddsDatanode at: http://0.0.0.0:0
2019-09-12 10:31:46,337 [main] INFO  server.AuthenticationFilter (AuthenticationFilter.java:constructSecretProvider(240)) - Unable to initialize FileSignerSecretProvider, falling back to use random secrets.
2019-09-12 10:31:46,337 [main] WARN  http.HttpRequestLog (HttpRequestLog.java:getRequestLog(97)) - Jetty request log can only be enabled using Log4j
2019-09-12 10:31:46,338 [main] INFO  http.HttpServer2 (HttpServer2.java:addGlobalFilter(975)) - Added global filter 'safety' (class=org.apache.hadoop.http.HttpServer2$QuotingInputFilter)
2019-09-12 10:31:46,339 [main] INFO  http.HttpServer2 (HttpServer2.java:addFilter(948)) - Added filter static_user_filter (class=org.apache.hadoop.http.lib.StaticUserWebFilter$StaticUserFilter) to context hddsDatanode
2019-09-12 10:31:46,339 [main] INFO  http.HttpServer2 (HttpServer2.java:addFilter(958)) - Added filter static_user_filter (class=org.apache.hadoop.http.lib.StaticUserWebFilter$StaticUserFilter) to context logs
2019-09-12 10:31:46,339 [main] INFO  http.HttpServer2 (HttpServer2.java:addFilter(958)) - Added filter static_user_filter (class=org.apache.hadoop.http.lib.StaticUserWebFilter$StaticUserFilter) to context static
2019-09-12 10:31:46,340 [main] INFO  http.HttpServer2 (HttpServer2.java:bindListener(1191)) - Jetty bound to port 34883
2019-09-12 10:31:46,340 [main] INFO  server.Server (Server.java:doStart(351)) - jetty-9.3.24.v20180605, build timestamp: 2018-06-05T17:11:56Z, git hash: 84205aa28f11a4f31f2a3b86d1bba2cc8ab69827
2019-09-12 10:31:46,344 [main] INFO  handler.ContextHandler (ContextHandler.java:doStart(781)) - Started o.e.j.s.ServletContextHandler@55877274{/logs,file:///workdir/hadoop-ozone/integration-test/target/log,AVAILABLE}
2019-09-12 10:31:46,344 [main] INFO  handler.ContextHandler (ContextHandler.java:doStart(781)) - Started o.e.j.s.ServletContextHandler@6d4a82{/static,jar:file:/home/user/.m2/repository/org/apache/hadoop/hadoop-hdds-container-service/0.5.0-SNAPSHOT/hadoop-hdds-container-service-0.5.0-SNAPSHOT.jar!/webapps/static,AVAILABLE}
2019-09-12 10:31:46,373 [main] INFO  handler.ContextHandler (ContextHandler.java:doStart(781)) - Started o.e.j.w.WebAppContext@51888019{/,file:///tmp/jetty-0.0.0.0-34883-hddsDatanode-_-any-9064657852676336939.dir/webapp/,AVAILABLE}{/hddsDatanode}
2019-09-12 10:31:46,373 [main] INFO  server.AbstractConnector (AbstractConnector.java:doStart(278)) - Started ServerConnector@6f50d55c{HTTP/1.1,[http/1.1]}{0.0.0.0:34883}
2019-09-12 10:31:46,374 [main] INFO  server.Server (Server.java:doStart(419)) - Started @7499ms
2019-09-12 10:31:46,375 [main] INFO  server.BaseHttpServer (BaseHttpServer.java:updateConnectorAddress(213)) - HTTP server of HDDSDATANODE is listening at http://0.0.0.0:34883
2019-09-12 10:31:46,540 | INFO  | ObjectStoreRestHttpServer | Listening HDDS REST traffic on /0.0.0.0:40548 |  
2019-09-12 10:31:46,540 [main] INFO  ozone.HddsDatanodeService (HddsDatanodeService.java:startPlugins(395)) - Started plug-in org.apache.hadoop.ozone.web.OzoneHddsDatanodeService@20cff21e
2019-09-12 10:31:46,541 [main] INFO  impl.MetricsSystemImpl (MetricsSystemImpl.java:init(158)) - HddsDatanode metrics system started (again)
2019-09-12 10:31:46,545 [org.apache.hadoop.util.JvmPauseMonitor$Monitor@36175f86] INFO  util.JvmPauseMonitor (JvmPauseMonitor.java:run(188)) - Starting JVM pause monitor
2019-09-12 10:31:46,546 [main] INFO  ozone.HddsDatanodeService (HddsDatanodeService.java:start(184)) - HddsDatanodeService host:pr-hdds-1569-xtfnx-3545843844 ip:192.168.157.195
2019-09-12 10:31:46,548 [Datanode State Machine Thread - 0] INFO  datanode.InitDatanodeState (InitDatanodeState.java:persistContainerDatanodeDetails(140)) - DatanodeDetails is persisted to /workdir/hadoop-ozone/integration-test/target/test-dir/MiniOzoneClusterImpl-8f4fcaf0-4acb-4edc-87bf-94a207340594/datanode-3/meta/datanode.id
2019-09-12 10:31:46,555 [main] INFO  volume.HddsVolume (HddsVolume.java:<init>(176)) - Creating Volume: /workdir/hadoop-ozone/integration-test/target/test-dir/MiniOzoneClusterImpl-8f4fcaf0-4acb-4edc-87bf-94a207340594/datanode-4/data/containers/hdds of  storage type : DISK and capacity : 1482555576320
2019-09-12 10:31:46,556 [main] INFO  volume.VolumeSet (VolumeSet.java:initializeVolumeSet(170)) - Added Volume : /workdir/hadoop-ozone/integration-test/target/test-dir/MiniOzoneClusterImpl-8f4fcaf0-4acb-4edc-87bf-94a207340594/datanode-4/data/containers/hdds to VolumeSet
2019-09-12 10:31:46,556 [main] INFO  volume.ThrottledAsyncChecker (ThrottledAsyncChecker.java:schedule(140)) - Scheduling a check for org.apache.hadoop.ozone.container.common.volume.HddsVolume@1bee0085
2019-09-12 10:31:46,557 [main] INFO  volume.HddsVolumeChecker (HddsVolumeChecker.java:checkAllVolumes(203)) - Scheduled health check for volume org.apache.hadoop.ozone.container.common.volume.HddsVolume@1bee0085
2019-09-12 10:31:46,580 [main] INFO  impl.RaftServerProxy (ConfUtils.java:logGet(43)) - raft.rpc.type = GRPC (default)
2019-09-12 10:31:46,581 [main] INFO  grpc.GrpcFactory (GrpcFactory.java:checkPooledByteBufAllocatorUseCacheForAllThreads(45)) - PERFORMANCE WARNING: useCacheForAllThreads is true that may cause Netty to create a lot garbage objects and, as a result, trigger GC.
	It is recommended to disable useCacheForAllThreads by setting -Dorg.apache.ratis.thirdparty.io.netty.allocator.useCacheForAllThreads=false in command line.
2019-09-12 10:31:46,581 [main] INFO  grpc.GrpcConfigKeys$Server (ConfUtils.java:logGet(43)) - raft.grpc.server.port = 0 (default)
2019-09-12 10:31:46,581 [main] INFO  server.GrpcService (ConfUtils.java:logGet(43)) - raft.grpc.message.size.max = 33570816 (custom)
2019-09-12 10:31:46,581 [main] INFO  server.RaftServerConfigKeys (ConfUtils.java:logGet(43)) - raft.server.log.appender.buffer.byte-limit = 33554432 (custom)
2019-09-12 10:31:46,582 [main] INFO  server.GrpcService (ConfUtils.java:logGet(43)) - raft.grpc.flow.control.window = 1MB (=1048576) (default)
2019-09-12 10:31:46,582 [main] INFO  server.RaftServerConfigKeys (ConfUtils.java:logGet(43)) - raft.server.rpc.request.timeout = 3000ms (default)
2019-09-12 10:31:46,583 [main] INFO  server.RaftServerConfigKeys (ConfUtils.java:logGet(43)) - raft.server.storage.dir = [/workdir/hadoop-ozone/integration-test/target/test-dir/MiniOzoneClusterImpl-8f4fcaf0-4acb-4edc-87bf-94a207340594/datanode-4/data/ratis] (custom)
2019-09-12 10:31:46,584 [main] INFO  replication.SimpleContainerDownloader (SimpleContainerDownloader.java:<init>(72)) - Starting container downloader service to copy containers to replicate.
2019-09-12 10:31:46,585 [main] INFO  hdfs.DFSUtil (DFSUtil.java:httpServerTemplateForNNAndJN(1641)) - Starting Web-server for hddsDatanode at: http://0.0.0.0:0
2019-09-12 10:31:46,587 [main] INFO  server.AuthenticationFilter (AuthenticationFilter.java:constructSecretProvider(240)) - Unable to initialize FileSignerSecretProvider, falling back to use random secrets.
2019-09-12 10:31:46,588 [main] WARN  http.HttpRequestLog (HttpRequestLog.java:getRequestLog(97)) - Jetty request log can only be enabled using Log4j
2019-09-12 10:31:46,591 [main] INFO  http.HttpServer2 (HttpServer2.java:addGlobalFilter(975)) - Added global filter 'safety' (class=org.apache.hadoop.http.HttpServer2$QuotingInputFilter)
2019-09-12 10:31:46,592 [main] INFO  http.HttpServer2 (HttpServer2.java:addFilter(948)) - Added filter static_user_filter (class=org.apache.hadoop.http.lib.StaticUserWebFilter$StaticUserFilter) to context hddsDatanode
2019-09-12 10:31:46,592 [main] INFO  http.HttpServer2 (HttpServer2.java:addFilter(958)) - Added filter static_user_filter (class=org.apache.hadoop.http.lib.StaticUserWebFilter$StaticUserFilter) to context static
2019-09-12 10:31:46,592 [main] INFO  http.HttpServer2 (HttpServer2.java:addFilter(958)) - Added filter static_user_filter (class=org.apache.hadoop.http.lib.StaticUserWebFilter$StaticUserFilter) to context logs
2019-09-12 10:31:46,594 [main] INFO  http.HttpServer2 (HttpServer2.java:bindListener(1191)) - Jetty bound to port 34294
2019-09-12 10:31:46,594 [main] INFO  server.Server (Server.java:doStart(351)) - jetty-9.3.24.v20180605, build timestamp: 2018-06-05T17:11:56Z, git hash: 84205aa28f11a4f31f2a3b86d1bba2cc8ab69827
2019-09-12 10:31:46,597 [main] INFO  handler.ContextHandler (ContextHandler.java:doStart(781)) - Started o.e.j.s.ServletContextHandler@374ccb9{/logs,file:///workdir/hadoop-ozone/integration-test/target/log,AVAILABLE}
2019-09-12 10:31:46,598 [main] INFO  handler.ContextHandler (ContextHandler.java:doStart(781)) - Started o.e.j.s.ServletContextHandler@2ab09943{/static,jar:file:/home/user/.m2/repository/org/apache/hadoop/hadoop-hdds-container-service/0.5.0-SNAPSHOT/hadoop-hdds-container-service-0.5.0-SNAPSHOT.jar!/webapps/static,AVAILABLE}
2019-09-12 10:31:46,642 [main] INFO  handler.ContextHandler (ContextHandler.java:doStart(781)) - Started o.e.j.w.WebAppContext@ad3f70a{/,file:///tmp/jetty-0.0.0.0-34294-hddsDatanode-_-any-4574461174371248294.dir/webapp/,AVAILABLE}{/hddsDatanode}
2019-09-12 10:31:46,643 [main] INFO  server.AbstractConnector (AbstractConnector.java:doStart(278)) - Started ServerConnector@54ccb3{HTTP/1.1,[http/1.1]}{0.0.0.0:34294}
2019-09-12 10:31:46,644 [main] INFO  server.Server (Server.java:doStart(419)) - Started @7768ms
2019-09-12 10:31:46,645 [main] INFO  server.BaseHttpServer (BaseHttpServer.java:updateConnectorAddress(213)) - HTTP server of HDDSDATANODE is listening at http://0.0.0.0:34294
2019-09-12 10:31:46,846 | INFO  | ObjectStoreRestHttpServer | Listening HDDS REST traffic on /0.0.0.0:45962 |  
2019-09-12 10:31:46,846 [main] INFO  ozone.HddsDatanodeService (HddsDatanodeService.java:startPlugins(395)) - Started plug-in org.apache.hadoop.ozone.web.OzoneHddsDatanodeService@5a47730c
2019-09-12 10:31:46,847 [main] INFO  impl.MetricsSystemImpl (MetricsSystemImpl.java:init(158)) - HddsDatanode metrics system started (again)
2019-09-12 10:31:46,851 [main] INFO  ozone.HddsDatanodeService (HddsDatanodeService.java:start(184)) - HddsDatanodeService host:pr-hdds-1569-xtfnx-3545843844 ip:192.168.157.195
2019-09-12 10:31:46,851 [org.apache.hadoop.util.JvmPauseMonitor$Monitor@558aab] INFO  util.JvmPauseMonitor (JvmPauseMonitor.java:run(188)) - Starting JVM pause monitor
2019-09-12 10:31:46,855 [Datanode State Machine Thread - 0] INFO  datanode.InitDatanodeState (InitDatanodeState.java:persistContainerDatanodeDetails(140)) - DatanodeDetails is persisted to /workdir/hadoop-ozone/integration-test/target/test-dir/MiniOzoneClusterImpl-8f4fcaf0-4acb-4edc-87bf-94a207340594/datanode-4/meta/datanode.id
2019-09-12 10:31:46,860 [main] INFO  volume.HddsVolume (HddsVolume.java:<init>(176)) - Creating Volume: /workdir/hadoop-ozone/integration-test/target/test-dir/MiniOzoneClusterImpl-8f4fcaf0-4acb-4edc-87bf-94a207340594/datanode-5/data/containers/hdds of  storage type : DISK and capacity : 1482555576320
2019-09-12 10:31:46,861 [main] INFO  volume.VolumeSet (VolumeSet.java:initializeVolumeSet(170)) - Added Volume : /workdir/hadoop-ozone/integration-test/target/test-dir/MiniOzoneClusterImpl-8f4fcaf0-4acb-4edc-87bf-94a207340594/datanode-5/data/containers/hdds to VolumeSet
2019-09-12 10:31:46,861 [main] INFO  volume.ThrottledAsyncChecker (ThrottledAsyncChecker.java:schedule(140)) - Scheduling a check for org.apache.hadoop.ozone.container.common.volume.HddsVolume@7af1d072
2019-09-12 10:31:46,861 [main] INFO  volume.HddsVolumeChecker (HddsVolumeChecker.java:checkAllVolumes(203)) - Scheduled health check for volume org.apache.hadoop.ozone.container.common.volume.HddsVolume@7af1d072
2019-09-12 10:31:46,877 [main] INFO  impl.RaftServerProxy (ConfUtils.java:logGet(43)) - raft.rpc.type = GRPC (default)
2019-09-12 10:31:46,877 [main] INFO  grpc.GrpcFactory (GrpcFactory.java:checkPooledByteBufAllocatorUseCacheForAllThreads(45)) - PERFORMANCE WARNING: useCacheForAllThreads is true that may cause Netty to create a lot garbage objects and, as a result, trigger GC.
	It is recommended to disable useCacheForAllThreads by setting -Dorg.apache.ratis.thirdparty.io.netty.allocator.useCacheForAllThreads=false in command line.
2019-09-12 10:31:46,878 [main] INFO  grpc.GrpcConfigKeys$Server (ConfUtils.java:logGet(43)) - raft.grpc.server.port = 0 (default)
2019-09-12 10:31:46,878 [main] INFO  server.GrpcService (ConfUtils.java:logGet(43)) - raft.grpc.message.size.max = 33570816 (custom)
2019-09-12 10:31:46,878 [main] INFO  server.RaftServerConfigKeys (ConfUtils.java:logGet(43)) - raft.server.log.appender.buffer.byte-limit = 33554432 (custom)
2019-09-12 10:31:46,878 [main] INFO  server.GrpcService (ConfUtils.java:logGet(43)) - raft.grpc.flow.control.window = 1MB (=1048576) (default)
2019-09-12 10:31:46,879 [main] INFO  server.RaftServerConfigKeys (ConfUtils.java:logGet(43)) - raft.server.rpc.request.timeout = 3000ms (default)
2019-09-12 10:31:46,879 [main] INFO  server.RaftServerConfigKeys (ConfUtils.java:logGet(43)) - raft.server.storage.dir = [/workdir/hadoop-ozone/integration-test/target/test-dir/MiniOzoneClusterImpl-8f4fcaf0-4acb-4edc-87bf-94a207340594/datanode-5/data/ratis] (custom)
2019-09-12 10:31:46,880 [main] INFO  replication.SimpleContainerDownloader (SimpleContainerDownloader.java:<init>(72)) - Starting container downloader service to copy containers to replicate.
2019-09-12 10:31:46,881 [main] INFO  hdfs.DFSUtil (DFSUtil.java:httpServerTemplateForNNAndJN(1641)) - Starting Web-server for hddsDatanode at: http://0.0.0.0:0
2019-09-12 10:31:46,883 [main] INFO  server.AuthenticationFilter (AuthenticationFilter.java:constructSecretProvider(240)) - Unable to initialize FileSignerSecretProvider, falling back to use random secrets.
2019-09-12 10:31:46,884 [main] WARN  http.HttpRequestLog (HttpRequestLog.java:getRequestLog(97)) - Jetty request log can only be enabled using Log4j
2019-09-12 10:31:46,887 [main] INFO  http.HttpServer2 (HttpServer2.java:addGlobalFilter(975)) - Added global filter 'safety' (class=org.apache.hadoop.http.HttpServer2$QuotingInputFilter)
2019-09-12 10:31:46,887 [main] INFO  http.HttpServer2 (HttpServer2.java:addFilter(948)) - Added filter static_user_filter (class=org.apache.hadoop.http.lib.StaticUserWebFilter$StaticUserFilter) to context hddsDatanode
2019-09-12 10:31:46,887 [main] INFO  http.HttpServer2 (HttpServer2.java:addFilter(958)) - Added filter static_user_filter (class=org.apache.hadoop.http.lib.StaticUserWebFilter$StaticUserFilter) to context static
2019-09-12 10:31:46,888 [main] INFO  http.HttpServer2 (HttpServer2.java:addFilter(958)) - Added filter static_user_filter (class=org.apache.hadoop.http.lib.StaticUserWebFilter$StaticUserFilter) to context logs
2019-09-12 10:31:46,888 [main] INFO  http.HttpServer2 (HttpServer2.java:bindListener(1191)) - Jetty bound to port 46513
2019-09-12 10:31:46,889 [main] INFO  server.Server (Server.java:doStart(351)) - jetty-9.3.24.v20180605, build timestamp: 2018-06-05T17:11:56Z, git hash: 84205aa28f11a4f31f2a3b86d1bba2cc8ab69827
2019-09-12 10:31:46,891 [main] INFO  handler.ContextHandler (ContextHandler.java:doStart(781)) - Started o.e.j.s.ServletContextHandler@33d230ce{/logs,file:///workdir/hadoop-ozone/integration-test/target/log,AVAILABLE}
2019-09-12 10:31:46,891 [main] INFO  handler.ContextHandler (ContextHandler.java:doStart(781)) - Started o.e.j.s.ServletContextHandler@a316f6b{/static,jar:file:/home/user/.m2/repository/org/apache/hadoop/hadoop-hdds-container-service/0.5.0-SNAPSHOT/hadoop-hdds-container-service-0.5.0-SNAPSHOT.jar!/webapps/static,AVAILABLE}
2019-09-12 10:31:46,920 [main] INFO  handler.ContextHandler (ContextHandler.java:doStart(781)) - Started o.e.j.w.WebAppContext@7bf018dd{/,file:///tmp/jetty-0.0.0.0-46513-hddsDatanode-_-any-6657918196374376195.dir/webapp/,AVAILABLE}{/hddsDatanode}
2019-09-12 10:31:46,921 [main] INFO  server.AbstractConnector (AbstractConnector.java:doStart(278)) - Started ServerConnector@15a8cebd{HTTP/1.1,[http/1.1]}{0.0.0.0:46513}
2019-09-12 10:31:46,921 [main] INFO  server.Server (Server.java:doStart(419)) - Started @8046ms
2019-09-12 10:31:46,922 [main] INFO  server.BaseHttpServer (BaseHttpServer.java:updateConnectorAddress(213)) - HTTP server of HDDSDATANODE is listening at http://0.0.0.0:46513
2019-09-12 10:31:47,251 | INFO  | ObjectStoreRestHttpServer | Listening HDDS REST traffic on /0.0.0.0:44358 |  
2019-09-12 10:31:47,251 [main] INFO  ozone.HddsDatanodeService (HddsDatanodeService.java:startPlugins(395)) - Started plug-in org.apache.hadoop.ozone.web.OzoneHddsDatanodeService@3a0896b3
2019-09-12 10:31:47,252 [main] INFO  impl.MetricsSystemImpl (MetricsSystemImpl.java:init(158)) - HddsDatanode metrics system started (again)
2019-09-12 10:31:47,256 [main] INFO  ozone.HddsDatanodeService (HddsDatanodeService.java:start(184)) - HddsDatanodeService host:pr-hdds-1569-xtfnx-3545843844 ip:192.168.157.195
2019-09-12 10:31:47,256 [org.apache.hadoop.util.JvmPauseMonitor$Monitor@395d06a2] INFO  util.JvmPauseMonitor (JvmPauseMonitor.java:run(188)) - Starting JVM pause monitor
2019-09-12 10:31:47,260 [Datanode State Machine Thread - 0] INFO  datanode.InitDatanodeState (InitDatanodeState.java:persistContainerDatanodeDetails(140)) - DatanodeDetails is persisted to /workdir/hadoop-ozone/integration-test/target/test-dir/MiniOzoneClusterImpl-8f4fcaf0-4acb-4edc-87bf-94a207340594/datanode-5/meta/datanode.id
2019-09-12 10:31:47,265 [main] INFO  volume.HddsVolume (HddsVolume.java:<init>(176)) - Creating Volume: /workdir/hadoop-ozone/integration-test/target/test-dir/MiniOzoneClusterImpl-8f4fcaf0-4acb-4edc-87bf-94a207340594/datanode-6/data/containers/hdds of  storage type : DISK and capacity : 1482555576320
2019-09-12 10:31:47,265 [main] INFO  volume.VolumeSet (VolumeSet.java:initializeVolumeSet(170)) - Added Volume : /workdir/hadoop-ozone/integration-test/target/test-dir/MiniOzoneClusterImpl-8f4fcaf0-4acb-4edc-87bf-94a207340594/datanode-6/data/containers/hdds to VolumeSet
2019-09-12 10:31:47,265 [main] INFO  volume.ThrottledAsyncChecker (ThrottledAsyncChecker.java:schedule(140)) - Scheduling a check for org.apache.hadoop.ozone.container.common.volume.HddsVolume@1e6bd263
2019-09-12 10:31:47,266 [main] INFO  volume.HddsVolumeChecker (HddsVolumeChecker.java:checkAllVolumes(203)) - Scheduled health check for volume org.apache.hadoop.ozone.container.common.volume.HddsVolume@1e6bd263
2019-09-12 10:31:47,281 [main] INFO  impl.RaftServerProxy (ConfUtils.java:logGet(43)) - raft.rpc.type = GRPC (default)
2019-09-12 10:31:47,282 [main] INFO  grpc.GrpcFactory (GrpcFactory.java:checkPooledByteBufAllocatorUseCacheForAllThreads(45)) - PERFORMANCE WARNING: useCacheForAllThreads is true that may cause Netty to create a lot garbage objects and, as a result, trigger GC.
	It is recommended to disable useCacheForAllThreads by setting -Dorg.apache.ratis.thirdparty.io.netty.allocator.useCacheForAllThreads=false in command line.
2019-09-12 10:31:47,282 [main] INFO  grpc.GrpcConfigKeys$Server (ConfUtils.java:logGet(43)) - raft.grpc.server.port = 0 (default)
2019-09-12 10:31:47,282 [main] INFO  server.GrpcService (ConfUtils.java:logGet(43)) - raft.grpc.message.size.max = 33570816 (custom)
2019-09-12 10:31:47,282 [main] INFO  server.RaftServerConfigKeys (ConfUtils.java:logGet(43)) - raft.server.log.appender.buffer.byte-limit = 33554432 (custom)
2019-09-12 10:31:47,282 [main] INFO  server.GrpcService (ConfUtils.java:logGet(43)) - raft.grpc.flow.control.window = 1MB (=1048576) (default)
2019-09-12 10:31:47,283 [main] INFO  server.RaftServerConfigKeys (ConfUtils.java:logGet(43)) - raft.server.rpc.request.timeout = 3000ms (default)
2019-09-12 10:31:47,283 [main] INFO  server.RaftServerConfigKeys (ConfUtils.java:logGet(43)) - raft.server.storage.dir = [/workdir/hadoop-ozone/integration-test/target/test-dir/MiniOzoneClusterImpl-8f4fcaf0-4acb-4edc-87bf-94a207340594/datanode-6/data/ratis] (custom)
2019-09-12 10:31:47,284 [main] INFO  replication.SimpleContainerDownloader (SimpleContainerDownloader.java:<init>(72)) - Starting container downloader service to copy containers to replicate.
2019-09-12 10:31:47,286 [main] INFO  hdfs.DFSUtil (DFSUtil.java:httpServerTemplateForNNAndJN(1641)) - Starting Web-server for hddsDatanode at: http://0.0.0.0:0
2019-09-12 10:31:47,288 [main] INFO  server.AuthenticationFilter (AuthenticationFilter.java:constructSecretProvider(240)) - Unable to initialize FileSignerSecretProvider, falling back to use random secrets.
2019-09-12 10:31:47,289 [main] WARN  http.HttpRequestLog (HttpRequestLog.java:getRequestLog(97)) - Jetty request log can only be enabled using Log4j
2019-09-12 10:31:47,291 [main] INFO  http.HttpServer2 (HttpServer2.java:addGlobalFilter(975)) - Added global filter 'safety' (class=org.apache.hadoop.http.HttpServer2$QuotingInputFilter)
2019-09-12 10:31:47,292 [main] INFO  http.HttpServer2 (HttpServer2.java:addFilter(948)) - Added filter static_user_filter (class=org.apache.hadoop.http.lib.StaticUserWebFilter$StaticUserFilter) to context hddsDatanode
2019-09-12 10:31:47,292 [main] INFO  http.HttpServer2 (HttpServer2.java:addFilter(958)) - Added filter static_user_filter (class=org.apache.hadoop.http.lib.StaticUserWebFilter$StaticUserFilter) to context static
2019-09-12 10:31:47,292 [main] INFO  http.HttpServer2 (HttpServer2.java:addFilter(958)) - Added filter static_user_filter (class=org.apache.hadoop.http.lib.StaticUserWebFilter$StaticUserFilter) to context logs
2019-09-12 10:31:47,293 [main] INFO  http.HttpServer2 (HttpServer2.java:bindListener(1191)) - Jetty bound to port 46222
2019-09-12 10:31:47,294 [main] INFO  server.Server (Server.java:doStart(351)) - jetty-9.3.24.v20180605, build timestamp: 2018-06-05T17:11:56Z, git hash: 84205aa28f11a4f31f2a3b86d1bba2cc8ab69827
2019-09-12 10:31:47,296 [main] INFO  handler.ContextHandler (ContextHandler.java:doStart(781)) - Started o.e.j.s.ServletContextHandler@a457c2b{/logs,file:///workdir/hadoop-ozone/integration-test/target/log,AVAILABLE}
2019-09-12 10:31:47,297 [main] INFO  handler.ContextHandler (ContextHandler.java:doStart(781)) - Started o.e.j.s.ServletContextHandler@5773d271{/static,jar:file:/home/user/.m2/repository/org/apache/hadoop/hadoop-hdds-container-service/0.5.0-SNAPSHOT/hadoop-hdds-container-service-0.5.0-SNAPSHOT.jar!/webapps/static,AVAILABLE}
2019-09-12 10:31:47,337 [main] INFO  handler.ContextHandler (ContextHandler.java:doStart(781)) - Started o.e.j.w.WebAppContext@474e34e4{/,file:///tmp/jetty-0.0.0.0-46222-hddsDatanode-_-any-524186060234025215.dir/webapp/,AVAILABLE}{/hddsDatanode}
2019-09-12 10:31:47,338 [main] INFO  server.AbstractConnector (AbstractConnector.java:doStart(278)) - Started ServerConnector@7e2c6702{HTTP/1.1,[http/1.1]}{0.0.0.0:46222}
2019-09-12 10:31:47,339 [main] INFO  server.Server (Server.java:doStart(419)) - Started @8464ms
2019-09-12 10:31:47,340 [main] INFO  server.BaseHttpServer (BaseHttpServer.java:updateConnectorAddress(213)) - HTTP server of HDDSDATANODE is listening at http://0.0.0.0:46222
2019-09-12 10:31:47,494 | INFO  | ObjectStoreRestHttpServer | Listening HDDS REST traffic on /0.0.0.0:35892 |  
2019-09-12 10:31:47,494 [main] INFO  ozone.HddsDatanodeService (HddsDatanodeService.java:startPlugins(395)) - Started plug-in org.apache.hadoop.ozone.web.OzoneHddsDatanodeService@fabef2e
2019-09-12 10:31:47,497 [main] INFO  ozone.MiniOzoneClusterImpl (MiniOzoneClusterImpl.java:lambda$waitForClusterToBeReady$0(142)) - Waiting for cluster to be ready. Got 0 of 7 DN Heartbeats.
2019-09-12 10:31:47,498 [org.apache.hadoop.util.JvmPauseMonitor$Monitor@6b3d68de] INFO  util.JvmPauseMonitor (JvmPauseMonitor.java:run(188)) - Starting JVM pause monitor
2019-09-12 10:31:47,502 [Datanode State Machine Thread - 0] INFO  datanode.InitDatanodeState (InitDatanodeState.java:persistContainerDatanodeDetails(140)) - DatanodeDetails is persisted to /workdir/hadoop-ozone/integration-test/target/test-dir/MiniOzoneClusterImpl-8f4fcaf0-4acb-4edc-87bf-94a207340594/datanode-6/meta/datanode.id
2019-09-12 10:31:47,850 | INFO  | SCMAudit | user=jenkins1000 | ip=192.168.157.195 | op=GET_VERSION null | ret=SUCCESS |  
2019-09-12 10:31:47,901 [Datanode State Machine Thread - 0] INFO  ozoneimpl.OzoneContainer (OzoneContainer.java:start(186)) - Attempting to start container services.
2019-09-12 10:31:47,903 [Datanode State Machine Thread - 0] INFO  ozoneimpl.OzoneContainer (OzoneContainer.java:startContainerScrub(160)) - Background container scrubber has been disabled by hdds.containerscrub.enabled
2019-09-12 10:31:47,903 [Datanode State Machine Thread - 0] INFO  ratis.XceiverServerRatis (XceiverServerRatis.java:start(404)) - Starting XceiverServerRatis 8e0046c7-63e6-4424-9e2f-9e2de00b9629 at port 0
2019-09-12 10:31:47,929 [Datanode State Machine Thread - 0] INFO  impl.RaftServerProxy (RaftServerProxy.java:lambda$start$3(299)) - 8e0046c7-63e6-4424-9e2f-9e2de00b9629: start RPC server
2019-09-12 10:31:48,062 | INFO  | SCMAudit | user=jenkins1000 | ip=192.168.157.195 | op=GET_VERSION null | ret=SUCCESS |  
2019-09-12 10:31:48,074 [Datanode State Machine Thread - 0] INFO  server.GrpcService (GrpcService.java:startImpl(149)) - 8e0046c7-63e6-4424-9e2f-9e2de00b9629: GrpcService started, listening on 0.0.0.0/0.0.0.0:34007
2019-09-12 10:31:48,075 [Datanode State Machine Thread - 0] INFO  ratis.XceiverServerRatis (XceiverServerRatis.java:start(414)) - XceiverServerRatis 8e0046c7-63e6-4424-9e2f-9e2de00b9629 is started using port 34007
2019-09-12 10:31:48,078 [Datanode State Machine Thread - 0] INFO  server.XceiverServerGrpc (XceiverServerGrpc.java:start(163)) - XceiverServerGrpc 8e0046c7-63e6-4424-9e2f-9e2de00b9629 is started using port 40484
2019-09-12 10:31:48,091 [Datanode State Machine Thread - 0] INFO  ozoneimpl.OzoneContainer (OzoneContainer.java:start(186)) - Attempting to start container services.
2019-09-12 10:31:48,093 [Datanode State Machine Thread - 0] INFO  ozoneimpl.OzoneContainer (OzoneContainer.java:startContainerScrub(160)) - Background container scrubber has been disabled by hdds.containerscrub.enabled
2019-09-12 10:31:48,094 [Datanode State Machine Thread - 0] INFO  ratis.XceiverServerRatis (XceiverServerRatis.java:start(404)) - Starting XceiverServerRatis bdf9e822-047f-40fc-a343-36702e59eb3b at port 0
2019-09-12 10:31:48,104 [Datanode State Machine Thread - 0] INFO  impl.RaftServerProxy (RaftServerProxy.java:lambda$start$3(299)) - bdf9e822-047f-40fc-a343-36702e59eb3b: start RPC server
2019-09-12 10:31:48,108 [Datanode State Machine Thread - 0] INFO  server.GrpcService (GrpcService.java:startImpl(149)) - bdf9e822-047f-40fc-a343-36702e59eb3b: GrpcService started, listening on 0.0.0.0/0.0.0.0:45766
2019-09-12 10:31:48,108 [Datanode State Machine Thread - 0] INFO  ratis.XceiverServerRatis (XceiverServerRatis.java:start(414)) - XceiverServerRatis bdf9e822-047f-40fc-a343-36702e59eb3b is started using port 45766
2019-09-12 10:31:48,111 [Datanode State Machine Thread - 0] INFO  server.XceiverServerGrpc (XceiverServerGrpc.java:start(163)) - XceiverServerGrpc bdf9e822-047f-40fc-a343-36702e59eb3b is started using port 41980
2019-09-12 10:31:48,310 | INFO  | SCMAudit | user=jenkins1000 | ip=192.168.157.195 | op=GET_VERSION null | ret=SUCCESS |  
2019-09-12 10:31:48,332 [Datanode State Machine Thread - 0] INFO  ozoneimpl.OzoneContainer (OzoneContainer.java:start(186)) - Attempting to start container services.
2019-09-12 10:31:48,338 [Datanode State Machine Thread - 0] INFO  ozoneimpl.OzoneContainer (OzoneContainer.java:startContainerScrub(160)) - Background container scrubber has been disabled by hdds.containerscrub.enabled
2019-09-12 10:31:48,338 [Datanode State Machine Thread - 0] INFO  ratis.XceiverServerRatis (XceiverServerRatis.java:start(404)) - Starting XceiverServerRatis a48435e2-fc20-4a41-b041-5f40b71db35c at port 0
2019-09-12 10:31:48,347 [Datanode State Machine Thread - 0] INFO  impl.RaftServerProxy (RaftServerProxy.java:lambda$start$3(299)) - a48435e2-fc20-4a41-b041-5f40b71db35c: start RPC server
2019-09-12 10:31:48,351 [Datanode State Machine Thread - 0] INFO  server.GrpcService (GrpcService.java:startImpl(149)) - a48435e2-fc20-4a41-b041-5f40b71db35c: GrpcService started, listening on 0.0.0.0/0.0.0.0:35879
2019-09-12 10:31:48,351 [Datanode State Machine Thread - 0] INFO  ratis.XceiverServerRatis (XceiverServerRatis.java:start(414)) - XceiverServerRatis a48435e2-fc20-4a41-b041-5f40b71db35c is started using port 35879
2019-09-12 10:31:48,354 [Datanode State Machine Thread - 0] INFO  server.XceiverServerGrpc (XceiverServerGrpc.java:start(163)) - XceiverServerGrpc a48435e2-fc20-4a41-b041-5f40b71db35c is started using port 38728
2019-09-12 10:31:48,497 [main] INFO  ozone.MiniOzoneClusterImpl (MiniOzoneClusterImpl.java:lambda$waitForClusterToBeReady$0(142)) - Waiting for cluster to be ready. Got 0 of 7 DN Heartbeats.
2019-09-12 10:31:48,548 | INFO  | SCMAudit | user=jenkins1000 | ip=192.168.157.195 | op=GET_VERSION null | ret=SUCCESS |  
2019-09-12 10:31:48,574 [Datanode State Machine Thread - 0] INFO  ozoneimpl.OzoneContainer (OzoneContainer.java:start(186)) - Attempting to start container services.
2019-09-12 10:31:48,575 [Datanode State Machine Thread - 0] INFO  ozoneimpl.OzoneContainer (OzoneContainer.java:startContainerScrub(160)) - Background container scrubber has been disabled by hdds.containerscrub.enabled
2019-09-12 10:31:48,575 [Datanode State Machine Thread - 0] INFO  ratis.XceiverServerRatis (XceiverServerRatis.java:start(404)) - Starting XceiverServerRatis 815dbc88-4686-4200-bca8-64ffcdb076ff at port 0
2019-09-12 10:31:48,585 [Datanode State Machine Thread - 0] INFO  impl.RaftServerProxy (RaftServerProxy.java:lambda$start$3(299)) - 815dbc88-4686-4200-bca8-64ffcdb076ff: start RPC server
2019-09-12 10:31:48,589 [Datanode State Machine Thread - 0] INFO  server.GrpcService (GrpcService.java:startImpl(149)) - 815dbc88-4686-4200-bca8-64ffcdb076ff: GrpcService started, listening on 0.0.0.0/0.0.0.0:37870
2019-09-12 10:31:48,589 [Datanode State Machine Thread - 0] INFO  ratis.XceiverServerRatis (XceiverServerRatis.java:start(414)) - XceiverServerRatis 815dbc88-4686-4200-bca8-64ffcdb076ff is started using port 37870
2019-09-12 10:31:48,593 [Datanode State Machine Thread - 0] INFO  server.XceiverServerGrpc (XceiverServerGrpc.java:start(163)) - XceiverServerGrpc 815dbc88-4686-4200-bca8-64ffcdb076ff is started using port 34781
2019-09-12 10:31:48,855 | INFO  | SCMAudit | user=jenkins1000 | ip=192.168.157.195 | op=GET_VERSION null | ret=SUCCESS |  
2019-09-12 10:31:48,881 [Datanode State Machine Thread - 0] INFO  ozoneimpl.OzoneContainer (OzoneContainer.java:start(186)) - Attempting to start container services.
2019-09-12 10:31:48,882 [Datanode State Machine Thread - 0] INFO  ozoneimpl.OzoneContainer (OzoneContainer.java:startContainerScrub(160)) - Background container scrubber has been disabled by hdds.containerscrub.enabled
2019-09-12 10:31:48,882 [Datanode State Machine Thread - 0] INFO  ratis.XceiverServerRatis (XceiverServerRatis.java:start(404)) - Starting XceiverServerRatis 4c5e9952-d719-43f6-835b-97e6d68a1720 at port 0
2019-09-12 10:31:48,893 [Datanode State Machine Thread - 0] INFO  impl.RaftServerProxy (RaftServerProxy.java:lambda$start$3(299)) - 4c5e9952-d719-43f6-835b-97e6d68a1720: start RPC server
2019-09-12 10:31:48,898 [Datanode State Machine Thread - 0] INFO  server.GrpcService (GrpcService.java:startImpl(149)) - 4c5e9952-d719-43f6-835b-97e6d68a1720: GrpcService started, listening on 0.0.0.0/0.0.0.0:46197
2019-09-12 10:31:48,898 [Datanode State Machine Thread - 0] INFO  ratis.XceiverServerRatis (XceiverServerRatis.java:start(414)) - XceiverServerRatis 4c5e9952-d719-43f6-835b-97e6d68a1720 is started using port 46197
2019-09-12 10:31:48,902 [Datanode State Machine Thread - 0] INFO  server.XceiverServerGrpc (XceiverServerGrpc.java:start(163)) - XceiverServerGrpc 4c5e9952-d719-43f6-835b-97e6d68a1720 is started using port 37456
2019-09-12 10:31:49,261 | INFO  | SCMAudit | user=jenkins1000 | ip=192.168.157.195 | op=GET_VERSION null | ret=SUCCESS |  
2019-09-12 10:31:49,291 [Datanode State Machine Thread - 0] INFO  ozoneimpl.OzoneContainer (OzoneContainer.java:start(186)) - Attempting to start container services.
2019-09-12 10:31:49,292 [Datanode State Machine Thread - 0] INFO  ozoneimpl.OzoneContainer (OzoneContainer.java:startContainerScrub(160)) - Background container scrubber has been disabled by hdds.containerscrub.enabled
2019-09-12 10:31:49,292 [Datanode State Machine Thread - 0] INFO  ratis.XceiverServerRatis (XceiverServerRatis.java:start(404)) - Starting XceiverServerRatis 2568e786-00ee-48a3-80d4-4df304b22b3f at port 0
2019-09-12 10:31:49,299 [Datanode State Machine Thread - 0] INFO  impl.RaftServerProxy (RaftServerProxy.java:lambda$start$3(299)) - 2568e786-00ee-48a3-80d4-4df304b22b3f: start RPC server
2019-09-12 10:31:49,304 [Datanode State Machine Thread - 0] INFO  server.GrpcService (GrpcService.java:startImpl(149)) - 2568e786-00ee-48a3-80d4-4df304b22b3f: GrpcService started, listening on 0.0.0.0/0.0.0.0:36219
2019-09-12 10:31:49,304 [Datanode State Machine Thread - 0] INFO  ratis.XceiverServerRatis (XceiverServerRatis.java:start(414)) - XceiverServerRatis 2568e786-00ee-48a3-80d4-4df304b22b3f is started using port 36219
2019-09-12 10:31:49,308 [Datanode State Machine Thread - 0] INFO  server.XceiverServerGrpc (XceiverServerGrpc.java:start(163)) - XceiverServerGrpc 2568e786-00ee-48a3-80d4-4df304b22b3f is started using port 38489
2019-09-12 10:31:49,498 [main] INFO  ozone.MiniOzoneClusterImpl (MiniOzoneClusterImpl.java:lambda$waitForClusterToBeReady$0(142)) - Waiting for cluster to be ready. Got 0 of 7 DN Heartbeats.
2019-09-12 10:31:49,501 | INFO  | SCMAudit | user=jenkins1000 | ip=192.168.157.195 | op=GET_VERSION null | ret=SUCCESS |  
2019-09-12 10:31:49,515 [Datanode State Machine Thread - 0] INFO  ozoneimpl.OzoneContainer (OzoneContainer.java:start(186)) - Attempting to start container services.
2019-09-12 10:31:49,516 [Datanode State Machine Thread - 0] INFO  ozoneimpl.OzoneContainer (OzoneContainer.java:startContainerScrub(160)) - Background container scrubber has been disabled by hdds.containerscrub.enabled
2019-09-12 10:31:49,516 [Datanode State Machine Thread - 0] INFO  ratis.XceiverServerRatis (XceiverServerRatis.java:start(404)) - Starting XceiverServerRatis 987bcea4-2fc9-416e-8dfa-fe4cc4293164 at port 0
2019-09-12 10:31:49,524 [Datanode State Machine Thread - 0] INFO  impl.RaftServerProxy (RaftServerProxy.java:lambda$start$3(299)) - 987bcea4-2fc9-416e-8dfa-fe4cc4293164: start RPC server
2019-09-12 10:31:49,529 [Datanode State Machine Thread - 0] INFO  server.GrpcService (GrpcService.java:startImpl(149)) - 987bcea4-2fc9-416e-8dfa-fe4cc4293164: GrpcService started, listening on 0.0.0.0/0.0.0.0:40438
2019-09-12 10:31:49,529 [Datanode State Machine Thread - 0] INFO  ratis.XceiverServerRatis (XceiverServerRatis.java:start(414)) - XceiverServerRatis 987bcea4-2fc9-416e-8dfa-fe4cc4293164 is started using port 40438
2019-09-12 10:31:49,534 [Datanode State Machine Thread - 0] INFO  server.XceiverServerGrpc (XceiverServerGrpc.java:start(163)) - XceiverServerGrpc 987bcea4-2fc9-416e-8dfa-fe4cc4293164 is started using port 35698
2019-09-12 10:31:49,860 [IPC Server handler 15 on 34062] INFO  net.NetworkTopology (NetworkTopologyImpl.java:add(110)) - Added a new node: /default-rack/8e0046c7-63e6-4424-9e2f-9e2de00b9629
2019-09-12 10:31:49,861 [IPC Server handler 15 on 34062] INFO  node.SCMNodeManager (SCMNodeManager.java:register(273)) - Registered Data node : 8e0046c7-63e6-4424-9e2f-9e2de00b9629{ip: 192.168.157.195, host: pr-hdds-1569-xtfnx-3545843844, networkLocation: /default-rack, certSerialId: null}
2019-09-12 10:31:49,867 [EventQueue-NodeRegistrationContainerReportForDataNodeSafeModeRule] INFO  safemode.SCMSafeModeManager (DataNodeSafeModeRule.java:process(71)) - SCM in safe mode. 1 DataNodes registered, 1 required.
2019-09-12 10:31:49,867 [EventQueue-NodeRegistrationContainerReportForDataNodeSafeModeRule] INFO  safemode.SCMSafeModeManager (SCMSafeModeManager.java:validateSafeModeExitRules(177)) - ScmSafeModeManager, all rules are successfully validated
2019-09-12 10:31:49,868 [EventQueue-NodeRegistrationContainerReportForDataNodeSafeModeRule] INFO  safemode.SCMSafeModeManager (SCMSafeModeManager.java:exitSafeMode(193)) - SCM exiting safe mode.
2019-09-12 10:31:49,876 | INFO  | SCMAudit | user=jenkins1000 | ip=192.168.157.195 | op=REGISTER {datanodeDetails=8e0046c7-63e6-4424-9e2f-9e2de00b9629{ip: 192.168.157.195, host: pr-hdds-1569-xtfnx-3545843844, networkLocation: /default-rack, certSerialId: null}} | ret=SUCCESS |  
2019-09-12 10:31:50,065 [IPC Server handler 11 on 34062] INFO  net.NetworkTopology (NetworkTopologyImpl.java:add(110)) - Added a new node: /default-rack/bdf9e822-047f-40fc-a343-36702e59eb3b
2019-09-12 10:31:50,065 [IPC Server handler 11 on 34062] INFO  node.SCMNodeManager (SCMNodeManager.java:register(273)) - Registered Data node : bdf9e822-047f-40fc-a343-36702e59eb3b{ip: 192.168.157.195, host: pr-hdds-1569-xtfnx-3545843844, networkLocation: /default-rack, certSerialId: null}
2019-09-12 10:31:50,066 | INFO  | SCMAudit | user=jenkins1000 | ip=192.168.157.195 | op=REGISTER {datanodeDetails=bdf9e822-047f-40fc-a343-36702e59eb3b{ip: 192.168.157.195, host: pr-hdds-1569-xtfnx-3545843844, networkLocation: /default-rack, certSerialId: null}} | ret=SUCCESS |  
2019-09-12 10:31:50,757 [main] INFO  ozone.MiniOzoneClusterImpl (MiniOzoneClusterImpl.java:lambda$waitForClusterToBeReady$0(142)) - Waiting for cluster to be ready. Got 2 of 7 DN Heartbeats.
2019-09-12 10:31:50,761 [IPC Server handler 15 on 34062] INFO  net.NetworkTopology (NetworkTopologyImpl.java:add(110)) - Added a new node: /default-rack/815dbc88-4686-4200-bca8-64ffcdb076ff
2019-09-12 10:31:50,761 [IPC Server handler 15 on 34062] INFO  node.SCMNodeManager (SCMNodeManager.java:register(273)) - Registered Data node : 815dbc88-4686-4200-bca8-64ffcdb076ff{ip: 192.168.157.195, host: pr-hdds-1569-xtfnx-3545843844, networkLocation: /default-rack, certSerialId: null}
2019-09-12 10:31:50,762 [IPC Server handler 11 on 34062] INFO  net.NetworkTopology (NetworkTopologyImpl.java:add(110)) - Added a new node: /default-rack/a48435e2-fc20-4a41-b041-5f40b71db35c
2019-09-12 10:31:50,762 | INFO  | SCMAudit | user=jenkins1000 | ip=192.168.157.195 | op=REGISTER {datanodeDetails=815dbc88-4686-4200-bca8-64ffcdb076ff{ip: 192.168.157.195, host: pr-hdds-1569-xtfnx-3545843844, networkLocation: /default-rack, certSerialId: null}} | ret=SUCCESS |  
2019-09-12 10:31:50,762 [IPC Server handler 11 on 34062] INFO  node.SCMNodeManager (SCMNodeManager.java:register(273)) - Registered Data node : a48435e2-fc20-4a41-b041-5f40b71db35c{ip: 192.168.157.195, host: pr-hdds-1569-xtfnx-3545843844, networkLocation: /default-rack, certSerialId: null}
2019-09-12 10:31:50,792 | INFO  | SCMAudit | user=jenkins1000 | ip=192.168.157.195 | op=REGISTER {datanodeDetails=a48435e2-fc20-4a41-b041-5f40b71db35c{ip: 192.168.157.195, host: pr-hdds-1569-xtfnx-3545843844, networkLocation: /default-rack, certSerialId: null}} | ret=SUCCESS |  
2019-09-12 10:31:50,857 [IPC Server handler 10 on 34062] INFO  net.NetworkTopology (NetworkTopologyImpl.java:add(110)) - Added a new node: /default-rack/4c5e9952-d719-43f6-835b-97e6d68a1720
2019-09-12 10:31:50,858 [IPC Server handler 10 on 34062] INFO  node.SCMNodeManager (SCMNodeManager.java:register(273)) - Registered Data node : 4c5e9952-d719-43f6-835b-97e6d68a1720{ip: 192.168.157.195, host: pr-hdds-1569-xtfnx-3545843844, networkLocation: /default-rack, certSerialId: null}
2019-09-12 10:31:50,859 | INFO  | SCMAudit | user=jenkins1000 | ip=192.168.157.195 | op=REGISTER {datanodeDetails=4c5e9952-d719-43f6-835b-97e6d68a1720{ip: 192.168.157.195, host: pr-hdds-1569-xtfnx-3545843844, networkLocation: /default-rack, certSerialId: null}} | ret=SUCCESS |  
2019-09-12 10:31:50,989 [grpc-default-executor-0] INFO  impl.RaftServerProxy (RaftServerProxy.java:addNew(89)) - 8e0046c7-63e6-4424-9e2f-9e2de00b9629: addNew group-943B0B345CB4:[8e0046c7-63e6-4424-9e2f-9e2de00b9629:192.168.157.195:34007] returns group-943B0B345CB4:java.util.concurrent.CompletableFuture@4198b6ef[Not completed]
2019-09-12 10:31:51,018 [pool-27-thread-1] INFO  impl.RaftServerImpl (RaftServerImpl.java:<init>(93)) - 8e0046c7-63e6-4424-9e2f-9e2de00b9629: new RaftServerImpl for group-943B0B345CB4:[8e0046c7-63e6-4424-9e2f-9e2de00b9629:192.168.157.195:34007] with ContainerStateMachine:uninitialized
2019-09-12 10:31:51,020 [pool-27-thread-1] INFO  server.RaftServerConfigKeys (ConfUtils.java:logGet(43)) - raft.server.rpc.timeout.min = 5s (custom)
2019-09-12 10:31:51,022 [pool-27-thread-1] INFO  server.RaftServerConfigKeys (ConfUtils.java:logGet(43)) - raft.server.rpc.timeout.max = 5200ms (custom)
2019-09-12 10:31:51,022 [pool-27-thread-1] INFO  server.RaftServerConfigKeys (ConfUtils.java:logGet(43)) - raft.server.rpcslowness.timeout = 120s (custom)
2019-09-12 10:31:51,023 [pool-27-thread-1] INFO  server.RaftServerConfigKeys (ConfUtils.java:logGet(43)) - raft.server.sleep.deviation.threshold = 300 (default)
2019-09-12 10:31:51,024 [pool-27-thread-1] INFO  server.RaftServerConfigKeys (ConfUtils.java:logGet(43)) - raft.server.log.appender.install.snapshot.enabled = false (custom)
2019-09-12 10:31:51,033 [pool-27-thread-1] INFO  impl.RaftServerImpl (ServerState.java:<init>(105)) - 8e0046c7-63e6-4424-9e2f-9e2de00b9629:group-943B0B345CB4 ConfigurationManager, init=-1: [8e0046c7-63e6-4424-9e2f-9e2de00b9629:192.168.157.195:34007], old=null, confs=<EMPTY_MAP>
2019-09-12 10:31:51,034 [pool-27-thread-1] INFO  server.RaftServerConfigKeys (ConfUtils.java:logGet(43)) - raft.server.storage.dir = [/workdir/hadoop-ozone/integration-test/target/test-dir/MiniOzoneClusterImpl-8f4fcaf0-4acb-4edc-87bf-94a207340594/datanode-0/data/ratis] (custom)
2019-09-12 10:31:51,042 [pool-27-thread-1] INFO  storage.RaftStorageDirectory (RaftStorageDirectory.java:analyzeStorage(246)) - The storage directory /workdir/hadoop-ozone/integration-test/target/test-dir/MiniOzoneClusterImpl-8f4fcaf0-4acb-4edc-87bf-94a207340594/datanode-0/data/ratis/a461138a-20a3-4cf3-926f-943b0b345cb4 does not exist. Creating ...
2019-09-12 10:31:51,068 [pool-27-thread-1] INFO  storage.RaftStorageDirectory (RaftStorageDirectory.java:tryLock(328)) - Lock on /workdir/hadoop-ozone/integration-test/target/test-dir/MiniOzoneClusterImpl-8f4fcaf0-4acb-4edc-87bf-94a207340594/datanode-0/data/ratis/a461138a-20a3-4cf3-926f-943b0b345cb4/in_use.lock acquired by nodename 30709@pr-hdds-1569-xtfnx-3545843844
2019-09-12 10:31:51,084 [pool-27-thread-1] INFO  storage.RaftStorage (RaftStorage.java:format(72)) - Storage directory /workdir/hadoop-ozone/integration-test/target/test-dir/MiniOzoneClusterImpl-8f4fcaf0-4acb-4edc-87bf-94a207340594/datanode-0/data/ratis/a461138a-20a3-4cf3-926f-943b0b345cb4 has been successfully formatted.
2019-09-12 10:31:51,086 [pool-27-thread-1] INFO  ratis.ContainerStateMachine (ContainerStateMachine.java:loadSnapshot(226)) - group-943B0B345CB4: The snapshot info is null. Setting the last applied indexto:(t:0, i:~)
2019-09-12 10:31:51,086 [pool-27-thread-1] INFO  server.RaftServerConfigKeys (ConfUtils.java:logGet(43)) - raft.server.leader.election.timeout = 120s (custom)
2019-09-12 10:31:51,088 [pool-27-thread-1] INFO  server.RaftServerConfigKeys (ConfUtils.java:logGet(43)) - raft.server.log.use.memory = false (default)
2019-09-12 10:31:51,094 [pool-27-thread-1] INFO  server.RaftServerConfigKeys (ConfUtils.java:logGet(43)) - raft.server.log.purge.gap = 1000000 (custom)
2019-09-12 10:31:51,094 [pool-27-thread-1] INFO  server.RaftServerConfigKeys (ConfUtils.java:logGet(43)) - raft.server.log.appender.buffer.byte-limit = 33554432 (custom)
2019-09-12 10:31:51,095 [pool-27-thread-1] INFO  server.RaftServerConfigKeys (ConfUtils.java:logGet(43)) - raft.server.log.segment.size.max = 1048576 (custom)
2019-09-12 10:31:51,101 [pool-27-thread-1] INFO  server.RaftServerConfigKeys (ConfUtils.java:logGet(43)) - raft.server.log.segment.cache.num.max = 2 (custom)
2019-09-12 10:31:51,107 [pool-27-thread-1] INFO  segmented.SegmentedRaftLogWorker (SegmentedRaftLogWorker.java:<init>(172)) - new 8e0046c7-63e6-4424-9e2f-9e2de00b9629-SegmentedRaftLogWorker:Storage Directory /workdir/hadoop-ozone/integration-test/target/test-dir/MiniOzoneClusterImpl-8f4fcaf0-4acb-4edc-87bf-94a207340594/datanode-0/data/ratis/a461138a-20a3-4cf3-926f-943b0b345cb4 for RaftStorage:Storage Directory /workdir/hadoop-ozone/integration-test/target/test-dir/MiniOzoneClusterImpl-8f4fcaf0-4acb-4edc-87bf-94a207340594/datanode-0/data/ratis/a461138a-20a3-4cf3-926f-943b0b345cb4
2019-09-12 10:31:51,121 [pool-27-thread-1] INFO  server.RaftServerConfigKeys (ConfUtils.java:logGet(43)) - raft.server.log.queue.byte-limit = 2147483647 (custom)
2019-09-12 10:31:51,122 [pool-27-thread-1] INFO  server.RaftServerConfigKeys (ConfUtils.java:logGet(43)) - raft.server.log.queue.element-limit = 1024 (custom)
2019-09-12 10:31:51,129 [pool-27-thread-1] INFO  server.RaftServerConfigKeys (ConfUtils.java:logGet(43)) - raft.server.log.segment.size.max = 1048576 (custom)
2019-09-12 10:31:51,130 [pool-27-thread-1] INFO  server.RaftServerConfigKeys (ConfUtils.java:logGet(43)) - raft.server.log.preallocated.size = 16384 (custom)
2019-09-12 10:31:51,131 [pool-27-thread-1] INFO  server.RaftServerConfigKeys (ConfUtils.java:logGet(43)) - raft.server.log.write.buffer.size = 33554432 (custom)
2019-09-12 10:31:51,132 [pool-27-thread-1] INFO  server.RaftServerConfigKeys (ConfUtils.java:logGet(43)) - raft.server.log.force.sync.num = 128 (default)
2019-09-12 10:31:51,133 [pool-27-thread-1] INFO  server.RaftServerConfigKeys (ConfUtils.java:logGet(43)) - raft.server.log.statemachine.data.sync = true (default)
2019-09-12 10:31:51,134 [pool-27-thread-1] INFO  server.RaftServerConfigKeys (ConfUtils.java:logGet(43)) - raft.server.log.statemachine.data.sync.timeout = 10s (default)
2019-09-12 10:31:51,134 [pool-27-thread-1] INFO  server.RaftServerConfigKeys (ConfUtils.java:logGet(43)) - raft.server.log.statemachine.data.sync.timeout.retry = -1 (default)
2019-09-12 10:31:51,149 [pool-27-thread-1] INFO  server.RaftServerConfigKeys (ConfUtils.java:logGet(43)) - raft.server.log.statemachine.data.caching.enabled = true (custom)
2019-09-12 10:31:51,156 [pool-27-thread-1] INFO  segmented.SegmentedRaftLogWorker (SegmentedRaftLogWorker.java:lambda$new$0(132)) - 8e0046c7-63e6-4424-9e2f-9e2de00b9629-SegmentedRaftLogWorker:Storage Directory /workdir/hadoop-ozone/integration-test/target/test-dir/MiniOzoneClusterImpl-8f4fcaf0-4acb-4edc-87bf-94a207340594/datanode-0/data/ratis/a461138a-20a3-4cf3-926f-943b0b345cb4: flushIndex: setUnconditionally 0 -> -1
2019-09-12 10:31:51,161 [pool-27-thread-1] INFO  server.RaftServerConfigKeys (ConfUtils.java:logGet(43)) - raft.server.snapshot.auto.trigger.enabled = true (custom)
2019-09-12 10:31:51,163 [pool-27-thread-1] INFO  server.RaftServerConfigKeys (ConfUtils.java:logGet(43)) - raft.server.snapshot.auto.trigger.threshold = 10000 (custom)
2019-09-12 10:31:51,163 [pool-27-thread-1] INFO  server.RaftServerConfigKeys (ConfUtils.java:logGet(43)) - raft.server.retrycache.expirytime = 600000ms (custom)
2019-09-12 10:31:51,188 [pool-27-thread-1] INFO  impl.RaftServerImpl (RaftServerImpl.java:start(180)) - 8e0046c7-63e6-4424-9e2f-9e2de00b9629: start group-943B0B345CB4
2019-09-12 10:31:51,190 [pool-27-thread-1] INFO  impl.RaftServerImpl (RaftServerImpl.java:setRole(171)) - 8e0046c7-63e6-4424-9e2f-9e2de00b9629:group-943B0B345CB4 changes role from null to FOLLOWER at term 0 for startAsFollower
2019-09-12 10:31:51,192 [pool-27-thread-1] INFO  impl.RoleInfo (RoleInfo.java:updateAndGet(143)) - 8e0046c7-63e6-4424-9e2f-9e2de00b9629: start FollowerState
2019-09-12 10:31:51,195 [pool-27-thread-1] INFO  util.JmxRegister (JmxRegister.java:tryRegister(44)) - Successfully registered JMX Bean with object name Ratis:service=RaftServer,group=group-943B0B345CB4,id=8e0046c7-63e6-4424-9e2f-9e2de00b9629
2019-09-12 10:31:51,261 [IPC Server handler 14 on 34062] INFO  net.NetworkTopology (NetworkTopologyImpl.java:add(110)) - Added a new node: /default-rack/2568e786-00ee-48a3-80d4-4df304b22b3f
2019-09-12 10:31:51,263 [IPC Server handler 14 on 34062] INFO  node.SCMNodeManager (SCMNodeManager.java:register(273)) - Registered Data node : 2568e786-00ee-48a3-80d4-4df304b22b3f{ip: 192.168.157.195, host: pr-hdds-1569-xtfnx-3545843844, networkLocation: /default-rack, certSerialId: null}
2019-09-12 10:31:51,265 | INFO  | SCMAudit | user=jenkins1000 | ip=192.168.157.195 | op=REGISTER {datanodeDetails=2568e786-00ee-48a3-80d4-4df304b22b3f{ip: 192.168.157.195, host: pr-hdds-1569-xtfnx-3545843844, networkLocation: /default-rack, certSerialId: null}} | ret=SUCCESS |  
2019-09-12 10:31:51,273 [RatisPipelineUtilsThread] INFO  pipeline.PipelineStateManager (PipelineStateManager.java:addPipeline(56)) - Created pipeline Pipeline[ Id: a461138a-20a3-4cf3-926f-943b0b345cb4, Nodes: 8e0046c7-63e6-4424-9e2f-9e2de00b9629{ip: 192.168.157.195, host: pr-hdds-1569-xtfnx-3545843844, networkLocation: /default-rack, certSerialId: null}, Type:RATIS, Factor:ONE, State:OPEN]
2019-09-12 10:31:51,310 [grpc-default-executor-0] INFO  impl.RaftServerProxy (RaftServerProxy.java:addNew(89)) - a48435e2-fc20-4a41-b041-5f40b71db35c: addNew group-1E5819B925E5:[a48435e2-fc20-4a41-b041-5f40b71db35c:192.168.157.195:35879] returns group-1E5819B925E5:java.util.concurrent.CompletableFuture@28151dd6[Not completed]
2019-09-12 10:31:51,379 [pool-49-thread-1] INFO  impl.RaftServerImpl (RaftServerImpl.java:<init>(93)) - a48435e2-fc20-4a41-b041-5f40b71db35c: new RaftServerImpl for group-1E5819B925E5:[a48435e2-fc20-4a41-b041-5f40b71db35c:192.168.157.195:35879] with ContainerStateMachine:uninitialized
2019-09-12 10:31:51,381 [pool-49-thread-1] INFO  server.RaftServerConfigKeys (ConfUtils.java:logGet(43)) - raft.server.rpc.timeout.min = 5s (custom)
2019-09-12 10:31:51,381 [pool-49-thread-1] INFO  server.RaftServerConfigKeys (ConfUtils.java:logGet(43)) - raft.server.rpc.timeout.max = 5200ms (custom)
2019-09-12 10:31:51,382 [pool-49-thread-1] INFO  server.RaftServerConfigKeys (ConfUtils.java:logGet(43)) - raft.server.rpcslowness.timeout = 120s (custom)
2019-09-12 10:31:51,382 [pool-49-thread-1] INFO  server.RaftServerConfigKeys (ConfUtils.java:logGet(43)) - raft.server.sleep.deviation.threshold = 300 (default)
2019-09-12 10:31:51,382 [pool-49-thread-1] INFO  server.RaftServerConfigKeys (ConfUtils.java:logGet(43)) - raft.server.log.appender.install.snapshot.enabled = false (custom)
2019-09-12 10:31:51,382 [pool-49-thread-1] INFO  impl.RaftServerImpl (ServerState.java:<init>(105)) - a48435e2-fc20-4a41-b041-5f40b71db35c:group-1E5819B925E5 ConfigurationManager, init=-1: [a48435e2-fc20-4a41-b041-5f40b71db35c:192.168.157.195:35879], old=null, confs=<EMPTY_MAP>
2019-09-12 10:31:51,383 [pool-49-thread-1] INFO  server.RaftServerConfigKeys (ConfUtils.java:logGet(43)) - raft.server.storage.dir = [/workdir/hadoop-ozone/integration-test/target/test-dir/MiniOzoneClusterImpl-8f4fcaf0-4acb-4edc-87bf-94a207340594/datanode-2/data/ratis] (custom)
2019-09-12 10:31:51,383 [pool-49-thread-1] INFO  storage.RaftStorageDirectory (RaftStorageDirectory.java:analyzeStorage(246)) - The storage directory /workdir/hadoop-ozone/integration-test/target/test-dir/MiniOzoneClusterImpl-8f4fcaf0-4acb-4edc-87bf-94a207340594/datanode-2/data/ratis/c2f8f207-b928-403e-a847-1e5819b925e5 does not exist. Creating ...
2019-09-12 10:31:51,410 [pool-49-thread-1] INFO  storage.RaftStorageDirectory (RaftStorageDirectory.java:tryLock(328)) - Lock on /workdir/hadoop-ozone/integration-test/target/test-dir/MiniOzoneClusterImpl-8f4fcaf0-4acb-4edc-87bf-94a207340594/datanode-2/data/ratis/c2f8f207-b928-403e-a847-1e5819b925e5/in_use.lock acquired by nodename 30709@pr-hdds-1569-xtfnx-3545843844
2019-09-12 10:31:51,423 [pool-49-thread-1] INFO  storage.RaftStorage (RaftStorage.java:format(72)) - Storage directory /workdir/hadoop-ozone/integration-test/target/test-dir/MiniOzoneClusterImpl-8f4fcaf0-4acb-4edc-87bf-94a207340594/datanode-2/data/ratis/c2f8f207-b928-403e-a847-1e5819b925e5 has been successfully formatted.
2019-09-12 10:31:51,426 [pool-49-thread-1] INFO  ratis.ContainerStateMachine (ContainerStateMachine.java:loadSnapshot(226)) - group-1E5819B925E5: The snapshot info is null. Setting the last applied indexto:(t:0, i:~)
2019-09-12 10:31:51,428 [pool-49-thread-1] INFO  server.RaftServerConfigKeys (ConfUtils.java:logGet(43)) - raft.server.leader.election.timeout = 120s (custom)
2019-09-12 10:31:51,428 [pool-49-thread-1] INFO  server.RaftServerConfigKeys (ConfUtils.java:logGet(43)) - raft.server.log.use.memory = false (default)
2019-09-12 10:31:51,428 [pool-49-thread-1] INFO  server.RaftServerConfigKeys (ConfUtils.java:logGet(43)) - raft.server.log.purge.gap = 1000000 (custom)
2019-09-12 10:31:51,429 [pool-49-thread-1] INFO  server.RaftServerConfigKeys (ConfUtils.java:logGet(43)) - raft.server.log.appender.buffer.byte-limit = 33554432 (custom)
2019-09-12 10:31:51,429 [pool-49-thread-1] INFO  server.RaftServerConfigKeys (ConfUtils.java:logGet(43)) - raft.server.log.segment.size.max = 1048576 (custom)
2019-09-12 10:31:51,429 [pool-49-thread-1] INFO  server.RaftServerConfigKeys (ConfUtils.java:logGet(43)) - raft.server.log.segment.cache.num.max = 2 (custom)
2019-09-12 10:31:51,429 [pool-49-thread-1] INFO  segmented.SegmentedRaftLogWorker (SegmentedRaftLogWorker.java:<init>(172)) - new a48435e2-fc20-4a41-b041-5f40b71db35c-SegmentedRaftLogWorker:Storage Directory /workdir/hadoop-ozone/integration-test/target/test-dir/MiniOzoneClusterImpl-8f4fcaf0-4acb-4edc-87bf-94a207340594/datanode-2/data/ratis/c2f8f207-b928-403e-a847-1e5819b925e5 for RaftStorage:Storage Directory /workdir/hadoop-ozone/integration-test/target/test-dir/MiniOzoneClusterImpl-8f4fcaf0-4acb-4edc-87bf-94a207340594/datanode-2/data/ratis/c2f8f207-b928-403e-a847-1e5819b925e5
2019-09-12 10:31:51,432 [pool-49-thread-1] INFO  server.RaftServerConfigKeys (ConfUtils.java:logGet(43)) - raft.server.log.queue.byte-limit = 2147483647 (custom)
2019-09-12 10:31:51,432 [pool-49-thread-1] INFO  server.RaftServerConfigKeys (ConfUtils.java:logGet(43)) - raft.server.log.queue.element-limit = 1024 (custom)
2019-09-12 10:31:51,432 [pool-49-thread-1] INFO  server.RaftServerConfigKeys (ConfUtils.java:logGet(43)) - raft.server.log.segment.size.max = 1048576 (custom)
2019-09-12 10:31:51,433 [pool-49-thread-1] INFO  server.RaftServerConfigKeys (ConfUtils.java:logGet(43)) - raft.server.log.preallocated.size = 16384 (custom)
2019-09-12 10:31:51,433 [pool-49-thread-1] INFO  server.RaftServerConfigKeys (ConfUtils.java:logGet(43)) - raft.server.log.write.buffer.size = 33554432 (custom)
2019-09-12 10:31:51,433 [pool-49-thread-1] INFO  server.RaftServerConfigKeys (ConfUtils.java:logGet(43)) - raft.server.log.force.sync.num = 128 (default)
2019-09-12 10:31:51,433 [pool-49-thread-1] INFO  server.RaftServerConfigKeys (ConfUtils.java:logGet(43)) - raft.server.log.statemachine.data.sync = true (default)
2019-09-12 10:31:51,433 [pool-49-thread-1] INFO  server.RaftServerConfigKeys (ConfUtils.java:logGet(43)) - raft.server.log.statemachine.data.sync.timeout = 10s (default)
2019-09-12 10:31:51,434 [pool-49-thread-1] INFO  server.RaftServerConfigKeys (ConfUtils.java:logGet(43)) - raft.server.log.statemachine.data.sync.timeout.retry = -1 (default)
2019-09-12 10:31:51,434 [pool-49-thread-1] INFO  server.RaftServerConfigKeys (ConfUtils.java:logGet(43)) - raft.server.log.statemachine.data.caching.enabled = true (custom)
2019-09-12 10:31:51,435 [pool-49-thread-1] INFO  segmented.SegmentedRaftLogWorker (SegmentedRaftLogWorker.java:lambda$new$0(132)) - a48435e2-fc20-4a41-b041-5f40b71db35c-SegmentedRaftLogWorker:Storage Directory /workdir/hadoop-ozone/integration-test/target/test-dir/MiniOzoneClusterImpl-8f4fcaf0-4acb-4edc-87bf-94a207340594/datanode-2/data/ratis/c2f8f207-b928-403e-a847-1e5819b925e5: flushIndex: setUnconditionally 0 -> -1
2019-09-12 10:31:51,435 [pool-49-thread-1] INFO  server.RaftServerConfigKeys (ConfUtils.java:logGet(43)) - raft.server.snapshot.auto.trigger.enabled = true (custom)
2019-09-12 10:31:51,436 [pool-49-thread-1] INFO  server.RaftServerConfigKeys (ConfUtils.java:logGet(43)) - raft.server.snapshot.auto.trigger.threshold = 10000 (custom)
2019-09-12 10:31:51,436 [pool-49-thread-1] INFO  server.RaftServerConfigKeys (ConfUtils.java:logGet(43)) - raft.server.retrycache.expirytime = 600000ms (custom)
2019-09-12 10:31:51,436 [pool-49-thread-1] INFO  impl.RaftServerImpl (RaftServerImpl.java:start(180)) - a48435e2-fc20-4a41-b041-5f40b71db35c: start group-1E5819B925E5
2019-09-12 10:31:51,437 [pool-49-thread-1] INFO  impl.RaftServerImpl (RaftServerImpl.java:setRole(171)) - a48435e2-fc20-4a41-b041-5f40b71db35c:group-1E5819B925E5 changes role from null to FOLLOWER at term 0 for startAsFollower
2019-09-12 10:31:51,437 [pool-49-thread-1] INFO  impl.RoleInfo (RoleInfo.java:updateAndGet(143)) - a48435e2-fc20-4a41-b041-5f40b71db35c: start FollowerState
2019-09-12 10:31:51,439 [pool-49-thread-1] INFO  util.JmxRegister (JmxRegister.java:tryRegister(44)) - Successfully registered JMX Bean with object name Ratis:service=RaftServer,group=group-1E5819B925E5,id=a48435e2-fc20-4a41-b041-5f40b71db35c
2019-09-12 10:31:51,459 [RatisPipelineUtilsThread] INFO  pipeline.PipelineStateManager (PipelineStateManager.java:addPipeline(56)) - Created pipeline Pipeline[ Id: c2f8f207-b928-403e-a847-1e5819b925e5, Nodes: a48435e2-fc20-4a41-b041-5f40b71db35c{ip: 192.168.157.195, host: pr-hdds-1569-xtfnx-3545843844, networkLocation: /default-rack, certSerialId: null}, Type:RATIS, Factor:ONE, State:OPEN]
2019-09-12 10:31:51,489 [grpc-default-executor-0] INFO  impl.RaftServerProxy (RaftServerProxy.java:addNew(89)) - bdf9e822-047f-40fc-a343-36702e59eb3b: addNew group-D7DFA00A5108:[bdf9e822-047f-40fc-a343-36702e59eb3b:192.168.157.195:45766] returns group-D7DFA00A5108:java.util.concurrent.CompletableFuture@5ad0c4d5[Not completed]
2019-09-12 10:31:51,511 [pool-38-thread-1] INFO  impl.RaftServerImpl (RaftServerImpl.java:<init>(93)) - bdf9e822-047f-40fc-a343-36702e59eb3b: new RaftServerImpl for group-D7DFA00A5108:[bdf9e822-047f-40fc-a343-36702e59eb3b:192.168.157.195:45766] with ContainerStateMachine:uninitialized
2019-09-12 10:31:51,512 [pool-38-thread-1] INFO  server.RaftServerConfigKeys (ConfUtils.java:logGet(43)) - raft.server.rpc.timeout.min = 5s (custom)
2019-09-12 10:31:51,512 [pool-38-thread-1] INFO  server.RaftServerConfigKeys (ConfUtils.java:logGet(43)) - raft.server.rpc.timeout.max = 5200ms (custom)
2019-09-12 10:31:51,512 [pool-38-thread-1] INFO  server.RaftServerConfigKeys (ConfUtils.java:logGet(43)) - raft.server.rpcslowness.timeout = 120s (custom)
2019-09-12 10:31:51,512 [pool-38-thread-1] INFO  server.RaftServerConfigKeys (ConfUtils.java:logGet(43)) - raft.server.sleep.deviation.threshold = 300 (default)
2019-09-12 10:31:51,513 [pool-38-thread-1] INFO  server.RaftServerConfigKeys (ConfUtils.java:logGet(43)) - raft.server.log.appender.install.snapshot.enabled = false (custom)
2019-09-12 10:31:51,513 [pool-38-thread-1] INFO  impl.RaftServerImpl (ServerState.java:<init>(105)) - bdf9e822-047f-40fc-a343-36702e59eb3b:group-D7DFA00A5108 ConfigurationManager, init=-1: [bdf9e822-047f-40fc-a343-36702e59eb3b:192.168.157.195:45766], old=null, confs=<EMPTY_MAP>
2019-09-12 10:31:51,513 [pool-38-thread-1] INFO  server.RaftServerConfigKeys (ConfUtils.java:logGet(43)) - raft.server.storage.dir = [/workdir/hadoop-ozone/integration-test/target/test-dir/MiniOzoneClusterImpl-8f4fcaf0-4acb-4edc-87bf-94a207340594/datanode-1/data/ratis] (custom)
2019-09-12 10:31:51,514 [pool-38-thread-1] INFO  storage.RaftStorageDirectory (RaftStorageDirectory.java:analyzeStorage(246)) - The storage directory /workdir/hadoop-ozone/integration-test/target/test-dir/MiniOzoneClusterImpl-8f4fcaf0-4acb-4edc-87bf-94a207340594/datanode-1/data/ratis/415aa35c-d8ff-4d44-a28e-d7dfa00a5108 does not exist. Creating ...
2019-09-12 10:31:51,517 [IPC Server handler 12 on 34062] INFO  net.NetworkTopology (NetworkTopologyImpl.java:add(110)) - Added a new node: /default-rack/987bcea4-2fc9-416e-8dfa-fe4cc4293164
2019-09-12 10:31:51,517 [IPC Server handler 12 on 34062] INFO  node.SCMNodeManager (SCMNodeManager.java:register(273)) - Registered Data node : 987bcea4-2fc9-416e-8dfa-fe4cc4293164{ip: 192.168.157.195, host: pr-hdds-1569-xtfnx-3545843844, networkLocation: /default-rack, certSerialId: null}
2019-09-12 10:31:51,518 | INFO  | SCMAudit | user=jenkins1000 | ip=192.168.157.195 | op=REGISTER {datanodeDetails=987bcea4-2fc9-416e-8dfa-fe4cc4293164{ip: 192.168.157.195, host: pr-hdds-1569-xtfnx-3545843844, networkLocation: /default-rack, certSerialId: null}} | ret=SUCCESS |  
2019-09-12 10:31:51,540 [pool-38-thread-1] INFO  storage.RaftStorageDirectory (RaftStorageDirectory.java:tryLock(328)) - Lock on /workdir/hadoop-ozone/integration-test/target/test-dir/MiniOzoneClusterImpl-8f4fcaf0-4acb-4edc-87bf-94a207340594/datanode-1/data/ratis/415aa35c-d8ff-4d44-a28e-d7dfa00a5108/in_use.lock acquired by nodename 30709@pr-hdds-1569-xtfnx-3545843844
2019-09-12 10:31:51,553 [pool-38-thread-1] INFO  storage.RaftStorage (RaftStorage.java:format(72)) - Storage directory /workdir/hadoop-ozone/integration-test/target/test-dir/MiniOzoneClusterImpl-8f4fcaf0-4acb-4edc-87bf-94a207340594/datanode-1/data/ratis/415aa35c-d8ff-4d44-a28e-d7dfa00a5108 has been successfully formatted.
2019-09-12 10:31:51,554 [pool-38-thread-1] INFO  ratis.ContainerStateMachine (ContainerStateMachine.java:loadSnapshot(226)) - group-D7DFA00A5108: The snapshot info is null. Setting the last applied indexto:(t:0, i:~)
2019-09-12 10:31:51,554 [pool-38-thread-1] INFO  server.RaftServerConfigKeys (ConfUtils.java:logGet(43)) - raft.server.leader.election.timeout = 120s (custom)
2019-09-12 10:31:51,554 [pool-38-thread-1] INFO  server.RaftServerConfigKeys (ConfUtils.java:logGet(43)) - raft.server.log.use.memory = false (default)
2019-09-12 10:31:51,554 [pool-38-thread-1] INFO  server.RaftServerConfigKeys (ConfUtils.java:logGet(43)) - raft.server.log.purge.gap = 1000000 (custom)
2019-09-12 10:31:51,555 [pool-38-thread-1] INFO  server.RaftServerConfigKeys (ConfUtils.java:logGet(43)) - raft.server.log.appender.buffer.byte-limit = 33554432 (custom)
2019-09-12 10:31:51,555 [pool-38-thread-1] INFO  server.RaftServerConfigKeys (ConfUtils.java:logGet(43)) - raft.server.log.segment.size.max = 1048576 (custom)
2019-09-12 10:31:51,555 [pool-38-thread-1] INFO  server.RaftServerConfigKeys (ConfUtils.java:logGet(43)) - raft.server.log.segment.cache.num.max = 2 (custom)
2019-09-12 10:31:51,555 [pool-38-thread-1] INFO  segmented.SegmentedRaftLogWorker (SegmentedRaftLogWorker.java:<init>(172)) - new bdf9e822-047f-40fc-a343-36702e59eb3b-SegmentedRaftLogWorker:Storage Directory /workdir/hadoop-ozone/integration-test/target/test-dir/MiniOzoneClusterImpl-8f4fcaf0-4acb-4edc-87bf-94a207340594/datanode-1/data/ratis/415aa35c-d8ff-4d44-a28e-d7dfa00a5108 for RaftStorage:Storage Directory /workdir/hadoop-ozone/integration-test/target/test-dir/MiniOzoneClusterImpl-8f4fcaf0-4acb-4edc-87bf-94a207340594/datanode-1/data/ratis/415aa35c-d8ff-4d44-a28e-d7dfa00a5108
2019-09-12 10:31:51,555 [pool-38-thread-1] INFO  server.RaftServerConfigKeys (ConfUtils.java:logGet(43)) - raft.server.log.queue.byte-limit = 2147483647 (custom)
2019-09-12 10:31:51,556 [pool-38-thread-1] INFO  server.RaftServerConfigKeys (ConfUtils.java:logGet(43)) - raft.server.log.queue.element-limit = 1024 (custom)
2019-09-12 10:31:51,556 [pool-38-thread-1] INFO  server.RaftServerConfigKeys (ConfUtils.java:logGet(43)) - raft.server.log.segment.size.max = 1048576 (custom)
2019-09-12 10:31:51,556 [pool-38-thread-1] INFO  server.RaftServerConfigKeys (ConfUtils.java:logGet(43)) - raft.server.log.preallocated.size = 16384 (custom)
2019-09-12 10:31:51,557 [pool-38-thread-1] INFO  server.RaftServerConfigKeys (ConfUtils.java:logGet(43)) - raft.server.log.write.buffer.size = 33554432 (custom)
2019-09-12 10:31:51,557 [pool-38-thread-1] INFO  server.RaftServerConfigKeys (ConfUtils.java:logGet(43)) - raft.server.log.force.sync.num = 128 (default)
2019-09-12 10:31:51,557 [pool-38-thread-1] INFO  server.RaftServerConfigKeys (ConfUtils.java:logGet(43)) - raft.server.log.statemachine.data.sync = true (default)
2019-09-12 10:31:51,557 [pool-38-thread-1] INFO  server.RaftServerConfigKeys (ConfUtils.java:logGet(43)) - raft.server.log.statemachine.data.sync.timeout = 10s (default)
2019-09-12 10:31:51,557 [pool-38-thread-1] INFO  server.RaftServerConfigKeys (ConfUtils.java:logGet(43)) - raft.server.log.statemachine.data.sync.timeout.retry = -1 (default)
2019-09-12 10:31:51,558 [pool-38-thread-1] INFO  server.RaftServerConfigKeys (ConfUtils.java:logGet(43)) - raft.server.log.statemachine.data.caching.enabled = true (custom)
2019-09-12 10:31:51,558 [pool-38-thread-1] INFO  segmented.SegmentedRaftLogWorker (SegmentedRaftLogWorker.java:lambda$new$0(132)) - bdf9e822-047f-40fc-a343-36702e59eb3b-SegmentedRaftLogWorker:Storage Directory /workdir/hadoop-ozone/integration-test/target/test-dir/MiniOzoneClusterImpl-8f4fcaf0-4acb-4edc-87bf-94a207340594/datanode-1/data/ratis/415aa35c-d8ff-4d44-a28e-d7dfa00a5108: flushIndex: setUnconditionally 0 -> -1
2019-09-12 10:31:51,559 [pool-38-thread-1] INFO  server.RaftServerConfigKeys (ConfUtils.java:logGet(43)) - raft.server.snapshot.auto.trigger.enabled = true (custom)
2019-09-12 10:31:51,559 [pool-38-thread-1] INFO  server.RaftServerConfigKeys (ConfUtils.java:logGet(43)) - raft.server.snapshot.auto.trigger.threshold = 10000 (custom)
2019-09-12 10:31:51,559 [pool-38-thread-1] INFO  server.RaftServerConfigKeys (ConfUtils.java:logGet(43)) - raft.server.retrycache.expirytime = 600000ms (custom)
2019-09-12 10:31:51,560 [pool-38-thread-1] INFO  impl.RaftServerImpl (RaftServerImpl.java:start(180)) - bdf9e822-047f-40fc-a343-36702e59eb3b: start group-D7DFA00A5108
2019-09-12 10:31:51,560 [pool-38-thread-1] INFO  impl.RaftServerImpl (RaftServerImpl.java:setRole(171)) - bdf9e822-047f-40fc-a343-36702e59eb3b:group-D7DFA00A5108 changes role from null to FOLLOWER at term 0 for startAsFollower
2019-09-12 10:31:51,560 [pool-38-thread-1] INFO  impl.RoleInfo (RoleInfo.java:updateAndGet(143)) - bdf9e822-047f-40fc-a343-36702e59eb3b: start FollowerState
2019-09-12 10:31:51,561 [pool-38-thread-1] INFO  util.JmxRegister (JmxRegister.java:tryRegister(44)) - Successfully registered JMX Bean with object name Ratis:service=RaftServer,group=group-D7DFA00A5108,id=bdf9e822-047f-40fc-a343-36702e59eb3b
2019-09-12 10:31:51,575 [RatisPipelineUtilsThread] INFO  pipeline.PipelineStateManager (PipelineStateManager.java:addPipeline(56)) - Created pipeline Pipeline[ Id: 415aa35c-d8ff-4d44-a28e-d7dfa00a5108, Nodes: bdf9e822-047f-40fc-a343-36702e59eb3b{ip: 192.168.157.195, host: pr-hdds-1569-xtfnx-3545843844, networkLocation: /default-rack, certSerialId: null}, Type:RATIS, Factor:ONE, State:OPEN]
2019-09-12 10:31:51,598 [grpc-default-executor-0] INFO  impl.RaftServerProxy (RaftServerProxy.java:addNew(89)) - a48435e2-fc20-4a41-b041-5f40b71db35c: addNew group-7D60C2584574:[a48435e2-fc20-4a41-b041-5f40b71db35c:192.168.157.195:35879] returns group-7D60C2584574:java.util.concurrent.CompletableFuture@1c544d8f[Not completed]
2019-09-12 10:31:51,601 [pool-49-thread-1] INFO  impl.RaftServerImpl (RaftServerImpl.java:<init>(93)) - a48435e2-fc20-4a41-b041-5f40b71db35c: new RaftServerImpl for group-7D60C2584574:[a48435e2-fc20-4a41-b041-5f40b71db35c:192.168.157.195:35879] with ContainerStateMachine:uninitialized
2019-09-12 10:31:51,602 [pool-49-thread-1] INFO  server.RaftServerConfigKeys (ConfUtils.java:logGet(43)) - raft.server.rpc.timeout.min = 5s (custom)
2019-09-12 10:31:51,602 [pool-49-thread-1] INFO  server.RaftServerConfigKeys (ConfUtils.java:logGet(43)) - raft.server.rpc.timeout.max = 5200ms (custom)
2019-09-12 10:31:51,602 [pool-49-thread-1] INFO  server.RaftServerConfigKeys (ConfUtils.java:logGet(43)) - raft.server.rpcslowness.timeout = 120s (custom)
2019-09-12 10:31:51,603 [pool-49-thread-1] INFO  server.RaftServerConfigKeys (ConfUtils.java:logGet(43)) - raft.server.sleep.deviation.threshold = 300 (default)
2019-09-12 10:31:51,603 [pool-49-thread-1] INFO  server.RaftServerConfigKeys (ConfUtils.java:logGet(43)) - raft.server.log.appender.install.snapshot.enabled = false (custom)
2019-09-12 10:31:51,603 [pool-49-thread-1] INFO  impl.RaftServerImpl (ServerState.java:<init>(105)) - a48435e2-fc20-4a41-b041-5f40b71db35c:group-7D60C2584574 ConfigurationManager, init=-1: [a48435e2-fc20-4a41-b041-5f40b71db35c:192.168.157.195:35879], old=null, confs=<EMPTY_MAP>
2019-09-12 10:31:51,603 [pool-49-thread-1] INFO  server.RaftServerConfigKeys (ConfUtils.java:logGet(43)) - raft.server.storage.dir = [/workdir/hadoop-ozone/integration-test/target/test-dir/MiniOzoneClusterImpl-8f4fcaf0-4acb-4edc-87bf-94a207340594/datanode-2/data/ratis] (custom)
2019-09-12 10:31:51,604 [pool-49-thread-1] INFO  storage.RaftStorageDirectory (RaftStorageDirectory.java:analyzeStorage(246)) - The storage directory /workdir/hadoop-ozone/integration-test/target/test-dir/MiniOzoneClusterImpl-8f4fcaf0-4acb-4edc-87bf-94a207340594/datanode-2/data/ratis/a8d2fe2a-c49f-4eb3-bcc1-7d60c2584574 does not exist. Creating ...
2019-09-12 10:31:51,616 [pool-49-thread-1] INFO  storage.RaftStorageDirectory (RaftStorageDirectory.java:tryLock(328)) - Lock on /workdir/hadoop-ozone/integration-test/target/test-dir/MiniOzoneClusterImpl-8f4fcaf0-4acb-4edc-87bf-94a207340594/datanode-2/data/ratis/a8d2fe2a-c49f-4eb3-bcc1-7d60c2584574/in_use.lock acquired by nodename 30709@pr-hdds-1569-xtfnx-3545843844
2019-09-12 10:31:51,629 [pool-49-thread-1] INFO  storage.RaftStorage (RaftStorage.java:format(72)) - Storage directory /workdir/hadoop-ozone/integration-test/target/test-dir/MiniOzoneClusterImpl-8f4fcaf0-4acb-4edc-87bf-94a207340594/datanode-2/data/ratis/a8d2fe2a-c49f-4eb3-bcc1-7d60c2584574 has been successfully formatted.
2019-09-12 10:31:51,629 [pool-49-thread-1] INFO  ratis.ContainerStateMachine (ContainerStateMachine.java:loadSnapshot(226)) - group-7D60C2584574: The snapshot info is null. Setting the last applied indexto:(t:0, i:~)
2019-09-12 10:31:51,630 [pool-49-thread-1] INFO  server.RaftServerConfigKeys (ConfUtils.java:logGet(43)) - raft.server.leader.election.timeout = 120s (custom)
2019-09-12 10:31:51,630 [pool-49-thread-1] INFO  server.RaftServerConfigKeys (ConfUtils.java:logGet(43)) - raft.server.log.use.memory = false (default)
2019-09-12 10:31:51,630 [pool-49-thread-1] INFO  server.RaftServerConfigKeys (ConfUtils.java:logGet(43)) - raft.server.log.purge.gap = 1000000 (custom)
2019-09-12 10:31:51,630 [pool-49-thread-1] INFO  server.RaftServerConfigKeys (ConfUtils.java:logGet(43)) - raft.server.log.appender.buffer.byte-limit = 33554432 (custom)
2019-09-12 10:31:51,631 [pool-49-thread-1] INFO  server.RaftServerConfigKeys (ConfUtils.java:logGet(43)) - raft.server.log.segment.size.max = 1048576 (custom)
2019-09-12 10:31:51,631 [pool-49-thread-1] INFO  server.RaftServerConfigKeys (ConfUtils.java:logGet(43)) - raft.server.log.segment.cache.num.max = 2 (custom)
2019-09-12 10:31:51,631 [pool-49-thread-1] INFO  segmented.SegmentedRaftLogWorker (SegmentedRaftLogWorker.java:<init>(172)) - new a48435e2-fc20-4a41-b041-5f40b71db35c-SegmentedRaftLogWorker:Storage Directory /workdir/hadoop-ozone/integration-test/target/test-dir/MiniOzoneClusterImpl-8f4fcaf0-4acb-4edc-87bf-94a207340594/datanode-2/data/ratis/a8d2fe2a-c49f-4eb3-bcc1-7d60c2584574 for RaftStorage:Storage Directory /workdir/hadoop-ozone/integration-test/target/test-dir/MiniOzoneClusterImpl-8f4fcaf0-4acb-4edc-87bf-94a207340594/datanode-2/data/ratis/a8d2fe2a-c49f-4eb3-bcc1-7d60c2584574
2019-09-12 10:31:51,631 [pool-49-thread-1] INFO  server.RaftServerConfigKeys (ConfUtils.java:logGet(43)) - raft.server.log.queue.byte-limit = 2147483647 (custom)
2019-09-12 10:31:51,631 [pool-49-thread-1] INFO  server.RaftServerConfigKeys (ConfUtils.java:logGet(43)) - raft.server.log.queue.element-limit = 1024 (custom)
2019-09-12 10:31:51,632 [pool-49-thread-1] INFO  server.RaftServerConfigKeys (ConfUtils.java:logGet(43)) - raft.server.log.segment.size.max = 1048576 (custom)
2019-09-12 10:31:51,632 [pool-49-thread-1] INFO  server.RaftServerConfigKeys (ConfUtils.java:logGet(43)) - raft.server.log.preallocated.size = 16384 (custom)
2019-09-12 10:31:51,632 [pool-49-thread-1] INFO  server.RaftServerConfigKeys (ConfUtils.java:logGet(43)) - raft.server.log.write.buffer.size = 33554432 (custom)
2019-09-12 10:31:51,632 [pool-49-thread-1] INFO  server.RaftServerConfigKeys (ConfUtils.java:logGet(43)) - raft.server.log.force.sync.num = 128 (default)
2019-09-12 10:31:51,632 [pool-49-thread-1] INFO  server.RaftServerConfigKeys (ConfUtils.java:logGet(43)) - raft.server.log.statemachine.data.sync = true (default)
2019-09-12 10:31:51,633 [pool-49-thread-1] INFO  server.RaftServerConfigKeys (ConfUtils.java:logGet(43)) - raft.server.log.statemachine.data.sync.timeout = 10s (default)
2019-09-12 10:31:51,633 [pool-49-thread-1] INFO  server.RaftServerConfigKeys (ConfUtils.java:logGet(43)) - raft.server.log.statemachine.data.sync.timeout.retry = -1 (default)
2019-09-12 10:31:51,633 [pool-49-thread-1] INFO  server.RaftServerConfigKeys (ConfUtils.java:logGet(43)) - raft.server.log.statemachine.data.caching.enabled = true (custom)
2019-09-12 10:31:51,634 [pool-49-thread-1] INFO  segmented.SegmentedRaftLogWorker (SegmentedRaftLogWorker.java:lambda$new$0(132)) - a48435e2-fc20-4a41-b041-5f40b71db35c-SegmentedRaftLogWorker:Storage Directory /workdir/hadoop-ozone/integration-test/target/test-dir/MiniOzoneClusterImpl-8f4fcaf0-4acb-4edc-87bf-94a207340594/datanode-2/data/ratis/a8d2fe2a-c49f-4eb3-bcc1-7d60c2584574: flushIndex: setUnconditionally 0 -> -1
2019-09-12 10:31:51,634 [pool-49-thread-1] INFO  server.RaftServerConfigKeys (ConfUtils.java:logGet(43)) - raft.server.snapshot.auto.trigger.enabled = true (custom)
2019-09-12 10:31:51,634 [pool-49-thread-1] INFO  server.RaftServerConfigKeys (ConfUtils.java:logGet(43)) - raft.server.snapshot.auto.trigger.threshold = 10000 (custom)
2019-09-12 10:31:51,634 [pool-49-thread-1] INFO  server.RaftServerConfigKeys (ConfUtils.java:logGet(43)) - raft.server.retrycache.expirytime = 600000ms (custom)
2019-09-12 10:31:51,635 [pool-49-thread-1] INFO  impl.RaftServerImpl (RaftServerImpl.java:start(180)) - a48435e2-fc20-4a41-b041-5f40b71db35c: start group-7D60C2584574
2019-09-12 10:31:51,635 [pool-49-thread-1] INFO  impl.RaftServerImpl (RaftServerImpl.java:setRole(171)) - a48435e2-fc20-4a41-b041-5f40b71db35c:group-7D60C2584574 changes role from null to FOLLOWER at term 0 for startAsFollower
2019-09-12 10:31:51,635 [pool-49-thread-1] INFO  impl.RoleInfo (RoleInfo.java:updateAndGet(143)) - a48435e2-fc20-4a41-b041-5f40b71db35c: start FollowerState
2019-09-12 10:31:51,636 [pool-49-thread-1] INFO  util.JmxRegister (JmxRegister.java:tryRegister(44)) - Successfully registered JMX Bean with object name Ratis:service=RaftServer,group=group-7D60C2584574,id=a48435e2-fc20-4a41-b041-5f40b71db35c
2019-09-12 10:31:51,651 [RatisPipelineUtilsThread] INFO  pipeline.PipelineStateManager (PipelineStateManager.java:addPipeline(56)) - Created pipeline Pipeline[ Id: a8d2fe2a-c49f-4eb3-bcc1-7d60c2584574, Nodes: a48435e2-fc20-4a41-b041-5f40b71db35c{ip: 192.168.157.195, host: pr-hdds-1569-xtfnx-3545843844, networkLocation: /default-rack, certSerialId: null}, Type:RATIS, Factor:ONE, State:OPEN]
2019-09-12 10:31:51,676 [grpc-default-executor-0] INFO  impl.RaftServerProxy (RaftServerProxy.java:addNew(89)) - 4c5e9952-d719-43f6-835b-97e6d68a1720: addNew group-E2705D05CB33:[4c5e9952-d719-43f6-835b-97e6d68a1720:192.168.157.195:46197] returns group-E2705D05CB33:java.util.concurrent.CompletableFuture@55d84a28[Not completed]
2019-09-12 10:31:51,681 [pool-71-thread-1] INFO  impl.RaftServerImpl (RaftServerImpl.java:<init>(93)) - 4c5e9952-d719-43f6-835b-97e6d68a1720: new RaftServerImpl for group-E2705D05CB33:[4c5e9952-d719-43f6-835b-97e6d68a1720:192.168.157.195:46197] with ContainerStateMachine:uninitialized
2019-09-12 10:31:51,681 [pool-71-thread-1] INFO  server.RaftServerConfigKeys (ConfUtils.java:logGet(43)) - raft.server.rpc.timeout.min = 5s (custom)
2019-09-12 10:31:51,681 [pool-71-thread-1] INFO  server.RaftServerConfigKeys (ConfUtils.java:logGet(43)) - raft.server.rpc.timeout.max = 5200ms (custom)
2019-09-12 10:31:51,681 [pool-71-thread-1] INFO  server.RaftServerConfigKeys (ConfUtils.java:logGet(43)) - raft.server.rpcslowness.timeout = 120s (custom)
2019-09-12 10:31:51,681 [pool-71-thread-1] INFO  server.RaftServerConfigKeys (ConfUtils.java:logGet(43)) - raft.server.sleep.deviation.threshold = 300 (default)
2019-09-12 10:31:51,682 [pool-71-thread-1] INFO  server.RaftServerConfigKeys (ConfUtils.java:logGet(43)) - raft.server.log.appender.install.snapshot.enabled = false (custom)
2019-09-12 10:31:51,682 [pool-71-thread-1] INFO  impl.RaftServerImpl (ServerState.java:<init>(105)) - 4c5e9952-d719-43f6-835b-97e6d68a1720:group-E2705D05CB33 ConfigurationManager, init=-1: [4c5e9952-d719-43f6-835b-97e6d68a1720:192.168.157.195:46197], old=null, confs=<EMPTY_MAP>
2019-09-12 10:31:51,682 [pool-71-thread-1] INFO  server.RaftServerConfigKeys (ConfUtils.java:logGet(43)) - raft.server.storage.dir = [/workdir/hadoop-ozone/integration-test/target/test-dir/MiniOzoneClusterImpl-8f4fcaf0-4acb-4edc-87bf-94a207340594/datanode-4/data/ratis] (custom)
2019-09-12 10:31:51,682 [pool-71-thread-1] INFO  storage.RaftStorageDirectory (RaftStorageDirectory.java:analyzeStorage(246)) - The storage directory /workdir/hadoop-ozone/integration-test/target/test-dir/MiniOzoneClusterImpl-8f4fcaf0-4acb-4edc-87bf-94a207340594/datanode-4/data/ratis/8095b64e-49ea-4175-b385-e2705d05cb33 does not exist. Creating ...
2019-09-12 10:31:51,709 [pool-71-thread-1] INFO  storage.RaftStorageDirectory (RaftStorageDirectory.java:tryLock(328)) - Lock on /workdir/hadoop-ozone/integration-test/target/test-dir/MiniOzoneClusterImpl-8f4fcaf0-4acb-4edc-87bf-94a207340594/datanode-4/data/ratis/8095b64e-49ea-4175-b385-e2705d05cb33/in_use.lock acquired by nodename 30709@pr-hdds-1569-xtfnx-3545843844
2019-09-12 10:31:51,722 [pool-71-thread-1] INFO  storage.RaftStorage (RaftStorage.java:format(72)) - Storage directory /workdir/hadoop-ozone/integration-test/target/test-dir/MiniOzoneClusterImpl-8f4fcaf0-4acb-4edc-87bf-94a207340594/datanode-4/data/ratis/8095b64e-49ea-4175-b385-e2705d05cb33 has been successfully formatted.
2019-09-12 10:31:51,722 [pool-71-thread-1] INFO  ratis.ContainerStateMachine (ContainerStateMachine.java:loadSnapshot(226)) - group-E2705D05CB33: The snapshot info is null. Setting the last applied indexto:(t:0, i:~)
2019-09-12 10:31:51,722 [pool-71-thread-1] INFO  server.RaftServerConfigKeys (ConfUtils.java:logGet(43)) - raft.server.leader.election.timeout = 120s (custom)
2019-09-12 10:31:51,722 [pool-71-thread-1] INFO  server.RaftServerConfigKeys (ConfUtils.java:logGet(43)) - raft.server.log.use.memory = false (default)
2019-09-12 10:31:51,723 [pool-71-thread-1] INFO  server.RaftServerConfigKeys (ConfUtils.java:logGet(43)) - raft.server.log.purge.gap = 1000000 (custom)
2019-09-12 10:31:51,723 [pool-71-thread-1] INFO  server.RaftServerConfigKeys (ConfUtils.java:logGet(43)) - raft.server.log.appender.buffer.byte-limit = 33554432 (custom)
2019-09-12 10:31:51,723 [pool-71-thread-1] INFO  server.RaftServerConfigKeys (ConfUtils.java:logGet(43)) - raft.server.log.segment.size.max = 1048576 (custom)
2019-09-12 10:31:51,723 [pool-71-thread-1] INFO  server.RaftServerConfigKeys (ConfUtils.java:logGet(43)) - raft.server.log.segment.cache.num.max = 2 (custom)
2019-09-12 10:31:51,723 [pool-71-thread-1] INFO  segmented.SegmentedRaftLogWorker (SegmentedRaftLogWorker.java:<init>(172)) - new 4c5e9952-d719-43f6-835b-97e6d68a1720-SegmentedRaftLogWorker:Storage Directory /workdir/hadoop-ozone/integration-test/target/test-dir/MiniOzoneClusterImpl-8f4fcaf0-4acb-4edc-87bf-94a207340594/datanode-4/data/ratis/8095b64e-49ea-4175-b385-e2705d05cb33 for RaftStorage:Storage Directory /workdir/hadoop-ozone/integration-test/target/test-dir/MiniOzoneClusterImpl-8f4fcaf0-4acb-4edc-87bf-94a207340594/datanode-4/data/ratis/8095b64e-49ea-4175-b385-e2705d05cb33
2019-09-12 10:31:51,723 [pool-71-thread-1] INFO  server.RaftServerConfigKeys (ConfUtils.java:logGet(43)) - raft.server.log.queue.byte-limit = 2147483647 (custom)
2019-09-12 10:31:51,724 [pool-71-thread-1] INFO  server.RaftServerConfigKeys (ConfUtils.java:logGet(43)) - raft.server.log.queue.element-limit = 1024 (custom)
2019-09-12 10:31:51,724 [pool-71-thread-1] INFO  server.RaftServerConfigKeys (ConfUtils.java:logGet(43)) - raft.server.log.segment.size.max = 1048576 (custom)
2019-09-12 10:31:51,724 [pool-71-thread-1] INFO  server.RaftServerConfigKeys (ConfUtils.java:logGet(43)) - raft.server.log.preallocated.size = 16384 (custom)
2019-09-12 10:31:51,724 [pool-71-thread-1] INFO  server.RaftServerConfigKeys (ConfUtils.java:logGet(43)) - raft.server.log.write.buffer.size = 33554432 (custom)
2019-09-12 10:31:51,724 [pool-71-thread-1] INFO  server.RaftServerConfigKeys (ConfUtils.java:logGet(43)) - raft.server.log.force.sync.num = 128 (default)
2019-09-12 10:31:51,724 [pool-71-thread-1] INFO  server.RaftServerConfigKeys (ConfUtils.java:logGet(43)) - raft.server.log.statemachine.data.sync = true (default)
2019-09-12 10:31:51,725 [pool-71-thread-1] INFO  server.RaftServerConfigKeys (ConfUtils.java:logGet(43)) - raft.server.log.statemachine.data.sync.timeout = 10s (default)
2019-09-12 10:31:51,725 [pool-71-thread-1] INFO  server.RaftServerConfigKeys (ConfUtils.java:logGet(43)) - raft.server.log.statemachine.data.sync.timeout.retry = -1 (default)
2019-09-12 10:31:51,725 [pool-71-thread-1] INFO  server.RaftServerConfigKeys (ConfUtils.java:logGet(43)) - raft.server.log.statemachine.data.caching.enabled = true (custom)
2019-09-12 10:31:51,725 [pool-71-thread-1] INFO  segmented.SegmentedRaftLogWorker (SegmentedRaftLogWorker.java:lambda$new$0(132)) - 4c5e9952-d719-43f6-835b-97e6d68a1720-SegmentedRaftLogWorker:Storage Directory /workdir/hadoop-ozone/integration-test/target/test-dir/MiniOzoneClusterImpl-8f4fcaf0-4acb-4edc-87bf-94a207340594/datanode-4/data/ratis/8095b64e-49ea-4175-b385-e2705d05cb33: flushIndex: setUnconditionally 0 -> -1
2019-09-12 10:31:51,726 [pool-71-thread-1] INFO  server.RaftServerConfigKeys (ConfUtils.java:logGet(43)) - raft.server.snapshot.auto.trigger.enabled = true (custom)
2019-09-12 10:31:51,726 [pool-71-thread-1] INFO  server.RaftServerConfigKeys (ConfUtils.java:logGet(43)) - raft.server.snapshot.auto.trigger.threshold = 10000 (custom)
2019-09-12 10:31:51,727 [pool-71-thread-1] INFO  server.RaftServerConfigKeys (ConfUtils.java:logGet(43)) - raft.server.retrycache.expirytime = 600000ms (custom)
2019-09-12 10:31:51,728 [pool-71-thread-1] INFO  impl.RaftServerImpl (RaftServerImpl.java:start(180)) - 4c5e9952-d719-43f6-835b-97e6d68a1720: start group-E2705D05CB33
2019-09-12 10:31:51,728 [pool-71-thread-1] INFO  impl.RaftServerImpl (RaftServerImpl.java:setRole(171)) - 4c5e9952-d719-43f6-835b-97e6d68a1720:group-E2705D05CB33 changes role from null to FOLLOWER at term 0 for startAsFollower
2019-09-12 10:31:51,728 [pool-71-thread-1] INFO  impl.RoleInfo (RoleInfo.java:updateAndGet(143)) - 4c5e9952-d719-43f6-835b-97e6d68a1720: start FollowerState
2019-09-12 10:31:51,729 [pool-71-thread-1] INFO  util.JmxRegister (JmxRegister.java:tryRegister(44)) - Successfully registered JMX Bean with object name Ratis:service=RaftServer,group=group-E2705D05CB33,id=4c5e9952-d719-43f6-835b-97e6d68a1720
2019-09-12 10:31:51,748 [RatisPipelineUtilsThread] INFO  pipeline.PipelineStateManager (PipelineStateManager.java:addPipeline(56)) - Created pipeline Pipeline[ Id: 8095b64e-49ea-4175-b385-e2705d05cb33, Nodes: 4c5e9952-d719-43f6-835b-97e6d68a1720{ip: 192.168.157.195, host: pr-hdds-1569-xtfnx-3545843844, networkLocation: /default-rack, certSerialId: null}, Type:RATIS, Factor:ONE, State:OPEN]
2019-09-12 10:31:51,763 [main] INFO  ozone.MiniOzoneClusterImpl (MiniOzoneClusterImpl.java:lambda$waitForClusterToBeReady$0(142)) - Cluster is ready. Got 7 of 7 DN Heartbeats.
2019-09-12 10:31:51,777 [grpc-default-executor-0] INFO  impl.RaftServerProxy (RaftServerProxy.java:addNew(89)) - a48435e2-fc20-4a41-b041-5f40b71db35c: addNew group-517392641238:[a48435e2-fc20-4a41-b041-5f40b71db35c:192.168.157.195:35879] returns group-517392641238:java.util.concurrent.CompletableFuture@6477a845[Not completed]
2019-09-12 10:31:51,781 [pool-49-thread-1] INFO  impl.RaftServerImpl (RaftServerImpl.java:<init>(93)) - a48435e2-fc20-4a41-b041-5f40b71db35c: new RaftServerImpl for group-517392641238:[a48435e2-fc20-4a41-b041-5f40b71db35c:192.168.157.195:35879] with ContainerStateMachine:uninitialized
2019-09-12 10:31:51,781 [pool-49-thread-1] INFO  server.RaftServerConfigKeys (ConfUtils.java:logGet(43)) - raft.server.rpc.timeout.min = 5s (custom)
2019-09-12 10:31:51,781 [pool-49-thread-1] INFO  server.RaftServerConfigKeys (ConfUtils.java:logGet(43)) - raft.server.rpc.timeout.max = 5200ms (custom)
2019-09-12 10:31:51,781 [pool-49-thread-1] INFO  server.RaftServerConfigKeys (ConfUtils.java:logGet(43)) - raft.server.rpcslowness.timeout = 120s (custom)
2019-09-12 10:31:51,782 [pool-49-thread-1] INFO  server.RaftServerConfigKeys (ConfUtils.java:logGet(43)) - raft.server.sleep.deviation.threshold = 300 (default)
2019-09-12 10:31:51,782 [pool-49-thread-1] INFO  server.RaftServerConfigKeys (ConfUtils.java:logGet(43)) - raft.server.log.appender.install.snapshot.enabled = false (custom)
2019-09-12 10:31:51,782 [pool-49-thread-1] INFO  impl.RaftServerImpl (ServerState.java:<init>(105)) - a48435e2-fc20-4a41-b041-5f40b71db35c:group-517392641238 ConfigurationManager, init=-1: [a48435e2-fc20-4a41-b041-5f40b71db35c:192.168.157.195:35879], old=null, confs=<EMPTY_MAP>
2019-09-12 10:31:51,782 [pool-49-thread-1] INFO  server.RaftServerConfigKeys (ConfUtils.java:logGet(43)) - raft.server.storage.dir = [/workdir/hadoop-ozone/integration-test/target/test-dir/MiniOzoneClusterImpl-8f4fcaf0-4acb-4edc-87bf-94a207340594/datanode-2/data/ratis] (custom)
2019-09-12 10:31:51,783 [pool-49-thread-1] INFO  storage.RaftStorageDirectory (RaftStorageDirectory.java:analyzeStorage(246)) - The storage directory /workdir/hadoop-ozone/integration-test/target/test-dir/MiniOzoneClusterImpl-8f4fcaf0-4acb-4edc-87bf-94a207340594/datanode-2/data/ratis/8450bc8a-a9da-4ca0-b0be-517392641238 does not exist. Creating ...
2019-09-12 10:31:51,796 [pool-49-thread-1] INFO  storage.RaftStorageDirectory (RaftStorageDirectory.java:tryLock(328)) - Lock on /workdir/hadoop-ozone/integration-test/target/test-dir/MiniOzoneClusterImpl-8f4fcaf0-4acb-4edc-87bf-94a207340594/datanode-2/data/ratis/8450bc8a-a9da-4ca0-b0be-517392641238/in_use.lock acquired by nodename 30709@pr-hdds-1569-xtfnx-3545843844
2019-09-12 10:31:51,809 [pool-49-thread-1] INFO  storage.RaftStorage (RaftStorage.java:format(72)) - Storage directory /workdir/hadoop-ozone/integration-test/target/test-dir/MiniOzoneClusterImpl-8f4fcaf0-4acb-4edc-87bf-94a207340594/datanode-2/data/ratis/8450bc8a-a9da-4ca0-b0be-517392641238 has been successfully formatted.
2019-09-12 10:31:51,809 [pool-49-thread-1] INFO  ratis.ContainerStateMachine (ContainerStateMachine.java:loadSnapshot(226)) - group-517392641238: The snapshot info is null. Setting the last applied indexto:(t:0, i:~)
2019-09-12 10:31:51,810 [pool-49-thread-1] INFO  server.RaftServerConfigKeys (ConfUtils.java:logGet(43)) - raft.server.leader.election.timeout = 120s (custom)
2019-09-12 10:31:51,810 [pool-49-thread-1] INFO  server.RaftServerConfigKeys (ConfUtils.java:logGet(43)) - raft.server.log.use.memory = false (default)
2019-09-12 10:31:51,810 [pool-49-thread-1] INFO  server.RaftServerConfigKeys (ConfUtils.java:logGet(43)) - raft.server.log.purge.gap = 1000000 (custom)
2019-09-12 10:31:51,810 [pool-49-thread-1] INFO  server.RaftServerConfigKeys (ConfUtils.java:logGet(43)) - raft.server.log.appender.buffer.byte-limit = 33554432 (custom)
2019-09-12 10:31:51,810 [pool-49-thread-1] INFO  server.RaftServerConfigKeys (ConfUtils.java:logGet(43)) - raft.server.log.segment.size.max = 1048576 (custom)
2019-09-12 10:31:51,810 [pool-49-thread-1] INFO  server.RaftServerConfigKeys (ConfUtils.java:logGet(43)) - raft.server.log.segment.cache.num.max = 2 (custom)
2019-09-12 10:31:51,811 [pool-49-thread-1] INFO  segmented.SegmentedRaftLogWorker (SegmentedRaftLogWorker.java:<init>(172)) - new a48435e2-fc20-4a41-b041-5f40b71db35c-SegmentedRaftLogWorker:Storage Directory /workdir/hadoop-ozone/integration-test/target/test-dir/MiniOzoneClusterImpl-8f4fcaf0-4acb-4edc-87bf-94a207340594/datanode-2/data/ratis/8450bc8a-a9da-4ca0-b0be-517392641238 for RaftStorage:Storage Directory /workdir/hadoop-ozone/integration-test/target/test-dir/MiniOzoneClusterImpl-8f4fcaf0-4acb-4edc-87bf-94a207340594/datanode-2/data/ratis/8450bc8a-a9da-4ca0-b0be-517392641238
2019-09-12 10:31:51,811 [pool-49-thread-1] INFO  server.RaftServerConfigKeys (ConfUtils.java:logGet(43)) - raft.server.log.queue.byte-limit = 2147483647 (custom)
2019-09-12 10:31:51,811 [pool-49-thread-1] INFO  server.RaftServerConfigKeys (ConfUtils.java:logGet(43)) - raft.server.log.queue.element-limit = 1024 (custom)
2019-09-12 10:31:51,811 [pool-49-thread-1] INFO  server.RaftServerConfigKeys (ConfUtils.java:logGet(43)) - raft.server.log.segment.size.max = 1048576 (custom)
2019-09-12 10:31:51,811 [pool-49-thread-1] INFO  server.RaftServerConfigKeys (ConfUtils.java:logGet(43)) - raft.server.log.preallocated.size = 16384 (custom)
2019-09-12 10:31:51,811 [pool-49-thread-1] INFO  server.RaftServerConfigKeys (ConfUtils.java:logGet(43)) - raft.server.log.write.buffer.size = 33554432 (custom)
2019-09-12 10:31:51,812 [pool-49-thread-1] INFO  server.RaftServerConfigKeys (ConfUtils.java:logGet(43)) - raft.server.log.force.sync.num = 128 (default)
2019-09-12 10:31:51,812 [pool-49-thread-1] INFO  server.RaftServerConfigKeys (ConfUtils.java:logGet(43)) - raft.server.log.statemachine.data.sync = true (default)
2019-09-12 10:31:51,812 [pool-49-thread-1] INFO  server.RaftServerConfigKeys (ConfUtils.java:logGet(43)) - raft.server.log.statemachine.data.sync.timeout = 10s (default)
2019-09-12 10:31:51,812 [pool-49-thread-1] INFO  server.RaftServerConfigKeys (ConfUtils.java:logGet(43)) - raft.server.log.statemachine.data.sync.timeout.retry = -1 (default)
2019-09-12 10:31:51,812 [pool-49-thread-1] INFO  server.RaftServerConfigKeys (ConfUtils.java:logGet(43)) - raft.server.log.statemachine.data.caching.enabled = true (custom)
2019-09-12 10:31:51,813 [pool-49-thread-1] INFO  segmented.SegmentedRaftLogWorker (SegmentedRaftLogWorker.java:lambda$new$0(132)) - a48435e2-fc20-4a41-b041-5f40b71db35c-SegmentedRaftLogWorker:Storage Directory /workdir/hadoop-ozone/integration-test/target/test-dir/MiniOzoneClusterImpl-8f4fcaf0-4acb-4edc-87bf-94a207340594/datanode-2/data/ratis/8450bc8a-a9da-4ca0-b0be-517392641238: flushIndex: setUnconditionally 0 -> -1
2019-09-12 10:31:51,813 [pool-49-thread-1] INFO  server.RaftServerConfigKeys (ConfUtils.java:logGet(43)) - raft.server.snapshot.auto.trigger.enabled = true (custom)
2019-09-12 10:31:51,813 [pool-49-thread-1] INFO  server.RaftServerConfigKeys (ConfUtils.java:logGet(43)) - raft.server.snapshot.auto.trigger.threshold = 10000 (custom)
2019-09-12 10:31:51,813 [pool-49-thread-1] INFO  server.RaftServerConfigKeys (ConfUtils.java:logGet(43)) - raft.server.retrycache.expirytime = 600000ms (custom)
2019-09-12 10:31:51,814 [pool-49-thread-1] INFO  impl.RaftServerImpl (RaftServerImpl.java:start(180)) - a48435e2-fc20-4a41-b041-5f40b71db35c: start group-517392641238
2019-09-12 10:31:51,814 [pool-49-thread-1] INFO  impl.RaftServerImpl (RaftServerImpl.java:setRole(171)) - a48435e2-fc20-4a41-b041-5f40b71db35c:group-517392641238 changes role from null to FOLLOWER at term 0 for startAsFollower
2019-09-12 10:31:51,814 [pool-49-thread-1] INFO  impl.RoleInfo (RoleInfo.java:updateAndGet(143)) - a48435e2-fc20-4a41-b041-5f40b71db35c: start FollowerState
2019-09-12 10:31:51,815 [pool-49-thread-1] INFO  util.JmxRegister (JmxRegister.java:tryRegister(44)) - Successfully registered JMX Bean with object name Ratis:service=RaftServer,group=group-517392641238,id=a48435e2-fc20-4a41-b041-5f40b71db35c
2019-09-12 10:31:51,830 [RatisPipelineUtilsThread] INFO  pipeline.PipelineStateManager (PipelineStateManager.java:addPipeline(56)) - Created pipeline Pipeline[ Id: 8450bc8a-a9da-4ca0-b0be-517392641238, Nodes: a48435e2-fc20-4a41-b041-5f40b71db35c{ip: 192.168.157.195, host: pr-hdds-1569-xtfnx-3545843844, networkLocation: /default-rack, certSerialId: null}, Type:RATIS, Factor:ONE, State:OPEN]
2019-09-12 10:31:51,858 | INFO  | SCMAudit | user=jenkins1000 | ip=192.168.157.195 | op=SEND_HEARTBEAT {datanodeUUID=8e0046c7-63e6-4424-9e2f-9e2de00b9629, command=[]} | ret=SUCCESS |  
2019-09-12 10:31:51,859 [grpc-default-executor-0] INFO  impl.RaftServerProxy (RaftServerProxy.java:addNew(89)) - bdf9e822-047f-40fc-a343-36702e59eb3b: addNew group-D6A795125016:[bdf9e822-047f-40fc-a343-36702e59eb3b:192.168.157.195:45766] returns group-D6A795125016:java.util.concurrent.CompletableFuture@7438f002[Not completed]
2019-09-12 10:31:51,863 [pool-38-thread-1] INFO  impl.RaftServerImpl (RaftServerImpl.java:<init>(93)) - bdf9e822-047f-40fc-a343-36702e59eb3b: new RaftServerImpl for group-D6A795125016:[bdf9e822-047f-40fc-a343-36702e59eb3b:192.168.157.195:45766] with ContainerStateMachine:uninitialized
2019-09-12 10:31:51,863 [pool-38-thread-1] INFO  server.RaftServerConfigKeys (ConfUtils.java:logGet(43)) - raft.server.rpc.timeout.min = 5s (custom)
2019-09-12 10:31:51,863 [pool-38-thread-1] INFO  server.RaftServerConfigKeys (ConfUtils.java:logGet(43)) - raft.server.rpc.timeout.max = 5200ms (custom)
2019-09-12 10:31:51,863 [pool-38-thread-1] INFO  server.RaftServerConfigKeys (ConfUtils.java:logGet(43)) - raft.server.rpcslowness.timeout = 120s (custom)
2019-09-12 10:31:51,863 [pool-38-thread-1] INFO  server.RaftServerConfigKeys (ConfUtils.java:logGet(43)) - raft.server.sleep.deviation.threshold = 300 (default)
2019-09-12 10:31:51,864 [pool-38-thread-1] INFO  server.RaftServerConfigKeys (ConfUtils.java:logGet(43)) - raft.server.log.appender.install.snapshot.enabled = false (custom)
2019-09-12 10:31:51,864 [pool-38-thread-1] INFO  impl.RaftServerImpl (ServerState.java:<init>(105)) - bdf9e822-047f-40fc-a343-36702e59eb3b:group-D6A795125016 ConfigurationManager, init=-1: [bdf9e822-047f-40fc-a343-36702e59eb3b:192.168.157.195:45766], old=null, confs=<EMPTY_MAP>
2019-09-12 10:31:51,864 [pool-38-thread-1] INFO  server.RaftServerConfigKeys (ConfUtils.java:logGet(43)) - raft.server.storage.dir = [/workdir/hadoop-ozone/integration-test/target/test-dir/MiniOzoneClusterImpl-8f4fcaf0-4acb-4edc-87bf-94a207340594/datanode-1/data/ratis] (custom)
2019-09-12 10:31:51,865 [pool-38-thread-1] INFO  storage.RaftStorageDirectory (RaftStorageDirectory.java:analyzeStorage(246)) - The storage directory /workdir/hadoop-ozone/integration-test/target/test-dir/MiniOzoneClusterImpl-8f4fcaf0-4acb-4edc-87bf-94a207340594/datanode-1/data/ratis/ad690e47-5813-4bd0-9ef9-d6a795125016 does not exist. Creating ...
2019-09-12 10:31:51,878 [pool-38-thread-1] INFO  storage.RaftStorageDirectory (RaftStorageDirectory.java:tryLock(328)) - Lock on /workdir/hadoop-ozone/integration-test/target/test-dir/MiniOzoneClusterImpl-8f4fcaf0-4acb-4edc-87bf-94a207340594/datanode-1/data/ratis/ad690e47-5813-4bd0-9ef9-d6a795125016/in_use.lock acquired by nodename 30709@pr-hdds-1569-xtfnx-3545843844
2019-09-12 10:31:51,892 [pool-38-thread-1] INFO  storage.RaftStorage (RaftStorage.java:format(72)) - Storage directory /workdir/hadoop-ozone/integration-test/target/test-dir/MiniOzoneClusterImpl-8f4fcaf0-4acb-4edc-87bf-94a207340594/datanode-1/data/ratis/ad690e47-5813-4bd0-9ef9-d6a795125016 has been successfully formatted.
2019-09-12 10:31:51,892 [pool-38-thread-1] INFO  ratis.ContainerStateMachine (ContainerStateMachine.java:loadSnapshot(226)) - group-D6A795125016: The snapshot info is null. Setting the last applied indexto:(t:0, i:~)
2019-09-12 10:31:51,893 [pool-38-thread-1] INFO  server.RaftServerConfigKeys (ConfUtils.java:logGet(43)) - raft.server.leader.election.timeout = 120s (custom)
2019-09-12 10:31:51,893 [pool-38-thread-1] INFO  server.RaftServerConfigKeys (ConfUtils.java:logGet(43)) - raft.server.log.use.memory = false (default)
2019-09-12 10:31:51,893 [pool-38-thread-1] INFO  server.RaftServerConfigKeys (ConfUtils.java:logGet(43)) - raft.server.log.purge.gap = 1000000 (custom)
2019-09-12 10:31:51,893 [pool-38-thread-1] INFO  server.RaftServerConfigKeys (ConfUtils.java:logGet(43)) - raft.server.log.appender.buffer.byte-limit = 33554432 (custom)
2019-09-12 10:31:51,893 [pool-38-thread-1] INFO  server.RaftServerConfigKeys (ConfUtils.java:logGet(43)) - raft.server.log.segment.size.max = 1048576 (custom)
2019-09-12 10:31:51,894 [pool-38-thread-1] INFO  server.RaftServerConfigKeys (ConfUtils.java:logGet(43)) - raft.server.log.segment.cache.num.max = 2 (custom)
2019-09-12 10:31:51,894 [pool-38-thread-1] INFO  segmented.SegmentedRaftLogWorker (SegmentedRaftLogWorker.java:<init>(172)) - new bdf9e822-047f-40fc-a343-36702e59eb3b-SegmentedRaftLogWorker:Storage Directory /workdir/hadoop-ozone/integration-test/target/test-dir/MiniOzoneClusterImpl-8f4fcaf0-4acb-4edc-87bf-94a207340594/datanode-1/data/ratis/ad690e47-5813-4bd0-9ef9-d6a795125016 for RaftStorage:Storage Directory /workdir/hadoop-ozone/integration-test/target/test-dir/MiniOzoneClusterImpl-8f4fcaf0-4acb-4edc-87bf-94a207340594/datanode-1/data/ratis/ad690e47-5813-4bd0-9ef9-d6a795125016
2019-09-12 10:31:51,895 [pool-38-thread-1] INFO  server.RaftServerConfigKeys (ConfUtils.java:logGet(43)) - raft.server.log.queue.byte-limit = 2147483647 (custom)
2019-09-12 10:31:51,896 [pool-38-thread-1] INFO  server.RaftServerConfigKeys (ConfUtils.java:logGet(43)) - raft.server.log.queue.element-limit = 1024 (custom)
2019-09-12 10:31:51,896 [pool-38-thread-1] INFO  server.RaftServerConfigKeys (ConfUtils.java:logGet(43)) - raft.server.log.segment.size.max = 1048576 (custom)
2019-09-12 10:31:51,896 [pool-38-thread-1] INFO  server.RaftServerConfigKeys (ConfUtils.java:logGet(43)) - raft.server.log.preallocated.size = 16384 (custom)
2019-09-12 10:31:51,896 [pool-38-thread-1] INFO  server.RaftServerConfigKeys (ConfUtils.java:logGet(43)) - raft.server.log.write.buffer.size = 33554432 (custom)
2019-09-12 10:31:51,897 [pool-38-thread-1] INFO  server.RaftServerConfigKeys (ConfUtils.java:logGet(43)) - raft.server.log.force.sync.num = 128 (default)
2019-09-12 10:31:51,897 [pool-38-thread-1] INFO  server.RaftServerConfigKeys (ConfUtils.java:logGet(43)) - raft.server.log.statemachine.data.sync = true (default)
2019-09-12 10:31:51,897 [pool-38-thread-1] INFO  server.RaftServerConfigKeys (ConfUtils.java:logGet(43)) - raft.server.log.statemachine.data.sync.timeout = 10s (default)
2019-09-12 10:31:51,897 [pool-38-thread-1] INFO  server.RaftServerConfigKeys (ConfUtils.java:logGet(43)) - raft.server.log.statemachine.data.sync.timeout.retry = -1 (default)
2019-09-12 10:31:51,898 [pool-38-thread-1] INFO  server.RaftServerConfigKeys (ConfUtils.java:logGet(43)) - raft.server.log.statemachine.data.caching.enabled = true (custom)
2019-09-12 10:31:51,898 [pool-38-thread-1] INFO  segmented.SegmentedRaftLogWorker (SegmentedRaftLogWorker.java:lambda$new$0(132)) - bdf9e822-047f-40fc-a343-36702e59eb3b-SegmentedRaftLogWorker:Storage Directory /workdir/hadoop-ozone/integration-test/target/test-dir/MiniOzoneClusterImpl-8f4fcaf0-4acb-4edc-87bf-94a207340594/datanode-1/data/ratis/ad690e47-5813-4bd0-9ef9-d6a795125016: flushIndex: setUnconditionally 0 -> -1
2019-09-12 10:31:51,899 [pool-38-thread-1] INFO  server.RaftServerConfigKeys (ConfUtils.java:logGet(43)) - raft.server.snapshot.auto.trigger.enabled = true (custom)
2019-09-12 10:31:51,899 [pool-38-thread-1] INFO  server.RaftServerConfigKeys (ConfUtils.java:logGet(43)) - raft.server.snapshot.auto.trigger.threshold = 10000 (custom)
2019-09-12 10:31:51,899 [pool-38-thread-1] INFO  server.RaftServerConfigKeys (ConfUtils.java:logGet(43)) - raft.server.retrycache.expirytime = 600000ms (custom)
2019-09-12 10:31:51,900 [pool-38-thread-1] INFO  impl.RaftServerImpl (RaftServerImpl.java:start(180)) - bdf9e822-047f-40fc-a343-36702e59eb3b: start group-D6A795125016
2019-09-12 10:31:51,900 [pool-38-thread-1] INFO  impl.RaftServerImpl (RaftServerImpl.java:setRole(171)) - bdf9e822-047f-40fc-a343-36702e59eb3b:group-D6A795125016 changes role from null to FOLLOWER at term 0 for startAsFollower
2019-09-12 10:31:51,900 [pool-38-thread-1] INFO  impl.RoleInfo (RoleInfo.java:updateAndGet(143)) - bdf9e822-047f-40fc-a343-36702e59eb3b: start FollowerState
2019-09-12 10:31:51,901 [pool-38-thread-1] INFO  util.JmxRegister (JmxRegister.java:tryRegister(44)) - Successfully registered JMX Bean with object name Ratis:service=RaftServer,group=group-D6A795125016,id=bdf9e822-047f-40fc-a343-36702e59eb3b
2019-09-12 10:31:51,916 [RatisPipelineUtilsThread] INFO  pipeline.PipelineStateManager (PipelineStateManager.java:addPipeline(56)) - Created pipeline Pipeline[ Id: ad690e47-5813-4bd0-9ef9-d6a795125016, Nodes: bdf9e822-047f-40fc-a343-36702e59eb3b{ip: 192.168.157.195, host: pr-hdds-1569-xtfnx-3545843844, networkLocation: /default-rack, certSerialId: null}, Type:RATIS, Factor:ONE, State:OPEN]
2019-09-12 10:31:51,936 [grpc-default-executor-0] INFO  impl.RaftServerProxy (RaftServerProxy.java:addNew(89)) - 4c5e9952-d719-43f6-835b-97e6d68a1720: addNew group-4F3772800119:[4c5e9952-d719-43f6-835b-97e6d68a1720:192.168.157.195:46197] returns group-4F3772800119:java.util.concurrent.CompletableFuture@34faf4de[Not completed]
2019-09-12 10:31:51,939 [pool-71-thread-1] INFO  impl.RaftServerImpl (RaftServerImpl.java:<init>(93)) - 4c5e9952-d719-43f6-835b-97e6d68a1720: new RaftServerImpl for group-4F3772800119:[4c5e9952-d719-43f6-835b-97e6d68a1720:192.168.157.195:46197] with ContainerStateMachine:uninitialized
2019-09-12 10:31:51,939 [pool-71-thread-1] INFO  server.RaftServerConfigKeys (ConfUtils.java:logGet(43)) - raft.server.rpc.timeout.min = 5s (custom)
2019-09-12 10:31:51,940 [pool-71-thread-1] INFO  server.RaftServerConfigKeys (ConfUtils.java:logGet(43)) - raft.server.rpc.timeout.max = 5200ms (custom)
2019-09-12 10:31:51,940 [pool-71-thread-1] INFO  server.RaftServerConfigKeys (ConfUtils.java:logGet(43)) - raft.server.rpcslowness.timeout = 120s (custom)
2019-09-12 10:31:51,940 [pool-71-thread-1] INFO  server.RaftServerConfigKeys (ConfUtils.java:logGet(43)) - raft.server.sleep.deviation.threshold = 300 (default)
2019-09-12 10:31:51,940 [pool-71-thread-1] INFO  server.RaftServerConfigKeys (ConfUtils.java:logGet(43)) - raft.server.log.appender.install.snapshot.enabled = false (custom)
2019-09-12 10:31:51,940 [pool-71-thread-1] INFO  impl.RaftServerImpl (ServerState.java:<init>(105)) - 4c5e9952-d719-43f6-835b-97e6d68a1720:group-4F3772800119 ConfigurationManager, init=-1: [4c5e9952-d719-43f6-835b-97e6d68a1720:192.168.157.195:46197], old=null, confs=<EMPTY_MAP>
2019-09-12 10:31:51,941 [pool-71-thread-1] INFO  server.RaftServerConfigKeys (ConfUtils.java:logGet(43)) - raft.server.storage.dir = [/workdir/hadoop-ozone/integration-test/target/test-dir/MiniOzoneClusterImpl-8f4fcaf0-4acb-4edc-87bf-94a207340594/datanode-4/data/ratis] (custom)
2019-09-12 10:31:51,941 [pool-71-thread-1] INFO  storage.RaftStorageDirectory (RaftStorageDirectory.java:analyzeStorage(246)) - The storage directory /workdir/hadoop-ozone/integration-test/target/test-dir/MiniOzoneClusterImpl-8f4fcaf0-4acb-4edc-87bf-94a207340594/datanode-4/data/ratis/7b26659a-61dd-428b-baf0-4f3772800119 does not exist. Creating ...
2019-09-12 10:31:51,954 [pool-71-thread-1] INFO  storage.RaftStorageDirectory (RaftStorageDirectory.java:tryLock(328)) - Lock on /workdir/hadoop-ozone/integration-test/target/test-dir/MiniOzoneClusterImpl-8f4fcaf0-4acb-4edc-87bf-94a207340594/datanode-4/data/ratis/7b26659a-61dd-428b-baf0-4f3772800119/in_use.lock acquired by nodename 30709@pr-hdds-1569-xtfnx-3545843844
2019-09-12 10:31:51,985 [pool-71-thread-1] INFO  storage.RaftStorage (RaftStorage.java:format(72)) - Storage directory /workdir/hadoop-ozone/integration-test/target/test-dir/MiniOzoneClusterImpl-8f4fcaf0-4acb-4edc-87bf-94a207340594/datanode-4/data/ratis/7b26659a-61dd-428b-baf0-4f3772800119 has been successfully formatted.
2019-09-12 10:31:51,985 [pool-71-thread-1] INFO  ratis.ContainerStateMachine (ContainerStateMachine.java:loadSnapshot(226)) - group-4F3772800119: The snapshot info is null. Setting the last applied indexto:(t:0, i:~)
2019-09-12 10:31:51,985 [pool-71-thread-1] INFO  server.RaftServerConfigKeys (ConfUtils.java:logGet(43)) - raft.server.leader.election.timeout = 120s (custom)
2019-09-12 10:31:51,985 [pool-71-thread-1] INFO  server.RaftServerConfigKeys (ConfUtils.java:logGet(43)) - raft.server.log.use.memory = false (default)
2019-09-12 10:31:51,986 [pool-71-thread-1] INFO  server.RaftServerConfigKeys (ConfUtils.java:logGet(43)) - raft.server.log.purge.gap = 1000000 (custom)
2019-09-12 10:31:51,986 [pool-71-thread-1] INFO  server.RaftServerConfigKeys (ConfUtils.java:logGet(43)) - raft.server.log.appender.buffer.byte-limit = 33554432 (custom)
2019-09-12 10:31:51,986 [pool-71-thread-1] INFO  server.RaftServerConfigKeys (ConfUtils.java:logGet(43)) - raft.server.log.segment.size.max = 1048576 (custom)
2019-09-12 10:31:51,986 [pool-71-thread-1] INFO  server.RaftServerConfigKeys (ConfUtils.java:logGet(43)) - raft.server.log.segment.cache.num.max = 2 (custom)
2019-09-12 10:31:51,987 [pool-71-thread-1] INFO  segmented.SegmentedRaftLogWorker (SegmentedRaftLogWorker.java:<init>(172)) - new 4c5e9952-d719-43f6-835b-97e6d68a1720-SegmentedRaftLogWorker:Storage Directory /workdir/hadoop-ozone/integration-test/target/test-dir/MiniOzoneClusterImpl-8f4fcaf0-4acb-4edc-87bf-94a207340594/datanode-4/data/ratis/7b26659a-61dd-428b-baf0-4f3772800119 for RaftStorage:Storage Directory /workdir/hadoop-ozone/integration-test/target/test-dir/MiniOzoneClusterImpl-8f4fcaf0-4acb-4edc-87bf-94a207340594/datanode-4/data/ratis/7b26659a-61dd-428b-baf0-4f3772800119
2019-09-12 10:31:51,987 [pool-71-thread-1] INFO  server.RaftServerConfigKeys (ConfUtils.java:logGet(43)) - raft.server.log.queue.byte-limit = 2147483647 (custom)
2019-09-12 10:31:51,987 [pool-71-thread-1] INFO  server.RaftServerConfigKeys (ConfUtils.java:logGet(43)) - raft.server.log.queue.element-limit = 1024 (custom)
2019-09-12 10:31:51,987 [pool-71-thread-1] INFO  server.RaftServerConfigKeys (ConfUtils.java:logGet(43)) - raft.server.log.segment.size.max = 1048576 (custom)
2019-09-12 10:31:51,987 [pool-71-thread-1] INFO  server.RaftServerConfigKeys (ConfUtils.java:logGet(43)) - raft.server.log.preallocated.size = 16384 (custom)
2019-09-12 10:31:51,988 [pool-71-thread-1] INFO  server.RaftServerConfigKeys (ConfUtils.java:logGet(43)) - raft.server.log.write.buffer.size = 33554432 (custom)
2019-09-12 10:31:51,988 [pool-71-thread-1] INFO  server.RaftServerConfigKeys (ConfUtils.java:logGet(43)) - raft.server.log.force.sync.num = 128 (default)
2019-09-12 10:31:51,988 [pool-71-thread-1] INFO  server.RaftServerConfigKeys (ConfUtils.java:logGet(43)) - raft.server.log.statemachine.data.sync = true (default)
2019-09-12 10:31:51,988 [pool-71-thread-1] INFO  server.RaftServerConfigKeys (ConfUtils.java:logGet(43)) - raft.server.log.statemachine.data.sync.timeout = 10s (default)
2019-09-12 10:31:51,988 [pool-71-thread-1] INFO  server.RaftServerConfigKeys (ConfUtils.java:logGet(43)) - raft.server.log.statemachine.data.sync.timeout.retry = -1 (default)
2019-09-12 10:31:51,989 [pool-71-thread-1] INFO  server.RaftServerConfigKeys (ConfUtils.java:logGet(43)) - raft.server.log.statemachine.data.caching.enabled = true (custom)
2019-09-12 10:31:51,989 [pool-71-thread-1] INFO  segmented.SegmentedRaftLogWorker (SegmentedRaftLogWorker.java:lambda$new$0(132)) - 4c5e9952-d719-43f6-835b-97e6d68a1720-SegmentedRaftLogWorker:Storage Directory /workdir/hadoop-ozone/integration-test/target/test-dir/MiniOzoneClusterImpl-8f4fcaf0-4acb-4edc-87bf-94a207340594/datanode-4/data/ratis/7b26659a-61dd-428b-baf0-4f3772800119: flushIndex: setUnconditionally 0 -> -1
2019-09-12 10:31:51,990 [pool-71-thread-1] INFO  server.RaftServerConfigKeys (ConfUtils.java:logGet(43)) - raft.server.snapshot.auto.trigger.enabled = true (custom)
2019-09-12 10:31:51,990 [pool-71-thread-1] INFO  server.RaftServerConfigKeys (ConfUtils.java:logGet(43)) - raft.server.snapshot.auto.trigger.threshold = 10000 (custom)
2019-09-12 10:31:51,990 [pool-71-thread-1] INFO  server.RaftServerConfigKeys (ConfUtils.java:logGet(43)) - raft.server.retrycache.expirytime = 600000ms (custom)
2019-09-12 10:31:51,990 [pool-71-thread-1] INFO  impl.RaftServerImpl (RaftServerImpl.java:start(180)) - 4c5e9952-d719-43f6-835b-97e6d68a1720: start group-4F3772800119
2019-09-12 10:31:51,991 [pool-71-thread-1] INFO  impl.RaftServerImpl (RaftServerImpl.java:setRole(171)) - 4c5e9952-d719-43f6-835b-97e6d68a1720:group-4F3772800119 changes role from null to FOLLOWER at term 0 for startAsFollower
2019-09-12 10:31:51,991 [pool-71-thread-1] INFO  impl.RoleInfo (RoleInfo.java:updateAndGet(143)) - 4c5e9952-d719-43f6-835b-97e6d68a1720: start FollowerState
2019-09-12 10:31:51,991 [pool-71-thread-1] INFO  util.JmxRegister (JmxRegister.java:tryRegister(44)) - Successfully registered JMX Bean with object name Ratis:service=RaftServer,group=group-4F3772800119,id=4c5e9952-d719-43f6-835b-97e6d68a1720
2019-09-12 10:31:52,004 [RatisPipelineUtilsThread] INFO  pipeline.PipelineStateManager (PipelineStateManager.java:addPipeline(56)) - Created pipeline Pipeline[ Id: 7b26659a-61dd-428b-baf0-4f3772800119, Nodes: 4c5e9952-d719-43f6-835b-97e6d68a1720{ip: 192.168.157.195, host: pr-hdds-1569-xtfnx-3545843844, networkLocation: /default-rack, certSerialId: null}, Type:RATIS, Factor:ONE, State:OPEN]
2019-09-12 10:31:52,020 [grpc-default-executor-0] INFO  impl.RaftServerProxy (RaftServerProxy.java:addNew(89)) - 8e0046c7-63e6-4424-9e2f-9e2de00b9629: addNew group-3B2C5E155BA5:[8e0046c7-63e6-4424-9e2f-9e2de00b9629:192.168.157.195:34007] returns group-3B2C5E155BA5:java.util.concurrent.CompletableFuture@57fd25b6[Not completed]
2019-09-12 10:31:52,023 [pool-27-thread-1] INFO  impl.RaftServerImpl (RaftServerImpl.java:<init>(93)) - 8e0046c7-63e6-4424-9e2f-9e2de00b9629: new RaftServerImpl for group-3B2C5E155BA5:[8e0046c7-63e6-4424-9e2f-9e2de00b9629:192.168.157.195:34007] with ContainerStateMachine:uninitialized
2019-09-12 10:31:52,024 [pool-27-thread-1] INFO  server.RaftServerConfigKeys (ConfUtils.java:logGet(43)) - raft.server.rpc.timeout.min = 5s (custom)
2019-09-12 10:31:52,024 [pool-27-thread-1] INFO  server.RaftServerConfigKeys (ConfUtils.java:logGet(43)) - raft.server.rpc.timeout.max = 5200ms (custom)
2019-09-12 10:31:52,024 [pool-27-thread-1] INFO  server.RaftServerConfigKeys (ConfUtils.java:logGet(43)) - raft.server.rpcslowness.timeout = 120s (custom)
2019-09-12 10:31:52,024 [pool-27-thread-1] INFO  server.RaftServerConfigKeys (ConfUtils.java:logGet(43)) - raft.server.sleep.deviation.threshold = 300 (default)
2019-09-12 10:31:52,025 [pool-27-thread-1] INFO  server.RaftServerConfigKeys (ConfUtils.java:logGet(43)) - raft.server.log.appender.install.snapshot.enabled = false (custom)
2019-09-12 10:31:52,025 [pool-27-thread-1] INFO  impl.RaftServerImpl (ServerState.java:<init>(105)) - 8e0046c7-63e6-4424-9e2f-9e2de00b9629:group-3B2C5E155BA5 ConfigurationManager, init=-1: [8e0046c7-63e6-4424-9e2f-9e2de00b9629:192.168.157.195:34007], old=null, confs=<EMPTY_MAP>
2019-09-12 10:31:52,025 [pool-27-thread-1] INFO  server.RaftServerConfigKeys (ConfUtils.java:logGet(43)) - raft.server.storage.dir = [/workdir/hadoop-ozone/integration-test/target/test-dir/MiniOzoneClusterImpl-8f4fcaf0-4acb-4edc-87bf-94a207340594/datanode-0/data/ratis] (custom)
2019-09-12 10:31:52,026 [pool-27-thread-1] INFO  storage.RaftStorageDirectory (RaftStorageDirectory.java:analyzeStorage(246)) - The storage directory /workdir/hadoop-ozone/integration-test/target/test-dir/MiniOzoneClusterImpl-8f4fcaf0-4acb-4edc-87bf-94a207340594/datanode-0/data/ratis/d8226e5c-95a5-4f49-91ca-3b2c5e155ba5 does not exist. Creating ...
2019-09-12 10:31:52,040 [pool-27-thread-1] INFO  storage.RaftStorageDirectory (RaftStorageDirectory.java:tryLock(328)) - Lock on /workdir/hadoop-ozone/integration-test/target/test-dir/MiniOzoneClusterImpl-8f4fcaf0-4acb-4edc-87bf-94a207340594/datanode-0/data/ratis/d8226e5c-95a5-4f49-91ca-3b2c5e155ba5/in_use.lock acquired by nodename 30709@pr-hdds-1569-xtfnx-3545843844
2019-09-12 10:31:52,054 [pool-27-thread-1] INFO  storage.RaftStorage (RaftStorage.java:format(72)) - Storage directory /workdir/hadoop-ozone/integration-test/target/test-dir/MiniOzoneClusterImpl-8f4fcaf0-4acb-4edc-87bf-94a207340594/datanode-0/data/ratis/d8226e5c-95a5-4f49-91ca-3b2c5e155ba5 has been successfully formatted.
2019-09-12 10:31:52,054 [pool-27-thread-1] INFO  ratis.ContainerStateMachine (ContainerStateMachine.java:loadSnapshot(226)) - group-3B2C5E155BA5: The snapshot info is null. Setting the last applied indexto:(t:0, i:~)
2019-09-12 10:31:52,054 [pool-27-thread-1] INFO  server.RaftServerConfigKeys (ConfUtils.java:logGet(43)) - raft.server.leader.election.timeout = 120s (custom)
2019-09-12 10:31:52,054 [pool-27-thread-1] INFO  server.RaftServerConfigKeys (ConfUtils.java:logGet(43)) - raft.server.log.use.memory = false (default)
2019-09-12 10:31:52,055 [pool-27-thread-1] INFO  server.RaftServerConfigKeys (ConfUtils.java:logGet(43)) - raft.server.log.purge.gap = 1000000 (custom)
2019-09-12 10:31:52,055 [pool-27-thread-1] INFO  server.RaftServerConfigKeys (ConfUtils.java:logGet(43)) - raft.server.log.appender.buffer.byte-limit = 33554432 (custom)
2019-09-12 10:31:52,055 [pool-27-thread-1] INFO  server.RaftServerConfigKeys (ConfUtils.java:logGet(43)) - raft.server.log.segment.size.max = 1048576 (custom)
2019-09-12 10:31:52,055 [pool-27-thread-1] INFO  server.RaftServerConfigKeys (ConfUtils.java:logGet(43)) - raft.server.log.segment.cache.num.max = 2 (custom)
2019-09-12 10:31:52,055 [pool-27-thread-1] INFO  segmented.SegmentedRaftLogWorker (SegmentedRaftLogWorker.java:<init>(172)) - new 8e0046c7-63e6-4424-9e2f-9e2de00b9629-SegmentedRaftLogWorker:Storage Directory /workdir/hadoop-ozone/integration-test/target/test-dir/MiniOzoneClusterImpl-8f4fcaf0-4acb-4edc-87bf-94a207340594/datanode-0/data/ratis/d8226e5c-95a5-4f49-91ca-3b2c5e155ba5 for RaftStorage:Storage Directory /workdir/hadoop-ozone/integration-test/target/test-dir/MiniOzoneClusterImpl-8f4fcaf0-4acb-4edc-87bf-94a207340594/datanode-0/data/ratis/d8226e5c-95a5-4f49-91ca-3b2c5e155ba5
2019-09-12 10:31:52,056 [pool-27-thread-1] INFO  server.RaftServerConfigKeys (ConfUtils.java:logGet(43)) - raft.server.log.queue.byte-limit = 2147483647 (custom)
2019-09-12 10:31:52,056 [pool-27-thread-1] INFO  server.RaftServerConfigKeys (ConfUtils.java:logGet(43)) - raft.server.log.queue.element-limit = 1024 (custom)
2019-09-12 10:31:52,056 [pool-27-thread-1] INFO  server.RaftServerConfigKeys (ConfUtils.java:logGet(43)) - raft.server.log.segment.size.max = 1048576 (custom)
2019-09-12 10:31:52,056 [pool-27-thread-1] INFO  server.RaftServerConfigKeys (ConfUtils.java:logGet(43)) - raft.server.log.preallocated.size = 16384 (custom)
2019-09-12 10:31:52,056 [pool-27-thread-1] INFO  server.RaftServerConfigKeys (ConfUtils.java:logGet(43)) - raft.server.log.write.buffer.size = 33554432 (custom)
2019-09-12 10:31:52,057 [pool-27-thread-1] INFO  server.RaftServerConfigKeys (ConfUtils.java:logGet(43)) - raft.server.log.force.sync.num = 128 (default)
2019-09-12 10:31:52,057 [pool-27-thread-1] INFO  server.RaftServerConfigKeys (ConfUtils.java:logGet(43)) - raft.server.log.statemachine.data.sync = true (default)
2019-09-12 10:31:52,057 [pool-27-thread-1] INFO  server.RaftServerConfigKeys (ConfUtils.java:logGet(43)) - raft.server.log.statemachine.data.sync.timeout = 10s (default)
2019-09-12 10:31:52,057 [pool-27-thread-1] INFO  server.RaftServerConfigKeys (ConfUtils.java:logGet(43)) - raft.server.log.statemachine.data.sync.timeout.retry = -1 (default)
2019-09-12 10:31:52,057 [pool-27-thread-1] INFO  server.RaftServerConfigKeys (ConfUtils.java:logGet(43)) - raft.server.log.statemachine.data.caching.enabled = true (custom)
2019-09-12 10:31:52,058 [pool-27-thread-1] INFO  segmented.SegmentedRaftLogWorker (SegmentedRaftLogWorker.java:lambda$new$0(132)) - 8e0046c7-63e6-4424-9e2f-9e2de00b9629-SegmentedRaftLogWorker:Storage Directory /workdir/hadoop-ozone/integration-test/target/test-dir/MiniOzoneClusterImpl-8f4fcaf0-4acb-4edc-87bf-94a207340594/datanode-0/data/ratis/d8226e5c-95a5-4f49-91ca-3b2c5e155ba5: flushIndex: setUnconditionally 0 -> -1
2019-09-12 10:31:52,058 [pool-27-thread-1] INFO  server.RaftServerConfigKeys (ConfUtils.java:logGet(43)) - raft.server.snapshot.auto.trigger.enabled = true (custom)
2019-09-12 10:31:52,058 [pool-27-thread-1] INFO  server.RaftServerConfigKeys (ConfUtils.java:logGet(43)) - raft.server.snapshot.auto.trigger.threshold = 10000 (custom)
2019-09-12 10:31:52,059 [pool-27-thread-1] INFO  server.RaftServerConfigKeys (ConfUtils.java:logGet(43)) - raft.server.retrycache.expirytime = 600000ms (custom)
2019-09-12 10:31:52,059 [pool-27-thread-1] INFO  impl.RaftServerImpl (RaftServerImpl.java:start(180)) - 8e0046c7-63e6-4424-9e2f-9e2de00b9629: start group-3B2C5E155BA5
2019-09-12 10:31:52,062 [pool-27-thread-1] INFO  impl.RaftServerImpl (RaftServerImpl.java:setRole(171)) - 8e0046c7-63e6-4424-9e2f-9e2de00b9629:group-3B2C5E155BA5 changes role from null to FOLLOWER at term 0 for startAsFollower
2019-09-12 10:31:52,062 [pool-27-thread-1] INFO  impl.RoleInfo (RoleInfo.java:updateAndGet(143)) - 8e0046c7-63e6-4424-9e2f-9e2de00b9629: start FollowerState
2019-09-12 10:31:52,063 | INFO  | SCMAudit | user=jenkins1000 | ip=192.168.157.195 | op=SEND_HEARTBEAT {datanodeUUID=bdf9e822-047f-40fc-a343-36702e59eb3b, command=[]} | ret=SUCCESS |  
2019-09-12 10:31:52,063 [pool-27-thread-1] INFO  util.JmxRegister (JmxRegister.java:tryRegister(44)) - Successfully registered JMX Bean with object name Ratis:service=RaftServer,group=group-3B2C5E155BA5,id=8e0046c7-63e6-4424-9e2f-9e2de00b9629
2019-09-12 10:31:52,078 [RatisPipelineUtilsThread] INFO  pipeline.PipelineStateManager (PipelineStateManager.java:addPipeline(56)) - Created pipeline Pipeline[ Id: d8226e5c-95a5-4f49-91ca-3b2c5e155ba5, Nodes: 8e0046c7-63e6-4424-9e2f-9e2de00b9629{ip: 192.168.157.195, host: pr-hdds-1569-xtfnx-3545843844, networkLocation: /default-rack, certSerialId: null}, Type:RATIS, Factor:ONE, State:OPEN]
2019-09-12 10:31:52,095 [grpc-default-executor-0] INFO  impl.RaftServerProxy (RaftServerProxy.java:addNew(89)) - 815dbc88-4686-4200-bca8-64ffcdb076ff: addNew group-C6878E000310:[815dbc88-4686-4200-bca8-64ffcdb076ff:192.168.157.195:37870] returns group-C6878E000310:java.util.concurrent.CompletableFuture@3c414522[Not completed]
2019-09-12 10:31:52,100 [pool-60-thread-1] INFO  impl.RaftServerImpl (RaftServerImpl.java:<init>(93)) - 815dbc88-4686-4200-bca8-64ffcdb076ff: new RaftServerImpl for group-C6878E000310:[815dbc88-4686-4200-bca8-64ffcdb076ff:192.168.157.195:37870] with ContainerStateMachine:uninitialized
2019-09-12 10:31:52,100 [pool-60-thread-1] INFO  server.RaftServerConfigKeys (ConfUtils.java:logGet(43)) - raft.server.rpc.timeout.min = 5s (custom)
2019-09-12 10:31:52,100 [pool-60-thread-1] INFO  server.RaftServerConfigKeys (ConfUtils.java:logGet(43)) - raft.server.rpc.timeout.max = 5200ms (custom)
2019-09-12 10:31:52,100 [pool-60-thread-1] INFO  server.RaftServerConfigKeys (ConfUtils.java:logGet(43)) - raft.server.rpcslowness.timeout = 120s (custom)
2019-09-12 10:31:52,101 [pool-60-thread-1] INFO  server.RaftServerConfigKeys (ConfUtils.java:logGet(43)) - raft.server.sleep.deviation.threshold = 300 (default)
2019-09-12 10:31:52,101 [pool-60-thread-1] INFO  server.RaftServerConfigKeys (ConfUtils.java:logGet(43)) - raft.server.log.appender.install.snapshot.enabled = false (custom)
2019-09-12 10:31:52,101 [pool-60-thread-1] INFO  impl.RaftServerImpl (ServerState.java:<init>(105)) - 815dbc88-4686-4200-bca8-64ffcdb076ff:group-C6878E000310 ConfigurationManager, init=-1: [815dbc88-4686-4200-bca8-64ffcdb076ff:192.168.157.195:37870], old=null, confs=<EMPTY_MAP>
2019-09-12 10:31:52,101 [pool-60-thread-1] INFO  server.RaftServerConfigKeys (ConfUtils.java:logGet(43)) - raft.server.storage.dir = [/workdir/hadoop-ozone/integration-test/target/test-dir/MiniOzoneClusterImpl-8f4fcaf0-4acb-4edc-87bf-94a207340594/datanode-3/data/ratis] (custom)
2019-09-12 10:31:52,102 [pool-60-thread-1] INFO  storage.RaftStorageDirectory (RaftStorageDirectory.java:analyzeStorage(246)) - The storage directory /workdir/hadoop-ozone/integration-test/target/test-dir/MiniOzoneClusterImpl-8f4fcaf0-4acb-4edc-87bf-94a207340594/datanode-3/data/ratis/8cc86b7b-d5a3-42c6-8ef2-c6878e000310 does not exist. Creating ...
2019-09-12 10:31:52,116 [pool-60-thread-1] INFO  storage.RaftStorageDirectory (RaftStorageDirectory.java:tryLock(328)) - Lock on /workdir/hadoop-ozone/integration-test/target/test-dir/MiniOzoneClusterImpl-8f4fcaf0-4acb-4edc-87bf-94a207340594/datanode-3/data/ratis/8cc86b7b-d5a3-42c6-8ef2-c6878e000310/in_use.lock acquired by nodename 30709@pr-hdds-1569-xtfnx-3545843844
2019-09-12 10:31:52,132 [pool-60-thread-1] INFO  storage.RaftStorage (RaftStorage.java:format(72)) - Storage directory /workdir/hadoop-ozone/integration-test/target/test-dir/MiniOzoneClusterImpl-8f4fcaf0-4acb-4edc-87bf-94a207340594/datanode-3/data/ratis/8cc86b7b-d5a3-42c6-8ef2-c6878e000310 has been successfully formatted.
2019-09-12 10:31:52,132 [pool-60-thread-1] INFO  ratis.ContainerStateMachine (ContainerStateMachine.java:loadSnapshot(226)) - group-C6878E000310: The snapshot info is null. Setting the last applied indexto:(t:0, i:~)
2019-09-12 10:31:52,132 [pool-60-thread-1] INFO  server.RaftServerConfigKeys (ConfUtils.java:logGet(43)) - raft.server.leader.election.timeout = 120s (custom)
2019-09-12 10:31:52,132 [pool-60-thread-1] INFO  server.RaftServerConfigKeys (ConfUtils.java:logGet(43)) - raft.server.log.use.memory = false (default)
2019-09-12 10:31:52,132 [pool-60-thread-1] INFO  server.RaftServerConfigKeys (ConfUtils.java:logGet(43)) - raft.server.log.purge.gap = 1000000 (custom)
2019-09-12 10:31:52,133 [pool-60-thread-1] INFO  server.RaftServerConfigKeys (ConfUtils.java:logGet(43)) - raft.server.log.appender.buffer.byte-limit = 33554432 (custom)
2019-09-12 10:31:52,133 [pool-60-thread-1] INFO  server.RaftServerConfigKeys (ConfUtils.java:logGet(43)) - raft.server.log.segment.size.max = 1048576 (custom)
2019-09-12 10:31:52,133 [pool-60-thread-1] INFO  server.RaftServerConfigKeys (ConfUtils.java:logGet(43)) - raft.server.log.segment.cache.num.max = 2 (custom)
2019-09-12 10:31:52,133 [pool-60-thread-1] INFO  segmented.SegmentedRaftLogWorker (SegmentedRaftLogWorker.java:<init>(172)) - new 815dbc88-4686-4200-bca8-64ffcdb076ff-SegmentedRaftLogWorker:Storage Directory /workdir/hadoop-ozone/integration-test/target/test-dir/MiniOzoneClusterImpl-8f4fcaf0-4acb-4edc-87bf-94a207340594/datanode-3/data/ratis/8cc86b7b-d5a3-42c6-8ef2-c6878e000310 for RaftStorage:Storage Directory /workdir/hadoop-ozone/integration-test/target/test-dir/MiniOzoneClusterImpl-8f4fcaf0-4acb-4edc-87bf-94a207340594/datanode-3/data/ratis/8cc86b7b-d5a3-42c6-8ef2-c6878e000310
2019-09-12 10:31:52,133 [pool-60-thread-1] INFO  server.RaftServerConfigKeys (ConfUtils.java:logGet(43)) - raft.server.log.queue.byte-limit = 2147483647 (custom)
2019-09-12 10:31:52,134 [pool-60-thread-1] INFO  server.RaftServerConfigKeys (ConfUtils.java:logGet(43)) - raft.server.log.queue.element-limit = 1024 (custom)
2019-09-12 10:31:52,134 [pool-60-thread-1] INFO  server.RaftServerConfigKeys (ConfUtils.java:logGet(43)) - raft.server.log.segment.size.max = 1048576 (custom)
2019-09-12 10:31:52,134 [pool-60-thread-1] INFO  server.RaftServerConfigKeys (ConfUtils.java:logGet(43)) - raft.server.log.preallocated.size = 16384 (custom)
2019-09-12 10:31:52,134 [pool-60-thread-1] INFO  server.RaftServerConfigKeys (ConfUtils.java:logGet(43)) - raft.server.log.write.buffer.size = 33554432 (custom)
2019-09-12 10:31:52,135 [pool-60-thread-1] INFO  server.RaftServerConfigKeys (ConfUtils.java:logGet(43)) - raft.server.log.force.sync.num = 128 (default)
2019-09-12 10:31:52,135 [pool-60-thread-1] INFO  server.RaftServerConfigKeys (ConfUtils.java:logGet(43)) - raft.server.log.statemachine.data.sync = true (default)
2019-09-12 10:31:52,135 [pool-60-thread-1] INFO  server.RaftServerConfigKeys (ConfUtils.java:logGet(43)) - raft.server.log.statemachine.data.sync.timeout = 10s (default)
2019-09-12 10:31:52,135 [pool-60-thread-1] INFO  server.RaftServerConfigKeys (ConfUtils.java:logGet(43)) - raft.server.log.statemachine.data.sync.timeout.retry = -1 (default)
2019-09-12 10:31:52,135 [pool-60-thread-1] INFO  server.RaftServerConfigKeys (ConfUtils.java:logGet(43)) - raft.server.log.statemachine.data.caching.enabled = true (custom)
2019-09-12 10:31:52,136 [pool-60-thread-1] INFO  segmented.SegmentedRaftLogWorker (SegmentedRaftLogWorker.java:lambda$new$0(132)) - 815dbc88-4686-4200-bca8-64ffcdb076ff-SegmentedRaftLogWorker:Storage Directory /workdir/hadoop-ozone/integration-test/target/test-dir/MiniOzoneClusterImpl-8f4fcaf0-4acb-4edc-87bf-94a207340594/datanode-3/data/ratis/8cc86b7b-d5a3-42c6-8ef2-c6878e000310: flushIndex: setUnconditionally 0 -> -1
2019-09-12 10:31:52,136 [pool-60-thread-1] INFO  server.RaftServerConfigKeys (ConfUtils.java:logGet(43)) - raft.server.snapshot.auto.trigger.enabled = true (custom)
2019-09-12 10:31:52,136 [pool-60-thread-1] INFO  server.RaftServerConfigKeys (ConfUtils.java:logGet(43)) - raft.server.snapshot.auto.trigger.threshold = 10000 (custom)
2019-09-12 10:31:52,137 [pool-60-thread-1] INFO  server.RaftServerConfigKeys (ConfUtils.java:logGet(43)) - raft.server.retrycache.expirytime = 600000ms (custom)
2019-09-12 10:31:52,137 [pool-60-thread-1] INFO  impl.RaftServerImpl (RaftServerImpl.java:start(180)) - 815dbc88-4686-4200-bca8-64ffcdb076ff: start group-C6878E000310
2019-09-12 10:31:52,137 [pool-60-thread-1] INFO  impl.RaftServerImpl (RaftServerImpl.java:setRole(171)) - 815dbc88-4686-4200-bca8-64ffcdb076ff:group-C6878E000310 changes role from null to FOLLOWER at term 0 for startAsFollower
2019-09-12 10:31:52,137 [pool-60-thread-1] INFO  impl.RoleInfo (RoleInfo.java:updateAndGet(143)) - 815dbc88-4686-4200-bca8-64ffcdb076ff: start FollowerState
2019-09-12 10:31:52,138 [pool-60-thread-1] INFO  util.JmxRegister (JmxRegister.java:tryRegister(44)) - Successfully registered JMX Bean with object name Ratis:service=RaftServer,group=group-C6878E000310,id=815dbc88-4686-4200-bca8-64ffcdb076ff
2019-09-12 10:31:52,152 [RatisPipelineUtilsThread] INFO  pipeline.PipelineStateManager (PipelineStateManager.java:addPipeline(56)) - Created pipeline Pipeline[ Id: 8cc86b7b-d5a3-42c6-8ef2-c6878e000310, Nodes: 815dbc88-4686-4200-bca8-64ffcdb076ff{ip: 192.168.157.195, host: pr-hdds-1569-xtfnx-3545843844, networkLocation: /default-rack, certSerialId: null}, Type:RATIS, Factor:ONE, State:OPEN]
2019-09-12 10:31:52,175 [grpc-default-executor-0] INFO  impl.RaftServerProxy (RaftServerProxy.java:addNew(89)) - 815dbc88-4686-4200-bca8-64ffcdb076ff: addNew group-A2E68D5FC0D3:[815dbc88-4686-4200-bca8-64ffcdb076ff:192.168.157.195:37870] returns group-A2E68D5FC0D3:java.util.concurrent.CompletableFuture@3fedc0[Not completed]
2019-09-12 10:31:52,176 [pool-60-thread-1] INFO  impl.RaftServerImpl (RaftServerImpl.java:<init>(93)) - 815dbc88-4686-4200-bca8-64ffcdb076ff: new RaftServerImpl for group-A2E68D5FC0D3:[815dbc88-4686-4200-bca8-64ffcdb076ff:192.168.157.195:37870] with ContainerStateMachine:uninitialized
2019-09-12 10:31:52,176 [pool-60-thread-1] INFO  server.RaftServerConfigKeys (ConfUtils.java:logGet(43)) - raft.server.rpc.timeout.min = 5s (custom)
2019-09-12 10:31:52,176 [pool-60-thread-1] INFO  server.RaftServerConfigKeys (ConfUtils.java:logGet(43)) - raft.server.rpc.timeout.max = 5200ms (custom)
2019-09-12 10:31:52,177 [pool-60-thread-1] INFO  server.RaftServerConfigKeys (ConfUtils.java:logGet(43)) - raft.server.rpcslowness.timeout = 120s (custom)
2019-09-12 10:31:52,177 [pool-60-thread-1] INFO  server.RaftServerConfigKeys (ConfUtils.java:logGet(43)) - raft.server.sleep.deviation.threshold = 300 (default)
2019-09-12 10:31:52,177 [pool-60-thread-1] INFO  server.RaftServerConfigKeys (ConfUtils.java:logGet(43)) - raft.server.log.appender.install.snapshot.enabled = false (custom)
2019-09-12 10:31:52,177 [pool-60-thread-1] INFO  impl.RaftServerImpl (ServerState.java:<init>(105)) - 815dbc88-4686-4200-bca8-64ffcdb076ff:group-A2E68D5FC0D3 ConfigurationManager, init=-1: [815dbc88-4686-4200-bca8-64ffcdb076ff:192.168.157.195:37870], old=null, confs=<EMPTY_MAP>
2019-09-12 10:31:52,177 [pool-60-thread-1] INFO  server.RaftServerConfigKeys (ConfUtils.java:logGet(43)) - raft.server.storage.dir = [/workdir/hadoop-ozone/integration-test/target/test-dir/MiniOzoneClusterImpl-8f4fcaf0-4acb-4edc-87bf-94a207340594/datanode-3/data/ratis] (custom)
2019-09-12 10:31:52,178 [pool-60-thread-1] INFO  storage.RaftStorageDirectory (RaftStorageDirectory.java:analyzeStorage(246)) - The storage directory /workdir/hadoop-ozone/integration-test/target/test-dir/MiniOzoneClusterImpl-8f4fcaf0-4acb-4edc-87bf-94a207340594/datanode-3/data/ratis/f92e0531-bee3-4f3e-b6db-a2e68d5fc0d3 does not exist. Creating ...
2019-09-12 10:31:52,191 [pool-60-thread-1] INFO  storage.RaftStorageDirectory (RaftStorageDirectory.java:tryLock(328)) - Lock on /workdir/hadoop-ozone/integration-test/target/test-dir/MiniOzoneClusterImpl-8f4fcaf0-4acb-4edc-87bf-94a207340594/datanode-3/data/ratis/f92e0531-bee3-4f3e-b6db-a2e68d5fc0d3/in_use.lock acquired by nodename 30709@pr-hdds-1569-xtfnx-3545843844
2019-09-12 10:31:52,204 [pool-60-thread-1] INFO  storage.RaftStorage (RaftStorage.java:format(72)) - Storage directory /workdir/hadoop-ozone/integration-test/target/test-dir/MiniOzoneClusterImpl-8f4fcaf0-4acb-4edc-87bf-94a207340594/datanode-3/data/ratis/f92e0531-bee3-4f3e-b6db-a2e68d5fc0d3 has been successfully formatted.
2019-09-12 10:31:52,204 [pool-60-thread-1] INFO  ratis.ContainerStateMachine (ContainerStateMachine.java:loadSnapshot(226)) - group-A2E68D5FC0D3: The snapshot info is null. Setting the last applied indexto:(t:0, i:~)
2019-09-12 10:31:52,204 [pool-60-thread-1] INFO  server.RaftServerConfigKeys (ConfUtils.java:logGet(43)) - raft.server.leader.election.timeout = 120s (custom)
2019-09-12 10:31:52,205 [pool-60-thread-1] INFO  server.RaftServerConfigKeys (ConfUtils.java:logGet(43)) - raft.server.log.use.memory = false (default)
2019-09-12 10:31:52,205 [pool-60-thread-1] INFO  server.RaftServerConfigKeys (ConfUtils.java:logGet(43)) - raft.server.log.purge.gap = 1000000 (custom)
2019-09-12 10:31:52,205 [pool-60-thread-1] INFO  server.RaftServerConfigKeys (ConfUtils.java:logGet(43)) - raft.server.log.appender.buffer.byte-limit = 33554432 (custom)
2019-09-12 10:31:52,205 [pool-60-thread-1] INFO  server.RaftServerConfigKeys (ConfUtils.java:logGet(43)) - raft.server.log.segment.size.max = 1048576 (custom)
2019-09-12 10:31:52,206 [pool-60-thread-1] INFO  server.RaftServerConfigKeys (ConfUtils.java:logGet(43)) - raft.server.log.segment.cache.num.max = 2 (custom)
2019-09-12 10:31:52,206 [pool-60-thread-1] INFO  segmented.SegmentedRaftLogWorker (SegmentedRaftLogWorker.java:<init>(172)) - new 815dbc88-4686-4200-bca8-64ffcdb076ff-SegmentedRaftLogWorker:Storage Directory /workdir/hadoop-ozone/integration-test/target/test-dir/MiniOzoneClusterImpl-8f4fcaf0-4acb-4edc-87bf-94a207340594/datanode-3/data/ratis/f92e0531-bee3-4f3e-b6db-a2e68d5fc0d3 for RaftStorage:Storage Directory /workdir/hadoop-ozone/integration-test/target/test-dir/MiniOzoneClusterImpl-8f4fcaf0-4acb-4edc-87bf-94a207340594/datanode-3/data/ratis/f92e0531-bee3-4f3e-b6db-a2e68d5fc0d3
2019-09-12 10:31:52,206 [pool-60-thread-1] INFO  server.RaftServerConfigKeys (ConfUtils.java:logGet(43)) - raft.server.log.queue.byte-limit = 2147483647 (custom)
2019-09-12 10:31:52,206 [pool-60-thread-1] INFO  server.RaftServerConfigKeys (ConfUtils.java:logGet(43)) - raft.server.log.queue.element-limit = 1024 (custom)
2019-09-12 10:31:52,206 [pool-60-thread-1] INFO  server.RaftServerConfigKeys (ConfUtils.java:logGet(43)) - raft.server.log.segment.size.max = 1048576 (custom)
2019-09-12 10:31:52,206 [pool-60-thread-1] INFO  server.RaftServerConfigKeys (ConfUtils.java:logGet(43)) - raft.server.log.preallocated.size = 16384 (custom)
2019-09-12 10:31:52,207 [pool-60-thread-1] INFO  server.RaftServerConfigKeys (ConfUtils.java:logGet(43)) - raft.server.log.write.buffer.size = 33554432 (custom)
2019-09-12 10:31:52,207 [pool-60-thread-1] INFO  server.RaftServerConfigKeys (ConfUtils.java:logGet(43)) - raft.server.log.force.sync.num = 128 (default)
2019-09-12 10:31:52,207 [pool-60-thread-1] INFO  server.RaftServerConfigKeys (ConfUtils.java:logGet(43)) - raft.server.log.statemachine.data.sync = true (default)
2019-09-12 10:31:52,207 [pool-60-thread-1] INFO  server.RaftServerConfigKeys (ConfUtils.java:logGet(43)) - raft.server.log.statemachine.data.sync.timeout = 10s (default)
2019-09-12 10:31:52,207 [pool-60-thread-1] INFO  server.RaftServerConfigKeys (ConfUtils.java:logGet(43)) - raft.server.log.statemachine.data.sync.timeout.retry = -1 (default)
2019-09-12 10:31:52,207 [pool-60-thread-1] INFO  server.RaftServerConfigKeys (ConfUtils.java:logGet(43)) - raft.server.log.statemachine.data.caching.enabled = true (custom)
2019-09-12 10:31:52,208 [pool-60-thread-1] INFO  segmented.SegmentedRaftLogWorker (SegmentedRaftLogWorker.java:lambda$new$0(132)) - 815dbc88-4686-4200-bca8-64ffcdb076ff-SegmentedRaftLogWorker:Storage Directory /workdir/hadoop-ozone/integration-test/target/test-dir/MiniOzoneClusterImpl-8f4fcaf0-4acb-4edc-87bf-94a207340594/datanode-3/data/ratis/f92e0531-bee3-4f3e-b6db-a2e68d5fc0d3: flushIndex: setUnconditionally 0 -> -1
2019-09-12 10:31:52,208 [pool-60-thread-1] INFO  server.RaftServerConfigKeys (ConfUtils.java:logGet(43)) - raft.server.snapshot.auto.trigger.enabled = true (custom)
2019-09-12 10:31:52,208 [pool-60-thread-1] INFO  server.RaftServerConfigKeys (ConfUtils.java:logGet(43)) - raft.server.snapshot.auto.trigger.threshold = 10000 (custom)
2019-09-12 10:31:52,209 [pool-60-thread-1] INFO  server.RaftServerConfigKeys (ConfUtils.java:logGet(43)) - raft.server.retrycache.expirytime = 600000ms (custom)
2019-09-12 10:31:52,209 [pool-60-thread-1] INFO  impl.RaftServerImpl (RaftServerImpl.java:start(180)) - 815dbc88-4686-4200-bca8-64ffcdb076ff: start group-A2E68D5FC0D3
2019-09-12 10:31:52,209 [pool-60-thread-1] INFO  impl.RaftServerImpl (RaftServerImpl.java:setRole(171)) - 815dbc88-4686-4200-bca8-64ffcdb076ff:group-A2E68D5FC0D3 changes role from null to FOLLOWER at term 0 for startAsFollower
2019-09-12 10:31:52,209 [pool-60-thread-1] INFO  impl.RoleInfo (RoleInfo.java:updateAndGet(143)) - 815dbc88-4686-4200-bca8-64ffcdb076ff: start FollowerState
2019-09-12 10:31:52,210 [pool-60-thread-1] INFO  util.JmxRegister (JmxRegister.java:tryRegister(44)) - Successfully registered JMX Bean with object name Ratis:service=RaftServer,group=group-A2E68D5FC0D3,id=815dbc88-4686-4200-bca8-64ffcdb076ff
2019-09-12 10:31:52,231 [RatisPipelineUtilsThread] INFO  pipeline.PipelineStateManager (PipelineStateManager.java:addPipeline(56)) - Created pipeline Pipeline[ Id: f92e0531-bee3-4f3e-b6db-a2e68d5fc0d3, Nodes: 815dbc88-4686-4200-bca8-64ffcdb076ff{ip: 192.168.157.195, host: pr-hdds-1569-xtfnx-3545843844, networkLocation: /default-rack, certSerialId: null}, Type:RATIS, Factor:ONE, State:OPEN]
2019-09-12 10:31:52,245 [main] INFO  rpc.RpcClient (RpcClient.java:createVolume(293)) - Creating Volume: closecontainerexceptionhandlingtest, with jenkins1000 as owner.
2019-09-12 10:31:52,249 [grpc-default-executor-0] INFO  impl.RaftServerProxy (RaftServerProxy.java:addNew(89)) - 8e0046c7-63e6-4424-9e2f-9e2de00b9629: addNew group-DF7F2987E9DF:[8e0046c7-63e6-4424-9e2f-9e2de00b9629:192.168.157.195:34007] returns group-DF7F2987E9DF:java.util.concurrent.CompletableFuture@2d9901dd[Not completed]
2019-09-12 10:31:52,251 [pool-27-thread-1] INFO  impl.RaftServerImpl (RaftServerImpl.java:<init>(93)) - 8e0046c7-63e6-4424-9e2f-9e2de00b9629: new RaftServerImpl for group-DF7F2987E9DF:[8e0046c7-63e6-4424-9e2f-9e2de00b9629:192.168.157.195:34007] with ContainerStateMachine:uninitialized
2019-09-12 10:31:52,251 [pool-27-thread-1] INFO  server.RaftServerConfigKeys (ConfUtils.java:logGet(43)) - raft.server.rpc.timeout.min = 5s (custom)
2019-09-12 10:31:52,252 [pool-27-thread-1] INFO  server.RaftServerConfigKeys (ConfUtils.java:logGet(43)) - raft.server.rpc.timeout.max = 5200ms (custom)
2019-09-12 10:31:52,252 [pool-27-thread-1] INFO  server.RaftServerConfigKeys (ConfUtils.java:logGet(43)) - raft.server.rpcslowness.timeout = 120s (custom)
2019-09-12 10:31:52,252 [pool-27-thread-1] INFO  server.RaftServerConfigKeys (ConfUtils.java:logGet(43)) - raft.server.sleep.deviation.threshold = 300 (default)
2019-09-12 10:31:52,252 [pool-27-thread-1] INFO  server.RaftServerConfigKeys (ConfUtils.java:logGet(43)) - raft.server.log.appender.install.snapshot.enabled = false (custom)
2019-09-12 10:31:52,253 [pool-27-thread-1] INFO  impl.RaftServerImpl (ServerState.java:<init>(105)) - 8e0046c7-63e6-4424-9e2f-9e2de00b9629:group-DF7F2987E9DF ConfigurationManager, init=-1: [8e0046c7-63e6-4424-9e2f-9e2de00b9629:192.168.157.195:34007], old=null, confs=<EMPTY_MAP>
2019-09-12 10:31:52,253 [pool-27-thread-1] INFO  server.RaftServerConfigKeys (ConfUtils.java:logGet(43)) - raft.server.storage.dir = [/workdir/hadoop-ozone/integration-test/target/test-dir/MiniOzoneClusterImpl-8f4fcaf0-4acb-4edc-87bf-94a207340594/datanode-0/data/ratis] (custom)
2019-09-12 10:31:52,253 [pool-27-thread-1] INFO  storage.RaftStorageDirectory (RaftStorageDirectory.java:analyzeStorage(246)) - The storage directory /workdir/hadoop-ozone/integration-test/target/test-dir/MiniOzoneClusterImpl-8f4fcaf0-4acb-4edc-87bf-94a207340594/datanode-0/data/ratis/e4174d35-cd5c-44c9-94a7-df7f2987e9df does not exist. Creating ...
2019-09-12 10:31:52,278 [pool-27-thread-1] INFO  storage.RaftStorageDirectory (RaftStorageDirectory.java:tryLock(328)) - Lock on /workdir/hadoop-ozone/integration-test/target/test-dir/MiniOzoneClusterImpl-8f4fcaf0-4acb-4edc-87bf-94a207340594/datanode-0/data/ratis/e4174d35-cd5c-44c9-94a7-df7f2987e9df/in_use.lock acquired by nodename 30709@pr-hdds-1569-xtfnx-3545843844
2019-09-12 10:31:52,279 | INFO  | OMAudit | user=jenkins1000 | ip=127.0.0.1 | op=CREATE_VOLUME {admin=jenkins1000, owner=jenkins1000, volume=closecontainerexceptionhandlingtest, creationTime=1568284312272, quotaInBytes=1152921504606846976} | ret=SUCCESS |  
2019-09-12 10:31:52,295 [pool-27-thread-1] INFO  storage.RaftStorage (RaftStorage.java:format(72)) - Storage directory /workdir/hadoop-ozone/integration-test/target/test-dir/MiniOzoneClusterImpl-8f4fcaf0-4acb-4edc-87bf-94a207340594/datanode-0/data/ratis/e4174d35-cd5c-44c9-94a7-df7f2987e9df has been successfully formatted.
2019-09-12 10:31:52,301 [pool-27-thread-1] INFO  ratis.ContainerStateMachine (ContainerStateMachine.java:loadSnapshot(226)) - group-DF7F2987E9DF: The snapshot info is null. Setting the last applied indexto:(t:0, i:~)
2019-09-12 10:31:52,301 [pool-27-thread-1] INFO  server.RaftServerConfigKeys (ConfUtils.java:logGet(43)) - raft.server.leader.election.timeout = 120s (custom)
2019-09-12 10:31:52,301 [pool-27-thread-1] INFO  server.RaftServerConfigKeys (ConfUtils.java:logGet(43)) - raft.server.log.use.memory = false (default)
2019-09-12 10:31:52,302 [pool-27-thread-1] INFO  server.RaftServerConfigKeys (ConfUtils.java:logGet(43)) - raft.server.log.purge.gap = 1000000 (custom)
2019-09-12 10:31:52,302 [pool-27-thread-1] INFO  server.RaftServerConfigKeys (ConfUtils.java:logGet(43)) - raft.server.log.appender.buffer.byte-limit = 33554432 (custom)
2019-09-12 10:31:52,302 [pool-27-thread-1] INFO  server.RaftServerConfigKeys (ConfUtils.java:logGet(43)) - raft.server.log.segment.size.max = 1048576 (custom)
2019-09-12 10:31:52,302 [pool-27-thread-1] INFO  server.RaftServerConfigKeys (ConfUtils.java:logGet(43)) - raft.server.log.segment.cache.num.max = 2 (custom)
2019-09-12 10:31:52,303 [pool-27-thread-1] INFO  segmented.SegmentedRaftLogWorker (SegmentedRaftLogWorker.java:<init>(172)) - new 8e0046c7-63e6-4424-9e2f-9e2de00b9629-SegmentedRaftLogWorker:Storage Directory /workdir/hadoop-ozone/integration-test/target/test-dir/MiniOzoneClusterImpl-8f4fcaf0-4acb-4edc-87bf-94a207340594/datanode-0/data/ratis/e4174d35-cd5c-44c9-94a7-df7f2987e9df for RaftStorage:Storage Directory /workdir/hadoop-ozone/integration-test/target/test-dir/MiniOzoneClusterImpl-8f4fcaf0-4acb-4edc-87bf-94a207340594/datanode-0/data/ratis/e4174d35-cd5c-44c9-94a7-df7f2987e9df
2019-09-12 10:31:52,303 [pool-27-thread-1] INFO  server.RaftServerConfigKeys (ConfUtils.java:logGet(43)) - raft.server.log.queue.byte-limit = 2147483647 (custom)
2019-09-12 10:31:52,303 [pool-27-thread-1] INFO  server.RaftServerConfigKeys (ConfUtils.java:logGet(43)) - raft.server.log.queue.element-limit = 1024 (custom)
2019-09-12 10:31:52,303 [pool-27-thread-1] INFO  server.RaftServerConfigKeys (ConfUtils.java:logGet(43)) - raft.server.log.segment.size.max = 1048576 (custom)
2019-09-12 10:31:52,303 [pool-27-thread-1] INFO  server.RaftServerConfigKeys (ConfUtils.java:logGet(43)) - raft.server.log.preallocated.size = 16384 (custom)
2019-09-12 10:31:52,304 [pool-27-thread-1] INFO  server.RaftServerConfigKeys (ConfUtils.java:logGet(43)) - raft.server.log.write.buffer.size = 33554432 (custom)
2019-09-12 10:31:52,308 [pool-27-thread-1] INFO  server.RaftServerConfigKeys (ConfUtils.java:logGet(43)) - raft.server.log.force.sync.num = 128 (default)
2019-09-12 10:31:52,308 [pool-27-thread-1] INFO  server.RaftServerConfigKeys (ConfUtils.java:logGet(43)) - raft.server.log.statemachine.data.sync = true (default)
2019-09-12 10:31:52,310 | INFO  | OMAudit | user=jenkins1000 | ip=127.0.0.1 | op=READ_VOLUME {volume=closecontainerexceptionhandlingtest} | ret=SUCCESS |  
2019-09-12 10:31:52,310 [pool-27-thread-1] INFO  server.RaftServerConfigKeys (ConfUtils.java:logGet(43)) - raft.server.log.statemachine.data.sync.timeout = 10s (default)
2019-09-12 10:31:52,310 [pool-27-thread-1] INFO  server.RaftServerConfigKeys (ConfUtils.java:logGet(43)) - raft.server.log.statemachine.data.sync.timeout.retry = -1 (default)
2019-09-12 10:31:52,310 [pool-27-thread-1] INFO  server.RaftServerConfigKeys (ConfUtils.java:logGet(43)) - raft.server.log.statemachine.data.caching.enabled = true (custom)
2019-09-12 10:31:52,311 [pool-27-thread-1] INFO  segmented.SegmentedRaftLogWorker (SegmentedRaftLogWorker.java:lambda$new$0(132)) - 8e0046c7-63e6-4424-9e2f-9e2de00b9629-SegmentedRaftLogWorker:Storage Directory /workdir/hadoop-ozone/integration-test/target/test-dir/MiniOzoneClusterImpl-8f4fcaf0-4acb-4edc-87bf-94a207340594/datanode-0/data/ratis/e4174d35-cd5c-44c9-94a7-df7f2987e9df: flushIndex: setUnconditionally 0 -> -1
2019-09-12 10:31:52,311 [pool-27-thread-1] INFO  server.RaftServerConfigKeys (ConfUtils.java:logGet(43)) - raft.server.snapshot.auto.trigger.enabled = true (custom)
2019-09-12 10:31:52,312 [pool-27-thread-1] INFO  server.RaftServerConfigKeys (ConfUtils.java:logGet(43)) - raft.server.snapshot.auto.trigger.threshold = 10000 (custom)
2019-09-12 10:31:52,312 [pool-27-thread-1] INFO  server.RaftServerConfigKeys (ConfUtils.java:logGet(43)) - raft.server.retrycache.expirytime = 600000ms (custom)
2019-09-12 10:31:52,312 [pool-27-thread-1] INFO  impl.RaftServerImpl (RaftServerImpl.java:start(180)) - 8e0046c7-63e6-4424-9e2f-9e2de00b9629: start group-DF7F2987E9DF
2019-09-12 10:31:52,312 [pool-27-thread-1] INFO  impl.RaftServerImpl (RaftServerImpl.java:setRole(171)) - 8e0046c7-63e6-4424-9e2f-9e2de00b9629:group-DF7F2987E9DF changes role from null to FOLLOWER at term 0 for startAsFollower
2019-09-12 10:31:52,313 [pool-27-thread-1] INFO  impl.RoleInfo (RoleInfo.java:updateAndGet(143)) - 8e0046c7-63e6-4424-9e2f-9e2de00b9629: start FollowerState
2019-09-12 10:31:52,313 [pool-27-thread-1] INFO  util.JmxRegister (JmxRegister.java:tryRegister(44)) - Successfully registered JMX Bean with object name Ratis:service=RaftServer,group=group-DF7F2987E9DF,id=8e0046c7-63e6-4424-9e2f-9e2de00b9629
2019-09-12 10:31:52,323 [main] INFO  rpc.RpcClient (RpcClient.java:createBucket(432)) - Creating Bucket: closecontainerexceptionhandlingtest/closecontainerexceptionhandlingtest, with Versioning false and Storage Type set to DISK and Encryption set to false 
2019-09-12 10:31:52,324 [RatisPipelineUtilsThread] INFO  pipeline.PipelineStateManager (PipelineStateManager.java:addPipeline(56)) - Created pipeline Pipeline[ Id: e4174d35-cd5c-44c9-94a7-df7f2987e9df, Nodes: 8e0046c7-63e6-4424-9e2f-9e2de00b9629{ip: 192.168.157.195, host: pr-hdds-1569-xtfnx-3545843844, networkLocation: /default-rack, certSerialId: null}, Type:RATIS, Factor:ONE, State:OPEN]
2019-09-12 10:31:52,346 [grpc-default-executor-0] INFO  impl.RaftServerProxy (RaftServerProxy.java:addNew(89)) - 815dbc88-4686-4200-bca8-64ffcdb076ff: addNew group-BD52EEB135BA:[815dbc88-4686-4200-bca8-64ffcdb076ff:192.168.157.195:37870] returns group-BD52EEB135BA:java.util.concurrent.CompletableFuture@285eee7b[Not completed]
2019-09-12 10:31:52,347 [pool-60-thread-1] INFO  impl.RaftServerImpl (RaftServerImpl.java:<init>(93)) - 815dbc88-4686-4200-bca8-64ffcdb076ff: new RaftServerImpl for group-BD52EEB135BA:[815dbc88-4686-4200-bca8-64ffcdb076ff:192.168.157.195:37870] with ContainerStateMachine:uninitialized
2019-09-12 10:31:52,349 [pool-60-thread-1] INFO  server.RaftServerConfigKeys (ConfUtils.java:logGet(43)) - raft.server.rpc.timeout.min = 5s (custom)
2019-09-12 10:31:52,350 [pool-60-thread-1] INFO  server.RaftServerConfigKeys (ConfUtils.java:logGet(43)) - raft.server.rpc.timeout.max = 5200ms (custom)
2019-09-12 10:31:52,350 [pool-60-thread-1] INFO  server.RaftServerConfigKeys (ConfUtils.java:logGet(43)) - raft.server.rpcslowness.timeout = 120s (custom)
2019-09-12 10:31:52,350 [pool-60-thread-1] INFO  server.RaftServerConfigKeys (ConfUtils.java:logGet(43)) - raft.server.sleep.deviation.threshold = 300 (default)
2019-09-12 10:31:52,350 [pool-60-thread-1] INFO  server.RaftServerConfigKeys (ConfUtils.java:logGet(43)) - raft.server.log.appender.install.snapshot.enabled = false (custom)
2019-09-12 10:31:52,350 [pool-60-thread-1] INFO  impl.RaftServerImpl (ServerState.java:<init>(105)) - 815dbc88-4686-4200-bca8-64ffcdb076ff:group-BD52EEB135BA ConfigurationManager, init=-1: [815dbc88-4686-4200-bca8-64ffcdb076ff:192.168.157.195:37870], old=null, confs=<EMPTY_MAP>
2019-09-12 10:31:52,351 [pool-60-thread-1] INFO  server.RaftServerConfigKeys (ConfUtils.java:logGet(43)) - raft.server.storage.dir = [/workdir/hadoop-ozone/integration-test/target/test-dir/MiniOzoneClusterImpl-8f4fcaf0-4acb-4edc-87bf-94a207340594/datanode-3/data/ratis] (custom)
2019-09-12 10:31:52,351 [pool-60-thread-1] INFO  storage.RaftStorageDirectory (RaftStorageDirectory.java:analyzeStorage(246)) - The storage directory /workdir/hadoop-ozone/integration-test/target/test-dir/MiniOzoneClusterImpl-8f4fcaf0-4acb-4edc-87bf-94a207340594/datanode-3/data/ratis/335871f9-f714-4905-b371-bd52eeb135ba does not exist. Creating ...
2019-09-12 10:31:52,357 | INFO  | OMAudit | user=jenkins1000 | ip=127.0.0.1 | op=CREATE_BUCKET {volume=closecontainerexceptionhandlingtest, bucket=closecontainerexceptionhandlingtest, acls=[user:jenkins1000:a[ACCESS], group:default:a[ACCESS]], isVersionEnabled=false, storageType=DISK, creationTime=0} | ret=SUCCESS |  
2019-09-12 10:31:52,366 [pool-60-thread-1] INFO  storage.RaftStorageDirectory (RaftStorageDirectory.java:tryLock(328)) - Lock on /workdir/hadoop-ozone/integration-test/target/test-dir/MiniOzoneClusterImpl-8f4fcaf0-4acb-4edc-87bf-94a207340594/datanode-3/data/ratis/335871f9-f714-4905-b371-bd52eeb135ba/in_use.lock acquired by nodename 30709@pr-hdds-1569-xtfnx-3545843844
2019-09-12 10:31:52,371 | INFO  | OMAudit | user=jenkins1000 | ip=127.0.0.1 | op=READ_VOLUME {volume=closecontainerexceptionhandlingtest} | ret=SUCCESS |  
2019-09-12 10:31:52,379 [pool-60-thread-1] INFO  storage.RaftStorage (RaftStorage.java:format(72)) - Storage directory /workdir/hadoop-ozone/integration-test/target/test-dir/MiniOzoneClusterImpl-8f4fcaf0-4acb-4edc-87bf-94a207340594/datanode-3/data/ratis/335871f9-f714-4905-b371-bd52eeb135ba has been successfully formatted.
2019-09-12 10:31:52,380 | INFO  | OMAudit | user=jenkins1000 | ip=127.0.0.1 | op=READ_BUCKET {volume=closecontainerexceptionhandlingtest, bucket=closecontainerexceptionhandlingtest} | ret=SUCCESS |  
2019-09-12 10:31:52,380 [pool-60-thread-1] INFO  ratis.ContainerStateMachine (ContainerStateMachine.java:loadSnapshot(226)) - group-BD52EEB135BA: The snapshot info is null. Setting the last applied indexto:(t:0, i:~)
2019-09-12 10:31:52,380 [pool-60-thread-1] INFO  server.RaftServerConfigKeys (ConfUtils.java:logGet(43)) - raft.server.leader.election.timeout = 120s (custom)
2019-09-12 10:31:52,380 [pool-60-thread-1] INFO  server.RaftServerConfigKeys (ConfUtils.java:logGet(43)) - raft.server.log.use.memory = false (default)
2019-09-12 10:31:52,380 [pool-60-thread-1] INFO  server.RaftServerConfigKeys (ConfUtils.java:logGet(43)) - raft.server.log.purge.gap = 1000000 (custom)
2019-09-12 10:31:52,381 [pool-60-thread-1] INFO  server.RaftServerConfigKeys (ConfUtils.java:logGet(43)) - raft.server.log.appender.buffer.byte-limit = 33554432 (custom)
2019-09-12 10:31:52,381 [pool-60-thread-1] INFO  server.RaftServerConfigKeys (ConfUtils.java:logGet(43)) - raft.server.log.segment.size.max = 1048576 (custom)
2019-09-12 10:31:52,381 [pool-60-thread-1] INFO  server.RaftServerConfigKeys (ConfUtils.java:logGet(43)) - raft.server.log.segment.cache.num.max = 2 (custom)
2019-09-12 10:31:52,381 [pool-60-thread-1] INFO  segmented.SegmentedRaftLogWorker (SegmentedRaftLogWorker.java:<init>(172)) - new 815dbc88-4686-4200-bca8-64ffcdb076ff-SegmentedRaftLogWorker:Storage Directory /workdir/hadoop-ozone/integration-test/target/test-dir/MiniOzoneClusterImpl-8f4fcaf0-4acb-4edc-87bf-94a207340594/datanode-3/data/ratis/335871f9-f714-4905-b371-bd52eeb135ba for RaftStorage:Storage Directory /workdir/hadoop-ozone/integration-test/target/test-dir/MiniOzoneClusterImpl-8f4fcaf0-4acb-4edc-87bf-94a207340594/datanode-3/data/ratis/335871f9-f714-4905-b371-bd52eeb135ba
2019-09-12 10:31:52,381 [pool-60-thread-1] INFO  server.RaftServerConfigKeys (ConfUtils.java:logGet(43)) - raft.server.log.queue.byte-limit = 2147483647 (custom)
2019-09-12 10:31:52,382 [pool-60-thread-1] INFO  server.RaftServerConfigKeys (ConfUtils.java:logGet(43)) - raft.server.log.queue.element-limit = 1024 (custom)
2019-09-12 10:31:52,382 [pool-60-thread-1] INFO  server.RaftServerConfigKeys (ConfUtils.java:logGet(43)) - raft.server.log.segment.size.max = 1048576 (custom)
2019-09-12 10:31:52,382 [pool-60-thread-1] INFO  server.RaftServerConfigKeys (ConfUtils.java:logGet(43)) - raft.server.log.preallocated.size = 16384 (custom)
2019-09-12 10:31:52,382 [pool-60-thread-1] INFO  server.RaftServerConfigKeys (ConfUtils.java:logGet(43)) - raft.server.log.write.buffer.size = 33554432 (custom)
2019-09-12 10:31:52,382 [pool-60-thread-1] INFO  server.RaftServerConfigKeys (ConfUtils.java:logGet(43)) - raft.server.log.force.sync.num = 128 (default)
2019-09-12 10:31:52,382 [pool-60-thread-1] INFO  server.RaftServerConfigKeys (ConfUtils.java:logGet(43)) - raft.server.log.statemachine.data.sync = true (default)
2019-09-12 10:31:52,383 [pool-60-thread-1] INFO  server.RaftServerConfigKeys (ConfUtils.java:logGet(43)) - raft.server.log.statemachine.data.sync.timeout = 10s (default)
2019-09-12 10:31:52,383 [pool-60-thread-1] INFO  server.RaftServerConfigKeys (ConfUtils.java:logGet(43)) - raft.server.log.statemachine.data.sync.timeout.retry = -1 (default)
2019-09-12 10:31:52,383 [pool-60-thread-1] INFO  server.RaftServerConfigKeys (ConfUtils.java:logGet(43)) - raft.server.log.statemachine.data.caching.enabled = true (custom)
2019-09-12 10:31:52,384 [pool-60-thread-1] INFO  segmented.SegmentedRaftLogWorker (SegmentedRaftLogWorker.java:lambda$new$0(132)) - 815dbc88-4686-4200-bca8-64ffcdb076ff-SegmentedRaftLogWorker:Storage Directory /workdir/hadoop-ozone/integration-test/target/test-dir/MiniOzoneClusterImpl-8f4fcaf0-4acb-4edc-87bf-94a207340594/datanode-3/data/ratis/335871f9-f714-4905-b371-bd52eeb135ba: flushIndex: setUnconditionally 0 -> -1
2019-09-12 10:31:52,384 [pool-60-thread-1] INFO  server.RaftServerConfigKeys (ConfUtils.java:logGet(43)) - raft.server.snapshot.auto.trigger.enabled = true (custom)
2019-09-12 10:31:52,384 [pool-60-thread-1] INFO  server.RaftServerConfigKeys (ConfUtils.java:logGet(43)) - raft.server.snapshot.auto.trigger.threshold = 10000 (custom)
2019-09-12 10:31:52,384 [pool-60-thread-1] INFO  server.RaftServerConfigKeys (ConfUtils.java:logGet(43)) - raft.server.retrycache.expirytime = 600000ms (custom)
2019-09-12 10:31:52,385 [pool-60-thread-1] INFO  impl.RaftServerImpl (RaftServerImpl.java:start(180)) - 815dbc88-4686-4200-bca8-64ffcdb076ff: start group-BD52EEB135BA
2019-09-12 10:31:52,385 [pool-60-thread-1] INFO  impl.RaftServerImpl (RaftServerImpl.java:setRole(171)) - 815dbc88-4686-4200-bca8-64ffcdb076ff:group-BD52EEB135BA changes role from null to FOLLOWER at term 0 for startAsFollower
2019-09-12 10:31:52,385 [pool-60-thread-1] INFO  impl.RoleInfo (RoleInfo.java:updateAndGet(143)) - 815dbc88-4686-4200-bca8-64ffcdb076ff: start FollowerState
2019-09-12 10:31:52,386 [pool-60-thread-1] INFO  util.JmxRegister (JmxRegister.java:tryRegister(44)) - Successfully registered JMX Bean with object name Ratis:service=RaftServer,group=group-BD52EEB135BA,id=815dbc88-4686-4200-bca8-64ffcdb076ff
2019-09-12 10:31:52,400 [RatisPipelineUtilsThread] INFO  pipeline.PipelineStateManager (PipelineStateManager.java:addPipeline(56)) - Created pipeline Pipeline[ Id: 335871f9-f714-4905-b371-bd52eeb135ba, Nodes: 815dbc88-4686-4200-bca8-64ffcdb076ff{ip: 192.168.157.195, host: pr-hdds-1569-xtfnx-3545843844, networkLocation: /default-rack, certSerialId: null}, Type:RATIS, Factor:ONE, State:OPEN]
2019-09-12 10:31:52,415 [grpc-default-executor-0] INFO  impl.RaftServerProxy (RaftServerProxy.java:addNew(89)) - bdf9e822-047f-40fc-a343-36702e59eb3b: addNew group-227E4F26C3D6:[bdf9e822-047f-40fc-a343-36702e59eb3b:192.168.157.195:45766] returns group-227E4F26C3D6:java.util.concurrent.CompletableFuture@6fb782e1[Not completed]
2019-09-12 10:31:52,418 [pool-38-thread-1] INFO  impl.RaftServerImpl (RaftServerImpl.java:<init>(93)) - bdf9e822-047f-40fc-a343-36702e59eb3b: new RaftServerImpl for group-227E4F26C3D6:[bdf9e822-047f-40fc-a343-36702e59eb3b:192.168.157.195:45766] with ContainerStateMachine:uninitialized
2019-09-12 10:31:52,418 [pool-38-thread-1] INFO  server.RaftServerConfigKeys (ConfUtils.java:logGet(43)) - raft.server.rpc.timeout.min = 5s (custom)
2019-09-12 10:31:52,418 [pool-38-thread-1] INFO  server.RaftServerConfigKeys (ConfUtils.java:logGet(43)) - raft.server.rpc.timeout.max = 5200ms (custom)
2019-09-12 10:31:52,418 [pool-38-thread-1] INFO  server.RaftServerConfigKeys (ConfUtils.java:logGet(43)) - raft.server.rpcslowness.timeout = 120s (custom)
2019-09-12 10:31:52,418 [pool-38-thread-1] INFO  server.RaftServerConfigKeys (ConfUtils.java:logGet(43)) - raft.server.sleep.deviation.threshold = 300 (default)
2019-09-12 10:31:52,419 [pool-38-thread-1] INFO  server.RaftServerConfigKeys (ConfUtils.java:logGet(43)) - raft.server.log.appender.install.snapshot.enabled = false (custom)
2019-09-12 10:31:52,419 [pool-38-thread-1] INFO  impl.RaftServerImpl (ServerState.java:<init>(105)) - bdf9e822-047f-40fc-a343-36702e59eb3b:group-227E4F26C3D6 ConfigurationManager, init=-1: [bdf9e822-047f-40fc-a343-36702e59eb3b:192.168.157.195:45766], old=null, confs=<EMPTY_MAP>
2019-09-12 10:31:52,419 [pool-38-thread-1] INFO  server.RaftServerConfigKeys (ConfUtils.java:logGet(43)) - raft.server.storage.dir = [/workdir/hadoop-ozone/integration-test/target/test-dir/MiniOzoneClusterImpl-8f4fcaf0-4acb-4edc-87bf-94a207340594/datanode-1/data/ratis] (custom)
2019-09-12 10:31:52,420 [pool-38-thread-1] INFO  storage.RaftStorageDirectory (RaftStorageDirectory.java:analyzeStorage(246)) - The storage directory /workdir/hadoop-ozone/integration-test/target/test-dir/MiniOzoneClusterImpl-8f4fcaf0-4acb-4edc-87bf-94a207340594/datanode-1/data/ratis/a776c573-c2a9-4b58-8cd2-227e4f26c3d6 does not exist. Creating ...
2019-09-12 10:31:52,444 [pool-38-thread-1] INFO  storage.RaftStorageDirectory (RaftStorageDirectory.java:tryLock(328)) - Lock on /workdir/hadoop-ozone/integration-test/target/test-dir/MiniOzoneClusterImpl-8f4fcaf0-4acb-4edc-87bf-94a207340594/datanode-1/data/ratis/a776c573-c2a9-4b58-8cd2-227e4f26c3d6/in_use.lock acquired by nodename 30709@pr-hdds-1569-xtfnx-3545843844
2019-09-12 10:31:52,457 [pool-38-thread-1] INFO  storage.RaftStorage (RaftStorage.java:format(72)) - Storage directory /workdir/hadoop-ozone/integration-test/target/test-dir/MiniOzoneClusterImpl-8f4fcaf0-4acb-4edc-87bf-94a207340594/datanode-1/data/ratis/a776c573-c2a9-4b58-8cd2-227e4f26c3d6 has been successfully formatted.
2019-09-12 10:31:52,458 [pool-38-thread-1] INFO  ratis.ContainerStateMachine (ContainerStateMachine.java:loadSnapshot(226)) - group-227E4F26C3D6: The snapshot info is null. Setting the last applied indexto:(t:0, i:~)
2019-09-12 10:31:52,458 [pool-38-thread-1] INFO  server.RaftServerConfigKeys (ConfUtils.java:logGet(43)) - raft.server.leader.election.timeout = 120s (custom)
2019-09-12 10:31:52,458 [pool-38-thread-1] INFO  server.RaftServerConfigKeys (ConfUtils.java:logGet(43)) - raft.server.log.use.memory = false (default)
2019-09-12 10:31:52,458 [pool-38-thread-1] INFO  server.RaftServerConfigKeys (ConfUtils.java:logGet(43)) - raft.server.log.purge.gap = 1000000 (custom)
2019-09-12 10:31:52,458 [pool-38-thread-1] INFO  server.RaftServerConfigKeys (ConfUtils.java:logGet(43)) - raft.server.log.appender.buffer.byte-limit = 33554432 (custom)
2019-09-12 10:31:52,459 [pool-38-thread-1] INFO  server.RaftServerConfigKeys (ConfUtils.java:logGet(43)) - raft.server.log.segment.size.max = 1048576 (custom)
2019-09-12 10:31:52,459 [pool-38-thread-1] INFO  server.RaftServerConfigKeys (ConfUtils.java:logGet(43)) - raft.server.log.segment.cache.num.max = 2 (custom)
2019-09-12 10:31:52,459 [pool-38-thread-1] INFO  segmented.SegmentedRaftLogWorker (SegmentedRaftLogWorker.java:<init>(172)) - new bdf9e822-047f-40fc-a343-36702e59eb3b-SegmentedRaftLogWorker:Storage Directory /workdir/hadoop-ozone/integration-test/target/test-dir/MiniOzoneClusterImpl-8f4fcaf0-4acb-4edc-87bf-94a207340594/datanode-1/data/ratis/a776c573-c2a9-4b58-8cd2-227e4f26c3d6 for RaftStorage:Storage Directory /workdir/hadoop-ozone/integration-test/target/test-dir/MiniOzoneClusterImpl-8f4fcaf0-4acb-4edc-87bf-94a207340594/datanode-1/data/ratis/a776c573-c2a9-4b58-8cd2-227e4f26c3d6
2019-09-12 10:31:52,459 [pool-38-thread-1] INFO  server.RaftServerConfigKeys (ConfUtils.java:logGet(43)) - raft.server.log.queue.byte-limit = 2147483647 (custom)
2019-09-12 10:31:52,459 [pool-38-thread-1] INFO  server.RaftServerConfigKeys (ConfUtils.java:logGet(43)) - raft.server.log.queue.element-limit = 1024 (custom)
2019-09-12 10:31:52,460 [pool-38-thread-1] INFO  server.RaftServerConfigKeys (ConfUtils.java:logGet(43)) - raft.server.log.segment.size.max = 1048576 (custom)
2019-09-12 10:31:52,460 [pool-38-thread-1] INFO  server.RaftServerConfigKeys (ConfUtils.java:logGet(43)) - raft.server.log.preallocated.size = 16384 (custom)
2019-09-12 10:31:52,460 [pool-38-thread-1] INFO  server.RaftServerConfigKeys (ConfUtils.java:logGet(43)) - raft.server.log.write.buffer.size = 33554432 (custom)
2019-09-12 10:31:52,460 [pool-38-thread-1] INFO  server.RaftServerConfigKeys (ConfUtils.java:logGet(43)) - raft.server.log.force.sync.num = 128 (default)
2019-09-12 10:31:52,461 [pool-38-thread-1] INFO  server.RaftServerConfigKeys (ConfUtils.java:logGet(43)) - raft.server.log.statemachine.data.sync = true (default)
2019-09-12 10:31:52,461 [pool-38-thread-1] INFO  server.RaftServerConfigKeys (ConfUtils.java:logGet(43)) - raft.server.log.statemachine.data.sync.timeout = 10s (default)
2019-09-12 10:31:52,461 [pool-38-thread-1] INFO  server.RaftServerConfigKeys (ConfUtils.java:logGet(43)) - raft.server.log.statemachine.data.sync.timeout.retry = -1 (default)
2019-09-12 10:31:52,461 [pool-38-thread-1] INFO  server.RaftServerConfigKeys (ConfUtils.java:logGet(43)) - raft.server.log.statemachine.data.caching.enabled = true (custom)
2019-09-12 10:31:52,462 [pool-38-thread-1] INFO  segmented.SegmentedRaftLogWorker (SegmentedRaftLogWorker.java:lambda$new$0(132)) - bdf9e822-047f-40fc-a343-36702e59eb3b-SegmentedRaftLogWorker:Storage Directory /workdir/hadoop-ozone/integration-test/target/test-dir/MiniOzoneClusterImpl-8f4fcaf0-4acb-4edc-87bf-94a207340594/datanode-1/data/ratis/a776c573-c2a9-4b58-8cd2-227e4f26c3d6: flushIndex: setUnconditionally 0 -> -1
2019-09-12 10:31:52,462 [pool-38-thread-1] INFO  server.RaftServerConfigKeys (ConfUtils.java:logGet(43)) - raft.server.snapshot.auto.trigger.enabled = true (custom)
2019-09-12 10:31:52,462 [pool-38-thread-1] INFO  server.RaftServerConfigKeys (ConfUtils.java:logGet(43)) - raft.server.snapshot.auto.trigger.threshold = 10000 (custom)
2019-09-12 10:31:52,463 [pool-38-thread-1] INFO  server.RaftServerConfigKeys (ConfUtils.java:logGet(43)) - raft.server.retrycache.expirytime = 600000ms (custom)
2019-09-12 10:31:52,463 [pool-38-thread-1] INFO  impl.RaftServerImpl (RaftServerImpl.java:start(180)) - bdf9e822-047f-40fc-a343-36702e59eb3b: start group-227E4F26C3D6
2019-09-12 10:31:52,463 [pool-38-thread-1] INFO  impl.RaftServerImpl (RaftServerImpl.java:setRole(171)) - bdf9e822-047f-40fc-a343-36702e59eb3b:group-227E4F26C3D6 changes role from null to FOLLOWER at term 0 for startAsFollower
2019-09-12 10:31:52,463 [pool-38-thread-1] INFO  impl.RoleInfo (RoleInfo.java:updateAndGet(143)) - bdf9e822-047f-40fc-a343-36702e59eb3b: start FollowerState
2019-09-12 10:31:52,464 [pool-38-thread-1] INFO  util.JmxRegister (JmxRegister.java:tryRegister(44)) - Successfully registered JMX Bean with object name Ratis:service=RaftServer,group=group-227E4F26C3D6,id=bdf9e822-047f-40fc-a343-36702e59eb3b
2019-09-12 10:31:52,476 [RatisPipelineUtilsThread] INFO  pipeline.PipelineStateManager (PipelineStateManager.java:addPipeline(56)) - Created pipeline Pipeline[ Id: a776c573-c2a9-4b58-8cd2-227e4f26c3d6, Nodes: bdf9e822-047f-40fc-a343-36702e59eb3b{ip: 192.168.157.195, host: pr-hdds-1569-xtfnx-3545843844, networkLocation: /default-rack, certSerialId: null}, Type:RATIS, Factor:ONE, State:OPEN]
2019-09-12 10:31:52,490 [grpc-default-executor-0] INFO  impl.RaftServerProxy (RaftServerProxy.java:addNew(89)) - 815dbc88-4686-4200-bca8-64ffcdb076ff: addNew group-9825D4F5349E:[815dbc88-4686-4200-bca8-64ffcdb076ff:192.168.157.195:37870] returns group-9825D4F5349E:java.util.concurrent.CompletableFuture@65a52e30[Not completed]
2019-09-12 10:31:52,491 [pool-60-thread-1] INFO  impl.RaftServerImpl (RaftServerImpl.java:<init>(93)) - 815dbc88-4686-4200-bca8-64ffcdb076ff: new RaftServerImpl for group-9825D4F5349E:[815dbc88-4686-4200-bca8-64ffcdb076ff:192.168.157.195:37870] with ContainerStateMachine:uninitialized
2019-09-12 10:31:52,492 [pool-60-thread-1] INFO  server.RaftServerConfigKeys (ConfUtils.java:logGet(43)) - raft.server.rpc.timeout.min = 5s (custom)
2019-09-12 10:31:52,492 [pool-60-thread-1] INFO  server.RaftServerConfigKeys (ConfUtils.java:logGet(43)) - raft.server.rpc.timeout.max = 5200ms (custom)
2019-09-12 10:31:52,492 [pool-60-thread-1] INFO  server.RaftServerConfigKeys (ConfUtils.java:logGet(43)) - raft.server.rpcslowness.timeout = 120s (custom)
2019-09-12 10:31:52,492 [pool-60-thread-1] INFO  server.RaftServerConfigKeys (ConfUtils.java:logGet(43)) - raft.server.sleep.deviation.threshold = 300 (default)
2019-09-12 10:31:52,492 [pool-60-thread-1] INFO  server.RaftServerConfigKeys (ConfUtils.java:logGet(43)) - raft.server.log.appender.install.snapshot.enabled = false (custom)
2019-09-12 10:31:52,493 [pool-60-thread-1] INFO  impl.RaftServerImpl (ServerState.java:<init>(105)) - 815dbc88-4686-4200-bca8-64ffcdb076ff:group-9825D4F5349E ConfigurationManager, init=-1: [815dbc88-4686-4200-bca8-64ffcdb076ff:192.168.157.195:37870], old=null, confs=<EMPTY_MAP>
2019-09-12 10:31:52,493 [pool-60-thread-1] INFO  server.RaftServerConfigKeys (ConfUtils.java:logGet(43)) - raft.server.storage.dir = [/workdir/hadoop-ozone/integration-test/target/test-dir/MiniOzoneClusterImpl-8f4fcaf0-4acb-4edc-87bf-94a207340594/datanode-3/data/ratis] (custom)
2019-09-12 10:31:52,493 [pool-60-thread-1] INFO  storage.RaftStorageDirectory (RaftStorageDirectory.java:analyzeStorage(246)) - The storage directory /workdir/hadoop-ozone/integration-test/target/test-dir/MiniOzoneClusterImpl-8f4fcaf0-4acb-4edc-87bf-94a207340594/datanode-3/data/ratis/d46eb184-0582-4b16-92f5-9825d4f5349e does not exist. Creating ...
2019-09-12 10:31:52,518 [pool-60-thread-1] INFO  storage.RaftStorageDirectory (RaftStorageDirectory.java:tryLock(328)) - Lock on /workdir/hadoop-ozone/integration-test/target/test-dir/MiniOzoneClusterImpl-8f4fcaf0-4acb-4edc-87bf-94a207340594/datanode-3/data/ratis/d46eb184-0582-4b16-92f5-9825d4f5349e/in_use.lock acquired by nodename 30709@pr-hdds-1569-xtfnx-3545843844
2019-09-12 10:31:52,543 [pool-60-thread-1] INFO  storage.RaftStorage (RaftStorage.java:format(72)) - Storage directory /workdir/hadoop-ozone/integration-test/target/test-dir/MiniOzoneClusterImpl-8f4fcaf0-4acb-4edc-87bf-94a207340594/datanode-3/data/ratis/d46eb184-0582-4b16-92f5-9825d4f5349e has been successfully formatted.
2019-09-12 10:31:52,543 [pool-60-thread-1] INFO  ratis.ContainerStateMachine (ContainerStateMachine.java:loadSnapshot(226)) - group-9825D4F5349E: The snapshot info is null. Setting the last applied indexto:(t:0, i:~)
2019-09-12 10:31:52,544 [pool-60-thread-1] INFO  server.RaftServerConfigKeys (ConfUtils.java:logGet(43)) - raft.server.leader.election.timeout = 120s (custom)
2019-09-12 10:31:52,544 [pool-60-thread-1] INFO  server.RaftServerConfigKeys (ConfUtils.java:logGet(43)) - raft.server.log.use.memory = false (default)
2019-09-12 10:31:52,544 [pool-60-thread-1] INFO  server.RaftServerConfigKeys (ConfUtils.java:logGet(43)) - raft.server.log.purge.gap = 1000000 (custom)
2019-09-12 10:31:52,544 [pool-60-thread-1] INFO  server.RaftServerConfigKeys (ConfUtils.java:logGet(43)) - raft.server.log.appender.buffer.byte-limit = 33554432 (custom)
2019-09-12 10:31:52,544 [pool-60-thread-1] INFO  server.RaftServerConfigKeys (ConfUtils.java:logGet(43)) - raft.server.log.segment.size.max = 1048576 (custom)
2019-09-12 10:31:52,545 [pool-60-thread-1] INFO  server.RaftServerConfigKeys (ConfUtils.java:logGet(43)) - raft.server.log.segment.cache.num.max = 2 (custom)
2019-09-12 10:31:52,545 [pool-60-thread-1] INFO  segmented.SegmentedRaftLogWorker (SegmentedRaftLogWorker.java:<init>(172)) - new 815dbc88-4686-4200-bca8-64ffcdb076ff-SegmentedRaftLogWorker:Storage Directory /workdir/hadoop-ozone/integration-test/target/test-dir/MiniOzoneClusterImpl-8f4fcaf0-4acb-4edc-87bf-94a207340594/datanode-3/data/ratis/d46eb184-0582-4b16-92f5-9825d4f5349e for RaftStorage:Storage Directory /workdir/hadoop-ozone/integration-test/target/test-dir/MiniOzoneClusterImpl-8f4fcaf0-4acb-4edc-87bf-94a207340594/datanode-3/data/ratis/d46eb184-0582-4b16-92f5-9825d4f5349e
2019-09-12 10:31:52,545 [pool-60-thread-1] INFO  server.RaftServerConfigKeys (ConfUtils.java:logGet(43)) - raft.server.log.queue.byte-limit = 2147483647 (custom)
2019-09-12 10:31:52,545 [pool-60-thread-1] INFO  server.RaftServerConfigKeys (ConfUtils.java:logGet(43)) - raft.server.log.queue.element-limit = 1024 (custom)
2019-09-12 10:31:52,545 [pool-60-thread-1] INFO  server.RaftServerConfigKeys (ConfUtils.java:logGet(43)) - raft.server.log.segment.size.max = 1048576 (custom)
2019-09-12 10:31:52,546 [pool-60-thread-1] INFO  server.RaftServerConfigKeys (ConfUtils.java:logGet(43)) - raft.server.log.preallocated.size = 16384 (custom)
2019-09-12 10:31:52,546 [pool-60-thread-1] INFO  server.RaftServerConfigKeys (ConfUtils.java:logGet(43)) - raft.server.log.write.buffer.size = 33554432 (custom)
2019-09-12 10:31:52,546 [pool-60-thread-1] INFO  server.RaftServerConfigKeys (ConfUtils.java:logGet(43)) - raft.server.log.force.sync.num = 128 (default)
2019-09-12 10:31:52,546 [pool-60-thread-1] INFO  server.RaftServerConfigKeys (ConfUtils.java:logGet(43)) - raft.server.log.statemachine.data.sync = true (default)
2019-09-12 10:31:52,547 [pool-60-thread-1] INFO  server.RaftServerConfigKeys (ConfUtils.java:logGet(43)) - raft.server.log.statemachine.data.sync.timeout = 10s (default)
2019-09-12 10:31:52,547 [pool-60-thread-1] INFO  server.RaftServerConfigKeys (ConfUtils.java:logGet(43)) - raft.server.log.statemachine.data.sync.timeout.retry = -1 (default)
2019-09-12 10:31:52,547 [pool-60-thread-1] INFO  server.RaftServerConfigKeys (ConfUtils.java:logGet(43)) - raft.server.log.statemachine.data.caching.enabled = true (custom)
2019-09-12 10:31:52,547 [pool-60-thread-1] INFO  segmented.SegmentedRaftLogWorker (SegmentedRaftLogWorker.java:lambda$new$0(132)) - 815dbc88-4686-4200-bca8-64ffcdb076ff-SegmentedRaftLogWorker:Storage Directory /workdir/hadoop-ozone/integration-test/target/test-dir/MiniOzoneClusterImpl-8f4fcaf0-4acb-4edc-87bf-94a207340594/datanode-3/data/ratis/d46eb184-0582-4b16-92f5-9825d4f5349e: flushIndex: setUnconditionally 0 -> -1
2019-09-12 10:31:52,548 [pool-60-thread-1] INFO  server.RaftServerConfigKeys (ConfUtils.java:logGet(43)) - raft.server.snapshot.auto.trigger.enabled = true (custom)
2019-09-12 10:31:52,548 [pool-60-thread-1] INFO  server.RaftServerConfigKeys (ConfUtils.java:logGet(43)) - raft.server.snapshot.auto.trigger.threshold = 10000 (custom)
2019-09-12 10:31:52,548 [pool-60-thread-1] INFO  server.RaftServerConfigKeys (ConfUtils.java:logGet(43)) - raft.server.retrycache.expirytime = 600000ms (custom)
2019-09-12 10:31:52,549 [pool-60-thread-1] INFO  impl.RaftServerImpl (RaftServerImpl.java:start(180)) - 815dbc88-4686-4200-bca8-64ffcdb076ff: start group-9825D4F5349E
2019-09-12 10:31:52,549 [pool-60-thread-1] INFO  impl.RaftServerImpl (RaftServerImpl.java:setRole(171)) - 815dbc88-4686-4200-bca8-64ffcdb076ff:group-9825D4F5349E changes role from null to FOLLOWER at term 0 for startAsFollower
2019-09-12 10:31:52,549 [pool-60-thread-1] INFO  impl.RoleInfo (RoleInfo.java:updateAndGet(143)) - 815dbc88-4686-4200-bca8-64ffcdb076ff: start FollowerState
2019-09-12 10:31:52,550 [pool-60-thread-1] INFO  util.JmxRegister (JmxRegister.java:tryRegister(44)) - Successfully registered JMX Bean with object name Ratis:service=RaftServer,group=group-9825D4F5349E,id=815dbc88-4686-4200-bca8-64ffcdb076ff
2019-09-12 10:31:52,556 [RatisPipelineUtilsThread] INFO  pipeline.PipelineStateManager (PipelineStateManager.java:addPipeline(56)) - Created pipeline Pipeline[ Id: d46eb184-0582-4b16-92f5-9825d4f5349e, Nodes: 815dbc88-4686-4200-bca8-64ffcdb076ff{ip: 192.168.157.195, host: pr-hdds-1569-xtfnx-3545843844, networkLocation: /default-rack, certSerialId: null}, Type:RATIS, Factor:ONE, State:OPEN]
2019-09-12 10:31:52,571 [grpc-default-executor-0] INFO  impl.RaftServerProxy (RaftServerProxy.java:addNew(89)) - 815dbc88-4686-4200-bca8-64ffcdb076ff: addNew group-22D099694890:[815dbc88-4686-4200-bca8-64ffcdb076ff:192.168.157.195:37870] returns group-22D099694890:java.util.concurrent.CompletableFuture@5c871a39[Not completed]
2019-09-12 10:31:52,572 [pool-60-thread-1] INFO  impl.RaftServerImpl (RaftServerImpl.java:<init>(93)) - 815dbc88-4686-4200-bca8-64ffcdb076ff: new RaftServerImpl for group-22D099694890:[815dbc88-4686-4200-bca8-64ffcdb076ff:192.168.157.195:37870] with ContainerStateMachine:uninitialized
2019-09-12 10:31:52,573 [pool-60-thread-1] INFO  server.RaftServerConfigKeys (ConfUtils.java:logGet(43)) - raft.server.rpc.timeout.min = 5s (custom)
2019-09-12 10:31:52,573 [pool-60-thread-1] INFO  server.RaftServerConfigKeys (ConfUtils.java:logGet(43)) - raft.server.rpc.timeout.max = 5200ms (custom)
2019-09-12 10:31:52,573 [pool-60-thread-1] INFO  server.RaftServerConfigKeys (ConfUtils.java:logGet(43)) - raft.server.rpcslowness.timeout = 120s (custom)
2019-09-12 10:31:52,573 [pool-60-thread-1] INFO  server.RaftServerConfigKeys (ConfUtils.java:logGet(43)) - raft.server.sleep.deviation.threshold = 300 (default)
2019-09-12 10:31:52,573 [pool-60-thread-1] INFO  server.RaftServerConfigKeys (ConfUtils.java:logGet(43)) - raft.server.log.appender.install.snapshot.enabled = false (custom)
2019-09-12 10:31:52,574 [pool-60-thread-1] INFO  impl.RaftServerImpl (ServerState.java:<init>(105)) - 815dbc88-4686-4200-bca8-64ffcdb076ff:group-22D099694890 ConfigurationManager, init=-1: [815dbc88-4686-4200-bca8-64ffcdb076ff:192.168.157.195:37870], old=null, confs=<EMPTY_MAP>
2019-09-12 10:31:52,574 [pool-60-thread-1] INFO  server.RaftServerConfigKeys (ConfUtils.java:logGet(43)) - raft.server.storage.dir = [/workdir/hadoop-ozone/integration-test/target/test-dir/MiniOzoneClusterImpl-8f4fcaf0-4acb-4edc-87bf-94a207340594/datanode-3/data/ratis] (custom)
2019-09-12 10:31:52,574 [pool-60-thread-1] INFO  storage.RaftStorageDirectory (RaftStorageDirectory.java:analyzeStorage(246)) - The storage directory /workdir/hadoop-ozone/integration-test/target/test-dir/MiniOzoneClusterImpl-8f4fcaf0-4acb-4edc-87bf-94a207340594/datanode-3/data/ratis/d47d4c1c-36b4-4fae-b33f-22d099694890 does not exist. Creating ...
2019-09-12 10:31:52,588 [pool-60-thread-1] INFO  storage.RaftStorageDirectory (RaftStorageDirectory.java:tryLock(328)) - Lock on /workdir/hadoop-ozone/integration-test/target/test-dir/MiniOzoneClusterImpl-8f4fcaf0-4acb-4edc-87bf-94a207340594/datanode-3/data/ratis/d47d4c1c-36b4-4fae-b33f-22d099694890/in_use.lock acquired by nodename 30709@pr-hdds-1569-xtfnx-3545843844
2019-09-12 10:31:52,614 [pool-60-thread-1] INFO  storage.RaftStorage (RaftStorage.java:format(72)) - Storage directory /workdir/hadoop-ozone/integration-test/target/test-dir/MiniOzoneClusterImpl-8f4fcaf0-4acb-4edc-87bf-94a207340594/datanode-3/data/ratis/d47d4c1c-36b4-4fae-b33f-22d099694890 has been successfully formatted.
2019-09-12 10:31:52,614 [pool-60-thread-1] INFO  ratis.ContainerStateMachine (ContainerStateMachine.java:loadSnapshot(226)) - group-22D099694890: The snapshot info is null. Setting the last applied indexto:(t:0, i:~)
2019-09-12 10:31:52,615 [pool-60-thread-1] INFO  server.RaftServerConfigKeys (ConfUtils.java:logGet(43)) - raft.server.leader.election.timeout = 120s (custom)
2019-09-12 10:31:52,615 [pool-60-thread-1] INFO  server.RaftServerConfigKeys (ConfUtils.java:logGet(43)) - raft.server.log.use.memory = false (default)
2019-09-12 10:31:52,615 [pool-60-thread-1] INFO  server.RaftServerConfigKeys (ConfUtils.java:logGet(43)) - raft.server.log.purge.gap = 1000000 (custom)
2019-09-12 10:31:52,615 [pool-60-thread-1] INFO  server.RaftServerConfigKeys (ConfUtils.java:logGet(43)) - raft.server.log.appender.buffer.byte-limit = 33554432 (custom)
2019-09-12 10:31:52,615 [pool-60-thread-1] INFO  server.RaftServerConfigKeys (ConfUtils.java:logGet(43)) - raft.server.log.segment.size.max = 1048576 (custom)
2019-09-12 10:31:52,616 [pool-60-thread-1] INFO  server.RaftServerConfigKeys (ConfUtils.java:logGet(43)) - raft.server.log.segment.cache.num.max = 2 (custom)
2019-09-12 10:31:52,616 [pool-60-thread-1] INFO  segmented.SegmentedRaftLogWorker (SegmentedRaftLogWorker.java:<init>(172)) - new 815dbc88-4686-4200-bca8-64ffcdb076ff-SegmentedRaftLogWorker:Storage Directory /workdir/hadoop-ozone/integration-test/target/test-dir/MiniOzoneClusterImpl-8f4fcaf0-4acb-4edc-87bf-94a207340594/datanode-3/data/ratis/d47d4c1c-36b4-4fae-b33f-22d099694890 for RaftStorage:Storage Directory /workdir/hadoop-ozone/integration-test/target/test-dir/MiniOzoneClusterImpl-8f4fcaf0-4acb-4edc-87bf-94a207340594/datanode-3/data/ratis/d47d4c1c-36b4-4fae-b33f-22d099694890
2019-09-12 10:31:52,616 [pool-60-thread-1] INFO  server.RaftServerConfigKeys (ConfUtils.java:logGet(43)) - raft.server.log.queue.byte-limit = 2147483647 (custom)
2019-09-12 10:31:52,616 [pool-60-thread-1] INFO  server.RaftServerConfigKeys (ConfUtils.java:logGet(43)) - raft.server.log.queue.element-limit = 1024 (custom)
2019-09-12 10:31:52,616 [pool-60-thread-1] INFO  server.RaftServerConfigKeys (ConfUtils.java:logGet(43)) - raft.server.log.segment.size.max = 1048576 (custom)
2019-09-12 10:31:52,617 [pool-60-thread-1] INFO  server.RaftServerConfigKeys (ConfUtils.java:logGet(43)) - raft.server.log.preallocated.size = 16384 (custom)
2019-09-12 10:31:52,617 [pool-60-thread-1] INFO  server.RaftServerConfigKeys (ConfUtils.java:logGet(43)) - raft.server.log.write.buffer.size = 33554432 (custom)
2019-09-12 10:31:52,617 [pool-60-thread-1] INFO  server.RaftServerConfigKeys (ConfUtils.java:logGet(43)) - raft.server.log.force.sync.num = 128 (default)
2019-09-12 10:31:52,617 [pool-60-thread-1] INFO  server.RaftServerConfigKeys (ConfUtils.java:logGet(43)) - raft.server.log.statemachine.data.sync = true (default)
2019-09-12 10:31:52,617 [pool-60-thread-1] INFO  server.RaftServerConfigKeys (ConfUtils.java:logGet(43)) - raft.server.log.statemachine.data.sync.timeout = 10s (default)
2019-09-12 10:31:52,618 [pool-60-thread-1] INFO  server.RaftServerConfigKeys (ConfUtils.java:logGet(43)) - raft.server.log.statemachine.data.sync.timeout.retry = -1 (default)
2019-09-12 10:31:52,618 [pool-60-thread-1] INFO  server.RaftServerConfigKeys (ConfUtils.java:logGet(43)) - raft.server.log.statemachine.data.caching.enabled = true (custom)
2019-09-12 10:31:52,618 [pool-60-thread-1] INFO  segmented.SegmentedRaftLogWorker (SegmentedRaftLogWorker.java:lambda$new$0(132)) - 815dbc88-4686-4200-bca8-64ffcdb076ff-SegmentedRaftLogWorker:Storage Directory /workdir/hadoop-ozone/integration-test/target/test-dir/MiniOzoneClusterImpl-8f4fcaf0-4acb-4edc-87bf-94a207340594/datanode-3/data/ratis/d47d4c1c-36b4-4fae-b33f-22d099694890: flushIndex: setUnconditionally 0 -> -1
2019-09-12 10:31:52,619 [pool-60-thread-1] INFO  server.RaftServerConfigKeys (ConfUtils.java:logGet(43)) - raft.server.snapshot.auto.trigger.enabled = true (custom)
2019-09-12 10:31:52,619 [pool-60-thread-1] INFO  server.RaftServerConfigKeys (ConfUtils.java:logGet(43)) - raft.server.snapshot.auto.trigger.threshold = 10000 (custom)
2019-09-12 10:31:52,619 [pool-60-thread-1] INFO  server.RaftServerConfigKeys (ConfUtils.java:logGet(43)) - raft.server.retrycache.expirytime = 600000ms (custom)
2019-09-12 10:31:52,620 [pool-60-thread-1] INFO  impl.RaftServerImpl (RaftServerImpl.java:start(180)) - 815dbc88-4686-4200-bca8-64ffcdb076ff: start group-22D099694890
2019-09-12 10:31:52,620 [pool-60-thread-1] INFO  impl.RaftServerImpl (RaftServerImpl.java:setRole(171)) - 815dbc88-4686-4200-bca8-64ffcdb076ff:group-22D099694890 changes role from null to FOLLOWER at term 0 for startAsFollower
2019-09-12 10:31:52,620 [pool-60-thread-1] INFO  impl.RoleInfo (RoleInfo.java:updateAndGet(143)) - 815dbc88-4686-4200-bca8-64ffcdb076ff: start FollowerState
2019-09-12 10:31:52,620 [pool-60-thread-1] INFO  util.JmxRegister (JmxRegister.java:tryRegister(44)) - Successfully registered JMX Bean with object name Ratis:service=RaftServer,group=group-22D099694890,id=815dbc88-4686-4200-bca8-64ffcdb076ff
2019-09-12 10:31:52,628 [RatisPipelineUtilsThread] INFO  pipeline.PipelineStateManager (PipelineStateManager.java:addPipeline(56)) - Created pipeline Pipeline[ Id: d47d4c1c-36b4-4fae-b33f-22d099694890, Nodes: 815dbc88-4686-4200-bca8-64ffcdb076ff{ip: 192.168.157.195, host: pr-hdds-1569-xtfnx-3545843844, networkLocation: /default-rack, certSerialId: null}, Type:RATIS, Factor:ONE, State:OPEN]
2019-09-12 10:31:52,644 [grpc-default-executor-0] INFO  impl.RaftServerProxy (RaftServerProxy.java:addNew(89)) - 4c5e9952-d719-43f6-835b-97e6d68a1720: addNew group-40863FCA4925:[4c5e9952-d719-43f6-835b-97e6d68a1720:192.168.157.195:46197] returns group-40863FCA4925:java.util.concurrent.CompletableFuture@162da90f[Not completed]
2019-09-12 10:31:52,647 [pool-71-thread-1] INFO  impl.RaftServerImpl (RaftServerImpl.java:<init>(93)) - 4c5e9952-d719-43f6-835b-97e6d68a1720: new RaftServerImpl for group-40863FCA4925:[4c5e9952-d719-43f6-835b-97e6d68a1720:192.168.157.195:46197] with ContainerStateMachine:uninitialized
2019-09-12 10:31:52,647 [pool-71-thread-1] INFO  server.RaftServerConfigKeys (ConfUtils.java:logGet(43)) - raft.server.rpc.timeout.min = 5s (custom)
2019-09-12 10:31:52,647 [pool-71-thread-1] INFO  server.RaftServerConfigKeys (ConfUtils.java:logGet(43)) - raft.server.rpc.timeout.max = 5200ms (custom)
2019-09-12 10:31:52,647 [pool-71-thread-1] INFO  server.RaftServerConfigKeys (ConfUtils.java:logGet(43)) - raft.server.rpcslowness.timeout = 120s (custom)
2019-09-12 10:31:52,647 [pool-71-thread-1] INFO  server.RaftServerConfigKeys (ConfUtils.java:logGet(43)) - raft.server.sleep.deviation.threshold = 300 (default)
2019-09-12 10:31:52,647 [pool-71-thread-1] INFO  server.RaftServerConfigKeys (ConfUtils.java:logGet(43)) - raft.server.log.appender.install.snapshot.enabled = false (custom)
2019-09-12 10:31:52,648 [pool-71-thread-1] INFO  impl.RaftServerImpl (ServerState.java:<init>(105)) - 4c5e9952-d719-43f6-835b-97e6d68a1720:group-40863FCA4925 ConfigurationManager, init=-1: [4c5e9952-d719-43f6-835b-97e6d68a1720:192.168.157.195:46197], old=null, confs=<EMPTY_MAP>
2019-09-12 10:31:52,648 [pool-71-thread-1] INFO  server.RaftServerConfigKeys (ConfUtils.java:logGet(43)) - raft.server.storage.dir = [/workdir/hadoop-ozone/integration-test/target/test-dir/MiniOzoneClusterImpl-8f4fcaf0-4acb-4edc-87bf-94a207340594/datanode-4/data/ratis] (custom)
2019-09-12 10:31:52,649 [pool-71-thread-1] INFO  storage.RaftStorageDirectory (RaftStorageDirectory.java:analyzeStorage(246)) - The storage directory /workdir/hadoop-ozone/integration-test/target/test-dir/MiniOzoneClusterImpl-8f4fcaf0-4acb-4edc-87bf-94a207340594/datanode-4/data/ratis/9aab1dec-59c6-417d-964f-40863fca4925 does not exist. Creating ...
2019-09-12 10:31:52,661 [pool-71-thread-1] INFO  storage.RaftStorageDirectory (RaftStorageDirectory.java:tryLock(328)) - Lock on /workdir/hadoop-ozone/integration-test/target/test-dir/MiniOzoneClusterImpl-8f4fcaf0-4acb-4edc-87bf-94a207340594/datanode-4/data/ratis/9aab1dec-59c6-417d-964f-40863fca4925/in_use.lock acquired by nodename 30709@pr-hdds-1569-xtfnx-3545843844
2019-09-12 10:31:52,675 [pool-71-thread-1] INFO  storage.RaftStorage (RaftStorage.java:format(72)) - Storage directory /workdir/hadoop-ozone/integration-test/target/test-dir/MiniOzoneClusterImpl-8f4fcaf0-4acb-4edc-87bf-94a207340594/datanode-4/data/ratis/9aab1dec-59c6-417d-964f-40863fca4925 has been successfully formatted.
2019-09-12 10:31:52,675 [pool-71-thread-1] INFO  ratis.ContainerStateMachine (ContainerStateMachine.java:loadSnapshot(226)) - group-40863FCA4925: The snapshot info is null. Setting the last applied indexto:(t:0, i:~)
2019-09-12 10:31:52,675 [pool-71-thread-1] INFO  server.RaftServerConfigKeys (ConfUtils.java:logGet(43)) - raft.server.leader.election.timeout = 120s (custom)
2019-09-12 10:31:52,675 [pool-71-thread-1] INFO  server.RaftServerConfigKeys (ConfUtils.java:logGet(43)) - raft.server.log.use.memory = false (default)
2019-09-12 10:31:52,675 [pool-71-thread-1] INFO  server.RaftServerConfigKeys (ConfUtils.java:logGet(43)) - raft.server.log.purge.gap = 1000000 (custom)
2019-09-12 10:31:52,676 [pool-71-thread-1] INFO  server.RaftServerConfigKeys (ConfUtils.java:logGet(43)) - raft.server.log.appender.buffer.byte-limit = 33554432 (custom)
2019-09-12 10:31:52,676 [pool-71-thread-1] INFO  server.RaftServerConfigKeys (ConfUtils.java:logGet(43)) - raft.server.log.segment.size.max = 1048576 (custom)
2019-09-12 10:31:52,676 [pool-71-thread-1] INFO  server.RaftServerConfigKeys (ConfUtils.java:logGet(43)) - raft.server.log.segment.cache.num.max = 2 (custom)
2019-09-12 10:31:52,676 [pool-71-thread-1] INFO  segmented.SegmentedRaftLogWorker (SegmentedRaftLogWorker.java:<init>(172)) - new 4c5e9952-d719-43f6-835b-97e6d68a1720-SegmentedRaftLogWorker:Storage Directory /workdir/hadoop-ozone/integration-test/target/test-dir/MiniOzoneClusterImpl-8f4fcaf0-4acb-4edc-87bf-94a207340594/datanode-4/data/ratis/9aab1dec-59c6-417d-964f-40863fca4925 for RaftStorage:Storage Directory /workdir/hadoop-ozone/integration-test/target/test-dir/MiniOzoneClusterImpl-8f4fcaf0-4acb-4edc-87bf-94a207340594/datanode-4/data/ratis/9aab1dec-59c6-417d-964f-40863fca4925
2019-09-12 10:31:52,676 [pool-71-thread-1] INFO  server.RaftServerConfigKeys (ConfUtils.java:logGet(43)) - raft.server.log.queue.byte-limit = 2147483647 (custom)
2019-09-12 10:31:52,676 [pool-71-thread-1] INFO  server.RaftServerConfigKeys (ConfUtils.java:logGet(43)) - raft.server.log.queue.element-limit = 1024 (custom)
2019-09-12 10:31:52,679 [pool-71-thread-1] INFO  server.RaftServerConfigKeys (ConfUtils.java:logGet(43)) - raft.server.log.segment.size.max = 1048576 (custom)
2019-09-12 10:31:52,679 [pool-71-thread-1] INFO  server.RaftServerConfigKeys (ConfUtils.java:logGet(43)) - raft.server.log.preallocated.size = 16384 (custom)
2019-09-12 10:31:52,679 [pool-71-thread-1] INFO  server.RaftServerConfigKeys (ConfUtils.java:logGet(43)) - raft.server.log.write.buffer.size = 33554432 (custom)
2019-09-12 10:31:52,680 [pool-71-thread-1] INFO  server.RaftServerConfigKeys (ConfUtils.java:logGet(43)) - raft.server.log.force.sync.num = 128 (default)
2019-09-12 10:31:52,680 [pool-71-thread-1] INFO  server.RaftServerConfigKeys (ConfUtils.java:logGet(43)) - raft.server.log.statemachine.data.sync = true (default)
2019-09-12 10:31:52,680 [pool-71-thread-1] INFO  server.RaftServerConfigKeys (ConfUtils.java:logGet(43)) - raft.server.log.statemachine.data.sync.timeout = 10s (default)
2019-09-12 10:31:52,680 [pool-71-thread-1] INFO  server.RaftServerConfigKeys (ConfUtils.java:logGet(43)) - raft.server.log.statemachine.data.sync.timeout.retry = -1 (default)
2019-09-12 10:31:52,680 [pool-71-thread-1] INFO  server.RaftServerConfigKeys (ConfUtils.java:logGet(43)) - raft.server.log.statemachine.data.caching.enabled = true (custom)
2019-09-12 10:31:52,681 [pool-71-thread-1] INFO  segmented.SegmentedRaftLogWorker (SegmentedRaftLogWorker.java:lambda$new$0(132)) - 4c5e9952-d719-43f6-835b-97e6d68a1720-SegmentedRaftLogWorker:Storage Directory /workdir/hadoop-ozone/integration-test/target/test-dir/MiniOzoneClusterImpl-8f4fcaf0-4acb-4edc-87bf-94a207340594/datanode-4/data/ratis/9aab1dec-59c6-417d-964f-40863fca4925: flushIndex: setUnconditionally 0 -> -1
2019-09-12 10:31:52,681 [pool-71-thread-1] INFO  server.RaftServerConfigKeys (ConfUtils.java:logGet(43)) - raft.server.snapshot.auto.trigger.enabled = true (custom)
2019-09-12 10:31:52,681 [pool-71-thread-1] INFO  server.RaftServerConfigKeys (ConfUtils.java:logGet(43)) - raft.server.snapshot.auto.trigger.threshold = 10000 (custom)
2019-09-12 10:31:52,682 [pool-71-thread-1] INFO  server.RaftServerConfigKeys (ConfUtils.java:logGet(43)) - raft.server.retrycache.expirytime = 600000ms (custom)
2019-09-12 10:31:52,682 [pool-71-thread-1] INFO  impl.RaftServerImpl (RaftServerImpl.java:start(180)) - 4c5e9952-d719-43f6-835b-97e6d68a1720: start group-40863FCA4925
2019-09-12 10:31:52,682 [pool-71-thread-1] INFO  impl.RaftServerImpl (RaftServerImpl.java:setRole(171)) - 4c5e9952-d719-43f6-835b-97e6d68a1720:group-40863FCA4925 changes role from null to FOLLOWER at term 0 for startAsFollower
2019-09-12 10:31:52,682 [pool-71-thread-1] INFO  impl.RoleInfo (RoleInfo.java:updateAndGet(143)) - 4c5e9952-d719-43f6-835b-97e6d68a1720: start FollowerState
2019-09-12 10:31:52,683 [pool-71-thread-1] INFO  util.JmxRegister (JmxRegister.java:tryRegister(44)) - Successfully registered JMX Bean with object name Ratis:service=RaftServer,group=group-40863FCA4925,id=4c5e9952-d719-43f6-835b-97e6d68a1720
2019-09-12 10:31:52,688 [RatisPipelineUtilsThread] INFO  pipeline.PipelineStateManager (PipelineStateManager.java:addPipeline(56)) - Created pipeline Pipeline[ Id: 9aab1dec-59c6-417d-964f-40863fca4925, Nodes: 4c5e9952-d719-43f6-835b-97e6d68a1720{ip: 192.168.157.195, host: pr-hdds-1569-xtfnx-3545843844, networkLocation: /default-rack, certSerialId: null}, Type:RATIS, Factor:ONE, State:OPEN]
2019-09-12 10:31:52,702 [grpc-default-executor-0] INFO  impl.RaftServerProxy (RaftServerProxy.java:addNew(89)) - 815dbc88-4686-4200-bca8-64ffcdb076ff: addNew group-B6E9F016C46B:[815dbc88-4686-4200-bca8-64ffcdb076ff:192.168.157.195:37870] returns group-B6E9F016C46B:java.util.concurrent.CompletableFuture@197ef8ee[Not completed]
2019-09-12 10:31:52,704 [pool-60-thread-1] INFO  impl.RaftServerImpl (RaftServerImpl.java:<init>(93)) - 815dbc88-4686-4200-bca8-64ffcdb076ff: new RaftServerImpl for group-B6E9F016C46B:[815dbc88-4686-4200-bca8-64ffcdb076ff:192.168.157.195:37870] with ContainerStateMachine:uninitialized
2019-09-12 10:31:52,704 [pool-60-thread-1] INFO  server.RaftServerConfigKeys (ConfUtils.java:logGet(43)) - raft.server.rpc.timeout.min = 5s (custom)
2019-09-12 10:31:52,704 [pool-60-thread-1] INFO  server.RaftServerConfigKeys (ConfUtils.java:logGet(43)) - raft.server.rpc.timeout.max = 5200ms (custom)
2019-09-12 10:31:52,704 [pool-60-thread-1] INFO  server.RaftServerConfigKeys (ConfUtils.java:logGet(43)) - raft.server.rpcslowness.timeout = 120s (custom)
2019-09-12 10:31:52,705 [pool-60-thread-1] INFO  server.RaftServerConfigKeys (ConfUtils.java:logGet(43)) - raft.server.sleep.deviation.threshold = 300 (default)
2019-09-12 10:31:52,705 [pool-60-thread-1] INFO  server.RaftServerConfigKeys (ConfUtils.java:logGet(43)) - raft.server.log.appender.install.snapshot.enabled = false (custom)
2019-09-12 10:31:52,705 [pool-60-thread-1] INFO  impl.RaftServerImpl (ServerState.java:<init>(105)) - 815dbc88-4686-4200-bca8-64ffcdb076ff:group-B6E9F016C46B ConfigurationManager, init=-1: [815dbc88-4686-4200-bca8-64ffcdb076ff:192.168.157.195:37870], old=null, confs=<EMPTY_MAP>
2019-09-12 10:31:52,705 [pool-60-thread-1] INFO  server.RaftServerConfigKeys (ConfUtils.java:logGet(43)) - raft.server.storage.dir = [/workdir/hadoop-ozone/integration-test/target/test-dir/MiniOzoneClusterImpl-8f4fcaf0-4acb-4edc-87bf-94a207340594/datanode-3/data/ratis] (custom)
2019-09-12 10:31:52,706 [pool-60-thread-1] INFO  storage.RaftStorageDirectory (RaftStorageDirectory.java:analyzeStorage(246)) - The storage directory /workdir/hadoop-ozone/integration-test/target/test-dir/MiniOzoneClusterImpl-8f4fcaf0-4acb-4edc-87bf-94a207340594/datanode-3/data/ratis/6641cdd7-208e-4a7b-b559-b6e9f016c46b does not exist. Creating ...
2019-09-12 10:31:52,718 [pool-60-thread-1] INFO  storage.RaftStorageDirectory (RaftStorageDirectory.java:tryLock(328)) - Lock on /workdir/hadoop-ozone/integration-test/target/test-dir/MiniOzoneClusterImpl-8f4fcaf0-4acb-4edc-87bf-94a207340594/datanode-3/data/ratis/6641cdd7-208e-4a7b-b559-b6e9f016c46b/in_use.lock acquired by nodename 30709@pr-hdds-1569-xtfnx-3545843844
2019-09-12 10:31:52,755 [pool-60-thread-1] INFO  storage.RaftStorage (RaftStorage.java:format(72)) - Storage directory /workdir/hadoop-ozone/integration-test/target/test-dir/MiniOzoneClusterImpl-8f4fcaf0-4acb-4edc-87bf-94a207340594/datanode-3/data/ratis/6641cdd7-208e-4a7b-b559-b6e9f016c46b has been successfully formatted.
2019-09-12 10:31:52,756 [pool-60-thread-1] INFO  ratis.ContainerStateMachine (ContainerStateMachine.java:loadSnapshot(226)) - group-B6E9F016C46B: The snapshot info is null. Setting the last applied indexto:(t:0, i:~)
2019-09-12 10:31:52,756 [pool-60-thread-1] INFO  server.RaftServerConfigKeys (ConfUtils.java:logGet(43)) - raft.server.leader.election.timeout = 120s (custom)
2019-09-12 10:31:52,756 [pool-60-thread-1] INFO  server.RaftServerConfigKeys (ConfUtils.java:logGet(43)) - raft.server.log.use.memory = false (default)
2019-09-12 10:31:52,756 [pool-60-thread-1] INFO  server.RaftServerConfigKeys (ConfUtils.java:logGet(43)) - raft.server.log.purge.gap = 1000000 (custom)
2019-09-12 10:31:52,757 [pool-60-thread-1] INFO  server.RaftServerConfigKeys (ConfUtils.java:logGet(43)) - raft.server.log.appender.buffer.byte-limit = 33554432 (custom)
2019-09-12 10:31:52,759 [pool-60-thread-1] INFO  server.RaftServerConfigKeys (ConfUtils.java:logGet(43)) - raft.server.log.segment.size.max = 1048576 (custom)
2019-09-12 10:31:52,760 [pool-60-thread-1] INFO  server.RaftServerConfigKeys (ConfUtils.java:logGet(43)) - raft.server.log.segment.cache.num.max = 2 (custom)
2019-09-12 10:31:52,760 [pool-60-thread-1] INFO  segmented.SegmentedRaftLogWorker (SegmentedRaftLogWorker.java:<init>(172)) - new 815dbc88-4686-4200-bca8-64ffcdb076ff-SegmentedRaftLogWorker:Storage Directory /workdir/hadoop-ozone/integration-test/target/test-dir/MiniOzoneClusterImpl-8f4fcaf0-4acb-4edc-87bf-94a207340594/datanode-3/data/ratis/6641cdd7-208e-4a7b-b559-b6e9f016c46b for RaftStorage:Storage Directory /workdir/hadoop-ozone/integration-test/target/test-dir/MiniOzoneClusterImpl-8f4fcaf0-4acb-4edc-87bf-94a207340594/datanode-3/data/ratis/6641cdd7-208e-4a7b-b559-b6e9f016c46b
2019-09-12 10:31:52,760 [pool-60-thread-1] INFO  server.RaftServerConfigKeys (ConfUtils.java:logGet(43)) - raft.server.log.queue.byte-limit = 2147483647 (custom)
2019-09-12 10:31:52,762 [pool-60-thread-1] INFO  server.RaftServerConfigKeys (ConfUtils.java:logGet(43)) - raft.server.log.queue.element-limit = 1024 (custom)
2019-09-12 10:31:52,763 | INFO  | SCMAudit | user=jenkins1000 | ip=192.168.157.195 | op=SEND_HEARTBEAT {datanodeUUID=815dbc88-4686-4200-bca8-64ffcdb076ff, command=[]} | ret=SUCCESS |  
2019-09-12 10:31:52,763 [pool-60-thread-1] INFO  server.RaftServerConfigKeys (ConfUtils.java:logGet(43)) - raft.server.log.segment.size.max = 1048576 (custom)
2019-09-12 10:31:52,763 | INFO  | SCMAudit | user=jenkins1000 | ip=192.168.157.195 | op=SEND_HEARTBEAT {datanodeUUID=a48435e2-fc20-4a41-b041-5f40b71db35c, command=[]} | ret=SUCCESS |  
2019-09-12 10:31:52,763 [pool-60-thread-1] INFO  server.RaftServerConfigKeys (ConfUtils.java:logGet(43)) - raft.server.log.preallocated.size = 16384 (custom)
2019-09-12 10:31:52,763 [pool-60-thread-1] INFO  server.RaftServerConfigKeys (ConfUtils.java:logGet(43)) - raft.server.log.write.buffer.size = 33554432 (custom)
2019-09-12 10:31:52,763 [pool-60-thread-1] INFO  server.RaftServerConfigKeys (ConfUtils.java:logGet(43)) - raft.server.log.force.sync.num = 128 (default)
2019-09-12 10:31:52,763 [pool-60-thread-1] INFO  server.RaftServerConfigKeys (ConfUtils.java:logGet(43)) - raft.server.log.statemachine.data.sync = true (default)
2019-09-12 10:31:52,764 [pool-60-thread-1] INFO  server.RaftServerConfigKeys (ConfUtils.java:logGet(43)) - raft.server.log.statemachine.data.sync.timeout = 10s (default)
2019-09-12 10:31:52,764 [pool-60-thread-1] INFO  server.RaftServerConfigKeys (ConfUtils.java:logGet(43)) - raft.server.log.statemachine.data.sync.timeout.retry = -1 (default)
2019-09-12 10:31:52,764 [pool-60-thread-1] INFO  server.RaftServerConfigKeys (ConfUtils.java:logGet(43)) - raft.server.log.statemachine.data.caching.enabled = true (custom)
2019-09-12 10:31:52,765 [pool-60-thread-1] INFO  segmented.SegmentedRaftLogWorker (SegmentedRaftLogWorker.java:lambda$new$0(132)) - 815dbc88-4686-4200-bca8-64ffcdb076ff-SegmentedRaftLogWorker:Storage Directory /workdir/hadoop-ozone/integration-test/target/test-dir/MiniOzoneClusterImpl-8f4fcaf0-4acb-4edc-87bf-94a207340594/datanode-3/data/ratis/6641cdd7-208e-4a7b-b559-b6e9f016c46b: flushIndex: setUnconditionally 0 -> -1
2019-09-12 10:31:52,765 [pool-60-thread-1] INFO  server.RaftServerConfigKeys (ConfUtils.java:logGet(43)) - raft.server.snapshot.auto.trigger.enabled = true (custom)
2019-09-12 10:31:52,765 [pool-60-thread-1] INFO  server.RaftServerConfigKeys (ConfUtils.java:logGet(43)) - raft.server.snapshot.auto.trigger.threshold = 10000 (custom)
2019-09-12 10:31:52,766 [pool-60-thread-1] INFO  server.RaftServerConfigKeys (ConfUtils.java:logGet(43)) - raft.server.retrycache.expirytime = 600000ms (custom)
2019-09-12 10:31:52,766 [pool-60-thread-1] INFO  impl.RaftServerImpl (RaftServerImpl.java:start(180)) - 815dbc88-4686-4200-bca8-64ffcdb076ff: start group-B6E9F016C46B
2019-09-12 10:31:52,766 [pool-60-thread-1] INFO  impl.RaftServerImpl (RaftServerImpl.java:setRole(171)) - 815dbc88-4686-4200-bca8-64ffcdb076ff:group-B6E9F016C46B changes role from null to FOLLOWER at term 0 for startAsFollower
2019-09-12 10:31:52,766 [pool-60-thread-1] INFO  impl.RoleInfo (RoleInfo.java:updateAndGet(143)) - 815dbc88-4686-4200-bca8-64ffcdb076ff: start FollowerState
2019-09-12 10:31:52,767 [pool-60-thread-1] INFO  util.JmxRegister (JmxRegister.java:tryRegister(44)) - Successfully registered JMX Bean with object name Ratis:service=RaftServer,group=group-B6E9F016C46B,id=815dbc88-4686-4200-bca8-64ffcdb076ff
2019-09-12 10:31:52,772 [RatisPipelineUtilsThread] INFO  pipeline.PipelineStateManager (PipelineStateManager.java:addPipeline(56)) - Created pipeline Pipeline[ Id: 6641cdd7-208e-4a7b-b559-b6e9f016c46b, Nodes: 815dbc88-4686-4200-bca8-64ffcdb076ff{ip: 192.168.157.195, host: pr-hdds-1569-xtfnx-3545843844, networkLocation: /default-rack, certSerialId: null}, Type:RATIS, Factor:ONE, State:OPEN]
2019-09-12 10:31:52,775 [RatisPipelineUtilsThread] ERROR pipeline.PipelinePlacementPolicy (PipelinePlacementPolicy.java:meetCriteria(91)) - Pipeline Placement: Doesn't meet the criteria to be viable node. Heaviness: 6
2019-09-12 10:31:52,787 [grpc-default-executor-0] INFO  impl.RaftServerProxy (RaftServerProxy.java:addNew(89)) - bdf9e822-047f-40fc-a343-36702e59eb3b: addNew group-9E07990779F4:[bdf9e822-047f-40fc-a343-36702e59eb3b:192.168.157.195:45766] returns group-9E07990779F4:java.util.concurrent.CompletableFuture@741fea5[Not completed]
2019-09-12 10:31:52,789 [pool-38-thread-1] INFO  impl.RaftServerImpl (RaftServerImpl.java:<init>(93)) - bdf9e822-047f-40fc-a343-36702e59eb3b: new RaftServerImpl for group-9E07990779F4:[bdf9e822-047f-40fc-a343-36702e59eb3b:192.168.157.195:45766] with ContainerStateMachine:uninitialized
2019-09-12 10:31:52,789 [pool-38-thread-1] INFO  server.RaftServerConfigKeys (ConfUtils.java:logGet(43)) - raft.server.rpc.timeout.min = 5s (custom)
2019-09-12 10:31:52,789 [pool-38-thread-1] INFO  server.RaftServerConfigKeys (ConfUtils.java:logGet(43)) - raft.server.rpc.timeout.max = 5200ms (custom)
2019-09-12 10:31:52,789 [pool-38-thread-1] INFO  server.RaftServerConfigKeys (ConfUtils.java:logGet(43)) - raft.server.rpcslowness.timeout = 120s (custom)
2019-09-12 10:31:52,790 [pool-38-thread-1] INFO  server.RaftServerConfigKeys (ConfUtils.java:logGet(43)) - raft.server.sleep.deviation.threshold = 300 (default)
2019-09-12 10:31:52,790 [pool-38-thread-1] INFO  server.RaftServerConfigKeys (ConfUtils.java:logGet(43)) - raft.server.log.appender.install.snapshot.enabled = false (custom)
2019-09-12 10:31:52,790 [pool-38-thread-1] INFO  impl.RaftServerImpl (ServerState.java:<init>(105)) - bdf9e822-047f-40fc-a343-36702e59eb3b:group-9E07990779F4 ConfigurationManager, init=-1: [bdf9e822-047f-40fc-a343-36702e59eb3b:192.168.157.195:45766], old=null, confs=<EMPTY_MAP>
2019-09-12 10:31:52,790 [pool-38-thread-1] INFO  server.RaftServerConfigKeys (ConfUtils.java:logGet(43)) - raft.server.storage.dir = [/workdir/hadoop-ozone/integration-test/target/test-dir/MiniOzoneClusterImpl-8f4fcaf0-4acb-4edc-87bf-94a207340594/datanode-1/data/ratis] (custom)
2019-09-12 10:31:52,791 [pool-38-thread-1] INFO  storage.RaftStorageDirectory (RaftStorageDirectory.java:analyzeStorage(246)) - The storage directory /workdir/hadoop-ozone/integration-test/target/test-dir/MiniOzoneClusterImpl-8f4fcaf0-4acb-4edc-87bf-94a207340594/datanode-1/data/ratis/5c6c41df-9594-454b-96df-9e07990779f4 does not exist. Creating ...
2019-09-12 10:31:52,804 [pool-38-thread-1] INFO  storage.RaftStorageDirectory (RaftStorageDirectory.java:tryLock(328)) - Lock on /workdir/hadoop-ozone/integration-test/target/test-dir/MiniOzoneClusterImpl-8f4fcaf0-4acb-4edc-87bf-94a207340594/datanode-1/data/ratis/5c6c41df-9594-454b-96df-9e07990779f4/in_use.lock acquired by nodename 30709@pr-hdds-1569-xtfnx-3545843844
2019-09-12 10:31:52,816 | INFO  | SCMAudit | user=jenkins1000 | ip=192.168.157.195 | op=SEND_HEARTBEAT {datanodeUUID=8e0046c7-63e6-4424-9e2f-9e2de00b9629, command=[]} | ret=SUCCESS |  
2019-09-12 10:31:52,826 [pool-38-thread-1] INFO  storage.RaftStorage (RaftStorage.java:format(72)) - Storage directory /workdir/hadoop-ozone/integration-test/target/test-dir/MiniOzoneClusterImpl-8f4fcaf0-4acb-4edc-87bf-94a207340594/datanode-1/data/ratis/5c6c41df-9594-454b-96df-9e07990779f4 has been successfully formatted.
2019-09-12 10:31:52,826 [pool-38-thread-1] INFO  ratis.ContainerStateMachine (ContainerStateMachine.java:loadSnapshot(226)) - group-9E07990779F4: The snapshot info is null. Setting the last applied indexto:(t:0, i:~)
2019-09-12 10:31:52,827 [pool-38-thread-1] INFO  server.RaftServerConfigKeys (ConfUtils.java:logGet(43)) - raft.server.leader.election.timeout = 120s (custom)
2019-09-12 10:31:52,827 [pool-38-thread-1] INFO  server.RaftServerConfigKeys (ConfUtils.java:logGet(43)) - raft.server.log.use.memory = false (default)
2019-09-12 10:31:52,827 [pool-38-thread-1] INFO  server.RaftServerConfigKeys (ConfUtils.java:logGet(43)) - raft.server.log.purge.gap = 1000000 (custom)
2019-09-12 10:31:52,827 [pool-38-thread-1] INFO  server.RaftServerConfigKeys (ConfUtils.java:logGet(43)) - raft.server.log.appender.buffer.byte-limit = 33554432 (custom)
2019-09-12 10:31:52,827 [pool-38-thread-1] INFO  server.RaftServerConfigKeys (ConfUtils.java:logGet(43)) - raft.server.log.segment.size.max = 1048576 (custom)
2019-09-12 10:31:52,828 [pool-38-thread-1] INFO  server.RaftServerConfigKeys (ConfUtils.java:logGet(43)) - raft.server.log.segment.cache.num.max = 2 (custom)
2019-09-12 10:31:52,828 [pool-38-thread-1] INFO  segmented.SegmentedRaftLogWorker (SegmentedRaftLogWorker.java:<init>(172)) - new bdf9e822-047f-40fc-a343-36702e59eb3b-SegmentedRaftLogWorker:Storage Directory /workdir/hadoop-ozone/integration-test/target/test-dir/MiniOzoneClusterImpl-8f4fcaf0-4acb-4edc-87bf-94a207340594/datanode-1/data/ratis/5c6c41df-9594-454b-96df-9e07990779f4 for RaftStorage:Storage Directory /workdir/hadoop-ozone/integration-test/target/test-dir/MiniOzoneClusterImpl-8f4fcaf0-4acb-4edc-87bf-94a207340594/datanode-1/data/ratis/5c6c41df-9594-454b-96df-9e07990779f4
2019-09-12 10:31:52,828 [pool-38-thread-1] INFO  server.RaftServerConfigKeys (ConfUtils.java:logGet(43)) - raft.server.log.queue.byte-limit = 2147483647 (custom)
2019-09-12 10:31:52,828 [pool-38-thread-1] INFO  server.RaftServerConfigKeys (ConfUtils.java:logGet(43)) - raft.server.log.queue.element-limit = 1024 (custom)
2019-09-12 10:31:52,828 [pool-38-thread-1] INFO  server.RaftServerConfigKeys (ConfUtils.java:logGet(43)) - raft.server.log.segment.size.max = 1048576 (custom)
2019-09-12 10:31:52,829 [pool-38-thread-1] INFO  server.RaftServerConfigKeys (ConfUtils.java:logGet(43)) - raft.server.log.preallocated.size = 16384 (custom)
2019-09-12 10:31:52,829 [pool-38-thread-1] INFO  server.RaftServerConfigKeys (ConfUtils.java:logGet(43)) - raft.server.log.write.buffer.size = 33554432 (custom)
2019-09-12 10:31:52,829 [pool-38-thread-1] INFO  server.RaftServerConfigKeys (ConfUtils.java:logGet(43)) - raft.server.log.force.sync.num = 128 (default)
2019-09-12 10:31:52,829 [pool-38-thread-1] INFO  server.RaftServerConfigKeys (ConfUtils.java:logGet(43)) - raft.server.log.statemachine.data.sync = true (default)
2019-09-12 10:31:52,829 [pool-38-thread-1] INFO  server.RaftServerConfigKeys (ConfUtils.java:logGet(43)) - raft.server.log.statemachine.data.sync.timeout = 10s (default)
2019-09-12 10:31:52,830 [pool-38-thread-1] INFO  server.RaftServerConfigKeys (ConfUtils.java:logGet(43)) - raft.server.log.statemachine.data.sync.timeout.retry = -1 (default)
2019-09-12 10:31:52,830 [pool-38-thread-1] INFO  server.RaftServerConfigKeys (ConfUtils.java:logGet(43)) - raft.server.log.statemachine.data.caching.enabled = true (custom)
2019-09-12 10:31:52,830 [pool-38-thread-1] INFO  segmented.SegmentedRaftLogWorker (SegmentedRaftLogWorker.java:lambda$new$0(132)) - bdf9e822-047f-40fc-a343-36702e59eb3b-SegmentedRaftLogWorker:Storage Directory /workdir/hadoop-ozone/integration-test/target/test-dir/MiniOzoneClusterImpl-8f4fcaf0-4acb-4edc-87bf-94a207340594/datanode-1/data/ratis/5c6c41df-9594-454b-96df-9e07990779f4: flushIndex: setUnconditionally 0 -> -1
2019-09-12 10:31:52,831 [pool-38-thread-1] INFO  server.RaftServerConfigKeys (ConfUtils.java:logGet(43)) - raft.server.snapshot.auto.trigger.enabled = true (custom)
2019-09-12 10:31:52,831 [pool-38-thread-1] INFO  server.RaftServerConfigKeys (ConfUtils.java:logGet(43)) - raft.server.snapshot.auto.trigger.threshold = 10000 (custom)
2019-09-12 10:31:52,831 [pool-38-thread-1] INFO  server.RaftServerConfigKeys (ConfUtils.java:logGet(43)) - raft.server.retrycache.expirytime = 600000ms (custom)
2019-09-12 10:31:52,831 [pool-38-thread-1] INFO  impl.RaftServerImpl (RaftServerImpl.java:start(180)) - bdf9e822-047f-40fc-a343-36702e59eb3b: start group-9E07990779F4
2019-09-12 10:31:52,832 [pool-38-thread-1] INFO  impl.RaftServerImpl (RaftServerImpl.java:setRole(171)) - bdf9e822-047f-40fc-a343-36702e59eb3b:group-9E07990779F4 changes role from null to FOLLOWER at term 0 for startAsFollower
2019-09-12 10:31:52,832 [pool-38-thread-1] INFO  impl.RoleInfo (RoleInfo.java:updateAndGet(143)) - bdf9e822-047f-40fc-a343-36702e59eb3b: start FollowerState
2019-09-12 10:31:52,832 [pool-38-thread-1] INFO  util.JmxRegister (JmxRegister.java:tryRegister(44)) - Successfully registered JMX Bean with object name Ratis:service=RaftServer,group=group-9E07990779F4,id=bdf9e822-047f-40fc-a343-36702e59eb3b
2019-09-12 10:31:52,838 [RatisPipelineUtilsThread] INFO  pipeline.PipelineStateManager (PipelineStateManager.java:addPipeline(56)) - Created pipeline Pipeline[ Id: 5c6c41df-9594-454b-96df-9e07990779f4, Nodes: bdf9e822-047f-40fc-a343-36702e59eb3b{ip: 192.168.157.195, host: pr-hdds-1569-xtfnx-3545843844, networkLocation: /default-rack, certSerialId: null}, Type:RATIS, Factor:ONE, State:OPEN]
2019-09-12 10:31:52,841 [RatisPipelineUtilsThread] ERROR pipeline.PipelinePlacementPolicy (PipelinePlacementPolicy.java:meetCriteria(91)) - Pipeline Placement: Doesn't meet the criteria to be viable node. Heaviness: 6
2019-09-12 10:31:52,874 [Thread-237] INFO  container.ReplicationManager (ReplicationManager.java:start(151)) - Starting Replication Monitor Thread.
2019-09-12 10:31:52,874 | INFO  | SCMAudit | user=jenkins1000 | ip=192.168.157.195 | op=SEND_HEARTBEAT {datanodeUUID=4c5e9952-d719-43f6-835b-97e6d68a1720, command=[]} | ret=SUCCESS |  
2019-09-12 10:31:52,876 [ReplicationMonitor] INFO  container.ReplicationManager (ReplicationManager.java:run(214)) - Replication Monitor Thread took 1 milliseconds for processing 0 containers.
2019-09-12 10:31:52,888 [grpc-default-executor-0] INFO  impl.RaftServerProxy (RaftServerProxy.java:addNew(89)) - 2568e786-00ee-48a3-80d4-4df304b22b3f: addNew group-60D2941D06C3:[2568e786-00ee-48a3-80d4-4df304b22b3f:192.168.157.195:36219] returns group-60D2941D06C3:java.util.concurrent.CompletableFuture@712fb5eb[Not completed]
2019-09-12 10:31:52,893 [pool-82-thread-1] INFO  impl.RaftServerImpl (RaftServerImpl.java:<init>(93)) - 2568e786-00ee-48a3-80d4-4df304b22b3f: new RaftServerImpl for group-60D2941D06C3:[2568e786-00ee-48a3-80d4-4df304b22b3f:192.168.157.195:36219] with ContainerStateMachine:uninitialized
2019-09-12 10:31:52,893 [pool-82-thread-1] INFO  server.RaftServerConfigKeys (ConfUtils.java:logGet(43)) - raft.server.rpc.timeout.min = 5s (custom)
2019-09-12 10:31:52,893 [pool-82-thread-1] INFO  server.RaftServerConfigKeys (ConfUtils.java:logGet(43)) - raft.server.rpc.timeout.max = 5200ms (custom)
2019-09-12 10:31:52,894 [pool-82-thread-1] INFO  server.RaftServerConfigKeys (ConfUtils.java:logGet(43)) - raft.server.rpcslowness.timeout = 120s (custom)
2019-09-12 10:31:52,894 [pool-82-thread-1] INFO  server.RaftServerConfigKeys (ConfUtils.java:logGet(43)) - raft.server.sleep.deviation.threshold = 300 (default)
2019-09-12 10:31:52,894 [pool-82-thread-1] INFO  server.RaftServerConfigKeys (ConfUtils.java:logGet(43)) - raft.server.log.appender.install.snapshot.enabled = false (custom)
2019-09-12 10:31:52,894 [pool-82-thread-1] INFO  impl.RaftServerImpl (ServerState.java:<init>(105)) - 2568e786-00ee-48a3-80d4-4df304b22b3f:group-60D2941D06C3 ConfigurationManager, init=-1: [2568e786-00ee-48a3-80d4-4df304b22b3f:192.168.157.195:36219], old=null, confs=<EMPTY_MAP>
2019-09-12 10:31:52,894 [pool-82-thread-1] INFO  server.RaftServerConfigKeys (ConfUtils.java:logGet(43)) - raft.server.storage.dir = [/workdir/hadoop-ozone/integration-test/target/test-dir/MiniOzoneClusterImpl-8f4fcaf0-4acb-4edc-87bf-94a207340594/datanode-5/data/ratis] (custom)
2019-09-12 10:31:52,895 [pool-82-thread-1] INFO  storage.RaftStorageDirectory (RaftStorageDirectory.java:analyzeStorage(246)) - The storage directory /workdir/hadoop-ozone/integration-test/target/test-dir/MiniOzoneClusterImpl-8f4fcaf0-4acb-4edc-87bf-94a207340594/datanode-5/data/ratis/5c01e7eb-9254-4fc5-ad9f-60d2941d06c3 does not exist. Creating ...
2019-09-12 10:31:52,919 [pool-82-thread-1] INFO  storage.RaftStorageDirectory (RaftStorageDirectory.java:tryLock(328)) - Lock on /workdir/hadoop-ozone/integration-test/target/test-dir/MiniOzoneClusterImpl-8f4fcaf0-4acb-4edc-87bf-94a207340594/datanode-5/data/ratis/5c01e7eb-9254-4fc5-ad9f-60d2941d06c3/in_use.lock acquired by nodename 30709@pr-hdds-1569-xtfnx-3545843844
2019-09-12 10:31:52,933 [pool-82-thread-1] INFO  storage.RaftStorage (RaftStorage.java:format(72)) - Storage directory /workdir/hadoop-ozone/integration-test/target/test-dir/MiniOzoneClusterImpl-8f4fcaf0-4acb-4edc-87bf-94a207340594/datanode-5/data/ratis/5c01e7eb-9254-4fc5-ad9f-60d2941d06c3 has been successfully formatted.
2019-09-12 10:31:52,933 [pool-82-thread-1] INFO  ratis.ContainerStateMachine (ContainerStateMachine.java:loadSnapshot(226)) - group-60D2941D06C3: The snapshot info is null. Setting the last applied indexto:(t:0, i:~)
2019-09-12 10:31:52,934 [pool-82-thread-1] INFO  server.RaftServerConfigKeys (ConfUtils.java:logGet(43)) - raft.server.leader.election.timeout = 120s (custom)
2019-09-12 10:31:52,934 [pool-82-thread-1] INFO  server.RaftServerConfigKeys (ConfUtils.java:logGet(43)) - raft.server.log.use.memory = false (default)
2019-09-12 10:31:52,934 [pool-82-thread-1] INFO  server.RaftServerConfigKeys (ConfUtils.java:logGet(43)) - raft.server.log.purge.gap = 1000000 (custom)
2019-09-12 10:31:52,934 [pool-82-thread-1] INFO  server.RaftServerConfigKeys (ConfUtils.java:logGet(43)) - raft.server.log.appender.buffer.byte-limit = 33554432 (custom)
2019-09-12 10:31:52,934 [pool-82-thread-1] INFO  server.RaftServerConfigKeys (ConfUtils.java:logGet(43)) - raft.server.log.segment.size.max = 1048576 (custom)
2019-09-12 10:31:52,934 [pool-82-thread-1] INFO  server.RaftServerConfigKeys (ConfUtils.java:logGet(43)) - raft.server.log.segment.cache.num.max = 2 (custom)
2019-09-12 10:31:52,934 [pool-82-thread-1] INFO  segmented.SegmentedRaftLogWorker (SegmentedRaftLogWorker.java:<init>(172)) - new 2568e786-00ee-48a3-80d4-4df304b22b3f-SegmentedRaftLogWorker:Storage Directory /workdir/hadoop-ozone/integration-test/target/test-dir/MiniOzoneClusterImpl-8f4fcaf0-4acb-4edc-87bf-94a207340594/datanode-5/data/ratis/5c01e7eb-9254-4fc5-ad9f-60d2941d06c3 for RaftStorage:Storage Directory /workdir/hadoop-ozone/integration-test/target/test-dir/MiniOzoneClusterImpl-8f4fcaf0-4acb-4edc-87bf-94a207340594/datanode-5/data/ratis/5c01e7eb-9254-4fc5-ad9f-60d2941d06c3
2019-09-12 10:31:52,935 [pool-82-thread-1] INFO  server.RaftServerConfigKeys (ConfUtils.java:logGet(43)) - raft.server.log.queue.byte-limit = 2147483647 (custom)
2019-09-12 10:31:52,935 [pool-82-thread-1] INFO  server.RaftServerConfigKeys (ConfUtils.java:logGet(43)) - raft.server.log.queue.element-limit = 1024 (custom)
2019-09-12 10:31:52,935 [pool-82-thread-1] INFO  server.RaftServerConfigKeys (ConfUtils.java:logGet(43)) - raft.server.log.segment.size.max = 1048576 (custom)
2019-09-12 10:31:52,935 [pool-82-thread-1] INFO  server.RaftServerConfigKeys (ConfUtils.java:logGet(43)) - raft.server.log.preallocated.size = 16384 (custom)
2019-09-12 10:31:52,935 [pool-82-thread-1] INFO  server.RaftServerConfigKeys (ConfUtils.java:logGet(43)) - raft.server.log.write.buffer.size = 33554432 (custom)
2019-09-12 10:31:52,935 [pool-82-thread-1] INFO  server.RaftServerConfigKeys (ConfUtils.java:logGet(43)) - raft.server.log.force.sync.num = 128 (default)
2019-09-12 10:31:52,935 [pool-82-thread-1] INFO  server.RaftServerConfigKeys (ConfUtils.java:logGet(43)) - raft.server.log.statemachine.data.sync = true (default)
2019-09-12 10:31:52,935 [pool-82-thread-1] INFO  server.RaftServerConfigKeys (ConfUtils.java:logGet(43)) - raft.server.log.statemachine.data.sync.timeout = 10s (default)
2019-09-12 10:31:52,936 [pool-82-thread-1] INFO  server.RaftServerConfigKeys (ConfUtils.java:logGet(43)) - raft.server.log.statemachine.data.sync.timeout.retry = -1 (default)
2019-09-12 10:31:52,936 [pool-82-thread-1] INFO  server.RaftServerConfigKeys (ConfUtils.java:logGet(43)) - raft.server.log.statemachine.data.caching.enabled = true (custom)
2019-09-12 10:31:52,936 [pool-82-thread-1] INFO  segmented.SegmentedRaftLogWorker (SegmentedRaftLogWorker.java:lambda$new$0(132)) - 2568e786-00ee-48a3-80d4-4df304b22b3f-SegmentedRaftLogWorker:Storage Directory /workdir/hadoop-ozone/integration-test/target/test-dir/MiniOzoneClusterImpl-8f4fcaf0-4acb-4edc-87bf-94a207340594/datanode-5/data/ratis/5c01e7eb-9254-4fc5-ad9f-60d2941d06c3: flushIndex: setUnconditionally 0 -> -1
2019-09-12 10:31:52,936 [pool-82-thread-1] INFO  server.RaftServerConfigKeys (ConfUtils.java:logGet(43)) - raft.server.snapshot.auto.trigger.enabled = true (custom)
2019-09-12 10:31:52,937 [pool-82-thread-1] INFO  server.RaftServerConfigKeys (ConfUtils.java:logGet(43)) - raft.server.snapshot.auto.trigger.threshold = 10000 (custom)
2019-09-12 10:31:52,937 [pool-82-thread-1] INFO  server.RaftServerConfigKeys (ConfUtils.java:logGet(43)) - raft.server.retrycache.expirytime = 600000ms (custom)
2019-09-12 10:31:52,937 [pool-82-thread-1] INFO  impl.RaftServerImpl (RaftServerImpl.java:start(180)) - 2568e786-00ee-48a3-80d4-4df304b22b3f: start group-60D2941D06C3
2019-09-12 10:31:52,937 [pool-82-thread-1] INFO  impl.RaftServerImpl (RaftServerImpl.java:setRole(171)) - 2568e786-00ee-48a3-80d4-4df304b22b3f:group-60D2941D06C3 changes role from null to FOLLOWER at term 0 for startAsFollower
2019-09-12 10:31:52,937 [pool-82-thread-1] INFO  impl.RoleInfo (RoleInfo.java:updateAndGet(143)) - 2568e786-00ee-48a3-80d4-4df304b22b3f: start FollowerState
2019-09-12 10:31:52,946 [pool-82-thread-1] INFO  util.JmxRegister (JmxRegister.java:tryRegister(44)) - Successfully registered JMX Bean with object name Ratis:service=RaftServer,group=group-60D2941D06C3,id=2568e786-00ee-48a3-80d4-4df304b22b3f
2019-09-12 10:31:52,966 [RatisPipelineUtilsThread] INFO  pipeline.PipelineStateManager (PipelineStateManager.java:addPipeline(56)) - Created pipeline Pipeline[ Id: 5c01e7eb-9254-4fc5-ad9f-60d2941d06c3, Nodes: 2568e786-00ee-48a3-80d4-4df304b22b3f{ip: 192.168.157.195, host: pr-hdds-1569-xtfnx-3545843844, networkLocation: /default-rack, certSerialId: null}, Type:RATIS, Factor:ONE, State:OPEN]
2019-09-12 10:31:52,974 [RatisPipelineUtilsThread] ERROR pipeline.PipelinePlacementPolicy (PipelinePlacementPolicy.java:meetCriteria(91)) - Pipeline Placement: Doesn't meet the criteria to be viable node. Heaviness: 6
2019-09-12 10:31:52,986 [grpc-default-executor-0] INFO  impl.RaftServerProxy (RaftServerProxy.java:addNew(89)) - 8e0046c7-63e6-4424-9e2f-9e2de00b9629: addNew group-F73B0AD41430:[8e0046c7-63e6-4424-9e2f-9e2de00b9629:192.168.157.195:34007] returns group-F73B0AD41430:java.util.concurrent.CompletableFuture@159683d1[Not completed]
2019-09-12 10:31:52,990 [pool-27-thread-1] INFO  impl.RaftServerImpl (RaftServerImpl.java:<init>(93)) - 8e0046c7-63e6-4424-9e2f-9e2de00b9629: new RaftServerImpl for group-F73B0AD41430:[8e0046c7-63e6-4424-9e2f-9e2de00b9629:192.168.157.195:34007] with ContainerStateMachine:uninitialized
2019-09-12 10:31:52,990 [pool-27-thread-1] INFO  server.RaftServerConfigKeys (ConfUtils.java:logGet(43)) - raft.server.rpc.timeout.min = 5s (custom)
2019-09-12 10:31:52,990 [pool-27-thread-1] INFO  server.RaftServerConfigKeys (ConfUtils.java:logGet(43)) - raft.server.rpc.timeout.max = 5200ms (custom)
2019-09-12 10:31:52,990 [pool-27-thread-1] INFO  server.RaftServerConfigKeys (ConfUtils.java:logGet(43)) - raft.server.rpcslowness.timeout = 120s (custom)
2019-09-12 10:31:52,991 [pool-27-thread-1] INFO  server.RaftServerConfigKeys (ConfUtils.java:logGet(43)) - raft.server.sleep.deviation.threshold = 300 (default)
2019-09-12 10:31:52,991 [pool-27-thread-1] INFO  server.RaftServerConfigKeys (ConfUtils.java:logGet(43)) - raft.server.log.appender.install.snapshot.enabled = false (custom)
2019-09-12 10:31:52,991 [pool-27-thread-1] INFO  impl.RaftServerImpl (ServerState.java:<init>(105)) - 8e0046c7-63e6-4424-9e2f-9e2de00b9629:group-F73B0AD41430 ConfigurationManager, init=-1: [8e0046c7-63e6-4424-9e2f-9e2de00b9629:192.168.157.195:34007], old=null, confs=<EMPTY_MAP>
2019-09-12 10:31:52,991 [pool-27-thread-1] INFO  server.RaftServerConfigKeys (ConfUtils.java:logGet(43)) - raft.server.storage.dir = [/workdir/hadoop-ozone/integration-test/target/test-dir/MiniOzoneClusterImpl-8f4fcaf0-4acb-4edc-87bf-94a207340594/datanode-0/data/ratis] (custom)
2019-09-12 10:31:52,992 [pool-27-thread-1] INFO  storage.RaftStorageDirectory (RaftStorageDirectory.java:analyzeStorage(246)) - The storage directory /workdir/hadoop-ozone/integration-test/target/test-dir/MiniOzoneClusterImpl-8f4fcaf0-4acb-4edc-87bf-94a207340594/datanode-0/data/ratis/d100bf27-5cb5-470d-b19c-f73b0ad41430 does not exist. Creating ...
2019-09-12 10:31:53,005 [pool-27-thread-1] INFO  storage.RaftStorageDirectory (RaftStorageDirectory.java:tryLock(328)) - Lock on /workdir/hadoop-ozone/integration-test/target/test-dir/MiniOzoneClusterImpl-8f4fcaf0-4acb-4edc-87bf-94a207340594/datanode-0/data/ratis/d100bf27-5cb5-470d-b19c-f73b0ad41430/in_use.lock acquired by nodename 30709@pr-hdds-1569-xtfnx-3545843844
2019-09-12 10:31:53,018 [pool-27-thread-1] INFO  storage.RaftStorage (RaftStorage.java:format(72)) - Storage directory /workdir/hadoop-ozone/integration-test/target/test-dir/MiniOzoneClusterImpl-8f4fcaf0-4acb-4edc-87bf-94a207340594/datanode-0/data/ratis/d100bf27-5cb5-470d-b19c-f73b0ad41430 has been successfully formatted.
2019-09-12 10:31:53,019 [pool-27-thread-1] INFO  ratis.ContainerStateMachine (ContainerStateMachine.java:loadSnapshot(226)) - group-F73B0AD41430: The snapshot info is null. Setting the last applied indexto:(t:0, i:~)
2019-09-12 10:31:53,019 [pool-27-thread-1] INFO  server.RaftServerConfigKeys (ConfUtils.java:logGet(43)) - raft.server.leader.election.timeout = 120s (custom)
2019-09-12 10:31:53,019 [pool-27-thread-1] INFO  server.RaftServerConfigKeys (ConfUtils.java:logGet(43)) - raft.server.log.use.memory = false (default)
2019-09-12 10:31:53,019 [pool-27-thread-1] INFO  server.RaftServerConfigKeys (ConfUtils.java:logGet(43)) - raft.server.log.purge.gap = 1000000 (custom)
2019-09-12 10:31:53,019 [pool-27-thread-1] INFO  server.RaftServerConfigKeys (ConfUtils.java:logGet(43)) - raft.server.log.appender.buffer.byte-limit = 33554432 (custom)
2019-09-12 10:31:53,019 [pool-27-thread-1] INFO  server.RaftServerConfigKeys (ConfUtils.java:logGet(43)) - raft.server.log.segment.size.max = 1048576 (custom)
2019-09-12 10:31:53,020 [pool-27-thread-1] INFO  server.RaftServerConfigKeys (ConfUtils.java:logGet(43)) - raft.server.log.segment.cache.num.max = 2 (custom)
2019-09-12 10:31:53,020 [pool-27-thread-1] INFO  segmented.SegmentedRaftLogWorker (SegmentedRaftLogWorker.java:<init>(172)) - new 8e0046c7-63e6-4424-9e2f-9e2de00b9629-SegmentedRaftLogWorker:Storage Directory /workdir/hadoop-ozone/integration-test/target/test-dir/MiniOzoneClusterImpl-8f4fcaf0-4acb-4edc-87bf-94a207340594/datanode-0/data/ratis/d100bf27-5cb5-470d-b19c-f73b0ad41430 for RaftStorage:Storage Directory /workdir/hadoop-ozone/integration-test/target/test-dir/MiniOzoneClusterImpl-8f4fcaf0-4acb-4edc-87bf-94a207340594/datanode-0/data/ratis/d100bf27-5cb5-470d-b19c-f73b0ad41430
2019-09-12 10:31:53,020 [pool-27-thread-1] INFO  server.RaftServerConfigKeys (ConfUtils.java:logGet(43)) - raft.server.log.queue.byte-limit = 2147483647 (custom)
2019-09-12 10:31:53,020 [pool-27-thread-1] INFO  server.RaftServerConfigKeys (ConfUtils.java:logGet(43)) - raft.server.log.queue.element-limit = 1024 (custom)
2019-09-12 10:31:53,020 [pool-27-thread-1] INFO  server.RaftServerConfigKeys (ConfUtils.java:logGet(43)) - raft.server.log.segment.size.max = 1048576 (custom)
2019-09-12 10:31:53,020 [pool-27-thread-1] INFO  server.RaftServerConfigKeys (ConfUtils.java:logGet(43)) - raft.server.log.preallocated.size = 16384 (custom)
2019-09-12 10:31:53,020 [pool-27-thread-1] INFO  server.RaftServerConfigKeys (ConfUtils.java:logGet(43)) - raft.server.log.write.buffer.size = 33554432 (custom)
2019-09-12 10:31:53,021 [pool-27-thread-1] INFO  server.RaftServerConfigKeys (ConfUtils.java:logGet(43)) - raft.server.log.force.sync.num = 128 (default)
2019-09-12 10:31:53,021 [pool-27-thread-1] INFO  server.RaftServerConfigKeys (ConfUtils.java:logGet(43)) - raft.server.log.statemachine.data.sync = true (default)
2019-09-12 10:31:53,021 [pool-27-thread-1] INFO  server.RaftServerConfigKeys (ConfUtils.java:logGet(43)) - raft.server.log.statemachine.data.sync.timeout = 10s (default)
2019-09-12 10:31:53,021 [pool-27-thread-1] INFO  server.RaftServerConfigKeys (ConfUtils.java:logGet(43)) - raft.server.log.statemachine.data.sync.timeout.retry = -1 (default)
2019-09-12 10:31:53,021 [pool-27-thread-1] INFO  server.RaftServerConfigKeys (ConfUtils.java:logGet(43)) - raft.server.log.statemachine.data.caching.enabled = true (custom)
2019-09-12 10:31:53,022 [pool-27-thread-1] INFO  segmented.SegmentedRaftLogWorker (SegmentedRaftLogWorker.java:lambda$new$0(132)) - 8e0046c7-63e6-4424-9e2f-9e2de00b9629-SegmentedRaftLogWorker:Storage Directory /workdir/hadoop-ozone/integration-test/target/test-dir/MiniOzoneClusterImpl-8f4fcaf0-4acb-4edc-87bf-94a207340594/datanode-0/data/ratis/d100bf27-5cb5-470d-b19c-f73b0ad41430: flushIndex: setUnconditionally 0 -> -1
2019-09-12 10:31:53,022 [pool-27-thread-1] INFO  server.RaftServerConfigKeys (ConfUtils.java:logGet(43)) - raft.server.snapshot.auto.trigger.enabled = true (custom)
2019-09-12 10:31:53,022 [pool-27-thread-1] INFO  server.RaftServerConfigKeys (ConfUtils.java:logGet(43)) - raft.server.snapshot.auto.trigger.threshold = 10000 (custom)
2019-09-12 10:31:53,022 [pool-27-thread-1] INFO  server.RaftServerConfigKeys (ConfUtils.java:logGet(43)) - raft.server.retrycache.expirytime = 600000ms (custom)
2019-09-12 10:31:53,023 [pool-27-thread-1] INFO  impl.RaftServerImpl (RaftServerImpl.java:start(180)) - 8e0046c7-63e6-4424-9e2f-9e2de00b9629: start group-F73B0AD41430
2019-09-12 10:31:53,023 [pool-27-thread-1] INFO  impl.RaftServerImpl (RaftServerImpl.java:setRole(171)) - 8e0046c7-63e6-4424-9e2f-9e2de00b9629:group-F73B0AD41430 changes role from null to FOLLOWER at term 0 for startAsFollower
2019-09-12 10:31:53,023 [pool-27-thread-1] INFO  impl.RoleInfo (RoleInfo.java:updateAndGet(143)) - 8e0046c7-63e6-4424-9e2f-9e2de00b9629: start FollowerState
2019-09-12 10:31:53,023 [pool-27-thread-1] INFO  util.JmxRegister (JmxRegister.java:tryRegister(44)) - Successfully registered JMX Bean with object name Ratis:service=RaftServer,group=group-F73B0AD41430,id=8e0046c7-63e6-4424-9e2f-9e2de00b9629
2019-09-12 10:31:53,030 [RatisPipelineUtilsThread] INFO  pipeline.PipelineStateManager (PipelineStateManager.java:addPipeline(56)) - Created pipeline Pipeline[ Id: d100bf27-5cb5-470d-b19c-f73b0ad41430, Nodes: 8e0046c7-63e6-4424-9e2f-9e2de00b9629{ip: 192.168.157.195, host: pr-hdds-1569-xtfnx-3545843844, networkLocation: /default-rack, certSerialId: null}, Type:RATIS, Factor:ONE, State:OPEN]
2019-09-12 10:31:53,032 [RatisPipelineUtilsThread] ERROR pipeline.PipelinePlacementPolicy (PipelinePlacementPolicy.java:meetCriteria(91)) - Pipeline Placement: Doesn't meet the criteria to be viable node. Heaviness: 6
2019-09-12 10:31:53,043 [grpc-default-executor-0] INFO  impl.RaftServerProxy (RaftServerProxy.java:addNew(89)) - bdf9e822-047f-40fc-a343-36702e59eb3b: addNew group-31905DA80476:[bdf9e822-047f-40fc-a343-36702e59eb3b:192.168.157.195:45766] returns group-31905DA80476:java.util.concurrent.CompletableFuture@228de326[Not completed]
2019-09-12 10:31:53,044 [pool-38-thread-1] INFO  impl.RaftServerImpl (RaftServerImpl.java:<init>(93)) - bdf9e822-047f-40fc-a343-36702e59eb3b: new RaftServerImpl for group-31905DA80476:[bdf9e822-047f-40fc-a343-36702e59eb3b:192.168.157.195:45766] with ContainerStateMachine:uninitialized
2019-09-12 10:31:53,045 [pool-38-thread-1] INFO  server.RaftServerConfigKeys (ConfUtils.java:logGet(43)) - raft.server.rpc.timeout.min = 5s (custom)
2019-09-12 10:31:53,045 [pool-38-thread-1] INFO  server.RaftServerConfigKeys (ConfUtils.java:logGet(43)) - raft.server.rpc.timeout.max = 5200ms (custom)
2019-09-12 10:31:53,045 [pool-38-thread-1] INFO  server.RaftServerConfigKeys (ConfUtils.java:logGet(43)) - raft.server.rpcslowness.timeout = 120s (custom)
2019-09-12 10:31:53,045 [pool-38-thread-1] INFO  server.RaftServerConfigKeys (ConfUtils.java:logGet(43)) - raft.server.sleep.deviation.threshold = 300 (default)
2019-09-12 10:31:53,045 [pool-38-thread-1] INFO  server.RaftServerConfigKeys (ConfUtils.java:logGet(43)) - raft.server.log.appender.install.snapshot.enabled = false (custom)
2019-09-12 10:31:53,045 [pool-38-thread-1] INFO  impl.RaftServerImpl (ServerState.java:<init>(105)) - bdf9e822-047f-40fc-a343-36702e59eb3b:group-31905DA80476 ConfigurationManager, init=-1: [bdf9e822-047f-40fc-a343-36702e59eb3b:192.168.157.195:45766], old=null, confs=<EMPTY_MAP>
2019-09-12 10:31:53,045 [pool-38-thread-1] INFO  server.RaftServerConfigKeys (ConfUtils.java:logGet(43)) - raft.server.storage.dir = [/workdir/hadoop-ozone/integration-test/target/test-dir/MiniOzoneClusterImpl-8f4fcaf0-4acb-4edc-87bf-94a207340594/datanode-1/data/ratis] (custom)
2019-09-12 10:31:53,046 [pool-38-thread-1] INFO  storage.RaftStorageDirectory (RaftStorageDirectory.java:analyzeStorage(246)) - The storage directory /workdir/hadoop-ozone/integration-test/target/test-dir/MiniOzoneClusterImpl-8f4fcaf0-4acb-4edc-87bf-94a207340594/datanode-1/data/ratis/a617704a-8b10-4b30-9ce0-31905da80476 does not exist. Creating ...
2019-09-12 10:31:53,058 [pool-38-thread-1] INFO  storage.RaftStorageDirectory (RaftStorageDirectory.java:tryLock(328)) - Lock on /workdir/hadoop-ozone/integration-test/target/test-dir/MiniOzoneClusterImpl-8f4fcaf0-4acb-4edc-87bf-94a207340594/datanode-1/data/ratis/a617704a-8b10-4b30-9ce0-31905da80476/in_use.lock acquired by nodename 30709@pr-hdds-1569-xtfnx-3545843844
2019-09-12 10:31:53,062 | INFO  | SCMAudit | user=jenkins1000 | ip=192.168.157.195 | op=SEND_HEARTBEAT {datanodeUUID=bdf9e822-047f-40fc-a343-36702e59eb3b, command=[]} | ret=SUCCESS |  
2019-09-12 10:31:53,072 [pool-38-thread-1] INFO  storage.RaftStorage (RaftStorage.java:format(72)) - Storage directory /workdir/hadoop-ozone/integration-test/target/test-dir/MiniOzoneClusterImpl-8f4fcaf0-4acb-4edc-87bf-94a207340594/datanode-1/data/ratis/a617704a-8b10-4b30-9ce0-31905da80476 has been successfully formatted.
2019-09-12 10:31:53,072 [pool-38-thread-1] INFO  ratis.ContainerStateMachine (ContainerStateMachine.java:loadSnapshot(226)) - group-31905DA80476: The snapshot info is null. Setting the last applied indexto:(t:0, i:~)
2019-09-12 10:31:53,072 [pool-38-thread-1] INFO  server.RaftServerConfigKeys (ConfUtils.java:logGet(43)) - raft.server.leader.election.timeout = 120s (custom)
2019-09-12 10:31:53,073 [pool-38-thread-1] INFO  server.RaftServerConfigKeys (ConfUtils.java:logGet(43)) - raft.server.log.use.memory = false (default)
2019-09-12 10:31:53,073 [pool-38-thread-1] INFO  server.RaftServerConfigKeys (ConfUtils.java:logGet(43)) - raft.server.log.purge.gap = 1000000 (custom)
2019-09-12 10:31:53,073 [pool-38-thread-1] INFO  server.RaftServerConfigKeys (ConfUtils.java:logGet(43)) - raft.server.log.appender.buffer.byte-limit = 33554432 (custom)
2019-09-12 10:31:53,073 [pool-38-thread-1] INFO  server.RaftServerConfigKeys (ConfUtils.java:logGet(43)) - raft.server.log.segment.size.max = 1048576 (custom)
2019-09-12 10:31:53,073 [pool-38-thread-1] INFO  server.RaftServerConfigKeys (ConfUtils.java:logGet(43)) - raft.server.log.segment.cache.num.max = 2 (custom)
2019-09-12 10:31:53,073 [pool-38-thread-1] INFO  segmented.SegmentedRaftLogWorker (SegmentedRaftLogWorker.java:<init>(172)) - new bdf9e822-047f-40fc-a343-36702e59eb3b-SegmentedRaftLogWorker:Storage Directory /workdir/hadoop-ozone/integration-test/target/test-dir/MiniOzoneClusterImpl-8f4fcaf0-4acb-4edc-87bf-94a207340594/datanode-1/data/ratis/a617704a-8b10-4b30-9ce0-31905da80476 for RaftStorage:Storage Directory /workdir/hadoop-ozone/integration-test/target/test-dir/MiniOzoneClusterImpl-8f4fcaf0-4acb-4edc-87bf-94a207340594/datanode-1/data/ratis/a617704a-8b10-4b30-9ce0-31905da80476
2019-09-12 10:31:53,074 [pool-38-thread-1] INFO  server.RaftServerConfigKeys (ConfUtils.java:logGet(43)) - raft.server.log.queue.byte-limit = 2147483647 (custom)
2019-09-12 10:31:53,074 [pool-38-thread-1] INFO  server.RaftServerConfigKeys (ConfUtils.java:logGet(43)) - raft.server.log.queue.element-limit = 1024 (custom)
2019-09-12 10:31:53,074 [pool-38-thread-1] INFO  server.RaftServerConfigKeys (ConfUtils.java:logGet(43)) - raft.server.log.segment.size.max = 1048576 (custom)
2019-09-12 10:31:53,074 [pool-38-thread-1] INFO  server.RaftServerConfigKeys (ConfUtils.java:logGet(43)) - raft.server.log.preallocated.size = 16384 (custom)
2019-09-12 10:31:53,074 [pool-38-thread-1] INFO  server.RaftServerConfigKeys (ConfUtils.java:logGet(43)) - raft.server.log.write.buffer.size = 33554432 (custom)
2019-09-12 10:31:53,075 [pool-38-thread-1] INFO  server.RaftServerConfigKeys (ConfUtils.java:logGet(43)) - raft.server.log.force.sync.num = 128 (default)
2019-09-12 10:31:53,075 [pool-38-thread-1] INFO  server.RaftServerConfigKeys (ConfUtils.java:logGet(43)) - raft.server.log.statemachine.data.sync = true (default)
2019-09-12 10:31:53,075 [pool-38-thread-1] INFO  server.RaftServerConfigKeys (ConfUtils.java:logGet(43)) - raft.server.log.statemachine.data.sync.timeout = 10s (default)
2019-09-12 10:31:53,075 [pool-38-thread-1] INFO  server.RaftServerConfigKeys (ConfUtils.java:logGet(43)) - raft.server.log.statemachine.data.sync.timeout.retry = -1 (default)
2019-09-12 10:31:53,075 [pool-38-thread-1] INFO  server.RaftServerConfigKeys (ConfUtils.java:logGet(43)) - raft.server.log.statemachine.data.caching.enabled = true (custom)
2019-09-12 10:31:53,076 [pool-38-thread-1] INFO  segmented.SegmentedRaftLogWorker (SegmentedRaftLogWorker.java:lambda$new$0(132)) - bdf9e822-047f-40fc-a343-36702e59eb3b-SegmentedRaftLogWorker:Storage Directory /workdir/hadoop-ozone/integration-test/target/test-dir/MiniOzoneClusterImpl-8f4fcaf0-4acb-4edc-87bf-94a207340594/datanode-1/data/ratis/a617704a-8b10-4b30-9ce0-31905da80476: flushIndex: setUnconditionally 0 -> -1
2019-09-12 10:31:53,076 [pool-38-thread-1] INFO  server.RaftServerConfigKeys (ConfUtils.java:logGet(43)) - raft.server.snapshot.auto.trigger.enabled = true (custom)
2019-09-12 10:31:53,076 [pool-38-thread-1] INFO  server.RaftServerConfigKeys (ConfUtils.java:logGet(43)) - raft.server.snapshot.auto.trigger.threshold = 10000 (custom)
2019-09-12 10:31:53,077 [pool-38-thread-1] INFO  server.RaftServerConfigKeys (ConfUtils.java:logGet(43)) - raft.server.retrycache.expirytime = 600000ms (custom)
2019-09-12 10:31:53,077 [pool-38-thread-1] INFO  impl.RaftServerImpl (RaftServerImpl.java:start(180)) - bdf9e822-047f-40fc-a343-36702e59eb3b: start group-31905DA80476
2019-09-12 10:31:53,077 [pool-38-thread-1] INFO  impl.RaftServerImpl (RaftServerImpl.java:setRole(171)) - bdf9e822-047f-40fc-a343-36702e59eb3b:group-31905DA80476 changes role from null to FOLLOWER at term 0 for startAsFollower
2019-09-12 10:31:53,077 [pool-38-thread-1] INFO  impl.RoleInfo (RoleInfo.java:updateAndGet(143)) - bdf9e822-047f-40fc-a343-36702e59eb3b: start FollowerState
2019-09-12 10:31:53,078 [pool-38-thread-1] INFO  util.JmxRegister (JmxRegister.java:tryRegister(44)) - Successfully registered JMX Bean with object name Ratis:service=RaftServer,group=group-31905DA80476,id=bdf9e822-047f-40fc-a343-36702e59eb3b
2019-09-12 10:31:53,083 [RatisPipelineUtilsThread] INFO  pipeline.PipelineStateManager (PipelineStateManager.java:addPipeline(56)) - Created pipeline Pipeline[ Id: a617704a-8b10-4b30-9ce0-31905da80476, Nodes: bdf9e822-047f-40fc-a343-36702e59eb3b{ip: 192.168.157.195, host: pr-hdds-1569-xtfnx-3545843844, networkLocation: /default-rack, certSerialId: null}, Type:RATIS, Factor:ONE, State:OPEN]
2019-09-12 10:31:53,085 [RatisPipelineUtilsThread] ERROR pipeline.PipelinePlacementPolicy (PipelinePlacementPolicy.java:meetCriteria(91)) - Pipeline Placement: Doesn't meet the criteria to be viable node. Heaviness: 6
2019-09-12 10:31:53,094 [grpc-default-executor-0] INFO  impl.RaftServerProxy (RaftServerProxy.java:addNew(89)) - 8e0046c7-63e6-4424-9e2f-9e2de00b9629: addNew group-D8B4057D2F4B:[8e0046c7-63e6-4424-9e2f-9e2de00b9629:192.168.157.195:34007] returns group-D8B4057D2F4B:java.util.concurrent.CompletableFuture@641d9397[Not completed]
2019-09-12 10:31:53,095 [pool-27-thread-1] INFO  impl.RaftServerImpl (RaftServerImpl.java:<init>(93)) - 8e0046c7-63e6-4424-9e2f-9e2de00b9629: new RaftServerImpl for group-D8B4057D2F4B:[8e0046c7-63e6-4424-9e2f-9e2de00b9629:192.168.157.195:34007] with ContainerStateMachine:uninitialized
2019-09-12 10:31:53,096 [pool-27-thread-1] INFO  server.RaftServerConfigKeys (ConfUtils.java:logGet(43)) - raft.server.rpc.timeout.min = 5s (custom)
2019-09-12 10:31:53,096 [pool-27-thread-1] INFO  server.RaftServerConfigKeys (ConfUtils.java:logGet(43)) - raft.server.rpc.timeout.max = 5200ms (custom)
2019-09-12 10:31:53,096 [pool-27-thread-1] INFO  server.RaftServerConfigKeys (ConfUtils.java:logGet(43)) - raft.server.rpcslowness.timeout = 120s (custom)
2019-09-12 10:31:53,096 [pool-27-thread-1] INFO  server.RaftServerConfigKeys (ConfUtils.java:logGet(43)) - raft.server.sleep.deviation.threshold = 300 (default)
2019-09-12 10:31:53,096 [pool-27-thread-1] INFO  server.RaftServerConfigKeys (ConfUtils.java:logGet(43)) - raft.server.log.appender.install.snapshot.enabled = false (custom)
2019-09-12 10:31:53,096 [pool-27-thread-1] INFO  impl.RaftServerImpl (ServerState.java:<init>(105)) - 8e0046c7-63e6-4424-9e2f-9e2de00b9629:group-D8B4057D2F4B ConfigurationManager, init=-1: [8e0046c7-63e6-4424-9e2f-9e2de00b9629:192.168.157.195:34007], old=null, confs=<EMPTY_MAP>
2019-09-12 10:31:53,096 [pool-27-thread-1] INFO  server.RaftServerConfigKeys (ConfUtils.java:logGet(43)) - raft.server.storage.dir = [/workdir/hadoop-ozone/integration-test/target/test-dir/MiniOzoneClusterImpl-8f4fcaf0-4acb-4edc-87bf-94a207340594/datanode-0/data/ratis] (custom)
2019-09-12 10:31:53,097 [pool-27-thread-1] INFO  storage.RaftStorageDirectory (RaftStorageDirectory.java:analyzeStorage(246)) - The storage directory /workdir/hadoop-ozone/integration-test/target/test-dir/MiniOzoneClusterImpl-8f4fcaf0-4acb-4edc-87bf-94a207340594/datanode-0/data/ratis/a70cf286-79ab-4589-8249-d8b4057d2f4b does not exist. Creating ...
2019-09-12 10:31:53,111 [pool-27-thread-1] INFO  storage.RaftStorageDirectory (RaftStorageDirectory.java:tryLock(328)) - Lock on /workdir/hadoop-ozone/integration-test/target/test-dir/MiniOzoneClusterImpl-8f4fcaf0-4acb-4edc-87bf-94a207340594/datanode-0/data/ratis/a70cf286-79ab-4589-8249-d8b4057d2f4b/in_use.lock acquired by nodename 30709@pr-hdds-1569-xtfnx-3545843844
2019-09-12 10:31:53,124 [pool-27-thread-1] INFO  storage.RaftStorage (RaftStorage.java:format(72)) - Storage directory /workdir/hadoop-ozone/integration-test/target/test-dir/MiniOzoneClusterImpl-8f4fcaf0-4acb-4edc-87bf-94a207340594/datanode-0/data/ratis/a70cf286-79ab-4589-8249-d8b4057d2f4b has been successfully formatted.
2019-09-12 10:31:53,125 [pool-27-thread-1] INFO  ratis.ContainerStateMachine (ContainerStateMachine.java:loadSnapshot(226)) - group-D8B4057D2F4B: The snapshot info is null. Setting the last applied indexto:(t:0, i:~)
2019-09-12 10:31:53,125 [pool-27-thread-1] INFO  server.RaftServerConfigKeys (ConfUtils.java:logGet(43)) - raft.server.leader.election.timeout = 120s (custom)
2019-09-12 10:31:53,125 [pool-27-thread-1] INFO  server.RaftServerConfigKeys (ConfUtils.java:logGet(43)) - raft.server.log.use.memory = false (default)
2019-09-12 10:31:53,125 [pool-27-thread-1] INFO  server.RaftServerConfigKeys (ConfUtils.java:logGet(43)) - raft.server.log.purge.gap = 1000000 (custom)
2019-09-12 10:31:53,125 [pool-27-thread-1] INFO  server.RaftServerConfigKeys (ConfUtils.java:logGet(43)) - raft.server.log.appender.buffer.byte-limit = 33554432 (custom)
2019-09-12 10:31:53,125 [pool-27-thread-1] INFO  server.RaftServerConfigKeys (ConfUtils.java:logGet(43)) - raft.server.log.segment.size.max = 1048576 (custom)
2019-09-12 10:31:53,126 [pool-27-thread-1] INFO  server.RaftServerConfigKeys (ConfUtils.java:logGet(43)) - raft.server.log.segment.cache.num.max = 2 (custom)
2019-09-12 10:31:53,126 [pool-27-thread-1] INFO  segmented.SegmentedRaftLogWorker (SegmentedRaftLogWorker.java:<init>(172)) - new 8e0046c7-63e6-4424-9e2f-9e2de00b9629-SegmentedRaftLogWorker:Storage Directory /workdir/hadoop-ozone/integration-test/target/test-dir/MiniOzoneClusterImpl-8f4fcaf0-4acb-4edc-87bf-94a207340594/datanode-0/data/ratis/a70cf286-79ab-4589-8249-d8b4057d2f4b for RaftStorage:Storage Directory /workdir/hadoop-ozone/integration-test/target/test-dir/MiniOzoneClusterImpl-8f4fcaf0-4acb-4edc-87bf-94a207340594/datanode-0/data/ratis/a70cf286-79ab-4589-8249-d8b4057d2f4b
2019-09-12 10:31:53,126 [pool-27-thread-1] INFO  server.RaftServerConfigKeys (ConfUtils.java:logGet(43)) - raft.server.log.queue.byte-limit = 2147483647 (custom)
2019-09-12 10:31:53,126 [pool-27-thread-1] INFO  server.RaftServerConfigKeys (ConfUtils.java:logGet(43)) - raft.server.log.queue.element-limit = 1024 (custom)
2019-09-12 10:31:53,126 [pool-27-thread-1] INFO  server.RaftServerConfigKeys (ConfUtils.java:logGet(43)) - raft.server.log.segment.size.max = 1048576 (custom)
2019-09-12 10:31:53,126 [pool-27-thread-1] INFO  server.RaftServerConfigKeys (ConfUtils.java:logGet(43)) - raft.server.log.preallocated.size = 16384 (custom)
2019-09-12 10:31:53,126 [pool-27-thread-1] INFO  server.RaftServerConfigKeys (ConfUtils.java:logGet(43)) - raft.server.log.write.buffer.size = 33554432 (custom)
2019-09-12 10:31:53,126 [pool-27-thread-1] INFO  server.RaftServerConfigKeys (ConfUtils.java:logGet(43)) - raft.server.log.force.sync.num = 128 (default)
2019-09-12 10:31:53,126 [pool-27-thread-1] INFO  server.RaftServerConfigKeys (ConfUtils.java:logGet(43)) - raft.server.log.statemachine.data.sync = true (default)
2019-09-12 10:31:53,127 [pool-27-thread-1] INFO  server.RaftServerConfigKeys (ConfUtils.java:logGet(43)) - raft.server.log.statemachine.data.sync.timeout = 10s (default)
2019-09-12 10:31:53,127 [pool-27-thread-1] INFO  server.RaftServerConfigKeys (ConfUtils.java:logGet(43)) - raft.server.log.statemachine.data.sync.timeout.retry = -1 (default)
2019-09-12 10:31:53,127 [pool-27-thread-1] INFO  server.RaftServerConfigKeys (ConfUtils.java:logGet(43)) - raft.server.log.statemachine.data.caching.enabled = true (custom)
2019-09-12 10:31:53,127 [pool-27-thread-1] INFO  segmented.SegmentedRaftLogWorker (SegmentedRaftLogWorker.java:lambda$new$0(132)) - 8e0046c7-63e6-4424-9e2f-9e2de00b9629-SegmentedRaftLogWorker:Storage Directory /workdir/hadoop-ozone/integration-test/target/test-dir/MiniOzoneClusterImpl-8f4fcaf0-4acb-4edc-87bf-94a207340594/datanode-0/data/ratis/a70cf286-79ab-4589-8249-d8b4057d2f4b: flushIndex: setUnconditionally 0 -> -1
2019-09-12 10:31:53,128 [pool-27-thread-1] INFO  server.RaftServerConfigKeys (ConfUtils.java:logGet(43)) - raft.server.snapshot.auto.trigger.enabled = true (custom)
2019-09-12 10:31:53,128 [pool-27-thread-1] INFO  server.RaftServerConfigKeys (ConfUtils.java:logGet(43)) - raft.server.snapshot.auto.trigger.threshold = 10000 (custom)
2019-09-12 10:31:53,128 [pool-27-thread-1] INFO  server.RaftServerConfigKeys (ConfUtils.java:logGet(43)) - raft.server.retrycache.expirytime = 600000ms (custom)
2019-09-12 10:31:53,128 [pool-27-thread-1] INFO  impl.RaftServerImpl (RaftServerImpl.java:start(180)) - 8e0046c7-63e6-4424-9e2f-9e2de00b9629: start group-D8B4057D2F4B
2019-09-12 10:31:53,128 [pool-27-thread-1] INFO  impl.RaftServerImpl (RaftServerImpl.java:setRole(171)) - 8e0046c7-63e6-4424-9e2f-9e2de00b9629:group-D8B4057D2F4B changes role from null to FOLLOWER at term 0 for startAsFollower
2019-09-12 10:31:53,128 [pool-27-thread-1] INFO  impl.RoleInfo (RoleInfo.java:updateAndGet(143)) - 8e0046c7-63e6-4424-9e2f-9e2de00b9629: start FollowerState
2019-09-12 10:31:53,129 [pool-27-thread-1] INFO  util.JmxRegister (JmxRegister.java:tryRegister(44)) - Successfully registered JMX Bean with object name Ratis:service=RaftServer,group=group-D8B4057D2F4B,id=8e0046c7-63e6-4424-9e2f-9e2de00b9629
2019-09-12 10:31:53,135 [RatisPipelineUtilsThread] INFO  pipeline.PipelineStateManager (PipelineStateManager.java:addPipeline(56)) - Created pipeline Pipeline[ Id: a70cf286-79ab-4589-8249-d8b4057d2f4b, Nodes: 8e0046c7-63e6-4424-9e2f-9e2de00b9629{ip: 192.168.157.195, host: pr-hdds-1569-xtfnx-3545843844, networkLocation: /default-rack, certSerialId: null}, Type:RATIS, Factor:ONE, State:OPEN]
2019-09-12 10:31:53,137 [RatisPipelineUtilsThread] ERROR pipeline.PipelinePlacementPolicy (PipelinePlacementPolicy.java:meetCriteria(91)) - Pipeline Placement: Doesn't meet the criteria to be viable node. Heaviness: 6
2019-09-12 10:31:53,145 [grpc-default-executor-0] INFO  impl.RaftServerProxy (RaftServerProxy.java:addNew(89)) - a48435e2-fc20-4a41-b041-5f40b71db35c: addNew group-1E77DDDE7DC8:[a48435e2-fc20-4a41-b041-5f40b71db35c:192.168.157.195:35879] returns group-1E77DDDE7DC8:java.util.concurrent.CompletableFuture@bb805c6[Not completed]
2019-09-12 10:31:53,147 [pool-49-thread-1] INFO  impl.RaftServerImpl (RaftServerImpl.java:<init>(93)) - a48435e2-fc20-4a41-b041-5f40b71db35c: new RaftServerImpl for group-1E77DDDE7DC8:[a48435e2-fc20-4a41-b041-5f40b71db35c:192.168.157.195:35879] with ContainerStateMachine:uninitialized
2019-09-12 10:31:53,147 [pool-49-thread-1] INFO  server.RaftServerConfigKeys (ConfUtils.java:logGet(43)) - raft.server.rpc.timeout.min = 5s (custom)
2019-09-12 10:31:53,147 [pool-49-thread-1] INFO  server.RaftServerConfigKeys (ConfUtils.java:logGet(43)) - raft.server.rpc.timeout.max = 5200ms (custom)
2019-09-12 10:31:53,148 [pool-49-thread-1] INFO  server.RaftServerConfigKeys (ConfUtils.java:logGet(43)) - raft.server.rpcslowness.timeout = 120s (custom)
2019-09-12 10:31:53,148 [pool-49-thread-1] INFO  server.RaftServerConfigKeys (ConfUtils.java:logGet(43)) - raft.server.sleep.deviation.threshold = 300 (default)
2019-09-12 10:31:53,148 [pool-49-thread-1] INFO  server.RaftServerConfigKeys (ConfUtils.java:logGet(43)) - raft.server.log.appender.install.snapshot.enabled = false (custom)
2019-09-12 10:31:53,148 [pool-49-thread-1] INFO  impl.RaftServerImpl (ServerState.java:<init>(105)) - a48435e2-fc20-4a41-b041-5f40b71db35c:group-1E77DDDE7DC8 ConfigurationManager, init=-1: [a48435e2-fc20-4a41-b041-5f40b71db35c:192.168.157.195:35879], old=null, confs=<EMPTY_MAP>
2019-09-12 10:31:53,148 [pool-49-thread-1] INFO  server.RaftServerConfigKeys (ConfUtils.java:logGet(43)) - raft.server.storage.dir = [/workdir/hadoop-ozone/integration-test/target/test-dir/MiniOzoneClusterImpl-8f4fcaf0-4acb-4edc-87bf-94a207340594/datanode-2/data/ratis] (custom)
2019-09-12 10:31:53,149 [pool-49-thread-1] INFO  storage.RaftStorageDirectory (RaftStorageDirectory.java:analyzeStorage(246)) - The storage directory /workdir/hadoop-ozone/integration-test/target/test-dir/MiniOzoneClusterImpl-8f4fcaf0-4acb-4edc-87bf-94a207340594/datanode-2/data/ratis/4e40ee19-3669-4f0c-b0e1-1e77ddde7dc8 does not exist. Creating ...
2019-09-12 10:31:53,162 [pool-49-thread-1] INFO  storage.RaftStorageDirectory (RaftStorageDirectory.java:tryLock(328)) - Lock on /workdir/hadoop-ozone/integration-test/target/test-dir/MiniOzoneClusterImpl-8f4fcaf0-4acb-4edc-87bf-94a207340594/datanode-2/data/ratis/4e40ee19-3669-4f0c-b0e1-1e77ddde7dc8/in_use.lock acquired by nodename 30709@pr-hdds-1569-xtfnx-3545843844
2019-09-12 10:31:53,175 [pool-49-thread-1] INFO  storage.RaftStorage (RaftStorage.java:format(72)) - Storage directory /workdir/hadoop-ozone/integration-test/target/test-dir/MiniOzoneClusterImpl-8f4fcaf0-4acb-4edc-87bf-94a207340594/datanode-2/data/ratis/4e40ee19-3669-4f0c-b0e1-1e77ddde7dc8 has been successfully formatted.
2019-09-12 10:31:53,175 [pool-49-thread-1] INFO  ratis.ContainerStateMachine (ContainerStateMachine.java:loadSnapshot(226)) - group-1E77DDDE7DC8: The snapshot info is null. Setting the last applied indexto:(t:0, i:~)
2019-09-12 10:31:53,175 [pool-49-thread-1] INFO  server.RaftServerConfigKeys (ConfUtils.java:logGet(43)) - raft.server.leader.election.timeout = 120s (custom)
2019-09-12 10:31:53,176 [pool-49-thread-1] INFO  server.RaftServerConfigKeys (ConfUtils.java:logGet(43)) - raft.server.log.use.memory = false (default)
2019-09-12 10:31:53,176 [pool-49-thread-1] INFO  server.RaftServerConfigKeys (ConfUtils.java:logGet(43)) - raft.server.log.purge.gap = 1000000 (custom)
2019-09-12 10:31:53,176 [pool-49-thread-1] INFO  server.RaftServerConfigKeys (ConfUtils.java:logGet(43)) - raft.server.log.appender.buffer.byte-limit = 33554432 (custom)
2019-09-12 10:31:53,176 [pool-49-thread-1] INFO  server.RaftServerConfigKeys (ConfUtils.java:logGet(43)) - raft.server.log.segment.size.max = 1048576 (custom)
2019-09-12 10:31:53,176 [pool-49-thread-1] INFO  server.RaftServerConfigKeys (ConfUtils.java:logGet(43)) - raft.server.log.segment.cache.num.max = 2 (custom)
2019-09-12 10:31:53,176 [pool-49-thread-1] INFO  segmented.SegmentedRaftLogWorker (SegmentedRaftLogWorker.java:<init>(172)) - new a48435e2-fc20-4a41-b041-5f40b71db35c-SegmentedRaftLogWorker:Storage Directory /workdir/hadoop-ozone/integration-test/target/test-dir/MiniOzoneClusterImpl-8f4fcaf0-4acb-4edc-87bf-94a207340594/datanode-2/data/ratis/4e40ee19-3669-4f0c-b0e1-1e77ddde7dc8 for RaftStorage:Storage Directory /workdir/hadoop-ozone/integration-test/target/test-dir/MiniOzoneClusterImpl-8f4fcaf0-4acb-4edc-87bf-94a207340594/datanode-2/data/ratis/4e40ee19-3669-4f0c-b0e1-1e77ddde7dc8
2019-09-12 10:31:53,176 [pool-49-thread-1] INFO  server.RaftServerConfigKeys (ConfUtils.java:logGet(43)) - raft.server.log.queue.byte-limit = 2147483647 (custom)
2019-09-12 10:31:53,176 [pool-49-thread-1] INFO  server.RaftServerConfigKeys (ConfUtils.java:logGet(43)) - raft.server.log.queue.element-limit = 1024 (custom)
2019-09-12 10:31:53,177 [pool-49-thread-1] INFO  server.RaftServerConfigKeys (ConfUtils.java:logGet(43)) - raft.server.log.segment.size.max = 1048576 (custom)
2019-09-12 10:31:53,177 [pool-49-thread-1] INFO  server.RaftServerConfigKeys (ConfUtils.java:logGet(43)) - raft.server.log.preallocated.size = 16384 (custom)
2019-09-12 10:31:53,177 [pool-49-thread-1] INFO  server.RaftServerConfigKeys (ConfUtils.java:logGet(43)) - raft.server.log.write.buffer.size = 33554432 (custom)
2019-09-12 10:31:53,177 [pool-49-thread-1] INFO  server.RaftServerConfigKeys (ConfUtils.java:logGet(43)) - raft.server.log.force.sync.num = 128 (default)
2019-09-12 10:31:53,177 [pool-49-thread-1] INFO  server.RaftServerConfigKeys (ConfUtils.java:logGet(43)) - raft.server.log.statemachine.data.sync = true (default)
2019-09-12 10:31:53,177 [pool-49-thread-1] INFO  server.RaftServerConfigKeys (ConfUtils.java:logGet(43)) - raft.server.log.statemachine.data.sync.timeout = 10s (default)
2019-09-12 10:31:53,177 [pool-49-thread-1] INFO  server.RaftServerConfigKeys (ConfUtils.java:logGet(43)) - raft.server.log.statemachine.data.sync.timeout.retry = -1 (default)
2019-09-12 10:31:53,178 [pool-49-thread-1] INFO  server.RaftServerConfigKeys (ConfUtils.java:logGet(43)) - raft.server.log.statemachine.data.caching.enabled = true (custom)
2019-09-12 10:31:53,178 [pool-49-thread-1] INFO  segmented.SegmentedRaftLogWorker (SegmentedRaftLogWorker.java:lambda$new$0(132)) - a48435e2-fc20-4a41-b041-5f40b71db35c-SegmentedRaftLogWorker:Storage Directory /workdir/hadoop-ozone/integration-test/target/test-dir/MiniOzoneClusterImpl-8f4fcaf0-4acb-4edc-87bf-94a207340594/datanode-2/data/ratis/4e40ee19-3669-4f0c-b0e1-1e77ddde7dc8: flushIndex: setUnconditionally 0 -> -1
2019-09-12 10:31:53,178 [pool-49-thread-1] INFO  server.RaftServerConfigKeys (ConfUtils.java:logGet(43)) - raft.server.snapshot.auto.trigger.enabled = true (custom)
2019-09-12 10:31:53,178 [pool-49-thread-1] INFO  server.RaftServerConfigKeys (ConfUtils.java:logGet(43)) - raft.server.snapshot.auto.trigger.threshold = 10000 (custom)
2019-09-12 10:31:53,178 [pool-49-thread-1] INFO  server.RaftServerConfigKeys (ConfUtils.java:logGet(43)) - raft.server.retrycache.expirytime = 600000ms (custom)
2019-09-12 10:31:53,179 [pool-49-thread-1] INFO  impl.RaftServerImpl (RaftServerImpl.java:start(180)) - a48435e2-fc20-4a41-b041-5f40b71db35c: start group-1E77DDDE7DC8
2019-09-12 10:31:53,179 [pool-49-thread-1] INFO  impl.RaftServerImpl (RaftServerImpl.java:setRole(171)) - a48435e2-fc20-4a41-b041-5f40b71db35c:group-1E77DDDE7DC8 changes role from null to FOLLOWER at term 0 for startAsFollower
2019-09-12 10:31:53,179 [pool-49-thread-1] INFO  impl.RoleInfo (RoleInfo.java:updateAndGet(143)) - a48435e2-fc20-4a41-b041-5f40b71db35c: start FollowerState
2019-09-12 10:31:53,179 [pool-49-thread-1] INFO  util.JmxRegister (JmxRegister.java:tryRegister(44)) - Successfully registered JMX Bean with object name Ratis:service=RaftServer,group=group-1E77DDDE7DC8,id=a48435e2-fc20-4a41-b041-5f40b71db35c
2019-09-12 10:31:53,185 [RatisPipelineUtilsThread] INFO  pipeline.PipelineStateManager (PipelineStateManager.java:addPipeline(56)) - Created pipeline Pipeline[ Id: 4e40ee19-3669-4f0c-b0e1-1e77ddde7dc8, Nodes: a48435e2-fc20-4a41-b041-5f40b71db35c{ip: 192.168.157.195, host: pr-hdds-1569-xtfnx-3545843844, networkLocation: /default-rack, certSerialId: null}, Type:RATIS, Factor:ONE, State:OPEN]
2019-09-12 10:31:53,188 [RatisPipelineUtilsThread] ERROR pipeline.PipelinePlacementPolicy (PipelinePlacementPolicy.java:meetCriteria(91)) - Pipeline Placement: Doesn't meet the criteria to be viable node. Heaviness: 6
2019-09-12 10:31:53,197 [grpc-default-executor-0] INFO  impl.RaftServerProxy (RaftServerProxy.java:addNew(89)) - a48435e2-fc20-4a41-b041-5f40b71db35c: addNew group-5B119E2FC8E4:[a48435e2-fc20-4a41-b041-5f40b71db35c:192.168.157.195:35879] returns group-5B119E2FC8E4:java.util.concurrent.CompletableFuture@66a78063[Not completed]
2019-09-12 10:31:53,198 [pool-49-thread-1] INFO  impl.RaftServerImpl (RaftServerImpl.java:<init>(93)) - a48435e2-fc20-4a41-b041-5f40b71db35c: new RaftServerImpl for group-5B119E2FC8E4:[a48435e2-fc20-4a41-b041-5f40b71db35c:192.168.157.195:35879] with ContainerStateMachine:uninitialized
2019-09-12 10:31:53,199 [pool-49-thread-1] INFO  server.RaftServerConfigKeys (ConfUtils.java:logGet(43)) - raft.server.rpc.timeout.min = 5s (custom)
2019-09-12 10:31:53,199 [pool-49-thread-1] INFO  server.RaftServerConfigKeys (ConfUtils.java:logGet(43)) - raft.server.rpc.timeout.max = 5200ms (custom)
2019-09-12 10:31:53,199 [pool-49-thread-1] INFO  server.RaftServerConfigKeys (ConfUtils.java:logGet(43)) - raft.server.rpcslowness.timeout = 120s (custom)
2019-09-12 10:31:53,199 [pool-49-thread-1] INFO  server.RaftServerConfigKeys (ConfUtils.java:logGet(43)) - raft.server.sleep.deviation.threshold = 300 (default)
2019-09-12 10:31:53,199 [pool-49-thread-1] INFO  server.RaftServerConfigKeys (ConfUtils.java:logGet(43)) - raft.server.log.appender.install.snapshot.enabled = false (custom)
2019-09-12 10:31:53,199 [pool-49-thread-1] INFO  impl.RaftServerImpl (ServerState.java:<init>(105)) - a48435e2-fc20-4a41-b041-5f40b71db35c:group-5B119E2FC8E4 ConfigurationManager, init=-1: [a48435e2-fc20-4a41-b041-5f40b71db35c:192.168.157.195:35879], old=null, confs=<EMPTY_MAP>
2019-09-12 10:31:53,199 [pool-49-thread-1] INFO  server.RaftServerConfigKeys (ConfUtils.java:logGet(43)) - raft.server.storage.dir = [/workdir/hadoop-ozone/integration-test/target/test-dir/MiniOzoneClusterImpl-8f4fcaf0-4acb-4edc-87bf-94a207340594/datanode-2/data/ratis] (custom)
2019-09-12 10:31:53,200 [pool-49-thread-1] INFO  storage.RaftStorageDirectory (RaftStorageDirectory.java:analyzeStorage(246)) - The storage directory /workdir/hadoop-ozone/integration-test/target/test-dir/MiniOzoneClusterImpl-8f4fcaf0-4acb-4edc-87bf-94a207340594/datanode-2/data/ratis/5206121f-432e-4207-853b-5b119e2fc8e4 does not exist. Creating ...
2019-09-12 10:31:53,213 [pool-49-thread-1] INFO  storage.RaftStorageDirectory (RaftStorageDirectory.java:tryLock(328)) - Lock on /workdir/hadoop-ozone/integration-test/target/test-dir/MiniOzoneClusterImpl-8f4fcaf0-4acb-4edc-87bf-94a207340594/datanode-2/data/ratis/5206121f-432e-4207-853b-5b119e2fc8e4/in_use.lock acquired by nodename 30709@pr-hdds-1569-xtfnx-3545843844
2019-09-12 10:31:53,226 [pool-49-thread-1] INFO  storage.RaftStorage (RaftStorage.java:format(72)) - Storage directory /workdir/hadoop-ozone/integration-test/target/test-dir/MiniOzoneClusterImpl-8f4fcaf0-4acb-4edc-87bf-94a207340594/datanode-2/data/ratis/5206121f-432e-4207-853b-5b119e2fc8e4 has been successfully formatted.
2019-09-12 10:31:53,226 [pool-49-thread-1] INFO  ratis.ContainerStateMachine (ContainerStateMachine.java:loadSnapshot(226)) - group-5B119E2FC8E4: The snapshot info is null. Setting the last applied indexto:(t:0, i:~)
2019-09-12 10:31:53,226 [pool-49-thread-1] INFO  server.RaftServerConfigKeys (ConfUtils.java:logGet(43)) - raft.server.leader.election.timeout = 120s (custom)
2019-09-12 10:31:53,226 [pool-49-thread-1] INFO  server.RaftServerConfigKeys (ConfUtils.java:logGet(43)) - raft.server.log.use.memory = false (default)
2019-09-12 10:31:53,227 [pool-49-thread-1] INFO  server.RaftServerConfigKeys (ConfUtils.java:logGet(43)) - raft.server.log.purge.gap = 1000000 (custom)
2019-09-12 10:31:53,227 [pool-49-thread-1] INFO  server.RaftServerConfigKeys (ConfUtils.java:logGet(43)) - raft.server.log.appender.buffer.byte-limit = 33554432 (custom)
2019-09-12 10:31:53,227 [pool-49-thread-1] INFO  server.RaftServerConfigKeys (ConfUtils.java:logGet(43)) - raft.server.log.segment.size.max = 1048576 (custom)
2019-09-12 10:31:53,227 [pool-49-thread-1] INFO  server.RaftServerConfigKeys (ConfUtils.java:logGet(43)) - raft.server.log.segment.cache.num.max = 2 (custom)
2019-09-12 10:31:53,227 [pool-49-thread-1] INFO  segmented.SegmentedRaftLogWorker (SegmentedRaftLogWorker.java:<init>(172)) - new a48435e2-fc20-4a41-b041-5f40b71db35c-SegmentedRaftLogWorker:Storage Directory /workdir/hadoop-ozone/integration-test/target/test-dir/MiniOzoneClusterImpl-8f4fcaf0-4acb-4edc-87bf-94a207340594/datanode-2/data/ratis/5206121f-432e-4207-853b-5b119e2fc8e4 for RaftStorage:Storage Directory /workdir/hadoop-ozone/integration-test/target/test-dir/MiniOzoneClusterImpl-8f4fcaf0-4acb-4edc-87bf-94a207340594/datanode-2/data/ratis/5206121f-432e-4207-853b-5b119e2fc8e4
2019-09-12 10:31:53,227 [pool-49-thread-1] INFO  server.RaftServerConfigKeys (ConfUtils.java:logGet(43)) - raft.server.log.queue.byte-limit = 2147483647 (custom)
2019-09-12 10:31:53,227 [pool-49-thread-1] INFO  server.RaftServerConfigKeys (ConfUtils.java:logGet(43)) - raft.server.log.queue.element-limit = 1024 (custom)
2019-09-12 10:31:53,228 [pool-49-thread-1] INFO  server.RaftServerConfigKeys (ConfUtils.java:logGet(43)) - raft.server.log.segment.size.max = 1048576 (custom)
2019-09-12 10:31:53,228 [pool-49-thread-1] INFO  server.RaftServerConfigKeys (ConfUtils.java:logGet(43)) - raft.server.log.preallocated.size = 16384 (custom)
2019-09-12 10:31:53,228 [pool-49-thread-1] INFO  server.RaftServerConfigKeys (ConfUtils.java:logGet(43)) - raft.server.log.write.buffer.size = 33554432 (custom)
2019-09-12 10:31:53,228 [pool-49-thread-1] INFO  server.RaftServerConfigKeys (ConfUtils.java:logGet(43)) - raft.server.log.force.sync.num = 128 (default)
2019-09-12 10:31:53,228 [pool-49-thread-1] INFO  server.RaftServerConfigKeys (ConfUtils.java:logGet(43)) - raft.server.log.statemachine.data.sync = true (default)
2019-09-12 10:31:53,228 [pool-49-thread-1] INFO  server.RaftServerConfigKeys (ConfUtils.java:logGet(43)) - raft.server.log.statemachine.data.sync.timeout = 10s (default)
2019-09-12 10:31:53,228 [pool-49-thread-1] INFO  server.RaftServerConfigKeys (ConfUtils.java:logGet(43)) - raft.server.log.statemachine.data.sync.timeout.retry = -1 (default)
2019-09-12 10:31:53,228 [pool-49-thread-1] INFO  server.RaftServerConfigKeys (ConfUtils.java:logGet(43)) - raft.server.log.statemachine.data.caching.enabled = true (custom)
2019-09-12 10:31:53,229 [pool-49-thread-1] INFO  segmented.SegmentedRaftLogWorker (SegmentedRaftLogWorker.java:lambda$new$0(132)) - a48435e2-fc20-4a41-b041-5f40b71db35c-SegmentedRaftLogWorker:Storage Directory /workdir/hadoop-ozone/integration-test/target/test-dir/MiniOzoneClusterImpl-8f4fcaf0-4acb-4edc-87bf-94a207340594/datanode-2/data/ratis/5206121f-432e-4207-853b-5b119e2fc8e4: flushIndex: setUnconditionally 0 -> -1
2019-09-12 10:31:53,229 [pool-49-thread-1] INFO  server.RaftServerConfigKeys (ConfUtils.java:logGet(43)) - raft.server.snapshot.auto.trigger.enabled = true (custom)
2019-09-12 10:31:53,229 [pool-49-thread-1] INFO  server.RaftServerConfigKeys (ConfUtils.java:logGet(43)) - raft.server.snapshot.auto.trigger.threshold = 10000 (custom)
2019-09-12 10:31:53,229 [pool-49-thread-1] INFO  server.RaftServerConfigKeys (ConfUtils.java:logGet(43)) - raft.server.retrycache.expirytime = 600000ms (custom)
2019-09-12 10:31:53,229 [pool-49-thread-1] INFO  impl.RaftServerImpl (RaftServerImpl.java:start(180)) - a48435e2-fc20-4a41-b041-5f40b71db35c: start group-5B119E2FC8E4
2019-09-12 10:31:53,230 [pool-49-thread-1] INFO  impl.RaftServerImpl (RaftServerImpl.java:setRole(171)) - a48435e2-fc20-4a41-b041-5f40b71db35c:group-5B119E2FC8E4 changes role from null to FOLLOWER at term 0 for startAsFollower
2019-09-12 10:31:53,230 [pool-49-thread-1] INFO  impl.RoleInfo (RoleInfo.java:updateAndGet(143)) - a48435e2-fc20-4a41-b041-5f40b71db35c: start FollowerState
2019-09-12 10:31:53,230 [pool-49-thread-1] INFO  util.JmxRegister (JmxRegister.java:tryRegister(44)) - Successfully registered JMX Bean with object name Ratis:service=RaftServer,group=group-5B119E2FC8E4,id=a48435e2-fc20-4a41-b041-5f40b71db35c
2019-09-12 10:31:53,237 [RatisPipelineUtilsThread] INFO  pipeline.PipelineStateManager (PipelineStateManager.java:addPipeline(56)) - Created pipeline Pipeline[ Id: 5206121f-432e-4207-853b-5b119e2fc8e4, Nodes: a48435e2-fc20-4a41-b041-5f40b71db35c{ip: 192.168.157.195, host: pr-hdds-1569-xtfnx-3545843844, networkLocation: /default-rack, certSerialId: null}, Type:RATIS, Factor:ONE, State:OPEN]
2019-09-12 10:31:53,242 [RatisPipelineUtilsThread] ERROR pipeline.PipelinePlacementPolicy (PipelinePlacementPolicy.java:meetCriteria(91)) - Pipeline Placement: Doesn't meet the criteria to be viable node. Heaviness: 6
2019-09-12 10:31:53,256 [grpc-default-executor-0] INFO  impl.RaftServerProxy (RaftServerProxy.java:addNew(89)) - bdf9e822-047f-40fc-a343-36702e59eb3b: addNew group-76A3E43CD38D:[bdf9e822-047f-40fc-a343-36702e59eb3b:192.168.157.195:45766] returns group-76A3E43CD38D:java.util.concurrent.CompletableFuture@6180aed2[Not completed]
2019-09-12 10:31:53,260 [pool-38-thread-1] INFO  impl.RaftServerImpl (RaftServerImpl.java:<init>(93)) - bdf9e822-047f-40fc-a343-36702e59eb3b: new RaftServerImpl for group-76A3E43CD38D:[bdf9e822-047f-40fc-a343-36702e59eb3b:192.168.157.195:45766] with ContainerStateMachine:uninitialized
2019-09-12 10:31:53,260 [pool-38-thread-1] INFO  server.RaftServerConfigKeys (ConfUtils.java:logGet(43)) - raft.server.rpc.timeout.min = 5s (custom)
2019-09-12 10:31:53,260 | INFO  | SCMAudit | user=jenkins1000 | ip=192.168.157.195 | op=SEND_HEARTBEAT {datanodeUUID=2568e786-00ee-48a3-80d4-4df304b22b3f, command=[]} | ret=SUCCESS |  
2019-09-12 10:31:53,260 [pool-38-thread-1] INFO  server.RaftServerConfigKeys (ConfUtils.java:logGet(43)) - raft.server.rpc.timeout.max = 5200ms (custom)
2019-09-12 10:31:53,260 [pool-38-thread-1] INFO  server.RaftServerConfigKeys (ConfUtils.java:logGet(43)) - raft.server.rpcslowness.timeout = 120s (custom)
2019-09-12 10:31:53,261 [pool-38-thread-1] INFO  server.RaftServerConfigKeys (ConfUtils.java:logGet(43)) - raft.server.sleep.deviation.threshold = 300 (default)
2019-09-12 10:31:53,261 [pool-38-thread-1] INFO  server.RaftServerConfigKeys (ConfUtils.java:logGet(43)) - raft.server.log.appender.install.snapshot.enabled = false (custom)
2019-09-12 10:31:53,261 [pool-38-thread-1] INFO  impl.RaftServerImpl (ServerState.java:<init>(105)) - bdf9e822-047f-40fc-a343-36702e59eb3b:group-76A3E43CD38D ConfigurationManager, init=-1: [bdf9e822-047f-40fc-a343-36702e59eb3b:192.168.157.195:45766], old=null, confs=<EMPTY_MAP>
2019-09-12 10:31:53,261 [pool-38-thread-1] INFO  server.RaftServerConfigKeys (ConfUtils.java:logGet(43)) - raft.server.storage.dir = [/workdir/hadoop-ozone/integration-test/target/test-dir/MiniOzoneClusterImpl-8f4fcaf0-4acb-4edc-87bf-94a207340594/datanode-1/data/ratis] (custom)
2019-09-12 10:31:53,262 [pool-38-thread-1] INFO  storage.RaftStorageDirectory (RaftStorageDirectory.java:analyzeStorage(246)) - The storage directory /workdir/hadoop-ozone/integration-test/target/test-dir/MiniOzoneClusterImpl-8f4fcaf0-4acb-4edc-87bf-94a207340594/datanode-1/data/ratis/7ac0e952-9501-488f-962d-76a3e43cd38d does not exist. Creating ...
2019-09-12 10:31:53,275 [pool-38-thread-1] INFO  storage.RaftStorageDirectory (RaftStorageDirectory.java:tryLock(328)) - Lock on /workdir/hadoop-ozone/integration-test/target/test-dir/MiniOzoneClusterImpl-8f4fcaf0-4acb-4edc-87bf-94a207340594/datanode-1/data/ratis/7ac0e952-9501-488f-962d-76a3e43cd38d/in_use.lock acquired by nodename 30709@pr-hdds-1569-xtfnx-3545843844
2019-09-12 10:31:53,288 [pool-38-thread-1] INFO  storage.RaftStorage (RaftStorage.java:format(72)) - Storage directory /workdir/hadoop-ozone/integration-test/target/test-dir/MiniOzoneClusterImpl-8f4fcaf0-4acb-4edc-87bf-94a207340594/datanode-1/data/ratis/7ac0e952-9501-488f-962d-76a3e43cd38d has been successfully formatted.
2019-09-12 10:31:53,289 [pool-38-thread-1] INFO  ratis.ContainerStateMachine (ContainerStateMachine.java:loadSnapshot(226)) - group-76A3E43CD38D: The snapshot info is null. Setting the last applied indexto:(t:0, i:~)
2019-09-12 10:31:53,289 [pool-38-thread-1] INFO  server.RaftServerConfigKeys (ConfUtils.java:logGet(43)) - raft.server.leader.election.timeout = 120s (custom)
2019-09-12 10:31:53,290 [pool-38-thread-1] INFO  server.RaftServerConfigKeys (ConfUtils.java:logGet(43)) - raft.server.log.use.memory = false (default)
2019-09-12 10:31:53,290 [pool-38-thread-1] INFO  server.RaftServerConfigKeys (ConfUtils.java:logGet(43)) - raft.server.log.purge.gap = 1000000 (custom)
2019-09-12 10:31:53,290 [pool-38-thread-1] INFO  server.RaftServerConfigKeys (ConfUtils.java:logGet(43)) - raft.server.log.appender.buffer.byte-limit = 33554432 (custom)
2019-09-12 10:31:53,290 [pool-38-thread-1] INFO  server.RaftServerConfigKeys (ConfUtils.java:logGet(43)) - raft.server.log.segment.size.max = 1048576 (custom)
2019-09-12 10:31:53,290 [pool-38-thread-1] INFO  server.RaftServerConfigKeys (ConfUtils.java:logGet(43)) - raft.server.log.segment.cache.num.max = 2 (custom)
2019-09-12 10:31:53,291 [pool-38-thread-1] INFO  segmented.SegmentedRaftLogWorker (SegmentedRaftLogWorker.java:<init>(172)) - new bdf9e822-047f-40fc-a343-36702e59eb3b-SegmentedRaftLogWorker:Storage Directory /workdir/hadoop-ozone/integration-test/target/test-dir/MiniOzoneClusterImpl-8f4fcaf0-4acb-4edc-87bf-94a207340594/datanode-1/data/ratis/7ac0e952-9501-488f-962d-76a3e43cd38d for RaftStorage:Storage Directory /workdir/hadoop-ozone/integration-test/target/test-dir/MiniOzoneClusterImpl-8f4fcaf0-4acb-4edc-87bf-94a207340594/datanode-1/data/ratis/7ac0e952-9501-488f-962d-76a3e43cd38d
2019-09-12 10:31:53,291 [pool-38-thread-1] INFO  server.RaftServerConfigKeys (ConfUtils.java:logGet(43)) - raft.server.log.queue.byte-limit = 2147483647 (custom)
2019-09-12 10:31:53,291 [pool-38-thread-1] INFO  server.RaftServerConfigKeys (ConfUtils.java:logGet(43)) - raft.server.log.queue.element-limit = 1024 (custom)
2019-09-12 10:31:53,291 [pool-38-thread-1] INFO  server.RaftServerConfigKeys (ConfUtils.java:logGet(43)) - raft.server.log.segment.size.max = 1048576 (custom)
2019-09-12 10:31:53,292 [pool-38-thread-1] INFO  server.RaftServerConfigKeys (ConfUtils.java:logGet(43)) - raft.server.log.preallocated.size = 16384 (custom)
2019-09-12 10:31:53,292 [pool-38-thread-1] INFO  server.RaftServerConfigKeys (ConfUtils.java:logGet(43)) - raft.server.log.write.buffer.size = 33554432 (custom)
2019-09-12 10:31:53,292 [pool-38-thread-1] INFO  server.RaftServerConfigKeys (ConfUtils.java:logGet(43)) - raft.server.log.force.sync.num = 128 (default)
2019-09-12 10:31:53,292 [pool-38-thread-1] INFO  server.RaftServerConfigKeys (ConfUtils.java:logGet(43)) - raft.server.log.statemachine.data.sync = true (default)
2019-09-12 10:31:53,293 [pool-38-thread-1] INFO  server.RaftServerConfigKeys (ConfUtils.java:logGet(43)) - raft.server.log.statemachine.data.sync.timeout = 10s (default)
2019-09-12 10:31:53,293 [pool-38-thread-1] INFO  server.RaftServerConfigKeys (ConfUtils.java:logGet(43)) - raft.server.log.statemachine.data.sync.timeout.retry = -1 (default)
2019-09-12 10:31:53,293 [pool-38-thread-1] INFO  server.RaftServerConfigKeys (ConfUtils.java:logGet(43)) - raft.server.log.statemachine.data.caching.enabled = true (custom)
2019-09-12 10:31:53,294 [pool-38-thread-1] INFO  segmented.SegmentedRaftLogWorker (SegmentedRaftLogWorker.java:lambda$new$0(132)) - bdf9e822-047f-40fc-a343-36702e59eb3b-SegmentedRaftLogWorker:Storage Directory /workdir/hadoop-ozone/integration-test/target/test-dir/MiniOzoneClusterImpl-8f4fcaf0-4acb-4edc-87bf-94a207340594/datanode-1/data/ratis/7ac0e952-9501-488f-962d-76a3e43cd38d: flushIndex: setUnconditionally 0 -> -1
2019-09-12 10:31:53,294 [pool-38-thread-1] INFO  server.RaftServerConfigKeys (ConfUtils.java:logGet(43)) - raft.server.snapshot.auto.trigger.enabled = true (custom)
2019-09-12 10:31:53,294 [pool-38-thread-1] INFO  server.RaftServerConfigKeys (ConfUtils.java:logGet(43)) - raft.server.snapshot.auto.trigger.threshold = 10000 (custom)
2019-09-12 10:31:53,295 [pool-38-thread-1] INFO  server.RaftServerConfigKeys (ConfUtils.java:logGet(43)) - raft.server.retrycache.expirytime = 600000ms (custom)
2019-09-12 10:31:53,295 [pool-38-thread-1] INFO  impl.RaftServerImpl (RaftServerImpl.java:start(180)) - bdf9e822-047f-40fc-a343-36702e59eb3b: start group-76A3E43CD38D
2019-09-12 10:31:53,295 [pool-38-thread-1] INFO  impl.RaftServerImpl (RaftServerImpl.java:setRole(171)) - bdf9e822-047f-40fc-a343-36702e59eb3b:group-76A3E43CD38D changes role from null to FOLLOWER at term 0 for startAsFollower
2019-09-12 10:31:53,296 [pool-38-thread-1] INFO  impl.RoleInfo (RoleInfo.java:updateAndGet(143)) - bdf9e822-047f-40fc-a343-36702e59eb3b: start FollowerState
2019-09-12 10:31:53,296 [pool-38-thread-1] INFO  util.JmxRegister (JmxRegister.java:tryRegister(44)) - Successfully registered JMX Bean with object name Ratis:service=RaftServer,group=group-76A3E43CD38D,id=bdf9e822-047f-40fc-a343-36702e59eb3b
2019-09-12 10:31:53,302 [RatisPipelineUtilsThread] INFO  pipeline.PipelineStateManager (PipelineStateManager.java:addPipeline(56)) - Created pipeline Pipeline[ Id: 7ac0e952-9501-488f-962d-76a3e43cd38d, Nodes: bdf9e822-047f-40fc-a343-36702e59eb3b{ip: 192.168.157.195, host: pr-hdds-1569-xtfnx-3545843844, networkLocation: /default-rack, certSerialId: null}, Type:RATIS, Factor:ONE, State:OPEN]
2019-09-12 10:31:53,305 [RatisPipelineUtilsThread] ERROR pipeline.PipelinePlacementPolicy (PipelinePlacementPolicy.java:meetCriteria(91)) - Pipeline Placement: Doesn't meet the criteria to be viable node. Heaviness: 6
2019-09-12 10:31:53,305 [RatisPipelineUtilsThread] ERROR pipeline.PipelinePlacementPolicy (PipelinePlacementPolicy.java:meetCriteria(91)) - Pipeline Placement: Doesn't meet the criteria to be viable node. Heaviness: 6
2019-09-12 10:31:53,315 [grpc-default-executor-0] INFO  impl.RaftServerProxy (RaftServerProxy.java:addNew(89)) - 8e0046c7-63e6-4424-9e2f-9e2de00b9629: addNew group-83812DD45B37:[8e0046c7-63e6-4424-9e2f-9e2de00b9629:192.168.157.195:34007] returns group-83812DD45B37:java.util.concurrent.CompletableFuture@24f7f0b5[Not completed]
2019-09-12 10:31:53,317 [pool-27-thread-1] INFO  impl.RaftServerImpl (RaftServerImpl.java:<init>(93)) - 8e0046c7-63e6-4424-9e2f-9e2de00b9629: new RaftServerImpl for group-83812DD45B37:[8e0046c7-63e6-4424-9e2f-9e2de00b9629:192.168.157.195:34007] with ContainerStateMachine:uninitialized
2019-09-12 10:31:53,317 [pool-27-thread-1] INFO  server.RaftServerConfigKeys (ConfUtils.java:logGet(43)) - raft.server.rpc.timeout.min = 5s (custom)
2019-09-12 10:31:53,318 [pool-27-thread-1] INFO  server.RaftServerConfigKeys (ConfUtils.java:logGet(43)) - raft.server.rpc.timeout.max = 5200ms (custom)
2019-09-12 10:31:53,318 [pool-27-thread-1] INFO  server.RaftServerConfigKeys (ConfUtils.java:logGet(43)) - raft.server.rpcslowness.timeout = 120s (custom)
2019-09-12 10:31:53,318 [pool-27-thread-1] INFO  server.RaftServerConfigKeys (ConfUtils.java:logGet(43)) - raft.server.sleep.deviation.threshold = 300 (default)
2019-09-12 10:31:53,318 [pool-27-thread-1] INFO  server.RaftServerConfigKeys (ConfUtils.java:logGet(43)) - raft.server.log.appender.install.snapshot.enabled = false (custom)
2019-09-12 10:31:53,318 [pool-27-thread-1] INFO  impl.RaftServerImpl (ServerState.java:<init>(105)) - 8e0046c7-63e6-4424-9e2f-9e2de00b9629:group-83812DD45B37 ConfigurationManager, init=-1: [8e0046c7-63e6-4424-9e2f-9e2de00b9629:192.168.157.195:34007], old=null, confs=<EMPTY_MAP>
2019-09-12 10:31:53,318 [pool-27-thread-1] INFO  server.RaftServerConfigKeys (ConfUtils.java:logGet(43)) - raft.server.storage.dir = [/workdir/hadoop-ozone/integration-test/target/test-dir/MiniOzoneClusterImpl-8f4fcaf0-4acb-4edc-87bf-94a207340594/datanode-0/data/ratis] (custom)
2019-09-12 10:31:53,319 [pool-27-thread-1] INFO  storage.RaftStorageDirectory (RaftStorageDirectory.java:analyzeStorage(246)) - The storage directory /workdir/hadoop-ozone/integration-test/target/test-dir/MiniOzoneClusterImpl-8f4fcaf0-4acb-4edc-87bf-94a207340594/datanode-0/data/ratis/d36bbcd7-4ab3-4fc4-b9a6-83812dd45b37 does not exist. Creating ...
2019-09-12 10:31:53,332 [pool-27-thread-1] INFO  storage.RaftStorageDirectory (RaftStorageDirectory.java:tryLock(328)) - Lock on /workdir/hadoop-ozone/integration-test/target/test-dir/MiniOzoneClusterImpl-8f4fcaf0-4acb-4edc-87bf-94a207340594/datanode-0/data/ratis/d36bbcd7-4ab3-4fc4-b9a6-83812dd45b37/in_use.lock acquired by nodename 30709@pr-hdds-1569-xtfnx-3545843844
2019-09-12 10:31:53,346 [pool-27-thread-1] INFO  storage.RaftStorage (RaftStorage.java:format(72)) - Storage directory /workdir/hadoop-ozone/integration-test/target/test-dir/MiniOzoneClusterImpl-8f4fcaf0-4acb-4edc-87bf-94a207340594/datanode-0/data/ratis/d36bbcd7-4ab3-4fc4-b9a6-83812dd45b37 has been successfully formatted.
2019-09-12 10:31:53,346 [pool-27-thread-1] INFO  ratis.ContainerStateMachine (ContainerStateMachine.java:loadSnapshot(226)) - group-83812DD45B37: The snapshot info is null. Setting the last applied indexto:(t:0, i:~)
2019-09-12 10:31:53,346 [pool-27-thread-1] INFO  server.RaftServerConfigKeys (ConfUtils.java:logGet(43)) - raft.server.leader.election.timeout = 120s (custom)
2019-09-12 10:31:53,346 [pool-27-thread-1] INFO  server.RaftServerConfigKeys (ConfUtils.java:logGet(43)) - raft.server.log.use.memory = false (default)
2019-09-12 10:31:53,347 [pool-27-thread-1] INFO  server.RaftServerConfigKeys (ConfUtils.java:logGet(43)) - raft.server.log.purge.gap = 1000000 (custom)
2019-09-12 10:31:53,347 [pool-27-thread-1] INFO  server.RaftServerConfigKeys (ConfUtils.java:logGet(43)) - raft.server.log.appender.buffer.byte-limit = 33554432 (custom)
2019-09-12 10:31:53,347 [pool-27-thread-1] INFO  server.RaftServerConfigKeys (ConfUtils.java:logGet(43)) - raft.server.log.segment.size.max = 1048576 (custom)
2019-09-12 10:31:53,347 [pool-27-thread-1] INFO  server.RaftServerConfigKeys (ConfUtils.java:logGet(43)) - raft.server.log.segment.cache.num.max = 2 (custom)
2019-09-12 10:31:53,347 [pool-27-thread-1] INFO  segmented.SegmentedRaftLogWorker (SegmentedRaftLogWorker.java:<init>(172)) - new 8e0046c7-63e6-4424-9e2f-9e2de00b9629-SegmentedRaftLogWorker:Storage Directory /workdir/hadoop-ozone/integration-test/target/test-dir/MiniOzoneClusterImpl-8f4fcaf0-4acb-4edc-87bf-94a207340594/datanode-0/data/ratis/d36bbcd7-4ab3-4fc4-b9a6-83812dd45b37 for RaftStorage:Storage Directory /workdir/hadoop-ozone/integration-test/target/test-dir/MiniOzoneClusterImpl-8f4fcaf0-4acb-4edc-87bf-94a207340594/datanode-0/data/ratis/d36bbcd7-4ab3-4fc4-b9a6-83812dd45b37
2019-09-12 10:31:53,347 [pool-27-thread-1] INFO  server.RaftServerConfigKeys (ConfUtils.java:logGet(43)) - raft.server.log.queue.byte-limit = 2147483647 (custom)
2019-09-12 10:31:53,348 [pool-27-thread-1] INFO  server.RaftServerConfigKeys (ConfUtils.java:logGet(43)) - raft.server.log.queue.element-limit = 1024 (custom)
2019-09-12 10:31:53,348 [pool-27-thread-1] INFO  server.RaftServerConfigKeys (ConfUtils.java:logGet(43)) - raft.server.log.segment.size.max = 1048576 (custom)
2019-09-12 10:31:53,348 [pool-27-thread-1] INFO  server.RaftServerConfigKeys (ConfUtils.java:logGet(43)) - raft.server.log.preallocated.size = 16384 (custom)
2019-09-12 10:31:53,348 [pool-27-thread-1] INFO  server.RaftServerConfigKeys (ConfUtils.java:logGet(43)) - raft.server.log.write.buffer.size = 33554432 (custom)
2019-09-12 10:31:53,348 [pool-27-thread-1] INFO  server.RaftServerConfigKeys (ConfUtils.java:logGet(43)) - raft.server.log.force.sync.num = 128 (default)
2019-09-12 10:31:53,348 [pool-27-thread-1] INFO  server.RaftServerConfigKeys (ConfUtils.java:logGet(43)) - raft.server.log.statemachine.data.sync = true (default)
2019-09-12 10:31:53,348 [pool-27-thread-1] INFO  server.RaftServerConfigKeys (ConfUtils.java:logGet(43)) - raft.server.log.statemachine.data.sync.timeout = 10s (default)
2019-09-12 10:31:53,349 [pool-27-thread-1] INFO  server.RaftServerConfigKeys (ConfUtils.java:logGet(43)) - raft.server.log.statemachine.data.sync.timeout.retry = -1 (default)
2019-09-12 10:31:53,349 [pool-27-thread-1] INFO  server.RaftServerConfigKeys (ConfUtils.java:logGet(43)) - raft.server.log.statemachine.data.caching.enabled = true (custom)
2019-09-12 10:31:53,349 [pool-27-thread-1] INFO  segmented.SegmentedRaftLogWorker (SegmentedRaftLogWorker.java:lambda$new$0(132)) - 8e0046c7-63e6-4424-9e2f-9e2de00b9629-SegmentedRaftLogWorker:Storage Directory /workdir/hadoop-ozone/integration-test/target/test-dir/MiniOzoneClusterImpl-8f4fcaf0-4acb-4edc-87bf-94a207340594/datanode-0/data/ratis/d36bbcd7-4ab3-4fc4-b9a6-83812dd45b37: flushIndex: setUnconditionally 0 -> -1
2019-09-12 10:31:53,350 [pool-27-thread-1] INFO  server.RaftServerConfigKeys (ConfUtils.java:logGet(43)) - raft.server.snapshot.auto.trigger.enabled = true (custom)
2019-09-12 10:31:53,350 [pool-27-thread-1] INFO  server.RaftServerConfigKeys (ConfUtils.java:logGet(43)) - raft.server.snapshot.auto.trigger.threshold = 10000 (custom)
2019-09-12 10:31:53,350 [pool-27-thread-1] INFO  server.RaftServerConfigKeys (ConfUtils.java:logGet(43)) - raft.server.retrycache.expirytime = 600000ms (custom)
2019-09-12 10:31:53,350 [pool-27-thread-1] INFO  impl.RaftServerImpl (RaftServerImpl.java:start(180)) - 8e0046c7-63e6-4424-9e2f-9e2de00b9629: start group-83812DD45B37
2019-09-12 10:31:53,350 [pool-27-thread-1] INFO  impl.RaftServerImpl (RaftServerImpl.java:setRole(171)) - 8e0046c7-63e6-4424-9e2f-9e2de00b9629:group-83812DD45B37 changes role from null to FOLLOWER at term 0 for startAsFollower
2019-09-12 10:31:53,351 [pool-27-thread-1] INFO  impl.RoleInfo (RoleInfo.java:updateAndGet(143)) - 8e0046c7-63e6-4424-9e2f-9e2de00b9629: start FollowerState
2019-09-12 10:31:53,351 [pool-27-thread-1] INFO  util.JmxRegister (JmxRegister.java:tryRegister(44)) - Successfully registered JMX Bean with object name Ratis:service=RaftServer,group=group-83812DD45B37,id=8e0046c7-63e6-4424-9e2f-9e2de00b9629
2019-09-12 10:31:53,357 [RatisPipelineUtilsThread] INFO  pipeline.PipelineStateManager (PipelineStateManager.java:addPipeline(56)) - Created pipeline Pipeline[ Id: d36bbcd7-4ab3-4fc4-b9a6-83812dd45b37, Nodes: 8e0046c7-63e6-4424-9e2f-9e2de00b9629{ip: 192.168.157.195, host: pr-hdds-1569-xtfnx-3545843844, networkLocation: /default-rack, certSerialId: null}, Type:RATIS, Factor:ONE, State:OPEN]
2019-09-12 10:31:53,358 [RatisPipelineUtilsThread] ERROR pipeline.PipelinePlacementPolicy (PipelinePlacementPolicy.java:meetCriteria(91)) - Pipeline Placement: Doesn't meet the criteria to be viable node. Heaviness: 6
2019-09-12 10:31:53,359 [RatisPipelineUtilsThread] ERROR pipeline.PipelinePlacementPolicy (PipelinePlacementPolicy.java:meetCriteria(91)) - Pipeline Placement: Doesn't meet the criteria to be viable node. Heaviness: 6
2019-09-12 10:31:53,359 [RatisPipelineUtilsThread] ERROR pipeline.PipelinePlacementPolicy (PipelinePlacementPolicy.java:meetCriteria(91)) - Pipeline Placement: Doesn't meet the criteria to be viable node. Heaviness: 6
2019-09-12 10:31:53,366 [grpc-default-executor-0] INFO  impl.RaftServerProxy (RaftServerProxy.java:addNew(89)) - a48435e2-fc20-4a41-b041-5f40b71db35c: addNew group-0DD90E8794E6:[a48435e2-fc20-4a41-b041-5f40b71db35c:192.168.157.195:35879] returns group-0DD90E8794E6:java.util.concurrent.CompletableFuture@2b96630[Not completed]
2019-09-12 10:31:53,368 [pool-49-thread-1] INFO  impl.RaftServerImpl (RaftServerImpl.java:<init>(93)) - a48435e2-fc20-4a41-b041-5f40b71db35c: new RaftServerImpl for group-0DD90E8794E6:[a48435e2-fc20-4a41-b041-5f40b71db35c:192.168.157.195:35879] with ContainerStateMachine:uninitialized
2019-09-12 10:31:53,369 [pool-49-thread-1] INFO  server.RaftServerConfigKeys (ConfUtils.java:logGet(43)) - raft.server.rpc.timeout.min = 5s (custom)
2019-09-12 10:31:53,369 [pool-49-thread-1] INFO  server.RaftServerConfigKeys (ConfUtils.java:logGet(43)) - raft.server.rpc.timeout.max = 5200ms (custom)
2019-09-12 10:31:53,369 [pool-49-thread-1] INFO  server.RaftServerConfigKeys (ConfUtils.java:logGet(43)) - raft.server.rpcslowness.timeout = 120s (custom)
2019-09-12 10:31:53,369 [pool-49-thread-1] INFO  server.RaftServerConfigKeys (ConfUtils.java:logGet(43)) - raft.server.sleep.deviation.threshold = 300 (default)
2019-09-12 10:31:53,369 [pool-49-thread-1] INFO  server.RaftServerConfigKeys (ConfUtils.java:logGet(43)) - raft.server.log.appender.install.snapshot.enabled = false (custom)
2019-09-12 10:31:53,369 [pool-49-thread-1] INFO  impl.RaftServerImpl (ServerState.java:<init>(105)) - a48435e2-fc20-4a41-b041-5f40b71db35c:group-0DD90E8794E6 ConfigurationManager, init=-1: [a48435e2-fc20-4a41-b041-5f40b71db35c:192.168.157.195:35879], old=null, confs=<EMPTY_MAP>
2019-09-12 10:31:53,369 [pool-49-thread-1] INFO  server.RaftServerConfigKeys (ConfUtils.java:logGet(43)) - raft.server.storage.dir = [/workdir/hadoop-ozone/integration-test/target/test-dir/MiniOzoneClusterImpl-8f4fcaf0-4acb-4edc-87bf-94a207340594/datanode-2/data/ratis] (custom)
2019-09-12 10:31:53,370 [pool-49-thread-1] INFO  storage.RaftStorageDirectory (RaftStorageDirectory.java:analyzeStorage(246)) - The storage directory /workdir/hadoop-ozone/integration-test/target/test-dir/MiniOzoneClusterImpl-8f4fcaf0-4acb-4edc-87bf-94a207340594/datanode-2/data/ratis/76496e31-a45e-422b-b70b-0dd90e8794e6 does not exist. Creating ...
2019-09-12 10:31:53,383 [pool-49-thread-1] INFO  storage.RaftStorageDirectory (RaftStorageDirectory.java:tryLock(328)) - Lock on /workdir/hadoop-ozone/integration-test/target/test-dir/MiniOzoneClusterImpl-8f4fcaf0-4acb-4edc-87bf-94a207340594/datanode-2/data/ratis/76496e31-a45e-422b-b70b-0dd90e8794e6/in_use.lock acquired by nodename 30709@pr-hdds-1569-xtfnx-3545843844
2019-09-12 10:31:53,396 [pool-49-thread-1] INFO  storage.RaftStorage (RaftStorage.java:format(72)) - Storage directory /workdir/hadoop-ozone/integration-test/target/test-dir/MiniOzoneClusterImpl-8f4fcaf0-4acb-4edc-87bf-94a207340594/datanode-2/data/ratis/76496e31-a45e-422b-b70b-0dd90e8794e6 has been successfully formatted.
2019-09-12 10:31:53,396 [pool-49-thread-1] INFO  ratis.ContainerStateMachine (ContainerStateMachine.java:loadSnapshot(226)) - group-0DD90E8794E6: The snapshot info is null. Setting the last applied indexto:(t:0, i:~)
2019-09-12 10:31:53,396 [pool-49-thread-1] INFO  server.RaftServerConfigKeys (ConfUtils.java:logGet(43)) - raft.server.leader.election.timeout = 120s (custom)
2019-09-12 10:31:53,396 [pool-49-thread-1] INFO  server.RaftServerConfigKeys (ConfUtils.java:logGet(43)) - raft.server.log.use.memory = false (default)
2019-09-12 10:31:53,396 [pool-49-thread-1] INFO  server.RaftServerConfigKeys (ConfUtils.java:logGet(43)) - raft.server.log.purge.gap = 1000000 (custom)
2019-09-12 10:31:53,397 [pool-49-thread-1] INFO  server.RaftServerConfigKeys (ConfUtils.java:logGet(43)) - raft.server.log.appender.buffer.byte-limit = 33554432 (custom)
2019-09-12 10:31:53,397 [pool-49-thread-1] INFO  server.RaftServerConfigKeys (ConfUtils.java:logGet(43)) - raft.server.log.segment.size.max = 1048576 (custom)
2019-09-12 10:31:53,397 [pool-49-thread-1] INFO  server.RaftServerConfigKeys (ConfUtils.java:logGet(43)) - raft.server.log.segment.cache.num.max = 2 (custom)
2019-09-12 10:31:53,397 [pool-49-thread-1] INFO  segmented.SegmentedRaftLogWorker (SegmentedRaftLogWorker.java:<init>(172)) - new a48435e2-fc20-4a41-b041-5f40b71db35c-SegmentedRaftLogWorker:Storage Directory /workdir/hadoop-ozone/integration-test/target/test-dir/MiniOzoneClusterImpl-8f4fcaf0-4acb-4edc-87bf-94a207340594/datanode-2/data/ratis/76496e31-a45e-422b-b70b-0dd90e8794e6 for RaftStorage:Storage Directory /workdir/hadoop-ozone/integration-test/target/test-dir/MiniOzoneClusterImpl-8f4fcaf0-4acb-4edc-87bf-94a207340594/datanode-2/data/ratis/76496e31-a45e-422b-b70b-0dd90e8794e6
2019-09-12 10:31:53,397 [pool-49-thread-1] INFO  server.RaftServerConfigKeys (ConfUtils.java:logGet(43)) - raft.server.log.queue.byte-limit = 2147483647 (custom)
2019-09-12 10:31:53,397 [pool-49-thread-1] INFO  server.RaftServerConfigKeys (ConfUtils.java:logGet(43)) - raft.server.log.queue.element-limit = 1024 (custom)
2019-09-12 10:31:53,397 [pool-49-thread-1] INFO  server.RaftServerConfigKeys (ConfUtils.java:logGet(43)) - raft.server.log.segment.size.max = 1048576 (custom)
2019-09-12 10:31:53,397 [pool-49-thread-1] INFO  server.RaftServerConfigKeys (ConfUtils.java:logGet(43)) - raft.server.log.preallocated.size = 16384 (custom)
2019-09-12 10:31:53,397 [pool-49-thread-1] INFO  server.RaftServerConfigKeys (ConfUtils.java:logGet(43)) - raft.server.log.write.buffer.size = 33554432 (custom)
2019-09-12 10:31:53,398 [pool-49-thread-1] INFO  server.RaftServerConfigKeys (ConfUtils.java:logGet(43)) - raft.server.log.force.sync.num = 128 (default)
2019-09-12 10:31:53,398 [pool-49-thread-1] INFO  server.RaftServerConfigKeys (ConfUtils.java:logGet(43)) - raft.server.log.statemachine.data.sync = true (default)
2019-09-12 10:31:53,398 [pool-49-thread-1] INFO  server.RaftServerConfigKeys (ConfUtils.java:logGet(43)) - raft.server.log.statemachine.data.sync.timeout = 10s (default)
2019-09-12 10:31:53,398 [pool-49-thread-1] INFO  server.RaftServerConfigKeys (ConfUtils.java:logGet(43)) - raft.server.log.statemachine.data.sync.timeout.retry = -1 (default)
2019-09-12 10:31:53,398 [pool-49-thread-1] INFO  server.RaftServerConfigKeys (ConfUtils.java:logGet(43)) - raft.server.log.statemachine.data.caching.enabled = true (custom)
2019-09-12 10:31:53,398 [pool-49-thread-1] INFO  segmented.SegmentedRaftLogWorker (SegmentedRaftLogWorker.java:lambda$new$0(132)) - a48435e2-fc20-4a41-b041-5f40b71db35c-SegmentedRaftLogWorker:Storage Directory /workdir/hadoop-ozone/integration-test/target/test-dir/MiniOzoneClusterImpl-8f4fcaf0-4acb-4edc-87bf-94a207340594/datanode-2/data/ratis/76496e31-a45e-422b-b70b-0dd90e8794e6: flushIndex: setUnconditionally 0 -> -1
2019-09-12 10:31:53,399 [pool-49-thread-1] INFO  server.RaftServerConfigKeys (ConfUtils.java:logGet(43)) - raft.server.snapshot.auto.trigger.enabled = true (custom)
2019-09-12 10:31:53,399 [pool-49-thread-1] INFO  server.RaftServerConfigKeys (ConfUtils.java:logGet(43)) - raft.server.snapshot.auto.trigger.threshold = 10000 (custom)
2019-09-12 10:31:53,399 [pool-49-thread-1] INFO  server.RaftServerConfigKeys (ConfUtils.java:logGet(43)) - raft.server.retrycache.expirytime = 600000ms (custom)
2019-09-12 10:31:53,399 [pool-49-thread-1] INFO  impl.RaftServerImpl (RaftServerImpl.java:start(180)) - a48435e2-fc20-4a41-b041-5f40b71db35c: start group-0DD90E8794E6
2019-09-12 10:31:53,399 [pool-49-thread-1] INFO  impl.RaftServerImpl (RaftServerImpl.java:setRole(171)) - a48435e2-fc20-4a41-b041-5f40b71db35c:group-0DD90E8794E6 changes role from null to FOLLOWER at term 0 for startAsFollower
2019-09-12 10:31:53,399 [pool-49-thread-1] INFO  impl.RoleInfo (RoleInfo.java:updateAndGet(143)) - a48435e2-fc20-4a41-b041-5f40b71db35c: start FollowerState
2019-09-12 10:31:53,400 [pool-49-thread-1] INFO  util.JmxRegister (JmxRegister.java:tryRegister(44)) - Successfully registered JMX Bean with object name Ratis:service=RaftServer,group=group-0DD90E8794E6,id=a48435e2-fc20-4a41-b041-5f40b71db35c
2019-09-12 10:31:53,405 [RatisPipelineUtilsThread] INFO  pipeline.PipelineStateManager (PipelineStateManager.java:addPipeline(56)) - Created pipeline Pipeline[ Id: 76496e31-a45e-422b-b70b-0dd90e8794e6, Nodes: a48435e2-fc20-4a41-b041-5f40b71db35c{ip: 192.168.157.195, host: pr-hdds-1569-xtfnx-3545843844, networkLocation: /default-rack, certSerialId: null}, Type:RATIS, Factor:ONE, State:OPEN]
2019-09-12 10:31:53,408 [RatisPipelineUtilsThread] ERROR pipeline.PipelinePlacementPolicy (PipelinePlacementPolicy.java:meetCriteria(91)) - Pipeline Placement: Doesn't meet the criteria to be viable node. Heaviness: 6
2019-09-12 10:31:53,408 [RatisPipelineUtilsThread] ERROR pipeline.PipelinePlacementPolicy (PipelinePlacementPolicy.java:meetCriteria(91)) - Pipeline Placement: Doesn't meet the criteria to be viable node. Heaviness: 6
2019-09-12 10:31:53,408 [RatisPipelineUtilsThread] ERROR pipeline.PipelinePlacementPolicy (PipelinePlacementPolicy.java:meetCriteria(91)) - Pipeline Placement: Doesn't meet the criteria to be viable node. Heaviness: 6
2019-09-12 10:31:53,408 [RatisPipelineUtilsThread] ERROR pipeline.PipelinePlacementPolicy (PipelinePlacementPolicy.java:meetCriteria(91)) - Pipeline Placement: Doesn't meet the criteria to be viable node. Heaviness: 6
2019-09-12 10:31:53,416 [grpc-default-executor-0] INFO  impl.RaftServerProxy (RaftServerProxy.java:addNew(89)) - 2568e786-00ee-48a3-80d4-4df304b22b3f: addNew group-64E66EC06C34:[2568e786-00ee-48a3-80d4-4df304b22b3f:192.168.157.195:36219] returns group-64E66EC06C34:java.util.concurrent.CompletableFuture@29f564fd[Not completed]
2019-09-12 10:31:53,417 [pool-82-thread-1] INFO  impl.RaftServerImpl (RaftServerImpl.java:<init>(93)) - 2568e786-00ee-48a3-80d4-4df304b22b3f: new RaftServerImpl for group-64E66EC06C34:[2568e786-00ee-48a3-80d4-4df304b22b3f:192.168.157.195:36219] with ContainerStateMachine:uninitialized
2019-09-12 10:31:53,417 [pool-82-thread-1] INFO  server.RaftServerConfigKeys (ConfUtils.java:logGet(43)) - raft.server.rpc.timeout.min = 5s (custom)
2019-09-12 10:31:53,417 [pool-82-thread-1] INFO  server.RaftServerConfigKeys (ConfUtils.java:logGet(43)) - raft.server.rpc.timeout.max = 5200ms (custom)
2019-09-12 10:31:53,417 [pool-82-thread-1] INFO  server.RaftServerConfigKeys (ConfUtils.java:logGet(43)) - raft.server.rpcslowness.timeout = 120s (custom)
2019-09-12 10:31:53,417 [pool-82-thread-1] INFO  server.RaftServerConfigKeys (ConfUtils.java:logGet(43)) - raft.server.sleep.deviation.threshold = 300 (default)
2019-09-12 10:31:53,417 [pool-82-thread-1] INFO  server.RaftServerConfigKeys (ConfUtils.java:logGet(43)) - raft.server.log.appender.install.snapshot.enabled = false (custom)
2019-09-12 10:31:53,417 [pool-82-thread-1] INFO  impl.RaftServerImpl (ServerState.java:<init>(105)) - 2568e786-00ee-48a3-80d4-4df304b22b3f:group-64E66EC06C34 ConfigurationManager, init=-1: [2568e786-00ee-48a3-80d4-4df304b22b3f:192.168.157.195:36219], old=null, confs=<EMPTY_MAP>
2019-09-12 10:31:53,418 [pool-82-thread-1] INFO  server.RaftServerConfigKeys (ConfUtils.java:logGet(43)) - raft.server.storage.dir = [/workdir/hadoop-ozone/integration-test/target/test-dir/MiniOzoneClusterImpl-8f4fcaf0-4acb-4edc-87bf-94a207340594/datanode-5/data/ratis] (custom)
2019-09-12 10:31:53,418 [pool-82-thread-1] INFO  storage.RaftStorageDirectory (RaftStorageDirectory.java:analyzeStorage(246)) - The storage directory /workdir/hadoop-ozone/integration-test/target/test-dir/MiniOzoneClusterImpl-8f4fcaf0-4acb-4edc-87bf-94a207340594/datanode-5/data/ratis/24140724-0b65-4708-85e5-64e66ec06c34 does not exist. Creating ...
2019-09-12 10:31:53,431 [pool-82-thread-1] INFO  storage.RaftStorageDirectory (RaftStorageDirectory.java:tryLock(328)) - Lock on /workdir/hadoop-ozone/integration-test/target/test-dir/MiniOzoneClusterImpl-8f4fcaf0-4acb-4edc-87bf-94a207340594/datanode-5/data/ratis/24140724-0b65-4708-85e5-64e66ec06c34/in_use.lock acquired by nodename 30709@pr-hdds-1569-xtfnx-3545843844
2019-09-12 10:31:53,444 [pool-82-thread-1] INFO  storage.RaftStorage (RaftStorage.java:format(72)) - Storage directory /workdir/hadoop-ozone/integration-test/target/test-dir/MiniOzoneClusterImpl-8f4fcaf0-4acb-4edc-87bf-94a207340594/datanode-5/data/ratis/24140724-0b65-4708-85e5-64e66ec06c34 has been successfully formatted.
2019-09-12 10:31:53,444 [pool-82-thread-1] INFO  ratis.ContainerStateMachine (ContainerStateMachine.java:loadSnapshot(226)) - group-64E66EC06C34: The snapshot info is null. Setting the last applied indexto:(t:0, i:~)
2019-09-12 10:31:53,444 [pool-82-thread-1] INFO  server.RaftServerConfigKeys (ConfUtils.java:logGet(43)) - raft.server.leader.election.timeout = 120s (custom)
2019-09-12 10:31:53,444 [pool-82-thread-1] INFO  server.RaftServerConfigKeys (ConfUtils.java:logGet(43)) - raft.server.log.use.memory = false (default)
2019-09-12 10:31:53,444 [pool-82-thread-1] INFO  server.RaftServerConfigKeys (ConfUtils.java:logGet(43)) - raft.server.log.purge.gap = 1000000 (custom)
2019-09-12 10:31:53,445 [pool-82-thread-1] INFO  server.RaftServerConfigKeys (ConfUtils.java:logGet(43)) - raft.server.log.appender.buffer.byte-limit = 33554432 (custom)
2019-09-12 10:31:53,445 [pool-82-thread-1] INFO  server.RaftServerConfigKeys (ConfUtils.java:logGet(43)) - raft.server.log.segment.size.max = 1048576 (custom)
2019-09-12 10:31:53,445 [pool-82-thread-1] INFO  server.RaftServerConfigKeys (ConfUtils.java:logGet(43)) - raft.server.log.segment.cache.num.max = 2 (custom)
2019-09-12 10:31:53,445 [pool-82-thread-1] INFO  segmented.SegmentedRaftLogWorker (SegmentedRaftLogWorker.java:<init>(172)) - new 2568e786-00ee-48a3-80d4-4df304b22b3f-SegmentedRaftLogWorker:Storage Directory /workdir/hadoop-ozone/integration-test/target/test-dir/MiniOzoneClusterImpl-8f4fcaf0-4acb-4edc-87bf-94a207340594/datanode-5/data/ratis/24140724-0b65-4708-85e5-64e66ec06c34 for RaftStorage:Storage Directory /workdir/hadoop-ozone/integration-test/target/test-dir/MiniOzoneClusterImpl-8f4fcaf0-4acb-4edc-87bf-94a207340594/datanode-5/data/ratis/24140724-0b65-4708-85e5-64e66ec06c34
2019-09-12 10:31:53,445 [pool-82-thread-1] INFO  server.RaftServerConfigKeys (ConfUtils.java:logGet(43)) - raft.server.log.queue.byte-limit = 2147483647 (custom)
2019-09-12 10:31:53,445 [pool-82-thread-1] INFO  server.RaftServerConfigKeys (ConfUtils.java:logGet(43)) - raft.server.log.queue.element-limit = 1024 (custom)
2019-09-12 10:31:53,445 [pool-82-thread-1] INFO  server.RaftServerConfigKeys (ConfUtils.java:logGet(43)) - raft.server.log.segment.size.max = 1048576 (custom)
2019-09-12 10:31:53,445 [pool-82-thread-1] INFO  server.RaftServerConfigKeys (ConfUtils.java:logGet(43)) - raft.server.log.preallocated.size = 16384 (custom)
2019-09-12 10:31:53,445 [pool-82-thread-1] INFO  server.RaftServerConfigKeys (ConfUtils.java:logGet(43)) - raft.server.log.write.buffer.size = 33554432 (custom)
2019-09-12 10:31:53,446 [pool-82-thread-1] INFO  server.RaftServerConfigKeys (ConfUtils.java:logGet(43)) - raft.server.log.force.sync.num = 128 (default)
2019-09-12 10:31:53,446 [pool-82-thread-1] INFO  server.RaftServerConfigKeys (ConfUtils.java:logGet(43)) - raft.server.log.statemachine.data.sync = true (default)
2019-09-12 10:31:53,446 [pool-82-thread-1] INFO  server.RaftServerConfigKeys (ConfUtils.java:logGet(43)) - raft.server.log.statemachine.data.sync.timeout = 10s (default)
2019-09-12 10:31:53,446 [pool-82-thread-1] INFO  server.RaftServerConfigKeys (ConfUtils.java:logGet(43)) - raft.server.log.statemachine.data.sync.timeout.retry = -1 (default)
2019-09-12 10:31:53,446 [pool-82-thread-1] INFO  server.RaftServerConfigKeys (ConfUtils.java:logGet(43)) - raft.server.log.statemachine.data.caching.enabled = true (custom)
2019-09-12 10:31:53,446 [pool-82-thread-1] INFO  segmented.SegmentedRaftLogWorker (SegmentedRaftLogWorker.java:lambda$new$0(132)) - 2568e786-00ee-48a3-80d4-4df304b22b3f-SegmentedRaftLogWorker:Storage Directory /workdir/hadoop-ozone/integration-test/target/test-dir/MiniOzoneClusterImpl-8f4fcaf0-4acb-4edc-87bf-94a207340594/datanode-5/data/ratis/24140724-0b65-4708-85e5-64e66ec06c34: flushIndex: setUnconditionally 0 -> -1
2019-09-12 10:31:53,447 [pool-82-thread-1] INFO  server.RaftServerConfigKeys (ConfUtils.java:logGet(43)) - raft.server.snapshot.auto.trigger.enabled = true (custom)
2019-09-12 10:31:53,447 [pool-82-thread-1] INFO  server.RaftServerConfigKeys (ConfUtils.java:logGet(43)) - raft.server.snapshot.auto.trigger.threshold = 10000 (custom)
2019-09-12 10:31:53,447 [pool-82-thread-1] INFO  server.RaftServerConfigKeys (ConfUtils.java:logGet(43)) - raft.server.retrycache.expirytime = 600000ms (custom)
2019-09-12 10:31:53,447 [pool-82-thread-1] INFO  impl.RaftServerImpl (RaftServerImpl.java:start(180)) - 2568e786-00ee-48a3-80d4-4df304b22b3f: start group-64E66EC06C34
2019-09-12 10:31:53,447 [pool-82-thread-1] INFO  impl.RaftServerImpl (RaftServerImpl.java:setRole(171)) - 2568e786-00ee-48a3-80d4-4df304b22b3f:group-64E66EC06C34 changes role from null to FOLLOWER at term 0 for startAsFollower
2019-09-12 10:31:53,447 [pool-82-thread-1] INFO  impl.RoleInfo (RoleInfo.java:updateAndGet(143)) - 2568e786-00ee-48a3-80d4-4df304b22b3f: start FollowerState
2019-09-12 10:31:53,448 [pool-82-thread-1] INFO  util.JmxRegister (JmxRegister.java:tryRegister(44)) - Successfully registered JMX Bean with object name Ratis:service=RaftServer,group=group-64E66EC06C34,id=2568e786-00ee-48a3-80d4-4df304b22b3f
2019-09-12 10:31:53,453 [RatisPipelineUtilsThread] INFO  pipeline.PipelineStateManager (PipelineStateManager.java:addPipeline(56)) - Created pipeline Pipeline[ Id: 24140724-0b65-4708-85e5-64e66ec06c34, Nodes: 2568e786-00ee-48a3-80d4-4df304b22b3f{ip: 192.168.157.195, host: pr-hdds-1569-xtfnx-3545843844, networkLocation: /default-rack, certSerialId: null}, Type:RATIS, Factor:ONE, State:OPEN]
2019-09-12 10:31:53,455 [RatisPipelineUtilsThread] ERROR pipeline.PipelinePlacementPolicy (PipelinePlacementPolicy.java:meetCriteria(91)) - Pipeline Placement: Doesn't meet the criteria to be viable node. Heaviness: 6
2019-09-12 10:31:53,455 [RatisPipelineUtilsThread] ERROR pipeline.PipelinePlacementPolicy (PipelinePlacementPolicy.java:meetCriteria(91)) - Pipeline Placement: Doesn't meet the criteria to be viable node. Heaviness: 6
2019-09-12 10:31:53,455 [RatisPipelineUtilsThread] ERROR pipeline.PipelinePlacementPolicy (PipelinePlacementPolicy.java:meetCriteria(91)) - Pipeline Placement: Doesn't meet the criteria to be viable node. Heaviness: 6
2019-09-12 10:31:53,455 [RatisPipelineUtilsThread] ERROR pipeline.PipelinePlacementPolicy (PipelinePlacementPolicy.java:meetCriteria(91)) - Pipeline Placement: Doesn't meet the criteria to be viable node. Heaviness: 6
2019-09-12 10:31:53,465 [grpc-default-executor-1] INFO  impl.RaftServerProxy (RaftServerProxy.java:addNew(89)) - 4c5e9952-d719-43f6-835b-97e6d68a1720: addNew group-16E7198FEC93:[4c5e9952-d719-43f6-835b-97e6d68a1720:192.168.157.195:46197] returns group-16E7198FEC93:java.util.concurrent.CompletableFuture@410ec4d[Not completed]
2019-09-12 10:31:53,466 [pool-71-thread-1] INFO  impl.RaftServerImpl (RaftServerImpl.java:<init>(93)) - 4c5e9952-d719-43f6-835b-97e6d68a1720: new RaftServerImpl for group-16E7198FEC93:[4c5e9952-d719-43f6-835b-97e6d68a1720:192.168.157.195:46197] with ContainerStateMachine:uninitialized
2019-09-12 10:31:53,467 [pool-71-thread-1] INFO  server.RaftServerConfigKeys (ConfUtils.java:logGet(43)) - raft.server.rpc.timeout.min = 5s (custom)
2019-09-12 10:31:53,467 [pool-71-thread-1] INFO  server.RaftServerConfigKeys (ConfUtils.java:logGet(43)) - raft.server.rpc.timeout.max = 5200ms (custom)
2019-09-12 10:31:53,467 [pool-71-thread-1] INFO  server.RaftServerConfigKeys (ConfUtils.java:logGet(43)) - raft.server.rpcslowness.timeout = 120s (custom)
2019-09-12 10:31:53,467 [pool-71-thread-1] INFO  server.RaftServerConfigKeys (ConfUtils.java:logGet(43)) - raft.server.sleep.deviation.threshold = 300 (default)
2019-09-12 10:31:53,467 [pool-71-thread-1] INFO  server.RaftServerConfigKeys (ConfUtils.java:logGet(43)) - raft.server.log.appender.install.snapshot.enabled = false (custom)
2019-09-12 10:31:53,467 [pool-71-thread-1] INFO  impl.RaftServerImpl (ServerState.java:<init>(105)) - 4c5e9952-d719-43f6-835b-97e6d68a1720:group-16E7198FEC93 ConfigurationManager, init=-1: [4c5e9952-d719-43f6-835b-97e6d68a1720:192.168.157.195:46197], old=null, confs=<EMPTY_MAP>
2019-09-12 10:31:53,467 [pool-71-thread-1] INFO  server.RaftServerConfigKeys (ConfUtils.java:logGet(43)) - raft.server.storage.dir = [/workdir/hadoop-ozone/integration-test/target/test-dir/MiniOzoneClusterImpl-8f4fcaf0-4acb-4edc-87bf-94a207340594/datanode-4/data/ratis] (custom)
2019-09-12 10:31:53,468 [pool-71-thread-1] INFO  storage.RaftStorageDirectory (RaftStorageDirectory.java:analyzeStorage(246)) - The storage directory /workdir/hadoop-ozone/integration-test/target/test-dir/MiniOzoneClusterImpl-8f4fcaf0-4acb-4edc-87bf-94a207340594/datanode-4/data/ratis/12a0c451-ba16-4a9e-9c5c-16e7198fec93 does not exist. Creating ...
2019-09-12 10:31:53,480 [pool-71-thread-1] INFO  storage.RaftStorageDirectory (RaftStorageDirectory.java:tryLock(328)) - Lock on /workdir/hadoop-ozone/integration-test/target/test-dir/MiniOzoneClusterImpl-8f4fcaf0-4acb-4edc-87bf-94a207340594/datanode-4/data/ratis/12a0c451-ba16-4a9e-9c5c-16e7198fec93/in_use.lock acquired by nodename 30709@pr-hdds-1569-xtfnx-3545843844
2019-09-12 10:31:53,501 [pool-71-thread-1] INFO  storage.RaftStorage (RaftStorage.java:format(72)) - Storage directory /workdir/hadoop-ozone/integration-test/target/test-dir/MiniOzoneClusterImpl-8f4fcaf0-4acb-4edc-87bf-94a207340594/datanode-4/data/ratis/12a0c451-ba16-4a9e-9c5c-16e7198fec93 has been successfully formatted.
2019-09-12 10:31:53,501 [pool-71-thread-1] INFO  ratis.ContainerStateMachine (ContainerStateMachine.java:loadSnapshot(226)) - group-16E7198FEC93: The snapshot info is null. Setting the last applied indexto:(t:0, i:~)
2019-09-12 10:31:53,501 [pool-71-thread-1] INFO  server.RaftServerConfigKeys (ConfUtils.java:logGet(43)) - raft.server.leader.election.timeout = 120s (custom)
2019-09-12 10:31:53,501 [pool-71-thread-1] INFO  server.RaftServerConfigKeys (ConfUtils.java:logGet(43)) - raft.server.log.use.memory = false (default)
2019-09-12 10:31:53,502 [pool-71-thread-1] INFO  server.RaftServerConfigKeys (ConfUtils.java:logGet(43)) - raft.server.log.purge.gap = 1000000 (custom)
2019-09-12 10:31:53,502 [pool-71-thread-1] INFO  server.RaftServerConfigKeys (ConfUtils.java:logGet(43)) - raft.server.log.appender.buffer.byte-limit = 33554432 (custom)
2019-09-12 10:31:53,502 [pool-71-thread-1] INFO  server.RaftServerConfigKeys (ConfUtils.java:logGet(43)) - raft.server.log.segment.size.max = 1048576 (custom)
2019-09-12 10:31:53,502 [pool-71-thread-1] INFO  server.RaftServerConfigKeys (ConfUtils.java:logGet(43)) - raft.server.log.segment.cache.num.max = 2 (custom)
2019-09-12 10:31:53,502 [pool-71-thread-1] INFO  segmented.SegmentedRaftLogWorker (SegmentedRaftLogWorker.java:<init>(172)) - new 4c5e9952-d719-43f6-835b-97e6d68a1720-SegmentedRaftLogWorker:Storage Directory /workdir/hadoop-ozone/integration-test/target/test-dir/MiniOzoneClusterImpl-8f4fcaf0-4acb-4edc-87bf-94a207340594/datanode-4/data/ratis/12a0c451-ba16-4a9e-9c5c-16e7198fec93 for RaftStorage:Storage Directory /workdir/hadoop-ozone/integration-test/target/test-dir/MiniOzoneClusterImpl-8f4fcaf0-4acb-4edc-87bf-94a207340594/datanode-4/data/ratis/12a0c451-ba16-4a9e-9c5c-16e7198fec93
2019-09-12 10:31:53,502 [pool-71-thread-1] INFO  server.RaftServerConfigKeys (ConfUtils.java:logGet(43)) - raft.server.log.queue.byte-limit = 2147483647 (custom)
2019-09-12 10:31:53,502 [pool-71-thread-1] INFO  server.RaftServerConfigKeys (ConfUtils.java:logGet(43)) - raft.server.log.queue.element-limit = 1024 (custom)
2019-09-12 10:31:53,502 [pool-71-thread-1] INFO  server.RaftServerConfigKeys (ConfUtils.java:logGet(43)) - raft.server.log.segment.size.max = 1048576 (custom)
2019-09-12 10:31:53,503 [pool-71-thread-1] INFO  server.RaftServerConfigKeys (ConfUtils.java:logGet(43)) - raft.server.log.preallocated.size = 16384 (custom)
2019-09-12 10:31:53,503 [pool-71-thread-1] INFO  server.RaftServerConfigKeys (ConfUtils.java:logGet(43)) - raft.server.log.write.buffer.size = 33554432 (custom)
2019-09-12 10:31:53,503 [pool-71-thread-1] INFO  server.RaftServerConfigKeys (ConfUtils.java:logGet(43)) - raft.server.log.force.sync.num = 128 (default)
2019-09-12 10:31:53,503 [pool-71-thread-1] INFO  server.RaftServerConfigKeys (ConfUtils.java:logGet(43)) - raft.server.log.statemachine.data.sync = true (default)
2019-09-12 10:31:53,503 [pool-71-thread-1] INFO  server.RaftServerConfigKeys (ConfUtils.java:logGet(43)) - raft.server.log.statemachine.data.sync.timeout = 10s (default)
2019-09-12 10:31:53,503 [pool-71-thread-1] INFO  server.RaftServerConfigKeys (ConfUtils.java:logGet(43)) - raft.server.log.statemachine.data.sync.timeout.retry = -1 (default)
2019-09-12 10:31:53,503 [pool-71-thread-1] INFO  server.RaftServerConfigKeys (ConfUtils.java:logGet(43)) - raft.server.log.statemachine.data.caching.enabled = true (custom)
2019-09-12 10:31:53,503 [pool-71-thread-1] INFO  segmented.SegmentedRaftLogWorker (SegmentedRaftLogWorker.java:lambda$new$0(132)) - 4c5e9952-d719-43f6-835b-97e6d68a1720-SegmentedRaftLogWorker:Storage Directory /workdir/hadoop-ozone/integration-test/target/test-dir/MiniOzoneClusterImpl-8f4fcaf0-4acb-4edc-87bf-94a207340594/datanode-4/data/ratis/12a0c451-ba16-4a9e-9c5c-16e7198fec93: flushIndex: setUnconditionally 0 -> -1
2019-09-12 10:31:53,504 [pool-71-thread-1] INFO  server.RaftServerConfigKeys (ConfUtils.java:logGet(43)) - raft.server.snapshot.auto.trigger.enabled = true (custom)
2019-09-12 10:31:53,504 [pool-71-thread-1] INFO  server.RaftServerConfigKeys (ConfUtils.java:logGet(43)) - raft.server.snapshot.auto.trigger.threshold = 10000 (custom)
2019-09-12 10:31:53,504 [pool-71-thread-1] INFO  server.RaftServerConfigKeys (ConfUtils.java:logGet(43)) - raft.server.retrycache.expirytime = 600000ms (custom)
2019-09-12 10:31:53,504 [pool-71-thread-1] INFO  impl.RaftServerImpl (RaftServerImpl.java:start(180)) - 4c5e9952-d719-43f6-835b-97e6d68a1720: start group-16E7198FEC93
2019-09-12 10:31:53,504 [pool-71-thread-1] INFO  impl.RaftServerImpl (RaftServerImpl.java:setRole(171)) - 4c5e9952-d719-43f6-835b-97e6d68a1720:group-16E7198FEC93 changes role from null to FOLLOWER at term 0 for startAsFollower
2019-09-12 10:31:53,504 [pool-71-thread-1] INFO  impl.RoleInfo (RoleInfo.java:updateAndGet(143)) - 4c5e9952-d719-43f6-835b-97e6d68a1720: start FollowerState
2019-09-12 10:31:53,505 [pool-71-thread-1] INFO  util.JmxRegister (JmxRegister.java:tryRegister(44)) - Successfully registered JMX Bean with object name Ratis:service=RaftServer,group=group-16E7198FEC93,id=4c5e9952-d719-43f6-835b-97e6d68a1720
2019-09-12 10:31:53,514 | INFO  | SCMAudit | user=jenkins1000 | ip=192.168.157.195 | op=SEND_HEARTBEAT {datanodeUUID=987bcea4-2fc9-416e-8dfa-fe4cc4293164, command=[]} | ret=SUCCESS |  
2019-09-12 10:31:53,514 [RatisPipelineUtilsThread] INFO  pipeline.PipelineStateManager (PipelineStateManager.java:addPipeline(56)) - Created pipeline Pipeline[ Id: 12a0c451-ba16-4a9e-9c5c-16e7198fec93, Nodes: 4c5e9952-d719-43f6-835b-97e6d68a1720{ip: 192.168.157.195, host: pr-hdds-1569-xtfnx-3545843844, networkLocation: /default-rack, certSerialId: null}, Type:RATIS, Factor:ONE, State:OPEN]
2019-09-12 10:31:53,517 [RatisPipelineUtilsThread] ERROR pipeline.PipelinePlacementPolicy (PipelinePlacementPolicy.java:meetCriteria(91)) - Pipeline Placement: Doesn't meet the criteria to be viable node. Heaviness: 6
2019-09-12 10:31:53,517 [RatisPipelineUtilsThread] ERROR pipeline.PipelinePlacementPolicy (PipelinePlacementPolicy.java:meetCriteria(91)) - Pipeline Placement: Doesn't meet the criteria to be viable node. Heaviness: 6
2019-09-12 10:31:53,517 [RatisPipelineUtilsThread] ERROR pipeline.PipelinePlacementPolicy (PipelinePlacementPolicy.java:meetCriteria(91)) - Pipeline Placement: Doesn't meet the criteria to be viable node. Heaviness: 6
2019-09-12 10:31:53,517 [RatisPipelineUtilsThread] ERROR pipeline.PipelinePlacementPolicy (PipelinePlacementPolicy.java:meetCriteria(91)) - Pipeline Placement: Doesn't meet the criteria to be viable node. Heaviness: 6
2019-09-12 10:31:53,532 [grpc-default-executor-1] INFO  impl.RaftServerProxy (RaftServerProxy.java:addNew(89)) - 4c5e9952-d719-43f6-835b-97e6d68a1720: addNew group-3E0E8CAB575B:[4c5e9952-d719-43f6-835b-97e6d68a1720:192.168.157.195:46197] returns group-3E0E8CAB575B:java.util.concurrent.CompletableFuture@ee8873d[Not completed]
2019-09-12 10:31:53,533 [pool-71-thread-1] INFO  impl.RaftServerImpl (RaftServerImpl.java:<init>(93)) - 4c5e9952-d719-43f6-835b-97e6d68a1720: new RaftServerImpl for group-3E0E8CAB575B:[4c5e9952-d719-43f6-835b-97e6d68a1720:192.168.157.195:46197] with ContainerStateMachine:uninitialized
2019-09-12 10:31:53,534 [pool-71-thread-1] INFO  server.RaftServerConfigKeys (ConfUtils.java:logGet(43)) - raft.server.rpc.timeout.min = 5s (custom)
2019-09-12 10:31:53,534 [pool-71-thread-1] INFO  server.RaftServerConfigKeys (ConfUtils.java:logGet(43)) - raft.server.rpc.timeout.max = 5200ms (custom)
2019-09-12 10:31:53,534 [pool-71-thread-1] INFO  server.RaftServerConfigKeys (ConfUtils.java:logGet(43)) - raft.server.rpcslowness.timeout = 120s (custom)
2019-09-12 10:31:53,534 [pool-71-thread-1] INFO  server.RaftServerConfigKeys (ConfUtils.java:logGet(43)) - raft.server.sleep.deviation.threshold = 300 (default)
2019-09-12 10:31:53,534 [pool-71-thread-1] INFO  server.RaftServerConfigKeys (ConfUtils.java:logGet(43)) - raft.server.log.appender.install.snapshot.enabled = false (custom)
2019-09-12 10:31:53,534 [pool-71-thread-1] INFO  impl.RaftServerImpl (ServerState.java:<init>(105)) - 4c5e9952-d719-43f6-835b-97e6d68a1720:group-3E0E8CAB575B ConfigurationManager, init=-1: [4c5e9952-d719-43f6-835b-97e6d68a1720:192.168.157.195:46197], old=null, confs=<EMPTY_MAP>
2019-09-12 10:31:53,535 [pool-71-thread-1] INFO  server.RaftServerConfigKeys (ConfUtils.java:logGet(43)) - raft.server.storage.dir = [/workdir/hadoop-ozone/integration-test/target/test-dir/MiniOzoneClusterImpl-8f4fcaf0-4acb-4edc-87bf-94a207340594/datanode-4/data/ratis] (custom)
2019-09-12 10:31:53,535 [pool-71-thread-1] INFO  storage.RaftStorageDirectory (RaftStorageDirectory.java:analyzeStorage(246)) - The storage directory /workdir/hadoop-ozone/integration-test/target/test-dir/MiniOzoneClusterImpl-8f4fcaf0-4acb-4edc-87bf-94a207340594/datanode-4/data/ratis/18de750e-d8df-400d-a1c8-3e0e8cab575b does not exist. Creating ...
2019-09-12 10:31:53,548 [pool-71-thread-1] INFO  storage.RaftStorageDirectory (RaftStorageDirectory.java:tryLock(328)) - Lock on /workdir/hadoop-ozone/integration-test/target/test-dir/MiniOzoneClusterImpl-8f4fcaf0-4acb-4edc-87bf-94a207340594/datanode-4/data/ratis/18de750e-d8df-400d-a1c8-3e0e8cab575b/in_use.lock acquired by nodename 30709@pr-hdds-1569-xtfnx-3545843844
2019-09-12 10:31:53,561 [pool-71-thread-1] INFO  storage.RaftStorage (RaftStorage.java:format(72)) - Storage directory /workdir/hadoop-ozone/integration-test/target/test-dir/MiniOzoneClusterImpl-8f4fcaf0-4acb-4edc-87bf-94a207340594/datanode-4/data/ratis/18de750e-d8df-400d-a1c8-3e0e8cab575b has been successfully formatted.
2019-09-12 10:31:53,562 [pool-71-thread-1] INFO  ratis.ContainerStateMachine (ContainerStateMachine.java:loadSnapshot(226)) - group-3E0E8CAB575B: The snapshot info is null. Setting the last applied indexto:(t:0, i:~)
2019-09-12 10:31:53,562 [pool-71-thread-1] INFO  server.RaftServerConfigKeys (ConfUtils.java:logGet(43)) - raft.server.leader.election.timeout = 120s (custom)
2019-09-12 10:31:53,562 [pool-71-thread-1] INFO  server.RaftServerConfigKeys (ConfUtils.java:logGet(43)) - raft.server.log.use.memory = false (default)
2019-09-12 10:31:53,562 [pool-71-thread-1] INFO  server.RaftServerConfigKeys (ConfUtils.java:logGet(43)) - raft.server.log.purge.gap = 1000000 (custom)
2019-09-12 10:31:53,562 [pool-71-thread-1] INFO  server.RaftServerConfigKeys (ConfUtils.java:logGet(43)) - raft.server.log.appender.buffer.byte-limit = 33554432 (custom)
2019-09-12 10:31:53,563 [pool-71-thread-1] INFO  server.RaftServerConfigKeys (ConfUtils.java:logGet(43)) - raft.server.log.segment.size.max = 1048576 (custom)
2019-09-12 10:31:53,563 [pool-71-thread-1] INFO  server.RaftServerConfigKeys (ConfUtils.java:logGet(43)) - raft.server.log.segment.cache.num.max = 2 (custom)
2019-09-12 10:31:53,563 [pool-71-thread-1] INFO  segmented.SegmentedRaftLogWorker (SegmentedRaftLogWorker.java:<init>(172)) - new 4c5e9952-d719-43f6-835b-97e6d68a1720-SegmentedRaftLogWorker:Storage Directory /workdir/hadoop-ozone/integration-test/target/test-dir/MiniOzoneClusterImpl-8f4fcaf0-4acb-4edc-87bf-94a207340594/datanode-4/data/ratis/18de750e-d8df-400d-a1c8-3e0e8cab575b for RaftStorage:Storage Directory /workdir/hadoop-ozone/integration-test/target/test-dir/MiniOzoneClusterImpl-8f4fcaf0-4acb-4edc-87bf-94a207340594/datanode-4/data/ratis/18de750e-d8df-400d-a1c8-3e0e8cab575b
2019-09-12 10:31:53,563 [pool-71-thread-1] INFO  server.RaftServerConfigKeys (ConfUtils.java:logGet(43)) - raft.server.log.queue.byte-limit = 2147483647 (custom)
2019-09-12 10:31:53,563 [pool-71-thread-1] INFO  server.RaftServerConfigKeys (ConfUtils.java:logGet(43)) - raft.server.log.queue.element-limit = 1024 (custom)
2019-09-12 10:31:53,563 [pool-71-thread-1] INFO  server.RaftServerConfigKeys (ConfUtils.java:logGet(43)) - raft.server.log.segment.size.max = 1048576 (custom)
2019-09-12 10:31:53,563 [pool-71-thread-1] INFO  server.RaftServerConfigKeys (ConfUtils.java:logGet(43)) - raft.server.log.preallocated.size = 16384 (custom)
2019-09-12 10:31:53,564 [pool-71-thread-1] INFO  server.RaftServerConfigKeys (ConfUtils.java:logGet(43)) - raft.server.log.write.buffer.size = 33554432 (custom)
2019-09-12 10:31:53,564 [pool-71-thread-1] INFO  server.RaftServerConfigKeys (ConfUtils.java:logGet(43)) - raft.server.log.force.sync.num = 128 (default)
2019-09-12 10:31:53,564 [pool-71-thread-1] INFO  server.RaftServerConfigKeys (ConfUtils.java:logGet(43)) - raft.server.log.statemachine.data.sync = true (default)
2019-09-12 10:31:53,564 [pool-71-thread-1] INFO  server.RaftServerConfigKeys (ConfUtils.java:logGet(43)) - raft.server.log.statemachine.data.sync.timeout = 10s (default)
2019-09-12 10:31:53,564 [pool-71-thread-1] INFO  server.RaftServerConfigKeys (ConfUtils.java:logGet(43)) - raft.server.log.statemachine.data.sync.timeout.retry = -1 (default)
2019-09-12 10:31:53,564 [pool-71-thread-1] INFO  server.RaftServerConfigKeys (ConfUtils.java:logGet(43)) - raft.server.log.statemachine.data.caching.enabled = true (custom)
2019-09-12 10:31:53,565 [pool-71-thread-1] INFO  segmented.SegmentedRaftLogWorker (SegmentedRaftLogWorker.java:lambda$new$0(132)) - 4c5e9952-d719-43f6-835b-97e6d68a1720-SegmentedRaftLogWorker:Storage Directory /workdir/hadoop-ozone/integration-test/target/test-dir/MiniOzoneClusterImpl-8f4fcaf0-4acb-4edc-87bf-94a207340594/datanode-4/data/ratis/18de750e-d8df-400d-a1c8-3e0e8cab575b: flushIndex: setUnconditionally 0 -> -1
2019-09-12 10:31:53,565 [pool-71-thread-1] INFO  server.RaftServerConfigKeys (ConfUtils.java:logGet(43)) - raft.server.snapshot.auto.trigger.enabled = true (custom)
2019-09-12 10:31:53,565 [pool-71-thread-1] INFO  server.RaftServerConfigKeys (ConfUtils.java:logGet(43)) - raft.server.snapshot.auto.trigger.threshold = 10000 (custom)
2019-09-12 10:31:53,566 [pool-71-thread-1] INFO  server.RaftServerConfigKeys (ConfUtils.java:logGet(43)) - raft.server.retrycache.expirytime = 600000ms (custom)
2019-09-12 10:31:53,566 [pool-71-thread-1] INFO  impl.RaftServerImpl (RaftServerImpl.java:start(180)) - 4c5e9952-d719-43f6-835b-97e6d68a1720: start group-3E0E8CAB575B
2019-09-12 10:31:53,566 [pool-71-thread-1] INFO  impl.RaftServerImpl (RaftServerImpl.java:setRole(171)) - 4c5e9952-d719-43f6-835b-97e6d68a1720:group-3E0E8CAB575B changes role from null to FOLLOWER at term 0 for startAsFollower
2019-09-12 10:31:53,566 [pool-71-thread-1] INFO  impl.RoleInfo (RoleInfo.java:updateAndGet(143)) - 4c5e9952-d719-43f6-835b-97e6d68a1720: start FollowerState
2019-09-12 10:31:53,567 [pool-71-thread-1] INFO  util.JmxRegister (JmxRegister.java:tryRegister(44)) - Successfully registered JMX Bean with object name Ratis:service=RaftServer,group=group-3E0E8CAB575B,id=4c5e9952-d719-43f6-835b-97e6d68a1720
2019-09-12 10:31:53,573 [RatisPipelineUtilsThread] INFO  pipeline.PipelineStateManager (PipelineStateManager.java:addPipeline(56)) - Created pipeline Pipeline[ Id: 18de750e-d8df-400d-a1c8-3e0e8cab575b, Nodes: 4c5e9952-d719-43f6-835b-97e6d68a1720{ip: 192.168.157.195, host: pr-hdds-1569-xtfnx-3545843844, networkLocation: /default-rack, certSerialId: null}, Type:RATIS, Factor:ONE, State:OPEN]
2019-09-12 10:31:53,574 [RatisPipelineUtilsThread] ERROR pipeline.PipelinePlacementPolicy (PipelinePlacementPolicy.java:meetCriteria(91)) - Pipeline Placement: Doesn't meet the criteria to be viable node. Heaviness: 6
2019-09-12 10:31:53,574 [RatisPipelineUtilsThread] ERROR pipeline.PipelinePlacementPolicy (PipelinePlacementPolicy.java:meetCriteria(91)) - Pipeline Placement: Doesn't meet the criteria to be viable node. Heaviness: 6
2019-09-12 10:31:53,574 [RatisPipelineUtilsThread] ERROR pipeline.PipelinePlacementPolicy (PipelinePlacementPolicy.java:meetCriteria(91)) - Pipeline Placement: Doesn't meet the criteria to be viable node. Heaviness: 6
2019-09-12 10:31:53,574 [RatisPipelineUtilsThread] ERROR pipeline.PipelinePlacementPolicy (PipelinePlacementPolicy.java:meetCriteria(91)) - Pipeline Placement: Doesn't meet the criteria to be viable node. Heaviness: 6
2019-09-12 10:31:53,584 [grpc-default-executor-1] INFO  impl.RaftServerProxy (RaftServerProxy.java:addNew(89)) - 2568e786-00ee-48a3-80d4-4df304b22b3f: addNew group-A6F8E608F110:[2568e786-00ee-48a3-80d4-4df304b22b3f:192.168.157.195:36219] returns group-A6F8E608F110:java.util.concurrent.CompletableFuture@481bf730[Not completed]
2019-09-12 10:31:53,586 [pool-82-thread-1] INFO  impl.RaftServerImpl (RaftServerImpl.java:<init>(93)) - 2568e786-00ee-48a3-80d4-4df304b22b3f: new RaftServerImpl for group-A6F8E608F110:[2568e786-00ee-48a3-80d4-4df304b22b3f:192.168.157.195:36219] with ContainerStateMachine:uninitialized
2019-09-12 10:31:53,586 [pool-82-thread-1] INFO  server.RaftServerConfigKeys (ConfUtils.java:logGet(43)) - raft.server.rpc.timeout.min = 5s (custom)
2019-09-12 10:31:53,586 [pool-82-thread-1] INFO  server.RaftServerConfigKeys (ConfUtils.java:logGet(43)) - raft.server.rpc.timeout.max = 5200ms (custom)
2019-09-12 10:31:53,586 [pool-82-thread-1] INFO  server.RaftServerConfigKeys (ConfUtils.java:logGet(43)) - raft.server.rpcslowness.timeout = 120s (custom)
2019-09-12 10:31:53,587 [pool-82-thread-1] INFO  server.RaftServerConfigKeys (ConfUtils.java:logGet(43)) - raft.server.sleep.deviation.threshold = 300 (default)
2019-09-12 10:31:53,587 [pool-82-thread-1] INFO  server.RaftServerConfigKeys (ConfUtils.java:logGet(43)) - raft.server.log.appender.install.snapshot.enabled = false (custom)
2019-09-12 10:31:53,587 [pool-82-thread-1] INFO  impl.RaftServerImpl (ServerState.java:<init>(105)) - 2568e786-00ee-48a3-80d4-4df304b22b3f:group-A6F8E608F110 ConfigurationManager, init=-1: [2568e786-00ee-48a3-80d4-4df304b22b3f:192.168.157.195:36219], old=null, confs=<EMPTY_MAP>
2019-09-12 10:31:53,587 [pool-82-thread-1] INFO  server.RaftServerConfigKeys (ConfUtils.java:logGet(43)) - raft.server.storage.dir = [/workdir/hadoop-ozone/integration-test/target/test-dir/MiniOzoneClusterImpl-8f4fcaf0-4acb-4edc-87bf-94a207340594/datanode-5/data/ratis] (custom)
2019-09-12 10:31:53,588 [pool-82-thread-1] INFO  storage.RaftStorageDirectory (RaftStorageDirectory.java:analyzeStorage(246)) - The storage directory /workdir/hadoop-ozone/integration-test/target/test-dir/MiniOzoneClusterImpl-8f4fcaf0-4acb-4edc-87bf-94a207340594/datanode-5/data/ratis/78990a85-d764-4978-8df9-a6f8e608f110 does not exist. Creating ...
2019-09-12 10:31:53,602 [pool-82-thread-1] INFO  storage.RaftStorageDirectory (RaftStorageDirectory.java:tryLock(328)) - Lock on /workdir/hadoop-ozone/integration-test/target/test-dir/MiniOzoneClusterImpl-8f4fcaf0-4acb-4edc-87bf-94a207340594/datanode-5/data/ratis/78990a85-d764-4978-8df9-a6f8e608f110/in_use.lock acquired by nodename 30709@pr-hdds-1569-xtfnx-3545843844
2019-09-12 10:31:53,615 [pool-82-thread-1] INFO  storage.RaftStorage (RaftStorage.java:format(72)) - Storage directory /workdir/hadoop-ozone/integration-test/target/test-dir/MiniOzoneClusterImpl-8f4fcaf0-4acb-4edc-87bf-94a207340594/datanode-5/data/ratis/78990a85-d764-4978-8df9-a6f8e608f110 has been successfully formatted.
2019-09-12 10:31:53,616 [pool-82-thread-1] INFO  ratis.ContainerStateMachine (ContainerStateMachine.java:loadSnapshot(226)) - group-A6F8E608F110: The snapshot info is null. Setting the last applied indexto:(t:0, i:~)
2019-09-12 10:31:53,616 [pool-82-thread-1] INFO  server.RaftServerConfigKeys (ConfUtils.java:logGet(43)) - raft.server.leader.election.timeout = 120s (custom)
2019-09-12 10:31:53,616 [pool-82-thread-1] INFO  server.RaftServerConfigKeys (ConfUtils.java:logGet(43)) - raft.server.log.use.memory = false (default)
2019-09-12 10:31:53,616 [pool-82-thread-1] INFO  server.RaftServerConfigKeys (ConfUtils.java:logGet(43)) - raft.server.log.purge.gap = 1000000 (custom)
2019-09-12 10:31:53,616 [pool-82-thread-1] INFO  server.RaftServerConfigKeys (ConfUtils.java:logGet(43)) - raft.server.log.appender.buffer.byte-limit = 33554432 (custom)
2019-09-12 10:31:53,616 [pool-82-thread-1] INFO  server.RaftServerConfigKeys (ConfUtils.java:logGet(43)) - raft.server.log.segment.size.max = 1048576 (custom)
2019-09-12 10:31:53,616 [pool-82-thread-1] INFO  server.RaftServerConfigKeys (ConfUtils.java:logGet(43)) - raft.server.log.segment.cache.num.max = 2 (custom)
2019-09-12 10:31:53,616 [pool-82-thread-1] INFO  segmented.SegmentedRaftLogWorker (SegmentedRaftLogWorker.java:<init>(172)) - new 2568e786-00ee-48a3-80d4-4df304b22b3f-SegmentedRaftLogWorker:Storage Directory /workdir/hadoop-ozone/integration-test/target/test-dir/MiniOzoneClusterImpl-8f4fcaf0-4acb-4edc-87bf-94a207340594/datanode-5/data/ratis/78990a85-d764-4978-8df9-a6f8e608f110 for RaftStorage:Storage Directory /workdir/hadoop-ozone/integration-test/target/test-dir/MiniOzoneClusterImpl-8f4fcaf0-4acb-4edc-87bf-94a207340594/datanode-5/data/ratis/78990a85-d764-4978-8df9-a6f8e608f110
2019-09-12 10:31:53,616 [pool-82-thread-1] INFO  server.RaftServerConfigKeys (ConfUtils.java:logGet(43)) - raft.server.log.queue.byte-limit = 2147483647 (custom)
2019-09-12 10:31:53,617 [pool-82-thread-1] INFO  server.RaftServerConfigKeys (ConfUtils.java:logGet(43)) - raft.server.log.queue.element-limit = 1024 (custom)
2019-09-12 10:31:53,617 [pool-82-thread-1] INFO  server.RaftServerConfigKeys (ConfUtils.java:logGet(43)) - raft.server.log.segment.size.max = 1048576 (custom)
2019-09-12 10:31:53,617 [pool-82-thread-1] INFO  server.RaftServerConfigKeys (ConfUtils.java:logGet(43)) - raft.server.log.preallocated.size = 16384 (custom)
2019-09-12 10:31:53,617 [pool-82-thread-1] INFO  server.RaftServerConfigKeys (ConfUtils.java:logGet(43)) - raft.server.log.write.buffer.size = 33554432 (custom)
2019-09-12 10:31:53,617 [pool-82-thread-1] INFO  server.RaftServerConfigKeys (ConfUtils.java:logGet(43)) - raft.server.log.force.sync.num = 128 (default)
2019-09-12 10:31:53,617 [pool-82-thread-1] INFO  server.RaftServerConfigKeys (ConfUtils.java:logGet(43)) - raft.server.log.statemachine.data.sync = true (default)
2019-09-12 10:31:53,617 [pool-82-thread-1] INFO  server.RaftServerConfigKeys (ConfUtils.java:logGet(43)) - raft.server.log.statemachine.data.sync.timeout = 10s (default)
2019-09-12 10:31:53,617 [pool-82-thread-1] INFO  server.RaftServerConfigKeys (ConfUtils.java:logGet(43)) - raft.server.log.statemachine.data.sync.timeout.retry = -1 (default)
2019-09-12 10:31:53,617 [pool-82-thread-1] INFO  server.RaftServerConfigKeys (ConfUtils.java:logGet(43)) - raft.server.log.statemachine.data.caching.enabled = true (custom)
2019-09-12 10:31:53,618 [pool-82-thread-1] INFO  segmented.SegmentedRaftLogWorker (SegmentedRaftLogWorker.java:lambda$new$0(132)) - 2568e786-00ee-48a3-80d4-4df304b22b3f-SegmentedRaftLogWorker:Storage Directory /workdir/hadoop-ozone/integration-test/target/test-dir/MiniOzoneClusterImpl-8f4fcaf0-4acb-4edc-87bf-94a207340594/datanode-5/data/ratis/78990a85-d764-4978-8df9-a6f8e608f110: flushIndex: setUnconditionally 0 -> -1
2019-09-12 10:31:53,618 [pool-82-thread-1] INFO  server.RaftServerConfigKeys (ConfUtils.java:logGet(43)) - raft.server.snapshot.auto.trigger.enabled = true (custom)
2019-09-12 10:31:53,618 [pool-82-thread-1] INFO  server.RaftServerConfigKeys (ConfUtils.java:logGet(43)) - raft.server.snapshot.auto.trigger.threshold = 10000 (custom)
2019-09-12 10:31:53,618 [pool-82-thread-1] INFO  server.RaftServerConfigKeys (ConfUtils.java:logGet(43)) - raft.server.retrycache.expirytime = 600000ms (custom)
2019-09-12 10:31:53,618 [pool-82-thread-1] INFO  impl.RaftServerImpl (RaftServerImpl.java:start(180)) - 2568e786-00ee-48a3-80d4-4df304b22b3f: start group-A6F8E608F110
2019-09-12 10:31:53,619 [pool-82-thread-1] INFO  impl.RaftServerImpl (RaftServerImpl.java:setRole(171)) - 2568e786-00ee-48a3-80d4-4df304b22b3f:group-A6F8E608F110 changes role from null to FOLLOWER at term 0 for startAsFollower
2019-09-12 10:31:53,619 [pool-82-thread-1] INFO  impl.RoleInfo (RoleInfo.java:updateAndGet(143)) - 2568e786-00ee-48a3-80d4-4df304b22b3f: start FollowerState
2019-09-12 10:31:53,619 [pool-82-thread-1] INFO  util.JmxRegister (JmxRegister.java:tryRegister(44)) - Successfully registered JMX Bean with object name Ratis:service=RaftServer,group=group-A6F8E608F110,id=2568e786-00ee-48a3-80d4-4df304b22b3f
2019-09-12 10:31:53,625 [RatisPipelineUtilsThread] INFO  pipeline.PipelineStateManager (PipelineStateManager.java:addPipeline(56)) - Created pipeline Pipeline[ Id: 78990a85-d764-4978-8df9-a6f8e608f110, Nodes: 2568e786-00ee-48a3-80d4-4df304b22b3f{ip: 192.168.157.195, host: pr-hdds-1569-xtfnx-3545843844, networkLocation: /default-rack, certSerialId: null}, Type:RATIS, Factor:ONE, State:OPEN]
2019-09-12 10:31:53,626 [RatisPipelineUtilsThread] ERROR pipeline.PipelinePlacementPolicy (PipelinePlacementPolicy.java:meetCriteria(91)) - Pipeline Placement: Doesn't meet the criteria to be viable node. Heaviness: 6
2019-09-12 10:31:53,627 [RatisPipelineUtilsThread] ERROR pipeline.PipelinePlacementPolicy (PipelinePlacementPolicy.java:meetCriteria(91)) - Pipeline Placement: Doesn't meet the criteria to be viable node. Heaviness: 6
2019-09-12 10:31:53,627 [RatisPipelineUtilsThread] ERROR pipeline.PipelinePlacementPolicy (PipelinePlacementPolicy.java:meetCriteria(91)) - Pipeline Placement: Doesn't meet the criteria to be viable node. Heaviness: 6
2019-09-12 10:31:53,627 [RatisPipelineUtilsThread] ERROR pipeline.PipelinePlacementPolicy (PipelinePlacementPolicy.java:meetCriteria(91)) - Pipeline Placement: Doesn't meet the criteria to be viable node. Heaviness: 6
2019-09-12 10:31:53,638 [grpc-default-executor-1] INFO  impl.RaftServerProxy (RaftServerProxy.java:addNew(89)) - 2568e786-00ee-48a3-80d4-4df304b22b3f: addNew group-BE27CE89FDA5:[2568e786-00ee-48a3-80d4-4df304b22b3f:192.168.157.195:36219] returns group-BE27CE89FDA5:java.util.concurrent.CompletableFuture@3070e779[Not completed]
2019-09-12 10:31:53,639 [pool-82-thread-1] INFO  impl.RaftServerImpl (RaftServerImpl.java:<init>(93)) - 2568e786-00ee-48a3-80d4-4df304b22b3f: new RaftServerImpl for group-BE27CE89FDA5:[2568e786-00ee-48a3-80d4-4df304b22b3f:192.168.157.195:36219] with ContainerStateMachine:uninitialized
2019-09-12 10:31:53,639 [pool-82-thread-1] INFO  server.RaftServerConfigKeys (ConfUtils.java:logGet(43)) - raft.server.rpc.timeout.min = 5s (custom)
2019-09-12 10:31:53,639 [pool-82-thread-1] INFO  server.RaftServerConfigKeys (ConfUtils.java:logGet(43)) - raft.server.rpc.timeout.max = 5200ms (custom)
2019-09-12 10:31:53,640 [pool-82-thread-1] INFO  server.RaftServerConfigKeys (ConfUtils.java:logGet(43)) - raft.server.rpcslowness.timeout = 120s (custom)
2019-09-12 10:31:53,640 [pool-82-thread-1] INFO  server.RaftServerConfigKeys (ConfUtils.java:logGet(43)) - raft.server.sleep.deviation.threshold = 300 (default)
2019-09-12 10:31:53,640 [pool-82-thread-1] INFO  server.RaftServerConfigKeys (ConfUtils.java:logGet(43)) - raft.server.log.appender.install.snapshot.enabled = false (custom)
2019-09-12 10:31:53,640 [pool-82-thread-1] INFO  impl.RaftServerImpl (ServerState.java:<init>(105)) - 2568e786-00ee-48a3-80d4-4df304b22b3f:group-BE27CE89FDA5 ConfigurationManager, init=-1: [2568e786-00ee-48a3-80d4-4df304b22b3f:192.168.157.195:36219], old=null, confs=<EMPTY_MAP>
2019-09-12 10:31:53,640 [pool-82-thread-1] INFO  server.RaftServerConfigKeys (ConfUtils.java:logGet(43)) - raft.server.storage.dir = [/workdir/hadoop-ozone/integration-test/target/test-dir/MiniOzoneClusterImpl-8f4fcaf0-4acb-4edc-87bf-94a207340594/datanode-5/data/ratis] (custom)
2019-09-12 10:31:53,640 [pool-82-thread-1] INFO  storage.RaftStorageDirectory (RaftStorageDirectory.java:analyzeStorage(246)) - The storage directory /workdir/hadoop-ozone/integration-test/target/test-dir/MiniOzoneClusterImpl-8f4fcaf0-4acb-4edc-87bf-94a207340594/datanode-5/data/ratis/f63c652a-f9c6-4844-8398-be27ce89fda5 does not exist. Creating ...
2019-09-12 10:31:53,653 [pool-82-thread-1] INFO  storage.RaftStorageDirectory (RaftStorageDirectory.java:tryLock(328)) - Lock on /workdir/hadoop-ozone/integration-test/target/test-dir/MiniOzoneClusterImpl-8f4fcaf0-4acb-4edc-87bf-94a207340594/datanode-5/data/ratis/f63c652a-f9c6-4844-8398-be27ce89fda5/in_use.lock acquired by nodename 30709@pr-hdds-1569-xtfnx-3545843844
2019-09-12 10:31:53,666 [pool-82-thread-1] INFO  storage.RaftStorage (RaftStorage.java:format(72)) - Storage directory /workdir/hadoop-ozone/integration-test/target/test-dir/MiniOzoneClusterImpl-8f4fcaf0-4acb-4edc-87bf-94a207340594/datanode-5/data/ratis/f63c652a-f9c6-4844-8398-be27ce89fda5 has been successfully formatted.
2019-09-12 10:31:53,666 [pool-82-thread-1] INFO  ratis.ContainerStateMachine (ContainerStateMachine.java:loadSnapshot(226)) - group-BE27CE89FDA5: The snapshot info is null. Setting the last applied indexto:(t:0, i:~)
2019-09-12 10:31:53,667 [pool-82-thread-1] INFO  server.RaftServerConfigKeys (ConfUtils.java:logGet(43)) - raft.server.leader.election.timeout = 120s (custom)
2019-09-12 10:31:53,667 [pool-82-thread-1] INFO  server.RaftServerConfigKeys (ConfUtils.java:logGet(43)) - raft.server.log.use.memory = false (default)
2019-09-12 10:31:53,667 [pool-82-thread-1] INFO  server.RaftServerConfigKeys (ConfUtils.java:logGet(43)) - raft.server.log.purge.gap = 1000000 (custom)
2019-09-12 10:31:53,667 [pool-82-thread-1] INFO  server.RaftServerConfigKeys (ConfUtils.java:logGet(43)) - raft.server.log.appender.buffer.byte-limit = 33554432 (custom)
2019-09-12 10:31:53,667 [pool-82-thread-1] INFO  server.RaftServerConfigKeys (ConfUtils.java:logGet(43)) - raft.server.log.segment.size.max = 1048576 (custom)
2019-09-12 10:31:53,667 [pool-82-thread-1] INFO  server.RaftServerConfigKeys (ConfUtils.java:logGet(43)) - raft.server.log.segment.cache.num.max = 2 (custom)
2019-09-12 10:31:53,667 [pool-82-thread-1] INFO  segmented.SegmentedRaftLogWorker (SegmentedRaftLogWorker.java:<init>(172)) - new 2568e786-00ee-48a3-80d4-4df304b22b3f-SegmentedRaftLogWorker:Storage Directory /workdir/hadoop-ozone/integration-test/target/test-dir/MiniOzoneClusterImpl-8f4fcaf0-4acb-4edc-87bf-94a207340594/datanode-5/data/ratis/f63c652a-f9c6-4844-8398-be27ce89fda5 for RaftStorage:Storage Directory /workdir/hadoop-ozone/integration-test/target/test-dir/MiniOzoneClusterImpl-8f4fcaf0-4acb-4edc-87bf-94a207340594/datanode-5/data/ratis/f63c652a-f9c6-4844-8398-be27ce89fda5
2019-09-12 10:31:53,668 [pool-82-thread-1] INFO  server.RaftServerConfigKeys (ConfUtils.java:logGet(43)) - raft.server.log.queue.byte-limit = 2147483647 (custom)
2019-09-12 10:31:53,668 [pool-82-thread-1] INFO  server.RaftServerConfigKeys (ConfUtils.java:logGet(43)) - raft.server.log.queue.element-limit = 1024 (custom)
2019-09-12 10:31:53,668 [pool-82-thread-1] INFO  server.RaftServerConfigKeys (ConfUtils.java:logGet(43)) - raft.server.log.segment.size.max = 1048576 (custom)
2019-09-12 10:31:53,668 [pool-82-thread-1] INFO  server.RaftServerConfigKeys (ConfUtils.java:logGet(43)) - raft.server.log.preallocated.size = 16384 (custom)
2019-09-12 10:31:53,668 [pool-82-thread-1] INFO  server.RaftServerConfigKeys (ConfUtils.java:logGet(43)) - raft.server.log.write.buffer.size = 33554432 (custom)
2019-09-12 10:31:53,668 [pool-82-thread-1] INFO  server.RaftServerConfigKeys (ConfUtils.java:logGet(43)) - raft.server.log.force.sync.num = 128 (default)
2019-09-12 10:31:53,668 [pool-82-thread-1] INFO  server.RaftServerConfigKeys (ConfUtils.java:logGet(43)) - raft.server.log.statemachine.data.sync = true (default)
2019-09-12 10:31:53,668 [pool-82-thread-1] INFO  server.RaftServerConfigKeys (ConfUtils.java:logGet(43)) - raft.server.log.statemachine.data.sync.timeout = 10s (default)
2019-09-12 10:31:53,668 [pool-82-thread-1] INFO  server.RaftServerConfigKeys (ConfUtils.java:logGet(43)) - raft.server.log.statemachine.data.sync.timeout.retry = -1 (default)
2019-09-12 10:31:53,669 [pool-82-thread-1] INFO  server.RaftServerConfigKeys (ConfUtils.java:logGet(43)) - raft.server.log.statemachine.data.caching.enabled = true (custom)
2019-09-12 10:31:53,669 [pool-82-thread-1] INFO  segmented.SegmentedRaftLogWorker (SegmentedRaftLogWorker.java:lambda$new$0(132)) - 2568e786-00ee-48a3-80d4-4df304b22b3f-SegmentedRaftLogWorker:Storage Directory /workdir/hadoop-ozone/integration-test/target/test-dir/MiniOzoneClusterImpl-8f4fcaf0-4acb-4edc-87bf-94a207340594/datanode-5/data/ratis/f63c652a-f9c6-4844-8398-be27ce89fda5: flushIndex: setUnconditionally 0 -> -1
2019-09-12 10:31:53,669 [pool-82-thread-1] INFO  server.RaftServerConfigKeys (ConfUtils.java:logGet(43)) - raft.server.snapshot.auto.trigger.enabled = true (custom)
2019-09-12 10:31:53,669 [pool-82-thread-1] INFO  server.RaftServerConfigKeys (ConfUtils.java:logGet(43)) - raft.server.snapshot.auto.trigger.threshold = 10000 (custom)
2019-09-12 10:31:53,669 [pool-82-thread-1] INFO  server.RaftServerConfigKeys (ConfUtils.java:logGet(43)) - raft.server.retrycache.expirytime = 600000ms (custom)
2019-09-12 10:31:53,670 [pool-82-thread-1] INFO  impl.RaftServerImpl (RaftServerImpl.java:start(180)) - 2568e786-00ee-48a3-80d4-4df304b22b3f: start group-BE27CE89FDA5
2019-09-12 10:31:53,670 [pool-82-thread-1] INFO  impl.RaftServerImpl (RaftServerImpl.java:setRole(171)) - 2568e786-00ee-48a3-80d4-4df304b22b3f:group-BE27CE89FDA5 changes role from null to FOLLOWER at term 0 for startAsFollower
2019-09-12 10:31:53,670 [pool-82-thread-1] INFO  impl.RoleInfo (RoleInfo.java:updateAndGet(143)) - 2568e786-00ee-48a3-80d4-4df304b22b3f: start FollowerState
2019-09-12 10:31:53,670 [pool-82-thread-1] INFO  util.JmxRegister (JmxRegister.java:tryRegister(44)) - Successfully registered JMX Bean with object name Ratis:service=RaftServer,group=group-BE27CE89FDA5,id=2568e786-00ee-48a3-80d4-4df304b22b3f
2019-09-12 10:31:53,676 [RatisPipelineUtilsThread] INFO  pipeline.PipelineStateManager (PipelineStateManager.java:addPipeline(56)) - Created pipeline Pipeline[ Id: f63c652a-f9c6-4844-8398-be27ce89fda5, Nodes: 2568e786-00ee-48a3-80d4-4df304b22b3f{ip: 192.168.157.195, host: pr-hdds-1569-xtfnx-3545843844, networkLocation: /default-rack, certSerialId: null}, Type:RATIS, Factor:ONE, State:OPEN]
2019-09-12 10:31:53,679 [RatisPipelineUtilsThread] ERROR pipeline.PipelinePlacementPolicy (PipelinePlacementPolicy.java:meetCriteria(91)) - Pipeline Placement: Doesn't meet the criteria to be viable node. Heaviness: 6
2019-09-12 10:31:53,679 [RatisPipelineUtilsThread] ERROR pipeline.PipelinePlacementPolicy (PipelinePlacementPolicy.java:meetCriteria(91)) - Pipeline Placement: Doesn't meet the criteria to be viable node. Heaviness: 6
2019-09-12 10:31:53,679 [RatisPipelineUtilsThread] ERROR pipeline.PipelinePlacementPolicy (PipelinePlacementPolicy.java:meetCriteria(91)) - Pipeline Placement: Doesn't meet the criteria to be viable node. Heaviness: 6
2019-09-12 10:31:53,679 [RatisPipelineUtilsThread] ERROR pipeline.PipelinePlacementPolicy (PipelinePlacementPolicy.java:meetCriteria(91)) - Pipeline Placement: Doesn't meet the criteria to be viable node. Heaviness: 6
2019-09-12 10:31:53,689 [grpc-default-executor-1] INFO  impl.RaftServerProxy (RaftServerProxy.java:addNew(89)) - 4c5e9952-d719-43f6-835b-97e6d68a1720: addNew group-D93333B5EA5D:[4c5e9952-d719-43f6-835b-97e6d68a1720:192.168.157.195:46197] returns group-D93333B5EA5D:java.util.concurrent.CompletableFuture@3cf037f4[Not completed]
2019-09-12 10:31:53,690 [pool-71-thread-1] INFO  impl.RaftServerImpl (RaftServerImpl.java:<init>(93)) - 4c5e9952-d719-43f6-835b-97e6d68a1720: new RaftServerImpl for group-D93333B5EA5D:[4c5e9952-d719-43f6-835b-97e6d68a1720:192.168.157.195:46197] with ContainerStateMachine:uninitialized
2019-09-12 10:31:53,690 [pool-71-thread-1] INFO  server.RaftServerConfigKeys (ConfUtils.java:logGet(43)) - raft.server.rpc.timeout.min = 5s (custom)
2019-09-12 10:31:53,690 [pool-71-thread-1] INFO  server.RaftServerConfigKeys (ConfUtils.java:logGet(43)) - raft.server.rpc.timeout.max = 5200ms (custom)
2019-09-12 10:31:53,690 [pool-71-thread-1] INFO  server.RaftServerConfigKeys (ConfUtils.java:logGet(43)) - raft.server.rpcslowness.timeout = 120s (custom)
2019-09-12 10:31:53,690 [pool-71-thread-1] INFO  server.RaftServerConfigKeys (ConfUtils.java:logGet(43)) - raft.server.sleep.deviation.threshold = 300 (default)
2019-09-12 10:31:53,691 [pool-71-thread-1] INFO  server.RaftServerConfigKeys (ConfUtils.java:logGet(43)) - raft.server.log.appender.install.snapshot.enabled = false (custom)
2019-09-12 10:31:53,691 [pool-71-thread-1] INFO  impl.RaftServerImpl (ServerState.java:<init>(105)) - 4c5e9952-d719-43f6-835b-97e6d68a1720:group-D93333B5EA5D ConfigurationManager, init=-1: [4c5e9952-d719-43f6-835b-97e6d68a1720:192.168.157.195:46197], old=null, confs=<EMPTY_MAP>
2019-09-12 10:31:53,691 [pool-71-thread-1] INFO  server.RaftServerConfigKeys (ConfUtils.java:logGet(43)) - raft.server.storage.dir = [/workdir/hadoop-ozone/integration-test/target/test-dir/MiniOzoneClusterImpl-8f4fcaf0-4acb-4edc-87bf-94a207340594/datanode-4/data/ratis] (custom)
2019-09-12 10:31:53,691 [pool-71-thread-1] INFO  storage.RaftStorageDirectory (RaftStorageDirectory.java:analyzeStorage(246)) - The storage directory /workdir/hadoop-ozone/integration-test/target/test-dir/MiniOzoneClusterImpl-8f4fcaf0-4acb-4edc-87bf-94a207340594/datanode-4/data/ratis/37cb65db-19e4-43af-8028-d93333b5ea5d does not exist. Creating ...
2019-09-12 10:31:53,704 [pool-71-thread-1] INFO  storage.RaftStorageDirectory (RaftStorageDirectory.java:tryLock(328)) - Lock on /workdir/hadoop-ozone/integration-test/target/test-dir/MiniOzoneClusterImpl-8f4fcaf0-4acb-4edc-87bf-94a207340594/datanode-4/data/ratis/37cb65db-19e4-43af-8028-d93333b5ea5d/in_use.lock acquired by nodename 30709@pr-hdds-1569-xtfnx-3545843844
2019-09-12 10:31:53,717 [pool-71-thread-1] INFO  storage.RaftStorage (RaftStorage.java:format(72)) - Storage directory /workdir/hadoop-ozone/integration-test/target/test-dir/MiniOzoneClusterImpl-8f4fcaf0-4acb-4edc-87bf-94a207340594/datanode-4/data/ratis/37cb65db-19e4-43af-8028-d93333b5ea5d has been successfully formatted.
2019-09-12 10:31:53,717 [pool-71-thread-1] INFO  ratis.ContainerStateMachine (ContainerStateMachine.java:loadSnapshot(226)) - group-D93333B5EA5D: The snapshot info is null. Setting the last applied indexto:(t:0, i:~)
2019-09-12 10:31:53,717 [pool-71-thread-1] INFO  server.RaftServerConfigKeys (ConfUtils.java:logGet(43)) - raft.server.leader.election.timeout = 120s (custom)
2019-09-12 10:31:53,717 [pool-71-thread-1] INFO  server.RaftServerConfigKeys (ConfUtils.java:logGet(43)) - raft.server.log.use.memory = false (default)
2019-09-12 10:31:53,717 [pool-71-thread-1] INFO  server.RaftServerConfigKeys (ConfUtils.java:logGet(43)) - raft.server.log.purge.gap = 1000000 (custom)
2019-09-12 10:31:53,718 [pool-71-thread-1] INFO  server.RaftServerConfigKeys (ConfUtils.java:logGet(43)) - raft.server.log.appender.buffer.byte-limit = 33554432 (custom)
2019-09-12 10:31:53,718 [pool-71-thread-1] INFO  server.RaftServerConfigKeys (ConfUtils.java:logGet(43)) - raft.server.log.segment.size.max = 1048576 (custom)
2019-09-12 10:31:53,718 [pool-71-thread-1] INFO  server.RaftServerConfigKeys (ConfUtils.java:logGet(43)) - raft.server.log.segment.cache.num.max = 2 (custom)
2019-09-12 10:31:53,718 [pool-71-thread-1] INFO  segmented.SegmentedRaftLogWorker (SegmentedRaftLogWorker.java:<init>(172)) - new 4c5e9952-d719-43f6-835b-97e6d68a1720-SegmentedRaftLogWorker:Storage Directory /workdir/hadoop-ozone/integration-test/target/test-dir/MiniOzoneClusterImpl-8f4fcaf0-4acb-4edc-87bf-94a207340594/datanode-4/data/ratis/37cb65db-19e4-43af-8028-d93333b5ea5d for RaftStorage:Storage Directory /workdir/hadoop-ozone/integration-test/target/test-dir/MiniOzoneClusterImpl-8f4fcaf0-4acb-4edc-87bf-94a207340594/datanode-4/data/ratis/37cb65db-19e4-43af-8028-d93333b5ea5d
2019-09-12 10:31:53,718 [pool-71-thread-1] INFO  server.RaftServerConfigKeys (ConfUtils.java:logGet(43)) - raft.server.log.queue.byte-limit = 2147483647 (custom)
2019-09-12 10:31:53,718 [pool-71-thread-1] INFO  server.RaftServerConfigKeys (ConfUtils.java:logGet(43)) - raft.server.log.queue.element-limit = 1024 (custom)
2019-09-12 10:31:53,718 [pool-71-thread-1] INFO  server.RaftServerConfigKeys (ConfUtils.java:logGet(43)) - raft.server.log.segment.size.max = 1048576 (custom)
2019-09-12 10:31:53,718 [pool-71-thread-1] INFO  server.RaftServerConfigKeys (ConfUtils.java:logGet(43)) - raft.server.log.preallocated.size = 16384 (custom)
2019-09-12 10:31:53,719 [pool-71-thread-1] INFO  server.RaftServerConfigKeys (ConfUtils.java:logGet(43)) - raft.server.log.write.buffer.size = 33554432 (custom)
2019-09-12 10:31:53,719 [pool-71-thread-1] INFO  server.RaftServerConfigKeys (ConfUtils.java:logGet(43)) - raft.server.log.force.sync.num = 128 (default)
2019-09-12 10:31:53,719 [pool-71-thread-1] INFO  server.RaftServerConfigKeys (ConfUtils.java:logGet(43)) - raft.server.log.statemachine.data.sync = true (default)
2019-09-12 10:31:53,719 [pool-71-thread-1] INFO  server.RaftServerConfigKeys (ConfUtils.java:logGet(43)) - raft.server.log.statemachine.data.sync.timeout = 10s (default)
2019-09-12 10:31:53,719 [pool-71-thread-1] INFO  server.RaftServerConfigKeys (ConfUtils.java:logGet(43)) - raft.server.log.statemachine.data.sync.timeout.retry = -1 (default)
2019-09-12 10:31:53,719 [pool-71-thread-1] INFO  server.RaftServerConfigKeys (ConfUtils.java:logGet(43)) - raft.server.log.statemachine.data.caching.enabled = true (custom)
2019-09-12 10:31:53,719 [pool-71-thread-1] INFO  segmented.SegmentedRaftLogWorker (SegmentedRaftLogWorker.java:lambda$new$0(132)) - 4c5e9952-d719-43f6-835b-97e6d68a1720-SegmentedRaftLogWorker:Storage Directory /workdir/hadoop-ozone/integration-test/target/test-dir/MiniOzoneClusterImpl-8f4fcaf0-4acb-4edc-87bf-94a207340594/datanode-4/data/ratis/37cb65db-19e4-43af-8028-d93333b5ea5d: flushIndex: setUnconditionally 0 -> -1
2019-09-12 10:31:53,720 [pool-71-thread-1] INFO  server.RaftServerConfigKeys (ConfUtils.java:logGet(43)) - raft.server.snapshot.auto.trigger.enabled = true (custom)
2019-09-12 10:31:53,720 [pool-71-thread-1] INFO  server.RaftServerConfigKeys (ConfUtils.java:logGet(43)) - raft.server.snapshot.auto.trigger.threshold = 10000 (custom)
2019-09-12 10:31:53,720 [pool-71-thread-1] INFO  server.RaftServerConfigKeys (ConfUtils.java:logGet(43)) - raft.server.retrycache.expirytime = 600000ms (custom)
2019-09-12 10:31:53,720 [pool-71-thread-1] INFO  impl.RaftServerImpl (RaftServerImpl.java:start(180)) - 4c5e9952-d719-43f6-835b-97e6d68a1720: start group-D93333B5EA5D
2019-09-12 10:31:53,720 [pool-71-thread-1] INFO  impl.RaftServerImpl (RaftServerImpl.java:setRole(171)) - 4c5e9952-d719-43f6-835b-97e6d68a1720:group-D93333B5EA5D changes role from null to FOLLOWER at term 0 for startAsFollower
2019-09-12 10:31:53,721 [pool-71-thread-1] INFO  impl.RoleInfo (RoleInfo.java:updateAndGet(143)) - 4c5e9952-d719-43f6-835b-97e6d68a1720: start FollowerState
2019-09-12 10:31:53,721 [pool-71-thread-1] INFO  util.JmxRegister (JmxRegister.java:tryRegister(44)) - Successfully registered JMX Bean with object name Ratis:service=RaftServer,group=group-D93333B5EA5D,id=4c5e9952-d719-43f6-835b-97e6d68a1720
2019-09-12 10:31:53,726 [RatisPipelineUtilsThread] INFO  pipeline.PipelineStateManager (PipelineStateManager.java:addPipeline(56)) - Created pipeline Pipeline[ Id: 37cb65db-19e4-43af-8028-d93333b5ea5d, Nodes: 4c5e9952-d719-43f6-835b-97e6d68a1720{ip: 192.168.157.195, host: pr-hdds-1569-xtfnx-3545843844, networkLocation: /default-rack, certSerialId: null}, Type:RATIS, Factor:ONE, State:OPEN]
2019-09-12 10:31:53,729 [RatisPipelineUtilsThread] ERROR pipeline.PipelinePlacementPolicy (PipelinePlacementPolicy.java:meetCriteria(91)) - Pipeline Placement: Doesn't meet the criteria to be viable node. Heaviness: 6
2019-09-12 10:31:53,729 [RatisPipelineUtilsThread] ERROR pipeline.PipelinePlacementPolicy (PipelinePlacementPolicy.java:meetCriteria(91)) - Pipeline Placement: Doesn't meet the criteria to be viable node. Heaviness: 6
2019-09-12 10:31:53,729 [RatisPipelineUtilsThread] ERROR pipeline.PipelinePlacementPolicy (PipelinePlacementPolicy.java:meetCriteria(91)) - Pipeline Placement: Doesn't meet the criteria to be viable node. Heaviness: 6
2019-09-12 10:31:53,730 [RatisPipelineUtilsThread] ERROR pipeline.PipelinePlacementPolicy (PipelinePlacementPolicy.java:meetCriteria(91)) - Pipeline Placement: Doesn't meet the criteria to be viable node. Heaviness: 6
2019-09-12 10:31:53,730 [RatisPipelineUtilsThread] ERROR pipeline.PipelinePlacementPolicy (PipelinePlacementPolicy.java:meetCriteria(91)) - Pipeline Placement: Doesn't meet the criteria to be viable node. Heaviness: 6
2019-09-12 10:31:53,743 [grpc-default-executor-1] INFO  impl.RaftServerProxy (RaftServerProxy.java:addNew(89)) - 2568e786-00ee-48a3-80d4-4df304b22b3f: addNew group-8CD7F52A235A:[2568e786-00ee-48a3-80d4-4df304b22b3f:192.168.157.195:36219] returns group-8CD7F52A235A:java.util.concurrent.CompletableFuture@2b74e9bd[Not completed]
2019-09-12 10:31:53,744 [pool-82-thread-1] INFO  impl.RaftServerImpl (RaftServerImpl.java:<init>(93)) - 2568e786-00ee-48a3-80d4-4df304b22b3f: new RaftServerImpl for group-8CD7F52A235A:[2568e786-00ee-48a3-80d4-4df304b22b3f:192.168.157.195:36219] with ContainerStateMachine:uninitialized
2019-09-12 10:31:53,744 [pool-82-thread-1] INFO  server.RaftServerConfigKeys (ConfUtils.java:logGet(43)) - raft.server.rpc.timeout.min = 5s (custom)
2019-09-12 10:31:53,744 [pool-82-thread-1] INFO  server.RaftServerConfigKeys (ConfUtils.java:logGet(43)) - raft.server.rpc.timeout.max = 5200ms (custom)
2019-09-12 10:31:53,744 [pool-82-thread-1] INFO  server.RaftServerConfigKeys (ConfUtils.java:logGet(43)) - raft.server.rpcslowness.timeout = 120s (custom)
2019-09-12 10:31:53,745 [pool-82-thread-1] INFO  server.RaftServerConfigKeys (ConfUtils.java:logGet(43)) - raft.server.sleep.deviation.threshold = 300 (default)
2019-09-12 10:31:53,745 [pool-82-thread-1] INFO  server.RaftServerConfigKeys (ConfUtils.java:logGet(43)) - raft.server.log.appender.install.snapshot.enabled = false (custom)
2019-09-12 10:31:53,745 [pool-82-thread-1] INFO  impl.RaftServerImpl (ServerState.java:<init>(105)) - 2568e786-00ee-48a3-80d4-4df304b22b3f:group-8CD7F52A235A ConfigurationManager, init=-1: [2568e786-00ee-48a3-80d4-4df304b22b3f:192.168.157.195:36219], old=null, confs=<EMPTY_MAP>
2019-09-12 10:31:53,745 [pool-82-thread-1] INFO  server.RaftServerConfigKeys (ConfUtils.java:logGet(43)) - raft.server.storage.dir = [/workdir/hadoop-ozone/integration-test/target/test-dir/MiniOzoneClusterImpl-8f4fcaf0-4acb-4edc-87bf-94a207340594/datanode-5/data/ratis] (custom)
2019-09-12 10:31:53,745 [pool-82-thread-1] INFO  storage.RaftStorageDirectory (RaftStorageDirectory.java:analyzeStorage(246)) - The storage directory /workdir/hadoop-ozone/integration-test/target/test-dir/MiniOzoneClusterImpl-8f4fcaf0-4acb-4edc-87bf-94a207340594/datanode-5/data/ratis/ad007e7d-01f1-40d6-8b87-8cd7f52a235a does not exist. Creating ...
2019-09-12 10:31:53,760 [pool-82-thread-1] INFO  storage.RaftStorageDirectory (RaftStorageDirectory.java:tryLock(328)) - Lock on /workdir/hadoop-ozone/integration-test/target/test-dir/MiniOzoneClusterImpl-8f4fcaf0-4acb-4edc-87bf-94a207340594/datanode-5/data/ratis/ad007e7d-01f1-40d6-8b87-8cd7f52a235a/in_use.lock acquired by nodename 30709@pr-hdds-1569-xtfnx-3545843844
2019-09-12 10:31:53,763 | INFO  | SCMAudit | user=jenkins1000 | ip=192.168.157.195 | op=SEND_HEARTBEAT {datanodeUUID=815dbc88-4686-4200-bca8-64ffcdb076ff, command=[]} | ret=SUCCESS |  
2019-09-12 10:31:53,763 | INFO  | SCMAudit | user=jenkins1000 | ip=192.168.157.195 | op=SEND_HEARTBEAT {datanodeUUID=a48435e2-fc20-4a41-b041-5f40b71db35c, command=[]} | ret=SUCCESS |  
2019-09-12 10:31:53,793 [pool-82-thread-1] INFO  storage.RaftStorage (RaftStorage.java:format(72)) - Storage directory /workdir/hadoop-ozone/integration-test/target/test-dir/MiniOzoneClusterImpl-8f4fcaf0-4acb-4edc-87bf-94a207340594/datanode-5/data/ratis/ad007e7d-01f1-40d6-8b87-8cd7f52a235a has been successfully formatted.
2019-09-12 10:31:53,794 [pool-82-thread-1] INFO  ratis.ContainerStateMachine (ContainerStateMachine.java:loadSnapshot(226)) - group-8CD7F52A235A: The snapshot info is null. Setting the last applied indexto:(t:0, i:~)
2019-09-12 10:31:53,794 [pool-82-thread-1] INFO  server.RaftServerConfigKeys (ConfUtils.java:logGet(43)) - raft.server.leader.election.timeout = 120s (custom)
2019-09-12 10:31:53,794 [pool-82-thread-1] INFO  server.RaftServerConfigKeys (ConfUtils.java:logGet(43)) - raft.server.log.use.memory = false (default)
2019-09-12 10:31:53,794 [pool-82-thread-1] INFO  server.RaftServerConfigKeys (ConfUtils.java:logGet(43)) - raft.server.log.purge.gap = 1000000 (custom)
2019-09-12 10:31:53,794 [pool-82-thread-1] INFO  server.RaftServerConfigKeys (ConfUtils.java:logGet(43)) - raft.server.log.appender.buffer.byte-limit = 33554432 (custom)
2019-09-12 10:31:53,794 [pool-82-thread-1] INFO  server.RaftServerConfigKeys (ConfUtils.java:logGet(43)) - raft.server.log.segment.size.max = 1048576 (custom)
2019-09-12 10:31:53,794 [pool-82-thread-1] INFO  server.RaftServerConfigKeys (ConfUtils.java:logGet(43)) - raft.server.log.segment.cache.num.max = 2 (custom)
2019-09-12 10:31:53,794 [pool-82-thread-1] INFO  segmented.SegmentedRaftLogWorker (SegmentedRaftLogWorker.java:<init>(172)) - new 2568e786-00ee-48a3-80d4-4df304b22b3f-SegmentedRaftLogWorker:Storage Directory /workdir/hadoop-ozone/integration-test/target/test-dir/MiniOzoneClusterImpl-8f4fcaf0-4acb-4edc-87bf-94a207340594/datanode-5/data/ratis/ad007e7d-01f1-40d6-8b87-8cd7f52a235a for RaftStorage:Storage Directory /workdir/hadoop-ozone/integration-test/target/test-dir/MiniOzoneClusterImpl-8f4fcaf0-4acb-4edc-87bf-94a207340594/datanode-5/data/ratis/ad007e7d-01f1-40d6-8b87-8cd7f52a235a
2019-09-12 10:31:53,795 [pool-82-thread-1] INFO  server.RaftServerConfigKeys (ConfUtils.java:logGet(43)) - raft.server.log.queue.byte-limit = 2147483647 (custom)
2019-09-12 10:31:53,795 [pool-82-thread-1] INFO  server.RaftServerConfigKeys (ConfUtils.java:logGet(43)) - raft.server.log.queue.element-limit = 1024 (custom)
2019-09-12 10:31:53,795 [pool-82-thread-1] INFO  server.RaftServerConfigKeys (ConfUtils.java:logGet(43)) - raft.server.log.segment.size.max = 1048576 (custom)
2019-09-12 10:31:53,795 [pool-82-thread-1] INFO  server.RaftServerConfigKeys (ConfUtils.java:logGet(43)) - raft.server.log.preallocated.size = 16384 (custom)
2019-09-12 10:31:53,795 [pool-82-thread-1] INFO  server.RaftServerConfigKeys (ConfUtils.java:logGet(43)) - raft.server.log.write.buffer.size = 33554432 (custom)
2019-09-12 10:31:53,795 [pool-82-thread-1] INFO  server.RaftServerConfigKeys (ConfUtils.java:logGet(43)) - raft.server.log.force.sync.num = 128 (default)
2019-09-12 10:31:53,795 [pool-82-thread-1] INFO  server.RaftServerConfigKeys (ConfUtils.java:logGet(43)) - raft.server.log.statemachine.data.sync = true (default)
2019-09-12 10:31:53,795 [pool-82-thread-1] INFO  server.RaftServerConfigKeys (ConfUtils.java:logGet(43)) - raft.server.log.statemachine.data.sync.timeout = 10s (default)
2019-09-12 10:31:53,795 [pool-82-thread-1] INFO  server.RaftServerConfigKeys (ConfUtils.java:logGet(43)) - raft.server.log.statemachine.data.sync.timeout.retry = -1 (default)
2019-09-12 10:31:53,796 [pool-82-thread-1] INFO  server.RaftServerConfigKeys (ConfUtils.java:logGet(43)) - raft.server.log.statemachine.data.caching.enabled = true (custom)
2019-09-12 10:31:53,796 [pool-82-thread-1] INFO  segmented.SegmentedRaftLogWorker (SegmentedRaftLogWorker.java:lambda$new$0(132)) - 2568e786-00ee-48a3-80d4-4df304b22b3f-SegmentedRaftLogWorker:Storage Directory /workdir/hadoop-ozone/integration-test/target/test-dir/MiniOzoneClusterImpl-8f4fcaf0-4acb-4edc-87bf-94a207340594/datanode-5/data/ratis/ad007e7d-01f1-40d6-8b87-8cd7f52a235a: flushIndex: setUnconditionally 0 -> -1
2019-09-12 10:31:53,796 [pool-82-thread-1] INFO  server.RaftServerConfigKeys (ConfUtils.java:logGet(43)) - raft.server.snapshot.auto.trigger.enabled = true (custom)
2019-09-12 10:31:53,796 [pool-82-thread-1] INFO  server.RaftServerConfigKeys (ConfUtils.java:logGet(43)) - raft.server.snapshot.auto.trigger.threshold = 10000 (custom)
2019-09-12 10:31:53,797 [pool-82-thread-1] INFO  server.RaftServerConfigKeys (ConfUtils.java:logGet(43)) - raft.server.retrycache.expirytime = 600000ms (custom)
2019-09-12 10:31:53,797 [pool-82-thread-1] INFO  impl.RaftServerImpl (RaftServerImpl.java:start(180)) - 2568e786-00ee-48a3-80d4-4df304b22b3f: start group-8CD7F52A235A
2019-09-12 10:31:53,797 [pool-82-thread-1] INFO  impl.RaftServerImpl (RaftServerImpl.java:setRole(171)) - 2568e786-00ee-48a3-80d4-4df304b22b3f:group-8CD7F52A235A changes role from null to FOLLOWER at term 0 for startAsFollower
2019-09-12 10:31:53,797 [pool-82-thread-1] INFO  impl.RoleInfo (RoleInfo.java:updateAndGet(143)) - 2568e786-00ee-48a3-80d4-4df304b22b3f: start FollowerState
2019-09-12 10:31:53,797 [pool-82-thread-1] INFO  util.JmxRegister (JmxRegister.java:tryRegister(44)) - Successfully registered JMX Bean with object name Ratis:service=RaftServer,group=group-8CD7F52A235A,id=2568e786-00ee-48a3-80d4-4df304b22b3f
2019-09-12 10:31:53,805 [RatisPipelineUtilsThread] INFO  pipeline.PipelineStateManager (PipelineStateManager.java:addPipeline(56)) - Created pipeline Pipeline[ Id: ad007e7d-01f1-40d6-8b87-8cd7f52a235a, Nodes: 2568e786-00ee-48a3-80d4-4df304b22b3f{ip: 192.168.157.195, host: pr-hdds-1569-xtfnx-3545843844, networkLocation: /default-rack, certSerialId: null}, Type:RATIS, Factor:ONE, State:OPEN]
2019-09-12 10:31:53,807 [RatisPipelineUtilsThread] ERROR pipeline.PipelinePlacementPolicy (PipelinePlacementPolicy.java:meetCriteria(91)) - Pipeline Placement: Doesn't meet the criteria to be viable node. Heaviness: 6
2019-09-12 10:31:53,807 [RatisPipelineUtilsThread] ERROR pipeline.PipelinePlacementPolicy (PipelinePlacementPolicy.java:meetCriteria(91)) - Pipeline Placement: Doesn't meet the criteria to be viable node. Heaviness: 6
2019-09-12 10:31:53,807 [RatisPipelineUtilsThread] ERROR pipeline.PipelinePlacementPolicy (PipelinePlacementPolicy.java:meetCriteria(91)) - Pipeline Placement: Doesn't meet the criteria to be viable node. Heaviness: 6
2019-09-12 10:31:53,808 [RatisPipelineUtilsThread] ERROR pipeline.PipelinePlacementPolicy (PipelinePlacementPolicy.java:meetCriteria(91)) - Pipeline Placement: Doesn't meet the criteria to be viable node. Heaviness: 6
2019-09-12 10:31:53,808 [RatisPipelineUtilsThread] ERROR pipeline.PipelinePlacementPolicy (PipelinePlacementPolicy.java:meetCriteria(91)) - Pipeline Placement: Doesn't meet the criteria to be viable node. Heaviness: 6
2019-09-12 10:31:53,816 | INFO  | SCMAudit | user=jenkins1000 | ip=192.168.157.195 | op=SEND_HEARTBEAT {datanodeUUID=8e0046c7-63e6-4424-9e2f-9e2de00b9629, command=[]} | ret=SUCCESS |  
2019-09-12 10:31:53,820 [grpc-default-executor-1] INFO  impl.RaftServerProxy (RaftServerProxy.java:addNew(89)) - 2568e786-00ee-48a3-80d4-4df304b22b3f: addNew group-3A4FB2D69065:[2568e786-00ee-48a3-80d4-4df304b22b3f:192.168.157.195:36219] returns group-3A4FB2D69065:java.util.concurrent.CompletableFuture@12f97535[Not completed]
2019-09-12 10:31:53,821 [pool-82-thread-1] INFO  impl.RaftServerImpl (RaftServerImpl.java:<init>(93)) - 2568e786-00ee-48a3-80d4-4df304b22b3f: new RaftServerImpl for group-3A4FB2D69065:[2568e786-00ee-48a3-80d4-4df304b22b3f:192.168.157.195:36219] with ContainerStateMachine:uninitialized
2019-09-12 10:31:53,821 [pool-82-thread-1] INFO  server.RaftServerConfigKeys (ConfUtils.java:logGet(43)) - raft.server.rpc.timeout.min = 5s (custom)
2019-09-12 10:31:53,821 [pool-82-thread-1] INFO  server.RaftServerConfigKeys (ConfUtils.java:logGet(43)) - raft.server.rpc.timeout.max = 5200ms (custom)
2019-09-12 10:31:53,821 [pool-82-thread-1] INFO  server.RaftServerConfigKeys (ConfUtils.java:logGet(43)) - raft.server.rpcslowness.timeout = 120s (custom)
2019-09-12 10:31:53,822 [pool-82-thread-1] INFO  server.RaftServerConfigKeys (ConfUtils.java:logGet(43)) - raft.server.sleep.deviation.threshold = 300 (default)
2019-09-12 10:31:53,822 [pool-82-thread-1] INFO  server.RaftServerConfigKeys (ConfUtils.java:logGet(43)) - raft.server.log.appender.install.snapshot.enabled = false (custom)
2019-09-12 10:31:53,822 [pool-82-thread-1] INFO  impl.RaftServerImpl (ServerState.java:<init>(105)) - 2568e786-00ee-48a3-80d4-4df304b22b3f:group-3A4FB2D69065 ConfigurationManager, init=-1: [2568e786-00ee-48a3-80d4-4df304b22b3f:192.168.157.195:36219], old=null, confs=<EMPTY_MAP>
2019-09-12 10:31:53,822 [pool-82-thread-1] INFO  server.RaftServerConfigKeys (ConfUtils.java:logGet(43)) - raft.server.storage.dir = [/workdir/hadoop-ozone/integration-test/target/test-dir/MiniOzoneClusterImpl-8f4fcaf0-4acb-4edc-87bf-94a207340594/datanode-5/data/ratis] (custom)
2019-09-12 10:31:53,822 [pool-82-thread-1] INFO  storage.RaftStorageDirectory (RaftStorageDirectory.java:analyzeStorage(246)) - The storage directory /workdir/hadoop-ozone/integration-test/target/test-dir/MiniOzoneClusterImpl-8f4fcaf0-4acb-4edc-87bf-94a207340594/datanode-5/data/ratis/4418a70c-4054-4790-b7f2-3a4fb2d69065 does not exist. Creating ...
2019-09-12 10:31:53,835 [pool-82-thread-1] INFO  storage.RaftStorageDirectory (RaftStorageDirectory.java:tryLock(328)) - Lock on /workdir/hadoop-ozone/integration-test/target/test-dir/MiniOzoneClusterImpl-8f4fcaf0-4acb-4edc-87bf-94a207340594/datanode-5/data/ratis/4418a70c-4054-4790-b7f2-3a4fb2d69065/in_use.lock acquired by nodename 30709@pr-hdds-1569-xtfnx-3545843844
2019-09-12 10:31:53,848 [pool-82-thread-1] INFO  storage.RaftStorage (RaftStorage.java:format(72)) - Storage directory /workdir/hadoop-ozone/integration-test/target/test-dir/MiniOzoneClusterImpl-8f4fcaf0-4acb-4edc-87bf-94a207340594/datanode-5/data/ratis/4418a70c-4054-4790-b7f2-3a4fb2d69065 has been successfully formatted.
2019-09-12 10:31:53,848 [pool-82-thread-1] INFO  ratis.ContainerStateMachine (ContainerStateMachine.java:loadSnapshot(226)) - group-3A4FB2D69065: The snapshot info is null. Setting the last applied indexto:(t:0, i:~)
2019-09-12 10:31:53,848 [pool-82-thread-1] INFO  server.RaftServerConfigKeys (ConfUtils.java:logGet(43)) - raft.server.leader.election.timeout = 120s (custom)
2019-09-12 10:31:53,848 [pool-82-thread-1] INFO  server.RaftServerConfigKeys (ConfUtils.java:logGet(43)) - raft.server.log.use.memory = false (default)
2019-09-12 10:31:53,848 [pool-82-thread-1] INFO  server.RaftServerConfigKeys (ConfUtils.java:logGet(43)) - raft.server.log.purge.gap = 1000000 (custom)
2019-09-12 10:31:53,848 [pool-82-thread-1] INFO  server.RaftServerConfigKeys (ConfUtils.java:logGet(43)) - raft.server.log.appender.buffer.byte-limit = 33554432 (custom)
2019-09-12 10:31:53,849 [pool-82-thread-1] INFO  server.RaftServerConfigKeys (ConfUtils.java:logGet(43)) - raft.server.log.segment.size.max = 1048576 (custom)
2019-09-12 10:31:53,849 [pool-82-thread-1] INFO  server.RaftServerConfigKeys (ConfUtils.java:logGet(43)) - raft.server.log.segment.cache.num.max = 2 (custom)
2019-09-12 10:31:53,849 [pool-82-thread-1] INFO  segmented.SegmentedRaftLogWorker (SegmentedRaftLogWorker.java:<init>(172)) - new 2568e786-00ee-48a3-80d4-4df304b22b3f-SegmentedRaftLogWorker:Storage Directory /workdir/hadoop-ozone/integration-test/target/test-dir/MiniOzoneClusterImpl-8f4fcaf0-4acb-4edc-87bf-94a207340594/datanode-5/data/ratis/4418a70c-4054-4790-b7f2-3a4fb2d69065 for RaftStorage:Storage Directory /workdir/hadoop-ozone/integration-test/target/test-dir/MiniOzoneClusterImpl-8f4fcaf0-4acb-4edc-87bf-94a207340594/datanode-5/data/ratis/4418a70c-4054-4790-b7f2-3a4fb2d69065
2019-09-12 10:31:53,849 [pool-82-thread-1] INFO  server.RaftServerConfigKeys (ConfUtils.java:logGet(43)) - raft.server.log.queue.byte-limit = 2147483647 (custom)
2019-09-12 10:31:53,849 [pool-82-thread-1] INFO  server.RaftServerConfigKeys (ConfUtils.java:logGet(43)) - raft.server.log.queue.element-limit = 1024 (custom)
2019-09-12 10:31:53,849 [pool-82-thread-1] INFO  server.RaftServerConfigKeys (ConfUtils.java:logGet(43)) - raft.server.log.segment.size.max = 1048576 (custom)
2019-09-12 10:31:53,849 [pool-82-thread-1] INFO  server.RaftServerConfigKeys (ConfUtils.java:logGet(43)) - raft.server.log.preallocated.size = 16384 (custom)
2019-09-12 10:31:53,849 [pool-82-thread-1] INFO  server.RaftServerConfigKeys (ConfUtils.java:logGet(43)) - raft.server.log.write.buffer.size = 33554432 (custom)
2019-09-12 10:31:53,850 [pool-82-thread-1] INFO  server.RaftServerConfigKeys (ConfUtils.java:logGet(43)) - raft.server.log.force.sync.num = 128 (default)
2019-09-12 10:31:53,850 [pool-82-thread-1] INFO  server.RaftServerConfigKeys (ConfUtils.java:logGet(43)) - raft.server.log.statemachine.data.sync = true (default)
2019-09-12 10:31:53,850 [pool-82-thread-1] INFO  server.RaftServerConfigKeys (ConfUtils.java:logGet(43)) - raft.server.log.statemachine.data.sync.timeout = 10s (default)
2019-09-12 10:31:53,850 [pool-82-thread-1] INFO  server.RaftServerConfigKeys (ConfUtils.java:logGet(43)) - raft.server.log.statemachine.data.sync.timeout.retry = -1 (default)
2019-09-12 10:31:53,850 [pool-82-thread-1] INFO  server.RaftServerConfigKeys (ConfUtils.java:logGet(43)) - raft.server.log.statemachine.data.caching.enabled = true (custom)
2019-09-12 10:31:53,851 [pool-82-thread-1] INFO  segmented.SegmentedRaftLogWorker (SegmentedRaftLogWorker.java:lambda$new$0(132)) - 2568e786-00ee-48a3-80d4-4df304b22b3f-SegmentedRaftLogWorker:Storage Directory /workdir/hadoop-ozone/integration-test/target/test-dir/MiniOzoneClusterImpl-8f4fcaf0-4acb-4edc-87bf-94a207340594/datanode-5/data/ratis/4418a70c-4054-4790-b7f2-3a4fb2d69065: flushIndex: setUnconditionally 0 -> -1
2019-09-12 10:31:53,851 [pool-82-thread-1] INFO  server.RaftServerConfigKeys (ConfUtils.java:logGet(43)) - raft.server.snapshot.auto.trigger.enabled = true (custom)
2019-09-12 10:31:53,851 [pool-82-thread-1] INFO  server.RaftServerConfigKeys (ConfUtils.java:logGet(43)) - raft.server.snapshot.auto.trigger.threshold = 10000 (custom)
2019-09-12 10:31:53,851 [pool-82-thread-1] INFO  server.RaftServerConfigKeys (ConfUtils.java:logGet(43)) - raft.server.retrycache.expirytime = 600000ms (custom)
2019-09-12 10:31:53,851 [pool-82-thread-1] INFO  impl.RaftServerImpl (RaftServerImpl.java:start(180)) - 2568e786-00ee-48a3-80d4-4df304b22b3f: start group-3A4FB2D69065
2019-09-12 10:31:53,852 [pool-82-thread-1] INFO  impl.RaftServerImpl (RaftServerImpl.java:setRole(171)) - 2568e786-00ee-48a3-80d4-4df304b22b3f:group-3A4FB2D69065 changes role from null to FOLLOWER at term 0 for startAsFollower
2019-09-12 10:31:53,852 [pool-82-thread-1] INFO  impl.RoleInfo (RoleInfo.java:updateAndGet(143)) - 2568e786-00ee-48a3-80d4-4df304b22b3f: start FollowerState
2019-09-12 10:31:53,852 [pool-82-thread-1] INFO  util.JmxRegister (JmxRegister.java:tryRegister(44)) - Successfully registered JMX Bean with object name Ratis:service=RaftServer,group=group-3A4FB2D69065,id=2568e786-00ee-48a3-80d4-4df304b22b3f
2019-09-12 10:31:53,856 | INFO  | SCMAudit | user=jenkins1000 | ip=192.168.157.195 | op=SEND_HEARTBEAT {datanodeUUID=4c5e9952-d719-43f6-835b-97e6d68a1720, command=[]} | ret=SUCCESS |  
2019-09-12 10:31:53,860 [RatisPipelineUtilsThread] INFO  pipeline.PipelineStateManager (PipelineStateManager.java:addPipeline(56)) - Created pipeline Pipeline[ Id: 4418a70c-4054-4790-b7f2-3a4fb2d69065, Nodes: 2568e786-00ee-48a3-80d4-4df304b22b3f{ip: 192.168.157.195, host: pr-hdds-1569-xtfnx-3545843844, networkLocation: /default-rack, certSerialId: null}, Type:RATIS, Factor:ONE, State:OPEN]
2019-09-12 10:31:53,863 [RatisPipelineUtilsThread] ERROR pipeline.PipelinePlacementPolicy (PipelinePlacementPolicy.java:meetCriteria(91)) - Pipeline Placement: Doesn't meet the criteria to be viable node. Heaviness: 6
2019-09-12 10:31:53,863 [RatisPipelineUtilsThread] ERROR pipeline.PipelinePlacementPolicy (PipelinePlacementPolicy.java:meetCriteria(91)) - Pipeline Placement: Doesn't meet the criteria to be viable node. Heaviness: 6
2019-09-12 10:31:53,863 [RatisPipelineUtilsThread] ERROR pipeline.PipelinePlacementPolicy (PipelinePlacementPolicy.java:meetCriteria(91)) - Pipeline Placement: Doesn't meet the criteria to be viable node. Heaviness: 6
2019-09-12 10:31:53,863 [RatisPipelineUtilsThread] ERROR pipeline.PipelinePlacementPolicy (PipelinePlacementPolicy.java:meetCriteria(91)) - Pipeline Placement: Doesn't meet the criteria to be viable node. Heaviness: 6
2019-09-12 10:31:53,863 [RatisPipelineUtilsThread] ERROR pipeline.PipelinePlacementPolicy (PipelinePlacementPolicy.java:meetCriteria(91)) - Pipeline Placement: Doesn't meet the criteria to be viable node. Heaviness: 6
2019-09-12 10:31:53,863 [RatisPipelineUtilsThread] ERROR pipeline.PipelinePlacementPolicy (PipelinePlacementPolicy.java:meetCriteria(91)) - Pipeline Placement: Doesn't meet the criteria to be viable node. Heaviness: 6
2019-09-12 10:31:53,875 [grpc-default-executor-1] INFO  impl.RaftServerProxy (RaftServerProxy.java:addNew(89)) - 987bcea4-2fc9-416e-8dfa-fe4cc4293164: addNew group-0D005C375E98:[987bcea4-2fc9-416e-8dfa-fe4cc4293164:192.168.157.195:40438] returns group-0D005C375E98:java.util.concurrent.CompletableFuture@3453a5d3[Not completed]
2019-09-12 10:31:53,885 [pool-93-thread-1] INFO  impl.RaftServerImpl (RaftServerImpl.java:<init>(93)) - 987bcea4-2fc9-416e-8dfa-fe4cc4293164: new RaftServerImpl for group-0D005C375E98:[987bcea4-2fc9-416e-8dfa-fe4cc4293164:192.168.157.195:40438] with ContainerStateMachine:uninitialized
2019-09-12 10:31:53,885 [pool-93-thread-1] INFO  server.RaftServerConfigKeys (ConfUtils.java:logGet(43)) - raft.server.rpc.timeout.min = 5s (custom)
2019-09-12 10:31:53,886 [pool-93-thread-1] INFO  server.RaftServerConfigKeys (ConfUtils.java:logGet(43)) - raft.server.rpc.timeout.max = 5200ms (custom)
2019-09-12 10:31:53,886 [pool-93-thread-1] INFO  server.RaftServerConfigKeys (ConfUtils.java:logGet(43)) - raft.server.rpcslowness.timeout = 120s (custom)
2019-09-12 10:31:53,886 [pool-93-thread-1] INFO  server.RaftServerConfigKeys (ConfUtils.java:logGet(43)) - raft.server.sleep.deviation.threshold = 300 (default)
2019-09-12 10:31:53,886 [pool-93-thread-1] INFO  server.RaftServerConfigKeys (ConfUtils.java:logGet(43)) - raft.server.log.appender.install.snapshot.enabled = false (custom)
2019-09-12 10:31:53,886 [pool-93-thread-1] INFO  impl.RaftServerImpl (ServerState.java:<init>(105)) - 987bcea4-2fc9-416e-8dfa-fe4cc4293164:group-0D005C375E98 ConfigurationManager, init=-1: [987bcea4-2fc9-416e-8dfa-fe4cc4293164:192.168.157.195:40438], old=null, confs=<EMPTY_MAP>
2019-09-12 10:31:53,887 [pool-93-thread-1] INFO  server.RaftServerConfigKeys (ConfUtils.java:logGet(43)) - raft.server.storage.dir = [/workdir/hadoop-ozone/integration-test/target/test-dir/MiniOzoneClusterImpl-8f4fcaf0-4acb-4edc-87bf-94a207340594/datanode-6/data/ratis] (custom)
2019-09-12 10:31:53,887 [pool-93-thread-1] INFO  storage.RaftStorageDirectory (RaftStorageDirectory.java:analyzeStorage(246)) - The storage directory /workdir/hadoop-ozone/integration-test/target/test-dir/MiniOzoneClusterImpl-8f4fcaf0-4acb-4edc-87bf-94a207340594/datanode-6/data/ratis/aa09a15f-5d4a-42f8-9bdf-0d005c375e98 does not exist. Creating ...
2019-09-12 10:31:53,902 [pool-93-thread-1] INFO  storage.RaftStorageDirectory (RaftStorageDirectory.java:tryLock(328)) - Lock on /workdir/hadoop-ozone/integration-test/target/test-dir/MiniOzoneClusterImpl-8f4fcaf0-4acb-4edc-87bf-94a207340594/datanode-6/data/ratis/aa09a15f-5d4a-42f8-9bdf-0d005c375e98/in_use.lock acquired by nodename 30709@pr-hdds-1569-xtfnx-3545843844
2019-09-12 10:31:53,916 [pool-93-thread-1] INFO  storage.RaftStorage (RaftStorage.java:format(72)) - Storage directory /workdir/hadoop-ozone/integration-test/target/test-dir/MiniOzoneClusterImpl-8f4fcaf0-4acb-4edc-87bf-94a207340594/datanode-6/data/ratis/aa09a15f-5d4a-42f8-9bdf-0d005c375e98 has been successfully formatted.
2019-09-12 10:31:53,916 [pool-93-thread-1] INFO  ratis.ContainerStateMachine (ContainerStateMachine.java:loadSnapshot(226)) - group-0D005C375E98: The snapshot info is null. Setting the last applied indexto:(t:0, i:~)
2019-09-12 10:31:53,917 [pool-93-thread-1] INFO  server.RaftServerConfigKeys (ConfUtils.java:logGet(43)) - raft.server.leader.election.timeout = 120s (custom)
2019-09-12 10:31:53,917 [pool-93-thread-1] INFO  server.RaftServerConfigKeys (ConfUtils.java:logGet(43)) - raft.server.log.use.memory = false (default)
2019-09-12 10:31:53,917 [pool-93-thread-1] INFO  server.RaftServerConfigKeys (ConfUtils.java:logGet(43)) - raft.server.log.purge.gap = 1000000 (custom)
2019-09-12 10:31:53,917 [pool-93-thread-1] INFO  server.RaftServerConfigKeys (ConfUtils.java:logGet(43)) - raft.server.log.appender.buffer.byte-limit = 33554432 (custom)
2019-09-12 10:31:53,917 [pool-93-thread-1] INFO  server.RaftServerConfigKeys (ConfUtils.java:logGet(43)) - raft.server.log.segment.size.max = 1048576 (custom)
2019-09-12 10:31:53,918 [pool-93-thread-1] INFO  server.RaftServerConfigKeys (ConfUtils.java:logGet(43)) - raft.server.log.segment.cache.num.max = 2 (custom)
2019-09-12 10:31:53,918 [pool-93-thread-1] INFO  segmented.SegmentedRaftLogWorker (SegmentedRaftLogWorker.java:<init>(172)) - new 987bcea4-2fc9-416e-8dfa-fe4cc4293164-SegmentedRaftLogWorker:Storage Directory /workdir/hadoop-ozone/integration-test/target/test-dir/MiniOzoneClusterImpl-8f4fcaf0-4acb-4edc-87bf-94a207340594/datanode-6/data/ratis/aa09a15f-5d4a-42f8-9bdf-0d005c375e98 for RaftStorage:Storage Directory /workdir/hadoop-ozone/integration-test/target/test-dir/MiniOzoneClusterImpl-8f4fcaf0-4acb-4edc-87bf-94a207340594/datanode-6/data/ratis/aa09a15f-5d4a-42f8-9bdf-0d005c375e98
2019-09-12 10:31:53,918 [pool-93-thread-1] INFO  server.RaftServerConfigKeys (ConfUtils.java:logGet(43)) - raft.server.log.queue.byte-limit = 2147483647 (custom)
2019-09-12 10:31:53,918 [pool-93-thread-1] INFO  server.RaftServerConfigKeys (ConfUtils.java:logGet(43)) - raft.server.log.queue.element-limit = 1024 (custom)
2019-09-12 10:31:53,919 [pool-93-thread-1] INFO  server.RaftServerConfigKeys (ConfUtils.java:logGet(43)) - raft.server.log.segment.size.max = 1048576 (custom)
2019-09-12 10:31:53,919 [pool-93-thread-1] INFO  server.RaftServerConfigKeys (ConfUtils.java:logGet(43)) - raft.server.log.preallocated.size = 16384 (custom)
2019-09-12 10:31:53,919 [pool-93-thread-1] INFO  server.RaftServerConfigKeys (ConfUtils.java:logGet(43)) - raft.server.log.write.buffer.size = 33554432 (custom)
2019-09-12 10:31:53,919 [pool-93-thread-1] INFO  server.RaftServerConfigKeys (ConfUtils.java:logGet(43)) - raft.server.log.force.sync.num = 128 (default)
2019-09-12 10:31:53,920 [pool-93-thread-1] INFO  server.RaftServerConfigKeys (ConfUtils.java:logGet(43)) - raft.server.log.statemachine.data.sync = true (default)
2019-09-12 10:31:53,920 [pool-93-thread-1] INFO  server.RaftServerConfigKeys (ConfUtils.java:logGet(43)) - raft.server.log.statemachine.data.sync.timeout = 10s (default)
2019-09-12 10:31:53,920 [pool-93-thread-1] INFO  server.RaftServerConfigKeys (ConfUtils.java:logGet(43)) - raft.server.log.statemachine.data.sync.timeout.retry = -1 (default)
2019-09-12 10:31:53,920 [pool-93-thread-1] INFO  server.RaftServerConfigKeys (ConfUtils.java:logGet(43)) - raft.server.log.statemachine.data.caching.enabled = true (custom)
2019-09-12 10:31:53,921 [pool-93-thread-1] INFO  segmented.SegmentedRaftLogWorker (SegmentedRaftLogWorker.java:lambda$new$0(132)) - 987bcea4-2fc9-416e-8dfa-fe4cc4293164-SegmentedRaftLogWorker:Storage Directory /workdir/hadoop-ozone/integration-test/target/test-dir/MiniOzoneClusterImpl-8f4fcaf0-4acb-4edc-87bf-94a207340594/datanode-6/data/ratis/aa09a15f-5d4a-42f8-9bdf-0d005c375e98: flushIndex: setUnconditionally 0 -> -1
2019-09-12 10:31:53,922 [pool-93-thread-1] INFO  server.RaftServerConfigKeys (ConfUtils.java:logGet(43)) - raft.server.snapshot.auto.trigger.enabled = true (custom)
2019-09-12 10:31:53,922 [pool-93-thread-1] INFO  server.RaftServerConfigKeys (ConfUtils.java:logGet(43)) - raft.server.snapshot.auto.trigger.threshold = 10000 (custom)
2019-09-12 10:31:53,922 [pool-93-thread-1] INFO  server.RaftServerConfigKeys (ConfUtils.java:logGet(43)) - raft.server.retrycache.expirytime = 600000ms (custom)
2019-09-12 10:31:53,922 [pool-93-thread-1] INFO  impl.RaftServerImpl (RaftServerImpl.java:start(180)) - 987bcea4-2fc9-416e-8dfa-fe4cc4293164: start group-0D005C375E98
2019-09-12 10:31:53,923 [pool-93-thread-1] INFO  impl.RaftServerImpl (RaftServerImpl.java:setRole(171)) - 987bcea4-2fc9-416e-8dfa-fe4cc4293164:group-0D005C375E98 changes role from null to FOLLOWER at term 0 for startAsFollower
2019-09-12 10:31:53,923 [pool-93-thread-1] INFO  impl.RoleInfo (RoleInfo.java:updateAndGet(143)) - 987bcea4-2fc9-416e-8dfa-fe4cc4293164: start FollowerState
2019-09-12 10:31:53,923 [pool-93-thread-1] INFO  util.JmxRegister (JmxRegister.java:tryRegister(44)) - Successfully registered JMX Bean with object name Ratis:service=RaftServer,group=group-0D005C375E98,id=987bcea4-2fc9-416e-8dfa-fe4cc4293164
2019-09-12 10:31:53,930 [RatisPipelineUtilsThread] INFO  pipeline.PipelineStateManager (PipelineStateManager.java:addPipeline(56)) - Created pipeline Pipeline[ Id: aa09a15f-5d4a-42f8-9bdf-0d005c375e98, Nodes: 987bcea4-2fc9-416e-8dfa-fe4cc4293164{ip: 192.168.157.195, host: pr-hdds-1569-xtfnx-3545843844, networkLocation: /default-rack, certSerialId: null}, Type:RATIS, Factor:ONE, State:OPEN]
2019-09-12 10:31:53,933 [RatisPipelineUtilsThread] ERROR pipeline.PipelinePlacementPolicy (PipelinePlacementPolicy.java:meetCriteria(91)) - Pipeline Placement: Doesn't meet the criteria to be viable node. Heaviness: 6
2019-09-12 10:31:53,933 [RatisPipelineUtilsThread] ERROR pipeline.PipelinePlacementPolicy (PipelinePlacementPolicy.java:meetCriteria(91)) - Pipeline Placement: Doesn't meet the criteria to be viable node. Heaviness: 6
2019-09-12 10:31:53,933 [RatisPipelineUtilsThread] ERROR pipeline.PipelinePlacementPolicy (PipelinePlacementPolicy.java:meetCriteria(91)) - Pipeline Placement: Doesn't meet the criteria to be viable node. Heaviness: 6
2019-09-12 10:31:53,933 [RatisPipelineUtilsThread] ERROR pipeline.PipelinePlacementPolicy (PipelinePlacementPolicy.java:meetCriteria(91)) - Pipeline Placement: Doesn't meet the criteria to be viable node. Heaviness: 6
2019-09-12 10:31:53,933 [RatisPipelineUtilsThread] ERROR pipeline.PipelinePlacementPolicy (PipelinePlacementPolicy.java:meetCriteria(91)) - Pipeline Placement: Doesn't meet the criteria to be viable node. Heaviness: 6
2019-09-12 10:31:53,933 [RatisPipelineUtilsThread] ERROR pipeline.PipelinePlacementPolicy (PipelinePlacementPolicy.java:meetCriteria(91)) - Pipeline Placement: Doesn't meet the criteria to be viable node. Heaviness: 6
2019-09-12 10:31:53,946 [grpc-default-executor-1] INFO  impl.RaftServerProxy (RaftServerProxy.java:addNew(89)) - 987bcea4-2fc9-416e-8dfa-fe4cc4293164: addNew group-47943592C246:[987bcea4-2fc9-416e-8dfa-fe4cc4293164:192.168.157.195:40438] returns group-47943592C246:java.util.concurrent.CompletableFuture@758e4df6[Not completed]
2019-09-12 10:31:53,948 [pool-93-thread-1] INFO  impl.RaftServerImpl (RaftServerImpl.java:<init>(93)) - 987bcea4-2fc9-416e-8dfa-fe4cc4293164: new RaftServerImpl for group-47943592C246:[987bcea4-2fc9-416e-8dfa-fe4cc4293164:192.168.157.195:40438] with ContainerStateMachine:uninitialized
2019-09-12 10:31:53,948 [pool-93-thread-1] INFO  server.RaftServerConfigKeys (ConfUtils.java:logGet(43)) - raft.server.rpc.timeout.min = 5s (custom)
2019-09-12 10:31:53,948 [pool-93-thread-1] INFO  server.RaftServerConfigKeys (ConfUtils.java:logGet(43)) - raft.server.rpc.timeout.max = 5200ms (custom)
2019-09-12 10:31:53,948 [pool-93-thread-1] INFO  server.RaftServerConfigKeys (ConfUtils.java:logGet(43)) - raft.server.rpcslowness.timeout = 120s (custom)
2019-09-12 10:31:53,948 [pool-93-thread-1] INFO  server.RaftServerConfigKeys (ConfUtils.java:logGet(43)) - raft.server.sleep.deviation.threshold = 300 (default)
2019-09-12 10:31:53,949 [pool-93-thread-1] INFO  server.RaftServerConfigKeys (ConfUtils.java:logGet(43)) - raft.server.log.appender.install.snapshot.enabled = false (custom)
2019-09-12 10:31:53,949 [pool-93-thread-1] INFO  impl.RaftServerImpl (ServerState.java:<init>(105)) - 987bcea4-2fc9-416e-8dfa-fe4cc4293164:group-47943592C246 ConfigurationManager, init=-1: [987bcea4-2fc9-416e-8dfa-fe4cc4293164:192.168.157.195:40438], old=null, confs=<EMPTY_MAP>
2019-09-12 10:31:53,949 [pool-93-thread-1] INFO  server.RaftServerConfigKeys (ConfUtils.java:logGet(43)) - raft.server.storage.dir = [/workdir/hadoop-ozone/integration-test/target/test-dir/MiniOzoneClusterImpl-8f4fcaf0-4acb-4edc-87bf-94a207340594/datanode-6/data/ratis] (custom)
2019-09-12 10:31:53,949 [pool-93-thread-1] INFO  storage.RaftStorageDirectory (RaftStorageDirectory.java:analyzeStorage(246)) - The storage directory /workdir/hadoop-ozone/integration-test/target/test-dir/MiniOzoneClusterImpl-8f4fcaf0-4acb-4edc-87bf-94a207340594/datanode-6/data/ratis/e821e6ce-5d5c-4881-9b23-47943592c246 does not exist. Creating ...
2019-09-12 10:31:53,975 [pool-93-thread-1] INFO  storage.RaftStorageDirectory (RaftStorageDirectory.java:tryLock(328)) - Lock on /workdir/hadoop-ozone/integration-test/target/test-dir/MiniOzoneClusterImpl-8f4fcaf0-4acb-4edc-87bf-94a207340594/datanode-6/data/ratis/e821e6ce-5d5c-4881-9b23-47943592c246/in_use.lock acquired by nodename 30709@pr-hdds-1569-xtfnx-3545843844
2019-09-12 10:31:53,988 [pool-93-thread-1] INFO  storage.RaftStorage (RaftStorage.java:format(72)) - Storage directory /workdir/hadoop-ozone/integration-test/target/test-dir/MiniOzoneClusterImpl-8f4fcaf0-4acb-4edc-87bf-94a207340594/datanode-6/data/ratis/e821e6ce-5d5c-4881-9b23-47943592c246 has been successfully formatted.
2019-09-12 10:31:53,989 [pool-93-thread-1] INFO  ratis.ContainerStateMachine (ContainerStateMachine.java:loadSnapshot(226)) - group-47943592C246: The snapshot info is null. Setting the last applied indexto:(t:0, i:~)
2019-09-12 10:31:53,989 [pool-93-thread-1] INFO  server.RaftServerConfigKeys (ConfUtils.java:logGet(43)) - raft.server.leader.election.timeout = 120s (custom)
2019-09-12 10:31:53,989 [pool-93-thread-1] INFO  server.RaftServerConfigKeys (ConfUtils.java:logGet(43)) - raft.server.log.use.memory = false (default)
2019-09-12 10:31:53,989 [pool-93-thread-1] INFO  server.RaftServerConfigKeys (ConfUtils.java:logGet(43)) - raft.server.log.purge.gap = 1000000 (custom)
2019-09-12 10:31:53,989 [pool-93-thread-1] INFO  server.RaftServerConfigKeys (ConfUtils.java:logGet(43)) - raft.server.log.appender.buffer.byte-limit = 33554432 (custom)
2019-09-12 10:31:53,989 [pool-93-thread-1] INFO  server.RaftServerConfigKeys (ConfUtils.java:logGet(43)) - raft.server.log.segment.size.max = 1048576 (custom)
2019-09-12 10:31:53,990 [pool-93-thread-1] INFO  server.RaftServerConfigKeys (ConfUtils.java:logGet(43)) - raft.server.log.segment.cache.num.max = 2 (custom)
2019-09-12 10:31:53,990 [pool-93-thread-1] INFO  segmented.SegmentedRaftLogWorker (SegmentedRaftLogWorker.java:<init>(172)) - new 987bcea4-2fc9-416e-8dfa-fe4cc4293164-SegmentedRaftLogWorker:Storage Directory /workdir/hadoop-ozone/integration-test/target/test-dir/MiniOzoneClusterImpl-8f4fcaf0-4acb-4edc-87bf-94a207340594/datanode-6/data/ratis/e821e6ce-5d5c-4881-9b23-47943592c246 for RaftStorage:Storage Directory /workdir/hadoop-ozone/integration-test/target/test-dir/MiniOzoneClusterImpl-8f4fcaf0-4acb-4edc-87bf-94a207340594/datanode-6/data/ratis/e821e6ce-5d5c-4881-9b23-47943592c246
2019-09-12 10:31:53,990 [pool-93-thread-1] INFO  server.RaftServerConfigKeys (ConfUtils.java:logGet(43)) - raft.server.log.queue.byte-limit = 2147483647 (custom)
2019-09-12 10:31:53,990 [pool-93-thread-1] INFO  server.RaftServerConfigKeys (ConfUtils.java:logGet(43)) - raft.server.log.queue.element-limit = 1024 (custom)
2019-09-12 10:31:53,990 [pool-93-thread-1] INFO  server.RaftServerConfigKeys (ConfUtils.java:logGet(43)) - raft.server.log.segment.size.max = 1048576 (custom)
2019-09-12 10:31:53,990 [pool-93-thread-1] INFO  server.RaftServerConfigKeys (ConfUtils.java:logGet(43)) - raft.server.log.preallocated.size = 16384 (custom)
2019-09-12 10:31:53,991 [pool-93-thread-1] INFO  server.RaftServerConfigKeys (ConfUtils.java:logGet(43)) - raft.server.log.write.buffer.size = 33554432 (custom)
2019-09-12 10:31:53,991 [pool-93-thread-1] INFO  server.RaftServerConfigKeys (ConfUtils.java:logGet(43)) - raft.server.log.force.sync.num = 128 (default)
2019-09-12 10:31:53,991 [pool-93-thread-1] INFO  server.RaftServerConfigKeys (ConfUtils.java:logGet(43)) - raft.server.log.statemachine.data.sync = true (default)
2019-09-12 10:31:53,991 [pool-93-thread-1] INFO  server.RaftServerConfigKeys (ConfUtils.java:logGet(43)) - raft.server.log.statemachine.data.sync.timeout = 10s (default)
2019-09-12 10:31:53,991 [pool-93-thread-1] INFO  server.RaftServerConfigKeys (ConfUtils.java:logGet(43)) - raft.server.log.statemachine.data.sync.timeout.retry = -1 (default)
2019-09-12 10:31:53,991 [pool-93-thread-1] INFO  server.RaftServerConfigKeys (ConfUtils.java:logGet(43)) - raft.server.log.statemachine.data.caching.enabled = true (custom)
2019-09-12 10:31:53,992 [pool-93-thread-1] INFO  segmented.SegmentedRaftLogWorker (SegmentedRaftLogWorker.java:lambda$new$0(132)) - 987bcea4-2fc9-416e-8dfa-fe4cc4293164-SegmentedRaftLogWorker:Storage Directory /workdir/hadoop-ozone/integration-test/target/test-dir/MiniOzoneClusterImpl-8f4fcaf0-4acb-4edc-87bf-94a207340594/datanode-6/data/ratis/e821e6ce-5d5c-4881-9b23-47943592c246: flushIndex: setUnconditionally 0 -> -1
2019-09-12 10:31:53,992 [pool-93-thread-1] INFO  server.RaftServerConfigKeys (ConfUtils.java:logGet(43)) - raft.server.snapshot.auto.trigger.enabled = true (custom)
2019-09-12 10:31:53,992 [pool-93-thread-1] INFO  server.RaftServerConfigKeys (ConfUtils.java:logGet(43)) - raft.server.snapshot.auto.trigger.threshold = 10000 (custom)
2019-09-12 10:31:53,993 [pool-93-thread-1] INFO  server.RaftServerConfigKeys (ConfUtils.java:logGet(43)) - raft.server.retrycache.expirytime = 600000ms (custom)
2019-09-12 10:31:53,993 [pool-93-thread-1] INFO  impl.RaftServerImpl (RaftServerImpl.java:start(180)) - 987bcea4-2fc9-416e-8dfa-fe4cc4293164: start group-47943592C246
2019-09-12 10:31:53,993 [pool-93-thread-1] INFO  impl.RaftServerImpl (RaftServerImpl.java:setRole(171)) - 987bcea4-2fc9-416e-8dfa-fe4cc4293164:group-47943592C246 changes role from null to FOLLOWER at term 0 for startAsFollower
2019-09-12 10:31:53,993 [pool-93-thread-1] INFO  impl.RoleInfo (RoleInfo.java:updateAndGet(143)) - 987bcea4-2fc9-416e-8dfa-fe4cc4293164: start FollowerState
2019-09-12 10:31:53,994 [pool-93-thread-1] INFO  util.JmxRegister (JmxRegister.java:tryRegister(44)) - Successfully registered JMX Bean with object name Ratis:service=RaftServer,group=group-47943592C246,id=987bcea4-2fc9-416e-8dfa-fe4cc4293164
2019-09-12 10:31:54,001 [RatisPipelineUtilsThread] INFO  pipeline.PipelineStateManager (PipelineStateManager.java:addPipeline(56)) - Created pipeline Pipeline[ Id: e821e6ce-5d5c-4881-9b23-47943592c246, Nodes: 987bcea4-2fc9-416e-8dfa-fe4cc4293164{ip: 192.168.157.195, host: pr-hdds-1569-xtfnx-3545843844, networkLocation: /default-rack, certSerialId: null}, Type:RATIS, Factor:ONE, State:OPEN]
2019-09-12 10:31:54,003 [RatisPipelineUtilsThread] ERROR pipeline.PipelinePlacementPolicy (PipelinePlacementPolicy.java:meetCriteria(91)) - Pipeline Placement: Doesn't meet the criteria to be viable node. Heaviness: 6
2019-09-12 10:31:54,003 [RatisPipelineUtilsThread] ERROR pipeline.PipelinePlacementPolicy (PipelinePlacementPolicy.java:meetCriteria(91)) - Pipeline Placement: Doesn't meet the criteria to be viable node. Heaviness: 6
2019-09-12 10:31:54,003 [RatisPipelineUtilsThread] ERROR pipeline.PipelinePlacementPolicy (PipelinePlacementPolicy.java:meetCriteria(91)) - Pipeline Placement: Doesn't meet the criteria to be viable node. Heaviness: 6
2019-09-12 10:31:54,003 [RatisPipelineUtilsThread] ERROR pipeline.PipelinePlacementPolicy (PipelinePlacementPolicy.java:meetCriteria(91)) - Pipeline Placement: Doesn't meet the criteria to be viable node. Heaviness: 6
2019-09-12 10:31:54,004 [RatisPipelineUtilsThread] ERROR pipeline.PipelinePlacementPolicy (PipelinePlacementPolicy.java:meetCriteria(91)) - Pipeline Placement: Doesn't meet the criteria to be viable node. Heaviness: 6
2019-09-12 10:31:54,004 [RatisPipelineUtilsThread] ERROR pipeline.PipelinePlacementPolicy (PipelinePlacementPolicy.java:meetCriteria(91)) - Pipeline Placement: Doesn't meet the criteria to be viable node. Heaviness: 6
2019-09-12 10:31:54,021 [grpc-default-executor-1] INFO  impl.RaftServerProxy (RaftServerProxy.java:addNew(89)) - 987bcea4-2fc9-416e-8dfa-fe4cc4293164: addNew group-734622D3AF6D:[987bcea4-2fc9-416e-8dfa-fe4cc4293164:192.168.157.195:40438] returns group-734622D3AF6D:java.util.concurrent.CompletableFuture@6111d7a3[Not completed]
2019-09-12 10:31:54,023 [pool-93-thread-1] INFO  impl.RaftServerImpl (RaftServerImpl.java:<init>(93)) - 987bcea4-2fc9-416e-8dfa-fe4cc4293164: new RaftServerImpl for group-734622D3AF6D:[987bcea4-2fc9-416e-8dfa-fe4cc4293164:192.168.157.195:40438] with ContainerStateMachine:uninitialized
2019-09-12 10:31:54,023 [pool-93-thread-1] INFO  server.RaftServerConfigKeys (ConfUtils.java:logGet(43)) - raft.server.rpc.timeout.min = 5s (custom)
2019-09-12 10:31:54,023 [pool-93-thread-1] INFO  server.RaftServerConfigKeys (ConfUtils.java:logGet(43)) - raft.server.rpc.timeout.max = 5200ms (custom)
2019-09-12 10:31:54,024 [pool-93-thread-1] INFO  server.RaftServerConfigKeys (ConfUtils.java:logGet(43)) - raft.server.rpcslowness.timeout = 120s (custom)
2019-09-12 10:31:54,024 [pool-93-thread-1] INFO  server.RaftServerConfigKeys (ConfUtils.java:logGet(43)) - raft.server.sleep.deviation.threshold = 300 (default)
2019-09-12 10:31:54,024 [pool-93-thread-1] INFO  server.RaftServerConfigKeys (ConfUtils.java:logGet(43)) - raft.server.log.appender.install.snapshot.enabled = false (custom)
2019-09-12 10:31:54,024 [pool-93-thread-1] INFO  impl.RaftServerImpl (ServerState.java:<init>(105)) - 987bcea4-2fc9-416e-8dfa-fe4cc4293164:group-734622D3AF6D ConfigurationManager, init=-1: [987bcea4-2fc9-416e-8dfa-fe4cc4293164:192.168.157.195:40438], old=null, confs=<EMPTY_MAP>
2019-09-12 10:31:54,025 [pool-93-thread-1] INFO  server.RaftServerConfigKeys (ConfUtils.java:logGet(43)) - raft.server.storage.dir = [/workdir/hadoop-ozone/integration-test/target/test-dir/MiniOzoneClusterImpl-8f4fcaf0-4acb-4edc-87bf-94a207340594/datanode-6/data/ratis] (custom)
2019-09-12 10:31:54,025 [pool-93-thread-1] INFO  storage.RaftStorageDirectory (RaftStorageDirectory.java:analyzeStorage(246)) - The storage directory /workdir/hadoop-ozone/integration-test/target/test-dir/MiniOzoneClusterImpl-8f4fcaf0-4acb-4edc-87bf-94a207340594/datanode-6/data/ratis/c9055ddb-7d2e-4914-a0ec-734622d3af6d does not exist. Creating ...
2019-09-12 10:31:54,055 [pool-93-thread-1] INFO  storage.RaftStorageDirectory (RaftStorageDirectory.java:tryLock(328)) - Lock on /workdir/hadoop-ozone/integration-test/target/test-dir/MiniOzoneClusterImpl-8f4fcaf0-4acb-4edc-87bf-94a207340594/datanode-6/data/ratis/c9055ddb-7d2e-4914-a0ec-734622d3af6d/in_use.lock acquired by nodename 30709@pr-hdds-1569-xtfnx-3545843844
2019-09-12 10:31:54,064 | INFO  | SCMAudit | user=jenkins1000 | ip=192.168.157.195 | op=SEND_HEARTBEAT {datanodeUUID=bdf9e822-047f-40fc-a343-36702e59eb3b, command=[]} | ret=SUCCESS |  
2019-09-12 10:31:54,077 [pool-93-thread-1] INFO  storage.RaftStorage (RaftStorage.java:format(72)) - Storage directory /workdir/hadoop-ozone/integration-test/target/test-dir/MiniOzoneClusterImpl-8f4fcaf0-4acb-4edc-87bf-94a207340594/datanode-6/data/ratis/c9055ddb-7d2e-4914-a0ec-734622d3af6d has been successfully formatted.
2019-09-12 10:31:54,078 [pool-93-thread-1] INFO  ratis.ContainerStateMachine (ContainerStateMachine.java:loadSnapshot(226)) - group-734622D3AF6D: The snapshot info is null. Setting the last applied indexto:(t:0, i:~)
2019-09-12 10:31:54,078 [pool-93-thread-1] INFO  server.RaftServerConfigKeys (ConfUtils.java:logGet(43)) - raft.server.leader.election.timeout = 120s (custom)
2019-09-12 10:31:54,078 [pool-93-thread-1] INFO  server.RaftServerConfigKeys (ConfUtils.java:logGet(43)) - raft.server.log.use.memory = false (default)
2019-09-12 10:31:54,078 [pool-93-thread-1] INFO  server.RaftServerConfigKeys (ConfUtils.java:logGet(43)) - raft.server.log.purge.gap = 1000000 (custom)
2019-09-12 10:31:54,079 [pool-93-thread-1] INFO  server.RaftServerConfigKeys (ConfUtils.java:logGet(43)) - raft.server.log.appender.buffer.byte-limit = 33554432 (custom)
2019-09-12 10:31:54,079 [pool-93-thread-1] INFO  server.RaftServerConfigKeys (ConfUtils.java:logGet(43)) - raft.server.log.segment.size.max = 1048576 (custom)
2019-09-12 10:31:54,079 [pool-93-thread-1] INFO  server.RaftServerConfigKeys (ConfUtils.java:logGet(43)) - raft.server.log.segment.cache.num.max = 2 (custom)
2019-09-12 10:31:54,079 [pool-93-thread-1] INFO  segmented.SegmentedRaftLogWorker (SegmentedRaftLogWorker.java:<init>(172)) - new 987bcea4-2fc9-416e-8dfa-fe4cc4293164-SegmentedRaftLogWorker:Storage Directory /workdir/hadoop-ozone/integration-test/target/test-dir/MiniOzoneClusterImpl-8f4fcaf0-4acb-4edc-87bf-94a207340594/datanode-6/data/ratis/c9055ddb-7d2e-4914-a0ec-734622d3af6d for RaftStorage:Storage Directory /workdir/hadoop-ozone/integration-test/target/test-dir/MiniOzoneClusterImpl-8f4fcaf0-4acb-4edc-87bf-94a207340594/datanode-6/data/ratis/c9055ddb-7d2e-4914-a0ec-734622d3af6d
2019-09-12 10:31:54,079 [pool-93-thread-1] INFO  server.RaftServerConfigKeys (ConfUtils.java:logGet(43)) - raft.server.log.queue.byte-limit = 2147483647 (custom)
2019-09-12 10:31:54,080 [pool-93-thread-1] INFO  server.RaftServerConfigKeys (ConfUtils.java:logGet(43)) - raft.server.log.queue.element-limit = 1024 (custom)
2019-09-12 10:31:54,080 [pool-93-thread-1] INFO  server.RaftServerConfigKeys (ConfUtils.java:logGet(43)) - raft.server.log.segment.size.max = 1048576 (custom)
2019-09-12 10:31:54,080 [pool-93-thread-1] INFO  server.RaftServerConfigKeys (ConfUtils.java:logGet(43)) - raft.server.log.preallocated.size = 16384 (custom)
2019-09-12 10:31:54,080 [pool-93-thread-1] INFO  server.RaftServerConfigKeys (ConfUtils.java:logGet(43)) - raft.server.log.write.buffer.size = 33554432 (custom)
2019-09-12 10:31:54,080 [pool-93-thread-1] INFO  server.RaftServerConfigKeys (ConfUtils.java:logGet(43)) - raft.server.log.force.sync.num = 128 (default)
2019-09-12 10:31:54,080 [pool-93-thread-1] INFO  server.RaftServerConfigKeys (ConfUtils.java:logGet(43)) - raft.server.log.statemachine.data.sync = true (default)
2019-09-12 10:31:54,081 [pool-93-thread-1] INFO  server.RaftServerConfigKeys (ConfUtils.java:logGet(43)) - raft.server.log.statemachine.data.sync.timeout = 10s (default)
2019-09-12 10:31:54,081 [pool-93-thread-1] INFO  server.RaftServerConfigKeys (ConfUtils.java:logGet(43)) - raft.server.log.statemachine.data.sync.timeout.retry = -1 (default)
2019-09-12 10:31:54,081 [pool-93-thread-1] INFO  server.RaftServerConfigKeys (ConfUtils.java:logGet(43)) - raft.server.log.statemachine.data.caching.enabled = true (custom)
2019-09-12 10:31:54,081 [pool-93-thread-1] INFO  segmented.SegmentedRaftLogWorker (SegmentedRaftLogWorker.java:lambda$new$0(132)) - 987bcea4-2fc9-416e-8dfa-fe4cc4293164-SegmentedRaftLogWorker:Storage Directory /workdir/hadoop-ozone/integration-test/target/test-dir/MiniOzoneClusterImpl-8f4fcaf0-4acb-4edc-87bf-94a207340594/datanode-6/data/ratis/c9055ddb-7d2e-4914-a0ec-734622d3af6d: flushIndex: setUnconditionally 0 -> -1
2019-09-12 10:31:54,082 [pool-93-thread-1] INFO  server.RaftServerConfigKeys (ConfUtils.java:logGet(43)) - raft.server.snapshot.auto.trigger.enabled = true (custom)
2019-09-12 10:31:54,082 [pool-93-thread-1] INFO  server.RaftServerConfigKeys (ConfUtils.java:logGet(43)) - raft.server.snapshot.auto.trigger.threshold = 10000 (custom)
2019-09-12 10:31:54,082 [pool-93-thread-1] INFO  server.RaftServerConfigKeys (ConfUtils.java:logGet(43)) - raft.server.retrycache.expirytime = 600000ms (custom)
2019-09-12 10:31:54,083 [pool-93-thread-1] INFO  impl.RaftServerImpl (RaftServerImpl.java:start(180)) - 987bcea4-2fc9-416e-8dfa-fe4cc4293164: start group-734622D3AF6D
2019-09-12 10:31:54,083 [pool-93-thread-1] INFO  impl.RaftServerImpl (RaftServerImpl.java:setRole(171)) - 987bcea4-2fc9-416e-8dfa-fe4cc4293164:group-734622D3AF6D changes role from null to FOLLOWER at term 0 for startAsFollower
2019-09-12 10:31:54,083 [pool-93-thread-1] INFO  impl.RoleInfo (RoleInfo.java:updateAndGet(143)) - 987bcea4-2fc9-416e-8dfa-fe4cc4293164: start FollowerState
2019-09-12 10:31:54,083 [pool-93-thread-1] INFO  util.JmxRegister (JmxRegister.java:tryRegister(44)) - Successfully registered JMX Bean with object name Ratis:service=RaftServer,group=group-734622D3AF6D,id=987bcea4-2fc9-416e-8dfa-fe4cc4293164
2019-09-12 10:31:54,089 [RatisPipelineUtilsThread] INFO  pipeline.PipelineStateManager (PipelineStateManager.java:addPipeline(56)) - Created pipeline Pipeline[ Id: c9055ddb-7d2e-4914-a0ec-734622d3af6d, Nodes: 987bcea4-2fc9-416e-8dfa-fe4cc4293164{ip: 192.168.157.195, host: pr-hdds-1569-xtfnx-3545843844, networkLocation: /default-rack, certSerialId: null}, Type:RATIS, Factor:ONE, State:OPEN]
2019-09-12 10:31:54,100 [RatisPipelineUtilsThread] ERROR pipeline.PipelinePlacementPolicy (PipelinePlacementPolicy.java:meetCriteria(91)) - Pipeline Placement: Doesn't meet the criteria to be viable node. Heaviness: 6
2019-09-12 10:31:54,100 [RatisPipelineUtilsThread] ERROR pipeline.PipelinePlacementPolicy (PipelinePlacementPolicy.java:meetCriteria(91)) - Pipeline Placement: Doesn't meet the criteria to be viable node. Heaviness: 6
2019-09-12 10:31:54,100 [RatisPipelineUtilsThread] ERROR pipeline.PipelinePlacementPolicy (PipelinePlacementPolicy.java:meetCriteria(91)) - Pipeline Placement: Doesn't meet the criteria to be viable node. Heaviness: 6
2019-09-12 10:31:54,100 [RatisPipelineUtilsThread] ERROR pipeline.PipelinePlacementPolicy (PipelinePlacementPolicy.java:meetCriteria(91)) - Pipeline Placement: Doesn't meet the criteria to be viable node. Heaviness: 6
2019-09-12 10:31:54,100 [RatisPipelineUtilsThread] ERROR pipeline.PipelinePlacementPolicy (PipelinePlacementPolicy.java:meetCriteria(91)) - Pipeline Placement: Doesn't meet the criteria to be viable node. Heaviness: 6
2019-09-12 10:31:54,100 [RatisPipelineUtilsThread] ERROR pipeline.PipelinePlacementPolicy (PipelinePlacementPolicy.java:meetCriteria(91)) - Pipeline Placement: Doesn't meet the criteria to be viable node. Heaviness: 6
2019-09-12 10:31:54,117 [grpc-default-executor-1] INFO  impl.RaftServerProxy (RaftServerProxy.java:addNew(89)) - 987bcea4-2fc9-416e-8dfa-fe4cc4293164: addNew group-F79BF40EB0D5:[987bcea4-2fc9-416e-8dfa-fe4cc4293164:192.168.157.195:40438] returns group-F79BF40EB0D5:java.util.concurrent.CompletableFuture@5a64d53d[Not completed]
2019-09-12 10:31:54,119 [pool-93-thread-1] INFO  impl.RaftServerImpl (RaftServerImpl.java:<init>(93)) - 987bcea4-2fc9-416e-8dfa-fe4cc4293164: new RaftServerImpl for group-F79BF40EB0D5:[987bcea4-2fc9-416e-8dfa-fe4cc4293164:192.168.157.195:40438] with ContainerStateMachine:uninitialized
2019-09-12 10:31:54,119 [pool-93-thread-1] INFO  server.RaftServerConfigKeys (ConfUtils.java:logGet(43)) - raft.server.rpc.timeout.min = 5s (custom)
2019-09-12 10:31:54,119 [pool-93-thread-1] INFO  server.RaftServerConfigKeys (ConfUtils.java:logGet(43)) - raft.server.rpc.timeout.max = 5200ms (custom)
2019-09-12 10:31:54,120 [pool-93-thread-1] INFO  server.RaftServerConfigKeys (ConfUtils.java:logGet(43)) - raft.server.rpcslowness.timeout = 120s (custom)
2019-09-12 10:31:54,120 [pool-93-thread-1] INFO  server.RaftServerConfigKeys (ConfUtils.java:logGet(43)) - raft.server.sleep.deviation.threshold = 300 (default)
2019-09-12 10:31:54,120 [pool-93-thread-1] INFO  server.RaftServerConfigKeys (ConfUtils.java:logGet(43)) - raft.server.log.appender.install.snapshot.enabled = false (custom)
2019-09-12 10:31:54,120 [pool-93-thread-1] INFO  impl.RaftServerImpl (ServerState.java:<init>(105)) - 987bcea4-2fc9-416e-8dfa-fe4cc4293164:group-F79BF40EB0D5 ConfigurationManager, init=-1: [987bcea4-2fc9-416e-8dfa-fe4cc4293164:192.168.157.195:40438], old=null, confs=<EMPTY_MAP>
2019-09-12 10:31:54,120 [pool-93-thread-1] INFO  server.RaftServerConfigKeys (ConfUtils.java:logGet(43)) - raft.server.storage.dir = [/workdir/hadoop-ozone/integration-test/target/test-dir/MiniOzoneClusterImpl-8f4fcaf0-4acb-4edc-87bf-94a207340594/datanode-6/data/ratis] (custom)
2019-09-12 10:31:54,121 [pool-93-thread-1] INFO  storage.RaftStorageDirectory (RaftStorageDirectory.java:analyzeStorage(246)) - The storage directory /workdir/hadoop-ozone/integration-test/target/test-dir/MiniOzoneClusterImpl-8f4fcaf0-4acb-4edc-87bf-94a207340594/datanode-6/data/ratis/fde5b285-9a63-4121-aa58-f79bf40eb0d5 does not exist. Creating ...
2019-09-12 10:31:54,146 [pool-93-thread-1] INFO  storage.RaftStorageDirectory (RaftStorageDirectory.java:tryLock(328)) - Lock on /workdir/hadoop-ozone/integration-test/target/test-dir/MiniOzoneClusterImpl-8f4fcaf0-4acb-4edc-87bf-94a207340594/datanode-6/data/ratis/fde5b285-9a63-4121-aa58-f79bf40eb0d5/in_use.lock acquired by nodename 30709@pr-hdds-1569-xtfnx-3545843844
2019-09-12 10:31:54,159 [pool-93-thread-1] INFO  storage.RaftStorage (RaftStorage.java:format(72)) - Storage directory /workdir/hadoop-ozone/integration-test/target/test-dir/MiniOzoneClusterImpl-8f4fcaf0-4acb-4edc-87bf-94a207340594/datanode-6/data/ratis/fde5b285-9a63-4121-aa58-f79bf40eb0d5 has been successfully formatted.
2019-09-12 10:31:54,160 [pool-93-thread-1] INFO  ratis.ContainerStateMachine (ContainerStateMachine.java:loadSnapshot(226)) - group-F79BF40EB0D5: The snapshot info is null. Setting the last applied indexto:(t:0, i:~)
2019-09-12 10:31:54,160 [pool-93-thread-1] INFO  server.RaftServerConfigKeys (ConfUtils.java:logGet(43)) - raft.server.leader.election.timeout = 120s (custom)
2019-09-12 10:31:54,160 [pool-93-thread-1] INFO  server.RaftServerConfigKeys (ConfUtils.java:logGet(43)) - raft.server.log.use.memory = false (default)
2019-09-12 10:31:54,160 [pool-93-thread-1] INFO  server.RaftServerConfigKeys (ConfUtils.java:logGet(43)) - raft.server.log.purge.gap = 1000000 (custom)
2019-09-12 10:31:54,160 [pool-93-thread-1] INFO  server.RaftServerConfigKeys (ConfUtils.java:logGet(43)) - raft.server.log.appender.buffer.byte-limit = 33554432 (custom)
2019-09-12 10:31:54,161 [pool-93-thread-1] INFO  server.RaftServerConfigKeys (ConfUtils.java:logGet(43)) - raft.server.log.segment.size.max = 1048576 (custom)
2019-09-12 10:31:54,161 [pool-93-thread-1] INFO  server.RaftServerConfigKeys (ConfUtils.java:logGet(43)) - raft.server.log.segment.cache.num.max = 2 (custom)
2019-09-12 10:31:54,161 [pool-93-thread-1] INFO  segmented.SegmentedRaftLogWorker (SegmentedRaftLogWorker.java:<init>(172)) - new 987bcea4-2fc9-416e-8dfa-fe4cc4293164-SegmentedRaftLogWorker:Storage Directory /workdir/hadoop-ozone/integration-test/target/test-dir/MiniOzoneClusterImpl-8f4fcaf0-4acb-4edc-87bf-94a207340594/datanode-6/data/ratis/fde5b285-9a63-4121-aa58-f79bf40eb0d5 for RaftStorage:Storage Directory /workdir/hadoop-ozone/integration-test/target/test-dir/MiniOzoneClusterImpl-8f4fcaf0-4acb-4edc-87bf-94a207340594/datanode-6/data/ratis/fde5b285-9a63-4121-aa58-f79bf40eb0d5
2019-09-12 10:31:54,161 [pool-93-thread-1] INFO  server.RaftServerConfigKeys (ConfUtils.java:logGet(43)) - raft.server.log.queue.byte-limit = 2147483647 (custom)
2019-09-12 10:31:54,161 [pool-93-thread-1] INFO  server.RaftServerConfigKeys (ConfUtils.java:logGet(43)) - raft.server.log.queue.element-limit = 1024 (custom)
2019-09-12 10:31:54,161 [pool-93-thread-1] INFO  server.RaftServerConfigKeys (ConfUtils.java:logGet(43)) - raft.server.log.segment.size.max = 1048576 (custom)
2019-09-12 10:31:54,161 [pool-93-thread-1] INFO  server.RaftServerConfigKeys (ConfUtils.java:logGet(43)) - raft.server.log.preallocated.size = 16384 (custom)
2019-09-12 10:31:54,161 [pool-93-thread-1] INFO  server.RaftServerConfigKeys (ConfUtils.java:logGet(43)) - raft.server.log.write.buffer.size = 33554432 (custom)
2019-09-12 10:31:54,162 [pool-93-thread-1] INFO  server.RaftServerConfigKeys (ConfUtils.java:logGet(43)) - raft.server.log.force.sync.num = 128 (default)
2019-09-12 10:31:54,162 [pool-93-thread-1] INFO  server.RaftServerConfigKeys (ConfUtils.java:logGet(43)) - raft.server.log.statemachine.data.sync = true (default)
2019-09-12 10:31:54,162 [pool-93-thread-1] INFO  server.RaftServerConfigKeys (ConfUtils.java:logGet(43)) - raft.server.log.statemachine.data.sync.timeout = 10s (default)
2019-09-12 10:31:54,162 [pool-93-thread-1] INFO  server.RaftServerConfigKeys (ConfUtils.java:logGet(43)) - raft.server.log.statemachine.data.sync.timeout.retry = -1 (default)
2019-09-12 10:31:54,162 [pool-93-thread-1] INFO  server.RaftServerConfigKeys (ConfUtils.java:logGet(43)) - raft.server.log.statemachine.data.caching.enabled = true (custom)
2019-09-12 10:31:54,163 [pool-93-thread-1] INFO  segmented.SegmentedRaftLogWorker (SegmentedRaftLogWorker.java:lambda$new$0(132)) - 987bcea4-2fc9-416e-8dfa-fe4cc4293164-SegmentedRaftLogWorker:Storage Directory /workdir/hadoop-ozone/integration-test/target/test-dir/MiniOzoneClusterImpl-8f4fcaf0-4acb-4edc-87bf-94a207340594/datanode-6/data/ratis/fde5b285-9a63-4121-aa58-f79bf40eb0d5: flushIndex: setUnconditionally 0 -> -1
2019-09-12 10:31:54,163 [pool-93-thread-1] INFO  server.RaftServerConfigKeys (ConfUtils.java:logGet(43)) - raft.server.snapshot.auto.trigger.enabled = true (custom)
2019-09-12 10:31:54,163 [pool-93-thread-1] INFO  server.RaftServerConfigKeys (ConfUtils.java:logGet(43)) - raft.server.snapshot.auto.trigger.threshold = 10000 (custom)
2019-09-12 10:31:54,163 [pool-93-thread-1] INFO  server.RaftServerConfigKeys (ConfUtils.java:logGet(43)) - raft.server.retrycache.expirytime = 600000ms (custom)
2019-09-12 10:31:54,163 [pool-93-thread-1] INFO  impl.RaftServerImpl (RaftServerImpl.java:start(180)) - 987bcea4-2fc9-416e-8dfa-fe4cc4293164: start group-F79BF40EB0D5
2019-09-12 10:31:54,164 [pool-93-thread-1] INFO  impl.RaftServerImpl (RaftServerImpl.java:setRole(171)) - 987bcea4-2fc9-416e-8dfa-fe4cc4293164:group-F79BF40EB0D5 changes role from null to FOLLOWER at term 0 for startAsFollower
2019-09-12 10:31:54,164 [pool-93-thread-1] INFO  impl.RoleInfo (RoleInfo.java:updateAndGet(143)) - 987bcea4-2fc9-416e-8dfa-fe4cc4293164: start FollowerState
2019-09-12 10:31:54,173 [pool-93-thread-1] INFO  util.JmxRegister (JmxRegister.java:tryRegister(44)) - Successfully registered JMX Bean with object name Ratis:service=RaftServer,group=group-F79BF40EB0D5,id=987bcea4-2fc9-416e-8dfa-fe4cc4293164
2019-09-12 10:31:54,189 [RatisPipelineUtilsThread] INFO  pipeline.PipelineStateManager (PipelineStateManager.java:addPipeline(56)) - Created pipeline Pipeline[ Id: fde5b285-9a63-4121-aa58-f79bf40eb0d5, Nodes: 987bcea4-2fc9-416e-8dfa-fe4cc4293164{ip: 192.168.157.195, host: pr-hdds-1569-xtfnx-3545843844, networkLocation: /default-rack, certSerialId: null}, Type:RATIS, Factor:ONE, State:OPEN]
2019-09-12 10:31:54,189 [RatisPipelineUtilsThread] ERROR pipeline.PipelinePlacementPolicy (PipelinePlacementPolicy.java:meetCriteria(91)) - Pipeline Placement: Doesn't meet the criteria to be viable node. Heaviness: 6
2019-09-12 10:31:54,189 [RatisPipelineUtilsThread] ERROR pipeline.PipelinePlacementPolicy (PipelinePlacementPolicy.java:meetCriteria(91)) - Pipeline Placement: Doesn't meet the criteria to be viable node. Heaviness: 6
2019-09-12 10:31:54,189 [RatisPipelineUtilsThread] ERROR pipeline.PipelinePlacementPolicy (PipelinePlacementPolicy.java:meetCriteria(91)) - Pipeline Placement: Doesn't meet the criteria to be viable node. Heaviness: 6
2019-09-12 10:31:54,190 [RatisPipelineUtilsThread] ERROR pipeline.PipelinePlacementPolicy (PipelinePlacementPolicy.java:meetCriteria(91)) - Pipeline Placement: Doesn't meet the criteria to be viable node. Heaviness: 6
2019-09-12 10:31:54,190 [RatisPipelineUtilsThread] ERROR pipeline.PipelinePlacementPolicy (PipelinePlacementPolicy.java:meetCriteria(91)) - Pipeline Placement: Doesn't meet the criteria to be viable node. Heaviness: 6
2019-09-12 10:31:54,190 [RatisPipelineUtilsThread] ERROR pipeline.PipelinePlacementPolicy (PipelinePlacementPolicy.java:meetCriteria(91)) - Pipeline Placement: Doesn't meet the criteria to be viable node. Heaviness: 6
2019-09-12 10:31:54,195 [grpc-default-executor-1] INFO  impl.RaftServerProxy (RaftServerProxy.java:addNew(89)) - 987bcea4-2fc9-416e-8dfa-fe4cc4293164: addNew group-897AFC69249C:[987bcea4-2fc9-416e-8dfa-fe4cc4293164:192.168.157.195:40438] returns group-897AFC69249C:java.util.concurrent.CompletableFuture@51f4bb38[Not completed]
2019-09-12 10:31:54,197 [pool-93-thread-1] INFO  impl.RaftServerImpl (RaftServerImpl.java:<init>(93)) - 987bcea4-2fc9-416e-8dfa-fe4cc4293164: new RaftServerImpl for group-897AFC69249C:[987bcea4-2fc9-416e-8dfa-fe4cc4293164:192.168.157.195:40438] with ContainerStateMachine:uninitialized
2019-09-12 10:31:54,197 [pool-93-thread-1] INFO  server.RaftServerConfigKeys (ConfUtils.java:logGet(43)) - raft.server.rpc.timeout.min = 5s (custom)
2019-09-12 10:31:54,197 [pool-93-thread-1] INFO  server.RaftServerConfigKeys (ConfUtils.java:logGet(43)) - raft.server.rpc.timeout.max = 5200ms (custom)
2019-09-12 10:31:54,197 [pool-93-thread-1] INFO  server.RaftServerConfigKeys (ConfUtils.java:logGet(43)) - raft.server.rpcslowness.timeout = 120s (custom)
2019-09-12 10:31:54,197 [pool-93-thread-1] INFO  server.RaftServerConfigKeys (ConfUtils.java:logGet(43)) - raft.server.sleep.deviation.threshold = 300 (default)
2019-09-12 10:31:54,197 [pool-93-thread-1] INFO  server.RaftServerConfigKeys (ConfUtils.java:logGet(43)) - raft.server.log.appender.install.snapshot.enabled = false (custom)
2019-09-12 10:31:54,197 [pool-93-thread-1] INFO  impl.RaftServerImpl (ServerState.java:<init>(105)) - 987bcea4-2fc9-416e-8dfa-fe4cc4293164:group-897AFC69249C ConfigurationManager, init=-1: [987bcea4-2fc9-416e-8dfa-fe4cc4293164:192.168.157.195:40438], old=null, confs=<EMPTY_MAP>
2019-09-12 10:31:54,198 [pool-93-thread-1] INFO  server.RaftServerConfigKeys (ConfUtils.java:logGet(43)) - raft.server.storage.dir = [/workdir/hadoop-ozone/integration-test/target/test-dir/MiniOzoneClusterImpl-8f4fcaf0-4acb-4edc-87bf-94a207340594/datanode-6/data/ratis] (custom)
2019-09-12 10:31:54,198 [pool-93-thread-1] INFO  storage.RaftStorageDirectory (RaftStorageDirectory.java:analyzeStorage(246)) - The storage directory /workdir/hadoop-ozone/integration-test/target/test-dir/MiniOzoneClusterImpl-8f4fcaf0-4acb-4edc-87bf-94a207340594/datanode-6/data/ratis/e2ef63b9-d10f-405f-815d-897afc69249c does not exist. Creating ...
2019-09-12 10:31:54,211 [pool-93-thread-1] INFO  storage.RaftStorageDirectory (RaftStorageDirectory.java:tryLock(328)) - Lock on /workdir/hadoop-ozone/integration-test/target/test-dir/MiniOzoneClusterImpl-8f4fcaf0-4acb-4edc-87bf-94a207340594/datanode-6/data/ratis/e2ef63b9-d10f-405f-815d-897afc69249c/in_use.lock acquired by nodename 30709@pr-hdds-1569-xtfnx-3545843844
2019-09-12 10:31:54,225 [pool-93-thread-1] INFO  storage.RaftStorage (RaftStorage.java:format(72)) - Storage directory /workdir/hadoop-ozone/integration-test/target/test-dir/MiniOzoneClusterImpl-8f4fcaf0-4acb-4edc-87bf-94a207340594/datanode-6/data/ratis/e2ef63b9-d10f-405f-815d-897afc69249c has been successfully formatted.
2019-09-12 10:31:54,225 [pool-93-thread-1] INFO  ratis.ContainerStateMachine (ContainerStateMachine.java:loadSnapshot(226)) - group-897AFC69249C: The snapshot info is null. Setting the last applied indexto:(t:0, i:~)
2019-09-12 10:31:54,225 [pool-93-thread-1] INFO  server.RaftServerConfigKeys (ConfUtils.java:logGet(43)) - raft.server.leader.election.timeout = 120s (custom)
2019-09-12 10:31:54,226 [pool-93-thread-1] INFO  server.RaftServerConfigKeys (ConfUtils.java:logGet(43)) - raft.server.log.use.memory = false (default)
2019-09-12 10:31:54,226 [pool-93-thread-1] INFO  server.RaftServerConfigKeys (ConfUtils.java:logGet(43)) - raft.server.log.purge.gap = 1000000 (custom)
2019-09-12 10:31:54,226 [pool-93-thread-1] INFO  server.RaftServerConfigKeys (ConfUtils.java:logGet(43)) - raft.server.log.appender.buffer.byte-limit = 33554432 (custom)
2019-09-12 10:31:54,226 [pool-93-thread-1] INFO  server.RaftServerConfigKeys (ConfUtils.java:logGet(43)) - raft.server.log.segment.size.max = 1048576 (custom)
2019-09-12 10:31:54,226 [pool-93-thread-1] INFO  server.RaftServerConfigKeys (ConfUtils.java:logGet(43)) - raft.server.log.segment.cache.num.max = 2 (custom)
2019-09-12 10:31:54,226 [pool-93-thread-1] INFO  segmented.SegmentedRaftLogWorker (SegmentedRaftLogWorker.java:<init>(172)) - new 987bcea4-2fc9-416e-8dfa-fe4cc4293164-SegmentedRaftLogWorker:Storage Directory /workdir/hadoop-ozone/integration-test/target/test-dir/MiniOzoneClusterImpl-8f4fcaf0-4acb-4edc-87bf-94a207340594/datanode-6/data/ratis/e2ef63b9-d10f-405f-815d-897afc69249c for RaftStorage:Storage Directory /workdir/hadoop-ozone/integration-test/target/test-dir/MiniOzoneClusterImpl-8f4fcaf0-4acb-4edc-87bf-94a207340594/datanode-6/data/ratis/e2ef63b9-d10f-405f-815d-897afc69249c
2019-09-12 10:31:54,226 [pool-93-thread-1] INFO  server.RaftServerConfigKeys (ConfUtils.java:logGet(43)) - raft.server.log.queue.byte-limit = 2147483647 (custom)
2019-09-12 10:31:54,226 [pool-93-thread-1] INFO  server.RaftServerConfigKeys (ConfUtils.java:logGet(43)) - raft.server.log.queue.element-limit = 1024 (custom)
2019-09-12 10:31:54,227 [pool-93-thread-1] INFO  server.RaftServerConfigKeys (ConfUtils.java:logGet(43)) - raft.server.log.segment.size.max = 1048576 (custom)
2019-09-12 10:31:54,227 [pool-93-thread-1] INFO  server.RaftServerConfigKeys (ConfUtils.java:logGet(43)) - raft.server.log.preallocated.size = 16384 (custom)
2019-09-12 10:31:54,227 [pool-93-thread-1] INFO  server.RaftServerConfigKeys (ConfUtils.java:logGet(43)) - raft.server.log.write.buffer.size = 33554432 (custom)
2019-09-12 10:31:54,227 [pool-93-thread-1] INFO  server.RaftServerConfigKeys (ConfUtils.java:logGet(43)) - raft.server.log.force.sync.num = 128 (default)
2019-09-12 10:31:54,227 [pool-93-thread-1] INFO  server.RaftServerConfigKeys (ConfUtils.java:logGet(43)) - raft.server.log.statemachine.data.sync = true (default)
2019-09-12 10:31:54,227 [pool-93-thread-1] INFO  server.RaftServerConfigKeys (ConfUtils.java:logGet(43)) - raft.server.log.statemachine.data.sync.timeout = 10s (default)
2019-09-12 10:31:54,227 [pool-93-thread-1] INFO  server.RaftServerConfigKeys (ConfUtils.java:logGet(43)) - raft.server.log.statemachine.data.sync.timeout.retry = -1 (default)
2019-09-12 10:31:54,227 [pool-93-thread-1] INFO  server.RaftServerConfigKeys (ConfUtils.java:logGet(43)) - raft.server.log.statemachine.data.caching.enabled = true (custom)
2019-09-12 10:31:54,228 [pool-93-thread-1] INFO  segmented.SegmentedRaftLogWorker (SegmentedRaftLogWorker.java:lambda$new$0(132)) - 987bcea4-2fc9-416e-8dfa-fe4cc4293164-SegmentedRaftLogWorker:Storage Directory /workdir/hadoop-ozone/integration-test/target/test-dir/MiniOzoneClusterImpl-8f4fcaf0-4acb-4edc-87bf-94a207340594/datanode-6/data/ratis/e2ef63b9-d10f-405f-815d-897afc69249c: flushIndex: setUnconditionally 0 -> -1
2019-09-12 10:31:54,228 [pool-93-thread-1] INFO  server.RaftServerConfigKeys (ConfUtils.java:logGet(43)) - raft.server.snapshot.auto.trigger.enabled = true (custom)
2019-09-12 10:31:54,228 [pool-93-thread-1] INFO  server.RaftServerConfigKeys (ConfUtils.java:logGet(43)) - raft.server.snapshot.auto.trigger.threshold = 10000 (custom)
2019-09-12 10:31:54,228 [pool-93-thread-1] INFO  server.RaftServerConfigKeys (ConfUtils.java:logGet(43)) - raft.server.retrycache.expirytime = 600000ms (custom)
2019-09-12 10:31:54,228 [pool-93-thread-1] INFO  impl.RaftServerImpl (RaftServerImpl.java:start(180)) - 987bcea4-2fc9-416e-8dfa-fe4cc4293164: start group-897AFC69249C
2019-09-12 10:31:54,228 [pool-93-thread-1] INFO  impl.RaftServerImpl (RaftServerImpl.java:setRole(171)) - 987bcea4-2fc9-416e-8dfa-fe4cc4293164:group-897AFC69249C changes role from null to FOLLOWER at term 0 for startAsFollower
2019-09-12 10:31:54,228 [pool-93-thread-1] INFO  impl.RoleInfo (RoleInfo.java:updateAndGet(143)) - 987bcea4-2fc9-416e-8dfa-fe4cc4293164: start FollowerState
2019-09-12 10:31:54,229 [pool-93-thread-1] INFO  util.JmxRegister (JmxRegister.java:tryRegister(44)) - Successfully registered JMX Bean with object name Ratis:service=RaftServer,group=group-897AFC69249C,id=987bcea4-2fc9-416e-8dfa-fe4cc4293164
2019-09-12 10:31:54,232 [RatisPipelineUtilsThread] INFO  pipeline.PipelineStateManager (PipelineStateManager.java:addPipeline(56)) - Created pipeline Pipeline[ Id: e2ef63b9-d10f-405f-815d-897afc69249c, Nodes: 987bcea4-2fc9-416e-8dfa-fe4cc4293164{ip: 192.168.157.195, host: pr-hdds-1569-xtfnx-3545843844, networkLocation: /default-rack, certSerialId: null}, Type:RATIS, Factor:ONE, State:OPEN]
2019-09-12 10:31:54,232 [RatisPipelineUtilsThread] ERROR pipeline.PipelinePlacementPolicy (PipelinePlacementPolicy.java:meetCriteria(91)) - Pipeline Placement: Doesn't meet the criteria to be viable node. Heaviness: 6
2019-09-12 10:31:54,233 [RatisPipelineUtilsThread] ERROR pipeline.PipelinePlacementPolicy (PipelinePlacementPolicy.java:meetCriteria(91)) - Pipeline Placement: Doesn't meet the criteria to be viable node. Heaviness: 6
2019-09-12 10:31:54,233 [RatisPipelineUtilsThread] ERROR pipeline.PipelinePlacementPolicy (PipelinePlacementPolicy.java:meetCriteria(91)) - Pipeline Placement: Doesn't meet the criteria to be viable node. Heaviness: 6
2019-09-12 10:31:54,233 [RatisPipelineUtilsThread] ERROR pipeline.PipelinePlacementPolicy (PipelinePlacementPolicy.java:meetCriteria(91)) - Pipeline Placement: Doesn't meet the criteria to be viable node. Heaviness: 6
2019-09-12 10:31:54,233 [RatisPipelineUtilsThread] ERROR pipeline.PipelinePlacementPolicy (PipelinePlacementPolicy.java:meetCriteria(91)) - Pipeline Placement: Doesn't meet the criteria to be viable node. Heaviness: 6
2019-09-12 10:31:54,233 [RatisPipelineUtilsThread] ERROR pipeline.PipelinePlacementPolicy (PipelinePlacementPolicy.java:meetCriteria(91)) - Pipeline Placement: Doesn't meet the criteria to be viable node. Heaviness: 6
2019-09-12 10:31:54,238 [grpc-default-executor-1] INFO  impl.RaftServerProxy (RaftServerProxy.java:addNew(89)) - 987bcea4-2fc9-416e-8dfa-fe4cc4293164: addNew group-85D7D3DFFAF5:[987bcea4-2fc9-416e-8dfa-fe4cc4293164:192.168.157.195:40438] returns group-85D7D3DFFAF5:java.util.concurrent.CompletableFuture@66982637[Not completed]
2019-09-12 10:31:54,240 [pool-93-thread-1] INFO  impl.RaftServerImpl (RaftServerImpl.java:<init>(93)) - 987bcea4-2fc9-416e-8dfa-fe4cc4293164: new RaftServerImpl for group-85D7D3DFFAF5:[987bcea4-2fc9-416e-8dfa-fe4cc4293164:192.168.157.195:40438] with ContainerStateMachine:uninitialized
2019-09-12 10:31:54,240 [pool-93-thread-1] INFO  server.RaftServerConfigKeys (ConfUtils.java:logGet(43)) - raft.server.rpc.timeout.min = 5s (custom)
2019-09-12 10:31:54,240 [pool-93-thread-1] INFO  server.RaftServerConfigKeys (ConfUtils.java:logGet(43)) - raft.server.rpc.timeout.max = 5200ms (custom)
2019-09-12 10:31:54,240 [pool-93-thread-1] INFO  server.RaftServerConfigKeys (ConfUtils.java:logGet(43)) - raft.server.rpcslowness.timeout = 120s (custom)
2019-09-12 10:31:54,240 [pool-93-thread-1] INFO  server.RaftServerConfigKeys (ConfUtils.java:logGet(43)) - raft.server.sleep.deviation.threshold = 300 (default)
2019-09-12 10:31:54,240 [pool-93-thread-1] INFO  server.RaftServerConfigKeys (ConfUtils.java:logGet(43)) - raft.server.log.appender.install.snapshot.enabled = false (custom)
2019-09-12 10:31:54,240 [pool-93-thread-1] INFO  impl.RaftServerImpl (ServerState.java:<init>(105)) - 987bcea4-2fc9-416e-8dfa-fe4cc4293164:group-85D7D3DFFAF5 ConfigurationManager, init=-1: [987bcea4-2fc9-416e-8dfa-fe4cc4293164:192.168.157.195:40438], old=null, confs=<EMPTY_MAP>
2019-09-12 10:31:54,240 [pool-93-thread-1] INFO  server.RaftServerConfigKeys (ConfUtils.java:logGet(43)) - raft.server.storage.dir = [/workdir/hadoop-ozone/integration-test/target/test-dir/MiniOzoneClusterImpl-8f4fcaf0-4acb-4edc-87bf-94a207340594/datanode-6/data/ratis] (custom)
2019-09-12 10:31:54,241 [pool-93-thread-1] INFO  storage.RaftStorageDirectory (RaftStorageDirectory.java:analyzeStorage(246)) - The storage directory /workdir/hadoop-ozone/integration-test/target/test-dir/MiniOzoneClusterImpl-8f4fcaf0-4acb-4edc-87bf-94a207340594/datanode-6/data/ratis/3d39cfa6-38a6-40bd-aa58-85d7d3dffaf5 does not exist. Creating ...
2019-09-12 10:31:54,253 [pool-93-thread-1] INFO  storage.RaftStorageDirectory (RaftStorageDirectory.java:tryLock(328)) - Lock on /workdir/hadoop-ozone/integration-test/target/test-dir/MiniOzoneClusterImpl-8f4fcaf0-4acb-4edc-87bf-94a207340594/datanode-6/data/ratis/3d39cfa6-38a6-40bd-aa58-85d7d3dffaf5/in_use.lock acquired by nodename 30709@pr-hdds-1569-xtfnx-3545843844
2019-09-12 10:31:54,261 | INFO  | SCMAudit | user=jenkins1000 | ip=192.168.157.195 | op=SEND_HEARTBEAT {datanodeUUID=2568e786-00ee-48a3-80d4-4df304b22b3f, command=[]} | ret=SUCCESS |  
2019-09-12 10:31:54,265 [pool-93-thread-1] INFO  storage.RaftStorage (RaftStorage.java:format(72)) - Storage directory /workdir/hadoop-ozone/integration-test/target/test-dir/MiniOzoneClusterImpl-8f4fcaf0-4acb-4edc-87bf-94a207340594/datanode-6/data/ratis/3d39cfa6-38a6-40bd-aa58-85d7d3dffaf5 has been successfully formatted.
2019-09-12 10:31:54,266 [pool-93-thread-1] INFO  ratis.ContainerStateMachine (ContainerStateMachine.java:loadSnapshot(226)) - group-85D7D3DFFAF5: The snapshot info is null. Setting the last applied indexto:(t:0, i:~)
2019-09-12 10:31:54,266 [pool-93-thread-1] INFO  server.RaftServerConfigKeys (ConfUtils.java:logGet(43)) - raft.server.leader.election.timeout = 120s (custom)
2019-09-12 10:31:54,266 [pool-93-thread-1] INFO  server.RaftServerConfigKeys (ConfUtils.java:logGet(43)) - raft.server.log.use.memory = false (default)
2019-09-12 10:31:54,266 [pool-93-thread-1] INFO  server.RaftServerConfigKeys (ConfUtils.java:logGet(43)) - raft.server.log.purge.gap = 1000000 (custom)
2019-09-12 10:31:54,266 [pool-93-thread-1] INFO  server.RaftServerConfigKeys (ConfUtils.java:logGet(43)) - raft.server.log.appender.buffer.byte-limit = 33554432 (custom)
2019-09-12 10:31:54,266 [pool-93-thread-1] INFO  server.RaftServerConfigKeys (ConfUtils.java:logGet(43)) - raft.server.log.segment.size.max = 1048576 (custom)
2019-09-12 10:31:54,266 [pool-93-thread-1] INFO  server.RaftServerConfigKeys (ConfUtils.java:logGet(43)) - raft.server.log.segment.cache.num.max = 2 (custom)
2019-09-12 10:31:54,266 [pool-93-thread-1] INFO  segmented.SegmentedRaftLogWorker (SegmentedRaftLogWorker.java:<init>(172)) - new 987bcea4-2fc9-416e-8dfa-fe4cc4293164-SegmentedRaftLogWorker:Storage Directory /workdir/hadoop-ozone/integration-test/target/test-dir/MiniOzoneClusterImpl-8f4fcaf0-4acb-4edc-87bf-94a207340594/datanode-6/data/ratis/3d39cfa6-38a6-40bd-aa58-85d7d3dffaf5 for RaftStorage:Storage Directory /workdir/hadoop-ozone/integration-test/target/test-dir/MiniOzoneClusterImpl-8f4fcaf0-4acb-4edc-87bf-94a207340594/datanode-6/data/ratis/3d39cfa6-38a6-40bd-aa58-85d7d3dffaf5
2019-09-12 10:31:54,266 [pool-93-thread-1] INFO  server.RaftServerConfigKeys (ConfUtils.java:logGet(43)) - raft.server.log.queue.byte-limit = 2147483647 (custom)
2019-09-12 10:31:54,267 [pool-93-thread-1] INFO  server.RaftServerConfigKeys (ConfUtils.java:logGet(43)) - raft.server.log.queue.element-limit = 1024 (custom)
2019-09-12 10:31:54,267 [pool-93-thread-1] INFO  server.RaftServerConfigKeys (ConfUtils.java:logGet(43)) - raft.server.log.segment.size.max = 1048576 (custom)
2019-09-12 10:31:54,267 [pool-93-thread-1] INFO  server.RaftServerConfigKeys (ConfUtils.java:logGet(43)) - raft.server.log.preallocated.size = 16384 (custom)
2019-09-12 10:31:54,267 [pool-93-thread-1] INFO  server.RaftServerConfigKeys (ConfUtils.java:logGet(43)) - raft.server.log.write.buffer.size = 33554432 (custom)
2019-09-12 10:31:54,267 [pool-93-thread-1] INFO  server.RaftServerConfigKeys (ConfUtils.java:logGet(43)) - raft.server.log.force.sync.num = 128 (default)
2019-09-12 10:31:54,267 [pool-93-thread-1] INFO  server.RaftServerConfigKeys (ConfUtils.java:logGet(43)) - raft.server.log.statemachine.data.sync = true (default)
2019-09-12 10:31:54,267 [pool-93-thread-1] INFO  server.RaftServerConfigKeys (ConfUtils.java:logGet(43)) - raft.server.log.statemachine.data.sync.timeout = 10s (default)
2019-09-12 10:31:54,267 [pool-93-thread-1] INFO  server.RaftServerConfigKeys (ConfUtils.java:logGet(43)) - raft.server.log.statemachine.data.sync.timeout.retry = -1 (default)
2019-09-12 10:31:54,267 [pool-93-thread-1] INFO  server.RaftServerConfigKeys (ConfUtils.java:logGet(43)) - raft.server.log.statemachine.data.caching.enabled = true (custom)
2019-09-12 10:31:54,268 [pool-93-thread-1] INFO  segmented.SegmentedRaftLogWorker (SegmentedRaftLogWorker.java:lambda$new$0(132)) - 987bcea4-2fc9-416e-8dfa-fe4cc4293164-SegmentedRaftLogWorker:Storage Directory /workdir/hadoop-ozone/integration-test/target/test-dir/MiniOzoneClusterImpl-8f4fcaf0-4acb-4edc-87bf-94a207340594/datanode-6/data/ratis/3d39cfa6-38a6-40bd-aa58-85d7d3dffaf5: flushIndex: setUnconditionally 0 -> -1
2019-09-12 10:31:54,268 [pool-93-thread-1] INFO  server.RaftServerConfigKeys (ConfUtils.java:logGet(43)) - raft.server.snapshot.auto.trigger.enabled = true (custom)
2019-09-12 10:31:54,268 [pool-93-thread-1] INFO  server.RaftServerConfigKeys (ConfUtils.java:logGet(43)) - raft.server.snapshot.auto.trigger.threshold = 10000 (custom)
2019-09-12 10:31:54,268 [pool-93-thread-1] INFO  server.RaftServerConfigKeys (ConfUtils.java:logGet(43)) - raft.server.retrycache.expirytime = 600000ms (custom)
2019-09-12 10:31:54,268 [pool-93-thread-1] INFO  impl.RaftServerImpl (RaftServerImpl.java:start(180)) - 987bcea4-2fc9-416e-8dfa-fe4cc4293164: start group-85D7D3DFFAF5
2019-09-12 10:31:54,268 [pool-93-thread-1] INFO  impl.RaftServerImpl (RaftServerImpl.java:setRole(171)) - 987bcea4-2fc9-416e-8dfa-fe4cc4293164:group-85D7D3DFFAF5 changes role from null to FOLLOWER at term 0 for startAsFollower
2019-09-12 10:31:54,268 [pool-93-thread-1] INFO  impl.RoleInfo (RoleInfo.java:updateAndGet(143)) - 987bcea4-2fc9-416e-8dfa-fe4cc4293164: start FollowerState
2019-09-12 10:31:54,269 [pool-93-thread-1] INFO  util.JmxRegister (JmxRegister.java:tryRegister(44)) - Successfully registered JMX Bean with object name Ratis:service=RaftServer,group=group-85D7D3DFFAF5,id=987bcea4-2fc9-416e-8dfa-fe4cc4293164
2019-09-12 10:31:54,272 [RatisPipelineUtilsThread] INFO  pipeline.PipelineStateManager (PipelineStateManager.java:addPipeline(56)) - Created pipeline Pipeline[ Id: 3d39cfa6-38a6-40bd-aa58-85d7d3dffaf5, Nodes: 987bcea4-2fc9-416e-8dfa-fe4cc4293164{ip: 192.168.157.195, host: pr-hdds-1569-xtfnx-3545843844, networkLocation: /default-rack, certSerialId: null}, Type:RATIS, Factor:ONE, State:OPEN]
2019-09-12 10:31:54,272 [RatisPipelineUtilsThread] ERROR pipeline.PipelinePlacementPolicy (PipelinePlacementPolicy.java:meetCriteria(91)) - Pipeline Placement: Doesn't meet the criteria to be viable node. Heaviness: 6
2019-09-12 10:31:54,272 [RatisPipelineUtilsThread] ERROR pipeline.PipelinePlacementPolicy (PipelinePlacementPolicy.java:meetCriteria(91)) - Pipeline Placement: Doesn't meet the criteria to be viable node. Heaviness: 6
2019-09-12 10:31:54,272 [RatisPipelineUtilsThread] ERROR pipeline.PipelinePlacementPolicy (PipelinePlacementPolicy.java:meetCriteria(91)) - Pipeline Placement: Doesn't meet the criteria to be viable node. Heaviness: 6
2019-09-12 10:31:54,272 [RatisPipelineUtilsThread] ERROR pipeline.PipelinePlacementPolicy (PipelinePlacementPolicy.java:meetCriteria(91)) - Pipeline Placement: Doesn't meet the criteria to be viable node. Heaviness: 6
2019-09-12 10:31:54,272 [RatisPipelineUtilsThread] ERROR pipeline.PipelinePlacementPolicy (PipelinePlacementPolicy.java:meetCriteria(91)) - Pipeline Placement: Doesn't meet the criteria to be viable node. Heaviness: 6
2019-09-12 10:31:54,273 [RatisPipelineUtilsThread] ERROR pipeline.PipelinePlacementPolicy (PipelinePlacementPolicy.java:meetCriteria(91)) - Pipeline Placement: Doesn't meet the criteria to be viable node. Heaviness: 6
2019-09-12 10:31:54,273 [RatisPipelineUtilsThread] ERROR pipeline.PipelinePlacementPolicy (PipelinePlacementPolicy.java:meetCriteria(91)) - Pipeline Placement: Doesn't meet the criteria to be viable node. Heaviness: 6
2019-09-12 10:31:54,273 [RatisPipelineUtilsThread] ERROR pipeline.PipelinePlacementPolicy (PipelinePlacementPolicy.java:filterViableNodes(146)) - Unable to find enough nodes that meet the criteria that cannot engage in more than 5 pipelines. Nodes required: 1 Found: 0, healthy nodes count inNodeManager: 7.
2019-09-12 10:31:54,274 [RatisPipelineUtilsThread] ERROR pipeline.SCMPipelineManager (SCMPipelineManager.java:createPipeline(161)) - Pipeline creation failed due to exception: Unable to find enough nodes that meet the criteria that cannot engage in more than 5 pipelines. Nodes required: 1 Found: 0, healthy nodes count inNodeManager: 7.
2019-09-12 10:31:54,274 [RatisPipelineUtilsThread] ERROR pipeline.PipelinePlacementPolicy (PipelinePlacementPolicy.java:meetCriteria(91)) - Pipeline Placement: Doesn't meet the criteria to be viable node. Heaviness: 6
2019-09-12 10:31:54,274 [RatisPipelineUtilsThread] ERROR pipeline.PipelinePlacementPolicy (PipelinePlacementPolicy.java:meetCriteria(91)) - Pipeline Placement: Doesn't meet the criteria to be viable node. Heaviness: 6
2019-09-12 10:31:54,274 [RatisPipelineUtilsThread] ERROR pipeline.PipelinePlacementPolicy (PipelinePlacementPolicy.java:meetCriteria(91)) - Pipeline Placement: Doesn't meet the criteria to be viable node. Heaviness: 6
2019-09-12 10:31:54,274 [RatisPipelineUtilsThread] ERROR pipeline.PipelinePlacementPolicy (PipelinePlacementPolicy.java:meetCriteria(91)) - Pipeline Placement: Doesn't meet the criteria to be viable node. Heaviness: 6
2019-09-12 10:31:54,274 [RatisPipelineUtilsThread] ERROR pipeline.PipelinePlacementPolicy (PipelinePlacementPolicy.java:meetCriteria(91)) - Pipeline Placement: Doesn't meet the criteria to be viable node. Heaviness: 6
2019-09-12 10:31:54,275 [RatisPipelineUtilsThread] ERROR pipeline.PipelinePlacementPolicy (PipelinePlacementPolicy.java:meetCriteria(91)) - Pipeline Placement: Doesn't meet the criteria to be viable node. Heaviness: 6
2019-09-12 10:31:54,275 [RatisPipelineUtilsThread] ERROR pipeline.PipelinePlacementPolicy (PipelinePlacementPolicy.java:meetCriteria(91)) - Pipeline Placement: Doesn't meet the criteria to be viable node. Heaviness: 6
2019-09-12 10:31:54,275 [RatisPipelineUtilsThread] ERROR pipeline.PipelinePlacementPolicy (PipelinePlacementPolicy.java:filterViableNodes(146)) - Unable to find enough nodes that meet the criteria that cannot engage in more than 5 pipelines. Nodes required: 3 Found: 0, healthy nodes count inNodeManager: 7.
2019-09-12 10:31:54,275 [RatisPipelineUtilsThread] ERROR pipeline.SCMPipelineManager (SCMPipelineManager.java:createPipeline(161)) - Pipeline creation failed due to exception: Unable to find enough nodes that meet the criteria that cannot engage in more than 5 pipelines. Nodes required: 3 Found: 0, healthy nodes count inNodeManager: 7.
2019-09-12 10:31:54,276 [RatisPipelineUtilsThread] ERROR pipeline.PipelinePlacementPolicy (PipelinePlacementPolicy.java:meetCriteria(91)) - Pipeline Placement: Doesn't meet the criteria to be viable node. Heaviness: 6
2019-09-12 10:31:54,277 [RatisPipelineUtilsThread] ERROR pipeline.PipelinePlacementPolicy (PipelinePlacementPolicy.java:meetCriteria(91)) - Pipeline Placement: Doesn't meet the criteria to be viable node. Heaviness: 6
2019-09-12 10:31:54,277 [RatisPipelineUtilsThread] ERROR pipeline.PipelinePlacementPolicy (PipelinePlacementPolicy.java:meetCriteria(91)) - Pipeline Placement: Doesn't meet the criteria to be viable node. Heaviness: 6
2019-09-12 10:31:54,277 [RatisPipelineUtilsThread] ERROR pipeline.PipelinePlacementPolicy (PipelinePlacementPolicy.java:meetCriteria(91)) - Pipeline Placement: Doesn't meet the criteria to be viable node. Heaviness: 6
2019-09-12 10:31:54,277 [RatisPipelineUtilsThread] ERROR pipeline.PipelinePlacementPolicy (PipelinePlacementPolicy.java:meetCriteria(91)) - Pipeline Placement: Doesn't meet the criteria to be viable node. Heaviness: 6
2019-09-12 10:31:54,277 [RatisPipelineUtilsThread] ERROR pipeline.PipelinePlacementPolicy (PipelinePlacementPolicy.java:meetCriteria(91)) - Pipeline Placement: Doesn't meet the criteria to be viable node. Heaviness: 6
2019-09-12 10:31:54,277 [RatisPipelineUtilsThread] ERROR pipeline.PipelinePlacementPolicy (PipelinePlacementPolicy.java:meetCriteria(91)) - Pipeline Placement: Doesn't meet the criteria to be viable node. Heaviness: 6
2019-09-12 10:31:54,277 [RatisPipelineUtilsThread] ERROR pipeline.PipelinePlacementPolicy (PipelinePlacementPolicy.java:filterViableNodes(146)) - Unable to find enough nodes that meet the criteria that cannot engage in more than 5 pipelines. Nodes required: 1 Found: 0, healthy nodes count inNodeManager: 7.
2019-09-12 10:31:54,277 [RatisPipelineUtilsThread] ERROR pipeline.SCMPipelineManager (SCMPipelineManager.java:createPipeline(161)) - Pipeline creation failed due to exception: Unable to find enough nodes that meet the criteria that cannot engage in more than 5 pipelines. Nodes required: 1 Found: 0, healthy nodes count inNodeManager: 7.
2019-09-12 10:31:54,277 [RatisPipelineUtilsThread] ERROR pipeline.PipelinePlacementPolicy (PipelinePlacementPolicy.java:meetCriteria(91)) - Pipeline Placement: Doesn't meet the criteria to be viable node. Heaviness: 6
2019-09-12 10:31:54,278 [RatisPipelineUtilsThread] ERROR pipeline.PipelinePlacementPolicy (PipelinePlacementPolicy.java:meetCriteria(91)) - Pipeline Placement: Doesn't meet the criteria to be viable node. Heaviness: 6
2019-09-12 10:31:54,278 [RatisPipelineUtilsThread] ERROR pipeline.PipelinePlacementPolicy (PipelinePlacementPolicy.java:meetCriteria(91)) - Pipeline Placement: Doesn't meet the criteria to be viable node. Heaviness: 6
2019-09-12 10:31:54,278 [RatisPipelineUtilsThread] ERROR pipeline.PipelinePlacementPolicy (PipelinePlacementPolicy.java:meetCriteria(91)) - Pipeline Placement: Doesn't meet the criteria to be viable node. Heaviness: 6
2019-09-12 10:31:54,278 [RatisPipelineUtilsThread] ERROR pipeline.PipelinePlacementPolicy (PipelinePlacementPolicy.java:meetCriteria(91)) - Pipeline Placement: Doesn't meet the criteria to be viable node. Heaviness: 6
2019-09-12 10:31:54,278 [RatisPipelineUtilsThread] ERROR pipeline.PipelinePlacementPolicy (PipelinePlacementPolicy.java:meetCriteria(91)) - Pipeline Placement: Doesn't meet the criteria to be viable node. Heaviness: 6
2019-09-12 10:31:54,278 [RatisPipelineUtilsThread] ERROR pipeline.PipelinePlacementPolicy (PipelinePlacementPolicy.java:meetCriteria(91)) - Pipeline Placement: Doesn't meet the criteria to be viable node. Heaviness: 6
2019-09-12 10:31:54,278 [RatisPipelineUtilsThread] ERROR pipeline.PipelinePlacementPolicy (PipelinePlacementPolicy.java:filterViableNodes(146)) - Unable to find enough nodes that meet the criteria that cannot engage in more than 5 pipelines. Nodes required: 3 Found: 0, healthy nodes count inNodeManager: 7.
2019-09-12 10:31:54,278 [RatisPipelineUtilsThread] ERROR pipeline.SCMPipelineManager (SCMPipelineManager.java:createPipeline(161)) - Pipeline creation failed due to exception: Unable to find enough nodes that meet the criteria that cannot engage in more than 5 pipelines. Nodes required: 3 Found: 0, healthy nodes count inNodeManager: 7.
2019-09-12 10:31:54,278 [IPC Server handler 0 on 38858] ERROR pipeline.PipelinePlacementPolicy (PipelinePlacementPolicy.java:meetCriteria(91)) - Pipeline Placement: Doesn't meet the criteria to be viable node. Heaviness: 6
2019-09-12 10:31:54,279 [IPC Server handler 0 on 38858] ERROR pipeline.PipelinePlacementPolicy (PipelinePlacementPolicy.java:meetCriteria(91)) - Pipeline Placement: Doesn't meet the criteria to be viable node. Heaviness: 6
2019-09-12 10:31:54,279 [IPC Server handler 0 on 38858] ERROR pipeline.PipelinePlacementPolicy (PipelinePlacementPolicy.java:meetCriteria(91)) - Pipeline Placement: Doesn't meet the criteria to be viable node. Heaviness: 6
2019-09-12 10:31:54,279 [IPC Server handler 0 on 38858] ERROR pipeline.PipelinePlacementPolicy (PipelinePlacementPolicy.java:meetCriteria(91)) - Pipeline Placement: Doesn't meet the criteria to be viable node. Heaviness: 6
2019-09-12 10:31:54,279 [IPC Server handler 0 on 38858] ERROR pipeline.PipelinePlacementPolicy (PipelinePlacementPolicy.java:meetCriteria(91)) - Pipeline Placement: Doesn't meet the criteria to be viable node. Heaviness: 6
2019-09-12 10:31:54,279 [IPC Server handler 0 on 38858] ERROR pipeline.PipelinePlacementPolicy (PipelinePlacementPolicy.java:meetCriteria(91)) - Pipeline Placement: Doesn't meet the criteria to be viable node. Heaviness: 6
2019-09-12 10:31:54,279 [IPC Server handler 0 on 38858] ERROR pipeline.PipelinePlacementPolicy (PipelinePlacementPolicy.java:meetCriteria(91)) - Pipeline Placement: Doesn't meet the criteria to be viable node. Heaviness: 6
2019-09-12 10:31:54,279 [IPC Server handler 0 on 38858] ERROR pipeline.PipelinePlacementPolicy (PipelinePlacementPolicy.java:filterViableNodes(146)) - Unable to find enough nodes that meet the criteria that cannot engage in more than 5 pipelines. Nodes required: 3 Found: 0, healthy nodes count inNodeManager: 7.
2019-09-12 10:31:54,279 [IPC Server handler 0 on 38858] ERROR pipeline.SCMPipelineManager (SCMPipelineManager.java:createPipeline(161)) - Pipeline creation failed due to exception: Unable to find enough nodes that meet the criteria that cannot engage in more than 5 pipelines. Nodes required: 3 Found: 0, healthy nodes count inNodeManager: 7.
2019-09-12 10:31:54,280 [IPC Server handler 0 on 38858] WARN  block.BlockManagerImpl (BlockManagerImpl.java:allocateBlock(192)) - Pipeline creation failed for type:RATIS factor:THREE. Retrying get pipelines call once.
org.apache.hadoop.hdds.scm.exceptions.SCMException: Unable to find enough nodes that meet the criteria that cannot engage in more than 5 pipelines. Nodes required: 3 Found: 0, healthy nodes count inNodeManager: 7.
	at org.apache.hadoop.hdds.scm.pipeline.PipelinePlacementPolicy.filterViableNodes(PipelinePlacementPolicy.java:147)
	at org.apache.hadoop.hdds.scm.pipeline.PipelinePlacementPolicy.chooseDatanodes(PipelinePlacementPolicy.java:170)
	at org.apache.hadoop.hdds.scm.pipeline.RatisPipelineProvider.create(RatisPipelineProvider.java:92)
	at org.apache.hadoop.hdds.scm.pipeline.PipelineFactory.create(PipelineFactory.java:57)
	at org.apache.hadoop.hdds.scm.pipeline.SCMPipelineManager.createPipeline(SCMPipelineManager.java:149)
	at org.apache.hadoop.hdds.scm.block.BlockManagerImpl.allocateBlock(BlockManagerImpl.java:190)
	at org.apache.hadoop.hdds.scm.server.SCMBlockProtocolServer.allocateBlock(SCMBlockProtocolServer.java:175)
	at org.apache.hadoop.ozone.protocolPB.ScmBlockLocationProtocolServerSideTranslatorPB.allocateScmBlock(ScmBlockLocationProtocolServerSideTranslatorPB.java:153)
	at org.apache.hadoop.ozone.protocolPB.ScmBlockLocationProtocolServerSideTranslatorPB.send(ScmBlockLocationProtocolServerSideTranslatorPB.java:112)
	at org.apache.hadoop.hdds.protocol.proto.ScmBlockLocationProtocolProtos$ScmBlockLocationProtocolService$2.callBlockingMethod(ScmBlockLocationProtocolProtos.java:13157)
	at org.apache.hadoop.ipc.ProtobufRpcEngine$Server$ProtoBufRpcInvoker.call(ProtobufRpcEngine.java:524)
	at org.apache.hadoop.ipc.RPC$Server.call(RPC.java:1025)
	at org.apache.hadoop.ipc.Server$RpcCall.run(Server.java:876)
	at org.apache.hadoop.ipc.Server$RpcCall.run(Server.java:822)
	at java.security.AccessController.doPrivileged(Native Method)
	at javax.security.auth.Subject.doAs(Subject.java:422)
	at org.apache.hadoop.security.UserGroupInformation.doAs(UserGroupInformation.java:1730)
	at org.apache.hadoop.ipc.Server$Handler.run(Server.java:2682)
2019-09-12 10:31:54,282 [IPC Server handler 0 on 38858] INFO  block.BlockManagerImpl (BlockManagerImpl.java:allocateBlock(198)) - Could not find available pipeline of type:RATIS and factor:THREE even after retrying
2019-09-12 10:31:54,282 [IPC Server handler 0 on 38858] ERROR block.BlockManagerImpl (BlockManagerImpl.java:allocateBlock(222)) - Unable to allocate a block for the size: 4194304, type: RATIS, factor: THREE
2019-09-12 10:31:54,282 | INFO  | SCMAudit | user=jenkins1000 | ip=192.168.157.195 | op=ALLOCATE_BLOCK {owner=467526ad-80e3-4f05-9c69-d4baeb89eac3, size=4194304, type=RATIS, factor=THREE} | ret=SUCCESS |  
2019-09-12 10:31:54,286 | ERROR | OMAudit | user=jenkins1000 | ip=127.0.0.1 | op=ALLOCATE_KEY {volume=closecontainerexceptionhandlingtest, bucket=closecontainerexceptionhandlingtest, key=b177b62f-3628-4ba3-ae79-60e8126e42b8, dataSize=0, replicationType=RATIS, replicationFactor=THREE, keyLocationInfo=null} | ret=FAILURE | org.apache.hadoop.hdds.scm.exceptions.SCMException: Allocated 0 blocks. Requested 1 blocks
	at org.apache.hadoop.hdds.scm.protocolPB.ScmBlockLocationProtocolClientSideTranslatorPB.handleError(ScmBlockLocationProtocolClientSideTranslatorPB.java:118)
	at org.apache.hadoop.hdds.scm.protocolPB.ScmBlockLocationProtocolClientSideTranslatorPB.allocateBlock(ScmBlockLocationProtocolClientSideTranslatorPB.java:156) 
]]></system-out>
    <system-err><![CDATA[Sep 12, 2019 10:31:44 AM com.sun.jersey.server.impl.application.WebApplicationImpl _initiate
INFO: Initiating Jersey application, version 'Jersey: 1.19 02/11/2015 03:25 AM'
Sep 12, 2019 10:31:45 AM com.sun.jersey.server.impl.application.WebApplicationImpl _initiate
INFO: Initiating Jersey application, version 'Jersey: 1.19 02/11/2015 03:25 AM'
Sep 12, 2019 10:31:46 AM com.sun.jersey.server.impl.application.WebApplicationImpl _initiate
INFO: Initiating Jersey application, version 'Jersey: 1.19 02/11/2015 03:25 AM'
Sep 12, 2019 10:31:46 AM com.sun.jersey.server.impl.application.WebApplicationImpl _initiate
INFO: Initiating Jersey application, version 'Jersey: 1.19 02/11/2015 03:25 AM'
Sep 12, 2019 10:31:46 AM com.sun.jersey.server.impl.application.WebApplicationImpl _initiate
INFO: Initiating Jersey application, version 'Jersey: 1.19 02/11/2015 03:25 AM'
Sep 12, 2019 10:31:46 AM com.sun.jersey.server.impl.application.WebApplicationImpl _initiate
INFO: Initiating Jersey application, version 'Jersey: 1.19 02/11/2015 03:25 AM'
Sep 12, 2019 10:31:47 AM com.sun.jersey.server.impl.application.WebApplicationImpl _initiate
INFO: Initiating Jersey application, version 'Jersey: 1.19 02/11/2015 03:25 AM'
]]></system-err>
  </testcase>
  <testcase name="testBlockWritesWithFlushAndClose" classname="org.apache.hadoop.ozone.client.rpc.TestCloseContainerHandlingByClient" time="0.033">
    <error message="Allocated 0 blocks. Requested 1 blocks" type="INTERNAL_ERROR org.apache.hadoop.ozone.om.exceptions.OMException">INTERNAL_ERROR org.apache.hadoop.ozone.om.exceptions.OMException: Allocated 0 blocks. Requested 1 blocks
	at org.apache.hadoop.ozone.om.protocolPB.OzoneManagerProtocolClientSideTranslatorPB.handleError(OzoneManagerProtocolClientSideTranslatorPB.java:725)
	at org.apache.hadoop.ozone.om.protocolPB.OzoneManagerProtocolClientSideTranslatorPB.openKey(OzoneManagerProtocolClientSideTranslatorPB.java:716)
	at org.apache.hadoop.ozone.client.rpc.RpcClient.createKey(RpcClient.java:615)
	at org.apache.hadoop.ozone.client.OzoneBucket.createKey(OzoneBucket.java:323)
	at org.apache.hadoop.ozone.container.ContainerTestHelper.createKey(ContainerTestHelper.java:694)
	at org.apache.hadoop.ozone.client.rpc.TestCloseContainerHandlingByClient.createKey(TestCloseContainerHandlingByClient.java:396)
	at org.apache.hadoop.ozone.client.rpc.TestCloseContainerHandlingByClient.testBlockWritesWithFlushAndClose(TestCloseContainerHandlingByClient.java:123)
	at sun.reflect.NativeMethodAccessorImpl.invoke0(Native Method)
	at sun.reflect.NativeMethodAccessorImpl.invoke(NativeMethodAccessorImpl.java:62)
	at sun.reflect.DelegatingMethodAccessorImpl.invoke(DelegatingMethodAccessorImpl.java:43)
	at java.lang.reflect.Method.invoke(Method.java:498)
	at org.junit.runners.model.FrameworkMethod$1.runReflectiveCall(FrameworkMethod.java:47)
	at org.junit.internal.runners.model.ReflectiveCallable.run(ReflectiveCallable.java:12)
	at org.junit.runners.model.FrameworkMethod.invokeExplosively(FrameworkMethod.java:44)
	at org.junit.internal.runners.statements.InvokeMethod.evaluate(InvokeMethod.java:17)
	at org.junit.runners.ParentRunner.runLeaf(ParentRunner.java:271)
	at org.junit.runners.BlockJUnit4ClassRunner.runChild(BlockJUnit4ClassRunner.java:70)
	at org.junit.runners.BlockJUnit4ClassRunner.runChild(BlockJUnit4ClassRunner.java:50)
	at org.junit.runners.ParentRunner$3.run(ParentRunner.java:238)
	at org.junit.runners.ParentRunner$1.schedule(ParentRunner.java:63)
	at org.junit.runners.ParentRunner.runChildren(ParentRunner.java:236)
	at org.junit.runners.ParentRunner.access$000(ParentRunner.java:53)
	at org.junit.runners.ParentRunner$2.evaluate(ParentRunner.java:229)
	at org.junit.internal.runners.statements.RunBefores.evaluate(RunBefores.java:26)
	at org.junit.internal.runners.statements.RunAfters.evaluate(RunAfters.java:27)
	at org.junit.runners.ParentRunner.run(ParentRunner.java:309)
	at org.apache.maven.surefire.junit4.JUnit4Provider.execute(JUnit4Provider.java:365)
	at org.apache.maven.surefire.junit4.JUnit4Provider.executeWithRerun(JUnit4Provider.java:273)
	at org.apache.maven.surefire.junit4.JUnit4Provider.executeTestSet(JUnit4Provider.java:238)
	at org.apache.maven.surefire.junit4.JUnit4Provider.invoke(JUnit4Provider.java:159)
	at org.apache.maven.surefire.booter.ForkedBooter.invokeProviderInSameClassLoader(ForkedBooter.java:384)
	at org.apache.maven.surefire.booter.ForkedBooter.runSuitesInProcess(ForkedBooter.java:345)
	at org.apache.maven.surefire.booter.ForkedBooter.execute(ForkedBooter.java:126)
	at org.apache.maven.surefire.booter.ForkedBooter.main(ForkedBooter.java:418)
</error>
    <system-out><![CDATA[2019-09-12 10:31:54,306 | INFO  | OMAudit | user=jenkins1000 | ip=127.0.0.1 | op=READ_VOLUME {volume=closecontainerexceptionhandlingtest} | ret=SUCCESS |  
2019-09-12 10:31:54,322 | INFO  | OMAudit | user=jenkins1000 | ip=127.0.0.1 | op=READ_BUCKET {volume=closecontainerexceptionhandlingtest, bucket=closecontainerexceptionhandlingtest} | ret=SUCCESS |  
2019-09-12 10:31:54,329 [IPC Server handler 1 on 38858] ERROR pipeline.PipelinePlacementPolicy (PipelinePlacementPolicy.java:meetCriteria(91)) - Pipeline Placement: Doesn't meet the criteria to be viable node. Heaviness: 6
2019-09-12 10:31:54,329 [IPC Server handler 1 on 38858] ERROR pipeline.PipelinePlacementPolicy (PipelinePlacementPolicy.java:meetCriteria(91)) - Pipeline Placement: Doesn't meet the criteria to be viable node. Heaviness: 6
2019-09-12 10:31:54,329 [IPC Server handler 1 on 38858] ERROR pipeline.PipelinePlacementPolicy (PipelinePlacementPolicy.java:meetCriteria(91)) - Pipeline Placement: Doesn't meet the criteria to be viable node. Heaviness: 6
2019-09-12 10:31:54,329 [IPC Server handler 1 on 38858] ERROR pipeline.PipelinePlacementPolicy (PipelinePlacementPolicy.java:meetCriteria(91)) - Pipeline Placement: Doesn't meet the criteria to be viable node. Heaviness: 6
2019-09-12 10:31:54,330 [IPC Server handler 1 on 38858] ERROR pipeline.PipelinePlacementPolicy (PipelinePlacementPolicy.java:meetCriteria(91)) - Pipeline Placement: Doesn't meet the criteria to be viable node. Heaviness: 6
2019-09-12 10:31:54,330 [IPC Server handler 1 on 38858] ERROR pipeline.PipelinePlacementPolicy (PipelinePlacementPolicy.java:meetCriteria(91)) - Pipeline Placement: Doesn't meet the criteria to be viable node. Heaviness: 6
2019-09-12 10:31:54,330 [IPC Server handler 1 on 38858] ERROR pipeline.PipelinePlacementPolicy (PipelinePlacementPolicy.java:meetCriteria(91)) - Pipeline Placement: Doesn't meet the criteria to be viable node. Heaviness: 6
2019-09-12 10:31:54,330 [IPC Server handler 1 on 38858] ERROR pipeline.PipelinePlacementPolicy (PipelinePlacementPolicy.java:filterViableNodes(146)) - Unable to find enough nodes that meet the criteria that cannot engage in more than 5 pipelines. Nodes required: 3 Found: 0, healthy nodes count inNodeManager: 7.
2019-09-12 10:31:54,331 [IPC Server handler 1 on 38858] ERROR pipeline.SCMPipelineManager (SCMPipelineManager.java:createPipeline(161)) - Pipeline creation failed due to exception: Unable to find enough nodes that meet the criteria that cannot engage in more than 5 pipelines. Nodes required: 3 Found: 0, healthy nodes count inNodeManager: 7.
2019-09-12 10:31:54,331 [IPC Server handler 1 on 38858] WARN  block.BlockManagerImpl (BlockManagerImpl.java:allocateBlock(192)) - Pipeline creation failed for type:RATIS factor:THREE. Retrying get pipelines call once.
org.apache.hadoop.hdds.scm.exceptions.SCMException: Unable to find enough nodes that meet the criteria that cannot engage in more than 5 pipelines. Nodes required: 3 Found: 0, healthy nodes count inNodeManager: 7.
	at org.apache.hadoop.hdds.scm.pipeline.PipelinePlacementPolicy.filterViableNodes(PipelinePlacementPolicy.java:147)
	at org.apache.hadoop.hdds.scm.pipeline.PipelinePlacementPolicy.chooseDatanodes(PipelinePlacementPolicy.java:170)
	at org.apache.hadoop.hdds.scm.pipeline.RatisPipelineProvider.create(RatisPipelineProvider.java:92)
	at org.apache.hadoop.hdds.scm.pipeline.PipelineFactory.create(PipelineFactory.java:57)
	at org.apache.hadoop.hdds.scm.pipeline.SCMPipelineManager.createPipeline(SCMPipelineManager.java:149)
	at org.apache.hadoop.hdds.scm.block.BlockManagerImpl.allocateBlock(BlockManagerImpl.java:190)
	at org.apache.hadoop.hdds.scm.server.SCMBlockProtocolServer.allocateBlock(SCMBlockProtocolServer.java:175)
	at org.apache.hadoop.ozone.protocolPB.ScmBlockLocationProtocolServerSideTranslatorPB.allocateScmBlock(ScmBlockLocationProtocolServerSideTranslatorPB.java:153)
	at org.apache.hadoop.ozone.protocolPB.ScmBlockLocationProtocolServerSideTranslatorPB.send(ScmBlockLocationProtocolServerSideTranslatorPB.java:112)
	at org.apache.hadoop.hdds.protocol.proto.ScmBlockLocationProtocolProtos$ScmBlockLocationProtocolService$2.callBlockingMethod(ScmBlockLocationProtocolProtos.java:13157)
	at org.apache.hadoop.ipc.ProtobufRpcEngine$Server$ProtoBufRpcInvoker.call(ProtobufRpcEngine.java:524)
	at org.apache.hadoop.ipc.RPC$Server.call(RPC.java:1025)
	at org.apache.hadoop.ipc.Server$RpcCall.run(Server.java:876)
	at org.apache.hadoop.ipc.Server$RpcCall.run(Server.java:822)
	at java.security.AccessController.doPrivileged(Native Method)
	at javax.security.auth.Subject.doAs(Subject.java:422)
	at org.apache.hadoop.security.UserGroupInformation.doAs(UserGroupInformation.java:1730)
	at org.apache.hadoop.ipc.Server$Handler.run(Server.java:2682)
2019-09-12 10:31:54,331 [IPC Server handler 1 on 38858] INFO  block.BlockManagerImpl (BlockManagerImpl.java:allocateBlock(198)) - Could not find available pipeline of type:RATIS and factor:THREE even after retrying
2019-09-12 10:31:54,332 [IPC Server handler 1 on 38858] ERROR block.BlockManagerImpl (BlockManagerImpl.java:allocateBlock(222)) - Unable to allocate a block for the size: 4194304, type: RATIS, factor: THREE
2019-09-12 10:31:54,332 | INFO  | SCMAudit | user=jenkins1000 | ip=192.168.157.195 | op=ALLOCATE_BLOCK {owner=467526ad-80e3-4f05-9c69-d4baeb89eac3, size=4194304, type=RATIS, factor=THREE} | ret=SUCCESS |  
2019-09-12 10:31:54,333 | ERROR | OMAudit | user=jenkins1000 | ip=127.0.0.1 | op=ALLOCATE_KEY {volume=closecontainerexceptionhandlingtest, bucket=closecontainerexceptionhandlingtest, key=c2e6f66d-3c0a-423b-b70d-60c146dfa56f, dataSize=0, replicationType=RATIS, replicationFactor=THREE, keyLocationInfo=null} | ret=FAILURE | org.apache.hadoop.hdds.scm.exceptions.SCMException: Allocated 0 blocks. Requested 1 blocks
	at org.apache.hadoop.hdds.scm.protocolPB.ScmBlockLocationProtocolClientSideTranslatorPB.handleError(ScmBlockLocationProtocolClientSideTranslatorPB.java:118)
	at org.apache.hadoop.hdds.scm.protocolPB.ScmBlockLocationProtocolClientSideTranslatorPB.allocateBlock(ScmBlockLocationProtocolClientSideTranslatorPB.java:156) 
]]></system-out>
  </testcase>
  <testcase name="testBlockWritesCloseConsistency" classname="org.apache.hadoop.ozone.client.rpc.TestCloseContainerHandlingByClient" time="0.015">
    <error message="Allocated 0 blocks. Requested 1 blocks" type="INTERNAL_ERROR org.apache.hadoop.ozone.om.exceptions.OMException">INTERNAL_ERROR org.apache.hadoop.ozone.om.exceptions.OMException: Allocated 0 blocks. Requested 1 blocks
	at org.apache.hadoop.ozone.om.protocolPB.OzoneManagerProtocolClientSideTranslatorPB.handleError(OzoneManagerProtocolClientSideTranslatorPB.java:725)
	at org.apache.hadoop.ozone.om.protocolPB.OzoneManagerProtocolClientSideTranslatorPB.openKey(OzoneManagerProtocolClientSideTranslatorPB.java:716)
	at org.apache.hadoop.ozone.client.rpc.RpcClient.createKey(RpcClient.java:615)
	at org.apache.hadoop.ozone.client.OzoneBucket.createKey(OzoneBucket.java:323)
	at org.apache.hadoop.ozone.container.ContainerTestHelper.createKey(ContainerTestHelper.java:694)
	at org.apache.hadoop.ozone.client.rpc.TestCloseContainerHandlingByClient.createKey(TestCloseContainerHandlingByClient.java:396)
	at org.apache.hadoop.ozone.client.rpc.TestCloseContainerHandlingByClient.testBlockWritesCloseConsistency(TestCloseContainerHandlingByClient.java:156)
	at sun.reflect.NativeMethodAccessorImpl.invoke0(Native Method)
	at sun.reflect.NativeMethodAccessorImpl.invoke(NativeMethodAccessorImpl.java:62)
	at sun.reflect.DelegatingMethodAccessorImpl.invoke(DelegatingMethodAccessorImpl.java:43)
	at java.lang.reflect.Method.invoke(Method.java:498)
	at org.junit.runners.model.FrameworkMethod$1.runReflectiveCall(FrameworkMethod.java:47)
	at org.junit.internal.runners.model.ReflectiveCallable.run(ReflectiveCallable.java:12)
	at org.junit.runners.model.FrameworkMethod.invokeExplosively(FrameworkMethod.java:44)
	at org.junit.internal.runners.statements.InvokeMethod.evaluate(InvokeMethod.java:17)
	at org.junit.runners.ParentRunner.runLeaf(ParentRunner.java:271)
	at org.junit.runners.BlockJUnit4ClassRunner.runChild(BlockJUnit4ClassRunner.java:70)
	at org.junit.runners.BlockJUnit4ClassRunner.runChild(BlockJUnit4ClassRunner.java:50)
	at org.junit.runners.ParentRunner$3.run(ParentRunner.java:238)
	at org.junit.runners.ParentRunner$1.schedule(ParentRunner.java:63)
	at org.junit.runners.ParentRunner.runChildren(ParentRunner.java:236)
	at org.junit.runners.ParentRunner.access$000(ParentRunner.java:53)
	at org.junit.runners.ParentRunner$2.evaluate(ParentRunner.java:229)
	at org.junit.internal.runners.statements.RunBefores.evaluate(RunBefores.java:26)
	at org.junit.internal.runners.statements.RunAfters.evaluate(RunAfters.java:27)
	at org.junit.runners.ParentRunner.run(ParentRunner.java:309)
	at org.apache.maven.surefire.junit4.JUnit4Provider.execute(JUnit4Provider.java:365)
	at org.apache.maven.surefire.junit4.JUnit4Provider.executeWithRerun(JUnit4Provider.java:273)
	at org.apache.maven.surefire.junit4.JUnit4Provider.executeTestSet(JUnit4Provider.java:238)
	at org.apache.maven.surefire.junit4.JUnit4Provider.invoke(JUnit4Provider.java:159)
	at org.apache.maven.surefire.booter.ForkedBooter.invokeProviderInSameClassLoader(ForkedBooter.java:384)
	at org.apache.maven.surefire.booter.ForkedBooter.runSuitesInProcess(ForkedBooter.java:345)
	at org.apache.maven.surefire.booter.ForkedBooter.execute(ForkedBooter.java:126)
	at org.apache.maven.surefire.booter.ForkedBooter.main(ForkedBooter.java:418)
</error>
    <system-out><![CDATA[2019-09-12 10:31:54,337 | INFO  | OMAudit | user=jenkins1000 | ip=127.0.0.1 | op=READ_VOLUME {volume=closecontainerexceptionhandlingtest} | ret=SUCCESS |  
2019-09-12 10:31:54,339 | INFO  | OMAudit | user=jenkins1000 | ip=127.0.0.1 | op=READ_BUCKET {volume=closecontainerexceptionhandlingtest, bucket=closecontainerexceptionhandlingtest} | ret=SUCCESS |  
2019-09-12 10:31:54,342 [IPC Server handler 3 on 38858] ERROR pipeline.PipelinePlacementPolicy (PipelinePlacementPolicy.java:meetCriteria(91)) - Pipeline Placement: Doesn't meet the criteria to be viable node. Heaviness: 6
2019-09-12 10:31:54,342 [IPC Server handler 3 on 38858] ERROR pipeline.PipelinePlacementPolicy (PipelinePlacementPolicy.java:meetCriteria(91)) - Pipeline Placement: Doesn't meet the criteria to be viable node. Heaviness: 6
2019-09-12 10:31:54,342 [IPC Server handler 3 on 38858] ERROR pipeline.PipelinePlacementPolicy (PipelinePlacementPolicy.java:meetCriteria(91)) - Pipeline Placement: Doesn't meet the criteria to be viable node. Heaviness: 6
2019-09-12 10:31:54,342 [IPC Server handler 3 on 38858] ERROR pipeline.PipelinePlacementPolicy (PipelinePlacementPolicy.java:meetCriteria(91)) - Pipeline Placement: Doesn't meet the criteria to be viable node. Heaviness: 6
2019-09-12 10:31:54,343 [IPC Server handler 3 on 38858] ERROR pipeline.PipelinePlacementPolicy (PipelinePlacementPolicy.java:meetCriteria(91)) - Pipeline Placement: Doesn't meet the criteria to be viable node. Heaviness: 6
2019-09-12 10:31:54,343 [IPC Server handler 3 on 38858] ERROR pipeline.PipelinePlacementPolicy (PipelinePlacementPolicy.java:meetCriteria(91)) - Pipeline Placement: Doesn't meet the criteria to be viable node. Heaviness: 6
2019-09-12 10:31:54,343 [IPC Server handler 3 on 38858] ERROR pipeline.PipelinePlacementPolicy (PipelinePlacementPolicy.java:meetCriteria(91)) - Pipeline Placement: Doesn't meet the criteria to be viable node. Heaviness: 6
2019-09-12 10:31:54,343 [IPC Server handler 3 on 38858] ERROR pipeline.PipelinePlacementPolicy (PipelinePlacementPolicy.java:filterViableNodes(146)) - Unable to find enough nodes that meet the criteria that cannot engage in more than 5 pipelines. Nodes required: 3 Found: 0, healthy nodes count inNodeManager: 7.
2019-09-12 10:31:54,343 [IPC Server handler 3 on 38858] ERROR pipeline.SCMPipelineManager (SCMPipelineManager.java:createPipeline(161)) - Pipeline creation failed due to exception: Unable to find enough nodes that meet the criteria that cannot engage in more than 5 pipelines. Nodes required: 3 Found: 0, healthy nodes count inNodeManager: 7.
2019-09-12 10:31:54,344 [IPC Server handler 3 on 38858] WARN  block.BlockManagerImpl (BlockManagerImpl.java:allocateBlock(192)) - Pipeline creation failed for type:RATIS factor:THREE. Retrying get pipelines call once.
org.apache.hadoop.hdds.scm.exceptions.SCMException: Unable to find enough nodes that meet the criteria that cannot engage in more than 5 pipelines. Nodes required: 3 Found: 0, healthy nodes count inNodeManager: 7.
	at org.apache.hadoop.hdds.scm.pipeline.PipelinePlacementPolicy.filterViableNodes(PipelinePlacementPolicy.java:147)
	at org.apache.hadoop.hdds.scm.pipeline.PipelinePlacementPolicy.chooseDatanodes(PipelinePlacementPolicy.java:170)
	at org.apache.hadoop.hdds.scm.pipeline.RatisPipelineProvider.create(RatisPipelineProvider.java:92)
	at org.apache.hadoop.hdds.scm.pipeline.PipelineFactory.create(PipelineFactory.java:57)
	at org.apache.hadoop.hdds.scm.pipeline.SCMPipelineManager.createPipeline(SCMPipelineManager.java:149)
	at org.apache.hadoop.hdds.scm.block.BlockManagerImpl.allocateBlock(BlockManagerImpl.java:190)
	at org.apache.hadoop.hdds.scm.server.SCMBlockProtocolServer.allocateBlock(SCMBlockProtocolServer.java:175)
	at org.apache.hadoop.ozone.protocolPB.ScmBlockLocationProtocolServerSideTranslatorPB.allocateScmBlock(ScmBlockLocationProtocolServerSideTranslatorPB.java:153)
	at org.apache.hadoop.ozone.protocolPB.ScmBlockLocationProtocolServerSideTranslatorPB.send(ScmBlockLocationProtocolServerSideTranslatorPB.java:112)
	at org.apache.hadoop.hdds.protocol.proto.ScmBlockLocationProtocolProtos$ScmBlockLocationProtocolService$2.callBlockingMethod(ScmBlockLocationProtocolProtos.java:13157)
	at org.apache.hadoop.ipc.ProtobufRpcEngine$Server$ProtoBufRpcInvoker.call(ProtobufRpcEngine.java:524)
	at org.apache.hadoop.ipc.RPC$Server.call(RPC.java:1025)
	at org.apache.hadoop.ipc.Server$RpcCall.run(Server.java:876)
	at org.apache.hadoop.ipc.Server$RpcCall.run(Server.java:822)
	at java.security.AccessController.doPrivileged(Native Method)
	at javax.security.auth.Subject.doAs(Subject.java:422)
	at org.apache.hadoop.security.UserGroupInformation.doAs(UserGroupInformation.java:1730)
	at org.apache.hadoop.ipc.Server$Handler.run(Server.java:2682)
2019-09-12 10:31:54,344 [IPC Server handler 3 on 38858] INFO  block.BlockManagerImpl (BlockManagerImpl.java:allocateBlock(198)) - Could not find available pipeline of type:RATIS and factor:THREE even after retrying
2019-09-12 10:31:54,344 [IPC Server handler 3 on 38858] ERROR block.BlockManagerImpl (BlockManagerImpl.java:allocateBlock(222)) - Unable to allocate a block for the size: 4194304, type: RATIS, factor: THREE
2019-09-12 10:31:54,348 | INFO  | SCMAudit | user=jenkins1000 | ip=192.168.157.195 | op=ALLOCATE_BLOCK {owner=467526ad-80e3-4f05-9c69-d4baeb89eac3, size=4194304, type=RATIS, factor=THREE} | ret=SUCCESS |  
2019-09-12 10:31:54,348 | ERROR | OMAudit | user=jenkins1000 | ip=127.0.0.1 | op=ALLOCATE_KEY {volume=closecontainerexceptionhandlingtest, bucket=closecontainerexceptionhandlingtest, key=166482ba-bd39-4488-8b8e-9feb63bb8e80, dataSize=0, replicationType=RATIS, replicationFactor=THREE, keyLocationInfo=null} | ret=FAILURE | org.apache.hadoop.hdds.scm.exceptions.SCMException: Allocated 0 blocks. Requested 1 blocks
	at org.apache.hadoop.hdds.scm.protocolPB.ScmBlockLocationProtocolClientSideTranslatorPB.handleError(ScmBlockLocationProtocolClientSideTranslatorPB.java:118)
	at org.apache.hadoop.hdds.scm.protocolPB.ScmBlockLocationProtocolClientSideTranslatorPB.allocateBlock(ScmBlockLocationProtocolClientSideTranslatorPB.java:156) 
]]></system-out>
  </testcase>
  <testcase name="testMultiBlockWrites" classname="org.apache.hadoop.ozone.client.rpc.TestCloseContainerHandlingByClient" time="0.016">
    <error message="Allocated 0 blocks. Requested 3 blocks" type="INTERNAL_ERROR org.apache.hadoop.ozone.om.exceptions.OMException">INTERNAL_ERROR org.apache.hadoop.ozone.om.exceptions.OMException: Allocated 0 blocks. Requested 3 blocks
	at org.apache.hadoop.ozone.om.protocolPB.OzoneManagerProtocolClientSideTranslatorPB.handleError(OzoneManagerProtocolClientSideTranslatorPB.java:725)
	at org.apache.hadoop.ozone.om.protocolPB.OzoneManagerProtocolClientSideTranslatorPB.openKey(OzoneManagerProtocolClientSideTranslatorPB.java:716)
	at org.apache.hadoop.ozone.client.rpc.RpcClient.createKey(RpcClient.java:615)
	at org.apache.hadoop.ozone.client.OzoneBucket.createKey(OzoneBucket.java:323)
	at org.apache.hadoop.ozone.container.ContainerTestHelper.createKey(ContainerTestHelper.java:694)
	at org.apache.hadoop.ozone.client.rpc.TestCloseContainerHandlingByClient.createKey(TestCloseContainerHandlingByClient.java:396)
	at org.apache.hadoop.ozone.client.rpc.TestCloseContainerHandlingByClient.testMultiBlockWrites(TestCloseContainerHandlingByClient.java:186)
	at sun.reflect.NativeMethodAccessorImpl.invoke0(Native Method)
	at sun.reflect.NativeMethodAccessorImpl.invoke(NativeMethodAccessorImpl.java:62)
	at sun.reflect.DelegatingMethodAccessorImpl.invoke(DelegatingMethodAccessorImpl.java:43)
	at java.lang.reflect.Method.invoke(Method.java:498)
	at org.junit.runners.model.FrameworkMethod$1.runReflectiveCall(FrameworkMethod.java:47)
	at org.junit.internal.runners.model.ReflectiveCallable.run(ReflectiveCallable.java:12)
	at org.junit.runners.model.FrameworkMethod.invokeExplosively(FrameworkMethod.java:44)
	at org.junit.internal.runners.statements.InvokeMethod.evaluate(InvokeMethod.java:17)
	at org.junit.runners.ParentRunner.runLeaf(ParentRunner.java:271)
	at org.junit.runners.BlockJUnit4ClassRunner.runChild(BlockJUnit4ClassRunner.java:70)
	at org.junit.runners.BlockJUnit4ClassRunner.runChild(BlockJUnit4ClassRunner.java:50)
	at org.junit.runners.ParentRunner$3.run(ParentRunner.java:238)
	at org.junit.runners.ParentRunner$1.schedule(ParentRunner.java:63)
	at org.junit.runners.ParentRunner.runChildren(ParentRunner.java:236)
	at org.junit.runners.ParentRunner.access$000(ParentRunner.java:53)
	at org.junit.runners.ParentRunner$2.evaluate(ParentRunner.java:229)
	at org.junit.internal.runners.statements.RunBefores.evaluate(RunBefores.java:26)
	at org.junit.internal.runners.statements.RunAfters.evaluate(RunAfters.java:27)
	at org.junit.runners.ParentRunner.run(ParentRunner.java:309)
	at org.apache.maven.surefire.junit4.JUnit4Provider.execute(JUnit4Provider.java:365)
	at org.apache.maven.surefire.junit4.JUnit4Provider.executeWithRerun(JUnit4Provider.java:273)
	at org.apache.maven.surefire.junit4.JUnit4Provider.executeTestSet(JUnit4Provider.java:238)
	at org.apache.maven.surefire.junit4.JUnit4Provider.invoke(JUnit4Provider.java:159)
	at org.apache.maven.surefire.booter.ForkedBooter.invokeProviderInSameClassLoader(ForkedBooter.java:384)
	at org.apache.maven.surefire.booter.ForkedBooter.runSuitesInProcess(ForkedBooter.java:345)
	at org.apache.maven.surefire.booter.ForkedBooter.execute(ForkedBooter.java:126)
	at org.apache.maven.surefire.booter.ForkedBooter.main(ForkedBooter.java:418)
</error>
    <system-out><![CDATA[2019-09-12 10:31:54,351 | INFO  | OMAudit | user=jenkins1000 | ip=127.0.0.1 | op=READ_VOLUME {volume=closecontainerexceptionhandlingtest} | ret=SUCCESS |  
2019-09-12 10:31:54,353 | INFO  | OMAudit | user=jenkins1000 | ip=127.0.0.1 | op=READ_BUCKET {volume=closecontainerexceptionhandlingtest, bucket=closecontainerexceptionhandlingtest} | ret=SUCCESS |  
2019-09-12 10:31:54,357 [IPC Server handler 5 on 38858] ERROR pipeline.PipelinePlacementPolicy (PipelinePlacementPolicy.java:meetCriteria(91)) - Pipeline Placement: Doesn't meet the criteria to be viable node. Heaviness: 6
2019-09-12 10:31:54,357 [IPC Server handler 5 on 38858] ERROR pipeline.PipelinePlacementPolicy (PipelinePlacementPolicy.java:meetCriteria(91)) - Pipeline Placement: Doesn't meet the criteria to be viable node. Heaviness: 6
2019-09-12 10:31:54,357 [IPC Server handler 5 on 38858] ERROR pipeline.PipelinePlacementPolicy (PipelinePlacementPolicy.java:meetCriteria(91)) - Pipeline Placement: Doesn't meet the criteria to be viable node. Heaviness: 6
2019-09-12 10:31:54,357 [IPC Server handler 5 on 38858] ERROR pipeline.PipelinePlacementPolicy (PipelinePlacementPolicy.java:meetCriteria(91)) - Pipeline Placement: Doesn't meet the criteria to be viable node. Heaviness: 6
2019-09-12 10:31:54,358 [IPC Server handler 5 on 38858] ERROR pipeline.PipelinePlacementPolicy (PipelinePlacementPolicy.java:meetCriteria(91)) - Pipeline Placement: Doesn't meet the criteria to be viable node. Heaviness: 6
2019-09-12 10:31:54,358 [IPC Server handler 5 on 38858] ERROR pipeline.PipelinePlacementPolicy (PipelinePlacementPolicy.java:meetCriteria(91)) - Pipeline Placement: Doesn't meet the criteria to be viable node. Heaviness: 6
2019-09-12 10:31:54,358 [IPC Server handler 5 on 38858] ERROR pipeline.PipelinePlacementPolicy (PipelinePlacementPolicy.java:meetCriteria(91)) - Pipeline Placement: Doesn't meet the criteria to be viable node. Heaviness: 6
2019-09-12 10:31:54,358 [IPC Server handler 5 on 38858] ERROR pipeline.PipelinePlacementPolicy (PipelinePlacementPolicy.java:filterViableNodes(146)) - Unable to find enough nodes that meet the criteria that cannot engage in more than 5 pipelines. Nodes required: 3 Found: 0, healthy nodes count inNodeManager: 7.
2019-09-12 10:31:54,358 [IPC Server handler 5 on 38858] ERROR pipeline.SCMPipelineManager (SCMPipelineManager.java:createPipeline(161)) - Pipeline creation failed due to exception: Unable to find enough nodes that meet the criteria that cannot engage in more than 5 pipelines. Nodes required: 3 Found: 0, healthy nodes count inNodeManager: 7.
2019-09-12 10:31:54,359 [IPC Server handler 5 on 38858] WARN  block.BlockManagerImpl (BlockManagerImpl.java:allocateBlock(192)) - Pipeline creation failed for type:RATIS factor:THREE. Retrying get pipelines call once.
org.apache.hadoop.hdds.scm.exceptions.SCMException: Unable to find enough nodes that meet the criteria that cannot engage in more than 5 pipelines. Nodes required: 3 Found: 0, healthy nodes count inNodeManager: 7.
	at org.apache.hadoop.hdds.scm.pipeline.PipelinePlacementPolicy.filterViableNodes(PipelinePlacementPolicy.java:147)
	at org.apache.hadoop.hdds.scm.pipeline.PipelinePlacementPolicy.chooseDatanodes(PipelinePlacementPolicy.java:170)
	at org.apache.hadoop.hdds.scm.pipeline.RatisPipelineProvider.create(RatisPipelineProvider.java:92)
	at org.apache.hadoop.hdds.scm.pipeline.PipelineFactory.create(PipelineFactory.java:57)
	at org.apache.hadoop.hdds.scm.pipeline.SCMPipelineManager.createPipeline(SCMPipelineManager.java:149)
	at org.apache.hadoop.hdds.scm.block.BlockManagerImpl.allocateBlock(BlockManagerImpl.java:190)
	at org.apache.hadoop.hdds.scm.server.SCMBlockProtocolServer.allocateBlock(SCMBlockProtocolServer.java:175)
	at org.apache.hadoop.ozone.protocolPB.ScmBlockLocationProtocolServerSideTranslatorPB.allocateScmBlock(ScmBlockLocationProtocolServerSideTranslatorPB.java:153)
	at org.apache.hadoop.ozone.protocolPB.ScmBlockLocationProtocolServerSideTranslatorPB.send(ScmBlockLocationProtocolServerSideTranslatorPB.java:112)
	at org.apache.hadoop.hdds.protocol.proto.ScmBlockLocationProtocolProtos$ScmBlockLocationProtocolService$2.callBlockingMethod(ScmBlockLocationProtocolProtos.java:13157)
	at org.apache.hadoop.ipc.ProtobufRpcEngine$Server$ProtoBufRpcInvoker.call(ProtobufRpcEngine.java:524)
	at org.apache.hadoop.ipc.RPC$Server.call(RPC.java:1025)
	at org.apache.hadoop.ipc.Server$RpcCall.run(Server.java:876)
	at org.apache.hadoop.ipc.Server$RpcCall.run(Server.java:822)
	at java.security.AccessController.doPrivileged(Native Method)
	at javax.security.auth.Subject.doAs(Subject.java:422)
	at org.apache.hadoop.security.UserGroupInformation.doAs(UserGroupInformation.java:1730)
	at org.apache.hadoop.ipc.Server$Handler.run(Server.java:2682)
2019-09-12 10:31:54,359 [IPC Server handler 5 on 38858] INFO  block.BlockManagerImpl (BlockManagerImpl.java:allocateBlock(198)) - Could not find available pipeline of type:RATIS and factor:THREE even after retrying
2019-09-12 10:31:54,359 [IPC Server handler 5 on 38858] ERROR block.BlockManagerImpl (BlockManagerImpl.java:allocateBlock(222)) - Unable to allocate a block for the size: 4194304, type: RATIS, factor: THREE
2019-09-12 10:31:54,359 [IPC Server handler 5 on 38858] ERROR pipeline.PipelinePlacementPolicy (PipelinePlacementPolicy.java:meetCriteria(91)) - Pipeline Placement: Doesn't meet the criteria to be viable node. Heaviness: 6
2019-09-12 10:31:54,359 [IPC Server handler 5 on 38858] ERROR pipeline.PipelinePlacementPolicy (PipelinePlacementPolicy.java:meetCriteria(91)) - Pipeline Placement: Doesn't meet the criteria to be viable node. Heaviness: 6
2019-09-12 10:31:54,359 [IPC Server handler 5 on 38858] ERROR pipeline.PipelinePlacementPolicy (PipelinePlacementPolicy.java:meetCriteria(91)) - Pipeline Placement: Doesn't meet the criteria to be viable node. Heaviness: 6
2019-09-12 10:31:54,360 [IPC Server handler 5 on 38858] ERROR pipeline.PipelinePlacementPolicy (PipelinePlacementPolicy.java:meetCriteria(91)) - Pipeline Placement: Doesn't meet the criteria to be viable node. Heaviness: 6
2019-09-12 10:31:54,360 [IPC Server handler 5 on 38858] ERROR pipeline.PipelinePlacementPolicy (PipelinePlacementPolicy.java:meetCriteria(91)) - Pipeline Placement: Doesn't meet the criteria to be viable node. Heaviness: 6
2019-09-12 10:31:54,360 [IPC Server handler 5 on 38858] ERROR pipeline.PipelinePlacementPolicy (PipelinePlacementPolicy.java:meetCriteria(91)) - Pipeline Placement: Doesn't meet the criteria to be viable node. Heaviness: 6
2019-09-12 10:31:54,360 [IPC Server handler 5 on 38858] ERROR pipeline.PipelinePlacementPolicy (PipelinePlacementPolicy.java:meetCriteria(91)) - Pipeline Placement: Doesn't meet the criteria to be viable node. Heaviness: 6
2019-09-12 10:31:54,360 [IPC Server handler 5 on 38858] ERROR pipeline.PipelinePlacementPolicy (PipelinePlacementPolicy.java:filterViableNodes(146)) - Unable to find enough nodes that meet the criteria that cannot engage in more than 5 pipelines. Nodes required: 3 Found: 0, healthy nodes count inNodeManager: 7.
2019-09-12 10:31:54,360 [IPC Server handler 5 on 38858] ERROR pipeline.SCMPipelineManager (SCMPipelineManager.java:createPipeline(161)) - Pipeline creation failed due to exception: Unable to find enough nodes that meet the criteria that cannot engage in more than 5 pipelines. Nodes required: 3 Found: 0, healthy nodes count inNodeManager: 7.
2019-09-12 10:31:54,360 [IPC Server handler 5 on 38858] WARN  block.BlockManagerImpl (BlockManagerImpl.java:allocateBlock(192)) - Pipeline creation failed for type:RATIS factor:THREE. Retrying get pipelines call once.
org.apache.hadoop.hdds.scm.exceptions.SCMException: Unable to find enough nodes that meet the criteria that cannot engage in more than 5 pipelines. Nodes required: 3 Found: 0, healthy nodes count inNodeManager: 7.
	at org.apache.hadoop.hdds.scm.pipeline.PipelinePlacementPolicy.filterViableNodes(PipelinePlacementPolicy.java:147)
	at org.apache.hadoop.hdds.scm.pipeline.PipelinePlacementPolicy.chooseDatanodes(PipelinePlacementPolicy.java:170)
	at org.apache.hadoop.hdds.scm.pipeline.RatisPipelineProvider.create(RatisPipelineProvider.java:92)
	at org.apache.hadoop.hdds.scm.pipeline.PipelineFactory.create(PipelineFactory.java:57)
	at org.apache.hadoop.hdds.scm.pipeline.SCMPipelineManager.createPipeline(SCMPipelineManager.java:149)
	at org.apache.hadoop.hdds.scm.block.BlockManagerImpl.allocateBlock(BlockManagerImpl.java:190)
	at org.apache.hadoop.hdds.scm.server.SCMBlockProtocolServer.allocateBlock(SCMBlockProtocolServer.java:175)
	at org.apache.hadoop.ozone.protocolPB.ScmBlockLocationProtocolServerSideTranslatorPB.allocateScmBlock(ScmBlockLocationProtocolServerSideTranslatorPB.java:153)
	at org.apache.hadoop.ozone.protocolPB.ScmBlockLocationProtocolServerSideTranslatorPB.send(ScmBlockLocationProtocolServerSideTranslatorPB.java:112)
	at org.apache.hadoop.hdds.protocol.proto.ScmBlockLocationProtocolProtos$ScmBlockLocationProtocolService$2.callBlockingMethod(ScmBlockLocationProtocolProtos.java:13157)
	at org.apache.hadoop.ipc.ProtobufRpcEngine$Server$ProtoBufRpcInvoker.call(ProtobufRpcEngine.java:524)
	at org.apache.hadoop.ipc.RPC$Server.call(RPC.java:1025)
	at org.apache.hadoop.ipc.Server$RpcCall.run(Server.java:876)
	at org.apache.hadoop.ipc.Server$RpcCall.run(Server.java:822)
	at java.security.AccessController.doPrivileged(Native Method)
	at javax.security.auth.Subject.doAs(Subject.java:422)
	at org.apache.hadoop.security.UserGroupInformation.doAs(UserGroupInformation.java:1730)
	at org.apache.hadoop.ipc.Server$Handler.run(Server.java:2682)
2019-09-12 10:31:54,361 [IPC Server handler 5 on 38858] INFO  block.BlockManagerImpl (BlockManagerImpl.java:allocateBlock(198)) - Could not find available pipeline of type:RATIS and factor:THREE even after retrying
2019-09-12 10:31:54,361 [IPC Server handler 5 on 38858] ERROR block.BlockManagerImpl (BlockManagerImpl.java:allocateBlock(222)) - Unable to allocate a block for the size: 4194304, type: RATIS, factor: THREE
2019-09-12 10:31:54,361 [IPC Server handler 5 on 38858] ERROR pipeline.PipelinePlacementPolicy (PipelinePlacementPolicy.java:meetCriteria(91)) - Pipeline Placement: Doesn't meet the criteria to be viable node. Heaviness: 6
2019-09-12 10:31:54,361 [IPC Server handler 5 on 38858] ERROR pipeline.PipelinePlacementPolicy (PipelinePlacementPolicy.java:meetCriteria(91)) - Pipeline Placement: Doesn't meet the criteria to be viable node. Heaviness: 6
2019-09-12 10:31:54,361 [IPC Server handler 5 on 38858] ERROR pipeline.PipelinePlacementPolicy (PipelinePlacementPolicy.java:meetCriteria(91)) - Pipeline Placement: Doesn't meet the criteria to be viable node. Heaviness: 6
2019-09-12 10:31:54,361 [IPC Server handler 5 on 38858] ERROR pipeline.PipelinePlacementPolicy (PipelinePlacementPolicy.java:meetCriteria(91)) - Pipeline Placement: Doesn't meet the criteria to be viable node. Heaviness: 6
2019-09-12 10:31:54,362 [IPC Server handler 5 on 38858] ERROR pipeline.PipelinePlacementPolicy (PipelinePlacementPolicy.java:meetCriteria(91)) - Pipeline Placement: Doesn't meet the criteria to be viable node. Heaviness: 6
2019-09-12 10:31:54,362 [IPC Server handler 5 on 38858] ERROR pipeline.PipelinePlacementPolicy (PipelinePlacementPolicy.java:meetCriteria(91)) - Pipeline Placement: Doesn't meet the criteria to be viable node. Heaviness: 6
2019-09-12 10:31:54,362 [IPC Server handler 5 on 38858] ERROR pipeline.PipelinePlacementPolicy (PipelinePlacementPolicy.java:meetCriteria(91)) - Pipeline Placement: Doesn't meet the criteria to be viable node. Heaviness: 6
2019-09-12 10:31:54,362 [IPC Server handler 5 on 38858] ERROR pipeline.PipelinePlacementPolicy (PipelinePlacementPolicy.java:filterViableNodes(146)) - Unable to find enough nodes that meet the criteria that cannot engage in more than 5 pipelines. Nodes required: 3 Found: 0, healthy nodes count inNodeManager: 7.
2019-09-12 10:31:54,362 [IPC Server handler 5 on 38858] ERROR pipeline.SCMPipelineManager (SCMPipelineManager.java:createPipeline(161)) - Pipeline creation failed due to exception: Unable to find enough nodes that meet the criteria that cannot engage in more than 5 pipelines. Nodes required: 3 Found: 0, healthy nodes count inNodeManager: 7.
2019-09-12 10:31:54,362 [IPC Server handler 5 on 38858] WARN  block.BlockManagerImpl (BlockManagerImpl.java:allocateBlock(192)) - Pipeline creation failed for type:RATIS factor:THREE. Retrying get pipelines call once.
org.apache.hadoop.hdds.scm.exceptions.SCMException: Unable to find enough nodes that meet the criteria that cannot engage in more than 5 pipelines. Nodes required: 3 Found: 0, healthy nodes count inNodeManager: 7.
	at org.apache.hadoop.hdds.scm.pipeline.PipelinePlacementPolicy.filterViableNodes(PipelinePlacementPolicy.java:147)
	at org.apache.hadoop.hdds.scm.pipeline.PipelinePlacementPolicy.chooseDatanodes(PipelinePlacementPolicy.java:170)
	at org.apache.hadoop.hdds.scm.pipeline.RatisPipelineProvider.create(RatisPipelineProvider.java:92)
	at org.apache.hadoop.hdds.scm.pipeline.PipelineFactory.create(PipelineFactory.java:57)
	at org.apache.hadoop.hdds.scm.pipeline.SCMPipelineManager.createPipeline(SCMPipelineManager.java:149)
	at org.apache.hadoop.hdds.scm.block.BlockManagerImpl.allocateBlock(BlockManagerImpl.java:190)
	at org.apache.hadoop.hdds.scm.server.SCMBlockProtocolServer.allocateBlock(SCMBlockProtocolServer.java:175)
	at org.apache.hadoop.ozone.protocolPB.ScmBlockLocationProtocolServerSideTranslatorPB.allocateScmBlock(ScmBlockLocationProtocolServerSideTranslatorPB.java:153)
	at org.apache.hadoop.ozone.protocolPB.ScmBlockLocationProtocolServerSideTranslatorPB.send(ScmBlockLocationProtocolServerSideTranslatorPB.java:112)
	at org.apache.hadoop.hdds.protocol.proto.ScmBlockLocationProtocolProtos$ScmBlockLocationProtocolService$2.callBlockingMethod(ScmBlockLocationProtocolProtos.java:13157)
	at org.apache.hadoop.ipc.ProtobufRpcEngine$Server$ProtoBufRpcInvoker.call(ProtobufRpcEngine.java:524)
	at org.apache.hadoop.ipc.RPC$Server.call(RPC.java:1025)
	at org.apache.hadoop.ipc.Server$RpcCall.run(Server.java:876)
	at org.apache.hadoop.ipc.Server$RpcCall.run(Server.java:822)
	at java.security.AccessController.doPrivileged(Native Method)
	at javax.security.auth.Subject.doAs(Subject.java:422)
	at org.apache.hadoop.security.UserGroupInformation.doAs(UserGroupInformation.java:1730)
	at org.apache.hadoop.ipc.Server$Handler.run(Server.java:2682)
2019-09-12 10:31:54,363 [IPC Server handler 5 on 38858] INFO  block.BlockManagerImpl (BlockManagerImpl.java:allocateBlock(198)) - Could not find available pipeline of type:RATIS and factor:THREE even after retrying
2019-09-12 10:31:54,363 [IPC Server handler 5 on 38858] ERROR block.BlockManagerImpl (BlockManagerImpl.java:allocateBlock(222)) - Unable to allocate a block for the size: 4194304, type: RATIS, factor: THREE
2019-09-12 10:31:54,363 | INFO  | SCMAudit | user=jenkins1000 | ip=192.168.157.195 | op=ALLOCATE_BLOCK {owner=467526ad-80e3-4f05-9c69-d4baeb89eac3, size=4194304, type=RATIS, factor=THREE} | ret=SUCCESS |  
2019-09-12 10:31:54,364 | ERROR | OMAudit | user=jenkins1000 | ip=127.0.0.1 | op=ALLOCATE_KEY {volume=closecontainerexceptionhandlingtest, bucket=closecontainerexceptionhandlingtest, key=56979c60-77c1-45de-a545-175d8103f461, dataSize=12582912, replicationType=RATIS, replicationFactor=THREE, keyLocationInfo=null} | ret=FAILURE | org.apache.hadoop.hdds.scm.exceptions.SCMException: Allocated 0 blocks. Requested 3 blocks
	at org.apache.hadoop.hdds.scm.protocolPB.ScmBlockLocationProtocolClientSideTranslatorPB.handleError(ScmBlockLocationProtocolClientSideTranslatorPB.java:118)
	at org.apache.hadoop.hdds.scm.protocolPB.ScmBlockLocationProtocolClientSideTranslatorPB.allocateBlock(ScmBlockLocationProtocolClientSideTranslatorPB.java:156) 
]]></system-out>
  </testcase>
  <testcase name="testBlockWrites" classname="org.apache.hadoop.ozone.client.rpc.TestCloseContainerHandlingByClient" time="0.012">
    <error message="Allocated 0 blocks. Requested 1 blocks" type="INTERNAL_ERROR org.apache.hadoop.ozone.om.exceptions.OMException">INTERNAL_ERROR org.apache.hadoop.ozone.om.exceptions.OMException: Allocated 0 blocks. Requested 1 blocks
	at org.apache.hadoop.ozone.om.protocolPB.OzoneManagerProtocolClientSideTranslatorPB.handleError(OzoneManagerProtocolClientSideTranslatorPB.java:725)
	at org.apache.hadoop.ozone.om.protocolPB.OzoneManagerProtocolClientSideTranslatorPB.openKey(OzoneManagerProtocolClientSideTranslatorPB.java:716)
	at org.apache.hadoop.ozone.client.rpc.RpcClient.createKey(RpcClient.java:615)
	at org.apache.hadoop.ozone.client.OzoneBucket.createKey(OzoneBucket.java:323)
	at org.apache.hadoop.ozone.container.ContainerTestHelper.createKey(ContainerTestHelper.java:694)
	at org.apache.hadoop.ozone.client.rpc.TestCloseContainerHandlingByClient.createKey(TestCloseContainerHandlingByClient.java:396)
	at org.apache.hadoop.ozone.client.rpc.TestCloseContainerHandlingByClient.testBlockWrites(TestCloseContainerHandlingByClient.java:439)
	at sun.reflect.NativeMethodAccessorImpl.invoke0(Native Method)
	at sun.reflect.NativeMethodAccessorImpl.invoke(NativeMethodAccessorImpl.java:62)
	at sun.reflect.DelegatingMethodAccessorImpl.invoke(DelegatingMethodAccessorImpl.java:43)
	at java.lang.reflect.Method.invoke(Method.java:498)
	at org.junit.runners.model.FrameworkMethod$1.runReflectiveCall(FrameworkMethod.java:47)
	at org.junit.internal.runners.model.ReflectiveCallable.run(ReflectiveCallable.java:12)
	at org.junit.runners.model.FrameworkMethod.invokeExplosively(FrameworkMethod.java:44)
	at org.junit.internal.runners.statements.InvokeMethod.evaluate(InvokeMethod.java:17)
	at org.junit.runners.ParentRunner.runLeaf(ParentRunner.java:271)
	at org.junit.runners.BlockJUnit4ClassRunner.runChild(BlockJUnit4ClassRunner.java:70)
	at org.junit.runners.BlockJUnit4ClassRunner.runChild(BlockJUnit4ClassRunner.java:50)
	at org.junit.runners.ParentRunner$3.run(ParentRunner.java:238)
	at org.junit.runners.ParentRunner$1.schedule(ParentRunner.java:63)
	at org.junit.runners.ParentRunner.runChildren(ParentRunner.java:236)
	at org.junit.runners.ParentRunner.access$000(ParentRunner.java:53)
	at org.junit.runners.ParentRunner$2.evaluate(ParentRunner.java:229)
	at org.junit.internal.runners.statements.RunBefores.evaluate(RunBefores.java:26)
	at org.junit.internal.runners.statements.RunAfters.evaluate(RunAfters.java:27)
	at org.junit.runners.ParentRunner.run(ParentRunner.java:309)
	at org.apache.maven.surefire.junit4.JUnit4Provider.execute(JUnit4Provider.java:365)
	at org.apache.maven.surefire.junit4.JUnit4Provider.executeWithRerun(JUnit4Provider.java:273)
	at org.apache.maven.surefire.junit4.JUnit4Provider.executeTestSet(JUnit4Provider.java:238)
	at org.apache.maven.surefire.junit4.JUnit4Provider.invoke(JUnit4Provider.java:159)
	at org.apache.maven.surefire.booter.ForkedBooter.invokeProviderInSameClassLoader(ForkedBooter.java:384)
	at org.apache.maven.surefire.booter.ForkedBooter.runSuitesInProcess(ForkedBooter.java:345)
	at org.apache.maven.surefire.booter.ForkedBooter.execute(ForkedBooter.java:126)
	at org.apache.maven.surefire.booter.ForkedBooter.main(ForkedBooter.java:418)
</error>
    <system-out><![CDATA[2019-09-12 10:31:54,368 | INFO  | OMAudit | user=jenkins1000 | ip=127.0.0.1 | op=READ_VOLUME {volume=closecontainerexceptionhandlingtest} | ret=SUCCESS |  
2019-09-12 10:31:54,369 | INFO  | OMAudit | user=jenkins1000 | ip=127.0.0.1 | op=READ_BUCKET {volume=closecontainerexceptionhandlingtest, bucket=closecontainerexceptionhandlingtest} | ret=SUCCESS |  
2019-09-12 10:31:54,372 [IPC Server handler 2 on 38858] ERROR pipeline.PipelinePlacementPolicy (PipelinePlacementPolicy.java:meetCriteria(91)) - Pipeline Placement: Doesn't meet the criteria to be viable node. Heaviness: 6
2019-09-12 10:31:54,372 [IPC Server handler 2 on 38858] ERROR pipeline.PipelinePlacementPolicy (PipelinePlacementPolicy.java:meetCriteria(91)) - Pipeline Placement: Doesn't meet the criteria to be viable node. Heaviness: 6
2019-09-12 10:31:54,372 [IPC Server handler 2 on 38858] ERROR pipeline.PipelinePlacementPolicy (PipelinePlacementPolicy.java:meetCriteria(91)) - Pipeline Placement: Doesn't meet the criteria to be viable node. Heaviness: 6
2019-09-12 10:31:54,372 [IPC Server handler 2 on 38858] ERROR pipeline.PipelinePlacementPolicy (PipelinePlacementPolicy.java:meetCriteria(91)) - Pipeline Placement: Doesn't meet the criteria to be viable node. Heaviness: 6
2019-09-12 10:31:54,373 [IPC Server handler 2 on 38858] ERROR pipeline.PipelinePlacementPolicy (PipelinePlacementPolicy.java:meetCriteria(91)) - Pipeline Placement: Doesn't meet the criteria to be viable node. Heaviness: 6
2019-09-12 10:31:54,373 [IPC Server handler 2 on 38858] ERROR pipeline.PipelinePlacementPolicy (PipelinePlacementPolicy.java:meetCriteria(91)) - Pipeline Placement: Doesn't meet the criteria to be viable node. Heaviness: 6
2019-09-12 10:31:54,373 [IPC Server handler 2 on 38858] ERROR pipeline.PipelinePlacementPolicy (PipelinePlacementPolicy.java:meetCriteria(91)) - Pipeline Placement: Doesn't meet the criteria to be viable node. Heaviness: 6
2019-09-12 10:31:54,373 [IPC Server handler 2 on 38858] ERROR pipeline.PipelinePlacementPolicy (PipelinePlacementPolicy.java:filterViableNodes(146)) - Unable to find enough nodes that meet the criteria that cannot engage in more than 5 pipelines. Nodes required: 3 Found: 0, healthy nodes count inNodeManager: 7.
2019-09-12 10:31:54,373 [IPC Server handler 2 on 38858] ERROR pipeline.SCMPipelineManager (SCMPipelineManager.java:createPipeline(161)) - Pipeline creation failed due to exception: Unable to find enough nodes that meet the criteria that cannot engage in more than 5 pipelines. Nodes required: 3 Found: 0, healthy nodes count inNodeManager: 7.
2019-09-12 10:31:54,373 [IPC Server handler 2 on 38858] WARN  block.BlockManagerImpl (BlockManagerImpl.java:allocateBlock(192)) - Pipeline creation failed for type:RATIS factor:THREE. Retrying get pipelines call once.
org.apache.hadoop.hdds.scm.exceptions.SCMException: Unable to find enough nodes that meet the criteria that cannot engage in more than 5 pipelines. Nodes required: 3 Found: 0, healthy nodes count inNodeManager: 7.
	at org.apache.hadoop.hdds.scm.pipeline.PipelinePlacementPolicy.filterViableNodes(PipelinePlacementPolicy.java:147)
	at org.apache.hadoop.hdds.scm.pipeline.PipelinePlacementPolicy.chooseDatanodes(PipelinePlacementPolicy.java:170)
	at org.apache.hadoop.hdds.scm.pipeline.RatisPipelineProvider.create(RatisPipelineProvider.java:92)
	at org.apache.hadoop.hdds.scm.pipeline.PipelineFactory.create(PipelineFactory.java:57)
	at org.apache.hadoop.hdds.scm.pipeline.SCMPipelineManager.createPipeline(SCMPipelineManager.java:149)
	at org.apache.hadoop.hdds.scm.block.BlockManagerImpl.allocateBlock(BlockManagerImpl.java:190)
	at org.apache.hadoop.hdds.scm.server.SCMBlockProtocolServer.allocateBlock(SCMBlockProtocolServer.java:175)
	at org.apache.hadoop.ozone.protocolPB.ScmBlockLocationProtocolServerSideTranslatorPB.allocateScmBlock(ScmBlockLocationProtocolServerSideTranslatorPB.java:153)
	at org.apache.hadoop.ozone.protocolPB.ScmBlockLocationProtocolServerSideTranslatorPB.send(ScmBlockLocationProtocolServerSideTranslatorPB.java:112)
	at org.apache.hadoop.hdds.protocol.proto.ScmBlockLocationProtocolProtos$ScmBlockLocationProtocolService$2.callBlockingMethod(ScmBlockLocationProtocolProtos.java:13157)
	at org.apache.hadoop.ipc.ProtobufRpcEngine$Server$ProtoBufRpcInvoker.call(ProtobufRpcEngine.java:524)
	at org.apache.hadoop.ipc.RPC$Server.call(RPC.java:1025)
	at org.apache.hadoop.ipc.Server$RpcCall.run(Server.java:876)
	at org.apache.hadoop.ipc.Server$RpcCall.run(Server.java:822)
	at java.security.AccessController.doPrivileged(Native Method)
	at javax.security.auth.Subject.doAs(Subject.java:422)
	at org.apache.hadoop.security.UserGroupInformation.doAs(UserGroupInformation.java:1730)
	at org.apache.hadoop.ipc.Server$Handler.run(Server.java:2682)
2019-09-12 10:31:54,373 [IPC Server handler 2 on 38858] INFO  block.BlockManagerImpl (BlockManagerImpl.java:allocateBlock(198)) - Could not find available pipeline of type:RATIS and factor:THREE even after retrying
2019-09-12 10:31:54,374 [IPC Server handler 2 on 38858] ERROR block.BlockManagerImpl (BlockManagerImpl.java:allocateBlock(222)) - Unable to allocate a block for the size: 4194304, type: RATIS, factor: THREE
2019-09-12 10:31:54,374 | INFO  | SCMAudit | user=jenkins1000 | ip=192.168.157.195 | op=ALLOCATE_BLOCK {owner=467526ad-80e3-4f05-9c69-d4baeb89eac3, size=4194304, type=RATIS, factor=THREE} | ret=SUCCESS |  
2019-09-12 10:31:54,374 | ERROR | OMAudit | user=jenkins1000 | ip=127.0.0.1 | op=ALLOCATE_KEY {volume=closecontainerexceptionhandlingtest, bucket=closecontainerexceptionhandlingtest, key=7d591305-894e-4c9d-be90-b02bfc08f476, dataSize=0, replicationType=RATIS, replicationFactor=THREE, keyLocationInfo=null} | ret=FAILURE | org.apache.hadoop.hdds.scm.exceptions.SCMException: Allocated 0 blocks. Requested 1 blocks
	at org.apache.hadoop.hdds.scm.protocolPB.ScmBlockLocationProtocolClientSideTranslatorPB.handleError(ScmBlockLocationProtocolClientSideTranslatorPB.java:118)
	at org.apache.hadoop.hdds.scm.protocolPB.ScmBlockLocationProtocolClientSideTranslatorPB.allocateBlock(ScmBlockLocationProtocolClientSideTranslatorPB.java:156) 
]]></system-out>
  </testcase>
  <testcase name="testMultiBlockWrites2" classname="org.apache.hadoop.ozone.client.rpc.TestCloseContainerHandlingByClient" time="0.01">
    <error message="Allocated 0 blocks. Requested 2 blocks" type="INTERNAL_ERROR org.apache.hadoop.ozone.om.exceptions.OMException">INTERNAL_ERROR org.apache.hadoop.ozone.om.exceptions.OMException: Allocated 0 blocks. Requested 2 blocks
	at org.apache.hadoop.ozone.om.protocolPB.OzoneManagerProtocolClientSideTranslatorPB.handleError(OzoneManagerProtocolClientSideTranslatorPB.java:725)
	at org.apache.hadoop.ozone.om.protocolPB.OzoneManagerProtocolClientSideTranslatorPB.openKey(OzoneManagerProtocolClientSideTranslatorPB.java:716)
	at org.apache.hadoop.ozone.client.rpc.RpcClient.createKey(RpcClient.java:615)
	at org.apache.hadoop.ozone.client.OzoneBucket.createKey(OzoneBucket.java:323)
	at org.apache.hadoop.ozone.container.ContainerTestHelper.createKey(ContainerTestHelper.java:694)
	at org.apache.hadoop.ozone.client.rpc.TestCloseContainerHandlingByClient.createKey(TestCloseContainerHandlingByClient.java:396)
	at org.apache.hadoop.ozone.client.rpc.TestCloseContainerHandlingByClient.testMultiBlockWrites2(TestCloseContainerHandlingByClient.java:233)
	at sun.reflect.NativeMethodAccessorImpl.invoke0(Native Method)
	at sun.reflect.NativeMethodAccessorImpl.invoke(NativeMethodAccessorImpl.java:62)
	at sun.reflect.DelegatingMethodAccessorImpl.invoke(DelegatingMethodAccessorImpl.java:43)
	at java.lang.reflect.Method.invoke(Method.java:498)
	at org.junit.runners.model.FrameworkMethod$1.runReflectiveCall(FrameworkMethod.java:47)
	at org.junit.internal.runners.model.ReflectiveCallable.run(ReflectiveCallable.java:12)
	at org.junit.runners.model.FrameworkMethod.invokeExplosively(FrameworkMethod.java:44)
	at org.junit.internal.runners.statements.InvokeMethod.evaluate(InvokeMethod.java:17)
	at org.junit.runners.ParentRunner.runLeaf(ParentRunner.java:271)
	at org.junit.runners.BlockJUnit4ClassRunner.runChild(BlockJUnit4ClassRunner.java:70)
	at org.junit.runners.BlockJUnit4ClassRunner.runChild(BlockJUnit4ClassRunner.java:50)
	at org.junit.runners.ParentRunner$3.run(ParentRunner.java:238)
	at org.junit.runners.ParentRunner$1.schedule(ParentRunner.java:63)
	at org.junit.runners.ParentRunner.runChildren(ParentRunner.java:236)
	at org.junit.runners.ParentRunner.access$000(ParentRunner.java:53)
	at org.junit.runners.ParentRunner$2.evaluate(ParentRunner.java:229)
	at org.junit.internal.runners.statements.RunBefores.evaluate(RunBefores.java:26)
	at org.junit.internal.runners.statements.RunAfters.evaluate(RunAfters.java:27)
	at org.junit.runners.ParentRunner.run(ParentRunner.java:309)
	at org.apache.maven.surefire.junit4.JUnit4Provider.execute(JUnit4Provider.java:365)
	at org.apache.maven.surefire.junit4.JUnit4Provider.executeWithRerun(JUnit4Provider.java:273)
	at org.apache.maven.surefire.junit4.JUnit4Provider.executeTestSet(JUnit4Provider.java:238)
	at org.apache.maven.surefire.junit4.JUnit4Provider.invoke(JUnit4Provider.java:159)
	at org.apache.maven.surefire.booter.ForkedBooter.invokeProviderInSameClassLoader(ForkedBooter.java:384)
	at org.apache.maven.surefire.booter.ForkedBooter.runSuitesInProcess(ForkedBooter.java:345)
	at org.apache.maven.surefire.booter.ForkedBooter.execute(ForkedBooter.java:126)
	at org.apache.maven.surefire.booter.ForkedBooter.main(ForkedBooter.java:418)
</error>
    <system-out><![CDATA[2019-09-12 10:31:54,379 | INFO  | OMAudit | user=jenkins1000 | ip=127.0.0.1 | op=READ_VOLUME {volume=closecontainerexceptionhandlingtest} | ret=SUCCESS |  
2019-09-12 10:31:54,381 | INFO  | OMAudit | user=jenkins1000 | ip=127.0.0.1 | op=READ_BUCKET {volume=closecontainerexceptionhandlingtest, bucket=closecontainerexceptionhandlingtest} | ret=SUCCESS |  
2019-09-12 10:31:54,383 [IPC Server handler 7 on 38858] ERROR pipeline.PipelinePlacementPolicy (PipelinePlacementPolicy.java:meetCriteria(91)) - Pipeline Placement: Doesn't meet the criteria to be viable node. Heaviness: 6
2019-09-12 10:31:54,383 [IPC Server handler 7 on 38858] ERROR pipeline.PipelinePlacementPolicy (PipelinePlacementPolicy.java:meetCriteria(91)) - Pipeline Placement: Doesn't meet the criteria to be viable node. Heaviness: 6
2019-09-12 10:31:54,383 [IPC Server handler 7 on 38858] ERROR pipeline.PipelinePlacementPolicy (PipelinePlacementPolicy.java:meetCriteria(91)) - Pipeline Placement: Doesn't meet the criteria to be viable node. Heaviness: 6
2019-09-12 10:31:54,383 [IPC Server handler 7 on 38858] ERROR pipeline.PipelinePlacementPolicy (PipelinePlacementPolicy.java:meetCriteria(91)) - Pipeline Placement: Doesn't meet the criteria to be viable node. Heaviness: 6
2019-09-12 10:31:54,383 [IPC Server handler 7 on 38858] ERROR pipeline.PipelinePlacementPolicy (PipelinePlacementPolicy.java:meetCriteria(91)) - Pipeline Placement: Doesn't meet the criteria to be viable node. Heaviness: 6
2019-09-12 10:31:54,384 [IPC Server handler 7 on 38858] ERROR pipeline.PipelinePlacementPolicy (PipelinePlacementPolicy.java:meetCriteria(91)) - Pipeline Placement: Doesn't meet the criteria to be viable node. Heaviness: 6
2019-09-12 10:31:54,384 [IPC Server handler 7 on 38858] ERROR pipeline.PipelinePlacementPolicy (PipelinePlacementPolicy.java:meetCriteria(91)) - Pipeline Placement: Doesn't meet the criteria to be viable node. Heaviness: 6
2019-09-12 10:31:54,384 [IPC Server handler 7 on 38858] ERROR pipeline.PipelinePlacementPolicy (PipelinePlacementPolicy.java:filterViableNodes(146)) - Unable to find enough nodes that meet the criteria that cannot engage in more than 5 pipelines. Nodes required: 3 Found: 0, healthy nodes count inNodeManager: 7.
2019-09-12 10:31:54,384 [IPC Server handler 7 on 38858] ERROR pipeline.SCMPipelineManager (SCMPipelineManager.java:createPipeline(161)) - Pipeline creation failed due to exception: Unable to find enough nodes that meet the criteria that cannot engage in more than 5 pipelines. Nodes required: 3 Found: 0, healthy nodes count inNodeManager: 7.
2019-09-12 10:31:54,384 [IPC Server handler 7 on 38858] WARN  block.BlockManagerImpl (BlockManagerImpl.java:allocateBlock(192)) - Pipeline creation failed for type:RATIS factor:THREE. Retrying get pipelines call once.
org.apache.hadoop.hdds.scm.exceptions.SCMException: Unable to find enough nodes that meet the criteria that cannot engage in more than 5 pipelines. Nodes required: 3 Found: 0, healthy nodes count inNodeManager: 7.
	at org.apache.hadoop.hdds.scm.pipeline.PipelinePlacementPolicy.filterViableNodes(PipelinePlacementPolicy.java:147)
	at org.apache.hadoop.hdds.scm.pipeline.PipelinePlacementPolicy.chooseDatanodes(PipelinePlacementPolicy.java:170)
	at org.apache.hadoop.hdds.scm.pipeline.RatisPipelineProvider.create(RatisPipelineProvider.java:92)
	at org.apache.hadoop.hdds.scm.pipeline.PipelineFactory.create(PipelineFactory.java:57)
	at org.apache.hadoop.hdds.scm.pipeline.SCMPipelineManager.createPipeline(SCMPipelineManager.java:149)
	at org.apache.hadoop.hdds.scm.block.BlockManagerImpl.allocateBlock(BlockManagerImpl.java:190)
	at org.apache.hadoop.hdds.scm.server.SCMBlockProtocolServer.allocateBlock(SCMBlockProtocolServer.java:175)
	at org.apache.hadoop.ozone.protocolPB.ScmBlockLocationProtocolServerSideTranslatorPB.allocateScmBlock(ScmBlockLocationProtocolServerSideTranslatorPB.java:153)
	at org.apache.hadoop.ozone.protocolPB.ScmBlockLocationProtocolServerSideTranslatorPB.send(ScmBlockLocationProtocolServerSideTranslatorPB.java:112)
	at org.apache.hadoop.hdds.protocol.proto.ScmBlockLocationProtocolProtos$ScmBlockLocationProtocolService$2.callBlockingMethod(ScmBlockLocationProtocolProtos.java:13157)
	at org.apache.hadoop.ipc.ProtobufRpcEngine$Server$ProtoBufRpcInvoker.call(ProtobufRpcEngine.java:524)
	at org.apache.hadoop.ipc.RPC$Server.call(RPC.java:1025)
	at org.apache.hadoop.ipc.Server$RpcCall.run(Server.java:876)
	at org.apache.hadoop.ipc.Server$RpcCall.run(Server.java:822)
	at java.security.AccessController.doPrivileged(Native Method)
	at javax.security.auth.Subject.doAs(Subject.java:422)
	at org.apache.hadoop.security.UserGroupInformation.doAs(UserGroupInformation.java:1730)
	at org.apache.hadoop.ipc.Server$Handler.run(Server.java:2682)
2019-09-12 10:31:54,384 [IPC Server handler 7 on 38858] INFO  block.BlockManagerImpl (BlockManagerImpl.java:allocateBlock(198)) - Could not find available pipeline of type:RATIS and factor:THREE even after retrying
2019-09-12 10:31:54,384 [IPC Server handler 7 on 38858] ERROR block.BlockManagerImpl (BlockManagerImpl.java:allocateBlock(222)) - Unable to allocate a block for the size: 4194304, type: RATIS, factor: THREE
2019-09-12 10:31:54,385 [IPC Server handler 7 on 38858] ERROR pipeline.PipelinePlacementPolicy (PipelinePlacementPolicy.java:meetCriteria(91)) - Pipeline Placement: Doesn't meet the criteria to be viable node. Heaviness: 6
2019-09-12 10:31:54,385 [IPC Server handler 7 on 38858] ERROR pipeline.PipelinePlacementPolicy (PipelinePlacementPolicy.java:meetCriteria(91)) - Pipeline Placement: Doesn't meet the criteria to be viable node. Heaviness: 6
2019-09-12 10:31:54,385 [IPC Server handler 7 on 38858] ERROR pipeline.PipelinePlacementPolicy (PipelinePlacementPolicy.java:meetCriteria(91)) - Pipeline Placement: Doesn't meet the criteria to be viable node. Heaviness: 6
2019-09-12 10:31:54,385 [IPC Server handler 7 on 38858] ERROR pipeline.PipelinePlacementPolicy (PipelinePlacementPolicy.java:meetCriteria(91)) - Pipeline Placement: Doesn't meet the criteria to be viable node. Heaviness: 6
2019-09-12 10:31:54,385 [IPC Server handler 7 on 38858] ERROR pipeline.PipelinePlacementPolicy (PipelinePlacementPolicy.java:meetCriteria(91)) - Pipeline Placement: Doesn't meet the criteria to be viable node. Heaviness: 6
2019-09-12 10:31:54,385 [IPC Server handler 7 on 38858] ERROR pipeline.PipelinePlacementPolicy (PipelinePlacementPolicy.java:meetCriteria(91)) - Pipeline Placement: Doesn't meet the criteria to be viable node. Heaviness: 6
2019-09-12 10:31:54,385 [IPC Server handler 7 on 38858] ERROR pipeline.PipelinePlacementPolicy (PipelinePlacementPolicy.java:meetCriteria(91)) - Pipeline Placement: Doesn't meet the criteria to be viable node. Heaviness: 6
2019-09-12 10:31:54,385 [IPC Server handler 7 on 38858] ERROR pipeline.PipelinePlacementPolicy (PipelinePlacementPolicy.java:filterViableNodes(146)) - Unable to find enough nodes that meet the criteria that cannot engage in more than 5 pipelines. Nodes required: 3 Found: 0, healthy nodes count inNodeManager: 7.
2019-09-12 10:31:54,385 [IPC Server handler 7 on 38858] ERROR pipeline.SCMPipelineManager (SCMPipelineManager.java:createPipeline(161)) - Pipeline creation failed due to exception: Unable to find enough nodes that meet the criteria that cannot engage in more than 5 pipelines. Nodes required: 3 Found: 0, healthy nodes count inNodeManager: 7.
2019-09-12 10:31:54,386 [IPC Server handler 7 on 38858] WARN  block.BlockManagerImpl (BlockManagerImpl.java:allocateBlock(192)) - Pipeline creation failed for type:RATIS factor:THREE. Retrying get pipelines call once.
org.apache.hadoop.hdds.scm.exceptions.SCMException: Unable to find enough nodes that meet the criteria that cannot engage in more than 5 pipelines. Nodes required: 3 Found: 0, healthy nodes count inNodeManager: 7.
	at org.apache.hadoop.hdds.scm.pipeline.PipelinePlacementPolicy.filterViableNodes(PipelinePlacementPolicy.java:147)
	at org.apache.hadoop.hdds.scm.pipeline.PipelinePlacementPolicy.chooseDatanodes(PipelinePlacementPolicy.java:170)
	at org.apache.hadoop.hdds.scm.pipeline.RatisPipelineProvider.create(RatisPipelineProvider.java:92)
	at org.apache.hadoop.hdds.scm.pipeline.PipelineFactory.create(PipelineFactory.java:57)
	at org.apache.hadoop.hdds.scm.pipeline.SCMPipelineManager.createPipeline(SCMPipelineManager.java:149)
	at org.apache.hadoop.hdds.scm.block.BlockManagerImpl.allocateBlock(BlockManagerImpl.java:190)
	at org.apache.hadoop.hdds.scm.server.SCMBlockProtocolServer.allocateBlock(SCMBlockProtocolServer.java:175)
	at org.apache.hadoop.ozone.protocolPB.ScmBlockLocationProtocolServerSideTranslatorPB.allocateScmBlock(ScmBlockLocationProtocolServerSideTranslatorPB.java:153)
	at org.apache.hadoop.ozone.protocolPB.ScmBlockLocationProtocolServerSideTranslatorPB.send(ScmBlockLocationProtocolServerSideTranslatorPB.java:112)
	at org.apache.hadoop.hdds.protocol.proto.ScmBlockLocationProtocolProtos$ScmBlockLocationProtocolService$2.callBlockingMethod(ScmBlockLocationProtocolProtos.java:13157)
	at org.apache.hadoop.ipc.ProtobufRpcEngine$Server$ProtoBufRpcInvoker.call(ProtobufRpcEngine.java:524)
	at org.apache.hadoop.ipc.RPC$Server.call(RPC.java:1025)
	at org.apache.hadoop.ipc.Server$RpcCall.run(Server.java:876)
	at org.apache.hadoop.ipc.Server$RpcCall.run(Server.java:822)
	at java.security.AccessController.doPrivileged(Native Method)
	at javax.security.auth.Subject.doAs(Subject.java:422)
	at org.apache.hadoop.security.UserGroupInformation.doAs(UserGroupInformation.java:1730)
	at org.apache.hadoop.ipc.Server$Handler.run(Server.java:2682)
2019-09-12 10:31:54,386 [IPC Server handler 7 on 38858] INFO  block.BlockManagerImpl (BlockManagerImpl.java:allocateBlock(198)) - Could not find available pipeline of type:RATIS and factor:THREE even after retrying
2019-09-12 10:31:54,386 [IPC Server handler 7 on 38858] ERROR block.BlockManagerImpl (BlockManagerImpl.java:allocateBlock(222)) - Unable to allocate a block for the size: 4194304, type: RATIS, factor: THREE
2019-09-12 10:31:54,386 | INFO  | SCMAudit | user=jenkins1000 | ip=192.168.157.195 | op=ALLOCATE_BLOCK {owner=467526ad-80e3-4f05-9c69-d4baeb89eac3, size=4194304, type=RATIS, factor=THREE} | ret=SUCCESS |  
2019-09-12 10:31:54,387 | ERROR | OMAudit | user=jenkins1000 | ip=127.0.0.1 | op=ALLOCATE_KEY {volume=closecontainerexceptionhandlingtest, bucket=closecontainerexceptionhandlingtest, key=5725fe97-aa79-4095-a0c0-55874db7e60e, dataSize=8388608, replicationType=RATIS, replicationFactor=THREE, keyLocationInfo=null} | ret=FAILURE | org.apache.hadoop.hdds.scm.exceptions.SCMException: Allocated 0 blocks. Requested 2 blocks
	at org.apache.hadoop.hdds.scm.protocolPB.ScmBlockLocationProtocolClientSideTranslatorPB.handleError(ScmBlockLocationProtocolClientSideTranslatorPB.java:118)
	at org.apache.hadoop.hdds.scm.protocolPB.ScmBlockLocationProtocolClientSideTranslatorPB.allocateBlock(ScmBlockLocationProtocolClientSideTranslatorPB.java:156) 
]]></system-out>
  </testcase>
  <testcase name="testMultiBlockWrites3" classname="org.apache.hadoop.ozone.client.rpc.TestCloseContainerHandlingByClient" time="0.024">
    <error message="Allocated 0 blocks. Requested 4 blocks" type="INTERNAL_ERROR org.apache.hadoop.ozone.om.exceptions.OMException">INTERNAL_ERROR org.apache.hadoop.ozone.om.exceptions.OMException: Allocated 0 blocks. Requested 4 blocks
	at org.apache.hadoop.ozone.om.protocolPB.OzoneManagerProtocolClientSideTranslatorPB.handleError(OzoneManagerProtocolClientSideTranslatorPB.java:725)
	at org.apache.hadoop.ozone.om.protocolPB.OzoneManagerProtocolClientSideTranslatorPB.openKey(OzoneManagerProtocolClientSideTranslatorPB.java:716)
	at org.apache.hadoop.ozone.client.rpc.RpcClient.createKey(RpcClient.java:615)
	at org.apache.hadoop.ozone.client.OzoneBucket.createKey(OzoneBucket.java:323)
	at org.apache.hadoop.ozone.container.ContainerTestHelper.createKey(ContainerTestHelper.java:694)
	at org.apache.hadoop.ozone.client.rpc.TestCloseContainerHandlingByClient.createKey(TestCloseContainerHandlingByClient.java:396)
	at org.apache.hadoop.ozone.client.rpc.TestCloseContainerHandlingByClient.testMultiBlockWrites3(TestCloseContainerHandlingByClient.java:289)
	at sun.reflect.NativeMethodAccessorImpl.invoke0(Native Method)
	at sun.reflect.NativeMethodAccessorImpl.invoke(NativeMethodAccessorImpl.java:62)
	at sun.reflect.DelegatingMethodAccessorImpl.invoke(DelegatingMethodAccessorImpl.java:43)
	at java.lang.reflect.Method.invoke(Method.java:498)
	at org.junit.runners.model.FrameworkMethod$1.runReflectiveCall(FrameworkMethod.java:47)
	at org.junit.internal.runners.model.ReflectiveCallable.run(ReflectiveCallable.java:12)
	at org.junit.runners.model.FrameworkMethod.invokeExplosively(FrameworkMethod.java:44)
	at org.junit.internal.runners.statements.InvokeMethod.evaluate(InvokeMethod.java:17)
	at org.junit.runners.ParentRunner.runLeaf(ParentRunner.java:271)
	at org.junit.runners.BlockJUnit4ClassRunner.runChild(BlockJUnit4ClassRunner.java:70)
	at org.junit.runners.BlockJUnit4ClassRunner.runChild(BlockJUnit4ClassRunner.java:50)
	at org.junit.runners.ParentRunner$3.run(ParentRunner.java:238)
	at org.junit.runners.ParentRunner$1.schedule(ParentRunner.java:63)
	at org.junit.runners.ParentRunner.runChildren(ParentRunner.java:236)
	at org.junit.runners.ParentRunner.access$000(ParentRunner.java:53)
	at org.junit.runners.ParentRunner$2.evaluate(ParentRunner.java:229)
	at org.junit.internal.runners.statements.RunBefores.evaluate(RunBefores.java:26)
	at org.junit.internal.runners.statements.RunAfters.evaluate(RunAfters.java:27)
	at org.junit.runners.ParentRunner.run(ParentRunner.java:309)
	at org.apache.maven.surefire.junit4.JUnit4Provider.execute(JUnit4Provider.java:365)
	at org.apache.maven.surefire.junit4.JUnit4Provider.executeWithRerun(JUnit4Provider.java:273)
	at org.apache.maven.surefire.junit4.JUnit4Provider.executeTestSet(JUnit4Provider.java:238)
	at org.apache.maven.surefire.junit4.JUnit4Provider.invoke(JUnit4Provider.java:159)
	at org.apache.maven.surefire.booter.ForkedBooter.invokeProviderInSameClassLoader(ForkedBooter.java:384)
	at org.apache.maven.surefire.booter.ForkedBooter.runSuitesInProcess(ForkedBooter.java:345)
	at org.apache.maven.surefire.booter.ForkedBooter.execute(ForkedBooter.java:126)
	at org.apache.maven.surefire.booter.ForkedBooter.main(ForkedBooter.java:418)
</error>
    <system-out><![CDATA[2019-09-12 10:31:54,388 | INFO  | OMAudit | user=jenkins1000 | ip=127.0.0.1 | op=READ_VOLUME {volume=closecontainerexceptionhandlingtest} | ret=SUCCESS |  
2019-09-12 10:31:54,390 | INFO  | OMAudit | user=jenkins1000 | ip=127.0.0.1 | op=READ_BUCKET {volume=closecontainerexceptionhandlingtest, bucket=closecontainerexceptionhandlingtest} | ret=SUCCESS |  
2019-09-12 10:31:54,392 [IPC Server handler 6 on 38858] ERROR pipeline.PipelinePlacementPolicy (PipelinePlacementPolicy.java:meetCriteria(91)) - Pipeline Placement: Doesn't meet the criteria to be viable node. Heaviness: 6
2019-09-12 10:31:54,393 [IPC Server handler 6 on 38858] ERROR pipeline.PipelinePlacementPolicy (PipelinePlacementPolicy.java:meetCriteria(91)) - Pipeline Placement: Doesn't meet the criteria to be viable node. Heaviness: 6
2019-09-12 10:31:54,393 [IPC Server handler 6 on 38858] ERROR pipeline.PipelinePlacementPolicy (PipelinePlacementPolicy.java:meetCriteria(91)) - Pipeline Placement: Doesn't meet the criteria to be viable node. Heaviness: 6
2019-09-12 10:31:54,393 [IPC Server handler 6 on 38858] ERROR pipeline.PipelinePlacementPolicy (PipelinePlacementPolicy.java:meetCriteria(91)) - Pipeline Placement: Doesn't meet the criteria to be viable node. Heaviness: 6
2019-09-12 10:31:54,393 [IPC Server handler 6 on 38858] ERROR pipeline.PipelinePlacementPolicy (PipelinePlacementPolicy.java:meetCriteria(91)) - Pipeline Placement: Doesn't meet the criteria to be viable node. Heaviness: 6
2019-09-12 10:31:54,393 [IPC Server handler 6 on 38858] ERROR pipeline.PipelinePlacementPolicy (PipelinePlacementPolicy.java:meetCriteria(91)) - Pipeline Placement: Doesn't meet the criteria to be viable node. Heaviness: 6
2019-09-12 10:31:54,393 [IPC Server handler 6 on 38858] ERROR pipeline.PipelinePlacementPolicy (PipelinePlacementPolicy.java:meetCriteria(91)) - Pipeline Placement: Doesn't meet the criteria to be viable node. Heaviness: 6
2019-09-12 10:31:54,394 [IPC Server handler 6 on 38858] ERROR pipeline.PipelinePlacementPolicy (PipelinePlacementPolicy.java:filterViableNodes(146)) - Unable to find enough nodes that meet the criteria that cannot engage in more than 5 pipelines. Nodes required: 3 Found: 0, healthy nodes count inNodeManager: 7.
2019-09-12 10:31:54,394 [IPC Server handler 6 on 38858] ERROR pipeline.SCMPipelineManager (SCMPipelineManager.java:createPipeline(161)) - Pipeline creation failed due to exception: Unable to find enough nodes that meet the criteria that cannot engage in more than 5 pipelines. Nodes required: 3 Found: 0, healthy nodes count inNodeManager: 7.
2019-09-12 10:31:54,394 [IPC Server handler 6 on 38858] WARN  block.BlockManagerImpl (BlockManagerImpl.java:allocateBlock(192)) - Pipeline creation failed for type:RATIS factor:THREE. Retrying get pipelines call once.
org.apache.hadoop.hdds.scm.exceptions.SCMException: Unable to find enough nodes that meet the criteria that cannot engage in more than 5 pipelines. Nodes required: 3 Found: 0, healthy nodes count inNodeManager: 7.
	at org.apache.hadoop.hdds.scm.pipeline.PipelinePlacementPolicy.filterViableNodes(PipelinePlacementPolicy.java:147)
	at org.apache.hadoop.hdds.scm.pipeline.PipelinePlacementPolicy.chooseDatanodes(PipelinePlacementPolicy.java:170)
	at org.apache.hadoop.hdds.scm.pipeline.RatisPipelineProvider.create(RatisPipelineProvider.java:92)
	at org.apache.hadoop.hdds.scm.pipeline.PipelineFactory.create(PipelineFactory.java:57)
	at org.apache.hadoop.hdds.scm.pipeline.SCMPipelineManager.createPipeline(SCMPipelineManager.java:149)
	at org.apache.hadoop.hdds.scm.block.BlockManagerImpl.allocateBlock(BlockManagerImpl.java:190)
	at org.apache.hadoop.hdds.scm.server.SCMBlockProtocolServer.allocateBlock(SCMBlockProtocolServer.java:175)
	at org.apache.hadoop.ozone.protocolPB.ScmBlockLocationProtocolServerSideTranslatorPB.allocateScmBlock(ScmBlockLocationProtocolServerSideTranslatorPB.java:153)
	at org.apache.hadoop.ozone.protocolPB.ScmBlockLocationProtocolServerSideTranslatorPB.send(ScmBlockLocationProtocolServerSideTranslatorPB.java:112)
	at org.apache.hadoop.hdds.protocol.proto.ScmBlockLocationProtocolProtos$ScmBlockLocationProtocolService$2.callBlockingMethod(ScmBlockLocationProtocolProtos.java:13157)
	at org.apache.hadoop.ipc.ProtobufRpcEngine$Server$ProtoBufRpcInvoker.call(ProtobufRpcEngine.java:524)
	at org.apache.hadoop.ipc.RPC$Server.call(RPC.java:1025)
	at org.apache.hadoop.ipc.Server$RpcCall.run(Server.java:876)
	at org.apache.hadoop.ipc.Server$RpcCall.run(Server.java:822)
	at java.security.AccessController.doPrivileged(Native Method)
	at javax.security.auth.Subject.doAs(Subject.java:422)
	at org.apache.hadoop.security.UserGroupInformation.doAs(UserGroupInformation.java:1730)
	at org.apache.hadoop.ipc.Server$Handler.run(Server.java:2682)
2019-09-12 10:31:54,394 [IPC Server handler 6 on 38858] INFO  block.BlockManagerImpl (BlockManagerImpl.java:allocateBlock(198)) - Could not find available pipeline of type:RATIS and factor:THREE even after retrying
2019-09-12 10:31:54,394 [IPC Server handler 6 on 38858] ERROR block.BlockManagerImpl (BlockManagerImpl.java:allocateBlock(222)) - Unable to allocate a block for the size: 4194304, type: RATIS, factor: THREE
2019-09-12 10:31:54,394 [IPC Server handler 6 on 38858] ERROR pipeline.PipelinePlacementPolicy (PipelinePlacementPolicy.java:meetCriteria(91)) - Pipeline Placement: Doesn't meet the criteria to be viable node. Heaviness: 6
2019-09-12 10:31:54,394 [IPC Server handler 6 on 38858] ERROR pipeline.PipelinePlacementPolicy (PipelinePlacementPolicy.java:meetCriteria(91)) - Pipeline Placement: Doesn't meet the criteria to be viable node. Heaviness: 6
2019-09-12 10:31:54,395 [IPC Server handler 6 on 38858] ERROR pipeline.PipelinePlacementPolicy (PipelinePlacementPolicy.java:meetCriteria(91)) - Pipeline Placement: Doesn't meet the criteria to be viable node. Heaviness: 6
2019-09-12 10:31:54,395 [IPC Server handler 6 on 38858] ERROR pipeline.PipelinePlacementPolicy (PipelinePlacementPolicy.java:meetCriteria(91)) - Pipeline Placement: Doesn't meet the criteria to be viable node. Heaviness: 6
2019-09-12 10:31:54,395 [IPC Server handler 6 on 38858] ERROR pipeline.PipelinePlacementPolicy (PipelinePlacementPolicy.java:meetCriteria(91)) - Pipeline Placement: Doesn't meet the criteria to be viable node. Heaviness: 6
2019-09-12 10:31:54,395 [IPC Server handler 6 on 38858] ERROR pipeline.PipelinePlacementPolicy (PipelinePlacementPolicy.java:meetCriteria(91)) - Pipeline Placement: Doesn't meet the criteria to be viable node. Heaviness: 6
2019-09-12 10:31:54,395 [IPC Server handler 6 on 38858] ERROR pipeline.PipelinePlacementPolicy (PipelinePlacementPolicy.java:meetCriteria(91)) - Pipeline Placement: Doesn't meet the criteria to be viable node. Heaviness: 6
2019-09-12 10:31:54,395 [IPC Server handler 6 on 38858] ERROR pipeline.PipelinePlacementPolicy (PipelinePlacementPolicy.java:filterViableNodes(146)) - Unable to find enough nodes that meet the criteria that cannot engage in more than 5 pipelines. Nodes required: 3 Found: 0, healthy nodes count inNodeManager: 7.
2019-09-12 10:31:54,396 [IPC Server handler 6 on 38858] ERROR pipeline.SCMPipelineManager (SCMPipelineManager.java:createPipeline(161)) - Pipeline creation failed due to exception: Unable to find enough nodes that meet the criteria that cannot engage in more than 5 pipelines. Nodes required: 3 Found: 0, healthy nodes count inNodeManager: 7.
2019-09-12 10:31:54,396 [IPC Server handler 6 on 38858] WARN  block.BlockManagerImpl (BlockManagerImpl.java:allocateBlock(192)) - Pipeline creation failed for type:RATIS factor:THREE. Retrying get pipelines call once.
org.apache.hadoop.hdds.scm.exceptions.SCMException: Unable to find enough nodes that meet the criteria that cannot engage in more than 5 pipelines. Nodes required: 3 Found: 0, healthy nodes count inNodeManager: 7.
	at org.apache.hadoop.hdds.scm.pipeline.PipelinePlacementPolicy.filterViableNodes(PipelinePlacementPolicy.java:147)
	at org.apache.hadoop.hdds.scm.pipeline.PipelinePlacementPolicy.chooseDatanodes(PipelinePlacementPolicy.java:170)
	at org.apache.hadoop.hdds.scm.pipeline.RatisPipelineProvider.create(RatisPipelineProvider.java:92)
	at org.apache.hadoop.hdds.scm.pipeline.PipelineFactory.create(PipelineFactory.java:57)
	at org.apache.hadoop.hdds.scm.pipeline.SCMPipelineManager.createPipeline(SCMPipelineManager.java:149)
	at org.apache.hadoop.hdds.scm.block.BlockManagerImpl.allocateBlock(BlockManagerImpl.java:190)
	at org.apache.hadoop.hdds.scm.server.SCMBlockProtocolServer.allocateBlock(SCMBlockProtocolServer.java:175)
	at org.apache.hadoop.ozone.protocolPB.ScmBlockLocationProtocolServerSideTranslatorPB.allocateScmBlock(ScmBlockLocationProtocolServerSideTranslatorPB.java:153)
	at org.apache.hadoop.ozone.protocolPB.ScmBlockLocationProtocolServerSideTranslatorPB.send(ScmBlockLocationProtocolServerSideTranslatorPB.java:112)
	at org.apache.hadoop.hdds.protocol.proto.ScmBlockLocationProtocolProtos$ScmBlockLocationProtocolService$2.callBlockingMethod(ScmBlockLocationProtocolProtos.java:13157)
	at org.apache.hadoop.ipc.ProtobufRpcEngine$Server$ProtoBufRpcInvoker.call(ProtobufRpcEngine.java:524)
	at org.apache.hadoop.ipc.RPC$Server.call(RPC.java:1025)
	at org.apache.hadoop.ipc.Server$RpcCall.run(Server.java:876)
	at org.apache.hadoop.ipc.Server$RpcCall.run(Server.java:822)
	at java.security.AccessController.doPrivileged(Native Method)
	at javax.security.auth.Subject.doAs(Subject.java:422)
	at org.apache.hadoop.security.UserGroupInformation.doAs(UserGroupInformation.java:1730)
	at org.apache.hadoop.ipc.Server$Handler.run(Server.java:2682)
2019-09-12 10:31:54,404 [IPC Server handler 6 on 38858] INFO  block.BlockManagerImpl (BlockManagerImpl.java:allocateBlock(198)) - Could not find available pipeline of type:RATIS and factor:THREE even after retrying
2019-09-12 10:31:54,405 [IPC Server handler 6 on 38858] ERROR block.BlockManagerImpl (BlockManagerImpl.java:allocateBlock(222)) - Unable to allocate a block for the size: 4194304, type: RATIS, factor: THREE
2019-09-12 10:31:54,405 [IPC Server handler 6 on 38858] ERROR pipeline.PipelinePlacementPolicy (PipelinePlacementPolicy.java:meetCriteria(91)) - Pipeline Placement: Doesn't meet the criteria to be viable node. Heaviness: 6
2019-09-12 10:31:54,405 [IPC Server handler 6 on 38858] ERROR pipeline.PipelinePlacementPolicy (PipelinePlacementPolicy.java:meetCriteria(91)) - Pipeline Placement: Doesn't meet the criteria to be viable node. Heaviness: 6
2019-09-12 10:31:54,405 [IPC Server handler 6 on 38858] ERROR pipeline.PipelinePlacementPolicy (PipelinePlacementPolicy.java:meetCriteria(91)) - Pipeline Placement: Doesn't meet the criteria to be viable node. Heaviness: 6
2019-09-12 10:31:54,405 [IPC Server handler 6 on 38858] ERROR pipeline.PipelinePlacementPolicy (PipelinePlacementPolicy.java:meetCriteria(91)) - Pipeline Placement: Doesn't meet the criteria to be viable node. Heaviness: 6
2019-09-12 10:31:54,405 [IPC Server handler 6 on 38858] ERROR pipeline.PipelinePlacementPolicy (PipelinePlacementPolicy.java:meetCriteria(91)) - Pipeline Placement: Doesn't meet the criteria to be viable node. Heaviness: 6
2019-09-12 10:31:54,405 [IPC Server handler 6 on 38858] ERROR pipeline.PipelinePlacementPolicy (PipelinePlacementPolicy.java:meetCriteria(91)) - Pipeline Placement: Doesn't meet the criteria to be viable node. Heaviness: 6
2019-09-12 10:31:54,405 [IPC Server handler 6 on 38858] ERROR pipeline.PipelinePlacementPolicy (PipelinePlacementPolicy.java:meetCriteria(91)) - Pipeline Placement: Doesn't meet the criteria to be viable node. Heaviness: 6
2019-09-12 10:31:54,406 [IPC Server handler 6 on 38858] ERROR pipeline.PipelinePlacementPolicy (PipelinePlacementPolicy.java:filterViableNodes(146)) - Unable to find enough nodes that meet the criteria that cannot engage in more than 5 pipelines. Nodes required: 3 Found: 0, healthy nodes count inNodeManager: 7.
2019-09-12 10:31:54,406 [IPC Server handler 6 on 38858] ERROR pipeline.SCMPipelineManager (SCMPipelineManager.java:createPipeline(161)) - Pipeline creation failed due to exception: Unable to find enough nodes that meet the criteria that cannot engage in more than 5 pipelines. Nodes required: 3 Found: 0, healthy nodes count inNodeManager: 7.
2019-09-12 10:31:54,406 [IPC Server handler 6 on 38858] WARN  block.BlockManagerImpl (BlockManagerImpl.java:allocateBlock(192)) - Pipeline creation failed for type:RATIS factor:THREE. Retrying get pipelines call once.
org.apache.hadoop.hdds.scm.exceptions.SCMException: Unable to find enough nodes that meet the criteria that cannot engage in more than 5 pipelines. Nodes required: 3 Found: 0, healthy nodes count inNodeManager: 7.
	at org.apache.hadoop.hdds.scm.pipeline.PipelinePlacementPolicy.filterViableNodes(PipelinePlacementPolicy.java:147)
	at org.apache.hadoop.hdds.scm.pipeline.PipelinePlacementPolicy.chooseDatanodes(PipelinePlacementPolicy.java:170)
	at org.apache.hadoop.hdds.scm.pipeline.RatisPipelineProvider.create(RatisPipelineProvider.java:92)
	at org.apache.hadoop.hdds.scm.pipeline.PipelineFactory.create(PipelineFactory.java:57)
	at org.apache.hadoop.hdds.scm.pipeline.SCMPipelineManager.createPipeline(SCMPipelineManager.java:149)
	at org.apache.hadoop.hdds.scm.block.BlockManagerImpl.allocateBlock(BlockManagerImpl.java:190)
	at org.apache.hadoop.hdds.scm.server.SCMBlockProtocolServer.allocateBlock(SCMBlockProtocolServer.java:175)
	at org.apache.hadoop.ozone.protocolPB.ScmBlockLocationProtocolServerSideTranslatorPB.allocateScmBlock(ScmBlockLocationProtocolServerSideTranslatorPB.java:153)
	at org.apache.hadoop.ozone.protocolPB.ScmBlockLocationProtocolServerSideTranslatorPB.send(ScmBlockLocationProtocolServerSideTranslatorPB.java:112)
	at org.apache.hadoop.hdds.protocol.proto.ScmBlockLocationProtocolProtos$ScmBlockLocationProtocolService$2.callBlockingMethod(ScmBlockLocationProtocolProtos.java:13157)
	at org.apache.hadoop.ipc.ProtobufRpcEngine$Server$ProtoBufRpcInvoker.call(ProtobufRpcEngine.java:524)
	at org.apache.hadoop.ipc.RPC$Server.call(RPC.java:1025)
	at org.apache.hadoop.ipc.Server$RpcCall.run(Server.java:876)
	at org.apache.hadoop.ipc.Server$RpcCall.run(Server.java:822)
	at java.security.AccessController.doPrivileged(Native Method)
	at javax.security.auth.Subject.doAs(Subject.java:422)
	at org.apache.hadoop.security.UserGroupInformation.doAs(UserGroupInformation.java:1730)
	at org.apache.hadoop.ipc.Server$Handler.run(Server.java:2682)
2019-09-12 10:31:54,406 [IPC Server handler 6 on 38858] INFO  block.BlockManagerImpl (BlockManagerImpl.java:allocateBlock(198)) - Could not find available pipeline of type:RATIS and factor:THREE even after retrying
2019-09-12 10:31:54,406 [IPC Server handler 6 on 38858] ERROR block.BlockManagerImpl (BlockManagerImpl.java:allocateBlock(222)) - Unable to allocate a block for the size: 4194304, type: RATIS, factor: THREE
2019-09-12 10:31:54,406 [IPC Server handler 6 on 38858] ERROR pipeline.PipelinePlacementPolicy (PipelinePlacementPolicy.java:meetCriteria(91)) - Pipeline Placement: Doesn't meet the criteria to be viable node. Heaviness: 6
2019-09-12 10:31:54,406 [IPC Server handler 6 on 38858] ERROR pipeline.PipelinePlacementPolicy (PipelinePlacementPolicy.java:meetCriteria(91)) - Pipeline Placement: Doesn't meet the criteria to be viable node. Heaviness: 6
2019-09-12 10:31:54,407 [IPC Server handler 6 on 38858] ERROR pipeline.PipelinePlacementPolicy (PipelinePlacementPolicy.java:meetCriteria(91)) - Pipeline Placement: Doesn't meet the criteria to be viable node. Heaviness: 6
2019-09-12 10:31:54,407 [IPC Server handler 6 on 38858] ERROR pipeline.PipelinePlacementPolicy (PipelinePlacementPolicy.java:meetCriteria(91)) - Pipeline Placement: Doesn't meet the criteria to be viable node. Heaviness: 6
2019-09-12 10:31:54,407 [IPC Server handler 6 on 38858] ERROR pipeline.PipelinePlacementPolicy (PipelinePlacementPolicy.java:meetCriteria(91)) - Pipeline Placement: Doesn't meet the criteria to be viable node. Heaviness: 6
2019-09-12 10:31:54,407 [IPC Server handler 6 on 38858] ERROR pipeline.PipelinePlacementPolicy (PipelinePlacementPolicy.java:meetCriteria(91)) - Pipeline Placement: Doesn't meet the criteria to be viable node. Heaviness: 6
2019-09-12 10:31:54,407 [IPC Server handler 6 on 38858] ERROR pipeline.PipelinePlacementPolicy (PipelinePlacementPolicy.java:meetCriteria(91)) - Pipeline Placement: Doesn't meet the criteria to be viable node. Heaviness: 6
2019-09-12 10:31:54,407 [IPC Server handler 6 on 38858] ERROR pipeline.PipelinePlacementPolicy (PipelinePlacementPolicy.java:filterViableNodes(146)) - Unable to find enough nodes that meet the criteria that cannot engage in more than 5 pipelines. Nodes required: 3 Found: 0, healthy nodes count inNodeManager: 7.
2019-09-12 10:31:54,407 [IPC Server handler 6 on 38858] ERROR pipeline.SCMPipelineManager (SCMPipelineManager.java:createPipeline(161)) - Pipeline creation failed due to exception: Unable to find enough nodes that meet the criteria that cannot engage in more than 5 pipelines. Nodes required: 3 Found: 0, healthy nodes count inNodeManager: 7.
2019-09-12 10:31:54,407 [IPC Server handler 6 on 38858] WARN  block.BlockManagerImpl (BlockManagerImpl.java:allocateBlock(192)) - Pipeline creation failed for type:RATIS factor:THREE. Retrying get pipelines call once.
org.apache.hadoop.hdds.scm.exceptions.SCMException: Unable to find enough nodes that meet the criteria that cannot engage in more than 5 pipelines. Nodes required: 3 Found: 0, healthy nodes count inNodeManager: 7.
	at org.apache.hadoop.hdds.scm.pipeline.PipelinePlacementPolicy.filterViableNodes(PipelinePlacementPolicy.java:147)
	at org.apache.hadoop.hdds.scm.pipeline.PipelinePlacementPolicy.chooseDatanodes(PipelinePlacementPolicy.java:170)
	at org.apache.hadoop.hdds.scm.pipeline.RatisPipelineProvider.create(RatisPipelineProvider.java:92)
	at org.apache.hadoop.hdds.scm.pipeline.PipelineFactory.create(PipelineFactory.java:57)
	at org.apache.hadoop.hdds.scm.pipeline.SCMPipelineManager.createPipeline(SCMPipelineManager.java:149)
	at org.apache.hadoop.hdds.scm.block.BlockManagerImpl.allocateBlock(BlockManagerImpl.java:190)
	at org.apache.hadoop.hdds.scm.server.SCMBlockProtocolServer.allocateBlock(SCMBlockProtocolServer.java:175)
	at org.apache.hadoop.ozone.protocolPB.ScmBlockLocationProtocolServerSideTranslatorPB.allocateScmBlock(ScmBlockLocationProtocolServerSideTranslatorPB.java:153)
	at org.apache.hadoop.ozone.protocolPB.ScmBlockLocationProtocolServerSideTranslatorPB.send(ScmBlockLocationProtocolServerSideTranslatorPB.java:112)
	at org.apache.hadoop.hdds.protocol.proto.ScmBlockLocationProtocolProtos$ScmBlockLocationProtocolService$2.callBlockingMethod(ScmBlockLocationProtocolProtos.java:13157)
	at org.apache.hadoop.ipc.ProtobufRpcEngine$Server$ProtoBufRpcInvoker.call(ProtobufRpcEngine.java:524)
	at org.apache.hadoop.ipc.RPC$Server.call(RPC.java:1025)
	at org.apache.hadoop.ipc.Server$RpcCall.run(Server.java:876)
	at org.apache.hadoop.ipc.Server$RpcCall.run(Server.java:822)
	at java.security.AccessController.doPrivileged(Native Method)
	at javax.security.auth.Subject.doAs(Subject.java:422)
	at org.apache.hadoop.security.UserGroupInformation.doAs(UserGroupInformation.java:1730)
	at org.apache.hadoop.ipc.Server$Handler.run(Server.java:2682)
2019-09-12 10:31:54,408 [IPC Server handler 6 on 38858] INFO  block.BlockManagerImpl (BlockManagerImpl.java:allocateBlock(198)) - Could not find available pipeline of type:RATIS and factor:THREE even after retrying
2019-09-12 10:31:54,408 [IPC Server handler 6 on 38858] ERROR block.BlockManagerImpl (BlockManagerImpl.java:allocateBlock(222)) - Unable to allocate a block for the size: 4194304, type: RATIS, factor: THREE
2019-09-12 10:31:54,408 | INFO  | SCMAudit | user=jenkins1000 | ip=192.168.157.195 | op=ALLOCATE_BLOCK {owner=467526ad-80e3-4f05-9c69-d4baeb89eac3, size=4194304, type=RATIS, factor=THREE} | ret=SUCCESS |  
2019-09-12 10:31:54,409 | ERROR | OMAudit | user=jenkins1000 | ip=127.0.0.1 | op=ALLOCATE_KEY {volume=closecontainerexceptionhandlingtest, bucket=closecontainerexceptionhandlingtest, key=45d784fe-ae09-46f6-a1db-d2078459fb93, dataSize=16777216, replicationType=RATIS, replicationFactor=THREE, keyLocationInfo=null} | ret=FAILURE | org.apache.hadoop.hdds.scm.exceptions.SCMException: Allocated 0 blocks. Requested 4 blocks
	at org.apache.hadoop.hdds.scm.protocolPB.ScmBlockLocationProtocolClientSideTranslatorPB.handleError(ScmBlockLocationProtocolClientSideTranslatorPB.java:118)
	at org.apache.hadoop.hdds.scm.protocolPB.ScmBlockLocationProtocolClientSideTranslatorPB.allocateBlock(ScmBlockLocationProtocolClientSideTranslatorPB.java:156) 
]]></system-out>
  </testcase>
  <testcase name="testDiscardPreallocatedBlocks" classname="org.apache.hadoop.ozone.client.rpc.TestCloseContainerHandlingByClient" time="0">
    <skipped/>
  </testcase>
</testsuite>