<?xml version="1.0" encoding="UTF-8"?>
<testsuite xmlns:xsi="http://www.w3.org/2001/XMLSchema-instance" xsi:noNamespaceSchemaLocation="https://maven.apache.org/surefire/maven-surefire-plugin/xsd/surefire-test-report.xsd" name="org.apache.hadoop.hdds.scm.pipeline.TestNode2PipelineMap" time="29.239" tests="1" errors="1" skipped="0" failures="0">
  <properties>
    <property name="awt.toolkit" value="sun.awt.X11.XToolkit"/>
    <property name="file.encoding.pkg" value="sun.io"/>
    <property name="java.specification.version" value="1.8"/>
    <property name="sun.cpu.isalist" value=""/>
    <property name="sun.jnu.encoding" value="UTF-8"/>
    <property name="java.class.path" value="/workdir/hadoop-ozone/integration-test/target/test-classes:/workdir/hadoop-ozone/integration-test/target/classes:/home/user/.m2/repository/org/apache/hadoop/hadoop-ozone-common/0.5.0-SNAPSHOT/hadoop-ozone-common-0.5.0-SNAPSHOT.jar:/home/user/.m2/repository/org/apache/commons/commons-compress/1.4.1/commons-compress-1.4.1.jar:/home/user/.m2/repository/org/tukaani/xz/1.0/xz-1.0.jar:/home/user/.m2/repository/org/apache/hadoop/hadoop-common/3.2.0/hadoop-common-3.2.0.jar:/home/user/.m2/repository/org/apache/hadoop/hadoop-hdfs/3.2.0/hadoop-hdfs-3.2.0.jar:/home/user/.m2/repository/org/apache/hadoop/hadoop-hdfs-client/3.2.0/hadoop-hdfs-client-3.2.0.jar:/home/user/.m2/repository/com/fasterxml/jackson/core/jackson-annotations/2.9.5/jackson-annotations-2.9.5.jar:/home/user/.m2/repository/org/apache/hadoop/hadoop-hdds-common/0.5.0-SNAPSHOT/hadoop-hdds-common-0.5.0-SNAPSHOT.jar:/home/user/.m2/repository/javax/annotation/javax.annotation-api/1.2/javax.annotation-api-1.2.jar:/home/user/.m2/repository/org/apache/ratis/ratis-server/0.4.0-2337318-SNAPSHOT/ratis-server-0.4.0-2337318-SNAPSHOT.jar:/home/user/.m2/repository/org/apache/ratis/ratis-thirdparty-misc/0.2.0/ratis-thirdparty-misc-0.2.0.jar:/home/user/.m2/repository/org/apache/ratis/ratis-proto/0.4.0-2337318-SNAPSHOT/ratis-proto-0.4.0-2337318-SNAPSHOT.jar:/home/user/.m2/repository/org/apache/ratis/ratis-common/0.4.0-2337318-SNAPSHOT/ratis-common-0.4.0-2337318-SNAPSHOT.jar:/home/user/.m2/repository/org/apache/ratis/ratis-client/0.4.0-2337318-SNAPSHOT/ratis-client-0.4.0-2337318-SNAPSHOT.jar:/home/user/.m2/repository/org/apache/ratis/ratis-metrics/0.4.0-2337318-SNAPSHOT/ratis-metrics-0.4.0-2337318-SNAPSHOT.jar:/home/user/.m2/repository/org/apache/ratis/ratis-netty/0.4.0-2337318-SNAPSHOT/ratis-netty-0.4.0-2337318-SNAPSHOT.jar:/home/user/.m2/repository/org/apache/ratis/ratis-grpc/0.4.0-2337318-SNAPSHOT/ratis-grpc-0.4.0-2337318-SNAPSHOT.jar:/home/user/.m2/repository/org/rocksdb/rocksdbjni/6.0.1/rocksdbjni-6.0.1.jar:/home/user/.m2/repository/org/apache/logging/log4j/log4j-api/2.11.0/log4j-api-2.11.0.jar:/home/user/.m2/repository/org/apache/logging/log4j/log4j-core/2.11.0/log4j-core-2.11.0.jar:/home/user/.m2/repository/com/lmax/disruptor/3.4.2/disruptor-3.4.2.jar:/home/user/.m2/repository/org/apache/commons/commons-pool2/2.6.0/commons-pool2-2.6.0.jar:/home/user/.m2/repository/org/bouncycastle/bcpkix-jdk15on/1.60/bcpkix-jdk15on-1.60.jar:/home/user/.m2/repository/commons-validator/commons-validator/1.6/commons-validator-1.6.jar:/home/user/.m2/repository/commons-digester/commons-digester/1.8.1/commons-digester-1.8.1.jar:/home/user/.m2/repository/io/jaegertracing/jaeger-client/0.33.1/jaeger-client-0.33.1.jar:/home/user/.m2/repository/io/jaegertracing/jaeger-thrift/0.33.1/jaeger-thrift-0.33.1.jar:/home/user/.m2/repository/org/apache/thrift/libthrift/0.11.0/libthrift-0.11.0.jar:/home/user/.m2/repository/com/squareup/okhttp3/okhttp/3.9.0/okhttp-3.9.0.jar:/home/user/.m2/repository/com/squareup/okio/okio/1.13.0/okio-1.13.0.jar:/home/user/.m2/repository/io/jaegertracing/jaeger-core/0.33.1/jaeger-core-0.33.1.jar:/home/user/.m2/repository/io/jaegertracing/jaeger-tracerresolver/0.33.1/jaeger-tracerresolver-0.33.1.jar:/home/user/.m2/repository/io/opentracing/contrib/opentracing-tracerresolver/0.1.5/opentracing-tracerresolver-0.1.5.jar:/home/user/.m2/repository/io/opentracing/opentracing-util/0.31.0/opentracing-util-0.31.0.jar:/home/user/.m2/repository/io/opentracing/opentracing-api/0.31.0/opentracing-api-0.31.0.jar:/home/user/.m2/repository/io/opentracing/opentracing-noop/0.31.0/opentracing-noop-0.31.0.jar:/home/user/.m2/repository/org/apache/hadoop/hadoop-hdds-server-framework/0.5.0-SNAPSHOT/hadoop-hdds-server-framework-0.5.0-SNAPSHOT.jar:/home/user/.m2/repository/org/apache/hadoop/hadoop-hdds-container-service/0.5.0-SNAPSHOT/hadoop-hdds-container-service-0.5.0-SNAPSHOT.jar:/home/user/.m2/repository/org/apache/hadoop/hadoop-hdds-client/0.5.0-SNAPSHOT/hadoop-hdds-client-0.5.0-SNAPSHOT.jar:/home/user/.m2/repository/org/apache/hadoop/hadoop-hdds-tools/0.5.0-SNAPSHOT/hadoop-hdds-tools-0.5.0-SNAPSHOT.jar:/home/user/.m2/repository/org/apache/hadoop/hadoop-hdds-server-scm/0.5.0-SNAPSHOT/hadoop-hdds-server-scm-0.5.0-SNAPSHOT.jar:/home/user/.m2/repository/org/apache/hadoop/hadoop-hdds-docs/0.5.0-SNAPSHOT/hadoop-hdds-docs-0.5.0-SNAPSHOT.jar:/home/user/.m2/repository/io/dropwizard/metrics/metrics-core/3.2.4/metrics-core-3.2.4.jar:/home/user/.m2/repository/org/hamcrest/hamcrest-all/1.3/hamcrest-all-1.3.jar:/home/user/.m2/repository/org/bouncycastle/bcprov-jdk15on/1.60/bcprov-jdk15on-1.60.jar:/home/user/.m2/repository/info/picocli/picocli/3.9.6/picocli-3.9.6.jar:/home/user/.m2/repository/com/google/protobuf/protobuf-java/2.5.0/protobuf-java-2.5.0.jar:/home/user/.m2/repository/com/google/guava/guava/11.0.2/guava-11.0.2.jar:/home/user/.m2/repository/org/apache/hadoop/hadoop-ozone-ozone-manager/0.5.0-SNAPSHOT/hadoop-ozone-ozone-manager-0.5.0-SNAPSHOT.jar:/home/user/.m2/repository/org/apache/hadoop/hadoop-minikdc/3.2.0/hadoop-minikdc-3.2.0.jar:/home/user/.m2/repository/commons-io/commons-io/2.5/commons-io-2.5.jar:/home/user/.m2/repository/org/apache/kerby/kerb-simplekdc/1.0.1/kerb-simplekdc-1.0.1.jar:/home/user/.m2/repository/org/apache/kerby/kerb-client/1.0.1/kerb-client-1.0.1.jar:/home/user/.m2/repository/org/apache/kerby/kerby-config/1.0.1/kerby-config-1.0.1.jar:/home/user/.m2/repository/org/apache/kerby/kerb-core/1.0.1/kerb-core-1.0.1.jar:/home/user/.m2/repository/org/apache/kerby/kerby-pkix/1.0.1/kerby-pkix-1.0.1.jar:/home/user/.m2/repository/org/apache/kerby/kerby-asn1/1.0.1/kerby-asn1-1.0.1.jar:/home/user/.m2/repository/org/apache/kerby/kerby-util/1.0.1/kerby-util-1.0.1.jar:/home/user/.m2/repository/org/apache/kerby/kerb-common/1.0.1/kerb-common-1.0.1.jar:/home/user/.m2/repository/org/apache/kerby/kerb-crypto/1.0.1/kerb-crypto-1.0.1.jar:/home/user/.m2/repository/org/apache/kerby/kerb-util/1.0.1/kerb-util-1.0.1.jar:/home/user/.m2/repository/org/apache/kerby/token-provider/1.0.1/token-provider-1.0.1.jar:/home/user/.m2/repository/org/apache/kerby/kerb-admin/1.0.1/kerb-admin-1.0.1.jar:/home/user/.m2/repository/org/apache/kerby/kerb-server/1.0.1/kerb-server-1.0.1.jar:/home/user/.m2/repository/org/apache/kerby/kerb-identity/1.0.1/kerb-identity-1.0.1.jar:/home/user/.m2/repository/org/apache/kerby/kerby-xdr/1.0.1/kerby-xdr-1.0.1.jar:/home/user/.m2/repository/org/slf4j/slf4j-log4j12/1.7.25/slf4j-log4j12-1.7.25.jar:/home/user/.m2/repository/org/apache/hadoop/hadoop-ozone-objectstore-service/0.5.0-SNAPSHOT/hadoop-ozone-objectstore-service-0.5.0-SNAPSHOT.jar:/home/user/.m2/repository/org/apache/hadoop/hadoop-ozone-s3gateway/0.5.0-SNAPSHOT/hadoop-ozone-s3gateway-0.5.0-SNAPSHOT.jar:/home/user/.m2/repository/org/jboss/weld/servlet/weld-servlet/2.4.7.Final/weld-servlet-2.4.7.Final.jar:/home/user/.m2/repository/org/glassfish/jersey/containers/jersey-container-servlet-core/2.27/jersey-container-servlet-core-2.27.jar:/home/user/.m2/repository/org/glassfish/hk2/external/javax.inject/2.5.0-b42/javax.inject-2.5.0-b42.jar:/home/user/.m2/repository/org/glassfish/jersey/core/jersey-common/2.27/jersey-common-2.27.jar:/home/user/.m2/repository/org/glassfish/hk2/osgi-resource-locator/1.0.1/osgi-resource-locator-1.0.1.jar:/home/user/.m2/repository/javax/ws/rs/javax.ws.rs-api/2.1/javax.ws.rs-api-2.1.jar:/home/user/.m2/repository/org/glassfish/jersey/ext/cdi/jersey-cdi1x/2.27/jersey-cdi1x-2.27.jar:/home/user/.m2/repository/org/glassfish/jersey/inject/jersey-hk2/2.27/jersey-hk2-2.27.jar:/home/user/.m2/repository/org/glassfish/hk2/hk2-locator/2.5.0-b42/hk2-locator-2.5.0-b42.jar:/home/user/.m2/repository/org/javassist/javassist/3.22.0-CR2/javassist-3.22.0-CR2.jar:/home/user/.m2/repository/org/glassfish/hk2/hk2-api/2.5.0/hk2-api-2.5.0.jar:/home/user/.m2/repository/org/glassfish/hk2/external/jakarta.inject/2.5.0/jakarta.inject-2.5.0.jar:/home/user/.m2/repository/org/glassfish/hk2/hk2-utils/2.5.0/hk2-utils-2.5.0.jar:/home/user/.m2/repository/jakarta/annotation/jakarta.annotation-api/1.3.4/jakarta.annotation-api-1.3.4.jar:/home/user/.m2/repository/org/glassfish/hk2/external/aopalliance-repackaged/2.5.0/aopalliance-repackaged-2.5.0.jar:/home/user/.m2/repository/com/fasterxml/jackson/dataformat/jackson-dataformat-xml/2.9.0/jackson-dataformat-xml-2.9.0.jar:/home/user/.m2/repository/com/fasterxml/jackson/core/jackson-core/2.9.5/jackson-core-2.9.5.jar:/home/user/.m2/repository/com/fasterxml/jackson/module/jackson-module-jaxb-annotations/2.9.5/jackson-module-jaxb-annotations-2.9.5.jar:/home/user/.m2/repository/javax/enterprise/cdi-api/1.2/cdi-api-1.2.jar:/home/user/.m2/repository/javax/el/javax.el-api/3.0.0/javax.el-api-3.0.0.jar:/home/user/.m2/repository/javax/interceptor/javax.interceptor-api/1.2/javax.interceptor-api-1.2.jar:/home/user/.m2/repository/javax/inject/javax.inject/1/javax.inject-1.jar:/home/user/.m2/repository/com/sun/xml/bind/jaxb-impl/2.3.0.1/jaxb-impl-2.3.0.1.jar:/home/user/.m2/repository/com/sun/xml/bind/jaxb-core/2.3.0.1/jaxb-core-2.3.0.1.jar:/home/user/.m2/repository/javax/xml/bind/jaxb-api/2.3.0/jaxb-api-2.3.0.jar:/home/user/.m2/repository/javax/activation/activation/1.1.1/activation-1.1.1.jar:/home/user/.m2/repository/org/apache/hadoop/hadoop-ozone-csi/0.5.0-SNAPSHOT/hadoop-ozone-csi-0.5.0-SNAPSHOT.jar:/home/user/.m2/repository/com/google/protobuf/protobuf-java-util/3.5.1/protobuf-java-util-3.5.1.jar:/home/user/.m2/repository/org/apache/hadoop/hadoop-hdds-config/0.5.0-SNAPSHOT/hadoop-hdds-config-0.5.0-SNAPSHOT.jar:/home/user/.m2/repository/io/grpc/grpc-netty/1.17.1/grpc-netty-1.17.1.jar:/home/user/.m2/repository/io/grpc/grpc-core/1.17.1/grpc-core-1.17.1.jar:/home/user/.m2/repository/io/grpc/grpc-context/1.17.1/grpc-context-1.17.1.jar:/home/user/.m2/repository/com/google/errorprone/error_prone_annotations/2.2.0/error_prone_annotations-2.2.0.jar:/home/user/.m2/repository/org/codehaus/mojo/animal-sniffer-annotations/1.17/animal-sniffer-annotations-1.17.jar:/home/user/.m2/repository/io/opencensus/opencensus-api/0.17.0/opencensus-api-0.17.0.jar:/home/user/.m2/repository/io/opencensus/opencensus-contrib-grpc-metrics/0.17.0/opencensus-contrib-grpc-metrics-0.17.0.jar:/home/user/.m2/repository/io/netty/netty-codec-http2/4.1.30.Final/netty-codec-http2-4.1.30.Final.jar:/home/user/.m2/repository/io/netty/netty-codec-http/4.1.30.Final/netty-codec-http-4.1.30.Final.jar:/home/user/.m2/repository/io/netty/netty-codec/4.1.30.Final/netty-codec-4.1.30.Final.jar:/home/user/.m2/repository/io/netty/netty-handler/4.1.30.Final/netty-handler-4.1.30.Final.jar:/home/user/.m2/repository/io/netty/netty-handler-proxy/4.1.30.Final/netty-handler-proxy-4.1.30.Final.jar:/home/user/.m2/repository/io/netty/netty-codec-socks/4.1.30.Final/netty-codec-socks-4.1.30.Final.jar:/home/user/.m2/repository/io/netty/netty-transport-native-epoll/4.1.30.Final/netty-transport-native-epoll-4.1.30.Final.jar:/home/user/.m2/repository/io/netty/netty-common/4.1.30.Final/netty-common-4.1.30.Final.jar:/home/user/.m2/repository/io/netty/netty-buffer/4.1.30.Final/netty-buffer-4.1.30.Final.jar:/home/user/.m2/repository/io/netty/netty-transport/4.1.30.Final/netty-transport-4.1.30.Final.jar:/home/user/.m2/repository/io/netty/netty-resolver/4.1.30.Final/netty-resolver-4.1.30.Final.jar:/home/user/.m2/repository/io/netty/netty-transport-native-unix-common/4.1.30.Final/netty-transport-native-unix-common-4.1.30.Final.jar:/home/user/.m2/repository/io/grpc/grpc-protobuf/1.17.1/grpc-protobuf-1.17.1.jar:/home/user/.m2/repository/com/google/api/grpc/proto-google-common-protos/1.0.0/proto-google-common-protos-1.0.0.jar:/home/user/.m2/repository/io/grpc/grpc-protobuf-lite/1.17.1/grpc-protobuf-lite-1.17.1.jar:/home/user/.m2/repository/io/grpc/grpc-stub/1.17.1/grpc-stub-1.17.1.jar:/home/user/.m2/repository/org/apache/hadoop/hadoop-ozone-recon/0.5.0-SNAPSHOT/hadoop-ozone-recon-0.5.0-SNAPSHOT.jar:/home/user/.m2/repository/org/apache/hadoop/hadoop-ozone-reconcodegen/0.5.0-SNAPSHOT/hadoop-ozone-reconcodegen-0.5.0-SNAPSHOT.jar:/home/user/.m2/repository/com/google/inject/extensions/guice-multibindings/4.0/guice-multibindings-4.0.jar:/home/user/.m2/repository/com/google/inject/guice/4.0/guice-4.0.jar:/home/user/.m2/repository/aopalliance/aopalliance/1.0/aopalliance-1.0.jar:/home/user/.m2/repository/com/google/inject/extensions/guice-servlet/4.0/guice-servlet-4.0.jar:/home/user/.m2/repository/org/glassfish/jersey/containers/jersey-container-servlet/2.27/jersey-container-servlet-2.27.jar:/home/user/.m2/repository/org/glassfish/hk2/guice-bridge/2.5.0/guice-bridge-2.5.0.jar:/home/user/.m2/repository/org/glassfish/jersey/core/jersey-server/2.27/jersey-server-2.27.jar:/home/user/.m2/repository/org/glassfish/jersey/core/jersey-client/2.27/jersey-client-2.27.jar:/home/user/.m2/repository/org/glassfish/jersey/media/jersey-media-jaxb/2.27/jersey-media-jaxb-2.27.jar:/home/user/.m2/repository/javax/validation/validation-api/1.1.0.Final/validation-api-1.1.0.Final.jar:/home/user/.m2/repository/org/glassfish/jersey/media/jersey-media-json-jackson/2.27/jersey-media-json-jackson-2.27.jar:/home/user/.m2/repository/org/glassfish/jersey/ext/jersey-entity-filtering/2.27/jersey-entity-filtering-2.27.jar:/home/user/.m2/repository/com/google/inject/extensions/guice-assistedinject/4.0/guice-assistedinject-4.0.jar:/home/user/.m2/repository/org/jooq/jooq/3.11.10/jooq-3.11.10.jar:/home/user/.m2/repository/org/jooq/jooq-meta/3.11.10/jooq-meta-3.11.10.jar:/home/user/.m2/repository/org/jooq/jooq-codegen/3.11.10/jooq-codegen-3.11.10.jar:/home/user/.m2/repository/com/jolbox/bonecp/0.8.0.RELEASE/bonecp-0.8.0.RELEASE.jar:/home/user/.m2/repository/org/xerial/sqlite-jdbc/3.25.2/sqlite-jdbc-3.25.2.jar:/home/user/.m2/repository/org/springframework/spring-jdbc/5.1.3.RELEASE/spring-jdbc-5.1.3.RELEASE.jar:/home/user/.m2/repository/org/springframework/spring-beans/5.1.3.RELEASE/spring-beans-5.1.3.RELEASE.jar:/home/user/.m2/repository/org/springframework/spring-core/5.1.3.RELEASE/spring-core-5.1.3.RELEASE.jar:/home/user/.m2/repository/org/springframework/spring-jcl/5.1.3.RELEASE/spring-jcl-5.1.3.RELEASE.jar:/home/user/.m2/repository/org/springframework/spring-tx/5.1.3.RELEASE/spring-tx-5.1.3.RELEASE.jar:/home/user/.m2/repository/org/apache/hadoop/hadoop-ozone-client/0.5.0-SNAPSHOT/hadoop-ozone-client-0.5.0-SNAPSHOT.jar:/home/user/.m2/repository/commons-lang/commons-lang/2.6/commons-lang-2.6.jar:/home/user/.m2/repository/org/apache/hadoop/hadoop-ozone-ozone-manager/0.5.0-SNAPSHOT/hadoop-ozone-ozone-manager-0.5.0-SNAPSHOT-tests.jar:/home/user/.m2/repository/junit/junit/4.11/junit-4.11.jar:/home/user/.m2/repository/org/hamcrest/hamcrest-core/1.3/hamcrest-core-1.3.jar:/home/user/.m2/repository/org/openjdk/jmh/jmh-core/1.19/jmh-core-1.19.jar:/home/user/.m2/repository/net/sf/jopt-simple/jopt-simple/4.6/jopt-simple-4.6.jar:/home/user/.m2/repository/org/apache/commons/commons-math3/3.1.1/commons-math3-3.1.1.jar:/home/user/.m2/repository/org/openjdk/jmh/jmh-generator-annprocess/1.19/jmh-generator-annprocess-1.19.jar:/home/user/.m2/repository/org/mockito/mockito-all/1.8.5/mockito-all-1.8.5.jar:/home/user/.m2/repository/org/apache/hadoop/hadoop-kms/3.2.0/hadoop-kms-3.2.0.jar:/home/user/.m2/repository/org/apache/hadoop/hadoop-auth/3.2.0/hadoop-auth-3.2.0.jar:/home/user/.m2/repository/com/nimbusds/nimbus-jose-jwt/4.41.1/nimbus-jose-jwt-4.41.1.jar:/home/user/.m2/repository/com/github/stephenc/jcip/jcip-annotations/1.0-1/jcip-annotations-1.0-1.jar:/home/user/.m2/repository/net/minidev/json-smart/2.3/json-smart-2.3.jar:/home/user/.m2/repository/net/minidev/accessors-smart/1.2/accessors-smart-1.2.jar:/home/user/.m2/repository/org/ow2/asm/asm/5.0.4/asm-5.0.4.jar:/home/user/.m2/repository/org/apache/curator/curator-framework/2.12.0/curator-framework-2.12.0.jar:/home/user/.m2/repository/com/sun/jersey/jersey-core/1.19/jersey-core-1.19.jar:/home/user/.m2/repository/javax/ws/rs/jsr311-api/1.1.1/jsr311-api-1.1.1.jar:/home/user/.m2/repository/com/sun/jersey/jersey-server/1.19/jersey-server-1.19.jar:/home/user/.m2/repository/javax/servlet/javax.servlet-api/3.1.0/javax.servlet-api-3.1.0.jar:/home/user/.m2/repository/org/eclipse/jetty/jetty-server/9.3.24.v20180605/jetty-server-9.3.24.v20180605.jar:/home/user/.m2/repository/org/eclipse/jetty/jetty-http/9.3.24.v20180605/jetty-http-9.3.24.v20180605.jar:/home/user/.m2/repository/org/eclipse/jetty/jetty-io/9.3.24.v20180605/jetty-io-9.3.24.v20180605.jar:/home/user/.m2/repository/org/eclipse/jetty/jetty-webapp/9.3.24.v20180605/jetty-webapp-9.3.24.v20180605.jar:/home/user/.m2/repository/org/eclipse/jetty/jetty-xml/9.3.24.v20180605/jetty-xml-9.3.24.v20180605.jar:/home/user/.m2/repository/log4j/log4j/1.2.17/log4j-1.2.17.jar:/home/user/.m2/repository/org/slf4j/slf4j-api/1.7.25/slf4j-api-1.7.25.jar:/home/user/.m2/repository/org/slf4j/jul-to-slf4j/1.7.25/jul-to-slf4j-1.7.25.jar:/home/user/.m2/repository/org/eclipse/jetty/jetty-util/9.3.24.v20180605/jetty-util-9.3.24.v20180605.jar:/home/user/.m2/repository/com/fasterxml/jackson/core/jackson-databind/2.9.5/jackson-databind-2.9.5.jar:/home/user/.m2/repository/org/apache/hadoop/hadoop-kms/3.2.0/hadoop-kms-3.2.0-tests.jar:/home/user/.m2/repository/org/apache/hadoop/hadoop-hdds-server-scm/0.5.0-SNAPSHOT/hadoop-hdds-server-scm-0.5.0-SNAPSHOT-tests.jar:/home/user/.m2/repository/org/apache/hadoop/hadoop-hdds-container-service/0.5.0-SNAPSHOT/hadoop-hdds-container-service-0.5.0-SNAPSHOT-tests.jar:/home/user/.m2/repository/org/yaml/snakeyaml/1.16/snakeyaml-1.16.jar:/home/user/.m2/repository/org/apache/hadoop/hadoop-common/3.2.0/hadoop-common-3.2.0-tests.jar:/home/user/.m2/repository/org/apache/hadoop/hadoop-annotations/3.2.0/hadoop-annotations-3.2.0.jar:/usr/lib/jvm/java-1.8-openjdk/jre/../lib/tools.jar:/home/user/.m2/repository/commons-cli/commons-cli/1.2/commons-cli-1.2.jar:/home/user/.m2/repository/org/apache/httpcomponents/httpclient/4.5.2/httpclient-4.5.2.jar:/home/user/.m2/repository/org/apache/httpcomponents/httpcore/4.4.4/httpcore-4.4.4.jar:/home/user/.m2/repository/commons-codec/commons-codec/1.11/commons-codec-1.11.jar:/home/user/.m2/repository/commons-net/commons-net/3.6/commons-net-3.6.jar:/home/user/.m2/repository/commons-collections/commons-collections/3.2.2/commons-collections-3.2.2.jar:/home/user/.m2/repository/org/eclipse/jetty/jetty-servlet/9.3.24.v20180605/jetty-servlet-9.3.24.v20180605.jar:/home/user/.m2/repository/org/eclipse/jetty/jetty-security/9.3.24.v20180605/jetty-security-9.3.24.v20180605.jar:/home/user/.m2/repository/javax/servlet/jsp/jsp-api/2.1/jsp-api-2.1.jar:/home/user/.m2/repository/com/sun/jersey/jersey-servlet/1.19/jersey-servlet-1.19.jar:/home/user/.m2/repository/com/sun/jersey/jersey-json/1.19/jersey-json-1.19.jar:/home/user/.m2/repository/org/codehaus/jettison/jettison/1.1/jettison-1.1.jar:/home/user/.m2/repository/org/codehaus/jackson/jackson-core-asl/1.9.13/jackson-core-asl-1.9.13.jar:/home/user/.m2/repository/org/codehaus/jackson/jackson-mapper-asl/1.9.13/jackson-mapper-asl-1.9.13.jar:/home/user/.m2/repository/org/codehaus/jackson/jackson-jaxrs/1.9.13/jackson-jaxrs-1.9.13.jar:/home/user/.m2/repository/org/codehaus/jackson/jackson-xc/1.9.13/jackson-xc-1.9.13.jar:/home/user/.m2/repository/commons-logging/commons-logging/1.1.3/commons-logging-1.1.3.jar:/home/user/.m2/repository/commons-beanutils/commons-beanutils/1.9.3/commons-beanutils-1.9.3.jar:/home/user/.m2/repository/org/apache/commons/commons-configuration2/2.1.1/commons-configuration2-2.1.1.jar:/home/user/.m2/repository/org/apache/commons/commons-lang3/3.7/commons-lang3-3.7.jar:/home/user/.m2/repository/org/apache/commons/commons-text/1.4/commons-text-1.4.jar:/home/user/.m2/repository/org/apache/avro/avro/1.7.7/avro-1.7.7.jar:/home/user/.m2/repository/com/thoughtworks/paranamer/paranamer/2.3/paranamer-2.3.jar:/home/user/.m2/repository/org/xerial/snappy/snappy-java/1.0.5/snappy-java-1.0.5.jar:/home/user/.m2/repository/com/google/re2j/re2j/1.1/re2j-1.1.jar:/home/user/.m2/repository/com/google/code/gson/gson/2.2.4/gson-2.2.4.jar:/home/user/.m2/repository/com/jcraft/jsch/0.1.54/jsch-0.1.54.jar:/home/user/.m2/repository/org/apache/curator/curator-client/2.12.0/curator-client-2.12.0.jar:/home/user/.m2/repository/org/apache/curator/curator-recipes/2.12.0/curator-recipes-2.12.0.jar:/home/user/.m2/repository/com/google/code/findbugs/jsr305/3.0.0/jsr305-3.0.0.jar:/home/user/.m2/repository/org/apache/htrace/htrace-core4/4.1.0-incubating/htrace-core4-4.1.0-incubating.jar:/home/user/.m2/repository/org/apache/zookeeper/zookeeper/3.4.13/zookeeper-3.4.13.jar:/home/user/.m2/repository/org/apache/yetus/audience-annotations/0.5.0/audience-annotations-0.5.0.jar:/home/user/.m2/repository/org/codehaus/woodstox/stax2-api/3.1.4/stax2-api-3.1.4.jar:/home/user/.m2/repository/com/fasterxml/woodstox/woodstox-core/5.0.3/woodstox-core-5.0.3.jar:/home/user/.m2/repository/dnsjava/dnsjava/2.1.7/dnsjava-2.1.7.jar:/home/user/.m2/repository/org/apache/hadoop/hadoop-hdfs/3.2.0/hadoop-hdfs-3.2.0-tests.jar:/home/user/.m2/repository/org/eclipse/jetty/jetty-util-ajax/9.3.24.v20180605/jetty-util-ajax-9.3.24.v20180605.jar:/home/user/.m2/repository/commons-daemon/commons-daemon/1.0.13/commons-daemon-1.0.13.jar:/home/user/.m2/repository/io/netty/netty/3.10.5.Final/netty-3.10.5.Final.jar:/home/user/.m2/repository/io/netty/netty-all/4.0.52.Final/netty-all-4.0.52.Final.jar:/home/user/.m2/repository/org/fusesource/leveldbjni/leveldbjni-all/1.8/leveldbjni-all-1.8.jar:"/>
    <property name="java.vm.vendor" value="IcedTea"/>
    <property name="sun.arch.data.model" value="64"/>
    <property name="test.build.dir" value="/workdir/hadoop-ozone/integration-test/target/test-dir"/>
    <property name="test.cache.data" value=""/>
    <property name="java.vendor.url" value="https://icedtea.classpath.org"/>
    <property name="user.timezone" value=""/>
    <property name="java.vm.specification.version" value="1.8"/>
    <property name="os.name" value="Linux"/>
    <property name="test.build.data" value="/workdir/hadoop-ozone/integration-test/target/test-dir"/>
    <property name="user.country" value="US"/>
    <property name="sun.java.launcher" value="SUN_STANDARD"/>
    <property name="sun.boot.library.path" value="/usr/lib/jvm/java-1.8-openjdk/jre/lib/amd64"/>
    <property name="sun.java.command" value="/workdir/hadoop-ozone/integration-test/target/surefire/surefirebooter6388341338800181502.jar /workdir/hadoop-ozone/integration-test/target/surefire 2019-09-12T10-13-21_360-jvmRun1 surefire3650364766301300874tmp surefire_8228117554940286292tmp"/>
    <property name="test" value="!TestMiniChaosOzoneCluster"/>
    <property name="surefire.test.class.path" value="/workdir/hadoop-ozone/integration-test/target/test-classes:/workdir/hadoop-ozone/integration-test/target/classes:/home/user/.m2/repository/org/apache/hadoop/hadoop-ozone-common/0.5.0-SNAPSHOT/hadoop-ozone-common-0.5.0-SNAPSHOT.jar:/home/user/.m2/repository/org/apache/commons/commons-compress/1.4.1/commons-compress-1.4.1.jar:/home/user/.m2/repository/org/tukaani/xz/1.0/xz-1.0.jar:/home/user/.m2/repository/org/apache/hadoop/hadoop-common/3.2.0/hadoop-common-3.2.0.jar:/home/user/.m2/repository/org/apache/hadoop/hadoop-hdfs/3.2.0/hadoop-hdfs-3.2.0.jar:/home/user/.m2/repository/org/apache/hadoop/hadoop-hdfs-client/3.2.0/hadoop-hdfs-client-3.2.0.jar:/home/user/.m2/repository/com/fasterxml/jackson/core/jackson-annotations/2.9.5/jackson-annotations-2.9.5.jar:/home/user/.m2/repository/org/apache/hadoop/hadoop-hdds-common/0.5.0-SNAPSHOT/hadoop-hdds-common-0.5.0-SNAPSHOT.jar:/home/user/.m2/repository/javax/annotation/javax.annotation-api/1.2/javax.annotation-api-1.2.jar:/home/user/.m2/repository/org/apache/ratis/ratis-server/0.4.0-2337318-SNAPSHOT/ratis-server-0.4.0-2337318-SNAPSHOT.jar:/home/user/.m2/repository/org/apache/ratis/ratis-thirdparty-misc/0.2.0/ratis-thirdparty-misc-0.2.0.jar:/home/user/.m2/repository/org/apache/ratis/ratis-proto/0.4.0-2337318-SNAPSHOT/ratis-proto-0.4.0-2337318-SNAPSHOT.jar:/home/user/.m2/repository/org/apache/ratis/ratis-common/0.4.0-2337318-SNAPSHOT/ratis-common-0.4.0-2337318-SNAPSHOT.jar:/home/user/.m2/repository/org/apache/ratis/ratis-client/0.4.0-2337318-SNAPSHOT/ratis-client-0.4.0-2337318-SNAPSHOT.jar:/home/user/.m2/repository/org/apache/ratis/ratis-metrics/0.4.0-2337318-SNAPSHOT/ratis-metrics-0.4.0-2337318-SNAPSHOT.jar:/home/user/.m2/repository/org/apache/ratis/ratis-netty/0.4.0-2337318-SNAPSHOT/ratis-netty-0.4.0-2337318-SNAPSHOT.jar:/home/user/.m2/repository/org/apache/ratis/ratis-grpc/0.4.0-2337318-SNAPSHOT/ratis-grpc-0.4.0-2337318-SNAPSHOT.jar:/home/user/.m2/repository/org/rocksdb/rocksdbjni/6.0.1/rocksdbjni-6.0.1.jar:/home/user/.m2/repository/org/apache/logging/log4j/log4j-api/2.11.0/log4j-api-2.11.0.jar:/home/user/.m2/repository/org/apache/logging/log4j/log4j-core/2.11.0/log4j-core-2.11.0.jar:/home/user/.m2/repository/com/lmax/disruptor/3.4.2/disruptor-3.4.2.jar:/home/user/.m2/repository/org/apache/commons/commons-pool2/2.6.0/commons-pool2-2.6.0.jar:/home/user/.m2/repository/org/bouncycastle/bcpkix-jdk15on/1.60/bcpkix-jdk15on-1.60.jar:/home/user/.m2/repository/commons-validator/commons-validator/1.6/commons-validator-1.6.jar:/home/user/.m2/repository/commons-digester/commons-digester/1.8.1/commons-digester-1.8.1.jar:/home/user/.m2/repository/io/jaegertracing/jaeger-client/0.33.1/jaeger-client-0.33.1.jar:/home/user/.m2/repository/io/jaegertracing/jaeger-thrift/0.33.1/jaeger-thrift-0.33.1.jar:/home/user/.m2/repository/org/apache/thrift/libthrift/0.11.0/libthrift-0.11.0.jar:/home/user/.m2/repository/com/squareup/okhttp3/okhttp/3.9.0/okhttp-3.9.0.jar:/home/user/.m2/repository/com/squareup/okio/okio/1.13.0/okio-1.13.0.jar:/home/user/.m2/repository/io/jaegertracing/jaeger-core/0.33.1/jaeger-core-0.33.1.jar:/home/user/.m2/repository/io/jaegertracing/jaeger-tracerresolver/0.33.1/jaeger-tracerresolver-0.33.1.jar:/home/user/.m2/repository/io/opentracing/contrib/opentracing-tracerresolver/0.1.5/opentracing-tracerresolver-0.1.5.jar:/home/user/.m2/repository/io/opentracing/opentracing-util/0.31.0/opentracing-util-0.31.0.jar:/home/user/.m2/repository/io/opentracing/opentracing-api/0.31.0/opentracing-api-0.31.0.jar:/home/user/.m2/repository/io/opentracing/opentracing-noop/0.31.0/opentracing-noop-0.31.0.jar:/home/user/.m2/repository/org/apache/hadoop/hadoop-hdds-server-framework/0.5.0-SNAPSHOT/hadoop-hdds-server-framework-0.5.0-SNAPSHOT.jar:/home/user/.m2/repository/org/apache/hadoop/hadoop-hdds-container-service/0.5.0-SNAPSHOT/hadoop-hdds-container-service-0.5.0-SNAPSHOT.jar:/home/user/.m2/repository/org/apache/hadoop/hadoop-hdds-client/0.5.0-SNAPSHOT/hadoop-hdds-client-0.5.0-SNAPSHOT.jar:/home/user/.m2/repository/org/apache/hadoop/hadoop-hdds-tools/0.5.0-SNAPSHOT/hadoop-hdds-tools-0.5.0-SNAPSHOT.jar:/home/user/.m2/repository/org/apache/hadoop/hadoop-hdds-server-scm/0.5.0-SNAPSHOT/hadoop-hdds-server-scm-0.5.0-SNAPSHOT.jar:/home/user/.m2/repository/org/apache/hadoop/hadoop-hdds-docs/0.5.0-SNAPSHOT/hadoop-hdds-docs-0.5.0-SNAPSHOT.jar:/home/user/.m2/repository/io/dropwizard/metrics/metrics-core/3.2.4/metrics-core-3.2.4.jar:/home/user/.m2/repository/org/hamcrest/hamcrest-all/1.3/hamcrest-all-1.3.jar:/home/user/.m2/repository/org/bouncycastle/bcprov-jdk15on/1.60/bcprov-jdk15on-1.60.jar:/home/user/.m2/repository/info/picocli/picocli/3.9.6/picocli-3.9.6.jar:/home/user/.m2/repository/com/google/protobuf/protobuf-java/2.5.0/protobuf-java-2.5.0.jar:/home/user/.m2/repository/com/google/guava/guava/11.0.2/guava-11.0.2.jar:/home/user/.m2/repository/org/apache/hadoop/hadoop-ozone-ozone-manager/0.5.0-SNAPSHOT/hadoop-ozone-ozone-manager-0.5.0-SNAPSHOT.jar:/home/user/.m2/repository/org/apache/hadoop/hadoop-minikdc/3.2.0/hadoop-minikdc-3.2.0.jar:/home/user/.m2/repository/commons-io/commons-io/2.5/commons-io-2.5.jar:/home/user/.m2/repository/org/apache/kerby/kerb-simplekdc/1.0.1/kerb-simplekdc-1.0.1.jar:/home/user/.m2/repository/org/apache/kerby/kerb-client/1.0.1/kerb-client-1.0.1.jar:/home/user/.m2/repository/org/apache/kerby/kerby-config/1.0.1/kerby-config-1.0.1.jar:/home/user/.m2/repository/org/apache/kerby/kerb-core/1.0.1/kerb-core-1.0.1.jar:/home/user/.m2/repository/org/apache/kerby/kerby-pkix/1.0.1/kerby-pkix-1.0.1.jar:/home/user/.m2/repository/org/apache/kerby/kerby-asn1/1.0.1/kerby-asn1-1.0.1.jar:/home/user/.m2/repository/org/apache/kerby/kerby-util/1.0.1/kerby-util-1.0.1.jar:/home/user/.m2/repository/org/apache/kerby/kerb-common/1.0.1/kerb-common-1.0.1.jar:/home/user/.m2/repository/org/apache/kerby/kerb-crypto/1.0.1/kerb-crypto-1.0.1.jar:/home/user/.m2/repository/org/apache/kerby/kerb-util/1.0.1/kerb-util-1.0.1.jar:/home/user/.m2/repository/org/apache/kerby/token-provider/1.0.1/token-provider-1.0.1.jar:/home/user/.m2/repository/org/apache/kerby/kerb-admin/1.0.1/kerb-admin-1.0.1.jar:/home/user/.m2/repository/org/apache/kerby/kerb-server/1.0.1/kerb-server-1.0.1.jar:/home/user/.m2/repository/org/apache/kerby/kerb-identity/1.0.1/kerb-identity-1.0.1.jar:/home/user/.m2/repository/org/apache/kerby/kerby-xdr/1.0.1/kerby-xdr-1.0.1.jar:/home/user/.m2/repository/org/slf4j/slf4j-log4j12/1.7.25/slf4j-log4j12-1.7.25.jar:/home/user/.m2/repository/org/apache/hadoop/hadoop-ozone-objectstore-service/0.5.0-SNAPSHOT/hadoop-ozone-objectstore-service-0.5.0-SNAPSHOT.jar:/home/user/.m2/repository/org/apache/hadoop/hadoop-ozone-s3gateway/0.5.0-SNAPSHOT/hadoop-ozone-s3gateway-0.5.0-SNAPSHOT.jar:/home/user/.m2/repository/org/jboss/weld/servlet/weld-servlet/2.4.7.Final/weld-servlet-2.4.7.Final.jar:/home/user/.m2/repository/org/glassfish/jersey/containers/jersey-container-servlet-core/2.27/jersey-container-servlet-core-2.27.jar:/home/user/.m2/repository/org/glassfish/hk2/external/javax.inject/2.5.0-b42/javax.inject-2.5.0-b42.jar:/home/user/.m2/repository/org/glassfish/jersey/core/jersey-common/2.27/jersey-common-2.27.jar:/home/user/.m2/repository/org/glassfish/hk2/osgi-resource-locator/1.0.1/osgi-resource-locator-1.0.1.jar:/home/user/.m2/repository/javax/ws/rs/javax.ws.rs-api/2.1/javax.ws.rs-api-2.1.jar:/home/user/.m2/repository/org/glassfish/jersey/ext/cdi/jersey-cdi1x/2.27/jersey-cdi1x-2.27.jar:/home/user/.m2/repository/org/glassfish/jersey/inject/jersey-hk2/2.27/jersey-hk2-2.27.jar:/home/user/.m2/repository/org/glassfish/hk2/hk2-locator/2.5.0-b42/hk2-locator-2.5.0-b42.jar:/home/user/.m2/repository/org/javassist/javassist/3.22.0-CR2/javassist-3.22.0-CR2.jar:/home/user/.m2/repository/org/glassfish/hk2/hk2-api/2.5.0/hk2-api-2.5.0.jar:/home/user/.m2/repository/org/glassfish/hk2/external/jakarta.inject/2.5.0/jakarta.inject-2.5.0.jar:/home/user/.m2/repository/org/glassfish/hk2/hk2-utils/2.5.0/hk2-utils-2.5.0.jar:/home/user/.m2/repository/jakarta/annotation/jakarta.annotation-api/1.3.4/jakarta.annotation-api-1.3.4.jar:/home/user/.m2/repository/org/glassfish/hk2/external/aopalliance-repackaged/2.5.0/aopalliance-repackaged-2.5.0.jar:/home/user/.m2/repository/com/fasterxml/jackson/dataformat/jackson-dataformat-xml/2.9.0/jackson-dataformat-xml-2.9.0.jar:/home/user/.m2/repository/com/fasterxml/jackson/core/jackson-core/2.9.5/jackson-core-2.9.5.jar:/home/user/.m2/repository/com/fasterxml/jackson/module/jackson-module-jaxb-annotations/2.9.5/jackson-module-jaxb-annotations-2.9.5.jar:/home/user/.m2/repository/javax/enterprise/cdi-api/1.2/cdi-api-1.2.jar:/home/user/.m2/repository/javax/el/javax.el-api/3.0.0/javax.el-api-3.0.0.jar:/home/user/.m2/repository/javax/interceptor/javax.interceptor-api/1.2/javax.interceptor-api-1.2.jar:/home/user/.m2/repository/javax/inject/javax.inject/1/javax.inject-1.jar:/home/user/.m2/repository/com/sun/xml/bind/jaxb-impl/2.3.0.1/jaxb-impl-2.3.0.1.jar:/home/user/.m2/repository/com/sun/xml/bind/jaxb-core/2.3.0.1/jaxb-core-2.3.0.1.jar:/home/user/.m2/repository/javax/xml/bind/jaxb-api/2.3.0/jaxb-api-2.3.0.jar:/home/user/.m2/repository/javax/activation/activation/1.1.1/activation-1.1.1.jar:/home/user/.m2/repository/org/apache/hadoop/hadoop-ozone-csi/0.5.0-SNAPSHOT/hadoop-ozone-csi-0.5.0-SNAPSHOT.jar:/home/user/.m2/repository/com/google/protobuf/protobuf-java-util/3.5.1/protobuf-java-util-3.5.1.jar:/home/user/.m2/repository/org/apache/hadoop/hadoop-hdds-config/0.5.0-SNAPSHOT/hadoop-hdds-config-0.5.0-SNAPSHOT.jar:/home/user/.m2/repository/io/grpc/grpc-netty/1.17.1/grpc-netty-1.17.1.jar:/home/user/.m2/repository/io/grpc/grpc-core/1.17.1/grpc-core-1.17.1.jar:/home/user/.m2/repository/io/grpc/grpc-context/1.17.1/grpc-context-1.17.1.jar:/home/user/.m2/repository/com/google/errorprone/error_prone_annotations/2.2.0/error_prone_annotations-2.2.0.jar:/home/user/.m2/repository/org/codehaus/mojo/animal-sniffer-annotations/1.17/animal-sniffer-annotations-1.17.jar:/home/user/.m2/repository/io/opencensus/opencensus-api/0.17.0/opencensus-api-0.17.0.jar:/home/user/.m2/repository/io/opencensus/opencensus-contrib-grpc-metrics/0.17.0/opencensus-contrib-grpc-metrics-0.17.0.jar:/home/user/.m2/repository/io/netty/netty-codec-http2/4.1.30.Final/netty-codec-http2-4.1.30.Final.jar:/home/user/.m2/repository/io/netty/netty-codec-http/4.1.30.Final/netty-codec-http-4.1.30.Final.jar:/home/user/.m2/repository/io/netty/netty-codec/4.1.30.Final/netty-codec-4.1.30.Final.jar:/home/user/.m2/repository/io/netty/netty-handler/4.1.30.Final/netty-handler-4.1.30.Final.jar:/home/user/.m2/repository/io/netty/netty-handler-proxy/4.1.30.Final/netty-handler-proxy-4.1.30.Final.jar:/home/user/.m2/repository/io/netty/netty-codec-socks/4.1.30.Final/netty-codec-socks-4.1.30.Final.jar:/home/user/.m2/repository/io/netty/netty-transport-native-epoll/4.1.30.Final/netty-transport-native-epoll-4.1.30.Final.jar:/home/user/.m2/repository/io/netty/netty-common/4.1.30.Final/netty-common-4.1.30.Final.jar:/home/user/.m2/repository/io/netty/netty-buffer/4.1.30.Final/netty-buffer-4.1.30.Final.jar:/home/user/.m2/repository/io/netty/netty-transport/4.1.30.Final/netty-transport-4.1.30.Final.jar:/home/user/.m2/repository/io/netty/netty-resolver/4.1.30.Final/netty-resolver-4.1.30.Final.jar:/home/user/.m2/repository/io/netty/netty-transport-native-unix-common/4.1.30.Final/netty-transport-native-unix-common-4.1.30.Final.jar:/home/user/.m2/repository/io/grpc/grpc-protobuf/1.17.1/grpc-protobuf-1.17.1.jar:/home/user/.m2/repository/com/google/api/grpc/proto-google-common-protos/1.0.0/proto-google-common-protos-1.0.0.jar:/home/user/.m2/repository/io/grpc/grpc-protobuf-lite/1.17.1/grpc-protobuf-lite-1.17.1.jar:/home/user/.m2/repository/io/grpc/grpc-stub/1.17.1/grpc-stub-1.17.1.jar:/home/user/.m2/repository/org/apache/hadoop/hadoop-ozone-recon/0.5.0-SNAPSHOT/hadoop-ozone-recon-0.5.0-SNAPSHOT.jar:/home/user/.m2/repository/org/apache/hadoop/hadoop-ozone-reconcodegen/0.5.0-SNAPSHOT/hadoop-ozone-reconcodegen-0.5.0-SNAPSHOT.jar:/home/user/.m2/repository/com/google/inject/extensions/guice-multibindings/4.0/guice-multibindings-4.0.jar:/home/user/.m2/repository/com/google/inject/guice/4.0/guice-4.0.jar:/home/user/.m2/repository/aopalliance/aopalliance/1.0/aopalliance-1.0.jar:/home/user/.m2/repository/com/google/inject/extensions/guice-servlet/4.0/guice-servlet-4.0.jar:/home/user/.m2/repository/org/glassfish/jersey/containers/jersey-container-servlet/2.27/jersey-container-servlet-2.27.jar:/home/user/.m2/repository/org/glassfish/hk2/guice-bridge/2.5.0/guice-bridge-2.5.0.jar:/home/user/.m2/repository/org/glassfish/jersey/core/jersey-server/2.27/jersey-server-2.27.jar:/home/user/.m2/repository/org/glassfish/jersey/core/jersey-client/2.27/jersey-client-2.27.jar:/home/user/.m2/repository/org/glassfish/jersey/media/jersey-media-jaxb/2.27/jersey-media-jaxb-2.27.jar:/home/user/.m2/repository/javax/validation/validation-api/1.1.0.Final/validation-api-1.1.0.Final.jar:/home/user/.m2/repository/org/glassfish/jersey/media/jersey-media-json-jackson/2.27/jersey-media-json-jackson-2.27.jar:/home/user/.m2/repository/org/glassfish/jersey/ext/jersey-entity-filtering/2.27/jersey-entity-filtering-2.27.jar:/home/user/.m2/repository/com/google/inject/extensions/guice-assistedinject/4.0/guice-assistedinject-4.0.jar:/home/user/.m2/repository/org/jooq/jooq/3.11.10/jooq-3.11.10.jar:/home/user/.m2/repository/org/jooq/jooq-meta/3.11.10/jooq-meta-3.11.10.jar:/home/user/.m2/repository/org/jooq/jooq-codegen/3.11.10/jooq-codegen-3.11.10.jar:/home/user/.m2/repository/com/jolbox/bonecp/0.8.0.RELEASE/bonecp-0.8.0.RELEASE.jar:/home/user/.m2/repository/org/xerial/sqlite-jdbc/3.25.2/sqlite-jdbc-3.25.2.jar:/home/user/.m2/repository/org/springframework/spring-jdbc/5.1.3.RELEASE/spring-jdbc-5.1.3.RELEASE.jar:/home/user/.m2/repository/org/springframework/spring-beans/5.1.3.RELEASE/spring-beans-5.1.3.RELEASE.jar:/home/user/.m2/repository/org/springframework/spring-core/5.1.3.RELEASE/spring-core-5.1.3.RELEASE.jar:/home/user/.m2/repository/org/springframework/spring-jcl/5.1.3.RELEASE/spring-jcl-5.1.3.RELEASE.jar:/home/user/.m2/repository/org/springframework/spring-tx/5.1.3.RELEASE/spring-tx-5.1.3.RELEASE.jar:/home/user/.m2/repository/org/apache/hadoop/hadoop-ozone-client/0.5.0-SNAPSHOT/hadoop-ozone-client-0.5.0-SNAPSHOT.jar:/home/user/.m2/repository/commons-lang/commons-lang/2.6/commons-lang-2.6.jar:/home/user/.m2/repository/org/apache/hadoop/hadoop-ozone-ozone-manager/0.5.0-SNAPSHOT/hadoop-ozone-ozone-manager-0.5.0-SNAPSHOT-tests.jar:/home/user/.m2/repository/junit/junit/4.11/junit-4.11.jar:/home/user/.m2/repository/org/hamcrest/hamcrest-core/1.3/hamcrest-core-1.3.jar:/home/user/.m2/repository/org/openjdk/jmh/jmh-core/1.19/jmh-core-1.19.jar:/home/user/.m2/repository/net/sf/jopt-simple/jopt-simple/4.6/jopt-simple-4.6.jar:/home/user/.m2/repository/org/apache/commons/commons-math3/3.1.1/commons-math3-3.1.1.jar:/home/user/.m2/repository/org/openjdk/jmh/jmh-generator-annprocess/1.19/jmh-generator-annprocess-1.19.jar:/home/user/.m2/repository/org/mockito/mockito-all/1.8.5/mockito-all-1.8.5.jar:/home/user/.m2/repository/org/apache/hadoop/hadoop-kms/3.2.0/hadoop-kms-3.2.0.jar:/home/user/.m2/repository/org/apache/hadoop/hadoop-auth/3.2.0/hadoop-auth-3.2.0.jar:/home/user/.m2/repository/com/nimbusds/nimbus-jose-jwt/4.41.1/nimbus-jose-jwt-4.41.1.jar:/home/user/.m2/repository/com/github/stephenc/jcip/jcip-annotations/1.0-1/jcip-annotations-1.0-1.jar:/home/user/.m2/repository/net/minidev/json-smart/2.3/json-smart-2.3.jar:/home/user/.m2/repository/net/minidev/accessors-smart/1.2/accessors-smart-1.2.jar:/home/user/.m2/repository/org/ow2/asm/asm/5.0.4/asm-5.0.4.jar:/home/user/.m2/repository/org/apache/curator/curator-framework/2.12.0/curator-framework-2.12.0.jar:/home/user/.m2/repository/com/sun/jersey/jersey-core/1.19/jersey-core-1.19.jar:/home/user/.m2/repository/javax/ws/rs/jsr311-api/1.1.1/jsr311-api-1.1.1.jar:/home/user/.m2/repository/com/sun/jersey/jersey-server/1.19/jersey-server-1.19.jar:/home/user/.m2/repository/javax/servlet/javax.servlet-api/3.1.0/javax.servlet-api-3.1.0.jar:/home/user/.m2/repository/org/eclipse/jetty/jetty-server/9.3.24.v20180605/jetty-server-9.3.24.v20180605.jar:/home/user/.m2/repository/org/eclipse/jetty/jetty-http/9.3.24.v20180605/jetty-http-9.3.24.v20180605.jar:/home/user/.m2/repository/org/eclipse/jetty/jetty-io/9.3.24.v20180605/jetty-io-9.3.24.v20180605.jar:/home/user/.m2/repository/org/eclipse/jetty/jetty-webapp/9.3.24.v20180605/jetty-webapp-9.3.24.v20180605.jar:/home/user/.m2/repository/org/eclipse/jetty/jetty-xml/9.3.24.v20180605/jetty-xml-9.3.24.v20180605.jar:/home/user/.m2/repository/log4j/log4j/1.2.17/log4j-1.2.17.jar:/home/user/.m2/repository/org/slf4j/slf4j-api/1.7.25/slf4j-api-1.7.25.jar:/home/user/.m2/repository/org/slf4j/jul-to-slf4j/1.7.25/jul-to-slf4j-1.7.25.jar:/home/user/.m2/repository/org/eclipse/jetty/jetty-util/9.3.24.v20180605/jetty-util-9.3.24.v20180605.jar:/home/user/.m2/repository/com/fasterxml/jackson/core/jackson-databind/2.9.5/jackson-databind-2.9.5.jar:/home/user/.m2/repository/org/apache/hadoop/hadoop-kms/3.2.0/hadoop-kms-3.2.0-tests.jar:/home/user/.m2/repository/org/apache/hadoop/hadoop-hdds-server-scm/0.5.0-SNAPSHOT/hadoop-hdds-server-scm-0.5.0-SNAPSHOT-tests.jar:/home/user/.m2/repository/org/apache/hadoop/hadoop-hdds-container-service/0.5.0-SNAPSHOT/hadoop-hdds-container-service-0.5.0-SNAPSHOT-tests.jar:/home/user/.m2/repository/org/yaml/snakeyaml/1.16/snakeyaml-1.16.jar:/home/user/.m2/repository/org/apache/hadoop/hadoop-common/3.2.0/hadoop-common-3.2.0-tests.jar:/home/user/.m2/repository/org/apache/hadoop/hadoop-annotations/3.2.0/hadoop-annotations-3.2.0.jar:/usr/lib/jvm/java-1.8-openjdk/jre/../lib/tools.jar:/home/user/.m2/repository/commons-cli/commons-cli/1.2/commons-cli-1.2.jar:/home/user/.m2/repository/org/apache/httpcomponents/httpclient/4.5.2/httpclient-4.5.2.jar:/home/user/.m2/repository/org/apache/httpcomponents/httpcore/4.4.4/httpcore-4.4.4.jar:/home/user/.m2/repository/commons-codec/commons-codec/1.11/commons-codec-1.11.jar:/home/user/.m2/repository/commons-net/commons-net/3.6/commons-net-3.6.jar:/home/user/.m2/repository/commons-collections/commons-collections/3.2.2/commons-collections-3.2.2.jar:/home/user/.m2/repository/org/eclipse/jetty/jetty-servlet/9.3.24.v20180605/jetty-servlet-9.3.24.v20180605.jar:/home/user/.m2/repository/org/eclipse/jetty/jetty-security/9.3.24.v20180605/jetty-security-9.3.24.v20180605.jar:/home/user/.m2/repository/javax/servlet/jsp/jsp-api/2.1/jsp-api-2.1.jar:/home/user/.m2/repository/com/sun/jersey/jersey-servlet/1.19/jersey-servlet-1.19.jar:/home/user/.m2/repository/com/sun/jersey/jersey-json/1.19/jersey-json-1.19.jar:/home/user/.m2/repository/org/codehaus/jettison/jettison/1.1/jettison-1.1.jar:/home/user/.m2/repository/org/codehaus/jackson/jackson-core-asl/1.9.13/jackson-core-asl-1.9.13.jar:/home/user/.m2/repository/org/codehaus/jackson/jackson-mapper-asl/1.9.13/jackson-mapper-asl-1.9.13.jar:/home/user/.m2/repository/org/codehaus/jackson/jackson-jaxrs/1.9.13/jackson-jaxrs-1.9.13.jar:/home/user/.m2/repository/org/codehaus/jackson/jackson-xc/1.9.13/jackson-xc-1.9.13.jar:/home/user/.m2/repository/commons-logging/commons-logging/1.1.3/commons-logging-1.1.3.jar:/home/user/.m2/repository/commons-beanutils/commons-beanutils/1.9.3/commons-beanutils-1.9.3.jar:/home/user/.m2/repository/org/apache/commons/commons-configuration2/2.1.1/commons-configuration2-2.1.1.jar:/home/user/.m2/repository/org/apache/commons/commons-lang3/3.7/commons-lang3-3.7.jar:/home/user/.m2/repository/org/apache/commons/commons-text/1.4/commons-text-1.4.jar:/home/user/.m2/repository/org/apache/avro/avro/1.7.7/avro-1.7.7.jar:/home/user/.m2/repository/com/thoughtworks/paranamer/paranamer/2.3/paranamer-2.3.jar:/home/user/.m2/repository/org/xerial/snappy/snappy-java/1.0.5/snappy-java-1.0.5.jar:/home/user/.m2/repository/com/google/re2j/re2j/1.1/re2j-1.1.jar:/home/user/.m2/repository/com/google/code/gson/gson/2.2.4/gson-2.2.4.jar:/home/user/.m2/repository/com/jcraft/jsch/0.1.54/jsch-0.1.54.jar:/home/user/.m2/repository/org/apache/curator/curator-client/2.12.0/curator-client-2.12.0.jar:/home/user/.m2/repository/org/apache/curator/curator-recipes/2.12.0/curator-recipes-2.12.0.jar:/home/user/.m2/repository/com/google/code/findbugs/jsr305/3.0.0/jsr305-3.0.0.jar:/home/user/.m2/repository/org/apache/htrace/htrace-core4/4.1.0-incubating/htrace-core4-4.1.0-incubating.jar:/home/user/.m2/repository/org/apache/zookeeper/zookeeper/3.4.13/zookeeper-3.4.13.jar:/home/user/.m2/repository/org/apache/yetus/audience-annotations/0.5.0/audience-annotations-0.5.0.jar:/home/user/.m2/repository/org/codehaus/woodstox/stax2-api/3.1.4/stax2-api-3.1.4.jar:/home/user/.m2/repository/com/fasterxml/woodstox/woodstox-core/5.0.3/woodstox-core-5.0.3.jar:/home/user/.m2/repository/dnsjava/dnsjava/2.1.7/dnsjava-2.1.7.jar:/home/user/.m2/repository/org/apache/hadoop/hadoop-hdfs/3.2.0/hadoop-hdfs-3.2.0-tests.jar:/home/user/.m2/repository/org/eclipse/jetty/jetty-util-ajax/9.3.24.v20180605/jetty-util-ajax-9.3.24.v20180605.jar:/home/user/.m2/repository/commons-daemon/commons-daemon/1.0.13/commons-daemon-1.0.13.jar:/home/user/.m2/repository/io/netty/netty/3.10.5.Final/netty-3.10.5.Final.jar:/home/user/.m2/repository/io/netty/netty-all/4.0.52.Final/netty-all-4.0.52.Final.jar:/home/user/.m2/repository/org/fusesource/leveldbjni/leveldbjni-all/1.8/leveldbjni-all-1.8.jar:"/>
    <property name="sun.cpu.endian" value="little"/>
    <property name="user.home" value="/home/user"/>
    <property name="user.language" value="en"/>
    <property name="java.specification.vendor" value="Oracle Corporation"/>
    <property name="java.home" value="/usr/lib/jvm/java-1.8-openjdk/jre"/>
    <property name="java.security.krb5.conf" value="/workdir/hadoop-ozone/integration-test/target/test-classes/krb5.conf"/>
    <property name="basedir" value="/workdir/hadoop-ozone/integration-test"/>
    <property name="file.separator" value="/"/>
    <property name="line.separator" value="&#10;"/>
    <property name="java.vm.specification.vendor" value="Oracle Corporation"/>
    <property name="java.specification.name" value="Java Platform API Specification"/>
    <property name="java.awt.graphicsenv" value="sun.awt.X11GraphicsEnvironment"/>
    <property name="surefire.real.class.path" value="/workdir/hadoop-ozone/integration-test/target/surefire/surefirebooter6388341338800181502.jar"/>
    <property name="hadoop.log.dir" value="/workdir/hadoop-ozone/integration-test/target/log"/>
    <property name="sun.boot.class.path" value="/usr/lib/jvm/java-1.8-openjdk/jre/lib/resources.jar:/usr/lib/jvm/java-1.8-openjdk/jre/lib/rt.jar:/usr/lib/jvm/java-1.8-openjdk/jre/lib/sunrsasign.jar:/usr/lib/jvm/java-1.8-openjdk/jre/lib/jsse.jar:/usr/lib/jvm/java-1.8-openjdk/jre/lib/jce.jar:/usr/lib/jvm/java-1.8-openjdk/jre/lib/charsets.jar:/usr/lib/jvm/java-1.8-openjdk/jre/lib/jfr.jar:/usr/lib/jvm/java-1.8-openjdk/jre/classes"/>
    <property name="sun.management.compiler" value="HotSpot 64-Bit Tiered Compilers"/>
    <property name="java.runtime.version" value="1.8.0_212-b04"/>
    <property name="java.net.preferIPv4Stack" value="true"/>
    <property name="user.name" value="jenkins1000"/>
    <property name="path.separator" value=":"/>
    <property name="java.security.egd" value="file:///dev/urandom"/>
    <property name="os.version" value="3.10.0-957.12.2.el7.x86_64"/>
    <property name="java.endorsed.dirs" value="/usr/lib/jvm/java-1.8-openjdk/jre/lib/endorsed"/>
    <property name="java.runtime.name" value="OpenJDK Runtime Environment"/>
    <property name="file.encoding" value="UTF-8"/>
    <property name="java.vm.name" value="OpenJDK 64-Bit Server VM"/>
    <property name="test.build.webapps" value=""/>
    <property name="localRepository" value="/home/user/.m2/repository"/>
    <property name="java.vendor.url.bug" value="https://icedtea.classpath.org/bugzilla"/>
    <property name="java.io.tmpdir" value="/tmp"/>
    <property name="require.test.libhadoop" value=""/>
    <property name="java.version" value="1.8.0_212"/>
    <property name="user.dir" value="/workdir/hadoop-ozone/integration-test"/>
    <property name="os.arch" value="amd64"/>
    <property name="java.vm.specification.name" value="Java Virtual Machine Specification"/>
    <property name="test.build.classes" value="/workdir/hadoop-ozone/integration-test/target/test-classes"/>
    <property name="java.awt.printerjob" value="sun.print.PSPrinterJob"/>
    <property name="sun.os.patch.level" value="unknown"/>
    <property name="hadoop.tmp.dir" value="/workdir/hadoop-ozone/integration-test/target/tmp"/>
    <property name="java.library.path" value="/usr/lib/jvm/java-1.8-openjdk/jre/lib/amd64/server:/usr/lib/jvm/java-1.8-openjdk/jre/lib/amd64:/usr/lib/jvm/java-1.8-openjdk/jre/../lib/amd64:/workdir/hadoop-ozone/integration-test/target/native/target/usr/local/lib:/workdir/hadoop-ozone/integration-test/../../hadoop-common-project/hadoop-common/target/native/target/usr/local/lib:/usr/java/packages/lib/amd64:/usr/lib64:/lib64:/lib:/usr/lib"/>
    <property name="java.vm.info" value="mixed mode"/>
    <property name="java.vendor" value="IcedTea"/>
    <property name="java.vm.version" value="25.212-b04"/>
    <property name="java.ext.dirs" value="/usr/lib/jvm/java-1.8-openjdk/jre/lib/ext:/usr/java/packages/lib/ext"/>
    <property name="sun.io.unicode.encoding" value="UnicodeLittle"/>
    <property name="java.class.version" value="52.0"/>
  </properties>
  <testcase name="testPipelineMap" classname="org.apache.hadoop.hdds.scm.pipeline.TestNode2PipelineMap" time="29.17">
    <error message="Could not allocate container. Cannot get any matching pipeline for Type:RATIS, Factor:THREE, State:PipelineState.OPEN" type="java.io.IOException">java.io.IOException: Could not allocate container. Cannot get any matching pipeline for Type:RATIS, Factor:THREE, State:PipelineState.OPEN
	at org.apache.hadoop.hdds.scm.container.ContainerStateManager.allocateContainer(ContainerStateManager.java:260)
	at org.apache.hadoop.hdds.scm.container.SCMContainerManager.allocateContainer(SCMContainerManager.java:247)
	at org.apache.hadoop.hdds.scm.pipeline.TestNode2PipelineMap.init(TestNode2PipelineMap.java:69)
	at sun.reflect.NativeMethodAccessorImpl.invoke0(Native Method)
	at sun.reflect.NativeMethodAccessorImpl.invoke(NativeMethodAccessorImpl.java:62)
	at sun.reflect.DelegatingMethodAccessorImpl.invoke(DelegatingMethodAccessorImpl.java:43)
	at java.lang.reflect.Method.invoke(Method.java:498)
	at org.junit.runners.model.FrameworkMethod$1.runReflectiveCall(FrameworkMethod.java:47)
	at org.junit.internal.runners.model.ReflectiveCallable.run(ReflectiveCallable.java:12)
	at org.junit.runners.model.FrameworkMethod.invokeExplosively(FrameworkMethod.java:44)
	at org.junit.internal.runners.statements.RunBefores.evaluate(RunBefores.java:24)
	at org.junit.internal.runners.statements.RunAfters.evaluate(RunAfters.java:27)
	at org.junit.runners.ParentRunner.runLeaf(ParentRunner.java:271)
	at org.junit.runners.BlockJUnit4ClassRunner.runChild(BlockJUnit4ClassRunner.java:70)
	at org.junit.runners.BlockJUnit4ClassRunner.runChild(BlockJUnit4ClassRunner.java:50)
	at org.junit.runners.ParentRunner$3.run(ParentRunner.java:238)
	at org.junit.runners.ParentRunner$1.schedule(ParentRunner.java:63)
	at org.junit.runners.ParentRunner.runChildren(ParentRunner.java:236)
	at org.junit.runners.ParentRunner.access$000(ParentRunner.java:53)
	at org.junit.runners.ParentRunner$2.evaluate(ParentRunner.java:229)
	at org.junit.runners.ParentRunner.run(ParentRunner.java:309)
	at org.apache.maven.surefire.junit4.JUnit4Provider.execute(JUnit4Provider.java:365)
	at org.apache.maven.surefire.junit4.JUnit4Provider.executeWithRerun(JUnit4Provider.java:273)
	at org.apache.maven.surefire.junit4.JUnit4Provider.executeTestSet(JUnit4Provider.java:238)
	at org.apache.maven.surefire.junit4.JUnit4Provider.invoke(JUnit4Provider.java:159)
	at org.apache.maven.surefire.booter.ForkedBooter.invokeProviderInSameClassLoader(ForkedBooter.java:384)
	at org.apache.maven.surefire.booter.ForkedBooter.runSuitesInProcess(ForkedBooter.java:345)
	at org.apache.maven.surefire.booter.ForkedBooter.execute(ForkedBooter.java:126)
	at org.apache.maven.surefire.booter.ForkedBooter.main(ForkedBooter.java:418)
</error>
    <system-out><![CDATA[2019-09-12 10:20:43,584 [main] WARN  server.ServerUtils (ServerUtils.java:getScmDbDir(145)) - ozone.scm.db.dirs is not configured. We recommend adding this setting. Falling back to ozone.metadata.dirs instead.
2019-09-12 10:20:43,664 [main] WARN  server.ServerUtils (ServerUtils.java:getScmDbDir(145)) - ozone.scm.db.dirs is not configured. We recommend adding this setting. Falling back to ozone.metadata.dirs instead.
2019-09-12 10:20:43,667 [main] WARN  server.ServerUtils (ServerUtils.java:getScmDbDir(145)) - ozone.scm.db.dirs is not configured. We recommend adding this setting. Falling back to ozone.metadata.dirs instead.
2019-09-12 10:20:43,681 [main] INFO  util.log (Log.java:initialized(192)) - Logging initialized @838ms
2019-09-12 10:20:43,763 [main] INFO  db.DBStoreBuilder (DBStoreBuilder.java:addTable(110)) - using custom profile for table: deletedBlocks
2019-09-12 10:20:43,763 [main] INFO  db.DBStoreBuilder (DBStoreBuilder.java:processTables(161)) - Using default column profile:DBProfile.DISK for Table:deletedBlocks
2019-09-12 10:20:43,763 [main] INFO  db.DBStoreBuilder (DBStoreBuilder.java:addTable(110)) - using custom profile for table: validCerts
2019-09-12 10:20:43,764 [main] INFO  db.DBStoreBuilder (DBStoreBuilder.java:processTables(161)) - Using default column profile:DBProfile.DISK for Table:validCerts
2019-09-12 10:20:43,764 [main] INFO  db.DBStoreBuilder (DBStoreBuilder.java:addTable(110)) - using custom profile for table: revokedCerts
2019-09-12 10:20:43,764 [main] INFO  db.DBStoreBuilder (DBStoreBuilder.java:processTables(161)) - Using default column profile:DBProfile.DISK for Table:revokedCerts
2019-09-12 10:20:43,774 [main] INFO  db.DBStoreBuilder (DBStoreBuilder.java:addTable(110)) - using custom profile for table: default
2019-09-12 10:20:43,775 [main] INFO  db.DBStoreBuilder (DBStoreBuilder.java:processTables(167)) - Using default column profile:DBProfile.DISK for Table:default
2019-09-12 10:20:43,776 [main] INFO  db.DBStoreBuilder (DBStoreBuilder.java:getDbProfile(198)) - Using default options. DBProfile.DISK
2019-09-12 10:20:43,965 [main] INFO  net.NodeSchemaLoader (NodeSchemaLoader.java:loadSchemaFromFile(125)) - Loading file from sun.misc.CompoundEnumeration@20deea7f
2019-09-12 10:20:43,967 [main] INFO  net.NodeSchemaLoader (NodeSchemaLoader.java:loadSchema(171)) - Loading network topology layer schema file
2019-09-12 10:20:44,079 [main] WARN  server.ServerUtils (ServerUtils.java:sanitizeUserArgs(70)) - ozone.scm.stale.node.interval value = 300000 is larger than max = 100000 based on the key value of ozone.scm.heartbeat.thread.interval, reset to the max value 100000.
2019-09-12 10:20:44,082 [main] WARN  server.ServerUtils (ServerUtils.java:sanitizeUserArgs(70)) - ozone.scm.stale.node.interval value = 300000 is larger than max = 100000 based on the key value of ozone.scm.heartbeat.thread.interval, reset to the max value 100000.
2019-09-12 10:20:44,085 [main] INFO  node.SCMNodeManager (SCMNodeManager.java:<init>(121)) - Entering startup safe mode.
2019-09-12 10:20:44,165 [main] INFO  algorithms.ContainerPlacementPolicyFactory (ContainerPlacementPolicyFactory.java:getPolicy(56)) - Create container placement policy of type org.apache.hadoop.hdds.scm.container.placement.algorithms.SCMContainerPlacementRandom
2019-09-12 10:20:44,181 [main] WARN  server.ServerUtils (ServerUtils.java:getScmDbDir(145)) - ozone.scm.db.dirs is not configured. We recommend adding this setting. Falling back to ozone.metadata.dirs instead.
2019-09-12 10:20:44,263 [main] INFO  pipeline.SCMPipelineManager (SCMPipelineManager.java:initializePipelineState(126)) - No pipeline exists in current db
2019-09-12 10:20:44,266 [main] WARN  server.ServerUtils (ServerUtils.java:getScmDbDir(145)) - ozone.scm.db.dirs is not configured. We recommend adding this setting. Falling back to ozone.metadata.dirs instead.
2019-09-12 10:20:44,397 [main] WARN  events.EventQueue (EventQueue.java:fireEvent(175)) - No event handler registered for event TypedEvent{payloadType=SafeModeStatus, name='SafeModeStatus'}
2019-09-12 10:20:44,881 [main] INFO  ipc.CallQueueManager (CallQueueManager.java:<init>(84)) - Using callQueue: class java.util.concurrent.LinkedBlockingQueue, queueCapacity: 2000, scheduler: class org.apache.hadoop.ipc.DefaultRpcScheduler, ipcBackoff: false.
2019-09-12 10:20:45,238 [Socket Reader #1 for port 45921] INFO  ipc.Server (Server.java:run(1074)) - Starting Socket Reader #1 for port 45921
2019-09-12 10:20:45,272 [main] INFO  ipc.CallQueueManager (CallQueueManager.java:<init>(84)) - Using callQueue: class java.util.concurrent.LinkedBlockingQueue, queueCapacity: 2000, scheduler: class org.apache.hadoop.ipc.DefaultRpcScheduler, ipcBackoff: false.
2019-09-12 10:20:45,273 [Socket Reader #1 for port 45491] INFO  ipc.Server (Server.java:run(1074)) - Starting Socket Reader #1 for port 45491
2019-09-12 10:20:45,283 [main] INFO  ipc.CallQueueManager (CallQueueManager.java:<init>(84)) - Using callQueue: class java.util.concurrent.LinkedBlockingQueue, queueCapacity: 2000, scheduler: class org.apache.hadoop.ipc.DefaultRpcScheduler, ipcBackoff: false.
2019-09-12 10:20:45,284 [Socket Reader #1 for port 41966] INFO  ipc.Server (Server.java:run(1074)) - Starting Socket Reader #1 for port 41966
2019-09-12 10:20:45,307 [main] INFO  hdfs.DFSUtil (DFSUtil.java:httpServerTemplateForNNAndJN(1641)) - Starting Web-server for scm at: http://0.0.0.0:0
2019-09-12 10:20:45,458 [main] INFO  server.AuthenticationFilter (AuthenticationFilter.java:constructSecretProvider(240)) - Unable to initialize FileSignerSecretProvider, falling back to use random secrets.
2019-09-12 10:20:45,467 [main] WARN  http.HttpRequestLog (HttpRequestLog.java:getRequestLog(97)) - Jetty request log can only be enabled using Log4j
2019-09-12 10:20:45,476 [main] INFO  http.HttpServer2 (HttpServer2.java:addGlobalFilter(975)) - Added global filter 'safety' (class=org.apache.hadoop.http.HttpServer2$QuotingInputFilter)
2019-09-12 10:20:45,478 [main] INFO  http.HttpServer2 (HttpServer2.java:addFilter(948)) - Added filter static_user_filter (class=org.apache.hadoop.http.lib.StaticUserWebFilter$StaticUserFilter) to context scm
2019-09-12 10:20:45,479 [main] INFO  http.HttpServer2 (HttpServer2.java:addFilter(958)) - Added filter static_user_filter (class=org.apache.hadoop.http.lib.StaticUserWebFilter$StaticUserFilter) to context static
2019-09-12 10:20:45,479 [main] INFO  http.HttpServer2 (HttpServer2.java:addFilter(958)) - Added filter static_user_filter (class=org.apache.hadoop.http.lib.StaticUserWebFilter$StaticUserFilter) to context logs
2019-09-12 10:20:45,509 [main] INFO  server.StorageContainerManager (StorageContainerManager.java:start(759)) - StorageContainerLocationProtocol RPC server is listening at /0.0.0.0:41966
2019-09-12 10:20:45,574 [main] WARN  impl.MetricsConfig (MetricsConfig.java:loadFirst(134)) - Cannot locate configuration: tried hadoop-metrics2-storagecontainermanager.properties,hadoop-metrics2.properties
2019-09-12 10:20:45,587 [main] INFO  impl.MetricsSystemImpl (MetricsSystemImpl.java:startTimer(374)) - Scheduled Metric snapshot period at 10 second(s).
2019-09-12 10:20:45,587 [main] INFO  impl.MetricsSystemImpl (MetricsSystemImpl.java:start(191)) - StorageContainerManager metrics system started
2019-09-12 10:20:45,826 [main] INFO  server.SCMClientProtocolServer (SCMClientProtocolServer.java:start(151)) - RPC server for Client  is listening at /0.0.0.0:41966
2019-09-12 10:20:45,826 [IPC Server Responder] INFO  ipc.Server (Server.java:run(1314)) - IPC Server Responder: starting
2019-09-12 10:20:45,826 [IPC Server listener on 41966] INFO  ipc.Server (Server.java:run(1153)) - IPC Server listener on 41966: starting
2019-09-12 10:20:45,829 [main] INFO  server.StorageContainerManager (StorageContainerManager.java:start(769)) - ScmBlockLocationProtocol RPC server is listening at /0.0.0.0:45491
2019-09-12 10:20:45,830 [main] INFO  server.SCMBlockProtocolServer (SCMBlockProtocolServer.java:start(140)) - RPC server for Block Protocol is listening at /0.0.0.0:45491
2019-09-12 10:20:45,830 [IPC Server Responder] INFO  ipc.Server (Server.java:run(1314)) - IPC Server Responder: starting
2019-09-12 10:20:45,830 [IPC Server listener on 45491] INFO  ipc.Server (Server.java:run(1153)) - IPC Server listener on 45491: starting
2019-09-12 10:20:45,832 [main] INFO  server.StorageContainerManager (StorageContainerManager.java:start(773)) - ScmDatanodeProtocl RPC server is listening at /0.0.0.0:45921
2019-09-12 10:20:45,833 [main] INFO  server.SCMDatanodeProtocolServer (SCMDatanodeProtocolServer.java:start(191)) - RPC server for DataNodes is listening at /0.0.0.0:45921
2019-09-12 10:20:45,833 [IPC Server Responder] INFO  ipc.Server (Server.java:run(1314)) - IPC Server Responder: starting
2019-09-12 10:20:45,833 [IPC Server listener on 45921] INFO  ipc.Server (Server.java:run(1153)) - IPC Server listener on 45921: starting
2019-09-12 10:20:45,837 [main] INFO  http.HttpServer2 (HttpServer2.java:bindListener(1191)) - Jetty bound to port 39735
2019-09-12 10:20:45,839 [main] INFO  server.Server (Server.java:doStart(351)) - jetty-9.3.24.v20180605, build timestamp: 2018-06-05T17:11:56Z, git hash: 84205aa28f11a4f31f2a3b86d1bba2cc8ab69827
2019-09-12 10:20:45,878 [main] INFO  handler.ContextHandler (ContextHandler.java:doStart(781)) - Started o.e.j.s.ServletContextHandler@74a6a609{/logs,file:///workdir/hadoop-ozone/integration-test/target/log,AVAILABLE}
2019-09-12 10:20:45,879 [main] INFO  handler.ContextHandler (ContextHandler.java:doStart(781)) - Started o.e.j.s.ServletContextHandler@2374d36a{/static,file:///workdir/hadoop-ozone/integration-test/target/test-classes/webapps/static,AVAILABLE}
2019-09-12 10:20:45,914 [main] INFO  handler.ContextHandler (ContextHandler.java:doStart(781)) - Started o.e.j.w.WebAppContext@21a5fd96{/,file:///workdir/hadoop-ozone/integration-test/target/test-classes/webapps/scm/,AVAILABLE}{/scm}
2019-09-12 10:20:45,920 [main] INFO  server.AbstractConnector (AbstractConnector.java:doStart(278)) - Started ServerConnector@327120c8{HTTP/1.1,[http/1.1]}{0.0.0.0:39735}
2019-09-12 10:20:45,920 [main] INFO  server.Server (Server.java:doStart(419)) - Started @3077ms
2019-09-12 10:20:45,921 [main] INFO  server.BaseHttpServer (BaseHttpServer.java:updateConnectorAddress(213)) - HTTP server of SCM is listening at http://0.0.0.0:39735
2019-09-12 10:20:45,926 [org.apache.hadoop.util.JvmPauseMonitor$Monitor@2555fff0] INFO  util.JvmPauseMonitor (JvmPauseMonitor.java:run(188)) - Starting JVM pause monitor
2019-09-12 10:20:45,929 [main] WARN  server.ServerUtils (ServerUtils.java:getDBPath(222)) - ozone.om.db.dirs is not configured. We recommend adding this setting. Falling back to ozone.metadata.dirs instead.
2019-09-12 10:20:46,033 [main] WARN  server.ServerUtils (ServerUtils.java:getDBPath(222)) - ozone.om.db.dirs is not configured. We recommend adding this setting. Falling back to ozone.metadata.dirs instead.
2019-09-12 10:20:46,034 [main] WARN  server.ServerUtils (ServerUtils.java:getDBPath(222)) - ozone.om.db.dirs is not configured. We recommend adding this setting. Falling back to ozone.metadata.dirs instead.
2019-09-12 10:20:46,035 [main] INFO  om.OzoneManager (OzoneManager.java:setOMNodeDetails(645)) - OM Service ID is not set. Setting it to the default ID: omServiceIdDefault
2019-09-12 10:20:46,035 [main] INFO  om.OzoneManager (OzoneManager.java:setOMNodeDetails(651)) - OM Node ID is not set. Setting it to the OmStorage's OmID: c4f7788c-e456-4091-88e5-efca91d952df
2019-09-12 10:20:46,037 [main] INFO  om.OzoneManager (OzoneManager.java:loadOMHAConfigs(602)) - Found matching OM address with OMServiceId: null, OMNodeId: null, RPC Address: localhost:0 and Ratis port: 9872
2019-09-12 10:20:46,287 | INFO  | SCMAudit | user=jenkins1000 | ip=192.168.157.195 | op=GET_SCM_INFO null | ret=SUCCESS |  
2019-09-12 10:20:46,738 [main] WARN  server.ServerUtils (ServerUtils.java:getDBPath(222)) - ozone.om.db.dirs is not configured. We recommend adding this setting. Falling back to ozone.metadata.dirs instead.
2019-09-12 10:20:46,746 [main] INFO  db.DBStoreBuilder (DBStoreBuilder.java:addTable(110)) - using custom profile for table: userTable
2019-09-12 10:20:46,746 [main] INFO  db.DBStoreBuilder (DBStoreBuilder.java:processTables(161)) - Using default column profile:DBProfile.DISK for Table:userTable
2019-09-12 10:20:46,747 [main] INFO  db.DBStoreBuilder (DBStoreBuilder.java:addTable(110)) - using custom profile for table: volumeTable
2019-09-12 10:20:46,747 [main] INFO  db.DBStoreBuilder (DBStoreBuilder.java:processTables(161)) - Using default column profile:DBProfile.DISK for Table:volumeTable
2019-09-12 10:20:46,747 [main] INFO  db.DBStoreBuilder (DBStoreBuilder.java:addTable(110)) - using custom profile for table: bucketTable
2019-09-12 10:20:46,747 [main] INFO  db.DBStoreBuilder (DBStoreBuilder.java:processTables(161)) - Using default column profile:DBProfile.DISK for Table:bucketTable
2019-09-12 10:20:46,748 [main] INFO  db.DBStoreBuilder (DBStoreBuilder.java:addTable(110)) - using custom profile for table: keyTable
2019-09-12 10:20:46,748 [main] INFO  db.DBStoreBuilder (DBStoreBuilder.java:processTables(161)) - Using default column profile:DBProfile.DISK for Table:keyTable
2019-09-12 10:20:46,748 [main] INFO  db.DBStoreBuilder (DBStoreBuilder.java:addTable(110)) - using custom profile for table: deletedTable
2019-09-12 10:20:46,748 [main] INFO  db.DBStoreBuilder (DBStoreBuilder.java:processTables(161)) - Using default column profile:DBProfile.DISK for Table:deletedTable
2019-09-12 10:20:46,749 [main] INFO  db.DBStoreBuilder (DBStoreBuilder.java:addTable(110)) - using custom profile for table: openKeyTable
2019-09-12 10:20:46,749 [main] INFO  db.DBStoreBuilder (DBStoreBuilder.java:processTables(161)) - Using default column profile:DBProfile.DISK for Table:openKeyTable
2019-09-12 10:20:46,749 [main] INFO  db.DBStoreBuilder (DBStoreBuilder.java:addTable(110)) - using custom profile for table: s3Table
2019-09-12 10:20:46,749 [main] INFO  db.DBStoreBuilder (DBStoreBuilder.java:processTables(161)) - Using default column profile:DBProfile.DISK for Table:s3Table
2019-09-12 10:20:46,750 [main] INFO  db.DBStoreBuilder (DBStoreBuilder.java:addTable(110)) - using custom profile for table: multipartInfoTable
2019-09-12 10:20:46,750 [main] INFO  db.DBStoreBuilder (DBStoreBuilder.java:processTables(161)) - Using default column profile:DBProfile.DISK for Table:multipartInfoTable
2019-09-12 10:20:46,750 [main] INFO  db.DBStoreBuilder (DBStoreBuilder.java:addTable(110)) - using custom profile for table: dTokenTable
2019-09-12 10:20:46,750 [main] INFO  db.DBStoreBuilder (DBStoreBuilder.java:processTables(161)) - Using default column profile:DBProfile.DISK for Table:dTokenTable
2019-09-12 10:20:46,751 [main] INFO  db.DBStoreBuilder (DBStoreBuilder.java:addTable(110)) - using custom profile for table: s3SecretTable
2019-09-12 10:20:46,751 [main] INFO  db.DBStoreBuilder (DBStoreBuilder.java:processTables(161)) - Using default column profile:DBProfile.DISK for Table:s3SecretTable
2019-09-12 10:20:46,751 [main] INFO  db.DBStoreBuilder (DBStoreBuilder.java:addTable(110)) - using custom profile for table: prefixTable
2019-09-12 10:20:46,751 [main] INFO  db.DBStoreBuilder (DBStoreBuilder.java:processTables(161)) - Using default column profile:DBProfile.DISK for Table:prefixTable
2019-09-12 10:20:46,752 [main] INFO  db.DBStoreBuilder (DBStoreBuilder.java:addTable(110)) - using custom profile for table: default
2019-09-12 10:20:46,752 [main] INFO  db.DBStoreBuilder (DBStoreBuilder.java:processTables(167)) - Using default column profile:DBProfile.DISK for Table:default
2019-09-12 10:20:46,752 [main] INFO  db.DBStoreBuilder (DBStoreBuilder.java:getDbProfile(198)) - Using default options. DBProfile.DISK
2019-09-12 10:20:47,264 [main] INFO  ipc.CallQueueManager (CallQueueManager.java:<init>(84)) - Using callQueue: class java.util.concurrent.LinkedBlockingQueue, queueCapacity: 2000, scheduler: class org.apache.hadoop.ipc.DefaultRpcScheduler, ipcBackoff: false.
2019-09-12 10:20:47,267 [Socket Reader #1 for port 40603] INFO  ipc.Server (Server.java:run(1074)) - Starting Socket Reader #1 for port 40603
2019-09-12 10:20:47,291 [main] INFO  om.OzoneManager (OzoneManager.java:start(1256)) - OzoneManager RPC server is listening at localhost/127.0.0.1:40603
2019-09-12 10:20:47,291 [main] INFO  impl.MetricsSystemImpl (MetricsSystemImpl.java:init(158)) - OzoneManager metrics system started (again)
2019-09-12 10:20:47,292 [IPC Server Responder] INFO  ipc.Server (Server.java:run(1314)) - IPC Server Responder: starting
2019-09-12 10:20:47,293 [IPC Server listener on 40603] INFO  ipc.Server (Server.java:run(1153)) - IPC Server listener on 40603: starting
2019-09-12 10:20:47,299 [main] INFO  hdfs.DFSUtil (DFSUtil.java:httpServerTemplateForNNAndJN(1641)) - Starting Web-server for ozoneManager at: http://0.0.0.0:0
2019-09-12 10:20:47,301 [main] INFO  server.AuthenticationFilter (AuthenticationFilter.java:constructSecretProvider(240)) - Unable to initialize FileSignerSecretProvider, falling back to use random secrets.
2019-09-12 10:20:47,303 [main] WARN  http.HttpRequestLog (HttpRequestLog.java:getRequestLog(97)) - Jetty request log can only be enabled using Log4j
2019-09-12 10:20:47,307 [main] INFO  http.HttpServer2 (HttpServer2.java:addGlobalFilter(975)) - Added global filter 'safety' (class=org.apache.hadoop.http.HttpServer2$QuotingInputFilter)
2019-09-12 10:20:47,308 [main] INFO  http.HttpServer2 (HttpServer2.java:addFilter(948)) - Added filter static_user_filter (class=org.apache.hadoop.http.lib.StaticUserWebFilter$StaticUserFilter) to context ozoneManager
2019-09-12 10:20:47,309 [main] INFO  http.HttpServer2 (HttpServer2.java:addFilter(958)) - Added filter static_user_filter (class=org.apache.hadoop.http.lib.StaticUserWebFilter$StaticUserFilter) to context logs
2019-09-12 10:20:47,309 [main] INFO  http.HttpServer2 (HttpServer2.java:addFilter(958)) - Added filter static_user_filter (class=org.apache.hadoop.http.lib.StaticUserWebFilter$StaticUserFilter) to context static
2019-09-12 10:20:47,312 [main] INFO  http.HttpServer2 (HttpServer2.java:bindListener(1191)) - Jetty bound to port 44879
2019-09-12 10:20:47,313 [main] INFO  server.Server (Server.java:doStart(351)) - jetty-9.3.24.v20180605, build timestamp: 2018-06-05T17:11:56Z, git hash: 84205aa28f11a4f31f2a3b86d1bba2cc8ab69827
2019-09-12 10:20:47,504 [main] INFO  handler.ContextHandler (ContextHandler.java:doStart(781)) - Started o.e.j.s.ServletContextHandler@543e593{/logs,file:///workdir/hadoop-ozone/integration-test/target/log,AVAILABLE}
2019-09-12 10:20:47,506 [main] INFO  handler.ContextHandler (ContextHandler.java:doStart(781)) - Started o.e.j.s.ServletContextHandler@51ec2df1{/static,file:///workdir/hadoop-ozone/integration-test/target/test-classes/webapps/static,AVAILABLE}
2019-09-12 10:20:47,519 [main] INFO  handler.ContextHandler (ContextHandler.java:doStart(781)) - Started o.e.j.w.WebAppContext@24fabd0f{/,file:///workdir/hadoop-ozone/integration-test/target/test-classes/webapps/ozoneManager/,AVAILABLE}{/ozoneManager}
2019-09-12 10:20:47,520 [main] INFO  server.AbstractConnector (AbstractConnector.java:doStart(278)) - Started ServerConnector@250b236d{HTTP/1.1,[http/1.1]}{0.0.0.0:44879}
2019-09-12 10:20:47,521 [main] INFO  server.Server (Server.java:doStart(419)) - Started @4677ms
2019-09-12 10:20:47,523 [main] INFO  server.BaseHttpServer (BaseHttpServer.java:updateConnectorAddress(213)) - HTTP server of OZONEMANAGER is listening at http://0.0.0.0:44879
2019-09-12 10:20:47,727 [main] INFO  impl.MetricsSystemImpl (MetricsSystemImpl.java:init(158)) - HddsDatanode metrics system started (again)
2019-09-12 10:20:47,835 [main] INFO  ozone.HddsDatanodeService (HddsDatanodeService.java:start(184)) - HddsDatanodeService host:pr-hdds-1569-xtfnx-3545843844 ip:192.168.157.195
2019-09-12 10:20:47,871 [main] INFO  volume.HddsVolume (HddsVolume.java:<init>(176)) - Creating Volume: /workdir/hadoop-ozone/integration-test/target/test-dir/MiniOzoneClusterImpl-afc08962-9222-4e3d-8fb5-552b5e422aae/datanode-0/data/containers/hdds of  storage type : DISK and capacity : 1482555576320
2019-09-12 10:20:47,873 [main] INFO  volume.VolumeSet (VolumeSet.java:initializeVolumeSet(170)) - Added Volume : /workdir/hadoop-ozone/integration-test/target/test-dir/MiniOzoneClusterImpl-afc08962-9222-4e3d-8fb5-552b5e422aae/datanode-0/data/containers/hdds to VolumeSet
2019-09-12 10:20:47,876 [main] INFO  volume.ThrottledAsyncChecker (ThrottledAsyncChecker.java:schedule(140)) - Scheduling a check for org.apache.hadoop.ozone.container.common.volume.HddsVolume@4df39a88
2019-09-12 10:20:47,896 [main] INFO  volume.HddsVolumeChecker (HddsVolumeChecker.java:checkAllVolumes(203)) - Scheduled health check for volume org.apache.hadoop.ozone.container.common.volume.HddsVolume@4df39a88
2019-09-12 10:20:48,002 [main] INFO  impl.RaftServerProxy (ConfUtils.java:logGet(43)) - raft.rpc.type = GRPC (default)
2019-09-12 10:20:48,069 [main] INFO  grpc.GrpcFactory (GrpcFactory.java:checkPooledByteBufAllocatorUseCacheForAllThreads(45)) - PERFORMANCE WARNING: useCacheForAllThreads is true that may cause Netty to create a lot garbage objects and, as a result, trigger GC.
	It is recommended to disable useCacheForAllThreads by setting -Dorg.apache.ratis.thirdparty.io.netty.allocator.useCacheForAllThreads=false in command line.
2019-09-12 10:20:48,074 [main] INFO  grpc.GrpcConfigKeys$Server (ConfUtils.java:logGet(43)) - raft.grpc.server.port = 0 (default)
2019-09-12 10:20:48,075 [main] INFO  server.GrpcService (ConfUtils.java:logGet(43)) - raft.grpc.message.size.max = 33570816 (custom)
2019-09-12 10:20:48,076 [main] INFO  server.RaftServerConfigKeys (ConfUtils.java:logGet(43)) - raft.server.log.appender.buffer.byte-limit = 33554432 (custom)
2019-09-12 10:20:48,077 [main] INFO  server.GrpcService (ConfUtils.java:logGet(43)) - raft.grpc.flow.control.window = 1MB (=1048576) (default)
2019-09-12 10:20:48,078 [main] INFO  server.RaftServerConfigKeys (ConfUtils.java:logGet(43)) - raft.server.rpc.request.timeout = 3000ms (default)
2019-09-12 10:20:48,239 [main] INFO  server.RaftServerConfigKeys (ConfUtils.java:logGet(43)) - raft.server.storage.dir = [/workdir/hadoop-ozone/integration-test/target/test-dir/MiniOzoneClusterImpl-afc08962-9222-4e3d-8fb5-552b5e422aae/datanode-0/data/ratis] (custom)
2019-09-12 10:20:48,275 [main] INFO  replication.SimpleContainerDownloader (SimpleContainerDownloader.java:<init>(72)) - Starting container downloader service to copy containers to replicate.
2019-09-12 10:20:48,288 [main] INFO  hdfs.DFSUtil (DFSUtil.java:httpServerTemplateForNNAndJN(1641)) - Starting Web-server for hddsDatanode at: http://0.0.0.0:0
2019-09-12 10:20:48,291 [main] INFO  server.AuthenticationFilter (AuthenticationFilter.java:constructSecretProvider(240)) - Unable to initialize FileSignerSecretProvider, falling back to use random secrets.
2019-09-12 10:20:48,291 [main] WARN  http.HttpRequestLog (HttpRequestLog.java:getRequestLog(97)) - Jetty request log can only be enabled using Log4j
2019-09-12 10:20:48,299 [main] INFO  http.HttpServer2 (HttpServer2.java:addGlobalFilter(975)) - Added global filter 'safety' (class=org.apache.hadoop.http.HttpServer2$QuotingInputFilter)
2019-09-12 10:20:48,300 [main] INFO  http.HttpServer2 (HttpServer2.java:addFilter(948)) - Added filter static_user_filter (class=org.apache.hadoop.http.lib.StaticUserWebFilter$StaticUserFilter) to context hddsDatanode
2019-09-12 10:20:48,300 [main] INFO  http.HttpServer2 (HttpServer2.java:addFilter(958)) - Added filter static_user_filter (class=org.apache.hadoop.http.lib.StaticUserWebFilter$StaticUserFilter) to context static
2019-09-12 10:20:48,301 [main] INFO  http.HttpServer2 (HttpServer2.java:addFilter(958)) - Added filter static_user_filter (class=org.apache.hadoop.http.lib.StaticUserWebFilter$StaticUserFilter) to context logs
2019-09-12 10:20:48,302 [main] INFO  http.HttpServer2 (HttpServer2.java:bindListener(1191)) - Jetty bound to port 40663
2019-09-12 10:20:48,303 [main] INFO  server.Server (Server.java:doStart(351)) - jetty-9.3.24.v20180605, build timestamp: 2018-06-05T17:11:56Z, git hash: 84205aa28f11a4f31f2a3b86d1bba2cc8ab69827
2019-09-12 10:20:48,306 [main] INFO  handler.ContextHandler (ContextHandler.java:doStart(781)) - Started o.e.j.s.ServletContextHandler@6c0e13b7{/logs,file:///workdir/hadoop-ozone/integration-test/target/log,AVAILABLE}
2019-09-12 10:20:48,307 [main] INFO  handler.ContextHandler (ContextHandler.java:doStart(781)) - Started o.e.j.s.ServletContextHandler@561b7d53{/static,jar:file:/home/user/.m2/repository/org/apache/hadoop/hadoop-hdds-container-service/0.5.0-SNAPSHOT/hadoop-hdds-container-service-0.5.0-SNAPSHOT.jar!/webapps/static,AVAILABLE}
2019-09-12 10:20:48,360 [main] INFO  handler.ContextHandler (ContextHandler.java:doStart(781)) - Started o.e.j.w.WebAppContext@38ed139b{/,file:///tmp/jetty-0.0.0.0-40663-hddsDatanode-_-any-6762024985697074827.dir/webapp/,AVAILABLE}{/hddsDatanode}
2019-09-12 10:20:48,361 [main] INFO  server.AbstractConnector (AbstractConnector.java:doStart(278)) - Started ServerConnector@a5272be{HTTP/1.1,[http/1.1]}{0.0.0.0:40663}
2019-09-12 10:20:48,363 [main] INFO  server.Server (Server.java:doStart(419)) - Started @5519ms
2019-09-12 10:20:48,364 [main] INFO  server.BaseHttpServer (BaseHttpServer.java:updateConnectorAddress(213)) - HTTP server of HDDSDATANODE is listening at http://0.0.0.0:40663
2019-09-12 10:20:49,624 | INFO  | ObjectStoreRestHttpServer | Listening HDDS REST traffic on /0.0.0.0:40423 |  
2019-09-12 10:20:49,626 [main] INFO  ozone.HddsDatanodeService (HddsDatanodeService.java:startPlugins(395)) - Started plug-in org.apache.hadoop.ozone.web.OzoneHddsDatanodeService@27976390
2019-09-12 10:20:49,629 [main] INFO  impl.MetricsSystemImpl (MetricsSystemImpl.java:init(158)) - HddsDatanode metrics system started (again)
2019-09-12 10:20:49,633 [main] INFO  ozone.HddsDatanodeService (HddsDatanodeService.java:start(184)) - HddsDatanodeService host:pr-hdds-1569-xtfnx-3545843844 ip:192.168.157.195
2019-09-12 10:20:49,636 [org.apache.hadoop.util.JvmPauseMonitor$Monitor@6083769d] INFO  util.JvmPauseMonitor (JvmPauseMonitor.java:run(188)) - Starting JVM pause monitor
2019-09-12 10:20:49,644 [main] INFO  volume.HddsVolume (HddsVolume.java:<init>(176)) - Creating Volume: /workdir/hadoop-ozone/integration-test/target/test-dir/MiniOzoneClusterImpl-afc08962-9222-4e3d-8fb5-552b5e422aae/datanode-1/data/containers/hdds of  storage type : DISK and capacity : 1482555576320
2019-09-12 10:20:49,644 [main] INFO  volume.VolumeSet (VolumeSet.java:initializeVolumeSet(170)) - Added Volume : /workdir/hadoop-ozone/integration-test/target/test-dir/MiniOzoneClusterImpl-afc08962-9222-4e3d-8fb5-552b5e422aae/datanode-1/data/containers/hdds to VolumeSet
2019-09-12 10:20:49,645 [main] INFO  volume.ThrottledAsyncChecker (ThrottledAsyncChecker.java:schedule(140)) - Scheduling a check for org.apache.hadoop.ozone.container.common.volume.HddsVolume@528c8c1
2019-09-12 10:20:49,645 [main] INFO  volume.HddsVolumeChecker (HddsVolumeChecker.java:checkAllVolumes(203)) - Scheduled health check for volume org.apache.hadoop.ozone.container.common.volume.HddsVolume@528c8c1
2019-09-12 10:20:49,668 [main] INFO  impl.RaftServerProxy (ConfUtils.java:logGet(43)) - raft.rpc.type = GRPC (default)
2019-09-12 10:20:49,669 [main] INFO  grpc.GrpcFactory (GrpcFactory.java:checkPooledByteBufAllocatorUseCacheForAllThreads(45)) - PERFORMANCE WARNING: useCacheForAllThreads is true that may cause Netty to create a lot garbage objects and, as a result, trigger GC.
	It is recommended to disable useCacheForAllThreads by setting -Dorg.apache.ratis.thirdparty.io.netty.allocator.useCacheForAllThreads=false in command line.
2019-09-12 10:20:49,669 [main] INFO  grpc.GrpcConfigKeys$Server (ConfUtils.java:logGet(43)) - raft.grpc.server.port = 0 (default)
2019-09-12 10:20:49,670 [main] INFO  server.GrpcService (ConfUtils.java:logGet(43)) - raft.grpc.message.size.max = 33570816 (custom)
2019-09-12 10:20:49,670 [main] INFO  server.RaftServerConfigKeys (ConfUtils.java:logGet(43)) - raft.server.log.appender.buffer.byte-limit = 33554432 (custom)
2019-09-12 10:20:49,670 [main] INFO  server.GrpcService (ConfUtils.java:logGet(43)) - raft.grpc.flow.control.window = 1MB (=1048576) (default)
2019-09-12 10:20:49,671 [main] INFO  server.RaftServerConfigKeys (ConfUtils.java:logGet(43)) - raft.server.rpc.request.timeout = 3000ms (default)
2019-09-12 10:20:49,672 [main] INFO  server.RaftServerConfigKeys (ConfUtils.java:logGet(43)) - raft.server.storage.dir = [/workdir/hadoop-ozone/integration-test/target/test-dir/MiniOzoneClusterImpl-afc08962-9222-4e3d-8fb5-552b5e422aae/datanode-1/data/ratis] (custom)
2019-09-12 10:20:49,672 [main] INFO  replication.SimpleContainerDownloader (SimpleContainerDownloader.java:<init>(72)) - Starting container downloader service to copy containers to replicate.
2019-09-12 10:20:49,674 [main] INFO  hdfs.DFSUtil (DFSUtil.java:httpServerTemplateForNNAndJN(1641)) - Starting Web-server for hddsDatanode at: http://0.0.0.0:0
2019-09-12 10:20:49,676 [main] INFO  server.AuthenticationFilter (AuthenticationFilter.java:constructSecretProvider(240)) - Unable to initialize FileSignerSecretProvider, falling back to use random secrets.
2019-09-12 10:20:49,678 [main] WARN  http.HttpRequestLog (HttpRequestLog.java:getRequestLog(97)) - Jetty request log can only be enabled using Log4j
2019-09-12 10:20:49,680 [main] INFO  http.HttpServer2 (HttpServer2.java:addGlobalFilter(975)) - Added global filter 'safety' (class=org.apache.hadoop.http.HttpServer2$QuotingInputFilter)
2019-09-12 10:20:49,681 [main] INFO  http.HttpServer2 (HttpServer2.java:addFilter(948)) - Added filter static_user_filter (class=org.apache.hadoop.http.lib.StaticUserWebFilter$StaticUserFilter) to context hddsDatanode
2019-09-12 10:20:49,681 [main] INFO  http.HttpServer2 (HttpServer2.java:addFilter(958)) - Added filter static_user_filter (class=org.apache.hadoop.http.lib.StaticUserWebFilter$StaticUserFilter) to context logs
2019-09-12 10:20:49,682 [main] INFO  http.HttpServer2 (HttpServer2.java:addFilter(958)) - Added filter static_user_filter (class=org.apache.hadoop.http.lib.StaticUserWebFilter$StaticUserFilter) to context static
2019-09-12 10:20:49,683 [main] INFO  http.HttpServer2 (HttpServer2.java:bindListener(1191)) - Jetty bound to port 40704
2019-09-12 10:20:49,683 [main] INFO  server.Server (Server.java:doStart(351)) - jetty-9.3.24.v20180605, build timestamp: 2018-06-05T17:11:56Z, git hash: 84205aa28f11a4f31f2a3b86d1bba2cc8ab69827
2019-09-12 10:20:49,688 [main] INFO  handler.ContextHandler (ContextHandler.java:doStart(781)) - Started o.e.j.s.ServletContextHandler@2f3928ac{/logs,file:///workdir/hadoop-ozone/integration-test/target/log,AVAILABLE}
2019-09-12 10:20:49,689 [main] INFO  handler.ContextHandler (ContextHandler.java:doStart(781)) - Started o.e.j.s.ServletContextHandler@31834a2b{/static,jar:file:/home/user/.m2/repository/org/apache/hadoop/hadoop-hdds-container-service/0.5.0-SNAPSHOT/hadoop-hdds-container-service-0.5.0-SNAPSHOT.jar!/webapps/static,AVAILABLE}
2019-09-12 10:20:49,733 [main] INFO  handler.ContextHandler (ContextHandler.java:doStart(781)) - Started o.e.j.w.WebAppContext@697a0948{/,file:///tmp/jetty-0.0.0.0-40704-hddsDatanode-_-any-871415121284613087.dir/webapp/,AVAILABLE}{/hddsDatanode}
2019-09-12 10:20:49,734 [main] INFO  server.AbstractConnector (AbstractConnector.java:doStart(278)) - Started ServerConnector@7cf63b9a{HTTP/1.1,[http/1.1]}{0.0.0.0:40704}
2019-09-12 10:20:49,735 [main] INFO  server.Server (Server.java:doStart(419)) - Started @6891ms
2019-09-12 10:20:49,736 [main] INFO  server.BaseHttpServer (BaseHttpServer.java:updateConnectorAddress(213)) - HTTP server of HDDSDATANODE is listening at http://0.0.0.0:40704
2019-09-12 10:20:49,765 [Datanode State Machine Thread - 0] INFO  datanode.InitDatanodeState (InitDatanodeState.java:persistContainerDatanodeDetails(140)) - DatanodeDetails is persisted to /workdir/hadoop-ozone/integration-test/target/test-dir/MiniOzoneClusterImpl-afc08962-9222-4e3d-8fb5-552b5e422aae/datanode-0/meta/datanode.id
2019-09-12 10:20:49,902 | INFO  | ObjectStoreRestHttpServer | Listening HDDS REST traffic on /0.0.0.0:44279 |  
2019-09-12 10:20:49,902 [main] INFO  ozone.HddsDatanodeService (HddsDatanodeService.java:startPlugins(395)) - Started plug-in org.apache.hadoop.ozone.web.OzoneHddsDatanodeService@57151b3a
2019-09-12 10:20:49,902 [main] INFO  impl.MetricsSystemImpl (MetricsSystemImpl.java:init(158)) - HddsDatanode metrics system started (again)
2019-09-12 10:20:49,906 [org.apache.hadoop.util.JvmPauseMonitor$Monitor@1fe730bc] INFO  util.JvmPauseMonitor (JvmPauseMonitor.java:run(188)) - Starting JVM pause monitor
2019-09-12 10:20:49,906 [main] INFO  ozone.HddsDatanodeService (HddsDatanodeService.java:start(184)) - HddsDatanodeService host:pr-hdds-1569-xtfnx-3545843844 ip:192.168.157.195
2019-09-12 10:20:49,911 [Datanode State Machine Thread - 0] INFO  datanode.InitDatanodeState (InitDatanodeState.java:persistContainerDatanodeDetails(140)) - DatanodeDetails is persisted to /workdir/hadoop-ozone/integration-test/target/test-dir/MiniOzoneClusterImpl-afc08962-9222-4e3d-8fb5-552b5e422aae/datanode-1/meta/datanode.id
2019-09-12 10:20:49,918 [main] INFO  volume.HddsVolume (HddsVolume.java:<init>(176)) - Creating Volume: /workdir/hadoop-ozone/integration-test/target/test-dir/MiniOzoneClusterImpl-afc08962-9222-4e3d-8fb5-552b5e422aae/datanode-2/data/containers/hdds of  storage type : DISK and capacity : 1482555576320
2019-09-12 10:20:49,919 [main] INFO  volume.VolumeSet (VolumeSet.java:initializeVolumeSet(170)) - Added Volume : /workdir/hadoop-ozone/integration-test/target/test-dir/MiniOzoneClusterImpl-afc08962-9222-4e3d-8fb5-552b5e422aae/datanode-2/data/containers/hdds to VolumeSet
2019-09-12 10:20:49,919 [main] INFO  volume.ThrottledAsyncChecker (ThrottledAsyncChecker.java:schedule(140)) - Scheduling a check for org.apache.hadoop.ozone.container.common.volume.HddsVolume@65eb3597
2019-09-12 10:20:49,919 [main] INFO  volume.HddsVolumeChecker (HddsVolumeChecker.java:checkAllVolumes(203)) - Scheduled health check for volume org.apache.hadoop.ozone.container.common.volume.HddsVolume@65eb3597
2019-09-12 10:20:49,936 [main] INFO  impl.RaftServerProxy (ConfUtils.java:logGet(43)) - raft.rpc.type = GRPC (default)
2019-09-12 10:20:49,936 [main] INFO  grpc.GrpcFactory (GrpcFactory.java:checkPooledByteBufAllocatorUseCacheForAllThreads(45)) - PERFORMANCE WARNING: useCacheForAllThreads is true that may cause Netty to create a lot garbage objects and, as a result, trigger GC.
	It is recommended to disable useCacheForAllThreads by setting -Dorg.apache.ratis.thirdparty.io.netty.allocator.useCacheForAllThreads=false in command line.
2019-09-12 10:20:49,937 [main] INFO  grpc.GrpcConfigKeys$Server (ConfUtils.java:logGet(43)) - raft.grpc.server.port = 0 (default)
2019-09-12 10:20:49,937 [main] INFO  server.GrpcService (ConfUtils.java:logGet(43)) - raft.grpc.message.size.max = 33570816 (custom)
2019-09-12 10:20:49,937 [main] INFO  server.RaftServerConfigKeys (ConfUtils.java:logGet(43)) - raft.server.log.appender.buffer.byte-limit = 33554432 (custom)
2019-09-12 10:20:49,937 [main] INFO  server.GrpcService (ConfUtils.java:logGet(43)) - raft.grpc.flow.control.window = 1MB (=1048576) (default)
2019-09-12 10:20:49,938 [main] INFO  server.RaftServerConfigKeys (ConfUtils.java:logGet(43)) - raft.server.rpc.request.timeout = 3000ms (default)
2019-09-12 10:20:49,938 [main] INFO  server.RaftServerConfigKeys (ConfUtils.java:logGet(43)) - raft.server.storage.dir = [/workdir/hadoop-ozone/integration-test/target/test-dir/MiniOzoneClusterImpl-afc08962-9222-4e3d-8fb5-552b5e422aae/datanode-2/data/ratis] (custom)
2019-09-12 10:20:49,939 [main] INFO  replication.SimpleContainerDownloader (SimpleContainerDownloader.java:<init>(72)) - Starting container downloader service to copy containers to replicate.
2019-09-12 10:20:49,942 [main] INFO  hdfs.DFSUtil (DFSUtil.java:httpServerTemplateForNNAndJN(1641)) - Starting Web-server for hddsDatanode at: http://0.0.0.0:0
2019-09-12 10:20:49,943 [main] INFO  server.AuthenticationFilter (AuthenticationFilter.java:constructSecretProvider(240)) - Unable to initialize FileSignerSecretProvider, falling back to use random secrets.
2019-09-12 10:20:49,943 [main] WARN  http.HttpRequestLog (HttpRequestLog.java:getRequestLog(97)) - Jetty request log can only be enabled using Log4j
2019-09-12 10:20:49,945 [main] INFO  http.HttpServer2 (HttpServer2.java:addGlobalFilter(975)) - Added global filter 'safety' (class=org.apache.hadoop.http.HttpServer2$QuotingInputFilter)
2019-09-12 10:20:49,945 [main] INFO  http.HttpServer2 (HttpServer2.java:addFilter(948)) - Added filter static_user_filter (class=org.apache.hadoop.http.lib.StaticUserWebFilter$StaticUserFilter) to context hddsDatanode
2019-09-12 10:20:49,946 [main] INFO  http.HttpServer2 (HttpServer2.java:addFilter(958)) - Added filter static_user_filter (class=org.apache.hadoop.http.lib.StaticUserWebFilter$StaticUserFilter) to context logs
2019-09-12 10:20:49,946 [main] INFO  http.HttpServer2 (HttpServer2.java:addFilter(958)) - Added filter static_user_filter (class=org.apache.hadoop.http.lib.StaticUserWebFilter$StaticUserFilter) to context static
2019-09-12 10:20:49,947 [main] INFO  http.HttpServer2 (HttpServer2.java:bindListener(1191)) - Jetty bound to port 39495
2019-09-12 10:20:49,947 [main] INFO  server.Server (Server.java:doStart(351)) - jetty-9.3.24.v20180605, build timestamp: 2018-06-05T17:11:56Z, git hash: 84205aa28f11a4f31f2a3b86d1bba2cc8ab69827
2019-09-12 10:20:49,949 [main] INFO  handler.ContextHandler (ContextHandler.java:doStart(781)) - Started o.e.j.s.ServletContextHandler@26e8ff8c{/logs,file:///workdir/hadoop-ozone/integration-test/target/log,AVAILABLE}
2019-09-12 10:20:49,949 [main] INFO  handler.ContextHandler (ContextHandler.java:doStart(781)) - Started o.e.j.s.ServletContextHandler@590d6c76{/static,jar:file:/home/user/.m2/repository/org/apache/hadoop/hadoop-hdds-container-service/0.5.0-SNAPSHOT/hadoop-hdds-container-service-0.5.0-SNAPSHOT.jar!/webapps/static,AVAILABLE}
2019-09-12 10:20:49,977 [main] INFO  handler.ContextHandler (ContextHandler.java:doStart(781)) - Started o.e.j.w.WebAppContext@1c98b4eb{/,file:///tmp/jetty-0.0.0.0-39495-hddsDatanode-_-any-5333363207052388217.dir/webapp/,AVAILABLE}{/hddsDatanode}
2019-09-12 10:20:49,978 [main] INFO  server.AbstractConnector (AbstractConnector.java:doStart(278)) - Started ServerConnector@45801322{HTTP/1.1,[http/1.1]}{0.0.0.0:39495}
2019-09-12 10:20:49,979 [main] INFO  server.Server (Server.java:doStart(419)) - Started @7135ms
2019-09-12 10:20:49,981 [main] INFO  server.BaseHttpServer (BaseHttpServer.java:updateConnectorAddress(213)) - HTTP server of HDDSDATANODE is listening at http://0.0.0.0:39495
2019-09-12 10:20:50,126 | INFO  | ObjectStoreRestHttpServer | Listening HDDS REST traffic on /0.0.0.0:32915 |  
2019-09-12 10:20:50,126 [main] INFO  ozone.HddsDatanodeService (HddsDatanodeService.java:startPlugins(395)) - Started plug-in org.apache.hadoop.ozone.web.OzoneHddsDatanodeService@17c4dc5b
2019-09-12 10:20:50,127 [main] INFO  impl.MetricsSystemImpl (MetricsSystemImpl.java:init(158)) - HddsDatanode metrics system started (again)
2019-09-12 10:20:50,130 [main] INFO  ozone.HddsDatanodeService (HddsDatanodeService.java:start(184)) - HddsDatanodeService host:pr-hdds-1569-xtfnx-3545843844 ip:192.168.157.195
2019-09-12 10:20:50,130 [org.apache.hadoop.util.JvmPauseMonitor$Monitor@324b590f] INFO  util.JvmPauseMonitor (JvmPauseMonitor.java:run(188)) - Starting JVM pause monitor
2019-09-12 10:20:50,134 [Datanode State Machine Thread - 0] INFO  datanode.InitDatanodeState (InitDatanodeState.java:persistContainerDatanodeDetails(140)) - DatanodeDetails is persisted to /workdir/hadoop-ozone/integration-test/target/test-dir/MiniOzoneClusterImpl-afc08962-9222-4e3d-8fb5-552b5e422aae/datanode-2/meta/datanode.id
2019-09-12 10:20:50,139 [main] INFO  volume.HddsVolume (HddsVolume.java:<init>(176)) - Creating Volume: /workdir/hadoop-ozone/integration-test/target/test-dir/MiniOzoneClusterImpl-afc08962-9222-4e3d-8fb5-552b5e422aae/datanode-3/data/containers/hdds of  storage type : DISK and capacity : 1482555576320
2019-09-12 10:20:50,139 [main] INFO  volume.VolumeSet (VolumeSet.java:initializeVolumeSet(170)) - Added Volume : /workdir/hadoop-ozone/integration-test/target/test-dir/MiniOzoneClusterImpl-afc08962-9222-4e3d-8fb5-552b5e422aae/datanode-3/data/containers/hdds to VolumeSet
2019-09-12 10:20:50,139 [main] INFO  volume.ThrottledAsyncChecker (ThrottledAsyncChecker.java:schedule(140)) - Scheduling a check for org.apache.hadoop.ozone.container.common.volume.HddsVolume@486bd064
2019-09-12 10:20:50,140 [main] INFO  volume.HddsVolumeChecker (HddsVolumeChecker.java:checkAllVolumes(203)) - Scheduled health check for volume org.apache.hadoop.ozone.container.common.volume.HddsVolume@486bd064
2019-09-12 10:20:50,155 [main] INFO  impl.RaftServerProxy (ConfUtils.java:logGet(43)) - raft.rpc.type = GRPC (default)
2019-09-12 10:20:50,155 [main] INFO  grpc.GrpcFactory (GrpcFactory.java:checkPooledByteBufAllocatorUseCacheForAllThreads(45)) - PERFORMANCE WARNING: useCacheForAllThreads is true that may cause Netty to create a lot garbage objects and, as a result, trigger GC.
	It is recommended to disable useCacheForAllThreads by setting -Dorg.apache.ratis.thirdparty.io.netty.allocator.useCacheForAllThreads=false in command line.
2019-09-12 10:20:50,155 [main] INFO  grpc.GrpcConfigKeys$Server (ConfUtils.java:logGet(43)) - raft.grpc.server.port = 0 (default)
2019-09-12 10:20:50,156 [main] INFO  server.GrpcService (ConfUtils.java:logGet(43)) - raft.grpc.message.size.max = 33570816 (custom)
2019-09-12 10:20:50,156 [main] INFO  server.RaftServerConfigKeys (ConfUtils.java:logGet(43)) - raft.server.log.appender.buffer.byte-limit = 33554432 (custom)
2019-09-12 10:20:50,156 [main] INFO  server.GrpcService (ConfUtils.java:logGet(43)) - raft.grpc.flow.control.window = 1MB (=1048576) (default)
2019-09-12 10:20:50,156 [main] INFO  server.RaftServerConfigKeys (ConfUtils.java:logGet(43)) - raft.server.rpc.request.timeout = 3000ms (default)
2019-09-12 10:20:50,157 [main] INFO  server.RaftServerConfigKeys (ConfUtils.java:logGet(43)) - raft.server.storage.dir = [/workdir/hadoop-ozone/integration-test/target/test-dir/MiniOzoneClusterImpl-afc08962-9222-4e3d-8fb5-552b5e422aae/datanode-3/data/ratis] (custom)
2019-09-12 10:20:50,157 [main] INFO  replication.SimpleContainerDownloader (SimpleContainerDownloader.java:<init>(72)) - Starting container downloader service to copy containers to replicate.
2019-09-12 10:20:50,159 [main] INFO  hdfs.DFSUtil (DFSUtil.java:httpServerTemplateForNNAndJN(1641)) - Starting Web-server for hddsDatanode at: http://0.0.0.0:0
2019-09-12 10:20:50,160 [main] INFO  server.AuthenticationFilter (AuthenticationFilter.java:constructSecretProvider(240)) - Unable to initialize FileSignerSecretProvider, falling back to use random secrets.
2019-09-12 10:20:50,161 [main] WARN  http.HttpRequestLog (HttpRequestLog.java:getRequestLog(97)) - Jetty request log can only be enabled using Log4j
2019-09-12 10:20:50,162 [main] INFO  http.HttpServer2 (HttpServer2.java:addGlobalFilter(975)) - Added global filter 'safety' (class=org.apache.hadoop.http.HttpServer2$QuotingInputFilter)
2019-09-12 10:20:50,163 [main] INFO  http.HttpServer2 (HttpServer2.java:addFilter(948)) - Added filter static_user_filter (class=org.apache.hadoop.http.lib.StaticUserWebFilter$StaticUserFilter) to context hddsDatanode
2019-09-12 10:20:50,163 [main] INFO  http.HttpServer2 (HttpServer2.java:addFilter(958)) - Added filter static_user_filter (class=org.apache.hadoop.http.lib.StaticUserWebFilter$StaticUserFilter) to context logs
2019-09-12 10:20:50,163 [main] INFO  http.HttpServer2 (HttpServer2.java:addFilter(958)) - Added filter static_user_filter (class=org.apache.hadoop.http.lib.StaticUserWebFilter$StaticUserFilter) to context static
2019-09-12 10:20:50,164 [main] INFO  http.HttpServer2 (HttpServer2.java:bindListener(1191)) - Jetty bound to port 39263
2019-09-12 10:20:50,164 [main] INFO  server.Server (Server.java:doStart(351)) - jetty-9.3.24.v20180605, build timestamp: 2018-06-05T17:11:56Z, git hash: 84205aa28f11a4f31f2a3b86d1bba2cc8ab69827
2019-09-12 10:20:50,168 [main] INFO  handler.ContextHandler (ContextHandler.java:doStart(781)) - Started o.e.j.s.ServletContextHandler@7a0ab480{/logs,file:///workdir/hadoop-ozone/integration-test/target/log,AVAILABLE}
2019-09-12 10:20:50,168 [main] INFO  handler.ContextHandler (ContextHandler.java:doStart(781)) - Started o.e.j.s.ServletContextHandler@130cfc47{/static,jar:file:/home/user/.m2/repository/org/apache/hadoop/hadoop-hdds-container-service/0.5.0-SNAPSHOT/hadoop-hdds-container-service-0.5.0-SNAPSHOT.jar!/webapps/static,AVAILABLE}
2019-09-12 10:20:50,196 [main] INFO  handler.ContextHandler (ContextHandler.java:doStart(781)) - Started o.e.j.w.WebAppContext@4aaecabd{/,file:///tmp/jetty-0.0.0.0-39263-hddsDatanode-_-any-1532989487982639933.dir/webapp/,AVAILABLE}{/hddsDatanode}
2019-09-12 10:20:50,197 [main] INFO  server.AbstractConnector (AbstractConnector.java:doStart(278)) - Started ServerConnector@23bd0c81{HTTP/1.1,[http/1.1]}{0.0.0.0:39263}
2019-09-12 10:20:50,197 [main] INFO  server.Server (Server.java:doStart(419)) - Started @7354ms
2019-09-12 10:20:50,198 [main] INFO  server.BaseHttpServer (BaseHttpServer.java:updateConnectorAddress(213)) - HTTP server of HDDSDATANODE is listening at http://0.0.0.0:39263
2019-09-12 10:20:50,343 | INFO  | ObjectStoreRestHttpServer | Listening HDDS REST traffic on /0.0.0.0:33847 |  
2019-09-12 10:20:50,343 [main] INFO  ozone.HddsDatanodeService (HddsDatanodeService.java:startPlugins(395)) - Started plug-in org.apache.hadoop.ozone.web.OzoneHddsDatanodeService@6cc48a17
2019-09-12 10:20:50,343 [main] INFO  impl.MetricsSystemImpl (MetricsSystemImpl.java:init(158)) - HddsDatanode metrics system started (again)
2019-09-12 10:20:50,347 [main] INFO  ozone.HddsDatanodeService (HddsDatanodeService.java:start(184)) - HddsDatanodeService host:pr-hdds-1569-xtfnx-3545843844 ip:192.168.157.195
2019-09-12 10:20:50,347 [org.apache.hadoop.util.JvmPauseMonitor$Monitor@f439707] INFO  util.JvmPauseMonitor (JvmPauseMonitor.java:run(188)) - Starting JVM pause monitor
2019-09-12 10:20:50,350 [Datanode State Machine Thread - 0] INFO  datanode.InitDatanodeState (InitDatanodeState.java:persistContainerDatanodeDetails(140)) - DatanodeDetails is persisted to /workdir/hadoop-ozone/integration-test/target/test-dir/MiniOzoneClusterImpl-afc08962-9222-4e3d-8fb5-552b5e422aae/datanode-3/meta/datanode.id
2019-09-12 10:20:50,355 [main] INFO  volume.HddsVolume (HddsVolume.java:<init>(176)) - Creating Volume: /workdir/hadoop-ozone/integration-test/target/test-dir/MiniOzoneClusterImpl-afc08962-9222-4e3d-8fb5-552b5e422aae/datanode-4/data/containers/hdds of  storage type : DISK and capacity : 1482555576320
2019-09-12 10:20:50,356 [main] INFO  volume.VolumeSet (VolumeSet.java:initializeVolumeSet(170)) - Added Volume : /workdir/hadoop-ozone/integration-test/target/test-dir/MiniOzoneClusterImpl-afc08962-9222-4e3d-8fb5-552b5e422aae/datanode-4/data/containers/hdds to VolumeSet
2019-09-12 10:20:50,356 [main] INFO  volume.ThrottledAsyncChecker (ThrottledAsyncChecker.java:schedule(140)) - Scheduling a check for org.apache.hadoop.ozone.container.common.volume.HddsVolume@73a845cb
2019-09-12 10:20:50,356 [main] INFO  volume.HddsVolumeChecker (HddsVolumeChecker.java:checkAllVolumes(203)) - Scheduled health check for volume org.apache.hadoop.ozone.container.common.volume.HddsVolume@73a845cb
2019-09-12 10:20:50,371 [main] INFO  impl.RaftServerProxy (ConfUtils.java:logGet(43)) - raft.rpc.type = GRPC (default)
2019-09-12 10:20:50,372 [main] INFO  grpc.GrpcFactory (GrpcFactory.java:checkPooledByteBufAllocatorUseCacheForAllThreads(45)) - PERFORMANCE WARNING: useCacheForAllThreads is true that may cause Netty to create a lot garbage objects and, as a result, trigger GC.
	It is recommended to disable useCacheForAllThreads by setting -Dorg.apache.ratis.thirdparty.io.netty.allocator.useCacheForAllThreads=false in command line.
2019-09-12 10:20:50,372 [main] INFO  grpc.GrpcConfigKeys$Server (ConfUtils.java:logGet(43)) - raft.grpc.server.port = 0 (default)
2019-09-12 10:20:50,372 [main] INFO  server.GrpcService (ConfUtils.java:logGet(43)) - raft.grpc.message.size.max = 33570816 (custom)
2019-09-12 10:20:50,372 [main] INFO  server.RaftServerConfigKeys (ConfUtils.java:logGet(43)) - raft.server.log.appender.buffer.byte-limit = 33554432 (custom)
2019-09-12 10:20:50,373 [main] INFO  server.GrpcService (ConfUtils.java:logGet(43)) - raft.grpc.flow.control.window = 1MB (=1048576) (default)
2019-09-12 10:20:50,373 [main] INFO  server.RaftServerConfigKeys (ConfUtils.java:logGet(43)) - raft.server.rpc.request.timeout = 3000ms (default)
2019-09-12 10:20:50,373 [main] INFO  server.RaftServerConfigKeys (ConfUtils.java:logGet(43)) - raft.server.storage.dir = [/workdir/hadoop-ozone/integration-test/target/test-dir/MiniOzoneClusterImpl-afc08962-9222-4e3d-8fb5-552b5e422aae/datanode-4/data/ratis] (custom)
2019-09-12 10:20:50,374 [main] INFO  replication.SimpleContainerDownloader (SimpleContainerDownloader.java:<init>(72)) - Starting container downloader service to copy containers to replicate.
2019-09-12 10:20:50,375 [main] INFO  hdfs.DFSUtil (DFSUtil.java:httpServerTemplateForNNAndJN(1641)) - Starting Web-server for hddsDatanode at: http://0.0.0.0:0
2019-09-12 10:20:50,376 [main] INFO  server.AuthenticationFilter (AuthenticationFilter.java:constructSecretProvider(240)) - Unable to initialize FileSignerSecretProvider, falling back to use random secrets.
2019-09-12 10:20:50,377 [main] WARN  http.HttpRequestLog (HttpRequestLog.java:getRequestLog(97)) - Jetty request log can only be enabled using Log4j
2019-09-12 10:20:50,378 [main] INFO  http.HttpServer2 (HttpServer2.java:addGlobalFilter(975)) - Added global filter 'safety' (class=org.apache.hadoop.http.HttpServer2$QuotingInputFilter)
2019-09-12 10:20:50,379 [main] INFO  http.HttpServer2 (HttpServer2.java:addFilter(948)) - Added filter static_user_filter (class=org.apache.hadoop.http.lib.StaticUserWebFilter$StaticUserFilter) to context hddsDatanode
2019-09-12 10:20:50,379 [main] INFO  http.HttpServer2 (HttpServer2.java:addFilter(958)) - Added filter static_user_filter (class=org.apache.hadoop.http.lib.StaticUserWebFilter$StaticUserFilter) to context static
2019-09-12 10:20:50,379 [main] INFO  http.HttpServer2 (HttpServer2.java:addFilter(958)) - Added filter static_user_filter (class=org.apache.hadoop.http.lib.StaticUserWebFilter$StaticUserFilter) to context logs
2019-09-12 10:20:50,380 [main] INFO  http.HttpServer2 (HttpServer2.java:bindListener(1191)) - Jetty bound to port 42063
2019-09-12 10:20:50,380 [main] INFO  server.Server (Server.java:doStart(351)) - jetty-9.3.24.v20180605, build timestamp: 2018-06-05T17:11:56Z, git hash: 84205aa28f11a4f31f2a3b86d1bba2cc8ab69827
2019-09-12 10:20:50,382 [main] INFO  handler.ContextHandler (ContextHandler.java:doStart(781)) - Started o.e.j.s.ServletContextHandler@7d50f2a8{/logs,file:///workdir/hadoop-ozone/integration-test/target/log,AVAILABLE}
2019-09-12 10:20:50,383 [main] INFO  handler.ContextHandler (ContextHandler.java:doStart(781)) - Started o.e.j.s.ServletContextHandler@37ca3ca8{/static,jar:file:/home/user/.m2/repository/org/apache/hadoop/hadoop-hdds-container-service/0.5.0-SNAPSHOT/hadoop-hdds-container-service-0.5.0-SNAPSHOT.jar!/webapps/static,AVAILABLE}
2019-09-12 10:20:50,410 [main] INFO  handler.ContextHandler (ContextHandler.java:doStart(781)) - Started o.e.j.w.WebAppContext@621f23ac{/,file:///tmp/jetty-0.0.0.0-42063-hddsDatanode-_-any-1796610270411066954.dir/webapp/,AVAILABLE}{/hddsDatanode}
2019-09-12 10:20:50,411 [main] INFO  server.AbstractConnector (AbstractConnector.java:doStart(278)) - Started ServerConnector@7761e342{HTTP/1.1,[http/1.1]}{0.0.0.0:42063}
2019-09-12 10:20:50,412 [main] INFO  server.Server (Server.java:doStart(419)) - Started @7569ms
2019-09-12 10:20:50,413 [main] INFO  server.BaseHttpServer (BaseHttpServer.java:updateConnectorAddress(213)) - HTTP server of HDDSDATANODE is listening at http://0.0.0.0:42063
2019-09-12 10:20:50,553 | INFO  | ObjectStoreRestHttpServer | Listening HDDS REST traffic on /0.0.0.0:44902 |  
2019-09-12 10:20:50,553 [main] INFO  ozone.HddsDatanodeService (HddsDatanodeService.java:startPlugins(395)) - Started plug-in org.apache.hadoop.ozone.web.OzoneHddsDatanodeService@6818fd48
2019-09-12 10:20:50,555 [main] INFO  ozone.MiniOzoneClusterImpl (MiniOzoneClusterImpl.java:lambda$waitForClusterToBeReady$0(142)) - Waiting for cluster to be ready. Got 0 of 5 DN Heartbeats.
2019-09-12 10:20:50,556 [org.apache.hadoop.util.JvmPauseMonitor$Monitor@4983dcaa] INFO  util.JvmPauseMonitor (JvmPauseMonitor.java:run(188)) - Starting JVM pause monitor
2019-09-12 10:20:50,559 [Datanode State Machine Thread - 0] INFO  datanode.InitDatanodeState (InitDatanodeState.java:persistContainerDatanodeDetails(140)) - DatanodeDetails is persisted to /workdir/hadoop-ozone/integration-test/target/test-dir/MiniOzoneClusterImpl-afc08962-9222-4e3d-8fb5-552b5e422aae/datanode-4/meta/datanode.id
2019-09-12 10:20:51,556 [main] INFO  ozone.MiniOzoneClusterImpl (MiniOzoneClusterImpl.java:lambda$waitForClusterToBeReady$0(142)) - Waiting for cluster to be ready. Got 0 of 5 DN Heartbeats.
2019-09-12 10:20:51,672 | INFO  | SCMAudit | user=jenkins1000 | ip=192.168.157.195 | op=GET_VERSION null | ret=SUCCESS |  
2019-09-12 10:20:51,695 [Datanode State Machine Thread - 0] INFO  ozoneimpl.OzoneContainer (OzoneContainer.java:start(186)) - Attempting to start container services.
2019-09-12 10:20:51,697 [Datanode State Machine Thread - 0] INFO  ozoneimpl.OzoneContainer (OzoneContainer.java:startContainerScrub(160)) - Background container scrubber has been disabled by hdds.containerscrub.enabled
2019-09-12 10:20:51,697 [Datanode State Machine Thread - 0] INFO  ratis.XceiverServerRatis (XceiverServerRatis.java:start(404)) - Starting XceiverServerRatis 807fe137-5703-4ca0-bc4b-d1bf019678ec at port 0
2019-09-12 10:20:51,826 [Datanode State Machine Thread - 0] INFO  impl.RaftServerProxy (RaftServerProxy.java:lambda$start$3(299)) - 807fe137-5703-4ca0-bc4b-d1bf019678ec: start RPC server
2019-09-12 10:20:51,908 | INFO  | SCMAudit | user=jenkins1000 | ip=192.168.157.195 | op=GET_VERSION null | ret=SUCCESS |  
2019-09-12 10:20:51,922 [Datanode State Machine Thread - 0] INFO  ozoneimpl.OzoneContainer (OzoneContainer.java:start(186)) - Attempting to start container services.
2019-09-12 10:20:51,925 [Datanode State Machine Thread - 0] INFO  ozoneimpl.OzoneContainer (OzoneContainer.java:startContainerScrub(160)) - Background container scrubber has been disabled by hdds.containerscrub.enabled
2019-09-12 10:20:51,926 [Datanode State Machine Thread - 0] INFO  ratis.XceiverServerRatis (XceiverServerRatis.java:start(404)) - Starting XceiverServerRatis 80f8a078-74d1-4787-8700-3441e69ebe61 at port 0
2019-09-12 10:20:51,936 [Datanode State Machine Thread - 0] INFO  impl.RaftServerProxy (RaftServerProxy.java:lambda$start$3(299)) - 80f8a078-74d1-4787-8700-3441e69ebe61: start RPC server
2019-09-12 10:20:52,022 [Datanode State Machine Thread - 0] INFO  server.GrpcService (GrpcService.java:startImpl(149)) - 807fe137-5703-4ca0-bc4b-d1bf019678ec: GrpcService started, listening on 0.0.0.0/0.0.0.0:37427
2019-09-12 10:20:52,022 [Datanode State Machine Thread - 0] INFO  server.GrpcService (GrpcService.java:startImpl(149)) - 80f8a078-74d1-4787-8700-3441e69ebe61: GrpcService started, listening on 0.0.0.0/0.0.0.0:39355
2019-09-12 10:20:52,023 [Datanode State Machine Thread - 0] INFO  ratis.XceiverServerRatis (XceiverServerRatis.java:start(414)) - XceiverServerRatis 807fe137-5703-4ca0-bc4b-d1bf019678ec is started using port 37427
2019-09-12 10:20:52,023 [Datanode State Machine Thread - 0] INFO  ratis.XceiverServerRatis (XceiverServerRatis.java:start(414)) - XceiverServerRatis 80f8a078-74d1-4787-8700-3441e69ebe61 is started using port 39355
2019-09-12 10:20:52,027 [Datanode State Machine Thread - 0] INFO  server.XceiverServerGrpc (XceiverServerGrpc.java:start(163)) - XceiverServerGrpc 807fe137-5703-4ca0-bc4b-d1bf019678ec is started using port 43424
2019-09-12 10:20:52,028 [Datanode State Machine Thread - 0] INFO  server.XceiverServerGrpc (XceiverServerGrpc.java:start(163)) - XceiverServerGrpc 80f8a078-74d1-4787-8700-3441e69ebe61 is started using port 39575
2019-09-12 10:20:52,133 | INFO  | SCMAudit | user=jenkins1000 | ip=192.168.157.195 | op=GET_VERSION null | ret=SUCCESS |  
2019-09-12 10:20:52,150 [Datanode State Machine Thread - 0] INFO  ozoneimpl.OzoneContainer (OzoneContainer.java:start(186)) - Attempting to start container services.
2019-09-12 10:20:52,152 [Datanode State Machine Thread - 0] INFO  ozoneimpl.OzoneContainer (OzoneContainer.java:startContainerScrub(160)) - Background container scrubber has been disabled by hdds.containerscrub.enabled
2019-09-12 10:20:52,153 [Datanode State Machine Thread - 0] INFO  ratis.XceiverServerRatis (XceiverServerRatis.java:start(404)) - Starting XceiverServerRatis 6ee6d104-7057-4fca-83c0-db864f4c6adb at port 0
2019-09-12 10:20:52,164 [Datanode State Machine Thread - 0] INFO  impl.RaftServerProxy (RaftServerProxy.java:lambda$start$3(299)) - 6ee6d104-7057-4fca-83c0-db864f4c6adb: start RPC server
2019-09-12 10:20:52,167 [Datanode State Machine Thread - 0] INFO  server.GrpcService (GrpcService.java:startImpl(149)) - 6ee6d104-7057-4fca-83c0-db864f4c6adb: GrpcService started, listening on 0.0.0.0/0.0.0.0:35734
2019-09-12 10:20:52,167 [Datanode State Machine Thread - 0] INFO  ratis.XceiverServerRatis (XceiverServerRatis.java:start(414)) - XceiverServerRatis 6ee6d104-7057-4fca-83c0-db864f4c6adb is started using port 35734
2019-09-12 10:20:52,169 [Datanode State Machine Thread - 0] INFO  server.XceiverServerGrpc (XceiverServerGrpc.java:start(163)) - XceiverServerGrpc 6ee6d104-7057-4fca-83c0-db864f4c6adb is started using port 35554
2019-09-12 10:20:52,350 | INFO  | SCMAudit | user=jenkins1000 | ip=192.168.157.195 | op=GET_VERSION null | ret=SUCCESS |  
2019-09-12 10:20:52,364 [Datanode State Machine Thread - 0] INFO  ozoneimpl.OzoneContainer (OzoneContainer.java:start(186)) - Attempting to start container services.
2019-09-12 10:20:52,366 [Datanode State Machine Thread - 0] INFO  ozoneimpl.OzoneContainer (OzoneContainer.java:startContainerScrub(160)) - Background container scrubber has been disabled by hdds.containerscrub.enabled
2019-09-12 10:20:52,367 [Datanode State Machine Thread - 0] INFO  ratis.XceiverServerRatis (XceiverServerRatis.java:start(404)) - Starting XceiverServerRatis 3352c2aa-4491-4fbb-82ad-24b3d7cf0c84 at port 0
2019-09-12 10:20:52,377 [Datanode State Machine Thread - 0] INFO  impl.RaftServerProxy (RaftServerProxy.java:lambda$start$3(299)) - 3352c2aa-4491-4fbb-82ad-24b3d7cf0c84: start RPC server
2019-09-12 10:20:52,381 [Datanode State Machine Thread - 0] INFO  server.GrpcService (GrpcService.java:startImpl(149)) - 3352c2aa-4491-4fbb-82ad-24b3d7cf0c84: GrpcService started, listening on 0.0.0.0/0.0.0.0:36967
2019-09-12 10:20:52,381 [Datanode State Machine Thread - 0] INFO  ratis.XceiverServerRatis (XceiverServerRatis.java:start(414)) - XceiverServerRatis 3352c2aa-4491-4fbb-82ad-24b3d7cf0c84 is started using port 36967
2019-09-12 10:20:52,384 [Datanode State Machine Thread - 0] INFO  server.XceiverServerGrpc (XceiverServerGrpc.java:start(163)) - XceiverServerGrpc 3352c2aa-4491-4fbb-82ad-24b3d7cf0c84 is started using port 34079
2019-09-12 10:20:52,556 [main] INFO  ozone.MiniOzoneClusterImpl (MiniOzoneClusterImpl.java:lambda$waitForClusterToBeReady$0(142)) - Waiting for cluster to be ready. Got 0 of 5 DN Heartbeats.
2019-09-12 10:20:52,559 | INFO  | SCMAudit | user=jenkins1000 | ip=192.168.157.195 | op=GET_VERSION null | ret=SUCCESS |  
2019-09-12 10:20:52,574 [Datanode State Machine Thread - 0] INFO  ozoneimpl.OzoneContainer (OzoneContainer.java:start(186)) - Attempting to start container services.
2019-09-12 10:20:52,581 [Datanode State Machine Thread - 0] INFO  ozoneimpl.OzoneContainer (OzoneContainer.java:startContainerScrub(160)) - Background container scrubber has been disabled by hdds.containerscrub.enabled
2019-09-12 10:20:52,582 [Datanode State Machine Thread - 0] INFO  ratis.XceiverServerRatis (XceiverServerRatis.java:start(404)) - Starting XceiverServerRatis 2d34cfa1-ae82-414b-bae6-717ee002fe05 at port 0
2019-09-12 10:20:52,595 [Datanode State Machine Thread - 0] INFO  impl.RaftServerProxy (RaftServerProxy.java:lambda$start$3(299)) - 2d34cfa1-ae82-414b-bae6-717ee002fe05: start RPC server
2019-09-12 10:20:52,600 [Datanode State Machine Thread - 0] INFO  server.GrpcService (GrpcService.java:startImpl(149)) - 2d34cfa1-ae82-414b-bae6-717ee002fe05: GrpcService started, listening on 0.0.0.0/0.0.0.0:46440
2019-09-12 10:20:52,601 [Datanode State Machine Thread - 0] INFO  ratis.XceiverServerRatis (XceiverServerRatis.java:start(414)) - XceiverServerRatis 2d34cfa1-ae82-414b-bae6-717ee002fe05 is started using port 46440
2019-09-12 10:20:52,605 [Datanode State Machine Thread - 0] INFO  server.XceiverServerGrpc (XceiverServerGrpc.java:start(163)) - XceiverServerGrpc 2d34cfa1-ae82-414b-bae6-717ee002fe05 is started using port 43313
2019-09-12 10:20:53,557 [main] INFO  ozone.MiniOzoneClusterImpl (MiniOzoneClusterImpl.java:lambda$waitForClusterToBeReady$0(142)) - Waiting for cluster to be ready. Got 0 of 5 DN Heartbeats.
2019-09-12 10:20:53,684 [IPC Server handler 6 on 45921] INFO  net.NetworkTopology (NetworkTopologyImpl.java:add(110)) - Added a new node: /default-rack/807fe137-5703-4ca0-bc4b-d1bf019678ec
2019-09-12 10:20:53,685 [IPC Server handler 6 on 45921] INFO  node.SCMNodeManager (SCMNodeManager.java:register(273)) - Registered Data node : 807fe137-5703-4ca0-bc4b-d1bf019678ec{ip: 192.168.157.195, host: pr-hdds-1569-xtfnx-3545843844, networkLocation: /default-rack, certSerialId: null}
2019-09-12 10:20:53,691 [EventQueue-NodeRegistrationContainerReportForDataNodeSafeModeRule] INFO  safemode.SCMSafeModeManager (DataNodeSafeModeRule.java:process(71)) - SCM in safe mode. 1 DataNodes registered, 1 required.
2019-09-12 10:20:53,692 [EventQueue-NodeRegistrationContainerReportForDataNodeSafeModeRule] INFO  safemode.SCMSafeModeManager (SCMSafeModeManager.java:validateSafeModeExitRules(177)) - ScmSafeModeManager, all rules are successfully validated
2019-09-12 10:20:53,692 [EventQueue-NodeRegistrationContainerReportForDataNodeSafeModeRule] INFO  safemode.SCMSafeModeManager (SCMSafeModeManager.java:exitSafeMode(193)) - SCM exiting safe mode.
2019-09-12 10:20:53,701 | INFO  | SCMAudit | user=jenkins1000 | ip=192.168.157.195 | op=REGISTER {datanodeDetails=807fe137-5703-4ca0-bc4b-d1bf019678ec{ip: 192.168.157.195, host: pr-hdds-1569-xtfnx-3545843844, networkLocation: /default-rack, certSerialId: null}} | ret=SUCCESS |  
2019-09-12 10:20:53,916 [IPC Server handler 2 on 45921] INFO  net.NetworkTopology (NetworkTopologyImpl.java:add(110)) - Added a new node: /default-rack/80f8a078-74d1-4787-8700-3441e69ebe61
2019-09-12 10:20:53,916 [IPC Server handler 2 on 45921] INFO  node.SCMNodeManager (SCMNodeManager.java:register(273)) - Registered Data node : 80f8a078-74d1-4787-8700-3441e69ebe61{ip: 192.168.157.195, host: pr-hdds-1569-xtfnx-3545843844, networkLocation: /default-rack, certSerialId: null}
2019-09-12 10:20:53,917 | INFO  | SCMAudit | user=jenkins1000 | ip=192.168.157.195 | op=REGISTER {datanodeDetails=80f8a078-74d1-4787-8700-3441e69ebe61{ip: 192.168.157.195, host: pr-hdds-1569-xtfnx-3545843844, networkLocation: /default-rack, certSerialId: null}} | ret=SUCCESS |  
2019-09-12 10:20:54,468 [IPC Server handler 3 on 45921] INFO  net.NetworkTopology (NetworkTopologyImpl.java:add(110)) - Added a new node: /default-rack/3352c2aa-4491-4fbb-82ad-24b3d7cf0c84
2019-09-12 10:20:54,468 [IPC Server handler 6 on 45921] INFO  net.NetworkTopology (NetworkTopologyImpl.java:add(110)) - Added a new node: /default-rack/6ee6d104-7057-4fca-83c0-db864f4c6adb
2019-09-12 10:20:54,469 [IPC Server handler 3 on 45921] INFO  node.SCMNodeManager (SCMNodeManager.java:register(273)) - Registered Data node : 3352c2aa-4491-4fbb-82ad-24b3d7cf0c84{ip: 192.168.157.195, host: pr-hdds-1569-xtfnx-3545843844, networkLocation: /default-rack, certSerialId: null}
2019-09-12 10:20:54,469 [IPC Server handler 6 on 45921] INFO  node.SCMNodeManager (SCMNodeManager.java:register(273)) - Registered Data node : 6ee6d104-7057-4fca-83c0-db864f4c6adb{ip: 192.168.157.195, host: pr-hdds-1569-xtfnx-3545843844, networkLocation: /default-rack, certSerialId: null}
2019-09-12 10:20:54,470 | INFO  | SCMAudit | user=jenkins1000 | ip=192.168.157.195 | op=REGISTER {datanodeDetails=3352c2aa-4491-4fbb-82ad-24b3d7cf0c84{ip: 192.168.157.195, host: pr-hdds-1569-xtfnx-3545843844, networkLocation: /default-rack, certSerialId: null}} | ret=SUCCESS |  
2019-09-12 10:20:54,470 | INFO  | SCMAudit | user=jenkins1000 | ip=192.168.157.195 | op=REGISTER {datanodeDetails=6ee6d104-7057-4fca-83c0-db864f4c6adb{ip: 192.168.157.195, host: pr-hdds-1569-xtfnx-3545843844, networkLocation: /default-rack, certSerialId: null}} | ret=SUCCESS |  
2019-09-12 10:20:54,557 [main] INFO  ozone.MiniOzoneClusterImpl (MiniOzoneClusterImpl.java:lambda$waitForClusterToBeReady$0(142)) - Waiting for cluster to be ready. Got 4 of 5 DN Heartbeats.
2019-09-12 10:20:54,561 [IPC Server handler 5 on 45921] INFO  net.NetworkTopology (NetworkTopologyImpl.java:add(110)) - Added a new node: /default-rack/2d34cfa1-ae82-414b-bae6-717ee002fe05
2019-09-12 10:20:54,562 [IPC Server handler 5 on 45921] INFO  node.SCMNodeManager (SCMNodeManager.java:register(273)) - Registered Data node : 2d34cfa1-ae82-414b-bae6-717ee002fe05{ip: 192.168.157.195, host: pr-hdds-1569-xtfnx-3545843844, networkLocation: /default-rack, certSerialId: null}
2019-09-12 10:20:54,562 | INFO  | SCMAudit | user=jenkins1000 | ip=192.168.157.195 | op=REGISTER {datanodeDetails=2d34cfa1-ae82-414b-bae6-717ee002fe05{ip: 192.168.157.195, host: pr-hdds-1569-xtfnx-3545843844, networkLocation: /default-rack, certSerialId: null}} | ret=SUCCESS |  
2019-09-12 10:20:54,639 [grpc-default-executor-0] INFO  impl.RaftServerProxy (RaftServerProxy.java:addNew(89)) - 807fe137-5703-4ca0-bc4b-d1bf019678ec: addNew group-E702AFB2FEDE:[807fe137-5703-4ca0-bc4b-d1bf019678ec:192.168.157.195:37427] returns group-E702AFB2FEDE:java.util.concurrent.CompletableFuture@745bb110[Not completed]
2019-09-12 10:20:54,663 [pool-27-thread-1] INFO  impl.RaftServerImpl (RaftServerImpl.java:<init>(93)) - 807fe137-5703-4ca0-bc4b-d1bf019678ec: new RaftServerImpl for group-E702AFB2FEDE:[807fe137-5703-4ca0-bc4b-d1bf019678ec:192.168.157.195:37427] with ContainerStateMachine:uninitialized
2019-09-12 10:20:54,665 [pool-27-thread-1] INFO  server.RaftServerConfigKeys (ConfUtils.java:logGet(43)) - raft.server.rpc.timeout.min = 5s (custom)
2019-09-12 10:20:54,667 [pool-27-thread-1] INFO  server.RaftServerConfigKeys (ConfUtils.java:logGet(43)) - raft.server.rpc.timeout.max = 5200ms (custom)
2019-09-12 10:20:54,667 [pool-27-thread-1] INFO  server.RaftServerConfigKeys (ConfUtils.java:logGet(43)) - raft.server.rpcslowness.timeout = 120s (custom)
2019-09-12 10:20:54,668 [pool-27-thread-1] INFO  server.RaftServerConfigKeys (ConfUtils.java:logGet(43)) - raft.server.sleep.deviation.threshold = 300 (default)
2019-09-12 10:20:54,669 [pool-27-thread-1] INFO  server.RaftServerConfigKeys (ConfUtils.java:logGet(43)) - raft.server.log.appender.install.snapshot.enabled = false (custom)
2019-09-12 10:20:54,678 [pool-27-thread-1] INFO  impl.RaftServerImpl (ServerState.java:<init>(105)) - 807fe137-5703-4ca0-bc4b-d1bf019678ec:group-E702AFB2FEDE ConfigurationManager, init=-1: [807fe137-5703-4ca0-bc4b-d1bf019678ec:192.168.157.195:37427], old=null, confs=<EMPTY_MAP>
2019-09-12 10:20:54,678 [pool-27-thread-1] INFO  server.RaftServerConfigKeys (ConfUtils.java:logGet(43)) - raft.server.storage.dir = [/workdir/hadoop-ozone/integration-test/target/test-dir/MiniOzoneClusterImpl-afc08962-9222-4e3d-8fb5-552b5e422aae/datanode-0/data/ratis] (custom)
2019-09-12 10:20:54,691 [pool-27-thread-1] INFO  storage.RaftStorageDirectory (RaftStorageDirectory.java:analyzeStorage(246)) - The storage directory /workdir/hadoop-ozone/integration-test/target/test-dir/MiniOzoneClusterImpl-afc08962-9222-4e3d-8fb5-552b5e422aae/datanode-0/data/ratis/c4f26dec-628a-41b6-99e7-e702afb2fede does not exist. Creating ...
2019-09-12 10:20:54,710 [pool-27-thread-1] INFO  storage.RaftStorageDirectory (RaftStorageDirectory.java:tryLock(328)) - Lock on /workdir/hadoop-ozone/integration-test/target/test-dir/MiniOzoneClusterImpl-afc08962-9222-4e3d-8fb5-552b5e422aae/datanode-0/data/ratis/c4f26dec-628a-41b6-99e7-e702afb2fede/in_use.lock acquired by nodename 12036@pr-hdds-1569-xtfnx-3545843844
2019-09-12 10:20:54,726 [pool-27-thread-1] INFO  storage.RaftStorage (RaftStorage.java:format(72)) - Storage directory /workdir/hadoop-ozone/integration-test/target/test-dir/MiniOzoneClusterImpl-afc08962-9222-4e3d-8fb5-552b5e422aae/datanode-0/data/ratis/c4f26dec-628a-41b6-99e7-e702afb2fede has been successfully formatted.
2019-09-12 10:20:54,728 [pool-27-thread-1] INFO  ratis.ContainerStateMachine (ContainerStateMachine.java:loadSnapshot(226)) - group-E702AFB2FEDE: The snapshot info is null. Setting the last applied indexto:(t:0, i:~)
2019-09-12 10:20:54,729 [pool-27-thread-1] INFO  server.RaftServerConfigKeys (ConfUtils.java:logGet(43)) - raft.server.leader.election.timeout = 120s (custom)
2019-09-12 10:20:54,731 [pool-27-thread-1] INFO  server.RaftServerConfigKeys (ConfUtils.java:logGet(43)) - raft.server.log.use.memory = false (default)
2019-09-12 10:20:54,738 [pool-27-thread-1] INFO  server.RaftServerConfigKeys (ConfUtils.java:logGet(43)) - raft.server.log.purge.gap = 1000000 (custom)
2019-09-12 10:20:54,738 [pool-27-thread-1] INFO  server.RaftServerConfigKeys (ConfUtils.java:logGet(43)) - raft.server.log.appender.buffer.byte-limit = 33554432 (custom)
2019-09-12 10:20:54,740 [pool-27-thread-1] INFO  server.RaftServerConfigKeys (ConfUtils.java:logGet(43)) - raft.server.log.segment.size.max = 1048576 (custom)
2019-09-12 10:20:54,746 [pool-27-thread-1] INFO  server.RaftServerConfigKeys (ConfUtils.java:logGet(43)) - raft.server.log.segment.cache.num.max = 2 (custom)
2019-09-12 10:20:54,752 [pool-27-thread-1] INFO  segmented.SegmentedRaftLogWorker (SegmentedRaftLogWorker.java:<init>(172)) - new 807fe137-5703-4ca0-bc4b-d1bf019678ec-SegmentedRaftLogWorker:Storage Directory /workdir/hadoop-ozone/integration-test/target/test-dir/MiniOzoneClusterImpl-afc08962-9222-4e3d-8fb5-552b5e422aae/datanode-0/data/ratis/c4f26dec-628a-41b6-99e7-e702afb2fede for RaftStorage:Storage Directory /workdir/hadoop-ozone/integration-test/target/test-dir/MiniOzoneClusterImpl-afc08962-9222-4e3d-8fb5-552b5e422aae/datanode-0/data/ratis/c4f26dec-628a-41b6-99e7-e702afb2fede
2019-09-12 10:20:54,766 [pool-27-thread-1] INFO  server.RaftServerConfigKeys (ConfUtils.java:logGet(43)) - raft.server.log.queue.byte-limit = 2147483647 (custom)
2019-09-12 10:20:54,766 [pool-27-thread-1] INFO  server.RaftServerConfigKeys (ConfUtils.java:logGet(43)) - raft.server.log.queue.element-limit = 1024 (custom)
2019-09-12 10:20:54,771 [pool-27-thread-1] INFO  server.RaftServerConfigKeys (ConfUtils.java:logGet(43)) - raft.server.log.segment.size.max = 1048576 (custom)
2019-09-12 10:20:54,772 [pool-27-thread-1] INFO  server.RaftServerConfigKeys (ConfUtils.java:logGet(43)) - raft.server.log.preallocated.size = 16384 (custom)
2019-09-12 10:20:54,772 [pool-27-thread-1] INFO  server.RaftServerConfigKeys (ConfUtils.java:logGet(43)) - raft.server.log.write.buffer.size = 33554432 (custom)
2019-09-12 10:20:54,773 [pool-27-thread-1] INFO  server.RaftServerConfigKeys (ConfUtils.java:logGet(43)) - raft.server.log.force.sync.num = 128 (default)
2019-09-12 10:20:54,778 [pool-27-thread-1] INFO  server.RaftServerConfigKeys (ConfUtils.java:logGet(43)) - raft.server.log.statemachine.data.sync = true (default)
2019-09-12 10:20:54,778 [pool-27-thread-1] INFO  server.RaftServerConfigKeys (ConfUtils.java:logGet(43)) - raft.server.log.statemachine.data.sync.timeout = 10s (default)
2019-09-12 10:20:54,779 [pool-27-thread-1] INFO  server.RaftServerConfigKeys (ConfUtils.java:logGet(43)) - raft.server.log.statemachine.data.sync.timeout.retry = -1 (default)
2019-09-12 10:20:54,790 [pool-27-thread-1] INFO  server.RaftServerConfigKeys (ConfUtils.java:logGet(43)) - raft.server.log.statemachine.data.caching.enabled = true (custom)
2019-09-12 10:20:54,796 [pool-27-thread-1] INFO  segmented.SegmentedRaftLogWorker (SegmentedRaftLogWorker.java:lambda$new$0(132)) - 807fe137-5703-4ca0-bc4b-d1bf019678ec-SegmentedRaftLogWorker:Storage Directory /workdir/hadoop-ozone/integration-test/target/test-dir/MiniOzoneClusterImpl-afc08962-9222-4e3d-8fb5-552b5e422aae/datanode-0/data/ratis/c4f26dec-628a-41b6-99e7-e702afb2fede: flushIndex: setUnconditionally 0 -> -1
2019-09-12 10:20:54,800 [pool-27-thread-1] INFO  server.RaftServerConfigKeys (ConfUtils.java:logGet(43)) - raft.server.snapshot.auto.trigger.enabled = true (custom)
2019-09-12 10:20:54,801 [pool-27-thread-1] INFO  server.RaftServerConfigKeys (ConfUtils.java:logGet(43)) - raft.server.snapshot.auto.trigger.threshold = 10000 (custom)
2019-09-12 10:20:54,802 [pool-27-thread-1] INFO  server.RaftServerConfigKeys (ConfUtils.java:logGet(43)) - raft.server.retrycache.expirytime = 600000ms (custom)
2019-09-12 10:20:54,822 [pool-27-thread-1] INFO  impl.RaftServerImpl (RaftServerImpl.java:start(180)) - 807fe137-5703-4ca0-bc4b-d1bf019678ec: start group-E702AFB2FEDE
2019-09-12 10:20:54,823 [pool-27-thread-1] INFO  impl.RaftServerImpl (RaftServerImpl.java:setRole(171)) - 807fe137-5703-4ca0-bc4b-d1bf019678ec:group-E702AFB2FEDE changes role from null to FOLLOWER at term 0 for startAsFollower
2019-09-12 10:20:54,824 [pool-27-thread-1] INFO  impl.RoleInfo (RoleInfo.java:updateAndGet(143)) - 807fe137-5703-4ca0-bc4b-d1bf019678ec: start FollowerState
2019-09-12 10:20:54,826 [pool-27-thread-1] INFO  util.JmxRegister (JmxRegister.java:tryRegister(44)) - Successfully registered JMX Bean with object name Ratis:service=RaftServer,group=group-E702AFB2FEDE,id=807fe137-5703-4ca0-bc4b-d1bf019678ec
2019-09-12 10:20:54,891 [RatisPipelineUtilsThread] INFO  pipeline.PipelineStateManager (PipelineStateManager.java:addPipeline(56)) - Created pipeline Pipeline[ Id: c4f26dec-628a-41b6-99e7-e702afb2fede, Nodes: 807fe137-5703-4ca0-bc4b-d1bf019678ec{ip: 192.168.157.195, host: pr-hdds-1569-xtfnx-3545843844, networkLocation: /default-rack, certSerialId: null}, Type:RATIS, Factor:ONE, State:OPEN]
2019-09-12 10:20:54,916 [grpc-default-executor-0] INFO  impl.RaftServerProxy (RaftServerProxy.java:addNew(89)) - 6ee6d104-7057-4fca-83c0-db864f4c6adb: addNew group-A9E0C1281ADF:[6ee6d104-7057-4fca-83c0-db864f4c6adb:192.168.157.195:35734] returns group-A9E0C1281ADF:java.util.concurrent.CompletableFuture@30d267a5[Not completed]
2019-09-12 10:20:54,968 [pool-49-thread-1] INFO  impl.RaftServerImpl (RaftServerImpl.java:<init>(93)) - 6ee6d104-7057-4fca-83c0-db864f4c6adb: new RaftServerImpl for group-A9E0C1281ADF:[6ee6d104-7057-4fca-83c0-db864f4c6adb:192.168.157.195:35734] with ContainerStateMachine:uninitialized
2019-09-12 10:20:54,969 [pool-49-thread-1] INFO  server.RaftServerConfigKeys (ConfUtils.java:logGet(43)) - raft.server.rpc.timeout.min = 5s (custom)
2019-09-12 10:20:54,969 [pool-49-thread-1] INFO  server.RaftServerConfigKeys (ConfUtils.java:logGet(43)) - raft.server.rpc.timeout.max = 5200ms (custom)
2019-09-12 10:20:54,969 [pool-49-thread-1] INFO  server.RaftServerConfigKeys (ConfUtils.java:logGet(43)) - raft.server.rpcslowness.timeout = 120s (custom)
2019-09-12 10:20:54,969 [pool-49-thread-1] INFO  server.RaftServerConfigKeys (ConfUtils.java:logGet(43)) - raft.server.sleep.deviation.threshold = 300 (default)
2019-09-12 10:20:54,970 [pool-49-thread-1] INFO  server.RaftServerConfigKeys (ConfUtils.java:logGet(43)) - raft.server.log.appender.install.snapshot.enabled = false (custom)
2019-09-12 10:20:54,970 [pool-49-thread-1] INFO  impl.RaftServerImpl (ServerState.java:<init>(105)) - 6ee6d104-7057-4fca-83c0-db864f4c6adb:group-A9E0C1281ADF ConfigurationManager, init=-1: [6ee6d104-7057-4fca-83c0-db864f4c6adb:192.168.157.195:35734], old=null, confs=<EMPTY_MAP>
2019-09-12 10:20:54,970 [pool-49-thread-1] INFO  server.RaftServerConfigKeys (ConfUtils.java:logGet(43)) - raft.server.storage.dir = [/workdir/hadoop-ozone/integration-test/target/test-dir/MiniOzoneClusterImpl-afc08962-9222-4e3d-8fb5-552b5e422aae/datanode-2/data/ratis] (custom)
2019-09-12 10:20:54,971 [pool-49-thread-1] INFO  storage.RaftStorageDirectory (RaftStorageDirectory.java:analyzeStorage(246)) - The storage directory /workdir/hadoop-ozone/integration-test/target/test-dir/MiniOzoneClusterImpl-afc08962-9222-4e3d-8fb5-552b5e422aae/datanode-2/data/ratis/deea72db-10c9-4fbe-90e0-a9e0c1281adf does not exist. Creating ...
2019-09-12 10:20:55,001 [pool-49-thread-1] INFO  storage.RaftStorageDirectory (RaftStorageDirectory.java:tryLock(328)) - Lock on /workdir/hadoop-ozone/integration-test/target/test-dir/MiniOzoneClusterImpl-afc08962-9222-4e3d-8fb5-552b5e422aae/datanode-2/data/ratis/deea72db-10c9-4fbe-90e0-a9e0c1281adf/in_use.lock acquired by nodename 12036@pr-hdds-1569-xtfnx-3545843844
2019-09-12 10:20:55,015 [pool-49-thread-1] INFO  storage.RaftStorage (RaftStorage.java:format(72)) - Storage directory /workdir/hadoop-ozone/integration-test/target/test-dir/MiniOzoneClusterImpl-afc08962-9222-4e3d-8fb5-552b5e422aae/datanode-2/data/ratis/deea72db-10c9-4fbe-90e0-a9e0c1281adf has been successfully formatted.
2019-09-12 10:20:55,016 [pool-49-thread-1] INFO  ratis.ContainerStateMachine (ContainerStateMachine.java:loadSnapshot(226)) - group-A9E0C1281ADF: The snapshot info is null. Setting the last applied indexto:(t:0, i:~)
2019-09-12 10:20:55,018 [pool-49-thread-1] INFO  server.RaftServerConfigKeys (ConfUtils.java:logGet(43)) - raft.server.leader.election.timeout = 120s (custom)
2019-09-12 10:20:55,018 [pool-49-thread-1] INFO  server.RaftServerConfigKeys (ConfUtils.java:logGet(43)) - raft.server.log.use.memory = false (default)
2019-09-12 10:20:55,019 [pool-49-thread-1] INFO  server.RaftServerConfigKeys (ConfUtils.java:logGet(43)) - raft.server.log.purge.gap = 1000000 (custom)
2019-09-12 10:20:55,019 [pool-49-thread-1] INFO  server.RaftServerConfigKeys (ConfUtils.java:logGet(43)) - raft.server.log.appender.buffer.byte-limit = 33554432 (custom)
2019-09-12 10:20:55,019 [pool-49-thread-1] INFO  server.RaftServerConfigKeys (ConfUtils.java:logGet(43)) - raft.server.log.segment.size.max = 1048576 (custom)
2019-09-12 10:20:55,019 [pool-49-thread-1] INFO  server.RaftServerConfigKeys (ConfUtils.java:logGet(43)) - raft.server.log.segment.cache.num.max = 2 (custom)
2019-09-12 10:20:55,019 [pool-49-thread-1] INFO  segmented.SegmentedRaftLogWorker (SegmentedRaftLogWorker.java:<init>(172)) - new 6ee6d104-7057-4fca-83c0-db864f4c6adb-SegmentedRaftLogWorker:Storage Directory /workdir/hadoop-ozone/integration-test/target/test-dir/MiniOzoneClusterImpl-afc08962-9222-4e3d-8fb5-552b5e422aae/datanode-2/data/ratis/deea72db-10c9-4fbe-90e0-a9e0c1281adf for RaftStorage:Storage Directory /workdir/hadoop-ozone/integration-test/target/test-dir/MiniOzoneClusterImpl-afc08962-9222-4e3d-8fb5-552b5e422aae/datanode-2/data/ratis/deea72db-10c9-4fbe-90e0-a9e0c1281adf
2019-09-12 10:20:55,021 [pool-49-thread-1] INFO  server.RaftServerConfigKeys (ConfUtils.java:logGet(43)) - raft.server.log.queue.byte-limit = 2147483647 (custom)
2019-09-12 10:20:55,021 [pool-49-thread-1] INFO  server.RaftServerConfigKeys (ConfUtils.java:logGet(43)) - raft.server.log.queue.element-limit = 1024 (custom)
2019-09-12 10:20:55,022 [pool-49-thread-1] INFO  server.RaftServerConfigKeys (ConfUtils.java:logGet(43)) - raft.server.log.segment.size.max = 1048576 (custom)
2019-09-12 10:20:55,022 [pool-49-thread-1] INFO  server.RaftServerConfigKeys (ConfUtils.java:logGet(43)) - raft.server.log.preallocated.size = 16384 (custom)
2019-09-12 10:20:55,022 [pool-49-thread-1] INFO  server.RaftServerConfigKeys (ConfUtils.java:logGet(43)) - raft.server.log.write.buffer.size = 33554432 (custom)
2019-09-12 10:20:55,022 [pool-49-thread-1] INFO  server.RaftServerConfigKeys (ConfUtils.java:logGet(43)) - raft.server.log.force.sync.num = 128 (default)
2019-09-12 10:20:55,022 [pool-49-thread-1] INFO  server.RaftServerConfigKeys (ConfUtils.java:logGet(43)) - raft.server.log.statemachine.data.sync = true (default)
2019-09-12 10:20:55,023 [pool-49-thread-1] INFO  server.RaftServerConfigKeys (ConfUtils.java:logGet(43)) - raft.server.log.statemachine.data.sync.timeout = 10s (default)
2019-09-12 10:20:55,023 [pool-49-thread-1] INFO  server.RaftServerConfigKeys (ConfUtils.java:logGet(43)) - raft.server.log.statemachine.data.sync.timeout.retry = -1 (default)
2019-09-12 10:20:55,023 [pool-49-thread-1] INFO  server.RaftServerConfigKeys (ConfUtils.java:logGet(43)) - raft.server.log.statemachine.data.caching.enabled = true (custom)
2019-09-12 10:20:55,024 [pool-49-thread-1] INFO  segmented.SegmentedRaftLogWorker (SegmentedRaftLogWorker.java:lambda$new$0(132)) - 6ee6d104-7057-4fca-83c0-db864f4c6adb-SegmentedRaftLogWorker:Storage Directory /workdir/hadoop-ozone/integration-test/target/test-dir/MiniOzoneClusterImpl-afc08962-9222-4e3d-8fb5-552b5e422aae/datanode-2/data/ratis/deea72db-10c9-4fbe-90e0-a9e0c1281adf: flushIndex: setUnconditionally 0 -> -1
2019-09-12 10:20:55,024 [pool-49-thread-1] INFO  server.RaftServerConfigKeys (ConfUtils.java:logGet(43)) - raft.server.snapshot.auto.trigger.enabled = true (custom)
2019-09-12 10:20:55,024 [pool-49-thread-1] INFO  server.RaftServerConfigKeys (ConfUtils.java:logGet(43)) - raft.server.snapshot.auto.trigger.threshold = 10000 (custom)
2019-09-12 10:20:55,025 [pool-49-thread-1] INFO  server.RaftServerConfigKeys (ConfUtils.java:logGet(43)) - raft.server.retrycache.expirytime = 600000ms (custom)
2019-09-12 10:20:55,025 [pool-49-thread-1] INFO  impl.RaftServerImpl (RaftServerImpl.java:start(180)) - 6ee6d104-7057-4fca-83c0-db864f4c6adb: start group-A9E0C1281ADF
2019-09-12 10:20:55,025 [pool-49-thread-1] INFO  impl.RaftServerImpl (RaftServerImpl.java:setRole(171)) - 6ee6d104-7057-4fca-83c0-db864f4c6adb:group-A9E0C1281ADF changes role from null to FOLLOWER at term 0 for startAsFollower
2019-09-12 10:20:55,025 [pool-49-thread-1] INFO  impl.RoleInfo (RoleInfo.java:updateAndGet(143)) - 6ee6d104-7057-4fca-83c0-db864f4c6adb: start FollowerState
2019-09-12 10:20:55,027 [pool-49-thread-1] INFO  util.JmxRegister (JmxRegister.java:tryRegister(44)) - Successfully registered JMX Bean with object name Ratis:service=RaftServer,group=group-A9E0C1281ADF,id=6ee6d104-7057-4fca-83c0-db864f4c6adb
2019-09-12 10:20:55,047 [RatisPipelineUtilsThread] INFO  pipeline.PipelineStateManager (PipelineStateManager.java:addPipeline(56)) - Created pipeline Pipeline[ Id: deea72db-10c9-4fbe-90e0-a9e0c1281adf, Nodes: 6ee6d104-7057-4fca-83c0-db864f4c6adb{ip: 192.168.157.195, host: pr-hdds-1569-xtfnx-3545843844, networkLocation: /default-rack, certSerialId: null}, Type:RATIS, Factor:ONE, State:OPEN]
2019-09-12 10:20:55,073 [grpc-default-executor-0] INFO  impl.RaftServerProxy (RaftServerProxy.java:addNew(89)) - 6ee6d104-7057-4fca-83c0-db864f4c6adb: addNew group-5C28E42F2CED:[6ee6d104-7057-4fca-83c0-db864f4c6adb:192.168.157.195:35734] returns group-5C28E42F2CED:java.util.concurrent.CompletableFuture@16e1b2d[Not completed]
2019-09-12 10:20:55,074 [pool-49-thread-1] INFO  impl.RaftServerImpl (RaftServerImpl.java:<init>(93)) - 6ee6d104-7057-4fca-83c0-db864f4c6adb: new RaftServerImpl for group-5C28E42F2CED:[6ee6d104-7057-4fca-83c0-db864f4c6adb:192.168.157.195:35734] with ContainerStateMachine:uninitialized
2019-09-12 10:20:55,075 [pool-49-thread-1] INFO  server.RaftServerConfigKeys (ConfUtils.java:logGet(43)) - raft.server.rpc.timeout.min = 5s (custom)
2019-09-12 10:20:55,075 [pool-49-thread-1] INFO  server.RaftServerConfigKeys (ConfUtils.java:logGet(43)) - raft.server.rpc.timeout.max = 5200ms (custom)
2019-09-12 10:20:55,075 [pool-49-thread-1] INFO  server.RaftServerConfigKeys (ConfUtils.java:logGet(43)) - raft.server.rpcslowness.timeout = 120s (custom)
2019-09-12 10:20:55,075 [pool-49-thread-1] INFO  server.RaftServerConfigKeys (ConfUtils.java:logGet(43)) - raft.server.sleep.deviation.threshold = 300 (default)
2019-09-12 10:20:55,076 [pool-49-thread-1] INFO  server.RaftServerConfigKeys (ConfUtils.java:logGet(43)) - raft.server.log.appender.install.snapshot.enabled = false (custom)
2019-09-12 10:20:55,076 [pool-49-thread-1] INFO  impl.RaftServerImpl (ServerState.java:<init>(105)) - 6ee6d104-7057-4fca-83c0-db864f4c6adb:group-5C28E42F2CED ConfigurationManager, init=-1: [6ee6d104-7057-4fca-83c0-db864f4c6adb:192.168.157.195:35734], old=null, confs=<EMPTY_MAP>
2019-09-12 10:20:55,076 [pool-49-thread-1] INFO  server.RaftServerConfigKeys (ConfUtils.java:logGet(43)) - raft.server.storage.dir = [/workdir/hadoop-ozone/integration-test/target/test-dir/MiniOzoneClusterImpl-afc08962-9222-4e3d-8fb5-552b5e422aae/datanode-2/data/ratis] (custom)
2019-09-12 10:20:55,077 [pool-49-thread-1] INFO  storage.RaftStorageDirectory (RaftStorageDirectory.java:analyzeStorage(246)) - The storage directory /workdir/hadoop-ozone/integration-test/target/test-dir/MiniOzoneClusterImpl-afc08962-9222-4e3d-8fb5-552b5e422aae/datanode-2/data/ratis/d175b42d-8d0e-41e9-9215-5c28e42f2ced does not exist. Creating ...
2019-09-12 10:20:55,090 [pool-49-thread-1] INFO  storage.RaftStorageDirectory (RaftStorageDirectory.java:tryLock(328)) - Lock on /workdir/hadoop-ozone/integration-test/target/test-dir/MiniOzoneClusterImpl-afc08962-9222-4e3d-8fb5-552b5e422aae/datanode-2/data/ratis/d175b42d-8d0e-41e9-9215-5c28e42f2ced/in_use.lock acquired by nodename 12036@pr-hdds-1569-xtfnx-3545843844
2019-09-12 10:20:55,103 [pool-49-thread-1] INFO  storage.RaftStorage (RaftStorage.java:format(72)) - Storage directory /workdir/hadoop-ozone/integration-test/target/test-dir/MiniOzoneClusterImpl-afc08962-9222-4e3d-8fb5-552b5e422aae/datanode-2/data/ratis/d175b42d-8d0e-41e9-9215-5c28e42f2ced has been successfully formatted.
2019-09-12 10:20:55,104 [pool-49-thread-1] INFO  ratis.ContainerStateMachine (ContainerStateMachine.java:loadSnapshot(226)) - group-5C28E42F2CED: The snapshot info is null. Setting the last applied indexto:(t:0, i:~)
2019-09-12 10:20:55,104 [pool-49-thread-1] INFO  server.RaftServerConfigKeys (ConfUtils.java:logGet(43)) - raft.server.leader.election.timeout = 120s (custom)
2019-09-12 10:20:55,104 [pool-49-thread-1] INFO  server.RaftServerConfigKeys (ConfUtils.java:logGet(43)) - raft.server.log.use.memory = false (default)
2019-09-12 10:20:55,104 [pool-49-thread-1] INFO  server.RaftServerConfigKeys (ConfUtils.java:logGet(43)) - raft.server.log.purge.gap = 1000000 (custom)
2019-09-12 10:20:55,105 [pool-49-thread-1] INFO  server.RaftServerConfigKeys (ConfUtils.java:logGet(43)) - raft.server.log.appender.buffer.byte-limit = 33554432 (custom)
2019-09-12 10:20:55,105 [pool-49-thread-1] INFO  server.RaftServerConfigKeys (ConfUtils.java:logGet(43)) - raft.server.log.segment.size.max = 1048576 (custom)
2019-09-12 10:20:55,105 [pool-49-thread-1] INFO  server.RaftServerConfigKeys (ConfUtils.java:logGet(43)) - raft.server.log.segment.cache.num.max = 2 (custom)
2019-09-12 10:20:55,105 [pool-49-thread-1] INFO  segmented.SegmentedRaftLogWorker (SegmentedRaftLogWorker.java:<init>(172)) - new 6ee6d104-7057-4fca-83c0-db864f4c6adb-SegmentedRaftLogWorker:Storage Directory /workdir/hadoop-ozone/integration-test/target/test-dir/MiniOzoneClusterImpl-afc08962-9222-4e3d-8fb5-552b5e422aae/datanode-2/data/ratis/d175b42d-8d0e-41e9-9215-5c28e42f2ced for RaftStorage:Storage Directory /workdir/hadoop-ozone/integration-test/target/test-dir/MiniOzoneClusterImpl-afc08962-9222-4e3d-8fb5-552b5e422aae/datanode-2/data/ratis/d175b42d-8d0e-41e9-9215-5c28e42f2ced
2019-09-12 10:20:55,106 [pool-49-thread-1] INFO  server.RaftServerConfigKeys (ConfUtils.java:logGet(43)) - raft.server.log.queue.byte-limit = 2147483647 (custom)
2019-09-12 10:20:55,106 [pool-49-thread-1] INFO  server.RaftServerConfigKeys (ConfUtils.java:logGet(43)) - raft.server.log.queue.element-limit = 1024 (custom)
2019-09-12 10:20:55,106 [pool-49-thread-1] INFO  server.RaftServerConfigKeys (ConfUtils.java:logGet(43)) - raft.server.log.segment.size.max = 1048576 (custom)
2019-09-12 10:20:55,106 [pool-49-thread-1] INFO  server.RaftServerConfigKeys (ConfUtils.java:logGet(43)) - raft.server.log.preallocated.size = 16384 (custom)
2019-09-12 10:20:55,107 [pool-49-thread-1] INFO  server.RaftServerConfigKeys (ConfUtils.java:logGet(43)) - raft.server.log.write.buffer.size = 33554432 (custom)
2019-09-12 10:20:55,107 [pool-49-thread-1] INFO  server.RaftServerConfigKeys (ConfUtils.java:logGet(43)) - raft.server.log.force.sync.num = 128 (default)
2019-09-12 10:20:55,107 [pool-49-thread-1] INFO  server.RaftServerConfigKeys (ConfUtils.java:logGet(43)) - raft.server.log.statemachine.data.sync = true (default)
2019-09-12 10:20:55,107 [pool-49-thread-1] INFO  server.RaftServerConfigKeys (ConfUtils.java:logGet(43)) - raft.server.log.statemachine.data.sync.timeout = 10s (default)
2019-09-12 10:20:55,108 [pool-49-thread-1] INFO  server.RaftServerConfigKeys (ConfUtils.java:logGet(43)) - raft.server.log.statemachine.data.sync.timeout.retry = -1 (default)
2019-09-12 10:20:55,108 [pool-49-thread-1] INFO  server.RaftServerConfigKeys (ConfUtils.java:logGet(43)) - raft.server.log.statemachine.data.caching.enabled = true (custom)
2019-09-12 10:20:55,108 [pool-49-thread-1] INFO  segmented.SegmentedRaftLogWorker (SegmentedRaftLogWorker.java:lambda$new$0(132)) - 6ee6d104-7057-4fca-83c0-db864f4c6adb-SegmentedRaftLogWorker:Storage Directory /workdir/hadoop-ozone/integration-test/target/test-dir/MiniOzoneClusterImpl-afc08962-9222-4e3d-8fb5-552b5e422aae/datanode-2/data/ratis/d175b42d-8d0e-41e9-9215-5c28e42f2ced: flushIndex: setUnconditionally 0 -> -1
2019-09-12 10:20:55,109 [pool-49-thread-1] INFO  server.RaftServerConfigKeys (ConfUtils.java:logGet(43)) - raft.server.snapshot.auto.trigger.enabled = true (custom)
2019-09-12 10:20:55,109 [pool-49-thread-1] INFO  server.RaftServerConfigKeys (ConfUtils.java:logGet(43)) - raft.server.snapshot.auto.trigger.threshold = 10000 (custom)
2019-09-12 10:20:55,109 [pool-49-thread-1] INFO  server.RaftServerConfigKeys (ConfUtils.java:logGet(43)) - raft.server.retrycache.expirytime = 600000ms (custom)
2019-09-12 10:20:55,110 [pool-49-thread-1] INFO  impl.RaftServerImpl (RaftServerImpl.java:start(180)) - 6ee6d104-7057-4fca-83c0-db864f4c6adb: start group-5C28E42F2CED
2019-09-12 10:20:55,110 [pool-49-thread-1] INFO  impl.RaftServerImpl (RaftServerImpl.java:setRole(171)) - 6ee6d104-7057-4fca-83c0-db864f4c6adb:group-5C28E42F2CED changes role from null to FOLLOWER at term 0 for startAsFollower
2019-09-12 10:20:55,110 [pool-49-thread-1] INFO  impl.RoleInfo (RoleInfo.java:updateAndGet(143)) - 6ee6d104-7057-4fca-83c0-db864f4c6adb: start FollowerState
2019-09-12 10:20:55,111 [pool-49-thread-1] INFO  util.JmxRegister (JmxRegister.java:tryRegister(44)) - Successfully registered JMX Bean with object name Ratis:service=RaftServer,group=group-5C28E42F2CED,id=6ee6d104-7057-4fca-83c0-db864f4c6adb
2019-09-12 10:20:55,127 [RatisPipelineUtilsThread] INFO  pipeline.PipelineStateManager (PipelineStateManager.java:addPipeline(56)) - Created pipeline Pipeline[ Id: d175b42d-8d0e-41e9-9215-5c28e42f2ced, Nodes: 6ee6d104-7057-4fca-83c0-db864f4c6adb{ip: 192.168.157.195, host: pr-hdds-1569-xtfnx-3545843844, networkLocation: /default-rack, certSerialId: null}, Type:RATIS, Factor:ONE, State:OPEN]
2019-09-12 10:20:55,151 [grpc-default-executor-0] INFO  impl.RaftServerProxy (RaftServerProxy.java:addNew(89)) - 807fe137-5703-4ca0-bc4b-d1bf019678ec: addNew group-856223D21564:[807fe137-5703-4ca0-bc4b-d1bf019678ec:192.168.157.195:37427] returns group-856223D21564:java.util.concurrent.CompletableFuture@3cc7a5cf[Not completed]
2019-09-12 10:20:55,164 [pool-27-thread-1] INFO  impl.RaftServerImpl (RaftServerImpl.java:<init>(93)) - 807fe137-5703-4ca0-bc4b-d1bf019678ec: new RaftServerImpl for group-856223D21564:[807fe137-5703-4ca0-bc4b-d1bf019678ec:192.168.157.195:37427] with ContainerStateMachine:uninitialized
2019-09-12 10:20:55,164 [pool-27-thread-1] INFO  server.RaftServerConfigKeys (ConfUtils.java:logGet(43)) - raft.server.rpc.timeout.min = 5s (custom)
2019-09-12 10:20:55,164 [pool-27-thread-1] INFO  server.RaftServerConfigKeys (ConfUtils.java:logGet(43)) - raft.server.rpc.timeout.max = 5200ms (custom)
2019-09-12 10:20:55,164 [pool-27-thread-1] INFO  server.RaftServerConfigKeys (ConfUtils.java:logGet(43)) - raft.server.rpcslowness.timeout = 120s (custom)
2019-09-12 10:20:55,164 [pool-27-thread-1] INFO  server.RaftServerConfigKeys (ConfUtils.java:logGet(43)) - raft.server.sleep.deviation.threshold = 300 (default)
2019-09-12 10:20:55,165 [pool-27-thread-1] INFO  server.RaftServerConfigKeys (ConfUtils.java:logGet(43)) - raft.server.log.appender.install.snapshot.enabled = false (custom)
2019-09-12 10:20:55,165 [pool-27-thread-1] INFO  impl.RaftServerImpl (ServerState.java:<init>(105)) - 807fe137-5703-4ca0-bc4b-d1bf019678ec:group-856223D21564 ConfigurationManager, init=-1: [807fe137-5703-4ca0-bc4b-d1bf019678ec:192.168.157.195:37427], old=null, confs=<EMPTY_MAP>
2019-09-12 10:20:55,165 [pool-27-thread-1] INFO  server.RaftServerConfigKeys (ConfUtils.java:logGet(43)) - raft.server.storage.dir = [/workdir/hadoop-ozone/integration-test/target/test-dir/MiniOzoneClusterImpl-afc08962-9222-4e3d-8fb5-552b5e422aae/datanode-0/data/ratis] (custom)
2019-09-12 10:20:55,165 [pool-27-thread-1] INFO  storage.RaftStorageDirectory (RaftStorageDirectory.java:analyzeStorage(246)) - The storage directory /workdir/hadoop-ozone/integration-test/target/test-dir/MiniOzoneClusterImpl-afc08962-9222-4e3d-8fb5-552b5e422aae/datanode-0/data/ratis/93a07bd8-27b9-4892-8ebe-856223d21564 does not exist. Creating ...
2019-09-12 10:20:55,179 [pool-27-thread-1] INFO  storage.RaftStorageDirectory (RaftStorageDirectory.java:tryLock(328)) - Lock on /workdir/hadoop-ozone/integration-test/target/test-dir/MiniOzoneClusterImpl-afc08962-9222-4e3d-8fb5-552b5e422aae/datanode-0/data/ratis/93a07bd8-27b9-4892-8ebe-856223d21564/in_use.lock acquired by nodename 12036@pr-hdds-1569-xtfnx-3545843844
2019-09-12 10:20:55,191 [pool-27-thread-1] INFO  storage.RaftStorage (RaftStorage.java:format(72)) - Storage directory /workdir/hadoop-ozone/integration-test/target/test-dir/MiniOzoneClusterImpl-afc08962-9222-4e3d-8fb5-552b5e422aae/datanode-0/data/ratis/93a07bd8-27b9-4892-8ebe-856223d21564 has been successfully formatted.
2019-09-12 10:20:55,192 [pool-27-thread-1] INFO  ratis.ContainerStateMachine (ContainerStateMachine.java:loadSnapshot(226)) - group-856223D21564: The snapshot info is null. Setting the last applied indexto:(t:0, i:~)
2019-09-12 10:20:55,192 [pool-27-thread-1] INFO  server.RaftServerConfigKeys (ConfUtils.java:logGet(43)) - raft.server.leader.election.timeout = 120s (custom)
2019-09-12 10:20:55,192 [pool-27-thread-1] INFO  server.RaftServerConfigKeys (ConfUtils.java:logGet(43)) - raft.server.log.use.memory = false (default)
2019-09-12 10:20:55,192 [pool-27-thread-1] INFO  server.RaftServerConfigKeys (ConfUtils.java:logGet(43)) - raft.server.log.purge.gap = 1000000 (custom)
2019-09-12 10:20:55,192 [pool-27-thread-1] INFO  server.RaftServerConfigKeys (ConfUtils.java:logGet(43)) - raft.server.log.appender.buffer.byte-limit = 33554432 (custom)
2019-09-12 10:20:55,193 [pool-27-thread-1] INFO  server.RaftServerConfigKeys (ConfUtils.java:logGet(43)) - raft.server.log.segment.size.max = 1048576 (custom)
2019-09-12 10:20:55,193 [pool-27-thread-1] INFO  server.RaftServerConfigKeys (ConfUtils.java:logGet(43)) - raft.server.log.segment.cache.num.max = 2 (custom)
2019-09-12 10:20:55,193 [pool-27-thread-1] INFO  segmented.SegmentedRaftLogWorker (SegmentedRaftLogWorker.java:<init>(172)) - new 807fe137-5703-4ca0-bc4b-d1bf019678ec-SegmentedRaftLogWorker:Storage Directory /workdir/hadoop-ozone/integration-test/target/test-dir/MiniOzoneClusterImpl-afc08962-9222-4e3d-8fb5-552b5e422aae/datanode-0/data/ratis/93a07bd8-27b9-4892-8ebe-856223d21564 for RaftStorage:Storage Directory /workdir/hadoop-ozone/integration-test/target/test-dir/MiniOzoneClusterImpl-afc08962-9222-4e3d-8fb5-552b5e422aae/datanode-0/data/ratis/93a07bd8-27b9-4892-8ebe-856223d21564
2019-09-12 10:20:55,193 [pool-27-thread-1] INFO  server.RaftServerConfigKeys (ConfUtils.java:logGet(43)) - raft.server.log.queue.byte-limit = 2147483647 (custom)
2019-09-12 10:20:55,193 [pool-27-thread-1] INFO  server.RaftServerConfigKeys (ConfUtils.java:logGet(43)) - raft.server.log.queue.element-limit = 1024 (custom)
2019-09-12 10:20:55,193 [pool-27-thread-1] INFO  server.RaftServerConfigKeys (ConfUtils.java:logGet(43)) - raft.server.log.segment.size.max = 1048576 (custom)
2019-09-12 10:20:55,194 [pool-27-thread-1] INFO  server.RaftServerConfigKeys (ConfUtils.java:logGet(43)) - raft.server.log.preallocated.size = 16384 (custom)
2019-09-12 10:20:55,194 [pool-27-thread-1] INFO  server.RaftServerConfigKeys (ConfUtils.java:logGet(43)) - raft.server.log.write.buffer.size = 33554432 (custom)
2019-09-12 10:20:55,194 [pool-27-thread-1] INFO  server.RaftServerConfigKeys (ConfUtils.java:logGet(43)) - raft.server.log.force.sync.num = 128 (default)
2019-09-12 10:20:55,194 [pool-27-thread-1] INFO  server.RaftServerConfigKeys (ConfUtils.java:logGet(43)) - raft.server.log.statemachine.data.sync = true (default)
2019-09-12 10:20:55,194 [pool-27-thread-1] INFO  server.RaftServerConfigKeys (ConfUtils.java:logGet(43)) - raft.server.log.statemachine.data.sync.timeout = 10s (default)
2019-09-12 10:20:55,194 [pool-27-thread-1] INFO  server.RaftServerConfigKeys (ConfUtils.java:logGet(43)) - raft.server.log.statemachine.data.sync.timeout.retry = -1 (default)
2019-09-12 10:20:55,195 [pool-27-thread-1] INFO  server.RaftServerConfigKeys (ConfUtils.java:logGet(43)) - raft.server.log.statemachine.data.caching.enabled = true (custom)
2019-09-12 10:20:55,195 [pool-27-thread-1] INFO  segmented.SegmentedRaftLogWorker (SegmentedRaftLogWorker.java:lambda$new$0(132)) - 807fe137-5703-4ca0-bc4b-d1bf019678ec-SegmentedRaftLogWorker:Storage Directory /workdir/hadoop-ozone/integration-test/target/test-dir/MiniOzoneClusterImpl-afc08962-9222-4e3d-8fb5-552b5e422aae/datanode-0/data/ratis/93a07bd8-27b9-4892-8ebe-856223d21564: flushIndex: setUnconditionally 0 -> -1
2019-09-12 10:20:55,195 [pool-27-thread-1] INFO  server.RaftServerConfigKeys (ConfUtils.java:logGet(43)) - raft.server.snapshot.auto.trigger.enabled = true (custom)
2019-09-12 10:20:55,196 [pool-27-thread-1] INFO  server.RaftServerConfigKeys (ConfUtils.java:logGet(43)) - raft.server.snapshot.auto.trigger.threshold = 10000 (custom)
2019-09-12 10:20:55,196 [pool-27-thread-1] INFO  server.RaftServerConfigKeys (ConfUtils.java:logGet(43)) - raft.server.retrycache.expirytime = 600000ms (custom)
2019-09-12 10:20:55,196 [pool-27-thread-1] INFO  impl.RaftServerImpl (RaftServerImpl.java:start(180)) - 807fe137-5703-4ca0-bc4b-d1bf019678ec: start group-856223D21564
2019-09-12 10:20:55,196 [pool-27-thread-1] INFO  impl.RaftServerImpl (RaftServerImpl.java:setRole(171)) - 807fe137-5703-4ca0-bc4b-d1bf019678ec:group-856223D21564 changes role from null to FOLLOWER at term 0 for startAsFollower
2019-09-12 10:20:55,197 [pool-27-thread-1] INFO  impl.RoleInfo (RoleInfo.java:updateAndGet(143)) - 807fe137-5703-4ca0-bc4b-d1bf019678ec: start FollowerState
2019-09-12 10:20:55,197 [pool-27-thread-1] INFO  util.JmxRegister (JmxRegister.java:tryRegister(44)) - Successfully registered JMX Bean with object name Ratis:service=RaftServer,group=group-856223D21564,id=807fe137-5703-4ca0-bc4b-d1bf019678ec
2019-09-12 10:20:55,213 [RatisPipelineUtilsThread] INFO  pipeline.PipelineStateManager (PipelineStateManager.java:addPipeline(56)) - Created pipeline Pipeline[ Id: 93a07bd8-27b9-4892-8ebe-856223d21564, Nodes: 807fe137-5703-4ca0-bc4b-d1bf019678ec{ip: 192.168.157.195, host: pr-hdds-1569-xtfnx-3545843844, networkLocation: /default-rack, certSerialId: null}, Type:RATIS, Factor:ONE, State:OPEN]
2019-09-12 10:20:55,243 [grpc-default-executor-0] INFO  impl.RaftServerProxy (RaftServerProxy.java:addNew(89)) - 80f8a078-74d1-4787-8700-3441e69ebe61: addNew group-0E650E7F5548:[80f8a078-74d1-4787-8700-3441e69ebe61:192.168.157.195:39355] returns group-0E650E7F5548:java.util.concurrent.CompletableFuture@40d080be[Not completed]
2019-09-12 10:20:55,247 [pool-38-thread-1] INFO  impl.RaftServerImpl (RaftServerImpl.java:<init>(93)) - 80f8a078-74d1-4787-8700-3441e69ebe61: new RaftServerImpl for group-0E650E7F5548:[80f8a078-74d1-4787-8700-3441e69ebe61:192.168.157.195:39355] with ContainerStateMachine:uninitialized
2019-09-12 10:20:55,247 [pool-38-thread-1] INFO  server.RaftServerConfigKeys (ConfUtils.java:logGet(43)) - raft.server.rpc.timeout.min = 5s (custom)
2019-09-12 10:20:55,247 [pool-38-thread-1] INFO  server.RaftServerConfigKeys (ConfUtils.java:logGet(43)) - raft.server.rpc.timeout.max = 5200ms (custom)
2019-09-12 10:20:55,247 [pool-38-thread-1] INFO  server.RaftServerConfigKeys (ConfUtils.java:logGet(43)) - raft.server.rpcslowness.timeout = 120s (custom)
2019-09-12 10:20:55,248 [pool-38-thread-1] INFO  server.RaftServerConfigKeys (ConfUtils.java:logGet(43)) - raft.server.sleep.deviation.threshold = 300 (default)
2019-09-12 10:20:55,248 [pool-38-thread-1] INFO  server.RaftServerConfigKeys (ConfUtils.java:logGet(43)) - raft.server.log.appender.install.snapshot.enabled = false (custom)
2019-09-12 10:20:55,248 [pool-38-thread-1] INFO  impl.RaftServerImpl (ServerState.java:<init>(105)) - 80f8a078-74d1-4787-8700-3441e69ebe61:group-0E650E7F5548 ConfigurationManager, init=-1: [80f8a078-74d1-4787-8700-3441e69ebe61:192.168.157.195:39355], old=null, confs=<EMPTY_MAP>
2019-09-12 10:20:55,248 [pool-38-thread-1] INFO  server.RaftServerConfigKeys (ConfUtils.java:logGet(43)) - raft.server.storage.dir = [/workdir/hadoop-ozone/integration-test/target/test-dir/MiniOzoneClusterImpl-afc08962-9222-4e3d-8fb5-552b5e422aae/datanode-1/data/ratis] (custom)
2019-09-12 10:20:55,249 [pool-38-thread-1] INFO  storage.RaftStorageDirectory (RaftStorageDirectory.java:analyzeStorage(246)) - The storage directory /workdir/hadoop-ozone/integration-test/target/test-dir/MiniOzoneClusterImpl-afc08962-9222-4e3d-8fb5-552b5e422aae/datanode-1/data/ratis/4a3af47f-86a2-437b-b35d-0e650e7f5548 does not exist. Creating ...
2019-09-12 10:20:55,262 [pool-38-thread-1] INFO  storage.RaftStorageDirectory (RaftStorageDirectory.java:tryLock(328)) - Lock on /workdir/hadoop-ozone/integration-test/target/test-dir/MiniOzoneClusterImpl-afc08962-9222-4e3d-8fb5-552b5e422aae/datanode-1/data/ratis/4a3af47f-86a2-437b-b35d-0e650e7f5548/in_use.lock acquired by nodename 12036@pr-hdds-1569-xtfnx-3545843844
2019-09-12 10:20:55,286 [pool-38-thread-1] INFO  storage.RaftStorage (RaftStorage.java:format(72)) - Storage directory /workdir/hadoop-ozone/integration-test/target/test-dir/MiniOzoneClusterImpl-afc08962-9222-4e3d-8fb5-552b5e422aae/datanode-1/data/ratis/4a3af47f-86a2-437b-b35d-0e650e7f5548 has been successfully formatted.
2019-09-12 10:20:55,286 [pool-38-thread-1] INFO  ratis.ContainerStateMachine (ContainerStateMachine.java:loadSnapshot(226)) - group-0E650E7F5548: The snapshot info is null. Setting the last applied indexto:(t:0, i:~)
2019-09-12 10:20:55,286 [pool-38-thread-1] INFO  server.RaftServerConfigKeys (ConfUtils.java:logGet(43)) - raft.server.leader.election.timeout = 120s (custom)
2019-09-12 10:20:55,287 [pool-38-thread-1] INFO  server.RaftServerConfigKeys (ConfUtils.java:logGet(43)) - raft.server.log.use.memory = false (default)
2019-09-12 10:20:55,287 [pool-38-thread-1] INFO  server.RaftServerConfigKeys (ConfUtils.java:logGet(43)) - raft.server.log.purge.gap = 1000000 (custom)
2019-09-12 10:20:55,287 [pool-38-thread-1] INFO  server.RaftServerConfigKeys (ConfUtils.java:logGet(43)) - raft.server.log.appender.buffer.byte-limit = 33554432 (custom)
2019-09-12 10:20:55,287 [pool-38-thread-1] INFO  server.RaftServerConfigKeys (ConfUtils.java:logGet(43)) - raft.server.log.segment.size.max = 1048576 (custom)
2019-09-12 10:20:55,287 [pool-38-thread-1] INFO  server.RaftServerConfigKeys (ConfUtils.java:logGet(43)) - raft.server.log.segment.cache.num.max = 2 (custom)
2019-09-12 10:20:55,288 [pool-38-thread-1] INFO  segmented.SegmentedRaftLogWorker (SegmentedRaftLogWorker.java:<init>(172)) - new 80f8a078-74d1-4787-8700-3441e69ebe61-SegmentedRaftLogWorker:Storage Directory /workdir/hadoop-ozone/integration-test/target/test-dir/MiniOzoneClusterImpl-afc08962-9222-4e3d-8fb5-552b5e422aae/datanode-1/data/ratis/4a3af47f-86a2-437b-b35d-0e650e7f5548 for RaftStorage:Storage Directory /workdir/hadoop-ozone/integration-test/target/test-dir/MiniOzoneClusterImpl-afc08962-9222-4e3d-8fb5-552b5e422aae/datanode-1/data/ratis/4a3af47f-86a2-437b-b35d-0e650e7f5548
2019-09-12 10:20:55,288 [pool-38-thread-1] INFO  server.RaftServerConfigKeys (ConfUtils.java:logGet(43)) - raft.server.log.queue.byte-limit = 2147483647 (custom)
2019-09-12 10:20:55,288 [pool-38-thread-1] INFO  server.RaftServerConfigKeys (ConfUtils.java:logGet(43)) - raft.server.log.queue.element-limit = 1024 (custom)
2019-09-12 10:20:55,289 [pool-38-thread-1] INFO  server.RaftServerConfigKeys (ConfUtils.java:logGet(43)) - raft.server.log.segment.size.max = 1048576 (custom)
2019-09-12 10:20:55,289 [pool-38-thread-1] INFO  server.RaftServerConfigKeys (ConfUtils.java:logGet(43)) - raft.server.log.preallocated.size = 16384 (custom)
2019-09-12 10:20:55,289 [pool-38-thread-1] INFO  server.RaftServerConfigKeys (ConfUtils.java:logGet(43)) - raft.server.log.write.buffer.size = 33554432 (custom)
2019-09-12 10:20:55,289 [pool-38-thread-1] INFO  server.RaftServerConfigKeys (ConfUtils.java:logGet(43)) - raft.server.log.force.sync.num = 128 (default)
2019-09-12 10:20:55,290 [pool-38-thread-1] INFO  server.RaftServerConfigKeys (ConfUtils.java:logGet(43)) - raft.server.log.statemachine.data.sync = true (default)
2019-09-12 10:20:55,290 [pool-38-thread-1] INFO  server.RaftServerConfigKeys (ConfUtils.java:logGet(43)) - raft.server.log.statemachine.data.sync.timeout = 10s (default)
2019-09-12 10:20:55,290 [pool-38-thread-1] INFO  server.RaftServerConfigKeys (ConfUtils.java:logGet(43)) - raft.server.log.statemachine.data.sync.timeout.retry = -1 (default)
2019-09-12 10:20:55,291 [pool-38-thread-1] INFO  server.RaftServerConfigKeys (ConfUtils.java:logGet(43)) - raft.server.log.statemachine.data.caching.enabled = true (custom)
2019-09-12 10:20:55,291 [pool-38-thread-1] INFO  segmented.SegmentedRaftLogWorker (SegmentedRaftLogWorker.java:lambda$new$0(132)) - 80f8a078-74d1-4787-8700-3441e69ebe61-SegmentedRaftLogWorker:Storage Directory /workdir/hadoop-ozone/integration-test/target/test-dir/MiniOzoneClusterImpl-afc08962-9222-4e3d-8fb5-552b5e422aae/datanode-1/data/ratis/4a3af47f-86a2-437b-b35d-0e650e7f5548: flushIndex: setUnconditionally 0 -> -1
2019-09-12 10:20:55,292 [pool-38-thread-1] INFO  server.RaftServerConfigKeys (ConfUtils.java:logGet(43)) - raft.server.snapshot.auto.trigger.enabled = true (custom)
2019-09-12 10:20:55,292 [pool-38-thread-1] INFO  server.RaftServerConfigKeys (ConfUtils.java:logGet(43)) - raft.server.snapshot.auto.trigger.threshold = 10000 (custom)
2019-09-12 10:20:55,292 [pool-38-thread-1] INFO  server.RaftServerConfigKeys (ConfUtils.java:logGet(43)) - raft.server.retrycache.expirytime = 600000ms (custom)
2019-09-12 10:20:55,293 [pool-38-thread-1] INFO  impl.RaftServerImpl (RaftServerImpl.java:start(180)) - 80f8a078-74d1-4787-8700-3441e69ebe61: start group-0E650E7F5548
2019-09-12 10:20:55,293 [pool-38-thread-1] INFO  impl.RaftServerImpl (RaftServerImpl.java:setRole(171)) - 80f8a078-74d1-4787-8700-3441e69ebe61:group-0E650E7F5548 changes role from null to FOLLOWER at term 0 for startAsFollower
2019-09-12 10:20:55,293 [pool-38-thread-1] INFO  impl.RoleInfo (RoleInfo.java:updateAndGet(143)) - 80f8a078-74d1-4787-8700-3441e69ebe61: start FollowerState
2019-09-12 10:20:55,294 [pool-38-thread-1] INFO  util.JmxRegister (JmxRegister.java:tryRegister(44)) - Successfully registered JMX Bean with object name Ratis:service=RaftServer,group=group-0E650E7F5548,id=80f8a078-74d1-4787-8700-3441e69ebe61
2019-09-12 10:20:55,307 [RatisPipelineUtilsThread] INFO  pipeline.PipelineStateManager (PipelineStateManager.java:addPipeline(56)) - Created pipeline Pipeline[ Id: 4a3af47f-86a2-437b-b35d-0e650e7f5548, Nodes: 80f8a078-74d1-4787-8700-3441e69ebe61{ip: 192.168.157.195, host: pr-hdds-1569-xtfnx-3545843844, networkLocation: /default-rack, certSerialId: null}, Type:RATIS, Factor:ONE, State:OPEN]
2019-09-12 10:20:55,328 [grpc-default-executor-0] INFO  impl.RaftServerProxy (RaftServerProxy.java:addNew(89)) - 6ee6d104-7057-4fca-83c0-db864f4c6adb: addNew group-E513BF5E5857:[6ee6d104-7057-4fca-83c0-db864f4c6adb:192.168.157.195:35734] returns group-E513BF5E5857:java.util.concurrent.CompletableFuture@514dc0ba[Not completed]
2019-09-12 10:20:55,329 [pool-49-thread-1] INFO  impl.RaftServerImpl (RaftServerImpl.java:<init>(93)) - 6ee6d104-7057-4fca-83c0-db864f4c6adb: new RaftServerImpl for group-E513BF5E5857:[6ee6d104-7057-4fca-83c0-db864f4c6adb:192.168.157.195:35734] with ContainerStateMachine:uninitialized
2019-09-12 10:20:55,330 [pool-49-thread-1] INFO  server.RaftServerConfigKeys (ConfUtils.java:logGet(43)) - raft.server.rpc.timeout.min = 5s (custom)
2019-09-12 10:20:55,330 [pool-49-thread-1] INFO  server.RaftServerConfigKeys (ConfUtils.java:logGet(43)) - raft.server.rpc.timeout.max = 5200ms (custom)
2019-09-12 10:20:55,330 [pool-49-thread-1] INFO  server.RaftServerConfigKeys (ConfUtils.java:logGet(43)) - raft.server.rpcslowness.timeout = 120s (custom)
2019-09-12 10:20:55,330 [pool-49-thread-1] INFO  server.RaftServerConfigKeys (ConfUtils.java:logGet(43)) - raft.server.sleep.deviation.threshold = 300 (default)
2019-09-12 10:20:55,330 [pool-49-thread-1] INFO  server.RaftServerConfigKeys (ConfUtils.java:logGet(43)) - raft.server.log.appender.install.snapshot.enabled = false (custom)
2019-09-12 10:20:55,331 [pool-49-thread-1] INFO  impl.RaftServerImpl (ServerState.java:<init>(105)) - 6ee6d104-7057-4fca-83c0-db864f4c6adb:group-E513BF5E5857 ConfigurationManager, init=-1: [6ee6d104-7057-4fca-83c0-db864f4c6adb:192.168.157.195:35734], old=null, confs=<EMPTY_MAP>
2019-09-12 10:20:55,331 [pool-49-thread-1] INFO  server.RaftServerConfigKeys (ConfUtils.java:logGet(43)) - raft.server.storage.dir = [/workdir/hadoop-ozone/integration-test/target/test-dir/MiniOzoneClusterImpl-afc08962-9222-4e3d-8fb5-552b5e422aae/datanode-2/data/ratis] (custom)
2019-09-12 10:20:55,331 [pool-49-thread-1] INFO  storage.RaftStorageDirectory (RaftStorageDirectory.java:analyzeStorage(246)) - The storage directory /workdir/hadoop-ozone/integration-test/target/test-dir/MiniOzoneClusterImpl-afc08962-9222-4e3d-8fb5-552b5e422aae/datanode-2/data/ratis/4679e09d-5147-4b2a-896f-e513bf5e5857 does not exist. Creating ...
2019-09-12 10:20:55,344 [pool-49-thread-1] INFO  storage.RaftStorageDirectory (RaftStorageDirectory.java:tryLock(328)) - Lock on /workdir/hadoop-ozone/integration-test/target/test-dir/MiniOzoneClusterImpl-afc08962-9222-4e3d-8fb5-552b5e422aae/datanode-2/data/ratis/4679e09d-5147-4b2a-896f-e513bf5e5857/in_use.lock acquired by nodename 12036@pr-hdds-1569-xtfnx-3545843844
2019-09-12 10:20:55,357 [pool-49-thread-1] INFO  storage.RaftStorage (RaftStorage.java:format(72)) - Storage directory /workdir/hadoop-ozone/integration-test/target/test-dir/MiniOzoneClusterImpl-afc08962-9222-4e3d-8fb5-552b5e422aae/datanode-2/data/ratis/4679e09d-5147-4b2a-896f-e513bf5e5857 has been successfully formatted.
2019-09-12 10:20:55,357 [pool-49-thread-1] INFO  ratis.ContainerStateMachine (ContainerStateMachine.java:loadSnapshot(226)) - group-E513BF5E5857: The snapshot info is null. Setting the last applied indexto:(t:0, i:~)
2019-09-12 10:20:55,358 [pool-49-thread-1] INFO  server.RaftServerConfigKeys (ConfUtils.java:logGet(43)) - raft.server.leader.election.timeout = 120s (custom)
2019-09-12 10:20:55,358 [pool-49-thread-1] INFO  server.RaftServerConfigKeys (ConfUtils.java:logGet(43)) - raft.server.log.use.memory = false (default)
2019-09-12 10:20:55,358 [pool-49-thread-1] INFO  server.RaftServerConfigKeys (ConfUtils.java:logGet(43)) - raft.server.log.purge.gap = 1000000 (custom)
2019-09-12 10:20:55,358 [pool-49-thread-1] INFO  server.RaftServerConfigKeys (ConfUtils.java:logGet(43)) - raft.server.log.appender.buffer.byte-limit = 33554432 (custom)
2019-09-12 10:20:55,358 [pool-49-thread-1] INFO  server.RaftServerConfigKeys (ConfUtils.java:logGet(43)) - raft.server.log.segment.size.max = 1048576 (custom)
2019-09-12 10:20:55,359 [pool-49-thread-1] INFO  server.RaftServerConfigKeys (ConfUtils.java:logGet(43)) - raft.server.log.segment.cache.num.max = 2 (custom)
2019-09-12 10:20:55,359 [pool-49-thread-1] INFO  segmented.SegmentedRaftLogWorker (SegmentedRaftLogWorker.java:<init>(172)) - new 6ee6d104-7057-4fca-83c0-db864f4c6adb-SegmentedRaftLogWorker:Storage Directory /workdir/hadoop-ozone/integration-test/target/test-dir/MiniOzoneClusterImpl-afc08962-9222-4e3d-8fb5-552b5e422aae/datanode-2/data/ratis/4679e09d-5147-4b2a-896f-e513bf5e5857 for RaftStorage:Storage Directory /workdir/hadoop-ozone/integration-test/target/test-dir/MiniOzoneClusterImpl-afc08962-9222-4e3d-8fb5-552b5e422aae/datanode-2/data/ratis/4679e09d-5147-4b2a-896f-e513bf5e5857
2019-09-12 10:20:55,359 [pool-49-thread-1] INFO  server.RaftServerConfigKeys (ConfUtils.java:logGet(43)) - raft.server.log.queue.byte-limit = 2147483647 (custom)
2019-09-12 10:20:55,359 [pool-49-thread-1] INFO  server.RaftServerConfigKeys (ConfUtils.java:logGet(43)) - raft.server.log.queue.element-limit = 1024 (custom)
2019-09-12 10:20:55,359 [pool-49-thread-1] INFO  server.RaftServerConfigKeys (ConfUtils.java:logGet(43)) - raft.server.log.segment.size.max = 1048576 (custom)
2019-09-12 10:20:55,359 [pool-49-thread-1] INFO  server.RaftServerConfigKeys (ConfUtils.java:logGet(43)) - raft.server.log.preallocated.size = 16384 (custom)
2019-09-12 10:20:55,360 [pool-49-thread-1] INFO  server.RaftServerConfigKeys (ConfUtils.java:logGet(43)) - raft.server.log.write.buffer.size = 33554432 (custom)
2019-09-12 10:20:55,360 [pool-49-thread-1] INFO  server.RaftServerConfigKeys (ConfUtils.java:logGet(43)) - raft.server.log.force.sync.num = 128 (default)
2019-09-12 10:20:55,360 [pool-49-thread-1] INFO  server.RaftServerConfigKeys (ConfUtils.java:logGet(43)) - raft.server.log.statemachine.data.sync = true (default)
2019-09-12 10:20:55,360 [pool-49-thread-1] INFO  server.RaftServerConfigKeys (ConfUtils.java:logGet(43)) - raft.server.log.statemachine.data.sync.timeout = 10s (default)
2019-09-12 10:20:55,360 [pool-49-thread-1] INFO  server.RaftServerConfigKeys (ConfUtils.java:logGet(43)) - raft.server.log.statemachine.data.sync.timeout.retry = -1 (default)
2019-09-12 10:20:55,361 [pool-49-thread-1] INFO  server.RaftServerConfigKeys (ConfUtils.java:logGet(43)) - raft.server.log.statemachine.data.caching.enabled = true (custom)
2019-09-12 10:20:55,361 [pool-49-thread-1] INFO  segmented.SegmentedRaftLogWorker (SegmentedRaftLogWorker.java:lambda$new$0(132)) - 6ee6d104-7057-4fca-83c0-db864f4c6adb-SegmentedRaftLogWorker:Storage Directory /workdir/hadoop-ozone/integration-test/target/test-dir/MiniOzoneClusterImpl-afc08962-9222-4e3d-8fb5-552b5e422aae/datanode-2/data/ratis/4679e09d-5147-4b2a-896f-e513bf5e5857: flushIndex: setUnconditionally 0 -> -1
2019-09-12 10:20:55,361 [pool-49-thread-1] INFO  server.RaftServerConfigKeys (ConfUtils.java:logGet(43)) - raft.server.snapshot.auto.trigger.enabled = true (custom)
2019-09-12 10:20:55,362 [pool-49-thread-1] INFO  server.RaftServerConfigKeys (ConfUtils.java:logGet(43)) - raft.server.snapshot.auto.trigger.threshold = 10000 (custom)
2019-09-12 10:20:55,362 [pool-49-thread-1] INFO  server.RaftServerConfigKeys (ConfUtils.java:logGet(43)) - raft.server.retrycache.expirytime = 600000ms (custom)
2019-09-12 10:20:55,362 [pool-49-thread-1] INFO  impl.RaftServerImpl (RaftServerImpl.java:start(180)) - 6ee6d104-7057-4fca-83c0-db864f4c6adb: start group-E513BF5E5857
2019-09-12 10:20:55,362 [pool-49-thread-1] INFO  impl.RaftServerImpl (RaftServerImpl.java:setRole(171)) - 6ee6d104-7057-4fca-83c0-db864f4c6adb:group-E513BF5E5857 changes role from null to FOLLOWER at term 0 for startAsFollower
2019-09-12 10:20:55,362 [pool-49-thread-1] INFO  impl.RoleInfo (RoleInfo.java:updateAndGet(143)) - 6ee6d104-7057-4fca-83c0-db864f4c6adb: start FollowerState
2019-09-12 10:20:55,363 [pool-49-thread-1] INFO  util.JmxRegister (JmxRegister.java:tryRegister(44)) - Successfully registered JMX Bean with object name Ratis:service=RaftServer,group=group-E513BF5E5857,id=6ee6d104-7057-4fca-83c0-db864f4c6adb
2019-09-12 10:20:55,380 [RatisPipelineUtilsThread] INFO  pipeline.PipelineStateManager (PipelineStateManager.java:addPipeline(56)) - Created pipeline Pipeline[ Id: 4679e09d-5147-4b2a-896f-e513bf5e5857, Nodes: 6ee6d104-7057-4fca-83c0-db864f4c6adb{ip: 192.168.157.195, host: pr-hdds-1569-xtfnx-3545843844, networkLocation: /default-rack, certSerialId: null}, Type:RATIS, Factor:ONE, State:OPEN]
2019-09-12 10:20:55,396 [grpc-default-executor-0] INFO  impl.RaftServerProxy (RaftServerProxy.java:addNew(89)) - 807fe137-5703-4ca0-bc4b-d1bf019678ec: addNew group-C62A7AE207DD:[807fe137-5703-4ca0-bc4b-d1bf019678ec:192.168.157.195:37427] returns group-C62A7AE207DD:java.util.concurrent.CompletableFuture@427c5bfa[Not completed]
2019-09-12 10:20:55,398 [pool-27-thread-1] INFO  impl.RaftServerImpl (RaftServerImpl.java:<init>(93)) - 807fe137-5703-4ca0-bc4b-d1bf019678ec: new RaftServerImpl for group-C62A7AE207DD:[807fe137-5703-4ca0-bc4b-d1bf019678ec:192.168.157.195:37427] with ContainerStateMachine:uninitialized
2019-09-12 10:20:55,398 [pool-27-thread-1] INFO  server.RaftServerConfigKeys (ConfUtils.java:logGet(43)) - raft.server.rpc.timeout.min = 5s (custom)
2019-09-12 10:20:55,398 [pool-27-thread-1] INFO  server.RaftServerConfigKeys (ConfUtils.java:logGet(43)) - raft.server.rpc.timeout.max = 5200ms (custom)
2019-09-12 10:20:55,398 [pool-27-thread-1] INFO  server.RaftServerConfigKeys (ConfUtils.java:logGet(43)) - raft.server.rpcslowness.timeout = 120s (custom)
2019-09-12 10:20:55,399 [pool-27-thread-1] INFO  server.RaftServerConfigKeys (ConfUtils.java:logGet(43)) - raft.server.sleep.deviation.threshold = 300 (default)
2019-09-12 10:20:55,399 [pool-27-thread-1] INFO  server.RaftServerConfigKeys (ConfUtils.java:logGet(43)) - raft.server.log.appender.install.snapshot.enabled = false (custom)
2019-09-12 10:20:55,399 [pool-27-thread-1] INFO  impl.RaftServerImpl (ServerState.java:<init>(105)) - 807fe137-5703-4ca0-bc4b-d1bf019678ec:group-C62A7AE207DD ConfigurationManager, init=-1: [807fe137-5703-4ca0-bc4b-d1bf019678ec:192.168.157.195:37427], old=null, confs=<EMPTY_MAP>
2019-09-12 10:20:55,399 [pool-27-thread-1] INFO  server.RaftServerConfigKeys (ConfUtils.java:logGet(43)) - raft.server.storage.dir = [/workdir/hadoop-ozone/integration-test/target/test-dir/MiniOzoneClusterImpl-afc08962-9222-4e3d-8fb5-552b5e422aae/datanode-0/data/ratis] (custom)
2019-09-12 10:20:55,400 [pool-27-thread-1] INFO  storage.RaftStorageDirectory (RaftStorageDirectory.java:analyzeStorage(246)) - The storage directory /workdir/hadoop-ozone/integration-test/target/test-dir/MiniOzoneClusterImpl-afc08962-9222-4e3d-8fb5-552b5e422aae/datanode-0/data/ratis/42e7e8ed-f34d-46c0-95d4-c62a7ae207dd does not exist. Creating ...
2019-09-12 10:20:55,413 [pool-27-thread-1] INFO  storage.RaftStorageDirectory (RaftStorageDirectory.java:tryLock(328)) - Lock on /workdir/hadoop-ozone/integration-test/target/test-dir/MiniOzoneClusterImpl-afc08962-9222-4e3d-8fb5-552b5e422aae/datanode-0/data/ratis/42e7e8ed-f34d-46c0-95d4-c62a7ae207dd/in_use.lock acquired by nodename 12036@pr-hdds-1569-xtfnx-3545843844
2019-09-12 10:20:55,426 [pool-27-thread-1] INFO  storage.RaftStorage (RaftStorage.java:format(72)) - Storage directory /workdir/hadoop-ozone/integration-test/target/test-dir/MiniOzoneClusterImpl-afc08962-9222-4e3d-8fb5-552b5e422aae/datanode-0/data/ratis/42e7e8ed-f34d-46c0-95d4-c62a7ae207dd has been successfully formatted.
2019-09-12 10:20:55,427 [pool-27-thread-1] INFO  ratis.ContainerStateMachine (ContainerStateMachine.java:loadSnapshot(226)) - group-C62A7AE207DD: The snapshot info is null. Setting the last applied indexto:(t:0, i:~)
2019-09-12 10:20:55,427 [pool-27-thread-1] INFO  server.RaftServerConfigKeys (ConfUtils.java:logGet(43)) - raft.server.leader.election.timeout = 120s (custom)
2019-09-12 10:20:55,427 [pool-27-thread-1] INFO  server.RaftServerConfigKeys (ConfUtils.java:logGet(43)) - raft.server.log.use.memory = false (default)
2019-09-12 10:20:55,427 [pool-27-thread-1] INFO  server.RaftServerConfigKeys (ConfUtils.java:logGet(43)) - raft.server.log.purge.gap = 1000000 (custom)
2019-09-12 10:20:55,428 [pool-27-thread-1] INFO  server.RaftServerConfigKeys (ConfUtils.java:logGet(43)) - raft.server.log.appender.buffer.byte-limit = 33554432 (custom)
2019-09-12 10:20:55,428 [pool-27-thread-1] INFO  server.RaftServerConfigKeys (ConfUtils.java:logGet(43)) - raft.server.log.segment.size.max = 1048576 (custom)
2019-09-12 10:20:55,428 [pool-27-thread-1] INFO  server.RaftServerConfigKeys (ConfUtils.java:logGet(43)) - raft.server.log.segment.cache.num.max = 2 (custom)
2019-09-12 10:20:55,428 [pool-27-thread-1] INFO  segmented.SegmentedRaftLogWorker (SegmentedRaftLogWorker.java:<init>(172)) - new 807fe137-5703-4ca0-bc4b-d1bf019678ec-SegmentedRaftLogWorker:Storage Directory /workdir/hadoop-ozone/integration-test/target/test-dir/MiniOzoneClusterImpl-afc08962-9222-4e3d-8fb5-552b5e422aae/datanode-0/data/ratis/42e7e8ed-f34d-46c0-95d4-c62a7ae207dd for RaftStorage:Storage Directory /workdir/hadoop-ozone/integration-test/target/test-dir/MiniOzoneClusterImpl-afc08962-9222-4e3d-8fb5-552b5e422aae/datanode-0/data/ratis/42e7e8ed-f34d-46c0-95d4-c62a7ae207dd
2019-09-12 10:20:55,429 [pool-27-thread-1] INFO  server.RaftServerConfigKeys (ConfUtils.java:logGet(43)) - raft.server.log.queue.byte-limit = 2147483647 (custom)
2019-09-12 10:20:55,429 [pool-27-thread-1] INFO  server.RaftServerConfigKeys (ConfUtils.java:logGet(43)) - raft.server.log.queue.element-limit = 1024 (custom)
2019-09-12 10:20:55,429 [pool-27-thread-1] INFO  server.RaftServerConfigKeys (ConfUtils.java:logGet(43)) - raft.server.log.segment.size.max = 1048576 (custom)
2019-09-12 10:20:55,429 [pool-27-thread-1] INFO  server.RaftServerConfigKeys (ConfUtils.java:logGet(43)) - raft.server.log.preallocated.size = 16384 (custom)
2019-09-12 10:20:55,429 [pool-27-thread-1] INFO  server.RaftServerConfigKeys (ConfUtils.java:logGet(43)) - raft.server.log.write.buffer.size = 33554432 (custom)
2019-09-12 10:20:55,430 [pool-27-thread-1] INFO  server.RaftServerConfigKeys (ConfUtils.java:logGet(43)) - raft.server.log.force.sync.num = 128 (default)
2019-09-12 10:20:55,430 [pool-27-thread-1] INFO  server.RaftServerConfigKeys (ConfUtils.java:logGet(43)) - raft.server.log.statemachine.data.sync = true (default)
2019-09-12 10:20:55,430 [pool-27-thread-1] INFO  server.RaftServerConfigKeys (ConfUtils.java:logGet(43)) - raft.server.log.statemachine.data.sync.timeout = 10s (default)
2019-09-12 10:20:55,430 [pool-27-thread-1] INFO  server.RaftServerConfigKeys (ConfUtils.java:logGet(43)) - raft.server.log.statemachine.data.sync.timeout.retry = -1 (default)
2019-09-12 10:20:55,430 [pool-27-thread-1] INFO  server.RaftServerConfigKeys (ConfUtils.java:logGet(43)) - raft.server.log.statemachine.data.caching.enabled = true (custom)
2019-09-12 10:20:55,431 [pool-27-thread-1] INFO  segmented.SegmentedRaftLogWorker (SegmentedRaftLogWorker.java:lambda$new$0(132)) - 807fe137-5703-4ca0-bc4b-d1bf019678ec-SegmentedRaftLogWorker:Storage Directory /workdir/hadoop-ozone/integration-test/target/test-dir/MiniOzoneClusterImpl-afc08962-9222-4e3d-8fb5-552b5e422aae/datanode-0/data/ratis/42e7e8ed-f34d-46c0-95d4-c62a7ae207dd: flushIndex: setUnconditionally 0 -> -1
2019-09-12 10:20:55,431 [pool-27-thread-1] INFO  server.RaftServerConfigKeys (ConfUtils.java:logGet(43)) - raft.server.snapshot.auto.trigger.enabled = true (custom)
2019-09-12 10:20:55,431 [pool-27-thread-1] INFO  server.RaftServerConfigKeys (ConfUtils.java:logGet(43)) - raft.server.snapshot.auto.trigger.threshold = 10000 (custom)
2019-09-12 10:20:55,432 [pool-27-thread-1] INFO  server.RaftServerConfigKeys (ConfUtils.java:logGet(43)) - raft.server.retrycache.expirytime = 600000ms (custom)
2019-09-12 10:20:55,432 [pool-27-thread-1] INFO  impl.RaftServerImpl (RaftServerImpl.java:start(180)) - 807fe137-5703-4ca0-bc4b-d1bf019678ec: start group-C62A7AE207DD
2019-09-12 10:20:55,432 [pool-27-thread-1] INFO  impl.RaftServerImpl (RaftServerImpl.java:setRole(171)) - 807fe137-5703-4ca0-bc4b-d1bf019678ec:group-C62A7AE207DD changes role from null to FOLLOWER at term 0 for startAsFollower
2019-09-12 10:20:55,432 [pool-27-thread-1] INFO  impl.RoleInfo (RoleInfo.java:updateAndGet(143)) - 807fe137-5703-4ca0-bc4b-d1bf019678ec: start FollowerState
2019-09-12 10:20:55,433 [pool-27-thread-1] INFO  util.JmxRegister (JmxRegister.java:tryRegister(44)) - Successfully registered JMX Bean with object name Ratis:service=RaftServer,group=group-C62A7AE207DD,id=807fe137-5703-4ca0-bc4b-d1bf019678ec
2019-09-12 10:20:55,448 [RatisPipelineUtilsThread] INFO  pipeline.PipelineStateManager (PipelineStateManager.java:addPipeline(56)) - Created pipeline Pipeline[ Id: 42e7e8ed-f34d-46c0-95d4-c62a7ae207dd, Nodes: 807fe137-5703-4ca0-bc4b-d1bf019678ec{ip: 192.168.157.195, host: pr-hdds-1569-xtfnx-3545843844, networkLocation: /default-rack, certSerialId: null}, Type:RATIS, Factor:ONE, State:OPEN]
2019-09-12 10:20:55,463 [grpc-default-executor-0] INFO  impl.RaftServerProxy (RaftServerProxy.java:addNew(89)) - 807fe137-5703-4ca0-bc4b-d1bf019678ec: addNew group-10CFC2D939B2:[807fe137-5703-4ca0-bc4b-d1bf019678ec:192.168.157.195:37427] returns group-10CFC2D939B2:java.util.concurrent.CompletableFuture@79d2d271[Not completed]
2019-09-12 10:20:55,465 [pool-27-thread-1] INFO  impl.RaftServerImpl (RaftServerImpl.java:<init>(93)) - 807fe137-5703-4ca0-bc4b-d1bf019678ec: new RaftServerImpl for group-10CFC2D939B2:[807fe137-5703-4ca0-bc4b-d1bf019678ec:192.168.157.195:37427] with ContainerStateMachine:uninitialized
2019-09-12 10:20:55,465 [pool-27-thread-1] INFO  server.RaftServerConfigKeys (ConfUtils.java:logGet(43)) - raft.server.rpc.timeout.min = 5s (custom)
2019-09-12 10:20:55,466 [pool-27-thread-1] INFO  server.RaftServerConfigKeys (ConfUtils.java:logGet(43)) - raft.server.rpc.timeout.max = 5200ms (custom)
2019-09-12 10:20:55,466 [pool-27-thread-1] INFO  server.RaftServerConfigKeys (ConfUtils.java:logGet(43)) - raft.server.rpcslowness.timeout = 120s (custom)
2019-09-12 10:20:55,466 [pool-27-thread-1] INFO  server.RaftServerConfigKeys (ConfUtils.java:logGet(43)) - raft.server.sleep.deviation.threshold = 300 (default)
2019-09-12 10:20:55,466 [pool-27-thread-1] INFO  server.RaftServerConfigKeys (ConfUtils.java:logGet(43)) - raft.server.log.appender.install.snapshot.enabled = false (custom)
2019-09-12 10:20:55,466 [pool-27-thread-1] INFO  impl.RaftServerImpl (ServerState.java:<init>(105)) - 807fe137-5703-4ca0-bc4b-d1bf019678ec:group-10CFC2D939B2 ConfigurationManager, init=-1: [807fe137-5703-4ca0-bc4b-d1bf019678ec:192.168.157.195:37427], old=null, confs=<EMPTY_MAP>
2019-09-12 10:20:55,466 [pool-27-thread-1] INFO  server.RaftServerConfigKeys (ConfUtils.java:logGet(43)) - raft.server.storage.dir = [/workdir/hadoop-ozone/integration-test/target/test-dir/MiniOzoneClusterImpl-afc08962-9222-4e3d-8fb5-552b5e422aae/datanode-0/data/ratis] (custom)
2019-09-12 10:20:55,467 [pool-27-thread-1] INFO  storage.RaftStorageDirectory (RaftStorageDirectory.java:analyzeStorage(246)) - The storage directory /workdir/hadoop-ozone/integration-test/target/test-dir/MiniOzoneClusterImpl-afc08962-9222-4e3d-8fb5-552b5e422aae/datanode-0/data/ratis/016c1904-8c8b-4da3-8319-10cfc2d939b2 does not exist. Creating ...
2019-09-12 10:20:55,480 [pool-27-thread-1] INFO  storage.RaftStorageDirectory (RaftStorageDirectory.java:tryLock(328)) - Lock on /workdir/hadoop-ozone/integration-test/target/test-dir/MiniOzoneClusterImpl-afc08962-9222-4e3d-8fb5-552b5e422aae/datanode-0/data/ratis/016c1904-8c8b-4da3-8319-10cfc2d939b2/in_use.lock acquired by nodename 12036@pr-hdds-1569-xtfnx-3545843844
2019-09-12 10:20:55,493 [pool-27-thread-1] INFO  storage.RaftStorage (RaftStorage.java:format(72)) - Storage directory /workdir/hadoop-ozone/integration-test/target/test-dir/MiniOzoneClusterImpl-afc08962-9222-4e3d-8fb5-552b5e422aae/datanode-0/data/ratis/016c1904-8c8b-4da3-8319-10cfc2d939b2 has been successfully formatted.
2019-09-12 10:20:55,494 [pool-27-thread-1] INFO  ratis.ContainerStateMachine (ContainerStateMachine.java:loadSnapshot(226)) - group-10CFC2D939B2: The snapshot info is null. Setting the last applied indexto:(t:0, i:~)
2019-09-12 10:20:55,494 [pool-27-thread-1] INFO  server.RaftServerConfigKeys (ConfUtils.java:logGet(43)) - raft.server.leader.election.timeout = 120s (custom)
2019-09-12 10:20:55,495 [pool-27-thread-1] INFO  server.RaftServerConfigKeys (ConfUtils.java:logGet(43)) - raft.server.log.use.memory = false (default)
2019-09-12 10:20:55,495 [pool-27-thread-1] INFO  server.RaftServerConfigKeys (ConfUtils.java:logGet(43)) - raft.server.log.purge.gap = 1000000 (custom)
2019-09-12 10:20:55,495 [pool-27-thread-1] INFO  server.RaftServerConfigKeys (ConfUtils.java:logGet(43)) - raft.server.log.appender.buffer.byte-limit = 33554432 (custom)
2019-09-12 10:20:55,496 [pool-27-thread-1] INFO  server.RaftServerConfigKeys (ConfUtils.java:logGet(43)) - raft.server.log.segment.size.max = 1048576 (custom)
2019-09-12 10:20:55,496 [pool-27-thread-1] INFO  server.RaftServerConfigKeys (ConfUtils.java:logGet(43)) - raft.server.log.segment.cache.num.max = 2 (custom)
2019-09-12 10:20:55,496 [pool-27-thread-1] INFO  segmented.SegmentedRaftLogWorker (SegmentedRaftLogWorker.java:<init>(172)) - new 807fe137-5703-4ca0-bc4b-d1bf019678ec-SegmentedRaftLogWorker:Storage Directory /workdir/hadoop-ozone/integration-test/target/test-dir/MiniOzoneClusterImpl-afc08962-9222-4e3d-8fb5-552b5e422aae/datanode-0/data/ratis/016c1904-8c8b-4da3-8319-10cfc2d939b2 for RaftStorage:Storage Directory /workdir/hadoop-ozone/integration-test/target/test-dir/MiniOzoneClusterImpl-afc08962-9222-4e3d-8fb5-552b5e422aae/datanode-0/data/ratis/016c1904-8c8b-4da3-8319-10cfc2d939b2
2019-09-12 10:20:55,497 [pool-27-thread-1] INFO  server.RaftServerConfigKeys (ConfUtils.java:logGet(43)) - raft.server.log.queue.byte-limit = 2147483647 (custom)
2019-09-12 10:20:55,497 [pool-27-thread-1] INFO  server.RaftServerConfigKeys (ConfUtils.java:logGet(43)) - raft.server.log.queue.element-limit = 1024 (custom)
2019-09-12 10:20:55,497 [pool-27-thread-1] INFO  server.RaftServerConfigKeys (ConfUtils.java:logGet(43)) - raft.server.log.segment.size.max = 1048576 (custom)
2019-09-12 10:20:55,497 [pool-27-thread-1] INFO  server.RaftServerConfigKeys (ConfUtils.java:logGet(43)) - raft.server.log.preallocated.size = 16384 (custom)
2019-09-12 10:20:55,498 [pool-27-thread-1] INFO  server.RaftServerConfigKeys (ConfUtils.java:logGet(43)) - raft.server.log.write.buffer.size = 33554432 (custom)
2019-09-12 10:20:55,498 [pool-27-thread-1] INFO  server.RaftServerConfigKeys (ConfUtils.java:logGet(43)) - raft.server.log.force.sync.num = 128 (default)
2019-09-12 10:20:55,498 [pool-27-thread-1] INFO  server.RaftServerConfigKeys (ConfUtils.java:logGet(43)) - raft.server.log.statemachine.data.sync = true (default)
2019-09-12 10:20:55,499 [pool-27-thread-1] INFO  server.RaftServerConfigKeys (ConfUtils.java:logGet(43)) - raft.server.log.statemachine.data.sync.timeout = 10s (default)
2019-09-12 10:20:55,499 [pool-27-thread-1] INFO  server.RaftServerConfigKeys (ConfUtils.java:logGet(43)) - raft.server.log.statemachine.data.sync.timeout.retry = -1 (default)
2019-09-12 10:20:55,499 [pool-27-thread-1] INFO  server.RaftServerConfigKeys (ConfUtils.java:logGet(43)) - raft.server.log.statemachine.data.caching.enabled = true (custom)
2019-09-12 10:20:55,500 [pool-27-thread-1] INFO  segmented.SegmentedRaftLogWorker (SegmentedRaftLogWorker.java:lambda$new$0(132)) - 807fe137-5703-4ca0-bc4b-d1bf019678ec-SegmentedRaftLogWorker:Storage Directory /workdir/hadoop-ozone/integration-test/target/test-dir/MiniOzoneClusterImpl-afc08962-9222-4e3d-8fb5-552b5e422aae/datanode-0/data/ratis/016c1904-8c8b-4da3-8319-10cfc2d939b2: flushIndex: setUnconditionally 0 -> -1
2019-09-12 10:20:55,501 [pool-27-thread-1] INFO  server.RaftServerConfigKeys (ConfUtils.java:logGet(43)) - raft.server.snapshot.auto.trigger.enabled = true (custom)
2019-09-12 10:20:55,501 [pool-27-thread-1] INFO  server.RaftServerConfigKeys (ConfUtils.java:logGet(43)) - raft.server.snapshot.auto.trigger.threshold = 10000 (custom)
2019-09-12 10:20:55,501 [pool-27-thread-1] INFO  server.RaftServerConfigKeys (ConfUtils.java:logGet(43)) - raft.server.retrycache.expirytime = 600000ms (custom)
2019-09-12 10:20:55,502 [pool-27-thread-1] INFO  impl.RaftServerImpl (RaftServerImpl.java:start(180)) - 807fe137-5703-4ca0-bc4b-d1bf019678ec: start group-10CFC2D939B2
2019-09-12 10:20:55,502 [pool-27-thread-1] INFO  impl.RaftServerImpl (RaftServerImpl.java:setRole(171)) - 807fe137-5703-4ca0-bc4b-d1bf019678ec:group-10CFC2D939B2 changes role from null to FOLLOWER at term 0 for startAsFollower
2019-09-12 10:20:55,502 [pool-27-thread-1] INFO  impl.RoleInfo (RoleInfo.java:updateAndGet(143)) - 807fe137-5703-4ca0-bc4b-d1bf019678ec: start FollowerState
2019-09-12 10:20:55,503 [pool-27-thread-1] INFO  util.JmxRegister (JmxRegister.java:tryRegister(44)) - Successfully registered JMX Bean with object name Ratis:service=RaftServer,group=group-10CFC2D939B2,id=807fe137-5703-4ca0-bc4b-d1bf019678ec
2019-09-12 10:20:55,515 [RatisPipelineUtilsThread] INFO  pipeline.PipelineStateManager (PipelineStateManager.java:addPipeline(56)) - Created pipeline Pipeline[ Id: 016c1904-8c8b-4da3-8319-10cfc2d939b2, Nodes: 807fe137-5703-4ca0-bc4b-d1bf019678ec{ip: 192.168.157.195, host: pr-hdds-1569-xtfnx-3545843844, networkLocation: /default-rack, certSerialId: null}, Type:RATIS, Factor:ONE, State:OPEN]
2019-09-12 10:20:55,531 [grpc-default-executor-0] INFO  impl.RaftServerProxy (RaftServerProxy.java:addNew(89)) - 6ee6d104-7057-4fca-83c0-db864f4c6adb: addNew group-624D266E46A5:[6ee6d104-7057-4fca-83c0-db864f4c6adb:192.168.157.195:35734] returns group-624D266E46A5:java.util.concurrent.CompletableFuture@3022db61[Not completed]
2019-09-12 10:20:55,533 [pool-49-thread-1] INFO  impl.RaftServerImpl (RaftServerImpl.java:<init>(93)) - 6ee6d104-7057-4fca-83c0-db864f4c6adb: new RaftServerImpl for group-624D266E46A5:[6ee6d104-7057-4fca-83c0-db864f4c6adb:192.168.157.195:35734] with ContainerStateMachine:uninitialized
2019-09-12 10:20:55,533 [pool-49-thread-1] INFO  server.RaftServerConfigKeys (ConfUtils.java:logGet(43)) - raft.server.rpc.timeout.min = 5s (custom)
2019-09-12 10:20:55,533 [pool-49-thread-1] INFO  server.RaftServerConfigKeys (ConfUtils.java:logGet(43)) - raft.server.rpc.timeout.max = 5200ms (custom)
2019-09-12 10:20:55,533 [pool-49-thread-1] INFO  server.RaftServerConfigKeys (ConfUtils.java:logGet(43)) - raft.server.rpcslowness.timeout = 120s (custom)
2019-09-12 10:20:55,533 [pool-49-thread-1] INFO  server.RaftServerConfigKeys (ConfUtils.java:logGet(43)) - raft.server.sleep.deviation.threshold = 300 (default)
2019-09-12 10:20:55,534 [pool-49-thread-1] INFO  server.RaftServerConfigKeys (ConfUtils.java:logGet(43)) - raft.server.log.appender.install.snapshot.enabled = false (custom)
2019-09-12 10:20:55,534 [pool-49-thread-1] INFO  impl.RaftServerImpl (ServerState.java:<init>(105)) - 6ee6d104-7057-4fca-83c0-db864f4c6adb:group-624D266E46A5 ConfigurationManager, init=-1: [6ee6d104-7057-4fca-83c0-db864f4c6adb:192.168.157.195:35734], old=null, confs=<EMPTY_MAP>
2019-09-12 10:20:55,534 [pool-49-thread-1] INFO  server.RaftServerConfigKeys (ConfUtils.java:logGet(43)) - raft.server.storage.dir = [/workdir/hadoop-ozone/integration-test/target/test-dir/MiniOzoneClusterImpl-afc08962-9222-4e3d-8fb5-552b5e422aae/datanode-2/data/ratis] (custom)
2019-09-12 10:20:55,535 [pool-49-thread-1] INFO  storage.RaftStorageDirectory (RaftStorageDirectory.java:analyzeStorage(246)) - The storage directory /workdir/hadoop-ozone/integration-test/target/test-dir/MiniOzoneClusterImpl-afc08962-9222-4e3d-8fb5-552b5e422aae/datanode-2/data/ratis/61b3fcec-320e-4334-92be-624d266e46a5 does not exist. Creating ...
2019-09-12 10:20:55,552 [pool-49-thread-1] INFO  storage.RaftStorageDirectory (RaftStorageDirectory.java:tryLock(328)) - Lock on /workdir/hadoop-ozone/integration-test/target/test-dir/MiniOzoneClusterImpl-afc08962-9222-4e3d-8fb5-552b5e422aae/datanode-2/data/ratis/61b3fcec-320e-4334-92be-624d266e46a5/in_use.lock acquired by nodename 12036@pr-hdds-1569-xtfnx-3545843844
2019-09-12 10:20:55,560 [main] INFO  ozone.MiniOzoneClusterImpl (MiniOzoneClusterImpl.java:lambda$waitForClusterToBeReady$0(142)) - Cluster is ready. Got 5 of 5 DN Heartbeats.
2019-09-12 10:20:55,566 [pool-49-thread-1] INFO  storage.RaftStorage (RaftStorage.java:format(72)) - Storage directory /workdir/hadoop-ozone/integration-test/target/test-dir/MiniOzoneClusterImpl-afc08962-9222-4e3d-8fb5-552b5e422aae/datanode-2/data/ratis/61b3fcec-320e-4334-92be-624d266e46a5 has been successfully formatted.
2019-09-12 10:20:55,566 [pool-49-thread-1] INFO  ratis.ContainerStateMachine (ContainerStateMachine.java:loadSnapshot(226)) - group-624D266E46A5: The snapshot info is null. Setting the last applied indexto:(t:0, i:~)
2019-09-12 10:20:55,566 [pool-49-thread-1] INFO  server.RaftServerConfigKeys (ConfUtils.java:logGet(43)) - raft.server.leader.election.timeout = 120s (custom)
2019-09-12 10:20:55,566 [pool-49-thread-1] INFO  server.RaftServerConfigKeys (ConfUtils.java:logGet(43)) - raft.server.log.use.memory = false (default)
2019-09-12 10:20:55,567 [pool-49-thread-1] INFO  server.RaftServerConfigKeys (ConfUtils.java:logGet(43)) - raft.server.log.purge.gap = 1000000 (custom)
2019-09-12 10:20:55,567 [pool-49-thread-1] INFO  server.RaftServerConfigKeys (ConfUtils.java:logGet(43)) - raft.server.log.appender.buffer.byte-limit = 33554432 (custom)
2019-09-12 10:20:55,567 [pool-49-thread-1] INFO  server.RaftServerConfigKeys (ConfUtils.java:logGet(43)) - raft.server.log.segment.size.max = 1048576 (custom)
2019-09-12 10:20:55,567 [pool-49-thread-1] INFO  server.RaftServerConfigKeys (ConfUtils.java:logGet(43)) - raft.server.log.segment.cache.num.max = 2 (custom)
2019-09-12 10:20:55,567 [pool-49-thread-1] INFO  segmented.SegmentedRaftLogWorker (SegmentedRaftLogWorker.java:<init>(172)) - new 6ee6d104-7057-4fca-83c0-db864f4c6adb-SegmentedRaftLogWorker:Storage Directory /workdir/hadoop-ozone/integration-test/target/test-dir/MiniOzoneClusterImpl-afc08962-9222-4e3d-8fb5-552b5e422aae/datanode-2/data/ratis/61b3fcec-320e-4334-92be-624d266e46a5 for RaftStorage:Storage Directory /workdir/hadoop-ozone/integration-test/target/test-dir/MiniOzoneClusterImpl-afc08962-9222-4e3d-8fb5-552b5e422aae/datanode-2/data/ratis/61b3fcec-320e-4334-92be-624d266e46a5
2019-09-12 10:20:55,567 [pool-49-thread-1] INFO  server.RaftServerConfigKeys (ConfUtils.java:logGet(43)) - raft.server.log.queue.byte-limit = 2147483647 (custom)
2019-09-12 10:20:55,568 [pool-49-thread-1] INFO  server.RaftServerConfigKeys (ConfUtils.java:logGet(43)) - raft.server.log.queue.element-limit = 1024 (custom)
2019-09-12 10:20:55,568 [pool-49-thread-1] INFO  server.RaftServerConfigKeys (ConfUtils.java:logGet(43)) - raft.server.log.segment.size.max = 1048576 (custom)
2019-09-12 10:20:55,568 [pool-49-thread-1] INFO  server.RaftServerConfigKeys (ConfUtils.java:logGet(43)) - raft.server.log.preallocated.size = 16384 (custom)
2019-09-12 10:20:55,568 [pool-49-thread-1] INFO  server.RaftServerConfigKeys (ConfUtils.java:logGet(43)) - raft.server.log.write.buffer.size = 33554432 (custom)
2019-09-12 10:20:55,568 [pool-49-thread-1] INFO  server.RaftServerConfigKeys (ConfUtils.java:logGet(43)) - raft.server.log.force.sync.num = 128 (default)
2019-09-12 10:20:55,569 [pool-49-thread-1] INFO  server.RaftServerConfigKeys (ConfUtils.java:logGet(43)) - raft.server.log.statemachine.data.sync = true (default)
2019-09-12 10:20:55,569 [pool-49-thread-1] INFO  server.RaftServerConfigKeys (ConfUtils.java:logGet(43)) - raft.server.log.statemachine.data.sync.timeout = 10s (default)
2019-09-12 10:20:55,569 [pool-49-thread-1] INFO  server.RaftServerConfigKeys (ConfUtils.java:logGet(43)) - raft.server.log.statemachine.data.sync.timeout.retry = -1 (default)
2019-09-12 10:20:55,569 [pool-49-thread-1] INFO  server.RaftServerConfigKeys (ConfUtils.java:logGet(43)) - raft.server.log.statemachine.data.caching.enabled = true (custom)
2019-09-12 10:20:55,570 [pool-49-thread-1] INFO  segmented.SegmentedRaftLogWorker (SegmentedRaftLogWorker.java:lambda$new$0(132)) - 6ee6d104-7057-4fca-83c0-db864f4c6adb-SegmentedRaftLogWorker:Storage Directory /workdir/hadoop-ozone/integration-test/target/test-dir/MiniOzoneClusterImpl-afc08962-9222-4e3d-8fb5-552b5e422aae/datanode-2/data/ratis/61b3fcec-320e-4334-92be-624d266e46a5: flushIndex: setUnconditionally 0 -> -1
2019-09-12 10:20:55,570 [pool-49-thread-1] INFO  server.RaftServerConfigKeys (ConfUtils.java:logGet(43)) - raft.server.snapshot.auto.trigger.enabled = true (custom)
2019-09-12 10:20:55,570 [pool-49-thread-1] INFO  server.RaftServerConfigKeys (ConfUtils.java:logGet(43)) - raft.server.snapshot.auto.trigger.threshold = 10000 (custom)
2019-09-12 10:20:55,570 [pool-49-thread-1] INFO  server.RaftServerConfigKeys (ConfUtils.java:logGet(43)) - raft.server.retrycache.expirytime = 600000ms (custom)
2019-09-12 10:20:55,571 [pool-49-thread-1] INFO  impl.RaftServerImpl (RaftServerImpl.java:start(180)) - 6ee6d104-7057-4fca-83c0-db864f4c6adb: start group-624D266E46A5
2019-09-12 10:20:55,571 [pool-49-thread-1] INFO  impl.RaftServerImpl (RaftServerImpl.java:setRole(171)) - 6ee6d104-7057-4fca-83c0-db864f4c6adb:group-624D266E46A5 changes role from null to FOLLOWER at term 0 for startAsFollower
2019-09-12 10:20:55,571 [pool-49-thread-1] INFO  impl.RoleInfo (RoleInfo.java:updateAndGet(143)) - 6ee6d104-7057-4fca-83c0-db864f4c6adb: start FollowerState
2019-09-12 10:20:55,572 [pool-49-thread-1] INFO  util.JmxRegister (JmxRegister.java:tryRegister(44)) - Successfully registered JMX Bean with object name Ratis:service=RaftServer,group=group-624D266E46A5,id=6ee6d104-7057-4fca-83c0-db864f4c6adb
2019-09-12 10:20:55,583 [RatisPipelineUtilsThread] INFO  pipeline.PipelineStateManager (PipelineStateManager.java:addPipeline(56)) - Created pipeline Pipeline[ Id: 61b3fcec-320e-4334-92be-624d266e46a5, Nodes: 6ee6d104-7057-4fca-83c0-db864f4c6adb{ip: 192.168.157.195, host: pr-hdds-1569-xtfnx-3545843844, networkLocation: /default-rack, certSerialId: null}, Type:RATIS, Factor:ONE, State:OPEN]
2019-09-12 10:20:55,598 [grpc-default-executor-0] INFO  impl.RaftServerProxy (RaftServerProxy.java:addNew(89)) - 6ee6d104-7057-4fca-83c0-db864f4c6adb: addNew group-F2E85F765ED9:[6ee6d104-7057-4fca-83c0-db864f4c6adb:192.168.157.195:35734] returns group-F2E85F765ED9:java.util.concurrent.CompletableFuture@35538264[Not completed]
2019-09-12 10:20:55,600 [pool-49-thread-1] INFO  impl.RaftServerImpl (RaftServerImpl.java:<init>(93)) - 6ee6d104-7057-4fca-83c0-db864f4c6adb: new RaftServerImpl for group-F2E85F765ED9:[6ee6d104-7057-4fca-83c0-db864f4c6adb:192.168.157.195:35734] with ContainerStateMachine:uninitialized
2019-09-12 10:20:55,600 [pool-49-thread-1] INFO  server.RaftServerConfigKeys (ConfUtils.java:logGet(43)) - raft.server.rpc.timeout.min = 5s (custom)
2019-09-12 10:20:55,600 [pool-49-thread-1] INFO  server.RaftServerConfigKeys (ConfUtils.java:logGet(43)) - raft.server.rpc.timeout.max = 5200ms (custom)
2019-09-12 10:20:55,601 [pool-49-thread-1] INFO  server.RaftServerConfigKeys (ConfUtils.java:logGet(43)) - raft.server.rpcslowness.timeout = 120s (custom)
2019-09-12 10:20:55,601 [pool-49-thread-1] INFO  server.RaftServerConfigKeys (ConfUtils.java:logGet(43)) - raft.server.sleep.deviation.threshold = 300 (default)
2019-09-12 10:20:55,601 [pool-49-thread-1] INFO  server.RaftServerConfigKeys (ConfUtils.java:logGet(43)) - raft.server.log.appender.install.snapshot.enabled = false (custom)
2019-09-12 10:20:55,601 [pool-49-thread-1] INFO  impl.RaftServerImpl (ServerState.java:<init>(105)) - 6ee6d104-7057-4fca-83c0-db864f4c6adb:group-F2E85F765ED9 ConfigurationManager, init=-1: [6ee6d104-7057-4fca-83c0-db864f4c6adb:192.168.157.195:35734], old=null, confs=<EMPTY_MAP>
2019-09-12 10:20:55,601 [pool-49-thread-1] INFO  server.RaftServerConfigKeys (ConfUtils.java:logGet(43)) - raft.server.storage.dir = [/workdir/hadoop-ozone/integration-test/target/test-dir/MiniOzoneClusterImpl-afc08962-9222-4e3d-8fb5-552b5e422aae/datanode-2/data/ratis] (custom)
2019-09-12 10:20:55,602 [pool-49-thread-1] INFO  storage.RaftStorageDirectory (RaftStorageDirectory.java:analyzeStorage(246)) - The storage directory /workdir/hadoop-ozone/integration-test/target/test-dir/MiniOzoneClusterImpl-afc08962-9222-4e3d-8fb5-552b5e422aae/datanode-2/data/ratis/4cc56520-b186-43f9-9f89-f2e85f765ed9 does not exist. Creating ...
2019-09-12 10:20:55,615 [pool-49-thread-1] INFO  storage.RaftStorageDirectory (RaftStorageDirectory.java:tryLock(328)) - Lock on /workdir/hadoop-ozone/integration-test/target/test-dir/MiniOzoneClusterImpl-afc08962-9222-4e3d-8fb5-552b5e422aae/datanode-2/data/ratis/4cc56520-b186-43f9-9f89-f2e85f765ed9/in_use.lock acquired by nodename 12036@pr-hdds-1569-xtfnx-3545843844
2019-09-12 10:20:55,628 [pool-49-thread-1] INFO  storage.RaftStorage (RaftStorage.java:format(72)) - Storage directory /workdir/hadoop-ozone/integration-test/target/test-dir/MiniOzoneClusterImpl-afc08962-9222-4e3d-8fb5-552b5e422aae/datanode-2/data/ratis/4cc56520-b186-43f9-9f89-f2e85f765ed9 has been successfully formatted.
2019-09-12 10:20:55,629 [pool-49-thread-1] INFO  ratis.ContainerStateMachine (ContainerStateMachine.java:loadSnapshot(226)) - group-F2E85F765ED9: The snapshot info is null. Setting the last applied indexto:(t:0, i:~)
2019-09-12 10:20:55,629 [pool-49-thread-1] INFO  server.RaftServerConfigKeys (ConfUtils.java:logGet(43)) - raft.server.leader.election.timeout = 120s (custom)
2019-09-12 10:20:55,629 [pool-49-thread-1] INFO  server.RaftServerConfigKeys (ConfUtils.java:logGet(43)) - raft.server.log.use.memory = false (default)
2019-09-12 10:20:55,629 [pool-49-thread-1] INFO  server.RaftServerConfigKeys (ConfUtils.java:logGet(43)) - raft.server.log.purge.gap = 1000000 (custom)
2019-09-12 10:20:55,630 [pool-49-thread-1] INFO  server.RaftServerConfigKeys (ConfUtils.java:logGet(43)) - raft.server.log.appender.buffer.byte-limit = 33554432 (custom)
2019-09-12 10:20:55,630 [pool-49-thread-1] INFO  server.RaftServerConfigKeys (ConfUtils.java:logGet(43)) - raft.server.log.segment.size.max = 1048576 (custom)
2019-09-12 10:20:55,630 [pool-49-thread-1] INFO  server.RaftServerConfigKeys (ConfUtils.java:logGet(43)) - raft.server.log.segment.cache.num.max = 2 (custom)
2019-09-12 10:20:55,630 [pool-49-thread-1] INFO  segmented.SegmentedRaftLogWorker (SegmentedRaftLogWorker.java:<init>(172)) - new 6ee6d104-7057-4fca-83c0-db864f4c6adb-SegmentedRaftLogWorker:Storage Directory /workdir/hadoop-ozone/integration-test/target/test-dir/MiniOzoneClusterImpl-afc08962-9222-4e3d-8fb5-552b5e422aae/datanode-2/data/ratis/4cc56520-b186-43f9-9f89-f2e85f765ed9 for RaftStorage:Storage Directory /workdir/hadoop-ozone/integration-test/target/test-dir/MiniOzoneClusterImpl-afc08962-9222-4e3d-8fb5-552b5e422aae/datanode-2/data/ratis/4cc56520-b186-43f9-9f89-f2e85f765ed9
2019-09-12 10:20:55,630 [pool-49-thread-1] INFO  server.RaftServerConfigKeys (ConfUtils.java:logGet(43)) - raft.server.log.queue.byte-limit = 2147483647 (custom)
2019-09-12 10:20:55,630 [pool-49-thread-1] INFO  server.RaftServerConfigKeys (ConfUtils.java:logGet(43)) - raft.server.log.queue.element-limit = 1024 (custom)
2019-09-12 10:20:55,631 [pool-49-thread-1] INFO  server.RaftServerConfigKeys (ConfUtils.java:logGet(43)) - raft.server.log.segment.size.max = 1048576 (custom)
2019-09-12 10:20:55,631 [pool-49-thread-1] INFO  server.RaftServerConfigKeys (ConfUtils.java:logGet(43)) - raft.server.log.preallocated.size = 16384 (custom)
2019-09-12 10:20:55,631 [pool-49-thread-1] INFO  server.RaftServerConfigKeys (ConfUtils.java:logGet(43)) - raft.server.log.write.buffer.size = 33554432 (custom)
2019-09-12 10:20:55,631 [pool-49-thread-1] INFO  server.RaftServerConfigKeys (ConfUtils.java:logGet(43)) - raft.server.log.force.sync.num = 128 (default)
2019-09-12 10:20:55,631 [pool-49-thread-1] INFO  server.RaftServerConfigKeys (ConfUtils.java:logGet(43)) - raft.server.log.statemachine.data.sync = true (default)
2019-09-12 10:20:55,631 [pool-49-thread-1] INFO  server.RaftServerConfigKeys (ConfUtils.java:logGet(43)) - raft.server.log.statemachine.data.sync.timeout = 10s (default)
2019-09-12 10:20:55,632 [pool-49-thread-1] INFO  server.RaftServerConfigKeys (ConfUtils.java:logGet(43)) - raft.server.log.statemachine.data.sync.timeout.retry = -1 (default)
2019-09-12 10:20:55,632 [pool-49-thread-1] INFO  server.RaftServerConfigKeys (ConfUtils.java:logGet(43)) - raft.server.log.statemachine.data.caching.enabled = true (custom)
2019-09-12 10:20:55,632 [pool-49-thread-1] INFO  segmented.SegmentedRaftLogWorker (SegmentedRaftLogWorker.java:lambda$new$0(132)) - 6ee6d104-7057-4fca-83c0-db864f4c6adb-SegmentedRaftLogWorker:Storage Directory /workdir/hadoop-ozone/integration-test/target/test-dir/MiniOzoneClusterImpl-afc08962-9222-4e3d-8fb5-552b5e422aae/datanode-2/data/ratis/4cc56520-b186-43f9-9f89-f2e85f765ed9: flushIndex: setUnconditionally 0 -> -1
2019-09-12 10:20:55,633 [pool-49-thread-1] INFO  server.RaftServerConfigKeys (ConfUtils.java:logGet(43)) - raft.server.snapshot.auto.trigger.enabled = true (custom)
2019-09-12 10:20:55,633 [pool-49-thread-1] INFO  server.RaftServerConfigKeys (ConfUtils.java:logGet(43)) - raft.server.snapshot.auto.trigger.threshold = 10000 (custom)
2019-09-12 10:20:55,633 [pool-49-thread-1] INFO  server.RaftServerConfigKeys (ConfUtils.java:logGet(43)) - raft.server.retrycache.expirytime = 600000ms (custom)
2019-09-12 10:20:55,633 [pool-49-thread-1] INFO  impl.RaftServerImpl (RaftServerImpl.java:start(180)) - 6ee6d104-7057-4fca-83c0-db864f4c6adb: start group-F2E85F765ED9
2019-09-12 10:20:55,634 [pool-49-thread-1] INFO  impl.RaftServerImpl (RaftServerImpl.java:setRole(171)) - 6ee6d104-7057-4fca-83c0-db864f4c6adb:group-F2E85F765ED9 changes role from null to FOLLOWER at term 0 for startAsFollower
2019-09-12 10:20:55,634 [pool-49-thread-1] INFO  impl.RoleInfo (RoleInfo.java:updateAndGet(143)) - 6ee6d104-7057-4fca-83c0-db864f4c6adb: start FollowerState
2019-09-12 10:20:55,634 [pool-49-thread-1] INFO  util.JmxRegister (JmxRegister.java:tryRegister(44)) - Successfully registered JMX Bean with object name Ratis:service=RaftServer,group=group-F2E85F765ED9,id=6ee6d104-7057-4fca-83c0-db864f4c6adb
2019-09-12 10:20:55,645 [RatisPipelineUtilsThread] INFO  pipeline.PipelineStateManager (PipelineStateManager.java:addPipeline(56)) - Created pipeline Pipeline[ Id: 4cc56520-b186-43f9-9f89-f2e85f765ed9, Nodes: 6ee6d104-7057-4fca-83c0-db864f4c6adb{ip: 192.168.157.195, host: pr-hdds-1569-xtfnx-3545843844, networkLocation: /default-rack, certSerialId: null}, Type:RATIS, Factor:ONE, State:OPEN]
2019-09-12 10:20:55,668 [grpc-default-executor-0] INFO  impl.RaftServerProxy (RaftServerProxy.java:addNew(89)) - 2d34cfa1-ae82-414b-bae6-717ee002fe05: addNew group-43ACD40DDEDB:[2d34cfa1-ae82-414b-bae6-717ee002fe05:192.168.157.195:46440] returns group-43ACD40DDEDB:java.util.concurrent.CompletableFuture@3ae12de0[Not completed]
2019-09-12 10:20:55,672 [pool-71-thread-1] INFO  impl.RaftServerImpl (RaftServerImpl.java:<init>(93)) - 2d34cfa1-ae82-414b-bae6-717ee002fe05: new RaftServerImpl for group-43ACD40DDEDB:[2d34cfa1-ae82-414b-bae6-717ee002fe05:192.168.157.195:46440] with ContainerStateMachine:uninitialized
2019-09-12 10:20:55,672 [pool-71-thread-1] INFO  server.RaftServerConfigKeys (ConfUtils.java:logGet(43)) - raft.server.rpc.timeout.min = 5s (custom)
2019-09-12 10:20:55,672 [pool-71-thread-1] INFO  server.RaftServerConfigKeys (ConfUtils.java:logGet(43)) - raft.server.rpc.timeout.max = 5200ms (custom)
2019-09-12 10:20:55,672 [pool-71-thread-1] INFO  server.RaftServerConfigKeys (ConfUtils.java:logGet(43)) - raft.server.rpcslowness.timeout = 120s (custom)
2019-09-12 10:20:55,672 [pool-71-thread-1] INFO  server.RaftServerConfigKeys (ConfUtils.java:logGet(43)) - raft.server.sleep.deviation.threshold = 300 (default)
2019-09-12 10:20:55,672 [pool-71-thread-1] INFO  server.RaftServerConfigKeys (ConfUtils.java:logGet(43)) - raft.server.log.appender.install.snapshot.enabled = false (custom)
2019-09-12 10:20:55,673 [pool-71-thread-1] INFO  impl.RaftServerImpl (ServerState.java:<init>(105)) - 2d34cfa1-ae82-414b-bae6-717ee002fe05:group-43ACD40DDEDB ConfigurationManager, init=-1: [2d34cfa1-ae82-414b-bae6-717ee002fe05:192.168.157.195:46440], old=null, confs=<EMPTY_MAP>
2019-09-12 10:20:55,673 [pool-71-thread-1] INFO  server.RaftServerConfigKeys (ConfUtils.java:logGet(43)) - raft.server.storage.dir = [/workdir/hadoop-ozone/integration-test/target/test-dir/MiniOzoneClusterImpl-afc08962-9222-4e3d-8fb5-552b5e422aae/datanode-4/data/ratis] (custom)
2019-09-12 10:20:55,673 | INFO  | SCMAudit | user=jenkins1000 | ip=192.168.157.195 | op=SEND_HEARTBEAT {datanodeUUID=807fe137-5703-4ca0-bc4b-d1bf019678ec, command=[]} | ret=SUCCESS |  
2019-09-12 10:20:55,673 [pool-71-thread-1] INFO  storage.RaftStorageDirectory (RaftStorageDirectory.java:analyzeStorage(246)) - The storage directory /workdir/hadoop-ozone/integration-test/target/test-dir/MiniOzoneClusterImpl-afc08962-9222-4e3d-8fb5-552b5e422aae/datanode-4/data/ratis/b65933a5-1d4b-4750-b380-43acd40ddedb does not exist. Creating ...
2019-09-12 10:20:55,687 [pool-71-thread-1] INFO  storage.RaftStorageDirectory (RaftStorageDirectory.java:tryLock(328)) - Lock on /workdir/hadoop-ozone/integration-test/target/test-dir/MiniOzoneClusterImpl-afc08962-9222-4e3d-8fb5-552b5e422aae/datanode-4/data/ratis/b65933a5-1d4b-4750-b380-43acd40ddedb/in_use.lock acquired by nodename 12036@pr-hdds-1569-xtfnx-3545843844
2019-09-12 10:20:55,700 [pool-71-thread-1] INFO  storage.RaftStorage (RaftStorage.java:format(72)) - Storage directory /workdir/hadoop-ozone/integration-test/target/test-dir/MiniOzoneClusterImpl-afc08962-9222-4e3d-8fb5-552b5e422aae/datanode-4/data/ratis/b65933a5-1d4b-4750-b380-43acd40ddedb has been successfully formatted.
2019-09-12 10:20:55,700 [pool-71-thread-1] INFO  ratis.ContainerStateMachine (ContainerStateMachine.java:loadSnapshot(226)) - group-43ACD40DDEDB: The snapshot info is null. Setting the last applied indexto:(t:0, i:~)
2019-09-12 10:20:55,700 [pool-71-thread-1] INFO  server.RaftServerConfigKeys (ConfUtils.java:logGet(43)) - raft.server.leader.election.timeout = 120s (custom)
2019-09-12 10:20:55,700 [pool-71-thread-1] INFO  server.RaftServerConfigKeys (ConfUtils.java:logGet(43)) - raft.server.log.use.memory = false (default)
2019-09-12 10:20:55,700 [pool-71-thread-1] INFO  server.RaftServerConfigKeys (ConfUtils.java:logGet(43)) - raft.server.log.purge.gap = 1000000 (custom)
2019-09-12 10:20:55,701 [pool-71-thread-1] INFO  server.RaftServerConfigKeys (ConfUtils.java:logGet(43)) - raft.server.log.appender.buffer.byte-limit = 33554432 (custom)
2019-09-12 10:20:55,701 [pool-71-thread-1] INFO  server.RaftServerConfigKeys (ConfUtils.java:logGet(43)) - raft.server.log.segment.size.max = 1048576 (custom)
2019-09-12 10:20:55,701 [pool-71-thread-1] INFO  server.RaftServerConfigKeys (ConfUtils.java:logGet(43)) - raft.server.log.segment.cache.num.max = 2 (custom)
2019-09-12 10:20:55,701 [pool-71-thread-1] INFO  segmented.SegmentedRaftLogWorker (SegmentedRaftLogWorker.java:<init>(172)) - new 2d34cfa1-ae82-414b-bae6-717ee002fe05-SegmentedRaftLogWorker:Storage Directory /workdir/hadoop-ozone/integration-test/target/test-dir/MiniOzoneClusterImpl-afc08962-9222-4e3d-8fb5-552b5e422aae/datanode-4/data/ratis/b65933a5-1d4b-4750-b380-43acd40ddedb for RaftStorage:Storage Directory /workdir/hadoop-ozone/integration-test/target/test-dir/MiniOzoneClusterImpl-afc08962-9222-4e3d-8fb5-552b5e422aae/datanode-4/data/ratis/b65933a5-1d4b-4750-b380-43acd40ddedb
2019-09-12 10:20:55,701 [pool-71-thread-1] INFO  server.RaftServerConfigKeys (ConfUtils.java:logGet(43)) - raft.server.log.queue.byte-limit = 2147483647 (custom)
2019-09-12 10:20:55,702 [pool-71-thread-1] INFO  server.RaftServerConfigKeys (ConfUtils.java:logGet(43)) - raft.server.log.queue.element-limit = 1024 (custom)
2019-09-12 10:20:55,702 [pool-71-thread-1] INFO  server.RaftServerConfigKeys (ConfUtils.java:logGet(43)) - raft.server.log.segment.size.max = 1048576 (custom)
2019-09-12 10:20:55,702 [pool-71-thread-1] INFO  server.RaftServerConfigKeys (ConfUtils.java:logGet(43)) - raft.server.log.preallocated.size = 16384 (custom)
2019-09-12 10:20:55,702 [pool-71-thread-1] INFO  server.RaftServerConfigKeys (ConfUtils.java:logGet(43)) - raft.server.log.write.buffer.size = 33554432 (custom)
2019-09-12 10:20:55,702 [pool-71-thread-1] INFO  server.RaftServerConfigKeys (ConfUtils.java:logGet(43)) - raft.server.log.force.sync.num = 128 (default)
2019-09-12 10:20:55,702 [pool-71-thread-1] INFO  server.RaftServerConfigKeys (ConfUtils.java:logGet(43)) - raft.server.log.statemachine.data.sync = true (default)
2019-09-12 10:20:55,703 [pool-71-thread-1] INFO  server.RaftServerConfigKeys (ConfUtils.java:logGet(43)) - raft.server.log.statemachine.data.sync.timeout = 10s (default)
2019-09-12 10:20:55,703 [pool-71-thread-1] INFO  server.RaftServerConfigKeys (ConfUtils.java:logGet(43)) - raft.server.log.statemachine.data.sync.timeout.retry = -1 (default)
2019-09-12 10:20:55,703 [pool-71-thread-1] INFO  server.RaftServerConfigKeys (ConfUtils.java:logGet(43)) - raft.server.log.statemachine.data.caching.enabled = true (custom)
2019-09-12 10:20:55,704 [pool-71-thread-1] INFO  segmented.SegmentedRaftLogWorker (SegmentedRaftLogWorker.java:lambda$new$0(132)) - 2d34cfa1-ae82-414b-bae6-717ee002fe05-SegmentedRaftLogWorker:Storage Directory /workdir/hadoop-ozone/integration-test/target/test-dir/MiniOzoneClusterImpl-afc08962-9222-4e3d-8fb5-552b5e422aae/datanode-4/data/ratis/b65933a5-1d4b-4750-b380-43acd40ddedb: flushIndex: setUnconditionally 0 -> -1
2019-09-12 10:20:55,704 [pool-71-thread-1] INFO  server.RaftServerConfigKeys (ConfUtils.java:logGet(43)) - raft.server.snapshot.auto.trigger.enabled = true (custom)
2019-09-12 10:20:55,704 [pool-71-thread-1] INFO  server.RaftServerConfigKeys (ConfUtils.java:logGet(43)) - raft.server.snapshot.auto.trigger.threshold = 10000 (custom)
2019-09-12 10:20:55,704 [pool-71-thread-1] INFO  server.RaftServerConfigKeys (ConfUtils.java:logGet(43)) - raft.server.retrycache.expirytime = 600000ms (custom)
2019-09-12 10:20:55,705 [pool-71-thread-1] INFO  impl.RaftServerImpl (RaftServerImpl.java:start(180)) - 2d34cfa1-ae82-414b-bae6-717ee002fe05: start group-43ACD40DDEDB
2019-09-12 10:20:55,705 [pool-71-thread-1] INFO  impl.RaftServerImpl (RaftServerImpl.java:setRole(171)) - 2d34cfa1-ae82-414b-bae6-717ee002fe05:group-43ACD40DDEDB changes role from null to FOLLOWER at term 0 for startAsFollower
2019-09-12 10:20:55,705 [pool-71-thread-1] INFO  impl.RoleInfo (RoleInfo.java:updateAndGet(143)) - 2d34cfa1-ae82-414b-bae6-717ee002fe05: start FollowerState
2019-09-12 10:20:55,705 [pool-71-thread-1] INFO  util.JmxRegister (JmxRegister.java:tryRegister(44)) - Successfully registered JMX Bean with object name Ratis:service=RaftServer,group=group-43ACD40DDEDB,id=2d34cfa1-ae82-414b-bae6-717ee002fe05
2019-09-12 10:20:55,715 [RatisPipelineUtilsThread] INFO  pipeline.PipelineStateManager (PipelineStateManager.java:addPipeline(56)) - Created pipeline Pipeline[ Id: b65933a5-1d4b-4750-b380-43acd40ddedb, Nodes: 2d34cfa1-ae82-414b-bae6-717ee002fe05{ip: 192.168.157.195, host: pr-hdds-1569-xtfnx-3545843844, networkLocation: /default-rack, certSerialId: null}, Type:RATIS, Factor:ONE, State:OPEN]
2019-09-12 10:20:55,729 [grpc-default-executor-0] INFO  impl.RaftServerProxy (RaftServerProxy.java:addNew(89)) - 80f8a078-74d1-4787-8700-3441e69ebe61: addNew group-06033F56DD8D:[80f8a078-74d1-4787-8700-3441e69ebe61:192.168.157.195:39355] returns group-06033F56DD8D:java.util.concurrent.CompletableFuture@128cfba4[Not completed]
2019-09-12 10:20:55,731 [pool-38-thread-1] INFO  impl.RaftServerImpl (RaftServerImpl.java:<init>(93)) - 80f8a078-74d1-4787-8700-3441e69ebe61: new RaftServerImpl for group-06033F56DD8D:[80f8a078-74d1-4787-8700-3441e69ebe61:192.168.157.195:39355] with ContainerStateMachine:uninitialized
2019-09-12 10:20:55,731 [pool-38-thread-1] INFO  server.RaftServerConfigKeys (ConfUtils.java:logGet(43)) - raft.server.rpc.timeout.min = 5s (custom)
2019-09-12 10:20:55,731 [pool-38-thread-1] INFO  server.RaftServerConfigKeys (ConfUtils.java:logGet(43)) - raft.server.rpc.timeout.max = 5200ms (custom)
2019-09-12 10:20:55,731 [pool-38-thread-1] INFO  server.RaftServerConfigKeys (ConfUtils.java:logGet(43)) - raft.server.rpcslowness.timeout = 120s (custom)
2019-09-12 10:20:55,731 [pool-38-thread-1] INFO  server.RaftServerConfigKeys (ConfUtils.java:logGet(43)) - raft.server.sleep.deviation.threshold = 300 (default)
2019-09-12 10:20:55,731 [pool-38-thread-1] INFO  server.RaftServerConfigKeys (ConfUtils.java:logGet(43)) - raft.server.log.appender.install.snapshot.enabled = false (custom)
2019-09-12 10:20:55,731 [pool-38-thread-1] INFO  impl.RaftServerImpl (ServerState.java:<init>(105)) - 80f8a078-74d1-4787-8700-3441e69ebe61:group-06033F56DD8D ConfigurationManager, init=-1: [80f8a078-74d1-4787-8700-3441e69ebe61:192.168.157.195:39355], old=null, confs=<EMPTY_MAP>
2019-09-12 10:20:55,732 [pool-38-thread-1] INFO  server.RaftServerConfigKeys (ConfUtils.java:logGet(43)) - raft.server.storage.dir = [/workdir/hadoop-ozone/integration-test/target/test-dir/MiniOzoneClusterImpl-afc08962-9222-4e3d-8fb5-552b5e422aae/datanode-1/data/ratis] (custom)
2019-09-12 10:20:55,732 [pool-38-thread-1] INFO  storage.RaftStorageDirectory (RaftStorageDirectory.java:analyzeStorage(246)) - The storage directory /workdir/hadoop-ozone/integration-test/target/test-dir/MiniOzoneClusterImpl-afc08962-9222-4e3d-8fb5-552b5e422aae/datanode-1/data/ratis/a048de5b-69c0-441e-98cd-06033f56dd8d does not exist. Creating ...
2019-09-12 10:20:55,744 [pool-38-thread-1] INFO  storage.RaftStorageDirectory (RaftStorageDirectory.java:tryLock(328)) - Lock on /workdir/hadoop-ozone/integration-test/target/test-dir/MiniOzoneClusterImpl-afc08962-9222-4e3d-8fb5-552b5e422aae/datanode-1/data/ratis/a048de5b-69c0-441e-98cd-06033f56dd8d/in_use.lock acquired by nodename 12036@pr-hdds-1569-xtfnx-3545843844
2019-09-12 10:20:55,757 [pool-38-thread-1] INFO  storage.RaftStorage (RaftStorage.java:format(72)) - Storage directory /workdir/hadoop-ozone/integration-test/target/test-dir/MiniOzoneClusterImpl-afc08962-9222-4e3d-8fb5-552b5e422aae/datanode-1/data/ratis/a048de5b-69c0-441e-98cd-06033f56dd8d has been successfully formatted.
2019-09-12 10:20:55,757 [pool-38-thread-1] INFO  ratis.ContainerStateMachine (ContainerStateMachine.java:loadSnapshot(226)) - group-06033F56DD8D: The snapshot info is null. Setting the last applied indexto:(t:0, i:~)
2019-09-12 10:20:55,757 [pool-38-thread-1] INFO  server.RaftServerConfigKeys (ConfUtils.java:logGet(43)) - raft.server.leader.election.timeout = 120s (custom)
2019-09-12 10:20:55,758 [pool-38-thread-1] INFO  server.RaftServerConfigKeys (ConfUtils.java:logGet(43)) - raft.server.log.use.memory = false (default)
2019-09-12 10:20:55,758 [pool-38-thread-1] INFO  server.RaftServerConfigKeys (ConfUtils.java:logGet(43)) - raft.server.log.purge.gap = 1000000 (custom)
2019-09-12 10:20:55,758 [pool-38-thread-1] INFO  server.RaftServerConfigKeys (ConfUtils.java:logGet(43)) - raft.server.log.appender.buffer.byte-limit = 33554432 (custom)
2019-09-12 10:20:55,758 [pool-38-thread-1] INFO  server.RaftServerConfigKeys (ConfUtils.java:logGet(43)) - raft.server.log.segment.size.max = 1048576 (custom)
2019-09-12 10:20:55,758 [pool-38-thread-1] INFO  server.RaftServerConfigKeys (ConfUtils.java:logGet(43)) - raft.server.log.segment.cache.num.max = 2 (custom)
2019-09-12 10:20:55,758 [pool-38-thread-1] INFO  segmented.SegmentedRaftLogWorker (SegmentedRaftLogWorker.java:<init>(172)) - new 80f8a078-74d1-4787-8700-3441e69ebe61-SegmentedRaftLogWorker:Storage Directory /workdir/hadoop-ozone/integration-test/target/test-dir/MiniOzoneClusterImpl-afc08962-9222-4e3d-8fb5-552b5e422aae/datanode-1/data/ratis/a048de5b-69c0-441e-98cd-06033f56dd8d for RaftStorage:Storage Directory /workdir/hadoop-ozone/integration-test/target/test-dir/MiniOzoneClusterImpl-afc08962-9222-4e3d-8fb5-552b5e422aae/datanode-1/data/ratis/a048de5b-69c0-441e-98cd-06033f56dd8d
2019-09-12 10:20:55,758 [pool-38-thread-1] INFO  server.RaftServerConfigKeys (ConfUtils.java:logGet(43)) - raft.server.log.queue.byte-limit = 2147483647 (custom)
2019-09-12 10:20:55,759 [pool-38-thread-1] INFO  server.RaftServerConfigKeys (ConfUtils.java:logGet(43)) - raft.server.log.queue.element-limit = 1024 (custom)
2019-09-12 10:20:55,759 [pool-38-thread-1] INFO  server.RaftServerConfigKeys (ConfUtils.java:logGet(43)) - raft.server.log.segment.size.max = 1048576 (custom)
2019-09-12 10:20:55,759 [pool-38-thread-1] INFO  server.RaftServerConfigKeys (ConfUtils.java:logGet(43)) - raft.server.log.preallocated.size = 16384 (custom)
2019-09-12 10:20:55,759 [pool-38-thread-1] INFO  server.RaftServerConfigKeys (ConfUtils.java:logGet(43)) - raft.server.log.write.buffer.size = 33554432 (custom)
2019-09-12 10:20:55,759 [pool-38-thread-1] INFO  server.RaftServerConfigKeys (ConfUtils.java:logGet(43)) - raft.server.log.force.sync.num = 128 (default)
2019-09-12 10:20:55,759 [pool-38-thread-1] INFO  server.RaftServerConfigKeys (ConfUtils.java:logGet(43)) - raft.server.log.statemachine.data.sync = true (default)
2019-09-12 10:20:55,759 [pool-38-thread-1] INFO  server.RaftServerConfigKeys (ConfUtils.java:logGet(43)) - raft.server.log.statemachine.data.sync.timeout = 10s (default)
2019-09-12 10:20:55,760 [pool-38-thread-1] INFO  server.RaftServerConfigKeys (ConfUtils.java:logGet(43)) - raft.server.log.statemachine.data.sync.timeout.retry = -1 (default)
2019-09-12 10:20:55,760 [pool-38-thread-1] INFO  server.RaftServerConfigKeys (ConfUtils.java:logGet(43)) - raft.server.log.statemachine.data.caching.enabled = true (custom)
2019-09-12 10:20:55,760 [pool-38-thread-1] INFO  segmented.SegmentedRaftLogWorker (SegmentedRaftLogWorker.java:lambda$new$0(132)) - 80f8a078-74d1-4787-8700-3441e69ebe61-SegmentedRaftLogWorker:Storage Directory /workdir/hadoop-ozone/integration-test/target/test-dir/MiniOzoneClusterImpl-afc08962-9222-4e3d-8fb5-552b5e422aae/datanode-1/data/ratis/a048de5b-69c0-441e-98cd-06033f56dd8d: flushIndex: setUnconditionally 0 -> -1
2019-09-12 10:20:55,760 [pool-38-thread-1] INFO  server.RaftServerConfigKeys (ConfUtils.java:logGet(43)) - raft.server.snapshot.auto.trigger.enabled = true (custom)
2019-09-12 10:20:55,760 [pool-38-thread-1] INFO  server.RaftServerConfigKeys (ConfUtils.java:logGet(43)) - raft.server.snapshot.auto.trigger.threshold = 10000 (custom)
2019-09-12 10:20:55,761 [pool-38-thread-1] INFO  server.RaftServerConfigKeys (ConfUtils.java:logGet(43)) - raft.server.retrycache.expirytime = 600000ms (custom)
2019-09-12 10:20:55,761 [pool-38-thread-1] INFO  impl.RaftServerImpl (RaftServerImpl.java:start(180)) - 80f8a078-74d1-4787-8700-3441e69ebe61: start group-06033F56DD8D
2019-09-12 10:20:55,761 [pool-38-thread-1] INFO  impl.RaftServerImpl (RaftServerImpl.java:setRole(171)) - 80f8a078-74d1-4787-8700-3441e69ebe61:group-06033F56DD8D changes role from null to FOLLOWER at term 0 for startAsFollower
2019-09-12 10:20:55,761 [pool-38-thread-1] INFO  impl.RoleInfo (RoleInfo.java:updateAndGet(143)) - 80f8a078-74d1-4787-8700-3441e69ebe61: start FollowerState
2019-09-12 10:20:55,761 [pool-38-thread-1] INFO  util.JmxRegister (JmxRegister.java:tryRegister(44)) - Successfully registered JMX Bean with object name Ratis:service=RaftServer,group=group-06033F56DD8D,id=80f8a078-74d1-4787-8700-3441e69ebe61
2019-09-12 10:20:55,769 [RatisPipelineUtilsThread] INFO  pipeline.PipelineStateManager (PipelineStateManager.java:addPipeline(56)) - Created pipeline Pipeline[ Id: a048de5b-69c0-441e-98cd-06033f56dd8d, Nodes: 80f8a078-74d1-4787-8700-3441e69ebe61{ip: 192.168.157.195, host: pr-hdds-1569-xtfnx-3545843844, networkLocation: /default-rack, certSerialId: null}, Type:RATIS, Factor:ONE, State:OPEN]
2019-09-12 10:20:55,781 [grpc-default-executor-0] INFO  impl.RaftServerProxy (RaftServerProxy.java:addNew(89)) - 807fe137-5703-4ca0-bc4b-d1bf019678ec: addNew group-DB0224F94D33:[807fe137-5703-4ca0-bc4b-d1bf019678ec:192.168.157.195:37427] returns group-DB0224F94D33:java.util.concurrent.CompletableFuture@7f4a1d28[Not completed]
2019-09-12 10:20:55,783 [pool-27-thread-1] INFO  impl.RaftServerImpl (RaftServerImpl.java:<init>(93)) - 807fe137-5703-4ca0-bc4b-d1bf019678ec: new RaftServerImpl for group-DB0224F94D33:[807fe137-5703-4ca0-bc4b-d1bf019678ec:192.168.157.195:37427] with ContainerStateMachine:uninitialized
2019-09-12 10:20:55,784 [pool-27-thread-1] INFO  server.RaftServerConfigKeys (ConfUtils.java:logGet(43)) - raft.server.rpc.timeout.min = 5s (custom)
2019-09-12 10:20:55,784 [pool-27-thread-1] INFO  server.RaftServerConfigKeys (ConfUtils.java:logGet(43)) - raft.server.rpc.timeout.max = 5200ms (custom)
2019-09-12 10:20:55,784 [pool-27-thread-1] INFO  server.RaftServerConfigKeys (ConfUtils.java:logGet(43)) - raft.server.rpcslowness.timeout = 120s (custom)
2019-09-12 10:20:55,784 [pool-27-thread-1] INFO  server.RaftServerConfigKeys (ConfUtils.java:logGet(43)) - raft.server.sleep.deviation.threshold = 300 (default)
2019-09-12 10:20:55,784 [pool-27-thread-1] INFO  server.RaftServerConfigKeys (ConfUtils.java:logGet(43)) - raft.server.log.appender.install.snapshot.enabled = false (custom)
2019-09-12 10:20:55,784 [pool-27-thread-1] INFO  impl.RaftServerImpl (ServerState.java:<init>(105)) - 807fe137-5703-4ca0-bc4b-d1bf019678ec:group-DB0224F94D33 ConfigurationManager, init=-1: [807fe137-5703-4ca0-bc4b-d1bf019678ec:192.168.157.195:37427], old=null, confs=<EMPTY_MAP>
2019-09-12 10:20:55,785 [pool-27-thread-1] INFO  server.RaftServerConfigKeys (ConfUtils.java:logGet(43)) - raft.server.storage.dir = [/workdir/hadoop-ozone/integration-test/target/test-dir/MiniOzoneClusterImpl-afc08962-9222-4e3d-8fb5-552b5e422aae/datanode-0/data/ratis] (custom)
2019-09-12 10:20:55,785 [pool-27-thread-1] INFO  storage.RaftStorageDirectory (RaftStorageDirectory.java:analyzeStorage(246)) - The storage directory /workdir/hadoop-ozone/integration-test/target/test-dir/MiniOzoneClusterImpl-afc08962-9222-4e3d-8fb5-552b5e422aae/datanode-0/data/ratis/75e31a95-1d54-4b4c-92fb-db0224f94d33 does not exist. Creating ...
2019-09-12 10:20:55,798 [pool-27-thread-1] INFO  storage.RaftStorageDirectory (RaftStorageDirectory.java:tryLock(328)) - Lock on /workdir/hadoop-ozone/integration-test/target/test-dir/MiniOzoneClusterImpl-afc08962-9222-4e3d-8fb5-552b5e422aae/datanode-0/data/ratis/75e31a95-1d54-4b4c-92fb-db0224f94d33/in_use.lock acquired by nodename 12036@pr-hdds-1569-xtfnx-3545843844
2019-09-12 10:20:55,820 [pool-27-thread-1] INFO  storage.RaftStorage (RaftStorage.java:format(72)) - Storage directory /workdir/hadoop-ozone/integration-test/target/test-dir/MiniOzoneClusterImpl-afc08962-9222-4e3d-8fb5-552b5e422aae/datanode-0/data/ratis/75e31a95-1d54-4b4c-92fb-db0224f94d33 has been successfully formatted.
2019-09-12 10:20:55,820 [pool-27-thread-1] INFO  ratis.ContainerStateMachine (ContainerStateMachine.java:loadSnapshot(226)) - group-DB0224F94D33: The snapshot info is null. Setting the last applied indexto:(t:0, i:~)
2019-09-12 10:20:55,820 [pool-27-thread-1] INFO  server.RaftServerConfigKeys (ConfUtils.java:logGet(43)) - raft.server.leader.election.timeout = 120s (custom)
2019-09-12 10:20:55,821 [pool-27-thread-1] INFO  server.RaftServerConfigKeys (ConfUtils.java:logGet(43)) - raft.server.log.use.memory = false (default)
2019-09-12 10:20:55,821 [pool-27-thread-1] INFO  server.RaftServerConfigKeys (ConfUtils.java:logGet(43)) - raft.server.log.purge.gap = 1000000 (custom)
2019-09-12 10:20:55,821 [pool-27-thread-1] INFO  server.RaftServerConfigKeys (ConfUtils.java:logGet(43)) - raft.server.log.appender.buffer.byte-limit = 33554432 (custom)
2019-09-12 10:20:55,821 [pool-27-thread-1] INFO  server.RaftServerConfigKeys (ConfUtils.java:logGet(43)) - raft.server.log.segment.size.max = 1048576 (custom)
2019-09-12 10:20:55,821 [pool-27-thread-1] INFO  server.RaftServerConfigKeys (ConfUtils.java:logGet(43)) - raft.server.log.segment.cache.num.max = 2 (custom)
2019-09-12 10:20:55,822 [pool-27-thread-1] INFO  segmented.SegmentedRaftLogWorker (SegmentedRaftLogWorker.java:<init>(172)) - new 807fe137-5703-4ca0-bc4b-d1bf019678ec-SegmentedRaftLogWorker:Storage Directory /workdir/hadoop-ozone/integration-test/target/test-dir/MiniOzoneClusterImpl-afc08962-9222-4e3d-8fb5-552b5e422aae/datanode-0/data/ratis/75e31a95-1d54-4b4c-92fb-db0224f94d33 for RaftStorage:Storage Directory /workdir/hadoop-ozone/integration-test/target/test-dir/MiniOzoneClusterImpl-afc08962-9222-4e3d-8fb5-552b5e422aae/datanode-0/data/ratis/75e31a95-1d54-4b4c-92fb-db0224f94d33
2019-09-12 10:20:55,822 [pool-27-thread-1] INFO  server.RaftServerConfigKeys (ConfUtils.java:logGet(43)) - raft.server.log.queue.byte-limit = 2147483647 (custom)
2019-09-12 10:20:55,822 [pool-27-thread-1] INFO  server.RaftServerConfigKeys (ConfUtils.java:logGet(43)) - raft.server.log.queue.element-limit = 1024 (custom)
2019-09-12 10:20:55,822 [pool-27-thread-1] INFO  server.RaftServerConfigKeys (ConfUtils.java:logGet(43)) - raft.server.log.segment.size.max = 1048576 (custom)
2019-09-12 10:20:55,822 [pool-27-thread-1] INFO  server.RaftServerConfigKeys (ConfUtils.java:logGet(43)) - raft.server.log.preallocated.size = 16384 (custom)
2019-09-12 10:20:55,823 [pool-27-thread-1] INFO  server.RaftServerConfigKeys (ConfUtils.java:logGet(43)) - raft.server.log.write.buffer.size = 33554432 (custom)
2019-09-12 10:20:55,823 [pool-27-thread-1] INFO  server.RaftServerConfigKeys (ConfUtils.java:logGet(43)) - raft.server.log.force.sync.num = 128 (default)
2019-09-12 10:20:55,823 [pool-27-thread-1] INFO  server.RaftServerConfigKeys (ConfUtils.java:logGet(43)) - raft.server.log.statemachine.data.sync = true (default)
2019-09-12 10:20:55,823 [pool-27-thread-1] INFO  server.RaftServerConfigKeys (ConfUtils.java:logGet(43)) - raft.server.log.statemachine.data.sync.timeout = 10s (default)
2019-09-12 10:20:55,823 [pool-27-thread-1] INFO  server.RaftServerConfigKeys (ConfUtils.java:logGet(43)) - raft.server.log.statemachine.data.sync.timeout.retry = -1 (default)
2019-09-12 10:20:55,824 [pool-27-thread-1] INFO  server.RaftServerConfigKeys (ConfUtils.java:logGet(43)) - raft.server.log.statemachine.data.caching.enabled = true (custom)
2019-09-12 10:20:55,824 [pool-27-thread-1] INFO  segmented.SegmentedRaftLogWorker (SegmentedRaftLogWorker.java:lambda$new$0(132)) - 807fe137-5703-4ca0-bc4b-d1bf019678ec-SegmentedRaftLogWorker:Storage Directory /workdir/hadoop-ozone/integration-test/target/test-dir/MiniOzoneClusterImpl-afc08962-9222-4e3d-8fb5-552b5e422aae/datanode-0/data/ratis/75e31a95-1d54-4b4c-92fb-db0224f94d33: flushIndex: setUnconditionally 0 -> -1
2019-09-12 10:20:55,825 [pool-27-thread-1] INFO  server.RaftServerConfigKeys (ConfUtils.java:logGet(43)) - raft.server.snapshot.auto.trigger.enabled = true (custom)
2019-09-12 10:20:55,825 [pool-27-thread-1] INFO  server.RaftServerConfigKeys (ConfUtils.java:logGet(43)) - raft.server.snapshot.auto.trigger.threshold = 10000 (custom)
2019-09-12 10:20:55,825 [pool-27-thread-1] INFO  server.RaftServerConfigKeys (ConfUtils.java:logGet(43)) - raft.server.retrycache.expirytime = 600000ms (custom)
2019-09-12 10:20:55,825 [pool-27-thread-1] INFO  impl.RaftServerImpl (RaftServerImpl.java:start(180)) - 807fe137-5703-4ca0-bc4b-d1bf019678ec: start group-DB0224F94D33
2019-09-12 10:20:55,825 [pool-27-thread-1] INFO  impl.RaftServerImpl (RaftServerImpl.java:setRole(171)) - 807fe137-5703-4ca0-bc4b-d1bf019678ec:group-DB0224F94D33 changes role from null to FOLLOWER at term 0 for startAsFollower
2019-09-12 10:20:55,826 [pool-27-thread-1] INFO  impl.RoleInfo (RoleInfo.java:updateAndGet(143)) - 807fe137-5703-4ca0-bc4b-d1bf019678ec: start FollowerState
2019-09-12 10:20:55,826 [pool-27-thread-1] INFO  util.JmxRegister (JmxRegister.java:tryRegister(44)) - Successfully registered JMX Bean with object name Ratis:service=RaftServer,group=group-DB0224F94D33,id=807fe137-5703-4ca0-bc4b-d1bf019678ec
2019-09-12 10:20:55,838 [RatisPipelineUtilsThread] INFO  pipeline.PipelineStateManager (PipelineStateManager.java:addPipeline(56)) - Created pipeline Pipeline[ Id: 75e31a95-1d54-4b4c-92fb-db0224f94d33, Nodes: 807fe137-5703-4ca0-bc4b-d1bf019678ec{ip: 192.168.157.195, host: pr-hdds-1569-xtfnx-3545843844, networkLocation: /default-rack, certSerialId: null}, Type:RATIS, Factor:ONE, State:OPEN]
2019-09-12 10:20:55,853 [grpc-default-executor-0] INFO  impl.RaftServerProxy (RaftServerProxy.java:addNew(89)) - 80f8a078-74d1-4787-8700-3441e69ebe61: addNew group-64D9203E5925:[80f8a078-74d1-4787-8700-3441e69ebe61:192.168.157.195:39355] returns group-64D9203E5925:java.util.concurrent.CompletableFuture@5ff05e96[Not completed]
2019-09-12 10:20:55,855 [pool-38-thread-1] INFO  impl.RaftServerImpl (RaftServerImpl.java:<init>(93)) - 80f8a078-74d1-4787-8700-3441e69ebe61: new RaftServerImpl for group-64D9203E5925:[80f8a078-74d1-4787-8700-3441e69ebe61:192.168.157.195:39355] with ContainerStateMachine:uninitialized
2019-09-12 10:20:55,856 [pool-38-thread-1] INFO  server.RaftServerConfigKeys (ConfUtils.java:logGet(43)) - raft.server.rpc.timeout.min = 5s (custom)
2019-09-12 10:20:55,856 [pool-38-thread-1] INFO  server.RaftServerConfigKeys (ConfUtils.java:logGet(43)) - raft.server.rpc.timeout.max = 5200ms (custom)
2019-09-12 10:20:55,856 [pool-38-thread-1] INFO  server.RaftServerConfigKeys (ConfUtils.java:logGet(43)) - raft.server.rpcslowness.timeout = 120s (custom)
2019-09-12 10:20:55,856 [pool-38-thread-1] INFO  server.RaftServerConfigKeys (ConfUtils.java:logGet(43)) - raft.server.sleep.deviation.threshold = 300 (default)
2019-09-12 10:20:55,856 [pool-38-thread-1] INFO  server.RaftServerConfigKeys (ConfUtils.java:logGet(43)) - raft.server.log.appender.install.snapshot.enabled = false (custom)
2019-09-12 10:20:55,856 [pool-38-thread-1] INFO  impl.RaftServerImpl (ServerState.java:<init>(105)) - 80f8a078-74d1-4787-8700-3441e69ebe61:group-64D9203E5925 ConfigurationManager, init=-1: [80f8a078-74d1-4787-8700-3441e69ebe61:192.168.157.195:39355], old=null, confs=<EMPTY_MAP>
2019-09-12 10:20:55,857 [pool-38-thread-1] INFO  server.RaftServerConfigKeys (ConfUtils.java:logGet(43)) - raft.server.storage.dir = [/workdir/hadoop-ozone/integration-test/target/test-dir/MiniOzoneClusterImpl-afc08962-9222-4e3d-8fb5-552b5e422aae/datanode-1/data/ratis] (custom)
2019-09-12 10:20:55,857 [pool-38-thread-1] INFO  storage.RaftStorageDirectory (RaftStorageDirectory.java:analyzeStorage(246)) - The storage directory /workdir/hadoop-ozone/integration-test/target/test-dir/MiniOzoneClusterImpl-afc08962-9222-4e3d-8fb5-552b5e422aae/datanode-1/data/ratis/79fe1718-c8ef-48fd-9239-64d9203e5925 does not exist. Creating ...
2019-09-12 10:20:55,870 [pool-38-thread-1] INFO  storage.RaftStorageDirectory (RaftStorageDirectory.java:tryLock(328)) - Lock on /workdir/hadoop-ozone/integration-test/target/test-dir/MiniOzoneClusterImpl-afc08962-9222-4e3d-8fb5-552b5e422aae/datanode-1/data/ratis/79fe1718-c8ef-48fd-9239-64d9203e5925/in_use.lock acquired by nodename 12036@pr-hdds-1569-xtfnx-3545843844
2019-09-12 10:20:55,884 [pool-38-thread-1] INFO  storage.RaftStorage (RaftStorage.java:format(72)) - Storage directory /workdir/hadoop-ozone/integration-test/target/test-dir/MiniOzoneClusterImpl-afc08962-9222-4e3d-8fb5-552b5e422aae/datanode-1/data/ratis/79fe1718-c8ef-48fd-9239-64d9203e5925 has been successfully formatted.
2019-09-12 10:20:55,884 [pool-38-thread-1] INFO  ratis.ContainerStateMachine (ContainerStateMachine.java:loadSnapshot(226)) - group-64D9203E5925: The snapshot info is null. Setting the last applied indexto:(t:0, i:~)
2019-09-12 10:20:55,884 [pool-38-thread-1] INFO  server.RaftServerConfigKeys (ConfUtils.java:logGet(43)) - raft.server.leader.election.timeout = 120s (custom)
2019-09-12 10:20:55,884 [pool-38-thread-1] INFO  server.RaftServerConfigKeys (ConfUtils.java:logGet(43)) - raft.server.log.use.memory = false (default)
2019-09-12 10:20:55,884 [pool-38-thread-1] INFO  server.RaftServerConfigKeys (ConfUtils.java:logGet(43)) - raft.server.log.purge.gap = 1000000 (custom)
2019-09-12 10:20:55,885 [pool-38-thread-1] INFO  server.RaftServerConfigKeys (ConfUtils.java:logGet(43)) - raft.server.log.appender.buffer.byte-limit = 33554432 (custom)
2019-09-12 10:20:55,885 [pool-38-thread-1] INFO  server.RaftServerConfigKeys (ConfUtils.java:logGet(43)) - raft.server.log.segment.size.max = 1048576 (custom)
2019-09-12 10:20:55,885 [pool-38-thread-1] INFO  server.RaftServerConfigKeys (ConfUtils.java:logGet(43)) - raft.server.log.segment.cache.num.max = 2 (custom)
2019-09-12 10:20:55,885 [pool-38-thread-1] INFO  segmented.SegmentedRaftLogWorker (SegmentedRaftLogWorker.java:<init>(172)) - new 80f8a078-74d1-4787-8700-3441e69ebe61-SegmentedRaftLogWorker:Storage Directory /workdir/hadoop-ozone/integration-test/target/test-dir/MiniOzoneClusterImpl-afc08962-9222-4e3d-8fb5-552b5e422aae/datanode-1/data/ratis/79fe1718-c8ef-48fd-9239-64d9203e5925 for RaftStorage:Storage Directory /workdir/hadoop-ozone/integration-test/target/test-dir/MiniOzoneClusterImpl-afc08962-9222-4e3d-8fb5-552b5e422aae/datanode-1/data/ratis/79fe1718-c8ef-48fd-9239-64d9203e5925
2019-09-12 10:20:55,885 [pool-38-thread-1] INFO  server.RaftServerConfigKeys (ConfUtils.java:logGet(43)) - raft.server.log.queue.byte-limit = 2147483647 (custom)
2019-09-12 10:20:55,885 [pool-38-thread-1] INFO  server.RaftServerConfigKeys (ConfUtils.java:logGet(43)) - raft.server.log.queue.element-limit = 1024 (custom)
2019-09-12 10:20:55,886 [pool-38-thread-1] INFO  server.RaftServerConfigKeys (ConfUtils.java:logGet(43)) - raft.server.log.segment.size.max = 1048576 (custom)
2019-09-12 10:20:55,886 [pool-38-thread-1] INFO  server.RaftServerConfigKeys (ConfUtils.java:logGet(43)) - raft.server.log.preallocated.size = 16384 (custom)
2019-09-12 10:20:55,886 [pool-38-thread-1] INFO  server.RaftServerConfigKeys (ConfUtils.java:logGet(43)) - raft.server.log.write.buffer.size = 33554432 (custom)
2019-09-12 10:20:55,886 [pool-38-thread-1] INFO  server.RaftServerConfigKeys (ConfUtils.java:logGet(43)) - raft.server.log.force.sync.num = 128 (default)
2019-09-12 10:20:55,886 [pool-38-thread-1] INFO  server.RaftServerConfigKeys (ConfUtils.java:logGet(43)) - raft.server.log.statemachine.data.sync = true (default)
2019-09-12 10:20:55,886 [pool-38-thread-1] INFO  server.RaftServerConfigKeys (ConfUtils.java:logGet(43)) - raft.server.log.statemachine.data.sync.timeout = 10s (default)
2019-09-12 10:20:55,886 [pool-38-thread-1] INFO  server.RaftServerConfigKeys (ConfUtils.java:logGet(43)) - raft.server.log.statemachine.data.sync.timeout.retry = -1 (default)
2019-09-12 10:20:55,887 [pool-38-thread-1] INFO  server.RaftServerConfigKeys (ConfUtils.java:logGet(43)) - raft.server.log.statemachine.data.caching.enabled = true (custom)
2019-09-12 10:20:55,887 [pool-38-thread-1] INFO  segmented.SegmentedRaftLogWorker (SegmentedRaftLogWorker.java:lambda$new$0(132)) - 80f8a078-74d1-4787-8700-3441e69ebe61-SegmentedRaftLogWorker:Storage Directory /workdir/hadoop-ozone/integration-test/target/test-dir/MiniOzoneClusterImpl-afc08962-9222-4e3d-8fb5-552b5e422aae/datanode-1/data/ratis/79fe1718-c8ef-48fd-9239-64d9203e5925: flushIndex: setUnconditionally 0 -> -1
2019-09-12 10:20:55,887 [pool-38-thread-1] INFO  server.RaftServerConfigKeys (ConfUtils.java:logGet(43)) - raft.server.snapshot.auto.trigger.enabled = true (custom)
2019-09-12 10:20:55,888 [pool-38-thread-1] INFO  server.RaftServerConfigKeys (ConfUtils.java:logGet(43)) - raft.server.snapshot.auto.trigger.threshold = 10000 (custom)
2019-09-12 10:20:55,888 [pool-38-thread-1] INFO  server.RaftServerConfigKeys (ConfUtils.java:logGet(43)) - raft.server.retrycache.expirytime = 600000ms (custom)
2019-09-12 10:20:55,888 [pool-38-thread-1] INFO  impl.RaftServerImpl (RaftServerImpl.java:start(180)) - 80f8a078-74d1-4787-8700-3441e69ebe61: start group-64D9203E5925
2019-09-12 10:20:55,888 [pool-38-thread-1] INFO  impl.RaftServerImpl (RaftServerImpl.java:setRole(171)) - 80f8a078-74d1-4787-8700-3441e69ebe61:group-64D9203E5925 changes role from null to FOLLOWER at term 0 for startAsFollower
2019-09-12 10:20:55,888 [pool-38-thread-1] INFO  impl.RoleInfo (RoleInfo.java:updateAndGet(143)) - 80f8a078-74d1-4787-8700-3441e69ebe61: start FollowerState
2019-09-12 10:20:55,889 [pool-38-thread-1] INFO  util.JmxRegister (JmxRegister.java:tryRegister(44)) - Successfully registered JMX Bean with object name Ratis:service=RaftServer,group=group-64D9203E5925,id=80f8a078-74d1-4787-8700-3441e69ebe61
2019-09-12 10:20:55,902 [RatisPipelineUtilsThread] INFO  pipeline.PipelineStateManager (PipelineStateManager.java:addPipeline(56)) - Created pipeline Pipeline[ Id: 79fe1718-c8ef-48fd-9239-64d9203e5925, Nodes: 80f8a078-74d1-4787-8700-3441e69ebe61{ip: 192.168.157.195, host: pr-hdds-1569-xtfnx-3545843844, networkLocation: /default-rack, certSerialId: null}, Type:RATIS, Factor:ONE, State:OPEN]
2019-09-12 10:20:55,919 | INFO  | SCMAudit | user=jenkins1000 | ip=192.168.157.195 | op=SEND_HEARTBEAT {datanodeUUID=80f8a078-74d1-4787-8700-3441e69ebe61, command=[]} | ret=SUCCESS |  
2019-09-12 10:20:55,923 [grpc-default-executor-0] INFO  impl.RaftServerProxy (RaftServerProxy.java:addNew(89)) - 80f8a078-74d1-4787-8700-3441e69ebe61: addNew group-E4738A887431:[80f8a078-74d1-4787-8700-3441e69ebe61:192.168.157.195:39355] returns group-E4738A887431:java.util.concurrent.CompletableFuture@1411d50[Not completed]
2019-09-12 10:20:55,925 [pool-38-thread-1] INFO  impl.RaftServerImpl (RaftServerImpl.java:<init>(93)) - 80f8a078-74d1-4787-8700-3441e69ebe61: new RaftServerImpl for group-E4738A887431:[80f8a078-74d1-4787-8700-3441e69ebe61:192.168.157.195:39355] with ContainerStateMachine:uninitialized
2019-09-12 10:20:55,925 [pool-38-thread-1] INFO  server.RaftServerConfigKeys (ConfUtils.java:logGet(43)) - raft.server.rpc.timeout.min = 5s (custom)
2019-09-12 10:20:55,925 [pool-38-thread-1] INFO  server.RaftServerConfigKeys (ConfUtils.java:logGet(43)) - raft.server.rpc.timeout.max = 5200ms (custom)
2019-09-12 10:20:55,925 [pool-38-thread-1] INFO  server.RaftServerConfigKeys (ConfUtils.java:logGet(43)) - raft.server.rpcslowness.timeout = 120s (custom)
2019-09-12 10:20:55,925 [pool-38-thread-1] INFO  server.RaftServerConfigKeys (ConfUtils.java:logGet(43)) - raft.server.sleep.deviation.threshold = 300 (default)
2019-09-12 10:20:55,925 [pool-38-thread-1] INFO  server.RaftServerConfigKeys (ConfUtils.java:logGet(43)) - raft.server.log.appender.install.snapshot.enabled = false (custom)
2019-09-12 10:20:55,926 [pool-38-thread-1] INFO  impl.RaftServerImpl (ServerState.java:<init>(105)) - 80f8a078-74d1-4787-8700-3441e69ebe61:group-E4738A887431 ConfigurationManager, init=-1: [80f8a078-74d1-4787-8700-3441e69ebe61:192.168.157.195:39355], old=null, confs=<EMPTY_MAP>
2019-09-12 10:20:55,926 [pool-38-thread-1] INFO  server.RaftServerConfigKeys (ConfUtils.java:logGet(43)) - raft.server.storage.dir = [/workdir/hadoop-ozone/integration-test/target/test-dir/MiniOzoneClusterImpl-afc08962-9222-4e3d-8fb5-552b5e422aae/datanode-1/data/ratis] (custom)
2019-09-12 10:20:55,926 [pool-38-thread-1] INFO  storage.RaftStorageDirectory (RaftStorageDirectory.java:analyzeStorage(246)) - The storage directory /workdir/hadoop-ozone/integration-test/target/test-dir/MiniOzoneClusterImpl-afc08962-9222-4e3d-8fb5-552b5e422aae/datanode-1/data/ratis/23a09c6c-ac0c-4375-87af-e4738a887431 does not exist. Creating ...
2019-09-12 10:20:55,939 [pool-38-thread-1] INFO  storage.RaftStorageDirectory (RaftStorageDirectory.java:tryLock(328)) - Lock on /workdir/hadoop-ozone/integration-test/target/test-dir/MiniOzoneClusterImpl-afc08962-9222-4e3d-8fb5-552b5e422aae/datanode-1/data/ratis/23a09c6c-ac0c-4375-87af-e4738a887431/in_use.lock acquired by nodename 12036@pr-hdds-1569-xtfnx-3545843844
2019-09-12 10:20:55,953 [pool-38-thread-1] INFO  storage.RaftStorage (RaftStorage.java:format(72)) - Storage directory /workdir/hadoop-ozone/integration-test/target/test-dir/MiniOzoneClusterImpl-afc08962-9222-4e3d-8fb5-552b5e422aae/datanode-1/data/ratis/23a09c6c-ac0c-4375-87af-e4738a887431 has been successfully formatted.
2019-09-12 10:20:55,953 [pool-38-thread-1] INFO  ratis.ContainerStateMachine (ContainerStateMachine.java:loadSnapshot(226)) - group-E4738A887431: The snapshot info is null. Setting the last applied indexto:(t:0, i:~)
2019-09-12 10:20:55,953 [pool-38-thread-1] INFO  server.RaftServerConfigKeys (ConfUtils.java:logGet(43)) - raft.server.leader.election.timeout = 120s (custom)
2019-09-12 10:20:55,953 [pool-38-thread-1] INFO  server.RaftServerConfigKeys (ConfUtils.java:logGet(43)) - raft.server.log.use.memory = false (default)
2019-09-12 10:20:55,953 [pool-38-thread-1] INFO  server.RaftServerConfigKeys (ConfUtils.java:logGet(43)) - raft.server.log.purge.gap = 1000000 (custom)
2019-09-12 10:20:55,954 [pool-38-thread-1] INFO  server.RaftServerConfigKeys (ConfUtils.java:logGet(43)) - raft.server.log.appender.buffer.byte-limit = 33554432 (custom)
2019-09-12 10:20:55,954 [pool-38-thread-1] INFO  server.RaftServerConfigKeys (ConfUtils.java:logGet(43)) - raft.server.log.segment.size.max = 1048576 (custom)
2019-09-12 10:20:55,954 [pool-38-thread-1] INFO  server.RaftServerConfigKeys (ConfUtils.java:logGet(43)) - raft.server.log.segment.cache.num.max = 2 (custom)
2019-09-12 10:20:55,954 [pool-38-thread-1] INFO  segmented.SegmentedRaftLogWorker (SegmentedRaftLogWorker.java:<init>(172)) - new 80f8a078-74d1-4787-8700-3441e69ebe61-SegmentedRaftLogWorker:Storage Directory /workdir/hadoop-ozone/integration-test/target/test-dir/MiniOzoneClusterImpl-afc08962-9222-4e3d-8fb5-552b5e422aae/datanode-1/data/ratis/23a09c6c-ac0c-4375-87af-e4738a887431 for RaftStorage:Storage Directory /workdir/hadoop-ozone/integration-test/target/test-dir/MiniOzoneClusterImpl-afc08962-9222-4e3d-8fb5-552b5e422aae/datanode-1/data/ratis/23a09c6c-ac0c-4375-87af-e4738a887431
2019-09-12 10:20:55,954 [pool-38-thread-1] INFO  server.RaftServerConfigKeys (ConfUtils.java:logGet(43)) - raft.server.log.queue.byte-limit = 2147483647 (custom)
2019-09-12 10:20:55,954 [pool-38-thread-1] INFO  server.RaftServerConfigKeys (ConfUtils.java:logGet(43)) - raft.server.log.queue.element-limit = 1024 (custom)
2019-09-12 10:20:55,955 [pool-38-thread-1] INFO  server.RaftServerConfigKeys (ConfUtils.java:logGet(43)) - raft.server.log.segment.size.max = 1048576 (custom)
2019-09-12 10:20:55,955 [pool-38-thread-1] INFO  server.RaftServerConfigKeys (ConfUtils.java:logGet(43)) - raft.server.log.preallocated.size = 16384 (custom)
2019-09-12 10:20:55,955 [pool-38-thread-1] INFO  server.RaftServerConfigKeys (ConfUtils.java:logGet(43)) - raft.server.log.write.buffer.size = 33554432 (custom)
2019-09-12 10:20:55,955 [pool-38-thread-1] INFO  server.RaftServerConfigKeys (ConfUtils.java:logGet(43)) - raft.server.log.force.sync.num = 128 (default)
2019-09-12 10:20:55,955 [pool-38-thread-1] INFO  server.RaftServerConfigKeys (ConfUtils.java:logGet(43)) - raft.server.log.statemachine.data.sync = true (default)
2019-09-12 10:20:55,955 [pool-38-thread-1] INFO  server.RaftServerConfigKeys (ConfUtils.java:logGet(43)) - raft.server.log.statemachine.data.sync.timeout = 10s (default)
2019-09-12 10:20:55,955 [pool-38-thread-1] INFO  server.RaftServerConfigKeys (ConfUtils.java:logGet(43)) - raft.server.log.statemachine.data.sync.timeout.retry = -1 (default)
2019-09-12 10:20:55,956 [pool-38-thread-1] INFO  server.RaftServerConfigKeys (ConfUtils.java:logGet(43)) - raft.server.log.statemachine.data.caching.enabled = true (custom)
2019-09-12 10:20:55,956 [pool-38-thread-1] INFO  segmented.SegmentedRaftLogWorker (SegmentedRaftLogWorker.java:lambda$new$0(132)) - 80f8a078-74d1-4787-8700-3441e69ebe61-SegmentedRaftLogWorker:Storage Directory /workdir/hadoop-ozone/integration-test/target/test-dir/MiniOzoneClusterImpl-afc08962-9222-4e3d-8fb5-552b5e422aae/datanode-1/data/ratis/23a09c6c-ac0c-4375-87af-e4738a887431: flushIndex: setUnconditionally 0 -> -1
2019-09-12 10:20:55,956 [pool-38-thread-1] INFO  server.RaftServerConfigKeys (ConfUtils.java:logGet(43)) - raft.server.snapshot.auto.trigger.enabled = true (custom)
2019-09-12 10:20:55,957 [pool-38-thread-1] INFO  server.RaftServerConfigKeys (ConfUtils.java:logGet(43)) - raft.server.snapshot.auto.trigger.threshold = 10000 (custom)
2019-09-12 10:20:55,957 [pool-38-thread-1] INFO  server.RaftServerConfigKeys (ConfUtils.java:logGet(43)) - raft.server.retrycache.expirytime = 600000ms (custom)
2019-09-12 10:20:55,957 [pool-38-thread-1] INFO  impl.RaftServerImpl (RaftServerImpl.java:start(180)) - 80f8a078-74d1-4787-8700-3441e69ebe61: start group-E4738A887431
2019-09-12 10:20:55,957 [pool-38-thread-1] INFO  impl.RaftServerImpl (RaftServerImpl.java:setRole(171)) - 80f8a078-74d1-4787-8700-3441e69ebe61:group-E4738A887431 changes role from null to FOLLOWER at term 0 for startAsFollower
2019-09-12 10:20:55,957 [pool-38-thread-1] INFO  impl.RoleInfo (RoleInfo.java:updateAndGet(143)) - 80f8a078-74d1-4787-8700-3441e69ebe61: start FollowerState
2019-09-12 10:20:55,958 [pool-38-thread-1] INFO  util.JmxRegister (JmxRegister.java:tryRegister(44)) - Successfully registered JMX Bean with object name Ratis:service=RaftServer,group=group-E4738A887431,id=80f8a078-74d1-4787-8700-3441e69ebe61
2019-09-12 10:20:55,964 [RatisPipelineUtilsThread] INFO  pipeline.PipelineStateManager (PipelineStateManager.java:addPipeline(56)) - Created pipeline Pipeline[ Id: 23a09c6c-ac0c-4375-87af-e4738a887431, Nodes: 80f8a078-74d1-4787-8700-3441e69ebe61{ip: 192.168.157.195, host: pr-hdds-1569-xtfnx-3545843844, networkLocation: /default-rack, certSerialId: null}, Type:RATIS, Factor:ONE, State:OPEN]
2019-09-12 10:20:55,977 [grpc-default-executor-0] INFO  impl.RaftServerProxy (RaftServerProxy.java:addNew(89)) - 6ee6d104-7057-4fca-83c0-db864f4c6adb: addNew group-3DB6FA8A1475:[6ee6d104-7057-4fca-83c0-db864f4c6adb:192.168.157.195:35734] returns group-3DB6FA8A1475:java.util.concurrent.CompletableFuture@18543448[Not completed]
2019-09-12 10:20:55,979 [pool-49-thread-1] INFO  impl.RaftServerImpl (RaftServerImpl.java:<init>(93)) - 6ee6d104-7057-4fca-83c0-db864f4c6adb: new RaftServerImpl for group-3DB6FA8A1475:[6ee6d104-7057-4fca-83c0-db864f4c6adb:192.168.157.195:35734] with ContainerStateMachine:uninitialized
2019-09-12 10:20:55,979 [pool-49-thread-1] INFO  server.RaftServerConfigKeys (ConfUtils.java:logGet(43)) - raft.server.rpc.timeout.min = 5s (custom)
2019-09-12 10:20:55,979 [pool-49-thread-1] INFO  server.RaftServerConfigKeys (ConfUtils.java:logGet(43)) - raft.server.rpc.timeout.max = 5200ms (custom)
2019-09-12 10:20:55,980 [pool-49-thread-1] INFO  server.RaftServerConfigKeys (ConfUtils.java:logGet(43)) - raft.server.rpcslowness.timeout = 120s (custom)
2019-09-12 10:20:55,980 [pool-49-thread-1] INFO  server.RaftServerConfigKeys (ConfUtils.java:logGet(43)) - raft.server.sleep.deviation.threshold = 300 (default)
2019-09-12 10:20:55,980 [pool-49-thread-1] INFO  server.RaftServerConfigKeys (ConfUtils.java:logGet(43)) - raft.server.log.appender.install.snapshot.enabled = false (custom)
2019-09-12 10:20:55,980 [pool-49-thread-1] INFO  impl.RaftServerImpl (ServerState.java:<init>(105)) - 6ee6d104-7057-4fca-83c0-db864f4c6adb:group-3DB6FA8A1475 ConfigurationManager, init=-1: [6ee6d104-7057-4fca-83c0-db864f4c6adb:192.168.157.195:35734], old=null, confs=<EMPTY_MAP>
2019-09-12 10:20:55,980 [pool-49-thread-1] INFO  server.RaftServerConfigKeys (ConfUtils.java:logGet(43)) - raft.server.storage.dir = [/workdir/hadoop-ozone/integration-test/target/test-dir/MiniOzoneClusterImpl-afc08962-9222-4e3d-8fb5-552b5e422aae/datanode-2/data/ratis] (custom)
2019-09-12 10:20:55,981 [pool-49-thread-1] INFO  storage.RaftStorageDirectory (RaftStorageDirectory.java:analyzeStorage(246)) - The storage directory /workdir/hadoop-ozone/integration-test/target/test-dir/MiniOzoneClusterImpl-afc08962-9222-4e3d-8fb5-552b5e422aae/datanode-2/data/ratis/19cd7c46-9271-4d7f-9cda-3db6fa8a1475 does not exist. Creating ...
2019-09-12 10:20:55,994 [pool-49-thread-1] INFO  storage.RaftStorageDirectory (RaftStorageDirectory.java:tryLock(328)) - Lock on /workdir/hadoop-ozone/integration-test/target/test-dir/MiniOzoneClusterImpl-afc08962-9222-4e3d-8fb5-552b5e422aae/datanode-2/data/ratis/19cd7c46-9271-4d7f-9cda-3db6fa8a1475/in_use.lock acquired by nodename 12036@pr-hdds-1569-xtfnx-3545843844
2019-09-12 10:20:56,007 [pool-49-thread-1] INFO  storage.RaftStorage (RaftStorage.java:format(72)) - Storage directory /workdir/hadoop-ozone/integration-test/target/test-dir/MiniOzoneClusterImpl-afc08962-9222-4e3d-8fb5-552b5e422aae/datanode-2/data/ratis/19cd7c46-9271-4d7f-9cda-3db6fa8a1475 has been successfully formatted.
2019-09-12 10:20:56,008 [pool-49-thread-1] INFO  ratis.ContainerStateMachine (ContainerStateMachine.java:loadSnapshot(226)) - group-3DB6FA8A1475: The snapshot info is null. Setting the last applied indexto:(t:0, i:~)
2019-09-12 10:20:56,008 [pool-49-thread-1] INFO  server.RaftServerConfigKeys (ConfUtils.java:logGet(43)) - raft.server.leader.election.timeout = 120s (custom)
2019-09-12 10:20:56,008 [pool-49-thread-1] INFO  server.RaftServerConfigKeys (ConfUtils.java:logGet(43)) - raft.server.log.use.memory = false (default)
2019-09-12 10:20:56,009 [pool-49-thread-1] INFO  server.RaftServerConfigKeys (ConfUtils.java:logGet(43)) - raft.server.log.purge.gap = 1000000 (custom)
2019-09-12 10:20:56,009 [pool-49-thread-1] INFO  server.RaftServerConfigKeys (ConfUtils.java:logGet(43)) - raft.server.log.appender.buffer.byte-limit = 33554432 (custom)
2019-09-12 10:20:56,009 [pool-49-thread-1] INFO  server.RaftServerConfigKeys (ConfUtils.java:logGet(43)) - raft.server.log.segment.size.max = 1048576 (custom)
2019-09-12 10:20:56,009 [pool-49-thread-1] INFO  server.RaftServerConfigKeys (ConfUtils.java:logGet(43)) - raft.server.log.segment.cache.num.max = 2 (custom)
2019-09-12 10:20:56,009 [pool-49-thread-1] INFO  segmented.SegmentedRaftLogWorker (SegmentedRaftLogWorker.java:<init>(172)) - new 6ee6d104-7057-4fca-83c0-db864f4c6adb-SegmentedRaftLogWorker:Storage Directory /workdir/hadoop-ozone/integration-test/target/test-dir/MiniOzoneClusterImpl-afc08962-9222-4e3d-8fb5-552b5e422aae/datanode-2/data/ratis/19cd7c46-9271-4d7f-9cda-3db6fa8a1475 for RaftStorage:Storage Directory /workdir/hadoop-ozone/integration-test/target/test-dir/MiniOzoneClusterImpl-afc08962-9222-4e3d-8fb5-552b5e422aae/datanode-2/data/ratis/19cd7c46-9271-4d7f-9cda-3db6fa8a1475
2019-09-12 10:20:56,009 [pool-49-thread-1] INFO  server.RaftServerConfigKeys (ConfUtils.java:logGet(43)) - raft.server.log.queue.byte-limit = 2147483647 (custom)
2019-09-12 10:20:56,010 [pool-49-thread-1] INFO  server.RaftServerConfigKeys (ConfUtils.java:logGet(43)) - raft.server.log.queue.element-limit = 1024 (custom)
2019-09-12 10:20:56,010 [pool-49-thread-1] INFO  server.RaftServerConfigKeys (ConfUtils.java:logGet(43)) - raft.server.log.segment.size.max = 1048576 (custom)
2019-09-12 10:20:56,010 [pool-49-thread-1] INFO  server.RaftServerConfigKeys (ConfUtils.java:logGet(43)) - raft.server.log.preallocated.size = 16384 (custom)
2019-09-12 10:20:56,010 [pool-49-thread-1] INFO  server.RaftServerConfigKeys (ConfUtils.java:logGet(43)) - raft.server.log.write.buffer.size = 33554432 (custom)
2019-09-12 10:20:56,010 [pool-49-thread-1] INFO  server.RaftServerConfigKeys (ConfUtils.java:logGet(43)) - raft.server.log.force.sync.num = 128 (default)
2019-09-12 10:20:56,010 [pool-49-thread-1] INFO  server.RaftServerConfigKeys (ConfUtils.java:logGet(43)) - raft.server.log.statemachine.data.sync = true (default)
2019-09-12 10:20:56,010 [pool-49-thread-1] INFO  server.RaftServerConfigKeys (ConfUtils.java:logGet(43)) - raft.server.log.statemachine.data.sync.timeout = 10s (default)
2019-09-12 10:20:56,011 [pool-49-thread-1] INFO  server.RaftServerConfigKeys (ConfUtils.java:logGet(43)) - raft.server.log.statemachine.data.sync.timeout.retry = -1 (default)
2019-09-12 10:20:56,011 [pool-49-thread-1] INFO  server.RaftServerConfigKeys (ConfUtils.java:logGet(43)) - raft.server.log.statemachine.data.caching.enabled = true (custom)
2019-09-12 10:20:56,011 [pool-49-thread-1] INFO  segmented.SegmentedRaftLogWorker (SegmentedRaftLogWorker.java:lambda$new$0(132)) - 6ee6d104-7057-4fca-83c0-db864f4c6adb-SegmentedRaftLogWorker:Storage Directory /workdir/hadoop-ozone/integration-test/target/test-dir/MiniOzoneClusterImpl-afc08962-9222-4e3d-8fb5-552b5e422aae/datanode-2/data/ratis/19cd7c46-9271-4d7f-9cda-3db6fa8a1475: flushIndex: setUnconditionally 0 -> -1
2019-09-12 10:20:56,012 [pool-49-thread-1] INFO  server.RaftServerConfigKeys (ConfUtils.java:logGet(43)) - raft.server.snapshot.auto.trigger.enabled = true (custom)
2019-09-12 10:20:56,012 [pool-49-thread-1] INFO  server.RaftServerConfigKeys (ConfUtils.java:logGet(43)) - raft.server.snapshot.auto.trigger.threshold = 10000 (custom)
2019-09-12 10:20:56,012 [pool-49-thread-1] INFO  server.RaftServerConfigKeys (ConfUtils.java:logGet(43)) - raft.server.retrycache.expirytime = 600000ms (custom)
2019-09-12 10:20:56,012 [pool-49-thread-1] INFO  impl.RaftServerImpl (RaftServerImpl.java:start(180)) - 6ee6d104-7057-4fca-83c0-db864f4c6adb: start group-3DB6FA8A1475
2019-09-12 10:20:56,012 [pool-49-thread-1] INFO  impl.RaftServerImpl (RaftServerImpl.java:setRole(171)) - 6ee6d104-7057-4fca-83c0-db864f4c6adb:group-3DB6FA8A1475 changes role from null to FOLLOWER at term 0 for startAsFollower
2019-09-12 10:20:56,012 [pool-49-thread-1] INFO  impl.RoleInfo (RoleInfo.java:updateAndGet(143)) - 6ee6d104-7057-4fca-83c0-db864f4c6adb: start FollowerState
2019-09-12 10:20:56,013 [pool-49-thread-1] INFO  util.JmxRegister (JmxRegister.java:tryRegister(44)) - Successfully registered JMX Bean with object name Ratis:service=RaftServer,group=group-3DB6FA8A1475,id=6ee6d104-7057-4fca-83c0-db864f4c6adb
2019-09-12 10:20:56,018 [RatisPipelineUtilsThread] INFO  pipeline.PipelineStateManager (PipelineStateManager.java:addPipeline(56)) - Created pipeline Pipeline[ Id: 19cd7c46-9271-4d7f-9cda-3db6fa8a1475, Nodes: 6ee6d104-7057-4fca-83c0-db864f4c6adb{ip: 192.168.157.195, host: pr-hdds-1569-xtfnx-3545843844, networkLocation: /default-rack, certSerialId: null}, Type:RATIS, Factor:ONE, State:OPEN]
2019-09-12 10:20:56,020 [RatisPipelineUtilsThread] ERROR pipeline.PipelinePlacementPolicy (PipelinePlacementPolicy.java:meetCriteria(91)) - Pipeline Placement: Doesn't meet the criteria to be viable node. Heaviness: 6
2019-09-12 10:20:56,030 [grpc-default-executor-0] INFO  impl.RaftServerProxy (RaftServerProxy.java:addNew(89)) - 80f8a078-74d1-4787-8700-3441e69ebe61: addNew group-C6E87957A6F5:[80f8a078-74d1-4787-8700-3441e69ebe61:192.168.157.195:39355] returns group-C6E87957A6F5:java.util.concurrent.CompletableFuture@a419d93[Not completed]
2019-09-12 10:20:56,032 [pool-38-thread-1] INFO  impl.RaftServerImpl (RaftServerImpl.java:<init>(93)) - 80f8a078-74d1-4787-8700-3441e69ebe61: new RaftServerImpl for group-C6E87957A6F5:[80f8a078-74d1-4787-8700-3441e69ebe61:192.168.157.195:39355] with ContainerStateMachine:uninitialized
2019-09-12 10:20:56,032 [pool-38-thread-1] INFO  server.RaftServerConfigKeys (ConfUtils.java:logGet(43)) - raft.server.rpc.timeout.min = 5s (custom)
2019-09-12 10:20:56,032 [pool-38-thread-1] INFO  server.RaftServerConfigKeys (ConfUtils.java:logGet(43)) - raft.server.rpc.timeout.max = 5200ms (custom)
2019-09-12 10:20:56,032 [pool-38-thread-1] INFO  server.RaftServerConfigKeys (ConfUtils.java:logGet(43)) - raft.server.rpcslowness.timeout = 120s (custom)
2019-09-12 10:20:56,032 [pool-38-thread-1] INFO  server.RaftServerConfigKeys (ConfUtils.java:logGet(43)) - raft.server.sleep.deviation.threshold = 300 (default)
2019-09-12 10:20:56,033 [pool-38-thread-1] INFO  server.RaftServerConfigKeys (ConfUtils.java:logGet(43)) - raft.server.log.appender.install.snapshot.enabled = false (custom)
2019-09-12 10:20:56,033 [pool-38-thread-1] INFO  impl.RaftServerImpl (ServerState.java:<init>(105)) - 80f8a078-74d1-4787-8700-3441e69ebe61:group-C6E87957A6F5 ConfigurationManager, init=-1: [80f8a078-74d1-4787-8700-3441e69ebe61:192.168.157.195:39355], old=null, confs=<EMPTY_MAP>
2019-09-12 10:20:56,033 [pool-38-thread-1] INFO  server.RaftServerConfigKeys (ConfUtils.java:logGet(43)) - raft.server.storage.dir = [/workdir/hadoop-ozone/integration-test/target/test-dir/MiniOzoneClusterImpl-afc08962-9222-4e3d-8fb5-552b5e422aae/datanode-1/data/ratis] (custom)
2019-09-12 10:20:56,033 [pool-38-thread-1] INFO  storage.RaftStorageDirectory (RaftStorageDirectory.java:analyzeStorage(246)) - The storage directory /workdir/hadoop-ozone/integration-test/target/test-dir/MiniOzoneClusterImpl-afc08962-9222-4e3d-8fb5-552b5e422aae/datanode-1/data/ratis/a65de7e4-c537-4d47-ae9c-c6e87957a6f5 does not exist. Creating ...
2019-09-12 10:20:56,046 [pool-38-thread-1] INFO  storage.RaftStorageDirectory (RaftStorageDirectory.java:tryLock(328)) - Lock on /workdir/hadoop-ozone/integration-test/target/test-dir/MiniOzoneClusterImpl-afc08962-9222-4e3d-8fb5-552b5e422aae/datanode-1/data/ratis/a65de7e4-c537-4d47-ae9c-c6e87957a6f5/in_use.lock acquired by nodename 12036@pr-hdds-1569-xtfnx-3545843844
2019-09-12 10:20:56,066 [pool-38-thread-1] INFO  storage.RaftStorage (RaftStorage.java:format(72)) - Storage directory /workdir/hadoop-ozone/integration-test/target/test-dir/MiniOzoneClusterImpl-afc08962-9222-4e3d-8fb5-552b5e422aae/datanode-1/data/ratis/a65de7e4-c537-4d47-ae9c-c6e87957a6f5 has been successfully formatted.
2019-09-12 10:20:56,066 [pool-38-thread-1] INFO  ratis.ContainerStateMachine (ContainerStateMachine.java:loadSnapshot(226)) - group-C6E87957A6F5: The snapshot info is null. Setting the last applied indexto:(t:0, i:~)
2019-09-12 10:20:56,066 [pool-38-thread-1] INFO  server.RaftServerConfigKeys (ConfUtils.java:logGet(43)) - raft.server.leader.election.timeout = 120s (custom)
2019-09-12 10:20:56,066 [pool-38-thread-1] INFO  server.RaftServerConfigKeys (ConfUtils.java:logGet(43)) - raft.server.log.use.memory = false (default)
2019-09-12 10:20:56,067 [pool-38-thread-1] INFO  server.RaftServerConfigKeys (ConfUtils.java:logGet(43)) - raft.server.log.purge.gap = 1000000 (custom)
2019-09-12 10:20:56,067 [pool-38-thread-1] INFO  server.RaftServerConfigKeys (ConfUtils.java:logGet(43)) - raft.server.log.appender.buffer.byte-limit = 33554432 (custom)
2019-09-12 10:20:56,067 [pool-38-thread-1] INFO  server.RaftServerConfigKeys (ConfUtils.java:logGet(43)) - raft.server.log.segment.size.max = 1048576 (custom)
2019-09-12 10:20:56,067 [pool-38-thread-1] INFO  server.RaftServerConfigKeys (ConfUtils.java:logGet(43)) - raft.server.log.segment.cache.num.max = 2 (custom)
2019-09-12 10:20:56,067 [pool-38-thread-1] INFO  segmented.SegmentedRaftLogWorker (SegmentedRaftLogWorker.java:<init>(172)) - new 80f8a078-74d1-4787-8700-3441e69ebe61-SegmentedRaftLogWorker:Storage Directory /workdir/hadoop-ozone/integration-test/target/test-dir/MiniOzoneClusterImpl-afc08962-9222-4e3d-8fb5-552b5e422aae/datanode-1/data/ratis/a65de7e4-c537-4d47-ae9c-c6e87957a6f5 for RaftStorage:Storage Directory /workdir/hadoop-ozone/integration-test/target/test-dir/MiniOzoneClusterImpl-afc08962-9222-4e3d-8fb5-552b5e422aae/datanode-1/data/ratis/a65de7e4-c537-4d47-ae9c-c6e87957a6f5
2019-09-12 10:20:56,068 [pool-38-thread-1] INFO  server.RaftServerConfigKeys (ConfUtils.java:logGet(43)) - raft.server.log.queue.byte-limit = 2147483647 (custom)
2019-09-12 10:20:56,068 [pool-38-thread-1] INFO  server.RaftServerConfigKeys (ConfUtils.java:logGet(43)) - raft.server.log.queue.element-limit = 1024 (custom)
2019-09-12 10:20:56,068 [pool-38-thread-1] INFO  server.RaftServerConfigKeys (ConfUtils.java:logGet(43)) - raft.server.log.segment.size.max = 1048576 (custom)
2019-09-12 10:20:56,068 [pool-38-thread-1] INFO  server.RaftServerConfigKeys (ConfUtils.java:logGet(43)) - raft.server.log.preallocated.size = 16384 (custom)
2019-09-12 10:20:56,068 [pool-38-thread-1] INFO  server.RaftServerConfigKeys (ConfUtils.java:logGet(43)) - raft.server.log.write.buffer.size = 33554432 (custom)
2019-09-12 10:20:56,068 [pool-38-thread-1] INFO  server.RaftServerConfigKeys (ConfUtils.java:logGet(43)) - raft.server.log.force.sync.num = 128 (default)
2019-09-12 10:20:56,068 [pool-38-thread-1] INFO  server.RaftServerConfigKeys (ConfUtils.java:logGet(43)) - raft.server.log.statemachine.data.sync = true (default)
2019-09-12 10:20:56,069 [pool-38-thread-1] INFO  server.RaftServerConfigKeys (ConfUtils.java:logGet(43)) - raft.server.log.statemachine.data.sync.timeout = 10s (default)
2019-09-12 10:20:56,069 [pool-38-thread-1] INFO  server.RaftServerConfigKeys (ConfUtils.java:logGet(43)) - raft.server.log.statemachine.data.sync.timeout.retry = -1 (default)
2019-09-12 10:20:56,069 [pool-38-thread-1] INFO  server.RaftServerConfigKeys (ConfUtils.java:logGet(43)) - raft.server.log.statemachine.data.caching.enabled = true (custom)
2019-09-12 10:20:56,069 [pool-38-thread-1] INFO  segmented.SegmentedRaftLogWorker (SegmentedRaftLogWorker.java:lambda$new$0(132)) - 80f8a078-74d1-4787-8700-3441e69ebe61-SegmentedRaftLogWorker:Storage Directory /workdir/hadoop-ozone/integration-test/target/test-dir/MiniOzoneClusterImpl-afc08962-9222-4e3d-8fb5-552b5e422aae/datanode-1/data/ratis/a65de7e4-c537-4d47-ae9c-c6e87957a6f5: flushIndex: setUnconditionally 0 -> -1
2019-09-12 10:20:56,070 [pool-38-thread-1] INFO  server.RaftServerConfigKeys (ConfUtils.java:logGet(43)) - raft.server.snapshot.auto.trigger.enabled = true (custom)
2019-09-12 10:20:56,070 [pool-38-thread-1] INFO  server.RaftServerConfigKeys (ConfUtils.java:logGet(43)) - raft.server.snapshot.auto.trigger.threshold = 10000 (custom)
2019-09-12 10:20:56,070 [pool-38-thread-1] INFO  server.RaftServerConfigKeys (ConfUtils.java:logGet(43)) - raft.server.retrycache.expirytime = 600000ms (custom)
2019-09-12 10:20:56,070 [pool-38-thread-1] INFO  impl.RaftServerImpl (RaftServerImpl.java:start(180)) - 80f8a078-74d1-4787-8700-3441e69ebe61: start group-C6E87957A6F5
2019-09-12 10:20:56,071 [pool-38-thread-1] INFO  impl.RaftServerImpl (RaftServerImpl.java:setRole(171)) - 80f8a078-74d1-4787-8700-3441e69ebe61:group-C6E87957A6F5 changes role from null to FOLLOWER at term 0 for startAsFollower
2019-09-12 10:20:56,071 [pool-38-thread-1] INFO  impl.RoleInfo (RoleInfo.java:updateAndGet(143)) - 80f8a078-74d1-4787-8700-3441e69ebe61: start FollowerState
2019-09-12 10:20:56,071 [pool-38-thread-1] INFO  util.JmxRegister (JmxRegister.java:tryRegister(44)) - Successfully registered JMX Bean with object name Ratis:service=RaftServer,group=group-C6E87957A6F5,id=80f8a078-74d1-4787-8700-3441e69ebe61
2019-09-12 10:20:56,077 [RatisPipelineUtilsThread] INFO  pipeline.PipelineStateManager (PipelineStateManager.java:addPipeline(56)) - Created pipeline Pipeline[ Id: a65de7e4-c537-4d47-ae9c-c6e87957a6f5, Nodes: 80f8a078-74d1-4787-8700-3441e69ebe61{ip: 192.168.157.195, host: pr-hdds-1569-xtfnx-3545843844, networkLocation: /default-rack, certSerialId: null}, Type:RATIS, Factor:ONE, State:OPEN]
2019-09-12 10:20:56,079 [RatisPipelineUtilsThread] ERROR pipeline.PipelinePlacementPolicy (PipelinePlacementPolicy.java:meetCriteria(91)) - Pipeline Placement: Doesn't meet the criteria to be viable node. Heaviness: 6
2019-09-12 10:20:56,091 [grpc-default-executor-0] INFO  impl.RaftServerProxy (RaftServerProxy.java:addNew(89)) - 3352c2aa-4491-4fbb-82ad-24b3d7cf0c84: addNew group-24D65FF555F0:[3352c2aa-4491-4fbb-82ad-24b3d7cf0c84:192.168.157.195:36967] returns group-24D65FF555F0:java.util.concurrent.CompletableFuture@29700f4a[Not completed]
2019-09-12 10:20:56,093 [pool-60-thread-1] INFO  impl.RaftServerImpl (RaftServerImpl.java:<init>(93)) - 3352c2aa-4491-4fbb-82ad-24b3d7cf0c84: new RaftServerImpl for group-24D65FF555F0:[3352c2aa-4491-4fbb-82ad-24b3d7cf0c84:192.168.157.195:36967] with ContainerStateMachine:uninitialized
2019-09-12 10:20:56,093 [pool-60-thread-1] INFO  server.RaftServerConfigKeys (ConfUtils.java:logGet(43)) - raft.server.rpc.timeout.min = 5s (custom)
2019-09-12 10:20:56,093 [pool-60-thread-1] INFO  server.RaftServerConfigKeys (ConfUtils.java:logGet(43)) - raft.server.rpc.timeout.max = 5200ms (custom)
2019-09-12 10:20:56,094 [pool-60-thread-1] INFO  server.RaftServerConfigKeys (ConfUtils.java:logGet(43)) - raft.server.rpcslowness.timeout = 120s (custom)
2019-09-12 10:20:56,094 [pool-60-thread-1] INFO  server.RaftServerConfigKeys (ConfUtils.java:logGet(43)) - raft.server.sleep.deviation.threshold = 300 (default)
2019-09-12 10:20:56,094 [pool-60-thread-1] INFO  server.RaftServerConfigKeys (ConfUtils.java:logGet(43)) - raft.server.log.appender.install.snapshot.enabled = false (custom)
2019-09-12 10:20:56,094 [pool-60-thread-1] INFO  impl.RaftServerImpl (ServerState.java:<init>(105)) - 3352c2aa-4491-4fbb-82ad-24b3d7cf0c84:group-24D65FF555F0 ConfigurationManager, init=-1: [3352c2aa-4491-4fbb-82ad-24b3d7cf0c84:192.168.157.195:36967], old=null, confs=<EMPTY_MAP>
2019-09-12 10:20:56,094 [pool-60-thread-1] INFO  server.RaftServerConfigKeys (ConfUtils.java:logGet(43)) - raft.server.storage.dir = [/workdir/hadoop-ozone/integration-test/target/test-dir/MiniOzoneClusterImpl-afc08962-9222-4e3d-8fb5-552b5e422aae/datanode-3/data/ratis] (custom)
2019-09-12 10:20:56,095 [pool-60-thread-1] INFO  storage.RaftStorageDirectory (RaftStorageDirectory.java:analyzeStorage(246)) - The storage directory /workdir/hadoop-ozone/integration-test/target/test-dir/MiniOzoneClusterImpl-afc08962-9222-4e3d-8fb5-552b5e422aae/datanode-3/data/ratis/355acb0a-2ff7-41f4-adf4-24d65ff555f0 does not exist. Creating ...
2019-09-12 10:20:56,108 [pool-60-thread-1] INFO  storage.RaftStorageDirectory (RaftStorageDirectory.java:tryLock(328)) - Lock on /workdir/hadoop-ozone/integration-test/target/test-dir/MiniOzoneClusterImpl-afc08962-9222-4e3d-8fb5-552b5e422aae/datanode-3/data/ratis/355acb0a-2ff7-41f4-adf4-24d65ff555f0/in_use.lock acquired by nodename 12036@pr-hdds-1569-xtfnx-3545843844
2019-09-12 10:20:56,122 [pool-60-thread-1] INFO  storage.RaftStorage (RaftStorage.java:format(72)) - Storage directory /workdir/hadoop-ozone/integration-test/target/test-dir/MiniOzoneClusterImpl-afc08962-9222-4e3d-8fb5-552b5e422aae/datanode-3/data/ratis/355acb0a-2ff7-41f4-adf4-24d65ff555f0 has been successfully formatted.
2019-09-12 10:20:56,122 [pool-60-thread-1] INFO  ratis.ContainerStateMachine (ContainerStateMachine.java:loadSnapshot(226)) - group-24D65FF555F0: The snapshot info is null. Setting the last applied indexto:(t:0, i:~)
2019-09-12 10:20:56,123 [pool-60-thread-1] INFO  server.RaftServerConfigKeys (ConfUtils.java:logGet(43)) - raft.server.leader.election.timeout = 120s (custom)
2019-09-12 10:20:56,123 [pool-60-thread-1] INFO  server.RaftServerConfigKeys (ConfUtils.java:logGet(43)) - raft.server.log.use.memory = false (default)
2019-09-12 10:20:56,123 [pool-60-thread-1] INFO  server.RaftServerConfigKeys (ConfUtils.java:logGet(43)) - raft.server.log.purge.gap = 1000000 (custom)
2019-09-12 10:20:56,123 [pool-60-thread-1] INFO  server.RaftServerConfigKeys (ConfUtils.java:logGet(43)) - raft.server.log.appender.buffer.byte-limit = 33554432 (custom)
2019-09-12 10:20:56,123 [pool-60-thread-1] INFO  server.RaftServerConfigKeys (ConfUtils.java:logGet(43)) - raft.server.log.segment.size.max = 1048576 (custom)
2019-09-12 10:20:56,124 [pool-60-thread-1] INFO  server.RaftServerConfigKeys (ConfUtils.java:logGet(43)) - raft.server.log.segment.cache.num.max = 2 (custom)
2019-09-12 10:20:56,124 [pool-60-thread-1] INFO  segmented.SegmentedRaftLogWorker (SegmentedRaftLogWorker.java:<init>(172)) - new 3352c2aa-4491-4fbb-82ad-24b3d7cf0c84-SegmentedRaftLogWorker:Storage Directory /workdir/hadoop-ozone/integration-test/target/test-dir/MiniOzoneClusterImpl-afc08962-9222-4e3d-8fb5-552b5e422aae/datanode-3/data/ratis/355acb0a-2ff7-41f4-adf4-24d65ff555f0 for RaftStorage:Storage Directory /workdir/hadoop-ozone/integration-test/target/test-dir/MiniOzoneClusterImpl-afc08962-9222-4e3d-8fb5-552b5e422aae/datanode-3/data/ratis/355acb0a-2ff7-41f4-adf4-24d65ff555f0
2019-09-12 10:20:56,124 [pool-60-thread-1] INFO  server.RaftServerConfigKeys (ConfUtils.java:logGet(43)) - raft.server.log.queue.byte-limit = 2147483647 (custom)
2019-09-12 10:20:56,124 [pool-60-thread-1] INFO  server.RaftServerConfigKeys (ConfUtils.java:logGet(43)) - raft.server.log.queue.element-limit = 1024 (custom)
2019-09-12 10:20:56,125 [pool-60-thread-1] INFO  server.RaftServerConfigKeys (ConfUtils.java:logGet(43)) - raft.server.log.segment.size.max = 1048576 (custom)
2019-09-12 10:20:56,125 [pool-60-thread-1] INFO  server.RaftServerConfigKeys (ConfUtils.java:logGet(43)) - raft.server.log.preallocated.size = 16384 (custom)
2019-09-12 10:20:56,125 [pool-60-thread-1] INFO  server.RaftServerConfigKeys (ConfUtils.java:logGet(43)) - raft.server.log.write.buffer.size = 33554432 (custom)
2019-09-12 10:20:56,125 [pool-60-thread-1] INFO  server.RaftServerConfigKeys (ConfUtils.java:logGet(43)) - raft.server.log.force.sync.num = 128 (default)
2019-09-12 10:20:56,125 [pool-60-thread-1] INFO  server.RaftServerConfigKeys (ConfUtils.java:logGet(43)) - raft.server.log.statemachine.data.sync = true (default)
2019-09-12 10:20:56,125 [pool-60-thread-1] INFO  server.RaftServerConfigKeys (ConfUtils.java:logGet(43)) - raft.server.log.statemachine.data.sync.timeout = 10s (default)
2019-09-12 10:20:56,127 [pool-60-thread-1] INFO  server.RaftServerConfigKeys (ConfUtils.java:logGet(43)) - raft.server.log.statemachine.data.sync.timeout.retry = -1 (default)
2019-09-12 10:20:56,128 [pool-60-thread-1] INFO  server.RaftServerConfigKeys (ConfUtils.java:logGet(43)) - raft.server.log.statemachine.data.caching.enabled = true (custom)
2019-09-12 10:20:56,128 [pool-60-thread-1] INFO  segmented.SegmentedRaftLogWorker (SegmentedRaftLogWorker.java:lambda$new$0(132)) - 3352c2aa-4491-4fbb-82ad-24b3d7cf0c84-SegmentedRaftLogWorker:Storage Directory /workdir/hadoop-ozone/integration-test/target/test-dir/MiniOzoneClusterImpl-afc08962-9222-4e3d-8fb5-552b5e422aae/datanode-3/data/ratis/355acb0a-2ff7-41f4-adf4-24d65ff555f0: flushIndex: setUnconditionally 0 -> -1
2019-09-12 10:20:56,129 [pool-60-thread-1] INFO  server.RaftServerConfigKeys (ConfUtils.java:logGet(43)) - raft.server.snapshot.auto.trigger.enabled = true (custom)
2019-09-12 10:20:56,129 [pool-60-thread-1] INFO  server.RaftServerConfigKeys (ConfUtils.java:logGet(43)) - raft.server.snapshot.auto.trigger.threshold = 10000 (custom)
2019-09-12 10:20:56,129 [pool-60-thread-1] INFO  server.RaftServerConfigKeys (ConfUtils.java:logGet(43)) - raft.server.retrycache.expirytime = 600000ms (custom)
2019-09-12 10:20:56,130 [pool-60-thread-1] INFO  impl.RaftServerImpl (RaftServerImpl.java:start(180)) - 3352c2aa-4491-4fbb-82ad-24b3d7cf0c84: start group-24D65FF555F0
2019-09-12 10:20:56,130 [pool-60-thread-1] INFO  impl.RaftServerImpl (RaftServerImpl.java:setRole(171)) - 3352c2aa-4491-4fbb-82ad-24b3d7cf0c84:group-24D65FF555F0 changes role from null to FOLLOWER at term 0 for startAsFollower
2019-09-12 10:20:56,130 [pool-60-thread-1] INFO  impl.RoleInfo (RoleInfo.java:updateAndGet(143)) - 3352c2aa-4491-4fbb-82ad-24b3d7cf0c84: start FollowerState
2019-09-12 10:20:56,130 [pool-60-thread-1] INFO  util.JmxRegister (JmxRegister.java:tryRegister(44)) - Successfully registered JMX Bean with object name Ratis:service=RaftServer,group=group-24D65FF555F0,id=3352c2aa-4491-4fbb-82ad-24b3d7cf0c84
2019-09-12 10:20:56,137 [RatisPipelineUtilsThread] INFO  pipeline.PipelineStateManager (PipelineStateManager.java:addPipeline(56)) - Created pipeline Pipeline[ Id: 355acb0a-2ff7-41f4-adf4-24d65ff555f0, Nodes: 3352c2aa-4491-4fbb-82ad-24b3d7cf0c84{ip: 192.168.157.195, host: pr-hdds-1569-xtfnx-3545843844, networkLocation: /default-rack, certSerialId: null}, Type:RATIS, Factor:ONE, State:OPEN]
2019-09-12 10:20:56,139 [RatisPipelineUtilsThread] ERROR pipeline.PipelinePlacementPolicy (PipelinePlacementPolicy.java:meetCriteria(91)) - Pipeline Placement: Doesn't meet the criteria to be viable node. Heaviness: 6
2019-09-12 10:20:56,149 [grpc-default-executor-0] INFO  impl.RaftServerProxy (RaftServerProxy.java:addNew(89)) - 3352c2aa-4491-4fbb-82ad-24b3d7cf0c84: addNew group-A55C506ED7DB:[3352c2aa-4491-4fbb-82ad-24b3d7cf0c84:192.168.157.195:36967] returns group-A55C506ED7DB:java.util.concurrent.CompletableFuture@19437ec6[Not completed]
2019-09-12 10:20:56,150 [pool-60-thread-1] INFO  impl.RaftServerImpl (RaftServerImpl.java:<init>(93)) - 3352c2aa-4491-4fbb-82ad-24b3d7cf0c84: new RaftServerImpl for group-A55C506ED7DB:[3352c2aa-4491-4fbb-82ad-24b3d7cf0c84:192.168.157.195:36967] with ContainerStateMachine:uninitialized
2019-09-12 10:20:56,150 [pool-60-thread-1] INFO  server.RaftServerConfigKeys (ConfUtils.java:logGet(43)) - raft.server.rpc.timeout.min = 5s (custom)
2019-09-12 10:20:56,151 [pool-60-thread-1] INFO  server.RaftServerConfigKeys (ConfUtils.java:logGet(43)) - raft.server.rpc.timeout.max = 5200ms (custom)
2019-09-12 10:20:56,151 [pool-60-thread-1] INFO  server.RaftServerConfigKeys (ConfUtils.java:logGet(43)) - raft.server.rpcslowness.timeout = 120s (custom)
2019-09-12 10:20:56,151 [pool-60-thread-1] INFO  server.RaftServerConfigKeys (ConfUtils.java:logGet(43)) - raft.server.sleep.deviation.threshold = 300 (default)
2019-09-12 10:20:56,151 [pool-60-thread-1] INFO  server.RaftServerConfigKeys (ConfUtils.java:logGet(43)) - raft.server.log.appender.install.snapshot.enabled = false (custom)
2019-09-12 10:20:56,151 [pool-60-thread-1] INFO  impl.RaftServerImpl (ServerState.java:<init>(105)) - 3352c2aa-4491-4fbb-82ad-24b3d7cf0c84:group-A55C506ED7DB ConfigurationManager, init=-1: [3352c2aa-4491-4fbb-82ad-24b3d7cf0c84:192.168.157.195:36967], old=null, confs=<EMPTY_MAP>
2019-09-12 10:20:56,151 [pool-60-thread-1] INFO  server.RaftServerConfigKeys (ConfUtils.java:logGet(43)) - raft.server.storage.dir = [/workdir/hadoop-ozone/integration-test/target/test-dir/MiniOzoneClusterImpl-afc08962-9222-4e3d-8fb5-552b5e422aae/datanode-3/data/ratis] (custom)
2019-09-12 10:20:56,152 [pool-60-thread-1] INFO  storage.RaftStorageDirectory (RaftStorageDirectory.java:analyzeStorage(246)) - The storage directory /workdir/hadoop-ozone/integration-test/target/test-dir/MiniOzoneClusterImpl-afc08962-9222-4e3d-8fb5-552b5e422aae/datanode-3/data/ratis/a23b805a-2c18-4e51-b88c-a55c506ed7db does not exist. Creating ...
2019-09-12 10:20:56,165 [pool-60-thread-1] INFO  storage.RaftStorageDirectory (RaftStorageDirectory.java:tryLock(328)) - Lock on /workdir/hadoop-ozone/integration-test/target/test-dir/MiniOzoneClusterImpl-afc08962-9222-4e3d-8fb5-552b5e422aae/datanode-3/data/ratis/a23b805a-2c18-4e51-b88c-a55c506ed7db/in_use.lock acquired by nodename 12036@pr-hdds-1569-xtfnx-3545843844
2019-09-12 10:20:56,178 [pool-60-thread-1] INFO  storage.RaftStorage (RaftStorage.java:format(72)) - Storage directory /workdir/hadoop-ozone/integration-test/target/test-dir/MiniOzoneClusterImpl-afc08962-9222-4e3d-8fb5-552b5e422aae/datanode-3/data/ratis/a23b805a-2c18-4e51-b88c-a55c506ed7db has been successfully formatted.
2019-09-12 10:20:56,178 [pool-60-thread-1] INFO  ratis.ContainerStateMachine (ContainerStateMachine.java:loadSnapshot(226)) - group-A55C506ED7DB: The snapshot info is null. Setting the last applied indexto:(t:0, i:~)
2019-09-12 10:20:56,179 [pool-60-thread-1] INFO  server.RaftServerConfigKeys (ConfUtils.java:logGet(43)) - raft.server.leader.election.timeout = 120s (custom)
2019-09-12 10:20:56,179 [pool-60-thread-1] INFO  server.RaftServerConfigKeys (ConfUtils.java:logGet(43)) - raft.server.log.use.memory = false (default)
2019-09-12 10:20:56,179 [pool-60-thread-1] INFO  server.RaftServerConfigKeys (ConfUtils.java:logGet(43)) - raft.server.log.purge.gap = 1000000 (custom)
2019-09-12 10:20:56,179 [pool-60-thread-1] INFO  server.RaftServerConfigKeys (ConfUtils.java:logGet(43)) - raft.server.log.appender.buffer.byte-limit = 33554432 (custom)
2019-09-12 10:20:56,179 [pool-60-thread-1] INFO  server.RaftServerConfigKeys (ConfUtils.java:logGet(43)) - raft.server.log.segment.size.max = 1048576 (custom)
2019-09-12 10:20:56,179 [pool-60-thread-1] INFO  server.RaftServerConfigKeys (ConfUtils.java:logGet(43)) - raft.server.log.segment.cache.num.max = 2 (custom)
2019-09-12 10:20:56,180 [pool-60-thread-1] INFO  segmented.SegmentedRaftLogWorker (SegmentedRaftLogWorker.java:<init>(172)) - new 3352c2aa-4491-4fbb-82ad-24b3d7cf0c84-SegmentedRaftLogWorker:Storage Directory /workdir/hadoop-ozone/integration-test/target/test-dir/MiniOzoneClusterImpl-afc08962-9222-4e3d-8fb5-552b5e422aae/datanode-3/data/ratis/a23b805a-2c18-4e51-b88c-a55c506ed7db for RaftStorage:Storage Directory /workdir/hadoop-ozone/integration-test/target/test-dir/MiniOzoneClusterImpl-afc08962-9222-4e3d-8fb5-552b5e422aae/datanode-3/data/ratis/a23b805a-2c18-4e51-b88c-a55c506ed7db
2019-09-12 10:20:56,180 [pool-60-thread-1] INFO  server.RaftServerConfigKeys (ConfUtils.java:logGet(43)) - raft.server.log.queue.byte-limit = 2147483647 (custom)
2019-09-12 10:20:56,180 [pool-60-thread-1] INFO  server.RaftServerConfigKeys (ConfUtils.java:logGet(43)) - raft.server.log.queue.element-limit = 1024 (custom)
2019-09-12 10:20:56,180 [pool-60-thread-1] INFO  server.RaftServerConfigKeys (ConfUtils.java:logGet(43)) - raft.server.log.segment.size.max = 1048576 (custom)
2019-09-12 10:20:56,180 [pool-60-thread-1] INFO  server.RaftServerConfigKeys (ConfUtils.java:logGet(43)) - raft.server.log.preallocated.size = 16384 (custom)
2019-09-12 10:20:56,180 [pool-60-thread-1] INFO  server.RaftServerConfigKeys (ConfUtils.java:logGet(43)) - raft.server.log.write.buffer.size = 33554432 (custom)
2019-09-12 10:20:56,180 [pool-60-thread-1] INFO  server.RaftServerConfigKeys (ConfUtils.java:logGet(43)) - raft.server.log.force.sync.num = 128 (default)
2019-09-12 10:20:56,181 [pool-60-thread-1] INFO  server.RaftServerConfigKeys (ConfUtils.java:logGet(43)) - raft.server.log.statemachine.data.sync = true (default)
2019-09-12 10:20:56,181 [pool-60-thread-1] INFO  server.RaftServerConfigKeys (ConfUtils.java:logGet(43)) - raft.server.log.statemachine.data.sync.timeout = 10s (default)
2019-09-12 10:20:56,181 [pool-60-thread-1] INFO  server.RaftServerConfigKeys (ConfUtils.java:logGet(43)) - raft.server.log.statemachine.data.sync.timeout.retry = -1 (default)
2019-09-12 10:20:56,181 [pool-60-thread-1] INFO  server.RaftServerConfigKeys (ConfUtils.java:logGet(43)) - raft.server.log.statemachine.data.caching.enabled = true (custom)
2019-09-12 10:20:56,181 [pool-60-thread-1] INFO  segmented.SegmentedRaftLogWorker (SegmentedRaftLogWorker.java:lambda$new$0(132)) - 3352c2aa-4491-4fbb-82ad-24b3d7cf0c84-SegmentedRaftLogWorker:Storage Directory /workdir/hadoop-ozone/integration-test/target/test-dir/MiniOzoneClusterImpl-afc08962-9222-4e3d-8fb5-552b5e422aae/datanode-3/data/ratis/a23b805a-2c18-4e51-b88c-a55c506ed7db: flushIndex: setUnconditionally 0 -> -1
2019-09-12 10:20:56,182 [pool-60-thread-1] INFO  server.RaftServerConfigKeys (ConfUtils.java:logGet(43)) - raft.server.snapshot.auto.trigger.enabled = true (custom)
2019-09-12 10:20:56,182 [pool-60-thread-1] INFO  server.RaftServerConfigKeys (ConfUtils.java:logGet(43)) - raft.server.snapshot.auto.trigger.threshold = 10000 (custom)
2019-09-12 10:20:56,182 [pool-60-thread-1] INFO  server.RaftServerConfigKeys (ConfUtils.java:logGet(43)) - raft.server.retrycache.expirytime = 600000ms (custom)
2019-09-12 10:20:56,182 [pool-60-thread-1] INFO  impl.RaftServerImpl (RaftServerImpl.java:start(180)) - 3352c2aa-4491-4fbb-82ad-24b3d7cf0c84: start group-A55C506ED7DB
2019-09-12 10:20:56,183 [pool-60-thread-1] INFO  impl.RaftServerImpl (RaftServerImpl.java:setRole(171)) - 3352c2aa-4491-4fbb-82ad-24b3d7cf0c84:group-A55C506ED7DB changes role from null to FOLLOWER at term 0 for startAsFollower
2019-09-12 10:20:56,183 [pool-60-thread-1] INFO  impl.RoleInfo (RoleInfo.java:updateAndGet(143)) - 3352c2aa-4491-4fbb-82ad-24b3d7cf0c84: start FollowerState
2019-09-12 10:20:56,183 [pool-60-thread-1] INFO  util.JmxRegister (JmxRegister.java:tryRegister(44)) - Successfully registered JMX Bean with object name Ratis:service=RaftServer,group=group-A55C506ED7DB,id=3352c2aa-4491-4fbb-82ad-24b3d7cf0c84
2019-09-12 10:20:56,188 [RatisPipelineUtilsThread] INFO  pipeline.PipelineStateManager (PipelineStateManager.java:addPipeline(56)) - Created pipeline Pipeline[ Id: a23b805a-2c18-4e51-b88c-a55c506ed7db, Nodes: 3352c2aa-4491-4fbb-82ad-24b3d7cf0c84{ip: 192.168.157.195, host: pr-hdds-1569-xtfnx-3545843844, networkLocation: /default-rack, certSerialId: null}, Type:RATIS, Factor:ONE, State:OPEN]
2019-09-12 10:20:56,190 [RatisPipelineUtilsThread] ERROR pipeline.PipelinePlacementPolicy (PipelinePlacementPolicy.java:meetCriteria(91)) - Pipeline Placement: Doesn't meet the criteria to be viable node. Heaviness: 6
2019-09-12 10:20:56,212 [grpc-default-executor-0] INFO  impl.RaftServerProxy (RaftServerProxy.java:addNew(89)) - 807fe137-5703-4ca0-bc4b-d1bf019678ec: addNew group-D8488FC3DB2E:[807fe137-5703-4ca0-bc4b-d1bf019678ec:192.168.157.195:37427] returns group-D8488FC3DB2E:java.util.concurrent.CompletableFuture@43487e50[Not completed]
2019-09-12 10:20:56,213 [pool-27-thread-1] INFO  impl.RaftServerImpl (RaftServerImpl.java:<init>(93)) - 807fe137-5703-4ca0-bc4b-d1bf019678ec: new RaftServerImpl for group-D8488FC3DB2E:[807fe137-5703-4ca0-bc4b-d1bf019678ec:192.168.157.195:37427] with ContainerStateMachine:uninitialized
2019-09-12 10:20:56,213 [pool-27-thread-1] INFO  server.RaftServerConfigKeys (ConfUtils.java:logGet(43)) - raft.server.rpc.timeout.min = 5s (custom)
2019-09-12 10:20:56,214 [pool-27-thread-1] INFO  server.RaftServerConfigKeys (ConfUtils.java:logGet(43)) - raft.server.rpc.timeout.max = 5200ms (custom)
2019-09-12 10:20:56,214 [pool-27-thread-1] INFO  server.RaftServerConfigKeys (ConfUtils.java:logGet(43)) - raft.server.rpcslowness.timeout = 120s (custom)
2019-09-12 10:20:56,214 [pool-27-thread-1] INFO  server.RaftServerConfigKeys (ConfUtils.java:logGet(43)) - raft.server.sleep.deviation.threshold = 300 (default)
2019-09-12 10:20:56,214 [pool-27-thread-1] INFO  server.RaftServerConfigKeys (ConfUtils.java:logGet(43)) - raft.server.log.appender.install.snapshot.enabled = false (custom)
2019-09-12 10:20:56,214 [pool-27-thread-1] INFO  impl.RaftServerImpl (ServerState.java:<init>(105)) - 807fe137-5703-4ca0-bc4b-d1bf019678ec:group-D8488FC3DB2E ConfigurationManager, init=-1: [807fe137-5703-4ca0-bc4b-d1bf019678ec:192.168.157.195:37427], old=null, confs=<EMPTY_MAP>
2019-09-12 10:20:56,215 [pool-27-thread-1] INFO  server.RaftServerConfigKeys (ConfUtils.java:logGet(43)) - raft.server.storage.dir = [/workdir/hadoop-ozone/integration-test/target/test-dir/MiniOzoneClusterImpl-afc08962-9222-4e3d-8fb5-552b5e422aae/datanode-0/data/ratis] (custom)
2019-09-12 10:20:56,215 [pool-27-thread-1] INFO  storage.RaftStorageDirectory (RaftStorageDirectory.java:analyzeStorage(246)) - The storage directory /workdir/hadoop-ozone/integration-test/target/test-dir/MiniOzoneClusterImpl-afc08962-9222-4e3d-8fb5-552b5e422aae/datanode-0/data/ratis/f727668c-76c9-4607-b859-d8488fc3db2e does not exist. Creating ...
2019-09-12 10:20:56,228 [pool-27-thread-1] INFO  storage.RaftStorageDirectory (RaftStorageDirectory.java:tryLock(328)) - Lock on /workdir/hadoop-ozone/integration-test/target/test-dir/MiniOzoneClusterImpl-afc08962-9222-4e3d-8fb5-552b5e422aae/datanode-0/data/ratis/f727668c-76c9-4607-b859-d8488fc3db2e/in_use.lock acquired by nodename 12036@pr-hdds-1569-xtfnx-3545843844
2019-09-12 10:20:56,241 [pool-27-thread-1] INFO  storage.RaftStorage (RaftStorage.java:format(72)) - Storage directory /workdir/hadoop-ozone/integration-test/target/test-dir/MiniOzoneClusterImpl-afc08962-9222-4e3d-8fb5-552b5e422aae/datanode-0/data/ratis/f727668c-76c9-4607-b859-d8488fc3db2e has been successfully formatted.
2019-09-12 10:20:56,241 [pool-27-thread-1] INFO  ratis.ContainerStateMachine (ContainerStateMachine.java:loadSnapshot(226)) - group-D8488FC3DB2E: The snapshot info is null. Setting the last applied indexto:(t:0, i:~)
2019-09-12 10:20:56,241 [pool-27-thread-1] INFO  server.RaftServerConfigKeys (ConfUtils.java:logGet(43)) - raft.server.leader.election.timeout = 120s (custom)
2019-09-12 10:20:56,242 [pool-27-thread-1] INFO  server.RaftServerConfigKeys (ConfUtils.java:logGet(43)) - raft.server.log.use.memory = false (default)
2019-09-12 10:20:56,242 [pool-27-thread-1] INFO  server.RaftServerConfigKeys (ConfUtils.java:logGet(43)) - raft.server.log.purge.gap = 1000000 (custom)
2019-09-12 10:20:56,242 [pool-27-thread-1] INFO  server.RaftServerConfigKeys (ConfUtils.java:logGet(43)) - raft.server.log.appender.buffer.byte-limit = 33554432 (custom)
2019-09-12 10:20:56,242 [pool-27-thread-1] INFO  server.RaftServerConfigKeys (ConfUtils.java:logGet(43)) - raft.server.log.segment.size.max = 1048576 (custom)
2019-09-12 10:20:56,243 [pool-27-thread-1] INFO  server.RaftServerConfigKeys (ConfUtils.java:logGet(43)) - raft.server.log.segment.cache.num.max = 2 (custom)
2019-09-12 10:20:56,243 [pool-27-thread-1] INFO  segmented.SegmentedRaftLogWorker (SegmentedRaftLogWorker.java:<init>(172)) - new 807fe137-5703-4ca0-bc4b-d1bf019678ec-SegmentedRaftLogWorker:Storage Directory /workdir/hadoop-ozone/integration-test/target/test-dir/MiniOzoneClusterImpl-afc08962-9222-4e3d-8fb5-552b5e422aae/datanode-0/data/ratis/f727668c-76c9-4607-b859-d8488fc3db2e for RaftStorage:Storage Directory /workdir/hadoop-ozone/integration-test/target/test-dir/MiniOzoneClusterImpl-afc08962-9222-4e3d-8fb5-552b5e422aae/datanode-0/data/ratis/f727668c-76c9-4607-b859-d8488fc3db2e
2019-09-12 10:20:56,243 [pool-27-thread-1] INFO  server.RaftServerConfigKeys (ConfUtils.java:logGet(43)) - raft.server.log.queue.byte-limit = 2147483647 (custom)
2019-09-12 10:20:56,243 [pool-27-thread-1] INFO  server.RaftServerConfigKeys (ConfUtils.java:logGet(43)) - raft.server.log.queue.element-limit = 1024 (custom)
2019-09-12 10:20:56,243 [pool-27-thread-1] INFO  server.RaftServerConfigKeys (ConfUtils.java:logGet(43)) - raft.server.log.segment.size.max = 1048576 (custom)
2019-09-12 10:20:56,244 [pool-27-thread-1] INFO  server.RaftServerConfigKeys (ConfUtils.java:logGet(43)) - raft.server.log.preallocated.size = 16384 (custom)
2019-09-12 10:20:56,244 [pool-27-thread-1] INFO  server.RaftServerConfigKeys (ConfUtils.java:logGet(43)) - raft.server.log.write.buffer.size = 33554432 (custom)
2019-09-12 10:20:56,244 [pool-27-thread-1] INFO  server.RaftServerConfigKeys (ConfUtils.java:logGet(43)) - raft.server.log.force.sync.num = 128 (default)
2019-09-12 10:20:56,244 [pool-27-thread-1] INFO  server.RaftServerConfigKeys (ConfUtils.java:logGet(43)) - raft.server.log.statemachine.data.sync = true (default)
2019-09-12 10:20:56,244 [pool-27-thread-1] INFO  server.RaftServerConfigKeys (ConfUtils.java:logGet(43)) - raft.server.log.statemachine.data.sync.timeout = 10s (default)
2019-09-12 10:20:56,245 [pool-27-thread-1] INFO  server.RaftServerConfigKeys (ConfUtils.java:logGet(43)) - raft.server.log.statemachine.data.sync.timeout.retry = -1 (default)
2019-09-12 10:20:56,245 [pool-27-thread-1] INFO  server.RaftServerConfigKeys (ConfUtils.java:logGet(43)) - raft.server.log.statemachine.data.caching.enabled = true (custom)
2019-09-12 10:20:56,245 [pool-27-thread-1] INFO  segmented.SegmentedRaftLogWorker (SegmentedRaftLogWorker.java:lambda$new$0(132)) - 807fe137-5703-4ca0-bc4b-d1bf019678ec-SegmentedRaftLogWorker:Storage Directory /workdir/hadoop-ozone/integration-test/target/test-dir/MiniOzoneClusterImpl-afc08962-9222-4e3d-8fb5-552b5e422aae/datanode-0/data/ratis/f727668c-76c9-4607-b859-d8488fc3db2e: flushIndex: setUnconditionally 0 -> -1
2019-09-12 10:20:56,246 [pool-27-thread-1] INFO  server.RaftServerConfigKeys (ConfUtils.java:logGet(43)) - raft.server.snapshot.auto.trigger.enabled = true (custom)
2019-09-12 10:20:56,246 [pool-27-thread-1] INFO  server.RaftServerConfigKeys (ConfUtils.java:logGet(43)) - raft.server.snapshot.auto.trigger.threshold = 10000 (custom)
2019-09-12 10:20:56,246 [pool-27-thread-1] INFO  server.RaftServerConfigKeys (ConfUtils.java:logGet(43)) - raft.server.retrycache.expirytime = 600000ms (custom)
2019-09-12 10:20:56,247 [pool-27-thread-1] INFO  impl.RaftServerImpl (RaftServerImpl.java:start(180)) - 807fe137-5703-4ca0-bc4b-d1bf019678ec: start group-D8488FC3DB2E
2019-09-12 10:20:56,247 [pool-27-thread-1] INFO  impl.RaftServerImpl (RaftServerImpl.java:setRole(171)) - 807fe137-5703-4ca0-bc4b-d1bf019678ec:group-D8488FC3DB2E changes role from null to FOLLOWER at term 0 for startAsFollower
2019-09-12 10:20:56,247 [pool-27-thread-1] INFO  impl.RoleInfo (RoleInfo.java:updateAndGet(143)) - 807fe137-5703-4ca0-bc4b-d1bf019678ec: start FollowerState
2019-09-12 10:20:56,254 [pool-27-thread-1] INFO  util.JmxRegister (JmxRegister.java:tryRegister(44)) - Successfully registered JMX Bean with object name Ratis:service=RaftServer,group=group-D8488FC3DB2E,id=807fe137-5703-4ca0-bc4b-d1bf019678ec
2019-09-12 10:20:56,270 [RatisPipelineUtilsThread] INFO  pipeline.PipelineStateManager (PipelineStateManager.java:addPipeline(56)) - Created pipeline Pipeline[ Id: f727668c-76c9-4607-b859-d8488fc3db2e, Nodes: 807fe137-5703-4ca0-bc4b-d1bf019678ec{ip: 192.168.157.195, host: pr-hdds-1569-xtfnx-3545843844, networkLocation: /default-rack, certSerialId: null}, Type:RATIS, Factor:ONE, State:OPEN]
2019-09-12 10:20:56,275 [RatisPipelineUtilsThread] ERROR pipeline.PipelinePlacementPolicy (PipelinePlacementPolicy.java:meetCriteria(91)) - Pipeline Placement: Doesn't meet the criteria to be viable node. Heaviness: 6
2019-09-12 10:20:56,275 [RatisPipelineUtilsThread] ERROR pipeline.PipelinePlacementPolicy (PipelinePlacementPolicy.java:meetCriteria(91)) - Pipeline Placement: Doesn't meet the criteria to be viable node. Heaviness: 6
2019-09-12 10:20:56,287 [grpc-default-executor-0] INFO  impl.RaftServerProxy (RaftServerProxy.java:addNew(89)) - 2d34cfa1-ae82-414b-bae6-717ee002fe05: addNew group-79B4561C3D24:[2d34cfa1-ae82-414b-bae6-717ee002fe05:192.168.157.195:46440] returns group-79B4561C3D24:java.util.concurrent.CompletableFuture@33c1655f[Not completed]
2019-09-12 10:20:56,290 [pool-71-thread-1] INFO  impl.RaftServerImpl (RaftServerImpl.java:<init>(93)) - 2d34cfa1-ae82-414b-bae6-717ee002fe05: new RaftServerImpl for group-79B4561C3D24:[2d34cfa1-ae82-414b-bae6-717ee002fe05:192.168.157.195:46440] with ContainerStateMachine:uninitialized
2019-09-12 10:20:56,290 [pool-71-thread-1] INFO  server.RaftServerConfigKeys (ConfUtils.java:logGet(43)) - raft.server.rpc.timeout.min = 5s (custom)
2019-09-12 10:20:56,290 [pool-71-thread-1] INFO  server.RaftServerConfigKeys (ConfUtils.java:logGet(43)) - raft.server.rpc.timeout.max = 5200ms (custom)
2019-09-12 10:20:56,290 [pool-71-thread-1] INFO  server.RaftServerConfigKeys (ConfUtils.java:logGet(43)) - raft.server.rpcslowness.timeout = 120s (custom)
2019-09-12 10:20:56,291 [pool-71-thread-1] INFO  server.RaftServerConfigKeys (ConfUtils.java:logGet(43)) - raft.server.sleep.deviation.threshold = 300 (default)
2019-09-12 10:20:56,291 [pool-71-thread-1] INFO  server.RaftServerConfigKeys (ConfUtils.java:logGet(43)) - raft.server.log.appender.install.snapshot.enabled = false (custom)
2019-09-12 10:20:56,291 [pool-71-thread-1] INFO  impl.RaftServerImpl (ServerState.java:<init>(105)) - 2d34cfa1-ae82-414b-bae6-717ee002fe05:group-79B4561C3D24 ConfigurationManager, init=-1: [2d34cfa1-ae82-414b-bae6-717ee002fe05:192.168.157.195:46440], old=null, confs=<EMPTY_MAP>
2019-09-12 10:20:56,291 [pool-71-thread-1] INFO  server.RaftServerConfigKeys (ConfUtils.java:logGet(43)) - raft.server.storage.dir = [/workdir/hadoop-ozone/integration-test/target/test-dir/MiniOzoneClusterImpl-afc08962-9222-4e3d-8fb5-552b5e422aae/datanode-4/data/ratis] (custom)
2019-09-12 10:20:56,291 [pool-71-thread-1] INFO  storage.RaftStorageDirectory (RaftStorageDirectory.java:analyzeStorage(246)) - The storage directory /workdir/hadoop-ozone/integration-test/target/test-dir/MiniOzoneClusterImpl-afc08962-9222-4e3d-8fb5-552b5e422aae/datanode-4/data/ratis/0e0b8f64-e50d-47a0-a140-79b4561c3d24 does not exist. Creating ...
2019-09-12 10:20:56,304 [pool-71-thread-1] INFO  storage.RaftStorageDirectory (RaftStorageDirectory.java:tryLock(328)) - Lock on /workdir/hadoop-ozone/integration-test/target/test-dir/MiniOzoneClusterImpl-afc08962-9222-4e3d-8fb5-552b5e422aae/datanode-4/data/ratis/0e0b8f64-e50d-47a0-a140-79b4561c3d24/in_use.lock acquired by nodename 12036@pr-hdds-1569-xtfnx-3545843844
2019-09-12 10:20:56,328 [pool-71-thread-1] INFO  storage.RaftStorage (RaftStorage.java:format(72)) - Storage directory /workdir/hadoop-ozone/integration-test/target/test-dir/MiniOzoneClusterImpl-afc08962-9222-4e3d-8fb5-552b5e422aae/datanode-4/data/ratis/0e0b8f64-e50d-47a0-a140-79b4561c3d24 has been successfully formatted.
2019-09-12 10:20:56,329 [pool-71-thread-1] INFO  ratis.ContainerStateMachine (ContainerStateMachine.java:loadSnapshot(226)) - group-79B4561C3D24: The snapshot info is null. Setting the last applied indexto:(t:0, i:~)
2019-09-12 10:20:56,329 [pool-71-thread-1] INFO  server.RaftServerConfigKeys (ConfUtils.java:logGet(43)) - raft.server.leader.election.timeout = 120s (custom)
2019-09-12 10:20:56,329 [pool-71-thread-1] INFO  server.RaftServerConfigKeys (ConfUtils.java:logGet(43)) - raft.server.log.use.memory = false (default)
2019-09-12 10:20:56,329 [pool-71-thread-1] INFO  server.RaftServerConfigKeys (ConfUtils.java:logGet(43)) - raft.server.log.purge.gap = 1000000 (custom)
2019-09-12 10:20:56,329 [pool-71-thread-1] INFO  server.RaftServerConfigKeys (ConfUtils.java:logGet(43)) - raft.server.log.appender.buffer.byte-limit = 33554432 (custom)
2019-09-12 10:20:56,330 [pool-71-thread-1] INFO  server.RaftServerConfigKeys (ConfUtils.java:logGet(43)) - raft.server.log.segment.size.max = 1048576 (custom)
2019-09-12 10:20:56,330 [pool-71-thread-1] INFO  server.RaftServerConfigKeys (ConfUtils.java:logGet(43)) - raft.server.log.segment.cache.num.max = 2 (custom)
2019-09-12 10:20:56,330 [pool-71-thread-1] INFO  segmented.SegmentedRaftLogWorker (SegmentedRaftLogWorker.java:<init>(172)) - new 2d34cfa1-ae82-414b-bae6-717ee002fe05-SegmentedRaftLogWorker:Storage Directory /workdir/hadoop-ozone/integration-test/target/test-dir/MiniOzoneClusterImpl-afc08962-9222-4e3d-8fb5-552b5e422aae/datanode-4/data/ratis/0e0b8f64-e50d-47a0-a140-79b4561c3d24 for RaftStorage:Storage Directory /workdir/hadoop-ozone/integration-test/target/test-dir/MiniOzoneClusterImpl-afc08962-9222-4e3d-8fb5-552b5e422aae/datanode-4/data/ratis/0e0b8f64-e50d-47a0-a140-79b4561c3d24
2019-09-12 10:20:56,330 [pool-71-thread-1] INFO  server.RaftServerConfigKeys (ConfUtils.java:logGet(43)) - raft.server.log.queue.byte-limit = 2147483647 (custom)
2019-09-12 10:20:56,330 [pool-71-thread-1] INFO  server.RaftServerConfigKeys (ConfUtils.java:logGet(43)) - raft.server.log.queue.element-limit = 1024 (custom)
2019-09-12 10:20:56,330 [pool-71-thread-1] INFO  server.RaftServerConfigKeys (ConfUtils.java:logGet(43)) - raft.server.log.segment.size.max = 1048576 (custom)
2019-09-12 10:20:56,330 [pool-71-thread-1] INFO  server.RaftServerConfigKeys (ConfUtils.java:logGet(43)) - raft.server.log.preallocated.size = 16384 (custom)
2019-09-12 10:20:56,331 [pool-71-thread-1] INFO  server.RaftServerConfigKeys (ConfUtils.java:logGet(43)) - raft.server.log.write.buffer.size = 33554432 (custom)
2019-09-12 10:20:56,331 [pool-71-thread-1] INFO  server.RaftServerConfigKeys (ConfUtils.java:logGet(43)) - raft.server.log.force.sync.num = 128 (default)
2019-09-12 10:20:56,331 [pool-71-thread-1] INFO  server.RaftServerConfigKeys (ConfUtils.java:logGet(43)) - raft.server.log.statemachine.data.sync = true (default)
2019-09-12 10:20:56,331 [pool-71-thread-1] INFO  server.RaftServerConfigKeys (ConfUtils.java:logGet(43)) - raft.server.log.statemachine.data.sync.timeout = 10s (default)
2019-09-12 10:20:56,331 [pool-71-thread-1] INFO  server.RaftServerConfigKeys (ConfUtils.java:logGet(43)) - raft.server.log.statemachine.data.sync.timeout.retry = -1 (default)
2019-09-12 10:20:56,331 [pool-71-thread-1] INFO  server.RaftServerConfigKeys (ConfUtils.java:logGet(43)) - raft.server.log.statemachine.data.caching.enabled = true (custom)
2019-09-12 10:20:56,332 [pool-71-thread-1] INFO  segmented.SegmentedRaftLogWorker (SegmentedRaftLogWorker.java:lambda$new$0(132)) - 2d34cfa1-ae82-414b-bae6-717ee002fe05-SegmentedRaftLogWorker:Storage Directory /workdir/hadoop-ozone/integration-test/target/test-dir/MiniOzoneClusterImpl-afc08962-9222-4e3d-8fb5-552b5e422aae/datanode-4/data/ratis/0e0b8f64-e50d-47a0-a140-79b4561c3d24: flushIndex: setUnconditionally 0 -> -1
2019-09-12 10:20:56,332 [pool-71-thread-1] INFO  server.RaftServerConfigKeys (ConfUtils.java:logGet(43)) - raft.server.snapshot.auto.trigger.enabled = true (custom)
2019-09-12 10:20:56,332 [pool-71-thread-1] INFO  server.RaftServerConfigKeys (ConfUtils.java:logGet(43)) - raft.server.snapshot.auto.trigger.threshold = 10000 (custom)
2019-09-12 10:20:56,332 [pool-71-thread-1] INFO  server.RaftServerConfigKeys (ConfUtils.java:logGet(43)) - raft.server.retrycache.expirytime = 600000ms (custom)
2019-09-12 10:20:56,333 [pool-71-thread-1] INFO  impl.RaftServerImpl (RaftServerImpl.java:start(180)) - 2d34cfa1-ae82-414b-bae6-717ee002fe05: start group-79B4561C3D24
2019-09-12 10:20:56,333 [pool-71-thread-1] INFO  impl.RaftServerImpl (RaftServerImpl.java:setRole(171)) - 2d34cfa1-ae82-414b-bae6-717ee002fe05:group-79B4561C3D24 changes role from null to FOLLOWER at term 0 for startAsFollower
2019-09-12 10:20:56,333 [pool-71-thread-1] INFO  impl.RoleInfo (RoleInfo.java:updateAndGet(143)) - 2d34cfa1-ae82-414b-bae6-717ee002fe05: start FollowerState
2019-09-12 10:20:56,334 [pool-71-thread-1] INFO  util.JmxRegister (JmxRegister.java:tryRegister(44)) - Successfully registered JMX Bean with object name Ratis:service=RaftServer,group=group-79B4561C3D24,id=2d34cfa1-ae82-414b-bae6-717ee002fe05
2019-09-12 10:20:56,340 [RatisPipelineUtilsThread] INFO  pipeline.PipelineStateManager (PipelineStateManager.java:addPipeline(56)) - Created pipeline Pipeline[ Id: 0e0b8f64-e50d-47a0-a140-79b4561c3d24, Nodes: 2d34cfa1-ae82-414b-bae6-717ee002fe05{ip: 192.168.157.195, host: pr-hdds-1569-xtfnx-3545843844, networkLocation: /default-rack, certSerialId: null}, Type:RATIS, Factor:ONE, State:OPEN]
2019-09-12 10:20:56,341 [RatisPipelineUtilsThread] ERROR pipeline.PipelinePlacementPolicy (PipelinePlacementPolicy.java:meetCriteria(91)) - Pipeline Placement: Doesn't meet the criteria to be viable node. Heaviness: 6
2019-09-12 10:20:56,342 [RatisPipelineUtilsThread] ERROR pipeline.PipelinePlacementPolicy (PipelinePlacementPolicy.java:meetCriteria(91)) - Pipeline Placement: Doesn't meet the criteria to be viable node. Heaviness: 6
2019-09-12 10:20:56,352 [grpc-default-executor-0] INFO  impl.RaftServerProxy (RaftServerProxy.java:addNew(89)) - 80f8a078-74d1-4787-8700-3441e69ebe61: addNew group-B514D89147F9:[80f8a078-74d1-4787-8700-3441e69ebe61:192.168.157.195:39355] returns group-B514D89147F9:java.util.concurrent.CompletableFuture@939a62[Not completed]
2019-09-12 10:20:56,354 [pool-38-thread-1] INFO  impl.RaftServerImpl (RaftServerImpl.java:<init>(93)) - 80f8a078-74d1-4787-8700-3441e69ebe61: new RaftServerImpl for group-B514D89147F9:[80f8a078-74d1-4787-8700-3441e69ebe61:192.168.157.195:39355] with ContainerStateMachine:uninitialized
2019-09-12 10:20:56,355 [pool-38-thread-1] INFO  server.RaftServerConfigKeys (ConfUtils.java:logGet(43)) - raft.server.rpc.timeout.min = 5s (custom)
2019-09-12 10:20:56,355 [pool-38-thread-1] INFO  server.RaftServerConfigKeys (ConfUtils.java:logGet(43)) - raft.server.rpc.timeout.max = 5200ms (custom)
2019-09-12 10:20:56,355 [pool-38-thread-1] INFO  server.RaftServerConfigKeys (ConfUtils.java:logGet(43)) - raft.server.rpcslowness.timeout = 120s (custom)
2019-09-12 10:20:56,355 [pool-38-thread-1] INFO  server.RaftServerConfigKeys (ConfUtils.java:logGet(43)) - raft.server.sleep.deviation.threshold = 300 (default)
2019-09-12 10:20:56,355 [pool-38-thread-1] INFO  server.RaftServerConfigKeys (ConfUtils.java:logGet(43)) - raft.server.log.appender.install.snapshot.enabled = false (custom)
2019-09-12 10:20:56,356 [pool-38-thread-1] INFO  impl.RaftServerImpl (ServerState.java:<init>(105)) - 80f8a078-74d1-4787-8700-3441e69ebe61:group-B514D89147F9 ConfigurationManager, init=-1: [80f8a078-74d1-4787-8700-3441e69ebe61:192.168.157.195:39355], old=null, confs=<EMPTY_MAP>
2019-09-12 10:20:56,356 [pool-38-thread-1] INFO  server.RaftServerConfigKeys (ConfUtils.java:logGet(43)) - raft.server.storage.dir = [/workdir/hadoop-ozone/integration-test/target/test-dir/MiniOzoneClusterImpl-afc08962-9222-4e3d-8fb5-552b5e422aae/datanode-1/data/ratis] (custom)
2019-09-12 10:20:56,356 [pool-38-thread-1] INFO  storage.RaftStorageDirectory (RaftStorageDirectory.java:analyzeStorage(246)) - The storage directory /workdir/hadoop-ozone/integration-test/target/test-dir/MiniOzoneClusterImpl-afc08962-9222-4e3d-8fb5-552b5e422aae/datanode-1/data/ratis/bae7278c-85b9-4985-bfdc-b514d89147f9 does not exist. Creating ...
2019-09-12 10:20:56,369 [pool-38-thread-1] INFO  storage.RaftStorageDirectory (RaftStorageDirectory.java:tryLock(328)) - Lock on /workdir/hadoop-ozone/integration-test/target/test-dir/MiniOzoneClusterImpl-afc08962-9222-4e3d-8fb5-552b5e422aae/datanode-1/data/ratis/bae7278c-85b9-4985-bfdc-b514d89147f9/in_use.lock acquired by nodename 12036@pr-hdds-1569-xtfnx-3545843844
2019-09-12 10:20:56,383 [pool-38-thread-1] INFO  storage.RaftStorage (RaftStorage.java:format(72)) - Storage directory /workdir/hadoop-ozone/integration-test/target/test-dir/MiniOzoneClusterImpl-afc08962-9222-4e3d-8fb5-552b5e422aae/datanode-1/data/ratis/bae7278c-85b9-4985-bfdc-b514d89147f9 has been successfully formatted.
2019-09-12 10:20:56,384 [pool-38-thread-1] INFO  ratis.ContainerStateMachine (ContainerStateMachine.java:loadSnapshot(226)) - group-B514D89147F9: The snapshot info is null. Setting the last applied indexto:(t:0, i:~)
2019-09-12 10:20:56,384 [pool-38-thread-1] INFO  server.RaftServerConfigKeys (ConfUtils.java:logGet(43)) - raft.server.leader.election.timeout = 120s (custom)
2019-09-12 10:20:56,384 [pool-38-thread-1] INFO  server.RaftServerConfigKeys (ConfUtils.java:logGet(43)) - raft.server.log.use.memory = false (default)
2019-09-12 10:20:56,384 [pool-38-thread-1] INFO  server.RaftServerConfigKeys (ConfUtils.java:logGet(43)) - raft.server.log.purge.gap = 1000000 (custom)
2019-09-12 10:20:56,384 [pool-38-thread-1] INFO  server.RaftServerConfigKeys (ConfUtils.java:logGet(43)) - raft.server.log.appender.buffer.byte-limit = 33554432 (custom)
2019-09-12 10:20:56,385 [pool-38-thread-1] INFO  server.RaftServerConfigKeys (ConfUtils.java:logGet(43)) - raft.server.log.segment.size.max = 1048576 (custom)
2019-09-12 10:20:56,385 [pool-38-thread-1] INFO  server.RaftServerConfigKeys (ConfUtils.java:logGet(43)) - raft.server.log.segment.cache.num.max = 2 (custom)
2019-09-12 10:20:56,385 [pool-38-thread-1] INFO  segmented.SegmentedRaftLogWorker (SegmentedRaftLogWorker.java:<init>(172)) - new 80f8a078-74d1-4787-8700-3441e69ebe61-SegmentedRaftLogWorker:Storage Directory /workdir/hadoop-ozone/integration-test/target/test-dir/MiniOzoneClusterImpl-afc08962-9222-4e3d-8fb5-552b5e422aae/datanode-1/data/ratis/bae7278c-85b9-4985-bfdc-b514d89147f9 for RaftStorage:Storage Directory /workdir/hadoop-ozone/integration-test/target/test-dir/MiniOzoneClusterImpl-afc08962-9222-4e3d-8fb5-552b5e422aae/datanode-1/data/ratis/bae7278c-85b9-4985-bfdc-b514d89147f9
2019-09-12 10:20:56,385 [pool-38-thread-1] INFO  server.RaftServerConfigKeys (ConfUtils.java:logGet(43)) - raft.server.log.queue.byte-limit = 2147483647 (custom)
2019-09-12 10:20:56,385 [pool-38-thread-1] INFO  server.RaftServerConfigKeys (ConfUtils.java:logGet(43)) - raft.server.log.queue.element-limit = 1024 (custom)
2019-09-12 10:20:56,386 [pool-38-thread-1] INFO  server.RaftServerConfigKeys (ConfUtils.java:logGet(43)) - raft.server.log.segment.size.max = 1048576 (custom)
2019-09-12 10:20:56,386 [pool-38-thread-1] INFO  server.RaftServerConfigKeys (ConfUtils.java:logGet(43)) - raft.server.log.preallocated.size = 16384 (custom)
2019-09-12 10:20:56,386 [pool-38-thread-1] INFO  server.RaftServerConfigKeys (ConfUtils.java:logGet(43)) - raft.server.log.write.buffer.size = 33554432 (custom)
2019-09-12 10:20:56,386 [pool-38-thread-1] INFO  server.RaftServerConfigKeys (ConfUtils.java:logGet(43)) - raft.server.log.force.sync.num = 128 (default)
2019-09-12 10:20:56,386 [pool-38-thread-1] INFO  server.RaftServerConfigKeys (ConfUtils.java:logGet(43)) - raft.server.log.statemachine.data.sync = true (default)
2019-09-12 10:20:56,387 [pool-38-thread-1] INFO  server.RaftServerConfigKeys (ConfUtils.java:logGet(43)) - raft.server.log.statemachine.data.sync.timeout = 10s (default)
2019-09-12 10:20:56,387 [pool-38-thread-1] INFO  server.RaftServerConfigKeys (ConfUtils.java:logGet(43)) - raft.server.log.statemachine.data.sync.timeout.retry = -1 (default)
2019-09-12 10:20:56,387 [pool-38-thread-1] INFO  server.RaftServerConfigKeys (ConfUtils.java:logGet(43)) - raft.server.log.statemachine.data.caching.enabled = true (custom)
2019-09-12 10:20:56,387 [pool-38-thread-1] INFO  segmented.SegmentedRaftLogWorker (SegmentedRaftLogWorker.java:lambda$new$0(132)) - 80f8a078-74d1-4787-8700-3441e69ebe61-SegmentedRaftLogWorker:Storage Directory /workdir/hadoop-ozone/integration-test/target/test-dir/MiniOzoneClusterImpl-afc08962-9222-4e3d-8fb5-552b5e422aae/datanode-1/data/ratis/bae7278c-85b9-4985-bfdc-b514d89147f9: flushIndex: setUnconditionally 0 -> -1
2019-09-12 10:20:56,388 [pool-38-thread-1] INFO  server.RaftServerConfigKeys (ConfUtils.java:logGet(43)) - raft.server.snapshot.auto.trigger.enabled = true (custom)
2019-09-12 10:20:56,388 [pool-38-thread-1] INFO  server.RaftServerConfigKeys (ConfUtils.java:logGet(43)) - raft.server.snapshot.auto.trigger.threshold = 10000 (custom)
2019-09-12 10:20:56,388 [pool-38-thread-1] INFO  server.RaftServerConfigKeys (ConfUtils.java:logGet(43)) - raft.server.retrycache.expirytime = 600000ms (custom)
2019-09-12 10:20:56,389 [pool-38-thread-1] INFO  impl.RaftServerImpl (RaftServerImpl.java:start(180)) - 80f8a078-74d1-4787-8700-3441e69ebe61: start group-B514D89147F9
2019-09-12 10:20:56,389 [pool-38-thread-1] INFO  impl.RaftServerImpl (RaftServerImpl.java:setRole(171)) - 80f8a078-74d1-4787-8700-3441e69ebe61:group-B514D89147F9 changes role from null to FOLLOWER at term 0 for startAsFollower
2019-09-12 10:20:56,389 [pool-38-thread-1] INFO  impl.RoleInfo (RoleInfo.java:updateAndGet(143)) - 80f8a078-74d1-4787-8700-3441e69ebe61: start FollowerState
2019-09-12 10:20:56,390 [pool-38-thread-1] INFO  util.JmxRegister (JmxRegister.java:tryRegister(44)) - Successfully registered JMX Bean with object name Ratis:service=RaftServer,group=group-B514D89147F9,id=80f8a078-74d1-4787-8700-3441e69ebe61
2019-09-12 10:20:56,395 [RatisPipelineUtilsThread] INFO  pipeline.PipelineStateManager (PipelineStateManager.java:addPipeline(56)) - Created pipeline Pipeline[ Id: bae7278c-85b9-4985-bfdc-b514d89147f9, Nodes: 80f8a078-74d1-4787-8700-3441e69ebe61{ip: 192.168.157.195, host: pr-hdds-1569-xtfnx-3545843844, networkLocation: /default-rack, certSerialId: null}, Type:RATIS, Factor:ONE, State:OPEN]
2019-09-12 10:20:56,397 [RatisPipelineUtilsThread] ERROR pipeline.PipelinePlacementPolicy (PipelinePlacementPolicy.java:meetCriteria(91)) - Pipeline Placement: Doesn't meet the criteria to be viable node. Heaviness: 6
2019-09-12 10:20:56,397 [RatisPipelineUtilsThread] ERROR pipeline.PipelinePlacementPolicy (PipelinePlacementPolicy.java:meetCriteria(91)) - Pipeline Placement: Doesn't meet the criteria to be viable node. Heaviness: 6
2019-09-12 10:20:56,397 [RatisPipelineUtilsThread] ERROR pipeline.PipelinePlacementPolicy (PipelinePlacementPolicy.java:meetCriteria(91)) - Pipeline Placement: Doesn't meet the criteria to be viable node. Heaviness: 6
2019-09-12 10:20:56,407 [grpc-default-executor-0] INFO  impl.RaftServerProxy (RaftServerProxy.java:addNew(89)) - 2d34cfa1-ae82-414b-bae6-717ee002fe05: addNew group-DFDF1FA081FE:[2d34cfa1-ae82-414b-bae6-717ee002fe05:192.168.157.195:46440] returns group-DFDF1FA081FE:java.util.concurrent.CompletableFuture@3df49dbf[Not completed]
2019-09-12 10:20:56,409 [pool-71-thread-1] INFO  impl.RaftServerImpl (RaftServerImpl.java:<init>(93)) - 2d34cfa1-ae82-414b-bae6-717ee002fe05: new RaftServerImpl for group-DFDF1FA081FE:[2d34cfa1-ae82-414b-bae6-717ee002fe05:192.168.157.195:46440] with ContainerStateMachine:uninitialized
2019-09-12 10:20:56,409 [pool-71-thread-1] INFO  server.RaftServerConfigKeys (ConfUtils.java:logGet(43)) - raft.server.rpc.timeout.min = 5s (custom)
2019-09-12 10:20:56,409 [pool-71-thread-1] INFO  server.RaftServerConfigKeys (ConfUtils.java:logGet(43)) - raft.server.rpc.timeout.max = 5200ms (custom)
2019-09-12 10:20:56,409 [pool-71-thread-1] INFO  server.RaftServerConfigKeys (ConfUtils.java:logGet(43)) - raft.server.rpcslowness.timeout = 120s (custom)
2019-09-12 10:20:56,409 [pool-71-thread-1] INFO  server.RaftServerConfigKeys (ConfUtils.java:logGet(43)) - raft.server.sleep.deviation.threshold = 300 (default)
2019-09-12 10:20:56,410 [pool-71-thread-1] INFO  server.RaftServerConfigKeys (ConfUtils.java:logGet(43)) - raft.server.log.appender.install.snapshot.enabled = false (custom)
2019-09-12 10:20:56,410 [pool-71-thread-1] INFO  impl.RaftServerImpl (ServerState.java:<init>(105)) - 2d34cfa1-ae82-414b-bae6-717ee002fe05:group-DFDF1FA081FE ConfigurationManager, init=-1: [2d34cfa1-ae82-414b-bae6-717ee002fe05:192.168.157.195:46440], old=null, confs=<EMPTY_MAP>
2019-09-12 10:20:56,410 [pool-71-thread-1] INFO  server.RaftServerConfigKeys (ConfUtils.java:logGet(43)) - raft.server.storage.dir = [/workdir/hadoop-ozone/integration-test/target/test-dir/MiniOzoneClusterImpl-afc08962-9222-4e3d-8fb5-552b5e422aae/datanode-4/data/ratis] (custom)
2019-09-12 10:20:56,410 [pool-71-thread-1] INFO  storage.RaftStorageDirectory (RaftStorageDirectory.java:analyzeStorage(246)) - The storage directory /workdir/hadoop-ozone/integration-test/target/test-dir/MiniOzoneClusterImpl-afc08962-9222-4e3d-8fb5-552b5e422aae/datanode-4/data/ratis/87b15e4a-129c-4bc8-8c75-dfdf1fa081fe does not exist. Creating ...
2019-09-12 10:20:56,424 [pool-71-thread-1] INFO  storage.RaftStorageDirectory (RaftStorageDirectory.java:tryLock(328)) - Lock on /workdir/hadoop-ozone/integration-test/target/test-dir/MiniOzoneClusterImpl-afc08962-9222-4e3d-8fb5-552b5e422aae/datanode-4/data/ratis/87b15e4a-129c-4bc8-8c75-dfdf1fa081fe/in_use.lock acquired by nodename 12036@pr-hdds-1569-xtfnx-3545843844
2019-09-12 10:20:56,437 [pool-71-thread-1] INFO  storage.RaftStorage (RaftStorage.java:format(72)) - Storage directory /workdir/hadoop-ozone/integration-test/target/test-dir/MiniOzoneClusterImpl-afc08962-9222-4e3d-8fb5-552b5e422aae/datanode-4/data/ratis/87b15e4a-129c-4bc8-8c75-dfdf1fa081fe has been successfully formatted.
2019-09-12 10:20:56,437 [pool-71-thread-1] INFO  ratis.ContainerStateMachine (ContainerStateMachine.java:loadSnapshot(226)) - group-DFDF1FA081FE: The snapshot info is null. Setting the last applied indexto:(t:0, i:~)
2019-09-12 10:20:56,438 [pool-71-thread-1] INFO  server.RaftServerConfigKeys (ConfUtils.java:logGet(43)) - raft.server.leader.election.timeout = 120s (custom)
2019-09-12 10:20:56,438 [pool-71-thread-1] INFO  server.RaftServerConfigKeys (ConfUtils.java:logGet(43)) - raft.server.log.use.memory = false (default)
2019-09-12 10:20:56,438 [pool-71-thread-1] INFO  server.RaftServerConfigKeys (ConfUtils.java:logGet(43)) - raft.server.log.purge.gap = 1000000 (custom)
2019-09-12 10:20:56,438 [pool-71-thread-1] INFO  server.RaftServerConfigKeys (ConfUtils.java:logGet(43)) - raft.server.log.appender.buffer.byte-limit = 33554432 (custom)
2019-09-12 10:20:56,438 [pool-71-thread-1] INFO  server.RaftServerConfigKeys (ConfUtils.java:logGet(43)) - raft.server.log.segment.size.max = 1048576 (custom)
2019-09-12 10:20:56,439 [pool-71-thread-1] INFO  server.RaftServerConfigKeys (ConfUtils.java:logGet(43)) - raft.server.log.segment.cache.num.max = 2 (custom)
2019-09-12 10:20:56,439 [pool-71-thread-1] INFO  segmented.SegmentedRaftLogWorker (SegmentedRaftLogWorker.java:<init>(172)) - new 2d34cfa1-ae82-414b-bae6-717ee002fe05-SegmentedRaftLogWorker:Storage Directory /workdir/hadoop-ozone/integration-test/target/test-dir/MiniOzoneClusterImpl-afc08962-9222-4e3d-8fb5-552b5e422aae/datanode-4/data/ratis/87b15e4a-129c-4bc8-8c75-dfdf1fa081fe for RaftStorage:Storage Directory /workdir/hadoop-ozone/integration-test/target/test-dir/MiniOzoneClusterImpl-afc08962-9222-4e3d-8fb5-552b5e422aae/datanode-4/data/ratis/87b15e4a-129c-4bc8-8c75-dfdf1fa081fe
2019-09-12 10:20:56,439 [pool-71-thread-1] INFO  server.RaftServerConfigKeys (ConfUtils.java:logGet(43)) - raft.server.log.queue.byte-limit = 2147483647 (custom)
2019-09-12 10:20:56,439 [pool-71-thread-1] INFO  server.RaftServerConfigKeys (ConfUtils.java:logGet(43)) - raft.server.log.queue.element-limit = 1024 (custom)
2019-09-12 10:20:56,439 [pool-71-thread-1] INFO  server.RaftServerConfigKeys (ConfUtils.java:logGet(43)) - raft.server.log.segment.size.max = 1048576 (custom)
2019-09-12 10:20:56,439 [pool-71-thread-1] INFO  server.RaftServerConfigKeys (ConfUtils.java:logGet(43)) - raft.server.log.preallocated.size = 16384 (custom)
2019-09-12 10:20:56,440 [pool-71-thread-1] INFO  server.RaftServerConfigKeys (ConfUtils.java:logGet(43)) - raft.server.log.write.buffer.size = 33554432 (custom)
2019-09-12 10:20:56,440 [pool-71-thread-1] INFO  server.RaftServerConfigKeys (ConfUtils.java:logGet(43)) - raft.server.log.force.sync.num = 128 (default)
2019-09-12 10:20:56,440 [pool-71-thread-1] INFO  server.RaftServerConfigKeys (ConfUtils.java:logGet(43)) - raft.server.log.statemachine.data.sync = true (default)
2019-09-12 10:20:56,440 [pool-71-thread-1] INFO  server.RaftServerConfigKeys (ConfUtils.java:logGet(43)) - raft.server.log.statemachine.data.sync.timeout = 10s (default)
2019-09-12 10:20:56,440 [pool-71-thread-1] INFO  server.RaftServerConfigKeys (ConfUtils.java:logGet(43)) - raft.server.log.statemachine.data.sync.timeout.retry = -1 (default)
2019-09-12 10:20:56,440 [pool-71-thread-1] INFO  server.RaftServerConfigKeys (ConfUtils.java:logGet(43)) - raft.server.log.statemachine.data.caching.enabled = true (custom)
2019-09-12 10:20:56,441 [pool-71-thread-1] INFO  segmented.SegmentedRaftLogWorker (SegmentedRaftLogWorker.java:lambda$new$0(132)) - 2d34cfa1-ae82-414b-bae6-717ee002fe05-SegmentedRaftLogWorker:Storage Directory /workdir/hadoop-ozone/integration-test/target/test-dir/MiniOzoneClusterImpl-afc08962-9222-4e3d-8fb5-552b5e422aae/datanode-4/data/ratis/87b15e4a-129c-4bc8-8c75-dfdf1fa081fe: flushIndex: setUnconditionally 0 -> -1
2019-09-12 10:20:56,441 [pool-71-thread-1] INFO  server.RaftServerConfigKeys (ConfUtils.java:logGet(43)) - raft.server.snapshot.auto.trigger.enabled = true (custom)
2019-09-12 10:20:56,441 [pool-71-thread-1] INFO  server.RaftServerConfigKeys (ConfUtils.java:logGet(43)) - raft.server.snapshot.auto.trigger.threshold = 10000 (custom)
2019-09-12 10:20:56,442 [pool-71-thread-1] INFO  server.RaftServerConfigKeys (ConfUtils.java:logGet(43)) - raft.server.retrycache.expirytime = 600000ms (custom)
2019-09-12 10:20:56,442 [pool-71-thread-1] INFO  impl.RaftServerImpl (RaftServerImpl.java:start(180)) - 2d34cfa1-ae82-414b-bae6-717ee002fe05: start group-DFDF1FA081FE
2019-09-12 10:20:56,442 [pool-71-thread-1] INFO  impl.RaftServerImpl (RaftServerImpl.java:setRole(171)) - 2d34cfa1-ae82-414b-bae6-717ee002fe05:group-DFDF1FA081FE changes role from null to FOLLOWER at term 0 for startAsFollower
2019-09-12 10:20:56,442 [pool-71-thread-1] INFO  impl.RoleInfo (RoleInfo.java:updateAndGet(143)) - 2d34cfa1-ae82-414b-bae6-717ee002fe05: start FollowerState
2019-09-12 10:20:56,443 [pool-71-thread-1] INFO  util.JmxRegister (JmxRegister.java:tryRegister(44)) - Successfully registered JMX Bean with object name Ratis:service=RaftServer,group=group-DFDF1FA081FE,id=2d34cfa1-ae82-414b-bae6-717ee002fe05
2019-09-12 10:20:56,450 [RatisPipelineUtilsThread] INFO  pipeline.PipelineStateManager (PipelineStateManager.java:addPipeline(56)) - Created pipeline Pipeline[ Id: 87b15e4a-129c-4bc8-8c75-dfdf1fa081fe, Nodes: 2d34cfa1-ae82-414b-bae6-717ee002fe05{ip: 192.168.157.195, host: pr-hdds-1569-xtfnx-3545843844, networkLocation: /default-rack, certSerialId: null}, Type:RATIS, Factor:ONE, State:OPEN]
2019-09-12 10:20:56,453 [RatisPipelineUtilsThread] ERROR pipeline.PipelinePlacementPolicy (PipelinePlacementPolicy.java:meetCriteria(91)) - Pipeline Placement: Doesn't meet the criteria to be viable node. Heaviness: 6
2019-09-12 10:20:56,453 [RatisPipelineUtilsThread] ERROR pipeline.PipelinePlacementPolicy (PipelinePlacementPolicy.java:meetCriteria(91)) - Pipeline Placement: Doesn't meet the criteria to be viable node. Heaviness: 6
2019-09-12 10:20:56,453 [RatisPipelineUtilsThread] ERROR pipeline.PipelinePlacementPolicy (PipelinePlacementPolicy.java:meetCriteria(91)) - Pipeline Placement: Doesn't meet the criteria to be viable node. Heaviness: 6
2019-09-12 10:20:56,468 [grpc-default-executor-0] INFO  impl.RaftServerProxy (RaftServerProxy.java:addNew(89)) - 2d34cfa1-ae82-414b-bae6-717ee002fe05: addNew group-AA0C2D5B717C:[2d34cfa1-ae82-414b-bae6-717ee002fe05:192.168.157.195:46440] returns group-AA0C2D5B717C:java.util.concurrent.CompletableFuture@6fb917da[Not completed]
2019-09-12 10:20:56,469 | INFO  | SCMAudit | user=jenkins1000 | ip=192.168.157.195 | op=SEND_HEARTBEAT {datanodeUUID=3352c2aa-4491-4fbb-82ad-24b3d7cf0c84, command=[]} | ret=SUCCESS |  
2019-09-12 10:20:56,469 | INFO  | SCMAudit | user=jenkins1000 | ip=192.168.157.195 | op=SEND_HEARTBEAT {datanodeUUID=6ee6d104-7057-4fca-83c0-db864f4c6adb, command=[]} | ret=SUCCESS |  
2019-09-12 10:20:56,470 [pool-71-thread-1] INFO  impl.RaftServerImpl (RaftServerImpl.java:<init>(93)) - 2d34cfa1-ae82-414b-bae6-717ee002fe05: new RaftServerImpl for group-AA0C2D5B717C:[2d34cfa1-ae82-414b-bae6-717ee002fe05:192.168.157.195:46440] with ContainerStateMachine:uninitialized
2019-09-12 10:20:56,470 [pool-71-thread-1] INFO  server.RaftServerConfigKeys (ConfUtils.java:logGet(43)) - raft.server.rpc.timeout.min = 5s (custom)
2019-09-12 10:20:56,470 [pool-71-thread-1] INFO  server.RaftServerConfigKeys (ConfUtils.java:logGet(43)) - raft.server.rpc.timeout.max = 5200ms (custom)
2019-09-12 10:20:56,470 [pool-71-thread-1] INFO  server.RaftServerConfigKeys (ConfUtils.java:logGet(43)) - raft.server.rpcslowness.timeout = 120s (custom)
2019-09-12 10:20:56,471 [pool-71-thread-1] INFO  server.RaftServerConfigKeys (ConfUtils.java:logGet(43)) - raft.server.sleep.deviation.threshold = 300 (default)
2019-09-12 10:20:56,471 [pool-71-thread-1] INFO  server.RaftServerConfigKeys (ConfUtils.java:logGet(43)) - raft.server.log.appender.install.snapshot.enabled = false (custom)
2019-09-12 10:20:56,471 [pool-71-thread-1] INFO  impl.RaftServerImpl (ServerState.java:<init>(105)) - 2d34cfa1-ae82-414b-bae6-717ee002fe05:group-AA0C2D5B717C ConfigurationManager, init=-1: [2d34cfa1-ae82-414b-bae6-717ee002fe05:192.168.157.195:46440], old=null, confs=<EMPTY_MAP>
2019-09-12 10:20:56,471 [pool-71-thread-1] INFO  server.RaftServerConfigKeys (ConfUtils.java:logGet(43)) - raft.server.storage.dir = [/workdir/hadoop-ozone/integration-test/target/test-dir/MiniOzoneClusterImpl-afc08962-9222-4e3d-8fb5-552b5e422aae/datanode-4/data/ratis] (custom)
2019-09-12 10:20:56,471 [pool-71-thread-1] INFO  storage.RaftStorageDirectory (RaftStorageDirectory.java:analyzeStorage(246)) - The storage directory /workdir/hadoop-ozone/integration-test/target/test-dir/MiniOzoneClusterImpl-afc08962-9222-4e3d-8fb5-552b5e422aae/datanode-4/data/ratis/7e5ee52c-7d4f-43fc-8008-aa0c2d5b717c does not exist. Creating ...
2019-09-12 10:20:56,485 [pool-71-thread-1] INFO  storage.RaftStorageDirectory (RaftStorageDirectory.java:tryLock(328)) - Lock on /workdir/hadoop-ozone/integration-test/target/test-dir/MiniOzoneClusterImpl-afc08962-9222-4e3d-8fb5-552b5e422aae/datanode-4/data/ratis/7e5ee52c-7d4f-43fc-8008-aa0c2d5b717c/in_use.lock acquired by nodename 12036@pr-hdds-1569-xtfnx-3545843844
2019-09-12 10:20:56,503 [pool-71-thread-1] INFO  storage.RaftStorage (RaftStorage.java:format(72)) - Storage directory /workdir/hadoop-ozone/integration-test/target/test-dir/MiniOzoneClusterImpl-afc08962-9222-4e3d-8fb5-552b5e422aae/datanode-4/data/ratis/7e5ee52c-7d4f-43fc-8008-aa0c2d5b717c has been successfully formatted.
2019-09-12 10:20:56,503 [pool-71-thread-1] INFO  ratis.ContainerStateMachine (ContainerStateMachine.java:loadSnapshot(226)) - group-AA0C2D5B717C: The snapshot info is null. Setting the last applied indexto:(t:0, i:~)
2019-09-12 10:20:56,503 [pool-71-thread-1] INFO  server.RaftServerConfigKeys (ConfUtils.java:logGet(43)) - raft.server.leader.election.timeout = 120s (custom)
2019-09-12 10:20:56,503 [pool-71-thread-1] INFO  server.RaftServerConfigKeys (ConfUtils.java:logGet(43)) - raft.server.log.use.memory = false (default)
2019-09-12 10:20:56,503 [pool-71-thread-1] INFO  server.RaftServerConfigKeys (ConfUtils.java:logGet(43)) - raft.server.log.purge.gap = 1000000 (custom)
2019-09-12 10:20:56,503 [pool-71-thread-1] INFO  server.RaftServerConfigKeys (ConfUtils.java:logGet(43)) - raft.server.log.appender.buffer.byte-limit = 33554432 (custom)
2019-09-12 10:20:56,504 [pool-71-thread-1] INFO  server.RaftServerConfigKeys (ConfUtils.java:logGet(43)) - raft.server.log.segment.size.max = 1048576 (custom)
2019-09-12 10:20:56,504 [pool-71-thread-1] INFO  server.RaftServerConfigKeys (ConfUtils.java:logGet(43)) - raft.server.log.segment.cache.num.max = 2 (custom)
2019-09-12 10:20:56,504 [pool-71-thread-1] INFO  segmented.SegmentedRaftLogWorker (SegmentedRaftLogWorker.java:<init>(172)) - new 2d34cfa1-ae82-414b-bae6-717ee002fe05-SegmentedRaftLogWorker:Storage Directory /workdir/hadoop-ozone/integration-test/target/test-dir/MiniOzoneClusterImpl-afc08962-9222-4e3d-8fb5-552b5e422aae/datanode-4/data/ratis/7e5ee52c-7d4f-43fc-8008-aa0c2d5b717c for RaftStorage:Storage Directory /workdir/hadoop-ozone/integration-test/target/test-dir/MiniOzoneClusterImpl-afc08962-9222-4e3d-8fb5-552b5e422aae/datanode-4/data/ratis/7e5ee52c-7d4f-43fc-8008-aa0c2d5b717c
2019-09-12 10:20:56,504 [pool-71-thread-1] INFO  server.RaftServerConfigKeys (ConfUtils.java:logGet(43)) - raft.server.log.queue.byte-limit = 2147483647 (custom)
2019-09-12 10:20:56,504 [pool-71-thread-1] INFO  server.RaftServerConfigKeys (ConfUtils.java:logGet(43)) - raft.server.log.queue.element-limit = 1024 (custom)
2019-09-12 10:20:56,504 [pool-71-thread-1] INFO  server.RaftServerConfigKeys (ConfUtils.java:logGet(43)) - raft.server.log.segment.size.max = 1048576 (custom)
2019-09-12 10:20:56,504 [pool-71-thread-1] INFO  server.RaftServerConfigKeys (ConfUtils.java:logGet(43)) - raft.server.log.preallocated.size = 16384 (custom)
2019-09-12 10:20:56,504 [pool-71-thread-1] INFO  server.RaftServerConfigKeys (ConfUtils.java:logGet(43)) - raft.server.log.write.buffer.size = 33554432 (custom)
2019-09-12 10:20:56,504 [pool-71-thread-1] INFO  server.RaftServerConfigKeys (ConfUtils.java:logGet(43)) - raft.server.log.force.sync.num = 128 (default)
2019-09-12 10:20:56,505 [pool-71-thread-1] INFO  server.RaftServerConfigKeys (ConfUtils.java:logGet(43)) - raft.server.log.statemachine.data.sync = true (default)
2019-09-12 10:20:56,505 [pool-71-thread-1] INFO  server.RaftServerConfigKeys (ConfUtils.java:logGet(43)) - raft.server.log.statemachine.data.sync.timeout = 10s (default)
2019-09-12 10:20:56,505 [pool-71-thread-1] INFO  server.RaftServerConfigKeys (ConfUtils.java:logGet(43)) - raft.server.log.statemachine.data.sync.timeout.retry = -1 (default)
2019-09-12 10:20:56,505 [pool-71-thread-1] INFO  server.RaftServerConfigKeys (ConfUtils.java:logGet(43)) - raft.server.log.statemachine.data.caching.enabled = true (custom)
2019-09-12 10:20:56,505 [pool-71-thread-1] INFO  segmented.SegmentedRaftLogWorker (SegmentedRaftLogWorker.java:lambda$new$0(132)) - 2d34cfa1-ae82-414b-bae6-717ee002fe05-SegmentedRaftLogWorker:Storage Directory /workdir/hadoop-ozone/integration-test/target/test-dir/MiniOzoneClusterImpl-afc08962-9222-4e3d-8fb5-552b5e422aae/datanode-4/data/ratis/7e5ee52c-7d4f-43fc-8008-aa0c2d5b717c: flushIndex: setUnconditionally 0 -> -1
2019-09-12 10:20:56,505 [pool-71-thread-1] INFO  server.RaftServerConfigKeys (ConfUtils.java:logGet(43)) - raft.server.snapshot.auto.trigger.enabled = true (custom)
2019-09-12 10:20:56,506 [pool-71-thread-1] INFO  server.RaftServerConfigKeys (ConfUtils.java:logGet(43)) - raft.server.snapshot.auto.trigger.threshold = 10000 (custom)
2019-09-12 10:20:56,506 [pool-71-thread-1] INFO  server.RaftServerConfigKeys (ConfUtils.java:logGet(43)) - raft.server.retrycache.expirytime = 600000ms (custom)
2019-09-12 10:20:56,506 [pool-71-thread-1] INFO  impl.RaftServerImpl (RaftServerImpl.java:start(180)) - 2d34cfa1-ae82-414b-bae6-717ee002fe05: start group-AA0C2D5B717C
2019-09-12 10:20:56,506 [pool-71-thread-1] INFO  impl.RaftServerImpl (RaftServerImpl.java:setRole(171)) - 2d34cfa1-ae82-414b-bae6-717ee002fe05:group-AA0C2D5B717C changes role from null to FOLLOWER at term 0 for startAsFollower
2019-09-12 10:20:56,506 [pool-71-thread-1] INFO  impl.RoleInfo (RoleInfo.java:updateAndGet(143)) - 2d34cfa1-ae82-414b-bae6-717ee002fe05: start FollowerState
2019-09-12 10:20:56,507 [pool-71-thread-1] INFO  util.JmxRegister (JmxRegister.java:tryRegister(44)) - Successfully registered JMX Bean with object name Ratis:service=RaftServer,group=group-AA0C2D5B717C,id=2d34cfa1-ae82-414b-bae6-717ee002fe05
2019-09-12 10:20:56,511 [RatisPipelineUtilsThread] INFO  pipeline.PipelineStateManager (PipelineStateManager.java:addPipeline(56)) - Created pipeline Pipeline[ Id: 7e5ee52c-7d4f-43fc-8008-aa0c2d5b717c, Nodes: 2d34cfa1-ae82-414b-bae6-717ee002fe05{ip: 192.168.157.195, host: pr-hdds-1569-xtfnx-3545843844, networkLocation: /default-rack, certSerialId: null}, Type:RATIS, Factor:ONE, State:OPEN]
2019-09-12 10:20:56,513 [RatisPipelineUtilsThread] ERROR pipeline.PipelinePlacementPolicy (PipelinePlacementPolicy.java:meetCriteria(91)) - Pipeline Placement: Doesn't meet the criteria to be viable node. Heaviness: 6
2019-09-12 10:20:56,513 [RatisPipelineUtilsThread] ERROR pipeline.PipelinePlacementPolicy (PipelinePlacementPolicy.java:meetCriteria(91)) - Pipeline Placement: Doesn't meet the criteria to be viable node. Heaviness: 6
2019-09-12 10:20:56,513 [RatisPipelineUtilsThread] ERROR pipeline.PipelinePlacementPolicy (PipelinePlacementPolicy.java:meetCriteria(91)) - Pipeline Placement: Doesn't meet the criteria to be viable node. Heaviness: 6
2019-09-12 10:20:56,522 [grpc-default-executor-0] INFO  impl.RaftServerProxy (RaftServerProxy.java:addNew(89)) - 3352c2aa-4491-4fbb-82ad-24b3d7cf0c84: addNew group-E563BB7B5E57:[3352c2aa-4491-4fbb-82ad-24b3d7cf0c84:192.168.157.195:36967] returns group-E563BB7B5E57:java.util.concurrent.CompletableFuture@4c7a3632[Not completed]
2019-09-12 10:20:56,523 [pool-60-thread-1] INFO  impl.RaftServerImpl (RaftServerImpl.java:<init>(93)) - 3352c2aa-4491-4fbb-82ad-24b3d7cf0c84: new RaftServerImpl for group-E563BB7B5E57:[3352c2aa-4491-4fbb-82ad-24b3d7cf0c84:192.168.157.195:36967] with ContainerStateMachine:uninitialized
2019-09-12 10:20:56,523 [pool-60-thread-1] INFO  server.RaftServerConfigKeys (ConfUtils.java:logGet(43)) - raft.server.rpc.timeout.min = 5s (custom)
2019-09-12 10:20:56,524 [pool-60-thread-1] INFO  server.RaftServerConfigKeys (ConfUtils.java:logGet(43)) - raft.server.rpc.timeout.max = 5200ms (custom)
2019-09-12 10:20:56,524 [pool-60-thread-1] INFO  server.RaftServerConfigKeys (ConfUtils.java:logGet(43)) - raft.server.rpcslowness.timeout = 120s (custom)
2019-09-12 10:20:56,524 [pool-60-thread-1] INFO  server.RaftServerConfigKeys (ConfUtils.java:logGet(43)) - raft.server.sleep.deviation.threshold = 300 (default)
2019-09-12 10:20:56,524 [pool-60-thread-1] INFO  server.RaftServerConfigKeys (ConfUtils.java:logGet(43)) - raft.server.log.appender.install.snapshot.enabled = false (custom)
2019-09-12 10:20:56,524 [pool-60-thread-1] INFO  impl.RaftServerImpl (ServerState.java:<init>(105)) - 3352c2aa-4491-4fbb-82ad-24b3d7cf0c84:group-E563BB7B5E57 ConfigurationManager, init=-1: [3352c2aa-4491-4fbb-82ad-24b3d7cf0c84:192.168.157.195:36967], old=null, confs=<EMPTY_MAP>
2019-09-12 10:20:56,524 [pool-60-thread-1] INFO  server.RaftServerConfigKeys (ConfUtils.java:logGet(43)) - raft.server.storage.dir = [/workdir/hadoop-ozone/integration-test/target/test-dir/MiniOzoneClusterImpl-afc08962-9222-4e3d-8fb5-552b5e422aae/datanode-3/data/ratis] (custom)
2019-09-12 10:20:56,525 [pool-60-thread-1] INFO  storage.RaftStorageDirectory (RaftStorageDirectory.java:analyzeStorage(246)) - The storage directory /workdir/hadoop-ozone/integration-test/target/test-dir/MiniOzoneClusterImpl-afc08962-9222-4e3d-8fb5-552b5e422aae/datanode-3/data/ratis/dc27b656-8f83-42c4-90cf-e563bb7b5e57 does not exist. Creating ...
2019-09-12 10:20:56,538 [pool-60-thread-1] INFO  storage.RaftStorageDirectory (RaftStorageDirectory.java:tryLock(328)) - Lock on /workdir/hadoop-ozone/integration-test/target/test-dir/MiniOzoneClusterImpl-afc08962-9222-4e3d-8fb5-552b5e422aae/datanode-3/data/ratis/dc27b656-8f83-42c4-90cf-e563bb7b5e57/in_use.lock acquired by nodename 12036@pr-hdds-1569-xtfnx-3545843844
2019-09-12 10:20:56,551 [pool-60-thread-1] INFO  storage.RaftStorage (RaftStorage.java:format(72)) - Storage directory /workdir/hadoop-ozone/integration-test/target/test-dir/MiniOzoneClusterImpl-afc08962-9222-4e3d-8fb5-552b5e422aae/datanode-3/data/ratis/dc27b656-8f83-42c4-90cf-e563bb7b5e57 has been successfully formatted.
2019-09-12 10:20:56,551 [pool-60-thread-1] INFO  ratis.ContainerStateMachine (ContainerStateMachine.java:loadSnapshot(226)) - group-E563BB7B5E57: The snapshot info is null. Setting the last applied indexto:(t:0, i:~)
2019-09-12 10:20:56,551 [pool-60-thread-1] INFO  server.RaftServerConfigKeys (ConfUtils.java:logGet(43)) - raft.server.leader.election.timeout = 120s (custom)
2019-09-12 10:20:56,551 [pool-60-thread-1] INFO  server.RaftServerConfigKeys (ConfUtils.java:logGet(43)) - raft.server.log.use.memory = false (default)
2019-09-12 10:20:56,552 [pool-60-thread-1] INFO  server.RaftServerConfigKeys (ConfUtils.java:logGet(43)) - raft.server.log.purge.gap = 1000000 (custom)
2019-09-12 10:20:56,552 [pool-60-thread-1] INFO  server.RaftServerConfigKeys (ConfUtils.java:logGet(43)) - raft.server.log.appender.buffer.byte-limit = 33554432 (custom)
2019-09-12 10:20:56,552 [pool-60-thread-1] INFO  server.RaftServerConfigKeys (ConfUtils.java:logGet(43)) - raft.server.log.segment.size.max = 1048576 (custom)
2019-09-12 10:20:56,552 [pool-60-thread-1] INFO  server.RaftServerConfigKeys (ConfUtils.java:logGet(43)) - raft.server.log.segment.cache.num.max = 2 (custom)
2019-09-12 10:20:56,552 [pool-60-thread-1] INFO  segmented.SegmentedRaftLogWorker (SegmentedRaftLogWorker.java:<init>(172)) - new 3352c2aa-4491-4fbb-82ad-24b3d7cf0c84-SegmentedRaftLogWorker:Storage Directory /workdir/hadoop-ozone/integration-test/target/test-dir/MiniOzoneClusterImpl-afc08962-9222-4e3d-8fb5-552b5e422aae/datanode-3/data/ratis/dc27b656-8f83-42c4-90cf-e563bb7b5e57 for RaftStorage:Storage Directory /workdir/hadoop-ozone/integration-test/target/test-dir/MiniOzoneClusterImpl-afc08962-9222-4e3d-8fb5-552b5e422aae/datanode-3/data/ratis/dc27b656-8f83-42c4-90cf-e563bb7b5e57
2019-09-12 10:20:56,552 [pool-60-thread-1] INFO  server.RaftServerConfigKeys (ConfUtils.java:logGet(43)) - raft.server.log.queue.byte-limit = 2147483647 (custom)
2019-09-12 10:20:56,553 [pool-60-thread-1] INFO  server.RaftServerConfigKeys (ConfUtils.java:logGet(43)) - raft.server.log.queue.element-limit = 1024 (custom)
2019-09-12 10:20:56,553 [pool-60-thread-1] INFO  server.RaftServerConfigKeys (ConfUtils.java:logGet(43)) - raft.server.log.segment.size.max = 1048576 (custom)
2019-09-12 10:20:56,553 [pool-60-thread-1] INFO  server.RaftServerConfigKeys (ConfUtils.java:logGet(43)) - raft.server.log.preallocated.size = 16384 (custom)
2019-09-12 10:20:56,553 [pool-60-thread-1] INFO  server.RaftServerConfigKeys (ConfUtils.java:logGet(43)) - raft.server.log.write.buffer.size = 33554432 (custom)
2019-09-12 10:20:56,553 [pool-60-thread-1] INFO  server.RaftServerConfigKeys (ConfUtils.java:logGet(43)) - raft.server.log.force.sync.num = 128 (default)
2019-09-12 10:20:56,553 [pool-60-thread-1] INFO  server.RaftServerConfigKeys (ConfUtils.java:logGet(43)) - raft.server.log.statemachine.data.sync = true (default)
2019-09-12 10:20:56,554 [pool-60-thread-1] INFO  server.RaftServerConfigKeys (ConfUtils.java:logGet(43)) - raft.server.log.statemachine.data.sync.timeout = 10s (default)
2019-09-12 10:20:56,554 [pool-60-thread-1] INFO  server.RaftServerConfigKeys (ConfUtils.java:logGet(43)) - raft.server.log.statemachine.data.sync.timeout.retry = -1 (default)
2019-09-12 10:20:56,554 [pool-60-thread-1] INFO  server.RaftServerConfigKeys (ConfUtils.java:logGet(43)) - raft.server.log.statemachine.data.caching.enabled = true (custom)
2019-09-12 10:20:56,554 [pool-60-thread-1] INFO  segmented.SegmentedRaftLogWorker (SegmentedRaftLogWorker.java:lambda$new$0(132)) - 3352c2aa-4491-4fbb-82ad-24b3d7cf0c84-SegmentedRaftLogWorker:Storage Directory /workdir/hadoop-ozone/integration-test/target/test-dir/MiniOzoneClusterImpl-afc08962-9222-4e3d-8fb5-552b5e422aae/datanode-3/data/ratis/dc27b656-8f83-42c4-90cf-e563bb7b5e57: flushIndex: setUnconditionally 0 -> -1
2019-09-12 10:20:56,555 [pool-60-thread-1] INFO  server.RaftServerConfigKeys (ConfUtils.java:logGet(43)) - raft.server.snapshot.auto.trigger.enabled = true (custom)
2019-09-12 10:20:56,555 [pool-60-thread-1] INFO  server.RaftServerConfigKeys (ConfUtils.java:logGet(43)) - raft.server.snapshot.auto.trigger.threshold = 10000 (custom)
2019-09-12 10:20:56,555 [pool-60-thread-1] INFO  server.RaftServerConfigKeys (ConfUtils.java:logGet(43)) - raft.server.retrycache.expirytime = 600000ms (custom)
2019-09-12 10:20:56,555 [pool-60-thread-1] INFO  impl.RaftServerImpl (RaftServerImpl.java:start(180)) - 3352c2aa-4491-4fbb-82ad-24b3d7cf0c84: start group-E563BB7B5E57
2019-09-12 10:20:56,555 [pool-60-thread-1] INFO  impl.RaftServerImpl (RaftServerImpl.java:setRole(171)) - 3352c2aa-4491-4fbb-82ad-24b3d7cf0c84:group-E563BB7B5E57 changes role from null to FOLLOWER at term 0 for startAsFollower
2019-09-12 10:20:56,556 [pool-60-thread-1] INFO  impl.RoleInfo (RoleInfo.java:updateAndGet(143)) - 3352c2aa-4491-4fbb-82ad-24b3d7cf0c84: start FollowerState
2019-09-12 10:20:56,556 [pool-60-thread-1] INFO  util.JmxRegister (JmxRegister.java:tryRegister(44)) - Successfully registered JMX Bean with object name Ratis:service=RaftServer,group=group-E563BB7B5E57,id=3352c2aa-4491-4fbb-82ad-24b3d7cf0c84
2019-09-12 10:20:56,562 | INFO  | SCMAudit | user=jenkins1000 | ip=192.168.157.195 | op=SEND_HEARTBEAT {datanodeUUID=2d34cfa1-ae82-414b-bae6-717ee002fe05, command=[]} | ret=SUCCESS |  
2019-09-12 10:20:56,563 [RatisPipelineUtilsThread] INFO  pipeline.PipelineStateManager (PipelineStateManager.java:addPipeline(56)) - Created pipeline Pipeline[ Id: dc27b656-8f83-42c4-90cf-e563bb7b5e57, Nodes: 3352c2aa-4491-4fbb-82ad-24b3d7cf0c84{ip: 192.168.157.195, host: pr-hdds-1569-xtfnx-3545843844, networkLocation: /default-rack, certSerialId: null}, Type:RATIS, Factor:ONE, State:OPEN]
2019-09-12 10:20:56,565 [RatisPipelineUtilsThread] ERROR pipeline.PipelinePlacementPolicy (PipelinePlacementPolicy.java:meetCriteria(91)) - Pipeline Placement: Doesn't meet the criteria to be viable node. Heaviness: 6
2019-09-12 10:20:56,565 [RatisPipelineUtilsThread] ERROR pipeline.PipelinePlacementPolicy (PipelinePlacementPolicy.java:meetCriteria(91)) - Pipeline Placement: Doesn't meet the criteria to be viable node. Heaviness: 6
2019-09-12 10:20:56,565 [RatisPipelineUtilsThread] ERROR pipeline.PipelinePlacementPolicy (PipelinePlacementPolicy.java:meetCriteria(91)) - Pipeline Placement: Doesn't meet the criteria to be viable node. Heaviness: 6
2019-09-12 10:20:56,575 [grpc-default-executor-0] INFO  impl.RaftServerProxy (RaftServerProxy.java:addNew(89)) - 3352c2aa-4491-4fbb-82ad-24b3d7cf0c84: addNew group-F7D68A6E4A8E:[3352c2aa-4491-4fbb-82ad-24b3d7cf0c84:192.168.157.195:36967] returns group-F7D68A6E4A8E:java.util.concurrent.CompletableFuture@3678a1f6[Not completed]
2019-09-12 10:20:56,577 [pool-60-thread-1] INFO  impl.RaftServerImpl (RaftServerImpl.java:<init>(93)) - 3352c2aa-4491-4fbb-82ad-24b3d7cf0c84: new RaftServerImpl for group-F7D68A6E4A8E:[3352c2aa-4491-4fbb-82ad-24b3d7cf0c84:192.168.157.195:36967] with ContainerStateMachine:uninitialized
2019-09-12 10:20:56,577 [pool-60-thread-1] INFO  server.RaftServerConfigKeys (ConfUtils.java:logGet(43)) - raft.server.rpc.timeout.min = 5s (custom)
2019-09-12 10:20:56,577 [pool-60-thread-1] INFO  server.RaftServerConfigKeys (ConfUtils.java:logGet(43)) - raft.server.rpc.timeout.max = 5200ms (custom)
2019-09-12 10:20:56,577 [pool-60-thread-1] INFO  server.RaftServerConfigKeys (ConfUtils.java:logGet(43)) - raft.server.rpcslowness.timeout = 120s (custom)
2019-09-12 10:20:56,577 [pool-60-thread-1] INFO  server.RaftServerConfigKeys (ConfUtils.java:logGet(43)) - raft.server.sleep.deviation.threshold = 300 (default)
2019-09-12 10:20:56,577 [pool-60-thread-1] INFO  server.RaftServerConfigKeys (ConfUtils.java:logGet(43)) - raft.server.log.appender.install.snapshot.enabled = false (custom)
2019-09-12 10:20:56,578 [pool-60-thread-1] INFO  impl.RaftServerImpl (ServerState.java:<init>(105)) - 3352c2aa-4491-4fbb-82ad-24b3d7cf0c84:group-F7D68A6E4A8E ConfigurationManager, init=-1: [3352c2aa-4491-4fbb-82ad-24b3d7cf0c84:192.168.157.195:36967], old=null, confs=<EMPTY_MAP>
2019-09-12 10:20:56,578 [pool-60-thread-1] INFO  server.RaftServerConfigKeys (ConfUtils.java:logGet(43)) - raft.server.storage.dir = [/workdir/hadoop-ozone/integration-test/target/test-dir/MiniOzoneClusterImpl-afc08962-9222-4e3d-8fb5-552b5e422aae/datanode-3/data/ratis] (custom)
2019-09-12 10:20:56,578 [pool-60-thread-1] INFO  storage.RaftStorageDirectory (RaftStorageDirectory.java:analyzeStorage(246)) - The storage directory /workdir/hadoop-ozone/integration-test/target/test-dir/MiniOzoneClusterImpl-afc08962-9222-4e3d-8fb5-552b5e422aae/datanode-3/data/ratis/6cd93c84-ba1b-49cb-9de0-f7d68a6e4a8e does not exist. Creating ...
2019-09-12 10:20:56,614 [pool-60-thread-1] INFO  storage.RaftStorageDirectory (RaftStorageDirectory.java:tryLock(328)) - Lock on /workdir/hadoop-ozone/integration-test/target/test-dir/MiniOzoneClusterImpl-afc08962-9222-4e3d-8fb5-552b5e422aae/datanode-3/data/ratis/6cd93c84-ba1b-49cb-9de0-f7d68a6e4a8e/in_use.lock acquired by nodename 12036@pr-hdds-1569-xtfnx-3545843844
2019-09-12 10:20:56,627 [pool-60-thread-1] INFO  storage.RaftStorage (RaftStorage.java:format(72)) - Storage directory /workdir/hadoop-ozone/integration-test/target/test-dir/MiniOzoneClusterImpl-afc08962-9222-4e3d-8fb5-552b5e422aae/datanode-3/data/ratis/6cd93c84-ba1b-49cb-9de0-f7d68a6e4a8e has been successfully formatted.
2019-09-12 10:20:56,627 [pool-60-thread-1] INFO  ratis.ContainerStateMachine (ContainerStateMachine.java:loadSnapshot(226)) - group-F7D68A6E4A8E: The snapshot info is null. Setting the last applied indexto:(t:0, i:~)
2019-09-12 10:20:56,628 [pool-60-thread-1] INFO  server.RaftServerConfigKeys (ConfUtils.java:logGet(43)) - raft.server.leader.election.timeout = 120s (custom)
2019-09-12 10:20:56,628 [pool-60-thread-1] INFO  server.RaftServerConfigKeys (ConfUtils.java:logGet(43)) - raft.server.log.use.memory = false (default)
2019-09-12 10:20:56,628 [pool-60-thread-1] INFO  server.RaftServerConfigKeys (ConfUtils.java:logGet(43)) - raft.server.log.purge.gap = 1000000 (custom)
2019-09-12 10:20:56,628 [pool-60-thread-1] INFO  server.RaftServerConfigKeys (ConfUtils.java:logGet(43)) - raft.server.log.appender.buffer.byte-limit = 33554432 (custom)
2019-09-12 10:20:56,628 [pool-60-thread-1] INFO  server.RaftServerConfigKeys (ConfUtils.java:logGet(43)) - raft.server.log.segment.size.max = 1048576 (custom)
2019-09-12 10:20:56,628 [pool-60-thread-1] INFO  server.RaftServerConfigKeys (ConfUtils.java:logGet(43)) - raft.server.log.segment.cache.num.max = 2 (custom)
2019-09-12 10:20:56,628 [pool-60-thread-1] INFO  segmented.SegmentedRaftLogWorker (SegmentedRaftLogWorker.java:<init>(172)) - new 3352c2aa-4491-4fbb-82ad-24b3d7cf0c84-SegmentedRaftLogWorker:Storage Directory /workdir/hadoop-ozone/integration-test/target/test-dir/MiniOzoneClusterImpl-afc08962-9222-4e3d-8fb5-552b5e422aae/datanode-3/data/ratis/6cd93c84-ba1b-49cb-9de0-f7d68a6e4a8e for RaftStorage:Storage Directory /workdir/hadoop-ozone/integration-test/target/test-dir/MiniOzoneClusterImpl-afc08962-9222-4e3d-8fb5-552b5e422aae/datanode-3/data/ratis/6cd93c84-ba1b-49cb-9de0-f7d68a6e4a8e
2019-09-12 10:20:56,629 [pool-60-thread-1] INFO  server.RaftServerConfigKeys (ConfUtils.java:logGet(43)) - raft.server.log.queue.byte-limit = 2147483647 (custom)
2019-09-12 10:20:56,629 [pool-60-thread-1] INFO  server.RaftServerConfigKeys (ConfUtils.java:logGet(43)) - raft.server.log.queue.element-limit = 1024 (custom)
2019-09-12 10:20:56,629 [pool-60-thread-1] INFO  server.RaftServerConfigKeys (ConfUtils.java:logGet(43)) - raft.server.log.segment.size.max = 1048576 (custom)
2019-09-12 10:20:56,629 [pool-60-thread-1] INFO  server.RaftServerConfigKeys (ConfUtils.java:logGet(43)) - raft.server.log.preallocated.size = 16384 (custom)
2019-09-12 10:20:56,629 [pool-60-thread-1] INFO  server.RaftServerConfigKeys (ConfUtils.java:logGet(43)) - raft.server.log.write.buffer.size = 33554432 (custom)
2019-09-12 10:20:56,629 [pool-60-thread-1] INFO  server.RaftServerConfigKeys (ConfUtils.java:logGet(43)) - raft.server.log.force.sync.num = 128 (default)
2019-09-12 10:20:56,629 [pool-60-thread-1] INFO  server.RaftServerConfigKeys (ConfUtils.java:logGet(43)) - raft.server.log.statemachine.data.sync = true (default)
2019-09-12 10:20:56,629 [pool-60-thread-1] INFO  server.RaftServerConfigKeys (ConfUtils.java:logGet(43)) - raft.server.log.statemachine.data.sync.timeout = 10s (default)
2019-09-12 10:20:56,630 [pool-60-thread-1] INFO  server.RaftServerConfigKeys (ConfUtils.java:logGet(43)) - raft.server.log.statemachine.data.sync.timeout.retry = -1 (default)
2019-09-12 10:20:56,630 [pool-60-thread-1] INFO  server.RaftServerConfigKeys (ConfUtils.java:logGet(43)) - raft.server.log.statemachine.data.caching.enabled = true (custom)
2019-09-12 10:20:56,630 [pool-60-thread-1] INFO  segmented.SegmentedRaftLogWorker (SegmentedRaftLogWorker.java:lambda$new$0(132)) - 3352c2aa-4491-4fbb-82ad-24b3d7cf0c84-SegmentedRaftLogWorker:Storage Directory /workdir/hadoop-ozone/integration-test/target/test-dir/MiniOzoneClusterImpl-afc08962-9222-4e3d-8fb5-552b5e422aae/datanode-3/data/ratis/6cd93c84-ba1b-49cb-9de0-f7d68a6e4a8e: flushIndex: setUnconditionally 0 -> -1
2019-09-12 10:20:56,631 [pool-60-thread-1] INFO  server.RaftServerConfigKeys (ConfUtils.java:logGet(43)) - raft.server.snapshot.auto.trigger.enabled = true (custom)
2019-09-12 10:20:56,631 [pool-60-thread-1] INFO  server.RaftServerConfigKeys (ConfUtils.java:logGet(43)) - raft.server.snapshot.auto.trigger.threshold = 10000 (custom)
2019-09-12 10:20:56,631 [pool-60-thread-1] INFO  server.RaftServerConfigKeys (ConfUtils.java:logGet(43)) - raft.server.retrycache.expirytime = 600000ms (custom)
2019-09-12 10:20:56,631 [pool-60-thread-1] INFO  impl.RaftServerImpl (RaftServerImpl.java:start(180)) - 3352c2aa-4491-4fbb-82ad-24b3d7cf0c84: start group-F7D68A6E4A8E
2019-09-12 10:20:56,631 [pool-60-thread-1] INFO  impl.RaftServerImpl (RaftServerImpl.java:setRole(171)) - 3352c2aa-4491-4fbb-82ad-24b3d7cf0c84:group-F7D68A6E4A8E changes role from null to FOLLOWER at term 0 for startAsFollower
2019-09-12 10:20:56,631 [pool-60-thread-1] INFO  impl.RoleInfo (RoleInfo.java:updateAndGet(143)) - 3352c2aa-4491-4fbb-82ad-24b3d7cf0c84: start FollowerState
2019-09-12 10:20:56,632 [pool-60-thread-1] INFO  util.JmxRegister (JmxRegister.java:tryRegister(44)) - Successfully registered JMX Bean with object name Ratis:service=RaftServer,group=group-F7D68A6E4A8E,id=3352c2aa-4491-4fbb-82ad-24b3d7cf0c84
2019-09-12 10:20:56,641 [RatisPipelineUtilsThread] INFO  pipeline.PipelineStateManager (PipelineStateManager.java:addPipeline(56)) - Created pipeline Pipeline[ Id: 6cd93c84-ba1b-49cb-9de0-f7d68a6e4a8e, Nodes: 3352c2aa-4491-4fbb-82ad-24b3d7cf0c84{ip: 192.168.157.195, host: pr-hdds-1569-xtfnx-3545843844, networkLocation: /default-rack, certSerialId: null}, Type:RATIS, Factor:ONE, State:OPEN]
2019-09-12 10:20:56,643 | INFO  | SCMAudit | user=jenkins1000 | ip=192.168.157.195 | op=SEND_HEARTBEAT {datanodeUUID=807fe137-5703-4ca0-bc4b-d1bf019678ec, command=[]} | ret=SUCCESS |  
2019-09-12 10:20:56,643 [RatisPipelineUtilsThread] ERROR pipeline.PipelinePlacementPolicy (PipelinePlacementPolicy.java:meetCriteria(91)) - Pipeline Placement: Doesn't meet the criteria to be viable node. Heaviness: 6
2019-09-12 10:20:56,643 [RatisPipelineUtilsThread] ERROR pipeline.PipelinePlacementPolicy (PipelinePlacementPolicy.java:meetCriteria(91)) - Pipeline Placement: Doesn't meet the criteria to be viable node. Heaviness: 6
2019-09-12 10:20:56,643 [RatisPipelineUtilsThread] ERROR pipeline.PipelinePlacementPolicy (PipelinePlacementPolicy.java:meetCriteria(91)) - Pipeline Placement: Doesn't meet the criteria to be viable node. Heaviness: 6
2019-09-12 10:20:56,654 [grpc-default-executor-0] INFO  impl.RaftServerProxy (RaftServerProxy.java:addNew(89)) - 3352c2aa-4491-4fbb-82ad-24b3d7cf0c84: addNew group-37DEA62297F6:[3352c2aa-4491-4fbb-82ad-24b3d7cf0c84:192.168.157.195:36967] returns group-37DEA62297F6:java.util.concurrent.CompletableFuture@2cd1dca2[Not completed]
2019-09-12 10:20:56,655 [pool-60-thread-1] INFO  impl.RaftServerImpl (RaftServerImpl.java:<init>(93)) - 3352c2aa-4491-4fbb-82ad-24b3d7cf0c84: new RaftServerImpl for group-37DEA62297F6:[3352c2aa-4491-4fbb-82ad-24b3d7cf0c84:192.168.157.195:36967] with ContainerStateMachine:uninitialized
2019-09-12 10:20:56,656 [pool-60-thread-1] INFO  server.RaftServerConfigKeys (ConfUtils.java:logGet(43)) - raft.server.rpc.timeout.min = 5s (custom)
2019-09-12 10:20:56,656 [pool-60-thread-1] INFO  server.RaftServerConfigKeys (ConfUtils.java:logGet(43)) - raft.server.rpc.timeout.max = 5200ms (custom)
2019-09-12 10:20:56,656 [pool-60-thread-1] INFO  server.RaftServerConfigKeys (ConfUtils.java:logGet(43)) - raft.server.rpcslowness.timeout = 120s (custom)
2019-09-12 10:20:56,656 [pool-60-thread-1] INFO  server.RaftServerConfigKeys (ConfUtils.java:logGet(43)) - raft.server.sleep.deviation.threshold = 300 (default)
2019-09-12 10:20:56,656 [pool-60-thread-1] INFO  server.RaftServerConfigKeys (ConfUtils.java:logGet(43)) - raft.server.log.appender.install.snapshot.enabled = false (custom)
2019-09-12 10:20:56,656 [pool-60-thread-1] INFO  impl.RaftServerImpl (ServerState.java:<init>(105)) - 3352c2aa-4491-4fbb-82ad-24b3d7cf0c84:group-37DEA62297F6 ConfigurationManager, init=-1: [3352c2aa-4491-4fbb-82ad-24b3d7cf0c84:192.168.157.195:36967], old=null, confs=<EMPTY_MAP>
2019-09-12 10:20:56,657 [pool-60-thread-1] INFO  server.RaftServerConfigKeys (ConfUtils.java:logGet(43)) - raft.server.storage.dir = [/workdir/hadoop-ozone/integration-test/target/test-dir/MiniOzoneClusterImpl-afc08962-9222-4e3d-8fb5-552b5e422aae/datanode-3/data/ratis] (custom)
2019-09-12 10:20:56,657 [pool-60-thread-1] INFO  storage.RaftStorageDirectory (RaftStorageDirectory.java:analyzeStorage(246)) - The storage directory /workdir/hadoop-ozone/integration-test/target/test-dir/MiniOzoneClusterImpl-afc08962-9222-4e3d-8fb5-552b5e422aae/datanode-3/data/ratis/a0ab29c7-f3eb-4905-9608-37dea62297f6 does not exist. Creating ...
2019-09-12 10:20:56,670 [pool-60-thread-1] INFO  storage.RaftStorageDirectory (RaftStorageDirectory.java:tryLock(328)) - Lock on /workdir/hadoop-ozone/integration-test/target/test-dir/MiniOzoneClusterImpl-afc08962-9222-4e3d-8fb5-552b5e422aae/datanode-3/data/ratis/a0ab29c7-f3eb-4905-9608-37dea62297f6/in_use.lock acquired by nodename 12036@pr-hdds-1569-xtfnx-3545843844
2019-09-12 10:20:56,684 [pool-60-thread-1] INFO  storage.RaftStorage (RaftStorage.java:format(72)) - Storage directory /workdir/hadoop-ozone/integration-test/target/test-dir/MiniOzoneClusterImpl-afc08962-9222-4e3d-8fb5-552b5e422aae/datanode-3/data/ratis/a0ab29c7-f3eb-4905-9608-37dea62297f6 has been successfully formatted.
2019-09-12 10:20:56,685 [pool-60-thread-1] INFO  ratis.ContainerStateMachine (ContainerStateMachine.java:loadSnapshot(226)) - group-37DEA62297F6: The snapshot info is null. Setting the last applied indexto:(t:0, i:~)
2019-09-12 10:20:56,685 [pool-60-thread-1] INFO  server.RaftServerConfigKeys (ConfUtils.java:logGet(43)) - raft.server.leader.election.timeout = 120s (custom)
2019-09-12 10:20:56,685 [pool-60-thread-1] INFO  server.RaftServerConfigKeys (ConfUtils.java:logGet(43)) - raft.server.log.use.memory = false (default)
2019-09-12 10:20:56,685 [pool-60-thread-1] INFO  server.RaftServerConfigKeys (ConfUtils.java:logGet(43)) - raft.server.log.purge.gap = 1000000 (custom)
2019-09-12 10:20:56,685 [pool-60-thread-1] INFO  server.RaftServerConfigKeys (ConfUtils.java:logGet(43)) - raft.server.log.appender.buffer.byte-limit = 33554432 (custom)
2019-09-12 10:20:56,685 [pool-60-thread-1] INFO  server.RaftServerConfigKeys (ConfUtils.java:logGet(43)) - raft.server.log.segment.size.max = 1048576 (custom)
2019-09-12 10:20:56,686 [pool-60-thread-1] INFO  server.RaftServerConfigKeys (ConfUtils.java:logGet(43)) - raft.server.log.segment.cache.num.max = 2 (custom)
2019-09-12 10:20:56,686 [pool-60-thread-1] INFO  segmented.SegmentedRaftLogWorker (SegmentedRaftLogWorker.java:<init>(172)) - new 3352c2aa-4491-4fbb-82ad-24b3d7cf0c84-SegmentedRaftLogWorker:Storage Directory /workdir/hadoop-ozone/integration-test/target/test-dir/MiniOzoneClusterImpl-afc08962-9222-4e3d-8fb5-552b5e422aae/datanode-3/data/ratis/a0ab29c7-f3eb-4905-9608-37dea62297f6 for RaftStorage:Storage Directory /workdir/hadoop-ozone/integration-test/target/test-dir/MiniOzoneClusterImpl-afc08962-9222-4e3d-8fb5-552b5e422aae/datanode-3/data/ratis/a0ab29c7-f3eb-4905-9608-37dea62297f6
2019-09-12 10:20:56,686 [pool-60-thread-1] INFO  server.RaftServerConfigKeys (ConfUtils.java:logGet(43)) - raft.server.log.queue.byte-limit = 2147483647 (custom)
2019-09-12 10:20:56,686 [pool-60-thread-1] INFO  server.RaftServerConfigKeys (ConfUtils.java:logGet(43)) - raft.server.log.queue.element-limit = 1024 (custom)
2019-09-12 10:20:56,686 [pool-60-thread-1] INFO  server.RaftServerConfigKeys (ConfUtils.java:logGet(43)) - raft.server.log.segment.size.max = 1048576 (custom)
2019-09-12 10:20:56,686 [pool-60-thread-1] INFO  server.RaftServerConfigKeys (ConfUtils.java:logGet(43)) - raft.server.log.preallocated.size = 16384 (custom)
2019-09-12 10:20:56,686 [pool-60-thread-1] INFO  server.RaftServerConfigKeys (ConfUtils.java:logGet(43)) - raft.server.log.write.buffer.size = 33554432 (custom)
2019-09-12 10:20:56,687 [pool-60-thread-1] INFO  server.RaftServerConfigKeys (ConfUtils.java:logGet(43)) - raft.server.log.force.sync.num = 128 (default)
2019-09-12 10:20:56,687 [pool-60-thread-1] INFO  server.RaftServerConfigKeys (ConfUtils.java:logGet(43)) - raft.server.log.statemachine.data.sync = true (default)
2019-09-12 10:20:56,687 [pool-60-thread-1] INFO  server.RaftServerConfigKeys (ConfUtils.java:logGet(43)) - raft.server.log.statemachine.data.sync.timeout = 10s (default)
2019-09-12 10:20:56,687 [pool-60-thread-1] INFO  server.RaftServerConfigKeys (ConfUtils.java:logGet(43)) - raft.server.log.statemachine.data.sync.timeout.retry = -1 (default)
2019-09-12 10:20:56,687 [pool-60-thread-1] INFO  server.RaftServerConfigKeys (ConfUtils.java:logGet(43)) - raft.server.log.statemachine.data.caching.enabled = true (custom)
2019-09-12 10:20:56,688 [pool-60-thread-1] INFO  segmented.SegmentedRaftLogWorker (SegmentedRaftLogWorker.java:lambda$new$0(132)) - 3352c2aa-4491-4fbb-82ad-24b3d7cf0c84-SegmentedRaftLogWorker:Storage Directory /workdir/hadoop-ozone/integration-test/target/test-dir/MiniOzoneClusterImpl-afc08962-9222-4e3d-8fb5-552b5e422aae/datanode-3/data/ratis/a0ab29c7-f3eb-4905-9608-37dea62297f6: flushIndex: setUnconditionally 0 -> -1
2019-09-12 10:20:56,688 [pool-60-thread-1] INFO  server.RaftServerConfigKeys (ConfUtils.java:logGet(43)) - raft.server.snapshot.auto.trigger.enabled = true (custom)
2019-09-12 10:20:56,688 [pool-60-thread-1] INFO  server.RaftServerConfigKeys (ConfUtils.java:logGet(43)) - raft.server.snapshot.auto.trigger.threshold = 10000 (custom)
2019-09-12 10:20:56,688 [pool-60-thread-1] INFO  server.RaftServerConfigKeys (ConfUtils.java:logGet(43)) - raft.server.retrycache.expirytime = 600000ms (custom)
2019-09-12 10:20:56,689 [pool-60-thread-1] INFO  impl.RaftServerImpl (RaftServerImpl.java:start(180)) - 3352c2aa-4491-4fbb-82ad-24b3d7cf0c84: start group-37DEA62297F6
2019-09-12 10:20:56,689 [pool-60-thread-1] INFO  impl.RaftServerImpl (RaftServerImpl.java:setRole(171)) - 3352c2aa-4491-4fbb-82ad-24b3d7cf0c84:group-37DEA62297F6 changes role from null to FOLLOWER at term 0 for startAsFollower
2019-09-12 10:20:56,689 [pool-60-thread-1] INFO  impl.RoleInfo (RoleInfo.java:updateAndGet(143)) - 3352c2aa-4491-4fbb-82ad-24b3d7cf0c84: start FollowerState
2019-09-12 10:20:56,689 [pool-60-thread-1] INFO  util.JmxRegister (JmxRegister.java:tryRegister(44)) - Successfully registered JMX Bean with object name Ratis:service=RaftServer,group=group-37DEA62297F6,id=3352c2aa-4491-4fbb-82ad-24b3d7cf0c84
2019-09-12 10:20:56,694 [Thread-207] INFO  container.ReplicationManager (ReplicationManager.java:start(151)) - Starting Replication Monitor Thread.
2019-09-12 10:20:56,696 [RatisPipelineUtilsThread] INFO  pipeline.PipelineStateManager (PipelineStateManager.java:addPipeline(56)) - Created pipeline Pipeline[ Id: a0ab29c7-f3eb-4905-9608-37dea62297f6, Nodes: 3352c2aa-4491-4fbb-82ad-24b3d7cf0c84{ip: 192.168.157.195, host: pr-hdds-1569-xtfnx-3545843844, networkLocation: /default-rack, certSerialId: null}, Type:RATIS, Factor:ONE, State:OPEN]
2019-09-12 10:20:56,696 [RatisPipelineUtilsThread] ERROR pipeline.PipelinePlacementPolicy (PipelinePlacementPolicy.java:meetCriteria(91)) - Pipeline Placement: Doesn't meet the criteria to be viable node. Heaviness: 6
2019-09-12 10:20:56,697 [RatisPipelineUtilsThread] ERROR pipeline.PipelinePlacementPolicy (PipelinePlacementPolicy.java:meetCriteria(91)) - Pipeline Placement: Doesn't meet the criteria to be viable node. Heaviness: 6
2019-09-12 10:20:56,697 [RatisPipelineUtilsThread] ERROR pipeline.PipelinePlacementPolicy (PipelinePlacementPolicy.java:meetCriteria(91)) - Pipeline Placement: Doesn't meet the criteria to be viable node. Heaviness: 6
2019-09-12 10:20:56,706 [grpc-default-executor-0] INFO  impl.RaftServerProxy (RaftServerProxy.java:addNew(89)) - 3352c2aa-4491-4fbb-82ad-24b3d7cf0c84: addNew group-1EC2DDD3A30E:[3352c2aa-4491-4fbb-82ad-24b3d7cf0c84:192.168.157.195:36967] returns group-1EC2DDD3A30E:java.util.concurrent.CompletableFuture@d410524[Not completed]
2019-09-12 10:20:56,708 [pool-60-thread-1] INFO  impl.RaftServerImpl (RaftServerImpl.java:<init>(93)) - 3352c2aa-4491-4fbb-82ad-24b3d7cf0c84: new RaftServerImpl for group-1EC2DDD3A30E:[3352c2aa-4491-4fbb-82ad-24b3d7cf0c84:192.168.157.195:36967] with ContainerStateMachine:uninitialized
2019-09-12 10:20:56,708 [pool-60-thread-1] INFO  server.RaftServerConfigKeys (ConfUtils.java:logGet(43)) - raft.server.rpc.timeout.min = 5s (custom)
2019-09-12 10:20:56,708 [pool-60-thread-1] INFO  server.RaftServerConfigKeys (ConfUtils.java:logGet(43)) - raft.server.rpc.timeout.max = 5200ms (custom)
2019-09-12 10:20:56,708 [pool-60-thread-1] INFO  server.RaftServerConfigKeys (ConfUtils.java:logGet(43)) - raft.server.rpcslowness.timeout = 120s (custom)
2019-09-12 10:20:56,709 [pool-60-thread-1] INFO  server.RaftServerConfigKeys (ConfUtils.java:logGet(43)) - raft.server.sleep.deviation.threshold = 300 (default)
2019-09-12 10:20:56,709 [pool-60-thread-1] INFO  server.RaftServerConfigKeys (ConfUtils.java:logGet(43)) - raft.server.log.appender.install.snapshot.enabled = false (custom)
2019-09-12 10:20:56,709 [pool-60-thread-1] INFO  impl.RaftServerImpl (ServerState.java:<init>(105)) - 3352c2aa-4491-4fbb-82ad-24b3d7cf0c84:group-1EC2DDD3A30E ConfigurationManager, init=-1: [3352c2aa-4491-4fbb-82ad-24b3d7cf0c84:192.168.157.195:36967], old=null, confs=<EMPTY_MAP>
2019-09-12 10:20:56,709 [pool-60-thread-1] INFO  server.RaftServerConfigKeys (ConfUtils.java:logGet(43)) - raft.server.storage.dir = [/workdir/hadoop-ozone/integration-test/target/test-dir/MiniOzoneClusterImpl-afc08962-9222-4e3d-8fb5-552b5e422aae/datanode-3/data/ratis] (custom)
2019-09-12 10:20:56,710 [pool-60-thread-1] INFO  storage.RaftStorageDirectory (RaftStorageDirectory.java:analyzeStorage(246)) - The storage directory /workdir/hadoop-ozone/integration-test/target/test-dir/MiniOzoneClusterImpl-afc08962-9222-4e3d-8fb5-552b5e422aae/datanode-3/data/ratis/71d3c53e-fed0-4ae4-8a0a-1ec2ddd3a30e does not exist. Creating ...
2019-09-12 10:20:56,723 [pool-60-thread-1] INFO  storage.RaftStorageDirectory (RaftStorageDirectory.java:tryLock(328)) - Lock on /workdir/hadoop-ozone/integration-test/target/test-dir/MiniOzoneClusterImpl-afc08962-9222-4e3d-8fb5-552b5e422aae/datanode-3/data/ratis/71d3c53e-fed0-4ae4-8a0a-1ec2ddd3a30e/in_use.lock acquired by nodename 12036@pr-hdds-1569-xtfnx-3545843844
2019-09-12 10:20:56,736 [pool-60-thread-1] INFO  storage.RaftStorage (RaftStorage.java:format(72)) - Storage directory /workdir/hadoop-ozone/integration-test/target/test-dir/MiniOzoneClusterImpl-afc08962-9222-4e3d-8fb5-552b5e422aae/datanode-3/data/ratis/71d3c53e-fed0-4ae4-8a0a-1ec2ddd3a30e has been successfully formatted.
2019-09-12 10:20:56,737 [pool-60-thread-1] INFO  ratis.ContainerStateMachine (ContainerStateMachine.java:loadSnapshot(226)) - group-1EC2DDD3A30E: The snapshot info is null. Setting the last applied indexto:(t:0, i:~)
2019-09-12 10:20:56,737 [pool-60-thread-1] INFO  server.RaftServerConfigKeys (ConfUtils.java:logGet(43)) - raft.server.leader.election.timeout = 120s (custom)
2019-09-12 10:20:56,737 [pool-60-thread-1] INFO  server.RaftServerConfigKeys (ConfUtils.java:logGet(43)) - raft.server.log.use.memory = false (default)
2019-09-12 10:20:56,737 [pool-60-thread-1] INFO  server.RaftServerConfigKeys (ConfUtils.java:logGet(43)) - raft.server.log.purge.gap = 1000000 (custom)
2019-09-12 10:20:56,737 [pool-60-thread-1] INFO  server.RaftServerConfigKeys (ConfUtils.java:logGet(43)) - raft.server.log.appender.buffer.byte-limit = 33554432 (custom)
2019-09-12 10:20:56,738 [pool-60-thread-1] INFO  server.RaftServerConfigKeys (ConfUtils.java:logGet(43)) - raft.server.log.segment.size.max = 1048576 (custom)
2019-09-12 10:20:56,738 [pool-60-thread-1] INFO  server.RaftServerConfigKeys (ConfUtils.java:logGet(43)) - raft.server.log.segment.cache.num.max = 2 (custom)
2019-09-12 10:20:56,738 [pool-60-thread-1] INFO  segmented.SegmentedRaftLogWorker (SegmentedRaftLogWorker.java:<init>(172)) - new 3352c2aa-4491-4fbb-82ad-24b3d7cf0c84-SegmentedRaftLogWorker:Storage Directory /workdir/hadoop-ozone/integration-test/target/test-dir/MiniOzoneClusterImpl-afc08962-9222-4e3d-8fb5-552b5e422aae/datanode-3/data/ratis/71d3c53e-fed0-4ae4-8a0a-1ec2ddd3a30e for RaftStorage:Storage Directory /workdir/hadoop-ozone/integration-test/target/test-dir/MiniOzoneClusterImpl-afc08962-9222-4e3d-8fb5-552b5e422aae/datanode-3/data/ratis/71d3c53e-fed0-4ae4-8a0a-1ec2ddd3a30e
2019-09-12 10:20:56,738 [pool-60-thread-1] INFO  server.RaftServerConfigKeys (ConfUtils.java:logGet(43)) - raft.server.log.queue.byte-limit = 2147483647 (custom)
2019-09-12 10:20:56,738 [pool-60-thread-1] INFO  server.RaftServerConfigKeys (ConfUtils.java:logGet(43)) - raft.server.log.queue.element-limit = 1024 (custom)
2019-09-12 10:20:56,739 [pool-60-thread-1] INFO  server.RaftServerConfigKeys (ConfUtils.java:logGet(43)) - raft.server.log.segment.size.max = 1048576 (custom)
2019-09-12 10:20:56,739 [pool-60-thread-1] INFO  server.RaftServerConfigKeys (ConfUtils.java:logGet(43)) - raft.server.log.preallocated.size = 16384 (custom)
2019-09-12 10:20:56,739 [pool-60-thread-1] INFO  server.RaftServerConfigKeys (ConfUtils.java:logGet(43)) - raft.server.log.write.buffer.size = 33554432 (custom)
2019-09-12 10:20:56,739 [pool-60-thread-1] INFO  server.RaftServerConfigKeys (ConfUtils.java:logGet(43)) - raft.server.log.force.sync.num = 128 (default)
2019-09-12 10:20:56,739 [pool-60-thread-1] INFO  server.RaftServerConfigKeys (ConfUtils.java:logGet(43)) - raft.server.log.statemachine.data.sync = true (default)
2019-09-12 10:20:56,739 [pool-60-thread-1] INFO  server.RaftServerConfigKeys (ConfUtils.java:logGet(43)) - raft.server.log.statemachine.data.sync.timeout = 10s (default)
2019-09-12 10:20:56,740 [pool-60-thread-1] INFO  server.RaftServerConfigKeys (ConfUtils.java:logGet(43)) - raft.server.log.statemachine.data.sync.timeout.retry = -1 (default)
2019-09-12 10:20:56,740 [pool-60-thread-1] INFO  server.RaftServerConfigKeys (ConfUtils.java:logGet(43)) - raft.server.log.statemachine.data.caching.enabled = true (custom)
2019-09-12 10:20:56,740 [pool-60-thread-1] INFO  segmented.SegmentedRaftLogWorker (SegmentedRaftLogWorker.java:lambda$new$0(132)) - 3352c2aa-4491-4fbb-82ad-24b3d7cf0c84-SegmentedRaftLogWorker:Storage Directory /workdir/hadoop-ozone/integration-test/target/test-dir/MiniOzoneClusterImpl-afc08962-9222-4e3d-8fb5-552b5e422aae/datanode-3/data/ratis/71d3c53e-fed0-4ae4-8a0a-1ec2ddd3a30e: flushIndex: setUnconditionally 0 -> -1
2019-09-12 10:20:56,741 [pool-60-thread-1] INFO  server.RaftServerConfigKeys (ConfUtils.java:logGet(43)) - raft.server.snapshot.auto.trigger.enabled = true (custom)
2019-09-12 10:20:56,741 [pool-60-thread-1] INFO  server.RaftServerConfigKeys (ConfUtils.java:logGet(43)) - raft.server.snapshot.auto.trigger.threshold = 10000 (custom)
2019-09-12 10:20:56,741 [pool-60-thread-1] INFO  server.RaftServerConfigKeys (ConfUtils.java:logGet(43)) - raft.server.retrycache.expirytime = 600000ms (custom)
2019-09-12 10:20:56,741 [pool-60-thread-1] INFO  impl.RaftServerImpl (RaftServerImpl.java:start(180)) - 3352c2aa-4491-4fbb-82ad-24b3d7cf0c84: start group-1EC2DDD3A30E
2019-09-12 10:20:56,742 [pool-60-thread-1] INFO  impl.RaftServerImpl (RaftServerImpl.java:setRole(171)) - 3352c2aa-4491-4fbb-82ad-24b3d7cf0c84:group-1EC2DDD3A30E changes role from null to FOLLOWER at term 0 for startAsFollower
2019-09-12 10:20:56,742 [pool-60-thread-1] INFO  impl.RoleInfo (RoleInfo.java:updateAndGet(143)) - 3352c2aa-4491-4fbb-82ad-24b3d7cf0c84: start FollowerState
2019-09-12 10:20:56,742 [pool-60-thread-1] INFO  util.JmxRegister (JmxRegister.java:tryRegister(44)) - Successfully registered JMX Bean with object name Ratis:service=RaftServer,group=group-1EC2DDD3A30E,id=3352c2aa-4491-4fbb-82ad-24b3d7cf0c84
2019-09-12 10:20:56,749 [RatisPipelineUtilsThread] INFO  pipeline.PipelineStateManager (PipelineStateManager.java:addPipeline(56)) - Created pipeline Pipeline[ Id: 71d3c53e-fed0-4ae4-8a0a-1ec2ddd3a30e, Nodes: 3352c2aa-4491-4fbb-82ad-24b3d7cf0c84{ip: 192.168.157.195, host: pr-hdds-1569-xtfnx-3545843844, networkLocation: /default-rack, certSerialId: null}, Type:RATIS, Factor:ONE, State:OPEN]
2019-09-12 10:20:56,751 [RatisPipelineUtilsThread] ERROR pipeline.PipelinePlacementPolicy (PipelinePlacementPolicy.java:meetCriteria(91)) - Pipeline Placement: Doesn't meet the criteria to be viable node. Heaviness: 6
2019-09-12 10:20:56,751 [RatisPipelineUtilsThread] ERROR pipeline.PipelinePlacementPolicy (PipelinePlacementPolicy.java:meetCriteria(91)) - Pipeline Placement: Doesn't meet the criteria to be viable node. Heaviness: 6
2019-09-12 10:20:56,751 [RatisPipelineUtilsThread] ERROR pipeline.PipelinePlacementPolicy (PipelinePlacementPolicy.java:meetCriteria(91)) - Pipeline Placement: Doesn't meet the criteria to be viable node. Heaviness: 6
2019-09-12 10:20:56,752 [RatisPipelineUtilsThread] ERROR pipeline.PipelinePlacementPolicy (PipelinePlacementPolicy.java:meetCriteria(91)) - Pipeline Placement: Doesn't meet the criteria to be viable node. Heaviness: 6
2019-09-12 10:20:56,763 [grpc-default-executor-0] INFO  impl.RaftServerProxy (RaftServerProxy.java:addNew(89)) - 2d34cfa1-ae82-414b-bae6-717ee002fe05: addNew group-6B0063148232:[2d34cfa1-ae82-414b-bae6-717ee002fe05:192.168.157.195:46440] returns group-6B0063148232:java.util.concurrent.CompletableFuture@23e4c45d[Not completed]
2019-09-12 10:20:56,765 [pool-71-thread-1] INFO  impl.RaftServerImpl (RaftServerImpl.java:<init>(93)) - 2d34cfa1-ae82-414b-bae6-717ee002fe05: new RaftServerImpl for group-6B0063148232:[2d34cfa1-ae82-414b-bae6-717ee002fe05:192.168.157.195:46440] with ContainerStateMachine:uninitialized
2019-09-12 10:20:56,766 [pool-71-thread-1] INFO  server.RaftServerConfigKeys (ConfUtils.java:logGet(43)) - raft.server.rpc.timeout.min = 5s (custom)
2019-09-12 10:20:56,766 [pool-71-thread-1] INFO  server.RaftServerConfigKeys (ConfUtils.java:logGet(43)) - raft.server.rpc.timeout.max = 5200ms (custom)
2019-09-12 10:20:56,766 [pool-71-thread-1] INFO  server.RaftServerConfigKeys (ConfUtils.java:logGet(43)) - raft.server.rpcslowness.timeout = 120s (custom)
2019-09-12 10:20:56,766 [pool-71-thread-1] INFO  server.RaftServerConfigKeys (ConfUtils.java:logGet(43)) - raft.server.sleep.deviation.threshold = 300 (default)
2019-09-12 10:20:56,766 [pool-71-thread-1] INFO  server.RaftServerConfigKeys (ConfUtils.java:logGet(43)) - raft.server.log.appender.install.snapshot.enabled = false (custom)
2019-09-12 10:20:56,766 [pool-71-thread-1] INFO  impl.RaftServerImpl (ServerState.java:<init>(105)) - 2d34cfa1-ae82-414b-bae6-717ee002fe05:group-6B0063148232 ConfigurationManager, init=-1: [2d34cfa1-ae82-414b-bae6-717ee002fe05:192.168.157.195:46440], old=null, confs=<EMPTY_MAP>
2019-09-12 10:20:56,767 [pool-71-thread-1] INFO  server.RaftServerConfigKeys (ConfUtils.java:logGet(43)) - raft.server.storage.dir = [/workdir/hadoop-ozone/integration-test/target/test-dir/MiniOzoneClusterImpl-afc08962-9222-4e3d-8fb5-552b5e422aae/datanode-4/data/ratis] (custom)
2019-09-12 10:20:56,767 [pool-71-thread-1] INFO  storage.RaftStorageDirectory (RaftStorageDirectory.java:analyzeStorage(246)) - The storage directory /workdir/hadoop-ozone/integration-test/target/test-dir/MiniOzoneClusterImpl-afc08962-9222-4e3d-8fb5-552b5e422aae/datanode-4/data/ratis/6fb1579c-5448-42bd-88dd-6b0063148232 does not exist. Creating ...
2019-09-12 10:20:56,780 [pool-71-thread-1] INFO  storage.RaftStorageDirectory (RaftStorageDirectory.java:tryLock(328)) - Lock on /workdir/hadoop-ozone/integration-test/target/test-dir/MiniOzoneClusterImpl-afc08962-9222-4e3d-8fb5-552b5e422aae/datanode-4/data/ratis/6fb1579c-5448-42bd-88dd-6b0063148232/in_use.lock acquired by nodename 12036@pr-hdds-1569-xtfnx-3545843844
2019-09-12 10:20:56,793 [pool-71-thread-1] INFO  storage.RaftStorage (RaftStorage.java:format(72)) - Storage directory /workdir/hadoop-ozone/integration-test/target/test-dir/MiniOzoneClusterImpl-afc08962-9222-4e3d-8fb5-552b5e422aae/datanode-4/data/ratis/6fb1579c-5448-42bd-88dd-6b0063148232 has been successfully formatted.
2019-09-12 10:20:56,794 [pool-71-thread-1] INFO  ratis.ContainerStateMachine (ContainerStateMachine.java:loadSnapshot(226)) - group-6B0063148232: The snapshot info is null. Setting the last applied indexto:(t:0, i:~)
2019-09-12 10:20:56,794 [pool-71-thread-1] INFO  server.RaftServerConfigKeys (ConfUtils.java:logGet(43)) - raft.server.leader.election.timeout = 120s (custom)
2019-09-12 10:20:56,794 [pool-71-thread-1] INFO  server.RaftServerConfigKeys (ConfUtils.java:logGet(43)) - raft.server.log.use.memory = false (default)
2019-09-12 10:20:56,794 [pool-71-thread-1] INFO  server.RaftServerConfigKeys (ConfUtils.java:logGet(43)) - raft.server.log.purge.gap = 1000000 (custom)
2019-09-12 10:20:56,794 [pool-71-thread-1] INFO  server.RaftServerConfigKeys (ConfUtils.java:logGet(43)) - raft.server.log.appender.buffer.byte-limit = 33554432 (custom)
2019-09-12 10:20:56,794 [pool-71-thread-1] INFO  server.RaftServerConfigKeys (ConfUtils.java:logGet(43)) - raft.server.log.segment.size.max = 1048576 (custom)
2019-09-12 10:20:56,794 [pool-71-thread-1] INFO  server.RaftServerConfigKeys (ConfUtils.java:logGet(43)) - raft.server.log.segment.cache.num.max = 2 (custom)
2019-09-12 10:20:56,795 [pool-71-thread-1] INFO  segmented.SegmentedRaftLogWorker (SegmentedRaftLogWorker.java:<init>(172)) - new 2d34cfa1-ae82-414b-bae6-717ee002fe05-SegmentedRaftLogWorker:Storage Directory /workdir/hadoop-ozone/integration-test/target/test-dir/MiniOzoneClusterImpl-afc08962-9222-4e3d-8fb5-552b5e422aae/datanode-4/data/ratis/6fb1579c-5448-42bd-88dd-6b0063148232 for RaftStorage:Storage Directory /workdir/hadoop-ozone/integration-test/target/test-dir/MiniOzoneClusterImpl-afc08962-9222-4e3d-8fb5-552b5e422aae/datanode-4/data/ratis/6fb1579c-5448-42bd-88dd-6b0063148232
2019-09-12 10:20:56,795 [pool-71-thread-1] INFO  server.RaftServerConfigKeys (ConfUtils.java:logGet(43)) - raft.server.log.queue.byte-limit = 2147483647 (custom)
2019-09-12 10:20:56,795 [pool-71-thread-1] INFO  server.RaftServerConfigKeys (ConfUtils.java:logGet(43)) - raft.server.log.queue.element-limit = 1024 (custom)
2019-09-12 10:20:56,795 [pool-71-thread-1] INFO  server.RaftServerConfigKeys (ConfUtils.java:logGet(43)) - raft.server.log.segment.size.max = 1048576 (custom)
2019-09-12 10:20:56,795 [pool-71-thread-1] INFO  server.RaftServerConfigKeys (ConfUtils.java:logGet(43)) - raft.server.log.preallocated.size = 16384 (custom)
2019-09-12 10:20:56,795 [pool-71-thread-1] INFO  server.RaftServerConfigKeys (ConfUtils.java:logGet(43)) - raft.server.log.write.buffer.size = 33554432 (custom)
2019-09-12 10:20:56,795 [pool-71-thread-1] INFO  server.RaftServerConfigKeys (ConfUtils.java:logGet(43)) - raft.server.log.force.sync.num = 128 (default)
2019-09-12 10:20:56,796 [pool-71-thread-1] INFO  server.RaftServerConfigKeys (ConfUtils.java:logGet(43)) - raft.server.log.statemachine.data.sync = true (default)
2019-09-12 10:20:56,796 [pool-71-thread-1] INFO  server.RaftServerConfigKeys (ConfUtils.java:logGet(43)) - raft.server.log.statemachine.data.sync.timeout = 10s (default)
2019-09-12 10:20:56,796 [pool-71-thread-1] INFO  server.RaftServerConfigKeys (ConfUtils.java:logGet(43)) - raft.server.log.statemachine.data.sync.timeout.retry = -1 (default)
2019-09-12 10:20:56,796 [pool-71-thread-1] INFO  server.RaftServerConfigKeys (ConfUtils.java:logGet(43)) - raft.server.log.statemachine.data.caching.enabled = true (custom)
2019-09-12 10:20:56,796 [pool-71-thread-1] INFO  segmented.SegmentedRaftLogWorker (SegmentedRaftLogWorker.java:lambda$new$0(132)) - 2d34cfa1-ae82-414b-bae6-717ee002fe05-SegmentedRaftLogWorker:Storage Directory /workdir/hadoop-ozone/integration-test/target/test-dir/MiniOzoneClusterImpl-afc08962-9222-4e3d-8fb5-552b5e422aae/datanode-4/data/ratis/6fb1579c-5448-42bd-88dd-6b0063148232: flushIndex: setUnconditionally 0 -> -1
2019-09-12 10:20:56,797 [pool-71-thread-1] INFO  server.RaftServerConfigKeys (ConfUtils.java:logGet(43)) - raft.server.snapshot.auto.trigger.enabled = true (custom)
2019-09-12 10:20:56,797 [pool-71-thread-1] INFO  server.RaftServerConfigKeys (ConfUtils.java:logGet(43)) - raft.server.snapshot.auto.trigger.threshold = 10000 (custom)
2019-09-12 10:20:56,797 [pool-71-thread-1] INFO  server.RaftServerConfigKeys (ConfUtils.java:logGet(43)) - raft.server.retrycache.expirytime = 600000ms (custom)
2019-09-12 10:20:56,797 [pool-71-thread-1] INFO  impl.RaftServerImpl (RaftServerImpl.java:start(180)) - 2d34cfa1-ae82-414b-bae6-717ee002fe05: start group-6B0063148232
2019-09-12 10:20:56,797 [pool-71-thread-1] INFO  impl.RaftServerImpl (RaftServerImpl.java:setRole(171)) - 2d34cfa1-ae82-414b-bae6-717ee002fe05:group-6B0063148232 changes role from null to FOLLOWER at term 0 for startAsFollower
2019-09-12 10:20:56,798 [pool-71-thread-1] INFO  impl.RoleInfo (RoleInfo.java:updateAndGet(143)) - 2d34cfa1-ae82-414b-bae6-717ee002fe05: start FollowerState
2019-09-12 10:20:56,798 [pool-71-thread-1] INFO  util.JmxRegister (JmxRegister.java:tryRegister(44)) - Successfully registered JMX Bean with object name Ratis:service=RaftServer,group=group-6B0063148232,id=2d34cfa1-ae82-414b-bae6-717ee002fe05
2019-09-12 10:20:56,803 [RatisPipelineUtilsThread] INFO  pipeline.PipelineStateManager (PipelineStateManager.java:addPipeline(56)) - Created pipeline Pipeline[ Id: 6fb1579c-5448-42bd-88dd-6b0063148232, Nodes: 2d34cfa1-ae82-414b-bae6-717ee002fe05{ip: 192.168.157.195, host: pr-hdds-1569-xtfnx-3545843844, networkLocation: /default-rack, certSerialId: null}, Type:RATIS, Factor:ONE, State:OPEN]
2019-09-12 10:20:56,805 [RatisPipelineUtilsThread] ERROR pipeline.PipelinePlacementPolicy (PipelinePlacementPolicy.java:meetCriteria(91)) - Pipeline Placement: Doesn't meet the criteria to be viable node. Heaviness: 6
2019-09-12 10:20:56,805 [RatisPipelineUtilsThread] ERROR pipeline.PipelinePlacementPolicy (PipelinePlacementPolicy.java:meetCriteria(91)) - Pipeline Placement: Doesn't meet the criteria to be viable node. Heaviness: 6
2019-09-12 10:20:56,805 [RatisPipelineUtilsThread] ERROR pipeline.PipelinePlacementPolicy (PipelinePlacementPolicy.java:meetCriteria(91)) - Pipeline Placement: Doesn't meet the criteria to be viable node. Heaviness: 6
2019-09-12 10:20:56,805 [RatisPipelineUtilsThread] ERROR pipeline.PipelinePlacementPolicy (PipelinePlacementPolicy.java:meetCriteria(91)) - Pipeline Placement: Doesn't meet the criteria to be viable node. Heaviness: 6
2019-09-12 10:20:56,814 [grpc-default-executor-0] INFO  impl.RaftServerProxy (RaftServerProxy.java:addNew(89)) - 2d34cfa1-ae82-414b-bae6-717ee002fe05: addNew group-6DF7B3169762:[2d34cfa1-ae82-414b-bae6-717ee002fe05:192.168.157.195:46440] returns group-6DF7B3169762:java.util.concurrent.CompletableFuture@73f9924d[Not completed]
2019-09-12 10:20:56,816 [pool-71-thread-1] INFO  impl.RaftServerImpl (RaftServerImpl.java:<init>(93)) - 2d34cfa1-ae82-414b-bae6-717ee002fe05: new RaftServerImpl for group-6DF7B3169762:[2d34cfa1-ae82-414b-bae6-717ee002fe05:192.168.157.195:46440] with ContainerStateMachine:uninitialized
2019-09-12 10:20:56,816 [pool-71-thread-1] INFO  server.RaftServerConfigKeys (ConfUtils.java:logGet(43)) - raft.server.rpc.timeout.min = 5s (custom)
2019-09-12 10:20:56,816 [pool-71-thread-1] INFO  server.RaftServerConfigKeys (ConfUtils.java:logGet(43)) - raft.server.rpc.timeout.max = 5200ms (custom)
2019-09-12 10:20:56,816 [pool-71-thread-1] INFO  server.RaftServerConfigKeys (ConfUtils.java:logGet(43)) - raft.server.rpcslowness.timeout = 120s (custom)
2019-09-12 10:20:56,816 [pool-71-thread-1] INFO  server.RaftServerConfigKeys (ConfUtils.java:logGet(43)) - raft.server.sleep.deviation.threshold = 300 (default)
2019-09-12 10:20:56,816 [pool-71-thread-1] INFO  server.RaftServerConfigKeys (ConfUtils.java:logGet(43)) - raft.server.log.appender.install.snapshot.enabled = false (custom)
2019-09-12 10:20:56,816 [pool-71-thread-1] INFO  impl.RaftServerImpl (ServerState.java:<init>(105)) - 2d34cfa1-ae82-414b-bae6-717ee002fe05:group-6DF7B3169762 ConfigurationManager, init=-1: [2d34cfa1-ae82-414b-bae6-717ee002fe05:192.168.157.195:46440], old=null, confs=<EMPTY_MAP>
2019-09-12 10:20:56,816 [pool-71-thread-1] INFO  server.RaftServerConfigKeys (ConfUtils.java:logGet(43)) - raft.server.storage.dir = [/workdir/hadoop-ozone/integration-test/target/test-dir/MiniOzoneClusterImpl-afc08962-9222-4e3d-8fb5-552b5e422aae/datanode-4/data/ratis] (custom)
2019-09-12 10:20:56,817 [pool-71-thread-1] INFO  storage.RaftStorageDirectory (RaftStorageDirectory.java:analyzeStorage(246)) - The storage directory /workdir/hadoop-ozone/integration-test/target/test-dir/MiniOzoneClusterImpl-afc08962-9222-4e3d-8fb5-552b5e422aae/datanode-4/data/ratis/741a14b6-e045-4d03-9fb9-6df7b3169762 does not exist. Creating ...
2019-09-12 10:20:56,829 [pool-71-thread-1] INFO  storage.RaftStorageDirectory (RaftStorageDirectory.java:tryLock(328)) - Lock on /workdir/hadoop-ozone/integration-test/target/test-dir/MiniOzoneClusterImpl-afc08962-9222-4e3d-8fb5-552b5e422aae/datanode-4/data/ratis/741a14b6-e045-4d03-9fb9-6df7b3169762/in_use.lock acquired by nodename 12036@pr-hdds-1569-xtfnx-3545843844
2019-09-12 10:20:56,847 [pool-71-thread-1] INFO  storage.RaftStorage (RaftStorage.java:format(72)) - Storage directory /workdir/hadoop-ozone/integration-test/target/test-dir/MiniOzoneClusterImpl-afc08962-9222-4e3d-8fb5-552b5e422aae/datanode-4/data/ratis/741a14b6-e045-4d03-9fb9-6df7b3169762 has been successfully formatted.
2019-09-12 10:20:56,847 [pool-71-thread-1] INFO  ratis.ContainerStateMachine (ContainerStateMachine.java:loadSnapshot(226)) - group-6DF7B3169762: The snapshot info is null. Setting the last applied indexto:(t:0, i:~)
2019-09-12 10:20:56,848 [pool-71-thread-1] INFO  server.RaftServerConfigKeys (ConfUtils.java:logGet(43)) - raft.server.leader.election.timeout = 120s (custom)
2019-09-12 10:20:56,848 [pool-71-thread-1] INFO  server.RaftServerConfigKeys (ConfUtils.java:logGet(43)) - raft.server.log.use.memory = false (default)
2019-09-12 10:20:56,848 [pool-71-thread-1] INFO  server.RaftServerConfigKeys (ConfUtils.java:logGet(43)) - raft.server.log.purge.gap = 1000000 (custom)
2019-09-12 10:20:56,848 [pool-71-thread-1] INFO  server.RaftServerConfigKeys (ConfUtils.java:logGet(43)) - raft.server.log.appender.buffer.byte-limit = 33554432 (custom)
2019-09-12 10:20:56,848 [pool-71-thread-1] INFO  server.RaftServerConfigKeys (ConfUtils.java:logGet(43)) - raft.server.log.segment.size.max = 1048576 (custom)
2019-09-12 10:20:56,848 [pool-71-thread-1] INFO  server.RaftServerConfigKeys (ConfUtils.java:logGet(43)) - raft.server.log.segment.cache.num.max = 2 (custom)
2019-09-12 10:20:56,848 [pool-71-thread-1] INFO  segmented.SegmentedRaftLogWorker (SegmentedRaftLogWorker.java:<init>(172)) - new 2d34cfa1-ae82-414b-bae6-717ee002fe05-SegmentedRaftLogWorker:Storage Directory /workdir/hadoop-ozone/integration-test/target/test-dir/MiniOzoneClusterImpl-afc08962-9222-4e3d-8fb5-552b5e422aae/datanode-4/data/ratis/741a14b6-e045-4d03-9fb9-6df7b3169762 for RaftStorage:Storage Directory /workdir/hadoop-ozone/integration-test/target/test-dir/MiniOzoneClusterImpl-afc08962-9222-4e3d-8fb5-552b5e422aae/datanode-4/data/ratis/741a14b6-e045-4d03-9fb9-6df7b3169762
2019-09-12 10:20:56,848 [pool-71-thread-1] INFO  server.RaftServerConfigKeys (ConfUtils.java:logGet(43)) - raft.server.log.queue.byte-limit = 2147483647 (custom)
2019-09-12 10:20:56,849 [pool-71-thread-1] INFO  server.RaftServerConfigKeys (ConfUtils.java:logGet(43)) - raft.server.log.queue.element-limit = 1024 (custom)
2019-09-12 10:20:56,849 [pool-71-thread-1] INFO  server.RaftServerConfigKeys (ConfUtils.java:logGet(43)) - raft.server.log.segment.size.max = 1048576 (custom)
2019-09-12 10:20:56,849 [pool-71-thread-1] INFO  server.RaftServerConfigKeys (ConfUtils.java:logGet(43)) - raft.server.log.preallocated.size = 16384 (custom)
2019-09-12 10:20:56,849 [pool-71-thread-1] INFO  server.RaftServerConfigKeys (ConfUtils.java:logGet(43)) - raft.server.log.write.buffer.size = 33554432 (custom)
2019-09-12 10:20:56,849 [pool-71-thread-1] INFO  server.RaftServerConfigKeys (ConfUtils.java:logGet(43)) - raft.server.log.force.sync.num = 128 (default)
2019-09-12 10:20:56,849 [pool-71-thread-1] INFO  server.RaftServerConfigKeys (ConfUtils.java:logGet(43)) - raft.server.log.statemachine.data.sync = true (default)
2019-09-12 10:20:56,849 [pool-71-thread-1] INFO  server.RaftServerConfigKeys (ConfUtils.java:logGet(43)) - raft.server.log.statemachine.data.sync.timeout = 10s (default)
2019-09-12 10:20:56,849 [pool-71-thread-1] INFO  server.RaftServerConfigKeys (ConfUtils.java:logGet(43)) - raft.server.log.statemachine.data.sync.timeout.retry = -1 (default)
2019-09-12 10:20:56,850 [pool-71-thread-1] INFO  server.RaftServerConfigKeys (ConfUtils.java:logGet(43)) - raft.server.log.statemachine.data.caching.enabled = true (custom)
2019-09-12 10:20:56,850 [pool-71-thread-1] INFO  segmented.SegmentedRaftLogWorker (SegmentedRaftLogWorker.java:lambda$new$0(132)) - 2d34cfa1-ae82-414b-bae6-717ee002fe05-SegmentedRaftLogWorker:Storage Directory /workdir/hadoop-ozone/integration-test/target/test-dir/MiniOzoneClusterImpl-afc08962-9222-4e3d-8fb5-552b5e422aae/datanode-4/data/ratis/741a14b6-e045-4d03-9fb9-6df7b3169762: flushIndex: setUnconditionally 0 -> -1
2019-09-12 10:20:56,850 [pool-71-thread-1] INFO  server.RaftServerConfigKeys (ConfUtils.java:logGet(43)) - raft.server.snapshot.auto.trigger.enabled = true (custom)
2019-09-12 10:20:56,850 [pool-71-thread-1] INFO  server.RaftServerConfigKeys (ConfUtils.java:logGet(43)) - raft.server.snapshot.auto.trigger.threshold = 10000 (custom)
2019-09-12 10:20:56,850 [pool-71-thread-1] INFO  server.RaftServerConfigKeys (ConfUtils.java:logGet(43)) - raft.server.retrycache.expirytime = 600000ms (custom)
2019-09-12 10:20:56,851 [pool-71-thread-1] INFO  impl.RaftServerImpl (RaftServerImpl.java:start(180)) - 2d34cfa1-ae82-414b-bae6-717ee002fe05: start group-6DF7B3169762
2019-09-12 10:20:56,851 [pool-71-thread-1] INFO  impl.RaftServerImpl (RaftServerImpl.java:setRole(171)) - 2d34cfa1-ae82-414b-bae6-717ee002fe05:group-6DF7B3169762 changes role from null to FOLLOWER at term 0 for startAsFollower
2019-09-12 10:20:56,851 [pool-71-thread-1] INFO  impl.RoleInfo (RoleInfo.java:updateAndGet(143)) - 2d34cfa1-ae82-414b-bae6-717ee002fe05: start FollowerState
2019-09-12 10:20:56,851 [pool-71-thread-1] INFO  util.JmxRegister (JmxRegister.java:tryRegister(44)) - Successfully registered JMX Bean with object name Ratis:service=RaftServer,group=group-6DF7B3169762,id=2d34cfa1-ae82-414b-bae6-717ee002fe05
2019-09-12 10:20:56,857 [RatisPipelineUtilsThread] INFO  pipeline.PipelineStateManager (PipelineStateManager.java:addPipeline(56)) - Created pipeline Pipeline[ Id: 741a14b6-e045-4d03-9fb9-6df7b3169762, Nodes: 2d34cfa1-ae82-414b-bae6-717ee002fe05{ip: 192.168.157.195, host: pr-hdds-1569-xtfnx-3545843844, networkLocation: /default-rack, certSerialId: null}, Type:RATIS, Factor:ONE, State:OPEN]
2019-09-12 10:20:56,859 [RatisPipelineUtilsThread] ERROR pipeline.PipelinePlacementPolicy (PipelinePlacementPolicy.java:meetCriteria(91)) - Pipeline Placement: Doesn't meet the criteria to be viable node. Heaviness: 6
2019-09-12 10:20:56,859 [RatisPipelineUtilsThread] ERROR pipeline.PipelinePlacementPolicy (PipelinePlacementPolicy.java:meetCriteria(91)) - Pipeline Placement: Doesn't meet the criteria to be viable node. Heaviness: 6
2019-09-12 10:20:56,859 [RatisPipelineUtilsThread] ERROR pipeline.PipelinePlacementPolicy (PipelinePlacementPolicy.java:meetCriteria(91)) - Pipeline Placement: Doesn't meet the criteria to be viable node. Heaviness: 6
2019-09-12 10:20:56,859 [RatisPipelineUtilsThread] ERROR pipeline.PipelinePlacementPolicy (PipelinePlacementPolicy.java:meetCriteria(91)) - Pipeline Placement: Doesn't meet the criteria to be viable node. Heaviness: 6
2019-09-12 10:20:56,859 [RatisPipelineUtilsThread] ERROR pipeline.PipelinePlacementPolicy (PipelinePlacementPolicy.java:meetCriteria(91)) - Pipeline Placement: Doesn't meet the criteria to be viable node. Heaviness: 6
2019-09-12 10:20:56,859 [RatisPipelineUtilsThread] ERROR pipeline.PipelinePlacementPolicy (PipelinePlacementPolicy.java:filterViableNodes(146)) - Unable to find enough nodes that meet the criteria that cannot engage in more than 5 pipelines. Nodes required: 1 Found: 0, healthy nodes count inNodeManager: 5.
2019-09-12 10:20:56,860 [RatisPipelineUtilsThread] ERROR pipeline.SCMPipelineManager (SCMPipelineManager.java:createPipeline(161)) - Pipeline creation failed due to exception: Unable to find enough nodes that meet the criteria that cannot engage in more than 5 pipelines. Nodes required: 1 Found: 0, healthy nodes count inNodeManager: 5.
2019-09-12 10:20:56,861 [RatisPipelineUtilsThread] ERROR pipeline.PipelinePlacementPolicy (PipelinePlacementPolicy.java:meetCriteria(91)) - Pipeline Placement: Doesn't meet the criteria to be viable node. Heaviness: 6
2019-09-12 10:20:56,861 [RatisPipelineUtilsThread] ERROR pipeline.PipelinePlacementPolicy (PipelinePlacementPolicy.java:meetCriteria(91)) - Pipeline Placement: Doesn't meet the criteria to be viable node. Heaviness: 6
2019-09-12 10:20:56,861 [RatisPipelineUtilsThread] ERROR pipeline.PipelinePlacementPolicy (PipelinePlacementPolicy.java:meetCriteria(91)) - Pipeline Placement: Doesn't meet the criteria to be viable node. Heaviness: 6
2019-09-12 10:20:56,861 [RatisPipelineUtilsThread] ERROR pipeline.PipelinePlacementPolicy (PipelinePlacementPolicy.java:meetCriteria(91)) - Pipeline Placement: Doesn't meet the criteria to be viable node. Heaviness: 6
2019-09-12 10:20:56,861 [RatisPipelineUtilsThread] ERROR pipeline.PipelinePlacementPolicy (PipelinePlacementPolicy.java:meetCriteria(91)) - Pipeline Placement: Doesn't meet the criteria to be viable node. Heaviness: 6
2019-09-12 10:20:56,861 [RatisPipelineUtilsThread] ERROR pipeline.PipelinePlacementPolicy (PipelinePlacementPolicy.java:filterViableNodes(146)) - Unable to find enough nodes that meet the criteria that cannot engage in more than 5 pipelines. Nodes required: 3 Found: 0, healthy nodes count inNodeManager: 5.
2019-09-12 10:20:56,861 [RatisPipelineUtilsThread] ERROR pipeline.SCMPipelineManager (SCMPipelineManager.java:createPipeline(161)) - Pipeline creation failed due to exception: Unable to find enough nodes that meet the criteria that cannot engage in more than 5 pipelines. Nodes required: 3 Found: 0, healthy nodes count inNodeManager: 5.
2019-09-12 10:20:56,862 [main] ERROR pipeline.PipelinePlacementPolicy (PipelinePlacementPolicy.java:meetCriteria(91)) - Pipeline Placement: Doesn't meet the criteria to be viable node. Heaviness: 6
2019-09-12 10:20:56,862 [main] ERROR pipeline.PipelinePlacementPolicy (PipelinePlacementPolicy.java:meetCriteria(91)) - Pipeline Placement: Doesn't meet the criteria to be viable node. Heaviness: 6
2019-09-12 10:20:56,863 [main] ERROR pipeline.PipelinePlacementPolicy (PipelinePlacementPolicy.java:meetCriteria(91)) - Pipeline Placement: Doesn't meet the criteria to be viable node. Heaviness: 6
2019-09-12 10:20:56,863 [main] ERROR pipeline.PipelinePlacementPolicy (PipelinePlacementPolicy.java:meetCriteria(91)) - Pipeline Placement: Doesn't meet the criteria to be viable node. Heaviness: 6
2019-09-12 10:20:56,863 [main] ERROR pipeline.PipelinePlacementPolicy (PipelinePlacementPolicy.java:meetCriteria(91)) - Pipeline Placement: Doesn't meet the criteria to be viable node. Heaviness: 6
2019-09-12 10:20:56,863 [main] ERROR pipeline.PipelinePlacementPolicy (PipelinePlacementPolicy.java:filterViableNodes(146)) - Unable to find enough nodes that meet the criteria that cannot engage in more than 5 pipelines. Nodes required: 3 Found: 0, healthy nodes count inNodeManager: 5.
2019-09-12 10:20:56,864 [main] ERROR pipeline.SCMPipelineManager (SCMPipelineManager.java:createPipeline(161)) - Pipeline creation failed due to exception: Unable to find enough nodes that meet the criteria that cannot engage in more than 5 pipelines. Nodes required: 3 Found: 0, healthy nodes count inNodeManager: 5.
2019-09-12 10:20:56,864 [RatisPipelineUtilsThread] ERROR pipeline.PipelinePlacementPolicy (PipelinePlacementPolicy.java:meetCriteria(91)) - Pipeline Placement: Doesn't meet the criteria to be viable node. Heaviness: 6
2019-09-12 10:20:56,864 [RatisPipelineUtilsThread] ERROR pipeline.PipelinePlacementPolicy (PipelinePlacementPolicy.java:meetCriteria(91)) - Pipeline Placement: Doesn't meet the criteria to be viable node. Heaviness: 6
2019-09-12 10:20:56,864 [RatisPipelineUtilsThread] ERROR pipeline.PipelinePlacementPolicy (PipelinePlacementPolicy.java:meetCriteria(91)) - Pipeline Placement: Doesn't meet the criteria to be viable node. Heaviness: 6
2019-09-12 10:20:56,864 [RatisPipelineUtilsThread] ERROR pipeline.PipelinePlacementPolicy (PipelinePlacementPolicy.java:meetCriteria(91)) - Pipeline Placement: Doesn't meet the criteria to be viable node. Heaviness: 6
2019-09-12 10:20:56,864 [RatisPipelineUtilsThread] ERROR pipeline.PipelinePlacementPolicy (PipelinePlacementPolicy.java:meetCriteria(91)) - Pipeline Placement: Doesn't meet the criteria to be viable node. Heaviness: 6
2019-09-12 10:20:56,864 [RatisPipelineUtilsThread] ERROR pipeline.PipelinePlacementPolicy (PipelinePlacementPolicy.java:filterViableNodes(146)) - Unable to find enough nodes that meet the criteria that cannot engage in more than 5 pipelines. Nodes required: 1 Found: 0, healthy nodes count inNodeManager: 5.
2019-09-12 10:20:56,865 [RatisPipelineUtilsThread] ERROR pipeline.SCMPipelineManager (SCMPipelineManager.java:createPipeline(161)) - Pipeline creation failed due to exception: Unable to find enough nodes that meet the criteria that cannot engage in more than 5 pipelines. Nodes required: 1 Found: 0, healthy nodes count inNodeManager: 5.
2019-09-12 10:20:56,865 [RatisPipelineUtilsThread] ERROR pipeline.PipelinePlacementPolicy (PipelinePlacementPolicy.java:meetCriteria(91)) - Pipeline Placement: Doesn't meet the criteria to be viable node. Heaviness: 6
2019-09-12 10:20:56,865 [RatisPipelineUtilsThread] ERROR pipeline.PipelinePlacementPolicy (PipelinePlacementPolicy.java:meetCriteria(91)) - Pipeline Placement: Doesn't meet the criteria to be viable node. Heaviness: 6
2019-09-12 10:20:56,865 [RatisPipelineUtilsThread] ERROR pipeline.PipelinePlacementPolicy (PipelinePlacementPolicy.java:meetCriteria(91)) - Pipeline Placement: Doesn't meet the criteria to be viable node. Heaviness: 6
2019-09-12 10:20:56,865 [RatisPipelineUtilsThread] ERROR pipeline.PipelinePlacementPolicy (PipelinePlacementPolicy.java:meetCriteria(91)) - Pipeline Placement: Doesn't meet the criteria to be viable node. Heaviness: 6
2019-09-12 10:20:56,865 [RatisPipelineUtilsThread] ERROR pipeline.PipelinePlacementPolicy (PipelinePlacementPolicy.java:meetCriteria(91)) - Pipeline Placement: Doesn't meet the criteria to be viable node. Heaviness: 6
2019-09-12 10:20:56,865 [RatisPipelineUtilsThread] ERROR pipeline.PipelinePlacementPolicy (PipelinePlacementPolicy.java:filterViableNodes(146)) - Unable to find enough nodes that meet the criteria that cannot engage in more than 5 pipelines. Nodes required: 3 Found: 0, healthy nodes count inNodeManager: 5.
2019-09-12 10:20:56,865 [RatisPipelineUtilsThread] ERROR pipeline.SCMPipelineManager (SCMPipelineManager.java:createPipeline(161)) - Pipeline creation failed due to exception: Unable to find enough nodes that meet the criteria that cannot engage in more than 5 pipelines. Nodes required: 3 Found: 0, healthy nodes count inNodeManager: 5.
2019-09-12 10:20:56,866 [main] INFO  ozone.MiniOzoneClusterImpl (MiniOzoneClusterImpl.java:shutdown(321)) - Shutting down the Mini Ozone Cluster
2019-09-12 10:20:56,866 | INFO  | SCMAudit | user=null | ip=null | op=GET_SCM_INFO null | ret=SUCCESS |  
2019-09-12 10:20:56,867 [ReplicationMonitor] INFO  container.ReplicationManager (ReplicationManager.java:run(214)) - Replication Monitor Thread took 169 milliseconds for processing 0 containers.
2019-09-12 10:20:56,867 [main] INFO  ozone.MiniOzoneClusterImpl (MiniOzoneClusterImpl.java:stop(336)) - Stopping the Mini Ozone Cluster
2019-09-12 10:20:56,867 [main] INFO  ozone.MiniOzoneClusterImpl (MiniOzoneClusterImpl.java:stop(338)) - Stopping the OzoneManager
2019-09-12 10:20:56,867 [main] INFO  ipc.Server (Server.java:stop(3082)) - Stopping server on 40603
2019-09-12 10:20:56,880 [IPC Server listener on 40603] INFO  ipc.Server (Server.java:run(1185)) - Stopping IPC Server listener on 40603
2019-09-12 10:20:56,881 [main] INFO  ratis.OzoneManagerDoubleBuffer (OzoneManagerDoubleBuffer.java:stop(248)) - Stopping OMDoubleBuffer flush thread
2019-09-12 10:20:56,883 [IPC Server Responder] INFO  ipc.Server (Server.java:run(1319)) - Stopping IPC Server Responder
2019-09-12 10:20:56,893 [OMDoubleBufferFlushThread] INFO  ratis.OzoneManagerDoubleBuffer (OzoneManagerDoubleBuffer.java:flushTransactions(191)) - OMDoubleBuffer flush thread OMDoubleBufferFlushThread is interrupted and will exit. OMDoubleBufferFlushThread
2019-09-12 10:20:56,903 [main] INFO  utils.BackgroundService (BackgroundService.java:shutdown(148)) - Shutting down service KeyDeletingService
2019-09-12 10:20:56,908 [main] INFO  handler.ContextHandler (ContextHandler.java:doStop(910)) - Stopped o.e.j.w.WebAppContext@24fabd0f{/,null,UNAVAILABLE}{/ozoneManager}
2019-09-12 10:20:56,915 [main] INFO  server.AbstractConnector (AbstractConnector.java:doStop(318)) - Stopped ServerConnector@250b236d{HTTP/1.1,[http/1.1]}{0.0.0.0:0}
2019-09-12 10:20:56,915 [main] INFO  handler.ContextHandler (ContextHandler.java:doStop(910)) - Stopped o.e.j.s.ServletContextHandler@51ec2df1{/static,file:///workdir/hadoop-ozone/integration-test/target/test-classes/webapps/static,UNAVAILABLE}
2019-09-12 10:20:56,916 [main] INFO  handler.ContextHandler (ContextHandler.java:doStop(910)) - Stopped o.e.j.s.ServletContextHandler@543e593{/logs,file:///workdir/hadoop-ozone/integration-test/target/log,UNAVAILABLE}
2019-09-12 10:20:56,920 | INFO  | SCMAudit | user=jenkins1000 | ip=192.168.157.195 | op=SEND_HEARTBEAT {datanodeUUID=80f8a078-74d1-4787-8700-3441e69ebe61, command=[]} | ret=SUCCESS |  
2019-09-12 10:20:56,924 [main] INFO  ozone.MiniOzoneClusterImpl (MiniOzoneClusterImpl.java:stop(344)) - Shutting the HddsDatanodes
2019-09-12 10:20:56,926 [main] INFO  datanode.ObjectStoreHandler (ObjectStoreHandler.java:close(155)) - Closing ObjectStoreHandler.
2019-09-12 10:20:56,926 [ForkJoinPool.commonPool-worker-1] INFO  datanode.ObjectStoreHandler (ObjectStoreHandler.java:close(155)) - Closing ObjectStoreHandler.
2019-09-12 10:20:56,943 [main] INFO  ozone.HddsDatanodeService (HddsDatanodeService.java:stop(451)) - Stopped plug-in org.apache.hadoop.ozone.web.OzoneHddsDatanodeService@17c4dc5b
2019-09-12 10:20:56,943 [ForkJoinPool.commonPool-worker-1] INFO  ozone.HddsDatanodeService (HddsDatanodeService.java:stop(451)) - Stopped plug-in org.apache.hadoop.ozone.web.OzoneHddsDatanodeService@57151b3a
2019-09-12 10:20:57,466 [Datanode State Machine Thread - 0] INFO  statemachine.DatanodeStateMachine (DatanodeStateMachine.java:lambda$startDaemon$0(350)) - Ozone container server started.
2019-09-12 10:20:57,467 | INFO  | SCMAudit | user=jenkins1000 | ip=192.168.157.195 | op=SEND_HEARTBEAT {datanodeUUID=3352c2aa-4491-4fbb-82ad-24b3d7cf0c84, command=[]} | ret=SUCCESS |  
2019-09-12 10:20:57,560 | INFO  | SCMAudit | user=jenkins1000 | ip=192.168.157.195 | op=SEND_HEARTBEAT {datanodeUUID=2d34cfa1-ae82-414b-bae6-717ee002fe05, command=[]} | ret=SUCCESS |  
2019-09-12 10:20:57,651 | INFO  | SCMAudit | user=jenkins1000 | ip=192.168.157.195 | op=SEND_HEARTBEAT {datanodeUUID=807fe137-5703-4ca0-bc4b-d1bf019678ec, command=[]} | ret=SUCCESS |  
2019-09-12 10:20:57,917 [Datanode State Machine Thread - 0] INFO  statemachine.DatanodeStateMachine (DatanodeStateMachine.java:lambda$startDaemon$0(350)) - Ozone container server started.
2019-09-12 10:20:58,467 | INFO  | SCMAudit | user=jenkins1000 | ip=192.168.157.195 | op=SEND_HEARTBEAT {datanodeUUID=3352c2aa-4491-4fbb-82ad-24b3d7cf0c84, command=[]} | ret=SUCCESS |  
2019-09-12 10:20:58,560 | INFO  | SCMAudit | user=jenkins1000 | ip=192.168.157.195 | op=SEND_HEARTBEAT {datanodeUUID=2d34cfa1-ae82-414b-bae6-717ee002fe05, command=[]} | ret=SUCCESS |  
2019-09-12 10:20:58,642 | INFO  | SCMAudit | user=jenkins1000 | ip=192.168.157.195 | op=SEND_HEARTBEAT {datanodeUUID=807fe137-5703-4ca0-bc4b-d1bf019678ec, command=[]} | ret=SUCCESS |  
2019-09-12 10:20:59,467 | INFO  | SCMAudit | user=jenkins1000 | ip=192.168.157.195 | op=SEND_HEARTBEAT {datanodeUUID=3352c2aa-4491-4fbb-82ad-24b3d7cf0c84, command=[]} | ret=SUCCESS |  
2019-09-12 10:20:59,560 | INFO  | SCMAudit | user=jenkins1000 | ip=192.168.157.195 | op=SEND_HEARTBEAT {datanodeUUID=2d34cfa1-ae82-414b-bae6-717ee002fe05, command=[]} | ret=SUCCESS |  
2019-09-12 10:20:59,642 | INFO  | SCMAudit | user=jenkins1000 | ip=192.168.157.195 | op=SEND_HEARTBEAT {datanodeUUID=807fe137-5703-4ca0-bc4b-d1bf019678ec, command=[]} | ret=SUCCESS |  
2019-09-12 10:20:59,947 [Thread-209] INFO  impl.FollowerState (FollowerState.java:run(106)) - 807fe137-5703-4ca0-bc4b-d1bf019678ec:group-E702AFB2FEDE changes to CANDIDATE, lastRpcTime:5123, electionTimeout:5122ms
2019-09-12 10:20:59,947 [Thread-209] INFO  impl.RoleInfo (RoleInfo.java:shutdownFollowerState(121)) - 807fe137-5703-4ca0-bc4b-d1bf019678ec: shutdown FollowerState
2019-09-12 10:20:59,947 [Thread-209] INFO  impl.RaftServerImpl (RaftServerImpl.java:setRole(171)) - 807fe137-5703-4ca0-bc4b-d1bf019678ec:group-E702AFB2FEDE changes role from FOLLOWER to CANDIDATE at term 0 for changeToCandidate
2019-09-12 10:20:59,953 [Thread-209] INFO  impl.RoleInfo (RoleInfo.java:updateAndGet(143)) - 807fe137-5703-4ca0-bc4b-d1bf019678ec: start LeaderElection
2019-09-12 10:20:59,971 [807fe137-5703-4ca0-bc4b-d1bf019678ec:group-E702AFB2FEDE:LeaderElection1] INFO  impl.LeaderElection (LeaderElection.java:askForVotes(181)) - 807fe137-5703-4ca0-bc4b-d1bf019678ec:group-E702AFB2FEDE:LeaderElection1: begin an election at term 1 for -1: [807fe137-5703-4ca0-bc4b-d1bf019678ec:192.168.157.195:37427], old=null
2019-09-12 10:20:59,973 [807fe137-5703-4ca0-bc4b-d1bf019678ec:group-E702AFB2FEDE:LeaderElection1] INFO  impl.RoleInfo (RoleInfo.java:shutdownLeaderElection(134)) - 807fe137-5703-4ca0-bc4b-d1bf019678ec: shutdown LeaderElection
2019-09-12 10:20:59,974 [807fe137-5703-4ca0-bc4b-d1bf019678ec:group-E702AFB2FEDE:LeaderElection1] INFO  impl.RaftServerImpl (RaftServerImpl.java:setRole(171)) - 807fe137-5703-4ca0-bc4b-d1bf019678ec:group-E702AFB2FEDE changes role from CANDIDATE to LEADER at term 1 for changeToLeader
2019-09-12 10:20:59,974 [807fe137-5703-4ca0-bc4b-d1bf019678ec:group-E702AFB2FEDE:LeaderElection1] INFO  impl.RaftServerImpl (ServerState.java:setLeader(263)) - 807fe137-5703-4ca0-bc4b-d1bf019678ec:group-E702AFB2FEDE change Leader from null to 807fe137-5703-4ca0-bc4b-d1bf019678ec at term 1 for becomeLeader, leader elected after 5245ms
2019-09-12 10:20:59,983 [807fe137-5703-4ca0-bc4b-d1bf019678ec:group-E702AFB2FEDE:LeaderElection1] INFO  server.RaftServerConfigKeys (ConfUtils.java:logGet(43)) - raft.server.staging.catchup.gap = 1000 (default)
2019-09-12 10:20:59,983 [807fe137-5703-4ca0-bc4b-d1bf019678ec:group-E702AFB2FEDE:LeaderElection1] INFO  server.RaftServerConfigKeys (ConfUtils.java:logGet(43)) - raft.server.rpc.sleep.time = 25ms (default)
2019-09-12 10:20:59,987 [807fe137-5703-4ca0-bc4b-d1bf019678ec:group-E702AFB2FEDE:LeaderElection1] INFO  server.RaftServerConfigKeys (ConfUtils.java:logGet(43)) - raft.server.write.element-limit = 4096 (default)
2019-09-12 10:20:59,990 [807fe137-5703-4ca0-bc4b-d1bf019678ec:group-E702AFB2FEDE:LeaderElection1] INFO  server.RaftServerConfigKeys (ConfUtils.java:logGet(43)) - raft.server.watch.timeout = 10s (default)
2019-09-12 10:20:59,990 [807fe137-5703-4ca0-bc4b-d1bf019678ec:group-E702AFB2FEDE:LeaderElection1] INFO  server.RaftServerConfigKeys (ConfUtils.java:logGet(43)) - raft.server.watch.timeout.denomination = 1s (default)
2019-09-12 10:20:59,991 [807fe137-5703-4ca0-bc4b-d1bf019678ec:group-E702AFB2FEDE:LeaderElection1] INFO  server.RaftServerConfigKeys (ConfUtils.java:logGet(43)) - raft.server.watch.element-limit = 65536 (default)
2019-09-12 10:21:00,001 [807fe137-5703-4ca0-bc4b-d1bf019678ec:group-E702AFB2FEDE:LeaderElection1] INFO  impl.RoleInfo (RoleInfo.java:updateAndGet(143)) - 807fe137-5703-4ca0-bc4b-d1bf019678ec: start LeaderState
2019-09-12 10:21:00,025 [807fe137-5703-4ca0-bc4b-d1bf019678ec:group-E702AFB2FEDE:LeaderElection1] INFO  segmented.SegmentedRaftLogWorker (SegmentedRaftLogWorker.java:startLogSegment(380)) - 807fe137-5703-4ca0-bc4b-d1bf019678ec-SegmentedRaftLogWorker:Storage Directory /workdir/hadoop-ozone/integration-test/target/test-dir/MiniOzoneClusterImpl-afc08962-9222-4e3d-8fb5-552b5e422aae/datanode-0/data/ratis/c4f26dec-628a-41b6-99e7-e702afb2fede: Starting segment from index:0
2019-09-12 10:21:00,033 [807fe137-5703-4ca0-bc4b-d1bf019678ec:group-E702AFB2FEDE:LeaderElection1] INFO  impl.RaftServerImpl (ServerState.java:setRaftConf(361)) - 807fe137-5703-4ca0-bc4b-d1bf019678ec:group-E702AFB2FEDE set configuration 0: [807fe137-5703-4ca0-bc4b-d1bf019678ec:192.168.157.195:37427], old=null at 0
2019-09-12 10:21:00,177 [Thread-215] INFO  impl.FollowerState (FollowerState.java:run(106)) - 6ee6d104-7057-4fca-83c0-db864f4c6adb:group-5C28E42F2CED changes to CANDIDATE, lastRpcTime:5066, electionTimeout:5066ms
2019-09-12 10:21:00,207 [Thread-215] INFO  impl.RoleInfo (RoleInfo.java:shutdownFollowerState(121)) - 6ee6d104-7057-4fca-83c0-db864f4c6adb: shutdown FollowerState
2019-09-12 10:21:00,207 [Thread-215] INFO  impl.RaftServerImpl (RaftServerImpl.java:setRole(171)) - 6ee6d104-7057-4fca-83c0-db864f4c6adb:group-5C28E42F2CED changes role from FOLLOWER to CANDIDATE at term 0 for changeToCandidate
2019-09-12 10:21:00,207 [Thread-215] INFO  impl.RoleInfo (RoleInfo.java:updateAndGet(143)) - 6ee6d104-7057-4fca-83c0-db864f4c6adb: start LeaderElection
2019-09-12 10:21:00,212 [Thread-212] INFO  impl.FollowerState (FollowerState.java:run(106)) - 6ee6d104-7057-4fca-83c0-db864f4c6adb:group-A9E0C1281ADF changes to CANDIDATE, lastRpcTime:5184, electionTimeout:5181ms
2019-09-12 10:21:00,214 [Thread-212] INFO  impl.RoleInfo (RoleInfo.java:shutdownFollowerState(121)) - 6ee6d104-7057-4fca-83c0-db864f4c6adb: shutdown FollowerState
2019-09-12 10:21:00,214 [Thread-212] INFO  impl.RaftServerImpl (RaftServerImpl.java:setRole(171)) - 6ee6d104-7057-4fca-83c0-db864f4c6adb:group-A9E0C1281ADF changes role from FOLLOWER to CANDIDATE at term 0 for changeToCandidate
2019-09-12 10:21:00,214 [Thread-212] INFO  impl.RoleInfo (RoleInfo.java:updateAndGet(143)) - 6ee6d104-7057-4fca-83c0-db864f4c6adb: start LeaderElection
2019-09-12 10:21:00,230 [807fe137-5703-4ca0-bc4b-d1bf019678ec-SegmentedRaftLogWorker:Storage Directory /workdir/hadoop-ozone/integration-test/target/test-dir/MiniOzoneClusterImpl-afc08962-9222-4e3d-8fb5-552b5e422aae/datanode-0/data/ratis/c4f26dec-628a-41b6-99e7-e702afb2fede] INFO  segmented.SegmentedRaftLogWorker (SegmentedRaftLogWorker.java:execute(569)) - 807fe137-5703-4ca0-bc4b-d1bf019678ec-SegmentedRaftLogWorker:Storage Directory /workdir/hadoop-ozone/integration-test/target/test-dir/MiniOzoneClusterImpl-afc08962-9222-4e3d-8fb5-552b5e422aae/datanode-0/data/ratis/c4f26dec-628a-41b6-99e7-e702afb2fede: created new log segment /workdir/hadoop-ozone/integration-test/target/test-dir/MiniOzoneClusterImpl-afc08962-9222-4e3d-8fb5-552b5e422aae/datanode-0/data/ratis/c4f26dec-628a-41b6-99e7-e702afb2fede/current/log_inprogress_0
2019-09-12 10:21:00,230 [6ee6d104-7057-4fca-83c0-db864f4c6adb:group-A9E0C1281ADF:LeaderElection3] INFO  impl.LeaderElection (LeaderElection.java:askForVotes(181)) - 6ee6d104-7057-4fca-83c0-db864f4c6adb:group-A9E0C1281ADF:LeaderElection3: begin an election at term 1 for -1: [6ee6d104-7057-4fca-83c0-db864f4c6adb:192.168.157.195:35734], old=null
2019-09-12 10:21:00,230 [6ee6d104-7057-4fca-83c0-db864f4c6adb:group-5C28E42F2CED:LeaderElection2] INFO  impl.LeaderElection (LeaderElection.java:askForVotes(181)) - 6ee6d104-7057-4fca-83c0-db864f4c6adb:group-5C28E42F2CED:LeaderElection2: begin an election at term 1 for -1: [6ee6d104-7057-4fca-83c0-db864f4c6adb:192.168.157.195:35734], old=null
2019-09-12 10:21:00,233 [6ee6d104-7057-4fca-83c0-db864f4c6adb:group-A9E0C1281ADF:LeaderElection3] INFO  impl.RoleInfo (RoleInfo.java:shutdownLeaderElection(134)) - 6ee6d104-7057-4fca-83c0-db864f4c6adb: shutdown LeaderElection
2019-09-12 10:21:00,233 [6ee6d104-7057-4fca-83c0-db864f4c6adb:group-5C28E42F2CED:LeaderElection2] INFO  impl.RoleInfo (RoleInfo.java:shutdownLeaderElection(134)) - 6ee6d104-7057-4fca-83c0-db864f4c6adb: shutdown LeaderElection
2019-09-12 10:21:00,233 [6ee6d104-7057-4fca-83c0-db864f4c6adb:group-A9E0C1281ADF:LeaderElection3] INFO  impl.RaftServerImpl (RaftServerImpl.java:setRole(171)) - 6ee6d104-7057-4fca-83c0-db864f4c6adb:group-A9E0C1281ADF changes role from CANDIDATE to LEADER at term 1 for changeToLeader
2019-09-12 10:21:00,233 [6ee6d104-7057-4fca-83c0-db864f4c6adb:group-5C28E42F2CED:LeaderElection2] INFO  impl.RaftServerImpl (RaftServerImpl.java:setRole(171)) - 6ee6d104-7057-4fca-83c0-db864f4c6adb:group-5C28E42F2CED changes role from CANDIDATE to LEADER at term 1 for changeToLeader
2019-09-12 10:21:00,233 [6ee6d104-7057-4fca-83c0-db864f4c6adb:group-A9E0C1281ADF:LeaderElection3] INFO  impl.RaftServerImpl (ServerState.java:setLeader(263)) - 6ee6d104-7057-4fca-83c0-db864f4c6adb:group-A9E0C1281ADF change Leader from null to 6ee6d104-7057-4fca-83c0-db864f4c6adb at term 1 for becomeLeader, leader elected after 5215ms
2019-09-12 10:21:00,233 [6ee6d104-7057-4fca-83c0-db864f4c6adb:group-5C28E42F2CED:LeaderElection2] INFO  impl.RaftServerImpl (ServerState.java:setLeader(263)) - 6ee6d104-7057-4fca-83c0-db864f4c6adb:group-5C28E42F2CED change Leader from null to 6ee6d104-7057-4fca-83c0-db864f4c6adb at term 1 for becomeLeader, leader elected after 5129ms
2019-09-12 10:21:00,235 [6ee6d104-7057-4fca-83c0-db864f4c6adb:group-A9E0C1281ADF:LeaderElection3] INFO  server.RaftServerConfigKeys (ConfUtils.java:logGet(43)) - raft.server.staging.catchup.gap = 1000 (default)
2019-09-12 10:21:00,235 [6ee6d104-7057-4fca-83c0-db864f4c6adb:group-5C28E42F2CED:LeaderElection2] INFO  server.RaftServerConfigKeys (ConfUtils.java:logGet(43)) - raft.server.staging.catchup.gap = 1000 (default)
2019-09-12 10:21:00,236 [6ee6d104-7057-4fca-83c0-db864f4c6adb:group-A9E0C1281ADF:LeaderElection3] INFO  server.RaftServerConfigKeys (ConfUtils.java:logGet(43)) - raft.server.rpc.sleep.time = 25ms (default)
2019-09-12 10:21:00,236 [6ee6d104-7057-4fca-83c0-db864f4c6adb:group-5C28E42F2CED:LeaderElection2] INFO  server.RaftServerConfigKeys (ConfUtils.java:logGet(43)) - raft.server.rpc.sleep.time = 25ms (default)
2019-09-12 10:21:00,237 [6ee6d104-7057-4fca-83c0-db864f4c6adb:group-A9E0C1281ADF:LeaderElection3] INFO  server.RaftServerConfigKeys (ConfUtils.java:logGet(43)) - raft.server.write.element-limit = 4096 (default)
2019-09-12 10:21:00,237 [6ee6d104-7057-4fca-83c0-db864f4c6adb:group-5C28E42F2CED:LeaderElection2] INFO  server.RaftServerConfigKeys (ConfUtils.java:logGet(43)) - raft.server.write.element-limit = 4096 (default)
2019-09-12 10:21:00,238 [6ee6d104-7057-4fca-83c0-db864f4c6adb:group-A9E0C1281ADF:LeaderElection3] INFO  server.RaftServerConfigKeys (ConfUtils.java:logGet(43)) - raft.server.watch.timeout = 10s (default)
2019-09-12 10:21:00,238 [6ee6d104-7057-4fca-83c0-db864f4c6adb:group-5C28E42F2CED:LeaderElection2] INFO  server.RaftServerConfigKeys (ConfUtils.java:logGet(43)) - raft.server.watch.timeout = 10s (default)
2019-09-12 10:21:00,238 [6ee6d104-7057-4fca-83c0-db864f4c6adb:group-A9E0C1281ADF:LeaderElection3] INFO  server.RaftServerConfigKeys (ConfUtils.java:logGet(43)) - raft.server.watch.timeout.denomination = 1s (default)
2019-09-12 10:21:00,238 [6ee6d104-7057-4fca-83c0-db864f4c6adb:group-5C28E42F2CED:LeaderElection2] INFO  server.RaftServerConfigKeys (ConfUtils.java:logGet(43)) - raft.server.watch.timeout.denomination = 1s (default)
2019-09-12 10:21:00,238 [6ee6d104-7057-4fca-83c0-db864f4c6adb:group-A9E0C1281ADF:LeaderElection3] INFO  server.RaftServerConfigKeys (ConfUtils.java:logGet(43)) - raft.server.watch.element-limit = 65536 (default)
2019-09-12 10:21:00,238 [6ee6d104-7057-4fca-83c0-db864f4c6adb:group-5C28E42F2CED:LeaderElection2] INFO  server.RaftServerConfigKeys (ConfUtils.java:logGet(43)) - raft.server.watch.element-limit = 65536 (default)
2019-09-12 10:21:00,239 [6ee6d104-7057-4fca-83c0-db864f4c6adb:group-A9E0C1281ADF:LeaderElection3] INFO  impl.RoleInfo (RoleInfo.java:updateAndGet(143)) - 6ee6d104-7057-4fca-83c0-db864f4c6adb: start LeaderState
2019-09-12 10:21:00,239 [6ee6d104-7057-4fca-83c0-db864f4c6adb:group-5C28E42F2CED:LeaderElection2] INFO  impl.RoleInfo (RoleInfo.java:updateAndGet(143)) - 6ee6d104-7057-4fca-83c0-db864f4c6adb: start LeaderState
2019-09-12 10:21:00,239 [6ee6d104-7057-4fca-83c0-db864f4c6adb:group-A9E0C1281ADF:LeaderElection3] INFO  segmented.SegmentedRaftLogWorker (SegmentedRaftLogWorker.java:startLogSegment(380)) - 6ee6d104-7057-4fca-83c0-db864f4c6adb-SegmentedRaftLogWorker:Storage Directory /workdir/hadoop-ozone/integration-test/target/test-dir/MiniOzoneClusterImpl-afc08962-9222-4e3d-8fb5-552b5e422aae/datanode-2/data/ratis/deea72db-10c9-4fbe-90e0-a9e0c1281adf: Starting segment from index:0
2019-09-12 10:21:00,239 [6ee6d104-7057-4fca-83c0-db864f4c6adb:group-5C28E42F2CED:LeaderElection2] INFO  segmented.SegmentedRaftLogWorker (SegmentedRaftLogWorker.java:startLogSegment(380)) - 6ee6d104-7057-4fca-83c0-db864f4c6adb-SegmentedRaftLogWorker:Storage Directory /workdir/hadoop-ozone/integration-test/target/test-dir/MiniOzoneClusterImpl-afc08962-9222-4e3d-8fb5-552b5e422aae/datanode-2/data/ratis/d175b42d-8d0e-41e9-9215-5c28e42f2ced: Starting segment from index:0
2019-09-12 10:21:00,240 [6ee6d104-7057-4fca-83c0-db864f4c6adb:group-A9E0C1281ADF:LeaderElection3] INFO  impl.RaftServerImpl (ServerState.java:setRaftConf(361)) - 6ee6d104-7057-4fca-83c0-db864f4c6adb:group-A9E0C1281ADF set configuration 0: [6ee6d104-7057-4fca-83c0-db864f4c6adb:192.168.157.195:35734], old=null at 0
2019-09-12 10:21:00,276 [Thread-218] INFO  impl.FollowerState (FollowerState.java:run(106)) - 807fe137-5703-4ca0-bc4b-d1bf019678ec:group-856223D21564 changes to CANDIDATE, lastRpcTime:5079, electionTimeout:5048ms
2019-09-12 10:21:00,276 [6ee6d104-7057-4fca-83c0-db864f4c6adb:group-5C28E42F2CED:LeaderElection2] INFO  impl.RaftServerImpl (ServerState.java:setRaftConf(361)) - 6ee6d104-7057-4fca-83c0-db864f4c6adb:group-5C28E42F2CED set configuration 0: [6ee6d104-7057-4fca-83c0-db864f4c6adb:192.168.157.195:35734], old=null at 0
2019-09-12 10:21:00,276 [Thread-218] INFO  impl.RoleInfo (RoleInfo.java:shutdownFollowerState(121)) - 807fe137-5703-4ca0-bc4b-d1bf019678ec: shutdown FollowerState
2019-09-12 10:21:00,278 [Thread-218] INFO  impl.RaftServerImpl (RaftServerImpl.java:setRole(171)) - 807fe137-5703-4ca0-bc4b-d1bf019678ec:group-856223D21564 changes role from FOLLOWER to CANDIDATE at term 0 for changeToCandidate
2019-09-12 10:21:00,279 [Thread-218] INFO  impl.RoleInfo (RoleInfo.java:updateAndGet(143)) - 807fe137-5703-4ca0-bc4b-d1bf019678ec: start LeaderElection
2019-09-12 10:21:00,290 [6ee6d104-7057-4fca-83c0-db864f4c6adb-SegmentedRaftLogWorker:Storage Directory /workdir/hadoop-ozone/integration-test/target/test-dir/MiniOzoneClusterImpl-afc08962-9222-4e3d-8fb5-552b5e422aae/datanode-2/data/ratis/deea72db-10c9-4fbe-90e0-a9e0c1281adf] INFO  segmented.SegmentedRaftLogWorker (SegmentedRaftLogWorker.java:execute(569)) - 6ee6d104-7057-4fca-83c0-db864f4c6adb-SegmentedRaftLogWorker:Storage Directory /workdir/hadoop-ozone/integration-test/target/test-dir/MiniOzoneClusterImpl-afc08962-9222-4e3d-8fb5-552b5e422aae/datanode-2/data/ratis/deea72db-10c9-4fbe-90e0-a9e0c1281adf: created new log segment /workdir/hadoop-ozone/integration-test/target/test-dir/MiniOzoneClusterImpl-afc08962-9222-4e3d-8fb5-552b5e422aae/datanode-2/data/ratis/deea72db-10c9-4fbe-90e0-a9e0c1281adf/current/log_inprogress_0
2019-09-12 10:21:00,290 [807fe137-5703-4ca0-bc4b-d1bf019678ec:group-856223D21564:LeaderElection4] INFO  impl.LeaderElection (LeaderElection.java:askForVotes(181)) - 807fe137-5703-4ca0-bc4b-d1bf019678ec:group-856223D21564:LeaderElection4: begin an election at term 1 for -1: [807fe137-5703-4ca0-bc4b-d1bf019678ec:192.168.157.195:37427], old=null
2019-09-12 10:21:00,290 [6ee6d104-7057-4fca-83c0-db864f4c6adb-SegmentedRaftLogWorker:Storage Directory /workdir/hadoop-ozone/integration-test/target/test-dir/MiniOzoneClusterImpl-afc08962-9222-4e3d-8fb5-552b5e422aae/datanode-2/data/ratis/d175b42d-8d0e-41e9-9215-5c28e42f2ced] INFO  segmented.SegmentedRaftLogWorker (SegmentedRaftLogWorker.java:execute(569)) - 6ee6d104-7057-4fca-83c0-db864f4c6adb-SegmentedRaftLogWorker:Storage Directory /workdir/hadoop-ozone/integration-test/target/test-dir/MiniOzoneClusterImpl-afc08962-9222-4e3d-8fb5-552b5e422aae/datanode-2/data/ratis/d175b42d-8d0e-41e9-9215-5c28e42f2ced: created new log segment /workdir/hadoop-ozone/integration-test/target/test-dir/MiniOzoneClusterImpl-afc08962-9222-4e3d-8fb5-552b5e422aae/datanode-2/data/ratis/d175b42d-8d0e-41e9-9215-5c28e42f2ced/current/log_inprogress_0
2019-09-12 10:21:00,291 [807fe137-5703-4ca0-bc4b-d1bf019678ec:group-856223D21564:LeaderElection4] INFO  impl.RoleInfo (RoleInfo.java:shutdownLeaderElection(134)) - 807fe137-5703-4ca0-bc4b-d1bf019678ec: shutdown LeaderElection
2019-09-12 10:21:00,291 [807fe137-5703-4ca0-bc4b-d1bf019678ec:group-856223D21564:LeaderElection4] INFO  impl.RaftServerImpl (RaftServerImpl.java:setRole(171)) - 807fe137-5703-4ca0-bc4b-d1bf019678ec:group-856223D21564 changes role from CANDIDATE to LEADER at term 1 for changeToLeader
2019-09-12 10:21:00,291 [807fe137-5703-4ca0-bc4b-d1bf019678ec:group-856223D21564:LeaderElection4] INFO  impl.RaftServerImpl (ServerState.java:setLeader(263)) - 807fe137-5703-4ca0-bc4b-d1bf019678ec:group-856223D21564 change Leader from null to 807fe137-5703-4ca0-bc4b-d1bf019678ec at term 1 for becomeLeader, leader elected after 5099ms
2019-09-12 10:21:00,291 [807fe137-5703-4ca0-bc4b-d1bf019678ec:group-856223D21564:LeaderElection4] INFO  server.RaftServerConfigKeys (ConfUtils.java:logGet(43)) - raft.server.staging.catchup.gap = 1000 (default)
2019-09-12 10:21:00,292 [807fe137-5703-4ca0-bc4b-d1bf019678ec:group-856223D21564:LeaderElection4] INFO  server.RaftServerConfigKeys (ConfUtils.java:logGet(43)) - raft.server.rpc.sleep.time = 25ms (default)
2019-09-12 10:21:00,292 [807fe137-5703-4ca0-bc4b-d1bf019678ec:group-856223D21564:LeaderElection4] INFO  server.RaftServerConfigKeys (ConfUtils.java:logGet(43)) - raft.server.write.element-limit = 4096 (default)
2019-09-12 10:21:00,292 [807fe137-5703-4ca0-bc4b-d1bf019678ec:group-856223D21564:LeaderElection4] INFO  server.RaftServerConfigKeys (ConfUtils.java:logGet(43)) - raft.server.watch.timeout = 10s (default)
2019-09-12 10:21:00,292 [807fe137-5703-4ca0-bc4b-d1bf019678ec:group-856223D21564:LeaderElection4] INFO  server.RaftServerConfigKeys (ConfUtils.java:logGet(43)) - raft.server.watch.timeout.denomination = 1s (default)
2019-09-12 10:21:00,292 [807fe137-5703-4ca0-bc4b-d1bf019678ec:group-856223D21564:LeaderElection4] INFO  server.RaftServerConfigKeys (ConfUtils.java:logGet(43)) - raft.server.watch.element-limit = 65536 (default)
2019-09-12 10:21:00,292 [807fe137-5703-4ca0-bc4b-d1bf019678ec:group-856223D21564:LeaderElection4] INFO  impl.RoleInfo (RoleInfo.java:updateAndGet(143)) - 807fe137-5703-4ca0-bc4b-d1bf019678ec: start LeaderState
2019-09-12 10:21:00,293 [807fe137-5703-4ca0-bc4b-d1bf019678ec:group-856223D21564:LeaderElection4] INFO  segmented.SegmentedRaftLogWorker (SegmentedRaftLogWorker.java:startLogSegment(380)) - 807fe137-5703-4ca0-bc4b-d1bf019678ec-SegmentedRaftLogWorker:Storage Directory /workdir/hadoop-ozone/integration-test/target/test-dir/MiniOzoneClusterImpl-afc08962-9222-4e3d-8fb5-552b5e422aae/datanode-0/data/ratis/93a07bd8-27b9-4892-8ebe-856223d21564: Starting segment from index:0
2019-09-12 10:21:00,294 [807fe137-5703-4ca0-bc4b-d1bf019678ec:group-856223D21564:LeaderElection4] INFO  impl.RaftServerImpl (ServerState.java:setRaftConf(361)) - 807fe137-5703-4ca0-bc4b-d1bf019678ec:group-856223D21564 set configuration 0: [807fe137-5703-4ca0-bc4b-d1bf019678ec:192.168.157.195:37427], old=null at 0
2019-09-12 10:21:00,330 [Thread-221] INFO  impl.FollowerState (FollowerState.java:run(106)) - 80f8a078-74d1-4787-8700-3441e69ebe61:group-0E650E7F5548 changes to CANDIDATE, lastRpcTime:5036, electionTimeout:5003ms
2019-09-12 10:21:00,332 [Thread-221] INFO  impl.RoleInfo (RoleInfo.java:shutdownFollowerState(121)) - 80f8a078-74d1-4787-8700-3441e69ebe61: shutdown FollowerState
2019-09-12 10:21:00,332 [Thread-221] INFO  impl.RaftServerImpl (RaftServerImpl.java:setRole(171)) - 80f8a078-74d1-4787-8700-3441e69ebe61:group-0E650E7F5548 changes role from FOLLOWER to CANDIDATE at term 0 for changeToCandidate
2019-09-12 10:21:00,332 [Thread-221] INFO  impl.RoleInfo (RoleInfo.java:updateAndGet(143)) - 80f8a078-74d1-4787-8700-3441e69ebe61: start LeaderElection
2019-09-12 10:21:00,343 [807fe137-5703-4ca0-bc4b-d1bf019678ec-SegmentedRaftLogWorker:Storage Directory /workdir/hadoop-ozone/integration-test/target/test-dir/MiniOzoneClusterImpl-afc08962-9222-4e3d-8fb5-552b5e422aae/datanode-0/data/ratis/93a07bd8-27b9-4892-8ebe-856223d21564] INFO  segmented.SegmentedRaftLogWorker (SegmentedRaftLogWorker.java:execute(569)) - 807fe137-5703-4ca0-bc4b-d1bf019678ec-SegmentedRaftLogWorker:Storage Directory /workdir/hadoop-ozone/integration-test/target/test-dir/MiniOzoneClusterImpl-afc08962-9222-4e3d-8fb5-552b5e422aae/datanode-0/data/ratis/93a07bd8-27b9-4892-8ebe-856223d21564: created new log segment /workdir/hadoop-ozone/integration-test/target/test-dir/MiniOzoneClusterImpl-afc08962-9222-4e3d-8fb5-552b5e422aae/datanode-0/data/ratis/93a07bd8-27b9-4892-8ebe-856223d21564/current/log_inprogress_0
2019-09-12 10:21:00,343 [80f8a078-74d1-4787-8700-3441e69ebe61:group-0E650E7F5548:LeaderElection5] INFO  impl.LeaderElection (LeaderElection.java:askForVotes(181)) - 80f8a078-74d1-4787-8700-3441e69ebe61:group-0E650E7F5548:LeaderElection5: begin an election at term 1 for -1: [80f8a078-74d1-4787-8700-3441e69ebe61:192.168.157.195:39355], old=null
2019-09-12 10:21:00,343 [80f8a078-74d1-4787-8700-3441e69ebe61:group-0E650E7F5548:LeaderElection5] INFO  impl.RoleInfo (RoleInfo.java:shutdownLeaderElection(134)) - 80f8a078-74d1-4787-8700-3441e69ebe61: shutdown LeaderElection
2019-09-12 10:21:00,343 [80f8a078-74d1-4787-8700-3441e69ebe61:group-0E650E7F5548:LeaderElection5] INFO  impl.RaftServerImpl (RaftServerImpl.java:setRole(171)) - 80f8a078-74d1-4787-8700-3441e69ebe61:group-0E650E7F5548 changes role from CANDIDATE to LEADER at term 1 for changeToLeader
2019-09-12 10:21:00,343 [80f8a078-74d1-4787-8700-3441e69ebe61:group-0E650E7F5548:LeaderElection5] INFO  impl.RaftServerImpl (ServerState.java:setLeader(263)) - 80f8a078-74d1-4787-8700-3441e69ebe61:group-0E650E7F5548 change Leader from null to 80f8a078-74d1-4787-8700-3441e69ebe61 at term 1 for becomeLeader, leader elected after 5056ms
2019-09-12 10:21:00,345 [80f8a078-74d1-4787-8700-3441e69ebe61:group-0E650E7F5548:LeaderElection5] INFO  server.RaftServerConfigKeys (ConfUtils.java:logGet(43)) - raft.server.staging.catchup.gap = 1000 (default)
2019-09-12 10:21:00,345 [80f8a078-74d1-4787-8700-3441e69ebe61:group-0E650E7F5548:LeaderElection5] INFO  server.RaftServerConfigKeys (ConfUtils.java:logGet(43)) - raft.server.rpc.sleep.time = 25ms (default)
2019-09-12 10:21:00,345 [80f8a078-74d1-4787-8700-3441e69ebe61:group-0E650E7F5548:LeaderElection5] INFO  server.RaftServerConfigKeys (ConfUtils.java:logGet(43)) - raft.server.write.element-limit = 4096 (default)
2019-09-12 10:21:00,345 [80f8a078-74d1-4787-8700-3441e69ebe61:group-0E650E7F5548:LeaderElection5] INFO  server.RaftServerConfigKeys (ConfUtils.java:logGet(43)) - raft.server.watch.timeout = 10s (default)
2019-09-12 10:21:00,346 [80f8a078-74d1-4787-8700-3441e69ebe61:group-0E650E7F5548:LeaderElection5] INFO  server.RaftServerConfigKeys (ConfUtils.java:logGet(43)) - raft.server.watch.timeout.denomination = 1s (default)
2019-09-12 10:21:00,346 [80f8a078-74d1-4787-8700-3441e69ebe61:group-0E650E7F5548:LeaderElection5] INFO  server.RaftServerConfigKeys (ConfUtils.java:logGet(43)) - raft.server.watch.element-limit = 65536 (default)
2019-09-12 10:21:00,346 [80f8a078-74d1-4787-8700-3441e69ebe61:group-0E650E7F5548:LeaderElection5] INFO  impl.RoleInfo (RoleInfo.java:updateAndGet(143)) - 80f8a078-74d1-4787-8700-3441e69ebe61: start LeaderState
2019-09-12 10:21:00,346 [80f8a078-74d1-4787-8700-3441e69ebe61:group-0E650E7F5548:LeaderElection5] INFO  segmented.SegmentedRaftLogWorker (SegmentedRaftLogWorker.java:startLogSegment(380)) - 80f8a078-74d1-4787-8700-3441e69ebe61-SegmentedRaftLogWorker:Storage Directory /workdir/hadoop-ozone/integration-test/target/test-dir/MiniOzoneClusterImpl-afc08962-9222-4e3d-8fb5-552b5e422aae/datanode-1/data/ratis/4a3af47f-86a2-437b-b35d-0e650e7f5548: Starting segment from index:0
2019-09-12 10:21:00,347 [80f8a078-74d1-4787-8700-3441e69ebe61:group-0E650E7F5548:LeaderElection5] INFO  impl.RaftServerImpl (ServerState.java:setRaftConf(361)) - 80f8a078-74d1-4787-8700-3441e69ebe61:group-0E650E7F5548 set configuration 0: [80f8a078-74d1-4787-8700-3441e69ebe61:192.168.157.195:39355], old=null at 0
2019-09-12 10:21:00,393 [80f8a078-74d1-4787-8700-3441e69ebe61-SegmentedRaftLogWorker:Storage Directory /workdir/hadoop-ozone/integration-test/target/test-dir/MiniOzoneClusterImpl-afc08962-9222-4e3d-8fb5-552b5e422aae/datanode-1/data/ratis/4a3af47f-86a2-437b-b35d-0e650e7f5548] INFO  segmented.SegmentedRaftLogWorker (SegmentedRaftLogWorker.java:execute(569)) - 80f8a078-74d1-4787-8700-3441e69ebe61-SegmentedRaftLogWorker:Storage Directory /workdir/hadoop-ozone/integration-test/target/test-dir/MiniOzoneClusterImpl-afc08962-9222-4e3d-8fb5-552b5e422aae/datanode-1/data/ratis/4a3af47f-86a2-437b-b35d-0e650e7f5548: created new log segment /workdir/hadoop-ozone/integration-test/target/test-dir/MiniOzoneClusterImpl-afc08962-9222-4e3d-8fb5-552b5e422aae/datanode-1/data/ratis/4a3af47f-86a2-437b-b35d-0e650e7f5548/current/log_inprogress_0
2019-09-12 10:21:00,459 [Thread-227] INFO  impl.FollowerState (FollowerState.java:run(106)) - 807fe137-5703-4ca0-bc4b-d1bf019678ec:group-C62A7AE207DD changes to CANDIDATE, lastRpcTime:5026, electionTimeout:5026ms
2019-09-12 10:21:00,459 [Thread-227] INFO  impl.RoleInfo (RoleInfo.java:shutdownFollowerState(121)) - 807fe137-5703-4ca0-bc4b-d1bf019678ec: shutdown FollowerState
2019-09-12 10:21:00,459 [Thread-227] INFO  impl.RaftServerImpl (RaftServerImpl.java:setRole(171)) - 807fe137-5703-4ca0-bc4b-d1bf019678ec:group-C62A7AE207DD changes role from FOLLOWER to CANDIDATE at term 0 for changeToCandidate
2019-09-12 10:21:00,460 [Thread-227] INFO  impl.RoleInfo (RoleInfo.java:updateAndGet(143)) - 807fe137-5703-4ca0-bc4b-d1bf019678ec: start LeaderElection
2019-09-12 10:21:00,468 | INFO  | SCMAudit | user=jenkins1000 | ip=192.168.157.195 | op=SEND_HEARTBEAT {datanodeUUID=3352c2aa-4491-4fbb-82ad-24b3d7cf0c84, command=[]} | ret=SUCCESS |  
2019-09-12 10:21:00,479 [807fe137-5703-4ca0-bc4b-d1bf019678ec:group-C62A7AE207DD:LeaderElection6] INFO  impl.LeaderElection (LeaderElection.java:askForVotes(181)) - 807fe137-5703-4ca0-bc4b-d1bf019678ec:group-C62A7AE207DD:LeaderElection6: begin an election at term 1 for -1: [807fe137-5703-4ca0-bc4b-d1bf019678ec:192.168.157.195:37427], old=null
2019-09-12 10:21:00,481 [807fe137-5703-4ca0-bc4b-d1bf019678ec:group-C62A7AE207DD:LeaderElection6] INFO  impl.RoleInfo (RoleInfo.java:shutdownLeaderElection(134)) - 807fe137-5703-4ca0-bc4b-d1bf019678ec: shutdown LeaderElection
2019-09-12 10:21:00,481 [807fe137-5703-4ca0-bc4b-d1bf019678ec:group-C62A7AE207DD:LeaderElection6] INFO  impl.RaftServerImpl (RaftServerImpl.java:setRole(171)) - 807fe137-5703-4ca0-bc4b-d1bf019678ec:group-C62A7AE207DD changes role from CANDIDATE to LEADER at term 1 for changeToLeader
2019-09-12 10:21:00,481 [807fe137-5703-4ca0-bc4b-d1bf019678ec:group-C62A7AE207DD:LeaderElection6] INFO  impl.RaftServerImpl (ServerState.java:setLeader(263)) - 807fe137-5703-4ca0-bc4b-d1bf019678ec:group-C62A7AE207DD change Leader from null to 807fe137-5703-4ca0-bc4b-d1bf019678ec at term 1 for becomeLeader, leader elected after 5054ms
2019-09-12 10:21:00,481 [807fe137-5703-4ca0-bc4b-d1bf019678ec:group-C62A7AE207DD:LeaderElection6] INFO  server.RaftServerConfigKeys (ConfUtils.java:logGet(43)) - raft.server.staging.catchup.gap = 1000 (default)
2019-09-12 10:21:00,482 [807fe137-5703-4ca0-bc4b-d1bf019678ec:group-C62A7AE207DD:LeaderElection6] INFO  server.RaftServerConfigKeys (ConfUtils.java:logGet(43)) - raft.server.rpc.sleep.time = 25ms (default)
2019-09-12 10:21:00,482 [807fe137-5703-4ca0-bc4b-d1bf019678ec:group-C62A7AE207DD:LeaderElection6] INFO  server.RaftServerConfigKeys (ConfUtils.java:logGet(43)) - raft.server.write.element-limit = 4096 (default)
2019-09-12 10:21:00,482 [807fe137-5703-4ca0-bc4b-d1bf019678ec:group-C62A7AE207DD:LeaderElection6] INFO  server.RaftServerConfigKeys (ConfUtils.java:logGet(43)) - raft.server.watch.timeout = 10s (default)
2019-09-12 10:21:00,482 [807fe137-5703-4ca0-bc4b-d1bf019678ec:group-C62A7AE207DD:LeaderElection6] INFO  server.RaftServerConfigKeys (ConfUtils.java:logGet(43)) - raft.server.watch.timeout.denomination = 1s (default)
2019-09-12 10:21:00,482 [807fe137-5703-4ca0-bc4b-d1bf019678ec:group-C62A7AE207DD:LeaderElection6] INFO  server.RaftServerConfigKeys (ConfUtils.java:logGet(43)) - raft.server.watch.element-limit = 65536 (default)
2019-09-12 10:21:00,483 [807fe137-5703-4ca0-bc4b-d1bf019678ec:group-C62A7AE207DD:LeaderElection6] INFO  impl.RoleInfo (RoleInfo.java:updateAndGet(143)) - 807fe137-5703-4ca0-bc4b-d1bf019678ec: start LeaderState
2019-09-12 10:21:00,483 [807fe137-5703-4ca0-bc4b-d1bf019678ec:group-C62A7AE207DD:LeaderElection6] INFO  segmented.SegmentedRaftLogWorker (SegmentedRaftLogWorker.java:startLogSegment(380)) - 807fe137-5703-4ca0-bc4b-d1bf019678ec-SegmentedRaftLogWorker:Storage Directory /workdir/hadoop-ozone/integration-test/target/test-dir/MiniOzoneClusterImpl-afc08962-9222-4e3d-8fb5-552b5e422aae/datanode-0/data/ratis/42e7e8ed-f34d-46c0-95d4-c62a7ae207dd: Starting segment from index:0
2019-09-12 10:21:00,484 [807fe137-5703-4ca0-bc4b-d1bf019678ec:group-C62A7AE207DD:LeaderElection6] INFO  impl.RaftServerImpl (ServerState.java:setRaftConf(361)) - 807fe137-5703-4ca0-bc4b-d1bf019678ec:group-C62A7AE207DD set configuration 0: [807fe137-5703-4ca0-bc4b-d1bf019678ec:192.168.157.195:37427], old=null at 0
2019-09-12 10:21:00,538 [Thread-224] INFO  impl.FollowerState (FollowerState.java:run(106)) - 6ee6d104-7057-4fca-83c0-db864f4c6adb:group-E513BF5E5857 changes to CANDIDATE, lastRpcTime:5175, electionTimeout:5175ms
2019-09-12 10:21:00,538 [Thread-224] INFO  impl.RoleInfo (RoleInfo.java:shutdownFollowerState(121)) - 6ee6d104-7057-4fca-83c0-db864f4c6adb: shutdown FollowerState
2019-09-12 10:21:00,538 [Thread-224] INFO  impl.RaftServerImpl (RaftServerImpl.java:setRole(171)) - 6ee6d104-7057-4fca-83c0-db864f4c6adb:group-E513BF5E5857 changes role from FOLLOWER to CANDIDATE at term 0 for changeToCandidate
2019-09-12 10:21:00,539 [Thread-224] INFO  impl.RoleInfo (RoleInfo.java:updateAndGet(143)) - 6ee6d104-7057-4fca-83c0-db864f4c6adb: start LeaderElection
2019-09-12 10:21:00,557 [6ee6d104-7057-4fca-83c0-db864f4c6adb:group-E513BF5E5857:LeaderElection7] INFO  impl.LeaderElection (LeaderElection.java:askForVotes(181)) - 6ee6d104-7057-4fca-83c0-db864f4c6adb:group-E513BF5E5857:LeaderElection7: begin an election at term 1 for -1: [6ee6d104-7057-4fca-83c0-db864f4c6adb:192.168.157.195:35734], old=null
2019-09-12 10:21:00,557 [807fe137-5703-4ca0-bc4b-d1bf019678ec-SegmentedRaftLogWorker:Storage Directory /workdir/hadoop-ozone/integration-test/target/test-dir/MiniOzoneClusterImpl-afc08962-9222-4e3d-8fb5-552b5e422aae/datanode-0/data/ratis/42e7e8ed-f34d-46c0-95d4-c62a7ae207dd] INFO  segmented.SegmentedRaftLogWorker (SegmentedRaftLogWorker.java:execute(569)) - 807fe137-5703-4ca0-bc4b-d1bf019678ec-SegmentedRaftLogWorker:Storage Directory /workdir/hadoop-ozone/integration-test/target/test-dir/MiniOzoneClusterImpl-afc08962-9222-4e3d-8fb5-552b5e422aae/datanode-0/data/ratis/42e7e8ed-f34d-46c0-95d4-c62a7ae207dd: created new log segment /workdir/hadoop-ozone/integration-test/target/test-dir/MiniOzoneClusterImpl-afc08962-9222-4e3d-8fb5-552b5e422aae/datanode-0/data/ratis/42e7e8ed-f34d-46c0-95d4-c62a7ae207dd/current/log_inprogress_0
2019-09-12 10:21:00,557 [6ee6d104-7057-4fca-83c0-db864f4c6adb:group-E513BF5E5857:LeaderElection7] INFO  impl.RoleInfo (RoleInfo.java:shutdownLeaderElection(134)) - 6ee6d104-7057-4fca-83c0-db864f4c6adb: shutdown LeaderElection
2019-09-12 10:21:00,559 [6ee6d104-7057-4fca-83c0-db864f4c6adb:group-E513BF5E5857:LeaderElection7] INFO  impl.RaftServerImpl (RaftServerImpl.java:setRole(171)) - 6ee6d104-7057-4fca-83c0-db864f4c6adb:group-E513BF5E5857 changes role from CANDIDATE to LEADER at term 1 for changeToLeader
2019-09-12 10:21:00,560 [6ee6d104-7057-4fca-83c0-db864f4c6adb:group-E513BF5E5857:LeaderElection7] INFO  impl.RaftServerImpl (ServerState.java:setLeader(263)) - 6ee6d104-7057-4fca-83c0-db864f4c6adb:group-E513BF5E5857 change Leader from null to 6ee6d104-7057-4fca-83c0-db864f4c6adb at term 1 for becomeLeader, leader elected after 5201ms
2019-09-12 10:21:00,561 [6ee6d104-7057-4fca-83c0-db864f4c6adb:group-E513BF5E5857:LeaderElection7] INFO  server.RaftServerConfigKeys (ConfUtils.java:logGet(43)) - raft.server.staging.catchup.gap = 1000 (default)
2019-09-12 10:21:00,561 [6ee6d104-7057-4fca-83c0-db864f4c6adb:group-E513BF5E5857:LeaderElection7] INFO  server.RaftServerConfigKeys (ConfUtils.java:logGet(43)) - raft.server.rpc.sleep.time = 25ms (default)
2019-09-12 10:21:00,562 [6ee6d104-7057-4fca-83c0-db864f4c6adb:group-E513BF5E5857:LeaderElection7] INFO  server.RaftServerConfigKeys (ConfUtils.java:logGet(43)) - raft.server.write.element-limit = 4096 (default)
2019-09-12 10:21:00,562 [6ee6d104-7057-4fca-83c0-db864f4c6adb:group-E513BF5E5857:LeaderElection7] INFO  server.RaftServerConfigKeys (ConfUtils.java:logGet(43)) - raft.server.watch.timeout = 10s (default)
2019-09-12 10:21:00,562 [6ee6d104-7057-4fca-83c0-db864f4c6adb:group-E513BF5E5857:LeaderElection7] INFO  server.RaftServerConfigKeys (ConfUtils.java:logGet(43)) - raft.server.watch.timeout.denomination = 1s (default)
2019-09-12 10:21:00,562 | INFO  | SCMAudit | user=jenkins1000 | ip=192.168.157.195 | op=SEND_HEARTBEAT {datanodeUUID=2d34cfa1-ae82-414b-bae6-717ee002fe05, command=[]} | ret=SUCCESS |  
2019-09-12 10:21:00,562 [6ee6d104-7057-4fca-83c0-db864f4c6adb:group-E513BF5E5857:LeaderElection7] INFO  server.RaftServerConfigKeys (ConfUtils.java:logGet(43)) - raft.server.watch.element-limit = 65536 (default)
2019-09-12 10:21:00,563 [6ee6d104-7057-4fca-83c0-db864f4c6adb:group-E513BF5E5857:LeaderElection7] INFO  impl.RoleInfo (RoleInfo.java:updateAndGet(143)) - 6ee6d104-7057-4fca-83c0-db864f4c6adb: start LeaderState
2019-09-12 10:21:00,563 [6ee6d104-7057-4fca-83c0-db864f4c6adb:group-E513BF5E5857:LeaderElection7] INFO  segmented.SegmentedRaftLogWorker (SegmentedRaftLogWorker.java:startLogSegment(380)) - 6ee6d104-7057-4fca-83c0-db864f4c6adb-SegmentedRaftLogWorker:Storage Directory /workdir/hadoop-ozone/integration-test/target/test-dir/MiniOzoneClusterImpl-afc08962-9222-4e3d-8fb5-552b5e422aae/datanode-2/data/ratis/4679e09d-5147-4b2a-896f-e513bf5e5857: Starting segment from index:0
2019-09-12 10:21:00,563 [6ee6d104-7057-4fca-83c0-db864f4c6adb:group-E513BF5E5857:LeaderElection7] INFO  impl.RaftServerImpl (ServerState.java:setRaftConf(361)) - 6ee6d104-7057-4fca-83c0-db864f4c6adb:group-E513BF5E5857 set configuration 0: [6ee6d104-7057-4fca-83c0-db864f4c6adb:192.168.157.195:35734], old=null at 0
2019-09-12 10:21:00,606 [Thread-233] INFO  impl.FollowerState (FollowerState.java:run(106)) - 6ee6d104-7057-4fca-83c0-db864f4c6adb:group-624D266E46A5 changes to CANDIDATE, lastRpcTime:5035, electionTimeout:5033ms
2019-09-12 10:21:00,608 [Thread-233] INFO  impl.RoleInfo (RoleInfo.java:shutdownFollowerState(121)) - 6ee6d104-7057-4fca-83c0-db864f4c6adb: shutdown FollowerState
2019-09-12 10:21:00,608 [Thread-233] INFO  impl.RaftServerImpl (RaftServerImpl.java:setRole(171)) - 6ee6d104-7057-4fca-83c0-db864f4c6adb:group-624D266E46A5 changes role from FOLLOWER to CANDIDATE at term 0 for changeToCandidate
2019-09-12 10:21:00,608 [Thread-233] INFO  impl.RoleInfo (RoleInfo.java:updateAndGet(143)) - 6ee6d104-7057-4fca-83c0-db864f4c6adb: start LeaderElection
2019-09-12 10:21:00,621 [6ee6d104-7057-4fca-83c0-db864f4c6adb-SegmentedRaftLogWorker:Storage Directory /workdir/hadoop-ozone/integration-test/target/test-dir/MiniOzoneClusterImpl-afc08962-9222-4e3d-8fb5-552b5e422aae/datanode-2/data/ratis/4679e09d-5147-4b2a-896f-e513bf5e5857] INFO  segmented.SegmentedRaftLogWorker (SegmentedRaftLogWorker.java:execute(569)) - 6ee6d104-7057-4fca-83c0-db864f4c6adb-SegmentedRaftLogWorker:Storage Directory /workdir/hadoop-ozone/integration-test/target/test-dir/MiniOzoneClusterImpl-afc08962-9222-4e3d-8fb5-552b5e422aae/datanode-2/data/ratis/4679e09d-5147-4b2a-896f-e513bf5e5857: created new log segment /workdir/hadoop-ozone/integration-test/target/test-dir/MiniOzoneClusterImpl-afc08962-9222-4e3d-8fb5-552b5e422aae/datanode-2/data/ratis/4679e09d-5147-4b2a-896f-e513bf5e5857/current/log_inprogress_0
2019-09-12 10:21:00,621 [6ee6d104-7057-4fca-83c0-db864f4c6adb:group-624D266E46A5:LeaderElection8] INFO  impl.LeaderElection (LeaderElection.java:askForVotes(181)) - 6ee6d104-7057-4fca-83c0-db864f4c6adb:group-624D266E46A5:LeaderElection8: begin an election at term 1 for -1: [6ee6d104-7057-4fca-83c0-db864f4c6adb:192.168.157.195:35734], old=null
2019-09-12 10:21:00,622 [6ee6d104-7057-4fca-83c0-db864f4c6adb:group-624D266E46A5:LeaderElection8] INFO  impl.RoleInfo (RoleInfo.java:shutdownLeaderElection(134)) - 6ee6d104-7057-4fca-83c0-db864f4c6adb: shutdown LeaderElection
2019-09-12 10:21:00,622 [6ee6d104-7057-4fca-83c0-db864f4c6adb:group-624D266E46A5:LeaderElection8] INFO  impl.RaftServerImpl (RaftServerImpl.java:setRole(171)) - 6ee6d104-7057-4fca-83c0-db864f4c6adb:group-624D266E46A5 changes role from CANDIDATE to LEADER at term 1 for changeToLeader
2019-09-12 10:21:00,622 [6ee6d104-7057-4fca-83c0-db864f4c6adb:group-624D266E46A5:LeaderElection8] INFO  impl.RaftServerImpl (ServerState.java:setLeader(263)) - 6ee6d104-7057-4fca-83c0-db864f4c6adb:group-624D266E46A5 change Leader from null to 6ee6d104-7057-4fca-83c0-db864f4c6adb at term 1 for becomeLeader, leader elected after 5055ms
2019-09-12 10:21:00,622 [6ee6d104-7057-4fca-83c0-db864f4c6adb:group-624D266E46A5:LeaderElection8] INFO  server.RaftServerConfigKeys (ConfUtils.java:logGet(43)) - raft.server.staging.catchup.gap = 1000 (default)
2019-09-12 10:21:00,622 [6ee6d104-7057-4fca-83c0-db864f4c6adb:group-624D266E46A5:LeaderElection8] INFO  server.RaftServerConfigKeys (ConfUtils.java:logGet(43)) - raft.server.rpc.sleep.time = 25ms (default)
2019-09-12 10:21:00,623 [6ee6d104-7057-4fca-83c0-db864f4c6adb:group-624D266E46A5:LeaderElection8] INFO  server.RaftServerConfigKeys (ConfUtils.java:logGet(43)) - raft.server.write.element-limit = 4096 (default)
2019-09-12 10:21:00,623 [6ee6d104-7057-4fca-83c0-db864f4c6adb:group-624D266E46A5:LeaderElection8] INFO  server.RaftServerConfigKeys (ConfUtils.java:logGet(43)) - raft.server.watch.timeout = 10s (default)
2019-09-12 10:21:00,623 [6ee6d104-7057-4fca-83c0-db864f4c6adb:group-624D266E46A5:LeaderElection8] INFO  server.RaftServerConfigKeys (ConfUtils.java:logGet(43)) - raft.server.watch.timeout.denomination = 1s (default)
2019-09-12 10:21:00,623 [6ee6d104-7057-4fca-83c0-db864f4c6adb:group-624D266E46A5:LeaderElection8] INFO  server.RaftServerConfigKeys (ConfUtils.java:logGet(43)) - raft.server.watch.element-limit = 65536 (default)
2019-09-12 10:21:00,624 [6ee6d104-7057-4fca-83c0-db864f4c6adb:group-624D266E46A5:LeaderElection8] INFO  impl.RoleInfo (RoleInfo.java:updateAndGet(143)) - 6ee6d104-7057-4fca-83c0-db864f4c6adb: start LeaderState
2019-09-12 10:21:00,624 [6ee6d104-7057-4fca-83c0-db864f4c6adb:group-624D266E46A5:LeaderElection8] INFO  segmented.SegmentedRaftLogWorker (SegmentedRaftLogWorker.java:startLogSegment(380)) - 6ee6d104-7057-4fca-83c0-db864f4c6adb-SegmentedRaftLogWorker:Storage Directory /workdir/hadoop-ozone/integration-test/target/test-dir/MiniOzoneClusterImpl-afc08962-9222-4e3d-8fb5-552b5e422aae/datanode-2/data/ratis/61b3fcec-320e-4334-92be-624d266e46a5: Starting segment from index:0
2019-09-12 10:21:00,624 [6ee6d104-7057-4fca-83c0-db864f4c6adb:group-624D266E46A5:LeaderElection8] INFO  impl.RaftServerImpl (ServerState.java:setRaftConf(361)) - 6ee6d104-7057-4fca-83c0-db864f4c6adb:group-624D266E46A5 set configuration 0: [6ee6d104-7057-4fca-83c0-db864f4c6adb:192.168.157.195:35734], old=null at 0
2019-09-12 10:21:00,663 [Thread-230] INFO  impl.FollowerState (FollowerState.java:run(106)) - 807fe137-5703-4ca0-bc4b-d1bf019678ec:group-10CFC2D939B2 changes to CANDIDATE, lastRpcTime:5160, electionTimeout:5155ms
2019-09-12 10:21:00,665 [Thread-230] INFO  impl.RoleInfo (RoleInfo.java:shutdownFollowerState(121)) - 807fe137-5703-4ca0-bc4b-d1bf019678ec: shutdown FollowerState
2019-09-12 10:21:00,665 [Thread-230] INFO  impl.RaftServerImpl (RaftServerImpl.java:setRole(171)) - 807fe137-5703-4ca0-bc4b-d1bf019678ec:group-10CFC2D939B2 changes role from FOLLOWER to CANDIDATE at term 0 for changeToCandidate
2019-09-12 10:21:00,665 [Thread-230] INFO  impl.RoleInfo (RoleInfo.java:updateAndGet(143)) - 807fe137-5703-4ca0-bc4b-d1bf019678ec: start LeaderElection
2019-09-12 10:21:00,672 | INFO  | SCMAudit | user=jenkins1000 | ip=192.168.157.195 | op=SEND_HEARTBEAT {datanodeUUID=807fe137-5703-4ca0-bc4b-d1bf019678ec, command=[]} | ret=SUCCESS |  
2019-09-12 10:21:00,678 [6ee6d104-7057-4fca-83c0-db864f4c6adb-SegmentedRaftLogWorker:Storage Directory /workdir/hadoop-ozone/integration-test/target/test-dir/MiniOzoneClusterImpl-afc08962-9222-4e3d-8fb5-552b5e422aae/datanode-2/data/ratis/61b3fcec-320e-4334-92be-624d266e46a5] INFO  segmented.SegmentedRaftLogWorker (SegmentedRaftLogWorker.java:execute(569)) - 6ee6d104-7057-4fca-83c0-db864f4c6adb-SegmentedRaftLogWorker:Storage Directory /workdir/hadoop-ozone/integration-test/target/test-dir/MiniOzoneClusterImpl-afc08962-9222-4e3d-8fb5-552b5e422aae/datanode-2/data/ratis/61b3fcec-320e-4334-92be-624d266e46a5: created new log segment /workdir/hadoop-ozone/integration-test/target/test-dir/MiniOzoneClusterImpl-afc08962-9222-4e3d-8fb5-552b5e422aae/datanode-2/data/ratis/61b3fcec-320e-4334-92be-624d266e46a5/current/log_inprogress_0
2019-09-12 10:21:00,678 [807fe137-5703-4ca0-bc4b-d1bf019678ec:group-10CFC2D939B2:LeaderElection9] INFO  impl.LeaderElection (LeaderElection.java:askForVotes(181)) - 807fe137-5703-4ca0-bc4b-d1bf019678ec:group-10CFC2D939B2:LeaderElection9: begin an election at term 1 for -1: [807fe137-5703-4ca0-bc4b-d1bf019678ec:192.168.157.195:37427], old=null
2019-09-12 10:21:00,679 [807fe137-5703-4ca0-bc4b-d1bf019678ec:group-10CFC2D939B2:LeaderElection9] INFO  impl.RoleInfo (RoleInfo.java:shutdownLeaderElection(134)) - 807fe137-5703-4ca0-bc4b-d1bf019678ec: shutdown LeaderElection
2019-09-12 10:21:00,679 [807fe137-5703-4ca0-bc4b-d1bf019678ec:group-10CFC2D939B2:LeaderElection9] INFO  impl.RaftServerImpl (RaftServerImpl.java:setRole(171)) - 807fe137-5703-4ca0-bc4b-d1bf019678ec:group-10CFC2D939B2 changes role from CANDIDATE to LEADER at term 1 for changeToLeader
2019-09-12 10:21:00,679 [807fe137-5703-4ca0-bc4b-d1bf019678ec:group-10CFC2D939B2:LeaderElection9] INFO  impl.RaftServerImpl (ServerState.java:setLeader(263)) - 807fe137-5703-4ca0-bc4b-d1bf019678ec:group-10CFC2D939B2 change Leader from null to 807fe137-5703-4ca0-bc4b-d1bf019678ec at term 1 for becomeLeader, leader elected after 5185ms
2019-09-12 10:21:00,680 [807fe137-5703-4ca0-bc4b-d1bf019678ec:group-10CFC2D939B2:LeaderElection9] INFO  server.RaftServerConfigKeys (ConfUtils.java:logGet(43)) - raft.server.staging.catchup.gap = 1000 (default)
2019-09-12 10:21:00,680 [807fe137-5703-4ca0-bc4b-d1bf019678ec:group-10CFC2D939B2:LeaderElection9] INFO  server.RaftServerConfigKeys (ConfUtils.java:logGet(43)) - raft.server.rpc.sleep.time = 25ms (default)
2019-09-12 10:21:00,680 [807fe137-5703-4ca0-bc4b-d1bf019678ec:group-10CFC2D939B2:LeaderElection9] INFO  server.RaftServerConfigKeys (ConfUtils.java:logGet(43)) - raft.server.write.element-limit = 4096 (default)
2019-09-12 10:21:00,681 [807fe137-5703-4ca0-bc4b-d1bf019678ec:group-10CFC2D939B2:LeaderElection9] INFO  server.RaftServerConfigKeys (ConfUtils.java:logGet(43)) - raft.server.watch.timeout = 10s (default)
2019-09-12 10:21:00,681 [807fe137-5703-4ca0-bc4b-d1bf019678ec:group-10CFC2D939B2:LeaderElection9] INFO  server.RaftServerConfigKeys (ConfUtils.java:logGet(43)) - raft.server.watch.timeout.denomination = 1s (default)
2019-09-12 10:21:00,681 [807fe137-5703-4ca0-bc4b-d1bf019678ec:group-10CFC2D939B2:LeaderElection9] INFO  server.RaftServerConfigKeys (ConfUtils.java:logGet(43)) - raft.server.watch.element-limit = 65536 (default)
2019-09-12 10:21:00,682 [807fe137-5703-4ca0-bc4b-d1bf019678ec:group-10CFC2D939B2:LeaderElection9] INFO  impl.RoleInfo (RoleInfo.java:updateAndGet(143)) - 807fe137-5703-4ca0-bc4b-d1bf019678ec: start LeaderState
2019-09-12 10:21:00,682 [807fe137-5703-4ca0-bc4b-d1bf019678ec:group-10CFC2D939B2:LeaderElection9] INFO  segmented.SegmentedRaftLogWorker (SegmentedRaftLogWorker.java:startLogSegment(380)) - 807fe137-5703-4ca0-bc4b-d1bf019678ec-SegmentedRaftLogWorker:Storage Directory /workdir/hadoop-ozone/integration-test/target/test-dir/MiniOzoneClusterImpl-afc08962-9222-4e3d-8fb5-552b5e422aae/datanode-0/data/ratis/016c1904-8c8b-4da3-8319-10cfc2d939b2: Starting segment from index:0
2019-09-12 10:21:00,683 [807fe137-5703-4ca0-bc4b-d1bf019678ec:group-10CFC2D939B2:LeaderElection9] INFO  impl.RaftServerImpl (ServerState.java:setRaftConf(361)) - 807fe137-5703-4ca0-bc4b-d1bf019678ec:group-10CFC2D939B2 set configuration 0: [807fe137-5703-4ca0-bc4b-d1bf019678ec:192.168.157.195:37427], old=null at 0
2019-09-12 10:21:00,724 [Thread-236] INFO  impl.FollowerState (FollowerState.java:run(106)) - 6ee6d104-7057-4fca-83c0-db864f4c6adb:group-F2E85F765ED9 changes to CANDIDATE, lastRpcTime:5090, electionTimeout:5080ms
2019-09-12 10:21:00,726 [Thread-236] INFO  impl.RoleInfo (RoleInfo.java:shutdownFollowerState(121)) - 6ee6d104-7057-4fca-83c0-db864f4c6adb: shutdown FollowerState
2019-09-12 10:21:00,726 [Thread-236] INFO  impl.RaftServerImpl (RaftServerImpl.java:setRole(171)) - 6ee6d104-7057-4fca-83c0-db864f4c6adb:group-F2E85F765ED9 changes role from FOLLOWER to CANDIDATE at term 0 for changeToCandidate
2019-09-12 10:21:00,727 [Thread-236] INFO  impl.RoleInfo (RoleInfo.java:updateAndGet(143)) - 6ee6d104-7057-4fca-83c0-db864f4c6adb: start LeaderElection
2019-09-12 10:21:00,737 [807fe137-5703-4ca0-bc4b-d1bf019678ec-SegmentedRaftLogWorker:Storage Directory /workdir/hadoop-ozone/integration-test/target/test-dir/MiniOzoneClusterImpl-afc08962-9222-4e3d-8fb5-552b5e422aae/datanode-0/data/ratis/016c1904-8c8b-4da3-8319-10cfc2d939b2] INFO  segmented.SegmentedRaftLogWorker (SegmentedRaftLogWorker.java:execute(569)) - 807fe137-5703-4ca0-bc4b-d1bf019678ec-SegmentedRaftLogWorker:Storage Directory /workdir/hadoop-ozone/integration-test/target/test-dir/MiniOzoneClusterImpl-afc08962-9222-4e3d-8fb5-552b5e422aae/datanode-0/data/ratis/016c1904-8c8b-4da3-8319-10cfc2d939b2: created new log segment /workdir/hadoop-ozone/integration-test/target/test-dir/MiniOzoneClusterImpl-afc08962-9222-4e3d-8fb5-552b5e422aae/datanode-0/data/ratis/016c1904-8c8b-4da3-8319-10cfc2d939b2/current/log_inprogress_0
2019-09-12 10:21:00,737 [6ee6d104-7057-4fca-83c0-db864f4c6adb:group-F2E85F765ED9:LeaderElection10] INFO  impl.LeaderElection (LeaderElection.java:askForVotes(181)) - 6ee6d104-7057-4fca-83c0-db864f4c6adb:group-F2E85F765ED9:LeaderElection10: begin an election at term 1 for -1: [6ee6d104-7057-4fca-83c0-db864f4c6adb:192.168.157.195:35734], old=null
2019-09-12 10:21:00,738 [6ee6d104-7057-4fca-83c0-db864f4c6adb:group-F2E85F765ED9:LeaderElection10] INFO  impl.RoleInfo (RoleInfo.java:shutdownLeaderElection(134)) - 6ee6d104-7057-4fca-83c0-db864f4c6adb: shutdown LeaderElection
2019-09-12 10:21:00,738 [6ee6d104-7057-4fca-83c0-db864f4c6adb:group-F2E85F765ED9:LeaderElection10] INFO  impl.RaftServerImpl (RaftServerImpl.java:setRole(171)) - 6ee6d104-7057-4fca-83c0-db864f4c6adb:group-F2E85F765ED9 changes role from CANDIDATE to LEADER at term 1 for changeToLeader
2019-09-12 10:21:00,738 [6ee6d104-7057-4fca-83c0-db864f4c6adb:group-F2E85F765ED9:LeaderElection10] INFO  impl.RaftServerImpl (ServerState.java:setLeader(263)) - 6ee6d104-7057-4fca-83c0-db864f4c6adb:group-F2E85F765ED9 change Leader from null to 6ee6d104-7057-4fca-83c0-db864f4c6adb at term 1 for becomeLeader, leader elected after 5109ms
2019-09-12 10:21:00,738 [6ee6d104-7057-4fca-83c0-db864f4c6adb:group-F2E85F765ED9:LeaderElection10] INFO  server.RaftServerConfigKeys (ConfUtils.java:logGet(43)) - raft.server.staging.catchup.gap = 1000 (default)
2019-09-12 10:21:00,738 [6ee6d104-7057-4fca-83c0-db864f4c6adb:group-F2E85F765ED9:LeaderElection10] INFO  server.RaftServerConfigKeys (ConfUtils.java:logGet(43)) - raft.server.rpc.sleep.time = 25ms (default)
2019-09-12 10:21:00,739 [6ee6d104-7057-4fca-83c0-db864f4c6adb:group-F2E85F765ED9:LeaderElection10] INFO  server.RaftServerConfigKeys (ConfUtils.java:logGet(43)) - raft.server.write.element-limit = 4096 (default)
2019-09-12 10:21:00,739 [6ee6d104-7057-4fca-83c0-db864f4c6adb:group-F2E85F765ED9:LeaderElection10] INFO  server.RaftServerConfigKeys (ConfUtils.java:logGet(43)) - raft.server.watch.timeout = 10s (default)
2019-09-12 10:21:00,739 [6ee6d104-7057-4fca-83c0-db864f4c6adb:group-F2E85F765ED9:LeaderElection10] INFO  server.RaftServerConfigKeys (ConfUtils.java:logGet(43)) - raft.server.watch.timeout.denomination = 1s (default)
2019-09-12 10:21:00,739 [6ee6d104-7057-4fca-83c0-db864f4c6adb:group-F2E85F765ED9:LeaderElection10] INFO  server.RaftServerConfigKeys (ConfUtils.java:logGet(43)) - raft.server.watch.element-limit = 65536 (default)
2019-09-12 10:21:00,740 [6ee6d104-7057-4fca-83c0-db864f4c6adb:group-F2E85F765ED9:LeaderElection10] INFO  impl.RoleInfo (RoleInfo.java:updateAndGet(143)) - 6ee6d104-7057-4fca-83c0-db864f4c6adb: start LeaderState
2019-09-12 10:21:00,740 [6ee6d104-7057-4fca-83c0-db864f4c6adb:group-F2E85F765ED9:LeaderElection10] INFO  segmented.SegmentedRaftLogWorker (SegmentedRaftLogWorker.java:startLogSegment(380)) - 6ee6d104-7057-4fca-83c0-db864f4c6adb-SegmentedRaftLogWorker:Storage Directory /workdir/hadoop-ozone/integration-test/target/test-dir/MiniOzoneClusterImpl-afc08962-9222-4e3d-8fb5-552b5e422aae/datanode-2/data/ratis/4cc56520-b186-43f9-9f89-f2e85f765ed9: Starting segment from index:0
2019-09-12 10:21:00,741 [6ee6d104-7057-4fca-83c0-db864f4c6adb:group-F2E85F765ED9:LeaderElection10] INFO  impl.RaftServerImpl (ServerState.java:setRaftConf(361)) - 6ee6d104-7057-4fca-83c0-db864f4c6adb:group-F2E85F765ED9 set configuration 0: [6ee6d104-7057-4fca-83c0-db864f4c6adb:192.168.157.195:35734], old=null at 0
2019-09-12 10:21:00,782 [Thread-239] INFO  impl.FollowerState (FollowerState.java:run(106)) - 2d34cfa1-ae82-414b-bae6-717ee002fe05:group-43ACD40DDEDB changes to CANDIDATE, lastRpcTime:5077, electionTimeout:5039ms
2019-09-12 10:21:00,789 [Thread-239] INFO  impl.RoleInfo (RoleInfo.java:shutdownFollowerState(121)) - 2d34cfa1-ae82-414b-bae6-717ee002fe05: shutdown FollowerState
2019-09-12 10:21:00,789 [Thread-239] INFO  impl.RaftServerImpl (RaftServerImpl.java:setRole(171)) - 2d34cfa1-ae82-414b-bae6-717ee002fe05:group-43ACD40DDEDB changes role from FOLLOWER to CANDIDATE at term 0 for changeToCandidate
2019-09-12 10:21:00,790 [Thread-239] INFO  impl.RoleInfo (RoleInfo.java:updateAndGet(143)) - 2d34cfa1-ae82-414b-bae6-717ee002fe05: start LeaderElection
2019-09-12 10:21:00,795 [6ee6d104-7057-4fca-83c0-db864f4c6adb-SegmentedRaftLogWorker:Storage Directory /workdir/hadoop-ozone/integration-test/target/test-dir/MiniOzoneClusterImpl-afc08962-9222-4e3d-8fb5-552b5e422aae/datanode-2/data/ratis/4cc56520-b186-43f9-9f89-f2e85f765ed9] INFO  segmented.SegmentedRaftLogWorker (SegmentedRaftLogWorker.java:execute(569)) - 6ee6d104-7057-4fca-83c0-db864f4c6adb-SegmentedRaftLogWorker:Storage Directory /workdir/hadoop-ozone/integration-test/target/test-dir/MiniOzoneClusterImpl-afc08962-9222-4e3d-8fb5-552b5e422aae/datanode-2/data/ratis/4cc56520-b186-43f9-9f89-f2e85f765ed9: created new log segment /workdir/hadoop-ozone/integration-test/target/test-dir/MiniOzoneClusterImpl-afc08962-9222-4e3d-8fb5-552b5e422aae/datanode-2/data/ratis/4cc56520-b186-43f9-9f89-f2e85f765ed9/current/log_inprogress_0
2019-09-12 10:21:00,798 [2d34cfa1-ae82-414b-bae6-717ee002fe05:group-43ACD40DDEDB:LeaderElection11] INFO  impl.LeaderElection (LeaderElection.java:askForVotes(181)) - 2d34cfa1-ae82-414b-bae6-717ee002fe05:group-43ACD40DDEDB:LeaderElection11: begin an election at term 1 for -1: [2d34cfa1-ae82-414b-bae6-717ee002fe05:192.168.157.195:46440], old=null
2019-09-12 10:21:00,798 [2d34cfa1-ae82-414b-bae6-717ee002fe05:group-43ACD40DDEDB:LeaderElection11] INFO  impl.RoleInfo (RoleInfo.java:shutdownLeaderElection(134)) - 2d34cfa1-ae82-414b-bae6-717ee002fe05: shutdown LeaderElection
2019-09-12 10:21:00,799 [2d34cfa1-ae82-414b-bae6-717ee002fe05:group-43ACD40DDEDB:LeaderElection11] INFO  impl.RaftServerImpl (RaftServerImpl.java:setRole(171)) - 2d34cfa1-ae82-414b-bae6-717ee002fe05:group-43ACD40DDEDB changes role from CANDIDATE to LEADER at term 1 for changeToLeader
2019-09-12 10:21:00,799 [2d34cfa1-ae82-414b-bae6-717ee002fe05:group-43ACD40DDEDB:LeaderElection11] INFO  impl.RaftServerImpl (ServerState.java:setLeader(263)) - 2d34cfa1-ae82-414b-bae6-717ee002fe05:group-43ACD40DDEDB change Leader from null to 2d34cfa1-ae82-414b-bae6-717ee002fe05 at term 1 for becomeLeader, leader elected after 5098ms
2019-09-12 10:21:00,800 [2d34cfa1-ae82-414b-bae6-717ee002fe05:group-43ACD40DDEDB:LeaderElection11] INFO  server.RaftServerConfigKeys (ConfUtils.java:logGet(43)) - raft.server.staging.catchup.gap = 1000 (default)
2019-09-12 10:21:00,801 [2d34cfa1-ae82-414b-bae6-717ee002fe05:group-43ACD40DDEDB:LeaderElection11] INFO  server.RaftServerConfigKeys (ConfUtils.java:logGet(43)) - raft.server.rpc.sleep.time = 25ms (default)
2019-09-12 10:21:00,801 [2d34cfa1-ae82-414b-bae6-717ee002fe05:group-43ACD40DDEDB:LeaderElection11] INFO  server.RaftServerConfigKeys (ConfUtils.java:logGet(43)) - raft.server.write.element-limit = 4096 (default)
2019-09-12 10:21:00,801 [2d34cfa1-ae82-414b-bae6-717ee002fe05:group-43ACD40DDEDB:LeaderElection11] INFO  server.RaftServerConfigKeys (ConfUtils.java:logGet(43)) - raft.server.watch.timeout = 10s (default)
2019-09-12 10:21:00,802 [2d34cfa1-ae82-414b-bae6-717ee002fe05:group-43ACD40DDEDB:LeaderElection11] INFO  server.RaftServerConfigKeys (ConfUtils.java:logGet(43)) - raft.server.watch.timeout.denomination = 1s (default)
2019-09-12 10:21:00,802 [2d34cfa1-ae82-414b-bae6-717ee002fe05:group-43ACD40DDEDB:LeaderElection11] INFO  server.RaftServerConfigKeys (ConfUtils.java:logGet(43)) - raft.server.watch.element-limit = 65536 (default)
2019-09-12 10:21:00,802 [2d34cfa1-ae82-414b-bae6-717ee002fe05:group-43ACD40DDEDB:LeaderElection11] INFO  impl.RoleInfo (RoleInfo.java:updateAndGet(143)) - 2d34cfa1-ae82-414b-bae6-717ee002fe05: start LeaderState
2019-09-12 10:21:00,803 [2d34cfa1-ae82-414b-bae6-717ee002fe05:group-43ACD40DDEDB:LeaderElection11] INFO  segmented.SegmentedRaftLogWorker (SegmentedRaftLogWorker.java:startLogSegment(380)) - 2d34cfa1-ae82-414b-bae6-717ee002fe05-SegmentedRaftLogWorker:Storage Directory /workdir/hadoop-ozone/integration-test/target/test-dir/MiniOzoneClusterImpl-afc08962-9222-4e3d-8fb5-552b5e422aae/datanode-4/data/ratis/b65933a5-1d4b-4750-b380-43acd40ddedb: Starting segment from index:0
2019-09-12 10:21:00,803 [2d34cfa1-ae82-414b-bae6-717ee002fe05:group-43ACD40DDEDB:LeaderElection11] INFO  impl.RaftServerImpl (ServerState.java:setRaftConf(361)) - 2d34cfa1-ae82-414b-bae6-717ee002fe05:group-43ACD40DDEDB set configuration 0: [2d34cfa1-ae82-414b-bae6-717ee002fe05:192.168.157.195:46440], old=null at 0
2019-09-12 10:21:00,893 [2d34cfa1-ae82-414b-bae6-717ee002fe05-SegmentedRaftLogWorker:Storage Directory /workdir/hadoop-ozone/integration-test/target/test-dir/MiniOzoneClusterImpl-afc08962-9222-4e3d-8fb5-552b5e422aae/datanode-4/data/ratis/b65933a5-1d4b-4750-b380-43acd40ddedb] INFO  segmented.SegmentedRaftLogWorker (SegmentedRaftLogWorker.java:execute(569)) - 2d34cfa1-ae82-414b-bae6-717ee002fe05-SegmentedRaftLogWorker:Storage Directory /workdir/hadoop-ozone/integration-test/target/test-dir/MiniOzoneClusterImpl-afc08962-9222-4e3d-8fb5-552b5e422aae/datanode-4/data/ratis/b65933a5-1d4b-4750-b380-43acd40ddedb: created new log segment /workdir/hadoop-ozone/integration-test/target/test-dir/MiniOzoneClusterImpl-afc08962-9222-4e3d-8fb5-552b5e422aae/datanode-4/data/ratis/b65933a5-1d4b-4750-b380-43acd40ddedb/current/log_inprogress_0
2019-09-12 10:21:00,913 [Thread-242] INFO  impl.FollowerState (FollowerState.java:run(106)) - 80f8a078-74d1-4787-8700-3441e69ebe61:group-06033F56DD8D changes to CANDIDATE, lastRpcTime:5151, electionTimeout:5151ms
2019-09-12 10:21:00,913 [Thread-242] INFO  impl.RoleInfo (RoleInfo.java:shutdownFollowerState(121)) - 80f8a078-74d1-4787-8700-3441e69ebe61: shutdown FollowerState
2019-09-12 10:21:00,913 [Thread-242] INFO  impl.RaftServerImpl (RaftServerImpl.java:setRole(171)) - 80f8a078-74d1-4787-8700-3441e69ebe61:group-06033F56DD8D changes role from FOLLOWER to CANDIDATE at term 0 for changeToCandidate
2019-09-12 10:21:00,913 [Thread-242] INFO  impl.RoleInfo (RoleInfo.java:updateAndGet(143)) - 80f8a078-74d1-4787-8700-3441e69ebe61: start LeaderElection
2019-09-12 10:21:00,958 [80f8a078-74d1-4787-8700-3441e69ebe61:group-06033F56DD8D:LeaderElection12] INFO  impl.LeaderElection (LeaderElection.java:askForVotes(181)) - 80f8a078-74d1-4787-8700-3441e69ebe61:group-06033F56DD8D:LeaderElection12: begin an election at term 1 for -1: [80f8a078-74d1-4787-8700-3441e69ebe61:192.168.157.195:39355], old=null
2019-09-12 10:21:00,958 [80f8a078-74d1-4787-8700-3441e69ebe61:group-06033F56DD8D:LeaderElection12] INFO  impl.RoleInfo (RoleInfo.java:shutdownLeaderElection(134)) - 80f8a078-74d1-4787-8700-3441e69ebe61: shutdown LeaderElection
2019-09-12 10:21:00,958 [80f8a078-74d1-4787-8700-3441e69ebe61:group-06033F56DD8D:LeaderElection12] INFO  impl.RaftServerImpl (RaftServerImpl.java:setRole(171)) - 80f8a078-74d1-4787-8700-3441e69ebe61:group-06033F56DD8D changes role from CANDIDATE to LEADER at term 1 for changeToLeader
2019-09-12 10:21:00,958 [80f8a078-74d1-4787-8700-3441e69ebe61:group-06033F56DD8D:LeaderElection12] INFO  impl.RaftServerImpl (ServerState.java:setLeader(263)) - 80f8a078-74d1-4787-8700-3441e69ebe61:group-06033F56DD8D change Leader from null to 80f8a078-74d1-4787-8700-3441e69ebe61 at term 1 for becomeLeader, leader elected after 5201ms
2019-09-12 10:21:00,959 [80f8a078-74d1-4787-8700-3441e69ebe61:group-06033F56DD8D:LeaderElection12] INFO  server.RaftServerConfigKeys (ConfUtils.java:logGet(43)) - raft.server.staging.catchup.gap = 1000 (default)
2019-09-12 10:21:00,959 [80f8a078-74d1-4787-8700-3441e69ebe61:group-06033F56DD8D:LeaderElection12] INFO  server.RaftServerConfigKeys (ConfUtils.java:logGet(43)) - raft.server.rpc.sleep.time = 25ms (default)
2019-09-12 10:21:00,959 [80f8a078-74d1-4787-8700-3441e69ebe61:group-06033F56DD8D:LeaderElection12] INFO  server.RaftServerConfigKeys (ConfUtils.java:logGet(43)) - raft.server.write.element-limit = 4096 (default)
2019-09-12 10:21:00,960 [80f8a078-74d1-4787-8700-3441e69ebe61:group-06033F56DD8D:LeaderElection12] INFO  server.RaftServerConfigKeys (ConfUtils.java:logGet(43)) - raft.server.watch.timeout = 10s (default)
2019-09-12 10:21:00,960 [80f8a078-74d1-4787-8700-3441e69ebe61:group-06033F56DD8D:LeaderElection12] INFO  server.RaftServerConfigKeys (ConfUtils.java:logGet(43)) - raft.server.watch.timeout.denomination = 1s (default)
2019-09-12 10:21:00,960 [80f8a078-74d1-4787-8700-3441e69ebe61:group-06033F56DD8D:LeaderElection12] INFO  server.RaftServerConfigKeys (ConfUtils.java:logGet(43)) - raft.server.watch.element-limit = 65536 (default)
2019-09-12 10:21:00,961 [80f8a078-74d1-4787-8700-3441e69ebe61:group-06033F56DD8D:LeaderElection12] INFO  impl.RoleInfo (RoleInfo.java:updateAndGet(143)) - 80f8a078-74d1-4787-8700-3441e69ebe61: start LeaderState
2019-09-12 10:21:00,961 [80f8a078-74d1-4787-8700-3441e69ebe61:group-06033F56DD8D:LeaderElection12] INFO  segmented.SegmentedRaftLogWorker (SegmentedRaftLogWorker.java:startLogSegment(380)) - 80f8a078-74d1-4787-8700-3441e69ebe61-SegmentedRaftLogWorker:Storage Directory /workdir/hadoop-ozone/integration-test/target/test-dir/MiniOzoneClusterImpl-afc08962-9222-4e3d-8fb5-552b5e422aae/datanode-1/data/ratis/a048de5b-69c0-441e-98cd-06033f56dd8d: Starting segment from index:0
2019-09-12 10:21:00,962 [80f8a078-74d1-4787-8700-3441e69ebe61:group-06033F56DD8D:LeaderElection12] INFO  impl.RaftServerImpl (ServerState.java:setRaftConf(361)) - 80f8a078-74d1-4787-8700-3441e69ebe61:group-06033F56DD8D set configuration 0: [80f8a078-74d1-4787-8700-3441e69ebe61:192.168.157.195:39355], old=null at 0
2019-09-12 10:21:01,009 [Thread-245] INFO  impl.FollowerState (FollowerState.java:run(106)) - 807fe137-5703-4ca0-bc4b-d1bf019678ec:group-DB0224F94D33 changes to CANDIDATE, lastRpcTime:5183, electionTimeout:5183ms
2019-09-12 10:21:01,010 [Thread-245] INFO  impl.RoleInfo (RoleInfo.java:shutdownFollowerState(121)) - 807fe137-5703-4ca0-bc4b-d1bf019678ec: shutdown FollowerState
2019-09-12 10:21:01,010 [Thread-245] INFO  impl.RaftServerImpl (RaftServerImpl.java:setRole(171)) - 807fe137-5703-4ca0-bc4b-d1bf019678ec:group-DB0224F94D33 changes role from FOLLOWER to CANDIDATE at term 0 for changeToCandidate
2019-09-12 10:21:01,010 [Thread-245] INFO  impl.RoleInfo (RoleInfo.java:updateAndGet(143)) - 807fe137-5703-4ca0-bc4b-d1bf019678ec: start LeaderElection
2019-09-12 10:21:01,018 [80f8a078-74d1-4787-8700-3441e69ebe61-SegmentedRaftLogWorker:Storage Directory /workdir/hadoop-ozone/integration-test/target/test-dir/MiniOzoneClusterImpl-afc08962-9222-4e3d-8fb5-552b5e422aae/datanode-1/data/ratis/a048de5b-69c0-441e-98cd-06033f56dd8d] INFO  segmented.SegmentedRaftLogWorker (SegmentedRaftLogWorker.java:execute(569)) - 80f8a078-74d1-4787-8700-3441e69ebe61-SegmentedRaftLogWorker:Storage Directory /workdir/hadoop-ozone/integration-test/target/test-dir/MiniOzoneClusterImpl-afc08962-9222-4e3d-8fb5-552b5e422aae/datanode-1/data/ratis/a048de5b-69c0-441e-98cd-06033f56dd8d: created new log segment /workdir/hadoop-ozone/integration-test/target/test-dir/MiniOzoneClusterImpl-afc08962-9222-4e3d-8fb5-552b5e422aae/datanode-1/data/ratis/a048de5b-69c0-441e-98cd-06033f56dd8d/current/log_inprogress_0
2019-09-12 10:21:01,019 [807fe137-5703-4ca0-bc4b-d1bf019678ec:group-DB0224F94D33:LeaderElection13] INFO  impl.LeaderElection (LeaderElection.java:askForVotes(181)) - 807fe137-5703-4ca0-bc4b-d1bf019678ec:group-DB0224F94D33:LeaderElection13: begin an election at term 1 for -1: [807fe137-5703-4ca0-bc4b-d1bf019678ec:192.168.157.195:37427], old=null
2019-09-12 10:21:01,020 [807fe137-5703-4ca0-bc4b-d1bf019678ec:group-DB0224F94D33:LeaderElection13] INFO  impl.RoleInfo (RoleInfo.java:shutdownLeaderElection(134)) - 807fe137-5703-4ca0-bc4b-d1bf019678ec: shutdown LeaderElection
2019-09-12 10:21:01,020 [807fe137-5703-4ca0-bc4b-d1bf019678ec:group-DB0224F94D33:LeaderElection13] INFO  impl.RaftServerImpl (RaftServerImpl.java:setRole(171)) - 807fe137-5703-4ca0-bc4b-d1bf019678ec:group-DB0224F94D33 changes role from CANDIDATE to LEADER at term 1 for changeToLeader
2019-09-12 10:21:01,020 [807fe137-5703-4ca0-bc4b-d1bf019678ec:group-DB0224F94D33:LeaderElection13] INFO  impl.RaftServerImpl (ServerState.java:setLeader(263)) - 807fe137-5703-4ca0-bc4b-d1bf019678ec:group-DB0224F94D33 change Leader from null to 807fe137-5703-4ca0-bc4b-d1bf019678ec at term 1 for becomeLeader, leader elected after 5199ms
2019-09-12 10:21:01,020 [807fe137-5703-4ca0-bc4b-d1bf019678ec:group-DB0224F94D33:LeaderElection13] INFO  server.RaftServerConfigKeys (ConfUtils.java:logGet(43)) - raft.server.staging.catchup.gap = 1000 (default)
2019-09-12 10:21:01,020 [807fe137-5703-4ca0-bc4b-d1bf019678ec:group-DB0224F94D33:LeaderElection13] INFO  server.RaftServerConfigKeys (ConfUtils.java:logGet(43)) - raft.server.rpc.sleep.time = 25ms (default)
2019-09-12 10:21:01,021 [807fe137-5703-4ca0-bc4b-d1bf019678ec:group-DB0224F94D33:LeaderElection13] INFO  server.RaftServerConfigKeys (ConfUtils.java:logGet(43)) - raft.server.write.element-limit = 4096 (default)
2019-09-12 10:21:01,021 [807fe137-5703-4ca0-bc4b-d1bf019678ec:group-DB0224F94D33:LeaderElection13] INFO  server.RaftServerConfigKeys (ConfUtils.java:logGet(43)) - raft.server.watch.timeout = 10s (default)
2019-09-12 10:21:01,021 [807fe137-5703-4ca0-bc4b-d1bf019678ec:group-DB0224F94D33:LeaderElection13] INFO  server.RaftServerConfigKeys (ConfUtils.java:logGet(43)) - raft.server.watch.timeout.denomination = 1s (default)
2019-09-12 10:21:01,021 [807fe137-5703-4ca0-bc4b-d1bf019678ec:group-DB0224F94D33:LeaderElection13] INFO  server.RaftServerConfigKeys (ConfUtils.java:logGet(43)) - raft.server.watch.element-limit = 65536 (default)
2019-09-12 10:21:01,022 [807fe137-5703-4ca0-bc4b-d1bf019678ec:group-DB0224F94D33:LeaderElection13] INFO  impl.RoleInfo (RoleInfo.java:updateAndGet(143)) - 807fe137-5703-4ca0-bc4b-d1bf019678ec: start LeaderState
2019-09-12 10:21:01,022 [807fe137-5703-4ca0-bc4b-d1bf019678ec:group-DB0224F94D33:LeaderElection13] INFO  segmented.SegmentedRaftLogWorker (SegmentedRaftLogWorker.java:startLogSegment(380)) - 807fe137-5703-4ca0-bc4b-d1bf019678ec-SegmentedRaftLogWorker:Storage Directory /workdir/hadoop-ozone/integration-test/target/test-dir/MiniOzoneClusterImpl-afc08962-9222-4e3d-8fb5-552b5e422aae/datanode-0/data/ratis/75e31a95-1d54-4b4c-92fb-db0224f94d33: Starting segment from index:0
2019-09-12 10:21:01,023 [807fe137-5703-4ca0-bc4b-d1bf019678ec:group-DB0224F94D33:LeaderElection13] INFO  impl.RaftServerImpl (ServerState.java:setRaftConf(361)) - 807fe137-5703-4ca0-bc4b-d1bf019678ec:group-DB0224F94D33 set configuration 0: [807fe137-5703-4ca0-bc4b-d1bf019678ec:192.168.157.195:37427], old=null at 0
2019-09-12 10:21:01,060 [Thread-251] INFO  impl.FollowerState (FollowerState.java:run(106)) - 80f8a078-74d1-4787-8700-3441e69ebe61:group-E4738A887431 changes to CANDIDATE, lastRpcTime:5102, electionTimeout:5081ms
2019-09-12 10:21:01,061 [Thread-251] INFO  impl.RoleInfo (RoleInfo.java:shutdownFollowerState(121)) - 80f8a078-74d1-4787-8700-3441e69ebe61: shutdown FollowerState
2019-09-12 10:21:01,061 [Thread-251] INFO  impl.RaftServerImpl (RaftServerImpl.java:setRole(171)) - 80f8a078-74d1-4787-8700-3441e69ebe61:group-E4738A887431 changes role from FOLLOWER to CANDIDATE at term 0 for changeToCandidate
2019-09-12 10:21:01,061 [Thread-251] INFO  impl.RoleInfo (RoleInfo.java:updateAndGet(143)) - 80f8a078-74d1-4787-8700-3441e69ebe61: start LeaderElection
2019-09-12 10:21:01,067 [807fe137-5703-4ca0-bc4b-d1bf019678ec-SegmentedRaftLogWorker:Storage Directory /workdir/hadoop-ozone/integration-test/target/test-dir/MiniOzoneClusterImpl-afc08962-9222-4e3d-8fb5-552b5e422aae/datanode-0/data/ratis/75e31a95-1d54-4b4c-92fb-db0224f94d33] INFO  segmented.SegmentedRaftLogWorker (SegmentedRaftLogWorker.java:execute(569)) - 807fe137-5703-4ca0-bc4b-d1bf019678ec-SegmentedRaftLogWorker:Storage Directory /workdir/hadoop-ozone/integration-test/target/test-dir/MiniOzoneClusterImpl-afc08962-9222-4e3d-8fb5-552b5e422aae/datanode-0/data/ratis/75e31a95-1d54-4b4c-92fb-db0224f94d33: created new log segment /workdir/hadoop-ozone/integration-test/target/test-dir/MiniOzoneClusterImpl-afc08962-9222-4e3d-8fb5-552b5e422aae/datanode-0/data/ratis/75e31a95-1d54-4b4c-92fb-db0224f94d33/current/log_inprogress_0
2019-09-12 10:21:01,069 [80f8a078-74d1-4787-8700-3441e69ebe61:group-E4738A887431:LeaderElection14] INFO  impl.LeaderElection (LeaderElection.java:askForVotes(181)) - 80f8a078-74d1-4787-8700-3441e69ebe61:group-E4738A887431:LeaderElection14: begin an election at term 1 for -1: [80f8a078-74d1-4787-8700-3441e69ebe61:192.168.157.195:39355], old=null
2019-09-12 10:21:01,069 [80f8a078-74d1-4787-8700-3441e69ebe61:group-E4738A887431:LeaderElection14] INFO  impl.RoleInfo (RoleInfo.java:shutdownLeaderElection(134)) - 80f8a078-74d1-4787-8700-3441e69ebe61: shutdown LeaderElection
2019-09-12 10:21:01,069 [80f8a078-74d1-4787-8700-3441e69ebe61:group-E4738A887431:LeaderElection14] INFO  impl.RaftServerImpl (RaftServerImpl.java:setRole(171)) - 80f8a078-74d1-4787-8700-3441e69ebe61:group-E4738A887431 changes role from CANDIDATE to LEADER at term 1 for changeToLeader
2019-09-12 10:21:01,070 [80f8a078-74d1-4787-8700-3441e69ebe61:group-E4738A887431:LeaderElection14] INFO  impl.RaftServerImpl (ServerState.java:setLeader(263)) - 80f8a078-74d1-4787-8700-3441e69ebe61:group-E4738A887431 change Leader from null to 80f8a078-74d1-4787-8700-3441e69ebe61 at term 1 for becomeLeader, leader elected after 5116ms
2019-09-12 10:21:01,070 [80f8a078-74d1-4787-8700-3441e69ebe61:group-E4738A887431:LeaderElection14] INFO  server.RaftServerConfigKeys (ConfUtils.java:logGet(43)) - raft.server.staging.catchup.gap = 1000 (default)
2019-09-12 10:21:01,070 [80f8a078-74d1-4787-8700-3441e69ebe61:group-E4738A887431:LeaderElection14] INFO  server.RaftServerConfigKeys (ConfUtils.java:logGet(43)) - raft.server.rpc.sleep.time = 25ms (default)
2019-09-12 10:21:01,070 [80f8a078-74d1-4787-8700-3441e69ebe61:group-E4738A887431:LeaderElection14] INFO  server.RaftServerConfigKeys (ConfUtils.java:logGet(43)) - raft.server.write.element-limit = 4096 (default)
2019-09-12 10:21:01,071 [80f8a078-74d1-4787-8700-3441e69ebe61:group-E4738A887431:LeaderElection14] INFO  server.RaftServerConfigKeys (ConfUtils.java:logGet(43)) - raft.server.watch.timeout = 10s (default)
2019-09-12 10:21:01,071 [80f8a078-74d1-4787-8700-3441e69ebe61:group-E4738A887431:LeaderElection14] INFO  server.RaftServerConfigKeys (ConfUtils.java:logGet(43)) - raft.server.watch.timeout.denomination = 1s (default)
2019-09-12 10:21:01,071 [80f8a078-74d1-4787-8700-3441e69ebe61:group-E4738A887431:LeaderElection14] INFO  server.RaftServerConfigKeys (ConfUtils.java:logGet(43)) - raft.server.watch.element-limit = 65536 (default)
2019-09-12 10:21:01,072 [80f8a078-74d1-4787-8700-3441e69ebe61:group-E4738A887431:LeaderElection14] INFO  impl.RoleInfo (RoleInfo.java:updateAndGet(143)) - 80f8a078-74d1-4787-8700-3441e69ebe61: start LeaderState
2019-09-12 10:21:01,072 [80f8a078-74d1-4787-8700-3441e69ebe61:group-E4738A887431:LeaderElection14] INFO  segmented.SegmentedRaftLogWorker (SegmentedRaftLogWorker.java:startLogSegment(380)) - 80f8a078-74d1-4787-8700-3441e69ebe61-SegmentedRaftLogWorker:Storage Directory /workdir/hadoop-ozone/integration-test/target/test-dir/MiniOzoneClusterImpl-afc08962-9222-4e3d-8fb5-552b5e422aae/datanode-1/data/ratis/23a09c6c-ac0c-4375-87af-e4738a887431: Starting segment from index:0
2019-09-12 10:21:01,073 [80f8a078-74d1-4787-8700-3441e69ebe61:group-E4738A887431:LeaderElection14] INFO  impl.RaftServerImpl (ServerState.java:setRaftConf(361)) - 80f8a078-74d1-4787-8700-3441e69ebe61:group-E4738A887431 set configuration 0: [80f8a078-74d1-4787-8700-3441e69ebe61:192.168.157.195:39355], old=null at 0
2019-09-12 10:21:01,112 [Thread-248] INFO  impl.FollowerState (FollowerState.java:run(106)) - 80f8a078-74d1-4787-8700-3441e69ebe61:group-64D9203E5925 changes to CANDIDATE, lastRpcTime:5223, electionTimeout:5194ms
2019-09-12 10:21:01,112 [Thread-248] INFO  impl.RoleInfo (RoleInfo.java:shutdownFollowerState(121)) - 80f8a078-74d1-4787-8700-3441e69ebe61: shutdown FollowerState
2019-09-12 10:21:01,113 [Thread-248] INFO  impl.RaftServerImpl (RaftServerImpl.java:setRole(171)) - 80f8a078-74d1-4787-8700-3441e69ebe61:group-64D9203E5925 changes role from FOLLOWER to CANDIDATE at term 0 for changeToCandidate
2019-09-12 10:21:01,113 [Thread-248] INFO  impl.RoleInfo (RoleInfo.java:updateAndGet(143)) - 80f8a078-74d1-4787-8700-3441e69ebe61: start LeaderElection
2019-09-12 10:21:01,121 [Thread-254] INFO  impl.FollowerState (FollowerState.java:run(106)) - 6ee6d104-7057-4fca-83c0-db864f4c6adb:group-3DB6FA8A1475 changes to CANDIDATE, lastRpcTime:5108, electionTimeout:5108ms
2019-09-12 10:21:01,121 [Thread-254] INFO  impl.RoleInfo (RoleInfo.java:shutdownFollowerState(121)) - 6ee6d104-7057-4fca-83c0-db864f4c6adb: shutdown FollowerState
2019-09-12 10:21:01,121 [Thread-254] INFO  impl.RaftServerImpl (RaftServerImpl.java:setRole(171)) - 6ee6d104-7057-4fca-83c0-db864f4c6adb:group-3DB6FA8A1475 changes role from FOLLOWER to CANDIDATE at term 0 for changeToCandidate
2019-09-12 10:21:01,122 [Thread-254] INFO  impl.RoleInfo (RoleInfo.java:updateAndGet(143)) - 6ee6d104-7057-4fca-83c0-db864f4c6adb: start LeaderElection
2019-09-12 10:21:01,136 [80f8a078-74d1-4787-8700-3441e69ebe61-SegmentedRaftLogWorker:Storage Directory /workdir/hadoop-ozone/integration-test/target/test-dir/MiniOzoneClusterImpl-afc08962-9222-4e3d-8fb5-552b5e422aae/datanode-1/data/ratis/23a09c6c-ac0c-4375-87af-e4738a887431] INFO  segmented.SegmentedRaftLogWorker (SegmentedRaftLogWorker.java:execute(569)) - 80f8a078-74d1-4787-8700-3441e69ebe61-SegmentedRaftLogWorker:Storage Directory /workdir/hadoop-ozone/integration-test/target/test-dir/MiniOzoneClusterImpl-afc08962-9222-4e3d-8fb5-552b5e422aae/datanode-1/data/ratis/23a09c6c-ac0c-4375-87af-e4738a887431: created new log segment /workdir/hadoop-ozone/integration-test/target/test-dir/MiniOzoneClusterImpl-afc08962-9222-4e3d-8fb5-552b5e422aae/datanode-1/data/ratis/23a09c6c-ac0c-4375-87af-e4738a887431/current/log_inprogress_0
2019-09-12 10:21:01,136 [80f8a078-74d1-4787-8700-3441e69ebe61:group-64D9203E5925:LeaderElection15] INFO  impl.LeaderElection (LeaderElection.java:askForVotes(181)) - 80f8a078-74d1-4787-8700-3441e69ebe61:group-64D9203E5925:LeaderElection15: begin an election at term 1 for -1: [80f8a078-74d1-4787-8700-3441e69ebe61:192.168.157.195:39355], old=null
2019-09-12 10:21:01,136 [6ee6d104-7057-4fca-83c0-db864f4c6adb:group-3DB6FA8A1475:LeaderElection16] INFO  impl.LeaderElection (LeaderElection.java:askForVotes(181)) - 6ee6d104-7057-4fca-83c0-db864f4c6adb:group-3DB6FA8A1475:LeaderElection16: begin an election at term 1 for -1: [6ee6d104-7057-4fca-83c0-db864f4c6adb:192.168.157.195:35734], old=null
2019-09-12 10:21:01,137 [80f8a078-74d1-4787-8700-3441e69ebe61:group-64D9203E5925:LeaderElection15] INFO  impl.RoleInfo (RoleInfo.java:shutdownLeaderElection(134)) - 80f8a078-74d1-4787-8700-3441e69ebe61: shutdown LeaderElection
2019-09-12 10:21:01,137 [6ee6d104-7057-4fca-83c0-db864f4c6adb:group-3DB6FA8A1475:LeaderElection16] INFO  impl.RoleInfo (RoleInfo.java:shutdownLeaderElection(134)) - 6ee6d104-7057-4fca-83c0-db864f4c6adb: shutdown LeaderElection
2019-09-12 10:21:01,137 [80f8a078-74d1-4787-8700-3441e69ebe61:group-64D9203E5925:LeaderElection15] INFO  impl.RaftServerImpl (RaftServerImpl.java:setRole(171)) - 80f8a078-74d1-4787-8700-3441e69ebe61:group-64D9203E5925 changes role from CANDIDATE to LEADER at term 1 for changeToLeader
2019-09-12 10:21:01,137 [6ee6d104-7057-4fca-83c0-db864f4c6adb:group-3DB6FA8A1475:LeaderElection16] INFO  impl.RaftServerImpl (RaftServerImpl.java:setRole(171)) - 6ee6d104-7057-4fca-83c0-db864f4c6adb:group-3DB6FA8A1475 changes role from CANDIDATE to LEADER at term 1 for changeToLeader
2019-09-12 10:21:01,137 [80f8a078-74d1-4787-8700-3441e69ebe61:group-64D9203E5925:LeaderElection15] INFO  impl.RaftServerImpl (ServerState.java:setLeader(263)) - 80f8a078-74d1-4787-8700-3441e69ebe61:group-64D9203E5925 change Leader from null to 80f8a078-74d1-4787-8700-3441e69ebe61 at term 1 for becomeLeader, leader elected after 5253ms
2019-09-12 10:21:01,137 [6ee6d104-7057-4fca-83c0-db864f4c6adb:group-3DB6FA8A1475:LeaderElection16] INFO  impl.RaftServerImpl (ServerState.java:setLeader(263)) - 6ee6d104-7057-4fca-83c0-db864f4c6adb:group-3DB6FA8A1475 change Leader from null to 6ee6d104-7057-4fca-83c0-db864f4c6adb at term 1 for becomeLeader, leader elected after 5129ms
2019-09-12 10:21:01,138 [6ee6d104-7057-4fca-83c0-db864f4c6adb:group-3DB6FA8A1475:LeaderElection16] INFO  server.RaftServerConfigKeys (ConfUtils.java:logGet(43)) - raft.server.staging.catchup.gap = 1000 (default)
2019-09-12 10:21:01,138 [80f8a078-74d1-4787-8700-3441e69ebe61:group-64D9203E5925:LeaderElection15] INFO  server.RaftServerConfigKeys (ConfUtils.java:logGet(43)) - raft.server.staging.catchup.gap = 1000 (default)
2019-09-12 10:21:01,138 [6ee6d104-7057-4fca-83c0-db864f4c6adb:group-3DB6FA8A1475:LeaderElection16] INFO  server.RaftServerConfigKeys (ConfUtils.java:logGet(43)) - raft.server.rpc.sleep.time = 25ms (default)
2019-09-12 10:21:01,138 [80f8a078-74d1-4787-8700-3441e69ebe61:group-64D9203E5925:LeaderElection15] INFO  server.RaftServerConfigKeys (ConfUtils.java:logGet(43)) - raft.server.rpc.sleep.time = 25ms (default)
2019-09-12 10:21:01,138 [6ee6d104-7057-4fca-83c0-db864f4c6adb:group-3DB6FA8A1475:LeaderElection16] INFO  server.RaftServerConfigKeys (ConfUtils.java:logGet(43)) - raft.server.write.element-limit = 4096 (default)
2019-09-12 10:21:01,139 [80f8a078-74d1-4787-8700-3441e69ebe61:group-64D9203E5925:LeaderElection15] INFO  server.RaftServerConfigKeys (ConfUtils.java:logGet(43)) - raft.server.write.element-limit = 4096 (default)
2019-09-12 10:21:01,139 [6ee6d104-7057-4fca-83c0-db864f4c6adb:group-3DB6FA8A1475:LeaderElection16] INFO  server.RaftServerConfigKeys (ConfUtils.java:logGet(43)) - raft.server.watch.timeout = 10s (default)
2019-09-12 10:21:01,139 [80f8a078-74d1-4787-8700-3441e69ebe61:group-64D9203E5925:LeaderElection15] INFO  server.RaftServerConfigKeys (ConfUtils.java:logGet(43)) - raft.server.watch.timeout = 10s (default)
2019-09-12 10:21:01,139 [6ee6d104-7057-4fca-83c0-db864f4c6adb:group-3DB6FA8A1475:LeaderElection16] INFO  server.RaftServerConfigKeys (ConfUtils.java:logGet(43)) - raft.server.watch.timeout.denomination = 1s (default)
2019-09-12 10:21:01,139 [80f8a078-74d1-4787-8700-3441e69ebe61:group-64D9203E5925:LeaderElection15] INFO  server.RaftServerConfigKeys (ConfUtils.java:logGet(43)) - raft.server.watch.timeout.denomination = 1s (default)
2019-09-12 10:21:01,139 [6ee6d104-7057-4fca-83c0-db864f4c6adb:group-3DB6FA8A1475:LeaderElection16] INFO  server.RaftServerConfigKeys (ConfUtils.java:logGet(43)) - raft.server.watch.element-limit = 65536 (default)
2019-09-12 10:21:01,139 [80f8a078-74d1-4787-8700-3441e69ebe61:group-64D9203E5925:LeaderElection15] INFO  server.RaftServerConfigKeys (ConfUtils.java:logGet(43)) - raft.server.watch.element-limit = 65536 (default)
2019-09-12 10:21:01,140 [6ee6d104-7057-4fca-83c0-db864f4c6adb:group-3DB6FA8A1475:LeaderElection16] INFO  impl.RoleInfo (RoleInfo.java:updateAndGet(143)) - 6ee6d104-7057-4fca-83c0-db864f4c6adb: start LeaderState
2019-09-12 10:21:01,140 [80f8a078-74d1-4787-8700-3441e69ebe61:group-64D9203E5925:LeaderElection15] INFO  impl.RoleInfo (RoleInfo.java:updateAndGet(143)) - 80f8a078-74d1-4787-8700-3441e69ebe61: start LeaderState
2019-09-12 10:21:01,140 [6ee6d104-7057-4fca-83c0-db864f4c6adb:group-3DB6FA8A1475:LeaderElection16] INFO  segmented.SegmentedRaftLogWorker (SegmentedRaftLogWorker.java:startLogSegment(380)) - 6ee6d104-7057-4fca-83c0-db864f4c6adb-SegmentedRaftLogWorker:Storage Directory /workdir/hadoop-ozone/integration-test/target/test-dir/MiniOzoneClusterImpl-afc08962-9222-4e3d-8fb5-552b5e422aae/datanode-2/data/ratis/19cd7c46-9271-4d7f-9cda-3db6fa8a1475: Starting segment from index:0
2019-09-12 10:21:01,140 [80f8a078-74d1-4787-8700-3441e69ebe61:group-64D9203E5925:LeaderElection15] INFO  segmented.SegmentedRaftLogWorker (SegmentedRaftLogWorker.java:startLogSegment(380)) - 80f8a078-74d1-4787-8700-3441e69ebe61-SegmentedRaftLogWorker:Storage Directory /workdir/hadoop-ozone/integration-test/target/test-dir/MiniOzoneClusterImpl-afc08962-9222-4e3d-8fb5-552b5e422aae/datanode-1/data/ratis/79fe1718-c8ef-48fd-9239-64d9203e5925: Starting segment from index:0
2019-09-12 10:21:01,141 [6ee6d104-7057-4fca-83c0-db864f4c6adb:group-3DB6FA8A1475:LeaderElection16] INFO  impl.RaftServerImpl (ServerState.java:setRaftConf(361)) - 6ee6d104-7057-4fca-83c0-db864f4c6adb:group-3DB6FA8A1475 set configuration 0: [6ee6d104-7057-4fca-83c0-db864f4c6adb:192.168.157.195:35734], old=null at 0
2019-09-12 10:21:01,175 [80f8a078-74d1-4787-8700-3441e69ebe61:group-64D9203E5925:LeaderElection15] INFO  impl.RaftServerImpl (ServerState.java:setRaftConf(361)) - 80f8a078-74d1-4787-8700-3441e69ebe61:group-64D9203E5925 set configuration 0: [80f8a078-74d1-4787-8700-3441e69ebe61:192.168.157.195:39355], old=null at 0
2019-09-12 10:21:01,215 [6ee6d104-7057-4fca-83c0-db864f4c6adb-SegmentedRaftLogWorker:Storage Directory /workdir/hadoop-ozone/integration-test/target/test-dir/MiniOzoneClusterImpl-afc08962-9222-4e3d-8fb5-552b5e422aae/datanode-2/data/ratis/19cd7c46-9271-4d7f-9cda-3db6fa8a1475] INFO  segmented.SegmentedRaftLogWorker (SegmentedRaftLogWorker.java:execute(569)) - 6ee6d104-7057-4fca-83c0-db864f4c6adb-SegmentedRaftLogWorker:Storage Directory /workdir/hadoop-ozone/integration-test/target/test-dir/MiniOzoneClusterImpl-afc08962-9222-4e3d-8fb5-552b5e422aae/datanode-2/data/ratis/19cd7c46-9271-4d7f-9cda-3db6fa8a1475: created new log segment /workdir/hadoop-ozone/integration-test/target/test-dir/MiniOzoneClusterImpl-afc08962-9222-4e3d-8fb5-552b5e422aae/datanode-2/data/ratis/19cd7c46-9271-4d7f-9cda-3db6fa8a1475/current/log_inprogress_0
2019-09-12 10:21:01,228 [80f8a078-74d1-4787-8700-3441e69ebe61-SegmentedRaftLogWorker:Storage Directory /workdir/hadoop-ozone/integration-test/target/test-dir/MiniOzoneClusterImpl-afc08962-9222-4e3d-8fb5-552b5e422aae/datanode-1/data/ratis/79fe1718-c8ef-48fd-9239-64d9203e5925] INFO  segmented.SegmentedRaftLogWorker (SegmentedRaftLogWorker.java:execute(569)) - 80f8a078-74d1-4787-8700-3441e69ebe61-SegmentedRaftLogWorker:Storage Directory /workdir/hadoop-ozone/integration-test/target/test-dir/MiniOzoneClusterImpl-afc08962-9222-4e3d-8fb5-552b5e422aae/datanode-1/data/ratis/79fe1718-c8ef-48fd-9239-64d9203e5925: created new log segment /workdir/hadoop-ozone/integration-test/target/test-dir/MiniOzoneClusterImpl-afc08962-9222-4e3d-8fb5-552b5e422aae/datanode-1/data/ratis/79fe1718-c8ef-48fd-9239-64d9203e5925/current/log_inprogress_0
2019-09-12 10:21:01,248 [Thread-263] INFO  impl.FollowerState (FollowerState.java:run(106)) - 3352c2aa-4491-4fbb-82ad-24b3d7cf0c84:group-A55C506ED7DB changes to CANDIDATE, lastRpcTime:5065, electionTimeout:5065ms
2019-09-12 10:21:01,249 [Thread-263] INFO  impl.RoleInfo (RoleInfo.java:shutdownFollowerState(121)) - 3352c2aa-4491-4fbb-82ad-24b3d7cf0c84: shutdown FollowerState
2019-09-12 10:21:01,249 [Thread-263] INFO  impl.RaftServerImpl (RaftServerImpl.java:setRole(171)) - 3352c2aa-4491-4fbb-82ad-24b3d7cf0c84:group-A55C506ED7DB changes role from FOLLOWER to CANDIDATE at term 0 for changeToCandidate
2019-09-12 10:21:01,249 [Thread-263] INFO  impl.RoleInfo (RoleInfo.java:updateAndGet(143)) - 3352c2aa-4491-4fbb-82ad-24b3d7cf0c84: start LeaderElection
2019-09-12 10:21:01,268 [3352c2aa-4491-4fbb-82ad-24b3d7cf0c84:group-A55C506ED7DB:LeaderElection17] INFO  impl.LeaderElection (LeaderElection.java:askForVotes(181)) - 3352c2aa-4491-4fbb-82ad-24b3d7cf0c84:group-A55C506ED7DB:LeaderElection17: begin an election at term 1 for -1: [3352c2aa-4491-4fbb-82ad-24b3d7cf0c84:192.168.157.195:36967], old=null
2019-09-12 10:21:01,268 [3352c2aa-4491-4fbb-82ad-24b3d7cf0c84:group-A55C506ED7DB:LeaderElection17] INFO  impl.RoleInfo (RoleInfo.java:shutdownLeaderElection(134)) - 3352c2aa-4491-4fbb-82ad-24b3d7cf0c84: shutdown LeaderElection
2019-09-12 10:21:01,268 [3352c2aa-4491-4fbb-82ad-24b3d7cf0c84:group-A55C506ED7DB:LeaderElection17] INFO  impl.RaftServerImpl (RaftServerImpl.java:setRole(171)) - 3352c2aa-4491-4fbb-82ad-24b3d7cf0c84:group-A55C506ED7DB changes role from CANDIDATE to LEADER at term 1 for changeToLeader
2019-09-12 10:21:01,268 [3352c2aa-4491-4fbb-82ad-24b3d7cf0c84:group-A55C506ED7DB:LeaderElection17] INFO  impl.RaftServerImpl (ServerState.java:setLeader(263)) - 3352c2aa-4491-4fbb-82ad-24b3d7cf0c84:group-A55C506ED7DB change Leader from null to 3352c2aa-4491-4fbb-82ad-24b3d7cf0c84 at term 1 for becomeLeader, leader elected after 5089ms
2019-09-12 10:21:01,270 [3352c2aa-4491-4fbb-82ad-24b3d7cf0c84:group-A55C506ED7DB:LeaderElection17] INFO  server.RaftServerConfigKeys (ConfUtils.java:logGet(43)) - raft.server.staging.catchup.gap = 1000 (default)
2019-09-12 10:21:01,270 [Thread-257] INFO  impl.FollowerState (FollowerState.java:run(106)) - 80f8a078-74d1-4787-8700-3441e69ebe61:group-C6E87957A6F5 changes to CANDIDATE, lastRpcTime:5199, electionTimeout:5197ms
2019-09-12 10:21:01,270 [3352c2aa-4491-4fbb-82ad-24b3d7cf0c84:group-A55C506ED7DB:LeaderElection17] INFO  server.RaftServerConfigKeys (ConfUtils.java:logGet(43)) - raft.server.rpc.sleep.time = 25ms (default)
2019-09-12 10:21:01,270 [Thread-257] INFO  impl.RoleInfo (RoleInfo.java:shutdownFollowerState(121)) - 80f8a078-74d1-4787-8700-3441e69ebe61: shutdown FollowerState
2019-09-12 10:21:01,271 [3352c2aa-4491-4fbb-82ad-24b3d7cf0c84:group-A55C506ED7DB:LeaderElection17] INFO  server.RaftServerConfigKeys (ConfUtils.java:logGet(43)) - raft.server.write.element-limit = 4096 (default)
2019-09-12 10:21:01,271 [Thread-257] INFO  impl.RaftServerImpl (RaftServerImpl.java:setRole(171)) - 80f8a078-74d1-4787-8700-3441e69ebe61:group-C6E87957A6F5 changes role from FOLLOWER to CANDIDATE at term 0 for changeToCandidate
2019-09-12 10:21:01,271 [3352c2aa-4491-4fbb-82ad-24b3d7cf0c84:group-A55C506ED7DB:LeaderElection17] INFO  server.RaftServerConfigKeys (ConfUtils.java:logGet(43)) - raft.server.watch.timeout = 10s (default)
2019-09-12 10:21:01,271 [Thread-257] INFO  impl.RoleInfo (RoleInfo.java:updateAndGet(143)) - 80f8a078-74d1-4787-8700-3441e69ebe61: start LeaderElection
2019-09-12 10:21:01,271 [3352c2aa-4491-4fbb-82ad-24b3d7cf0c84:group-A55C506ED7DB:LeaderElection17] INFO  server.RaftServerConfigKeys (ConfUtils.java:logGet(43)) - raft.server.watch.timeout.denomination = 1s (default)
2019-09-12 10:21:01,271 [3352c2aa-4491-4fbb-82ad-24b3d7cf0c84:group-A55C506ED7DB:LeaderElection17] INFO  server.RaftServerConfigKeys (ConfUtils.java:logGet(43)) - raft.server.watch.element-limit = 65536 (default)
2019-09-12 10:21:01,277 [Thread-260] INFO  impl.FollowerState (FollowerState.java:run(106)) - 3352c2aa-4491-4fbb-82ad-24b3d7cf0c84:group-24D65FF555F0 changes to CANDIDATE, lastRpcTime:5146, electionTimeout:5146ms
2019-09-12 10:21:01,277 [Thread-260] INFO  impl.RoleInfo (RoleInfo.java:shutdownFollowerState(121)) - 3352c2aa-4491-4fbb-82ad-24b3d7cf0c84: shutdown FollowerState
2019-09-12 10:21:01,277 [3352c2aa-4491-4fbb-82ad-24b3d7cf0c84:group-A55C506ED7DB:LeaderElection17] INFO  impl.RoleInfo (RoleInfo.java:updateAndGet(143)) - 3352c2aa-4491-4fbb-82ad-24b3d7cf0c84: start LeaderState
2019-09-12 10:21:01,277 [Thread-260] INFO  impl.RaftServerImpl (RaftServerImpl.java:setRole(171)) - 3352c2aa-4491-4fbb-82ad-24b3d7cf0c84:group-24D65FF555F0 changes role from FOLLOWER to CANDIDATE at term 0 for changeToCandidate
2019-09-12 10:21:01,277 [3352c2aa-4491-4fbb-82ad-24b3d7cf0c84:group-A55C506ED7DB:LeaderElection17] INFO  segmented.SegmentedRaftLogWorker (SegmentedRaftLogWorker.java:startLogSegment(380)) - 3352c2aa-4491-4fbb-82ad-24b3d7cf0c84-SegmentedRaftLogWorker:Storage Directory /workdir/hadoop-ozone/integration-test/target/test-dir/MiniOzoneClusterImpl-afc08962-9222-4e3d-8fb5-552b5e422aae/datanode-3/data/ratis/a23b805a-2c18-4e51-b88c-a55c506ed7db: Starting segment from index:0
2019-09-12 10:21:01,277 [Thread-260] INFO  impl.RoleInfo (RoleInfo.java:updateAndGet(143)) - 3352c2aa-4491-4fbb-82ad-24b3d7cf0c84: start LeaderElection
2019-09-12 10:21:01,319 [80f8a078-74d1-4787-8700-3441e69ebe61:group-C6E87957A6F5:LeaderElection18] INFO  impl.LeaderElection (LeaderElection.java:askForVotes(181)) - 80f8a078-74d1-4787-8700-3441e69ebe61:group-C6E87957A6F5:LeaderElection18: begin an election at term 1 for -1: [80f8a078-74d1-4787-8700-3441e69ebe61:192.168.157.195:39355], old=null
2019-09-12 10:21:01,321 [3352c2aa-4491-4fbb-82ad-24b3d7cf0c84:group-A55C506ED7DB:LeaderElection17] INFO  impl.RaftServerImpl (ServerState.java:setRaftConf(361)) - 3352c2aa-4491-4fbb-82ad-24b3d7cf0c84:group-A55C506ED7DB set configuration 0: [3352c2aa-4491-4fbb-82ad-24b3d7cf0c84:192.168.157.195:36967], old=null at 0
2019-09-12 10:21:01,321 [80f8a078-74d1-4787-8700-3441e69ebe61:group-C6E87957A6F5:LeaderElection18] INFO  impl.RoleInfo (RoleInfo.java:shutdownLeaderElection(134)) - 80f8a078-74d1-4787-8700-3441e69ebe61: shutdown LeaderElection
2019-09-12 10:21:01,324 [80f8a078-74d1-4787-8700-3441e69ebe61:group-C6E87957A6F5:LeaderElection18] INFO  impl.RaftServerImpl (RaftServerImpl.java:setRole(171)) - 80f8a078-74d1-4787-8700-3441e69ebe61:group-C6E87957A6F5 changes role from CANDIDATE to LEADER at term 1 for changeToLeader
2019-09-12 10:21:01,324 [80f8a078-74d1-4787-8700-3441e69ebe61:group-C6E87957A6F5:LeaderElection18] INFO  impl.RaftServerImpl (ServerState.java:setLeader(263)) - 80f8a078-74d1-4787-8700-3441e69ebe61:group-C6E87957A6F5 change Leader from null to 80f8a078-74d1-4787-8700-3441e69ebe61 at term 1 for becomeLeader, leader elected after 5257ms
2019-09-12 10:21:01,324 [80f8a078-74d1-4787-8700-3441e69ebe61:group-C6E87957A6F5:LeaderElection18] INFO  server.RaftServerConfigKeys (ConfUtils.java:logGet(43)) - raft.server.staging.catchup.gap = 1000 (default)
2019-09-12 10:21:01,324 [80f8a078-74d1-4787-8700-3441e69ebe61:group-C6E87957A6F5:LeaderElection18] INFO  server.RaftServerConfigKeys (ConfUtils.java:logGet(43)) - raft.server.rpc.sleep.time = 25ms (default)
2019-09-12 10:21:01,324 [80f8a078-74d1-4787-8700-3441e69ebe61:group-C6E87957A6F5:LeaderElection18] INFO  server.RaftServerConfigKeys (ConfUtils.java:logGet(43)) - raft.server.write.element-limit = 4096 (default)
2019-09-12 10:21:01,325 [80f8a078-74d1-4787-8700-3441e69ebe61:group-C6E87957A6F5:LeaderElection18] INFO  server.RaftServerConfigKeys (ConfUtils.java:logGet(43)) - raft.server.watch.timeout = 10s (default)
2019-09-12 10:21:01,325 [80f8a078-74d1-4787-8700-3441e69ebe61:group-C6E87957A6F5:LeaderElection18] INFO  server.RaftServerConfigKeys (ConfUtils.java:logGet(43)) - raft.server.watch.timeout.denomination = 1s (default)
2019-09-12 10:21:01,325 [80f8a078-74d1-4787-8700-3441e69ebe61:group-C6E87957A6F5:LeaderElection18] INFO  server.RaftServerConfigKeys (ConfUtils.java:logGet(43)) - raft.server.watch.element-limit = 65536 (default)
2019-09-12 10:21:01,325 [80f8a078-74d1-4787-8700-3441e69ebe61:group-C6E87957A6F5:LeaderElection18] INFO  impl.RoleInfo (RoleInfo.java:updateAndGet(143)) - 80f8a078-74d1-4787-8700-3441e69ebe61: start LeaderState
2019-09-12 10:21:01,326 [80f8a078-74d1-4787-8700-3441e69ebe61:group-C6E87957A6F5:LeaderElection18] INFO  segmented.SegmentedRaftLogWorker (SegmentedRaftLogWorker.java:startLogSegment(380)) - 80f8a078-74d1-4787-8700-3441e69ebe61-SegmentedRaftLogWorker:Storage Directory /workdir/hadoop-ozone/integration-test/target/test-dir/MiniOzoneClusterImpl-afc08962-9222-4e3d-8fb5-552b5e422aae/datanode-1/data/ratis/a65de7e4-c537-4d47-ae9c-c6e87957a6f5: Starting segment from index:0
2019-09-12 10:21:01,326 [80f8a078-74d1-4787-8700-3441e69ebe61:group-C6E87957A6F5:LeaderElection18] INFO  impl.RaftServerImpl (ServerState.java:setRaftConf(361)) - 80f8a078-74d1-4787-8700-3441e69ebe61:group-C6E87957A6F5 set configuration 0: [80f8a078-74d1-4787-8700-3441e69ebe61:192.168.157.195:39355], old=null at 0
2019-09-12 10:21:01,360 [3352c2aa-4491-4fbb-82ad-24b3d7cf0c84-SegmentedRaftLogWorker:Storage Directory /workdir/hadoop-ozone/integration-test/target/test-dir/MiniOzoneClusterImpl-afc08962-9222-4e3d-8fb5-552b5e422aae/datanode-3/data/ratis/a23b805a-2c18-4e51-b88c-a55c506ed7db] INFO  segmented.SegmentedRaftLogWorker (SegmentedRaftLogWorker.java:execute(569)) - 3352c2aa-4491-4fbb-82ad-24b3d7cf0c84-SegmentedRaftLogWorker:Storage Directory /workdir/hadoop-ozone/integration-test/target/test-dir/MiniOzoneClusterImpl-afc08962-9222-4e3d-8fb5-552b5e422aae/datanode-3/data/ratis/a23b805a-2c18-4e51-b88c-a55c506ed7db: created new log segment /workdir/hadoop-ozone/integration-test/target/test-dir/MiniOzoneClusterImpl-afc08962-9222-4e3d-8fb5-552b5e422aae/datanode-3/data/ratis/a23b805a-2c18-4e51-b88c-a55c506ed7db/current/log_inprogress_0
2019-09-12 10:21:01,360 [3352c2aa-4491-4fbb-82ad-24b3d7cf0c84:group-24D65FF555F0:LeaderElection19] INFO  impl.LeaderElection (LeaderElection.java:askForVotes(181)) - 3352c2aa-4491-4fbb-82ad-24b3d7cf0c84:group-24D65FF555F0:LeaderElection19: begin an election at term 1 for -1: [3352c2aa-4491-4fbb-82ad-24b3d7cf0c84:192.168.157.195:36967], old=null
2019-09-12 10:21:01,360 [3352c2aa-4491-4fbb-82ad-24b3d7cf0c84:group-24D65FF555F0:LeaderElection19] INFO  impl.RoleInfo (RoleInfo.java:shutdownLeaderElection(134)) - 3352c2aa-4491-4fbb-82ad-24b3d7cf0c84: shutdown LeaderElection
2019-09-12 10:21:01,361 [3352c2aa-4491-4fbb-82ad-24b3d7cf0c84:group-24D65FF555F0:LeaderElection19] INFO  impl.RaftServerImpl (RaftServerImpl.java:setRole(171)) - 3352c2aa-4491-4fbb-82ad-24b3d7cf0c84:group-24D65FF555F0 changes role from CANDIDATE to LEADER at term 1 for changeToLeader
2019-09-12 10:21:01,361 [3352c2aa-4491-4fbb-82ad-24b3d7cf0c84:group-24D65FF555F0:LeaderElection19] INFO  impl.RaftServerImpl (ServerState.java:setLeader(263)) - 3352c2aa-4491-4fbb-82ad-24b3d7cf0c84:group-24D65FF555F0 change Leader from null to 3352c2aa-4491-4fbb-82ad-24b3d7cf0c84 at term 1 for becomeLeader, leader elected after 5238ms
2019-09-12 10:21:01,361 [3352c2aa-4491-4fbb-82ad-24b3d7cf0c84:group-24D65FF555F0:LeaderElection19] INFO  server.RaftServerConfigKeys (ConfUtils.java:logGet(43)) - raft.server.staging.catchup.gap = 1000 (default)
2019-09-12 10:21:01,361 [3352c2aa-4491-4fbb-82ad-24b3d7cf0c84:group-24D65FF555F0:LeaderElection19] INFO  server.RaftServerConfigKeys (ConfUtils.java:logGet(43)) - raft.server.rpc.sleep.time = 25ms (default)
2019-09-12 10:21:01,362 [Thread-266] INFO  impl.FollowerState (FollowerState.java:run(106)) - 807fe137-5703-4ca0-bc4b-d1bf019678ec:group-D8488FC3DB2E changes to CANDIDATE, lastRpcTime:5114, electionTimeout:5114ms
2019-09-12 10:21:01,362 [Thread-266] INFO  impl.RoleInfo (RoleInfo.java:shutdownFollowerState(121)) - 807fe137-5703-4ca0-bc4b-d1bf019678ec: shutdown FollowerState
2019-09-12 10:21:01,362 [3352c2aa-4491-4fbb-82ad-24b3d7cf0c84:group-24D65FF555F0:LeaderElection19] INFO  server.RaftServerConfigKeys (ConfUtils.java:logGet(43)) - raft.server.write.element-limit = 4096 (default)
2019-09-12 10:21:01,362 [Thread-266] INFO  impl.RaftServerImpl (RaftServerImpl.java:setRole(171)) - 807fe137-5703-4ca0-bc4b-d1bf019678ec:group-D8488FC3DB2E changes role from FOLLOWER to CANDIDATE at term 0 for changeToCandidate
2019-09-12 10:21:01,362 [3352c2aa-4491-4fbb-82ad-24b3d7cf0c84:group-24D65FF555F0:LeaderElection19] INFO  server.RaftServerConfigKeys (ConfUtils.java:logGet(43)) - raft.server.watch.timeout = 10s (default)
2019-09-12 10:21:01,362 [Thread-266] INFO  impl.RoleInfo (RoleInfo.java:updateAndGet(143)) - 807fe137-5703-4ca0-bc4b-d1bf019678ec: start LeaderElection
2019-09-12 10:21:01,363 [3352c2aa-4491-4fbb-82ad-24b3d7cf0c84:group-24D65FF555F0:LeaderElection19] INFO  server.RaftServerConfigKeys (ConfUtils.java:logGet(43)) - raft.server.watch.timeout.denomination = 1s (default)
2019-09-12 10:21:01,363 [3352c2aa-4491-4fbb-82ad-24b3d7cf0c84:group-24D65FF555F0:LeaderElection19] INFO  server.RaftServerConfigKeys (ConfUtils.java:logGet(43)) - raft.server.watch.element-limit = 65536 (default)
2019-09-12 10:21:01,379 [80f8a078-74d1-4787-8700-3441e69ebe61-SegmentedRaftLogWorker:Storage Directory /workdir/hadoop-ozone/integration-test/target/test-dir/MiniOzoneClusterImpl-afc08962-9222-4e3d-8fb5-552b5e422aae/datanode-1/data/ratis/a65de7e4-c537-4d47-ae9c-c6e87957a6f5] INFO  segmented.SegmentedRaftLogWorker (SegmentedRaftLogWorker.java:execute(569)) - 80f8a078-74d1-4787-8700-3441e69ebe61-SegmentedRaftLogWorker:Storage Directory /workdir/hadoop-ozone/integration-test/target/test-dir/MiniOzoneClusterImpl-afc08962-9222-4e3d-8fb5-552b5e422aae/datanode-1/data/ratis/a65de7e4-c537-4d47-ae9c-c6e87957a6f5: created new log segment /workdir/hadoop-ozone/integration-test/target/test-dir/MiniOzoneClusterImpl-afc08962-9222-4e3d-8fb5-552b5e422aae/datanode-1/data/ratis/a65de7e4-c537-4d47-ae9c-c6e87957a6f5/current/log_inprogress_0
2019-09-12 10:21:01,379 [3352c2aa-4491-4fbb-82ad-24b3d7cf0c84:group-24D65FF555F0:LeaderElection19] INFO  impl.RoleInfo (RoleInfo.java:updateAndGet(143)) - 3352c2aa-4491-4fbb-82ad-24b3d7cf0c84: start LeaderState
2019-09-12 10:21:01,380 [3352c2aa-4491-4fbb-82ad-24b3d7cf0c84:group-24D65FF555F0:LeaderElection19] INFO  segmented.SegmentedRaftLogWorker (SegmentedRaftLogWorker.java:startLogSegment(380)) - 3352c2aa-4491-4fbb-82ad-24b3d7cf0c84-SegmentedRaftLogWorker:Storage Directory /workdir/hadoop-ozone/integration-test/target/test-dir/MiniOzoneClusterImpl-afc08962-9222-4e3d-8fb5-552b5e422aae/datanode-3/data/ratis/355acb0a-2ff7-41f4-adf4-24d65ff555f0: Starting segment from index:0
2019-09-12 10:21:01,381 [3352c2aa-4491-4fbb-82ad-24b3d7cf0c84:group-24D65FF555F0:LeaderElection19] INFO  impl.RaftServerImpl (ServerState.java:setRaftConf(361)) - 3352c2aa-4491-4fbb-82ad-24b3d7cf0c84:group-24D65FF555F0 set configuration 0: [3352c2aa-4491-4fbb-82ad-24b3d7cf0c84:192.168.157.195:36967], old=null at 0
2019-09-12 10:21:01,421 [Thread-272] INFO  impl.FollowerState (FollowerState.java:run(106)) - 80f8a078-74d1-4787-8700-3441e69ebe61:group-B514D89147F9 changes to CANDIDATE, lastRpcTime:5031, electionTimeout:5014ms
2019-09-12 10:21:01,421 [807fe137-5703-4ca0-bc4b-d1bf019678ec:group-D8488FC3DB2E:LeaderElection20] INFO  impl.LeaderElection (LeaderElection.java:askForVotes(181)) - 807fe137-5703-4ca0-bc4b-d1bf019678ec:group-D8488FC3DB2E:LeaderElection20: begin an election at term 1 for -1: [807fe137-5703-4ca0-bc4b-d1bf019678ec:192.168.157.195:37427], old=null
2019-09-12 10:21:01,421 [Thread-272] INFO  impl.RoleInfo (RoleInfo.java:shutdownFollowerState(121)) - 80f8a078-74d1-4787-8700-3441e69ebe61: shutdown FollowerState
2019-09-12 10:21:01,421 [807fe137-5703-4ca0-bc4b-d1bf019678ec:group-D8488FC3DB2E:LeaderElection20] INFO  impl.RoleInfo (RoleInfo.java:shutdownLeaderElection(134)) - 807fe137-5703-4ca0-bc4b-d1bf019678ec: shutdown LeaderElection
2019-09-12 10:21:01,421 [Thread-272] INFO  impl.RaftServerImpl (RaftServerImpl.java:setRole(171)) - 80f8a078-74d1-4787-8700-3441e69ebe61:group-B514D89147F9 changes role from FOLLOWER to CANDIDATE at term 0 for changeToCandidate
2019-09-12 10:21:01,422 [807fe137-5703-4ca0-bc4b-d1bf019678ec:group-D8488FC3DB2E:LeaderElection20] INFO  impl.RaftServerImpl (RaftServerImpl.java:setRole(171)) - 807fe137-5703-4ca0-bc4b-d1bf019678ec:group-D8488FC3DB2E changes role from CANDIDATE to LEADER at term 1 for changeToLeader
2019-09-12 10:21:01,422 [Thread-272] INFO  impl.RoleInfo (RoleInfo.java:updateAndGet(143)) - 80f8a078-74d1-4787-8700-3441e69ebe61: start LeaderElection
2019-09-12 10:21:01,422 [807fe137-5703-4ca0-bc4b-d1bf019678ec:group-D8488FC3DB2E:LeaderElection20] INFO  impl.RaftServerImpl (ServerState.java:setLeader(263)) - 807fe137-5703-4ca0-bc4b-d1bf019678ec:group-D8488FC3DB2E change Leader from null to 807fe137-5703-4ca0-bc4b-d1bf019678ec at term 1 for becomeLeader, leader elected after 5180ms
2019-09-12 10:21:01,422 [807fe137-5703-4ca0-bc4b-d1bf019678ec:group-D8488FC3DB2E:LeaderElection20] INFO  server.RaftServerConfigKeys (ConfUtils.java:logGet(43)) - raft.server.staging.catchup.gap = 1000 (default)
2019-09-12 10:21:01,424 [807fe137-5703-4ca0-bc4b-d1bf019678ec:group-D8488FC3DB2E:LeaderElection20] INFO  server.RaftServerConfigKeys (ConfUtils.java:logGet(43)) - raft.server.rpc.sleep.time = 25ms (default)
2019-09-12 10:21:01,424 [807fe137-5703-4ca0-bc4b-d1bf019678ec:group-D8488FC3DB2E:LeaderElection20] INFO  server.RaftServerConfigKeys (ConfUtils.java:logGet(43)) - raft.server.write.element-limit = 4096 (default)
2019-09-12 10:21:01,424 [807fe137-5703-4ca0-bc4b-d1bf019678ec:group-D8488FC3DB2E:LeaderElection20] INFO  server.RaftServerConfigKeys (ConfUtils.java:logGet(43)) - raft.server.watch.timeout = 10s (default)
2019-09-12 10:21:01,425 [807fe137-5703-4ca0-bc4b-d1bf019678ec:group-D8488FC3DB2E:LeaderElection20] INFO  server.RaftServerConfigKeys (ConfUtils.java:logGet(43)) - raft.server.watch.timeout.denomination = 1s (default)
2019-09-12 10:21:01,425 [807fe137-5703-4ca0-bc4b-d1bf019678ec:group-D8488FC3DB2E:LeaderElection20] INFO  server.RaftServerConfigKeys (ConfUtils.java:logGet(43)) - raft.server.watch.element-limit = 65536 (default)
2019-09-12 10:21:01,425 [807fe137-5703-4ca0-bc4b-d1bf019678ec:group-D8488FC3DB2E:LeaderElection20] INFO  impl.RoleInfo (RoleInfo.java:updateAndGet(143)) - 807fe137-5703-4ca0-bc4b-d1bf019678ec: start LeaderState
2019-09-12 10:21:01,426 [807fe137-5703-4ca0-bc4b-d1bf019678ec:group-D8488FC3DB2E:LeaderElection20] INFO  segmented.SegmentedRaftLogWorker (SegmentedRaftLogWorker.java:startLogSegment(380)) - 807fe137-5703-4ca0-bc4b-d1bf019678ec-SegmentedRaftLogWorker:Storage Directory /workdir/hadoop-ozone/integration-test/target/test-dir/MiniOzoneClusterImpl-afc08962-9222-4e3d-8fb5-552b5e422aae/datanode-0/data/ratis/f727668c-76c9-4607-b859-d8488fc3db2e: Starting segment from index:0
2019-09-12 10:21:01,426 [807fe137-5703-4ca0-bc4b-d1bf019678ec:group-D8488FC3DB2E:LeaderElection20] INFO  impl.RaftServerImpl (ServerState.java:setRaftConf(361)) - 807fe137-5703-4ca0-bc4b-d1bf019678ec:group-D8488FC3DB2E set configuration 0: [807fe137-5703-4ca0-bc4b-d1bf019678ec:192.168.157.195:37427], old=null at 0
2019-09-12 10:21:01,466 [3352c2aa-4491-4fbb-82ad-24b3d7cf0c84-SegmentedRaftLogWorker:Storage Directory /workdir/hadoop-ozone/integration-test/target/test-dir/MiniOzoneClusterImpl-afc08962-9222-4e3d-8fb5-552b5e422aae/datanode-3/data/ratis/355acb0a-2ff7-41f4-adf4-24d65ff555f0] INFO  segmented.SegmentedRaftLogWorker (SegmentedRaftLogWorker.java:execute(569)) - 3352c2aa-4491-4fbb-82ad-24b3d7cf0c84-SegmentedRaftLogWorker:Storage Directory /workdir/hadoop-ozone/integration-test/target/test-dir/MiniOzoneClusterImpl-afc08962-9222-4e3d-8fb5-552b5e422aae/datanode-3/data/ratis/355acb0a-2ff7-41f4-adf4-24d65ff555f0: created new log segment /workdir/hadoop-ozone/integration-test/target/test-dir/MiniOzoneClusterImpl-afc08962-9222-4e3d-8fb5-552b5e422aae/datanode-3/data/ratis/355acb0a-2ff7-41f4-adf4-24d65ff555f0/current/log_inprogress_0
2019-09-12 10:21:01,466 [80f8a078-74d1-4787-8700-3441e69ebe61:group-B514D89147F9:LeaderElection21] INFO  impl.LeaderElection (LeaderElection.java:askForVotes(181)) - 80f8a078-74d1-4787-8700-3441e69ebe61:group-B514D89147F9:LeaderElection21: begin an election at term 1 for -1: [80f8a078-74d1-4787-8700-3441e69ebe61:192.168.157.195:39355], old=null
2019-09-12 10:21:01,475 [80f8a078-74d1-4787-8700-3441e69ebe61:group-B514D89147F9:LeaderElection21] INFO  impl.RoleInfo (RoleInfo.java:shutdownLeaderElection(134)) - 80f8a078-74d1-4787-8700-3441e69ebe61: shutdown LeaderElection
2019-09-12 10:21:01,476 [80f8a078-74d1-4787-8700-3441e69ebe61:group-B514D89147F9:LeaderElection21] INFO  impl.RaftServerImpl (RaftServerImpl.java:setRole(171)) - 80f8a078-74d1-4787-8700-3441e69ebe61:group-B514D89147F9 changes role from CANDIDATE to LEADER at term 1 for changeToLeader
2019-09-12 10:21:01,476 [80f8a078-74d1-4787-8700-3441e69ebe61:group-B514D89147F9:LeaderElection21] INFO  impl.RaftServerImpl (ServerState.java:setLeader(263)) - 80f8a078-74d1-4787-8700-3441e69ebe61:group-B514D89147F9 change Leader from null to 80f8a078-74d1-4787-8700-3441e69ebe61 at term 1 for becomeLeader, leader elected after 5091ms
2019-09-12 10:21:01,476 [80f8a078-74d1-4787-8700-3441e69ebe61:group-B514D89147F9:LeaderElection21] INFO  server.RaftServerConfigKeys (ConfUtils.java:logGet(43)) - raft.server.staging.catchup.gap = 1000 (default)
2019-09-12 10:21:01,476 [80f8a078-74d1-4787-8700-3441e69ebe61:group-B514D89147F9:LeaderElection21] INFO  server.RaftServerConfigKeys (ConfUtils.java:logGet(43)) - raft.server.rpc.sleep.time = 25ms (default)
2019-09-12 10:21:01,476 | INFO  | SCMAudit | user=jenkins1000 | ip=192.168.157.195 | op=SEND_HEARTBEAT {datanodeUUID=3352c2aa-4491-4fbb-82ad-24b3d7cf0c84, command=[]} | ret=SUCCESS |  
2019-09-12 10:21:01,476 [80f8a078-74d1-4787-8700-3441e69ebe61:group-B514D89147F9:LeaderElection21] INFO  server.RaftServerConfigKeys (ConfUtils.java:logGet(43)) - raft.server.write.element-limit = 4096 (default)
2019-09-12 10:21:01,477 [80f8a078-74d1-4787-8700-3441e69ebe61:group-B514D89147F9:LeaderElection21] INFO  server.RaftServerConfigKeys (ConfUtils.java:logGet(43)) - raft.server.watch.timeout = 10s (default)
2019-09-12 10:21:01,477 [80f8a078-74d1-4787-8700-3441e69ebe61:group-B514D89147F9:LeaderElection21] INFO  server.RaftServerConfigKeys (ConfUtils.java:logGet(43)) - raft.server.watch.timeout.denomination = 1s (default)
2019-09-12 10:21:01,477 [80f8a078-74d1-4787-8700-3441e69ebe61:group-B514D89147F9:LeaderElection21] INFO  server.RaftServerConfigKeys (ConfUtils.java:logGet(43)) - raft.server.watch.element-limit = 65536 (default)
2019-09-12 10:21:01,477 [80f8a078-74d1-4787-8700-3441e69ebe61:group-B514D89147F9:LeaderElection21] INFO  impl.RoleInfo (RoleInfo.java:updateAndGet(143)) - 80f8a078-74d1-4787-8700-3441e69ebe61: start LeaderState
2019-09-12 10:21:01,478 [80f8a078-74d1-4787-8700-3441e69ebe61:group-B514D89147F9:LeaderElection21] INFO  segmented.SegmentedRaftLogWorker (SegmentedRaftLogWorker.java:startLogSegment(380)) - 80f8a078-74d1-4787-8700-3441e69ebe61-SegmentedRaftLogWorker:Storage Directory /workdir/hadoop-ozone/integration-test/target/test-dir/MiniOzoneClusterImpl-afc08962-9222-4e3d-8fb5-552b5e422aae/datanode-1/data/ratis/bae7278c-85b9-4985-bfdc-b514d89147f9: Starting segment from index:0
2019-09-12 10:21:01,478 [80f8a078-74d1-4787-8700-3441e69ebe61:group-B514D89147F9:LeaderElection21] INFO  impl.RaftServerImpl (ServerState.java:setRaftConf(361)) - 80f8a078-74d1-4787-8700-3441e69ebe61:group-B514D89147F9 set configuration 0: [80f8a078-74d1-4787-8700-3441e69ebe61:192.168.157.195:39355], old=null at 0
2019-09-12 10:21:01,480 [807fe137-5703-4ca0-bc4b-d1bf019678ec-SegmentedRaftLogWorker:Storage Directory /workdir/hadoop-ozone/integration-test/target/test-dir/MiniOzoneClusterImpl-afc08962-9222-4e3d-8fb5-552b5e422aae/datanode-0/data/ratis/f727668c-76c9-4607-b859-d8488fc3db2e] INFO  segmented.SegmentedRaftLogWorker (SegmentedRaftLogWorker.java:execute(569)) - 807fe137-5703-4ca0-bc4b-d1bf019678ec-SegmentedRaftLogWorker:Storage Directory /workdir/hadoop-ozone/integration-test/target/test-dir/MiniOzoneClusterImpl-afc08962-9222-4e3d-8fb5-552b5e422aae/datanode-0/data/ratis/f727668c-76c9-4607-b859-d8488fc3db2e: created new log segment /workdir/hadoop-ozone/integration-test/target/test-dir/MiniOzoneClusterImpl-afc08962-9222-4e3d-8fb5-552b5e422aae/datanode-0/data/ratis/f727668c-76c9-4607-b859-d8488fc3db2e/current/log_inprogress_0
2019-09-12 10:21:01,512 [80f8a078-74d1-4787-8700-3441e69ebe61-SegmentedRaftLogWorker:Storage Directory /workdir/hadoop-ozone/integration-test/target/test-dir/MiniOzoneClusterImpl-afc08962-9222-4e3d-8fb5-552b5e422aae/datanode-1/data/ratis/bae7278c-85b9-4985-bfdc-b514d89147f9] INFO  segmented.SegmentedRaftLogWorker (SegmentedRaftLogWorker.java:execute(569)) - 80f8a078-74d1-4787-8700-3441e69ebe61-SegmentedRaftLogWorker:Storage Directory /workdir/hadoop-ozone/integration-test/target/test-dir/MiniOzoneClusterImpl-afc08962-9222-4e3d-8fb5-552b5e422aae/datanode-1/data/ratis/bae7278c-85b9-4985-bfdc-b514d89147f9: created new log segment /workdir/hadoop-ozone/integration-test/target/test-dir/MiniOzoneClusterImpl-afc08962-9222-4e3d-8fb5-552b5e422aae/datanode-1/data/ratis/bae7278c-85b9-4985-bfdc-b514d89147f9/current/log_inprogress_0
2019-09-12 10:21:01,529 [Thread-269] INFO  impl.FollowerState (FollowerState.java:run(106)) - 2d34cfa1-ae82-414b-bae6-717ee002fe05:group-79B4561C3D24 changes to CANDIDATE, lastRpcTime:5195, electionTimeout:5195ms
2019-09-12 10:21:01,529 [Thread-269] INFO  impl.RoleInfo (RoleInfo.java:shutdownFollowerState(121)) - 2d34cfa1-ae82-414b-bae6-717ee002fe05: shutdown FollowerState
2019-09-12 10:21:01,529 [Thread-269] INFO  impl.RaftServerImpl (RaftServerImpl.java:setRole(171)) - 2d34cfa1-ae82-414b-bae6-717ee002fe05:group-79B4561C3D24 changes role from FOLLOWER to CANDIDATE at term 0 for changeToCandidate
2019-09-12 10:21:01,529 [Thread-269] INFO  impl.RoleInfo (RoleInfo.java:updateAndGet(143)) - 2d34cfa1-ae82-414b-bae6-717ee002fe05: start LeaderElection
2019-09-12 10:21:01,545 [2d34cfa1-ae82-414b-bae6-717ee002fe05:group-79B4561C3D24:LeaderElection22] INFO  impl.LeaderElection (LeaderElection.java:askForVotes(181)) - 2d34cfa1-ae82-414b-bae6-717ee002fe05:group-79B4561C3D24:LeaderElection22: begin an election at term 1 for -1: [2d34cfa1-ae82-414b-bae6-717ee002fe05:192.168.157.195:46440], old=null
2019-09-12 10:21:01,545 [2d34cfa1-ae82-414b-bae6-717ee002fe05:group-79B4561C3D24:LeaderElection22] INFO  impl.RoleInfo (RoleInfo.java:shutdownLeaderElection(134)) - 2d34cfa1-ae82-414b-bae6-717ee002fe05: shutdown LeaderElection
2019-09-12 10:21:01,545 [2d34cfa1-ae82-414b-bae6-717ee002fe05:group-79B4561C3D24:LeaderElection22] INFO  impl.RaftServerImpl (RaftServerImpl.java:setRole(171)) - 2d34cfa1-ae82-414b-bae6-717ee002fe05:group-79B4561C3D24 changes role from CANDIDATE to LEADER at term 1 for changeToLeader
2019-09-12 10:21:01,545 [2d34cfa1-ae82-414b-bae6-717ee002fe05:group-79B4561C3D24:LeaderElection22] INFO  impl.RaftServerImpl (ServerState.java:setLeader(263)) - 2d34cfa1-ae82-414b-bae6-717ee002fe05:group-79B4561C3D24 change Leader from null to 2d34cfa1-ae82-414b-bae6-717ee002fe05 at term 1 for becomeLeader, leader elected after 5216ms
2019-09-12 10:21:01,546 [2d34cfa1-ae82-414b-bae6-717ee002fe05:group-79B4561C3D24:LeaderElection22] INFO  server.RaftServerConfigKeys (ConfUtils.java:logGet(43)) - raft.server.staging.catchup.gap = 1000 (default)
2019-09-12 10:21:01,546 [2d34cfa1-ae82-414b-bae6-717ee002fe05:group-79B4561C3D24:LeaderElection22] INFO  server.RaftServerConfigKeys (ConfUtils.java:logGet(43)) - raft.server.rpc.sleep.time = 25ms (default)
2019-09-12 10:21:01,546 [2d34cfa1-ae82-414b-bae6-717ee002fe05:group-79B4561C3D24:LeaderElection22] INFO  server.RaftServerConfigKeys (ConfUtils.java:logGet(43)) - raft.server.write.element-limit = 4096 (default)
2019-09-12 10:21:01,546 [2d34cfa1-ae82-414b-bae6-717ee002fe05:group-79B4561C3D24:LeaderElection22] INFO  server.RaftServerConfigKeys (ConfUtils.java:logGet(43)) - raft.server.watch.timeout = 10s (default)
2019-09-12 10:21:01,547 [2d34cfa1-ae82-414b-bae6-717ee002fe05:group-79B4561C3D24:LeaderElection22] INFO  server.RaftServerConfigKeys (ConfUtils.java:logGet(43)) - raft.server.watch.timeout.denomination = 1s (default)
2019-09-12 10:21:01,547 [2d34cfa1-ae82-414b-bae6-717ee002fe05:group-79B4561C3D24:LeaderElection22] INFO  server.RaftServerConfigKeys (ConfUtils.java:logGet(43)) - raft.server.watch.element-limit = 65536 (default)
2019-09-12 10:21:01,547 [2d34cfa1-ae82-414b-bae6-717ee002fe05:group-79B4561C3D24:LeaderElection22] INFO  impl.RoleInfo (RoleInfo.java:updateAndGet(143)) - 2d34cfa1-ae82-414b-bae6-717ee002fe05: start LeaderState
2019-09-12 10:21:01,547 [2d34cfa1-ae82-414b-bae6-717ee002fe05:group-79B4561C3D24:LeaderElection22] INFO  segmented.SegmentedRaftLogWorker (SegmentedRaftLogWorker.java:startLogSegment(380)) - 2d34cfa1-ae82-414b-bae6-717ee002fe05-SegmentedRaftLogWorker:Storage Directory /workdir/hadoop-ozone/integration-test/target/test-dir/MiniOzoneClusterImpl-afc08962-9222-4e3d-8fb5-552b5e422aae/datanode-4/data/ratis/0e0b8f64-e50d-47a0-a140-79b4561c3d24: Starting segment from index:0
2019-09-12 10:21:01,548 [2d34cfa1-ae82-414b-bae6-717ee002fe05:group-79B4561C3D24:LeaderElection22] INFO  impl.RaftServerImpl (ServerState.java:setRaftConf(361)) - 2d34cfa1-ae82-414b-bae6-717ee002fe05:group-79B4561C3D24 set configuration 0: [2d34cfa1-ae82-414b-bae6-717ee002fe05:192.168.157.195:46440], old=null at 0
2019-09-12 10:21:01,584 [Thread-275] INFO  impl.FollowerState (FollowerState.java:run(106)) - 2d34cfa1-ae82-414b-bae6-717ee002fe05:group-DFDF1FA081FE changes to CANDIDATE, lastRpcTime:5141, electionTimeout:5125ms
2019-09-12 10:21:01,584 [Thread-275] INFO  impl.RoleInfo (RoleInfo.java:shutdownFollowerState(121)) - 2d34cfa1-ae82-414b-bae6-717ee002fe05: shutdown FollowerState
2019-09-12 10:21:01,585 [Thread-275] INFO  impl.RaftServerImpl (RaftServerImpl.java:setRole(171)) - 2d34cfa1-ae82-414b-bae6-717ee002fe05:group-DFDF1FA081FE changes role from FOLLOWER to CANDIDATE at term 0 for changeToCandidate
2019-09-12 10:21:01,585 [Thread-275] INFO  impl.RoleInfo (RoleInfo.java:updateAndGet(143)) - 2d34cfa1-ae82-414b-bae6-717ee002fe05: start LeaderElection
2019-09-12 10:21:01,589 | INFO  | SCMAudit | user=jenkins1000 | ip=192.168.157.195 | op=SEND_HEARTBEAT {datanodeUUID=2d34cfa1-ae82-414b-bae6-717ee002fe05, command=[]} | ret=SUCCESS |  
2019-09-12 10:21:01,598 [2d34cfa1-ae82-414b-bae6-717ee002fe05-SegmentedRaftLogWorker:Storage Directory /workdir/hadoop-ozone/integration-test/target/test-dir/MiniOzoneClusterImpl-afc08962-9222-4e3d-8fb5-552b5e422aae/datanode-4/data/ratis/0e0b8f64-e50d-47a0-a140-79b4561c3d24] INFO  segmented.SegmentedRaftLogWorker (SegmentedRaftLogWorker.java:execute(569)) - 2d34cfa1-ae82-414b-bae6-717ee002fe05-SegmentedRaftLogWorker:Storage Directory /workdir/hadoop-ozone/integration-test/target/test-dir/MiniOzoneClusterImpl-afc08962-9222-4e3d-8fb5-552b5e422aae/datanode-4/data/ratis/0e0b8f64-e50d-47a0-a140-79b4561c3d24: created new log segment /workdir/hadoop-ozone/integration-test/target/test-dir/MiniOzoneClusterImpl-afc08962-9222-4e3d-8fb5-552b5e422aae/datanode-4/data/ratis/0e0b8f64-e50d-47a0-a140-79b4561c3d24/current/log_inprogress_0
2019-09-12 10:21:01,601 [2d34cfa1-ae82-414b-bae6-717ee002fe05:group-DFDF1FA081FE:LeaderElection23] INFO  impl.LeaderElection (LeaderElection.java:askForVotes(181)) - 2d34cfa1-ae82-414b-bae6-717ee002fe05:group-DFDF1FA081FE:LeaderElection23: begin an election at term 1 for -1: [2d34cfa1-ae82-414b-bae6-717ee002fe05:192.168.157.195:46440], old=null
2019-09-12 10:21:01,608 [2d34cfa1-ae82-414b-bae6-717ee002fe05:group-DFDF1FA081FE:LeaderElection23] INFO  impl.RoleInfo (RoleInfo.java:shutdownLeaderElection(134)) - 2d34cfa1-ae82-414b-bae6-717ee002fe05: shutdown LeaderElection
2019-09-12 10:21:01,608 [2d34cfa1-ae82-414b-bae6-717ee002fe05:group-DFDF1FA081FE:LeaderElection23] INFO  impl.RaftServerImpl (RaftServerImpl.java:setRole(171)) - 2d34cfa1-ae82-414b-bae6-717ee002fe05:group-DFDF1FA081FE changes role from CANDIDATE to LEADER at term 1 for changeToLeader
2019-09-12 10:21:01,608 [2d34cfa1-ae82-414b-bae6-717ee002fe05:group-DFDF1FA081FE:LeaderElection23] INFO  impl.RaftServerImpl (ServerState.java:setLeader(263)) - 2d34cfa1-ae82-414b-bae6-717ee002fe05:group-DFDF1FA081FE change Leader from null to 2d34cfa1-ae82-414b-bae6-717ee002fe05 at term 1 for becomeLeader, leader elected after 5170ms
2019-09-12 10:21:01,609 [2d34cfa1-ae82-414b-bae6-717ee002fe05:group-DFDF1FA081FE:LeaderElection23] INFO  server.RaftServerConfigKeys (ConfUtils.java:logGet(43)) - raft.server.staging.catchup.gap = 1000 (default)
2019-09-12 10:21:01,609 [2d34cfa1-ae82-414b-bae6-717ee002fe05:group-DFDF1FA081FE:LeaderElection23] INFO  server.RaftServerConfigKeys (ConfUtils.java:logGet(43)) - raft.server.rpc.sleep.time = 25ms (default)
2019-09-12 10:21:01,609 [2d34cfa1-ae82-414b-bae6-717ee002fe05:group-DFDF1FA081FE:LeaderElection23] INFO  server.RaftServerConfigKeys (ConfUtils.java:logGet(43)) - raft.server.write.element-limit = 4096 (default)
2019-09-12 10:21:01,609 [2d34cfa1-ae82-414b-bae6-717ee002fe05:group-DFDF1FA081FE:LeaderElection23] INFO  server.RaftServerConfigKeys (ConfUtils.java:logGet(43)) - raft.server.watch.timeout = 10s (default)
2019-09-12 10:21:01,609 [2d34cfa1-ae82-414b-bae6-717ee002fe05:group-DFDF1FA081FE:LeaderElection23] INFO  server.RaftServerConfigKeys (ConfUtils.java:logGet(43)) - raft.server.watch.timeout.denomination = 1s (default)
2019-09-12 10:21:01,609 [2d34cfa1-ae82-414b-bae6-717ee002fe05:group-DFDF1FA081FE:LeaderElection23] INFO  server.RaftServerConfigKeys (ConfUtils.java:logGet(43)) - raft.server.watch.element-limit = 65536 (default)
2019-09-12 10:21:01,610 [2d34cfa1-ae82-414b-bae6-717ee002fe05:group-DFDF1FA081FE:LeaderElection23] INFO  impl.RoleInfo (RoleInfo.java:updateAndGet(143)) - 2d34cfa1-ae82-414b-bae6-717ee002fe05: start LeaderState
2019-09-12 10:21:01,610 [2d34cfa1-ae82-414b-bae6-717ee002fe05:group-DFDF1FA081FE:LeaderElection23] INFO  segmented.SegmentedRaftLogWorker (SegmentedRaftLogWorker.java:startLogSegment(380)) - 2d34cfa1-ae82-414b-bae6-717ee002fe05-SegmentedRaftLogWorker:Storage Directory /workdir/hadoop-ozone/integration-test/target/test-dir/MiniOzoneClusterImpl-afc08962-9222-4e3d-8fb5-552b5e422aae/datanode-4/data/ratis/87b15e4a-129c-4bc8-8c75-dfdf1fa081fe: Starting segment from index:0
2019-09-12 10:21:01,610 [2d34cfa1-ae82-414b-bae6-717ee002fe05:group-DFDF1FA081FE:LeaderElection23] INFO  impl.RaftServerImpl (ServerState.java:setRaftConf(361)) - 2d34cfa1-ae82-414b-bae6-717ee002fe05:group-DFDF1FA081FE set configuration 0: [2d34cfa1-ae82-414b-bae6-717ee002fe05:192.168.157.195:46440], old=null at 0
2019-09-12 10:21:01,663 [2d34cfa1-ae82-414b-bae6-717ee002fe05-SegmentedRaftLogWorker:Storage Directory /workdir/hadoop-ozone/integration-test/target/test-dir/MiniOzoneClusterImpl-afc08962-9222-4e3d-8fb5-552b5e422aae/datanode-4/data/ratis/87b15e4a-129c-4bc8-8c75-dfdf1fa081fe] INFO  segmented.SegmentedRaftLogWorker (SegmentedRaftLogWorker.java:execute(569)) - 2d34cfa1-ae82-414b-bae6-717ee002fe05-SegmentedRaftLogWorker:Storage Directory /workdir/hadoop-ozone/integration-test/target/test-dir/MiniOzoneClusterImpl-afc08962-9222-4e3d-8fb5-552b5e422aae/datanode-4/data/ratis/87b15e4a-129c-4bc8-8c75-dfdf1fa081fe: created new log segment /workdir/hadoop-ozone/integration-test/target/test-dir/MiniOzoneClusterImpl-afc08962-9222-4e3d-8fb5-552b5e422aae/datanode-4/data/ratis/87b15e4a-129c-4bc8-8c75-dfdf1fa081fe/current/log_inprogress_0
2019-09-12 10:21:01,667 | INFO  | SCMAudit | user=jenkins1000 | ip=192.168.157.195 | op=SEND_HEARTBEAT {datanodeUUID=807fe137-5703-4ca0-bc4b-d1bf019678ec, command=[]} | ret=SUCCESS |  
2019-09-12 10:21:01,673 [Thread-278] INFO  impl.FollowerState (FollowerState.java:run(106)) - 2d34cfa1-ae82-414b-bae6-717ee002fe05:group-AA0C2D5B717C changes to CANDIDATE, lastRpcTime:5166, electionTimeout:5166ms
2019-09-12 10:21:01,673 [Thread-278] INFO  impl.RoleInfo (RoleInfo.java:shutdownFollowerState(121)) - 2d34cfa1-ae82-414b-bae6-717ee002fe05: shutdown FollowerState
2019-09-12 10:21:01,673 [Thread-278] INFO  impl.RaftServerImpl (RaftServerImpl.java:setRole(171)) - 2d34cfa1-ae82-414b-bae6-717ee002fe05:group-AA0C2D5B717C changes role from FOLLOWER to CANDIDATE at term 0 for changeToCandidate
2019-09-12 10:21:01,673 [Thread-278] INFO  impl.RoleInfo (RoleInfo.java:updateAndGet(143)) - 2d34cfa1-ae82-414b-bae6-717ee002fe05: start LeaderElection
2019-09-12 10:21:01,683 [Thread-284] INFO  impl.FollowerState (FollowerState.java:run(106)) - 3352c2aa-4491-4fbb-82ad-24b3d7cf0c84:group-F7D68A6E4A8E changes to CANDIDATE, lastRpcTime:5051, electionTimeout:5051ms
2019-09-12 10:21:01,683 [Thread-284] INFO  impl.RoleInfo (RoleInfo.java:shutdownFollowerState(121)) - 3352c2aa-4491-4fbb-82ad-24b3d7cf0c84: shutdown FollowerState
2019-09-12 10:21:01,683 [Thread-284] INFO  impl.RaftServerImpl (RaftServerImpl.java:setRole(171)) - 3352c2aa-4491-4fbb-82ad-24b3d7cf0c84:group-F7D68A6E4A8E changes role from FOLLOWER to CANDIDATE at term 0 for changeToCandidate
2019-09-12 10:21:01,683 [Thread-284] INFO  impl.RoleInfo (RoleInfo.java:updateAndGet(143)) - 3352c2aa-4491-4fbb-82ad-24b3d7cf0c84: start LeaderElection
2019-09-12 10:21:01,685 [Thread-281] INFO  impl.FollowerState (FollowerState.java:run(106)) - 3352c2aa-4491-4fbb-82ad-24b3d7cf0c84:group-E563BB7B5E57 changes to CANDIDATE, lastRpcTime:5129, electionTimeout:5129ms
2019-09-12 10:21:01,685 [Thread-281] INFO  impl.RoleInfo (RoleInfo.java:shutdownFollowerState(121)) - 3352c2aa-4491-4fbb-82ad-24b3d7cf0c84: shutdown FollowerState
2019-09-12 10:21:01,686 [Thread-281] INFO  impl.RaftServerImpl (RaftServerImpl.java:setRole(171)) - 3352c2aa-4491-4fbb-82ad-24b3d7cf0c84:group-E563BB7B5E57 changes role from FOLLOWER to CANDIDATE at term 0 for changeToCandidate
2019-09-12 10:21:01,686 [Thread-281] INFO  impl.RoleInfo (RoleInfo.java:updateAndGet(143)) - 3352c2aa-4491-4fbb-82ad-24b3d7cf0c84: start LeaderElection
2019-09-12 10:21:01,689 [2d34cfa1-ae82-414b-bae6-717ee002fe05:group-AA0C2D5B717C:LeaderElection24] INFO  impl.LeaderElection (LeaderElection.java:askForVotes(181)) - 2d34cfa1-ae82-414b-bae6-717ee002fe05:group-AA0C2D5B717C:LeaderElection24: begin an election at term 1 for -1: [2d34cfa1-ae82-414b-bae6-717ee002fe05:192.168.157.195:46440], old=null
2019-09-12 10:21:01,689 [3352c2aa-4491-4fbb-82ad-24b3d7cf0c84:group-F7D68A6E4A8E:LeaderElection25] INFO  impl.LeaderElection (LeaderElection.java:askForVotes(181)) - 3352c2aa-4491-4fbb-82ad-24b3d7cf0c84:group-F7D68A6E4A8E:LeaderElection25: begin an election at term 1 for -1: [3352c2aa-4491-4fbb-82ad-24b3d7cf0c84:192.168.157.195:36967], old=null
2019-09-12 10:21:01,689 [2d34cfa1-ae82-414b-bae6-717ee002fe05:group-AA0C2D5B717C:LeaderElection24] INFO  impl.RoleInfo (RoleInfo.java:shutdownLeaderElection(134)) - 2d34cfa1-ae82-414b-bae6-717ee002fe05: shutdown LeaderElection
2019-09-12 10:21:01,689 [3352c2aa-4491-4fbb-82ad-24b3d7cf0c84:group-F7D68A6E4A8E:LeaderElection25] INFO  impl.RoleInfo (RoleInfo.java:shutdownLeaderElection(134)) - 3352c2aa-4491-4fbb-82ad-24b3d7cf0c84: shutdown LeaderElection
2019-09-12 10:21:01,689 [2d34cfa1-ae82-414b-bae6-717ee002fe05:group-AA0C2D5B717C:LeaderElection24] INFO  impl.RaftServerImpl (RaftServerImpl.java:setRole(171)) - 2d34cfa1-ae82-414b-bae6-717ee002fe05:group-AA0C2D5B717C changes role from CANDIDATE to LEADER at term 1 for changeToLeader
2019-09-12 10:21:01,689 [3352c2aa-4491-4fbb-82ad-24b3d7cf0c84:group-F7D68A6E4A8E:LeaderElection25] INFO  impl.RaftServerImpl (RaftServerImpl.java:setRole(171)) - 3352c2aa-4491-4fbb-82ad-24b3d7cf0c84:group-F7D68A6E4A8E changes role from CANDIDATE to LEADER at term 1 for changeToLeader
2019-09-12 10:21:01,690 [2d34cfa1-ae82-414b-bae6-717ee002fe05:group-AA0C2D5B717C:LeaderElection24] INFO  impl.RaftServerImpl (ServerState.java:setLeader(263)) - 2d34cfa1-ae82-414b-bae6-717ee002fe05:group-AA0C2D5B717C change Leader from null to 2d34cfa1-ae82-414b-bae6-717ee002fe05 at term 1 for becomeLeader, leader elected after 5186ms
2019-09-12 10:21:01,690 [3352c2aa-4491-4fbb-82ad-24b3d7cf0c84:group-F7D68A6E4A8E:LeaderElection25] INFO  impl.RaftServerImpl (ServerState.java:setLeader(263)) - 3352c2aa-4491-4fbb-82ad-24b3d7cf0c84:group-F7D68A6E4A8E change Leader from null to 3352c2aa-4491-4fbb-82ad-24b3d7cf0c84 at term 1 for becomeLeader, leader elected after 5062ms
2019-09-12 10:21:01,690 [2d34cfa1-ae82-414b-bae6-717ee002fe05:group-AA0C2D5B717C:LeaderElection24] INFO  server.RaftServerConfigKeys (ConfUtils.java:logGet(43)) - raft.server.staging.catchup.gap = 1000 (default)
2019-09-12 10:21:01,690 [2d34cfa1-ae82-414b-bae6-717ee002fe05:group-AA0C2D5B717C:LeaderElection24] INFO  server.RaftServerConfigKeys (ConfUtils.java:logGet(43)) - raft.server.rpc.sleep.time = 25ms (default)
2019-09-12 10:21:01,690 [3352c2aa-4491-4fbb-82ad-24b3d7cf0c84:group-F7D68A6E4A8E:LeaderElection25] INFO  server.RaftServerConfigKeys (ConfUtils.java:logGet(43)) - raft.server.staging.catchup.gap = 1000 (default)
2019-09-12 10:21:01,690 [2d34cfa1-ae82-414b-bae6-717ee002fe05:group-AA0C2D5B717C:LeaderElection24] INFO  server.RaftServerConfigKeys (ConfUtils.java:logGet(43)) - raft.server.write.element-limit = 4096 (default)
2019-09-12 10:21:01,691 [3352c2aa-4491-4fbb-82ad-24b3d7cf0c84:group-F7D68A6E4A8E:LeaderElection25] INFO  server.RaftServerConfigKeys (ConfUtils.java:logGet(43)) - raft.server.rpc.sleep.time = 25ms (default)
2019-09-12 10:21:01,691 [3352c2aa-4491-4fbb-82ad-24b3d7cf0c84:group-E563BB7B5E57:LeaderElection26] INFO  impl.LeaderElection (LeaderElection.java:askForVotes(181)) - 3352c2aa-4491-4fbb-82ad-24b3d7cf0c84:group-E563BB7B5E57:LeaderElection26: begin an election at term 1 for -1: [3352c2aa-4491-4fbb-82ad-24b3d7cf0c84:192.168.157.195:36967], old=null
2019-09-12 10:21:01,691 [2d34cfa1-ae82-414b-bae6-717ee002fe05:group-AA0C2D5B717C:LeaderElection24] INFO  server.RaftServerConfigKeys (ConfUtils.java:logGet(43)) - raft.server.watch.timeout = 10s (default)
2019-09-12 10:21:01,691 [3352c2aa-4491-4fbb-82ad-24b3d7cf0c84:group-E563BB7B5E57:LeaderElection26] INFO  impl.RoleInfo (RoleInfo.java:shutdownLeaderElection(134)) - 3352c2aa-4491-4fbb-82ad-24b3d7cf0c84: shutdown LeaderElection
2019-09-12 10:21:01,691 [3352c2aa-4491-4fbb-82ad-24b3d7cf0c84:group-F7D68A6E4A8E:LeaderElection25] INFO  server.RaftServerConfigKeys (ConfUtils.java:logGet(43)) - raft.server.write.element-limit = 4096 (default)
2019-09-12 10:21:01,691 [3352c2aa-4491-4fbb-82ad-24b3d7cf0c84:group-E563BB7B5E57:LeaderElection26] INFO  impl.RaftServerImpl (RaftServerImpl.java:setRole(171)) - 3352c2aa-4491-4fbb-82ad-24b3d7cf0c84:group-E563BB7B5E57 changes role from CANDIDATE to LEADER at term 1 for changeToLeader
2019-09-12 10:21:01,691 [2d34cfa1-ae82-414b-bae6-717ee002fe05:group-AA0C2D5B717C:LeaderElection24] INFO  server.RaftServerConfigKeys (ConfUtils.java:logGet(43)) - raft.server.watch.timeout.denomination = 1s (default)
2019-09-12 10:21:01,692 [3352c2aa-4491-4fbb-82ad-24b3d7cf0c84:group-E563BB7B5E57:LeaderElection26] INFO  impl.RaftServerImpl (ServerState.java:setLeader(263)) - 3352c2aa-4491-4fbb-82ad-24b3d7cf0c84:group-E563BB7B5E57 change Leader from null to 3352c2aa-4491-4fbb-82ad-24b3d7cf0c84 at term 1 for becomeLeader, leader elected after 5140ms
2019-09-12 10:21:01,692 [3352c2aa-4491-4fbb-82ad-24b3d7cf0c84:group-F7D68A6E4A8E:LeaderElection25] INFO  server.RaftServerConfigKeys (ConfUtils.java:logGet(43)) - raft.server.watch.timeout = 10s (default)
2019-09-12 10:21:01,692 [3352c2aa-4491-4fbb-82ad-24b3d7cf0c84:group-E563BB7B5E57:LeaderElection26] INFO  server.RaftServerConfigKeys (ConfUtils.java:logGet(43)) - raft.server.staging.catchup.gap = 1000 (default)
2019-09-12 10:21:01,692 [2d34cfa1-ae82-414b-bae6-717ee002fe05:group-AA0C2D5B717C:LeaderElection24] INFO  server.RaftServerConfigKeys (ConfUtils.java:logGet(43)) - raft.server.watch.element-limit = 65536 (default)
2019-09-12 10:21:01,692 [3352c2aa-4491-4fbb-82ad-24b3d7cf0c84:group-E563BB7B5E57:LeaderElection26] INFO  server.RaftServerConfigKeys (ConfUtils.java:logGet(43)) - raft.server.rpc.sleep.time = 25ms (default)
2019-09-12 10:21:01,692 [3352c2aa-4491-4fbb-82ad-24b3d7cf0c84:group-F7D68A6E4A8E:LeaderElection25] INFO  server.RaftServerConfigKeys (ConfUtils.java:logGet(43)) - raft.server.watch.timeout.denomination = 1s (default)
2019-09-12 10:21:01,693 [3352c2aa-4491-4fbb-82ad-24b3d7cf0c84:group-E563BB7B5E57:LeaderElection26] INFO  server.RaftServerConfigKeys (ConfUtils.java:logGet(43)) - raft.server.write.element-limit = 4096 (default)
2019-09-12 10:21:01,693 [2d34cfa1-ae82-414b-bae6-717ee002fe05:group-AA0C2D5B717C:LeaderElection24] INFO  impl.RoleInfo (RoleInfo.java:updateAndGet(143)) - 2d34cfa1-ae82-414b-bae6-717ee002fe05: start LeaderState
2019-09-12 10:21:01,693 [3352c2aa-4491-4fbb-82ad-24b3d7cf0c84:group-E563BB7B5E57:LeaderElection26] INFO  server.RaftServerConfigKeys (ConfUtils.java:logGet(43)) - raft.server.watch.timeout = 10s (default)
2019-09-12 10:21:01,693 [3352c2aa-4491-4fbb-82ad-24b3d7cf0c84:group-F7D68A6E4A8E:LeaderElection25] INFO  server.RaftServerConfigKeys (ConfUtils.java:logGet(43)) - raft.server.watch.element-limit = 65536 (default)
2019-09-12 10:21:01,693 [2d34cfa1-ae82-414b-bae6-717ee002fe05:group-AA0C2D5B717C:LeaderElection24] INFO  segmented.SegmentedRaftLogWorker (SegmentedRaftLogWorker.java:startLogSegment(380)) - 2d34cfa1-ae82-414b-bae6-717ee002fe05-SegmentedRaftLogWorker:Storage Directory /workdir/hadoop-ozone/integration-test/target/test-dir/MiniOzoneClusterImpl-afc08962-9222-4e3d-8fb5-552b5e422aae/datanode-4/data/ratis/7e5ee52c-7d4f-43fc-8008-aa0c2d5b717c: Starting segment from index:0
2019-09-12 10:21:01,693 [3352c2aa-4491-4fbb-82ad-24b3d7cf0c84:group-E563BB7B5E57:LeaderElection26] INFO  server.RaftServerConfigKeys (ConfUtils.java:logGet(43)) - raft.server.watch.timeout.denomination = 1s (default)
2019-09-12 10:21:01,694 [3352c2aa-4491-4fbb-82ad-24b3d7cf0c84:group-F7D68A6E4A8E:LeaderElection25] INFO  impl.RoleInfo (RoleInfo.java:updateAndGet(143)) - 3352c2aa-4491-4fbb-82ad-24b3d7cf0c84: start LeaderState
2019-09-12 10:21:01,694 [3352c2aa-4491-4fbb-82ad-24b3d7cf0c84:group-E563BB7B5E57:LeaderElection26] INFO  server.RaftServerConfigKeys (ConfUtils.java:logGet(43)) - raft.server.watch.element-limit = 65536 (default)
2019-09-12 10:21:01,694 [2d34cfa1-ae82-414b-bae6-717ee002fe05:group-AA0C2D5B717C:LeaderElection24] INFO  impl.RaftServerImpl (ServerState.java:setRaftConf(361)) - 2d34cfa1-ae82-414b-bae6-717ee002fe05:group-AA0C2D5B717C set configuration 0: [2d34cfa1-ae82-414b-bae6-717ee002fe05:192.168.157.195:46440], old=null at 0
2019-09-12 10:21:01,694 [3352c2aa-4491-4fbb-82ad-24b3d7cf0c84:group-F7D68A6E4A8E:LeaderElection25] INFO  segmented.SegmentedRaftLogWorker (SegmentedRaftLogWorker.java:startLogSegment(380)) - 3352c2aa-4491-4fbb-82ad-24b3d7cf0c84-SegmentedRaftLogWorker:Storage Directory /workdir/hadoop-ozone/integration-test/target/test-dir/MiniOzoneClusterImpl-afc08962-9222-4e3d-8fb5-552b5e422aae/datanode-3/data/ratis/6cd93c84-ba1b-49cb-9de0-f7d68a6e4a8e: Starting segment from index:0
2019-09-12 10:21:01,694 [3352c2aa-4491-4fbb-82ad-24b3d7cf0c84:group-E563BB7B5E57:LeaderElection26] INFO  impl.RoleInfo (RoleInfo.java:updateAndGet(143)) - 3352c2aa-4491-4fbb-82ad-24b3d7cf0c84: start LeaderState
2019-09-12 10:21:01,730 [3352c2aa-4491-4fbb-82ad-24b3d7cf0c84:group-E563BB7B5E57:LeaderElection26] INFO  segmented.SegmentedRaftLogWorker (SegmentedRaftLogWorker.java:startLogSegment(380)) - 3352c2aa-4491-4fbb-82ad-24b3d7cf0c84-SegmentedRaftLogWorker:Storage Directory /workdir/hadoop-ozone/integration-test/target/test-dir/MiniOzoneClusterImpl-afc08962-9222-4e3d-8fb5-552b5e422aae/datanode-3/data/ratis/dc27b656-8f83-42c4-90cf-e563bb7b5e57: Starting segment from index:0
2019-09-12 10:21:01,731 [3352c2aa-4491-4fbb-82ad-24b3d7cf0c84:group-F7D68A6E4A8E:LeaderElection25] INFO  impl.RaftServerImpl (ServerState.java:setRaftConf(361)) - 3352c2aa-4491-4fbb-82ad-24b3d7cf0c84:group-F7D68A6E4A8E set configuration 0: [3352c2aa-4491-4fbb-82ad-24b3d7cf0c84:192.168.157.195:36967], old=null at 0
2019-09-12 10:21:01,761 [2d34cfa1-ae82-414b-bae6-717ee002fe05-SegmentedRaftLogWorker:Storage Directory /workdir/hadoop-ozone/integration-test/target/test-dir/MiniOzoneClusterImpl-afc08962-9222-4e3d-8fb5-552b5e422aae/datanode-4/data/ratis/7e5ee52c-7d4f-43fc-8008-aa0c2d5b717c] INFO  segmented.SegmentedRaftLogWorker (SegmentedRaftLogWorker.java:execute(569)) - 2d34cfa1-ae82-414b-bae6-717ee002fe05-SegmentedRaftLogWorker:Storage Directory /workdir/hadoop-ozone/integration-test/target/test-dir/MiniOzoneClusterImpl-afc08962-9222-4e3d-8fb5-552b5e422aae/datanode-4/data/ratis/7e5ee52c-7d4f-43fc-8008-aa0c2d5b717c: created new log segment /workdir/hadoop-ozone/integration-test/target/test-dir/MiniOzoneClusterImpl-afc08962-9222-4e3d-8fb5-552b5e422aae/datanode-4/data/ratis/7e5ee52c-7d4f-43fc-8008-aa0c2d5b717c/current/log_inprogress_0
2019-09-12 10:21:01,761 [3352c2aa-4491-4fbb-82ad-24b3d7cf0c84:group-E563BB7B5E57:LeaderElection26] INFO  impl.RaftServerImpl (ServerState.java:setRaftConf(361)) - 3352c2aa-4491-4fbb-82ad-24b3d7cf0c84:group-E563BB7B5E57 set configuration 0: [3352c2aa-4491-4fbb-82ad-24b3d7cf0c84:192.168.157.195:36967], old=null at 0
2019-09-12 10:21:01,800 [Thread-287] INFO  impl.FollowerState (FollowerState.java:run(106)) - 3352c2aa-4491-4fbb-82ad-24b3d7cf0c84:group-37DEA62297F6 changes to CANDIDATE, lastRpcTime:5111, electionTimeout:5098ms
2019-09-12 10:21:01,800 [3352c2aa-4491-4fbb-82ad-24b3d7cf0c84-SegmentedRaftLogWorker:Storage Directory /workdir/hadoop-ozone/integration-test/target/test-dir/MiniOzoneClusterImpl-afc08962-9222-4e3d-8fb5-552b5e422aae/datanode-3/data/ratis/6cd93c84-ba1b-49cb-9de0-f7d68a6e4a8e] INFO  segmented.SegmentedRaftLogWorker (SegmentedRaftLogWorker.java:execute(569)) - 3352c2aa-4491-4fbb-82ad-24b3d7cf0c84-SegmentedRaftLogWorker:Storage Directory /workdir/hadoop-ozone/integration-test/target/test-dir/MiniOzoneClusterImpl-afc08962-9222-4e3d-8fb5-552b5e422aae/datanode-3/data/ratis/6cd93c84-ba1b-49cb-9de0-f7d68a6e4a8e: created new log segment /workdir/hadoop-ozone/integration-test/target/test-dir/MiniOzoneClusterImpl-afc08962-9222-4e3d-8fb5-552b5e422aae/datanode-3/data/ratis/6cd93c84-ba1b-49cb-9de0-f7d68a6e4a8e/current/log_inprogress_0
2019-09-12 10:21:01,801 [Thread-287] INFO  impl.RoleInfo (RoleInfo.java:shutdownFollowerState(121)) - 3352c2aa-4491-4fbb-82ad-24b3d7cf0c84: shutdown FollowerState
2019-09-12 10:21:01,801 [Thread-287] INFO  impl.RaftServerImpl (RaftServerImpl.java:setRole(171)) - 3352c2aa-4491-4fbb-82ad-24b3d7cf0c84:group-37DEA62297F6 changes role from FOLLOWER to CANDIDATE at term 0 for changeToCandidate
2019-09-12 10:21:01,801 [Thread-287] INFO  impl.RoleInfo (RoleInfo.java:updateAndGet(143)) - 3352c2aa-4491-4fbb-82ad-24b3d7cf0c84: start LeaderElection
2019-09-12 10:21:01,811 [3352c2aa-4491-4fbb-82ad-24b3d7cf0c84-SegmentedRaftLogWorker:Storage Directory /workdir/hadoop-ozone/integration-test/target/test-dir/MiniOzoneClusterImpl-afc08962-9222-4e3d-8fb5-552b5e422aae/datanode-3/data/ratis/dc27b656-8f83-42c4-90cf-e563bb7b5e57] INFO  segmented.SegmentedRaftLogWorker (SegmentedRaftLogWorker.java:execute(569)) - 3352c2aa-4491-4fbb-82ad-24b3d7cf0c84-SegmentedRaftLogWorker:Storage Directory /workdir/hadoop-ozone/integration-test/target/test-dir/MiniOzoneClusterImpl-afc08962-9222-4e3d-8fb5-552b5e422aae/datanode-3/data/ratis/dc27b656-8f83-42c4-90cf-e563bb7b5e57: created new log segment /workdir/hadoop-ozone/integration-test/target/test-dir/MiniOzoneClusterImpl-afc08962-9222-4e3d-8fb5-552b5e422aae/datanode-3/data/ratis/dc27b656-8f83-42c4-90cf-e563bb7b5e57/current/log_inprogress_0
2019-09-12 10:21:01,811 [3352c2aa-4491-4fbb-82ad-24b3d7cf0c84:group-37DEA62297F6:LeaderElection27] INFO  impl.LeaderElection (LeaderElection.java:askForVotes(181)) - 3352c2aa-4491-4fbb-82ad-24b3d7cf0c84:group-37DEA62297F6:LeaderElection27: begin an election at term 1 for -1: [3352c2aa-4491-4fbb-82ad-24b3d7cf0c84:192.168.157.195:36967], old=null
2019-09-12 10:21:01,812 [3352c2aa-4491-4fbb-82ad-24b3d7cf0c84:group-37DEA62297F6:LeaderElection27] INFO  impl.RoleInfo (RoleInfo.java:shutdownLeaderElection(134)) - 3352c2aa-4491-4fbb-82ad-24b3d7cf0c84: shutdown LeaderElection
2019-09-12 10:21:01,812 [3352c2aa-4491-4fbb-82ad-24b3d7cf0c84:group-37DEA62297F6:LeaderElection27] INFO  impl.RaftServerImpl (RaftServerImpl.java:setRole(171)) - 3352c2aa-4491-4fbb-82ad-24b3d7cf0c84:group-37DEA62297F6 changes role from CANDIDATE to LEADER at term 1 for changeToLeader
2019-09-12 10:21:01,812 [3352c2aa-4491-4fbb-82ad-24b3d7cf0c84:group-37DEA62297F6:LeaderElection27] INFO  impl.RaftServerImpl (ServerState.java:setLeader(263)) - 3352c2aa-4491-4fbb-82ad-24b3d7cf0c84:group-37DEA62297F6 change Leader from null to 3352c2aa-4491-4fbb-82ad-24b3d7cf0c84 at term 1 for becomeLeader, leader elected after 5127ms
2019-09-12 10:21:01,813 [3352c2aa-4491-4fbb-82ad-24b3d7cf0c84:group-37DEA62297F6:LeaderElection27] INFO  server.RaftServerConfigKeys (ConfUtils.java:logGet(43)) - raft.server.staging.catchup.gap = 1000 (default)
2019-09-12 10:21:01,813 [3352c2aa-4491-4fbb-82ad-24b3d7cf0c84:group-37DEA62297F6:LeaderElection27] INFO  server.RaftServerConfigKeys (ConfUtils.java:logGet(43)) - raft.server.rpc.sleep.time = 25ms (default)
2019-09-12 10:21:01,813 [3352c2aa-4491-4fbb-82ad-24b3d7cf0c84:group-37DEA62297F6:LeaderElection27] INFO  server.RaftServerConfigKeys (ConfUtils.java:logGet(43)) - raft.server.write.element-limit = 4096 (default)
2019-09-12 10:21:01,813 [3352c2aa-4491-4fbb-82ad-24b3d7cf0c84:group-37DEA62297F6:LeaderElection27] INFO  server.RaftServerConfigKeys (ConfUtils.java:logGet(43)) - raft.server.watch.timeout = 10s (default)
2019-09-12 10:21:01,813 [3352c2aa-4491-4fbb-82ad-24b3d7cf0c84:group-37DEA62297F6:LeaderElection27] INFO  server.RaftServerConfigKeys (ConfUtils.java:logGet(43)) - raft.server.watch.timeout.denomination = 1s (default)
2019-09-12 10:21:01,813 [3352c2aa-4491-4fbb-82ad-24b3d7cf0c84:group-37DEA62297F6:LeaderElection27] INFO  server.RaftServerConfigKeys (ConfUtils.java:logGet(43)) - raft.server.watch.element-limit = 65536 (default)
2019-09-12 10:21:01,814 [3352c2aa-4491-4fbb-82ad-24b3d7cf0c84:group-37DEA62297F6:LeaderElection27] INFO  impl.RoleInfo (RoleInfo.java:updateAndGet(143)) - 3352c2aa-4491-4fbb-82ad-24b3d7cf0c84: start LeaderState
2019-09-12 10:21:01,814 [3352c2aa-4491-4fbb-82ad-24b3d7cf0c84:group-37DEA62297F6:LeaderElection27] INFO  segmented.SegmentedRaftLogWorker (SegmentedRaftLogWorker.java:startLogSegment(380)) - 3352c2aa-4491-4fbb-82ad-24b3d7cf0c84-SegmentedRaftLogWorker:Storage Directory /workdir/hadoop-ozone/integration-test/target/test-dir/MiniOzoneClusterImpl-afc08962-9222-4e3d-8fb5-552b5e422aae/datanode-3/data/ratis/a0ab29c7-f3eb-4905-9608-37dea62297f6: Starting segment from index:0
2019-09-12 10:21:01,815 [3352c2aa-4491-4fbb-82ad-24b3d7cf0c84:group-37DEA62297F6:LeaderElection27] INFO  impl.RaftServerImpl (ServerState.java:setRaftConf(361)) - 3352c2aa-4491-4fbb-82ad-24b3d7cf0c84:group-37DEA62297F6 set configuration 0: [3352c2aa-4491-4fbb-82ad-24b3d7cf0c84:192.168.157.195:36967], old=null at 0
2019-09-12 10:21:01,861 [3352c2aa-4491-4fbb-82ad-24b3d7cf0c84-SegmentedRaftLogWorker:Storage Directory /workdir/hadoop-ozone/integration-test/target/test-dir/MiniOzoneClusterImpl-afc08962-9222-4e3d-8fb5-552b5e422aae/datanode-3/data/ratis/a0ab29c7-f3eb-4905-9608-37dea62297f6] INFO  segmented.SegmentedRaftLogWorker (SegmentedRaftLogWorker.java:execute(569)) - 3352c2aa-4491-4fbb-82ad-24b3d7cf0c84-SegmentedRaftLogWorker:Storage Directory /workdir/hadoop-ozone/integration-test/target/test-dir/MiniOzoneClusterImpl-afc08962-9222-4e3d-8fb5-552b5e422aae/datanode-3/data/ratis/a0ab29c7-f3eb-4905-9608-37dea62297f6: created new log segment /workdir/hadoop-ozone/integration-test/target/test-dir/MiniOzoneClusterImpl-afc08962-9222-4e3d-8fb5-552b5e422aae/datanode-3/data/ratis/a0ab29c7-f3eb-4905-9608-37dea62297f6/current/log_inprogress_0
2019-09-12 10:21:01,908 [Thread-291] INFO  impl.FollowerState (FollowerState.java:run(106)) - 3352c2aa-4491-4fbb-82ad-24b3d7cf0c84:group-1EC2DDD3A30E changes to CANDIDATE, lastRpcTime:5166, electionTimeout:5166ms
2019-09-12 10:21:01,909 [Thread-291] INFO  impl.RoleInfo (RoleInfo.java:shutdownFollowerState(121)) - 3352c2aa-4491-4fbb-82ad-24b3d7cf0c84: shutdown FollowerState
2019-09-12 10:21:01,909 [Thread-291] INFO  impl.RaftServerImpl (RaftServerImpl.java:setRole(171)) - 3352c2aa-4491-4fbb-82ad-24b3d7cf0c84:group-1EC2DDD3A30E changes role from FOLLOWER to CANDIDATE at term 0 for changeToCandidate
2019-09-12 10:21:01,909 [Thread-291] INFO  impl.RoleInfo (RoleInfo.java:updateAndGet(143)) - 3352c2aa-4491-4fbb-82ad-24b3d7cf0c84: start LeaderElection
2019-09-12 10:21:01,925 [3352c2aa-4491-4fbb-82ad-24b3d7cf0c84:group-1EC2DDD3A30E:LeaderElection28] INFO  impl.LeaderElection (LeaderElection.java:askForVotes(181)) - 3352c2aa-4491-4fbb-82ad-24b3d7cf0c84:group-1EC2DDD3A30E:LeaderElection28: begin an election at term 1 for -1: [3352c2aa-4491-4fbb-82ad-24b3d7cf0c84:192.168.157.195:36967], old=null
2019-09-12 10:21:01,925 [3352c2aa-4491-4fbb-82ad-24b3d7cf0c84:group-1EC2DDD3A30E:LeaderElection28] INFO  impl.RoleInfo (RoleInfo.java:shutdownLeaderElection(134)) - 3352c2aa-4491-4fbb-82ad-24b3d7cf0c84: shutdown LeaderElection
2019-09-12 10:21:01,925 [3352c2aa-4491-4fbb-82ad-24b3d7cf0c84:group-1EC2DDD3A30E:LeaderElection28] INFO  impl.RaftServerImpl (RaftServerImpl.java:setRole(171)) - 3352c2aa-4491-4fbb-82ad-24b3d7cf0c84:group-1EC2DDD3A30E changes role from CANDIDATE to LEADER at term 1 for changeToLeader
2019-09-12 10:21:01,925 [3352c2aa-4491-4fbb-82ad-24b3d7cf0c84:group-1EC2DDD3A30E:LeaderElection28] INFO  impl.RaftServerImpl (ServerState.java:setLeader(263)) - 3352c2aa-4491-4fbb-82ad-24b3d7cf0c84:group-1EC2DDD3A30E change Leader from null to 3352c2aa-4491-4fbb-82ad-24b3d7cf0c84 at term 1 for becomeLeader, leader elected after 5188ms
2019-09-12 10:21:01,926 [3352c2aa-4491-4fbb-82ad-24b3d7cf0c84:group-1EC2DDD3A30E:LeaderElection28] INFO  server.RaftServerConfigKeys (ConfUtils.java:logGet(43)) - raft.server.staging.catchup.gap = 1000 (default)
2019-09-12 10:21:01,926 [3352c2aa-4491-4fbb-82ad-24b3d7cf0c84:group-1EC2DDD3A30E:LeaderElection28] INFO  server.RaftServerConfigKeys (ConfUtils.java:logGet(43)) - raft.server.rpc.sleep.time = 25ms (default)
2019-09-12 10:21:01,926 [3352c2aa-4491-4fbb-82ad-24b3d7cf0c84:group-1EC2DDD3A30E:LeaderElection28] INFO  server.RaftServerConfigKeys (ConfUtils.java:logGet(43)) - raft.server.write.element-limit = 4096 (default)
2019-09-12 10:21:01,927 [3352c2aa-4491-4fbb-82ad-24b3d7cf0c84:group-1EC2DDD3A30E:LeaderElection28] INFO  server.RaftServerConfigKeys (ConfUtils.java:logGet(43)) - raft.server.watch.timeout = 10s (default)
2019-09-12 10:21:01,927 [3352c2aa-4491-4fbb-82ad-24b3d7cf0c84:group-1EC2DDD3A30E:LeaderElection28] INFO  server.RaftServerConfigKeys (ConfUtils.java:logGet(43)) - raft.server.watch.timeout.denomination = 1s (default)
2019-09-12 10:21:01,927 [3352c2aa-4491-4fbb-82ad-24b3d7cf0c84:group-1EC2DDD3A30E:LeaderElection28] INFO  server.RaftServerConfigKeys (ConfUtils.java:logGet(43)) - raft.server.watch.element-limit = 65536 (default)
2019-09-12 10:21:01,927 [3352c2aa-4491-4fbb-82ad-24b3d7cf0c84:group-1EC2DDD3A30E:LeaderElection28] INFO  impl.RoleInfo (RoleInfo.java:updateAndGet(143)) - 3352c2aa-4491-4fbb-82ad-24b3d7cf0c84: start LeaderState
2019-09-12 10:21:01,928 [3352c2aa-4491-4fbb-82ad-24b3d7cf0c84:group-1EC2DDD3A30E:LeaderElection28] INFO  segmented.SegmentedRaftLogWorker (SegmentedRaftLogWorker.java:startLogSegment(380)) - 3352c2aa-4491-4fbb-82ad-24b3d7cf0c84-SegmentedRaftLogWorker:Storage Directory /workdir/hadoop-ozone/integration-test/target/test-dir/MiniOzoneClusterImpl-afc08962-9222-4e3d-8fb5-552b5e422aae/datanode-3/data/ratis/71d3c53e-fed0-4ae4-8a0a-1ec2ddd3a30e: Starting segment from index:0
2019-09-12 10:21:01,929 [3352c2aa-4491-4fbb-82ad-24b3d7cf0c84:group-1EC2DDD3A30E:LeaderElection28] INFO  impl.RaftServerImpl (ServerState.java:setRaftConf(361)) - 3352c2aa-4491-4fbb-82ad-24b3d7cf0c84:group-1EC2DDD3A30E set configuration 0: [3352c2aa-4491-4fbb-82ad-24b3d7cf0c84:192.168.157.195:36967], old=null at 0
2019-09-12 10:21:01,968 [Thread-294] INFO  impl.FollowerState (FollowerState.java:run(106)) - 2d34cfa1-ae82-414b-bae6-717ee002fe05:group-6B0063148232 changes to CANDIDATE, lastRpcTime:5170, electionTimeout:5157ms
2019-09-12 10:21:01,968 [Thread-294] INFO  impl.RoleInfo (RoleInfo.java:shutdownFollowerState(121)) - 2d34cfa1-ae82-414b-bae6-717ee002fe05: shutdown FollowerState
2019-09-12 10:21:01,968 [Thread-294] INFO  impl.RaftServerImpl (RaftServerImpl.java:setRole(171)) - 2d34cfa1-ae82-414b-bae6-717ee002fe05:group-6B0063148232 changes role from FOLLOWER to CANDIDATE at term 0 for changeToCandidate
2019-09-12 10:21:01,968 [Thread-294] INFO  impl.RoleInfo (RoleInfo.java:updateAndGet(143)) - 2d34cfa1-ae82-414b-bae6-717ee002fe05: start LeaderElection
2019-09-12 10:21:01,969 [main] INFO  ozoneimpl.OzoneContainer (OzoneContainer.java:stop(199)) - Attempting to stop container services.
2019-09-12 10:21:01,971 [ForkJoinPool.commonPool-worker-1] INFO  ozoneimpl.OzoneContainer (OzoneContainer.java:stop(199)) - Attempting to stop container services.
2019-09-12 10:21:01,972 [main] INFO  impl.RaftServerProxy (RaftServerProxy.java:lambda$close$4(314)) - 6ee6d104-7057-4fca-83c0-db864f4c6adb: close
2019-09-12 10:21:01,972 [ForkJoinPool.commonPool-worker-1] INFO  impl.RaftServerProxy (RaftServerProxy.java:lambda$close$4(314)) - 80f8a078-74d1-4787-8700-3441e69ebe61: close
2019-09-12 10:21:01,975 [main] INFO  impl.RaftServerImpl (RaftServerImpl.java:lambda$shutdown$3(245)) - 6ee6d104-7057-4fca-83c0-db864f4c6adb: shutdown group-F2E85F765ED9
2019-09-12 10:21:01,975 [ForkJoinPool.commonPool-worker-1] INFO  impl.RaftServerImpl (RaftServerImpl.java:lambda$shutdown$3(245)) - 80f8a078-74d1-4787-8700-3441e69ebe61: shutdown group-B514D89147F9
2019-09-12 10:21:01,976 [main] INFO  util.JmxRegister (JmxRegister.java:unregister(73)) - Successfully un-registered JMX Bean with object name Ratis:service=RaftServer,group=group-F2E85F765ED9,id=6ee6d104-7057-4fca-83c0-db864f4c6adb
2019-09-12 10:21:01,976 [ForkJoinPool.commonPool-worker-1] INFO  util.JmxRegister (JmxRegister.java:unregister(73)) - Successfully un-registered JMX Bean with object name Ratis:service=RaftServer,group=group-B514D89147F9,id=80f8a078-74d1-4787-8700-3441e69ebe61
2019-09-12 10:21:01,976 [main] INFO  impl.RoleInfo (RoleInfo.java:shutdownLeaderState(104)) - 6ee6d104-7057-4fca-83c0-db864f4c6adb: shutdown LeaderState
2019-09-12 10:21:01,977 [ForkJoinPool.commonPool-worker-1] INFO  impl.RoleInfo (RoleInfo.java:shutdownLeaderState(104)) - 80f8a078-74d1-4787-8700-3441e69ebe61: shutdown LeaderState
2019-09-12 10:21:01,978 [main] INFO  impl.PendingRequests (PendingRequests.java:sendNotLeaderResponses(202)) - 6ee6d104-7057-4fca-83c0-db864f4c6adb-PendingRequests: sendNotLeaderResponses
2019-09-12 10:21:01,982 [2d34cfa1-ae82-414b-bae6-717ee002fe05:group-6B0063148232:LeaderElection29] INFO  impl.LeaderElection (LeaderElection.java:askForVotes(181)) - 2d34cfa1-ae82-414b-bae6-717ee002fe05:group-6B0063148232:LeaderElection29: begin an election at term 1 for -1: [2d34cfa1-ae82-414b-bae6-717ee002fe05:192.168.157.195:46440], old=null
2019-09-12 10:21:01,981 [Thread-297] INFO  impl.FollowerState (FollowerState.java:run(106)) - 2d34cfa1-ae82-414b-bae6-717ee002fe05:group-6DF7B3169762 changes to CANDIDATE, lastRpcTime:5130, electionTimeout:5129ms
2019-09-12 10:21:01,981 [3352c2aa-4491-4fbb-82ad-24b3d7cf0c84-SegmentedRaftLogWorker:Storage Directory /workdir/hadoop-ozone/integration-test/target/test-dir/MiniOzoneClusterImpl-afc08962-9222-4e3d-8fb5-552b5e422aae/datanode-3/data/ratis/71d3c53e-fed0-4ae4-8a0a-1ec2ddd3a30e] INFO  segmented.SegmentedRaftLogWorker (SegmentedRaftLogWorker.java:execute(569)) - 3352c2aa-4491-4fbb-82ad-24b3d7cf0c84-SegmentedRaftLogWorker:Storage Directory /workdir/hadoop-ozone/integration-test/target/test-dir/MiniOzoneClusterImpl-afc08962-9222-4e3d-8fb5-552b5e422aae/datanode-3/data/ratis/71d3c53e-fed0-4ae4-8a0a-1ec2ddd3a30e: created new log segment /workdir/hadoop-ozone/integration-test/target/test-dir/MiniOzoneClusterImpl-afc08962-9222-4e3d-8fb5-552b5e422aae/datanode-3/data/ratis/71d3c53e-fed0-4ae4-8a0a-1ec2ddd3a30e/current/log_inprogress_0
2019-09-12 10:21:01,978 [ForkJoinPool.commonPool-worker-1] INFO  impl.PendingRequests (PendingRequests.java:sendNotLeaderResponses(202)) - 80f8a078-74d1-4787-8700-3441e69ebe61-PendingRequests: sendNotLeaderResponses
2019-09-12 10:21:01,982 [Thread-297] INFO  impl.RoleInfo (RoleInfo.java:shutdownFollowerState(121)) - 2d34cfa1-ae82-414b-bae6-717ee002fe05: shutdown FollowerState
2019-09-12 10:21:01,982 [2d34cfa1-ae82-414b-bae6-717ee002fe05:group-6B0063148232:LeaderElection29] INFO  impl.RoleInfo (RoleInfo.java:shutdownLeaderElection(134)) - 2d34cfa1-ae82-414b-bae6-717ee002fe05: shutdown LeaderElection
2019-09-12 10:21:01,983 [Thread-297] INFO  impl.RaftServerImpl (RaftServerImpl.java:setRole(171)) - 2d34cfa1-ae82-414b-bae6-717ee002fe05:group-6DF7B3169762 changes role from FOLLOWER to CANDIDATE at term 0 for changeToCandidate
2019-09-12 10:21:01,983 [2d34cfa1-ae82-414b-bae6-717ee002fe05:group-6B0063148232:LeaderElection29] INFO  impl.RaftServerImpl (RaftServerImpl.java:setRole(171)) - 2d34cfa1-ae82-414b-bae6-717ee002fe05:group-6B0063148232 changes role from CANDIDATE to LEADER at term 1 for changeToLeader
2019-09-12 10:21:01,983 [Thread-297] INFO  impl.RoleInfo (RoleInfo.java:updateAndGet(143)) - 2d34cfa1-ae82-414b-bae6-717ee002fe05: start LeaderElection
2019-09-12 10:21:01,983 [2d34cfa1-ae82-414b-bae6-717ee002fe05:group-6B0063148232:LeaderElection29] INFO  impl.RaftServerImpl (ServerState.java:setLeader(263)) - 2d34cfa1-ae82-414b-bae6-717ee002fe05:group-6B0063148232 change Leader from null to 2d34cfa1-ae82-414b-bae6-717ee002fe05 at term 1 for becomeLeader, leader elected after 5189ms
2019-09-12 10:21:01,984 [main] INFO  impl.StateMachineUpdater (StateMachineUpdater.java:stopAndJoin(115)) - StateMachineUpdater:6ee6d104-7057-4fca-83c0-db864f4c6adb:group-F2E85F765ED9: set stopIndex = 0
2019-09-12 10:21:01,986 [2d34cfa1-ae82-414b-bae6-717ee002fe05:group-6B0063148232:LeaderElection29] INFO  server.RaftServerConfigKeys (ConfUtils.java:logGet(43)) - raft.server.staging.catchup.gap = 1000 (default)
2019-09-12 10:21:01,984 [ForkJoinPool.commonPool-worker-1] INFO  impl.StateMachineUpdater (StateMachineUpdater.java:stopAndJoin(115)) - StateMachineUpdater:80f8a078-74d1-4787-8700-3441e69ebe61:group-B514D89147F9: set stopIndex = 0
2019-09-12 10:21:01,988 [2d34cfa1-ae82-414b-bae6-717ee002fe05:group-6B0063148232:LeaderElection29] INFO  server.RaftServerConfigKeys (ConfUtils.java:logGet(43)) - raft.server.rpc.sleep.time = 25ms (default)
2019-09-12 10:21:01,988 [main] INFO  impl.RaftServerImpl (ServerState.java:close(394)) - 6ee6d104-7057-4fca-83c0-db864f4c6adb:group-F2E85F765ED9 closes. The last applied log index is 0
2019-09-12 10:21:01,988 [2d34cfa1-ae82-414b-bae6-717ee002fe05:group-6B0063148232:LeaderElection29] INFO  server.RaftServerConfigKeys (ConfUtils.java:logGet(43)) - raft.server.write.element-limit = 4096 (default)
2019-09-12 10:21:01,988 [ForkJoinPool.commonPool-worker-1] INFO  impl.RaftServerImpl (ServerState.java:close(394)) - 80f8a078-74d1-4787-8700-3441e69ebe61:group-B514D89147F9 closes. The last applied log index is 0
2019-09-12 10:21:01,989 [2d34cfa1-ae82-414b-bae6-717ee002fe05:group-6B0063148232:LeaderElection29] INFO  server.RaftServerConfigKeys (ConfUtils.java:logGet(43)) - raft.server.watch.timeout = 10s (default)
2019-09-12 10:21:01,989 [2d34cfa1-ae82-414b-bae6-717ee002fe05:group-6B0063148232:LeaderElection29] INFO  server.RaftServerConfigKeys (ConfUtils.java:logGet(43)) - raft.server.watch.timeout.denomination = 1s (default)
2019-09-12 10:21:01,990 [2d34cfa1-ae82-414b-bae6-717ee002fe05:group-6B0063148232:LeaderElection29] INFO  server.RaftServerConfigKeys (ConfUtils.java:logGet(43)) - raft.server.watch.element-limit = 65536 (default)
2019-09-12 10:21:01,990 [2d34cfa1-ae82-414b-bae6-717ee002fe05:group-6B0063148232:LeaderElection29] INFO  impl.RoleInfo (RoleInfo.java:updateAndGet(143)) - 2d34cfa1-ae82-414b-bae6-717ee002fe05: start LeaderState
2019-09-12 10:21:01,990 [2d34cfa1-ae82-414b-bae6-717ee002fe05:group-6B0063148232:LeaderElection29] INFO  segmented.SegmentedRaftLogWorker (SegmentedRaftLogWorker.java:startLogSegment(380)) - 2d34cfa1-ae82-414b-bae6-717ee002fe05-SegmentedRaftLogWorker:Storage Directory /workdir/hadoop-ozone/integration-test/target/test-dir/MiniOzoneClusterImpl-afc08962-9222-4e3d-8fb5-552b5e422aae/datanode-4/data/ratis/6fb1579c-5448-42bd-88dd-6b0063148232: Starting segment from index:0
2019-09-12 10:21:01,991 [2d34cfa1-ae82-414b-bae6-717ee002fe05:group-6B0063148232:LeaderElection29] INFO  impl.RaftServerImpl (ServerState.java:setRaftConf(361)) - 2d34cfa1-ae82-414b-bae6-717ee002fe05:group-6B0063148232 set configuration 0: [2d34cfa1-ae82-414b-bae6-717ee002fe05:192.168.157.195:46440], old=null at 0
2019-09-12 10:21:01,991 [6ee6d104-7057-4fca-83c0-db864f4c6adb-SegmentedRaftLogWorker:Storage Directory /workdir/hadoop-ozone/integration-test/target/test-dir/MiniOzoneClusterImpl-afc08962-9222-4e3d-8fb5-552b5e422aae/datanode-2/data/ratis/4cc56520-b186-43f9-9f89-f2e85f765ed9] INFO  segmented.SegmentedRaftLogWorker (SegmentedRaftLogWorker.java:run(313)) - 6ee6d104-7057-4fca-83c0-db864f4c6adb-SegmentedRaftLogWorker:Storage Directory /workdir/hadoop-ozone/integration-test/target/test-dir/MiniOzoneClusterImpl-afc08962-9222-4e3d-8fb5-552b5e422aae/datanode-2/data/ratis/4cc56520-b186-43f9-9f89-f2e85f765ed9 was interrupted, exiting. There are 0 tasks remaining in the queue.
2019-09-12 10:21:02,032 [2d34cfa1-ae82-414b-bae6-717ee002fe05:group-6DF7B3169762:LeaderElection30] INFO  impl.LeaderElection (LeaderElection.java:askForVotes(181)) - 2d34cfa1-ae82-414b-bae6-717ee002fe05:group-6DF7B3169762:LeaderElection30: begin an election at term 1 for -1: [2d34cfa1-ae82-414b-bae6-717ee002fe05:192.168.157.195:46440], old=null
2019-09-12 10:21:01,991 [80f8a078-74d1-4787-8700-3441e69ebe61-SegmentedRaftLogWorker:Storage Directory /workdir/hadoop-ozone/integration-test/target/test-dir/MiniOzoneClusterImpl-afc08962-9222-4e3d-8fb5-552b5e422aae/datanode-1/data/ratis/bae7278c-85b9-4985-bfdc-b514d89147f9] INFO  segmented.SegmentedRaftLogWorker (SegmentedRaftLogWorker.java:run(313)) - 80f8a078-74d1-4787-8700-3441e69ebe61-SegmentedRaftLogWorker:Storage Directory /workdir/hadoop-ozone/integration-test/target/test-dir/MiniOzoneClusterImpl-afc08962-9222-4e3d-8fb5-552b5e422aae/datanode-1/data/ratis/bae7278c-85b9-4985-bfdc-b514d89147f9 was interrupted, exiting. There are 0 tasks remaining in the queue.
2019-09-12 10:21:02,034 [2d34cfa1-ae82-414b-bae6-717ee002fe05:group-6DF7B3169762:LeaderElection30] INFO  impl.RoleInfo (RoleInfo.java:shutdownLeaderElection(134)) - 2d34cfa1-ae82-414b-bae6-717ee002fe05: shutdown LeaderElection
2019-09-12 10:21:02,036 [main] INFO  segmented.SegmentedRaftLogWorker (SegmentedRaftLogWorker.java:close(228)) - 6ee6d104-7057-4fca-83c0-db864f4c6adb-SegmentedRaftLogWorker:Storage Directory /workdir/hadoop-ozone/integration-test/target/test-dir/MiniOzoneClusterImpl-afc08962-9222-4e3d-8fb5-552b5e422aae/datanode-2/data/ratis/4cc56520-b186-43f9-9f89-f2e85f765ed9 close()
2019-09-12 10:21:02,039 [ForkJoinPool.commonPool-worker-1] INFO  segmented.SegmentedRaftLogWorker (SegmentedRaftLogWorker.java:close(228)) - 80f8a078-74d1-4787-8700-3441e69ebe61-SegmentedRaftLogWorker:Storage Directory /workdir/hadoop-ozone/integration-test/target/test-dir/MiniOzoneClusterImpl-afc08962-9222-4e3d-8fb5-552b5e422aae/datanode-1/data/ratis/bae7278c-85b9-4985-bfdc-b514d89147f9 close()
2019-09-12 10:21:02,038 [2d34cfa1-ae82-414b-bae6-717ee002fe05:group-6DF7B3169762:LeaderElection30] INFO  impl.RaftServerImpl (RaftServerImpl.java:setRole(171)) - 2d34cfa1-ae82-414b-bae6-717ee002fe05:group-6DF7B3169762 changes role from CANDIDATE to LEADER at term 1 for changeToLeader
2019-09-12 10:21:02,045 [ForkJoinPool.commonPool-worker-1] INFO  impl.RaftServerImpl (RaftServerImpl.java:lambda$shutdown$3(245)) - 80f8a078-74d1-4787-8700-3441e69ebe61: shutdown group-E4738A887431
2019-09-12 10:21:02,044 [main] INFO  impl.RaftServerImpl (RaftServerImpl.java:lambda$shutdown$3(245)) - 6ee6d104-7057-4fca-83c0-db864f4c6adb: shutdown group-3DB6FA8A1475
2019-09-12 10:21:02,046 [2d34cfa1-ae82-414b-bae6-717ee002fe05-SegmentedRaftLogWorker:Storage Directory /workdir/hadoop-ozone/integration-test/target/test-dir/MiniOzoneClusterImpl-afc08962-9222-4e3d-8fb5-552b5e422aae/datanode-4/data/ratis/6fb1579c-5448-42bd-88dd-6b0063148232] INFO  segmented.SegmentedRaftLogWorker (SegmentedRaftLogWorker.java:execute(569)) - 2d34cfa1-ae82-414b-bae6-717ee002fe05-SegmentedRaftLogWorker:Storage Directory /workdir/hadoop-ozone/integration-test/target/test-dir/MiniOzoneClusterImpl-afc08962-9222-4e3d-8fb5-552b5e422aae/datanode-4/data/ratis/6fb1579c-5448-42bd-88dd-6b0063148232: created new log segment /workdir/hadoop-ozone/integration-test/target/test-dir/MiniOzoneClusterImpl-afc08962-9222-4e3d-8fb5-552b5e422aae/datanode-4/data/ratis/6fb1579c-5448-42bd-88dd-6b0063148232/current/log_inprogress_0
2019-09-12 10:21:02,046 [ForkJoinPool.commonPool-worker-1] INFO  util.JmxRegister (JmxRegister.java:unregister(73)) - Successfully un-registered JMX Bean with object name Ratis:service=RaftServer,group=group-E4738A887431,id=80f8a078-74d1-4787-8700-3441e69ebe61
2019-09-12 10:21:02,046 [ForkJoinPool.commonPool-worker-1] INFO  impl.RoleInfo (RoleInfo.java:shutdownLeaderState(104)) - 80f8a078-74d1-4787-8700-3441e69ebe61: shutdown LeaderState
2019-09-12 10:21:02,045 [2d34cfa1-ae82-414b-bae6-717ee002fe05:group-6DF7B3169762:LeaderElection30] INFO  impl.RaftServerImpl (ServerState.java:setLeader(263)) - 2d34cfa1-ae82-414b-bae6-717ee002fe05:group-6DF7B3169762 change Leader from null to 2d34cfa1-ae82-414b-bae6-717ee002fe05 at term 1 for becomeLeader, leader elected after 5197ms
2019-09-12 10:21:02,047 [ForkJoinPool.commonPool-worker-1] INFO  impl.PendingRequests (PendingRequests.java:sendNotLeaderResponses(202)) - 80f8a078-74d1-4787-8700-3441e69ebe61-PendingRequests: sendNotLeaderResponses
2019-09-12 10:21:02,046 [main] INFO  util.JmxRegister (JmxRegister.java:unregister(73)) - Successfully un-registered JMX Bean with object name Ratis:service=RaftServer,group=group-3DB6FA8A1475,id=6ee6d104-7057-4fca-83c0-db864f4c6adb
2019-09-12 10:21:02,047 [ForkJoinPool.commonPool-worker-1] INFO  impl.StateMachineUpdater (StateMachineUpdater.java:stopAndJoin(115)) - StateMachineUpdater:80f8a078-74d1-4787-8700-3441e69ebe61:group-E4738A887431: set stopIndex = 0
2019-09-12 10:21:02,047 [2d34cfa1-ae82-414b-bae6-717ee002fe05:group-6DF7B3169762:LeaderElection30] INFO  server.RaftServerConfigKeys (ConfUtils.java:logGet(43)) - raft.server.staging.catchup.gap = 1000 (default)
2019-09-12 10:21:02,048 [ForkJoinPool.commonPool-worker-1] INFO  impl.RaftServerImpl (ServerState.java:close(394)) - 80f8a078-74d1-4787-8700-3441e69ebe61:group-E4738A887431 closes. The last applied log index is 0
2019-09-12 10:21:02,047 [main] INFO  impl.RoleInfo (RoleInfo.java:shutdownLeaderState(104)) - 6ee6d104-7057-4fca-83c0-db864f4c6adb: shutdown LeaderState
2019-09-12 10:21:02,048 [80f8a078-74d1-4787-8700-3441e69ebe61-SegmentedRaftLogWorker:Storage Directory /workdir/hadoop-ozone/integration-test/target/test-dir/MiniOzoneClusterImpl-afc08962-9222-4e3d-8fb5-552b5e422aae/datanode-1/data/ratis/23a09c6c-ac0c-4375-87af-e4738a887431] INFO  segmented.SegmentedRaftLogWorker (SegmentedRaftLogWorker.java:run(313)) - 80f8a078-74d1-4787-8700-3441e69ebe61-SegmentedRaftLogWorker:Storage Directory /workdir/hadoop-ozone/integration-test/target/test-dir/MiniOzoneClusterImpl-afc08962-9222-4e3d-8fb5-552b5e422aae/datanode-1/data/ratis/23a09c6c-ac0c-4375-87af-e4738a887431 was interrupted, exiting. There are 0 tasks remaining in the queue.
2019-09-12 10:21:02,048 [2d34cfa1-ae82-414b-bae6-717ee002fe05:group-6DF7B3169762:LeaderElection30] INFO  server.RaftServerConfigKeys (ConfUtils.java:logGet(43)) - raft.server.rpc.sleep.time = 25ms (default)
2019-09-12 10:21:02,049 [main] INFO  impl.PendingRequests (PendingRequests.java:sendNotLeaderResponses(202)) - 6ee6d104-7057-4fca-83c0-db864f4c6adb-PendingRequests: sendNotLeaderResponses
2019-09-12 10:21:02,052 [2d34cfa1-ae82-414b-bae6-717ee002fe05:group-6DF7B3169762:LeaderElection30] INFO  server.RaftServerConfigKeys (ConfUtils.java:logGet(43)) - raft.server.write.element-limit = 4096 (default)
2019-09-12 10:21:02,052 [ForkJoinPool.commonPool-worker-1] INFO  segmented.SegmentedRaftLogWorker (SegmentedRaftLogWorker.java:close(228)) - 80f8a078-74d1-4787-8700-3441e69ebe61-SegmentedRaftLogWorker:Storage Directory /workdir/hadoop-ozone/integration-test/target/test-dir/MiniOzoneClusterImpl-afc08962-9222-4e3d-8fb5-552b5e422aae/datanode-1/data/ratis/23a09c6c-ac0c-4375-87af-e4738a887431 close()
2019-09-12 10:21:02,052 [2d34cfa1-ae82-414b-bae6-717ee002fe05:group-6DF7B3169762:LeaderElection30] INFO  server.RaftServerConfigKeys (ConfUtils.java:logGet(43)) - raft.server.watch.timeout = 10s (default)
2019-09-12 10:21:02,066 [ForkJoinPool.commonPool-worker-1] INFO  impl.RaftServerImpl (RaftServerImpl.java:lambda$shutdown$3(245)) - 80f8a078-74d1-4787-8700-3441e69ebe61: shutdown group-0E650E7F5548
2019-09-12 10:21:02,052 [main] INFO  impl.StateMachineUpdater (StateMachineUpdater.java:stopAndJoin(115)) - StateMachineUpdater:6ee6d104-7057-4fca-83c0-db864f4c6adb:group-3DB6FA8A1475: set stopIndex = 0
2019-09-12 10:21:02,066 [ForkJoinPool.commonPool-worker-1] INFO  util.JmxRegister (JmxRegister.java:unregister(73)) - Successfully un-registered JMX Bean with object name Ratis:service=RaftServer,group=group-0E650E7F5548,id=80f8a078-74d1-4787-8700-3441e69ebe61
2019-09-12 10:21:02,066 [2d34cfa1-ae82-414b-bae6-717ee002fe05:group-6DF7B3169762:LeaderElection30] INFO  server.RaftServerConfigKeys (ConfUtils.java:logGet(43)) - raft.server.watch.timeout.denomination = 1s (default)
2019-09-12 10:21:02,067 [ForkJoinPool.commonPool-worker-1] INFO  impl.RoleInfo (RoleInfo.java:shutdownLeaderState(104)) - 80f8a078-74d1-4787-8700-3441e69ebe61: shutdown LeaderState
2019-09-12 10:21:02,067 [main] INFO  impl.RaftServerImpl (ServerState.java:close(394)) - 6ee6d104-7057-4fca-83c0-db864f4c6adb:group-3DB6FA8A1475 closes. The last applied log index is 0
2019-09-12 10:21:02,067 [ForkJoinPool.commonPool-worker-1] INFO  impl.PendingRequests (PendingRequests.java:sendNotLeaderResponses(202)) - 80f8a078-74d1-4787-8700-3441e69ebe61-PendingRequests: sendNotLeaderResponses
2019-09-12 10:21:02,067 [2d34cfa1-ae82-414b-bae6-717ee002fe05:group-6DF7B3169762:LeaderElection30] INFO  server.RaftServerConfigKeys (ConfUtils.java:logGet(43)) - raft.server.watch.element-limit = 65536 (default)
2019-09-12 10:21:02,068 [ForkJoinPool.commonPool-worker-1] INFO  impl.StateMachineUpdater (StateMachineUpdater.java:stopAndJoin(115)) - StateMachineUpdater:80f8a078-74d1-4787-8700-3441e69ebe61:group-0E650E7F5548: set stopIndex = 0
2019-09-12 10:21:02,068 [6ee6d104-7057-4fca-83c0-db864f4c6adb-SegmentedRaftLogWorker:Storage Directory /workdir/hadoop-ozone/integration-test/target/test-dir/MiniOzoneClusterImpl-afc08962-9222-4e3d-8fb5-552b5e422aae/datanode-2/data/ratis/19cd7c46-9271-4d7f-9cda-3db6fa8a1475] INFO  segmented.SegmentedRaftLogWorker (SegmentedRaftLogWorker.java:run(313)) - 6ee6d104-7057-4fca-83c0-db864f4c6adb-SegmentedRaftLogWorker:Storage Directory /workdir/hadoop-ozone/integration-test/target/test-dir/MiniOzoneClusterImpl-afc08962-9222-4e3d-8fb5-552b5e422aae/datanode-2/data/ratis/19cd7c46-9271-4d7f-9cda-3db6fa8a1475 was interrupted, exiting. There are 0 tasks remaining in the queue.
2019-09-12 10:21:02,068 [ForkJoinPool.commonPool-worker-1] INFO  impl.RaftServerImpl (ServerState.java:close(394)) - 80f8a078-74d1-4787-8700-3441e69ebe61:group-0E650E7F5548 closes. The last applied log index is 0
2019-09-12 10:21:02,068 [2d34cfa1-ae82-414b-bae6-717ee002fe05:group-6DF7B3169762:LeaderElection30] INFO  impl.RoleInfo (RoleInfo.java:updateAndGet(143)) - 2d34cfa1-ae82-414b-bae6-717ee002fe05: start LeaderState
2019-09-12 10:21:02,070 [80f8a078-74d1-4787-8700-3441e69ebe61-SegmentedRaftLogWorker:Storage Directory /workdir/hadoop-ozone/integration-test/target/test-dir/MiniOzoneClusterImpl-afc08962-9222-4e3d-8fb5-552b5e422aae/datanode-1/data/ratis/4a3af47f-86a2-437b-b35d-0e650e7f5548] INFO  segmented.SegmentedRaftLogWorker (SegmentedRaftLogWorker.java:run(313)) - 80f8a078-74d1-4787-8700-3441e69ebe61-SegmentedRaftLogWorker:Storage Directory /workdir/hadoop-ozone/integration-test/target/test-dir/MiniOzoneClusterImpl-afc08962-9222-4e3d-8fb5-552b5e422aae/datanode-1/data/ratis/4a3af47f-86a2-437b-b35d-0e650e7f5548 was interrupted, exiting. There are 0 tasks remaining in the queue.
2019-09-12 10:21:02,070 [main] INFO  segmented.SegmentedRaftLogWorker (SegmentedRaftLogWorker.java:close(228)) - 6ee6d104-7057-4fca-83c0-db864f4c6adb-SegmentedRaftLogWorker:Storage Directory /workdir/hadoop-ozone/integration-test/target/test-dir/MiniOzoneClusterImpl-afc08962-9222-4e3d-8fb5-552b5e422aae/datanode-2/data/ratis/19cd7c46-9271-4d7f-9cda-3db6fa8a1475 close()
2019-09-12 10:21:02,072 [ForkJoinPool.commonPool-worker-1] INFO  segmented.SegmentedRaftLogWorker (SegmentedRaftLogWorker.java:close(228)) - 80f8a078-74d1-4787-8700-3441e69ebe61-SegmentedRaftLogWorker:Storage Directory /workdir/hadoop-ozone/integration-test/target/test-dir/MiniOzoneClusterImpl-afc08962-9222-4e3d-8fb5-552b5e422aae/datanode-1/data/ratis/4a3af47f-86a2-437b-b35d-0e650e7f5548 close()
2019-09-12 10:21:02,071 [2d34cfa1-ae82-414b-bae6-717ee002fe05:group-6DF7B3169762:LeaderElection30] INFO  segmented.SegmentedRaftLogWorker (SegmentedRaftLogWorker.java:startLogSegment(380)) - 2d34cfa1-ae82-414b-bae6-717ee002fe05-SegmentedRaftLogWorker:Storage Directory /workdir/hadoop-ozone/integration-test/target/test-dir/MiniOzoneClusterImpl-afc08962-9222-4e3d-8fb5-552b5e422aae/datanode-4/data/ratis/741a14b6-e045-4d03-9fb9-6df7b3169762: Starting segment from index:0
2019-09-12 10:21:02,078 [ForkJoinPool.commonPool-worker-1] INFO  impl.RaftServerImpl (RaftServerImpl.java:lambda$shutdown$3(245)) - 80f8a078-74d1-4787-8700-3441e69ebe61: shutdown group-06033F56DD8D
2019-09-12 10:21:02,075 [main] INFO  impl.RaftServerImpl (RaftServerImpl.java:lambda$shutdown$3(245)) - 6ee6d104-7057-4fca-83c0-db864f4c6adb: shutdown group-5C28E42F2CED
2019-09-12 10:21:02,078 [ForkJoinPool.commonPool-worker-1] INFO  util.JmxRegister (JmxRegister.java:unregister(73)) - Successfully un-registered JMX Bean with object name Ratis:service=RaftServer,group=group-06033F56DD8D,id=80f8a078-74d1-4787-8700-3441e69ebe61
2019-09-12 10:21:02,078 [2d34cfa1-ae82-414b-bae6-717ee002fe05:group-6DF7B3169762:LeaderElection30] INFO  impl.RaftServerImpl (ServerState.java:setRaftConf(361)) - 2d34cfa1-ae82-414b-bae6-717ee002fe05:group-6DF7B3169762 set configuration 0: [2d34cfa1-ae82-414b-bae6-717ee002fe05:192.168.157.195:46440], old=null at 0
2019-09-12 10:21:02,079 [ForkJoinPool.commonPool-worker-1] INFO  impl.RoleInfo (RoleInfo.java:shutdownLeaderState(104)) - 80f8a078-74d1-4787-8700-3441e69ebe61: shutdown LeaderState
2019-09-12 10:21:02,078 [main] INFO  util.JmxRegister (JmxRegister.java:unregister(73)) - Successfully un-registered JMX Bean with object name Ratis:service=RaftServer,group=group-5C28E42F2CED,id=6ee6d104-7057-4fca-83c0-db864f4c6adb
2019-09-12 10:21:02,108 [ForkJoinPool.commonPool-worker-1] INFO  impl.PendingRequests (PendingRequests.java:sendNotLeaderResponses(202)) - 80f8a078-74d1-4787-8700-3441e69ebe61-PendingRequests: sendNotLeaderResponses
2019-09-12 10:21:02,108 [main] INFO  impl.RoleInfo (RoleInfo.java:shutdownLeaderState(104)) - 6ee6d104-7057-4fca-83c0-db864f4c6adb: shutdown LeaderState
2019-09-12 10:21:02,108 [ForkJoinPool.commonPool-worker-1] INFO  impl.StateMachineUpdater (StateMachineUpdater.java:stopAndJoin(115)) - StateMachineUpdater:80f8a078-74d1-4787-8700-3441e69ebe61:group-06033F56DD8D: set stopIndex = 0
2019-09-12 10:21:02,109 [main] INFO  impl.PendingRequests (PendingRequests.java:sendNotLeaderResponses(202)) - 6ee6d104-7057-4fca-83c0-db864f4c6adb-PendingRequests: sendNotLeaderResponses
2019-09-12 10:21:02,109 [ForkJoinPool.commonPool-worker-1] INFO  impl.RaftServerImpl (ServerState.java:close(394)) - 80f8a078-74d1-4787-8700-3441e69ebe61:group-06033F56DD8D closes. The last applied log index is 0
2019-09-12 10:21:02,110 [main] INFO  impl.StateMachineUpdater (StateMachineUpdater.java:stopAndJoin(115)) - StateMachineUpdater:6ee6d104-7057-4fca-83c0-db864f4c6adb:group-5C28E42F2CED: set stopIndex = 0
2019-09-12 10:21:02,110 [main] INFO  impl.RaftServerImpl (ServerState.java:close(394)) - 6ee6d104-7057-4fca-83c0-db864f4c6adb:group-5C28E42F2CED closes. The last applied log index is 0
2019-09-12 10:21:02,110 [80f8a078-74d1-4787-8700-3441e69ebe61-SegmentedRaftLogWorker:Storage Directory /workdir/hadoop-ozone/integration-test/target/test-dir/MiniOzoneClusterImpl-afc08962-9222-4e3d-8fb5-552b5e422aae/datanode-1/data/ratis/a048de5b-69c0-441e-98cd-06033f56dd8d] INFO  segmented.SegmentedRaftLogWorker (SegmentedRaftLogWorker.java:run(313)) - 80f8a078-74d1-4787-8700-3441e69ebe61-SegmentedRaftLogWorker:Storage Directory /workdir/hadoop-ozone/integration-test/target/test-dir/MiniOzoneClusterImpl-afc08962-9222-4e3d-8fb5-552b5e422aae/datanode-1/data/ratis/a048de5b-69c0-441e-98cd-06033f56dd8d was interrupted, exiting. There are 0 tasks remaining in the queue.
2019-09-12 10:21:02,111 [6ee6d104-7057-4fca-83c0-db864f4c6adb-SegmentedRaftLogWorker:Storage Directory /workdir/hadoop-ozone/integration-test/target/test-dir/MiniOzoneClusterImpl-afc08962-9222-4e3d-8fb5-552b5e422aae/datanode-2/data/ratis/d175b42d-8d0e-41e9-9215-5c28e42f2ced] INFO  segmented.SegmentedRaftLogWorker (SegmentedRaftLogWorker.java:run(313)) - 6ee6d104-7057-4fca-83c0-db864f4c6adb-SegmentedRaftLogWorker:Storage Directory /workdir/hadoop-ozone/integration-test/target/test-dir/MiniOzoneClusterImpl-afc08962-9222-4e3d-8fb5-552b5e422aae/datanode-2/data/ratis/d175b42d-8d0e-41e9-9215-5c28e42f2ced was interrupted, exiting. There are 0 tasks remaining in the queue.
2019-09-12 10:21:02,114 [ForkJoinPool.commonPool-worker-1] INFO  segmented.SegmentedRaftLogWorker (SegmentedRaftLogWorker.java:close(228)) - 80f8a078-74d1-4787-8700-3441e69ebe61-SegmentedRaftLogWorker:Storage Directory /workdir/hadoop-ozone/integration-test/target/test-dir/MiniOzoneClusterImpl-afc08962-9222-4e3d-8fb5-552b5e422aae/datanode-1/data/ratis/a048de5b-69c0-441e-98cd-06033f56dd8d close()
2019-09-12 10:21:02,114 [main] INFO  segmented.SegmentedRaftLogWorker (SegmentedRaftLogWorker.java:close(228)) - 6ee6d104-7057-4fca-83c0-db864f4c6adb-SegmentedRaftLogWorker:Storage Directory /workdir/hadoop-ozone/integration-test/target/test-dir/MiniOzoneClusterImpl-afc08962-9222-4e3d-8fb5-552b5e422aae/datanode-2/data/ratis/d175b42d-8d0e-41e9-9215-5c28e42f2ced close()
2019-09-12 10:21:02,118 [ForkJoinPool.commonPool-worker-1] INFO  impl.RaftServerImpl (RaftServerImpl.java:lambda$shutdown$3(245)) - 80f8a078-74d1-4787-8700-3441e69ebe61: shutdown group-64D9203E5925
2019-09-12 10:21:02,121 [main] INFO  impl.RaftServerImpl (RaftServerImpl.java:lambda$shutdown$3(245)) - 6ee6d104-7057-4fca-83c0-db864f4c6adb: shutdown group-A9E0C1281ADF
2019-09-12 10:21:02,121 [2d34cfa1-ae82-414b-bae6-717ee002fe05-SegmentedRaftLogWorker:Storage Directory /workdir/hadoop-ozone/integration-test/target/test-dir/MiniOzoneClusterImpl-afc08962-9222-4e3d-8fb5-552b5e422aae/datanode-4/data/ratis/741a14b6-e045-4d03-9fb9-6df7b3169762] INFO  segmented.SegmentedRaftLogWorker (SegmentedRaftLogWorker.java:execute(569)) - 2d34cfa1-ae82-414b-bae6-717ee002fe05-SegmentedRaftLogWorker:Storage Directory /workdir/hadoop-ozone/integration-test/target/test-dir/MiniOzoneClusterImpl-afc08962-9222-4e3d-8fb5-552b5e422aae/datanode-4/data/ratis/741a14b6-e045-4d03-9fb9-6df7b3169762: created new log segment /workdir/hadoop-ozone/integration-test/target/test-dir/MiniOzoneClusterImpl-afc08962-9222-4e3d-8fb5-552b5e422aae/datanode-4/data/ratis/741a14b6-e045-4d03-9fb9-6df7b3169762/current/log_inprogress_0
2019-09-12 10:21:02,122 [main] INFO  util.JmxRegister (JmxRegister.java:unregister(73)) - Successfully un-registered JMX Bean with object name Ratis:service=RaftServer,group=group-A9E0C1281ADF,id=6ee6d104-7057-4fca-83c0-db864f4c6adb
2019-09-12 10:21:02,121 [ForkJoinPool.commonPool-worker-1] INFO  util.JmxRegister (JmxRegister.java:unregister(73)) - Successfully un-registered JMX Bean with object name Ratis:service=RaftServer,group=group-64D9203E5925,id=80f8a078-74d1-4787-8700-3441e69ebe61
2019-09-12 10:21:02,122 [main] INFO  impl.RoleInfo (RoleInfo.java:shutdownLeaderState(104)) - 6ee6d104-7057-4fca-83c0-db864f4c6adb: shutdown LeaderState
2019-09-12 10:21:02,122 [ForkJoinPool.commonPool-worker-1] INFO  impl.RoleInfo (RoleInfo.java:shutdownLeaderState(104)) - 80f8a078-74d1-4787-8700-3441e69ebe61: shutdown LeaderState
2019-09-12 10:21:02,123 [main] INFO  impl.PendingRequests (PendingRequests.java:sendNotLeaderResponses(202)) - 6ee6d104-7057-4fca-83c0-db864f4c6adb-PendingRequests: sendNotLeaderResponses
2019-09-12 10:21:02,123 [ForkJoinPool.commonPool-worker-1] INFO  impl.PendingRequests (PendingRequests.java:sendNotLeaderResponses(202)) - 80f8a078-74d1-4787-8700-3441e69ebe61-PendingRequests: sendNotLeaderResponses
2019-09-12 10:21:02,124 [main] INFO  impl.StateMachineUpdater (StateMachineUpdater.java:stopAndJoin(115)) - StateMachineUpdater:6ee6d104-7057-4fca-83c0-db864f4c6adb:group-A9E0C1281ADF: set stopIndex = 0
2019-09-12 10:21:02,124 [ForkJoinPool.commonPool-worker-1] INFO  impl.StateMachineUpdater (StateMachineUpdater.java:stopAndJoin(115)) - StateMachineUpdater:80f8a078-74d1-4787-8700-3441e69ebe61:group-64D9203E5925: set stopIndex = 0
2019-09-12 10:21:02,124 [main] INFO  impl.RaftServerImpl (ServerState.java:close(394)) - 6ee6d104-7057-4fca-83c0-db864f4c6adb:group-A9E0C1281ADF closes. The last applied log index is 0
2019-09-12 10:21:02,125 [ForkJoinPool.commonPool-worker-1] INFO  impl.RaftServerImpl (ServerState.java:close(394)) - 80f8a078-74d1-4787-8700-3441e69ebe61:group-64D9203E5925 closes. The last applied log index is 0
2019-09-12 10:21:02,125 [6ee6d104-7057-4fca-83c0-db864f4c6adb-SegmentedRaftLogWorker:Storage Directory /workdir/hadoop-ozone/integration-test/target/test-dir/MiniOzoneClusterImpl-afc08962-9222-4e3d-8fb5-552b5e422aae/datanode-2/data/ratis/deea72db-10c9-4fbe-90e0-a9e0c1281adf] INFO  segmented.SegmentedRaftLogWorker (SegmentedRaftLogWorker.java:run(313)) - 6ee6d104-7057-4fca-83c0-db864f4c6adb-SegmentedRaftLogWorker:Storage Directory /workdir/hadoop-ozone/integration-test/target/test-dir/MiniOzoneClusterImpl-afc08962-9222-4e3d-8fb5-552b5e422aae/datanode-2/data/ratis/deea72db-10c9-4fbe-90e0-a9e0c1281adf was interrupted, exiting. There are 0 tasks remaining in the queue.
2019-09-12 10:21:02,125 [80f8a078-74d1-4787-8700-3441e69ebe61-SegmentedRaftLogWorker:Storage Directory /workdir/hadoop-ozone/integration-test/target/test-dir/MiniOzoneClusterImpl-afc08962-9222-4e3d-8fb5-552b5e422aae/datanode-1/data/ratis/79fe1718-c8ef-48fd-9239-64d9203e5925] INFO  segmented.SegmentedRaftLogWorker (SegmentedRaftLogWorker.java:run(313)) - 80f8a078-74d1-4787-8700-3441e69ebe61-SegmentedRaftLogWorker:Storage Directory /workdir/hadoop-ozone/integration-test/target/test-dir/MiniOzoneClusterImpl-afc08962-9222-4e3d-8fb5-552b5e422aae/datanode-1/data/ratis/79fe1718-c8ef-48fd-9239-64d9203e5925 was interrupted, exiting. There are 0 tasks remaining in the queue.
2019-09-12 10:21:02,128 [main] INFO  segmented.SegmentedRaftLogWorker (SegmentedRaftLogWorker.java:close(228)) - 6ee6d104-7057-4fca-83c0-db864f4c6adb-SegmentedRaftLogWorker:Storage Directory /workdir/hadoop-ozone/integration-test/target/test-dir/MiniOzoneClusterImpl-afc08962-9222-4e3d-8fb5-552b5e422aae/datanode-2/data/ratis/deea72db-10c9-4fbe-90e0-a9e0c1281adf close()
2019-09-12 10:21:02,128 [ForkJoinPool.commonPool-worker-1] INFO  segmented.SegmentedRaftLogWorker (SegmentedRaftLogWorker.java:close(228)) - 80f8a078-74d1-4787-8700-3441e69ebe61-SegmentedRaftLogWorker:Storage Directory /workdir/hadoop-ozone/integration-test/target/test-dir/MiniOzoneClusterImpl-afc08962-9222-4e3d-8fb5-552b5e422aae/datanode-1/data/ratis/79fe1718-c8ef-48fd-9239-64d9203e5925 close()
2019-09-12 10:21:02,132 [main] INFO  impl.RaftServerImpl (RaftServerImpl.java:lambda$shutdown$3(245)) - 6ee6d104-7057-4fca-83c0-db864f4c6adb: shutdown group-E513BF5E5857
2019-09-12 10:21:02,134 [ForkJoinPool.commonPool-worker-1] INFO  impl.RaftServerImpl (RaftServerImpl.java:lambda$shutdown$3(245)) - 80f8a078-74d1-4787-8700-3441e69ebe61: shutdown group-C6E87957A6F5
2019-09-12 10:21:02,135 [main] INFO  util.JmxRegister (JmxRegister.java:unregister(73)) - Successfully un-registered JMX Bean with object name Ratis:service=RaftServer,group=group-E513BF5E5857,id=6ee6d104-7057-4fca-83c0-db864f4c6adb
2019-09-12 10:21:02,135 [ForkJoinPool.commonPool-worker-1] INFO  util.JmxRegister (JmxRegister.java:unregister(73)) - Successfully un-registered JMX Bean with object name Ratis:service=RaftServer,group=group-C6E87957A6F5,id=80f8a078-74d1-4787-8700-3441e69ebe61
2019-09-12 10:21:02,135 [main] INFO  impl.RoleInfo (RoleInfo.java:shutdownLeaderState(104)) - 6ee6d104-7057-4fca-83c0-db864f4c6adb: shutdown LeaderState
2019-09-12 10:21:02,136 [ForkJoinPool.commonPool-worker-1] INFO  impl.RoleInfo (RoleInfo.java:shutdownLeaderState(104)) - 80f8a078-74d1-4787-8700-3441e69ebe61: shutdown LeaderState
2019-09-12 10:21:02,136 [main] INFO  impl.PendingRequests (PendingRequests.java:sendNotLeaderResponses(202)) - 6ee6d104-7057-4fca-83c0-db864f4c6adb-PendingRequests: sendNotLeaderResponses
2019-09-12 10:21:02,137 [ForkJoinPool.commonPool-worker-1] INFO  impl.PendingRequests (PendingRequests.java:sendNotLeaderResponses(202)) - 80f8a078-74d1-4787-8700-3441e69ebe61-PendingRequests: sendNotLeaderResponses
2019-09-12 10:21:02,137 [main] INFO  impl.StateMachineUpdater (StateMachineUpdater.java:stopAndJoin(115)) - StateMachineUpdater:6ee6d104-7057-4fca-83c0-db864f4c6adb:group-E513BF5E5857: set stopIndex = 0
2019-09-12 10:21:02,138 [main] INFO  impl.RaftServerImpl (ServerState.java:close(394)) - 6ee6d104-7057-4fca-83c0-db864f4c6adb:group-E513BF5E5857 closes. The last applied log index is 0
2019-09-12 10:21:02,137 [ForkJoinPool.commonPool-worker-1] INFO  impl.StateMachineUpdater (StateMachineUpdater.java:stopAndJoin(115)) - StateMachineUpdater:80f8a078-74d1-4787-8700-3441e69ebe61:group-C6E87957A6F5: set stopIndex = 0
2019-09-12 10:21:02,138 [6ee6d104-7057-4fca-83c0-db864f4c6adb-SegmentedRaftLogWorker:Storage Directory /workdir/hadoop-ozone/integration-test/target/test-dir/MiniOzoneClusterImpl-afc08962-9222-4e3d-8fb5-552b5e422aae/datanode-2/data/ratis/4679e09d-5147-4b2a-896f-e513bf5e5857] INFO  segmented.SegmentedRaftLogWorker (SegmentedRaftLogWorker.java:run(313)) - 6ee6d104-7057-4fca-83c0-db864f4c6adb-SegmentedRaftLogWorker:Storage Directory /workdir/hadoop-ozone/integration-test/target/test-dir/MiniOzoneClusterImpl-afc08962-9222-4e3d-8fb5-552b5e422aae/datanode-2/data/ratis/4679e09d-5147-4b2a-896f-e513bf5e5857 was interrupted, exiting. There are 0 tasks remaining in the queue.
2019-09-12 10:21:02,139 [ForkJoinPool.commonPool-worker-1] INFO  impl.RaftServerImpl (ServerState.java:close(394)) - 80f8a078-74d1-4787-8700-3441e69ebe61:group-C6E87957A6F5 closes. The last applied log index is 0
2019-09-12 10:21:02,140 [main] INFO  segmented.SegmentedRaftLogWorker (SegmentedRaftLogWorker.java:close(228)) - 6ee6d104-7057-4fca-83c0-db864f4c6adb-SegmentedRaftLogWorker:Storage Directory /workdir/hadoop-ozone/integration-test/target/test-dir/MiniOzoneClusterImpl-afc08962-9222-4e3d-8fb5-552b5e422aae/datanode-2/data/ratis/4679e09d-5147-4b2a-896f-e513bf5e5857 close()
2019-09-12 10:21:02,141 [80f8a078-74d1-4787-8700-3441e69ebe61-SegmentedRaftLogWorker:Storage Directory /workdir/hadoop-ozone/integration-test/target/test-dir/MiniOzoneClusterImpl-afc08962-9222-4e3d-8fb5-552b5e422aae/datanode-1/data/ratis/a65de7e4-c537-4d47-ae9c-c6e87957a6f5] INFO  segmented.SegmentedRaftLogWorker (SegmentedRaftLogWorker.java:run(313)) - 80f8a078-74d1-4787-8700-3441e69ebe61-SegmentedRaftLogWorker:Storage Directory /workdir/hadoop-ozone/integration-test/target/test-dir/MiniOzoneClusterImpl-afc08962-9222-4e3d-8fb5-552b5e422aae/datanode-1/data/ratis/a65de7e4-c537-4d47-ae9c-c6e87957a6f5 was interrupted, exiting. There are 0 tasks remaining in the queue.
2019-09-12 10:21:02,149 [main] INFO  impl.RaftServerImpl (RaftServerImpl.java:lambda$shutdown$3(245)) - 6ee6d104-7057-4fca-83c0-db864f4c6adb: shutdown group-624D266E46A5
2019-09-12 10:21:02,149 [ForkJoinPool.commonPool-worker-1] INFO  segmented.SegmentedRaftLogWorker (SegmentedRaftLogWorker.java:close(228)) - 80f8a078-74d1-4787-8700-3441e69ebe61-SegmentedRaftLogWorker:Storage Directory /workdir/hadoop-ozone/integration-test/target/test-dir/MiniOzoneClusterImpl-afc08962-9222-4e3d-8fb5-552b5e422aae/datanode-1/data/ratis/a65de7e4-c537-4d47-ae9c-c6e87957a6f5 close()
2019-09-12 10:21:02,149 [main] INFO  util.JmxRegister (JmxRegister.java:unregister(73)) - Successfully un-registered JMX Bean with object name Ratis:service=RaftServer,group=group-624D266E46A5,id=6ee6d104-7057-4fca-83c0-db864f4c6adb
2019-09-12 10:21:02,151 [main] INFO  impl.RoleInfo (RoleInfo.java:shutdownLeaderState(104)) - 6ee6d104-7057-4fca-83c0-db864f4c6adb: shutdown LeaderState
2019-09-12 10:21:02,152 [main] INFO  impl.PendingRequests (PendingRequests.java:sendNotLeaderResponses(202)) - 6ee6d104-7057-4fca-83c0-db864f4c6adb-PendingRequests: sendNotLeaderResponses
2019-09-12 10:21:02,152 [ForkJoinPool.commonPool-worker-1] INFO  server.GrpcService (GrpcService.java:closeImpl(155)) - 80f8a078-74d1-4787-8700-3441e69ebe61: shutdown server with port 39355 now
2019-09-12 10:21:02,152 [main] INFO  impl.StateMachineUpdater (StateMachineUpdater.java:stopAndJoin(115)) - StateMachineUpdater:6ee6d104-7057-4fca-83c0-db864f4c6adb:group-624D266E46A5: set stopIndex = 0
2019-09-12 10:21:02,153 [main] INFO  impl.RaftServerImpl (ServerState.java:close(394)) - 6ee6d104-7057-4fca-83c0-db864f4c6adb:group-624D266E46A5 closes. The last applied log index is 0
2019-09-12 10:21:02,153 [6ee6d104-7057-4fca-83c0-db864f4c6adb-SegmentedRaftLogWorker:Storage Directory /workdir/hadoop-ozone/integration-test/target/test-dir/MiniOzoneClusterImpl-afc08962-9222-4e3d-8fb5-552b5e422aae/datanode-2/data/ratis/61b3fcec-320e-4334-92be-624d266e46a5] INFO  segmented.SegmentedRaftLogWorker (SegmentedRaftLogWorker.java:run(313)) - 6ee6d104-7057-4fca-83c0-db864f4c6adb-SegmentedRaftLogWorker:Storage Directory /workdir/hadoop-ozone/integration-test/target/test-dir/MiniOzoneClusterImpl-afc08962-9222-4e3d-8fb5-552b5e422aae/datanode-2/data/ratis/61b3fcec-320e-4334-92be-624d266e46a5 was interrupted, exiting. There are 0 tasks remaining in the queue.
2019-09-12 10:21:02,154 [main] INFO  segmented.SegmentedRaftLogWorker (SegmentedRaftLogWorker.java:close(228)) - 6ee6d104-7057-4fca-83c0-db864f4c6adb-SegmentedRaftLogWorker:Storage Directory /workdir/hadoop-ozone/integration-test/target/test-dir/MiniOzoneClusterImpl-afc08962-9222-4e3d-8fb5-552b5e422aae/datanode-2/data/ratis/61b3fcec-320e-4334-92be-624d266e46a5 close()
2019-09-12 10:21:02,157 [main] INFO  server.GrpcService (GrpcService.java:closeImpl(155)) - 6ee6d104-7057-4fca-83c0-db864f4c6adb: shutdown server with port 35734 now
2019-09-12 10:21:02,157 [ForkJoinPool.commonPool-worker-1] INFO  server.GrpcService (GrpcService.java:closeImpl(163)) - 80f8a078-74d1-4787-8700-3441e69ebe61: shutdown server with port 39355 successfully
2019-09-12 10:21:02,159 [main] INFO  server.GrpcService (GrpcService.java:closeImpl(163)) - 6ee6d104-7057-4fca-83c0-db864f4c6adb: shutdown server with port 35734 successfully
2019-09-12 10:21:02,162 [ForkJoinPool.commonPool-worker-1] INFO  utils.BackgroundService (BackgroundService.java:shutdown(148)) - Shutting down service BlockDeletingService
2019-09-12 10:21:02,163 [refreshUsed-/workdir/hadoop-ozone/integration-test/target/test-dir/MiniOzoneClusterImpl-afc08962-9222-4e3d-8fb5-552b5e422aae/datanode-1/data/containers] WARN  fs.CachingGetSpaceUsed (CachingGetSpaceUsed.java:run(183)) - Thread Interrupted waiting to refresh disk information: sleep interrupted
2019-09-12 10:21:02,170 [main] INFO  utils.BackgroundService (BackgroundService.java:shutdown(148)) - Shutting down service BlockDeletingService
2019-09-12 10:21:02,173 [refreshUsed-/workdir/hadoop-ozone/integration-test/target/test-dir/MiniOzoneClusterImpl-afc08962-9222-4e3d-8fb5-552b5e422aae/datanode-2/data/containers] WARN  fs.CachingGetSpaceUsed (CachingGetSpaceUsed.java:run(183)) - Thread Interrupted waiting to refresh disk information: sleep interrupted
2019-09-12 10:21:02,197 [main] INFO  statemachine.DatanodeStateMachine (DatanodeStateMachine.java:stopDaemon(395)) - Ozone container server stopped.
2019-09-12 10:21:02,199 [main] INFO  handler.ContextHandler (ContextHandler.java:doStop(910)) - Stopped o.e.j.w.WebAppContext@1c98b4eb{/,null,UNAVAILABLE}{/hddsDatanode}
2019-09-12 10:21:02,203 [ForkJoinPool.commonPool-worker-1] INFO  statemachine.DatanodeStateMachine (DatanodeStateMachine.java:stopDaemon(395)) - Ozone container server stopped.
2019-09-12 10:21:02,204 [main] INFO  server.AbstractConnector (AbstractConnector.java:doStop(318)) - Stopped ServerConnector@45801322{HTTP/1.1,[http/1.1]}{0.0.0.0:0}
2019-09-12 10:21:02,206 [main] INFO  handler.ContextHandler (ContextHandler.java:doStop(910)) - Stopped o.e.j.s.ServletContextHandler@590d6c76{/static,jar:file:/home/user/.m2/repository/org/apache/hadoop/hadoop-hdds-container-service/0.5.0-SNAPSHOT/hadoop-hdds-container-service-0.5.0-SNAPSHOT.jar!/webapps/static,UNAVAILABLE}
2019-09-12 10:21:02,206 [main] INFO  handler.ContextHandler (ContextHandler.java:doStop(910)) - Stopped o.e.j.s.ServletContextHandler@26e8ff8c{/logs,file:///workdir/hadoop-ozone/integration-test/target/log,UNAVAILABLE}
2019-09-12 10:21:02,207 [ForkJoinPool.commonPool-worker-1] INFO  handler.ContextHandler (ContextHandler.java:doStop(910)) - Stopped o.e.j.w.WebAppContext@697a0948{/,null,UNAVAILABLE}{/hddsDatanode}
2019-09-12 10:21:02,208 [main] INFO  datanode.ObjectStoreHandler (ObjectStoreHandler.java:close(155)) - Closing ObjectStoreHandler.
2019-09-12 10:21:02,209 [ForkJoinPool.commonPool-worker-1] INFO  server.AbstractConnector (AbstractConnector.java:doStop(318)) - Stopped ServerConnector@7cf63b9a{HTTP/1.1,[http/1.1]}{0.0.0.0:0}
2019-09-12 10:21:02,209 [main] INFO  ozone.HddsDatanodeService (HddsDatanodeService.java:stop(451)) - Stopped plug-in org.apache.hadoop.ozone.web.OzoneHddsDatanodeService@6818fd48
2019-09-12 10:21:02,210 [ForkJoinPool.commonPool-worker-1] INFO  handler.ContextHandler (ContextHandler.java:doStop(910)) - Stopped o.e.j.s.ServletContextHandler@31834a2b{/static,jar:file:/home/user/.m2/repository/org/apache/hadoop/hadoop-hdds-container-service/0.5.0-SNAPSHOT/hadoop-hdds-container-service-0.5.0-SNAPSHOT.jar!/webapps/static,UNAVAILABLE}
2019-09-12 10:21:02,212 [ForkJoinPool.commonPool-worker-1] INFO  handler.ContextHandler (ContextHandler.java:doStop(910)) - Stopped o.e.j.s.ServletContextHandler@2f3928ac{/logs,file:///workdir/hadoop-ozone/integration-test/target/log,UNAVAILABLE}
2019-09-12 10:21:02,213 [ForkJoinPool.commonPool-worker-1] INFO  datanode.ObjectStoreHandler (ObjectStoreHandler.java:close(155)) - Closing ObjectStoreHandler.
2019-09-12 10:21:02,213 [ForkJoinPool.commonPool-worker-1] INFO  ozone.HddsDatanodeService (HddsDatanodeService.java:stop(451)) - Stopped plug-in org.apache.hadoop.ozone.web.OzoneHddsDatanodeService@27976390
2019-09-12 10:21:02,471 | INFO  | SCMAudit | user=jenkins1000 | ip=192.168.157.195 | op=SEND_HEARTBEAT {datanodeUUID=3352c2aa-4491-4fbb-82ad-24b3d7cf0c84, command=[]} | ret=SUCCESS |  
2019-09-12 10:21:02,584 [Datanode State Machine Thread - 0] INFO  statemachine.DatanodeStateMachine (DatanodeStateMachine.java:lambda$startDaemon$0(350)) - Ozone container server started.
2019-09-12 10:21:02,664 [Datanode State Machine Thread - 0] INFO  statemachine.DatanodeStateMachine (DatanodeStateMachine.java:lambda$startDaemon$0(350)) - Ozone container server started.
2019-09-12 10:21:03,471 | INFO  | SCMAudit | user=jenkins1000 | ip=192.168.157.195 | op=SEND_HEARTBEAT {datanodeUUID=3352c2aa-4491-4fbb-82ad-24b3d7cf0c84, command=[]} | ret=SUCCESS |  
2019-09-12 10:21:04,471 | INFO  | SCMAudit | user=jenkins1000 | ip=192.168.157.195 | op=SEND_HEARTBEAT {datanodeUUID=3352c2aa-4491-4fbb-82ad-24b3d7cf0c84, command=[]} | ret=SUCCESS |  
2019-09-12 10:21:05,472 | INFO  | SCMAudit | user=jenkins1000 | ip=192.168.157.195 | op=SEND_HEARTBEAT {datanodeUUID=3352c2aa-4491-4fbb-82ad-24b3d7cf0c84, command=[]} | ret=SUCCESS |  
2019-09-12 10:21:06,472 | INFO  | SCMAudit | user=jenkins1000 | ip=192.168.157.195 | op=SEND_HEARTBEAT {datanodeUUID=3352c2aa-4491-4fbb-82ad-24b3d7cf0c84, command=[]} | ret=SUCCESS |  
2019-09-12 10:21:07,211 [main] INFO  ozoneimpl.OzoneContainer (OzoneContainer.java:stop(199)) - Attempting to stop container services.
2019-09-12 10:21:07,212 [main] INFO  impl.RaftServerProxy (RaftServerProxy.java:lambda$close$4(314)) - 2d34cfa1-ae82-414b-bae6-717ee002fe05: close
2019-09-12 10:21:07,212 [main] INFO  impl.RaftServerImpl (RaftServerImpl.java:lambda$shutdown$3(245)) - 2d34cfa1-ae82-414b-bae6-717ee002fe05: shutdown group-6DF7B3169762
2019-09-12 10:21:07,213 [main] INFO  util.JmxRegister (JmxRegister.java:unregister(73)) - Successfully un-registered JMX Bean with object name Ratis:service=RaftServer,group=group-6DF7B3169762,id=2d34cfa1-ae82-414b-bae6-717ee002fe05
2019-09-12 10:21:07,213 [main] INFO  impl.RoleInfo (RoleInfo.java:shutdownLeaderState(104)) - 2d34cfa1-ae82-414b-bae6-717ee002fe05: shutdown LeaderState
2019-09-12 10:21:07,214 [main] INFO  impl.PendingRequests (PendingRequests.java:sendNotLeaderResponses(202)) - 2d34cfa1-ae82-414b-bae6-717ee002fe05-PendingRequests: sendNotLeaderResponses
2019-09-12 10:21:07,214 [ForkJoinPool.commonPool-worker-1] INFO  ozoneimpl.OzoneContainer (OzoneContainer.java:stop(199)) - Attempting to stop container services.
2019-09-12 10:21:07,214 [main] INFO  impl.StateMachineUpdater (StateMachineUpdater.java:stopAndJoin(115)) - StateMachineUpdater:2d34cfa1-ae82-414b-bae6-717ee002fe05:group-6DF7B3169762: set stopIndex = 0
2019-09-12 10:21:07,215 [ForkJoinPool.commonPool-worker-1] INFO  impl.RaftServerProxy (RaftServerProxy.java:lambda$close$4(314)) - 807fe137-5703-4ca0-bc4b-d1bf019678ec: close
2019-09-12 10:21:07,215 [main] INFO  impl.RaftServerImpl (ServerState.java:close(394)) - 2d34cfa1-ae82-414b-bae6-717ee002fe05:group-6DF7B3169762 closes. The last applied log index is 0
2019-09-12 10:21:07,215 [ForkJoinPool.commonPool-worker-1] INFO  impl.RaftServerImpl (RaftServerImpl.java:lambda$shutdown$3(245)) - 807fe137-5703-4ca0-bc4b-d1bf019678ec: shutdown group-C62A7AE207DD
2019-09-12 10:21:07,216 [2d34cfa1-ae82-414b-bae6-717ee002fe05-SegmentedRaftLogWorker:Storage Directory /workdir/hadoop-ozone/integration-test/target/test-dir/MiniOzoneClusterImpl-afc08962-9222-4e3d-8fb5-552b5e422aae/datanode-4/data/ratis/741a14b6-e045-4d03-9fb9-6df7b3169762] INFO  segmented.SegmentedRaftLogWorker (SegmentedRaftLogWorker.java:run(313)) - 2d34cfa1-ae82-414b-bae6-717ee002fe05-SegmentedRaftLogWorker:Storage Directory /workdir/hadoop-ozone/integration-test/target/test-dir/MiniOzoneClusterImpl-afc08962-9222-4e3d-8fb5-552b5e422aae/datanode-4/data/ratis/741a14b6-e045-4d03-9fb9-6df7b3169762 was interrupted, exiting. There are 0 tasks remaining in the queue.
2019-09-12 10:21:07,216 [ForkJoinPool.commonPool-worker-1] INFO  util.JmxRegister (JmxRegister.java:unregister(73)) - Successfully un-registered JMX Bean with object name Ratis:service=RaftServer,group=group-C62A7AE207DD,id=807fe137-5703-4ca0-bc4b-d1bf019678ec
2019-09-12 10:21:07,217 [ForkJoinPool.commonPool-worker-1] INFO  impl.RoleInfo (RoleInfo.java:shutdownLeaderState(104)) - 807fe137-5703-4ca0-bc4b-d1bf019678ec: shutdown LeaderState
2019-09-12 10:21:07,217 [main] INFO  segmented.SegmentedRaftLogWorker (SegmentedRaftLogWorker.java:close(228)) - 2d34cfa1-ae82-414b-bae6-717ee002fe05-SegmentedRaftLogWorker:Storage Directory /workdir/hadoop-ozone/integration-test/target/test-dir/MiniOzoneClusterImpl-afc08962-9222-4e3d-8fb5-552b5e422aae/datanode-4/data/ratis/741a14b6-e045-4d03-9fb9-6df7b3169762 close()
2019-09-12 10:21:07,217 [ForkJoinPool.commonPool-worker-1] INFO  impl.PendingRequests (PendingRequests.java:sendNotLeaderResponses(202)) - 807fe137-5703-4ca0-bc4b-d1bf019678ec-PendingRequests: sendNotLeaderResponses
2019-09-12 10:21:07,220 [main] INFO  impl.RaftServerImpl (RaftServerImpl.java:lambda$shutdown$3(245)) - 2d34cfa1-ae82-414b-bae6-717ee002fe05: shutdown group-AA0C2D5B717C
2019-09-12 10:21:07,220 [main] INFO  util.JmxRegister (JmxRegister.java:unregister(73)) - Successfully un-registered JMX Bean with object name Ratis:service=RaftServer,group=group-AA0C2D5B717C,id=2d34cfa1-ae82-414b-bae6-717ee002fe05
2019-09-12 10:21:07,220 [ForkJoinPool.commonPool-worker-1] INFO  impl.StateMachineUpdater (StateMachineUpdater.java:stopAndJoin(115)) - StateMachineUpdater:807fe137-5703-4ca0-bc4b-d1bf019678ec:group-C62A7AE207DD: set stopIndex = 0
2019-09-12 10:21:07,221 [main] INFO  impl.RoleInfo (RoleInfo.java:shutdownLeaderState(104)) - 2d34cfa1-ae82-414b-bae6-717ee002fe05: shutdown LeaderState
2019-09-12 10:21:07,221 [ForkJoinPool.commonPool-worker-1] INFO  impl.RaftServerImpl (ServerState.java:close(394)) - 807fe137-5703-4ca0-bc4b-d1bf019678ec:group-C62A7AE207DD closes. The last applied log index is 0
2019-09-12 10:21:07,222 [main] INFO  impl.PendingRequests (PendingRequests.java:sendNotLeaderResponses(202)) - 2d34cfa1-ae82-414b-bae6-717ee002fe05-PendingRequests: sendNotLeaderResponses
2019-09-12 10:21:07,223 [807fe137-5703-4ca0-bc4b-d1bf019678ec-SegmentedRaftLogWorker:Storage Directory /workdir/hadoop-ozone/integration-test/target/test-dir/MiniOzoneClusterImpl-afc08962-9222-4e3d-8fb5-552b5e422aae/datanode-0/data/ratis/42e7e8ed-f34d-46c0-95d4-c62a7ae207dd] INFO  segmented.SegmentedRaftLogWorker (SegmentedRaftLogWorker.java:run(313)) - 807fe137-5703-4ca0-bc4b-d1bf019678ec-SegmentedRaftLogWorker:Storage Directory /workdir/hadoop-ozone/integration-test/target/test-dir/MiniOzoneClusterImpl-afc08962-9222-4e3d-8fb5-552b5e422aae/datanode-0/data/ratis/42e7e8ed-f34d-46c0-95d4-c62a7ae207dd was interrupted, exiting. There are 0 tasks remaining in the queue.
2019-09-12 10:21:07,223 [main] INFO  impl.StateMachineUpdater (StateMachineUpdater.java:stopAndJoin(115)) - StateMachineUpdater:2d34cfa1-ae82-414b-bae6-717ee002fe05:group-AA0C2D5B717C: set stopIndex = 0
2019-09-12 10:21:07,223 [ForkJoinPool.commonPool-worker-1] INFO  segmented.SegmentedRaftLogWorker (SegmentedRaftLogWorker.java:close(228)) - 807fe137-5703-4ca0-bc4b-d1bf019678ec-SegmentedRaftLogWorker:Storage Directory /workdir/hadoop-ozone/integration-test/target/test-dir/MiniOzoneClusterImpl-afc08962-9222-4e3d-8fb5-552b5e422aae/datanode-0/data/ratis/42e7e8ed-f34d-46c0-95d4-c62a7ae207dd close()
2019-09-12 10:21:07,224 [main] INFO  impl.RaftServerImpl (ServerState.java:close(394)) - 2d34cfa1-ae82-414b-bae6-717ee002fe05:group-AA0C2D5B717C closes. The last applied log index is 0
2019-09-12 10:21:07,225 [ForkJoinPool.commonPool-worker-1] INFO  impl.RaftServerImpl (RaftServerImpl.java:lambda$shutdown$3(245)) - 807fe137-5703-4ca0-bc4b-d1bf019678ec: shutdown group-856223D21564
2019-09-12 10:21:07,226 [2d34cfa1-ae82-414b-bae6-717ee002fe05-SegmentedRaftLogWorker:Storage Directory /workdir/hadoop-ozone/integration-test/target/test-dir/MiniOzoneClusterImpl-afc08962-9222-4e3d-8fb5-552b5e422aae/datanode-4/data/ratis/7e5ee52c-7d4f-43fc-8008-aa0c2d5b717c] INFO  segmented.SegmentedRaftLogWorker (SegmentedRaftLogWorker.java:run(313)) - 2d34cfa1-ae82-414b-bae6-717ee002fe05-SegmentedRaftLogWorker:Storage Directory /workdir/hadoop-ozone/integration-test/target/test-dir/MiniOzoneClusterImpl-afc08962-9222-4e3d-8fb5-552b5e422aae/datanode-4/data/ratis/7e5ee52c-7d4f-43fc-8008-aa0c2d5b717c was interrupted, exiting. There are 0 tasks remaining in the queue.
2019-09-12 10:21:07,226 [ForkJoinPool.commonPool-worker-1] INFO  util.JmxRegister (JmxRegister.java:unregister(73)) - Successfully un-registered JMX Bean with object name Ratis:service=RaftServer,group=group-856223D21564,id=807fe137-5703-4ca0-bc4b-d1bf019678ec
2019-09-12 10:21:07,226 [ForkJoinPool.commonPool-worker-1] INFO  impl.RoleInfo (RoleInfo.java:shutdownLeaderState(104)) - 807fe137-5703-4ca0-bc4b-d1bf019678ec: shutdown LeaderState
2019-09-12 10:21:07,226 [main] INFO  segmented.SegmentedRaftLogWorker (SegmentedRaftLogWorker.java:close(228)) - 2d34cfa1-ae82-414b-bae6-717ee002fe05-SegmentedRaftLogWorker:Storage Directory /workdir/hadoop-ozone/integration-test/target/test-dir/MiniOzoneClusterImpl-afc08962-9222-4e3d-8fb5-552b5e422aae/datanode-4/data/ratis/7e5ee52c-7d4f-43fc-8008-aa0c2d5b717c close()
2019-09-12 10:21:07,227 [ForkJoinPool.commonPool-worker-1] INFO  impl.PendingRequests (PendingRequests.java:sendNotLeaderResponses(202)) - 807fe137-5703-4ca0-bc4b-d1bf019678ec-PendingRequests: sendNotLeaderResponses
2019-09-12 10:21:07,229 [main] INFO  impl.RaftServerImpl (RaftServerImpl.java:lambda$shutdown$3(245)) - 2d34cfa1-ae82-414b-bae6-717ee002fe05: shutdown group-6B0063148232
2019-09-12 10:21:07,229 [ForkJoinPool.commonPool-worker-1] INFO  impl.StateMachineUpdater (StateMachineUpdater.java:stopAndJoin(115)) - StateMachineUpdater:807fe137-5703-4ca0-bc4b-d1bf019678ec:group-856223D21564: set stopIndex = 0
2019-09-12 10:21:07,229 [main] INFO  util.JmxRegister (JmxRegister.java:unregister(73)) - Successfully un-registered JMX Bean with object name Ratis:service=RaftServer,group=group-6B0063148232,id=2d34cfa1-ae82-414b-bae6-717ee002fe05
2019-09-12 10:21:07,229 [ForkJoinPool.commonPool-worker-1] INFO  impl.RaftServerImpl (ServerState.java:close(394)) - 807fe137-5703-4ca0-bc4b-d1bf019678ec:group-856223D21564 closes. The last applied log index is 0
2019-09-12 10:21:07,230 [main] INFO  impl.RoleInfo (RoleInfo.java:shutdownLeaderState(104)) - 2d34cfa1-ae82-414b-bae6-717ee002fe05: shutdown LeaderState
2019-09-12 10:21:07,230 [807fe137-5703-4ca0-bc4b-d1bf019678ec-SegmentedRaftLogWorker:Storage Directory /workdir/hadoop-ozone/integration-test/target/test-dir/MiniOzoneClusterImpl-afc08962-9222-4e3d-8fb5-552b5e422aae/datanode-0/data/ratis/93a07bd8-27b9-4892-8ebe-856223d21564] INFO  segmented.SegmentedRaftLogWorker (SegmentedRaftLogWorker.java:run(313)) - 807fe137-5703-4ca0-bc4b-d1bf019678ec-SegmentedRaftLogWorker:Storage Directory /workdir/hadoop-ozone/integration-test/target/test-dir/MiniOzoneClusterImpl-afc08962-9222-4e3d-8fb5-552b5e422aae/datanode-0/data/ratis/93a07bd8-27b9-4892-8ebe-856223d21564 was interrupted, exiting. There are 0 tasks remaining in the queue.
2019-09-12 10:21:07,231 [main] INFO  impl.PendingRequests (PendingRequests.java:sendNotLeaderResponses(202)) - 2d34cfa1-ae82-414b-bae6-717ee002fe05-PendingRequests: sendNotLeaderResponses
2019-09-12 10:21:07,231 [ForkJoinPool.commonPool-worker-1] INFO  segmented.SegmentedRaftLogWorker (SegmentedRaftLogWorker.java:close(228)) - 807fe137-5703-4ca0-bc4b-d1bf019678ec-SegmentedRaftLogWorker:Storage Directory /workdir/hadoop-ozone/integration-test/target/test-dir/MiniOzoneClusterImpl-afc08962-9222-4e3d-8fb5-552b5e422aae/datanode-0/data/ratis/93a07bd8-27b9-4892-8ebe-856223d21564 close()
2019-09-12 10:21:07,231 [main] INFO  impl.StateMachineUpdater (StateMachineUpdater.java:stopAndJoin(115)) - StateMachineUpdater:2d34cfa1-ae82-414b-bae6-717ee002fe05:group-6B0063148232: set stopIndex = 0
2019-09-12 10:21:07,233 [ForkJoinPool.commonPool-worker-1] INFO  impl.RaftServerImpl (RaftServerImpl.java:lambda$shutdown$3(245)) - 807fe137-5703-4ca0-bc4b-d1bf019678ec: shutdown group-D8488FC3DB2E
2019-09-12 10:21:07,233 [main] INFO  impl.RaftServerImpl (ServerState.java:close(394)) - 2d34cfa1-ae82-414b-bae6-717ee002fe05:group-6B0063148232 closes. The last applied log index is 0
2019-09-12 10:21:07,233 [ForkJoinPool.commonPool-worker-1] INFO  util.JmxRegister (JmxRegister.java:unregister(73)) - Successfully un-registered JMX Bean with object name Ratis:service=RaftServer,group=group-D8488FC3DB2E,id=807fe137-5703-4ca0-bc4b-d1bf019678ec
2019-09-12 10:21:07,234 [2d34cfa1-ae82-414b-bae6-717ee002fe05-SegmentedRaftLogWorker:Storage Directory /workdir/hadoop-ozone/integration-test/target/test-dir/MiniOzoneClusterImpl-afc08962-9222-4e3d-8fb5-552b5e422aae/datanode-4/data/ratis/6fb1579c-5448-42bd-88dd-6b0063148232] INFO  segmented.SegmentedRaftLogWorker (SegmentedRaftLogWorker.java:run(313)) - 2d34cfa1-ae82-414b-bae6-717ee002fe05-SegmentedRaftLogWorker:Storage Directory /workdir/hadoop-ozone/integration-test/target/test-dir/MiniOzoneClusterImpl-afc08962-9222-4e3d-8fb5-552b5e422aae/datanode-4/data/ratis/6fb1579c-5448-42bd-88dd-6b0063148232 was interrupted, exiting. There are 0 tasks remaining in the queue.
2019-09-12 10:21:07,234 [ForkJoinPool.commonPool-worker-1] INFO  impl.RoleInfo (RoleInfo.java:shutdownLeaderState(104)) - 807fe137-5703-4ca0-bc4b-d1bf019678ec: shutdown LeaderState
2019-09-12 10:21:07,234 [main] INFO  segmented.SegmentedRaftLogWorker (SegmentedRaftLogWorker.java:close(228)) - 2d34cfa1-ae82-414b-bae6-717ee002fe05-SegmentedRaftLogWorker:Storage Directory /workdir/hadoop-ozone/integration-test/target/test-dir/MiniOzoneClusterImpl-afc08962-9222-4e3d-8fb5-552b5e422aae/datanode-4/data/ratis/6fb1579c-5448-42bd-88dd-6b0063148232 close()
2019-09-12 10:21:07,234 [ForkJoinPool.commonPool-worker-1] INFO  impl.PendingRequests (PendingRequests.java:sendNotLeaderResponses(202)) - 807fe137-5703-4ca0-bc4b-d1bf019678ec-PendingRequests: sendNotLeaderResponses
2019-09-12 10:21:07,236 [main] INFO  impl.RaftServerImpl (RaftServerImpl.java:lambda$shutdown$3(245)) - 2d34cfa1-ae82-414b-bae6-717ee002fe05: shutdown group-DFDF1FA081FE
2019-09-12 10:21:07,236 [ForkJoinPool.commonPool-worker-1] INFO  impl.StateMachineUpdater (StateMachineUpdater.java:stopAndJoin(115)) - StateMachineUpdater:807fe137-5703-4ca0-bc4b-d1bf019678ec:group-D8488FC3DB2E: set stopIndex = 0
2019-09-12 10:21:07,236 [main] INFO  util.JmxRegister (JmxRegister.java:unregister(73)) - Successfully un-registered JMX Bean with object name Ratis:service=RaftServer,group=group-DFDF1FA081FE,id=2d34cfa1-ae82-414b-bae6-717ee002fe05
2019-09-12 10:21:07,236 [ForkJoinPool.commonPool-worker-1] INFO  impl.RaftServerImpl (ServerState.java:close(394)) - 807fe137-5703-4ca0-bc4b-d1bf019678ec:group-D8488FC3DB2E closes. The last applied log index is 0
2019-09-12 10:21:07,237 [main] INFO  impl.RoleInfo (RoleInfo.java:shutdownLeaderState(104)) - 2d34cfa1-ae82-414b-bae6-717ee002fe05: shutdown LeaderState
2019-09-12 10:21:07,237 [807fe137-5703-4ca0-bc4b-d1bf019678ec-SegmentedRaftLogWorker:Storage Directory /workdir/hadoop-ozone/integration-test/target/test-dir/MiniOzoneClusterImpl-afc08962-9222-4e3d-8fb5-552b5e422aae/datanode-0/data/ratis/f727668c-76c9-4607-b859-d8488fc3db2e] INFO  segmented.SegmentedRaftLogWorker (SegmentedRaftLogWorker.java:run(313)) - 807fe137-5703-4ca0-bc4b-d1bf019678ec-SegmentedRaftLogWorker:Storage Directory /workdir/hadoop-ozone/integration-test/target/test-dir/MiniOzoneClusterImpl-afc08962-9222-4e3d-8fb5-552b5e422aae/datanode-0/data/ratis/f727668c-76c9-4607-b859-d8488fc3db2e was interrupted, exiting. There are 0 tasks remaining in the queue.
2019-09-12 10:21:07,238 [main] INFO  impl.PendingRequests (PendingRequests.java:sendNotLeaderResponses(202)) - 2d34cfa1-ae82-414b-bae6-717ee002fe05-PendingRequests: sendNotLeaderResponses
2019-09-12 10:21:07,238 [ForkJoinPool.commonPool-worker-1] INFO  segmented.SegmentedRaftLogWorker (SegmentedRaftLogWorker.java:close(228)) - 807fe137-5703-4ca0-bc4b-d1bf019678ec-SegmentedRaftLogWorker:Storage Directory /workdir/hadoop-ozone/integration-test/target/test-dir/MiniOzoneClusterImpl-afc08962-9222-4e3d-8fb5-552b5e422aae/datanode-0/data/ratis/f727668c-76c9-4607-b859-d8488fc3db2e close()
2019-09-12 10:21:07,238 [main] INFO  impl.StateMachineUpdater (StateMachineUpdater.java:stopAndJoin(115)) - StateMachineUpdater:2d34cfa1-ae82-414b-bae6-717ee002fe05:group-DFDF1FA081FE: set stopIndex = 0
2019-09-12 10:21:07,240 [ForkJoinPool.commonPool-worker-1] INFO  impl.RaftServerImpl (RaftServerImpl.java:lambda$shutdown$3(245)) - 807fe137-5703-4ca0-bc4b-d1bf019678ec: shutdown group-E702AFB2FEDE
2019-09-12 10:21:07,240 [main] INFO  impl.RaftServerImpl (ServerState.java:close(394)) - 2d34cfa1-ae82-414b-bae6-717ee002fe05:group-DFDF1FA081FE closes. The last applied log index is 0
2019-09-12 10:21:07,240 [ForkJoinPool.commonPool-worker-1] INFO  util.JmxRegister (JmxRegister.java:unregister(73)) - Successfully un-registered JMX Bean with object name Ratis:service=RaftServer,group=group-E702AFB2FEDE,id=807fe137-5703-4ca0-bc4b-d1bf019678ec
2019-09-12 10:21:07,241 [2d34cfa1-ae82-414b-bae6-717ee002fe05-SegmentedRaftLogWorker:Storage Directory /workdir/hadoop-ozone/integration-test/target/test-dir/MiniOzoneClusterImpl-afc08962-9222-4e3d-8fb5-552b5e422aae/datanode-4/data/ratis/87b15e4a-129c-4bc8-8c75-dfdf1fa081fe] INFO  segmented.SegmentedRaftLogWorker (SegmentedRaftLogWorker.java:run(313)) - 2d34cfa1-ae82-414b-bae6-717ee002fe05-SegmentedRaftLogWorker:Storage Directory /workdir/hadoop-ozone/integration-test/target/test-dir/MiniOzoneClusterImpl-afc08962-9222-4e3d-8fb5-552b5e422aae/datanode-4/data/ratis/87b15e4a-129c-4bc8-8c75-dfdf1fa081fe was interrupted, exiting. There are 0 tasks remaining in the queue.
2019-09-12 10:21:07,241 [ForkJoinPool.commonPool-worker-1] INFO  impl.RoleInfo (RoleInfo.java:shutdownLeaderState(104)) - 807fe137-5703-4ca0-bc4b-d1bf019678ec: shutdown LeaderState
2019-09-12 10:21:07,241 [main] INFO  segmented.SegmentedRaftLogWorker (SegmentedRaftLogWorker.java:close(228)) - 2d34cfa1-ae82-414b-bae6-717ee002fe05-SegmentedRaftLogWorker:Storage Directory /workdir/hadoop-ozone/integration-test/target/test-dir/MiniOzoneClusterImpl-afc08962-9222-4e3d-8fb5-552b5e422aae/datanode-4/data/ratis/87b15e4a-129c-4bc8-8c75-dfdf1fa081fe close()
2019-09-12 10:21:07,241 [ForkJoinPool.commonPool-worker-1] INFO  impl.PendingRequests (PendingRequests.java:sendNotLeaderResponses(202)) - 807fe137-5703-4ca0-bc4b-d1bf019678ec-PendingRequests: sendNotLeaderResponses
2019-09-12 10:21:07,242 [main] INFO  impl.RaftServerImpl (RaftServerImpl.java:lambda$shutdown$3(245)) - 2d34cfa1-ae82-414b-bae6-717ee002fe05: shutdown group-43ACD40DDEDB
2019-09-12 10:21:07,243 [ForkJoinPool.commonPool-worker-1] INFO  impl.StateMachineUpdater (StateMachineUpdater.java:stopAndJoin(115)) - StateMachineUpdater:807fe137-5703-4ca0-bc4b-d1bf019678ec:group-E702AFB2FEDE: set stopIndex = 0
2019-09-12 10:21:07,243 [main] INFO  util.JmxRegister (JmxRegister.java:unregister(73)) - Successfully un-registered JMX Bean with object name Ratis:service=RaftServer,group=group-43ACD40DDEDB,id=2d34cfa1-ae82-414b-bae6-717ee002fe05
2019-09-12 10:21:07,243 [ForkJoinPool.commonPool-worker-1] INFO  impl.RaftServerImpl (ServerState.java:close(394)) - 807fe137-5703-4ca0-bc4b-d1bf019678ec:group-E702AFB2FEDE closes. The last applied log index is 0
2019-09-12 10:21:07,244 [main] INFO  impl.RoleInfo (RoleInfo.java:shutdownLeaderState(104)) - 2d34cfa1-ae82-414b-bae6-717ee002fe05: shutdown LeaderState
2019-09-12 10:21:07,244 [807fe137-5703-4ca0-bc4b-d1bf019678ec-SegmentedRaftLogWorker:Storage Directory /workdir/hadoop-ozone/integration-test/target/test-dir/MiniOzoneClusterImpl-afc08962-9222-4e3d-8fb5-552b5e422aae/datanode-0/data/ratis/c4f26dec-628a-41b6-99e7-e702afb2fede] INFO  segmented.SegmentedRaftLogWorker (SegmentedRaftLogWorker.java:run(313)) - 807fe137-5703-4ca0-bc4b-d1bf019678ec-SegmentedRaftLogWorker:Storage Directory /workdir/hadoop-ozone/integration-test/target/test-dir/MiniOzoneClusterImpl-afc08962-9222-4e3d-8fb5-552b5e422aae/datanode-0/data/ratis/c4f26dec-628a-41b6-99e7-e702afb2fede was interrupted, exiting. There are 0 tasks remaining in the queue.
2019-09-12 10:21:07,244 [main] INFO  impl.PendingRequests (PendingRequests.java:sendNotLeaderResponses(202)) - 2d34cfa1-ae82-414b-bae6-717ee002fe05-PendingRequests: sendNotLeaderResponses
2019-09-12 10:21:07,245 [ForkJoinPool.commonPool-worker-1] INFO  segmented.SegmentedRaftLogWorker (SegmentedRaftLogWorker.java:close(228)) - 807fe137-5703-4ca0-bc4b-d1bf019678ec-SegmentedRaftLogWorker:Storage Directory /workdir/hadoop-ozone/integration-test/target/test-dir/MiniOzoneClusterImpl-afc08962-9222-4e3d-8fb5-552b5e422aae/datanode-0/data/ratis/c4f26dec-628a-41b6-99e7-e702afb2fede close()
2019-09-12 10:21:07,245 [main] INFO  impl.StateMachineUpdater (StateMachineUpdater.java:stopAndJoin(115)) - StateMachineUpdater:2d34cfa1-ae82-414b-bae6-717ee002fe05:group-43ACD40DDEDB: set stopIndex = 0
2019-09-12 10:21:07,250 [ForkJoinPool.commonPool-worker-1] INFO  impl.RaftServerImpl (RaftServerImpl.java:lambda$shutdown$3(245)) - 807fe137-5703-4ca0-bc4b-d1bf019678ec: shutdown group-10CFC2D939B2
2019-09-12 10:21:07,250 [main] INFO  impl.RaftServerImpl (ServerState.java:close(394)) - 2d34cfa1-ae82-414b-bae6-717ee002fe05:group-43ACD40DDEDB closes. The last applied log index is 0
2019-09-12 10:21:07,250 [ForkJoinPool.commonPool-worker-1] INFO  util.JmxRegister (JmxRegister.java:unregister(73)) - Successfully un-registered JMX Bean with object name Ratis:service=RaftServer,group=group-10CFC2D939B2,id=807fe137-5703-4ca0-bc4b-d1bf019678ec
2019-09-12 10:21:07,251 [2d34cfa1-ae82-414b-bae6-717ee002fe05-SegmentedRaftLogWorker:Storage Directory /workdir/hadoop-ozone/integration-test/target/test-dir/MiniOzoneClusterImpl-afc08962-9222-4e3d-8fb5-552b5e422aae/datanode-4/data/ratis/b65933a5-1d4b-4750-b380-43acd40ddedb] INFO  segmented.SegmentedRaftLogWorker (SegmentedRaftLogWorker.java:run(313)) - 2d34cfa1-ae82-414b-bae6-717ee002fe05-SegmentedRaftLogWorker:Storage Directory /workdir/hadoop-ozone/integration-test/target/test-dir/MiniOzoneClusterImpl-afc08962-9222-4e3d-8fb5-552b5e422aae/datanode-4/data/ratis/b65933a5-1d4b-4750-b380-43acd40ddedb was interrupted, exiting. There are 0 tasks remaining in the queue.
2019-09-12 10:21:07,251 [ForkJoinPool.commonPool-worker-1] INFO  impl.RoleInfo (RoleInfo.java:shutdownLeaderState(104)) - 807fe137-5703-4ca0-bc4b-d1bf019678ec: shutdown LeaderState
2019-09-12 10:21:07,251 [main] INFO  segmented.SegmentedRaftLogWorker (SegmentedRaftLogWorker.java:close(228)) - 2d34cfa1-ae82-414b-bae6-717ee002fe05-SegmentedRaftLogWorker:Storage Directory /workdir/hadoop-ozone/integration-test/target/test-dir/MiniOzoneClusterImpl-afc08962-9222-4e3d-8fb5-552b5e422aae/datanode-4/data/ratis/b65933a5-1d4b-4750-b380-43acd40ddedb close()
2019-09-12 10:21:07,252 [ForkJoinPool.commonPool-worker-1] INFO  impl.PendingRequests (PendingRequests.java:sendNotLeaderResponses(202)) - 807fe137-5703-4ca0-bc4b-d1bf019678ec-PendingRequests: sendNotLeaderResponses
2019-09-12 10:21:07,252 [main] INFO  impl.RaftServerImpl (RaftServerImpl.java:lambda$shutdown$3(245)) - 2d34cfa1-ae82-414b-bae6-717ee002fe05: shutdown group-79B4561C3D24
2019-09-12 10:21:07,252 [ForkJoinPool.commonPool-worker-1] INFO  impl.StateMachineUpdater (StateMachineUpdater.java:stopAndJoin(115)) - StateMachineUpdater:807fe137-5703-4ca0-bc4b-d1bf019678ec:group-10CFC2D939B2: set stopIndex = 0
2019-09-12 10:21:07,253 [ForkJoinPool.commonPool-worker-1] INFO  impl.RaftServerImpl (ServerState.java:close(394)) - 807fe137-5703-4ca0-bc4b-d1bf019678ec:group-10CFC2D939B2 closes. The last applied log index is 0
2019-09-12 10:21:07,253 [main] INFO  util.JmxRegister (JmxRegister.java:unregister(73)) - Successfully un-registered JMX Bean with object name Ratis:service=RaftServer,group=group-79B4561C3D24,id=2d34cfa1-ae82-414b-bae6-717ee002fe05
2019-09-12 10:21:07,253 [807fe137-5703-4ca0-bc4b-d1bf019678ec-SegmentedRaftLogWorker:Storage Directory /workdir/hadoop-ozone/integration-test/target/test-dir/MiniOzoneClusterImpl-afc08962-9222-4e3d-8fb5-552b5e422aae/datanode-0/data/ratis/016c1904-8c8b-4da3-8319-10cfc2d939b2] INFO  segmented.SegmentedRaftLogWorker (SegmentedRaftLogWorker.java:run(313)) - 807fe137-5703-4ca0-bc4b-d1bf019678ec-SegmentedRaftLogWorker:Storage Directory /workdir/hadoop-ozone/integration-test/target/test-dir/MiniOzoneClusterImpl-afc08962-9222-4e3d-8fb5-552b5e422aae/datanode-0/data/ratis/016c1904-8c8b-4da3-8319-10cfc2d939b2 was interrupted, exiting. There are 0 tasks remaining in the queue.
2019-09-12 10:21:07,254 [main] INFO  impl.RoleInfo (RoleInfo.java:shutdownLeaderState(104)) - 2d34cfa1-ae82-414b-bae6-717ee002fe05: shutdown LeaderState
2019-09-12 10:21:07,254 [ForkJoinPool.commonPool-worker-1] INFO  segmented.SegmentedRaftLogWorker (SegmentedRaftLogWorker.java:close(228)) - 807fe137-5703-4ca0-bc4b-d1bf019678ec-SegmentedRaftLogWorker:Storage Directory /workdir/hadoop-ozone/integration-test/target/test-dir/MiniOzoneClusterImpl-afc08962-9222-4e3d-8fb5-552b5e422aae/datanode-0/data/ratis/016c1904-8c8b-4da3-8319-10cfc2d939b2 close()
2019-09-12 10:21:07,254 [main] INFO  impl.PendingRequests (PendingRequests.java:sendNotLeaderResponses(202)) - 2d34cfa1-ae82-414b-bae6-717ee002fe05-PendingRequests: sendNotLeaderResponses
2019-09-12 10:21:07,254 [ForkJoinPool.commonPool-worker-1] INFO  impl.RaftServerImpl (RaftServerImpl.java:lambda$shutdown$3(245)) - 807fe137-5703-4ca0-bc4b-d1bf019678ec: shutdown group-DB0224F94D33
2019-09-12 10:21:07,255 [main] INFO  impl.StateMachineUpdater (StateMachineUpdater.java:stopAndJoin(115)) - StateMachineUpdater:2d34cfa1-ae82-414b-bae6-717ee002fe05:group-79B4561C3D24: set stopIndex = 0
2019-09-12 10:21:07,255 [ForkJoinPool.commonPool-worker-1] INFO  util.JmxRegister (JmxRegister.java:unregister(73)) - Successfully un-registered JMX Bean with object name Ratis:service=RaftServer,group=group-DB0224F94D33,id=807fe137-5703-4ca0-bc4b-d1bf019678ec
2019-09-12 10:21:07,257 [ForkJoinPool.commonPool-worker-1] INFO  impl.RoleInfo (RoleInfo.java:shutdownLeaderState(104)) - 807fe137-5703-4ca0-bc4b-d1bf019678ec: shutdown LeaderState
2019-09-12 10:21:07,256 [main] INFO  impl.RaftServerImpl (ServerState.java:close(394)) - 2d34cfa1-ae82-414b-bae6-717ee002fe05:group-79B4561C3D24 closes. The last applied log index is 0
2019-09-12 10:21:07,257 [ForkJoinPool.commonPool-worker-1] INFO  impl.PendingRequests (PendingRequests.java:sendNotLeaderResponses(202)) - 807fe137-5703-4ca0-bc4b-d1bf019678ec-PendingRequests: sendNotLeaderResponses
2019-09-12 10:21:07,257 [2d34cfa1-ae82-414b-bae6-717ee002fe05-SegmentedRaftLogWorker:Storage Directory /workdir/hadoop-ozone/integration-test/target/test-dir/MiniOzoneClusterImpl-afc08962-9222-4e3d-8fb5-552b5e422aae/datanode-4/data/ratis/0e0b8f64-e50d-47a0-a140-79b4561c3d24] INFO  segmented.SegmentedRaftLogWorker (SegmentedRaftLogWorker.java:run(313)) - 2d34cfa1-ae82-414b-bae6-717ee002fe05-SegmentedRaftLogWorker:Storage Directory /workdir/hadoop-ozone/integration-test/target/test-dir/MiniOzoneClusterImpl-afc08962-9222-4e3d-8fb5-552b5e422aae/datanode-4/data/ratis/0e0b8f64-e50d-47a0-a140-79b4561c3d24 was interrupted, exiting. There are 0 tasks remaining in the queue.
2019-09-12 10:21:07,258 [ForkJoinPool.commonPool-worker-1] INFO  impl.StateMachineUpdater (StateMachineUpdater.java:stopAndJoin(115)) - StateMachineUpdater:807fe137-5703-4ca0-bc4b-d1bf019678ec:group-DB0224F94D33: set stopIndex = 0
2019-09-12 10:21:07,258 [main] INFO  segmented.SegmentedRaftLogWorker (SegmentedRaftLogWorker.java:close(228)) - 2d34cfa1-ae82-414b-bae6-717ee002fe05-SegmentedRaftLogWorker:Storage Directory /workdir/hadoop-ozone/integration-test/target/test-dir/MiniOzoneClusterImpl-afc08962-9222-4e3d-8fb5-552b5e422aae/datanode-4/data/ratis/0e0b8f64-e50d-47a0-a140-79b4561c3d24 close()
2019-09-12 10:21:07,258 [ForkJoinPool.commonPool-worker-1] INFO  impl.RaftServerImpl (ServerState.java:close(394)) - 807fe137-5703-4ca0-bc4b-d1bf019678ec:group-DB0224F94D33 closes. The last applied log index is 0
2019-09-12 10:21:07,259 [main] INFO  server.GrpcService (GrpcService.java:closeImpl(155)) - 2d34cfa1-ae82-414b-bae6-717ee002fe05: shutdown server with port 46440 now
2019-09-12 10:21:07,259 [807fe137-5703-4ca0-bc4b-d1bf019678ec-SegmentedRaftLogWorker:Storage Directory /workdir/hadoop-ozone/integration-test/target/test-dir/MiniOzoneClusterImpl-afc08962-9222-4e3d-8fb5-552b5e422aae/datanode-0/data/ratis/75e31a95-1d54-4b4c-92fb-db0224f94d33] INFO  segmented.SegmentedRaftLogWorker (SegmentedRaftLogWorker.java:run(313)) - 807fe137-5703-4ca0-bc4b-d1bf019678ec-SegmentedRaftLogWorker:Storage Directory /workdir/hadoop-ozone/integration-test/target/test-dir/MiniOzoneClusterImpl-afc08962-9222-4e3d-8fb5-552b5e422aae/datanode-0/data/ratis/75e31a95-1d54-4b4c-92fb-db0224f94d33 was interrupted, exiting. There are 0 tasks remaining in the queue.
2019-09-12 10:21:07,262 [main] INFO  server.GrpcService (GrpcService.java:closeImpl(163)) - 2d34cfa1-ae82-414b-bae6-717ee002fe05: shutdown server with port 46440 successfully
2019-09-12 10:21:07,262 [ForkJoinPool.commonPool-worker-1] INFO  segmented.SegmentedRaftLogWorker (SegmentedRaftLogWorker.java:close(228)) - 807fe137-5703-4ca0-bc4b-d1bf019678ec-SegmentedRaftLogWorker:Storage Directory /workdir/hadoop-ozone/integration-test/target/test-dir/MiniOzoneClusterImpl-afc08962-9222-4e3d-8fb5-552b5e422aae/datanode-0/data/ratis/75e31a95-1d54-4b4c-92fb-db0224f94d33 close()
2019-09-12 10:21:07,263 [ForkJoinPool.commonPool-worker-1] INFO  server.GrpcService (GrpcService.java:closeImpl(155)) - 807fe137-5703-4ca0-bc4b-d1bf019678ec: shutdown server with port 37427 now
2019-09-12 10:21:07,265 [ForkJoinPool.commonPool-worker-1] INFO  server.GrpcService (GrpcService.java:closeImpl(163)) - 807fe137-5703-4ca0-bc4b-d1bf019678ec: shutdown server with port 37427 successfully
2019-09-12 10:21:07,266 [main] INFO  utils.BackgroundService (BackgroundService.java:shutdown(148)) - Shutting down service BlockDeletingService
2019-09-12 10:21:07,268 [ForkJoinPool.commonPool-worker-1] INFO  utils.BackgroundService (BackgroundService.java:shutdown(148)) - Shutting down service BlockDeletingService
2019-09-12 10:21:07,268 [refreshUsed-/workdir/hadoop-ozone/integration-test/target/test-dir/MiniOzoneClusterImpl-afc08962-9222-4e3d-8fb5-552b5e422aae/datanode-4/data/containers] WARN  fs.CachingGetSpaceUsed (CachingGetSpaceUsed.java:run(183)) - Thread Interrupted waiting to refresh disk information: sleep interrupted
2019-09-12 10:21:07,270 [refreshUsed-/workdir/hadoop-ozone/integration-test/target/test-dir/MiniOzoneClusterImpl-afc08962-9222-4e3d-8fb5-552b5e422aae/datanode-0/data/containers] WARN  fs.CachingGetSpaceUsed (CachingGetSpaceUsed.java:run(183)) - Thread Interrupted waiting to refresh disk information: sleep interrupted
2019-09-12 10:21:07,293 [main] INFO  statemachine.DatanodeStateMachine (DatanodeStateMachine.java:stopDaemon(395)) - Ozone container server stopped.
2019-09-12 10:21:07,294 [main] INFO  handler.ContextHandler (ContextHandler.java:doStop(910)) - Stopped o.e.j.w.WebAppContext@621f23ac{/,null,UNAVAILABLE}{/hddsDatanode}
2019-09-12 10:21:07,295 [main] INFO  server.AbstractConnector (AbstractConnector.java:doStop(318)) - Stopped ServerConnector@7761e342{HTTP/1.1,[http/1.1]}{0.0.0.0:0}
2019-09-12 10:21:07,296 [main] INFO  handler.ContextHandler (ContextHandler.java:doStop(910)) - Stopped o.e.j.s.ServletContextHandler@37ca3ca8{/static,jar:file:/home/user/.m2/repository/org/apache/hadoop/hadoop-hdds-container-service/0.5.0-SNAPSHOT/hadoop-hdds-container-service-0.5.0-SNAPSHOT.jar!/webapps/static,UNAVAILABLE}
2019-09-12 10:21:07,297 [main] INFO  handler.ContextHandler (ContextHandler.java:doStop(910)) - Stopped o.e.j.s.ServletContextHandler@7d50f2a8{/logs,file:///workdir/hadoop-ozone/integration-test/target/log,UNAVAILABLE}
2019-09-12 10:21:07,298 [ForkJoinPool.commonPool-worker-1] INFO  statemachine.DatanodeStateMachine (DatanodeStateMachine.java:stopDaemon(395)) - Ozone container server stopped.
2019-09-12 10:21:07,299 [main] INFO  datanode.ObjectStoreHandler (ObjectStoreHandler.java:close(155)) - Closing ObjectStoreHandler.
2019-09-12 10:21:07,301 [main] INFO  ozone.HddsDatanodeService (HddsDatanodeService.java:stop(451)) - Stopped plug-in org.apache.hadoop.ozone.web.OzoneHddsDatanodeService@6cc48a17
2019-09-12 10:21:07,302 [ForkJoinPool.commonPool-worker-1] INFO  handler.ContextHandler (ContextHandler.java:doStop(910)) - Stopped o.e.j.w.WebAppContext@38ed139b{/,null,UNAVAILABLE}{/hddsDatanode}
2019-09-12 10:21:07,303 [ForkJoinPool.commonPool-worker-1] INFO  server.AbstractConnector (AbstractConnector.java:doStop(318)) - Stopped ServerConnector@a5272be{HTTP/1.1,[http/1.1]}{0.0.0.0:0}
2019-09-12 10:21:07,303 [ForkJoinPool.commonPool-worker-1] INFO  handler.ContextHandler (ContextHandler.java:doStop(910)) - Stopped o.e.j.s.ServletContextHandler@561b7d53{/static,jar:file:/home/user/.m2/repository/org/apache/hadoop/hadoop-hdds-container-service/0.5.0-SNAPSHOT/hadoop-hdds-container-service-0.5.0-SNAPSHOT.jar!/webapps/static,UNAVAILABLE}
2019-09-12 10:21:07,304 [ForkJoinPool.commonPool-worker-1] INFO  handler.ContextHandler (ContextHandler.java:doStop(910)) - Stopped o.e.j.s.ServletContextHandler@6c0e13b7{/logs,file:///workdir/hadoop-ozone/integration-test/target/log,UNAVAILABLE}
2019-09-12 10:21:07,468 [Datanode State Machine Thread - 0] INFO  statemachine.DatanodeStateMachine (DatanodeStateMachine.java:lambda$startDaemon$0(350)) - Ozone container server started.
2019-09-12 10:21:12,303 [main] INFO  ozoneimpl.OzoneContainer (OzoneContainer.java:stop(199)) - Attempting to stop container services.
2019-09-12 10:21:12,304 [main] INFO  impl.RaftServerProxy (RaftServerProxy.java:lambda$close$4(314)) - 3352c2aa-4491-4fbb-82ad-24b3d7cf0c84: close
2019-09-12 10:21:12,304 [main] INFO  impl.RaftServerImpl (RaftServerImpl.java:lambda$shutdown$3(245)) - 3352c2aa-4491-4fbb-82ad-24b3d7cf0c84: shutdown group-24D65FF555F0
2019-09-12 10:21:12,305 [ForkJoinPool.commonPool-worker-0] INFO  impl.RaftServerImpl (RaftServerImpl.java:lambda$shutdown$3(245)) - 3352c2aa-4491-4fbb-82ad-24b3d7cf0c84: shutdown group-F7D68A6E4A8E
2019-09-12 10:21:12,305 [main] INFO  util.JmxRegister (JmxRegister.java:unregister(73)) - Successfully un-registered JMX Bean with object name Ratis:service=RaftServer,group=group-24D65FF555F0,id=3352c2aa-4491-4fbb-82ad-24b3d7cf0c84
2019-09-12 10:21:12,305 [ForkJoinPool.commonPool-worker-0] INFO  util.JmxRegister (JmxRegister.java:unregister(73)) - Successfully un-registered JMX Bean with object name Ratis:service=RaftServer,group=group-F7D68A6E4A8E,id=3352c2aa-4491-4fbb-82ad-24b3d7cf0c84
2019-09-12 10:21:12,306 [main] INFO  impl.RoleInfo (RoleInfo.java:shutdownLeaderState(104)) - 3352c2aa-4491-4fbb-82ad-24b3d7cf0c84: shutdown LeaderState
2019-09-12 10:21:12,306 [ForkJoinPool.commonPool-worker-0] INFO  impl.RoleInfo (RoleInfo.java:shutdownLeaderState(104)) - 3352c2aa-4491-4fbb-82ad-24b3d7cf0c84: shutdown LeaderState
2019-09-12 10:21:12,307 [main] INFO  impl.PendingRequests (PendingRequests.java:sendNotLeaderResponses(202)) - 3352c2aa-4491-4fbb-82ad-24b3d7cf0c84-PendingRequests: sendNotLeaderResponses
2019-09-12 10:21:12,307 [ForkJoinPool.commonPool-worker-0] INFO  impl.PendingRequests (PendingRequests.java:sendNotLeaderResponses(202)) - 3352c2aa-4491-4fbb-82ad-24b3d7cf0c84-PendingRequests: sendNotLeaderResponses
2019-09-12 10:21:12,308 [main] INFO  impl.StateMachineUpdater (StateMachineUpdater.java:stopAndJoin(115)) - StateMachineUpdater:3352c2aa-4491-4fbb-82ad-24b3d7cf0c84:group-24D65FF555F0: set stopIndex = 0
2019-09-12 10:21:12,308 [ForkJoinPool.commonPool-worker-0] INFO  impl.StateMachineUpdater (StateMachineUpdater.java:stopAndJoin(115)) - StateMachineUpdater:3352c2aa-4491-4fbb-82ad-24b3d7cf0c84:group-F7D68A6E4A8E: set stopIndex = 0
2019-09-12 10:21:12,308 [main] INFO  impl.RaftServerImpl (ServerState.java:close(394)) - 3352c2aa-4491-4fbb-82ad-24b3d7cf0c84:group-24D65FF555F0 closes. The last applied log index is 0
2019-09-12 10:21:12,309 [ForkJoinPool.commonPool-worker-0] INFO  impl.RaftServerImpl (ServerState.java:close(394)) - 3352c2aa-4491-4fbb-82ad-24b3d7cf0c84:group-F7D68A6E4A8E closes. The last applied log index is 0
2019-09-12 10:21:12,310 [3352c2aa-4491-4fbb-82ad-24b3d7cf0c84-SegmentedRaftLogWorker:Storage Directory /workdir/hadoop-ozone/integration-test/target/test-dir/MiniOzoneClusterImpl-afc08962-9222-4e3d-8fb5-552b5e422aae/datanode-3/data/ratis/355acb0a-2ff7-41f4-adf4-24d65ff555f0] INFO  segmented.SegmentedRaftLogWorker (SegmentedRaftLogWorker.java:run(313)) - 3352c2aa-4491-4fbb-82ad-24b3d7cf0c84-SegmentedRaftLogWorker:Storage Directory /workdir/hadoop-ozone/integration-test/target/test-dir/MiniOzoneClusterImpl-afc08962-9222-4e3d-8fb5-552b5e422aae/datanode-3/data/ratis/355acb0a-2ff7-41f4-adf4-24d65ff555f0 was interrupted, exiting. There are 0 tasks remaining in the queue.
2019-09-12 10:21:12,310 [3352c2aa-4491-4fbb-82ad-24b3d7cf0c84-SegmentedRaftLogWorker:Storage Directory /workdir/hadoop-ozone/integration-test/target/test-dir/MiniOzoneClusterImpl-afc08962-9222-4e3d-8fb5-552b5e422aae/datanode-3/data/ratis/6cd93c84-ba1b-49cb-9de0-f7d68a6e4a8e] INFO  segmented.SegmentedRaftLogWorker (SegmentedRaftLogWorker.java:run(313)) - 3352c2aa-4491-4fbb-82ad-24b3d7cf0c84-SegmentedRaftLogWorker:Storage Directory /workdir/hadoop-ozone/integration-test/target/test-dir/MiniOzoneClusterImpl-afc08962-9222-4e3d-8fb5-552b5e422aae/datanode-3/data/ratis/6cd93c84-ba1b-49cb-9de0-f7d68a6e4a8e was interrupted, exiting. There are 0 tasks remaining in the queue.
2019-09-12 10:21:12,310 [main] INFO  segmented.SegmentedRaftLogWorker (SegmentedRaftLogWorker.java:close(228)) - 3352c2aa-4491-4fbb-82ad-24b3d7cf0c84-SegmentedRaftLogWorker:Storage Directory /workdir/hadoop-ozone/integration-test/target/test-dir/MiniOzoneClusterImpl-afc08962-9222-4e3d-8fb5-552b5e422aae/datanode-3/data/ratis/355acb0a-2ff7-41f4-adf4-24d65ff555f0 close()
2019-09-12 10:21:12,310 [ForkJoinPool.commonPool-worker-0] INFO  segmented.SegmentedRaftLogWorker (SegmentedRaftLogWorker.java:close(228)) - 3352c2aa-4491-4fbb-82ad-24b3d7cf0c84-SegmentedRaftLogWorker:Storage Directory /workdir/hadoop-ozone/integration-test/target/test-dir/MiniOzoneClusterImpl-afc08962-9222-4e3d-8fb5-552b5e422aae/datanode-3/data/ratis/6cd93c84-ba1b-49cb-9de0-f7d68a6e4a8e close()
2019-09-12 10:21:12,311 [main] INFO  impl.RaftServerImpl (RaftServerImpl.java:lambda$shutdown$3(245)) - 3352c2aa-4491-4fbb-82ad-24b3d7cf0c84: shutdown group-E563BB7B5E57
2019-09-12 10:21:12,311 [ForkJoinPool.commonPool-worker-0] INFO  impl.RaftServerImpl (RaftServerImpl.java:lambda$shutdown$3(245)) - 3352c2aa-4491-4fbb-82ad-24b3d7cf0c84: shutdown group-1EC2DDD3A30E
2019-09-12 10:21:12,311 [main] INFO  util.JmxRegister (JmxRegister.java:unregister(73)) - Successfully un-registered JMX Bean with object name Ratis:service=RaftServer,group=group-E563BB7B5E57,id=3352c2aa-4491-4fbb-82ad-24b3d7cf0c84
2019-09-12 10:21:12,312 [ForkJoinPool.commonPool-worker-0] INFO  util.JmxRegister (JmxRegister.java:unregister(73)) - Successfully un-registered JMX Bean with object name Ratis:service=RaftServer,group=group-1EC2DDD3A30E,id=3352c2aa-4491-4fbb-82ad-24b3d7cf0c84
2019-09-12 10:21:12,312 [main] INFO  impl.RoleInfo (RoleInfo.java:shutdownLeaderState(104)) - 3352c2aa-4491-4fbb-82ad-24b3d7cf0c84: shutdown LeaderState
2019-09-12 10:21:12,312 [ForkJoinPool.commonPool-worker-0] INFO  impl.RoleInfo (RoleInfo.java:shutdownLeaderState(104)) - 3352c2aa-4491-4fbb-82ad-24b3d7cf0c84: shutdown LeaderState
2019-09-12 10:21:12,313 [main] INFO  impl.PendingRequests (PendingRequests.java:sendNotLeaderResponses(202)) - 3352c2aa-4491-4fbb-82ad-24b3d7cf0c84-PendingRequests: sendNotLeaderResponses
2019-09-12 10:21:12,313 [ForkJoinPool.commonPool-worker-0] INFO  impl.PendingRequests (PendingRequests.java:sendNotLeaderResponses(202)) - 3352c2aa-4491-4fbb-82ad-24b3d7cf0c84-PendingRequests: sendNotLeaderResponses
2019-09-12 10:21:12,314 [main] INFO  impl.StateMachineUpdater (StateMachineUpdater.java:stopAndJoin(115)) - StateMachineUpdater:3352c2aa-4491-4fbb-82ad-24b3d7cf0c84:group-E563BB7B5E57: set stopIndex = 0
2019-09-12 10:21:12,314 [main] INFO  impl.RaftServerImpl (ServerState.java:close(394)) - 3352c2aa-4491-4fbb-82ad-24b3d7cf0c84:group-E563BB7B5E57 closes. The last applied log index is 0
2019-09-12 10:21:12,314 [ForkJoinPool.commonPool-worker-0] INFO  impl.StateMachineUpdater (StateMachineUpdater.java:stopAndJoin(115)) - StateMachineUpdater:3352c2aa-4491-4fbb-82ad-24b3d7cf0c84:group-1EC2DDD3A30E: set stopIndex = 0
2019-09-12 10:21:12,315 [3352c2aa-4491-4fbb-82ad-24b3d7cf0c84-SegmentedRaftLogWorker:Storage Directory /workdir/hadoop-ozone/integration-test/target/test-dir/MiniOzoneClusterImpl-afc08962-9222-4e3d-8fb5-552b5e422aae/datanode-3/data/ratis/dc27b656-8f83-42c4-90cf-e563bb7b5e57] INFO  segmented.SegmentedRaftLogWorker (SegmentedRaftLogWorker.java:run(313)) - 3352c2aa-4491-4fbb-82ad-24b3d7cf0c84-SegmentedRaftLogWorker:Storage Directory /workdir/hadoop-ozone/integration-test/target/test-dir/MiniOzoneClusterImpl-afc08962-9222-4e3d-8fb5-552b5e422aae/datanode-3/data/ratis/dc27b656-8f83-42c4-90cf-e563bb7b5e57 was interrupted, exiting. There are 0 tasks remaining in the queue.
2019-09-12 10:21:12,315 [ForkJoinPool.commonPool-worker-0] INFO  impl.RaftServerImpl (ServerState.java:close(394)) - 3352c2aa-4491-4fbb-82ad-24b3d7cf0c84:group-1EC2DDD3A30E closes. The last applied log index is 0
2019-09-12 10:21:12,315 [main] INFO  segmented.SegmentedRaftLogWorker (SegmentedRaftLogWorker.java:close(228)) - 3352c2aa-4491-4fbb-82ad-24b3d7cf0c84-SegmentedRaftLogWorker:Storage Directory /workdir/hadoop-ozone/integration-test/target/test-dir/MiniOzoneClusterImpl-afc08962-9222-4e3d-8fb5-552b5e422aae/datanode-3/data/ratis/dc27b656-8f83-42c4-90cf-e563bb7b5e57 close()
2019-09-12 10:21:12,316 [3352c2aa-4491-4fbb-82ad-24b3d7cf0c84-SegmentedRaftLogWorker:Storage Directory /workdir/hadoop-ozone/integration-test/target/test-dir/MiniOzoneClusterImpl-afc08962-9222-4e3d-8fb5-552b5e422aae/datanode-3/data/ratis/71d3c53e-fed0-4ae4-8a0a-1ec2ddd3a30e] INFO  segmented.SegmentedRaftLogWorker (SegmentedRaftLogWorker.java:run(313)) - 3352c2aa-4491-4fbb-82ad-24b3d7cf0c84-SegmentedRaftLogWorker:Storage Directory /workdir/hadoop-ozone/integration-test/target/test-dir/MiniOzoneClusterImpl-afc08962-9222-4e3d-8fb5-552b5e422aae/datanode-3/data/ratis/71d3c53e-fed0-4ae4-8a0a-1ec2ddd3a30e was interrupted, exiting. There are 0 tasks remaining in the queue.
2019-09-12 10:21:12,316 [main] INFO  impl.RaftServerImpl (RaftServerImpl.java:lambda$shutdown$3(245)) - 3352c2aa-4491-4fbb-82ad-24b3d7cf0c84: shutdown group-37DEA62297F6
2019-09-12 10:21:12,316 [ForkJoinPool.commonPool-worker-0] INFO  segmented.SegmentedRaftLogWorker (SegmentedRaftLogWorker.java:close(228)) - 3352c2aa-4491-4fbb-82ad-24b3d7cf0c84-SegmentedRaftLogWorker:Storage Directory /workdir/hadoop-ozone/integration-test/target/test-dir/MiniOzoneClusterImpl-afc08962-9222-4e3d-8fb5-552b5e422aae/datanode-3/data/ratis/71d3c53e-fed0-4ae4-8a0a-1ec2ddd3a30e close()
2019-09-12 10:21:12,317 [main] INFO  util.JmxRegister (JmxRegister.java:unregister(73)) - Successfully un-registered JMX Bean with object name Ratis:service=RaftServer,group=group-37DEA62297F6,id=3352c2aa-4491-4fbb-82ad-24b3d7cf0c84
2019-09-12 10:21:12,317 [ForkJoinPool.commonPool-worker-0] INFO  impl.RaftServerImpl (RaftServerImpl.java:lambda$shutdown$3(245)) - 3352c2aa-4491-4fbb-82ad-24b3d7cf0c84: shutdown group-A55C506ED7DB
2019-09-12 10:21:12,317 [main] INFO  impl.RoleInfo (RoleInfo.java:shutdownLeaderState(104)) - 3352c2aa-4491-4fbb-82ad-24b3d7cf0c84: shutdown LeaderState
2019-09-12 10:21:12,318 [ForkJoinPool.commonPool-worker-0] INFO  util.JmxRegister (JmxRegister.java:unregister(73)) - Successfully un-registered JMX Bean with object name Ratis:service=RaftServer,group=group-A55C506ED7DB,id=3352c2aa-4491-4fbb-82ad-24b3d7cf0c84
2019-09-12 10:21:12,318 [main] INFO  impl.PendingRequests (PendingRequests.java:sendNotLeaderResponses(202)) - 3352c2aa-4491-4fbb-82ad-24b3d7cf0c84-PendingRequests: sendNotLeaderResponses
2019-09-12 10:21:12,318 [ForkJoinPool.commonPool-worker-0] INFO  impl.RoleInfo (RoleInfo.java:shutdownLeaderState(104)) - 3352c2aa-4491-4fbb-82ad-24b3d7cf0c84: shutdown LeaderState
2019-09-12 10:21:12,319 [main] INFO  impl.StateMachineUpdater (StateMachineUpdater.java:stopAndJoin(115)) - StateMachineUpdater:3352c2aa-4491-4fbb-82ad-24b3d7cf0c84:group-37DEA62297F6: set stopIndex = 0
2019-09-12 10:21:12,319 [ForkJoinPool.commonPool-worker-0] INFO  impl.PendingRequests (PendingRequests.java:sendNotLeaderResponses(202)) - 3352c2aa-4491-4fbb-82ad-24b3d7cf0c84-PendingRequests: sendNotLeaderResponses
2019-09-12 10:21:12,319 [main] INFO  impl.RaftServerImpl (ServerState.java:close(394)) - 3352c2aa-4491-4fbb-82ad-24b3d7cf0c84:group-37DEA62297F6 closes. The last applied log index is 0
2019-09-12 10:21:12,320 [ForkJoinPool.commonPool-worker-0] INFO  impl.StateMachineUpdater (StateMachineUpdater.java:stopAndJoin(115)) - StateMachineUpdater:3352c2aa-4491-4fbb-82ad-24b3d7cf0c84:group-A55C506ED7DB: set stopIndex = 0
2019-09-12 10:21:12,320 [3352c2aa-4491-4fbb-82ad-24b3d7cf0c84-SegmentedRaftLogWorker:Storage Directory /workdir/hadoop-ozone/integration-test/target/test-dir/MiniOzoneClusterImpl-afc08962-9222-4e3d-8fb5-552b5e422aae/datanode-3/data/ratis/a0ab29c7-f3eb-4905-9608-37dea62297f6] INFO  segmented.SegmentedRaftLogWorker (SegmentedRaftLogWorker.java:run(313)) - 3352c2aa-4491-4fbb-82ad-24b3d7cf0c84-SegmentedRaftLogWorker:Storage Directory /workdir/hadoop-ozone/integration-test/target/test-dir/MiniOzoneClusterImpl-afc08962-9222-4e3d-8fb5-552b5e422aae/datanode-3/data/ratis/a0ab29c7-f3eb-4905-9608-37dea62297f6 was interrupted, exiting. There are 0 tasks remaining in the queue.
2019-09-12 10:21:12,320 [ForkJoinPool.commonPool-worker-0] INFO  impl.RaftServerImpl (ServerState.java:close(394)) - 3352c2aa-4491-4fbb-82ad-24b3d7cf0c84:group-A55C506ED7DB closes. The last applied log index is 0
2019-09-12 10:21:12,321 [main] INFO  segmented.SegmentedRaftLogWorker (SegmentedRaftLogWorker.java:close(228)) - 3352c2aa-4491-4fbb-82ad-24b3d7cf0c84-SegmentedRaftLogWorker:Storage Directory /workdir/hadoop-ozone/integration-test/target/test-dir/MiniOzoneClusterImpl-afc08962-9222-4e3d-8fb5-552b5e422aae/datanode-3/data/ratis/a0ab29c7-f3eb-4905-9608-37dea62297f6 close()
2019-09-12 10:21:12,321 [3352c2aa-4491-4fbb-82ad-24b3d7cf0c84-SegmentedRaftLogWorker:Storage Directory /workdir/hadoop-ozone/integration-test/target/test-dir/MiniOzoneClusterImpl-afc08962-9222-4e3d-8fb5-552b5e422aae/datanode-3/data/ratis/a23b805a-2c18-4e51-b88c-a55c506ed7db] INFO  segmented.SegmentedRaftLogWorker (SegmentedRaftLogWorker.java:run(313)) - 3352c2aa-4491-4fbb-82ad-24b3d7cf0c84-SegmentedRaftLogWorker:Storage Directory /workdir/hadoop-ozone/integration-test/target/test-dir/MiniOzoneClusterImpl-afc08962-9222-4e3d-8fb5-552b5e422aae/datanode-3/data/ratis/a23b805a-2c18-4e51-b88c-a55c506ed7db was interrupted, exiting. There are 0 tasks remaining in the queue.
2019-09-12 10:21:12,322 [ForkJoinPool.commonPool-worker-0] INFO  segmented.SegmentedRaftLogWorker (SegmentedRaftLogWorker.java:close(228)) - 3352c2aa-4491-4fbb-82ad-24b3d7cf0c84-SegmentedRaftLogWorker:Storage Directory /workdir/hadoop-ozone/integration-test/target/test-dir/MiniOzoneClusterImpl-afc08962-9222-4e3d-8fb5-552b5e422aae/datanode-3/data/ratis/a23b805a-2c18-4e51-b88c-a55c506ed7db close()
2019-09-12 10:21:12,322 [main] INFO  server.GrpcService (GrpcService.java:closeImpl(155)) - 3352c2aa-4491-4fbb-82ad-24b3d7cf0c84: shutdown server with port 36967 now
2019-09-12 10:21:12,324 [main] INFO  server.GrpcService (GrpcService.java:closeImpl(163)) - 3352c2aa-4491-4fbb-82ad-24b3d7cf0c84: shutdown server with port 36967 successfully
2019-09-12 10:21:12,336 [main] INFO  utils.BackgroundService (BackgroundService.java:shutdown(148)) - Shutting down service BlockDeletingService
2019-09-12 10:21:12,338 [refreshUsed-/workdir/hadoop-ozone/integration-test/target/test-dir/MiniOzoneClusterImpl-afc08962-9222-4e3d-8fb5-552b5e422aae/datanode-3/data/containers] WARN  fs.CachingGetSpaceUsed (CachingGetSpaceUsed.java:run(183)) - Thread Interrupted waiting to refresh disk information: sleep interrupted
2019-09-12 10:21:12,357 [main] INFO  statemachine.DatanodeStateMachine (DatanodeStateMachine.java:stopDaemon(395)) - Ozone container server stopped.
2019-09-12 10:21:12,358 [main] INFO  handler.ContextHandler (ContextHandler.java:doStop(910)) - Stopped o.e.j.w.WebAppContext@4aaecabd{/,null,UNAVAILABLE}{/hddsDatanode}
2019-09-12 10:21:12,359 [main] INFO  server.AbstractConnector (AbstractConnector.java:doStop(318)) - Stopped ServerConnector@23bd0c81{HTTP/1.1,[http/1.1]}{0.0.0.0:0}
2019-09-12 10:21:12,360 [main] INFO  handler.ContextHandler (ContextHandler.java:doStop(910)) - Stopped o.e.j.s.ServletContextHandler@130cfc47{/static,jar:file:/home/user/.m2/repository/org/apache/hadoop/hadoop-hdds-container-service/0.5.0-SNAPSHOT/hadoop-hdds-container-service-0.5.0-SNAPSHOT.jar!/webapps/static,UNAVAILABLE}
2019-09-12 10:21:12,361 [main] INFO  handler.ContextHandler (ContextHandler.java:doStop(910)) - Stopped o.e.j.s.ServletContextHandler@7a0ab480{/logs,file:///workdir/hadoop-ozone/integration-test/target/log,UNAVAILABLE}
2019-09-12 10:21:12,362 [main] INFO  ozone.MiniOzoneClusterImpl (MiniOzoneClusterImpl.java:stop(353)) - Stopping the StorageContainerManager
2019-09-12 10:21:12,362 [main] INFO  server.StorageContainerManager (StorageContainerManager.java:stop(797)) - Stopping Replication Manager Service.
2019-09-12 10:21:12,363 [main] INFO  container.ReplicationManager (ReplicationManager.java:stop(192)) - Stopping Replication Monitor Thread.
2019-09-12 10:21:12,363 [main] INFO  server.StorageContainerManager (StorageContainerManager.java:stop(804)) - Stopping Lease Manager of the command watchers
2019-09-12 10:21:12,363 [main] INFO  server.StorageContainerManager (StorageContainerManager.java:stop(811)) - Stopping datanode service RPC server
2019-09-12 10:21:12,364 [main] INFO  server.SCMDatanodeProtocolServer (SCMDatanodeProtocolServer.java:stop(367)) - Stopping the RPC server for DataNodes
2019-09-12 10:21:12,364 [main] INFO  ipc.Server (Server.java:stop(3082)) - Stopping server on 45921
2019-09-12 10:21:12,365 [IPC Server listener on 45921] INFO  ipc.Server (Server.java:run(1185)) - Stopping IPC Server listener on 45921
2019-09-12 10:21:12,367 [IPC Server Responder] INFO  ipc.Server (Server.java:run(1319)) - Stopping IPC Server Responder
2019-09-12 10:21:12,390 [SCM Heartbeat Processing Thread - 0] WARN  node.NodeStateManager (NodeStateManager.java:scheduleNextHealthCheck(655)) - Current Thread is interrupted, shutting down HB processing thread for Node Manager.
2019-09-12 10:21:12,390 [main] INFO  server.StorageContainerManager (StorageContainerManager.java:stop(819)) - Stopping block service RPC server
2019-09-12 10:21:12,391 [main] INFO  server.SCMBlockProtocolServer (SCMBlockProtocolServer.java:stop(148)) - Stopping the RPC server for Block Protocol
2019-09-12 10:21:12,391 [main] INFO  ipc.Server (Server.java:stop(3082)) - Stopping server on 45491
2019-09-12 10:21:12,393 [main] INFO  server.StorageContainerManager (StorageContainerManager.java:stop(826)) - Stopping the StorageContainerLocationProtocol RPC server
2019-09-12 10:21:12,393 [IPC Server Responder] INFO  ipc.Server (Server.java:run(1319)) - Stopping IPC Server Responder
2019-09-12 10:21:12,393 [main] INFO  server.SCMClientProtocolServer (SCMClientProtocolServer.java:stop(159)) - Stopping the RPC server for Client Protocol
2019-09-12 10:21:12,393 [main] INFO  ipc.Server (Server.java:stop(3082)) - Stopping server on 41966
2019-09-12 10:21:12,393 [IPC Server listener on 45491] INFO  ipc.Server (Server.java:run(1185)) - Stopping IPC Server listener on 45491
2019-09-12 10:21:12,396 [IPC Server listener on 41966] INFO  ipc.Server (Server.java:run(1185)) - Stopping IPC Server listener on 41966
2019-09-12 10:21:12,396 [IPC Server Responder] INFO  ipc.Server (Server.java:run(1319)) - Stopping IPC Server Responder
2019-09-12 10:21:12,396 [main] INFO  server.StorageContainerManager (StorageContainerManager.java:stop(833)) - Stopping Storage Container Manager HTTP server.
2019-09-12 10:21:12,397 [main] INFO  handler.ContextHandler (ContextHandler.java:doStop(910)) - Stopped o.e.j.w.WebAppContext@21a5fd96{/,null,UNAVAILABLE}{/scm}
2019-09-12 10:21:12,398 [main] INFO  server.AbstractConnector (AbstractConnector.java:doStop(318)) - Stopped ServerConnector@327120c8{HTTP/1.1,[http/1.1]}{0.0.0.0:0}
2019-09-12 10:21:12,399 [main] INFO  handler.ContextHandler (ContextHandler.java:doStop(910)) - Stopped o.e.j.s.ServletContextHandler@2374d36a{/static,file:///workdir/hadoop-ozone/integration-test/target/test-classes/webapps/static,UNAVAILABLE}
2019-09-12 10:21:12,399 [main] INFO  handler.ContextHandler (ContextHandler.java:doStop(910)) - Stopped o.e.j.s.ServletContextHandler@74a6a609{/logs,file:///workdir/hadoop-ozone/integration-test/target/log,UNAVAILABLE}
2019-09-12 10:21:12,401 [main] INFO  server.StorageContainerManager (StorageContainerManager.java:stop(844)) - Stopping Block Manager Service.
2019-09-12 10:21:12,401 [main] INFO  utils.BackgroundService (BackgroundService.java:shutdown(148)) - Shutting down service SCMBlockDeletingService
2019-09-12 10:21:12,402 [main] INFO  utils.BackgroundService (BackgroundService.java:shutdown(148)) - Shutting down service SCMBlockDeletingService
2019-09-12 10:21:12,403 [main] INFO  server.StorageContainerManager (StorageContainerManager.java:stop(866)) - Stopping SCM Event Queue.
2019-09-12 10:21:12,409 [main] INFO  impl.MetricsSystemImpl (MetricsSystemImpl.java:stop(210)) - Stopping HddsDatanode metrics system...
2019-09-12 10:21:12,419 [main] INFO  impl.MetricsSystemImpl (MetricsSystemImpl.java:stop(216)) - HddsDatanode metrics system stopped.
]]></system-out>
    <system-err><![CDATA[Sep 12, 2019 10:20:48 AM com.sun.jersey.server.impl.application.WebApplicationImpl _initiate
INFO: Initiating Jersey application, version 'Jersey: 1.19 02/11/2015 03:25 AM'
Sep 12, 2019 10:20:49 AM com.sun.jersey.server.impl.application.WebApplicationImpl _initiate
INFO: Initiating Jersey application, version 'Jersey: 1.19 02/11/2015 03:25 AM'
Sep 12, 2019 10:20:49 AM com.sun.jersey.server.impl.application.WebApplicationImpl _initiate
INFO: Initiating Jersey application, version 'Jersey: 1.19 02/11/2015 03:25 AM'
Sep 12, 2019 10:20:50 AM com.sun.jersey.server.impl.application.WebApplicationImpl _initiate
INFO: Initiating Jersey application, version 'Jersey: 1.19 02/11/2015 03:25 AM'
Sep 12, 2019 10:20:50 AM com.sun.jersey.server.impl.application.WebApplicationImpl _initiate
INFO: Initiating Jersey application, version 'Jersey: 1.19 02/11/2015 03:25 AM'
]]></system-err>
  </testcase>
</testsuite>