<?xml version="1.0" encoding="UTF-8"?>
<testsuite xmlns:xsi="http://www.w3.org/2001/XMLSchema-instance" xsi:noNamespaceSchemaLocation="https://maven.apache.org/surefire/maven-surefire-plugin/xsd/surefire-test-report.xsd" name="org.apache.hadoop.hdds.scm.pipeline.TestNodeFailure" time="30.709" tests="1" errors="1" skipped="0" failures="0">
  <properties>
    <property name="awt.toolkit" value="sun.awt.X11.XToolkit"/>
    <property name="file.encoding.pkg" value="sun.io"/>
    <property name="java.specification.version" value="1.8"/>
    <property name="sun.cpu.isalist" value=""/>
    <property name="sun.jnu.encoding" value="UTF-8"/>
    <property name="java.class.path" value="/workdir/hadoop-ozone/integration-test/target/test-classes:/workdir/hadoop-ozone/integration-test/target/classes:/home/user/.m2/repository/org/apache/hadoop/hadoop-ozone-common/0.5.0-SNAPSHOT/hadoop-ozone-common-0.5.0-SNAPSHOT.jar:/home/user/.m2/repository/org/apache/commons/commons-compress/1.4.1/commons-compress-1.4.1.jar:/home/user/.m2/repository/org/tukaani/xz/1.0/xz-1.0.jar:/home/user/.m2/repository/org/apache/hadoop/hadoop-common/3.2.0/hadoop-common-3.2.0.jar:/home/user/.m2/repository/org/apache/hadoop/hadoop-hdfs/3.2.0/hadoop-hdfs-3.2.0.jar:/home/user/.m2/repository/org/apache/hadoop/hadoop-hdfs-client/3.2.0/hadoop-hdfs-client-3.2.0.jar:/home/user/.m2/repository/com/fasterxml/jackson/core/jackson-annotations/2.9.5/jackson-annotations-2.9.5.jar:/home/user/.m2/repository/org/apache/hadoop/hadoop-hdds-common/0.5.0-SNAPSHOT/hadoop-hdds-common-0.5.0-SNAPSHOT.jar:/home/user/.m2/repository/javax/annotation/javax.annotation-api/1.2/javax.annotation-api-1.2.jar:/home/user/.m2/repository/org/apache/ratis/ratis-server/0.4.0-2337318-SNAPSHOT/ratis-server-0.4.0-2337318-SNAPSHOT.jar:/home/user/.m2/repository/org/apache/ratis/ratis-thirdparty-misc/0.2.0/ratis-thirdparty-misc-0.2.0.jar:/home/user/.m2/repository/org/apache/ratis/ratis-proto/0.4.0-2337318-SNAPSHOT/ratis-proto-0.4.0-2337318-SNAPSHOT.jar:/home/user/.m2/repository/org/apache/ratis/ratis-common/0.4.0-2337318-SNAPSHOT/ratis-common-0.4.0-2337318-SNAPSHOT.jar:/home/user/.m2/repository/org/apache/ratis/ratis-client/0.4.0-2337318-SNAPSHOT/ratis-client-0.4.0-2337318-SNAPSHOT.jar:/home/user/.m2/repository/org/apache/ratis/ratis-metrics/0.4.0-2337318-SNAPSHOT/ratis-metrics-0.4.0-2337318-SNAPSHOT.jar:/home/user/.m2/repository/org/apache/ratis/ratis-netty/0.4.0-2337318-SNAPSHOT/ratis-netty-0.4.0-2337318-SNAPSHOT.jar:/home/user/.m2/repository/org/apache/ratis/ratis-grpc/0.4.0-2337318-SNAPSHOT/ratis-grpc-0.4.0-2337318-SNAPSHOT.jar:/home/user/.m2/repository/org/rocksdb/rocksdbjni/6.0.1/rocksdbjni-6.0.1.jar:/home/user/.m2/repository/org/apache/logging/log4j/log4j-api/2.11.0/log4j-api-2.11.0.jar:/home/user/.m2/repository/org/apache/logging/log4j/log4j-core/2.11.0/log4j-core-2.11.0.jar:/home/user/.m2/repository/com/lmax/disruptor/3.4.2/disruptor-3.4.2.jar:/home/user/.m2/repository/org/apache/commons/commons-pool2/2.6.0/commons-pool2-2.6.0.jar:/home/user/.m2/repository/org/bouncycastle/bcpkix-jdk15on/1.60/bcpkix-jdk15on-1.60.jar:/home/user/.m2/repository/commons-validator/commons-validator/1.6/commons-validator-1.6.jar:/home/user/.m2/repository/commons-digester/commons-digester/1.8.1/commons-digester-1.8.1.jar:/home/user/.m2/repository/io/jaegertracing/jaeger-client/0.33.1/jaeger-client-0.33.1.jar:/home/user/.m2/repository/io/jaegertracing/jaeger-thrift/0.33.1/jaeger-thrift-0.33.1.jar:/home/user/.m2/repository/org/apache/thrift/libthrift/0.11.0/libthrift-0.11.0.jar:/home/user/.m2/repository/com/squareup/okhttp3/okhttp/3.9.0/okhttp-3.9.0.jar:/home/user/.m2/repository/com/squareup/okio/okio/1.13.0/okio-1.13.0.jar:/home/user/.m2/repository/io/jaegertracing/jaeger-core/0.33.1/jaeger-core-0.33.1.jar:/home/user/.m2/repository/io/jaegertracing/jaeger-tracerresolver/0.33.1/jaeger-tracerresolver-0.33.1.jar:/home/user/.m2/repository/io/opentracing/contrib/opentracing-tracerresolver/0.1.5/opentracing-tracerresolver-0.1.5.jar:/home/user/.m2/repository/io/opentracing/opentracing-util/0.31.0/opentracing-util-0.31.0.jar:/home/user/.m2/repository/io/opentracing/opentracing-api/0.31.0/opentracing-api-0.31.0.jar:/home/user/.m2/repository/io/opentracing/opentracing-noop/0.31.0/opentracing-noop-0.31.0.jar:/home/user/.m2/repository/org/apache/hadoop/hadoop-hdds-server-framework/0.5.0-SNAPSHOT/hadoop-hdds-server-framework-0.5.0-SNAPSHOT.jar:/home/user/.m2/repository/org/apache/hadoop/hadoop-hdds-container-service/0.5.0-SNAPSHOT/hadoop-hdds-container-service-0.5.0-SNAPSHOT.jar:/home/user/.m2/repository/org/apache/hadoop/hadoop-hdds-client/0.5.0-SNAPSHOT/hadoop-hdds-client-0.5.0-SNAPSHOT.jar:/home/user/.m2/repository/org/apache/hadoop/hadoop-hdds-tools/0.5.0-SNAPSHOT/hadoop-hdds-tools-0.5.0-SNAPSHOT.jar:/home/user/.m2/repository/org/apache/hadoop/hadoop-hdds-server-scm/0.5.0-SNAPSHOT/hadoop-hdds-server-scm-0.5.0-SNAPSHOT.jar:/home/user/.m2/repository/org/apache/hadoop/hadoop-hdds-docs/0.5.0-SNAPSHOT/hadoop-hdds-docs-0.5.0-SNAPSHOT.jar:/home/user/.m2/repository/io/dropwizard/metrics/metrics-core/3.2.4/metrics-core-3.2.4.jar:/home/user/.m2/repository/org/hamcrest/hamcrest-all/1.3/hamcrest-all-1.3.jar:/home/user/.m2/repository/org/bouncycastle/bcprov-jdk15on/1.60/bcprov-jdk15on-1.60.jar:/home/user/.m2/repository/info/picocli/picocli/3.9.6/picocli-3.9.6.jar:/home/user/.m2/repository/com/google/protobuf/protobuf-java/2.5.0/protobuf-java-2.5.0.jar:/home/user/.m2/repository/com/google/guava/guava/11.0.2/guava-11.0.2.jar:/home/user/.m2/repository/org/apache/hadoop/hadoop-ozone-ozone-manager/0.5.0-SNAPSHOT/hadoop-ozone-ozone-manager-0.5.0-SNAPSHOT.jar:/home/user/.m2/repository/org/apache/hadoop/hadoop-minikdc/3.2.0/hadoop-minikdc-3.2.0.jar:/home/user/.m2/repository/commons-io/commons-io/2.5/commons-io-2.5.jar:/home/user/.m2/repository/org/apache/kerby/kerb-simplekdc/1.0.1/kerb-simplekdc-1.0.1.jar:/home/user/.m2/repository/org/apache/kerby/kerb-client/1.0.1/kerb-client-1.0.1.jar:/home/user/.m2/repository/org/apache/kerby/kerby-config/1.0.1/kerby-config-1.0.1.jar:/home/user/.m2/repository/org/apache/kerby/kerb-core/1.0.1/kerb-core-1.0.1.jar:/home/user/.m2/repository/org/apache/kerby/kerby-pkix/1.0.1/kerby-pkix-1.0.1.jar:/home/user/.m2/repository/org/apache/kerby/kerby-asn1/1.0.1/kerby-asn1-1.0.1.jar:/home/user/.m2/repository/org/apache/kerby/kerby-util/1.0.1/kerby-util-1.0.1.jar:/home/user/.m2/repository/org/apache/kerby/kerb-common/1.0.1/kerb-common-1.0.1.jar:/home/user/.m2/repository/org/apache/kerby/kerb-crypto/1.0.1/kerb-crypto-1.0.1.jar:/home/user/.m2/repository/org/apache/kerby/kerb-util/1.0.1/kerb-util-1.0.1.jar:/home/user/.m2/repository/org/apache/kerby/token-provider/1.0.1/token-provider-1.0.1.jar:/home/user/.m2/repository/org/apache/kerby/kerb-admin/1.0.1/kerb-admin-1.0.1.jar:/home/user/.m2/repository/org/apache/kerby/kerb-server/1.0.1/kerb-server-1.0.1.jar:/home/user/.m2/repository/org/apache/kerby/kerb-identity/1.0.1/kerb-identity-1.0.1.jar:/home/user/.m2/repository/org/apache/kerby/kerby-xdr/1.0.1/kerby-xdr-1.0.1.jar:/home/user/.m2/repository/org/slf4j/slf4j-log4j12/1.7.25/slf4j-log4j12-1.7.25.jar:/home/user/.m2/repository/org/apache/hadoop/hadoop-ozone-objectstore-service/0.5.0-SNAPSHOT/hadoop-ozone-objectstore-service-0.5.0-SNAPSHOT.jar:/home/user/.m2/repository/org/apache/hadoop/hadoop-ozone-s3gateway/0.5.0-SNAPSHOT/hadoop-ozone-s3gateway-0.5.0-SNAPSHOT.jar:/home/user/.m2/repository/org/jboss/weld/servlet/weld-servlet/2.4.7.Final/weld-servlet-2.4.7.Final.jar:/home/user/.m2/repository/org/glassfish/jersey/containers/jersey-container-servlet-core/2.27/jersey-container-servlet-core-2.27.jar:/home/user/.m2/repository/org/glassfish/hk2/external/javax.inject/2.5.0-b42/javax.inject-2.5.0-b42.jar:/home/user/.m2/repository/org/glassfish/jersey/core/jersey-common/2.27/jersey-common-2.27.jar:/home/user/.m2/repository/org/glassfish/hk2/osgi-resource-locator/1.0.1/osgi-resource-locator-1.0.1.jar:/home/user/.m2/repository/javax/ws/rs/javax.ws.rs-api/2.1/javax.ws.rs-api-2.1.jar:/home/user/.m2/repository/org/glassfish/jersey/ext/cdi/jersey-cdi1x/2.27/jersey-cdi1x-2.27.jar:/home/user/.m2/repository/org/glassfish/jersey/inject/jersey-hk2/2.27/jersey-hk2-2.27.jar:/home/user/.m2/repository/org/glassfish/hk2/hk2-locator/2.5.0-b42/hk2-locator-2.5.0-b42.jar:/home/user/.m2/repository/org/javassist/javassist/3.22.0-CR2/javassist-3.22.0-CR2.jar:/home/user/.m2/repository/org/glassfish/hk2/hk2-api/2.5.0/hk2-api-2.5.0.jar:/home/user/.m2/repository/org/glassfish/hk2/external/jakarta.inject/2.5.0/jakarta.inject-2.5.0.jar:/home/user/.m2/repository/org/glassfish/hk2/hk2-utils/2.5.0/hk2-utils-2.5.0.jar:/home/user/.m2/repository/jakarta/annotation/jakarta.annotation-api/1.3.4/jakarta.annotation-api-1.3.4.jar:/home/user/.m2/repository/org/glassfish/hk2/external/aopalliance-repackaged/2.5.0/aopalliance-repackaged-2.5.0.jar:/home/user/.m2/repository/com/fasterxml/jackson/dataformat/jackson-dataformat-xml/2.9.0/jackson-dataformat-xml-2.9.0.jar:/home/user/.m2/repository/com/fasterxml/jackson/core/jackson-core/2.9.5/jackson-core-2.9.5.jar:/home/user/.m2/repository/com/fasterxml/jackson/module/jackson-module-jaxb-annotations/2.9.5/jackson-module-jaxb-annotations-2.9.5.jar:/home/user/.m2/repository/javax/enterprise/cdi-api/1.2/cdi-api-1.2.jar:/home/user/.m2/repository/javax/el/javax.el-api/3.0.0/javax.el-api-3.0.0.jar:/home/user/.m2/repository/javax/interceptor/javax.interceptor-api/1.2/javax.interceptor-api-1.2.jar:/home/user/.m2/repository/javax/inject/javax.inject/1/javax.inject-1.jar:/home/user/.m2/repository/com/sun/xml/bind/jaxb-impl/2.3.0.1/jaxb-impl-2.3.0.1.jar:/home/user/.m2/repository/com/sun/xml/bind/jaxb-core/2.3.0.1/jaxb-core-2.3.0.1.jar:/home/user/.m2/repository/javax/xml/bind/jaxb-api/2.3.0/jaxb-api-2.3.0.jar:/home/user/.m2/repository/javax/activation/activation/1.1.1/activation-1.1.1.jar:/home/user/.m2/repository/org/apache/hadoop/hadoop-ozone-csi/0.5.0-SNAPSHOT/hadoop-ozone-csi-0.5.0-SNAPSHOT.jar:/home/user/.m2/repository/com/google/protobuf/protobuf-java-util/3.5.1/protobuf-java-util-3.5.1.jar:/home/user/.m2/repository/org/apache/hadoop/hadoop-hdds-config/0.5.0-SNAPSHOT/hadoop-hdds-config-0.5.0-SNAPSHOT.jar:/home/user/.m2/repository/io/grpc/grpc-netty/1.17.1/grpc-netty-1.17.1.jar:/home/user/.m2/repository/io/grpc/grpc-core/1.17.1/grpc-core-1.17.1.jar:/home/user/.m2/repository/io/grpc/grpc-context/1.17.1/grpc-context-1.17.1.jar:/home/user/.m2/repository/com/google/errorprone/error_prone_annotations/2.2.0/error_prone_annotations-2.2.0.jar:/home/user/.m2/repository/org/codehaus/mojo/animal-sniffer-annotations/1.17/animal-sniffer-annotations-1.17.jar:/home/user/.m2/repository/io/opencensus/opencensus-api/0.17.0/opencensus-api-0.17.0.jar:/home/user/.m2/repository/io/opencensus/opencensus-contrib-grpc-metrics/0.17.0/opencensus-contrib-grpc-metrics-0.17.0.jar:/home/user/.m2/repository/io/netty/netty-codec-http2/4.1.30.Final/netty-codec-http2-4.1.30.Final.jar:/home/user/.m2/repository/io/netty/netty-codec-http/4.1.30.Final/netty-codec-http-4.1.30.Final.jar:/home/user/.m2/repository/io/netty/netty-codec/4.1.30.Final/netty-codec-4.1.30.Final.jar:/home/user/.m2/repository/io/netty/netty-handler/4.1.30.Final/netty-handler-4.1.30.Final.jar:/home/user/.m2/repository/io/netty/netty-handler-proxy/4.1.30.Final/netty-handler-proxy-4.1.30.Final.jar:/home/user/.m2/repository/io/netty/netty-codec-socks/4.1.30.Final/netty-codec-socks-4.1.30.Final.jar:/home/user/.m2/repository/io/netty/netty-transport-native-epoll/4.1.30.Final/netty-transport-native-epoll-4.1.30.Final.jar:/home/user/.m2/repository/io/netty/netty-common/4.1.30.Final/netty-common-4.1.30.Final.jar:/home/user/.m2/repository/io/netty/netty-buffer/4.1.30.Final/netty-buffer-4.1.30.Final.jar:/home/user/.m2/repository/io/netty/netty-transport/4.1.30.Final/netty-transport-4.1.30.Final.jar:/home/user/.m2/repository/io/netty/netty-resolver/4.1.30.Final/netty-resolver-4.1.30.Final.jar:/home/user/.m2/repository/io/netty/netty-transport-native-unix-common/4.1.30.Final/netty-transport-native-unix-common-4.1.30.Final.jar:/home/user/.m2/repository/io/grpc/grpc-protobuf/1.17.1/grpc-protobuf-1.17.1.jar:/home/user/.m2/repository/com/google/api/grpc/proto-google-common-protos/1.0.0/proto-google-common-protos-1.0.0.jar:/home/user/.m2/repository/io/grpc/grpc-protobuf-lite/1.17.1/grpc-protobuf-lite-1.17.1.jar:/home/user/.m2/repository/io/grpc/grpc-stub/1.17.1/grpc-stub-1.17.1.jar:/home/user/.m2/repository/org/apache/hadoop/hadoop-ozone-recon/0.5.0-SNAPSHOT/hadoop-ozone-recon-0.5.0-SNAPSHOT.jar:/home/user/.m2/repository/org/apache/hadoop/hadoop-ozone-reconcodegen/0.5.0-SNAPSHOT/hadoop-ozone-reconcodegen-0.5.0-SNAPSHOT.jar:/home/user/.m2/repository/com/google/inject/extensions/guice-multibindings/4.0/guice-multibindings-4.0.jar:/home/user/.m2/repository/com/google/inject/guice/4.0/guice-4.0.jar:/home/user/.m2/repository/aopalliance/aopalliance/1.0/aopalliance-1.0.jar:/home/user/.m2/repository/com/google/inject/extensions/guice-servlet/4.0/guice-servlet-4.0.jar:/home/user/.m2/repository/org/glassfish/jersey/containers/jersey-container-servlet/2.27/jersey-container-servlet-2.27.jar:/home/user/.m2/repository/org/glassfish/hk2/guice-bridge/2.5.0/guice-bridge-2.5.0.jar:/home/user/.m2/repository/org/glassfish/jersey/core/jersey-server/2.27/jersey-server-2.27.jar:/home/user/.m2/repository/org/glassfish/jersey/core/jersey-client/2.27/jersey-client-2.27.jar:/home/user/.m2/repository/org/glassfish/jersey/media/jersey-media-jaxb/2.27/jersey-media-jaxb-2.27.jar:/home/user/.m2/repository/javax/validation/validation-api/1.1.0.Final/validation-api-1.1.0.Final.jar:/home/user/.m2/repository/org/glassfish/jersey/media/jersey-media-json-jackson/2.27/jersey-media-json-jackson-2.27.jar:/home/user/.m2/repository/org/glassfish/jersey/ext/jersey-entity-filtering/2.27/jersey-entity-filtering-2.27.jar:/home/user/.m2/repository/com/google/inject/extensions/guice-assistedinject/4.0/guice-assistedinject-4.0.jar:/home/user/.m2/repository/org/jooq/jooq/3.11.10/jooq-3.11.10.jar:/home/user/.m2/repository/org/jooq/jooq-meta/3.11.10/jooq-meta-3.11.10.jar:/home/user/.m2/repository/org/jooq/jooq-codegen/3.11.10/jooq-codegen-3.11.10.jar:/home/user/.m2/repository/com/jolbox/bonecp/0.8.0.RELEASE/bonecp-0.8.0.RELEASE.jar:/home/user/.m2/repository/org/xerial/sqlite-jdbc/3.25.2/sqlite-jdbc-3.25.2.jar:/home/user/.m2/repository/org/springframework/spring-jdbc/5.1.3.RELEASE/spring-jdbc-5.1.3.RELEASE.jar:/home/user/.m2/repository/org/springframework/spring-beans/5.1.3.RELEASE/spring-beans-5.1.3.RELEASE.jar:/home/user/.m2/repository/org/springframework/spring-core/5.1.3.RELEASE/spring-core-5.1.3.RELEASE.jar:/home/user/.m2/repository/org/springframework/spring-jcl/5.1.3.RELEASE/spring-jcl-5.1.3.RELEASE.jar:/home/user/.m2/repository/org/springframework/spring-tx/5.1.3.RELEASE/spring-tx-5.1.3.RELEASE.jar:/home/user/.m2/repository/org/apache/hadoop/hadoop-ozone-client/0.5.0-SNAPSHOT/hadoop-ozone-client-0.5.0-SNAPSHOT.jar:/home/user/.m2/repository/commons-lang/commons-lang/2.6/commons-lang-2.6.jar:/home/user/.m2/repository/org/apache/hadoop/hadoop-ozone-ozone-manager/0.5.0-SNAPSHOT/hadoop-ozone-ozone-manager-0.5.0-SNAPSHOT-tests.jar:/home/user/.m2/repository/junit/junit/4.11/junit-4.11.jar:/home/user/.m2/repository/org/hamcrest/hamcrest-core/1.3/hamcrest-core-1.3.jar:/home/user/.m2/repository/org/openjdk/jmh/jmh-core/1.19/jmh-core-1.19.jar:/home/user/.m2/repository/net/sf/jopt-simple/jopt-simple/4.6/jopt-simple-4.6.jar:/home/user/.m2/repository/org/apache/commons/commons-math3/3.1.1/commons-math3-3.1.1.jar:/home/user/.m2/repository/org/openjdk/jmh/jmh-generator-annprocess/1.19/jmh-generator-annprocess-1.19.jar:/home/user/.m2/repository/org/mockito/mockito-all/1.8.5/mockito-all-1.8.5.jar:/home/user/.m2/repository/org/apache/hadoop/hadoop-kms/3.2.0/hadoop-kms-3.2.0.jar:/home/user/.m2/repository/org/apache/hadoop/hadoop-auth/3.2.0/hadoop-auth-3.2.0.jar:/home/user/.m2/repository/com/nimbusds/nimbus-jose-jwt/4.41.1/nimbus-jose-jwt-4.41.1.jar:/home/user/.m2/repository/com/github/stephenc/jcip/jcip-annotations/1.0-1/jcip-annotations-1.0-1.jar:/home/user/.m2/repository/net/minidev/json-smart/2.3/json-smart-2.3.jar:/home/user/.m2/repository/net/minidev/accessors-smart/1.2/accessors-smart-1.2.jar:/home/user/.m2/repository/org/ow2/asm/asm/5.0.4/asm-5.0.4.jar:/home/user/.m2/repository/org/apache/curator/curator-framework/2.12.0/curator-framework-2.12.0.jar:/home/user/.m2/repository/com/sun/jersey/jersey-core/1.19/jersey-core-1.19.jar:/home/user/.m2/repository/javax/ws/rs/jsr311-api/1.1.1/jsr311-api-1.1.1.jar:/home/user/.m2/repository/com/sun/jersey/jersey-server/1.19/jersey-server-1.19.jar:/home/user/.m2/repository/javax/servlet/javax.servlet-api/3.1.0/javax.servlet-api-3.1.0.jar:/home/user/.m2/repository/org/eclipse/jetty/jetty-server/9.3.24.v20180605/jetty-server-9.3.24.v20180605.jar:/home/user/.m2/repository/org/eclipse/jetty/jetty-http/9.3.24.v20180605/jetty-http-9.3.24.v20180605.jar:/home/user/.m2/repository/org/eclipse/jetty/jetty-io/9.3.24.v20180605/jetty-io-9.3.24.v20180605.jar:/home/user/.m2/repository/org/eclipse/jetty/jetty-webapp/9.3.24.v20180605/jetty-webapp-9.3.24.v20180605.jar:/home/user/.m2/repository/org/eclipse/jetty/jetty-xml/9.3.24.v20180605/jetty-xml-9.3.24.v20180605.jar:/home/user/.m2/repository/log4j/log4j/1.2.17/log4j-1.2.17.jar:/home/user/.m2/repository/org/slf4j/slf4j-api/1.7.25/slf4j-api-1.7.25.jar:/home/user/.m2/repository/org/slf4j/jul-to-slf4j/1.7.25/jul-to-slf4j-1.7.25.jar:/home/user/.m2/repository/org/eclipse/jetty/jetty-util/9.3.24.v20180605/jetty-util-9.3.24.v20180605.jar:/home/user/.m2/repository/com/fasterxml/jackson/core/jackson-databind/2.9.5/jackson-databind-2.9.5.jar:/home/user/.m2/repository/org/apache/hadoop/hadoop-kms/3.2.0/hadoop-kms-3.2.0-tests.jar:/home/user/.m2/repository/org/apache/hadoop/hadoop-hdds-server-scm/0.5.0-SNAPSHOT/hadoop-hdds-server-scm-0.5.0-SNAPSHOT-tests.jar:/home/user/.m2/repository/org/apache/hadoop/hadoop-hdds-container-service/0.5.0-SNAPSHOT/hadoop-hdds-container-service-0.5.0-SNAPSHOT-tests.jar:/home/user/.m2/repository/org/yaml/snakeyaml/1.16/snakeyaml-1.16.jar:/home/user/.m2/repository/org/apache/hadoop/hadoop-common/3.2.0/hadoop-common-3.2.0-tests.jar:/home/user/.m2/repository/org/apache/hadoop/hadoop-annotations/3.2.0/hadoop-annotations-3.2.0.jar:/usr/lib/jvm/java-1.8-openjdk/jre/../lib/tools.jar:/home/user/.m2/repository/commons-cli/commons-cli/1.2/commons-cli-1.2.jar:/home/user/.m2/repository/org/apache/httpcomponents/httpclient/4.5.2/httpclient-4.5.2.jar:/home/user/.m2/repository/org/apache/httpcomponents/httpcore/4.4.4/httpcore-4.4.4.jar:/home/user/.m2/repository/commons-codec/commons-codec/1.11/commons-codec-1.11.jar:/home/user/.m2/repository/commons-net/commons-net/3.6/commons-net-3.6.jar:/home/user/.m2/repository/commons-collections/commons-collections/3.2.2/commons-collections-3.2.2.jar:/home/user/.m2/repository/org/eclipse/jetty/jetty-servlet/9.3.24.v20180605/jetty-servlet-9.3.24.v20180605.jar:/home/user/.m2/repository/org/eclipse/jetty/jetty-security/9.3.24.v20180605/jetty-security-9.3.24.v20180605.jar:/home/user/.m2/repository/javax/servlet/jsp/jsp-api/2.1/jsp-api-2.1.jar:/home/user/.m2/repository/com/sun/jersey/jersey-servlet/1.19/jersey-servlet-1.19.jar:/home/user/.m2/repository/com/sun/jersey/jersey-json/1.19/jersey-json-1.19.jar:/home/user/.m2/repository/org/codehaus/jettison/jettison/1.1/jettison-1.1.jar:/home/user/.m2/repository/org/codehaus/jackson/jackson-core-asl/1.9.13/jackson-core-asl-1.9.13.jar:/home/user/.m2/repository/org/codehaus/jackson/jackson-mapper-asl/1.9.13/jackson-mapper-asl-1.9.13.jar:/home/user/.m2/repository/org/codehaus/jackson/jackson-jaxrs/1.9.13/jackson-jaxrs-1.9.13.jar:/home/user/.m2/repository/org/codehaus/jackson/jackson-xc/1.9.13/jackson-xc-1.9.13.jar:/home/user/.m2/repository/commons-logging/commons-logging/1.1.3/commons-logging-1.1.3.jar:/home/user/.m2/repository/commons-beanutils/commons-beanutils/1.9.3/commons-beanutils-1.9.3.jar:/home/user/.m2/repository/org/apache/commons/commons-configuration2/2.1.1/commons-configuration2-2.1.1.jar:/home/user/.m2/repository/org/apache/commons/commons-lang3/3.7/commons-lang3-3.7.jar:/home/user/.m2/repository/org/apache/commons/commons-text/1.4/commons-text-1.4.jar:/home/user/.m2/repository/org/apache/avro/avro/1.7.7/avro-1.7.7.jar:/home/user/.m2/repository/com/thoughtworks/paranamer/paranamer/2.3/paranamer-2.3.jar:/home/user/.m2/repository/org/xerial/snappy/snappy-java/1.0.5/snappy-java-1.0.5.jar:/home/user/.m2/repository/com/google/re2j/re2j/1.1/re2j-1.1.jar:/home/user/.m2/repository/com/google/code/gson/gson/2.2.4/gson-2.2.4.jar:/home/user/.m2/repository/com/jcraft/jsch/0.1.54/jsch-0.1.54.jar:/home/user/.m2/repository/org/apache/curator/curator-client/2.12.0/curator-client-2.12.0.jar:/home/user/.m2/repository/org/apache/curator/curator-recipes/2.12.0/curator-recipes-2.12.0.jar:/home/user/.m2/repository/com/google/code/findbugs/jsr305/3.0.0/jsr305-3.0.0.jar:/home/user/.m2/repository/org/apache/htrace/htrace-core4/4.1.0-incubating/htrace-core4-4.1.0-incubating.jar:/home/user/.m2/repository/org/apache/zookeeper/zookeeper/3.4.13/zookeeper-3.4.13.jar:/home/user/.m2/repository/org/apache/yetus/audience-annotations/0.5.0/audience-annotations-0.5.0.jar:/home/user/.m2/repository/org/codehaus/woodstox/stax2-api/3.1.4/stax2-api-3.1.4.jar:/home/user/.m2/repository/com/fasterxml/woodstox/woodstox-core/5.0.3/woodstox-core-5.0.3.jar:/home/user/.m2/repository/dnsjava/dnsjava/2.1.7/dnsjava-2.1.7.jar:/home/user/.m2/repository/org/apache/hadoop/hadoop-hdfs/3.2.0/hadoop-hdfs-3.2.0-tests.jar:/home/user/.m2/repository/org/eclipse/jetty/jetty-util-ajax/9.3.24.v20180605/jetty-util-ajax-9.3.24.v20180605.jar:/home/user/.m2/repository/commons-daemon/commons-daemon/1.0.13/commons-daemon-1.0.13.jar:/home/user/.m2/repository/io/netty/netty/3.10.5.Final/netty-3.10.5.Final.jar:/home/user/.m2/repository/io/netty/netty-all/4.0.52.Final/netty-all-4.0.52.Final.jar:/home/user/.m2/repository/org/fusesource/leveldbjni/leveldbjni-all/1.8/leveldbjni-all-1.8.jar:"/>
    <property name="java.vm.vendor" value="IcedTea"/>
    <property name="sun.arch.data.model" value="64"/>
    <property name="test.build.dir" value="/workdir/hadoop-ozone/integration-test/target/test-dir"/>
    <property name="test.cache.data" value=""/>
    <property name="java.vendor.url" value="https://icedtea.classpath.org"/>
    <property name="user.timezone" value=""/>
    <property name="java.vm.specification.version" value="1.8"/>
    <property name="os.name" value="Linux"/>
    <property name="test.build.data" value="/workdir/hadoop-ozone/integration-test/target/test-dir"/>
    <property name="user.country" value="US"/>
    <property name="sun.java.launcher" value="SUN_STANDARD"/>
    <property name="sun.boot.library.path" value="/usr/lib/jvm/java-1.8-openjdk/jre/lib/amd64"/>
    <property name="sun.java.command" value="/workdir/hadoop-ozone/integration-test/target/surefire/surefirebooter5300555640710309163.jar /workdir/hadoop-ozone/integration-test/target/surefire 2019-09-12T10-13-21_360-jvmRun1 surefire8536630504984279071tmp surefire_31928334222186962152tmp"/>
    <property name="test" value="!TestMiniChaosOzoneCluster"/>
    <property name="surefire.test.class.path" value="/workdir/hadoop-ozone/integration-test/target/test-classes:/workdir/hadoop-ozone/integration-test/target/classes:/home/user/.m2/repository/org/apache/hadoop/hadoop-ozone-common/0.5.0-SNAPSHOT/hadoop-ozone-common-0.5.0-SNAPSHOT.jar:/home/user/.m2/repository/org/apache/commons/commons-compress/1.4.1/commons-compress-1.4.1.jar:/home/user/.m2/repository/org/tukaani/xz/1.0/xz-1.0.jar:/home/user/.m2/repository/org/apache/hadoop/hadoop-common/3.2.0/hadoop-common-3.2.0.jar:/home/user/.m2/repository/org/apache/hadoop/hadoop-hdfs/3.2.0/hadoop-hdfs-3.2.0.jar:/home/user/.m2/repository/org/apache/hadoop/hadoop-hdfs-client/3.2.0/hadoop-hdfs-client-3.2.0.jar:/home/user/.m2/repository/com/fasterxml/jackson/core/jackson-annotations/2.9.5/jackson-annotations-2.9.5.jar:/home/user/.m2/repository/org/apache/hadoop/hadoop-hdds-common/0.5.0-SNAPSHOT/hadoop-hdds-common-0.5.0-SNAPSHOT.jar:/home/user/.m2/repository/javax/annotation/javax.annotation-api/1.2/javax.annotation-api-1.2.jar:/home/user/.m2/repository/org/apache/ratis/ratis-server/0.4.0-2337318-SNAPSHOT/ratis-server-0.4.0-2337318-SNAPSHOT.jar:/home/user/.m2/repository/org/apache/ratis/ratis-thirdparty-misc/0.2.0/ratis-thirdparty-misc-0.2.0.jar:/home/user/.m2/repository/org/apache/ratis/ratis-proto/0.4.0-2337318-SNAPSHOT/ratis-proto-0.4.0-2337318-SNAPSHOT.jar:/home/user/.m2/repository/org/apache/ratis/ratis-common/0.4.0-2337318-SNAPSHOT/ratis-common-0.4.0-2337318-SNAPSHOT.jar:/home/user/.m2/repository/org/apache/ratis/ratis-client/0.4.0-2337318-SNAPSHOT/ratis-client-0.4.0-2337318-SNAPSHOT.jar:/home/user/.m2/repository/org/apache/ratis/ratis-metrics/0.4.0-2337318-SNAPSHOT/ratis-metrics-0.4.0-2337318-SNAPSHOT.jar:/home/user/.m2/repository/org/apache/ratis/ratis-netty/0.4.0-2337318-SNAPSHOT/ratis-netty-0.4.0-2337318-SNAPSHOT.jar:/home/user/.m2/repository/org/apache/ratis/ratis-grpc/0.4.0-2337318-SNAPSHOT/ratis-grpc-0.4.0-2337318-SNAPSHOT.jar:/home/user/.m2/repository/org/rocksdb/rocksdbjni/6.0.1/rocksdbjni-6.0.1.jar:/home/user/.m2/repository/org/apache/logging/log4j/log4j-api/2.11.0/log4j-api-2.11.0.jar:/home/user/.m2/repository/org/apache/logging/log4j/log4j-core/2.11.0/log4j-core-2.11.0.jar:/home/user/.m2/repository/com/lmax/disruptor/3.4.2/disruptor-3.4.2.jar:/home/user/.m2/repository/org/apache/commons/commons-pool2/2.6.0/commons-pool2-2.6.0.jar:/home/user/.m2/repository/org/bouncycastle/bcpkix-jdk15on/1.60/bcpkix-jdk15on-1.60.jar:/home/user/.m2/repository/commons-validator/commons-validator/1.6/commons-validator-1.6.jar:/home/user/.m2/repository/commons-digester/commons-digester/1.8.1/commons-digester-1.8.1.jar:/home/user/.m2/repository/io/jaegertracing/jaeger-client/0.33.1/jaeger-client-0.33.1.jar:/home/user/.m2/repository/io/jaegertracing/jaeger-thrift/0.33.1/jaeger-thrift-0.33.1.jar:/home/user/.m2/repository/org/apache/thrift/libthrift/0.11.0/libthrift-0.11.0.jar:/home/user/.m2/repository/com/squareup/okhttp3/okhttp/3.9.0/okhttp-3.9.0.jar:/home/user/.m2/repository/com/squareup/okio/okio/1.13.0/okio-1.13.0.jar:/home/user/.m2/repository/io/jaegertracing/jaeger-core/0.33.1/jaeger-core-0.33.1.jar:/home/user/.m2/repository/io/jaegertracing/jaeger-tracerresolver/0.33.1/jaeger-tracerresolver-0.33.1.jar:/home/user/.m2/repository/io/opentracing/contrib/opentracing-tracerresolver/0.1.5/opentracing-tracerresolver-0.1.5.jar:/home/user/.m2/repository/io/opentracing/opentracing-util/0.31.0/opentracing-util-0.31.0.jar:/home/user/.m2/repository/io/opentracing/opentracing-api/0.31.0/opentracing-api-0.31.0.jar:/home/user/.m2/repository/io/opentracing/opentracing-noop/0.31.0/opentracing-noop-0.31.0.jar:/home/user/.m2/repository/org/apache/hadoop/hadoop-hdds-server-framework/0.5.0-SNAPSHOT/hadoop-hdds-server-framework-0.5.0-SNAPSHOT.jar:/home/user/.m2/repository/org/apache/hadoop/hadoop-hdds-container-service/0.5.0-SNAPSHOT/hadoop-hdds-container-service-0.5.0-SNAPSHOT.jar:/home/user/.m2/repository/org/apache/hadoop/hadoop-hdds-client/0.5.0-SNAPSHOT/hadoop-hdds-client-0.5.0-SNAPSHOT.jar:/home/user/.m2/repository/org/apache/hadoop/hadoop-hdds-tools/0.5.0-SNAPSHOT/hadoop-hdds-tools-0.5.0-SNAPSHOT.jar:/home/user/.m2/repository/org/apache/hadoop/hadoop-hdds-server-scm/0.5.0-SNAPSHOT/hadoop-hdds-server-scm-0.5.0-SNAPSHOT.jar:/home/user/.m2/repository/org/apache/hadoop/hadoop-hdds-docs/0.5.0-SNAPSHOT/hadoop-hdds-docs-0.5.0-SNAPSHOT.jar:/home/user/.m2/repository/io/dropwizard/metrics/metrics-core/3.2.4/metrics-core-3.2.4.jar:/home/user/.m2/repository/org/hamcrest/hamcrest-all/1.3/hamcrest-all-1.3.jar:/home/user/.m2/repository/org/bouncycastle/bcprov-jdk15on/1.60/bcprov-jdk15on-1.60.jar:/home/user/.m2/repository/info/picocli/picocli/3.9.6/picocli-3.9.6.jar:/home/user/.m2/repository/com/google/protobuf/protobuf-java/2.5.0/protobuf-java-2.5.0.jar:/home/user/.m2/repository/com/google/guava/guava/11.0.2/guava-11.0.2.jar:/home/user/.m2/repository/org/apache/hadoop/hadoop-ozone-ozone-manager/0.5.0-SNAPSHOT/hadoop-ozone-ozone-manager-0.5.0-SNAPSHOT.jar:/home/user/.m2/repository/org/apache/hadoop/hadoop-minikdc/3.2.0/hadoop-minikdc-3.2.0.jar:/home/user/.m2/repository/commons-io/commons-io/2.5/commons-io-2.5.jar:/home/user/.m2/repository/org/apache/kerby/kerb-simplekdc/1.0.1/kerb-simplekdc-1.0.1.jar:/home/user/.m2/repository/org/apache/kerby/kerb-client/1.0.1/kerb-client-1.0.1.jar:/home/user/.m2/repository/org/apache/kerby/kerby-config/1.0.1/kerby-config-1.0.1.jar:/home/user/.m2/repository/org/apache/kerby/kerb-core/1.0.1/kerb-core-1.0.1.jar:/home/user/.m2/repository/org/apache/kerby/kerby-pkix/1.0.1/kerby-pkix-1.0.1.jar:/home/user/.m2/repository/org/apache/kerby/kerby-asn1/1.0.1/kerby-asn1-1.0.1.jar:/home/user/.m2/repository/org/apache/kerby/kerby-util/1.0.1/kerby-util-1.0.1.jar:/home/user/.m2/repository/org/apache/kerby/kerb-common/1.0.1/kerb-common-1.0.1.jar:/home/user/.m2/repository/org/apache/kerby/kerb-crypto/1.0.1/kerb-crypto-1.0.1.jar:/home/user/.m2/repository/org/apache/kerby/kerb-util/1.0.1/kerb-util-1.0.1.jar:/home/user/.m2/repository/org/apache/kerby/token-provider/1.0.1/token-provider-1.0.1.jar:/home/user/.m2/repository/org/apache/kerby/kerb-admin/1.0.1/kerb-admin-1.0.1.jar:/home/user/.m2/repository/org/apache/kerby/kerb-server/1.0.1/kerb-server-1.0.1.jar:/home/user/.m2/repository/org/apache/kerby/kerb-identity/1.0.1/kerb-identity-1.0.1.jar:/home/user/.m2/repository/org/apache/kerby/kerby-xdr/1.0.1/kerby-xdr-1.0.1.jar:/home/user/.m2/repository/org/slf4j/slf4j-log4j12/1.7.25/slf4j-log4j12-1.7.25.jar:/home/user/.m2/repository/org/apache/hadoop/hadoop-ozone-objectstore-service/0.5.0-SNAPSHOT/hadoop-ozone-objectstore-service-0.5.0-SNAPSHOT.jar:/home/user/.m2/repository/org/apache/hadoop/hadoop-ozone-s3gateway/0.5.0-SNAPSHOT/hadoop-ozone-s3gateway-0.5.0-SNAPSHOT.jar:/home/user/.m2/repository/org/jboss/weld/servlet/weld-servlet/2.4.7.Final/weld-servlet-2.4.7.Final.jar:/home/user/.m2/repository/org/glassfish/jersey/containers/jersey-container-servlet-core/2.27/jersey-container-servlet-core-2.27.jar:/home/user/.m2/repository/org/glassfish/hk2/external/javax.inject/2.5.0-b42/javax.inject-2.5.0-b42.jar:/home/user/.m2/repository/org/glassfish/jersey/core/jersey-common/2.27/jersey-common-2.27.jar:/home/user/.m2/repository/org/glassfish/hk2/osgi-resource-locator/1.0.1/osgi-resource-locator-1.0.1.jar:/home/user/.m2/repository/javax/ws/rs/javax.ws.rs-api/2.1/javax.ws.rs-api-2.1.jar:/home/user/.m2/repository/org/glassfish/jersey/ext/cdi/jersey-cdi1x/2.27/jersey-cdi1x-2.27.jar:/home/user/.m2/repository/org/glassfish/jersey/inject/jersey-hk2/2.27/jersey-hk2-2.27.jar:/home/user/.m2/repository/org/glassfish/hk2/hk2-locator/2.5.0-b42/hk2-locator-2.5.0-b42.jar:/home/user/.m2/repository/org/javassist/javassist/3.22.0-CR2/javassist-3.22.0-CR2.jar:/home/user/.m2/repository/org/glassfish/hk2/hk2-api/2.5.0/hk2-api-2.5.0.jar:/home/user/.m2/repository/org/glassfish/hk2/external/jakarta.inject/2.5.0/jakarta.inject-2.5.0.jar:/home/user/.m2/repository/org/glassfish/hk2/hk2-utils/2.5.0/hk2-utils-2.5.0.jar:/home/user/.m2/repository/jakarta/annotation/jakarta.annotation-api/1.3.4/jakarta.annotation-api-1.3.4.jar:/home/user/.m2/repository/org/glassfish/hk2/external/aopalliance-repackaged/2.5.0/aopalliance-repackaged-2.5.0.jar:/home/user/.m2/repository/com/fasterxml/jackson/dataformat/jackson-dataformat-xml/2.9.0/jackson-dataformat-xml-2.9.0.jar:/home/user/.m2/repository/com/fasterxml/jackson/core/jackson-core/2.9.5/jackson-core-2.9.5.jar:/home/user/.m2/repository/com/fasterxml/jackson/module/jackson-module-jaxb-annotations/2.9.5/jackson-module-jaxb-annotations-2.9.5.jar:/home/user/.m2/repository/javax/enterprise/cdi-api/1.2/cdi-api-1.2.jar:/home/user/.m2/repository/javax/el/javax.el-api/3.0.0/javax.el-api-3.0.0.jar:/home/user/.m2/repository/javax/interceptor/javax.interceptor-api/1.2/javax.interceptor-api-1.2.jar:/home/user/.m2/repository/javax/inject/javax.inject/1/javax.inject-1.jar:/home/user/.m2/repository/com/sun/xml/bind/jaxb-impl/2.3.0.1/jaxb-impl-2.3.0.1.jar:/home/user/.m2/repository/com/sun/xml/bind/jaxb-core/2.3.0.1/jaxb-core-2.3.0.1.jar:/home/user/.m2/repository/javax/xml/bind/jaxb-api/2.3.0/jaxb-api-2.3.0.jar:/home/user/.m2/repository/javax/activation/activation/1.1.1/activation-1.1.1.jar:/home/user/.m2/repository/org/apache/hadoop/hadoop-ozone-csi/0.5.0-SNAPSHOT/hadoop-ozone-csi-0.5.0-SNAPSHOT.jar:/home/user/.m2/repository/com/google/protobuf/protobuf-java-util/3.5.1/protobuf-java-util-3.5.1.jar:/home/user/.m2/repository/org/apache/hadoop/hadoop-hdds-config/0.5.0-SNAPSHOT/hadoop-hdds-config-0.5.0-SNAPSHOT.jar:/home/user/.m2/repository/io/grpc/grpc-netty/1.17.1/grpc-netty-1.17.1.jar:/home/user/.m2/repository/io/grpc/grpc-core/1.17.1/grpc-core-1.17.1.jar:/home/user/.m2/repository/io/grpc/grpc-context/1.17.1/grpc-context-1.17.1.jar:/home/user/.m2/repository/com/google/errorprone/error_prone_annotations/2.2.0/error_prone_annotations-2.2.0.jar:/home/user/.m2/repository/org/codehaus/mojo/animal-sniffer-annotations/1.17/animal-sniffer-annotations-1.17.jar:/home/user/.m2/repository/io/opencensus/opencensus-api/0.17.0/opencensus-api-0.17.0.jar:/home/user/.m2/repository/io/opencensus/opencensus-contrib-grpc-metrics/0.17.0/opencensus-contrib-grpc-metrics-0.17.0.jar:/home/user/.m2/repository/io/netty/netty-codec-http2/4.1.30.Final/netty-codec-http2-4.1.30.Final.jar:/home/user/.m2/repository/io/netty/netty-codec-http/4.1.30.Final/netty-codec-http-4.1.30.Final.jar:/home/user/.m2/repository/io/netty/netty-codec/4.1.30.Final/netty-codec-4.1.30.Final.jar:/home/user/.m2/repository/io/netty/netty-handler/4.1.30.Final/netty-handler-4.1.30.Final.jar:/home/user/.m2/repository/io/netty/netty-handler-proxy/4.1.30.Final/netty-handler-proxy-4.1.30.Final.jar:/home/user/.m2/repository/io/netty/netty-codec-socks/4.1.30.Final/netty-codec-socks-4.1.30.Final.jar:/home/user/.m2/repository/io/netty/netty-transport-native-epoll/4.1.30.Final/netty-transport-native-epoll-4.1.30.Final.jar:/home/user/.m2/repository/io/netty/netty-common/4.1.30.Final/netty-common-4.1.30.Final.jar:/home/user/.m2/repository/io/netty/netty-buffer/4.1.30.Final/netty-buffer-4.1.30.Final.jar:/home/user/.m2/repository/io/netty/netty-transport/4.1.30.Final/netty-transport-4.1.30.Final.jar:/home/user/.m2/repository/io/netty/netty-resolver/4.1.30.Final/netty-resolver-4.1.30.Final.jar:/home/user/.m2/repository/io/netty/netty-transport-native-unix-common/4.1.30.Final/netty-transport-native-unix-common-4.1.30.Final.jar:/home/user/.m2/repository/io/grpc/grpc-protobuf/1.17.1/grpc-protobuf-1.17.1.jar:/home/user/.m2/repository/com/google/api/grpc/proto-google-common-protos/1.0.0/proto-google-common-protos-1.0.0.jar:/home/user/.m2/repository/io/grpc/grpc-protobuf-lite/1.17.1/grpc-protobuf-lite-1.17.1.jar:/home/user/.m2/repository/io/grpc/grpc-stub/1.17.1/grpc-stub-1.17.1.jar:/home/user/.m2/repository/org/apache/hadoop/hadoop-ozone-recon/0.5.0-SNAPSHOT/hadoop-ozone-recon-0.5.0-SNAPSHOT.jar:/home/user/.m2/repository/org/apache/hadoop/hadoop-ozone-reconcodegen/0.5.0-SNAPSHOT/hadoop-ozone-reconcodegen-0.5.0-SNAPSHOT.jar:/home/user/.m2/repository/com/google/inject/extensions/guice-multibindings/4.0/guice-multibindings-4.0.jar:/home/user/.m2/repository/com/google/inject/guice/4.0/guice-4.0.jar:/home/user/.m2/repository/aopalliance/aopalliance/1.0/aopalliance-1.0.jar:/home/user/.m2/repository/com/google/inject/extensions/guice-servlet/4.0/guice-servlet-4.0.jar:/home/user/.m2/repository/org/glassfish/jersey/containers/jersey-container-servlet/2.27/jersey-container-servlet-2.27.jar:/home/user/.m2/repository/org/glassfish/hk2/guice-bridge/2.5.0/guice-bridge-2.5.0.jar:/home/user/.m2/repository/org/glassfish/jersey/core/jersey-server/2.27/jersey-server-2.27.jar:/home/user/.m2/repository/org/glassfish/jersey/core/jersey-client/2.27/jersey-client-2.27.jar:/home/user/.m2/repository/org/glassfish/jersey/media/jersey-media-jaxb/2.27/jersey-media-jaxb-2.27.jar:/home/user/.m2/repository/javax/validation/validation-api/1.1.0.Final/validation-api-1.1.0.Final.jar:/home/user/.m2/repository/org/glassfish/jersey/media/jersey-media-json-jackson/2.27/jersey-media-json-jackson-2.27.jar:/home/user/.m2/repository/org/glassfish/jersey/ext/jersey-entity-filtering/2.27/jersey-entity-filtering-2.27.jar:/home/user/.m2/repository/com/google/inject/extensions/guice-assistedinject/4.0/guice-assistedinject-4.0.jar:/home/user/.m2/repository/org/jooq/jooq/3.11.10/jooq-3.11.10.jar:/home/user/.m2/repository/org/jooq/jooq-meta/3.11.10/jooq-meta-3.11.10.jar:/home/user/.m2/repository/org/jooq/jooq-codegen/3.11.10/jooq-codegen-3.11.10.jar:/home/user/.m2/repository/com/jolbox/bonecp/0.8.0.RELEASE/bonecp-0.8.0.RELEASE.jar:/home/user/.m2/repository/org/xerial/sqlite-jdbc/3.25.2/sqlite-jdbc-3.25.2.jar:/home/user/.m2/repository/org/springframework/spring-jdbc/5.1.3.RELEASE/spring-jdbc-5.1.3.RELEASE.jar:/home/user/.m2/repository/org/springframework/spring-beans/5.1.3.RELEASE/spring-beans-5.1.3.RELEASE.jar:/home/user/.m2/repository/org/springframework/spring-core/5.1.3.RELEASE/spring-core-5.1.3.RELEASE.jar:/home/user/.m2/repository/org/springframework/spring-jcl/5.1.3.RELEASE/spring-jcl-5.1.3.RELEASE.jar:/home/user/.m2/repository/org/springframework/spring-tx/5.1.3.RELEASE/spring-tx-5.1.3.RELEASE.jar:/home/user/.m2/repository/org/apache/hadoop/hadoop-ozone-client/0.5.0-SNAPSHOT/hadoop-ozone-client-0.5.0-SNAPSHOT.jar:/home/user/.m2/repository/commons-lang/commons-lang/2.6/commons-lang-2.6.jar:/home/user/.m2/repository/org/apache/hadoop/hadoop-ozone-ozone-manager/0.5.0-SNAPSHOT/hadoop-ozone-ozone-manager-0.5.0-SNAPSHOT-tests.jar:/home/user/.m2/repository/junit/junit/4.11/junit-4.11.jar:/home/user/.m2/repository/org/hamcrest/hamcrest-core/1.3/hamcrest-core-1.3.jar:/home/user/.m2/repository/org/openjdk/jmh/jmh-core/1.19/jmh-core-1.19.jar:/home/user/.m2/repository/net/sf/jopt-simple/jopt-simple/4.6/jopt-simple-4.6.jar:/home/user/.m2/repository/org/apache/commons/commons-math3/3.1.1/commons-math3-3.1.1.jar:/home/user/.m2/repository/org/openjdk/jmh/jmh-generator-annprocess/1.19/jmh-generator-annprocess-1.19.jar:/home/user/.m2/repository/org/mockito/mockito-all/1.8.5/mockito-all-1.8.5.jar:/home/user/.m2/repository/org/apache/hadoop/hadoop-kms/3.2.0/hadoop-kms-3.2.0.jar:/home/user/.m2/repository/org/apache/hadoop/hadoop-auth/3.2.0/hadoop-auth-3.2.0.jar:/home/user/.m2/repository/com/nimbusds/nimbus-jose-jwt/4.41.1/nimbus-jose-jwt-4.41.1.jar:/home/user/.m2/repository/com/github/stephenc/jcip/jcip-annotations/1.0-1/jcip-annotations-1.0-1.jar:/home/user/.m2/repository/net/minidev/json-smart/2.3/json-smart-2.3.jar:/home/user/.m2/repository/net/minidev/accessors-smart/1.2/accessors-smart-1.2.jar:/home/user/.m2/repository/org/ow2/asm/asm/5.0.4/asm-5.0.4.jar:/home/user/.m2/repository/org/apache/curator/curator-framework/2.12.0/curator-framework-2.12.0.jar:/home/user/.m2/repository/com/sun/jersey/jersey-core/1.19/jersey-core-1.19.jar:/home/user/.m2/repository/javax/ws/rs/jsr311-api/1.1.1/jsr311-api-1.1.1.jar:/home/user/.m2/repository/com/sun/jersey/jersey-server/1.19/jersey-server-1.19.jar:/home/user/.m2/repository/javax/servlet/javax.servlet-api/3.1.0/javax.servlet-api-3.1.0.jar:/home/user/.m2/repository/org/eclipse/jetty/jetty-server/9.3.24.v20180605/jetty-server-9.3.24.v20180605.jar:/home/user/.m2/repository/org/eclipse/jetty/jetty-http/9.3.24.v20180605/jetty-http-9.3.24.v20180605.jar:/home/user/.m2/repository/org/eclipse/jetty/jetty-io/9.3.24.v20180605/jetty-io-9.3.24.v20180605.jar:/home/user/.m2/repository/org/eclipse/jetty/jetty-webapp/9.3.24.v20180605/jetty-webapp-9.3.24.v20180605.jar:/home/user/.m2/repository/org/eclipse/jetty/jetty-xml/9.3.24.v20180605/jetty-xml-9.3.24.v20180605.jar:/home/user/.m2/repository/log4j/log4j/1.2.17/log4j-1.2.17.jar:/home/user/.m2/repository/org/slf4j/slf4j-api/1.7.25/slf4j-api-1.7.25.jar:/home/user/.m2/repository/org/slf4j/jul-to-slf4j/1.7.25/jul-to-slf4j-1.7.25.jar:/home/user/.m2/repository/org/eclipse/jetty/jetty-util/9.3.24.v20180605/jetty-util-9.3.24.v20180605.jar:/home/user/.m2/repository/com/fasterxml/jackson/core/jackson-databind/2.9.5/jackson-databind-2.9.5.jar:/home/user/.m2/repository/org/apache/hadoop/hadoop-kms/3.2.0/hadoop-kms-3.2.0-tests.jar:/home/user/.m2/repository/org/apache/hadoop/hadoop-hdds-server-scm/0.5.0-SNAPSHOT/hadoop-hdds-server-scm-0.5.0-SNAPSHOT-tests.jar:/home/user/.m2/repository/org/apache/hadoop/hadoop-hdds-container-service/0.5.0-SNAPSHOT/hadoop-hdds-container-service-0.5.0-SNAPSHOT-tests.jar:/home/user/.m2/repository/org/yaml/snakeyaml/1.16/snakeyaml-1.16.jar:/home/user/.m2/repository/org/apache/hadoop/hadoop-common/3.2.0/hadoop-common-3.2.0-tests.jar:/home/user/.m2/repository/org/apache/hadoop/hadoop-annotations/3.2.0/hadoop-annotations-3.2.0.jar:/usr/lib/jvm/java-1.8-openjdk/jre/../lib/tools.jar:/home/user/.m2/repository/commons-cli/commons-cli/1.2/commons-cli-1.2.jar:/home/user/.m2/repository/org/apache/httpcomponents/httpclient/4.5.2/httpclient-4.5.2.jar:/home/user/.m2/repository/org/apache/httpcomponents/httpcore/4.4.4/httpcore-4.4.4.jar:/home/user/.m2/repository/commons-codec/commons-codec/1.11/commons-codec-1.11.jar:/home/user/.m2/repository/commons-net/commons-net/3.6/commons-net-3.6.jar:/home/user/.m2/repository/commons-collections/commons-collections/3.2.2/commons-collections-3.2.2.jar:/home/user/.m2/repository/org/eclipse/jetty/jetty-servlet/9.3.24.v20180605/jetty-servlet-9.3.24.v20180605.jar:/home/user/.m2/repository/org/eclipse/jetty/jetty-security/9.3.24.v20180605/jetty-security-9.3.24.v20180605.jar:/home/user/.m2/repository/javax/servlet/jsp/jsp-api/2.1/jsp-api-2.1.jar:/home/user/.m2/repository/com/sun/jersey/jersey-servlet/1.19/jersey-servlet-1.19.jar:/home/user/.m2/repository/com/sun/jersey/jersey-json/1.19/jersey-json-1.19.jar:/home/user/.m2/repository/org/codehaus/jettison/jettison/1.1/jettison-1.1.jar:/home/user/.m2/repository/org/codehaus/jackson/jackson-core-asl/1.9.13/jackson-core-asl-1.9.13.jar:/home/user/.m2/repository/org/codehaus/jackson/jackson-mapper-asl/1.9.13/jackson-mapper-asl-1.9.13.jar:/home/user/.m2/repository/org/codehaus/jackson/jackson-jaxrs/1.9.13/jackson-jaxrs-1.9.13.jar:/home/user/.m2/repository/org/codehaus/jackson/jackson-xc/1.9.13/jackson-xc-1.9.13.jar:/home/user/.m2/repository/commons-logging/commons-logging/1.1.3/commons-logging-1.1.3.jar:/home/user/.m2/repository/commons-beanutils/commons-beanutils/1.9.3/commons-beanutils-1.9.3.jar:/home/user/.m2/repository/org/apache/commons/commons-configuration2/2.1.1/commons-configuration2-2.1.1.jar:/home/user/.m2/repository/org/apache/commons/commons-lang3/3.7/commons-lang3-3.7.jar:/home/user/.m2/repository/org/apache/commons/commons-text/1.4/commons-text-1.4.jar:/home/user/.m2/repository/org/apache/avro/avro/1.7.7/avro-1.7.7.jar:/home/user/.m2/repository/com/thoughtworks/paranamer/paranamer/2.3/paranamer-2.3.jar:/home/user/.m2/repository/org/xerial/snappy/snappy-java/1.0.5/snappy-java-1.0.5.jar:/home/user/.m2/repository/com/google/re2j/re2j/1.1/re2j-1.1.jar:/home/user/.m2/repository/com/google/code/gson/gson/2.2.4/gson-2.2.4.jar:/home/user/.m2/repository/com/jcraft/jsch/0.1.54/jsch-0.1.54.jar:/home/user/.m2/repository/org/apache/curator/curator-client/2.12.0/curator-client-2.12.0.jar:/home/user/.m2/repository/org/apache/curator/curator-recipes/2.12.0/curator-recipes-2.12.0.jar:/home/user/.m2/repository/com/google/code/findbugs/jsr305/3.0.0/jsr305-3.0.0.jar:/home/user/.m2/repository/org/apache/htrace/htrace-core4/4.1.0-incubating/htrace-core4-4.1.0-incubating.jar:/home/user/.m2/repository/org/apache/zookeeper/zookeeper/3.4.13/zookeeper-3.4.13.jar:/home/user/.m2/repository/org/apache/yetus/audience-annotations/0.5.0/audience-annotations-0.5.0.jar:/home/user/.m2/repository/org/codehaus/woodstox/stax2-api/3.1.4/stax2-api-3.1.4.jar:/home/user/.m2/repository/com/fasterxml/woodstox/woodstox-core/5.0.3/woodstox-core-5.0.3.jar:/home/user/.m2/repository/dnsjava/dnsjava/2.1.7/dnsjava-2.1.7.jar:/home/user/.m2/repository/org/apache/hadoop/hadoop-hdfs/3.2.0/hadoop-hdfs-3.2.0-tests.jar:/home/user/.m2/repository/org/eclipse/jetty/jetty-util-ajax/9.3.24.v20180605/jetty-util-ajax-9.3.24.v20180605.jar:/home/user/.m2/repository/commons-daemon/commons-daemon/1.0.13/commons-daemon-1.0.13.jar:/home/user/.m2/repository/io/netty/netty/3.10.5.Final/netty-3.10.5.Final.jar:/home/user/.m2/repository/io/netty/netty-all/4.0.52.Final/netty-all-4.0.52.Final.jar:/home/user/.m2/repository/org/fusesource/leveldbjni/leveldbjni-all/1.8/leveldbjni-all-1.8.jar:"/>
    <property name="sun.cpu.endian" value="little"/>
    <property name="user.home" value="/home/user"/>
    <property name="user.language" value="en"/>
    <property name="java.specification.vendor" value="Oracle Corporation"/>
    <property name="java.home" value="/usr/lib/jvm/java-1.8-openjdk/jre"/>
    <property name="java.security.krb5.conf" value="/workdir/hadoop-ozone/integration-test/target/test-classes/krb5.conf"/>
    <property name="basedir" value="/workdir/hadoop-ozone/integration-test"/>
    <property name="file.separator" value="/"/>
    <property name="line.separator" value="&#10;"/>
    <property name="java.vm.specification.vendor" value="Oracle Corporation"/>
    <property name="java.specification.name" value="Java Platform API Specification"/>
    <property name="java.awt.graphicsenv" value="sun.awt.X11GraphicsEnvironment"/>
    <property name="surefire.real.class.path" value="/workdir/hadoop-ozone/integration-test/target/surefire/surefirebooter5300555640710309163.jar"/>
    <property name="hadoop.log.dir" value="/workdir/hadoop-ozone/integration-test/target/log"/>
    <property name="sun.boot.class.path" value="/usr/lib/jvm/java-1.8-openjdk/jre/lib/resources.jar:/usr/lib/jvm/java-1.8-openjdk/jre/lib/rt.jar:/usr/lib/jvm/java-1.8-openjdk/jre/lib/sunrsasign.jar:/usr/lib/jvm/java-1.8-openjdk/jre/lib/jsse.jar:/usr/lib/jvm/java-1.8-openjdk/jre/lib/jce.jar:/usr/lib/jvm/java-1.8-openjdk/jre/lib/charsets.jar:/usr/lib/jvm/java-1.8-openjdk/jre/lib/jfr.jar:/usr/lib/jvm/java-1.8-openjdk/jre/classes"/>
    <property name="sun.management.compiler" value="HotSpot 64-Bit Tiered Compilers"/>
    <property name="java.runtime.version" value="1.8.0_212-b04"/>
    <property name="java.net.preferIPv4Stack" value="true"/>
    <property name="user.name" value="jenkins1000"/>
    <property name="path.separator" value=":"/>
    <property name="java.security.egd" value="file:///dev/urandom"/>
    <property name="os.version" value="3.10.0-957.12.2.el7.x86_64"/>
    <property name="java.endorsed.dirs" value="/usr/lib/jvm/java-1.8-openjdk/jre/lib/endorsed"/>
    <property name="java.runtime.name" value="OpenJDK Runtime Environment"/>
    <property name="file.encoding" value="UTF-8"/>
    <property name="java.vm.name" value="OpenJDK 64-Bit Server VM"/>
    <property name="test.build.webapps" value=""/>
    <property name="localRepository" value="/home/user/.m2/repository"/>
    <property name="java.vendor.url.bug" value="https://icedtea.classpath.org/bugzilla"/>
    <property name="java.io.tmpdir" value="/tmp"/>
    <property name="require.test.libhadoop" value=""/>
    <property name="java.version" value="1.8.0_212"/>
    <property name="user.dir" value="/workdir/hadoop-ozone/integration-test"/>
    <property name="os.arch" value="amd64"/>
    <property name="java.vm.specification.name" value="Java Virtual Machine Specification"/>
    <property name="test.build.classes" value="/workdir/hadoop-ozone/integration-test/target/test-classes"/>
    <property name="java.awt.printerjob" value="sun.print.PSPrinterJob"/>
    <property name="sun.os.patch.level" value="unknown"/>
    <property name="hadoop.tmp.dir" value="/workdir/hadoop-ozone/integration-test/target/tmp"/>
    <property name="java.library.path" value="/usr/lib/jvm/java-1.8-openjdk/jre/lib/amd64/server:/usr/lib/jvm/java-1.8-openjdk/jre/lib/amd64:/usr/lib/jvm/java-1.8-openjdk/jre/../lib/amd64:/workdir/hadoop-ozone/integration-test/target/native/target/usr/local/lib:/workdir/hadoop-ozone/integration-test/../../hadoop-common-project/hadoop-common/target/native/target/usr/local/lib:/usr/java/packages/lib/amd64:/usr/lib64:/lib64:/lib:/usr/lib"/>
    <property name="java.vm.info" value="mixed mode"/>
    <property name="java.vendor" value="IcedTea"/>
    <property name="java.vm.version" value="25.212-b04"/>
    <property name="java.ext.dirs" value="/usr/lib/jvm/java-1.8-openjdk/jre/lib/ext:/usr/java/packages/lib/ext"/>
    <property name="sun.io.unicode.encoding" value="UnicodeLittle"/>
    <property name="java.class.version" value="52.0"/>
  </properties>
  <testcase name="org.apache.hadoop.hdds.scm.pipeline.TestNodeFailure" classname="org.apache.hadoop.hdds.scm.pipeline.TestNodeFailure" time="30.709">
    <error message="Could not allocate container. Cannot get any matching pipeline for Type:RATIS, Factor:THREE, State:PipelineState.OPEN" type="java.io.IOException">java.io.IOException: Could not allocate container. Cannot get any matching pipeline for Type:RATIS, Factor:THREE, State:PipelineState.OPEN
	at org.apache.hadoop.hdds.scm.container.ContainerStateManager.allocateContainer(ContainerStateManager.java:260)
	at org.apache.hadoop.hdds.scm.container.SCMContainerManager.allocateContainer(SCMContainerManager.java:247)
	at org.apache.hadoop.hdds.scm.pipeline.TestNodeFailure.init(TestNodeFailure.java:79)
	at sun.reflect.NativeMethodAccessorImpl.invoke0(Native Method)
	at sun.reflect.NativeMethodAccessorImpl.invoke(NativeMethodAccessorImpl.java:62)
	at sun.reflect.DelegatingMethodAccessorImpl.invoke(DelegatingMethodAccessorImpl.java:43)
	at java.lang.reflect.Method.invoke(Method.java:498)
	at org.junit.runners.model.FrameworkMethod$1.runReflectiveCall(FrameworkMethod.java:47)
	at org.junit.internal.runners.model.ReflectiveCallable.run(ReflectiveCallable.java:12)
	at org.junit.runners.model.FrameworkMethod.invokeExplosively(FrameworkMethod.java:44)
	at org.junit.internal.runners.statements.RunBefores.evaluate(RunBefores.java:24)
	at org.junit.internal.runners.statements.RunAfters.evaluate(RunAfters.java:27)
	at org.junit.runners.ParentRunner.run(ParentRunner.java:309)
	at org.apache.maven.surefire.junit4.JUnit4Provider.execute(JUnit4Provider.java:365)
	at org.apache.maven.surefire.junit4.JUnit4Provider.executeWithRerun(JUnit4Provider.java:273)
	at org.apache.maven.surefire.junit4.JUnit4Provider.executeTestSet(JUnit4Provider.java:238)
	at org.apache.maven.surefire.junit4.JUnit4Provider.invoke(JUnit4Provider.java:159)
	at org.apache.maven.surefire.booter.ForkedBooter.invokeProviderInSameClassLoader(ForkedBooter.java:384)
	at org.apache.maven.surefire.booter.ForkedBooter.runSuitesInProcess(ForkedBooter.java:345)
	at org.apache.maven.surefire.booter.ForkedBooter.execute(ForkedBooter.java:126)
	at org.apache.maven.surefire.booter.ForkedBooter.main(ForkedBooter.java:418)
</error>
    <system-out><![CDATA[2019-09-12 10:16:41,648 [main] WARN  server.ServerUtils (ServerUtils.java:getScmDbDir(145)) - ozone.scm.db.dirs is not configured. We recommend adding this setting. Falling back to ozone.metadata.dirs instead.
2019-09-12 10:16:41,763 [main] WARN  server.ServerUtils (ServerUtils.java:getScmDbDir(145)) - ozone.scm.db.dirs is not configured. We recommend adding this setting. Falling back to ozone.metadata.dirs instead.
2019-09-12 10:16:41,767 [main] WARN  server.ServerUtils (ServerUtils.java:getScmDbDir(145)) - ozone.scm.db.dirs is not configured. We recommend adding this setting. Falling back to ozone.metadata.dirs instead.
2019-09-12 10:16:41,787 [main] INFO  util.log (Log.java:initialized(192)) - Logging initialized @989ms
2019-09-12 10:16:41,897 [main] INFO  db.DBStoreBuilder (DBStoreBuilder.java:addTable(110)) - using custom profile for table: deletedBlocks
2019-09-12 10:16:41,898 [main] INFO  db.DBStoreBuilder (DBStoreBuilder.java:processTables(161)) - Using default column profile:DBProfile.DISK for Table:deletedBlocks
2019-09-12 10:16:41,898 [main] INFO  db.DBStoreBuilder (DBStoreBuilder.java:addTable(110)) - using custom profile for table: validCerts
2019-09-12 10:16:41,899 [main] INFO  db.DBStoreBuilder (DBStoreBuilder.java:processTables(161)) - Using default column profile:DBProfile.DISK for Table:validCerts
2019-09-12 10:16:41,899 [main] INFO  db.DBStoreBuilder (DBStoreBuilder.java:addTable(110)) - using custom profile for table: revokedCerts
2019-09-12 10:16:41,900 [main] INFO  db.DBStoreBuilder (DBStoreBuilder.java:processTables(161)) - Using default column profile:DBProfile.DISK for Table:revokedCerts
2019-09-12 10:16:41,913 [main] INFO  db.DBStoreBuilder (DBStoreBuilder.java:addTable(110)) - using custom profile for table: default
2019-09-12 10:16:41,913 [main] INFO  db.DBStoreBuilder (DBStoreBuilder.java:processTables(167)) - Using default column profile:DBProfile.DISK for Table:default
2019-09-12 10:16:41,914 [main] INFO  db.DBStoreBuilder (DBStoreBuilder.java:getDbProfile(198)) - Using default options. DBProfile.DISK
2019-09-12 10:16:42,123 [main] INFO  net.NodeSchemaLoader (NodeSchemaLoader.java:loadSchemaFromFile(125)) - Loading file from sun.misc.CompoundEnumeration@243c4f91
2019-09-12 10:16:42,126 [main] INFO  net.NodeSchemaLoader (NodeSchemaLoader.java:loadSchema(171)) - Loading network topology layer schema file
2019-09-12 10:16:42,216 [main] INFO  node.SCMNodeManager (SCMNodeManager.java:<init>(121)) - Entering startup safe mode.
2019-09-12 10:16:42,288 [main] INFO  algorithms.ContainerPlacementPolicyFactory (ContainerPlacementPolicyFactory.java:getPolicy(56)) - Create container placement policy of type org.apache.hadoop.hdds.scm.container.placement.algorithms.SCMContainerPlacementRandom
2019-09-12 10:16:42,303 [main] WARN  server.ServerUtils (ServerUtils.java:getScmDbDir(145)) - ozone.scm.db.dirs is not configured. We recommend adding this setting. Falling back to ozone.metadata.dirs instead.
2019-09-12 10:16:42,363 [main] INFO  pipeline.SCMPipelineManager (SCMPipelineManager.java:initializePipelineState(126)) - No pipeline exists in current db
2019-09-12 10:16:42,366 [main] WARN  server.ServerUtils (ServerUtils.java:getScmDbDir(145)) - ozone.scm.db.dirs is not configured. We recommend adding this setting. Falling back to ozone.metadata.dirs instead.
2019-09-12 10:16:42,489 [main] WARN  events.EventQueue (EventQueue.java:fireEvent(175)) - No event handler registered for event TypedEvent{payloadType=SafeModeStatus, name='SafeModeStatus'}
2019-09-12 10:16:42,956 [main] INFO  ipc.CallQueueManager (CallQueueManager.java:<init>(84)) - Using callQueue: class java.util.concurrent.LinkedBlockingQueue, queueCapacity: 2000, scheduler: class org.apache.hadoop.ipc.DefaultRpcScheduler, ipcBackoff: false.
2019-09-12 10:16:43,311 [Socket Reader #1 for port 39331] INFO  ipc.Server (Server.java:run(1074)) - Starting Socket Reader #1 for port 39331
2019-09-12 10:16:43,343 [main] INFO  ipc.CallQueueManager (CallQueueManager.java:<init>(84)) - Using callQueue: class java.util.concurrent.LinkedBlockingQueue, queueCapacity: 2000, scheduler: class org.apache.hadoop.ipc.DefaultRpcScheduler, ipcBackoff: false.
2019-09-12 10:16:43,344 [Socket Reader #1 for port 44401] INFO  ipc.Server (Server.java:run(1074)) - Starting Socket Reader #1 for port 44401
2019-09-12 10:16:43,353 [main] INFO  ipc.CallQueueManager (CallQueueManager.java:<init>(84)) - Using callQueue: class java.util.concurrent.LinkedBlockingQueue, queueCapacity: 2000, scheduler: class org.apache.hadoop.ipc.DefaultRpcScheduler, ipcBackoff: false.
2019-09-12 10:16:43,354 [Socket Reader #1 for port 37358] INFO  ipc.Server (Server.java:run(1074)) - Starting Socket Reader #1 for port 37358
2019-09-12 10:16:43,376 [main] INFO  hdfs.DFSUtil (DFSUtil.java:httpServerTemplateForNNAndJN(1641)) - Starting Web-server for scm at: http://0.0.0.0:0
2019-09-12 10:16:43,543 [main] INFO  server.AuthenticationFilter (AuthenticationFilter.java:constructSecretProvider(240)) - Unable to initialize FileSignerSecretProvider, falling back to use random secrets.
2019-09-12 10:16:43,551 [main] WARN  http.HttpRequestLog (HttpRequestLog.java:getRequestLog(97)) - Jetty request log can only be enabled using Log4j
2019-09-12 10:16:43,559 [main] INFO  http.HttpServer2 (HttpServer2.java:addGlobalFilter(975)) - Added global filter 'safety' (class=org.apache.hadoop.http.HttpServer2$QuotingInputFilter)
2019-09-12 10:16:43,562 [main] INFO  http.HttpServer2 (HttpServer2.java:addFilter(948)) - Added filter static_user_filter (class=org.apache.hadoop.http.lib.StaticUserWebFilter$StaticUserFilter) to context scm
2019-09-12 10:16:43,562 [main] INFO  http.HttpServer2 (HttpServer2.java:addFilter(958)) - Added filter static_user_filter (class=org.apache.hadoop.http.lib.StaticUserWebFilter$StaticUserFilter) to context static
2019-09-12 10:16:43,563 [main] INFO  http.HttpServer2 (HttpServer2.java:addFilter(958)) - Added filter static_user_filter (class=org.apache.hadoop.http.lib.StaticUserWebFilter$StaticUserFilter) to context logs
2019-09-12 10:16:43,591 [main] INFO  server.StorageContainerManager (StorageContainerManager.java:start(759)) - StorageContainerLocationProtocol RPC server is listening at /0.0.0.0:37358
2019-09-12 10:16:43,653 [main] WARN  impl.MetricsConfig (MetricsConfig.java:loadFirst(134)) - Cannot locate configuration: tried hadoop-metrics2-storagecontainermanager.properties,hadoop-metrics2.properties
2019-09-12 10:16:43,666 [main] INFO  impl.MetricsSystemImpl (MetricsSystemImpl.java:startTimer(374)) - Scheduled Metric snapshot period at 10 second(s).
2019-09-12 10:16:43,666 [main] INFO  impl.MetricsSystemImpl (MetricsSystemImpl.java:start(191)) - StorageContainerManager metrics system started
2019-09-12 10:16:43,949 [main] INFO  server.SCMClientProtocolServer (SCMClientProtocolServer.java:start(151)) - RPC server for Client  is listening at /0.0.0.0:37358
2019-09-12 10:16:43,950 [IPC Server listener on 37358] INFO  ipc.Server (Server.java:run(1153)) - IPC Server listener on 37358: starting
2019-09-12 10:16:43,950 [IPC Server Responder] INFO  ipc.Server (Server.java:run(1314)) - IPC Server Responder: starting
2019-09-12 10:16:43,953 [main] INFO  server.StorageContainerManager (StorageContainerManager.java:start(769)) - ScmBlockLocationProtocol RPC server is listening at /0.0.0.0:44401
2019-09-12 10:16:43,954 [main] INFO  server.SCMBlockProtocolServer (SCMBlockProtocolServer.java:start(140)) - RPC server for Block Protocol is listening at /0.0.0.0:44401
2019-09-12 10:16:43,954 [IPC Server Responder] INFO  ipc.Server (Server.java:run(1314)) - IPC Server Responder: starting
2019-09-12 10:16:43,954 [IPC Server listener on 44401] INFO  ipc.Server (Server.java:run(1153)) - IPC Server listener on 44401: starting
2019-09-12 10:16:43,957 [main] INFO  server.StorageContainerManager (StorageContainerManager.java:start(773)) - ScmDatanodeProtocl RPC server is listening at /0.0.0.0:39331
2019-09-12 10:16:43,957 [main] INFO  server.SCMDatanodeProtocolServer (SCMDatanodeProtocolServer.java:start(191)) - RPC server for DataNodes is listening at /0.0.0.0:39331
2019-09-12 10:16:43,958 [IPC Server listener on 39331] INFO  ipc.Server (Server.java:run(1153)) - IPC Server listener on 39331: starting
2019-09-12 10:16:43,958 [IPC Server Responder] INFO  ipc.Server (Server.java:run(1314)) - IPC Server Responder: starting
2019-09-12 10:16:43,966 [main] INFO  http.HttpServer2 (HttpServer2.java:bindListener(1191)) - Jetty bound to port 43060
2019-09-12 10:16:43,968 [main] INFO  server.Server (Server.java:doStart(351)) - jetty-9.3.24.v20180605, build timestamp: 2018-06-05T17:11:56Z, git hash: 84205aa28f11a4f31f2a3b86d1bba2cc8ab69827
2019-09-12 10:16:44,027 [main] INFO  handler.ContextHandler (ContextHandler.java:doStart(781)) - Started o.e.j.s.ServletContextHandler@1755e85b{/logs,file:///workdir/hadoop-ozone/integration-test/target/log,AVAILABLE}
2019-09-12 10:16:44,028 [main] INFO  handler.ContextHandler (ContextHandler.java:doStart(781)) - Started o.e.j.s.ServletContextHandler@2371aaca{/static,file:///workdir/hadoop-ozone/integration-test/target/test-classes/webapps/static,AVAILABLE}
2019-09-12 10:16:44,073 [main] INFO  handler.ContextHandler (ContextHandler.java:doStart(781)) - Started o.e.j.w.WebAppContext@51768776{/,file:///workdir/hadoop-ozone/integration-test/target/test-classes/webapps/scm/,AVAILABLE}{/scm}
2019-09-12 10:16:44,080 [main] INFO  server.AbstractConnector (AbstractConnector.java:doStart(278)) - Started ServerConnector@30b34287{HTTP/1.1,[http/1.1]}{0.0.0.0:43060}
2019-09-12 10:16:44,080 [main] INFO  server.Server (Server.java:doStart(419)) - Started @3283ms
2019-09-12 10:16:44,082 [main] INFO  server.BaseHttpServer (BaseHttpServer.java:updateConnectorAddress(213)) - HTTP server of SCM is listening at http://0.0.0.0:43060
2019-09-12 10:16:44,087 [org.apache.hadoop.util.JvmPauseMonitor$Monitor@41200e0c] INFO  util.JvmPauseMonitor (JvmPauseMonitor.java:run(188)) - Starting JVM pause monitor
2019-09-12 10:16:44,091 [main] WARN  server.ServerUtils (ServerUtils.java:getDBPath(222)) - ozone.om.db.dirs is not configured. We recommend adding this setting. Falling back to ozone.metadata.dirs instead.
2019-09-12 10:16:44,209 [main] WARN  server.ServerUtils (ServerUtils.java:getDBPath(222)) - ozone.om.db.dirs is not configured. We recommend adding this setting. Falling back to ozone.metadata.dirs instead.
2019-09-12 10:16:44,210 [main] WARN  server.ServerUtils (ServerUtils.java:getDBPath(222)) - ozone.om.db.dirs is not configured. We recommend adding this setting. Falling back to ozone.metadata.dirs instead.
2019-09-12 10:16:44,211 [main] INFO  om.OzoneManager (OzoneManager.java:setOMNodeDetails(645)) - OM Service ID is not set. Setting it to the default ID: omServiceIdDefault
2019-09-12 10:16:44,211 [main] INFO  om.OzoneManager (OzoneManager.java:setOMNodeDetails(651)) - OM Node ID is not set. Setting it to the OmStorage's OmID: c23efa04-0dd0-4dd3-b402-3f7120bc26ee
2019-09-12 10:16:44,213 [main] INFO  om.OzoneManager (OzoneManager.java:loadOMHAConfigs(602)) - Found matching OM address with OMServiceId: null, OMNodeId: null, RPC Address: localhost:0 and Ratis port: 9872
2019-09-12 10:16:44,476 | INFO  | SCMAudit | user=jenkins1000 | ip=192.168.157.195 | op=GET_SCM_INFO null | ret=SUCCESS |  
2019-09-12 10:16:45,045 [main] WARN  server.ServerUtils (ServerUtils.java:getDBPath(222)) - ozone.om.db.dirs is not configured. We recommend adding this setting. Falling back to ozone.metadata.dirs instead.
2019-09-12 10:16:45,054 [main] INFO  db.DBStoreBuilder (DBStoreBuilder.java:addTable(110)) - using custom profile for table: userTable
2019-09-12 10:16:45,054 [main] INFO  db.DBStoreBuilder (DBStoreBuilder.java:processTables(161)) - Using default column profile:DBProfile.DISK for Table:userTable
2019-09-12 10:16:45,054 [main] INFO  db.DBStoreBuilder (DBStoreBuilder.java:addTable(110)) - using custom profile for table: volumeTable
2019-09-12 10:16:45,055 [main] INFO  db.DBStoreBuilder (DBStoreBuilder.java:processTables(161)) - Using default column profile:DBProfile.DISK for Table:volumeTable
2019-09-12 10:16:45,055 [main] INFO  db.DBStoreBuilder (DBStoreBuilder.java:addTable(110)) - using custom profile for table: bucketTable
2019-09-12 10:16:45,055 [main] INFO  db.DBStoreBuilder (DBStoreBuilder.java:processTables(161)) - Using default column profile:DBProfile.DISK for Table:bucketTable
2019-09-12 10:16:45,055 [main] INFO  db.DBStoreBuilder (DBStoreBuilder.java:addTable(110)) - using custom profile for table: keyTable
2019-09-12 10:16:45,056 [main] INFO  db.DBStoreBuilder (DBStoreBuilder.java:processTables(161)) - Using default column profile:DBProfile.DISK for Table:keyTable
2019-09-12 10:16:45,056 [main] INFO  db.DBStoreBuilder (DBStoreBuilder.java:addTable(110)) - using custom profile for table: deletedTable
2019-09-12 10:16:45,056 [main] INFO  db.DBStoreBuilder (DBStoreBuilder.java:processTables(161)) - Using default column profile:DBProfile.DISK for Table:deletedTable
2019-09-12 10:16:45,056 [main] INFO  db.DBStoreBuilder (DBStoreBuilder.java:addTable(110)) - using custom profile for table: openKeyTable
2019-09-12 10:16:45,057 [main] INFO  db.DBStoreBuilder (DBStoreBuilder.java:processTables(161)) - Using default column profile:DBProfile.DISK for Table:openKeyTable
2019-09-12 10:16:45,057 [main] INFO  db.DBStoreBuilder (DBStoreBuilder.java:addTable(110)) - using custom profile for table: s3Table
2019-09-12 10:16:45,057 [main] INFO  db.DBStoreBuilder (DBStoreBuilder.java:processTables(161)) - Using default column profile:DBProfile.DISK for Table:s3Table
2019-09-12 10:16:45,058 [main] INFO  db.DBStoreBuilder (DBStoreBuilder.java:addTable(110)) - using custom profile for table: multipartInfoTable
2019-09-12 10:16:45,058 [main] INFO  db.DBStoreBuilder (DBStoreBuilder.java:processTables(161)) - Using default column profile:DBProfile.DISK for Table:multipartInfoTable
2019-09-12 10:16:45,058 [main] INFO  db.DBStoreBuilder (DBStoreBuilder.java:addTable(110)) - using custom profile for table: dTokenTable
2019-09-12 10:16:45,058 [main] INFO  db.DBStoreBuilder (DBStoreBuilder.java:processTables(161)) - Using default column profile:DBProfile.DISK for Table:dTokenTable
2019-09-12 10:16:45,059 [main] INFO  db.DBStoreBuilder (DBStoreBuilder.java:addTable(110)) - using custom profile for table: s3SecretTable
2019-09-12 10:16:45,059 [main] INFO  db.DBStoreBuilder (DBStoreBuilder.java:processTables(161)) - Using default column profile:DBProfile.DISK for Table:s3SecretTable
2019-09-12 10:16:45,059 [main] INFO  db.DBStoreBuilder (DBStoreBuilder.java:addTable(110)) - using custom profile for table: prefixTable
2019-09-12 10:16:45,059 [main] INFO  db.DBStoreBuilder (DBStoreBuilder.java:processTables(161)) - Using default column profile:DBProfile.DISK for Table:prefixTable
2019-09-12 10:16:45,060 [main] INFO  db.DBStoreBuilder (DBStoreBuilder.java:addTable(110)) - using custom profile for table: default
2019-09-12 10:16:45,060 [main] INFO  db.DBStoreBuilder (DBStoreBuilder.java:processTables(167)) - Using default column profile:DBProfile.DISK for Table:default
2019-09-12 10:16:45,060 [main] INFO  db.DBStoreBuilder (DBStoreBuilder.java:getDbProfile(198)) - Using default options. DBProfile.DISK
2019-09-12 10:16:45,588 [main] INFO  ipc.CallQueueManager (CallQueueManager.java:<init>(84)) - Using callQueue: class java.util.concurrent.LinkedBlockingQueue, queueCapacity: 2000, scheduler: class org.apache.hadoop.ipc.DefaultRpcScheduler, ipcBackoff: false.
2019-09-12 10:16:45,589 [Socket Reader #1 for port 38606] INFO  ipc.Server (Server.java:run(1074)) - Starting Socket Reader #1 for port 38606
2019-09-12 10:16:45,609 [main] INFO  om.OzoneManager (OzoneManager.java:start(1256)) - OzoneManager RPC server is listening at localhost/127.0.0.1:38606
2019-09-12 10:16:45,609 [main] INFO  impl.MetricsSystemImpl (MetricsSystemImpl.java:init(158)) - OzoneManager metrics system started (again)
2019-09-12 10:16:45,611 [IPC Server listener on 38606] INFO  ipc.Server (Server.java:run(1153)) - IPC Server listener on 38606: starting
2019-09-12 10:16:45,611 [IPC Server Responder] INFO  ipc.Server (Server.java:run(1314)) - IPC Server Responder: starting
2019-09-12 10:16:45,617 [main] INFO  hdfs.DFSUtil (DFSUtil.java:httpServerTemplateForNNAndJN(1641)) - Starting Web-server for ozoneManager at: http://0.0.0.0:0
2019-09-12 10:16:45,619 [main] INFO  server.AuthenticationFilter (AuthenticationFilter.java:constructSecretProvider(240)) - Unable to initialize FileSignerSecretProvider, falling back to use random secrets.
2019-09-12 10:16:45,620 [main] WARN  http.HttpRequestLog (HttpRequestLog.java:getRequestLog(97)) - Jetty request log can only be enabled using Log4j
2019-09-12 10:16:45,630 [main] INFO  http.HttpServer2 (HttpServer2.java:addGlobalFilter(975)) - Added global filter 'safety' (class=org.apache.hadoop.http.HttpServer2$QuotingInputFilter)
2019-09-12 10:16:45,634 [main] INFO  http.HttpServer2 (HttpServer2.java:addFilter(948)) - Added filter static_user_filter (class=org.apache.hadoop.http.lib.StaticUserWebFilter$StaticUserFilter) to context ozoneManager
2019-09-12 10:16:45,634 [main] INFO  http.HttpServer2 (HttpServer2.java:addFilter(958)) - Added filter static_user_filter (class=org.apache.hadoop.http.lib.StaticUserWebFilter$StaticUserFilter) to context static
2019-09-12 10:16:45,635 [main] INFO  http.HttpServer2 (HttpServer2.java:addFilter(958)) - Added filter static_user_filter (class=org.apache.hadoop.http.lib.StaticUserWebFilter$StaticUserFilter) to context logs
2019-09-12 10:16:45,643 [main] INFO  http.HttpServer2 (HttpServer2.java:bindListener(1191)) - Jetty bound to port 38313
2019-09-12 10:16:45,644 [main] INFO  server.Server (Server.java:doStart(351)) - jetty-9.3.24.v20180605, build timestamp: 2018-06-05T17:11:56Z, git hash: 84205aa28f11a4f31f2a3b86d1bba2cc8ab69827
2019-09-12 10:16:45,648 [main] INFO  handler.ContextHandler (ContextHandler.java:doStart(781)) - Started o.e.j.s.ServletContextHandler@325bb9a6{/logs,file:///workdir/hadoop-ozone/integration-test/target/log,AVAILABLE}
2019-09-12 10:16:45,649 [main] INFO  handler.ContextHandler (ContextHandler.java:doStart(781)) - Started o.e.j.s.ServletContextHandler@72fe8a4f{/static,file:///workdir/hadoop-ozone/integration-test/target/test-classes/webapps/static,AVAILABLE}
2019-09-12 10:16:45,658 [main] INFO  handler.ContextHandler (ContextHandler.java:doStart(781)) - Started o.e.j.w.WebAppContext@65bb9029{/,file:///workdir/hadoop-ozone/integration-test/target/test-classes/webapps/ozoneManager/,AVAILABLE}{/ozoneManager}
2019-09-12 10:16:45,663 [main] INFO  server.AbstractConnector (AbstractConnector.java:doStart(278)) - Started ServerConnector@1bfe3203{HTTP/1.1,[http/1.1]}{0.0.0.0:38313}
2019-09-12 10:16:45,666 [main] INFO  server.Server (Server.java:doStart(419)) - Started @4868ms
2019-09-12 10:16:45,667 [main] INFO  server.BaseHttpServer (BaseHttpServer.java:updateConnectorAddress(213)) - HTTP server of OZONEMANAGER is listening at http://0.0.0.0:38313
2019-09-12 10:16:46,093 [main] INFO  impl.MetricsSystemImpl (MetricsSystemImpl.java:init(158)) - HddsDatanode metrics system started (again)
2019-09-12 10:16:46,191 [main] INFO  ozone.HddsDatanodeService (HddsDatanodeService.java:start(184)) - HddsDatanodeService host:pr-hdds-1569-xtfnx-3545843844 ip:192.168.157.195
2019-09-12 10:16:46,228 [main] INFO  volume.HddsVolume (HddsVolume.java:<init>(176)) - Creating Volume: /workdir/hadoop-ozone/integration-test/target/test-dir/MiniOzoneClusterImpl-07260cbc-78d8-43ad-9b31-a55aa369dc3b/datanode-0/data/containers/hdds of  storage type : DISK and capacity : 1482555576320
2019-09-12 10:16:46,231 [main] INFO  volume.VolumeSet (VolumeSet.java:initializeVolumeSet(170)) - Added Volume : /workdir/hadoop-ozone/integration-test/target/test-dir/MiniOzoneClusterImpl-07260cbc-78d8-43ad-9b31-a55aa369dc3b/datanode-0/data/containers/hdds to VolumeSet
2019-09-12 10:16:46,234 [main] INFO  volume.ThrottledAsyncChecker (ThrottledAsyncChecker.java:schedule(140)) - Scheduling a check for org.apache.hadoop.ozone.container.common.volume.HddsVolume@4ab550d5
2019-09-12 10:16:46,254 [main] INFO  volume.HddsVolumeChecker (HddsVolumeChecker.java:checkAllVolumes(203)) - Scheduled health check for volume org.apache.hadoop.ozone.container.common.volume.HddsVolume@4ab550d5
2019-09-12 10:16:46,359 [main] INFO  impl.RaftServerProxy (ConfUtils.java:logGet(43)) - raft.rpc.type = GRPC (default)
2019-09-12 10:16:46,409 [main] INFO  grpc.GrpcFactory (GrpcFactory.java:checkPooledByteBufAllocatorUseCacheForAllThreads(45)) - PERFORMANCE WARNING: useCacheForAllThreads is true that may cause Netty to create a lot garbage objects and, as a result, trigger GC.
	It is recommended to disable useCacheForAllThreads by setting -Dorg.apache.ratis.thirdparty.io.netty.allocator.useCacheForAllThreads=false in command line.
2019-09-12 10:16:46,413 [main] INFO  grpc.GrpcConfigKeys$Server (ConfUtils.java:logGet(43)) - raft.grpc.server.port = 0 (default)
2019-09-12 10:16:46,414 [main] INFO  server.GrpcService (ConfUtils.java:logGet(43)) - raft.grpc.message.size.max = 33570816 (custom)
2019-09-12 10:16:46,415 [main] INFO  server.RaftServerConfigKeys (ConfUtils.java:logGet(43)) - raft.server.log.appender.buffer.byte-limit = 33554432 (custom)
2019-09-12 10:16:46,415 [main] INFO  server.GrpcService (ConfUtils.java:logGet(43)) - raft.grpc.flow.control.window = 1MB (=1048576) (default)
2019-09-12 10:16:46,416 [main] INFO  server.RaftServerConfigKeys (ConfUtils.java:logGet(43)) - raft.server.rpc.request.timeout = 3000ms (default)
2019-09-12 10:16:46,563 [main] INFO  server.RaftServerConfigKeys (ConfUtils.java:logGet(43)) - raft.server.storage.dir = [/workdir/hadoop-ozone/integration-test/target/test-dir/MiniOzoneClusterImpl-07260cbc-78d8-43ad-9b31-a55aa369dc3b/datanode-0/data/ratis] (custom)
2019-09-12 10:16:46,606 [main] INFO  replication.SimpleContainerDownloader (SimpleContainerDownloader.java:<init>(72)) - Starting container downloader service to copy containers to replicate.
2019-09-12 10:16:46,620 [main] INFO  hdfs.DFSUtil (DFSUtil.java:httpServerTemplateForNNAndJN(1641)) - Starting Web-server for hddsDatanode at: http://0.0.0.0:0
2019-09-12 10:16:46,622 [main] INFO  server.AuthenticationFilter (AuthenticationFilter.java:constructSecretProvider(240)) - Unable to initialize FileSignerSecretProvider, falling back to use random secrets.
2019-09-12 10:16:46,623 [main] WARN  http.HttpRequestLog (HttpRequestLog.java:getRequestLog(97)) - Jetty request log can only be enabled using Log4j
2019-09-12 10:16:46,626 [main] INFO  http.HttpServer2 (HttpServer2.java:addGlobalFilter(975)) - Added global filter 'safety' (class=org.apache.hadoop.http.HttpServer2$QuotingInputFilter)
2019-09-12 10:16:46,627 [main] INFO  http.HttpServer2 (HttpServer2.java:addFilter(948)) - Added filter static_user_filter (class=org.apache.hadoop.http.lib.StaticUserWebFilter$StaticUserFilter) to context hddsDatanode
2019-09-12 10:16:46,628 [main] INFO  http.HttpServer2 (HttpServer2.java:addFilter(958)) - Added filter static_user_filter (class=org.apache.hadoop.http.lib.StaticUserWebFilter$StaticUserFilter) to context logs
2019-09-12 10:16:46,628 [main] INFO  http.HttpServer2 (HttpServer2.java:addFilter(958)) - Added filter static_user_filter (class=org.apache.hadoop.http.lib.StaticUserWebFilter$StaticUserFilter) to context static
2019-09-12 10:16:46,629 [main] INFO  http.HttpServer2 (HttpServer2.java:bindListener(1191)) - Jetty bound to port 39506
2019-09-12 10:16:46,630 [main] INFO  server.Server (Server.java:doStart(351)) - jetty-9.3.24.v20180605, build timestamp: 2018-06-05T17:11:56Z, git hash: 84205aa28f11a4f31f2a3b86d1bba2cc8ab69827
2019-09-12 10:16:46,632 [main] INFO  handler.ContextHandler (ContextHandler.java:doStart(781)) - Started o.e.j.s.ServletContextHandler@3f0d6038{/logs,file:///workdir/hadoop-ozone/integration-test/target/log,AVAILABLE}
2019-09-12 10:16:46,633 [main] INFO  handler.ContextHandler (ContextHandler.java:doStart(781)) - Started o.e.j.s.ServletContextHandler@58f39564{/static,jar:file:/home/user/.m2/repository/org/apache/hadoop/hadoop-hdds-container-service/0.5.0-SNAPSHOT/hadoop-hdds-container-service-0.5.0-SNAPSHOT.jar!/webapps/static,AVAILABLE}
2019-09-12 10:16:46,680 [main] INFO  handler.ContextHandler (ContextHandler.java:doStart(781)) - Started o.e.j.w.WebAppContext@4f89331f{/,file:///tmp/jetty-0.0.0.0-39506-hddsDatanode-_-any-6922797862657668290.dir/webapp/,AVAILABLE}{/hddsDatanode}
2019-09-12 10:16:46,680 [main] INFO  server.AbstractConnector (AbstractConnector.java:doStart(278)) - Started ServerConnector@618ff5c2{HTTP/1.1,[http/1.1]}{0.0.0.0:39506}
2019-09-12 10:16:46,681 [main] INFO  server.Server (Server.java:doStart(419)) - Started @5883ms
2019-09-12 10:16:46,683 [main] INFO  server.BaseHttpServer (BaseHttpServer.java:updateConnectorAddress(213)) - HTTP server of HDDSDATANODE is listening at http://0.0.0.0:39506
2019-09-12 10:16:47,736 | INFO  | ObjectStoreRestHttpServer | Listening HDDS REST traffic on /0.0.0.0:37145 |  
2019-09-12 10:16:47,737 [main] INFO  ozone.HddsDatanodeService (HddsDatanodeService.java:startPlugins(395)) - Started plug-in org.apache.hadoop.ozone.web.OzoneHddsDatanodeService@68a305eb
2019-09-12 10:16:47,738 [main] INFO  impl.MetricsSystemImpl (MetricsSystemImpl.java:init(158)) - HddsDatanode metrics system started (again)
2019-09-12 10:16:47,741 [main] INFO  ozone.HddsDatanodeService (HddsDatanodeService.java:start(184)) - HddsDatanodeService host:pr-hdds-1569-xtfnx-3545843844 ip:192.168.157.195
2019-09-12 10:16:47,744 [org.apache.hadoop.util.JvmPauseMonitor$Monitor@4d42d2a0] INFO  util.JvmPauseMonitor (JvmPauseMonitor.java:run(188)) - Starting JVM pause monitor
2019-09-12 10:16:47,751 [main] INFO  volume.HddsVolume (HddsVolume.java:<init>(176)) - Creating Volume: /workdir/hadoop-ozone/integration-test/target/test-dir/MiniOzoneClusterImpl-07260cbc-78d8-43ad-9b31-a55aa369dc3b/datanode-1/data/containers/hdds of  storage type : DISK and capacity : 1482555576320
2019-09-12 10:16:47,752 [main] INFO  volume.VolumeSet (VolumeSet.java:initializeVolumeSet(170)) - Added Volume : /workdir/hadoop-ozone/integration-test/target/test-dir/MiniOzoneClusterImpl-07260cbc-78d8-43ad-9b31-a55aa369dc3b/datanode-1/data/containers/hdds to VolumeSet
2019-09-12 10:16:47,752 [main] INFO  volume.ThrottledAsyncChecker (ThrottledAsyncChecker.java:schedule(140)) - Scheduling a check for org.apache.hadoop.ozone.container.common.volume.HddsVolume@6f6cc7da
2019-09-12 10:16:47,754 [main] INFO  volume.HddsVolumeChecker (HddsVolumeChecker.java:checkAllVolumes(203)) - Scheduled health check for volume org.apache.hadoop.ozone.container.common.volume.HddsVolume@6f6cc7da
2019-09-12 10:16:47,782 [main] INFO  impl.RaftServerProxy (ConfUtils.java:logGet(43)) - raft.rpc.type = GRPC (default)
2019-09-12 10:16:47,783 [main] INFO  grpc.GrpcFactory (GrpcFactory.java:checkPooledByteBufAllocatorUseCacheForAllThreads(45)) - PERFORMANCE WARNING: useCacheForAllThreads is true that may cause Netty to create a lot garbage objects and, as a result, trigger GC.
	It is recommended to disable useCacheForAllThreads by setting -Dorg.apache.ratis.thirdparty.io.netty.allocator.useCacheForAllThreads=false in command line.
2019-09-12 10:16:47,783 [main] INFO  grpc.GrpcConfigKeys$Server (ConfUtils.java:logGet(43)) - raft.grpc.server.port = 0 (default)
2019-09-12 10:16:47,783 [main] INFO  server.GrpcService (ConfUtils.java:logGet(43)) - raft.grpc.message.size.max = 33570816 (custom)
2019-09-12 10:16:47,784 [main] INFO  server.RaftServerConfigKeys (ConfUtils.java:logGet(43)) - raft.server.log.appender.buffer.byte-limit = 33554432 (custom)
2019-09-12 10:16:47,785 [main] INFO  server.GrpcService (ConfUtils.java:logGet(43)) - raft.grpc.flow.control.window = 1MB (=1048576) (default)
2019-09-12 10:16:47,785 [main] INFO  server.RaftServerConfigKeys (ConfUtils.java:logGet(43)) - raft.server.rpc.request.timeout = 3000ms (default)
2019-09-12 10:16:47,786 [main] INFO  server.RaftServerConfigKeys (ConfUtils.java:logGet(43)) - raft.server.storage.dir = [/workdir/hadoop-ozone/integration-test/target/test-dir/MiniOzoneClusterImpl-07260cbc-78d8-43ad-9b31-a55aa369dc3b/datanode-1/data/ratis] (custom)
2019-09-12 10:16:47,787 [main] INFO  replication.SimpleContainerDownloader (SimpleContainerDownloader.java:<init>(72)) - Starting container downloader service to copy containers to replicate.
2019-09-12 10:16:47,789 [main] INFO  hdfs.DFSUtil (DFSUtil.java:httpServerTemplateForNNAndJN(1641)) - Starting Web-server for hddsDatanode at: http://0.0.0.0:0
2019-09-12 10:16:47,791 [main] INFO  server.AuthenticationFilter (AuthenticationFilter.java:constructSecretProvider(240)) - Unable to initialize FileSignerSecretProvider, falling back to use random secrets.
2019-09-12 10:16:47,793 [main] WARN  http.HttpRequestLog (HttpRequestLog.java:getRequestLog(97)) - Jetty request log can only be enabled using Log4j
2019-09-12 10:16:47,796 [main] INFO  http.HttpServer2 (HttpServer2.java:addGlobalFilter(975)) - Added global filter 'safety' (class=org.apache.hadoop.http.HttpServer2$QuotingInputFilter)
2019-09-12 10:16:47,797 [main] INFO  http.HttpServer2 (HttpServer2.java:addFilter(948)) - Added filter static_user_filter (class=org.apache.hadoop.http.lib.StaticUserWebFilter$StaticUserFilter) to context hddsDatanode
2019-09-12 10:16:47,797 [main] INFO  http.HttpServer2 (HttpServer2.java:addFilter(958)) - Added filter static_user_filter (class=org.apache.hadoop.http.lib.StaticUserWebFilter$StaticUserFilter) to context logs
2019-09-12 10:16:47,798 [main] INFO  http.HttpServer2 (HttpServer2.java:addFilter(958)) - Added filter static_user_filter (class=org.apache.hadoop.http.lib.StaticUserWebFilter$StaticUserFilter) to context static
2019-09-12 10:16:47,799 [main] INFO  http.HttpServer2 (HttpServer2.java:bindListener(1191)) - Jetty bound to port 35665
2019-09-12 10:16:47,799 [main] INFO  server.Server (Server.java:doStart(351)) - jetty-9.3.24.v20180605, build timestamp: 2018-06-05T17:11:56Z, git hash: 84205aa28f11a4f31f2a3b86d1bba2cc8ab69827
2019-09-12 10:16:47,802 [main] INFO  handler.ContextHandler (ContextHandler.java:doStart(781)) - Started o.e.j.s.ServletContextHandler@7a83ccd2{/logs,file:///workdir/hadoop-ozone/integration-test/target/log,AVAILABLE}
2019-09-12 10:16:47,803 [main] INFO  handler.ContextHandler (ContextHandler.java:doStart(781)) - Started o.e.j.s.ServletContextHandler@599a9cb2{/static,jar:file:/home/user/.m2/repository/org/apache/hadoop/hadoop-hdds-container-service/0.5.0-SNAPSHOT/hadoop-hdds-container-service-0.5.0-SNAPSHOT.jar!/webapps/static,AVAILABLE}
2019-09-12 10:16:47,836 [main] INFO  handler.ContextHandler (ContextHandler.java:doStart(781)) - Started o.e.j.w.WebAppContext@2dd1086{/,file:///tmp/jetty-0.0.0.0-35665-hddsDatanode-_-any-7352966237190059081.dir/webapp/,AVAILABLE}{/hddsDatanode}
2019-09-12 10:16:47,837 [main] INFO  server.AbstractConnector (AbstractConnector.java:doStart(278)) - Started ServerConnector@6b8d54da{HTTP/1.1,[http/1.1]}{0.0.0.0:35665}
2019-09-12 10:16:47,838 [main] INFO  server.Server (Server.java:doStart(419)) - Started @7040ms
2019-09-12 10:16:47,839 [main] INFO  server.BaseHttpServer (BaseHttpServer.java:updateConnectorAddress(213)) - HTTP server of HDDSDATANODE is listening at http://0.0.0.0:35665
2019-09-12 10:16:47,879 [Datanode State Machine Thread - 0] INFO  datanode.InitDatanodeState (InitDatanodeState.java:persistContainerDatanodeDetails(140)) - DatanodeDetails is persisted to /workdir/hadoop-ozone/integration-test/target/test-dir/MiniOzoneClusterImpl-07260cbc-78d8-43ad-9b31-a55aa369dc3b/datanode-0/meta/datanode.id
2019-09-12 10:16:47,984 | INFO  | ObjectStoreRestHttpServer | Listening HDDS REST traffic on /0.0.0.0:43559 |  
2019-09-12 10:16:47,984 [main] INFO  ozone.HddsDatanodeService (HddsDatanodeService.java:startPlugins(395)) - Started plug-in org.apache.hadoop.ozone.web.OzoneHddsDatanodeService@7d3691e1
2019-09-12 10:16:47,984 [main] INFO  impl.MetricsSystemImpl (MetricsSystemImpl.java:init(158)) - HddsDatanode metrics system started (again)
2019-09-12 10:16:47,988 [org.apache.hadoop.util.JvmPauseMonitor$Monitor@2ee2d28c] INFO  util.JvmPauseMonitor (JvmPauseMonitor.java:run(188)) - Starting JVM pause monitor
2019-09-12 10:16:47,988 [main] INFO  ozone.HddsDatanodeService (HddsDatanodeService.java:start(184)) - HddsDatanodeService host:pr-hdds-1569-xtfnx-3545843844 ip:192.168.157.195
2019-09-12 10:16:47,995 [Datanode State Machine Thread - 0] INFO  datanode.InitDatanodeState (InitDatanodeState.java:persistContainerDatanodeDetails(140)) - DatanodeDetails is persisted to /workdir/hadoop-ozone/integration-test/target/test-dir/MiniOzoneClusterImpl-07260cbc-78d8-43ad-9b31-a55aa369dc3b/datanode-1/meta/datanode.id
2019-09-12 10:16:47,999 [main] INFO  volume.HddsVolume (HddsVolume.java:<init>(176)) - Creating Volume: /workdir/hadoop-ozone/integration-test/target/test-dir/MiniOzoneClusterImpl-07260cbc-78d8-43ad-9b31-a55aa369dc3b/datanode-2/data/containers/hdds of  storage type : DISK and capacity : 1482555576320
2019-09-12 10:16:48,002 [main] INFO  volume.VolumeSet (VolumeSet.java:initializeVolumeSet(170)) - Added Volume : /workdir/hadoop-ozone/integration-test/target/test-dir/MiniOzoneClusterImpl-07260cbc-78d8-43ad-9b31-a55aa369dc3b/datanode-2/data/containers/hdds to VolumeSet
2019-09-12 10:16:48,002 [main] INFO  volume.ThrottledAsyncChecker (ThrottledAsyncChecker.java:schedule(140)) - Scheduling a check for org.apache.hadoop.ozone.container.common.volume.HddsVolume@53a50b0a
2019-09-12 10:16:48,003 [main] INFO  volume.HddsVolumeChecker (HddsVolumeChecker.java:checkAllVolumes(203)) - Scheduled health check for volume org.apache.hadoop.ozone.container.common.volume.HddsVolume@53a50b0a
2019-09-12 10:16:48,022 [main] INFO  impl.RaftServerProxy (ConfUtils.java:logGet(43)) - raft.rpc.type = GRPC (default)
2019-09-12 10:16:48,022 [main] INFO  grpc.GrpcFactory (GrpcFactory.java:checkPooledByteBufAllocatorUseCacheForAllThreads(45)) - PERFORMANCE WARNING: useCacheForAllThreads is true that may cause Netty to create a lot garbage objects and, as a result, trigger GC.
	It is recommended to disable useCacheForAllThreads by setting -Dorg.apache.ratis.thirdparty.io.netty.allocator.useCacheForAllThreads=false in command line.
2019-09-12 10:16:48,023 [main] INFO  grpc.GrpcConfigKeys$Server (ConfUtils.java:logGet(43)) - raft.grpc.server.port = 0 (default)
2019-09-12 10:16:48,023 [main] INFO  server.GrpcService (ConfUtils.java:logGet(43)) - raft.grpc.message.size.max = 33570816 (custom)
2019-09-12 10:16:48,023 [main] INFO  server.RaftServerConfigKeys (ConfUtils.java:logGet(43)) - raft.server.log.appender.buffer.byte-limit = 33554432 (custom)
2019-09-12 10:16:48,023 [main] INFO  server.GrpcService (ConfUtils.java:logGet(43)) - raft.grpc.flow.control.window = 1MB (=1048576) (default)
2019-09-12 10:16:48,024 [main] INFO  server.RaftServerConfigKeys (ConfUtils.java:logGet(43)) - raft.server.rpc.request.timeout = 3000ms (default)
2019-09-12 10:16:48,024 [main] INFO  server.RaftServerConfigKeys (ConfUtils.java:logGet(43)) - raft.server.storage.dir = [/workdir/hadoop-ozone/integration-test/target/test-dir/MiniOzoneClusterImpl-07260cbc-78d8-43ad-9b31-a55aa369dc3b/datanode-2/data/ratis] (custom)
2019-09-12 10:16:48,025 [main] INFO  replication.SimpleContainerDownloader (SimpleContainerDownloader.java:<init>(72)) - Starting container downloader service to copy containers to replicate.
2019-09-12 10:16:48,026 [main] INFO  hdfs.DFSUtil (DFSUtil.java:httpServerTemplateForNNAndJN(1641)) - Starting Web-server for hddsDatanode at: http://0.0.0.0:0
2019-09-12 10:16:48,028 [main] INFO  server.AuthenticationFilter (AuthenticationFilter.java:constructSecretProvider(240)) - Unable to initialize FileSignerSecretProvider, falling back to use random secrets.
2019-09-12 10:16:48,028 [main] WARN  http.HttpRequestLog (HttpRequestLog.java:getRequestLog(97)) - Jetty request log can only be enabled using Log4j
2019-09-12 10:16:48,029 [main] INFO  http.HttpServer2 (HttpServer2.java:addGlobalFilter(975)) - Added global filter 'safety' (class=org.apache.hadoop.http.HttpServer2$QuotingInputFilter)
2019-09-12 10:16:48,030 [main] INFO  http.HttpServer2 (HttpServer2.java:addFilter(948)) - Added filter static_user_filter (class=org.apache.hadoop.http.lib.StaticUserWebFilter$StaticUserFilter) to context hddsDatanode
2019-09-12 10:16:48,030 [main] INFO  http.HttpServer2 (HttpServer2.java:addFilter(958)) - Added filter static_user_filter (class=org.apache.hadoop.http.lib.StaticUserWebFilter$StaticUserFilter) to context static
2019-09-12 10:16:48,030 [main] INFO  http.HttpServer2 (HttpServer2.java:addFilter(958)) - Added filter static_user_filter (class=org.apache.hadoop.http.lib.StaticUserWebFilter$StaticUserFilter) to context logs
2019-09-12 10:16:48,031 [main] INFO  http.HttpServer2 (HttpServer2.java:bindListener(1191)) - Jetty bound to port 34123
2019-09-12 10:16:48,031 [main] INFO  server.Server (Server.java:doStart(351)) - jetty-9.3.24.v20180605, build timestamp: 2018-06-05T17:11:56Z, git hash: 84205aa28f11a4f31f2a3b86d1bba2cc8ab69827
2019-09-12 10:16:48,033 [main] INFO  handler.ContextHandler (ContextHandler.java:doStart(781)) - Started o.e.j.s.ServletContextHandler@41def031{/logs,file:///workdir/hadoop-ozone/integration-test/target/log,AVAILABLE}
2019-09-12 10:16:48,034 [main] INFO  handler.ContextHandler (ContextHandler.java:doStart(781)) - Started o.e.j.s.ServletContextHandler@39832280{/static,jar:file:/home/user/.m2/repository/org/apache/hadoop/hadoop-hdds-container-service/0.5.0-SNAPSHOT/hadoop-hdds-container-service-0.5.0-SNAPSHOT.jar!/webapps/static,AVAILABLE}
2019-09-12 10:16:48,062 [main] INFO  handler.ContextHandler (ContextHandler.java:doStart(781)) - Started o.e.j.w.WebAppContext@8c0a23f{/,file:///tmp/jetty-0.0.0.0-34123-hddsDatanode-_-any-4833890302878255781.dir/webapp/,AVAILABLE}{/hddsDatanode}
2019-09-12 10:16:48,062 [main] INFO  server.AbstractConnector (AbstractConnector.java:doStart(278)) - Started ServerConnector@44d7e24{HTTP/1.1,[http/1.1]}{0.0.0.0:34123}
2019-09-12 10:16:48,063 [main] INFO  server.Server (Server.java:doStart(419)) - Started @7265ms
2019-09-12 10:16:48,064 [main] INFO  server.BaseHttpServer (BaseHttpServer.java:updateConnectorAddress(213)) - HTTP server of HDDSDATANODE is listening at http://0.0.0.0:34123
2019-09-12 10:16:48,205 | INFO  | ObjectStoreRestHttpServer | Listening HDDS REST traffic on /0.0.0.0:39083 |  
2019-09-12 10:16:48,205 [main] INFO  ozone.HddsDatanodeService (HddsDatanodeService.java:startPlugins(395)) - Started plug-in org.apache.hadoop.ozone.web.OzoneHddsDatanodeService@50bc3219
2019-09-12 10:16:48,206 [main] INFO  impl.MetricsSystemImpl (MetricsSystemImpl.java:init(158)) - HddsDatanode metrics system started (again)
2019-09-12 10:16:48,209 [main] INFO  ozone.HddsDatanodeService (HddsDatanodeService.java:start(184)) - HddsDatanodeService host:pr-hdds-1569-xtfnx-3545843844 ip:192.168.157.195
2019-09-12 10:16:48,210 [org.apache.hadoop.util.JvmPauseMonitor$Monitor@57a12831] INFO  util.JvmPauseMonitor (JvmPauseMonitor.java:run(188)) - Starting JVM pause monitor
2019-09-12 10:16:48,213 [Datanode State Machine Thread - 0] INFO  datanode.InitDatanodeState (InitDatanodeState.java:persistContainerDatanodeDetails(140)) - DatanodeDetails is persisted to /workdir/hadoop-ozone/integration-test/target/test-dir/MiniOzoneClusterImpl-07260cbc-78d8-43ad-9b31-a55aa369dc3b/datanode-2/meta/datanode.id
2019-09-12 10:16:48,218 [main] INFO  volume.HddsVolume (HddsVolume.java:<init>(176)) - Creating Volume: /workdir/hadoop-ozone/integration-test/target/test-dir/MiniOzoneClusterImpl-07260cbc-78d8-43ad-9b31-a55aa369dc3b/datanode-3/data/containers/hdds of  storage type : DISK and capacity : 1482555576320
2019-09-12 10:16:48,218 [main] INFO  volume.VolumeSet (VolumeSet.java:initializeVolumeSet(170)) - Added Volume : /workdir/hadoop-ozone/integration-test/target/test-dir/MiniOzoneClusterImpl-07260cbc-78d8-43ad-9b31-a55aa369dc3b/datanode-3/data/containers/hdds to VolumeSet
2019-09-12 10:16:48,218 [main] INFO  volume.ThrottledAsyncChecker (ThrottledAsyncChecker.java:schedule(140)) - Scheduling a check for org.apache.hadoop.ozone.container.common.volume.HddsVolume@2725ca05
2019-09-12 10:16:48,219 [main] INFO  volume.HddsVolumeChecker (HddsVolumeChecker.java:checkAllVolumes(203)) - Scheduled health check for volume org.apache.hadoop.ozone.container.common.volume.HddsVolume@2725ca05
2019-09-12 10:16:48,239 [main] INFO  impl.RaftServerProxy (ConfUtils.java:logGet(43)) - raft.rpc.type = GRPC (default)
2019-09-12 10:16:48,239 [main] INFO  grpc.GrpcFactory (GrpcFactory.java:checkPooledByteBufAllocatorUseCacheForAllThreads(45)) - PERFORMANCE WARNING: useCacheForAllThreads is true that may cause Netty to create a lot garbage objects and, as a result, trigger GC.
	It is recommended to disable useCacheForAllThreads by setting -Dorg.apache.ratis.thirdparty.io.netty.allocator.useCacheForAllThreads=false in command line.
2019-09-12 10:16:48,239 [main] INFO  grpc.GrpcConfigKeys$Server (ConfUtils.java:logGet(43)) - raft.grpc.server.port = 0 (default)
2019-09-12 10:16:48,240 [main] INFO  server.GrpcService (ConfUtils.java:logGet(43)) - raft.grpc.message.size.max = 33570816 (custom)
2019-09-12 10:16:48,240 [main] INFO  server.RaftServerConfigKeys (ConfUtils.java:logGet(43)) - raft.server.log.appender.buffer.byte-limit = 33554432 (custom)
2019-09-12 10:16:48,241 [main] INFO  server.GrpcService (ConfUtils.java:logGet(43)) - raft.grpc.flow.control.window = 1MB (=1048576) (default)
2019-09-12 10:16:48,241 [main] INFO  server.RaftServerConfigKeys (ConfUtils.java:logGet(43)) - raft.server.rpc.request.timeout = 3000ms (default)
2019-09-12 10:16:48,242 [main] INFO  server.RaftServerConfigKeys (ConfUtils.java:logGet(43)) - raft.server.storage.dir = [/workdir/hadoop-ozone/integration-test/target/test-dir/MiniOzoneClusterImpl-07260cbc-78d8-43ad-9b31-a55aa369dc3b/datanode-3/data/ratis] (custom)
2019-09-12 10:16:48,243 [main] INFO  replication.SimpleContainerDownloader (SimpleContainerDownloader.java:<init>(72)) - Starting container downloader service to copy containers to replicate.
2019-09-12 10:16:48,244 [main] INFO  hdfs.DFSUtil (DFSUtil.java:httpServerTemplateForNNAndJN(1641)) - Starting Web-server for hddsDatanode at: http://0.0.0.0:0
2019-09-12 10:16:48,245 [main] INFO  server.AuthenticationFilter (AuthenticationFilter.java:constructSecretProvider(240)) - Unable to initialize FileSignerSecretProvider, falling back to use random secrets.
2019-09-12 10:16:48,246 [main] WARN  http.HttpRequestLog (HttpRequestLog.java:getRequestLog(97)) - Jetty request log can only be enabled using Log4j
2019-09-12 10:16:48,247 [main] INFO  http.HttpServer2 (HttpServer2.java:addGlobalFilter(975)) - Added global filter 'safety' (class=org.apache.hadoop.http.HttpServer2$QuotingInputFilter)
2019-09-12 10:16:48,248 [main] INFO  http.HttpServer2 (HttpServer2.java:addFilter(948)) - Added filter static_user_filter (class=org.apache.hadoop.http.lib.StaticUserWebFilter$StaticUserFilter) to context hddsDatanode
2019-09-12 10:16:48,248 [main] INFO  http.HttpServer2 (HttpServer2.java:addFilter(958)) - Added filter static_user_filter (class=org.apache.hadoop.http.lib.StaticUserWebFilter$StaticUserFilter) to context static
2019-09-12 10:16:48,248 [main] INFO  http.HttpServer2 (HttpServer2.java:addFilter(958)) - Added filter static_user_filter (class=org.apache.hadoop.http.lib.StaticUserWebFilter$StaticUserFilter) to context logs
2019-09-12 10:16:48,249 [main] INFO  http.HttpServer2 (HttpServer2.java:bindListener(1191)) - Jetty bound to port 46436
2019-09-12 10:16:48,249 [main] INFO  server.Server (Server.java:doStart(351)) - jetty-9.3.24.v20180605, build timestamp: 2018-06-05T17:11:56Z, git hash: 84205aa28f11a4f31f2a3b86d1bba2cc8ab69827
2019-09-12 10:16:48,253 [main] INFO  handler.ContextHandler (ContextHandler.java:doStart(781)) - Started o.e.j.s.ServletContextHandler@6b70d1fb{/logs,file:///workdir/hadoop-ozone/integration-test/target/log,AVAILABLE}
2019-09-12 10:16:48,254 [main] INFO  handler.ContextHandler (ContextHandler.java:doStart(781)) - Started o.e.j.s.ServletContextHandler@7da1e005{/static,jar:file:/home/user/.m2/repository/org/apache/hadoop/hadoop-hdds-container-service/0.5.0-SNAPSHOT/hadoop-hdds-container-service-0.5.0-SNAPSHOT.jar!/webapps/static,AVAILABLE}
2019-09-12 10:16:48,283 [main] INFO  handler.ContextHandler (ContextHandler.java:doStart(781)) - Started o.e.j.w.WebAppContext@4f3356c0{/,file:///tmp/jetty-0.0.0.0-46436-hddsDatanode-_-any-5979678951317369749.dir/webapp/,AVAILABLE}{/hddsDatanode}
2019-09-12 10:16:48,285 [main] INFO  server.AbstractConnector (AbstractConnector.java:doStart(278)) - Started ServerConnector@586cc15d{HTTP/1.1,[http/1.1]}{0.0.0.0:46436}
2019-09-12 10:16:48,285 [main] INFO  server.Server (Server.java:doStart(419)) - Started @7487ms
2019-09-12 10:16:48,286 [main] INFO  server.BaseHttpServer (BaseHttpServer.java:updateConnectorAddress(213)) - HTTP server of HDDSDATANODE is listening at http://0.0.0.0:46436
2019-09-12 10:16:48,435 | INFO  | ObjectStoreRestHttpServer | Listening HDDS REST traffic on /0.0.0.0:38155 |  
2019-09-12 10:16:48,435 [main] INFO  ozone.HddsDatanodeService (HddsDatanodeService.java:startPlugins(395)) - Started plug-in org.apache.hadoop.ozone.web.OzoneHddsDatanodeService@2fde9469
2019-09-12 10:16:48,436 [main] INFO  impl.MetricsSystemImpl (MetricsSystemImpl.java:init(158)) - HddsDatanode metrics system started (again)
2019-09-12 10:16:48,439 [main] INFO  ozone.HddsDatanodeService (HddsDatanodeService.java:start(184)) - HddsDatanodeService host:pr-hdds-1569-xtfnx-3545843844 ip:192.168.157.195
2019-09-12 10:16:48,440 [org.apache.hadoop.util.JvmPauseMonitor$Monitor@52928aa7] INFO  util.JvmPauseMonitor (JvmPauseMonitor.java:run(188)) - Starting JVM pause monitor
2019-09-12 10:16:48,443 [Datanode State Machine Thread - 0] INFO  datanode.InitDatanodeState (InitDatanodeState.java:persistContainerDatanodeDetails(140)) - DatanodeDetails is persisted to /workdir/hadoop-ozone/integration-test/target/test-dir/MiniOzoneClusterImpl-07260cbc-78d8-43ad-9b31-a55aa369dc3b/datanode-3/meta/datanode.id
2019-09-12 10:16:48,447 [main] INFO  volume.HddsVolume (HddsVolume.java:<init>(176)) - Creating Volume: /workdir/hadoop-ozone/integration-test/target/test-dir/MiniOzoneClusterImpl-07260cbc-78d8-43ad-9b31-a55aa369dc3b/datanode-4/data/containers/hdds of  storage type : DISK and capacity : 1482555576320
2019-09-12 10:16:48,448 [main] INFO  volume.VolumeSet (VolumeSet.java:initializeVolumeSet(170)) - Added Volume : /workdir/hadoop-ozone/integration-test/target/test-dir/MiniOzoneClusterImpl-07260cbc-78d8-43ad-9b31-a55aa369dc3b/datanode-4/data/containers/hdds to VolumeSet
2019-09-12 10:16:48,448 [main] INFO  volume.ThrottledAsyncChecker (ThrottledAsyncChecker.java:schedule(140)) - Scheduling a check for org.apache.hadoop.ozone.container.common.volume.HddsVolume@646d810b
2019-09-12 10:16:48,448 [main] INFO  volume.HddsVolumeChecker (HddsVolumeChecker.java:checkAllVolumes(203)) - Scheduled health check for volume org.apache.hadoop.ozone.container.common.volume.HddsVolume@646d810b
2019-09-12 10:16:48,465 [main] INFO  impl.RaftServerProxy (ConfUtils.java:logGet(43)) - raft.rpc.type = GRPC (default)
2019-09-12 10:16:48,465 [main] INFO  grpc.GrpcFactory (GrpcFactory.java:checkPooledByteBufAllocatorUseCacheForAllThreads(45)) - PERFORMANCE WARNING: useCacheForAllThreads is true that may cause Netty to create a lot garbage objects and, as a result, trigger GC.
	It is recommended to disable useCacheForAllThreads by setting -Dorg.apache.ratis.thirdparty.io.netty.allocator.useCacheForAllThreads=false in command line.
2019-09-12 10:16:48,465 [main] INFO  grpc.GrpcConfigKeys$Server (ConfUtils.java:logGet(43)) - raft.grpc.server.port = 0 (default)
2019-09-12 10:16:48,465 [main] INFO  server.GrpcService (ConfUtils.java:logGet(43)) - raft.grpc.message.size.max = 33570816 (custom)
2019-09-12 10:16:48,465 [main] INFO  server.RaftServerConfigKeys (ConfUtils.java:logGet(43)) - raft.server.log.appender.buffer.byte-limit = 33554432 (custom)
2019-09-12 10:16:48,466 [main] INFO  server.GrpcService (ConfUtils.java:logGet(43)) - raft.grpc.flow.control.window = 1MB (=1048576) (default)
2019-09-12 10:16:48,466 [main] INFO  server.RaftServerConfigKeys (ConfUtils.java:logGet(43)) - raft.server.rpc.request.timeout = 3000ms (default)
2019-09-12 10:16:48,466 [main] INFO  server.RaftServerConfigKeys (ConfUtils.java:logGet(43)) - raft.server.storage.dir = [/workdir/hadoop-ozone/integration-test/target/test-dir/MiniOzoneClusterImpl-07260cbc-78d8-43ad-9b31-a55aa369dc3b/datanode-4/data/ratis] (custom)
2019-09-12 10:16:48,467 [main] INFO  replication.SimpleContainerDownloader (SimpleContainerDownloader.java:<init>(72)) - Starting container downloader service to copy containers to replicate.
2019-09-12 10:16:48,468 [main] INFO  hdfs.DFSUtil (DFSUtil.java:httpServerTemplateForNNAndJN(1641)) - Starting Web-server for hddsDatanode at: http://0.0.0.0:0
2019-09-12 10:16:48,469 [main] INFO  server.AuthenticationFilter (AuthenticationFilter.java:constructSecretProvider(240)) - Unable to initialize FileSignerSecretProvider, falling back to use random secrets.
2019-09-12 10:16:48,470 [main] WARN  http.HttpRequestLog (HttpRequestLog.java:getRequestLog(97)) - Jetty request log can only be enabled using Log4j
2019-09-12 10:16:48,471 [main] INFO  http.HttpServer2 (HttpServer2.java:addGlobalFilter(975)) - Added global filter 'safety' (class=org.apache.hadoop.http.HttpServer2$QuotingInputFilter)
2019-09-12 10:16:48,472 [main] INFO  http.HttpServer2 (HttpServer2.java:addFilter(948)) - Added filter static_user_filter (class=org.apache.hadoop.http.lib.StaticUserWebFilter$StaticUserFilter) to context hddsDatanode
2019-09-12 10:16:48,472 [main] INFO  http.HttpServer2 (HttpServer2.java:addFilter(958)) - Added filter static_user_filter (class=org.apache.hadoop.http.lib.StaticUserWebFilter$StaticUserFilter) to context logs
2019-09-12 10:16:48,472 [main] INFO  http.HttpServer2 (HttpServer2.java:addFilter(958)) - Added filter static_user_filter (class=org.apache.hadoop.http.lib.StaticUserWebFilter$StaticUserFilter) to context static
2019-09-12 10:16:48,473 [main] INFO  http.HttpServer2 (HttpServer2.java:bindListener(1191)) - Jetty bound to port 39131
2019-09-12 10:16:48,473 [main] INFO  server.Server (Server.java:doStart(351)) - jetty-9.3.24.v20180605, build timestamp: 2018-06-05T17:11:56Z, git hash: 84205aa28f11a4f31f2a3b86d1bba2cc8ab69827
2019-09-12 10:16:48,475 [main] INFO  handler.ContextHandler (ContextHandler.java:doStart(781)) - Started o.e.j.s.ServletContextHandler@5329f6b3{/logs,file:///workdir/hadoop-ozone/integration-test/target/log,AVAILABLE}
2019-09-12 10:16:48,476 [main] INFO  handler.ContextHandler (ContextHandler.java:doStart(781)) - Started o.e.j.s.ServletContextHandler@77324a58{/static,jar:file:/home/user/.m2/repository/org/apache/hadoop/hadoop-hdds-container-service/0.5.0-SNAPSHOT/hadoop-hdds-container-service-0.5.0-SNAPSHOT.jar!/webapps/static,AVAILABLE}
2019-09-12 10:16:48,504 [main] INFO  handler.ContextHandler (ContextHandler.java:doStart(781)) - Started o.e.j.w.WebAppContext@6dd79214{/,file:///tmp/jetty-0.0.0.0-39131-hddsDatanode-_-any-1259192428613120287.dir/webapp/,AVAILABLE}{/hddsDatanode}
2019-09-12 10:16:48,505 [main] INFO  server.AbstractConnector (AbstractConnector.java:doStart(278)) - Started ServerConnector@ef86c72{HTTP/1.1,[http/1.1]}{0.0.0.0:39131}
2019-09-12 10:16:48,506 [main] INFO  server.Server (Server.java:doStart(419)) - Started @7708ms
2019-09-12 10:16:48,507 [main] INFO  server.BaseHttpServer (BaseHttpServer.java:updateConnectorAddress(213)) - HTTP server of HDDSDATANODE is listening at http://0.0.0.0:39131
2019-09-12 10:16:48,680 | INFO  | ObjectStoreRestHttpServer | Listening HDDS REST traffic on /0.0.0.0:33155 |  
2019-09-12 10:16:48,680 [main] INFO  ozone.HddsDatanodeService (HddsDatanodeService.java:startPlugins(395)) - Started plug-in org.apache.hadoop.ozone.web.OzoneHddsDatanodeService@1a2773a8
2019-09-12 10:16:48,681 [main] INFO  impl.MetricsSystemImpl (MetricsSystemImpl.java:init(158)) - HddsDatanode metrics system started (again)
2019-09-12 10:16:48,691 [org.apache.hadoop.util.JvmPauseMonitor$Monitor@53b7d066] INFO  util.JvmPauseMonitor (JvmPauseMonitor.java:run(188)) - Starting JVM pause monitor
2019-09-12 10:16:48,702 [main] INFO  ozone.HddsDatanodeService (HddsDatanodeService.java:start(184)) - HddsDatanodeService host:pr-hdds-1569-xtfnx-3545843844 ip:192.168.157.195
2019-09-12 10:16:48,704 [Datanode State Machine Thread - 0] INFO  datanode.InitDatanodeState (InitDatanodeState.java:persistContainerDatanodeDetails(140)) - DatanodeDetails is persisted to /workdir/hadoop-ozone/integration-test/target/test-dir/MiniOzoneClusterImpl-07260cbc-78d8-43ad-9b31-a55aa369dc3b/datanode-4/meta/datanode.id
2019-09-12 10:16:48,714 [main] INFO  volume.HddsVolume (HddsVolume.java:<init>(176)) - Creating Volume: /workdir/hadoop-ozone/integration-test/target/test-dir/MiniOzoneClusterImpl-07260cbc-78d8-43ad-9b31-a55aa369dc3b/datanode-5/data/containers/hdds of  storage type : DISK and capacity : 1482555576320
2019-09-12 10:16:48,715 [main] INFO  volume.VolumeSet (VolumeSet.java:initializeVolumeSet(170)) - Added Volume : /workdir/hadoop-ozone/integration-test/target/test-dir/MiniOzoneClusterImpl-07260cbc-78d8-43ad-9b31-a55aa369dc3b/datanode-5/data/containers/hdds to VolumeSet
2019-09-12 10:16:48,715 [main] INFO  volume.ThrottledAsyncChecker (ThrottledAsyncChecker.java:schedule(140)) - Scheduling a check for org.apache.hadoop.ozone.container.common.volume.HddsVolume@799f354a
2019-09-12 10:16:48,716 [main] INFO  volume.HddsVolumeChecker (HddsVolumeChecker.java:checkAllVolumes(203)) - Scheduled health check for volume org.apache.hadoop.ozone.container.common.volume.HddsVolume@799f354a
2019-09-12 10:16:48,735 [main] INFO  impl.RaftServerProxy (ConfUtils.java:logGet(43)) - raft.rpc.type = GRPC (default)
2019-09-12 10:16:48,736 [main] INFO  grpc.GrpcFactory (GrpcFactory.java:checkPooledByteBufAllocatorUseCacheForAllThreads(45)) - PERFORMANCE WARNING: useCacheForAllThreads is true that may cause Netty to create a lot garbage objects and, as a result, trigger GC.
	It is recommended to disable useCacheForAllThreads by setting -Dorg.apache.ratis.thirdparty.io.netty.allocator.useCacheForAllThreads=false in command line.
2019-09-12 10:16:48,736 [main] INFO  grpc.GrpcConfigKeys$Server (ConfUtils.java:logGet(43)) - raft.grpc.server.port = 0 (default)
2019-09-12 10:16:48,736 [main] INFO  server.GrpcService (ConfUtils.java:logGet(43)) - raft.grpc.message.size.max = 33570816 (custom)
2019-09-12 10:16:48,737 [main] INFO  server.RaftServerConfigKeys (ConfUtils.java:logGet(43)) - raft.server.log.appender.buffer.byte-limit = 33554432 (custom)
2019-09-12 10:16:48,737 [main] INFO  server.GrpcService (ConfUtils.java:logGet(43)) - raft.grpc.flow.control.window = 1MB (=1048576) (default)
2019-09-12 10:16:48,737 [main] INFO  server.RaftServerConfigKeys (ConfUtils.java:logGet(43)) - raft.server.rpc.request.timeout = 3000ms (default)
2019-09-12 10:16:48,738 [main] INFO  server.RaftServerConfigKeys (ConfUtils.java:logGet(43)) - raft.server.storage.dir = [/workdir/hadoop-ozone/integration-test/target/test-dir/MiniOzoneClusterImpl-07260cbc-78d8-43ad-9b31-a55aa369dc3b/datanode-5/data/ratis] (custom)
2019-09-12 10:16:48,739 [main] INFO  replication.SimpleContainerDownloader (SimpleContainerDownloader.java:<init>(72)) - Starting container downloader service to copy containers to replicate.
2019-09-12 10:16:48,740 [main] INFO  hdfs.DFSUtil (DFSUtil.java:httpServerTemplateForNNAndJN(1641)) - Starting Web-server for hddsDatanode at: http://0.0.0.0:0
2019-09-12 10:16:48,743 [main] INFO  server.AuthenticationFilter (AuthenticationFilter.java:constructSecretProvider(240)) - Unable to initialize FileSignerSecretProvider, falling back to use random secrets.
2019-09-12 10:16:48,744 [main] WARN  http.HttpRequestLog (HttpRequestLog.java:getRequestLog(97)) - Jetty request log can only be enabled using Log4j
2019-09-12 10:16:48,746 [main] INFO  http.HttpServer2 (HttpServer2.java:addGlobalFilter(975)) - Added global filter 'safety' (class=org.apache.hadoop.http.HttpServer2$QuotingInputFilter)
2019-09-12 10:16:48,747 [main] INFO  http.HttpServer2 (HttpServer2.java:addFilter(948)) - Added filter static_user_filter (class=org.apache.hadoop.http.lib.StaticUserWebFilter$StaticUserFilter) to context hddsDatanode
2019-09-12 10:16:48,748 [main] INFO  http.HttpServer2 (HttpServer2.java:addFilter(958)) - Added filter static_user_filter (class=org.apache.hadoop.http.lib.StaticUserWebFilter$StaticUserFilter) to context logs
2019-09-12 10:16:48,748 [main] INFO  http.HttpServer2 (HttpServer2.java:addFilter(958)) - Added filter static_user_filter (class=org.apache.hadoop.http.lib.StaticUserWebFilter$StaticUserFilter) to context static
2019-09-12 10:16:48,749 [main] INFO  http.HttpServer2 (HttpServer2.java:bindListener(1191)) - Jetty bound to port 35874
2019-09-12 10:16:48,749 [main] INFO  server.Server (Server.java:doStart(351)) - jetty-9.3.24.v20180605, build timestamp: 2018-06-05T17:11:56Z, git hash: 84205aa28f11a4f31f2a3b86d1bba2cc8ab69827
2019-09-12 10:16:48,752 [main] INFO  handler.ContextHandler (ContextHandler.java:doStart(781)) - Started o.e.j.s.ServletContextHandler@7a572ea0{/logs,file:///workdir/hadoop-ozone/integration-test/target/log,AVAILABLE}
2019-09-12 10:16:48,753 [main] INFO  handler.ContextHandler (ContextHandler.java:doStart(781)) - Started o.e.j.s.ServletContextHandler@7159d601{/static,jar:file:/home/user/.m2/repository/org/apache/hadoop/hadoop-hdds-container-service/0.5.0-SNAPSHOT/hadoop-hdds-container-service-0.5.0-SNAPSHOT.jar!/webapps/static,AVAILABLE}
2019-09-12 10:16:48,795 [main] INFO  handler.ContextHandler (ContextHandler.java:doStart(781)) - Started o.e.j.w.WebAppContext@2a5abd3c{/,file:///tmp/jetty-0.0.0.0-35874-hddsDatanode-_-any-8111738592701029028.dir/webapp/,AVAILABLE}{/hddsDatanode}
2019-09-12 10:16:48,796 [main] INFO  server.AbstractConnector (AbstractConnector.java:doStart(278)) - Started ServerConnector@250967f1{HTTP/1.1,[http/1.1]}{0.0.0.0:35874}
2019-09-12 10:16:48,797 [main] INFO  server.Server (Server.java:doStart(419)) - Started @7999ms
2019-09-12 10:16:48,798 [main] INFO  server.BaseHttpServer (BaseHttpServer.java:updateConnectorAddress(213)) - HTTP server of HDDSDATANODE is listening at http://0.0.0.0:35874
2019-09-12 10:16:48,967 | INFO  | ObjectStoreRestHttpServer | Listening HDDS REST traffic on /0.0.0.0:33785 |  
2019-09-12 10:16:48,968 [main] INFO  ozone.HddsDatanodeService (HddsDatanodeService.java:startPlugins(395)) - Started plug-in org.apache.hadoop.ozone.web.OzoneHddsDatanodeService@7e18ced7
2019-09-12 10:16:48,971 [main] INFO  ozone.MiniOzoneClusterImpl (MiniOzoneClusterImpl.java:lambda$waitForClusterToBeReady$0(142)) - Waiting for cluster to be ready. Got 0 of 6 DN Heartbeats.
2019-09-12 10:16:48,972 [org.apache.hadoop.util.JvmPauseMonitor$Monitor@40ada222] INFO  util.JvmPauseMonitor (JvmPauseMonitor.java:run(188)) - Starting JVM pause monitor
2019-09-12 10:16:48,975 [Datanode State Machine Thread - 0] INFO  datanode.InitDatanodeState (InitDatanodeState.java:persistContainerDatanodeDetails(140)) - DatanodeDetails is persisted to /workdir/hadoop-ozone/integration-test/target/test-dir/MiniOzoneClusterImpl-07260cbc-78d8-43ad-9b31-a55aa369dc3b/datanode-5/meta/datanode.id
2019-09-12 10:16:49,771 | INFO  | SCMAudit | user=jenkins1000 | ip=192.168.157.195 | op=GET_VERSION null | ret=SUCCESS |  
2019-09-12 10:16:49,790 [Datanode State Machine Thread - 0] INFO  ozoneimpl.OzoneContainer (OzoneContainer.java:start(186)) - Attempting to start container services.
2019-09-12 10:16:49,792 [Datanode State Machine Thread - 0] INFO  ozoneimpl.OzoneContainer (OzoneContainer.java:startContainerScrub(160)) - Background container scrubber has been disabled by hdds.containerscrub.enabled
2019-09-12 10:16:49,792 [Datanode State Machine Thread - 0] INFO  ratis.XceiverServerRatis (XceiverServerRatis.java:start(404)) - Starting XceiverServerRatis d125a0e9-cc1d-49ad-8efe-65f48e7470f1 at port 0
2019-09-12 10:16:49,813 [Datanode State Machine Thread - 0] INFO  impl.RaftServerProxy (RaftServerProxy.java:lambda$start$3(299)) - d125a0e9-cc1d-49ad-8efe-65f48e7470f1: start RPC server
2019-09-12 10:16:49,935 [Datanode State Machine Thread - 0] INFO  server.GrpcService (GrpcService.java:startImpl(149)) - d125a0e9-cc1d-49ad-8efe-65f48e7470f1: GrpcService started, listening on 0.0.0.0/0.0.0.0:46432
2019-09-12 10:16:49,937 [Datanode State Machine Thread - 0] INFO  ratis.XceiverServerRatis (XceiverServerRatis.java:start(414)) - XceiverServerRatis d125a0e9-cc1d-49ad-8efe-65f48e7470f1 is started using port 46432
2019-09-12 10:16:49,939 [Datanode State Machine Thread - 0] INFO  server.XceiverServerGrpc (XceiverServerGrpc.java:start(163)) - XceiverServerGrpc d125a0e9-cc1d-49ad-8efe-65f48e7470f1 is started using port 45863
2019-09-12 10:16:49,971 [main] INFO  ozone.MiniOzoneClusterImpl (MiniOzoneClusterImpl.java:lambda$waitForClusterToBeReady$0(142)) - Waiting for cluster to be ready. Got 0 of 6 DN Heartbeats.
2019-09-12 10:16:49,990 | INFO  | SCMAudit | user=jenkins1000 | ip=192.168.157.195 | op=GET_VERSION null | ret=SUCCESS |  
2019-09-12 10:16:50,004 [Datanode State Machine Thread - 0] INFO  ozoneimpl.OzoneContainer (OzoneContainer.java:start(186)) - Attempting to start container services.
2019-09-12 10:16:50,007 [Datanode State Machine Thread - 0] INFO  ozoneimpl.OzoneContainer (OzoneContainer.java:startContainerScrub(160)) - Background container scrubber has been disabled by hdds.containerscrub.enabled
2019-09-12 10:16:50,007 [Datanode State Machine Thread - 0] INFO  ratis.XceiverServerRatis (XceiverServerRatis.java:start(404)) - Starting XceiverServerRatis 2c6903b2-bd88-4155-8644-e70f9499caec at port 0
2019-09-12 10:16:50,017 [Datanode State Machine Thread - 0] INFO  impl.RaftServerProxy (RaftServerProxy.java:lambda$start$3(299)) - 2c6903b2-bd88-4155-8644-e70f9499caec: start RPC server
2019-09-12 10:16:50,020 [Datanode State Machine Thread - 0] INFO  server.GrpcService (GrpcService.java:startImpl(149)) - 2c6903b2-bd88-4155-8644-e70f9499caec: GrpcService started, listening on 0.0.0.0/0.0.0.0:40334
2019-09-12 10:16:50,020 [Datanode State Machine Thread - 0] INFO  ratis.XceiverServerRatis (XceiverServerRatis.java:start(414)) - XceiverServerRatis 2c6903b2-bd88-4155-8644-e70f9499caec is started using port 40334
2019-09-12 10:16:50,022 [Datanode State Machine Thread - 0] INFO  server.XceiverServerGrpc (XceiverServerGrpc.java:start(163)) - XceiverServerGrpc 2c6903b2-bd88-4155-8644-e70f9499caec is started using port 44331
2019-09-12 10:16:50,213 | INFO  | SCMAudit | user=jenkins1000 | ip=192.168.157.195 | op=GET_VERSION null | ret=SUCCESS |  
2019-09-12 10:16:50,229 [Datanode State Machine Thread - 0] INFO  ozoneimpl.OzoneContainer (OzoneContainer.java:start(186)) - Attempting to start container services.
2019-09-12 10:16:50,231 [Datanode State Machine Thread - 0] INFO  ozoneimpl.OzoneContainer (OzoneContainer.java:startContainerScrub(160)) - Background container scrubber has been disabled by hdds.containerscrub.enabled
2019-09-12 10:16:50,232 [Datanode State Machine Thread - 0] INFO  ratis.XceiverServerRatis (XceiverServerRatis.java:start(404)) - Starting XceiverServerRatis 2ccaf34f-8eeb-4cb8-b9bf-ec796d9a8e8c at port 0
2019-09-12 10:16:50,242 [Datanode State Machine Thread - 0] INFO  impl.RaftServerProxy (RaftServerProxy.java:lambda$start$3(299)) - 2ccaf34f-8eeb-4cb8-b9bf-ec796d9a8e8c: start RPC server
2019-09-12 10:16:50,245 [Datanode State Machine Thread - 0] INFO  server.GrpcService (GrpcService.java:startImpl(149)) - 2ccaf34f-8eeb-4cb8-b9bf-ec796d9a8e8c: GrpcService started, listening on 0.0.0.0/0.0.0.0:42859
2019-09-12 10:16:50,245 [Datanode State Machine Thread - 0] INFO  ratis.XceiverServerRatis (XceiverServerRatis.java:start(414)) - XceiverServerRatis 2ccaf34f-8eeb-4cb8-b9bf-ec796d9a8e8c is started using port 42859
2019-09-12 10:16:50,248 [Datanode State Machine Thread - 0] INFO  server.XceiverServerGrpc (XceiverServerGrpc.java:start(163)) - XceiverServerGrpc 2ccaf34f-8eeb-4cb8-b9bf-ec796d9a8e8c is started using port 37549
2019-09-12 10:16:50,442 | INFO  | SCMAudit | user=jenkins1000 | ip=192.168.157.195 | op=GET_VERSION null | ret=SUCCESS |  
2019-09-12 10:16:50,457 [Datanode State Machine Thread - 0] INFO  ozoneimpl.OzoneContainer (OzoneContainer.java:start(186)) - Attempting to start container services.
2019-09-12 10:16:50,463 [Datanode State Machine Thread - 0] INFO  ozoneimpl.OzoneContainer (OzoneContainer.java:startContainerScrub(160)) - Background container scrubber has been disabled by hdds.containerscrub.enabled
2019-09-12 10:16:50,463 [Datanode State Machine Thread - 0] INFO  ratis.XceiverServerRatis (XceiverServerRatis.java:start(404)) - Starting XceiverServerRatis 29b8f213-10fb-4d36-bbf5-ca2aa222f4ad at port 0
2019-09-12 10:16:50,473 [Datanode State Machine Thread - 0] INFO  impl.RaftServerProxy (RaftServerProxy.java:lambda$start$3(299)) - 29b8f213-10fb-4d36-bbf5-ca2aa222f4ad: start RPC server
2019-09-12 10:16:50,477 [Datanode State Machine Thread - 0] INFO  server.GrpcService (GrpcService.java:startImpl(149)) - 29b8f213-10fb-4d36-bbf5-ca2aa222f4ad: GrpcService started, listening on 0.0.0.0/0.0.0.0:38559
2019-09-12 10:16:50,477 [Datanode State Machine Thread - 0] INFO  ratis.XceiverServerRatis (XceiverServerRatis.java:start(414)) - XceiverServerRatis 29b8f213-10fb-4d36-bbf5-ca2aa222f4ad is started using port 38559
2019-09-12 10:16:50,481 [Datanode State Machine Thread - 0] INFO  server.XceiverServerGrpc (XceiverServerGrpc.java:start(163)) - XceiverServerGrpc 29b8f213-10fb-4d36-bbf5-ca2aa222f4ad is started using port 39434
2019-09-12 10:16:50,694 | INFO  | SCMAudit | user=jenkins1000 | ip=192.168.157.195 | op=GET_VERSION null | ret=SUCCESS |  
2019-09-12 10:16:50,702 [Datanode State Machine Thread - 0] INFO  ozoneimpl.OzoneContainer (OzoneContainer.java:start(186)) - Attempting to start container services.
2019-09-12 10:16:50,702 [Datanode State Machine Thread - 0] INFO  ozoneimpl.OzoneContainer (OzoneContainer.java:startContainerScrub(160)) - Background container scrubber has been disabled by hdds.containerscrub.enabled
2019-09-12 10:16:50,703 [Datanode State Machine Thread - 0] INFO  ratis.XceiverServerRatis (XceiverServerRatis.java:start(404)) - Starting XceiverServerRatis 754318a0-7d43-4de4-9a7a-4e513334fcf8 at port 0
2019-09-12 10:16:50,714 [Datanode State Machine Thread - 0] INFO  impl.RaftServerProxy (RaftServerProxy.java:lambda$start$3(299)) - 754318a0-7d43-4de4-9a7a-4e513334fcf8: start RPC server
2019-09-12 10:16:50,718 [Datanode State Machine Thread - 0] INFO  server.GrpcService (GrpcService.java:startImpl(149)) - 754318a0-7d43-4de4-9a7a-4e513334fcf8: GrpcService started, listening on 0.0.0.0/0.0.0.0:36711
2019-09-12 10:16:50,718 [Datanode State Machine Thread - 0] INFO  ratis.XceiverServerRatis (XceiverServerRatis.java:start(414)) - XceiverServerRatis 754318a0-7d43-4de4-9a7a-4e513334fcf8 is started using port 36711
2019-09-12 10:16:50,721 [Datanode State Machine Thread - 0] INFO  server.XceiverServerGrpc (XceiverServerGrpc.java:start(163)) - XceiverServerGrpc 754318a0-7d43-4de4-9a7a-4e513334fcf8 is started using port 34257
2019-09-12 10:16:50,972 [main] INFO  ozone.MiniOzoneClusterImpl (MiniOzoneClusterImpl.java:lambda$waitForClusterToBeReady$0(142)) - Waiting for cluster to be ready. Got 0 of 6 DN Heartbeats.
2019-09-12 10:16:50,975 | INFO  | SCMAudit | user=jenkins1000 | ip=192.168.157.195 | op=GET_VERSION null | ret=SUCCESS |  
2019-09-12 10:16:50,997 [Datanode State Machine Thread - 0] INFO  ozoneimpl.OzoneContainer (OzoneContainer.java:start(186)) - Attempting to start container services.
2019-09-12 10:16:50,998 [Datanode State Machine Thread - 0] INFO  ozoneimpl.OzoneContainer (OzoneContainer.java:startContainerScrub(160)) - Background container scrubber has been disabled by hdds.containerscrub.enabled
2019-09-12 10:16:50,998 [Datanode State Machine Thread - 0] INFO  ratis.XceiverServerRatis (XceiverServerRatis.java:start(404)) - Starting XceiverServerRatis 3d50e2f5-3cb6-49ae-98cc-9a6203b61a63 at port 0
2019-09-12 10:16:51,006 [Datanode State Machine Thread - 0] INFO  impl.RaftServerProxy (RaftServerProxy.java:lambda$start$3(299)) - 3d50e2f5-3cb6-49ae-98cc-9a6203b61a63: start RPC server
2019-09-12 10:16:51,011 [Datanode State Machine Thread - 0] INFO  server.GrpcService (GrpcService.java:startImpl(149)) - 3d50e2f5-3cb6-49ae-98cc-9a6203b61a63: GrpcService started, listening on 0.0.0.0/0.0.0.0:36540
2019-09-12 10:16:51,011 [Datanode State Machine Thread - 0] INFO  ratis.XceiverServerRatis (XceiverServerRatis.java:start(414)) - XceiverServerRatis 3d50e2f5-3cb6-49ae-98cc-9a6203b61a63 is started using port 36540
2019-09-12 10:16:51,015 [Datanode State Machine Thread - 0] INFO  server.XceiverServerGrpc (XceiverServerGrpc.java:start(163)) - XceiverServerGrpc 3d50e2f5-3cb6-49ae-98cc-9a6203b61a63 is started using port 35571
2019-09-12 10:16:51,797 [IPC Server handler 4 on 39331] INFO  net.NetworkTopology (NetworkTopologyImpl.java:add(110)) - Added a new node: /default-rack/d125a0e9-cc1d-49ad-8efe-65f48e7470f1
2019-09-12 10:16:51,797 [IPC Server handler 4 on 39331] INFO  node.SCMNodeManager (SCMNodeManager.java:register(273)) - Registered Data node : d125a0e9-cc1d-49ad-8efe-65f48e7470f1{ip: 192.168.157.195, host: pr-hdds-1569-xtfnx-3545843844, networkLocation: /default-rack, certSerialId: null}
2019-09-12 10:16:51,803 [EventQueue-NodeRegistrationContainerReportForDataNodeSafeModeRule] INFO  safemode.SCMSafeModeManager (DataNodeSafeModeRule.java:process(71)) - SCM in safe mode. 1 DataNodes registered, 1 required.
2019-09-12 10:16:51,803 [EventQueue-NodeRegistrationContainerReportForDataNodeSafeModeRule] INFO  safemode.SCMSafeModeManager (SCMSafeModeManager.java:validateSafeModeExitRules(177)) - ScmSafeModeManager, all rules are successfully validated
2019-09-12 10:16:51,803 [EventQueue-NodeRegistrationContainerReportForDataNodeSafeModeRule] INFO  safemode.SCMSafeModeManager (SCMSafeModeManager.java:exitSafeMode(193)) - SCM exiting safe mode.
2019-09-12 10:16:51,813 | INFO  | SCMAudit | user=jenkins1000 | ip=192.168.157.195 | op=REGISTER {datanodeDetails=d125a0e9-cc1d-49ad-8efe-65f48e7470f1{ip: 192.168.157.195, host: pr-hdds-1569-xtfnx-3545843844, networkLocation: /default-rack, certSerialId: null}} | ret=SUCCESS |  
2019-09-12 10:16:51,973 [main] INFO  ozone.MiniOzoneClusterImpl (MiniOzoneClusterImpl.java:lambda$waitForClusterToBeReady$0(142)) - Waiting for cluster to be ready. Got 1 of 6 DN Heartbeats.
2019-09-12 10:16:51,992 [IPC Server handler 3 on 39331] INFO  net.NetworkTopology (NetworkTopologyImpl.java:add(110)) - Added a new node: /default-rack/2c6903b2-bd88-4155-8644-e70f9499caec
2019-09-12 10:16:51,993 [IPC Server handler 3 on 39331] INFO  node.SCMNodeManager (SCMNodeManager.java:register(273)) - Registered Data node : 2c6903b2-bd88-4155-8644-e70f9499caec{ip: 192.168.157.195, host: pr-hdds-1569-xtfnx-3545843844, networkLocation: /default-rack, certSerialId: null}
2019-09-12 10:16:51,993 | INFO  | SCMAudit | user=jenkins1000 | ip=192.168.157.195 | op=REGISTER {datanodeDetails=2c6903b2-bd88-4155-8644-e70f9499caec{ip: 192.168.157.195, host: pr-hdds-1569-xtfnx-3545843844, networkLocation: /default-rack, certSerialId: null}} | ret=SUCCESS |  
2019-09-12 10:16:52,214 [IPC Server handler 1 on 39331] INFO  net.NetworkTopology (NetworkTopologyImpl.java:add(110)) - Added a new node: /default-rack/2ccaf34f-8eeb-4cb8-b9bf-ec796d9a8e8c
2019-09-12 10:16:52,215 [IPC Server handler 1 on 39331] INFO  node.SCMNodeManager (SCMNodeManager.java:register(273)) - Registered Data node : 2ccaf34f-8eeb-4cb8-b9bf-ec796d9a8e8c{ip: 192.168.157.195, host: pr-hdds-1569-xtfnx-3545843844, networkLocation: /default-rack, certSerialId: null}
2019-09-12 10:16:52,215 | INFO  | SCMAudit | user=jenkins1000 | ip=192.168.157.195 | op=REGISTER {datanodeDetails=2ccaf34f-8eeb-4cb8-b9bf-ec796d9a8e8c{ip: 192.168.157.195, host: pr-hdds-1569-xtfnx-3545843844, networkLocation: /default-rack, certSerialId: null}} | ret=SUCCESS |  
2019-09-12 10:16:52,727 [IPC Server handler 5 on 39331] INFO  net.NetworkTopology (NetworkTopologyImpl.java:add(110)) - Added a new node: /default-rack/29b8f213-10fb-4d36-bbf5-ca2aa222f4ad
2019-09-12 10:16:52,727 [IPC Server handler 4 on 39331] INFO  net.NetworkTopology (NetworkTopologyImpl.java:add(110)) - Added a new node: /default-rack/754318a0-7d43-4de4-9a7a-4e513334fcf8
2019-09-12 10:16:52,727 [IPC Server handler 5 on 39331] INFO  node.SCMNodeManager (SCMNodeManager.java:register(273)) - Registered Data node : 29b8f213-10fb-4d36-bbf5-ca2aa222f4ad{ip: 192.168.157.195, host: pr-hdds-1569-xtfnx-3545843844, networkLocation: /default-rack, certSerialId: null}
2019-09-12 10:16:52,728 [IPC Server handler 4 on 39331] INFO  node.SCMNodeManager (SCMNodeManager.java:register(273)) - Registered Data node : 754318a0-7d43-4de4-9a7a-4e513334fcf8{ip: 192.168.157.195, host: pr-hdds-1569-xtfnx-3545843844, networkLocation: /default-rack, certSerialId: null}
2019-09-12 10:16:52,728 | INFO  | SCMAudit | user=jenkins1000 | ip=192.168.157.195 | op=REGISTER {datanodeDetails=29b8f213-10fb-4d36-bbf5-ca2aa222f4ad{ip: 192.168.157.195, host: pr-hdds-1569-xtfnx-3545843844, networkLocation: /default-rack, certSerialId: null}} | ret=SUCCESS |  
2019-09-12 10:16:52,728 | INFO  | SCMAudit | user=jenkins1000 | ip=192.168.157.195 | op=REGISTER {datanodeDetails=754318a0-7d43-4de4-9a7a-4e513334fcf8{ip: 192.168.157.195, host: pr-hdds-1569-xtfnx-3545843844, networkLocation: /default-rack, certSerialId: null}} | ret=SUCCESS |  
2019-09-12 10:16:52,906 [grpc-default-executor-0] INFO  impl.RaftServerProxy (RaftServerProxy.java:addNew(89)) - d125a0e9-cc1d-49ad-8efe-65f48e7470f1: addNew group-8B80BBEAF203:[d125a0e9-cc1d-49ad-8efe-65f48e7470f1:192.168.157.195:46432] returns group-8B80BBEAF203:java.util.concurrent.CompletableFuture@5c9dc354[Not completed]
2019-09-12 10:16:52,924 [pool-27-thread-1] INFO  impl.RaftServerImpl (RaftServerImpl.java:<init>(93)) - d125a0e9-cc1d-49ad-8efe-65f48e7470f1: new RaftServerImpl for group-8B80BBEAF203:[d125a0e9-cc1d-49ad-8efe-65f48e7470f1:192.168.157.195:46432] with ContainerStateMachine:uninitialized
2019-09-12 10:16:52,929 [pool-27-thread-1] INFO  server.RaftServerConfigKeys (ConfUtils.java:logGet(43)) - raft.server.rpc.timeout.min = 5s (custom)
2019-09-12 10:16:52,932 [pool-27-thread-1] INFO  server.RaftServerConfigKeys (ConfUtils.java:logGet(43)) - raft.server.rpc.timeout.max = 5200ms (custom)
2019-09-12 10:16:52,932 [pool-27-thread-1] INFO  server.RaftServerConfigKeys (ConfUtils.java:logGet(43)) - raft.server.rpcslowness.timeout = 10s (custom)
2019-09-12 10:16:52,935 [pool-27-thread-1] INFO  server.RaftServerConfigKeys (ConfUtils.java:logGet(43)) - raft.server.sleep.deviation.threshold = 300 (default)
2019-09-12 10:16:52,937 [pool-27-thread-1] INFO  server.RaftServerConfigKeys (ConfUtils.java:logGet(43)) - raft.server.log.appender.install.snapshot.enabled = false (custom)
2019-09-12 10:16:52,947 [pool-27-thread-1] INFO  impl.RaftServerImpl (ServerState.java:<init>(105)) - d125a0e9-cc1d-49ad-8efe-65f48e7470f1:group-8B80BBEAF203 ConfigurationManager, init=-1: [d125a0e9-cc1d-49ad-8efe-65f48e7470f1:192.168.157.195:46432], old=null, confs=<EMPTY_MAP>
2019-09-12 10:16:52,948 [pool-27-thread-1] INFO  server.RaftServerConfigKeys (ConfUtils.java:logGet(43)) - raft.server.storage.dir = [/workdir/hadoop-ozone/integration-test/target/test-dir/MiniOzoneClusterImpl-07260cbc-78d8-43ad-9b31-a55aa369dc3b/datanode-0/data/ratis] (custom)
2019-09-12 10:16:52,959 [pool-27-thread-1] INFO  storage.RaftStorageDirectory (RaftStorageDirectory.java:analyzeStorage(246)) - The storage directory /workdir/hadoop-ozone/integration-test/target/test-dir/MiniOzoneClusterImpl-07260cbc-78d8-43ad-9b31-a55aa369dc3b/datanode-0/data/ratis/d7b8c6f4-9021-48ff-8f4a-8b80bbeaf203 does not exist. Creating ...
2019-09-12 10:16:52,976 [main] INFO  ozone.MiniOzoneClusterImpl (MiniOzoneClusterImpl.java:lambda$waitForClusterToBeReady$0(142)) - Waiting for cluster to be ready. Got 5 of 6 DN Heartbeats.
2019-09-12 10:16:52,977 [IPC Server handler 3 on 39331] INFO  net.NetworkTopology (NetworkTopologyImpl.java:add(110)) - Added a new node: /default-rack/3d50e2f5-3cb6-49ae-98cc-9a6203b61a63
2019-09-12 10:16:52,977 [IPC Server handler 3 on 39331] INFO  node.SCMNodeManager (SCMNodeManager.java:register(273)) - Registered Data node : 3d50e2f5-3cb6-49ae-98cc-9a6203b61a63{ip: 192.168.157.195, host: pr-hdds-1569-xtfnx-3545843844, networkLocation: /default-rack, certSerialId: null}
2019-09-12 10:16:52,977 [pool-27-thread-1] INFO  storage.RaftStorageDirectory (RaftStorageDirectory.java:tryLock(328)) - Lock on /workdir/hadoop-ozone/integration-test/target/test-dir/MiniOzoneClusterImpl-07260cbc-78d8-43ad-9b31-a55aa369dc3b/datanode-0/data/ratis/d7b8c6f4-9021-48ff-8f4a-8b80bbeaf203/in_use.lock acquired by nodename 4851@pr-hdds-1569-xtfnx-3545843844
2019-09-12 10:16:52,977 | INFO  | SCMAudit | user=jenkins1000 | ip=192.168.157.195 | op=REGISTER {datanodeDetails=3d50e2f5-3cb6-49ae-98cc-9a6203b61a63{ip: 192.168.157.195, host: pr-hdds-1569-xtfnx-3545843844, networkLocation: /default-rack, certSerialId: null}} | ret=SUCCESS |  
2019-09-12 10:16:52,993 [pool-27-thread-1] INFO  storage.RaftStorage (RaftStorage.java:format(72)) - Storage directory /workdir/hadoop-ozone/integration-test/target/test-dir/MiniOzoneClusterImpl-07260cbc-78d8-43ad-9b31-a55aa369dc3b/datanode-0/data/ratis/d7b8c6f4-9021-48ff-8f4a-8b80bbeaf203 has been successfully formatted.
2019-09-12 10:16:52,996 [pool-27-thread-1] INFO  ratis.ContainerStateMachine (ContainerStateMachine.java:loadSnapshot(226)) - group-8B80BBEAF203: The snapshot info is null. Setting the last applied indexto:(t:0, i:~)
2019-09-12 10:16:52,997 [pool-27-thread-1] INFO  server.RaftServerConfigKeys (ConfUtils.java:logGet(43)) - raft.server.leader.election.timeout = 10s (custom)
2019-09-12 10:16:52,999 [pool-27-thread-1] INFO  server.RaftServerConfigKeys (ConfUtils.java:logGet(43)) - raft.server.log.use.memory = false (default)
2019-09-12 10:16:53,006 [pool-27-thread-1] INFO  server.RaftServerConfigKeys (ConfUtils.java:logGet(43)) - raft.server.log.purge.gap = 1000000 (custom)
2019-09-12 10:16:53,006 [pool-27-thread-1] INFO  server.RaftServerConfigKeys (ConfUtils.java:logGet(43)) - raft.server.log.appender.buffer.byte-limit = 33554432 (custom)
2019-09-12 10:16:53,008 [pool-27-thread-1] INFO  server.RaftServerConfigKeys (ConfUtils.java:logGet(43)) - raft.server.log.segment.size.max = 1048576 (custom)
2019-09-12 10:16:53,013 [pool-27-thread-1] INFO  server.RaftServerConfigKeys (ConfUtils.java:logGet(43)) - raft.server.log.segment.cache.num.max = 2 (custom)
2019-09-12 10:16:53,020 [pool-27-thread-1] INFO  segmented.SegmentedRaftLogWorker (SegmentedRaftLogWorker.java:<init>(172)) - new d125a0e9-cc1d-49ad-8efe-65f48e7470f1-SegmentedRaftLogWorker:Storage Directory /workdir/hadoop-ozone/integration-test/target/test-dir/MiniOzoneClusterImpl-07260cbc-78d8-43ad-9b31-a55aa369dc3b/datanode-0/data/ratis/d7b8c6f4-9021-48ff-8f4a-8b80bbeaf203 for RaftStorage:Storage Directory /workdir/hadoop-ozone/integration-test/target/test-dir/MiniOzoneClusterImpl-07260cbc-78d8-43ad-9b31-a55aa369dc3b/datanode-0/data/ratis/d7b8c6f4-9021-48ff-8f4a-8b80bbeaf203
2019-09-12 10:16:53,035 [pool-27-thread-1] INFO  server.RaftServerConfigKeys (ConfUtils.java:logGet(43)) - raft.server.log.queue.byte-limit = 2147483647 (custom)
2019-09-12 10:16:53,036 [pool-27-thread-1] INFO  server.RaftServerConfigKeys (ConfUtils.java:logGet(43)) - raft.server.log.queue.element-limit = 1024 (custom)
2019-09-12 10:16:53,041 [pool-27-thread-1] INFO  server.RaftServerConfigKeys (ConfUtils.java:logGet(43)) - raft.server.log.segment.size.max = 1048576 (custom)
2019-09-12 10:16:53,041 [pool-27-thread-1] INFO  server.RaftServerConfigKeys (ConfUtils.java:logGet(43)) - raft.server.log.preallocated.size = 16384 (custom)
2019-09-12 10:16:53,042 [pool-27-thread-1] INFO  server.RaftServerConfigKeys (ConfUtils.java:logGet(43)) - raft.server.log.write.buffer.size = 33554432 (custom)
2019-09-12 10:16:53,042 [pool-27-thread-1] INFO  server.RaftServerConfigKeys (ConfUtils.java:logGet(43)) - raft.server.log.force.sync.num = 128 (default)
2019-09-12 10:16:53,043 [pool-27-thread-1] INFO  server.RaftServerConfigKeys (ConfUtils.java:logGet(43)) - raft.server.log.statemachine.data.sync = true (default)
2019-09-12 10:16:53,043 [pool-27-thread-1] INFO  server.RaftServerConfigKeys (ConfUtils.java:logGet(43)) - raft.server.log.statemachine.data.sync.timeout = 10s (default)
2019-09-12 10:16:53,044 [pool-27-thread-1] INFO  server.RaftServerConfigKeys (ConfUtils.java:logGet(43)) - raft.server.log.statemachine.data.sync.timeout.retry = -1 (default)
2019-09-12 10:16:53,054 [pool-27-thread-1] INFO  server.RaftServerConfigKeys (ConfUtils.java:logGet(43)) - raft.server.log.statemachine.data.caching.enabled = true (custom)
2019-09-12 10:16:53,059 [pool-27-thread-1] INFO  segmented.SegmentedRaftLogWorker (SegmentedRaftLogWorker.java:lambda$new$0(132)) - d125a0e9-cc1d-49ad-8efe-65f48e7470f1-SegmentedRaftLogWorker:Storage Directory /workdir/hadoop-ozone/integration-test/target/test-dir/MiniOzoneClusterImpl-07260cbc-78d8-43ad-9b31-a55aa369dc3b/datanode-0/data/ratis/d7b8c6f4-9021-48ff-8f4a-8b80bbeaf203: flushIndex: setUnconditionally 0 -> -1
2019-09-12 10:16:53,066 [pool-27-thread-1] INFO  server.RaftServerConfigKeys (ConfUtils.java:logGet(43)) - raft.server.snapshot.auto.trigger.enabled = true (custom)
2019-09-12 10:16:53,067 [pool-27-thread-1] INFO  server.RaftServerConfigKeys (ConfUtils.java:logGet(43)) - raft.server.snapshot.auto.trigger.threshold = 10000 (custom)
2019-09-12 10:16:53,067 [pool-27-thread-1] INFO  server.RaftServerConfigKeys (ConfUtils.java:logGet(43)) - raft.server.retrycache.expirytime = 600000ms (custom)
2019-09-12 10:16:53,088 [pool-27-thread-1] INFO  impl.RaftServerImpl (RaftServerImpl.java:start(180)) - d125a0e9-cc1d-49ad-8efe-65f48e7470f1: start group-8B80BBEAF203
2019-09-12 10:16:53,089 [pool-27-thread-1] INFO  impl.RaftServerImpl (RaftServerImpl.java:setRole(171)) - d125a0e9-cc1d-49ad-8efe-65f48e7470f1:group-8B80BBEAF203 changes role from null to FOLLOWER at term 0 for startAsFollower
2019-09-12 10:16:53,090 [pool-27-thread-1] INFO  impl.RoleInfo (RoleInfo.java:updateAndGet(143)) - d125a0e9-cc1d-49ad-8efe-65f48e7470f1: start FollowerState
2019-09-12 10:16:53,092 [pool-27-thread-1] INFO  util.JmxRegister (JmxRegister.java:tryRegister(44)) - Successfully registered JMX Bean with object name Ratis:service=RaftServer,group=group-8B80BBEAF203,id=d125a0e9-cc1d-49ad-8efe-65f48e7470f1
2019-09-12 10:16:53,154 [RatisPipelineUtilsThread] INFO  pipeline.PipelineStateManager (PipelineStateManager.java:addPipeline(56)) - Created pipeline Pipeline[ Id: d7b8c6f4-9021-48ff-8f4a-8b80bbeaf203, Nodes: d125a0e9-cc1d-49ad-8efe-65f48e7470f1{ip: 192.168.157.195, host: pr-hdds-1569-xtfnx-3545843844, networkLocation: /default-rack, certSerialId: null}, Type:RATIS, Factor:ONE, State:OPEN]
2019-09-12 10:16:53,184 [grpc-default-executor-0] INFO  impl.RaftServerProxy (RaftServerProxy.java:addNew(89)) - d125a0e9-cc1d-49ad-8efe-65f48e7470f1: addNew group-77EFF6DFF1D6:[d125a0e9-cc1d-49ad-8efe-65f48e7470f1:192.168.157.195:46432] returns group-77EFF6DFF1D6:java.util.concurrent.CompletableFuture@33a45675[Not completed]
2019-09-12 10:16:53,188 [pool-27-thread-1] INFO  impl.RaftServerImpl (RaftServerImpl.java:<init>(93)) - d125a0e9-cc1d-49ad-8efe-65f48e7470f1: new RaftServerImpl for group-77EFF6DFF1D6:[d125a0e9-cc1d-49ad-8efe-65f48e7470f1:192.168.157.195:46432] with ContainerStateMachine:uninitialized
2019-09-12 10:16:53,188 [pool-27-thread-1] INFO  server.RaftServerConfigKeys (ConfUtils.java:logGet(43)) - raft.server.rpc.timeout.min = 5s (custom)
2019-09-12 10:16:53,188 [pool-27-thread-1] INFO  server.RaftServerConfigKeys (ConfUtils.java:logGet(43)) - raft.server.rpc.timeout.max = 5200ms (custom)
2019-09-12 10:16:53,189 [pool-27-thread-1] INFO  server.RaftServerConfigKeys (ConfUtils.java:logGet(43)) - raft.server.rpcslowness.timeout = 10s (custom)
2019-09-12 10:16:53,189 [pool-27-thread-1] INFO  server.RaftServerConfigKeys (ConfUtils.java:logGet(43)) - raft.server.sleep.deviation.threshold = 300 (default)
2019-09-12 10:16:53,189 [pool-27-thread-1] INFO  server.RaftServerConfigKeys (ConfUtils.java:logGet(43)) - raft.server.log.appender.install.snapshot.enabled = false (custom)
2019-09-12 10:16:53,189 [pool-27-thread-1] INFO  impl.RaftServerImpl (ServerState.java:<init>(105)) - d125a0e9-cc1d-49ad-8efe-65f48e7470f1:group-77EFF6DFF1D6 ConfigurationManager, init=-1: [d125a0e9-cc1d-49ad-8efe-65f48e7470f1:192.168.157.195:46432], old=null, confs=<EMPTY_MAP>
2019-09-12 10:16:53,190 [pool-27-thread-1] INFO  server.RaftServerConfigKeys (ConfUtils.java:logGet(43)) - raft.server.storage.dir = [/workdir/hadoop-ozone/integration-test/target/test-dir/MiniOzoneClusterImpl-07260cbc-78d8-43ad-9b31-a55aa369dc3b/datanode-0/data/ratis] (custom)
2019-09-12 10:16:53,191 [pool-27-thread-1] INFO  storage.RaftStorageDirectory (RaftStorageDirectory.java:analyzeStorage(246)) - The storage directory /workdir/hadoop-ozone/integration-test/target/test-dir/MiniOzoneClusterImpl-07260cbc-78d8-43ad-9b31-a55aa369dc3b/datanode-0/data/ratis/d3d8ee13-73cb-404c-8402-77eff6dff1d6 does not exist. Creating ...
2019-09-12 10:16:53,205 [pool-27-thread-1] INFO  storage.RaftStorageDirectory (RaftStorageDirectory.java:tryLock(328)) - Lock on /workdir/hadoop-ozone/integration-test/target/test-dir/MiniOzoneClusterImpl-07260cbc-78d8-43ad-9b31-a55aa369dc3b/datanode-0/data/ratis/d3d8ee13-73cb-404c-8402-77eff6dff1d6/in_use.lock acquired by nodename 4851@pr-hdds-1569-xtfnx-3545843844
2019-09-12 10:16:53,218 [pool-27-thread-1] INFO  storage.RaftStorage (RaftStorage.java:format(72)) - Storage directory /workdir/hadoop-ozone/integration-test/target/test-dir/MiniOzoneClusterImpl-07260cbc-78d8-43ad-9b31-a55aa369dc3b/datanode-0/data/ratis/d3d8ee13-73cb-404c-8402-77eff6dff1d6 has been successfully formatted.
2019-09-12 10:16:53,219 [pool-27-thread-1] INFO  ratis.ContainerStateMachine (ContainerStateMachine.java:loadSnapshot(226)) - group-77EFF6DFF1D6: The snapshot info is null. Setting the last applied indexto:(t:0, i:~)
2019-09-12 10:16:53,219 [pool-27-thread-1] INFO  server.RaftServerConfigKeys (ConfUtils.java:logGet(43)) - raft.server.leader.election.timeout = 10s (custom)
2019-09-12 10:16:53,219 [pool-27-thread-1] INFO  server.RaftServerConfigKeys (ConfUtils.java:logGet(43)) - raft.server.log.use.memory = false (default)
2019-09-12 10:16:53,219 [pool-27-thread-1] INFO  server.RaftServerConfigKeys (ConfUtils.java:logGet(43)) - raft.server.log.purge.gap = 1000000 (custom)
2019-09-12 10:16:53,220 [pool-27-thread-1] INFO  server.RaftServerConfigKeys (ConfUtils.java:logGet(43)) - raft.server.log.appender.buffer.byte-limit = 33554432 (custom)
2019-09-12 10:16:53,220 [pool-27-thread-1] INFO  server.RaftServerConfigKeys (ConfUtils.java:logGet(43)) - raft.server.log.segment.size.max = 1048576 (custom)
2019-09-12 10:16:53,220 [pool-27-thread-1] INFO  server.RaftServerConfigKeys (ConfUtils.java:logGet(43)) - raft.server.log.segment.cache.num.max = 2 (custom)
2019-09-12 10:16:53,220 [pool-27-thread-1] INFO  segmented.SegmentedRaftLogWorker (SegmentedRaftLogWorker.java:<init>(172)) - new d125a0e9-cc1d-49ad-8efe-65f48e7470f1-SegmentedRaftLogWorker:Storage Directory /workdir/hadoop-ozone/integration-test/target/test-dir/MiniOzoneClusterImpl-07260cbc-78d8-43ad-9b31-a55aa369dc3b/datanode-0/data/ratis/d3d8ee13-73cb-404c-8402-77eff6dff1d6 for RaftStorage:Storage Directory /workdir/hadoop-ozone/integration-test/target/test-dir/MiniOzoneClusterImpl-07260cbc-78d8-43ad-9b31-a55aa369dc3b/datanode-0/data/ratis/d3d8ee13-73cb-404c-8402-77eff6dff1d6
2019-09-12 10:16:53,221 [pool-27-thread-1] INFO  server.RaftServerConfigKeys (ConfUtils.java:logGet(43)) - raft.server.log.queue.byte-limit = 2147483647 (custom)
2019-09-12 10:16:53,221 [pool-27-thread-1] INFO  server.RaftServerConfigKeys (ConfUtils.java:logGet(43)) - raft.server.log.queue.element-limit = 1024 (custom)
2019-09-12 10:16:53,221 [pool-27-thread-1] INFO  server.RaftServerConfigKeys (ConfUtils.java:logGet(43)) - raft.server.log.segment.size.max = 1048576 (custom)
2019-09-12 10:16:53,221 [pool-27-thread-1] INFO  server.RaftServerConfigKeys (ConfUtils.java:logGet(43)) - raft.server.log.preallocated.size = 16384 (custom)
2019-09-12 10:16:53,222 [pool-27-thread-1] INFO  server.RaftServerConfigKeys (ConfUtils.java:logGet(43)) - raft.server.log.write.buffer.size = 33554432 (custom)
2019-09-12 10:16:53,222 [pool-27-thread-1] INFO  server.RaftServerConfigKeys (ConfUtils.java:logGet(43)) - raft.server.log.force.sync.num = 128 (default)
2019-09-12 10:16:53,222 [pool-27-thread-1] INFO  server.RaftServerConfigKeys (ConfUtils.java:logGet(43)) - raft.server.log.statemachine.data.sync = true (default)
2019-09-12 10:16:53,222 [pool-27-thread-1] INFO  server.RaftServerConfigKeys (ConfUtils.java:logGet(43)) - raft.server.log.statemachine.data.sync.timeout = 10s (default)
2019-09-12 10:16:53,223 [pool-27-thread-1] INFO  server.RaftServerConfigKeys (ConfUtils.java:logGet(43)) - raft.server.log.statemachine.data.sync.timeout.retry = -1 (default)
2019-09-12 10:16:53,223 [pool-27-thread-1] INFO  server.RaftServerConfigKeys (ConfUtils.java:logGet(43)) - raft.server.log.statemachine.data.caching.enabled = true (custom)
2019-09-12 10:16:53,224 [pool-27-thread-1] INFO  segmented.SegmentedRaftLogWorker (SegmentedRaftLogWorker.java:lambda$new$0(132)) - d125a0e9-cc1d-49ad-8efe-65f48e7470f1-SegmentedRaftLogWorker:Storage Directory /workdir/hadoop-ozone/integration-test/target/test-dir/MiniOzoneClusterImpl-07260cbc-78d8-43ad-9b31-a55aa369dc3b/datanode-0/data/ratis/d3d8ee13-73cb-404c-8402-77eff6dff1d6: flushIndex: setUnconditionally 0 -> -1
2019-09-12 10:16:53,224 [pool-27-thread-1] INFO  server.RaftServerConfigKeys (ConfUtils.java:logGet(43)) - raft.server.snapshot.auto.trigger.enabled = true (custom)
2019-09-12 10:16:53,224 [pool-27-thread-1] INFO  server.RaftServerConfigKeys (ConfUtils.java:logGet(43)) - raft.server.snapshot.auto.trigger.threshold = 10000 (custom)
2019-09-12 10:16:53,224 [pool-27-thread-1] INFO  server.RaftServerConfigKeys (ConfUtils.java:logGet(43)) - raft.server.retrycache.expirytime = 600000ms (custom)
2019-09-12 10:16:53,225 [pool-27-thread-1] INFO  impl.RaftServerImpl (RaftServerImpl.java:start(180)) - d125a0e9-cc1d-49ad-8efe-65f48e7470f1: start group-77EFF6DFF1D6
2019-09-12 10:16:53,225 [pool-27-thread-1] INFO  impl.RaftServerImpl (RaftServerImpl.java:setRole(171)) - d125a0e9-cc1d-49ad-8efe-65f48e7470f1:group-77EFF6DFF1D6 changes role from null to FOLLOWER at term 0 for startAsFollower
2019-09-12 10:16:53,225 [pool-27-thread-1] INFO  impl.RoleInfo (RoleInfo.java:updateAndGet(143)) - d125a0e9-cc1d-49ad-8efe-65f48e7470f1: start FollowerState
2019-09-12 10:16:53,226 [pool-27-thread-1] INFO  util.JmxRegister (JmxRegister.java:tryRegister(44)) - Successfully registered JMX Bean with object name Ratis:service=RaftServer,group=group-77EFF6DFF1D6,id=d125a0e9-cc1d-49ad-8efe-65f48e7470f1
2019-09-12 10:16:53,241 [RatisPipelineUtilsThread] INFO  pipeline.PipelineStateManager (PipelineStateManager.java:addPipeline(56)) - Created pipeline Pipeline[ Id: d3d8ee13-73cb-404c-8402-77eff6dff1d6, Nodes: d125a0e9-cc1d-49ad-8efe-65f48e7470f1{ip: 192.168.157.195, host: pr-hdds-1569-xtfnx-3545843844, networkLocation: /default-rack, certSerialId: null}, Type:RATIS, Factor:ONE, State:OPEN]
2019-09-12 10:16:53,261 [grpc-default-executor-0] INFO  impl.RaftServerProxy (RaftServerProxy.java:addNew(89)) - 2ccaf34f-8eeb-4cb8-b9bf-ec796d9a8e8c: addNew group-B081C38BA180:[2ccaf34f-8eeb-4cb8-b9bf-ec796d9a8e8c:192.168.157.195:42859] returns group-B081C38BA180:java.util.concurrent.CompletableFuture@5f72df8e[Not completed]
2019-09-12 10:16:53,308 [pool-49-thread-1] INFO  impl.RaftServerImpl (RaftServerImpl.java:<init>(93)) - 2ccaf34f-8eeb-4cb8-b9bf-ec796d9a8e8c: new RaftServerImpl for group-B081C38BA180:[2ccaf34f-8eeb-4cb8-b9bf-ec796d9a8e8c:192.168.157.195:42859] with ContainerStateMachine:uninitialized
2019-09-12 10:16:53,309 [pool-49-thread-1] INFO  server.RaftServerConfigKeys (ConfUtils.java:logGet(43)) - raft.server.rpc.timeout.min = 5s (custom)
2019-09-12 10:16:53,309 [pool-49-thread-1] INFO  server.RaftServerConfigKeys (ConfUtils.java:logGet(43)) - raft.server.rpc.timeout.max = 5200ms (custom)
2019-09-12 10:16:53,310 [pool-49-thread-1] INFO  server.RaftServerConfigKeys (ConfUtils.java:logGet(43)) - raft.server.rpcslowness.timeout = 10s (custom)
2019-09-12 10:16:53,310 [pool-49-thread-1] INFO  server.RaftServerConfigKeys (ConfUtils.java:logGet(43)) - raft.server.sleep.deviation.threshold = 300 (default)
2019-09-12 10:16:53,310 [pool-49-thread-1] INFO  server.RaftServerConfigKeys (ConfUtils.java:logGet(43)) - raft.server.log.appender.install.snapshot.enabled = false (custom)
2019-09-12 10:16:53,310 [pool-49-thread-1] INFO  impl.RaftServerImpl (ServerState.java:<init>(105)) - 2ccaf34f-8eeb-4cb8-b9bf-ec796d9a8e8c:group-B081C38BA180 ConfigurationManager, init=-1: [2ccaf34f-8eeb-4cb8-b9bf-ec796d9a8e8c:192.168.157.195:42859], old=null, confs=<EMPTY_MAP>
2019-09-12 10:16:53,311 [pool-49-thread-1] INFO  server.RaftServerConfigKeys (ConfUtils.java:logGet(43)) - raft.server.storage.dir = [/workdir/hadoop-ozone/integration-test/target/test-dir/MiniOzoneClusterImpl-07260cbc-78d8-43ad-9b31-a55aa369dc3b/datanode-2/data/ratis] (custom)
2019-09-12 10:16:53,311 [pool-49-thread-1] INFO  storage.RaftStorageDirectory (RaftStorageDirectory.java:analyzeStorage(246)) - The storage directory /workdir/hadoop-ozone/integration-test/target/test-dir/MiniOzoneClusterImpl-07260cbc-78d8-43ad-9b31-a55aa369dc3b/datanode-2/data/ratis/7544252b-6fe2-4a43-835f-b081c38ba180 does not exist. Creating ...
2019-09-12 10:16:53,326 [pool-49-thread-1] INFO  storage.RaftStorageDirectory (RaftStorageDirectory.java:tryLock(328)) - Lock on /workdir/hadoop-ozone/integration-test/target/test-dir/MiniOzoneClusterImpl-07260cbc-78d8-43ad-9b31-a55aa369dc3b/datanode-2/data/ratis/7544252b-6fe2-4a43-835f-b081c38ba180/in_use.lock acquired by nodename 4851@pr-hdds-1569-xtfnx-3545843844
2019-09-12 10:16:53,339 [pool-49-thread-1] INFO  storage.RaftStorage (RaftStorage.java:format(72)) - Storage directory /workdir/hadoop-ozone/integration-test/target/test-dir/MiniOzoneClusterImpl-07260cbc-78d8-43ad-9b31-a55aa369dc3b/datanode-2/data/ratis/7544252b-6fe2-4a43-835f-b081c38ba180 has been successfully formatted.
2019-09-12 10:16:53,340 [pool-49-thread-1] INFO  ratis.ContainerStateMachine (ContainerStateMachine.java:loadSnapshot(226)) - group-B081C38BA180: The snapshot info is null. Setting the last applied indexto:(t:0, i:~)
2019-09-12 10:16:53,342 [pool-49-thread-1] INFO  server.RaftServerConfigKeys (ConfUtils.java:logGet(43)) - raft.server.leader.election.timeout = 10s (custom)
2019-09-12 10:16:53,342 [pool-49-thread-1] INFO  server.RaftServerConfigKeys (ConfUtils.java:logGet(43)) - raft.server.log.use.memory = false (default)
2019-09-12 10:16:53,342 [pool-49-thread-1] INFO  server.RaftServerConfigKeys (ConfUtils.java:logGet(43)) - raft.server.log.purge.gap = 1000000 (custom)
2019-09-12 10:16:53,342 [pool-49-thread-1] INFO  server.RaftServerConfigKeys (ConfUtils.java:logGet(43)) - raft.server.log.appender.buffer.byte-limit = 33554432 (custom)
2019-09-12 10:16:53,343 [pool-49-thread-1] INFO  server.RaftServerConfigKeys (ConfUtils.java:logGet(43)) - raft.server.log.segment.size.max = 1048576 (custom)
2019-09-12 10:16:53,343 [pool-49-thread-1] INFO  server.RaftServerConfigKeys (ConfUtils.java:logGet(43)) - raft.server.log.segment.cache.num.max = 2 (custom)
2019-09-12 10:16:53,343 [pool-49-thread-1] INFO  segmented.SegmentedRaftLogWorker (SegmentedRaftLogWorker.java:<init>(172)) - new 2ccaf34f-8eeb-4cb8-b9bf-ec796d9a8e8c-SegmentedRaftLogWorker:Storage Directory /workdir/hadoop-ozone/integration-test/target/test-dir/MiniOzoneClusterImpl-07260cbc-78d8-43ad-9b31-a55aa369dc3b/datanode-2/data/ratis/7544252b-6fe2-4a43-835f-b081c38ba180 for RaftStorage:Storage Directory /workdir/hadoop-ozone/integration-test/target/test-dir/MiniOzoneClusterImpl-07260cbc-78d8-43ad-9b31-a55aa369dc3b/datanode-2/data/ratis/7544252b-6fe2-4a43-835f-b081c38ba180
2019-09-12 10:16:53,344 [pool-49-thread-1] INFO  server.RaftServerConfigKeys (ConfUtils.java:logGet(43)) - raft.server.log.queue.byte-limit = 2147483647 (custom)
2019-09-12 10:16:53,344 [pool-49-thread-1] INFO  server.RaftServerConfigKeys (ConfUtils.java:logGet(43)) - raft.server.log.queue.element-limit = 1024 (custom)
2019-09-12 10:16:53,345 [pool-49-thread-1] INFO  server.RaftServerConfigKeys (ConfUtils.java:logGet(43)) - raft.server.log.segment.size.max = 1048576 (custom)
2019-09-12 10:16:53,345 [pool-49-thread-1] INFO  server.RaftServerConfigKeys (ConfUtils.java:logGet(43)) - raft.server.log.preallocated.size = 16384 (custom)
2019-09-12 10:16:53,345 [pool-49-thread-1] INFO  server.RaftServerConfigKeys (ConfUtils.java:logGet(43)) - raft.server.log.write.buffer.size = 33554432 (custom)
2019-09-12 10:16:53,345 [pool-49-thread-1] INFO  server.RaftServerConfigKeys (ConfUtils.java:logGet(43)) - raft.server.log.force.sync.num = 128 (default)
2019-09-12 10:16:53,346 [pool-49-thread-1] INFO  server.RaftServerConfigKeys (ConfUtils.java:logGet(43)) - raft.server.log.statemachine.data.sync = true (default)
2019-09-12 10:16:53,346 [pool-49-thread-1] INFO  server.RaftServerConfigKeys (ConfUtils.java:logGet(43)) - raft.server.log.statemachine.data.sync.timeout = 10s (default)
2019-09-12 10:16:53,346 [pool-49-thread-1] INFO  server.RaftServerConfigKeys (ConfUtils.java:logGet(43)) - raft.server.log.statemachine.data.sync.timeout.retry = -1 (default)
2019-09-12 10:16:53,347 [pool-49-thread-1] INFO  server.RaftServerConfigKeys (ConfUtils.java:logGet(43)) - raft.server.log.statemachine.data.caching.enabled = true (custom)
2019-09-12 10:16:53,347 [pool-49-thread-1] INFO  segmented.SegmentedRaftLogWorker (SegmentedRaftLogWorker.java:lambda$new$0(132)) - 2ccaf34f-8eeb-4cb8-b9bf-ec796d9a8e8c-SegmentedRaftLogWorker:Storage Directory /workdir/hadoop-ozone/integration-test/target/test-dir/MiniOzoneClusterImpl-07260cbc-78d8-43ad-9b31-a55aa369dc3b/datanode-2/data/ratis/7544252b-6fe2-4a43-835f-b081c38ba180: flushIndex: setUnconditionally 0 -> -1
2019-09-12 10:16:53,348 [pool-49-thread-1] INFO  server.RaftServerConfigKeys (ConfUtils.java:logGet(43)) - raft.server.snapshot.auto.trigger.enabled = true (custom)
2019-09-12 10:16:53,348 [pool-49-thread-1] INFO  server.RaftServerConfigKeys (ConfUtils.java:logGet(43)) - raft.server.snapshot.auto.trigger.threshold = 10000 (custom)
2019-09-12 10:16:53,348 [pool-49-thread-1] INFO  server.RaftServerConfigKeys (ConfUtils.java:logGet(43)) - raft.server.retrycache.expirytime = 600000ms (custom)
2019-09-12 10:16:53,349 [pool-49-thread-1] INFO  impl.RaftServerImpl (RaftServerImpl.java:start(180)) - 2ccaf34f-8eeb-4cb8-b9bf-ec796d9a8e8c: start group-B081C38BA180
2019-09-12 10:16:53,349 [pool-49-thread-1] INFO  impl.RaftServerImpl (RaftServerImpl.java:setRole(171)) - 2ccaf34f-8eeb-4cb8-b9bf-ec796d9a8e8c:group-B081C38BA180 changes role from null to FOLLOWER at term 0 for startAsFollower
2019-09-12 10:16:53,349 [pool-49-thread-1] INFO  impl.RoleInfo (RoleInfo.java:updateAndGet(143)) - 2ccaf34f-8eeb-4cb8-b9bf-ec796d9a8e8c: start FollowerState
2019-09-12 10:16:53,351 [pool-49-thread-1] INFO  util.JmxRegister (JmxRegister.java:tryRegister(44)) - Successfully registered JMX Bean with object name Ratis:service=RaftServer,group=group-B081C38BA180,id=2ccaf34f-8eeb-4cb8-b9bf-ec796d9a8e8c
2019-09-12 10:16:53,361 [RatisPipelineUtilsThread] INFO  pipeline.PipelineStateManager (PipelineStateManager.java:addPipeline(56)) - Created pipeline Pipeline[ Id: 7544252b-6fe2-4a43-835f-b081c38ba180, Nodes: 2ccaf34f-8eeb-4cb8-b9bf-ec796d9a8e8c{ip: 192.168.157.195, host: pr-hdds-1569-xtfnx-3545843844, networkLocation: /default-rack, certSerialId: null}, Type:RATIS, Factor:ONE, State:OPEN]
2019-09-12 10:16:53,384 [grpc-default-executor-0] INFO  impl.RaftServerProxy (RaftServerProxy.java:addNew(89)) - 754318a0-7d43-4de4-9a7a-4e513334fcf8: addNew group-E8984CAEC24B:[754318a0-7d43-4de4-9a7a-4e513334fcf8:192.168.157.195:36711] returns group-E8984CAEC24B:java.util.concurrent.CompletableFuture@129bb0a1[Not completed]
2019-09-12 10:16:53,396 [pool-71-thread-1] INFO  impl.RaftServerImpl (RaftServerImpl.java:<init>(93)) - 754318a0-7d43-4de4-9a7a-4e513334fcf8: new RaftServerImpl for group-E8984CAEC24B:[754318a0-7d43-4de4-9a7a-4e513334fcf8:192.168.157.195:36711] with ContainerStateMachine:uninitialized
2019-09-12 10:16:53,396 [pool-71-thread-1] INFO  server.RaftServerConfigKeys (ConfUtils.java:logGet(43)) - raft.server.rpc.timeout.min = 5s (custom)
2019-09-12 10:16:53,397 [pool-71-thread-1] INFO  server.RaftServerConfigKeys (ConfUtils.java:logGet(43)) - raft.server.rpc.timeout.max = 5200ms (custom)
2019-09-12 10:16:53,397 [pool-71-thread-1] INFO  server.RaftServerConfigKeys (ConfUtils.java:logGet(43)) - raft.server.rpcslowness.timeout = 10s (custom)
2019-09-12 10:16:53,397 [pool-71-thread-1] INFO  server.RaftServerConfigKeys (ConfUtils.java:logGet(43)) - raft.server.sleep.deviation.threshold = 300 (default)
2019-09-12 10:16:53,397 [pool-71-thread-1] INFO  server.RaftServerConfigKeys (ConfUtils.java:logGet(43)) - raft.server.log.appender.install.snapshot.enabled = false (custom)
2019-09-12 10:16:53,397 [pool-71-thread-1] INFO  impl.RaftServerImpl (ServerState.java:<init>(105)) - 754318a0-7d43-4de4-9a7a-4e513334fcf8:group-E8984CAEC24B ConfigurationManager, init=-1: [754318a0-7d43-4de4-9a7a-4e513334fcf8:192.168.157.195:36711], old=null, confs=<EMPTY_MAP>
2019-09-12 10:16:53,398 [pool-71-thread-1] INFO  server.RaftServerConfigKeys (ConfUtils.java:logGet(43)) - raft.server.storage.dir = [/workdir/hadoop-ozone/integration-test/target/test-dir/MiniOzoneClusterImpl-07260cbc-78d8-43ad-9b31-a55aa369dc3b/datanode-4/data/ratis] (custom)
2019-09-12 10:16:53,398 [pool-71-thread-1] INFO  storage.RaftStorageDirectory (RaftStorageDirectory.java:analyzeStorage(246)) - The storage directory /workdir/hadoop-ozone/integration-test/target/test-dir/MiniOzoneClusterImpl-07260cbc-78d8-43ad-9b31-a55aa369dc3b/datanode-4/data/ratis/6bc8e0fb-ee8e-4648-a0cb-e8984caec24b does not exist. Creating ...
2019-09-12 10:16:53,411 [pool-71-thread-1] INFO  storage.RaftStorageDirectory (RaftStorageDirectory.java:tryLock(328)) - Lock on /workdir/hadoop-ozone/integration-test/target/test-dir/MiniOzoneClusterImpl-07260cbc-78d8-43ad-9b31-a55aa369dc3b/datanode-4/data/ratis/6bc8e0fb-ee8e-4648-a0cb-e8984caec24b/in_use.lock acquired by nodename 4851@pr-hdds-1569-xtfnx-3545843844
2019-09-12 10:16:53,424 [pool-71-thread-1] INFO  storage.RaftStorage (RaftStorage.java:format(72)) - Storage directory /workdir/hadoop-ozone/integration-test/target/test-dir/MiniOzoneClusterImpl-07260cbc-78d8-43ad-9b31-a55aa369dc3b/datanode-4/data/ratis/6bc8e0fb-ee8e-4648-a0cb-e8984caec24b has been successfully formatted.
2019-09-12 10:16:53,424 [pool-71-thread-1] INFO  ratis.ContainerStateMachine (ContainerStateMachine.java:loadSnapshot(226)) - group-E8984CAEC24B: The snapshot info is null. Setting the last applied indexto:(t:0, i:~)
2019-09-12 10:16:53,425 [pool-71-thread-1] INFO  server.RaftServerConfigKeys (ConfUtils.java:logGet(43)) - raft.server.leader.election.timeout = 10s (custom)
2019-09-12 10:16:53,425 [pool-71-thread-1] INFO  server.RaftServerConfigKeys (ConfUtils.java:logGet(43)) - raft.server.log.use.memory = false (default)
2019-09-12 10:16:53,425 [pool-71-thread-1] INFO  server.RaftServerConfigKeys (ConfUtils.java:logGet(43)) - raft.server.log.purge.gap = 1000000 (custom)
2019-09-12 10:16:53,425 [pool-71-thread-1] INFO  server.RaftServerConfigKeys (ConfUtils.java:logGet(43)) - raft.server.log.appender.buffer.byte-limit = 33554432 (custom)
2019-09-12 10:16:53,425 [pool-71-thread-1] INFO  server.RaftServerConfigKeys (ConfUtils.java:logGet(43)) - raft.server.log.segment.size.max = 1048576 (custom)
2019-09-12 10:16:53,426 [pool-71-thread-1] INFO  server.RaftServerConfigKeys (ConfUtils.java:logGet(43)) - raft.server.log.segment.cache.num.max = 2 (custom)
2019-09-12 10:16:53,426 [pool-71-thread-1] INFO  segmented.SegmentedRaftLogWorker (SegmentedRaftLogWorker.java:<init>(172)) - new 754318a0-7d43-4de4-9a7a-4e513334fcf8-SegmentedRaftLogWorker:Storage Directory /workdir/hadoop-ozone/integration-test/target/test-dir/MiniOzoneClusterImpl-07260cbc-78d8-43ad-9b31-a55aa369dc3b/datanode-4/data/ratis/6bc8e0fb-ee8e-4648-a0cb-e8984caec24b for RaftStorage:Storage Directory /workdir/hadoop-ozone/integration-test/target/test-dir/MiniOzoneClusterImpl-07260cbc-78d8-43ad-9b31-a55aa369dc3b/datanode-4/data/ratis/6bc8e0fb-ee8e-4648-a0cb-e8984caec24b
2019-09-12 10:16:53,426 [pool-71-thread-1] INFO  server.RaftServerConfigKeys (ConfUtils.java:logGet(43)) - raft.server.log.queue.byte-limit = 2147483647 (custom)
2019-09-12 10:16:53,426 [pool-71-thread-1] INFO  server.RaftServerConfigKeys (ConfUtils.java:logGet(43)) - raft.server.log.queue.element-limit = 1024 (custom)
2019-09-12 10:16:53,427 [pool-71-thread-1] INFO  server.RaftServerConfigKeys (ConfUtils.java:logGet(43)) - raft.server.log.segment.size.max = 1048576 (custom)
2019-09-12 10:16:53,427 [pool-71-thread-1] INFO  server.RaftServerConfigKeys (ConfUtils.java:logGet(43)) - raft.server.log.preallocated.size = 16384 (custom)
2019-09-12 10:16:53,427 [pool-71-thread-1] INFO  server.RaftServerConfigKeys (ConfUtils.java:logGet(43)) - raft.server.log.write.buffer.size = 33554432 (custom)
2019-09-12 10:16:53,427 [pool-71-thread-1] INFO  server.RaftServerConfigKeys (ConfUtils.java:logGet(43)) - raft.server.log.force.sync.num = 128 (default)
2019-09-12 10:16:53,428 [pool-71-thread-1] INFO  server.RaftServerConfigKeys (ConfUtils.java:logGet(43)) - raft.server.log.statemachine.data.sync = true (default)
2019-09-12 10:16:53,428 [pool-71-thread-1] INFO  server.RaftServerConfigKeys (ConfUtils.java:logGet(43)) - raft.server.log.statemachine.data.sync.timeout = 10s (default)
2019-09-12 10:16:53,428 [pool-71-thread-1] INFO  server.RaftServerConfigKeys (ConfUtils.java:logGet(43)) - raft.server.log.statemachine.data.sync.timeout.retry = -1 (default)
2019-09-12 10:16:53,428 [pool-71-thread-1] INFO  server.RaftServerConfigKeys (ConfUtils.java:logGet(43)) - raft.server.log.statemachine.data.caching.enabled = true (custom)
2019-09-12 10:16:53,429 [pool-71-thread-1] INFO  segmented.SegmentedRaftLogWorker (SegmentedRaftLogWorker.java:lambda$new$0(132)) - 754318a0-7d43-4de4-9a7a-4e513334fcf8-SegmentedRaftLogWorker:Storage Directory /workdir/hadoop-ozone/integration-test/target/test-dir/MiniOzoneClusterImpl-07260cbc-78d8-43ad-9b31-a55aa369dc3b/datanode-4/data/ratis/6bc8e0fb-ee8e-4648-a0cb-e8984caec24b: flushIndex: setUnconditionally 0 -> -1
2019-09-12 10:16:53,429 [pool-71-thread-1] INFO  server.RaftServerConfigKeys (ConfUtils.java:logGet(43)) - raft.server.snapshot.auto.trigger.enabled = true (custom)
2019-09-12 10:16:53,429 [pool-71-thread-1] INFO  server.RaftServerConfigKeys (ConfUtils.java:logGet(43)) - raft.server.snapshot.auto.trigger.threshold = 10000 (custom)
2019-09-12 10:16:53,430 [pool-71-thread-1] INFO  server.RaftServerConfigKeys (ConfUtils.java:logGet(43)) - raft.server.retrycache.expirytime = 600000ms (custom)
2019-09-12 10:16:53,430 [pool-71-thread-1] INFO  impl.RaftServerImpl (RaftServerImpl.java:start(180)) - 754318a0-7d43-4de4-9a7a-4e513334fcf8: start group-E8984CAEC24B
2019-09-12 10:16:53,430 [pool-71-thread-1] INFO  impl.RaftServerImpl (RaftServerImpl.java:setRole(171)) - 754318a0-7d43-4de4-9a7a-4e513334fcf8:group-E8984CAEC24B changes role from null to FOLLOWER at term 0 for startAsFollower
2019-09-12 10:16:53,430 [pool-71-thread-1] INFO  impl.RoleInfo (RoleInfo.java:updateAndGet(143)) - 754318a0-7d43-4de4-9a7a-4e513334fcf8: start FollowerState
2019-09-12 10:16:53,431 [pool-71-thread-1] INFO  util.JmxRegister (JmxRegister.java:tryRegister(44)) - Successfully registered JMX Bean with object name Ratis:service=RaftServer,group=group-E8984CAEC24B,id=754318a0-7d43-4de4-9a7a-4e513334fcf8
2019-09-12 10:16:53,444 [RatisPipelineUtilsThread] INFO  pipeline.PipelineStateManager (PipelineStateManager.java:addPipeline(56)) - Created pipeline Pipeline[ Id: 6bc8e0fb-ee8e-4648-a0cb-e8984caec24b, Nodes: 754318a0-7d43-4de4-9a7a-4e513334fcf8{ip: 192.168.157.195, host: pr-hdds-1569-xtfnx-3545843844, networkLocation: /default-rack, certSerialId: null}, Type:RATIS, Factor:ONE, State:OPEN]
2019-09-12 10:16:53,464 [grpc-default-executor-0] INFO  impl.RaftServerProxy (RaftServerProxy.java:addNew(89)) - 754318a0-7d43-4de4-9a7a-4e513334fcf8: addNew group-8A872F9FA28B:[754318a0-7d43-4de4-9a7a-4e513334fcf8:192.168.157.195:36711] returns group-8A872F9FA28B:java.util.concurrent.CompletableFuture@34287626[Not completed]
2019-09-12 10:16:53,466 [pool-71-thread-1] INFO  impl.RaftServerImpl (RaftServerImpl.java:<init>(93)) - 754318a0-7d43-4de4-9a7a-4e513334fcf8: new RaftServerImpl for group-8A872F9FA28B:[754318a0-7d43-4de4-9a7a-4e513334fcf8:192.168.157.195:36711] with ContainerStateMachine:uninitialized
2019-09-12 10:16:53,466 [pool-71-thread-1] INFO  server.RaftServerConfigKeys (ConfUtils.java:logGet(43)) - raft.server.rpc.timeout.min = 5s (custom)
2019-09-12 10:16:53,466 [pool-71-thread-1] INFO  server.RaftServerConfigKeys (ConfUtils.java:logGet(43)) - raft.server.rpc.timeout.max = 5200ms (custom)
2019-09-12 10:16:53,466 [pool-71-thread-1] INFO  server.RaftServerConfigKeys (ConfUtils.java:logGet(43)) - raft.server.rpcslowness.timeout = 10s (custom)
2019-09-12 10:16:53,466 [pool-71-thread-1] INFO  server.RaftServerConfigKeys (ConfUtils.java:logGet(43)) - raft.server.sleep.deviation.threshold = 300 (default)
2019-09-12 10:16:53,467 [pool-71-thread-1] INFO  server.RaftServerConfigKeys (ConfUtils.java:logGet(43)) - raft.server.log.appender.install.snapshot.enabled = false (custom)
2019-09-12 10:16:53,467 [pool-71-thread-1] INFO  impl.RaftServerImpl (ServerState.java:<init>(105)) - 754318a0-7d43-4de4-9a7a-4e513334fcf8:group-8A872F9FA28B ConfigurationManager, init=-1: [754318a0-7d43-4de4-9a7a-4e513334fcf8:192.168.157.195:36711], old=null, confs=<EMPTY_MAP>
2019-09-12 10:16:53,467 [pool-71-thread-1] INFO  server.RaftServerConfigKeys (ConfUtils.java:logGet(43)) - raft.server.storage.dir = [/workdir/hadoop-ozone/integration-test/target/test-dir/MiniOzoneClusterImpl-07260cbc-78d8-43ad-9b31-a55aa369dc3b/datanode-4/data/ratis] (custom)
2019-09-12 10:16:53,467 [pool-71-thread-1] INFO  storage.RaftStorageDirectory (RaftStorageDirectory.java:analyzeStorage(246)) - The storage directory /workdir/hadoop-ozone/integration-test/target/test-dir/MiniOzoneClusterImpl-07260cbc-78d8-43ad-9b31-a55aa369dc3b/datanode-4/data/ratis/f2998486-4e6a-4c06-86fb-8a872f9fa28b does not exist. Creating ...
2019-09-12 10:16:53,480 [pool-71-thread-1] INFO  storage.RaftStorageDirectory (RaftStorageDirectory.java:tryLock(328)) - Lock on /workdir/hadoop-ozone/integration-test/target/test-dir/MiniOzoneClusterImpl-07260cbc-78d8-43ad-9b31-a55aa369dc3b/datanode-4/data/ratis/f2998486-4e6a-4c06-86fb-8a872f9fa28b/in_use.lock acquired by nodename 4851@pr-hdds-1569-xtfnx-3545843844
2019-09-12 10:16:53,494 [pool-71-thread-1] INFO  storage.RaftStorage (RaftStorage.java:format(72)) - Storage directory /workdir/hadoop-ozone/integration-test/target/test-dir/MiniOzoneClusterImpl-07260cbc-78d8-43ad-9b31-a55aa369dc3b/datanode-4/data/ratis/f2998486-4e6a-4c06-86fb-8a872f9fa28b has been successfully formatted.
2019-09-12 10:16:53,494 [pool-71-thread-1] INFO  ratis.ContainerStateMachine (ContainerStateMachine.java:loadSnapshot(226)) - group-8A872F9FA28B: The snapshot info is null. Setting the last applied indexto:(t:0, i:~)
2019-09-12 10:16:53,495 [pool-71-thread-1] INFO  server.RaftServerConfigKeys (ConfUtils.java:logGet(43)) - raft.server.leader.election.timeout = 10s (custom)
2019-09-12 10:16:53,495 [pool-71-thread-1] INFO  server.RaftServerConfigKeys (ConfUtils.java:logGet(43)) - raft.server.log.use.memory = false (default)
2019-09-12 10:16:53,495 [pool-71-thread-1] INFO  server.RaftServerConfigKeys (ConfUtils.java:logGet(43)) - raft.server.log.purge.gap = 1000000 (custom)
2019-09-12 10:16:53,495 [pool-71-thread-1] INFO  server.RaftServerConfigKeys (ConfUtils.java:logGet(43)) - raft.server.log.appender.buffer.byte-limit = 33554432 (custom)
2019-09-12 10:16:53,495 [pool-71-thread-1] INFO  server.RaftServerConfigKeys (ConfUtils.java:logGet(43)) - raft.server.log.segment.size.max = 1048576 (custom)
2019-09-12 10:16:53,495 [pool-71-thread-1] INFO  server.RaftServerConfigKeys (ConfUtils.java:logGet(43)) - raft.server.log.segment.cache.num.max = 2 (custom)
2019-09-12 10:16:53,496 [pool-71-thread-1] INFO  segmented.SegmentedRaftLogWorker (SegmentedRaftLogWorker.java:<init>(172)) - new 754318a0-7d43-4de4-9a7a-4e513334fcf8-SegmentedRaftLogWorker:Storage Directory /workdir/hadoop-ozone/integration-test/target/test-dir/MiniOzoneClusterImpl-07260cbc-78d8-43ad-9b31-a55aa369dc3b/datanode-4/data/ratis/f2998486-4e6a-4c06-86fb-8a872f9fa28b for RaftStorage:Storage Directory /workdir/hadoop-ozone/integration-test/target/test-dir/MiniOzoneClusterImpl-07260cbc-78d8-43ad-9b31-a55aa369dc3b/datanode-4/data/ratis/f2998486-4e6a-4c06-86fb-8a872f9fa28b
2019-09-12 10:16:53,496 [pool-71-thread-1] INFO  server.RaftServerConfigKeys (ConfUtils.java:logGet(43)) - raft.server.log.queue.byte-limit = 2147483647 (custom)
2019-09-12 10:16:53,496 [pool-71-thread-1] INFO  server.RaftServerConfigKeys (ConfUtils.java:logGet(43)) - raft.server.log.queue.element-limit = 1024 (custom)
2019-09-12 10:16:53,496 [pool-71-thread-1] INFO  server.RaftServerConfigKeys (ConfUtils.java:logGet(43)) - raft.server.log.segment.size.max = 1048576 (custom)
2019-09-12 10:16:53,496 [pool-71-thread-1] INFO  server.RaftServerConfigKeys (ConfUtils.java:logGet(43)) - raft.server.log.preallocated.size = 16384 (custom)
2019-09-12 10:16:53,497 [pool-71-thread-1] INFO  server.RaftServerConfigKeys (ConfUtils.java:logGet(43)) - raft.server.log.write.buffer.size = 33554432 (custom)
2019-09-12 10:16:53,497 [pool-71-thread-1] INFO  server.RaftServerConfigKeys (ConfUtils.java:logGet(43)) - raft.server.log.force.sync.num = 128 (default)
2019-09-12 10:16:53,497 [pool-71-thread-1] INFO  server.RaftServerConfigKeys (ConfUtils.java:logGet(43)) - raft.server.log.statemachine.data.sync = true (default)
2019-09-12 10:16:53,497 [pool-71-thread-1] INFO  server.RaftServerConfigKeys (ConfUtils.java:logGet(43)) - raft.server.log.statemachine.data.sync.timeout = 10s (default)
2019-09-12 10:16:53,497 [pool-71-thread-1] INFO  server.RaftServerConfigKeys (ConfUtils.java:logGet(43)) - raft.server.log.statemachine.data.sync.timeout.retry = -1 (default)
2019-09-12 10:16:53,498 [pool-71-thread-1] INFO  server.RaftServerConfigKeys (ConfUtils.java:logGet(43)) - raft.server.log.statemachine.data.caching.enabled = true (custom)
2019-09-12 10:16:53,498 [pool-71-thread-1] INFO  segmented.SegmentedRaftLogWorker (SegmentedRaftLogWorker.java:lambda$new$0(132)) - 754318a0-7d43-4de4-9a7a-4e513334fcf8-SegmentedRaftLogWorker:Storage Directory /workdir/hadoop-ozone/integration-test/target/test-dir/MiniOzoneClusterImpl-07260cbc-78d8-43ad-9b31-a55aa369dc3b/datanode-4/data/ratis/f2998486-4e6a-4c06-86fb-8a872f9fa28b: flushIndex: setUnconditionally 0 -> -1
2019-09-12 10:16:53,498 [pool-71-thread-1] INFO  server.RaftServerConfigKeys (ConfUtils.java:logGet(43)) - raft.server.snapshot.auto.trigger.enabled = true (custom)
2019-09-12 10:16:53,498 [pool-71-thread-1] INFO  server.RaftServerConfigKeys (ConfUtils.java:logGet(43)) - raft.server.snapshot.auto.trigger.threshold = 10000 (custom)
2019-09-12 10:16:53,499 [pool-71-thread-1] INFO  server.RaftServerConfigKeys (ConfUtils.java:logGet(43)) - raft.server.retrycache.expirytime = 600000ms (custom)
2019-09-12 10:16:53,499 [pool-71-thread-1] INFO  impl.RaftServerImpl (RaftServerImpl.java:start(180)) - 754318a0-7d43-4de4-9a7a-4e513334fcf8: start group-8A872F9FA28B
2019-09-12 10:16:53,499 [pool-71-thread-1] INFO  impl.RaftServerImpl (RaftServerImpl.java:setRole(171)) - 754318a0-7d43-4de4-9a7a-4e513334fcf8:group-8A872F9FA28B changes role from null to FOLLOWER at term 0 for startAsFollower
2019-09-12 10:16:53,499 [pool-71-thread-1] INFO  impl.RoleInfo (RoleInfo.java:updateAndGet(143)) - 754318a0-7d43-4de4-9a7a-4e513334fcf8: start FollowerState
2019-09-12 10:16:53,500 [pool-71-thread-1] INFO  util.JmxRegister (JmxRegister.java:tryRegister(44)) - Successfully registered JMX Bean with object name Ratis:service=RaftServer,group=group-8A872F9FA28B,id=754318a0-7d43-4de4-9a7a-4e513334fcf8
2019-09-12 10:16:53,513 [RatisPipelineUtilsThread] INFO  pipeline.PipelineStateManager (PipelineStateManager.java:addPipeline(56)) - Created pipeline Pipeline[ Id: f2998486-4e6a-4c06-86fb-8a872f9fa28b, Nodes: 754318a0-7d43-4de4-9a7a-4e513334fcf8{ip: 192.168.157.195, host: pr-hdds-1569-xtfnx-3545843844, networkLocation: /default-rack, certSerialId: null}, Type:RATIS, Factor:ONE, State:OPEN]
2019-09-12 10:16:53,538 [grpc-default-executor-0] INFO  impl.RaftServerProxy (RaftServerProxy.java:addNew(89)) - 2ccaf34f-8eeb-4cb8-b9bf-ec796d9a8e8c: addNew group-809AA36F1D90:[2ccaf34f-8eeb-4cb8-b9bf-ec796d9a8e8c:192.168.157.195:42859] returns group-809AA36F1D90:java.util.concurrent.CompletableFuture@24dc0d9d[Not completed]
2019-09-12 10:16:53,542 [pool-49-thread-1] INFO  impl.RaftServerImpl (RaftServerImpl.java:<init>(93)) - 2ccaf34f-8eeb-4cb8-b9bf-ec796d9a8e8c: new RaftServerImpl for group-809AA36F1D90:[2ccaf34f-8eeb-4cb8-b9bf-ec796d9a8e8c:192.168.157.195:42859] with ContainerStateMachine:uninitialized
2019-09-12 10:16:53,542 [pool-49-thread-1] INFO  server.RaftServerConfigKeys (ConfUtils.java:logGet(43)) - raft.server.rpc.timeout.min = 5s (custom)
2019-09-12 10:16:53,542 [pool-49-thread-1] INFO  server.RaftServerConfigKeys (ConfUtils.java:logGet(43)) - raft.server.rpc.timeout.max = 5200ms (custom)
2019-09-12 10:16:53,542 [pool-49-thread-1] INFO  server.RaftServerConfigKeys (ConfUtils.java:logGet(43)) - raft.server.rpcslowness.timeout = 10s (custom)
2019-09-12 10:16:53,543 [pool-49-thread-1] INFO  server.RaftServerConfigKeys (ConfUtils.java:logGet(43)) - raft.server.sleep.deviation.threshold = 300 (default)
2019-09-12 10:16:53,543 [pool-49-thread-1] INFO  server.RaftServerConfigKeys (ConfUtils.java:logGet(43)) - raft.server.log.appender.install.snapshot.enabled = false (custom)
2019-09-12 10:16:53,543 [pool-49-thread-1] INFO  impl.RaftServerImpl (ServerState.java:<init>(105)) - 2ccaf34f-8eeb-4cb8-b9bf-ec796d9a8e8c:group-809AA36F1D90 ConfigurationManager, init=-1: [2ccaf34f-8eeb-4cb8-b9bf-ec796d9a8e8c:192.168.157.195:42859], old=null, confs=<EMPTY_MAP>
2019-09-12 10:16:53,543 [pool-49-thread-1] INFO  server.RaftServerConfigKeys (ConfUtils.java:logGet(43)) - raft.server.storage.dir = [/workdir/hadoop-ozone/integration-test/target/test-dir/MiniOzoneClusterImpl-07260cbc-78d8-43ad-9b31-a55aa369dc3b/datanode-2/data/ratis] (custom)
2019-09-12 10:16:53,544 [pool-49-thread-1] INFO  storage.RaftStorageDirectory (RaftStorageDirectory.java:analyzeStorage(246)) - The storage directory /workdir/hadoop-ozone/integration-test/target/test-dir/MiniOzoneClusterImpl-07260cbc-78d8-43ad-9b31-a55aa369dc3b/datanode-2/data/ratis/7efd8472-e19a-485d-b540-809aa36f1d90 does not exist. Creating ...
2019-09-12 10:16:53,556 [pool-49-thread-1] INFO  storage.RaftStorageDirectory (RaftStorageDirectory.java:tryLock(328)) - Lock on /workdir/hadoop-ozone/integration-test/target/test-dir/MiniOzoneClusterImpl-07260cbc-78d8-43ad-9b31-a55aa369dc3b/datanode-2/data/ratis/7efd8472-e19a-485d-b540-809aa36f1d90/in_use.lock acquired by nodename 4851@pr-hdds-1569-xtfnx-3545843844
2019-09-12 10:16:53,570 [pool-49-thread-1] INFO  storage.RaftStorage (RaftStorage.java:format(72)) - Storage directory /workdir/hadoop-ozone/integration-test/target/test-dir/MiniOzoneClusterImpl-07260cbc-78d8-43ad-9b31-a55aa369dc3b/datanode-2/data/ratis/7efd8472-e19a-485d-b540-809aa36f1d90 has been successfully formatted.
2019-09-12 10:16:53,570 [pool-49-thread-1] INFO  ratis.ContainerStateMachine (ContainerStateMachine.java:loadSnapshot(226)) - group-809AA36F1D90: The snapshot info is null. Setting the last applied indexto:(t:0, i:~)
2019-09-12 10:16:53,570 [pool-49-thread-1] INFO  server.RaftServerConfigKeys (ConfUtils.java:logGet(43)) - raft.server.leader.election.timeout = 10s (custom)
2019-09-12 10:16:53,571 [pool-49-thread-1] INFO  server.RaftServerConfigKeys (ConfUtils.java:logGet(43)) - raft.server.log.use.memory = false (default)
2019-09-12 10:16:53,571 [pool-49-thread-1] INFO  server.RaftServerConfigKeys (ConfUtils.java:logGet(43)) - raft.server.log.purge.gap = 1000000 (custom)
2019-09-12 10:16:53,571 [pool-49-thread-1] INFO  server.RaftServerConfigKeys (ConfUtils.java:logGet(43)) - raft.server.log.appender.buffer.byte-limit = 33554432 (custom)
2019-09-12 10:16:53,571 [pool-49-thread-1] INFO  server.RaftServerConfigKeys (ConfUtils.java:logGet(43)) - raft.server.log.segment.size.max = 1048576 (custom)
2019-09-12 10:16:53,572 [pool-49-thread-1] INFO  server.RaftServerConfigKeys (ConfUtils.java:logGet(43)) - raft.server.log.segment.cache.num.max = 2 (custom)
2019-09-12 10:16:53,572 [pool-49-thread-1] INFO  segmented.SegmentedRaftLogWorker (SegmentedRaftLogWorker.java:<init>(172)) - new 2ccaf34f-8eeb-4cb8-b9bf-ec796d9a8e8c-SegmentedRaftLogWorker:Storage Directory /workdir/hadoop-ozone/integration-test/target/test-dir/MiniOzoneClusterImpl-07260cbc-78d8-43ad-9b31-a55aa369dc3b/datanode-2/data/ratis/7efd8472-e19a-485d-b540-809aa36f1d90 for RaftStorage:Storage Directory /workdir/hadoop-ozone/integration-test/target/test-dir/MiniOzoneClusterImpl-07260cbc-78d8-43ad-9b31-a55aa369dc3b/datanode-2/data/ratis/7efd8472-e19a-485d-b540-809aa36f1d90
2019-09-12 10:16:53,572 [pool-49-thread-1] INFO  server.RaftServerConfigKeys (ConfUtils.java:logGet(43)) - raft.server.log.queue.byte-limit = 2147483647 (custom)
2019-09-12 10:16:53,572 [pool-49-thread-1] INFO  server.RaftServerConfigKeys (ConfUtils.java:logGet(43)) - raft.server.log.queue.element-limit = 1024 (custom)
2019-09-12 10:16:53,572 [pool-49-thread-1] INFO  server.RaftServerConfigKeys (ConfUtils.java:logGet(43)) - raft.server.log.segment.size.max = 1048576 (custom)
2019-09-12 10:16:53,573 [pool-49-thread-1] INFO  server.RaftServerConfigKeys (ConfUtils.java:logGet(43)) - raft.server.log.preallocated.size = 16384 (custom)
2019-09-12 10:16:53,573 [pool-49-thread-1] INFO  server.RaftServerConfigKeys (ConfUtils.java:logGet(43)) - raft.server.log.write.buffer.size = 33554432 (custom)
2019-09-12 10:16:53,573 [pool-49-thread-1] INFO  server.RaftServerConfigKeys (ConfUtils.java:logGet(43)) - raft.server.log.force.sync.num = 128 (default)
2019-09-12 10:16:53,573 [pool-49-thread-1] INFO  server.RaftServerConfigKeys (ConfUtils.java:logGet(43)) - raft.server.log.statemachine.data.sync = true (default)
2019-09-12 10:16:53,573 [pool-49-thread-1] INFO  server.RaftServerConfigKeys (ConfUtils.java:logGet(43)) - raft.server.log.statemachine.data.sync.timeout = 10s (default)
2019-09-12 10:16:53,574 [pool-49-thread-1] INFO  server.RaftServerConfigKeys (ConfUtils.java:logGet(43)) - raft.server.log.statemachine.data.sync.timeout.retry = -1 (default)
2019-09-12 10:16:53,574 [pool-49-thread-1] INFO  server.RaftServerConfigKeys (ConfUtils.java:logGet(43)) - raft.server.log.statemachine.data.caching.enabled = true (custom)
2019-09-12 10:16:53,574 [pool-49-thread-1] INFO  segmented.SegmentedRaftLogWorker (SegmentedRaftLogWorker.java:lambda$new$0(132)) - 2ccaf34f-8eeb-4cb8-b9bf-ec796d9a8e8c-SegmentedRaftLogWorker:Storage Directory /workdir/hadoop-ozone/integration-test/target/test-dir/MiniOzoneClusterImpl-07260cbc-78d8-43ad-9b31-a55aa369dc3b/datanode-2/data/ratis/7efd8472-e19a-485d-b540-809aa36f1d90: flushIndex: setUnconditionally 0 -> -1
2019-09-12 10:16:53,575 [pool-49-thread-1] INFO  server.RaftServerConfigKeys (ConfUtils.java:logGet(43)) - raft.server.snapshot.auto.trigger.enabled = true (custom)
2019-09-12 10:16:53,575 [pool-49-thread-1] INFO  server.RaftServerConfigKeys (ConfUtils.java:logGet(43)) - raft.server.snapshot.auto.trigger.threshold = 10000 (custom)
2019-09-12 10:16:53,575 [pool-49-thread-1] INFO  server.RaftServerConfigKeys (ConfUtils.java:logGet(43)) - raft.server.retrycache.expirytime = 600000ms (custom)
2019-09-12 10:16:53,576 [pool-49-thread-1] INFO  impl.RaftServerImpl (RaftServerImpl.java:start(180)) - 2ccaf34f-8eeb-4cb8-b9bf-ec796d9a8e8c: start group-809AA36F1D90
2019-09-12 10:16:53,576 [pool-49-thread-1] INFO  impl.RaftServerImpl (RaftServerImpl.java:setRole(171)) - 2ccaf34f-8eeb-4cb8-b9bf-ec796d9a8e8c:group-809AA36F1D90 changes role from null to FOLLOWER at term 0 for startAsFollower
2019-09-12 10:16:53,576 [pool-49-thread-1] INFO  impl.RoleInfo (RoleInfo.java:updateAndGet(143)) - 2ccaf34f-8eeb-4cb8-b9bf-ec796d9a8e8c: start FollowerState
2019-09-12 10:16:53,577 [pool-49-thread-1] INFO  util.JmxRegister (JmxRegister.java:tryRegister(44)) - Successfully registered JMX Bean with object name Ratis:service=RaftServer,group=group-809AA36F1D90,id=2ccaf34f-8eeb-4cb8-b9bf-ec796d9a8e8c
2019-09-12 10:16:53,589 [RatisPipelineUtilsThread] INFO  pipeline.PipelineStateManager (PipelineStateManager.java:addPipeline(56)) - Created pipeline Pipeline[ Id: 7efd8472-e19a-485d-b540-809aa36f1d90, Nodes: 2ccaf34f-8eeb-4cb8-b9bf-ec796d9a8e8c{ip: 192.168.157.195, host: pr-hdds-1569-xtfnx-3545843844, networkLocation: /default-rack, certSerialId: null}, Type:RATIS, Factor:ONE, State:OPEN]
2019-09-12 10:16:53,607 [grpc-default-executor-0] INFO  impl.RaftServerProxy (RaftServerProxy.java:addNew(89)) - 2c6903b2-bd88-4155-8644-e70f9499caec: addNew group-9F95C5A03BA9:[2c6903b2-bd88-4155-8644-e70f9499caec:192.168.157.195:40334] returns group-9F95C5A03BA9:java.util.concurrent.CompletableFuture@6af3a538[Not completed]
2019-09-12 10:16:53,609 [pool-38-thread-1] INFO  impl.RaftServerImpl (RaftServerImpl.java:<init>(93)) - 2c6903b2-bd88-4155-8644-e70f9499caec: new RaftServerImpl for group-9F95C5A03BA9:[2c6903b2-bd88-4155-8644-e70f9499caec:192.168.157.195:40334] with ContainerStateMachine:uninitialized
2019-09-12 10:16:53,610 [pool-38-thread-1] INFO  server.RaftServerConfigKeys (ConfUtils.java:logGet(43)) - raft.server.rpc.timeout.min = 5s (custom)
2019-09-12 10:16:53,610 [pool-38-thread-1] INFO  server.RaftServerConfigKeys (ConfUtils.java:logGet(43)) - raft.server.rpc.timeout.max = 5200ms (custom)
2019-09-12 10:16:53,610 [pool-38-thread-1] INFO  server.RaftServerConfigKeys (ConfUtils.java:logGet(43)) - raft.server.rpcslowness.timeout = 10s (custom)
2019-09-12 10:16:53,610 [pool-38-thread-1] INFO  server.RaftServerConfigKeys (ConfUtils.java:logGet(43)) - raft.server.sleep.deviation.threshold = 300 (default)
2019-09-12 10:16:53,611 [pool-38-thread-1] INFO  server.RaftServerConfigKeys (ConfUtils.java:logGet(43)) - raft.server.log.appender.install.snapshot.enabled = false (custom)
2019-09-12 10:16:53,611 [pool-38-thread-1] INFO  impl.RaftServerImpl (ServerState.java:<init>(105)) - 2c6903b2-bd88-4155-8644-e70f9499caec:group-9F95C5A03BA9 ConfigurationManager, init=-1: [2c6903b2-bd88-4155-8644-e70f9499caec:192.168.157.195:40334], old=null, confs=<EMPTY_MAP>
2019-09-12 10:16:53,611 [pool-38-thread-1] INFO  server.RaftServerConfigKeys (ConfUtils.java:logGet(43)) - raft.server.storage.dir = [/workdir/hadoop-ozone/integration-test/target/test-dir/MiniOzoneClusterImpl-07260cbc-78d8-43ad-9b31-a55aa369dc3b/datanode-1/data/ratis] (custom)
2019-09-12 10:16:53,612 [pool-38-thread-1] INFO  storage.RaftStorageDirectory (RaftStorageDirectory.java:analyzeStorage(246)) - The storage directory /workdir/hadoop-ozone/integration-test/target/test-dir/MiniOzoneClusterImpl-07260cbc-78d8-43ad-9b31-a55aa369dc3b/datanode-1/data/ratis/1d52e273-916f-416a-bb3c-9f95c5a03ba9 does not exist. Creating ...
2019-09-12 10:16:53,625 [pool-38-thread-1] INFO  storage.RaftStorageDirectory (RaftStorageDirectory.java:tryLock(328)) - Lock on /workdir/hadoop-ozone/integration-test/target/test-dir/MiniOzoneClusterImpl-07260cbc-78d8-43ad-9b31-a55aa369dc3b/datanode-1/data/ratis/1d52e273-916f-416a-bb3c-9f95c5a03ba9/in_use.lock acquired by nodename 4851@pr-hdds-1569-xtfnx-3545843844
2019-09-12 10:16:53,643 [pool-38-thread-1] INFO  storage.RaftStorage (RaftStorage.java:format(72)) - Storage directory /workdir/hadoop-ozone/integration-test/target/test-dir/MiniOzoneClusterImpl-07260cbc-78d8-43ad-9b31-a55aa369dc3b/datanode-1/data/ratis/1d52e273-916f-416a-bb3c-9f95c5a03ba9 has been successfully formatted.
2019-09-12 10:16:53,643 [pool-38-thread-1] INFO  ratis.ContainerStateMachine (ContainerStateMachine.java:loadSnapshot(226)) - group-9F95C5A03BA9: The snapshot info is null. Setting the last applied indexto:(t:0, i:~)
2019-09-12 10:16:53,643 [pool-38-thread-1] INFO  server.RaftServerConfigKeys (ConfUtils.java:logGet(43)) - raft.server.leader.election.timeout = 10s (custom)
2019-09-12 10:16:53,643 [pool-38-thread-1] INFO  server.RaftServerConfigKeys (ConfUtils.java:logGet(43)) - raft.server.log.use.memory = false (default)
2019-09-12 10:16:53,644 [pool-38-thread-1] INFO  server.RaftServerConfigKeys (ConfUtils.java:logGet(43)) - raft.server.log.purge.gap = 1000000 (custom)
2019-09-12 10:16:53,644 [pool-38-thread-1] INFO  server.RaftServerConfigKeys (ConfUtils.java:logGet(43)) - raft.server.log.appender.buffer.byte-limit = 33554432 (custom)
2019-09-12 10:16:53,644 [pool-38-thread-1] INFO  server.RaftServerConfigKeys (ConfUtils.java:logGet(43)) - raft.server.log.segment.size.max = 1048576 (custom)
2019-09-12 10:16:53,644 [pool-38-thread-1] INFO  server.RaftServerConfigKeys (ConfUtils.java:logGet(43)) - raft.server.log.segment.cache.num.max = 2 (custom)
2019-09-12 10:16:53,644 [pool-38-thread-1] INFO  segmented.SegmentedRaftLogWorker (SegmentedRaftLogWorker.java:<init>(172)) - new 2c6903b2-bd88-4155-8644-e70f9499caec-SegmentedRaftLogWorker:Storage Directory /workdir/hadoop-ozone/integration-test/target/test-dir/MiniOzoneClusterImpl-07260cbc-78d8-43ad-9b31-a55aa369dc3b/datanode-1/data/ratis/1d52e273-916f-416a-bb3c-9f95c5a03ba9 for RaftStorage:Storage Directory /workdir/hadoop-ozone/integration-test/target/test-dir/MiniOzoneClusterImpl-07260cbc-78d8-43ad-9b31-a55aa369dc3b/datanode-1/data/ratis/1d52e273-916f-416a-bb3c-9f95c5a03ba9
2019-09-12 10:16:53,645 [pool-38-thread-1] INFO  server.RaftServerConfigKeys (ConfUtils.java:logGet(43)) - raft.server.log.queue.byte-limit = 2147483647 (custom)
2019-09-12 10:16:53,645 [pool-38-thread-1] INFO  server.RaftServerConfigKeys (ConfUtils.java:logGet(43)) - raft.server.log.queue.element-limit = 1024 (custom)
2019-09-12 10:16:53,645 [pool-38-thread-1] INFO  server.RaftServerConfigKeys (ConfUtils.java:logGet(43)) - raft.server.log.segment.size.max = 1048576 (custom)
2019-09-12 10:16:53,646 [pool-38-thread-1] INFO  server.RaftServerConfigKeys (ConfUtils.java:logGet(43)) - raft.server.log.preallocated.size = 16384 (custom)
2019-09-12 10:16:53,646 [pool-38-thread-1] INFO  server.RaftServerConfigKeys (ConfUtils.java:logGet(43)) - raft.server.log.write.buffer.size = 33554432 (custom)
2019-09-12 10:16:53,646 [pool-38-thread-1] INFO  server.RaftServerConfigKeys (ConfUtils.java:logGet(43)) - raft.server.log.force.sync.num = 128 (default)
2019-09-12 10:16:53,646 [pool-38-thread-1] INFO  server.RaftServerConfigKeys (ConfUtils.java:logGet(43)) - raft.server.log.statemachine.data.sync = true (default)
2019-09-12 10:16:53,646 [pool-38-thread-1] INFO  server.RaftServerConfigKeys (ConfUtils.java:logGet(43)) - raft.server.log.statemachine.data.sync.timeout = 10s (default)
2019-09-12 10:16:53,646 [pool-38-thread-1] INFO  server.RaftServerConfigKeys (ConfUtils.java:logGet(43)) - raft.server.log.statemachine.data.sync.timeout.retry = -1 (default)
2019-09-12 10:16:53,647 [pool-38-thread-1] INFO  server.RaftServerConfigKeys (ConfUtils.java:logGet(43)) - raft.server.log.statemachine.data.caching.enabled = true (custom)
2019-09-12 10:16:53,647 [pool-38-thread-1] INFO  segmented.SegmentedRaftLogWorker (SegmentedRaftLogWorker.java:lambda$new$0(132)) - 2c6903b2-bd88-4155-8644-e70f9499caec-SegmentedRaftLogWorker:Storage Directory /workdir/hadoop-ozone/integration-test/target/test-dir/MiniOzoneClusterImpl-07260cbc-78d8-43ad-9b31-a55aa369dc3b/datanode-1/data/ratis/1d52e273-916f-416a-bb3c-9f95c5a03ba9: flushIndex: setUnconditionally 0 -> -1
2019-09-12 10:16:53,648 [pool-38-thread-1] INFO  server.RaftServerConfigKeys (ConfUtils.java:logGet(43)) - raft.server.snapshot.auto.trigger.enabled = true (custom)
2019-09-12 10:16:53,648 [pool-38-thread-1] INFO  server.RaftServerConfigKeys (ConfUtils.java:logGet(43)) - raft.server.snapshot.auto.trigger.threshold = 10000 (custom)
2019-09-12 10:16:53,648 [pool-38-thread-1] INFO  server.RaftServerConfigKeys (ConfUtils.java:logGet(43)) - raft.server.retrycache.expirytime = 600000ms (custom)
2019-09-12 10:16:53,649 [pool-38-thread-1] INFO  impl.RaftServerImpl (RaftServerImpl.java:start(180)) - 2c6903b2-bd88-4155-8644-e70f9499caec: start group-9F95C5A03BA9
2019-09-12 10:16:53,649 [pool-38-thread-1] INFO  impl.RaftServerImpl (RaftServerImpl.java:setRole(171)) - 2c6903b2-bd88-4155-8644-e70f9499caec:group-9F95C5A03BA9 changes role from null to FOLLOWER at term 0 for startAsFollower
2019-09-12 10:16:53,649 [pool-38-thread-1] INFO  impl.RoleInfo (RoleInfo.java:updateAndGet(143)) - 2c6903b2-bd88-4155-8644-e70f9499caec: start FollowerState
2019-09-12 10:16:53,650 [pool-38-thread-1] INFO  util.JmxRegister (JmxRegister.java:tryRegister(44)) - Successfully registered JMX Bean with object name Ratis:service=RaftServer,group=group-9F95C5A03BA9,id=2c6903b2-bd88-4155-8644-e70f9499caec
2019-09-12 10:16:53,666 [RatisPipelineUtilsThread] INFO  pipeline.PipelineStateManager (PipelineStateManager.java:addPipeline(56)) - Created pipeline Pipeline[ Id: 1d52e273-916f-416a-bb3c-9f95c5a03ba9, Nodes: 2c6903b2-bd88-4155-8644-e70f9499caec{ip: 192.168.157.195, host: pr-hdds-1569-xtfnx-3545843844, networkLocation: /default-rack, certSerialId: null}, Type:RATIS, Factor:ONE, State:OPEN]
2019-09-12 10:16:53,682 [grpc-default-executor-0] INFO  impl.RaftServerProxy (RaftServerProxy.java:addNew(89)) - d125a0e9-cc1d-49ad-8efe-65f48e7470f1: addNew group-A4381F49D1E0:[d125a0e9-cc1d-49ad-8efe-65f48e7470f1:192.168.157.195:46432] returns group-A4381F49D1E0:java.util.concurrent.CompletableFuture@3b35ff20[Not completed]
2019-09-12 10:16:53,684 [pool-27-thread-1] INFO  impl.RaftServerImpl (RaftServerImpl.java:<init>(93)) - d125a0e9-cc1d-49ad-8efe-65f48e7470f1: new RaftServerImpl for group-A4381F49D1E0:[d125a0e9-cc1d-49ad-8efe-65f48e7470f1:192.168.157.195:46432] with ContainerStateMachine:uninitialized
2019-09-12 10:16:53,684 [pool-27-thread-1] INFO  server.RaftServerConfigKeys (ConfUtils.java:logGet(43)) - raft.server.rpc.timeout.min = 5s (custom)
2019-09-12 10:16:53,684 [pool-27-thread-1] INFO  server.RaftServerConfigKeys (ConfUtils.java:logGet(43)) - raft.server.rpc.timeout.max = 5200ms (custom)
2019-09-12 10:16:53,684 [pool-27-thread-1] INFO  server.RaftServerConfigKeys (ConfUtils.java:logGet(43)) - raft.server.rpcslowness.timeout = 10s (custom)
2019-09-12 10:16:53,684 [pool-27-thread-1] INFO  server.RaftServerConfigKeys (ConfUtils.java:logGet(43)) - raft.server.sleep.deviation.threshold = 300 (default)
2019-09-12 10:16:53,685 [pool-27-thread-1] INFO  server.RaftServerConfigKeys (ConfUtils.java:logGet(43)) - raft.server.log.appender.install.snapshot.enabled = false (custom)
2019-09-12 10:16:53,685 [pool-27-thread-1] INFO  impl.RaftServerImpl (ServerState.java:<init>(105)) - d125a0e9-cc1d-49ad-8efe-65f48e7470f1:group-A4381F49D1E0 ConfigurationManager, init=-1: [d125a0e9-cc1d-49ad-8efe-65f48e7470f1:192.168.157.195:46432], old=null, confs=<EMPTY_MAP>
2019-09-12 10:16:53,685 [pool-27-thread-1] INFO  server.RaftServerConfigKeys (ConfUtils.java:logGet(43)) - raft.server.storage.dir = [/workdir/hadoop-ozone/integration-test/target/test-dir/MiniOzoneClusterImpl-07260cbc-78d8-43ad-9b31-a55aa369dc3b/datanode-0/data/ratis] (custom)
2019-09-12 10:16:53,685 [pool-27-thread-1] INFO  storage.RaftStorageDirectory (RaftStorageDirectory.java:analyzeStorage(246)) - The storage directory /workdir/hadoop-ozone/integration-test/target/test-dir/MiniOzoneClusterImpl-07260cbc-78d8-43ad-9b31-a55aa369dc3b/datanode-0/data/ratis/50cad6df-80d2-4637-afce-a4381f49d1e0 does not exist. Creating ...
2019-09-12 10:16:53,699 [pool-27-thread-1] INFO  storage.RaftStorageDirectory (RaftStorageDirectory.java:tryLock(328)) - Lock on /workdir/hadoop-ozone/integration-test/target/test-dir/MiniOzoneClusterImpl-07260cbc-78d8-43ad-9b31-a55aa369dc3b/datanode-0/data/ratis/50cad6df-80d2-4637-afce-a4381f49d1e0/in_use.lock acquired by nodename 4851@pr-hdds-1569-xtfnx-3545843844
2019-09-12 10:16:53,712 [pool-27-thread-1] INFO  storage.RaftStorage (RaftStorage.java:format(72)) - Storage directory /workdir/hadoop-ozone/integration-test/target/test-dir/MiniOzoneClusterImpl-07260cbc-78d8-43ad-9b31-a55aa369dc3b/datanode-0/data/ratis/50cad6df-80d2-4637-afce-a4381f49d1e0 has been successfully formatted.
2019-09-12 10:16:53,712 [pool-27-thread-1] INFO  ratis.ContainerStateMachine (ContainerStateMachine.java:loadSnapshot(226)) - group-A4381F49D1E0: The snapshot info is null. Setting the last applied indexto:(t:0, i:~)
2019-09-12 10:16:53,712 [pool-27-thread-1] INFO  server.RaftServerConfigKeys (ConfUtils.java:logGet(43)) - raft.server.leader.election.timeout = 10s (custom)
2019-09-12 10:16:53,713 [pool-27-thread-1] INFO  server.RaftServerConfigKeys (ConfUtils.java:logGet(43)) - raft.server.log.use.memory = false (default)
2019-09-12 10:16:53,713 [pool-27-thread-1] INFO  server.RaftServerConfigKeys (ConfUtils.java:logGet(43)) - raft.server.log.purge.gap = 1000000 (custom)
2019-09-12 10:16:53,713 [pool-27-thread-1] INFO  server.RaftServerConfigKeys (ConfUtils.java:logGet(43)) - raft.server.log.appender.buffer.byte-limit = 33554432 (custom)
2019-09-12 10:16:53,713 [pool-27-thread-1] INFO  server.RaftServerConfigKeys (ConfUtils.java:logGet(43)) - raft.server.log.segment.size.max = 1048576 (custom)
2019-09-12 10:16:53,713 [pool-27-thread-1] INFO  server.RaftServerConfigKeys (ConfUtils.java:logGet(43)) - raft.server.log.segment.cache.num.max = 2 (custom)
2019-09-12 10:16:53,713 [pool-27-thread-1] INFO  segmented.SegmentedRaftLogWorker (SegmentedRaftLogWorker.java:<init>(172)) - new d125a0e9-cc1d-49ad-8efe-65f48e7470f1-SegmentedRaftLogWorker:Storage Directory /workdir/hadoop-ozone/integration-test/target/test-dir/MiniOzoneClusterImpl-07260cbc-78d8-43ad-9b31-a55aa369dc3b/datanode-0/data/ratis/50cad6df-80d2-4637-afce-a4381f49d1e0 for RaftStorage:Storage Directory /workdir/hadoop-ozone/integration-test/target/test-dir/MiniOzoneClusterImpl-07260cbc-78d8-43ad-9b31-a55aa369dc3b/datanode-0/data/ratis/50cad6df-80d2-4637-afce-a4381f49d1e0
2019-09-12 10:16:53,714 [pool-27-thread-1] INFO  server.RaftServerConfigKeys (ConfUtils.java:logGet(43)) - raft.server.log.queue.byte-limit = 2147483647 (custom)
2019-09-12 10:16:53,714 [pool-27-thread-1] INFO  server.RaftServerConfigKeys (ConfUtils.java:logGet(43)) - raft.server.log.queue.element-limit = 1024 (custom)
2019-09-12 10:16:53,714 [pool-27-thread-1] INFO  server.RaftServerConfigKeys (ConfUtils.java:logGet(43)) - raft.server.log.segment.size.max = 1048576 (custom)
2019-09-12 10:16:53,714 [pool-27-thread-1] INFO  server.RaftServerConfigKeys (ConfUtils.java:logGet(43)) - raft.server.log.preallocated.size = 16384 (custom)
2019-09-12 10:16:53,714 [pool-27-thread-1] INFO  server.RaftServerConfigKeys (ConfUtils.java:logGet(43)) - raft.server.log.write.buffer.size = 33554432 (custom)
2019-09-12 10:16:53,714 [pool-27-thread-1] INFO  server.RaftServerConfigKeys (ConfUtils.java:logGet(43)) - raft.server.log.force.sync.num = 128 (default)
2019-09-12 10:16:53,715 [pool-27-thread-1] INFO  server.RaftServerConfigKeys (ConfUtils.java:logGet(43)) - raft.server.log.statemachine.data.sync = true (default)
2019-09-12 10:16:53,715 [pool-27-thread-1] INFO  server.RaftServerConfigKeys (ConfUtils.java:logGet(43)) - raft.server.log.statemachine.data.sync.timeout = 10s (default)
2019-09-12 10:16:53,715 [pool-27-thread-1] INFO  server.RaftServerConfigKeys (ConfUtils.java:logGet(43)) - raft.server.log.statemachine.data.sync.timeout.retry = -1 (default)
2019-09-12 10:16:53,715 [pool-27-thread-1] INFO  server.RaftServerConfigKeys (ConfUtils.java:logGet(43)) - raft.server.log.statemachine.data.caching.enabled = true (custom)
2019-09-12 10:16:53,716 [pool-27-thread-1] INFO  segmented.SegmentedRaftLogWorker (SegmentedRaftLogWorker.java:lambda$new$0(132)) - d125a0e9-cc1d-49ad-8efe-65f48e7470f1-SegmentedRaftLogWorker:Storage Directory /workdir/hadoop-ozone/integration-test/target/test-dir/MiniOzoneClusterImpl-07260cbc-78d8-43ad-9b31-a55aa369dc3b/datanode-0/data/ratis/50cad6df-80d2-4637-afce-a4381f49d1e0: flushIndex: setUnconditionally 0 -> -1
2019-09-12 10:16:53,716 [pool-27-thread-1] INFO  server.RaftServerConfigKeys (ConfUtils.java:logGet(43)) - raft.server.snapshot.auto.trigger.enabled = true (custom)
2019-09-12 10:16:53,716 [pool-27-thread-1] INFO  server.RaftServerConfigKeys (ConfUtils.java:logGet(43)) - raft.server.snapshot.auto.trigger.threshold = 10000 (custom)
2019-09-12 10:16:53,716 [pool-27-thread-1] INFO  server.RaftServerConfigKeys (ConfUtils.java:logGet(43)) - raft.server.retrycache.expirytime = 600000ms (custom)
2019-09-12 10:16:53,717 [pool-27-thread-1] INFO  impl.RaftServerImpl (RaftServerImpl.java:start(180)) - d125a0e9-cc1d-49ad-8efe-65f48e7470f1: start group-A4381F49D1E0
2019-09-12 10:16:53,717 [pool-27-thread-1] INFO  impl.RaftServerImpl (RaftServerImpl.java:setRole(171)) - d125a0e9-cc1d-49ad-8efe-65f48e7470f1:group-A4381F49D1E0 changes role from null to FOLLOWER at term 0 for startAsFollower
2019-09-12 10:16:53,717 [pool-27-thread-1] INFO  impl.RoleInfo (RoleInfo.java:updateAndGet(143)) - d125a0e9-cc1d-49ad-8efe-65f48e7470f1: start FollowerState
2019-09-12 10:16:53,717 [pool-27-thread-1] INFO  util.JmxRegister (JmxRegister.java:tryRegister(44)) - Successfully registered JMX Bean with object name Ratis:service=RaftServer,group=group-A4381F49D1E0,id=d125a0e9-cc1d-49ad-8efe-65f48e7470f1
2019-09-12 10:16:53,730 [RatisPipelineUtilsThread] INFO  pipeline.PipelineStateManager (PipelineStateManager.java:addPipeline(56)) - Created pipeline Pipeline[ Id: 50cad6df-80d2-4637-afce-a4381f49d1e0, Nodes: d125a0e9-cc1d-49ad-8efe-65f48e7470f1{ip: 192.168.157.195, host: pr-hdds-1569-xtfnx-3545843844, networkLocation: /default-rack, certSerialId: null}, Type:RATIS, Factor:ONE, State:OPEN]
2019-09-12 10:16:53,746 [grpc-default-executor-0] INFO  impl.RaftServerProxy (RaftServerProxy.java:addNew(89)) - 2c6903b2-bd88-4155-8644-e70f9499caec: addNew group-7AB8E285774B:[2c6903b2-bd88-4155-8644-e70f9499caec:192.168.157.195:40334] returns group-7AB8E285774B:java.util.concurrent.CompletableFuture@58a5a76c[Not completed]
2019-09-12 10:16:53,749 [pool-38-thread-1] INFO  impl.RaftServerImpl (RaftServerImpl.java:<init>(93)) - 2c6903b2-bd88-4155-8644-e70f9499caec: new RaftServerImpl for group-7AB8E285774B:[2c6903b2-bd88-4155-8644-e70f9499caec:192.168.157.195:40334] with ContainerStateMachine:uninitialized
2019-09-12 10:16:53,749 [pool-38-thread-1] INFO  server.RaftServerConfigKeys (ConfUtils.java:logGet(43)) - raft.server.rpc.timeout.min = 5s (custom)
2019-09-12 10:16:53,749 [pool-38-thread-1] INFO  server.RaftServerConfigKeys (ConfUtils.java:logGet(43)) - raft.server.rpc.timeout.max = 5200ms (custom)
2019-09-12 10:16:53,750 [pool-38-thread-1] INFO  server.RaftServerConfigKeys (ConfUtils.java:logGet(43)) - raft.server.rpcslowness.timeout = 10s (custom)
2019-09-12 10:16:53,750 [pool-38-thread-1] INFO  server.RaftServerConfigKeys (ConfUtils.java:logGet(43)) - raft.server.sleep.deviation.threshold = 300 (default)
2019-09-12 10:16:53,750 [pool-38-thread-1] INFO  server.RaftServerConfigKeys (ConfUtils.java:logGet(43)) - raft.server.log.appender.install.snapshot.enabled = false (custom)
2019-09-12 10:16:53,750 [pool-38-thread-1] INFO  impl.RaftServerImpl (ServerState.java:<init>(105)) - 2c6903b2-bd88-4155-8644-e70f9499caec:group-7AB8E285774B ConfigurationManager, init=-1: [2c6903b2-bd88-4155-8644-e70f9499caec:192.168.157.195:40334], old=null, confs=<EMPTY_MAP>
2019-09-12 10:16:53,751 [pool-38-thread-1] INFO  server.RaftServerConfigKeys (ConfUtils.java:logGet(43)) - raft.server.storage.dir = [/workdir/hadoop-ozone/integration-test/target/test-dir/MiniOzoneClusterImpl-07260cbc-78d8-43ad-9b31-a55aa369dc3b/datanode-1/data/ratis] (custom)
2019-09-12 10:16:53,751 [pool-38-thread-1] INFO  storage.RaftStorageDirectory (RaftStorageDirectory.java:analyzeStorage(246)) - The storage directory /workdir/hadoop-ozone/integration-test/target/test-dir/MiniOzoneClusterImpl-07260cbc-78d8-43ad-9b31-a55aa369dc3b/datanode-1/data/ratis/ee85f508-f243-416a-91e7-7ab8e285774b does not exist. Creating ...
2019-09-12 10:16:53,765 [pool-38-thread-1] INFO  storage.RaftStorageDirectory (RaftStorageDirectory.java:tryLock(328)) - Lock on /workdir/hadoop-ozone/integration-test/target/test-dir/MiniOzoneClusterImpl-07260cbc-78d8-43ad-9b31-a55aa369dc3b/datanode-1/data/ratis/ee85f508-f243-416a-91e7-7ab8e285774b/in_use.lock acquired by nodename 4851@pr-hdds-1569-xtfnx-3545843844
2019-09-12 10:16:53,772 | INFO  | SCMAudit | user=jenkins1000 | ip=192.168.157.195 | op=SEND_HEARTBEAT {datanodeUUID=d125a0e9-cc1d-49ad-8efe-65f48e7470f1, command=[]} | ret=SUCCESS |  
2019-09-12 10:16:53,780 [pool-38-thread-1] INFO  storage.RaftStorage (RaftStorage.java:format(72)) - Storage directory /workdir/hadoop-ozone/integration-test/target/test-dir/MiniOzoneClusterImpl-07260cbc-78d8-43ad-9b31-a55aa369dc3b/datanode-1/data/ratis/ee85f508-f243-416a-91e7-7ab8e285774b has been successfully formatted.
2019-09-12 10:16:53,780 [pool-38-thread-1] INFO  ratis.ContainerStateMachine (ContainerStateMachine.java:loadSnapshot(226)) - group-7AB8E285774B: The snapshot info is null. Setting the last applied indexto:(t:0, i:~)
2019-09-12 10:16:53,781 [pool-38-thread-1] INFO  server.RaftServerConfigKeys (ConfUtils.java:logGet(43)) - raft.server.leader.election.timeout = 10s (custom)
2019-09-12 10:16:53,781 [pool-38-thread-1] INFO  server.RaftServerConfigKeys (ConfUtils.java:logGet(43)) - raft.server.log.use.memory = false (default)
2019-09-12 10:16:53,781 [pool-38-thread-1] INFO  server.RaftServerConfigKeys (ConfUtils.java:logGet(43)) - raft.server.log.purge.gap = 1000000 (custom)
2019-09-12 10:16:53,781 [pool-38-thread-1] INFO  server.RaftServerConfigKeys (ConfUtils.java:logGet(43)) - raft.server.log.appender.buffer.byte-limit = 33554432 (custom)
2019-09-12 10:16:53,782 [pool-38-thread-1] INFO  server.RaftServerConfigKeys (ConfUtils.java:logGet(43)) - raft.server.log.segment.size.max = 1048576 (custom)
2019-09-12 10:16:53,782 [pool-38-thread-1] INFO  server.RaftServerConfigKeys (ConfUtils.java:logGet(43)) - raft.server.log.segment.cache.num.max = 2 (custom)
2019-09-12 10:16:53,782 [pool-38-thread-1] INFO  segmented.SegmentedRaftLogWorker (SegmentedRaftLogWorker.java:<init>(172)) - new 2c6903b2-bd88-4155-8644-e70f9499caec-SegmentedRaftLogWorker:Storage Directory /workdir/hadoop-ozone/integration-test/target/test-dir/MiniOzoneClusterImpl-07260cbc-78d8-43ad-9b31-a55aa369dc3b/datanode-1/data/ratis/ee85f508-f243-416a-91e7-7ab8e285774b for RaftStorage:Storage Directory /workdir/hadoop-ozone/integration-test/target/test-dir/MiniOzoneClusterImpl-07260cbc-78d8-43ad-9b31-a55aa369dc3b/datanode-1/data/ratis/ee85f508-f243-416a-91e7-7ab8e285774b
2019-09-12 10:16:53,782 [pool-38-thread-1] INFO  server.RaftServerConfigKeys (ConfUtils.java:logGet(43)) - raft.server.log.queue.byte-limit = 2147483647 (custom)
2019-09-12 10:16:53,783 [pool-38-thread-1] INFO  server.RaftServerConfigKeys (ConfUtils.java:logGet(43)) - raft.server.log.queue.element-limit = 1024 (custom)
2019-09-12 10:16:53,783 [pool-38-thread-1] INFO  server.RaftServerConfigKeys (ConfUtils.java:logGet(43)) - raft.server.log.segment.size.max = 1048576 (custom)
2019-09-12 10:16:53,783 [pool-38-thread-1] INFO  server.RaftServerConfigKeys (ConfUtils.java:logGet(43)) - raft.server.log.preallocated.size = 16384 (custom)
2019-09-12 10:16:53,783 [pool-38-thread-1] INFO  server.RaftServerConfigKeys (ConfUtils.java:logGet(43)) - raft.server.log.write.buffer.size = 33554432 (custom)
2019-09-12 10:16:53,783 [pool-38-thread-1] INFO  server.RaftServerConfigKeys (ConfUtils.java:logGet(43)) - raft.server.log.force.sync.num = 128 (default)
2019-09-12 10:16:53,784 [pool-38-thread-1] INFO  server.RaftServerConfigKeys (ConfUtils.java:logGet(43)) - raft.server.log.statemachine.data.sync = true (default)
2019-09-12 10:16:53,784 [pool-38-thread-1] INFO  server.RaftServerConfigKeys (ConfUtils.java:logGet(43)) - raft.server.log.statemachine.data.sync.timeout = 10s (default)
2019-09-12 10:16:53,784 [pool-38-thread-1] INFO  server.RaftServerConfigKeys (ConfUtils.java:logGet(43)) - raft.server.log.statemachine.data.sync.timeout.retry = -1 (default)
2019-09-12 10:16:53,784 [pool-38-thread-1] INFO  server.RaftServerConfigKeys (ConfUtils.java:logGet(43)) - raft.server.log.statemachine.data.caching.enabled = true (custom)
2019-09-12 10:16:53,785 [pool-38-thread-1] INFO  segmented.SegmentedRaftLogWorker (SegmentedRaftLogWorker.java:lambda$new$0(132)) - 2c6903b2-bd88-4155-8644-e70f9499caec-SegmentedRaftLogWorker:Storage Directory /workdir/hadoop-ozone/integration-test/target/test-dir/MiniOzoneClusterImpl-07260cbc-78d8-43ad-9b31-a55aa369dc3b/datanode-1/data/ratis/ee85f508-f243-416a-91e7-7ab8e285774b: flushIndex: setUnconditionally 0 -> -1
2019-09-12 10:16:53,785 [pool-38-thread-1] INFO  server.RaftServerConfigKeys (ConfUtils.java:logGet(43)) - raft.server.snapshot.auto.trigger.enabled = true (custom)
2019-09-12 10:16:53,785 [pool-38-thread-1] INFO  server.RaftServerConfigKeys (ConfUtils.java:logGet(43)) - raft.server.snapshot.auto.trigger.threshold = 10000 (custom)
2019-09-12 10:16:53,786 [pool-38-thread-1] INFO  server.RaftServerConfigKeys (ConfUtils.java:logGet(43)) - raft.server.retrycache.expirytime = 600000ms (custom)
2019-09-12 10:16:53,786 [pool-38-thread-1] INFO  impl.RaftServerImpl (RaftServerImpl.java:start(180)) - 2c6903b2-bd88-4155-8644-e70f9499caec: start group-7AB8E285774B
2019-09-12 10:16:53,786 [pool-38-thread-1] INFO  impl.RaftServerImpl (RaftServerImpl.java:setRole(171)) - 2c6903b2-bd88-4155-8644-e70f9499caec:group-7AB8E285774B changes role from null to FOLLOWER at term 0 for startAsFollower
2019-09-12 10:16:53,786 [pool-38-thread-1] INFO  impl.RoleInfo (RoleInfo.java:updateAndGet(143)) - 2c6903b2-bd88-4155-8644-e70f9499caec: start FollowerState
2019-09-12 10:16:53,787 [pool-38-thread-1] INFO  util.JmxRegister (JmxRegister.java:tryRegister(44)) - Successfully registered JMX Bean with object name Ratis:service=RaftServer,group=group-7AB8E285774B,id=2c6903b2-bd88-4155-8644-e70f9499caec
2019-09-12 10:16:53,801 [RatisPipelineUtilsThread] INFO  pipeline.PipelineStateManager (PipelineStateManager.java:addPipeline(56)) - Created pipeline Pipeline[ Id: ee85f508-f243-416a-91e7-7ab8e285774b, Nodes: 2c6903b2-bd88-4155-8644-e70f9499caec{ip: 192.168.157.195, host: pr-hdds-1569-xtfnx-3545843844, networkLocation: /default-rack, certSerialId: null}, Type:RATIS, Factor:ONE, State:OPEN]
2019-09-12 10:16:53,818 [grpc-default-executor-0] INFO  impl.RaftServerProxy (RaftServerProxy.java:addNew(89)) - 2c6903b2-bd88-4155-8644-e70f9499caec: addNew group-4C38D87E6F45:[2c6903b2-bd88-4155-8644-e70f9499caec:192.168.157.195:40334] returns group-4C38D87E6F45:java.util.concurrent.CompletableFuture@5d83f48f[Not completed]
2019-09-12 10:16:53,821 [pool-38-thread-1] INFO  impl.RaftServerImpl (RaftServerImpl.java:<init>(93)) - 2c6903b2-bd88-4155-8644-e70f9499caec: new RaftServerImpl for group-4C38D87E6F45:[2c6903b2-bd88-4155-8644-e70f9499caec:192.168.157.195:40334] with ContainerStateMachine:uninitialized
2019-09-12 10:16:53,821 [pool-38-thread-1] INFO  server.RaftServerConfigKeys (ConfUtils.java:logGet(43)) - raft.server.rpc.timeout.min = 5s (custom)
2019-09-12 10:16:53,821 [pool-38-thread-1] INFO  server.RaftServerConfigKeys (ConfUtils.java:logGet(43)) - raft.server.rpc.timeout.max = 5200ms (custom)
2019-09-12 10:16:53,821 [pool-38-thread-1] INFO  server.RaftServerConfigKeys (ConfUtils.java:logGet(43)) - raft.server.rpcslowness.timeout = 10s (custom)
2019-09-12 10:16:53,822 [pool-38-thread-1] INFO  server.RaftServerConfigKeys (ConfUtils.java:logGet(43)) - raft.server.sleep.deviation.threshold = 300 (default)
2019-09-12 10:16:53,822 [pool-38-thread-1] INFO  server.RaftServerConfigKeys (ConfUtils.java:logGet(43)) - raft.server.log.appender.install.snapshot.enabled = false (custom)
2019-09-12 10:16:53,822 [pool-38-thread-1] INFO  impl.RaftServerImpl (ServerState.java:<init>(105)) - 2c6903b2-bd88-4155-8644-e70f9499caec:group-4C38D87E6F45 ConfigurationManager, init=-1: [2c6903b2-bd88-4155-8644-e70f9499caec:192.168.157.195:40334], old=null, confs=<EMPTY_MAP>
2019-09-12 10:16:53,822 [pool-38-thread-1] INFO  server.RaftServerConfigKeys (ConfUtils.java:logGet(43)) - raft.server.storage.dir = [/workdir/hadoop-ozone/integration-test/target/test-dir/MiniOzoneClusterImpl-07260cbc-78d8-43ad-9b31-a55aa369dc3b/datanode-1/data/ratis] (custom)
2019-09-12 10:16:53,823 [pool-38-thread-1] INFO  storage.RaftStorageDirectory (RaftStorageDirectory.java:analyzeStorage(246)) - The storage directory /workdir/hadoop-ozone/integration-test/target/test-dir/MiniOzoneClusterImpl-07260cbc-78d8-43ad-9b31-a55aa369dc3b/datanode-1/data/ratis/542c04a0-7a78-42b7-a095-4c38d87e6f45 does not exist. Creating ...
2019-09-12 10:16:53,836 [pool-38-thread-1] INFO  storage.RaftStorageDirectory (RaftStorageDirectory.java:tryLock(328)) - Lock on /workdir/hadoop-ozone/integration-test/target/test-dir/MiniOzoneClusterImpl-07260cbc-78d8-43ad-9b31-a55aa369dc3b/datanode-1/data/ratis/542c04a0-7a78-42b7-a095-4c38d87e6f45/in_use.lock acquired by nodename 4851@pr-hdds-1569-xtfnx-3545843844
2019-09-12 10:16:53,849 [pool-38-thread-1] INFO  storage.RaftStorage (RaftStorage.java:format(72)) - Storage directory /workdir/hadoop-ozone/integration-test/target/test-dir/MiniOzoneClusterImpl-07260cbc-78d8-43ad-9b31-a55aa369dc3b/datanode-1/data/ratis/542c04a0-7a78-42b7-a095-4c38d87e6f45 has been successfully formatted.
2019-09-12 10:16:53,850 [pool-38-thread-1] INFO  ratis.ContainerStateMachine (ContainerStateMachine.java:loadSnapshot(226)) - group-4C38D87E6F45: The snapshot info is null. Setting the last applied indexto:(t:0, i:~)
2019-09-12 10:16:53,850 [pool-38-thread-1] INFO  server.RaftServerConfigKeys (ConfUtils.java:logGet(43)) - raft.server.leader.election.timeout = 10s (custom)
2019-09-12 10:16:53,850 [pool-38-thread-1] INFO  server.RaftServerConfigKeys (ConfUtils.java:logGet(43)) - raft.server.log.use.memory = false (default)
2019-09-12 10:16:53,850 [pool-38-thread-1] INFO  server.RaftServerConfigKeys (ConfUtils.java:logGet(43)) - raft.server.log.purge.gap = 1000000 (custom)
2019-09-12 10:16:53,850 [pool-38-thread-1] INFO  server.RaftServerConfigKeys (ConfUtils.java:logGet(43)) - raft.server.log.appender.buffer.byte-limit = 33554432 (custom)
2019-09-12 10:16:53,851 [pool-38-thread-1] INFO  server.RaftServerConfigKeys (ConfUtils.java:logGet(43)) - raft.server.log.segment.size.max = 1048576 (custom)
2019-09-12 10:16:53,851 [pool-38-thread-1] INFO  server.RaftServerConfigKeys (ConfUtils.java:logGet(43)) - raft.server.log.segment.cache.num.max = 2 (custom)
2019-09-12 10:16:53,851 [pool-38-thread-1] INFO  segmented.SegmentedRaftLogWorker (SegmentedRaftLogWorker.java:<init>(172)) - new 2c6903b2-bd88-4155-8644-e70f9499caec-SegmentedRaftLogWorker:Storage Directory /workdir/hadoop-ozone/integration-test/target/test-dir/MiniOzoneClusterImpl-07260cbc-78d8-43ad-9b31-a55aa369dc3b/datanode-1/data/ratis/542c04a0-7a78-42b7-a095-4c38d87e6f45 for RaftStorage:Storage Directory /workdir/hadoop-ozone/integration-test/target/test-dir/MiniOzoneClusterImpl-07260cbc-78d8-43ad-9b31-a55aa369dc3b/datanode-1/data/ratis/542c04a0-7a78-42b7-a095-4c38d87e6f45
2019-09-12 10:16:53,851 [pool-38-thread-1] INFO  server.RaftServerConfigKeys (ConfUtils.java:logGet(43)) - raft.server.log.queue.byte-limit = 2147483647 (custom)
2019-09-12 10:16:53,852 [pool-38-thread-1] INFO  server.RaftServerConfigKeys (ConfUtils.java:logGet(43)) - raft.server.log.queue.element-limit = 1024 (custom)
2019-09-12 10:16:53,852 [pool-38-thread-1] INFO  server.RaftServerConfigKeys (ConfUtils.java:logGet(43)) - raft.server.log.segment.size.max = 1048576 (custom)
2019-09-12 10:16:53,852 [pool-38-thread-1] INFO  server.RaftServerConfigKeys (ConfUtils.java:logGet(43)) - raft.server.log.preallocated.size = 16384 (custom)
2019-09-12 10:16:53,852 [pool-38-thread-1] INFO  server.RaftServerConfigKeys (ConfUtils.java:logGet(43)) - raft.server.log.write.buffer.size = 33554432 (custom)
2019-09-12 10:16:53,852 [pool-38-thread-1] INFO  server.RaftServerConfigKeys (ConfUtils.java:logGet(43)) - raft.server.log.force.sync.num = 128 (default)
2019-09-12 10:16:53,853 [pool-38-thread-1] INFO  server.RaftServerConfigKeys (ConfUtils.java:logGet(43)) - raft.server.log.statemachine.data.sync = true (default)
2019-09-12 10:16:53,853 [pool-38-thread-1] INFO  server.RaftServerConfigKeys (ConfUtils.java:logGet(43)) - raft.server.log.statemachine.data.sync.timeout = 10s (default)
2019-09-12 10:16:53,853 [pool-38-thread-1] INFO  server.RaftServerConfigKeys (ConfUtils.java:logGet(43)) - raft.server.log.statemachine.data.sync.timeout.retry = -1 (default)
2019-09-12 10:16:53,853 [pool-38-thread-1] INFO  server.RaftServerConfigKeys (ConfUtils.java:logGet(43)) - raft.server.log.statemachine.data.caching.enabled = true (custom)
2019-09-12 10:16:53,854 [pool-38-thread-1] INFO  segmented.SegmentedRaftLogWorker (SegmentedRaftLogWorker.java:lambda$new$0(132)) - 2c6903b2-bd88-4155-8644-e70f9499caec-SegmentedRaftLogWorker:Storage Directory /workdir/hadoop-ozone/integration-test/target/test-dir/MiniOzoneClusterImpl-07260cbc-78d8-43ad-9b31-a55aa369dc3b/datanode-1/data/ratis/542c04a0-7a78-42b7-a095-4c38d87e6f45: flushIndex: setUnconditionally 0 -> -1
2019-09-12 10:16:53,854 [pool-38-thread-1] INFO  server.RaftServerConfigKeys (ConfUtils.java:logGet(43)) - raft.server.snapshot.auto.trigger.enabled = true (custom)
2019-09-12 10:16:53,854 [pool-38-thread-1] INFO  server.RaftServerConfigKeys (ConfUtils.java:logGet(43)) - raft.server.snapshot.auto.trigger.threshold = 10000 (custom)
2019-09-12 10:16:53,855 [pool-38-thread-1] INFO  server.RaftServerConfigKeys (ConfUtils.java:logGet(43)) - raft.server.retrycache.expirytime = 600000ms (custom)
2019-09-12 10:16:53,855 [pool-38-thread-1] INFO  impl.RaftServerImpl (RaftServerImpl.java:start(180)) - 2c6903b2-bd88-4155-8644-e70f9499caec: start group-4C38D87E6F45
2019-09-12 10:16:53,855 [pool-38-thread-1] INFO  impl.RaftServerImpl (RaftServerImpl.java:setRole(171)) - 2c6903b2-bd88-4155-8644-e70f9499caec:group-4C38D87E6F45 changes role from null to FOLLOWER at term 0 for startAsFollower
2019-09-12 10:16:53,855 [pool-38-thread-1] INFO  impl.RoleInfo (RoleInfo.java:updateAndGet(143)) - 2c6903b2-bd88-4155-8644-e70f9499caec: start FollowerState
2019-09-12 10:16:53,856 [pool-38-thread-1] INFO  util.JmxRegister (JmxRegister.java:tryRegister(44)) - Successfully registered JMX Bean with object name Ratis:service=RaftServer,group=group-4C38D87E6F45,id=2c6903b2-bd88-4155-8644-e70f9499caec
2019-09-12 10:16:53,867 [RatisPipelineUtilsThread] INFO  pipeline.PipelineStateManager (PipelineStateManager.java:addPipeline(56)) - Created pipeline Pipeline[ Id: 542c04a0-7a78-42b7-a095-4c38d87e6f45, Nodes: 2c6903b2-bd88-4155-8644-e70f9499caec{ip: 192.168.157.195, host: pr-hdds-1569-xtfnx-3545843844, networkLocation: /default-rack, certSerialId: null}, Type:RATIS, Factor:ONE, State:OPEN]
2019-09-12 10:16:53,882 [grpc-default-executor-0] INFO  impl.RaftServerProxy (RaftServerProxy.java:addNew(89)) - 754318a0-7d43-4de4-9a7a-4e513334fcf8: addNew group-68A48C13E930:[754318a0-7d43-4de4-9a7a-4e513334fcf8:192.168.157.195:36711] returns group-68A48C13E930:java.util.concurrent.CompletableFuture@47e1db98[Not completed]
2019-09-12 10:16:53,884 [pool-71-thread-1] INFO  impl.RaftServerImpl (RaftServerImpl.java:<init>(93)) - 754318a0-7d43-4de4-9a7a-4e513334fcf8: new RaftServerImpl for group-68A48C13E930:[754318a0-7d43-4de4-9a7a-4e513334fcf8:192.168.157.195:36711] with ContainerStateMachine:uninitialized
2019-09-12 10:16:53,885 [pool-71-thread-1] INFO  server.RaftServerConfigKeys (ConfUtils.java:logGet(43)) - raft.server.rpc.timeout.min = 5s (custom)
2019-09-12 10:16:53,885 [pool-71-thread-1] INFO  server.RaftServerConfigKeys (ConfUtils.java:logGet(43)) - raft.server.rpc.timeout.max = 5200ms (custom)
2019-09-12 10:16:53,885 [pool-71-thread-1] INFO  server.RaftServerConfigKeys (ConfUtils.java:logGet(43)) - raft.server.rpcslowness.timeout = 10s (custom)
2019-09-12 10:16:53,885 [pool-71-thread-1] INFO  server.RaftServerConfigKeys (ConfUtils.java:logGet(43)) - raft.server.sleep.deviation.threshold = 300 (default)
2019-09-12 10:16:53,885 [pool-71-thread-1] INFO  server.RaftServerConfigKeys (ConfUtils.java:logGet(43)) - raft.server.log.appender.install.snapshot.enabled = false (custom)
2019-09-12 10:16:53,885 [pool-71-thread-1] INFO  impl.RaftServerImpl (ServerState.java:<init>(105)) - 754318a0-7d43-4de4-9a7a-4e513334fcf8:group-68A48C13E930 ConfigurationManager, init=-1: [754318a0-7d43-4de4-9a7a-4e513334fcf8:192.168.157.195:36711], old=null, confs=<EMPTY_MAP>
2019-09-12 10:16:53,886 [pool-71-thread-1] INFO  server.RaftServerConfigKeys (ConfUtils.java:logGet(43)) - raft.server.storage.dir = [/workdir/hadoop-ozone/integration-test/target/test-dir/MiniOzoneClusterImpl-07260cbc-78d8-43ad-9b31-a55aa369dc3b/datanode-4/data/ratis] (custom)
2019-09-12 10:16:53,886 [pool-71-thread-1] INFO  storage.RaftStorageDirectory (RaftStorageDirectory.java:analyzeStorage(246)) - The storage directory /workdir/hadoop-ozone/integration-test/target/test-dir/MiniOzoneClusterImpl-07260cbc-78d8-43ad-9b31-a55aa369dc3b/datanode-4/data/ratis/05e49bc8-6b66-47b2-97af-68a48c13e930 does not exist. Creating ...
2019-09-12 10:16:53,899 [pool-71-thread-1] INFO  storage.RaftStorageDirectory (RaftStorageDirectory.java:tryLock(328)) - Lock on /workdir/hadoop-ozone/integration-test/target/test-dir/MiniOzoneClusterImpl-07260cbc-78d8-43ad-9b31-a55aa369dc3b/datanode-4/data/ratis/05e49bc8-6b66-47b2-97af-68a48c13e930/in_use.lock acquired by nodename 4851@pr-hdds-1569-xtfnx-3545843844
2019-09-12 10:16:53,913 [pool-71-thread-1] INFO  storage.RaftStorage (RaftStorage.java:format(72)) - Storage directory /workdir/hadoop-ozone/integration-test/target/test-dir/MiniOzoneClusterImpl-07260cbc-78d8-43ad-9b31-a55aa369dc3b/datanode-4/data/ratis/05e49bc8-6b66-47b2-97af-68a48c13e930 has been successfully formatted.
2019-09-12 10:16:53,913 [pool-71-thread-1] INFO  ratis.ContainerStateMachine (ContainerStateMachine.java:loadSnapshot(226)) - group-68A48C13E930: The snapshot info is null. Setting the last applied indexto:(t:0, i:~)
2019-09-12 10:16:53,913 [pool-71-thread-1] INFO  server.RaftServerConfigKeys (ConfUtils.java:logGet(43)) - raft.server.leader.election.timeout = 10s (custom)
2019-09-12 10:16:53,914 [pool-71-thread-1] INFO  server.RaftServerConfigKeys (ConfUtils.java:logGet(43)) - raft.server.log.use.memory = false (default)
2019-09-12 10:16:53,914 [pool-71-thread-1] INFO  server.RaftServerConfigKeys (ConfUtils.java:logGet(43)) - raft.server.log.purge.gap = 1000000 (custom)
2019-09-12 10:16:53,914 [pool-71-thread-1] INFO  server.RaftServerConfigKeys (ConfUtils.java:logGet(43)) - raft.server.log.appender.buffer.byte-limit = 33554432 (custom)
2019-09-12 10:16:53,914 [pool-71-thread-1] INFO  server.RaftServerConfigKeys (ConfUtils.java:logGet(43)) - raft.server.log.segment.size.max = 1048576 (custom)
2019-09-12 10:16:53,914 [pool-71-thread-1] INFO  server.RaftServerConfigKeys (ConfUtils.java:logGet(43)) - raft.server.log.segment.cache.num.max = 2 (custom)
2019-09-12 10:16:53,915 [pool-71-thread-1] INFO  segmented.SegmentedRaftLogWorker (SegmentedRaftLogWorker.java:<init>(172)) - new 754318a0-7d43-4de4-9a7a-4e513334fcf8-SegmentedRaftLogWorker:Storage Directory /workdir/hadoop-ozone/integration-test/target/test-dir/MiniOzoneClusterImpl-07260cbc-78d8-43ad-9b31-a55aa369dc3b/datanode-4/data/ratis/05e49bc8-6b66-47b2-97af-68a48c13e930 for RaftStorage:Storage Directory /workdir/hadoop-ozone/integration-test/target/test-dir/MiniOzoneClusterImpl-07260cbc-78d8-43ad-9b31-a55aa369dc3b/datanode-4/data/ratis/05e49bc8-6b66-47b2-97af-68a48c13e930
2019-09-12 10:16:53,915 [pool-71-thread-1] INFO  server.RaftServerConfigKeys (ConfUtils.java:logGet(43)) - raft.server.log.queue.byte-limit = 2147483647 (custom)
2019-09-12 10:16:53,915 [pool-71-thread-1] INFO  server.RaftServerConfigKeys (ConfUtils.java:logGet(43)) - raft.server.log.queue.element-limit = 1024 (custom)
2019-09-12 10:16:53,915 [pool-71-thread-1] INFO  server.RaftServerConfigKeys (ConfUtils.java:logGet(43)) - raft.server.log.segment.size.max = 1048576 (custom)
2019-09-12 10:16:53,915 [pool-71-thread-1] INFO  server.RaftServerConfigKeys (ConfUtils.java:logGet(43)) - raft.server.log.preallocated.size = 16384 (custom)
2019-09-12 10:16:53,916 [pool-71-thread-1] INFO  server.RaftServerConfigKeys (ConfUtils.java:logGet(43)) - raft.server.log.write.buffer.size = 33554432 (custom)
2019-09-12 10:16:53,916 [pool-71-thread-1] INFO  server.RaftServerConfigKeys (ConfUtils.java:logGet(43)) - raft.server.log.force.sync.num = 128 (default)
2019-09-12 10:16:53,916 [pool-71-thread-1] INFO  server.RaftServerConfigKeys (ConfUtils.java:logGet(43)) - raft.server.log.statemachine.data.sync = true (default)
2019-09-12 10:16:53,916 [pool-71-thread-1] INFO  server.RaftServerConfigKeys (ConfUtils.java:logGet(43)) - raft.server.log.statemachine.data.sync.timeout = 10s (default)
2019-09-12 10:16:53,916 [pool-71-thread-1] INFO  server.RaftServerConfigKeys (ConfUtils.java:logGet(43)) - raft.server.log.statemachine.data.sync.timeout.retry = -1 (default)
2019-09-12 10:16:53,917 [pool-71-thread-1] INFO  server.RaftServerConfigKeys (ConfUtils.java:logGet(43)) - raft.server.log.statemachine.data.caching.enabled = true (custom)
2019-09-12 10:16:53,917 [pool-71-thread-1] INFO  segmented.SegmentedRaftLogWorker (SegmentedRaftLogWorker.java:lambda$new$0(132)) - 754318a0-7d43-4de4-9a7a-4e513334fcf8-SegmentedRaftLogWorker:Storage Directory /workdir/hadoop-ozone/integration-test/target/test-dir/MiniOzoneClusterImpl-07260cbc-78d8-43ad-9b31-a55aa369dc3b/datanode-4/data/ratis/05e49bc8-6b66-47b2-97af-68a48c13e930: flushIndex: setUnconditionally 0 -> -1
2019-09-12 10:16:53,917 [pool-71-thread-1] INFO  server.RaftServerConfigKeys (ConfUtils.java:logGet(43)) - raft.server.snapshot.auto.trigger.enabled = true (custom)
2019-09-12 10:16:53,918 [pool-71-thread-1] INFO  server.RaftServerConfigKeys (ConfUtils.java:logGet(43)) - raft.server.snapshot.auto.trigger.threshold = 10000 (custom)
2019-09-12 10:16:53,918 [pool-71-thread-1] INFO  server.RaftServerConfigKeys (ConfUtils.java:logGet(43)) - raft.server.retrycache.expirytime = 600000ms (custom)
2019-09-12 10:16:53,918 [pool-71-thread-1] INFO  impl.RaftServerImpl (RaftServerImpl.java:start(180)) - 754318a0-7d43-4de4-9a7a-4e513334fcf8: start group-68A48C13E930
2019-09-12 10:16:53,918 [pool-71-thread-1] INFO  impl.RaftServerImpl (RaftServerImpl.java:setRole(171)) - 754318a0-7d43-4de4-9a7a-4e513334fcf8:group-68A48C13E930 changes role from null to FOLLOWER at term 0 for startAsFollower
2019-09-12 10:16:53,919 [pool-71-thread-1] INFO  impl.RoleInfo (RoleInfo.java:updateAndGet(143)) - 754318a0-7d43-4de4-9a7a-4e513334fcf8: start FollowerState
2019-09-12 10:16:53,919 [pool-71-thread-1] INFO  util.JmxRegister (JmxRegister.java:tryRegister(44)) - Successfully registered JMX Bean with object name Ratis:service=RaftServer,group=group-68A48C13E930,id=754318a0-7d43-4de4-9a7a-4e513334fcf8
2019-09-12 10:16:53,930 [RatisPipelineUtilsThread] INFO  pipeline.PipelineStateManager (PipelineStateManager.java:addPipeline(56)) - Created pipeline Pipeline[ Id: 05e49bc8-6b66-47b2-97af-68a48c13e930, Nodes: 754318a0-7d43-4de4-9a7a-4e513334fcf8{ip: 192.168.157.195, host: pr-hdds-1569-xtfnx-3545843844, networkLocation: /default-rack, certSerialId: null}, Type:RATIS, Factor:ONE, State:OPEN]
2019-09-12 10:16:53,947 [grpc-default-executor-0] INFO  impl.RaftServerProxy (RaftServerProxy.java:addNew(89)) - 754318a0-7d43-4de4-9a7a-4e513334fcf8: addNew group-E91424594889:[754318a0-7d43-4de4-9a7a-4e513334fcf8:192.168.157.195:36711] returns group-E91424594889:java.util.concurrent.CompletableFuture@12bbdc11[Not completed]
2019-09-12 10:16:53,950 [pool-71-thread-1] INFO  impl.RaftServerImpl (RaftServerImpl.java:<init>(93)) - 754318a0-7d43-4de4-9a7a-4e513334fcf8: new RaftServerImpl for group-E91424594889:[754318a0-7d43-4de4-9a7a-4e513334fcf8:192.168.157.195:36711] with ContainerStateMachine:uninitialized
2019-09-12 10:16:53,950 [pool-71-thread-1] INFO  server.RaftServerConfigKeys (ConfUtils.java:logGet(43)) - raft.server.rpc.timeout.min = 5s (custom)
2019-09-12 10:16:53,950 [pool-71-thread-1] INFO  server.RaftServerConfigKeys (ConfUtils.java:logGet(43)) - raft.server.rpc.timeout.max = 5200ms (custom)
2019-09-12 10:16:53,951 [pool-71-thread-1] INFO  server.RaftServerConfigKeys (ConfUtils.java:logGet(43)) - raft.server.rpcslowness.timeout = 10s (custom)
2019-09-12 10:16:53,951 [pool-71-thread-1] INFO  server.RaftServerConfigKeys (ConfUtils.java:logGet(43)) - raft.server.sleep.deviation.threshold = 300 (default)
2019-09-12 10:16:53,951 [pool-71-thread-1] INFO  server.RaftServerConfigKeys (ConfUtils.java:logGet(43)) - raft.server.log.appender.install.snapshot.enabled = false (custom)
2019-09-12 10:16:53,951 [pool-71-thread-1] INFO  impl.RaftServerImpl (ServerState.java:<init>(105)) - 754318a0-7d43-4de4-9a7a-4e513334fcf8:group-E91424594889 ConfigurationManager, init=-1: [754318a0-7d43-4de4-9a7a-4e513334fcf8:192.168.157.195:36711], old=null, confs=<EMPTY_MAP>
2019-09-12 10:16:53,951 [pool-71-thread-1] INFO  server.RaftServerConfigKeys (ConfUtils.java:logGet(43)) - raft.server.storage.dir = [/workdir/hadoop-ozone/integration-test/target/test-dir/MiniOzoneClusterImpl-07260cbc-78d8-43ad-9b31-a55aa369dc3b/datanode-4/data/ratis] (custom)
2019-09-12 10:16:53,952 [pool-71-thread-1] INFO  storage.RaftStorageDirectory (RaftStorageDirectory.java:analyzeStorage(246)) - The storage directory /workdir/hadoop-ozone/integration-test/target/test-dir/MiniOzoneClusterImpl-07260cbc-78d8-43ad-9b31-a55aa369dc3b/datanode-4/data/ratis/89da576b-5686-4d0d-9e1b-e91424594889 does not exist. Creating ...
2019-09-12 10:16:53,965 [pool-71-thread-1] INFO  storage.RaftStorageDirectory (RaftStorageDirectory.java:tryLock(328)) - Lock on /workdir/hadoop-ozone/integration-test/target/test-dir/MiniOzoneClusterImpl-07260cbc-78d8-43ad-9b31-a55aa369dc3b/datanode-4/data/ratis/89da576b-5686-4d0d-9e1b-e91424594889/in_use.lock acquired by nodename 4851@pr-hdds-1569-xtfnx-3545843844
2019-09-12 10:16:53,976 [main] INFO  ozone.MiniOzoneClusterImpl (MiniOzoneClusterImpl.java:lambda$waitForClusterToBeReady$0(142)) - Cluster is ready. Got 6 of 6 DN Heartbeats.
2019-09-12 10:16:53,978 [pool-71-thread-1] INFO  storage.RaftStorage (RaftStorage.java:format(72)) - Storage directory /workdir/hadoop-ozone/integration-test/target/test-dir/MiniOzoneClusterImpl-07260cbc-78d8-43ad-9b31-a55aa369dc3b/datanode-4/data/ratis/89da576b-5686-4d0d-9e1b-e91424594889 has been successfully formatted.
2019-09-12 10:16:53,978 [pool-71-thread-1] INFO  ratis.ContainerStateMachine (ContainerStateMachine.java:loadSnapshot(226)) - group-E91424594889: The snapshot info is null. Setting the last applied indexto:(t:0, i:~)
2019-09-12 10:16:53,978 [pool-71-thread-1] INFO  server.RaftServerConfigKeys (ConfUtils.java:logGet(43)) - raft.server.leader.election.timeout = 10s (custom)
2019-09-12 10:16:53,978 [pool-71-thread-1] INFO  server.RaftServerConfigKeys (ConfUtils.java:logGet(43)) - raft.server.log.use.memory = false (default)
2019-09-12 10:16:53,979 [pool-71-thread-1] INFO  server.RaftServerConfigKeys (ConfUtils.java:logGet(43)) - raft.server.log.purge.gap = 1000000 (custom)
2019-09-12 10:16:53,979 [pool-71-thread-1] INFO  server.RaftServerConfigKeys (ConfUtils.java:logGet(43)) - raft.server.log.appender.buffer.byte-limit = 33554432 (custom)
2019-09-12 10:16:53,979 [pool-71-thread-1] INFO  server.RaftServerConfigKeys (ConfUtils.java:logGet(43)) - raft.server.log.segment.size.max = 1048576 (custom)
2019-09-12 10:16:53,979 [pool-71-thread-1] INFO  server.RaftServerConfigKeys (ConfUtils.java:logGet(43)) - raft.server.log.segment.cache.num.max = 2 (custom)
2019-09-12 10:16:53,979 [pool-71-thread-1] INFO  segmented.SegmentedRaftLogWorker (SegmentedRaftLogWorker.java:<init>(172)) - new 754318a0-7d43-4de4-9a7a-4e513334fcf8-SegmentedRaftLogWorker:Storage Directory /workdir/hadoop-ozone/integration-test/target/test-dir/MiniOzoneClusterImpl-07260cbc-78d8-43ad-9b31-a55aa369dc3b/datanode-4/data/ratis/89da576b-5686-4d0d-9e1b-e91424594889 for RaftStorage:Storage Directory /workdir/hadoop-ozone/integration-test/target/test-dir/MiniOzoneClusterImpl-07260cbc-78d8-43ad-9b31-a55aa369dc3b/datanode-4/data/ratis/89da576b-5686-4d0d-9e1b-e91424594889
2019-09-12 10:16:53,980 [pool-71-thread-1] INFO  server.RaftServerConfigKeys (ConfUtils.java:logGet(43)) - raft.server.log.queue.byte-limit = 2147483647 (custom)
2019-09-12 10:16:53,980 [pool-71-thread-1] INFO  server.RaftServerConfigKeys (ConfUtils.java:logGet(43)) - raft.server.log.queue.element-limit = 1024 (custom)
2019-09-12 10:16:53,980 [pool-71-thread-1] INFO  server.RaftServerConfigKeys (ConfUtils.java:logGet(43)) - raft.server.log.segment.size.max = 1048576 (custom)
2019-09-12 10:16:53,980 [pool-71-thread-1] INFO  server.RaftServerConfigKeys (ConfUtils.java:logGet(43)) - raft.server.log.preallocated.size = 16384 (custom)
2019-09-12 10:16:53,980 [pool-71-thread-1] INFO  server.RaftServerConfigKeys (ConfUtils.java:logGet(43)) - raft.server.log.write.buffer.size = 33554432 (custom)
2019-09-12 10:16:53,981 [pool-71-thread-1] INFO  server.RaftServerConfigKeys (ConfUtils.java:logGet(43)) - raft.server.log.force.sync.num = 128 (default)
2019-09-12 10:16:53,981 [pool-71-thread-1] INFO  server.RaftServerConfigKeys (ConfUtils.java:logGet(43)) - raft.server.log.statemachine.data.sync = true (default)
2019-09-12 10:16:53,981 [pool-71-thread-1] INFO  server.RaftServerConfigKeys (ConfUtils.java:logGet(43)) - raft.server.log.statemachine.data.sync.timeout = 10s (default)
2019-09-12 10:16:53,981 [pool-71-thread-1] INFO  server.RaftServerConfigKeys (ConfUtils.java:logGet(43)) - raft.server.log.statemachine.data.sync.timeout.retry = -1 (default)
2019-09-12 10:16:53,981 [pool-71-thread-1] INFO  server.RaftServerConfigKeys (ConfUtils.java:logGet(43)) - raft.server.log.statemachine.data.caching.enabled = true (custom)
2019-09-12 10:16:53,982 [pool-71-thread-1] INFO  segmented.SegmentedRaftLogWorker (SegmentedRaftLogWorker.java:lambda$new$0(132)) - 754318a0-7d43-4de4-9a7a-4e513334fcf8-SegmentedRaftLogWorker:Storage Directory /workdir/hadoop-ozone/integration-test/target/test-dir/MiniOzoneClusterImpl-07260cbc-78d8-43ad-9b31-a55aa369dc3b/datanode-4/data/ratis/89da576b-5686-4d0d-9e1b-e91424594889: flushIndex: setUnconditionally 0 -> -1
2019-09-12 10:16:53,982 [pool-71-thread-1] INFO  server.RaftServerConfigKeys (ConfUtils.java:logGet(43)) - raft.server.snapshot.auto.trigger.enabled = true (custom)
2019-09-12 10:16:53,982 [pool-71-thread-1] INFO  server.RaftServerConfigKeys (ConfUtils.java:logGet(43)) - raft.server.snapshot.auto.trigger.threshold = 10000 (custom)
2019-09-12 10:16:53,983 [pool-71-thread-1] INFO  server.RaftServerConfigKeys (ConfUtils.java:logGet(43)) - raft.server.retrycache.expirytime = 600000ms (custom)
2019-09-12 10:16:53,983 [pool-71-thread-1] INFO  impl.RaftServerImpl (RaftServerImpl.java:start(180)) - 754318a0-7d43-4de4-9a7a-4e513334fcf8: start group-E91424594889
2019-09-12 10:16:53,983 [pool-71-thread-1] INFO  impl.RaftServerImpl (RaftServerImpl.java:setRole(171)) - 754318a0-7d43-4de4-9a7a-4e513334fcf8:group-E91424594889 changes role from null to FOLLOWER at term 0 for startAsFollower
2019-09-12 10:16:53,983 [pool-71-thread-1] INFO  impl.RoleInfo (RoleInfo.java:updateAndGet(143)) - 754318a0-7d43-4de4-9a7a-4e513334fcf8: start FollowerState
2019-09-12 10:16:53,984 [pool-71-thread-1] INFO  util.JmxRegister (JmxRegister.java:tryRegister(44)) - Successfully registered JMX Bean with object name Ratis:service=RaftServer,group=group-E91424594889,id=754318a0-7d43-4de4-9a7a-4e513334fcf8
2019-09-12 10:16:53,999 | INFO  | SCMAudit | user=jenkins1000 | ip=192.168.157.195 | op=SEND_HEARTBEAT {datanodeUUID=2c6903b2-bd88-4155-8644-e70f9499caec, command=[]} | ret=SUCCESS |  
2019-09-12 10:16:53,998 [RatisPipelineUtilsThread] INFO  pipeline.PipelineStateManager (PipelineStateManager.java:addPipeline(56)) - Created pipeline Pipeline[ Id: 89da576b-5686-4d0d-9e1b-e91424594889, Nodes: 754318a0-7d43-4de4-9a7a-4e513334fcf8{ip: 192.168.157.195, host: pr-hdds-1569-xtfnx-3545843844, networkLocation: /default-rack, certSerialId: null}, Type:RATIS, Factor:ONE, State:OPEN]
2019-09-12 10:16:54,014 [grpc-default-executor-0] INFO  impl.RaftServerProxy (RaftServerProxy.java:addNew(89)) - 2c6903b2-bd88-4155-8644-e70f9499caec: addNew group-F22099633A39:[2c6903b2-bd88-4155-8644-e70f9499caec:192.168.157.195:40334] returns group-F22099633A39:java.util.concurrent.CompletableFuture@3d004b2d[Not completed]
2019-09-12 10:16:54,017 [pool-38-thread-1] INFO  impl.RaftServerImpl (RaftServerImpl.java:<init>(93)) - 2c6903b2-bd88-4155-8644-e70f9499caec: new RaftServerImpl for group-F22099633A39:[2c6903b2-bd88-4155-8644-e70f9499caec:192.168.157.195:40334] with ContainerStateMachine:uninitialized
2019-09-12 10:16:54,017 [pool-38-thread-1] INFO  server.RaftServerConfigKeys (ConfUtils.java:logGet(43)) - raft.server.rpc.timeout.min = 5s (custom)
2019-09-12 10:16:54,017 [pool-38-thread-1] INFO  server.RaftServerConfigKeys (ConfUtils.java:logGet(43)) - raft.server.rpc.timeout.max = 5200ms (custom)
2019-09-12 10:16:54,018 [pool-38-thread-1] INFO  server.RaftServerConfigKeys (ConfUtils.java:logGet(43)) - raft.server.rpcslowness.timeout = 10s (custom)
2019-09-12 10:16:54,018 [pool-38-thread-1] INFO  server.RaftServerConfigKeys (ConfUtils.java:logGet(43)) - raft.server.sleep.deviation.threshold = 300 (default)
2019-09-12 10:16:54,018 [pool-38-thread-1] INFO  server.RaftServerConfigKeys (ConfUtils.java:logGet(43)) - raft.server.log.appender.install.snapshot.enabled = false (custom)
2019-09-12 10:16:54,018 [pool-38-thread-1] INFO  impl.RaftServerImpl (ServerState.java:<init>(105)) - 2c6903b2-bd88-4155-8644-e70f9499caec:group-F22099633A39 ConfigurationManager, init=-1: [2c6903b2-bd88-4155-8644-e70f9499caec:192.168.157.195:40334], old=null, confs=<EMPTY_MAP>
2019-09-12 10:16:54,018 [pool-38-thread-1] INFO  server.RaftServerConfigKeys (ConfUtils.java:logGet(43)) - raft.server.storage.dir = [/workdir/hadoop-ozone/integration-test/target/test-dir/MiniOzoneClusterImpl-07260cbc-78d8-43ad-9b31-a55aa369dc3b/datanode-1/data/ratis] (custom)
2019-09-12 10:16:54,019 [pool-38-thread-1] INFO  storage.RaftStorageDirectory (RaftStorageDirectory.java:analyzeStorage(246)) - The storage directory /workdir/hadoop-ozone/integration-test/target/test-dir/MiniOzoneClusterImpl-07260cbc-78d8-43ad-9b31-a55aa369dc3b/datanode-1/data/ratis/029eed0e-83b6-452a-b9a1-f22099633a39 does not exist. Creating ...
2019-09-12 10:16:54,032 [pool-38-thread-1] INFO  storage.RaftStorageDirectory (RaftStorageDirectory.java:tryLock(328)) - Lock on /workdir/hadoop-ozone/integration-test/target/test-dir/MiniOzoneClusterImpl-07260cbc-78d8-43ad-9b31-a55aa369dc3b/datanode-1/data/ratis/029eed0e-83b6-452a-b9a1-f22099633a39/in_use.lock acquired by nodename 4851@pr-hdds-1569-xtfnx-3545843844
2019-09-12 10:16:54,045 [pool-38-thread-1] INFO  storage.RaftStorage (RaftStorage.java:format(72)) - Storage directory /workdir/hadoop-ozone/integration-test/target/test-dir/MiniOzoneClusterImpl-07260cbc-78d8-43ad-9b31-a55aa369dc3b/datanode-1/data/ratis/029eed0e-83b6-452a-b9a1-f22099633a39 has been successfully formatted.
2019-09-12 10:16:54,046 [pool-38-thread-1] INFO  ratis.ContainerStateMachine (ContainerStateMachine.java:loadSnapshot(226)) - group-F22099633A39: The snapshot info is null. Setting the last applied indexto:(t:0, i:~)
2019-09-12 10:16:54,046 [pool-38-thread-1] INFO  server.RaftServerConfigKeys (ConfUtils.java:logGet(43)) - raft.server.leader.election.timeout = 10s (custom)
2019-09-12 10:16:54,046 [pool-38-thread-1] INFO  server.RaftServerConfigKeys (ConfUtils.java:logGet(43)) - raft.server.log.use.memory = false (default)
2019-09-12 10:16:54,046 [pool-38-thread-1] INFO  server.RaftServerConfigKeys (ConfUtils.java:logGet(43)) - raft.server.log.purge.gap = 1000000 (custom)
2019-09-12 10:16:54,047 [pool-38-thread-1] INFO  server.RaftServerConfigKeys (ConfUtils.java:logGet(43)) - raft.server.log.appender.buffer.byte-limit = 33554432 (custom)
2019-09-12 10:16:54,047 [pool-38-thread-1] INFO  server.RaftServerConfigKeys (ConfUtils.java:logGet(43)) - raft.server.log.segment.size.max = 1048576 (custom)
2019-09-12 10:16:54,047 [pool-38-thread-1] INFO  server.RaftServerConfigKeys (ConfUtils.java:logGet(43)) - raft.server.log.segment.cache.num.max = 2 (custom)
2019-09-12 10:16:54,047 [pool-38-thread-1] INFO  segmented.SegmentedRaftLogWorker (SegmentedRaftLogWorker.java:<init>(172)) - new 2c6903b2-bd88-4155-8644-e70f9499caec-SegmentedRaftLogWorker:Storage Directory /workdir/hadoop-ozone/integration-test/target/test-dir/MiniOzoneClusterImpl-07260cbc-78d8-43ad-9b31-a55aa369dc3b/datanode-1/data/ratis/029eed0e-83b6-452a-b9a1-f22099633a39 for RaftStorage:Storage Directory /workdir/hadoop-ozone/integration-test/target/test-dir/MiniOzoneClusterImpl-07260cbc-78d8-43ad-9b31-a55aa369dc3b/datanode-1/data/ratis/029eed0e-83b6-452a-b9a1-f22099633a39
2019-09-12 10:16:54,047 [pool-38-thread-1] INFO  server.RaftServerConfigKeys (ConfUtils.java:logGet(43)) - raft.server.log.queue.byte-limit = 2147483647 (custom)
2019-09-12 10:16:54,048 [pool-38-thread-1] INFO  server.RaftServerConfigKeys (ConfUtils.java:logGet(43)) - raft.server.log.queue.element-limit = 1024 (custom)
2019-09-12 10:16:54,048 [pool-38-thread-1] INFO  server.RaftServerConfigKeys (ConfUtils.java:logGet(43)) - raft.server.log.segment.size.max = 1048576 (custom)
2019-09-12 10:16:54,048 [pool-38-thread-1] INFO  server.RaftServerConfigKeys (ConfUtils.java:logGet(43)) - raft.server.log.preallocated.size = 16384 (custom)
2019-09-12 10:16:54,048 [pool-38-thread-1] INFO  server.RaftServerConfigKeys (ConfUtils.java:logGet(43)) - raft.server.log.write.buffer.size = 33554432 (custom)
2019-09-12 10:16:54,048 [pool-38-thread-1] INFO  server.RaftServerConfigKeys (ConfUtils.java:logGet(43)) - raft.server.log.force.sync.num = 128 (default)
2019-09-12 10:16:54,049 [pool-38-thread-1] INFO  server.RaftServerConfigKeys (ConfUtils.java:logGet(43)) - raft.server.log.statemachine.data.sync = true (default)
2019-09-12 10:16:54,049 [pool-38-thread-1] INFO  server.RaftServerConfigKeys (ConfUtils.java:logGet(43)) - raft.server.log.statemachine.data.sync.timeout = 10s (default)
2019-09-12 10:16:54,049 [pool-38-thread-1] INFO  server.RaftServerConfigKeys (ConfUtils.java:logGet(43)) - raft.server.log.statemachine.data.sync.timeout.retry = -1 (default)
2019-09-12 10:16:54,049 [pool-38-thread-1] INFO  server.RaftServerConfigKeys (ConfUtils.java:logGet(43)) - raft.server.log.statemachine.data.caching.enabled = true (custom)
2019-09-12 10:16:54,050 [pool-38-thread-1] INFO  segmented.SegmentedRaftLogWorker (SegmentedRaftLogWorker.java:lambda$new$0(132)) - 2c6903b2-bd88-4155-8644-e70f9499caec-SegmentedRaftLogWorker:Storage Directory /workdir/hadoop-ozone/integration-test/target/test-dir/MiniOzoneClusterImpl-07260cbc-78d8-43ad-9b31-a55aa369dc3b/datanode-1/data/ratis/029eed0e-83b6-452a-b9a1-f22099633a39: flushIndex: setUnconditionally 0 -> -1
2019-09-12 10:16:54,050 [pool-38-thread-1] INFO  server.RaftServerConfigKeys (ConfUtils.java:logGet(43)) - raft.server.snapshot.auto.trigger.enabled = true (custom)
2019-09-12 10:16:54,050 [pool-38-thread-1] INFO  server.RaftServerConfigKeys (ConfUtils.java:logGet(43)) - raft.server.snapshot.auto.trigger.threshold = 10000 (custom)
2019-09-12 10:16:54,051 [pool-38-thread-1] INFO  server.RaftServerConfigKeys (ConfUtils.java:logGet(43)) - raft.server.retrycache.expirytime = 600000ms (custom)
2019-09-12 10:16:54,051 [pool-38-thread-1] INFO  impl.RaftServerImpl (RaftServerImpl.java:start(180)) - 2c6903b2-bd88-4155-8644-e70f9499caec: start group-F22099633A39
2019-09-12 10:16:54,051 [pool-38-thread-1] INFO  impl.RaftServerImpl (RaftServerImpl.java:setRole(171)) - 2c6903b2-bd88-4155-8644-e70f9499caec:group-F22099633A39 changes role from null to FOLLOWER at term 0 for startAsFollower
2019-09-12 10:16:54,051 [pool-38-thread-1] INFO  impl.RoleInfo (RoleInfo.java:updateAndGet(143)) - 2c6903b2-bd88-4155-8644-e70f9499caec: start FollowerState
2019-09-12 10:16:54,052 [pool-38-thread-1] INFO  util.JmxRegister (JmxRegister.java:tryRegister(44)) - Successfully registered JMX Bean with object name Ratis:service=RaftServer,group=group-F22099633A39,id=2c6903b2-bd88-4155-8644-e70f9499caec
2019-09-12 10:16:54,064 [RatisPipelineUtilsThread] INFO  pipeline.PipelineStateManager (PipelineStateManager.java:addPipeline(56)) - Created pipeline Pipeline[ Id: 029eed0e-83b6-452a-b9a1-f22099633a39, Nodes: 2c6903b2-bd88-4155-8644-e70f9499caec{ip: 192.168.157.195, host: pr-hdds-1569-xtfnx-3545843844, networkLocation: /default-rack, certSerialId: null}, Type:RATIS, Factor:ONE, State:OPEN]
2019-09-12 10:16:54,088 [grpc-default-executor-1] INFO  impl.RaftServerProxy (RaftServerProxy.java:addNew(89)) - d125a0e9-cc1d-49ad-8efe-65f48e7470f1: addNew group-7D0E27E85EF2:[d125a0e9-cc1d-49ad-8efe-65f48e7470f1:192.168.157.195:46432] returns group-7D0E27E85EF2:java.util.concurrent.CompletableFuture@491ad57c[Not completed]
2019-09-12 10:16:54,089 [pool-27-thread-1] INFO  impl.RaftServerImpl (RaftServerImpl.java:<init>(93)) - d125a0e9-cc1d-49ad-8efe-65f48e7470f1: new RaftServerImpl for group-7D0E27E85EF2:[d125a0e9-cc1d-49ad-8efe-65f48e7470f1:192.168.157.195:46432] with ContainerStateMachine:uninitialized
2019-09-12 10:16:54,089 [pool-27-thread-1] INFO  server.RaftServerConfigKeys (ConfUtils.java:logGet(43)) - raft.server.rpc.timeout.min = 5s (custom)
2019-09-12 10:16:54,090 [pool-27-thread-1] INFO  server.RaftServerConfigKeys (ConfUtils.java:logGet(43)) - raft.server.rpc.timeout.max = 5200ms (custom)
2019-09-12 10:16:54,090 [pool-27-thread-1] INFO  server.RaftServerConfigKeys (ConfUtils.java:logGet(43)) - raft.server.rpcslowness.timeout = 10s (custom)
2019-09-12 10:16:54,090 [pool-27-thread-1] INFO  server.RaftServerConfigKeys (ConfUtils.java:logGet(43)) - raft.server.sleep.deviation.threshold = 300 (default)
2019-09-12 10:16:54,090 [pool-27-thread-1] INFO  server.RaftServerConfigKeys (ConfUtils.java:logGet(43)) - raft.server.log.appender.install.snapshot.enabled = false (custom)
2019-09-12 10:16:54,090 [pool-27-thread-1] INFO  impl.RaftServerImpl (ServerState.java:<init>(105)) - d125a0e9-cc1d-49ad-8efe-65f48e7470f1:group-7D0E27E85EF2 ConfigurationManager, init=-1: [d125a0e9-cc1d-49ad-8efe-65f48e7470f1:192.168.157.195:46432], old=null, confs=<EMPTY_MAP>
2019-09-12 10:16:54,091 [pool-27-thread-1] INFO  server.RaftServerConfigKeys (ConfUtils.java:logGet(43)) - raft.server.storage.dir = [/workdir/hadoop-ozone/integration-test/target/test-dir/MiniOzoneClusterImpl-07260cbc-78d8-43ad-9b31-a55aa369dc3b/datanode-0/data/ratis] (custom)
2019-09-12 10:16:54,091 [pool-27-thread-1] INFO  storage.RaftStorageDirectory (RaftStorageDirectory.java:analyzeStorage(246)) - The storage directory /workdir/hadoop-ozone/integration-test/target/test-dir/MiniOzoneClusterImpl-07260cbc-78d8-43ad-9b31-a55aa369dc3b/datanode-0/data/ratis/dea5c433-296f-45db-a0a5-7d0e27e85ef2 does not exist. Creating ...
2019-09-12 10:16:54,104 [pool-27-thread-1] INFO  storage.RaftStorageDirectory (RaftStorageDirectory.java:tryLock(328)) - Lock on /workdir/hadoop-ozone/integration-test/target/test-dir/MiniOzoneClusterImpl-07260cbc-78d8-43ad-9b31-a55aa369dc3b/datanode-0/data/ratis/dea5c433-296f-45db-a0a5-7d0e27e85ef2/in_use.lock acquired by nodename 4851@pr-hdds-1569-xtfnx-3545843844
2019-09-12 10:16:54,118 [pool-27-thread-1] INFO  storage.RaftStorage (RaftStorage.java:format(72)) - Storage directory /workdir/hadoop-ozone/integration-test/target/test-dir/MiniOzoneClusterImpl-07260cbc-78d8-43ad-9b31-a55aa369dc3b/datanode-0/data/ratis/dea5c433-296f-45db-a0a5-7d0e27e85ef2 has been successfully formatted.
2019-09-12 10:16:54,118 [pool-27-thread-1] INFO  ratis.ContainerStateMachine (ContainerStateMachine.java:loadSnapshot(226)) - group-7D0E27E85EF2: The snapshot info is null. Setting the last applied indexto:(t:0, i:~)
2019-09-12 10:16:54,119 [pool-27-thread-1] INFO  server.RaftServerConfigKeys (ConfUtils.java:logGet(43)) - raft.server.leader.election.timeout = 10s (custom)
2019-09-12 10:16:54,119 [pool-27-thread-1] INFO  server.RaftServerConfigKeys (ConfUtils.java:logGet(43)) - raft.server.log.use.memory = false (default)
2019-09-12 10:16:54,119 [pool-27-thread-1] INFO  server.RaftServerConfigKeys (ConfUtils.java:logGet(43)) - raft.server.log.purge.gap = 1000000 (custom)
2019-09-12 10:16:54,119 [pool-27-thread-1] INFO  server.RaftServerConfigKeys (ConfUtils.java:logGet(43)) - raft.server.log.appender.buffer.byte-limit = 33554432 (custom)
2019-09-12 10:16:54,119 [pool-27-thread-1] INFO  server.RaftServerConfigKeys (ConfUtils.java:logGet(43)) - raft.server.log.segment.size.max = 1048576 (custom)
2019-09-12 10:16:54,119 [pool-27-thread-1] INFO  server.RaftServerConfigKeys (ConfUtils.java:logGet(43)) - raft.server.log.segment.cache.num.max = 2 (custom)
2019-09-12 10:16:54,119 [pool-27-thread-1] INFO  segmented.SegmentedRaftLogWorker (SegmentedRaftLogWorker.java:<init>(172)) - new d125a0e9-cc1d-49ad-8efe-65f48e7470f1-SegmentedRaftLogWorker:Storage Directory /workdir/hadoop-ozone/integration-test/target/test-dir/MiniOzoneClusterImpl-07260cbc-78d8-43ad-9b31-a55aa369dc3b/datanode-0/data/ratis/dea5c433-296f-45db-a0a5-7d0e27e85ef2 for RaftStorage:Storage Directory /workdir/hadoop-ozone/integration-test/target/test-dir/MiniOzoneClusterImpl-07260cbc-78d8-43ad-9b31-a55aa369dc3b/datanode-0/data/ratis/dea5c433-296f-45db-a0a5-7d0e27e85ef2
2019-09-12 10:16:54,120 [pool-27-thread-1] INFO  server.RaftServerConfigKeys (ConfUtils.java:logGet(43)) - raft.server.log.queue.byte-limit = 2147483647 (custom)
2019-09-12 10:16:54,120 [pool-27-thread-1] INFO  server.RaftServerConfigKeys (ConfUtils.java:logGet(43)) - raft.server.log.queue.element-limit = 1024 (custom)
2019-09-12 10:16:54,120 [pool-27-thread-1] INFO  server.RaftServerConfigKeys (ConfUtils.java:logGet(43)) - raft.server.log.segment.size.max = 1048576 (custom)
2019-09-12 10:16:54,120 [pool-27-thread-1] INFO  server.RaftServerConfigKeys (ConfUtils.java:logGet(43)) - raft.server.log.preallocated.size = 16384 (custom)
2019-09-12 10:16:54,120 [pool-27-thread-1] INFO  server.RaftServerConfigKeys (ConfUtils.java:logGet(43)) - raft.server.log.write.buffer.size = 33554432 (custom)
2019-09-12 10:16:54,120 [pool-27-thread-1] INFO  server.RaftServerConfigKeys (ConfUtils.java:logGet(43)) - raft.server.log.force.sync.num = 128 (default)
2019-09-12 10:16:54,120 [pool-27-thread-1] INFO  server.RaftServerConfigKeys (ConfUtils.java:logGet(43)) - raft.server.log.statemachine.data.sync = true (default)
2019-09-12 10:16:54,121 [pool-27-thread-1] INFO  server.RaftServerConfigKeys (ConfUtils.java:logGet(43)) - raft.server.log.statemachine.data.sync.timeout = 10s (default)
2019-09-12 10:16:54,121 [pool-27-thread-1] INFO  server.RaftServerConfigKeys (ConfUtils.java:logGet(43)) - raft.server.log.statemachine.data.sync.timeout.retry = -1 (default)
2019-09-12 10:16:54,121 [pool-27-thread-1] INFO  server.RaftServerConfigKeys (ConfUtils.java:logGet(43)) - raft.server.log.statemachine.data.caching.enabled = true (custom)
2019-09-12 10:16:54,121 [pool-27-thread-1] INFO  segmented.SegmentedRaftLogWorker (SegmentedRaftLogWorker.java:lambda$new$0(132)) - d125a0e9-cc1d-49ad-8efe-65f48e7470f1-SegmentedRaftLogWorker:Storage Directory /workdir/hadoop-ozone/integration-test/target/test-dir/MiniOzoneClusterImpl-07260cbc-78d8-43ad-9b31-a55aa369dc3b/datanode-0/data/ratis/dea5c433-296f-45db-a0a5-7d0e27e85ef2: flushIndex: setUnconditionally 0 -> -1
2019-09-12 10:16:54,122 [pool-27-thread-1] INFO  server.RaftServerConfigKeys (ConfUtils.java:logGet(43)) - raft.server.snapshot.auto.trigger.enabled = true (custom)
2019-09-12 10:16:54,122 [pool-27-thread-1] INFO  server.RaftServerConfigKeys (ConfUtils.java:logGet(43)) - raft.server.snapshot.auto.trigger.threshold = 10000 (custom)
2019-09-12 10:16:54,122 [pool-27-thread-1] INFO  server.RaftServerConfigKeys (ConfUtils.java:logGet(43)) - raft.server.retrycache.expirytime = 600000ms (custom)
2019-09-12 10:16:54,122 [pool-27-thread-1] INFO  impl.RaftServerImpl (RaftServerImpl.java:start(180)) - d125a0e9-cc1d-49ad-8efe-65f48e7470f1: start group-7D0E27E85EF2
2019-09-12 10:16:54,122 [pool-27-thread-1] INFO  impl.RaftServerImpl (RaftServerImpl.java:setRole(171)) - d125a0e9-cc1d-49ad-8efe-65f48e7470f1:group-7D0E27E85EF2 changes role from null to FOLLOWER at term 0 for startAsFollower
2019-09-12 10:16:54,122 [pool-27-thread-1] INFO  impl.RoleInfo (RoleInfo.java:updateAndGet(143)) - d125a0e9-cc1d-49ad-8efe-65f48e7470f1: start FollowerState
2019-09-12 10:16:54,123 [pool-27-thread-1] INFO  util.JmxRegister (JmxRegister.java:tryRegister(44)) - Successfully registered JMX Bean with object name Ratis:service=RaftServer,group=group-7D0E27E85EF2,id=d125a0e9-cc1d-49ad-8efe-65f48e7470f1
2019-09-12 10:16:54,136 [RatisPipelineUtilsThread] INFO  pipeline.PipelineStateManager (PipelineStateManager.java:addPipeline(56)) - Created pipeline Pipeline[ Id: dea5c433-296f-45db-a0a5-7d0e27e85ef2, Nodes: d125a0e9-cc1d-49ad-8efe-65f48e7470f1{ip: 192.168.157.195, host: pr-hdds-1569-xtfnx-3545843844, networkLocation: /default-rack, certSerialId: null}, Type:RATIS, Factor:ONE, State:OPEN]
2019-09-12 10:16:54,153 [grpc-default-executor-1] INFO  impl.RaftServerProxy (RaftServerProxy.java:addNew(89)) - 29b8f213-10fb-4d36-bbf5-ca2aa222f4ad: addNew group-059CEE29EA7E:[29b8f213-10fb-4d36-bbf5-ca2aa222f4ad:192.168.157.195:38559] returns group-059CEE29EA7E:java.util.concurrent.CompletableFuture@6e03814[Not completed]
2019-09-12 10:16:54,157 [pool-60-thread-1] INFO  impl.RaftServerImpl (RaftServerImpl.java:<init>(93)) - 29b8f213-10fb-4d36-bbf5-ca2aa222f4ad: new RaftServerImpl for group-059CEE29EA7E:[29b8f213-10fb-4d36-bbf5-ca2aa222f4ad:192.168.157.195:38559] with ContainerStateMachine:uninitialized
2019-09-12 10:16:54,157 [pool-60-thread-1] INFO  server.RaftServerConfigKeys (ConfUtils.java:logGet(43)) - raft.server.rpc.timeout.min = 5s (custom)
2019-09-12 10:16:54,158 [pool-60-thread-1] INFO  server.RaftServerConfigKeys (ConfUtils.java:logGet(43)) - raft.server.rpc.timeout.max = 5200ms (custom)
2019-09-12 10:16:54,158 [pool-60-thread-1] INFO  server.RaftServerConfigKeys (ConfUtils.java:logGet(43)) - raft.server.rpcslowness.timeout = 10s (custom)
2019-09-12 10:16:54,158 [pool-60-thread-1] INFO  server.RaftServerConfigKeys (ConfUtils.java:logGet(43)) - raft.server.sleep.deviation.threshold = 300 (default)
2019-09-12 10:16:54,158 [pool-60-thread-1] INFO  server.RaftServerConfigKeys (ConfUtils.java:logGet(43)) - raft.server.log.appender.install.snapshot.enabled = false (custom)
2019-09-12 10:16:54,158 [pool-60-thread-1] INFO  impl.RaftServerImpl (ServerState.java:<init>(105)) - 29b8f213-10fb-4d36-bbf5-ca2aa222f4ad:group-059CEE29EA7E ConfigurationManager, init=-1: [29b8f213-10fb-4d36-bbf5-ca2aa222f4ad:192.168.157.195:38559], old=null, confs=<EMPTY_MAP>
2019-09-12 10:16:54,159 [pool-60-thread-1] INFO  server.RaftServerConfigKeys (ConfUtils.java:logGet(43)) - raft.server.storage.dir = [/workdir/hadoop-ozone/integration-test/target/test-dir/MiniOzoneClusterImpl-07260cbc-78d8-43ad-9b31-a55aa369dc3b/datanode-3/data/ratis] (custom)
2019-09-12 10:16:54,159 [pool-60-thread-1] INFO  storage.RaftStorageDirectory (RaftStorageDirectory.java:analyzeStorage(246)) - The storage directory /workdir/hadoop-ozone/integration-test/target/test-dir/MiniOzoneClusterImpl-07260cbc-78d8-43ad-9b31-a55aa369dc3b/datanode-3/data/ratis/f92dfc45-6e2b-48e8-84c5-059cee29ea7e does not exist. Creating ...
2019-09-12 10:16:54,182 [pool-60-thread-1] INFO  storage.RaftStorageDirectory (RaftStorageDirectory.java:tryLock(328)) - Lock on /workdir/hadoop-ozone/integration-test/target/test-dir/MiniOzoneClusterImpl-07260cbc-78d8-43ad-9b31-a55aa369dc3b/datanode-3/data/ratis/f92dfc45-6e2b-48e8-84c5-059cee29ea7e/in_use.lock acquired by nodename 4851@pr-hdds-1569-xtfnx-3545843844
2019-09-12 10:16:54,207 [pool-60-thread-1] INFO  storage.RaftStorage (RaftStorage.java:format(72)) - Storage directory /workdir/hadoop-ozone/integration-test/target/test-dir/MiniOzoneClusterImpl-07260cbc-78d8-43ad-9b31-a55aa369dc3b/datanode-3/data/ratis/f92dfc45-6e2b-48e8-84c5-059cee29ea7e has been successfully formatted.
2019-09-12 10:16:54,208 [pool-60-thread-1] INFO  ratis.ContainerStateMachine (ContainerStateMachine.java:loadSnapshot(226)) - group-059CEE29EA7E: The snapshot info is null. Setting the last applied indexto:(t:0, i:~)
2019-09-12 10:16:54,208 [pool-60-thread-1] INFO  server.RaftServerConfigKeys (ConfUtils.java:logGet(43)) - raft.server.leader.election.timeout = 10s (custom)
2019-09-12 10:16:54,208 [pool-60-thread-1] INFO  server.RaftServerConfigKeys (ConfUtils.java:logGet(43)) - raft.server.log.use.memory = false (default)
2019-09-12 10:16:54,208 [pool-60-thread-1] INFO  server.RaftServerConfigKeys (ConfUtils.java:logGet(43)) - raft.server.log.purge.gap = 1000000 (custom)
2019-09-12 10:16:54,208 [pool-60-thread-1] INFO  server.RaftServerConfigKeys (ConfUtils.java:logGet(43)) - raft.server.log.appender.buffer.byte-limit = 33554432 (custom)
2019-09-12 10:16:54,209 [pool-60-thread-1] INFO  server.RaftServerConfigKeys (ConfUtils.java:logGet(43)) - raft.server.log.segment.size.max = 1048576 (custom)
2019-09-12 10:16:54,209 [pool-60-thread-1] INFO  server.RaftServerConfigKeys (ConfUtils.java:logGet(43)) - raft.server.log.segment.cache.num.max = 2 (custom)
2019-09-12 10:16:54,209 [pool-60-thread-1] INFO  segmented.SegmentedRaftLogWorker (SegmentedRaftLogWorker.java:<init>(172)) - new 29b8f213-10fb-4d36-bbf5-ca2aa222f4ad-SegmentedRaftLogWorker:Storage Directory /workdir/hadoop-ozone/integration-test/target/test-dir/MiniOzoneClusterImpl-07260cbc-78d8-43ad-9b31-a55aa369dc3b/datanode-3/data/ratis/f92dfc45-6e2b-48e8-84c5-059cee29ea7e for RaftStorage:Storage Directory /workdir/hadoop-ozone/integration-test/target/test-dir/MiniOzoneClusterImpl-07260cbc-78d8-43ad-9b31-a55aa369dc3b/datanode-3/data/ratis/f92dfc45-6e2b-48e8-84c5-059cee29ea7e
2019-09-12 10:16:54,209 [pool-60-thread-1] INFO  server.RaftServerConfigKeys (ConfUtils.java:logGet(43)) - raft.server.log.queue.byte-limit = 2147483647 (custom)
2019-09-12 10:16:54,210 [pool-60-thread-1] INFO  server.RaftServerConfigKeys (ConfUtils.java:logGet(43)) - raft.server.log.queue.element-limit = 1024 (custom)
2019-09-12 10:16:54,210 [pool-60-thread-1] INFO  server.RaftServerConfigKeys (ConfUtils.java:logGet(43)) - raft.server.log.segment.size.max = 1048576 (custom)
2019-09-12 10:16:54,210 [pool-60-thread-1] INFO  server.RaftServerConfigKeys (ConfUtils.java:logGet(43)) - raft.server.log.preallocated.size = 16384 (custom)
2019-09-12 10:16:54,211 [pool-60-thread-1] INFO  server.RaftServerConfigKeys (ConfUtils.java:logGet(43)) - raft.server.log.write.buffer.size = 33554432 (custom)
2019-09-12 10:16:54,211 [pool-60-thread-1] INFO  server.RaftServerConfigKeys (ConfUtils.java:logGet(43)) - raft.server.log.force.sync.num = 128 (default)
2019-09-12 10:16:54,211 [pool-60-thread-1] INFO  server.RaftServerConfigKeys (ConfUtils.java:logGet(43)) - raft.server.log.statemachine.data.sync = true (default)
2019-09-12 10:16:54,213 [pool-60-thread-1] INFO  server.RaftServerConfigKeys (ConfUtils.java:logGet(43)) - raft.server.log.statemachine.data.sync.timeout = 10s (default)
2019-09-12 10:16:54,214 [pool-60-thread-1] INFO  server.RaftServerConfigKeys (ConfUtils.java:logGet(43)) - raft.server.log.statemachine.data.sync.timeout.retry = -1 (default)
2019-09-12 10:16:54,214 [pool-60-thread-1] INFO  server.RaftServerConfigKeys (ConfUtils.java:logGet(43)) - raft.server.log.statemachine.data.caching.enabled = true (custom)
2019-09-12 10:16:54,215 [pool-60-thread-1] INFO  segmented.SegmentedRaftLogWorker (SegmentedRaftLogWorker.java:lambda$new$0(132)) - 29b8f213-10fb-4d36-bbf5-ca2aa222f4ad-SegmentedRaftLogWorker:Storage Directory /workdir/hadoop-ozone/integration-test/target/test-dir/MiniOzoneClusterImpl-07260cbc-78d8-43ad-9b31-a55aa369dc3b/datanode-3/data/ratis/f92dfc45-6e2b-48e8-84c5-059cee29ea7e: flushIndex: setUnconditionally 0 -> -1
2019-09-12 10:16:54,215 | INFO  | SCMAudit | user=jenkins1000 | ip=192.168.157.195 | op=SEND_HEARTBEAT {datanodeUUID=2ccaf34f-8eeb-4cb8-b9bf-ec796d9a8e8c, command=[]} | ret=SUCCESS |  
2019-09-12 10:16:54,215 [pool-60-thread-1] INFO  server.RaftServerConfigKeys (ConfUtils.java:logGet(43)) - raft.server.snapshot.auto.trigger.enabled = true (custom)
2019-09-12 10:16:54,215 [pool-60-thread-1] INFO  server.RaftServerConfigKeys (ConfUtils.java:logGet(43)) - raft.server.snapshot.auto.trigger.threshold = 10000 (custom)
2019-09-12 10:16:54,215 [pool-60-thread-1] INFO  server.RaftServerConfigKeys (ConfUtils.java:logGet(43)) - raft.server.retrycache.expirytime = 600000ms (custom)
2019-09-12 10:16:54,216 [pool-60-thread-1] INFO  impl.RaftServerImpl (RaftServerImpl.java:start(180)) - 29b8f213-10fb-4d36-bbf5-ca2aa222f4ad: start group-059CEE29EA7E
2019-09-12 10:16:54,216 [pool-60-thread-1] INFO  impl.RaftServerImpl (RaftServerImpl.java:setRole(171)) - 29b8f213-10fb-4d36-bbf5-ca2aa222f4ad:group-059CEE29EA7E changes role from null to FOLLOWER at term 0 for startAsFollower
2019-09-12 10:16:54,216 [pool-60-thread-1] INFO  impl.RoleInfo (RoleInfo.java:updateAndGet(143)) - 29b8f213-10fb-4d36-bbf5-ca2aa222f4ad: start FollowerState
2019-09-12 10:16:54,217 [pool-60-thread-1] INFO  util.JmxRegister (JmxRegister.java:tryRegister(44)) - Successfully registered JMX Bean with object name Ratis:service=RaftServer,group=group-059CEE29EA7E,id=29b8f213-10fb-4d36-bbf5-ca2aa222f4ad
2019-09-12 10:16:54,228 [RatisPipelineUtilsThread] INFO  pipeline.PipelineStateManager (PipelineStateManager.java:addPipeline(56)) - Created pipeline Pipeline[ Id: f92dfc45-6e2b-48e8-84c5-059cee29ea7e, Nodes: 29b8f213-10fb-4d36-bbf5-ca2aa222f4ad{ip: 192.168.157.195, host: pr-hdds-1569-xtfnx-3545843844, networkLocation: /default-rack, certSerialId: null}, Type:RATIS, Factor:ONE, State:OPEN]
2019-09-12 10:16:54,244 [grpc-default-executor-1] INFO  impl.RaftServerProxy (RaftServerProxy.java:addNew(89)) - 2ccaf34f-8eeb-4cb8-b9bf-ec796d9a8e8c: addNew group-17C70005F625:[2ccaf34f-8eeb-4cb8-b9bf-ec796d9a8e8c:192.168.157.195:42859] returns group-17C70005F625:java.util.concurrent.CompletableFuture@66cfc75b[Not completed]
2019-09-12 10:16:54,246 [pool-49-thread-1] INFO  impl.RaftServerImpl (RaftServerImpl.java:<init>(93)) - 2ccaf34f-8eeb-4cb8-b9bf-ec796d9a8e8c: new RaftServerImpl for group-17C70005F625:[2ccaf34f-8eeb-4cb8-b9bf-ec796d9a8e8c:192.168.157.195:42859] with ContainerStateMachine:uninitialized
2019-09-12 10:16:54,246 [pool-49-thread-1] INFO  server.RaftServerConfigKeys (ConfUtils.java:logGet(43)) - raft.server.rpc.timeout.min = 5s (custom)
2019-09-12 10:16:54,246 [pool-49-thread-1] INFO  server.RaftServerConfigKeys (ConfUtils.java:logGet(43)) - raft.server.rpc.timeout.max = 5200ms (custom)
2019-09-12 10:16:54,246 [pool-49-thread-1] INFO  server.RaftServerConfigKeys (ConfUtils.java:logGet(43)) - raft.server.rpcslowness.timeout = 10s (custom)
2019-09-12 10:16:54,246 [pool-49-thread-1] INFO  server.RaftServerConfigKeys (ConfUtils.java:logGet(43)) - raft.server.sleep.deviation.threshold = 300 (default)
2019-09-12 10:16:54,246 [pool-49-thread-1] INFO  server.RaftServerConfigKeys (ConfUtils.java:logGet(43)) - raft.server.log.appender.install.snapshot.enabled = false (custom)
2019-09-12 10:16:54,247 [pool-49-thread-1] INFO  impl.RaftServerImpl (ServerState.java:<init>(105)) - 2ccaf34f-8eeb-4cb8-b9bf-ec796d9a8e8c:group-17C70005F625 ConfigurationManager, init=-1: [2ccaf34f-8eeb-4cb8-b9bf-ec796d9a8e8c:192.168.157.195:42859], old=null, confs=<EMPTY_MAP>
2019-09-12 10:16:54,247 [pool-49-thread-1] INFO  server.RaftServerConfigKeys (ConfUtils.java:logGet(43)) - raft.server.storage.dir = [/workdir/hadoop-ozone/integration-test/target/test-dir/MiniOzoneClusterImpl-07260cbc-78d8-43ad-9b31-a55aa369dc3b/datanode-2/data/ratis] (custom)
2019-09-12 10:16:54,247 [pool-49-thread-1] INFO  storage.RaftStorageDirectory (RaftStorageDirectory.java:analyzeStorage(246)) - The storage directory /workdir/hadoop-ozone/integration-test/target/test-dir/MiniOzoneClusterImpl-07260cbc-78d8-43ad-9b31-a55aa369dc3b/datanode-2/data/ratis/642b453b-f7ca-40ac-aa9e-17c70005f625 does not exist. Creating ...
2019-09-12 10:16:54,261 [pool-49-thread-1] INFO  storage.RaftStorageDirectory (RaftStorageDirectory.java:tryLock(328)) - Lock on /workdir/hadoop-ozone/integration-test/target/test-dir/MiniOzoneClusterImpl-07260cbc-78d8-43ad-9b31-a55aa369dc3b/datanode-2/data/ratis/642b453b-f7ca-40ac-aa9e-17c70005f625/in_use.lock acquired by nodename 4851@pr-hdds-1569-xtfnx-3545843844
2019-09-12 10:16:54,274 [pool-49-thread-1] INFO  storage.RaftStorage (RaftStorage.java:format(72)) - Storage directory /workdir/hadoop-ozone/integration-test/target/test-dir/MiniOzoneClusterImpl-07260cbc-78d8-43ad-9b31-a55aa369dc3b/datanode-2/data/ratis/642b453b-f7ca-40ac-aa9e-17c70005f625 has been successfully formatted.
2019-09-12 10:16:54,274 [pool-49-thread-1] INFO  ratis.ContainerStateMachine (ContainerStateMachine.java:loadSnapshot(226)) - group-17C70005F625: The snapshot info is null. Setting the last applied indexto:(t:0, i:~)
2019-09-12 10:16:54,274 [pool-49-thread-1] INFO  server.RaftServerConfigKeys (ConfUtils.java:logGet(43)) - raft.server.leader.election.timeout = 10s (custom)
2019-09-12 10:16:54,274 [pool-49-thread-1] INFO  server.RaftServerConfigKeys (ConfUtils.java:logGet(43)) - raft.server.log.use.memory = false (default)
2019-09-12 10:16:54,275 [pool-49-thread-1] INFO  server.RaftServerConfigKeys (ConfUtils.java:logGet(43)) - raft.server.log.purge.gap = 1000000 (custom)
2019-09-12 10:16:54,275 [pool-49-thread-1] INFO  server.RaftServerConfigKeys (ConfUtils.java:logGet(43)) - raft.server.log.appender.buffer.byte-limit = 33554432 (custom)
2019-09-12 10:16:54,275 [pool-49-thread-1] INFO  server.RaftServerConfigKeys (ConfUtils.java:logGet(43)) - raft.server.log.segment.size.max = 1048576 (custom)
2019-09-12 10:16:54,275 [pool-49-thread-1] INFO  server.RaftServerConfigKeys (ConfUtils.java:logGet(43)) - raft.server.log.segment.cache.num.max = 2 (custom)
2019-09-12 10:16:54,275 [pool-49-thread-1] INFO  segmented.SegmentedRaftLogWorker (SegmentedRaftLogWorker.java:<init>(172)) - new 2ccaf34f-8eeb-4cb8-b9bf-ec796d9a8e8c-SegmentedRaftLogWorker:Storage Directory /workdir/hadoop-ozone/integration-test/target/test-dir/MiniOzoneClusterImpl-07260cbc-78d8-43ad-9b31-a55aa369dc3b/datanode-2/data/ratis/642b453b-f7ca-40ac-aa9e-17c70005f625 for RaftStorage:Storage Directory /workdir/hadoop-ozone/integration-test/target/test-dir/MiniOzoneClusterImpl-07260cbc-78d8-43ad-9b31-a55aa369dc3b/datanode-2/data/ratis/642b453b-f7ca-40ac-aa9e-17c70005f625
2019-09-12 10:16:54,275 [pool-49-thread-1] INFO  server.RaftServerConfigKeys (ConfUtils.java:logGet(43)) - raft.server.log.queue.byte-limit = 2147483647 (custom)
2019-09-12 10:16:54,276 [pool-49-thread-1] INFO  server.RaftServerConfigKeys (ConfUtils.java:logGet(43)) - raft.server.log.queue.element-limit = 1024 (custom)
2019-09-12 10:16:54,276 [pool-49-thread-1] INFO  server.RaftServerConfigKeys (ConfUtils.java:logGet(43)) - raft.server.log.segment.size.max = 1048576 (custom)
2019-09-12 10:16:54,276 [pool-49-thread-1] INFO  server.RaftServerConfigKeys (ConfUtils.java:logGet(43)) - raft.server.log.preallocated.size = 16384 (custom)
2019-09-12 10:16:54,276 [pool-49-thread-1] INFO  server.RaftServerConfigKeys (ConfUtils.java:logGet(43)) - raft.server.log.write.buffer.size = 33554432 (custom)
2019-09-12 10:16:54,276 [pool-49-thread-1] INFO  server.RaftServerConfigKeys (ConfUtils.java:logGet(43)) - raft.server.log.force.sync.num = 128 (default)
2019-09-12 10:16:54,276 [pool-49-thread-1] INFO  server.RaftServerConfigKeys (ConfUtils.java:logGet(43)) - raft.server.log.statemachine.data.sync = true (default)
2019-09-12 10:16:54,277 [pool-49-thread-1] INFO  server.RaftServerConfigKeys (ConfUtils.java:logGet(43)) - raft.server.log.statemachine.data.sync.timeout = 10s (default)
2019-09-12 10:16:54,277 [pool-49-thread-1] INFO  server.RaftServerConfigKeys (ConfUtils.java:logGet(43)) - raft.server.log.statemachine.data.sync.timeout.retry = -1 (default)
2019-09-12 10:16:54,277 [pool-49-thread-1] INFO  server.RaftServerConfigKeys (ConfUtils.java:logGet(43)) - raft.server.log.statemachine.data.caching.enabled = true (custom)
2019-09-12 10:16:54,277 [pool-49-thread-1] INFO  segmented.SegmentedRaftLogWorker (SegmentedRaftLogWorker.java:lambda$new$0(132)) - 2ccaf34f-8eeb-4cb8-b9bf-ec796d9a8e8c-SegmentedRaftLogWorker:Storage Directory /workdir/hadoop-ozone/integration-test/target/test-dir/MiniOzoneClusterImpl-07260cbc-78d8-43ad-9b31-a55aa369dc3b/datanode-2/data/ratis/642b453b-f7ca-40ac-aa9e-17c70005f625: flushIndex: setUnconditionally 0 -> -1
2019-09-12 10:16:54,278 [pool-49-thread-1] INFO  server.RaftServerConfigKeys (ConfUtils.java:logGet(43)) - raft.server.snapshot.auto.trigger.enabled = true (custom)
2019-09-12 10:16:54,278 [pool-49-thread-1] INFO  server.RaftServerConfigKeys (ConfUtils.java:logGet(43)) - raft.server.snapshot.auto.trigger.threshold = 10000 (custom)
2019-09-12 10:16:54,278 [pool-49-thread-1] INFO  server.RaftServerConfigKeys (ConfUtils.java:logGet(43)) - raft.server.retrycache.expirytime = 600000ms (custom)
2019-09-12 10:16:54,278 [pool-49-thread-1] INFO  impl.RaftServerImpl (RaftServerImpl.java:start(180)) - 2ccaf34f-8eeb-4cb8-b9bf-ec796d9a8e8c: start group-17C70005F625
2019-09-12 10:16:54,279 [pool-49-thread-1] INFO  impl.RaftServerImpl (RaftServerImpl.java:setRole(171)) - 2ccaf34f-8eeb-4cb8-b9bf-ec796d9a8e8c:group-17C70005F625 changes role from null to FOLLOWER at term 0 for startAsFollower
2019-09-12 10:16:54,279 [pool-49-thread-1] INFO  impl.RoleInfo (RoleInfo.java:updateAndGet(143)) - 2ccaf34f-8eeb-4cb8-b9bf-ec796d9a8e8c: start FollowerState
2019-09-12 10:16:54,279 [pool-49-thread-1] INFO  util.JmxRegister (JmxRegister.java:tryRegister(44)) - Successfully registered JMX Bean with object name Ratis:service=RaftServer,group=group-17C70005F625,id=2ccaf34f-8eeb-4cb8-b9bf-ec796d9a8e8c
2019-09-12 10:16:54,285 [RatisPipelineUtilsThread] INFO  pipeline.PipelineStateManager (PipelineStateManager.java:addPipeline(56)) - Created pipeline Pipeline[ Id: 642b453b-f7ca-40ac-aa9e-17c70005f625, Nodes: 2ccaf34f-8eeb-4cb8-b9bf-ec796d9a8e8c{ip: 192.168.157.195, host: pr-hdds-1569-xtfnx-3545843844, networkLocation: /default-rack, certSerialId: null}, Type:RATIS, Factor:ONE, State:OPEN]
2019-09-12 10:16:54,298 [grpc-default-executor-1] INFO  impl.RaftServerProxy (RaftServerProxy.java:addNew(89)) - d125a0e9-cc1d-49ad-8efe-65f48e7470f1: addNew group-E2E8E7CCEE40:[d125a0e9-cc1d-49ad-8efe-65f48e7470f1:192.168.157.195:46432] returns group-E2E8E7CCEE40:java.util.concurrent.CompletableFuture@58b967ea[Not completed]
2019-09-12 10:16:54,300 [pool-27-thread-1] INFO  impl.RaftServerImpl (RaftServerImpl.java:<init>(93)) - d125a0e9-cc1d-49ad-8efe-65f48e7470f1: new RaftServerImpl for group-E2E8E7CCEE40:[d125a0e9-cc1d-49ad-8efe-65f48e7470f1:192.168.157.195:46432] with ContainerStateMachine:uninitialized
2019-09-12 10:16:54,301 [pool-27-thread-1] INFO  server.RaftServerConfigKeys (ConfUtils.java:logGet(43)) - raft.server.rpc.timeout.min = 5s (custom)
2019-09-12 10:16:54,301 [pool-27-thread-1] INFO  server.RaftServerConfigKeys (ConfUtils.java:logGet(43)) - raft.server.rpc.timeout.max = 5200ms (custom)
2019-09-12 10:16:54,301 [pool-27-thread-1] INFO  server.RaftServerConfigKeys (ConfUtils.java:logGet(43)) - raft.server.rpcslowness.timeout = 10s (custom)
2019-09-12 10:16:54,301 [pool-27-thread-1] INFO  server.RaftServerConfigKeys (ConfUtils.java:logGet(43)) - raft.server.sleep.deviation.threshold = 300 (default)
2019-09-12 10:16:54,301 [pool-27-thread-1] INFO  server.RaftServerConfigKeys (ConfUtils.java:logGet(43)) - raft.server.log.appender.install.snapshot.enabled = false (custom)
2019-09-12 10:16:54,301 [pool-27-thread-1] INFO  impl.RaftServerImpl (ServerState.java:<init>(105)) - d125a0e9-cc1d-49ad-8efe-65f48e7470f1:group-E2E8E7CCEE40 ConfigurationManager, init=-1: [d125a0e9-cc1d-49ad-8efe-65f48e7470f1:192.168.157.195:46432], old=null, confs=<EMPTY_MAP>
2019-09-12 10:16:54,302 [pool-27-thread-1] INFO  server.RaftServerConfigKeys (ConfUtils.java:logGet(43)) - raft.server.storage.dir = [/workdir/hadoop-ozone/integration-test/target/test-dir/MiniOzoneClusterImpl-07260cbc-78d8-43ad-9b31-a55aa369dc3b/datanode-0/data/ratis] (custom)
2019-09-12 10:16:54,302 [pool-27-thread-1] INFO  storage.RaftStorageDirectory (RaftStorageDirectory.java:analyzeStorage(246)) - The storage directory /workdir/hadoop-ozone/integration-test/target/test-dir/MiniOzoneClusterImpl-07260cbc-78d8-43ad-9b31-a55aa369dc3b/datanode-0/data/ratis/a557fdff-2735-4b9d-a5bb-e2e8e7ccee40 does not exist. Creating ...
2019-09-12 10:16:54,315 [pool-27-thread-1] INFO  storage.RaftStorageDirectory (RaftStorageDirectory.java:tryLock(328)) - Lock on /workdir/hadoop-ozone/integration-test/target/test-dir/MiniOzoneClusterImpl-07260cbc-78d8-43ad-9b31-a55aa369dc3b/datanode-0/data/ratis/a557fdff-2735-4b9d-a5bb-e2e8e7ccee40/in_use.lock acquired by nodename 4851@pr-hdds-1569-xtfnx-3545843844
2019-09-12 10:16:54,329 [pool-27-thread-1] INFO  storage.RaftStorage (RaftStorage.java:format(72)) - Storage directory /workdir/hadoop-ozone/integration-test/target/test-dir/MiniOzoneClusterImpl-07260cbc-78d8-43ad-9b31-a55aa369dc3b/datanode-0/data/ratis/a557fdff-2735-4b9d-a5bb-e2e8e7ccee40 has been successfully formatted.
2019-09-12 10:16:54,330 [pool-27-thread-1] INFO  ratis.ContainerStateMachine (ContainerStateMachine.java:loadSnapshot(226)) - group-E2E8E7CCEE40: The snapshot info is null. Setting the last applied indexto:(t:0, i:~)
2019-09-12 10:16:54,330 [pool-27-thread-1] INFO  server.RaftServerConfigKeys (ConfUtils.java:logGet(43)) - raft.server.leader.election.timeout = 10s (custom)
2019-09-12 10:16:54,330 [pool-27-thread-1] INFO  server.RaftServerConfigKeys (ConfUtils.java:logGet(43)) - raft.server.log.use.memory = false (default)
2019-09-12 10:16:54,330 [pool-27-thread-1] INFO  server.RaftServerConfigKeys (ConfUtils.java:logGet(43)) - raft.server.log.purge.gap = 1000000 (custom)
2019-09-12 10:16:54,331 [pool-27-thread-1] INFO  server.RaftServerConfigKeys (ConfUtils.java:logGet(43)) - raft.server.log.appender.buffer.byte-limit = 33554432 (custom)
2019-09-12 10:16:54,331 [pool-27-thread-1] INFO  server.RaftServerConfigKeys (ConfUtils.java:logGet(43)) - raft.server.log.segment.size.max = 1048576 (custom)
2019-09-12 10:16:54,331 [pool-27-thread-1] INFO  server.RaftServerConfigKeys (ConfUtils.java:logGet(43)) - raft.server.log.segment.cache.num.max = 2 (custom)
2019-09-12 10:16:54,331 [pool-27-thread-1] INFO  segmented.SegmentedRaftLogWorker (SegmentedRaftLogWorker.java:<init>(172)) - new d125a0e9-cc1d-49ad-8efe-65f48e7470f1-SegmentedRaftLogWorker:Storage Directory /workdir/hadoop-ozone/integration-test/target/test-dir/MiniOzoneClusterImpl-07260cbc-78d8-43ad-9b31-a55aa369dc3b/datanode-0/data/ratis/a557fdff-2735-4b9d-a5bb-e2e8e7ccee40 for RaftStorage:Storage Directory /workdir/hadoop-ozone/integration-test/target/test-dir/MiniOzoneClusterImpl-07260cbc-78d8-43ad-9b31-a55aa369dc3b/datanode-0/data/ratis/a557fdff-2735-4b9d-a5bb-e2e8e7ccee40
2019-09-12 10:16:54,331 [pool-27-thread-1] INFO  server.RaftServerConfigKeys (ConfUtils.java:logGet(43)) - raft.server.log.queue.byte-limit = 2147483647 (custom)
2019-09-12 10:16:54,332 [pool-27-thread-1] INFO  server.RaftServerConfigKeys (ConfUtils.java:logGet(43)) - raft.server.log.queue.element-limit = 1024 (custom)
2019-09-12 10:16:54,332 [pool-27-thread-1] INFO  server.RaftServerConfigKeys (ConfUtils.java:logGet(43)) - raft.server.log.segment.size.max = 1048576 (custom)
2019-09-12 10:16:54,332 [pool-27-thread-1] INFO  server.RaftServerConfigKeys (ConfUtils.java:logGet(43)) - raft.server.log.preallocated.size = 16384 (custom)
2019-09-12 10:16:54,332 [pool-27-thread-1] INFO  server.RaftServerConfigKeys (ConfUtils.java:logGet(43)) - raft.server.log.write.buffer.size = 33554432 (custom)
2019-09-12 10:16:54,332 [pool-27-thread-1] INFO  server.RaftServerConfigKeys (ConfUtils.java:logGet(43)) - raft.server.log.force.sync.num = 128 (default)
2019-09-12 10:16:54,333 [pool-27-thread-1] INFO  server.RaftServerConfigKeys (ConfUtils.java:logGet(43)) - raft.server.log.statemachine.data.sync = true (default)
2019-09-12 10:16:54,333 [pool-27-thread-1] INFO  server.RaftServerConfigKeys (ConfUtils.java:logGet(43)) - raft.server.log.statemachine.data.sync.timeout = 10s (default)
2019-09-12 10:16:54,333 [pool-27-thread-1] INFO  server.RaftServerConfigKeys (ConfUtils.java:logGet(43)) - raft.server.log.statemachine.data.sync.timeout.retry = -1 (default)
2019-09-12 10:16:54,333 [pool-27-thread-1] INFO  server.RaftServerConfigKeys (ConfUtils.java:logGet(43)) - raft.server.log.statemachine.data.caching.enabled = true (custom)
2019-09-12 10:16:54,334 [pool-27-thread-1] INFO  segmented.SegmentedRaftLogWorker (SegmentedRaftLogWorker.java:lambda$new$0(132)) - d125a0e9-cc1d-49ad-8efe-65f48e7470f1-SegmentedRaftLogWorker:Storage Directory /workdir/hadoop-ozone/integration-test/target/test-dir/MiniOzoneClusterImpl-07260cbc-78d8-43ad-9b31-a55aa369dc3b/datanode-0/data/ratis/a557fdff-2735-4b9d-a5bb-e2e8e7ccee40: flushIndex: setUnconditionally 0 -> -1
2019-09-12 10:16:54,334 [pool-27-thread-1] INFO  server.RaftServerConfigKeys (ConfUtils.java:logGet(43)) - raft.server.snapshot.auto.trigger.enabled = true (custom)
2019-09-12 10:16:54,334 [pool-27-thread-1] INFO  server.RaftServerConfigKeys (ConfUtils.java:logGet(43)) - raft.server.snapshot.auto.trigger.threshold = 10000 (custom)
2019-09-12 10:16:54,334 [pool-27-thread-1] INFO  server.RaftServerConfigKeys (ConfUtils.java:logGet(43)) - raft.server.retrycache.expirytime = 600000ms (custom)
2019-09-12 10:16:54,335 [pool-27-thread-1] INFO  impl.RaftServerImpl (RaftServerImpl.java:start(180)) - d125a0e9-cc1d-49ad-8efe-65f48e7470f1: start group-E2E8E7CCEE40
2019-09-12 10:16:54,335 [pool-27-thread-1] INFO  impl.RaftServerImpl (RaftServerImpl.java:setRole(171)) - d125a0e9-cc1d-49ad-8efe-65f48e7470f1:group-E2E8E7CCEE40 changes role from null to FOLLOWER at term 0 for startAsFollower
2019-09-12 10:16:54,335 [pool-27-thread-1] INFO  impl.RoleInfo (RoleInfo.java:updateAndGet(143)) - d125a0e9-cc1d-49ad-8efe-65f48e7470f1: start FollowerState
2019-09-12 10:16:54,335 [pool-27-thread-1] INFO  util.JmxRegister (JmxRegister.java:tryRegister(44)) - Successfully registered JMX Bean with object name Ratis:service=RaftServer,group=group-E2E8E7CCEE40,id=d125a0e9-cc1d-49ad-8efe-65f48e7470f1
2019-09-12 10:16:54,341 [RatisPipelineUtilsThread] INFO  pipeline.PipelineStateManager (PipelineStateManager.java:addPipeline(56)) - Created pipeline Pipeline[ Id: a557fdff-2735-4b9d-a5bb-e2e8e7ccee40, Nodes: d125a0e9-cc1d-49ad-8efe-65f48e7470f1{ip: 192.168.157.195, host: pr-hdds-1569-xtfnx-3545843844, networkLocation: /default-rack, certSerialId: null}, Type:RATIS, Factor:ONE, State:OPEN]
2019-09-12 10:16:54,354 [grpc-default-executor-1] INFO  impl.RaftServerProxy (RaftServerProxy.java:addNew(89)) - 2c6903b2-bd88-4155-8644-e70f9499caec: addNew group-948E980A0DFC:[2c6903b2-bd88-4155-8644-e70f9499caec:192.168.157.195:40334] returns group-948E980A0DFC:java.util.concurrent.CompletableFuture@62815d3d[Not completed]
2019-09-12 10:16:54,355 [pool-38-thread-1] INFO  impl.RaftServerImpl (RaftServerImpl.java:<init>(93)) - 2c6903b2-bd88-4155-8644-e70f9499caec: new RaftServerImpl for group-948E980A0DFC:[2c6903b2-bd88-4155-8644-e70f9499caec:192.168.157.195:40334] with ContainerStateMachine:uninitialized
2019-09-12 10:16:54,356 [pool-38-thread-1] INFO  server.RaftServerConfigKeys (ConfUtils.java:logGet(43)) - raft.server.rpc.timeout.min = 5s (custom)
2019-09-12 10:16:54,356 [pool-38-thread-1] INFO  server.RaftServerConfigKeys (ConfUtils.java:logGet(43)) - raft.server.rpc.timeout.max = 5200ms (custom)
2019-09-12 10:16:54,356 [pool-38-thread-1] INFO  server.RaftServerConfigKeys (ConfUtils.java:logGet(43)) - raft.server.rpcslowness.timeout = 10s (custom)
2019-09-12 10:16:54,356 [pool-38-thread-1] INFO  server.RaftServerConfigKeys (ConfUtils.java:logGet(43)) - raft.server.sleep.deviation.threshold = 300 (default)
2019-09-12 10:16:54,356 [pool-38-thread-1] INFO  server.RaftServerConfigKeys (ConfUtils.java:logGet(43)) - raft.server.log.appender.install.snapshot.enabled = false (custom)
2019-09-12 10:16:54,357 [pool-38-thread-1] INFO  impl.RaftServerImpl (ServerState.java:<init>(105)) - 2c6903b2-bd88-4155-8644-e70f9499caec:group-948E980A0DFC ConfigurationManager, init=-1: [2c6903b2-bd88-4155-8644-e70f9499caec:192.168.157.195:40334], old=null, confs=<EMPTY_MAP>
2019-09-12 10:16:54,357 [pool-38-thread-1] INFO  server.RaftServerConfigKeys (ConfUtils.java:logGet(43)) - raft.server.storage.dir = [/workdir/hadoop-ozone/integration-test/target/test-dir/MiniOzoneClusterImpl-07260cbc-78d8-43ad-9b31-a55aa369dc3b/datanode-1/data/ratis] (custom)
2019-09-12 10:16:54,357 [pool-38-thread-1] INFO  storage.RaftStorageDirectory (RaftStorageDirectory.java:analyzeStorage(246)) - The storage directory /workdir/hadoop-ozone/integration-test/target/test-dir/MiniOzoneClusterImpl-07260cbc-78d8-43ad-9b31-a55aa369dc3b/datanode-1/data/ratis/aeb25633-748d-480e-8bc8-948e980a0dfc does not exist. Creating ...
2019-09-12 10:16:54,370 [pool-38-thread-1] INFO  storage.RaftStorageDirectory (RaftStorageDirectory.java:tryLock(328)) - Lock on /workdir/hadoop-ozone/integration-test/target/test-dir/MiniOzoneClusterImpl-07260cbc-78d8-43ad-9b31-a55aa369dc3b/datanode-1/data/ratis/aeb25633-748d-480e-8bc8-948e980a0dfc/in_use.lock acquired by nodename 4851@pr-hdds-1569-xtfnx-3545843844
2019-09-12 10:16:54,384 [pool-38-thread-1] INFO  storage.RaftStorage (RaftStorage.java:format(72)) - Storage directory /workdir/hadoop-ozone/integration-test/target/test-dir/MiniOzoneClusterImpl-07260cbc-78d8-43ad-9b31-a55aa369dc3b/datanode-1/data/ratis/aeb25633-748d-480e-8bc8-948e980a0dfc has been successfully formatted.
2019-09-12 10:16:54,384 [pool-38-thread-1] INFO  ratis.ContainerStateMachine (ContainerStateMachine.java:loadSnapshot(226)) - group-948E980A0DFC: The snapshot info is null. Setting the last applied indexto:(t:0, i:~)
2019-09-12 10:16:54,384 [pool-38-thread-1] INFO  server.RaftServerConfigKeys (ConfUtils.java:logGet(43)) - raft.server.leader.election.timeout = 10s (custom)
2019-09-12 10:16:54,384 [pool-38-thread-1] INFO  server.RaftServerConfigKeys (ConfUtils.java:logGet(43)) - raft.server.log.use.memory = false (default)
2019-09-12 10:16:54,385 [pool-38-thread-1] INFO  server.RaftServerConfigKeys (ConfUtils.java:logGet(43)) - raft.server.log.purge.gap = 1000000 (custom)
2019-09-12 10:16:54,385 [pool-38-thread-1] INFO  server.RaftServerConfigKeys (ConfUtils.java:logGet(43)) - raft.server.log.appender.buffer.byte-limit = 33554432 (custom)
2019-09-12 10:16:54,385 [pool-38-thread-1] INFO  server.RaftServerConfigKeys (ConfUtils.java:logGet(43)) - raft.server.log.segment.size.max = 1048576 (custom)
2019-09-12 10:16:54,385 [pool-38-thread-1] INFO  server.RaftServerConfigKeys (ConfUtils.java:logGet(43)) - raft.server.log.segment.cache.num.max = 2 (custom)
2019-09-12 10:16:54,385 [pool-38-thread-1] INFO  segmented.SegmentedRaftLogWorker (SegmentedRaftLogWorker.java:<init>(172)) - new 2c6903b2-bd88-4155-8644-e70f9499caec-SegmentedRaftLogWorker:Storage Directory /workdir/hadoop-ozone/integration-test/target/test-dir/MiniOzoneClusterImpl-07260cbc-78d8-43ad-9b31-a55aa369dc3b/datanode-1/data/ratis/aeb25633-748d-480e-8bc8-948e980a0dfc for RaftStorage:Storage Directory /workdir/hadoop-ozone/integration-test/target/test-dir/MiniOzoneClusterImpl-07260cbc-78d8-43ad-9b31-a55aa369dc3b/datanode-1/data/ratis/aeb25633-748d-480e-8bc8-948e980a0dfc
2019-09-12 10:16:54,385 [pool-38-thread-1] INFO  server.RaftServerConfigKeys (ConfUtils.java:logGet(43)) - raft.server.log.queue.byte-limit = 2147483647 (custom)
2019-09-12 10:16:54,386 [pool-38-thread-1] INFO  server.RaftServerConfigKeys (ConfUtils.java:logGet(43)) - raft.server.log.queue.element-limit = 1024 (custom)
2019-09-12 10:16:54,386 [pool-38-thread-1] INFO  server.RaftServerConfigKeys (ConfUtils.java:logGet(43)) - raft.server.log.segment.size.max = 1048576 (custom)
2019-09-12 10:16:54,386 [pool-38-thread-1] INFO  server.RaftServerConfigKeys (ConfUtils.java:logGet(43)) - raft.server.log.preallocated.size = 16384 (custom)
2019-09-12 10:16:54,386 [pool-38-thread-1] INFO  server.RaftServerConfigKeys (ConfUtils.java:logGet(43)) - raft.server.log.write.buffer.size = 33554432 (custom)
2019-09-12 10:16:54,386 [pool-38-thread-1] INFO  server.RaftServerConfigKeys (ConfUtils.java:logGet(43)) - raft.server.log.force.sync.num = 128 (default)
2019-09-12 10:16:54,386 [pool-38-thread-1] INFO  server.RaftServerConfigKeys (ConfUtils.java:logGet(43)) - raft.server.log.statemachine.data.sync = true (default)
2019-09-12 10:16:54,387 [pool-38-thread-1] INFO  server.RaftServerConfigKeys (ConfUtils.java:logGet(43)) - raft.server.log.statemachine.data.sync.timeout = 10s (default)
2019-09-12 10:16:54,387 [pool-38-thread-1] INFO  server.RaftServerConfigKeys (ConfUtils.java:logGet(43)) - raft.server.log.statemachine.data.sync.timeout.retry = -1 (default)
2019-09-12 10:16:54,387 [pool-38-thread-1] INFO  server.RaftServerConfigKeys (ConfUtils.java:logGet(43)) - raft.server.log.statemachine.data.caching.enabled = true (custom)
2019-09-12 10:16:54,387 [pool-38-thread-1] INFO  segmented.SegmentedRaftLogWorker (SegmentedRaftLogWorker.java:lambda$new$0(132)) - 2c6903b2-bd88-4155-8644-e70f9499caec-SegmentedRaftLogWorker:Storage Directory /workdir/hadoop-ozone/integration-test/target/test-dir/MiniOzoneClusterImpl-07260cbc-78d8-43ad-9b31-a55aa369dc3b/datanode-1/data/ratis/aeb25633-748d-480e-8bc8-948e980a0dfc: flushIndex: setUnconditionally 0 -> -1
2019-09-12 10:16:54,388 [pool-38-thread-1] INFO  server.RaftServerConfigKeys (ConfUtils.java:logGet(43)) - raft.server.snapshot.auto.trigger.enabled = true (custom)
2019-09-12 10:16:54,388 [pool-38-thread-1] INFO  server.RaftServerConfigKeys (ConfUtils.java:logGet(43)) - raft.server.snapshot.auto.trigger.threshold = 10000 (custom)
2019-09-12 10:16:54,388 [pool-38-thread-1] INFO  server.RaftServerConfigKeys (ConfUtils.java:logGet(43)) - raft.server.retrycache.expirytime = 600000ms (custom)
2019-09-12 10:16:54,388 [pool-38-thread-1] INFO  impl.RaftServerImpl (RaftServerImpl.java:start(180)) - 2c6903b2-bd88-4155-8644-e70f9499caec: start group-948E980A0DFC
2019-09-12 10:16:54,388 [pool-38-thread-1] INFO  impl.RaftServerImpl (RaftServerImpl.java:setRole(171)) - 2c6903b2-bd88-4155-8644-e70f9499caec:group-948E980A0DFC changes role from null to FOLLOWER at term 0 for startAsFollower
2019-09-12 10:16:54,389 [pool-38-thread-1] INFO  impl.RoleInfo (RoleInfo.java:updateAndGet(143)) - 2c6903b2-bd88-4155-8644-e70f9499caec: start FollowerState
2019-09-12 10:16:54,389 [pool-38-thread-1] INFO  util.JmxRegister (JmxRegister.java:tryRegister(44)) - Successfully registered JMX Bean with object name Ratis:service=RaftServer,group=group-948E980A0DFC,id=2c6903b2-bd88-4155-8644-e70f9499caec
2019-09-12 10:16:54,396 [RatisPipelineUtilsThread] INFO  pipeline.PipelineStateManager (PipelineStateManager.java:addPipeline(56)) - Created pipeline Pipeline[ Id: aeb25633-748d-480e-8bc8-948e980a0dfc, Nodes: 2c6903b2-bd88-4155-8644-e70f9499caec{ip: 192.168.157.195, host: pr-hdds-1569-xtfnx-3545843844, networkLocation: /default-rack, certSerialId: null}, Type:RATIS, Factor:ONE, State:OPEN]
2019-09-12 10:16:54,409 [grpc-default-executor-1] INFO  impl.RaftServerProxy (RaftServerProxy.java:addNew(89)) - 2c6903b2-bd88-4155-8644-e70f9499caec: addNew group-9C50D4F998BB:[2c6903b2-bd88-4155-8644-e70f9499caec:192.168.157.195:40334] returns group-9C50D4F998BB:java.util.concurrent.CompletableFuture@3574adb6[Not completed]
2019-09-12 10:16:54,411 [pool-38-thread-1] INFO  impl.RaftServerImpl (RaftServerImpl.java:<init>(93)) - 2c6903b2-bd88-4155-8644-e70f9499caec: new RaftServerImpl for group-9C50D4F998BB:[2c6903b2-bd88-4155-8644-e70f9499caec:192.168.157.195:40334] with ContainerStateMachine:uninitialized
2019-09-12 10:16:54,411 [pool-38-thread-1] INFO  server.RaftServerConfigKeys (ConfUtils.java:logGet(43)) - raft.server.rpc.timeout.min = 5s (custom)
2019-09-12 10:16:54,411 [pool-38-thread-1] INFO  server.RaftServerConfigKeys (ConfUtils.java:logGet(43)) - raft.server.rpc.timeout.max = 5200ms (custom)
2019-09-12 10:16:54,411 [pool-38-thread-1] INFO  server.RaftServerConfigKeys (ConfUtils.java:logGet(43)) - raft.server.rpcslowness.timeout = 10s (custom)
2019-09-12 10:16:54,411 [pool-38-thread-1] INFO  server.RaftServerConfigKeys (ConfUtils.java:logGet(43)) - raft.server.sleep.deviation.threshold = 300 (default)
2019-09-12 10:16:54,411 [pool-38-thread-1] INFO  server.RaftServerConfigKeys (ConfUtils.java:logGet(43)) - raft.server.log.appender.install.snapshot.enabled = false (custom)
2019-09-12 10:16:54,412 [pool-38-thread-1] INFO  impl.RaftServerImpl (ServerState.java:<init>(105)) - 2c6903b2-bd88-4155-8644-e70f9499caec:group-9C50D4F998BB ConfigurationManager, init=-1: [2c6903b2-bd88-4155-8644-e70f9499caec:192.168.157.195:40334], old=null, confs=<EMPTY_MAP>
2019-09-12 10:16:54,412 [pool-38-thread-1] INFO  server.RaftServerConfigKeys (ConfUtils.java:logGet(43)) - raft.server.storage.dir = [/workdir/hadoop-ozone/integration-test/target/test-dir/MiniOzoneClusterImpl-07260cbc-78d8-43ad-9b31-a55aa369dc3b/datanode-1/data/ratis] (custom)
2019-09-12 10:16:54,412 [pool-38-thread-1] INFO  storage.RaftStorageDirectory (RaftStorageDirectory.java:analyzeStorage(246)) - The storage directory /workdir/hadoop-ozone/integration-test/target/test-dir/MiniOzoneClusterImpl-07260cbc-78d8-43ad-9b31-a55aa369dc3b/datanode-1/data/ratis/08a897df-fbd9-4a9b-b983-9c50d4f998bb does not exist. Creating ...
2019-09-12 10:16:54,425 [pool-38-thread-1] INFO  storage.RaftStorageDirectory (RaftStorageDirectory.java:tryLock(328)) - Lock on /workdir/hadoop-ozone/integration-test/target/test-dir/MiniOzoneClusterImpl-07260cbc-78d8-43ad-9b31-a55aa369dc3b/datanode-1/data/ratis/08a897df-fbd9-4a9b-b983-9c50d4f998bb/in_use.lock acquired by nodename 4851@pr-hdds-1569-xtfnx-3545843844
2019-09-12 10:16:54,450 [pool-38-thread-1] INFO  storage.RaftStorage (RaftStorage.java:format(72)) - Storage directory /workdir/hadoop-ozone/integration-test/target/test-dir/MiniOzoneClusterImpl-07260cbc-78d8-43ad-9b31-a55aa369dc3b/datanode-1/data/ratis/08a897df-fbd9-4a9b-b983-9c50d4f998bb has been successfully formatted.
2019-09-12 10:16:54,450 [pool-38-thread-1] INFO  ratis.ContainerStateMachine (ContainerStateMachine.java:loadSnapshot(226)) - group-9C50D4F998BB: The snapshot info is null. Setting the last applied indexto:(t:0, i:~)
2019-09-12 10:16:54,450 [pool-38-thread-1] INFO  server.RaftServerConfigKeys (ConfUtils.java:logGet(43)) - raft.server.leader.election.timeout = 10s (custom)
2019-09-12 10:16:54,450 [pool-38-thread-1] INFO  server.RaftServerConfigKeys (ConfUtils.java:logGet(43)) - raft.server.log.use.memory = false (default)
2019-09-12 10:16:54,450 [pool-38-thread-1] INFO  server.RaftServerConfigKeys (ConfUtils.java:logGet(43)) - raft.server.log.purge.gap = 1000000 (custom)
2019-09-12 10:16:54,450 [pool-38-thread-1] INFO  server.RaftServerConfigKeys (ConfUtils.java:logGet(43)) - raft.server.log.appender.buffer.byte-limit = 33554432 (custom)
2019-09-12 10:16:54,451 [pool-38-thread-1] INFO  server.RaftServerConfigKeys (ConfUtils.java:logGet(43)) - raft.server.log.segment.size.max = 1048576 (custom)
2019-09-12 10:16:54,453 [pool-38-thread-1] INFO  server.RaftServerConfigKeys (ConfUtils.java:logGet(43)) - raft.server.log.segment.cache.num.max = 2 (custom)
2019-09-12 10:16:54,453 [pool-38-thread-1] INFO  segmented.SegmentedRaftLogWorker (SegmentedRaftLogWorker.java:<init>(172)) - new 2c6903b2-bd88-4155-8644-e70f9499caec-SegmentedRaftLogWorker:Storage Directory /workdir/hadoop-ozone/integration-test/target/test-dir/MiniOzoneClusterImpl-07260cbc-78d8-43ad-9b31-a55aa369dc3b/datanode-1/data/ratis/08a897df-fbd9-4a9b-b983-9c50d4f998bb for RaftStorage:Storage Directory /workdir/hadoop-ozone/integration-test/target/test-dir/MiniOzoneClusterImpl-07260cbc-78d8-43ad-9b31-a55aa369dc3b/datanode-1/data/ratis/08a897df-fbd9-4a9b-b983-9c50d4f998bb
2019-09-12 10:16:54,453 [pool-38-thread-1] INFO  server.RaftServerConfigKeys (ConfUtils.java:logGet(43)) - raft.server.log.queue.byte-limit = 2147483647 (custom)
2019-09-12 10:16:54,453 [pool-38-thread-1] INFO  server.RaftServerConfigKeys (ConfUtils.java:logGet(43)) - raft.server.log.queue.element-limit = 1024 (custom)
2019-09-12 10:16:54,453 [pool-38-thread-1] INFO  server.RaftServerConfigKeys (ConfUtils.java:logGet(43)) - raft.server.log.segment.size.max = 1048576 (custom)
2019-09-12 10:16:54,453 [pool-38-thread-1] INFO  server.RaftServerConfigKeys (ConfUtils.java:logGet(43)) - raft.server.log.preallocated.size = 16384 (custom)
2019-09-12 10:16:54,454 [pool-38-thread-1] INFO  server.RaftServerConfigKeys (ConfUtils.java:logGet(43)) - raft.server.log.write.buffer.size = 33554432 (custom)
2019-09-12 10:16:54,454 [pool-38-thread-1] INFO  server.RaftServerConfigKeys (ConfUtils.java:logGet(43)) - raft.server.log.force.sync.num = 128 (default)
2019-09-12 10:16:54,454 [pool-38-thread-1] INFO  server.RaftServerConfigKeys (ConfUtils.java:logGet(43)) - raft.server.log.statemachine.data.sync = true (default)
2019-09-12 10:16:54,454 [pool-38-thread-1] INFO  server.RaftServerConfigKeys (ConfUtils.java:logGet(43)) - raft.server.log.statemachine.data.sync.timeout = 10s (default)
2019-09-12 10:16:54,454 [pool-38-thread-1] INFO  server.RaftServerConfigKeys (ConfUtils.java:logGet(43)) - raft.server.log.statemachine.data.sync.timeout.retry = -1 (default)
2019-09-12 10:16:54,454 [pool-38-thread-1] INFO  server.RaftServerConfigKeys (ConfUtils.java:logGet(43)) - raft.server.log.statemachine.data.caching.enabled = true (custom)
2019-09-12 10:16:54,455 [pool-38-thread-1] INFO  segmented.SegmentedRaftLogWorker (SegmentedRaftLogWorker.java:lambda$new$0(132)) - 2c6903b2-bd88-4155-8644-e70f9499caec-SegmentedRaftLogWorker:Storage Directory /workdir/hadoop-ozone/integration-test/target/test-dir/MiniOzoneClusterImpl-07260cbc-78d8-43ad-9b31-a55aa369dc3b/datanode-1/data/ratis/08a897df-fbd9-4a9b-b983-9c50d4f998bb: flushIndex: setUnconditionally 0 -> -1
2019-09-12 10:16:54,455 [pool-38-thread-1] INFO  server.RaftServerConfigKeys (ConfUtils.java:logGet(43)) - raft.server.snapshot.auto.trigger.enabled = true (custom)
2019-09-12 10:16:54,455 [pool-38-thread-1] INFO  server.RaftServerConfigKeys (ConfUtils.java:logGet(43)) - raft.server.snapshot.auto.trigger.threshold = 10000 (custom)
2019-09-12 10:16:54,455 [pool-38-thread-1] INFO  server.RaftServerConfigKeys (ConfUtils.java:logGet(43)) - raft.server.retrycache.expirytime = 600000ms (custom)
2019-09-12 10:16:54,456 [pool-38-thread-1] INFO  impl.RaftServerImpl (RaftServerImpl.java:start(180)) - 2c6903b2-bd88-4155-8644-e70f9499caec: start group-9C50D4F998BB
2019-09-12 10:16:54,456 [pool-38-thread-1] INFO  impl.RaftServerImpl (RaftServerImpl.java:setRole(171)) - 2c6903b2-bd88-4155-8644-e70f9499caec:group-9C50D4F998BB changes role from null to FOLLOWER at term 0 for startAsFollower
2019-09-12 10:16:54,456 [pool-38-thread-1] INFO  impl.RoleInfo (RoleInfo.java:updateAndGet(143)) - 2c6903b2-bd88-4155-8644-e70f9499caec: start FollowerState
2019-09-12 10:16:54,456 [pool-38-thread-1] INFO  util.JmxRegister (JmxRegister.java:tryRegister(44)) - Successfully registered JMX Bean with object name Ratis:service=RaftServer,group=group-9C50D4F998BB,id=2c6903b2-bd88-4155-8644-e70f9499caec
2019-09-12 10:16:54,463 [RatisPipelineUtilsThread] INFO  pipeline.PipelineStateManager (PipelineStateManager.java:addPipeline(56)) - Created pipeline Pipeline[ Id: 08a897df-fbd9-4a9b-b983-9c50d4f998bb, Nodes: 2c6903b2-bd88-4155-8644-e70f9499caec{ip: 192.168.157.195, host: pr-hdds-1569-xtfnx-3545843844, networkLocation: /default-rack, certSerialId: null}, Type:RATIS, Factor:ONE, State:OPEN]
2019-09-12 10:16:54,465 [RatisPipelineUtilsThread] ERROR pipeline.PipelinePlacementPolicy (PipelinePlacementPolicy.java:meetCriteria(91)) - Pipeline Placement: Doesn't meet the criteria to be viable node. Heaviness: 6
2019-09-12 10:16:54,493 [grpc-default-executor-1] INFO  impl.RaftServerProxy (RaftServerProxy.java:addNew(89)) - 2ccaf34f-8eeb-4cb8-b9bf-ec796d9a8e8c: addNew group-BFE2AD019BB3:[2ccaf34f-8eeb-4cb8-b9bf-ec796d9a8e8c:192.168.157.195:42859] returns group-BFE2AD019BB3:java.util.concurrent.CompletableFuture@42464674[Not completed]
2019-09-12 10:16:54,495 [pool-49-thread-1] INFO  impl.RaftServerImpl (RaftServerImpl.java:<init>(93)) - 2ccaf34f-8eeb-4cb8-b9bf-ec796d9a8e8c: new RaftServerImpl for group-BFE2AD019BB3:[2ccaf34f-8eeb-4cb8-b9bf-ec796d9a8e8c:192.168.157.195:42859] with ContainerStateMachine:uninitialized
2019-09-12 10:16:54,495 [pool-49-thread-1] INFO  server.RaftServerConfigKeys (ConfUtils.java:logGet(43)) - raft.server.rpc.timeout.min = 5s (custom)
2019-09-12 10:16:54,495 [pool-49-thread-1] INFO  server.RaftServerConfigKeys (ConfUtils.java:logGet(43)) - raft.server.rpc.timeout.max = 5200ms (custom)
2019-09-12 10:16:54,495 [pool-49-thread-1] INFO  server.RaftServerConfigKeys (ConfUtils.java:logGet(43)) - raft.server.rpcslowness.timeout = 10s (custom)
2019-09-12 10:16:54,495 [pool-49-thread-1] INFO  server.RaftServerConfigKeys (ConfUtils.java:logGet(43)) - raft.server.sleep.deviation.threshold = 300 (default)
2019-09-12 10:16:54,496 [pool-49-thread-1] INFO  server.RaftServerConfigKeys (ConfUtils.java:logGet(43)) - raft.server.log.appender.install.snapshot.enabled = false (custom)
2019-09-12 10:16:54,496 [pool-49-thread-1] INFO  impl.RaftServerImpl (ServerState.java:<init>(105)) - 2ccaf34f-8eeb-4cb8-b9bf-ec796d9a8e8c:group-BFE2AD019BB3 ConfigurationManager, init=-1: [2ccaf34f-8eeb-4cb8-b9bf-ec796d9a8e8c:192.168.157.195:42859], old=null, confs=<EMPTY_MAP>
2019-09-12 10:16:54,496 [pool-49-thread-1] INFO  server.RaftServerConfigKeys (ConfUtils.java:logGet(43)) - raft.server.storage.dir = [/workdir/hadoop-ozone/integration-test/target/test-dir/MiniOzoneClusterImpl-07260cbc-78d8-43ad-9b31-a55aa369dc3b/datanode-2/data/ratis] (custom)
2019-09-12 10:16:54,497 [pool-49-thread-1] INFO  storage.RaftStorageDirectory (RaftStorageDirectory.java:analyzeStorage(246)) - The storage directory /workdir/hadoop-ozone/integration-test/target/test-dir/MiniOzoneClusterImpl-07260cbc-78d8-43ad-9b31-a55aa369dc3b/datanode-2/data/ratis/deeb06cb-48ca-47f3-bc1e-bfe2ad019bb3 does not exist. Creating ...
2019-09-12 10:16:54,510 [pool-49-thread-1] INFO  storage.RaftStorageDirectory (RaftStorageDirectory.java:tryLock(328)) - Lock on /workdir/hadoop-ozone/integration-test/target/test-dir/MiniOzoneClusterImpl-07260cbc-78d8-43ad-9b31-a55aa369dc3b/datanode-2/data/ratis/deeb06cb-48ca-47f3-bc1e-bfe2ad019bb3/in_use.lock acquired by nodename 4851@pr-hdds-1569-xtfnx-3545843844
2019-09-12 10:16:54,523 [pool-49-thread-1] INFO  storage.RaftStorage (RaftStorage.java:format(72)) - Storage directory /workdir/hadoop-ozone/integration-test/target/test-dir/MiniOzoneClusterImpl-07260cbc-78d8-43ad-9b31-a55aa369dc3b/datanode-2/data/ratis/deeb06cb-48ca-47f3-bc1e-bfe2ad019bb3 has been successfully formatted.
2019-09-12 10:16:54,523 [pool-49-thread-1] INFO  ratis.ContainerStateMachine (ContainerStateMachine.java:loadSnapshot(226)) - group-BFE2AD019BB3: The snapshot info is null. Setting the last applied indexto:(t:0, i:~)
2019-09-12 10:16:54,524 [pool-49-thread-1] INFO  server.RaftServerConfigKeys (ConfUtils.java:logGet(43)) - raft.server.leader.election.timeout = 10s (custom)
2019-09-12 10:16:54,524 [pool-49-thread-1] INFO  server.RaftServerConfigKeys (ConfUtils.java:logGet(43)) - raft.server.log.use.memory = false (default)
2019-09-12 10:16:54,524 [pool-49-thread-1] INFO  server.RaftServerConfigKeys (ConfUtils.java:logGet(43)) - raft.server.log.purge.gap = 1000000 (custom)
2019-09-12 10:16:54,524 [pool-49-thread-1] INFO  server.RaftServerConfigKeys (ConfUtils.java:logGet(43)) - raft.server.log.appender.buffer.byte-limit = 33554432 (custom)
2019-09-12 10:16:54,524 [pool-49-thread-1] INFO  server.RaftServerConfigKeys (ConfUtils.java:logGet(43)) - raft.server.log.segment.size.max = 1048576 (custom)
2019-09-12 10:16:54,525 [pool-49-thread-1] INFO  server.RaftServerConfigKeys (ConfUtils.java:logGet(43)) - raft.server.log.segment.cache.num.max = 2 (custom)
2019-09-12 10:16:54,525 [pool-49-thread-1] INFO  segmented.SegmentedRaftLogWorker (SegmentedRaftLogWorker.java:<init>(172)) - new 2ccaf34f-8eeb-4cb8-b9bf-ec796d9a8e8c-SegmentedRaftLogWorker:Storage Directory /workdir/hadoop-ozone/integration-test/target/test-dir/MiniOzoneClusterImpl-07260cbc-78d8-43ad-9b31-a55aa369dc3b/datanode-2/data/ratis/deeb06cb-48ca-47f3-bc1e-bfe2ad019bb3 for RaftStorage:Storage Directory /workdir/hadoop-ozone/integration-test/target/test-dir/MiniOzoneClusterImpl-07260cbc-78d8-43ad-9b31-a55aa369dc3b/datanode-2/data/ratis/deeb06cb-48ca-47f3-bc1e-bfe2ad019bb3
2019-09-12 10:16:54,525 [pool-49-thread-1] INFO  server.RaftServerConfigKeys (ConfUtils.java:logGet(43)) - raft.server.log.queue.byte-limit = 2147483647 (custom)
2019-09-12 10:16:54,525 [pool-49-thread-1] INFO  server.RaftServerConfigKeys (ConfUtils.java:logGet(43)) - raft.server.log.queue.element-limit = 1024 (custom)
2019-09-12 10:16:54,526 [pool-49-thread-1] INFO  server.RaftServerConfigKeys (ConfUtils.java:logGet(43)) - raft.server.log.segment.size.max = 1048576 (custom)
2019-09-12 10:16:54,526 [pool-49-thread-1] INFO  server.RaftServerConfigKeys (ConfUtils.java:logGet(43)) - raft.server.log.preallocated.size = 16384 (custom)
2019-09-12 10:16:54,526 [pool-49-thread-1] INFO  server.RaftServerConfigKeys (ConfUtils.java:logGet(43)) - raft.server.log.write.buffer.size = 33554432 (custom)
2019-09-12 10:16:54,526 [pool-49-thread-1] INFO  server.RaftServerConfigKeys (ConfUtils.java:logGet(43)) - raft.server.log.force.sync.num = 128 (default)
2019-09-12 10:16:54,526 [pool-49-thread-1] INFO  server.RaftServerConfigKeys (ConfUtils.java:logGet(43)) - raft.server.log.statemachine.data.sync = true (default)
2019-09-12 10:16:54,527 [pool-49-thread-1] INFO  server.RaftServerConfigKeys (ConfUtils.java:logGet(43)) - raft.server.log.statemachine.data.sync.timeout = 10s (default)
2019-09-12 10:16:54,527 [pool-49-thread-1] INFO  server.RaftServerConfigKeys (ConfUtils.java:logGet(43)) - raft.server.log.statemachine.data.sync.timeout.retry = -1 (default)
2019-09-12 10:16:54,527 [pool-49-thread-1] INFO  server.RaftServerConfigKeys (ConfUtils.java:logGet(43)) - raft.server.log.statemachine.data.caching.enabled = true (custom)
2019-09-12 10:16:54,528 [pool-49-thread-1] INFO  segmented.SegmentedRaftLogWorker (SegmentedRaftLogWorker.java:lambda$new$0(132)) - 2ccaf34f-8eeb-4cb8-b9bf-ec796d9a8e8c-SegmentedRaftLogWorker:Storage Directory /workdir/hadoop-ozone/integration-test/target/test-dir/MiniOzoneClusterImpl-07260cbc-78d8-43ad-9b31-a55aa369dc3b/datanode-2/data/ratis/deeb06cb-48ca-47f3-bc1e-bfe2ad019bb3: flushIndex: setUnconditionally 0 -> -1
2019-09-12 10:16:54,528 [pool-49-thread-1] INFO  server.RaftServerConfigKeys (ConfUtils.java:logGet(43)) - raft.server.snapshot.auto.trigger.enabled = true (custom)
2019-09-12 10:16:54,528 [pool-49-thread-1] INFO  server.RaftServerConfigKeys (ConfUtils.java:logGet(43)) - raft.server.snapshot.auto.trigger.threshold = 10000 (custom)
2019-09-12 10:16:54,529 [pool-49-thread-1] INFO  server.RaftServerConfigKeys (ConfUtils.java:logGet(43)) - raft.server.retrycache.expirytime = 600000ms (custom)
2019-09-12 10:16:54,529 [pool-49-thread-1] INFO  impl.RaftServerImpl (RaftServerImpl.java:start(180)) - 2ccaf34f-8eeb-4cb8-b9bf-ec796d9a8e8c: start group-BFE2AD019BB3
2019-09-12 10:16:54,529 [pool-49-thread-1] INFO  impl.RaftServerImpl (RaftServerImpl.java:setRole(171)) - 2ccaf34f-8eeb-4cb8-b9bf-ec796d9a8e8c:group-BFE2AD019BB3 changes role from null to FOLLOWER at term 0 for startAsFollower
2019-09-12 10:16:54,529 [pool-49-thread-1] INFO  impl.RoleInfo (RoleInfo.java:updateAndGet(143)) - 2ccaf34f-8eeb-4cb8-b9bf-ec796d9a8e8c: start FollowerState
2019-09-12 10:16:54,536 [pool-49-thread-1] INFO  util.JmxRegister (JmxRegister.java:tryRegister(44)) - Successfully registered JMX Bean with object name Ratis:service=RaftServer,group=group-BFE2AD019BB3,id=2ccaf34f-8eeb-4cb8-b9bf-ec796d9a8e8c
2019-09-12 10:16:54,554 [RatisPipelineUtilsThread] INFO  pipeline.PipelineStateManager (PipelineStateManager.java:addPipeline(56)) - Created pipeline Pipeline[ Id: deeb06cb-48ca-47f3-bc1e-bfe2ad019bb3, Nodes: 2ccaf34f-8eeb-4cb8-b9bf-ec796d9a8e8c{ip: 192.168.157.195, host: pr-hdds-1569-xtfnx-3545843844, networkLocation: /default-rack, certSerialId: null}, Type:RATIS, Factor:ONE, State:OPEN]
2019-09-12 10:16:54,560 [RatisPipelineUtilsThread] ERROR pipeline.PipelinePlacementPolicy (PipelinePlacementPolicy.java:meetCriteria(91)) - Pipeline Placement: Doesn't meet the criteria to be viable node. Heaviness: 6
2019-09-12 10:16:54,572 [grpc-default-executor-1] INFO  impl.RaftServerProxy (RaftServerProxy.java:addNew(89)) - 29b8f213-10fb-4d36-bbf5-ca2aa222f4ad: addNew group-C9B270A4AEC8:[29b8f213-10fb-4d36-bbf5-ca2aa222f4ad:192.168.157.195:38559] returns group-C9B270A4AEC8:java.util.concurrent.CompletableFuture@7c454399[Not completed]
2019-09-12 10:16:54,577 [pool-60-thread-1] INFO  impl.RaftServerImpl (RaftServerImpl.java:<init>(93)) - 29b8f213-10fb-4d36-bbf5-ca2aa222f4ad: new RaftServerImpl for group-C9B270A4AEC8:[29b8f213-10fb-4d36-bbf5-ca2aa222f4ad:192.168.157.195:38559] with ContainerStateMachine:uninitialized
2019-09-12 10:16:54,577 [pool-60-thread-1] INFO  server.RaftServerConfigKeys (ConfUtils.java:logGet(43)) - raft.server.rpc.timeout.min = 5s (custom)
2019-09-12 10:16:54,578 [pool-60-thread-1] INFO  server.RaftServerConfigKeys (ConfUtils.java:logGet(43)) - raft.server.rpc.timeout.max = 5200ms (custom)
2019-09-12 10:16:54,578 [pool-60-thread-1] INFO  server.RaftServerConfigKeys (ConfUtils.java:logGet(43)) - raft.server.rpcslowness.timeout = 10s (custom)
2019-09-12 10:16:54,578 [pool-60-thread-1] INFO  server.RaftServerConfigKeys (ConfUtils.java:logGet(43)) - raft.server.sleep.deviation.threshold = 300 (default)
2019-09-12 10:16:54,578 [pool-60-thread-1] INFO  server.RaftServerConfigKeys (ConfUtils.java:logGet(43)) - raft.server.log.appender.install.snapshot.enabled = false (custom)
2019-09-12 10:16:54,578 [pool-60-thread-1] INFO  impl.RaftServerImpl (ServerState.java:<init>(105)) - 29b8f213-10fb-4d36-bbf5-ca2aa222f4ad:group-C9B270A4AEC8 ConfigurationManager, init=-1: [29b8f213-10fb-4d36-bbf5-ca2aa222f4ad:192.168.157.195:38559], old=null, confs=<EMPTY_MAP>
2019-09-12 10:16:54,579 [pool-60-thread-1] INFO  server.RaftServerConfigKeys (ConfUtils.java:logGet(43)) - raft.server.storage.dir = [/workdir/hadoop-ozone/integration-test/target/test-dir/MiniOzoneClusterImpl-07260cbc-78d8-43ad-9b31-a55aa369dc3b/datanode-3/data/ratis] (custom)
2019-09-12 10:16:54,579 [pool-60-thread-1] INFO  storage.RaftStorageDirectory (RaftStorageDirectory.java:analyzeStorage(246)) - The storage directory /workdir/hadoop-ozone/integration-test/target/test-dir/MiniOzoneClusterImpl-07260cbc-78d8-43ad-9b31-a55aa369dc3b/datanode-3/data/ratis/7460f866-ac49-4847-86ce-c9b270a4aec8 does not exist. Creating ...
2019-09-12 10:16:54,602 [pool-60-thread-1] INFO  storage.RaftStorageDirectory (RaftStorageDirectory.java:tryLock(328)) - Lock on /workdir/hadoop-ozone/integration-test/target/test-dir/MiniOzoneClusterImpl-07260cbc-78d8-43ad-9b31-a55aa369dc3b/datanode-3/data/ratis/7460f866-ac49-4847-86ce-c9b270a4aec8/in_use.lock acquired by nodename 4851@pr-hdds-1569-xtfnx-3545843844
2019-09-12 10:16:54,625 [pool-60-thread-1] INFO  storage.RaftStorage (RaftStorage.java:format(72)) - Storage directory /workdir/hadoop-ozone/integration-test/target/test-dir/MiniOzoneClusterImpl-07260cbc-78d8-43ad-9b31-a55aa369dc3b/datanode-3/data/ratis/7460f866-ac49-4847-86ce-c9b270a4aec8 has been successfully formatted.
2019-09-12 10:16:54,626 [pool-60-thread-1] INFO  ratis.ContainerStateMachine (ContainerStateMachine.java:loadSnapshot(226)) - group-C9B270A4AEC8: The snapshot info is null. Setting the last applied indexto:(t:0, i:~)
2019-09-12 10:16:54,626 [pool-60-thread-1] INFO  server.RaftServerConfigKeys (ConfUtils.java:logGet(43)) - raft.server.leader.election.timeout = 10s (custom)
2019-09-12 10:16:54,626 [pool-60-thread-1] INFO  server.RaftServerConfigKeys (ConfUtils.java:logGet(43)) - raft.server.log.use.memory = false (default)
2019-09-12 10:16:54,626 [pool-60-thread-1] INFO  server.RaftServerConfigKeys (ConfUtils.java:logGet(43)) - raft.server.log.purge.gap = 1000000 (custom)
2019-09-12 10:16:54,626 [pool-60-thread-1] INFO  server.RaftServerConfigKeys (ConfUtils.java:logGet(43)) - raft.server.log.appender.buffer.byte-limit = 33554432 (custom)
2019-09-12 10:16:54,627 [pool-60-thread-1] INFO  server.RaftServerConfigKeys (ConfUtils.java:logGet(43)) - raft.server.log.segment.size.max = 1048576 (custom)
2019-09-12 10:16:54,627 [pool-60-thread-1] INFO  server.RaftServerConfigKeys (ConfUtils.java:logGet(43)) - raft.server.log.segment.cache.num.max = 2 (custom)
2019-09-12 10:16:54,627 [pool-60-thread-1] INFO  segmented.SegmentedRaftLogWorker (SegmentedRaftLogWorker.java:<init>(172)) - new 29b8f213-10fb-4d36-bbf5-ca2aa222f4ad-SegmentedRaftLogWorker:Storage Directory /workdir/hadoop-ozone/integration-test/target/test-dir/MiniOzoneClusterImpl-07260cbc-78d8-43ad-9b31-a55aa369dc3b/datanode-3/data/ratis/7460f866-ac49-4847-86ce-c9b270a4aec8 for RaftStorage:Storage Directory /workdir/hadoop-ozone/integration-test/target/test-dir/MiniOzoneClusterImpl-07260cbc-78d8-43ad-9b31-a55aa369dc3b/datanode-3/data/ratis/7460f866-ac49-4847-86ce-c9b270a4aec8
2019-09-12 10:16:54,627 [pool-60-thread-1] INFO  server.RaftServerConfigKeys (ConfUtils.java:logGet(43)) - raft.server.log.queue.byte-limit = 2147483647 (custom)
2019-09-12 10:16:54,627 [pool-60-thread-1] INFO  server.RaftServerConfigKeys (ConfUtils.java:logGet(43)) - raft.server.log.queue.element-limit = 1024 (custom)
2019-09-12 10:16:54,628 [pool-60-thread-1] INFO  server.RaftServerConfigKeys (ConfUtils.java:logGet(43)) - raft.server.log.segment.size.max = 1048576 (custom)
2019-09-12 10:16:54,628 [pool-60-thread-1] INFO  server.RaftServerConfigKeys (ConfUtils.java:logGet(43)) - raft.server.log.preallocated.size = 16384 (custom)
2019-09-12 10:16:54,628 [pool-60-thread-1] INFO  server.RaftServerConfigKeys (ConfUtils.java:logGet(43)) - raft.server.log.write.buffer.size = 33554432 (custom)
2019-09-12 10:16:54,628 [pool-60-thread-1] INFO  server.RaftServerConfigKeys (ConfUtils.java:logGet(43)) - raft.server.log.force.sync.num = 128 (default)
2019-09-12 10:16:54,628 [pool-60-thread-1] INFO  server.RaftServerConfigKeys (ConfUtils.java:logGet(43)) - raft.server.log.statemachine.data.sync = true (default)
2019-09-12 10:16:54,628 [pool-60-thread-1] INFO  server.RaftServerConfigKeys (ConfUtils.java:logGet(43)) - raft.server.log.statemachine.data.sync.timeout = 10s (default)
2019-09-12 10:16:54,629 [pool-60-thread-1] INFO  server.RaftServerConfigKeys (ConfUtils.java:logGet(43)) - raft.server.log.statemachine.data.sync.timeout.retry = -1 (default)
2019-09-12 10:16:54,629 [pool-60-thread-1] INFO  server.RaftServerConfigKeys (ConfUtils.java:logGet(43)) - raft.server.log.statemachine.data.caching.enabled = true (custom)
2019-09-12 10:16:54,629 [pool-60-thread-1] INFO  segmented.SegmentedRaftLogWorker (SegmentedRaftLogWorker.java:lambda$new$0(132)) - 29b8f213-10fb-4d36-bbf5-ca2aa222f4ad-SegmentedRaftLogWorker:Storage Directory /workdir/hadoop-ozone/integration-test/target/test-dir/MiniOzoneClusterImpl-07260cbc-78d8-43ad-9b31-a55aa369dc3b/datanode-3/data/ratis/7460f866-ac49-4847-86ce-c9b270a4aec8: flushIndex: setUnconditionally 0 -> -1
2019-09-12 10:16:54,629 [pool-60-thread-1] INFO  server.RaftServerConfigKeys (ConfUtils.java:logGet(43)) - raft.server.snapshot.auto.trigger.enabled = true (custom)
2019-09-12 10:16:54,630 [pool-60-thread-1] INFO  server.RaftServerConfigKeys (ConfUtils.java:logGet(43)) - raft.server.snapshot.auto.trigger.threshold = 10000 (custom)
2019-09-12 10:16:54,630 [pool-60-thread-1] INFO  server.RaftServerConfigKeys (ConfUtils.java:logGet(43)) - raft.server.retrycache.expirytime = 600000ms (custom)
2019-09-12 10:16:54,630 [pool-60-thread-1] INFO  impl.RaftServerImpl (RaftServerImpl.java:start(180)) - 29b8f213-10fb-4d36-bbf5-ca2aa222f4ad: start group-C9B270A4AEC8
2019-09-12 10:16:54,630 [pool-60-thread-1] INFO  impl.RaftServerImpl (RaftServerImpl.java:setRole(171)) - 29b8f213-10fb-4d36-bbf5-ca2aa222f4ad:group-C9B270A4AEC8 changes role from null to FOLLOWER at term 0 for startAsFollower
2019-09-12 10:16:54,630 [pool-60-thread-1] INFO  impl.RoleInfo (RoleInfo.java:updateAndGet(143)) - 29b8f213-10fb-4d36-bbf5-ca2aa222f4ad: start FollowerState
2019-09-12 10:16:54,631 [pool-60-thread-1] INFO  util.JmxRegister (JmxRegister.java:tryRegister(44)) - Successfully registered JMX Bean with object name Ratis:service=RaftServer,group=group-C9B270A4AEC8,id=29b8f213-10fb-4d36-bbf5-ca2aa222f4ad
2019-09-12 10:16:54,636 [RatisPipelineUtilsThread] INFO  pipeline.PipelineStateManager (PipelineStateManager.java:addPipeline(56)) - Created pipeline Pipeline[ Id: 7460f866-ac49-4847-86ce-c9b270a4aec8, Nodes: 29b8f213-10fb-4d36-bbf5-ca2aa222f4ad{ip: 192.168.157.195, host: pr-hdds-1569-xtfnx-3545843844, networkLocation: /default-rack, certSerialId: null}, Type:RATIS, Factor:ONE, State:OPEN]
2019-09-12 10:16:54,638 [RatisPipelineUtilsThread] ERROR pipeline.PipelinePlacementPolicy (PipelinePlacementPolicy.java:meetCriteria(91)) - Pipeline Placement: Doesn't meet the criteria to be viable node. Heaviness: 6
2019-09-12 10:16:54,647 [grpc-default-executor-1] INFO  impl.RaftServerProxy (RaftServerProxy.java:addNew(89)) - 29b8f213-10fb-4d36-bbf5-ca2aa222f4ad: addNew group-D1B279B4121E:[29b8f213-10fb-4d36-bbf5-ca2aa222f4ad:192.168.157.195:38559] returns group-D1B279B4121E:java.util.concurrent.CompletableFuture@126dde44[Not completed]
2019-09-12 10:16:54,649 [pool-60-thread-1] INFO  impl.RaftServerImpl (RaftServerImpl.java:<init>(93)) - 29b8f213-10fb-4d36-bbf5-ca2aa222f4ad: new RaftServerImpl for group-D1B279B4121E:[29b8f213-10fb-4d36-bbf5-ca2aa222f4ad:192.168.157.195:38559] with ContainerStateMachine:uninitialized
2019-09-12 10:16:54,649 [pool-60-thread-1] INFO  server.RaftServerConfigKeys (ConfUtils.java:logGet(43)) - raft.server.rpc.timeout.min = 5s (custom)
2019-09-12 10:16:54,649 [pool-60-thread-1] INFO  server.RaftServerConfigKeys (ConfUtils.java:logGet(43)) - raft.server.rpc.timeout.max = 5200ms (custom)
2019-09-12 10:16:54,650 [pool-60-thread-1] INFO  server.RaftServerConfigKeys (ConfUtils.java:logGet(43)) - raft.server.rpcslowness.timeout = 10s (custom)
2019-09-12 10:16:54,650 [pool-60-thread-1] INFO  server.RaftServerConfigKeys (ConfUtils.java:logGet(43)) - raft.server.sleep.deviation.threshold = 300 (default)
2019-09-12 10:16:54,650 [pool-60-thread-1] INFO  server.RaftServerConfigKeys (ConfUtils.java:logGet(43)) - raft.server.log.appender.install.snapshot.enabled = false (custom)
2019-09-12 10:16:54,650 [pool-60-thread-1] INFO  impl.RaftServerImpl (ServerState.java:<init>(105)) - 29b8f213-10fb-4d36-bbf5-ca2aa222f4ad:group-D1B279B4121E ConfigurationManager, init=-1: [29b8f213-10fb-4d36-bbf5-ca2aa222f4ad:192.168.157.195:38559], old=null, confs=<EMPTY_MAP>
2019-09-12 10:16:54,650 [pool-60-thread-1] INFO  server.RaftServerConfigKeys (ConfUtils.java:logGet(43)) - raft.server.storage.dir = [/workdir/hadoop-ozone/integration-test/target/test-dir/MiniOzoneClusterImpl-07260cbc-78d8-43ad-9b31-a55aa369dc3b/datanode-3/data/ratis] (custom)
2019-09-12 10:16:54,650 [pool-60-thread-1] INFO  storage.RaftStorageDirectory (RaftStorageDirectory.java:analyzeStorage(246)) - The storage directory /workdir/hadoop-ozone/integration-test/target/test-dir/MiniOzoneClusterImpl-07260cbc-78d8-43ad-9b31-a55aa369dc3b/datanode-3/data/ratis/df0fb03c-6e0d-4875-95a7-d1b279b4121e does not exist. Creating ...
2019-09-12 10:16:54,673 [pool-60-thread-1] INFO  storage.RaftStorageDirectory (RaftStorageDirectory.java:tryLock(328)) - Lock on /workdir/hadoop-ozone/integration-test/target/test-dir/MiniOzoneClusterImpl-07260cbc-78d8-43ad-9b31-a55aa369dc3b/datanode-3/data/ratis/df0fb03c-6e0d-4875-95a7-d1b279b4121e/in_use.lock acquired by nodename 4851@pr-hdds-1569-xtfnx-3545843844
2019-09-12 10:16:54,696 [pool-60-thread-1] INFO  storage.RaftStorage (RaftStorage.java:format(72)) - Storage directory /workdir/hadoop-ozone/integration-test/target/test-dir/MiniOzoneClusterImpl-07260cbc-78d8-43ad-9b31-a55aa369dc3b/datanode-3/data/ratis/df0fb03c-6e0d-4875-95a7-d1b279b4121e has been successfully formatted.
2019-09-12 10:16:54,696 [pool-60-thread-1] INFO  ratis.ContainerStateMachine (ContainerStateMachine.java:loadSnapshot(226)) - group-D1B279B4121E: The snapshot info is null. Setting the last applied indexto:(t:0, i:~)
2019-09-12 10:16:54,697 [pool-60-thread-1] INFO  server.RaftServerConfigKeys (ConfUtils.java:logGet(43)) - raft.server.leader.election.timeout = 10s (custom)
2019-09-12 10:16:54,697 [pool-60-thread-1] INFO  server.RaftServerConfigKeys (ConfUtils.java:logGet(43)) - raft.server.log.use.memory = false (default)
2019-09-12 10:16:54,697 [pool-60-thread-1] INFO  server.RaftServerConfigKeys (ConfUtils.java:logGet(43)) - raft.server.log.purge.gap = 1000000 (custom)
2019-09-12 10:16:54,697 [pool-60-thread-1] INFO  server.RaftServerConfigKeys (ConfUtils.java:logGet(43)) - raft.server.log.appender.buffer.byte-limit = 33554432 (custom)
2019-09-12 10:16:54,698 [pool-60-thread-1] INFO  server.RaftServerConfigKeys (ConfUtils.java:logGet(43)) - raft.server.log.segment.size.max = 1048576 (custom)
2019-09-12 10:16:54,698 [pool-60-thread-1] INFO  server.RaftServerConfigKeys (ConfUtils.java:logGet(43)) - raft.server.log.segment.cache.num.max = 2 (custom)
2019-09-12 10:16:54,698 [pool-60-thread-1] INFO  segmented.SegmentedRaftLogWorker (SegmentedRaftLogWorker.java:<init>(172)) - new 29b8f213-10fb-4d36-bbf5-ca2aa222f4ad-SegmentedRaftLogWorker:Storage Directory /workdir/hadoop-ozone/integration-test/target/test-dir/MiniOzoneClusterImpl-07260cbc-78d8-43ad-9b31-a55aa369dc3b/datanode-3/data/ratis/df0fb03c-6e0d-4875-95a7-d1b279b4121e for RaftStorage:Storage Directory /workdir/hadoop-ozone/integration-test/target/test-dir/MiniOzoneClusterImpl-07260cbc-78d8-43ad-9b31-a55aa369dc3b/datanode-3/data/ratis/df0fb03c-6e0d-4875-95a7-d1b279b4121e
2019-09-12 10:16:54,698 [pool-60-thread-1] INFO  server.RaftServerConfigKeys (ConfUtils.java:logGet(43)) - raft.server.log.queue.byte-limit = 2147483647 (custom)
2019-09-12 10:16:54,698 [pool-60-thread-1] INFO  server.RaftServerConfigKeys (ConfUtils.java:logGet(43)) - raft.server.log.queue.element-limit = 1024 (custom)
2019-09-12 10:16:54,698 [pool-60-thread-1] INFO  server.RaftServerConfigKeys (ConfUtils.java:logGet(43)) - raft.server.log.segment.size.max = 1048576 (custom)
2019-09-12 10:16:54,699 [pool-60-thread-1] INFO  server.RaftServerConfigKeys (ConfUtils.java:logGet(43)) - raft.server.log.preallocated.size = 16384 (custom)
2019-09-12 10:16:54,699 [pool-60-thread-1] INFO  server.RaftServerConfigKeys (ConfUtils.java:logGet(43)) - raft.server.log.write.buffer.size = 33554432 (custom)
2019-09-12 10:16:54,699 [pool-60-thread-1] INFO  server.RaftServerConfigKeys (ConfUtils.java:logGet(43)) - raft.server.log.force.sync.num = 128 (default)
2019-09-12 10:16:54,699 [pool-60-thread-1] INFO  server.RaftServerConfigKeys (ConfUtils.java:logGet(43)) - raft.server.log.statemachine.data.sync = true (default)
2019-09-12 10:16:54,699 [pool-60-thread-1] INFO  server.RaftServerConfigKeys (ConfUtils.java:logGet(43)) - raft.server.log.statemachine.data.sync.timeout = 10s (default)
2019-09-12 10:16:54,699 [pool-60-thread-1] INFO  server.RaftServerConfigKeys (ConfUtils.java:logGet(43)) - raft.server.log.statemachine.data.sync.timeout.retry = -1 (default)
2019-09-12 10:16:54,699 [pool-60-thread-1] INFO  server.RaftServerConfigKeys (ConfUtils.java:logGet(43)) - raft.server.log.statemachine.data.caching.enabled = true (custom)
2019-09-12 10:16:54,700 [pool-60-thread-1] INFO  segmented.SegmentedRaftLogWorker (SegmentedRaftLogWorker.java:lambda$new$0(132)) - 29b8f213-10fb-4d36-bbf5-ca2aa222f4ad-SegmentedRaftLogWorker:Storage Directory /workdir/hadoop-ozone/integration-test/target/test-dir/MiniOzoneClusterImpl-07260cbc-78d8-43ad-9b31-a55aa369dc3b/datanode-3/data/ratis/df0fb03c-6e0d-4875-95a7-d1b279b4121e: flushIndex: setUnconditionally 0 -> -1
2019-09-12 10:16:54,700 [pool-60-thread-1] INFO  server.RaftServerConfigKeys (ConfUtils.java:logGet(43)) - raft.server.snapshot.auto.trigger.enabled = true (custom)
2019-09-12 10:16:54,700 [pool-60-thread-1] INFO  server.RaftServerConfigKeys (ConfUtils.java:logGet(43)) - raft.server.snapshot.auto.trigger.threshold = 10000 (custom)
2019-09-12 10:16:54,700 [pool-60-thread-1] INFO  server.RaftServerConfigKeys (ConfUtils.java:logGet(43)) - raft.server.retrycache.expirytime = 600000ms (custom)
2019-09-12 10:16:54,701 [pool-60-thread-1] INFO  impl.RaftServerImpl (RaftServerImpl.java:start(180)) - 29b8f213-10fb-4d36-bbf5-ca2aa222f4ad: start group-D1B279B4121E
2019-09-12 10:16:54,701 [pool-60-thread-1] INFO  impl.RaftServerImpl (RaftServerImpl.java:setRole(171)) - 29b8f213-10fb-4d36-bbf5-ca2aa222f4ad:group-D1B279B4121E changes role from null to FOLLOWER at term 0 for startAsFollower
2019-09-12 10:16:54,701 [pool-60-thread-1] INFO  impl.RoleInfo (RoleInfo.java:updateAndGet(143)) - 29b8f213-10fb-4d36-bbf5-ca2aa222f4ad: start FollowerState
2019-09-12 10:16:54,701 [pool-60-thread-1] INFO  util.JmxRegister (JmxRegister.java:tryRegister(44)) - Successfully registered JMX Bean with object name Ratis:service=RaftServer,group=group-D1B279B4121E,id=29b8f213-10fb-4d36-bbf5-ca2aa222f4ad
2019-09-12 10:16:54,707 [RatisPipelineUtilsThread] INFO  pipeline.PipelineStateManager (PipelineStateManager.java:addPipeline(56)) - Created pipeline Pipeline[ Id: df0fb03c-6e0d-4875-95a7-d1b279b4121e, Nodes: 29b8f213-10fb-4d36-bbf5-ca2aa222f4ad{ip: 192.168.157.195, host: pr-hdds-1569-xtfnx-3545843844, networkLocation: /default-rack, certSerialId: null}, Type:RATIS, Factor:ONE, State:OPEN]
2019-09-12 10:16:54,708 [RatisPipelineUtilsThread] ERROR pipeline.PipelinePlacementPolicy (PipelinePlacementPolicy.java:meetCriteria(91)) - Pipeline Placement: Doesn't meet the criteria to be viable node. Heaviness: 6
2019-09-12 10:16:54,717 [grpc-default-executor-1] INFO  impl.RaftServerProxy (RaftServerProxy.java:addNew(89)) - 754318a0-7d43-4de4-9a7a-4e513334fcf8: addNew group-CBD9758AC84F:[754318a0-7d43-4de4-9a7a-4e513334fcf8:192.168.157.195:36711] returns group-CBD9758AC84F:java.util.concurrent.CompletableFuture@4a75863d[Not completed]
2019-09-12 10:16:54,719 [pool-71-thread-1] INFO  impl.RaftServerImpl (RaftServerImpl.java:<init>(93)) - 754318a0-7d43-4de4-9a7a-4e513334fcf8: new RaftServerImpl for group-CBD9758AC84F:[754318a0-7d43-4de4-9a7a-4e513334fcf8:192.168.157.195:36711] with ContainerStateMachine:uninitialized
2019-09-12 10:16:54,720 [pool-71-thread-1] INFO  server.RaftServerConfigKeys (ConfUtils.java:logGet(43)) - raft.server.rpc.timeout.min = 5s (custom)
2019-09-12 10:16:54,720 [pool-71-thread-1] INFO  server.RaftServerConfigKeys (ConfUtils.java:logGet(43)) - raft.server.rpc.timeout.max = 5200ms (custom)
2019-09-12 10:16:54,720 [pool-71-thread-1] INFO  server.RaftServerConfigKeys (ConfUtils.java:logGet(43)) - raft.server.rpcslowness.timeout = 10s (custom)
2019-09-12 10:16:54,720 [pool-71-thread-1] INFO  server.RaftServerConfigKeys (ConfUtils.java:logGet(43)) - raft.server.sleep.deviation.threshold = 300 (default)
2019-09-12 10:16:54,720 [pool-71-thread-1] INFO  server.RaftServerConfigKeys (ConfUtils.java:logGet(43)) - raft.server.log.appender.install.snapshot.enabled = false (custom)
2019-09-12 10:16:54,721 [pool-71-thread-1] INFO  impl.RaftServerImpl (ServerState.java:<init>(105)) - 754318a0-7d43-4de4-9a7a-4e513334fcf8:group-CBD9758AC84F ConfigurationManager, init=-1: [754318a0-7d43-4de4-9a7a-4e513334fcf8:192.168.157.195:36711], old=null, confs=<EMPTY_MAP>
2019-09-12 10:16:54,721 [pool-71-thread-1] INFO  server.RaftServerConfigKeys (ConfUtils.java:logGet(43)) - raft.server.storage.dir = [/workdir/hadoop-ozone/integration-test/target/test-dir/MiniOzoneClusterImpl-07260cbc-78d8-43ad-9b31-a55aa369dc3b/datanode-4/data/ratis] (custom)
2019-09-12 10:16:54,721 [pool-71-thread-1] INFO  storage.RaftStorageDirectory (RaftStorageDirectory.java:analyzeStorage(246)) - The storage directory /workdir/hadoop-ozone/integration-test/target/test-dir/MiniOzoneClusterImpl-07260cbc-78d8-43ad-9b31-a55aa369dc3b/datanode-4/data/ratis/e501ecb8-0518-4537-b25f-cbd9758ac84f does not exist. Creating ...
2019-09-12 10:16:54,725 | INFO  | SCMAudit | user=jenkins1000 | ip=192.168.157.195 | op=SEND_HEARTBEAT {datanodeUUID=754318a0-7d43-4de4-9a7a-4e513334fcf8, command=[]} | ret=SUCCESS |  
2019-09-12 10:16:54,725 | INFO  | SCMAudit | user=jenkins1000 | ip=192.168.157.195 | op=SEND_HEARTBEAT {datanodeUUID=29b8f213-10fb-4d36-bbf5-ca2aa222f4ad, command=[]} | ret=SUCCESS |  
2019-09-12 10:16:54,747 [pool-71-thread-1] INFO  storage.RaftStorageDirectory (RaftStorageDirectory.java:tryLock(328)) - Lock on /workdir/hadoop-ozone/integration-test/target/test-dir/MiniOzoneClusterImpl-07260cbc-78d8-43ad-9b31-a55aa369dc3b/datanode-4/data/ratis/e501ecb8-0518-4537-b25f-cbd9758ac84f/in_use.lock acquired by nodename 4851@pr-hdds-1569-xtfnx-3545843844
2019-09-12 10:16:54,748 | INFO  | SCMAudit | user=jenkins1000 | ip=192.168.157.195 | op=SEND_HEARTBEAT {datanodeUUID=d125a0e9-cc1d-49ad-8efe-65f48e7470f1, command=[]} | ret=SUCCESS |  
2019-09-12 10:16:54,761 [pool-71-thread-1] INFO  storage.RaftStorage (RaftStorage.java:format(72)) - Storage directory /workdir/hadoop-ozone/integration-test/target/test-dir/MiniOzoneClusterImpl-07260cbc-78d8-43ad-9b31-a55aa369dc3b/datanode-4/data/ratis/e501ecb8-0518-4537-b25f-cbd9758ac84f has been successfully formatted.
2019-09-12 10:16:54,761 [pool-71-thread-1] INFO  ratis.ContainerStateMachine (ContainerStateMachine.java:loadSnapshot(226)) - group-CBD9758AC84F: The snapshot info is null. Setting the last applied indexto:(t:0, i:~)
2019-09-12 10:16:54,762 [pool-71-thread-1] INFO  server.RaftServerConfigKeys (ConfUtils.java:logGet(43)) - raft.server.leader.election.timeout = 10s (custom)
2019-09-12 10:16:54,762 [pool-71-thread-1] INFO  server.RaftServerConfigKeys (ConfUtils.java:logGet(43)) - raft.server.log.use.memory = false (default)
2019-09-12 10:16:54,762 [pool-71-thread-1] INFO  server.RaftServerConfigKeys (ConfUtils.java:logGet(43)) - raft.server.log.purge.gap = 1000000 (custom)
2019-09-12 10:16:54,762 [pool-71-thread-1] INFO  server.RaftServerConfigKeys (ConfUtils.java:logGet(43)) - raft.server.log.appender.buffer.byte-limit = 33554432 (custom)
2019-09-12 10:16:54,762 [pool-71-thread-1] INFO  server.RaftServerConfigKeys (ConfUtils.java:logGet(43)) - raft.server.log.segment.size.max = 1048576 (custom)
2019-09-12 10:16:54,763 [pool-71-thread-1] INFO  server.RaftServerConfigKeys (ConfUtils.java:logGet(43)) - raft.server.log.segment.cache.num.max = 2 (custom)
2019-09-12 10:16:54,763 [pool-71-thread-1] INFO  segmented.SegmentedRaftLogWorker (SegmentedRaftLogWorker.java:<init>(172)) - new 754318a0-7d43-4de4-9a7a-4e513334fcf8-SegmentedRaftLogWorker:Storage Directory /workdir/hadoop-ozone/integration-test/target/test-dir/MiniOzoneClusterImpl-07260cbc-78d8-43ad-9b31-a55aa369dc3b/datanode-4/data/ratis/e501ecb8-0518-4537-b25f-cbd9758ac84f for RaftStorage:Storage Directory /workdir/hadoop-ozone/integration-test/target/test-dir/MiniOzoneClusterImpl-07260cbc-78d8-43ad-9b31-a55aa369dc3b/datanode-4/data/ratis/e501ecb8-0518-4537-b25f-cbd9758ac84f
2019-09-12 10:16:54,763 [pool-71-thread-1] INFO  server.RaftServerConfigKeys (ConfUtils.java:logGet(43)) - raft.server.log.queue.byte-limit = 2147483647 (custom)
2019-09-12 10:16:54,763 [pool-71-thread-1] INFO  server.RaftServerConfigKeys (ConfUtils.java:logGet(43)) - raft.server.log.queue.element-limit = 1024 (custom)
2019-09-12 10:16:54,764 [pool-71-thread-1] INFO  server.RaftServerConfigKeys (ConfUtils.java:logGet(43)) - raft.server.log.segment.size.max = 1048576 (custom)
2019-09-12 10:16:54,764 [pool-71-thread-1] INFO  server.RaftServerConfigKeys (ConfUtils.java:logGet(43)) - raft.server.log.preallocated.size = 16384 (custom)
2019-09-12 10:16:54,764 [pool-71-thread-1] INFO  server.RaftServerConfigKeys (ConfUtils.java:logGet(43)) - raft.server.log.write.buffer.size = 33554432 (custom)
2019-09-12 10:16:54,764 [pool-71-thread-1] INFO  server.RaftServerConfigKeys (ConfUtils.java:logGet(43)) - raft.server.log.force.sync.num = 128 (default)
2019-09-12 10:16:54,764 [pool-71-thread-1] INFO  server.RaftServerConfigKeys (ConfUtils.java:logGet(43)) - raft.server.log.statemachine.data.sync = true (default)
2019-09-12 10:16:54,764 [pool-71-thread-1] INFO  server.RaftServerConfigKeys (ConfUtils.java:logGet(43)) - raft.server.log.statemachine.data.sync.timeout = 10s (default)
2019-09-12 10:16:54,765 [pool-71-thread-1] INFO  server.RaftServerConfigKeys (ConfUtils.java:logGet(43)) - raft.server.log.statemachine.data.sync.timeout.retry = -1 (default)
2019-09-12 10:16:54,765 [pool-71-thread-1] INFO  server.RaftServerConfigKeys (ConfUtils.java:logGet(43)) - raft.server.log.statemachine.data.caching.enabled = true (custom)
2019-09-12 10:16:54,765 [pool-71-thread-1] INFO  segmented.SegmentedRaftLogWorker (SegmentedRaftLogWorker.java:lambda$new$0(132)) - 754318a0-7d43-4de4-9a7a-4e513334fcf8-SegmentedRaftLogWorker:Storage Directory /workdir/hadoop-ozone/integration-test/target/test-dir/MiniOzoneClusterImpl-07260cbc-78d8-43ad-9b31-a55aa369dc3b/datanode-4/data/ratis/e501ecb8-0518-4537-b25f-cbd9758ac84f: flushIndex: setUnconditionally 0 -> -1
2019-09-12 10:16:54,766 [pool-71-thread-1] INFO  server.RaftServerConfigKeys (ConfUtils.java:logGet(43)) - raft.server.snapshot.auto.trigger.enabled = true (custom)
2019-09-12 10:16:54,766 [pool-71-thread-1] INFO  server.RaftServerConfigKeys (ConfUtils.java:logGet(43)) - raft.server.snapshot.auto.trigger.threshold = 10000 (custom)
2019-09-12 10:16:54,766 [pool-71-thread-1] INFO  server.RaftServerConfigKeys (ConfUtils.java:logGet(43)) - raft.server.retrycache.expirytime = 600000ms (custom)
2019-09-12 10:16:54,767 [pool-71-thread-1] INFO  impl.RaftServerImpl (RaftServerImpl.java:start(180)) - 754318a0-7d43-4de4-9a7a-4e513334fcf8: start group-CBD9758AC84F
2019-09-12 10:16:54,767 [pool-71-thread-1] INFO  impl.RaftServerImpl (RaftServerImpl.java:setRole(171)) - 754318a0-7d43-4de4-9a7a-4e513334fcf8:group-CBD9758AC84F changes role from null to FOLLOWER at term 0 for startAsFollower
2019-09-12 10:16:54,767 [pool-71-thread-1] INFO  impl.RoleInfo (RoleInfo.java:updateAndGet(143)) - 754318a0-7d43-4de4-9a7a-4e513334fcf8: start FollowerState
2019-09-12 10:16:54,768 [pool-71-thread-1] INFO  util.JmxRegister (JmxRegister.java:tryRegister(44)) - Successfully registered JMX Bean with object name Ratis:service=RaftServer,group=group-CBD9758AC84F,id=754318a0-7d43-4de4-9a7a-4e513334fcf8
2019-09-12 10:16:54,773 [RatisPipelineUtilsThread] INFO  pipeline.PipelineStateManager (PipelineStateManager.java:addPipeline(56)) - Created pipeline Pipeline[ Id: e501ecb8-0518-4537-b25f-cbd9758ac84f, Nodes: 754318a0-7d43-4de4-9a7a-4e513334fcf8{ip: 192.168.157.195, host: pr-hdds-1569-xtfnx-3545843844, networkLocation: /default-rack, certSerialId: null}, Type:RATIS, Factor:ONE, State:OPEN]
2019-09-12 10:16:54,781 [RatisPipelineUtilsThread] ERROR pipeline.PipelinePlacementPolicy (PipelinePlacementPolicy.java:meetCriteria(91)) - Pipeline Placement: Doesn't meet the criteria to be viable node. Heaviness: 6
2019-09-12 10:16:54,794 [grpc-default-executor-1] INFO  impl.RaftServerProxy (RaftServerProxy.java:addNew(89)) - 29b8f213-10fb-4d36-bbf5-ca2aa222f4ad: addNew group-C5520BB5573D:[29b8f213-10fb-4d36-bbf5-ca2aa222f4ad:192.168.157.195:38559] returns group-C5520BB5573D:java.util.concurrent.CompletableFuture@16d21e0d[Not completed]
2019-09-12 10:16:54,796 [pool-60-thread-1] INFO  impl.RaftServerImpl (RaftServerImpl.java:<init>(93)) - 29b8f213-10fb-4d36-bbf5-ca2aa222f4ad: new RaftServerImpl for group-C5520BB5573D:[29b8f213-10fb-4d36-bbf5-ca2aa222f4ad:192.168.157.195:38559] with ContainerStateMachine:uninitialized
2019-09-12 10:16:54,796 [pool-60-thread-1] INFO  server.RaftServerConfigKeys (ConfUtils.java:logGet(43)) - raft.server.rpc.timeout.min = 5s (custom)
2019-09-12 10:16:54,797 [pool-60-thread-1] INFO  server.RaftServerConfigKeys (ConfUtils.java:logGet(43)) - raft.server.rpc.timeout.max = 5200ms (custom)
2019-09-12 10:16:54,797 [pool-60-thread-1] INFO  server.RaftServerConfigKeys (ConfUtils.java:logGet(43)) - raft.server.rpcslowness.timeout = 10s (custom)
2019-09-12 10:16:54,797 [pool-60-thread-1] INFO  server.RaftServerConfigKeys (ConfUtils.java:logGet(43)) - raft.server.sleep.deviation.threshold = 300 (default)
2019-09-12 10:16:54,797 [pool-60-thread-1] INFO  server.RaftServerConfigKeys (ConfUtils.java:logGet(43)) - raft.server.log.appender.install.snapshot.enabled = false (custom)
2019-09-12 10:16:54,797 [pool-60-thread-1] INFO  impl.RaftServerImpl (ServerState.java:<init>(105)) - 29b8f213-10fb-4d36-bbf5-ca2aa222f4ad:group-C5520BB5573D ConfigurationManager, init=-1: [29b8f213-10fb-4d36-bbf5-ca2aa222f4ad:192.168.157.195:38559], old=null, confs=<EMPTY_MAP>
2019-09-12 10:16:54,797 [pool-60-thread-1] INFO  server.RaftServerConfigKeys (ConfUtils.java:logGet(43)) - raft.server.storage.dir = [/workdir/hadoop-ozone/integration-test/target/test-dir/MiniOzoneClusterImpl-07260cbc-78d8-43ad-9b31-a55aa369dc3b/datanode-3/data/ratis] (custom)
2019-09-12 10:16:54,798 [pool-60-thread-1] INFO  storage.RaftStorageDirectory (RaftStorageDirectory.java:analyzeStorage(246)) - The storage directory /workdir/hadoop-ozone/integration-test/target/test-dir/MiniOzoneClusterImpl-07260cbc-78d8-43ad-9b31-a55aa369dc3b/datanode-3/data/ratis/7304e0e7-28f7-43da-9d6c-c5520bb5573d does not exist. Creating ...
2019-09-12 10:16:54,806 [Thread-222] INFO  container.ReplicationManager (ReplicationManager.java:start(151)) - Starting Replication Monitor Thread.
2019-09-12 10:16:54,821 [pool-60-thread-1] INFO  storage.RaftStorageDirectory (RaftStorageDirectory.java:tryLock(328)) - Lock on /workdir/hadoop-ozone/integration-test/target/test-dir/MiniOzoneClusterImpl-07260cbc-78d8-43ad-9b31-a55aa369dc3b/datanode-3/data/ratis/7304e0e7-28f7-43da-9d6c-c5520bb5573d/in_use.lock acquired by nodename 4851@pr-hdds-1569-xtfnx-3545843844
2019-09-12 10:16:54,846 [pool-60-thread-1] INFO  storage.RaftStorage (RaftStorage.java:format(72)) - Storage directory /workdir/hadoop-ozone/integration-test/target/test-dir/MiniOzoneClusterImpl-07260cbc-78d8-43ad-9b31-a55aa369dc3b/datanode-3/data/ratis/7304e0e7-28f7-43da-9d6c-c5520bb5573d has been successfully formatted.
2019-09-12 10:16:54,846 [pool-60-thread-1] INFO  ratis.ContainerStateMachine (ContainerStateMachine.java:loadSnapshot(226)) - group-C5520BB5573D: The snapshot info is null. Setting the last applied indexto:(t:0, i:~)
2019-09-12 10:16:54,847 [pool-60-thread-1] INFO  server.RaftServerConfigKeys (ConfUtils.java:logGet(43)) - raft.server.leader.election.timeout = 10s (custom)
2019-09-12 10:16:54,847 [pool-60-thread-1] INFO  server.RaftServerConfigKeys (ConfUtils.java:logGet(43)) - raft.server.log.use.memory = false (default)
2019-09-12 10:16:54,847 [pool-60-thread-1] INFO  server.RaftServerConfigKeys (ConfUtils.java:logGet(43)) - raft.server.log.purge.gap = 1000000 (custom)
2019-09-12 10:16:54,847 [pool-60-thread-1] INFO  server.RaftServerConfigKeys (ConfUtils.java:logGet(43)) - raft.server.log.appender.buffer.byte-limit = 33554432 (custom)
2019-09-12 10:16:54,847 [pool-60-thread-1] INFO  server.RaftServerConfigKeys (ConfUtils.java:logGet(43)) - raft.server.log.segment.size.max = 1048576 (custom)
2019-09-12 10:16:54,847 [pool-60-thread-1] INFO  server.RaftServerConfigKeys (ConfUtils.java:logGet(43)) - raft.server.log.segment.cache.num.max = 2 (custom)
2019-09-12 10:16:54,847 [pool-60-thread-1] INFO  segmented.SegmentedRaftLogWorker (SegmentedRaftLogWorker.java:<init>(172)) - new 29b8f213-10fb-4d36-bbf5-ca2aa222f4ad-SegmentedRaftLogWorker:Storage Directory /workdir/hadoop-ozone/integration-test/target/test-dir/MiniOzoneClusterImpl-07260cbc-78d8-43ad-9b31-a55aa369dc3b/datanode-3/data/ratis/7304e0e7-28f7-43da-9d6c-c5520bb5573d for RaftStorage:Storage Directory /workdir/hadoop-ozone/integration-test/target/test-dir/MiniOzoneClusterImpl-07260cbc-78d8-43ad-9b31-a55aa369dc3b/datanode-3/data/ratis/7304e0e7-28f7-43da-9d6c-c5520bb5573d
2019-09-12 10:16:54,848 [pool-60-thread-1] INFO  server.RaftServerConfigKeys (ConfUtils.java:logGet(43)) - raft.server.log.queue.byte-limit = 2147483647 (custom)
2019-09-12 10:16:54,848 [pool-60-thread-1] INFO  server.RaftServerConfigKeys (ConfUtils.java:logGet(43)) - raft.server.log.queue.element-limit = 1024 (custom)
2019-09-12 10:16:54,848 [pool-60-thread-1] INFO  server.RaftServerConfigKeys (ConfUtils.java:logGet(43)) - raft.server.log.segment.size.max = 1048576 (custom)
2019-09-12 10:16:54,848 [pool-60-thread-1] INFO  server.RaftServerConfigKeys (ConfUtils.java:logGet(43)) - raft.server.log.preallocated.size = 16384 (custom)
2019-09-12 10:16:54,848 [pool-60-thread-1] INFO  server.RaftServerConfigKeys (ConfUtils.java:logGet(43)) - raft.server.log.write.buffer.size = 33554432 (custom)
2019-09-12 10:16:54,848 [pool-60-thread-1] INFO  server.RaftServerConfigKeys (ConfUtils.java:logGet(43)) - raft.server.log.force.sync.num = 128 (default)
2019-09-12 10:16:54,848 [pool-60-thread-1] INFO  server.RaftServerConfigKeys (ConfUtils.java:logGet(43)) - raft.server.log.statemachine.data.sync = true (default)
2019-09-12 10:16:54,849 [pool-60-thread-1] INFO  server.RaftServerConfigKeys (ConfUtils.java:logGet(43)) - raft.server.log.statemachine.data.sync.timeout = 10s (default)
2019-09-12 10:16:54,849 [pool-60-thread-1] INFO  server.RaftServerConfigKeys (ConfUtils.java:logGet(43)) - raft.server.log.statemachine.data.sync.timeout.retry = -1 (default)
2019-09-12 10:16:54,849 [pool-60-thread-1] INFO  server.RaftServerConfigKeys (ConfUtils.java:logGet(43)) - raft.server.log.statemachine.data.caching.enabled = true (custom)
2019-09-12 10:16:54,849 [pool-60-thread-1] INFO  segmented.SegmentedRaftLogWorker (SegmentedRaftLogWorker.java:lambda$new$0(132)) - 29b8f213-10fb-4d36-bbf5-ca2aa222f4ad-SegmentedRaftLogWorker:Storage Directory /workdir/hadoop-ozone/integration-test/target/test-dir/MiniOzoneClusterImpl-07260cbc-78d8-43ad-9b31-a55aa369dc3b/datanode-3/data/ratis/7304e0e7-28f7-43da-9d6c-c5520bb5573d: flushIndex: setUnconditionally 0 -> -1
2019-09-12 10:16:54,850 [pool-60-thread-1] INFO  server.RaftServerConfigKeys (ConfUtils.java:logGet(43)) - raft.server.snapshot.auto.trigger.enabled = true (custom)
2019-09-12 10:16:54,850 [pool-60-thread-1] INFO  server.RaftServerConfigKeys (ConfUtils.java:logGet(43)) - raft.server.snapshot.auto.trigger.threshold = 10000 (custom)
2019-09-12 10:16:54,850 [pool-60-thread-1] INFO  server.RaftServerConfigKeys (ConfUtils.java:logGet(43)) - raft.server.retrycache.expirytime = 600000ms (custom)
2019-09-12 10:16:54,850 [pool-60-thread-1] INFO  impl.RaftServerImpl (RaftServerImpl.java:start(180)) - 29b8f213-10fb-4d36-bbf5-ca2aa222f4ad: start group-C5520BB5573D
2019-09-12 10:16:54,850 [pool-60-thread-1] INFO  impl.RaftServerImpl (RaftServerImpl.java:setRole(171)) - 29b8f213-10fb-4d36-bbf5-ca2aa222f4ad:group-C5520BB5573D changes role from null to FOLLOWER at term 0 for startAsFollower
2019-09-12 10:16:54,850 [pool-60-thread-1] INFO  impl.RoleInfo (RoleInfo.java:updateAndGet(143)) - 29b8f213-10fb-4d36-bbf5-ca2aa222f4ad: start FollowerState
2019-09-12 10:16:54,851 [pool-60-thread-1] INFO  util.JmxRegister (JmxRegister.java:tryRegister(44)) - Successfully registered JMX Bean with object name Ratis:service=RaftServer,group=group-C5520BB5573D,id=29b8f213-10fb-4d36-bbf5-ca2aa222f4ad
2019-09-12 10:16:54,857 [RatisPipelineUtilsThread] INFO  pipeline.PipelineStateManager (PipelineStateManager.java:addPipeline(56)) - Created pipeline Pipeline[ Id: 7304e0e7-28f7-43da-9d6c-c5520bb5573d, Nodes: 29b8f213-10fb-4d36-bbf5-ca2aa222f4ad{ip: 192.168.157.195, host: pr-hdds-1569-xtfnx-3545843844, networkLocation: /default-rack, certSerialId: null}, Type:RATIS, Factor:ONE, State:OPEN]
2019-09-12 10:16:54,858 [RatisPipelineUtilsThread] ERROR pipeline.PipelinePlacementPolicy (PipelinePlacementPolicy.java:meetCriteria(91)) - Pipeline Placement: Doesn't meet the criteria to be viable node. Heaviness: 6
2019-09-12 10:16:54,869 [grpc-default-executor-1] INFO  impl.RaftServerProxy (RaftServerProxy.java:addNew(89)) - d125a0e9-cc1d-49ad-8efe-65f48e7470f1: addNew group-65BA6FED19C2:[d125a0e9-cc1d-49ad-8efe-65f48e7470f1:192.168.157.195:46432] returns group-65BA6FED19C2:java.util.concurrent.CompletableFuture@3ef93df8[Not completed]
2019-09-12 10:16:54,871 [pool-27-thread-1] INFO  impl.RaftServerImpl (RaftServerImpl.java:<init>(93)) - d125a0e9-cc1d-49ad-8efe-65f48e7470f1: new RaftServerImpl for group-65BA6FED19C2:[d125a0e9-cc1d-49ad-8efe-65f48e7470f1:192.168.157.195:46432] with ContainerStateMachine:uninitialized
2019-09-12 10:16:54,871 [pool-27-thread-1] INFO  server.RaftServerConfigKeys (ConfUtils.java:logGet(43)) - raft.server.rpc.timeout.min = 5s (custom)
2019-09-12 10:16:54,871 [pool-27-thread-1] INFO  server.RaftServerConfigKeys (ConfUtils.java:logGet(43)) - raft.server.rpc.timeout.max = 5200ms (custom)
2019-09-12 10:16:54,872 [pool-27-thread-1] INFO  server.RaftServerConfigKeys (ConfUtils.java:logGet(43)) - raft.server.rpcslowness.timeout = 10s (custom)
2019-09-12 10:16:54,872 [pool-27-thread-1] INFO  server.RaftServerConfigKeys (ConfUtils.java:logGet(43)) - raft.server.sleep.deviation.threshold = 300 (default)
2019-09-12 10:16:54,872 [pool-27-thread-1] INFO  server.RaftServerConfigKeys (ConfUtils.java:logGet(43)) - raft.server.log.appender.install.snapshot.enabled = false (custom)
2019-09-12 10:16:54,872 [pool-27-thread-1] INFO  impl.RaftServerImpl (ServerState.java:<init>(105)) - d125a0e9-cc1d-49ad-8efe-65f48e7470f1:group-65BA6FED19C2 ConfigurationManager, init=-1: [d125a0e9-cc1d-49ad-8efe-65f48e7470f1:192.168.157.195:46432], old=null, confs=<EMPTY_MAP>
2019-09-12 10:16:54,872 [pool-27-thread-1] INFO  server.RaftServerConfigKeys (ConfUtils.java:logGet(43)) - raft.server.storage.dir = [/workdir/hadoop-ozone/integration-test/target/test-dir/MiniOzoneClusterImpl-07260cbc-78d8-43ad-9b31-a55aa369dc3b/datanode-0/data/ratis] (custom)
2019-09-12 10:16:54,873 [pool-27-thread-1] INFO  storage.RaftStorageDirectory (RaftStorageDirectory.java:analyzeStorage(246)) - The storage directory /workdir/hadoop-ozone/integration-test/target/test-dir/MiniOzoneClusterImpl-07260cbc-78d8-43ad-9b31-a55aa369dc3b/datanode-0/data/ratis/21787a1e-9120-4469-aebf-65ba6fed19c2 does not exist. Creating ...
2019-09-12 10:16:54,887 [pool-27-thread-1] INFO  storage.RaftStorageDirectory (RaftStorageDirectory.java:tryLock(328)) - Lock on /workdir/hadoop-ozone/integration-test/target/test-dir/MiniOzoneClusterImpl-07260cbc-78d8-43ad-9b31-a55aa369dc3b/datanode-0/data/ratis/21787a1e-9120-4469-aebf-65ba6fed19c2/in_use.lock acquired by nodename 4851@pr-hdds-1569-xtfnx-3545843844
2019-09-12 10:16:54,900 [pool-27-thread-1] INFO  storage.RaftStorage (RaftStorage.java:format(72)) - Storage directory /workdir/hadoop-ozone/integration-test/target/test-dir/MiniOzoneClusterImpl-07260cbc-78d8-43ad-9b31-a55aa369dc3b/datanode-0/data/ratis/21787a1e-9120-4469-aebf-65ba6fed19c2 has been successfully formatted.
2019-09-12 10:16:54,900 [pool-27-thread-1] INFO  ratis.ContainerStateMachine (ContainerStateMachine.java:loadSnapshot(226)) - group-65BA6FED19C2: The snapshot info is null. Setting the last applied indexto:(t:0, i:~)
2019-09-12 10:16:54,901 [pool-27-thread-1] INFO  server.RaftServerConfigKeys (ConfUtils.java:logGet(43)) - raft.server.leader.election.timeout = 10s (custom)
2019-09-12 10:16:54,901 [pool-27-thread-1] INFO  server.RaftServerConfigKeys (ConfUtils.java:logGet(43)) - raft.server.log.use.memory = false (default)
2019-09-12 10:16:54,901 [pool-27-thread-1] INFO  server.RaftServerConfigKeys (ConfUtils.java:logGet(43)) - raft.server.log.purge.gap = 1000000 (custom)
2019-09-12 10:16:54,901 [pool-27-thread-1] INFO  server.RaftServerConfigKeys (ConfUtils.java:logGet(43)) - raft.server.log.appender.buffer.byte-limit = 33554432 (custom)
2019-09-12 10:16:54,901 [pool-27-thread-1] INFO  server.RaftServerConfigKeys (ConfUtils.java:logGet(43)) - raft.server.log.segment.size.max = 1048576 (custom)
2019-09-12 10:16:54,902 [pool-27-thread-1] INFO  server.RaftServerConfigKeys (ConfUtils.java:logGet(43)) - raft.server.log.segment.cache.num.max = 2 (custom)
2019-09-12 10:16:54,902 [pool-27-thread-1] INFO  segmented.SegmentedRaftLogWorker (SegmentedRaftLogWorker.java:<init>(172)) - new d125a0e9-cc1d-49ad-8efe-65f48e7470f1-SegmentedRaftLogWorker:Storage Directory /workdir/hadoop-ozone/integration-test/target/test-dir/MiniOzoneClusterImpl-07260cbc-78d8-43ad-9b31-a55aa369dc3b/datanode-0/data/ratis/21787a1e-9120-4469-aebf-65ba6fed19c2 for RaftStorage:Storage Directory /workdir/hadoop-ozone/integration-test/target/test-dir/MiniOzoneClusterImpl-07260cbc-78d8-43ad-9b31-a55aa369dc3b/datanode-0/data/ratis/21787a1e-9120-4469-aebf-65ba6fed19c2
2019-09-12 10:16:54,902 [pool-27-thread-1] INFO  server.RaftServerConfigKeys (ConfUtils.java:logGet(43)) - raft.server.log.queue.byte-limit = 2147483647 (custom)
2019-09-12 10:16:54,902 [pool-27-thread-1] INFO  server.RaftServerConfigKeys (ConfUtils.java:logGet(43)) - raft.server.log.queue.element-limit = 1024 (custom)
2019-09-12 10:16:54,902 [pool-27-thread-1] INFO  server.RaftServerConfigKeys (ConfUtils.java:logGet(43)) - raft.server.log.segment.size.max = 1048576 (custom)
2019-09-12 10:16:54,902 [pool-27-thread-1] INFO  server.RaftServerConfigKeys (ConfUtils.java:logGet(43)) - raft.server.log.preallocated.size = 16384 (custom)
2019-09-12 10:16:54,903 [pool-27-thread-1] INFO  server.RaftServerConfigKeys (ConfUtils.java:logGet(43)) - raft.server.log.write.buffer.size = 33554432 (custom)
2019-09-12 10:16:54,903 [pool-27-thread-1] INFO  server.RaftServerConfigKeys (ConfUtils.java:logGet(43)) - raft.server.log.force.sync.num = 128 (default)
2019-09-12 10:16:54,903 [pool-27-thread-1] INFO  server.RaftServerConfigKeys (ConfUtils.java:logGet(43)) - raft.server.log.statemachine.data.sync = true (default)
2019-09-12 10:16:54,903 [pool-27-thread-1] INFO  server.RaftServerConfigKeys (ConfUtils.java:logGet(43)) - raft.server.log.statemachine.data.sync.timeout = 10s (default)
2019-09-12 10:16:54,903 [pool-27-thread-1] INFO  server.RaftServerConfigKeys (ConfUtils.java:logGet(43)) - raft.server.log.statemachine.data.sync.timeout.retry = -1 (default)
2019-09-12 10:16:54,904 [pool-27-thread-1] INFO  server.RaftServerConfigKeys (ConfUtils.java:logGet(43)) - raft.server.log.statemachine.data.caching.enabled = true (custom)
2019-09-12 10:16:54,904 [pool-27-thread-1] INFO  segmented.SegmentedRaftLogWorker (SegmentedRaftLogWorker.java:lambda$new$0(132)) - d125a0e9-cc1d-49ad-8efe-65f48e7470f1-SegmentedRaftLogWorker:Storage Directory /workdir/hadoop-ozone/integration-test/target/test-dir/MiniOzoneClusterImpl-07260cbc-78d8-43ad-9b31-a55aa369dc3b/datanode-0/data/ratis/21787a1e-9120-4469-aebf-65ba6fed19c2: flushIndex: setUnconditionally 0 -> -1
2019-09-12 10:16:54,904 [pool-27-thread-1] INFO  server.RaftServerConfigKeys (ConfUtils.java:logGet(43)) - raft.server.snapshot.auto.trigger.enabled = true (custom)
2019-09-12 10:16:54,905 [pool-27-thread-1] INFO  server.RaftServerConfigKeys (ConfUtils.java:logGet(43)) - raft.server.snapshot.auto.trigger.threshold = 10000 (custom)
2019-09-12 10:16:54,905 [pool-27-thread-1] INFO  server.RaftServerConfigKeys (ConfUtils.java:logGet(43)) - raft.server.retrycache.expirytime = 600000ms (custom)
2019-09-12 10:16:54,905 [pool-27-thread-1] INFO  impl.RaftServerImpl (RaftServerImpl.java:start(180)) - d125a0e9-cc1d-49ad-8efe-65f48e7470f1: start group-65BA6FED19C2
2019-09-12 10:16:54,905 [pool-27-thread-1] INFO  impl.RaftServerImpl (RaftServerImpl.java:setRole(171)) - d125a0e9-cc1d-49ad-8efe-65f48e7470f1:group-65BA6FED19C2 changes role from null to FOLLOWER at term 0 for startAsFollower
2019-09-12 10:16:54,905 [pool-27-thread-1] INFO  impl.RoleInfo (RoleInfo.java:updateAndGet(143)) - d125a0e9-cc1d-49ad-8efe-65f48e7470f1: start FollowerState
2019-09-12 10:16:54,906 [pool-27-thread-1] INFO  util.JmxRegister (JmxRegister.java:tryRegister(44)) - Successfully registered JMX Bean with object name Ratis:service=RaftServer,group=group-65BA6FED19C2,id=d125a0e9-cc1d-49ad-8efe-65f48e7470f1
2019-09-12 10:16:54,911 [RatisPipelineUtilsThread] INFO  pipeline.PipelineStateManager (PipelineStateManager.java:addPipeline(56)) - Created pipeline Pipeline[ Id: 21787a1e-9120-4469-aebf-65ba6fed19c2, Nodes: d125a0e9-cc1d-49ad-8efe-65f48e7470f1{ip: 192.168.157.195, host: pr-hdds-1569-xtfnx-3545843844, networkLocation: /default-rack, certSerialId: null}, Type:RATIS, Factor:ONE, State:OPEN]
2019-09-12 10:16:54,914 [RatisPipelineUtilsThread] ERROR pipeline.PipelinePlacementPolicy (PipelinePlacementPolicy.java:meetCriteria(91)) - Pipeline Placement: Doesn't meet the criteria to be viable node. Heaviness: 6
2019-09-12 10:16:54,914 [RatisPipelineUtilsThread] ERROR pipeline.PipelinePlacementPolicy (PipelinePlacementPolicy.java:meetCriteria(91)) - Pipeline Placement: Doesn't meet the criteria to be viable node. Heaviness: 6
2019-09-12 10:16:54,924 [grpc-default-executor-1] INFO  impl.RaftServerProxy (RaftServerProxy.java:addNew(89)) - 754318a0-7d43-4de4-9a7a-4e513334fcf8: addNew group-C9CF304C41AB:[754318a0-7d43-4de4-9a7a-4e513334fcf8:192.168.157.195:36711] returns group-C9CF304C41AB:java.util.concurrent.CompletableFuture@591a2920[Not completed]
2019-09-12 10:16:54,927 [pool-71-thread-1] INFO  impl.RaftServerImpl (RaftServerImpl.java:<init>(93)) - 754318a0-7d43-4de4-9a7a-4e513334fcf8: new RaftServerImpl for group-C9CF304C41AB:[754318a0-7d43-4de4-9a7a-4e513334fcf8:192.168.157.195:36711] with ContainerStateMachine:uninitialized
2019-09-12 10:16:54,927 [pool-71-thread-1] INFO  server.RaftServerConfigKeys (ConfUtils.java:logGet(43)) - raft.server.rpc.timeout.min = 5s (custom)
2019-09-12 10:16:54,927 [pool-71-thread-1] INFO  server.RaftServerConfigKeys (ConfUtils.java:logGet(43)) - raft.server.rpc.timeout.max = 5200ms (custom)
2019-09-12 10:16:54,927 [pool-71-thread-1] INFO  server.RaftServerConfigKeys (ConfUtils.java:logGet(43)) - raft.server.rpcslowness.timeout = 10s (custom)
2019-09-12 10:16:54,927 [pool-71-thread-1] INFO  server.RaftServerConfigKeys (ConfUtils.java:logGet(43)) - raft.server.sleep.deviation.threshold = 300 (default)
2019-09-12 10:16:54,928 [pool-71-thread-1] INFO  server.RaftServerConfigKeys (ConfUtils.java:logGet(43)) - raft.server.log.appender.install.snapshot.enabled = false (custom)
2019-09-12 10:16:54,928 [pool-71-thread-1] INFO  impl.RaftServerImpl (ServerState.java:<init>(105)) - 754318a0-7d43-4de4-9a7a-4e513334fcf8:group-C9CF304C41AB ConfigurationManager, init=-1: [754318a0-7d43-4de4-9a7a-4e513334fcf8:192.168.157.195:36711], old=null, confs=<EMPTY_MAP>
2019-09-12 10:16:54,928 [pool-71-thread-1] INFO  server.RaftServerConfigKeys (ConfUtils.java:logGet(43)) - raft.server.storage.dir = [/workdir/hadoop-ozone/integration-test/target/test-dir/MiniOzoneClusterImpl-07260cbc-78d8-43ad-9b31-a55aa369dc3b/datanode-4/data/ratis] (custom)
2019-09-12 10:16:54,929 [pool-71-thread-1] INFO  storage.RaftStorageDirectory (RaftStorageDirectory.java:analyzeStorage(246)) - The storage directory /workdir/hadoop-ozone/integration-test/target/test-dir/MiniOzoneClusterImpl-07260cbc-78d8-43ad-9b31-a55aa369dc3b/datanode-4/data/ratis/e31e621b-25a9-48c7-aa0d-c9cf304c41ab does not exist. Creating ...
2019-09-12 10:16:54,941 [pool-71-thread-1] INFO  storage.RaftStorageDirectory (RaftStorageDirectory.java:tryLock(328)) - Lock on /workdir/hadoop-ozone/integration-test/target/test-dir/MiniOzoneClusterImpl-07260cbc-78d8-43ad-9b31-a55aa369dc3b/datanode-4/data/ratis/e31e621b-25a9-48c7-aa0d-c9cf304c41ab/in_use.lock acquired by nodename 4851@pr-hdds-1569-xtfnx-3545843844
2019-09-12 10:16:54,963 [pool-71-thread-1] INFO  storage.RaftStorage (RaftStorage.java:format(72)) - Storage directory /workdir/hadoop-ozone/integration-test/target/test-dir/MiniOzoneClusterImpl-07260cbc-78d8-43ad-9b31-a55aa369dc3b/datanode-4/data/ratis/e31e621b-25a9-48c7-aa0d-c9cf304c41ab has been successfully formatted.
2019-09-12 10:16:54,963 [pool-71-thread-1] INFO  ratis.ContainerStateMachine (ContainerStateMachine.java:loadSnapshot(226)) - group-C9CF304C41AB: The snapshot info is null. Setting the last applied indexto:(t:0, i:~)
2019-09-12 10:16:54,963 [pool-71-thread-1] INFO  server.RaftServerConfigKeys (ConfUtils.java:logGet(43)) - raft.server.leader.election.timeout = 10s (custom)
2019-09-12 10:16:54,963 [pool-71-thread-1] INFO  server.RaftServerConfigKeys (ConfUtils.java:logGet(43)) - raft.server.log.use.memory = false (default)
2019-09-12 10:16:54,964 [pool-71-thread-1] INFO  server.RaftServerConfigKeys (ConfUtils.java:logGet(43)) - raft.server.log.purge.gap = 1000000 (custom)
2019-09-12 10:16:54,964 [pool-71-thread-1] INFO  server.RaftServerConfigKeys (ConfUtils.java:logGet(43)) - raft.server.log.appender.buffer.byte-limit = 33554432 (custom)
2019-09-12 10:16:54,964 [pool-71-thread-1] INFO  server.RaftServerConfigKeys (ConfUtils.java:logGet(43)) - raft.server.log.segment.size.max = 1048576 (custom)
2019-09-12 10:16:54,964 [pool-71-thread-1] INFO  server.RaftServerConfigKeys (ConfUtils.java:logGet(43)) - raft.server.log.segment.cache.num.max = 2 (custom)
2019-09-12 10:16:54,965 [pool-71-thread-1] INFO  segmented.SegmentedRaftLogWorker (SegmentedRaftLogWorker.java:<init>(172)) - new 754318a0-7d43-4de4-9a7a-4e513334fcf8-SegmentedRaftLogWorker:Storage Directory /workdir/hadoop-ozone/integration-test/target/test-dir/MiniOzoneClusterImpl-07260cbc-78d8-43ad-9b31-a55aa369dc3b/datanode-4/data/ratis/e31e621b-25a9-48c7-aa0d-c9cf304c41ab for RaftStorage:Storage Directory /workdir/hadoop-ozone/integration-test/target/test-dir/MiniOzoneClusterImpl-07260cbc-78d8-43ad-9b31-a55aa369dc3b/datanode-4/data/ratis/e31e621b-25a9-48c7-aa0d-c9cf304c41ab
2019-09-12 10:16:54,965 [pool-71-thread-1] INFO  server.RaftServerConfigKeys (ConfUtils.java:logGet(43)) - raft.server.log.queue.byte-limit = 2147483647 (custom)
2019-09-12 10:16:54,965 [pool-71-thread-1] INFO  server.RaftServerConfigKeys (ConfUtils.java:logGet(43)) - raft.server.log.queue.element-limit = 1024 (custom)
2019-09-12 10:16:54,965 [pool-71-thread-1] INFO  server.RaftServerConfigKeys (ConfUtils.java:logGet(43)) - raft.server.log.segment.size.max = 1048576 (custom)
2019-09-12 10:16:54,965 [pool-71-thread-1] INFO  server.RaftServerConfigKeys (ConfUtils.java:logGet(43)) - raft.server.log.preallocated.size = 16384 (custom)
2019-09-12 10:16:54,966 [pool-71-thread-1] INFO  server.RaftServerConfigKeys (ConfUtils.java:logGet(43)) - raft.server.log.write.buffer.size = 33554432 (custom)
2019-09-12 10:16:54,966 [pool-71-thread-1] INFO  server.RaftServerConfigKeys (ConfUtils.java:logGet(43)) - raft.server.log.force.sync.num = 128 (default)
2019-09-12 10:16:54,966 [pool-71-thread-1] INFO  server.RaftServerConfigKeys (ConfUtils.java:logGet(43)) - raft.server.log.statemachine.data.sync = true (default)
2019-09-12 10:16:54,966 [pool-71-thread-1] INFO  server.RaftServerConfigKeys (ConfUtils.java:logGet(43)) - raft.server.log.statemachine.data.sync.timeout = 10s (default)
2019-09-12 10:16:54,966 [pool-71-thread-1] INFO  server.RaftServerConfigKeys (ConfUtils.java:logGet(43)) - raft.server.log.statemachine.data.sync.timeout.retry = -1 (default)
2019-09-12 10:16:54,967 [pool-71-thread-1] INFO  server.RaftServerConfigKeys (ConfUtils.java:logGet(43)) - raft.server.log.statemachine.data.caching.enabled = true (custom)
2019-09-12 10:16:54,967 [pool-71-thread-1] INFO  segmented.SegmentedRaftLogWorker (SegmentedRaftLogWorker.java:lambda$new$0(132)) - 754318a0-7d43-4de4-9a7a-4e513334fcf8-SegmentedRaftLogWorker:Storage Directory /workdir/hadoop-ozone/integration-test/target/test-dir/MiniOzoneClusterImpl-07260cbc-78d8-43ad-9b31-a55aa369dc3b/datanode-4/data/ratis/e31e621b-25a9-48c7-aa0d-c9cf304c41ab: flushIndex: setUnconditionally 0 -> -1
2019-09-12 10:16:54,968 [pool-71-thread-1] INFO  server.RaftServerConfigKeys (ConfUtils.java:logGet(43)) - raft.server.snapshot.auto.trigger.enabled = true (custom)
2019-09-12 10:16:54,968 [pool-71-thread-1] INFO  server.RaftServerConfigKeys (ConfUtils.java:logGet(43)) - raft.server.snapshot.auto.trigger.threshold = 10000 (custom)
2019-09-12 10:16:54,968 [pool-71-thread-1] INFO  server.RaftServerConfigKeys (ConfUtils.java:logGet(43)) - raft.server.retrycache.expirytime = 600000ms (custom)
2019-09-12 10:16:54,969 [pool-71-thread-1] INFO  impl.RaftServerImpl (RaftServerImpl.java:start(180)) - 754318a0-7d43-4de4-9a7a-4e513334fcf8: start group-C9CF304C41AB
2019-09-12 10:16:54,969 [pool-71-thread-1] INFO  impl.RaftServerImpl (RaftServerImpl.java:setRole(171)) - 754318a0-7d43-4de4-9a7a-4e513334fcf8:group-C9CF304C41AB changes role from null to FOLLOWER at term 0 for startAsFollower
2019-09-12 10:16:54,969 [pool-71-thread-1] INFO  impl.RoleInfo (RoleInfo.java:updateAndGet(143)) - 754318a0-7d43-4de4-9a7a-4e513334fcf8: start FollowerState
2019-09-12 10:16:54,970 [pool-71-thread-1] INFO  util.JmxRegister (JmxRegister.java:tryRegister(44)) - Successfully registered JMX Bean with object name Ratis:service=RaftServer,group=group-C9CF304C41AB,id=754318a0-7d43-4de4-9a7a-4e513334fcf8
2019-09-12 10:16:54,977 | INFO  | SCMAudit | user=jenkins1000 | ip=192.168.157.195 | op=SEND_HEARTBEAT {datanodeUUID=3d50e2f5-3cb6-49ae-98cc-9a6203b61a63, command=[]} | ret=SUCCESS |  
2019-09-12 10:16:54,977 [RatisPipelineUtilsThread] INFO  pipeline.PipelineStateManager (PipelineStateManager.java:addPipeline(56)) - Created pipeline Pipeline[ Id: e31e621b-25a9-48c7-aa0d-c9cf304c41ab, Nodes: 754318a0-7d43-4de4-9a7a-4e513334fcf8{ip: 192.168.157.195, host: pr-hdds-1569-xtfnx-3545843844, networkLocation: /default-rack, certSerialId: null}, Type:RATIS, Factor:ONE, State:OPEN]
2019-09-12 10:16:54,980 [RatisPipelineUtilsThread] ERROR pipeline.PipelinePlacementPolicy (PipelinePlacementPolicy.java:meetCriteria(91)) - Pipeline Placement: Doesn't meet the criteria to be viable node. Heaviness: 6
2019-09-12 10:16:54,980 [RatisPipelineUtilsThread] ERROR pipeline.PipelinePlacementPolicy (PipelinePlacementPolicy.java:meetCriteria(91)) - Pipeline Placement: Doesn't meet the criteria to be viable node. Heaviness: 6
2019-09-12 10:16:54,980 [RatisPipelineUtilsThread] ERROR pipeline.PipelinePlacementPolicy (PipelinePlacementPolicy.java:meetCriteria(91)) - Pipeline Placement: Doesn't meet the criteria to be viable node. Heaviness: 6
2019-09-12 10:16:55,006 | INFO  | SCMAudit | user=jenkins1000 | ip=192.168.157.195 | op=SEND_HEARTBEAT {datanodeUUID=2c6903b2-bd88-4155-8644-e70f9499caec, command=[]} | ret=SUCCESS |  
2019-09-12 10:16:55,005 [grpc-default-executor-1] INFO  impl.RaftServerProxy (RaftServerProxy.java:addNew(89)) - 2ccaf34f-8eeb-4cb8-b9bf-ec796d9a8e8c: addNew group-A08909E222BC:[2ccaf34f-8eeb-4cb8-b9bf-ec796d9a8e8c:192.168.157.195:42859] returns group-A08909E222BC:java.util.concurrent.CompletableFuture@2ec5f08e[Not completed]
2019-09-12 10:16:55,008 [pool-49-thread-1] INFO  impl.RaftServerImpl (RaftServerImpl.java:<init>(93)) - 2ccaf34f-8eeb-4cb8-b9bf-ec796d9a8e8c: new RaftServerImpl for group-A08909E222BC:[2ccaf34f-8eeb-4cb8-b9bf-ec796d9a8e8c:192.168.157.195:42859] with ContainerStateMachine:uninitialized
2019-09-12 10:16:55,009 [pool-49-thread-1] INFO  server.RaftServerConfigKeys (ConfUtils.java:logGet(43)) - raft.server.rpc.timeout.min = 5s (custom)
2019-09-12 10:16:55,009 [pool-49-thread-1] INFO  server.RaftServerConfigKeys (ConfUtils.java:logGet(43)) - raft.server.rpc.timeout.max = 5200ms (custom)
2019-09-12 10:16:55,009 [pool-49-thread-1] INFO  server.RaftServerConfigKeys (ConfUtils.java:logGet(43)) - raft.server.rpcslowness.timeout = 10s (custom)
2019-09-12 10:16:55,009 [pool-49-thread-1] INFO  server.RaftServerConfigKeys (ConfUtils.java:logGet(43)) - raft.server.sleep.deviation.threshold = 300 (default)
2019-09-12 10:16:55,009 [pool-49-thread-1] INFO  server.RaftServerConfigKeys (ConfUtils.java:logGet(43)) - raft.server.log.appender.install.snapshot.enabled = false (custom)
2019-09-12 10:16:55,010 [pool-49-thread-1] INFO  impl.RaftServerImpl (ServerState.java:<init>(105)) - 2ccaf34f-8eeb-4cb8-b9bf-ec796d9a8e8c:group-A08909E222BC ConfigurationManager, init=-1: [2ccaf34f-8eeb-4cb8-b9bf-ec796d9a8e8c:192.168.157.195:42859], old=null, confs=<EMPTY_MAP>
2019-09-12 10:16:55,010 [pool-49-thread-1] INFO  server.RaftServerConfigKeys (ConfUtils.java:logGet(43)) - raft.server.storage.dir = [/workdir/hadoop-ozone/integration-test/target/test-dir/MiniOzoneClusterImpl-07260cbc-78d8-43ad-9b31-a55aa369dc3b/datanode-2/data/ratis] (custom)
2019-09-12 10:16:55,010 [pool-49-thread-1] INFO  storage.RaftStorageDirectory (RaftStorageDirectory.java:analyzeStorage(246)) - The storage directory /workdir/hadoop-ozone/integration-test/target/test-dir/MiniOzoneClusterImpl-07260cbc-78d8-43ad-9b31-a55aa369dc3b/datanode-2/data/ratis/26e92793-c85c-4b71-9682-a08909e222bc does not exist. Creating ...
2019-09-12 10:16:55,024 [pool-49-thread-1] INFO  storage.RaftStorageDirectory (RaftStorageDirectory.java:tryLock(328)) - Lock on /workdir/hadoop-ozone/integration-test/target/test-dir/MiniOzoneClusterImpl-07260cbc-78d8-43ad-9b31-a55aa369dc3b/datanode-2/data/ratis/26e92793-c85c-4b71-9682-a08909e222bc/in_use.lock acquired by nodename 4851@pr-hdds-1569-xtfnx-3545843844
2019-09-12 10:16:55,038 [pool-49-thread-1] INFO  storage.RaftStorage (RaftStorage.java:format(72)) - Storage directory /workdir/hadoop-ozone/integration-test/target/test-dir/MiniOzoneClusterImpl-07260cbc-78d8-43ad-9b31-a55aa369dc3b/datanode-2/data/ratis/26e92793-c85c-4b71-9682-a08909e222bc has been successfully formatted.
2019-09-12 10:16:55,038 [pool-49-thread-1] INFO  ratis.ContainerStateMachine (ContainerStateMachine.java:loadSnapshot(226)) - group-A08909E222BC: The snapshot info is null. Setting the last applied indexto:(t:0, i:~)
2019-09-12 10:16:55,038 [pool-49-thread-1] INFO  server.RaftServerConfigKeys (ConfUtils.java:logGet(43)) - raft.server.leader.election.timeout = 10s (custom)
2019-09-12 10:16:55,038 [pool-49-thread-1] INFO  server.RaftServerConfigKeys (ConfUtils.java:logGet(43)) - raft.server.log.use.memory = false (default)
2019-09-12 10:16:55,039 [pool-49-thread-1] INFO  server.RaftServerConfigKeys (ConfUtils.java:logGet(43)) - raft.server.log.purge.gap = 1000000 (custom)
2019-09-12 10:16:55,039 [pool-49-thread-1] INFO  server.RaftServerConfigKeys (ConfUtils.java:logGet(43)) - raft.server.log.appender.buffer.byte-limit = 33554432 (custom)
2019-09-12 10:16:55,039 [pool-49-thread-1] INFO  server.RaftServerConfigKeys (ConfUtils.java:logGet(43)) - raft.server.log.segment.size.max = 1048576 (custom)
2019-09-12 10:16:55,039 [pool-49-thread-1] INFO  server.RaftServerConfigKeys (ConfUtils.java:logGet(43)) - raft.server.log.segment.cache.num.max = 2 (custom)
2019-09-12 10:16:55,040 [pool-49-thread-1] INFO  segmented.SegmentedRaftLogWorker (SegmentedRaftLogWorker.java:<init>(172)) - new 2ccaf34f-8eeb-4cb8-b9bf-ec796d9a8e8c-SegmentedRaftLogWorker:Storage Directory /workdir/hadoop-ozone/integration-test/target/test-dir/MiniOzoneClusterImpl-07260cbc-78d8-43ad-9b31-a55aa369dc3b/datanode-2/data/ratis/26e92793-c85c-4b71-9682-a08909e222bc for RaftStorage:Storage Directory /workdir/hadoop-ozone/integration-test/target/test-dir/MiniOzoneClusterImpl-07260cbc-78d8-43ad-9b31-a55aa369dc3b/datanode-2/data/ratis/26e92793-c85c-4b71-9682-a08909e222bc
2019-09-12 10:16:55,040 [pool-49-thread-1] INFO  server.RaftServerConfigKeys (ConfUtils.java:logGet(43)) - raft.server.log.queue.byte-limit = 2147483647 (custom)
2019-09-12 10:16:55,040 [pool-49-thread-1] INFO  server.RaftServerConfigKeys (ConfUtils.java:logGet(43)) - raft.server.log.queue.element-limit = 1024 (custom)
2019-09-12 10:16:55,040 [pool-49-thread-1] INFO  server.RaftServerConfigKeys (ConfUtils.java:logGet(43)) - raft.server.log.segment.size.max = 1048576 (custom)
2019-09-12 10:16:55,040 [pool-49-thread-1] INFO  server.RaftServerConfigKeys (ConfUtils.java:logGet(43)) - raft.server.log.preallocated.size = 16384 (custom)
2019-09-12 10:16:55,040 [pool-49-thread-1] INFO  server.RaftServerConfigKeys (ConfUtils.java:logGet(43)) - raft.server.log.write.buffer.size = 33554432 (custom)
2019-09-12 10:16:55,041 [pool-49-thread-1] INFO  server.RaftServerConfigKeys (ConfUtils.java:logGet(43)) - raft.server.log.force.sync.num = 128 (default)
2019-09-12 10:16:55,041 [pool-49-thread-1] INFO  server.RaftServerConfigKeys (ConfUtils.java:logGet(43)) - raft.server.log.statemachine.data.sync = true (default)
2019-09-12 10:16:55,041 [pool-49-thread-1] INFO  server.RaftServerConfigKeys (ConfUtils.java:logGet(43)) - raft.server.log.statemachine.data.sync.timeout = 10s (default)
2019-09-12 10:16:55,041 [pool-49-thread-1] INFO  server.RaftServerConfigKeys (ConfUtils.java:logGet(43)) - raft.server.log.statemachine.data.sync.timeout.retry = -1 (default)
2019-09-12 10:16:55,041 [pool-49-thread-1] INFO  server.RaftServerConfigKeys (ConfUtils.java:logGet(43)) - raft.server.log.statemachine.data.caching.enabled = true (custom)
2019-09-12 10:16:55,042 [pool-49-thread-1] INFO  segmented.SegmentedRaftLogWorker (SegmentedRaftLogWorker.java:lambda$new$0(132)) - 2ccaf34f-8eeb-4cb8-b9bf-ec796d9a8e8c-SegmentedRaftLogWorker:Storage Directory /workdir/hadoop-ozone/integration-test/target/test-dir/MiniOzoneClusterImpl-07260cbc-78d8-43ad-9b31-a55aa369dc3b/datanode-2/data/ratis/26e92793-c85c-4b71-9682-a08909e222bc: flushIndex: setUnconditionally 0 -> -1
2019-09-12 10:16:55,042 [pool-49-thread-1] INFO  server.RaftServerConfigKeys (ConfUtils.java:logGet(43)) - raft.server.snapshot.auto.trigger.enabled = true (custom)
2019-09-12 10:16:55,043 [pool-49-thread-1] INFO  server.RaftServerConfigKeys (ConfUtils.java:logGet(43)) - raft.server.snapshot.auto.trigger.threshold = 10000 (custom)
2019-09-12 10:16:55,043 [pool-49-thread-1] INFO  server.RaftServerConfigKeys (ConfUtils.java:logGet(43)) - raft.server.retrycache.expirytime = 600000ms (custom)
2019-09-12 10:16:55,043 [pool-49-thread-1] INFO  impl.RaftServerImpl (RaftServerImpl.java:start(180)) - 2ccaf34f-8eeb-4cb8-b9bf-ec796d9a8e8c: start group-A08909E222BC
2019-09-12 10:16:55,043 [pool-49-thread-1] INFO  impl.RaftServerImpl (RaftServerImpl.java:setRole(171)) - 2ccaf34f-8eeb-4cb8-b9bf-ec796d9a8e8c:group-A08909E222BC changes role from null to FOLLOWER at term 0 for startAsFollower
2019-09-12 10:16:55,043 [pool-49-thread-1] INFO  impl.RoleInfo (RoleInfo.java:updateAndGet(143)) - 2ccaf34f-8eeb-4cb8-b9bf-ec796d9a8e8c: start FollowerState
2019-09-12 10:16:55,044 [pool-49-thread-1] INFO  util.JmxRegister (JmxRegister.java:tryRegister(44)) - Successfully registered JMX Bean with object name Ratis:service=RaftServer,group=group-A08909E222BC,id=2ccaf34f-8eeb-4cb8-b9bf-ec796d9a8e8c
2019-09-12 10:16:55,051 [RatisPipelineUtilsThread] INFO  pipeline.PipelineStateManager (PipelineStateManager.java:addPipeline(56)) - Created pipeline Pipeline[ Id: 26e92793-c85c-4b71-9682-a08909e222bc, Nodes: 2ccaf34f-8eeb-4cb8-b9bf-ec796d9a8e8c{ip: 192.168.157.195, host: pr-hdds-1569-xtfnx-3545843844, networkLocation: /default-rack, certSerialId: null}, Type:RATIS, Factor:ONE, State:OPEN]
2019-09-12 10:16:55,054 [RatisPipelineUtilsThread] ERROR pipeline.PipelinePlacementPolicy (PipelinePlacementPolicy.java:meetCriteria(91)) - Pipeline Placement: Doesn't meet the criteria to be viable node. Heaviness: 6
2019-09-12 10:16:55,054 [RatisPipelineUtilsThread] ERROR pipeline.PipelinePlacementPolicy (PipelinePlacementPolicy.java:meetCriteria(91)) - Pipeline Placement: Doesn't meet the criteria to be viable node. Heaviness: 6
2019-09-12 10:16:55,054 [RatisPipelineUtilsThread] ERROR pipeline.PipelinePlacementPolicy (PipelinePlacementPolicy.java:meetCriteria(91)) - Pipeline Placement: Doesn't meet the criteria to be viable node. Heaviness: 6
2019-09-12 10:16:55,072 [grpc-default-executor-1] INFO  impl.RaftServerProxy (RaftServerProxy.java:addNew(89)) - 2ccaf34f-8eeb-4cb8-b9bf-ec796d9a8e8c: addNew group-8F5818C93268:[2ccaf34f-8eeb-4cb8-b9bf-ec796d9a8e8c:192.168.157.195:42859] returns group-8F5818C93268:java.util.concurrent.CompletableFuture@ab90239[Not completed]
2019-09-12 10:16:55,074 [pool-49-thread-1] INFO  impl.RaftServerImpl (RaftServerImpl.java:<init>(93)) - 2ccaf34f-8eeb-4cb8-b9bf-ec796d9a8e8c: new RaftServerImpl for group-8F5818C93268:[2ccaf34f-8eeb-4cb8-b9bf-ec796d9a8e8c:192.168.157.195:42859] with ContainerStateMachine:uninitialized
2019-09-12 10:16:55,074 [pool-49-thread-1] INFO  server.RaftServerConfigKeys (ConfUtils.java:logGet(43)) - raft.server.rpc.timeout.min = 5s (custom)
2019-09-12 10:16:55,074 [pool-49-thread-1] INFO  server.RaftServerConfigKeys (ConfUtils.java:logGet(43)) - raft.server.rpc.timeout.max = 5200ms (custom)
2019-09-12 10:16:55,075 [pool-49-thread-1] INFO  server.RaftServerConfigKeys (ConfUtils.java:logGet(43)) - raft.server.rpcslowness.timeout = 10s (custom)
2019-09-12 10:16:55,075 [pool-49-thread-1] INFO  server.RaftServerConfigKeys (ConfUtils.java:logGet(43)) - raft.server.sleep.deviation.threshold = 300 (default)
2019-09-12 10:16:55,075 [pool-49-thread-1] INFO  server.RaftServerConfigKeys (ConfUtils.java:logGet(43)) - raft.server.log.appender.install.snapshot.enabled = false (custom)
2019-09-12 10:16:55,075 [pool-49-thread-1] INFO  impl.RaftServerImpl (ServerState.java:<init>(105)) - 2ccaf34f-8eeb-4cb8-b9bf-ec796d9a8e8c:group-8F5818C93268 ConfigurationManager, init=-1: [2ccaf34f-8eeb-4cb8-b9bf-ec796d9a8e8c:192.168.157.195:42859], old=null, confs=<EMPTY_MAP>
2019-09-12 10:16:55,076 [pool-49-thread-1] INFO  server.RaftServerConfigKeys (ConfUtils.java:logGet(43)) - raft.server.storage.dir = [/workdir/hadoop-ozone/integration-test/target/test-dir/MiniOzoneClusterImpl-07260cbc-78d8-43ad-9b31-a55aa369dc3b/datanode-2/data/ratis] (custom)
2019-09-12 10:16:55,076 [pool-49-thread-1] INFO  storage.RaftStorageDirectory (RaftStorageDirectory.java:analyzeStorage(246)) - The storage directory /workdir/hadoop-ozone/integration-test/target/test-dir/MiniOzoneClusterImpl-07260cbc-78d8-43ad-9b31-a55aa369dc3b/datanode-2/data/ratis/482fe7d5-bf00-47b6-9288-8f5818c93268 does not exist. Creating ...
2019-09-12 10:16:55,090 [pool-49-thread-1] INFO  storage.RaftStorageDirectory (RaftStorageDirectory.java:tryLock(328)) - Lock on /workdir/hadoop-ozone/integration-test/target/test-dir/MiniOzoneClusterImpl-07260cbc-78d8-43ad-9b31-a55aa369dc3b/datanode-2/data/ratis/482fe7d5-bf00-47b6-9288-8f5818c93268/in_use.lock acquired by nodename 4851@pr-hdds-1569-xtfnx-3545843844
2019-09-12 10:16:55,103 [pool-49-thread-1] INFO  storage.RaftStorage (RaftStorage.java:format(72)) - Storage directory /workdir/hadoop-ozone/integration-test/target/test-dir/MiniOzoneClusterImpl-07260cbc-78d8-43ad-9b31-a55aa369dc3b/datanode-2/data/ratis/482fe7d5-bf00-47b6-9288-8f5818c93268 has been successfully formatted.
2019-09-12 10:16:55,103 [pool-49-thread-1] INFO  ratis.ContainerStateMachine (ContainerStateMachine.java:loadSnapshot(226)) - group-8F5818C93268: The snapshot info is null. Setting the last applied indexto:(t:0, i:~)
2019-09-12 10:16:55,103 [pool-49-thread-1] INFO  server.RaftServerConfigKeys (ConfUtils.java:logGet(43)) - raft.server.leader.election.timeout = 10s (custom)
2019-09-12 10:16:55,104 [pool-49-thread-1] INFO  server.RaftServerConfigKeys (ConfUtils.java:logGet(43)) - raft.server.log.use.memory = false (default)
2019-09-12 10:16:55,104 [pool-49-thread-1] INFO  server.RaftServerConfigKeys (ConfUtils.java:logGet(43)) - raft.server.log.purge.gap = 1000000 (custom)
2019-09-12 10:16:55,104 [pool-49-thread-1] INFO  server.RaftServerConfigKeys (ConfUtils.java:logGet(43)) - raft.server.log.appender.buffer.byte-limit = 33554432 (custom)
2019-09-12 10:16:55,104 [pool-49-thread-1] INFO  server.RaftServerConfigKeys (ConfUtils.java:logGet(43)) - raft.server.log.segment.size.max = 1048576 (custom)
2019-09-12 10:16:55,104 [pool-49-thread-1] INFO  server.RaftServerConfigKeys (ConfUtils.java:logGet(43)) - raft.server.log.segment.cache.num.max = 2 (custom)
2019-09-12 10:16:55,104 [pool-49-thread-1] INFO  segmented.SegmentedRaftLogWorker (SegmentedRaftLogWorker.java:<init>(172)) - new 2ccaf34f-8eeb-4cb8-b9bf-ec796d9a8e8c-SegmentedRaftLogWorker:Storage Directory /workdir/hadoop-ozone/integration-test/target/test-dir/MiniOzoneClusterImpl-07260cbc-78d8-43ad-9b31-a55aa369dc3b/datanode-2/data/ratis/482fe7d5-bf00-47b6-9288-8f5818c93268 for RaftStorage:Storage Directory /workdir/hadoop-ozone/integration-test/target/test-dir/MiniOzoneClusterImpl-07260cbc-78d8-43ad-9b31-a55aa369dc3b/datanode-2/data/ratis/482fe7d5-bf00-47b6-9288-8f5818c93268
2019-09-12 10:16:55,105 [pool-49-thread-1] INFO  server.RaftServerConfigKeys (ConfUtils.java:logGet(43)) - raft.server.log.queue.byte-limit = 2147483647 (custom)
2019-09-12 10:16:55,105 [pool-49-thread-1] INFO  server.RaftServerConfigKeys (ConfUtils.java:logGet(43)) - raft.server.log.queue.element-limit = 1024 (custom)
2019-09-12 10:16:55,105 [pool-49-thread-1] INFO  server.RaftServerConfigKeys (ConfUtils.java:logGet(43)) - raft.server.log.segment.size.max = 1048576 (custom)
2019-09-12 10:16:55,105 [pool-49-thread-1] INFO  server.RaftServerConfigKeys (ConfUtils.java:logGet(43)) - raft.server.log.preallocated.size = 16384 (custom)
2019-09-12 10:16:55,105 [pool-49-thread-1] INFO  server.RaftServerConfigKeys (ConfUtils.java:logGet(43)) - raft.server.log.write.buffer.size = 33554432 (custom)
2019-09-12 10:16:55,105 [pool-49-thread-1] INFO  server.RaftServerConfigKeys (ConfUtils.java:logGet(43)) - raft.server.log.force.sync.num = 128 (default)
2019-09-12 10:16:55,106 [pool-49-thread-1] INFO  server.RaftServerConfigKeys (ConfUtils.java:logGet(43)) - raft.server.log.statemachine.data.sync = true (default)
2019-09-12 10:16:55,106 [pool-49-thread-1] INFO  server.RaftServerConfigKeys (ConfUtils.java:logGet(43)) - raft.server.log.statemachine.data.sync.timeout = 10s (default)
2019-09-12 10:16:55,106 [pool-49-thread-1] INFO  server.RaftServerConfigKeys (ConfUtils.java:logGet(43)) - raft.server.log.statemachine.data.sync.timeout.retry = -1 (default)
2019-09-12 10:16:55,106 [pool-49-thread-1] INFO  server.RaftServerConfigKeys (ConfUtils.java:logGet(43)) - raft.server.log.statemachine.data.caching.enabled = true (custom)
2019-09-12 10:16:55,107 [pool-49-thread-1] INFO  segmented.SegmentedRaftLogWorker (SegmentedRaftLogWorker.java:lambda$new$0(132)) - 2ccaf34f-8eeb-4cb8-b9bf-ec796d9a8e8c-SegmentedRaftLogWorker:Storage Directory /workdir/hadoop-ozone/integration-test/target/test-dir/MiniOzoneClusterImpl-07260cbc-78d8-43ad-9b31-a55aa369dc3b/datanode-2/data/ratis/482fe7d5-bf00-47b6-9288-8f5818c93268: flushIndex: setUnconditionally 0 -> -1
2019-09-12 10:16:55,107 [pool-49-thread-1] INFO  server.RaftServerConfigKeys (ConfUtils.java:logGet(43)) - raft.server.snapshot.auto.trigger.enabled = true (custom)
2019-09-12 10:16:55,107 [pool-49-thread-1] INFO  server.RaftServerConfigKeys (ConfUtils.java:logGet(43)) - raft.server.snapshot.auto.trigger.threshold = 10000 (custom)
2019-09-12 10:16:55,107 [pool-49-thread-1] INFO  server.RaftServerConfigKeys (ConfUtils.java:logGet(43)) - raft.server.retrycache.expirytime = 600000ms (custom)
2019-09-12 10:16:55,108 [pool-49-thread-1] INFO  impl.RaftServerImpl (RaftServerImpl.java:start(180)) - 2ccaf34f-8eeb-4cb8-b9bf-ec796d9a8e8c: start group-8F5818C93268
2019-09-12 10:16:55,108 [pool-49-thread-1] INFO  impl.RaftServerImpl (RaftServerImpl.java:setRole(171)) - 2ccaf34f-8eeb-4cb8-b9bf-ec796d9a8e8c:group-8F5818C93268 changes role from null to FOLLOWER at term 0 for startAsFollower
2019-09-12 10:16:55,108 [pool-49-thread-1] INFO  impl.RoleInfo (RoleInfo.java:updateAndGet(143)) - 2ccaf34f-8eeb-4cb8-b9bf-ec796d9a8e8c: start FollowerState
2019-09-12 10:16:55,108 [pool-49-thread-1] INFO  util.JmxRegister (JmxRegister.java:tryRegister(44)) - Successfully registered JMX Bean with object name Ratis:service=RaftServer,group=group-8F5818C93268,id=2ccaf34f-8eeb-4cb8-b9bf-ec796d9a8e8c
2019-09-12 10:16:55,115 [RatisPipelineUtilsThread] INFO  pipeline.PipelineStateManager (PipelineStateManager.java:addPipeline(56)) - Created pipeline Pipeline[ Id: 482fe7d5-bf00-47b6-9288-8f5818c93268, Nodes: 2ccaf34f-8eeb-4cb8-b9bf-ec796d9a8e8c{ip: 192.168.157.195, host: pr-hdds-1569-xtfnx-3545843844, networkLocation: /default-rack, certSerialId: null}, Type:RATIS, Factor:ONE, State:OPEN]
2019-09-12 10:16:55,117 [RatisPipelineUtilsThread] ERROR pipeline.PipelinePlacementPolicy (PipelinePlacementPolicy.java:meetCriteria(91)) - Pipeline Placement: Doesn't meet the criteria to be viable node. Heaviness: 6
2019-09-12 10:16:55,118 [RatisPipelineUtilsThread] ERROR pipeline.PipelinePlacementPolicy (PipelinePlacementPolicy.java:meetCriteria(91)) - Pipeline Placement: Doesn't meet the criteria to be viable node. Heaviness: 6
2019-09-12 10:16:55,118 [RatisPipelineUtilsThread] ERROR pipeline.PipelinePlacementPolicy (PipelinePlacementPolicy.java:meetCriteria(91)) - Pipeline Placement: Doesn't meet the criteria to be viable node. Heaviness: 6
2019-09-12 10:16:55,118 [RatisPipelineUtilsThread] ERROR pipeline.PipelinePlacementPolicy (PipelinePlacementPolicy.java:meetCriteria(91)) - Pipeline Placement: Doesn't meet the criteria to be viable node. Heaviness: 6
2019-09-12 10:16:55,130 [grpc-default-executor-1] INFO  impl.RaftServerProxy (RaftServerProxy.java:addNew(89)) - 29b8f213-10fb-4d36-bbf5-ca2aa222f4ad: addNew group-F65470799111:[29b8f213-10fb-4d36-bbf5-ca2aa222f4ad:192.168.157.195:38559] returns group-F65470799111:java.util.concurrent.CompletableFuture@722185db[Not completed]
2019-09-12 10:16:55,132 [pool-60-thread-1] INFO  impl.RaftServerImpl (RaftServerImpl.java:<init>(93)) - 29b8f213-10fb-4d36-bbf5-ca2aa222f4ad: new RaftServerImpl for group-F65470799111:[29b8f213-10fb-4d36-bbf5-ca2aa222f4ad:192.168.157.195:38559] with ContainerStateMachine:uninitialized
2019-09-12 10:16:55,132 [pool-60-thread-1] INFO  server.RaftServerConfigKeys (ConfUtils.java:logGet(43)) - raft.server.rpc.timeout.min = 5s (custom)
2019-09-12 10:16:55,132 [pool-60-thread-1] INFO  server.RaftServerConfigKeys (ConfUtils.java:logGet(43)) - raft.server.rpc.timeout.max = 5200ms (custom)
2019-09-12 10:16:55,132 [pool-60-thread-1] INFO  server.RaftServerConfigKeys (ConfUtils.java:logGet(43)) - raft.server.rpcslowness.timeout = 10s (custom)
2019-09-12 10:16:55,133 [pool-60-thread-1] INFO  server.RaftServerConfigKeys (ConfUtils.java:logGet(43)) - raft.server.sleep.deviation.threshold = 300 (default)
2019-09-12 10:16:55,133 [pool-60-thread-1] INFO  server.RaftServerConfigKeys (ConfUtils.java:logGet(43)) - raft.server.log.appender.install.snapshot.enabled = false (custom)
2019-09-12 10:16:55,133 [pool-60-thread-1] INFO  impl.RaftServerImpl (ServerState.java:<init>(105)) - 29b8f213-10fb-4d36-bbf5-ca2aa222f4ad:group-F65470799111 ConfigurationManager, init=-1: [29b8f213-10fb-4d36-bbf5-ca2aa222f4ad:192.168.157.195:38559], old=null, confs=<EMPTY_MAP>
2019-09-12 10:16:55,133 [pool-60-thread-1] INFO  server.RaftServerConfigKeys (ConfUtils.java:logGet(43)) - raft.server.storage.dir = [/workdir/hadoop-ozone/integration-test/target/test-dir/MiniOzoneClusterImpl-07260cbc-78d8-43ad-9b31-a55aa369dc3b/datanode-3/data/ratis] (custom)
2019-09-12 10:16:55,134 [pool-60-thread-1] INFO  storage.RaftStorageDirectory (RaftStorageDirectory.java:analyzeStorage(246)) - The storage directory /workdir/hadoop-ozone/integration-test/target/test-dir/MiniOzoneClusterImpl-07260cbc-78d8-43ad-9b31-a55aa369dc3b/datanode-3/data/ratis/6be6fcfe-b5c5-43ac-9eef-f65470799111 does not exist. Creating ...
2019-09-12 10:16:55,157 [pool-60-thread-1] INFO  storage.RaftStorageDirectory (RaftStorageDirectory.java:tryLock(328)) - Lock on /workdir/hadoop-ozone/integration-test/target/test-dir/MiniOzoneClusterImpl-07260cbc-78d8-43ad-9b31-a55aa369dc3b/datanode-3/data/ratis/6be6fcfe-b5c5-43ac-9eef-f65470799111/in_use.lock acquired by nodename 4851@pr-hdds-1569-xtfnx-3545843844
2019-09-12 10:16:55,180 [pool-60-thread-1] INFO  storage.RaftStorage (RaftStorage.java:format(72)) - Storage directory /workdir/hadoop-ozone/integration-test/target/test-dir/MiniOzoneClusterImpl-07260cbc-78d8-43ad-9b31-a55aa369dc3b/datanode-3/data/ratis/6be6fcfe-b5c5-43ac-9eef-f65470799111 has been successfully formatted.
2019-09-12 10:16:55,181 [pool-60-thread-1] INFO  ratis.ContainerStateMachine (ContainerStateMachine.java:loadSnapshot(226)) - group-F65470799111: The snapshot info is null. Setting the last applied indexto:(t:0, i:~)
2019-09-12 10:16:55,181 [pool-60-thread-1] INFO  server.RaftServerConfigKeys (ConfUtils.java:logGet(43)) - raft.server.leader.election.timeout = 10s (custom)
2019-09-12 10:16:55,181 [pool-60-thread-1] INFO  server.RaftServerConfigKeys (ConfUtils.java:logGet(43)) - raft.server.log.use.memory = false (default)
2019-09-12 10:16:55,181 [pool-60-thread-1] INFO  server.RaftServerConfigKeys (ConfUtils.java:logGet(43)) - raft.server.log.purge.gap = 1000000 (custom)
2019-09-12 10:16:55,181 [pool-60-thread-1] INFO  server.RaftServerConfigKeys (ConfUtils.java:logGet(43)) - raft.server.log.appender.buffer.byte-limit = 33554432 (custom)
2019-09-12 10:16:55,181 [pool-60-thread-1] INFO  server.RaftServerConfigKeys (ConfUtils.java:logGet(43)) - raft.server.log.segment.size.max = 1048576 (custom)
2019-09-12 10:16:55,182 [pool-60-thread-1] INFO  server.RaftServerConfigKeys (ConfUtils.java:logGet(43)) - raft.server.log.segment.cache.num.max = 2 (custom)
2019-09-12 10:16:55,182 [pool-60-thread-1] INFO  segmented.SegmentedRaftLogWorker (SegmentedRaftLogWorker.java:<init>(172)) - new 29b8f213-10fb-4d36-bbf5-ca2aa222f4ad-SegmentedRaftLogWorker:Storage Directory /workdir/hadoop-ozone/integration-test/target/test-dir/MiniOzoneClusterImpl-07260cbc-78d8-43ad-9b31-a55aa369dc3b/datanode-3/data/ratis/6be6fcfe-b5c5-43ac-9eef-f65470799111 for RaftStorage:Storage Directory /workdir/hadoop-ozone/integration-test/target/test-dir/MiniOzoneClusterImpl-07260cbc-78d8-43ad-9b31-a55aa369dc3b/datanode-3/data/ratis/6be6fcfe-b5c5-43ac-9eef-f65470799111
2019-09-12 10:16:55,182 [pool-60-thread-1] INFO  server.RaftServerConfigKeys (ConfUtils.java:logGet(43)) - raft.server.log.queue.byte-limit = 2147483647 (custom)
2019-09-12 10:16:55,182 [pool-60-thread-1] INFO  server.RaftServerConfigKeys (ConfUtils.java:logGet(43)) - raft.server.log.queue.element-limit = 1024 (custom)
2019-09-12 10:16:55,182 [pool-60-thread-1] INFO  server.RaftServerConfigKeys (ConfUtils.java:logGet(43)) - raft.server.log.segment.size.max = 1048576 (custom)
2019-09-12 10:16:55,182 [pool-60-thread-1] INFO  server.RaftServerConfigKeys (ConfUtils.java:logGet(43)) - raft.server.log.preallocated.size = 16384 (custom)
2019-09-12 10:16:55,183 [pool-60-thread-1] INFO  server.RaftServerConfigKeys (ConfUtils.java:logGet(43)) - raft.server.log.write.buffer.size = 33554432 (custom)
2019-09-12 10:16:55,183 [pool-60-thread-1] INFO  server.RaftServerConfigKeys (ConfUtils.java:logGet(43)) - raft.server.log.force.sync.num = 128 (default)
2019-09-12 10:16:55,183 [pool-60-thread-1] INFO  server.RaftServerConfigKeys (ConfUtils.java:logGet(43)) - raft.server.log.statemachine.data.sync = true (default)
2019-09-12 10:16:55,183 [pool-60-thread-1] INFO  server.RaftServerConfigKeys (ConfUtils.java:logGet(43)) - raft.server.log.statemachine.data.sync.timeout = 10s (default)
2019-09-12 10:16:55,183 [pool-60-thread-1] INFO  server.RaftServerConfigKeys (ConfUtils.java:logGet(43)) - raft.server.log.statemachine.data.sync.timeout.retry = -1 (default)
2019-09-12 10:16:55,183 [pool-60-thread-1] INFO  server.RaftServerConfigKeys (ConfUtils.java:logGet(43)) - raft.server.log.statemachine.data.caching.enabled = true (custom)
2019-09-12 10:16:55,184 [pool-60-thread-1] INFO  segmented.SegmentedRaftLogWorker (SegmentedRaftLogWorker.java:lambda$new$0(132)) - 29b8f213-10fb-4d36-bbf5-ca2aa222f4ad-SegmentedRaftLogWorker:Storage Directory /workdir/hadoop-ozone/integration-test/target/test-dir/MiniOzoneClusterImpl-07260cbc-78d8-43ad-9b31-a55aa369dc3b/datanode-3/data/ratis/6be6fcfe-b5c5-43ac-9eef-f65470799111: flushIndex: setUnconditionally 0 -> -1
2019-09-12 10:16:55,184 [pool-60-thread-1] INFO  server.RaftServerConfigKeys (ConfUtils.java:logGet(43)) - raft.server.snapshot.auto.trigger.enabled = true (custom)
2019-09-12 10:16:55,184 [pool-60-thread-1] INFO  server.RaftServerConfigKeys (ConfUtils.java:logGet(43)) - raft.server.snapshot.auto.trigger.threshold = 10000 (custom)
2019-09-12 10:16:55,185 [pool-60-thread-1] INFO  server.RaftServerConfigKeys (ConfUtils.java:logGet(43)) - raft.server.retrycache.expirytime = 600000ms (custom)
2019-09-12 10:16:55,185 [pool-60-thread-1] INFO  impl.RaftServerImpl (RaftServerImpl.java:start(180)) - 29b8f213-10fb-4d36-bbf5-ca2aa222f4ad: start group-F65470799111
2019-09-12 10:16:55,185 [pool-60-thread-1] INFO  impl.RaftServerImpl (RaftServerImpl.java:setRole(171)) - 29b8f213-10fb-4d36-bbf5-ca2aa222f4ad:group-F65470799111 changes role from null to FOLLOWER at term 0 for startAsFollower
2019-09-12 10:16:55,185 [pool-60-thread-1] INFO  impl.RoleInfo (RoleInfo.java:updateAndGet(143)) - 29b8f213-10fb-4d36-bbf5-ca2aa222f4ad: start FollowerState
2019-09-12 10:16:55,186 [pool-60-thread-1] INFO  util.JmxRegister (JmxRegister.java:tryRegister(44)) - Successfully registered JMX Bean with object name Ratis:service=RaftServer,group=group-F65470799111,id=29b8f213-10fb-4d36-bbf5-ca2aa222f4ad
2019-09-12 10:16:55,192 [RatisPipelineUtilsThread] INFO  pipeline.PipelineStateManager (PipelineStateManager.java:addPipeline(56)) - Created pipeline Pipeline[ Id: 6be6fcfe-b5c5-43ac-9eef-f65470799111, Nodes: 29b8f213-10fb-4d36-bbf5-ca2aa222f4ad{ip: 192.168.157.195, host: pr-hdds-1569-xtfnx-3545843844, networkLocation: /default-rack, certSerialId: null}, Type:RATIS, Factor:ONE, State:OPEN]
2019-09-12 10:16:55,195 [RatisPipelineUtilsThread] ERROR pipeline.PipelinePlacementPolicy (PipelinePlacementPolicy.java:meetCriteria(91)) - Pipeline Placement: Doesn't meet the criteria to be viable node. Heaviness: 6
2019-09-12 10:16:55,195 [RatisPipelineUtilsThread] ERROR pipeline.PipelinePlacementPolicy (PipelinePlacementPolicy.java:meetCriteria(91)) - Pipeline Placement: Doesn't meet the criteria to be viable node. Heaviness: 6
2019-09-12 10:16:55,195 [RatisPipelineUtilsThread] ERROR pipeline.PipelinePlacementPolicy (PipelinePlacementPolicy.java:meetCriteria(91)) - Pipeline Placement: Doesn't meet the criteria to be viable node. Heaviness: 6
2019-09-12 10:16:55,195 [RatisPipelineUtilsThread] ERROR pipeline.PipelinePlacementPolicy (PipelinePlacementPolicy.java:meetCriteria(91)) - Pipeline Placement: Doesn't meet the criteria to be viable node. Heaviness: 6
2019-09-12 10:16:55,206 [grpc-default-executor-1] INFO  impl.RaftServerProxy (RaftServerProxy.java:addNew(89)) - 29b8f213-10fb-4d36-bbf5-ca2aa222f4ad: addNew group-C6908A49D5F0:[29b8f213-10fb-4d36-bbf5-ca2aa222f4ad:192.168.157.195:38559] returns group-C6908A49D5F0:java.util.concurrent.CompletableFuture@217bdc7a[Not completed]
2019-09-12 10:16:55,207 [pool-60-thread-1] INFO  impl.RaftServerImpl (RaftServerImpl.java:<init>(93)) - 29b8f213-10fb-4d36-bbf5-ca2aa222f4ad: new RaftServerImpl for group-C6908A49D5F0:[29b8f213-10fb-4d36-bbf5-ca2aa222f4ad:192.168.157.195:38559] with ContainerStateMachine:uninitialized
2019-09-12 10:16:55,207 [pool-60-thread-1] INFO  server.RaftServerConfigKeys (ConfUtils.java:logGet(43)) - raft.server.rpc.timeout.min = 5s (custom)
2019-09-12 10:16:55,208 [pool-60-thread-1] INFO  server.RaftServerConfigKeys (ConfUtils.java:logGet(43)) - raft.server.rpc.timeout.max = 5200ms (custom)
2019-09-12 10:16:55,208 [pool-60-thread-1] INFO  server.RaftServerConfigKeys (ConfUtils.java:logGet(43)) - raft.server.rpcslowness.timeout = 10s (custom)
2019-09-12 10:16:55,208 [pool-60-thread-1] INFO  server.RaftServerConfigKeys (ConfUtils.java:logGet(43)) - raft.server.sleep.deviation.threshold = 300 (default)
2019-09-12 10:16:55,208 [pool-60-thread-1] INFO  server.RaftServerConfigKeys (ConfUtils.java:logGet(43)) - raft.server.log.appender.install.snapshot.enabled = false (custom)
2019-09-12 10:16:55,208 [pool-60-thread-1] INFO  impl.RaftServerImpl (ServerState.java:<init>(105)) - 29b8f213-10fb-4d36-bbf5-ca2aa222f4ad:group-C6908A49D5F0 ConfigurationManager, init=-1: [29b8f213-10fb-4d36-bbf5-ca2aa222f4ad:192.168.157.195:38559], old=null, confs=<EMPTY_MAP>
2019-09-12 10:16:55,208 [pool-60-thread-1] INFO  server.RaftServerConfigKeys (ConfUtils.java:logGet(43)) - raft.server.storage.dir = [/workdir/hadoop-ozone/integration-test/target/test-dir/MiniOzoneClusterImpl-07260cbc-78d8-43ad-9b31-a55aa369dc3b/datanode-3/data/ratis] (custom)
2019-09-12 10:16:55,209 [pool-60-thread-1] INFO  storage.RaftStorageDirectory (RaftStorageDirectory.java:analyzeStorage(246)) - The storage directory /workdir/hadoop-ozone/integration-test/target/test-dir/MiniOzoneClusterImpl-07260cbc-78d8-43ad-9b31-a55aa369dc3b/datanode-3/data/ratis/573e5cb5-9742-4901-87d4-c6908a49d5f0 does not exist. Creating ...
2019-09-12 10:16:55,214 | INFO  | SCMAudit | user=jenkins1000 | ip=192.168.157.195 | op=SEND_HEARTBEAT {datanodeUUID=2ccaf34f-8eeb-4cb8-b9bf-ec796d9a8e8c, command=[]} | ret=SUCCESS |  
2019-09-12 10:16:55,232 [pool-60-thread-1] INFO  storage.RaftStorageDirectory (RaftStorageDirectory.java:tryLock(328)) - Lock on /workdir/hadoop-ozone/integration-test/target/test-dir/MiniOzoneClusterImpl-07260cbc-78d8-43ad-9b31-a55aa369dc3b/datanode-3/data/ratis/573e5cb5-9742-4901-87d4-c6908a49d5f0/in_use.lock acquired by nodename 4851@pr-hdds-1569-xtfnx-3545843844
2019-09-12 10:16:55,250 [pool-60-thread-1] INFO  storage.RaftStorage (RaftStorage.java:format(72)) - Storage directory /workdir/hadoop-ozone/integration-test/target/test-dir/MiniOzoneClusterImpl-07260cbc-78d8-43ad-9b31-a55aa369dc3b/datanode-3/data/ratis/573e5cb5-9742-4901-87d4-c6908a49d5f0 has been successfully formatted.
2019-09-12 10:16:55,250 [pool-60-thread-1] INFO  ratis.ContainerStateMachine (ContainerStateMachine.java:loadSnapshot(226)) - group-C6908A49D5F0: The snapshot info is null. Setting the last applied indexto:(t:0, i:~)
2019-09-12 10:16:55,250 [pool-60-thread-1] INFO  server.RaftServerConfigKeys (ConfUtils.java:logGet(43)) - raft.server.leader.election.timeout = 10s (custom)
2019-09-12 10:16:55,251 [pool-60-thread-1] INFO  server.RaftServerConfigKeys (ConfUtils.java:logGet(43)) - raft.server.log.use.memory = false (default)
2019-09-12 10:16:55,251 [pool-60-thread-1] INFO  server.RaftServerConfigKeys (ConfUtils.java:logGet(43)) - raft.server.log.purge.gap = 1000000 (custom)
2019-09-12 10:16:55,251 [pool-60-thread-1] INFO  server.RaftServerConfigKeys (ConfUtils.java:logGet(43)) - raft.server.log.appender.buffer.byte-limit = 33554432 (custom)
2019-09-12 10:16:55,251 [pool-60-thread-1] INFO  server.RaftServerConfigKeys (ConfUtils.java:logGet(43)) - raft.server.log.segment.size.max = 1048576 (custom)
2019-09-12 10:16:55,251 [pool-60-thread-1] INFO  server.RaftServerConfigKeys (ConfUtils.java:logGet(43)) - raft.server.log.segment.cache.num.max = 2 (custom)
2019-09-12 10:16:55,252 [pool-60-thread-1] INFO  segmented.SegmentedRaftLogWorker (SegmentedRaftLogWorker.java:<init>(172)) - new 29b8f213-10fb-4d36-bbf5-ca2aa222f4ad-SegmentedRaftLogWorker:Storage Directory /workdir/hadoop-ozone/integration-test/target/test-dir/MiniOzoneClusterImpl-07260cbc-78d8-43ad-9b31-a55aa369dc3b/datanode-3/data/ratis/573e5cb5-9742-4901-87d4-c6908a49d5f0 for RaftStorage:Storage Directory /workdir/hadoop-ozone/integration-test/target/test-dir/MiniOzoneClusterImpl-07260cbc-78d8-43ad-9b31-a55aa369dc3b/datanode-3/data/ratis/573e5cb5-9742-4901-87d4-c6908a49d5f0
2019-09-12 10:16:55,252 [pool-60-thread-1] INFO  server.RaftServerConfigKeys (ConfUtils.java:logGet(43)) - raft.server.log.queue.byte-limit = 2147483647 (custom)
2019-09-12 10:16:55,252 [pool-60-thread-1] INFO  server.RaftServerConfigKeys (ConfUtils.java:logGet(43)) - raft.server.log.queue.element-limit = 1024 (custom)
2019-09-12 10:16:55,252 [pool-60-thread-1] INFO  server.RaftServerConfigKeys (ConfUtils.java:logGet(43)) - raft.server.log.segment.size.max = 1048576 (custom)
2019-09-12 10:16:55,252 [pool-60-thread-1] INFO  server.RaftServerConfigKeys (ConfUtils.java:logGet(43)) - raft.server.log.preallocated.size = 16384 (custom)
2019-09-12 10:16:55,252 [pool-60-thread-1] INFO  server.RaftServerConfigKeys (ConfUtils.java:logGet(43)) - raft.server.log.write.buffer.size = 33554432 (custom)
2019-09-12 10:16:55,252 [pool-60-thread-1] INFO  server.RaftServerConfigKeys (ConfUtils.java:logGet(43)) - raft.server.log.force.sync.num = 128 (default)
2019-09-12 10:16:55,253 [pool-60-thread-1] INFO  server.RaftServerConfigKeys (ConfUtils.java:logGet(43)) - raft.server.log.statemachine.data.sync = true (default)
2019-09-12 10:16:55,253 [pool-60-thread-1] INFO  server.RaftServerConfigKeys (ConfUtils.java:logGet(43)) - raft.server.log.statemachine.data.sync.timeout = 10s (default)
2019-09-12 10:16:55,253 [pool-60-thread-1] INFO  server.RaftServerConfigKeys (ConfUtils.java:logGet(43)) - raft.server.log.statemachine.data.sync.timeout.retry = -1 (default)
2019-09-12 10:16:55,253 [pool-60-thread-1] INFO  server.RaftServerConfigKeys (ConfUtils.java:logGet(43)) - raft.server.log.statemachine.data.caching.enabled = true (custom)
2019-09-12 10:16:55,254 [pool-60-thread-1] INFO  segmented.SegmentedRaftLogWorker (SegmentedRaftLogWorker.java:lambda$new$0(132)) - 29b8f213-10fb-4d36-bbf5-ca2aa222f4ad-SegmentedRaftLogWorker:Storage Directory /workdir/hadoop-ozone/integration-test/target/test-dir/MiniOzoneClusterImpl-07260cbc-78d8-43ad-9b31-a55aa369dc3b/datanode-3/data/ratis/573e5cb5-9742-4901-87d4-c6908a49d5f0: flushIndex: setUnconditionally 0 -> -1
2019-09-12 10:16:55,254 [pool-60-thread-1] INFO  server.RaftServerConfigKeys (ConfUtils.java:logGet(43)) - raft.server.snapshot.auto.trigger.enabled = true (custom)
2019-09-12 10:16:55,254 [pool-60-thread-1] INFO  server.RaftServerConfigKeys (ConfUtils.java:logGet(43)) - raft.server.snapshot.auto.trigger.threshold = 10000 (custom)
2019-09-12 10:16:55,254 [pool-60-thread-1] INFO  server.RaftServerConfigKeys (ConfUtils.java:logGet(43)) - raft.server.retrycache.expirytime = 600000ms (custom)
2019-09-12 10:16:55,254 [pool-60-thread-1] INFO  impl.RaftServerImpl (RaftServerImpl.java:start(180)) - 29b8f213-10fb-4d36-bbf5-ca2aa222f4ad: start group-C6908A49D5F0
2019-09-12 10:16:55,255 [pool-60-thread-1] INFO  impl.RaftServerImpl (RaftServerImpl.java:setRole(171)) - 29b8f213-10fb-4d36-bbf5-ca2aa222f4ad:group-C6908A49D5F0 changes role from null to FOLLOWER at term 0 for startAsFollower
2019-09-12 10:16:55,255 [pool-60-thread-1] INFO  impl.RoleInfo (RoleInfo.java:updateAndGet(143)) - 29b8f213-10fb-4d36-bbf5-ca2aa222f4ad: start FollowerState
2019-09-12 10:16:55,255 [pool-60-thread-1] INFO  util.JmxRegister (JmxRegister.java:tryRegister(44)) - Successfully registered JMX Bean with object name Ratis:service=RaftServer,group=group-C6908A49D5F0,id=29b8f213-10fb-4d36-bbf5-ca2aa222f4ad
2019-09-12 10:16:55,261 [RatisPipelineUtilsThread] INFO  pipeline.PipelineStateManager (PipelineStateManager.java:addPipeline(56)) - Created pipeline Pipeline[ Id: 573e5cb5-9742-4901-87d4-c6908a49d5f0, Nodes: 29b8f213-10fb-4d36-bbf5-ca2aa222f4ad{ip: 192.168.157.195, host: pr-hdds-1569-xtfnx-3545843844, networkLocation: /default-rack, certSerialId: null}, Type:RATIS, Factor:ONE, State:OPEN]
2019-09-12 10:16:55,263 [RatisPipelineUtilsThread] ERROR pipeline.PipelinePlacementPolicy (PipelinePlacementPolicy.java:meetCriteria(91)) - Pipeline Placement: Doesn't meet the criteria to be viable node. Heaviness: 6
2019-09-12 10:16:55,263 [RatisPipelineUtilsThread] ERROR pipeline.PipelinePlacementPolicy (PipelinePlacementPolicy.java:meetCriteria(91)) - Pipeline Placement: Doesn't meet the criteria to be viable node. Heaviness: 6
2019-09-12 10:16:55,263 [RatisPipelineUtilsThread] ERROR pipeline.PipelinePlacementPolicy (PipelinePlacementPolicy.java:meetCriteria(91)) - Pipeline Placement: Doesn't meet the criteria to be viable node. Heaviness: 6
2019-09-12 10:16:55,264 [RatisPipelineUtilsThread] ERROR pipeline.PipelinePlacementPolicy (PipelinePlacementPolicy.java:meetCriteria(91)) - Pipeline Placement: Doesn't meet the criteria to be viable node. Heaviness: 6
2019-09-12 10:16:55,264 [RatisPipelineUtilsThread] ERROR pipeline.PipelinePlacementPolicy (PipelinePlacementPolicy.java:meetCriteria(91)) - Pipeline Placement: Doesn't meet the criteria to be viable node. Heaviness: 6
2019-09-12 10:16:55,276 [grpc-default-executor-1] INFO  impl.RaftServerProxy (RaftServerProxy.java:addNew(89)) - 3d50e2f5-3cb6-49ae-98cc-9a6203b61a63: addNew group-DEA9174B45D8:[3d50e2f5-3cb6-49ae-98cc-9a6203b61a63:192.168.157.195:36540] returns group-DEA9174B45D8:java.util.concurrent.CompletableFuture@48af4f37[Not completed]
2019-09-12 10:16:55,282 [pool-82-thread-1] INFO  impl.RaftServerImpl (RaftServerImpl.java:<init>(93)) - 3d50e2f5-3cb6-49ae-98cc-9a6203b61a63: new RaftServerImpl for group-DEA9174B45D8:[3d50e2f5-3cb6-49ae-98cc-9a6203b61a63:192.168.157.195:36540] with ContainerStateMachine:uninitialized
2019-09-12 10:16:55,282 [pool-82-thread-1] INFO  server.RaftServerConfigKeys (ConfUtils.java:logGet(43)) - raft.server.rpc.timeout.min = 5s (custom)
2019-09-12 10:16:55,282 [pool-82-thread-1] INFO  server.RaftServerConfigKeys (ConfUtils.java:logGet(43)) - raft.server.rpc.timeout.max = 5200ms (custom)
2019-09-12 10:16:55,282 [pool-82-thread-1] INFO  server.RaftServerConfigKeys (ConfUtils.java:logGet(43)) - raft.server.rpcslowness.timeout = 10s (custom)
2019-09-12 10:16:55,283 [pool-82-thread-1] INFO  server.RaftServerConfigKeys (ConfUtils.java:logGet(43)) - raft.server.sleep.deviation.threshold = 300 (default)
2019-09-12 10:16:55,283 [pool-82-thread-1] INFO  server.RaftServerConfigKeys (ConfUtils.java:logGet(43)) - raft.server.log.appender.install.snapshot.enabled = false (custom)
2019-09-12 10:16:55,283 [pool-82-thread-1] INFO  impl.RaftServerImpl (ServerState.java:<init>(105)) - 3d50e2f5-3cb6-49ae-98cc-9a6203b61a63:group-DEA9174B45D8 ConfigurationManager, init=-1: [3d50e2f5-3cb6-49ae-98cc-9a6203b61a63:192.168.157.195:36540], old=null, confs=<EMPTY_MAP>
2019-09-12 10:16:55,283 [pool-82-thread-1] INFO  server.RaftServerConfigKeys (ConfUtils.java:logGet(43)) - raft.server.storage.dir = [/workdir/hadoop-ozone/integration-test/target/test-dir/MiniOzoneClusterImpl-07260cbc-78d8-43ad-9b31-a55aa369dc3b/datanode-5/data/ratis] (custom)
2019-09-12 10:16:55,284 [pool-82-thread-1] INFO  storage.RaftStorageDirectory (RaftStorageDirectory.java:analyzeStorage(246)) - The storage directory /workdir/hadoop-ozone/integration-test/target/test-dir/MiniOzoneClusterImpl-07260cbc-78d8-43ad-9b31-a55aa369dc3b/datanode-5/data/ratis/17332f18-8ff2-4598-bb8a-dea9174b45d8 does not exist. Creating ...
2019-09-12 10:16:55,297 [pool-82-thread-1] INFO  storage.RaftStorageDirectory (RaftStorageDirectory.java:tryLock(328)) - Lock on /workdir/hadoop-ozone/integration-test/target/test-dir/MiniOzoneClusterImpl-07260cbc-78d8-43ad-9b31-a55aa369dc3b/datanode-5/data/ratis/17332f18-8ff2-4598-bb8a-dea9174b45d8/in_use.lock acquired by nodename 4851@pr-hdds-1569-xtfnx-3545843844
2019-09-12 10:16:55,310 [pool-82-thread-1] INFO  storage.RaftStorage (RaftStorage.java:format(72)) - Storage directory /workdir/hadoop-ozone/integration-test/target/test-dir/MiniOzoneClusterImpl-07260cbc-78d8-43ad-9b31-a55aa369dc3b/datanode-5/data/ratis/17332f18-8ff2-4598-bb8a-dea9174b45d8 has been successfully formatted.
2019-09-12 10:16:55,310 [pool-82-thread-1] INFO  ratis.ContainerStateMachine (ContainerStateMachine.java:loadSnapshot(226)) - group-DEA9174B45D8: The snapshot info is null. Setting the last applied indexto:(t:0, i:~)
2019-09-12 10:16:55,310 [pool-82-thread-1] INFO  server.RaftServerConfigKeys (ConfUtils.java:logGet(43)) - raft.server.leader.election.timeout = 10s (custom)
2019-09-12 10:16:55,311 [pool-82-thread-1] INFO  server.RaftServerConfigKeys (ConfUtils.java:logGet(43)) - raft.server.log.use.memory = false (default)
2019-09-12 10:16:55,311 [pool-82-thread-1] INFO  server.RaftServerConfigKeys (ConfUtils.java:logGet(43)) - raft.server.log.purge.gap = 1000000 (custom)
2019-09-12 10:16:55,311 [pool-82-thread-1] INFO  server.RaftServerConfigKeys (ConfUtils.java:logGet(43)) - raft.server.log.appender.buffer.byte-limit = 33554432 (custom)
2019-09-12 10:16:55,311 [pool-82-thread-1] INFO  server.RaftServerConfigKeys (ConfUtils.java:logGet(43)) - raft.server.log.segment.size.max = 1048576 (custom)
2019-09-12 10:16:55,311 [pool-82-thread-1] INFO  server.RaftServerConfigKeys (ConfUtils.java:logGet(43)) - raft.server.log.segment.cache.num.max = 2 (custom)
2019-09-12 10:16:55,312 [pool-82-thread-1] INFO  segmented.SegmentedRaftLogWorker (SegmentedRaftLogWorker.java:<init>(172)) - new 3d50e2f5-3cb6-49ae-98cc-9a6203b61a63-SegmentedRaftLogWorker:Storage Directory /workdir/hadoop-ozone/integration-test/target/test-dir/MiniOzoneClusterImpl-07260cbc-78d8-43ad-9b31-a55aa369dc3b/datanode-5/data/ratis/17332f18-8ff2-4598-bb8a-dea9174b45d8 for RaftStorage:Storage Directory /workdir/hadoop-ozone/integration-test/target/test-dir/MiniOzoneClusterImpl-07260cbc-78d8-43ad-9b31-a55aa369dc3b/datanode-5/data/ratis/17332f18-8ff2-4598-bb8a-dea9174b45d8
2019-09-12 10:16:55,312 [pool-82-thread-1] INFO  server.RaftServerConfigKeys (ConfUtils.java:logGet(43)) - raft.server.log.queue.byte-limit = 2147483647 (custom)
2019-09-12 10:16:55,312 [pool-82-thread-1] INFO  server.RaftServerConfigKeys (ConfUtils.java:logGet(43)) - raft.server.log.queue.element-limit = 1024 (custom)
2019-09-12 10:16:55,312 [pool-82-thread-1] INFO  server.RaftServerConfigKeys (ConfUtils.java:logGet(43)) - raft.server.log.segment.size.max = 1048576 (custom)
2019-09-12 10:16:55,312 [pool-82-thread-1] INFO  server.RaftServerConfigKeys (ConfUtils.java:logGet(43)) - raft.server.log.preallocated.size = 16384 (custom)
2019-09-12 10:16:55,313 [pool-82-thread-1] INFO  server.RaftServerConfigKeys (ConfUtils.java:logGet(43)) - raft.server.log.write.buffer.size = 33554432 (custom)
2019-09-12 10:16:55,313 [pool-82-thread-1] INFO  server.RaftServerConfigKeys (ConfUtils.java:logGet(43)) - raft.server.log.force.sync.num = 128 (default)
2019-09-12 10:16:55,313 [pool-82-thread-1] INFO  server.RaftServerConfigKeys (ConfUtils.java:logGet(43)) - raft.server.log.statemachine.data.sync = true (default)
2019-09-12 10:16:55,313 [pool-82-thread-1] INFO  server.RaftServerConfigKeys (ConfUtils.java:logGet(43)) - raft.server.log.statemachine.data.sync.timeout = 10s (default)
2019-09-12 10:16:55,313 [pool-82-thread-1] INFO  server.RaftServerConfigKeys (ConfUtils.java:logGet(43)) - raft.server.log.statemachine.data.sync.timeout.retry = -1 (default)
2019-09-12 10:16:55,314 [pool-82-thread-1] INFO  server.RaftServerConfigKeys (ConfUtils.java:logGet(43)) - raft.server.log.statemachine.data.caching.enabled = true (custom)
2019-09-12 10:16:55,314 [pool-82-thread-1] INFO  segmented.SegmentedRaftLogWorker (SegmentedRaftLogWorker.java:lambda$new$0(132)) - 3d50e2f5-3cb6-49ae-98cc-9a6203b61a63-SegmentedRaftLogWorker:Storage Directory /workdir/hadoop-ozone/integration-test/target/test-dir/MiniOzoneClusterImpl-07260cbc-78d8-43ad-9b31-a55aa369dc3b/datanode-5/data/ratis/17332f18-8ff2-4598-bb8a-dea9174b45d8: flushIndex: setUnconditionally 0 -> -1
2019-09-12 10:16:55,314 [pool-82-thread-1] INFO  server.RaftServerConfigKeys (ConfUtils.java:logGet(43)) - raft.server.snapshot.auto.trigger.enabled = true (custom)
2019-09-12 10:16:55,315 [pool-82-thread-1] INFO  server.RaftServerConfigKeys (ConfUtils.java:logGet(43)) - raft.server.snapshot.auto.trigger.threshold = 10000 (custom)
2019-09-12 10:16:55,315 [pool-82-thread-1] INFO  server.RaftServerConfigKeys (ConfUtils.java:logGet(43)) - raft.server.retrycache.expirytime = 600000ms (custom)
2019-09-12 10:16:55,315 [pool-82-thread-1] INFO  impl.RaftServerImpl (RaftServerImpl.java:start(180)) - 3d50e2f5-3cb6-49ae-98cc-9a6203b61a63: start group-DEA9174B45D8
2019-09-12 10:16:55,315 [pool-82-thread-1] INFO  impl.RaftServerImpl (RaftServerImpl.java:setRole(171)) - 3d50e2f5-3cb6-49ae-98cc-9a6203b61a63:group-DEA9174B45D8 changes role from null to FOLLOWER at term 0 for startAsFollower
2019-09-12 10:16:55,315 [pool-82-thread-1] INFO  impl.RoleInfo (RoleInfo.java:updateAndGet(143)) - 3d50e2f5-3cb6-49ae-98cc-9a6203b61a63: start FollowerState
2019-09-12 10:16:55,316 [pool-82-thread-1] INFO  util.JmxRegister (JmxRegister.java:tryRegister(44)) - Successfully registered JMX Bean with object name Ratis:service=RaftServer,group=group-DEA9174B45D8,id=3d50e2f5-3cb6-49ae-98cc-9a6203b61a63
2019-09-12 10:16:55,321 [RatisPipelineUtilsThread] INFO  pipeline.PipelineStateManager (PipelineStateManager.java:addPipeline(56)) - Created pipeline Pipeline[ Id: 17332f18-8ff2-4598-bb8a-dea9174b45d8, Nodes: 3d50e2f5-3cb6-49ae-98cc-9a6203b61a63{ip: 192.168.157.195, host: pr-hdds-1569-xtfnx-3545843844, networkLocation: /default-rack, certSerialId: null}, Type:RATIS, Factor:ONE, State:OPEN]
2019-09-12 10:16:55,324 [RatisPipelineUtilsThread] ERROR pipeline.PipelinePlacementPolicy (PipelinePlacementPolicy.java:meetCriteria(91)) - Pipeline Placement: Doesn't meet the criteria to be viable node. Heaviness: 6
2019-09-12 10:16:55,324 [RatisPipelineUtilsThread] ERROR pipeline.PipelinePlacementPolicy (PipelinePlacementPolicy.java:meetCriteria(91)) - Pipeline Placement: Doesn't meet the criteria to be viable node. Heaviness: 6
2019-09-12 10:16:55,324 [RatisPipelineUtilsThread] ERROR pipeline.PipelinePlacementPolicy (PipelinePlacementPolicy.java:meetCriteria(91)) - Pipeline Placement: Doesn't meet the criteria to be viable node. Heaviness: 6
2019-09-12 10:16:55,324 [RatisPipelineUtilsThread] ERROR pipeline.PipelinePlacementPolicy (PipelinePlacementPolicy.java:meetCriteria(91)) - Pipeline Placement: Doesn't meet the criteria to be viable node. Heaviness: 6
2019-09-12 10:16:55,325 [RatisPipelineUtilsThread] ERROR pipeline.PipelinePlacementPolicy (PipelinePlacementPolicy.java:meetCriteria(91)) - Pipeline Placement: Doesn't meet the criteria to be viable node. Heaviness: 6
2019-09-12 10:16:55,335 [grpc-default-executor-1] INFO  impl.RaftServerProxy (RaftServerProxy.java:addNew(89)) - 3d50e2f5-3cb6-49ae-98cc-9a6203b61a63: addNew group-043E025590A1:[3d50e2f5-3cb6-49ae-98cc-9a6203b61a63:192.168.157.195:36540] returns group-043E025590A1:java.util.concurrent.CompletableFuture@58620fdd[Not completed]
2019-09-12 10:16:55,336 [pool-82-thread-1] INFO  impl.RaftServerImpl (RaftServerImpl.java:<init>(93)) - 3d50e2f5-3cb6-49ae-98cc-9a6203b61a63: new RaftServerImpl for group-043E025590A1:[3d50e2f5-3cb6-49ae-98cc-9a6203b61a63:192.168.157.195:36540] with ContainerStateMachine:uninitialized
2019-09-12 10:16:55,337 [pool-82-thread-1] INFO  server.RaftServerConfigKeys (ConfUtils.java:logGet(43)) - raft.server.rpc.timeout.min = 5s (custom)
2019-09-12 10:16:55,337 [pool-82-thread-1] INFO  server.RaftServerConfigKeys (ConfUtils.java:logGet(43)) - raft.server.rpc.timeout.max = 5200ms (custom)
2019-09-12 10:16:55,337 [pool-82-thread-1] INFO  server.RaftServerConfigKeys (ConfUtils.java:logGet(43)) - raft.server.rpcslowness.timeout = 10s (custom)
2019-09-12 10:16:55,337 [pool-82-thread-1] INFO  server.RaftServerConfigKeys (ConfUtils.java:logGet(43)) - raft.server.sleep.deviation.threshold = 300 (default)
2019-09-12 10:16:55,337 [pool-82-thread-1] INFO  server.RaftServerConfigKeys (ConfUtils.java:logGet(43)) - raft.server.log.appender.install.snapshot.enabled = false (custom)
2019-09-12 10:16:55,337 [pool-82-thread-1] INFO  impl.RaftServerImpl (ServerState.java:<init>(105)) - 3d50e2f5-3cb6-49ae-98cc-9a6203b61a63:group-043E025590A1 ConfigurationManager, init=-1: [3d50e2f5-3cb6-49ae-98cc-9a6203b61a63:192.168.157.195:36540], old=null, confs=<EMPTY_MAP>
2019-09-12 10:16:55,338 [pool-82-thread-1] INFO  server.RaftServerConfigKeys (ConfUtils.java:logGet(43)) - raft.server.storage.dir = [/workdir/hadoop-ozone/integration-test/target/test-dir/MiniOzoneClusterImpl-07260cbc-78d8-43ad-9b31-a55aa369dc3b/datanode-5/data/ratis] (custom)
2019-09-12 10:16:55,338 [pool-82-thread-1] INFO  storage.RaftStorageDirectory (RaftStorageDirectory.java:analyzeStorage(246)) - The storage directory /workdir/hadoop-ozone/integration-test/target/test-dir/MiniOzoneClusterImpl-07260cbc-78d8-43ad-9b31-a55aa369dc3b/datanode-5/data/ratis/5b570526-42de-444e-8b21-043e025590a1 does not exist. Creating ...
2019-09-12 10:16:55,351 [pool-82-thread-1] INFO  storage.RaftStorageDirectory (RaftStorageDirectory.java:tryLock(328)) - Lock on /workdir/hadoop-ozone/integration-test/target/test-dir/MiniOzoneClusterImpl-07260cbc-78d8-43ad-9b31-a55aa369dc3b/datanode-5/data/ratis/5b570526-42de-444e-8b21-043e025590a1/in_use.lock acquired by nodename 4851@pr-hdds-1569-xtfnx-3545843844
2019-09-12 10:16:55,364 [pool-82-thread-1] INFO  storage.RaftStorage (RaftStorage.java:format(72)) - Storage directory /workdir/hadoop-ozone/integration-test/target/test-dir/MiniOzoneClusterImpl-07260cbc-78d8-43ad-9b31-a55aa369dc3b/datanode-5/data/ratis/5b570526-42de-444e-8b21-043e025590a1 has been successfully formatted.
2019-09-12 10:16:55,364 [pool-82-thread-1] INFO  ratis.ContainerStateMachine (ContainerStateMachine.java:loadSnapshot(226)) - group-043E025590A1: The snapshot info is null. Setting the last applied indexto:(t:0, i:~)
2019-09-12 10:16:55,364 [pool-82-thread-1] INFO  server.RaftServerConfigKeys (ConfUtils.java:logGet(43)) - raft.server.leader.election.timeout = 10s (custom)
2019-09-12 10:16:55,364 [pool-82-thread-1] INFO  server.RaftServerConfigKeys (ConfUtils.java:logGet(43)) - raft.server.log.use.memory = false (default)
2019-09-12 10:16:55,365 [pool-82-thread-1] INFO  server.RaftServerConfigKeys (ConfUtils.java:logGet(43)) - raft.server.log.purge.gap = 1000000 (custom)
2019-09-12 10:16:55,365 [pool-82-thread-1] INFO  server.RaftServerConfigKeys (ConfUtils.java:logGet(43)) - raft.server.log.appender.buffer.byte-limit = 33554432 (custom)
2019-09-12 10:16:55,365 [pool-82-thread-1] INFO  server.RaftServerConfigKeys (ConfUtils.java:logGet(43)) - raft.server.log.segment.size.max = 1048576 (custom)
2019-09-12 10:16:55,365 [pool-82-thread-1] INFO  server.RaftServerConfigKeys (ConfUtils.java:logGet(43)) - raft.server.log.segment.cache.num.max = 2 (custom)
2019-09-12 10:16:55,365 [pool-82-thread-1] INFO  segmented.SegmentedRaftLogWorker (SegmentedRaftLogWorker.java:<init>(172)) - new 3d50e2f5-3cb6-49ae-98cc-9a6203b61a63-SegmentedRaftLogWorker:Storage Directory /workdir/hadoop-ozone/integration-test/target/test-dir/MiniOzoneClusterImpl-07260cbc-78d8-43ad-9b31-a55aa369dc3b/datanode-5/data/ratis/5b570526-42de-444e-8b21-043e025590a1 for RaftStorage:Storage Directory /workdir/hadoop-ozone/integration-test/target/test-dir/MiniOzoneClusterImpl-07260cbc-78d8-43ad-9b31-a55aa369dc3b/datanode-5/data/ratis/5b570526-42de-444e-8b21-043e025590a1
2019-09-12 10:16:55,365 [pool-82-thread-1] INFO  server.RaftServerConfigKeys (ConfUtils.java:logGet(43)) - raft.server.log.queue.byte-limit = 2147483647 (custom)
2019-09-12 10:16:55,366 [pool-82-thread-1] INFO  server.RaftServerConfigKeys (ConfUtils.java:logGet(43)) - raft.server.log.queue.element-limit = 1024 (custom)
2019-09-12 10:16:55,366 [pool-82-thread-1] INFO  server.RaftServerConfigKeys (ConfUtils.java:logGet(43)) - raft.server.log.segment.size.max = 1048576 (custom)
2019-09-12 10:16:55,366 [pool-82-thread-1] INFO  server.RaftServerConfigKeys (ConfUtils.java:logGet(43)) - raft.server.log.preallocated.size = 16384 (custom)
2019-09-12 10:16:55,366 [pool-82-thread-1] INFO  server.RaftServerConfigKeys (ConfUtils.java:logGet(43)) - raft.server.log.write.buffer.size = 33554432 (custom)
2019-09-12 10:16:55,366 [pool-82-thread-1] INFO  server.RaftServerConfigKeys (ConfUtils.java:logGet(43)) - raft.server.log.force.sync.num = 128 (default)
2019-09-12 10:16:55,366 [pool-82-thread-1] INFO  server.RaftServerConfigKeys (ConfUtils.java:logGet(43)) - raft.server.log.statemachine.data.sync = true (default)
2019-09-12 10:16:55,367 [pool-82-thread-1] INFO  server.RaftServerConfigKeys (ConfUtils.java:logGet(43)) - raft.server.log.statemachine.data.sync.timeout = 10s (default)
2019-09-12 10:16:55,367 [pool-82-thread-1] INFO  server.RaftServerConfigKeys (ConfUtils.java:logGet(43)) - raft.server.log.statemachine.data.sync.timeout.retry = -1 (default)
2019-09-12 10:16:55,367 [pool-82-thread-1] INFO  server.RaftServerConfigKeys (ConfUtils.java:logGet(43)) - raft.server.log.statemachine.data.caching.enabled = true (custom)
2019-09-12 10:16:55,367 [pool-82-thread-1] INFO  segmented.SegmentedRaftLogWorker (SegmentedRaftLogWorker.java:lambda$new$0(132)) - 3d50e2f5-3cb6-49ae-98cc-9a6203b61a63-SegmentedRaftLogWorker:Storage Directory /workdir/hadoop-ozone/integration-test/target/test-dir/MiniOzoneClusterImpl-07260cbc-78d8-43ad-9b31-a55aa369dc3b/datanode-5/data/ratis/5b570526-42de-444e-8b21-043e025590a1: flushIndex: setUnconditionally 0 -> -1
2019-09-12 10:16:55,368 [pool-82-thread-1] INFO  server.RaftServerConfigKeys (ConfUtils.java:logGet(43)) - raft.server.snapshot.auto.trigger.enabled = true (custom)
2019-09-12 10:16:55,368 [pool-82-thread-1] INFO  server.RaftServerConfigKeys (ConfUtils.java:logGet(43)) - raft.server.snapshot.auto.trigger.threshold = 10000 (custom)
2019-09-12 10:16:55,368 [pool-82-thread-1] INFO  server.RaftServerConfigKeys (ConfUtils.java:logGet(43)) - raft.server.retrycache.expirytime = 600000ms (custom)
2019-09-12 10:16:55,368 [pool-82-thread-1] INFO  impl.RaftServerImpl (RaftServerImpl.java:start(180)) - 3d50e2f5-3cb6-49ae-98cc-9a6203b61a63: start group-043E025590A1
2019-09-12 10:16:55,368 [pool-82-thread-1] INFO  impl.RaftServerImpl (RaftServerImpl.java:setRole(171)) - 3d50e2f5-3cb6-49ae-98cc-9a6203b61a63:group-043E025590A1 changes role from null to FOLLOWER at term 0 for startAsFollower
2019-09-12 10:16:55,369 [pool-82-thread-1] INFO  impl.RoleInfo (RoleInfo.java:updateAndGet(143)) - 3d50e2f5-3cb6-49ae-98cc-9a6203b61a63: start FollowerState
2019-09-12 10:16:55,369 [pool-82-thread-1] INFO  util.JmxRegister (JmxRegister.java:tryRegister(44)) - Successfully registered JMX Bean with object name Ratis:service=RaftServer,group=group-043E025590A1,id=3d50e2f5-3cb6-49ae-98cc-9a6203b61a63
2019-09-12 10:16:55,374 [RatisPipelineUtilsThread] INFO  pipeline.PipelineStateManager (PipelineStateManager.java:addPipeline(56)) - Created pipeline Pipeline[ Id: 5b570526-42de-444e-8b21-043e025590a1, Nodes: 3d50e2f5-3cb6-49ae-98cc-9a6203b61a63{ip: 192.168.157.195, host: pr-hdds-1569-xtfnx-3545843844, networkLocation: /default-rack, certSerialId: null}, Type:RATIS, Factor:ONE, State:OPEN]
2019-09-12 10:16:55,377 [RatisPipelineUtilsThread] ERROR pipeline.PipelinePlacementPolicy (PipelinePlacementPolicy.java:meetCriteria(91)) - Pipeline Placement: Doesn't meet the criteria to be viable node. Heaviness: 6
2019-09-12 10:16:55,377 [RatisPipelineUtilsThread] ERROR pipeline.PipelinePlacementPolicy (PipelinePlacementPolicy.java:meetCriteria(91)) - Pipeline Placement: Doesn't meet the criteria to be viable node. Heaviness: 6
2019-09-12 10:16:55,377 [RatisPipelineUtilsThread] ERROR pipeline.PipelinePlacementPolicy (PipelinePlacementPolicy.java:meetCriteria(91)) - Pipeline Placement: Doesn't meet the criteria to be viable node. Heaviness: 6
2019-09-12 10:16:55,377 [RatisPipelineUtilsThread] ERROR pipeline.PipelinePlacementPolicy (PipelinePlacementPolicy.java:meetCriteria(91)) - Pipeline Placement: Doesn't meet the criteria to be viable node. Heaviness: 6
2019-09-12 10:16:55,377 [RatisPipelineUtilsThread] ERROR pipeline.PipelinePlacementPolicy (PipelinePlacementPolicy.java:meetCriteria(91)) - Pipeline Placement: Doesn't meet the criteria to be viable node. Heaviness: 6
2019-09-12 10:16:55,387 [grpc-default-executor-1] INFO  impl.RaftServerProxy (RaftServerProxy.java:addNew(89)) - 3d50e2f5-3cb6-49ae-98cc-9a6203b61a63: addNew group-47DAA9A4FF60:[3d50e2f5-3cb6-49ae-98cc-9a6203b61a63:192.168.157.195:36540] returns group-47DAA9A4FF60:java.util.concurrent.CompletableFuture@71e512c8[Not completed]
2019-09-12 10:16:55,389 [pool-82-thread-1] INFO  impl.RaftServerImpl (RaftServerImpl.java:<init>(93)) - 3d50e2f5-3cb6-49ae-98cc-9a6203b61a63: new RaftServerImpl for group-47DAA9A4FF60:[3d50e2f5-3cb6-49ae-98cc-9a6203b61a63:192.168.157.195:36540] with ContainerStateMachine:uninitialized
2019-09-12 10:16:55,390 [pool-82-thread-1] INFO  server.RaftServerConfigKeys (ConfUtils.java:logGet(43)) - raft.server.rpc.timeout.min = 5s (custom)
2019-09-12 10:16:55,390 [pool-82-thread-1] INFO  server.RaftServerConfigKeys (ConfUtils.java:logGet(43)) - raft.server.rpc.timeout.max = 5200ms (custom)
2019-09-12 10:16:55,390 [pool-82-thread-1] INFO  server.RaftServerConfigKeys (ConfUtils.java:logGet(43)) - raft.server.rpcslowness.timeout = 10s (custom)
2019-09-12 10:16:55,390 [pool-82-thread-1] INFO  server.RaftServerConfigKeys (ConfUtils.java:logGet(43)) - raft.server.sleep.deviation.threshold = 300 (default)
2019-09-12 10:16:55,390 [pool-82-thread-1] INFO  server.RaftServerConfigKeys (ConfUtils.java:logGet(43)) - raft.server.log.appender.install.snapshot.enabled = false (custom)
2019-09-12 10:16:55,390 [pool-82-thread-1] INFO  impl.RaftServerImpl (ServerState.java:<init>(105)) - 3d50e2f5-3cb6-49ae-98cc-9a6203b61a63:group-47DAA9A4FF60 ConfigurationManager, init=-1: [3d50e2f5-3cb6-49ae-98cc-9a6203b61a63:192.168.157.195:36540], old=null, confs=<EMPTY_MAP>
2019-09-12 10:16:55,391 [pool-82-thread-1] INFO  server.RaftServerConfigKeys (ConfUtils.java:logGet(43)) - raft.server.storage.dir = [/workdir/hadoop-ozone/integration-test/target/test-dir/MiniOzoneClusterImpl-07260cbc-78d8-43ad-9b31-a55aa369dc3b/datanode-5/data/ratis] (custom)
2019-09-12 10:16:55,391 [pool-82-thread-1] INFO  storage.RaftStorageDirectory (RaftStorageDirectory.java:analyzeStorage(246)) - The storage directory /workdir/hadoop-ozone/integration-test/target/test-dir/MiniOzoneClusterImpl-07260cbc-78d8-43ad-9b31-a55aa369dc3b/datanode-5/data/ratis/f3e8d305-afe2-46aa-aa34-47daa9a4ff60 does not exist. Creating ...
2019-09-12 10:16:55,404 [pool-82-thread-1] INFO  storage.RaftStorageDirectory (RaftStorageDirectory.java:tryLock(328)) - Lock on /workdir/hadoop-ozone/integration-test/target/test-dir/MiniOzoneClusterImpl-07260cbc-78d8-43ad-9b31-a55aa369dc3b/datanode-5/data/ratis/f3e8d305-afe2-46aa-aa34-47daa9a4ff60/in_use.lock acquired by nodename 4851@pr-hdds-1569-xtfnx-3545843844
2019-09-12 10:16:55,417 [pool-82-thread-1] INFO  storage.RaftStorage (RaftStorage.java:format(72)) - Storage directory /workdir/hadoop-ozone/integration-test/target/test-dir/MiniOzoneClusterImpl-07260cbc-78d8-43ad-9b31-a55aa369dc3b/datanode-5/data/ratis/f3e8d305-afe2-46aa-aa34-47daa9a4ff60 has been successfully formatted.
2019-09-12 10:16:55,417 [pool-82-thread-1] INFO  ratis.ContainerStateMachine (ContainerStateMachine.java:loadSnapshot(226)) - group-47DAA9A4FF60: The snapshot info is null. Setting the last applied indexto:(t:0, i:~)
2019-09-12 10:16:55,417 [pool-82-thread-1] INFO  server.RaftServerConfigKeys (ConfUtils.java:logGet(43)) - raft.server.leader.election.timeout = 10s (custom)
2019-09-12 10:16:55,418 [pool-82-thread-1] INFO  server.RaftServerConfigKeys (ConfUtils.java:logGet(43)) - raft.server.log.use.memory = false (default)
2019-09-12 10:16:55,418 [pool-82-thread-1] INFO  server.RaftServerConfigKeys (ConfUtils.java:logGet(43)) - raft.server.log.purge.gap = 1000000 (custom)
2019-09-12 10:16:55,418 [pool-82-thread-1] INFO  server.RaftServerConfigKeys (ConfUtils.java:logGet(43)) - raft.server.log.appender.buffer.byte-limit = 33554432 (custom)
2019-09-12 10:16:55,418 [pool-82-thread-1] INFO  server.RaftServerConfigKeys (ConfUtils.java:logGet(43)) - raft.server.log.segment.size.max = 1048576 (custom)
2019-09-12 10:16:55,418 [pool-82-thread-1] INFO  server.RaftServerConfigKeys (ConfUtils.java:logGet(43)) - raft.server.log.segment.cache.num.max = 2 (custom)
2019-09-12 10:16:55,418 [pool-82-thread-1] INFO  segmented.SegmentedRaftLogWorker (SegmentedRaftLogWorker.java:<init>(172)) - new 3d50e2f5-3cb6-49ae-98cc-9a6203b61a63-SegmentedRaftLogWorker:Storage Directory /workdir/hadoop-ozone/integration-test/target/test-dir/MiniOzoneClusterImpl-07260cbc-78d8-43ad-9b31-a55aa369dc3b/datanode-5/data/ratis/f3e8d305-afe2-46aa-aa34-47daa9a4ff60 for RaftStorage:Storage Directory /workdir/hadoop-ozone/integration-test/target/test-dir/MiniOzoneClusterImpl-07260cbc-78d8-43ad-9b31-a55aa369dc3b/datanode-5/data/ratis/f3e8d305-afe2-46aa-aa34-47daa9a4ff60
2019-09-12 10:16:55,419 [pool-82-thread-1] INFO  server.RaftServerConfigKeys (ConfUtils.java:logGet(43)) - raft.server.log.queue.byte-limit = 2147483647 (custom)
2019-09-12 10:16:55,419 [pool-82-thread-1] INFO  server.RaftServerConfigKeys (ConfUtils.java:logGet(43)) - raft.server.log.queue.element-limit = 1024 (custom)
2019-09-12 10:16:55,419 [pool-82-thread-1] INFO  server.RaftServerConfigKeys (ConfUtils.java:logGet(43)) - raft.server.log.segment.size.max = 1048576 (custom)
2019-09-12 10:16:55,419 [pool-82-thread-1] INFO  server.RaftServerConfigKeys (ConfUtils.java:logGet(43)) - raft.server.log.preallocated.size = 16384 (custom)
2019-09-12 10:16:55,419 [pool-82-thread-1] INFO  server.RaftServerConfigKeys (ConfUtils.java:logGet(43)) - raft.server.log.write.buffer.size = 33554432 (custom)
2019-09-12 10:16:55,419 [pool-82-thread-1] INFO  server.RaftServerConfigKeys (ConfUtils.java:logGet(43)) - raft.server.log.force.sync.num = 128 (default)
2019-09-12 10:16:55,420 [pool-82-thread-1] INFO  server.RaftServerConfigKeys (ConfUtils.java:logGet(43)) - raft.server.log.statemachine.data.sync = true (default)
2019-09-12 10:16:55,420 [pool-82-thread-1] INFO  server.RaftServerConfigKeys (ConfUtils.java:logGet(43)) - raft.server.log.statemachine.data.sync.timeout = 10s (default)
2019-09-12 10:16:55,420 [pool-82-thread-1] INFO  server.RaftServerConfigKeys (ConfUtils.java:logGet(43)) - raft.server.log.statemachine.data.sync.timeout.retry = -1 (default)
2019-09-12 10:16:55,420 [pool-82-thread-1] INFO  server.RaftServerConfigKeys (ConfUtils.java:logGet(43)) - raft.server.log.statemachine.data.caching.enabled = true (custom)
2019-09-12 10:16:55,420 [pool-82-thread-1] INFO  segmented.SegmentedRaftLogWorker (SegmentedRaftLogWorker.java:lambda$new$0(132)) - 3d50e2f5-3cb6-49ae-98cc-9a6203b61a63-SegmentedRaftLogWorker:Storage Directory /workdir/hadoop-ozone/integration-test/target/test-dir/MiniOzoneClusterImpl-07260cbc-78d8-43ad-9b31-a55aa369dc3b/datanode-5/data/ratis/f3e8d305-afe2-46aa-aa34-47daa9a4ff60: flushIndex: setUnconditionally 0 -> -1
2019-09-12 10:16:55,421 [pool-82-thread-1] INFO  server.RaftServerConfigKeys (ConfUtils.java:logGet(43)) - raft.server.snapshot.auto.trigger.enabled = true (custom)
2019-09-12 10:16:55,421 [pool-82-thread-1] INFO  server.RaftServerConfigKeys (ConfUtils.java:logGet(43)) - raft.server.snapshot.auto.trigger.threshold = 10000 (custom)
2019-09-12 10:16:55,421 [pool-82-thread-1] INFO  server.RaftServerConfigKeys (ConfUtils.java:logGet(43)) - raft.server.retrycache.expirytime = 600000ms (custom)
2019-09-12 10:16:55,421 [pool-82-thread-1] INFO  impl.RaftServerImpl (RaftServerImpl.java:start(180)) - 3d50e2f5-3cb6-49ae-98cc-9a6203b61a63: start group-47DAA9A4FF60
2019-09-12 10:16:55,421 [pool-82-thread-1] INFO  impl.RaftServerImpl (RaftServerImpl.java:setRole(171)) - 3d50e2f5-3cb6-49ae-98cc-9a6203b61a63:group-47DAA9A4FF60 changes role from null to FOLLOWER at term 0 for startAsFollower
2019-09-12 10:16:55,422 [pool-82-thread-1] INFO  impl.RoleInfo (RoleInfo.java:updateAndGet(143)) - 3d50e2f5-3cb6-49ae-98cc-9a6203b61a63: start FollowerState
2019-09-12 10:16:55,422 [pool-82-thread-1] INFO  util.JmxRegister (JmxRegister.java:tryRegister(44)) - Successfully registered JMX Bean with object name Ratis:service=RaftServer,group=group-47DAA9A4FF60,id=3d50e2f5-3cb6-49ae-98cc-9a6203b61a63
2019-09-12 10:16:55,429 [RatisPipelineUtilsThread] INFO  pipeline.PipelineStateManager (PipelineStateManager.java:addPipeline(56)) - Created pipeline Pipeline[ Id: f3e8d305-afe2-46aa-aa34-47daa9a4ff60, Nodes: 3d50e2f5-3cb6-49ae-98cc-9a6203b61a63{ip: 192.168.157.195, host: pr-hdds-1569-xtfnx-3545843844, networkLocation: /default-rack, certSerialId: null}, Type:RATIS, Factor:ONE, State:OPEN]
2019-09-12 10:16:55,431 [RatisPipelineUtilsThread] ERROR pipeline.PipelinePlacementPolicy (PipelinePlacementPolicy.java:meetCriteria(91)) - Pipeline Placement: Doesn't meet the criteria to be viable node. Heaviness: 6
2019-09-12 10:16:55,431 [RatisPipelineUtilsThread] ERROR pipeline.PipelinePlacementPolicy (PipelinePlacementPolicy.java:meetCriteria(91)) - Pipeline Placement: Doesn't meet the criteria to be viable node. Heaviness: 6
2019-09-12 10:16:55,431 [RatisPipelineUtilsThread] ERROR pipeline.PipelinePlacementPolicy (PipelinePlacementPolicy.java:meetCriteria(91)) - Pipeline Placement: Doesn't meet the criteria to be viable node. Heaviness: 6
2019-09-12 10:16:55,431 [RatisPipelineUtilsThread] ERROR pipeline.PipelinePlacementPolicy (PipelinePlacementPolicy.java:meetCriteria(91)) - Pipeline Placement: Doesn't meet the criteria to be viable node. Heaviness: 6
2019-09-12 10:16:55,432 [RatisPipelineUtilsThread] ERROR pipeline.PipelinePlacementPolicy (PipelinePlacementPolicy.java:meetCriteria(91)) - Pipeline Placement: Doesn't meet the criteria to be viable node. Heaviness: 6
2019-09-12 10:16:55,441 [grpc-default-executor-1] INFO  impl.RaftServerProxy (RaftServerProxy.java:addNew(89)) - 3d50e2f5-3cb6-49ae-98cc-9a6203b61a63: addNew group-2E29F18B0534:[3d50e2f5-3cb6-49ae-98cc-9a6203b61a63:192.168.157.195:36540] returns group-2E29F18B0534:java.util.concurrent.CompletableFuture@489adfe1[Not completed]
2019-09-12 10:16:55,442 [pool-82-thread-1] INFO  impl.RaftServerImpl (RaftServerImpl.java:<init>(93)) - 3d50e2f5-3cb6-49ae-98cc-9a6203b61a63: new RaftServerImpl for group-2E29F18B0534:[3d50e2f5-3cb6-49ae-98cc-9a6203b61a63:192.168.157.195:36540] with ContainerStateMachine:uninitialized
2019-09-12 10:16:55,443 [pool-82-thread-1] INFO  server.RaftServerConfigKeys (ConfUtils.java:logGet(43)) - raft.server.rpc.timeout.min = 5s (custom)
2019-09-12 10:16:55,443 [pool-82-thread-1] INFO  server.RaftServerConfigKeys (ConfUtils.java:logGet(43)) - raft.server.rpc.timeout.max = 5200ms (custom)
2019-09-12 10:16:55,443 [pool-82-thread-1] INFO  server.RaftServerConfigKeys (ConfUtils.java:logGet(43)) - raft.server.rpcslowness.timeout = 10s (custom)
2019-09-12 10:16:55,443 [pool-82-thread-1] INFO  server.RaftServerConfigKeys (ConfUtils.java:logGet(43)) - raft.server.sleep.deviation.threshold = 300 (default)
2019-09-12 10:16:55,443 [pool-82-thread-1] INFO  server.RaftServerConfigKeys (ConfUtils.java:logGet(43)) - raft.server.log.appender.install.snapshot.enabled = false (custom)
2019-09-12 10:16:55,443 [pool-82-thread-1] INFO  impl.RaftServerImpl (ServerState.java:<init>(105)) - 3d50e2f5-3cb6-49ae-98cc-9a6203b61a63:group-2E29F18B0534 ConfigurationManager, init=-1: [3d50e2f5-3cb6-49ae-98cc-9a6203b61a63:192.168.157.195:36540], old=null, confs=<EMPTY_MAP>
2019-09-12 10:16:55,443 [pool-82-thread-1] INFO  server.RaftServerConfigKeys (ConfUtils.java:logGet(43)) - raft.server.storage.dir = [/workdir/hadoop-ozone/integration-test/target/test-dir/MiniOzoneClusterImpl-07260cbc-78d8-43ad-9b31-a55aa369dc3b/datanode-5/data/ratis] (custom)
2019-09-12 10:16:55,444 [pool-82-thread-1] INFO  storage.RaftStorageDirectory (RaftStorageDirectory.java:analyzeStorage(246)) - The storage directory /workdir/hadoop-ozone/integration-test/target/test-dir/MiniOzoneClusterImpl-07260cbc-78d8-43ad-9b31-a55aa369dc3b/datanode-5/data/ratis/06d2a6e7-a225-4808-b1f2-2e29f18b0534 does not exist. Creating ...
2019-09-12 10:16:55,457 [pool-82-thread-1] INFO  storage.RaftStorageDirectory (RaftStorageDirectory.java:tryLock(328)) - Lock on /workdir/hadoop-ozone/integration-test/target/test-dir/MiniOzoneClusterImpl-07260cbc-78d8-43ad-9b31-a55aa369dc3b/datanode-5/data/ratis/06d2a6e7-a225-4808-b1f2-2e29f18b0534/in_use.lock acquired by nodename 4851@pr-hdds-1569-xtfnx-3545843844
2019-09-12 10:16:55,470 [pool-82-thread-1] INFO  storage.RaftStorage (RaftStorage.java:format(72)) - Storage directory /workdir/hadoop-ozone/integration-test/target/test-dir/MiniOzoneClusterImpl-07260cbc-78d8-43ad-9b31-a55aa369dc3b/datanode-5/data/ratis/06d2a6e7-a225-4808-b1f2-2e29f18b0534 has been successfully formatted.
2019-09-12 10:16:55,470 [pool-82-thread-1] INFO  ratis.ContainerStateMachine (ContainerStateMachine.java:loadSnapshot(226)) - group-2E29F18B0534: The snapshot info is null. Setting the last applied indexto:(t:0, i:~)
2019-09-12 10:16:55,470 [pool-82-thread-1] INFO  server.RaftServerConfigKeys (ConfUtils.java:logGet(43)) - raft.server.leader.election.timeout = 10s (custom)
2019-09-12 10:16:55,471 [pool-82-thread-1] INFO  server.RaftServerConfigKeys (ConfUtils.java:logGet(43)) - raft.server.log.use.memory = false (default)
2019-09-12 10:16:55,471 [pool-82-thread-1] INFO  server.RaftServerConfigKeys (ConfUtils.java:logGet(43)) - raft.server.log.purge.gap = 1000000 (custom)
2019-09-12 10:16:55,471 [pool-82-thread-1] INFO  server.RaftServerConfigKeys (ConfUtils.java:logGet(43)) - raft.server.log.appender.buffer.byte-limit = 33554432 (custom)
2019-09-12 10:16:55,471 [pool-82-thread-1] INFO  server.RaftServerConfigKeys (ConfUtils.java:logGet(43)) - raft.server.log.segment.size.max = 1048576 (custom)
2019-09-12 10:16:55,471 [pool-82-thread-1] INFO  server.RaftServerConfigKeys (ConfUtils.java:logGet(43)) - raft.server.log.segment.cache.num.max = 2 (custom)
2019-09-12 10:16:55,471 [pool-82-thread-1] INFO  segmented.SegmentedRaftLogWorker (SegmentedRaftLogWorker.java:<init>(172)) - new 3d50e2f5-3cb6-49ae-98cc-9a6203b61a63-SegmentedRaftLogWorker:Storage Directory /workdir/hadoop-ozone/integration-test/target/test-dir/MiniOzoneClusterImpl-07260cbc-78d8-43ad-9b31-a55aa369dc3b/datanode-5/data/ratis/06d2a6e7-a225-4808-b1f2-2e29f18b0534 for RaftStorage:Storage Directory /workdir/hadoop-ozone/integration-test/target/test-dir/MiniOzoneClusterImpl-07260cbc-78d8-43ad-9b31-a55aa369dc3b/datanode-5/data/ratis/06d2a6e7-a225-4808-b1f2-2e29f18b0534
2019-09-12 10:16:55,471 [pool-82-thread-1] INFO  server.RaftServerConfigKeys (ConfUtils.java:logGet(43)) - raft.server.log.queue.byte-limit = 2147483647 (custom)
2019-09-12 10:16:55,472 [pool-82-thread-1] INFO  server.RaftServerConfigKeys (ConfUtils.java:logGet(43)) - raft.server.log.queue.element-limit = 1024 (custom)
2019-09-12 10:16:55,472 [pool-82-thread-1] INFO  server.RaftServerConfigKeys (ConfUtils.java:logGet(43)) - raft.server.log.segment.size.max = 1048576 (custom)
2019-09-12 10:16:55,472 [pool-82-thread-1] INFO  server.RaftServerConfigKeys (ConfUtils.java:logGet(43)) - raft.server.log.preallocated.size = 16384 (custom)
2019-09-12 10:16:55,472 [pool-82-thread-1] INFO  server.RaftServerConfigKeys (ConfUtils.java:logGet(43)) - raft.server.log.write.buffer.size = 33554432 (custom)
2019-09-12 10:16:55,472 [pool-82-thread-1] INFO  server.RaftServerConfigKeys (ConfUtils.java:logGet(43)) - raft.server.log.force.sync.num = 128 (default)
2019-09-12 10:16:55,472 [pool-82-thread-1] INFO  server.RaftServerConfigKeys (ConfUtils.java:logGet(43)) - raft.server.log.statemachine.data.sync = true (default)
2019-09-12 10:16:55,473 [pool-82-thread-1] INFO  server.RaftServerConfigKeys (ConfUtils.java:logGet(43)) - raft.server.log.statemachine.data.sync.timeout = 10s (default)
2019-09-12 10:16:55,473 [pool-82-thread-1] INFO  server.RaftServerConfigKeys (ConfUtils.java:logGet(43)) - raft.server.log.statemachine.data.sync.timeout.retry = -1 (default)
2019-09-12 10:16:55,473 [pool-82-thread-1] INFO  server.RaftServerConfigKeys (ConfUtils.java:logGet(43)) - raft.server.log.statemachine.data.caching.enabled = true (custom)
2019-09-12 10:16:55,473 [pool-82-thread-1] INFO  segmented.SegmentedRaftLogWorker (SegmentedRaftLogWorker.java:lambda$new$0(132)) - 3d50e2f5-3cb6-49ae-98cc-9a6203b61a63-SegmentedRaftLogWorker:Storage Directory /workdir/hadoop-ozone/integration-test/target/test-dir/MiniOzoneClusterImpl-07260cbc-78d8-43ad-9b31-a55aa369dc3b/datanode-5/data/ratis/06d2a6e7-a225-4808-b1f2-2e29f18b0534: flushIndex: setUnconditionally 0 -> -1
2019-09-12 10:16:55,474 [pool-82-thread-1] INFO  server.RaftServerConfigKeys (ConfUtils.java:logGet(43)) - raft.server.snapshot.auto.trigger.enabled = true (custom)
2019-09-12 10:16:55,474 [pool-82-thread-1] INFO  server.RaftServerConfigKeys (ConfUtils.java:logGet(43)) - raft.server.snapshot.auto.trigger.threshold = 10000 (custom)
2019-09-12 10:16:55,474 [pool-82-thread-1] INFO  server.RaftServerConfigKeys (ConfUtils.java:logGet(43)) - raft.server.retrycache.expirytime = 600000ms (custom)
2019-09-12 10:16:55,474 [pool-82-thread-1] INFO  impl.RaftServerImpl (RaftServerImpl.java:start(180)) - 3d50e2f5-3cb6-49ae-98cc-9a6203b61a63: start group-2E29F18B0534
2019-09-12 10:16:55,474 [pool-82-thread-1] INFO  impl.RaftServerImpl (RaftServerImpl.java:setRole(171)) - 3d50e2f5-3cb6-49ae-98cc-9a6203b61a63:group-2E29F18B0534 changes role from null to FOLLOWER at term 0 for startAsFollower
2019-09-12 10:16:55,474 [pool-82-thread-1] INFO  impl.RoleInfo (RoleInfo.java:updateAndGet(143)) - 3d50e2f5-3cb6-49ae-98cc-9a6203b61a63: start FollowerState
2019-09-12 10:16:55,475 [pool-82-thread-1] INFO  util.JmxRegister (JmxRegister.java:tryRegister(44)) - Successfully registered JMX Bean with object name Ratis:service=RaftServer,group=group-2E29F18B0534,id=3d50e2f5-3cb6-49ae-98cc-9a6203b61a63
2019-09-12 10:16:55,481 [RatisPipelineUtilsThread] INFO  pipeline.PipelineStateManager (PipelineStateManager.java:addPipeline(56)) - Created pipeline Pipeline[ Id: 06d2a6e7-a225-4808-b1f2-2e29f18b0534, Nodes: 3d50e2f5-3cb6-49ae-98cc-9a6203b61a63{ip: 192.168.157.195, host: pr-hdds-1569-xtfnx-3545843844, networkLocation: /default-rack, certSerialId: null}, Type:RATIS, Factor:ONE, State:OPEN]
2019-09-12 10:16:55,483 [RatisPipelineUtilsThread] ERROR pipeline.PipelinePlacementPolicy (PipelinePlacementPolicy.java:meetCriteria(91)) - Pipeline Placement: Doesn't meet the criteria to be viable node. Heaviness: 6
2019-09-12 10:16:55,483 [RatisPipelineUtilsThread] ERROR pipeline.PipelinePlacementPolicy (PipelinePlacementPolicy.java:meetCriteria(91)) - Pipeline Placement: Doesn't meet the criteria to be viable node. Heaviness: 6
2019-09-12 10:16:55,483 [RatisPipelineUtilsThread] ERROR pipeline.PipelinePlacementPolicy (PipelinePlacementPolicy.java:meetCriteria(91)) - Pipeline Placement: Doesn't meet the criteria to be viable node. Heaviness: 6
2019-09-12 10:16:55,483 [RatisPipelineUtilsThread] ERROR pipeline.PipelinePlacementPolicy (PipelinePlacementPolicy.java:meetCriteria(91)) - Pipeline Placement: Doesn't meet the criteria to be viable node. Heaviness: 6
2019-09-12 10:16:55,484 [RatisPipelineUtilsThread] ERROR pipeline.PipelinePlacementPolicy (PipelinePlacementPolicy.java:meetCriteria(91)) - Pipeline Placement: Doesn't meet the criteria to be viable node. Heaviness: 6
2019-09-12 10:16:55,493 [grpc-default-executor-1] INFO  impl.RaftServerProxy (RaftServerProxy.java:addNew(89)) - 3d50e2f5-3cb6-49ae-98cc-9a6203b61a63: addNew group-85EDA9211BBD:[3d50e2f5-3cb6-49ae-98cc-9a6203b61a63:192.168.157.195:36540] returns group-85EDA9211BBD:java.util.concurrent.CompletableFuture@5ba0d62a[Not completed]
2019-09-12 10:16:55,495 [pool-82-thread-1] INFO  impl.RaftServerImpl (RaftServerImpl.java:<init>(93)) - 3d50e2f5-3cb6-49ae-98cc-9a6203b61a63: new RaftServerImpl for group-85EDA9211BBD:[3d50e2f5-3cb6-49ae-98cc-9a6203b61a63:192.168.157.195:36540] with ContainerStateMachine:uninitialized
2019-09-12 10:16:55,495 [pool-82-thread-1] INFO  server.RaftServerConfigKeys (ConfUtils.java:logGet(43)) - raft.server.rpc.timeout.min = 5s (custom)
2019-09-12 10:16:55,495 [pool-82-thread-1] INFO  server.RaftServerConfigKeys (ConfUtils.java:logGet(43)) - raft.server.rpc.timeout.max = 5200ms (custom)
2019-09-12 10:16:55,495 [pool-82-thread-1] INFO  server.RaftServerConfigKeys (ConfUtils.java:logGet(43)) - raft.server.rpcslowness.timeout = 10s (custom)
2019-09-12 10:16:55,495 [pool-82-thread-1] INFO  server.RaftServerConfigKeys (ConfUtils.java:logGet(43)) - raft.server.sleep.deviation.threshold = 300 (default)
2019-09-12 10:16:55,495 [pool-82-thread-1] INFO  server.RaftServerConfigKeys (ConfUtils.java:logGet(43)) - raft.server.log.appender.install.snapshot.enabled = false (custom)
2019-09-12 10:16:55,496 [pool-82-thread-1] INFO  impl.RaftServerImpl (ServerState.java:<init>(105)) - 3d50e2f5-3cb6-49ae-98cc-9a6203b61a63:group-85EDA9211BBD ConfigurationManager, init=-1: [3d50e2f5-3cb6-49ae-98cc-9a6203b61a63:192.168.157.195:36540], old=null, confs=<EMPTY_MAP>
2019-09-12 10:16:55,496 [pool-82-thread-1] INFO  server.RaftServerConfigKeys (ConfUtils.java:logGet(43)) - raft.server.storage.dir = [/workdir/hadoop-ozone/integration-test/target/test-dir/MiniOzoneClusterImpl-07260cbc-78d8-43ad-9b31-a55aa369dc3b/datanode-5/data/ratis] (custom)
2019-09-12 10:16:55,496 [pool-82-thread-1] INFO  storage.RaftStorageDirectory (RaftStorageDirectory.java:analyzeStorage(246)) - The storage directory /workdir/hadoop-ozone/integration-test/target/test-dir/MiniOzoneClusterImpl-07260cbc-78d8-43ad-9b31-a55aa369dc3b/datanode-5/data/ratis/c49b945f-e4bf-409a-aeb2-85eda9211bbd does not exist. Creating ...
2019-09-12 10:16:55,509 [pool-82-thread-1] INFO  storage.RaftStorageDirectory (RaftStorageDirectory.java:tryLock(328)) - Lock on /workdir/hadoop-ozone/integration-test/target/test-dir/MiniOzoneClusterImpl-07260cbc-78d8-43ad-9b31-a55aa369dc3b/datanode-5/data/ratis/c49b945f-e4bf-409a-aeb2-85eda9211bbd/in_use.lock acquired by nodename 4851@pr-hdds-1569-xtfnx-3545843844
2019-09-12 10:16:55,522 [pool-82-thread-1] INFO  storage.RaftStorage (RaftStorage.java:format(72)) - Storage directory /workdir/hadoop-ozone/integration-test/target/test-dir/MiniOzoneClusterImpl-07260cbc-78d8-43ad-9b31-a55aa369dc3b/datanode-5/data/ratis/c49b945f-e4bf-409a-aeb2-85eda9211bbd has been successfully formatted.
2019-09-12 10:16:55,522 [pool-82-thread-1] INFO  ratis.ContainerStateMachine (ContainerStateMachine.java:loadSnapshot(226)) - group-85EDA9211BBD: The snapshot info is null. Setting the last applied indexto:(t:0, i:~)
2019-09-12 10:16:55,522 [pool-82-thread-1] INFO  server.RaftServerConfigKeys (ConfUtils.java:logGet(43)) - raft.server.leader.election.timeout = 10s (custom)
2019-09-12 10:16:55,522 [pool-82-thread-1] INFO  server.RaftServerConfigKeys (ConfUtils.java:logGet(43)) - raft.server.log.use.memory = false (default)
2019-09-12 10:16:55,522 [pool-82-thread-1] INFO  server.RaftServerConfigKeys (ConfUtils.java:logGet(43)) - raft.server.log.purge.gap = 1000000 (custom)
2019-09-12 10:16:55,523 [pool-82-thread-1] INFO  server.RaftServerConfigKeys (ConfUtils.java:logGet(43)) - raft.server.log.appender.buffer.byte-limit = 33554432 (custom)
2019-09-12 10:16:55,523 [pool-82-thread-1] INFO  server.RaftServerConfigKeys (ConfUtils.java:logGet(43)) - raft.server.log.segment.size.max = 1048576 (custom)
2019-09-12 10:16:55,523 [pool-82-thread-1] INFO  server.RaftServerConfigKeys (ConfUtils.java:logGet(43)) - raft.server.log.segment.cache.num.max = 2 (custom)
2019-09-12 10:16:55,523 [pool-82-thread-1] INFO  segmented.SegmentedRaftLogWorker (SegmentedRaftLogWorker.java:<init>(172)) - new 3d50e2f5-3cb6-49ae-98cc-9a6203b61a63-SegmentedRaftLogWorker:Storage Directory /workdir/hadoop-ozone/integration-test/target/test-dir/MiniOzoneClusterImpl-07260cbc-78d8-43ad-9b31-a55aa369dc3b/datanode-5/data/ratis/c49b945f-e4bf-409a-aeb2-85eda9211bbd for RaftStorage:Storage Directory /workdir/hadoop-ozone/integration-test/target/test-dir/MiniOzoneClusterImpl-07260cbc-78d8-43ad-9b31-a55aa369dc3b/datanode-5/data/ratis/c49b945f-e4bf-409a-aeb2-85eda9211bbd
2019-09-12 10:16:55,523 [pool-82-thread-1] INFO  server.RaftServerConfigKeys (ConfUtils.java:logGet(43)) - raft.server.log.queue.byte-limit = 2147483647 (custom)
2019-09-12 10:16:55,523 [pool-82-thread-1] INFO  server.RaftServerConfigKeys (ConfUtils.java:logGet(43)) - raft.server.log.queue.element-limit = 1024 (custom)
2019-09-12 10:16:55,523 [pool-82-thread-1] INFO  server.RaftServerConfigKeys (ConfUtils.java:logGet(43)) - raft.server.log.segment.size.max = 1048576 (custom)
2019-09-12 10:16:55,524 [pool-82-thread-1] INFO  server.RaftServerConfigKeys (ConfUtils.java:logGet(43)) - raft.server.log.preallocated.size = 16384 (custom)
2019-09-12 10:16:55,524 [pool-82-thread-1] INFO  server.RaftServerConfigKeys (ConfUtils.java:logGet(43)) - raft.server.log.write.buffer.size = 33554432 (custom)
2019-09-12 10:16:55,524 [pool-82-thread-1] INFO  server.RaftServerConfigKeys (ConfUtils.java:logGet(43)) - raft.server.log.force.sync.num = 128 (default)
2019-09-12 10:16:55,524 [pool-82-thread-1] INFO  server.RaftServerConfigKeys (ConfUtils.java:logGet(43)) - raft.server.log.statemachine.data.sync = true (default)
2019-09-12 10:16:55,524 [pool-82-thread-1] INFO  server.RaftServerConfigKeys (ConfUtils.java:logGet(43)) - raft.server.log.statemachine.data.sync.timeout = 10s (default)
2019-09-12 10:16:55,524 [pool-82-thread-1] INFO  server.RaftServerConfigKeys (ConfUtils.java:logGet(43)) - raft.server.log.statemachine.data.sync.timeout.retry = -1 (default)
2019-09-12 10:16:55,524 [pool-82-thread-1] INFO  server.RaftServerConfigKeys (ConfUtils.java:logGet(43)) - raft.server.log.statemachine.data.caching.enabled = true (custom)
2019-09-12 10:16:55,525 [pool-82-thread-1] INFO  segmented.SegmentedRaftLogWorker (SegmentedRaftLogWorker.java:lambda$new$0(132)) - 3d50e2f5-3cb6-49ae-98cc-9a6203b61a63-SegmentedRaftLogWorker:Storage Directory /workdir/hadoop-ozone/integration-test/target/test-dir/MiniOzoneClusterImpl-07260cbc-78d8-43ad-9b31-a55aa369dc3b/datanode-5/data/ratis/c49b945f-e4bf-409a-aeb2-85eda9211bbd: flushIndex: setUnconditionally 0 -> -1
2019-09-12 10:16:55,525 [pool-82-thread-1] INFO  server.RaftServerConfigKeys (ConfUtils.java:logGet(43)) - raft.server.snapshot.auto.trigger.enabled = true (custom)
2019-09-12 10:16:55,525 [pool-82-thread-1] INFO  server.RaftServerConfigKeys (ConfUtils.java:logGet(43)) - raft.server.snapshot.auto.trigger.threshold = 10000 (custom)
2019-09-12 10:16:55,525 [pool-82-thread-1] INFO  server.RaftServerConfigKeys (ConfUtils.java:logGet(43)) - raft.server.retrycache.expirytime = 600000ms (custom)
2019-09-12 10:16:55,526 [pool-82-thread-1] INFO  impl.RaftServerImpl (RaftServerImpl.java:start(180)) - 3d50e2f5-3cb6-49ae-98cc-9a6203b61a63: start group-85EDA9211BBD
2019-09-12 10:16:55,526 [pool-82-thread-1] INFO  impl.RaftServerImpl (RaftServerImpl.java:setRole(171)) - 3d50e2f5-3cb6-49ae-98cc-9a6203b61a63:group-85EDA9211BBD changes role from null to FOLLOWER at term 0 for startAsFollower
2019-09-12 10:16:55,526 [pool-82-thread-1] INFO  impl.RoleInfo (RoleInfo.java:updateAndGet(143)) - 3d50e2f5-3cb6-49ae-98cc-9a6203b61a63: start FollowerState
2019-09-12 10:16:55,526 [pool-82-thread-1] INFO  util.JmxRegister (JmxRegister.java:tryRegister(44)) - Successfully registered JMX Bean with object name Ratis:service=RaftServer,group=group-85EDA9211BBD,id=3d50e2f5-3cb6-49ae-98cc-9a6203b61a63
2019-09-12 10:16:55,533 [RatisPipelineUtilsThread] INFO  pipeline.PipelineStateManager (PipelineStateManager.java:addPipeline(56)) - Created pipeline Pipeline[ Id: c49b945f-e4bf-409a-aeb2-85eda9211bbd, Nodes: 3d50e2f5-3cb6-49ae-98cc-9a6203b61a63{ip: 192.168.157.195, host: pr-hdds-1569-xtfnx-3545843844, networkLocation: /default-rack, certSerialId: null}, Type:RATIS, Factor:ONE, State:OPEN]
2019-09-12 10:16:55,535 [RatisPipelineUtilsThread] ERROR pipeline.PipelinePlacementPolicy (PipelinePlacementPolicy.java:meetCriteria(91)) - Pipeline Placement: Doesn't meet the criteria to be viable node. Heaviness: 6
2019-09-12 10:16:55,535 [RatisPipelineUtilsThread] ERROR pipeline.PipelinePlacementPolicy (PipelinePlacementPolicy.java:meetCriteria(91)) - Pipeline Placement: Doesn't meet the criteria to be viable node. Heaviness: 6
2019-09-12 10:16:55,536 [RatisPipelineUtilsThread] ERROR pipeline.PipelinePlacementPolicy (PipelinePlacementPolicy.java:meetCriteria(91)) - Pipeline Placement: Doesn't meet the criteria to be viable node. Heaviness: 6
2019-09-12 10:16:55,536 [RatisPipelineUtilsThread] ERROR pipeline.PipelinePlacementPolicy (PipelinePlacementPolicy.java:meetCriteria(91)) - Pipeline Placement: Doesn't meet the criteria to be viable node. Heaviness: 6
2019-09-12 10:16:55,536 [RatisPipelineUtilsThread] ERROR pipeline.PipelinePlacementPolicy (PipelinePlacementPolicy.java:meetCriteria(91)) - Pipeline Placement: Doesn't meet the criteria to be viable node. Heaviness: 6
2019-09-12 10:16:55,546 [grpc-default-executor-1] INFO  impl.RaftServerProxy (RaftServerProxy.java:addNew(89)) - 3d50e2f5-3cb6-49ae-98cc-9a6203b61a63: addNew group-446DAD0CE589:[3d50e2f5-3cb6-49ae-98cc-9a6203b61a63:192.168.157.195:36540] returns group-446DAD0CE589:java.util.concurrent.CompletableFuture@34c2b659[Not completed]
2019-09-12 10:16:55,548 [pool-82-thread-1] INFO  impl.RaftServerImpl (RaftServerImpl.java:<init>(93)) - 3d50e2f5-3cb6-49ae-98cc-9a6203b61a63: new RaftServerImpl for group-446DAD0CE589:[3d50e2f5-3cb6-49ae-98cc-9a6203b61a63:192.168.157.195:36540] with ContainerStateMachine:uninitialized
2019-09-12 10:16:55,548 [pool-82-thread-1] INFO  server.RaftServerConfigKeys (ConfUtils.java:logGet(43)) - raft.server.rpc.timeout.min = 5s (custom)
2019-09-12 10:16:55,548 [pool-82-thread-1] INFO  server.RaftServerConfigKeys (ConfUtils.java:logGet(43)) - raft.server.rpc.timeout.max = 5200ms (custom)
2019-09-12 10:16:55,548 [pool-82-thread-1] INFO  server.RaftServerConfigKeys (ConfUtils.java:logGet(43)) - raft.server.rpcslowness.timeout = 10s (custom)
2019-09-12 10:16:55,548 [pool-82-thread-1] INFO  server.RaftServerConfigKeys (ConfUtils.java:logGet(43)) - raft.server.sleep.deviation.threshold = 300 (default)
2019-09-12 10:16:55,548 [pool-82-thread-1] INFO  server.RaftServerConfigKeys (ConfUtils.java:logGet(43)) - raft.server.log.appender.install.snapshot.enabled = false (custom)
2019-09-12 10:16:55,548 [pool-82-thread-1] INFO  impl.RaftServerImpl (ServerState.java:<init>(105)) - 3d50e2f5-3cb6-49ae-98cc-9a6203b61a63:group-446DAD0CE589 ConfigurationManager, init=-1: [3d50e2f5-3cb6-49ae-98cc-9a6203b61a63:192.168.157.195:36540], old=null, confs=<EMPTY_MAP>
2019-09-12 10:16:55,549 [pool-82-thread-1] INFO  server.RaftServerConfigKeys (ConfUtils.java:logGet(43)) - raft.server.storage.dir = [/workdir/hadoop-ozone/integration-test/target/test-dir/MiniOzoneClusterImpl-07260cbc-78d8-43ad-9b31-a55aa369dc3b/datanode-5/data/ratis] (custom)
2019-09-12 10:16:55,549 [pool-82-thread-1] INFO  storage.RaftStorageDirectory (RaftStorageDirectory.java:analyzeStorage(246)) - The storage directory /workdir/hadoop-ozone/integration-test/target/test-dir/MiniOzoneClusterImpl-07260cbc-78d8-43ad-9b31-a55aa369dc3b/datanode-5/data/ratis/98b1a391-4af7-4227-8f6b-446dad0ce589 does not exist. Creating ...
2019-09-12 10:16:55,576 [pool-82-thread-1] INFO  storage.RaftStorageDirectory (RaftStorageDirectory.java:tryLock(328)) - Lock on /workdir/hadoop-ozone/integration-test/target/test-dir/MiniOzoneClusterImpl-07260cbc-78d8-43ad-9b31-a55aa369dc3b/datanode-5/data/ratis/98b1a391-4af7-4227-8f6b-446dad0ce589/in_use.lock acquired by nodename 4851@pr-hdds-1569-xtfnx-3545843844
2019-09-12 10:16:55,589 [pool-82-thread-1] INFO  storage.RaftStorage (RaftStorage.java:format(72)) - Storage directory /workdir/hadoop-ozone/integration-test/target/test-dir/MiniOzoneClusterImpl-07260cbc-78d8-43ad-9b31-a55aa369dc3b/datanode-5/data/ratis/98b1a391-4af7-4227-8f6b-446dad0ce589 has been successfully formatted.
2019-09-12 10:16:55,589 [pool-82-thread-1] INFO  ratis.ContainerStateMachine (ContainerStateMachine.java:loadSnapshot(226)) - group-446DAD0CE589: The snapshot info is null. Setting the last applied indexto:(t:0, i:~)
2019-09-12 10:16:55,589 [pool-82-thread-1] INFO  server.RaftServerConfigKeys (ConfUtils.java:logGet(43)) - raft.server.leader.election.timeout = 10s (custom)
2019-09-12 10:16:55,590 [pool-82-thread-1] INFO  server.RaftServerConfigKeys (ConfUtils.java:logGet(43)) - raft.server.log.use.memory = false (default)
2019-09-12 10:16:55,590 [pool-82-thread-1] INFO  server.RaftServerConfigKeys (ConfUtils.java:logGet(43)) - raft.server.log.purge.gap = 1000000 (custom)
2019-09-12 10:16:55,590 [pool-82-thread-1] INFO  server.RaftServerConfigKeys (ConfUtils.java:logGet(43)) - raft.server.log.appender.buffer.byte-limit = 33554432 (custom)
2019-09-12 10:16:55,590 [pool-82-thread-1] INFO  server.RaftServerConfigKeys (ConfUtils.java:logGet(43)) - raft.server.log.segment.size.max = 1048576 (custom)
2019-09-12 10:16:55,590 [pool-82-thread-1] INFO  server.RaftServerConfigKeys (ConfUtils.java:logGet(43)) - raft.server.log.segment.cache.num.max = 2 (custom)
2019-09-12 10:16:55,591 [pool-82-thread-1] INFO  segmented.SegmentedRaftLogWorker (SegmentedRaftLogWorker.java:<init>(172)) - new 3d50e2f5-3cb6-49ae-98cc-9a6203b61a63-SegmentedRaftLogWorker:Storage Directory /workdir/hadoop-ozone/integration-test/target/test-dir/MiniOzoneClusterImpl-07260cbc-78d8-43ad-9b31-a55aa369dc3b/datanode-5/data/ratis/98b1a391-4af7-4227-8f6b-446dad0ce589 for RaftStorage:Storage Directory /workdir/hadoop-ozone/integration-test/target/test-dir/MiniOzoneClusterImpl-07260cbc-78d8-43ad-9b31-a55aa369dc3b/datanode-5/data/ratis/98b1a391-4af7-4227-8f6b-446dad0ce589
2019-09-12 10:16:55,591 [pool-82-thread-1] INFO  server.RaftServerConfigKeys (ConfUtils.java:logGet(43)) - raft.server.log.queue.byte-limit = 2147483647 (custom)
2019-09-12 10:16:55,591 [pool-82-thread-1] INFO  server.RaftServerConfigKeys (ConfUtils.java:logGet(43)) - raft.server.log.queue.element-limit = 1024 (custom)
2019-09-12 10:16:55,591 [pool-82-thread-1] INFO  server.RaftServerConfigKeys (ConfUtils.java:logGet(43)) - raft.server.log.segment.size.max = 1048576 (custom)
2019-09-12 10:16:55,591 [pool-82-thread-1] INFO  server.RaftServerConfigKeys (ConfUtils.java:logGet(43)) - raft.server.log.preallocated.size = 16384 (custom)
2019-09-12 10:16:55,591 [pool-82-thread-1] INFO  server.RaftServerConfigKeys (ConfUtils.java:logGet(43)) - raft.server.log.write.buffer.size = 33554432 (custom)
2019-09-12 10:16:55,591 [pool-82-thread-1] INFO  server.RaftServerConfigKeys (ConfUtils.java:logGet(43)) - raft.server.log.force.sync.num = 128 (default)
2019-09-12 10:16:55,591 [pool-82-thread-1] INFO  server.RaftServerConfigKeys (ConfUtils.java:logGet(43)) - raft.server.log.statemachine.data.sync = true (default)
2019-09-12 10:16:55,591 [pool-82-thread-1] INFO  server.RaftServerConfigKeys (ConfUtils.java:logGet(43)) - raft.server.log.statemachine.data.sync.timeout = 10s (default)
2019-09-12 10:16:55,592 [pool-82-thread-1] INFO  server.RaftServerConfigKeys (ConfUtils.java:logGet(43)) - raft.server.log.statemachine.data.sync.timeout.retry = -1 (default)
2019-09-12 10:16:55,592 [pool-82-thread-1] INFO  server.RaftServerConfigKeys (ConfUtils.java:logGet(43)) - raft.server.log.statemachine.data.caching.enabled = true (custom)
2019-09-12 10:16:55,592 [pool-82-thread-1] INFO  segmented.SegmentedRaftLogWorker (SegmentedRaftLogWorker.java:lambda$new$0(132)) - 3d50e2f5-3cb6-49ae-98cc-9a6203b61a63-SegmentedRaftLogWorker:Storage Directory /workdir/hadoop-ozone/integration-test/target/test-dir/MiniOzoneClusterImpl-07260cbc-78d8-43ad-9b31-a55aa369dc3b/datanode-5/data/ratis/98b1a391-4af7-4227-8f6b-446dad0ce589: flushIndex: setUnconditionally 0 -> -1
2019-09-12 10:16:55,592 [pool-82-thread-1] INFO  server.RaftServerConfigKeys (ConfUtils.java:logGet(43)) - raft.server.snapshot.auto.trigger.enabled = true (custom)
2019-09-12 10:16:55,592 [pool-82-thread-1] INFO  server.RaftServerConfigKeys (ConfUtils.java:logGet(43)) - raft.server.snapshot.auto.trigger.threshold = 10000 (custom)
2019-09-12 10:16:55,593 [pool-82-thread-1] INFO  server.RaftServerConfigKeys (ConfUtils.java:logGet(43)) - raft.server.retrycache.expirytime = 600000ms (custom)
2019-09-12 10:16:55,593 [pool-82-thread-1] INFO  impl.RaftServerImpl (RaftServerImpl.java:start(180)) - 3d50e2f5-3cb6-49ae-98cc-9a6203b61a63: start group-446DAD0CE589
2019-09-12 10:16:55,593 [pool-82-thread-1] INFO  impl.RaftServerImpl (RaftServerImpl.java:setRole(171)) - 3d50e2f5-3cb6-49ae-98cc-9a6203b61a63:group-446DAD0CE589 changes role from null to FOLLOWER at term 0 for startAsFollower
2019-09-12 10:16:55,593 [pool-82-thread-1] INFO  impl.RoleInfo (RoleInfo.java:updateAndGet(143)) - 3d50e2f5-3cb6-49ae-98cc-9a6203b61a63: start FollowerState
2019-09-12 10:16:55,593 [pool-82-thread-1] INFO  util.JmxRegister (JmxRegister.java:tryRegister(44)) - Successfully registered JMX Bean with object name Ratis:service=RaftServer,group=group-446DAD0CE589,id=3d50e2f5-3cb6-49ae-98cc-9a6203b61a63
2019-09-12 10:16:55,600 [RatisPipelineUtilsThread] INFO  pipeline.PipelineStateManager (PipelineStateManager.java:addPipeline(56)) - Created pipeline Pipeline[ Id: 98b1a391-4af7-4227-8f6b-446dad0ce589, Nodes: 3d50e2f5-3cb6-49ae-98cc-9a6203b61a63{ip: 192.168.157.195, host: pr-hdds-1569-xtfnx-3545843844, networkLocation: /default-rack, certSerialId: null}, Type:RATIS, Factor:ONE, State:OPEN]
2019-09-12 10:16:55,602 [RatisPipelineUtilsThread] ERROR pipeline.PipelinePlacementPolicy (PipelinePlacementPolicy.java:meetCriteria(91)) - Pipeline Placement: Doesn't meet the criteria to be viable node. Heaviness: 6
2019-09-12 10:16:55,603 [RatisPipelineUtilsThread] ERROR pipeline.PipelinePlacementPolicy (PipelinePlacementPolicy.java:meetCriteria(91)) - Pipeline Placement: Doesn't meet the criteria to be viable node. Heaviness: 6
2019-09-12 10:16:55,603 [RatisPipelineUtilsThread] ERROR pipeline.PipelinePlacementPolicy (PipelinePlacementPolicy.java:meetCriteria(91)) - Pipeline Placement: Doesn't meet the criteria to be viable node. Heaviness: 6
2019-09-12 10:16:55,603 [RatisPipelineUtilsThread] ERROR pipeline.PipelinePlacementPolicy (PipelinePlacementPolicy.java:meetCriteria(91)) - Pipeline Placement: Doesn't meet the criteria to be viable node. Heaviness: 6
2019-09-12 10:16:55,603 [RatisPipelineUtilsThread] ERROR pipeline.PipelinePlacementPolicy (PipelinePlacementPolicy.java:meetCriteria(91)) - Pipeline Placement: Doesn't meet the criteria to be viable node. Heaviness: 6
2019-09-12 10:16:55,603 [RatisPipelineUtilsThread] ERROR pipeline.PipelinePlacementPolicy (PipelinePlacementPolicy.java:meetCriteria(91)) - Pipeline Placement: Doesn't meet the criteria to be viable node. Heaviness: 6
2019-09-12 10:16:55,604 [RatisPipelineUtilsThread] ERROR pipeline.PipelinePlacementPolicy (PipelinePlacementPolicy.java:filterViableNodes(146)) - Unable to find enough nodes that meet the criteria that cannot engage in more than 5 pipelines. Nodes required: 1 Found: 0, healthy nodes count inNodeManager: 6.
2019-09-12 10:16:55,605 [RatisPipelineUtilsThread] ERROR pipeline.SCMPipelineManager (SCMPipelineManager.java:createPipeline(161)) - Pipeline creation failed due to exception: Unable to find enough nodes that meet the criteria that cannot engage in more than 5 pipelines. Nodes required: 1 Found: 0, healthy nodes count inNodeManager: 6.
2019-09-12 10:16:55,606 [RatisPipelineUtilsThread] ERROR pipeline.PipelinePlacementPolicy (PipelinePlacementPolicy.java:meetCriteria(91)) - Pipeline Placement: Doesn't meet the criteria to be viable node. Heaviness: 6
2019-09-12 10:16:55,606 [RatisPipelineUtilsThread] ERROR pipeline.PipelinePlacementPolicy (PipelinePlacementPolicy.java:meetCriteria(91)) - Pipeline Placement: Doesn't meet the criteria to be viable node. Heaviness: 6
2019-09-12 10:16:55,606 [RatisPipelineUtilsThread] ERROR pipeline.PipelinePlacementPolicy (PipelinePlacementPolicy.java:meetCriteria(91)) - Pipeline Placement: Doesn't meet the criteria to be viable node. Heaviness: 6
2019-09-12 10:16:55,606 [RatisPipelineUtilsThread] ERROR pipeline.PipelinePlacementPolicy (PipelinePlacementPolicy.java:meetCriteria(91)) - Pipeline Placement: Doesn't meet the criteria to be viable node. Heaviness: 6
2019-09-12 10:16:55,606 [RatisPipelineUtilsThread] ERROR pipeline.PipelinePlacementPolicy (PipelinePlacementPolicy.java:meetCriteria(91)) - Pipeline Placement: Doesn't meet the criteria to be viable node. Heaviness: 6
2019-09-12 10:16:55,606 [RatisPipelineUtilsThread] ERROR pipeline.PipelinePlacementPolicy (PipelinePlacementPolicy.java:meetCriteria(91)) - Pipeline Placement: Doesn't meet the criteria to be viable node. Heaviness: 6
2019-09-12 10:16:55,607 [RatisPipelineUtilsThread] ERROR pipeline.PipelinePlacementPolicy (PipelinePlacementPolicy.java:filterViableNodes(146)) - Unable to find enough nodes that meet the criteria that cannot engage in more than 5 pipelines. Nodes required: 3 Found: 0, healthy nodes count inNodeManager: 6.
2019-09-12 10:16:55,607 [RatisPipelineUtilsThread] ERROR pipeline.SCMPipelineManager (SCMPipelineManager.java:createPipeline(161)) - Pipeline creation failed due to exception: Unable to find enough nodes that meet the criteria that cannot engage in more than 5 pipelines. Nodes required: 3 Found: 0, healthy nodes count inNodeManager: 6.
2019-09-12 10:16:55,607 [main] ERROR pipeline.PipelinePlacementPolicy (PipelinePlacementPolicy.java:meetCriteria(91)) - Pipeline Placement: Doesn't meet the criteria to be viable node. Heaviness: 6
2019-09-12 10:16:55,608 [main] ERROR pipeline.PipelinePlacementPolicy (PipelinePlacementPolicy.java:meetCriteria(91)) - Pipeline Placement: Doesn't meet the criteria to be viable node. Heaviness: 6
2019-09-12 10:16:55,608 [main] ERROR pipeline.PipelinePlacementPolicy (PipelinePlacementPolicy.java:meetCriteria(91)) - Pipeline Placement: Doesn't meet the criteria to be viable node. Heaviness: 6
2019-09-12 10:16:55,608 [main] ERROR pipeline.PipelinePlacementPolicy (PipelinePlacementPolicy.java:meetCriteria(91)) - Pipeline Placement: Doesn't meet the criteria to be viable node. Heaviness: 6
2019-09-12 10:16:55,609 [main] ERROR pipeline.PipelinePlacementPolicy (PipelinePlacementPolicy.java:meetCriteria(91)) - Pipeline Placement: Doesn't meet the criteria to be viable node. Heaviness: 6
2019-09-12 10:16:55,609 [main] ERROR pipeline.PipelinePlacementPolicy (PipelinePlacementPolicy.java:meetCriteria(91)) - Pipeline Placement: Doesn't meet the criteria to be viable node. Heaviness: 6
2019-09-12 10:16:55,609 [main] ERROR pipeline.PipelinePlacementPolicy (PipelinePlacementPolicy.java:filterViableNodes(146)) - Unable to find enough nodes that meet the criteria that cannot engage in more than 5 pipelines. Nodes required: 3 Found: 0, healthy nodes count inNodeManager: 6.
2019-09-12 10:16:55,609 [main] ERROR pipeline.SCMPipelineManager (SCMPipelineManager.java:createPipeline(161)) - Pipeline creation failed due to exception: Unable to find enough nodes that meet the criteria that cannot engage in more than 5 pipelines. Nodes required: 3 Found: 0, healthy nodes count inNodeManager: 6.
2019-09-12 10:16:55,610 [RatisPipelineUtilsThread] ERROR pipeline.PipelinePlacementPolicy (PipelinePlacementPolicy.java:meetCriteria(91)) - Pipeline Placement: Doesn't meet the criteria to be viable node. Heaviness: 6
2019-09-12 10:16:55,610 [main] INFO  ozone.MiniOzoneClusterImpl (MiniOzoneClusterImpl.java:shutdown(321)) - Shutting down the Mini Ozone Cluster
2019-09-12 10:16:55,610 [RatisPipelineUtilsThread] ERROR pipeline.PipelinePlacementPolicy (PipelinePlacementPolicy.java:meetCriteria(91)) - Pipeline Placement: Doesn't meet the criteria to be viable node. Heaviness: 6
2019-09-12 10:16:55,610 [RatisPipelineUtilsThread] ERROR pipeline.PipelinePlacementPolicy (PipelinePlacementPolicy.java:meetCriteria(91)) - Pipeline Placement: Doesn't meet the criteria to be viable node. Heaviness: 6
2019-09-12 10:16:55,610 [RatisPipelineUtilsThread] ERROR pipeline.PipelinePlacementPolicy (PipelinePlacementPolicy.java:meetCriteria(91)) - Pipeline Placement: Doesn't meet the criteria to be viable node. Heaviness: 6
2019-09-12 10:16:55,610 | INFO  | SCMAudit | user=null | ip=null | op=GET_SCM_INFO null | ret=SUCCESS |  
2019-09-12 10:16:55,611 [RatisPipelineUtilsThread] ERROR pipeline.PipelinePlacementPolicy (PipelinePlacementPolicy.java:meetCriteria(91)) - Pipeline Placement: Doesn't meet the criteria to be viable node. Heaviness: 6
2019-09-12 10:16:55,611 [main] INFO  ozone.MiniOzoneClusterImpl (MiniOzoneClusterImpl.java:stop(336)) - Stopping the Mini Ozone Cluster
2019-09-12 10:16:55,611 [main] INFO  ozone.MiniOzoneClusterImpl (MiniOzoneClusterImpl.java:stop(338)) - Stopping the OzoneManager
2019-09-12 10:16:55,611 [ReplicationMonitor] INFO  container.ReplicationManager (ReplicationManager.java:run(214)) - Replication Monitor Thread took 803 milliseconds for processing 0 containers.
2019-09-12 10:16:55,611 [main] INFO  ipc.Server (Server.java:stop(3082)) - Stopping server on 38606
2019-09-12 10:16:55,611 [RatisPipelineUtilsThread] ERROR pipeline.PipelinePlacementPolicy (PipelinePlacementPolicy.java:meetCriteria(91)) - Pipeline Placement: Doesn't meet the criteria to be viable node. Heaviness: 6
2019-09-12 10:16:55,615 [RatisPipelineUtilsThread] ERROR pipeline.PipelinePlacementPolicy (PipelinePlacementPolicy.java:filterViableNodes(146)) - Unable to find enough nodes that meet the criteria that cannot engage in more than 5 pipelines. Nodes required: 1 Found: 0, healthy nodes count inNodeManager: 6.
2019-09-12 10:16:55,617 [RatisPipelineUtilsThread] ERROR pipeline.SCMPipelineManager (SCMPipelineManager.java:createPipeline(161)) - Pipeline creation failed due to exception: Unable to find enough nodes that meet the criteria that cannot engage in more than 5 pipelines. Nodes required: 1 Found: 0, healthy nodes count inNodeManager: 6.
2019-09-12 10:16:55,621 [RatisPipelineUtilsThread] ERROR pipeline.PipelinePlacementPolicy (PipelinePlacementPolicy.java:meetCriteria(91)) - Pipeline Placement: Doesn't meet the criteria to be viable node. Heaviness: 6
2019-09-12 10:16:55,626 [RatisPipelineUtilsThread] ERROR pipeline.PipelinePlacementPolicy (PipelinePlacementPolicy.java:meetCriteria(91)) - Pipeline Placement: Doesn't meet the criteria to be viable node. Heaviness: 6
2019-09-12 10:16:55,627 [IPC Server listener on 38606] INFO  ipc.Server (Server.java:run(1185)) - Stopping IPC Server listener on 38606
2019-09-12 10:16:55,629 [main] INFO  ratis.OzoneManagerDoubleBuffer (OzoneManagerDoubleBuffer.java:stop(248)) - Stopping OMDoubleBuffer flush thread
2019-09-12 10:16:55,632 [IPC Server Responder] INFO  ipc.Server (Server.java:run(1319)) - Stopping IPC Server Responder
2019-09-12 10:16:55,631 [RatisPipelineUtilsThread] ERROR pipeline.PipelinePlacementPolicy (PipelinePlacementPolicy.java:meetCriteria(91)) - Pipeline Placement: Doesn't meet the criteria to be viable node. Heaviness: 6
2019-09-12 10:16:55,653 [RatisPipelineUtilsThread] ERROR pipeline.PipelinePlacementPolicy (PipelinePlacementPolicy.java:meetCriteria(91)) - Pipeline Placement: Doesn't meet the criteria to be viable node. Heaviness: 6
2019-09-12 10:16:55,653 [OMDoubleBufferFlushThread] INFO  ratis.OzoneManagerDoubleBuffer (OzoneManagerDoubleBuffer.java:flushTransactions(191)) - OMDoubleBuffer flush thread OMDoubleBufferFlushThread is interrupted and will exit. OMDoubleBufferFlushThread
2019-09-12 10:16:55,655 [RatisPipelineUtilsThread] ERROR pipeline.PipelinePlacementPolicy (PipelinePlacementPolicy.java:meetCriteria(91)) - Pipeline Placement: Doesn't meet the criteria to be viable node. Heaviness: 6
2019-09-12 10:16:55,656 [RatisPipelineUtilsThread] ERROR pipeline.PipelinePlacementPolicy (PipelinePlacementPolicy.java:meetCriteria(91)) - Pipeline Placement: Doesn't meet the criteria to be viable node. Heaviness: 6
2019-09-12 10:16:55,656 [main] INFO  utils.BackgroundService (BackgroundService.java:shutdown(148)) - Shutting down service KeyDeletingService
2019-09-12 10:16:55,656 [RatisPipelineUtilsThread] ERROR pipeline.PipelinePlacementPolicy (PipelinePlacementPolicy.java:filterViableNodes(146)) - Unable to find enough nodes that meet the criteria that cannot engage in more than 5 pipelines. Nodes required: 3 Found: 0, healthy nodes count inNodeManager: 6.
2019-09-12 10:16:55,656 [RatisPipelineUtilsThread] ERROR pipeline.SCMPipelineManager (SCMPipelineManager.java:createPipeline(161)) - Pipeline creation failed due to exception: Unable to find enough nodes that meet the criteria that cannot engage in more than 5 pipelines. Nodes required: 3 Found: 0, healthy nodes count inNodeManager: 6.
2019-09-12 10:16:55,660 [main] INFO  handler.ContextHandler (ContextHandler.java:doStop(910)) - Stopped o.e.j.w.WebAppContext@65bb9029{/,null,UNAVAILABLE}{/ozoneManager}
2019-09-12 10:16:55,667 [main] INFO  server.AbstractConnector (AbstractConnector.java:doStop(318)) - Stopped ServerConnector@1bfe3203{HTTP/1.1,[http/1.1]}{0.0.0.0:0}
2019-09-12 10:16:55,667 [main] INFO  handler.ContextHandler (ContextHandler.java:doStop(910)) - Stopped o.e.j.s.ServletContextHandler@72fe8a4f{/static,file:///workdir/hadoop-ozone/integration-test/target/test-classes/webapps/static,UNAVAILABLE}
2019-09-12 10:16:55,667 [main] INFO  handler.ContextHandler (ContextHandler.java:doStop(910)) - Stopped o.e.j.s.ServletContextHandler@325bb9a6{/logs,file:///workdir/hadoop-ozone/integration-test/target/log,UNAVAILABLE}
2019-09-12 10:16:55,673 [main] INFO  ozone.MiniOzoneClusterImpl (MiniOzoneClusterImpl.java:stop(344)) - Shutting the HddsDatanodes
2019-09-12 10:16:55,674 [main] INFO  datanode.ObjectStoreHandler (ObjectStoreHandler.java:close(155)) - Closing ObjectStoreHandler.
2019-09-12 10:16:55,674 [ForkJoinPool.commonPool-worker-1] INFO  datanode.ObjectStoreHandler (ObjectStoreHandler.java:close(155)) - Closing ObjectStoreHandler.
2019-09-12 10:16:55,687 [main] INFO  ozone.HddsDatanodeService (HddsDatanodeService.java:stop(451)) - Stopped plug-in org.apache.hadoop.ozone.web.OzoneHddsDatanodeService@2fde9469
2019-09-12 10:16:55,687 [ForkJoinPool.commonPool-worker-1] INFO  ozone.HddsDatanodeService (HddsDatanodeService.java:stop(451)) - Stopped plug-in org.apache.hadoop.ozone.web.OzoneHddsDatanodeService@7d3691e1
2019-09-12 10:16:55,724 [Datanode State Machine Thread - 0] INFO  statemachine.DatanodeStateMachine (DatanodeStateMachine.java:lambda$startDaemon$0(350)) - Ozone container server started.
2019-09-12 10:16:55,725 | INFO  | SCMAudit | user=jenkins1000 | ip=192.168.157.195 | op=SEND_HEARTBEAT {datanodeUUID=754318a0-7d43-4de4-9a7a-4e513334fcf8, command=[]} | ret=SUCCESS |  
2019-09-12 10:16:55,748 | INFO  | SCMAudit | user=jenkins1000 | ip=192.168.157.195 | op=SEND_HEARTBEAT {datanodeUUID=d125a0e9-cc1d-49ad-8efe-65f48e7470f1, command=[]} | ret=SUCCESS |  
2019-09-12 10:16:55,977 | INFO  | SCMAudit | user=jenkins1000 | ip=192.168.157.195 | op=SEND_HEARTBEAT {datanodeUUID=3d50e2f5-3cb6-49ae-98cc-9a6203b61a63, command=[]} | ret=SUCCESS |  
2019-09-12 10:16:55,989 [Datanode State Machine Thread - 0] INFO  statemachine.DatanodeStateMachine (DatanodeStateMachine.java:lambda$startDaemon$0(350)) - Ozone container server started.
2019-09-12 10:16:56,214 | INFO  | SCMAudit | user=jenkins1000 | ip=192.168.157.195 | op=SEND_HEARTBEAT {datanodeUUID=2ccaf34f-8eeb-4cb8-b9bf-ec796d9a8e8c, command=[]} | ret=SUCCESS |  
2019-09-12 10:16:56,725 | INFO  | SCMAudit | user=jenkins1000 | ip=192.168.157.195 | op=SEND_HEARTBEAT {datanodeUUID=754318a0-7d43-4de4-9a7a-4e513334fcf8, command=[]} | ret=SUCCESS |  
2019-09-12 10:16:56,748 | INFO  | SCMAudit | user=jenkins1000 | ip=192.168.157.195 | op=SEND_HEARTBEAT {datanodeUUID=d125a0e9-cc1d-49ad-8efe-65f48e7470f1, command=[]} | ret=SUCCESS |  
2019-09-12 10:16:56,977 | INFO  | SCMAudit | user=jenkins1000 | ip=192.168.157.195 | op=SEND_HEARTBEAT {datanodeUUID=3d50e2f5-3cb6-49ae-98cc-9a6203b61a63, command=[]} | ret=SUCCESS |  
2019-09-12 10:16:57,215 | INFO  | SCMAudit | user=jenkins1000 | ip=192.168.157.195 | op=SEND_HEARTBEAT {datanodeUUID=2ccaf34f-8eeb-4cb8-b9bf-ec796d9a8e8c, command=[]} | ret=SUCCESS |  
2019-09-12 10:16:57,726 | INFO  | SCMAudit | user=jenkins1000 | ip=192.168.157.195 | op=SEND_HEARTBEAT {datanodeUUID=754318a0-7d43-4de4-9a7a-4e513334fcf8, command=[]} | ret=SUCCESS |  
2019-09-12 10:16:57,748 | INFO  | SCMAudit | user=jenkins1000 | ip=192.168.157.195 | op=SEND_HEARTBEAT {datanodeUUID=d125a0e9-cc1d-49ad-8efe-65f48e7470f1, command=[]} | ret=SUCCESS |  
2019-09-12 10:16:57,977 | INFO  | SCMAudit | user=jenkins1000 | ip=192.168.157.195 | op=SEND_HEARTBEAT {datanodeUUID=3d50e2f5-3cb6-49ae-98cc-9a6203b61a63, command=[]} | ret=SUCCESS |  
2019-09-12 10:16:58,214 | INFO  | SCMAudit | user=jenkins1000 | ip=192.168.157.195 | op=SEND_HEARTBEAT {datanodeUUID=2ccaf34f-8eeb-4cb8-b9bf-ec796d9a8e8c, command=[]} | ret=SUCCESS |  
2019-09-12 10:16:58,278 [Thread-224] INFO  impl.FollowerState (FollowerState.java:run(106)) - d125a0e9-cc1d-49ad-8efe-65f48e7470f1:group-8B80BBEAF203 changes to CANDIDATE, lastRpcTime:5188, electionTimeout:5187ms
2019-09-12 10:16:58,278 [Thread-224] INFO  impl.RoleInfo (RoleInfo.java:shutdownFollowerState(121)) - d125a0e9-cc1d-49ad-8efe-65f48e7470f1: shutdown FollowerState
2019-09-12 10:16:58,278 [Thread-224] INFO  impl.RaftServerImpl (RaftServerImpl.java:setRole(171)) - d125a0e9-cc1d-49ad-8efe-65f48e7470f1:group-8B80BBEAF203 changes role from FOLLOWER to CANDIDATE at term 0 for changeToCandidate
2019-09-12 10:16:58,285 [Thread-224] INFO  impl.RoleInfo (RoleInfo.java:updateAndGet(143)) - d125a0e9-cc1d-49ad-8efe-65f48e7470f1: start LeaderElection
2019-09-12 10:16:58,307 [d125a0e9-cc1d-49ad-8efe-65f48e7470f1:group-8B80BBEAF203:LeaderElection1] INFO  impl.LeaderElection (LeaderElection.java:askForVotes(181)) - d125a0e9-cc1d-49ad-8efe-65f48e7470f1:group-8B80BBEAF203:LeaderElection1: begin an election at term 1 for -1: [d125a0e9-cc1d-49ad-8efe-65f48e7470f1:192.168.157.195:46432], old=null
2019-09-12 10:16:58,309 [d125a0e9-cc1d-49ad-8efe-65f48e7470f1:group-8B80BBEAF203:LeaderElection1] INFO  impl.RoleInfo (RoleInfo.java:shutdownLeaderElection(134)) - d125a0e9-cc1d-49ad-8efe-65f48e7470f1: shutdown LeaderElection
2019-09-12 10:16:58,310 [d125a0e9-cc1d-49ad-8efe-65f48e7470f1:group-8B80BBEAF203:LeaderElection1] INFO  impl.RaftServerImpl (RaftServerImpl.java:setRole(171)) - d125a0e9-cc1d-49ad-8efe-65f48e7470f1:group-8B80BBEAF203 changes role from CANDIDATE to LEADER at term 1 for changeToLeader
2019-09-12 10:16:58,310 [d125a0e9-cc1d-49ad-8efe-65f48e7470f1:group-8B80BBEAF203:LeaderElection1] INFO  impl.RaftServerImpl (ServerState.java:setLeader(263)) - d125a0e9-cc1d-49ad-8efe-65f48e7470f1:group-8B80BBEAF203 change Leader from null to d125a0e9-cc1d-49ad-8efe-65f48e7470f1 at term 1 for becomeLeader, leader elected after 5313ms
2019-09-12 10:16:58,320 [d125a0e9-cc1d-49ad-8efe-65f48e7470f1:group-8B80BBEAF203:LeaderElection1] INFO  server.RaftServerConfigKeys (ConfUtils.java:logGet(43)) - raft.server.staging.catchup.gap = 1000 (default)
2019-09-12 10:16:58,321 [d125a0e9-cc1d-49ad-8efe-65f48e7470f1:group-8B80BBEAF203:LeaderElection1] INFO  server.RaftServerConfigKeys (ConfUtils.java:logGet(43)) - raft.server.rpc.sleep.time = 25ms (default)
2019-09-12 10:16:58,324 [d125a0e9-cc1d-49ad-8efe-65f48e7470f1:group-8B80BBEAF203:LeaderElection1] INFO  server.RaftServerConfigKeys (ConfUtils.java:logGet(43)) - raft.server.write.element-limit = 4096 (default)
2019-09-12 10:16:58,328 [d125a0e9-cc1d-49ad-8efe-65f48e7470f1:group-8B80BBEAF203:LeaderElection1] INFO  server.RaftServerConfigKeys (ConfUtils.java:logGet(43)) - raft.server.watch.timeout = 10s (default)
2019-09-12 10:16:58,328 [d125a0e9-cc1d-49ad-8efe-65f48e7470f1:group-8B80BBEAF203:LeaderElection1] INFO  server.RaftServerConfigKeys (ConfUtils.java:logGet(43)) - raft.server.watch.timeout.denomination = 1s (default)
2019-09-12 10:16:58,329 [d125a0e9-cc1d-49ad-8efe-65f48e7470f1:group-8B80BBEAF203:LeaderElection1] INFO  server.RaftServerConfigKeys (ConfUtils.java:logGet(43)) - raft.server.watch.element-limit = 65536 (default)
2019-09-12 10:16:58,341 [d125a0e9-cc1d-49ad-8efe-65f48e7470f1:group-8B80BBEAF203:LeaderElection1] INFO  impl.RoleInfo (RoleInfo.java:updateAndGet(143)) - d125a0e9-cc1d-49ad-8efe-65f48e7470f1: start LeaderState
2019-09-12 10:16:58,374 [d125a0e9-cc1d-49ad-8efe-65f48e7470f1:group-8B80BBEAF203:LeaderElection1] INFO  segmented.SegmentedRaftLogWorker (SegmentedRaftLogWorker.java:startLogSegment(380)) - d125a0e9-cc1d-49ad-8efe-65f48e7470f1-SegmentedRaftLogWorker:Storage Directory /workdir/hadoop-ozone/integration-test/target/test-dir/MiniOzoneClusterImpl-07260cbc-78d8-43ad-9b31-a55aa369dc3b/datanode-0/data/ratis/d7b8c6f4-9021-48ff-8f4a-8b80bbeaf203: Starting segment from index:0
2019-09-12 10:16:58,386 [d125a0e9-cc1d-49ad-8efe-65f48e7470f1:group-8B80BBEAF203:LeaderElection1] INFO  impl.RaftServerImpl (ServerState.java:setRaftConf(361)) - d125a0e9-cc1d-49ad-8efe-65f48e7470f1:group-8B80BBEAF203 set configuration 0: [d125a0e9-cc1d-49ad-8efe-65f48e7470f1:192.168.157.195:46432], old=null at 0
2019-09-12 10:16:58,399 [Thread-227] INFO  impl.FollowerState (FollowerState.java:run(106)) - d125a0e9-cc1d-49ad-8efe-65f48e7470f1:group-77EFF6DFF1D6 changes to CANDIDATE, lastRpcTime:5173, electionTimeout:5173ms
2019-09-12 10:16:58,401 [Thread-227] INFO  impl.RoleInfo (RoleInfo.java:shutdownFollowerState(121)) - d125a0e9-cc1d-49ad-8efe-65f48e7470f1: shutdown FollowerState
2019-09-12 10:16:58,401 [Thread-227] INFO  impl.RaftServerImpl (RaftServerImpl.java:setRole(171)) - d125a0e9-cc1d-49ad-8efe-65f48e7470f1:group-77EFF6DFF1D6 changes role from FOLLOWER to CANDIDATE at term 0 for changeToCandidate
2019-09-12 10:16:58,401 [Thread-227] INFO  impl.RoleInfo (RoleInfo.java:updateAndGet(143)) - d125a0e9-cc1d-49ad-8efe-65f48e7470f1: start LeaderElection
2019-09-12 10:16:58,419 [d125a0e9-cc1d-49ad-8efe-65f48e7470f1:group-77EFF6DFF1D6:LeaderElection2] INFO  impl.LeaderElection (LeaderElection.java:askForVotes(181)) - d125a0e9-cc1d-49ad-8efe-65f48e7470f1:group-77EFF6DFF1D6:LeaderElection2: begin an election at term 1 for -1: [d125a0e9-cc1d-49ad-8efe-65f48e7470f1:192.168.157.195:46432], old=null
2019-09-12 10:16:58,428 [d125a0e9-cc1d-49ad-8efe-65f48e7470f1:group-77EFF6DFF1D6:LeaderElection2] INFO  impl.RoleInfo (RoleInfo.java:shutdownLeaderElection(134)) - d125a0e9-cc1d-49ad-8efe-65f48e7470f1: shutdown LeaderElection
2019-09-12 10:16:58,428 [d125a0e9-cc1d-49ad-8efe-65f48e7470f1:group-77EFF6DFF1D6:LeaderElection2] INFO  impl.RaftServerImpl (RaftServerImpl.java:setRole(171)) - d125a0e9-cc1d-49ad-8efe-65f48e7470f1:group-77EFF6DFF1D6 changes role from CANDIDATE to LEADER at term 1 for changeToLeader
2019-09-12 10:16:58,428 [d125a0e9-cc1d-49ad-8efe-65f48e7470f1:group-77EFF6DFF1D6:LeaderElection2] INFO  impl.RaftServerImpl (ServerState.java:setLeader(263)) - d125a0e9-cc1d-49ad-8efe-65f48e7470f1:group-77EFF6DFF1D6 change Leader from null to d125a0e9-cc1d-49ad-8efe-65f48e7470f1 at term 1 for becomeLeader, leader elected after 5209ms
2019-09-12 10:16:58,429 [d125a0e9-cc1d-49ad-8efe-65f48e7470f1:group-77EFF6DFF1D6:LeaderElection2] INFO  server.RaftServerConfigKeys (ConfUtils.java:logGet(43)) - raft.server.staging.catchup.gap = 1000 (default)
2019-09-12 10:16:58,429 [d125a0e9-cc1d-49ad-8efe-65f48e7470f1:group-77EFF6DFF1D6:LeaderElection2] INFO  server.RaftServerConfigKeys (ConfUtils.java:logGet(43)) - raft.server.rpc.sleep.time = 25ms (default)
2019-09-12 10:16:58,429 [d125a0e9-cc1d-49ad-8efe-65f48e7470f1:group-77EFF6DFF1D6:LeaderElection2] INFO  server.RaftServerConfigKeys (ConfUtils.java:logGet(43)) - raft.server.write.element-limit = 4096 (default)
2019-09-12 10:16:58,429 [d125a0e9-cc1d-49ad-8efe-65f48e7470f1:group-77EFF6DFF1D6:LeaderElection2] INFO  server.RaftServerConfigKeys (ConfUtils.java:logGet(43)) - raft.server.watch.timeout = 10s (default)
2019-09-12 10:16:58,430 [d125a0e9-cc1d-49ad-8efe-65f48e7470f1:group-77EFF6DFF1D6:LeaderElection2] INFO  server.RaftServerConfigKeys (ConfUtils.java:logGet(43)) - raft.server.watch.timeout.denomination = 1s (default)
2019-09-12 10:16:58,430 [d125a0e9-cc1d-49ad-8efe-65f48e7470f1:group-77EFF6DFF1D6:LeaderElection2] INFO  server.RaftServerConfigKeys (ConfUtils.java:logGet(43)) - raft.server.watch.element-limit = 65536 (default)
2019-09-12 10:16:58,430 [d125a0e9-cc1d-49ad-8efe-65f48e7470f1:group-77EFF6DFF1D6:LeaderElection2] INFO  impl.RoleInfo (RoleInfo.java:updateAndGet(143)) - d125a0e9-cc1d-49ad-8efe-65f48e7470f1: start LeaderState
2019-09-12 10:16:58,431 [d125a0e9-cc1d-49ad-8efe-65f48e7470f1:group-77EFF6DFF1D6:LeaderElection2] INFO  segmented.SegmentedRaftLogWorker (SegmentedRaftLogWorker.java:startLogSegment(380)) - d125a0e9-cc1d-49ad-8efe-65f48e7470f1-SegmentedRaftLogWorker:Storage Directory /workdir/hadoop-ozone/integration-test/target/test-dir/MiniOzoneClusterImpl-07260cbc-78d8-43ad-9b31-a55aa369dc3b/datanode-0/data/ratis/d3d8ee13-73cb-404c-8402-77eff6dff1d6: Starting segment from index:0
2019-09-12 10:16:58,431 [d125a0e9-cc1d-49ad-8efe-65f48e7470f1:group-77EFF6DFF1D6:LeaderElection2] INFO  impl.RaftServerImpl (ServerState.java:setRaftConf(361)) - d125a0e9-cc1d-49ad-8efe-65f48e7470f1:group-77EFF6DFF1D6 set configuration 0: [d125a0e9-cc1d-49ad-8efe-65f48e7470f1:192.168.157.195:46432], old=null at 0
2019-09-12 10:16:58,444 [Thread-230] INFO  impl.FollowerState (FollowerState.java:run(106)) - 2ccaf34f-8eeb-4cb8-b9bf-ec796d9a8e8c:group-B081C38BA180 changes to CANDIDATE, lastRpcTime:5094, electionTimeout:5093ms
2019-09-12 10:16:58,444 [Thread-230] INFO  impl.RoleInfo (RoleInfo.java:shutdownFollowerState(121)) - 2ccaf34f-8eeb-4cb8-b9bf-ec796d9a8e8c: shutdown FollowerState
2019-09-12 10:16:58,444 [Thread-230] INFO  impl.RaftServerImpl (RaftServerImpl.java:setRole(171)) - 2ccaf34f-8eeb-4cb8-b9bf-ec796d9a8e8c:group-B081C38BA180 changes role from FOLLOWER to CANDIDATE at term 0 for changeToCandidate
2019-09-12 10:16:58,444 [Thread-230] INFO  impl.RoleInfo (RoleInfo.java:updateAndGet(143)) - 2ccaf34f-8eeb-4cb8-b9bf-ec796d9a8e8c: start LeaderElection
2019-09-12 10:16:58,462 [2ccaf34f-8eeb-4cb8-b9bf-ec796d9a8e8c:group-B081C38BA180:LeaderElection3] INFO  impl.LeaderElection (LeaderElection.java:askForVotes(181)) - 2ccaf34f-8eeb-4cb8-b9bf-ec796d9a8e8c:group-B081C38BA180:LeaderElection3: begin an election at term 1 for -1: [2ccaf34f-8eeb-4cb8-b9bf-ec796d9a8e8c:192.168.157.195:42859], old=null
2019-09-12 10:16:58,464 [2ccaf34f-8eeb-4cb8-b9bf-ec796d9a8e8c:group-B081C38BA180:LeaderElection3] INFO  impl.RoleInfo (RoleInfo.java:shutdownLeaderElection(134)) - 2ccaf34f-8eeb-4cb8-b9bf-ec796d9a8e8c: shutdown LeaderElection
2019-09-12 10:16:58,464 [2ccaf34f-8eeb-4cb8-b9bf-ec796d9a8e8c:group-B081C38BA180:LeaderElection3] INFO  impl.RaftServerImpl (RaftServerImpl.java:setRole(171)) - 2ccaf34f-8eeb-4cb8-b9bf-ec796d9a8e8c:group-B081C38BA180 changes role from CANDIDATE to LEADER at term 1 for changeToLeader
2019-09-12 10:16:58,464 [2ccaf34f-8eeb-4cb8-b9bf-ec796d9a8e8c:group-B081C38BA180:LeaderElection3] INFO  impl.RaftServerImpl (ServerState.java:setLeader(263)) - 2ccaf34f-8eeb-4cb8-b9bf-ec796d9a8e8c:group-B081C38BA180 change Leader from null to 2ccaf34f-8eeb-4cb8-b9bf-ec796d9a8e8c at term 1 for becomeLeader, leader elected after 5122ms
2019-09-12 10:16:58,466 [2ccaf34f-8eeb-4cb8-b9bf-ec796d9a8e8c:group-B081C38BA180:LeaderElection3] INFO  server.RaftServerConfigKeys (ConfUtils.java:logGet(43)) - raft.server.staging.catchup.gap = 1000 (default)
2019-09-12 10:16:58,466 [2ccaf34f-8eeb-4cb8-b9bf-ec796d9a8e8c:group-B081C38BA180:LeaderElection3] INFO  server.RaftServerConfigKeys (ConfUtils.java:logGet(43)) - raft.server.rpc.sleep.time = 25ms (default)
2019-09-12 10:16:58,467 [2ccaf34f-8eeb-4cb8-b9bf-ec796d9a8e8c:group-B081C38BA180:LeaderElection3] INFO  server.RaftServerConfigKeys (ConfUtils.java:logGet(43)) - raft.server.write.element-limit = 4096 (default)
2019-09-12 10:16:58,467 [2ccaf34f-8eeb-4cb8-b9bf-ec796d9a8e8c:group-B081C38BA180:LeaderElection3] INFO  server.RaftServerConfigKeys (ConfUtils.java:logGet(43)) - raft.server.watch.timeout = 10s (default)
2019-09-12 10:16:58,467 [2ccaf34f-8eeb-4cb8-b9bf-ec796d9a8e8c:group-B081C38BA180:LeaderElection3] INFO  server.RaftServerConfigKeys (ConfUtils.java:logGet(43)) - raft.server.watch.timeout.denomination = 1s (default)
2019-09-12 10:16:58,467 [2ccaf34f-8eeb-4cb8-b9bf-ec796d9a8e8c:group-B081C38BA180:LeaderElection3] INFO  server.RaftServerConfigKeys (ConfUtils.java:logGet(43)) - raft.server.watch.element-limit = 65536 (default)
2019-09-12 10:16:58,468 [2ccaf34f-8eeb-4cb8-b9bf-ec796d9a8e8c:group-B081C38BA180:LeaderElection3] INFO  impl.RoleInfo (RoleInfo.java:updateAndGet(143)) - 2ccaf34f-8eeb-4cb8-b9bf-ec796d9a8e8c: start LeaderState
2019-09-12 10:16:58,468 [2ccaf34f-8eeb-4cb8-b9bf-ec796d9a8e8c:group-B081C38BA180:LeaderElection3] INFO  segmented.SegmentedRaftLogWorker (SegmentedRaftLogWorker.java:startLogSegment(380)) - 2ccaf34f-8eeb-4cb8-b9bf-ec796d9a8e8c-SegmentedRaftLogWorker:Storage Directory /workdir/hadoop-ozone/integration-test/target/test-dir/MiniOzoneClusterImpl-07260cbc-78d8-43ad-9b31-a55aa369dc3b/datanode-2/data/ratis/7544252b-6fe2-4a43-835f-b081c38ba180: Starting segment from index:0
2019-09-12 10:16:58,469 [2ccaf34f-8eeb-4cb8-b9bf-ec796d9a8e8c:group-B081C38BA180:LeaderElection3] INFO  impl.RaftServerImpl (ServerState.java:setRaftConf(361)) - 2ccaf34f-8eeb-4cb8-b9bf-ec796d9a8e8c:group-B081C38BA180 set configuration 0: [2ccaf34f-8eeb-4cb8-b9bf-ec796d9a8e8c:192.168.157.195:42859], old=null at 0
2019-09-12 10:16:58,588 [Thread-233] INFO  impl.FollowerState (FollowerState.java:run(106)) - 754318a0-7d43-4de4-9a7a-4e513334fcf8:group-E8984CAEC24B changes to CANDIDATE, lastRpcTime:5157, electionTimeout:5157ms
2019-09-12 10:16:58,588 [Thread-233] INFO  impl.RoleInfo (RoleInfo.java:shutdownFollowerState(121)) - 754318a0-7d43-4de4-9a7a-4e513334fcf8: shutdown FollowerState
2019-09-12 10:16:58,588 [Thread-233] INFO  impl.RaftServerImpl (RaftServerImpl.java:setRole(171)) - 754318a0-7d43-4de4-9a7a-4e513334fcf8:group-E8984CAEC24B changes role from FOLLOWER to CANDIDATE at term 0 for changeToCandidate
2019-09-12 10:16:58,588 [Thread-233] INFO  impl.RoleInfo (RoleInfo.java:updateAndGet(143)) - 754318a0-7d43-4de4-9a7a-4e513334fcf8: start LeaderElection
2019-09-12 10:16:58,602 [754318a0-7d43-4de4-9a7a-4e513334fcf8:group-E8984CAEC24B:LeaderElection4] INFO  impl.LeaderElection (LeaderElection.java:askForVotes(181)) - 754318a0-7d43-4de4-9a7a-4e513334fcf8:group-E8984CAEC24B:LeaderElection4: begin an election at term 1 for -1: [754318a0-7d43-4de4-9a7a-4e513334fcf8:192.168.157.195:36711], old=null
2019-09-12 10:16:58,603 [754318a0-7d43-4de4-9a7a-4e513334fcf8:group-E8984CAEC24B:LeaderElection4] INFO  impl.RoleInfo (RoleInfo.java:shutdownLeaderElection(134)) - 754318a0-7d43-4de4-9a7a-4e513334fcf8: shutdown LeaderElection
2019-09-12 10:16:58,603 [754318a0-7d43-4de4-9a7a-4e513334fcf8:group-E8984CAEC24B:LeaderElection4] INFO  impl.RaftServerImpl (RaftServerImpl.java:setRole(171)) - 754318a0-7d43-4de4-9a7a-4e513334fcf8:group-E8984CAEC24B changes role from CANDIDATE to LEADER at term 1 for changeToLeader
2019-09-12 10:16:58,603 [754318a0-7d43-4de4-9a7a-4e513334fcf8:group-E8984CAEC24B:LeaderElection4] INFO  impl.RaftServerImpl (ServerState.java:setLeader(263)) - 754318a0-7d43-4de4-9a7a-4e513334fcf8:group-E8984CAEC24B change Leader from null to 754318a0-7d43-4de4-9a7a-4e513334fcf8 at term 1 for becomeLeader, leader elected after 5178ms
2019-09-12 10:16:58,605 [754318a0-7d43-4de4-9a7a-4e513334fcf8:group-E8984CAEC24B:LeaderElection4] INFO  server.RaftServerConfigKeys (ConfUtils.java:logGet(43)) - raft.server.staging.catchup.gap = 1000 (default)
2019-09-12 10:16:58,605 [754318a0-7d43-4de4-9a7a-4e513334fcf8:group-E8984CAEC24B:LeaderElection4] INFO  server.RaftServerConfigKeys (ConfUtils.java:logGet(43)) - raft.server.rpc.sleep.time = 25ms (default)
2019-09-12 10:16:58,605 [754318a0-7d43-4de4-9a7a-4e513334fcf8:group-E8984CAEC24B:LeaderElection4] INFO  server.RaftServerConfigKeys (ConfUtils.java:logGet(43)) - raft.server.write.element-limit = 4096 (default)
2019-09-12 10:16:58,605 [754318a0-7d43-4de4-9a7a-4e513334fcf8:group-E8984CAEC24B:LeaderElection4] INFO  server.RaftServerConfigKeys (ConfUtils.java:logGet(43)) - raft.server.watch.timeout = 10s (default)
2019-09-12 10:16:58,605 [754318a0-7d43-4de4-9a7a-4e513334fcf8:group-E8984CAEC24B:LeaderElection4] INFO  server.RaftServerConfigKeys (ConfUtils.java:logGet(43)) - raft.server.watch.timeout.denomination = 1s (default)
2019-09-12 10:16:58,606 [754318a0-7d43-4de4-9a7a-4e513334fcf8:group-E8984CAEC24B:LeaderElection4] INFO  server.RaftServerConfigKeys (ConfUtils.java:logGet(43)) - raft.server.watch.element-limit = 65536 (default)
2019-09-12 10:16:58,606 [754318a0-7d43-4de4-9a7a-4e513334fcf8:group-E8984CAEC24B:LeaderElection4] INFO  impl.RoleInfo (RoleInfo.java:updateAndGet(143)) - 754318a0-7d43-4de4-9a7a-4e513334fcf8: start LeaderState
2019-09-12 10:16:58,606 [754318a0-7d43-4de4-9a7a-4e513334fcf8:group-E8984CAEC24B:LeaderElection4] INFO  segmented.SegmentedRaftLogWorker (SegmentedRaftLogWorker.java:startLogSegment(380)) - 754318a0-7d43-4de4-9a7a-4e513334fcf8-SegmentedRaftLogWorker:Storage Directory /workdir/hadoop-ozone/integration-test/target/test-dir/MiniOzoneClusterImpl-07260cbc-78d8-43ad-9b31-a55aa369dc3b/datanode-4/data/ratis/6bc8e0fb-ee8e-4648-a0cb-e8984caec24b: Starting segment from index:0
2019-09-12 10:16:58,607 [754318a0-7d43-4de4-9a7a-4e513334fcf8:group-E8984CAEC24B:LeaderElection4] INFO  impl.RaftServerImpl (ServerState.java:setRaftConf(361)) - 754318a0-7d43-4de4-9a7a-4e513334fcf8:group-E8984CAEC24B set configuration 0: [754318a0-7d43-4de4-9a7a-4e513334fcf8:192.168.157.195:36711], old=null at 0
2019-09-12 10:16:58,630 [Thread-236] INFO  impl.FollowerState (FollowerState.java:run(106)) - 754318a0-7d43-4de4-9a7a-4e513334fcf8:group-8A872F9FA28B changes to CANDIDATE, lastRpcTime:5130, electionTimeout:5130ms
2019-09-12 10:16:58,630 [Thread-236] INFO  impl.RoleInfo (RoleInfo.java:shutdownFollowerState(121)) - 754318a0-7d43-4de4-9a7a-4e513334fcf8: shutdown FollowerState
2019-09-12 10:16:58,630 [Thread-236] INFO  impl.RaftServerImpl (RaftServerImpl.java:setRole(171)) - 754318a0-7d43-4de4-9a7a-4e513334fcf8:group-8A872F9FA28B changes role from FOLLOWER to CANDIDATE at term 0 for changeToCandidate
2019-09-12 10:16:58,631 [Thread-236] INFO  impl.RoleInfo (RoleInfo.java:updateAndGet(143)) - 754318a0-7d43-4de4-9a7a-4e513334fcf8: start LeaderElection
2019-09-12 10:16:58,671 [d125a0e9-cc1d-49ad-8efe-65f48e7470f1-SegmentedRaftLogWorker:Storage Directory /workdir/hadoop-ozone/integration-test/target/test-dir/MiniOzoneClusterImpl-07260cbc-78d8-43ad-9b31-a55aa369dc3b/datanode-0/data/ratis/d7b8c6f4-9021-48ff-8f4a-8b80bbeaf203] INFO  segmented.SegmentedRaftLogWorker (SegmentedRaftLogWorker.java:execute(569)) - d125a0e9-cc1d-49ad-8efe-65f48e7470f1-SegmentedRaftLogWorker:Storage Directory /workdir/hadoop-ozone/integration-test/target/test-dir/MiniOzoneClusterImpl-07260cbc-78d8-43ad-9b31-a55aa369dc3b/datanode-0/data/ratis/d7b8c6f4-9021-48ff-8f4a-8b80bbeaf203: created new log segment /workdir/hadoop-ozone/integration-test/target/test-dir/MiniOzoneClusterImpl-07260cbc-78d8-43ad-9b31-a55aa369dc3b/datanode-0/data/ratis/d7b8c6f4-9021-48ff-8f4a-8b80bbeaf203/current/log_inprogress_0
2019-09-12 10:16:58,671 [2ccaf34f-8eeb-4cb8-b9bf-ec796d9a8e8c-SegmentedRaftLogWorker:Storage Directory /workdir/hadoop-ozone/integration-test/target/test-dir/MiniOzoneClusterImpl-07260cbc-78d8-43ad-9b31-a55aa369dc3b/datanode-2/data/ratis/7544252b-6fe2-4a43-835f-b081c38ba180] INFO  segmented.SegmentedRaftLogWorker (SegmentedRaftLogWorker.java:execute(569)) - 2ccaf34f-8eeb-4cb8-b9bf-ec796d9a8e8c-SegmentedRaftLogWorker:Storage Directory /workdir/hadoop-ozone/integration-test/target/test-dir/MiniOzoneClusterImpl-07260cbc-78d8-43ad-9b31-a55aa369dc3b/datanode-2/data/ratis/7544252b-6fe2-4a43-835f-b081c38ba180: created new log segment /workdir/hadoop-ozone/integration-test/target/test-dir/MiniOzoneClusterImpl-07260cbc-78d8-43ad-9b31-a55aa369dc3b/datanode-2/data/ratis/7544252b-6fe2-4a43-835f-b081c38ba180/current/log_inprogress_0
2019-09-12 10:16:58,671 [754318a0-7d43-4de4-9a7a-4e513334fcf8:group-8A872F9FA28B:LeaderElection5] INFO  impl.LeaderElection (LeaderElection.java:askForVotes(181)) - 754318a0-7d43-4de4-9a7a-4e513334fcf8:group-8A872F9FA28B:LeaderElection5: begin an election at term 1 for -1: [754318a0-7d43-4de4-9a7a-4e513334fcf8:192.168.157.195:36711], old=null
2019-09-12 10:16:58,671 [d125a0e9-cc1d-49ad-8efe-65f48e7470f1-SegmentedRaftLogWorker:Storage Directory /workdir/hadoop-ozone/integration-test/target/test-dir/MiniOzoneClusterImpl-07260cbc-78d8-43ad-9b31-a55aa369dc3b/datanode-0/data/ratis/d3d8ee13-73cb-404c-8402-77eff6dff1d6] INFO  segmented.SegmentedRaftLogWorker (SegmentedRaftLogWorker.java:execute(569)) - d125a0e9-cc1d-49ad-8efe-65f48e7470f1-SegmentedRaftLogWorker:Storage Directory /workdir/hadoop-ozone/integration-test/target/test-dir/MiniOzoneClusterImpl-07260cbc-78d8-43ad-9b31-a55aa369dc3b/datanode-0/data/ratis/d3d8ee13-73cb-404c-8402-77eff6dff1d6: created new log segment /workdir/hadoop-ozone/integration-test/target/test-dir/MiniOzoneClusterImpl-07260cbc-78d8-43ad-9b31-a55aa369dc3b/datanode-0/data/ratis/d3d8ee13-73cb-404c-8402-77eff6dff1d6/current/log_inprogress_0
2019-09-12 10:16:58,671 [754318a0-7d43-4de4-9a7a-4e513334fcf8-SegmentedRaftLogWorker:Storage Directory /workdir/hadoop-ozone/integration-test/target/test-dir/MiniOzoneClusterImpl-07260cbc-78d8-43ad-9b31-a55aa369dc3b/datanode-4/data/ratis/6bc8e0fb-ee8e-4648-a0cb-e8984caec24b] INFO  segmented.SegmentedRaftLogWorker (SegmentedRaftLogWorker.java:execute(569)) - 754318a0-7d43-4de4-9a7a-4e513334fcf8-SegmentedRaftLogWorker:Storage Directory /workdir/hadoop-ozone/integration-test/target/test-dir/MiniOzoneClusterImpl-07260cbc-78d8-43ad-9b31-a55aa369dc3b/datanode-4/data/ratis/6bc8e0fb-ee8e-4648-a0cb-e8984caec24b: created new log segment /workdir/hadoop-ozone/integration-test/target/test-dir/MiniOzoneClusterImpl-07260cbc-78d8-43ad-9b31-a55aa369dc3b/datanode-4/data/ratis/6bc8e0fb-ee8e-4648-a0cb-e8984caec24b/current/log_inprogress_0
2019-09-12 10:16:58,674 [754318a0-7d43-4de4-9a7a-4e513334fcf8:group-8A872F9FA28B:LeaderElection5] INFO  impl.RoleInfo (RoleInfo.java:shutdownLeaderElection(134)) - 754318a0-7d43-4de4-9a7a-4e513334fcf8: shutdown LeaderElection
2019-09-12 10:16:58,681 [754318a0-7d43-4de4-9a7a-4e513334fcf8:group-8A872F9FA28B:LeaderElection5] INFO  impl.RaftServerImpl (RaftServerImpl.java:setRole(171)) - 754318a0-7d43-4de4-9a7a-4e513334fcf8:group-8A872F9FA28B changes role from CANDIDATE to LEADER at term 1 for changeToLeader
2019-09-12 10:16:58,681 [754318a0-7d43-4de4-9a7a-4e513334fcf8:group-8A872F9FA28B:LeaderElection5] INFO  impl.RaftServerImpl (ServerState.java:setLeader(263)) - 754318a0-7d43-4de4-9a7a-4e513334fcf8:group-8A872F9FA28B change Leader from null to 754318a0-7d43-4de4-9a7a-4e513334fcf8 at term 1 for becomeLeader, leader elected after 5186ms
2019-09-12 10:16:58,681 [754318a0-7d43-4de4-9a7a-4e513334fcf8:group-8A872F9FA28B:LeaderElection5] INFO  server.RaftServerConfigKeys (ConfUtils.java:logGet(43)) - raft.server.staging.catchup.gap = 1000 (default)
2019-09-12 10:16:58,682 [754318a0-7d43-4de4-9a7a-4e513334fcf8:group-8A872F9FA28B:LeaderElection5] INFO  server.RaftServerConfigKeys (ConfUtils.java:logGet(43)) - raft.server.rpc.sleep.time = 25ms (default)
2019-09-12 10:16:58,682 [754318a0-7d43-4de4-9a7a-4e513334fcf8:group-8A872F9FA28B:LeaderElection5] INFO  server.RaftServerConfigKeys (ConfUtils.java:logGet(43)) - raft.server.write.element-limit = 4096 (default)
2019-09-12 10:16:58,682 [754318a0-7d43-4de4-9a7a-4e513334fcf8:group-8A872F9FA28B:LeaderElection5] INFO  server.RaftServerConfigKeys (ConfUtils.java:logGet(43)) - raft.server.watch.timeout = 10s (default)
2019-09-12 10:16:58,682 [754318a0-7d43-4de4-9a7a-4e513334fcf8:group-8A872F9FA28B:LeaderElection5] INFO  server.RaftServerConfigKeys (ConfUtils.java:logGet(43)) - raft.server.watch.timeout.denomination = 1s (default)
2019-09-12 10:16:58,683 [754318a0-7d43-4de4-9a7a-4e513334fcf8:group-8A872F9FA28B:LeaderElection5] INFO  server.RaftServerConfigKeys (ConfUtils.java:logGet(43)) - raft.server.watch.element-limit = 65536 (default)
2019-09-12 10:16:58,683 [754318a0-7d43-4de4-9a7a-4e513334fcf8:group-8A872F9FA28B:LeaderElection5] INFO  impl.RoleInfo (RoleInfo.java:updateAndGet(143)) - 754318a0-7d43-4de4-9a7a-4e513334fcf8: start LeaderState
2019-09-12 10:16:58,684 [754318a0-7d43-4de4-9a7a-4e513334fcf8:group-8A872F9FA28B:LeaderElection5] INFO  segmented.SegmentedRaftLogWorker (SegmentedRaftLogWorker.java:startLogSegment(380)) - 754318a0-7d43-4de4-9a7a-4e513334fcf8-SegmentedRaftLogWorker:Storage Directory /workdir/hadoop-ozone/integration-test/target/test-dir/MiniOzoneClusterImpl-07260cbc-78d8-43ad-9b31-a55aa369dc3b/datanode-4/data/ratis/f2998486-4e6a-4c06-86fb-8a872f9fa28b: Starting segment from index:0
2019-09-12 10:16:58,684 [754318a0-7d43-4de4-9a7a-4e513334fcf8:group-8A872F9FA28B:LeaderElection5] INFO  impl.RaftServerImpl (ServerState.java:setRaftConf(361)) - 754318a0-7d43-4de4-9a7a-4e513334fcf8:group-8A872F9FA28B set configuration 0: [754318a0-7d43-4de4-9a7a-4e513334fcf8:192.168.157.195:36711], old=null at 0
2019-09-12 10:16:58,725 | INFO  | SCMAudit | user=jenkins1000 | ip=192.168.157.195 | op=SEND_HEARTBEAT {datanodeUUID=754318a0-7d43-4de4-9a7a-4e513334fcf8, command=[]} | ret=SUCCESS |  
2019-09-12 10:16:58,733 [754318a0-7d43-4de4-9a7a-4e513334fcf8-SegmentedRaftLogWorker:Storage Directory /workdir/hadoop-ozone/integration-test/target/test-dir/MiniOzoneClusterImpl-07260cbc-78d8-43ad-9b31-a55aa369dc3b/datanode-4/data/ratis/f2998486-4e6a-4c06-86fb-8a872f9fa28b] INFO  segmented.SegmentedRaftLogWorker (SegmentedRaftLogWorker.java:execute(569)) - 754318a0-7d43-4de4-9a7a-4e513334fcf8-SegmentedRaftLogWorker:Storage Directory /workdir/hadoop-ozone/integration-test/target/test-dir/MiniOzoneClusterImpl-07260cbc-78d8-43ad-9b31-a55aa369dc3b/datanode-4/data/ratis/f2998486-4e6a-4c06-86fb-8a872f9fa28b: created new log segment /workdir/hadoop-ozone/integration-test/target/test-dir/MiniOzoneClusterImpl-07260cbc-78d8-43ad-9b31-a55aa369dc3b/datanode-4/data/ratis/f2998486-4e6a-4c06-86fb-8a872f9fa28b/current/log_inprogress_0
2019-09-12 10:16:58,739 [Thread-239] INFO  impl.FollowerState (FollowerState.java:run(106)) - 2ccaf34f-8eeb-4cb8-b9bf-ec796d9a8e8c:group-809AA36F1D90 changes to CANDIDATE, lastRpcTime:5162, electionTimeout:5162ms
2019-09-12 10:16:58,739 [Thread-239] INFO  impl.RoleInfo (RoleInfo.java:shutdownFollowerState(121)) - 2ccaf34f-8eeb-4cb8-b9bf-ec796d9a8e8c: shutdown FollowerState
2019-09-12 10:16:58,739 [Thread-239] INFO  impl.RaftServerImpl (RaftServerImpl.java:setRole(171)) - 2ccaf34f-8eeb-4cb8-b9bf-ec796d9a8e8c:group-809AA36F1D90 changes role from FOLLOWER to CANDIDATE at term 0 for changeToCandidate
2019-09-12 10:16:58,739 [Thread-239] INFO  impl.RoleInfo (RoleInfo.java:updateAndGet(143)) - 2ccaf34f-8eeb-4cb8-b9bf-ec796d9a8e8c: start LeaderElection
2019-09-12 10:16:58,749 | INFO  | SCMAudit | user=jenkins1000 | ip=192.168.157.195 | op=SEND_HEARTBEAT {datanodeUUID=d125a0e9-cc1d-49ad-8efe-65f48e7470f1, command=[]} | ret=SUCCESS |  
2019-09-12 10:16:58,757 [2ccaf34f-8eeb-4cb8-b9bf-ec796d9a8e8c:group-809AA36F1D90:LeaderElection6] INFO  impl.LeaderElection (LeaderElection.java:askForVotes(181)) - 2ccaf34f-8eeb-4cb8-b9bf-ec796d9a8e8c:group-809AA36F1D90:LeaderElection6: begin an election at term 1 for -1: [2ccaf34f-8eeb-4cb8-b9bf-ec796d9a8e8c:192.168.157.195:42859], old=null
2019-09-12 10:16:58,758 [2ccaf34f-8eeb-4cb8-b9bf-ec796d9a8e8c:group-809AA36F1D90:LeaderElection6] INFO  impl.RoleInfo (RoleInfo.java:shutdownLeaderElection(134)) - 2ccaf34f-8eeb-4cb8-b9bf-ec796d9a8e8c: shutdown LeaderElection
2019-09-12 10:16:58,758 [2ccaf34f-8eeb-4cb8-b9bf-ec796d9a8e8c:group-809AA36F1D90:LeaderElection6] INFO  impl.RaftServerImpl (RaftServerImpl.java:setRole(171)) - 2ccaf34f-8eeb-4cb8-b9bf-ec796d9a8e8c:group-809AA36F1D90 changes role from CANDIDATE to LEADER at term 1 for changeToLeader
2019-09-12 10:16:58,758 [2ccaf34f-8eeb-4cb8-b9bf-ec796d9a8e8c:group-809AA36F1D90:LeaderElection6] INFO  impl.RaftServerImpl (ServerState.java:setLeader(263)) - 2ccaf34f-8eeb-4cb8-b9bf-ec796d9a8e8c:group-809AA36F1D90 change Leader from null to 2ccaf34f-8eeb-4cb8-b9bf-ec796d9a8e8c at term 1 for becomeLeader, leader elected after 5187ms
2019-09-12 10:16:58,758 [2ccaf34f-8eeb-4cb8-b9bf-ec796d9a8e8c:group-809AA36F1D90:LeaderElection6] INFO  server.RaftServerConfigKeys (ConfUtils.java:logGet(43)) - raft.server.staging.catchup.gap = 1000 (default)
2019-09-12 10:16:58,758 [2ccaf34f-8eeb-4cb8-b9bf-ec796d9a8e8c:group-809AA36F1D90:LeaderElection6] INFO  server.RaftServerConfigKeys (ConfUtils.java:logGet(43)) - raft.server.rpc.sleep.time = 25ms (default)
2019-09-12 10:16:58,759 [2ccaf34f-8eeb-4cb8-b9bf-ec796d9a8e8c:group-809AA36F1D90:LeaderElection6] INFO  server.RaftServerConfigKeys (ConfUtils.java:logGet(43)) - raft.server.write.element-limit = 4096 (default)
2019-09-12 10:16:58,759 [2ccaf34f-8eeb-4cb8-b9bf-ec796d9a8e8c:group-809AA36F1D90:LeaderElection6] INFO  server.RaftServerConfigKeys (ConfUtils.java:logGet(43)) - raft.server.watch.timeout = 10s (default)
2019-09-12 10:16:58,759 [2ccaf34f-8eeb-4cb8-b9bf-ec796d9a8e8c:group-809AA36F1D90:LeaderElection6] INFO  server.RaftServerConfigKeys (ConfUtils.java:logGet(43)) - raft.server.watch.timeout.denomination = 1s (default)
2019-09-12 10:16:58,759 [2ccaf34f-8eeb-4cb8-b9bf-ec796d9a8e8c:group-809AA36F1D90:LeaderElection6] INFO  server.RaftServerConfigKeys (ConfUtils.java:logGet(43)) - raft.server.watch.element-limit = 65536 (default)
2019-09-12 10:16:58,759 [2ccaf34f-8eeb-4cb8-b9bf-ec796d9a8e8c:group-809AA36F1D90:LeaderElection6] INFO  impl.RoleInfo (RoleInfo.java:updateAndGet(143)) - 2ccaf34f-8eeb-4cb8-b9bf-ec796d9a8e8c: start LeaderState
2019-09-12 10:16:58,760 [2ccaf34f-8eeb-4cb8-b9bf-ec796d9a8e8c:group-809AA36F1D90:LeaderElection6] INFO  segmented.SegmentedRaftLogWorker (SegmentedRaftLogWorker.java:startLogSegment(380)) - 2ccaf34f-8eeb-4cb8-b9bf-ec796d9a8e8c-SegmentedRaftLogWorker:Storage Directory /workdir/hadoop-ozone/integration-test/target/test-dir/MiniOzoneClusterImpl-07260cbc-78d8-43ad-9b31-a55aa369dc3b/datanode-2/data/ratis/7efd8472-e19a-485d-b540-809aa36f1d90: Starting segment from index:0
2019-09-12 10:16:58,760 [2ccaf34f-8eeb-4cb8-b9bf-ec796d9a8e8c:group-809AA36F1D90:LeaderElection6] INFO  impl.RaftServerImpl (ServerState.java:setRaftConf(361)) - 2ccaf34f-8eeb-4cb8-b9bf-ec796d9a8e8c:group-809AA36F1D90 set configuration 0: [2ccaf34f-8eeb-4cb8-b9bf-ec796d9a8e8c:192.168.157.195:42859], old=null at 0
2019-09-12 10:16:58,805 [2ccaf34f-8eeb-4cb8-b9bf-ec796d9a8e8c-SegmentedRaftLogWorker:Storage Directory /workdir/hadoop-ozone/integration-test/target/test-dir/MiniOzoneClusterImpl-07260cbc-78d8-43ad-9b31-a55aa369dc3b/datanode-2/data/ratis/7efd8472-e19a-485d-b540-809aa36f1d90] INFO  segmented.SegmentedRaftLogWorker (SegmentedRaftLogWorker.java:execute(569)) - 2ccaf34f-8eeb-4cb8-b9bf-ec796d9a8e8c-SegmentedRaftLogWorker:Storage Directory /workdir/hadoop-ozone/integration-test/target/test-dir/MiniOzoneClusterImpl-07260cbc-78d8-43ad-9b31-a55aa369dc3b/datanode-2/data/ratis/7efd8472-e19a-485d-b540-809aa36f1d90: created new log segment /workdir/hadoop-ozone/integration-test/target/test-dir/MiniOzoneClusterImpl-07260cbc-78d8-43ad-9b31-a55aa369dc3b/datanode-2/data/ratis/7efd8472-e19a-485d-b540-809aa36f1d90/current/log_inprogress_0
2019-09-12 10:16:58,809 [Thread-242] INFO  impl.FollowerState (FollowerState.java:run(106)) - 2c6903b2-bd88-4155-8644-e70f9499caec:group-9F95C5A03BA9 changes to CANDIDATE, lastRpcTime:5159, electionTimeout:5159ms
2019-09-12 10:16:58,809 [Thread-242] INFO  impl.RoleInfo (RoleInfo.java:shutdownFollowerState(121)) - 2c6903b2-bd88-4155-8644-e70f9499caec: shutdown FollowerState
2019-09-12 10:16:58,809 [Thread-242] INFO  impl.RaftServerImpl (RaftServerImpl.java:setRole(171)) - 2c6903b2-bd88-4155-8644-e70f9499caec:group-9F95C5A03BA9 changes role from FOLLOWER to CANDIDATE at term 0 for changeToCandidate
2019-09-12 10:16:58,809 [Thread-242] INFO  impl.RoleInfo (RoleInfo.java:updateAndGet(143)) - 2c6903b2-bd88-4155-8644-e70f9499caec: start LeaderElection
2019-09-12 10:16:58,828 [2c6903b2-bd88-4155-8644-e70f9499caec:group-9F95C5A03BA9:LeaderElection7] INFO  impl.LeaderElection (LeaderElection.java:askForVotes(181)) - 2c6903b2-bd88-4155-8644-e70f9499caec:group-9F95C5A03BA9:LeaderElection7: begin an election at term 1 for -1: [2c6903b2-bd88-4155-8644-e70f9499caec:192.168.157.195:40334], old=null
2019-09-12 10:16:58,828 [2c6903b2-bd88-4155-8644-e70f9499caec:group-9F95C5A03BA9:LeaderElection7] INFO  impl.RoleInfo (RoleInfo.java:shutdownLeaderElection(134)) - 2c6903b2-bd88-4155-8644-e70f9499caec: shutdown LeaderElection
2019-09-12 10:16:58,828 [2c6903b2-bd88-4155-8644-e70f9499caec:group-9F95C5A03BA9:LeaderElection7] INFO  impl.RaftServerImpl (RaftServerImpl.java:setRole(171)) - 2c6903b2-bd88-4155-8644-e70f9499caec:group-9F95C5A03BA9 changes role from CANDIDATE to LEADER at term 1 for changeToLeader
2019-09-12 10:16:58,828 [2c6903b2-bd88-4155-8644-e70f9499caec:group-9F95C5A03BA9:LeaderElection7] INFO  impl.RaftServerImpl (ServerState.java:setLeader(263)) - 2c6903b2-bd88-4155-8644-e70f9499caec:group-9F95C5A03BA9 change Leader from null to 2c6903b2-bd88-4155-8644-e70f9499caec at term 1 for becomeLeader, leader elected after 5184ms
2019-09-12 10:16:58,830 [2c6903b2-bd88-4155-8644-e70f9499caec:group-9F95C5A03BA9:LeaderElection7] INFO  server.RaftServerConfigKeys (ConfUtils.java:logGet(43)) - raft.server.staging.catchup.gap = 1000 (default)
2019-09-12 10:16:58,830 [2c6903b2-bd88-4155-8644-e70f9499caec:group-9F95C5A03BA9:LeaderElection7] INFO  server.RaftServerConfigKeys (ConfUtils.java:logGet(43)) - raft.server.rpc.sleep.time = 25ms (default)
2019-09-12 10:16:58,830 [2c6903b2-bd88-4155-8644-e70f9499caec:group-9F95C5A03BA9:LeaderElection7] INFO  server.RaftServerConfigKeys (ConfUtils.java:logGet(43)) - raft.server.write.element-limit = 4096 (default)
2019-09-12 10:16:58,830 [2c6903b2-bd88-4155-8644-e70f9499caec:group-9F95C5A03BA9:LeaderElection7] INFO  server.RaftServerConfigKeys (ConfUtils.java:logGet(43)) - raft.server.watch.timeout = 10s (default)
2019-09-12 10:16:58,830 [2c6903b2-bd88-4155-8644-e70f9499caec:group-9F95C5A03BA9:LeaderElection7] INFO  server.RaftServerConfigKeys (ConfUtils.java:logGet(43)) - raft.server.watch.timeout.denomination = 1s (default)
2019-09-12 10:16:58,830 [2c6903b2-bd88-4155-8644-e70f9499caec:group-9F95C5A03BA9:LeaderElection7] INFO  server.RaftServerConfigKeys (ConfUtils.java:logGet(43)) - raft.server.watch.element-limit = 65536 (default)
2019-09-12 10:16:58,831 [2c6903b2-bd88-4155-8644-e70f9499caec:group-9F95C5A03BA9:LeaderElection7] INFO  impl.RoleInfo (RoleInfo.java:updateAndGet(143)) - 2c6903b2-bd88-4155-8644-e70f9499caec: start LeaderState
2019-09-12 10:16:58,831 [2c6903b2-bd88-4155-8644-e70f9499caec:group-9F95C5A03BA9:LeaderElection7] INFO  segmented.SegmentedRaftLogWorker (SegmentedRaftLogWorker.java:startLogSegment(380)) - 2c6903b2-bd88-4155-8644-e70f9499caec-SegmentedRaftLogWorker:Storage Directory /workdir/hadoop-ozone/integration-test/target/test-dir/MiniOzoneClusterImpl-07260cbc-78d8-43ad-9b31-a55aa369dc3b/datanode-1/data/ratis/1d52e273-916f-416a-bb3c-9f95c5a03ba9: Starting segment from index:0
2019-09-12 10:16:58,831 [2c6903b2-bd88-4155-8644-e70f9499caec:group-9F95C5A03BA9:LeaderElection7] INFO  impl.RaftServerImpl (ServerState.java:setRaftConf(361)) - 2c6903b2-bd88-4155-8644-e70f9499caec:group-9F95C5A03BA9 set configuration 0: [2c6903b2-bd88-4155-8644-e70f9499caec:192.168.157.195:40334], old=null at 0
2019-09-12 10:16:58,865 [Thread-251] INFO  impl.FollowerState (FollowerState.java:run(106)) - 2c6903b2-bd88-4155-8644-e70f9499caec:group-4C38D87E6F45 changes to CANDIDATE, lastRpcTime:5009, electionTimeout:5004ms
2019-09-12 10:16:58,879 [2c6903b2-bd88-4155-8644-e70f9499caec-SegmentedRaftLogWorker:Storage Directory /workdir/hadoop-ozone/integration-test/target/test-dir/MiniOzoneClusterImpl-07260cbc-78d8-43ad-9b31-a55aa369dc3b/datanode-1/data/ratis/1d52e273-916f-416a-bb3c-9f95c5a03ba9] INFO  segmented.SegmentedRaftLogWorker (SegmentedRaftLogWorker.java:execute(569)) - 2c6903b2-bd88-4155-8644-e70f9499caec-SegmentedRaftLogWorker:Storage Directory /workdir/hadoop-ozone/integration-test/target/test-dir/MiniOzoneClusterImpl-07260cbc-78d8-43ad-9b31-a55aa369dc3b/datanode-1/data/ratis/1d52e273-916f-416a-bb3c-9f95c5a03ba9: created new log segment /workdir/hadoop-ozone/integration-test/target/test-dir/MiniOzoneClusterImpl-07260cbc-78d8-43ad-9b31-a55aa369dc3b/datanode-1/data/ratis/1d52e273-916f-416a-bb3c-9f95c5a03ba9/current/log_inprogress_0
2019-09-12 10:16:58,879 [Thread-251] INFO  impl.RoleInfo (RoleInfo.java:shutdownFollowerState(121)) - 2c6903b2-bd88-4155-8644-e70f9499caec: shutdown FollowerState
2019-09-12 10:16:58,879 [Thread-251] INFO  impl.RaftServerImpl (RaftServerImpl.java:setRole(171)) - 2c6903b2-bd88-4155-8644-e70f9499caec:group-4C38D87E6F45 changes role from FOLLOWER to CANDIDATE at term 0 for changeToCandidate
2019-09-12 10:16:58,880 [Thread-251] INFO  impl.RoleInfo (RoleInfo.java:updateAndGet(143)) - 2c6903b2-bd88-4155-8644-e70f9499caec: start LeaderElection
2019-09-12 10:16:58,892 [2c6903b2-bd88-4155-8644-e70f9499caec:group-4C38D87E6F45:LeaderElection8] INFO  impl.LeaderElection (LeaderElection.java:askForVotes(181)) - 2c6903b2-bd88-4155-8644-e70f9499caec:group-4C38D87E6F45:LeaderElection8: begin an election at term 1 for -1: [2c6903b2-bd88-4155-8644-e70f9499caec:192.168.157.195:40334], old=null
2019-09-12 10:16:58,892 [2c6903b2-bd88-4155-8644-e70f9499caec:group-4C38D87E6F45:LeaderElection8] INFO  impl.RoleInfo (RoleInfo.java:shutdownLeaderElection(134)) - 2c6903b2-bd88-4155-8644-e70f9499caec: shutdown LeaderElection
2019-09-12 10:16:58,892 [2c6903b2-bd88-4155-8644-e70f9499caec:group-4C38D87E6F45:LeaderElection8] INFO  impl.RaftServerImpl (RaftServerImpl.java:setRole(171)) - 2c6903b2-bd88-4155-8644-e70f9499caec:group-4C38D87E6F45 changes role from CANDIDATE to LEADER at term 1 for changeToLeader
2019-09-12 10:16:58,892 [2c6903b2-bd88-4155-8644-e70f9499caec:group-4C38D87E6F45:LeaderElection8] INFO  impl.RaftServerImpl (ServerState.java:setLeader(263)) - 2c6903b2-bd88-4155-8644-e70f9499caec:group-4C38D87E6F45 change Leader from null to 2c6903b2-bd88-4155-8644-e70f9499caec at term 1 for becomeLeader, leader elected after 5042ms
2019-09-12 10:16:58,892 [2c6903b2-bd88-4155-8644-e70f9499caec:group-4C38D87E6F45:LeaderElection8] INFO  server.RaftServerConfigKeys (ConfUtils.java:logGet(43)) - raft.server.staging.catchup.gap = 1000 (default)
2019-09-12 10:16:58,893 [2c6903b2-bd88-4155-8644-e70f9499caec:group-4C38D87E6F45:LeaderElection8] INFO  server.RaftServerConfigKeys (ConfUtils.java:logGet(43)) - raft.server.rpc.sleep.time = 25ms (default)
2019-09-12 10:16:58,893 [2c6903b2-bd88-4155-8644-e70f9499caec:group-4C38D87E6F45:LeaderElection8] INFO  server.RaftServerConfigKeys (ConfUtils.java:logGet(43)) - raft.server.write.element-limit = 4096 (default)
2019-09-12 10:16:58,893 [2c6903b2-bd88-4155-8644-e70f9499caec:group-4C38D87E6F45:LeaderElection8] INFO  server.RaftServerConfigKeys (ConfUtils.java:logGet(43)) - raft.server.watch.timeout = 10s (default)
2019-09-12 10:16:58,893 [2c6903b2-bd88-4155-8644-e70f9499caec:group-4C38D87E6F45:LeaderElection8] INFO  server.RaftServerConfigKeys (ConfUtils.java:logGet(43)) - raft.server.watch.timeout.denomination = 1s (default)
2019-09-12 10:16:58,893 [2c6903b2-bd88-4155-8644-e70f9499caec:group-4C38D87E6F45:LeaderElection8] INFO  server.RaftServerConfigKeys (ConfUtils.java:logGet(43)) - raft.server.watch.element-limit = 65536 (default)
2019-09-12 10:16:58,893 [2c6903b2-bd88-4155-8644-e70f9499caec:group-4C38D87E6F45:LeaderElection8] INFO  impl.RoleInfo (RoleInfo.java:updateAndGet(143)) - 2c6903b2-bd88-4155-8644-e70f9499caec: start LeaderState
2019-09-12 10:16:58,893 [2c6903b2-bd88-4155-8644-e70f9499caec:group-4C38D87E6F45:LeaderElection8] INFO  segmented.SegmentedRaftLogWorker (SegmentedRaftLogWorker.java:startLogSegment(380)) - 2c6903b2-bd88-4155-8644-e70f9499caec-SegmentedRaftLogWorker:Storage Directory /workdir/hadoop-ozone/integration-test/target/test-dir/MiniOzoneClusterImpl-07260cbc-78d8-43ad-9b31-a55aa369dc3b/datanode-1/data/ratis/542c04a0-7a78-42b7-a095-4c38d87e6f45: Starting segment from index:0
2019-09-12 10:16:58,894 [2c6903b2-bd88-4155-8644-e70f9499caec:group-4C38D87E6F45:LeaderElection8] INFO  impl.RaftServerImpl (ServerState.java:setRaftConf(361)) - 2c6903b2-bd88-4155-8644-e70f9499caec:group-4C38D87E6F45 set configuration 0: [2c6903b2-bd88-4155-8644-e70f9499caec:192.168.157.195:40334], old=null at 0
2019-09-12 10:16:58,932 [Thread-245] INFO  impl.FollowerState (FollowerState.java:run(106)) - d125a0e9-cc1d-49ad-8efe-65f48e7470f1:group-A4381F49D1E0 changes to CANDIDATE, lastRpcTime:5214, electionTimeout:5197ms
2019-09-12 10:16:58,932 [Thread-248] INFO  impl.FollowerState (FollowerState.java:run(106)) - 2c6903b2-bd88-4155-8644-e70f9499caec:group-7AB8E285774B changes to CANDIDATE, lastRpcTime:5145, electionTimeout:5115ms
2019-09-12 10:16:58,932 [Thread-245] INFO  impl.RoleInfo (RoleInfo.java:shutdownFollowerState(121)) - d125a0e9-cc1d-49ad-8efe-65f48e7470f1: shutdown FollowerState
2019-09-12 10:16:58,932 [Thread-248] INFO  impl.RoleInfo (RoleInfo.java:shutdownFollowerState(121)) - 2c6903b2-bd88-4155-8644-e70f9499caec: shutdown FollowerState
2019-09-12 10:16:58,932 [Thread-245] INFO  impl.RaftServerImpl (RaftServerImpl.java:setRole(171)) - d125a0e9-cc1d-49ad-8efe-65f48e7470f1:group-A4381F49D1E0 changes role from FOLLOWER to CANDIDATE at term 0 for changeToCandidate
2019-09-12 10:16:58,932 [Thread-248] INFO  impl.RaftServerImpl (RaftServerImpl.java:setRole(171)) - 2c6903b2-bd88-4155-8644-e70f9499caec:group-7AB8E285774B changes role from FOLLOWER to CANDIDATE at term 0 for changeToCandidate
2019-09-12 10:16:58,933 [Thread-245] INFO  impl.RoleInfo (RoleInfo.java:updateAndGet(143)) - d125a0e9-cc1d-49ad-8efe-65f48e7470f1: start LeaderElection
2019-09-12 10:16:58,933 [Thread-248] INFO  impl.RoleInfo (RoleInfo.java:updateAndGet(143)) - 2c6903b2-bd88-4155-8644-e70f9499caec: start LeaderElection
2019-09-12 10:16:58,945 [2c6903b2-bd88-4155-8644-e70f9499caec-SegmentedRaftLogWorker:Storage Directory /workdir/hadoop-ozone/integration-test/target/test-dir/MiniOzoneClusterImpl-07260cbc-78d8-43ad-9b31-a55aa369dc3b/datanode-1/data/ratis/542c04a0-7a78-42b7-a095-4c38d87e6f45] INFO  segmented.SegmentedRaftLogWorker (SegmentedRaftLogWorker.java:execute(569)) - 2c6903b2-bd88-4155-8644-e70f9499caec-SegmentedRaftLogWorker:Storage Directory /workdir/hadoop-ozone/integration-test/target/test-dir/MiniOzoneClusterImpl-07260cbc-78d8-43ad-9b31-a55aa369dc3b/datanode-1/data/ratis/542c04a0-7a78-42b7-a095-4c38d87e6f45: created new log segment /workdir/hadoop-ozone/integration-test/target/test-dir/MiniOzoneClusterImpl-07260cbc-78d8-43ad-9b31-a55aa369dc3b/datanode-1/data/ratis/542c04a0-7a78-42b7-a095-4c38d87e6f45/current/log_inprogress_0
2019-09-12 10:16:58,945 [d125a0e9-cc1d-49ad-8efe-65f48e7470f1:group-A4381F49D1E0:LeaderElection9] INFO  impl.LeaderElection (LeaderElection.java:askForVotes(181)) - d125a0e9-cc1d-49ad-8efe-65f48e7470f1:group-A4381F49D1E0:LeaderElection9: begin an election at term 1 for -1: [d125a0e9-cc1d-49ad-8efe-65f48e7470f1:192.168.157.195:46432], old=null
2019-09-12 10:16:58,945 [2c6903b2-bd88-4155-8644-e70f9499caec:group-7AB8E285774B:LeaderElection10] INFO  impl.LeaderElection (LeaderElection.java:askForVotes(181)) - 2c6903b2-bd88-4155-8644-e70f9499caec:group-7AB8E285774B:LeaderElection10: begin an election at term 1 for -1: [2c6903b2-bd88-4155-8644-e70f9499caec:192.168.157.195:40334], old=null
2019-09-12 10:16:58,945 [d125a0e9-cc1d-49ad-8efe-65f48e7470f1:group-A4381F49D1E0:LeaderElection9] INFO  impl.RoleInfo (RoleInfo.java:shutdownLeaderElection(134)) - d125a0e9-cc1d-49ad-8efe-65f48e7470f1: shutdown LeaderElection
2019-09-12 10:16:58,945 [2c6903b2-bd88-4155-8644-e70f9499caec:group-7AB8E285774B:LeaderElection10] INFO  impl.RoleInfo (RoleInfo.java:shutdownLeaderElection(134)) - 2c6903b2-bd88-4155-8644-e70f9499caec: shutdown LeaderElection
2019-09-12 10:16:58,945 [d125a0e9-cc1d-49ad-8efe-65f48e7470f1:group-A4381F49D1E0:LeaderElection9] INFO  impl.RaftServerImpl (RaftServerImpl.java:setRole(171)) - d125a0e9-cc1d-49ad-8efe-65f48e7470f1:group-A4381F49D1E0 changes role from CANDIDATE to LEADER at term 1 for changeToLeader
2019-09-12 10:16:58,945 [2c6903b2-bd88-4155-8644-e70f9499caec:group-7AB8E285774B:LeaderElection10] INFO  impl.RaftServerImpl (RaftServerImpl.java:setRole(171)) - 2c6903b2-bd88-4155-8644-e70f9499caec:group-7AB8E285774B changes role from CANDIDATE to LEADER at term 1 for changeToLeader
2019-09-12 10:16:58,946 [d125a0e9-cc1d-49ad-8efe-65f48e7470f1:group-A4381F49D1E0:LeaderElection9] INFO  impl.RaftServerImpl (ServerState.java:setLeader(263)) - d125a0e9-cc1d-49ad-8efe-65f48e7470f1:group-A4381F49D1E0 change Leader from null to d125a0e9-cc1d-49ad-8efe-65f48e7470f1 at term 1 for becomeLeader, leader elected after 5233ms
2019-09-12 10:16:58,946 [2c6903b2-bd88-4155-8644-e70f9499caec:group-7AB8E285774B:LeaderElection10] INFO  impl.RaftServerImpl (ServerState.java:setLeader(263)) - 2c6903b2-bd88-4155-8644-e70f9499caec:group-7AB8E285774B change Leader from null to 2c6903b2-bd88-4155-8644-e70f9499caec at term 1 for becomeLeader, leader elected after 5165ms
2019-09-12 10:16:58,946 [d125a0e9-cc1d-49ad-8efe-65f48e7470f1:group-A4381F49D1E0:LeaderElection9] INFO  server.RaftServerConfigKeys (ConfUtils.java:logGet(43)) - raft.server.staging.catchup.gap = 1000 (default)
2019-09-12 10:16:58,946 [2c6903b2-bd88-4155-8644-e70f9499caec:group-7AB8E285774B:LeaderElection10] INFO  server.RaftServerConfigKeys (ConfUtils.java:logGet(43)) - raft.server.staging.catchup.gap = 1000 (default)
2019-09-12 10:16:58,946 [d125a0e9-cc1d-49ad-8efe-65f48e7470f1:group-A4381F49D1E0:LeaderElection9] INFO  server.RaftServerConfigKeys (ConfUtils.java:logGet(43)) - raft.server.rpc.sleep.time = 25ms (default)
2019-09-12 10:16:58,946 [2c6903b2-bd88-4155-8644-e70f9499caec:group-7AB8E285774B:LeaderElection10] INFO  server.RaftServerConfigKeys (ConfUtils.java:logGet(43)) - raft.server.rpc.sleep.time = 25ms (default)
2019-09-12 10:16:58,947 [d125a0e9-cc1d-49ad-8efe-65f48e7470f1:group-A4381F49D1E0:LeaderElection9] INFO  server.RaftServerConfigKeys (ConfUtils.java:logGet(43)) - raft.server.write.element-limit = 4096 (default)
2019-09-12 10:16:58,947 [2c6903b2-bd88-4155-8644-e70f9499caec:group-7AB8E285774B:LeaderElection10] INFO  server.RaftServerConfigKeys (ConfUtils.java:logGet(43)) - raft.server.write.element-limit = 4096 (default)
2019-09-12 10:16:58,947 [d125a0e9-cc1d-49ad-8efe-65f48e7470f1:group-A4381F49D1E0:LeaderElection9] INFO  server.RaftServerConfigKeys (ConfUtils.java:logGet(43)) - raft.server.watch.timeout = 10s (default)
2019-09-12 10:16:58,947 [2c6903b2-bd88-4155-8644-e70f9499caec:group-7AB8E285774B:LeaderElection10] INFO  server.RaftServerConfigKeys (ConfUtils.java:logGet(43)) - raft.server.watch.timeout = 10s (default)
2019-09-12 10:16:58,947 [d125a0e9-cc1d-49ad-8efe-65f48e7470f1:group-A4381F49D1E0:LeaderElection9] INFO  server.RaftServerConfigKeys (ConfUtils.java:logGet(43)) - raft.server.watch.timeout.denomination = 1s (default)
2019-09-12 10:16:58,947 [2c6903b2-bd88-4155-8644-e70f9499caec:group-7AB8E285774B:LeaderElection10] INFO  server.RaftServerConfigKeys (ConfUtils.java:logGet(43)) - raft.server.watch.timeout.denomination = 1s (default)
2019-09-12 10:16:58,948 [d125a0e9-cc1d-49ad-8efe-65f48e7470f1:group-A4381F49D1E0:LeaderElection9] INFO  server.RaftServerConfigKeys (ConfUtils.java:logGet(43)) - raft.server.watch.element-limit = 65536 (default)
2019-09-12 10:16:58,948 [2c6903b2-bd88-4155-8644-e70f9499caec:group-7AB8E285774B:LeaderElection10] INFO  server.RaftServerConfigKeys (ConfUtils.java:logGet(43)) - raft.server.watch.element-limit = 65536 (default)
2019-09-12 10:16:58,948 [d125a0e9-cc1d-49ad-8efe-65f48e7470f1:group-A4381F49D1E0:LeaderElection9] INFO  impl.RoleInfo (RoleInfo.java:updateAndGet(143)) - d125a0e9-cc1d-49ad-8efe-65f48e7470f1: start LeaderState
2019-09-12 10:16:58,948 [2c6903b2-bd88-4155-8644-e70f9499caec:group-7AB8E285774B:LeaderElection10] INFO  impl.RoleInfo (RoleInfo.java:updateAndGet(143)) - 2c6903b2-bd88-4155-8644-e70f9499caec: start LeaderState
2019-09-12 10:16:58,948 [d125a0e9-cc1d-49ad-8efe-65f48e7470f1:group-A4381F49D1E0:LeaderElection9] INFO  segmented.SegmentedRaftLogWorker (SegmentedRaftLogWorker.java:startLogSegment(380)) - d125a0e9-cc1d-49ad-8efe-65f48e7470f1-SegmentedRaftLogWorker:Storage Directory /workdir/hadoop-ozone/integration-test/target/test-dir/MiniOzoneClusterImpl-07260cbc-78d8-43ad-9b31-a55aa369dc3b/datanode-0/data/ratis/50cad6df-80d2-4637-afce-a4381f49d1e0: Starting segment from index:0
2019-09-12 10:16:58,949 [2c6903b2-bd88-4155-8644-e70f9499caec:group-7AB8E285774B:LeaderElection10] INFO  segmented.SegmentedRaftLogWorker (SegmentedRaftLogWorker.java:startLogSegment(380)) - 2c6903b2-bd88-4155-8644-e70f9499caec-SegmentedRaftLogWorker:Storage Directory /workdir/hadoop-ozone/integration-test/target/test-dir/MiniOzoneClusterImpl-07260cbc-78d8-43ad-9b31-a55aa369dc3b/datanode-1/data/ratis/ee85f508-f243-416a-91e7-7ab8e285774b: Starting segment from index:0
2019-09-12 10:16:58,949 [d125a0e9-cc1d-49ad-8efe-65f48e7470f1:group-A4381F49D1E0:LeaderElection9] INFO  impl.RaftServerImpl (ServerState.java:setRaftConf(361)) - d125a0e9-cc1d-49ad-8efe-65f48e7470f1:group-A4381F49D1E0 set configuration 0: [d125a0e9-cc1d-49ad-8efe-65f48e7470f1:192.168.157.195:46432], old=null at 0
2019-09-12 10:16:58,981 [2c6903b2-bd88-4155-8644-e70f9499caec:group-7AB8E285774B:LeaderElection10] INFO  impl.RaftServerImpl (ServerState.java:setRaftConf(361)) - 2c6903b2-bd88-4155-8644-e70f9499caec:group-7AB8E285774B set configuration 0: [2c6903b2-bd88-4155-8644-e70f9499caec:192.168.157.195:40334], old=null at 0
2019-09-12 10:16:58,981 [Thread-254] INFO  impl.FollowerState (FollowerState.java:run(106)) - 754318a0-7d43-4de4-9a7a-4e513334fcf8:group-68A48C13E930 changes to CANDIDATE, lastRpcTime:5059, electionTimeout:5039ms
2019-09-12 10:16:59,020 [d125a0e9-cc1d-49ad-8efe-65f48e7470f1-SegmentedRaftLogWorker:Storage Directory /workdir/hadoop-ozone/integration-test/target/test-dir/MiniOzoneClusterImpl-07260cbc-78d8-43ad-9b31-a55aa369dc3b/datanode-0/data/ratis/50cad6df-80d2-4637-afce-a4381f49d1e0] INFO  segmented.SegmentedRaftLogWorker (SegmentedRaftLogWorker.java:execute(569)) - d125a0e9-cc1d-49ad-8efe-65f48e7470f1-SegmentedRaftLogWorker:Storage Directory /workdir/hadoop-ozone/integration-test/target/test-dir/MiniOzoneClusterImpl-07260cbc-78d8-43ad-9b31-a55aa369dc3b/datanode-0/data/ratis/50cad6df-80d2-4637-afce-a4381f49d1e0: created new log segment /workdir/hadoop-ozone/integration-test/target/test-dir/MiniOzoneClusterImpl-07260cbc-78d8-43ad-9b31-a55aa369dc3b/datanode-0/data/ratis/50cad6df-80d2-4637-afce-a4381f49d1e0/current/log_inprogress_0
2019-09-12 10:16:59,020 [Thread-254] INFO  impl.RoleInfo (RoleInfo.java:shutdownFollowerState(121)) - 754318a0-7d43-4de4-9a7a-4e513334fcf8: shutdown FollowerState
2019-09-12 10:16:59,021 | INFO  | SCMAudit | user=jenkins1000 | ip=192.168.157.195 | op=SEND_HEARTBEAT {datanodeUUID=3d50e2f5-3cb6-49ae-98cc-9a6203b61a63, command=[]} | ret=SUCCESS |  
2019-09-12 10:16:59,021 [Thread-254] INFO  impl.RaftServerImpl (RaftServerImpl.java:setRole(171)) - 754318a0-7d43-4de4-9a7a-4e513334fcf8:group-68A48C13E930 changes role from FOLLOWER to CANDIDATE at term 0 for changeToCandidate
2019-09-12 10:16:59,021 [Thread-254] INFO  impl.RoleInfo (RoleInfo.java:updateAndGet(143)) - 754318a0-7d43-4de4-9a7a-4e513334fcf8: start LeaderElection
2019-09-12 10:16:59,033 [2c6903b2-bd88-4155-8644-e70f9499caec-SegmentedRaftLogWorker:Storage Directory /workdir/hadoop-ozone/integration-test/target/test-dir/MiniOzoneClusterImpl-07260cbc-78d8-43ad-9b31-a55aa369dc3b/datanode-1/data/ratis/ee85f508-f243-416a-91e7-7ab8e285774b] INFO  segmented.SegmentedRaftLogWorker (SegmentedRaftLogWorker.java:execute(569)) - 2c6903b2-bd88-4155-8644-e70f9499caec-SegmentedRaftLogWorker:Storage Directory /workdir/hadoop-ozone/integration-test/target/test-dir/MiniOzoneClusterImpl-07260cbc-78d8-43ad-9b31-a55aa369dc3b/datanode-1/data/ratis/ee85f508-f243-416a-91e7-7ab8e285774b: created new log segment /workdir/hadoop-ozone/integration-test/target/test-dir/MiniOzoneClusterImpl-07260cbc-78d8-43ad-9b31-a55aa369dc3b/datanode-1/data/ratis/ee85f508-f243-416a-91e7-7ab8e285774b/current/log_inprogress_0
2019-09-12 10:16:59,033 [754318a0-7d43-4de4-9a7a-4e513334fcf8:group-68A48C13E930:LeaderElection11] INFO  impl.LeaderElection (LeaderElection.java:askForVotes(181)) - 754318a0-7d43-4de4-9a7a-4e513334fcf8:group-68A48C13E930:LeaderElection11: begin an election at term 1 for -1: [754318a0-7d43-4de4-9a7a-4e513334fcf8:192.168.157.195:36711], old=null
2019-09-12 10:16:59,034 [754318a0-7d43-4de4-9a7a-4e513334fcf8:group-68A48C13E930:LeaderElection11] INFO  impl.RoleInfo (RoleInfo.java:shutdownLeaderElection(134)) - 754318a0-7d43-4de4-9a7a-4e513334fcf8: shutdown LeaderElection
2019-09-12 10:16:59,034 [754318a0-7d43-4de4-9a7a-4e513334fcf8:group-68A48C13E930:LeaderElection11] INFO  impl.RaftServerImpl (RaftServerImpl.java:setRole(171)) - 754318a0-7d43-4de4-9a7a-4e513334fcf8:group-68A48C13E930 changes role from CANDIDATE to LEADER at term 1 for changeToLeader
2019-09-12 10:16:59,034 [754318a0-7d43-4de4-9a7a-4e513334fcf8:group-68A48C13E930:LeaderElection11] INFO  impl.RaftServerImpl (ServerState.java:setLeader(263)) - 754318a0-7d43-4de4-9a7a-4e513334fcf8:group-68A48C13E930 change Leader from null to 754318a0-7d43-4de4-9a7a-4e513334fcf8 at term 1 for becomeLeader, leader elected after 5120ms
2019-09-12 10:16:59,034 [754318a0-7d43-4de4-9a7a-4e513334fcf8:group-68A48C13E930:LeaderElection11] INFO  server.RaftServerConfigKeys (ConfUtils.java:logGet(43)) - raft.server.staging.catchup.gap = 1000 (default)
2019-09-12 10:16:59,035 [754318a0-7d43-4de4-9a7a-4e513334fcf8:group-68A48C13E930:LeaderElection11] INFO  server.RaftServerConfigKeys (ConfUtils.java:logGet(43)) - raft.server.rpc.sleep.time = 25ms (default)
2019-09-12 10:16:59,035 [754318a0-7d43-4de4-9a7a-4e513334fcf8:group-68A48C13E930:LeaderElection11] INFO  server.RaftServerConfigKeys (ConfUtils.java:logGet(43)) - raft.server.write.element-limit = 4096 (default)
2019-09-12 10:16:59,035 [754318a0-7d43-4de4-9a7a-4e513334fcf8:group-68A48C13E930:LeaderElection11] INFO  server.RaftServerConfigKeys (ConfUtils.java:logGet(43)) - raft.server.watch.timeout = 10s (default)
2019-09-12 10:16:59,035 [754318a0-7d43-4de4-9a7a-4e513334fcf8:group-68A48C13E930:LeaderElection11] INFO  server.RaftServerConfigKeys (ConfUtils.java:logGet(43)) - raft.server.watch.timeout.denomination = 1s (default)
2019-09-12 10:16:59,035 [754318a0-7d43-4de4-9a7a-4e513334fcf8:group-68A48C13E930:LeaderElection11] INFO  server.RaftServerConfigKeys (ConfUtils.java:logGet(43)) - raft.server.watch.element-limit = 65536 (default)
2019-09-12 10:16:59,036 [754318a0-7d43-4de4-9a7a-4e513334fcf8:group-68A48C13E930:LeaderElection11] INFO  impl.RoleInfo (RoleInfo.java:updateAndGet(143)) - 754318a0-7d43-4de4-9a7a-4e513334fcf8: start LeaderState
2019-09-12 10:16:59,036 [754318a0-7d43-4de4-9a7a-4e513334fcf8:group-68A48C13E930:LeaderElection11] INFO  segmented.SegmentedRaftLogWorker (SegmentedRaftLogWorker.java:startLogSegment(380)) - 754318a0-7d43-4de4-9a7a-4e513334fcf8-SegmentedRaftLogWorker:Storage Directory /workdir/hadoop-ozone/integration-test/target/test-dir/MiniOzoneClusterImpl-07260cbc-78d8-43ad-9b31-a55aa369dc3b/datanode-4/data/ratis/05e49bc8-6b66-47b2-97af-68a48c13e930: Starting segment from index:0
2019-09-12 10:16:59,037 [754318a0-7d43-4de4-9a7a-4e513334fcf8:group-68A48C13E930:LeaderElection11] INFO  impl.RaftServerImpl (ServerState.java:setRaftConf(361)) - 754318a0-7d43-4de4-9a7a-4e513334fcf8:group-68A48C13E930 set configuration 0: [754318a0-7d43-4de4-9a7a-4e513334fcf8:192.168.157.195:36711], old=null at 0
2019-09-12 10:16:59,090 [754318a0-7d43-4de4-9a7a-4e513334fcf8-SegmentedRaftLogWorker:Storage Directory /workdir/hadoop-ozone/integration-test/target/test-dir/MiniOzoneClusterImpl-07260cbc-78d8-43ad-9b31-a55aa369dc3b/datanode-4/data/ratis/05e49bc8-6b66-47b2-97af-68a48c13e930] INFO  segmented.SegmentedRaftLogWorker (SegmentedRaftLogWorker.java:execute(569)) - 754318a0-7d43-4de4-9a7a-4e513334fcf8-SegmentedRaftLogWorker:Storage Directory /workdir/hadoop-ozone/integration-test/target/test-dir/MiniOzoneClusterImpl-07260cbc-78d8-43ad-9b31-a55aa369dc3b/datanode-4/data/ratis/05e49bc8-6b66-47b2-97af-68a48c13e930: created new log segment /workdir/hadoop-ozone/integration-test/target/test-dir/MiniOzoneClusterImpl-07260cbc-78d8-43ad-9b31-a55aa369dc3b/datanode-4/data/ratis/05e49bc8-6b66-47b2-97af-68a48c13e930/current/log_inprogress_0
2019-09-12 10:16:59,100 [Thread-257] INFO  impl.FollowerState (FollowerState.java:run(106)) - 754318a0-7d43-4de4-9a7a-4e513334fcf8:group-E91424594889 changes to CANDIDATE, lastRpcTime:5116, electionTimeout:5116ms
2019-09-12 10:16:59,100 [Thread-257] INFO  impl.RoleInfo (RoleInfo.java:shutdownFollowerState(121)) - 754318a0-7d43-4de4-9a7a-4e513334fcf8: shutdown FollowerState
2019-09-12 10:16:59,100 [Thread-257] INFO  impl.RaftServerImpl (RaftServerImpl.java:setRole(171)) - 754318a0-7d43-4de4-9a7a-4e513334fcf8:group-E91424594889 changes role from FOLLOWER to CANDIDATE at term 0 for changeToCandidate
2019-09-12 10:16:59,100 [Thread-257] INFO  impl.RoleInfo (RoleInfo.java:updateAndGet(143)) - 754318a0-7d43-4de4-9a7a-4e513334fcf8: start LeaderElection
2019-09-12 10:16:59,107 [Thread-260] INFO  impl.FollowerState (FollowerState.java:run(106)) - 2c6903b2-bd88-4155-8644-e70f9499caec:group-F22099633A39 changes to CANDIDATE, lastRpcTime:5055, electionTimeout:5055ms
2019-09-12 10:16:59,107 [Thread-260] INFO  impl.RoleInfo (RoleInfo.java:shutdownFollowerState(121)) - 2c6903b2-bd88-4155-8644-e70f9499caec: shutdown FollowerState
2019-09-12 10:16:59,108 [Thread-260] INFO  impl.RaftServerImpl (RaftServerImpl.java:setRole(171)) - 2c6903b2-bd88-4155-8644-e70f9499caec:group-F22099633A39 changes role from FOLLOWER to CANDIDATE at term 0 for changeToCandidate
2019-09-12 10:16:59,108 [Thread-260] INFO  impl.RoleInfo (RoleInfo.java:updateAndGet(143)) - 2c6903b2-bd88-4155-8644-e70f9499caec: start LeaderElection
2019-09-12 10:16:59,127 [754318a0-7d43-4de4-9a7a-4e513334fcf8:group-E91424594889:LeaderElection12] INFO  impl.LeaderElection (LeaderElection.java:askForVotes(181)) - 754318a0-7d43-4de4-9a7a-4e513334fcf8:group-E91424594889:LeaderElection12: begin an election at term 1 for -1: [754318a0-7d43-4de4-9a7a-4e513334fcf8:192.168.157.195:36711], old=null
2019-09-12 10:16:59,127 [2c6903b2-bd88-4155-8644-e70f9499caec:group-F22099633A39:LeaderElection13] INFO  impl.LeaderElection (LeaderElection.java:askForVotes(181)) - 2c6903b2-bd88-4155-8644-e70f9499caec:group-F22099633A39:LeaderElection13: begin an election at term 1 for -1: [2c6903b2-bd88-4155-8644-e70f9499caec:192.168.157.195:40334], old=null
2019-09-12 10:16:59,128 [754318a0-7d43-4de4-9a7a-4e513334fcf8:group-E91424594889:LeaderElection12] INFO  impl.RoleInfo (RoleInfo.java:shutdownLeaderElection(134)) - 754318a0-7d43-4de4-9a7a-4e513334fcf8: shutdown LeaderElection
2019-09-12 10:16:59,128 [2c6903b2-bd88-4155-8644-e70f9499caec:group-F22099633A39:LeaderElection13] INFO  impl.RoleInfo (RoleInfo.java:shutdownLeaderElection(134)) - 2c6903b2-bd88-4155-8644-e70f9499caec: shutdown LeaderElection
2019-09-12 10:16:59,128 [754318a0-7d43-4de4-9a7a-4e513334fcf8:group-E91424594889:LeaderElection12] INFO  impl.RaftServerImpl (RaftServerImpl.java:setRole(171)) - 754318a0-7d43-4de4-9a7a-4e513334fcf8:group-E91424594889 changes role from CANDIDATE to LEADER at term 1 for changeToLeader
2019-09-12 10:16:59,128 [2c6903b2-bd88-4155-8644-e70f9499caec:group-F22099633A39:LeaderElection13] INFO  impl.RaftServerImpl (RaftServerImpl.java:setRole(171)) - 2c6903b2-bd88-4155-8644-e70f9499caec:group-F22099633A39 changes role from CANDIDATE to LEADER at term 1 for changeToLeader
2019-09-12 10:16:59,128 [754318a0-7d43-4de4-9a7a-4e513334fcf8:group-E91424594889:LeaderElection12] INFO  impl.RaftServerImpl (ServerState.java:setLeader(263)) - 754318a0-7d43-4de4-9a7a-4e513334fcf8:group-E91424594889 change Leader from null to 754318a0-7d43-4de4-9a7a-4e513334fcf8 at term 1 for becomeLeader, leader elected after 5149ms
2019-09-12 10:16:59,128 [2c6903b2-bd88-4155-8644-e70f9499caec:group-F22099633A39:LeaderElection13] INFO  impl.RaftServerImpl (ServerState.java:setLeader(263)) - 2c6903b2-bd88-4155-8644-e70f9499caec:group-F22099633A39 change Leader from null to 2c6903b2-bd88-4155-8644-e70f9499caec at term 1 for becomeLeader, leader elected after 5082ms
2019-09-12 10:16:59,128 [754318a0-7d43-4de4-9a7a-4e513334fcf8:group-E91424594889:LeaderElection12] INFO  server.RaftServerConfigKeys (ConfUtils.java:logGet(43)) - raft.server.staging.catchup.gap = 1000 (default)
2019-09-12 10:16:59,129 [2c6903b2-bd88-4155-8644-e70f9499caec:group-F22099633A39:LeaderElection13] INFO  server.RaftServerConfigKeys (ConfUtils.java:logGet(43)) - raft.server.staging.catchup.gap = 1000 (default)
2019-09-12 10:16:59,129 [754318a0-7d43-4de4-9a7a-4e513334fcf8:group-E91424594889:LeaderElection12] INFO  server.RaftServerConfigKeys (ConfUtils.java:logGet(43)) - raft.server.rpc.sleep.time = 25ms (default)
2019-09-12 10:16:59,129 [2c6903b2-bd88-4155-8644-e70f9499caec:group-F22099633A39:LeaderElection13] INFO  server.RaftServerConfigKeys (ConfUtils.java:logGet(43)) - raft.server.rpc.sleep.time = 25ms (default)
2019-09-12 10:16:59,129 [754318a0-7d43-4de4-9a7a-4e513334fcf8:group-E91424594889:LeaderElection12] INFO  server.RaftServerConfigKeys (ConfUtils.java:logGet(43)) - raft.server.write.element-limit = 4096 (default)
2019-09-12 10:16:59,129 [2c6903b2-bd88-4155-8644-e70f9499caec:group-F22099633A39:LeaderElection13] INFO  server.RaftServerConfigKeys (ConfUtils.java:logGet(43)) - raft.server.write.element-limit = 4096 (default)
2019-09-12 10:16:59,129 [754318a0-7d43-4de4-9a7a-4e513334fcf8:group-E91424594889:LeaderElection12] INFO  server.RaftServerConfigKeys (ConfUtils.java:logGet(43)) - raft.server.watch.timeout = 10s (default)
2019-09-12 10:16:59,130 [2c6903b2-bd88-4155-8644-e70f9499caec:group-F22099633A39:LeaderElection13] INFO  server.RaftServerConfigKeys (ConfUtils.java:logGet(43)) - raft.server.watch.timeout = 10s (default)
2019-09-12 10:16:59,130 [754318a0-7d43-4de4-9a7a-4e513334fcf8:group-E91424594889:LeaderElection12] INFO  server.RaftServerConfigKeys (ConfUtils.java:logGet(43)) - raft.server.watch.timeout.denomination = 1s (default)
2019-09-12 10:16:59,130 [2c6903b2-bd88-4155-8644-e70f9499caec:group-F22099633A39:LeaderElection13] INFO  server.RaftServerConfigKeys (ConfUtils.java:logGet(43)) - raft.server.watch.timeout.denomination = 1s (default)
2019-09-12 10:16:59,130 [754318a0-7d43-4de4-9a7a-4e513334fcf8:group-E91424594889:LeaderElection12] INFO  server.RaftServerConfigKeys (ConfUtils.java:logGet(43)) - raft.server.watch.element-limit = 65536 (default)
2019-09-12 10:16:59,130 [2c6903b2-bd88-4155-8644-e70f9499caec:group-F22099633A39:LeaderElection13] INFO  server.RaftServerConfigKeys (ConfUtils.java:logGet(43)) - raft.server.watch.element-limit = 65536 (default)
2019-09-12 10:16:59,130 [754318a0-7d43-4de4-9a7a-4e513334fcf8:group-E91424594889:LeaderElection12] INFO  impl.RoleInfo (RoleInfo.java:updateAndGet(143)) - 754318a0-7d43-4de4-9a7a-4e513334fcf8: start LeaderState
2019-09-12 10:16:59,130 [2c6903b2-bd88-4155-8644-e70f9499caec:group-F22099633A39:LeaderElection13] INFO  impl.RoleInfo (RoleInfo.java:updateAndGet(143)) - 2c6903b2-bd88-4155-8644-e70f9499caec: start LeaderState
2019-09-12 10:16:59,131 [754318a0-7d43-4de4-9a7a-4e513334fcf8:group-E91424594889:LeaderElection12] INFO  segmented.SegmentedRaftLogWorker (SegmentedRaftLogWorker.java:startLogSegment(380)) - 754318a0-7d43-4de4-9a7a-4e513334fcf8-SegmentedRaftLogWorker:Storage Directory /workdir/hadoop-ozone/integration-test/target/test-dir/MiniOzoneClusterImpl-07260cbc-78d8-43ad-9b31-a55aa369dc3b/datanode-4/data/ratis/89da576b-5686-4d0d-9e1b-e91424594889: Starting segment from index:0
2019-09-12 10:16:59,131 [2c6903b2-bd88-4155-8644-e70f9499caec:group-F22099633A39:LeaderElection13] INFO  segmented.SegmentedRaftLogWorker (SegmentedRaftLogWorker.java:startLogSegment(380)) - 2c6903b2-bd88-4155-8644-e70f9499caec-SegmentedRaftLogWorker:Storage Directory /workdir/hadoop-ozone/integration-test/target/test-dir/MiniOzoneClusterImpl-07260cbc-78d8-43ad-9b31-a55aa369dc3b/datanode-1/data/ratis/029eed0e-83b6-452a-b9a1-f22099633a39: Starting segment from index:0
2019-09-12 10:16:59,131 [754318a0-7d43-4de4-9a7a-4e513334fcf8:group-E91424594889:LeaderElection12] INFO  impl.RaftServerImpl (ServerState.java:setRaftConf(361)) - 754318a0-7d43-4de4-9a7a-4e513334fcf8:group-E91424594889 set configuration 0: [754318a0-7d43-4de4-9a7a-4e513334fcf8:192.168.157.195:36711], old=null at 0
2019-09-12 10:16:59,132 [2c6903b2-bd88-4155-8644-e70f9499caec:group-F22099633A39:LeaderElection13] INFO  impl.RaftServerImpl (ServerState.java:setRaftConf(361)) - 2c6903b2-bd88-4155-8644-e70f9499caec:group-F22099633A39 set configuration 0: [2c6903b2-bd88-4155-8644-e70f9499caec:192.168.157.195:40334], old=null at 0
2019-09-12 10:16:59,188 [754318a0-7d43-4de4-9a7a-4e513334fcf8-SegmentedRaftLogWorker:Storage Directory /workdir/hadoop-ozone/integration-test/target/test-dir/MiniOzoneClusterImpl-07260cbc-78d8-43ad-9b31-a55aa369dc3b/datanode-4/data/ratis/89da576b-5686-4d0d-9e1b-e91424594889] INFO  segmented.SegmentedRaftLogWorker (SegmentedRaftLogWorker.java:execute(569)) - 754318a0-7d43-4de4-9a7a-4e513334fcf8-SegmentedRaftLogWorker:Storage Directory /workdir/hadoop-ozone/integration-test/target/test-dir/MiniOzoneClusterImpl-07260cbc-78d8-43ad-9b31-a55aa369dc3b/datanode-4/data/ratis/89da576b-5686-4d0d-9e1b-e91424594889: created new log segment /workdir/hadoop-ozone/integration-test/target/test-dir/MiniOzoneClusterImpl-07260cbc-78d8-43ad-9b31-a55aa369dc3b/datanode-4/data/ratis/89da576b-5686-4d0d-9e1b-e91424594889/current/log_inprogress_0
2019-09-12 10:16:59,188 [2c6903b2-bd88-4155-8644-e70f9499caec-SegmentedRaftLogWorker:Storage Directory /workdir/hadoop-ozone/integration-test/target/test-dir/MiniOzoneClusterImpl-07260cbc-78d8-43ad-9b31-a55aa369dc3b/datanode-1/data/ratis/029eed0e-83b6-452a-b9a1-f22099633a39] INFO  segmented.SegmentedRaftLogWorker (SegmentedRaftLogWorker.java:execute(569)) - 2c6903b2-bd88-4155-8644-e70f9499caec-SegmentedRaftLogWorker:Storage Directory /workdir/hadoop-ozone/integration-test/target/test-dir/MiniOzoneClusterImpl-07260cbc-78d8-43ad-9b31-a55aa369dc3b/datanode-1/data/ratis/029eed0e-83b6-452a-b9a1-f22099633a39: created new log segment /workdir/hadoop-ozone/integration-test/target/test-dir/MiniOzoneClusterImpl-07260cbc-78d8-43ad-9b31-a55aa369dc3b/datanode-1/data/ratis/029eed0e-83b6-452a-b9a1-f22099633a39/current/log_inprogress_0
2019-09-12 10:16:59,216 | INFO  | SCMAudit | user=jenkins1000 | ip=192.168.157.195 | op=SEND_HEARTBEAT {datanodeUUID=2ccaf34f-8eeb-4cb8-b9bf-ec796d9a8e8c, command=[]} | ret=SUCCESS |  
2019-09-12 10:16:59,236 [Thread-263] INFO  impl.FollowerState (FollowerState.java:run(106)) - d125a0e9-cc1d-49ad-8efe-65f48e7470f1:group-7D0E27E85EF2 changes to CANDIDATE, lastRpcTime:5113, electionTimeout:5113ms
2019-09-12 10:16:59,236 [Thread-263] INFO  impl.RoleInfo (RoleInfo.java:shutdownFollowerState(121)) - d125a0e9-cc1d-49ad-8efe-65f48e7470f1: shutdown FollowerState
2019-09-12 10:16:59,236 [Thread-263] INFO  impl.RaftServerImpl (RaftServerImpl.java:setRole(171)) - d125a0e9-cc1d-49ad-8efe-65f48e7470f1:group-7D0E27E85EF2 changes role from FOLLOWER to CANDIDATE at term 0 for changeToCandidate
2019-09-12 10:16:59,237 [Thread-263] INFO  impl.RoleInfo (RoleInfo.java:updateAndGet(143)) - d125a0e9-cc1d-49ad-8efe-65f48e7470f1: start LeaderElection
2019-09-12 10:16:59,256 [d125a0e9-cc1d-49ad-8efe-65f48e7470f1:group-7D0E27E85EF2:LeaderElection14] INFO  impl.LeaderElection (LeaderElection.java:askForVotes(181)) - d125a0e9-cc1d-49ad-8efe-65f48e7470f1:group-7D0E27E85EF2:LeaderElection14: begin an election at term 1 for -1: [d125a0e9-cc1d-49ad-8efe-65f48e7470f1:192.168.157.195:46432], old=null
2019-09-12 10:16:59,256 [d125a0e9-cc1d-49ad-8efe-65f48e7470f1:group-7D0E27E85EF2:LeaderElection14] INFO  impl.RoleInfo (RoleInfo.java:shutdownLeaderElection(134)) - d125a0e9-cc1d-49ad-8efe-65f48e7470f1: shutdown LeaderElection
2019-09-12 10:16:59,256 [d125a0e9-cc1d-49ad-8efe-65f48e7470f1:group-7D0E27E85EF2:LeaderElection14] INFO  impl.RaftServerImpl (RaftServerImpl.java:setRole(171)) - d125a0e9-cc1d-49ad-8efe-65f48e7470f1:group-7D0E27E85EF2 changes role from CANDIDATE to LEADER at term 1 for changeToLeader
2019-09-12 10:16:59,256 [d125a0e9-cc1d-49ad-8efe-65f48e7470f1:group-7D0E27E85EF2:LeaderElection14] INFO  impl.RaftServerImpl (ServerState.java:setLeader(263)) - d125a0e9-cc1d-49ad-8efe-65f48e7470f1:group-7D0E27E85EF2 change Leader from null to d125a0e9-cc1d-49ad-8efe-65f48e7470f1 at term 1 for becomeLeader, leader elected after 5137ms
2019-09-12 10:16:59,257 [d125a0e9-cc1d-49ad-8efe-65f48e7470f1:group-7D0E27E85EF2:LeaderElection14] INFO  server.RaftServerConfigKeys (ConfUtils.java:logGet(43)) - raft.server.staging.catchup.gap = 1000 (default)
2019-09-12 10:16:59,257 [d125a0e9-cc1d-49ad-8efe-65f48e7470f1:group-7D0E27E85EF2:LeaderElection14] INFO  server.RaftServerConfigKeys (ConfUtils.java:logGet(43)) - raft.server.rpc.sleep.time = 25ms (default)
2019-09-12 10:16:59,257 [d125a0e9-cc1d-49ad-8efe-65f48e7470f1:group-7D0E27E85EF2:LeaderElection14] INFO  server.RaftServerConfigKeys (ConfUtils.java:logGet(43)) - raft.server.write.element-limit = 4096 (default)
2019-09-12 10:16:59,257 [d125a0e9-cc1d-49ad-8efe-65f48e7470f1:group-7D0E27E85EF2:LeaderElection14] INFO  server.RaftServerConfigKeys (ConfUtils.java:logGet(43)) - raft.server.watch.timeout = 10s (default)
2019-09-12 10:16:59,258 [d125a0e9-cc1d-49ad-8efe-65f48e7470f1:group-7D0E27E85EF2:LeaderElection14] INFO  server.RaftServerConfigKeys (ConfUtils.java:logGet(43)) - raft.server.watch.timeout.denomination = 1s (default)
2019-09-12 10:16:59,258 [d125a0e9-cc1d-49ad-8efe-65f48e7470f1:group-7D0E27E85EF2:LeaderElection14] INFO  server.RaftServerConfigKeys (ConfUtils.java:logGet(43)) - raft.server.watch.element-limit = 65536 (default)
2019-09-12 10:16:59,258 [d125a0e9-cc1d-49ad-8efe-65f48e7470f1:group-7D0E27E85EF2:LeaderElection14] INFO  impl.RoleInfo (RoleInfo.java:updateAndGet(143)) - d125a0e9-cc1d-49ad-8efe-65f48e7470f1: start LeaderState
2019-09-12 10:16:59,258 [d125a0e9-cc1d-49ad-8efe-65f48e7470f1:group-7D0E27E85EF2:LeaderElection14] INFO  segmented.SegmentedRaftLogWorker (SegmentedRaftLogWorker.java:startLogSegment(380)) - d125a0e9-cc1d-49ad-8efe-65f48e7470f1-SegmentedRaftLogWorker:Storage Directory /workdir/hadoop-ozone/integration-test/target/test-dir/MiniOzoneClusterImpl-07260cbc-78d8-43ad-9b31-a55aa369dc3b/datanode-0/data/ratis/dea5c433-296f-45db-a0a5-7d0e27e85ef2: Starting segment from index:0
2019-09-12 10:16:59,259 [d125a0e9-cc1d-49ad-8efe-65f48e7470f1:group-7D0E27E85EF2:LeaderElection14] INFO  impl.RaftServerImpl (ServerState.java:setRaftConf(361)) - d125a0e9-cc1d-49ad-8efe-65f48e7470f1:group-7D0E27E85EF2 set configuration 0: [d125a0e9-cc1d-49ad-8efe-65f48e7470f1:192.168.157.195:46432], old=null at 0
2019-09-12 10:16:59,301 [Thread-266] INFO  impl.FollowerState (FollowerState.java:run(106)) - 29b8f213-10fb-4d36-bbf5-ca2aa222f4ad:group-059CEE29EA7E changes to CANDIDATE, lastRpcTime:5084, electionTimeout:5060ms
2019-09-12 10:16:59,301 [Thread-266] INFO  impl.RoleInfo (RoleInfo.java:shutdownFollowerState(121)) - 29b8f213-10fb-4d36-bbf5-ca2aa222f4ad: shutdown FollowerState
2019-09-12 10:16:59,301 [Thread-266] INFO  impl.RaftServerImpl (RaftServerImpl.java:setRole(171)) - 29b8f213-10fb-4d36-bbf5-ca2aa222f4ad:group-059CEE29EA7E changes role from FOLLOWER to CANDIDATE at term 0 for changeToCandidate
2019-09-12 10:16:59,301 [Thread-266] INFO  impl.RoleInfo (RoleInfo.java:updateAndGet(143)) - 29b8f213-10fb-4d36-bbf5-ca2aa222f4ad: start LeaderElection
2019-09-12 10:16:59,313 [d125a0e9-cc1d-49ad-8efe-65f48e7470f1-SegmentedRaftLogWorker:Storage Directory /workdir/hadoop-ozone/integration-test/target/test-dir/MiniOzoneClusterImpl-07260cbc-78d8-43ad-9b31-a55aa369dc3b/datanode-0/data/ratis/dea5c433-296f-45db-a0a5-7d0e27e85ef2] INFO  segmented.SegmentedRaftLogWorker (SegmentedRaftLogWorker.java:execute(569)) - d125a0e9-cc1d-49ad-8efe-65f48e7470f1-SegmentedRaftLogWorker:Storage Directory /workdir/hadoop-ozone/integration-test/target/test-dir/MiniOzoneClusterImpl-07260cbc-78d8-43ad-9b31-a55aa369dc3b/datanode-0/data/ratis/dea5c433-296f-45db-a0a5-7d0e27e85ef2: created new log segment /workdir/hadoop-ozone/integration-test/target/test-dir/MiniOzoneClusterImpl-07260cbc-78d8-43ad-9b31-a55aa369dc3b/datanode-0/data/ratis/dea5c433-296f-45db-a0a5-7d0e27e85ef2/current/log_inprogress_0
2019-09-12 10:16:59,314 [29b8f213-10fb-4d36-bbf5-ca2aa222f4ad:group-059CEE29EA7E:LeaderElection15] INFO  impl.LeaderElection (LeaderElection.java:askForVotes(181)) - 29b8f213-10fb-4d36-bbf5-ca2aa222f4ad:group-059CEE29EA7E:LeaderElection15: begin an election at term 1 for -1: [29b8f213-10fb-4d36-bbf5-ca2aa222f4ad:192.168.157.195:38559], old=null
2019-09-12 10:16:59,314 [29b8f213-10fb-4d36-bbf5-ca2aa222f4ad:group-059CEE29EA7E:LeaderElection15] INFO  impl.RoleInfo (RoleInfo.java:shutdownLeaderElection(134)) - 29b8f213-10fb-4d36-bbf5-ca2aa222f4ad: shutdown LeaderElection
2019-09-12 10:16:59,314 [29b8f213-10fb-4d36-bbf5-ca2aa222f4ad:group-059CEE29EA7E:LeaderElection15] INFO  impl.RaftServerImpl (RaftServerImpl.java:setRole(171)) - 29b8f213-10fb-4d36-bbf5-ca2aa222f4ad:group-059CEE29EA7E changes role from CANDIDATE to LEADER at term 1 for changeToLeader
2019-09-12 10:16:59,314 [29b8f213-10fb-4d36-bbf5-ca2aa222f4ad:group-059CEE29EA7E:LeaderElection15] INFO  impl.RaftServerImpl (ServerState.java:setLeader(263)) - 29b8f213-10fb-4d36-bbf5-ca2aa222f4ad:group-059CEE29EA7E change Leader from null to 29b8f213-10fb-4d36-bbf5-ca2aa222f4ad at term 1 for becomeLeader, leader elected after 5106ms
2019-09-12 10:16:59,316 [29b8f213-10fb-4d36-bbf5-ca2aa222f4ad:group-059CEE29EA7E:LeaderElection15] INFO  server.RaftServerConfigKeys (ConfUtils.java:logGet(43)) - raft.server.staging.catchup.gap = 1000 (default)
2019-09-12 10:16:59,316 [29b8f213-10fb-4d36-bbf5-ca2aa222f4ad:group-059CEE29EA7E:LeaderElection15] INFO  server.RaftServerConfigKeys (ConfUtils.java:logGet(43)) - raft.server.rpc.sleep.time = 25ms (default)
2019-09-12 10:16:59,317 [29b8f213-10fb-4d36-bbf5-ca2aa222f4ad:group-059CEE29EA7E:LeaderElection15] INFO  server.RaftServerConfigKeys (ConfUtils.java:logGet(43)) - raft.server.write.element-limit = 4096 (default)
2019-09-12 10:16:59,317 [29b8f213-10fb-4d36-bbf5-ca2aa222f4ad:group-059CEE29EA7E:LeaderElection15] INFO  server.RaftServerConfigKeys (ConfUtils.java:logGet(43)) - raft.server.watch.timeout = 10s (default)
2019-09-12 10:16:59,317 [29b8f213-10fb-4d36-bbf5-ca2aa222f4ad:group-059CEE29EA7E:LeaderElection15] INFO  server.RaftServerConfigKeys (ConfUtils.java:logGet(43)) - raft.server.watch.timeout.denomination = 1s (default)
2019-09-12 10:16:59,317 [29b8f213-10fb-4d36-bbf5-ca2aa222f4ad:group-059CEE29EA7E:LeaderElection15] INFO  server.RaftServerConfigKeys (ConfUtils.java:logGet(43)) - raft.server.watch.element-limit = 65536 (default)
2019-09-12 10:16:59,317 [29b8f213-10fb-4d36-bbf5-ca2aa222f4ad:group-059CEE29EA7E:LeaderElection15] INFO  impl.RoleInfo (RoleInfo.java:updateAndGet(143)) - 29b8f213-10fb-4d36-bbf5-ca2aa222f4ad: start LeaderState
2019-09-12 10:16:59,318 [29b8f213-10fb-4d36-bbf5-ca2aa222f4ad:group-059CEE29EA7E:LeaderElection15] INFO  segmented.SegmentedRaftLogWorker (SegmentedRaftLogWorker.java:startLogSegment(380)) - 29b8f213-10fb-4d36-bbf5-ca2aa222f4ad-SegmentedRaftLogWorker:Storage Directory /workdir/hadoop-ozone/integration-test/target/test-dir/MiniOzoneClusterImpl-07260cbc-78d8-43ad-9b31-a55aa369dc3b/datanode-3/data/ratis/f92dfc45-6e2b-48e8-84c5-059cee29ea7e: Starting segment from index:0
2019-09-12 10:16:59,318 [29b8f213-10fb-4d36-bbf5-ca2aa222f4ad:group-059CEE29EA7E:LeaderElection15] INFO  impl.RaftServerImpl (ServerState.java:setRaftConf(361)) - 29b8f213-10fb-4d36-bbf5-ca2aa222f4ad:group-059CEE29EA7E set configuration 0: [29b8f213-10fb-4d36-bbf5-ca2aa222f4ad:192.168.157.195:38559], old=null at 0
2019-09-12 10:16:59,370 [29b8f213-10fb-4d36-bbf5-ca2aa222f4ad-SegmentedRaftLogWorker:Storage Directory /workdir/hadoop-ozone/integration-test/target/test-dir/MiniOzoneClusterImpl-07260cbc-78d8-43ad-9b31-a55aa369dc3b/datanode-3/data/ratis/f92dfc45-6e2b-48e8-84c5-059cee29ea7e] INFO  segmented.SegmentedRaftLogWorker (SegmentedRaftLogWorker.java:execute(569)) - 29b8f213-10fb-4d36-bbf5-ca2aa222f4ad-SegmentedRaftLogWorker:Storage Directory /workdir/hadoop-ozone/integration-test/target/test-dir/MiniOzoneClusterImpl-07260cbc-78d8-43ad-9b31-a55aa369dc3b/datanode-3/data/ratis/f92dfc45-6e2b-48e8-84c5-059cee29ea7e: created new log segment /workdir/hadoop-ozone/integration-test/target/test-dir/MiniOzoneClusterImpl-07260cbc-78d8-43ad-9b31-a55aa369dc3b/datanode-3/data/ratis/f92dfc45-6e2b-48e8-84c5-059cee29ea7e/current/log_inprogress_0
2019-09-12 10:16:59,396 [Thread-269] INFO  impl.FollowerState (FollowerState.java:run(106)) - 2ccaf34f-8eeb-4cb8-b9bf-ec796d9a8e8c:group-17C70005F625 changes to CANDIDATE, lastRpcTime:5117, electionTimeout:5117ms
2019-09-12 10:16:59,397 [Thread-269] INFO  impl.RoleInfo (RoleInfo.java:shutdownFollowerState(121)) - 2ccaf34f-8eeb-4cb8-b9bf-ec796d9a8e8c: shutdown FollowerState
2019-09-12 10:16:59,397 [Thread-269] INFO  impl.RaftServerImpl (RaftServerImpl.java:setRole(171)) - 2ccaf34f-8eeb-4cb8-b9bf-ec796d9a8e8c:group-17C70005F625 changes role from FOLLOWER to CANDIDATE at term 0 for changeToCandidate
2019-09-12 10:16:59,397 [Thread-269] INFO  impl.RoleInfo (RoleInfo.java:updateAndGet(143)) - 2ccaf34f-8eeb-4cb8-b9bf-ec796d9a8e8c: start LeaderElection
2019-09-12 10:16:59,404 [Thread-272] INFO  impl.FollowerState (FollowerState.java:run(106)) - d125a0e9-cc1d-49ad-8efe-65f48e7470f1:group-E2E8E7CCEE40 changes to CANDIDATE, lastRpcTime:5068, electionTimeout:5068ms
2019-09-12 10:16:59,404 [Thread-272] INFO  impl.RoleInfo (RoleInfo.java:shutdownFollowerState(121)) - d125a0e9-cc1d-49ad-8efe-65f48e7470f1: shutdown FollowerState
2019-09-12 10:16:59,404 [Thread-272] INFO  impl.RaftServerImpl (RaftServerImpl.java:setRole(171)) - d125a0e9-cc1d-49ad-8efe-65f48e7470f1:group-E2E8E7CCEE40 changes role from FOLLOWER to CANDIDATE at term 0 for changeToCandidate
2019-09-12 10:16:59,404 [Thread-272] INFO  impl.RoleInfo (RoleInfo.java:updateAndGet(143)) - d125a0e9-cc1d-49ad-8efe-65f48e7470f1: start LeaderElection
2019-09-12 10:16:59,410 [2ccaf34f-8eeb-4cb8-b9bf-ec796d9a8e8c:group-17C70005F625:LeaderElection16] INFO  impl.LeaderElection (LeaderElection.java:askForVotes(181)) - 2ccaf34f-8eeb-4cb8-b9bf-ec796d9a8e8c:group-17C70005F625:LeaderElection16: begin an election at term 1 for -1: [2ccaf34f-8eeb-4cb8-b9bf-ec796d9a8e8c:192.168.157.195:42859], old=null
2019-09-12 10:16:59,411 [2ccaf34f-8eeb-4cb8-b9bf-ec796d9a8e8c:group-17C70005F625:LeaderElection16] INFO  impl.RoleInfo (RoleInfo.java:shutdownLeaderElection(134)) - 2ccaf34f-8eeb-4cb8-b9bf-ec796d9a8e8c: shutdown LeaderElection
2019-09-12 10:16:59,411 [2ccaf34f-8eeb-4cb8-b9bf-ec796d9a8e8c:group-17C70005F625:LeaderElection16] INFO  impl.RaftServerImpl (RaftServerImpl.java:setRole(171)) - 2ccaf34f-8eeb-4cb8-b9bf-ec796d9a8e8c:group-17C70005F625 changes role from CANDIDATE to LEADER at term 1 for changeToLeader
2019-09-12 10:16:59,411 [2ccaf34f-8eeb-4cb8-b9bf-ec796d9a8e8c:group-17C70005F625:LeaderElection16] INFO  impl.RaftServerImpl (ServerState.java:setLeader(263)) - 2ccaf34f-8eeb-4cb8-b9bf-ec796d9a8e8c:group-17C70005F625 change Leader from null to 2ccaf34f-8eeb-4cb8-b9bf-ec796d9a8e8c at term 1 for becomeLeader, leader elected after 5136ms
2019-09-12 10:16:59,411 [2ccaf34f-8eeb-4cb8-b9bf-ec796d9a8e8c:group-17C70005F625:LeaderElection16] INFO  server.RaftServerConfigKeys (ConfUtils.java:logGet(43)) - raft.server.staging.catchup.gap = 1000 (default)
2019-09-12 10:16:59,411 [2ccaf34f-8eeb-4cb8-b9bf-ec796d9a8e8c:group-17C70005F625:LeaderElection16] INFO  server.RaftServerConfigKeys (ConfUtils.java:logGet(43)) - raft.server.rpc.sleep.time = 25ms (default)
2019-09-12 10:16:59,412 [2ccaf34f-8eeb-4cb8-b9bf-ec796d9a8e8c:group-17C70005F625:LeaderElection16] INFO  server.RaftServerConfigKeys (ConfUtils.java:logGet(43)) - raft.server.write.element-limit = 4096 (default)
2019-09-12 10:16:59,412 [2ccaf34f-8eeb-4cb8-b9bf-ec796d9a8e8c:group-17C70005F625:LeaderElection16] INFO  server.RaftServerConfigKeys (ConfUtils.java:logGet(43)) - raft.server.watch.timeout = 10s (default)
2019-09-12 10:16:59,412 [2ccaf34f-8eeb-4cb8-b9bf-ec796d9a8e8c:group-17C70005F625:LeaderElection16] INFO  server.RaftServerConfigKeys (ConfUtils.java:logGet(43)) - raft.server.watch.timeout.denomination = 1s (default)
2019-09-12 10:16:59,412 [2ccaf34f-8eeb-4cb8-b9bf-ec796d9a8e8c:group-17C70005F625:LeaderElection16] INFO  server.RaftServerConfigKeys (ConfUtils.java:logGet(43)) - raft.server.watch.element-limit = 65536 (default)
2019-09-12 10:16:59,413 [2ccaf34f-8eeb-4cb8-b9bf-ec796d9a8e8c:group-17C70005F625:LeaderElection16] INFO  impl.RoleInfo (RoleInfo.java:updateAndGet(143)) - 2ccaf34f-8eeb-4cb8-b9bf-ec796d9a8e8c: start LeaderState
2019-09-12 10:16:59,413 [2ccaf34f-8eeb-4cb8-b9bf-ec796d9a8e8c:group-17C70005F625:LeaderElection16] INFO  segmented.SegmentedRaftLogWorker (SegmentedRaftLogWorker.java:startLogSegment(380)) - 2ccaf34f-8eeb-4cb8-b9bf-ec796d9a8e8c-SegmentedRaftLogWorker:Storage Directory /workdir/hadoop-ozone/integration-test/target/test-dir/MiniOzoneClusterImpl-07260cbc-78d8-43ad-9b31-a55aa369dc3b/datanode-2/data/ratis/642b453b-f7ca-40ac-aa9e-17c70005f625: Starting segment from index:0
2019-09-12 10:16:59,413 [2ccaf34f-8eeb-4cb8-b9bf-ec796d9a8e8c:group-17C70005F625:LeaderElection16] INFO  impl.RaftServerImpl (ServerState.java:setRaftConf(361)) - 2ccaf34f-8eeb-4cb8-b9bf-ec796d9a8e8c:group-17C70005F625 set configuration 0: [2ccaf34f-8eeb-4cb8-b9bf-ec796d9a8e8c:192.168.157.195:42859], old=null at 0
2019-09-12 10:16:59,454 [d125a0e9-cc1d-49ad-8efe-65f48e7470f1:group-E2E8E7CCEE40:LeaderElection17] INFO  impl.LeaderElection (LeaderElection.java:askForVotes(181)) - d125a0e9-cc1d-49ad-8efe-65f48e7470f1:group-E2E8E7CCEE40:LeaderElection17: begin an election at term 1 for -1: [d125a0e9-cc1d-49ad-8efe-65f48e7470f1:192.168.157.195:46432], old=null
2019-09-12 10:16:59,454 [d125a0e9-cc1d-49ad-8efe-65f48e7470f1:group-E2E8E7CCEE40:LeaderElection17] INFO  impl.RoleInfo (RoleInfo.java:shutdownLeaderElection(134)) - d125a0e9-cc1d-49ad-8efe-65f48e7470f1: shutdown LeaderElection
2019-09-12 10:16:59,455 [d125a0e9-cc1d-49ad-8efe-65f48e7470f1:group-E2E8E7CCEE40:LeaderElection17] INFO  impl.RaftServerImpl (RaftServerImpl.java:setRole(171)) - d125a0e9-cc1d-49ad-8efe-65f48e7470f1:group-E2E8E7CCEE40 changes role from CANDIDATE to LEADER at term 1 for changeToLeader
2019-09-12 10:16:59,455 [d125a0e9-cc1d-49ad-8efe-65f48e7470f1:group-E2E8E7CCEE40:LeaderElection17] INFO  impl.RaftServerImpl (ServerState.java:setLeader(263)) - d125a0e9-cc1d-49ad-8efe-65f48e7470f1:group-E2E8E7CCEE40 change Leader from null to d125a0e9-cc1d-49ad-8efe-65f48e7470f1 at term 1 for becomeLeader, leader elected after 5124ms
2019-09-12 10:16:59,455 [d125a0e9-cc1d-49ad-8efe-65f48e7470f1:group-E2E8E7CCEE40:LeaderElection17] INFO  server.RaftServerConfigKeys (ConfUtils.java:logGet(43)) - raft.server.staging.catchup.gap = 1000 (default)
2019-09-12 10:16:59,455 [d125a0e9-cc1d-49ad-8efe-65f48e7470f1:group-E2E8E7CCEE40:LeaderElection17] INFO  server.RaftServerConfigKeys (ConfUtils.java:logGet(43)) - raft.server.rpc.sleep.time = 25ms (default)
2019-09-12 10:16:59,456 [d125a0e9-cc1d-49ad-8efe-65f48e7470f1:group-E2E8E7CCEE40:LeaderElection17] INFO  server.RaftServerConfigKeys (ConfUtils.java:logGet(43)) - raft.server.write.element-limit = 4096 (default)
2019-09-12 10:16:59,456 [d125a0e9-cc1d-49ad-8efe-65f48e7470f1:group-E2E8E7CCEE40:LeaderElection17] INFO  server.RaftServerConfigKeys (ConfUtils.java:logGet(43)) - raft.server.watch.timeout = 10s (default)
2019-09-12 10:16:59,457 [d125a0e9-cc1d-49ad-8efe-65f48e7470f1:group-E2E8E7CCEE40:LeaderElection17] INFO  server.RaftServerConfigKeys (ConfUtils.java:logGet(43)) - raft.server.watch.timeout.denomination = 1s (default)
2019-09-12 10:16:59,457 [d125a0e9-cc1d-49ad-8efe-65f48e7470f1:group-E2E8E7CCEE40:LeaderElection17] INFO  server.RaftServerConfigKeys (ConfUtils.java:logGet(43)) - raft.server.watch.element-limit = 65536 (default)
2019-09-12 10:16:59,457 [d125a0e9-cc1d-49ad-8efe-65f48e7470f1:group-E2E8E7CCEE40:LeaderElection17] INFO  impl.RoleInfo (RoleInfo.java:updateAndGet(143)) - d125a0e9-cc1d-49ad-8efe-65f48e7470f1: start LeaderState
2019-09-12 10:16:59,458 [d125a0e9-cc1d-49ad-8efe-65f48e7470f1:group-E2E8E7CCEE40:LeaderElection17] INFO  segmented.SegmentedRaftLogWorker (SegmentedRaftLogWorker.java:startLogSegment(380)) - d125a0e9-cc1d-49ad-8efe-65f48e7470f1-SegmentedRaftLogWorker:Storage Directory /workdir/hadoop-ozone/integration-test/target/test-dir/MiniOzoneClusterImpl-07260cbc-78d8-43ad-9b31-a55aa369dc3b/datanode-0/data/ratis/a557fdff-2735-4b9d-a5bb-e2e8e7ccee40: Starting segment from index:0
2019-09-12 10:16:59,459 [d125a0e9-cc1d-49ad-8efe-65f48e7470f1:group-E2E8E7CCEE40:LeaderElection17] INFO  impl.RaftServerImpl (ServerState.java:setRaftConf(361)) - d125a0e9-cc1d-49ad-8efe-65f48e7470f1:group-E2E8E7CCEE40 set configuration 0: [d125a0e9-cc1d-49ad-8efe-65f48e7470f1:192.168.157.195:46432], old=null at 0
2019-09-12 10:16:59,501 [2ccaf34f-8eeb-4cb8-b9bf-ec796d9a8e8c-SegmentedRaftLogWorker:Storage Directory /workdir/hadoop-ozone/integration-test/target/test-dir/MiniOzoneClusterImpl-07260cbc-78d8-43ad-9b31-a55aa369dc3b/datanode-2/data/ratis/642b453b-f7ca-40ac-aa9e-17c70005f625] INFO  segmented.SegmentedRaftLogWorker (SegmentedRaftLogWorker.java:execute(569)) - 2ccaf34f-8eeb-4cb8-b9bf-ec796d9a8e8c-SegmentedRaftLogWorker:Storage Directory /workdir/hadoop-ozone/integration-test/target/test-dir/MiniOzoneClusterImpl-07260cbc-78d8-43ad-9b31-a55aa369dc3b/datanode-2/data/ratis/642b453b-f7ca-40ac-aa9e-17c70005f625: created new log segment /workdir/hadoop-ozone/integration-test/target/test-dir/MiniOzoneClusterImpl-07260cbc-78d8-43ad-9b31-a55aa369dc3b/datanode-2/data/ratis/642b453b-f7ca-40ac-aa9e-17c70005f625/current/log_inprogress_0
2019-09-12 10:16:59,502 [Thread-278] INFO  impl.FollowerState (FollowerState.java:run(106)) - 2c6903b2-bd88-4155-8644-e70f9499caec:group-9C50D4F998BB changes to CANDIDATE, lastRpcTime:5045, electionTimeout:5045ms
2019-09-12 10:16:59,502 [Thread-278] INFO  impl.RoleInfo (RoleInfo.java:shutdownFollowerState(121)) - 2c6903b2-bd88-4155-8644-e70f9499caec: shutdown FollowerState
2019-09-12 10:16:59,502 [Thread-278] INFO  impl.RaftServerImpl (RaftServerImpl.java:setRole(171)) - 2c6903b2-bd88-4155-8644-e70f9499caec:group-9C50D4F998BB changes role from FOLLOWER to CANDIDATE at term 0 for changeToCandidate
2019-09-12 10:16:59,502 [Thread-278] INFO  impl.RoleInfo (RoleInfo.java:updateAndGet(143)) - 2c6903b2-bd88-4155-8644-e70f9499caec: start LeaderElection
2019-09-12 10:16:59,514 [d125a0e9-cc1d-49ad-8efe-65f48e7470f1-SegmentedRaftLogWorker:Storage Directory /workdir/hadoop-ozone/integration-test/target/test-dir/MiniOzoneClusterImpl-07260cbc-78d8-43ad-9b31-a55aa369dc3b/datanode-0/data/ratis/a557fdff-2735-4b9d-a5bb-e2e8e7ccee40] INFO  segmented.SegmentedRaftLogWorker (SegmentedRaftLogWorker.java:execute(569)) - d125a0e9-cc1d-49ad-8efe-65f48e7470f1-SegmentedRaftLogWorker:Storage Directory /workdir/hadoop-ozone/integration-test/target/test-dir/MiniOzoneClusterImpl-07260cbc-78d8-43ad-9b31-a55aa369dc3b/datanode-0/data/ratis/a557fdff-2735-4b9d-a5bb-e2e8e7ccee40: created new log segment /workdir/hadoop-ozone/integration-test/target/test-dir/MiniOzoneClusterImpl-07260cbc-78d8-43ad-9b31-a55aa369dc3b/datanode-0/data/ratis/a557fdff-2735-4b9d-a5bb-e2e8e7ccee40/current/log_inprogress_0
2019-09-12 10:16:59,514 [2c6903b2-bd88-4155-8644-e70f9499caec:group-9C50D4F998BB:LeaderElection18] INFO  impl.LeaderElection (LeaderElection.java:askForVotes(181)) - 2c6903b2-bd88-4155-8644-e70f9499caec:group-9C50D4F998BB:LeaderElection18: begin an election at term 1 for -1: [2c6903b2-bd88-4155-8644-e70f9499caec:192.168.157.195:40334], old=null
2019-09-12 10:16:59,514 [2c6903b2-bd88-4155-8644-e70f9499caec:group-9C50D4F998BB:LeaderElection18] INFO  impl.RoleInfo (RoleInfo.java:shutdownLeaderElection(134)) - 2c6903b2-bd88-4155-8644-e70f9499caec: shutdown LeaderElection
2019-09-12 10:16:59,515 [2c6903b2-bd88-4155-8644-e70f9499caec:group-9C50D4F998BB:LeaderElection18] INFO  impl.RaftServerImpl (RaftServerImpl.java:setRole(171)) - 2c6903b2-bd88-4155-8644-e70f9499caec:group-9C50D4F998BB changes role from CANDIDATE to LEADER at term 1 for changeToLeader
2019-09-12 10:16:59,515 [2c6903b2-bd88-4155-8644-e70f9499caec:group-9C50D4F998BB:LeaderElection18] INFO  impl.RaftServerImpl (ServerState.java:setLeader(263)) - 2c6903b2-bd88-4155-8644-e70f9499caec:group-9C50D4F998BB change Leader from null to 2c6903b2-bd88-4155-8644-e70f9499caec at term 1 for becomeLeader, leader elected after 5064ms
2019-09-12 10:16:59,515 [2c6903b2-bd88-4155-8644-e70f9499caec:group-9C50D4F998BB:LeaderElection18] INFO  server.RaftServerConfigKeys (ConfUtils.java:logGet(43)) - raft.server.staging.catchup.gap = 1000 (default)
2019-09-12 10:16:59,515 [2c6903b2-bd88-4155-8644-e70f9499caec:group-9C50D4F998BB:LeaderElection18] INFO  server.RaftServerConfigKeys (ConfUtils.java:logGet(43)) - raft.server.rpc.sleep.time = 25ms (default)
2019-09-12 10:16:59,515 [2c6903b2-bd88-4155-8644-e70f9499caec:group-9C50D4F998BB:LeaderElection18] INFO  server.RaftServerConfigKeys (ConfUtils.java:logGet(43)) - raft.server.write.element-limit = 4096 (default)
2019-09-12 10:16:59,515 [2c6903b2-bd88-4155-8644-e70f9499caec:group-9C50D4F998BB:LeaderElection18] INFO  server.RaftServerConfigKeys (ConfUtils.java:logGet(43)) - raft.server.watch.timeout = 10s (default)
2019-09-12 10:16:59,516 [2c6903b2-bd88-4155-8644-e70f9499caec:group-9C50D4F998BB:LeaderElection18] INFO  server.RaftServerConfigKeys (ConfUtils.java:logGet(43)) - raft.server.watch.timeout.denomination = 1s (default)
2019-09-12 10:16:59,516 [2c6903b2-bd88-4155-8644-e70f9499caec:group-9C50D4F998BB:LeaderElection18] INFO  server.RaftServerConfigKeys (ConfUtils.java:logGet(43)) - raft.server.watch.element-limit = 65536 (default)
2019-09-12 10:16:59,516 [2c6903b2-bd88-4155-8644-e70f9499caec:group-9C50D4F998BB:LeaderElection18] INFO  impl.RoleInfo (RoleInfo.java:updateAndGet(143)) - 2c6903b2-bd88-4155-8644-e70f9499caec: start LeaderState
2019-09-12 10:16:59,516 [2c6903b2-bd88-4155-8644-e70f9499caec:group-9C50D4F998BB:LeaderElection18] INFO  segmented.SegmentedRaftLogWorker (SegmentedRaftLogWorker.java:startLogSegment(380)) - 2c6903b2-bd88-4155-8644-e70f9499caec-SegmentedRaftLogWorker:Storage Directory /workdir/hadoop-ozone/integration-test/target/test-dir/MiniOzoneClusterImpl-07260cbc-78d8-43ad-9b31-a55aa369dc3b/datanode-1/data/ratis/08a897df-fbd9-4a9b-b983-9c50d4f998bb: Starting segment from index:0
2019-09-12 10:16:59,517 [2c6903b2-bd88-4155-8644-e70f9499caec:group-9C50D4F998BB:LeaderElection18] INFO  impl.RaftServerImpl (ServerState.java:setRaftConf(361)) - 2c6903b2-bd88-4155-8644-e70f9499caec:group-9C50D4F998BB set configuration 0: [2c6903b2-bd88-4155-8644-e70f9499caec:192.168.157.195:40334], old=null at 0
2019-09-12 10:16:59,558 [Thread-275] INFO  impl.FollowerState (FollowerState.java:run(106)) - 2c6903b2-bd88-4155-8644-e70f9499caec:group-948E980A0DFC changes to CANDIDATE, lastRpcTime:5169, electionTimeout:5144ms
2019-09-12 10:16:59,559 [Thread-275] INFO  impl.RoleInfo (RoleInfo.java:shutdownFollowerState(121)) - 2c6903b2-bd88-4155-8644-e70f9499caec: shutdown FollowerState
2019-09-12 10:16:59,559 [Thread-275] INFO  impl.RaftServerImpl (RaftServerImpl.java:setRole(171)) - 2c6903b2-bd88-4155-8644-e70f9499caec:group-948E980A0DFC changes role from FOLLOWER to CANDIDATE at term 0 for changeToCandidate
2019-09-12 10:16:59,559 [Thread-275] INFO  impl.RoleInfo (RoleInfo.java:updateAndGet(143)) - 2c6903b2-bd88-4155-8644-e70f9499caec: start LeaderElection
2019-09-12 10:16:59,571 [2c6903b2-bd88-4155-8644-e70f9499caec-SegmentedRaftLogWorker:Storage Directory /workdir/hadoop-ozone/integration-test/target/test-dir/MiniOzoneClusterImpl-07260cbc-78d8-43ad-9b31-a55aa369dc3b/datanode-1/data/ratis/08a897df-fbd9-4a9b-b983-9c50d4f998bb] INFO  segmented.SegmentedRaftLogWorker (SegmentedRaftLogWorker.java:execute(569)) - 2c6903b2-bd88-4155-8644-e70f9499caec-SegmentedRaftLogWorker:Storage Directory /workdir/hadoop-ozone/integration-test/target/test-dir/MiniOzoneClusterImpl-07260cbc-78d8-43ad-9b31-a55aa369dc3b/datanode-1/data/ratis/08a897df-fbd9-4a9b-b983-9c50d4f998bb: created new log segment /workdir/hadoop-ozone/integration-test/target/test-dir/MiniOzoneClusterImpl-07260cbc-78d8-43ad-9b31-a55aa369dc3b/datanode-1/data/ratis/08a897df-fbd9-4a9b-b983-9c50d4f998bb/current/log_inprogress_0
2019-09-12 10:16:59,571 [2c6903b2-bd88-4155-8644-e70f9499caec:group-948E980A0DFC:LeaderElection19] INFO  impl.LeaderElection (LeaderElection.java:askForVotes(181)) - 2c6903b2-bd88-4155-8644-e70f9499caec:group-948E980A0DFC:LeaderElection19: begin an election at term 1 for -1: [2c6903b2-bd88-4155-8644-e70f9499caec:192.168.157.195:40334], old=null
2019-09-12 10:16:59,572 [2c6903b2-bd88-4155-8644-e70f9499caec:group-948E980A0DFC:LeaderElection19] INFO  impl.RoleInfo (RoleInfo.java:shutdownLeaderElection(134)) - 2c6903b2-bd88-4155-8644-e70f9499caec: shutdown LeaderElection
2019-09-12 10:16:59,572 [2c6903b2-bd88-4155-8644-e70f9499caec:group-948E980A0DFC:LeaderElection19] INFO  impl.RaftServerImpl (RaftServerImpl.java:setRole(171)) - 2c6903b2-bd88-4155-8644-e70f9499caec:group-948E980A0DFC changes role from CANDIDATE to LEADER at term 1 for changeToLeader
2019-09-12 10:16:59,572 [2c6903b2-bd88-4155-8644-e70f9499caec:group-948E980A0DFC:LeaderElection19] INFO  impl.RaftServerImpl (ServerState.java:setLeader(263)) - 2c6903b2-bd88-4155-8644-e70f9499caec:group-948E980A0DFC change Leader from null to 2c6903b2-bd88-4155-8644-e70f9499caec at term 1 for becomeLeader, leader elected after 5187ms
2019-09-12 10:16:59,572 [2c6903b2-bd88-4155-8644-e70f9499caec:group-948E980A0DFC:LeaderElection19] INFO  server.RaftServerConfigKeys (ConfUtils.java:logGet(43)) - raft.server.staging.catchup.gap = 1000 (default)
2019-09-12 10:16:59,572 [2c6903b2-bd88-4155-8644-e70f9499caec:group-948E980A0DFC:LeaderElection19] INFO  server.RaftServerConfigKeys (ConfUtils.java:logGet(43)) - raft.server.rpc.sleep.time = 25ms (default)
2019-09-12 10:16:59,573 [2c6903b2-bd88-4155-8644-e70f9499caec:group-948E980A0DFC:LeaderElection19] INFO  server.RaftServerConfigKeys (ConfUtils.java:logGet(43)) - raft.server.write.element-limit = 4096 (default)
2019-09-12 10:16:59,573 [2c6903b2-bd88-4155-8644-e70f9499caec:group-948E980A0DFC:LeaderElection19] INFO  server.RaftServerConfigKeys (ConfUtils.java:logGet(43)) - raft.server.watch.timeout = 10s (default)
2019-09-12 10:16:59,573 [2c6903b2-bd88-4155-8644-e70f9499caec:group-948E980A0DFC:LeaderElection19] INFO  server.RaftServerConfigKeys (ConfUtils.java:logGet(43)) - raft.server.watch.timeout.denomination = 1s (default)
2019-09-12 10:16:59,573 [2c6903b2-bd88-4155-8644-e70f9499caec:group-948E980A0DFC:LeaderElection19] INFO  server.RaftServerConfigKeys (ConfUtils.java:logGet(43)) - raft.server.watch.element-limit = 65536 (default)
2019-09-12 10:16:59,573 [2c6903b2-bd88-4155-8644-e70f9499caec:group-948E980A0DFC:LeaderElection19] INFO  impl.RoleInfo (RoleInfo.java:updateAndGet(143)) - 2c6903b2-bd88-4155-8644-e70f9499caec: start LeaderState
2019-09-12 10:16:59,574 [2c6903b2-bd88-4155-8644-e70f9499caec:group-948E980A0DFC:LeaderElection19] INFO  segmented.SegmentedRaftLogWorker (SegmentedRaftLogWorker.java:startLogSegment(380)) - 2c6903b2-bd88-4155-8644-e70f9499caec-SegmentedRaftLogWorker:Storage Directory /workdir/hadoop-ozone/integration-test/target/test-dir/MiniOzoneClusterImpl-07260cbc-78d8-43ad-9b31-a55aa369dc3b/datanode-1/data/ratis/aeb25633-748d-480e-8bc8-948e980a0dfc: Starting segment from index:0
2019-09-12 10:16:59,574 [2c6903b2-bd88-4155-8644-e70f9499caec:group-948E980A0DFC:LeaderElection19] INFO  impl.RaftServerImpl (ServerState.java:setRaftConf(361)) - 2c6903b2-bd88-4155-8644-e70f9499caec:group-948E980A0DFC set configuration 0: [2c6903b2-bd88-4155-8644-e70f9499caec:192.168.157.195:40334], old=null at 0
2019-09-12 10:16:59,607 [Thread-281] INFO  impl.FollowerState (FollowerState.java:run(106)) - 2ccaf34f-8eeb-4cb8-b9bf-ec796d9a8e8c:group-BFE2AD019BB3 changes to CANDIDATE, lastRpcTime:5077, electionTimeout:5061ms
2019-09-12 10:16:59,607 [Thread-281] INFO  impl.RoleInfo (RoleInfo.java:shutdownFollowerState(121)) - 2ccaf34f-8eeb-4cb8-b9bf-ec796d9a8e8c: shutdown FollowerState
2019-09-12 10:16:59,607 [Thread-281] INFO  impl.RaftServerImpl (RaftServerImpl.java:setRole(171)) - 2ccaf34f-8eeb-4cb8-b9bf-ec796d9a8e8c:group-BFE2AD019BB3 changes role from FOLLOWER to CANDIDATE at term 0 for changeToCandidate
2019-09-12 10:16:59,607 [Thread-281] INFO  impl.RoleInfo (RoleInfo.java:updateAndGet(143)) - 2ccaf34f-8eeb-4cb8-b9bf-ec796d9a8e8c: start LeaderElection
2019-09-12 10:16:59,626 [2c6903b2-bd88-4155-8644-e70f9499caec-SegmentedRaftLogWorker:Storage Directory /workdir/hadoop-ozone/integration-test/target/test-dir/MiniOzoneClusterImpl-07260cbc-78d8-43ad-9b31-a55aa369dc3b/datanode-1/data/ratis/aeb25633-748d-480e-8bc8-948e980a0dfc] INFO  segmented.SegmentedRaftLogWorker (SegmentedRaftLogWorker.java:execute(569)) - 2c6903b2-bd88-4155-8644-e70f9499caec-SegmentedRaftLogWorker:Storage Directory /workdir/hadoop-ozone/integration-test/target/test-dir/MiniOzoneClusterImpl-07260cbc-78d8-43ad-9b31-a55aa369dc3b/datanode-1/data/ratis/aeb25633-748d-480e-8bc8-948e980a0dfc: created new log segment /workdir/hadoop-ozone/integration-test/target/test-dir/MiniOzoneClusterImpl-07260cbc-78d8-43ad-9b31-a55aa369dc3b/datanode-1/data/ratis/aeb25633-748d-480e-8bc8-948e980a0dfc/current/log_inprogress_0
2019-09-12 10:16:59,638 [Thread-284] INFO  impl.FollowerState (FollowerState.java:run(106)) - 29b8f213-10fb-4d36-bbf5-ca2aa222f4ad:group-C9B270A4AEC8 changes to CANDIDATE, lastRpcTime:5007, electionTimeout:5007ms
2019-09-12 10:16:59,638 [Thread-284] INFO  impl.RoleInfo (RoleInfo.java:shutdownFollowerState(121)) - 29b8f213-10fb-4d36-bbf5-ca2aa222f4ad: shutdown FollowerState
2019-09-12 10:16:59,638 [Thread-284] INFO  impl.RaftServerImpl (RaftServerImpl.java:setRole(171)) - 29b8f213-10fb-4d36-bbf5-ca2aa222f4ad:group-C9B270A4AEC8 changes role from FOLLOWER to CANDIDATE at term 0 for changeToCandidate
2019-09-12 10:16:59,638 [Thread-284] INFO  impl.RoleInfo (RoleInfo.java:updateAndGet(143)) - 29b8f213-10fb-4d36-bbf5-ca2aa222f4ad: start LeaderElection
2019-09-12 10:16:59,641 [2ccaf34f-8eeb-4cb8-b9bf-ec796d9a8e8c:group-BFE2AD019BB3:LeaderElection20] INFO  impl.LeaderElection (LeaderElection.java:askForVotes(181)) - 2ccaf34f-8eeb-4cb8-b9bf-ec796d9a8e8c:group-BFE2AD019BB3:LeaderElection20: begin an election at term 1 for -1: [2ccaf34f-8eeb-4cb8-b9bf-ec796d9a8e8c:192.168.157.195:42859], old=null
2019-09-12 10:16:59,641 [2ccaf34f-8eeb-4cb8-b9bf-ec796d9a8e8c:group-BFE2AD019BB3:LeaderElection20] INFO  impl.RoleInfo (RoleInfo.java:shutdownLeaderElection(134)) - 2ccaf34f-8eeb-4cb8-b9bf-ec796d9a8e8c: shutdown LeaderElection
2019-09-12 10:16:59,641 [2ccaf34f-8eeb-4cb8-b9bf-ec796d9a8e8c:group-BFE2AD019BB3:LeaderElection20] INFO  impl.RaftServerImpl (RaftServerImpl.java:setRole(171)) - 2ccaf34f-8eeb-4cb8-b9bf-ec796d9a8e8c:group-BFE2AD019BB3 changes role from CANDIDATE to LEADER at term 1 for changeToLeader
2019-09-12 10:16:59,641 [2ccaf34f-8eeb-4cb8-b9bf-ec796d9a8e8c:group-BFE2AD019BB3:LeaderElection20] INFO  impl.RaftServerImpl (ServerState.java:setLeader(263)) - 2ccaf34f-8eeb-4cb8-b9bf-ec796d9a8e8c:group-BFE2AD019BB3 change Leader from null to 2ccaf34f-8eeb-4cb8-b9bf-ec796d9a8e8c at term 1 for becomeLeader, leader elected after 5117ms
2019-09-12 10:16:59,641 [2ccaf34f-8eeb-4cb8-b9bf-ec796d9a8e8c:group-BFE2AD019BB3:LeaderElection20] INFO  server.RaftServerConfigKeys (ConfUtils.java:logGet(43)) - raft.server.staging.catchup.gap = 1000 (default)
2019-09-12 10:16:59,642 [2ccaf34f-8eeb-4cb8-b9bf-ec796d9a8e8c:group-BFE2AD019BB3:LeaderElection20] INFO  server.RaftServerConfigKeys (ConfUtils.java:logGet(43)) - raft.server.rpc.sleep.time = 25ms (default)
2019-09-12 10:16:59,642 [2ccaf34f-8eeb-4cb8-b9bf-ec796d9a8e8c:group-BFE2AD019BB3:LeaderElection20] INFO  server.RaftServerConfigKeys (ConfUtils.java:logGet(43)) - raft.server.write.element-limit = 4096 (default)
2019-09-12 10:16:59,642 [2ccaf34f-8eeb-4cb8-b9bf-ec796d9a8e8c:group-BFE2AD019BB3:LeaderElection20] INFO  server.RaftServerConfigKeys (ConfUtils.java:logGet(43)) - raft.server.watch.timeout = 10s (default)
2019-09-12 10:16:59,642 [2ccaf34f-8eeb-4cb8-b9bf-ec796d9a8e8c:group-BFE2AD019BB3:LeaderElection20] INFO  server.RaftServerConfigKeys (ConfUtils.java:logGet(43)) - raft.server.watch.timeout.denomination = 1s (default)
2019-09-12 10:16:59,642 [2ccaf34f-8eeb-4cb8-b9bf-ec796d9a8e8c:group-BFE2AD019BB3:LeaderElection20] INFO  server.RaftServerConfigKeys (ConfUtils.java:logGet(43)) - raft.server.watch.element-limit = 65536 (default)
2019-09-12 10:16:59,643 [2ccaf34f-8eeb-4cb8-b9bf-ec796d9a8e8c:group-BFE2AD019BB3:LeaderElection20] INFO  impl.RoleInfo (RoleInfo.java:updateAndGet(143)) - 2ccaf34f-8eeb-4cb8-b9bf-ec796d9a8e8c: start LeaderState
2019-09-12 10:16:59,643 [2ccaf34f-8eeb-4cb8-b9bf-ec796d9a8e8c:group-BFE2AD019BB3:LeaderElection20] INFO  segmented.SegmentedRaftLogWorker (SegmentedRaftLogWorker.java:startLogSegment(380)) - 2ccaf34f-8eeb-4cb8-b9bf-ec796d9a8e8c-SegmentedRaftLogWorker:Storage Directory /workdir/hadoop-ozone/integration-test/target/test-dir/MiniOzoneClusterImpl-07260cbc-78d8-43ad-9b31-a55aa369dc3b/datanode-2/data/ratis/deeb06cb-48ca-47f3-bc1e-bfe2ad019bb3: Starting segment from index:0
2019-09-12 10:16:59,644 [2ccaf34f-8eeb-4cb8-b9bf-ec796d9a8e8c:group-BFE2AD019BB3:LeaderElection20] INFO  impl.RaftServerImpl (ServerState.java:setRaftConf(361)) - 2ccaf34f-8eeb-4cb8-b9bf-ec796d9a8e8c:group-BFE2AD019BB3 set configuration 0: [2ccaf34f-8eeb-4cb8-b9bf-ec796d9a8e8c:192.168.157.195:42859], old=null at 0
2019-09-12 10:16:59,689 [29b8f213-10fb-4d36-bbf5-ca2aa222f4ad:group-C9B270A4AEC8:LeaderElection21] INFO  impl.LeaderElection (LeaderElection.java:askForVotes(181)) - 29b8f213-10fb-4d36-bbf5-ca2aa222f4ad:group-C9B270A4AEC8:LeaderElection21: begin an election at term 1 for -1: [29b8f213-10fb-4d36-bbf5-ca2aa222f4ad:192.168.157.195:38559], old=null
2019-09-12 10:16:59,689 [29b8f213-10fb-4d36-bbf5-ca2aa222f4ad:group-C9B270A4AEC8:LeaderElection21] INFO  impl.RoleInfo (RoleInfo.java:shutdownLeaderElection(134)) - 29b8f213-10fb-4d36-bbf5-ca2aa222f4ad: shutdown LeaderElection
2019-09-12 10:16:59,689 [29b8f213-10fb-4d36-bbf5-ca2aa222f4ad:group-C9B270A4AEC8:LeaderElection21] INFO  impl.RaftServerImpl (RaftServerImpl.java:setRole(171)) - 29b8f213-10fb-4d36-bbf5-ca2aa222f4ad:group-C9B270A4AEC8 changes role from CANDIDATE to LEADER at term 1 for changeToLeader
2019-09-12 10:16:59,689 [29b8f213-10fb-4d36-bbf5-ca2aa222f4ad:group-C9B270A4AEC8:LeaderElection21] INFO  impl.RaftServerImpl (ServerState.java:setLeader(263)) - 29b8f213-10fb-4d36-bbf5-ca2aa222f4ad:group-C9B270A4AEC8 change Leader from null to 29b8f213-10fb-4d36-bbf5-ca2aa222f4ad at term 1 for becomeLeader, leader elected after 5063ms
2019-09-12 10:16:59,689 [29b8f213-10fb-4d36-bbf5-ca2aa222f4ad:group-C9B270A4AEC8:LeaderElection21] INFO  server.RaftServerConfigKeys (ConfUtils.java:logGet(43)) - raft.server.staging.catchup.gap = 1000 (default)
2019-09-12 10:16:59,689 [29b8f213-10fb-4d36-bbf5-ca2aa222f4ad:group-C9B270A4AEC8:LeaderElection21] INFO  server.RaftServerConfigKeys (ConfUtils.java:logGet(43)) - raft.server.rpc.sleep.time = 25ms (default)
2019-09-12 10:16:59,689 [29b8f213-10fb-4d36-bbf5-ca2aa222f4ad:group-C9B270A4AEC8:LeaderElection21] INFO  server.RaftServerConfigKeys (ConfUtils.java:logGet(43)) - raft.server.write.element-limit = 4096 (default)
2019-09-12 10:16:59,690 [29b8f213-10fb-4d36-bbf5-ca2aa222f4ad:group-C9B270A4AEC8:LeaderElection21] INFO  server.RaftServerConfigKeys (ConfUtils.java:logGet(43)) - raft.server.watch.timeout = 10s (default)
2019-09-12 10:16:59,690 [29b8f213-10fb-4d36-bbf5-ca2aa222f4ad:group-C9B270A4AEC8:LeaderElection21] INFO  server.RaftServerConfigKeys (ConfUtils.java:logGet(43)) - raft.server.watch.timeout.denomination = 1s (default)
2019-09-12 10:16:59,690 [29b8f213-10fb-4d36-bbf5-ca2aa222f4ad:group-C9B270A4AEC8:LeaderElection21] INFO  server.RaftServerConfigKeys (ConfUtils.java:logGet(43)) - raft.server.watch.element-limit = 65536 (default)
2019-09-12 10:16:59,690 [29b8f213-10fb-4d36-bbf5-ca2aa222f4ad:group-C9B270A4AEC8:LeaderElection21] INFO  impl.RoleInfo (RoleInfo.java:updateAndGet(143)) - 29b8f213-10fb-4d36-bbf5-ca2aa222f4ad: start LeaderState
2019-09-12 10:16:59,690 [29b8f213-10fb-4d36-bbf5-ca2aa222f4ad:group-C9B270A4AEC8:LeaderElection21] INFO  segmented.SegmentedRaftLogWorker (SegmentedRaftLogWorker.java:startLogSegment(380)) - 29b8f213-10fb-4d36-bbf5-ca2aa222f4ad-SegmentedRaftLogWorker:Storage Directory /workdir/hadoop-ozone/integration-test/target/test-dir/MiniOzoneClusterImpl-07260cbc-78d8-43ad-9b31-a55aa369dc3b/datanode-3/data/ratis/7460f866-ac49-4847-86ce-c9b270a4aec8: Starting segment from index:0
2019-09-12 10:16:59,691 [29b8f213-10fb-4d36-bbf5-ca2aa222f4ad:group-C9B270A4AEC8:LeaderElection21] INFO  impl.RaftServerImpl (ServerState.java:setRaftConf(361)) - 29b8f213-10fb-4d36-bbf5-ca2aa222f4ad:group-C9B270A4AEC8 set configuration 0: [29b8f213-10fb-4d36-bbf5-ca2aa222f4ad:192.168.157.195:38559], old=null at 0
2019-09-12 10:16:59,724 [2ccaf34f-8eeb-4cb8-b9bf-ec796d9a8e8c-SegmentedRaftLogWorker:Storage Directory /workdir/hadoop-ozone/integration-test/target/test-dir/MiniOzoneClusterImpl-07260cbc-78d8-43ad-9b31-a55aa369dc3b/datanode-2/data/ratis/deeb06cb-48ca-47f3-bc1e-bfe2ad019bb3] INFO  segmented.SegmentedRaftLogWorker (SegmentedRaftLogWorker.java:execute(569)) - 2ccaf34f-8eeb-4cb8-b9bf-ec796d9a8e8c-SegmentedRaftLogWorker:Storage Directory /workdir/hadoop-ozone/integration-test/target/test-dir/MiniOzoneClusterImpl-07260cbc-78d8-43ad-9b31-a55aa369dc3b/datanode-2/data/ratis/deeb06cb-48ca-47f3-bc1e-bfe2ad019bb3: created new log segment /workdir/hadoop-ozone/integration-test/target/test-dir/MiniOzoneClusterImpl-07260cbc-78d8-43ad-9b31-a55aa369dc3b/datanode-2/data/ratis/deeb06cb-48ca-47f3-bc1e-bfe2ad019bb3/current/log_inprogress_0
2019-09-12 10:16:59,727 | INFO  | SCMAudit | user=jenkins1000 | ip=192.168.157.195 | op=SEND_HEARTBEAT {datanodeUUID=754318a0-7d43-4de4-9a7a-4e513334fcf8, command=[]} | ret=SUCCESS |  
2019-09-12 10:16:59,736 [29b8f213-10fb-4d36-bbf5-ca2aa222f4ad-SegmentedRaftLogWorker:Storage Directory /workdir/hadoop-ozone/integration-test/target/test-dir/MiniOzoneClusterImpl-07260cbc-78d8-43ad-9b31-a55aa369dc3b/datanode-3/data/ratis/7460f866-ac49-4847-86ce-c9b270a4aec8] INFO  segmented.SegmentedRaftLogWorker (SegmentedRaftLogWorker.java:execute(569)) - 29b8f213-10fb-4d36-bbf5-ca2aa222f4ad-SegmentedRaftLogWorker:Storage Directory /workdir/hadoop-ozone/integration-test/target/test-dir/MiniOzoneClusterImpl-07260cbc-78d8-43ad-9b31-a55aa369dc3b/datanode-3/data/ratis/7460f866-ac49-4847-86ce-c9b270a4aec8: created new log segment /workdir/hadoop-ozone/integration-test/target/test-dir/MiniOzoneClusterImpl-07260cbc-78d8-43ad-9b31-a55aa369dc3b/datanode-3/data/ratis/7460f866-ac49-4847-86ce-c9b270a4aec8/current/log_inprogress_0
2019-09-12 10:16:59,750 | INFO  | SCMAudit | user=jenkins1000 | ip=192.168.157.195 | op=SEND_HEARTBEAT {datanodeUUID=d125a0e9-cc1d-49ad-8efe-65f48e7470f1, command=[]} | ret=SUCCESS |  
2019-09-12 10:16:59,802 [Thread-287] INFO  impl.FollowerState (FollowerState.java:run(106)) - 29b8f213-10fb-4d36-bbf5-ca2aa222f4ad:group-D1B279B4121E changes to CANDIDATE, lastRpcTime:5101, electionTimeout:5101ms
2019-09-12 10:16:59,803 [Thread-287] INFO  impl.RoleInfo (RoleInfo.java:shutdownFollowerState(121)) - 29b8f213-10fb-4d36-bbf5-ca2aa222f4ad: shutdown FollowerState
2019-09-12 10:16:59,803 [Thread-287] INFO  impl.RaftServerImpl (RaftServerImpl.java:setRole(171)) - 29b8f213-10fb-4d36-bbf5-ca2aa222f4ad:group-D1B279B4121E changes role from FOLLOWER to CANDIDATE at term 0 for changeToCandidate
2019-09-12 10:16:59,803 [Thread-287] INFO  impl.RoleInfo (RoleInfo.java:updateAndGet(143)) - 29b8f213-10fb-4d36-bbf5-ca2aa222f4ad: start LeaderElection
2019-09-12 10:16:59,819 [29b8f213-10fb-4d36-bbf5-ca2aa222f4ad:group-D1B279B4121E:LeaderElection22] INFO  impl.LeaderElection (LeaderElection.java:askForVotes(181)) - 29b8f213-10fb-4d36-bbf5-ca2aa222f4ad:group-D1B279B4121E:LeaderElection22: begin an election at term 1 for -1: [29b8f213-10fb-4d36-bbf5-ca2aa222f4ad:192.168.157.195:38559], old=null
2019-09-12 10:16:59,819 [29b8f213-10fb-4d36-bbf5-ca2aa222f4ad:group-D1B279B4121E:LeaderElection22] INFO  impl.RoleInfo (RoleInfo.java:shutdownLeaderElection(134)) - 29b8f213-10fb-4d36-bbf5-ca2aa222f4ad: shutdown LeaderElection
2019-09-12 10:16:59,819 [29b8f213-10fb-4d36-bbf5-ca2aa222f4ad:group-D1B279B4121E:LeaderElection22] INFO  impl.RaftServerImpl (RaftServerImpl.java:setRole(171)) - 29b8f213-10fb-4d36-bbf5-ca2aa222f4ad:group-D1B279B4121E changes role from CANDIDATE to LEADER at term 1 for changeToLeader
2019-09-12 10:16:59,819 [29b8f213-10fb-4d36-bbf5-ca2aa222f4ad:group-D1B279B4121E:LeaderElection22] INFO  impl.RaftServerImpl (ServerState.java:setLeader(263)) - 29b8f213-10fb-4d36-bbf5-ca2aa222f4ad:group-D1B279B4121E change Leader from null to 29b8f213-10fb-4d36-bbf5-ca2aa222f4ad at term 1 for becomeLeader, leader elected after 5122ms
2019-09-12 10:16:59,820 [29b8f213-10fb-4d36-bbf5-ca2aa222f4ad:group-D1B279B4121E:LeaderElection22] INFO  server.RaftServerConfigKeys (ConfUtils.java:logGet(43)) - raft.server.staging.catchup.gap = 1000 (default)
2019-09-12 10:16:59,820 [29b8f213-10fb-4d36-bbf5-ca2aa222f4ad:group-D1B279B4121E:LeaderElection22] INFO  server.RaftServerConfigKeys (ConfUtils.java:logGet(43)) - raft.server.rpc.sleep.time = 25ms (default)
2019-09-12 10:16:59,820 [29b8f213-10fb-4d36-bbf5-ca2aa222f4ad:group-D1B279B4121E:LeaderElection22] INFO  server.RaftServerConfigKeys (ConfUtils.java:logGet(43)) - raft.server.write.element-limit = 4096 (default)
2019-09-12 10:16:59,820 [29b8f213-10fb-4d36-bbf5-ca2aa222f4ad:group-D1B279B4121E:LeaderElection22] INFO  server.RaftServerConfigKeys (ConfUtils.java:logGet(43)) - raft.server.watch.timeout = 10s (default)
2019-09-12 10:16:59,820 [29b8f213-10fb-4d36-bbf5-ca2aa222f4ad:group-D1B279B4121E:LeaderElection22] INFO  server.RaftServerConfigKeys (ConfUtils.java:logGet(43)) - raft.server.watch.timeout.denomination = 1s (default)
2019-09-12 10:16:59,820 [29b8f213-10fb-4d36-bbf5-ca2aa222f4ad:group-D1B279B4121E:LeaderElection22] INFO  server.RaftServerConfigKeys (ConfUtils.java:logGet(43)) - raft.server.watch.element-limit = 65536 (default)
2019-09-12 10:16:59,821 [29b8f213-10fb-4d36-bbf5-ca2aa222f4ad:group-D1B279B4121E:LeaderElection22] INFO  impl.RoleInfo (RoleInfo.java:updateAndGet(143)) - 29b8f213-10fb-4d36-bbf5-ca2aa222f4ad: start LeaderState
2019-09-12 10:16:59,821 [29b8f213-10fb-4d36-bbf5-ca2aa222f4ad:group-D1B279B4121E:LeaderElection22] INFO  segmented.SegmentedRaftLogWorker (SegmentedRaftLogWorker.java:startLogSegment(380)) - 29b8f213-10fb-4d36-bbf5-ca2aa222f4ad-SegmentedRaftLogWorker:Storage Directory /workdir/hadoop-ozone/integration-test/target/test-dir/MiniOzoneClusterImpl-07260cbc-78d8-43ad-9b31-a55aa369dc3b/datanode-3/data/ratis/df0fb03c-6e0d-4875-95a7-d1b279b4121e: Starting segment from index:0
2019-09-12 10:16:59,822 [29b8f213-10fb-4d36-bbf5-ca2aa222f4ad:group-D1B279B4121E:LeaderElection22] INFO  impl.RaftServerImpl (ServerState.java:setRaftConf(361)) - 29b8f213-10fb-4d36-bbf5-ca2aa222f4ad:group-D1B279B4121E set configuration 0: [29b8f213-10fb-4d36-bbf5-ca2aa222f4ad:192.168.157.195:38559], old=null at 0
2019-09-12 10:16:59,865 [29b8f213-10fb-4d36-bbf5-ca2aa222f4ad-SegmentedRaftLogWorker:Storage Directory /workdir/hadoop-ozone/integration-test/target/test-dir/MiniOzoneClusterImpl-07260cbc-78d8-43ad-9b31-a55aa369dc3b/datanode-3/data/ratis/df0fb03c-6e0d-4875-95a7-d1b279b4121e] INFO  segmented.SegmentedRaftLogWorker (SegmentedRaftLogWorker.java:execute(569)) - 29b8f213-10fb-4d36-bbf5-ca2aa222f4ad-SegmentedRaftLogWorker:Storage Directory /workdir/hadoop-ozone/integration-test/target/test-dir/MiniOzoneClusterImpl-07260cbc-78d8-43ad-9b31-a55aa369dc3b/datanode-3/data/ratis/df0fb03c-6e0d-4875-95a7-d1b279b4121e: created new log segment /workdir/hadoop-ozone/integration-test/target/test-dir/MiniOzoneClusterImpl-07260cbc-78d8-43ad-9b31-a55aa369dc3b/datanode-3/data/ratis/df0fb03c-6e0d-4875-95a7-d1b279b4121e/current/log_inprogress_0
2019-09-12 10:16:59,880 [Thread-290] INFO  impl.FollowerState (FollowerState.java:run(106)) - 754318a0-7d43-4de4-9a7a-4e513334fcf8:group-CBD9758AC84F changes to CANDIDATE, lastRpcTime:5112, electionTimeout:5112ms
2019-09-12 10:16:59,880 [Thread-290] INFO  impl.RoleInfo (RoleInfo.java:shutdownFollowerState(121)) - 754318a0-7d43-4de4-9a7a-4e513334fcf8: shutdown FollowerState
2019-09-12 10:16:59,880 [Thread-290] INFO  impl.RaftServerImpl (RaftServerImpl.java:setRole(171)) - 754318a0-7d43-4de4-9a7a-4e513334fcf8:group-CBD9758AC84F changes role from FOLLOWER to CANDIDATE at term 0 for changeToCandidate
2019-09-12 10:16:59,880 [Thread-290] INFO  impl.RoleInfo (RoleInfo.java:updateAndGet(143)) - 754318a0-7d43-4de4-9a7a-4e513334fcf8: start LeaderElection
2019-09-12 10:16:59,900 [754318a0-7d43-4de4-9a7a-4e513334fcf8:group-CBD9758AC84F:LeaderElection23] INFO  impl.LeaderElection (LeaderElection.java:askForVotes(181)) - 754318a0-7d43-4de4-9a7a-4e513334fcf8:group-CBD9758AC84F:LeaderElection23: begin an election at term 1 for -1: [754318a0-7d43-4de4-9a7a-4e513334fcf8:192.168.157.195:36711], old=null
2019-09-12 10:16:59,900 [754318a0-7d43-4de4-9a7a-4e513334fcf8:group-CBD9758AC84F:LeaderElection23] INFO  impl.RoleInfo (RoleInfo.java:shutdownLeaderElection(134)) - 754318a0-7d43-4de4-9a7a-4e513334fcf8: shutdown LeaderElection
2019-09-12 10:16:59,900 [754318a0-7d43-4de4-9a7a-4e513334fcf8:group-CBD9758AC84F:LeaderElection23] INFO  impl.RaftServerImpl (RaftServerImpl.java:setRole(171)) - 754318a0-7d43-4de4-9a7a-4e513334fcf8:group-CBD9758AC84F changes role from CANDIDATE to LEADER at term 1 for changeToLeader
2019-09-12 10:16:59,900 [754318a0-7d43-4de4-9a7a-4e513334fcf8:group-CBD9758AC84F:LeaderElection23] INFO  impl.RaftServerImpl (ServerState.java:setLeader(263)) - 754318a0-7d43-4de4-9a7a-4e513334fcf8:group-CBD9758AC84F change Leader from null to 754318a0-7d43-4de4-9a7a-4e513334fcf8 at term 1 for becomeLeader, leader elected after 5138ms
2019-09-12 10:16:59,901 [754318a0-7d43-4de4-9a7a-4e513334fcf8:group-CBD9758AC84F:LeaderElection23] INFO  server.RaftServerConfigKeys (ConfUtils.java:logGet(43)) - raft.server.staging.catchup.gap = 1000 (default)
2019-09-12 10:16:59,901 [754318a0-7d43-4de4-9a7a-4e513334fcf8:group-CBD9758AC84F:LeaderElection23] INFO  server.RaftServerConfigKeys (ConfUtils.java:logGet(43)) - raft.server.rpc.sleep.time = 25ms (default)
2019-09-12 10:16:59,901 [754318a0-7d43-4de4-9a7a-4e513334fcf8:group-CBD9758AC84F:LeaderElection23] INFO  server.RaftServerConfigKeys (ConfUtils.java:logGet(43)) - raft.server.write.element-limit = 4096 (default)
2019-09-12 10:16:59,901 [754318a0-7d43-4de4-9a7a-4e513334fcf8:group-CBD9758AC84F:LeaderElection23] INFO  server.RaftServerConfigKeys (ConfUtils.java:logGet(43)) - raft.server.watch.timeout = 10s (default)
2019-09-12 10:16:59,901 [754318a0-7d43-4de4-9a7a-4e513334fcf8:group-CBD9758AC84F:LeaderElection23] INFO  server.RaftServerConfigKeys (ConfUtils.java:logGet(43)) - raft.server.watch.timeout.denomination = 1s (default)
2019-09-12 10:16:59,902 [754318a0-7d43-4de4-9a7a-4e513334fcf8:group-CBD9758AC84F:LeaderElection23] INFO  server.RaftServerConfigKeys (ConfUtils.java:logGet(43)) - raft.server.watch.element-limit = 65536 (default)
2019-09-12 10:16:59,902 [754318a0-7d43-4de4-9a7a-4e513334fcf8:group-CBD9758AC84F:LeaderElection23] INFO  impl.RoleInfo (RoleInfo.java:updateAndGet(143)) - 754318a0-7d43-4de4-9a7a-4e513334fcf8: start LeaderState
2019-09-12 10:16:59,902 [754318a0-7d43-4de4-9a7a-4e513334fcf8:group-CBD9758AC84F:LeaderElection23] INFO  segmented.SegmentedRaftLogWorker (SegmentedRaftLogWorker.java:startLogSegment(380)) - 754318a0-7d43-4de4-9a7a-4e513334fcf8-SegmentedRaftLogWorker:Storage Directory /workdir/hadoop-ozone/integration-test/target/test-dir/MiniOzoneClusterImpl-07260cbc-78d8-43ad-9b31-a55aa369dc3b/datanode-4/data/ratis/e501ecb8-0518-4537-b25f-cbd9758ac84f: Starting segment from index:0
2019-09-12 10:16:59,903 [754318a0-7d43-4de4-9a7a-4e513334fcf8:group-CBD9758AC84F:LeaderElection23] INFO  impl.RaftServerImpl (ServerState.java:setRaftConf(361)) - 754318a0-7d43-4de4-9a7a-4e513334fcf8:group-CBD9758AC84F set configuration 0: [754318a0-7d43-4de4-9a7a-4e513334fcf8:192.168.157.195:36711], old=null at 0
2019-09-12 10:16:59,956 [754318a0-7d43-4de4-9a7a-4e513334fcf8-SegmentedRaftLogWorker:Storage Directory /workdir/hadoop-ozone/integration-test/target/test-dir/MiniOzoneClusterImpl-07260cbc-78d8-43ad-9b31-a55aa369dc3b/datanode-4/data/ratis/e501ecb8-0518-4537-b25f-cbd9758ac84f] INFO  segmented.SegmentedRaftLogWorker (SegmentedRaftLogWorker.java:execute(569)) - 754318a0-7d43-4de4-9a7a-4e513334fcf8-SegmentedRaftLogWorker:Storage Directory /workdir/hadoop-ozone/integration-test/target/test-dir/MiniOzoneClusterImpl-07260cbc-78d8-43ad-9b31-a55aa369dc3b/datanode-4/data/ratis/e501ecb8-0518-4537-b25f-cbd9758ac84f: created new log segment /workdir/hadoop-ozone/integration-test/target/test-dir/MiniOzoneClusterImpl-07260cbc-78d8-43ad-9b31-a55aa369dc3b/datanode-4/data/ratis/e501ecb8-0518-4537-b25f-cbd9758ac84f/current/log_inprogress_0
2019-09-12 10:16:59,980 [Thread-297] INFO  impl.FollowerState (FollowerState.java:run(106)) - d125a0e9-cc1d-49ad-8efe-65f48e7470f1:group-65BA6FED19C2 changes to CANDIDATE, lastRpcTime:5074, electionTimeout:5074ms
2019-09-12 10:16:59,996 [Thread-297] INFO  impl.RoleInfo (RoleInfo.java:shutdownFollowerState(121)) - d125a0e9-cc1d-49ad-8efe-65f48e7470f1: shutdown FollowerState
2019-09-12 10:16:59,996 [Thread-297] INFO  impl.RaftServerImpl (RaftServerImpl.java:setRole(171)) - d125a0e9-cc1d-49ad-8efe-65f48e7470f1:group-65BA6FED19C2 changes role from FOLLOWER to CANDIDATE at term 0 for changeToCandidate
2019-09-12 10:16:59,996 [Thread-297] INFO  impl.RoleInfo (RoleInfo.java:updateAndGet(143)) - d125a0e9-cc1d-49ad-8efe-65f48e7470f1: start LeaderElection
2019-09-12 10:16:59,997 | INFO  | SCMAudit | user=jenkins1000 | ip=192.168.157.195 | op=SEND_HEARTBEAT {datanodeUUID=3d50e2f5-3cb6-49ae-98cc-9a6203b61a63, command=[]} | ret=SUCCESS |  
2019-09-12 10:17:00,007 [Thread-300] INFO  impl.FollowerState (FollowerState.java:run(106)) - 754318a0-7d43-4de4-9a7a-4e513334fcf8:group-C9CF304C41AB changes to CANDIDATE, lastRpcTime:5037, electionTimeout:5037ms
2019-09-12 10:17:00,007 [Thread-300] INFO  impl.RoleInfo (RoleInfo.java:shutdownFollowerState(121)) - 754318a0-7d43-4de4-9a7a-4e513334fcf8: shutdown FollowerState
2019-09-12 10:17:00,007 [Thread-300] INFO  impl.RaftServerImpl (RaftServerImpl.java:setRole(171)) - 754318a0-7d43-4de4-9a7a-4e513334fcf8:group-C9CF304C41AB changes role from FOLLOWER to CANDIDATE at term 0 for changeToCandidate
2019-09-12 10:17:00,007 [Thread-300] INFO  impl.RoleInfo (RoleInfo.java:updateAndGet(143)) - 754318a0-7d43-4de4-9a7a-4e513334fcf8: start LeaderElection
2019-09-12 10:17:00,011 [Thread-294] INFO  impl.FollowerState (FollowerState.java:run(106)) - 29b8f213-10fb-4d36-bbf5-ca2aa222f4ad:group-C5520BB5573D changes to CANDIDATE, lastRpcTime:5160, electionTimeout:5160ms
2019-09-12 10:17:00,011 [Thread-294] INFO  impl.RoleInfo (RoleInfo.java:shutdownFollowerState(121)) - 29b8f213-10fb-4d36-bbf5-ca2aa222f4ad: shutdown FollowerState
2019-09-12 10:17:00,011 [Thread-294] INFO  impl.RaftServerImpl (RaftServerImpl.java:setRole(171)) - 29b8f213-10fb-4d36-bbf5-ca2aa222f4ad:group-C5520BB5573D changes role from FOLLOWER to CANDIDATE at term 0 for changeToCandidate
2019-09-12 10:17:00,011 [Thread-294] INFO  impl.RoleInfo (RoleInfo.java:updateAndGet(143)) - 29b8f213-10fb-4d36-bbf5-ca2aa222f4ad: start LeaderElection
2019-09-12 10:17:00,014 [d125a0e9-cc1d-49ad-8efe-65f48e7470f1:group-65BA6FED19C2:LeaderElection24] INFO  impl.LeaderElection (LeaderElection.java:askForVotes(181)) - d125a0e9-cc1d-49ad-8efe-65f48e7470f1:group-65BA6FED19C2:LeaderElection24: begin an election at term 1 for -1: [d125a0e9-cc1d-49ad-8efe-65f48e7470f1:192.168.157.195:46432], old=null
2019-09-12 10:17:00,014 [754318a0-7d43-4de4-9a7a-4e513334fcf8:group-C9CF304C41AB:LeaderElection25] INFO  impl.LeaderElection (LeaderElection.java:askForVotes(181)) - 754318a0-7d43-4de4-9a7a-4e513334fcf8:group-C9CF304C41AB:LeaderElection25: begin an election at term 1 for -1: [754318a0-7d43-4de4-9a7a-4e513334fcf8:192.168.157.195:36711], old=null
2019-09-12 10:17:00,014 [d125a0e9-cc1d-49ad-8efe-65f48e7470f1:group-65BA6FED19C2:LeaderElection24] INFO  impl.RoleInfo (RoleInfo.java:shutdownLeaderElection(134)) - d125a0e9-cc1d-49ad-8efe-65f48e7470f1: shutdown LeaderElection
2019-09-12 10:17:00,014 [754318a0-7d43-4de4-9a7a-4e513334fcf8:group-C9CF304C41AB:LeaderElection25] INFO  impl.RoleInfo (RoleInfo.java:shutdownLeaderElection(134)) - 754318a0-7d43-4de4-9a7a-4e513334fcf8: shutdown LeaderElection
2019-09-12 10:17:00,014 [d125a0e9-cc1d-49ad-8efe-65f48e7470f1:group-65BA6FED19C2:LeaderElection24] INFO  impl.RaftServerImpl (RaftServerImpl.java:setRole(171)) - d125a0e9-cc1d-49ad-8efe-65f48e7470f1:group-65BA6FED19C2 changes role from CANDIDATE to LEADER at term 1 for changeToLeader
2019-09-12 10:17:00,014 [754318a0-7d43-4de4-9a7a-4e513334fcf8:group-C9CF304C41AB:LeaderElection25] INFO  impl.RaftServerImpl (RaftServerImpl.java:setRole(171)) - 754318a0-7d43-4de4-9a7a-4e513334fcf8:group-C9CF304C41AB changes role from CANDIDATE to LEADER at term 1 for changeToLeader
2019-09-12 10:17:00,014 [d125a0e9-cc1d-49ad-8efe-65f48e7470f1:group-65BA6FED19C2:LeaderElection24] INFO  impl.RaftServerImpl (ServerState.java:setLeader(263)) - d125a0e9-cc1d-49ad-8efe-65f48e7470f1:group-65BA6FED19C2 change Leader from null to d125a0e9-cc1d-49ad-8efe-65f48e7470f1 at term 1 for becomeLeader, leader elected after 5113ms
2019-09-12 10:17:00,015 [754318a0-7d43-4de4-9a7a-4e513334fcf8:group-C9CF304C41AB:LeaderElection25] INFO  impl.RaftServerImpl (ServerState.java:setLeader(263)) - 754318a0-7d43-4de4-9a7a-4e513334fcf8:group-C9CF304C41AB change Leader from null to 754318a0-7d43-4de4-9a7a-4e513334fcf8 at term 1 for becomeLeader, leader elected after 5051ms
2019-09-12 10:17:00,015 [d125a0e9-cc1d-49ad-8efe-65f48e7470f1:group-65BA6FED19C2:LeaderElection24] INFO  server.RaftServerConfigKeys (ConfUtils.java:logGet(43)) - raft.server.staging.catchup.gap = 1000 (default)
2019-09-12 10:17:00,015 [754318a0-7d43-4de4-9a7a-4e513334fcf8:group-C9CF304C41AB:LeaderElection25] INFO  server.RaftServerConfigKeys (ConfUtils.java:logGet(43)) - raft.server.staging.catchup.gap = 1000 (default)
2019-09-12 10:17:00,015 [d125a0e9-cc1d-49ad-8efe-65f48e7470f1:group-65BA6FED19C2:LeaderElection24] INFO  server.RaftServerConfigKeys (ConfUtils.java:logGet(43)) - raft.server.rpc.sleep.time = 25ms (default)
2019-09-12 10:17:00,015 [754318a0-7d43-4de4-9a7a-4e513334fcf8:group-C9CF304C41AB:LeaderElection25] INFO  server.RaftServerConfigKeys (ConfUtils.java:logGet(43)) - raft.server.rpc.sleep.time = 25ms (default)
2019-09-12 10:17:00,016 [d125a0e9-cc1d-49ad-8efe-65f48e7470f1:group-65BA6FED19C2:LeaderElection24] INFO  server.RaftServerConfigKeys (ConfUtils.java:logGet(43)) - raft.server.write.element-limit = 4096 (default)
2019-09-12 10:17:00,016 [754318a0-7d43-4de4-9a7a-4e513334fcf8:group-C9CF304C41AB:LeaderElection25] INFO  server.RaftServerConfigKeys (ConfUtils.java:logGet(43)) - raft.server.write.element-limit = 4096 (default)
2019-09-12 10:17:00,016 [d125a0e9-cc1d-49ad-8efe-65f48e7470f1:group-65BA6FED19C2:LeaderElection24] INFO  server.RaftServerConfigKeys (ConfUtils.java:logGet(43)) - raft.server.watch.timeout = 10s (default)
2019-09-12 10:17:00,016 [754318a0-7d43-4de4-9a7a-4e513334fcf8:group-C9CF304C41AB:LeaderElection25] INFO  server.RaftServerConfigKeys (ConfUtils.java:logGet(43)) - raft.server.watch.timeout = 10s (default)
2019-09-12 10:17:00,016 [d125a0e9-cc1d-49ad-8efe-65f48e7470f1:group-65BA6FED19C2:LeaderElection24] INFO  server.RaftServerConfigKeys (ConfUtils.java:logGet(43)) - raft.server.watch.timeout.denomination = 1s (default)
2019-09-12 10:17:00,016 [754318a0-7d43-4de4-9a7a-4e513334fcf8:group-C9CF304C41AB:LeaderElection25] INFO  server.RaftServerConfigKeys (ConfUtils.java:logGet(43)) - raft.server.watch.timeout.denomination = 1s (default)
2019-09-12 10:17:00,016 [d125a0e9-cc1d-49ad-8efe-65f48e7470f1:group-65BA6FED19C2:LeaderElection24] INFO  server.RaftServerConfigKeys (ConfUtils.java:logGet(43)) - raft.server.watch.element-limit = 65536 (default)
2019-09-12 10:17:00,016 [754318a0-7d43-4de4-9a7a-4e513334fcf8:group-C9CF304C41AB:LeaderElection25] INFO  server.RaftServerConfigKeys (ConfUtils.java:logGet(43)) - raft.server.watch.element-limit = 65536 (default)
2019-09-12 10:17:00,017 [d125a0e9-cc1d-49ad-8efe-65f48e7470f1:group-65BA6FED19C2:LeaderElection24] INFO  impl.RoleInfo (RoleInfo.java:updateAndGet(143)) - d125a0e9-cc1d-49ad-8efe-65f48e7470f1: start LeaderState
2019-09-12 10:17:00,017 [754318a0-7d43-4de4-9a7a-4e513334fcf8:group-C9CF304C41AB:LeaderElection25] INFO  impl.RoleInfo (RoleInfo.java:updateAndGet(143)) - 754318a0-7d43-4de4-9a7a-4e513334fcf8: start LeaderState
2019-09-12 10:17:00,017 [d125a0e9-cc1d-49ad-8efe-65f48e7470f1:group-65BA6FED19C2:LeaderElection24] INFO  segmented.SegmentedRaftLogWorker (SegmentedRaftLogWorker.java:startLogSegment(380)) - d125a0e9-cc1d-49ad-8efe-65f48e7470f1-SegmentedRaftLogWorker:Storage Directory /workdir/hadoop-ozone/integration-test/target/test-dir/MiniOzoneClusterImpl-07260cbc-78d8-43ad-9b31-a55aa369dc3b/datanode-0/data/ratis/21787a1e-9120-4469-aebf-65ba6fed19c2: Starting segment from index:0
2019-09-12 10:17:00,017 [754318a0-7d43-4de4-9a7a-4e513334fcf8:group-C9CF304C41AB:LeaderElection25] INFO  segmented.SegmentedRaftLogWorker (SegmentedRaftLogWorker.java:startLogSegment(380)) - 754318a0-7d43-4de4-9a7a-4e513334fcf8-SegmentedRaftLogWorker:Storage Directory /workdir/hadoop-ozone/integration-test/target/test-dir/MiniOzoneClusterImpl-07260cbc-78d8-43ad-9b31-a55aa369dc3b/datanode-4/data/ratis/e31e621b-25a9-48c7-aa0d-c9cf304c41ab: Starting segment from index:0
2019-09-12 10:17:00,018 [d125a0e9-cc1d-49ad-8efe-65f48e7470f1:group-65BA6FED19C2:LeaderElection24] INFO  impl.RaftServerImpl (ServerState.java:setRaftConf(361)) - d125a0e9-cc1d-49ad-8efe-65f48e7470f1:group-65BA6FED19C2 set configuration 0: [d125a0e9-cc1d-49ad-8efe-65f48e7470f1:192.168.157.195:46432], old=null at 0
2019-09-12 10:17:00,018 [754318a0-7d43-4de4-9a7a-4e513334fcf8:group-C9CF304C41AB:LeaderElection25] INFO  impl.RaftServerImpl (ServerState.java:setRaftConf(361)) - 754318a0-7d43-4de4-9a7a-4e513334fcf8:group-C9CF304C41AB set configuration 0: [754318a0-7d43-4de4-9a7a-4e513334fcf8:192.168.157.195:36711], old=null at 0
2019-09-12 10:17:00,060 [29b8f213-10fb-4d36-bbf5-ca2aa222f4ad:group-C5520BB5573D:LeaderElection26] INFO  impl.LeaderElection (LeaderElection.java:askForVotes(181)) - 29b8f213-10fb-4d36-bbf5-ca2aa222f4ad:group-C5520BB5573D:LeaderElection26: begin an election at term 1 for -1: [29b8f213-10fb-4d36-bbf5-ca2aa222f4ad:192.168.157.195:38559], old=null
2019-09-12 10:17:00,062 [29b8f213-10fb-4d36-bbf5-ca2aa222f4ad:group-C5520BB5573D:LeaderElection26] INFO  impl.RoleInfo (RoleInfo.java:shutdownLeaderElection(134)) - 29b8f213-10fb-4d36-bbf5-ca2aa222f4ad: shutdown LeaderElection
2019-09-12 10:17:00,062 [29b8f213-10fb-4d36-bbf5-ca2aa222f4ad:group-C5520BB5573D:LeaderElection26] INFO  impl.RaftServerImpl (RaftServerImpl.java:setRole(171)) - 29b8f213-10fb-4d36-bbf5-ca2aa222f4ad:group-C5520BB5573D changes role from CANDIDATE to LEADER at term 1 for changeToLeader
2019-09-12 10:17:00,062 [29b8f213-10fb-4d36-bbf5-ca2aa222f4ad:group-C5520BB5573D:LeaderElection26] INFO  impl.RaftServerImpl (ServerState.java:setLeader(263)) - 29b8f213-10fb-4d36-bbf5-ca2aa222f4ad:group-C5520BB5573D change Leader from null to 29b8f213-10fb-4d36-bbf5-ca2aa222f4ad at term 1 for becomeLeader, leader elected after 5215ms
2019-09-12 10:17:00,063 [29b8f213-10fb-4d36-bbf5-ca2aa222f4ad:group-C5520BB5573D:LeaderElection26] INFO  server.RaftServerConfigKeys (ConfUtils.java:logGet(43)) - raft.server.staging.catchup.gap = 1000 (default)
2019-09-12 10:17:00,063 [29b8f213-10fb-4d36-bbf5-ca2aa222f4ad:group-C5520BB5573D:LeaderElection26] INFO  server.RaftServerConfigKeys (ConfUtils.java:logGet(43)) - raft.server.rpc.sleep.time = 25ms (default)
2019-09-12 10:17:00,063 [29b8f213-10fb-4d36-bbf5-ca2aa222f4ad:group-C5520BB5573D:LeaderElection26] INFO  server.RaftServerConfigKeys (ConfUtils.java:logGet(43)) - raft.server.write.element-limit = 4096 (default)
2019-09-12 10:17:00,063 [29b8f213-10fb-4d36-bbf5-ca2aa222f4ad:group-C5520BB5573D:LeaderElection26] INFO  server.RaftServerConfigKeys (ConfUtils.java:logGet(43)) - raft.server.watch.timeout = 10s (default)
2019-09-12 10:17:00,063 [29b8f213-10fb-4d36-bbf5-ca2aa222f4ad:group-C5520BB5573D:LeaderElection26] INFO  server.RaftServerConfigKeys (ConfUtils.java:logGet(43)) - raft.server.watch.timeout.denomination = 1s (default)
2019-09-12 10:17:00,063 [29b8f213-10fb-4d36-bbf5-ca2aa222f4ad:group-C5520BB5573D:LeaderElection26] INFO  server.RaftServerConfigKeys (ConfUtils.java:logGet(43)) - raft.server.watch.element-limit = 65536 (default)
2019-09-12 10:17:00,064 [29b8f213-10fb-4d36-bbf5-ca2aa222f4ad:group-C5520BB5573D:LeaderElection26] INFO  impl.RoleInfo (RoleInfo.java:updateAndGet(143)) - 29b8f213-10fb-4d36-bbf5-ca2aa222f4ad: start LeaderState
2019-09-12 10:17:00,064 [29b8f213-10fb-4d36-bbf5-ca2aa222f4ad:group-C5520BB5573D:LeaderElection26] INFO  segmented.SegmentedRaftLogWorker (SegmentedRaftLogWorker.java:startLogSegment(380)) - 29b8f213-10fb-4d36-bbf5-ca2aa222f4ad-SegmentedRaftLogWorker:Storage Directory /workdir/hadoop-ozone/integration-test/target/test-dir/MiniOzoneClusterImpl-07260cbc-78d8-43ad-9b31-a55aa369dc3b/datanode-3/data/ratis/7304e0e7-28f7-43da-9d6c-c5520bb5573d: Starting segment from index:0
2019-09-12 10:17:00,065 [29b8f213-10fb-4d36-bbf5-ca2aa222f4ad:group-C5520BB5573D:LeaderElection26] INFO  impl.RaftServerImpl (ServerState.java:setRaftConf(361)) - 29b8f213-10fb-4d36-bbf5-ca2aa222f4ad:group-C5520BB5573D set configuration 0: [29b8f213-10fb-4d36-bbf5-ca2aa222f4ad:192.168.157.195:38559], old=null at 0
2019-09-12 10:17:00,103 [Thread-303] INFO  impl.FollowerState (FollowerState.java:run(106)) - 2ccaf34f-8eeb-4cb8-b9bf-ec796d9a8e8c:group-A08909E222BC changes to CANDIDATE, lastRpcTime:5059, electionTimeout:5051ms
2019-09-12 10:17:00,103 [d125a0e9-cc1d-49ad-8efe-65f48e7470f1-SegmentedRaftLogWorker:Storage Directory /workdir/hadoop-ozone/integration-test/target/test-dir/MiniOzoneClusterImpl-07260cbc-78d8-43ad-9b31-a55aa369dc3b/datanode-0/data/ratis/21787a1e-9120-4469-aebf-65ba6fed19c2] INFO  segmented.SegmentedRaftLogWorker (SegmentedRaftLogWorker.java:execute(569)) - d125a0e9-cc1d-49ad-8efe-65f48e7470f1-SegmentedRaftLogWorker:Storage Directory /workdir/hadoop-ozone/integration-test/target/test-dir/MiniOzoneClusterImpl-07260cbc-78d8-43ad-9b31-a55aa369dc3b/datanode-0/data/ratis/21787a1e-9120-4469-aebf-65ba6fed19c2: created new log segment /workdir/hadoop-ozone/integration-test/target/test-dir/MiniOzoneClusterImpl-07260cbc-78d8-43ad-9b31-a55aa369dc3b/datanode-0/data/ratis/21787a1e-9120-4469-aebf-65ba6fed19c2/current/log_inprogress_0
2019-09-12 10:17:00,103 [754318a0-7d43-4de4-9a7a-4e513334fcf8-SegmentedRaftLogWorker:Storage Directory /workdir/hadoop-ozone/integration-test/target/test-dir/MiniOzoneClusterImpl-07260cbc-78d8-43ad-9b31-a55aa369dc3b/datanode-4/data/ratis/e31e621b-25a9-48c7-aa0d-c9cf304c41ab] INFO  segmented.SegmentedRaftLogWorker (SegmentedRaftLogWorker.java:execute(569)) - 754318a0-7d43-4de4-9a7a-4e513334fcf8-SegmentedRaftLogWorker:Storage Directory /workdir/hadoop-ozone/integration-test/target/test-dir/MiniOzoneClusterImpl-07260cbc-78d8-43ad-9b31-a55aa369dc3b/datanode-4/data/ratis/e31e621b-25a9-48c7-aa0d-c9cf304c41ab: created new log segment /workdir/hadoop-ozone/integration-test/target/test-dir/MiniOzoneClusterImpl-07260cbc-78d8-43ad-9b31-a55aa369dc3b/datanode-4/data/ratis/e31e621b-25a9-48c7-aa0d-c9cf304c41ab/current/log_inprogress_0
2019-09-12 10:17:00,104 [Thread-303] INFO  impl.RoleInfo (RoleInfo.java:shutdownFollowerState(121)) - 2ccaf34f-8eeb-4cb8-b9bf-ec796d9a8e8c: shutdown FollowerState
2019-09-12 10:17:00,104 [Thread-303] INFO  impl.RaftServerImpl (RaftServerImpl.java:setRole(171)) - 2ccaf34f-8eeb-4cb8-b9bf-ec796d9a8e8c:group-A08909E222BC changes role from FOLLOWER to CANDIDATE at term 0 for changeToCandidate
2019-09-12 10:17:00,104 [Thread-303] INFO  impl.RoleInfo (RoleInfo.java:updateAndGet(143)) - 2ccaf34f-8eeb-4cb8-b9bf-ec796d9a8e8c: start LeaderElection
2019-09-12 10:17:00,116 [29b8f213-10fb-4d36-bbf5-ca2aa222f4ad-SegmentedRaftLogWorker:Storage Directory /workdir/hadoop-ozone/integration-test/target/test-dir/MiniOzoneClusterImpl-07260cbc-78d8-43ad-9b31-a55aa369dc3b/datanode-3/data/ratis/7304e0e7-28f7-43da-9d6c-c5520bb5573d] INFO  segmented.SegmentedRaftLogWorker (SegmentedRaftLogWorker.java:execute(569)) - 29b8f213-10fb-4d36-bbf5-ca2aa222f4ad-SegmentedRaftLogWorker:Storage Directory /workdir/hadoop-ozone/integration-test/target/test-dir/MiniOzoneClusterImpl-07260cbc-78d8-43ad-9b31-a55aa369dc3b/datanode-3/data/ratis/7304e0e7-28f7-43da-9d6c-c5520bb5573d: created new log segment /workdir/hadoop-ozone/integration-test/target/test-dir/MiniOzoneClusterImpl-07260cbc-78d8-43ad-9b31-a55aa369dc3b/datanode-3/data/ratis/7304e0e7-28f7-43da-9d6c-c5520bb5573d/current/log_inprogress_0
2019-09-12 10:17:00,117 [2ccaf34f-8eeb-4cb8-b9bf-ec796d9a8e8c:group-A08909E222BC:LeaderElection27] INFO  impl.LeaderElection (LeaderElection.java:askForVotes(181)) - 2ccaf34f-8eeb-4cb8-b9bf-ec796d9a8e8c:group-A08909E222BC:LeaderElection27: begin an election at term 1 for -1: [2ccaf34f-8eeb-4cb8-b9bf-ec796d9a8e8c:192.168.157.195:42859], old=null
2019-09-12 10:17:00,117 [2ccaf34f-8eeb-4cb8-b9bf-ec796d9a8e8c:group-A08909E222BC:LeaderElection27] INFO  impl.RoleInfo (RoleInfo.java:shutdownLeaderElection(134)) - 2ccaf34f-8eeb-4cb8-b9bf-ec796d9a8e8c: shutdown LeaderElection
2019-09-12 10:17:00,117 [2ccaf34f-8eeb-4cb8-b9bf-ec796d9a8e8c:group-A08909E222BC:LeaderElection27] INFO  impl.RaftServerImpl (RaftServerImpl.java:setRole(171)) - 2ccaf34f-8eeb-4cb8-b9bf-ec796d9a8e8c:group-A08909E222BC changes role from CANDIDATE to LEADER at term 1 for changeToLeader
2019-09-12 10:17:00,117 [2ccaf34f-8eeb-4cb8-b9bf-ec796d9a8e8c:group-A08909E222BC:LeaderElection27] INFO  impl.RaftServerImpl (ServerState.java:setLeader(263)) - 2ccaf34f-8eeb-4cb8-b9bf-ec796d9a8e8c:group-A08909E222BC change Leader from null to 2ccaf34f-8eeb-4cb8-b9bf-ec796d9a8e8c at term 1 for becomeLeader, leader elected after 5078ms
2019-09-12 10:17:00,117 [2ccaf34f-8eeb-4cb8-b9bf-ec796d9a8e8c:group-A08909E222BC:LeaderElection27] INFO  server.RaftServerConfigKeys (ConfUtils.java:logGet(43)) - raft.server.staging.catchup.gap = 1000 (default)
2019-09-12 10:17:00,117 [2ccaf34f-8eeb-4cb8-b9bf-ec796d9a8e8c:group-A08909E222BC:LeaderElection27] INFO  server.RaftServerConfigKeys (ConfUtils.java:logGet(43)) - raft.server.rpc.sleep.time = 25ms (default)
2019-09-12 10:17:00,118 [2ccaf34f-8eeb-4cb8-b9bf-ec796d9a8e8c:group-A08909E222BC:LeaderElection27] INFO  server.RaftServerConfigKeys (ConfUtils.java:logGet(43)) - raft.server.write.element-limit = 4096 (default)
2019-09-12 10:17:00,118 [2ccaf34f-8eeb-4cb8-b9bf-ec796d9a8e8c:group-A08909E222BC:LeaderElection27] INFO  server.RaftServerConfigKeys (ConfUtils.java:logGet(43)) - raft.server.watch.timeout = 10s (default)
2019-09-12 10:17:00,118 [2ccaf34f-8eeb-4cb8-b9bf-ec796d9a8e8c:group-A08909E222BC:LeaderElection27] INFO  server.RaftServerConfigKeys (ConfUtils.java:logGet(43)) - raft.server.watch.timeout.denomination = 1s (default)
2019-09-12 10:17:00,118 [2ccaf34f-8eeb-4cb8-b9bf-ec796d9a8e8c:group-A08909E222BC:LeaderElection27] INFO  server.RaftServerConfigKeys (ConfUtils.java:logGet(43)) - raft.server.watch.element-limit = 65536 (default)
2019-09-12 10:17:00,118 [2ccaf34f-8eeb-4cb8-b9bf-ec796d9a8e8c:group-A08909E222BC:LeaderElection27] INFO  impl.RoleInfo (RoleInfo.java:updateAndGet(143)) - 2ccaf34f-8eeb-4cb8-b9bf-ec796d9a8e8c: start LeaderState
2019-09-12 10:17:00,119 [2ccaf34f-8eeb-4cb8-b9bf-ec796d9a8e8c:group-A08909E222BC:LeaderElection27] INFO  segmented.SegmentedRaftLogWorker (SegmentedRaftLogWorker.java:startLogSegment(380)) - 2ccaf34f-8eeb-4cb8-b9bf-ec796d9a8e8c-SegmentedRaftLogWorker:Storage Directory /workdir/hadoop-ozone/integration-test/target/test-dir/MiniOzoneClusterImpl-07260cbc-78d8-43ad-9b31-a55aa369dc3b/datanode-2/data/ratis/26e92793-c85c-4b71-9682-a08909e222bc: Starting segment from index:0
2019-09-12 10:17:00,119 [2ccaf34f-8eeb-4cb8-b9bf-ec796d9a8e8c:group-A08909E222BC:LeaderElection27] INFO  impl.RaftServerImpl (ServerState.java:setRaftConf(361)) - 2ccaf34f-8eeb-4cb8-b9bf-ec796d9a8e8c:group-A08909E222BC set configuration 0: [2ccaf34f-8eeb-4cb8-b9bf-ec796d9a8e8c:192.168.157.195:42859], old=null at 0
2019-09-12 10:17:00,166 [2ccaf34f-8eeb-4cb8-b9bf-ec796d9a8e8c-SegmentedRaftLogWorker:Storage Directory /workdir/hadoop-ozone/integration-test/target/test-dir/MiniOzoneClusterImpl-07260cbc-78d8-43ad-9b31-a55aa369dc3b/datanode-2/data/ratis/26e92793-c85c-4b71-9682-a08909e222bc] INFO  segmented.SegmentedRaftLogWorker (SegmentedRaftLogWorker.java:execute(569)) - 2ccaf34f-8eeb-4cb8-b9bf-ec796d9a8e8c-SegmentedRaftLogWorker:Storage Directory /workdir/hadoop-ozone/integration-test/target/test-dir/MiniOzoneClusterImpl-07260cbc-78d8-43ad-9b31-a55aa369dc3b/datanode-2/data/ratis/26e92793-c85c-4b71-9682-a08909e222bc: created new log segment /workdir/hadoop-ozone/integration-test/target/test-dir/MiniOzoneClusterImpl-07260cbc-78d8-43ad-9b31-a55aa369dc3b/datanode-2/data/ratis/26e92793-c85c-4b71-9682-a08909e222bc/current/log_inprogress_0
2019-09-12 10:17:00,214 | INFO  | SCMAudit | user=jenkins1000 | ip=192.168.157.195 | op=SEND_HEARTBEAT {datanodeUUID=2ccaf34f-8eeb-4cb8-b9bf-ec796d9a8e8c, command=[]} | ret=SUCCESS |  
2019-09-12 10:17:00,225 [Thread-309] INFO  impl.FollowerState (FollowerState.java:run(106)) - 29b8f213-10fb-4d36-bbf5-ca2aa222f4ad:group-F65470799111 changes to CANDIDATE, lastRpcTime:5039, electionTimeout:5039ms
2019-09-12 10:17:00,225 [Thread-309] INFO  impl.RoleInfo (RoleInfo.java:shutdownFollowerState(121)) - 29b8f213-10fb-4d36-bbf5-ca2aa222f4ad: shutdown FollowerState
2019-09-12 10:17:00,226 [Thread-309] INFO  impl.RaftServerImpl (RaftServerImpl.java:setRole(171)) - 29b8f213-10fb-4d36-bbf5-ca2aa222f4ad:group-F65470799111 changes role from FOLLOWER to CANDIDATE at term 0 for changeToCandidate
2019-09-12 10:17:00,226 [Thread-309] INFO  impl.RoleInfo (RoleInfo.java:updateAndGet(143)) - 29b8f213-10fb-4d36-bbf5-ca2aa222f4ad: start LeaderElection
2019-09-12 10:17:00,245 [29b8f213-10fb-4d36-bbf5-ca2aa222f4ad:group-F65470799111:LeaderElection28] INFO  impl.LeaderElection (LeaderElection.java:askForVotes(181)) - 29b8f213-10fb-4d36-bbf5-ca2aa222f4ad:group-F65470799111:LeaderElection28: begin an election at term 1 for -1: [29b8f213-10fb-4d36-bbf5-ca2aa222f4ad:192.168.157.195:38559], old=null
2019-09-12 10:17:00,245 [29b8f213-10fb-4d36-bbf5-ca2aa222f4ad:group-F65470799111:LeaderElection28] INFO  impl.RoleInfo (RoleInfo.java:shutdownLeaderElection(134)) - 29b8f213-10fb-4d36-bbf5-ca2aa222f4ad: shutdown LeaderElection
2019-09-12 10:17:00,245 [29b8f213-10fb-4d36-bbf5-ca2aa222f4ad:group-F65470799111:LeaderElection28] INFO  impl.RaftServerImpl (RaftServerImpl.java:setRole(171)) - 29b8f213-10fb-4d36-bbf5-ca2aa222f4ad:group-F65470799111 changes role from CANDIDATE to LEADER at term 1 for changeToLeader
2019-09-12 10:17:00,245 [29b8f213-10fb-4d36-bbf5-ca2aa222f4ad:group-F65470799111:LeaderElection28] INFO  impl.RaftServerImpl (ServerState.java:setLeader(263)) - 29b8f213-10fb-4d36-bbf5-ca2aa222f4ad:group-F65470799111 change Leader from null to 29b8f213-10fb-4d36-bbf5-ca2aa222f4ad at term 1 for becomeLeader, leader elected after 5064ms
2019-09-12 10:17:00,246 [29b8f213-10fb-4d36-bbf5-ca2aa222f4ad:group-F65470799111:LeaderElection28] INFO  server.RaftServerConfigKeys (ConfUtils.java:logGet(43)) - raft.server.staging.catchup.gap = 1000 (default)
2019-09-12 10:17:00,246 [29b8f213-10fb-4d36-bbf5-ca2aa222f4ad:group-F65470799111:LeaderElection28] INFO  server.RaftServerConfigKeys (ConfUtils.java:logGet(43)) - raft.server.rpc.sleep.time = 25ms (default)
2019-09-12 10:17:00,246 [29b8f213-10fb-4d36-bbf5-ca2aa222f4ad:group-F65470799111:LeaderElection28] INFO  server.RaftServerConfigKeys (ConfUtils.java:logGet(43)) - raft.server.write.element-limit = 4096 (default)
2019-09-12 10:17:00,246 [29b8f213-10fb-4d36-bbf5-ca2aa222f4ad:group-F65470799111:LeaderElection28] INFO  server.RaftServerConfigKeys (ConfUtils.java:logGet(43)) - raft.server.watch.timeout = 10s (default)
2019-09-12 10:17:00,247 [29b8f213-10fb-4d36-bbf5-ca2aa222f4ad:group-F65470799111:LeaderElection28] INFO  server.RaftServerConfigKeys (ConfUtils.java:logGet(43)) - raft.server.watch.timeout.denomination = 1s (default)
2019-09-12 10:17:00,247 [29b8f213-10fb-4d36-bbf5-ca2aa222f4ad:group-F65470799111:LeaderElection28] INFO  server.RaftServerConfigKeys (ConfUtils.java:logGet(43)) - raft.server.watch.element-limit = 65536 (default)
2019-09-12 10:17:00,247 [29b8f213-10fb-4d36-bbf5-ca2aa222f4ad:group-F65470799111:LeaderElection28] INFO  impl.RoleInfo (RoleInfo.java:updateAndGet(143)) - 29b8f213-10fb-4d36-bbf5-ca2aa222f4ad: start LeaderState
2019-09-12 10:17:00,248 [29b8f213-10fb-4d36-bbf5-ca2aa222f4ad:group-F65470799111:LeaderElection28] INFO  segmented.SegmentedRaftLogWorker (SegmentedRaftLogWorker.java:startLogSegment(380)) - 29b8f213-10fb-4d36-bbf5-ca2aa222f4ad-SegmentedRaftLogWorker:Storage Directory /workdir/hadoop-ozone/integration-test/target/test-dir/MiniOzoneClusterImpl-07260cbc-78d8-43ad-9b31-a55aa369dc3b/datanode-3/data/ratis/6be6fcfe-b5c5-43ac-9eef-f65470799111: Starting segment from index:0
2019-09-12 10:17:00,248 [29b8f213-10fb-4d36-bbf5-ca2aa222f4ad:group-F65470799111:LeaderElection28] INFO  impl.RaftServerImpl (ServerState.java:setRaftConf(361)) - 29b8f213-10fb-4d36-bbf5-ca2aa222f4ad:group-F65470799111 set configuration 0: [29b8f213-10fb-4d36-bbf5-ca2aa222f4ad:192.168.157.195:38559], old=null at 0
2019-09-12 10:17:00,289 [Thread-306] INFO  impl.FollowerState (FollowerState.java:run(106)) - 2ccaf34f-8eeb-4cb8-b9bf-ec796d9a8e8c:group-8F5818C93268 changes to CANDIDATE, lastRpcTime:5181, electionTimeout:5181ms
2019-09-12 10:17:00,290 [Thread-306] INFO  impl.RoleInfo (RoleInfo.java:shutdownFollowerState(121)) - 2ccaf34f-8eeb-4cb8-b9bf-ec796d9a8e8c: shutdown FollowerState
2019-09-12 10:17:00,290 [Thread-306] INFO  impl.RaftServerImpl (RaftServerImpl.java:setRole(171)) - 2ccaf34f-8eeb-4cb8-b9bf-ec796d9a8e8c:group-8F5818C93268 changes role from FOLLOWER to CANDIDATE at term 0 for changeToCandidate
2019-09-12 10:17:00,290 [Thread-306] INFO  impl.RoleInfo (RoleInfo.java:updateAndGet(143)) - 2ccaf34f-8eeb-4cb8-b9bf-ec796d9a8e8c: start LeaderElection
2019-09-12 10:17:00,299 [29b8f213-10fb-4d36-bbf5-ca2aa222f4ad-SegmentedRaftLogWorker:Storage Directory /workdir/hadoop-ozone/integration-test/target/test-dir/MiniOzoneClusterImpl-07260cbc-78d8-43ad-9b31-a55aa369dc3b/datanode-3/data/ratis/6be6fcfe-b5c5-43ac-9eef-f65470799111] INFO  segmented.SegmentedRaftLogWorker (SegmentedRaftLogWorker.java:execute(569)) - 29b8f213-10fb-4d36-bbf5-ca2aa222f4ad-SegmentedRaftLogWorker:Storage Directory /workdir/hadoop-ozone/integration-test/target/test-dir/MiniOzoneClusterImpl-07260cbc-78d8-43ad-9b31-a55aa369dc3b/datanode-3/data/ratis/6be6fcfe-b5c5-43ac-9eef-f65470799111: created new log segment /workdir/hadoop-ozone/integration-test/target/test-dir/MiniOzoneClusterImpl-07260cbc-78d8-43ad-9b31-a55aa369dc3b/datanode-3/data/ratis/6be6fcfe-b5c5-43ac-9eef-f65470799111/current/log_inprogress_0
2019-09-12 10:17:00,299 [2ccaf34f-8eeb-4cb8-b9bf-ec796d9a8e8c:group-8F5818C93268:LeaderElection29] INFO  impl.LeaderElection (LeaderElection.java:askForVotes(181)) - 2ccaf34f-8eeb-4cb8-b9bf-ec796d9a8e8c:group-8F5818C93268:LeaderElection29: begin an election at term 1 for -1: [2ccaf34f-8eeb-4cb8-b9bf-ec796d9a8e8c:192.168.157.195:42859], old=null
2019-09-12 10:17:00,300 [2ccaf34f-8eeb-4cb8-b9bf-ec796d9a8e8c:group-8F5818C93268:LeaderElection29] INFO  impl.RoleInfo (RoleInfo.java:shutdownLeaderElection(134)) - 2ccaf34f-8eeb-4cb8-b9bf-ec796d9a8e8c: shutdown LeaderElection
2019-09-12 10:17:00,300 [2ccaf34f-8eeb-4cb8-b9bf-ec796d9a8e8c:group-8F5818C93268:LeaderElection29] INFO  impl.RaftServerImpl (RaftServerImpl.java:setRole(171)) - 2ccaf34f-8eeb-4cb8-b9bf-ec796d9a8e8c:group-8F5818C93268 changes role from CANDIDATE to LEADER at term 1 for changeToLeader
2019-09-12 10:17:00,300 [2ccaf34f-8eeb-4cb8-b9bf-ec796d9a8e8c:group-8F5818C93268:LeaderElection29] INFO  impl.RaftServerImpl (ServerState.java:setLeader(263)) - 2ccaf34f-8eeb-4cb8-b9bf-ec796d9a8e8c:group-8F5818C93268 change Leader from null to 2ccaf34f-8eeb-4cb8-b9bf-ec796d9a8e8c at term 1 for becomeLeader, leader elected after 5196ms
2019-09-12 10:17:00,300 [2ccaf34f-8eeb-4cb8-b9bf-ec796d9a8e8c:group-8F5818C93268:LeaderElection29] INFO  server.RaftServerConfigKeys (ConfUtils.java:logGet(43)) - raft.server.staging.catchup.gap = 1000 (default)
2019-09-12 10:17:00,300 [2ccaf34f-8eeb-4cb8-b9bf-ec796d9a8e8c:group-8F5818C93268:LeaderElection29] INFO  server.RaftServerConfigKeys (ConfUtils.java:logGet(43)) - raft.server.rpc.sleep.time = 25ms (default)
2019-09-12 10:17:00,300 [2ccaf34f-8eeb-4cb8-b9bf-ec796d9a8e8c:group-8F5818C93268:LeaderElection29] INFO  server.RaftServerConfigKeys (ConfUtils.java:logGet(43)) - raft.server.write.element-limit = 4096 (default)
2019-09-12 10:17:00,300 [2ccaf34f-8eeb-4cb8-b9bf-ec796d9a8e8c:group-8F5818C93268:LeaderElection29] INFO  server.RaftServerConfigKeys (ConfUtils.java:logGet(43)) - raft.server.watch.timeout = 10s (default)
2019-09-12 10:17:00,300 [2ccaf34f-8eeb-4cb8-b9bf-ec796d9a8e8c:group-8F5818C93268:LeaderElection29] INFO  server.RaftServerConfigKeys (ConfUtils.java:logGet(43)) - raft.server.watch.timeout.denomination = 1s (default)
2019-09-12 10:17:00,300 [2ccaf34f-8eeb-4cb8-b9bf-ec796d9a8e8c:group-8F5818C93268:LeaderElection29] INFO  server.RaftServerConfigKeys (ConfUtils.java:logGet(43)) - raft.server.watch.element-limit = 65536 (default)
2019-09-12 10:17:00,301 [2ccaf34f-8eeb-4cb8-b9bf-ec796d9a8e8c:group-8F5818C93268:LeaderElection29] INFO  impl.RoleInfo (RoleInfo.java:updateAndGet(143)) - 2ccaf34f-8eeb-4cb8-b9bf-ec796d9a8e8c: start LeaderState
2019-09-12 10:17:00,301 [2ccaf34f-8eeb-4cb8-b9bf-ec796d9a8e8c:group-8F5818C93268:LeaderElection29] INFO  segmented.SegmentedRaftLogWorker (SegmentedRaftLogWorker.java:startLogSegment(380)) - 2ccaf34f-8eeb-4cb8-b9bf-ec796d9a8e8c-SegmentedRaftLogWorker:Storage Directory /workdir/hadoop-ozone/integration-test/target/test-dir/MiniOzoneClusterImpl-07260cbc-78d8-43ad-9b31-a55aa369dc3b/datanode-2/data/ratis/482fe7d5-bf00-47b6-9288-8f5818c93268: Starting segment from index:0
2019-09-12 10:17:00,301 [2ccaf34f-8eeb-4cb8-b9bf-ec796d9a8e8c:group-8F5818C93268:LeaderElection29] INFO  impl.RaftServerImpl (ServerState.java:setRaftConf(361)) - 2ccaf34f-8eeb-4cb8-b9bf-ec796d9a8e8c:group-8F5818C93268 set configuration 0: [2ccaf34f-8eeb-4cb8-b9bf-ec796d9a8e8c:192.168.157.195:42859], old=null at 0
2019-09-12 10:17:00,338 [Thread-312] INFO  impl.FollowerState (FollowerState.java:run(106)) - 29b8f213-10fb-4d36-bbf5-ca2aa222f4ad:group-C6908A49D5F0 changes to CANDIDATE, lastRpcTime:5083, electionTimeout:5057ms
2019-09-12 10:17:00,339 [Thread-312] INFO  impl.RoleInfo (RoleInfo.java:shutdownFollowerState(121)) - 29b8f213-10fb-4d36-bbf5-ca2aa222f4ad: shutdown FollowerState
2019-09-12 10:17:00,339 [Thread-312] INFO  impl.RaftServerImpl (RaftServerImpl.java:setRole(171)) - 29b8f213-10fb-4d36-bbf5-ca2aa222f4ad:group-C6908A49D5F0 changes role from FOLLOWER to CANDIDATE at term 0 for changeToCandidate
2019-09-12 10:17:00,339 [Thread-312] INFO  impl.RoleInfo (RoleInfo.java:updateAndGet(143)) - 29b8f213-10fb-4d36-bbf5-ca2aa222f4ad: start LeaderElection
2019-09-12 10:17:00,352 [2ccaf34f-8eeb-4cb8-b9bf-ec796d9a8e8c-SegmentedRaftLogWorker:Storage Directory /workdir/hadoop-ozone/integration-test/target/test-dir/MiniOzoneClusterImpl-07260cbc-78d8-43ad-9b31-a55aa369dc3b/datanode-2/data/ratis/482fe7d5-bf00-47b6-9288-8f5818c93268] INFO  segmented.SegmentedRaftLogWorker (SegmentedRaftLogWorker.java:execute(569)) - 2ccaf34f-8eeb-4cb8-b9bf-ec796d9a8e8c-SegmentedRaftLogWorker:Storage Directory /workdir/hadoop-ozone/integration-test/target/test-dir/MiniOzoneClusterImpl-07260cbc-78d8-43ad-9b31-a55aa369dc3b/datanode-2/data/ratis/482fe7d5-bf00-47b6-9288-8f5818c93268: created new log segment /workdir/hadoop-ozone/integration-test/target/test-dir/MiniOzoneClusterImpl-07260cbc-78d8-43ad-9b31-a55aa369dc3b/datanode-2/data/ratis/482fe7d5-bf00-47b6-9288-8f5818c93268/current/log_inprogress_0
2019-09-12 10:17:00,352 [29b8f213-10fb-4d36-bbf5-ca2aa222f4ad:group-C6908A49D5F0:LeaderElection30] INFO  impl.LeaderElection (LeaderElection.java:askForVotes(181)) - 29b8f213-10fb-4d36-bbf5-ca2aa222f4ad:group-C6908A49D5F0:LeaderElection30: begin an election at term 1 for -1: [29b8f213-10fb-4d36-bbf5-ca2aa222f4ad:192.168.157.195:38559], old=null
2019-09-12 10:17:00,352 [29b8f213-10fb-4d36-bbf5-ca2aa222f4ad:group-C6908A49D5F0:LeaderElection30] INFO  impl.RoleInfo (RoleInfo.java:shutdownLeaderElection(134)) - 29b8f213-10fb-4d36-bbf5-ca2aa222f4ad: shutdown LeaderElection
2019-09-12 10:17:00,353 [29b8f213-10fb-4d36-bbf5-ca2aa222f4ad:group-C6908A49D5F0:LeaderElection30] INFO  impl.RaftServerImpl (RaftServerImpl.java:setRole(171)) - 29b8f213-10fb-4d36-bbf5-ca2aa222f4ad:group-C6908A49D5F0 changes role from CANDIDATE to LEADER at term 1 for changeToLeader
2019-09-12 10:17:00,353 [29b8f213-10fb-4d36-bbf5-ca2aa222f4ad:group-C6908A49D5F0:LeaderElection30] INFO  impl.RaftServerImpl (ServerState.java:setLeader(263)) - 29b8f213-10fb-4d36-bbf5-ca2aa222f4ad:group-C6908A49D5F0 change Leader from null to 29b8f213-10fb-4d36-bbf5-ca2aa222f4ad at term 1 for becomeLeader, leader elected after 5102ms
2019-09-12 10:17:00,353 [29b8f213-10fb-4d36-bbf5-ca2aa222f4ad:group-C6908A49D5F0:LeaderElection30] INFO  server.RaftServerConfigKeys (ConfUtils.java:logGet(43)) - raft.server.staging.catchup.gap = 1000 (default)
2019-09-12 10:17:00,353 [29b8f213-10fb-4d36-bbf5-ca2aa222f4ad:group-C6908A49D5F0:LeaderElection30] INFO  server.RaftServerConfigKeys (ConfUtils.java:logGet(43)) - raft.server.rpc.sleep.time = 25ms (default)
2019-09-12 10:17:00,353 [29b8f213-10fb-4d36-bbf5-ca2aa222f4ad:group-C6908A49D5F0:LeaderElection30] INFO  server.RaftServerConfigKeys (ConfUtils.java:logGet(43)) - raft.server.write.element-limit = 4096 (default)
2019-09-12 10:17:00,353 [29b8f213-10fb-4d36-bbf5-ca2aa222f4ad:group-C6908A49D5F0:LeaderElection30] INFO  server.RaftServerConfigKeys (ConfUtils.java:logGet(43)) - raft.server.watch.timeout = 10s (default)
2019-09-12 10:17:00,353 [29b8f213-10fb-4d36-bbf5-ca2aa222f4ad:group-C6908A49D5F0:LeaderElection30] INFO  server.RaftServerConfigKeys (ConfUtils.java:logGet(43)) - raft.server.watch.timeout.denomination = 1s (default)
2019-09-12 10:17:00,353 [29b8f213-10fb-4d36-bbf5-ca2aa222f4ad:group-C6908A49D5F0:LeaderElection30] INFO  server.RaftServerConfigKeys (ConfUtils.java:logGet(43)) - raft.server.watch.element-limit = 65536 (default)
2019-09-12 10:17:00,354 [29b8f213-10fb-4d36-bbf5-ca2aa222f4ad:group-C6908A49D5F0:LeaderElection30] INFO  impl.RoleInfo (RoleInfo.java:updateAndGet(143)) - 29b8f213-10fb-4d36-bbf5-ca2aa222f4ad: start LeaderState
2019-09-12 10:17:00,354 [29b8f213-10fb-4d36-bbf5-ca2aa222f4ad:group-C6908A49D5F0:LeaderElection30] INFO  segmented.SegmentedRaftLogWorker (SegmentedRaftLogWorker.java:startLogSegment(380)) - 29b8f213-10fb-4d36-bbf5-ca2aa222f4ad-SegmentedRaftLogWorker:Storage Directory /workdir/hadoop-ozone/integration-test/target/test-dir/MiniOzoneClusterImpl-07260cbc-78d8-43ad-9b31-a55aa369dc3b/datanode-3/data/ratis/573e5cb5-9742-4901-87d4-c6908a49d5f0: Starting segment from index:0
2019-09-12 10:17:00,354 [29b8f213-10fb-4d36-bbf5-ca2aa222f4ad:group-C6908A49D5F0:LeaderElection30] INFO  impl.RaftServerImpl (ServerState.java:setRaftConf(361)) - 29b8f213-10fb-4d36-bbf5-ca2aa222f4ad:group-C6908A49D5F0 set configuration 0: [29b8f213-10fb-4d36-bbf5-ca2aa222f4ad:192.168.157.195:38559], old=null at 0
2019-09-12 10:17:00,395 [29b8f213-10fb-4d36-bbf5-ca2aa222f4ad-SegmentedRaftLogWorker:Storage Directory /workdir/hadoop-ozone/integration-test/target/test-dir/MiniOzoneClusterImpl-07260cbc-78d8-43ad-9b31-a55aa369dc3b/datanode-3/data/ratis/573e5cb5-9742-4901-87d4-c6908a49d5f0] INFO  segmented.SegmentedRaftLogWorker (SegmentedRaftLogWorker.java:execute(569)) - 29b8f213-10fb-4d36-bbf5-ca2aa222f4ad-SegmentedRaftLogWorker:Storage Directory /workdir/hadoop-ozone/integration-test/target/test-dir/MiniOzoneClusterImpl-07260cbc-78d8-43ad-9b31-a55aa369dc3b/datanode-3/data/ratis/573e5cb5-9742-4901-87d4-c6908a49d5f0: created new log segment /workdir/hadoop-ozone/integration-test/target/test-dir/MiniOzoneClusterImpl-07260cbc-78d8-43ad-9b31-a55aa369dc3b/datanode-3/data/ratis/573e5cb5-9742-4901-87d4-c6908a49d5f0/current/log_inprogress_0
2019-09-12 10:17:00,446 [Thread-315] INFO  impl.FollowerState (FollowerState.java:run(106)) - 3d50e2f5-3cb6-49ae-98cc-9a6203b61a63:group-DEA9174B45D8 changes to CANDIDATE, lastRpcTime:5130, electionTimeout:5130ms
2019-09-12 10:17:00,446 [Thread-315] INFO  impl.RoleInfo (RoleInfo.java:shutdownFollowerState(121)) - 3d50e2f5-3cb6-49ae-98cc-9a6203b61a63: shutdown FollowerState
2019-09-12 10:17:00,446 [Thread-315] INFO  impl.RaftServerImpl (RaftServerImpl.java:setRole(171)) - 3d50e2f5-3cb6-49ae-98cc-9a6203b61a63:group-DEA9174B45D8 changes role from FOLLOWER to CANDIDATE at term 0 for changeToCandidate
2019-09-12 10:17:00,447 [Thread-315] INFO  impl.RoleInfo (RoleInfo.java:updateAndGet(143)) - 3d50e2f5-3cb6-49ae-98cc-9a6203b61a63: start LeaderElection
2019-09-12 10:17:00,463 [3d50e2f5-3cb6-49ae-98cc-9a6203b61a63:group-DEA9174B45D8:LeaderElection31] INFO  impl.LeaderElection (LeaderElection.java:askForVotes(181)) - 3d50e2f5-3cb6-49ae-98cc-9a6203b61a63:group-DEA9174B45D8:LeaderElection31: begin an election at term 1 for -1: [3d50e2f5-3cb6-49ae-98cc-9a6203b61a63:192.168.157.195:36540], old=null
2019-09-12 10:17:00,464 [3d50e2f5-3cb6-49ae-98cc-9a6203b61a63:group-DEA9174B45D8:LeaderElection31] INFO  impl.RoleInfo (RoleInfo.java:shutdownLeaderElection(134)) - 3d50e2f5-3cb6-49ae-98cc-9a6203b61a63: shutdown LeaderElection
2019-09-12 10:17:00,464 [3d50e2f5-3cb6-49ae-98cc-9a6203b61a63:group-DEA9174B45D8:LeaderElection31] INFO  impl.RaftServerImpl (RaftServerImpl.java:setRole(171)) - 3d50e2f5-3cb6-49ae-98cc-9a6203b61a63:group-DEA9174B45D8 changes role from CANDIDATE to LEADER at term 1 for changeToLeader
2019-09-12 10:17:00,464 [3d50e2f5-3cb6-49ae-98cc-9a6203b61a63:group-DEA9174B45D8:LeaderElection31] INFO  impl.RaftServerImpl (ServerState.java:setLeader(263)) - 3d50e2f5-3cb6-49ae-98cc-9a6203b61a63:group-DEA9174B45D8 change Leader from null to 3d50e2f5-3cb6-49ae-98cc-9a6203b61a63 at term 1 for becomeLeader, leader elected after 5153ms
2019-09-12 10:17:00,466 [3d50e2f5-3cb6-49ae-98cc-9a6203b61a63:group-DEA9174B45D8:LeaderElection31] INFO  server.RaftServerConfigKeys (ConfUtils.java:logGet(43)) - raft.server.staging.catchup.gap = 1000 (default)
2019-09-12 10:17:00,466 [3d50e2f5-3cb6-49ae-98cc-9a6203b61a63:group-DEA9174B45D8:LeaderElection31] INFO  server.RaftServerConfigKeys (ConfUtils.java:logGet(43)) - raft.server.rpc.sleep.time = 25ms (default)
2019-09-12 10:17:00,466 [3d50e2f5-3cb6-49ae-98cc-9a6203b61a63:group-DEA9174B45D8:LeaderElection31] INFO  server.RaftServerConfigKeys (ConfUtils.java:logGet(43)) - raft.server.write.element-limit = 4096 (default)
2019-09-12 10:17:00,466 [3d50e2f5-3cb6-49ae-98cc-9a6203b61a63:group-DEA9174B45D8:LeaderElection31] INFO  server.RaftServerConfigKeys (ConfUtils.java:logGet(43)) - raft.server.watch.timeout = 10s (default)
2019-09-12 10:17:00,467 [3d50e2f5-3cb6-49ae-98cc-9a6203b61a63:group-DEA9174B45D8:LeaderElection31] INFO  server.RaftServerConfigKeys (ConfUtils.java:logGet(43)) - raft.server.watch.timeout.denomination = 1s (default)
2019-09-12 10:17:00,467 [3d50e2f5-3cb6-49ae-98cc-9a6203b61a63:group-DEA9174B45D8:LeaderElection31] INFO  server.RaftServerConfigKeys (ConfUtils.java:logGet(43)) - raft.server.watch.element-limit = 65536 (default)
2019-09-12 10:17:00,467 [3d50e2f5-3cb6-49ae-98cc-9a6203b61a63:group-DEA9174B45D8:LeaderElection31] INFO  impl.RoleInfo (RoleInfo.java:updateAndGet(143)) - 3d50e2f5-3cb6-49ae-98cc-9a6203b61a63: start LeaderState
2019-09-12 10:17:00,467 [3d50e2f5-3cb6-49ae-98cc-9a6203b61a63:group-DEA9174B45D8:LeaderElection31] INFO  segmented.SegmentedRaftLogWorker (SegmentedRaftLogWorker.java:startLogSegment(380)) - 3d50e2f5-3cb6-49ae-98cc-9a6203b61a63-SegmentedRaftLogWorker:Storage Directory /workdir/hadoop-ozone/integration-test/target/test-dir/MiniOzoneClusterImpl-07260cbc-78d8-43ad-9b31-a55aa369dc3b/datanode-5/data/ratis/17332f18-8ff2-4598-bb8a-dea9174b45d8: Starting segment from index:0
2019-09-12 10:17:00,468 [3d50e2f5-3cb6-49ae-98cc-9a6203b61a63:group-DEA9174B45D8:LeaderElection31] INFO  impl.RaftServerImpl (ServerState.java:setRaftConf(361)) - 3d50e2f5-3cb6-49ae-98cc-9a6203b61a63:group-DEA9174B45D8 set configuration 0: [3d50e2f5-3cb6-49ae-98cc-9a6203b61a63:192.168.157.195:36540], old=null at 0
2019-09-12 10:17:00,523 [3d50e2f5-3cb6-49ae-98cc-9a6203b61a63-SegmentedRaftLogWorker:Storage Directory /workdir/hadoop-ozone/integration-test/target/test-dir/MiniOzoneClusterImpl-07260cbc-78d8-43ad-9b31-a55aa369dc3b/datanode-5/data/ratis/17332f18-8ff2-4598-bb8a-dea9174b45d8] INFO  segmented.SegmentedRaftLogWorker (SegmentedRaftLogWorker.java:execute(569)) - 3d50e2f5-3cb6-49ae-98cc-9a6203b61a63-SegmentedRaftLogWorker:Storage Directory /workdir/hadoop-ozone/integration-test/target/test-dir/MiniOzoneClusterImpl-07260cbc-78d8-43ad-9b31-a55aa369dc3b/datanode-5/data/ratis/17332f18-8ff2-4598-bb8a-dea9174b45d8: created new log segment /workdir/hadoop-ozone/integration-test/target/test-dir/MiniOzoneClusterImpl-07260cbc-78d8-43ad-9b31-a55aa369dc3b/datanode-5/data/ratis/17332f18-8ff2-4598-bb8a-dea9174b45d8/current/log_inprogress_0
2019-09-12 10:17:00,535 [Thread-321] INFO  impl.FollowerState (FollowerState.java:run(106)) - 3d50e2f5-3cb6-49ae-98cc-9a6203b61a63:group-47DAA9A4FF60 changes to CANDIDATE, lastRpcTime:5113, electionTimeout:5113ms
2019-09-12 10:17:00,536 [Thread-321] INFO  impl.RoleInfo (RoleInfo.java:shutdownFollowerState(121)) - 3d50e2f5-3cb6-49ae-98cc-9a6203b61a63: shutdown FollowerState
2019-09-12 10:17:00,536 [Thread-321] INFO  impl.RaftServerImpl (RaftServerImpl.java:setRole(171)) - 3d50e2f5-3cb6-49ae-98cc-9a6203b61a63:group-47DAA9A4FF60 changes role from FOLLOWER to CANDIDATE at term 0 for changeToCandidate
2019-09-12 10:17:00,536 [Thread-321] INFO  impl.RoleInfo (RoleInfo.java:updateAndGet(143)) - 3d50e2f5-3cb6-49ae-98cc-9a6203b61a63: start LeaderElection
2019-09-12 10:17:00,552 [3d50e2f5-3cb6-49ae-98cc-9a6203b61a63:group-47DAA9A4FF60:LeaderElection32] INFO  impl.LeaderElection (LeaderElection.java:askForVotes(181)) - 3d50e2f5-3cb6-49ae-98cc-9a6203b61a63:group-47DAA9A4FF60:LeaderElection32: begin an election at term 1 for -1: [3d50e2f5-3cb6-49ae-98cc-9a6203b61a63:192.168.157.195:36540], old=null
2019-09-12 10:17:00,552 [3d50e2f5-3cb6-49ae-98cc-9a6203b61a63:group-47DAA9A4FF60:LeaderElection32] INFO  impl.RoleInfo (RoleInfo.java:shutdownLeaderElection(134)) - 3d50e2f5-3cb6-49ae-98cc-9a6203b61a63: shutdown LeaderElection
2019-09-12 10:17:00,553 [3d50e2f5-3cb6-49ae-98cc-9a6203b61a63:group-47DAA9A4FF60:LeaderElection32] INFO  impl.RaftServerImpl (RaftServerImpl.java:setRole(171)) - 3d50e2f5-3cb6-49ae-98cc-9a6203b61a63:group-47DAA9A4FF60 changes role from CANDIDATE to LEADER at term 1 for changeToLeader
2019-09-12 10:17:00,553 [3d50e2f5-3cb6-49ae-98cc-9a6203b61a63:group-47DAA9A4FF60:LeaderElection32] INFO  impl.RaftServerImpl (ServerState.java:setLeader(263)) - 3d50e2f5-3cb6-49ae-98cc-9a6203b61a63:group-47DAA9A4FF60 change Leader from null to 3d50e2f5-3cb6-49ae-98cc-9a6203b61a63 at term 1 for becomeLeader, leader elected after 5135ms
2019-09-12 10:17:00,553 [3d50e2f5-3cb6-49ae-98cc-9a6203b61a63:group-47DAA9A4FF60:LeaderElection32] INFO  server.RaftServerConfigKeys (ConfUtils.java:logGet(43)) - raft.server.staging.catchup.gap = 1000 (default)
2019-09-12 10:17:00,553 [3d50e2f5-3cb6-49ae-98cc-9a6203b61a63:group-47DAA9A4FF60:LeaderElection32] INFO  server.RaftServerConfigKeys (ConfUtils.java:logGet(43)) - raft.server.rpc.sleep.time = 25ms (default)
2019-09-12 10:17:00,553 [3d50e2f5-3cb6-49ae-98cc-9a6203b61a63:group-47DAA9A4FF60:LeaderElection32] INFO  server.RaftServerConfigKeys (ConfUtils.java:logGet(43)) - raft.server.write.element-limit = 4096 (default)
2019-09-12 10:17:00,553 [3d50e2f5-3cb6-49ae-98cc-9a6203b61a63:group-47DAA9A4FF60:LeaderElection32] INFO  server.RaftServerConfigKeys (ConfUtils.java:logGet(43)) - raft.server.watch.timeout = 10s (default)
2019-09-12 10:17:00,553 [3d50e2f5-3cb6-49ae-98cc-9a6203b61a63:group-47DAA9A4FF60:LeaderElection32] INFO  server.RaftServerConfigKeys (ConfUtils.java:logGet(43)) - raft.server.watch.timeout.denomination = 1s (default)
2019-09-12 10:17:00,553 [3d50e2f5-3cb6-49ae-98cc-9a6203b61a63:group-47DAA9A4FF60:LeaderElection32] INFO  server.RaftServerConfigKeys (ConfUtils.java:logGet(43)) - raft.server.watch.element-limit = 65536 (default)
2019-09-12 10:17:00,554 [3d50e2f5-3cb6-49ae-98cc-9a6203b61a63:group-47DAA9A4FF60:LeaderElection32] INFO  impl.RoleInfo (RoleInfo.java:updateAndGet(143)) - 3d50e2f5-3cb6-49ae-98cc-9a6203b61a63: start LeaderState
2019-09-12 10:17:00,554 [3d50e2f5-3cb6-49ae-98cc-9a6203b61a63:group-47DAA9A4FF60:LeaderElection32] INFO  segmented.SegmentedRaftLogWorker (SegmentedRaftLogWorker.java:startLogSegment(380)) - 3d50e2f5-3cb6-49ae-98cc-9a6203b61a63-SegmentedRaftLogWorker:Storage Directory /workdir/hadoop-ozone/integration-test/target/test-dir/MiniOzoneClusterImpl-07260cbc-78d8-43ad-9b31-a55aa369dc3b/datanode-5/data/ratis/f3e8d305-afe2-46aa-aa34-47daa9a4ff60: Starting segment from index:0
2019-09-12 10:17:00,554 [Thread-318] INFO  impl.FollowerState (FollowerState.java:run(106)) - 3d50e2f5-3cb6-49ae-98cc-9a6203b61a63:group-043E025590A1 changes to CANDIDATE, lastRpcTime:5185, electionTimeout:5185ms
2019-09-12 10:17:00,554 [Thread-318] INFO  impl.RoleInfo (RoleInfo.java:shutdownFollowerState(121)) - 3d50e2f5-3cb6-49ae-98cc-9a6203b61a63: shutdown FollowerState
2019-09-12 10:17:00,554 [3d50e2f5-3cb6-49ae-98cc-9a6203b61a63:group-47DAA9A4FF60:LeaderElection32] INFO  impl.RaftServerImpl (ServerState.java:setRaftConf(361)) - 3d50e2f5-3cb6-49ae-98cc-9a6203b61a63:group-47DAA9A4FF60 set configuration 0: [3d50e2f5-3cb6-49ae-98cc-9a6203b61a63:192.168.157.195:36540], old=null at 0
2019-09-12 10:17:00,554 [Thread-318] INFO  impl.RaftServerImpl (RaftServerImpl.java:setRole(171)) - 3d50e2f5-3cb6-49ae-98cc-9a6203b61a63:group-043E025590A1 changes role from FOLLOWER to CANDIDATE at term 0 for changeToCandidate
2019-09-12 10:17:00,589 [Thread-318] INFO  impl.RoleInfo (RoleInfo.java:updateAndGet(143)) - 3d50e2f5-3cb6-49ae-98cc-9a6203b61a63: start LeaderElection
2019-09-12 10:17:00,601 [3d50e2f5-3cb6-49ae-98cc-9a6203b61a63-SegmentedRaftLogWorker:Storage Directory /workdir/hadoop-ozone/integration-test/target/test-dir/MiniOzoneClusterImpl-07260cbc-78d8-43ad-9b31-a55aa369dc3b/datanode-5/data/ratis/f3e8d305-afe2-46aa-aa34-47daa9a4ff60] INFO  segmented.SegmentedRaftLogWorker (SegmentedRaftLogWorker.java:execute(569)) - 3d50e2f5-3cb6-49ae-98cc-9a6203b61a63-SegmentedRaftLogWorker:Storage Directory /workdir/hadoop-ozone/integration-test/target/test-dir/MiniOzoneClusterImpl-07260cbc-78d8-43ad-9b31-a55aa369dc3b/datanode-5/data/ratis/f3e8d305-afe2-46aa-aa34-47daa9a4ff60: created new log segment /workdir/hadoop-ozone/integration-test/target/test-dir/MiniOzoneClusterImpl-07260cbc-78d8-43ad-9b31-a55aa369dc3b/datanode-5/data/ratis/f3e8d305-afe2-46aa-aa34-47daa9a4ff60/current/log_inprogress_0
2019-09-12 10:17:00,601 [3d50e2f5-3cb6-49ae-98cc-9a6203b61a63:group-043E025590A1:LeaderElection33] INFO  impl.LeaderElection (LeaderElection.java:askForVotes(181)) - 3d50e2f5-3cb6-49ae-98cc-9a6203b61a63:group-043E025590A1:LeaderElection33: begin an election at term 1 for -1: [3d50e2f5-3cb6-49ae-98cc-9a6203b61a63:192.168.157.195:36540], old=null
2019-09-12 10:17:00,601 [3d50e2f5-3cb6-49ae-98cc-9a6203b61a63:group-043E025590A1:LeaderElection33] INFO  impl.RoleInfo (RoleInfo.java:shutdownLeaderElection(134)) - 3d50e2f5-3cb6-49ae-98cc-9a6203b61a63: shutdown LeaderElection
2019-09-12 10:17:00,601 [3d50e2f5-3cb6-49ae-98cc-9a6203b61a63:group-043E025590A1:LeaderElection33] INFO  impl.RaftServerImpl (RaftServerImpl.java:setRole(171)) - 3d50e2f5-3cb6-49ae-98cc-9a6203b61a63:group-043E025590A1 changes role from CANDIDATE to LEADER at term 1 for changeToLeader
2019-09-12 10:17:00,601 [3d50e2f5-3cb6-49ae-98cc-9a6203b61a63:group-043E025590A1:LeaderElection33] INFO  impl.RaftServerImpl (ServerState.java:setLeader(263)) - 3d50e2f5-3cb6-49ae-98cc-9a6203b61a63:group-043E025590A1 change Leader from null to 3d50e2f5-3cb6-49ae-98cc-9a6203b61a63 at term 1 for becomeLeader, leader elected after 5236ms
2019-09-12 10:17:00,601 [3d50e2f5-3cb6-49ae-98cc-9a6203b61a63:group-043E025590A1:LeaderElection33] INFO  server.RaftServerConfigKeys (ConfUtils.java:logGet(43)) - raft.server.staging.catchup.gap = 1000 (default)
2019-09-12 10:17:00,602 [3d50e2f5-3cb6-49ae-98cc-9a6203b61a63:group-043E025590A1:LeaderElection33] INFO  server.RaftServerConfigKeys (ConfUtils.java:logGet(43)) - raft.server.rpc.sleep.time = 25ms (default)
2019-09-12 10:17:00,602 [3d50e2f5-3cb6-49ae-98cc-9a6203b61a63:group-043E025590A1:LeaderElection33] INFO  server.RaftServerConfigKeys (ConfUtils.java:logGet(43)) - raft.server.write.element-limit = 4096 (default)
2019-09-12 10:17:00,602 [3d50e2f5-3cb6-49ae-98cc-9a6203b61a63:group-043E025590A1:LeaderElection33] INFO  server.RaftServerConfigKeys (ConfUtils.java:logGet(43)) - raft.server.watch.timeout = 10s (default)
2019-09-12 10:17:00,602 [3d50e2f5-3cb6-49ae-98cc-9a6203b61a63:group-043E025590A1:LeaderElection33] INFO  server.RaftServerConfigKeys (ConfUtils.java:logGet(43)) - raft.server.watch.timeout.denomination = 1s (default)
2019-09-12 10:17:00,602 [3d50e2f5-3cb6-49ae-98cc-9a6203b61a63:group-043E025590A1:LeaderElection33] INFO  server.RaftServerConfigKeys (ConfUtils.java:logGet(43)) - raft.server.watch.element-limit = 65536 (default)
2019-09-12 10:17:00,603 [3d50e2f5-3cb6-49ae-98cc-9a6203b61a63:group-043E025590A1:LeaderElection33] INFO  impl.RoleInfo (RoleInfo.java:updateAndGet(143)) - 3d50e2f5-3cb6-49ae-98cc-9a6203b61a63: start LeaderState
2019-09-12 10:17:00,603 [3d50e2f5-3cb6-49ae-98cc-9a6203b61a63:group-043E025590A1:LeaderElection33] INFO  segmented.SegmentedRaftLogWorker (SegmentedRaftLogWorker.java:startLogSegment(380)) - 3d50e2f5-3cb6-49ae-98cc-9a6203b61a63-SegmentedRaftLogWorker:Storage Directory /workdir/hadoop-ozone/integration-test/target/test-dir/MiniOzoneClusterImpl-07260cbc-78d8-43ad-9b31-a55aa369dc3b/datanode-5/data/ratis/5b570526-42de-444e-8b21-043e025590a1: Starting segment from index:0
2019-09-12 10:17:00,604 [3d50e2f5-3cb6-49ae-98cc-9a6203b61a63:group-043E025590A1:LeaderElection33] INFO  impl.RaftServerImpl (ServerState.java:setRaftConf(361)) - 3d50e2f5-3cb6-49ae-98cc-9a6203b61a63:group-043E025590A1 set configuration 0: [3d50e2f5-3cb6-49ae-98cc-9a6203b61a63:192.168.157.195:36540], old=null at 0
2019-09-12 10:17:00,635 [Thread-324] INFO  impl.FollowerState (FollowerState.java:run(106)) - 3d50e2f5-3cb6-49ae-98cc-9a6203b61a63:group-2E29F18B0534 changes to CANDIDATE, lastRpcTime:5160, electionTimeout:5142ms
2019-09-12 10:17:00,635 [Thread-324] INFO  impl.RoleInfo (RoleInfo.java:shutdownFollowerState(121)) - 3d50e2f5-3cb6-49ae-98cc-9a6203b61a63: shutdown FollowerState
2019-09-12 10:17:00,635 [Thread-324] INFO  impl.RaftServerImpl (RaftServerImpl.java:setRole(171)) - 3d50e2f5-3cb6-49ae-98cc-9a6203b61a63:group-2E29F18B0534 changes role from FOLLOWER to CANDIDATE at term 0 for changeToCandidate
2019-09-12 10:17:00,635 [Thread-324] INFO  impl.RoleInfo (RoleInfo.java:updateAndGet(143)) - 3d50e2f5-3cb6-49ae-98cc-9a6203b61a63: start LeaderElection
2019-09-12 10:17:00,648 [3d50e2f5-3cb6-49ae-98cc-9a6203b61a63-SegmentedRaftLogWorker:Storage Directory /workdir/hadoop-ozone/integration-test/target/test-dir/MiniOzoneClusterImpl-07260cbc-78d8-43ad-9b31-a55aa369dc3b/datanode-5/data/ratis/5b570526-42de-444e-8b21-043e025590a1] INFO  segmented.SegmentedRaftLogWorker (SegmentedRaftLogWorker.java:execute(569)) - 3d50e2f5-3cb6-49ae-98cc-9a6203b61a63-SegmentedRaftLogWorker:Storage Directory /workdir/hadoop-ozone/integration-test/target/test-dir/MiniOzoneClusterImpl-07260cbc-78d8-43ad-9b31-a55aa369dc3b/datanode-5/data/ratis/5b570526-42de-444e-8b21-043e025590a1: created new log segment /workdir/hadoop-ozone/integration-test/target/test-dir/MiniOzoneClusterImpl-07260cbc-78d8-43ad-9b31-a55aa369dc3b/datanode-5/data/ratis/5b570526-42de-444e-8b21-043e025590a1/current/log_inprogress_0
2019-09-12 10:17:00,648 [3d50e2f5-3cb6-49ae-98cc-9a6203b61a63:group-2E29F18B0534:LeaderElection34] INFO  impl.LeaderElection (LeaderElection.java:askForVotes(181)) - 3d50e2f5-3cb6-49ae-98cc-9a6203b61a63:group-2E29F18B0534:LeaderElection34: begin an election at term 1 for -1: [3d50e2f5-3cb6-49ae-98cc-9a6203b61a63:192.168.157.195:36540], old=null
2019-09-12 10:17:00,648 [3d50e2f5-3cb6-49ae-98cc-9a6203b61a63:group-2E29F18B0534:LeaderElection34] INFO  impl.RoleInfo (RoleInfo.java:shutdownLeaderElection(134)) - 3d50e2f5-3cb6-49ae-98cc-9a6203b61a63: shutdown LeaderElection
2019-09-12 10:17:00,648 [3d50e2f5-3cb6-49ae-98cc-9a6203b61a63:group-2E29F18B0534:LeaderElection34] INFO  impl.RaftServerImpl (RaftServerImpl.java:setRole(171)) - 3d50e2f5-3cb6-49ae-98cc-9a6203b61a63:group-2E29F18B0534 changes role from CANDIDATE to LEADER at term 1 for changeToLeader
2019-09-12 10:17:00,648 [3d50e2f5-3cb6-49ae-98cc-9a6203b61a63:group-2E29F18B0534:LeaderElection34] INFO  impl.RaftServerImpl (ServerState.java:setLeader(263)) - 3d50e2f5-3cb6-49ae-98cc-9a6203b61a63:group-2E29F18B0534 change Leader from null to 3d50e2f5-3cb6-49ae-98cc-9a6203b61a63 at term 1 for becomeLeader, leader elected after 5177ms
2019-09-12 10:17:00,648 [3d50e2f5-3cb6-49ae-98cc-9a6203b61a63:group-2E29F18B0534:LeaderElection34] INFO  server.RaftServerConfigKeys (ConfUtils.java:logGet(43)) - raft.server.staging.catchup.gap = 1000 (default)
2019-09-12 10:17:00,649 [3d50e2f5-3cb6-49ae-98cc-9a6203b61a63:group-2E29F18B0534:LeaderElection34] INFO  server.RaftServerConfigKeys (ConfUtils.java:logGet(43)) - raft.server.rpc.sleep.time = 25ms (default)
2019-09-12 10:17:00,649 [3d50e2f5-3cb6-49ae-98cc-9a6203b61a63:group-2E29F18B0534:LeaderElection34] INFO  server.RaftServerConfigKeys (ConfUtils.java:logGet(43)) - raft.server.write.element-limit = 4096 (default)
2019-09-12 10:17:00,649 [3d50e2f5-3cb6-49ae-98cc-9a6203b61a63:group-2E29F18B0534:LeaderElection34] INFO  server.RaftServerConfigKeys (ConfUtils.java:logGet(43)) - raft.server.watch.timeout = 10s (default)
2019-09-12 10:17:00,649 [3d50e2f5-3cb6-49ae-98cc-9a6203b61a63:group-2E29F18B0534:LeaderElection34] INFO  server.RaftServerConfigKeys (ConfUtils.java:logGet(43)) - raft.server.watch.timeout.denomination = 1s (default)
2019-09-12 10:17:00,649 [3d50e2f5-3cb6-49ae-98cc-9a6203b61a63:group-2E29F18B0534:LeaderElection34] INFO  server.RaftServerConfigKeys (ConfUtils.java:logGet(43)) - raft.server.watch.element-limit = 65536 (default)
2019-09-12 10:17:00,649 [3d50e2f5-3cb6-49ae-98cc-9a6203b61a63:group-2E29F18B0534:LeaderElection34] INFO  impl.RoleInfo (RoleInfo.java:updateAndGet(143)) - 3d50e2f5-3cb6-49ae-98cc-9a6203b61a63: start LeaderState
2019-09-12 10:17:00,649 [3d50e2f5-3cb6-49ae-98cc-9a6203b61a63:group-2E29F18B0534:LeaderElection34] INFO  segmented.SegmentedRaftLogWorker (SegmentedRaftLogWorker.java:startLogSegment(380)) - 3d50e2f5-3cb6-49ae-98cc-9a6203b61a63-SegmentedRaftLogWorker:Storage Directory /workdir/hadoop-ozone/integration-test/target/test-dir/MiniOzoneClusterImpl-07260cbc-78d8-43ad-9b31-a55aa369dc3b/datanode-5/data/ratis/06d2a6e7-a225-4808-b1f2-2e29f18b0534: Starting segment from index:0
2019-09-12 10:17:00,650 [3d50e2f5-3cb6-49ae-98cc-9a6203b61a63:group-2E29F18B0534:LeaderElection34] INFO  impl.RaftServerImpl (ServerState.java:setRaftConf(361)) - 3d50e2f5-3cb6-49ae-98cc-9a6203b61a63:group-2E29F18B0534 set configuration 0: [3d50e2f5-3cb6-49ae-98cc-9a6203b61a63:192.168.157.195:36540], old=null at 0
2019-09-12 10:17:00,691 [main] INFO  ozoneimpl.OzoneContainer (OzoneContainer.java:stop(199)) - Attempting to stop container services.
2019-09-12 10:17:00,691 [ForkJoinPool.commonPool-worker-1] INFO  ozoneimpl.OzoneContainer (OzoneContainer.java:stop(199)) - Attempting to stop container services.
2019-09-12 10:17:00,692 [main] INFO  impl.RaftServerProxy (RaftServerProxy.java:lambda$close$4(314)) - 29b8f213-10fb-4d36-bbf5-ca2aa222f4ad: close
2019-09-12 10:17:00,692 [ForkJoinPool.commonPool-worker-1] INFO  impl.RaftServerProxy (RaftServerProxy.java:lambda$close$4(314)) - 2c6903b2-bd88-4155-8644-e70f9499caec: close
2019-09-12 10:17:00,695 [main] INFO  impl.RaftServerImpl (RaftServerImpl.java:lambda$shutdown$3(245)) - 29b8f213-10fb-4d36-bbf5-ca2aa222f4ad: shutdown group-D1B279B4121E
2019-09-12 10:17:00,695 [ForkJoinPool.commonPool-worker-1] INFO  impl.RaftServerImpl (RaftServerImpl.java:lambda$shutdown$3(245)) - 2c6903b2-bd88-4155-8644-e70f9499caec: shutdown group-9F95C5A03BA9
2019-09-12 10:17:00,695 [main] INFO  util.JmxRegister (JmxRegister.java:unregister(73)) - Successfully un-registered JMX Bean with object name Ratis:service=RaftServer,group=group-D1B279B4121E,id=29b8f213-10fb-4d36-bbf5-ca2aa222f4ad
2019-09-12 10:17:00,695 [ForkJoinPool.commonPool-worker-1] INFO  util.JmxRegister (JmxRegister.java:unregister(73)) - Successfully un-registered JMX Bean with object name Ratis:service=RaftServer,group=group-9F95C5A03BA9,id=2c6903b2-bd88-4155-8644-e70f9499caec
2019-09-12 10:17:00,696 [main] INFO  impl.RoleInfo (RoleInfo.java:shutdownLeaderState(104)) - 29b8f213-10fb-4d36-bbf5-ca2aa222f4ad: shutdown LeaderState
2019-09-12 10:17:00,696 [ForkJoinPool.commonPool-worker-1] INFO  impl.RoleInfo (RoleInfo.java:shutdownLeaderState(104)) - 2c6903b2-bd88-4155-8644-e70f9499caec: shutdown LeaderState
2019-09-12 10:17:00,698 [main] INFO  impl.PendingRequests (PendingRequests.java:sendNotLeaderResponses(202)) - 29b8f213-10fb-4d36-bbf5-ca2aa222f4ad-PendingRequests: sendNotLeaderResponses
2019-09-12 10:17:00,698 [ForkJoinPool.commonPool-worker-1] INFO  impl.PendingRequests (PendingRequests.java:sendNotLeaderResponses(202)) - 2c6903b2-bd88-4155-8644-e70f9499caec-PendingRequests: sendNotLeaderResponses
2019-09-12 10:17:00,701 [main] INFO  impl.StateMachineUpdater (StateMachineUpdater.java:stopAndJoin(115)) - StateMachineUpdater:29b8f213-10fb-4d36-bbf5-ca2aa222f4ad:group-D1B279B4121E: set stopIndex = 0
2019-09-12 10:17:00,703 [3d50e2f5-3cb6-49ae-98cc-9a6203b61a63-SegmentedRaftLogWorker:Storage Directory /workdir/hadoop-ozone/integration-test/target/test-dir/MiniOzoneClusterImpl-07260cbc-78d8-43ad-9b31-a55aa369dc3b/datanode-5/data/ratis/06d2a6e7-a225-4808-b1f2-2e29f18b0534] INFO  segmented.SegmentedRaftLogWorker (SegmentedRaftLogWorker.java:execute(569)) - 3d50e2f5-3cb6-49ae-98cc-9a6203b61a63-SegmentedRaftLogWorker:Storage Directory /workdir/hadoop-ozone/integration-test/target/test-dir/MiniOzoneClusterImpl-07260cbc-78d8-43ad-9b31-a55aa369dc3b/datanode-5/data/ratis/06d2a6e7-a225-4808-b1f2-2e29f18b0534: created new log segment /workdir/hadoop-ozone/integration-test/target/test-dir/MiniOzoneClusterImpl-07260cbc-78d8-43ad-9b31-a55aa369dc3b/datanode-5/data/ratis/06d2a6e7-a225-4808-b1f2-2e29f18b0534/current/log_inprogress_0
2019-09-12 10:17:00,704 [main] INFO  impl.RaftServerImpl (ServerState.java:close(394)) - 29b8f213-10fb-4d36-bbf5-ca2aa222f4ad:group-D1B279B4121E closes. The last applied log index is 0
2019-09-12 10:17:00,703 [Thread-330] INFO  impl.FollowerState (FollowerState.java:run(106)) - 3d50e2f5-3cb6-49ae-98cc-9a6203b61a63:group-446DAD0CE589 changes to CANDIDATE, lastRpcTime:5109, electionTimeout:5108ms
2019-09-12 10:17:00,705 [Thread-330] INFO  impl.RoleInfo (RoleInfo.java:shutdownFollowerState(121)) - 3d50e2f5-3cb6-49ae-98cc-9a6203b61a63: shutdown FollowerState
2019-09-12 10:17:00,701 [ForkJoinPool.commonPool-worker-1] INFO  impl.StateMachineUpdater (StateMachineUpdater.java:stopAndJoin(115)) - StateMachineUpdater:2c6903b2-bd88-4155-8644-e70f9499caec:group-9F95C5A03BA9: set stopIndex = 0
2019-09-12 10:17:00,705 [Thread-330] INFO  impl.RaftServerImpl (RaftServerImpl.java:setRole(171)) - 3d50e2f5-3cb6-49ae-98cc-9a6203b61a63:group-446DAD0CE589 changes role from FOLLOWER to CANDIDATE at term 0 for changeToCandidate
2019-09-12 10:17:00,705 [Thread-327] INFO  impl.FollowerState (FollowerState.java:run(106)) - 3d50e2f5-3cb6-49ae-98cc-9a6203b61a63:group-85EDA9211BBD changes to CANDIDATE, lastRpcTime:5179, electionTimeout:5179ms
2019-09-12 10:17:00,706 [Thread-327] INFO  impl.RoleInfo (RoleInfo.java:shutdownFollowerState(121)) - 3d50e2f5-3cb6-49ae-98cc-9a6203b61a63: shutdown FollowerState
2019-09-12 10:17:00,705 [ForkJoinPool.commonPool-worker-1] INFO  impl.RaftServerImpl (ServerState.java:close(394)) - 2c6903b2-bd88-4155-8644-e70f9499caec:group-9F95C5A03BA9 closes. The last applied log index is 0
2019-09-12 10:17:00,706 [Thread-327] INFO  impl.RaftServerImpl (RaftServerImpl.java:setRole(171)) - 3d50e2f5-3cb6-49ae-98cc-9a6203b61a63:group-85EDA9211BBD changes role from FOLLOWER to CANDIDATE at term 0 for changeToCandidate
2019-09-12 10:17:00,706 [Thread-330] INFO  impl.RoleInfo (RoleInfo.java:updateAndGet(143)) - 3d50e2f5-3cb6-49ae-98cc-9a6203b61a63: start LeaderElection
2019-09-12 10:17:00,706 [Thread-327] INFO  impl.RoleInfo (RoleInfo.java:updateAndGet(143)) - 3d50e2f5-3cb6-49ae-98cc-9a6203b61a63: start LeaderElection
2019-09-12 10:17:00,707 [29b8f213-10fb-4d36-bbf5-ca2aa222f4ad-SegmentedRaftLogWorker:Storage Directory /workdir/hadoop-ozone/integration-test/target/test-dir/MiniOzoneClusterImpl-07260cbc-78d8-43ad-9b31-a55aa369dc3b/datanode-3/data/ratis/df0fb03c-6e0d-4875-95a7-d1b279b4121e] INFO  segmented.SegmentedRaftLogWorker (SegmentedRaftLogWorker.java:run(313)) - 29b8f213-10fb-4d36-bbf5-ca2aa222f4ad-SegmentedRaftLogWorker:Storage Directory /workdir/hadoop-ozone/integration-test/target/test-dir/MiniOzoneClusterImpl-07260cbc-78d8-43ad-9b31-a55aa369dc3b/datanode-3/data/ratis/df0fb03c-6e0d-4875-95a7-d1b279b4121e was interrupted, exiting. There are 0 tasks remaining in the queue.
2019-09-12 10:17:00,709 [2c6903b2-bd88-4155-8644-e70f9499caec-SegmentedRaftLogWorker:Storage Directory /workdir/hadoop-ozone/integration-test/target/test-dir/MiniOzoneClusterImpl-07260cbc-78d8-43ad-9b31-a55aa369dc3b/datanode-1/data/ratis/1d52e273-916f-416a-bb3c-9f95c5a03ba9] INFO  segmented.SegmentedRaftLogWorker (SegmentedRaftLogWorker.java:run(313)) - 2c6903b2-bd88-4155-8644-e70f9499caec-SegmentedRaftLogWorker:Storage Directory /workdir/hadoop-ozone/integration-test/target/test-dir/MiniOzoneClusterImpl-07260cbc-78d8-43ad-9b31-a55aa369dc3b/datanode-1/data/ratis/1d52e273-916f-416a-bb3c-9f95c5a03ba9 was interrupted, exiting. There are 0 tasks remaining in the queue.
2019-09-12 10:17:00,711 [main] INFO  segmented.SegmentedRaftLogWorker (SegmentedRaftLogWorker.java:close(228)) - 29b8f213-10fb-4d36-bbf5-ca2aa222f4ad-SegmentedRaftLogWorker:Storage Directory /workdir/hadoop-ozone/integration-test/target/test-dir/MiniOzoneClusterImpl-07260cbc-78d8-43ad-9b31-a55aa369dc3b/datanode-3/data/ratis/df0fb03c-6e0d-4875-95a7-d1b279b4121e close()
2019-09-12 10:17:00,712 [ForkJoinPool.commonPool-worker-1] INFO  segmented.SegmentedRaftLogWorker (SegmentedRaftLogWorker.java:close(228)) - 2c6903b2-bd88-4155-8644-e70f9499caec-SegmentedRaftLogWorker:Storage Directory /workdir/hadoop-ozone/integration-test/target/test-dir/MiniOzoneClusterImpl-07260cbc-78d8-43ad-9b31-a55aa369dc3b/datanode-1/data/ratis/1d52e273-916f-416a-bb3c-9f95c5a03ba9 close()
2019-09-12 10:17:00,717 [main] INFO  impl.RaftServerImpl (RaftServerImpl.java:lambda$shutdown$3(245)) - 29b8f213-10fb-4d36-bbf5-ca2aa222f4ad: shutdown group-059CEE29EA7E
2019-09-12 10:17:00,717 [ForkJoinPool.commonPool-worker-1] INFO  impl.RaftServerImpl (RaftServerImpl.java:lambda$shutdown$3(245)) - 2c6903b2-bd88-4155-8644-e70f9499caec: shutdown group-9C50D4F998BB
2019-09-12 10:17:00,717 [main] INFO  util.JmxRegister (JmxRegister.java:unregister(73)) - Successfully un-registered JMX Bean with object name Ratis:service=RaftServer,group=group-059CEE29EA7E,id=29b8f213-10fb-4d36-bbf5-ca2aa222f4ad
2019-09-12 10:17:00,718 [ForkJoinPool.commonPool-worker-1] INFO  util.JmxRegister (JmxRegister.java:unregister(73)) - Successfully un-registered JMX Bean with object name Ratis:service=RaftServer,group=group-9C50D4F998BB,id=2c6903b2-bd88-4155-8644-e70f9499caec
2019-09-12 10:17:00,718 [main] INFO  impl.RoleInfo (RoleInfo.java:shutdownLeaderState(104)) - 29b8f213-10fb-4d36-bbf5-ca2aa222f4ad: shutdown LeaderState
2019-09-12 10:17:00,718 [ForkJoinPool.commonPool-worker-1] INFO  impl.RoleInfo (RoleInfo.java:shutdownLeaderState(104)) - 2c6903b2-bd88-4155-8644-e70f9499caec: shutdown LeaderState
2019-09-12 10:17:00,718 [main] INFO  impl.PendingRequests (PendingRequests.java:sendNotLeaderResponses(202)) - 29b8f213-10fb-4d36-bbf5-ca2aa222f4ad-PendingRequests: sendNotLeaderResponses
2019-09-12 10:17:00,719 [ForkJoinPool.commonPool-worker-1] INFO  impl.PendingRequests (PendingRequests.java:sendNotLeaderResponses(202)) - 2c6903b2-bd88-4155-8644-e70f9499caec-PendingRequests: sendNotLeaderResponses
2019-09-12 10:17:00,719 [main] INFO  impl.StateMachineUpdater (StateMachineUpdater.java:stopAndJoin(115)) - StateMachineUpdater:29b8f213-10fb-4d36-bbf5-ca2aa222f4ad:group-059CEE29EA7E: set stopIndex = 0
2019-09-12 10:17:00,719 [ForkJoinPool.commonPool-worker-1] INFO  impl.StateMachineUpdater (StateMachineUpdater.java:stopAndJoin(115)) - StateMachineUpdater:2c6903b2-bd88-4155-8644-e70f9499caec:group-9C50D4F998BB: set stopIndex = 0
2019-09-12 10:17:00,720 [main] INFO  impl.RaftServerImpl (ServerState.java:close(394)) - 29b8f213-10fb-4d36-bbf5-ca2aa222f4ad:group-059CEE29EA7E closes. The last applied log index is 0
2019-09-12 10:17:00,720 [ForkJoinPool.commonPool-worker-1] INFO  impl.RaftServerImpl (ServerState.java:close(394)) - 2c6903b2-bd88-4155-8644-e70f9499caec:group-9C50D4F998BB closes. The last applied log index is 0
2019-09-12 10:17:00,720 [29b8f213-10fb-4d36-bbf5-ca2aa222f4ad-SegmentedRaftLogWorker:Storage Directory /workdir/hadoop-ozone/integration-test/target/test-dir/MiniOzoneClusterImpl-07260cbc-78d8-43ad-9b31-a55aa369dc3b/datanode-3/data/ratis/f92dfc45-6e2b-48e8-84c5-059cee29ea7e] INFO  segmented.SegmentedRaftLogWorker (SegmentedRaftLogWorker.java:run(313)) - 29b8f213-10fb-4d36-bbf5-ca2aa222f4ad-SegmentedRaftLogWorker:Storage Directory /workdir/hadoop-ozone/integration-test/target/test-dir/MiniOzoneClusterImpl-07260cbc-78d8-43ad-9b31-a55aa369dc3b/datanode-3/data/ratis/f92dfc45-6e2b-48e8-84c5-059cee29ea7e was interrupted, exiting. There are 0 tasks remaining in the queue.
2019-09-12 10:17:00,721 [2c6903b2-bd88-4155-8644-e70f9499caec-SegmentedRaftLogWorker:Storage Directory /workdir/hadoop-ozone/integration-test/target/test-dir/MiniOzoneClusterImpl-07260cbc-78d8-43ad-9b31-a55aa369dc3b/datanode-1/data/ratis/08a897df-fbd9-4a9b-b983-9c50d4f998bb] INFO  segmented.SegmentedRaftLogWorker (SegmentedRaftLogWorker.java:run(313)) - 2c6903b2-bd88-4155-8644-e70f9499caec-SegmentedRaftLogWorker:Storage Directory /workdir/hadoop-ozone/integration-test/target/test-dir/MiniOzoneClusterImpl-07260cbc-78d8-43ad-9b31-a55aa369dc3b/datanode-1/data/ratis/08a897df-fbd9-4a9b-b983-9c50d4f998bb was interrupted, exiting. There are 0 tasks remaining in the queue.
2019-09-12 10:17:00,722 [main] INFO  segmented.SegmentedRaftLogWorker (SegmentedRaftLogWorker.java:close(228)) - 29b8f213-10fb-4d36-bbf5-ca2aa222f4ad-SegmentedRaftLogWorker:Storage Directory /workdir/hadoop-ozone/integration-test/target/test-dir/MiniOzoneClusterImpl-07260cbc-78d8-43ad-9b31-a55aa369dc3b/datanode-3/data/ratis/f92dfc45-6e2b-48e8-84c5-059cee29ea7e close()
2019-09-12 10:17:00,724 [ForkJoinPool.commonPool-worker-1] INFO  segmented.SegmentedRaftLogWorker (SegmentedRaftLogWorker.java:close(228)) - 2c6903b2-bd88-4155-8644-e70f9499caec-SegmentedRaftLogWorker:Storage Directory /workdir/hadoop-ozone/integration-test/target/test-dir/MiniOzoneClusterImpl-07260cbc-78d8-43ad-9b31-a55aa369dc3b/datanode-1/data/ratis/08a897df-fbd9-4a9b-b983-9c50d4f998bb close()
2019-09-12 10:17:00,727 [main] INFO  impl.RaftServerImpl (RaftServerImpl.java:lambda$shutdown$3(245)) - 29b8f213-10fb-4d36-bbf5-ca2aa222f4ad: shutdown group-C6908A49D5F0
2019-09-12 10:17:00,729 [3d50e2f5-3cb6-49ae-98cc-9a6203b61a63:group-446DAD0CE589:LeaderElection35] INFO  impl.LeaderElection (LeaderElection.java:askForVotes(181)) - 3d50e2f5-3cb6-49ae-98cc-9a6203b61a63:group-446DAD0CE589:LeaderElection35: begin an election at term 1 for -1: [3d50e2f5-3cb6-49ae-98cc-9a6203b61a63:192.168.157.195:36540], old=null
2019-09-12 10:17:00,729 [ForkJoinPool.commonPool-worker-1] INFO  impl.RaftServerImpl (RaftServerImpl.java:lambda$shutdown$3(245)) - 2c6903b2-bd88-4155-8644-e70f9499caec: shutdown group-7AB8E285774B
2019-09-12 10:17:00,730 | INFO  | SCMAudit | user=jenkins1000 | ip=192.168.157.195 | op=SEND_HEARTBEAT {datanodeUUID=754318a0-7d43-4de4-9a7a-4e513334fcf8, command=[]} | ret=SUCCESS |  
2019-09-12 10:17:00,729 [3d50e2f5-3cb6-49ae-98cc-9a6203b61a63:group-85EDA9211BBD:LeaderElection36] INFO  impl.LeaderElection (LeaderElection.java:askForVotes(181)) - 3d50e2f5-3cb6-49ae-98cc-9a6203b61a63:group-85EDA9211BBD:LeaderElection36: begin an election at term 1 for -1: [3d50e2f5-3cb6-49ae-98cc-9a6203b61a63:192.168.157.195:36540], old=null
2019-09-12 10:17:00,730 [ForkJoinPool.commonPool-worker-1] INFO  util.JmxRegister (JmxRegister.java:unregister(73)) - Successfully un-registered JMX Bean with object name Ratis:service=RaftServer,group=group-7AB8E285774B,id=2c6903b2-bd88-4155-8644-e70f9499caec
2019-09-12 10:17:00,730 [3d50e2f5-3cb6-49ae-98cc-9a6203b61a63:group-446DAD0CE589:LeaderElection35] INFO  impl.RoleInfo (RoleInfo.java:shutdownLeaderElection(134)) - 3d50e2f5-3cb6-49ae-98cc-9a6203b61a63: shutdown LeaderElection
2019-09-12 10:17:00,731 [3d50e2f5-3cb6-49ae-98cc-9a6203b61a63:group-446DAD0CE589:LeaderElection35] INFO  impl.RaftServerImpl (RaftServerImpl.java:setRole(171)) - 3d50e2f5-3cb6-49ae-98cc-9a6203b61a63:group-446DAD0CE589 changes role from CANDIDATE to LEADER at term 1 for changeToLeader
2019-09-12 10:17:00,730 [main] INFO  util.JmxRegister (JmxRegister.java:unregister(73)) - Successfully un-registered JMX Bean with object name Ratis:service=RaftServer,group=group-C6908A49D5F0,id=29b8f213-10fb-4d36-bbf5-ca2aa222f4ad
2019-09-12 10:17:00,731 [main] INFO  impl.RoleInfo (RoleInfo.java:shutdownLeaderState(104)) - 29b8f213-10fb-4d36-bbf5-ca2aa222f4ad: shutdown LeaderState
2019-09-12 10:17:00,731 [3d50e2f5-3cb6-49ae-98cc-9a6203b61a63:group-446DAD0CE589:LeaderElection35] INFO  impl.RaftServerImpl (ServerState.java:setLeader(263)) - 3d50e2f5-3cb6-49ae-98cc-9a6203b61a63:group-446DAD0CE589 change Leader from null to 3d50e2f5-3cb6-49ae-98cc-9a6203b61a63 at term 1 for becomeLeader, leader elected after 5141ms
2019-09-12 10:17:00,732 [main] INFO  impl.PendingRequests (PendingRequests.java:sendNotLeaderResponses(202)) - 29b8f213-10fb-4d36-bbf5-ca2aa222f4ad-PendingRequests: sendNotLeaderResponses
2019-09-12 10:17:00,731 [ForkJoinPool.commonPool-worker-1] INFO  impl.RoleInfo (RoleInfo.java:shutdownLeaderState(104)) - 2c6903b2-bd88-4155-8644-e70f9499caec: shutdown LeaderState
2019-09-12 10:17:00,730 [3d50e2f5-3cb6-49ae-98cc-9a6203b61a63:group-85EDA9211BBD:LeaderElection36] INFO  impl.RoleInfo (RoleInfo.java:shutdownLeaderElection(134)) - 3d50e2f5-3cb6-49ae-98cc-9a6203b61a63: shutdown LeaderElection
2019-09-12 10:17:00,733 [ForkJoinPool.commonPool-worker-1] INFO  impl.PendingRequests (PendingRequests.java:sendNotLeaderResponses(202)) - 2c6903b2-bd88-4155-8644-e70f9499caec-PendingRequests: sendNotLeaderResponses
2019-09-12 10:17:00,732 [main] INFO  impl.StateMachineUpdater (StateMachineUpdater.java:stopAndJoin(115)) - StateMachineUpdater:29b8f213-10fb-4d36-bbf5-ca2aa222f4ad:group-C6908A49D5F0: set stopIndex = 0
2019-09-12 10:17:00,733 [main] INFO  impl.RaftServerImpl (ServerState.java:close(394)) - 29b8f213-10fb-4d36-bbf5-ca2aa222f4ad:group-C6908A49D5F0 closes. The last applied log index is 0
2019-09-12 10:17:00,732 [3d50e2f5-3cb6-49ae-98cc-9a6203b61a63:group-446DAD0CE589:LeaderElection35] INFO  server.RaftServerConfigKeys (ConfUtils.java:logGet(43)) - raft.server.staging.catchup.gap = 1000 (default)
2019-09-12 10:17:00,733 [ForkJoinPool.commonPool-worker-1] INFO  impl.StateMachineUpdater (StateMachineUpdater.java:stopAndJoin(115)) - StateMachineUpdater:2c6903b2-bd88-4155-8644-e70f9499caec:group-7AB8E285774B: set stopIndex = 0
2019-09-12 10:17:00,733 [3d50e2f5-3cb6-49ae-98cc-9a6203b61a63:group-85EDA9211BBD:LeaderElection36] INFO  impl.RaftServerImpl (RaftServerImpl.java:setRole(171)) - 3d50e2f5-3cb6-49ae-98cc-9a6203b61a63:group-85EDA9211BBD changes role from CANDIDATE to LEADER at term 1 for changeToLeader
2019-09-12 10:17:00,734 [ForkJoinPool.commonPool-worker-1] INFO  impl.RaftServerImpl (ServerState.java:close(394)) - 2c6903b2-bd88-4155-8644-e70f9499caec:group-7AB8E285774B closes. The last applied log index is 0
2019-09-12 10:17:00,734 [3d50e2f5-3cb6-49ae-98cc-9a6203b61a63:group-446DAD0CE589:LeaderElection35] INFO  server.RaftServerConfigKeys (ConfUtils.java:logGet(43)) - raft.server.rpc.sleep.time = 25ms (default)
2019-09-12 10:17:00,734 [29b8f213-10fb-4d36-bbf5-ca2aa222f4ad-SegmentedRaftLogWorker:Storage Directory /workdir/hadoop-ozone/integration-test/target/test-dir/MiniOzoneClusterImpl-07260cbc-78d8-43ad-9b31-a55aa369dc3b/datanode-3/data/ratis/573e5cb5-9742-4901-87d4-c6908a49d5f0] INFO  segmented.SegmentedRaftLogWorker (SegmentedRaftLogWorker.java:run(313)) - 29b8f213-10fb-4d36-bbf5-ca2aa222f4ad-SegmentedRaftLogWorker:Storage Directory /workdir/hadoop-ozone/integration-test/target/test-dir/MiniOzoneClusterImpl-07260cbc-78d8-43ad-9b31-a55aa369dc3b/datanode-3/data/ratis/573e5cb5-9742-4901-87d4-c6908a49d5f0 was interrupted, exiting. There are 0 tasks remaining in the queue.
2019-09-12 10:17:00,735 [3d50e2f5-3cb6-49ae-98cc-9a6203b61a63:group-446DAD0CE589:LeaderElection35] INFO  server.RaftServerConfigKeys (ConfUtils.java:logGet(43)) - raft.server.write.element-limit = 4096 (default)
2019-09-12 10:17:00,735 [2c6903b2-bd88-4155-8644-e70f9499caec-SegmentedRaftLogWorker:Storage Directory /workdir/hadoop-ozone/integration-test/target/test-dir/MiniOzoneClusterImpl-07260cbc-78d8-43ad-9b31-a55aa369dc3b/datanode-1/data/ratis/ee85f508-f243-416a-91e7-7ab8e285774b] INFO  segmented.SegmentedRaftLogWorker (SegmentedRaftLogWorker.java:run(313)) - 2c6903b2-bd88-4155-8644-e70f9499caec-SegmentedRaftLogWorker:Storage Directory /workdir/hadoop-ozone/integration-test/target/test-dir/MiniOzoneClusterImpl-07260cbc-78d8-43ad-9b31-a55aa369dc3b/datanode-1/data/ratis/ee85f508-f243-416a-91e7-7ab8e285774b was interrupted, exiting. There are 0 tasks remaining in the queue.
2019-09-12 10:17:00,736 [main] INFO  segmented.SegmentedRaftLogWorker (SegmentedRaftLogWorker.java:close(228)) - 29b8f213-10fb-4d36-bbf5-ca2aa222f4ad-SegmentedRaftLogWorker:Storage Directory /workdir/hadoop-ozone/integration-test/target/test-dir/MiniOzoneClusterImpl-07260cbc-78d8-43ad-9b31-a55aa369dc3b/datanode-3/data/ratis/573e5cb5-9742-4901-87d4-c6908a49d5f0 close()
2019-09-12 10:17:00,735 [3d50e2f5-3cb6-49ae-98cc-9a6203b61a63:group-85EDA9211BBD:LeaderElection36] INFO  impl.RaftServerImpl (ServerState.java:setLeader(263)) - 3d50e2f5-3cb6-49ae-98cc-9a6203b61a63:group-85EDA9211BBD change Leader from null to 3d50e2f5-3cb6-49ae-98cc-9a6203b61a63 at term 1 for becomeLeader, leader elected after 5212ms
2019-09-12 10:17:00,737 [ForkJoinPool.commonPool-worker-1] INFO  segmented.SegmentedRaftLogWorker (SegmentedRaftLogWorker.java:close(228)) - 2c6903b2-bd88-4155-8644-e70f9499caec-SegmentedRaftLogWorker:Storage Directory /workdir/hadoop-ozone/integration-test/target/test-dir/MiniOzoneClusterImpl-07260cbc-78d8-43ad-9b31-a55aa369dc3b/datanode-1/data/ratis/ee85f508-f243-416a-91e7-7ab8e285774b close()
2019-09-12 10:17:00,736 [3d50e2f5-3cb6-49ae-98cc-9a6203b61a63:group-446DAD0CE589:LeaderElection35] INFO  server.RaftServerConfigKeys (ConfUtils.java:logGet(43)) - raft.server.watch.timeout = 10s (default)
2019-09-12 10:17:00,742 [3d50e2f5-3cb6-49ae-98cc-9a6203b61a63:group-446DAD0CE589:LeaderElection35] INFO  server.RaftServerConfigKeys (ConfUtils.java:logGet(43)) - raft.server.watch.timeout.denomination = 1s (default)
2019-09-12 10:17:00,740 [3d50e2f5-3cb6-49ae-98cc-9a6203b61a63:group-85EDA9211BBD:LeaderElection36] INFO  server.RaftServerConfigKeys (ConfUtils.java:logGet(43)) - raft.server.staging.catchup.gap = 1000 (default)
2019-09-12 10:17:00,740 [main] INFO  impl.RaftServerImpl (RaftServerImpl.java:lambda$shutdown$3(245)) - 29b8f213-10fb-4d36-bbf5-ca2aa222f4ad: shutdown group-F65470799111
2019-09-12 10:17:00,743 [3d50e2f5-3cb6-49ae-98cc-9a6203b61a63:group-85EDA9211BBD:LeaderElection36] INFO  server.RaftServerConfigKeys (ConfUtils.java:logGet(43)) - raft.server.rpc.sleep.time = 25ms (default)
2019-09-12 10:17:00,742 [3d50e2f5-3cb6-49ae-98cc-9a6203b61a63:group-446DAD0CE589:LeaderElection35] INFO  server.RaftServerConfigKeys (ConfUtils.java:logGet(43)) - raft.server.watch.element-limit = 65536 (default)
2019-09-12 10:17:00,743 [3d50e2f5-3cb6-49ae-98cc-9a6203b61a63:group-85EDA9211BBD:LeaderElection36] INFO  server.RaftServerConfigKeys (ConfUtils.java:logGet(43)) - raft.server.write.element-limit = 4096 (default)
2019-09-12 10:17:00,742 [ForkJoinPool.commonPool-worker-1] INFO  impl.RaftServerImpl (RaftServerImpl.java:lambda$shutdown$3(245)) - 2c6903b2-bd88-4155-8644-e70f9499caec: shutdown group-4C38D87E6F45
2019-09-12 10:17:00,744 [3d50e2f5-3cb6-49ae-98cc-9a6203b61a63:group-85EDA9211BBD:LeaderElection36] INFO  server.RaftServerConfigKeys (ConfUtils.java:logGet(43)) - raft.server.watch.timeout = 10s (default)
2019-09-12 10:17:00,744 [3d50e2f5-3cb6-49ae-98cc-9a6203b61a63:group-85EDA9211BBD:LeaderElection36] INFO  server.RaftServerConfigKeys (ConfUtils.java:logGet(43)) - raft.server.watch.timeout.denomination = 1s (default)
2019-09-12 10:17:00,744 [3d50e2f5-3cb6-49ae-98cc-9a6203b61a63:group-446DAD0CE589:LeaderElection35] INFO  impl.RoleInfo (RoleInfo.java:updateAndGet(143)) - 3d50e2f5-3cb6-49ae-98cc-9a6203b61a63: start LeaderState
2019-09-12 10:17:00,743 [main] INFO  util.JmxRegister (JmxRegister.java:unregister(73)) - Successfully un-registered JMX Bean with object name Ratis:service=RaftServer,group=group-F65470799111,id=29b8f213-10fb-4d36-bbf5-ca2aa222f4ad
2019-09-12 10:17:00,745 [3d50e2f5-3cb6-49ae-98cc-9a6203b61a63:group-446DAD0CE589:LeaderElection35] INFO  segmented.SegmentedRaftLogWorker (SegmentedRaftLogWorker.java:startLogSegment(380)) - 3d50e2f5-3cb6-49ae-98cc-9a6203b61a63-SegmentedRaftLogWorker:Storage Directory /workdir/hadoop-ozone/integration-test/target/test-dir/MiniOzoneClusterImpl-07260cbc-78d8-43ad-9b31-a55aa369dc3b/datanode-5/data/ratis/98b1a391-4af7-4227-8f6b-446dad0ce589: Starting segment from index:0
2019-09-12 10:17:00,744 [3d50e2f5-3cb6-49ae-98cc-9a6203b61a63:group-85EDA9211BBD:LeaderElection36] INFO  server.RaftServerConfigKeys (ConfUtils.java:logGet(43)) - raft.server.watch.element-limit = 65536 (default)
2019-09-12 10:17:00,744 [ForkJoinPool.commonPool-worker-1] INFO  util.JmxRegister (JmxRegister.java:unregister(73)) - Successfully un-registered JMX Bean with object name Ratis:service=RaftServer,group=group-4C38D87E6F45,id=2c6903b2-bd88-4155-8644-e70f9499caec
2019-09-12 10:17:00,746 [3d50e2f5-3cb6-49ae-98cc-9a6203b61a63:group-85EDA9211BBD:LeaderElection36] INFO  impl.RoleInfo (RoleInfo.java:updateAndGet(143)) - 3d50e2f5-3cb6-49ae-98cc-9a6203b61a63: start LeaderState
2019-09-12 10:17:00,746 [3d50e2f5-3cb6-49ae-98cc-9a6203b61a63:group-446DAD0CE589:LeaderElection35] INFO  impl.RaftServerImpl (ServerState.java:setRaftConf(361)) - 3d50e2f5-3cb6-49ae-98cc-9a6203b61a63:group-446DAD0CE589 set configuration 0: [3d50e2f5-3cb6-49ae-98cc-9a6203b61a63:192.168.157.195:36540], old=null at 0
2019-09-12 10:17:00,745 [main] INFO  impl.RoleInfo (RoleInfo.java:shutdownLeaderState(104)) - 29b8f213-10fb-4d36-bbf5-ca2aa222f4ad: shutdown LeaderState
2019-09-12 10:17:00,780 [3d50e2f5-3cb6-49ae-98cc-9a6203b61a63:group-85EDA9211BBD:LeaderElection36] INFO  segmented.SegmentedRaftLogWorker (SegmentedRaftLogWorker.java:startLogSegment(380)) - 3d50e2f5-3cb6-49ae-98cc-9a6203b61a63-SegmentedRaftLogWorker:Storage Directory /workdir/hadoop-ozone/integration-test/target/test-dir/MiniOzoneClusterImpl-07260cbc-78d8-43ad-9b31-a55aa369dc3b/datanode-5/data/ratis/c49b945f-e4bf-409a-aeb2-85eda9211bbd: Starting segment from index:0
2019-09-12 10:17:00,746 [ForkJoinPool.commonPool-worker-1] INFO  impl.RoleInfo (RoleInfo.java:shutdownLeaderState(104)) - 2c6903b2-bd88-4155-8644-e70f9499caec: shutdown LeaderState
2019-09-12 10:17:00,781 [main] INFO  impl.PendingRequests (PendingRequests.java:sendNotLeaderResponses(202)) - 29b8f213-10fb-4d36-bbf5-ca2aa222f4ad-PendingRequests: sendNotLeaderResponses
2019-09-12 10:17:00,781 | INFO  | SCMAudit | user=jenkins1000 | ip=192.168.157.195 | op=SEND_HEARTBEAT {datanodeUUID=d125a0e9-cc1d-49ad-8efe-65f48e7470f1, command=[]} | ret=SUCCESS |  
2019-09-12 10:17:00,781 [3d50e2f5-3cb6-49ae-98cc-9a6203b61a63:group-85EDA9211BBD:LeaderElection36] INFO  impl.RaftServerImpl (ServerState.java:setRaftConf(361)) - 3d50e2f5-3cb6-49ae-98cc-9a6203b61a63:group-85EDA9211BBD set configuration 0: [3d50e2f5-3cb6-49ae-98cc-9a6203b61a63:192.168.157.195:36540], old=null at 0
2019-09-12 10:17:00,782 [main] INFO  impl.StateMachineUpdater (StateMachineUpdater.java:stopAndJoin(115)) - StateMachineUpdater:29b8f213-10fb-4d36-bbf5-ca2aa222f4ad:group-F65470799111: set stopIndex = 0
2019-09-12 10:17:00,781 [ForkJoinPool.commonPool-worker-1] INFO  impl.PendingRequests (PendingRequests.java:sendNotLeaderResponses(202)) - 2c6903b2-bd88-4155-8644-e70f9499caec-PendingRequests: sendNotLeaderResponses
2019-09-12 10:17:00,813 [main] INFO  impl.RaftServerImpl (ServerState.java:close(394)) - 29b8f213-10fb-4d36-bbf5-ca2aa222f4ad:group-F65470799111 closes. The last applied log index is 0
2019-09-12 10:17:00,811 [3d50e2f5-3cb6-49ae-98cc-9a6203b61a63-SegmentedRaftLogWorker:Storage Directory /workdir/hadoop-ozone/integration-test/target/test-dir/MiniOzoneClusterImpl-07260cbc-78d8-43ad-9b31-a55aa369dc3b/datanode-5/data/ratis/98b1a391-4af7-4227-8f6b-446dad0ce589] INFO  segmented.SegmentedRaftLogWorker (SegmentedRaftLogWorker.java:execute(569)) - 3d50e2f5-3cb6-49ae-98cc-9a6203b61a63-SegmentedRaftLogWorker:Storage Directory /workdir/hadoop-ozone/integration-test/target/test-dir/MiniOzoneClusterImpl-07260cbc-78d8-43ad-9b31-a55aa369dc3b/datanode-5/data/ratis/98b1a391-4af7-4227-8f6b-446dad0ce589: created new log segment /workdir/hadoop-ozone/integration-test/target/test-dir/MiniOzoneClusterImpl-07260cbc-78d8-43ad-9b31-a55aa369dc3b/datanode-5/data/ratis/98b1a391-4af7-4227-8f6b-446dad0ce589/current/log_inprogress_0
2019-09-12 10:17:00,813 [ForkJoinPool.commonPool-worker-1] INFO  impl.StateMachineUpdater (StateMachineUpdater.java:stopAndJoin(115)) - StateMachineUpdater:2c6903b2-bd88-4155-8644-e70f9499caec:group-4C38D87E6F45: set stopIndex = 0
2019-09-12 10:17:00,814 [29b8f213-10fb-4d36-bbf5-ca2aa222f4ad-SegmentedRaftLogWorker:Storage Directory /workdir/hadoop-ozone/integration-test/target/test-dir/MiniOzoneClusterImpl-07260cbc-78d8-43ad-9b31-a55aa369dc3b/datanode-3/data/ratis/6be6fcfe-b5c5-43ac-9eef-f65470799111] INFO  segmented.SegmentedRaftLogWorker (SegmentedRaftLogWorker.java:run(313)) - 29b8f213-10fb-4d36-bbf5-ca2aa222f4ad-SegmentedRaftLogWorker:Storage Directory /workdir/hadoop-ozone/integration-test/target/test-dir/MiniOzoneClusterImpl-07260cbc-78d8-43ad-9b31-a55aa369dc3b/datanode-3/data/ratis/6be6fcfe-b5c5-43ac-9eef-f65470799111 was interrupted, exiting. There are 0 tasks remaining in the queue.
2019-09-12 10:17:00,814 [ForkJoinPool.commonPool-worker-1] INFO  impl.RaftServerImpl (ServerState.java:close(394)) - 2c6903b2-bd88-4155-8644-e70f9499caec:group-4C38D87E6F45 closes. The last applied log index is 0
2019-09-12 10:17:00,816 [main] INFO  segmented.SegmentedRaftLogWorker (SegmentedRaftLogWorker.java:close(228)) - 29b8f213-10fb-4d36-bbf5-ca2aa222f4ad-SegmentedRaftLogWorker:Storage Directory /workdir/hadoop-ozone/integration-test/target/test-dir/MiniOzoneClusterImpl-07260cbc-78d8-43ad-9b31-a55aa369dc3b/datanode-3/data/ratis/6be6fcfe-b5c5-43ac-9eef-f65470799111 close()
2019-09-12 10:17:00,816 [2c6903b2-bd88-4155-8644-e70f9499caec-SegmentedRaftLogWorker:Storage Directory /workdir/hadoop-ozone/integration-test/target/test-dir/MiniOzoneClusterImpl-07260cbc-78d8-43ad-9b31-a55aa369dc3b/datanode-1/data/ratis/542c04a0-7a78-42b7-a095-4c38d87e6f45] INFO  segmented.SegmentedRaftLogWorker (SegmentedRaftLogWorker.java:run(313)) - 2c6903b2-bd88-4155-8644-e70f9499caec-SegmentedRaftLogWorker:Storage Directory /workdir/hadoop-ozone/integration-test/target/test-dir/MiniOzoneClusterImpl-07260cbc-78d8-43ad-9b31-a55aa369dc3b/datanode-1/data/ratis/542c04a0-7a78-42b7-a095-4c38d87e6f45 was interrupted, exiting. There are 0 tasks remaining in the queue.
2019-09-12 10:17:00,819 [ForkJoinPool.commonPool-worker-1] INFO  segmented.SegmentedRaftLogWorker (SegmentedRaftLogWorker.java:close(228)) - 2c6903b2-bd88-4155-8644-e70f9499caec-SegmentedRaftLogWorker:Storage Directory /workdir/hadoop-ozone/integration-test/target/test-dir/MiniOzoneClusterImpl-07260cbc-78d8-43ad-9b31-a55aa369dc3b/datanode-1/data/ratis/542c04a0-7a78-42b7-a095-4c38d87e6f45 close()
2019-09-12 10:17:00,819 [main] INFO  impl.RaftServerImpl (RaftServerImpl.java:lambda$shutdown$3(245)) - 29b8f213-10fb-4d36-bbf5-ca2aa222f4ad: shutdown group-C9B270A4AEC8
2019-09-12 10:17:00,822 [ForkJoinPool.commonPool-worker-1] INFO  impl.RaftServerImpl (RaftServerImpl.java:lambda$shutdown$3(245)) - 2c6903b2-bd88-4155-8644-e70f9499caec: shutdown group-F22099633A39
2019-09-12 10:17:00,822 [main] INFO  util.JmxRegister (JmxRegister.java:unregister(73)) - Successfully un-registered JMX Bean with object name Ratis:service=RaftServer,group=group-C9B270A4AEC8,id=29b8f213-10fb-4d36-bbf5-ca2aa222f4ad
2019-09-12 10:17:00,822 [ForkJoinPool.commonPool-worker-1] INFO  util.JmxRegister (JmxRegister.java:unregister(73)) - Successfully un-registered JMX Bean with object name Ratis:service=RaftServer,group=group-F22099633A39,id=2c6903b2-bd88-4155-8644-e70f9499caec
2019-09-12 10:17:00,823 [main] INFO  impl.RoleInfo (RoleInfo.java:shutdownLeaderState(104)) - 29b8f213-10fb-4d36-bbf5-ca2aa222f4ad: shutdown LeaderState
2019-09-12 10:17:00,823 [ForkJoinPool.commonPool-worker-1] INFO  impl.RoleInfo (RoleInfo.java:shutdownLeaderState(104)) - 2c6903b2-bd88-4155-8644-e70f9499caec: shutdown LeaderState
2019-09-12 10:17:00,823 [main] INFO  impl.PendingRequests (PendingRequests.java:sendNotLeaderResponses(202)) - 29b8f213-10fb-4d36-bbf5-ca2aa222f4ad-PendingRequests: sendNotLeaderResponses
2019-09-12 10:17:00,824 [3d50e2f5-3cb6-49ae-98cc-9a6203b61a63-SegmentedRaftLogWorker:Storage Directory /workdir/hadoop-ozone/integration-test/target/test-dir/MiniOzoneClusterImpl-07260cbc-78d8-43ad-9b31-a55aa369dc3b/datanode-5/data/ratis/c49b945f-e4bf-409a-aeb2-85eda9211bbd] INFO  segmented.SegmentedRaftLogWorker (SegmentedRaftLogWorker.java:execute(569)) - 3d50e2f5-3cb6-49ae-98cc-9a6203b61a63-SegmentedRaftLogWorker:Storage Directory /workdir/hadoop-ozone/integration-test/target/test-dir/MiniOzoneClusterImpl-07260cbc-78d8-43ad-9b31-a55aa369dc3b/datanode-5/data/ratis/c49b945f-e4bf-409a-aeb2-85eda9211bbd: created new log segment /workdir/hadoop-ozone/integration-test/target/test-dir/MiniOzoneClusterImpl-07260cbc-78d8-43ad-9b31-a55aa369dc3b/datanode-5/data/ratis/c49b945f-e4bf-409a-aeb2-85eda9211bbd/current/log_inprogress_0
2019-09-12 10:17:00,824 [ForkJoinPool.commonPool-worker-1] INFO  impl.PendingRequests (PendingRequests.java:sendNotLeaderResponses(202)) - 2c6903b2-bd88-4155-8644-e70f9499caec-PendingRequests: sendNotLeaderResponses
2019-09-12 10:17:00,824 [main] INFO  impl.StateMachineUpdater (StateMachineUpdater.java:stopAndJoin(115)) - StateMachineUpdater:29b8f213-10fb-4d36-bbf5-ca2aa222f4ad:group-C9B270A4AEC8: set stopIndex = 0
2019-09-12 10:17:00,825 [main] INFO  impl.RaftServerImpl (ServerState.java:close(394)) - 29b8f213-10fb-4d36-bbf5-ca2aa222f4ad:group-C9B270A4AEC8 closes. The last applied log index is 0
2019-09-12 10:17:00,824 [ForkJoinPool.commonPool-worker-1] INFO  impl.StateMachineUpdater (StateMachineUpdater.java:stopAndJoin(115)) - StateMachineUpdater:2c6903b2-bd88-4155-8644-e70f9499caec:group-F22099633A39: set stopIndex = 0
2019-09-12 10:17:00,825 [29b8f213-10fb-4d36-bbf5-ca2aa222f4ad-SegmentedRaftLogWorker:Storage Directory /workdir/hadoop-ozone/integration-test/target/test-dir/MiniOzoneClusterImpl-07260cbc-78d8-43ad-9b31-a55aa369dc3b/datanode-3/data/ratis/7460f866-ac49-4847-86ce-c9b270a4aec8] INFO  segmented.SegmentedRaftLogWorker (SegmentedRaftLogWorker.java:run(313)) - 29b8f213-10fb-4d36-bbf5-ca2aa222f4ad-SegmentedRaftLogWorker:Storage Directory /workdir/hadoop-ozone/integration-test/target/test-dir/MiniOzoneClusterImpl-07260cbc-78d8-43ad-9b31-a55aa369dc3b/datanode-3/data/ratis/7460f866-ac49-4847-86ce-c9b270a4aec8 was interrupted, exiting. There are 0 tasks remaining in the queue.
2019-09-12 10:17:00,825 [ForkJoinPool.commonPool-worker-1] INFO  impl.RaftServerImpl (ServerState.java:close(394)) - 2c6903b2-bd88-4155-8644-e70f9499caec:group-F22099633A39 closes. The last applied log index is 0
2019-09-12 10:17:00,827 [main] INFO  segmented.SegmentedRaftLogWorker (SegmentedRaftLogWorker.java:close(228)) - 29b8f213-10fb-4d36-bbf5-ca2aa222f4ad-SegmentedRaftLogWorker:Storage Directory /workdir/hadoop-ozone/integration-test/target/test-dir/MiniOzoneClusterImpl-07260cbc-78d8-43ad-9b31-a55aa369dc3b/datanode-3/data/ratis/7460f866-ac49-4847-86ce-c9b270a4aec8 close()
2019-09-12 10:17:00,827 [2c6903b2-bd88-4155-8644-e70f9499caec-SegmentedRaftLogWorker:Storage Directory /workdir/hadoop-ozone/integration-test/target/test-dir/MiniOzoneClusterImpl-07260cbc-78d8-43ad-9b31-a55aa369dc3b/datanode-1/data/ratis/029eed0e-83b6-452a-b9a1-f22099633a39] INFO  segmented.SegmentedRaftLogWorker (SegmentedRaftLogWorker.java:run(313)) - 2c6903b2-bd88-4155-8644-e70f9499caec-SegmentedRaftLogWorker:Storage Directory /workdir/hadoop-ozone/integration-test/target/test-dir/MiniOzoneClusterImpl-07260cbc-78d8-43ad-9b31-a55aa369dc3b/datanode-1/data/ratis/029eed0e-83b6-452a-b9a1-f22099633a39 was interrupted, exiting. There are 0 tasks remaining in the queue.
2019-09-12 10:17:00,829 [main] INFO  impl.RaftServerImpl (RaftServerImpl.java:lambda$shutdown$3(245)) - 29b8f213-10fb-4d36-bbf5-ca2aa222f4ad: shutdown group-C5520BB5573D
2019-09-12 10:17:00,830 [ForkJoinPool.commonPool-worker-1] INFO  segmented.SegmentedRaftLogWorker (SegmentedRaftLogWorker.java:close(228)) - 2c6903b2-bd88-4155-8644-e70f9499caec-SegmentedRaftLogWorker:Storage Directory /workdir/hadoop-ozone/integration-test/target/test-dir/MiniOzoneClusterImpl-07260cbc-78d8-43ad-9b31-a55aa369dc3b/datanode-1/data/ratis/029eed0e-83b6-452a-b9a1-f22099633a39 close()
2019-09-12 10:17:00,831 [main] INFO  util.JmxRegister (JmxRegister.java:unregister(73)) - Successfully un-registered JMX Bean with object name Ratis:service=RaftServer,group=group-C5520BB5573D,id=29b8f213-10fb-4d36-bbf5-ca2aa222f4ad
2019-09-12 10:17:00,837 [main] INFO  impl.RoleInfo (RoleInfo.java:shutdownLeaderState(104)) - 29b8f213-10fb-4d36-bbf5-ca2aa222f4ad: shutdown LeaderState
2019-09-12 10:17:00,837 [ForkJoinPool.commonPool-worker-1] INFO  impl.RaftServerImpl (RaftServerImpl.java:lambda$shutdown$3(245)) - 2c6903b2-bd88-4155-8644-e70f9499caec: shutdown group-948E980A0DFC
2019-09-12 10:17:00,838 [main] INFO  impl.PendingRequests (PendingRequests.java:sendNotLeaderResponses(202)) - 29b8f213-10fb-4d36-bbf5-ca2aa222f4ad-PendingRequests: sendNotLeaderResponses
2019-09-12 10:17:00,838 [ForkJoinPool.commonPool-worker-1] INFO  util.JmxRegister (JmxRegister.java:unregister(73)) - Successfully un-registered JMX Bean with object name Ratis:service=RaftServer,group=group-948E980A0DFC,id=2c6903b2-bd88-4155-8644-e70f9499caec
2019-09-12 10:17:00,839 [main] INFO  impl.StateMachineUpdater (StateMachineUpdater.java:stopAndJoin(115)) - StateMachineUpdater:29b8f213-10fb-4d36-bbf5-ca2aa222f4ad:group-C5520BB5573D: set stopIndex = 0
2019-09-12 10:17:00,839 [ForkJoinPool.commonPool-worker-1] INFO  impl.RoleInfo (RoleInfo.java:shutdownLeaderState(104)) - 2c6903b2-bd88-4155-8644-e70f9499caec: shutdown LeaderState
2019-09-12 10:17:00,839 [main] INFO  impl.RaftServerImpl (ServerState.java:close(394)) - 29b8f213-10fb-4d36-bbf5-ca2aa222f4ad:group-C5520BB5573D closes. The last applied log index is 0
2019-09-12 10:17:00,839 [ForkJoinPool.commonPool-worker-1] INFO  impl.PendingRequests (PendingRequests.java:sendNotLeaderResponses(202)) - 2c6903b2-bd88-4155-8644-e70f9499caec-PendingRequests: sendNotLeaderResponses
2019-09-12 10:17:00,840 [29b8f213-10fb-4d36-bbf5-ca2aa222f4ad-SegmentedRaftLogWorker:Storage Directory /workdir/hadoop-ozone/integration-test/target/test-dir/MiniOzoneClusterImpl-07260cbc-78d8-43ad-9b31-a55aa369dc3b/datanode-3/data/ratis/7304e0e7-28f7-43da-9d6c-c5520bb5573d] INFO  segmented.SegmentedRaftLogWorker (SegmentedRaftLogWorker.java:run(313)) - 29b8f213-10fb-4d36-bbf5-ca2aa222f4ad-SegmentedRaftLogWorker:Storage Directory /workdir/hadoop-ozone/integration-test/target/test-dir/MiniOzoneClusterImpl-07260cbc-78d8-43ad-9b31-a55aa369dc3b/datanode-3/data/ratis/7304e0e7-28f7-43da-9d6c-c5520bb5573d was interrupted, exiting. There are 0 tasks remaining in the queue.
2019-09-12 10:17:00,840 [ForkJoinPool.commonPool-worker-1] INFO  impl.StateMachineUpdater (StateMachineUpdater.java:stopAndJoin(115)) - StateMachineUpdater:2c6903b2-bd88-4155-8644-e70f9499caec:group-948E980A0DFC: set stopIndex = 0
2019-09-12 10:17:00,840 [main] INFO  segmented.SegmentedRaftLogWorker (SegmentedRaftLogWorker.java:close(228)) - 29b8f213-10fb-4d36-bbf5-ca2aa222f4ad-SegmentedRaftLogWorker:Storage Directory /workdir/hadoop-ozone/integration-test/target/test-dir/MiniOzoneClusterImpl-07260cbc-78d8-43ad-9b31-a55aa369dc3b/datanode-3/data/ratis/7304e0e7-28f7-43da-9d6c-c5520bb5573d close()
2019-09-12 10:17:00,840 [ForkJoinPool.commonPool-worker-1] INFO  impl.RaftServerImpl (ServerState.java:close(394)) - 2c6903b2-bd88-4155-8644-e70f9499caec:group-948E980A0DFC closes. The last applied log index is 0
2019-09-12 10:17:00,842 [2c6903b2-bd88-4155-8644-e70f9499caec-SegmentedRaftLogWorker:Storage Directory /workdir/hadoop-ozone/integration-test/target/test-dir/MiniOzoneClusterImpl-07260cbc-78d8-43ad-9b31-a55aa369dc3b/datanode-1/data/ratis/aeb25633-748d-480e-8bc8-948e980a0dfc] INFO  segmented.SegmentedRaftLogWorker (SegmentedRaftLogWorker.java:run(313)) - 2c6903b2-bd88-4155-8644-e70f9499caec-SegmentedRaftLogWorker:Storage Directory /workdir/hadoop-ozone/integration-test/target/test-dir/MiniOzoneClusterImpl-07260cbc-78d8-43ad-9b31-a55aa369dc3b/datanode-1/data/ratis/aeb25633-748d-480e-8bc8-948e980a0dfc was interrupted, exiting. There are 0 tasks remaining in the queue.
2019-09-12 10:17:00,842 [ForkJoinPool.commonPool-worker-1] INFO  segmented.SegmentedRaftLogWorker (SegmentedRaftLogWorker.java:close(228)) - 2c6903b2-bd88-4155-8644-e70f9499caec-SegmentedRaftLogWorker:Storage Directory /workdir/hadoop-ozone/integration-test/target/test-dir/MiniOzoneClusterImpl-07260cbc-78d8-43ad-9b31-a55aa369dc3b/datanode-1/data/ratis/aeb25633-748d-480e-8bc8-948e980a0dfc close()
2019-09-12 10:17:00,844 [main] INFO  server.GrpcService (GrpcService.java:closeImpl(155)) - 29b8f213-10fb-4d36-bbf5-ca2aa222f4ad: shutdown server with port 38559 now
2019-09-12 10:17:00,844 [ForkJoinPool.commonPool-worker-1] INFO  server.GrpcService (GrpcService.java:closeImpl(155)) - 2c6903b2-bd88-4155-8644-e70f9499caec: shutdown server with port 40334 now
2019-09-12 10:17:00,847 [ForkJoinPool.commonPool-worker-1] INFO  server.GrpcService (GrpcService.java:closeImpl(163)) - 2c6903b2-bd88-4155-8644-e70f9499caec: shutdown server with port 40334 successfully
2019-09-12 10:17:00,848 [main] INFO  server.GrpcService (GrpcService.java:closeImpl(163)) - 29b8f213-10fb-4d36-bbf5-ca2aa222f4ad: shutdown server with port 38559 successfully
2019-09-12 10:17:00,850 [main] INFO  utils.BackgroundService (BackgroundService.java:shutdown(148)) - Shutting down service BlockDeletingService
2019-09-12 10:17:00,852 [refreshUsed-/workdir/hadoop-ozone/integration-test/target/test-dir/MiniOzoneClusterImpl-07260cbc-78d8-43ad-9b31-a55aa369dc3b/datanode-3/data/containers] WARN  fs.CachingGetSpaceUsed (CachingGetSpaceUsed.java:run(183)) - Thread Interrupted waiting to refresh disk information: sleep interrupted
2019-09-12 10:17:00,854 [ForkJoinPool.commonPool-worker-1] INFO  utils.BackgroundService (BackgroundService.java:shutdown(148)) - Shutting down service BlockDeletingService
2019-09-12 10:17:00,857 [refreshUsed-/workdir/hadoop-ozone/integration-test/target/test-dir/MiniOzoneClusterImpl-07260cbc-78d8-43ad-9b31-a55aa369dc3b/datanode-1/data/containers] WARN  fs.CachingGetSpaceUsed (CachingGetSpaceUsed.java:run(183)) - Thread Interrupted waiting to refresh disk information: sleep interrupted
2019-09-12 10:17:00,885 [ForkJoinPool.commonPool-worker-1] INFO  statemachine.DatanodeStateMachine (DatanodeStateMachine.java:stopDaemon(395)) - Ozone container server stopped.
2019-09-12 10:17:00,886 [main] INFO  statemachine.DatanodeStateMachine (DatanodeStateMachine.java:stopDaemon(395)) - Ozone container server stopped.
2019-09-12 10:17:00,890 [ForkJoinPool.commonPool-worker-1] INFO  handler.ContextHandler (ContextHandler.java:doStop(910)) - Stopped o.e.j.w.WebAppContext@2dd1086{/,null,UNAVAILABLE}{/hddsDatanode}
2019-09-12 10:17:00,890 [main] INFO  handler.ContextHandler (ContextHandler.java:doStop(910)) - Stopped o.e.j.w.WebAppContext@4f3356c0{/,null,UNAVAILABLE}{/hddsDatanode}
2019-09-12 10:17:00,891 [ForkJoinPool.commonPool-worker-1] INFO  server.AbstractConnector (AbstractConnector.java:doStop(318)) - Stopped ServerConnector@6b8d54da{HTTP/1.1,[http/1.1]}{0.0.0.0:0}
2019-09-12 10:17:00,891 [main] INFO  server.AbstractConnector (AbstractConnector.java:doStop(318)) - Stopped ServerConnector@586cc15d{HTTP/1.1,[http/1.1]}{0.0.0.0:0}
2019-09-12 10:17:00,892 [ForkJoinPool.commonPool-worker-1] INFO  handler.ContextHandler (ContextHandler.java:doStop(910)) - Stopped o.e.j.s.ServletContextHandler@599a9cb2{/static,jar:file:/home/user/.m2/repository/org/apache/hadoop/hadoop-hdds-container-service/0.5.0-SNAPSHOT/hadoop-hdds-container-service-0.5.0-SNAPSHOT.jar!/webapps/static,UNAVAILABLE}
2019-09-12 10:17:00,892 [main] INFO  handler.ContextHandler (ContextHandler.java:doStop(910)) - Stopped o.e.j.s.ServletContextHandler@7da1e005{/static,jar:file:/home/user/.m2/repository/org/apache/hadoop/hadoop-hdds-container-service/0.5.0-SNAPSHOT/hadoop-hdds-container-service-0.5.0-SNAPSHOT.jar!/webapps/static,UNAVAILABLE}
2019-09-12 10:17:00,894 [ForkJoinPool.commonPool-worker-1] INFO  handler.ContextHandler (ContextHandler.java:doStop(910)) - Stopped o.e.j.s.ServletContextHandler@7a83ccd2{/logs,file:///workdir/hadoop-ozone/integration-test/target/log,UNAVAILABLE}
2019-09-12 10:17:00,894 [main] INFO  handler.ContextHandler (ContextHandler.java:doStop(910)) - Stopped o.e.j.s.ServletContextHandler@6b70d1fb{/logs,file:///workdir/hadoop-ozone/integration-test/target/log,UNAVAILABLE}
2019-09-12 10:17:00,895 [ForkJoinPool.commonPool-worker-1] INFO  datanode.ObjectStoreHandler (ObjectStoreHandler.java:close(155)) - Closing ObjectStoreHandler.
2019-09-12 10:17:00,895 [main] INFO  datanode.ObjectStoreHandler (ObjectStoreHandler.java:close(155)) - Closing ObjectStoreHandler.
2019-09-12 10:17:00,895 [ForkJoinPool.commonPool-worker-1] INFO  ozone.HddsDatanodeService (HddsDatanodeService.java:stop(451)) - Stopped plug-in org.apache.hadoop.ozone.web.OzoneHddsDatanodeService@50bc3219
2019-09-12 10:17:00,895 [main] INFO  ozone.HddsDatanodeService (HddsDatanodeService.java:stop(451)) - Stopped plug-in org.apache.hadoop.ozone.web.OzoneHddsDatanodeService@7e18ced7
2019-09-12 10:17:00,979 [Datanode State Machine Thread - 0] INFO  statemachine.DatanodeStateMachine (DatanodeStateMachine.java:lambda$startDaemon$0(350)) - Ozone container server started.
2019-09-12 10:17:01,212 [Datanode State Machine Thread - 0] INFO  statemachine.DatanodeStateMachine (DatanodeStateMachine.java:lambda$startDaemon$0(350)) - Ozone container server started.
2019-09-12 10:17:01,727 | INFO  | SCMAudit | user=jenkins1000 | ip=192.168.157.195 | op=SEND_HEARTBEAT {datanodeUUID=754318a0-7d43-4de4-9a7a-4e513334fcf8, command=[]} | ret=SUCCESS |  
2019-09-12 10:17:01,781 | INFO  | SCMAudit | user=jenkins1000 | ip=192.168.157.195 | op=SEND_HEARTBEAT {datanodeUUID=d125a0e9-cc1d-49ad-8efe-65f48e7470f1, command=[]} | ret=SUCCESS |  
2019-09-12 10:17:02,728 | INFO  | SCMAudit | user=jenkins1000 | ip=192.168.157.195 | op=SEND_HEARTBEAT {datanodeUUID=754318a0-7d43-4de4-9a7a-4e513334fcf8, command=[]} | ret=SUCCESS |  
2019-09-12 10:17:02,783 | INFO  | SCMAudit | user=jenkins1000 | ip=192.168.157.195 | op=SEND_HEARTBEAT {datanodeUUID=d125a0e9-cc1d-49ad-8efe-65f48e7470f1, command=[]} | ret=SUCCESS |  
2019-09-12 10:17:03,728 | INFO  | SCMAudit | user=jenkins1000 | ip=192.168.157.195 | op=SEND_HEARTBEAT {datanodeUUID=754318a0-7d43-4de4-9a7a-4e513334fcf8, command=[]} | ret=SUCCESS |  
2019-09-12 10:17:03,783 | INFO  | SCMAudit | user=jenkins1000 | ip=192.168.157.195 | op=SEND_HEARTBEAT {datanodeUUID=d125a0e9-cc1d-49ad-8efe-65f48e7470f1, command=[]} | ret=SUCCESS |  
2019-09-12 10:17:04,727 | INFO  | SCMAudit | user=jenkins1000 | ip=192.168.157.195 | op=SEND_HEARTBEAT {datanodeUUID=754318a0-7d43-4de4-9a7a-4e513334fcf8, command=[]} | ret=SUCCESS |  
2019-09-12 10:17:04,783 | INFO  | SCMAudit | user=jenkins1000 | ip=192.168.157.195 | op=SEND_HEARTBEAT {datanodeUUID=d125a0e9-cc1d-49ad-8efe-65f48e7470f1, command=[]} | ret=SUCCESS |  
2019-09-12 10:17:05,728 | INFO  | SCMAudit | user=jenkins1000 | ip=192.168.157.195 | op=SEND_HEARTBEAT {datanodeUUID=754318a0-7d43-4de4-9a7a-4e513334fcf8, command=[]} | ret=SUCCESS |  
2019-09-12 10:17:05,783 | INFO  | SCMAudit | user=jenkins1000 | ip=192.168.157.195 | op=SEND_HEARTBEAT {datanodeUUID=d125a0e9-cc1d-49ad-8efe-65f48e7470f1, command=[]} | ret=SUCCESS |  
2019-09-12 10:17:05,902 [ForkJoinPool.commonPool-worker-1] INFO  ozoneimpl.OzoneContainer (OzoneContainer.java:stop(199)) - Attempting to stop container services.
2019-09-12 10:17:05,902 [main] INFO  ozoneimpl.OzoneContainer (OzoneContainer.java:stop(199)) - Attempting to stop container services.
2019-09-12 10:17:05,903 [ForkJoinPool.commonPool-worker-1] INFO  impl.RaftServerProxy (RaftServerProxy.java:lambda$close$4(314)) - 2ccaf34f-8eeb-4cb8-b9bf-ec796d9a8e8c: close
2019-09-12 10:17:05,904 [main] INFO  impl.RaftServerProxy (RaftServerProxy.java:lambda$close$4(314)) - 3d50e2f5-3cb6-49ae-98cc-9a6203b61a63: close
2019-09-12 10:17:05,904 [ForkJoinPool.commonPool-worker-1] INFO  impl.RaftServerImpl (RaftServerImpl.java:lambda$shutdown$3(245)) - 2ccaf34f-8eeb-4cb8-b9bf-ec796d9a8e8c: shutdown group-BFE2AD019BB3
2019-09-12 10:17:05,905 [main] INFO  impl.RaftServerImpl (RaftServerImpl.java:lambda$shutdown$3(245)) - 3d50e2f5-3cb6-49ae-98cc-9a6203b61a63: shutdown group-DEA9174B45D8
2019-09-12 10:17:05,905 [ForkJoinPool.commonPool-worker-1] INFO  util.JmxRegister (JmxRegister.java:unregister(73)) - Successfully un-registered JMX Bean with object name Ratis:service=RaftServer,group=group-BFE2AD019BB3,id=2ccaf34f-8eeb-4cb8-b9bf-ec796d9a8e8c
2019-09-12 10:17:05,905 [main] INFO  util.JmxRegister (JmxRegister.java:unregister(73)) - Successfully un-registered JMX Bean with object name Ratis:service=RaftServer,group=group-DEA9174B45D8,id=3d50e2f5-3cb6-49ae-98cc-9a6203b61a63
2019-09-12 10:17:05,906 [main] INFO  impl.RoleInfo (RoleInfo.java:shutdownLeaderState(104)) - 3d50e2f5-3cb6-49ae-98cc-9a6203b61a63: shutdown LeaderState
2019-09-12 10:17:05,906 [ForkJoinPool.commonPool-worker-1] INFO  impl.RoleInfo (RoleInfo.java:shutdownLeaderState(104)) - 2ccaf34f-8eeb-4cb8-b9bf-ec796d9a8e8c: shutdown LeaderState
2019-09-12 10:17:05,907 [main] INFO  impl.PendingRequests (PendingRequests.java:sendNotLeaderResponses(202)) - 3d50e2f5-3cb6-49ae-98cc-9a6203b61a63-PendingRequests: sendNotLeaderResponses
2019-09-12 10:17:05,907 [ForkJoinPool.commonPool-worker-1] INFO  impl.PendingRequests (PendingRequests.java:sendNotLeaderResponses(202)) - 2ccaf34f-8eeb-4cb8-b9bf-ec796d9a8e8c-PendingRequests: sendNotLeaderResponses
2019-09-12 10:17:05,908 [main] INFO  impl.StateMachineUpdater (StateMachineUpdater.java:stopAndJoin(115)) - StateMachineUpdater:3d50e2f5-3cb6-49ae-98cc-9a6203b61a63:group-DEA9174B45D8: set stopIndex = 0
2019-09-12 10:17:05,908 [main] INFO  impl.RaftServerImpl (ServerState.java:close(394)) - 3d50e2f5-3cb6-49ae-98cc-9a6203b61a63:group-DEA9174B45D8 closes. The last applied log index is 0
2019-09-12 10:17:05,908 [ForkJoinPool.commonPool-worker-1] INFO  impl.StateMachineUpdater (StateMachineUpdater.java:stopAndJoin(115)) - StateMachineUpdater:2ccaf34f-8eeb-4cb8-b9bf-ec796d9a8e8c:group-BFE2AD019BB3: set stopIndex = 0
2019-09-12 10:17:05,909 [3d50e2f5-3cb6-49ae-98cc-9a6203b61a63-SegmentedRaftLogWorker:Storage Directory /workdir/hadoop-ozone/integration-test/target/test-dir/MiniOzoneClusterImpl-07260cbc-78d8-43ad-9b31-a55aa369dc3b/datanode-5/data/ratis/17332f18-8ff2-4598-bb8a-dea9174b45d8] INFO  segmented.SegmentedRaftLogWorker (SegmentedRaftLogWorker.java:run(313)) - 3d50e2f5-3cb6-49ae-98cc-9a6203b61a63-SegmentedRaftLogWorker:Storage Directory /workdir/hadoop-ozone/integration-test/target/test-dir/MiniOzoneClusterImpl-07260cbc-78d8-43ad-9b31-a55aa369dc3b/datanode-5/data/ratis/17332f18-8ff2-4598-bb8a-dea9174b45d8 was interrupted, exiting. There are 0 tasks remaining in the queue.
2019-09-12 10:17:05,909 [ForkJoinPool.commonPool-worker-1] INFO  impl.RaftServerImpl (ServerState.java:close(394)) - 2ccaf34f-8eeb-4cb8-b9bf-ec796d9a8e8c:group-BFE2AD019BB3 closes. The last applied log index is 0
2019-09-12 10:17:05,910 [main] INFO  segmented.SegmentedRaftLogWorker (SegmentedRaftLogWorker.java:close(228)) - 3d50e2f5-3cb6-49ae-98cc-9a6203b61a63-SegmentedRaftLogWorker:Storage Directory /workdir/hadoop-ozone/integration-test/target/test-dir/MiniOzoneClusterImpl-07260cbc-78d8-43ad-9b31-a55aa369dc3b/datanode-5/data/ratis/17332f18-8ff2-4598-bb8a-dea9174b45d8 close()
2019-09-12 10:17:05,910 [2ccaf34f-8eeb-4cb8-b9bf-ec796d9a8e8c-SegmentedRaftLogWorker:Storage Directory /workdir/hadoop-ozone/integration-test/target/test-dir/MiniOzoneClusterImpl-07260cbc-78d8-43ad-9b31-a55aa369dc3b/datanode-2/data/ratis/deeb06cb-48ca-47f3-bc1e-bfe2ad019bb3] INFO  segmented.SegmentedRaftLogWorker (SegmentedRaftLogWorker.java:run(313)) - 2ccaf34f-8eeb-4cb8-b9bf-ec796d9a8e8c-SegmentedRaftLogWorker:Storage Directory /workdir/hadoop-ozone/integration-test/target/test-dir/MiniOzoneClusterImpl-07260cbc-78d8-43ad-9b31-a55aa369dc3b/datanode-2/data/ratis/deeb06cb-48ca-47f3-bc1e-bfe2ad019bb3 was interrupted, exiting. There are 0 tasks remaining in the queue.
2019-09-12 10:17:05,912 [main] INFO  impl.RaftServerImpl (RaftServerImpl.java:lambda$shutdown$3(245)) - 3d50e2f5-3cb6-49ae-98cc-9a6203b61a63: shutdown group-85EDA9211BBD
2019-09-12 10:17:05,912 [ForkJoinPool.commonPool-worker-1] INFO  segmented.SegmentedRaftLogWorker (SegmentedRaftLogWorker.java:close(228)) - 2ccaf34f-8eeb-4cb8-b9bf-ec796d9a8e8c-SegmentedRaftLogWorker:Storage Directory /workdir/hadoop-ozone/integration-test/target/test-dir/MiniOzoneClusterImpl-07260cbc-78d8-43ad-9b31-a55aa369dc3b/datanode-2/data/ratis/deeb06cb-48ca-47f3-bc1e-bfe2ad019bb3 close()
2019-09-12 10:17:05,913 [main] INFO  util.JmxRegister (JmxRegister.java:unregister(73)) - Successfully un-registered JMX Bean with object name Ratis:service=RaftServer,group=group-85EDA9211BBD,id=3d50e2f5-3cb6-49ae-98cc-9a6203b61a63
2019-09-12 10:17:05,915 [ForkJoinPool.commonPool-worker-1] INFO  impl.RaftServerImpl (RaftServerImpl.java:lambda$shutdown$3(245)) - 2ccaf34f-8eeb-4cb8-b9bf-ec796d9a8e8c: shutdown group-A08909E222BC
2019-09-12 10:17:05,915 [main] INFO  impl.RoleInfo (RoleInfo.java:shutdownLeaderState(104)) - 3d50e2f5-3cb6-49ae-98cc-9a6203b61a63: shutdown LeaderState
2019-09-12 10:17:05,915 [ForkJoinPool.commonPool-worker-1] INFO  util.JmxRegister (JmxRegister.java:unregister(73)) - Successfully un-registered JMX Bean with object name Ratis:service=RaftServer,group=group-A08909E222BC,id=2ccaf34f-8eeb-4cb8-b9bf-ec796d9a8e8c
2019-09-12 10:17:05,916 [main] INFO  impl.PendingRequests (PendingRequests.java:sendNotLeaderResponses(202)) - 3d50e2f5-3cb6-49ae-98cc-9a6203b61a63-PendingRequests: sendNotLeaderResponses
2019-09-12 10:17:05,916 [ForkJoinPool.commonPool-worker-1] INFO  impl.RoleInfo (RoleInfo.java:shutdownLeaderState(104)) - 2ccaf34f-8eeb-4cb8-b9bf-ec796d9a8e8c: shutdown LeaderState
2019-09-12 10:17:05,917 [main] INFO  impl.StateMachineUpdater (StateMachineUpdater.java:stopAndJoin(115)) - StateMachineUpdater:3d50e2f5-3cb6-49ae-98cc-9a6203b61a63:group-85EDA9211BBD: set stopIndex = 0
2019-09-12 10:17:05,917 [ForkJoinPool.commonPool-worker-1] INFO  impl.PendingRequests (PendingRequests.java:sendNotLeaderResponses(202)) - 2ccaf34f-8eeb-4cb8-b9bf-ec796d9a8e8c-PendingRequests: sendNotLeaderResponses
2019-09-12 10:17:05,917 [main] INFO  impl.RaftServerImpl (ServerState.java:close(394)) - 3d50e2f5-3cb6-49ae-98cc-9a6203b61a63:group-85EDA9211BBD closes. The last applied log index is 0
2019-09-12 10:17:05,918 [ForkJoinPool.commonPool-worker-1] INFO  impl.StateMachineUpdater (StateMachineUpdater.java:stopAndJoin(115)) - StateMachineUpdater:2ccaf34f-8eeb-4cb8-b9bf-ec796d9a8e8c:group-A08909E222BC: set stopIndex = 0
2019-09-12 10:17:05,918 [3d50e2f5-3cb6-49ae-98cc-9a6203b61a63-SegmentedRaftLogWorker:Storage Directory /workdir/hadoop-ozone/integration-test/target/test-dir/MiniOzoneClusterImpl-07260cbc-78d8-43ad-9b31-a55aa369dc3b/datanode-5/data/ratis/c49b945f-e4bf-409a-aeb2-85eda9211bbd] INFO  segmented.SegmentedRaftLogWorker (SegmentedRaftLogWorker.java:run(313)) - 3d50e2f5-3cb6-49ae-98cc-9a6203b61a63-SegmentedRaftLogWorker:Storage Directory /workdir/hadoop-ozone/integration-test/target/test-dir/MiniOzoneClusterImpl-07260cbc-78d8-43ad-9b31-a55aa369dc3b/datanode-5/data/ratis/c49b945f-e4bf-409a-aeb2-85eda9211bbd was interrupted, exiting. There are 0 tasks remaining in the queue.
2019-09-12 10:17:05,918 [ForkJoinPool.commonPool-worker-1] INFO  impl.RaftServerImpl (ServerState.java:close(394)) - 2ccaf34f-8eeb-4cb8-b9bf-ec796d9a8e8c:group-A08909E222BC closes. The last applied log index is 0
2019-09-12 10:17:05,920 [main] INFO  segmented.SegmentedRaftLogWorker (SegmentedRaftLogWorker.java:close(228)) - 3d50e2f5-3cb6-49ae-98cc-9a6203b61a63-SegmentedRaftLogWorker:Storage Directory /workdir/hadoop-ozone/integration-test/target/test-dir/MiniOzoneClusterImpl-07260cbc-78d8-43ad-9b31-a55aa369dc3b/datanode-5/data/ratis/c49b945f-e4bf-409a-aeb2-85eda9211bbd close()
2019-09-12 10:17:05,920 [2ccaf34f-8eeb-4cb8-b9bf-ec796d9a8e8c-SegmentedRaftLogWorker:Storage Directory /workdir/hadoop-ozone/integration-test/target/test-dir/MiniOzoneClusterImpl-07260cbc-78d8-43ad-9b31-a55aa369dc3b/datanode-2/data/ratis/26e92793-c85c-4b71-9682-a08909e222bc] INFO  segmented.SegmentedRaftLogWorker (SegmentedRaftLogWorker.java:run(313)) - 2ccaf34f-8eeb-4cb8-b9bf-ec796d9a8e8c-SegmentedRaftLogWorker:Storage Directory /workdir/hadoop-ozone/integration-test/target/test-dir/MiniOzoneClusterImpl-07260cbc-78d8-43ad-9b31-a55aa369dc3b/datanode-2/data/ratis/26e92793-c85c-4b71-9682-a08909e222bc was interrupted, exiting. There are 0 tasks remaining in the queue.
2019-09-12 10:17:05,922 [main] INFO  impl.RaftServerImpl (RaftServerImpl.java:lambda$shutdown$3(245)) - 3d50e2f5-3cb6-49ae-98cc-9a6203b61a63: shutdown group-446DAD0CE589
2019-09-12 10:17:05,923 [ForkJoinPool.commonPool-worker-1] INFO  segmented.SegmentedRaftLogWorker (SegmentedRaftLogWorker.java:close(228)) - 2ccaf34f-8eeb-4cb8-b9bf-ec796d9a8e8c-SegmentedRaftLogWorker:Storage Directory /workdir/hadoop-ozone/integration-test/target/test-dir/MiniOzoneClusterImpl-07260cbc-78d8-43ad-9b31-a55aa369dc3b/datanode-2/data/ratis/26e92793-c85c-4b71-9682-a08909e222bc close()
2019-09-12 10:17:05,923 [main] INFO  util.JmxRegister (JmxRegister.java:unregister(73)) - Successfully un-registered JMX Bean with object name Ratis:service=RaftServer,group=group-446DAD0CE589,id=3d50e2f5-3cb6-49ae-98cc-9a6203b61a63
2019-09-12 10:17:05,925 [ForkJoinPool.commonPool-worker-1] INFO  impl.RaftServerImpl (RaftServerImpl.java:lambda$shutdown$3(245)) - 2ccaf34f-8eeb-4cb8-b9bf-ec796d9a8e8c: shutdown group-B081C38BA180
2019-09-12 10:17:05,925 [main] INFO  impl.RoleInfo (RoleInfo.java:shutdownLeaderState(104)) - 3d50e2f5-3cb6-49ae-98cc-9a6203b61a63: shutdown LeaderState
2019-09-12 10:17:05,925 [ForkJoinPool.commonPool-worker-1] INFO  util.JmxRegister (JmxRegister.java:unregister(73)) - Successfully un-registered JMX Bean with object name Ratis:service=RaftServer,group=group-B081C38BA180,id=2ccaf34f-8eeb-4cb8-b9bf-ec796d9a8e8c
2019-09-12 10:17:05,926 [main] INFO  impl.PendingRequests (PendingRequests.java:sendNotLeaderResponses(202)) - 3d50e2f5-3cb6-49ae-98cc-9a6203b61a63-PendingRequests: sendNotLeaderResponses
2019-09-12 10:17:05,926 [ForkJoinPool.commonPool-worker-1] INFO  impl.RoleInfo (RoleInfo.java:shutdownLeaderState(104)) - 2ccaf34f-8eeb-4cb8-b9bf-ec796d9a8e8c: shutdown LeaderState
2019-09-12 10:17:05,926 [main] INFO  impl.StateMachineUpdater (StateMachineUpdater.java:stopAndJoin(115)) - StateMachineUpdater:3d50e2f5-3cb6-49ae-98cc-9a6203b61a63:group-446DAD0CE589: set stopIndex = 0
2019-09-12 10:17:05,927 [ForkJoinPool.commonPool-worker-1] INFO  impl.PendingRequests (PendingRequests.java:sendNotLeaderResponses(202)) - 2ccaf34f-8eeb-4cb8-b9bf-ec796d9a8e8c-PendingRequests: sendNotLeaderResponses
2019-09-12 10:17:05,927 [main] INFO  impl.RaftServerImpl (ServerState.java:close(394)) - 3d50e2f5-3cb6-49ae-98cc-9a6203b61a63:group-446DAD0CE589 closes. The last applied log index is 0
2019-09-12 10:17:05,928 [ForkJoinPool.commonPool-worker-1] INFO  impl.StateMachineUpdater (StateMachineUpdater.java:stopAndJoin(115)) - StateMachineUpdater:2ccaf34f-8eeb-4cb8-b9bf-ec796d9a8e8c:group-B081C38BA180: set stopIndex = 0
2019-09-12 10:17:05,928 [3d50e2f5-3cb6-49ae-98cc-9a6203b61a63-SegmentedRaftLogWorker:Storage Directory /workdir/hadoop-ozone/integration-test/target/test-dir/MiniOzoneClusterImpl-07260cbc-78d8-43ad-9b31-a55aa369dc3b/datanode-5/data/ratis/98b1a391-4af7-4227-8f6b-446dad0ce589] INFO  segmented.SegmentedRaftLogWorker (SegmentedRaftLogWorker.java:run(313)) - 3d50e2f5-3cb6-49ae-98cc-9a6203b61a63-SegmentedRaftLogWorker:Storage Directory /workdir/hadoop-ozone/integration-test/target/test-dir/MiniOzoneClusterImpl-07260cbc-78d8-43ad-9b31-a55aa369dc3b/datanode-5/data/ratis/98b1a391-4af7-4227-8f6b-446dad0ce589 was interrupted, exiting. There are 0 tasks remaining in the queue.
2019-09-12 10:17:05,928 [ForkJoinPool.commonPool-worker-1] INFO  impl.RaftServerImpl (ServerState.java:close(394)) - 2ccaf34f-8eeb-4cb8-b9bf-ec796d9a8e8c:group-B081C38BA180 closes. The last applied log index is 0
2019-09-12 10:17:05,929 [main] INFO  segmented.SegmentedRaftLogWorker (SegmentedRaftLogWorker.java:close(228)) - 3d50e2f5-3cb6-49ae-98cc-9a6203b61a63-SegmentedRaftLogWorker:Storage Directory /workdir/hadoop-ozone/integration-test/target/test-dir/MiniOzoneClusterImpl-07260cbc-78d8-43ad-9b31-a55aa369dc3b/datanode-5/data/ratis/98b1a391-4af7-4227-8f6b-446dad0ce589 close()
2019-09-12 10:17:05,929 [2ccaf34f-8eeb-4cb8-b9bf-ec796d9a8e8c-SegmentedRaftLogWorker:Storage Directory /workdir/hadoop-ozone/integration-test/target/test-dir/MiniOzoneClusterImpl-07260cbc-78d8-43ad-9b31-a55aa369dc3b/datanode-2/data/ratis/7544252b-6fe2-4a43-835f-b081c38ba180] INFO  segmented.SegmentedRaftLogWorker (SegmentedRaftLogWorker.java:run(313)) - 2ccaf34f-8eeb-4cb8-b9bf-ec796d9a8e8c-SegmentedRaftLogWorker:Storage Directory /workdir/hadoop-ozone/integration-test/target/test-dir/MiniOzoneClusterImpl-07260cbc-78d8-43ad-9b31-a55aa369dc3b/datanode-2/data/ratis/7544252b-6fe2-4a43-835f-b081c38ba180 was interrupted, exiting. There are 0 tasks remaining in the queue.
2019-09-12 10:17:05,931 [main] INFO  impl.RaftServerImpl (RaftServerImpl.java:lambda$shutdown$3(245)) - 3d50e2f5-3cb6-49ae-98cc-9a6203b61a63: shutdown group-043E025590A1
2019-09-12 10:17:05,931 [ForkJoinPool.commonPool-worker-1] INFO  segmented.SegmentedRaftLogWorker (SegmentedRaftLogWorker.java:close(228)) - 2ccaf34f-8eeb-4cb8-b9bf-ec796d9a8e8c-SegmentedRaftLogWorker:Storage Directory /workdir/hadoop-ozone/integration-test/target/test-dir/MiniOzoneClusterImpl-07260cbc-78d8-43ad-9b31-a55aa369dc3b/datanode-2/data/ratis/7544252b-6fe2-4a43-835f-b081c38ba180 close()
2019-09-12 10:17:05,931 [main] INFO  util.JmxRegister (JmxRegister.java:unregister(73)) - Successfully un-registered JMX Bean with object name Ratis:service=RaftServer,group=group-043E025590A1,id=3d50e2f5-3cb6-49ae-98cc-9a6203b61a63
2019-09-12 10:17:05,933 [main] INFO  impl.RoleInfo (RoleInfo.java:shutdownLeaderState(104)) - 3d50e2f5-3cb6-49ae-98cc-9a6203b61a63: shutdown LeaderState
2019-09-12 10:17:05,933 [ForkJoinPool.commonPool-worker-1] INFO  impl.RaftServerImpl (RaftServerImpl.java:lambda$shutdown$3(245)) - 2ccaf34f-8eeb-4cb8-b9bf-ec796d9a8e8c: shutdown group-809AA36F1D90
2019-09-12 10:17:05,934 [main] INFO  impl.PendingRequests (PendingRequests.java:sendNotLeaderResponses(202)) - 3d50e2f5-3cb6-49ae-98cc-9a6203b61a63-PendingRequests: sendNotLeaderResponses
2019-09-12 10:17:05,934 [ForkJoinPool.commonPool-worker-1] INFO  util.JmxRegister (JmxRegister.java:unregister(73)) - Successfully un-registered JMX Bean with object name Ratis:service=RaftServer,group=group-809AA36F1D90,id=2ccaf34f-8eeb-4cb8-b9bf-ec796d9a8e8c
2019-09-12 10:17:05,934 [main] INFO  impl.StateMachineUpdater (StateMachineUpdater.java:stopAndJoin(115)) - StateMachineUpdater:3d50e2f5-3cb6-49ae-98cc-9a6203b61a63:group-043E025590A1: set stopIndex = 0
2019-09-12 10:17:05,935 [main] INFO  impl.RaftServerImpl (ServerState.java:close(394)) - 3d50e2f5-3cb6-49ae-98cc-9a6203b61a63:group-043E025590A1 closes. The last applied log index is 0
2019-09-12 10:17:05,935 [ForkJoinPool.commonPool-worker-1] INFO  impl.RoleInfo (RoleInfo.java:shutdownLeaderState(104)) - 2ccaf34f-8eeb-4cb8-b9bf-ec796d9a8e8c: shutdown LeaderState
2019-09-12 10:17:05,936 [3d50e2f5-3cb6-49ae-98cc-9a6203b61a63-SegmentedRaftLogWorker:Storage Directory /workdir/hadoop-ozone/integration-test/target/test-dir/MiniOzoneClusterImpl-07260cbc-78d8-43ad-9b31-a55aa369dc3b/datanode-5/data/ratis/5b570526-42de-444e-8b21-043e025590a1] INFO  segmented.SegmentedRaftLogWorker (SegmentedRaftLogWorker.java:run(313)) - 3d50e2f5-3cb6-49ae-98cc-9a6203b61a63-SegmentedRaftLogWorker:Storage Directory /workdir/hadoop-ozone/integration-test/target/test-dir/MiniOzoneClusterImpl-07260cbc-78d8-43ad-9b31-a55aa369dc3b/datanode-5/data/ratis/5b570526-42de-444e-8b21-043e025590a1 was interrupted, exiting. There are 0 tasks remaining in the queue.
2019-09-12 10:17:05,936 [ForkJoinPool.commonPool-worker-1] INFO  impl.PendingRequests (PendingRequests.java:sendNotLeaderResponses(202)) - 2ccaf34f-8eeb-4cb8-b9bf-ec796d9a8e8c-PendingRequests: sendNotLeaderResponses
2019-09-12 10:17:05,936 [main] INFO  segmented.SegmentedRaftLogWorker (SegmentedRaftLogWorker.java:close(228)) - 3d50e2f5-3cb6-49ae-98cc-9a6203b61a63-SegmentedRaftLogWorker:Storage Directory /workdir/hadoop-ozone/integration-test/target/test-dir/MiniOzoneClusterImpl-07260cbc-78d8-43ad-9b31-a55aa369dc3b/datanode-5/data/ratis/5b570526-42de-444e-8b21-043e025590a1 close()
2019-09-12 10:17:05,936 [ForkJoinPool.commonPool-worker-1] INFO  impl.StateMachineUpdater (StateMachineUpdater.java:stopAndJoin(115)) - StateMachineUpdater:2ccaf34f-8eeb-4cb8-b9bf-ec796d9a8e8c:group-809AA36F1D90: set stopIndex = 0
2019-09-12 10:17:05,938 [main] INFO  impl.RaftServerImpl (RaftServerImpl.java:lambda$shutdown$3(245)) - 3d50e2f5-3cb6-49ae-98cc-9a6203b61a63: shutdown group-2E29F18B0534
2019-09-12 10:17:05,939 [ForkJoinPool.commonPool-worker-1] INFO  impl.RaftServerImpl (ServerState.java:close(394)) - 2ccaf34f-8eeb-4cb8-b9bf-ec796d9a8e8c:group-809AA36F1D90 closes. The last applied log index is 0
2019-09-12 10:17:05,939 [main] INFO  util.JmxRegister (JmxRegister.java:unregister(73)) - Successfully un-registered JMX Bean with object name Ratis:service=RaftServer,group=group-2E29F18B0534,id=3d50e2f5-3cb6-49ae-98cc-9a6203b61a63
2019-09-12 10:17:05,939 [2ccaf34f-8eeb-4cb8-b9bf-ec796d9a8e8c-SegmentedRaftLogWorker:Storage Directory /workdir/hadoop-ozone/integration-test/target/test-dir/MiniOzoneClusterImpl-07260cbc-78d8-43ad-9b31-a55aa369dc3b/datanode-2/data/ratis/7efd8472-e19a-485d-b540-809aa36f1d90] INFO  segmented.SegmentedRaftLogWorker (SegmentedRaftLogWorker.java:run(313)) - 2ccaf34f-8eeb-4cb8-b9bf-ec796d9a8e8c-SegmentedRaftLogWorker:Storage Directory /workdir/hadoop-ozone/integration-test/target/test-dir/MiniOzoneClusterImpl-07260cbc-78d8-43ad-9b31-a55aa369dc3b/datanode-2/data/ratis/7efd8472-e19a-485d-b540-809aa36f1d90 was interrupted, exiting. There are 0 tasks remaining in the queue.
2019-09-12 10:17:05,940 [main] INFO  impl.RoleInfo (RoleInfo.java:shutdownLeaderState(104)) - 3d50e2f5-3cb6-49ae-98cc-9a6203b61a63: shutdown LeaderState
2019-09-12 10:17:05,940 [ForkJoinPool.commonPool-worker-1] INFO  segmented.SegmentedRaftLogWorker (SegmentedRaftLogWorker.java:close(228)) - 2ccaf34f-8eeb-4cb8-b9bf-ec796d9a8e8c-SegmentedRaftLogWorker:Storage Directory /workdir/hadoop-ozone/integration-test/target/test-dir/MiniOzoneClusterImpl-07260cbc-78d8-43ad-9b31-a55aa369dc3b/datanode-2/data/ratis/7efd8472-e19a-485d-b540-809aa36f1d90 close()
2019-09-12 10:17:05,940 [main] INFO  impl.PendingRequests (PendingRequests.java:sendNotLeaderResponses(202)) - 3d50e2f5-3cb6-49ae-98cc-9a6203b61a63-PendingRequests: sendNotLeaderResponses
2019-09-12 10:17:05,950 [ForkJoinPool.commonPool-worker-1] INFO  impl.RaftServerImpl (RaftServerImpl.java:lambda$shutdown$3(245)) - 2ccaf34f-8eeb-4cb8-b9bf-ec796d9a8e8c: shutdown group-8F5818C93268
2019-09-12 10:17:05,950 [main] INFO  impl.StateMachineUpdater (StateMachineUpdater.java:stopAndJoin(115)) - StateMachineUpdater:3d50e2f5-3cb6-49ae-98cc-9a6203b61a63:group-2E29F18B0534: set stopIndex = 0
2019-09-12 10:17:05,951 [main] INFO  impl.RaftServerImpl (ServerState.java:close(394)) - 3d50e2f5-3cb6-49ae-98cc-9a6203b61a63:group-2E29F18B0534 closes. The last applied log index is 0
2019-09-12 10:17:05,951 [ForkJoinPool.commonPool-worker-1] INFO  util.JmxRegister (JmxRegister.java:unregister(73)) - Successfully un-registered JMX Bean with object name Ratis:service=RaftServer,group=group-8F5818C93268,id=2ccaf34f-8eeb-4cb8-b9bf-ec796d9a8e8c
2019-09-12 10:17:05,952 [3d50e2f5-3cb6-49ae-98cc-9a6203b61a63-SegmentedRaftLogWorker:Storage Directory /workdir/hadoop-ozone/integration-test/target/test-dir/MiniOzoneClusterImpl-07260cbc-78d8-43ad-9b31-a55aa369dc3b/datanode-5/data/ratis/06d2a6e7-a225-4808-b1f2-2e29f18b0534] INFO  segmented.SegmentedRaftLogWorker (SegmentedRaftLogWorker.java:run(313)) - 3d50e2f5-3cb6-49ae-98cc-9a6203b61a63-SegmentedRaftLogWorker:Storage Directory /workdir/hadoop-ozone/integration-test/target/test-dir/MiniOzoneClusterImpl-07260cbc-78d8-43ad-9b31-a55aa369dc3b/datanode-5/data/ratis/06d2a6e7-a225-4808-b1f2-2e29f18b0534 was interrupted, exiting. There are 0 tasks remaining in the queue.
2019-09-12 10:17:05,952 [ForkJoinPool.commonPool-worker-1] INFO  impl.RoleInfo (RoleInfo.java:shutdownLeaderState(104)) - 2ccaf34f-8eeb-4cb8-b9bf-ec796d9a8e8c: shutdown LeaderState
2019-09-12 10:17:05,952 [main] INFO  segmented.SegmentedRaftLogWorker (SegmentedRaftLogWorker.java:close(228)) - 3d50e2f5-3cb6-49ae-98cc-9a6203b61a63-SegmentedRaftLogWorker:Storage Directory /workdir/hadoop-ozone/integration-test/target/test-dir/MiniOzoneClusterImpl-07260cbc-78d8-43ad-9b31-a55aa369dc3b/datanode-5/data/ratis/06d2a6e7-a225-4808-b1f2-2e29f18b0534 close()
2019-09-12 10:17:05,952 [ForkJoinPool.commonPool-worker-1] INFO  impl.PendingRequests (PendingRequests.java:sendNotLeaderResponses(202)) - 2ccaf34f-8eeb-4cb8-b9bf-ec796d9a8e8c-PendingRequests: sendNotLeaderResponses
2019-09-12 10:17:05,953 [main] INFO  impl.RaftServerImpl (RaftServerImpl.java:lambda$shutdown$3(245)) - 3d50e2f5-3cb6-49ae-98cc-9a6203b61a63: shutdown group-47DAA9A4FF60
2019-09-12 10:17:05,953 [ForkJoinPool.commonPool-worker-1] INFO  impl.StateMachineUpdater (StateMachineUpdater.java:stopAndJoin(115)) - StateMachineUpdater:2ccaf34f-8eeb-4cb8-b9bf-ec796d9a8e8c:group-8F5818C93268: set stopIndex = 0
2019-09-12 10:17:05,954 [main] INFO  util.JmxRegister (JmxRegister.java:unregister(73)) - Successfully un-registered JMX Bean with object name Ratis:service=RaftServer,group=group-47DAA9A4FF60,id=3d50e2f5-3cb6-49ae-98cc-9a6203b61a63
2019-09-12 10:17:05,954 [ForkJoinPool.commonPool-worker-1] INFO  impl.RaftServerImpl (ServerState.java:close(394)) - 2ccaf34f-8eeb-4cb8-b9bf-ec796d9a8e8c:group-8F5818C93268 closes. The last applied log index is 0
2019-09-12 10:17:05,954 [main] INFO  impl.RoleInfo (RoleInfo.java:shutdownLeaderState(104)) - 3d50e2f5-3cb6-49ae-98cc-9a6203b61a63: shutdown LeaderState
2019-09-12 10:17:05,955 [2ccaf34f-8eeb-4cb8-b9bf-ec796d9a8e8c-SegmentedRaftLogWorker:Storage Directory /workdir/hadoop-ozone/integration-test/target/test-dir/MiniOzoneClusterImpl-07260cbc-78d8-43ad-9b31-a55aa369dc3b/datanode-2/data/ratis/482fe7d5-bf00-47b6-9288-8f5818c93268] INFO  segmented.SegmentedRaftLogWorker (SegmentedRaftLogWorker.java:run(313)) - 2ccaf34f-8eeb-4cb8-b9bf-ec796d9a8e8c-SegmentedRaftLogWorker:Storage Directory /workdir/hadoop-ozone/integration-test/target/test-dir/MiniOzoneClusterImpl-07260cbc-78d8-43ad-9b31-a55aa369dc3b/datanode-2/data/ratis/482fe7d5-bf00-47b6-9288-8f5818c93268 was interrupted, exiting. There are 0 tasks remaining in the queue.
2019-09-12 10:17:05,955 [main] INFO  impl.PendingRequests (PendingRequests.java:sendNotLeaderResponses(202)) - 3d50e2f5-3cb6-49ae-98cc-9a6203b61a63-PendingRequests: sendNotLeaderResponses
2019-09-12 10:17:05,955 [ForkJoinPool.commonPool-worker-1] INFO  segmented.SegmentedRaftLogWorker (SegmentedRaftLogWorker.java:close(228)) - 2ccaf34f-8eeb-4cb8-b9bf-ec796d9a8e8c-SegmentedRaftLogWorker:Storage Directory /workdir/hadoop-ozone/integration-test/target/test-dir/MiniOzoneClusterImpl-07260cbc-78d8-43ad-9b31-a55aa369dc3b/datanode-2/data/ratis/482fe7d5-bf00-47b6-9288-8f5818c93268 close()
2019-09-12 10:17:05,956 [main] INFO  impl.StateMachineUpdater (StateMachineUpdater.java:stopAndJoin(115)) - StateMachineUpdater:3d50e2f5-3cb6-49ae-98cc-9a6203b61a63:group-47DAA9A4FF60: set stopIndex = 0
2019-09-12 10:17:05,956 [ForkJoinPool.commonPool-worker-1] INFO  impl.RaftServerImpl (RaftServerImpl.java:lambda$shutdown$3(245)) - 2ccaf34f-8eeb-4cb8-b9bf-ec796d9a8e8c: shutdown group-17C70005F625
2019-09-12 10:17:05,956 [main] INFO  impl.RaftServerImpl (ServerState.java:close(394)) - 3d50e2f5-3cb6-49ae-98cc-9a6203b61a63:group-47DAA9A4FF60 closes. The last applied log index is 0
2019-09-12 10:17:05,957 [ForkJoinPool.commonPool-worker-1] INFO  util.JmxRegister (JmxRegister.java:unregister(73)) - Successfully un-registered JMX Bean with object name Ratis:service=RaftServer,group=group-17C70005F625,id=2ccaf34f-8eeb-4cb8-b9bf-ec796d9a8e8c
2019-09-12 10:17:05,957 [3d50e2f5-3cb6-49ae-98cc-9a6203b61a63-SegmentedRaftLogWorker:Storage Directory /workdir/hadoop-ozone/integration-test/target/test-dir/MiniOzoneClusterImpl-07260cbc-78d8-43ad-9b31-a55aa369dc3b/datanode-5/data/ratis/f3e8d305-afe2-46aa-aa34-47daa9a4ff60] INFO  segmented.SegmentedRaftLogWorker (SegmentedRaftLogWorker.java:run(313)) - 3d50e2f5-3cb6-49ae-98cc-9a6203b61a63-SegmentedRaftLogWorker:Storage Directory /workdir/hadoop-ozone/integration-test/target/test-dir/MiniOzoneClusterImpl-07260cbc-78d8-43ad-9b31-a55aa369dc3b/datanode-5/data/ratis/f3e8d305-afe2-46aa-aa34-47daa9a4ff60 was interrupted, exiting. There are 0 tasks remaining in the queue.
2019-09-12 10:17:05,957 [ForkJoinPool.commonPool-worker-1] INFO  impl.RoleInfo (RoleInfo.java:shutdownLeaderState(104)) - 2ccaf34f-8eeb-4cb8-b9bf-ec796d9a8e8c: shutdown LeaderState
2019-09-12 10:17:05,958 [main] INFO  segmented.SegmentedRaftLogWorker (SegmentedRaftLogWorker.java:close(228)) - 3d50e2f5-3cb6-49ae-98cc-9a6203b61a63-SegmentedRaftLogWorker:Storage Directory /workdir/hadoop-ozone/integration-test/target/test-dir/MiniOzoneClusterImpl-07260cbc-78d8-43ad-9b31-a55aa369dc3b/datanode-5/data/ratis/f3e8d305-afe2-46aa-aa34-47daa9a4ff60 close()
2019-09-12 10:17:05,958 [ForkJoinPool.commonPool-worker-1] INFO  impl.PendingRequests (PendingRequests.java:sendNotLeaderResponses(202)) - 2ccaf34f-8eeb-4cb8-b9bf-ec796d9a8e8c-PendingRequests: sendNotLeaderResponses
2019-09-12 10:17:05,958 [main] INFO  server.GrpcService (GrpcService.java:closeImpl(155)) - 3d50e2f5-3cb6-49ae-98cc-9a6203b61a63: shutdown server with port 36540 now
2019-09-12 10:17:05,959 [ForkJoinPool.commonPool-worker-1] INFO  impl.StateMachineUpdater (StateMachineUpdater.java:stopAndJoin(115)) - StateMachineUpdater:2ccaf34f-8eeb-4cb8-b9bf-ec796d9a8e8c:group-17C70005F625: set stopIndex = 0
2019-09-12 10:17:05,959 [ForkJoinPool.commonPool-worker-1] INFO  impl.RaftServerImpl (ServerState.java:close(394)) - 2ccaf34f-8eeb-4cb8-b9bf-ec796d9a8e8c:group-17C70005F625 closes. The last applied log index is 0
2019-09-12 10:17:05,961 [main] INFO  server.GrpcService (GrpcService.java:closeImpl(163)) - 3d50e2f5-3cb6-49ae-98cc-9a6203b61a63: shutdown server with port 36540 successfully
2019-09-12 10:17:05,965 [2ccaf34f-8eeb-4cb8-b9bf-ec796d9a8e8c-SegmentedRaftLogWorker:Storage Directory /workdir/hadoop-ozone/integration-test/target/test-dir/MiniOzoneClusterImpl-07260cbc-78d8-43ad-9b31-a55aa369dc3b/datanode-2/data/ratis/642b453b-f7ca-40ac-aa9e-17c70005f625] INFO  segmented.SegmentedRaftLogWorker (SegmentedRaftLogWorker.java:run(313)) - 2ccaf34f-8eeb-4cb8-b9bf-ec796d9a8e8c-SegmentedRaftLogWorker:Storage Directory /workdir/hadoop-ozone/integration-test/target/test-dir/MiniOzoneClusterImpl-07260cbc-78d8-43ad-9b31-a55aa369dc3b/datanode-2/data/ratis/642b453b-f7ca-40ac-aa9e-17c70005f625 was interrupted, exiting. There are 0 tasks remaining in the queue.
2019-09-12 10:17:05,966 [ForkJoinPool.commonPool-worker-1] INFO  segmented.SegmentedRaftLogWorker (SegmentedRaftLogWorker.java:close(228)) - 2ccaf34f-8eeb-4cb8-b9bf-ec796d9a8e8c-SegmentedRaftLogWorker:Storage Directory /workdir/hadoop-ozone/integration-test/target/test-dir/MiniOzoneClusterImpl-07260cbc-78d8-43ad-9b31-a55aa369dc3b/datanode-2/data/ratis/642b453b-f7ca-40ac-aa9e-17c70005f625 close()
2019-09-12 10:17:05,966 [ForkJoinPool.commonPool-worker-1] INFO  server.GrpcService (GrpcService.java:closeImpl(155)) - 2ccaf34f-8eeb-4cb8-b9bf-ec796d9a8e8c: shutdown server with port 42859 now
2019-09-12 10:17:05,968 [ForkJoinPool.commonPool-worker-1] INFO  server.GrpcService (GrpcService.java:closeImpl(163)) - 2ccaf34f-8eeb-4cb8-b9bf-ec796d9a8e8c: shutdown server with port 42859 successfully
2019-09-12 10:17:05,969 [ForkJoinPool.commonPool-worker-1] INFO  utils.BackgroundService (BackgroundService.java:shutdown(148)) - Shutting down service BlockDeletingService
2019-09-12 10:17:05,972 [refreshUsed-/workdir/hadoop-ozone/integration-test/target/test-dir/MiniOzoneClusterImpl-07260cbc-78d8-43ad-9b31-a55aa369dc3b/datanode-2/data/containers] WARN  fs.CachingGetSpaceUsed (CachingGetSpaceUsed.java:run(183)) - Thread Interrupted waiting to refresh disk information: sleep interrupted
2019-09-12 10:17:05,978 [main] INFO  utils.BackgroundService (BackgroundService.java:shutdown(148)) - Shutting down service BlockDeletingService
2019-09-12 10:17:05,985 [refreshUsed-/workdir/hadoop-ozone/integration-test/target/test-dir/MiniOzoneClusterImpl-07260cbc-78d8-43ad-9b31-a55aa369dc3b/datanode-5/data/containers] WARN  fs.CachingGetSpaceUsed (CachingGetSpaceUsed.java:run(183)) - Thread Interrupted waiting to refresh disk information: sleep interrupted
2019-09-12 10:17:06,006 [main] INFO  statemachine.DatanodeStateMachine (DatanodeStateMachine.java:stopDaemon(395)) - Ozone container server stopped.
2019-09-12 10:17:06,007 [ForkJoinPool.commonPool-worker-1] INFO  statemachine.DatanodeStateMachine (DatanodeStateMachine.java:stopDaemon(395)) - Ozone container server stopped.
2019-09-12 10:17:06,012 [main] INFO  handler.ContextHandler (ContextHandler.java:doStop(910)) - Stopped o.e.j.w.WebAppContext@2a5abd3c{/,null,UNAVAILABLE}{/hddsDatanode}
2019-09-12 10:17:06,012 [ForkJoinPool.commonPool-worker-1] INFO  handler.ContextHandler (ContextHandler.java:doStop(910)) - Stopped o.e.j.w.WebAppContext@8c0a23f{/,null,UNAVAILABLE}{/hddsDatanode}
2019-09-12 10:17:06,013 [main] INFO  server.AbstractConnector (AbstractConnector.java:doStop(318)) - Stopped ServerConnector@250967f1{HTTP/1.1,[http/1.1]}{0.0.0.0:0}
2019-09-12 10:17:06,013 [ForkJoinPool.commonPool-worker-1] INFO  server.AbstractConnector (AbstractConnector.java:doStop(318)) - Stopped ServerConnector@44d7e24{HTTP/1.1,[http/1.1]}{0.0.0.0:0}
2019-09-12 10:17:06,013 [main] INFO  handler.ContextHandler (ContextHandler.java:doStop(910)) - Stopped o.e.j.s.ServletContextHandler@7159d601{/static,jar:file:/home/user/.m2/repository/org/apache/hadoop/hadoop-hdds-container-service/0.5.0-SNAPSHOT/hadoop-hdds-container-service-0.5.0-SNAPSHOT.jar!/webapps/static,UNAVAILABLE}
2019-09-12 10:17:06,015 [ForkJoinPool.commonPool-worker-1] INFO  handler.ContextHandler (ContextHandler.java:doStop(910)) - Stopped o.e.j.s.ServletContextHandler@39832280{/static,jar:file:/home/user/.m2/repository/org/apache/hadoop/hadoop-hdds-container-service/0.5.0-SNAPSHOT/hadoop-hdds-container-service-0.5.0-SNAPSHOT.jar!/webapps/static,UNAVAILABLE}
2019-09-12 10:17:06,015 [main] INFO  handler.ContextHandler (ContextHandler.java:doStop(910)) - Stopped o.e.j.s.ServletContextHandler@7a572ea0{/logs,file:///workdir/hadoop-ozone/integration-test/target/log,UNAVAILABLE}
2019-09-12 10:17:06,016 [ForkJoinPool.commonPool-worker-1] INFO  handler.ContextHandler (ContextHandler.java:doStop(910)) - Stopped o.e.j.s.ServletContextHandler@41def031{/logs,file:///workdir/hadoop-ozone/integration-test/target/log,UNAVAILABLE}
2019-09-12 10:17:06,018 [main] INFO  datanode.ObjectStoreHandler (ObjectStoreHandler.java:close(155)) - Closing ObjectStoreHandler.
2019-09-12 10:17:06,018 [ForkJoinPool.commonPool-worker-1] INFO  datanode.ObjectStoreHandler (ObjectStoreHandler.java:close(155)) - Closing ObjectStoreHandler.
2019-09-12 10:17:06,018 [main] INFO  ozone.HddsDatanodeService (HddsDatanodeService.java:stop(451)) - Stopped plug-in org.apache.hadoop.ozone.web.OzoneHddsDatanodeService@1a2773a8
2019-09-12 10:17:06,019 [ForkJoinPool.commonPool-worker-1] INFO  ozone.HddsDatanodeService (HddsDatanodeService.java:stop(451)) - Stopped plug-in org.apache.hadoop.ozone.web.OzoneHddsDatanodeService@68a305eb
2019-09-12 10:17:06,726 [Datanode State Machine Thread - 0] INFO  statemachine.DatanodeStateMachine (DatanodeStateMachine.java:lambda$startDaemon$0(350)) - Ozone container server started.
2019-09-12 10:17:06,782 [Datanode State Machine Thread - 0] INFO  statemachine.DatanodeStateMachine (DatanodeStateMachine.java:lambda$startDaemon$0(350)) - Ozone container server started.
2019-09-12 10:17:11,022 [main] INFO  ozoneimpl.OzoneContainer (OzoneContainer.java:stop(199)) - Attempting to stop container services.
2019-09-12 10:17:11,022 [ForkJoinPool.commonPool-worker-1] INFO  ozoneimpl.OzoneContainer (OzoneContainer.java:stop(199)) - Attempting to stop container services.
2019-09-12 10:17:11,023 [main] INFO  impl.RaftServerProxy (RaftServerProxy.java:lambda$close$4(314)) - 754318a0-7d43-4de4-9a7a-4e513334fcf8: close
2019-09-12 10:17:11,023 [ForkJoinPool.commonPool-worker-1] INFO  impl.RaftServerProxy (RaftServerProxy.java:lambda$close$4(314)) - d125a0e9-cc1d-49ad-8efe-65f48e7470f1: close
2019-09-12 10:17:11,024 [main] INFO  impl.RaftServerImpl (RaftServerImpl.java:lambda$shutdown$3(245)) - 754318a0-7d43-4de4-9a7a-4e513334fcf8: shutdown group-E91424594889
2019-09-12 10:17:11,024 [ForkJoinPool.commonPool-worker-1] INFO  impl.RaftServerImpl (RaftServerImpl.java:lambda$shutdown$3(245)) - d125a0e9-cc1d-49ad-8efe-65f48e7470f1: shutdown group-65BA6FED19C2
2019-09-12 10:17:11,024 [main] INFO  util.JmxRegister (JmxRegister.java:unregister(73)) - Successfully un-registered JMX Bean with object name Ratis:service=RaftServer,group=group-E91424594889,id=754318a0-7d43-4de4-9a7a-4e513334fcf8
2019-09-12 10:17:11,025 [ForkJoinPool.commonPool-worker-1] INFO  util.JmxRegister (JmxRegister.java:unregister(73)) - Successfully un-registered JMX Bean with object name Ratis:service=RaftServer,group=group-65BA6FED19C2,id=d125a0e9-cc1d-49ad-8efe-65f48e7470f1
2019-09-12 10:17:11,025 [main] INFO  impl.RoleInfo (RoleInfo.java:shutdownLeaderState(104)) - 754318a0-7d43-4de4-9a7a-4e513334fcf8: shutdown LeaderState
2019-09-12 10:17:11,025 [ForkJoinPool.commonPool-worker-1] INFO  impl.RoleInfo (RoleInfo.java:shutdownLeaderState(104)) - d125a0e9-cc1d-49ad-8efe-65f48e7470f1: shutdown LeaderState
2019-09-12 10:17:11,026 [main] INFO  impl.PendingRequests (PendingRequests.java:sendNotLeaderResponses(202)) - 754318a0-7d43-4de4-9a7a-4e513334fcf8-PendingRequests: sendNotLeaderResponses
2019-09-12 10:17:11,026 [ForkJoinPool.commonPool-worker-1] INFO  impl.PendingRequests (PendingRequests.java:sendNotLeaderResponses(202)) - d125a0e9-cc1d-49ad-8efe-65f48e7470f1-PendingRequests: sendNotLeaderResponses
2019-09-12 10:17:11,027 [main] INFO  impl.StateMachineUpdater (StateMachineUpdater.java:stopAndJoin(115)) - StateMachineUpdater:754318a0-7d43-4de4-9a7a-4e513334fcf8:group-E91424594889: set stopIndex = 0
2019-09-12 10:17:11,027 [ForkJoinPool.commonPool-worker-1] INFO  impl.StateMachineUpdater (StateMachineUpdater.java:stopAndJoin(115)) - StateMachineUpdater:d125a0e9-cc1d-49ad-8efe-65f48e7470f1:group-65BA6FED19C2: set stopIndex = 0
2019-09-12 10:17:11,027 [main] INFO  impl.RaftServerImpl (ServerState.java:close(394)) - 754318a0-7d43-4de4-9a7a-4e513334fcf8:group-E91424594889 closes. The last applied log index is 0
2019-09-12 10:17:11,028 [ForkJoinPool.commonPool-worker-1] INFO  impl.RaftServerImpl (ServerState.java:close(394)) - d125a0e9-cc1d-49ad-8efe-65f48e7470f1:group-65BA6FED19C2 closes. The last applied log index is 0
2019-09-12 10:17:11,028 [754318a0-7d43-4de4-9a7a-4e513334fcf8-SegmentedRaftLogWorker:Storage Directory /workdir/hadoop-ozone/integration-test/target/test-dir/MiniOzoneClusterImpl-07260cbc-78d8-43ad-9b31-a55aa369dc3b/datanode-4/data/ratis/89da576b-5686-4d0d-9e1b-e91424594889] INFO  segmented.SegmentedRaftLogWorker (SegmentedRaftLogWorker.java:run(313)) - 754318a0-7d43-4de4-9a7a-4e513334fcf8-SegmentedRaftLogWorker:Storage Directory /workdir/hadoop-ozone/integration-test/target/test-dir/MiniOzoneClusterImpl-07260cbc-78d8-43ad-9b31-a55aa369dc3b/datanode-4/data/ratis/89da576b-5686-4d0d-9e1b-e91424594889 was interrupted, exiting. There are 0 tasks remaining in the queue.
2019-09-12 10:17:11,029 [d125a0e9-cc1d-49ad-8efe-65f48e7470f1-SegmentedRaftLogWorker:Storage Directory /workdir/hadoop-ozone/integration-test/target/test-dir/MiniOzoneClusterImpl-07260cbc-78d8-43ad-9b31-a55aa369dc3b/datanode-0/data/ratis/21787a1e-9120-4469-aebf-65ba6fed19c2] INFO  segmented.SegmentedRaftLogWorker (SegmentedRaftLogWorker.java:run(313)) - d125a0e9-cc1d-49ad-8efe-65f48e7470f1-SegmentedRaftLogWorker:Storage Directory /workdir/hadoop-ozone/integration-test/target/test-dir/MiniOzoneClusterImpl-07260cbc-78d8-43ad-9b31-a55aa369dc3b/datanode-0/data/ratis/21787a1e-9120-4469-aebf-65ba6fed19c2 was interrupted, exiting. There are 0 tasks remaining in the queue.
2019-09-12 10:17:11,029 [main] INFO  segmented.SegmentedRaftLogWorker (SegmentedRaftLogWorker.java:close(228)) - 754318a0-7d43-4de4-9a7a-4e513334fcf8-SegmentedRaftLogWorker:Storage Directory /workdir/hadoop-ozone/integration-test/target/test-dir/MiniOzoneClusterImpl-07260cbc-78d8-43ad-9b31-a55aa369dc3b/datanode-4/data/ratis/89da576b-5686-4d0d-9e1b-e91424594889 close()
2019-09-12 10:17:11,029 [ForkJoinPool.commonPool-worker-1] INFO  segmented.SegmentedRaftLogWorker (SegmentedRaftLogWorker.java:close(228)) - d125a0e9-cc1d-49ad-8efe-65f48e7470f1-SegmentedRaftLogWorker:Storage Directory /workdir/hadoop-ozone/integration-test/target/test-dir/MiniOzoneClusterImpl-07260cbc-78d8-43ad-9b31-a55aa369dc3b/datanode-0/data/ratis/21787a1e-9120-4469-aebf-65ba6fed19c2 close()
2019-09-12 10:17:11,029 [main] INFO  impl.RaftServerImpl (RaftServerImpl.java:lambda$shutdown$3(245)) - 754318a0-7d43-4de4-9a7a-4e513334fcf8: shutdown group-CBD9758AC84F
2019-09-12 10:17:11,030 [ForkJoinPool.commonPool-worker-1] INFO  impl.RaftServerImpl (RaftServerImpl.java:lambda$shutdown$3(245)) - d125a0e9-cc1d-49ad-8efe-65f48e7470f1: shutdown group-8B80BBEAF203
2019-09-12 10:17:11,030 [main] INFO  util.JmxRegister (JmxRegister.java:unregister(73)) - Successfully un-registered JMX Bean with object name Ratis:service=RaftServer,group=group-CBD9758AC84F,id=754318a0-7d43-4de4-9a7a-4e513334fcf8
2019-09-12 10:17:11,031 [main] INFO  impl.RoleInfo (RoleInfo.java:shutdownLeaderState(104)) - 754318a0-7d43-4de4-9a7a-4e513334fcf8: shutdown LeaderState
2019-09-12 10:17:11,030 [ForkJoinPool.commonPool-worker-1] INFO  util.JmxRegister (JmxRegister.java:unregister(73)) - Successfully un-registered JMX Bean with object name Ratis:service=RaftServer,group=group-8B80BBEAF203,id=d125a0e9-cc1d-49ad-8efe-65f48e7470f1
2019-09-12 10:17:11,031 [main] INFO  impl.PendingRequests (PendingRequests.java:sendNotLeaderResponses(202)) - 754318a0-7d43-4de4-9a7a-4e513334fcf8-PendingRequests: sendNotLeaderResponses
2019-09-12 10:17:11,031 [ForkJoinPool.commonPool-worker-1] INFO  impl.RoleInfo (RoleInfo.java:shutdownLeaderState(104)) - d125a0e9-cc1d-49ad-8efe-65f48e7470f1: shutdown LeaderState
2019-09-12 10:17:11,032 [main] INFO  impl.StateMachineUpdater (StateMachineUpdater.java:stopAndJoin(115)) - StateMachineUpdater:754318a0-7d43-4de4-9a7a-4e513334fcf8:group-CBD9758AC84F: set stopIndex = 0
2019-09-12 10:17:11,033 [main] INFO  impl.RaftServerImpl (ServerState.java:close(394)) - 754318a0-7d43-4de4-9a7a-4e513334fcf8:group-CBD9758AC84F closes. The last applied log index is 0
2019-09-12 10:17:11,032 [ForkJoinPool.commonPool-worker-1] INFO  impl.PendingRequests (PendingRequests.java:sendNotLeaderResponses(202)) - d125a0e9-cc1d-49ad-8efe-65f48e7470f1-PendingRequests: sendNotLeaderResponses
2019-09-12 10:17:11,033 [754318a0-7d43-4de4-9a7a-4e513334fcf8-SegmentedRaftLogWorker:Storage Directory /workdir/hadoop-ozone/integration-test/target/test-dir/MiniOzoneClusterImpl-07260cbc-78d8-43ad-9b31-a55aa369dc3b/datanode-4/data/ratis/e501ecb8-0518-4537-b25f-cbd9758ac84f] INFO  segmented.SegmentedRaftLogWorker (SegmentedRaftLogWorker.java:run(313)) - 754318a0-7d43-4de4-9a7a-4e513334fcf8-SegmentedRaftLogWorker:Storage Directory /workdir/hadoop-ozone/integration-test/target/test-dir/MiniOzoneClusterImpl-07260cbc-78d8-43ad-9b31-a55aa369dc3b/datanode-4/data/ratis/e501ecb8-0518-4537-b25f-cbd9758ac84f was interrupted, exiting. There are 0 tasks remaining in the queue.
2019-09-12 10:17:11,034 [ForkJoinPool.commonPool-worker-1] INFO  impl.StateMachineUpdater (StateMachineUpdater.java:stopAndJoin(115)) - StateMachineUpdater:d125a0e9-cc1d-49ad-8efe-65f48e7470f1:group-8B80BBEAF203: set stopIndex = 0
2019-09-12 10:17:11,034 [main] INFO  segmented.SegmentedRaftLogWorker (SegmentedRaftLogWorker.java:close(228)) - 754318a0-7d43-4de4-9a7a-4e513334fcf8-SegmentedRaftLogWorker:Storage Directory /workdir/hadoop-ozone/integration-test/target/test-dir/MiniOzoneClusterImpl-07260cbc-78d8-43ad-9b31-a55aa369dc3b/datanode-4/data/ratis/e501ecb8-0518-4537-b25f-cbd9758ac84f close()
2019-09-12 10:17:11,034 [ForkJoinPool.commonPool-worker-1] INFO  impl.RaftServerImpl (ServerState.java:close(394)) - d125a0e9-cc1d-49ad-8efe-65f48e7470f1:group-8B80BBEAF203 closes. The last applied log index is 0
2019-09-12 10:17:11,035 [main] INFO  impl.RaftServerImpl (RaftServerImpl.java:lambda$shutdown$3(245)) - 754318a0-7d43-4de4-9a7a-4e513334fcf8: shutdown group-68A48C13E930
2019-09-12 10:17:11,035 [d125a0e9-cc1d-49ad-8efe-65f48e7470f1-SegmentedRaftLogWorker:Storage Directory /workdir/hadoop-ozone/integration-test/target/test-dir/MiniOzoneClusterImpl-07260cbc-78d8-43ad-9b31-a55aa369dc3b/datanode-0/data/ratis/d7b8c6f4-9021-48ff-8f4a-8b80bbeaf203] INFO  segmented.SegmentedRaftLogWorker (SegmentedRaftLogWorker.java:run(313)) - d125a0e9-cc1d-49ad-8efe-65f48e7470f1-SegmentedRaftLogWorker:Storage Directory /workdir/hadoop-ozone/integration-test/target/test-dir/MiniOzoneClusterImpl-07260cbc-78d8-43ad-9b31-a55aa369dc3b/datanode-0/data/ratis/d7b8c6f4-9021-48ff-8f4a-8b80bbeaf203 was interrupted, exiting. There are 0 tasks remaining in the queue.
2019-09-12 10:17:11,035 [main] INFO  util.JmxRegister (JmxRegister.java:unregister(73)) - Successfully un-registered JMX Bean with object name Ratis:service=RaftServer,group=group-68A48C13E930,id=754318a0-7d43-4de4-9a7a-4e513334fcf8
2019-09-12 10:17:11,036 [ForkJoinPool.commonPool-worker-1] INFO  segmented.SegmentedRaftLogWorker (SegmentedRaftLogWorker.java:close(228)) - d125a0e9-cc1d-49ad-8efe-65f48e7470f1-SegmentedRaftLogWorker:Storage Directory /workdir/hadoop-ozone/integration-test/target/test-dir/MiniOzoneClusterImpl-07260cbc-78d8-43ad-9b31-a55aa369dc3b/datanode-0/data/ratis/d7b8c6f4-9021-48ff-8f4a-8b80bbeaf203 close()
2019-09-12 10:17:11,036 [main] INFO  impl.RoleInfo (RoleInfo.java:shutdownLeaderState(104)) - 754318a0-7d43-4de4-9a7a-4e513334fcf8: shutdown LeaderState
2019-09-12 10:17:11,036 [ForkJoinPool.commonPool-worker-1] INFO  impl.RaftServerImpl (RaftServerImpl.java:lambda$shutdown$3(245)) - d125a0e9-cc1d-49ad-8efe-65f48e7470f1: shutdown group-7D0E27E85EF2
2019-09-12 10:17:11,037 [main] INFO  impl.PendingRequests (PendingRequests.java:sendNotLeaderResponses(202)) - 754318a0-7d43-4de4-9a7a-4e513334fcf8-PendingRequests: sendNotLeaderResponses
2019-09-12 10:17:11,037 [ForkJoinPool.commonPool-worker-1] INFO  util.JmxRegister (JmxRegister.java:unregister(73)) - Successfully un-registered JMX Bean with object name Ratis:service=RaftServer,group=group-7D0E27E85EF2,id=d125a0e9-cc1d-49ad-8efe-65f48e7470f1
2019-09-12 10:17:11,038 [main] INFO  impl.StateMachineUpdater (StateMachineUpdater.java:stopAndJoin(115)) - StateMachineUpdater:754318a0-7d43-4de4-9a7a-4e513334fcf8:group-68A48C13E930: set stopIndex = 0
2019-09-12 10:17:11,038 [main] INFO  impl.RaftServerImpl (ServerState.java:close(394)) - 754318a0-7d43-4de4-9a7a-4e513334fcf8:group-68A48C13E930 closes. The last applied log index is 0
2019-09-12 10:17:11,038 [ForkJoinPool.commonPool-worker-1] INFO  impl.RoleInfo (RoleInfo.java:shutdownLeaderState(104)) - d125a0e9-cc1d-49ad-8efe-65f48e7470f1: shutdown LeaderState
2019-09-12 10:17:11,039 [754318a0-7d43-4de4-9a7a-4e513334fcf8-SegmentedRaftLogWorker:Storage Directory /workdir/hadoop-ozone/integration-test/target/test-dir/MiniOzoneClusterImpl-07260cbc-78d8-43ad-9b31-a55aa369dc3b/datanode-4/data/ratis/05e49bc8-6b66-47b2-97af-68a48c13e930] INFO  segmented.SegmentedRaftLogWorker (SegmentedRaftLogWorker.java:run(313)) - 754318a0-7d43-4de4-9a7a-4e513334fcf8-SegmentedRaftLogWorker:Storage Directory /workdir/hadoop-ozone/integration-test/target/test-dir/MiniOzoneClusterImpl-07260cbc-78d8-43ad-9b31-a55aa369dc3b/datanode-4/data/ratis/05e49bc8-6b66-47b2-97af-68a48c13e930 was interrupted, exiting. There are 0 tasks remaining in the queue.
2019-09-12 10:17:11,039 [ForkJoinPool.commonPool-worker-1] INFO  impl.PendingRequests (PendingRequests.java:sendNotLeaderResponses(202)) - d125a0e9-cc1d-49ad-8efe-65f48e7470f1-PendingRequests: sendNotLeaderResponses
2019-09-12 10:17:11,039 [main] INFO  segmented.SegmentedRaftLogWorker (SegmentedRaftLogWorker.java:close(228)) - 754318a0-7d43-4de4-9a7a-4e513334fcf8-SegmentedRaftLogWorker:Storage Directory /workdir/hadoop-ozone/integration-test/target/test-dir/MiniOzoneClusterImpl-07260cbc-78d8-43ad-9b31-a55aa369dc3b/datanode-4/data/ratis/05e49bc8-6b66-47b2-97af-68a48c13e930 close()
2019-09-12 10:17:11,039 [ForkJoinPool.commonPool-worker-1] INFO  impl.StateMachineUpdater (StateMachineUpdater.java:stopAndJoin(115)) - StateMachineUpdater:d125a0e9-cc1d-49ad-8efe-65f48e7470f1:group-7D0E27E85EF2: set stopIndex = 0
2019-09-12 10:17:11,040 [main] INFO  impl.RaftServerImpl (RaftServerImpl.java:lambda$shutdown$3(245)) - 754318a0-7d43-4de4-9a7a-4e513334fcf8: shutdown group-E8984CAEC24B
2019-09-12 10:17:11,040 [ForkJoinPool.commonPool-worker-1] INFO  impl.RaftServerImpl (ServerState.java:close(394)) - d125a0e9-cc1d-49ad-8efe-65f48e7470f1:group-7D0E27E85EF2 closes. The last applied log index is 0
2019-09-12 10:17:11,040 [main] INFO  util.JmxRegister (JmxRegister.java:unregister(73)) - Successfully un-registered JMX Bean with object name Ratis:service=RaftServer,group=group-E8984CAEC24B,id=754318a0-7d43-4de4-9a7a-4e513334fcf8
2019-09-12 10:17:11,041 [main] INFO  impl.RoleInfo (RoleInfo.java:shutdownLeaderState(104)) - 754318a0-7d43-4de4-9a7a-4e513334fcf8: shutdown LeaderState
2019-09-12 10:17:11,041 [d125a0e9-cc1d-49ad-8efe-65f48e7470f1-SegmentedRaftLogWorker:Storage Directory /workdir/hadoop-ozone/integration-test/target/test-dir/MiniOzoneClusterImpl-07260cbc-78d8-43ad-9b31-a55aa369dc3b/datanode-0/data/ratis/dea5c433-296f-45db-a0a5-7d0e27e85ef2] INFO  segmented.SegmentedRaftLogWorker (SegmentedRaftLogWorker.java:run(313)) - d125a0e9-cc1d-49ad-8efe-65f48e7470f1-SegmentedRaftLogWorker:Storage Directory /workdir/hadoop-ozone/integration-test/target/test-dir/MiniOzoneClusterImpl-07260cbc-78d8-43ad-9b31-a55aa369dc3b/datanode-0/data/ratis/dea5c433-296f-45db-a0a5-7d0e27e85ef2 was interrupted, exiting. There are 0 tasks remaining in the queue.
2019-09-12 10:17:11,042 [main] INFO  impl.PendingRequests (PendingRequests.java:sendNotLeaderResponses(202)) - 754318a0-7d43-4de4-9a7a-4e513334fcf8-PendingRequests: sendNotLeaderResponses
2019-09-12 10:17:11,042 [ForkJoinPool.commonPool-worker-1] INFO  segmented.SegmentedRaftLogWorker (SegmentedRaftLogWorker.java:close(228)) - d125a0e9-cc1d-49ad-8efe-65f48e7470f1-SegmentedRaftLogWorker:Storage Directory /workdir/hadoop-ozone/integration-test/target/test-dir/MiniOzoneClusterImpl-07260cbc-78d8-43ad-9b31-a55aa369dc3b/datanode-0/data/ratis/dea5c433-296f-45db-a0a5-7d0e27e85ef2 close()
2019-09-12 10:17:11,042 [main] INFO  impl.StateMachineUpdater (StateMachineUpdater.java:stopAndJoin(115)) - StateMachineUpdater:754318a0-7d43-4de4-9a7a-4e513334fcf8:group-E8984CAEC24B: set stopIndex = 0
2019-09-12 10:17:11,043 [main] INFO  impl.RaftServerImpl (ServerState.java:close(394)) - 754318a0-7d43-4de4-9a7a-4e513334fcf8:group-E8984CAEC24B closes. The last applied log index is 0
2019-09-12 10:17:11,042 [ForkJoinPool.commonPool-worker-1] INFO  impl.RaftServerImpl (RaftServerImpl.java:lambda$shutdown$3(245)) - d125a0e9-cc1d-49ad-8efe-65f48e7470f1: shutdown group-77EFF6DFF1D6
2019-09-12 10:17:11,043 [754318a0-7d43-4de4-9a7a-4e513334fcf8-SegmentedRaftLogWorker:Storage Directory /workdir/hadoop-ozone/integration-test/target/test-dir/MiniOzoneClusterImpl-07260cbc-78d8-43ad-9b31-a55aa369dc3b/datanode-4/data/ratis/6bc8e0fb-ee8e-4648-a0cb-e8984caec24b] INFO  segmented.SegmentedRaftLogWorker (SegmentedRaftLogWorker.java:run(313)) - 754318a0-7d43-4de4-9a7a-4e513334fcf8-SegmentedRaftLogWorker:Storage Directory /workdir/hadoop-ozone/integration-test/target/test-dir/MiniOzoneClusterImpl-07260cbc-78d8-43ad-9b31-a55aa369dc3b/datanode-4/data/ratis/6bc8e0fb-ee8e-4648-a0cb-e8984caec24b was interrupted, exiting. There are 0 tasks remaining in the queue.
2019-09-12 10:17:11,043 [ForkJoinPool.commonPool-worker-1] INFO  util.JmxRegister (JmxRegister.java:unregister(73)) - Successfully un-registered JMX Bean with object name Ratis:service=RaftServer,group=group-77EFF6DFF1D6,id=d125a0e9-cc1d-49ad-8efe-65f48e7470f1
2019-09-12 10:17:11,044 [main] INFO  segmented.SegmentedRaftLogWorker (SegmentedRaftLogWorker.java:close(228)) - 754318a0-7d43-4de4-9a7a-4e513334fcf8-SegmentedRaftLogWorker:Storage Directory /workdir/hadoop-ozone/integration-test/target/test-dir/MiniOzoneClusterImpl-07260cbc-78d8-43ad-9b31-a55aa369dc3b/datanode-4/data/ratis/6bc8e0fb-ee8e-4648-a0cb-e8984caec24b close()
2019-09-12 10:17:11,044 [ForkJoinPool.commonPool-worker-1] INFO  impl.RoleInfo (RoleInfo.java:shutdownLeaderState(104)) - d125a0e9-cc1d-49ad-8efe-65f48e7470f1: shutdown LeaderState
2019-09-12 10:17:11,044 [main] INFO  impl.RaftServerImpl (RaftServerImpl.java:lambda$shutdown$3(245)) - 754318a0-7d43-4de4-9a7a-4e513334fcf8: shutdown group-8A872F9FA28B
2019-09-12 10:17:11,045 [ForkJoinPool.commonPool-worker-1] INFO  impl.PendingRequests (PendingRequests.java:sendNotLeaderResponses(202)) - d125a0e9-cc1d-49ad-8efe-65f48e7470f1-PendingRequests: sendNotLeaderResponses
2019-09-12 10:17:11,045 [main] INFO  util.JmxRegister (JmxRegister.java:unregister(73)) - Successfully un-registered JMX Bean with object name Ratis:service=RaftServer,group=group-8A872F9FA28B,id=754318a0-7d43-4de4-9a7a-4e513334fcf8
2019-09-12 10:17:11,045 [ForkJoinPool.commonPool-worker-1] INFO  impl.StateMachineUpdater (StateMachineUpdater.java:stopAndJoin(115)) - StateMachineUpdater:d125a0e9-cc1d-49ad-8efe-65f48e7470f1:group-77EFF6DFF1D6: set stopIndex = 0
2019-09-12 10:17:11,046 [main] INFO  impl.RoleInfo (RoleInfo.java:shutdownLeaderState(104)) - 754318a0-7d43-4de4-9a7a-4e513334fcf8: shutdown LeaderState
2019-09-12 10:17:11,046 [ForkJoinPool.commonPool-worker-1] INFO  impl.RaftServerImpl (ServerState.java:close(394)) - d125a0e9-cc1d-49ad-8efe-65f48e7470f1:group-77EFF6DFF1D6 closes. The last applied log index is 0
2019-09-12 10:17:11,046 [main] INFO  impl.PendingRequests (PendingRequests.java:sendNotLeaderResponses(202)) - 754318a0-7d43-4de4-9a7a-4e513334fcf8-PendingRequests: sendNotLeaderResponses
2019-09-12 10:17:11,047 [d125a0e9-cc1d-49ad-8efe-65f48e7470f1-SegmentedRaftLogWorker:Storage Directory /workdir/hadoop-ozone/integration-test/target/test-dir/MiniOzoneClusterImpl-07260cbc-78d8-43ad-9b31-a55aa369dc3b/datanode-0/data/ratis/d3d8ee13-73cb-404c-8402-77eff6dff1d6] INFO  segmented.SegmentedRaftLogWorker (SegmentedRaftLogWorker.java:run(313)) - d125a0e9-cc1d-49ad-8efe-65f48e7470f1-SegmentedRaftLogWorker:Storage Directory /workdir/hadoop-ozone/integration-test/target/test-dir/MiniOzoneClusterImpl-07260cbc-78d8-43ad-9b31-a55aa369dc3b/datanode-0/data/ratis/d3d8ee13-73cb-404c-8402-77eff6dff1d6 was interrupted, exiting. There are 0 tasks remaining in the queue.
2019-09-12 10:17:11,047 [main] INFO  impl.StateMachineUpdater (StateMachineUpdater.java:stopAndJoin(115)) - StateMachineUpdater:754318a0-7d43-4de4-9a7a-4e513334fcf8:group-8A872F9FA28B: set stopIndex = 0
2019-09-12 10:17:11,047 [ForkJoinPool.commonPool-worker-1] INFO  segmented.SegmentedRaftLogWorker (SegmentedRaftLogWorker.java:close(228)) - d125a0e9-cc1d-49ad-8efe-65f48e7470f1-SegmentedRaftLogWorker:Storage Directory /workdir/hadoop-ozone/integration-test/target/test-dir/MiniOzoneClusterImpl-07260cbc-78d8-43ad-9b31-a55aa369dc3b/datanode-0/data/ratis/d3d8ee13-73cb-404c-8402-77eff6dff1d6 close()
2019-09-12 10:17:11,047 [main] INFO  impl.RaftServerImpl (ServerState.java:close(394)) - 754318a0-7d43-4de4-9a7a-4e513334fcf8:group-8A872F9FA28B closes. The last applied log index is 0
2019-09-12 10:17:11,048 [ForkJoinPool.commonPool-worker-1] INFO  impl.RaftServerImpl (RaftServerImpl.java:lambda$shutdown$3(245)) - d125a0e9-cc1d-49ad-8efe-65f48e7470f1: shutdown group-A4381F49D1E0
2019-09-12 10:17:11,048 [754318a0-7d43-4de4-9a7a-4e513334fcf8-SegmentedRaftLogWorker:Storage Directory /workdir/hadoop-ozone/integration-test/target/test-dir/MiniOzoneClusterImpl-07260cbc-78d8-43ad-9b31-a55aa369dc3b/datanode-4/data/ratis/f2998486-4e6a-4c06-86fb-8a872f9fa28b] INFO  segmented.SegmentedRaftLogWorker (SegmentedRaftLogWorker.java:run(313)) - 754318a0-7d43-4de4-9a7a-4e513334fcf8-SegmentedRaftLogWorker:Storage Directory /workdir/hadoop-ozone/integration-test/target/test-dir/MiniOzoneClusterImpl-07260cbc-78d8-43ad-9b31-a55aa369dc3b/datanode-4/data/ratis/f2998486-4e6a-4c06-86fb-8a872f9fa28b was interrupted, exiting. There are 0 tasks remaining in the queue.
2019-09-12 10:17:11,048 [ForkJoinPool.commonPool-worker-1] INFO  util.JmxRegister (JmxRegister.java:unregister(73)) - Successfully un-registered JMX Bean with object name Ratis:service=RaftServer,group=group-A4381F49D1E0,id=d125a0e9-cc1d-49ad-8efe-65f48e7470f1
2019-09-12 10:17:11,049 [main] INFO  segmented.SegmentedRaftLogWorker (SegmentedRaftLogWorker.java:close(228)) - 754318a0-7d43-4de4-9a7a-4e513334fcf8-SegmentedRaftLogWorker:Storage Directory /workdir/hadoop-ozone/integration-test/target/test-dir/MiniOzoneClusterImpl-07260cbc-78d8-43ad-9b31-a55aa369dc3b/datanode-4/data/ratis/f2998486-4e6a-4c06-86fb-8a872f9fa28b close()
2019-09-12 10:17:11,049 [ForkJoinPool.commonPool-worker-1] INFO  impl.RoleInfo (RoleInfo.java:shutdownLeaderState(104)) - d125a0e9-cc1d-49ad-8efe-65f48e7470f1: shutdown LeaderState
2019-09-12 10:17:11,049 [main] INFO  impl.RaftServerImpl (RaftServerImpl.java:lambda$shutdown$3(245)) - 754318a0-7d43-4de4-9a7a-4e513334fcf8: shutdown group-C9CF304C41AB
2019-09-12 10:17:11,049 [ForkJoinPool.commonPool-worker-1] INFO  impl.PendingRequests (PendingRequests.java:sendNotLeaderResponses(202)) - d125a0e9-cc1d-49ad-8efe-65f48e7470f1-PendingRequests: sendNotLeaderResponses
2019-09-12 10:17:11,050 [main] INFO  util.JmxRegister (JmxRegister.java:unregister(73)) - Successfully un-registered JMX Bean with object name Ratis:service=RaftServer,group=group-C9CF304C41AB,id=754318a0-7d43-4de4-9a7a-4e513334fcf8
2019-09-12 10:17:11,055 [ForkJoinPool.commonPool-worker-1] INFO  impl.StateMachineUpdater (StateMachineUpdater.java:stopAndJoin(115)) - StateMachineUpdater:d125a0e9-cc1d-49ad-8efe-65f48e7470f1:group-A4381F49D1E0: set stopIndex = 0
2019-09-12 10:17:11,055 [main] INFO  impl.RoleInfo (RoleInfo.java:shutdownLeaderState(104)) - 754318a0-7d43-4de4-9a7a-4e513334fcf8: shutdown LeaderState
2019-09-12 10:17:11,055 [ForkJoinPool.commonPool-worker-1] INFO  impl.RaftServerImpl (ServerState.java:close(394)) - d125a0e9-cc1d-49ad-8efe-65f48e7470f1:group-A4381F49D1E0 closes. The last applied log index is 0
2019-09-12 10:17:11,056 [main] INFO  impl.PendingRequests (PendingRequests.java:sendNotLeaderResponses(202)) - 754318a0-7d43-4de4-9a7a-4e513334fcf8-PendingRequests: sendNotLeaderResponses
2019-09-12 10:17:11,056 [d125a0e9-cc1d-49ad-8efe-65f48e7470f1-SegmentedRaftLogWorker:Storage Directory /workdir/hadoop-ozone/integration-test/target/test-dir/MiniOzoneClusterImpl-07260cbc-78d8-43ad-9b31-a55aa369dc3b/datanode-0/data/ratis/50cad6df-80d2-4637-afce-a4381f49d1e0] INFO  segmented.SegmentedRaftLogWorker (SegmentedRaftLogWorker.java:run(313)) - d125a0e9-cc1d-49ad-8efe-65f48e7470f1-SegmentedRaftLogWorker:Storage Directory /workdir/hadoop-ozone/integration-test/target/test-dir/MiniOzoneClusterImpl-07260cbc-78d8-43ad-9b31-a55aa369dc3b/datanode-0/data/ratis/50cad6df-80d2-4637-afce-a4381f49d1e0 was interrupted, exiting. There are 0 tasks remaining in the queue.
2019-09-12 10:17:11,056 [main] INFO  impl.StateMachineUpdater (StateMachineUpdater.java:stopAndJoin(115)) - StateMachineUpdater:754318a0-7d43-4de4-9a7a-4e513334fcf8:group-C9CF304C41AB: set stopIndex = 0
2019-09-12 10:17:11,057 [ForkJoinPool.commonPool-worker-1] INFO  segmented.SegmentedRaftLogWorker (SegmentedRaftLogWorker.java:close(228)) - d125a0e9-cc1d-49ad-8efe-65f48e7470f1-SegmentedRaftLogWorker:Storage Directory /workdir/hadoop-ozone/integration-test/target/test-dir/MiniOzoneClusterImpl-07260cbc-78d8-43ad-9b31-a55aa369dc3b/datanode-0/data/ratis/50cad6df-80d2-4637-afce-a4381f49d1e0 close()
2019-09-12 10:17:11,057 [main] INFO  impl.RaftServerImpl (ServerState.java:close(394)) - 754318a0-7d43-4de4-9a7a-4e513334fcf8:group-C9CF304C41AB closes. The last applied log index is 0
2019-09-12 10:17:11,057 [ForkJoinPool.commonPool-worker-1] INFO  impl.RaftServerImpl (RaftServerImpl.java:lambda$shutdown$3(245)) - d125a0e9-cc1d-49ad-8efe-65f48e7470f1: shutdown group-E2E8E7CCEE40
2019-09-12 10:17:11,058 [754318a0-7d43-4de4-9a7a-4e513334fcf8-SegmentedRaftLogWorker:Storage Directory /workdir/hadoop-ozone/integration-test/target/test-dir/MiniOzoneClusterImpl-07260cbc-78d8-43ad-9b31-a55aa369dc3b/datanode-4/data/ratis/e31e621b-25a9-48c7-aa0d-c9cf304c41ab] INFO  segmented.SegmentedRaftLogWorker (SegmentedRaftLogWorker.java:run(313)) - 754318a0-7d43-4de4-9a7a-4e513334fcf8-SegmentedRaftLogWorker:Storage Directory /workdir/hadoop-ozone/integration-test/target/test-dir/MiniOzoneClusterImpl-07260cbc-78d8-43ad-9b31-a55aa369dc3b/datanode-4/data/ratis/e31e621b-25a9-48c7-aa0d-c9cf304c41ab was interrupted, exiting. There are 0 tasks remaining in the queue.
2019-09-12 10:17:11,058 [ForkJoinPool.commonPool-worker-1] INFO  util.JmxRegister (JmxRegister.java:unregister(73)) - Successfully un-registered JMX Bean with object name Ratis:service=RaftServer,group=group-E2E8E7CCEE40,id=d125a0e9-cc1d-49ad-8efe-65f48e7470f1
2019-09-12 10:17:11,058 [main] INFO  segmented.SegmentedRaftLogWorker (SegmentedRaftLogWorker.java:close(228)) - 754318a0-7d43-4de4-9a7a-4e513334fcf8-SegmentedRaftLogWorker:Storage Directory /workdir/hadoop-ozone/integration-test/target/test-dir/MiniOzoneClusterImpl-07260cbc-78d8-43ad-9b31-a55aa369dc3b/datanode-4/data/ratis/e31e621b-25a9-48c7-aa0d-c9cf304c41ab close()
2019-09-12 10:17:11,058 [ForkJoinPool.commonPool-worker-1] INFO  impl.RoleInfo (RoleInfo.java:shutdownLeaderState(104)) - d125a0e9-cc1d-49ad-8efe-65f48e7470f1: shutdown LeaderState
2019-09-12 10:17:11,059 [main] INFO  server.GrpcService (GrpcService.java:closeImpl(155)) - 754318a0-7d43-4de4-9a7a-4e513334fcf8: shutdown server with port 36711 now
2019-09-12 10:17:11,059 [ForkJoinPool.commonPool-worker-1] INFO  impl.PendingRequests (PendingRequests.java:sendNotLeaderResponses(202)) - d125a0e9-cc1d-49ad-8efe-65f48e7470f1-PendingRequests: sendNotLeaderResponses
2019-09-12 10:17:11,061 [ForkJoinPool.commonPool-worker-1] INFO  impl.StateMachineUpdater (StateMachineUpdater.java:stopAndJoin(115)) - StateMachineUpdater:d125a0e9-cc1d-49ad-8efe-65f48e7470f1:group-E2E8E7CCEE40: set stopIndex = 0
2019-09-12 10:17:11,061 [main] INFO  server.GrpcService (GrpcService.java:closeImpl(163)) - 754318a0-7d43-4de4-9a7a-4e513334fcf8: shutdown server with port 36711 successfully
2019-09-12 10:17:11,062 [ForkJoinPool.commonPool-worker-1] INFO  impl.RaftServerImpl (ServerState.java:close(394)) - d125a0e9-cc1d-49ad-8efe-65f48e7470f1:group-E2E8E7CCEE40 closes. The last applied log index is 0
2019-09-12 10:17:11,063 [d125a0e9-cc1d-49ad-8efe-65f48e7470f1-SegmentedRaftLogWorker:Storage Directory /workdir/hadoop-ozone/integration-test/target/test-dir/MiniOzoneClusterImpl-07260cbc-78d8-43ad-9b31-a55aa369dc3b/datanode-0/data/ratis/a557fdff-2735-4b9d-a5bb-e2e8e7ccee40] INFO  segmented.SegmentedRaftLogWorker (SegmentedRaftLogWorker.java:run(313)) - d125a0e9-cc1d-49ad-8efe-65f48e7470f1-SegmentedRaftLogWorker:Storage Directory /workdir/hadoop-ozone/integration-test/target/test-dir/MiniOzoneClusterImpl-07260cbc-78d8-43ad-9b31-a55aa369dc3b/datanode-0/data/ratis/a557fdff-2735-4b9d-a5bb-e2e8e7ccee40 was interrupted, exiting. There are 0 tasks remaining in the queue.
2019-09-12 10:17:11,063 [ForkJoinPool.commonPool-worker-1] INFO  segmented.SegmentedRaftLogWorker (SegmentedRaftLogWorker.java:close(228)) - d125a0e9-cc1d-49ad-8efe-65f48e7470f1-SegmentedRaftLogWorker:Storage Directory /workdir/hadoop-ozone/integration-test/target/test-dir/MiniOzoneClusterImpl-07260cbc-78d8-43ad-9b31-a55aa369dc3b/datanode-0/data/ratis/a557fdff-2735-4b9d-a5bb-e2e8e7ccee40 close()
2019-09-12 10:17:11,064 [ForkJoinPool.commonPool-worker-1] INFO  server.GrpcService (GrpcService.java:closeImpl(155)) - d125a0e9-cc1d-49ad-8efe-65f48e7470f1: shutdown server with port 46432 now
2019-09-12 10:17:11,064 [main] INFO  utils.BackgroundService (BackgroundService.java:shutdown(148)) - Shutting down service BlockDeletingService
2019-09-12 10:17:11,065 [ForkJoinPool.commonPool-worker-1] INFO  server.GrpcService (GrpcService.java:closeImpl(163)) - d125a0e9-cc1d-49ad-8efe-65f48e7470f1: shutdown server with port 46432 successfully
2019-09-12 10:17:11,067 [refreshUsed-/workdir/hadoop-ozone/integration-test/target/test-dir/MiniOzoneClusterImpl-07260cbc-78d8-43ad-9b31-a55aa369dc3b/datanode-4/data/containers] WARN  fs.CachingGetSpaceUsed (CachingGetSpaceUsed.java:run(183)) - Thread Interrupted waiting to refresh disk information: sleep interrupted
2019-09-12 10:17:11,080 [ForkJoinPool.commonPool-worker-1] INFO  utils.BackgroundService (BackgroundService.java:shutdown(148)) - Shutting down service BlockDeletingService
2019-09-12 10:17:11,081 [refreshUsed-/workdir/hadoop-ozone/integration-test/target/test-dir/MiniOzoneClusterImpl-07260cbc-78d8-43ad-9b31-a55aa369dc3b/datanode-0/data/containers] WARN  fs.CachingGetSpaceUsed (CachingGetSpaceUsed.java:run(183)) - Thread Interrupted waiting to refresh disk information: sleep interrupted
2019-09-12 10:17:11,099 [ForkJoinPool.commonPool-worker-1] INFO  statemachine.DatanodeStateMachine (DatanodeStateMachine.java:stopDaemon(395)) - Ozone container server stopped.
2019-09-12 10:17:11,100 [main] INFO  statemachine.DatanodeStateMachine (DatanodeStateMachine.java:stopDaemon(395)) - Ozone container server stopped.
2019-09-12 10:17:11,103 [ForkJoinPool.commonPool-worker-1] INFO  handler.ContextHandler (ContextHandler.java:doStop(910)) - Stopped o.e.j.w.WebAppContext@4f89331f{/,null,UNAVAILABLE}{/hddsDatanode}
2019-09-12 10:17:11,104 [main] INFO  handler.ContextHandler (ContextHandler.java:doStop(910)) - Stopped o.e.j.w.WebAppContext@6dd79214{/,null,UNAVAILABLE}{/hddsDatanode}
2019-09-12 10:17:11,104 [ForkJoinPool.commonPool-worker-1] INFO  server.AbstractConnector (AbstractConnector.java:doStop(318)) - Stopped ServerConnector@618ff5c2{HTTP/1.1,[http/1.1]}{0.0.0.0:0}
2019-09-12 10:17:11,105 [ForkJoinPool.commonPool-worker-1] INFO  handler.ContextHandler (ContextHandler.java:doStop(910)) - Stopped o.e.j.s.ServletContextHandler@58f39564{/static,jar:file:/home/user/.m2/repository/org/apache/hadoop/hadoop-hdds-container-service/0.5.0-SNAPSHOT/hadoop-hdds-container-service-0.5.0-SNAPSHOT.jar!/webapps/static,UNAVAILABLE}
2019-09-12 10:17:11,105 [main] INFO  server.AbstractConnector (AbstractConnector.java:doStop(318)) - Stopped ServerConnector@ef86c72{HTTP/1.1,[http/1.1]}{0.0.0.0:0}
2019-09-12 10:17:11,106 [ForkJoinPool.commonPool-worker-1] INFO  handler.ContextHandler (ContextHandler.java:doStop(910)) - Stopped o.e.j.s.ServletContextHandler@3f0d6038{/logs,file:///workdir/hadoop-ozone/integration-test/target/log,UNAVAILABLE}
2019-09-12 10:17:11,106 [main] INFO  handler.ContextHandler (ContextHandler.java:doStop(910)) - Stopped o.e.j.s.ServletContextHandler@77324a58{/static,jar:file:/home/user/.m2/repository/org/apache/hadoop/hadoop-hdds-container-service/0.5.0-SNAPSHOT/hadoop-hdds-container-service-0.5.0-SNAPSHOT.jar!/webapps/static,UNAVAILABLE}
2019-09-12 10:17:11,108 [main] INFO  handler.ContextHandler (ContextHandler.java:doStop(910)) - Stopped o.e.j.s.ServletContextHandler@5329f6b3{/logs,file:///workdir/hadoop-ozone/integration-test/target/log,UNAVAILABLE}
2019-09-12 10:17:11,109 [main] INFO  ozone.MiniOzoneClusterImpl (MiniOzoneClusterImpl.java:stop(353)) - Stopping the StorageContainerManager
2019-09-12 10:17:11,109 [main] INFO  server.StorageContainerManager (StorageContainerManager.java:stop(797)) - Stopping Replication Manager Service.
2019-09-12 10:17:11,110 [main] INFO  container.ReplicationManager (ReplicationManager.java:stop(192)) - Stopping Replication Monitor Thread.
2019-09-12 10:17:11,110 [main] INFO  server.StorageContainerManager (StorageContainerManager.java:stop(804)) - Stopping Lease Manager of the command watchers
2019-09-12 10:17:11,111 [main] INFO  server.StorageContainerManager (StorageContainerManager.java:stop(811)) - Stopping datanode service RPC server
2019-09-12 10:17:11,111 [main] INFO  server.SCMDatanodeProtocolServer (SCMDatanodeProtocolServer.java:stop(367)) - Stopping the RPC server for DataNodes
2019-09-12 10:17:11,111 [main] INFO  ipc.Server (Server.java:stop(3082)) - Stopping server on 39331
2019-09-12 10:17:11,115 [IPC Server listener on 39331] INFO  ipc.Server (Server.java:run(1185)) - Stopping IPC Server listener on 39331
2019-09-12 10:17:11,115 [IPC Server Responder] INFO  ipc.Server (Server.java:run(1319)) - Stopping IPC Server Responder
2019-09-12 10:17:11,732 [SCM Heartbeat Processing Thread - 0] WARN  node.NodeStateManager (NodeStateManager.java:scheduleNextHealthCheck(655)) - Current Thread is interrupted, shutting down HB processing thread for Node Manager.
2019-09-12 10:17:11,733 [main] INFO  server.StorageContainerManager (StorageContainerManager.java:stop(819)) - Stopping block service RPC server
2019-09-12 10:17:11,733 [main] INFO  server.SCMBlockProtocolServer (SCMBlockProtocolServer.java:stop(148)) - Stopping the RPC server for Block Protocol
2019-09-12 10:17:11,734 [main] INFO  ipc.Server (Server.java:stop(3082)) - Stopping server on 44401
2019-09-12 10:17:11,736 [main] INFO  server.StorageContainerManager (StorageContainerManager.java:stop(826)) - Stopping the StorageContainerLocationProtocol RPC server
2019-09-12 10:17:11,736 [IPC Server listener on 44401] INFO  ipc.Server (Server.java:run(1185)) - Stopping IPC Server listener on 44401
2019-09-12 10:17:11,736 [IPC Server Responder] INFO  ipc.Server (Server.java:run(1319)) - Stopping IPC Server Responder
2019-09-12 10:17:11,736 [main] INFO  server.SCMClientProtocolServer (SCMClientProtocolServer.java:stop(159)) - Stopping the RPC server for Client Protocol
2019-09-12 10:17:11,737 [main] INFO  ipc.Server (Server.java:stop(3082)) - Stopping server on 37358
2019-09-12 10:17:11,740 [IPC Server listener on 37358] INFO  ipc.Server (Server.java:run(1185)) - Stopping IPC Server listener on 37358
2019-09-12 10:17:11,740 [IPC Server Responder] INFO  ipc.Server (Server.java:run(1319)) - Stopping IPC Server Responder
2019-09-12 10:17:11,740 [main] INFO  server.StorageContainerManager (StorageContainerManager.java:stop(833)) - Stopping Storage Container Manager HTTP server.
2019-09-12 10:17:11,742 [main] INFO  handler.ContextHandler (ContextHandler.java:doStop(910)) - Stopped o.e.j.w.WebAppContext@51768776{/,null,UNAVAILABLE}{/scm}
2019-09-12 10:17:11,743 [main] INFO  server.AbstractConnector (AbstractConnector.java:doStop(318)) - Stopped ServerConnector@30b34287{HTTP/1.1,[http/1.1]}{0.0.0.0:0}
2019-09-12 10:17:11,743 [main] INFO  handler.ContextHandler (ContextHandler.java:doStop(910)) - Stopped o.e.j.s.ServletContextHandler@2371aaca{/static,file:///workdir/hadoop-ozone/integration-test/target/test-classes/webapps/static,UNAVAILABLE}
2019-09-12 10:17:11,744 [main] INFO  handler.ContextHandler (ContextHandler.java:doStop(910)) - Stopped o.e.j.s.ServletContextHandler@1755e85b{/logs,file:///workdir/hadoop-ozone/integration-test/target/log,UNAVAILABLE}
2019-09-12 10:17:11,746 [main] INFO  server.StorageContainerManager (StorageContainerManager.java:stop(844)) - Stopping Block Manager Service.
2019-09-12 10:17:11,746 [main] INFO  utils.BackgroundService (BackgroundService.java:shutdown(148)) - Shutting down service SCMBlockDeletingService
2019-09-12 10:17:11,746 [main] INFO  utils.BackgroundService (BackgroundService.java:shutdown(148)) - Shutting down service SCMBlockDeletingService
2019-09-12 10:17:11,747 [main] INFO  server.StorageContainerManager (StorageContainerManager.java:stop(866)) - Stopping SCM Event Queue.
2019-09-12 10:17:11,757 [main] INFO  impl.MetricsSystemImpl (MetricsSystemImpl.java:stop(210)) - Stopping HddsDatanode metrics system...
2019-09-12 10:17:11,768 [main] INFO  impl.MetricsSystemImpl (MetricsSystemImpl.java:stop(216)) - HddsDatanode metrics system stopped.
]]></system-out>
    <system-err><![CDATA[Sep 12, 2019 10:16:46 AM com.sun.jersey.server.impl.application.WebApplicationImpl _initiate
INFO: Initiating Jersey application, version 'Jersey: 1.19 02/11/2015 03:25 AM'
Sep 12, 2019 10:16:47 AM com.sun.jersey.server.impl.application.WebApplicationImpl _initiate
INFO: Initiating Jersey application, version 'Jersey: 1.19 02/11/2015 03:25 AM'
Sep 12, 2019 10:16:48 AM com.sun.jersey.server.impl.application.WebApplicationImpl _initiate
INFO: Initiating Jersey application, version 'Jersey: 1.19 02/11/2015 03:25 AM'
Sep 12, 2019 10:16:48 AM com.sun.jersey.server.impl.application.WebApplicationImpl _initiate
INFO: Initiating Jersey application, version 'Jersey: 1.19 02/11/2015 03:25 AM'
Sep 12, 2019 10:16:48 AM com.sun.jersey.server.impl.application.WebApplicationImpl _initiate
INFO: Initiating Jersey application, version 'Jersey: 1.19 02/11/2015 03:25 AM'
Sep 12, 2019 10:16:48 AM com.sun.jersey.server.impl.application.WebApplicationImpl _initiate
INFO: Initiating Jersey application, version 'Jersey: 1.19 02/11/2015 03:25 AM'
]]></system-err>
  </testcase>
</testsuite>