<?xml version="1.0" encoding="UTF-8"?>
<testsuite xmlns:xsi="http://www.w3.org/2001/XMLSchema-instance" xsi:noNamespaceSchemaLocation="https://maven.apache.org/surefire/maven-surefire-plugin/xsd/surefire-test-report.xsd" name="org.apache.hadoop.ozone.client.rpc.TestHybridPipelineOnDatanode" time="29.993" tests="1" errors="1" skipped="0" failures="0">
  <properties>
    <property name="awt.toolkit" value="sun.awt.X11.XToolkit"/>
    <property name="file.encoding.pkg" value="sun.io"/>
    <property name="java.specification.version" value="1.8"/>
    <property name="sun.cpu.isalist" value=""/>
    <property name="sun.jnu.encoding" value="UTF-8"/>
    <property name="java.class.path" value="/workdir/hadoop-ozone/integration-test/target/test-classes:/workdir/hadoop-ozone/integration-test/target/classes:/home/user/.m2/repository/org/apache/hadoop/hadoop-ozone-common/0.5.0-SNAPSHOT/hadoop-ozone-common-0.5.0-SNAPSHOT.jar:/home/user/.m2/repository/org/apache/commons/commons-compress/1.4.1/commons-compress-1.4.1.jar:/home/user/.m2/repository/org/tukaani/xz/1.0/xz-1.0.jar:/home/user/.m2/repository/org/apache/hadoop/hadoop-common/3.2.0/hadoop-common-3.2.0.jar:/home/user/.m2/repository/org/apache/hadoop/hadoop-hdfs/3.2.0/hadoop-hdfs-3.2.0.jar:/home/user/.m2/repository/org/apache/hadoop/hadoop-hdfs-client/3.2.0/hadoop-hdfs-client-3.2.0.jar:/home/user/.m2/repository/com/fasterxml/jackson/core/jackson-annotations/2.9.5/jackson-annotations-2.9.5.jar:/home/user/.m2/repository/org/apache/hadoop/hadoop-hdds-common/0.5.0-SNAPSHOT/hadoop-hdds-common-0.5.0-SNAPSHOT.jar:/home/user/.m2/repository/javax/annotation/javax.annotation-api/1.2/javax.annotation-api-1.2.jar:/home/user/.m2/repository/org/apache/ratis/ratis-server/0.4.0-2337318-SNAPSHOT/ratis-server-0.4.0-2337318-SNAPSHOT.jar:/home/user/.m2/repository/org/apache/ratis/ratis-thirdparty-misc/0.2.0/ratis-thirdparty-misc-0.2.0.jar:/home/user/.m2/repository/org/apache/ratis/ratis-proto/0.4.0-2337318-SNAPSHOT/ratis-proto-0.4.0-2337318-SNAPSHOT.jar:/home/user/.m2/repository/org/apache/ratis/ratis-common/0.4.0-2337318-SNAPSHOT/ratis-common-0.4.0-2337318-SNAPSHOT.jar:/home/user/.m2/repository/org/apache/ratis/ratis-client/0.4.0-2337318-SNAPSHOT/ratis-client-0.4.0-2337318-SNAPSHOT.jar:/home/user/.m2/repository/org/apache/ratis/ratis-metrics/0.4.0-2337318-SNAPSHOT/ratis-metrics-0.4.0-2337318-SNAPSHOT.jar:/home/user/.m2/repository/org/apache/ratis/ratis-netty/0.4.0-2337318-SNAPSHOT/ratis-netty-0.4.0-2337318-SNAPSHOT.jar:/home/user/.m2/repository/org/apache/ratis/ratis-grpc/0.4.0-2337318-SNAPSHOT/ratis-grpc-0.4.0-2337318-SNAPSHOT.jar:/home/user/.m2/repository/org/rocksdb/rocksdbjni/6.0.1/rocksdbjni-6.0.1.jar:/home/user/.m2/repository/org/apache/logging/log4j/log4j-api/2.11.0/log4j-api-2.11.0.jar:/home/user/.m2/repository/org/apache/logging/log4j/log4j-core/2.11.0/log4j-core-2.11.0.jar:/home/user/.m2/repository/com/lmax/disruptor/3.4.2/disruptor-3.4.2.jar:/home/user/.m2/repository/org/apache/commons/commons-pool2/2.6.0/commons-pool2-2.6.0.jar:/home/user/.m2/repository/org/bouncycastle/bcpkix-jdk15on/1.60/bcpkix-jdk15on-1.60.jar:/home/user/.m2/repository/commons-validator/commons-validator/1.6/commons-validator-1.6.jar:/home/user/.m2/repository/commons-digester/commons-digester/1.8.1/commons-digester-1.8.1.jar:/home/user/.m2/repository/io/jaegertracing/jaeger-client/0.33.1/jaeger-client-0.33.1.jar:/home/user/.m2/repository/io/jaegertracing/jaeger-thrift/0.33.1/jaeger-thrift-0.33.1.jar:/home/user/.m2/repository/org/apache/thrift/libthrift/0.11.0/libthrift-0.11.0.jar:/home/user/.m2/repository/com/squareup/okhttp3/okhttp/3.9.0/okhttp-3.9.0.jar:/home/user/.m2/repository/com/squareup/okio/okio/1.13.0/okio-1.13.0.jar:/home/user/.m2/repository/io/jaegertracing/jaeger-core/0.33.1/jaeger-core-0.33.1.jar:/home/user/.m2/repository/io/jaegertracing/jaeger-tracerresolver/0.33.1/jaeger-tracerresolver-0.33.1.jar:/home/user/.m2/repository/io/opentracing/contrib/opentracing-tracerresolver/0.1.5/opentracing-tracerresolver-0.1.5.jar:/home/user/.m2/repository/io/opentracing/opentracing-util/0.31.0/opentracing-util-0.31.0.jar:/home/user/.m2/repository/io/opentracing/opentracing-api/0.31.0/opentracing-api-0.31.0.jar:/home/user/.m2/repository/io/opentracing/opentracing-noop/0.31.0/opentracing-noop-0.31.0.jar:/home/user/.m2/repository/org/apache/hadoop/hadoop-hdds-server-framework/0.5.0-SNAPSHOT/hadoop-hdds-server-framework-0.5.0-SNAPSHOT.jar:/home/user/.m2/repository/org/apache/hadoop/hadoop-hdds-container-service/0.5.0-SNAPSHOT/hadoop-hdds-container-service-0.5.0-SNAPSHOT.jar:/home/user/.m2/repository/org/apache/hadoop/hadoop-hdds-client/0.5.0-SNAPSHOT/hadoop-hdds-client-0.5.0-SNAPSHOT.jar:/home/user/.m2/repository/org/apache/hadoop/hadoop-hdds-tools/0.5.0-SNAPSHOT/hadoop-hdds-tools-0.5.0-SNAPSHOT.jar:/home/user/.m2/repository/org/apache/hadoop/hadoop-hdds-server-scm/0.5.0-SNAPSHOT/hadoop-hdds-server-scm-0.5.0-SNAPSHOT.jar:/home/user/.m2/repository/org/apache/hadoop/hadoop-hdds-docs/0.5.0-SNAPSHOT/hadoop-hdds-docs-0.5.0-SNAPSHOT.jar:/home/user/.m2/repository/io/dropwizard/metrics/metrics-core/3.2.4/metrics-core-3.2.4.jar:/home/user/.m2/repository/org/hamcrest/hamcrest-all/1.3/hamcrest-all-1.3.jar:/home/user/.m2/repository/org/bouncycastle/bcprov-jdk15on/1.60/bcprov-jdk15on-1.60.jar:/home/user/.m2/repository/info/picocli/picocli/3.9.6/picocli-3.9.6.jar:/home/user/.m2/repository/com/google/protobuf/protobuf-java/2.5.0/protobuf-java-2.5.0.jar:/home/user/.m2/repository/com/google/guava/guava/11.0.2/guava-11.0.2.jar:/home/user/.m2/repository/org/apache/hadoop/hadoop-ozone-ozone-manager/0.5.0-SNAPSHOT/hadoop-ozone-ozone-manager-0.5.0-SNAPSHOT.jar:/home/user/.m2/repository/org/apache/hadoop/hadoop-minikdc/3.2.0/hadoop-minikdc-3.2.0.jar:/home/user/.m2/repository/commons-io/commons-io/2.5/commons-io-2.5.jar:/home/user/.m2/repository/org/apache/kerby/kerb-simplekdc/1.0.1/kerb-simplekdc-1.0.1.jar:/home/user/.m2/repository/org/apache/kerby/kerb-client/1.0.1/kerb-client-1.0.1.jar:/home/user/.m2/repository/org/apache/kerby/kerby-config/1.0.1/kerby-config-1.0.1.jar:/home/user/.m2/repository/org/apache/kerby/kerb-core/1.0.1/kerb-core-1.0.1.jar:/home/user/.m2/repository/org/apache/kerby/kerby-pkix/1.0.1/kerby-pkix-1.0.1.jar:/home/user/.m2/repository/org/apache/kerby/kerby-asn1/1.0.1/kerby-asn1-1.0.1.jar:/home/user/.m2/repository/org/apache/kerby/kerby-util/1.0.1/kerby-util-1.0.1.jar:/home/user/.m2/repository/org/apache/kerby/kerb-common/1.0.1/kerb-common-1.0.1.jar:/home/user/.m2/repository/org/apache/kerby/kerb-crypto/1.0.1/kerb-crypto-1.0.1.jar:/home/user/.m2/repository/org/apache/kerby/kerb-util/1.0.1/kerb-util-1.0.1.jar:/home/user/.m2/repository/org/apache/kerby/token-provider/1.0.1/token-provider-1.0.1.jar:/home/user/.m2/repository/org/apache/kerby/kerb-admin/1.0.1/kerb-admin-1.0.1.jar:/home/user/.m2/repository/org/apache/kerby/kerb-server/1.0.1/kerb-server-1.0.1.jar:/home/user/.m2/repository/org/apache/kerby/kerb-identity/1.0.1/kerb-identity-1.0.1.jar:/home/user/.m2/repository/org/apache/kerby/kerby-xdr/1.0.1/kerby-xdr-1.0.1.jar:/home/user/.m2/repository/org/slf4j/slf4j-log4j12/1.7.25/slf4j-log4j12-1.7.25.jar:/home/user/.m2/repository/org/apache/hadoop/hadoop-ozone-objectstore-service/0.5.0-SNAPSHOT/hadoop-ozone-objectstore-service-0.5.0-SNAPSHOT.jar:/home/user/.m2/repository/org/apache/hadoop/hadoop-ozone-s3gateway/0.5.0-SNAPSHOT/hadoop-ozone-s3gateway-0.5.0-SNAPSHOT.jar:/home/user/.m2/repository/org/jboss/weld/servlet/weld-servlet/2.4.7.Final/weld-servlet-2.4.7.Final.jar:/home/user/.m2/repository/org/glassfish/jersey/containers/jersey-container-servlet-core/2.27/jersey-container-servlet-core-2.27.jar:/home/user/.m2/repository/org/glassfish/hk2/external/javax.inject/2.5.0-b42/javax.inject-2.5.0-b42.jar:/home/user/.m2/repository/org/glassfish/jersey/core/jersey-common/2.27/jersey-common-2.27.jar:/home/user/.m2/repository/org/glassfish/hk2/osgi-resource-locator/1.0.1/osgi-resource-locator-1.0.1.jar:/home/user/.m2/repository/javax/ws/rs/javax.ws.rs-api/2.1/javax.ws.rs-api-2.1.jar:/home/user/.m2/repository/org/glassfish/jersey/ext/cdi/jersey-cdi1x/2.27/jersey-cdi1x-2.27.jar:/home/user/.m2/repository/org/glassfish/jersey/inject/jersey-hk2/2.27/jersey-hk2-2.27.jar:/home/user/.m2/repository/org/glassfish/hk2/hk2-locator/2.5.0-b42/hk2-locator-2.5.0-b42.jar:/home/user/.m2/repository/org/javassist/javassist/3.22.0-CR2/javassist-3.22.0-CR2.jar:/home/user/.m2/repository/org/glassfish/hk2/hk2-api/2.5.0/hk2-api-2.5.0.jar:/home/user/.m2/repository/org/glassfish/hk2/external/jakarta.inject/2.5.0/jakarta.inject-2.5.0.jar:/home/user/.m2/repository/org/glassfish/hk2/hk2-utils/2.5.0/hk2-utils-2.5.0.jar:/home/user/.m2/repository/jakarta/annotation/jakarta.annotation-api/1.3.4/jakarta.annotation-api-1.3.4.jar:/home/user/.m2/repository/org/glassfish/hk2/external/aopalliance-repackaged/2.5.0/aopalliance-repackaged-2.5.0.jar:/home/user/.m2/repository/com/fasterxml/jackson/dataformat/jackson-dataformat-xml/2.9.0/jackson-dataformat-xml-2.9.0.jar:/home/user/.m2/repository/com/fasterxml/jackson/core/jackson-core/2.9.5/jackson-core-2.9.5.jar:/home/user/.m2/repository/com/fasterxml/jackson/module/jackson-module-jaxb-annotations/2.9.5/jackson-module-jaxb-annotations-2.9.5.jar:/home/user/.m2/repository/javax/enterprise/cdi-api/1.2/cdi-api-1.2.jar:/home/user/.m2/repository/javax/el/javax.el-api/3.0.0/javax.el-api-3.0.0.jar:/home/user/.m2/repository/javax/interceptor/javax.interceptor-api/1.2/javax.interceptor-api-1.2.jar:/home/user/.m2/repository/javax/inject/javax.inject/1/javax.inject-1.jar:/home/user/.m2/repository/com/sun/xml/bind/jaxb-impl/2.3.0.1/jaxb-impl-2.3.0.1.jar:/home/user/.m2/repository/com/sun/xml/bind/jaxb-core/2.3.0.1/jaxb-core-2.3.0.1.jar:/home/user/.m2/repository/javax/xml/bind/jaxb-api/2.3.0/jaxb-api-2.3.0.jar:/home/user/.m2/repository/javax/activation/activation/1.1.1/activation-1.1.1.jar:/home/user/.m2/repository/org/apache/hadoop/hadoop-ozone-csi/0.5.0-SNAPSHOT/hadoop-ozone-csi-0.5.0-SNAPSHOT.jar:/home/user/.m2/repository/com/google/protobuf/protobuf-java-util/3.5.1/protobuf-java-util-3.5.1.jar:/home/user/.m2/repository/org/apache/hadoop/hadoop-hdds-config/0.5.0-SNAPSHOT/hadoop-hdds-config-0.5.0-SNAPSHOT.jar:/home/user/.m2/repository/io/grpc/grpc-netty/1.17.1/grpc-netty-1.17.1.jar:/home/user/.m2/repository/io/grpc/grpc-core/1.17.1/grpc-core-1.17.1.jar:/home/user/.m2/repository/io/grpc/grpc-context/1.17.1/grpc-context-1.17.1.jar:/home/user/.m2/repository/com/google/errorprone/error_prone_annotations/2.2.0/error_prone_annotations-2.2.0.jar:/home/user/.m2/repository/org/codehaus/mojo/animal-sniffer-annotations/1.17/animal-sniffer-annotations-1.17.jar:/home/user/.m2/repository/io/opencensus/opencensus-api/0.17.0/opencensus-api-0.17.0.jar:/home/user/.m2/repository/io/opencensus/opencensus-contrib-grpc-metrics/0.17.0/opencensus-contrib-grpc-metrics-0.17.0.jar:/home/user/.m2/repository/io/netty/netty-codec-http2/4.1.30.Final/netty-codec-http2-4.1.30.Final.jar:/home/user/.m2/repository/io/netty/netty-codec-http/4.1.30.Final/netty-codec-http-4.1.30.Final.jar:/home/user/.m2/repository/io/netty/netty-codec/4.1.30.Final/netty-codec-4.1.30.Final.jar:/home/user/.m2/repository/io/netty/netty-handler/4.1.30.Final/netty-handler-4.1.30.Final.jar:/home/user/.m2/repository/io/netty/netty-handler-proxy/4.1.30.Final/netty-handler-proxy-4.1.30.Final.jar:/home/user/.m2/repository/io/netty/netty-codec-socks/4.1.30.Final/netty-codec-socks-4.1.30.Final.jar:/home/user/.m2/repository/io/netty/netty-transport-native-epoll/4.1.30.Final/netty-transport-native-epoll-4.1.30.Final.jar:/home/user/.m2/repository/io/netty/netty-common/4.1.30.Final/netty-common-4.1.30.Final.jar:/home/user/.m2/repository/io/netty/netty-buffer/4.1.30.Final/netty-buffer-4.1.30.Final.jar:/home/user/.m2/repository/io/netty/netty-transport/4.1.30.Final/netty-transport-4.1.30.Final.jar:/home/user/.m2/repository/io/netty/netty-resolver/4.1.30.Final/netty-resolver-4.1.30.Final.jar:/home/user/.m2/repository/io/netty/netty-transport-native-unix-common/4.1.30.Final/netty-transport-native-unix-common-4.1.30.Final.jar:/home/user/.m2/repository/io/grpc/grpc-protobuf/1.17.1/grpc-protobuf-1.17.1.jar:/home/user/.m2/repository/com/google/api/grpc/proto-google-common-protos/1.0.0/proto-google-common-protos-1.0.0.jar:/home/user/.m2/repository/io/grpc/grpc-protobuf-lite/1.17.1/grpc-protobuf-lite-1.17.1.jar:/home/user/.m2/repository/io/grpc/grpc-stub/1.17.1/grpc-stub-1.17.1.jar:/home/user/.m2/repository/org/apache/hadoop/hadoop-ozone-recon/0.5.0-SNAPSHOT/hadoop-ozone-recon-0.5.0-SNAPSHOT.jar:/home/user/.m2/repository/org/apache/hadoop/hadoop-ozone-reconcodegen/0.5.0-SNAPSHOT/hadoop-ozone-reconcodegen-0.5.0-SNAPSHOT.jar:/home/user/.m2/repository/com/google/inject/extensions/guice-multibindings/4.0/guice-multibindings-4.0.jar:/home/user/.m2/repository/com/google/inject/guice/4.0/guice-4.0.jar:/home/user/.m2/repository/aopalliance/aopalliance/1.0/aopalliance-1.0.jar:/home/user/.m2/repository/com/google/inject/extensions/guice-servlet/4.0/guice-servlet-4.0.jar:/home/user/.m2/repository/org/glassfish/jersey/containers/jersey-container-servlet/2.27/jersey-container-servlet-2.27.jar:/home/user/.m2/repository/org/glassfish/hk2/guice-bridge/2.5.0/guice-bridge-2.5.0.jar:/home/user/.m2/repository/org/glassfish/jersey/core/jersey-server/2.27/jersey-server-2.27.jar:/home/user/.m2/repository/org/glassfish/jersey/core/jersey-client/2.27/jersey-client-2.27.jar:/home/user/.m2/repository/org/glassfish/jersey/media/jersey-media-jaxb/2.27/jersey-media-jaxb-2.27.jar:/home/user/.m2/repository/javax/validation/validation-api/1.1.0.Final/validation-api-1.1.0.Final.jar:/home/user/.m2/repository/org/glassfish/jersey/media/jersey-media-json-jackson/2.27/jersey-media-json-jackson-2.27.jar:/home/user/.m2/repository/org/glassfish/jersey/ext/jersey-entity-filtering/2.27/jersey-entity-filtering-2.27.jar:/home/user/.m2/repository/com/google/inject/extensions/guice-assistedinject/4.0/guice-assistedinject-4.0.jar:/home/user/.m2/repository/org/jooq/jooq/3.11.10/jooq-3.11.10.jar:/home/user/.m2/repository/org/jooq/jooq-meta/3.11.10/jooq-meta-3.11.10.jar:/home/user/.m2/repository/org/jooq/jooq-codegen/3.11.10/jooq-codegen-3.11.10.jar:/home/user/.m2/repository/com/jolbox/bonecp/0.8.0.RELEASE/bonecp-0.8.0.RELEASE.jar:/home/user/.m2/repository/org/xerial/sqlite-jdbc/3.25.2/sqlite-jdbc-3.25.2.jar:/home/user/.m2/repository/org/springframework/spring-jdbc/5.1.3.RELEASE/spring-jdbc-5.1.3.RELEASE.jar:/home/user/.m2/repository/org/springframework/spring-beans/5.1.3.RELEASE/spring-beans-5.1.3.RELEASE.jar:/home/user/.m2/repository/org/springframework/spring-core/5.1.3.RELEASE/spring-core-5.1.3.RELEASE.jar:/home/user/.m2/repository/org/springframework/spring-jcl/5.1.3.RELEASE/spring-jcl-5.1.3.RELEASE.jar:/home/user/.m2/repository/org/springframework/spring-tx/5.1.3.RELEASE/spring-tx-5.1.3.RELEASE.jar:/home/user/.m2/repository/org/apache/hadoop/hadoop-ozone-client/0.5.0-SNAPSHOT/hadoop-ozone-client-0.5.0-SNAPSHOT.jar:/home/user/.m2/repository/commons-lang/commons-lang/2.6/commons-lang-2.6.jar:/home/user/.m2/repository/org/apache/hadoop/hadoop-ozone-ozone-manager/0.5.0-SNAPSHOT/hadoop-ozone-ozone-manager-0.5.0-SNAPSHOT-tests.jar:/home/user/.m2/repository/junit/junit/4.11/junit-4.11.jar:/home/user/.m2/repository/org/hamcrest/hamcrest-core/1.3/hamcrest-core-1.3.jar:/home/user/.m2/repository/org/openjdk/jmh/jmh-core/1.19/jmh-core-1.19.jar:/home/user/.m2/repository/net/sf/jopt-simple/jopt-simple/4.6/jopt-simple-4.6.jar:/home/user/.m2/repository/org/apache/commons/commons-math3/3.1.1/commons-math3-3.1.1.jar:/home/user/.m2/repository/org/openjdk/jmh/jmh-generator-annprocess/1.19/jmh-generator-annprocess-1.19.jar:/home/user/.m2/repository/org/mockito/mockito-all/1.8.5/mockito-all-1.8.5.jar:/home/user/.m2/repository/org/apache/hadoop/hadoop-kms/3.2.0/hadoop-kms-3.2.0.jar:/home/user/.m2/repository/org/apache/hadoop/hadoop-auth/3.2.0/hadoop-auth-3.2.0.jar:/home/user/.m2/repository/com/nimbusds/nimbus-jose-jwt/4.41.1/nimbus-jose-jwt-4.41.1.jar:/home/user/.m2/repository/com/github/stephenc/jcip/jcip-annotations/1.0-1/jcip-annotations-1.0-1.jar:/home/user/.m2/repository/net/minidev/json-smart/2.3/json-smart-2.3.jar:/home/user/.m2/repository/net/minidev/accessors-smart/1.2/accessors-smart-1.2.jar:/home/user/.m2/repository/org/ow2/asm/asm/5.0.4/asm-5.0.4.jar:/home/user/.m2/repository/org/apache/curator/curator-framework/2.12.0/curator-framework-2.12.0.jar:/home/user/.m2/repository/com/sun/jersey/jersey-core/1.19/jersey-core-1.19.jar:/home/user/.m2/repository/javax/ws/rs/jsr311-api/1.1.1/jsr311-api-1.1.1.jar:/home/user/.m2/repository/com/sun/jersey/jersey-server/1.19/jersey-server-1.19.jar:/home/user/.m2/repository/javax/servlet/javax.servlet-api/3.1.0/javax.servlet-api-3.1.0.jar:/home/user/.m2/repository/org/eclipse/jetty/jetty-server/9.3.24.v20180605/jetty-server-9.3.24.v20180605.jar:/home/user/.m2/repository/org/eclipse/jetty/jetty-http/9.3.24.v20180605/jetty-http-9.3.24.v20180605.jar:/home/user/.m2/repository/org/eclipse/jetty/jetty-io/9.3.24.v20180605/jetty-io-9.3.24.v20180605.jar:/home/user/.m2/repository/org/eclipse/jetty/jetty-webapp/9.3.24.v20180605/jetty-webapp-9.3.24.v20180605.jar:/home/user/.m2/repository/org/eclipse/jetty/jetty-xml/9.3.24.v20180605/jetty-xml-9.3.24.v20180605.jar:/home/user/.m2/repository/log4j/log4j/1.2.17/log4j-1.2.17.jar:/home/user/.m2/repository/org/slf4j/slf4j-api/1.7.25/slf4j-api-1.7.25.jar:/home/user/.m2/repository/org/slf4j/jul-to-slf4j/1.7.25/jul-to-slf4j-1.7.25.jar:/home/user/.m2/repository/org/eclipse/jetty/jetty-util/9.3.24.v20180605/jetty-util-9.3.24.v20180605.jar:/home/user/.m2/repository/com/fasterxml/jackson/core/jackson-databind/2.9.5/jackson-databind-2.9.5.jar:/home/user/.m2/repository/org/apache/hadoop/hadoop-kms/3.2.0/hadoop-kms-3.2.0-tests.jar:/home/user/.m2/repository/org/apache/hadoop/hadoop-hdds-server-scm/0.5.0-SNAPSHOT/hadoop-hdds-server-scm-0.5.0-SNAPSHOT-tests.jar:/home/user/.m2/repository/org/apache/hadoop/hadoop-hdds-container-service/0.5.0-SNAPSHOT/hadoop-hdds-container-service-0.5.0-SNAPSHOT-tests.jar:/home/user/.m2/repository/org/yaml/snakeyaml/1.16/snakeyaml-1.16.jar:/home/user/.m2/repository/org/apache/hadoop/hadoop-common/3.2.0/hadoop-common-3.2.0-tests.jar:/home/user/.m2/repository/org/apache/hadoop/hadoop-annotations/3.2.0/hadoop-annotations-3.2.0.jar:/usr/lib/jvm/java-1.8-openjdk/jre/../lib/tools.jar:/home/user/.m2/repository/commons-cli/commons-cli/1.2/commons-cli-1.2.jar:/home/user/.m2/repository/org/apache/httpcomponents/httpclient/4.5.2/httpclient-4.5.2.jar:/home/user/.m2/repository/org/apache/httpcomponents/httpcore/4.4.4/httpcore-4.4.4.jar:/home/user/.m2/repository/commons-codec/commons-codec/1.11/commons-codec-1.11.jar:/home/user/.m2/repository/commons-net/commons-net/3.6/commons-net-3.6.jar:/home/user/.m2/repository/commons-collections/commons-collections/3.2.2/commons-collections-3.2.2.jar:/home/user/.m2/repository/org/eclipse/jetty/jetty-servlet/9.3.24.v20180605/jetty-servlet-9.3.24.v20180605.jar:/home/user/.m2/repository/org/eclipse/jetty/jetty-security/9.3.24.v20180605/jetty-security-9.3.24.v20180605.jar:/home/user/.m2/repository/javax/servlet/jsp/jsp-api/2.1/jsp-api-2.1.jar:/home/user/.m2/repository/com/sun/jersey/jersey-servlet/1.19/jersey-servlet-1.19.jar:/home/user/.m2/repository/com/sun/jersey/jersey-json/1.19/jersey-json-1.19.jar:/home/user/.m2/repository/org/codehaus/jettison/jettison/1.1/jettison-1.1.jar:/home/user/.m2/repository/org/codehaus/jackson/jackson-core-asl/1.9.13/jackson-core-asl-1.9.13.jar:/home/user/.m2/repository/org/codehaus/jackson/jackson-mapper-asl/1.9.13/jackson-mapper-asl-1.9.13.jar:/home/user/.m2/repository/org/codehaus/jackson/jackson-jaxrs/1.9.13/jackson-jaxrs-1.9.13.jar:/home/user/.m2/repository/org/codehaus/jackson/jackson-xc/1.9.13/jackson-xc-1.9.13.jar:/home/user/.m2/repository/commons-logging/commons-logging/1.1.3/commons-logging-1.1.3.jar:/home/user/.m2/repository/commons-beanutils/commons-beanutils/1.9.3/commons-beanutils-1.9.3.jar:/home/user/.m2/repository/org/apache/commons/commons-configuration2/2.1.1/commons-configuration2-2.1.1.jar:/home/user/.m2/repository/org/apache/commons/commons-lang3/3.7/commons-lang3-3.7.jar:/home/user/.m2/repository/org/apache/commons/commons-text/1.4/commons-text-1.4.jar:/home/user/.m2/repository/org/apache/avro/avro/1.7.7/avro-1.7.7.jar:/home/user/.m2/repository/com/thoughtworks/paranamer/paranamer/2.3/paranamer-2.3.jar:/home/user/.m2/repository/org/xerial/snappy/snappy-java/1.0.5/snappy-java-1.0.5.jar:/home/user/.m2/repository/com/google/re2j/re2j/1.1/re2j-1.1.jar:/home/user/.m2/repository/com/google/code/gson/gson/2.2.4/gson-2.2.4.jar:/home/user/.m2/repository/com/jcraft/jsch/0.1.54/jsch-0.1.54.jar:/home/user/.m2/repository/org/apache/curator/curator-client/2.12.0/curator-client-2.12.0.jar:/home/user/.m2/repository/org/apache/curator/curator-recipes/2.12.0/curator-recipes-2.12.0.jar:/home/user/.m2/repository/com/google/code/findbugs/jsr305/3.0.0/jsr305-3.0.0.jar:/home/user/.m2/repository/org/apache/htrace/htrace-core4/4.1.0-incubating/htrace-core4-4.1.0-incubating.jar:/home/user/.m2/repository/org/apache/zookeeper/zookeeper/3.4.13/zookeeper-3.4.13.jar:/home/user/.m2/repository/org/apache/yetus/audience-annotations/0.5.0/audience-annotations-0.5.0.jar:/home/user/.m2/repository/org/codehaus/woodstox/stax2-api/3.1.4/stax2-api-3.1.4.jar:/home/user/.m2/repository/com/fasterxml/woodstox/woodstox-core/5.0.3/woodstox-core-5.0.3.jar:/home/user/.m2/repository/dnsjava/dnsjava/2.1.7/dnsjava-2.1.7.jar:/home/user/.m2/repository/org/apache/hadoop/hadoop-hdfs/3.2.0/hadoop-hdfs-3.2.0-tests.jar:/home/user/.m2/repository/org/eclipse/jetty/jetty-util-ajax/9.3.24.v20180605/jetty-util-ajax-9.3.24.v20180605.jar:/home/user/.m2/repository/commons-daemon/commons-daemon/1.0.13/commons-daemon-1.0.13.jar:/home/user/.m2/repository/io/netty/netty/3.10.5.Final/netty-3.10.5.Final.jar:/home/user/.m2/repository/io/netty/netty-all/4.0.52.Final/netty-all-4.0.52.Final.jar:/home/user/.m2/repository/org/fusesource/leveldbjni/leveldbjni-all/1.8/leveldbjni-all-1.8.jar:"/>
    <property name="java.vm.vendor" value="IcedTea"/>
    <property name="sun.arch.data.model" value="64"/>
    <property name="test.build.dir" value="/workdir/hadoop-ozone/integration-test/target/test-dir"/>
    <property name="test.cache.data" value=""/>
    <property name="java.vendor.url" value="https://icedtea.classpath.org"/>
    <property name="user.timezone" value=""/>
    <property name="java.vm.specification.version" value="1.8"/>
    <property name="os.name" value="Linux"/>
    <property name="test.build.data" value="/workdir/hadoop-ozone/integration-test/target/test-dir"/>
    <property name="user.country" value="US"/>
    <property name="sun.java.launcher" value="SUN_STANDARD"/>
    <property name="sun.boot.library.path" value="/usr/lib/jvm/java-1.8-openjdk/jre/lib/amd64"/>
    <property name="sun.java.command" value="/workdir/hadoop-ozone/integration-test/target/surefire/surefirebooter3532724179472656575.jar /workdir/hadoop-ozone/integration-test/target/surefire 2019-09-12T10-13-21_360-jvmRun1 surefire4606454545011738403tmp surefire_283340134714876399361tmp"/>
    <property name="test" value="!TestMiniChaosOzoneCluster"/>
    <property name="surefire.test.class.path" value="/workdir/hadoop-ozone/integration-test/target/test-classes:/workdir/hadoop-ozone/integration-test/target/classes:/home/user/.m2/repository/org/apache/hadoop/hadoop-ozone-common/0.5.0-SNAPSHOT/hadoop-ozone-common-0.5.0-SNAPSHOT.jar:/home/user/.m2/repository/org/apache/commons/commons-compress/1.4.1/commons-compress-1.4.1.jar:/home/user/.m2/repository/org/tukaani/xz/1.0/xz-1.0.jar:/home/user/.m2/repository/org/apache/hadoop/hadoop-common/3.2.0/hadoop-common-3.2.0.jar:/home/user/.m2/repository/org/apache/hadoop/hadoop-hdfs/3.2.0/hadoop-hdfs-3.2.0.jar:/home/user/.m2/repository/org/apache/hadoop/hadoop-hdfs-client/3.2.0/hadoop-hdfs-client-3.2.0.jar:/home/user/.m2/repository/com/fasterxml/jackson/core/jackson-annotations/2.9.5/jackson-annotations-2.9.5.jar:/home/user/.m2/repository/org/apache/hadoop/hadoop-hdds-common/0.5.0-SNAPSHOT/hadoop-hdds-common-0.5.0-SNAPSHOT.jar:/home/user/.m2/repository/javax/annotation/javax.annotation-api/1.2/javax.annotation-api-1.2.jar:/home/user/.m2/repository/org/apache/ratis/ratis-server/0.4.0-2337318-SNAPSHOT/ratis-server-0.4.0-2337318-SNAPSHOT.jar:/home/user/.m2/repository/org/apache/ratis/ratis-thirdparty-misc/0.2.0/ratis-thirdparty-misc-0.2.0.jar:/home/user/.m2/repository/org/apache/ratis/ratis-proto/0.4.0-2337318-SNAPSHOT/ratis-proto-0.4.0-2337318-SNAPSHOT.jar:/home/user/.m2/repository/org/apache/ratis/ratis-common/0.4.0-2337318-SNAPSHOT/ratis-common-0.4.0-2337318-SNAPSHOT.jar:/home/user/.m2/repository/org/apache/ratis/ratis-client/0.4.0-2337318-SNAPSHOT/ratis-client-0.4.0-2337318-SNAPSHOT.jar:/home/user/.m2/repository/org/apache/ratis/ratis-metrics/0.4.0-2337318-SNAPSHOT/ratis-metrics-0.4.0-2337318-SNAPSHOT.jar:/home/user/.m2/repository/org/apache/ratis/ratis-netty/0.4.0-2337318-SNAPSHOT/ratis-netty-0.4.0-2337318-SNAPSHOT.jar:/home/user/.m2/repository/org/apache/ratis/ratis-grpc/0.4.0-2337318-SNAPSHOT/ratis-grpc-0.4.0-2337318-SNAPSHOT.jar:/home/user/.m2/repository/org/rocksdb/rocksdbjni/6.0.1/rocksdbjni-6.0.1.jar:/home/user/.m2/repository/org/apache/logging/log4j/log4j-api/2.11.0/log4j-api-2.11.0.jar:/home/user/.m2/repository/org/apache/logging/log4j/log4j-core/2.11.0/log4j-core-2.11.0.jar:/home/user/.m2/repository/com/lmax/disruptor/3.4.2/disruptor-3.4.2.jar:/home/user/.m2/repository/org/apache/commons/commons-pool2/2.6.0/commons-pool2-2.6.0.jar:/home/user/.m2/repository/org/bouncycastle/bcpkix-jdk15on/1.60/bcpkix-jdk15on-1.60.jar:/home/user/.m2/repository/commons-validator/commons-validator/1.6/commons-validator-1.6.jar:/home/user/.m2/repository/commons-digester/commons-digester/1.8.1/commons-digester-1.8.1.jar:/home/user/.m2/repository/io/jaegertracing/jaeger-client/0.33.1/jaeger-client-0.33.1.jar:/home/user/.m2/repository/io/jaegertracing/jaeger-thrift/0.33.1/jaeger-thrift-0.33.1.jar:/home/user/.m2/repository/org/apache/thrift/libthrift/0.11.0/libthrift-0.11.0.jar:/home/user/.m2/repository/com/squareup/okhttp3/okhttp/3.9.0/okhttp-3.9.0.jar:/home/user/.m2/repository/com/squareup/okio/okio/1.13.0/okio-1.13.0.jar:/home/user/.m2/repository/io/jaegertracing/jaeger-core/0.33.1/jaeger-core-0.33.1.jar:/home/user/.m2/repository/io/jaegertracing/jaeger-tracerresolver/0.33.1/jaeger-tracerresolver-0.33.1.jar:/home/user/.m2/repository/io/opentracing/contrib/opentracing-tracerresolver/0.1.5/opentracing-tracerresolver-0.1.5.jar:/home/user/.m2/repository/io/opentracing/opentracing-util/0.31.0/opentracing-util-0.31.0.jar:/home/user/.m2/repository/io/opentracing/opentracing-api/0.31.0/opentracing-api-0.31.0.jar:/home/user/.m2/repository/io/opentracing/opentracing-noop/0.31.0/opentracing-noop-0.31.0.jar:/home/user/.m2/repository/org/apache/hadoop/hadoop-hdds-server-framework/0.5.0-SNAPSHOT/hadoop-hdds-server-framework-0.5.0-SNAPSHOT.jar:/home/user/.m2/repository/org/apache/hadoop/hadoop-hdds-container-service/0.5.0-SNAPSHOT/hadoop-hdds-container-service-0.5.0-SNAPSHOT.jar:/home/user/.m2/repository/org/apache/hadoop/hadoop-hdds-client/0.5.0-SNAPSHOT/hadoop-hdds-client-0.5.0-SNAPSHOT.jar:/home/user/.m2/repository/org/apache/hadoop/hadoop-hdds-tools/0.5.0-SNAPSHOT/hadoop-hdds-tools-0.5.0-SNAPSHOT.jar:/home/user/.m2/repository/org/apache/hadoop/hadoop-hdds-server-scm/0.5.0-SNAPSHOT/hadoop-hdds-server-scm-0.5.0-SNAPSHOT.jar:/home/user/.m2/repository/org/apache/hadoop/hadoop-hdds-docs/0.5.0-SNAPSHOT/hadoop-hdds-docs-0.5.0-SNAPSHOT.jar:/home/user/.m2/repository/io/dropwizard/metrics/metrics-core/3.2.4/metrics-core-3.2.4.jar:/home/user/.m2/repository/org/hamcrest/hamcrest-all/1.3/hamcrest-all-1.3.jar:/home/user/.m2/repository/org/bouncycastle/bcprov-jdk15on/1.60/bcprov-jdk15on-1.60.jar:/home/user/.m2/repository/info/picocli/picocli/3.9.6/picocli-3.9.6.jar:/home/user/.m2/repository/com/google/protobuf/protobuf-java/2.5.0/protobuf-java-2.5.0.jar:/home/user/.m2/repository/com/google/guava/guava/11.0.2/guava-11.0.2.jar:/home/user/.m2/repository/org/apache/hadoop/hadoop-ozone-ozone-manager/0.5.0-SNAPSHOT/hadoop-ozone-ozone-manager-0.5.0-SNAPSHOT.jar:/home/user/.m2/repository/org/apache/hadoop/hadoop-minikdc/3.2.0/hadoop-minikdc-3.2.0.jar:/home/user/.m2/repository/commons-io/commons-io/2.5/commons-io-2.5.jar:/home/user/.m2/repository/org/apache/kerby/kerb-simplekdc/1.0.1/kerb-simplekdc-1.0.1.jar:/home/user/.m2/repository/org/apache/kerby/kerb-client/1.0.1/kerb-client-1.0.1.jar:/home/user/.m2/repository/org/apache/kerby/kerby-config/1.0.1/kerby-config-1.0.1.jar:/home/user/.m2/repository/org/apache/kerby/kerb-core/1.0.1/kerb-core-1.0.1.jar:/home/user/.m2/repository/org/apache/kerby/kerby-pkix/1.0.1/kerby-pkix-1.0.1.jar:/home/user/.m2/repository/org/apache/kerby/kerby-asn1/1.0.1/kerby-asn1-1.0.1.jar:/home/user/.m2/repository/org/apache/kerby/kerby-util/1.0.1/kerby-util-1.0.1.jar:/home/user/.m2/repository/org/apache/kerby/kerb-common/1.0.1/kerb-common-1.0.1.jar:/home/user/.m2/repository/org/apache/kerby/kerb-crypto/1.0.1/kerb-crypto-1.0.1.jar:/home/user/.m2/repository/org/apache/kerby/kerb-util/1.0.1/kerb-util-1.0.1.jar:/home/user/.m2/repository/org/apache/kerby/token-provider/1.0.1/token-provider-1.0.1.jar:/home/user/.m2/repository/org/apache/kerby/kerb-admin/1.0.1/kerb-admin-1.0.1.jar:/home/user/.m2/repository/org/apache/kerby/kerb-server/1.0.1/kerb-server-1.0.1.jar:/home/user/.m2/repository/org/apache/kerby/kerb-identity/1.0.1/kerb-identity-1.0.1.jar:/home/user/.m2/repository/org/apache/kerby/kerby-xdr/1.0.1/kerby-xdr-1.0.1.jar:/home/user/.m2/repository/org/slf4j/slf4j-log4j12/1.7.25/slf4j-log4j12-1.7.25.jar:/home/user/.m2/repository/org/apache/hadoop/hadoop-ozone-objectstore-service/0.5.0-SNAPSHOT/hadoop-ozone-objectstore-service-0.5.0-SNAPSHOT.jar:/home/user/.m2/repository/org/apache/hadoop/hadoop-ozone-s3gateway/0.5.0-SNAPSHOT/hadoop-ozone-s3gateway-0.5.0-SNAPSHOT.jar:/home/user/.m2/repository/org/jboss/weld/servlet/weld-servlet/2.4.7.Final/weld-servlet-2.4.7.Final.jar:/home/user/.m2/repository/org/glassfish/jersey/containers/jersey-container-servlet-core/2.27/jersey-container-servlet-core-2.27.jar:/home/user/.m2/repository/org/glassfish/hk2/external/javax.inject/2.5.0-b42/javax.inject-2.5.0-b42.jar:/home/user/.m2/repository/org/glassfish/jersey/core/jersey-common/2.27/jersey-common-2.27.jar:/home/user/.m2/repository/org/glassfish/hk2/osgi-resource-locator/1.0.1/osgi-resource-locator-1.0.1.jar:/home/user/.m2/repository/javax/ws/rs/javax.ws.rs-api/2.1/javax.ws.rs-api-2.1.jar:/home/user/.m2/repository/org/glassfish/jersey/ext/cdi/jersey-cdi1x/2.27/jersey-cdi1x-2.27.jar:/home/user/.m2/repository/org/glassfish/jersey/inject/jersey-hk2/2.27/jersey-hk2-2.27.jar:/home/user/.m2/repository/org/glassfish/hk2/hk2-locator/2.5.0-b42/hk2-locator-2.5.0-b42.jar:/home/user/.m2/repository/org/javassist/javassist/3.22.0-CR2/javassist-3.22.0-CR2.jar:/home/user/.m2/repository/org/glassfish/hk2/hk2-api/2.5.0/hk2-api-2.5.0.jar:/home/user/.m2/repository/org/glassfish/hk2/external/jakarta.inject/2.5.0/jakarta.inject-2.5.0.jar:/home/user/.m2/repository/org/glassfish/hk2/hk2-utils/2.5.0/hk2-utils-2.5.0.jar:/home/user/.m2/repository/jakarta/annotation/jakarta.annotation-api/1.3.4/jakarta.annotation-api-1.3.4.jar:/home/user/.m2/repository/org/glassfish/hk2/external/aopalliance-repackaged/2.5.0/aopalliance-repackaged-2.5.0.jar:/home/user/.m2/repository/com/fasterxml/jackson/dataformat/jackson-dataformat-xml/2.9.0/jackson-dataformat-xml-2.9.0.jar:/home/user/.m2/repository/com/fasterxml/jackson/core/jackson-core/2.9.5/jackson-core-2.9.5.jar:/home/user/.m2/repository/com/fasterxml/jackson/module/jackson-module-jaxb-annotations/2.9.5/jackson-module-jaxb-annotations-2.9.5.jar:/home/user/.m2/repository/javax/enterprise/cdi-api/1.2/cdi-api-1.2.jar:/home/user/.m2/repository/javax/el/javax.el-api/3.0.0/javax.el-api-3.0.0.jar:/home/user/.m2/repository/javax/interceptor/javax.interceptor-api/1.2/javax.interceptor-api-1.2.jar:/home/user/.m2/repository/javax/inject/javax.inject/1/javax.inject-1.jar:/home/user/.m2/repository/com/sun/xml/bind/jaxb-impl/2.3.0.1/jaxb-impl-2.3.0.1.jar:/home/user/.m2/repository/com/sun/xml/bind/jaxb-core/2.3.0.1/jaxb-core-2.3.0.1.jar:/home/user/.m2/repository/javax/xml/bind/jaxb-api/2.3.0/jaxb-api-2.3.0.jar:/home/user/.m2/repository/javax/activation/activation/1.1.1/activation-1.1.1.jar:/home/user/.m2/repository/org/apache/hadoop/hadoop-ozone-csi/0.5.0-SNAPSHOT/hadoop-ozone-csi-0.5.0-SNAPSHOT.jar:/home/user/.m2/repository/com/google/protobuf/protobuf-java-util/3.5.1/protobuf-java-util-3.5.1.jar:/home/user/.m2/repository/org/apache/hadoop/hadoop-hdds-config/0.5.0-SNAPSHOT/hadoop-hdds-config-0.5.0-SNAPSHOT.jar:/home/user/.m2/repository/io/grpc/grpc-netty/1.17.1/grpc-netty-1.17.1.jar:/home/user/.m2/repository/io/grpc/grpc-core/1.17.1/grpc-core-1.17.1.jar:/home/user/.m2/repository/io/grpc/grpc-context/1.17.1/grpc-context-1.17.1.jar:/home/user/.m2/repository/com/google/errorprone/error_prone_annotations/2.2.0/error_prone_annotations-2.2.0.jar:/home/user/.m2/repository/org/codehaus/mojo/animal-sniffer-annotations/1.17/animal-sniffer-annotations-1.17.jar:/home/user/.m2/repository/io/opencensus/opencensus-api/0.17.0/opencensus-api-0.17.0.jar:/home/user/.m2/repository/io/opencensus/opencensus-contrib-grpc-metrics/0.17.0/opencensus-contrib-grpc-metrics-0.17.0.jar:/home/user/.m2/repository/io/netty/netty-codec-http2/4.1.30.Final/netty-codec-http2-4.1.30.Final.jar:/home/user/.m2/repository/io/netty/netty-codec-http/4.1.30.Final/netty-codec-http-4.1.30.Final.jar:/home/user/.m2/repository/io/netty/netty-codec/4.1.30.Final/netty-codec-4.1.30.Final.jar:/home/user/.m2/repository/io/netty/netty-handler/4.1.30.Final/netty-handler-4.1.30.Final.jar:/home/user/.m2/repository/io/netty/netty-handler-proxy/4.1.30.Final/netty-handler-proxy-4.1.30.Final.jar:/home/user/.m2/repository/io/netty/netty-codec-socks/4.1.30.Final/netty-codec-socks-4.1.30.Final.jar:/home/user/.m2/repository/io/netty/netty-transport-native-epoll/4.1.30.Final/netty-transport-native-epoll-4.1.30.Final.jar:/home/user/.m2/repository/io/netty/netty-common/4.1.30.Final/netty-common-4.1.30.Final.jar:/home/user/.m2/repository/io/netty/netty-buffer/4.1.30.Final/netty-buffer-4.1.30.Final.jar:/home/user/.m2/repository/io/netty/netty-transport/4.1.30.Final/netty-transport-4.1.30.Final.jar:/home/user/.m2/repository/io/netty/netty-resolver/4.1.30.Final/netty-resolver-4.1.30.Final.jar:/home/user/.m2/repository/io/netty/netty-transport-native-unix-common/4.1.30.Final/netty-transport-native-unix-common-4.1.30.Final.jar:/home/user/.m2/repository/io/grpc/grpc-protobuf/1.17.1/grpc-protobuf-1.17.1.jar:/home/user/.m2/repository/com/google/api/grpc/proto-google-common-protos/1.0.0/proto-google-common-protos-1.0.0.jar:/home/user/.m2/repository/io/grpc/grpc-protobuf-lite/1.17.1/grpc-protobuf-lite-1.17.1.jar:/home/user/.m2/repository/io/grpc/grpc-stub/1.17.1/grpc-stub-1.17.1.jar:/home/user/.m2/repository/org/apache/hadoop/hadoop-ozone-recon/0.5.0-SNAPSHOT/hadoop-ozone-recon-0.5.0-SNAPSHOT.jar:/home/user/.m2/repository/org/apache/hadoop/hadoop-ozone-reconcodegen/0.5.0-SNAPSHOT/hadoop-ozone-reconcodegen-0.5.0-SNAPSHOT.jar:/home/user/.m2/repository/com/google/inject/extensions/guice-multibindings/4.0/guice-multibindings-4.0.jar:/home/user/.m2/repository/com/google/inject/guice/4.0/guice-4.0.jar:/home/user/.m2/repository/aopalliance/aopalliance/1.0/aopalliance-1.0.jar:/home/user/.m2/repository/com/google/inject/extensions/guice-servlet/4.0/guice-servlet-4.0.jar:/home/user/.m2/repository/org/glassfish/jersey/containers/jersey-container-servlet/2.27/jersey-container-servlet-2.27.jar:/home/user/.m2/repository/org/glassfish/hk2/guice-bridge/2.5.0/guice-bridge-2.5.0.jar:/home/user/.m2/repository/org/glassfish/jersey/core/jersey-server/2.27/jersey-server-2.27.jar:/home/user/.m2/repository/org/glassfish/jersey/core/jersey-client/2.27/jersey-client-2.27.jar:/home/user/.m2/repository/org/glassfish/jersey/media/jersey-media-jaxb/2.27/jersey-media-jaxb-2.27.jar:/home/user/.m2/repository/javax/validation/validation-api/1.1.0.Final/validation-api-1.1.0.Final.jar:/home/user/.m2/repository/org/glassfish/jersey/media/jersey-media-json-jackson/2.27/jersey-media-json-jackson-2.27.jar:/home/user/.m2/repository/org/glassfish/jersey/ext/jersey-entity-filtering/2.27/jersey-entity-filtering-2.27.jar:/home/user/.m2/repository/com/google/inject/extensions/guice-assistedinject/4.0/guice-assistedinject-4.0.jar:/home/user/.m2/repository/org/jooq/jooq/3.11.10/jooq-3.11.10.jar:/home/user/.m2/repository/org/jooq/jooq-meta/3.11.10/jooq-meta-3.11.10.jar:/home/user/.m2/repository/org/jooq/jooq-codegen/3.11.10/jooq-codegen-3.11.10.jar:/home/user/.m2/repository/com/jolbox/bonecp/0.8.0.RELEASE/bonecp-0.8.0.RELEASE.jar:/home/user/.m2/repository/org/xerial/sqlite-jdbc/3.25.2/sqlite-jdbc-3.25.2.jar:/home/user/.m2/repository/org/springframework/spring-jdbc/5.1.3.RELEASE/spring-jdbc-5.1.3.RELEASE.jar:/home/user/.m2/repository/org/springframework/spring-beans/5.1.3.RELEASE/spring-beans-5.1.3.RELEASE.jar:/home/user/.m2/repository/org/springframework/spring-core/5.1.3.RELEASE/spring-core-5.1.3.RELEASE.jar:/home/user/.m2/repository/org/springframework/spring-jcl/5.1.3.RELEASE/spring-jcl-5.1.3.RELEASE.jar:/home/user/.m2/repository/org/springframework/spring-tx/5.1.3.RELEASE/spring-tx-5.1.3.RELEASE.jar:/home/user/.m2/repository/org/apache/hadoop/hadoop-ozone-client/0.5.0-SNAPSHOT/hadoop-ozone-client-0.5.0-SNAPSHOT.jar:/home/user/.m2/repository/commons-lang/commons-lang/2.6/commons-lang-2.6.jar:/home/user/.m2/repository/org/apache/hadoop/hadoop-ozone-ozone-manager/0.5.0-SNAPSHOT/hadoop-ozone-ozone-manager-0.5.0-SNAPSHOT-tests.jar:/home/user/.m2/repository/junit/junit/4.11/junit-4.11.jar:/home/user/.m2/repository/org/hamcrest/hamcrest-core/1.3/hamcrest-core-1.3.jar:/home/user/.m2/repository/org/openjdk/jmh/jmh-core/1.19/jmh-core-1.19.jar:/home/user/.m2/repository/net/sf/jopt-simple/jopt-simple/4.6/jopt-simple-4.6.jar:/home/user/.m2/repository/org/apache/commons/commons-math3/3.1.1/commons-math3-3.1.1.jar:/home/user/.m2/repository/org/openjdk/jmh/jmh-generator-annprocess/1.19/jmh-generator-annprocess-1.19.jar:/home/user/.m2/repository/org/mockito/mockito-all/1.8.5/mockito-all-1.8.5.jar:/home/user/.m2/repository/org/apache/hadoop/hadoop-kms/3.2.0/hadoop-kms-3.2.0.jar:/home/user/.m2/repository/org/apache/hadoop/hadoop-auth/3.2.0/hadoop-auth-3.2.0.jar:/home/user/.m2/repository/com/nimbusds/nimbus-jose-jwt/4.41.1/nimbus-jose-jwt-4.41.1.jar:/home/user/.m2/repository/com/github/stephenc/jcip/jcip-annotations/1.0-1/jcip-annotations-1.0-1.jar:/home/user/.m2/repository/net/minidev/json-smart/2.3/json-smart-2.3.jar:/home/user/.m2/repository/net/minidev/accessors-smart/1.2/accessors-smart-1.2.jar:/home/user/.m2/repository/org/ow2/asm/asm/5.0.4/asm-5.0.4.jar:/home/user/.m2/repository/org/apache/curator/curator-framework/2.12.0/curator-framework-2.12.0.jar:/home/user/.m2/repository/com/sun/jersey/jersey-core/1.19/jersey-core-1.19.jar:/home/user/.m2/repository/javax/ws/rs/jsr311-api/1.1.1/jsr311-api-1.1.1.jar:/home/user/.m2/repository/com/sun/jersey/jersey-server/1.19/jersey-server-1.19.jar:/home/user/.m2/repository/javax/servlet/javax.servlet-api/3.1.0/javax.servlet-api-3.1.0.jar:/home/user/.m2/repository/org/eclipse/jetty/jetty-server/9.3.24.v20180605/jetty-server-9.3.24.v20180605.jar:/home/user/.m2/repository/org/eclipse/jetty/jetty-http/9.3.24.v20180605/jetty-http-9.3.24.v20180605.jar:/home/user/.m2/repository/org/eclipse/jetty/jetty-io/9.3.24.v20180605/jetty-io-9.3.24.v20180605.jar:/home/user/.m2/repository/org/eclipse/jetty/jetty-webapp/9.3.24.v20180605/jetty-webapp-9.3.24.v20180605.jar:/home/user/.m2/repository/org/eclipse/jetty/jetty-xml/9.3.24.v20180605/jetty-xml-9.3.24.v20180605.jar:/home/user/.m2/repository/log4j/log4j/1.2.17/log4j-1.2.17.jar:/home/user/.m2/repository/org/slf4j/slf4j-api/1.7.25/slf4j-api-1.7.25.jar:/home/user/.m2/repository/org/slf4j/jul-to-slf4j/1.7.25/jul-to-slf4j-1.7.25.jar:/home/user/.m2/repository/org/eclipse/jetty/jetty-util/9.3.24.v20180605/jetty-util-9.3.24.v20180605.jar:/home/user/.m2/repository/com/fasterxml/jackson/core/jackson-databind/2.9.5/jackson-databind-2.9.5.jar:/home/user/.m2/repository/org/apache/hadoop/hadoop-kms/3.2.0/hadoop-kms-3.2.0-tests.jar:/home/user/.m2/repository/org/apache/hadoop/hadoop-hdds-server-scm/0.5.0-SNAPSHOT/hadoop-hdds-server-scm-0.5.0-SNAPSHOT-tests.jar:/home/user/.m2/repository/org/apache/hadoop/hadoop-hdds-container-service/0.5.0-SNAPSHOT/hadoop-hdds-container-service-0.5.0-SNAPSHOT-tests.jar:/home/user/.m2/repository/org/yaml/snakeyaml/1.16/snakeyaml-1.16.jar:/home/user/.m2/repository/org/apache/hadoop/hadoop-common/3.2.0/hadoop-common-3.2.0-tests.jar:/home/user/.m2/repository/org/apache/hadoop/hadoop-annotations/3.2.0/hadoop-annotations-3.2.0.jar:/usr/lib/jvm/java-1.8-openjdk/jre/../lib/tools.jar:/home/user/.m2/repository/commons-cli/commons-cli/1.2/commons-cli-1.2.jar:/home/user/.m2/repository/org/apache/httpcomponents/httpclient/4.5.2/httpclient-4.5.2.jar:/home/user/.m2/repository/org/apache/httpcomponents/httpcore/4.4.4/httpcore-4.4.4.jar:/home/user/.m2/repository/commons-codec/commons-codec/1.11/commons-codec-1.11.jar:/home/user/.m2/repository/commons-net/commons-net/3.6/commons-net-3.6.jar:/home/user/.m2/repository/commons-collections/commons-collections/3.2.2/commons-collections-3.2.2.jar:/home/user/.m2/repository/org/eclipse/jetty/jetty-servlet/9.3.24.v20180605/jetty-servlet-9.3.24.v20180605.jar:/home/user/.m2/repository/org/eclipse/jetty/jetty-security/9.3.24.v20180605/jetty-security-9.3.24.v20180605.jar:/home/user/.m2/repository/javax/servlet/jsp/jsp-api/2.1/jsp-api-2.1.jar:/home/user/.m2/repository/com/sun/jersey/jersey-servlet/1.19/jersey-servlet-1.19.jar:/home/user/.m2/repository/com/sun/jersey/jersey-json/1.19/jersey-json-1.19.jar:/home/user/.m2/repository/org/codehaus/jettison/jettison/1.1/jettison-1.1.jar:/home/user/.m2/repository/org/codehaus/jackson/jackson-core-asl/1.9.13/jackson-core-asl-1.9.13.jar:/home/user/.m2/repository/org/codehaus/jackson/jackson-mapper-asl/1.9.13/jackson-mapper-asl-1.9.13.jar:/home/user/.m2/repository/org/codehaus/jackson/jackson-jaxrs/1.9.13/jackson-jaxrs-1.9.13.jar:/home/user/.m2/repository/org/codehaus/jackson/jackson-xc/1.9.13/jackson-xc-1.9.13.jar:/home/user/.m2/repository/commons-logging/commons-logging/1.1.3/commons-logging-1.1.3.jar:/home/user/.m2/repository/commons-beanutils/commons-beanutils/1.9.3/commons-beanutils-1.9.3.jar:/home/user/.m2/repository/org/apache/commons/commons-configuration2/2.1.1/commons-configuration2-2.1.1.jar:/home/user/.m2/repository/org/apache/commons/commons-lang3/3.7/commons-lang3-3.7.jar:/home/user/.m2/repository/org/apache/commons/commons-text/1.4/commons-text-1.4.jar:/home/user/.m2/repository/org/apache/avro/avro/1.7.7/avro-1.7.7.jar:/home/user/.m2/repository/com/thoughtworks/paranamer/paranamer/2.3/paranamer-2.3.jar:/home/user/.m2/repository/org/xerial/snappy/snappy-java/1.0.5/snappy-java-1.0.5.jar:/home/user/.m2/repository/com/google/re2j/re2j/1.1/re2j-1.1.jar:/home/user/.m2/repository/com/google/code/gson/gson/2.2.4/gson-2.2.4.jar:/home/user/.m2/repository/com/jcraft/jsch/0.1.54/jsch-0.1.54.jar:/home/user/.m2/repository/org/apache/curator/curator-client/2.12.0/curator-client-2.12.0.jar:/home/user/.m2/repository/org/apache/curator/curator-recipes/2.12.0/curator-recipes-2.12.0.jar:/home/user/.m2/repository/com/google/code/findbugs/jsr305/3.0.0/jsr305-3.0.0.jar:/home/user/.m2/repository/org/apache/htrace/htrace-core4/4.1.0-incubating/htrace-core4-4.1.0-incubating.jar:/home/user/.m2/repository/org/apache/zookeeper/zookeeper/3.4.13/zookeeper-3.4.13.jar:/home/user/.m2/repository/org/apache/yetus/audience-annotations/0.5.0/audience-annotations-0.5.0.jar:/home/user/.m2/repository/org/codehaus/woodstox/stax2-api/3.1.4/stax2-api-3.1.4.jar:/home/user/.m2/repository/com/fasterxml/woodstox/woodstox-core/5.0.3/woodstox-core-5.0.3.jar:/home/user/.m2/repository/dnsjava/dnsjava/2.1.7/dnsjava-2.1.7.jar:/home/user/.m2/repository/org/apache/hadoop/hadoop-hdfs/3.2.0/hadoop-hdfs-3.2.0-tests.jar:/home/user/.m2/repository/org/eclipse/jetty/jetty-util-ajax/9.3.24.v20180605/jetty-util-ajax-9.3.24.v20180605.jar:/home/user/.m2/repository/commons-daemon/commons-daemon/1.0.13/commons-daemon-1.0.13.jar:/home/user/.m2/repository/io/netty/netty/3.10.5.Final/netty-3.10.5.Final.jar:/home/user/.m2/repository/io/netty/netty-all/4.0.52.Final/netty-all-4.0.52.Final.jar:/home/user/.m2/repository/org/fusesource/leveldbjni/leveldbjni-all/1.8/leveldbjni-all-1.8.jar:"/>
    <property name="sun.cpu.endian" value="little"/>
    <property name="user.home" value="/home/user"/>
    <property name="user.language" value="en"/>
    <property name="java.specification.vendor" value="Oracle Corporation"/>
    <property name="java.home" value="/usr/lib/jvm/java-1.8-openjdk/jre"/>
    <property name="java.security.krb5.conf" value="/workdir/hadoop-ozone/integration-test/target/test-classes/krb5.conf"/>
    <property name="basedir" value="/workdir/hadoop-ozone/integration-test"/>
    <property name="file.separator" value="/"/>
    <property name="line.separator" value="&#10;"/>
    <property name="java.vm.specification.vendor" value="Oracle Corporation"/>
    <property name="java.specification.name" value="Java Platform API Specification"/>
    <property name="java.awt.graphicsenv" value="sun.awt.X11GraphicsEnvironment"/>
    <property name="surefire.real.class.path" value="/workdir/hadoop-ozone/integration-test/target/surefire/surefirebooter3532724179472656575.jar"/>
    <property name="hadoop.log.dir" value="/workdir/hadoop-ozone/integration-test/target/log"/>
    <property name="sun.boot.class.path" value="/usr/lib/jvm/java-1.8-openjdk/jre/lib/resources.jar:/usr/lib/jvm/java-1.8-openjdk/jre/lib/rt.jar:/usr/lib/jvm/java-1.8-openjdk/jre/lib/sunrsasign.jar:/usr/lib/jvm/java-1.8-openjdk/jre/lib/jsse.jar:/usr/lib/jvm/java-1.8-openjdk/jre/lib/jce.jar:/usr/lib/jvm/java-1.8-openjdk/jre/lib/charsets.jar:/usr/lib/jvm/java-1.8-openjdk/jre/lib/jfr.jar:/usr/lib/jvm/java-1.8-openjdk/jre/classes"/>
    <property name="sun.management.compiler" value="HotSpot 64-Bit Tiered Compilers"/>
    <property name="java.runtime.version" value="1.8.0_212-b04"/>
    <property name="java.net.preferIPv4Stack" value="true"/>
    <property name="user.name" value="jenkins1000"/>
    <property name="path.separator" value=":"/>
    <property name="java.security.egd" value="file:///dev/urandom"/>
    <property name="os.version" value="3.10.0-957.12.2.el7.x86_64"/>
    <property name="java.endorsed.dirs" value="/usr/lib/jvm/java-1.8-openjdk/jre/lib/endorsed"/>
    <property name="java.runtime.name" value="OpenJDK Runtime Environment"/>
    <property name="file.encoding" value="UTF-8"/>
    <property name="java.vm.name" value="OpenJDK 64-Bit Server VM"/>
    <property name="test.build.webapps" value=""/>
    <property name="localRepository" value="/home/user/.m2/repository"/>
    <property name="java.vendor.url.bug" value="https://icedtea.classpath.org/bugzilla"/>
    <property name="java.io.tmpdir" value="/tmp"/>
    <property name="require.test.libhadoop" value=""/>
    <property name="java.version" value="1.8.0_212"/>
    <property name="user.dir" value="/workdir/hadoop-ozone/integration-test"/>
    <property name="os.arch" value="amd64"/>
    <property name="java.vm.specification.name" value="Java Virtual Machine Specification"/>
    <property name="test.build.classes" value="/workdir/hadoop-ozone/integration-test/target/test-classes"/>
    <property name="java.awt.printerjob" value="sun.print.PSPrinterJob"/>
    <property name="sun.os.patch.level" value="unknown"/>
    <property name="hadoop.tmp.dir" value="/workdir/hadoop-ozone/integration-test/target/tmp"/>
    <property name="java.library.path" value="/usr/lib/jvm/java-1.8-openjdk/jre/lib/amd64/server:/usr/lib/jvm/java-1.8-openjdk/jre/lib/amd64:/usr/lib/jvm/java-1.8-openjdk/jre/../lib/amd64:/workdir/hadoop-ozone/integration-test/target/native/target/usr/local/lib:/workdir/hadoop-ozone/integration-test/../../hadoop-common-project/hadoop-common/target/native/target/usr/local/lib:/usr/java/packages/lib/amd64:/usr/lib64:/lib64:/lib:/usr/lib"/>
    <property name="java.vm.info" value="mixed mode"/>
    <property name="java.vendor" value="IcedTea"/>
    <property name="java.vm.version" value="25.212-b04"/>
    <property name="java.ext.dirs" value="/usr/lib/jvm/java-1.8-openjdk/jre/lib/ext:/usr/java/packages/lib/ext"/>
    <property name="sun.io.unicode.encoding" value="UnicodeLittle"/>
    <property name="java.class.version" value="52.0"/>
  </properties>
  <testcase name="testHybridPipelineOnDatanode" classname="org.apache.hadoop.ozone.client.rpc.TestHybridPipelineOnDatanode" time="7.243">
    <error message="Allocated 0 blocks. Requested 1 blocks" type="INTERNAL_ERROR org.apache.hadoop.ozone.om.exceptions.OMException">INTERNAL_ERROR org.apache.hadoop.ozone.om.exceptions.OMException: Allocated 0 blocks. Requested 1 blocks
	at org.apache.hadoop.ozone.om.protocolPB.OzoneManagerProtocolClientSideTranslatorPB.handleError(OzoneManagerProtocolClientSideTranslatorPB.java:725)
	at org.apache.hadoop.ozone.om.protocolPB.OzoneManagerProtocolClientSideTranslatorPB.openKey(OzoneManagerProtocolClientSideTranslatorPB.java:716)
	at org.apache.hadoop.ozone.client.rpc.RpcClient.createKey(RpcClient.java:615)
	at org.apache.hadoop.ozone.client.OzoneBucket.createKey(OzoneBucket.java:323)
	at org.apache.hadoop.ozone.client.rpc.TestHybridPipelineOnDatanode.testHybridPipelineOnDatanode(TestHybridPipelineOnDatanode.java:115)
	at sun.reflect.NativeMethodAccessorImpl.invoke0(Native Method)
	at sun.reflect.NativeMethodAccessorImpl.invoke(NativeMethodAccessorImpl.java:62)
	at sun.reflect.DelegatingMethodAccessorImpl.invoke(DelegatingMethodAccessorImpl.java:43)
	at java.lang.reflect.Method.invoke(Method.java:498)
	at org.junit.runners.model.FrameworkMethod$1.runReflectiveCall(FrameworkMethod.java:47)
	at org.junit.internal.runners.model.ReflectiveCallable.run(ReflectiveCallable.java:12)
	at org.junit.runners.model.FrameworkMethod.invokeExplosively(FrameworkMethod.java:44)
	at org.junit.internal.runners.statements.InvokeMethod.evaluate(InvokeMethod.java:17)
	at org.junit.runners.ParentRunner.runLeaf(ParentRunner.java:271)
	at org.junit.runners.BlockJUnit4ClassRunner.runChild(BlockJUnit4ClassRunner.java:70)
	at org.junit.runners.BlockJUnit4ClassRunner.runChild(BlockJUnit4ClassRunner.java:50)
	at org.junit.runners.ParentRunner$3.run(ParentRunner.java:238)
	at org.junit.runners.ParentRunner$1.schedule(ParentRunner.java:63)
	at org.junit.runners.ParentRunner.runChildren(ParentRunner.java:236)
	at org.junit.runners.ParentRunner.access$000(ParentRunner.java:53)
	at org.junit.runners.ParentRunner$2.evaluate(ParentRunner.java:229)
	at org.junit.internal.runners.statements.RunBefores.evaluate(RunBefores.java:26)
	at org.junit.internal.runners.statements.RunAfters.evaluate(RunAfters.java:27)
	at org.junit.runners.ParentRunner.run(ParentRunner.java:309)
	at org.apache.maven.surefire.junit4.JUnit4Provider.execute(JUnit4Provider.java:365)
	at org.apache.maven.surefire.junit4.JUnit4Provider.executeWithRerun(JUnit4Provider.java:273)
	at org.apache.maven.surefire.junit4.JUnit4Provider.executeTestSet(JUnit4Provider.java:238)
	at org.apache.maven.surefire.junit4.JUnit4Provider.invoke(JUnit4Provider.java:159)
	at org.apache.maven.surefire.booter.ForkedBooter.invokeProviderInSameClassLoader(ForkedBooter.java:384)
	at org.apache.maven.surefire.booter.ForkedBooter.runSuitesInProcess(ForkedBooter.java:345)
	at org.apache.maven.surefire.booter.ForkedBooter.execute(ForkedBooter.java:126)
	at org.apache.maven.surefire.booter.ForkedBooter.main(ForkedBooter.java:418)
</error>
    <system-out><![CDATA[2019-09-12 10:32:16,647 [main] WARN  server.ServerUtils (ServerUtils.java:getScmDbDir(145)) - ozone.scm.db.dirs is not configured. We recommend adding this setting. Falling back to ozone.metadata.dirs instead.
2019-09-12 10:32:16,815 [main] WARN  server.ServerUtils (ServerUtils.java:getScmDbDir(145)) - ozone.scm.db.dirs is not configured. We recommend adding this setting. Falling back to ozone.metadata.dirs instead.
2019-09-12 10:32:16,820 [main] WARN  server.ServerUtils (ServerUtils.java:getScmDbDir(145)) - ozone.scm.db.dirs is not configured. We recommend adding this setting. Falling back to ozone.metadata.dirs instead.
2019-09-12 10:32:16,846 [main] INFO  util.log (Log.java:initialized(192)) - Logging initialized @1062ms
2019-09-12 10:32:16,954 [main] INFO  db.DBStoreBuilder (DBStoreBuilder.java:addTable(110)) - using custom profile for table: deletedBlocks
2019-09-12 10:32:16,954 [main] INFO  db.DBStoreBuilder (DBStoreBuilder.java:processTables(161)) - Using default column profile:DBProfile.DISK for Table:deletedBlocks
2019-09-12 10:32:16,954 [main] INFO  db.DBStoreBuilder (DBStoreBuilder.java:addTable(110)) - using custom profile for table: validCerts
2019-09-12 10:32:16,955 [main] INFO  db.DBStoreBuilder (DBStoreBuilder.java:processTables(161)) - Using default column profile:DBProfile.DISK for Table:validCerts
2019-09-12 10:32:16,955 [main] INFO  db.DBStoreBuilder (DBStoreBuilder.java:addTable(110)) - using custom profile for table: revokedCerts
2019-09-12 10:32:16,955 [main] INFO  db.DBStoreBuilder (DBStoreBuilder.java:processTables(161)) - Using default column profile:DBProfile.DISK for Table:revokedCerts
2019-09-12 10:32:16,968 [main] INFO  db.DBStoreBuilder (DBStoreBuilder.java:addTable(110)) - using custom profile for table: default
2019-09-12 10:32:16,968 [main] INFO  db.DBStoreBuilder (DBStoreBuilder.java:processTables(167)) - Using default column profile:DBProfile.DISK for Table:default
2019-09-12 10:32:16,969 [main] INFO  db.DBStoreBuilder (DBStoreBuilder.java:getDbProfile(198)) - Using default options. DBProfile.DISK
2019-09-12 10:32:17,140 [main] INFO  net.NodeSchemaLoader (NodeSchemaLoader.java:loadSchemaFromFile(125)) - Loading file from sun.misc.CompoundEnumeration@1ea9f6af
2019-09-12 10:32:17,143 [main] INFO  net.NodeSchemaLoader (NodeSchemaLoader.java:loadSchema(171)) - Loading network topology layer schema file
2019-09-12 10:32:17,218 [main] WARN  server.ServerUtils (ServerUtils.java:sanitizeUserArgs(70)) - ozone.scm.stale.node.interval value = 300000 is larger than max = 100000 based on the key value of ozone.scm.heartbeat.thread.interval, reset to the max value 100000.
2019-09-12 10:32:17,220 [main] WARN  server.ServerUtils (ServerUtils.java:sanitizeUserArgs(70)) - ozone.scm.stale.node.interval value = 300000 is larger than max = 100000 based on the key value of ozone.scm.heartbeat.thread.interval, reset to the max value 100000.
2019-09-12 10:32:17,222 [main] INFO  node.SCMNodeManager (SCMNodeManager.java:<init>(121)) - Entering startup safe mode.
2019-09-12 10:32:17,294 [main] INFO  algorithms.ContainerPlacementPolicyFactory (ContainerPlacementPolicyFactory.java:getPolicy(56)) - Create container placement policy of type org.apache.hadoop.hdds.scm.container.placement.algorithms.SCMContainerPlacementRandom
2019-09-12 10:32:17,310 [main] WARN  server.ServerUtils (ServerUtils.java:getScmDbDir(145)) - ozone.scm.db.dirs is not configured. We recommend adding this setting. Falling back to ozone.metadata.dirs instead.
2019-09-12 10:32:17,377 [main] INFO  pipeline.SCMPipelineManager (SCMPipelineManager.java:initializePipelineState(126)) - No pipeline exists in current db
2019-09-12 10:32:17,380 [main] WARN  server.ServerUtils (ServerUtils.java:getScmDbDir(145)) - ozone.scm.db.dirs is not configured. We recommend adding this setting. Falling back to ozone.metadata.dirs instead.
2019-09-12 10:32:17,495 [main] WARN  events.EventQueue (EventQueue.java:fireEvent(175)) - No event handler registered for event TypedEvent{payloadType=SafeModeStatus, name='SafeModeStatus'}
2019-09-12 10:32:18,007 [main] INFO  ipc.CallQueueManager (CallQueueManager.java:<init>(84)) - Using callQueue: class java.util.concurrent.LinkedBlockingQueue, queueCapacity: 2000, scheduler: class org.apache.hadoop.ipc.DefaultRpcScheduler, ipcBackoff: false.
2019-09-12 10:32:18,356 [Socket Reader #1 for port 41934] INFO  ipc.Server (Server.java:run(1074)) - Starting Socket Reader #1 for port 41934
2019-09-12 10:32:18,386 [main] INFO  ipc.CallQueueManager (CallQueueManager.java:<init>(84)) - Using callQueue: class java.util.concurrent.LinkedBlockingQueue, queueCapacity: 2000, scheduler: class org.apache.hadoop.ipc.DefaultRpcScheduler, ipcBackoff: false.
2019-09-12 10:32:18,387 [Socket Reader #1 for port 43379] INFO  ipc.Server (Server.java:run(1074)) - Starting Socket Reader #1 for port 43379
2019-09-12 10:32:18,396 [main] INFO  ipc.CallQueueManager (CallQueueManager.java:<init>(84)) - Using callQueue: class java.util.concurrent.LinkedBlockingQueue, queueCapacity: 2000, scheduler: class org.apache.hadoop.ipc.DefaultRpcScheduler, ipcBackoff: false.
2019-09-12 10:32:18,397 [Socket Reader #1 for port 37362] INFO  ipc.Server (Server.java:run(1074)) - Starting Socket Reader #1 for port 37362
2019-09-12 10:32:18,419 [main] INFO  hdfs.DFSUtil (DFSUtil.java:httpServerTemplateForNNAndJN(1641)) - Starting Web-server for scm at: http://0.0.0.0:0
2019-09-12 10:32:18,593 [main] INFO  server.AuthenticationFilter (AuthenticationFilter.java:constructSecretProvider(240)) - Unable to initialize FileSignerSecretProvider, falling back to use random secrets.
2019-09-12 10:32:18,602 [main] WARN  http.HttpRequestLog (HttpRequestLog.java:getRequestLog(97)) - Jetty request log can only be enabled using Log4j
2019-09-12 10:32:18,611 [main] INFO  http.HttpServer2 (HttpServer2.java:addGlobalFilter(975)) - Added global filter 'safety' (class=org.apache.hadoop.http.HttpServer2$QuotingInputFilter)
2019-09-12 10:32:18,614 [main] INFO  http.HttpServer2 (HttpServer2.java:addFilter(948)) - Added filter static_user_filter (class=org.apache.hadoop.http.lib.StaticUserWebFilter$StaticUserFilter) to context scm
2019-09-12 10:32:18,614 [main] INFO  http.HttpServer2 (HttpServer2.java:addFilter(958)) - Added filter static_user_filter (class=org.apache.hadoop.http.lib.StaticUserWebFilter$StaticUserFilter) to context logs
2019-09-12 10:32:18,614 [main] INFO  http.HttpServer2 (HttpServer2.java:addFilter(958)) - Added filter static_user_filter (class=org.apache.hadoop.http.lib.StaticUserWebFilter$StaticUserFilter) to context static
2019-09-12 10:32:18,645 [main] INFO  server.StorageContainerManager (StorageContainerManager.java:start(759)) - StorageContainerLocationProtocol RPC server is listening at /0.0.0.0:37362
2019-09-12 10:32:18,707 [main] WARN  impl.MetricsConfig (MetricsConfig.java:loadFirst(134)) - Cannot locate configuration: tried hadoop-metrics2-storagecontainermanager.properties,hadoop-metrics2.properties
2019-09-12 10:32:18,720 [main] INFO  impl.MetricsSystemImpl (MetricsSystemImpl.java:startTimer(374)) - Scheduled Metric snapshot period at 10 second(s).
2019-09-12 10:32:18,720 [main] INFO  impl.MetricsSystemImpl (MetricsSystemImpl.java:start(191)) - StorageContainerManager metrics system started
2019-09-12 10:32:18,957 [main] INFO  server.SCMClientProtocolServer (SCMClientProtocolServer.java:start(151)) - RPC server for Client  is listening at /0.0.0.0:37362
2019-09-12 10:32:18,957 [IPC Server Responder] INFO  ipc.Server (Server.java:run(1314)) - IPC Server Responder: starting
2019-09-12 10:32:18,957 [IPC Server listener on 37362] INFO  ipc.Server (Server.java:run(1153)) - IPC Server listener on 37362: starting
2019-09-12 10:32:18,961 [main] INFO  server.StorageContainerManager (StorageContainerManager.java:start(769)) - ScmBlockLocationProtocol RPC server is listening at /0.0.0.0:43379
2019-09-12 10:32:18,961 [main] INFO  server.SCMBlockProtocolServer (SCMBlockProtocolServer.java:start(140)) - RPC server for Block Protocol is listening at /0.0.0.0:43379
2019-09-12 10:32:18,961 [IPC Server Responder] INFO  ipc.Server (Server.java:run(1314)) - IPC Server Responder: starting
2019-09-12 10:32:18,961 [IPC Server listener on 43379] INFO  ipc.Server (Server.java:run(1153)) - IPC Server listener on 43379: starting
2019-09-12 10:32:18,964 [main] INFO  server.StorageContainerManager (StorageContainerManager.java:start(773)) - ScmDatanodeProtocl RPC server is listening at /0.0.0.0:41934
2019-09-12 10:32:18,965 [main] INFO  server.SCMDatanodeProtocolServer (SCMDatanodeProtocolServer.java:start(191)) - RPC server for DataNodes is listening at /0.0.0.0:41934
2019-09-12 10:32:18,965 [IPC Server Responder] INFO  ipc.Server (Server.java:run(1314)) - IPC Server Responder: starting
2019-09-12 10:32:18,965 [IPC Server listener on 41934] INFO  ipc.Server (Server.java:run(1153)) - IPC Server listener on 41934: starting
2019-09-12 10:32:18,971 [main] INFO  http.HttpServer2 (HttpServer2.java:bindListener(1191)) - Jetty bound to port 39595
2019-09-12 10:32:18,975 [main] INFO  server.Server (Server.java:doStart(351)) - jetty-9.3.24.v20180605, build timestamp: 2018-06-05T17:11:56Z, git hash: 84205aa28f11a4f31f2a3b86d1bba2cc8ab69827
2019-09-12 10:32:19,038 [main] INFO  handler.ContextHandler (ContextHandler.java:doStart(781)) - Started o.e.j.s.ServletContextHandler@14dda234{/logs,file:///workdir/hadoop-ozone/integration-test/target/log,AVAILABLE}
2019-09-12 10:32:19,039 [main] INFO  handler.ContextHandler (ContextHandler.java:doStart(781)) - Started o.e.j.s.ServletContextHandler@74a6a609{/static,file:///workdir/hadoop-ozone/integration-test/target/test-classes/webapps/static,AVAILABLE}
2019-09-12 10:32:19,088 [main] INFO  handler.ContextHandler (ContextHandler.java:doStart(781)) - Started o.e.j.w.WebAppContext@41394595{/,file:///workdir/hadoop-ozone/integration-test/target/test-classes/webapps/scm/,AVAILABLE}{/scm}
2019-09-12 10:32:19,096 [main] INFO  server.AbstractConnector (AbstractConnector.java:doStart(278)) - Started ServerConnector@158d255c{HTTP/1.1,[http/1.1]}{0.0.0.0:39595}
2019-09-12 10:32:19,096 [main] INFO  server.Server (Server.java:doStart(419)) - Started @3312ms
2019-09-12 10:32:19,098 [main] INFO  server.BaseHttpServer (BaseHttpServer.java:updateConnectorAddress(213)) - HTTP server of SCM is listening at http://0.0.0.0:39595
2019-09-12 10:32:19,104 [org.apache.hadoop.util.JvmPauseMonitor$Monitor@5bd73d1a] INFO  util.JvmPauseMonitor (JvmPauseMonitor.java:run(188)) - Starting JVM pause monitor
2019-09-12 10:32:19,107 [main] WARN  server.ServerUtils (ServerUtils.java:getDBPath(222)) - ozone.om.db.dirs is not configured. We recommend adding this setting. Falling back to ozone.metadata.dirs instead.
2019-09-12 10:32:19,240 [main] WARN  server.ServerUtils (ServerUtils.java:getDBPath(222)) - ozone.om.db.dirs is not configured. We recommend adding this setting. Falling back to ozone.metadata.dirs instead.
2019-09-12 10:32:19,240 [main] WARN  server.ServerUtils (ServerUtils.java:getDBPath(222)) - ozone.om.db.dirs is not configured. We recommend adding this setting. Falling back to ozone.metadata.dirs instead.
2019-09-12 10:32:19,241 [main] INFO  om.OzoneManager (OzoneManager.java:setOMNodeDetails(645)) - OM Service ID is not set. Setting it to the default ID: omServiceIdDefault
2019-09-12 10:32:19,241 [main] INFO  om.OzoneManager (OzoneManager.java:setOMNodeDetails(651)) - OM Node ID is not set. Setting it to the OmStorage's OmID: ca1058a7-a572-432b-a24c-1b62a560ba48
2019-09-12 10:32:19,243 [main] INFO  om.OzoneManager (OzoneManager.java:loadOMHAConfigs(602)) - Found matching OM address with OMServiceId: null, OMNodeId: null, RPC Address: localhost:0 and Ratis port: 9872
2019-09-12 10:32:19,526 | INFO  | SCMAudit | user=jenkins1000 | ip=192.168.157.195 | op=GET_SCM_INFO null | ret=SUCCESS |  
2019-09-12 10:32:20,006 [main] WARN  server.ServerUtils (ServerUtils.java:getDBPath(222)) - ozone.om.db.dirs is not configured. We recommend adding this setting. Falling back to ozone.metadata.dirs instead.
2019-09-12 10:32:20,014 [main] INFO  db.DBStoreBuilder (DBStoreBuilder.java:addTable(110)) - using custom profile for table: userTable
2019-09-12 10:32:20,014 [main] INFO  db.DBStoreBuilder (DBStoreBuilder.java:processTables(161)) - Using default column profile:DBProfile.DISK for Table:userTable
2019-09-12 10:32:20,014 [main] INFO  db.DBStoreBuilder (DBStoreBuilder.java:addTable(110)) - using custom profile for table: volumeTable
2019-09-12 10:32:20,015 [main] INFO  db.DBStoreBuilder (DBStoreBuilder.java:processTables(161)) - Using default column profile:DBProfile.DISK for Table:volumeTable
2019-09-12 10:32:20,015 [main] INFO  db.DBStoreBuilder (DBStoreBuilder.java:addTable(110)) - using custom profile for table: bucketTable
2019-09-12 10:32:20,015 [main] INFO  db.DBStoreBuilder (DBStoreBuilder.java:processTables(161)) - Using default column profile:DBProfile.DISK for Table:bucketTable
2019-09-12 10:32:20,015 [main] INFO  db.DBStoreBuilder (DBStoreBuilder.java:addTable(110)) - using custom profile for table: keyTable
2019-09-12 10:32:20,016 [main] INFO  db.DBStoreBuilder (DBStoreBuilder.java:processTables(161)) - Using default column profile:DBProfile.DISK for Table:keyTable
2019-09-12 10:32:20,016 [main] INFO  db.DBStoreBuilder (DBStoreBuilder.java:addTable(110)) - using custom profile for table: deletedTable
2019-09-12 10:32:20,016 [main] INFO  db.DBStoreBuilder (DBStoreBuilder.java:processTables(161)) - Using default column profile:DBProfile.DISK for Table:deletedTable
2019-09-12 10:32:20,016 [main] INFO  db.DBStoreBuilder (DBStoreBuilder.java:addTable(110)) - using custom profile for table: openKeyTable
2019-09-12 10:32:20,016 [main] INFO  db.DBStoreBuilder (DBStoreBuilder.java:processTables(161)) - Using default column profile:DBProfile.DISK for Table:openKeyTable
2019-09-12 10:32:20,017 [main] INFO  db.DBStoreBuilder (DBStoreBuilder.java:addTable(110)) - using custom profile for table: s3Table
2019-09-12 10:32:20,017 [main] INFO  db.DBStoreBuilder (DBStoreBuilder.java:processTables(161)) - Using default column profile:DBProfile.DISK for Table:s3Table
2019-09-12 10:32:20,017 [main] INFO  db.DBStoreBuilder (DBStoreBuilder.java:addTable(110)) - using custom profile for table: multipartInfoTable
2019-09-12 10:32:20,017 [main] INFO  db.DBStoreBuilder (DBStoreBuilder.java:processTables(161)) - Using default column profile:DBProfile.DISK for Table:multipartInfoTable
2019-09-12 10:32:20,018 [main] INFO  db.DBStoreBuilder (DBStoreBuilder.java:addTable(110)) - using custom profile for table: dTokenTable
2019-09-12 10:32:20,018 [main] INFO  db.DBStoreBuilder (DBStoreBuilder.java:processTables(161)) - Using default column profile:DBProfile.DISK for Table:dTokenTable
2019-09-12 10:32:20,018 [main] INFO  db.DBStoreBuilder (DBStoreBuilder.java:addTable(110)) - using custom profile for table: s3SecretTable
2019-09-12 10:32:20,018 [main] INFO  db.DBStoreBuilder (DBStoreBuilder.java:processTables(161)) - Using default column profile:DBProfile.DISK for Table:s3SecretTable
2019-09-12 10:32:20,019 [main] INFO  db.DBStoreBuilder (DBStoreBuilder.java:addTable(110)) - using custom profile for table: prefixTable
2019-09-12 10:32:20,019 [main] INFO  db.DBStoreBuilder (DBStoreBuilder.java:processTables(161)) - Using default column profile:DBProfile.DISK for Table:prefixTable
2019-09-12 10:32:20,019 [main] INFO  db.DBStoreBuilder (DBStoreBuilder.java:addTable(110)) - using custom profile for table: default
2019-09-12 10:32:20,019 [main] INFO  db.DBStoreBuilder (DBStoreBuilder.java:processTables(167)) - Using default column profile:DBProfile.DISK for Table:default
2019-09-12 10:32:20,020 [main] INFO  db.DBStoreBuilder (DBStoreBuilder.java:getDbProfile(198)) - Using default options. DBProfile.DISK
2019-09-12 10:32:20,485 [main] INFO  ipc.CallQueueManager (CallQueueManager.java:<init>(84)) - Using callQueue: class java.util.concurrent.LinkedBlockingQueue, queueCapacity: 2000, scheduler: class org.apache.hadoop.ipc.DefaultRpcScheduler, ipcBackoff: false.
2019-09-12 10:32:20,486 [Socket Reader #1 for port 39241] INFO  ipc.Server (Server.java:run(1074)) - Starting Socket Reader #1 for port 39241
2019-09-12 10:32:20,523 [main] INFO  om.OzoneManager (OzoneManager.java:start(1256)) - OzoneManager RPC server is listening at localhost/127.0.0.1:39241
2019-09-12 10:32:20,524 [main] INFO  impl.MetricsSystemImpl (MetricsSystemImpl.java:init(158)) - OzoneManager metrics system started (again)
2019-09-12 10:32:20,530 [IPC Server Responder] INFO  ipc.Server (Server.java:run(1314)) - IPC Server Responder: starting
2019-09-12 10:32:20,531 [IPC Server listener on 39241] INFO  ipc.Server (Server.java:run(1153)) - IPC Server listener on 39241: starting
2019-09-12 10:32:20,542 [main] INFO  hdfs.DFSUtil (DFSUtil.java:httpServerTemplateForNNAndJN(1641)) - Starting Web-server for ozoneManager at: http://0.0.0.0:0
2019-09-12 10:32:20,546 [main] INFO  server.AuthenticationFilter (AuthenticationFilter.java:constructSecretProvider(240)) - Unable to initialize FileSignerSecretProvider, falling back to use random secrets.
2019-09-12 10:32:20,548 [main] WARN  http.HttpRequestLog (HttpRequestLog.java:getRequestLog(97)) - Jetty request log can only be enabled using Log4j
2019-09-12 10:32:20,553 [main] INFO  http.HttpServer2 (HttpServer2.java:addGlobalFilter(975)) - Added global filter 'safety' (class=org.apache.hadoop.http.HttpServer2$QuotingInputFilter)
2019-09-12 10:32:20,554 [main] INFO  http.HttpServer2 (HttpServer2.java:addFilter(948)) - Added filter static_user_filter (class=org.apache.hadoop.http.lib.StaticUserWebFilter$StaticUserFilter) to context ozoneManager
2019-09-12 10:32:20,555 [main] INFO  http.HttpServer2 (HttpServer2.java:addFilter(958)) - Added filter static_user_filter (class=org.apache.hadoop.http.lib.StaticUserWebFilter$StaticUserFilter) to context logs
2019-09-12 10:32:20,555 [main] INFO  http.HttpServer2 (HttpServer2.java:addFilter(958)) - Added filter static_user_filter (class=org.apache.hadoop.http.lib.StaticUserWebFilter$StaticUserFilter) to context static
2019-09-12 10:32:20,560 [main] INFO  http.HttpServer2 (HttpServer2.java:bindListener(1191)) - Jetty bound to port 42870
2019-09-12 10:32:20,560 [main] INFO  server.Server (Server.java:doStart(351)) - jetty-9.3.24.v20180605, build timestamp: 2018-06-05T17:11:56Z, git hash: 84205aa28f11a4f31f2a3b86d1bba2cc8ab69827
2019-09-12 10:32:20,564 [main] INFO  handler.ContextHandler (ContextHandler.java:doStart(781)) - Started o.e.j.s.ServletContextHandler@543e593{/logs,file:///workdir/hadoop-ozone/integration-test/target/log,AVAILABLE}
2019-09-12 10:32:20,565 [main] INFO  handler.ContextHandler (ContextHandler.java:doStart(781)) - Started o.e.j.s.ServletContextHandler@51ec2df1{/static,file:///workdir/hadoop-ozone/integration-test/target/test-classes/webapps/static,AVAILABLE}
2019-09-12 10:32:20,833 [main] INFO  handler.ContextHandler (ContextHandler.java:doStart(781)) - Started o.e.j.w.WebAppContext@24fabd0f{/,file:///workdir/hadoop-ozone/integration-test/target/test-classes/webapps/ozoneManager/,AVAILABLE}{/ozoneManager}
2019-09-12 10:32:20,835 [main] INFO  server.AbstractConnector (AbstractConnector.java:doStart(278)) - Started ServerConnector@250b236d{HTTP/1.1,[http/1.1]}{0.0.0.0:42870}
2019-09-12 10:32:20,835 [main] INFO  server.Server (Server.java:doStart(419)) - Started @5051ms
2019-09-12 10:32:20,837 [main] INFO  server.BaseHttpServer (BaseHttpServer.java:updateConnectorAddress(213)) - HTTP server of OZONEMANAGER is listening at http://0.0.0.0:42870
2019-09-12 10:32:21,056 [main] INFO  impl.MetricsSystemImpl (MetricsSystemImpl.java:init(158)) - HddsDatanode metrics system started (again)
2019-09-12 10:32:21,156 [main] INFO  ozone.HddsDatanodeService (HddsDatanodeService.java:start(184)) - HddsDatanodeService host:pr-hdds-1569-xtfnx-3545843844 ip:192.168.157.195
2019-09-12 10:32:21,188 [main] INFO  volume.HddsVolume (HddsVolume.java:<init>(176)) - Creating Volume: /workdir/hadoop-ozone/integration-test/target/test-dir/MiniOzoneClusterImpl-03df5328-cb4f-49b2-a840-73a4610bd6b2/datanode-0/data/containers/hdds of  storage type : DISK and capacity : 1482555576320
2019-09-12 10:32:21,190 [main] INFO  volume.VolumeSet (VolumeSet.java:initializeVolumeSet(170)) - Added Volume : /workdir/hadoop-ozone/integration-test/target/test-dir/MiniOzoneClusterImpl-03df5328-cb4f-49b2-a840-73a4610bd6b2/datanode-0/data/containers/hdds to VolumeSet
2019-09-12 10:32:21,193 [main] INFO  volume.ThrottledAsyncChecker (ThrottledAsyncChecker.java:schedule(140)) - Scheduling a check for org.apache.hadoop.ozone.container.common.volume.HddsVolume@468be356
2019-09-12 10:32:21,210 [main] INFO  volume.HddsVolumeChecker (HddsVolumeChecker.java:checkAllVolumes(203)) - Scheduled health check for volume org.apache.hadoop.ozone.container.common.volume.HddsVolume@468be356
2019-09-12 10:32:21,316 [main] INFO  impl.RaftServerProxy (ConfUtils.java:logGet(43)) - raft.rpc.type = GRPC (default)
2019-09-12 10:32:21,383 [main] INFO  grpc.GrpcFactory (GrpcFactory.java:checkPooledByteBufAllocatorUseCacheForAllThreads(45)) - PERFORMANCE WARNING: useCacheForAllThreads is true that may cause Netty to create a lot garbage objects and, as a result, trigger GC.
	It is recommended to disable useCacheForAllThreads by setting -Dorg.apache.ratis.thirdparty.io.netty.allocator.useCacheForAllThreads=false in command line.
2019-09-12 10:32:21,388 [main] INFO  grpc.GrpcConfigKeys$Server (ConfUtils.java:logGet(43)) - raft.grpc.server.port = 0 (default)
2019-09-12 10:32:21,389 [main] INFO  server.GrpcService (ConfUtils.java:logGet(43)) - raft.grpc.message.size.max = 33570816 (custom)
2019-09-12 10:32:21,390 [main] INFO  server.RaftServerConfigKeys (ConfUtils.java:logGet(43)) - raft.server.log.appender.buffer.byte-limit = 33554432 (custom)
2019-09-12 10:32:21,391 [main] INFO  server.GrpcService (ConfUtils.java:logGet(43)) - raft.grpc.flow.control.window = 1MB (=1048576) (default)
2019-09-12 10:32:21,392 [main] INFO  server.RaftServerConfigKeys (ConfUtils.java:logGet(43)) - raft.server.rpc.request.timeout = 3000ms (default)
2019-09-12 10:32:21,579 [main] INFO  server.RaftServerConfigKeys (ConfUtils.java:logGet(43)) - raft.server.storage.dir = [/workdir/hadoop-ozone/integration-test/target/test-dir/MiniOzoneClusterImpl-03df5328-cb4f-49b2-a840-73a4610bd6b2/datanode-0/data/ratis] (custom)
2019-09-12 10:32:21,627 [main] INFO  replication.SimpleContainerDownloader (SimpleContainerDownloader.java:<init>(72)) - Starting container downloader service to copy containers to replicate.
2019-09-12 10:32:21,642 [main] INFO  hdfs.DFSUtil (DFSUtil.java:httpServerTemplateForNNAndJN(1641)) - Starting Web-server for hddsDatanode at: http://0.0.0.0:0
2019-09-12 10:32:21,643 [main] INFO  server.AuthenticationFilter (AuthenticationFilter.java:constructSecretProvider(240)) - Unable to initialize FileSignerSecretProvider, falling back to use random secrets.
2019-09-12 10:32:21,644 [main] WARN  http.HttpRequestLog (HttpRequestLog.java:getRequestLog(97)) - Jetty request log can only be enabled using Log4j
2019-09-12 10:32:21,646 [main] INFO  http.HttpServer2 (HttpServer2.java:addGlobalFilter(975)) - Added global filter 'safety' (class=org.apache.hadoop.http.HttpServer2$QuotingInputFilter)
2019-09-12 10:32:21,646 [main] INFO  http.HttpServer2 (HttpServer2.java:addFilter(948)) - Added filter static_user_filter (class=org.apache.hadoop.http.lib.StaticUserWebFilter$StaticUserFilter) to context hddsDatanode
2019-09-12 10:32:21,647 [main] INFO  http.HttpServer2 (HttpServer2.java:addFilter(958)) - Added filter static_user_filter (class=org.apache.hadoop.http.lib.StaticUserWebFilter$StaticUserFilter) to context logs
2019-09-12 10:32:21,647 [main] INFO  http.HttpServer2 (HttpServer2.java:addFilter(958)) - Added filter static_user_filter (class=org.apache.hadoop.http.lib.StaticUserWebFilter$StaticUserFilter) to context static
2019-09-12 10:32:21,648 [main] INFO  http.HttpServer2 (HttpServer2.java:bindListener(1191)) - Jetty bound to port 45508
2019-09-12 10:32:21,648 [main] INFO  server.Server (Server.java:doStart(351)) - jetty-9.3.24.v20180605, build timestamp: 2018-06-05T17:11:56Z, git hash: 84205aa28f11a4f31f2a3b86d1bba2cc8ab69827
2019-09-12 10:32:21,650 [main] INFO  handler.ContextHandler (ContextHandler.java:doStart(781)) - Started o.e.j.s.ServletContextHandler@77a074b4{/logs,file:///workdir/hadoop-ozone/integration-test/target/log,AVAILABLE}
2019-09-12 10:32:21,650 [main] INFO  handler.ContextHandler (ContextHandler.java:doStart(781)) - Started o.e.j.s.ServletContextHandler@6c0e13b7{/static,jar:file:/home/user/.m2/repository/org/apache/hadoop/hadoop-hdds-container-service/0.5.0-SNAPSHOT/hadoop-hdds-container-service-0.5.0-SNAPSHOT.jar!/webapps/static,AVAILABLE}
2019-09-12 10:32:21,685 [main] INFO  handler.ContextHandler (ContextHandler.java:doStart(781)) - Started o.e.j.w.WebAppContext@372ca2d6{/,file:///tmp/jetty-0.0.0.0-45508-hddsDatanode-_-any-126949121587428909.dir/webapp/,AVAILABLE}{/hddsDatanode}
2019-09-12 10:32:21,685 [main] INFO  server.AbstractConnector (AbstractConnector.java:doStart(278)) - Started ServerConnector@3204e238{HTTP/1.1,[http/1.1]}{0.0.0.0:45508}
2019-09-12 10:32:21,686 [main] INFO  server.Server (Server.java:doStart(419)) - Started @5902ms
2019-09-12 10:32:21,687 [main] INFO  server.BaseHttpServer (BaseHttpServer.java:updateConnectorAddress(213)) - HTTP server of HDDSDATANODE is listening at http://0.0.0.0:45508
2019-09-12 10:32:22,655 | INFO  | ObjectStoreRestHttpServer | Listening HDDS REST traffic on /0.0.0.0:34973 |  
2019-09-12 10:32:22,656 [main] INFO  ozone.HddsDatanodeService (HddsDatanodeService.java:startPlugins(395)) - Started plug-in org.apache.hadoop.ozone.web.OzoneHddsDatanodeService@1310fcb0
2019-09-12 10:32:22,657 [main] INFO  impl.MetricsSystemImpl (MetricsSystemImpl.java:init(158)) - HddsDatanode metrics system started (again)
2019-09-12 10:32:22,660 [main] INFO  ozone.HddsDatanodeService (HddsDatanodeService.java:start(184)) - HddsDatanodeService host:pr-hdds-1569-xtfnx-3545843844 ip:192.168.157.195
2019-09-12 10:32:22,663 [org.apache.hadoop.util.JvmPauseMonitor$Monitor@24248345] INFO  util.JvmPauseMonitor (JvmPauseMonitor.java:run(188)) - Starting JVM pause monitor
2019-09-12 10:32:22,670 [main] INFO  volume.HddsVolume (HddsVolume.java:<init>(176)) - Creating Volume: /workdir/hadoop-ozone/integration-test/target/test-dir/MiniOzoneClusterImpl-03df5328-cb4f-49b2-a840-73a4610bd6b2/datanode-1/data/containers/hdds of  storage type : DISK and capacity : 1482555576320
2019-09-12 10:32:22,671 [main] INFO  volume.VolumeSet (VolumeSet.java:initializeVolumeSet(170)) - Added Volume : /workdir/hadoop-ozone/integration-test/target/test-dir/MiniOzoneClusterImpl-03df5328-cb4f-49b2-a840-73a4610bd6b2/datanode-1/data/containers/hdds to VolumeSet
2019-09-12 10:32:22,671 [main] INFO  volume.ThrottledAsyncChecker (ThrottledAsyncChecker.java:schedule(140)) - Scheduling a check for org.apache.hadoop.ozone.container.common.volume.HddsVolume@5460edd3
2019-09-12 10:32:22,672 [main] INFO  volume.HddsVolumeChecker (HddsVolumeChecker.java:checkAllVolumes(203)) - Scheduled health check for volume org.apache.hadoop.ozone.container.common.volume.HddsVolume@5460edd3
2019-09-12 10:32:22,692 [main] INFO  impl.RaftServerProxy (ConfUtils.java:logGet(43)) - raft.rpc.type = GRPC (default)
2019-09-12 10:32:22,692 [main] INFO  grpc.GrpcFactory (GrpcFactory.java:checkPooledByteBufAllocatorUseCacheForAllThreads(45)) - PERFORMANCE WARNING: useCacheForAllThreads is true that may cause Netty to create a lot garbage objects and, as a result, trigger GC.
	It is recommended to disable useCacheForAllThreads by setting -Dorg.apache.ratis.thirdparty.io.netty.allocator.useCacheForAllThreads=false in command line.
2019-09-12 10:32:22,692 [main] INFO  grpc.GrpcConfigKeys$Server (ConfUtils.java:logGet(43)) - raft.grpc.server.port = 0 (default)
2019-09-12 10:32:22,693 [main] INFO  server.GrpcService (ConfUtils.java:logGet(43)) - raft.grpc.message.size.max = 33570816 (custom)
2019-09-12 10:32:22,693 [main] INFO  server.RaftServerConfigKeys (ConfUtils.java:logGet(43)) - raft.server.log.appender.buffer.byte-limit = 33554432 (custom)
2019-09-12 10:32:22,693 [main] INFO  server.GrpcService (ConfUtils.java:logGet(43)) - raft.grpc.flow.control.window = 1MB (=1048576) (default)
2019-09-12 10:32:22,694 [main] INFO  server.RaftServerConfigKeys (ConfUtils.java:logGet(43)) - raft.server.rpc.request.timeout = 3000ms (default)
2019-09-12 10:32:22,694 [main] INFO  server.RaftServerConfigKeys (ConfUtils.java:logGet(43)) - raft.server.storage.dir = [/workdir/hadoop-ozone/integration-test/target/test-dir/MiniOzoneClusterImpl-03df5328-cb4f-49b2-a840-73a4610bd6b2/datanode-1/data/ratis] (custom)
2019-09-12 10:32:22,695 [main] INFO  replication.SimpleContainerDownloader (SimpleContainerDownloader.java:<init>(72)) - Starting container downloader service to copy containers to replicate.
2019-09-12 10:32:22,697 [main] INFO  hdfs.DFSUtil (DFSUtil.java:httpServerTemplateForNNAndJN(1641)) - Starting Web-server for hddsDatanode at: http://0.0.0.0:0
2019-09-12 10:32:22,699 [main] INFO  server.AuthenticationFilter (AuthenticationFilter.java:constructSecretProvider(240)) - Unable to initialize FileSignerSecretProvider, falling back to use random secrets.
2019-09-12 10:32:22,700 [main] WARN  http.HttpRequestLog (HttpRequestLog.java:getRequestLog(97)) - Jetty request log can only be enabled using Log4j
2019-09-12 10:32:22,703 [main] INFO  http.HttpServer2 (HttpServer2.java:addGlobalFilter(975)) - Added global filter 'safety' (class=org.apache.hadoop.http.HttpServer2$QuotingInputFilter)
2019-09-12 10:32:22,704 [main] INFO  http.HttpServer2 (HttpServer2.java:addFilter(948)) - Added filter static_user_filter (class=org.apache.hadoop.http.lib.StaticUserWebFilter$StaticUserFilter) to context hddsDatanode
2019-09-12 10:32:22,704 [main] INFO  http.HttpServer2 (HttpServer2.java:addFilter(958)) - Added filter static_user_filter (class=org.apache.hadoop.http.lib.StaticUserWebFilter$StaticUserFilter) to context logs
2019-09-12 10:32:22,705 [main] INFO  http.HttpServer2 (HttpServer2.java:addFilter(958)) - Added filter static_user_filter (class=org.apache.hadoop.http.lib.StaticUserWebFilter$StaticUserFilter) to context static
2019-09-12 10:32:22,706 [main] INFO  http.HttpServer2 (HttpServer2.java:bindListener(1191)) - Jetty bound to port 43483
2019-09-12 10:32:22,706 [main] INFO  server.Server (Server.java:doStart(351)) - jetty-9.3.24.v20180605, build timestamp: 2018-06-05T17:11:56Z, git hash: 84205aa28f11a4f31f2a3b86d1bba2cc8ab69827
2019-09-12 10:32:22,710 [main] INFO  handler.ContextHandler (ContextHandler.java:doStart(781)) - Started o.e.j.s.ServletContextHandler@3a1b36a1{/logs,file:///workdir/hadoop-ozone/integration-test/target/log,AVAILABLE}
2019-09-12 10:32:22,711 [main] INFO  handler.ContextHandler (ContextHandler.java:doStart(781)) - Started o.e.j.s.ServletContextHandler@4b55ff0a{/static,jar:file:/home/user/.m2/repository/org/apache/hadoop/hadoop-hdds-container-service/0.5.0-SNAPSHOT/hadoop-hdds-container-service-0.5.0-SNAPSHOT.jar!/webapps/static,AVAILABLE}
2019-09-12 10:32:22,755 [main] INFO  handler.ContextHandler (ContextHandler.java:doStart(781)) - Started o.e.j.w.WebAppContext@217235f5{/,file:///tmp/jetty-0.0.0.0-43483-hddsDatanode-_-any-5892369457487514145.dir/webapp/,AVAILABLE}{/hddsDatanode}
2019-09-12 10:32:22,757 [main] INFO  server.AbstractConnector (AbstractConnector.java:doStart(278)) - Started ServerConnector@4b41587d{HTTP/1.1,[http/1.1]}{0.0.0.0:43483}
2019-09-12 10:32:22,758 [main] INFO  server.Server (Server.java:doStart(419)) - Started @6974ms
2019-09-12 10:32:22,759 [main] INFO  server.BaseHttpServer (BaseHttpServer.java:updateConnectorAddress(213)) - HTTP server of HDDSDATANODE is listening at http://0.0.0.0:43483
2019-09-12 10:32:22,785 [Datanode State Machine Thread - 0] INFO  datanode.InitDatanodeState (InitDatanodeState.java:persistContainerDatanodeDetails(140)) - DatanodeDetails is persisted to /workdir/hadoop-ozone/integration-test/target/test-dir/MiniOzoneClusterImpl-03df5328-cb4f-49b2-a840-73a4610bd6b2/datanode-0/meta/datanode.id
2019-09-12 10:32:22,896 | INFO  | ObjectStoreRestHttpServer | Listening HDDS REST traffic on /0.0.0.0:42645 |  
2019-09-12 10:32:22,896 [main] INFO  ozone.HddsDatanodeService (HddsDatanodeService.java:startPlugins(395)) - Started plug-in org.apache.hadoop.ozone.web.OzoneHddsDatanodeService@3c28e5b6
2019-09-12 10:32:22,897 [main] INFO  impl.MetricsSystemImpl (MetricsSystemImpl.java:init(158)) - HddsDatanode metrics system started (again)
2019-09-12 10:32:22,900 [main] INFO  ozone.HddsDatanodeService (HddsDatanodeService.java:start(184)) - HddsDatanodeService host:pr-hdds-1569-xtfnx-3545843844 ip:192.168.157.195
2019-09-12 10:32:22,900 [org.apache.hadoop.util.JvmPauseMonitor$Monitor@272cfda] INFO  util.JvmPauseMonitor (JvmPauseMonitor.java:run(188)) - Starting JVM pause monitor
2019-09-12 10:32:22,906 [Datanode State Machine Thread - 0] INFO  datanode.InitDatanodeState (InitDatanodeState.java:persistContainerDatanodeDetails(140)) - DatanodeDetails is persisted to /workdir/hadoop-ozone/integration-test/target/test-dir/MiniOzoneClusterImpl-03df5328-cb4f-49b2-a840-73a4610bd6b2/datanode-1/meta/datanode.id
2019-09-12 10:32:22,911 [main] INFO  volume.HddsVolume (HddsVolume.java:<init>(176)) - Creating Volume: /workdir/hadoop-ozone/integration-test/target/test-dir/MiniOzoneClusterImpl-03df5328-cb4f-49b2-a840-73a4610bd6b2/datanode-2/data/containers/hdds of  storage type : DISK and capacity : 1482555576320
2019-09-12 10:32:22,912 [main] INFO  volume.VolumeSet (VolumeSet.java:initializeVolumeSet(170)) - Added Volume : /workdir/hadoop-ozone/integration-test/target/test-dir/MiniOzoneClusterImpl-03df5328-cb4f-49b2-a840-73a4610bd6b2/datanode-2/data/containers/hdds to VolumeSet
2019-09-12 10:32:22,912 [main] INFO  volume.ThrottledAsyncChecker (ThrottledAsyncChecker.java:schedule(140)) - Scheduling a check for org.apache.hadoop.ozone.container.common.volume.HddsVolume@74ba6ff5
2019-09-12 10:32:22,913 [main] INFO  volume.HddsVolumeChecker (HddsVolumeChecker.java:checkAllVolumes(203)) - Scheduled health check for volume org.apache.hadoop.ozone.container.common.volume.HddsVolume@74ba6ff5
2019-09-12 10:32:22,928 [main] INFO  impl.RaftServerProxy (ConfUtils.java:logGet(43)) - raft.rpc.type = GRPC (default)
2019-09-12 10:32:22,929 [main] INFO  grpc.GrpcFactory (GrpcFactory.java:checkPooledByteBufAllocatorUseCacheForAllThreads(45)) - PERFORMANCE WARNING: useCacheForAllThreads is true that may cause Netty to create a lot garbage objects and, as a result, trigger GC.
	It is recommended to disable useCacheForAllThreads by setting -Dorg.apache.ratis.thirdparty.io.netty.allocator.useCacheForAllThreads=false in command line.
2019-09-12 10:32:22,929 [main] INFO  grpc.GrpcConfigKeys$Server (ConfUtils.java:logGet(43)) - raft.grpc.server.port = 0 (default)
2019-09-12 10:32:22,929 [main] INFO  server.GrpcService (ConfUtils.java:logGet(43)) - raft.grpc.message.size.max = 33570816 (custom)
2019-09-12 10:32:22,929 [main] INFO  server.RaftServerConfigKeys (ConfUtils.java:logGet(43)) - raft.server.log.appender.buffer.byte-limit = 33554432 (custom)
2019-09-12 10:32:22,930 [main] INFO  server.GrpcService (ConfUtils.java:logGet(43)) - raft.grpc.flow.control.window = 1MB (=1048576) (default)
2019-09-12 10:32:22,930 [main] INFO  server.RaftServerConfigKeys (ConfUtils.java:logGet(43)) - raft.server.rpc.request.timeout = 3000ms (default)
2019-09-12 10:32:22,930 [main] INFO  server.RaftServerConfigKeys (ConfUtils.java:logGet(43)) - raft.server.storage.dir = [/workdir/hadoop-ozone/integration-test/target/test-dir/MiniOzoneClusterImpl-03df5328-cb4f-49b2-a840-73a4610bd6b2/datanode-2/data/ratis] (custom)
2019-09-12 10:32:22,931 [main] INFO  replication.SimpleContainerDownloader (SimpleContainerDownloader.java:<init>(72)) - Starting container downloader service to copy containers to replicate.
2019-09-12 10:32:22,933 [main] INFO  hdfs.DFSUtil (DFSUtil.java:httpServerTemplateForNNAndJN(1641)) - Starting Web-server for hddsDatanode at: http://0.0.0.0:0
2019-09-12 10:32:22,934 [main] INFO  server.AuthenticationFilter (AuthenticationFilter.java:constructSecretProvider(240)) - Unable to initialize FileSignerSecretProvider, falling back to use random secrets.
2019-09-12 10:32:22,934 [main] WARN  http.HttpRequestLog (HttpRequestLog.java:getRequestLog(97)) - Jetty request log can only be enabled using Log4j
2019-09-12 10:32:22,935 [main] INFO  http.HttpServer2 (HttpServer2.java:addGlobalFilter(975)) - Added global filter 'safety' (class=org.apache.hadoop.http.HttpServer2$QuotingInputFilter)
2019-09-12 10:32:22,936 [main] INFO  http.HttpServer2 (HttpServer2.java:addFilter(948)) - Added filter static_user_filter (class=org.apache.hadoop.http.lib.StaticUserWebFilter$StaticUserFilter) to context hddsDatanode
2019-09-12 10:32:22,936 [main] INFO  http.HttpServer2 (HttpServer2.java:addFilter(958)) - Added filter static_user_filter (class=org.apache.hadoop.http.lib.StaticUserWebFilter$StaticUserFilter) to context logs
2019-09-12 10:32:22,936 [main] INFO  http.HttpServer2 (HttpServer2.java:addFilter(958)) - Added filter static_user_filter (class=org.apache.hadoop.http.lib.StaticUserWebFilter$StaticUserFilter) to context static
2019-09-12 10:32:22,937 [main] INFO  http.HttpServer2 (HttpServer2.java:bindListener(1191)) - Jetty bound to port 38555
2019-09-12 10:32:22,937 [main] INFO  server.Server (Server.java:doStart(351)) - jetty-9.3.24.v20180605, build timestamp: 2018-06-05T17:11:56Z, git hash: 84205aa28f11a4f31f2a3b86d1bba2cc8ab69827
2019-09-12 10:32:22,939 [main] INFO  handler.ContextHandler (ContextHandler.java:doStart(781)) - Started o.e.j.s.ServletContextHandler@38e83838{/logs,file:///workdir/hadoop-ozone/integration-test/target/log,AVAILABLE}
2019-09-12 10:32:22,940 [main] INFO  handler.ContextHandler (ContextHandler.java:doStart(781)) - Started o.e.j.s.ServletContextHandler@4966bab1{/static,jar:file:/home/user/.m2/repository/org/apache/hadoop/hadoop-hdds-container-service/0.5.0-SNAPSHOT/hadoop-hdds-container-service-0.5.0-SNAPSHOT.jar!/webapps/static,AVAILABLE}
2019-09-12 10:32:22,965 [main] INFO  handler.ContextHandler (ContextHandler.java:doStart(781)) - Started o.e.j.w.WebAppContext@44d7e24{/,file:///tmp/jetty-0.0.0.0-38555-hddsDatanode-_-any-2994469270979965965.dir/webapp/,AVAILABLE}{/hddsDatanode}
2019-09-12 10:32:22,965 [main] INFO  server.AbstractConnector (AbstractConnector.java:doStart(278)) - Started ServerConnector@26c8b296{HTTP/1.1,[http/1.1]}{0.0.0.0:38555}
2019-09-12 10:32:22,966 [main] INFO  server.Server (Server.java:doStart(419)) - Started @7182ms
2019-09-12 10:32:22,968 [main] INFO  server.BaseHttpServer (BaseHttpServer.java:updateConnectorAddress(213)) - HTTP server of HDDSDATANODE is listening at http://0.0.0.0:38555
2019-09-12 10:32:23,118 | INFO  | ObjectStoreRestHttpServer | Listening HDDS REST traffic on /0.0.0.0:41166 |  
2019-09-12 10:32:23,118 [main] INFO  ozone.HddsDatanodeService (HddsDatanodeService.java:startPlugins(395)) - Started plug-in org.apache.hadoop.ozone.web.OzoneHddsDatanodeService@599f1b7
2019-09-12 10:32:23,122 [main] INFO  ozone.MiniOzoneClusterImpl (MiniOzoneClusterImpl.java:lambda$waitForClusterToBeReady$0(142)) - Waiting for cluster to be ready. Got 0 of 3 DN Heartbeats.
2019-09-12 10:32:23,123 [org.apache.hadoop.util.JvmPauseMonitor$Monitor@3410b1c3] INFO  util.JvmPauseMonitor (JvmPauseMonitor.java:run(188)) - Starting JVM pause monitor
2019-09-12 10:32:23,126 [Datanode State Machine Thread - 0] INFO  datanode.InitDatanodeState (InitDatanodeState.java:persistContainerDatanodeDetails(140)) - DatanodeDetails is persisted to /workdir/hadoop-ozone/integration-test/target/test-dir/MiniOzoneClusterImpl-03df5328-cb4f-49b2-a840-73a4610bd6b2/datanode-2/meta/datanode.id
2019-09-12 10:32:24,123 [main] INFO  ozone.MiniOzoneClusterImpl (MiniOzoneClusterImpl.java:lambda$waitForClusterToBeReady$0(142)) - Waiting for cluster to be ready. Got 0 of 3 DN Heartbeats.
2019-09-12 10:32:24,696 | INFO  | SCMAudit | user=jenkins1000 | ip=192.168.157.195 | op=GET_VERSION null | ret=SUCCESS |  
2019-09-12 10:32:24,715 [Datanode State Machine Thread - 0] INFO  ozoneimpl.OzoneContainer (OzoneContainer.java:start(186)) - Attempting to start container services.
2019-09-12 10:32:24,717 [Datanode State Machine Thread - 0] INFO  ozoneimpl.OzoneContainer (OzoneContainer.java:startContainerScrub(160)) - Background container scrubber has been disabled by hdds.containerscrub.enabled
2019-09-12 10:32:24,717 [Datanode State Machine Thread - 0] INFO  ratis.XceiverServerRatis (XceiverServerRatis.java:start(404)) - Starting XceiverServerRatis 8bf28770-b006-473a-8b5e-ef696e489f09 at port 0
2019-09-12 10:32:24,738 [Datanode State Machine Thread - 0] INFO  impl.RaftServerProxy (RaftServerProxy.java:lambda$start$3(299)) - 8bf28770-b006-473a-8b5e-ef696e489f09: start RPC server
2019-09-12 10:32:24,879 [Datanode State Machine Thread - 0] INFO  server.GrpcService (GrpcService.java:startImpl(149)) - 8bf28770-b006-473a-8b5e-ef696e489f09: GrpcService started, listening on 0.0.0.0/0.0.0.0:42117
2019-09-12 10:32:24,880 [Datanode State Machine Thread - 0] INFO  ratis.XceiverServerRatis (XceiverServerRatis.java:start(414)) - XceiverServerRatis 8bf28770-b006-473a-8b5e-ef696e489f09 is started using port 42117
2019-09-12 10:32:24,882 [Datanode State Machine Thread - 0] INFO  server.XceiverServerGrpc (XceiverServerGrpc.java:start(163)) - XceiverServerGrpc 8bf28770-b006-473a-8b5e-ef696e489f09 is started using port 35411
2019-09-12 10:32:24,903 | INFO  | SCMAudit | user=jenkins1000 | ip=192.168.157.195 | op=GET_VERSION null | ret=SUCCESS |  
2019-09-12 10:32:24,917 [Datanode State Machine Thread - 0] INFO  ozoneimpl.OzoneContainer (OzoneContainer.java:start(186)) - Attempting to start container services.
2019-09-12 10:32:24,919 [Datanode State Machine Thread - 0] INFO  ozoneimpl.OzoneContainer (OzoneContainer.java:startContainerScrub(160)) - Background container scrubber has been disabled by hdds.containerscrub.enabled
2019-09-12 10:32:24,920 [Datanode State Machine Thread - 0] INFO  ratis.XceiverServerRatis (XceiverServerRatis.java:start(404)) - Starting XceiverServerRatis e5aec583-ea61-4f1a-b46a-16f569718c14 at port 0
2019-09-12 10:32:24,929 [Datanode State Machine Thread - 0] INFO  impl.RaftServerProxy (RaftServerProxy.java:lambda$start$3(299)) - e5aec583-ea61-4f1a-b46a-16f569718c14: start RPC server
2019-09-12 10:32:24,933 [Datanode State Machine Thread - 0] INFO  server.GrpcService (GrpcService.java:startImpl(149)) - e5aec583-ea61-4f1a-b46a-16f569718c14: GrpcService started, listening on 0.0.0.0/0.0.0.0:39535
2019-09-12 10:32:24,933 [Datanode State Machine Thread - 0] INFO  ratis.XceiverServerRatis (XceiverServerRatis.java:start(414)) - XceiverServerRatis e5aec583-ea61-4f1a-b46a-16f569718c14 is started using port 39535
2019-09-12 10:32:24,934 [Datanode State Machine Thread - 0] INFO  server.XceiverServerGrpc (XceiverServerGrpc.java:start(163)) - XceiverServerGrpc e5aec583-ea61-4f1a-b46a-16f569718c14 is started using port 44363
2019-09-12 10:32:25,123 [main] INFO  ozone.MiniOzoneClusterImpl (MiniOzoneClusterImpl.java:lambda$waitForClusterToBeReady$0(142)) - Waiting for cluster to be ready. Got 0 of 3 DN Heartbeats.
2019-09-12 10:32:25,126 | INFO  | SCMAudit | user=jenkins1000 | ip=192.168.157.195 | op=GET_VERSION null | ret=SUCCESS |  
2019-09-12 10:32:25,140 [Datanode State Machine Thread - 0] INFO  ozoneimpl.OzoneContainer (OzoneContainer.java:start(186)) - Attempting to start container services.
2019-09-12 10:32:25,142 [Datanode State Machine Thread - 0] INFO  ozoneimpl.OzoneContainer (OzoneContainer.java:startContainerScrub(160)) - Background container scrubber has been disabled by hdds.containerscrub.enabled
2019-09-12 10:32:25,142 [Datanode State Machine Thread - 0] INFO  ratis.XceiverServerRatis (XceiverServerRatis.java:start(404)) - Starting XceiverServerRatis 80325dc5-bfcd-4416-8aa5-165bd32e2b28 at port 0
2019-09-12 10:32:25,150 [Datanode State Machine Thread - 0] INFO  impl.RaftServerProxy (RaftServerProxy.java:lambda$start$3(299)) - 80325dc5-bfcd-4416-8aa5-165bd32e2b28: start RPC server
2019-09-12 10:32:25,152 [Datanode State Machine Thread - 0] INFO  server.GrpcService (GrpcService.java:startImpl(149)) - 80325dc5-bfcd-4416-8aa5-165bd32e2b28: GrpcService started, listening on 0.0.0.0/0.0.0.0:38292
2019-09-12 10:32:25,153 [Datanode State Machine Thread - 0] INFO  ratis.XceiverServerRatis (XceiverServerRatis.java:start(414)) - XceiverServerRatis 80325dc5-bfcd-4416-8aa5-165bd32e2b28 is started using port 38292
2019-09-12 10:32:25,155 [Datanode State Machine Thread - 0] INFO  server.XceiverServerGrpc (XceiverServerGrpc.java:start(163)) - XceiverServerGrpc 80325dc5-bfcd-4416-8aa5-165bd32e2b28 is started using port 40245
2019-09-12 10:32:26,125 [main] INFO  ozone.MiniOzoneClusterImpl (MiniOzoneClusterImpl.java:lambda$waitForClusterToBeReady$0(142)) - Waiting for cluster to be ready. Got 0 of 3 DN Heartbeats.
2019-09-12 10:32:26,711 [IPC Server handler 6 on 41934] INFO  net.NetworkTopology (NetworkTopologyImpl.java:add(110)) - Added a new node: /default-rack/8bf28770-b006-473a-8b5e-ef696e489f09
2019-09-12 10:32:26,712 [IPC Server handler 6 on 41934] INFO  node.SCMNodeManager (SCMNodeManager.java:register(273)) - Registered Data node : 8bf28770-b006-473a-8b5e-ef696e489f09{ip: 192.168.157.195, host: pr-hdds-1569-xtfnx-3545843844, networkLocation: /default-rack, certSerialId: null}
2019-09-12 10:32:26,718 [EventQueue-NodeRegistrationContainerReportForDataNodeSafeModeRule] INFO  safemode.SCMSafeModeManager (DataNodeSafeModeRule.java:process(71)) - SCM in safe mode. 1 DataNodes registered, 1 required.
2019-09-12 10:32:26,718 [EventQueue-NodeRegistrationContainerReportForDataNodeSafeModeRule] INFO  safemode.SCMSafeModeManager (SCMSafeModeManager.java:validateSafeModeExitRules(177)) - ScmSafeModeManager, all rules are successfully validated
2019-09-12 10:32:26,718 [EventQueue-NodeRegistrationContainerReportForDataNodeSafeModeRule] INFO  safemode.SCMSafeModeManager (SCMSafeModeManager.java:exitSafeMode(193)) - SCM exiting safe mode.
2019-09-12 10:32:26,727 | INFO  | SCMAudit | user=jenkins1000 | ip=192.168.157.195 | op=REGISTER {datanodeDetails=8bf28770-b006-473a-8b5e-ef696e489f09{ip: 192.168.157.195, host: pr-hdds-1569-xtfnx-3545843844, networkLocation: /default-rack, certSerialId: null}} | ret=SUCCESS |  
2019-09-12 10:32:26,903 [IPC Server handler 5 on 41934] INFO  net.NetworkTopology (NetworkTopologyImpl.java:add(110)) - Added a new node: /default-rack/e5aec583-ea61-4f1a-b46a-16f569718c14
2019-09-12 10:32:26,905 [IPC Server handler 5 on 41934] INFO  node.SCMNodeManager (SCMNodeManager.java:register(273)) - Registered Data node : e5aec583-ea61-4f1a-b46a-16f569718c14{ip: 192.168.157.195, host: pr-hdds-1569-xtfnx-3545843844, networkLocation: /default-rack, certSerialId: null}
2019-09-12 10:32:26,906 | INFO  | SCMAudit | user=jenkins1000 | ip=192.168.157.195 | op=REGISTER {datanodeDetails=e5aec583-ea61-4f1a-b46a-16f569718c14{ip: 192.168.157.195, host: pr-hdds-1569-xtfnx-3545843844, networkLocation: /default-rack, certSerialId: null}} | ret=SUCCESS |  
2019-09-12 10:32:27,193 [main] INFO  ozone.MiniOzoneClusterImpl (MiniOzoneClusterImpl.java:lambda$waitForClusterToBeReady$0(142)) - Waiting for cluster to be ready. Got 2 of 3 DN Heartbeats.
2019-09-12 10:32:27,197 [IPC Server handler 6 on 41934] INFO  net.NetworkTopology (NetworkTopologyImpl.java:add(110)) - Added a new node: /default-rack/80325dc5-bfcd-4416-8aa5-165bd32e2b28
2019-09-12 10:32:27,197 [IPC Server handler 6 on 41934] INFO  node.SCMNodeManager (SCMNodeManager.java:register(273)) - Registered Data node : 80325dc5-bfcd-4416-8aa5-165bd32e2b28{ip: 192.168.157.195, host: pr-hdds-1569-xtfnx-3545843844, networkLocation: /default-rack, certSerialId: null}
2019-09-12 10:32:27,200 | INFO  | SCMAudit | user=jenkins1000 | ip=192.168.157.195 | op=REGISTER {datanodeDetails=80325dc5-bfcd-4416-8aa5-165bd32e2b28{ip: 192.168.157.195, host: pr-hdds-1569-xtfnx-3545843844, networkLocation: /default-rack, certSerialId: null}} | ret=SUCCESS |  
2019-09-12 10:32:27,755 [grpc-default-executor-0] INFO  impl.RaftServerProxy (RaftServerProxy.java:addNew(89)) - 8bf28770-b006-473a-8b5e-ef696e489f09: addNew group-B5BC34EAFA65:[8bf28770-b006-473a-8b5e-ef696e489f09:192.168.157.195:42117] returns group-B5BC34EAFA65:java.util.concurrent.CompletableFuture@7b894c76[Not completed]
2019-09-12 10:32:27,773 [pool-27-thread-1] INFO  impl.RaftServerImpl (RaftServerImpl.java:<init>(93)) - 8bf28770-b006-473a-8b5e-ef696e489f09: new RaftServerImpl for group-B5BC34EAFA65:[8bf28770-b006-473a-8b5e-ef696e489f09:192.168.157.195:42117] with ContainerStateMachine:uninitialized
2019-09-12 10:32:27,776 [pool-27-thread-1] INFO  server.RaftServerConfigKeys (ConfUtils.java:logGet(43)) - raft.server.rpc.timeout.min = 5s (custom)
2019-09-12 10:32:27,777 [pool-27-thread-1] INFO  server.RaftServerConfigKeys (ConfUtils.java:logGet(43)) - raft.server.rpc.timeout.max = 5200ms (custom)
2019-09-12 10:32:27,777 [pool-27-thread-1] INFO  server.RaftServerConfigKeys (ConfUtils.java:logGet(43)) - raft.server.rpcslowness.timeout = 120s (custom)
2019-09-12 10:32:27,778 [pool-27-thread-1] INFO  server.RaftServerConfigKeys (ConfUtils.java:logGet(43)) - raft.server.sleep.deviation.threshold = 300 (default)
2019-09-12 10:32:27,779 [pool-27-thread-1] INFO  server.RaftServerConfigKeys (ConfUtils.java:logGet(43)) - raft.server.log.appender.install.snapshot.enabled = false (custom)
2019-09-12 10:32:27,789 [pool-27-thread-1] INFO  impl.RaftServerImpl (ServerState.java:<init>(105)) - 8bf28770-b006-473a-8b5e-ef696e489f09:group-B5BC34EAFA65 ConfigurationManager, init=-1: [8bf28770-b006-473a-8b5e-ef696e489f09:192.168.157.195:42117], old=null, confs=<EMPTY_MAP>
2019-09-12 10:32:27,790 [pool-27-thread-1] INFO  server.RaftServerConfigKeys (ConfUtils.java:logGet(43)) - raft.server.storage.dir = [/workdir/hadoop-ozone/integration-test/target/test-dir/MiniOzoneClusterImpl-03df5328-cb4f-49b2-a840-73a4610bd6b2/datanode-0/data/ratis] (custom)
2019-09-12 10:32:27,800 [pool-27-thread-1] INFO  storage.RaftStorageDirectory (RaftStorageDirectory.java:analyzeStorage(246)) - The storage directory /workdir/hadoop-ozone/integration-test/target/test-dir/MiniOzoneClusterImpl-03df5328-cb4f-49b2-a840-73a4610bd6b2/datanode-0/data/ratis/7285a30b-b72b-4291-b729-b5bc34eafa65 does not exist. Creating ...
2019-09-12 10:32:27,818 [pool-27-thread-1] INFO  storage.RaftStorageDirectory (RaftStorageDirectory.java:tryLock(328)) - Lock on /workdir/hadoop-ozone/integration-test/target/test-dir/MiniOzoneClusterImpl-03df5328-cb4f-49b2-a840-73a4610bd6b2/datanode-0/data/ratis/7285a30b-b72b-4291-b729-b5bc34eafa65/in_use.lock acquired by nodename 31912@pr-hdds-1569-xtfnx-3545843844
2019-09-12 10:32:27,834 [pool-27-thread-1] INFO  storage.RaftStorage (RaftStorage.java:format(72)) - Storage directory /workdir/hadoop-ozone/integration-test/target/test-dir/MiniOzoneClusterImpl-03df5328-cb4f-49b2-a840-73a4610bd6b2/datanode-0/data/ratis/7285a30b-b72b-4291-b729-b5bc34eafa65 has been successfully formatted.
2019-09-12 10:32:27,836 [pool-27-thread-1] INFO  ratis.ContainerStateMachine (ContainerStateMachine.java:loadSnapshot(226)) - group-B5BC34EAFA65: The snapshot info is null. Setting the last applied indexto:(t:0, i:~)
2019-09-12 10:32:27,836 [pool-27-thread-1] INFO  server.RaftServerConfigKeys (ConfUtils.java:logGet(43)) - raft.server.leader.election.timeout = 120s (custom)
2019-09-12 10:32:27,839 [pool-27-thread-1] INFO  server.RaftServerConfigKeys (ConfUtils.java:logGet(43)) - raft.server.log.use.memory = false (default)
2019-09-12 10:32:27,845 [pool-27-thread-1] INFO  server.RaftServerConfigKeys (ConfUtils.java:logGet(43)) - raft.server.log.purge.gap = 1000000 (custom)
2019-09-12 10:32:27,845 [pool-27-thread-1] INFO  server.RaftServerConfigKeys (ConfUtils.java:logGet(43)) - raft.server.log.appender.buffer.byte-limit = 33554432 (custom)
2019-09-12 10:32:27,847 [pool-27-thread-1] INFO  server.RaftServerConfigKeys (ConfUtils.java:logGet(43)) - raft.server.log.segment.size.max = 1048576 (custom)
2019-09-12 10:32:27,853 [pool-27-thread-1] INFO  server.RaftServerConfigKeys (ConfUtils.java:logGet(43)) - raft.server.log.segment.cache.num.max = 2 (custom)
2019-09-12 10:32:27,859 [pool-27-thread-1] INFO  segmented.SegmentedRaftLogWorker (SegmentedRaftLogWorker.java:<init>(172)) - new 8bf28770-b006-473a-8b5e-ef696e489f09-SegmentedRaftLogWorker:Storage Directory /workdir/hadoop-ozone/integration-test/target/test-dir/MiniOzoneClusterImpl-03df5328-cb4f-49b2-a840-73a4610bd6b2/datanode-0/data/ratis/7285a30b-b72b-4291-b729-b5bc34eafa65 for RaftStorage:Storage Directory /workdir/hadoop-ozone/integration-test/target/test-dir/MiniOzoneClusterImpl-03df5328-cb4f-49b2-a840-73a4610bd6b2/datanode-0/data/ratis/7285a30b-b72b-4291-b729-b5bc34eafa65
2019-09-12 10:32:27,873 [pool-27-thread-1] INFO  server.RaftServerConfigKeys (ConfUtils.java:logGet(43)) - raft.server.log.queue.byte-limit = 2147483647 (custom)
2019-09-12 10:32:27,873 [pool-27-thread-1] INFO  server.RaftServerConfigKeys (ConfUtils.java:logGet(43)) - raft.server.log.queue.element-limit = 1024 (custom)
2019-09-12 10:32:27,878 [pool-27-thread-1] INFO  server.RaftServerConfigKeys (ConfUtils.java:logGet(43)) - raft.server.log.segment.size.max = 1048576 (custom)
2019-09-12 10:32:27,879 [pool-27-thread-1] INFO  server.RaftServerConfigKeys (ConfUtils.java:logGet(43)) - raft.server.log.preallocated.size = 16384 (custom)
2019-09-12 10:32:27,879 [pool-27-thread-1] INFO  server.RaftServerConfigKeys (ConfUtils.java:logGet(43)) - raft.server.log.write.buffer.size = 33554432 (custom)
2019-09-12 10:32:27,880 [pool-27-thread-1] INFO  server.RaftServerConfigKeys (ConfUtils.java:logGet(43)) - raft.server.log.force.sync.num = 128 (default)
2019-09-12 10:32:27,881 [pool-27-thread-1] INFO  server.RaftServerConfigKeys (ConfUtils.java:logGet(43)) - raft.server.log.statemachine.data.sync = true (default)
2019-09-12 10:32:27,881 [pool-27-thread-1] INFO  server.RaftServerConfigKeys (ConfUtils.java:logGet(43)) - raft.server.log.statemachine.data.sync.timeout = 10s (default)
2019-09-12 10:32:27,882 [pool-27-thread-1] INFO  server.RaftServerConfigKeys (ConfUtils.java:logGet(43)) - raft.server.log.statemachine.data.sync.timeout.retry = -1 (default)
2019-09-12 10:32:27,891 [pool-27-thread-1] INFO  server.RaftServerConfigKeys (ConfUtils.java:logGet(43)) - raft.server.log.statemachine.data.caching.enabled = true (custom)
2019-09-12 10:32:27,896 [pool-27-thread-1] INFO  segmented.SegmentedRaftLogWorker (SegmentedRaftLogWorker.java:lambda$new$0(132)) - 8bf28770-b006-473a-8b5e-ef696e489f09-SegmentedRaftLogWorker:Storage Directory /workdir/hadoop-ozone/integration-test/target/test-dir/MiniOzoneClusterImpl-03df5328-cb4f-49b2-a840-73a4610bd6b2/datanode-0/data/ratis/7285a30b-b72b-4291-b729-b5bc34eafa65: flushIndex: setUnconditionally 0 -> -1
2019-09-12 10:32:27,900 [pool-27-thread-1] INFO  server.RaftServerConfigKeys (ConfUtils.java:logGet(43)) - raft.server.snapshot.auto.trigger.enabled = true (custom)
2019-09-12 10:32:27,901 [pool-27-thread-1] INFO  server.RaftServerConfigKeys (ConfUtils.java:logGet(43)) - raft.server.snapshot.auto.trigger.threshold = 10000 (custom)
2019-09-12 10:32:27,901 [pool-27-thread-1] INFO  server.RaftServerConfigKeys (ConfUtils.java:logGet(43)) - raft.server.retrycache.expirytime = 600000ms (custom)
2019-09-12 10:32:27,921 [pool-27-thread-1] INFO  impl.RaftServerImpl (RaftServerImpl.java:start(180)) - 8bf28770-b006-473a-8b5e-ef696e489f09: start group-B5BC34EAFA65
2019-09-12 10:32:27,922 [pool-27-thread-1] INFO  impl.RaftServerImpl (RaftServerImpl.java:setRole(171)) - 8bf28770-b006-473a-8b5e-ef696e489f09:group-B5BC34EAFA65 changes role from null to FOLLOWER at term 0 for startAsFollower
2019-09-12 10:32:27,923 [pool-27-thread-1] INFO  impl.RoleInfo (RoleInfo.java:updateAndGet(143)) - 8bf28770-b006-473a-8b5e-ef696e489f09: start FollowerState
2019-09-12 10:32:27,924 [pool-27-thread-1] INFO  util.JmxRegister (JmxRegister.java:tryRegister(44)) - Successfully registered JMX Bean with object name Ratis:service=RaftServer,group=group-B5BC34EAFA65,id=8bf28770-b006-473a-8b5e-ef696e489f09
2019-09-12 10:32:27,991 [RatisPipelineUtilsThread] INFO  pipeline.PipelineStateManager (PipelineStateManager.java:addPipeline(56)) - Created pipeline Pipeline[ Id: 7285a30b-b72b-4291-b729-b5bc34eafa65, Nodes: 8bf28770-b006-473a-8b5e-ef696e489f09{ip: 192.168.157.195, host: pr-hdds-1569-xtfnx-3545843844, networkLocation: /default-rack, certSerialId: null}, Type:RATIS, Factor:ONE, State:OPEN]
2019-09-12 10:32:28,015 [grpc-default-executor-0] INFO  impl.RaftServerProxy (RaftServerProxy.java:addNew(89)) - e5aec583-ea61-4f1a-b46a-16f569718c14: addNew group-FBA73ADBF6E5:[e5aec583-ea61-4f1a-b46a-16f569718c14:192.168.157.195:39535] returns group-FBA73ADBF6E5:java.util.concurrent.CompletableFuture@3ffef2ad[Not completed]
2019-09-12 10:32:28,051 [pool-38-thread-1] INFO  impl.RaftServerImpl (RaftServerImpl.java:<init>(93)) - e5aec583-ea61-4f1a-b46a-16f569718c14: new RaftServerImpl for group-FBA73ADBF6E5:[e5aec583-ea61-4f1a-b46a-16f569718c14:192.168.157.195:39535] with ContainerStateMachine:uninitialized
2019-09-12 10:32:28,052 [pool-38-thread-1] INFO  server.RaftServerConfigKeys (ConfUtils.java:logGet(43)) - raft.server.rpc.timeout.min = 5s (custom)
2019-09-12 10:32:28,053 [pool-38-thread-1] INFO  server.RaftServerConfigKeys (ConfUtils.java:logGet(43)) - raft.server.rpc.timeout.max = 5200ms (custom)
2019-09-12 10:32:28,053 [pool-38-thread-1] INFO  server.RaftServerConfigKeys (ConfUtils.java:logGet(43)) - raft.server.rpcslowness.timeout = 120s (custom)
2019-09-12 10:32:28,054 [pool-38-thread-1] INFO  server.RaftServerConfigKeys (ConfUtils.java:logGet(43)) - raft.server.sleep.deviation.threshold = 300 (default)
2019-09-12 10:32:28,054 [pool-38-thread-1] INFO  server.RaftServerConfigKeys (ConfUtils.java:logGet(43)) - raft.server.log.appender.install.snapshot.enabled = false (custom)
2019-09-12 10:32:28,054 [pool-38-thread-1] INFO  impl.RaftServerImpl (ServerState.java:<init>(105)) - e5aec583-ea61-4f1a-b46a-16f569718c14:group-FBA73ADBF6E5 ConfigurationManager, init=-1: [e5aec583-ea61-4f1a-b46a-16f569718c14:192.168.157.195:39535], old=null, confs=<EMPTY_MAP>
2019-09-12 10:32:28,054 [pool-38-thread-1] INFO  server.RaftServerConfigKeys (ConfUtils.java:logGet(43)) - raft.server.storage.dir = [/workdir/hadoop-ozone/integration-test/target/test-dir/MiniOzoneClusterImpl-03df5328-cb4f-49b2-a840-73a4610bd6b2/datanode-1/data/ratis] (custom)
2019-09-12 10:32:28,055 [pool-38-thread-1] INFO  storage.RaftStorageDirectory (RaftStorageDirectory.java:analyzeStorage(246)) - The storage directory /workdir/hadoop-ozone/integration-test/target/test-dir/MiniOzoneClusterImpl-03df5328-cb4f-49b2-a840-73a4610bd6b2/datanode-1/data/ratis/ca371fb7-8121-474e-9b82-fba73adbf6e5 does not exist. Creating ...
2019-09-12 10:32:28,069 [pool-38-thread-1] INFO  storage.RaftStorageDirectory (RaftStorageDirectory.java:tryLock(328)) - Lock on /workdir/hadoop-ozone/integration-test/target/test-dir/MiniOzoneClusterImpl-03df5328-cb4f-49b2-a840-73a4610bd6b2/datanode-1/data/ratis/ca371fb7-8121-474e-9b82-fba73adbf6e5/in_use.lock acquired by nodename 31912@pr-hdds-1569-xtfnx-3545843844
2019-09-12 10:32:28,102 [pool-38-thread-1] INFO  storage.RaftStorage (RaftStorage.java:format(72)) - Storage directory /workdir/hadoop-ozone/integration-test/target/test-dir/MiniOzoneClusterImpl-03df5328-cb4f-49b2-a840-73a4610bd6b2/datanode-1/data/ratis/ca371fb7-8121-474e-9b82-fba73adbf6e5 has been successfully formatted.
2019-09-12 10:32:28,104 [pool-38-thread-1] INFO  ratis.ContainerStateMachine (ContainerStateMachine.java:loadSnapshot(226)) - group-FBA73ADBF6E5: The snapshot info is null. Setting the last applied indexto:(t:0, i:~)
2019-09-12 10:32:28,105 [pool-38-thread-1] INFO  server.RaftServerConfigKeys (ConfUtils.java:logGet(43)) - raft.server.leader.election.timeout = 120s (custom)
2019-09-12 10:32:28,105 [pool-38-thread-1] INFO  server.RaftServerConfigKeys (ConfUtils.java:logGet(43)) - raft.server.log.use.memory = false (default)
2019-09-12 10:32:28,105 [pool-38-thread-1] INFO  server.RaftServerConfigKeys (ConfUtils.java:logGet(43)) - raft.server.log.purge.gap = 1000000 (custom)
2019-09-12 10:32:28,106 [pool-38-thread-1] INFO  server.RaftServerConfigKeys (ConfUtils.java:logGet(43)) - raft.server.log.appender.buffer.byte-limit = 33554432 (custom)
2019-09-12 10:32:28,106 [pool-38-thread-1] INFO  server.RaftServerConfigKeys (ConfUtils.java:logGet(43)) - raft.server.log.segment.size.max = 1048576 (custom)
2019-09-12 10:32:28,106 [pool-38-thread-1] INFO  server.RaftServerConfigKeys (ConfUtils.java:logGet(43)) - raft.server.log.segment.cache.num.max = 2 (custom)
2019-09-12 10:32:28,106 [pool-38-thread-1] INFO  segmented.SegmentedRaftLogWorker (SegmentedRaftLogWorker.java:<init>(172)) - new e5aec583-ea61-4f1a-b46a-16f569718c14-SegmentedRaftLogWorker:Storage Directory /workdir/hadoop-ozone/integration-test/target/test-dir/MiniOzoneClusterImpl-03df5328-cb4f-49b2-a840-73a4610bd6b2/datanode-1/data/ratis/ca371fb7-8121-474e-9b82-fba73adbf6e5 for RaftStorage:Storage Directory /workdir/hadoop-ozone/integration-test/target/test-dir/MiniOzoneClusterImpl-03df5328-cb4f-49b2-a840-73a4610bd6b2/datanode-1/data/ratis/ca371fb7-8121-474e-9b82-fba73adbf6e5
2019-09-12 10:32:28,108 [pool-38-thread-1] INFO  server.RaftServerConfigKeys (ConfUtils.java:logGet(43)) - raft.server.log.queue.byte-limit = 2147483647 (custom)
2019-09-12 10:32:28,108 [pool-38-thread-1] INFO  server.RaftServerConfigKeys (ConfUtils.java:logGet(43)) - raft.server.log.queue.element-limit = 1024 (custom)
2019-09-12 10:32:28,108 [pool-38-thread-1] INFO  server.RaftServerConfigKeys (ConfUtils.java:logGet(43)) - raft.server.log.segment.size.max = 1048576 (custom)
2019-09-12 10:32:28,108 [pool-38-thread-1] INFO  server.RaftServerConfigKeys (ConfUtils.java:logGet(43)) - raft.server.log.preallocated.size = 16384 (custom)
2019-09-12 10:32:28,109 [pool-38-thread-1] INFO  server.RaftServerConfigKeys (ConfUtils.java:logGet(43)) - raft.server.log.write.buffer.size = 33554432 (custom)
2019-09-12 10:32:28,109 [pool-38-thread-1] INFO  server.RaftServerConfigKeys (ConfUtils.java:logGet(43)) - raft.server.log.force.sync.num = 128 (default)
2019-09-12 10:32:28,109 [pool-38-thread-1] INFO  server.RaftServerConfigKeys (ConfUtils.java:logGet(43)) - raft.server.log.statemachine.data.sync = true (default)
2019-09-12 10:32:28,109 [pool-38-thread-1] INFO  server.RaftServerConfigKeys (ConfUtils.java:logGet(43)) - raft.server.log.statemachine.data.sync.timeout = 10s (default)
2019-09-12 10:32:28,110 [pool-38-thread-1] INFO  server.RaftServerConfigKeys (ConfUtils.java:logGet(43)) - raft.server.log.statemachine.data.sync.timeout.retry = -1 (default)
2019-09-12 10:32:28,110 [pool-38-thread-1] INFO  server.RaftServerConfigKeys (ConfUtils.java:logGet(43)) - raft.server.log.statemachine.data.caching.enabled = true (custom)
2019-09-12 10:32:28,111 [pool-38-thread-1] INFO  segmented.SegmentedRaftLogWorker (SegmentedRaftLogWorker.java:lambda$new$0(132)) - e5aec583-ea61-4f1a-b46a-16f569718c14-SegmentedRaftLogWorker:Storage Directory /workdir/hadoop-ozone/integration-test/target/test-dir/MiniOzoneClusterImpl-03df5328-cb4f-49b2-a840-73a4610bd6b2/datanode-1/data/ratis/ca371fb7-8121-474e-9b82-fba73adbf6e5: flushIndex: setUnconditionally 0 -> -1
2019-09-12 10:32:28,111 [pool-38-thread-1] INFO  server.RaftServerConfigKeys (ConfUtils.java:logGet(43)) - raft.server.snapshot.auto.trigger.enabled = true (custom)
2019-09-12 10:32:28,111 [pool-38-thread-1] INFO  server.RaftServerConfigKeys (ConfUtils.java:logGet(43)) - raft.server.snapshot.auto.trigger.threshold = 10000 (custom)
2019-09-12 10:32:28,111 [pool-38-thread-1] INFO  server.RaftServerConfigKeys (ConfUtils.java:logGet(43)) - raft.server.retrycache.expirytime = 600000ms (custom)
2019-09-12 10:32:28,112 [pool-38-thread-1] INFO  impl.RaftServerImpl (RaftServerImpl.java:start(180)) - e5aec583-ea61-4f1a-b46a-16f569718c14: start group-FBA73ADBF6E5
2019-09-12 10:32:28,112 [pool-38-thread-1] INFO  impl.RaftServerImpl (RaftServerImpl.java:setRole(171)) - e5aec583-ea61-4f1a-b46a-16f569718c14:group-FBA73ADBF6E5 changes role from null to FOLLOWER at term 0 for startAsFollower
2019-09-12 10:32:28,112 [pool-38-thread-1] INFO  impl.RoleInfo (RoleInfo.java:updateAndGet(143)) - e5aec583-ea61-4f1a-b46a-16f569718c14: start FollowerState
2019-09-12 10:32:28,114 [pool-38-thread-1] INFO  util.JmxRegister (JmxRegister.java:tryRegister(44)) - Successfully registered JMX Bean with object name Ratis:service=RaftServer,group=group-FBA73ADBF6E5,id=e5aec583-ea61-4f1a-b46a-16f569718c14
2019-09-12 10:32:28,127 [RatisPipelineUtilsThread] INFO  pipeline.PipelineStateManager (PipelineStateManager.java:addPipeline(56)) - Created pipeline Pipeline[ Id: ca371fb7-8121-474e-9b82-fba73adbf6e5, Nodes: e5aec583-ea61-4f1a-b46a-16f569718c14{ip: 192.168.157.195, host: pr-hdds-1569-xtfnx-3545843844, networkLocation: /default-rack, certSerialId: null}, Type:RATIS, Factor:ONE, State:OPEN]
2019-09-12 10:32:28,147 [grpc-default-executor-0] INFO  impl.RaftServerProxy (RaftServerProxy.java:addNew(89)) - e5aec583-ea61-4f1a-b46a-16f569718c14: addNew group-4CC5D1A5E2D7:[e5aec583-ea61-4f1a-b46a-16f569718c14:192.168.157.195:39535] returns group-4CC5D1A5E2D7:java.util.concurrent.CompletableFuture@c202050[Not completed]
2019-09-12 10:32:28,149 [pool-38-thread-1] INFO  impl.RaftServerImpl (RaftServerImpl.java:<init>(93)) - e5aec583-ea61-4f1a-b46a-16f569718c14: new RaftServerImpl for group-4CC5D1A5E2D7:[e5aec583-ea61-4f1a-b46a-16f569718c14:192.168.157.195:39535] with ContainerStateMachine:uninitialized
2019-09-12 10:32:28,149 [pool-38-thread-1] INFO  server.RaftServerConfigKeys (ConfUtils.java:logGet(43)) - raft.server.rpc.timeout.min = 5s (custom)
2019-09-12 10:32:28,149 [pool-38-thread-1] INFO  server.RaftServerConfigKeys (ConfUtils.java:logGet(43)) - raft.server.rpc.timeout.max = 5200ms (custom)
2019-09-12 10:32:28,150 [pool-38-thread-1] INFO  server.RaftServerConfigKeys (ConfUtils.java:logGet(43)) - raft.server.rpcslowness.timeout = 120s (custom)
2019-09-12 10:32:28,150 [pool-38-thread-1] INFO  server.RaftServerConfigKeys (ConfUtils.java:logGet(43)) - raft.server.sleep.deviation.threshold = 300 (default)
2019-09-12 10:32:28,150 [pool-38-thread-1] INFO  server.RaftServerConfigKeys (ConfUtils.java:logGet(43)) - raft.server.log.appender.install.snapshot.enabled = false (custom)
2019-09-12 10:32:28,150 [pool-38-thread-1] INFO  impl.RaftServerImpl (ServerState.java:<init>(105)) - e5aec583-ea61-4f1a-b46a-16f569718c14:group-4CC5D1A5E2D7 ConfigurationManager, init=-1: [e5aec583-ea61-4f1a-b46a-16f569718c14:192.168.157.195:39535], old=null, confs=<EMPTY_MAP>
2019-09-12 10:32:28,150 [pool-38-thread-1] INFO  server.RaftServerConfigKeys (ConfUtils.java:logGet(43)) - raft.server.storage.dir = [/workdir/hadoop-ozone/integration-test/target/test-dir/MiniOzoneClusterImpl-03df5328-cb4f-49b2-a840-73a4610bd6b2/datanode-1/data/ratis] (custom)
2019-09-12 10:32:28,151 [pool-38-thread-1] INFO  storage.RaftStorageDirectory (RaftStorageDirectory.java:analyzeStorage(246)) - The storage directory /workdir/hadoop-ozone/integration-test/target/test-dir/MiniOzoneClusterImpl-03df5328-cb4f-49b2-a840-73a4610bd6b2/datanode-1/data/ratis/9c216bf8-9c24-44a5-91c5-4cc5d1a5e2d7 does not exist. Creating ...
2019-09-12 10:32:28,164 [pool-38-thread-1] INFO  storage.RaftStorageDirectory (RaftStorageDirectory.java:tryLock(328)) - Lock on /workdir/hadoop-ozone/integration-test/target/test-dir/MiniOzoneClusterImpl-03df5328-cb4f-49b2-a840-73a4610bd6b2/datanode-1/data/ratis/9c216bf8-9c24-44a5-91c5-4cc5d1a5e2d7/in_use.lock acquired by nodename 31912@pr-hdds-1569-xtfnx-3545843844
2019-09-12 10:32:28,177 [pool-38-thread-1] INFO  storage.RaftStorage (RaftStorage.java:format(72)) - Storage directory /workdir/hadoop-ozone/integration-test/target/test-dir/MiniOzoneClusterImpl-03df5328-cb4f-49b2-a840-73a4610bd6b2/datanode-1/data/ratis/9c216bf8-9c24-44a5-91c5-4cc5d1a5e2d7 has been successfully formatted.
2019-09-12 10:32:28,177 [pool-38-thread-1] INFO  ratis.ContainerStateMachine (ContainerStateMachine.java:loadSnapshot(226)) - group-4CC5D1A5E2D7: The snapshot info is null. Setting the last applied indexto:(t:0, i:~)
2019-09-12 10:32:28,177 [pool-38-thread-1] INFO  server.RaftServerConfigKeys (ConfUtils.java:logGet(43)) - raft.server.leader.election.timeout = 120s (custom)
2019-09-12 10:32:28,177 [pool-38-thread-1] INFO  server.RaftServerConfigKeys (ConfUtils.java:logGet(43)) - raft.server.log.use.memory = false (default)
2019-09-12 10:32:28,177 [pool-38-thread-1] INFO  server.RaftServerConfigKeys (ConfUtils.java:logGet(43)) - raft.server.log.purge.gap = 1000000 (custom)
2019-09-12 10:32:28,178 [pool-38-thread-1] INFO  server.RaftServerConfigKeys (ConfUtils.java:logGet(43)) - raft.server.log.appender.buffer.byte-limit = 33554432 (custom)
2019-09-12 10:32:28,178 [pool-38-thread-1] INFO  server.RaftServerConfigKeys (ConfUtils.java:logGet(43)) - raft.server.log.segment.size.max = 1048576 (custom)
2019-09-12 10:32:28,178 [pool-38-thread-1] INFO  server.RaftServerConfigKeys (ConfUtils.java:logGet(43)) - raft.server.log.segment.cache.num.max = 2 (custom)
2019-09-12 10:32:28,178 [pool-38-thread-1] INFO  segmented.SegmentedRaftLogWorker (SegmentedRaftLogWorker.java:<init>(172)) - new e5aec583-ea61-4f1a-b46a-16f569718c14-SegmentedRaftLogWorker:Storage Directory /workdir/hadoop-ozone/integration-test/target/test-dir/MiniOzoneClusterImpl-03df5328-cb4f-49b2-a840-73a4610bd6b2/datanode-1/data/ratis/9c216bf8-9c24-44a5-91c5-4cc5d1a5e2d7 for RaftStorage:Storage Directory /workdir/hadoop-ozone/integration-test/target/test-dir/MiniOzoneClusterImpl-03df5328-cb4f-49b2-a840-73a4610bd6b2/datanode-1/data/ratis/9c216bf8-9c24-44a5-91c5-4cc5d1a5e2d7
2019-09-12 10:32:28,178 [pool-38-thread-1] INFO  server.RaftServerConfigKeys (ConfUtils.java:logGet(43)) - raft.server.log.queue.byte-limit = 2147483647 (custom)
2019-09-12 10:32:28,179 [pool-38-thread-1] INFO  server.RaftServerConfigKeys (ConfUtils.java:logGet(43)) - raft.server.log.queue.element-limit = 1024 (custom)
2019-09-12 10:32:28,179 [pool-38-thread-1] INFO  server.RaftServerConfigKeys (ConfUtils.java:logGet(43)) - raft.server.log.segment.size.max = 1048576 (custom)
2019-09-12 10:32:28,179 [pool-38-thread-1] INFO  server.RaftServerConfigKeys (ConfUtils.java:logGet(43)) - raft.server.log.preallocated.size = 16384 (custom)
2019-09-12 10:32:28,179 [pool-38-thread-1] INFO  server.RaftServerConfigKeys (ConfUtils.java:logGet(43)) - raft.server.log.write.buffer.size = 33554432 (custom)
2019-09-12 10:32:28,179 [pool-38-thread-1] INFO  server.RaftServerConfigKeys (ConfUtils.java:logGet(43)) - raft.server.log.force.sync.num = 128 (default)
2019-09-12 10:32:28,180 [pool-38-thread-1] INFO  server.RaftServerConfigKeys (ConfUtils.java:logGet(43)) - raft.server.log.statemachine.data.sync = true (default)
2019-09-12 10:32:28,180 [pool-38-thread-1] INFO  server.RaftServerConfigKeys (ConfUtils.java:logGet(43)) - raft.server.log.statemachine.data.sync.timeout = 10s (default)
2019-09-12 10:32:28,180 [pool-38-thread-1] INFO  server.RaftServerConfigKeys (ConfUtils.java:logGet(43)) - raft.server.log.statemachine.data.sync.timeout.retry = -1 (default)
2019-09-12 10:32:28,180 [pool-38-thread-1] INFO  server.RaftServerConfigKeys (ConfUtils.java:logGet(43)) - raft.server.log.statemachine.data.caching.enabled = true (custom)
2019-09-12 10:32:28,181 [pool-38-thread-1] INFO  segmented.SegmentedRaftLogWorker (SegmentedRaftLogWorker.java:lambda$new$0(132)) - e5aec583-ea61-4f1a-b46a-16f569718c14-SegmentedRaftLogWorker:Storage Directory /workdir/hadoop-ozone/integration-test/target/test-dir/MiniOzoneClusterImpl-03df5328-cb4f-49b2-a840-73a4610bd6b2/datanode-1/data/ratis/9c216bf8-9c24-44a5-91c5-4cc5d1a5e2d7: flushIndex: setUnconditionally 0 -> -1
2019-09-12 10:32:28,181 [pool-38-thread-1] INFO  server.RaftServerConfigKeys (ConfUtils.java:logGet(43)) - raft.server.snapshot.auto.trigger.enabled = true (custom)
2019-09-12 10:32:28,181 [pool-38-thread-1] INFO  server.RaftServerConfigKeys (ConfUtils.java:logGet(43)) - raft.server.snapshot.auto.trigger.threshold = 10000 (custom)
2019-09-12 10:32:28,181 [pool-38-thread-1] INFO  server.RaftServerConfigKeys (ConfUtils.java:logGet(43)) - raft.server.retrycache.expirytime = 600000ms (custom)
2019-09-12 10:32:28,182 [pool-38-thread-1] INFO  impl.RaftServerImpl (RaftServerImpl.java:start(180)) - e5aec583-ea61-4f1a-b46a-16f569718c14: start group-4CC5D1A5E2D7
2019-09-12 10:32:28,182 [pool-38-thread-1] INFO  impl.RaftServerImpl (RaftServerImpl.java:setRole(171)) - e5aec583-ea61-4f1a-b46a-16f569718c14:group-4CC5D1A5E2D7 changes role from null to FOLLOWER at term 0 for startAsFollower
2019-09-12 10:32:28,182 [pool-38-thread-1] INFO  impl.RoleInfo (RoleInfo.java:updateAndGet(143)) - e5aec583-ea61-4f1a-b46a-16f569718c14: start FollowerState
2019-09-12 10:32:28,183 [pool-38-thread-1] INFO  util.JmxRegister (JmxRegister.java:tryRegister(44)) - Successfully registered JMX Bean with object name Ratis:service=RaftServer,group=group-4CC5D1A5E2D7,id=e5aec583-ea61-4f1a-b46a-16f569718c14
2019-09-12 10:32:28,194 [main] INFO  ozone.MiniOzoneClusterImpl (MiniOzoneClusterImpl.java:lambda$waitForClusterToBeReady$0(142)) - Cluster is ready. Got 3 of 3 DN Heartbeats.
2019-09-12 10:32:28,195 [RatisPipelineUtilsThread] INFO  pipeline.PipelineStateManager (PipelineStateManager.java:addPipeline(56)) - Created pipeline Pipeline[ Id: 9c216bf8-9c24-44a5-91c5-4cc5d1a5e2d7, Nodes: e5aec583-ea61-4f1a-b46a-16f569718c14{ip: 192.168.157.195, host: pr-hdds-1569-xtfnx-3545843844, networkLocation: /default-rack, certSerialId: null}, Type:RATIS, Factor:ONE, State:OPEN]
2019-09-12 10:32:28,214 [grpc-default-executor-0] INFO  impl.RaftServerProxy (RaftServerProxy.java:addNew(89)) - 80325dc5-bfcd-4416-8aa5-165bd32e2b28: addNew group-7BDB98D08CD6:[80325dc5-bfcd-4416-8aa5-165bd32e2b28:192.168.157.195:38292] returns group-7BDB98D08CD6:java.util.concurrent.CompletableFuture@2c792896[Not completed]
2019-09-12 10:32:28,224 [pool-49-thread-1] INFO  impl.RaftServerImpl (RaftServerImpl.java:<init>(93)) - 80325dc5-bfcd-4416-8aa5-165bd32e2b28: new RaftServerImpl for group-7BDB98D08CD6:[80325dc5-bfcd-4416-8aa5-165bd32e2b28:192.168.157.195:38292] with ContainerStateMachine:uninitialized
2019-09-12 10:32:28,225 [pool-49-thread-1] INFO  server.RaftServerConfigKeys (ConfUtils.java:logGet(43)) - raft.server.rpc.timeout.min = 5s (custom)
2019-09-12 10:32:28,225 [pool-49-thread-1] INFO  server.RaftServerConfigKeys (ConfUtils.java:logGet(43)) - raft.server.rpc.timeout.max = 5200ms (custom)
2019-09-12 10:32:28,225 [pool-49-thread-1] INFO  server.RaftServerConfigKeys (ConfUtils.java:logGet(43)) - raft.server.rpcslowness.timeout = 120s (custom)
2019-09-12 10:32:28,225 [pool-49-thread-1] INFO  server.RaftServerConfigKeys (ConfUtils.java:logGet(43)) - raft.server.sleep.deviation.threshold = 300 (default)
2019-09-12 10:32:28,225 [pool-49-thread-1] INFO  server.RaftServerConfigKeys (ConfUtils.java:logGet(43)) - raft.server.log.appender.install.snapshot.enabled = false (custom)
2019-09-12 10:32:28,225 [pool-49-thread-1] INFO  impl.RaftServerImpl (ServerState.java:<init>(105)) - 80325dc5-bfcd-4416-8aa5-165bd32e2b28:group-7BDB98D08CD6 ConfigurationManager, init=-1: [80325dc5-bfcd-4416-8aa5-165bd32e2b28:192.168.157.195:38292], old=null, confs=<EMPTY_MAP>
2019-09-12 10:32:28,226 [pool-49-thread-1] INFO  server.RaftServerConfigKeys (ConfUtils.java:logGet(43)) - raft.server.storage.dir = [/workdir/hadoop-ozone/integration-test/target/test-dir/MiniOzoneClusterImpl-03df5328-cb4f-49b2-a840-73a4610bd6b2/datanode-2/data/ratis] (custom)
2019-09-12 10:32:28,226 [pool-49-thread-1] INFO  storage.RaftStorageDirectory (RaftStorageDirectory.java:analyzeStorage(246)) - The storage directory /workdir/hadoop-ozone/integration-test/target/test-dir/MiniOzoneClusterImpl-03df5328-cb4f-49b2-a840-73a4610bd6b2/datanode-2/data/ratis/46d4cc9e-a257-4ba6-8f31-7bdb98d08cd6 does not exist. Creating ...
2019-09-12 10:32:28,239 [pool-49-thread-1] INFO  storage.RaftStorageDirectory (RaftStorageDirectory.java:tryLock(328)) - Lock on /workdir/hadoop-ozone/integration-test/target/test-dir/MiniOzoneClusterImpl-03df5328-cb4f-49b2-a840-73a4610bd6b2/datanode-2/data/ratis/46d4cc9e-a257-4ba6-8f31-7bdb98d08cd6/in_use.lock acquired by nodename 31912@pr-hdds-1569-xtfnx-3545843844
2019-09-12 10:32:28,252 [pool-49-thread-1] INFO  storage.RaftStorage (RaftStorage.java:format(72)) - Storage directory /workdir/hadoop-ozone/integration-test/target/test-dir/MiniOzoneClusterImpl-03df5328-cb4f-49b2-a840-73a4610bd6b2/datanode-2/data/ratis/46d4cc9e-a257-4ba6-8f31-7bdb98d08cd6 has been successfully formatted.
2019-09-12 10:32:28,252 [pool-49-thread-1] INFO  ratis.ContainerStateMachine (ContainerStateMachine.java:loadSnapshot(226)) - group-7BDB98D08CD6: The snapshot info is null. Setting the last applied indexto:(t:0, i:~)
2019-09-12 10:32:28,252 [pool-49-thread-1] INFO  server.RaftServerConfigKeys (ConfUtils.java:logGet(43)) - raft.server.leader.election.timeout = 120s (custom)
2019-09-12 10:32:28,253 [pool-49-thread-1] INFO  server.RaftServerConfigKeys (ConfUtils.java:logGet(43)) - raft.server.log.use.memory = false (default)
2019-09-12 10:32:28,253 [pool-49-thread-1] INFO  server.RaftServerConfigKeys (ConfUtils.java:logGet(43)) - raft.server.log.purge.gap = 1000000 (custom)
2019-09-12 10:32:28,253 [pool-49-thread-1] INFO  server.RaftServerConfigKeys (ConfUtils.java:logGet(43)) - raft.server.log.appender.buffer.byte-limit = 33554432 (custom)
2019-09-12 10:32:28,253 [pool-49-thread-1] INFO  server.RaftServerConfigKeys (ConfUtils.java:logGet(43)) - raft.server.log.segment.size.max = 1048576 (custom)
2019-09-12 10:32:28,253 [pool-49-thread-1] INFO  server.RaftServerConfigKeys (ConfUtils.java:logGet(43)) - raft.server.log.segment.cache.num.max = 2 (custom)
2019-09-12 10:32:28,254 [pool-49-thread-1] INFO  segmented.SegmentedRaftLogWorker (SegmentedRaftLogWorker.java:<init>(172)) - new 80325dc5-bfcd-4416-8aa5-165bd32e2b28-SegmentedRaftLogWorker:Storage Directory /workdir/hadoop-ozone/integration-test/target/test-dir/MiniOzoneClusterImpl-03df5328-cb4f-49b2-a840-73a4610bd6b2/datanode-2/data/ratis/46d4cc9e-a257-4ba6-8f31-7bdb98d08cd6 for RaftStorage:Storage Directory /workdir/hadoop-ozone/integration-test/target/test-dir/MiniOzoneClusterImpl-03df5328-cb4f-49b2-a840-73a4610bd6b2/datanode-2/data/ratis/46d4cc9e-a257-4ba6-8f31-7bdb98d08cd6
2019-09-12 10:32:28,254 [pool-49-thread-1] INFO  server.RaftServerConfigKeys (ConfUtils.java:logGet(43)) - raft.server.log.queue.byte-limit = 2147483647 (custom)
2019-09-12 10:32:28,254 [pool-49-thread-1] INFO  server.RaftServerConfigKeys (ConfUtils.java:logGet(43)) - raft.server.log.queue.element-limit = 1024 (custom)
2019-09-12 10:32:28,255 [pool-49-thread-1] INFO  server.RaftServerConfigKeys (ConfUtils.java:logGet(43)) - raft.server.log.segment.size.max = 1048576 (custom)
2019-09-12 10:32:28,255 [pool-49-thread-1] INFO  server.RaftServerConfigKeys (ConfUtils.java:logGet(43)) - raft.server.log.preallocated.size = 16384 (custom)
2019-09-12 10:32:28,255 [pool-49-thread-1] INFO  server.RaftServerConfigKeys (ConfUtils.java:logGet(43)) - raft.server.log.write.buffer.size = 33554432 (custom)
2019-09-12 10:32:28,255 [pool-49-thread-1] INFO  server.RaftServerConfigKeys (ConfUtils.java:logGet(43)) - raft.server.log.force.sync.num = 128 (default)
2019-09-12 10:32:28,255 [pool-49-thread-1] INFO  server.RaftServerConfigKeys (ConfUtils.java:logGet(43)) - raft.server.log.statemachine.data.sync = true (default)
2019-09-12 10:32:28,256 [pool-49-thread-1] INFO  server.RaftServerConfigKeys (ConfUtils.java:logGet(43)) - raft.server.log.statemachine.data.sync.timeout = 10s (default)
2019-09-12 10:32:28,256 [pool-49-thread-1] INFO  server.RaftServerConfigKeys (ConfUtils.java:logGet(43)) - raft.server.log.statemachine.data.sync.timeout.retry = -1 (default)
2019-09-12 10:32:28,256 [pool-49-thread-1] INFO  server.RaftServerConfigKeys (ConfUtils.java:logGet(43)) - raft.server.log.statemachine.data.caching.enabled = true (custom)
2019-09-12 10:32:28,257 [pool-49-thread-1] INFO  segmented.SegmentedRaftLogWorker (SegmentedRaftLogWorker.java:lambda$new$0(132)) - 80325dc5-bfcd-4416-8aa5-165bd32e2b28-SegmentedRaftLogWorker:Storage Directory /workdir/hadoop-ozone/integration-test/target/test-dir/MiniOzoneClusterImpl-03df5328-cb4f-49b2-a840-73a4610bd6b2/datanode-2/data/ratis/46d4cc9e-a257-4ba6-8f31-7bdb98d08cd6: flushIndex: setUnconditionally 0 -> -1
2019-09-12 10:32:28,257 [pool-49-thread-1] INFO  server.RaftServerConfigKeys (ConfUtils.java:logGet(43)) - raft.server.snapshot.auto.trigger.enabled = true (custom)
2019-09-12 10:32:28,257 [pool-49-thread-1] INFO  server.RaftServerConfigKeys (ConfUtils.java:logGet(43)) - raft.server.snapshot.auto.trigger.threshold = 10000 (custom)
2019-09-12 10:32:28,258 [pool-49-thread-1] INFO  server.RaftServerConfigKeys (ConfUtils.java:logGet(43)) - raft.server.retrycache.expirytime = 600000ms (custom)
2019-09-12 10:32:28,258 [pool-49-thread-1] INFO  impl.RaftServerImpl (RaftServerImpl.java:start(180)) - 80325dc5-bfcd-4416-8aa5-165bd32e2b28: start group-7BDB98D08CD6
2019-09-12 10:32:28,258 [pool-49-thread-1] INFO  impl.RaftServerImpl (RaftServerImpl.java:setRole(171)) - 80325dc5-bfcd-4416-8aa5-165bd32e2b28:group-7BDB98D08CD6 changes role from null to FOLLOWER at term 0 for startAsFollower
2019-09-12 10:32:28,258 [pool-49-thread-1] INFO  impl.RoleInfo (RoleInfo.java:updateAndGet(143)) - 80325dc5-bfcd-4416-8aa5-165bd32e2b28: start FollowerState
2019-09-12 10:32:28,259 [pool-49-thread-1] INFO  util.JmxRegister (JmxRegister.java:tryRegister(44)) - Successfully registered JMX Bean with object name Ratis:service=RaftServer,group=group-7BDB98D08CD6,id=80325dc5-bfcd-4416-8aa5-165bd32e2b28
2019-09-12 10:32:28,276 [RatisPipelineUtilsThread] INFO  pipeline.PipelineStateManager (PipelineStateManager.java:addPipeline(56)) - Created pipeline Pipeline[ Id: 46d4cc9e-a257-4ba6-8f31-7bdb98d08cd6, Nodes: 80325dc5-bfcd-4416-8aa5-165bd32e2b28{ip: 192.168.157.195, host: pr-hdds-1569-xtfnx-3545843844, networkLocation: /default-rack, certSerialId: null}, Type:RATIS, Factor:ONE, State:OPEN]
2019-09-12 10:32:28,302 [grpc-default-executor-0] INFO  impl.RaftServerProxy (RaftServerProxy.java:addNew(89)) - e5aec583-ea61-4f1a-b46a-16f569718c14: addNew group-4586BA10DB89:[e5aec583-ea61-4f1a-b46a-16f569718c14:192.168.157.195:39535] returns group-4586BA10DB89:java.util.concurrent.CompletableFuture@3ec55d93[Not completed]
2019-09-12 10:32:28,303 [pool-38-thread-1] INFO  impl.RaftServerImpl (RaftServerImpl.java:<init>(93)) - e5aec583-ea61-4f1a-b46a-16f569718c14: new RaftServerImpl for group-4586BA10DB89:[e5aec583-ea61-4f1a-b46a-16f569718c14:192.168.157.195:39535] with ContainerStateMachine:uninitialized
2019-09-12 10:32:28,304 [pool-38-thread-1] INFO  server.RaftServerConfigKeys (ConfUtils.java:logGet(43)) - raft.server.rpc.timeout.min = 5s (custom)
2019-09-12 10:32:28,304 [pool-38-thread-1] INFO  server.RaftServerConfigKeys (ConfUtils.java:logGet(43)) - raft.server.rpc.timeout.max = 5200ms (custom)
2019-09-12 10:32:28,304 [pool-38-thread-1] INFO  server.RaftServerConfigKeys (ConfUtils.java:logGet(43)) - raft.server.rpcslowness.timeout = 120s (custom)
2019-09-12 10:32:28,304 [pool-38-thread-1] INFO  server.RaftServerConfigKeys (ConfUtils.java:logGet(43)) - raft.server.sleep.deviation.threshold = 300 (default)
2019-09-12 10:32:28,304 [pool-38-thread-1] INFO  server.RaftServerConfigKeys (ConfUtils.java:logGet(43)) - raft.server.log.appender.install.snapshot.enabled = false (custom)
2019-09-12 10:32:28,304 [pool-38-thread-1] INFO  impl.RaftServerImpl (ServerState.java:<init>(105)) - e5aec583-ea61-4f1a-b46a-16f569718c14:group-4586BA10DB89 ConfigurationManager, init=-1: [e5aec583-ea61-4f1a-b46a-16f569718c14:192.168.157.195:39535], old=null, confs=<EMPTY_MAP>
2019-09-12 10:32:28,305 [pool-38-thread-1] INFO  server.RaftServerConfigKeys (ConfUtils.java:logGet(43)) - raft.server.storage.dir = [/workdir/hadoop-ozone/integration-test/target/test-dir/MiniOzoneClusterImpl-03df5328-cb4f-49b2-a840-73a4610bd6b2/datanode-1/data/ratis] (custom)
2019-09-12 10:32:28,305 [pool-38-thread-1] INFO  storage.RaftStorageDirectory (RaftStorageDirectory.java:analyzeStorage(246)) - The storage directory /workdir/hadoop-ozone/integration-test/target/test-dir/MiniOzoneClusterImpl-03df5328-cb4f-49b2-a840-73a4610bd6b2/datanode-1/data/ratis/85869f86-dff0-4eda-a532-4586ba10db89 does not exist. Creating ...
2019-09-12 10:32:28,318 [pool-38-thread-1] INFO  storage.RaftStorageDirectory (RaftStorageDirectory.java:tryLock(328)) - Lock on /workdir/hadoop-ozone/integration-test/target/test-dir/MiniOzoneClusterImpl-03df5328-cb4f-49b2-a840-73a4610bd6b2/datanode-1/data/ratis/85869f86-dff0-4eda-a532-4586ba10db89/in_use.lock acquired by nodename 31912@pr-hdds-1569-xtfnx-3545843844
2019-09-12 10:32:28,332 [pool-38-thread-1] INFO  storage.RaftStorage (RaftStorage.java:format(72)) - Storage directory /workdir/hadoop-ozone/integration-test/target/test-dir/MiniOzoneClusterImpl-03df5328-cb4f-49b2-a840-73a4610bd6b2/datanode-1/data/ratis/85869f86-dff0-4eda-a532-4586ba10db89 has been successfully formatted.
2019-09-12 10:32:28,333 [pool-38-thread-1] INFO  ratis.ContainerStateMachine (ContainerStateMachine.java:loadSnapshot(226)) - group-4586BA10DB89: The snapshot info is null. Setting the last applied indexto:(t:0, i:~)
2019-09-12 10:32:28,333 [pool-38-thread-1] INFO  server.RaftServerConfigKeys (ConfUtils.java:logGet(43)) - raft.server.leader.election.timeout = 120s (custom)
2019-09-12 10:32:28,333 [pool-38-thread-1] INFO  server.RaftServerConfigKeys (ConfUtils.java:logGet(43)) - raft.server.log.use.memory = false (default)
2019-09-12 10:32:28,333 [pool-38-thread-1] INFO  server.RaftServerConfigKeys (ConfUtils.java:logGet(43)) - raft.server.log.purge.gap = 1000000 (custom)
2019-09-12 10:32:28,334 [pool-38-thread-1] INFO  server.RaftServerConfigKeys (ConfUtils.java:logGet(43)) - raft.server.log.appender.buffer.byte-limit = 33554432 (custom)
2019-09-12 10:32:28,334 [pool-38-thread-1] INFO  server.RaftServerConfigKeys (ConfUtils.java:logGet(43)) - raft.server.log.segment.size.max = 1048576 (custom)
2019-09-12 10:32:28,334 [pool-38-thread-1] INFO  server.RaftServerConfigKeys (ConfUtils.java:logGet(43)) - raft.server.log.segment.cache.num.max = 2 (custom)
2019-09-12 10:32:28,334 [pool-38-thread-1] INFO  segmented.SegmentedRaftLogWorker (SegmentedRaftLogWorker.java:<init>(172)) - new e5aec583-ea61-4f1a-b46a-16f569718c14-SegmentedRaftLogWorker:Storage Directory /workdir/hadoop-ozone/integration-test/target/test-dir/MiniOzoneClusterImpl-03df5328-cb4f-49b2-a840-73a4610bd6b2/datanode-1/data/ratis/85869f86-dff0-4eda-a532-4586ba10db89 for RaftStorage:Storage Directory /workdir/hadoop-ozone/integration-test/target/test-dir/MiniOzoneClusterImpl-03df5328-cb4f-49b2-a840-73a4610bd6b2/datanode-1/data/ratis/85869f86-dff0-4eda-a532-4586ba10db89
2019-09-12 10:32:28,335 [pool-38-thread-1] INFO  server.RaftServerConfigKeys (ConfUtils.java:logGet(43)) - raft.server.log.queue.byte-limit = 2147483647 (custom)
2019-09-12 10:32:28,335 [pool-38-thread-1] INFO  server.RaftServerConfigKeys (ConfUtils.java:logGet(43)) - raft.server.log.queue.element-limit = 1024 (custom)
2019-09-12 10:32:28,335 [pool-38-thread-1] INFO  server.RaftServerConfigKeys (ConfUtils.java:logGet(43)) - raft.server.log.segment.size.max = 1048576 (custom)
2019-09-12 10:32:28,335 [pool-38-thread-1] INFO  server.RaftServerConfigKeys (ConfUtils.java:logGet(43)) - raft.server.log.preallocated.size = 16384 (custom)
2019-09-12 10:32:28,335 [pool-38-thread-1] INFO  server.RaftServerConfigKeys (ConfUtils.java:logGet(43)) - raft.server.log.write.buffer.size = 33554432 (custom)
2019-09-12 10:32:28,336 [pool-38-thread-1] INFO  server.RaftServerConfigKeys (ConfUtils.java:logGet(43)) - raft.server.log.force.sync.num = 128 (default)
2019-09-12 10:32:28,336 [pool-38-thread-1] INFO  server.RaftServerConfigKeys (ConfUtils.java:logGet(43)) - raft.server.log.statemachine.data.sync = true (default)
2019-09-12 10:32:28,336 [pool-38-thread-1] INFO  server.RaftServerConfigKeys (ConfUtils.java:logGet(43)) - raft.server.log.statemachine.data.sync.timeout = 10s (default)
2019-09-12 10:32:28,336 [pool-38-thread-1] INFO  server.RaftServerConfigKeys (ConfUtils.java:logGet(43)) - raft.server.log.statemachine.data.sync.timeout.retry = -1 (default)
2019-09-12 10:32:28,337 [pool-38-thread-1] INFO  server.RaftServerConfigKeys (ConfUtils.java:logGet(43)) - raft.server.log.statemachine.data.caching.enabled = true (custom)
2019-09-12 10:32:28,337 [pool-38-thread-1] INFO  segmented.SegmentedRaftLogWorker (SegmentedRaftLogWorker.java:lambda$new$0(132)) - e5aec583-ea61-4f1a-b46a-16f569718c14-SegmentedRaftLogWorker:Storage Directory /workdir/hadoop-ozone/integration-test/target/test-dir/MiniOzoneClusterImpl-03df5328-cb4f-49b2-a840-73a4610bd6b2/datanode-1/data/ratis/85869f86-dff0-4eda-a532-4586ba10db89: flushIndex: setUnconditionally 0 -> -1
2019-09-12 10:32:28,338 [pool-38-thread-1] INFO  server.RaftServerConfigKeys (ConfUtils.java:logGet(43)) - raft.server.snapshot.auto.trigger.enabled = true (custom)
2019-09-12 10:32:28,338 [pool-38-thread-1] INFO  server.RaftServerConfigKeys (ConfUtils.java:logGet(43)) - raft.server.snapshot.auto.trigger.threshold = 10000 (custom)
2019-09-12 10:32:28,338 [pool-38-thread-1] INFO  server.RaftServerConfigKeys (ConfUtils.java:logGet(43)) - raft.server.retrycache.expirytime = 600000ms (custom)
2019-09-12 10:32:28,338 [pool-38-thread-1] INFO  impl.RaftServerImpl (RaftServerImpl.java:start(180)) - e5aec583-ea61-4f1a-b46a-16f569718c14: start group-4586BA10DB89
2019-09-12 10:32:28,339 [pool-38-thread-1] INFO  impl.RaftServerImpl (RaftServerImpl.java:setRole(171)) - e5aec583-ea61-4f1a-b46a-16f569718c14:group-4586BA10DB89 changes role from null to FOLLOWER at term 0 for startAsFollower
2019-09-12 10:32:28,339 [pool-38-thread-1] INFO  impl.RoleInfo (RoleInfo.java:updateAndGet(143)) - e5aec583-ea61-4f1a-b46a-16f569718c14: start FollowerState
2019-09-12 10:32:28,339 [pool-38-thread-1] INFO  util.JmxRegister (JmxRegister.java:tryRegister(44)) - Successfully registered JMX Bean with object name Ratis:service=RaftServer,group=group-4586BA10DB89,id=e5aec583-ea61-4f1a-b46a-16f569718c14
2019-09-12 10:32:28,355 [RatisPipelineUtilsThread] INFO  pipeline.PipelineStateManager (PipelineStateManager.java:addPipeline(56)) - Created pipeline Pipeline[ Id: 85869f86-dff0-4eda-a532-4586ba10db89, Nodes: e5aec583-ea61-4f1a-b46a-16f569718c14{ip: 192.168.157.195, host: pr-hdds-1569-xtfnx-3545843844, networkLocation: /default-rack, certSerialId: null}, Type:RATIS, Factor:ONE, State:OPEN]
2019-09-12 10:32:28,371 [grpc-default-executor-0] INFO  impl.RaftServerProxy (RaftServerProxy.java:addNew(89)) - e5aec583-ea61-4f1a-b46a-16f569718c14: addNew group-BB358B49E142:[e5aec583-ea61-4f1a-b46a-16f569718c14:192.168.157.195:39535] returns group-BB358B49E142:java.util.concurrent.CompletableFuture@132164ad[Not completed]
2019-09-12 10:32:28,373 [pool-38-thread-1] INFO  impl.RaftServerImpl (RaftServerImpl.java:<init>(93)) - e5aec583-ea61-4f1a-b46a-16f569718c14: new RaftServerImpl for group-BB358B49E142:[e5aec583-ea61-4f1a-b46a-16f569718c14:192.168.157.195:39535] with ContainerStateMachine:uninitialized
2019-09-12 10:32:28,373 [pool-38-thread-1] INFO  server.RaftServerConfigKeys (ConfUtils.java:logGet(43)) - raft.server.rpc.timeout.min = 5s (custom)
2019-09-12 10:32:28,373 [pool-38-thread-1] INFO  server.RaftServerConfigKeys (ConfUtils.java:logGet(43)) - raft.server.rpc.timeout.max = 5200ms (custom)
2019-09-12 10:32:28,373 [pool-38-thread-1] INFO  server.RaftServerConfigKeys (ConfUtils.java:logGet(43)) - raft.server.rpcslowness.timeout = 120s (custom)
2019-09-12 10:32:28,374 [pool-38-thread-1] INFO  server.RaftServerConfigKeys (ConfUtils.java:logGet(43)) - raft.server.sleep.deviation.threshold = 300 (default)
2019-09-12 10:32:28,374 [pool-38-thread-1] INFO  server.RaftServerConfigKeys (ConfUtils.java:logGet(43)) - raft.server.log.appender.install.snapshot.enabled = false (custom)
2019-09-12 10:32:28,374 [pool-38-thread-1] INFO  impl.RaftServerImpl (ServerState.java:<init>(105)) - e5aec583-ea61-4f1a-b46a-16f569718c14:group-BB358B49E142 ConfigurationManager, init=-1: [e5aec583-ea61-4f1a-b46a-16f569718c14:192.168.157.195:39535], old=null, confs=<EMPTY_MAP>
2019-09-12 10:32:28,374 [pool-38-thread-1] INFO  server.RaftServerConfigKeys (ConfUtils.java:logGet(43)) - raft.server.storage.dir = [/workdir/hadoop-ozone/integration-test/target/test-dir/MiniOzoneClusterImpl-03df5328-cb4f-49b2-a840-73a4610bd6b2/datanode-1/data/ratis] (custom)
2019-09-12 10:32:28,375 [pool-38-thread-1] INFO  storage.RaftStorageDirectory (RaftStorageDirectory.java:analyzeStorage(246)) - The storage directory /workdir/hadoop-ozone/integration-test/target/test-dir/MiniOzoneClusterImpl-03df5328-cb4f-49b2-a840-73a4610bd6b2/datanode-1/data/ratis/0b1cae4a-9e8c-4537-a3f3-bb358b49e142 does not exist. Creating ...
2019-09-12 10:32:28,387 [pool-38-thread-1] INFO  storage.RaftStorageDirectory (RaftStorageDirectory.java:tryLock(328)) - Lock on /workdir/hadoop-ozone/integration-test/target/test-dir/MiniOzoneClusterImpl-03df5328-cb4f-49b2-a840-73a4610bd6b2/datanode-1/data/ratis/0b1cae4a-9e8c-4537-a3f3-bb358b49e142/in_use.lock acquired by nodename 31912@pr-hdds-1569-xtfnx-3545843844
2019-09-12 10:32:28,401 [pool-38-thread-1] INFO  storage.RaftStorage (RaftStorage.java:format(72)) - Storage directory /workdir/hadoop-ozone/integration-test/target/test-dir/MiniOzoneClusterImpl-03df5328-cb4f-49b2-a840-73a4610bd6b2/datanode-1/data/ratis/0b1cae4a-9e8c-4537-a3f3-bb358b49e142 has been successfully formatted.
2019-09-12 10:32:28,401 [pool-38-thread-1] INFO  ratis.ContainerStateMachine (ContainerStateMachine.java:loadSnapshot(226)) - group-BB358B49E142: The snapshot info is null. Setting the last applied indexto:(t:0, i:~)
2019-09-12 10:32:28,401 [pool-38-thread-1] INFO  server.RaftServerConfigKeys (ConfUtils.java:logGet(43)) - raft.server.leader.election.timeout = 120s (custom)
2019-09-12 10:32:28,401 [pool-38-thread-1] INFO  server.RaftServerConfigKeys (ConfUtils.java:logGet(43)) - raft.server.log.use.memory = false (default)
2019-09-12 10:32:28,401 [pool-38-thread-1] INFO  server.RaftServerConfigKeys (ConfUtils.java:logGet(43)) - raft.server.log.purge.gap = 1000000 (custom)
2019-09-12 10:32:28,401 [pool-38-thread-1] INFO  server.RaftServerConfigKeys (ConfUtils.java:logGet(43)) - raft.server.log.appender.buffer.byte-limit = 33554432 (custom)
2019-09-12 10:32:28,401 [pool-38-thread-1] INFO  server.RaftServerConfigKeys (ConfUtils.java:logGet(43)) - raft.server.log.segment.size.max = 1048576 (custom)
2019-09-12 10:32:28,402 [pool-38-thread-1] INFO  server.RaftServerConfigKeys (ConfUtils.java:logGet(43)) - raft.server.log.segment.cache.num.max = 2 (custom)
2019-09-12 10:32:28,402 [pool-38-thread-1] INFO  segmented.SegmentedRaftLogWorker (SegmentedRaftLogWorker.java:<init>(172)) - new e5aec583-ea61-4f1a-b46a-16f569718c14-SegmentedRaftLogWorker:Storage Directory /workdir/hadoop-ozone/integration-test/target/test-dir/MiniOzoneClusterImpl-03df5328-cb4f-49b2-a840-73a4610bd6b2/datanode-1/data/ratis/0b1cae4a-9e8c-4537-a3f3-bb358b49e142 for RaftStorage:Storage Directory /workdir/hadoop-ozone/integration-test/target/test-dir/MiniOzoneClusterImpl-03df5328-cb4f-49b2-a840-73a4610bd6b2/datanode-1/data/ratis/0b1cae4a-9e8c-4537-a3f3-bb358b49e142
2019-09-12 10:32:28,402 [pool-38-thread-1] INFO  server.RaftServerConfigKeys (ConfUtils.java:logGet(43)) - raft.server.log.queue.byte-limit = 2147483647 (custom)
2019-09-12 10:32:28,402 [pool-38-thread-1] INFO  server.RaftServerConfigKeys (ConfUtils.java:logGet(43)) - raft.server.log.queue.element-limit = 1024 (custom)
2019-09-12 10:32:28,402 [pool-38-thread-1] INFO  server.RaftServerConfigKeys (ConfUtils.java:logGet(43)) - raft.server.log.segment.size.max = 1048576 (custom)
2019-09-12 10:32:28,402 [pool-38-thread-1] INFO  server.RaftServerConfigKeys (ConfUtils.java:logGet(43)) - raft.server.log.preallocated.size = 16384 (custom)
2019-09-12 10:32:28,402 [pool-38-thread-1] INFO  server.RaftServerConfigKeys (ConfUtils.java:logGet(43)) - raft.server.log.write.buffer.size = 33554432 (custom)
2019-09-12 10:32:28,402 [pool-38-thread-1] INFO  server.RaftServerConfigKeys (ConfUtils.java:logGet(43)) - raft.server.log.force.sync.num = 128 (default)
2019-09-12 10:32:28,402 [pool-38-thread-1] INFO  server.RaftServerConfigKeys (ConfUtils.java:logGet(43)) - raft.server.log.statemachine.data.sync = true (default)
2019-09-12 10:32:28,403 [pool-38-thread-1] INFO  server.RaftServerConfigKeys (ConfUtils.java:logGet(43)) - raft.server.log.statemachine.data.sync.timeout = 10s (default)
2019-09-12 10:32:28,403 [pool-38-thread-1] INFO  server.RaftServerConfigKeys (ConfUtils.java:logGet(43)) - raft.server.log.statemachine.data.sync.timeout.retry = -1 (default)
2019-09-12 10:32:28,403 [pool-38-thread-1] INFO  server.RaftServerConfigKeys (ConfUtils.java:logGet(43)) - raft.server.log.statemachine.data.caching.enabled = true (custom)
2019-09-12 10:32:28,403 [pool-38-thread-1] INFO  segmented.SegmentedRaftLogWorker (SegmentedRaftLogWorker.java:lambda$new$0(132)) - e5aec583-ea61-4f1a-b46a-16f569718c14-SegmentedRaftLogWorker:Storage Directory /workdir/hadoop-ozone/integration-test/target/test-dir/MiniOzoneClusterImpl-03df5328-cb4f-49b2-a840-73a4610bd6b2/datanode-1/data/ratis/0b1cae4a-9e8c-4537-a3f3-bb358b49e142: flushIndex: setUnconditionally 0 -> -1
2019-09-12 10:32:28,403 [pool-38-thread-1] INFO  server.RaftServerConfigKeys (ConfUtils.java:logGet(43)) - raft.server.snapshot.auto.trigger.enabled = true (custom)
2019-09-12 10:32:28,404 [pool-38-thread-1] INFO  server.RaftServerConfigKeys (ConfUtils.java:logGet(43)) - raft.server.snapshot.auto.trigger.threshold = 10000 (custom)
2019-09-12 10:32:28,404 [pool-38-thread-1] INFO  server.RaftServerConfigKeys (ConfUtils.java:logGet(43)) - raft.server.retrycache.expirytime = 600000ms (custom)
2019-09-12 10:32:28,404 [pool-38-thread-1] INFO  impl.RaftServerImpl (RaftServerImpl.java:start(180)) - e5aec583-ea61-4f1a-b46a-16f569718c14: start group-BB358B49E142
2019-09-12 10:32:28,404 [pool-38-thread-1] INFO  impl.RaftServerImpl (RaftServerImpl.java:setRole(171)) - e5aec583-ea61-4f1a-b46a-16f569718c14:group-BB358B49E142 changes role from null to FOLLOWER at term 0 for startAsFollower
2019-09-12 10:32:28,404 [pool-38-thread-1] INFO  impl.RoleInfo (RoleInfo.java:updateAndGet(143)) - e5aec583-ea61-4f1a-b46a-16f569718c14: start FollowerState
2019-09-12 10:32:28,405 [pool-38-thread-1] INFO  util.JmxRegister (JmxRegister.java:tryRegister(44)) - Successfully registered JMX Bean with object name Ratis:service=RaftServer,group=group-BB358B49E142,id=e5aec583-ea61-4f1a-b46a-16f569718c14
2019-09-12 10:32:28,415 [RatisPipelineUtilsThread] INFO  pipeline.PipelineStateManager (PipelineStateManager.java:addPipeline(56)) - Created pipeline Pipeline[ Id: 0b1cae4a-9e8c-4537-a3f3-bb358b49e142, Nodes: e5aec583-ea61-4f1a-b46a-16f569718c14{ip: 192.168.157.195, host: pr-hdds-1569-xtfnx-3545843844, networkLocation: /default-rack, certSerialId: null}, Type:RATIS, Factor:ONE, State:OPEN]
2019-09-12 10:32:28,438 [grpc-default-executor-0] INFO  impl.RaftServerProxy (RaftServerProxy.java:addNew(89)) - 8bf28770-b006-473a-8b5e-ef696e489f09: addNew group-EA2C914442D6:[8bf28770-b006-473a-8b5e-ef696e489f09:192.168.157.195:42117] returns group-EA2C914442D6:java.util.concurrent.CompletableFuture@13215462[Not completed]
2019-09-12 10:32:28,440 [pool-27-thread-1] INFO  impl.RaftServerImpl (RaftServerImpl.java:<init>(93)) - 8bf28770-b006-473a-8b5e-ef696e489f09: new RaftServerImpl for group-EA2C914442D6:[8bf28770-b006-473a-8b5e-ef696e489f09:192.168.157.195:42117] with ContainerStateMachine:uninitialized
2019-09-12 10:32:28,440 [pool-27-thread-1] INFO  server.RaftServerConfigKeys (ConfUtils.java:logGet(43)) - raft.server.rpc.timeout.min = 5s (custom)
2019-09-12 10:32:28,440 [pool-27-thread-1] INFO  server.RaftServerConfigKeys (ConfUtils.java:logGet(43)) - raft.server.rpc.timeout.max = 5200ms (custom)
2019-09-12 10:32:28,440 [pool-27-thread-1] INFO  server.RaftServerConfigKeys (ConfUtils.java:logGet(43)) - raft.server.rpcslowness.timeout = 120s (custom)
2019-09-12 10:32:28,441 [pool-27-thread-1] INFO  server.RaftServerConfigKeys (ConfUtils.java:logGet(43)) - raft.server.sleep.deviation.threshold = 300 (default)
2019-09-12 10:32:28,441 [pool-27-thread-1] INFO  server.RaftServerConfigKeys (ConfUtils.java:logGet(43)) - raft.server.log.appender.install.snapshot.enabled = false (custom)
2019-09-12 10:32:28,441 [pool-27-thread-1] INFO  impl.RaftServerImpl (ServerState.java:<init>(105)) - 8bf28770-b006-473a-8b5e-ef696e489f09:group-EA2C914442D6 ConfigurationManager, init=-1: [8bf28770-b006-473a-8b5e-ef696e489f09:192.168.157.195:42117], old=null, confs=<EMPTY_MAP>
2019-09-12 10:32:28,441 [pool-27-thread-1] INFO  server.RaftServerConfigKeys (ConfUtils.java:logGet(43)) - raft.server.storage.dir = [/workdir/hadoop-ozone/integration-test/target/test-dir/MiniOzoneClusterImpl-03df5328-cb4f-49b2-a840-73a4610bd6b2/datanode-0/data/ratis] (custom)
2019-09-12 10:32:28,442 [pool-27-thread-1] INFO  storage.RaftStorageDirectory (RaftStorageDirectory.java:analyzeStorage(246)) - The storage directory /workdir/hadoop-ozone/integration-test/target/test-dir/MiniOzoneClusterImpl-03df5328-cb4f-49b2-a840-73a4610bd6b2/datanode-0/data/ratis/2e84f3bf-748a-4325-987e-ea2c914442d6 does not exist. Creating ...
2019-09-12 10:32:28,463 [pool-27-thread-1] INFO  storage.RaftStorageDirectory (RaftStorageDirectory.java:tryLock(328)) - Lock on /workdir/hadoop-ozone/integration-test/target/test-dir/MiniOzoneClusterImpl-03df5328-cb4f-49b2-a840-73a4610bd6b2/datanode-0/data/ratis/2e84f3bf-748a-4325-987e-ea2c914442d6/in_use.lock acquired by nodename 31912@pr-hdds-1569-xtfnx-3545843844
2019-09-12 10:32:28,475 [pool-27-thread-1] INFO  storage.RaftStorage (RaftStorage.java:format(72)) - Storage directory /workdir/hadoop-ozone/integration-test/target/test-dir/MiniOzoneClusterImpl-03df5328-cb4f-49b2-a840-73a4610bd6b2/datanode-0/data/ratis/2e84f3bf-748a-4325-987e-ea2c914442d6 has been successfully formatted.
2019-09-12 10:32:28,476 [pool-27-thread-1] INFO  ratis.ContainerStateMachine (ContainerStateMachine.java:loadSnapshot(226)) - group-EA2C914442D6: The snapshot info is null. Setting the last applied indexto:(t:0, i:~)
2019-09-12 10:32:28,476 [pool-27-thread-1] INFO  server.RaftServerConfigKeys (ConfUtils.java:logGet(43)) - raft.server.leader.election.timeout = 120s (custom)
2019-09-12 10:32:28,476 [pool-27-thread-1] INFO  server.RaftServerConfigKeys (ConfUtils.java:logGet(43)) - raft.server.log.use.memory = false (default)
2019-09-12 10:32:28,477 [pool-27-thread-1] INFO  server.RaftServerConfigKeys (ConfUtils.java:logGet(43)) - raft.server.log.purge.gap = 1000000 (custom)
2019-09-12 10:32:28,477 [pool-27-thread-1] INFO  server.RaftServerConfigKeys (ConfUtils.java:logGet(43)) - raft.server.log.appender.buffer.byte-limit = 33554432 (custom)
2019-09-12 10:32:28,477 [pool-27-thread-1] INFO  server.RaftServerConfigKeys (ConfUtils.java:logGet(43)) - raft.server.log.segment.size.max = 1048576 (custom)
2019-09-12 10:32:28,477 [pool-27-thread-1] INFO  server.RaftServerConfigKeys (ConfUtils.java:logGet(43)) - raft.server.log.segment.cache.num.max = 2 (custom)
2019-09-12 10:32:28,478 [pool-27-thread-1] INFO  segmented.SegmentedRaftLogWorker (SegmentedRaftLogWorker.java:<init>(172)) - new 8bf28770-b006-473a-8b5e-ef696e489f09-SegmentedRaftLogWorker:Storage Directory /workdir/hadoop-ozone/integration-test/target/test-dir/MiniOzoneClusterImpl-03df5328-cb4f-49b2-a840-73a4610bd6b2/datanode-0/data/ratis/2e84f3bf-748a-4325-987e-ea2c914442d6 for RaftStorage:Storage Directory /workdir/hadoop-ozone/integration-test/target/test-dir/MiniOzoneClusterImpl-03df5328-cb4f-49b2-a840-73a4610bd6b2/datanode-0/data/ratis/2e84f3bf-748a-4325-987e-ea2c914442d6
2019-09-12 10:32:28,478 [pool-27-thread-1] INFO  server.RaftServerConfigKeys (ConfUtils.java:logGet(43)) - raft.server.log.queue.byte-limit = 2147483647 (custom)
2019-09-12 10:32:28,478 [pool-27-thread-1] INFO  server.RaftServerConfigKeys (ConfUtils.java:logGet(43)) - raft.server.log.queue.element-limit = 1024 (custom)
2019-09-12 10:32:28,478 [pool-27-thread-1] INFO  server.RaftServerConfigKeys (ConfUtils.java:logGet(43)) - raft.server.log.segment.size.max = 1048576 (custom)
2019-09-12 10:32:28,478 [pool-27-thread-1] INFO  server.RaftServerConfigKeys (ConfUtils.java:logGet(43)) - raft.server.log.preallocated.size = 16384 (custom)
2019-09-12 10:32:28,479 [pool-27-thread-1] INFO  server.RaftServerConfigKeys (ConfUtils.java:logGet(43)) - raft.server.log.write.buffer.size = 33554432 (custom)
2019-09-12 10:32:28,479 [pool-27-thread-1] INFO  server.RaftServerConfigKeys (ConfUtils.java:logGet(43)) - raft.server.log.force.sync.num = 128 (default)
2019-09-12 10:32:28,479 [pool-27-thread-1] INFO  server.RaftServerConfigKeys (ConfUtils.java:logGet(43)) - raft.server.log.statemachine.data.sync = true (default)
2019-09-12 10:32:28,479 [pool-27-thread-1] INFO  server.RaftServerConfigKeys (ConfUtils.java:logGet(43)) - raft.server.log.statemachine.data.sync.timeout = 10s (default)
2019-09-12 10:32:28,479 [pool-27-thread-1] INFO  server.RaftServerConfigKeys (ConfUtils.java:logGet(43)) - raft.server.log.statemachine.data.sync.timeout.retry = -1 (default)
2019-09-12 10:32:28,480 [pool-27-thread-1] INFO  server.RaftServerConfigKeys (ConfUtils.java:logGet(43)) - raft.server.log.statemachine.data.caching.enabled = true (custom)
2019-09-12 10:32:28,480 [pool-27-thread-1] INFO  segmented.SegmentedRaftLogWorker (SegmentedRaftLogWorker.java:lambda$new$0(132)) - 8bf28770-b006-473a-8b5e-ef696e489f09-SegmentedRaftLogWorker:Storage Directory /workdir/hadoop-ozone/integration-test/target/test-dir/MiniOzoneClusterImpl-03df5328-cb4f-49b2-a840-73a4610bd6b2/datanode-0/data/ratis/2e84f3bf-748a-4325-987e-ea2c914442d6: flushIndex: setUnconditionally 0 -> -1
2019-09-12 10:32:28,481 [pool-27-thread-1] INFO  server.RaftServerConfigKeys (ConfUtils.java:logGet(43)) - raft.server.snapshot.auto.trigger.enabled = true (custom)
2019-09-12 10:32:28,481 [pool-27-thread-1] INFO  server.RaftServerConfigKeys (ConfUtils.java:logGet(43)) - raft.server.snapshot.auto.trigger.threshold = 10000 (custom)
2019-09-12 10:32:28,481 [pool-27-thread-1] INFO  server.RaftServerConfigKeys (ConfUtils.java:logGet(43)) - raft.server.retrycache.expirytime = 600000ms (custom)
2019-09-12 10:32:28,482 [pool-27-thread-1] INFO  impl.RaftServerImpl (RaftServerImpl.java:start(180)) - 8bf28770-b006-473a-8b5e-ef696e489f09: start group-EA2C914442D6
2019-09-12 10:32:28,482 [pool-27-thread-1] INFO  impl.RaftServerImpl (RaftServerImpl.java:setRole(171)) - 8bf28770-b006-473a-8b5e-ef696e489f09:group-EA2C914442D6 changes role from null to FOLLOWER at term 0 for startAsFollower
2019-09-12 10:32:28,482 [pool-27-thread-1] INFO  impl.RoleInfo (RoleInfo.java:updateAndGet(143)) - 8bf28770-b006-473a-8b5e-ef696e489f09: start FollowerState
2019-09-12 10:32:28,483 [pool-27-thread-1] INFO  util.JmxRegister (JmxRegister.java:tryRegister(44)) - Successfully registered JMX Bean with object name Ratis:service=RaftServer,group=group-EA2C914442D6,id=8bf28770-b006-473a-8b5e-ef696e489f09
2019-09-12 10:32:28,497 [RatisPipelineUtilsThread] INFO  pipeline.PipelineStateManager (PipelineStateManager.java:addPipeline(56)) - Created pipeline Pipeline[ Id: 2e84f3bf-748a-4325-987e-ea2c914442d6, Nodes: 8bf28770-b006-473a-8b5e-ef696e489f09{ip: 192.168.157.195, host: pr-hdds-1569-xtfnx-3545843844, networkLocation: /default-rack, certSerialId: null}, Type:RATIS, Factor:ONE, State:OPEN]
2019-09-12 10:32:28,518 [grpc-default-executor-0] INFO  impl.RaftServerProxy (RaftServerProxy.java:addNew(89)) - 8bf28770-b006-473a-8b5e-ef696e489f09: addNew group-6692C0BB749E:[8bf28770-b006-473a-8b5e-ef696e489f09:192.168.157.195:42117] returns group-6692C0BB749E:java.util.concurrent.CompletableFuture@33076687[Not completed]
2019-09-12 10:32:28,520 [pool-27-thread-1] INFO  impl.RaftServerImpl (RaftServerImpl.java:<init>(93)) - 8bf28770-b006-473a-8b5e-ef696e489f09: new RaftServerImpl for group-6692C0BB749E:[8bf28770-b006-473a-8b5e-ef696e489f09:192.168.157.195:42117] with ContainerStateMachine:uninitialized
2019-09-12 10:32:28,520 [pool-27-thread-1] INFO  server.RaftServerConfigKeys (ConfUtils.java:logGet(43)) - raft.server.rpc.timeout.min = 5s (custom)
2019-09-12 10:32:28,520 [pool-27-thread-1] INFO  server.RaftServerConfigKeys (ConfUtils.java:logGet(43)) - raft.server.rpc.timeout.max = 5200ms (custom)
2019-09-12 10:32:28,520 [pool-27-thread-1] INFO  server.RaftServerConfigKeys (ConfUtils.java:logGet(43)) - raft.server.rpcslowness.timeout = 120s (custom)
2019-09-12 10:32:28,520 [pool-27-thread-1] INFO  server.RaftServerConfigKeys (ConfUtils.java:logGet(43)) - raft.server.sleep.deviation.threshold = 300 (default)
2019-09-12 10:32:28,521 [pool-27-thread-1] INFO  server.RaftServerConfigKeys (ConfUtils.java:logGet(43)) - raft.server.log.appender.install.snapshot.enabled = false (custom)
2019-09-12 10:32:28,521 [pool-27-thread-1] INFO  impl.RaftServerImpl (ServerState.java:<init>(105)) - 8bf28770-b006-473a-8b5e-ef696e489f09:group-6692C0BB749E ConfigurationManager, init=-1: [8bf28770-b006-473a-8b5e-ef696e489f09:192.168.157.195:42117], old=null, confs=<EMPTY_MAP>
2019-09-12 10:32:28,521 [pool-27-thread-1] INFO  server.RaftServerConfigKeys (ConfUtils.java:logGet(43)) - raft.server.storage.dir = [/workdir/hadoop-ozone/integration-test/target/test-dir/MiniOzoneClusterImpl-03df5328-cb4f-49b2-a840-73a4610bd6b2/datanode-0/data/ratis] (custom)
2019-09-12 10:32:28,522 [pool-27-thread-1] INFO  storage.RaftStorageDirectory (RaftStorageDirectory.java:analyzeStorage(246)) - The storage directory /workdir/hadoop-ozone/integration-test/target/test-dir/MiniOzoneClusterImpl-03df5328-cb4f-49b2-a840-73a4610bd6b2/datanode-0/data/ratis/9a3d3cc4-59e8-4f2a-98d4-6692c0bb749e does not exist. Creating ...
2019-09-12 10:32:28,534 [pool-27-thread-1] INFO  storage.RaftStorageDirectory (RaftStorageDirectory.java:tryLock(328)) - Lock on /workdir/hadoop-ozone/integration-test/target/test-dir/MiniOzoneClusterImpl-03df5328-cb4f-49b2-a840-73a4610bd6b2/datanode-0/data/ratis/9a3d3cc4-59e8-4f2a-98d4-6692c0bb749e/in_use.lock acquired by nodename 31912@pr-hdds-1569-xtfnx-3545843844
2019-09-12 10:32:28,548 [pool-27-thread-1] INFO  storage.RaftStorage (RaftStorage.java:format(72)) - Storage directory /workdir/hadoop-ozone/integration-test/target/test-dir/MiniOzoneClusterImpl-03df5328-cb4f-49b2-a840-73a4610bd6b2/datanode-0/data/ratis/9a3d3cc4-59e8-4f2a-98d4-6692c0bb749e has been successfully formatted.
2019-09-12 10:32:28,548 [pool-27-thread-1] INFO  ratis.ContainerStateMachine (ContainerStateMachine.java:loadSnapshot(226)) - group-6692C0BB749E: The snapshot info is null. Setting the last applied indexto:(t:0, i:~)
2019-09-12 10:32:28,548 [pool-27-thread-1] INFO  server.RaftServerConfigKeys (ConfUtils.java:logGet(43)) - raft.server.leader.election.timeout = 120s (custom)
2019-09-12 10:32:28,548 [pool-27-thread-1] INFO  server.RaftServerConfigKeys (ConfUtils.java:logGet(43)) - raft.server.log.use.memory = false (default)
2019-09-12 10:32:28,549 [pool-27-thread-1] INFO  server.RaftServerConfigKeys (ConfUtils.java:logGet(43)) - raft.server.log.purge.gap = 1000000 (custom)
2019-09-12 10:32:28,549 [pool-27-thread-1] INFO  server.RaftServerConfigKeys (ConfUtils.java:logGet(43)) - raft.server.log.appender.buffer.byte-limit = 33554432 (custom)
2019-09-12 10:32:28,549 [pool-27-thread-1] INFO  server.RaftServerConfigKeys (ConfUtils.java:logGet(43)) - raft.server.log.segment.size.max = 1048576 (custom)
2019-09-12 10:32:28,549 [pool-27-thread-1] INFO  server.RaftServerConfigKeys (ConfUtils.java:logGet(43)) - raft.server.log.segment.cache.num.max = 2 (custom)
2019-09-12 10:32:28,550 [pool-27-thread-1] INFO  segmented.SegmentedRaftLogWorker (SegmentedRaftLogWorker.java:<init>(172)) - new 8bf28770-b006-473a-8b5e-ef696e489f09-SegmentedRaftLogWorker:Storage Directory /workdir/hadoop-ozone/integration-test/target/test-dir/MiniOzoneClusterImpl-03df5328-cb4f-49b2-a840-73a4610bd6b2/datanode-0/data/ratis/9a3d3cc4-59e8-4f2a-98d4-6692c0bb749e for RaftStorage:Storage Directory /workdir/hadoop-ozone/integration-test/target/test-dir/MiniOzoneClusterImpl-03df5328-cb4f-49b2-a840-73a4610bd6b2/datanode-0/data/ratis/9a3d3cc4-59e8-4f2a-98d4-6692c0bb749e
2019-09-12 10:32:28,550 [pool-27-thread-1] INFO  server.RaftServerConfigKeys (ConfUtils.java:logGet(43)) - raft.server.log.queue.byte-limit = 2147483647 (custom)
2019-09-12 10:32:28,550 [pool-27-thread-1] INFO  server.RaftServerConfigKeys (ConfUtils.java:logGet(43)) - raft.server.log.queue.element-limit = 1024 (custom)
2019-09-12 10:32:28,550 [pool-27-thread-1] INFO  server.RaftServerConfigKeys (ConfUtils.java:logGet(43)) - raft.server.log.segment.size.max = 1048576 (custom)
2019-09-12 10:32:28,550 [pool-27-thread-1] INFO  server.RaftServerConfigKeys (ConfUtils.java:logGet(43)) - raft.server.log.preallocated.size = 16384 (custom)
2019-09-12 10:32:28,551 [pool-27-thread-1] INFO  server.RaftServerConfigKeys (ConfUtils.java:logGet(43)) - raft.server.log.write.buffer.size = 33554432 (custom)
2019-09-12 10:32:28,551 [pool-27-thread-1] INFO  server.RaftServerConfigKeys (ConfUtils.java:logGet(43)) - raft.server.log.force.sync.num = 128 (default)
2019-09-12 10:32:28,551 [pool-27-thread-1] INFO  server.RaftServerConfigKeys (ConfUtils.java:logGet(43)) - raft.server.log.statemachine.data.sync = true (default)
2019-09-12 10:32:28,551 [pool-27-thread-1] INFO  server.RaftServerConfigKeys (ConfUtils.java:logGet(43)) - raft.server.log.statemachine.data.sync.timeout = 10s (default)
2019-09-12 10:32:28,551 [pool-27-thread-1] INFO  server.RaftServerConfigKeys (ConfUtils.java:logGet(43)) - raft.server.log.statemachine.data.sync.timeout.retry = -1 (default)
2019-09-12 10:32:28,552 [pool-27-thread-1] INFO  server.RaftServerConfigKeys (ConfUtils.java:logGet(43)) - raft.server.log.statemachine.data.caching.enabled = true (custom)
2019-09-12 10:32:28,552 [pool-27-thread-1] INFO  segmented.SegmentedRaftLogWorker (SegmentedRaftLogWorker.java:lambda$new$0(132)) - 8bf28770-b006-473a-8b5e-ef696e489f09-SegmentedRaftLogWorker:Storage Directory /workdir/hadoop-ozone/integration-test/target/test-dir/MiniOzoneClusterImpl-03df5328-cb4f-49b2-a840-73a4610bd6b2/datanode-0/data/ratis/9a3d3cc4-59e8-4f2a-98d4-6692c0bb749e: flushIndex: setUnconditionally 0 -> -1
2019-09-12 10:32:28,553 [pool-27-thread-1] INFO  server.RaftServerConfigKeys (ConfUtils.java:logGet(43)) - raft.server.snapshot.auto.trigger.enabled = true (custom)
2019-09-12 10:32:28,553 [pool-27-thread-1] INFO  server.RaftServerConfigKeys (ConfUtils.java:logGet(43)) - raft.server.snapshot.auto.trigger.threshold = 10000 (custom)
2019-09-12 10:32:28,553 [pool-27-thread-1] INFO  server.RaftServerConfigKeys (ConfUtils.java:logGet(43)) - raft.server.retrycache.expirytime = 600000ms (custom)
2019-09-12 10:32:28,553 [pool-27-thread-1] INFO  impl.RaftServerImpl (RaftServerImpl.java:start(180)) - 8bf28770-b006-473a-8b5e-ef696e489f09: start group-6692C0BB749E
2019-09-12 10:32:28,553 [pool-27-thread-1] INFO  impl.RaftServerImpl (RaftServerImpl.java:setRole(171)) - 8bf28770-b006-473a-8b5e-ef696e489f09:group-6692C0BB749E changes role from null to FOLLOWER at term 0 for startAsFollower
2019-09-12 10:32:28,554 [pool-27-thread-1] INFO  impl.RoleInfo (RoleInfo.java:updateAndGet(143)) - 8bf28770-b006-473a-8b5e-ef696e489f09: start FollowerState
2019-09-12 10:32:28,554 [pool-27-thread-1] INFO  util.JmxRegister (JmxRegister.java:tryRegister(44)) - Successfully registered JMX Bean with object name Ratis:service=RaftServer,group=group-6692C0BB749E,id=8bf28770-b006-473a-8b5e-ef696e489f09
2019-09-12 10:32:28,563 [RatisPipelineUtilsThread] INFO  pipeline.PipelineStateManager (PipelineStateManager.java:addPipeline(56)) - Created pipeline Pipeline[ Id: 9a3d3cc4-59e8-4f2a-98d4-6692c0bb749e, Nodes: 8bf28770-b006-473a-8b5e-ef696e489f09{ip: 192.168.157.195, host: pr-hdds-1569-xtfnx-3545843844, networkLocation: /default-rack, certSerialId: null}, Type:RATIS, Factor:ONE, State:OPEN]
2019-09-12 10:32:28,575 [grpc-default-executor-0] INFO  impl.RaftServerProxy (RaftServerProxy.java:addNew(89)) - 80325dc5-bfcd-4416-8aa5-165bd32e2b28: addNew group-6518EE489678:[80325dc5-bfcd-4416-8aa5-165bd32e2b28:192.168.157.195:38292] returns group-6518EE489678:java.util.concurrent.CompletableFuture@4824e6a1[Not completed]
2019-09-12 10:32:28,577 [pool-49-thread-1] INFO  impl.RaftServerImpl (RaftServerImpl.java:<init>(93)) - 80325dc5-bfcd-4416-8aa5-165bd32e2b28: new RaftServerImpl for group-6518EE489678:[80325dc5-bfcd-4416-8aa5-165bd32e2b28:192.168.157.195:38292] with ContainerStateMachine:uninitialized
2019-09-12 10:32:28,577 [pool-49-thread-1] INFO  server.RaftServerConfigKeys (ConfUtils.java:logGet(43)) - raft.server.rpc.timeout.min = 5s (custom)
2019-09-12 10:32:28,577 [pool-49-thread-1] INFO  server.RaftServerConfigKeys (ConfUtils.java:logGet(43)) - raft.server.rpc.timeout.max = 5200ms (custom)
2019-09-12 10:32:28,578 [pool-49-thread-1] INFO  server.RaftServerConfigKeys (ConfUtils.java:logGet(43)) - raft.server.rpcslowness.timeout = 120s (custom)
2019-09-12 10:32:28,578 [pool-49-thread-1] INFO  server.RaftServerConfigKeys (ConfUtils.java:logGet(43)) - raft.server.sleep.deviation.threshold = 300 (default)
2019-09-12 10:32:28,578 [pool-49-thread-1] INFO  server.RaftServerConfigKeys (ConfUtils.java:logGet(43)) - raft.server.log.appender.install.snapshot.enabled = false (custom)
2019-09-12 10:32:28,578 [pool-49-thread-1] INFO  impl.RaftServerImpl (ServerState.java:<init>(105)) - 80325dc5-bfcd-4416-8aa5-165bd32e2b28:group-6518EE489678 ConfigurationManager, init=-1: [80325dc5-bfcd-4416-8aa5-165bd32e2b28:192.168.157.195:38292], old=null, confs=<EMPTY_MAP>
2019-09-12 10:32:28,578 [pool-49-thread-1] INFO  server.RaftServerConfigKeys (ConfUtils.java:logGet(43)) - raft.server.storage.dir = [/workdir/hadoop-ozone/integration-test/target/test-dir/MiniOzoneClusterImpl-03df5328-cb4f-49b2-a840-73a4610bd6b2/datanode-2/data/ratis] (custom)
2019-09-12 10:32:28,579 [pool-49-thread-1] INFO  storage.RaftStorageDirectory (RaftStorageDirectory.java:analyzeStorage(246)) - The storage directory /workdir/hadoop-ozone/integration-test/target/test-dir/MiniOzoneClusterImpl-03df5328-cb4f-49b2-a840-73a4610bd6b2/datanode-2/data/ratis/db0aee24-f45d-419b-82ab-6518ee489678 does not exist. Creating ...
2019-09-12 10:32:28,592 [pool-49-thread-1] INFO  storage.RaftStorageDirectory (RaftStorageDirectory.java:tryLock(328)) - Lock on /workdir/hadoop-ozone/integration-test/target/test-dir/MiniOzoneClusterImpl-03df5328-cb4f-49b2-a840-73a4610bd6b2/datanode-2/data/ratis/db0aee24-f45d-419b-82ab-6518ee489678/in_use.lock acquired by nodename 31912@pr-hdds-1569-xtfnx-3545843844
2019-09-12 10:32:28,600 [main] INFO  rpc.RpcClient (RpcClient.java:createVolume(293)) - Creating Volume: cfae3db5-a408-42b3-a5ac-918388a68f77, with jenkins1000 as owner.
2019-09-12 10:32:28,606 [pool-49-thread-1] INFO  storage.RaftStorage (RaftStorage.java:format(72)) - Storage directory /workdir/hadoop-ozone/integration-test/target/test-dir/MiniOzoneClusterImpl-03df5328-cb4f-49b2-a840-73a4610bd6b2/datanode-2/data/ratis/db0aee24-f45d-419b-82ab-6518ee489678 has been successfully formatted.
2019-09-12 10:32:28,607 [pool-49-thread-1] INFO  ratis.ContainerStateMachine (ContainerStateMachine.java:loadSnapshot(226)) - group-6518EE489678: The snapshot info is null. Setting the last applied indexto:(t:0, i:~)
2019-09-12 10:32:28,607 [pool-49-thread-1] INFO  server.RaftServerConfigKeys (ConfUtils.java:logGet(43)) - raft.server.leader.election.timeout = 120s (custom)
2019-09-12 10:32:28,607 [pool-49-thread-1] INFO  server.RaftServerConfigKeys (ConfUtils.java:logGet(43)) - raft.server.log.use.memory = false (default)
2019-09-12 10:32:28,607 [pool-49-thread-1] INFO  server.RaftServerConfigKeys (ConfUtils.java:logGet(43)) - raft.server.log.purge.gap = 1000000 (custom)
2019-09-12 10:32:28,608 [pool-49-thread-1] INFO  server.RaftServerConfigKeys (ConfUtils.java:logGet(43)) - raft.server.log.appender.buffer.byte-limit = 33554432 (custom)
2019-09-12 10:32:28,609 [pool-49-thread-1] INFO  server.RaftServerConfigKeys (ConfUtils.java:logGet(43)) - raft.server.log.segment.size.max = 1048576 (custom)
2019-09-12 10:32:28,609 [pool-49-thread-1] INFO  server.RaftServerConfigKeys (ConfUtils.java:logGet(43)) - raft.server.log.segment.cache.num.max = 2 (custom)
2019-09-12 10:32:28,609 [pool-49-thread-1] INFO  segmented.SegmentedRaftLogWorker (SegmentedRaftLogWorker.java:<init>(172)) - new 80325dc5-bfcd-4416-8aa5-165bd32e2b28-SegmentedRaftLogWorker:Storage Directory /workdir/hadoop-ozone/integration-test/target/test-dir/MiniOzoneClusterImpl-03df5328-cb4f-49b2-a840-73a4610bd6b2/datanode-2/data/ratis/db0aee24-f45d-419b-82ab-6518ee489678 for RaftStorage:Storage Directory /workdir/hadoop-ozone/integration-test/target/test-dir/MiniOzoneClusterImpl-03df5328-cb4f-49b2-a840-73a4610bd6b2/datanode-2/data/ratis/db0aee24-f45d-419b-82ab-6518ee489678
2019-09-12 10:32:28,609 [pool-49-thread-1] INFO  server.RaftServerConfigKeys (ConfUtils.java:logGet(43)) - raft.server.log.queue.byte-limit = 2147483647 (custom)
2019-09-12 10:32:28,609 [pool-49-thread-1] INFO  server.RaftServerConfigKeys (ConfUtils.java:logGet(43)) - raft.server.log.queue.element-limit = 1024 (custom)
2019-09-12 10:32:28,610 [pool-49-thread-1] INFO  server.RaftServerConfigKeys (ConfUtils.java:logGet(43)) - raft.server.log.segment.size.max = 1048576 (custom)
2019-09-12 10:32:28,610 [pool-49-thread-1] INFO  server.RaftServerConfigKeys (ConfUtils.java:logGet(43)) - raft.server.log.preallocated.size = 16384 (custom)
2019-09-12 10:32:28,610 [pool-49-thread-1] INFO  server.RaftServerConfigKeys (ConfUtils.java:logGet(43)) - raft.server.log.write.buffer.size = 33554432 (custom)
2019-09-12 10:32:28,610 [pool-49-thread-1] INFO  server.RaftServerConfigKeys (ConfUtils.java:logGet(43)) - raft.server.log.force.sync.num = 128 (default)
2019-09-12 10:32:28,610 [pool-49-thread-1] INFO  server.RaftServerConfigKeys (ConfUtils.java:logGet(43)) - raft.server.log.statemachine.data.sync = true (default)
2019-09-12 10:32:28,611 [pool-49-thread-1] INFO  server.RaftServerConfigKeys (ConfUtils.java:logGet(43)) - raft.server.log.statemachine.data.sync.timeout = 10s (default)
2019-09-12 10:32:28,611 [pool-49-thread-1] INFO  server.RaftServerConfigKeys (ConfUtils.java:logGet(43)) - raft.server.log.statemachine.data.sync.timeout.retry = -1 (default)
2019-09-12 10:32:28,611 [pool-49-thread-1] INFO  server.RaftServerConfigKeys (ConfUtils.java:logGet(43)) - raft.server.log.statemachine.data.caching.enabled = true (custom)
2019-09-12 10:32:28,611 [pool-49-thread-1] INFO  segmented.SegmentedRaftLogWorker (SegmentedRaftLogWorker.java:lambda$new$0(132)) - 80325dc5-bfcd-4416-8aa5-165bd32e2b28-SegmentedRaftLogWorker:Storage Directory /workdir/hadoop-ozone/integration-test/target/test-dir/MiniOzoneClusterImpl-03df5328-cb4f-49b2-a840-73a4610bd6b2/datanode-2/data/ratis/db0aee24-f45d-419b-82ab-6518ee489678: flushIndex: setUnconditionally 0 -> -1
2019-09-12 10:32:28,612 [pool-49-thread-1] INFO  server.RaftServerConfigKeys (ConfUtils.java:logGet(43)) - raft.server.snapshot.auto.trigger.enabled = true (custom)
2019-09-12 10:32:28,612 [pool-49-thread-1] INFO  server.RaftServerConfigKeys (ConfUtils.java:logGet(43)) - raft.server.snapshot.auto.trigger.threshold = 10000 (custom)
2019-09-12 10:32:28,612 [pool-49-thread-1] INFO  server.RaftServerConfigKeys (ConfUtils.java:logGet(43)) - raft.server.retrycache.expirytime = 600000ms (custom)
2019-09-12 10:32:28,613 [pool-49-thread-1] INFO  impl.RaftServerImpl (RaftServerImpl.java:start(180)) - 80325dc5-bfcd-4416-8aa5-165bd32e2b28: start group-6518EE489678
2019-09-12 10:32:28,613 [pool-49-thread-1] INFO  impl.RaftServerImpl (RaftServerImpl.java:setRole(171)) - 80325dc5-bfcd-4416-8aa5-165bd32e2b28:group-6518EE489678 changes role from null to FOLLOWER at term 0 for startAsFollower
2019-09-12 10:32:28,613 [pool-49-thread-1] INFO  impl.RoleInfo (RoleInfo.java:updateAndGet(143)) - 80325dc5-bfcd-4416-8aa5-165bd32e2b28: start FollowerState
2019-09-12 10:32:28,613 [pool-49-thread-1] INFO  util.JmxRegister (JmxRegister.java:tryRegister(44)) - Successfully registered JMX Bean with object name Ratis:service=RaftServer,group=group-6518EE489678,id=80325dc5-bfcd-4416-8aa5-165bd32e2b28
2019-09-12 10:32:28,621 [RatisPipelineUtilsThread] INFO  pipeline.PipelineStateManager (PipelineStateManager.java:addPipeline(56)) - Created pipeline Pipeline[ Id: db0aee24-f45d-419b-82ab-6518ee489678, Nodes: 80325dc5-bfcd-4416-8aa5-165bd32e2b28{ip: 192.168.157.195, host: pr-hdds-1569-xtfnx-3545843844, networkLocation: /default-rack, certSerialId: null}, Type:RATIS, Factor:ONE, State:OPEN]
2019-09-12 10:32:28,634 [grpc-default-executor-0] INFO  impl.RaftServerProxy (RaftServerProxy.java:addNew(89)) - e5aec583-ea61-4f1a-b46a-16f569718c14: addNew group-E34741CF0D0F:[e5aec583-ea61-4f1a-b46a-16f569718c14:192.168.157.195:39535] returns group-E34741CF0D0F:java.util.concurrent.CompletableFuture@30ae9768[Not completed]
2019-09-12 10:32:28,635 [pool-38-thread-1] INFO  impl.RaftServerImpl (RaftServerImpl.java:<init>(93)) - e5aec583-ea61-4f1a-b46a-16f569718c14: new RaftServerImpl for group-E34741CF0D0F:[e5aec583-ea61-4f1a-b46a-16f569718c14:192.168.157.195:39535] with ContainerStateMachine:uninitialized
2019-09-12 10:32:28,635 [pool-38-thread-1] INFO  server.RaftServerConfigKeys (ConfUtils.java:logGet(43)) - raft.server.rpc.timeout.min = 5s (custom)
2019-09-12 10:32:28,635 [pool-38-thread-1] INFO  server.RaftServerConfigKeys (ConfUtils.java:logGet(43)) - raft.server.rpc.timeout.max = 5200ms (custom)
2019-09-12 10:32:28,635 [pool-38-thread-1] INFO  server.RaftServerConfigKeys (ConfUtils.java:logGet(43)) - raft.server.rpcslowness.timeout = 120s (custom)
2019-09-12 10:32:28,635 [pool-38-thread-1] INFO  server.RaftServerConfigKeys (ConfUtils.java:logGet(43)) - raft.server.sleep.deviation.threshold = 300 (default)
2019-09-12 10:32:28,635 [pool-38-thread-1] INFO  server.RaftServerConfigKeys (ConfUtils.java:logGet(43)) - raft.server.log.appender.install.snapshot.enabled = false (custom)
2019-09-12 10:32:28,635 [pool-38-thread-1] INFO  impl.RaftServerImpl (ServerState.java:<init>(105)) - e5aec583-ea61-4f1a-b46a-16f569718c14:group-E34741CF0D0F ConfigurationManager, init=-1: [e5aec583-ea61-4f1a-b46a-16f569718c14:192.168.157.195:39535], old=null, confs=<EMPTY_MAP>
2019-09-12 10:32:28,636 [pool-38-thread-1] INFO  server.RaftServerConfigKeys (ConfUtils.java:logGet(43)) - raft.server.storage.dir = [/workdir/hadoop-ozone/integration-test/target/test-dir/MiniOzoneClusterImpl-03df5328-cb4f-49b2-a840-73a4610bd6b2/datanode-1/data/ratis] (custom)
2019-09-12 10:32:28,636 [pool-38-thread-1] INFO  storage.RaftStorageDirectory (RaftStorageDirectory.java:analyzeStorage(246)) - The storage directory /workdir/hadoop-ozone/integration-test/target/test-dir/MiniOzoneClusterImpl-03df5328-cb4f-49b2-a840-73a4610bd6b2/datanode-1/data/ratis/997e1fbe-b08f-4758-b061-e34741cf0d0f does not exist. Creating ...
2019-09-12 10:32:28,635 | INFO  | OMAudit | user=jenkins1000 | ip=127.0.0.1 | op=CREATE_VOLUME {admin=jenkins1000, owner=jenkins1000, volume=cfae3db5-a408-42b3-a5ac-918388a68f77, creationTime=1568284348627, quotaInBytes=1152921504606846976} | ret=SUCCESS |  
2019-09-12 10:32:28,649 [pool-38-thread-1] INFO  storage.RaftStorageDirectory (RaftStorageDirectory.java:tryLock(328)) - Lock on /workdir/hadoop-ozone/integration-test/target/test-dir/MiniOzoneClusterImpl-03df5328-cb4f-49b2-a840-73a4610bd6b2/datanode-1/data/ratis/997e1fbe-b08f-4758-b061-e34741cf0d0f/in_use.lock acquired by nodename 31912@pr-hdds-1569-xtfnx-3545843844
2019-09-12 10:32:28,651 | INFO  | OMAudit | user=jenkins1000 | ip=127.0.0.1 | op=READ_VOLUME {volume=cfae3db5-a408-42b3-a5ac-918388a68f77} | ret=SUCCESS |  
2019-09-12 10:32:28,663 [pool-38-thread-1] INFO  storage.RaftStorage (RaftStorage.java:format(72)) - Storage directory /workdir/hadoop-ozone/integration-test/target/test-dir/MiniOzoneClusterImpl-03df5328-cb4f-49b2-a840-73a4610bd6b2/datanode-1/data/ratis/997e1fbe-b08f-4758-b061-e34741cf0d0f has been successfully formatted.
2019-09-12 10:32:28,663 [main] INFO  rpc.RpcClient (RpcClient.java:createBucket(432)) - Creating Bucket: cfae3db5-a408-42b3-a5ac-918388a68f77/02d1b0e5-6de4-423f-a3e1-a35fa635ca9a, with Versioning false and Storage Type set to DISK and Encryption set to false 
2019-09-12 10:32:28,663 [pool-38-thread-1] INFO  ratis.ContainerStateMachine (ContainerStateMachine.java:loadSnapshot(226)) - group-E34741CF0D0F: The snapshot info is null. Setting the last applied indexto:(t:0, i:~)
2019-09-12 10:32:28,663 [pool-38-thread-1] INFO  server.RaftServerConfigKeys (ConfUtils.java:logGet(43)) - raft.server.leader.election.timeout = 120s (custom)
2019-09-12 10:32:28,664 [pool-38-thread-1] INFO  server.RaftServerConfigKeys (ConfUtils.java:logGet(43)) - raft.server.log.use.memory = false (default)
2019-09-12 10:32:28,664 [pool-38-thread-1] INFO  server.RaftServerConfigKeys (ConfUtils.java:logGet(43)) - raft.server.log.purge.gap = 1000000 (custom)
2019-09-12 10:32:28,664 [pool-38-thread-1] INFO  server.RaftServerConfigKeys (ConfUtils.java:logGet(43)) - raft.server.log.appender.buffer.byte-limit = 33554432 (custom)
2019-09-12 10:32:28,664 [pool-38-thread-1] INFO  server.RaftServerConfigKeys (ConfUtils.java:logGet(43)) - raft.server.log.segment.size.max = 1048576 (custom)
2019-09-12 10:32:28,664 [pool-38-thread-1] INFO  server.RaftServerConfigKeys (ConfUtils.java:logGet(43)) - raft.server.log.segment.cache.num.max = 2 (custom)
2019-09-12 10:32:28,664 [pool-38-thread-1] INFO  segmented.SegmentedRaftLogWorker (SegmentedRaftLogWorker.java:<init>(172)) - new e5aec583-ea61-4f1a-b46a-16f569718c14-SegmentedRaftLogWorker:Storage Directory /workdir/hadoop-ozone/integration-test/target/test-dir/MiniOzoneClusterImpl-03df5328-cb4f-49b2-a840-73a4610bd6b2/datanode-1/data/ratis/997e1fbe-b08f-4758-b061-e34741cf0d0f for RaftStorage:Storage Directory /workdir/hadoop-ozone/integration-test/target/test-dir/MiniOzoneClusterImpl-03df5328-cb4f-49b2-a840-73a4610bd6b2/datanode-1/data/ratis/997e1fbe-b08f-4758-b061-e34741cf0d0f
2019-09-12 10:32:28,665 [pool-38-thread-1] INFO  server.RaftServerConfigKeys (ConfUtils.java:logGet(43)) - raft.server.log.queue.byte-limit = 2147483647 (custom)
2019-09-12 10:32:28,665 [pool-38-thread-1] INFO  server.RaftServerConfigKeys (ConfUtils.java:logGet(43)) - raft.server.log.queue.element-limit = 1024 (custom)
2019-09-12 10:32:28,665 [pool-38-thread-1] INFO  server.RaftServerConfigKeys (ConfUtils.java:logGet(43)) - raft.server.log.segment.size.max = 1048576 (custom)
2019-09-12 10:32:28,665 [pool-38-thread-1] INFO  server.RaftServerConfigKeys (ConfUtils.java:logGet(43)) - raft.server.log.preallocated.size = 16384 (custom)
2019-09-12 10:32:28,665 [pool-38-thread-1] INFO  server.RaftServerConfigKeys (ConfUtils.java:logGet(43)) - raft.server.log.write.buffer.size = 33554432 (custom)
2019-09-12 10:32:28,665 [pool-38-thread-1] INFO  server.RaftServerConfigKeys (ConfUtils.java:logGet(43)) - raft.server.log.force.sync.num = 128 (default)
2019-09-12 10:32:28,665 [pool-38-thread-1] INFO  server.RaftServerConfigKeys (ConfUtils.java:logGet(43)) - raft.server.log.statemachine.data.sync = true (default)
2019-09-12 10:32:28,666 [pool-38-thread-1] INFO  server.RaftServerConfigKeys (ConfUtils.java:logGet(43)) - raft.server.log.statemachine.data.sync.timeout = 10s (default)
2019-09-12 10:32:28,666 [pool-38-thread-1] INFO  server.RaftServerConfigKeys (ConfUtils.java:logGet(43)) - raft.server.log.statemachine.data.sync.timeout.retry = -1 (default)
2019-09-12 10:32:28,666 [pool-38-thread-1] INFO  server.RaftServerConfigKeys (ConfUtils.java:logGet(43)) - raft.server.log.statemachine.data.caching.enabled = true (custom)
2019-09-12 10:32:28,666 [pool-38-thread-1] INFO  segmented.SegmentedRaftLogWorker (SegmentedRaftLogWorker.java:lambda$new$0(132)) - e5aec583-ea61-4f1a-b46a-16f569718c14-SegmentedRaftLogWorker:Storage Directory /workdir/hadoop-ozone/integration-test/target/test-dir/MiniOzoneClusterImpl-03df5328-cb4f-49b2-a840-73a4610bd6b2/datanode-1/data/ratis/997e1fbe-b08f-4758-b061-e34741cf0d0f: flushIndex: setUnconditionally 0 -> -1
2019-09-12 10:32:28,667 [pool-38-thread-1] INFO  server.RaftServerConfigKeys (ConfUtils.java:logGet(43)) - raft.server.snapshot.auto.trigger.enabled = true (custom)
2019-09-12 10:32:28,667 [pool-38-thread-1] INFO  server.RaftServerConfigKeys (ConfUtils.java:logGet(43)) - raft.server.snapshot.auto.trigger.threshold = 10000 (custom)
2019-09-12 10:32:28,667 [pool-38-thread-1] INFO  server.RaftServerConfigKeys (ConfUtils.java:logGet(43)) - raft.server.retrycache.expirytime = 600000ms (custom)
2019-09-12 10:32:28,667 [pool-38-thread-1] INFO  impl.RaftServerImpl (RaftServerImpl.java:start(180)) - e5aec583-ea61-4f1a-b46a-16f569718c14: start group-E34741CF0D0F
2019-09-12 10:32:28,668 [pool-38-thread-1] INFO  impl.RaftServerImpl (RaftServerImpl.java:setRole(171)) - e5aec583-ea61-4f1a-b46a-16f569718c14:group-E34741CF0D0F changes role from null to FOLLOWER at term 0 for startAsFollower
2019-09-12 10:32:28,668 [pool-38-thread-1] INFO  impl.RoleInfo (RoleInfo.java:updateAndGet(143)) - e5aec583-ea61-4f1a-b46a-16f569718c14: start FollowerState
2019-09-12 10:32:28,668 [pool-38-thread-1] INFO  util.JmxRegister (JmxRegister.java:tryRegister(44)) - Successfully registered JMX Bean with object name Ratis:service=RaftServer,group=group-E34741CF0D0F,id=e5aec583-ea61-4f1a-b46a-16f569718c14
2019-09-12 10:32:28,679 [RatisPipelineUtilsThread] INFO  pipeline.PipelineStateManager (PipelineStateManager.java:addPipeline(56)) - Created pipeline Pipeline[ Id: 997e1fbe-b08f-4758-b061-e34741cf0d0f, Nodes: e5aec583-ea61-4f1a-b46a-16f569718c14{ip: 192.168.157.195, host: pr-hdds-1569-xtfnx-3545843844, networkLocation: /default-rack, certSerialId: null}, Type:RATIS, Factor:ONE, State:OPEN]
2019-09-12 10:32:28,693 | INFO  | OMAudit | user=jenkins1000 | ip=127.0.0.1 | op=CREATE_BUCKET {volume=cfae3db5-a408-42b3-a5ac-918388a68f77, bucket=02d1b0e5-6de4-423f-a3e1-a35fa635ca9a, acls=[user:jenkins1000:a[ACCESS], group:default:a[ACCESS]], isVersionEnabled=false, storageType=DISK, creationTime=0} | ret=SUCCESS |  
2019-09-12 10:32:28,693 | INFO  | SCMAudit | user=jenkins1000 | ip=192.168.157.195 | op=SEND_HEARTBEAT {datanodeUUID=8bf28770-b006-473a-8b5e-ef696e489f09, command=[]} | ret=SUCCESS |  
2019-09-12 10:32:28,693 [grpc-default-executor-0] INFO  impl.RaftServerProxy (RaftServerProxy.java:addNew(89)) - e5aec583-ea61-4f1a-b46a-16f569718c14: addNew group-331E309C3060:[e5aec583-ea61-4f1a-b46a-16f569718c14:192.168.157.195:39535] returns group-331E309C3060:java.util.concurrent.CompletableFuture@77923d35[Not completed]
2019-09-12 10:32:28,695 [pool-38-thread-1] INFO  impl.RaftServerImpl (RaftServerImpl.java:<init>(93)) - e5aec583-ea61-4f1a-b46a-16f569718c14: new RaftServerImpl for group-331E309C3060:[e5aec583-ea61-4f1a-b46a-16f569718c14:192.168.157.195:39535] with ContainerStateMachine:uninitialized
2019-09-12 10:32:28,695 [pool-38-thread-1] INFO  server.RaftServerConfigKeys (ConfUtils.java:logGet(43)) - raft.server.rpc.timeout.min = 5s (custom)
2019-09-12 10:32:28,695 [pool-38-thread-1] INFO  server.RaftServerConfigKeys (ConfUtils.java:logGet(43)) - raft.server.rpc.timeout.max = 5200ms (custom)
2019-09-12 10:32:28,696 [pool-38-thread-1] INFO  server.RaftServerConfigKeys (ConfUtils.java:logGet(43)) - raft.server.rpcslowness.timeout = 120s (custom)
2019-09-12 10:32:28,696 [pool-38-thread-1] INFO  server.RaftServerConfigKeys (ConfUtils.java:logGet(43)) - raft.server.sleep.deviation.threshold = 300 (default)
2019-09-12 10:32:28,696 [pool-38-thread-1] INFO  server.RaftServerConfigKeys (ConfUtils.java:logGet(43)) - raft.server.log.appender.install.snapshot.enabled = false (custom)
2019-09-12 10:32:28,696 [pool-38-thread-1] INFO  impl.RaftServerImpl (ServerState.java:<init>(105)) - e5aec583-ea61-4f1a-b46a-16f569718c14:group-331E309C3060 ConfigurationManager, init=-1: [e5aec583-ea61-4f1a-b46a-16f569718c14:192.168.157.195:39535], old=null, confs=<EMPTY_MAP>
2019-09-12 10:32:28,697 [pool-38-thread-1] INFO  server.RaftServerConfigKeys (ConfUtils.java:logGet(43)) - raft.server.storage.dir = [/workdir/hadoop-ozone/integration-test/target/test-dir/MiniOzoneClusterImpl-03df5328-cb4f-49b2-a840-73a4610bd6b2/datanode-1/data/ratis] (custom)
2019-09-12 10:32:28,698 [pool-38-thread-1] INFO  storage.RaftStorageDirectory (RaftStorageDirectory.java:analyzeStorage(246)) - The storage directory /workdir/hadoop-ozone/integration-test/target/test-dir/MiniOzoneClusterImpl-03df5328-cb4f-49b2-a840-73a4610bd6b2/datanode-1/data/ratis/a47580ce-4732-425e-bc2b-331e309c3060 does not exist. Creating ...
2019-09-12 10:32:28,700 | INFO  | OMAudit | user=jenkins1000 | ip=127.0.0.1 | op=READ_BUCKET {volume=cfae3db5-a408-42b3-a5ac-918388a68f77, bucket=02d1b0e5-6de4-423f-a3e1-a35fa635ca9a} | ret=SUCCESS |  
2019-09-12 10:32:28,711 [pool-38-thread-1] INFO  storage.RaftStorageDirectory (RaftStorageDirectory.java:tryLock(328)) - Lock on /workdir/hadoop-ozone/integration-test/target/test-dir/MiniOzoneClusterImpl-03df5328-cb4f-49b2-a840-73a4610bd6b2/datanode-1/data/ratis/a47580ce-4732-425e-bc2b-331e309c3060/in_use.lock acquired by nodename 31912@pr-hdds-1569-xtfnx-3545843844
2019-09-12 10:32:28,723 [pool-38-thread-1] INFO  storage.RaftStorage (RaftStorage.java:format(72)) - Storage directory /workdir/hadoop-ozone/integration-test/target/test-dir/MiniOzoneClusterImpl-03df5328-cb4f-49b2-a840-73a4610bd6b2/datanode-1/data/ratis/a47580ce-4732-425e-bc2b-331e309c3060 has been successfully formatted.
2019-09-12 10:32:28,724 [pool-38-thread-1] INFO  ratis.ContainerStateMachine (ContainerStateMachine.java:loadSnapshot(226)) - group-331E309C3060: The snapshot info is null. Setting the last applied indexto:(t:0, i:~)
2019-09-12 10:32:28,724 [pool-38-thread-1] INFO  server.RaftServerConfigKeys (ConfUtils.java:logGet(43)) - raft.server.leader.election.timeout = 120s (custom)
2019-09-12 10:32:28,724 [pool-38-thread-1] INFO  server.RaftServerConfigKeys (ConfUtils.java:logGet(43)) - raft.server.log.use.memory = false (default)
2019-09-12 10:32:28,724 [pool-38-thread-1] INFO  server.RaftServerConfigKeys (ConfUtils.java:logGet(43)) - raft.server.log.purge.gap = 1000000 (custom)
2019-09-12 10:32:28,724 [pool-38-thread-1] INFO  server.RaftServerConfigKeys (ConfUtils.java:logGet(43)) - raft.server.log.appender.buffer.byte-limit = 33554432 (custom)
2019-09-12 10:32:28,725 [pool-38-thread-1] INFO  server.RaftServerConfigKeys (ConfUtils.java:logGet(43)) - raft.server.log.segment.size.max = 1048576 (custom)
2019-09-12 10:32:28,725 [pool-38-thread-1] INFO  server.RaftServerConfigKeys (ConfUtils.java:logGet(43)) - raft.server.log.segment.cache.num.max = 2 (custom)
2019-09-12 10:32:28,725 [pool-38-thread-1] INFO  segmented.SegmentedRaftLogWorker (SegmentedRaftLogWorker.java:<init>(172)) - new e5aec583-ea61-4f1a-b46a-16f569718c14-SegmentedRaftLogWorker:Storage Directory /workdir/hadoop-ozone/integration-test/target/test-dir/MiniOzoneClusterImpl-03df5328-cb4f-49b2-a840-73a4610bd6b2/datanode-1/data/ratis/a47580ce-4732-425e-bc2b-331e309c3060 for RaftStorage:Storage Directory /workdir/hadoop-ozone/integration-test/target/test-dir/MiniOzoneClusterImpl-03df5328-cb4f-49b2-a840-73a4610bd6b2/datanode-1/data/ratis/a47580ce-4732-425e-bc2b-331e309c3060
2019-09-12 10:32:28,725 [pool-38-thread-1] INFO  server.RaftServerConfigKeys (ConfUtils.java:logGet(43)) - raft.server.log.queue.byte-limit = 2147483647 (custom)
2019-09-12 10:32:28,725 [pool-38-thread-1] INFO  server.RaftServerConfigKeys (ConfUtils.java:logGet(43)) - raft.server.log.queue.element-limit = 1024 (custom)
2019-09-12 10:32:28,725 [pool-38-thread-1] INFO  server.RaftServerConfigKeys (ConfUtils.java:logGet(43)) - raft.server.log.segment.size.max = 1048576 (custom)
2019-09-12 10:32:28,726 [pool-38-thread-1] INFO  server.RaftServerConfigKeys (ConfUtils.java:logGet(43)) - raft.server.log.preallocated.size = 16384 (custom)
2019-09-12 10:32:28,726 [pool-38-thread-1] INFO  server.RaftServerConfigKeys (ConfUtils.java:logGet(43)) - raft.server.log.write.buffer.size = 33554432 (custom)
2019-09-12 10:32:28,726 [pool-38-thread-1] INFO  server.RaftServerConfigKeys (ConfUtils.java:logGet(43)) - raft.server.log.force.sync.num = 128 (default)
2019-09-12 10:32:28,726 [pool-38-thread-1] INFO  server.RaftServerConfigKeys (ConfUtils.java:logGet(43)) - raft.server.log.statemachine.data.sync = true (default)
2019-09-12 10:32:28,726 [pool-38-thread-1] INFO  server.RaftServerConfigKeys (ConfUtils.java:logGet(43)) - raft.server.log.statemachine.data.sync.timeout = 10s (default)
2019-09-12 10:32:28,726 [pool-38-thread-1] INFO  server.RaftServerConfigKeys (ConfUtils.java:logGet(43)) - raft.server.log.statemachine.data.sync.timeout.retry = -1 (default)
2019-09-12 10:32:28,727 [pool-38-thread-1] INFO  server.RaftServerConfigKeys (ConfUtils.java:logGet(43)) - raft.server.log.statemachine.data.caching.enabled = true (custom)
2019-09-12 10:32:28,727 [pool-38-thread-1] INFO  segmented.SegmentedRaftLogWorker (SegmentedRaftLogWorker.java:lambda$new$0(132)) - e5aec583-ea61-4f1a-b46a-16f569718c14-SegmentedRaftLogWorker:Storage Directory /workdir/hadoop-ozone/integration-test/target/test-dir/MiniOzoneClusterImpl-03df5328-cb4f-49b2-a840-73a4610bd6b2/datanode-1/data/ratis/a47580ce-4732-425e-bc2b-331e309c3060: flushIndex: setUnconditionally 0 -> -1
2019-09-12 10:32:28,727 [pool-38-thread-1] INFO  server.RaftServerConfigKeys (ConfUtils.java:logGet(43)) - raft.server.snapshot.auto.trigger.enabled = true (custom)
2019-09-12 10:32:28,728 [pool-38-thread-1] INFO  server.RaftServerConfigKeys (ConfUtils.java:logGet(43)) - raft.server.snapshot.auto.trigger.threshold = 10000 (custom)
2019-09-12 10:32:28,728 [pool-38-thread-1] INFO  server.RaftServerConfigKeys (ConfUtils.java:logGet(43)) - raft.server.retrycache.expirytime = 600000ms (custom)
2019-09-12 10:32:28,728 [pool-38-thread-1] INFO  impl.RaftServerImpl (RaftServerImpl.java:start(180)) - e5aec583-ea61-4f1a-b46a-16f569718c14: start group-331E309C3060
2019-09-12 10:32:28,728 [pool-38-thread-1] INFO  impl.RaftServerImpl (RaftServerImpl.java:setRole(171)) - e5aec583-ea61-4f1a-b46a-16f569718c14:group-331E309C3060 changes role from null to FOLLOWER at term 0 for startAsFollower
2019-09-12 10:32:28,728 [pool-38-thread-1] INFO  impl.RoleInfo (RoleInfo.java:updateAndGet(143)) - e5aec583-ea61-4f1a-b46a-16f569718c14: start FollowerState
2019-09-12 10:32:28,729 [pool-38-thread-1] INFO  util.JmxRegister (JmxRegister.java:tryRegister(44)) - Successfully registered JMX Bean with object name Ratis:service=RaftServer,group=group-331E309C3060,id=e5aec583-ea61-4f1a-b46a-16f569718c14
2019-09-12 10:32:28,737 [RatisPipelineUtilsThread] INFO  pipeline.PipelineStateManager (PipelineStateManager.java:addPipeline(56)) - Created pipeline Pipeline[ Id: a47580ce-4732-425e-bc2b-331e309c3060, Nodes: e5aec583-ea61-4f1a-b46a-16f569718c14{ip: 192.168.157.195, host: pr-hdds-1569-xtfnx-3545843844, networkLocation: /default-rack, certSerialId: null}, Type:RATIS, Factor:ONE, State:OPEN]
2019-09-12 10:32:28,739 [RatisPipelineUtilsThread] ERROR pipeline.PipelinePlacementPolicy (PipelinePlacementPolicy.java:meetCriteria(91)) - Pipeline Placement: Doesn't meet the criteria to be viable node. Heaviness: 6
2019-09-12 10:32:28,750 [grpc-default-executor-0] INFO  impl.RaftServerProxy (RaftServerProxy.java:addNew(89)) - 80325dc5-bfcd-4416-8aa5-165bd32e2b28: addNew group-2D33BC37C155:[80325dc5-bfcd-4416-8aa5-165bd32e2b28:192.168.157.195:38292] returns group-2D33BC37C155:java.util.concurrent.CompletableFuture@24acf021[Not completed]
2019-09-12 10:32:28,752 [pool-49-thread-1] INFO  impl.RaftServerImpl (RaftServerImpl.java:<init>(93)) - 80325dc5-bfcd-4416-8aa5-165bd32e2b28: new RaftServerImpl for group-2D33BC37C155:[80325dc5-bfcd-4416-8aa5-165bd32e2b28:192.168.157.195:38292] with ContainerStateMachine:uninitialized
2019-09-12 10:32:28,752 [pool-49-thread-1] INFO  server.RaftServerConfigKeys (ConfUtils.java:logGet(43)) - raft.server.rpc.timeout.min = 5s (custom)
2019-09-12 10:32:28,753 [pool-49-thread-1] INFO  server.RaftServerConfigKeys (ConfUtils.java:logGet(43)) - raft.server.rpc.timeout.max = 5200ms (custom)
2019-09-12 10:32:28,753 [pool-49-thread-1] INFO  server.RaftServerConfigKeys (ConfUtils.java:logGet(43)) - raft.server.rpcslowness.timeout = 120s (custom)
2019-09-12 10:32:28,753 [pool-49-thread-1] INFO  server.RaftServerConfigKeys (ConfUtils.java:logGet(43)) - raft.server.sleep.deviation.threshold = 300 (default)
2019-09-12 10:32:28,753 [pool-49-thread-1] INFO  server.RaftServerConfigKeys (ConfUtils.java:logGet(43)) - raft.server.log.appender.install.snapshot.enabled = false (custom)
2019-09-12 10:32:28,753 [pool-49-thread-1] INFO  impl.RaftServerImpl (ServerState.java:<init>(105)) - 80325dc5-bfcd-4416-8aa5-165bd32e2b28:group-2D33BC37C155 ConfigurationManager, init=-1: [80325dc5-bfcd-4416-8aa5-165bd32e2b28:192.168.157.195:38292], old=null, confs=<EMPTY_MAP>
2019-09-12 10:32:28,753 [pool-49-thread-1] INFO  server.RaftServerConfigKeys (ConfUtils.java:logGet(43)) - raft.server.storage.dir = [/workdir/hadoop-ozone/integration-test/target/test-dir/MiniOzoneClusterImpl-03df5328-cb4f-49b2-a840-73a4610bd6b2/datanode-2/data/ratis] (custom)
2019-09-12 10:32:28,754 [pool-49-thread-1] INFO  storage.RaftStorageDirectory (RaftStorageDirectory.java:analyzeStorage(246)) - The storage directory /workdir/hadoop-ozone/integration-test/target/test-dir/MiniOzoneClusterImpl-03df5328-cb4f-49b2-a840-73a4610bd6b2/datanode-2/data/ratis/4b1297f9-c478-41d0-9caa-2d33bc37c155 does not exist. Creating ...
2019-09-12 10:32:28,767 [pool-49-thread-1] INFO  storage.RaftStorageDirectory (RaftStorageDirectory.java:tryLock(328)) - Lock on /workdir/hadoop-ozone/integration-test/target/test-dir/MiniOzoneClusterImpl-03df5328-cb4f-49b2-a840-73a4610bd6b2/datanode-2/data/ratis/4b1297f9-c478-41d0-9caa-2d33bc37c155/in_use.lock acquired by nodename 31912@pr-hdds-1569-xtfnx-3545843844
2019-09-12 10:32:28,780 [pool-49-thread-1] INFO  storage.RaftStorage (RaftStorage.java:format(72)) - Storage directory /workdir/hadoop-ozone/integration-test/target/test-dir/MiniOzoneClusterImpl-03df5328-cb4f-49b2-a840-73a4610bd6b2/datanode-2/data/ratis/4b1297f9-c478-41d0-9caa-2d33bc37c155 has been successfully formatted.
2019-09-12 10:32:28,780 [pool-49-thread-1] INFO  ratis.ContainerStateMachine (ContainerStateMachine.java:loadSnapshot(226)) - group-2D33BC37C155: The snapshot info is null. Setting the last applied indexto:(t:0, i:~)
2019-09-12 10:32:28,780 [pool-49-thread-1] INFO  server.RaftServerConfigKeys (ConfUtils.java:logGet(43)) - raft.server.leader.election.timeout = 120s (custom)
2019-09-12 10:32:28,780 [pool-49-thread-1] INFO  server.RaftServerConfigKeys (ConfUtils.java:logGet(43)) - raft.server.log.use.memory = false (default)
2019-09-12 10:32:28,781 [pool-49-thread-1] INFO  server.RaftServerConfigKeys (ConfUtils.java:logGet(43)) - raft.server.log.purge.gap = 1000000 (custom)
2019-09-12 10:32:28,781 [pool-49-thread-1] INFO  server.RaftServerConfigKeys (ConfUtils.java:logGet(43)) - raft.server.log.appender.buffer.byte-limit = 33554432 (custom)
2019-09-12 10:32:28,781 [pool-49-thread-1] INFO  server.RaftServerConfigKeys (ConfUtils.java:logGet(43)) - raft.server.log.segment.size.max = 1048576 (custom)
2019-09-12 10:32:28,781 [pool-49-thread-1] INFO  server.RaftServerConfigKeys (ConfUtils.java:logGet(43)) - raft.server.log.segment.cache.num.max = 2 (custom)
2019-09-12 10:32:28,782 [pool-49-thread-1] INFO  segmented.SegmentedRaftLogWorker (SegmentedRaftLogWorker.java:<init>(172)) - new 80325dc5-bfcd-4416-8aa5-165bd32e2b28-SegmentedRaftLogWorker:Storage Directory /workdir/hadoop-ozone/integration-test/target/test-dir/MiniOzoneClusterImpl-03df5328-cb4f-49b2-a840-73a4610bd6b2/datanode-2/data/ratis/4b1297f9-c478-41d0-9caa-2d33bc37c155 for RaftStorage:Storage Directory /workdir/hadoop-ozone/integration-test/target/test-dir/MiniOzoneClusterImpl-03df5328-cb4f-49b2-a840-73a4610bd6b2/datanode-2/data/ratis/4b1297f9-c478-41d0-9caa-2d33bc37c155
2019-09-12 10:32:28,782 [pool-49-thread-1] INFO  server.RaftServerConfigKeys (ConfUtils.java:logGet(43)) - raft.server.log.queue.byte-limit = 2147483647 (custom)
2019-09-12 10:32:28,782 [pool-49-thread-1] INFO  server.RaftServerConfigKeys (ConfUtils.java:logGet(43)) - raft.server.log.queue.element-limit = 1024 (custom)
2019-09-12 10:32:28,782 [pool-49-thread-1] INFO  server.RaftServerConfigKeys (ConfUtils.java:logGet(43)) - raft.server.log.segment.size.max = 1048576 (custom)
2019-09-12 10:32:28,783 [pool-49-thread-1] INFO  server.RaftServerConfigKeys (ConfUtils.java:logGet(43)) - raft.server.log.preallocated.size = 16384 (custom)
2019-09-12 10:32:28,783 [pool-49-thread-1] INFO  server.RaftServerConfigKeys (ConfUtils.java:logGet(43)) - raft.server.log.write.buffer.size = 33554432 (custom)
2019-09-12 10:32:28,783 [pool-49-thread-1] INFO  server.RaftServerConfigKeys (ConfUtils.java:logGet(43)) - raft.server.log.force.sync.num = 128 (default)
2019-09-12 10:32:28,783 [pool-49-thread-1] INFO  server.RaftServerConfigKeys (ConfUtils.java:logGet(43)) - raft.server.log.statemachine.data.sync = true (default)
2019-09-12 10:32:28,783 [pool-49-thread-1] INFO  server.RaftServerConfigKeys (ConfUtils.java:logGet(43)) - raft.server.log.statemachine.data.sync.timeout = 10s (default)
2019-09-12 10:32:28,784 [pool-49-thread-1] INFO  server.RaftServerConfigKeys (ConfUtils.java:logGet(43)) - raft.server.log.statemachine.data.sync.timeout.retry = -1 (default)
2019-09-12 10:32:28,784 [pool-49-thread-1] INFO  server.RaftServerConfigKeys (ConfUtils.java:logGet(43)) - raft.server.log.statemachine.data.caching.enabled = true (custom)
2019-09-12 10:32:28,784 [pool-49-thread-1] INFO  segmented.SegmentedRaftLogWorker (SegmentedRaftLogWorker.java:lambda$new$0(132)) - 80325dc5-bfcd-4416-8aa5-165bd32e2b28-SegmentedRaftLogWorker:Storage Directory /workdir/hadoop-ozone/integration-test/target/test-dir/MiniOzoneClusterImpl-03df5328-cb4f-49b2-a840-73a4610bd6b2/datanode-2/data/ratis/4b1297f9-c478-41d0-9caa-2d33bc37c155: flushIndex: setUnconditionally 0 -> -1
2019-09-12 10:32:28,785 [pool-49-thread-1] INFO  server.RaftServerConfigKeys (ConfUtils.java:logGet(43)) - raft.server.snapshot.auto.trigger.enabled = true (custom)
2019-09-12 10:32:28,785 [pool-49-thread-1] INFO  server.RaftServerConfigKeys (ConfUtils.java:logGet(43)) - raft.server.snapshot.auto.trigger.threshold = 10000 (custom)
2019-09-12 10:32:28,785 [pool-49-thread-1] INFO  server.RaftServerConfigKeys (ConfUtils.java:logGet(43)) - raft.server.retrycache.expirytime = 600000ms (custom)
2019-09-12 10:32:28,786 [pool-49-thread-1] INFO  impl.RaftServerImpl (RaftServerImpl.java:start(180)) - 80325dc5-bfcd-4416-8aa5-165bd32e2b28: start group-2D33BC37C155
2019-09-12 10:32:28,786 [pool-49-thread-1] INFO  impl.RaftServerImpl (RaftServerImpl.java:setRole(171)) - 80325dc5-bfcd-4416-8aa5-165bd32e2b28:group-2D33BC37C155 changes role from null to FOLLOWER at term 0 for startAsFollower
2019-09-12 10:32:28,786 [pool-49-thread-1] INFO  impl.RoleInfo (RoleInfo.java:updateAndGet(143)) - 80325dc5-bfcd-4416-8aa5-165bd32e2b28: start FollowerState
2019-09-12 10:32:28,787 [pool-49-thread-1] INFO  util.JmxRegister (JmxRegister.java:tryRegister(44)) - Successfully registered JMX Bean with object name Ratis:service=RaftServer,group=group-2D33BC37C155,id=80325dc5-bfcd-4416-8aa5-165bd32e2b28
2019-09-12 10:32:28,796 [RatisPipelineUtilsThread] INFO  pipeline.PipelineStateManager (PipelineStateManager.java:addPipeline(56)) - Created pipeline Pipeline[ Id: 4b1297f9-c478-41d0-9caa-2d33bc37c155, Nodes: 80325dc5-bfcd-4416-8aa5-165bd32e2b28{ip: 192.168.157.195, host: pr-hdds-1569-xtfnx-3545843844, networkLocation: /default-rack, certSerialId: null}, Type:RATIS, Factor:ONE, State:OPEN]
2019-09-12 10:32:28,797 [RatisPipelineUtilsThread] ERROR pipeline.PipelinePlacementPolicy (PipelinePlacementPolicy.java:meetCriteria(91)) - Pipeline Placement: Doesn't meet the criteria to be viable node. Heaviness: 6
2019-09-12 10:32:28,809 [grpc-default-executor-0] INFO  impl.RaftServerProxy (RaftServerProxy.java:addNew(89)) - 80325dc5-bfcd-4416-8aa5-165bd32e2b28: addNew group-11B523B5AF1B:[80325dc5-bfcd-4416-8aa5-165bd32e2b28:192.168.157.195:38292] returns group-11B523B5AF1B:java.util.concurrent.CompletableFuture@3ca80fcc[Not completed]
2019-09-12 10:32:28,811 [pool-49-thread-1] INFO  impl.RaftServerImpl (RaftServerImpl.java:<init>(93)) - 80325dc5-bfcd-4416-8aa5-165bd32e2b28: new RaftServerImpl for group-11B523B5AF1B:[80325dc5-bfcd-4416-8aa5-165bd32e2b28:192.168.157.195:38292] with ContainerStateMachine:uninitialized
2019-09-12 10:32:28,811 [pool-49-thread-1] INFO  server.RaftServerConfigKeys (ConfUtils.java:logGet(43)) - raft.server.rpc.timeout.min = 5s (custom)
2019-09-12 10:32:28,812 [pool-49-thread-1] INFO  server.RaftServerConfigKeys (ConfUtils.java:logGet(43)) - raft.server.rpc.timeout.max = 5200ms (custom)
2019-09-12 10:32:28,812 [pool-49-thread-1] INFO  server.RaftServerConfigKeys (ConfUtils.java:logGet(43)) - raft.server.rpcslowness.timeout = 120s (custom)
2019-09-12 10:32:28,812 [pool-49-thread-1] INFO  server.RaftServerConfigKeys (ConfUtils.java:logGet(43)) - raft.server.sleep.deviation.threshold = 300 (default)
2019-09-12 10:32:28,812 [pool-49-thread-1] INFO  server.RaftServerConfigKeys (ConfUtils.java:logGet(43)) - raft.server.log.appender.install.snapshot.enabled = false (custom)
2019-09-12 10:32:28,812 [pool-49-thread-1] INFO  impl.RaftServerImpl (ServerState.java:<init>(105)) - 80325dc5-bfcd-4416-8aa5-165bd32e2b28:group-11B523B5AF1B ConfigurationManager, init=-1: [80325dc5-bfcd-4416-8aa5-165bd32e2b28:192.168.157.195:38292], old=null, confs=<EMPTY_MAP>
2019-09-12 10:32:28,813 [pool-49-thread-1] INFO  server.RaftServerConfigKeys (ConfUtils.java:logGet(43)) - raft.server.storage.dir = [/workdir/hadoop-ozone/integration-test/target/test-dir/MiniOzoneClusterImpl-03df5328-cb4f-49b2-a840-73a4610bd6b2/datanode-2/data/ratis] (custom)
2019-09-12 10:32:28,813 [pool-49-thread-1] INFO  storage.RaftStorageDirectory (RaftStorageDirectory.java:analyzeStorage(246)) - The storage directory /workdir/hadoop-ozone/integration-test/target/test-dir/MiniOzoneClusterImpl-03df5328-cb4f-49b2-a840-73a4610bd6b2/datanode-2/data/ratis/3cdd7d38-9ea8-4137-9cb6-11b523b5af1b does not exist. Creating ...
2019-09-12 10:32:28,826 [pool-49-thread-1] INFO  storage.RaftStorageDirectory (RaftStorageDirectory.java:tryLock(328)) - Lock on /workdir/hadoop-ozone/integration-test/target/test-dir/MiniOzoneClusterImpl-03df5328-cb4f-49b2-a840-73a4610bd6b2/datanode-2/data/ratis/3cdd7d38-9ea8-4137-9cb6-11b523b5af1b/in_use.lock acquired by nodename 31912@pr-hdds-1569-xtfnx-3545843844
2019-09-12 10:32:28,845 [pool-49-thread-1] INFO  storage.RaftStorage (RaftStorage.java:format(72)) - Storage directory /workdir/hadoop-ozone/integration-test/target/test-dir/MiniOzoneClusterImpl-03df5328-cb4f-49b2-a840-73a4610bd6b2/datanode-2/data/ratis/3cdd7d38-9ea8-4137-9cb6-11b523b5af1b has been successfully formatted.
2019-09-12 10:32:28,846 [pool-49-thread-1] INFO  ratis.ContainerStateMachine (ContainerStateMachine.java:loadSnapshot(226)) - group-11B523B5AF1B: The snapshot info is null. Setting the last applied indexto:(t:0, i:~)
2019-09-12 10:32:28,846 [pool-49-thread-1] INFO  server.RaftServerConfigKeys (ConfUtils.java:logGet(43)) - raft.server.leader.election.timeout = 120s (custom)
2019-09-12 10:32:28,846 [pool-49-thread-1] INFO  server.RaftServerConfigKeys (ConfUtils.java:logGet(43)) - raft.server.log.use.memory = false (default)
2019-09-12 10:32:28,846 [pool-49-thread-1] INFO  server.RaftServerConfigKeys (ConfUtils.java:logGet(43)) - raft.server.log.purge.gap = 1000000 (custom)
2019-09-12 10:32:28,846 [pool-49-thread-1] INFO  server.RaftServerConfigKeys (ConfUtils.java:logGet(43)) - raft.server.log.appender.buffer.byte-limit = 33554432 (custom)
2019-09-12 10:32:28,846 [pool-49-thread-1] INFO  server.RaftServerConfigKeys (ConfUtils.java:logGet(43)) - raft.server.log.segment.size.max = 1048576 (custom)
2019-09-12 10:32:28,847 [pool-49-thread-1] INFO  server.RaftServerConfigKeys (ConfUtils.java:logGet(43)) - raft.server.log.segment.cache.num.max = 2 (custom)
2019-09-12 10:32:28,847 [pool-49-thread-1] INFO  segmented.SegmentedRaftLogWorker (SegmentedRaftLogWorker.java:<init>(172)) - new 80325dc5-bfcd-4416-8aa5-165bd32e2b28-SegmentedRaftLogWorker:Storage Directory /workdir/hadoop-ozone/integration-test/target/test-dir/MiniOzoneClusterImpl-03df5328-cb4f-49b2-a840-73a4610bd6b2/datanode-2/data/ratis/3cdd7d38-9ea8-4137-9cb6-11b523b5af1b for RaftStorage:Storage Directory /workdir/hadoop-ozone/integration-test/target/test-dir/MiniOzoneClusterImpl-03df5328-cb4f-49b2-a840-73a4610bd6b2/datanode-2/data/ratis/3cdd7d38-9ea8-4137-9cb6-11b523b5af1b
2019-09-12 10:32:28,847 [pool-49-thread-1] INFO  server.RaftServerConfigKeys (ConfUtils.java:logGet(43)) - raft.server.log.queue.byte-limit = 2147483647 (custom)
2019-09-12 10:32:28,847 [pool-49-thread-1] INFO  server.RaftServerConfigKeys (ConfUtils.java:logGet(43)) - raft.server.log.queue.element-limit = 1024 (custom)
2019-09-12 10:32:28,847 [pool-49-thread-1] INFO  server.RaftServerConfigKeys (ConfUtils.java:logGet(43)) - raft.server.log.segment.size.max = 1048576 (custom)
2019-09-12 10:32:28,848 [pool-49-thread-1] INFO  server.RaftServerConfigKeys (ConfUtils.java:logGet(43)) - raft.server.log.preallocated.size = 16384 (custom)
2019-09-12 10:32:28,848 [pool-49-thread-1] INFO  server.RaftServerConfigKeys (ConfUtils.java:logGet(43)) - raft.server.log.write.buffer.size = 33554432 (custom)
2019-09-12 10:32:28,848 [pool-49-thread-1] INFO  server.RaftServerConfigKeys (ConfUtils.java:logGet(43)) - raft.server.log.force.sync.num = 128 (default)
2019-09-12 10:32:28,848 [pool-49-thread-1] INFO  server.RaftServerConfigKeys (ConfUtils.java:logGet(43)) - raft.server.log.statemachine.data.sync = true (default)
2019-09-12 10:32:28,848 [pool-49-thread-1] INFO  server.RaftServerConfigKeys (ConfUtils.java:logGet(43)) - raft.server.log.statemachine.data.sync.timeout = 10s (default)
2019-09-12 10:32:28,848 [pool-49-thread-1] INFO  server.RaftServerConfigKeys (ConfUtils.java:logGet(43)) - raft.server.log.statemachine.data.sync.timeout.retry = -1 (default)
2019-09-12 10:32:28,849 [pool-49-thread-1] INFO  server.RaftServerConfigKeys (ConfUtils.java:logGet(43)) - raft.server.log.statemachine.data.caching.enabled = true (custom)
2019-09-12 10:32:28,849 [pool-49-thread-1] INFO  segmented.SegmentedRaftLogWorker (SegmentedRaftLogWorker.java:lambda$new$0(132)) - 80325dc5-bfcd-4416-8aa5-165bd32e2b28-SegmentedRaftLogWorker:Storage Directory /workdir/hadoop-ozone/integration-test/target/test-dir/MiniOzoneClusterImpl-03df5328-cb4f-49b2-a840-73a4610bd6b2/datanode-2/data/ratis/3cdd7d38-9ea8-4137-9cb6-11b523b5af1b: flushIndex: setUnconditionally 0 -> -1
2019-09-12 10:32:28,849 [pool-49-thread-1] INFO  server.RaftServerConfigKeys (ConfUtils.java:logGet(43)) - raft.server.snapshot.auto.trigger.enabled = true (custom)
2019-09-12 10:32:28,850 [pool-49-thread-1] INFO  server.RaftServerConfigKeys (ConfUtils.java:logGet(43)) - raft.server.snapshot.auto.trigger.threshold = 10000 (custom)
2019-09-12 10:32:28,850 [pool-49-thread-1] INFO  server.RaftServerConfigKeys (ConfUtils.java:logGet(43)) - raft.server.retrycache.expirytime = 600000ms (custom)
2019-09-12 10:32:28,850 [pool-49-thread-1] INFO  impl.RaftServerImpl (RaftServerImpl.java:start(180)) - 80325dc5-bfcd-4416-8aa5-165bd32e2b28: start group-11B523B5AF1B
2019-09-12 10:32:28,850 [pool-49-thread-1] INFO  impl.RaftServerImpl (RaftServerImpl.java:setRole(171)) - 80325dc5-bfcd-4416-8aa5-165bd32e2b28:group-11B523B5AF1B changes role from null to FOLLOWER at term 0 for startAsFollower
2019-09-12 10:32:28,851 [pool-49-thread-1] INFO  impl.RoleInfo (RoleInfo.java:updateAndGet(143)) - 80325dc5-bfcd-4416-8aa5-165bd32e2b28: start FollowerState
2019-09-12 10:32:28,851 [pool-49-thread-1] INFO  util.JmxRegister (JmxRegister.java:tryRegister(44)) - Successfully registered JMX Bean with object name Ratis:service=RaftServer,group=group-11B523B5AF1B,id=80325dc5-bfcd-4416-8aa5-165bd32e2b28
2019-09-12 10:32:28,859 [RatisPipelineUtilsThread] INFO  pipeline.PipelineStateManager (PipelineStateManager.java:addPipeline(56)) - Created pipeline Pipeline[ Id: 3cdd7d38-9ea8-4137-9cb6-11b523b5af1b, Nodes: 80325dc5-bfcd-4416-8aa5-165bd32e2b28{ip: 192.168.157.195, host: pr-hdds-1569-xtfnx-3545843844, networkLocation: /default-rack, certSerialId: null}, Type:RATIS, Factor:ONE, State:OPEN]
2019-09-12 10:32:28,860 [RatisPipelineUtilsThread] ERROR pipeline.PipelinePlacementPolicy (PipelinePlacementPolicy.java:meetCriteria(91)) - Pipeline Placement: Doesn't meet the criteria to be viable node. Heaviness: 6
2019-09-12 10:32:28,871 [grpc-default-executor-0] INFO  impl.RaftServerProxy (RaftServerProxy.java:addNew(89)) - 80325dc5-bfcd-4416-8aa5-165bd32e2b28: addNew group-4793400B4336:[80325dc5-bfcd-4416-8aa5-165bd32e2b28:192.168.157.195:38292] returns group-4793400B4336:java.util.concurrent.CompletableFuture@7646f412[Not completed]
2019-09-12 10:32:28,873 [pool-49-thread-1] INFO  impl.RaftServerImpl (RaftServerImpl.java:<init>(93)) - 80325dc5-bfcd-4416-8aa5-165bd32e2b28: new RaftServerImpl for group-4793400B4336:[80325dc5-bfcd-4416-8aa5-165bd32e2b28:192.168.157.195:38292] with ContainerStateMachine:uninitialized
2019-09-12 10:32:28,873 [pool-49-thread-1] INFO  server.RaftServerConfigKeys (ConfUtils.java:logGet(43)) - raft.server.rpc.timeout.min = 5s (custom)
2019-09-12 10:32:28,873 [pool-49-thread-1] INFO  server.RaftServerConfigKeys (ConfUtils.java:logGet(43)) - raft.server.rpc.timeout.max = 5200ms (custom)
2019-09-12 10:32:28,873 [pool-49-thread-1] INFO  server.RaftServerConfigKeys (ConfUtils.java:logGet(43)) - raft.server.rpcslowness.timeout = 120s (custom)
2019-09-12 10:32:28,873 [pool-49-thread-1] INFO  server.RaftServerConfigKeys (ConfUtils.java:logGet(43)) - raft.server.sleep.deviation.threshold = 300 (default)
2019-09-12 10:32:28,873 [pool-49-thread-1] INFO  server.RaftServerConfigKeys (ConfUtils.java:logGet(43)) - raft.server.log.appender.install.snapshot.enabled = false (custom)
2019-09-12 10:32:28,873 [pool-49-thread-1] INFO  impl.RaftServerImpl (ServerState.java:<init>(105)) - 80325dc5-bfcd-4416-8aa5-165bd32e2b28:group-4793400B4336 ConfigurationManager, init=-1: [80325dc5-bfcd-4416-8aa5-165bd32e2b28:192.168.157.195:38292], old=null, confs=<EMPTY_MAP>
2019-09-12 10:32:28,874 [pool-49-thread-1] INFO  server.RaftServerConfigKeys (ConfUtils.java:logGet(43)) - raft.server.storage.dir = [/workdir/hadoop-ozone/integration-test/target/test-dir/MiniOzoneClusterImpl-03df5328-cb4f-49b2-a840-73a4610bd6b2/datanode-2/data/ratis] (custom)
2019-09-12 10:32:28,874 [pool-49-thread-1] INFO  storage.RaftStorageDirectory (RaftStorageDirectory.java:analyzeStorage(246)) - The storage directory /workdir/hadoop-ozone/integration-test/target/test-dir/MiniOzoneClusterImpl-03df5328-cb4f-49b2-a840-73a4610bd6b2/datanode-2/data/ratis/7e8e6cf1-254f-49cf-8c8a-4793400b4336 does not exist. Creating ...
2019-09-12 10:32:28,887 [pool-49-thread-1] INFO  storage.RaftStorageDirectory (RaftStorageDirectory.java:tryLock(328)) - Lock on /workdir/hadoop-ozone/integration-test/target/test-dir/MiniOzoneClusterImpl-03df5328-cb4f-49b2-a840-73a4610bd6b2/datanode-2/data/ratis/7e8e6cf1-254f-49cf-8c8a-4793400b4336/in_use.lock acquired by nodename 31912@pr-hdds-1569-xtfnx-3545843844
2019-09-12 10:32:28,899 [pool-49-thread-1] INFO  storage.RaftStorage (RaftStorage.java:format(72)) - Storage directory /workdir/hadoop-ozone/integration-test/target/test-dir/MiniOzoneClusterImpl-03df5328-cb4f-49b2-a840-73a4610bd6b2/datanode-2/data/ratis/7e8e6cf1-254f-49cf-8c8a-4793400b4336 has been successfully formatted.
2019-09-12 10:32:28,900 [pool-49-thread-1] INFO  ratis.ContainerStateMachine (ContainerStateMachine.java:loadSnapshot(226)) - group-4793400B4336: The snapshot info is null. Setting the last applied indexto:(t:0, i:~)
2019-09-12 10:32:28,900 [pool-49-thread-1] INFO  server.RaftServerConfigKeys (ConfUtils.java:logGet(43)) - raft.server.leader.election.timeout = 120s (custom)
2019-09-12 10:32:28,900 [pool-49-thread-1] INFO  server.RaftServerConfigKeys (ConfUtils.java:logGet(43)) - raft.server.log.use.memory = false (default)
2019-09-12 10:32:28,900 [pool-49-thread-1] INFO  server.RaftServerConfigKeys (ConfUtils.java:logGet(43)) - raft.server.log.purge.gap = 1000000 (custom)
2019-09-12 10:32:28,900 [pool-49-thread-1] INFO  server.RaftServerConfigKeys (ConfUtils.java:logGet(43)) - raft.server.log.appender.buffer.byte-limit = 33554432 (custom)
2019-09-12 10:32:28,900 [pool-49-thread-1] INFO  server.RaftServerConfigKeys (ConfUtils.java:logGet(43)) - raft.server.log.segment.size.max = 1048576 (custom)
2019-09-12 10:32:28,901 [pool-49-thread-1] INFO  server.RaftServerConfigKeys (ConfUtils.java:logGet(43)) - raft.server.log.segment.cache.num.max = 2 (custom)
2019-09-12 10:32:28,901 [pool-49-thread-1] INFO  segmented.SegmentedRaftLogWorker (SegmentedRaftLogWorker.java:<init>(172)) - new 80325dc5-bfcd-4416-8aa5-165bd32e2b28-SegmentedRaftLogWorker:Storage Directory /workdir/hadoop-ozone/integration-test/target/test-dir/MiniOzoneClusterImpl-03df5328-cb4f-49b2-a840-73a4610bd6b2/datanode-2/data/ratis/7e8e6cf1-254f-49cf-8c8a-4793400b4336 for RaftStorage:Storage Directory /workdir/hadoop-ozone/integration-test/target/test-dir/MiniOzoneClusterImpl-03df5328-cb4f-49b2-a840-73a4610bd6b2/datanode-2/data/ratis/7e8e6cf1-254f-49cf-8c8a-4793400b4336
2019-09-12 10:32:28,901 [pool-49-thread-1] INFO  server.RaftServerConfigKeys (ConfUtils.java:logGet(43)) - raft.server.log.queue.byte-limit = 2147483647 (custom)
2019-09-12 10:32:28,901 [pool-49-thread-1] INFO  server.RaftServerConfigKeys (ConfUtils.java:logGet(43)) - raft.server.log.queue.element-limit = 1024 (custom)
2019-09-12 10:32:28,901 [pool-49-thread-1] INFO  server.RaftServerConfigKeys (ConfUtils.java:logGet(43)) - raft.server.log.segment.size.max = 1048576 (custom)
2019-09-12 10:32:28,901 [pool-49-thread-1] INFO  server.RaftServerConfigKeys (ConfUtils.java:logGet(43)) - raft.server.log.preallocated.size = 16384 (custom)
2019-09-12 10:32:28,903 [pool-49-thread-1] INFO  server.RaftServerConfigKeys (ConfUtils.java:logGet(43)) - raft.server.log.write.buffer.size = 33554432 (custom)
2019-09-12 10:32:28,903 [pool-49-thread-1] INFO  server.RaftServerConfigKeys (ConfUtils.java:logGet(43)) - raft.server.log.force.sync.num = 128 (default)
2019-09-12 10:32:28,903 [pool-49-thread-1] INFO  server.RaftServerConfigKeys (ConfUtils.java:logGet(43)) - raft.server.log.statemachine.data.sync = true (default)
2019-09-12 10:32:28,903 [pool-49-thread-1] INFO  server.RaftServerConfigKeys (ConfUtils.java:logGet(43)) - raft.server.log.statemachine.data.sync.timeout = 10s (default)
2019-09-12 10:32:28,903 [pool-49-thread-1] INFO  server.RaftServerConfigKeys (ConfUtils.java:logGet(43)) - raft.server.log.statemachine.data.sync.timeout.retry = -1 (default)
2019-09-12 10:32:28,904 [pool-49-thread-1] INFO  server.RaftServerConfigKeys (ConfUtils.java:logGet(43)) - raft.server.log.statemachine.data.caching.enabled = true (custom)
2019-09-12 10:32:28,904 | INFO  | SCMAudit | user=jenkins1000 | ip=192.168.157.195 | op=SEND_HEARTBEAT {datanodeUUID=e5aec583-ea61-4f1a-b46a-16f569718c14, command=[]} | ret=SUCCESS |  
2019-09-12 10:32:28,904 [pool-49-thread-1] INFO  segmented.SegmentedRaftLogWorker (SegmentedRaftLogWorker.java:lambda$new$0(132)) - 80325dc5-bfcd-4416-8aa5-165bd32e2b28-SegmentedRaftLogWorker:Storage Directory /workdir/hadoop-ozone/integration-test/target/test-dir/MiniOzoneClusterImpl-03df5328-cb4f-49b2-a840-73a4610bd6b2/datanode-2/data/ratis/7e8e6cf1-254f-49cf-8c8a-4793400b4336: flushIndex: setUnconditionally 0 -> -1
2019-09-12 10:32:28,904 [pool-49-thread-1] INFO  server.RaftServerConfigKeys (ConfUtils.java:logGet(43)) - raft.server.snapshot.auto.trigger.enabled = true (custom)
2019-09-12 10:32:28,904 [pool-49-thread-1] INFO  server.RaftServerConfigKeys (ConfUtils.java:logGet(43)) - raft.server.snapshot.auto.trigger.threshold = 10000 (custom)
2019-09-12 10:32:28,905 [pool-49-thread-1] INFO  server.RaftServerConfigKeys (ConfUtils.java:logGet(43)) - raft.server.retrycache.expirytime = 600000ms (custom)
2019-09-12 10:32:28,905 [pool-49-thread-1] INFO  impl.RaftServerImpl (RaftServerImpl.java:start(180)) - 80325dc5-bfcd-4416-8aa5-165bd32e2b28: start group-4793400B4336
2019-09-12 10:32:28,905 [pool-49-thread-1] INFO  impl.RaftServerImpl (RaftServerImpl.java:setRole(171)) - 80325dc5-bfcd-4416-8aa5-165bd32e2b28:group-4793400B4336 changes role from null to FOLLOWER at term 0 for startAsFollower
2019-09-12 10:32:28,905 [pool-49-thread-1] INFO  impl.RoleInfo (RoleInfo.java:updateAndGet(143)) - 80325dc5-bfcd-4416-8aa5-165bd32e2b28: start FollowerState
2019-09-12 10:32:28,906 [pool-49-thread-1] INFO  util.JmxRegister (JmxRegister.java:tryRegister(44)) - Successfully registered JMX Bean with object name Ratis:service=RaftServer,group=group-4793400B4336,id=80325dc5-bfcd-4416-8aa5-165bd32e2b28
2019-09-12 10:32:28,915 [RatisPipelineUtilsThread] INFO  pipeline.PipelineStateManager (PipelineStateManager.java:addPipeline(56)) - Created pipeline Pipeline[ Id: 7e8e6cf1-254f-49cf-8c8a-4793400b4336, Nodes: 80325dc5-bfcd-4416-8aa5-165bd32e2b28{ip: 192.168.157.195, host: pr-hdds-1569-xtfnx-3545843844, networkLocation: /default-rack, certSerialId: null}, Type:RATIS, Factor:ONE, State:OPEN]
2019-09-12 10:32:28,916 [RatisPipelineUtilsThread] ERROR pipeline.PipelinePlacementPolicy (PipelinePlacementPolicy.java:meetCriteria(91)) - Pipeline Placement: Doesn't meet the criteria to be viable node. Heaviness: 6
2019-09-12 10:32:28,928 [grpc-default-executor-0] INFO  impl.RaftServerProxy (RaftServerProxy.java:addNew(89)) - 8bf28770-b006-473a-8b5e-ef696e489f09: addNew group-1F96470BB178:[8bf28770-b006-473a-8b5e-ef696e489f09:192.168.157.195:42117] returns group-1F96470BB178:java.util.concurrent.CompletableFuture@7f7d0d83[Not completed]
2019-09-12 10:32:28,930 [pool-27-thread-1] INFO  impl.RaftServerImpl (RaftServerImpl.java:<init>(93)) - 8bf28770-b006-473a-8b5e-ef696e489f09: new RaftServerImpl for group-1F96470BB178:[8bf28770-b006-473a-8b5e-ef696e489f09:192.168.157.195:42117] with ContainerStateMachine:uninitialized
2019-09-12 10:32:28,930 [pool-27-thread-1] INFO  server.RaftServerConfigKeys (ConfUtils.java:logGet(43)) - raft.server.rpc.timeout.min = 5s (custom)
2019-09-12 10:32:28,930 [pool-27-thread-1] INFO  server.RaftServerConfigKeys (ConfUtils.java:logGet(43)) - raft.server.rpc.timeout.max = 5200ms (custom)
2019-09-12 10:32:28,930 [pool-27-thread-1] INFO  server.RaftServerConfigKeys (ConfUtils.java:logGet(43)) - raft.server.rpcslowness.timeout = 120s (custom)
2019-09-12 10:32:28,931 [pool-27-thread-1] INFO  server.RaftServerConfigKeys (ConfUtils.java:logGet(43)) - raft.server.sleep.deviation.threshold = 300 (default)
2019-09-12 10:32:28,931 [pool-27-thread-1] INFO  server.RaftServerConfigKeys (ConfUtils.java:logGet(43)) - raft.server.log.appender.install.snapshot.enabled = false (custom)
2019-09-12 10:32:28,931 [pool-27-thread-1] INFO  impl.RaftServerImpl (ServerState.java:<init>(105)) - 8bf28770-b006-473a-8b5e-ef696e489f09:group-1F96470BB178 ConfigurationManager, init=-1: [8bf28770-b006-473a-8b5e-ef696e489f09:192.168.157.195:42117], old=null, confs=<EMPTY_MAP>
2019-09-12 10:32:28,931 [pool-27-thread-1] INFO  server.RaftServerConfigKeys (ConfUtils.java:logGet(43)) - raft.server.storage.dir = [/workdir/hadoop-ozone/integration-test/target/test-dir/MiniOzoneClusterImpl-03df5328-cb4f-49b2-a840-73a4610bd6b2/datanode-0/data/ratis] (custom)
2019-09-12 10:32:28,932 [pool-27-thread-1] INFO  storage.RaftStorageDirectory (RaftStorageDirectory.java:analyzeStorage(246)) - The storage directory /workdir/hadoop-ozone/integration-test/target/test-dir/MiniOzoneClusterImpl-03df5328-cb4f-49b2-a840-73a4610bd6b2/datanode-0/data/ratis/3bcb303f-0353-412f-8ffe-1f96470bb178 does not exist. Creating ...
2019-09-12 10:32:28,945 [pool-27-thread-1] INFO  storage.RaftStorageDirectory (RaftStorageDirectory.java:tryLock(328)) - Lock on /workdir/hadoop-ozone/integration-test/target/test-dir/MiniOzoneClusterImpl-03df5328-cb4f-49b2-a840-73a4610bd6b2/datanode-0/data/ratis/3bcb303f-0353-412f-8ffe-1f96470bb178/in_use.lock acquired by nodename 31912@pr-hdds-1569-xtfnx-3545843844
2019-09-12 10:32:28,958 [pool-27-thread-1] INFO  storage.RaftStorage (RaftStorage.java:format(72)) - Storage directory /workdir/hadoop-ozone/integration-test/target/test-dir/MiniOzoneClusterImpl-03df5328-cb4f-49b2-a840-73a4610bd6b2/datanode-0/data/ratis/3bcb303f-0353-412f-8ffe-1f96470bb178 has been successfully formatted.
2019-09-12 10:32:28,958 [pool-27-thread-1] INFO  ratis.ContainerStateMachine (ContainerStateMachine.java:loadSnapshot(226)) - group-1F96470BB178: The snapshot info is null. Setting the last applied indexto:(t:0, i:~)
2019-09-12 10:32:28,959 [pool-27-thread-1] INFO  server.RaftServerConfigKeys (ConfUtils.java:logGet(43)) - raft.server.leader.election.timeout = 120s (custom)
2019-09-12 10:32:28,959 [pool-27-thread-1] INFO  server.RaftServerConfigKeys (ConfUtils.java:logGet(43)) - raft.server.log.use.memory = false (default)
2019-09-12 10:32:28,959 [pool-27-thread-1] INFO  server.RaftServerConfigKeys (ConfUtils.java:logGet(43)) - raft.server.log.purge.gap = 1000000 (custom)
2019-09-12 10:32:28,959 [pool-27-thread-1] INFO  server.RaftServerConfigKeys (ConfUtils.java:logGet(43)) - raft.server.log.appender.buffer.byte-limit = 33554432 (custom)
2019-09-12 10:32:28,959 [pool-27-thread-1] INFO  server.RaftServerConfigKeys (ConfUtils.java:logGet(43)) - raft.server.log.segment.size.max = 1048576 (custom)
2019-09-12 10:32:28,960 [pool-27-thread-1] INFO  server.RaftServerConfigKeys (ConfUtils.java:logGet(43)) - raft.server.log.segment.cache.num.max = 2 (custom)
2019-09-12 10:32:28,960 [pool-27-thread-1] INFO  segmented.SegmentedRaftLogWorker (SegmentedRaftLogWorker.java:<init>(172)) - new 8bf28770-b006-473a-8b5e-ef696e489f09-SegmentedRaftLogWorker:Storage Directory /workdir/hadoop-ozone/integration-test/target/test-dir/MiniOzoneClusterImpl-03df5328-cb4f-49b2-a840-73a4610bd6b2/datanode-0/data/ratis/3bcb303f-0353-412f-8ffe-1f96470bb178 for RaftStorage:Storage Directory /workdir/hadoop-ozone/integration-test/target/test-dir/MiniOzoneClusterImpl-03df5328-cb4f-49b2-a840-73a4610bd6b2/datanode-0/data/ratis/3bcb303f-0353-412f-8ffe-1f96470bb178
2019-09-12 10:32:28,960 [pool-27-thread-1] INFO  server.RaftServerConfigKeys (ConfUtils.java:logGet(43)) - raft.server.log.queue.byte-limit = 2147483647 (custom)
2019-09-12 10:32:28,960 [pool-27-thread-1] INFO  server.RaftServerConfigKeys (ConfUtils.java:logGet(43)) - raft.server.log.queue.element-limit = 1024 (custom)
2019-09-12 10:32:28,960 [pool-27-thread-1] INFO  server.RaftServerConfigKeys (ConfUtils.java:logGet(43)) - raft.server.log.segment.size.max = 1048576 (custom)
2019-09-12 10:32:28,961 [pool-27-thread-1] INFO  server.RaftServerConfigKeys (ConfUtils.java:logGet(43)) - raft.server.log.preallocated.size = 16384 (custom)
2019-09-12 10:32:28,961 [pool-27-thread-1] INFO  server.RaftServerConfigKeys (ConfUtils.java:logGet(43)) - raft.server.log.write.buffer.size = 33554432 (custom)
2019-09-12 10:32:28,961 [pool-27-thread-1] INFO  server.RaftServerConfigKeys (ConfUtils.java:logGet(43)) - raft.server.log.force.sync.num = 128 (default)
2019-09-12 10:32:28,961 [pool-27-thread-1] INFO  server.RaftServerConfigKeys (ConfUtils.java:logGet(43)) - raft.server.log.statemachine.data.sync = true (default)
2019-09-12 10:32:28,961 [pool-27-thread-1] INFO  server.RaftServerConfigKeys (ConfUtils.java:logGet(43)) - raft.server.log.statemachine.data.sync.timeout = 10s (default)
2019-09-12 10:32:28,962 [pool-27-thread-1] INFO  server.RaftServerConfigKeys (ConfUtils.java:logGet(43)) - raft.server.log.statemachine.data.sync.timeout.retry = -1 (default)
2019-09-12 10:32:28,962 [pool-27-thread-1] INFO  server.RaftServerConfigKeys (ConfUtils.java:logGet(43)) - raft.server.log.statemachine.data.caching.enabled = true (custom)
2019-09-12 10:32:28,962 [pool-27-thread-1] INFO  segmented.SegmentedRaftLogWorker (SegmentedRaftLogWorker.java:lambda$new$0(132)) - 8bf28770-b006-473a-8b5e-ef696e489f09-SegmentedRaftLogWorker:Storage Directory /workdir/hadoop-ozone/integration-test/target/test-dir/MiniOzoneClusterImpl-03df5328-cb4f-49b2-a840-73a4610bd6b2/datanode-0/data/ratis/3bcb303f-0353-412f-8ffe-1f96470bb178: flushIndex: setUnconditionally 0 -> -1
2019-09-12 10:32:28,963 [pool-27-thread-1] INFO  server.RaftServerConfigKeys (ConfUtils.java:logGet(43)) - raft.server.snapshot.auto.trigger.enabled = true (custom)
2019-09-12 10:32:28,963 [pool-27-thread-1] INFO  server.RaftServerConfigKeys (ConfUtils.java:logGet(43)) - raft.server.snapshot.auto.trigger.threshold = 10000 (custom)
2019-09-12 10:32:28,963 [pool-27-thread-1] INFO  server.RaftServerConfigKeys (ConfUtils.java:logGet(43)) - raft.server.retrycache.expirytime = 600000ms (custom)
2019-09-12 10:32:28,964 [pool-27-thread-1] INFO  impl.RaftServerImpl (RaftServerImpl.java:start(180)) - 8bf28770-b006-473a-8b5e-ef696e489f09: start group-1F96470BB178
2019-09-12 10:32:28,964 [pool-27-thread-1] INFO  impl.RaftServerImpl (RaftServerImpl.java:setRole(171)) - 8bf28770-b006-473a-8b5e-ef696e489f09:group-1F96470BB178 changes role from null to FOLLOWER at term 0 for startAsFollower
2019-09-12 10:32:28,964 [pool-27-thread-1] INFO  impl.RoleInfo (RoleInfo.java:updateAndGet(143)) - 8bf28770-b006-473a-8b5e-ef696e489f09: start FollowerState
2019-09-12 10:32:28,965 [pool-27-thread-1] INFO  util.JmxRegister (JmxRegister.java:tryRegister(44)) - Successfully registered JMX Bean with object name Ratis:service=RaftServer,group=group-1F96470BB178,id=8bf28770-b006-473a-8b5e-ef696e489f09
2019-09-12 10:32:28,970 [RatisPipelineUtilsThread] INFO  pipeline.PipelineStateManager (PipelineStateManager.java:addPipeline(56)) - Created pipeline Pipeline[ Id: 3bcb303f-0353-412f-8ffe-1f96470bb178, Nodes: 8bf28770-b006-473a-8b5e-ef696e489f09{ip: 192.168.157.195, host: pr-hdds-1569-xtfnx-3545843844, networkLocation: /default-rack, certSerialId: null}, Type:RATIS, Factor:ONE, State:OPEN]
2019-09-12 10:32:28,971 [RatisPipelineUtilsThread] ERROR pipeline.PipelinePlacementPolicy (PipelinePlacementPolicy.java:meetCriteria(91)) - Pipeline Placement: Doesn't meet the criteria to be viable node. Heaviness: 6
2019-09-12 10:32:28,983 [grpc-default-executor-0] INFO  impl.RaftServerProxy (RaftServerProxy.java:addNew(89)) - 80325dc5-bfcd-4416-8aa5-165bd32e2b28: addNew group-F9CD217562FF:[80325dc5-bfcd-4416-8aa5-165bd32e2b28:192.168.157.195:38292] returns group-F9CD217562FF:java.util.concurrent.CompletableFuture@637047a1[Not completed]
2019-09-12 10:32:28,984 [pool-49-thread-1] INFO  impl.RaftServerImpl (RaftServerImpl.java:<init>(93)) - 80325dc5-bfcd-4416-8aa5-165bd32e2b28: new RaftServerImpl for group-F9CD217562FF:[80325dc5-bfcd-4416-8aa5-165bd32e2b28:192.168.157.195:38292] with ContainerStateMachine:uninitialized
2019-09-12 10:32:28,984 [pool-49-thread-1] INFO  server.RaftServerConfigKeys (ConfUtils.java:logGet(43)) - raft.server.rpc.timeout.min = 5s (custom)
2019-09-12 10:32:28,985 [pool-49-thread-1] INFO  server.RaftServerConfigKeys (ConfUtils.java:logGet(43)) - raft.server.rpc.timeout.max = 5200ms (custom)
2019-09-12 10:32:28,985 [pool-49-thread-1] INFO  server.RaftServerConfigKeys (ConfUtils.java:logGet(43)) - raft.server.rpcslowness.timeout = 120s (custom)
2019-09-12 10:32:28,985 [pool-49-thread-1] INFO  server.RaftServerConfigKeys (ConfUtils.java:logGet(43)) - raft.server.sleep.deviation.threshold = 300 (default)
2019-09-12 10:32:28,985 [pool-49-thread-1] INFO  server.RaftServerConfigKeys (ConfUtils.java:logGet(43)) - raft.server.log.appender.install.snapshot.enabled = false (custom)
2019-09-12 10:32:28,985 [pool-49-thread-1] INFO  impl.RaftServerImpl (ServerState.java:<init>(105)) - 80325dc5-bfcd-4416-8aa5-165bd32e2b28:group-F9CD217562FF ConfigurationManager, init=-1: [80325dc5-bfcd-4416-8aa5-165bd32e2b28:192.168.157.195:38292], old=null, confs=<EMPTY_MAP>
2019-09-12 10:32:28,985 [pool-49-thread-1] INFO  server.RaftServerConfigKeys (ConfUtils.java:logGet(43)) - raft.server.storage.dir = [/workdir/hadoop-ozone/integration-test/target/test-dir/MiniOzoneClusterImpl-03df5328-cb4f-49b2-a840-73a4610bd6b2/datanode-2/data/ratis] (custom)
2019-09-12 10:32:28,986 [pool-49-thread-1] INFO  storage.RaftStorageDirectory (RaftStorageDirectory.java:analyzeStorage(246)) - The storage directory /workdir/hadoop-ozone/integration-test/target/test-dir/MiniOzoneClusterImpl-03df5328-cb4f-49b2-a840-73a4610bd6b2/datanode-2/data/ratis/f14c31e3-b879-45ba-ba29-f9cd217562ff does not exist. Creating ...
2019-09-12 10:32:28,999 [pool-49-thread-1] INFO  storage.RaftStorageDirectory (RaftStorageDirectory.java:tryLock(328)) - Lock on /workdir/hadoop-ozone/integration-test/target/test-dir/MiniOzoneClusterImpl-03df5328-cb4f-49b2-a840-73a4610bd6b2/datanode-2/data/ratis/f14c31e3-b879-45ba-ba29-f9cd217562ff/in_use.lock acquired by nodename 31912@pr-hdds-1569-xtfnx-3545843844
2019-09-12 10:32:29,012 [pool-49-thread-1] INFO  storage.RaftStorage (RaftStorage.java:format(72)) - Storage directory /workdir/hadoop-ozone/integration-test/target/test-dir/MiniOzoneClusterImpl-03df5328-cb4f-49b2-a840-73a4610bd6b2/datanode-2/data/ratis/f14c31e3-b879-45ba-ba29-f9cd217562ff has been successfully formatted.
2019-09-12 10:32:29,013 [pool-49-thread-1] INFO  ratis.ContainerStateMachine (ContainerStateMachine.java:loadSnapshot(226)) - group-F9CD217562FF: The snapshot info is null. Setting the last applied indexto:(t:0, i:~)
2019-09-12 10:32:29,013 [pool-49-thread-1] INFO  server.RaftServerConfigKeys (ConfUtils.java:logGet(43)) - raft.server.leader.election.timeout = 120s (custom)
2019-09-12 10:32:29,013 [pool-49-thread-1] INFO  server.RaftServerConfigKeys (ConfUtils.java:logGet(43)) - raft.server.log.use.memory = false (default)
2019-09-12 10:32:29,013 [pool-49-thread-1] INFO  server.RaftServerConfigKeys (ConfUtils.java:logGet(43)) - raft.server.log.purge.gap = 1000000 (custom)
2019-09-12 10:32:29,014 [pool-49-thread-1] INFO  server.RaftServerConfigKeys (ConfUtils.java:logGet(43)) - raft.server.log.appender.buffer.byte-limit = 33554432 (custom)
2019-09-12 10:32:29,014 [pool-49-thread-1] INFO  server.RaftServerConfigKeys (ConfUtils.java:logGet(43)) - raft.server.log.segment.size.max = 1048576 (custom)
2019-09-12 10:32:29,014 [pool-49-thread-1] INFO  server.RaftServerConfigKeys (ConfUtils.java:logGet(43)) - raft.server.log.segment.cache.num.max = 2 (custom)
2019-09-12 10:32:29,014 [pool-49-thread-1] INFO  segmented.SegmentedRaftLogWorker (SegmentedRaftLogWorker.java:<init>(172)) - new 80325dc5-bfcd-4416-8aa5-165bd32e2b28-SegmentedRaftLogWorker:Storage Directory /workdir/hadoop-ozone/integration-test/target/test-dir/MiniOzoneClusterImpl-03df5328-cb4f-49b2-a840-73a4610bd6b2/datanode-2/data/ratis/f14c31e3-b879-45ba-ba29-f9cd217562ff for RaftStorage:Storage Directory /workdir/hadoop-ozone/integration-test/target/test-dir/MiniOzoneClusterImpl-03df5328-cb4f-49b2-a840-73a4610bd6b2/datanode-2/data/ratis/f14c31e3-b879-45ba-ba29-f9cd217562ff
2019-09-12 10:32:29,014 [pool-49-thread-1] INFO  server.RaftServerConfigKeys (ConfUtils.java:logGet(43)) - raft.server.log.queue.byte-limit = 2147483647 (custom)
2019-09-12 10:32:29,014 [pool-49-thread-1] INFO  server.RaftServerConfigKeys (ConfUtils.java:logGet(43)) - raft.server.log.queue.element-limit = 1024 (custom)
2019-09-12 10:32:29,015 [pool-49-thread-1] INFO  server.RaftServerConfigKeys (ConfUtils.java:logGet(43)) - raft.server.log.segment.size.max = 1048576 (custom)
2019-09-12 10:32:29,015 [pool-49-thread-1] INFO  server.RaftServerConfigKeys (ConfUtils.java:logGet(43)) - raft.server.log.preallocated.size = 16384 (custom)
2019-09-12 10:32:29,015 [pool-49-thread-1] INFO  server.RaftServerConfigKeys (ConfUtils.java:logGet(43)) - raft.server.log.write.buffer.size = 33554432 (custom)
2019-09-12 10:32:29,015 [pool-49-thread-1] INFO  server.RaftServerConfigKeys (ConfUtils.java:logGet(43)) - raft.server.log.force.sync.num = 128 (default)
2019-09-12 10:32:29,015 [pool-49-thread-1] INFO  server.RaftServerConfigKeys (ConfUtils.java:logGet(43)) - raft.server.log.statemachine.data.sync = true (default)
2019-09-12 10:32:29,016 [pool-49-thread-1] INFO  server.RaftServerConfigKeys (ConfUtils.java:logGet(43)) - raft.server.log.statemachine.data.sync.timeout = 10s (default)
2019-09-12 10:32:29,016 [pool-49-thread-1] INFO  server.RaftServerConfigKeys (ConfUtils.java:logGet(43)) - raft.server.log.statemachine.data.sync.timeout.retry = -1 (default)
2019-09-12 10:32:29,016 [pool-49-thread-1] INFO  server.RaftServerConfigKeys (ConfUtils.java:logGet(43)) - raft.server.log.statemachine.data.caching.enabled = true (custom)
2019-09-12 10:32:29,016 [pool-49-thread-1] INFO  segmented.SegmentedRaftLogWorker (SegmentedRaftLogWorker.java:lambda$new$0(132)) - 80325dc5-bfcd-4416-8aa5-165bd32e2b28-SegmentedRaftLogWorker:Storage Directory /workdir/hadoop-ozone/integration-test/target/test-dir/MiniOzoneClusterImpl-03df5328-cb4f-49b2-a840-73a4610bd6b2/datanode-2/data/ratis/f14c31e3-b879-45ba-ba29-f9cd217562ff: flushIndex: setUnconditionally 0 -> -1
2019-09-12 10:32:29,017 [pool-49-thread-1] INFO  server.RaftServerConfigKeys (ConfUtils.java:logGet(43)) - raft.server.snapshot.auto.trigger.enabled = true (custom)
2019-09-12 10:32:29,017 [pool-49-thread-1] INFO  server.RaftServerConfigKeys (ConfUtils.java:logGet(43)) - raft.server.snapshot.auto.trigger.threshold = 10000 (custom)
2019-09-12 10:32:29,017 [pool-49-thread-1] INFO  server.RaftServerConfigKeys (ConfUtils.java:logGet(43)) - raft.server.retrycache.expirytime = 600000ms (custom)
2019-09-12 10:32:29,017 [pool-49-thread-1] INFO  impl.RaftServerImpl (RaftServerImpl.java:start(180)) - 80325dc5-bfcd-4416-8aa5-165bd32e2b28: start group-F9CD217562FF
2019-09-12 10:32:29,018 [pool-49-thread-1] INFO  impl.RaftServerImpl (RaftServerImpl.java:setRole(171)) - 80325dc5-bfcd-4416-8aa5-165bd32e2b28:group-F9CD217562FF changes role from null to FOLLOWER at term 0 for startAsFollower
2019-09-12 10:32:29,018 [pool-49-thread-1] INFO  impl.RoleInfo (RoleInfo.java:updateAndGet(143)) - 80325dc5-bfcd-4416-8aa5-165bd32e2b28: start FollowerState
2019-09-12 10:32:29,018 [pool-49-thread-1] INFO  util.JmxRegister (JmxRegister.java:tryRegister(44)) - Successfully registered JMX Bean with object name Ratis:service=RaftServer,group=group-F9CD217562FF,id=80325dc5-bfcd-4416-8aa5-165bd32e2b28
2019-09-12 10:32:29,024 [RatisPipelineUtilsThread] INFO  pipeline.PipelineStateManager (PipelineStateManager.java:addPipeline(56)) - Created pipeline Pipeline[ Id: f14c31e3-b879-45ba-ba29-f9cd217562ff, Nodes: 80325dc5-bfcd-4416-8aa5-165bd32e2b28{ip: 192.168.157.195, host: pr-hdds-1569-xtfnx-3545843844, networkLocation: /default-rack, certSerialId: null}, Type:RATIS, Factor:ONE, State:OPEN]
2019-09-12 10:32:29,025 [RatisPipelineUtilsThread] ERROR pipeline.PipelinePlacementPolicy (PipelinePlacementPolicy.java:meetCriteria(91)) - Pipeline Placement: Doesn't meet the criteria to be viable node. Heaviness: 6
2019-09-12 10:32:29,025 [RatisPipelineUtilsThread] ERROR pipeline.PipelinePlacementPolicy (PipelinePlacementPolicy.java:meetCriteria(91)) - Pipeline Placement: Doesn't meet the criteria to be viable node. Heaviness: 6
2019-09-12 10:32:29,043 [grpc-default-executor-0] INFO  impl.RaftServerProxy (RaftServerProxy.java:addNew(89)) - 8bf28770-b006-473a-8b5e-ef696e489f09: addNew group-A4801B4F4707:[8bf28770-b006-473a-8b5e-ef696e489f09:192.168.157.195:42117] returns group-A4801B4F4707:java.util.concurrent.CompletableFuture@1e32c8b1[Not completed]
2019-09-12 10:32:29,045 [pool-27-thread-1] INFO  impl.RaftServerImpl (RaftServerImpl.java:<init>(93)) - 8bf28770-b006-473a-8b5e-ef696e489f09: new RaftServerImpl for group-A4801B4F4707:[8bf28770-b006-473a-8b5e-ef696e489f09:192.168.157.195:42117] with ContainerStateMachine:uninitialized
2019-09-12 10:32:29,045 [pool-27-thread-1] INFO  server.RaftServerConfigKeys (ConfUtils.java:logGet(43)) - raft.server.rpc.timeout.min = 5s (custom)
2019-09-12 10:32:29,045 [pool-27-thread-1] INFO  server.RaftServerConfigKeys (ConfUtils.java:logGet(43)) - raft.server.rpc.timeout.max = 5200ms (custom)
2019-09-12 10:32:29,046 [pool-27-thread-1] INFO  server.RaftServerConfigKeys (ConfUtils.java:logGet(43)) - raft.server.rpcslowness.timeout = 120s (custom)
2019-09-12 10:32:29,046 [pool-27-thread-1] INFO  server.RaftServerConfigKeys (ConfUtils.java:logGet(43)) - raft.server.sleep.deviation.threshold = 300 (default)
2019-09-12 10:32:29,046 [pool-27-thread-1] INFO  server.RaftServerConfigKeys (ConfUtils.java:logGet(43)) - raft.server.log.appender.install.snapshot.enabled = false (custom)
2019-09-12 10:32:29,046 [pool-27-thread-1] INFO  impl.RaftServerImpl (ServerState.java:<init>(105)) - 8bf28770-b006-473a-8b5e-ef696e489f09:group-A4801B4F4707 ConfigurationManager, init=-1: [8bf28770-b006-473a-8b5e-ef696e489f09:192.168.157.195:42117], old=null, confs=<EMPTY_MAP>
2019-09-12 10:32:29,046 [pool-27-thread-1] INFO  server.RaftServerConfigKeys (ConfUtils.java:logGet(43)) - raft.server.storage.dir = [/workdir/hadoop-ozone/integration-test/target/test-dir/MiniOzoneClusterImpl-03df5328-cb4f-49b2-a840-73a4610bd6b2/datanode-0/data/ratis] (custom)
2019-09-12 10:32:29,047 [pool-27-thread-1] INFO  storage.RaftStorageDirectory (RaftStorageDirectory.java:analyzeStorage(246)) - The storage directory /workdir/hadoop-ozone/integration-test/target/test-dir/MiniOzoneClusterImpl-03df5328-cb4f-49b2-a840-73a4610bd6b2/datanode-0/data/ratis/0a6b61ad-6eb4-44b0-985c-a4801b4f4707 does not exist. Creating ...
2019-09-12 10:32:29,060 [pool-27-thread-1] INFO  storage.RaftStorageDirectory (RaftStorageDirectory.java:tryLock(328)) - Lock on /workdir/hadoop-ozone/integration-test/target/test-dir/MiniOzoneClusterImpl-03df5328-cb4f-49b2-a840-73a4610bd6b2/datanode-0/data/ratis/0a6b61ad-6eb4-44b0-985c-a4801b4f4707/in_use.lock acquired by nodename 31912@pr-hdds-1569-xtfnx-3545843844
2019-09-12 10:32:29,074 [pool-27-thread-1] INFO  storage.RaftStorage (RaftStorage.java:format(72)) - Storage directory /workdir/hadoop-ozone/integration-test/target/test-dir/MiniOzoneClusterImpl-03df5328-cb4f-49b2-a840-73a4610bd6b2/datanode-0/data/ratis/0a6b61ad-6eb4-44b0-985c-a4801b4f4707 has been successfully formatted.
2019-09-12 10:32:29,074 [pool-27-thread-1] INFO  ratis.ContainerStateMachine (ContainerStateMachine.java:loadSnapshot(226)) - group-A4801B4F4707: The snapshot info is null. Setting the last applied indexto:(t:0, i:~)
2019-09-12 10:32:29,074 [pool-27-thread-1] INFO  server.RaftServerConfigKeys (ConfUtils.java:logGet(43)) - raft.server.leader.election.timeout = 120s (custom)
2019-09-12 10:32:29,075 [pool-27-thread-1] INFO  server.RaftServerConfigKeys (ConfUtils.java:logGet(43)) - raft.server.log.use.memory = false (default)
2019-09-12 10:32:29,075 [pool-27-thread-1] INFO  server.RaftServerConfigKeys (ConfUtils.java:logGet(43)) - raft.server.log.purge.gap = 1000000 (custom)
2019-09-12 10:32:29,075 [pool-27-thread-1] INFO  server.RaftServerConfigKeys (ConfUtils.java:logGet(43)) - raft.server.log.appender.buffer.byte-limit = 33554432 (custom)
2019-09-12 10:32:29,075 [pool-27-thread-1] INFO  server.RaftServerConfigKeys (ConfUtils.java:logGet(43)) - raft.server.log.segment.size.max = 1048576 (custom)
2019-09-12 10:32:29,075 [pool-27-thread-1] INFO  server.RaftServerConfigKeys (ConfUtils.java:logGet(43)) - raft.server.log.segment.cache.num.max = 2 (custom)
2019-09-12 10:32:29,076 [pool-27-thread-1] INFO  segmented.SegmentedRaftLogWorker (SegmentedRaftLogWorker.java:<init>(172)) - new 8bf28770-b006-473a-8b5e-ef696e489f09-SegmentedRaftLogWorker:Storage Directory /workdir/hadoop-ozone/integration-test/target/test-dir/MiniOzoneClusterImpl-03df5328-cb4f-49b2-a840-73a4610bd6b2/datanode-0/data/ratis/0a6b61ad-6eb4-44b0-985c-a4801b4f4707 for RaftStorage:Storage Directory /workdir/hadoop-ozone/integration-test/target/test-dir/MiniOzoneClusterImpl-03df5328-cb4f-49b2-a840-73a4610bd6b2/datanode-0/data/ratis/0a6b61ad-6eb4-44b0-985c-a4801b4f4707
2019-09-12 10:32:29,076 [pool-27-thread-1] INFO  server.RaftServerConfigKeys (ConfUtils.java:logGet(43)) - raft.server.log.queue.byte-limit = 2147483647 (custom)
2019-09-12 10:32:29,076 [pool-27-thread-1] INFO  server.RaftServerConfigKeys (ConfUtils.java:logGet(43)) - raft.server.log.queue.element-limit = 1024 (custom)
2019-09-12 10:32:29,076 [pool-27-thread-1] INFO  server.RaftServerConfigKeys (ConfUtils.java:logGet(43)) - raft.server.log.segment.size.max = 1048576 (custom)
2019-09-12 10:32:29,076 [pool-27-thread-1] INFO  server.RaftServerConfigKeys (ConfUtils.java:logGet(43)) - raft.server.log.preallocated.size = 16384 (custom)
2019-09-12 10:32:29,076 [pool-27-thread-1] INFO  server.RaftServerConfigKeys (ConfUtils.java:logGet(43)) - raft.server.log.write.buffer.size = 33554432 (custom)
2019-09-12 10:32:29,076 [pool-27-thread-1] INFO  server.RaftServerConfigKeys (ConfUtils.java:logGet(43)) - raft.server.log.force.sync.num = 128 (default)
2019-09-12 10:32:29,077 [pool-27-thread-1] INFO  server.RaftServerConfigKeys (ConfUtils.java:logGet(43)) - raft.server.log.statemachine.data.sync = true (default)
2019-09-12 10:32:29,077 [pool-27-thread-1] INFO  server.RaftServerConfigKeys (ConfUtils.java:logGet(43)) - raft.server.log.statemachine.data.sync.timeout = 10s (default)
2019-09-12 10:32:29,077 [pool-27-thread-1] INFO  server.RaftServerConfigKeys (ConfUtils.java:logGet(43)) - raft.server.log.statemachine.data.sync.timeout.retry = -1 (default)
2019-09-12 10:32:29,077 [pool-27-thread-1] INFO  server.RaftServerConfigKeys (ConfUtils.java:logGet(43)) - raft.server.log.statemachine.data.caching.enabled = true (custom)
2019-09-12 10:32:29,078 [pool-27-thread-1] INFO  segmented.SegmentedRaftLogWorker (SegmentedRaftLogWorker.java:lambda$new$0(132)) - 8bf28770-b006-473a-8b5e-ef696e489f09-SegmentedRaftLogWorker:Storage Directory /workdir/hadoop-ozone/integration-test/target/test-dir/MiniOzoneClusterImpl-03df5328-cb4f-49b2-a840-73a4610bd6b2/datanode-0/data/ratis/0a6b61ad-6eb4-44b0-985c-a4801b4f4707: flushIndex: setUnconditionally 0 -> -1
2019-09-12 10:32:29,078 [pool-27-thread-1] INFO  server.RaftServerConfigKeys (ConfUtils.java:logGet(43)) - raft.server.snapshot.auto.trigger.enabled = true (custom)
2019-09-12 10:32:29,078 [pool-27-thread-1] INFO  server.RaftServerConfigKeys (ConfUtils.java:logGet(43)) - raft.server.snapshot.auto.trigger.threshold = 10000 (custom)
2019-09-12 10:32:29,078 [pool-27-thread-1] INFO  server.RaftServerConfigKeys (ConfUtils.java:logGet(43)) - raft.server.retrycache.expirytime = 600000ms (custom)
2019-09-12 10:32:29,079 [pool-27-thread-1] INFO  impl.RaftServerImpl (RaftServerImpl.java:start(180)) - 8bf28770-b006-473a-8b5e-ef696e489f09: start group-A4801B4F4707
2019-09-12 10:32:29,079 [pool-27-thread-1] INFO  impl.RaftServerImpl (RaftServerImpl.java:setRole(171)) - 8bf28770-b006-473a-8b5e-ef696e489f09:group-A4801B4F4707 changes role from null to FOLLOWER at term 0 for startAsFollower
2019-09-12 10:32:29,079 [pool-27-thread-1] INFO  impl.RoleInfo (RoleInfo.java:updateAndGet(143)) - 8bf28770-b006-473a-8b5e-ef696e489f09: start FollowerState
2019-09-12 10:32:29,080 [pool-27-thread-1] INFO  util.JmxRegister (JmxRegister.java:tryRegister(44)) - Successfully registered JMX Bean with object name Ratis:service=RaftServer,group=group-A4801B4F4707,id=8bf28770-b006-473a-8b5e-ef696e489f09
2019-09-12 10:32:29,085 [RatisPipelineUtilsThread] INFO  pipeline.PipelineStateManager (PipelineStateManager.java:addPipeline(56)) - Created pipeline Pipeline[ Id: 0a6b61ad-6eb4-44b0-985c-a4801b4f4707, Nodes: 8bf28770-b006-473a-8b5e-ef696e489f09{ip: 192.168.157.195, host: pr-hdds-1569-xtfnx-3545843844, networkLocation: /default-rack, certSerialId: null}, Type:RATIS, Factor:ONE, State:OPEN]
2019-09-12 10:32:29,086 [RatisPipelineUtilsThread] ERROR pipeline.PipelinePlacementPolicy (PipelinePlacementPolicy.java:meetCriteria(91)) - Pipeline Placement: Doesn't meet the criteria to be viable node. Heaviness: 6
2019-09-12 10:32:29,086 [RatisPipelineUtilsThread] ERROR pipeline.PipelinePlacementPolicy (PipelinePlacementPolicy.java:meetCriteria(91)) - Pipeline Placement: Doesn't meet the criteria to be viable node. Heaviness: 6
2019-09-12 10:32:29,095 [grpc-default-executor-0] INFO  impl.RaftServerProxy (RaftServerProxy.java:addNew(89)) - 8bf28770-b006-473a-8b5e-ef696e489f09: addNew group-73418FFFE603:[8bf28770-b006-473a-8b5e-ef696e489f09:192.168.157.195:42117] returns group-73418FFFE603:java.util.concurrent.CompletableFuture@39434c38[Not completed]
2019-09-12 10:32:29,097 [pool-27-thread-1] INFO  impl.RaftServerImpl (RaftServerImpl.java:<init>(93)) - 8bf28770-b006-473a-8b5e-ef696e489f09: new RaftServerImpl for group-73418FFFE603:[8bf28770-b006-473a-8b5e-ef696e489f09:192.168.157.195:42117] with ContainerStateMachine:uninitialized
2019-09-12 10:32:29,097 [pool-27-thread-1] INFO  server.RaftServerConfigKeys (ConfUtils.java:logGet(43)) - raft.server.rpc.timeout.min = 5s (custom)
2019-09-12 10:32:29,097 [pool-27-thread-1] INFO  server.RaftServerConfigKeys (ConfUtils.java:logGet(43)) - raft.server.rpc.timeout.max = 5200ms (custom)
2019-09-12 10:32:29,097 [pool-27-thread-1] INFO  server.RaftServerConfigKeys (ConfUtils.java:logGet(43)) - raft.server.rpcslowness.timeout = 120s (custom)
2019-09-12 10:32:29,097 [pool-27-thread-1] INFO  server.RaftServerConfigKeys (ConfUtils.java:logGet(43)) - raft.server.sleep.deviation.threshold = 300 (default)
2019-09-12 10:32:29,098 [pool-27-thread-1] INFO  server.RaftServerConfigKeys (ConfUtils.java:logGet(43)) - raft.server.log.appender.install.snapshot.enabled = false (custom)
2019-09-12 10:32:29,098 [pool-27-thread-1] INFO  impl.RaftServerImpl (ServerState.java:<init>(105)) - 8bf28770-b006-473a-8b5e-ef696e489f09:group-73418FFFE603 ConfigurationManager, init=-1: [8bf28770-b006-473a-8b5e-ef696e489f09:192.168.157.195:42117], old=null, confs=<EMPTY_MAP>
2019-09-12 10:32:29,098 [pool-27-thread-1] INFO  server.RaftServerConfigKeys (ConfUtils.java:logGet(43)) - raft.server.storage.dir = [/workdir/hadoop-ozone/integration-test/target/test-dir/MiniOzoneClusterImpl-03df5328-cb4f-49b2-a840-73a4610bd6b2/datanode-0/data/ratis] (custom)
2019-09-12 10:32:29,098 [pool-27-thread-1] INFO  storage.RaftStorageDirectory (RaftStorageDirectory.java:analyzeStorage(246)) - The storage directory /workdir/hadoop-ozone/integration-test/target/test-dir/MiniOzoneClusterImpl-03df5328-cb4f-49b2-a840-73a4610bd6b2/datanode-0/data/ratis/27f1515c-ea16-4225-9972-73418fffe603 does not exist. Creating ...
2019-09-12 10:32:29,112 [pool-27-thread-1] INFO  storage.RaftStorageDirectory (RaftStorageDirectory.java:tryLock(328)) - Lock on /workdir/hadoop-ozone/integration-test/target/test-dir/MiniOzoneClusterImpl-03df5328-cb4f-49b2-a840-73a4610bd6b2/datanode-0/data/ratis/27f1515c-ea16-4225-9972-73418fffe603/in_use.lock acquired by nodename 31912@pr-hdds-1569-xtfnx-3545843844
2019-09-12 10:32:29,135 [pool-27-thread-1] INFO  storage.RaftStorage (RaftStorage.java:format(72)) - Storage directory /workdir/hadoop-ozone/integration-test/target/test-dir/MiniOzoneClusterImpl-03df5328-cb4f-49b2-a840-73a4610bd6b2/datanode-0/data/ratis/27f1515c-ea16-4225-9972-73418fffe603 has been successfully formatted.
2019-09-12 10:32:29,136 [pool-27-thread-1] INFO  ratis.ContainerStateMachine (ContainerStateMachine.java:loadSnapshot(226)) - group-73418FFFE603: The snapshot info is null. Setting the last applied indexto:(t:0, i:~)
2019-09-12 10:32:29,136 [pool-27-thread-1] INFO  server.RaftServerConfigKeys (ConfUtils.java:logGet(43)) - raft.server.leader.election.timeout = 120s (custom)
2019-09-12 10:32:29,137 [pool-27-thread-1] INFO  server.RaftServerConfigKeys (ConfUtils.java:logGet(43)) - raft.server.log.use.memory = false (default)
2019-09-12 10:32:29,137 [pool-27-thread-1] INFO  server.RaftServerConfigKeys (ConfUtils.java:logGet(43)) - raft.server.log.purge.gap = 1000000 (custom)
2019-09-12 10:32:29,137 [pool-27-thread-1] INFO  server.RaftServerConfigKeys (ConfUtils.java:logGet(43)) - raft.server.log.appender.buffer.byte-limit = 33554432 (custom)
2019-09-12 10:32:29,137 [pool-27-thread-1] INFO  server.RaftServerConfigKeys (ConfUtils.java:logGet(43)) - raft.server.log.segment.size.max = 1048576 (custom)
2019-09-12 10:32:29,137 [pool-27-thread-1] INFO  server.RaftServerConfigKeys (ConfUtils.java:logGet(43)) - raft.server.log.segment.cache.num.max = 2 (custom)
2019-09-12 10:32:29,138 [pool-27-thread-1] INFO  segmented.SegmentedRaftLogWorker (SegmentedRaftLogWorker.java:<init>(172)) - new 8bf28770-b006-473a-8b5e-ef696e489f09-SegmentedRaftLogWorker:Storage Directory /workdir/hadoop-ozone/integration-test/target/test-dir/MiniOzoneClusterImpl-03df5328-cb4f-49b2-a840-73a4610bd6b2/datanode-0/data/ratis/27f1515c-ea16-4225-9972-73418fffe603 for RaftStorage:Storage Directory /workdir/hadoop-ozone/integration-test/target/test-dir/MiniOzoneClusterImpl-03df5328-cb4f-49b2-a840-73a4610bd6b2/datanode-0/data/ratis/27f1515c-ea16-4225-9972-73418fffe603
2019-09-12 10:32:29,138 [pool-27-thread-1] INFO  server.RaftServerConfigKeys (ConfUtils.java:logGet(43)) - raft.server.log.queue.byte-limit = 2147483647 (custom)
2019-09-12 10:32:29,138 [pool-27-thread-1] INFO  server.RaftServerConfigKeys (ConfUtils.java:logGet(43)) - raft.server.log.queue.element-limit = 1024 (custom)
2019-09-12 10:32:29,139 [pool-27-thread-1] INFO  server.RaftServerConfigKeys (ConfUtils.java:logGet(43)) - raft.server.log.segment.size.max = 1048576 (custom)
2019-09-12 10:32:29,139 [pool-27-thread-1] INFO  server.RaftServerConfigKeys (ConfUtils.java:logGet(43)) - raft.server.log.preallocated.size = 16384 (custom)
2019-09-12 10:32:29,139 [pool-27-thread-1] INFO  server.RaftServerConfigKeys (ConfUtils.java:logGet(43)) - raft.server.log.write.buffer.size = 33554432 (custom)
2019-09-12 10:32:29,139 [pool-27-thread-1] INFO  server.RaftServerConfigKeys (ConfUtils.java:logGet(43)) - raft.server.log.force.sync.num = 128 (default)
2019-09-12 10:32:29,139 [pool-27-thread-1] INFO  server.RaftServerConfigKeys (ConfUtils.java:logGet(43)) - raft.server.log.statemachine.data.sync = true (default)
2019-09-12 10:32:29,140 [pool-27-thread-1] INFO  server.RaftServerConfigKeys (ConfUtils.java:logGet(43)) - raft.server.log.statemachine.data.sync.timeout = 10s (default)
2019-09-12 10:32:29,140 [pool-27-thread-1] INFO  server.RaftServerConfigKeys (ConfUtils.java:logGet(43)) - raft.server.log.statemachine.data.sync.timeout.retry = -1 (default)
2019-09-12 10:32:29,140 [pool-27-thread-1] INFO  server.RaftServerConfigKeys (ConfUtils.java:logGet(43)) - raft.server.log.statemachine.data.caching.enabled = true (custom)
2019-09-12 10:32:29,141 [pool-27-thread-1] INFO  segmented.SegmentedRaftLogWorker (SegmentedRaftLogWorker.java:lambda$new$0(132)) - 8bf28770-b006-473a-8b5e-ef696e489f09-SegmentedRaftLogWorker:Storage Directory /workdir/hadoop-ozone/integration-test/target/test-dir/MiniOzoneClusterImpl-03df5328-cb4f-49b2-a840-73a4610bd6b2/datanode-0/data/ratis/27f1515c-ea16-4225-9972-73418fffe603: flushIndex: setUnconditionally 0 -> -1
2019-09-12 10:32:29,141 [pool-27-thread-1] INFO  server.RaftServerConfigKeys (ConfUtils.java:logGet(43)) - raft.server.snapshot.auto.trigger.enabled = true (custom)
2019-09-12 10:32:29,142 [pool-27-thread-1] INFO  server.RaftServerConfigKeys (ConfUtils.java:logGet(43)) - raft.server.snapshot.auto.trigger.threshold = 10000 (custom)
2019-09-12 10:32:29,142 [pool-27-thread-1] INFO  server.RaftServerConfigKeys (ConfUtils.java:logGet(43)) - raft.server.retrycache.expirytime = 600000ms (custom)
2019-09-12 10:32:29,142 [pool-27-thread-1] INFO  impl.RaftServerImpl (RaftServerImpl.java:start(180)) - 8bf28770-b006-473a-8b5e-ef696e489f09: start group-73418FFFE603
2019-09-12 10:32:29,143 [pool-27-thread-1] INFO  impl.RaftServerImpl (RaftServerImpl.java:setRole(171)) - 8bf28770-b006-473a-8b5e-ef696e489f09:group-73418FFFE603 changes role from null to FOLLOWER at term 0 for startAsFollower
2019-09-12 10:32:29,143 [pool-27-thread-1] INFO  impl.RoleInfo (RoleInfo.java:updateAndGet(143)) - 8bf28770-b006-473a-8b5e-ef696e489f09: start FollowerState
2019-09-12 10:32:29,144 [pool-27-thread-1] INFO  util.JmxRegister (JmxRegister.java:tryRegister(44)) - Successfully registered JMX Bean with object name Ratis:service=RaftServer,group=group-73418FFFE603,id=8bf28770-b006-473a-8b5e-ef696e489f09
2019-09-12 10:32:29,150 [RatisPipelineUtilsThread] INFO  pipeline.PipelineStateManager (PipelineStateManager.java:addPipeline(56)) - Created pipeline Pipeline[ Id: 27f1515c-ea16-4225-9972-73418fffe603, Nodes: 8bf28770-b006-473a-8b5e-ef696e489f09{ip: 192.168.157.195, host: pr-hdds-1569-xtfnx-3545843844, networkLocation: /default-rack, certSerialId: null}, Type:RATIS, Factor:ONE, State:OPEN]
2019-09-12 10:32:29,151 [RatisPipelineUtilsThread] ERROR pipeline.PipelinePlacementPolicy (PipelinePlacementPolicy.java:meetCriteria(91)) - Pipeline Placement: Doesn't meet the criteria to be viable node. Heaviness: 6
2019-09-12 10:32:29,152 [RatisPipelineUtilsThread] ERROR pipeline.PipelinePlacementPolicy (PipelinePlacementPolicy.java:meetCriteria(91)) - Pipeline Placement: Doesn't meet the criteria to be viable node. Heaviness: 6
2019-09-12 10:32:29,152 [RatisPipelineUtilsThread] ERROR pipeline.PipelinePlacementPolicy (PipelinePlacementPolicy.java:meetCriteria(91)) - Pipeline Placement: Doesn't meet the criteria to be viable node. Heaviness: 6
2019-09-12 10:32:29,152 [RatisPipelineUtilsThread] ERROR pipeline.PipelinePlacementPolicy (PipelinePlacementPolicy.java:filterViableNodes(146)) - Unable to find enough nodes that meet the criteria that cannot engage in more than 5 pipelines. Nodes required: 1 Found: 0, healthy nodes count inNodeManager: 3.
2019-09-12 10:32:29,153 [RatisPipelineUtilsThread] ERROR pipeline.SCMPipelineManager (SCMPipelineManager.java:createPipeline(161)) - Pipeline creation failed due to exception: Unable to find enough nodes that meet the criteria that cannot engage in more than 5 pipelines. Nodes required: 1 Found: 0, healthy nodes count inNodeManager: 3.
2019-09-12 10:32:29,154 [RatisPipelineUtilsThread] ERROR pipeline.PipelinePlacementPolicy (PipelinePlacementPolicy.java:meetCriteria(91)) - Pipeline Placement: Doesn't meet the criteria to be viable node. Heaviness: 6
2019-09-12 10:32:29,154 [RatisPipelineUtilsThread] ERROR pipeline.PipelinePlacementPolicy (PipelinePlacementPolicy.java:meetCriteria(91)) - Pipeline Placement: Doesn't meet the criteria to be viable node. Heaviness: 6
2019-09-12 10:32:29,154 [RatisPipelineUtilsThread] ERROR pipeline.PipelinePlacementPolicy (PipelinePlacementPolicy.java:meetCriteria(91)) - Pipeline Placement: Doesn't meet the criteria to be viable node. Heaviness: 6
2019-09-12 10:32:29,154 [RatisPipelineUtilsThread] ERROR pipeline.PipelinePlacementPolicy (PipelinePlacementPolicy.java:filterViableNodes(146)) - Unable to find enough nodes that meet the criteria that cannot engage in more than 5 pipelines. Nodes required: 3 Found: 0, healthy nodes count inNodeManager: 3.
2019-09-12 10:32:29,154 [RatisPipelineUtilsThread] ERROR pipeline.SCMPipelineManager (SCMPipelineManager.java:createPipeline(161)) - Pipeline creation failed due to exception: Unable to find enough nodes that meet the criteria that cannot engage in more than 5 pipelines. Nodes required: 3 Found: 0, healthy nodes count inNodeManager: 3.
2019-09-12 10:32:29,156 [RatisPipelineUtilsThread] ERROR pipeline.PipelinePlacementPolicy (PipelinePlacementPolicy.java:meetCriteria(91)) - Pipeline Placement: Doesn't meet the criteria to be viable node. Heaviness: 6
2019-09-12 10:32:29,157 [RatisPipelineUtilsThread] ERROR pipeline.PipelinePlacementPolicy (PipelinePlacementPolicy.java:meetCriteria(91)) - Pipeline Placement: Doesn't meet the criteria to be viable node. Heaviness: 6
2019-09-12 10:32:29,157 [RatisPipelineUtilsThread] ERROR pipeline.PipelinePlacementPolicy (PipelinePlacementPolicy.java:meetCriteria(91)) - Pipeline Placement: Doesn't meet the criteria to be viable node. Heaviness: 6
2019-09-12 10:32:29,157 [RatisPipelineUtilsThread] ERROR pipeline.PipelinePlacementPolicy (PipelinePlacementPolicy.java:filterViableNodes(146)) - Unable to find enough nodes that meet the criteria that cannot engage in more than 5 pipelines. Nodes required: 1 Found: 0, healthy nodes count inNodeManager: 3.
2019-09-12 10:32:29,157 [RatisPipelineUtilsThread] ERROR pipeline.SCMPipelineManager (SCMPipelineManager.java:createPipeline(161)) - Pipeline creation failed due to exception: Unable to find enough nodes that meet the criteria that cannot engage in more than 5 pipelines. Nodes required: 1 Found: 0, healthy nodes count inNodeManager: 3.
2019-09-12 10:32:29,157 [RatisPipelineUtilsThread] ERROR pipeline.PipelinePlacementPolicy (PipelinePlacementPolicy.java:meetCriteria(91)) - Pipeline Placement: Doesn't meet the criteria to be viable node. Heaviness: 6
2019-09-12 10:32:29,158 [RatisPipelineUtilsThread] ERROR pipeline.PipelinePlacementPolicy (PipelinePlacementPolicy.java:meetCriteria(91)) - Pipeline Placement: Doesn't meet the criteria to be viable node. Heaviness: 6
2019-09-12 10:32:29,158 [RatisPipelineUtilsThread] ERROR pipeline.PipelinePlacementPolicy (PipelinePlacementPolicy.java:meetCriteria(91)) - Pipeline Placement: Doesn't meet the criteria to be viable node. Heaviness: 6
2019-09-12 10:32:29,158 [RatisPipelineUtilsThread] ERROR pipeline.PipelinePlacementPolicy (PipelinePlacementPolicy.java:filterViableNodes(146)) - Unable to find enough nodes that meet the criteria that cannot engage in more than 5 pipelines. Nodes required: 3 Found: 0, healthy nodes count inNodeManager: 3.
2019-09-12 10:32:29,158 [RatisPipelineUtilsThread] ERROR pipeline.SCMPipelineManager (SCMPipelineManager.java:createPipeline(161)) - Pipeline creation failed due to exception: Unable to find enough nodes that meet the criteria that cannot engage in more than 5 pipelines. Nodes required: 3 Found: 0, healthy nodes count inNodeManager: 3.
2019-09-12 10:32:29,176 | INFO  | SCMAudit | user=jenkins1000 | ip=192.168.157.195 | op=ALLOCATE_BLOCK {owner=ca1058a7-a572-432b-a24c-1b62a560ba48, size=4194304, type=RATIS, factor=ONE} | ret=SUCCESS |  
2019-09-12 10:32:29,195 | INFO  | SCMAudit | user=jenkins1000 | ip=192.168.157.195 | op=SEND_HEARTBEAT {datanodeUUID=80325dc5-bfcd-4416-8aa5-165bd32e2b28, command=[]} | ret=SUCCESS |  
2019-09-12 10:32:29,204 | INFO  | OMAudit | user=jenkins1000 | ip=127.0.0.1 | op=ALLOCATE_KEY {volume=cfae3db5-a408-42b3-a5ac-918388a68f77, bucket=02d1b0e5-6de4-423f-a3e1-a35fa635ca9a, key=c4d8bb64-dfbc-47ac-a997-fff72b5743fb, dataSize=36, replicationType=RATIS, replicationFactor=ONE, keyLocationInfo=null} | ret=SUCCESS |  
2019-09-12 10:32:29,245 [main] INFO  impl.MetricsSystemImpl (MetricsSystemImpl.java:init(158)) - XceiverClientMetrics metrics system started (again)
2019-09-12 10:32:29,352 [grpc-default-executor-0] INFO  client.GrpcClientProtocolClient (GrpcClientProtocolClient.java:onNext(255)) - client-4F514FE88257->8bf28770-b006-473a-8b5e-ef696e489f09: receive RaftClientReply:client-4F514FE88257->8bf28770-b006-473a-8b5e-ef696e489f09@group-A4801B4F4707, cid=18, FAILED org.apache.ratis.protocol.NotLeaderException: Server 8bf28770-b006-473a-8b5e-ef696e489f09 is not the leader (null). Request must be sent to leader., logIndex=0, commits[8bf28770-b006-473a-8b5e-ef696e489f09:c-1]
2019-09-12 10:32:29,671 | INFO  | SCMAudit | user=jenkins1000 | ip=192.168.157.195 | op=SEND_HEARTBEAT {datanodeUUID=8bf28770-b006-473a-8b5e-ef696e489f09, command=[]} | ret=SUCCESS |  
2019-09-12 10:32:29,721 [Thread-177] INFO  container.ReplicationManager (ReplicationManager.java:start(151)) - Starting Replication Monitor Thread.
2019-09-12 10:32:29,726 [ReplicationMonitor] INFO  container.ReplicationManager (ReplicationManager.java:run(214)) - Replication Monitor Thread took 3 milliseconds for processing 1 containers.
2019-09-12 10:32:29,905 | INFO  | SCMAudit | user=jenkins1000 | ip=192.168.157.195 | op=SEND_HEARTBEAT {datanodeUUID=e5aec583-ea61-4f1a-b46a-16f569718c14, command=[]} | ret=SUCCESS |  
2019-09-12 10:32:30,203 | INFO  | SCMAudit | user=jenkins1000 | ip=192.168.157.195 | op=SEND_HEARTBEAT {datanodeUUID=80325dc5-bfcd-4416-8aa5-165bd32e2b28, command=[]} | ret=SUCCESS |  
2019-09-12 10:32:30,665 | INFO  | SCMAudit | user=jenkins1000 | ip=192.168.157.195 | op=SEND_HEARTBEAT {datanodeUUID=8bf28770-b006-473a-8b5e-ef696e489f09, command=[]} | ret=SUCCESS |  
2019-09-12 10:32:30,904 | INFO  | SCMAudit | user=jenkins1000 | ip=192.168.157.195 | op=SEND_HEARTBEAT {datanodeUUID=e5aec583-ea61-4f1a-b46a-16f569718c14, command=[]} | ret=SUCCESS |  
2019-09-12 10:32:31,197 | INFO  | SCMAudit | user=jenkins1000 | ip=192.168.157.195 | op=SEND_HEARTBEAT {datanodeUUID=80325dc5-bfcd-4416-8aa5-165bd32e2b28, command=[]} | ret=SUCCESS |  
2019-09-12 10:32:31,399 [grpc-default-executor-1] INFO  client.GrpcClientProtocolClient (GrpcClientProtocolClient.java:onNext(255)) - client-4F514FE88257->8bf28770-b006-473a-8b5e-ef696e489f09: receive RaftClientReply:client-4F514FE88257->8bf28770-b006-473a-8b5e-ef696e489f09@group-A4801B4F4707, cid=18, FAILED org.apache.ratis.protocol.NotLeaderException: Server 8bf28770-b006-473a-8b5e-ef696e489f09 is not the leader (null). Request must be sent to leader., logIndex=0, commits[8bf28770-b006-473a-8b5e-ef696e489f09:c-1]
2019-09-12 10:32:31,666 | INFO  | SCMAudit | user=jenkins1000 | ip=192.168.157.195 | op=SEND_HEARTBEAT {datanodeUUID=8bf28770-b006-473a-8b5e-ef696e489f09, command=[]} | ret=SUCCESS |  
2019-09-12 10:32:31,904 | INFO  | SCMAudit | user=jenkins1000 | ip=192.168.157.195 | op=SEND_HEARTBEAT {datanodeUUID=e5aec583-ea61-4f1a-b46a-16f569718c14, command=[]} | ret=SUCCESS |  
2019-09-12 10:32:32,196 | INFO  | SCMAudit | user=jenkins1000 | ip=192.168.157.195 | op=SEND_HEARTBEAT {datanodeUUID=80325dc5-bfcd-4416-8aa5-165bd32e2b28, command=[]} | ret=SUCCESS |  
2019-09-12 10:32:32,665 | INFO  | SCMAudit | user=jenkins1000 | ip=192.168.157.195 | op=SEND_HEARTBEAT {datanodeUUID=8bf28770-b006-473a-8b5e-ef696e489f09, command=[]} | ret=SUCCESS |  
2019-09-12 10:32:32,905 | INFO  | SCMAudit | user=jenkins1000 | ip=192.168.157.195 | op=SEND_HEARTBEAT {datanodeUUID=e5aec583-ea61-4f1a-b46a-16f569718c14, command=[]} | ret=SUCCESS |  
2019-09-12 10:32:32,940 [Thread-179] INFO  impl.FollowerState (FollowerState.java:run(106)) - 8bf28770-b006-473a-8b5e-ef696e489f09:group-B5BC34EAFA65 changes to CANDIDATE, lastRpcTime:5017, electionTimeout:5016ms
2019-09-12 10:32:32,940 [Thread-179] INFO  impl.RoleInfo (RoleInfo.java:shutdownFollowerState(121)) - 8bf28770-b006-473a-8b5e-ef696e489f09: shutdown FollowerState
2019-09-12 10:32:32,940 [Thread-179] INFO  impl.RaftServerImpl (RaftServerImpl.java:setRole(171)) - 8bf28770-b006-473a-8b5e-ef696e489f09:group-B5BC34EAFA65 changes role from FOLLOWER to CANDIDATE at term 0 for changeToCandidate
2019-09-12 10:32:32,946 [Thread-179] INFO  impl.RoleInfo (RoleInfo.java:updateAndGet(143)) - 8bf28770-b006-473a-8b5e-ef696e489f09: start LeaderElection
2019-09-12 10:32:32,964 [8bf28770-b006-473a-8b5e-ef696e489f09:group-B5BC34EAFA65:LeaderElection1] INFO  impl.LeaderElection (LeaderElection.java:askForVotes(181)) - 8bf28770-b006-473a-8b5e-ef696e489f09:group-B5BC34EAFA65:LeaderElection1: begin an election at term 1 for -1: [8bf28770-b006-473a-8b5e-ef696e489f09:192.168.157.195:42117], old=null
2019-09-12 10:32:32,970 [8bf28770-b006-473a-8b5e-ef696e489f09:group-B5BC34EAFA65:LeaderElection1] INFO  impl.RoleInfo (RoleInfo.java:shutdownLeaderElection(134)) - 8bf28770-b006-473a-8b5e-ef696e489f09: shutdown LeaderElection
2019-09-12 10:32:32,971 [8bf28770-b006-473a-8b5e-ef696e489f09:group-B5BC34EAFA65:LeaderElection1] INFO  impl.RaftServerImpl (RaftServerImpl.java:setRole(171)) - 8bf28770-b006-473a-8b5e-ef696e489f09:group-B5BC34EAFA65 changes role from CANDIDATE to LEADER at term 1 for changeToLeader
2019-09-12 10:32:32,971 [8bf28770-b006-473a-8b5e-ef696e489f09:group-B5BC34EAFA65:LeaderElection1] INFO  impl.RaftServerImpl (ServerState.java:setLeader(263)) - 8bf28770-b006-473a-8b5e-ef696e489f09:group-B5BC34EAFA65 change Leader from null to 8bf28770-b006-473a-8b5e-ef696e489f09 at term 1 for becomeLeader, leader elected after 5134ms
2019-09-12 10:32:32,979 [8bf28770-b006-473a-8b5e-ef696e489f09:group-B5BC34EAFA65:LeaderElection1] INFO  server.RaftServerConfigKeys (ConfUtils.java:logGet(43)) - raft.server.staging.catchup.gap = 1000 (default)
2019-09-12 10:32:32,979 [8bf28770-b006-473a-8b5e-ef696e489f09:group-B5BC34EAFA65:LeaderElection1] INFO  server.RaftServerConfigKeys (ConfUtils.java:logGet(43)) - raft.server.rpc.sleep.time = 25ms (default)
2019-09-12 10:32:32,982 [8bf28770-b006-473a-8b5e-ef696e489f09:group-B5BC34EAFA65:LeaderElection1] INFO  server.RaftServerConfigKeys (ConfUtils.java:logGet(43)) - raft.server.write.element-limit = 4096 (default)
2019-09-12 10:32:32,985 [8bf28770-b006-473a-8b5e-ef696e489f09:group-B5BC34EAFA65:LeaderElection1] INFO  server.RaftServerConfigKeys (ConfUtils.java:logGet(43)) - raft.server.watch.timeout = 10s (default)
2019-09-12 10:32:32,985 [8bf28770-b006-473a-8b5e-ef696e489f09:group-B5BC34EAFA65:LeaderElection1] INFO  server.RaftServerConfigKeys (ConfUtils.java:logGet(43)) - raft.server.watch.timeout.denomination = 1s (default)
2019-09-12 10:32:32,986 [8bf28770-b006-473a-8b5e-ef696e489f09:group-B5BC34EAFA65:LeaderElection1] INFO  server.RaftServerConfigKeys (ConfUtils.java:logGet(43)) - raft.server.watch.element-limit = 65536 (default)
2019-09-12 10:32:32,996 [8bf28770-b006-473a-8b5e-ef696e489f09:group-B5BC34EAFA65:LeaderElection1] INFO  impl.RoleInfo (RoleInfo.java:updateAndGet(143)) - 8bf28770-b006-473a-8b5e-ef696e489f09: start LeaderState
2019-09-12 10:32:33,023 [8bf28770-b006-473a-8b5e-ef696e489f09:group-B5BC34EAFA65:LeaderElection1] INFO  segmented.SegmentedRaftLogWorker (SegmentedRaftLogWorker.java:startLogSegment(380)) - 8bf28770-b006-473a-8b5e-ef696e489f09-SegmentedRaftLogWorker:Storage Directory /workdir/hadoop-ozone/integration-test/target/test-dir/MiniOzoneClusterImpl-03df5328-cb4f-49b2-a840-73a4610bd6b2/datanode-0/data/ratis/7285a30b-b72b-4291-b729-b5bc34eafa65: Starting segment from index:0
2019-09-12 10:32:33,033 [8bf28770-b006-473a-8b5e-ef696e489f09:group-B5BC34EAFA65:LeaderElection1] INFO  impl.RaftServerImpl (ServerState.java:setRaftConf(361)) - 8bf28770-b006-473a-8b5e-ef696e489f09:group-B5BC34EAFA65 set configuration 0: [8bf28770-b006-473a-8b5e-ef696e489f09:192.168.157.195:42117], old=null at 0
2019-09-12 10:32:33,196 | INFO  | SCMAudit | user=jenkins1000 | ip=192.168.157.195 | op=SEND_HEARTBEAT {datanodeUUID=80325dc5-bfcd-4416-8aa5-165bd32e2b28, command=[]} | ret=SUCCESS |  
2019-09-12 10:32:33,217 [Thread-185] INFO  impl.FollowerState (FollowerState.java:run(106)) - e5aec583-ea61-4f1a-b46a-16f569718c14:group-4CC5D1A5E2D7 changes to CANDIDATE, lastRpcTime:5034, electionTimeout:5034ms
2019-09-12 10:32:33,234 [Thread-185] INFO  impl.RoleInfo (RoleInfo.java:shutdownFollowerState(121)) - e5aec583-ea61-4f1a-b46a-16f569718c14: shutdown FollowerState
2019-09-12 10:32:33,234 [Thread-185] INFO  impl.RaftServerImpl (RaftServerImpl.java:setRole(171)) - e5aec583-ea61-4f1a-b46a-16f569718c14:group-4CC5D1A5E2D7 changes role from FOLLOWER to CANDIDATE at term 0 for changeToCandidate
2019-09-12 10:32:33,235 [Thread-185] INFO  impl.RoleInfo (RoleInfo.java:updateAndGet(143)) - e5aec583-ea61-4f1a-b46a-16f569718c14: start LeaderElection
2019-09-12 10:32:33,257 [8bf28770-b006-473a-8b5e-ef696e489f09-SegmentedRaftLogWorker:Storage Directory /workdir/hadoop-ozone/integration-test/target/test-dir/MiniOzoneClusterImpl-03df5328-cb4f-49b2-a840-73a4610bd6b2/datanode-0/data/ratis/7285a30b-b72b-4291-b729-b5bc34eafa65] INFO  segmented.SegmentedRaftLogWorker (SegmentedRaftLogWorker.java:execute(569)) - 8bf28770-b006-473a-8b5e-ef696e489f09-SegmentedRaftLogWorker:Storage Directory /workdir/hadoop-ozone/integration-test/target/test-dir/MiniOzoneClusterImpl-03df5328-cb4f-49b2-a840-73a4610bd6b2/datanode-0/data/ratis/7285a30b-b72b-4291-b729-b5bc34eafa65: created new log segment /workdir/hadoop-ozone/integration-test/target/test-dir/MiniOzoneClusterImpl-03df5328-cb4f-49b2-a840-73a4610bd6b2/datanode-0/data/ratis/7285a30b-b72b-4291-b729-b5bc34eafa65/current/log_inprogress_0
2019-09-12 10:32:33,257 [e5aec583-ea61-4f1a-b46a-16f569718c14:group-4CC5D1A5E2D7:LeaderElection2] INFO  impl.LeaderElection (LeaderElection.java:askForVotes(181)) - e5aec583-ea61-4f1a-b46a-16f569718c14:group-4CC5D1A5E2D7:LeaderElection2: begin an election at term 1 for -1: [e5aec583-ea61-4f1a-b46a-16f569718c14:192.168.157.195:39535], old=null
2019-09-12 10:32:33,259 [e5aec583-ea61-4f1a-b46a-16f569718c14:group-4CC5D1A5E2D7:LeaderElection2] INFO  impl.RoleInfo (RoleInfo.java:shutdownLeaderElection(134)) - e5aec583-ea61-4f1a-b46a-16f569718c14: shutdown LeaderElection
2019-09-12 10:32:33,259 [e5aec583-ea61-4f1a-b46a-16f569718c14:group-4CC5D1A5E2D7:LeaderElection2] INFO  impl.RaftServerImpl (RaftServerImpl.java:setRole(171)) - e5aec583-ea61-4f1a-b46a-16f569718c14:group-4CC5D1A5E2D7 changes role from CANDIDATE to LEADER at term 1 for changeToLeader
2019-09-12 10:32:33,260 [e5aec583-ea61-4f1a-b46a-16f569718c14:group-4CC5D1A5E2D7:LeaderElection2] INFO  impl.RaftServerImpl (ServerState.java:setLeader(263)) - e5aec583-ea61-4f1a-b46a-16f569718c14:group-4CC5D1A5E2D7 change Leader from null to e5aec583-ea61-4f1a-b46a-16f569718c14 at term 1 for becomeLeader, leader elected after 5082ms
2019-09-12 10:32:33,260 [e5aec583-ea61-4f1a-b46a-16f569718c14:group-4CC5D1A5E2D7:LeaderElection2] INFO  server.RaftServerConfigKeys (ConfUtils.java:logGet(43)) - raft.server.staging.catchup.gap = 1000 (default)
2019-09-12 10:32:33,260 [e5aec583-ea61-4f1a-b46a-16f569718c14:group-4CC5D1A5E2D7:LeaderElection2] INFO  server.RaftServerConfigKeys (ConfUtils.java:logGet(43)) - raft.server.rpc.sleep.time = 25ms (default)
2019-09-12 10:32:33,261 [e5aec583-ea61-4f1a-b46a-16f569718c14:group-4CC5D1A5E2D7:LeaderElection2] INFO  server.RaftServerConfigKeys (ConfUtils.java:logGet(43)) - raft.server.write.element-limit = 4096 (default)
2019-09-12 10:32:33,261 [e5aec583-ea61-4f1a-b46a-16f569718c14:group-4CC5D1A5E2D7:LeaderElection2] INFO  server.RaftServerConfigKeys (ConfUtils.java:logGet(43)) - raft.server.watch.timeout = 10s (default)
2019-09-12 10:32:33,261 [e5aec583-ea61-4f1a-b46a-16f569718c14:group-4CC5D1A5E2D7:LeaderElection2] INFO  server.RaftServerConfigKeys (ConfUtils.java:logGet(43)) - raft.server.watch.timeout.denomination = 1s (default)
2019-09-12 10:32:33,261 [e5aec583-ea61-4f1a-b46a-16f569718c14:group-4CC5D1A5E2D7:LeaderElection2] INFO  server.RaftServerConfigKeys (ConfUtils.java:logGet(43)) - raft.server.watch.element-limit = 65536 (default)
2019-09-12 10:32:33,262 [e5aec583-ea61-4f1a-b46a-16f569718c14:group-4CC5D1A5E2D7:LeaderElection2] INFO  impl.RoleInfo (RoleInfo.java:updateAndGet(143)) - e5aec583-ea61-4f1a-b46a-16f569718c14: start LeaderState
2019-09-12 10:32:33,262 [e5aec583-ea61-4f1a-b46a-16f569718c14:group-4CC5D1A5E2D7:LeaderElection2] INFO  segmented.SegmentedRaftLogWorker (SegmentedRaftLogWorker.java:startLogSegment(380)) - e5aec583-ea61-4f1a-b46a-16f569718c14-SegmentedRaftLogWorker:Storage Directory /workdir/hadoop-ozone/integration-test/target/test-dir/MiniOzoneClusterImpl-03df5328-cb4f-49b2-a840-73a4610bd6b2/datanode-1/data/ratis/9c216bf8-9c24-44a5-91c5-4cc5d1a5e2d7: Starting segment from index:0
2019-09-12 10:32:33,263 [e5aec583-ea61-4f1a-b46a-16f569718c14:group-4CC5D1A5E2D7:LeaderElection2] INFO  impl.RaftServerImpl (ServerState.java:setRaftConf(361)) - e5aec583-ea61-4f1a-b46a-16f569718c14:group-4CC5D1A5E2D7 set configuration 0: [e5aec583-ea61-4f1a-b46a-16f569718c14:192.168.157.195:39535], old=null at 0
2019-09-12 10:32:33,303 [Thread-182] INFO  impl.FollowerState (FollowerState.java:run(106)) - e5aec583-ea61-4f1a-b46a-16f569718c14:group-FBA73ADBF6E5 changes to CANDIDATE, lastRpcTime:5190, electionTimeout:5189ms
2019-09-12 10:32:33,304 [Thread-182] INFO  impl.RoleInfo (RoleInfo.java:shutdownFollowerState(121)) - e5aec583-ea61-4f1a-b46a-16f569718c14: shutdown FollowerState
2019-09-12 10:32:33,304 [Thread-182] INFO  impl.RaftServerImpl (RaftServerImpl.java:setRole(171)) - e5aec583-ea61-4f1a-b46a-16f569718c14:group-FBA73ADBF6E5 changes role from FOLLOWER to CANDIDATE at term 0 for changeToCandidate
2019-09-12 10:32:33,304 [Thread-182] INFO  impl.RoleInfo (RoleInfo.java:updateAndGet(143)) - e5aec583-ea61-4f1a-b46a-16f569718c14: start LeaderElection
2019-09-12 10:32:33,312 [e5aec583-ea61-4f1a-b46a-16f569718c14-SegmentedRaftLogWorker:Storage Directory /workdir/hadoop-ozone/integration-test/target/test-dir/MiniOzoneClusterImpl-03df5328-cb4f-49b2-a840-73a4610bd6b2/datanode-1/data/ratis/9c216bf8-9c24-44a5-91c5-4cc5d1a5e2d7] INFO  segmented.SegmentedRaftLogWorker (SegmentedRaftLogWorker.java:execute(569)) - e5aec583-ea61-4f1a-b46a-16f569718c14-SegmentedRaftLogWorker:Storage Directory /workdir/hadoop-ozone/integration-test/target/test-dir/MiniOzoneClusterImpl-03df5328-cb4f-49b2-a840-73a4610bd6b2/datanode-1/data/ratis/9c216bf8-9c24-44a5-91c5-4cc5d1a5e2d7: created new log segment /workdir/hadoop-ozone/integration-test/target/test-dir/MiniOzoneClusterImpl-03df5328-cb4f-49b2-a840-73a4610bd6b2/datanode-1/data/ratis/9c216bf8-9c24-44a5-91c5-4cc5d1a5e2d7/current/log_inprogress_0
2019-09-12 10:32:33,312 [e5aec583-ea61-4f1a-b46a-16f569718c14:group-FBA73ADBF6E5:LeaderElection3] INFO  impl.LeaderElection (LeaderElection.java:askForVotes(181)) - e5aec583-ea61-4f1a-b46a-16f569718c14:group-FBA73ADBF6E5:LeaderElection3: begin an election at term 1 for -1: [e5aec583-ea61-4f1a-b46a-16f569718c14:192.168.157.195:39535], old=null
2019-09-12 10:32:33,312 [e5aec583-ea61-4f1a-b46a-16f569718c14:group-FBA73ADBF6E5:LeaderElection3] INFO  impl.RoleInfo (RoleInfo.java:shutdownLeaderElection(134)) - e5aec583-ea61-4f1a-b46a-16f569718c14: shutdown LeaderElection
2019-09-12 10:32:33,313 [e5aec583-ea61-4f1a-b46a-16f569718c14:group-FBA73ADBF6E5:LeaderElection3] INFO  impl.RaftServerImpl (RaftServerImpl.java:setRole(171)) - e5aec583-ea61-4f1a-b46a-16f569718c14:group-FBA73ADBF6E5 changes role from CANDIDATE to LEADER at term 1 for changeToLeader
2019-09-12 10:32:33,313 [e5aec583-ea61-4f1a-b46a-16f569718c14:group-FBA73ADBF6E5:LeaderElection3] INFO  impl.RaftServerImpl (ServerState.java:setLeader(263)) - e5aec583-ea61-4f1a-b46a-16f569718c14:group-FBA73ADBF6E5 change Leader from null to e5aec583-ea61-4f1a-b46a-16f569718c14 at term 1 for becomeLeader, leader elected after 5207ms
2019-09-12 10:32:33,313 [e5aec583-ea61-4f1a-b46a-16f569718c14:group-FBA73ADBF6E5:LeaderElection3] INFO  server.RaftServerConfigKeys (ConfUtils.java:logGet(43)) - raft.server.staging.catchup.gap = 1000 (default)
2019-09-12 10:32:33,313 [e5aec583-ea61-4f1a-b46a-16f569718c14:group-FBA73ADBF6E5:LeaderElection3] INFO  server.RaftServerConfigKeys (ConfUtils.java:logGet(43)) - raft.server.rpc.sleep.time = 25ms (default)
2019-09-12 10:32:33,313 [e5aec583-ea61-4f1a-b46a-16f569718c14:group-FBA73ADBF6E5:LeaderElection3] INFO  server.RaftServerConfigKeys (ConfUtils.java:logGet(43)) - raft.server.write.element-limit = 4096 (default)
2019-09-12 10:32:33,314 [e5aec583-ea61-4f1a-b46a-16f569718c14:group-FBA73ADBF6E5:LeaderElection3] INFO  server.RaftServerConfigKeys (ConfUtils.java:logGet(43)) - raft.server.watch.timeout = 10s (default)
2019-09-12 10:32:33,314 [e5aec583-ea61-4f1a-b46a-16f569718c14:group-FBA73ADBF6E5:LeaderElection3] INFO  server.RaftServerConfigKeys (ConfUtils.java:logGet(43)) - raft.server.watch.timeout.denomination = 1s (default)
2019-09-12 10:32:33,314 [e5aec583-ea61-4f1a-b46a-16f569718c14:group-FBA73ADBF6E5:LeaderElection3] INFO  server.RaftServerConfigKeys (ConfUtils.java:logGet(43)) - raft.server.watch.element-limit = 65536 (default)
2019-09-12 10:32:33,314 [e5aec583-ea61-4f1a-b46a-16f569718c14:group-FBA73ADBF6E5:LeaderElection3] INFO  impl.RoleInfo (RoleInfo.java:updateAndGet(143)) - e5aec583-ea61-4f1a-b46a-16f569718c14: start LeaderState
2019-09-12 10:32:33,315 [e5aec583-ea61-4f1a-b46a-16f569718c14:group-FBA73ADBF6E5:LeaderElection3] INFO  segmented.SegmentedRaftLogWorker (SegmentedRaftLogWorker.java:startLogSegment(380)) - e5aec583-ea61-4f1a-b46a-16f569718c14-SegmentedRaftLogWorker:Storage Directory /workdir/hadoop-ozone/integration-test/target/test-dir/MiniOzoneClusterImpl-03df5328-cb4f-49b2-a840-73a4610bd6b2/datanode-1/data/ratis/ca371fb7-8121-474e-9b82-fba73adbf6e5: Starting segment from index:0
2019-09-12 10:32:33,315 [e5aec583-ea61-4f1a-b46a-16f569718c14:group-FBA73ADBF6E5:LeaderElection3] INFO  impl.RaftServerImpl (ServerState.java:setRaftConf(361)) - e5aec583-ea61-4f1a-b46a-16f569718c14:group-FBA73ADBF6E5 set configuration 0: [e5aec583-ea61-4f1a-b46a-16f569718c14:192.168.157.195:39535], old=null at 0
2019-09-12 10:32:33,348 [Thread-192] INFO  impl.FollowerState (FollowerState.java:run(106)) - e5aec583-ea61-4f1a-b46a-16f569718c14:group-4586BA10DB89 changes to CANDIDATE, lastRpcTime:5009, electionTimeout:5009ms
2019-09-12 10:32:33,350 [Thread-192] INFO  impl.RoleInfo (RoleInfo.java:shutdownFollowerState(121)) - e5aec583-ea61-4f1a-b46a-16f569718c14: shutdown FollowerState
2019-09-12 10:32:33,350 [Thread-192] INFO  impl.RaftServerImpl (RaftServerImpl.java:setRole(171)) - e5aec583-ea61-4f1a-b46a-16f569718c14:group-4586BA10DB89 changes role from FOLLOWER to CANDIDATE at term 0 for changeToCandidate
2019-09-12 10:32:33,350 [Thread-192] INFO  impl.RoleInfo (RoleInfo.java:updateAndGet(143)) - e5aec583-ea61-4f1a-b46a-16f569718c14: start LeaderElection
2019-09-12 10:32:33,361 [e5aec583-ea61-4f1a-b46a-16f569718c14-SegmentedRaftLogWorker:Storage Directory /workdir/hadoop-ozone/integration-test/target/test-dir/MiniOzoneClusterImpl-03df5328-cb4f-49b2-a840-73a4610bd6b2/datanode-1/data/ratis/ca371fb7-8121-474e-9b82-fba73adbf6e5] INFO  segmented.SegmentedRaftLogWorker (SegmentedRaftLogWorker.java:execute(569)) - e5aec583-ea61-4f1a-b46a-16f569718c14-SegmentedRaftLogWorker:Storage Directory /workdir/hadoop-ozone/integration-test/target/test-dir/MiniOzoneClusterImpl-03df5328-cb4f-49b2-a840-73a4610bd6b2/datanode-1/data/ratis/ca371fb7-8121-474e-9b82-fba73adbf6e5: created new log segment /workdir/hadoop-ozone/integration-test/target/test-dir/MiniOzoneClusterImpl-03df5328-cb4f-49b2-a840-73a4610bd6b2/datanode-1/data/ratis/ca371fb7-8121-474e-9b82-fba73adbf6e5/current/log_inprogress_0
2019-09-12 10:32:33,361 [e5aec583-ea61-4f1a-b46a-16f569718c14:group-4586BA10DB89:LeaderElection4] INFO  impl.LeaderElection (LeaderElection.java:askForVotes(181)) - e5aec583-ea61-4f1a-b46a-16f569718c14:group-4586BA10DB89:LeaderElection4: begin an election at term 1 for -1: [e5aec583-ea61-4f1a-b46a-16f569718c14:192.168.157.195:39535], old=null
2019-09-12 10:32:33,361 [e5aec583-ea61-4f1a-b46a-16f569718c14:group-4586BA10DB89:LeaderElection4] INFO  impl.RoleInfo (RoleInfo.java:shutdownLeaderElection(134)) - e5aec583-ea61-4f1a-b46a-16f569718c14: shutdown LeaderElection
2019-09-12 10:32:33,361 [e5aec583-ea61-4f1a-b46a-16f569718c14:group-4586BA10DB89:LeaderElection4] INFO  impl.RaftServerImpl (RaftServerImpl.java:setRole(171)) - e5aec583-ea61-4f1a-b46a-16f569718c14:group-4586BA10DB89 changes role from CANDIDATE to LEADER at term 1 for changeToLeader
2019-09-12 10:32:33,362 [e5aec583-ea61-4f1a-b46a-16f569718c14:group-4586BA10DB89:LeaderElection4] INFO  impl.RaftServerImpl (ServerState.java:setLeader(263)) - e5aec583-ea61-4f1a-b46a-16f569718c14:group-4586BA10DB89 change Leader from null to e5aec583-ea61-4f1a-b46a-16f569718c14 at term 1 for becomeLeader, leader elected after 5028ms
2019-09-12 10:32:33,362 [e5aec583-ea61-4f1a-b46a-16f569718c14:group-4586BA10DB89:LeaderElection4] INFO  server.RaftServerConfigKeys (ConfUtils.java:logGet(43)) - raft.server.staging.catchup.gap = 1000 (default)
2019-09-12 10:32:33,362 [e5aec583-ea61-4f1a-b46a-16f569718c14:group-4586BA10DB89:LeaderElection4] INFO  server.RaftServerConfigKeys (ConfUtils.java:logGet(43)) - raft.server.rpc.sleep.time = 25ms (default)
2019-09-12 10:32:33,362 [e5aec583-ea61-4f1a-b46a-16f569718c14:group-4586BA10DB89:LeaderElection4] INFO  server.RaftServerConfigKeys (ConfUtils.java:logGet(43)) - raft.server.write.element-limit = 4096 (default)
2019-09-12 10:32:33,363 [e5aec583-ea61-4f1a-b46a-16f569718c14:group-4586BA10DB89:LeaderElection4] INFO  server.RaftServerConfigKeys (ConfUtils.java:logGet(43)) - raft.server.watch.timeout = 10s (default)
2019-09-12 10:32:33,363 [e5aec583-ea61-4f1a-b46a-16f569718c14:group-4586BA10DB89:LeaderElection4] INFO  server.RaftServerConfigKeys (ConfUtils.java:logGet(43)) - raft.server.watch.timeout.denomination = 1s (default)
2019-09-12 10:32:33,363 [e5aec583-ea61-4f1a-b46a-16f569718c14:group-4586BA10DB89:LeaderElection4] INFO  server.RaftServerConfigKeys (ConfUtils.java:logGet(43)) - raft.server.watch.element-limit = 65536 (default)
2019-09-12 10:32:33,363 [e5aec583-ea61-4f1a-b46a-16f569718c14:group-4586BA10DB89:LeaderElection4] INFO  impl.RoleInfo (RoleInfo.java:updateAndGet(143)) - e5aec583-ea61-4f1a-b46a-16f569718c14: start LeaderState
2019-09-12 10:32:33,364 [e5aec583-ea61-4f1a-b46a-16f569718c14:group-4586BA10DB89:LeaderElection4] INFO  segmented.SegmentedRaftLogWorker (SegmentedRaftLogWorker.java:startLogSegment(380)) - e5aec583-ea61-4f1a-b46a-16f569718c14-SegmentedRaftLogWorker:Storage Directory /workdir/hadoop-ozone/integration-test/target/test-dir/MiniOzoneClusterImpl-03df5328-cb4f-49b2-a840-73a4610bd6b2/datanode-1/data/ratis/85869f86-dff0-4eda-a532-4586ba10db89: Starting segment from index:0
2019-09-12 10:32:33,364 [e5aec583-ea61-4f1a-b46a-16f569718c14:group-4586BA10DB89:LeaderElection4] INFO  impl.RaftServerImpl (ServerState.java:setRaftConf(361)) - e5aec583-ea61-4f1a-b46a-16f569718c14:group-4586BA10DB89 set configuration 0: [e5aec583-ea61-4f1a-b46a-16f569718c14:192.168.157.195:39535], old=null at 0
2019-09-12 10:32:33,415 [e5aec583-ea61-4f1a-b46a-16f569718c14-SegmentedRaftLogWorker:Storage Directory /workdir/hadoop-ozone/integration-test/target/test-dir/MiniOzoneClusterImpl-03df5328-cb4f-49b2-a840-73a4610bd6b2/datanode-1/data/ratis/85869f86-dff0-4eda-a532-4586ba10db89] INFO  segmented.SegmentedRaftLogWorker (SegmentedRaftLogWorker.java:execute(569)) - e5aec583-ea61-4f1a-b46a-16f569718c14-SegmentedRaftLogWorker:Storage Directory /workdir/hadoop-ozone/integration-test/target/test-dir/MiniOzoneClusterImpl-03df5328-cb4f-49b2-a840-73a4610bd6b2/datanode-1/data/ratis/85869f86-dff0-4eda-a532-4586ba10db89: created new log segment /workdir/hadoop-ozone/integration-test/target/test-dir/MiniOzoneClusterImpl-03df5328-cb4f-49b2-a840-73a4610bd6b2/datanode-1/data/ratis/85869f86-dff0-4eda-a532-4586ba10db89/current/log_inprogress_0
2019-09-12 10:32:33,418 [Thread-188] INFO  impl.FollowerState (FollowerState.java:run(106)) - 80325dc5-bfcd-4416-8aa5-165bd32e2b28:group-7BDB98D08CD6 changes to CANDIDATE, lastRpcTime:5159, electionTimeout:5159ms
2019-09-12 10:32:33,418 [Thread-188] INFO  impl.RoleInfo (RoleInfo.java:shutdownFollowerState(121)) - 80325dc5-bfcd-4416-8aa5-165bd32e2b28: shutdown FollowerState
2019-09-12 10:32:33,418 [Thread-188] INFO  impl.RaftServerImpl (RaftServerImpl.java:setRole(171)) - 80325dc5-bfcd-4416-8aa5-165bd32e2b28:group-7BDB98D08CD6 changes role from FOLLOWER to CANDIDATE at term 0 for changeToCandidate
2019-09-12 10:32:33,419 [Thread-188] INFO  impl.RoleInfo (RoleInfo.java:updateAndGet(143)) - 80325dc5-bfcd-4416-8aa5-165bd32e2b28: start LeaderElection
2019-09-12 10:32:33,426 [grpc-default-executor-1] INFO  client.GrpcClientProtocolClient (GrpcClientProtocolClient.java:onNext(255)) - client-4F514FE88257->8bf28770-b006-473a-8b5e-ef696e489f09: receive RaftClientReply:client-4F514FE88257->8bf28770-b006-473a-8b5e-ef696e489f09@group-A4801B4F4707, cid=18, FAILED org.apache.ratis.protocol.NotLeaderException: Server 8bf28770-b006-473a-8b5e-ef696e489f09 is not the leader (null). Request must be sent to leader., logIndex=0, commits[8bf28770-b006-473a-8b5e-ef696e489f09:c-1]
2019-09-12 10:32:33,429 [80325dc5-bfcd-4416-8aa5-165bd32e2b28:group-7BDB98D08CD6:LeaderElection5] INFO  impl.LeaderElection (LeaderElection.java:askForVotes(181)) - 80325dc5-bfcd-4416-8aa5-165bd32e2b28:group-7BDB98D08CD6:LeaderElection5: begin an election at term 1 for -1: [80325dc5-bfcd-4416-8aa5-165bd32e2b28:192.168.157.195:38292], old=null
2019-09-12 10:32:33,430 [80325dc5-bfcd-4416-8aa5-165bd32e2b28:group-7BDB98D08CD6:LeaderElection5] INFO  impl.RoleInfo (RoleInfo.java:shutdownLeaderElection(134)) - 80325dc5-bfcd-4416-8aa5-165bd32e2b28: shutdown LeaderElection
2019-09-12 10:32:33,430 [80325dc5-bfcd-4416-8aa5-165bd32e2b28:group-7BDB98D08CD6:LeaderElection5] INFO  impl.RaftServerImpl (RaftServerImpl.java:setRole(171)) - 80325dc5-bfcd-4416-8aa5-165bd32e2b28:group-7BDB98D08CD6 changes role from CANDIDATE to LEADER at term 1 for changeToLeader
2019-09-12 10:32:33,430 [80325dc5-bfcd-4416-8aa5-165bd32e2b28:group-7BDB98D08CD6:LeaderElection5] INFO  impl.RaftServerImpl (ServerState.java:setLeader(263)) - 80325dc5-bfcd-4416-8aa5-165bd32e2b28:group-7BDB98D08CD6 change Leader from null to 80325dc5-bfcd-4416-8aa5-165bd32e2b28 at term 1 for becomeLeader, leader elected after 5177ms
2019-09-12 10:32:33,430 [80325dc5-bfcd-4416-8aa5-165bd32e2b28:group-7BDB98D08CD6:LeaderElection5] INFO  server.RaftServerConfigKeys (ConfUtils.java:logGet(43)) - raft.server.staging.catchup.gap = 1000 (default)
2019-09-12 10:32:33,430 [80325dc5-bfcd-4416-8aa5-165bd32e2b28:group-7BDB98D08CD6:LeaderElection5] INFO  server.RaftServerConfigKeys (ConfUtils.java:logGet(43)) - raft.server.rpc.sleep.time = 25ms (default)
2019-09-12 10:32:33,431 [80325dc5-bfcd-4416-8aa5-165bd32e2b28:group-7BDB98D08CD6:LeaderElection5] INFO  server.RaftServerConfigKeys (ConfUtils.java:logGet(43)) - raft.server.write.element-limit = 4096 (default)
2019-09-12 10:32:33,431 [80325dc5-bfcd-4416-8aa5-165bd32e2b28:group-7BDB98D08CD6:LeaderElection5] INFO  server.RaftServerConfigKeys (ConfUtils.java:logGet(43)) - raft.server.watch.timeout = 10s (default)
2019-09-12 10:32:33,431 [80325dc5-bfcd-4416-8aa5-165bd32e2b28:group-7BDB98D08CD6:LeaderElection5] INFO  server.RaftServerConfigKeys (ConfUtils.java:logGet(43)) - raft.server.watch.timeout.denomination = 1s (default)
2019-09-12 10:32:33,431 [80325dc5-bfcd-4416-8aa5-165bd32e2b28:group-7BDB98D08CD6:LeaderElection5] INFO  server.RaftServerConfigKeys (ConfUtils.java:logGet(43)) - raft.server.watch.element-limit = 65536 (default)
2019-09-12 10:32:33,431 [80325dc5-bfcd-4416-8aa5-165bd32e2b28:group-7BDB98D08CD6:LeaderElection5] INFO  impl.RoleInfo (RoleInfo.java:updateAndGet(143)) - 80325dc5-bfcd-4416-8aa5-165bd32e2b28: start LeaderState
2019-09-12 10:32:33,432 [80325dc5-bfcd-4416-8aa5-165bd32e2b28:group-7BDB98D08CD6:LeaderElection5] INFO  segmented.SegmentedRaftLogWorker (SegmentedRaftLogWorker.java:startLogSegment(380)) - 80325dc5-bfcd-4416-8aa5-165bd32e2b28-SegmentedRaftLogWorker:Storage Directory /workdir/hadoop-ozone/integration-test/target/test-dir/MiniOzoneClusterImpl-03df5328-cb4f-49b2-a840-73a4610bd6b2/datanode-2/data/ratis/46d4cc9e-a257-4ba6-8f31-7bdb98d08cd6: Starting segment from index:0
2019-09-12 10:32:33,432 [80325dc5-bfcd-4416-8aa5-165bd32e2b28:group-7BDB98D08CD6:LeaderElection5] INFO  impl.RaftServerImpl (ServerState.java:setRaftConf(361)) - 80325dc5-bfcd-4416-8aa5-165bd32e2b28:group-7BDB98D08CD6 set configuration 0: [80325dc5-bfcd-4416-8aa5-165bd32e2b28:192.168.157.195:38292], old=null at 0
2019-09-12 10:32:33,482 [80325dc5-bfcd-4416-8aa5-165bd32e2b28-SegmentedRaftLogWorker:Storage Directory /workdir/hadoop-ozone/integration-test/target/test-dir/MiniOzoneClusterImpl-03df5328-cb4f-49b2-a840-73a4610bd6b2/datanode-2/data/ratis/46d4cc9e-a257-4ba6-8f31-7bdb98d08cd6] INFO  segmented.SegmentedRaftLogWorker (SegmentedRaftLogWorker.java:execute(569)) - 80325dc5-bfcd-4416-8aa5-165bd32e2b28-SegmentedRaftLogWorker:Storage Directory /workdir/hadoop-ozone/integration-test/target/test-dir/MiniOzoneClusterImpl-03df5328-cb4f-49b2-a840-73a4610bd6b2/datanode-2/data/ratis/46d4cc9e-a257-4ba6-8f31-7bdb98d08cd6: created new log segment /workdir/hadoop-ozone/integration-test/target/test-dir/MiniOzoneClusterImpl-03df5328-cb4f-49b2-a840-73a4610bd6b2/datanode-2/data/ratis/46d4cc9e-a257-4ba6-8f31-7bdb98d08cd6/current/log_inprogress_0
2019-09-12 10:32:33,563 [Thread-195] INFO  impl.FollowerState (FollowerState.java:run(106)) - e5aec583-ea61-4f1a-b46a-16f569718c14:group-BB358B49E142 changes to CANDIDATE, lastRpcTime:5158, electionTimeout:5158ms
2019-09-12 10:32:33,563 [Thread-195] INFO  impl.RoleInfo (RoleInfo.java:shutdownFollowerState(121)) - e5aec583-ea61-4f1a-b46a-16f569718c14: shutdown FollowerState
2019-09-12 10:32:33,563 [Thread-195] INFO  impl.RaftServerImpl (RaftServerImpl.java:setRole(171)) - e5aec583-ea61-4f1a-b46a-16f569718c14:group-BB358B49E142 changes role from FOLLOWER to CANDIDATE at term 0 for changeToCandidate
2019-09-12 10:32:33,563 [Thread-195] INFO  impl.RoleInfo (RoleInfo.java:updateAndGet(143)) - e5aec583-ea61-4f1a-b46a-16f569718c14: start LeaderElection
2019-09-12 10:32:33,579 [Thread-198] INFO  impl.FollowerState (FollowerState.java:run(106)) - 8bf28770-b006-473a-8b5e-ef696e489f09:group-EA2C914442D6 changes to CANDIDATE, lastRpcTime:5096, electionTimeout:5096ms
2019-09-12 10:32:33,580 [Thread-198] INFO  impl.RoleInfo (RoleInfo.java:shutdownFollowerState(121)) - 8bf28770-b006-473a-8b5e-ef696e489f09: shutdown FollowerState
2019-09-12 10:32:33,580 [e5aec583-ea61-4f1a-b46a-16f569718c14:group-BB358B49E142:LeaderElection6] INFO  impl.LeaderElection (LeaderElection.java:askForVotes(181)) - e5aec583-ea61-4f1a-b46a-16f569718c14:group-BB358B49E142:LeaderElection6: begin an election at term 1 for -1: [e5aec583-ea61-4f1a-b46a-16f569718c14:192.168.157.195:39535], old=null
2019-09-12 10:32:33,580 [Thread-198] INFO  impl.RaftServerImpl (RaftServerImpl.java:setRole(171)) - 8bf28770-b006-473a-8b5e-ef696e489f09:group-EA2C914442D6 changes role from FOLLOWER to CANDIDATE at term 0 for changeToCandidate
2019-09-12 10:32:33,580 [e5aec583-ea61-4f1a-b46a-16f569718c14:group-BB358B49E142:LeaderElection6] INFO  impl.RoleInfo (RoleInfo.java:shutdownLeaderElection(134)) - e5aec583-ea61-4f1a-b46a-16f569718c14: shutdown LeaderElection
2019-09-12 10:32:33,581 [Thread-198] INFO  impl.RoleInfo (RoleInfo.java:updateAndGet(143)) - 8bf28770-b006-473a-8b5e-ef696e489f09: start LeaderElection
2019-09-12 10:32:33,581 [e5aec583-ea61-4f1a-b46a-16f569718c14:group-BB358B49E142:LeaderElection6] INFO  impl.RaftServerImpl (RaftServerImpl.java:setRole(171)) - e5aec583-ea61-4f1a-b46a-16f569718c14:group-BB358B49E142 changes role from CANDIDATE to LEADER at term 1 for changeToLeader
2019-09-12 10:32:33,581 [e5aec583-ea61-4f1a-b46a-16f569718c14:group-BB358B49E142:LeaderElection6] INFO  impl.RaftServerImpl (ServerState.java:setLeader(263)) - e5aec583-ea61-4f1a-b46a-16f569718c14:group-BB358B49E142 change Leader from null to e5aec583-ea61-4f1a-b46a-16f569718c14 at term 1 for becomeLeader, leader elected after 5180ms
2019-09-12 10:32:33,583 [e5aec583-ea61-4f1a-b46a-16f569718c14:group-BB358B49E142:LeaderElection6] INFO  server.RaftServerConfigKeys (ConfUtils.java:logGet(43)) - raft.server.staging.catchup.gap = 1000 (default)
2019-09-12 10:32:33,585 [e5aec583-ea61-4f1a-b46a-16f569718c14:group-BB358B49E142:LeaderElection6] INFO  server.RaftServerConfigKeys (ConfUtils.java:logGet(43)) - raft.server.rpc.sleep.time = 25ms (default)
2019-09-12 10:32:33,585 [e5aec583-ea61-4f1a-b46a-16f569718c14:group-BB358B49E142:LeaderElection6] INFO  server.RaftServerConfigKeys (ConfUtils.java:logGet(43)) - raft.server.write.element-limit = 4096 (default)
2019-09-12 10:32:33,585 [e5aec583-ea61-4f1a-b46a-16f569718c14:group-BB358B49E142:LeaderElection6] INFO  server.RaftServerConfigKeys (ConfUtils.java:logGet(43)) - raft.server.watch.timeout = 10s (default)
2019-09-12 10:32:33,586 [e5aec583-ea61-4f1a-b46a-16f569718c14:group-BB358B49E142:LeaderElection6] INFO  server.RaftServerConfigKeys (ConfUtils.java:logGet(43)) - raft.server.watch.timeout.denomination = 1s (default)
2019-09-12 10:32:33,586 [e5aec583-ea61-4f1a-b46a-16f569718c14:group-BB358B49E142:LeaderElection6] INFO  server.RaftServerConfigKeys (ConfUtils.java:logGet(43)) - raft.server.watch.element-limit = 65536 (default)
2019-09-12 10:32:33,586 [e5aec583-ea61-4f1a-b46a-16f569718c14:group-BB358B49E142:LeaderElection6] INFO  impl.RoleInfo (RoleInfo.java:updateAndGet(143)) - e5aec583-ea61-4f1a-b46a-16f569718c14: start LeaderState
2019-09-12 10:32:33,587 [e5aec583-ea61-4f1a-b46a-16f569718c14:group-BB358B49E142:LeaderElection6] INFO  segmented.SegmentedRaftLogWorker (SegmentedRaftLogWorker.java:startLogSegment(380)) - e5aec583-ea61-4f1a-b46a-16f569718c14-SegmentedRaftLogWorker:Storage Directory /workdir/hadoop-ozone/integration-test/target/test-dir/MiniOzoneClusterImpl-03df5328-cb4f-49b2-a840-73a4610bd6b2/datanode-1/data/ratis/0b1cae4a-9e8c-4537-a3f3-bb358b49e142: Starting segment from index:0
2019-09-12 10:32:33,587 [e5aec583-ea61-4f1a-b46a-16f569718c14:group-BB358B49E142:LeaderElection6] INFO  impl.RaftServerImpl (ServerState.java:setRaftConf(361)) - e5aec583-ea61-4f1a-b46a-16f569718c14:group-BB358B49E142 set configuration 0: [e5aec583-ea61-4f1a-b46a-16f569718c14:192.168.157.195:39535], old=null at 0
2019-09-12 10:32:33,626 [8bf28770-b006-473a-8b5e-ef696e489f09:group-EA2C914442D6:LeaderElection7] INFO  impl.LeaderElection (LeaderElection.java:askForVotes(181)) - 8bf28770-b006-473a-8b5e-ef696e489f09:group-EA2C914442D6:LeaderElection7: begin an election at term 1 for -1: [8bf28770-b006-473a-8b5e-ef696e489f09:192.168.157.195:42117], old=null
2019-09-12 10:32:33,626 [8bf28770-b006-473a-8b5e-ef696e489f09:group-EA2C914442D6:LeaderElection7] INFO  impl.RoleInfo (RoleInfo.java:shutdownLeaderElection(134)) - 8bf28770-b006-473a-8b5e-ef696e489f09: shutdown LeaderElection
2019-09-12 10:32:33,626 [8bf28770-b006-473a-8b5e-ef696e489f09:group-EA2C914442D6:LeaderElection7] INFO  impl.RaftServerImpl (RaftServerImpl.java:setRole(171)) - 8bf28770-b006-473a-8b5e-ef696e489f09:group-EA2C914442D6 changes role from CANDIDATE to LEADER at term 1 for changeToLeader
2019-09-12 10:32:33,626 [8bf28770-b006-473a-8b5e-ef696e489f09:group-EA2C914442D6:LeaderElection7] INFO  impl.RaftServerImpl (ServerState.java:setLeader(263)) - 8bf28770-b006-473a-8b5e-ef696e489f09:group-EA2C914442D6 change Leader from null to 8bf28770-b006-473a-8b5e-ef696e489f09 at term 1 for becomeLeader, leader elected after 5150ms
2019-09-12 10:32:33,626 [8bf28770-b006-473a-8b5e-ef696e489f09:group-EA2C914442D6:LeaderElection7] INFO  server.RaftServerConfigKeys (ConfUtils.java:logGet(43)) - raft.server.staging.catchup.gap = 1000 (default)
2019-09-12 10:32:33,627 [8bf28770-b006-473a-8b5e-ef696e489f09:group-EA2C914442D6:LeaderElection7] INFO  server.RaftServerConfigKeys (ConfUtils.java:logGet(43)) - raft.server.rpc.sleep.time = 25ms (default)
2019-09-12 10:32:33,627 [8bf28770-b006-473a-8b5e-ef696e489f09:group-EA2C914442D6:LeaderElection7] INFO  server.RaftServerConfigKeys (ConfUtils.java:logGet(43)) - raft.server.write.element-limit = 4096 (default)
2019-09-12 10:32:33,627 [8bf28770-b006-473a-8b5e-ef696e489f09:group-EA2C914442D6:LeaderElection7] INFO  server.RaftServerConfigKeys (ConfUtils.java:logGet(43)) - raft.server.watch.timeout = 10s (default)
2019-09-12 10:32:33,627 [8bf28770-b006-473a-8b5e-ef696e489f09:group-EA2C914442D6:LeaderElection7] INFO  server.RaftServerConfigKeys (ConfUtils.java:logGet(43)) - raft.server.watch.timeout.denomination = 1s (default)
2019-09-12 10:32:33,627 [8bf28770-b006-473a-8b5e-ef696e489f09:group-EA2C914442D6:LeaderElection7] INFO  server.RaftServerConfigKeys (ConfUtils.java:logGet(43)) - raft.server.watch.element-limit = 65536 (default)
2019-09-12 10:32:33,628 [8bf28770-b006-473a-8b5e-ef696e489f09:group-EA2C914442D6:LeaderElection7] INFO  impl.RoleInfo (RoleInfo.java:updateAndGet(143)) - 8bf28770-b006-473a-8b5e-ef696e489f09: start LeaderState
2019-09-12 10:32:33,628 [8bf28770-b006-473a-8b5e-ef696e489f09:group-EA2C914442D6:LeaderElection7] INFO  segmented.SegmentedRaftLogWorker (SegmentedRaftLogWorker.java:startLogSegment(380)) - 8bf28770-b006-473a-8b5e-ef696e489f09-SegmentedRaftLogWorker:Storage Directory /workdir/hadoop-ozone/integration-test/target/test-dir/MiniOzoneClusterImpl-03df5328-cb4f-49b2-a840-73a4610bd6b2/datanode-0/data/ratis/2e84f3bf-748a-4325-987e-ea2c914442d6: Starting segment from index:0
2019-09-12 10:32:33,629 [8bf28770-b006-473a-8b5e-ef696e489f09:group-EA2C914442D6:LeaderElection7] INFO  impl.RaftServerImpl (ServerState.java:setRaftConf(361)) - 8bf28770-b006-473a-8b5e-ef696e489f09:group-EA2C914442D6 set configuration 0: [8bf28770-b006-473a-8b5e-ef696e489f09:192.168.157.195:42117], old=null at 0
2019-09-12 10:32:33,668 [Thread-206] INFO  impl.FollowerState (FollowerState.java:run(106)) - 80325dc5-bfcd-4416-8aa5-165bd32e2b28:group-6518EE489678 changes to CANDIDATE, lastRpcTime:5055, electionTimeout:5049ms
2019-09-12 10:32:33,668 [e5aec583-ea61-4f1a-b46a-16f569718c14-SegmentedRaftLogWorker:Storage Directory /workdir/hadoop-ozone/integration-test/target/test-dir/MiniOzoneClusterImpl-03df5328-cb4f-49b2-a840-73a4610bd6b2/datanode-1/data/ratis/0b1cae4a-9e8c-4537-a3f3-bb358b49e142] INFO  segmented.SegmentedRaftLogWorker (SegmentedRaftLogWorker.java:execute(569)) - e5aec583-ea61-4f1a-b46a-16f569718c14-SegmentedRaftLogWorker:Storage Directory /workdir/hadoop-ozone/integration-test/target/test-dir/MiniOzoneClusterImpl-03df5328-cb4f-49b2-a840-73a4610bd6b2/datanode-1/data/ratis/0b1cae4a-9e8c-4537-a3f3-bb358b49e142: created new log segment /workdir/hadoop-ozone/integration-test/target/test-dir/MiniOzoneClusterImpl-03df5328-cb4f-49b2-a840-73a4610bd6b2/datanode-1/data/ratis/0b1cae4a-9e8c-4537-a3f3-bb358b49e142/current/log_inprogress_0
2019-09-12 10:32:33,668 [Thread-206] INFO  impl.RoleInfo (RoleInfo.java:shutdownFollowerState(121)) - 80325dc5-bfcd-4416-8aa5-165bd32e2b28: shutdown FollowerState
2019-09-12 10:32:33,669 [Thread-206] INFO  impl.RaftServerImpl (RaftServerImpl.java:setRole(171)) - 80325dc5-bfcd-4416-8aa5-165bd32e2b28:group-6518EE489678 changes role from FOLLOWER to CANDIDATE at term 0 for changeToCandidate
2019-09-12 10:32:33,671 [Thread-202] INFO  impl.FollowerState (FollowerState.java:run(106)) - 8bf28770-b006-473a-8b5e-ef696e489f09:group-6692C0BB749E changes to CANDIDATE, lastRpcTime:5116, electionTimeout:5078ms
2019-09-12 10:32:33,672 [Thread-202] INFO  impl.RoleInfo (RoleInfo.java:shutdownFollowerState(121)) - 8bf28770-b006-473a-8b5e-ef696e489f09: shutdown FollowerState
2019-09-12 10:32:33,672 [Thread-206] INFO  impl.RoleInfo (RoleInfo.java:updateAndGet(143)) - 80325dc5-bfcd-4416-8aa5-165bd32e2b28: start LeaderElection
2019-09-12 10:32:33,672 [Thread-202] INFO  impl.RaftServerImpl (RaftServerImpl.java:setRole(171)) - 8bf28770-b006-473a-8b5e-ef696e489f09:group-6692C0BB749E changes role from FOLLOWER to CANDIDATE at term 0 for changeToCandidate
2019-09-12 10:32:33,672 [Thread-202] INFO  impl.RoleInfo (RoleInfo.java:updateAndGet(143)) - 8bf28770-b006-473a-8b5e-ef696e489f09: start LeaderElection
2019-09-12 10:32:33,676 [Thread-209] INFO  impl.FollowerState (FollowerState.java:run(106)) - e5aec583-ea61-4f1a-b46a-16f569718c14:group-E34741CF0D0F changes to CANDIDATE, lastRpcTime:5008, electionTimeout:5007ms
2019-09-12 10:32:33,676 | INFO  | SCMAudit | user=jenkins1000 | ip=192.168.157.195 | op=SEND_HEARTBEAT {datanodeUUID=8bf28770-b006-473a-8b5e-ef696e489f09, command=[]} | ret=SUCCESS |  
2019-09-12 10:32:33,676 [Thread-209] INFO  impl.RoleInfo (RoleInfo.java:shutdownFollowerState(121)) - e5aec583-ea61-4f1a-b46a-16f569718c14: shutdown FollowerState
2019-09-12 10:32:33,680 [Thread-209] INFO  impl.RaftServerImpl (RaftServerImpl.java:setRole(171)) - e5aec583-ea61-4f1a-b46a-16f569718c14:group-E34741CF0D0F changes role from FOLLOWER to CANDIDATE at term 0 for changeToCandidate
2019-09-12 10:32:33,681 [Thread-209] INFO  impl.RoleInfo (RoleInfo.java:updateAndGet(143)) - e5aec583-ea61-4f1a-b46a-16f569718c14: start LeaderElection
2019-09-12 10:32:33,681 [8bf28770-b006-473a-8b5e-ef696e489f09-SegmentedRaftLogWorker:Storage Directory /workdir/hadoop-ozone/integration-test/target/test-dir/MiniOzoneClusterImpl-03df5328-cb4f-49b2-a840-73a4610bd6b2/datanode-0/data/ratis/2e84f3bf-748a-4325-987e-ea2c914442d6] INFO  segmented.SegmentedRaftLogWorker (SegmentedRaftLogWorker.java:execute(569)) - 8bf28770-b006-473a-8b5e-ef696e489f09-SegmentedRaftLogWorker:Storage Directory /workdir/hadoop-ozone/integration-test/target/test-dir/MiniOzoneClusterImpl-03df5328-cb4f-49b2-a840-73a4610bd6b2/datanode-0/data/ratis/2e84f3bf-748a-4325-987e-ea2c914442d6: created new log segment /workdir/hadoop-ozone/integration-test/target/test-dir/MiniOzoneClusterImpl-03df5328-cb4f-49b2-a840-73a4610bd6b2/datanode-0/data/ratis/2e84f3bf-748a-4325-987e-ea2c914442d6/current/log_inprogress_0
2019-09-12 10:32:33,685 [80325dc5-bfcd-4416-8aa5-165bd32e2b28:group-6518EE489678:LeaderElection8] INFO  impl.LeaderElection (LeaderElection.java:askForVotes(181)) - 80325dc5-bfcd-4416-8aa5-165bd32e2b28:group-6518EE489678:LeaderElection8: begin an election at term 1 for -1: [80325dc5-bfcd-4416-8aa5-165bd32e2b28:192.168.157.195:38292], old=null
2019-09-12 10:32:33,685 [80325dc5-bfcd-4416-8aa5-165bd32e2b28:group-6518EE489678:LeaderElection8] INFO  impl.RoleInfo (RoleInfo.java:shutdownLeaderElection(134)) - 80325dc5-bfcd-4416-8aa5-165bd32e2b28: shutdown LeaderElection
2019-09-12 10:32:33,685 [80325dc5-bfcd-4416-8aa5-165bd32e2b28:group-6518EE489678:LeaderElection8] INFO  impl.RaftServerImpl (RaftServerImpl.java:setRole(171)) - 80325dc5-bfcd-4416-8aa5-165bd32e2b28:group-6518EE489678 changes role from CANDIDATE to LEADER at term 1 for changeToLeader
2019-09-12 10:32:33,685 [80325dc5-bfcd-4416-8aa5-165bd32e2b28:group-6518EE489678:LeaderElection8] INFO  impl.RaftServerImpl (ServerState.java:setLeader(263)) - 80325dc5-bfcd-4416-8aa5-165bd32e2b28:group-6518EE489678 change Leader from null to 80325dc5-bfcd-4416-8aa5-165bd32e2b28 at term 1 for becomeLeader, leader elected after 5078ms
2019-09-12 10:32:33,685 [80325dc5-bfcd-4416-8aa5-165bd32e2b28:group-6518EE489678:LeaderElection8] INFO  server.RaftServerConfigKeys (ConfUtils.java:logGet(43)) - raft.server.staging.catchup.gap = 1000 (default)
2019-09-12 10:32:33,685 [80325dc5-bfcd-4416-8aa5-165bd32e2b28:group-6518EE489678:LeaderElection8] INFO  server.RaftServerConfigKeys (ConfUtils.java:logGet(43)) - raft.server.rpc.sleep.time = 25ms (default)
2019-09-12 10:32:33,686 [80325dc5-bfcd-4416-8aa5-165bd32e2b28:group-6518EE489678:LeaderElection8] INFO  server.RaftServerConfigKeys (ConfUtils.java:logGet(43)) - raft.server.write.element-limit = 4096 (default)
2019-09-12 10:32:33,686 [80325dc5-bfcd-4416-8aa5-165bd32e2b28:group-6518EE489678:LeaderElection8] INFO  server.RaftServerConfigKeys (ConfUtils.java:logGet(43)) - raft.server.watch.timeout = 10s (default)
2019-09-12 10:32:33,686 [80325dc5-bfcd-4416-8aa5-165bd32e2b28:group-6518EE489678:LeaderElection8] INFO  server.RaftServerConfigKeys (ConfUtils.java:logGet(43)) - raft.server.watch.timeout.denomination = 1s (default)
2019-09-12 10:32:33,686 [80325dc5-bfcd-4416-8aa5-165bd32e2b28:group-6518EE489678:LeaderElection8] INFO  server.RaftServerConfigKeys (ConfUtils.java:logGet(43)) - raft.server.watch.element-limit = 65536 (default)
2019-09-12 10:32:33,687 [80325dc5-bfcd-4416-8aa5-165bd32e2b28:group-6518EE489678:LeaderElection8] INFO  impl.RoleInfo (RoleInfo.java:updateAndGet(143)) - 80325dc5-bfcd-4416-8aa5-165bd32e2b28: start LeaderState
2019-09-12 10:32:33,687 [80325dc5-bfcd-4416-8aa5-165bd32e2b28:group-6518EE489678:LeaderElection8] INFO  segmented.SegmentedRaftLogWorker (SegmentedRaftLogWorker.java:startLogSegment(380)) - 80325dc5-bfcd-4416-8aa5-165bd32e2b28-SegmentedRaftLogWorker:Storage Directory /workdir/hadoop-ozone/integration-test/target/test-dir/MiniOzoneClusterImpl-03df5328-cb4f-49b2-a840-73a4610bd6b2/datanode-2/data/ratis/db0aee24-f45d-419b-82ab-6518ee489678: Starting segment from index:0
2019-09-12 10:32:33,688 [80325dc5-bfcd-4416-8aa5-165bd32e2b28:group-6518EE489678:LeaderElection8] INFO  impl.RaftServerImpl (ServerState.java:setRaftConf(361)) - 80325dc5-bfcd-4416-8aa5-165bd32e2b28:group-6518EE489678 set configuration 0: [80325dc5-bfcd-4416-8aa5-165bd32e2b28:192.168.157.195:38292], old=null at 0
2019-09-12 10:32:33,727 [e5aec583-ea61-4f1a-b46a-16f569718c14:group-E34741CF0D0F:LeaderElection10] INFO  impl.LeaderElection (LeaderElection.java:askForVotes(181)) - e5aec583-ea61-4f1a-b46a-16f569718c14:group-E34741CF0D0F:LeaderElection10: begin an election at term 1 for -1: [e5aec583-ea61-4f1a-b46a-16f569718c14:192.168.157.195:39535], old=null
2019-09-12 10:32:33,727 [8bf28770-b006-473a-8b5e-ef696e489f09:group-6692C0BB749E:LeaderElection9] INFO  impl.LeaderElection (LeaderElection.java:askForVotes(181)) - 8bf28770-b006-473a-8b5e-ef696e489f09:group-6692C0BB749E:LeaderElection9: begin an election at term 1 for -1: [8bf28770-b006-473a-8b5e-ef696e489f09:192.168.157.195:42117], old=null
2019-09-12 10:32:33,728 [e5aec583-ea61-4f1a-b46a-16f569718c14:group-E34741CF0D0F:LeaderElection10] INFO  impl.RoleInfo (RoleInfo.java:shutdownLeaderElection(134)) - e5aec583-ea61-4f1a-b46a-16f569718c14: shutdown LeaderElection
2019-09-12 10:32:33,729 [8bf28770-b006-473a-8b5e-ef696e489f09:group-6692C0BB749E:LeaderElection9] INFO  impl.RoleInfo (RoleInfo.java:shutdownLeaderElection(134)) - 8bf28770-b006-473a-8b5e-ef696e489f09: shutdown LeaderElection
2019-09-12 10:32:33,729 [e5aec583-ea61-4f1a-b46a-16f569718c14:group-E34741CF0D0F:LeaderElection10] INFO  impl.RaftServerImpl (RaftServerImpl.java:setRole(171)) - e5aec583-ea61-4f1a-b46a-16f569718c14:group-E34741CF0D0F changes role from CANDIDATE to LEADER at term 1 for changeToLeader
2019-09-12 10:32:33,729 [8bf28770-b006-473a-8b5e-ef696e489f09:group-6692C0BB749E:LeaderElection9] INFO  impl.RaftServerImpl (RaftServerImpl.java:setRole(171)) - 8bf28770-b006-473a-8b5e-ef696e489f09:group-6692C0BB749E changes role from CANDIDATE to LEADER at term 1 for changeToLeader
2019-09-12 10:32:33,729 [e5aec583-ea61-4f1a-b46a-16f569718c14:group-E34741CF0D0F:LeaderElection10] INFO  impl.RaftServerImpl (ServerState.java:setLeader(263)) - e5aec583-ea61-4f1a-b46a-16f569718c14:group-E34741CF0D0F change Leader from null to e5aec583-ea61-4f1a-b46a-16f569718c14 at term 1 for becomeLeader, leader elected after 5065ms
2019-09-12 10:32:33,729 [8bf28770-b006-473a-8b5e-ef696e489f09:group-6692C0BB749E:LeaderElection9] INFO  impl.RaftServerImpl (ServerState.java:setLeader(263)) - 8bf28770-b006-473a-8b5e-ef696e489f09:group-6692C0BB749E change Leader from null to 8bf28770-b006-473a-8b5e-ef696e489f09 at term 1 for becomeLeader, leader elected after 5180ms
2019-09-12 10:32:33,729 [e5aec583-ea61-4f1a-b46a-16f569718c14:group-E34741CF0D0F:LeaderElection10] INFO  server.RaftServerConfigKeys (ConfUtils.java:logGet(43)) - raft.server.staging.catchup.gap = 1000 (default)
2019-09-12 10:32:33,730 [8bf28770-b006-473a-8b5e-ef696e489f09:group-6692C0BB749E:LeaderElection9] INFO  server.RaftServerConfigKeys (ConfUtils.java:logGet(43)) - raft.server.staging.catchup.gap = 1000 (default)
2019-09-12 10:32:33,730 [e5aec583-ea61-4f1a-b46a-16f569718c14:group-E34741CF0D0F:LeaderElection10] INFO  server.RaftServerConfigKeys (ConfUtils.java:logGet(43)) - raft.server.rpc.sleep.time = 25ms (default)
2019-09-12 10:32:33,730 [8bf28770-b006-473a-8b5e-ef696e489f09:group-6692C0BB749E:LeaderElection9] INFO  server.RaftServerConfigKeys (ConfUtils.java:logGet(43)) - raft.server.rpc.sleep.time = 25ms (default)
2019-09-12 10:32:33,730 [e5aec583-ea61-4f1a-b46a-16f569718c14:group-E34741CF0D0F:LeaderElection10] INFO  server.RaftServerConfigKeys (ConfUtils.java:logGet(43)) - raft.server.write.element-limit = 4096 (default)
2019-09-12 10:32:33,730 [8bf28770-b006-473a-8b5e-ef696e489f09:group-6692C0BB749E:LeaderElection9] INFO  server.RaftServerConfigKeys (ConfUtils.java:logGet(43)) - raft.server.write.element-limit = 4096 (default)
2019-09-12 10:32:33,730 [e5aec583-ea61-4f1a-b46a-16f569718c14:group-E34741CF0D0F:LeaderElection10] INFO  server.RaftServerConfigKeys (ConfUtils.java:logGet(43)) - raft.server.watch.timeout = 10s (default)
2019-09-12 10:32:33,731 [8bf28770-b006-473a-8b5e-ef696e489f09:group-6692C0BB749E:LeaderElection9] INFO  server.RaftServerConfigKeys (ConfUtils.java:logGet(43)) - raft.server.watch.timeout = 10s (default)
2019-09-12 10:32:33,731 [e5aec583-ea61-4f1a-b46a-16f569718c14:group-E34741CF0D0F:LeaderElection10] INFO  server.RaftServerConfigKeys (ConfUtils.java:logGet(43)) - raft.server.watch.timeout.denomination = 1s (default)
2019-09-12 10:32:33,731 [8bf28770-b006-473a-8b5e-ef696e489f09:group-6692C0BB749E:LeaderElection9] INFO  server.RaftServerConfigKeys (ConfUtils.java:logGet(43)) - raft.server.watch.timeout.denomination = 1s (default)
2019-09-12 10:32:33,731 [e5aec583-ea61-4f1a-b46a-16f569718c14:group-E34741CF0D0F:LeaderElection10] INFO  server.RaftServerConfigKeys (ConfUtils.java:logGet(43)) - raft.server.watch.element-limit = 65536 (default)
2019-09-12 10:32:33,731 [8bf28770-b006-473a-8b5e-ef696e489f09:group-6692C0BB749E:LeaderElection9] INFO  server.RaftServerConfigKeys (ConfUtils.java:logGet(43)) - raft.server.watch.element-limit = 65536 (default)
2019-09-12 10:32:33,731 [e5aec583-ea61-4f1a-b46a-16f569718c14:group-E34741CF0D0F:LeaderElection10] INFO  impl.RoleInfo (RoleInfo.java:updateAndGet(143)) - e5aec583-ea61-4f1a-b46a-16f569718c14: start LeaderState
2019-09-12 10:32:33,732 [8bf28770-b006-473a-8b5e-ef696e489f09:group-6692C0BB749E:LeaderElection9] INFO  impl.RoleInfo (RoleInfo.java:updateAndGet(143)) - 8bf28770-b006-473a-8b5e-ef696e489f09: start LeaderState
2019-09-12 10:32:33,732 [e5aec583-ea61-4f1a-b46a-16f569718c14:group-E34741CF0D0F:LeaderElection10] INFO  segmented.SegmentedRaftLogWorker (SegmentedRaftLogWorker.java:startLogSegment(380)) - e5aec583-ea61-4f1a-b46a-16f569718c14-SegmentedRaftLogWorker:Storage Directory /workdir/hadoop-ozone/integration-test/target/test-dir/MiniOzoneClusterImpl-03df5328-cb4f-49b2-a840-73a4610bd6b2/datanode-1/data/ratis/997e1fbe-b08f-4758-b061-e34741cf0d0f: Starting segment from index:0
2019-09-12 10:32:33,732 [8bf28770-b006-473a-8b5e-ef696e489f09:group-6692C0BB749E:LeaderElection9] INFO  segmented.SegmentedRaftLogWorker (SegmentedRaftLogWorker.java:startLogSegment(380)) - 8bf28770-b006-473a-8b5e-ef696e489f09-SegmentedRaftLogWorker:Storage Directory /workdir/hadoop-ozone/integration-test/target/test-dir/MiniOzoneClusterImpl-03df5328-cb4f-49b2-a840-73a4610bd6b2/datanode-0/data/ratis/9a3d3cc4-59e8-4f2a-98d4-6692c0bb749e: Starting segment from index:0
2019-09-12 10:32:33,733 [e5aec583-ea61-4f1a-b46a-16f569718c14:group-E34741CF0D0F:LeaderElection10] INFO  impl.RaftServerImpl (ServerState.java:setRaftConf(361)) - e5aec583-ea61-4f1a-b46a-16f569718c14:group-E34741CF0D0F set configuration 0: [e5aec583-ea61-4f1a-b46a-16f569718c14:192.168.157.195:39535], old=null at 0
2019-09-12 10:32:33,762 [80325dc5-bfcd-4416-8aa5-165bd32e2b28-SegmentedRaftLogWorker:Storage Directory /workdir/hadoop-ozone/integration-test/target/test-dir/MiniOzoneClusterImpl-03df5328-cb4f-49b2-a840-73a4610bd6b2/datanode-2/data/ratis/db0aee24-f45d-419b-82ab-6518ee489678] INFO  segmented.SegmentedRaftLogWorker (SegmentedRaftLogWorker.java:execute(569)) - 80325dc5-bfcd-4416-8aa5-165bd32e2b28-SegmentedRaftLogWorker:Storage Directory /workdir/hadoop-ozone/integration-test/target/test-dir/MiniOzoneClusterImpl-03df5328-cb4f-49b2-a840-73a4610bd6b2/datanode-2/data/ratis/db0aee24-f45d-419b-82ab-6518ee489678: created new log segment /workdir/hadoop-ozone/integration-test/target/test-dir/MiniOzoneClusterImpl-03df5328-cb4f-49b2-a840-73a4610bd6b2/datanode-2/data/ratis/db0aee24-f45d-419b-82ab-6518ee489678/current/log_inprogress_0
2019-09-12 10:32:33,762 [8bf28770-b006-473a-8b5e-ef696e489f09:group-6692C0BB749E:LeaderElection9] INFO  impl.RaftServerImpl (ServerState.java:setRaftConf(361)) - 8bf28770-b006-473a-8b5e-ef696e489f09:group-6692C0BB749E set configuration 0: [8bf28770-b006-473a-8b5e-ef696e489f09:192.168.157.195:42117], old=null at 0
2019-09-12 10:32:33,803 [Thread-215] INFO  impl.FollowerState (FollowerState.java:run(106)) - 80325dc5-bfcd-4416-8aa5-165bd32e2b28:group-2D33BC37C155 changes to CANDIDATE, lastRpcTime:5016, electionTimeout:5009ms
2019-09-12 10:32:33,808 [Thread-215] INFO  impl.RoleInfo (RoleInfo.java:shutdownFollowerState(121)) - 80325dc5-bfcd-4416-8aa5-165bd32e2b28: shutdown FollowerState
2019-09-12 10:32:33,809 [e5aec583-ea61-4f1a-b46a-16f569718c14-SegmentedRaftLogWorker:Storage Directory /workdir/hadoop-ozone/integration-test/target/test-dir/MiniOzoneClusterImpl-03df5328-cb4f-49b2-a840-73a4610bd6b2/datanode-1/data/ratis/997e1fbe-b08f-4758-b061-e34741cf0d0f] INFO  segmented.SegmentedRaftLogWorker (SegmentedRaftLogWorker.java:execute(569)) - e5aec583-ea61-4f1a-b46a-16f569718c14-SegmentedRaftLogWorker:Storage Directory /workdir/hadoop-ozone/integration-test/target/test-dir/MiniOzoneClusterImpl-03df5328-cb4f-49b2-a840-73a4610bd6b2/datanode-1/data/ratis/997e1fbe-b08f-4758-b061-e34741cf0d0f: created new log segment /workdir/hadoop-ozone/integration-test/target/test-dir/MiniOzoneClusterImpl-03df5328-cb4f-49b2-a840-73a4610bd6b2/datanode-1/data/ratis/997e1fbe-b08f-4758-b061-e34741cf0d0f/current/log_inprogress_0
2019-09-12 10:32:33,809 [Thread-215] INFO  impl.RaftServerImpl (RaftServerImpl.java:setRole(171)) - 80325dc5-bfcd-4416-8aa5-165bd32e2b28:group-2D33BC37C155 changes role from FOLLOWER to CANDIDATE at term 0 for changeToCandidate
2019-09-12 10:32:33,810 [Thread-215] INFO  impl.RoleInfo (RoleInfo.java:updateAndGet(143)) - 80325dc5-bfcd-4416-8aa5-165bd32e2b28: start LeaderElection
2019-09-12 10:32:33,822 [8bf28770-b006-473a-8b5e-ef696e489f09-SegmentedRaftLogWorker:Storage Directory /workdir/hadoop-ozone/integration-test/target/test-dir/MiniOzoneClusterImpl-03df5328-cb4f-49b2-a840-73a4610bd6b2/datanode-0/data/ratis/9a3d3cc4-59e8-4f2a-98d4-6692c0bb749e] INFO  segmented.SegmentedRaftLogWorker (SegmentedRaftLogWorker.java:execute(569)) - 8bf28770-b006-473a-8b5e-ef696e489f09-SegmentedRaftLogWorker:Storage Directory /workdir/hadoop-ozone/integration-test/target/test-dir/MiniOzoneClusterImpl-03df5328-cb4f-49b2-a840-73a4610bd6b2/datanode-0/data/ratis/9a3d3cc4-59e8-4f2a-98d4-6692c0bb749e: created new log segment /workdir/hadoop-ozone/integration-test/target/test-dir/MiniOzoneClusterImpl-03df5328-cb4f-49b2-a840-73a4610bd6b2/datanode-0/data/ratis/9a3d3cc4-59e8-4f2a-98d4-6692c0bb749e/current/log_inprogress_0
2019-09-12 10:32:33,823 [80325dc5-bfcd-4416-8aa5-165bd32e2b28:group-2D33BC37C155:LeaderElection11] INFO  impl.LeaderElection (LeaderElection.java:askForVotes(181)) - 80325dc5-bfcd-4416-8aa5-165bd32e2b28:group-2D33BC37C155:LeaderElection11: begin an election at term 1 for -1: [80325dc5-bfcd-4416-8aa5-165bd32e2b28:192.168.157.195:38292], old=null
2019-09-12 10:32:33,823 [80325dc5-bfcd-4416-8aa5-165bd32e2b28:group-2D33BC37C155:LeaderElection11] INFO  impl.RoleInfo (RoleInfo.java:shutdownLeaderElection(134)) - 80325dc5-bfcd-4416-8aa5-165bd32e2b28: shutdown LeaderElection
2019-09-12 10:32:33,823 [80325dc5-bfcd-4416-8aa5-165bd32e2b28:group-2D33BC37C155:LeaderElection11] INFO  impl.RaftServerImpl (RaftServerImpl.java:setRole(171)) - 80325dc5-bfcd-4416-8aa5-165bd32e2b28:group-2D33BC37C155 changes role from CANDIDATE to LEADER at term 1 for changeToLeader
2019-09-12 10:32:33,824 [80325dc5-bfcd-4416-8aa5-165bd32e2b28:group-2D33BC37C155:LeaderElection11] INFO  impl.RaftServerImpl (ServerState.java:setLeader(263)) - 80325dc5-bfcd-4416-8aa5-165bd32e2b28:group-2D33BC37C155 change Leader from null to 80325dc5-bfcd-4416-8aa5-165bd32e2b28 at term 1 for becomeLeader, leader elected after 5043ms
2019-09-12 10:32:33,824 [80325dc5-bfcd-4416-8aa5-165bd32e2b28:group-2D33BC37C155:LeaderElection11] INFO  server.RaftServerConfigKeys (ConfUtils.java:logGet(43)) - raft.server.staging.catchup.gap = 1000 (default)
2019-09-12 10:32:33,824 [80325dc5-bfcd-4416-8aa5-165bd32e2b28:group-2D33BC37C155:LeaderElection11] INFO  server.RaftServerConfigKeys (ConfUtils.java:logGet(43)) - raft.server.rpc.sleep.time = 25ms (default)
2019-09-12 10:32:33,824 [80325dc5-bfcd-4416-8aa5-165bd32e2b28:group-2D33BC37C155:LeaderElection11] INFO  server.RaftServerConfigKeys (ConfUtils.java:logGet(43)) - raft.server.write.element-limit = 4096 (default)
2019-09-12 10:32:33,824 [80325dc5-bfcd-4416-8aa5-165bd32e2b28:group-2D33BC37C155:LeaderElection11] INFO  server.RaftServerConfigKeys (ConfUtils.java:logGet(43)) - raft.server.watch.timeout = 10s (default)
2019-09-12 10:32:33,825 [80325dc5-bfcd-4416-8aa5-165bd32e2b28:group-2D33BC37C155:LeaderElection11] INFO  server.RaftServerConfigKeys (ConfUtils.java:logGet(43)) - raft.server.watch.timeout.denomination = 1s (default)
2019-09-12 10:32:33,825 [80325dc5-bfcd-4416-8aa5-165bd32e2b28:group-2D33BC37C155:LeaderElection11] INFO  server.RaftServerConfigKeys (ConfUtils.java:logGet(43)) - raft.server.watch.element-limit = 65536 (default)
2019-09-12 10:32:33,825 [80325dc5-bfcd-4416-8aa5-165bd32e2b28:group-2D33BC37C155:LeaderElection11] INFO  impl.RoleInfo (RoleInfo.java:updateAndGet(143)) - 80325dc5-bfcd-4416-8aa5-165bd32e2b28: start LeaderState
2019-09-12 10:32:33,825 [80325dc5-bfcd-4416-8aa5-165bd32e2b28:group-2D33BC37C155:LeaderElection11] INFO  segmented.SegmentedRaftLogWorker (SegmentedRaftLogWorker.java:startLogSegment(380)) - 80325dc5-bfcd-4416-8aa5-165bd32e2b28-SegmentedRaftLogWorker:Storage Directory /workdir/hadoop-ozone/integration-test/target/test-dir/MiniOzoneClusterImpl-03df5328-cb4f-49b2-a840-73a4610bd6b2/datanode-2/data/ratis/4b1297f9-c478-41d0-9caa-2d33bc37c155: Starting segment from index:0
2019-09-12 10:32:33,826 [80325dc5-bfcd-4416-8aa5-165bd32e2b28:group-2D33BC37C155:LeaderElection11] INFO  impl.RaftServerImpl (ServerState.java:setRaftConf(361)) - 80325dc5-bfcd-4416-8aa5-165bd32e2b28:group-2D33BC37C155 set configuration 0: [80325dc5-bfcd-4416-8aa5-165bd32e2b28:192.168.157.195:38292], old=null at 0
2019-09-12 10:32:33,872 [Thread-218] INFO  impl.FollowerState (FollowerState.java:run(106)) - 80325dc5-bfcd-4416-8aa5-165bd32e2b28:group-11B523B5AF1B changes to CANDIDATE, lastRpcTime:5021, electionTimeout:5021ms
2019-09-12 10:32:33,874 [Thread-218] INFO  impl.RoleInfo (RoleInfo.java:shutdownFollowerState(121)) - 80325dc5-bfcd-4416-8aa5-165bd32e2b28: shutdown FollowerState
2019-09-12 10:32:33,874 [Thread-218] INFO  impl.RaftServerImpl (RaftServerImpl.java:setRole(171)) - 80325dc5-bfcd-4416-8aa5-165bd32e2b28:group-11B523B5AF1B changes role from FOLLOWER to CANDIDATE at term 0 for changeToCandidate
2019-09-12 10:32:33,874 [Thread-218] INFO  impl.RoleInfo (RoleInfo.java:updateAndGet(143)) - 80325dc5-bfcd-4416-8aa5-165bd32e2b28: start LeaderElection
2019-09-12 10:32:33,878 [80325dc5-bfcd-4416-8aa5-165bd32e2b28-SegmentedRaftLogWorker:Storage Directory /workdir/hadoop-ozone/integration-test/target/test-dir/MiniOzoneClusterImpl-03df5328-cb4f-49b2-a840-73a4610bd6b2/datanode-2/data/ratis/4b1297f9-c478-41d0-9caa-2d33bc37c155] INFO  segmented.SegmentedRaftLogWorker (SegmentedRaftLogWorker.java:execute(569)) - 80325dc5-bfcd-4416-8aa5-165bd32e2b28-SegmentedRaftLogWorker:Storage Directory /workdir/hadoop-ozone/integration-test/target/test-dir/MiniOzoneClusterImpl-03df5328-cb4f-49b2-a840-73a4610bd6b2/datanode-2/data/ratis/4b1297f9-c478-41d0-9caa-2d33bc37c155: created new log segment /workdir/hadoop-ozone/integration-test/target/test-dir/MiniOzoneClusterImpl-03df5328-cb4f-49b2-a840-73a4610bd6b2/datanode-2/data/ratis/4b1297f9-c478-41d0-9caa-2d33bc37c155/current/log_inprogress_0
2019-09-12 10:32:33,891 [80325dc5-bfcd-4416-8aa5-165bd32e2b28:group-11B523B5AF1B:LeaderElection12] INFO  impl.LeaderElection (LeaderElection.java:askForVotes(181)) - 80325dc5-bfcd-4416-8aa5-165bd32e2b28:group-11B523B5AF1B:LeaderElection12: begin an election at term 1 for -1: [80325dc5-bfcd-4416-8aa5-165bd32e2b28:192.168.157.195:38292], old=null
2019-09-12 10:32:33,892 [80325dc5-bfcd-4416-8aa5-165bd32e2b28:group-11B523B5AF1B:LeaderElection12] INFO  impl.RoleInfo (RoleInfo.java:shutdownLeaderElection(134)) - 80325dc5-bfcd-4416-8aa5-165bd32e2b28: shutdown LeaderElection
2019-09-12 10:32:33,892 [80325dc5-bfcd-4416-8aa5-165bd32e2b28:group-11B523B5AF1B:LeaderElection12] INFO  impl.RaftServerImpl (RaftServerImpl.java:setRole(171)) - 80325dc5-bfcd-4416-8aa5-165bd32e2b28:group-11B523B5AF1B changes role from CANDIDATE to LEADER at term 1 for changeToLeader
2019-09-12 10:32:33,892 [80325dc5-bfcd-4416-8aa5-165bd32e2b28:group-11B523B5AF1B:LeaderElection12] INFO  impl.RaftServerImpl (ServerState.java:setLeader(263)) - 80325dc5-bfcd-4416-8aa5-165bd32e2b28:group-11B523B5AF1B change Leader from null to 80325dc5-bfcd-4416-8aa5-165bd32e2b28 at term 1 for becomeLeader, leader elected after 5046ms
2019-09-12 10:32:33,892 [80325dc5-bfcd-4416-8aa5-165bd32e2b28:group-11B523B5AF1B:LeaderElection12] INFO  server.RaftServerConfigKeys (ConfUtils.java:logGet(43)) - raft.server.staging.catchup.gap = 1000 (default)
2019-09-12 10:32:33,892 [80325dc5-bfcd-4416-8aa5-165bd32e2b28:group-11B523B5AF1B:LeaderElection12] INFO  server.RaftServerConfigKeys (ConfUtils.java:logGet(43)) - raft.server.rpc.sleep.time = 25ms (default)
2019-09-12 10:32:33,892 [80325dc5-bfcd-4416-8aa5-165bd32e2b28:group-11B523B5AF1B:LeaderElection12] INFO  server.RaftServerConfigKeys (ConfUtils.java:logGet(43)) - raft.server.write.element-limit = 4096 (default)
2019-09-12 10:32:33,893 [80325dc5-bfcd-4416-8aa5-165bd32e2b28:group-11B523B5AF1B:LeaderElection12] INFO  server.RaftServerConfigKeys (ConfUtils.java:logGet(43)) - raft.server.watch.timeout = 10s (default)
2019-09-12 10:32:33,893 [80325dc5-bfcd-4416-8aa5-165bd32e2b28:group-11B523B5AF1B:LeaderElection12] INFO  server.RaftServerConfigKeys (ConfUtils.java:logGet(43)) - raft.server.watch.timeout.denomination = 1s (default)
2019-09-12 10:32:33,893 [80325dc5-bfcd-4416-8aa5-165bd32e2b28:group-11B523B5AF1B:LeaderElection12] INFO  server.RaftServerConfigKeys (ConfUtils.java:logGet(43)) - raft.server.watch.element-limit = 65536 (default)
2019-09-12 10:32:33,893 [80325dc5-bfcd-4416-8aa5-165bd32e2b28:group-11B523B5AF1B:LeaderElection12] INFO  impl.RoleInfo (RoleInfo.java:updateAndGet(143)) - 80325dc5-bfcd-4416-8aa5-165bd32e2b28: start LeaderState
2019-09-12 10:32:33,893 [80325dc5-bfcd-4416-8aa5-165bd32e2b28:group-11B523B5AF1B:LeaderElection12] INFO  segmented.SegmentedRaftLogWorker (SegmentedRaftLogWorker.java:startLogSegment(380)) - 80325dc5-bfcd-4416-8aa5-165bd32e2b28-SegmentedRaftLogWorker:Storage Directory /workdir/hadoop-ozone/integration-test/target/test-dir/MiniOzoneClusterImpl-03df5328-cb4f-49b2-a840-73a4610bd6b2/datanode-2/data/ratis/3cdd7d38-9ea8-4137-9cb6-11b523b5af1b: Starting segment from index:0
2019-09-12 10:32:33,894 [80325dc5-bfcd-4416-8aa5-165bd32e2b28:group-11B523B5AF1B:LeaderElection12] INFO  impl.RaftServerImpl (ServerState.java:setRaftConf(361)) - 80325dc5-bfcd-4416-8aa5-165bd32e2b28:group-11B523B5AF1B set configuration 0: [80325dc5-bfcd-4416-8aa5-165bd32e2b28:192.168.157.195:38292], old=null at 0
2019-09-12 10:32:33,935 [Thread-212] INFO  impl.FollowerState (FollowerState.java:run(106)) - e5aec583-ea61-4f1a-b46a-16f569718c14:group-331E309C3060 changes to CANDIDATE, lastRpcTime:5206, electionTimeout:5194ms
2019-09-12 10:32:33,936 [Thread-212] INFO  impl.RoleInfo (RoleInfo.java:shutdownFollowerState(121)) - e5aec583-ea61-4f1a-b46a-16f569718c14: shutdown FollowerState
2019-09-12 10:32:33,936 [Thread-212] INFO  impl.RaftServerImpl (RaftServerImpl.java:setRole(171)) - e5aec583-ea61-4f1a-b46a-16f569718c14:group-331E309C3060 changes role from FOLLOWER to CANDIDATE at term 0 for changeToCandidate
2019-09-12 10:32:33,937 [Thread-212] INFO  impl.RoleInfo (RoleInfo.java:updateAndGet(143)) - e5aec583-ea61-4f1a-b46a-16f569718c14: start LeaderElection
2019-09-12 10:32:33,943 | INFO  | SCMAudit | user=jenkins1000 | ip=192.168.157.195 | op=SEND_HEARTBEAT {datanodeUUID=e5aec583-ea61-4f1a-b46a-16f569718c14, command=[]} | ret=SUCCESS |  
2019-09-12 10:32:33,950 [80325dc5-bfcd-4416-8aa5-165bd32e2b28-SegmentedRaftLogWorker:Storage Directory /workdir/hadoop-ozone/integration-test/target/test-dir/MiniOzoneClusterImpl-03df5328-cb4f-49b2-a840-73a4610bd6b2/datanode-2/data/ratis/3cdd7d38-9ea8-4137-9cb6-11b523b5af1b] INFO  segmented.SegmentedRaftLogWorker (SegmentedRaftLogWorker.java:execute(569)) - 80325dc5-bfcd-4416-8aa5-165bd32e2b28-SegmentedRaftLogWorker:Storage Directory /workdir/hadoop-ozone/integration-test/target/test-dir/MiniOzoneClusterImpl-03df5328-cb4f-49b2-a840-73a4610bd6b2/datanode-2/data/ratis/3cdd7d38-9ea8-4137-9cb6-11b523b5af1b: created new log segment /workdir/hadoop-ozone/integration-test/target/test-dir/MiniOzoneClusterImpl-03df5328-cb4f-49b2-a840-73a4610bd6b2/datanode-2/data/ratis/3cdd7d38-9ea8-4137-9cb6-11b523b5af1b/current/log_inprogress_0
2019-09-12 10:32:33,950 [e5aec583-ea61-4f1a-b46a-16f569718c14:group-331E309C3060:LeaderElection13] INFO  impl.LeaderElection (LeaderElection.java:askForVotes(181)) - e5aec583-ea61-4f1a-b46a-16f569718c14:group-331E309C3060:LeaderElection13: begin an election at term 1 for -1: [e5aec583-ea61-4f1a-b46a-16f569718c14:192.168.157.195:39535], old=null
2019-09-12 10:32:33,950 [e5aec583-ea61-4f1a-b46a-16f569718c14:group-331E309C3060:LeaderElection13] INFO  impl.RoleInfo (RoleInfo.java:shutdownLeaderElection(134)) - e5aec583-ea61-4f1a-b46a-16f569718c14: shutdown LeaderElection
2019-09-12 10:32:33,950 [e5aec583-ea61-4f1a-b46a-16f569718c14:group-331E309C3060:LeaderElection13] INFO  impl.RaftServerImpl (RaftServerImpl.java:setRole(171)) - e5aec583-ea61-4f1a-b46a-16f569718c14:group-331E309C3060 changes role from CANDIDATE to LEADER at term 1 for changeToLeader
2019-09-12 10:32:33,950 [e5aec583-ea61-4f1a-b46a-16f569718c14:group-331E309C3060:LeaderElection13] INFO  impl.RaftServerImpl (ServerState.java:setLeader(263)) - e5aec583-ea61-4f1a-b46a-16f569718c14:group-331E309C3060 change Leader from null to e5aec583-ea61-4f1a-b46a-16f569718c14 at term 1 for becomeLeader, leader elected after 5226ms
2019-09-12 10:32:33,951 [e5aec583-ea61-4f1a-b46a-16f569718c14:group-331E309C3060:LeaderElection13] INFO  server.RaftServerConfigKeys (ConfUtils.java:logGet(43)) - raft.server.staging.catchup.gap = 1000 (default)
2019-09-12 10:32:33,951 [e5aec583-ea61-4f1a-b46a-16f569718c14:group-331E309C3060:LeaderElection13] INFO  server.RaftServerConfigKeys (ConfUtils.java:logGet(43)) - raft.server.rpc.sleep.time = 25ms (default)
2019-09-12 10:32:33,951 [e5aec583-ea61-4f1a-b46a-16f569718c14:group-331E309C3060:LeaderElection13] INFO  server.RaftServerConfigKeys (ConfUtils.java:logGet(43)) - raft.server.write.element-limit = 4096 (default)
2019-09-12 10:32:33,951 [e5aec583-ea61-4f1a-b46a-16f569718c14:group-331E309C3060:LeaderElection13] INFO  server.RaftServerConfigKeys (ConfUtils.java:logGet(43)) - raft.server.watch.timeout = 10s (default)
2019-09-12 10:32:33,951 [e5aec583-ea61-4f1a-b46a-16f569718c14:group-331E309C3060:LeaderElection13] INFO  server.RaftServerConfigKeys (ConfUtils.java:logGet(43)) - raft.server.watch.timeout.denomination = 1s (default)
2019-09-12 10:32:33,951 [e5aec583-ea61-4f1a-b46a-16f569718c14:group-331E309C3060:LeaderElection13] INFO  server.RaftServerConfigKeys (ConfUtils.java:logGet(43)) - raft.server.watch.element-limit = 65536 (default)
2019-09-12 10:32:33,952 [e5aec583-ea61-4f1a-b46a-16f569718c14:group-331E309C3060:LeaderElection13] INFO  impl.RoleInfo (RoleInfo.java:updateAndGet(143)) - e5aec583-ea61-4f1a-b46a-16f569718c14: start LeaderState
2019-09-12 10:32:33,952 [e5aec583-ea61-4f1a-b46a-16f569718c14:group-331E309C3060:LeaderElection13] INFO  segmented.SegmentedRaftLogWorker (SegmentedRaftLogWorker.java:startLogSegment(380)) - e5aec583-ea61-4f1a-b46a-16f569718c14-SegmentedRaftLogWorker:Storage Directory /workdir/hadoop-ozone/integration-test/target/test-dir/MiniOzoneClusterImpl-03df5328-cb4f-49b2-a840-73a4610bd6b2/datanode-1/data/ratis/a47580ce-4732-425e-bc2b-331e309c3060: Starting segment from index:0
2019-09-12 10:32:33,953 [e5aec583-ea61-4f1a-b46a-16f569718c14:group-331E309C3060:LeaderElection13] INFO  impl.RaftServerImpl (ServerState.java:setRaftConf(361)) - e5aec583-ea61-4f1a-b46a-16f569718c14:group-331E309C3060 set configuration 0: [e5aec583-ea61-4f1a-b46a-16f569718c14:192.168.157.195:39535], old=null at 0
2019-09-12 10:32:33,996 [Thread-221] INFO  impl.FollowerState (FollowerState.java:run(106)) - 80325dc5-bfcd-4416-8aa5-165bd32e2b28:group-4793400B4336 changes to CANDIDATE, lastRpcTime:5090, electionTimeout:5090ms
2019-09-12 10:32:33,997 [Thread-221] INFO  impl.RoleInfo (RoleInfo.java:shutdownFollowerState(121)) - 80325dc5-bfcd-4416-8aa5-165bd32e2b28: shutdown FollowerState
2019-09-12 10:32:33,997 [Thread-221] INFO  impl.RaftServerImpl (RaftServerImpl.java:setRole(171)) - 80325dc5-bfcd-4416-8aa5-165bd32e2b28:group-4793400B4336 changes role from FOLLOWER to CANDIDATE at term 0 for changeToCandidate
2019-09-12 10:32:33,998 [Thread-221] INFO  impl.RoleInfo (RoleInfo.java:updateAndGet(143)) - 80325dc5-bfcd-4416-8aa5-165bd32e2b28: start LeaderElection
2019-09-12 10:32:34,005 [e5aec583-ea61-4f1a-b46a-16f569718c14-SegmentedRaftLogWorker:Storage Directory /workdir/hadoop-ozone/integration-test/target/test-dir/MiniOzoneClusterImpl-03df5328-cb4f-49b2-a840-73a4610bd6b2/datanode-1/data/ratis/a47580ce-4732-425e-bc2b-331e309c3060] INFO  segmented.SegmentedRaftLogWorker (SegmentedRaftLogWorker.java:execute(569)) - e5aec583-ea61-4f1a-b46a-16f569718c14-SegmentedRaftLogWorker:Storage Directory /workdir/hadoop-ozone/integration-test/target/test-dir/MiniOzoneClusterImpl-03df5328-cb4f-49b2-a840-73a4610bd6b2/datanode-1/data/ratis/a47580ce-4732-425e-bc2b-331e309c3060: created new log segment /workdir/hadoop-ozone/integration-test/target/test-dir/MiniOzoneClusterImpl-03df5328-cb4f-49b2-a840-73a4610bd6b2/datanode-1/data/ratis/a47580ce-4732-425e-bc2b-331e309c3060/current/log_inprogress_0
2019-09-12 10:32:34,018 [80325dc5-bfcd-4416-8aa5-165bd32e2b28:group-4793400B4336:LeaderElection14] INFO  impl.LeaderElection (LeaderElection.java:askForVotes(181)) - 80325dc5-bfcd-4416-8aa5-165bd32e2b28:group-4793400B4336:LeaderElection14: begin an election at term 1 for -1: [80325dc5-bfcd-4416-8aa5-165bd32e2b28:192.168.157.195:38292], old=null
2019-09-12 10:32:34,018 [80325dc5-bfcd-4416-8aa5-165bd32e2b28:group-4793400B4336:LeaderElection14] INFO  impl.RoleInfo (RoleInfo.java:shutdownLeaderElection(134)) - 80325dc5-bfcd-4416-8aa5-165bd32e2b28: shutdown LeaderElection
2019-09-12 10:32:34,018 [80325dc5-bfcd-4416-8aa5-165bd32e2b28:group-4793400B4336:LeaderElection14] INFO  impl.RaftServerImpl (RaftServerImpl.java:setRole(171)) - 80325dc5-bfcd-4416-8aa5-165bd32e2b28:group-4793400B4336 changes role from CANDIDATE to LEADER at term 1 for changeToLeader
2019-09-12 10:32:34,018 [80325dc5-bfcd-4416-8aa5-165bd32e2b28:group-4793400B4336:LeaderElection14] INFO  impl.RaftServerImpl (ServerState.java:setLeader(263)) - 80325dc5-bfcd-4416-8aa5-165bd32e2b28:group-4793400B4336 change Leader from null to 80325dc5-bfcd-4416-8aa5-165bd32e2b28 at term 1 for becomeLeader, leader elected after 5118ms
2019-09-12 10:32:34,018 [80325dc5-bfcd-4416-8aa5-165bd32e2b28:group-4793400B4336:LeaderElection14] INFO  server.RaftServerConfigKeys (ConfUtils.java:logGet(43)) - raft.server.staging.catchup.gap = 1000 (default)
2019-09-12 10:32:34,018 [80325dc5-bfcd-4416-8aa5-165bd32e2b28:group-4793400B4336:LeaderElection14] INFO  server.RaftServerConfigKeys (ConfUtils.java:logGet(43)) - raft.server.rpc.sleep.time = 25ms (default)
2019-09-12 10:32:34,019 [80325dc5-bfcd-4416-8aa5-165bd32e2b28:group-4793400B4336:LeaderElection14] INFO  server.RaftServerConfigKeys (ConfUtils.java:logGet(43)) - raft.server.write.element-limit = 4096 (default)
2019-09-12 10:32:34,019 [80325dc5-bfcd-4416-8aa5-165bd32e2b28:group-4793400B4336:LeaderElection14] INFO  server.RaftServerConfigKeys (ConfUtils.java:logGet(43)) - raft.server.watch.timeout = 10s (default)
2019-09-12 10:32:34,019 [80325dc5-bfcd-4416-8aa5-165bd32e2b28:group-4793400B4336:LeaderElection14] INFO  server.RaftServerConfigKeys (ConfUtils.java:logGet(43)) - raft.server.watch.timeout.denomination = 1s (default)
2019-09-12 10:32:34,019 [80325dc5-bfcd-4416-8aa5-165bd32e2b28:group-4793400B4336:LeaderElection14] INFO  server.RaftServerConfigKeys (ConfUtils.java:logGet(43)) - raft.server.watch.element-limit = 65536 (default)
2019-09-12 10:32:34,019 [80325dc5-bfcd-4416-8aa5-165bd32e2b28:group-4793400B4336:LeaderElection14] INFO  impl.RoleInfo (RoleInfo.java:updateAndGet(143)) - 80325dc5-bfcd-4416-8aa5-165bd32e2b28: start LeaderState
2019-09-12 10:32:34,020 [80325dc5-bfcd-4416-8aa5-165bd32e2b28:group-4793400B4336:LeaderElection14] INFO  segmented.SegmentedRaftLogWorker (SegmentedRaftLogWorker.java:startLogSegment(380)) - 80325dc5-bfcd-4416-8aa5-165bd32e2b28-SegmentedRaftLogWorker:Storage Directory /workdir/hadoop-ozone/integration-test/target/test-dir/MiniOzoneClusterImpl-03df5328-cb4f-49b2-a840-73a4610bd6b2/datanode-2/data/ratis/7e8e6cf1-254f-49cf-8c8a-4793400b4336: Starting segment from index:0
2019-09-12 10:32:34,020 [80325dc5-bfcd-4416-8aa5-165bd32e2b28:group-4793400B4336:LeaderElection14] INFO  impl.RaftServerImpl (ServerState.java:setRaftConf(361)) - 80325dc5-bfcd-4416-8aa5-165bd32e2b28:group-4793400B4336 set configuration 0: [80325dc5-bfcd-4416-8aa5-165bd32e2b28:192.168.157.195:38292], old=null at 0
2019-09-12 10:32:34,072 [80325dc5-bfcd-4416-8aa5-165bd32e2b28-SegmentedRaftLogWorker:Storage Directory /workdir/hadoop-ozone/integration-test/target/test-dir/MiniOzoneClusterImpl-03df5328-cb4f-49b2-a840-73a4610bd6b2/datanode-2/data/ratis/7e8e6cf1-254f-49cf-8c8a-4793400b4336] INFO  segmented.SegmentedRaftLogWorker (SegmentedRaftLogWorker.java:execute(569)) - 80325dc5-bfcd-4416-8aa5-165bd32e2b28-SegmentedRaftLogWorker:Storage Directory /workdir/hadoop-ozone/integration-test/target/test-dir/MiniOzoneClusterImpl-03df5328-cb4f-49b2-a840-73a4610bd6b2/datanode-2/data/ratis/7e8e6cf1-254f-49cf-8c8a-4793400b4336: created new log segment /workdir/hadoop-ozone/integration-test/target/test-dir/MiniOzoneClusterImpl-03df5328-cb4f-49b2-a840-73a4610bd6b2/datanode-2/data/ratis/7e8e6cf1-254f-49cf-8c8a-4793400b4336/current/log_inprogress_0
2019-09-12 10:32:34,102 [Thread-224] INFO  impl.FollowerState (FollowerState.java:run(106)) - 8bf28770-b006-473a-8b5e-ef696e489f09:group-1F96470BB178 changes to CANDIDATE, lastRpcTime:5137, electionTimeout:5137ms
2019-09-12 10:32:34,102 [Thread-224] INFO  impl.RoleInfo (RoleInfo.java:shutdownFollowerState(121)) - 8bf28770-b006-473a-8b5e-ef696e489f09: shutdown FollowerState
2019-09-12 10:32:34,102 [Thread-224] INFO  impl.RaftServerImpl (RaftServerImpl.java:setRole(171)) - 8bf28770-b006-473a-8b5e-ef696e489f09:group-1F96470BB178 changes role from FOLLOWER to CANDIDATE at term 0 for changeToCandidate
2019-09-12 10:32:34,102 [Thread-224] INFO  impl.RoleInfo (RoleInfo.java:updateAndGet(143)) - 8bf28770-b006-473a-8b5e-ef696e489f09: start LeaderElection
2019-09-12 10:32:34,119 [8bf28770-b006-473a-8b5e-ef696e489f09:group-1F96470BB178:LeaderElection15] INFO  impl.LeaderElection (LeaderElection.java:askForVotes(181)) - 8bf28770-b006-473a-8b5e-ef696e489f09:group-1F96470BB178:LeaderElection15: begin an election at term 1 for -1: [8bf28770-b006-473a-8b5e-ef696e489f09:192.168.157.195:42117], old=null
2019-09-12 10:32:34,120 [8bf28770-b006-473a-8b5e-ef696e489f09:group-1F96470BB178:LeaderElection15] INFO  impl.RoleInfo (RoleInfo.java:shutdownLeaderElection(134)) - 8bf28770-b006-473a-8b5e-ef696e489f09: shutdown LeaderElection
2019-09-12 10:32:34,121 [8bf28770-b006-473a-8b5e-ef696e489f09:group-1F96470BB178:LeaderElection15] INFO  impl.RaftServerImpl (RaftServerImpl.java:setRole(171)) - 8bf28770-b006-473a-8b5e-ef696e489f09:group-1F96470BB178 changes role from CANDIDATE to LEADER at term 1 for changeToLeader
2019-09-12 10:32:34,121 [8bf28770-b006-473a-8b5e-ef696e489f09:group-1F96470BB178:LeaderElection15] INFO  impl.RaftServerImpl (ServerState.java:setLeader(263)) - 8bf28770-b006-473a-8b5e-ef696e489f09:group-1F96470BB178 change Leader from null to 8bf28770-b006-473a-8b5e-ef696e489f09 at term 1 for becomeLeader, leader elected after 5162ms
2019-09-12 10:32:34,121 [Thread-230] INFO  impl.FollowerState (FollowerState.java:run(106)) - 8bf28770-b006-473a-8b5e-ef696e489f09:group-A4801B4F4707 changes to CANDIDATE, lastRpcTime:5041, electionTimeout:5041ms
2019-09-12 10:32:34,121 [8bf28770-b006-473a-8b5e-ef696e489f09:group-1F96470BB178:LeaderElection15] INFO  server.RaftServerConfigKeys (ConfUtils.java:logGet(43)) - raft.server.staging.catchup.gap = 1000 (default)
2019-09-12 10:32:34,121 [Thread-230] INFO  impl.RoleInfo (RoleInfo.java:shutdownFollowerState(121)) - 8bf28770-b006-473a-8b5e-ef696e489f09: shutdown FollowerState
2019-09-12 10:32:34,121 [8bf28770-b006-473a-8b5e-ef696e489f09:group-1F96470BB178:LeaderElection15] INFO  server.RaftServerConfigKeys (ConfUtils.java:logGet(43)) - raft.server.rpc.sleep.time = 25ms (default)
2019-09-12 10:32:34,121 [Thread-230] INFO  impl.RaftServerImpl (RaftServerImpl.java:setRole(171)) - 8bf28770-b006-473a-8b5e-ef696e489f09:group-A4801B4F4707 changes role from FOLLOWER to CANDIDATE at term 0 for changeToCandidate
2019-09-12 10:32:34,122 [8bf28770-b006-473a-8b5e-ef696e489f09:group-1F96470BB178:LeaderElection15] INFO  server.RaftServerConfigKeys (ConfUtils.java:logGet(43)) - raft.server.write.element-limit = 4096 (default)
2019-09-12 10:32:34,122 [Thread-230] INFO  impl.RoleInfo (RoleInfo.java:updateAndGet(143)) - 8bf28770-b006-473a-8b5e-ef696e489f09: start LeaderElection
2019-09-12 10:32:34,122 [8bf28770-b006-473a-8b5e-ef696e489f09:group-1F96470BB178:LeaderElection15] INFO  server.RaftServerConfigKeys (ConfUtils.java:logGet(43)) - raft.server.watch.timeout = 10s (default)
2019-09-12 10:32:34,125 [8bf28770-b006-473a-8b5e-ef696e489f09:group-1F96470BB178:LeaderElection15] INFO  server.RaftServerConfigKeys (ConfUtils.java:logGet(43)) - raft.server.watch.timeout.denomination = 1s (default)
2019-09-12 10:32:34,125 [8bf28770-b006-473a-8b5e-ef696e489f09:group-1F96470BB178:LeaderElection15] INFO  server.RaftServerConfigKeys (ConfUtils.java:logGet(43)) - raft.server.watch.element-limit = 65536 (default)
2019-09-12 10:32:34,125 [8bf28770-b006-473a-8b5e-ef696e489f09:group-1F96470BB178:LeaderElection15] INFO  impl.RoleInfo (RoleInfo.java:updateAndGet(143)) - 8bf28770-b006-473a-8b5e-ef696e489f09: start LeaderState
2019-09-12 10:32:34,126 [8bf28770-b006-473a-8b5e-ef696e489f09:group-1F96470BB178:LeaderElection15] INFO  segmented.SegmentedRaftLogWorker (SegmentedRaftLogWorker.java:startLogSegment(380)) - 8bf28770-b006-473a-8b5e-ef696e489f09-SegmentedRaftLogWorker:Storage Directory /workdir/hadoop-ozone/integration-test/target/test-dir/MiniOzoneClusterImpl-03df5328-cb4f-49b2-a840-73a4610bd6b2/datanode-0/data/ratis/3bcb303f-0353-412f-8ffe-1f96470bb178: Starting segment from index:0
2019-09-12 10:32:34,127 [8bf28770-b006-473a-8b5e-ef696e489f09:group-1F96470BB178:LeaderElection15] INFO  impl.RaftServerImpl (ServerState.java:setRaftConf(361)) - 8bf28770-b006-473a-8b5e-ef696e489f09:group-1F96470BB178 set configuration 0: [8bf28770-b006-473a-8b5e-ef696e489f09:192.168.157.195:42117], old=null at 0
2019-09-12 10:32:34,167 [Thread-233] INFO  impl.FollowerState (FollowerState.java:run(106)) - 8bf28770-b006-473a-8b5e-ef696e489f09:group-73418FFFE603 changes to CANDIDATE, lastRpcTime:5024, electionTimeout:5008ms
2019-09-12 10:32:34,167 [8bf28770-b006-473a-8b5e-ef696e489f09:group-A4801B4F4707:LeaderElection16] INFO  impl.LeaderElection (LeaderElection.java:askForVotes(181)) - 8bf28770-b006-473a-8b5e-ef696e489f09:group-A4801B4F4707:LeaderElection16: begin an election at term 1 for -1: [8bf28770-b006-473a-8b5e-ef696e489f09:192.168.157.195:42117], old=null
2019-09-12 10:32:34,167 [Thread-233] INFO  impl.RoleInfo (RoleInfo.java:shutdownFollowerState(121)) - 8bf28770-b006-473a-8b5e-ef696e489f09: shutdown FollowerState
2019-09-12 10:32:34,167 [8bf28770-b006-473a-8b5e-ef696e489f09:group-A4801B4F4707:LeaderElection16] INFO  impl.RoleInfo (RoleInfo.java:shutdownLeaderElection(134)) - 8bf28770-b006-473a-8b5e-ef696e489f09: shutdown LeaderElection
2019-09-12 10:32:34,168 [Thread-233] INFO  impl.RaftServerImpl (RaftServerImpl.java:setRole(171)) - 8bf28770-b006-473a-8b5e-ef696e489f09:group-73418FFFE603 changes role from FOLLOWER to CANDIDATE at term 0 for changeToCandidate
2019-09-12 10:32:34,168 [8bf28770-b006-473a-8b5e-ef696e489f09:group-A4801B4F4707:LeaderElection16] INFO  impl.RaftServerImpl (RaftServerImpl.java:setRole(171)) - 8bf28770-b006-473a-8b5e-ef696e489f09:group-A4801B4F4707 changes role from CANDIDATE to LEADER at term 1 for changeToLeader
2019-09-12 10:32:34,168 [Thread-233] INFO  impl.RoleInfo (RoleInfo.java:updateAndGet(143)) - 8bf28770-b006-473a-8b5e-ef696e489f09: start LeaderElection
2019-09-12 10:32:34,168 [8bf28770-b006-473a-8b5e-ef696e489f09:group-A4801B4F4707:LeaderElection16] INFO  impl.RaftServerImpl (ServerState.java:setLeader(263)) - 8bf28770-b006-473a-8b5e-ef696e489f09:group-A4801B4F4707 change Leader from null to 8bf28770-b006-473a-8b5e-ef696e489f09 at term 1 for becomeLeader, leader elected after 5093ms
2019-09-12 10:32:34,168 [8bf28770-b006-473a-8b5e-ef696e489f09:group-A4801B4F4707:LeaderElection16] INFO  server.RaftServerConfigKeys (ConfUtils.java:logGet(43)) - raft.server.staging.catchup.gap = 1000 (default)
2019-09-12 10:32:34,172 [8bf28770-b006-473a-8b5e-ef696e489f09:group-A4801B4F4707:LeaderElection16] INFO  server.RaftServerConfigKeys (ConfUtils.java:logGet(43)) - raft.server.rpc.sleep.time = 25ms (default)
2019-09-12 10:32:34,172 [Thread-227] INFO  impl.FollowerState (FollowerState.java:run(106)) - 80325dc5-bfcd-4416-8aa5-165bd32e2b28:group-F9CD217562FF changes to CANDIDATE, lastRpcTime:5154, electionTimeout:5154ms
2019-09-12 10:32:34,173 [Thread-227] INFO  impl.RoleInfo (RoleInfo.java:shutdownFollowerState(121)) - 80325dc5-bfcd-4416-8aa5-165bd32e2b28: shutdown FollowerState
2019-09-12 10:32:34,173 [8bf28770-b006-473a-8b5e-ef696e489f09:group-A4801B4F4707:LeaderElection16] INFO  server.RaftServerConfigKeys (ConfUtils.java:logGet(43)) - raft.server.write.element-limit = 4096 (default)
2019-09-12 10:32:34,173 [Thread-227] INFO  impl.RaftServerImpl (RaftServerImpl.java:setRole(171)) - 80325dc5-bfcd-4416-8aa5-165bd32e2b28:group-F9CD217562FF changes role from FOLLOWER to CANDIDATE at term 0 for changeToCandidate
2019-09-12 10:32:34,173 [8bf28770-b006-473a-8b5e-ef696e489f09:group-A4801B4F4707:LeaderElection16] INFO  server.RaftServerConfigKeys (ConfUtils.java:logGet(43)) - raft.server.watch.timeout = 10s (default)
2019-09-12 10:32:34,173 [Thread-227] INFO  impl.RoleInfo (RoleInfo.java:updateAndGet(143)) - 80325dc5-bfcd-4416-8aa5-165bd32e2b28: start LeaderElection
2019-09-12 10:32:34,173 [8bf28770-b006-473a-8b5e-ef696e489f09:group-A4801B4F4707:LeaderElection16] INFO  server.RaftServerConfigKeys (ConfUtils.java:logGet(43)) - raft.server.watch.timeout.denomination = 1s (default)
2019-09-12 10:32:34,174 [8bf28770-b006-473a-8b5e-ef696e489f09:group-A4801B4F4707:LeaderElection16] INFO  server.RaftServerConfigKeys (ConfUtils.java:logGet(43)) - raft.server.watch.element-limit = 65536 (default)
2019-09-12 10:32:34,177 [8bf28770-b006-473a-8b5e-ef696e489f09:group-A4801B4F4707:LeaderElection16] INFO  impl.RoleInfo (RoleInfo.java:updateAndGet(143)) - 8bf28770-b006-473a-8b5e-ef696e489f09: start LeaderState
2019-09-12 10:32:34,178 [8bf28770-b006-473a-8b5e-ef696e489f09:group-A4801B4F4707:LeaderElection16] INFO  segmented.SegmentedRaftLogWorker (SegmentedRaftLogWorker.java:startLogSegment(380)) - 8bf28770-b006-473a-8b5e-ef696e489f09-SegmentedRaftLogWorker:Storage Directory /workdir/hadoop-ozone/integration-test/target/test-dir/MiniOzoneClusterImpl-03df5328-cb4f-49b2-a840-73a4610bd6b2/datanode-0/data/ratis/0a6b61ad-6eb4-44b0-985c-a4801b4f4707: Starting segment from index:0
2019-09-12 10:32:34,178 [8bf28770-b006-473a-8b5e-ef696e489f09:group-A4801B4F4707:LeaderElection16] INFO  impl.RaftServerImpl (ServerState.java:setRaftConf(361)) - 8bf28770-b006-473a-8b5e-ef696e489f09:group-A4801B4F4707 set configuration 0: [8bf28770-b006-473a-8b5e-ef696e489f09:192.168.157.195:42117], old=null at 0
2019-09-12 10:32:34,180 [8bf28770-b006-473a-8b5e-ef696e489f09-SegmentedRaftLogWorker:Storage Directory /workdir/hadoop-ozone/integration-test/target/test-dir/MiniOzoneClusterImpl-03df5328-cb4f-49b2-a840-73a4610bd6b2/datanode-0/data/ratis/3bcb303f-0353-412f-8ffe-1f96470bb178] INFO  segmented.SegmentedRaftLogWorker (SegmentedRaftLogWorker.java:execute(569)) - 8bf28770-b006-473a-8b5e-ef696e489f09-SegmentedRaftLogWorker:Storage Directory /workdir/hadoop-ozone/integration-test/target/test-dir/MiniOzoneClusterImpl-03df5328-cb4f-49b2-a840-73a4610bd6b2/datanode-0/data/ratis/3bcb303f-0353-412f-8ffe-1f96470bb178: created new log segment /workdir/hadoop-ozone/integration-test/target/test-dir/MiniOzoneClusterImpl-03df5328-cb4f-49b2-a840-73a4610bd6b2/datanode-0/data/ratis/3bcb303f-0353-412f-8ffe-1f96470bb178/current/log_inprogress_0
2019-09-12 10:32:34,181 [8bf28770-b006-473a-8b5e-ef696e489f09:group-73418FFFE603:LeaderElection17] INFO  impl.LeaderElection (LeaderElection.java:askForVotes(181)) - 8bf28770-b006-473a-8b5e-ef696e489f09:group-73418FFFE603:LeaderElection17: begin an election at term 1 for -1: [8bf28770-b006-473a-8b5e-ef696e489f09:192.168.157.195:42117], old=null
2019-09-12 10:32:34,181 [8bf28770-b006-473a-8b5e-ef696e489f09:group-73418FFFE603:LeaderElection17] INFO  impl.RoleInfo (RoleInfo.java:shutdownLeaderElection(134)) - 8bf28770-b006-473a-8b5e-ef696e489f09: shutdown LeaderElection
2019-09-12 10:32:34,181 [8bf28770-b006-473a-8b5e-ef696e489f09:group-73418FFFE603:LeaderElection17] INFO  impl.RaftServerImpl (RaftServerImpl.java:setRole(171)) - 8bf28770-b006-473a-8b5e-ef696e489f09:group-73418FFFE603 changes role from CANDIDATE to LEADER at term 1 for changeToLeader
2019-09-12 10:32:34,181 [8bf28770-b006-473a-8b5e-ef696e489f09:group-73418FFFE603:LeaderElection17] INFO  impl.RaftServerImpl (ServerState.java:setLeader(263)) - 8bf28770-b006-473a-8b5e-ef696e489f09:group-73418FFFE603 change Leader from null to 8bf28770-b006-473a-8b5e-ef696e489f09 at term 1 for becomeLeader, leader elected after 5044ms
2019-09-12 10:32:34,181 [80325dc5-bfcd-4416-8aa5-165bd32e2b28:group-F9CD217562FF:LeaderElection18] INFO  impl.LeaderElection (LeaderElection.java:askForVotes(181)) - 80325dc5-bfcd-4416-8aa5-165bd32e2b28:group-F9CD217562FF:LeaderElection18: begin an election at term 1 for -1: [80325dc5-bfcd-4416-8aa5-165bd32e2b28:192.168.157.195:38292], old=null
2019-09-12 10:32:34,218 [8bf28770-b006-473a-8b5e-ef696e489f09:group-73418FFFE603:LeaderElection17] INFO  server.RaftServerConfigKeys (ConfUtils.java:logGet(43)) - raft.server.staging.catchup.gap = 1000 (default)
2019-09-12 10:32:34,218 [80325dc5-bfcd-4416-8aa5-165bd32e2b28:group-F9CD217562FF:LeaderElection18] INFO  impl.RoleInfo (RoleInfo.java:shutdownLeaderElection(134)) - 80325dc5-bfcd-4416-8aa5-165bd32e2b28: shutdown LeaderElection
2019-09-12 10:32:34,218 [8bf28770-b006-473a-8b5e-ef696e489f09:group-73418FFFE603:LeaderElection17] INFO  server.RaftServerConfigKeys (ConfUtils.java:logGet(43)) - raft.server.rpc.sleep.time = 25ms (default)
2019-09-12 10:32:34,220 [80325dc5-bfcd-4416-8aa5-165bd32e2b28:group-F9CD217562FF:LeaderElection18] INFO  impl.RaftServerImpl (RaftServerImpl.java:setRole(171)) - 80325dc5-bfcd-4416-8aa5-165bd32e2b28:group-F9CD217562FF changes role from CANDIDATE to LEADER at term 1 for changeToLeader
2019-09-12 10:32:34,220 [8bf28770-b006-473a-8b5e-ef696e489f09:group-73418FFFE603:LeaderElection17] INFO  server.RaftServerConfigKeys (ConfUtils.java:logGet(43)) - raft.server.write.element-limit = 4096 (default)
2019-09-12 10:32:34,220 [80325dc5-bfcd-4416-8aa5-165bd32e2b28:group-F9CD217562FF:LeaderElection18] INFO  impl.RaftServerImpl (ServerState.java:setLeader(263)) - 80325dc5-bfcd-4416-8aa5-165bd32e2b28:group-F9CD217562FF change Leader from null to 80325dc5-bfcd-4416-8aa5-165bd32e2b28 at term 1 for becomeLeader, leader elected after 5207ms
2019-09-12 10:32:34,221 [8bf28770-b006-473a-8b5e-ef696e489f09:group-73418FFFE603:LeaderElection17] INFO  server.RaftServerConfigKeys (ConfUtils.java:logGet(43)) - raft.server.watch.timeout = 10s (default)
2019-09-12 10:32:34,221 | INFO  | SCMAudit | user=jenkins1000 | ip=192.168.157.195 | op=SEND_HEARTBEAT {datanodeUUID=80325dc5-bfcd-4416-8aa5-165bd32e2b28, command=[]} | ret=SUCCESS |  
2019-09-12 10:32:34,221 [80325dc5-bfcd-4416-8aa5-165bd32e2b28:group-F9CD217562FF:LeaderElection18] INFO  server.RaftServerConfigKeys (ConfUtils.java:logGet(43)) - raft.server.staging.catchup.gap = 1000 (default)
2019-09-12 10:32:34,221 [8bf28770-b006-473a-8b5e-ef696e489f09:group-73418FFFE603:LeaderElection17] INFO  server.RaftServerConfigKeys (ConfUtils.java:logGet(43)) - raft.server.watch.timeout.denomination = 1s (default)
2019-09-12 10:32:34,221 [80325dc5-bfcd-4416-8aa5-165bd32e2b28:group-F9CD217562FF:LeaderElection18] INFO  server.RaftServerConfigKeys (ConfUtils.java:logGet(43)) - raft.server.rpc.sleep.time = 25ms (default)
2019-09-12 10:32:34,221 [8bf28770-b006-473a-8b5e-ef696e489f09:group-73418FFFE603:LeaderElection17] INFO  server.RaftServerConfigKeys (ConfUtils.java:logGet(43)) - raft.server.watch.element-limit = 65536 (default)
2019-09-12 10:32:34,221 [80325dc5-bfcd-4416-8aa5-165bd32e2b28:group-F9CD217562FF:LeaderElection18] INFO  server.RaftServerConfigKeys (ConfUtils.java:logGet(43)) - raft.server.write.element-limit = 4096 (default)
2019-09-12 10:32:34,222 [80325dc5-bfcd-4416-8aa5-165bd32e2b28:group-F9CD217562FF:LeaderElection18] INFO  server.RaftServerConfigKeys (ConfUtils.java:logGet(43)) - raft.server.watch.timeout = 10s (default)
2019-09-12 10:32:34,222 [8bf28770-b006-473a-8b5e-ef696e489f09:group-73418FFFE603:LeaderElection17] INFO  impl.RoleInfo (RoleInfo.java:updateAndGet(143)) - 8bf28770-b006-473a-8b5e-ef696e489f09: start LeaderState
2019-09-12 10:32:34,222 [80325dc5-bfcd-4416-8aa5-165bd32e2b28:group-F9CD217562FF:LeaderElection18] INFO  server.RaftServerConfigKeys (ConfUtils.java:logGet(43)) - raft.server.watch.timeout.denomination = 1s (default)
2019-09-12 10:32:34,222 [80325dc5-bfcd-4416-8aa5-165bd32e2b28:group-F9CD217562FF:LeaderElection18] INFO  server.RaftServerConfigKeys (ConfUtils.java:logGet(43)) - raft.server.watch.element-limit = 65536 (default)
2019-09-12 10:32:34,222 [8bf28770-b006-473a-8b5e-ef696e489f09:group-73418FFFE603:LeaderElection17] INFO  segmented.SegmentedRaftLogWorker (SegmentedRaftLogWorker.java:startLogSegment(380)) - 8bf28770-b006-473a-8b5e-ef696e489f09-SegmentedRaftLogWorker:Storage Directory /workdir/hadoop-ozone/integration-test/target/test-dir/MiniOzoneClusterImpl-03df5328-cb4f-49b2-a840-73a4610bd6b2/datanode-0/data/ratis/27f1515c-ea16-4225-9972-73418fffe603: Starting segment from index:0
2019-09-12 10:32:34,223 [80325dc5-bfcd-4416-8aa5-165bd32e2b28:group-F9CD217562FF:LeaderElection18] INFO  impl.RoleInfo (RoleInfo.java:updateAndGet(143)) - 80325dc5-bfcd-4416-8aa5-165bd32e2b28: start LeaderState
2019-09-12 10:32:34,223 [80325dc5-bfcd-4416-8aa5-165bd32e2b28:group-F9CD217562FF:LeaderElection18] INFO  segmented.SegmentedRaftLogWorker (SegmentedRaftLogWorker.java:startLogSegment(380)) - 80325dc5-bfcd-4416-8aa5-165bd32e2b28-SegmentedRaftLogWorker:Storage Directory /workdir/hadoop-ozone/integration-test/target/test-dir/MiniOzoneClusterImpl-03df5328-cb4f-49b2-a840-73a4610bd6b2/datanode-2/data/ratis/f14c31e3-b879-45ba-ba29-f9cd217562ff: Starting segment from index:0
2019-09-12 10:32:34,223 [8bf28770-b006-473a-8b5e-ef696e489f09:group-73418FFFE603:LeaderElection17] INFO  impl.RaftServerImpl (ServerState.java:setRaftConf(361)) - 8bf28770-b006-473a-8b5e-ef696e489f09:group-73418FFFE603 set configuration 0: [8bf28770-b006-473a-8b5e-ef696e489f09:192.168.157.195:42117], old=null at 0
2019-09-12 10:32:34,263 [8bf28770-b006-473a-8b5e-ef696e489f09-SegmentedRaftLogWorker:Storage Directory /workdir/hadoop-ozone/integration-test/target/test-dir/MiniOzoneClusterImpl-03df5328-cb4f-49b2-a840-73a4610bd6b2/datanode-0/data/ratis/0a6b61ad-6eb4-44b0-985c-a4801b4f4707] INFO  segmented.SegmentedRaftLogWorker (SegmentedRaftLogWorker.java:execute(569)) - 8bf28770-b006-473a-8b5e-ef696e489f09-SegmentedRaftLogWorker:Storage Directory /workdir/hadoop-ozone/integration-test/target/test-dir/MiniOzoneClusterImpl-03df5328-cb4f-49b2-a840-73a4610bd6b2/datanode-0/data/ratis/0a6b61ad-6eb4-44b0-985c-a4801b4f4707: created new log segment /workdir/hadoop-ozone/integration-test/target/test-dir/MiniOzoneClusterImpl-03df5328-cb4f-49b2-a840-73a4610bd6b2/datanode-0/data/ratis/0a6b61ad-6eb4-44b0-985c-a4801b4f4707/current/log_inprogress_0
2019-09-12 10:32:34,264 [80325dc5-bfcd-4416-8aa5-165bd32e2b28:group-F9CD217562FF:LeaderElection18] INFO  impl.RaftServerImpl (ServerState.java:setRaftConf(361)) - 80325dc5-bfcd-4416-8aa5-165bd32e2b28:group-F9CD217562FF set configuration 0: [80325dc5-bfcd-4416-8aa5-165bd32e2b28:192.168.157.195:38292], old=null at 0
2019-09-12 10:32:34,309 [8bf28770-b006-473a-8b5e-ef696e489f09-SegmentedRaftLogWorker:Storage Directory /workdir/hadoop-ozone/integration-test/target/test-dir/MiniOzoneClusterImpl-03df5328-cb4f-49b2-a840-73a4610bd6b2/datanode-0/data/ratis/27f1515c-ea16-4225-9972-73418fffe603] INFO  segmented.SegmentedRaftLogWorker (SegmentedRaftLogWorker.java:execute(569)) - 8bf28770-b006-473a-8b5e-ef696e489f09-SegmentedRaftLogWorker:Storage Directory /workdir/hadoop-ozone/integration-test/target/test-dir/MiniOzoneClusterImpl-03df5328-cb4f-49b2-a840-73a4610bd6b2/datanode-0/data/ratis/27f1515c-ea16-4225-9972-73418fffe603: created new log segment /workdir/hadoop-ozone/integration-test/target/test-dir/MiniOzoneClusterImpl-03df5328-cb4f-49b2-a840-73a4610bd6b2/datanode-0/data/ratis/27f1515c-ea16-4225-9972-73418fffe603/current/log_inprogress_0
2019-09-12 10:32:34,323 [80325dc5-bfcd-4416-8aa5-165bd32e2b28-SegmentedRaftLogWorker:Storage Directory /workdir/hadoop-ozone/integration-test/target/test-dir/MiniOzoneClusterImpl-03df5328-cb4f-49b2-a840-73a4610bd6b2/datanode-2/data/ratis/f14c31e3-b879-45ba-ba29-f9cd217562ff] INFO  segmented.SegmentedRaftLogWorker (SegmentedRaftLogWorker.java:execute(569)) - 80325dc5-bfcd-4416-8aa5-165bd32e2b28-SegmentedRaftLogWorker:Storage Directory /workdir/hadoop-ozone/integration-test/target/test-dir/MiniOzoneClusterImpl-03df5328-cb4f-49b2-a840-73a4610bd6b2/datanode-2/data/ratis/f14c31e3-b879-45ba-ba29-f9cd217562ff: created new log segment /workdir/hadoop-ozone/integration-test/target/test-dir/MiniOzoneClusterImpl-03df5328-cb4f-49b2-a840-73a4610bd6b2/datanode-2/data/ratis/f14c31e3-b879-45ba-ba29-f9cd217562ff/current/log_inprogress_0
2019-09-12 10:32:34,673 | INFO  | SCMAudit | user=jenkins1000 | ip=192.168.157.195 | op=SEND_HEARTBEAT {datanodeUUID=8bf28770-b006-473a-8b5e-ef696e489f09, command=[]} | ret=SUCCESS |  
2019-09-12 10:32:34,940 | INFO  | SCMAudit | user=jenkins1000 | ip=192.168.157.195 | op=SEND_HEARTBEAT {datanodeUUID=e5aec583-ea61-4f1a-b46a-16f569718c14, command=[]} | ret=SUCCESS |  
2019-09-12 10:32:35,221 | INFO  | SCMAudit | user=jenkins1000 | ip=192.168.157.195 | op=SEND_HEARTBEAT {datanodeUUID=80325dc5-bfcd-4416-8aa5-165bd32e2b28, command=[]} | ret=SUCCESS |  
2019-09-12 10:32:35,623 | INFO  | SCMAudit | user=jenkins1000 | ip=192.168.157.195 | op=SEND_HEARTBEAT {datanodeUUID=8bf28770-b006-473a-8b5e-ef696e489f09, command=[]} | ret=SUCCESS |  
2019-09-12 10:32:35,632 | INFO  | DNAudit | user=null | ip=null | op=WRITE_CHUNK {blockData=conID: 1 locID: 102779083107467265 bcsId: 0} | ret=SUCCESS |  
2019-09-12 10:32:35,647 | INFO  | DNAudit | user=null | ip=null | op=WRITE_CHUNK {blockData=conID: 1 locID: 102779083107467265 bcsId: 0} | ret=SUCCESS |  
2019-09-12 10:32:35,660 [grpc-default-executor-0] INFO  client.GrpcClientProtocolClient (GrpcClientProtocolClient.java:onNext(255)) - client-4F514FE88257->8bf28770-b006-473a-8b5e-ef696e489f09: receive RaftClientReply:client-4F514FE88257->8bf28770-b006-473a-8b5e-ef696e489f09@group-A4801B4F4707, cid=18, SUCCESS, logIndex=1, commits[8bf28770-b006-473a-8b5e-ef696e489f09:c1]
2019-09-12 10:32:35,767 | INFO  | DNAudit | user=null | ip=null | op=PUT_BLOCK {blockData=[blockId=conID: 1 locID: 102779083107467265 bcsId: 0,size=36]} | ret=SUCCESS |  
2019-09-12 10:32:35,772 [grpc-default-executor-0] INFO  client.GrpcClientProtocolClient (GrpcClientProtocolClient.java:onNext(255)) - client-4F514FE88257->8bf28770-b006-473a-8b5e-ef696e489f09: receive RaftClientReply:client-4F514FE88257->8bf28770-b006-473a-8b5e-ef696e489f09@group-A4801B4F4707, cid=19, SUCCESS, logIndex=3, commits[8bf28770-b006-473a-8b5e-ef696e489f09:c4]
2019-09-12 10:32:35,790 | INFO  | OMAudit | user=jenkins1000 | ip=127.0.0.1 | op=COMMIT_KEY {volume=cfae3db5-a408-42b3-a5ac-918388a68f77, bucket=02d1b0e5-6de4-423f-a3e1-a35fa635ca9a, key=c4d8bb64-dfbc-47ac-a997-fff72b5743fb, dataSize=36, replicationType=null, replicationFactor=null, keyLocationInfo=[{blockID={containerID=1, localID=102779083107467265}, length=36, offset=0, token=null, pipeline=Pipeline[ Id: 0a6b61ad-6eb4-44b0-985c-a4801b4f4707, Nodes: 8bf28770-b006-473a-8b5e-ef696e489f09{ip: 192.168.157.195, host: pr-hdds-1569-xtfnx-3545843844, networkLocation: /default-rack, certSerialId: null}, Type:RATIS, Factor:ONE, State:OPEN], createVersion=0}], clientID=102779083077648384} | ret=SUCCESS |  
2019-09-12 10:32:35,795 [IPC Server handler 4 on 43379] ERROR pipeline.PipelinePlacementPolicy (PipelinePlacementPolicy.java:meetCriteria(91)) - Pipeline Placement: Doesn't meet the criteria to be viable node. Heaviness: 6
2019-09-12 10:32:35,798 [IPC Server handler 4 on 43379] ERROR pipeline.PipelinePlacementPolicy (PipelinePlacementPolicy.java:meetCriteria(91)) - Pipeline Placement: Doesn't meet the criteria to be viable node. Heaviness: 6
2019-09-12 10:32:35,798 [IPC Server handler 4 on 43379] ERROR pipeline.PipelinePlacementPolicy (PipelinePlacementPolicy.java:meetCriteria(91)) - Pipeline Placement: Doesn't meet the criteria to be viable node. Heaviness: 6
2019-09-12 10:32:35,798 [IPC Server handler 4 on 43379] ERROR pipeline.PipelinePlacementPolicy (PipelinePlacementPolicy.java:filterViableNodes(146)) - Unable to find enough nodes that meet the criteria that cannot engage in more than 5 pipelines. Nodes required: 3 Found: 0, healthy nodes count inNodeManager: 3.
2019-09-12 10:32:35,799 [IPC Server handler 4 on 43379] ERROR pipeline.SCMPipelineManager (SCMPipelineManager.java:createPipeline(161)) - Pipeline creation failed due to exception: Unable to find enough nodes that meet the criteria that cannot engage in more than 5 pipelines. Nodes required: 3 Found: 0, healthy nodes count inNodeManager: 3.
2019-09-12 10:32:35,800 [IPC Server handler 4 on 43379] WARN  block.BlockManagerImpl (BlockManagerImpl.java:allocateBlock(192)) - Pipeline creation failed for type:RATIS factor:THREE. Retrying get pipelines call once.
org.apache.hadoop.hdds.scm.exceptions.SCMException: Unable to find enough nodes that meet the criteria that cannot engage in more than 5 pipelines. Nodes required: 3 Found: 0, healthy nodes count inNodeManager: 3.
	at org.apache.hadoop.hdds.scm.pipeline.PipelinePlacementPolicy.filterViableNodes(PipelinePlacementPolicy.java:147)
	at org.apache.hadoop.hdds.scm.pipeline.PipelinePlacementPolicy.chooseDatanodes(PipelinePlacementPolicy.java:170)
	at org.apache.hadoop.hdds.scm.pipeline.RatisPipelineProvider.create(RatisPipelineProvider.java:92)
	at org.apache.hadoop.hdds.scm.pipeline.PipelineFactory.create(PipelineFactory.java:57)
	at org.apache.hadoop.hdds.scm.pipeline.SCMPipelineManager.createPipeline(SCMPipelineManager.java:149)
	at org.apache.hadoop.hdds.scm.block.BlockManagerImpl.allocateBlock(BlockManagerImpl.java:190)
	at org.apache.hadoop.hdds.scm.server.SCMBlockProtocolServer.allocateBlock(SCMBlockProtocolServer.java:175)
	at org.apache.hadoop.ozone.protocolPB.ScmBlockLocationProtocolServerSideTranslatorPB.allocateScmBlock(ScmBlockLocationProtocolServerSideTranslatorPB.java:153)
	at org.apache.hadoop.ozone.protocolPB.ScmBlockLocationProtocolServerSideTranslatorPB.send(ScmBlockLocationProtocolServerSideTranslatorPB.java:112)
	at org.apache.hadoop.hdds.protocol.proto.ScmBlockLocationProtocolProtos$ScmBlockLocationProtocolService$2.callBlockingMethod(ScmBlockLocationProtocolProtos.java:13157)
	at org.apache.hadoop.ipc.ProtobufRpcEngine$Server$ProtoBufRpcInvoker.call(ProtobufRpcEngine.java:524)
	at org.apache.hadoop.ipc.RPC$Server.call(RPC.java:1025)
	at org.apache.hadoop.ipc.Server$RpcCall.run(Server.java:876)
	at org.apache.hadoop.ipc.Server$RpcCall.run(Server.java:822)
	at java.security.AccessController.doPrivileged(Native Method)
	at javax.security.auth.Subject.doAs(Subject.java:422)
	at org.apache.hadoop.security.UserGroupInformation.doAs(UserGroupInformation.java:1730)
	at org.apache.hadoop.ipc.Server$Handler.run(Server.java:2682)
2019-09-12 10:32:35,801 [IPC Server handler 4 on 43379] INFO  block.BlockManagerImpl (BlockManagerImpl.java:allocateBlock(198)) - Could not find available pipeline of type:RATIS and factor:THREE even after retrying
2019-09-12 10:32:35,802 [IPC Server handler 4 on 43379] ERROR block.BlockManagerImpl (BlockManagerImpl.java:allocateBlock(222)) - Unable to allocate a block for the size: 4194304, type: RATIS, factor: THREE
2019-09-12 10:32:35,802 | INFO  | SCMAudit | user=jenkins1000 | ip=192.168.157.195 | op=ALLOCATE_BLOCK {owner=ca1058a7-a572-432b-a24c-1b62a560ba48, size=4194304, type=RATIS, factor=THREE} | ret=SUCCESS |  
2019-09-12 10:32:35,803 | ERROR | OMAudit | user=jenkins1000 | ip=127.0.0.1 | op=ALLOCATE_KEY {volume=cfae3db5-a408-42b3-a5ac-918388a68f77, bucket=02d1b0e5-6de4-423f-a3e1-a35fa635ca9a, key=d496fe60-e339-4136-9c73-e1dd4e3a2411, dataSize=36, replicationType=RATIS, replicationFactor=THREE, keyLocationInfo=null} | ret=FAILURE | org.apache.hadoop.hdds.scm.exceptions.SCMException: Allocated 0 blocks. Requested 1 blocks
	at org.apache.hadoop.hdds.scm.protocolPB.ScmBlockLocationProtocolClientSideTranslatorPB.handleError(ScmBlockLocationProtocolClientSideTranslatorPB.java:118)
	at org.apache.hadoop.hdds.scm.protocolPB.ScmBlockLocationProtocolClientSideTranslatorPB.allocateBlock(ScmBlockLocationProtocolClientSideTranslatorPB.java:156) 
]]></system-out>
    <system-err><![CDATA[Sep 12, 2019 10:32:21 AM com.sun.jersey.server.impl.application.WebApplicationImpl _initiate
INFO: Initiating Jersey application, version 'Jersey: 1.19 02/11/2015 03:25 AM'
Sep 12, 2019 10:32:22 AM com.sun.jersey.server.impl.application.WebApplicationImpl _initiate
INFO: Initiating Jersey application, version 'Jersey: 1.19 02/11/2015 03:25 AM'
Sep 12, 2019 10:32:22 AM com.sun.jersey.server.impl.application.WebApplicationImpl _initiate
INFO: Initiating Jersey application, version 'Jersey: 1.19 02/11/2015 03:25 AM'
]]></system-err>
  </testcase>
</testsuite>