<?xml version="1.0" encoding="UTF-8"?>
<testsuite xmlns:xsi="http://www.w3.org/2001/XMLSchema-instance" xsi:noNamespaceSchemaLocation="https://maven.apache.org/surefire/maven-surefire-plugin/xsd/surefire-test-report.xsd" name="org.apache.hadoop.hdds.scm.pipeline.TestPipelineClose" time="74.672" tests="4" errors="4" skipped="0" failures="0">
  <properties>
    <property name="awt.toolkit" value="sun.awt.X11.XToolkit"/>
    <property name="file.encoding.pkg" value="sun.io"/>
    <property name="java.specification.version" value="1.8"/>
    <property name="sun.cpu.isalist" value=""/>
    <property name="sun.jnu.encoding" value="UTF-8"/>
    <property name="java.class.path" value="/workdir/hadoop-ozone/integration-test/target/test-classes:/workdir/hadoop-ozone/integration-test/target/classes:/home/user/.m2/repository/org/apache/hadoop/hadoop-ozone-common/0.5.0-SNAPSHOT/hadoop-ozone-common-0.5.0-SNAPSHOT.jar:/home/user/.m2/repository/org/apache/commons/commons-compress/1.4.1/commons-compress-1.4.1.jar:/home/user/.m2/repository/org/tukaani/xz/1.0/xz-1.0.jar:/home/user/.m2/repository/org/apache/hadoop/hadoop-common/3.2.0/hadoop-common-3.2.0.jar:/home/user/.m2/repository/org/apache/hadoop/hadoop-hdfs/3.2.0/hadoop-hdfs-3.2.0.jar:/home/user/.m2/repository/org/apache/hadoop/hadoop-hdfs-client/3.2.0/hadoop-hdfs-client-3.2.0.jar:/home/user/.m2/repository/com/fasterxml/jackson/core/jackson-annotations/2.9.5/jackson-annotations-2.9.5.jar:/home/user/.m2/repository/org/apache/hadoop/hadoop-hdds-common/0.5.0-SNAPSHOT/hadoop-hdds-common-0.5.0-SNAPSHOT.jar:/home/user/.m2/repository/javax/annotation/javax.annotation-api/1.2/javax.annotation-api-1.2.jar:/home/user/.m2/repository/org/apache/ratis/ratis-server/0.4.0-2337318-SNAPSHOT/ratis-server-0.4.0-2337318-SNAPSHOT.jar:/home/user/.m2/repository/org/apache/ratis/ratis-thirdparty-misc/0.2.0/ratis-thirdparty-misc-0.2.0.jar:/home/user/.m2/repository/org/apache/ratis/ratis-proto/0.4.0-2337318-SNAPSHOT/ratis-proto-0.4.0-2337318-SNAPSHOT.jar:/home/user/.m2/repository/org/apache/ratis/ratis-common/0.4.0-2337318-SNAPSHOT/ratis-common-0.4.0-2337318-SNAPSHOT.jar:/home/user/.m2/repository/org/apache/ratis/ratis-client/0.4.0-2337318-SNAPSHOT/ratis-client-0.4.0-2337318-SNAPSHOT.jar:/home/user/.m2/repository/org/apache/ratis/ratis-metrics/0.4.0-2337318-SNAPSHOT/ratis-metrics-0.4.0-2337318-SNAPSHOT.jar:/home/user/.m2/repository/org/apache/ratis/ratis-netty/0.4.0-2337318-SNAPSHOT/ratis-netty-0.4.0-2337318-SNAPSHOT.jar:/home/user/.m2/repository/org/apache/ratis/ratis-grpc/0.4.0-2337318-SNAPSHOT/ratis-grpc-0.4.0-2337318-SNAPSHOT.jar:/home/user/.m2/repository/org/rocksdb/rocksdbjni/6.0.1/rocksdbjni-6.0.1.jar:/home/user/.m2/repository/org/apache/logging/log4j/log4j-api/2.11.0/log4j-api-2.11.0.jar:/home/user/.m2/repository/org/apache/logging/log4j/log4j-core/2.11.0/log4j-core-2.11.0.jar:/home/user/.m2/repository/com/lmax/disruptor/3.4.2/disruptor-3.4.2.jar:/home/user/.m2/repository/org/apache/commons/commons-pool2/2.6.0/commons-pool2-2.6.0.jar:/home/user/.m2/repository/org/bouncycastle/bcpkix-jdk15on/1.60/bcpkix-jdk15on-1.60.jar:/home/user/.m2/repository/commons-validator/commons-validator/1.6/commons-validator-1.6.jar:/home/user/.m2/repository/commons-digester/commons-digester/1.8.1/commons-digester-1.8.1.jar:/home/user/.m2/repository/io/jaegertracing/jaeger-client/0.33.1/jaeger-client-0.33.1.jar:/home/user/.m2/repository/io/jaegertracing/jaeger-thrift/0.33.1/jaeger-thrift-0.33.1.jar:/home/user/.m2/repository/org/apache/thrift/libthrift/0.11.0/libthrift-0.11.0.jar:/home/user/.m2/repository/com/squareup/okhttp3/okhttp/3.9.0/okhttp-3.9.0.jar:/home/user/.m2/repository/com/squareup/okio/okio/1.13.0/okio-1.13.0.jar:/home/user/.m2/repository/io/jaegertracing/jaeger-core/0.33.1/jaeger-core-0.33.1.jar:/home/user/.m2/repository/io/jaegertracing/jaeger-tracerresolver/0.33.1/jaeger-tracerresolver-0.33.1.jar:/home/user/.m2/repository/io/opentracing/contrib/opentracing-tracerresolver/0.1.5/opentracing-tracerresolver-0.1.5.jar:/home/user/.m2/repository/io/opentracing/opentracing-util/0.31.0/opentracing-util-0.31.0.jar:/home/user/.m2/repository/io/opentracing/opentracing-api/0.31.0/opentracing-api-0.31.0.jar:/home/user/.m2/repository/io/opentracing/opentracing-noop/0.31.0/opentracing-noop-0.31.0.jar:/home/user/.m2/repository/org/apache/hadoop/hadoop-hdds-server-framework/0.5.0-SNAPSHOT/hadoop-hdds-server-framework-0.5.0-SNAPSHOT.jar:/home/user/.m2/repository/org/apache/hadoop/hadoop-hdds-container-service/0.5.0-SNAPSHOT/hadoop-hdds-container-service-0.5.0-SNAPSHOT.jar:/home/user/.m2/repository/org/apache/hadoop/hadoop-hdds-client/0.5.0-SNAPSHOT/hadoop-hdds-client-0.5.0-SNAPSHOT.jar:/home/user/.m2/repository/org/apache/hadoop/hadoop-hdds-tools/0.5.0-SNAPSHOT/hadoop-hdds-tools-0.5.0-SNAPSHOT.jar:/home/user/.m2/repository/org/apache/hadoop/hadoop-hdds-server-scm/0.5.0-SNAPSHOT/hadoop-hdds-server-scm-0.5.0-SNAPSHOT.jar:/home/user/.m2/repository/org/apache/hadoop/hadoop-hdds-docs/0.5.0-SNAPSHOT/hadoop-hdds-docs-0.5.0-SNAPSHOT.jar:/home/user/.m2/repository/io/dropwizard/metrics/metrics-core/3.2.4/metrics-core-3.2.4.jar:/home/user/.m2/repository/org/hamcrest/hamcrest-all/1.3/hamcrest-all-1.3.jar:/home/user/.m2/repository/org/bouncycastle/bcprov-jdk15on/1.60/bcprov-jdk15on-1.60.jar:/home/user/.m2/repository/info/picocli/picocli/3.9.6/picocli-3.9.6.jar:/home/user/.m2/repository/com/google/protobuf/protobuf-java/2.5.0/protobuf-java-2.5.0.jar:/home/user/.m2/repository/com/google/guava/guava/11.0.2/guava-11.0.2.jar:/home/user/.m2/repository/org/apache/hadoop/hadoop-ozone-ozone-manager/0.5.0-SNAPSHOT/hadoop-ozone-ozone-manager-0.5.0-SNAPSHOT.jar:/home/user/.m2/repository/org/apache/hadoop/hadoop-minikdc/3.2.0/hadoop-minikdc-3.2.0.jar:/home/user/.m2/repository/commons-io/commons-io/2.5/commons-io-2.5.jar:/home/user/.m2/repository/org/apache/kerby/kerb-simplekdc/1.0.1/kerb-simplekdc-1.0.1.jar:/home/user/.m2/repository/org/apache/kerby/kerb-client/1.0.1/kerb-client-1.0.1.jar:/home/user/.m2/repository/org/apache/kerby/kerby-config/1.0.1/kerby-config-1.0.1.jar:/home/user/.m2/repository/org/apache/kerby/kerb-core/1.0.1/kerb-core-1.0.1.jar:/home/user/.m2/repository/org/apache/kerby/kerby-pkix/1.0.1/kerby-pkix-1.0.1.jar:/home/user/.m2/repository/org/apache/kerby/kerby-asn1/1.0.1/kerby-asn1-1.0.1.jar:/home/user/.m2/repository/org/apache/kerby/kerby-util/1.0.1/kerby-util-1.0.1.jar:/home/user/.m2/repository/org/apache/kerby/kerb-common/1.0.1/kerb-common-1.0.1.jar:/home/user/.m2/repository/org/apache/kerby/kerb-crypto/1.0.1/kerb-crypto-1.0.1.jar:/home/user/.m2/repository/org/apache/kerby/kerb-util/1.0.1/kerb-util-1.0.1.jar:/home/user/.m2/repository/org/apache/kerby/token-provider/1.0.1/token-provider-1.0.1.jar:/home/user/.m2/repository/org/apache/kerby/kerb-admin/1.0.1/kerb-admin-1.0.1.jar:/home/user/.m2/repository/org/apache/kerby/kerb-server/1.0.1/kerb-server-1.0.1.jar:/home/user/.m2/repository/org/apache/kerby/kerb-identity/1.0.1/kerb-identity-1.0.1.jar:/home/user/.m2/repository/org/apache/kerby/kerby-xdr/1.0.1/kerby-xdr-1.0.1.jar:/home/user/.m2/repository/org/slf4j/slf4j-log4j12/1.7.25/slf4j-log4j12-1.7.25.jar:/home/user/.m2/repository/org/apache/hadoop/hadoop-ozone-objectstore-service/0.5.0-SNAPSHOT/hadoop-ozone-objectstore-service-0.5.0-SNAPSHOT.jar:/home/user/.m2/repository/org/apache/hadoop/hadoop-ozone-s3gateway/0.5.0-SNAPSHOT/hadoop-ozone-s3gateway-0.5.0-SNAPSHOT.jar:/home/user/.m2/repository/org/jboss/weld/servlet/weld-servlet/2.4.7.Final/weld-servlet-2.4.7.Final.jar:/home/user/.m2/repository/org/glassfish/jersey/containers/jersey-container-servlet-core/2.27/jersey-container-servlet-core-2.27.jar:/home/user/.m2/repository/org/glassfish/hk2/external/javax.inject/2.5.0-b42/javax.inject-2.5.0-b42.jar:/home/user/.m2/repository/org/glassfish/jersey/core/jersey-common/2.27/jersey-common-2.27.jar:/home/user/.m2/repository/org/glassfish/hk2/osgi-resource-locator/1.0.1/osgi-resource-locator-1.0.1.jar:/home/user/.m2/repository/javax/ws/rs/javax.ws.rs-api/2.1/javax.ws.rs-api-2.1.jar:/home/user/.m2/repository/org/glassfish/jersey/ext/cdi/jersey-cdi1x/2.27/jersey-cdi1x-2.27.jar:/home/user/.m2/repository/org/glassfish/jersey/inject/jersey-hk2/2.27/jersey-hk2-2.27.jar:/home/user/.m2/repository/org/glassfish/hk2/hk2-locator/2.5.0-b42/hk2-locator-2.5.0-b42.jar:/home/user/.m2/repository/org/javassist/javassist/3.22.0-CR2/javassist-3.22.0-CR2.jar:/home/user/.m2/repository/org/glassfish/hk2/hk2-api/2.5.0/hk2-api-2.5.0.jar:/home/user/.m2/repository/org/glassfish/hk2/external/jakarta.inject/2.5.0/jakarta.inject-2.5.0.jar:/home/user/.m2/repository/org/glassfish/hk2/hk2-utils/2.5.0/hk2-utils-2.5.0.jar:/home/user/.m2/repository/jakarta/annotation/jakarta.annotation-api/1.3.4/jakarta.annotation-api-1.3.4.jar:/home/user/.m2/repository/org/glassfish/hk2/external/aopalliance-repackaged/2.5.0/aopalliance-repackaged-2.5.0.jar:/home/user/.m2/repository/com/fasterxml/jackson/dataformat/jackson-dataformat-xml/2.9.0/jackson-dataformat-xml-2.9.0.jar:/home/user/.m2/repository/com/fasterxml/jackson/core/jackson-core/2.9.5/jackson-core-2.9.5.jar:/home/user/.m2/repository/com/fasterxml/jackson/module/jackson-module-jaxb-annotations/2.9.5/jackson-module-jaxb-annotations-2.9.5.jar:/home/user/.m2/repository/javax/enterprise/cdi-api/1.2/cdi-api-1.2.jar:/home/user/.m2/repository/javax/el/javax.el-api/3.0.0/javax.el-api-3.0.0.jar:/home/user/.m2/repository/javax/interceptor/javax.interceptor-api/1.2/javax.interceptor-api-1.2.jar:/home/user/.m2/repository/javax/inject/javax.inject/1/javax.inject-1.jar:/home/user/.m2/repository/com/sun/xml/bind/jaxb-impl/2.3.0.1/jaxb-impl-2.3.0.1.jar:/home/user/.m2/repository/com/sun/xml/bind/jaxb-core/2.3.0.1/jaxb-core-2.3.0.1.jar:/home/user/.m2/repository/javax/xml/bind/jaxb-api/2.3.0/jaxb-api-2.3.0.jar:/home/user/.m2/repository/javax/activation/activation/1.1.1/activation-1.1.1.jar:/home/user/.m2/repository/org/apache/hadoop/hadoop-ozone-csi/0.5.0-SNAPSHOT/hadoop-ozone-csi-0.5.0-SNAPSHOT.jar:/home/user/.m2/repository/com/google/protobuf/protobuf-java-util/3.5.1/protobuf-java-util-3.5.1.jar:/home/user/.m2/repository/org/apache/hadoop/hadoop-hdds-config/0.5.0-SNAPSHOT/hadoop-hdds-config-0.5.0-SNAPSHOT.jar:/home/user/.m2/repository/io/grpc/grpc-netty/1.17.1/grpc-netty-1.17.1.jar:/home/user/.m2/repository/io/grpc/grpc-core/1.17.1/grpc-core-1.17.1.jar:/home/user/.m2/repository/io/grpc/grpc-context/1.17.1/grpc-context-1.17.1.jar:/home/user/.m2/repository/com/google/errorprone/error_prone_annotations/2.2.0/error_prone_annotations-2.2.0.jar:/home/user/.m2/repository/org/codehaus/mojo/animal-sniffer-annotations/1.17/animal-sniffer-annotations-1.17.jar:/home/user/.m2/repository/io/opencensus/opencensus-api/0.17.0/opencensus-api-0.17.0.jar:/home/user/.m2/repository/io/opencensus/opencensus-contrib-grpc-metrics/0.17.0/opencensus-contrib-grpc-metrics-0.17.0.jar:/home/user/.m2/repository/io/netty/netty-codec-http2/4.1.30.Final/netty-codec-http2-4.1.30.Final.jar:/home/user/.m2/repository/io/netty/netty-codec-http/4.1.30.Final/netty-codec-http-4.1.30.Final.jar:/home/user/.m2/repository/io/netty/netty-codec/4.1.30.Final/netty-codec-4.1.30.Final.jar:/home/user/.m2/repository/io/netty/netty-handler/4.1.30.Final/netty-handler-4.1.30.Final.jar:/home/user/.m2/repository/io/netty/netty-handler-proxy/4.1.30.Final/netty-handler-proxy-4.1.30.Final.jar:/home/user/.m2/repository/io/netty/netty-codec-socks/4.1.30.Final/netty-codec-socks-4.1.30.Final.jar:/home/user/.m2/repository/io/netty/netty-transport-native-epoll/4.1.30.Final/netty-transport-native-epoll-4.1.30.Final.jar:/home/user/.m2/repository/io/netty/netty-common/4.1.30.Final/netty-common-4.1.30.Final.jar:/home/user/.m2/repository/io/netty/netty-buffer/4.1.30.Final/netty-buffer-4.1.30.Final.jar:/home/user/.m2/repository/io/netty/netty-transport/4.1.30.Final/netty-transport-4.1.30.Final.jar:/home/user/.m2/repository/io/netty/netty-resolver/4.1.30.Final/netty-resolver-4.1.30.Final.jar:/home/user/.m2/repository/io/netty/netty-transport-native-unix-common/4.1.30.Final/netty-transport-native-unix-common-4.1.30.Final.jar:/home/user/.m2/repository/io/grpc/grpc-protobuf/1.17.1/grpc-protobuf-1.17.1.jar:/home/user/.m2/repository/com/google/api/grpc/proto-google-common-protos/1.0.0/proto-google-common-protos-1.0.0.jar:/home/user/.m2/repository/io/grpc/grpc-protobuf-lite/1.17.1/grpc-protobuf-lite-1.17.1.jar:/home/user/.m2/repository/io/grpc/grpc-stub/1.17.1/grpc-stub-1.17.1.jar:/home/user/.m2/repository/org/apache/hadoop/hadoop-ozone-recon/0.5.0-SNAPSHOT/hadoop-ozone-recon-0.5.0-SNAPSHOT.jar:/home/user/.m2/repository/org/apache/hadoop/hadoop-ozone-reconcodegen/0.5.0-SNAPSHOT/hadoop-ozone-reconcodegen-0.5.0-SNAPSHOT.jar:/home/user/.m2/repository/com/google/inject/extensions/guice-multibindings/4.0/guice-multibindings-4.0.jar:/home/user/.m2/repository/com/google/inject/guice/4.0/guice-4.0.jar:/home/user/.m2/repository/aopalliance/aopalliance/1.0/aopalliance-1.0.jar:/home/user/.m2/repository/com/google/inject/extensions/guice-servlet/4.0/guice-servlet-4.0.jar:/home/user/.m2/repository/org/glassfish/jersey/containers/jersey-container-servlet/2.27/jersey-container-servlet-2.27.jar:/home/user/.m2/repository/org/glassfish/hk2/guice-bridge/2.5.0/guice-bridge-2.5.0.jar:/home/user/.m2/repository/org/glassfish/jersey/core/jersey-server/2.27/jersey-server-2.27.jar:/home/user/.m2/repository/org/glassfish/jersey/core/jersey-client/2.27/jersey-client-2.27.jar:/home/user/.m2/repository/org/glassfish/jersey/media/jersey-media-jaxb/2.27/jersey-media-jaxb-2.27.jar:/home/user/.m2/repository/javax/validation/validation-api/1.1.0.Final/validation-api-1.1.0.Final.jar:/home/user/.m2/repository/org/glassfish/jersey/media/jersey-media-json-jackson/2.27/jersey-media-json-jackson-2.27.jar:/home/user/.m2/repository/org/glassfish/jersey/ext/jersey-entity-filtering/2.27/jersey-entity-filtering-2.27.jar:/home/user/.m2/repository/com/google/inject/extensions/guice-assistedinject/4.0/guice-assistedinject-4.0.jar:/home/user/.m2/repository/org/jooq/jooq/3.11.10/jooq-3.11.10.jar:/home/user/.m2/repository/org/jooq/jooq-meta/3.11.10/jooq-meta-3.11.10.jar:/home/user/.m2/repository/org/jooq/jooq-codegen/3.11.10/jooq-codegen-3.11.10.jar:/home/user/.m2/repository/com/jolbox/bonecp/0.8.0.RELEASE/bonecp-0.8.0.RELEASE.jar:/home/user/.m2/repository/org/xerial/sqlite-jdbc/3.25.2/sqlite-jdbc-3.25.2.jar:/home/user/.m2/repository/org/springframework/spring-jdbc/5.1.3.RELEASE/spring-jdbc-5.1.3.RELEASE.jar:/home/user/.m2/repository/org/springframework/spring-beans/5.1.3.RELEASE/spring-beans-5.1.3.RELEASE.jar:/home/user/.m2/repository/org/springframework/spring-core/5.1.3.RELEASE/spring-core-5.1.3.RELEASE.jar:/home/user/.m2/repository/org/springframework/spring-jcl/5.1.3.RELEASE/spring-jcl-5.1.3.RELEASE.jar:/home/user/.m2/repository/org/springframework/spring-tx/5.1.3.RELEASE/spring-tx-5.1.3.RELEASE.jar:/home/user/.m2/repository/org/apache/hadoop/hadoop-ozone-client/0.5.0-SNAPSHOT/hadoop-ozone-client-0.5.0-SNAPSHOT.jar:/home/user/.m2/repository/commons-lang/commons-lang/2.6/commons-lang-2.6.jar:/home/user/.m2/repository/org/apache/hadoop/hadoop-ozone-ozone-manager/0.5.0-SNAPSHOT/hadoop-ozone-ozone-manager-0.5.0-SNAPSHOT-tests.jar:/home/user/.m2/repository/junit/junit/4.11/junit-4.11.jar:/home/user/.m2/repository/org/hamcrest/hamcrest-core/1.3/hamcrest-core-1.3.jar:/home/user/.m2/repository/org/openjdk/jmh/jmh-core/1.19/jmh-core-1.19.jar:/home/user/.m2/repository/net/sf/jopt-simple/jopt-simple/4.6/jopt-simple-4.6.jar:/home/user/.m2/repository/org/apache/commons/commons-math3/3.1.1/commons-math3-3.1.1.jar:/home/user/.m2/repository/org/openjdk/jmh/jmh-generator-annprocess/1.19/jmh-generator-annprocess-1.19.jar:/home/user/.m2/repository/org/mockito/mockito-all/1.8.5/mockito-all-1.8.5.jar:/home/user/.m2/repository/org/apache/hadoop/hadoop-kms/3.2.0/hadoop-kms-3.2.0.jar:/home/user/.m2/repository/org/apache/hadoop/hadoop-auth/3.2.0/hadoop-auth-3.2.0.jar:/home/user/.m2/repository/com/nimbusds/nimbus-jose-jwt/4.41.1/nimbus-jose-jwt-4.41.1.jar:/home/user/.m2/repository/com/github/stephenc/jcip/jcip-annotations/1.0-1/jcip-annotations-1.0-1.jar:/home/user/.m2/repository/net/minidev/json-smart/2.3/json-smart-2.3.jar:/home/user/.m2/repository/net/minidev/accessors-smart/1.2/accessors-smart-1.2.jar:/home/user/.m2/repository/org/ow2/asm/asm/5.0.4/asm-5.0.4.jar:/home/user/.m2/repository/org/apache/curator/curator-framework/2.12.0/curator-framework-2.12.0.jar:/home/user/.m2/repository/com/sun/jersey/jersey-core/1.19/jersey-core-1.19.jar:/home/user/.m2/repository/javax/ws/rs/jsr311-api/1.1.1/jsr311-api-1.1.1.jar:/home/user/.m2/repository/com/sun/jersey/jersey-server/1.19/jersey-server-1.19.jar:/home/user/.m2/repository/javax/servlet/javax.servlet-api/3.1.0/javax.servlet-api-3.1.0.jar:/home/user/.m2/repository/org/eclipse/jetty/jetty-server/9.3.24.v20180605/jetty-server-9.3.24.v20180605.jar:/home/user/.m2/repository/org/eclipse/jetty/jetty-http/9.3.24.v20180605/jetty-http-9.3.24.v20180605.jar:/home/user/.m2/repository/org/eclipse/jetty/jetty-io/9.3.24.v20180605/jetty-io-9.3.24.v20180605.jar:/home/user/.m2/repository/org/eclipse/jetty/jetty-webapp/9.3.24.v20180605/jetty-webapp-9.3.24.v20180605.jar:/home/user/.m2/repository/org/eclipse/jetty/jetty-xml/9.3.24.v20180605/jetty-xml-9.3.24.v20180605.jar:/home/user/.m2/repository/log4j/log4j/1.2.17/log4j-1.2.17.jar:/home/user/.m2/repository/org/slf4j/slf4j-api/1.7.25/slf4j-api-1.7.25.jar:/home/user/.m2/repository/org/slf4j/jul-to-slf4j/1.7.25/jul-to-slf4j-1.7.25.jar:/home/user/.m2/repository/org/eclipse/jetty/jetty-util/9.3.24.v20180605/jetty-util-9.3.24.v20180605.jar:/home/user/.m2/repository/com/fasterxml/jackson/core/jackson-databind/2.9.5/jackson-databind-2.9.5.jar:/home/user/.m2/repository/org/apache/hadoop/hadoop-kms/3.2.0/hadoop-kms-3.2.0-tests.jar:/home/user/.m2/repository/org/apache/hadoop/hadoop-hdds-server-scm/0.5.0-SNAPSHOT/hadoop-hdds-server-scm-0.5.0-SNAPSHOT-tests.jar:/home/user/.m2/repository/org/apache/hadoop/hadoop-hdds-container-service/0.5.0-SNAPSHOT/hadoop-hdds-container-service-0.5.0-SNAPSHOT-tests.jar:/home/user/.m2/repository/org/yaml/snakeyaml/1.16/snakeyaml-1.16.jar:/home/user/.m2/repository/org/apache/hadoop/hadoop-common/3.2.0/hadoop-common-3.2.0-tests.jar:/home/user/.m2/repository/org/apache/hadoop/hadoop-annotations/3.2.0/hadoop-annotations-3.2.0.jar:/usr/lib/jvm/java-1.8-openjdk/jre/../lib/tools.jar:/home/user/.m2/repository/commons-cli/commons-cli/1.2/commons-cli-1.2.jar:/home/user/.m2/repository/org/apache/httpcomponents/httpclient/4.5.2/httpclient-4.5.2.jar:/home/user/.m2/repository/org/apache/httpcomponents/httpcore/4.4.4/httpcore-4.4.4.jar:/home/user/.m2/repository/commons-codec/commons-codec/1.11/commons-codec-1.11.jar:/home/user/.m2/repository/commons-net/commons-net/3.6/commons-net-3.6.jar:/home/user/.m2/repository/commons-collections/commons-collections/3.2.2/commons-collections-3.2.2.jar:/home/user/.m2/repository/org/eclipse/jetty/jetty-servlet/9.3.24.v20180605/jetty-servlet-9.3.24.v20180605.jar:/home/user/.m2/repository/org/eclipse/jetty/jetty-security/9.3.24.v20180605/jetty-security-9.3.24.v20180605.jar:/home/user/.m2/repository/javax/servlet/jsp/jsp-api/2.1/jsp-api-2.1.jar:/home/user/.m2/repository/com/sun/jersey/jersey-servlet/1.19/jersey-servlet-1.19.jar:/home/user/.m2/repository/com/sun/jersey/jersey-json/1.19/jersey-json-1.19.jar:/home/user/.m2/repository/org/codehaus/jettison/jettison/1.1/jettison-1.1.jar:/home/user/.m2/repository/org/codehaus/jackson/jackson-core-asl/1.9.13/jackson-core-asl-1.9.13.jar:/home/user/.m2/repository/org/codehaus/jackson/jackson-mapper-asl/1.9.13/jackson-mapper-asl-1.9.13.jar:/home/user/.m2/repository/org/codehaus/jackson/jackson-jaxrs/1.9.13/jackson-jaxrs-1.9.13.jar:/home/user/.m2/repository/org/codehaus/jackson/jackson-xc/1.9.13/jackson-xc-1.9.13.jar:/home/user/.m2/repository/commons-logging/commons-logging/1.1.3/commons-logging-1.1.3.jar:/home/user/.m2/repository/commons-beanutils/commons-beanutils/1.9.3/commons-beanutils-1.9.3.jar:/home/user/.m2/repository/org/apache/commons/commons-configuration2/2.1.1/commons-configuration2-2.1.1.jar:/home/user/.m2/repository/org/apache/commons/commons-lang3/3.7/commons-lang3-3.7.jar:/home/user/.m2/repository/org/apache/commons/commons-text/1.4/commons-text-1.4.jar:/home/user/.m2/repository/org/apache/avro/avro/1.7.7/avro-1.7.7.jar:/home/user/.m2/repository/com/thoughtworks/paranamer/paranamer/2.3/paranamer-2.3.jar:/home/user/.m2/repository/org/xerial/snappy/snappy-java/1.0.5/snappy-java-1.0.5.jar:/home/user/.m2/repository/com/google/re2j/re2j/1.1/re2j-1.1.jar:/home/user/.m2/repository/com/google/code/gson/gson/2.2.4/gson-2.2.4.jar:/home/user/.m2/repository/com/jcraft/jsch/0.1.54/jsch-0.1.54.jar:/home/user/.m2/repository/org/apache/curator/curator-client/2.12.0/curator-client-2.12.0.jar:/home/user/.m2/repository/org/apache/curator/curator-recipes/2.12.0/curator-recipes-2.12.0.jar:/home/user/.m2/repository/com/google/code/findbugs/jsr305/3.0.0/jsr305-3.0.0.jar:/home/user/.m2/repository/org/apache/htrace/htrace-core4/4.1.0-incubating/htrace-core4-4.1.0-incubating.jar:/home/user/.m2/repository/org/apache/zookeeper/zookeeper/3.4.13/zookeeper-3.4.13.jar:/home/user/.m2/repository/org/apache/yetus/audience-annotations/0.5.0/audience-annotations-0.5.0.jar:/home/user/.m2/repository/org/codehaus/woodstox/stax2-api/3.1.4/stax2-api-3.1.4.jar:/home/user/.m2/repository/com/fasterxml/woodstox/woodstox-core/5.0.3/woodstox-core-5.0.3.jar:/home/user/.m2/repository/dnsjava/dnsjava/2.1.7/dnsjava-2.1.7.jar:/home/user/.m2/repository/org/apache/hadoop/hadoop-hdfs/3.2.0/hadoop-hdfs-3.2.0-tests.jar:/home/user/.m2/repository/org/eclipse/jetty/jetty-util-ajax/9.3.24.v20180605/jetty-util-ajax-9.3.24.v20180605.jar:/home/user/.m2/repository/commons-daemon/commons-daemon/1.0.13/commons-daemon-1.0.13.jar:/home/user/.m2/repository/io/netty/netty/3.10.5.Final/netty-3.10.5.Final.jar:/home/user/.m2/repository/io/netty/netty-all/4.0.52.Final/netty-all-4.0.52.Final.jar:/home/user/.m2/repository/org/fusesource/leveldbjni/leveldbjni-all/1.8/leveldbjni-all-1.8.jar:"/>
    <property name="java.vm.vendor" value="IcedTea"/>
    <property name="sun.arch.data.model" value="64"/>
    <property name="test.build.dir" value="/workdir/hadoop-ozone/integration-test/target/test-dir"/>
    <property name="test.cache.data" value=""/>
    <property name="java.vendor.url" value="https://icedtea.classpath.org"/>
    <property name="user.timezone" value=""/>
    <property name="java.vm.specification.version" value="1.8"/>
    <property name="os.name" value="Linux"/>
    <property name="test.build.data" value="/workdir/hadoop-ozone/integration-test/target/test-dir"/>
    <property name="user.country" value="US"/>
    <property name="sun.java.launcher" value="SUN_STANDARD"/>
    <property name="sun.boot.library.path" value="/usr/lib/jvm/java-1.8-openjdk/jre/lib/amd64"/>
    <property name="sun.java.command" value="/workdir/hadoop-ozone/integration-test/target/surefire/surefirebooter211693354833668977.jar /workdir/hadoop-ozone/integration-test/target/surefire 2019-09-12T10-13-21_360-jvmRun1 surefire5649526444893295356tmp surefire_53192746546775235658tmp"/>
    <property name="test" value="!TestMiniChaosOzoneCluster"/>
    <property name="surefire.test.class.path" value="/workdir/hadoop-ozone/integration-test/target/test-classes:/workdir/hadoop-ozone/integration-test/target/classes:/home/user/.m2/repository/org/apache/hadoop/hadoop-ozone-common/0.5.0-SNAPSHOT/hadoop-ozone-common-0.5.0-SNAPSHOT.jar:/home/user/.m2/repository/org/apache/commons/commons-compress/1.4.1/commons-compress-1.4.1.jar:/home/user/.m2/repository/org/tukaani/xz/1.0/xz-1.0.jar:/home/user/.m2/repository/org/apache/hadoop/hadoop-common/3.2.0/hadoop-common-3.2.0.jar:/home/user/.m2/repository/org/apache/hadoop/hadoop-hdfs/3.2.0/hadoop-hdfs-3.2.0.jar:/home/user/.m2/repository/org/apache/hadoop/hadoop-hdfs-client/3.2.0/hadoop-hdfs-client-3.2.0.jar:/home/user/.m2/repository/com/fasterxml/jackson/core/jackson-annotations/2.9.5/jackson-annotations-2.9.5.jar:/home/user/.m2/repository/org/apache/hadoop/hadoop-hdds-common/0.5.0-SNAPSHOT/hadoop-hdds-common-0.5.0-SNAPSHOT.jar:/home/user/.m2/repository/javax/annotation/javax.annotation-api/1.2/javax.annotation-api-1.2.jar:/home/user/.m2/repository/org/apache/ratis/ratis-server/0.4.0-2337318-SNAPSHOT/ratis-server-0.4.0-2337318-SNAPSHOT.jar:/home/user/.m2/repository/org/apache/ratis/ratis-thirdparty-misc/0.2.0/ratis-thirdparty-misc-0.2.0.jar:/home/user/.m2/repository/org/apache/ratis/ratis-proto/0.4.0-2337318-SNAPSHOT/ratis-proto-0.4.0-2337318-SNAPSHOT.jar:/home/user/.m2/repository/org/apache/ratis/ratis-common/0.4.0-2337318-SNAPSHOT/ratis-common-0.4.0-2337318-SNAPSHOT.jar:/home/user/.m2/repository/org/apache/ratis/ratis-client/0.4.0-2337318-SNAPSHOT/ratis-client-0.4.0-2337318-SNAPSHOT.jar:/home/user/.m2/repository/org/apache/ratis/ratis-metrics/0.4.0-2337318-SNAPSHOT/ratis-metrics-0.4.0-2337318-SNAPSHOT.jar:/home/user/.m2/repository/org/apache/ratis/ratis-netty/0.4.0-2337318-SNAPSHOT/ratis-netty-0.4.0-2337318-SNAPSHOT.jar:/home/user/.m2/repository/org/apache/ratis/ratis-grpc/0.4.0-2337318-SNAPSHOT/ratis-grpc-0.4.0-2337318-SNAPSHOT.jar:/home/user/.m2/repository/org/rocksdb/rocksdbjni/6.0.1/rocksdbjni-6.0.1.jar:/home/user/.m2/repository/org/apache/logging/log4j/log4j-api/2.11.0/log4j-api-2.11.0.jar:/home/user/.m2/repository/org/apache/logging/log4j/log4j-core/2.11.0/log4j-core-2.11.0.jar:/home/user/.m2/repository/com/lmax/disruptor/3.4.2/disruptor-3.4.2.jar:/home/user/.m2/repository/org/apache/commons/commons-pool2/2.6.0/commons-pool2-2.6.0.jar:/home/user/.m2/repository/org/bouncycastle/bcpkix-jdk15on/1.60/bcpkix-jdk15on-1.60.jar:/home/user/.m2/repository/commons-validator/commons-validator/1.6/commons-validator-1.6.jar:/home/user/.m2/repository/commons-digester/commons-digester/1.8.1/commons-digester-1.8.1.jar:/home/user/.m2/repository/io/jaegertracing/jaeger-client/0.33.1/jaeger-client-0.33.1.jar:/home/user/.m2/repository/io/jaegertracing/jaeger-thrift/0.33.1/jaeger-thrift-0.33.1.jar:/home/user/.m2/repository/org/apache/thrift/libthrift/0.11.0/libthrift-0.11.0.jar:/home/user/.m2/repository/com/squareup/okhttp3/okhttp/3.9.0/okhttp-3.9.0.jar:/home/user/.m2/repository/com/squareup/okio/okio/1.13.0/okio-1.13.0.jar:/home/user/.m2/repository/io/jaegertracing/jaeger-core/0.33.1/jaeger-core-0.33.1.jar:/home/user/.m2/repository/io/jaegertracing/jaeger-tracerresolver/0.33.1/jaeger-tracerresolver-0.33.1.jar:/home/user/.m2/repository/io/opentracing/contrib/opentracing-tracerresolver/0.1.5/opentracing-tracerresolver-0.1.5.jar:/home/user/.m2/repository/io/opentracing/opentracing-util/0.31.0/opentracing-util-0.31.0.jar:/home/user/.m2/repository/io/opentracing/opentracing-api/0.31.0/opentracing-api-0.31.0.jar:/home/user/.m2/repository/io/opentracing/opentracing-noop/0.31.0/opentracing-noop-0.31.0.jar:/home/user/.m2/repository/org/apache/hadoop/hadoop-hdds-server-framework/0.5.0-SNAPSHOT/hadoop-hdds-server-framework-0.5.0-SNAPSHOT.jar:/home/user/.m2/repository/org/apache/hadoop/hadoop-hdds-container-service/0.5.0-SNAPSHOT/hadoop-hdds-container-service-0.5.0-SNAPSHOT.jar:/home/user/.m2/repository/org/apache/hadoop/hadoop-hdds-client/0.5.0-SNAPSHOT/hadoop-hdds-client-0.5.0-SNAPSHOT.jar:/home/user/.m2/repository/org/apache/hadoop/hadoop-hdds-tools/0.5.0-SNAPSHOT/hadoop-hdds-tools-0.5.0-SNAPSHOT.jar:/home/user/.m2/repository/org/apache/hadoop/hadoop-hdds-server-scm/0.5.0-SNAPSHOT/hadoop-hdds-server-scm-0.5.0-SNAPSHOT.jar:/home/user/.m2/repository/org/apache/hadoop/hadoop-hdds-docs/0.5.0-SNAPSHOT/hadoop-hdds-docs-0.5.0-SNAPSHOT.jar:/home/user/.m2/repository/io/dropwizard/metrics/metrics-core/3.2.4/metrics-core-3.2.4.jar:/home/user/.m2/repository/org/hamcrest/hamcrest-all/1.3/hamcrest-all-1.3.jar:/home/user/.m2/repository/org/bouncycastle/bcprov-jdk15on/1.60/bcprov-jdk15on-1.60.jar:/home/user/.m2/repository/info/picocli/picocli/3.9.6/picocli-3.9.6.jar:/home/user/.m2/repository/com/google/protobuf/protobuf-java/2.5.0/protobuf-java-2.5.0.jar:/home/user/.m2/repository/com/google/guava/guava/11.0.2/guava-11.0.2.jar:/home/user/.m2/repository/org/apache/hadoop/hadoop-ozone-ozone-manager/0.5.0-SNAPSHOT/hadoop-ozone-ozone-manager-0.5.0-SNAPSHOT.jar:/home/user/.m2/repository/org/apache/hadoop/hadoop-minikdc/3.2.0/hadoop-minikdc-3.2.0.jar:/home/user/.m2/repository/commons-io/commons-io/2.5/commons-io-2.5.jar:/home/user/.m2/repository/org/apache/kerby/kerb-simplekdc/1.0.1/kerb-simplekdc-1.0.1.jar:/home/user/.m2/repository/org/apache/kerby/kerb-client/1.0.1/kerb-client-1.0.1.jar:/home/user/.m2/repository/org/apache/kerby/kerby-config/1.0.1/kerby-config-1.0.1.jar:/home/user/.m2/repository/org/apache/kerby/kerb-core/1.0.1/kerb-core-1.0.1.jar:/home/user/.m2/repository/org/apache/kerby/kerby-pkix/1.0.1/kerby-pkix-1.0.1.jar:/home/user/.m2/repository/org/apache/kerby/kerby-asn1/1.0.1/kerby-asn1-1.0.1.jar:/home/user/.m2/repository/org/apache/kerby/kerby-util/1.0.1/kerby-util-1.0.1.jar:/home/user/.m2/repository/org/apache/kerby/kerb-common/1.0.1/kerb-common-1.0.1.jar:/home/user/.m2/repository/org/apache/kerby/kerb-crypto/1.0.1/kerb-crypto-1.0.1.jar:/home/user/.m2/repository/org/apache/kerby/kerb-util/1.0.1/kerb-util-1.0.1.jar:/home/user/.m2/repository/org/apache/kerby/token-provider/1.0.1/token-provider-1.0.1.jar:/home/user/.m2/repository/org/apache/kerby/kerb-admin/1.0.1/kerb-admin-1.0.1.jar:/home/user/.m2/repository/org/apache/kerby/kerb-server/1.0.1/kerb-server-1.0.1.jar:/home/user/.m2/repository/org/apache/kerby/kerb-identity/1.0.1/kerb-identity-1.0.1.jar:/home/user/.m2/repository/org/apache/kerby/kerby-xdr/1.0.1/kerby-xdr-1.0.1.jar:/home/user/.m2/repository/org/slf4j/slf4j-log4j12/1.7.25/slf4j-log4j12-1.7.25.jar:/home/user/.m2/repository/org/apache/hadoop/hadoop-ozone-objectstore-service/0.5.0-SNAPSHOT/hadoop-ozone-objectstore-service-0.5.0-SNAPSHOT.jar:/home/user/.m2/repository/org/apache/hadoop/hadoop-ozone-s3gateway/0.5.0-SNAPSHOT/hadoop-ozone-s3gateway-0.5.0-SNAPSHOT.jar:/home/user/.m2/repository/org/jboss/weld/servlet/weld-servlet/2.4.7.Final/weld-servlet-2.4.7.Final.jar:/home/user/.m2/repository/org/glassfish/jersey/containers/jersey-container-servlet-core/2.27/jersey-container-servlet-core-2.27.jar:/home/user/.m2/repository/org/glassfish/hk2/external/javax.inject/2.5.0-b42/javax.inject-2.5.0-b42.jar:/home/user/.m2/repository/org/glassfish/jersey/core/jersey-common/2.27/jersey-common-2.27.jar:/home/user/.m2/repository/org/glassfish/hk2/osgi-resource-locator/1.0.1/osgi-resource-locator-1.0.1.jar:/home/user/.m2/repository/javax/ws/rs/javax.ws.rs-api/2.1/javax.ws.rs-api-2.1.jar:/home/user/.m2/repository/org/glassfish/jersey/ext/cdi/jersey-cdi1x/2.27/jersey-cdi1x-2.27.jar:/home/user/.m2/repository/org/glassfish/jersey/inject/jersey-hk2/2.27/jersey-hk2-2.27.jar:/home/user/.m2/repository/org/glassfish/hk2/hk2-locator/2.5.0-b42/hk2-locator-2.5.0-b42.jar:/home/user/.m2/repository/org/javassist/javassist/3.22.0-CR2/javassist-3.22.0-CR2.jar:/home/user/.m2/repository/org/glassfish/hk2/hk2-api/2.5.0/hk2-api-2.5.0.jar:/home/user/.m2/repository/org/glassfish/hk2/external/jakarta.inject/2.5.0/jakarta.inject-2.5.0.jar:/home/user/.m2/repository/org/glassfish/hk2/hk2-utils/2.5.0/hk2-utils-2.5.0.jar:/home/user/.m2/repository/jakarta/annotation/jakarta.annotation-api/1.3.4/jakarta.annotation-api-1.3.4.jar:/home/user/.m2/repository/org/glassfish/hk2/external/aopalliance-repackaged/2.5.0/aopalliance-repackaged-2.5.0.jar:/home/user/.m2/repository/com/fasterxml/jackson/dataformat/jackson-dataformat-xml/2.9.0/jackson-dataformat-xml-2.9.0.jar:/home/user/.m2/repository/com/fasterxml/jackson/core/jackson-core/2.9.5/jackson-core-2.9.5.jar:/home/user/.m2/repository/com/fasterxml/jackson/module/jackson-module-jaxb-annotations/2.9.5/jackson-module-jaxb-annotations-2.9.5.jar:/home/user/.m2/repository/javax/enterprise/cdi-api/1.2/cdi-api-1.2.jar:/home/user/.m2/repository/javax/el/javax.el-api/3.0.0/javax.el-api-3.0.0.jar:/home/user/.m2/repository/javax/interceptor/javax.interceptor-api/1.2/javax.interceptor-api-1.2.jar:/home/user/.m2/repository/javax/inject/javax.inject/1/javax.inject-1.jar:/home/user/.m2/repository/com/sun/xml/bind/jaxb-impl/2.3.0.1/jaxb-impl-2.3.0.1.jar:/home/user/.m2/repository/com/sun/xml/bind/jaxb-core/2.3.0.1/jaxb-core-2.3.0.1.jar:/home/user/.m2/repository/javax/xml/bind/jaxb-api/2.3.0/jaxb-api-2.3.0.jar:/home/user/.m2/repository/javax/activation/activation/1.1.1/activation-1.1.1.jar:/home/user/.m2/repository/org/apache/hadoop/hadoop-ozone-csi/0.5.0-SNAPSHOT/hadoop-ozone-csi-0.5.0-SNAPSHOT.jar:/home/user/.m2/repository/com/google/protobuf/protobuf-java-util/3.5.1/protobuf-java-util-3.5.1.jar:/home/user/.m2/repository/org/apache/hadoop/hadoop-hdds-config/0.5.0-SNAPSHOT/hadoop-hdds-config-0.5.0-SNAPSHOT.jar:/home/user/.m2/repository/io/grpc/grpc-netty/1.17.1/grpc-netty-1.17.1.jar:/home/user/.m2/repository/io/grpc/grpc-core/1.17.1/grpc-core-1.17.1.jar:/home/user/.m2/repository/io/grpc/grpc-context/1.17.1/grpc-context-1.17.1.jar:/home/user/.m2/repository/com/google/errorprone/error_prone_annotations/2.2.0/error_prone_annotations-2.2.0.jar:/home/user/.m2/repository/org/codehaus/mojo/animal-sniffer-annotations/1.17/animal-sniffer-annotations-1.17.jar:/home/user/.m2/repository/io/opencensus/opencensus-api/0.17.0/opencensus-api-0.17.0.jar:/home/user/.m2/repository/io/opencensus/opencensus-contrib-grpc-metrics/0.17.0/opencensus-contrib-grpc-metrics-0.17.0.jar:/home/user/.m2/repository/io/netty/netty-codec-http2/4.1.30.Final/netty-codec-http2-4.1.30.Final.jar:/home/user/.m2/repository/io/netty/netty-codec-http/4.1.30.Final/netty-codec-http-4.1.30.Final.jar:/home/user/.m2/repository/io/netty/netty-codec/4.1.30.Final/netty-codec-4.1.30.Final.jar:/home/user/.m2/repository/io/netty/netty-handler/4.1.30.Final/netty-handler-4.1.30.Final.jar:/home/user/.m2/repository/io/netty/netty-handler-proxy/4.1.30.Final/netty-handler-proxy-4.1.30.Final.jar:/home/user/.m2/repository/io/netty/netty-codec-socks/4.1.30.Final/netty-codec-socks-4.1.30.Final.jar:/home/user/.m2/repository/io/netty/netty-transport-native-epoll/4.1.30.Final/netty-transport-native-epoll-4.1.30.Final.jar:/home/user/.m2/repository/io/netty/netty-common/4.1.30.Final/netty-common-4.1.30.Final.jar:/home/user/.m2/repository/io/netty/netty-buffer/4.1.30.Final/netty-buffer-4.1.30.Final.jar:/home/user/.m2/repository/io/netty/netty-transport/4.1.30.Final/netty-transport-4.1.30.Final.jar:/home/user/.m2/repository/io/netty/netty-resolver/4.1.30.Final/netty-resolver-4.1.30.Final.jar:/home/user/.m2/repository/io/netty/netty-transport-native-unix-common/4.1.30.Final/netty-transport-native-unix-common-4.1.30.Final.jar:/home/user/.m2/repository/io/grpc/grpc-protobuf/1.17.1/grpc-protobuf-1.17.1.jar:/home/user/.m2/repository/com/google/api/grpc/proto-google-common-protos/1.0.0/proto-google-common-protos-1.0.0.jar:/home/user/.m2/repository/io/grpc/grpc-protobuf-lite/1.17.1/grpc-protobuf-lite-1.17.1.jar:/home/user/.m2/repository/io/grpc/grpc-stub/1.17.1/grpc-stub-1.17.1.jar:/home/user/.m2/repository/org/apache/hadoop/hadoop-ozone-recon/0.5.0-SNAPSHOT/hadoop-ozone-recon-0.5.0-SNAPSHOT.jar:/home/user/.m2/repository/org/apache/hadoop/hadoop-ozone-reconcodegen/0.5.0-SNAPSHOT/hadoop-ozone-reconcodegen-0.5.0-SNAPSHOT.jar:/home/user/.m2/repository/com/google/inject/extensions/guice-multibindings/4.0/guice-multibindings-4.0.jar:/home/user/.m2/repository/com/google/inject/guice/4.0/guice-4.0.jar:/home/user/.m2/repository/aopalliance/aopalliance/1.0/aopalliance-1.0.jar:/home/user/.m2/repository/com/google/inject/extensions/guice-servlet/4.0/guice-servlet-4.0.jar:/home/user/.m2/repository/org/glassfish/jersey/containers/jersey-container-servlet/2.27/jersey-container-servlet-2.27.jar:/home/user/.m2/repository/org/glassfish/hk2/guice-bridge/2.5.0/guice-bridge-2.5.0.jar:/home/user/.m2/repository/org/glassfish/jersey/core/jersey-server/2.27/jersey-server-2.27.jar:/home/user/.m2/repository/org/glassfish/jersey/core/jersey-client/2.27/jersey-client-2.27.jar:/home/user/.m2/repository/org/glassfish/jersey/media/jersey-media-jaxb/2.27/jersey-media-jaxb-2.27.jar:/home/user/.m2/repository/javax/validation/validation-api/1.1.0.Final/validation-api-1.1.0.Final.jar:/home/user/.m2/repository/org/glassfish/jersey/media/jersey-media-json-jackson/2.27/jersey-media-json-jackson-2.27.jar:/home/user/.m2/repository/org/glassfish/jersey/ext/jersey-entity-filtering/2.27/jersey-entity-filtering-2.27.jar:/home/user/.m2/repository/com/google/inject/extensions/guice-assistedinject/4.0/guice-assistedinject-4.0.jar:/home/user/.m2/repository/org/jooq/jooq/3.11.10/jooq-3.11.10.jar:/home/user/.m2/repository/org/jooq/jooq-meta/3.11.10/jooq-meta-3.11.10.jar:/home/user/.m2/repository/org/jooq/jooq-codegen/3.11.10/jooq-codegen-3.11.10.jar:/home/user/.m2/repository/com/jolbox/bonecp/0.8.0.RELEASE/bonecp-0.8.0.RELEASE.jar:/home/user/.m2/repository/org/xerial/sqlite-jdbc/3.25.2/sqlite-jdbc-3.25.2.jar:/home/user/.m2/repository/org/springframework/spring-jdbc/5.1.3.RELEASE/spring-jdbc-5.1.3.RELEASE.jar:/home/user/.m2/repository/org/springframework/spring-beans/5.1.3.RELEASE/spring-beans-5.1.3.RELEASE.jar:/home/user/.m2/repository/org/springframework/spring-core/5.1.3.RELEASE/spring-core-5.1.3.RELEASE.jar:/home/user/.m2/repository/org/springframework/spring-jcl/5.1.3.RELEASE/spring-jcl-5.1.3.RELEASE.jar:/home/user/.m2/repository/org/springframework/spring-tx/5.1.3.RELEASE/spring-tx-5.1.3.RELEASE.jar:/home/user/.m2/repository/org/apache/hadoop/hadoop-ozone-client/0.5.0-SNAPSHOT/hadoop-ozone-client-0.5.0-SNAPSHOT.jar:/home/user/.m2/repository/commons-lang/commons-lang/2.6/commons-lang-2.6.jar:/home/user/.m2/repository/org/apache/hadoop/hadoop-ozone-ozone-manager/0.5.0-SNAPSHOT/hadoop-ozone-ozone-manager-0.5.0-SNAPSHOT-tests.jar:/home/user/.m2/repository/junit/junit/4.11/junit-4.11.jar:/home/user/.m2/repository/org/hamcrest/hamcrest-core/1.3/hamcrest-core-1.3.jar:/home/user/.m2/repository/org/openjdk/jmh/jmh-core/1.19/jmh-core-1.19.jar:/home/user/.m2/repository/net/sf/jopt-simple/jopt-simple/4.6/jopt-simple-4.6.jar:/home/user/.m2/repository/org/apache/commons/commons-math3/3.1.1/commons-math3-3.1.1.jar:/home/user/.m2/repository/org/openjdk/jmh/jmh-generator-annprocess/1.19/jmh-generator-annprocess-1.19.jar:/home/user/.m2/repository/org/mockito/mockito-all/1.8.5/mockito-all-1.8.5.jar:/home/user/.m2/repository/org/apache/hadoop/hadoop-kms/3.2.0/hadoop-kms-3.2.0.jar:/home/user/.m2/repository/org/apache/hadoop/hadoop-auth/3.2.0/hadoop-auth-3.2.0.jar:/home/user/.m2/repository/com/nimbusds/nimbus-jose-jwt/4.41.1/nimbus-jose-jwt-4.41.1.jar:/home/user/.m2/repository/com/github/stephenc/jcip/jcip-annotations/1.0-1/jcip-annotations-1.0-1.jar:/home/user/.m2/repository/net/minidev/json-smart/2.3/json-smart-2.3.jar:/home/user/.m2/repository/net/minidev/accessors-smart/1.2/accessors-smart-1.2.jar:/home/user/.m2/repository/org/ow2/asm/asm/5.0.4/asm-5.0.4.jar:/home/user/.m2/repository/org/apache/curator/curator-framework/2.12.0/curator-framework-2.12.0.jar:/home/user/.m2/repository/com/sun/jersey/jersey-core/1.19/jersey-core-1.19.jar:/home/user/.m2/repository/javax/ws/rs/jsr311-api/1.1.1/jsr311-api-1.1.1.jar:/home/user/.m2/repository/com/sun/jersey/jersey-server/1.19/jersey-server-1.19.jar:/home/user/.m2/repository/javax/servlet/javax.servlet-api/3.1.0/javax.servlet-api-3.1.0.jar:/home/user/.m2/repository/org/eclipse/jetty/jetty-server/9.3.24.v20180605/jetty-server-9.3.24.v20180605.jar:/home/user/.m2/repository/org/eclipse/jetty/jetty-http/9.3.24.v20180605/jetty-http-9.3.24.v20180605.jar:/home/user/.m2/repository/org/eclipse/jetty/jetty-io/9.3.24.v20180605/jetty-io-9.3.24.v20180605.jar:/home/user/.m2/repository/org/eclipse/jetty/jetty-webapp/9.3.24.v20180605/jetty-webapp-9.3.24.v20180605.jar:/home/user/.m2/repository/org/eclipse/jetty/jetty-xml/9.3.24.v20180605/jetty-xml-9.3.24.v20180605.jar:/home/user/.m2/repository/log4j/log4j/1.2.17/log4j-1.2.17.jar:/home/user/.m2/repository/org/slf4j/slf4j-api/1.7.25/slf4j-api-1.7.25.jar:/home/user/.m2/repository/org/slf4j/jul-to-slf4j/1.7.25/jul-to-slf4j-1.7.25.jar:/home/user/.m2/repository/org/eclipse/jetty/jetty-util/9.3.24.v20180605/jetty-util-9.3.24.v20180605.jar:/home/user/.m2/repository/com/fasterxml/jackson/core/jackson-databind/2.9.5/jackson-databind-2.9.5.jar:/home/user/.m2/repository/org/apache/hadoop/hadoop-kms/3.2.0/hadoop-kms-3.2.0-tests.jar:/home/user/.m2/repository/org/apache/hadoop/hadoop-hdds-server-scm/0.5.0-SNAPSHOT/hadoop-hdds-server-scm-0.5.0-SNAPSHOT-tests.jar:/home/user/.m2/repository/org/apache/hadoop/hadoop-hdds-container-service/0.5.0-SNAPSHOT/hadoop-hdds-container-service-0.5.0-SNAPSHOT-tests.jar:/home/user/.m2/repository/org/yaml/snakeyaml/1.16/snakeyaml-1.16.jar:/home/user/.m2/repository/org/apache/hadoop/hadoop-common/3.2.0/hadoop-common-3.2.0-tests.jar:/home/user/.m2/repository/org/apache/hadoop/hadoop-annotations/3.2.0/hadoop-annotations-3.2.0.jar:/usr/lib/jvm/java-1.8-openjdk/jre/../lib/tools.jar:/home/user/.m2/repository/commons-cli/commons-cli/1.2/commons-cli-1.2.jar:/home/user/.m2/repository/org/apache/httpcomponents/httpclient/4.5.2/httpclient-4.5.2.jar:/home/user/.m2/repository/org/apache/httpcomponents/httpcore/4.4.4/httpcore-4.4.4.jar:/home/user/.m2/repository/commons-codec/commons-codec/1.11/commons-codec-1.11.jar:/home/user/.m2/repository/commons-net/commons-net/3.6/commons-net-3.6.jar:/home/user/.m2/repository/commons-collections/commons-collections/3.2.2/commons-collections-3.2.2.jar:/home/user/.m2/repository/org/eclipse/jetty/jetty-servlet/9.3.24.v20180605/jetty-servlet-9.3.24.v20180605.jar:/home/user/.m2/repository/org/eclipse/jetty/jetty-security/9.3.24.v20180605/jetty-security-9.3.24.v20180605.jar:/home/user/.m2/repository/javax/servlet/jsp/jsp-api/2.1/jsp-api-2.1.jar:/home/user/.m2/repository/com/sun/jersey/jersey-servlet/1.19/jersey-servlet-1.19.jar:/home/user/.m2/repository/com/sun/jersey/jersey-json/1.19/jersey-json-1.19.jar:/home/user/.m2/repository/org/codehaus/jettison/jettison/1.1/jettison-1.1.jar:/home/user/.m2/repository/org/codehaus/jackson/jackson-core-asl/1.9.13/jackson-core-asl-1.9.13.jar:/home/user/.m2/repository/org/codehaus/jackson/jackson-mapper-asl/1.9.13/jackson-mapper-asl-1.9.13.jar:/home/user/.m2/repository/org/codehaus/jackson/jackson-jaxrs/1.9.13/jackson-jaxrs-1.9.13.jar:/home/user/.m2/repository/org/codehaus/jackson/jackson-xc/1.9.13/jackson-xc-1.9.13.jar:/home/user/.m2/repository/commons-logging/commons-logging/1.1.3/commons-logging-1.1.3.jar:/home/user/.m2/repository/commons-beanutils/commons-beanutils/1.9.3/commons-beanutils-1.9.3.jar:/home/user/.m2/repository/org/apache/commons/commons-configuration2/2.1.1/commons-configuration2-2.1.1.jar:/home/user/.m2/repository/org/apache/commons/commons-lang3/3.7/commons-lang3-3.7.jar:/home/user/.m2/repository/org/apache/commons/commons-text/1.4/commons-text-1.4.jar:/home/user/.m2/repository/org/apache/avro/avro/1.7.7/avro-1.7.7.jar:/home/user/.m2/repository/com/thoughtworks/paranamer/paranamer/2.3/paranamer-2.3.jar:/home/user/.m2/repository/org/xerial/snappy/snappy-java/1.0.5/snappy-java-1.0.5.jar:/home/user/.m2/repository/com/google/re2j/re2j/1.1/re2j-1.1.jar:/home/user/.m2/repository/com/google/code/gson/gson/2.2.4/gson-2.2.4.jar:/home/user/.m2/repository/com/jcraft/jsch/0.1.54/jsch-0.1.54.jar:/home/user/.m2/repository/org/apache/curator/curator-client/2.12.0/curator-client-2.12.0.jar:/home/user/.m2/repository/org/apache/curator/curator-recipes/2.12.0/curator-recipes-2.12.0.jar:/home/user/.m2/repository/com/google/code/findbugs/jsr305/3.0.0/jsr305-3.0.0.jar:/home/user/.m2/repository/org/apache/htrace/htrace-core4/4.1.0-incubating/htrace-core4-4.1.0-incubating.jar:/home/user/.m2/repository/org/apache/zookeeper/zookeeper/3.4.13/zookeeper-3.4.13.jar:/home/user/.m2/repository/org/apache/yetus/audience-annotations/0.5.0/audience-annotations-0.5.0.jar:/home/user/.m2/repository/org/codehaus/woodstox/stax2-api/3.1.4/stax2-api-3.1.4.jar:/home/user/.m2/repository/com/fasterxml/woodstox/woodstox-core/5.0.3/woodstox-core-5.0.3.jar:/home/user/.m2/repository/dnsjava/dnsjava/2.1.7/dnsjava-2.1.7.jar:/home/user/.m2/repository/org/apache/hadoop/hadoop-hdfs/3.2.0/hadoop-hdfs-3.2.0-tests.jar:/home/user/.m2/repository/org/eclipse/jetty/jetty-util-ajax/9.3.24.v20180605/jetty-util-ajax-9.3.24.v20180605.jar:/home/user/.m2/repository/commons-daemon/commons-daemon/1.0.13/commons-daemon-1.0.13.jar:/home/user/.m2/repository/io/netty/netty/3.10.5.Final/netty-3.10.5.Final.jar:/home/user/.m2/repository/io/netty/netty-all/4.0.52.Final/netty-all-4.0.52.Final.jar:/home/user/.m2/repository/org/fusesource/leveldbjni/leveldbjni-all/1.8/leveldbjni-all-1.8.jar:"/>
    <property name="sun.cpu.endian" value="little"/>
    <property name="user.home" value="/home/user"/>
    <property name="user.language" value="en"/>
    <property name="java.specification.vendor" value="Oracle Corporation"/>
    <property name="java.home" value="/usr/lib/jvm/java-1.8-openjdk/jre"/>
    <property name="java.security.krb5.conf" value="/workdir/hadoop-ozone/integration-test/target/test-classes/krb5.conf"/>
    <property name="basedir" value="/workdir/hadoop-ozone/integration-test"/>
    <property name="file.separator" value="/"/>
    <property name="line.separator" value="&#10;"/>
    <property name="java.vm.specification.vendor" value="Oracle Corporation"/>
    <property name="java.specification.name" value="Java Platform API Specification"/>
    <property name="java.awt.graphicsenv" value="sun.awt.X11GraphicsEnvironment"/>
    <property name="surefire.real.class.path" value="/workdir/hadoop-ozone/integration-test/target/surefire/surefirebooter211693354833668977.jar"/>
    <property name="hadoop.log.dir" value="/workdir/hadoop-ozone/integration-test/target/log"/>
    <property name="sun.boot.class.path" value="/usr/lib/jvm/java-1.8-openjdk/jre/lib/resources.jar:/usr/lib/jvm/java-1.8-openjdk/jre/lib/rt.jar:/usr/lib/jvm/java-1.8-openjdk/jre/lib/sunrsasign.jar:/usr/lib/jvm/java-1.8-openjdk/jre/lib/jsse.jar:/usr/lib/jvm/java-1.8-openjdk/jre/lib/jce.jar:/usr/lib/jvm/java-1.8-openjdk/jre/lib/charsets.jar:/usr/lib/jvm/java-1.8-openjdk/jre/lib/jfr.jar:/usr/lib/jvm/java-1.8-openjdk/jre/classes"/>
    <property name="sun.management.compiler" value="HotSpot 64-Bit Tiered Compilers"/>
    <property name="java.runtime.version" value="1.8.0_212-b04"/>
    <property name="java.net.preferIPv4Stack" value="true"/>
    <property name="user.name" value="jenkins1000"/>
    <property name="path.separator" value=":"/>
    <property name="java.security.egd" value="file:///dev/urandom"/>
    <property name="os.version" value="3.10.0-957.12.2.el7.x86_64"/>
    <property name="java.endorsed.dirs" value="/usr/lib/jvm/java-1.8-openjdk/jre/lib/endorsed"/>
    <property name="java.runtime.name" value="OpenJDK Runtime Environment"/>
    <property name="file.encoding" value="UTF-8"/>
    <property name="java.vm.name" value="OpenJDK 64-Bit Server VM"/>
    <property name="test.build.webapps" value=""/>
    <property name="localRepository" value="/home/user/.m2/repository"/>
    <property name="java.vendor.url.bug" value="https://icedtea.classpath.org/bugzilla"/>
    <property name="java.io.tmpdir" value="/tmp"/>
    <property name="require.test.libhadoop" value=""/>
    <property name="java.version" value="1.8.0_212"/>
    <property name="user.dir" value="/workdir/hadoop-ozone/integration-test"/>
    <property name="os.arch" value="amd64"/>
    <property name="java.vm.specification.name" value="Java Virtual Machine Specification"/>
    <property name="test.build.classes" value="/workdir/hadoop-ozone/integration-test/target/test-classes"/>
    <property name="java.awt.printerjob" value="sun.print.PSPrinterJob"/>
    <property name="sun.os.patch.level" value="unknown"/>
    <property name="hadoop.tmp.dir" value="/workdir/hadoop-ozone/integration-test/target/tmp"/>
    <property name="java.library.path" value="/usr/lib/jvm/java-1.8-openjdk/jre/lib/amd64/server:/usr/lib/jvm/java-1.8-openjdk/jre/lib/amd64:/usr/lib/jvm/java-1.8-openjdk/jre/../lib/amd64:/workdir/hadoop-ozone/integration-test/target/native/target/usr/local/lib:/workdir/hadoop-ozone/integration-test/../../hadoop-common-project/hadoop-common/target/native/target/usr/local/lib:/usr/java/packages/lib/amd64:/usr/lib64:/lib64:/lib:/usr/lib"/>
    <property name="java.vm.info" value="mixed mode"/>
    <property name="java.vendor" value="IcedTea"/>
    <property name="java.vm.version" value="25.212-b04"/>
    <property name="java.ext.dirs" value="/usr/lib/jvm/java-1.8-openjdk/jre/lib/ext:/usr/java/packages/lib/ext"/>
    <property name="sun.io.unicode.encoding" value="UnicodeLittle"/>
    <property name="java.class.version" value="52.0"/>
  </properties>
  <testcase name="testPipelineCloseWithPipelineAction" classname="org.apache.hadoop.hdds.scm.pipeline.TestPipelineClose" time="23.525">
    <error message="Could not allocate container. Cannot get any matching pipeline for Type:RATIS, Factor:THREE, State:PipelineState.OPEN" type="java.io.IOException">java.io.IOException: Could not allocate container. Cannot get any matching pipeline for Type:RATIS, Factor:THREE, State:PipelineState.OPEN
	at org.apache.hadoop.hdds.scm.container.ContainerStateManager.allocateContainer(ContainerStateManager.java:260)
	at org.apache.hadoop.hdds.scm.container.SCMContainerManager.allocateContainer(SCMContainerManager.java:247)
	at org.apache.hadoop.hdds.scm.pipeline.TestPipelineClose.init(TestPipelineClose.java:92)
	at sun.reflect.NativeMethodAccessorImpl.invoke0(Native Method)
	at sun.reflect.NativeMethodAccessorImpl.invoke(NativeMethodAccessorImpl.java:62)
	at sun.reflect.DelegatingMethodAccessorImpl.invoke(DelegatingMethodAccessorImpl.java:43)
	at java.lang.reflect.Method.invoke(Method.java:498)
	at org.junit.runners.model.FrameworkMethod$1.runReflectiveCall(FrameworkMethod.java:47)
	at org.junit.internal.runners.model.ReflectiveCallable.run(ReflectiveCallable.java:12)
	at org.junit.runners.model.FrameworkMethod.invokeExplosively(FrameworkMethod.java:44)
	at org.junit.internal.runners.statements.RunBefores.evaluate(RunBefores.java:24)
	at org.junit.internal.runners.statements.RunAfters.evaluate(RunAfters.java:27)
	at org.junit.runners.ParentRunner.runLeaf(ParentRunner.java:271)
	at org.junit.runners.BlockJUnit4ClassRunner.runChild(BlockJUnit4ClassRunner.java:70)
	at org.junit.runners.BlockJUnit4ClassRunner.runChild(BlockJUnit4ClassRunner.java:50)
	at org.junit.runners.ParentRunner$3.run(ParentRunner.java:238)
	at org.junit.runners.ParentRunner$1.schedule(ParentRunner.java:63)
	at org.junit.runners.ParentRunner.runChildren(ParentRunner.java:236)
	at org.junit.runners.ParentRunner.access$000(ParentRunner.java:53)
	at org.junit.runners.ParentRunner$2.evaluate(ParentRunner.java:229)
	at org.junit.runners.ParentRunner.run(ParentRunner.java:309)
	at org.apache.maven.surefire.junit4.JUnit4Provider.execute(JUnit4Provider.java:365)
	at org.apache.maven.surefire.junit4.JUnit4Provider.executeWithRerun(JUnit4Provider.java:273)
	at org.apache.maven.surefire.junit4.JUnit4Provider.executeTestSet(JUnit4Provider.java:238)
	at org.apache.maven.surefire.junit4.JUnit4Provider.invoke(JUnit4Provider.java:159)
	at org.apache.maven.surefire.booter.ForkedBooter.invokeProviderInSameClassLoader(ForkedBooter.java:384)
	at org.apache.maven.surefire.booter.ForkedBooter.runSuitesInProcess(ForkedBooter.java:345)
	at org.apache.maven.surefire.booter.ForkedBooter.execute(ForkedBooter.java:126)
	at org.apache.maven.surefire.booter.ForkedBooter.main(ForkedBooter.java:418)
</error>
    <system-out><![CDATA[2019-09-12 10:19:25,151 [main] WARN  server.ServerUtils (ServerUtils.java:getScmDbDir(145)) - ozone.scm.db.dirs is not configured. We recommend adding this setting. Falling back to ozone.metadata.dirs instead.
2019-09-12 10:19:25,311 [main] WARN  server.ServerUtils (ServerUtils.java:getScmDbDir(145)) - ozone.scm.db.dirs is not configured. We recommend adding this setting. Falling back to ozone.metadata.dirs instead.
2019-09-12 10:19:25,315 [main] WARN  server.ServerUtils (ServerUtils.java:getScmDbDir(145)) - ozone.scm.db.dirs is not configured. We recommend adding this setting. Falling back to ozone.metadata.dirs instead.
2019-09-12 10:19:25,336 [main] INFO  util.log (Log.java:initialized(192)) - Logging initialized @962ms
2019-09-12 10:19:25,451 [main] INFO  db.DBStoreBuilder (DBStoreBuilder.java:addTable(110)) - using custom profile for table: deletedBlocks
2019-09-12 10:19:25,452 [main] INFO  db.DBStoreBuilder (DBStoreBuilder.java:processTables(161)) - Using default column profile:DBProfile.DISK for Table:deletedBlocks
2019-09-12 10:19:25,453 [main] INFO  db.DBStoreBuilder (DBStoreBuilder.java:addTable(110)) - using custom profile for table: validCerts
2019-09-12 10:19:25,453 [main] INFO  db.DBStoreBuilder (DBStoreBuilder.java:processTables(161)) - Using default column profile:DBProfile.DISK for Table:validCerts
2019-09-12 10:19:25,454 [main] INFO  db.DBStoreBuilder (DBStoreBuilder.java:addTable(110)) - using custom profile for table: revokedCerts
2019-09-12 10:19:25,454 [main] INFO  db.DBStoreBuilder (DBStoreBuilder.java:processTables(161)) - Using default column profile:DBProfile.DISK for Table:revokedCerts
2019-09-12 10:19:25,474 [main] INFO  db.DBStoreBuilder (DBStoreBuilder.java:addTable(110)) - using custom profile for table: default
2019-09-12 10:19:25,474 [main] INFO  db.DBStoreBuilder (DBStoreBuilder.java:processTables(167)) - Using default column profile:DBProfile.DISK for Table:default
2019-09-12 10:19:25,476 [main] INFO  db.DBStoreBuilder (DBStoreBuilder.java:getDbProfile(198)) - Using default options. DBProfile.DISK
2019-09-12 10:19:25,782 [main] INFO  net.NodeSchemaLoader (NodeSchemaLoader.java:loadSchemaFromFile(125)) - Loading file from sun.misc.CompoundEnumeration@479d31f3
2019-09-12 10:19:25,785 [main] INFO  net.NodeSchemaLoader (NodeSchemaLoader.java:loadSchema(171)) - Loading network topology layer schema file
2019-09-12 10:19:25,883 [main] WARN  server.ServerUtils (ServerUtils.java:sanitizeUserArgs(70)) - ozone.scm.stale.node.interval value = 300000 is larger than max = 100000 based on the key value of ozone.scm.heartbeat.thread.interval, reset to the max value 100000.
2019-09-12 10:19:25,885 [main] WARN  server.ServerUtils (ServerUtils.java:sanitizeUserArgs(70)) - ozone.scm.stale.node.interval value = 300000 is larger than max = 100000 based on the key value of ozone.scm.heartbeat.thread.interval, reset to the max value 100000.
2019-09-12 10:19:25,888 [main] INFO  node.SCMNodeManager (SCMNodeManager.java:<init>(121)) - Entering startup safe mode.
2019-09-12 10:19:25,961 [main] INFO  algorithms.ContainerPlacementPolicyFactory (ContainerPlacementPolicyFactory.java:getPolicy(56)) - Create container placement policy of type org.apache.hadoop.hdds.scm.container.placement.algorithms.SCMContainerPlacementRandom
2019-09-12 10:19:25,977 [main] WARN  server.ServerUtils (ServerUtils.java:getScmDbDir(145)) - ozone.scm.db.dirs is not configured. We recommend adding this setting. Falling back to ozone.metadata.dirs instead.
2019-09-12 10:19:26,038 [main] INFO  pipeline.SCMPipelineManager (SCMPipelineManager.java:initializePipelineState(126)) - No pipeline exists in current db
2019-09-12 10:19:26,040 [main] WARN  server.ServerUtils (ServerUtils.java:getScmDbDir(145)) - ozone.scm.db.dirs is not configured. We recommend adding this setting. Falling back to ozone.metadata.dirs instead.
2019-09-12 10:19:26,137 [main] WARN  events.EventQueue (EventQueue.java:fireEvent(175)) - No event handler registered for event TypedEvent{payloadType=SafeModeStatus, name='SafeModeStatus'}
2019-09-12 10:19:26,610 [main] INFO  ipc.CallQueueManager (CallQueueManager.java:<init>(84)) - Using callQueue: class java.util.concurrent.LinkedBlockingQueue, queueCapacity: 2000, scheduler: class org.apache.hadoop.ipc.DefaultRpcScheduler, ipcBackoff: false.
2019-09-12 10:19:26,934 [Socket Reader #1 for port 32950] INFO  ipc.Server (Server.java:run(1074)) - Starting Socket Reader #1 for port 32950
2019-09-12 10:19:26,964 [main] INFO  ipc.CallQueueManager (CallQueueManager.java:<init>(84)) - Using callQueue: class java.util.concurrent.LinkedBlockingQueue, queueCapacity: 2000, scheduler: class org.apache.hadoop.ipc.DefaultRpcScheduler, ipcBackoff: false.
2019-09-12 10:19:26,965 [Socket Reader #1 for port 35199] INFO  ipc.Server (Server.java:run(1074)) - Starting Socket Reader #1 for port 35199
2019-09-12 10:19:26,973 [main] INFO  ipc.CallQueueManager (CallQueueManager.java:<init>(84)) - Using callQueue: class java.util.concurrent.LinkedBlockingQueue, queueCapacity: 2000, scheduler: class org.apache.hadoop.ipc.DefaultRpcScheduler, ipcBackoff: false.
2019-09-12 10:19:26,974 [Socket Reader #1 for port 43159] INFO  ipc.Server (Server.java:run(1074)) - Starting Socket Reader #1 for port 43159
2019-09-12 10:19:26,990 [main] INFO  hdfs.DFSUtil (DFSUtil.java:httpServerTemplateForNNAndJN(1641)) - Starting Web-server for scm at: http://0.0.0.0:0
2019-09-12 10:19:27,179 [main] INFO  server.AuthenticationFilter (AuthenticationFilter.java:constructSecretProvider(240)) - Unable to initialize FileSignerSecretProvider, falling back to use random secrets.
2019-09-12 10:19:27,187 [main] WARN  http.HttpRequestLog (HttpRequestLog.java:getRequestLog(97)) - Jetty request log can only be enabled using Log4j
2019-09-12 10:19:27,195 [main] INFO  http.HttpServer2 (HttpServer2.java:addGlobalFilter(975)) - Added global filter 'safety' (class=org.apache.hadoop.http.HttpServer2$QuotingInputFilter)
2019-09-12 10:19:27,198 [main] INFO  http.HttpServer2 (HttpServer2.java:addFilter(948)) - Added filter static_user_filter (class=org.apache.hadoop.http.lib.StaticUserWebFilter$StaticUserFilter) to context scm
2019-09-12 10:19:27,198 [main] INFO  http.HttpServer2 (HttpServer2.java:addFilter(958)) - Added filter static_user_filter (class=org.apache.hadoop.http.lib.StaticUserWebFilter$StaticUserFilter) to context logs
2019-09-12 10:19:27,198 [main] INFO  http.HttpServer2 (HttpServer2.java:addFilter(958)) - Added filter static_user_filter (class=org.apache.hadoop.http.lib.StaticUserWebFilter$StaticUserFilter) to context static
2019-09-12 10:19:27,228 [main] INFO  server.StorageContainerManager (StorageContainerManager.java:start(759)) - StorageContainerLocationProtocol RPC server is listening at /0.0.0.0:43159
2019-09-12 10:19:27,319 [main] WARN  impl.MetricsConfig (MetricsConfig.java:loadFirst(134)) - Cannot locate configuration: tried hadoop-metrics2-storagecontainermanager.properties,hadoop-metrics2.properties
2019-09-12 10:19:27,336 [main] INFO  impl.MetricsSystemImpl (MetricsSystemImpl.java:startTimer(374)) - Scheduled Metric snapshot period at 10 second(s).
2019-09-12 10:19:27,337 [main] INFO  impl.MetricsSystemImpl (MetricsSystemImpl.java:start(191)) - StorageContainerManager metrics system started
2019-09-12 10:19:27,586 [main] INFO  server.SCMClientProtocolServer (SCMClientProtocolServer.java:start(151)) - RPC server for Client  is listening at /0.0.0.0:43159
2019-09-12 10:19:27,586 [IPC Server Responder] INFO  ipc.Server (Server.java:run(1314)) - IPC Server Responder: starting
2019-09-12 10:19:27,586 [IPC Server listener on 43159] INFO  ipc.Server (Server.java:run(1153)) - IPC Server listener on 43159: starting
2019-09-12 10:19:27,589 [main] INFO  server.StorageContainerManager (StorageContainerManager.java:start(769)) - ScmBlockLocationProtocol RPC server is listening at /0.0.0.0:35199
2019-09-12 10:19:27,590 [main] INFO  server.SCMBlockProtocolServer (SCMBlockProtocolServer.java:start(140)) - RPC server for Block Protocol is listening at /0.0.0.0:35199
2019-09-12 10:19:27,590 [IPC Server Responder] INFO  ipc.Server (Server.java:run(1314)) - IPC Server Responder: starting
2019-09-12 10:19:27,590 [IPC Server listener on 35199] INFO  ipc.Server (Server.java:run(1153)) - IPC Server listener on 35199: starting
2019-09-12 10:19:27,593 [main] INFO  server.StorageContainerManager (StorageContainerManager.java:start(773)) - ScmDatanodeProtocl RPC server is listening at /0.0.0.0:32950
2019-09-12 10:19:27,593 [main] INFO  server.SCMDatanodeProtocolServer (SCMDatanodeProtocolServer.java:start(191)) - RPC server for DataNodes is listening at /0.0.0.0:32950
2019-09-12 10:19:27,594 [IPC Server listener on 32950] INFO  ipc.Server (Server.java:run(1153)) - IPC Server listener on 32950: starting
2019-09-12 10:19:27,594 [IPC Server Responder] INFO  ipc.Server (Server.java:run(1314)) - IPC Server Responder: starting
2019-09-12 10:19:27,598 [main] INFO  http.HttpServer2 (HttpServer2.java:bindListener(1191)) - Jetty bound to port 43804
2019-09-12 10:19:27,600 [main] INFO  server.Server (Server.java:doStart(351)) - jetty-9.3.24.v20180605, build timestamp: 2018-06-05T17:11:56Z, git hash: 84205aa28f11a4f31f2a3b86d1bba2cc8ab69827
2019-09-12 10:19:27,639 [main] INFO  handler.ContextHandler (ContextHandler.java:doStart(781)) - Started o.e.j.s.ServletContextHandler@47a5b70d{/logs,file:///workdir/hadoop-ozone/integration-test/target/log,AVAILABLE}
2019-09-12 10:19:27,640 [main] INFO  handler.ContextHandler (ContextHandler.java:doStart(781)) - Started o.e.j.s.ServletContextHandler@1a45193b{/static,file:///workdir/hadoop-ozone/integration-test/target/test-classes/webapps/static,AVAILABLE}
2019-09-12 10:19:27,675 [main] INFO  handler.ContextHandler (ContextHandler.java:doStart(781)) - Started o.e.j.w.WebAppContext@30b34287{/,file:///workdir/hadoop-ozone/integration-test/target/test-classes/webapps/scm/,AVAILABLE}{/scm}
2019-09-12 10:19:27,681 [main] INFO  server.AbstractConnector (AbstractConnector.java:doStart(278)) - Started ServerConnector@672f11c2{HTTP/1.1,[http/1.1]}{0.0.0.0:43804}
2019-09-12 10:19:27,681 [main] INFO  server.Server (Server.java:doStart(419)) - Started @3307ms
2019-09-12 10:19:27,682 [main] INFO  server.BaseHttpServer (BaseHttpServer.java:updateConnectorAddress(213)) - HTTP server of SCM is listening at http://0.0.0.0:43804
2019-09-12 10:19:27,691 [org.apache.hadoop.util.JvmPauseMonitor$Monitor@173b9122] INFO  util.JvmPauseMonitor (JvmPauseMonitor.java:run(188)) - Starting JVM pause monitor
2019-09-12 10:19:27,696 [main] WARN  server.ServerUtils (ServerUtils.java:getDBPath(222)) - ozone.om.db.dirs is not configured. We recommend adding this setting. Falling back to ozone.metadata.dirs instead.
2019-09-12 10:19:27,851 [main] WARN  server.ServerUtils (ServerUtils.java:getDBPath(222)) - ozone.om.db.dirs is not configured. We recommend adding this setting. Falling back to ozone.metadata.dirs instead.
2019-09-12 10:19:27,852 [main] WARN  server.ServerUtils (ServerUtils.java:getDBPath(222)) - ozone.om.db.dirs is not configured. We recommend adding this setting. Falling back to ozone.metadata.dirs instead.
2019-09-12 10:19:27,853 [main] INFO  om.OzoneManager (OzoneManager.java:setOMNodeDetails(645)) - OM Service ID is not set. Setting it to the default ID: omServiceIdDefault
2019-09-12 10:19:27,853 [main] INFO  om.OzoneManager (OzoneManager.java:setOMNodeDetails(651)) - OM Node ID is not set. Setting it to the OmStorage's OmID: 1e05d2bf-9fe9-4d1d-820a-8945215c1e6f
2019-09-12 10:19:27,854 [main] INFO  om.OzoneManager (OzoneManager.java:loadOMHAConfigs(602)) - Found matching OM address with OMServiceId: null, OMNodeId: null, RPC Address: localhost:0 and Ratis port: 9872
2019-09-12 10:19:28,152 | INFO  | SCMAudit | user=jenkins1000 | ip=192.168.157.195 | op=GET_SCM_INFO null | ret=SUCCESS |  
2019-09-12 10:19:28,640 [main] WARN  server.ServerUtils (ServerUtils.java:getDBPath(222)) - ozone.om.db.dirs is not configured. We recommend adding this setting. Falling back to ozone.metadata.dirs instead.
2019-09-12 10:19:28,648 [main] INFO  db.DBStoreBuilder (DBStoreBuilder.java:addTable(110)) - using custom profile for table: userTable
2019-09-12 10:19:28,648 [main] INFO  db.DBStoreBuilder (DBStoreBuilder.java:processTables(161)) - Using default column profile:DBProfile.DISK for Table:userTable
2019-09-12 10:19:28,649 [main] INFO  db.DBStoreBuilder (DBStoreBuilder.java:addTable(110)) - using custom profile for table: volumeTable
2019-09-12 10:19:28,649 [main] INFO  db.DBStoreBuilder (DBStoreBuilder.java:processTables(161)) - Using default column profile:DBProfile.DISK for Table:volumeTable
2019-09-12 10:19:28,649 [main] INFO  db.DBStoreBuilder (DBStoreBuilder.java:addTable(110)) - using custom profile for table: bucketTable
2019-09-12 10:19:28,649 [main] INFO  db.DBStoreBuilder (DBStoreBuilder.java:processTables(161)) - Using default column profile:DBProfile.DISK for Table:bucketTable
2019-09-12 10:19:28,650 [main] INFO  db.DBStoreBuilder (DBStoreBuilder.java:addTable(110)) - using custom profile for table: keyTable
2019-09-12 10:19:28,650 [main] INFO  db.DBStoreBuilder (DBStoreBuilder.java:processTables(161)) - Using default column profile:DBProfile.DISK for Table:keyTable
2019-09-12 10:19:28,650 [main] INFO  db.DBStoreBuilder (DBStoreBuilder.java:addTable(110)) - using custom profile for table: deletedTable
2019-09-12 10:19:28,650 [main] INFO  db.DBStoreBuilder (DBStoreBuilder.java:processTables(161)) - Using default column profile:DBProfile.DISK for Table:deletedTable
2019-09-12 10:19:28,651 [main] INFO  db.DBStoreBuilder (DBStoreBuilder.java:addTable(110)) - using custom profile for table: openKeyTable
2019-09-12 10:19:28,651 [main] INFO  db.DBStoreBuilder (DBStoreBuilder.java:processTables(161)) - Using default column profile:DBProfile.DISK for Table:openKeyTable
2019-09-12 10:19:28,651 [main] INFO  db.DBStoreBuilder (DBStoreBuilder.java:addTable(110)) - using custom profile for table: s3Table
2019-09-12 10:19:28,651 [main] INFO  db.DBStoreBuilder (DBStoreBuilder.java:processTables(161)) - Using default column profile:DBProfile.DISK for Table:s3Table
2019-09-12 10:19:28,652 [main] INFO  db.DBStoreBuilder (DBStoreBuilder.java:addTable(110)) - using custom profile for table: multipartInfoTable
2019-09-12 10:19:28,652 [main] INFO  db.DBStoreBuilder (DBStoreBuilder.java:processTables(161)) - Using default column profile:DBProfile.DISK for Table:multipartInfoTable
2019-09-12 10:19:28,652 [main] INFO  db.DBStoreBuilder (DBStoreBuilder.java:addTable(110)) - using custom profile for table: dTokenTable
2019-09-12 10:19:28,652 [main] INFO  db.DBStoreBuilder (DBStoreBuilder.java:processTables(161)) - Using default column profile:DBProfile.DISK for Table:dTokenTable
2019-09-12 10:19:28,653 [main] INFO  db.DBStoreBuilder (DBStoreBuilder.java:addTable(110)) - using custom profile for table: s3SecretTable
2019-09-12 10:19:28,653 [main] INFO  db.DBStoreBuilder (DBStoreBuilder.java:processTables(161)) - Using default column profile:DBProfile.DISK for Table:s3SecretTable
2019-09-12 10:19:28,653 [main] INFO  db.DBStoreBuilder (DBStoreBuilder.java:addTable(110)) - using custom profile for table: prefixTable
2019-09-12 10:19:28,653 [main] INFO  db.DBStoreBuilder (DBStoreBuilder.java:processTables(161)) - Using default column profile:DBProfile.DISK for Table:prefixTable
2019-09-12 10:19:28,654 [main] INFO  db.DBStoreBuilder (DBStoreBuilder.java:addTable(110)) - using custom profile for table: default
2019-09-12 10:19:28,654 [main] INFO  db.DBStoreBuilder (DBStoreBuilder.java:processTables(167)) - Using default column profile:DBProfile.DISK for Table:default
2019-09-12 10:19:28,654 [main] INFO  db.DBStoreBuilder (DBStoreBuilder.java:getDbProfile(198)) - Using default options. DBProfile.DISK
2019-09-12 10:19:29,231 [main] INFO  ipc.CallQueueManager (CallQueueManager.java:<init>(84)) - Using callQueue: class java.util.concurrent.LinkedBlockingQueue, queueCapacity: 2000, scheduler: class org.apache.hadoop.ipc.DefaultRpcScheduler, ipcBackoff: false.
2019-09-12 10:19:29,232 [Socket Reader #1 for port 43632] INFO  ipc.Server (Server.java:run(1074)) - Starting Socket Reader #1 for port 43632
2019-09-12 10:19:29,255 [main] INFO  om.OzoneManager (OzoneManager.java:start(1256)) - OzoneManager RPC server is listening at localhost/127.0.0.1:43632
2019-09-12 10:19:29,255 [main] INFO  impl.MetricsSystemImpl (MetricsSystemImpl.java:init(158)) - OzoneManager metrics system started (again)
2019-09-12 10:19:29,257 [IPC Server Responder] INFO  ipc.Server (Server.java:run(1314)) - IPC Server Responder: starting
2019-09-12 10:19:29,257 [IPC Server listener on 43632] INFO  ipc.Server (Server.java:run(1153)) - IPC Server listener on 43632: starting
2019-09-12 10:19:29,263 [main] INFO  hdfs.DFSUtil (DFSUtil.java:httpServerTemplateForNNAndJN(1641)) - Starting Web-server for ozoneManager at: http://0.0.0.0:0
2019-09-12 10:19:29,264 [main] INFO  server.AuthenticationFilter (AuthenticationFilter.java:constructSecretProvider(240)) - Unable to initialize FileSignerSecretProvider, falling back to use random secrets.
2019-09-12 10:19:29,265 [main] WARN  http.HttpRequestLog (HttpRequestLog.java:getRequestLog(97)) - Jetty request log can only be enabled using Log4j
2019-09-12 10:19:29,267 [main] INFO  http.HttpServer2 (HttpServer2.java:addGlobalFilter(975)) - Added global filter 'safety' (class=org.apache.hadoop.http.HttpServer2$QuotingInputFilter)
2019-09-12 10:19:29,268 [main] INFO  http.HttpServer2 (HttpServer2.java:addFilter(948)) - Added filter static_user_filter (class=org.apache.hadoop.http.lib.StaticUserWebFilter$StaticUserFilter) to context ozoneManager
2019-09-12 10:19:29,268 [main] INFO  http.HttpServer2 (HttpServer2.java:addFilter(958)) - Added filter static_user_filter (class=org.apache.hadoop.http.lib.StaticUserWebFilter$StaticUserFilter) to context static
2019-09-12 10:19:29,268 [main] INFO  http.HttpServer2 (HttpServer2.java:addFilter(958)) - Added filter static_user_filter (class=org.apache.hadoop.http.lib.StaticUserWebFilter$StaticUserFilter) to context logs
2019-09-12 10:19:29,270 [main] INFO  http.HttpServer2 (HttpServer2.java:bindListener(1191)) - Jetty bound to port 36033
2019-09-12 10:19:29,271 [main] INFO  server.Server (Server.java:doStart(351)) - jetty-9.3.24.v20180605, build timestamp: 2018-06-05T17:11:56Z, git hash: 84205aa28f11a4f31f2a3b86d1bba2cc8ab69827
2019-09-12 10:19:29,273 [main] INFO  handler.ContextHandler (ContextHandler.java:doStart(781)) - Started o.e.j.s.ServletContextHandler@4f186450{/logs,file:///workdir/hadoop-ozone/integration-test/target/log,AVAILABLE}
2019-09-12 10:19:29,274 [main] INFO  handler.ContextHandler (ContextHandler.java:doStart(781)) - Started o.e.j.s.ServletContextHandler@a64e035{/static,file:///workdir/hadoop-ozone/integration-test/target/test-classes/webapps/static,AVAILABLE}
2019-09-12 10:19:29,279 [main] INFO  handler.ContextHandler (ContextHandler.java:doStart(781)) - Started o.e.j.w.WebAppContext@78de58ea{/,file:///workdir/hadoop-ozone/integration-test/target/test-classes/webapps/ozoneManager/,AVAILABLE}{/ozoneManager}
2019-09-12 10:19:29,279 [main] INFO  server.AbstractConnector (AbstractConnector.java:doStart(278)) - Started ServerConnector@60e5272{HTTP/1.1,[http/1.1]}{0.0.0.0:36033}
2019-09-12 10:19:29,445 [main] INFO  server.Server (Server.java:doStart(419)) - Started @5071ms
2019-09-12 10:19:29,447 [main] INFO  server.BaseHttpServer (BaseHttpServer.java:updateConnectorAddress(213)) - HTTP server of OZONEMANAGER is listening at http://0.0.0.0:36033
2019-09-12 10:19:29,665 [main] INFO  impl.MetricsSystemImpl (MetricsSystemImpl.java:init(158)) - HddsDatanode metrics system started (again)
2019-09-12 10:19:29,765 [main] INFO  ozone.HddsDatanodeService (HddsDatanodeService.java:start(184)) - HddsDatanodeService host:pr-hdds-1569-xtfnx-3545843844 ip:192.168.157.195
2019-09-12 10:19:29,801 [main] INFO  volume.HddsVolume (HddsVolume.java:<init>(176)) - Creating Volume: /workdir/hadoop-ozone/integration-test/target/test-dir/MiniOzoneClusterImpl-4d5e9512-7d5a-42a1-8e37-0d9e9dd50ba8/datanode-0/data/containers/hdds of  storage type : DISK and capacity : 1482555576320
2019-09-12 10:19:29,803 [main] INFO  volume.VolumeSet (VolumeSet.java:initializeVolumeSet(170)) - Added Volume : /workdir/hadoop-ozone/integration-test/target/test-dir/MiniOzoneClusterImpl-4d5e9512-7d5a-42a1-8e37-0d9e9dd50ba8/datanode-0/data/containers/hdds to VolumeSet
2019-09-12 10:19:29,806 [main] INFO  volume.ThrottledAsyncChecker (ThrottledAsyncChecker.java:schedule(140)) - Scheduling a check for org.apache.hadoop.ozone.container.common.volume.HddsVolume@31da3d60
2019-09-12 10:19:29,827 [main] INFO  volume.HddsVolumeChecker (HddsVolumeChecker.java:checkAllVolumes(203)) - Scheduled health check for volume org.apache.hadoop.ozone.container.common.volume.HddsVolume@31da3d60
2019-09-12 10:19:29,957 [main] INFO  impl.RaftServerProxy (ConfUtils.java:logGet(43)) - raft.rpc.type = GRPC (default)
2019-09-12 10:19:30,023 [main] INFO  grpc.GrpcFactory (GrpcFactory.java:checkPooledByteBufAllocatorUseCacheForAllThreads(45)) - PERFORMANCE WARNING: useCacheForAllThreads is true that may cause Netty to create a lot garbage objects and, as a result, trigger GC.
	It is recommended to disable useCacheForAllThreads by setting -Dorg.apache.ratis.thirdparty.io.netty.allocator.useCacheForAllThreads=false in command line.
2019-09-12 10:19:30,028 [main] INFO  grpc.GrpcConfigKeys$Server (ConfUtils.java:logGet(43)) - raft.grpc.server.port = 0 (default)
2019-09-12 10:19:30,029 [main] INFO  server.GrpcService (ConfUtils.java:logGet(43)) - raft.grpc.message.size.max = 33570816 (custom)
2019-09-12 10:19:30,030 [main] INFO  server.RaftServerConfigKeys (ConfUtils.java:logGet(43)) - raft.server.log.appender.buffer.byte-limit = 33554432 (custom)
2019-09-12 10:19:30,031 [main] INFO  server.GrpcService (ConfUtils.java:logGet(43)) - raft.grpc.flow.control.window = 1MB (=1048576) (default)
2019-09-12 10:19:30,032 [main] INFO  server.RaftServerConfigKeys (ConfUtils.java:logGet(43)) - raft.server.rpc.request.timeout = 3000ms (default)
2019-09-12 10:19:30,205 [main] INFO  server.RaftServerConfigKeys (ConfUtils.java:logGet(43)) - raft.server.storage.dir = [/workdir/hadoop-ozone/integration-test/target/test-dir/MiniOzoneClusterImpl-4d5e9512-7d5a-42a1-8e37-0d9e9dd50ba8/datanode-0/data/ratis] (custom)
2019-09-12 10:19:30,244 [main] INFO  replication.SimpleContainerDownloader (SimpleContainerDownloader.java:<init>(72)) - Starting container downloader service to copy containers to replicate.
2019-09-12 10:19:30,257 [main] INFO  hdfs.DFSUtil (DFSUtil.java:httpServerTemplateForNNAndJN(1641)) - Starting Web-server for hddsDatanode at: http://0.0.0.0:0
2019-09-12 10:19:30,260 [main] INFO  server.AuthenticationFilter (AuthenticationFilter.java:constructSecretProvider(240)) - Unable to initialize FileSignerSecretProvider, falling back to use random secrets.
2019-09-12 10:19:30,261 [main] WARN  http.HttpRequestLog (HttpRequestLog.java:getRequestLog(97)) - Jetty request log can only be enabled using Log4j
2019-09-12 10:19:30,263 [main] INFO  http.HttpServer2 (HttpServer2.java:addGlobalFilter(975)) - Added global filter 'safety' (class=org.apache.hadoop.http.HttpServer2$QuotingInputFilter)
2019-09-12 10:19:30,264 [main] INFO  http.HttpServer2 (HttpServer2.java:addFilter(948)) - Added filter static_user_filter (class=org.apache.hadoop.http.lib.StaticUserWebFilter$StaticUserFilter) to context hddsDatanode
2019-09-12 10:19:30,264 [main] INFO  http.HttpServer2 (HttpServer2.java:addFilter(958)) - Added filter static_user_filter (class=org.apache.hadoop.http.lib.StaticUserWebFilter$StaticUserFilter) to context logs
2019-09-12 10:19:30,264 [main] INFO  http.HttpServer2 (HttpServer2.java:addFilter(958)) - Added filter static_user_filter (class=org.apache.hadoop.http.lib.StaticUserWebFilter$StaticUserFilter) to context static
2019-09-12 10:19:30,266 [main] INFO  http.HttpServer2 (HttpServer2.java:bindListener(1191)) - Jetty bound to port 43269
2019-09-12 10:19:30,266 [main] INFO  server.Server (Server.java:doStart(351)) - jetty-9.3.24.v20180605, build timestamp: 2018-06-05T17:11:56Z, git hash: 84205aa28f11a4f31f2a3b86d1bba2cc8ab69827
2019-09-12 10:19:30,268 [main] INFO  handler.ContextHandler (ContextHandler.java:doStart(781)) - Started o.e.j.s.ServletContextHandler@1cc680e{/logs,file:///workdir/hadoop-ozone/integration-test/target/log,AVAILABLE}
2019-09-12 10:19:30,269 [main] INFO  handler.ContextHandler (ContextHandler.java:doStart(781)) - Started o.e.j.s.ServletContextHandler@6a1d3225{/static,jar:file:/home/user/.m2/repository/org/apache/hadoop/hadoop-hdds-container-service/0.5.0-SNAPSHOT/hadoop-hdds-container-service-0.5.0-SNAPSHOT.jar!/webapps/static,AVAILABLE}
2019-09-12 10:19:30,303 [main] INFO  handler.ContextHandler (ContextHandler.java:doStart(781)) - Started o.e.j.w.WebAppContext@4dba773d{/,file:///tmp/jetty-0.0.0.0-43269-hddsDatanode-_-any-896932199693910912.dir/webapp/,AVAILABLE}{/hddsDatanode}
2019-09-12 10:19:30,304 [main] INFO  server.AbstractConnector (AbstractConnector.java:doStart(278)) - Started ServerConnector@1d9bd4da{HTTP/1.1,[http/1.1]}{0.0.0.0:43269}
2019-09-12 10:19:30,305 [main] INFO  server.Server (Server.java:doStart(419)) - Started @5931ms
2019-09-12 10:19:30,307 [main] INFO  server.BaseHttpServer (BaseHttpServer.java:updateConnectorAddress(213)) - HTTP server of HDDSDATANODE is listening at http://0.0.0.0:43269
2019-09-12 10:19:31,390 | INFO  | ObjectStoreRestHttpServer | Listening HDDS REST traffic on /0.0.0.0:44381 |  
2019-09-12 10:19:31,392 [main] INFO  ozone.HddsDatanodeService (HddsDatanodeService.java:startPlugins(395)) - Started plug-in org.apache.hadoop.ozone.web.OzoneHddsDatanodeService@2fe2965c
2019-09-12 10:19:31,393 [main] INFO  impl.MetricsSystemImpl (MetricsSystemImpl.java:init(158)) - HddsDatanode metrics system started (again)
2019-09-12 10:19:31,397 [main] INFO  ozone.HddsDatanodeService (HddsDatanodeService.java:start(184)) - HddsDatanodeService host:pr-hdds-1569-xtfnx-3545843844 ip:192.168.157.195
2019-09-12 10:19:31,400 [org.apache.hadoop.util.JvmPauseMonitor$Monitor@64638725] INFO  util.JvmPauseMonitor (JvmPauseMonitor.java:run(188)) - Starting JVM pause monitor
2019-09-12 10:19:31,409 [main] INFO  volume.HddsVolume (HddsVolume.java:<init>(176)) - Creating Volume: /workdir/hadoop-ozone/integration-test/target/test-dir/MiniOzoneClusterImpl-4d5e9512-7d5a-42a1-8e37-0d9e9dd50ba8/datanode-1/data/containers/hdds of  storage type : DISK and capacity : 1482555576320
2019-09-12 10:19:31,410 [main] INFO  volume.VolumeSet (VolumeSet.java:initializeVolumeSet(170)) - Added Volume : /workdir/hadoop-ozone/integration-test/target/test-dir/MiniOzoneClusterImpl-4d5e9512-7d5a-42a1-8e37-0d9e9dd50ba8/datanode-1/data/containers/hdds to VolumeSet
2019-09-12 10:19:31,412 [main] INFO  volume.ThrottledAsyncChecker (ThrottledAsyncChecker.java:schedule(140)) - Scheduling a check for org.apache.hadoop.ozone.container.common.volume.HddsVolume@27960b1e
2019-09-12 10:19:31,412 [main] INFO  volume.HddsVolumeChecker (HddsVolumeChecker.java:checkAllVolumes(203)) - Scheduled health check for volume org.apache.hadoop.ozone.container.common.volume.HddsVolume@27960b1e
2019-09-12 10:19:31,433 [main] INFO  impl.RaftServerProxy (ConfUtils.java:logGet(43)) - raft.rpc.type = GRPC (default)
2019-09-12 10:19:31,434 [main] INFO  grpc.GrpcFactory (GrpcFactory.java:checkPooledByteBufAllocatorUseCacheForAllThreads(45)) - PERFORMANCE WARNING: useCacheForAllThreads is true that may cause Netty to create a lot garbage objects and, as a result, trigger GC.
	It is recommended to disable useCacheForAllThreads by setting -Dorg.apache.ratis.thirdparty.io.netty.allocator.useCacheForAllThreads=false in command line.
2019-09-12 10:19:31,434 [main] INFO  grpc.GrpcConfigKeys$Server (ConfUtils.java:logGet(43)) - raft.grpc.server.port = 0 (default)
2019-09-12 10:19:31,435 [main] INFO  server.GrpcService (ConfUtils.java:logGet(43)) - raft.grpc.message.size.max = 33570816 (custom)
2019-09-12 10:19:31,435 [main] INFO  server.RaftServerConfigKeys (ConfUtils.java:logGet(43)) - raft.server.log.appender.buffer.byte-limit = 33554432 (custom)
2019-09-12 10:19:31,435 [main] INFO  server.GrpcService (ConfUtils.java:logGet(43)) - raft.grpc.flow.control.window = 1MB (=1048576) (default)
2019-09-12 10:19:31,436 [main] INFO  server.RaftServerConfigKeys (ConfUtils.java:logGet(43)) - raft.server.rpc.request.timeout = 3000ms (default)
2019-09-12 10:19:31,436 [main] INFO  server.RaftServerConfigKeys (ConfUtils.java:logGet(43)) - raft.server.storage.dir = [/workdir/hadoop-ozone/integration-test/target/test-dir/MiniOzoneClusterImpl-4d5e9512-7d5a-42a1-8e37-0d9e9dd50ba8/datanode-1/data/ratis] (custom)
2019-09-12 10:19:31,437 [main] INFO  replication.SimpleContainerDownloader (SimpleContainerDownloader.java:<init>(72)) - Starting container downloader service to copy containers to replicate.
2019-09-12 10:19:31,439 [main] INFO  hdfs.DFSUtil (DFSUtil.java:httpServerTemplateForNNAndJN(1641)) - Starting Web-server for hddsDatanode at: http://0.0.0.0:0
2019-09-12 10:19:31,441 [main] INFO  server.AuthenticationFilter (AuthenticationFilter.java:constructSecretProvider(240)) - Unable to initialize FileSignerSecretProvider, falling back to use random secrets.
2019-09-12 10:19:31,442 [main] WARN  http.HttpRequestLog (HttpRequestLog.java:getRequestLog(97)) - Jetty request log can only be enabled using Log4j
2019-09-12 10:19:31,445 [main] INFO  http.HttpServer2 (HttpServer2.java:addGlobalFilter(975)) - Added global filter 'safety' (class=org.apache.hadoop.http.HttpServer2$QuotingInputFilter)
2019-09-12 10:19:31,446 [main] INFO  http.HttpServer2 (HttpServer2.java:addFilter(948)) - Added filter static_user_filter (class=org.apache.hadoop.http.lib.StaticUserWebFilter$StaticUserFilter) to context hddsDatanode
2019-09-12 10:19:31,446 [main] INFO  http.HttpServer2 (HttpServer2.java:addFilter(958)) - Added filter static_user_filter (class=org.apache.hadoop.http.lib.StaticUserWebFilter$StaticUserFilter) to context static
2019-09-12 10:19:31,447 [main] INFO  http.HttpServer2 (HttpServer2.java:addFilter(958)) - Added filter static_user_filter (class=org.apache.hadoop.http.lib.StaticUserWebFilter$StaticUserFilter) to context logs
2019-09-12 10:19:31,448 [main] INFO  http.HttpServer2 (HttpServer2.java:bindListener(1191)) - Jetty bound to port 35592
2019-09-12 10:19:31,448 [main] INFO  server.Server (Server.java:doStart(351)) - jetty-9.3.24.v20180605, build timestamp: 2018-06-05T17:11:56Z, git hash: 84205aa28f11a4f31f2a3b86d1bba2cc8ab69827
2019-09-12 10:19:31,453 [main] INFO  handler.ContextHandler (ContextHandler.java:doStart(781)) - Started o.e.j.s.ServletContextHandler@44f0ff2b{/logs,file:///workdir/hadoop-ozone/integration-test/target/log,AVAILABLE}
2019-09-12 10:19:31,454 [main] INFO  handler.ContextHandler (ContextHandler.java:doStart(781)) - Started o.e.j.s.ServletContextHandler@68af87ad{/static,jar:file:/home/user/.m2/repository/org/apache/hadoop/hadoop-hdds-container-service/0.5.0-SNAPSHOT/hadoop-hdds-container-service-0.5.0-SNAPSHOT.jar!/webapps/static,AVAILABLE}
2019-09-12 10:19:31,495 [main] INFO  handler.ContextHandler (ContextHandler.java:doStart(781)) - Started o.e.j.w.WebAppContext@265a094b{/,file:///tmp/jetty-0.0.0.0-35592-hddsDatanode-_-any-934423423714806628.dir/webapp/,AVAILABLE}{/hddsDatanode}
2019-09-12 10:19:31,496 [main] INFO  server.AbstractConnector (AbstractConnector.java:doStart(278)) - Started ServerConnector@1f536481{HTTP/1.1,[http/1.1]}{0.0.0.0:35592}
2019-09-12 10:19:31,497 [main] INFO  server.Server (Server.java:doStart(419)) - Started @7123ms
2019-09-12 10:19:31,499 [main] INFO  server.BaseHttpServer (BaseHttpServer.java:updateConnectorAddress(213)) - HTTP server of HDDSDATANODE is listening at http://0.0.0.0:35592
2019-09-12 10:19:31,543 [Datanode State Machine Thread - 0] INFO  datanode.InitDatanodeState (InitDatanodeState.java:persistContainerDatanodeDetails(140)) - DatanodeDetails is persisted to /workdir/hadoop-ozone/integration-test/target/test-dir/MiniOzoneClusterImpl-4d5e9512-7d5a-42a1-8e37-0d9e9dd50ba8/datanode-0/meta/datanode.id
2019-09-12 10:19:31,662 | INFO  | ObjectStoreRestHttpServer | Listening HDDS REST traffic on /0.0.0.0:41935 |  
2019-09-12 10:19:31,662 [main] INFO  ozone.HddsDatanodeService (HddsDatanodeService.java:startPlugins(395)) - Started plug-in org.apache.hadoop.ozone.web.OzoneHddsDatanodeService@2faa55bb
2019-09-12 10:19:31,663 [main] INFO  impl.MetricsSystemImpl (MetricsSystemImpl.java:init(158)) - HddsDatanode metrics system started (again)
2019-09-12 10:19:31,666 [main] INFO  ozone.HddsDatanodeService (HddsDatanodeService.java:start(184)) - HddsDatanodeService host:pr-hdds-1569-xtfnx-3545843844 ip:192.168.157.195
2019-09-12 10:19:31,666 [org.apache.hadoop.util.JvmPauseMonitor$Monitor@4659383] INFO  util.JvmPauseMonitor (JvmPauseMonitor.java:run(188)) - Starting JVM pause monitor
2019-09-12 10:19:31,675 [main] INFO  volume.HddsVolume (HddsVolume.java:<init>(176)) - Creating Volume: /workdir/hadoop-ozone/integration-test/target/test-dir/MiniOzoneClusterImpl-4d5e9512-7d5a-42a1-8e37-0d9e9dd50ba8/datanode-2/data/containers/hdds of  storage type : DISK and capacity : 1482555576320
2019-09-12 10:19:31,676 [main] INFO  volume.VolumeSet (VolumeSet.java:initializeVolumeSet(170)) - Added Volume : /workdir/hadoop-ozone/integration-test/target/test-dir/MiniOzoneClusterImpl-4d5e9512-7d5a-42a1-8e37-0d9e9dd50ba8/datanode-2/data/containers/hdds to VolumeSet
2019-09-12 10:19:31,676 [main] INFO  volume.ThrottledAsyncChecker (ThrottledAsyncChecker.java:schedule(140)) - Scheduling a check for org.apache.hadoop.ozone.container.common.volume.HddsVolume@b379bc6
2019-09-12 10:19:31,676 [main] INFO  volume.HddsVolumeChecker (HddsVolumeChecker.java:checkAllVolumes(203)) - Scheduled health check for volume org.apache.hadoop.ozone.container.common.volume.HddsVolume@b379bc6
2019-09-12 10:19:31,676 [Datanode State Machine Thread - 0] INFO  datanode.InitDatanodeState (InitDatanodeState.java:persistContainerDatanodeDetails(140)) - DatanodeDetails is persisted to /workdir/hadoop-ozone/integration-test/target/test-dir/MiniOzoneClusterImpl-4d5e9512-7d5a-42a1-8e37-0d9e9dd50ba8/datanode-1/meta/datanode.id
2019-09-12 10:19:31,694 [main] INFO  impl.RaftServerProxy (ConfUtils.java:logGet(43)) - raft.rpc.type = GRPC (default)
2019-09-12 10:19:31,694 [main] INFO  grpc.GrpcFactory (GrpcFactory.java:checkPooledByteBufAllocatorUseCacheForAllThreads(45)) - PERFORMANCE WARNING: useCacheForAllThreads is true that may cause Netty to create a lot garbage objects and, as a result, trigger GC.
	It is recommended to disable useCacheForAllThreads by setting -Dorg.apache.ratis.thirdparty.io.netty.allocator.useCacheForAllThreads=false in command line.
2019-09-12 10:19:31,694 [main] INFO  grpc.GrpcConfigKeys$Server (ConfUtils.java:logGet(43)) - raft.grpc.server.port = 0 (default)
2019-09-12 10:19:31,695 [main] INFO  server.GrpcService (ConfUtils.java:logGet(43)) - raft.grpc.message.size.max = 33570816 (custom)
2019-09-12 10:19:31,695 [main] INFO  server.RaftServerConfigKeys (ConfUtils.java:logGet(43)) - raft.server.log.appender.buffer.byte-limit = 33554432 (custom)
2019-09-12 10:19:31,695 [main] INFO  server.GrpcService (ConfUtils.java:logGet(43)) - raft.grpc.flow.control.window = 1MB (=1048576) (default)
2019-09-12 10:19:31,695 [main] INFO  server.RaftServerConfigKeys (ConfUtils.java:logGet(43)) - raft.server.rpc.request.timeout = 3000ms (default)
2019-09-12 10:19:31,696 [main] INFO  server.RaftServerConfigKeys (ConfUtils.java:logGet(43)) - raft.server.storage.dir = [/workdir/hadoop-ozone/integration-test/target/test-dir/MiniOzoneClusterImpl-4d5e9512-7d5a-42a1-8e37-0d9e9dd50ba8/datanode-2/data/ratis] (custom)
2019-09-12 10:19:31,697 [main] INFO  replication.SimpleContainerDownloader (SimpleContainerDownloader.java:<init>(72)) - Starting container downloader service to copy containers to replicate.
2019-09-12 10:19:31,698 [main] INFO  hdfs.DFSUtil (DFSUtil.java:httpServerTemplateForNNAndJN(1641)) - Starting Web-server for hddsDatanode at: http://0.0.0.0:0
2019-09-12 10:19:31,699 [main] INFO  server.AuthenticationFilter (AuthenticationFilter.java:constructSecretProvider(240)) - Unable to initialize FileSignerSecretProvider, falling back to use random secrets.
2019-09-12 10:19:31,700 [main] WARN  http.HttpRequestLog (HttpRequestLog.java:getRequestLog(97)) - Jetty request log can only be enabled using Log4j
2019-09-12 10:19:31,701 [main] INFO  http.HttpServer2 (HttpServer2.java:addGlobalFilter(975)) - Added global filter 'safety' (class=org.apache.hadoop.http.HttpServer2$QuotingInputFilter)
2019-09-12 10:19:31,702 [main] INFO  http.HttpServer2 (HttpServer2.java:addFilter(948)) - Added filter static_user_filter (class=org.apache.hadoop.http.lib.StaticUserWebFilter$StaticUserFilter) to context hddsDatanode
2019-09-12 10:19:31,702 [main] INFO  http.HttpServer2 (HttpServer2.java:addFilter(958)) - Added filter static_user_filter (class=org.apache.hadoop.http.lib.StaticUserWebFilter$StaticUserFilter) to context logs
2019-09-12 10:19:31,702 [main] INFO  http.HttpServer2 (HttpServer2.java:addFilter(958)) - Added filter static_user_filter (class=org.apache.hadoop.http.lib.StaticUserWebFilter$StaticUserFilter) to context static
2019-09-12 10:19:31,703 [main] INFO  http.HttpServer2 (HttpServer2.java:bindListener(1191)) - Jetty bound to port 33658
2019-09-12 10:19:31,703 [main] INFO  server.Server (Server.java:doStart(351)) - jetty-9.3.24.v20180605, build timestamp: 2018-06-05T17:11:56Z, git hash: 84205aa28f11a4f31f2a3b86d1bba2cc8ab69827
2019-09-12 10:19:31,705 [main] INFO  handler.ContextHandler (ContextHandler.java:doStart(781)) - Started o.e.j.s.ServletContextHandler@25791d40{/logs,file:///workdir/hadoop-ozone/integration-test/target/log,AVAILABLE}
2019-09-12 10:19:31,706 [main] INFO  handler.ContextHandler (ContextHandler.java:doStart(781)) - Started o.e.j.s.ServletContextHandler@251c8145{/static,jar:file:/home/user/.m2/repository/org/apache/hadoop/hadoop-hdds-container-service/0.5.0-SNAPSHOT/hadoop-hdds-container-service-0.5.0-SNAPSHOT.jar!/webapps/static,AVAILABLE}
2019-09-12 10:19:31,734 [main] INFO  handler.ContextHandler (ContextHandler.java:doStart(781)) - Started o.e.j.w.WebAppContext@3520958b{/,file:///tmp/jetty-0.0.0.0-33658-hddsDatanode-_-any-1009520794990499819.dir/webapp/,AVAILABLE}{/hddsDatanode}
2019-09-12 10:19:31,734 [main] INFO  server.AbstractConnector (AbstractConnector.java:doStart(278)) - Started ServerConnector@6cc64028{HTTP/1.1,[http/1.1]}{0.0.0.0:33658}
2019-09-12 10:19:31,735 [main] INFO  server.Server (Server.java:doStart(419)) - Started @7361ms
2019-09-12 10:19:31,738 [main] INFO  server.BaseHttpServer (BaseHttpServer.java:updateConnectorAddress(213)) - HTTP server of HDDSDATANODE is listening at http://0.0.0.0:33658
2019-09-12 10:19:31,883 | INFO  | ObjectStoreRestHttpServer | Listening HDDS REST traffic on /0.0.0.0:35109 |  
2019-09-12 10:19:31,883 [main] INFO  ozone.HddsDatanodeService (HddsDatanodeService.java:startPlugins(395)) - Started plug-in org.apache.hadoop.ozone.web.OzoneHddsDatanodeService@53314f76
2019-09-12 10:19:31,885 [main] INFO  ozone.MiniOzoneClusterImpl (MiniOzoneClusterImpl.java:lambda$waitForClusterToBeReady$0(142)) - Waiting for cluster to be ready. Got 0 of 3 DN Heartbeats.
2019-09-12 10:19:31,887 [org.apache.hadoop.util.JvmPauseMonitor$Monitor@7e8afcd2] INFO  util.JvmPauseMonitor (JvmPauseMonitor.java:run(188)) - Starting JVM pause monitor
2019-09-12 10:19:31,890 [Datanode State Machine Thread - 0] INFO  datanode.InitDatanodeState (InitDatanodeState.java:persistContainerDatanodeDetails(140)) - DatanodeDetails is persisted to /workdir/hadoop-ozone/integration-test/target/test-dir/MiniOzoneClusterImpl-4d5e9512-7d5a-42a1-8e37-0d9e9dd50ba8/datanode-2/meta/datanode.id
2019-09-12 10:19:32,886 [main] INFO  ozone.MiniOzoneClusterImpl (MiniOzoneClusterImpl.java:lambda$waitForClusterToBeReady$0(142)) - Waiting for cluster to be ready. Got 0 of 3 DN Heartbeats.
2019-09-12 10:19:33,438 | INFO  | SCMAudit | user=jenkins1000 | ip=192.168.157.195 | op=GET_VERSION null | ret=SUCCESS |  
2019-09-12 10:19:33,537 [Datanode State Machine Thread - 0] INFO  ozoneimpl.OzoneContainer (OzoneContainer.java:start(186)) - Attempting to start container services.
2019-09-12 10:19:33,539 [Datanode State Machine Thread - 0] INFO  ozoneimpl.OzoneContainer (OzoneContainer.java:startContainerScrub(160)) - Background container scrubber has been disabled by hdds.containerscrub.enabled
2019-09-12 10:19:33,539 [Datanode State Machine Thread - 0] INFO  ratis.XceiverServerRatis (XceiverServerRatis.java:start(404)) - Starting XceiverServerRatis b23f64d4-8020-446d-bbe2-842f6640ef38 at port 0
2019-09-12 10:19:33,565 [Datanode State Machine Thread - 0] INFO  impl.RaftServerProxy (RaftServerProxy.java:lambda$start$3(299)) - b23f64d4-8020-446d-bbe2-842f6640ef38: start RPC server
2019-09-12 10:19:33,669 | INFO  | SCMAudit | user=jenkins1000 | ip=192.168.157.195 | op=GET_VERSION null | ret=SUCCESS |  
2019-09-12 10:19:33,685 [Datanode State Machine Thread - 0] INFO  ozoneimpl.OzoneContainer (OzoneContainer.java:start(186)) - Attempting to start container services.
2019-09-12 10:19:33,687 [Datanode State Machine Thread - 0] INFO  ozoneimpl.OzoneContainer (OzoneContainer.java:startContainerScrub(160)) - Background container scrubber has been disabled by hdds.containerscrub.enabled
2019-09-12 10:19:33,688 [Datanode State Machine Thread - 0] INFO  ratis.XceiverServerRatis (XceiverServerRatis.java:start(404)) - Starting XceiverServerRatis ad4c2123-5d66-4058-a486-75b7e9920b2b at port 0
2019-09-12 10:19:33,698 [Datanode State Machine Thread - 0] INFO  impl.RaftServerProxy (RaftServerProxy.java:lambda$start$3(299)) - ad4c2123-5d66-4058-a486-75b7e9920b2b: start RPC server
2019-09-12 10:19:33,754 [Datanode State Machine Thread - 0] INFO  server.GrpcService (GrpcService.java:startImpl(149)) - ad4c2123-5d66-4058-a486-75b7e9920b2b: GrpcService started, listening on 0.0.0.0/0.0.0.0:38581
2019-09-12 10:19:33,754 [Datanode State Machine Thread - 0] INFO  server.GrpcService (GrpcService.java:startImpl(149)) - b23f64d4-8020-446d-bbe2-842f6640ef38: GrpcService started, listening on 0.0.0.0/0.0.0.0:44376
2019-09-12 10:19:33,756 [Datanode State Machine Thread - 0] INFO  ratis.XceiverServerRatis (XceiverServerRatis.java:start(414)) - XceiverServerRatis ad4c2123-5d66-4058-a486-75b7e9920b2b is started using port 38581
2019-09-12 10:19:33,756 [Datanode State Machine Thread - 0] INFO  ratis.XceiverServerRatis (XceiverServerRatis.java:start(414)) - XceiverServerRatis b23f64d4-8020-446d-bbe2-842f6640ef38 is started using port 44376
2019-09-12 10:19:33,760 [Datanode State Machine Thread - 0] INFO  server.XceiverServerGrpc (XceiverServerGrpc.java:start(163)) - XceiverServerGrpc ad4c2123-5d66-4058-a486-75b7e9920b2b is started using port 43637
2019-09-12 10:19:33,760 [Datanode State Machine Thread - 0] INFO  server.XceiverServerGrpc (XceiverServerGrpc.java:start(163)) - XceiverServerGrpc b23f64d4-8020-446d-bbe2-842f6640ef38 is started using port 38969
2019-09-12 10:19:33,887 [main] INFO  ozone.MiniOzoneClusterImpl (MiniOzoneClusterImpl.java:lambda$waitForClusterToBeReady$0(142)) - Waiting for cluster to be ready. Got 0 of 3 DN Heartbeats.
2019-09-12 10:19:33,889 | INFO  | SCMAudit | user=jenkins1000 | ip=192.168.157.195 | op=GET_VERSION null | ret=SUCCESS |  
2019-09-12 10:19:33,904 [Datanode State Machine Thread - 0] INFO  ozoneimpl.OzoneContainer (OzoneContainer.java:start(186)) - Attempting to start container services.
2019-09-12 10:19:33,906 [Datanode State Machine Thread - 0] INFO  ozoneimpl.OzoneContainer (OzoneContainer.java:startContainerScrub(160)) - Background container scrubber has been disabled by hdds.containerscrub.enabled
2019-09-12 10:19:33,906 [Datanode State Machine Thread - 0] INFO  ratis.XceiverServerRatis (XceiverServerRatis.java:start(404)) - Starting XceiverServerRatis fed03dd0-19ae-4d47-80df-f7b6c0cc818c at port 0
2019-09-12 10:19:33,915 [Datanode State Machine Thread - 0] INFO  impl.RaftServerProxy (RaftServerProxy.java:lambda$start$3(299)) - fed03dd0-19ae-4d47-80df-f7b6c0cc818c: start RPC server
2019-09-12 10:19:33,918 [Datanode State Machine Thread - 0] INFO  server.GrpcService (GrpcService.java:startImpl(149)) - fed03dd0-19ae-4d47-80df-f7b6c0cc818c: GrpcService started, listening on 0.0.0.0/0.0.0.0:40326
2019-09-12 10:19:33,918 [Datanode State Machine Thread - 0] INFO  ratis.XceiverServerRatis (XceiverServerRatis.java:start(414)) - XceiverServerRatis fed03dd0-19ae-4d47-80df-f7b6c0cc818c is started using port 40326
2019-09-12 10:19:33,921 [Datanode State Machine Thread - 0] INFO  server.XceiverServerGrpc (XceiverServerGrpc.java:start(163)) - XceiverServerGrpc fed03dd0-19ae-4d47-80df-f7b6c0cc818c is started using port 45212
2019-09-12 10:19:34,889 [main] INFO  ozone.MiniOzoneClusterImpl (MiniOzoneClusterImpl.java:lambda$waitForClusterToBeReady$0(142)) - Waiting for cluster to be ready. Got 0 of 3 DN Heartbeats.
2019-09-12 10:19:35,448 [IPC Server handler 2 on 32950] INFO  net.NetworkTopology (NetworkTopologyImpl.java:add(110)) - Added a new node: /default-rack/b23f64d4-8020-446d-bbe2-842f6640ef38
2019-09-12 10:19:35,449 [IPC Server handler 2 on 32950] INFO  node.SCMNodeManager (SCMNodeManager.java:register(273)) - Registered Data node : b23f64d4-8020-446d-bbe2-842f6640ef38{ip: 192.168.157.195, host: pr-hdds-1569-xtfnx-3545843844, networkLocation: /default-rack, certSerialId: null}
2019-09-12 10:19:35,454 [EventQueue-NodeRegistrationContainerReportForDataNodeSafeModeRule] INFO  safemode.SCMSafeModeManager (DataNodeSafeModeRule.java:process(71)) - SCM in safe mode. 1 DataNodes registered, 1 required.
2019-09-12 10:19:35,455 [EventQueue-NodeRegistrationContainerReportForDataNodeSafeModeRule] INFO  safemode.SCMSafeModeManager (SCMSafeModeManager.java:validateSafeModeExitRules(177)) - ScmSafeModeManager, all rules are successfully validated
2019-09-12 10:19:35,455 [EventQueue-NodeRegistrationContainerReportForDataNodeSafeModeRule] INFO  safemode.SCMSafeModeManager (SCMSafeModeManager.java:exitSafeMode(193)) - SCM exiting safe mode.
2019-09-12 10:19:35,465 | INFO  | SCMAudit | user=jenkins1000 | ip=192.168.157.195 | op=REGISTER {datanodeDetails=b23f64d4-8020-446d-bbe2-842f6640ef38{ip: 192.168.157.195, host: pr-hdds-1569-xtfnx-3545843844, networkLocation: /default-rack, certSerialId: null}} | ret=SUCCESS |  
2019-09-12 10:19:35,671 [IPC Server handler 1 on 32950] INFO  net.NetworkTopology (NetworkTopologyImpl.java:add(110)) - Added a new node: /default-rack/ad4c2123-5d66-4058-a486-75b7e9920b2b
2019-09-12 10:19:35,672 [IPC Server handler 1 on 32950] INFO  node.SCMNodeManager (SCMNodeManager.java:register(273)) - Registered Data node : ad4c2123-5d66-4058-a486-75b7e9920b2b{ip: 192.168.157.195, host: pr-hdds-1569-xtfnx-3545843844, networkLocation: /default-rack, certSerialId: null}
2019-09-12 10:19:35,673 | INFO  | SCMAudit | user=jenkins1000 | ip=192.168.157.195 | op=REGISTER {datanodeDetails=ad4c2123-5d66-4058-a486-75b7e9920b2b{ip: 192.168.157.195, host: pr-hdds-1569-xtfnx-3545843844, networkLocation: /default-rack, certSerialId: null}} | ret=SUCCESS |  
2019-09-12 10:19:35,922 [main] INFO  ozone.MiniOzoneClusterImpl (MiniOzoneClusterImpl.java:lambda$waitForClusterToBeReady$0(142)) - Waiting for cluster to be ready. Got 2 of 3 DN Heartbeats.
2019-09-12 10:19:35,927 [IPC Server handler 2 on 32950] INFO  net.NetworkTopology (NetworkTopologyImpl.java:add(110)) - Added a new node: /default-rack/fed03dd0-19ae-4d47-80df-f7b6c0cc818c
2019-09-12 10:19:35,928 [IPC Server handler 2 on 32950] INFO  node.SCMNodeManager (SCMNodeManager.java:register(273)) - Registered Data node : fed03dd0-19ae-4d47-80df-f7b6c0cc818c{ip: 192.168.157.195, host: pr-hdds-1569-xtfnx-3545843844, networkLocation: /default-rack, certSerialId: null}
2019-09-12 10:19:35,929 | INFO  | SCMAudit | user=jenkins1000 | ip=192.168.157.195 | op=REGISTER {datanodeDetails=fed03dd0-19ae-4d47-80df-f7b6c0cc818c{ip: 192.168.157.195, host: pr-hdds-1569-xtfnx-3545843844, networkLocation: /default-rack, certSerialId: null}} | ret=SUCCESS |  
2019-09-12 10:19:36,461 [grpc-default-executor-0] INFO  impl.RaftServerProxy (RaftServerProxy.java:addNew(89)) - b23f64d4-8020-446d-bbe2-842f6640ef38: addNew group-4D9EF3158531:[b23f64d4-8020-446d-bbe2-842f6640ef38:192.168.157.195:44376] returns group-4D9EF3158531:java.util.concurrent.CompletableFuture@73d34484[Not completed]
2019-09-12 10:19:36,479 [pool-27-thread-1] INFO  impl.RaftServerImpl (RaftServerImpl.java:<init>(93)) - b23f64d4-8020-446d-bbe2-842f6640ef38: new RaftServerImpl for group-4D9EF3158531:[b23f64d4-8020-446d-bbe2-842f6640ef38:192.168.157.195:44376] with ContainerStateMachine:uninitialized
2019-09-12 10:19:36,482 [pool-27-thread-1] INFO  server.RaftServerConfigKeys (ConfUtils.java:logGet(43)) - raft.server.rpc.timeout.min = 5s (custom)
2019-09-12 10:19:36,483 [pool-27-thread-1] INFO  server.RaftServerConfigKeys (ConfUtils.java:logGet(43)) - raft.server.rpc.timeout.max = 5200ms (custom)
2019-09-12 10:19:36,483 [pool-27-thread-1] INFO  server.RaftServerConfigKeys (ConfUtils.java:logGet(43)) - raft.server.rpcslowness.timeout = 120s (custom)
2019-09-12 10:19:36,484 [pool-27-thread-1] INFO  server.RaftServerConfigKeys (ConfUtils.java:logGet(43)) - raft.server.sleep.deviation.threshold = 300 (default)
2019-09-12 10:19:36,486 [pool-27-thread-1] INFO  server.RaftServerConfigKeys (ConfUtils.java:logGet(43)) - raft.server.log.appender.install.snapshot.enabled = false (custom)
2019-09-12 10:19:36,496 [pool-27-thread-1] INFO  impl.RaftServerImpl (ServerState.java:<init>(105)) - b23f64d4-8020-446d-bbe2-842f6640ef38:group-4D9EF3158531 ConfigurationManager, init=-1: [b23f64d4-8020-446d-bbe2-842f6640ef38:192.168.157.195:44376], old=null, confs=<EMPTY_MAP>
2019-09-12 10:19:36,496 [pool-27-thread-1] INFO  server.RaftServerConfigKeys (ConfUtils.java:logGet(43)) - raft.server.storage.dir = [/workdir/hadoop-ozone/integration-test/target/test-dir/MiniOzoneClusterImpl-4d5e9512-7d5a-42a1-8e37-0d9e9dd50ba8/datanode-0/data/ratis] (custom)
2019-09-12 10:19:36,506 [pool-27-thread-1] INFO  storage.RaftStorageDirectory (RaftStorageDirectory.java:analyzeStorage(246)) - The storage directory /workdir/hadoop-ozone/integration-test/target/test-dir/MiniOzoneClusterImpl-4d5e9512-7d5a-42a1-8e37-0d9e9dd50ba8/datanode-0/data/ratis/130f690d-ddf9-4944-9b96-4d9ef3158531 does not exist. Creating ...
2019-09-12 10:19:36,524 [pool-27-thread-1] INFO  storage.RaftStorageDirectory (RaftStorageDirectory.java:tryLock(328)) - Lock on /workdir/hadoop-ozone/integration-test/target/test-dir/MiniOzoneClusterImpl-4d5e9512-7d5a-42a1-8e37-0d9e9dd50ba8/datanode-0/data/ratis/130f690d-ddf9-4944-9b96-4d9ef3158531/in_use.lock acquired by nodename 9433@pr-hdds-1569-xtfnx-3545843844
2019-09-12 10:19:36,540 [pool-27-thread-1] INFO  storage.RaftStorage (RaftStorage.java:format(72)) - Storage directory /workdir/hadoop-ozone/integration-test/target/test-dir/MiniOzoneClusterImpl-4d5e9512-7d5a-42a1-8e37-0d9e9dd50ba8/datanode-0/data/ratis/130f690d-ddf9-4944-9b96-4d9ef3158531 has been successfully formatted.
2019-09-12 10:19:36,542 [pool-27-thread-1] INFO  ratis.ContainerStateMachine (ContainerStateMachine.java:loadSnapshot(226)) - group-4D9EF3158531: The snapshot info is null. Setting the last applied indexto:(t:0, i:~)
2019-09-12 10:19:36,543 [pool-27-thread-1] INFO  server.RaftServerConfigKeys (ConfUtils.java:logGet(43)) - raft.server.leader.election.timeout = 120s (custom)
2019-09-12 10:19:36,545 [pool-27-thread-1] INFO  server.RaftServerConfigKeys (ConfUtils.java:logGet(43)) - raft.server.log.use.memory = false (default)
2019-09-12 10:19:36,551 [pool-27-thread-1] INFO  server.RaftServerConfigKeys (ConfUtils.java:logGet(43)) - raft.server.log.purge.gap = 1000000 (custom)
2019-09-12 10:19:36,551 [pool-27-thread-1] INFO  server.RaftServerConfigKeys (ConfUtils.java:logGet(43)) - raft.server.log.appender.buffer.byte-limit = 33554432 (custom)
2019-09-12 10:19:36,553 [pool-27-thread-1] INFO  server.RaftServerConfigKeys (ConfUtils.java:logGet(43)) - raft.server.log.segment.size.max = 1048576 (custom)
2019-09-12 10:19:36,558 [pool-27-thread-1] INFO  server.RaftServerConfigKeys (ConfUtils.java:logGet(43)) - raft.server.log.segment.cache.num.max = 2 (custom)
2019-09-12 10:19:36,564 [pool-27-thread-1] INFO  segmented.SegmentedRaftLogWorker (SegmentedRaftLogWorker.java:<init>(172)) - new b23f64d4-8020-446d-bbe2-842f6640ef38-SegmentedRaftLogWorker:Storage Directory /workdir/hadoop-ozone/integration-test/target/test-dir/MiniOzoneClusterImpl-4d5e9512-7d5a-42a1-8e37-0d9e9dd50ba8/datanode-0/data/ratis/130f690d-ddf9-4944-9b96-4d9ef3158531 for RaftStorage:Storage Directory /workdir/hadoop-ozone/integration-test/target/test-dir/MiniOzoneClusterImpl-4d5e9512-7d5a-42a1-8e37-0d9e9dd50ba8/datanode-0/data/ratis/130f690d-ddf9-4944-9b96-4d9ef3158531
2019-09-12 10:19:36,576 [pool-27-thread-1] INFO  server.RaftServerConfigKeys (ConfUtils.java:logGet(43)) - raft.server.log.queue.byte-limit = 2147483647 (custom)
2019-09-12 10:19:36,577 [pool-27-thread-1] INFO  server.RaftServerConfigKeys (ConfUtils.java:logGet(43)) - raft.server.log.queue.element-limit = 1024 (custom)
2019-09-12 10:19:36,581 [pool-27-thread-1] INFO  server.RaftServerConfigKeys (ConfUtils.java:logGet(43)) - raft.server.log.segment.size.max = 1048576 (custom)
2019-09-12 10:19:36,582 [pool-27-thread-1] INFO  server.RaftServerConfigKeys (ConfUtils.java:logGet(43)) - raft.server.log.preallocated.size = 16384 (custom)
2019-09-12 10:19:36,582 [pool-27-thread-1] INFO  server.RaftServerConfigKeys (ConfUtils.java:logGet(43)) - raft.server.log.write.buffer.size = 33554432 (custom)
2019-09-12 10:19:36,583 [pool-27-thread-1] INFO  server.RaftServerConfigKeys (ConfUtils.java:logGet(43)) - raft.server.log.force.sync.num = 128 (default)
2019-09-12 10:19:36,584 [pool-27-thread-1] INFO  server.RaftServerConfigKeys (ConfUtils.java:logGet(43)) - raft.server.log.statemachine.data.sync = true (default)
2019-09-12 10:19:36,584 [pool-27-thread-1] INFO  server.RaftServerConfigKeys (ConfUtils.java:logGet(43)) - raft.server.log.statemachine.data.sync.timeout = 10s (default)
2019-09-12 10:19:36,585 [pool-27-thread-1] INFO  server.RaftServerConfigKeys (ConfUtils.java:logGet(43)) - raft.server.log.statemachine.data.sync.timeout.retry = -1 (default)
2019-09-12 10:19:36,593 [pool-27-thread-1] INFO  server.RaftServerConfigKeys (ConfUtils.java:logGet(43)) - raft.server.log.statemachine.data.caching.enabled = true (custom)
2019-09-12 10:19:36,597 [pool-27-thread-1] INFO  segmented.SegmentedRaftLogWorker (SegmentedRaftLogWorker.java:lambda$new$0(132)) - b23f64d4-8020-446d-bbe2-842f6640ef38-SegmentedRaftLogWorker:Storage Directory /workdir/hadoop-ozone/integration-test/target/test-dir/MiniOzoneClusterImpl-4d5e9512-7d5a-42a1-8e37-0d9e9dd50ba8/datanode-0/data/ratis/130f690d-ddf9-4944-9b96-4d9ef3158531: flushIndex: setUnconditionally 0 -> -1
2019-09-12 10:19:36,601 [pool-27-thread-1] INFO  server.RaftServerConfigKeys (ConfUtils.java:logGet(43)) - raft.server.snapshot.auto.trigger.enabled = true (custom)
2019-09-12 10:19:36,602 [pool-27-thread-1] INFO  server.RaftServerConfigKeys (ConfUtils.java:logGet(43)) - raft.server.snapshot.auto.trigger.threshold = 10000 (custom)
2019-09-12 10:19:36,602 [pool-27-thread-1] INFO  server.RaftServerConfigKeys (ConfUtils.java:logGet(43)) - raft.server.retrycache.expirytime = 600000ms (custom)
2019-09-12 10:19:36,621 [pool-27-thread-1] INFO  impl.RaftServerImpl (RaftServerImpl.java:start(180)) - b23f64d4-8020-446d-bbe2-842f6640ef38: start group-4D9EF3158531
2019-09-12 10:19:36,622 [pool-27-thread-1] INFO  impl.RaftServerImpl (RaftServerImpl.java:setRole(171)) - b23f64d4-8020-446d-bbe2-842f6640ef38:group-4D9EF3158531 changes role from null to FOLLOWER at term 0 for startAsFollower
2019-09-12 10:19:36,623 [pool-27-thread-1] INFO  impl.RoleInfo (RoleInfo.java:updateAndGet(143)) - b23f64d4-8020-446d-bbe2-842f6640ef38: start FollowerState
2019-09-12 10:19:36,625 [pool-27-thread-1] INFO  util.JmxRegister (JmxRegister.java:tryRegister(44)) - Successfully registered JMX Bean with object name Ratis:service=RaftServer,group=group-4D9EF3158531,id=b23f64d4-8020-446d-bbe2-842f6640ef38
2019-09-12 10:19:36,709 [RatisPipelineUtilsThread] INFO  pipeline.PipelineStateManager (PipelineStateManager.java:addPipeline(56)) - Created pipeline Pipeline[ Id: 130f690d-ddf9-4944-9b96-4d9ef3158531, Nodes: b23f64d4-8020-446d-bbe2-842f6640ef38{ip: 192.168.157.195, host: pr-hdds-1569-xtfnx-3545843844, networkLocation: /default-rack, certSerialId: null}, Type:RATIS, Factor:ONE, State:OPEN]
2019-09-12 10:19:36,736 [grpc-default-executor-0] INFO  impl.RaftServerProxy (RaftServerProxy.java:addNew(89)) - ad4c2123-5d66-4058-a486-75b7e9920b2b: addNew group-45E12EA71988:[ad4c2123-5d66-4058-a486-75b7e9920b2b:192.168.157.195:38581] returns group-45E12EA71988:java.util.concurrent.CompletableFuture@3475a98a[Not completed]
2019-09-12 10:19:36,772 [pool-38-thread-1] INFO  impl.RaftServerImpl (RaftServerImpl.java:<init>(93)) - ad4c2123-5d66-4058-a486-75b7e9920b2b: new RaftServerImpl for group-45E12EA71988:[ad4c2123-5d66-4058-a486-75b7e9920b2b:192.168.157.195:38581] with ContainerStateMachine:uninitialized
2019-09-12 10:19:36,774 [pool-38-thread-1] INFO  server.RaftServerConfigKeys (ConfUtils.java:logGet(43)) - raft.server.rpc.timeout.min = 5s (custom)
2019-09-12 10:19:36,774 [pool-38-thread-1] INFO  server.RaftServerConfigKeys (ConfUtils.java:logGet(43)) - raft.server.rpc.timeout.max = 5200ms (custom)
2019-09-12 10:19:36,774 [pool-38-thread-1] INFO  server.RaftServerConfigKeys (ConfUtils.java:logGet(43)) - raft.server.rpcslowness.timeout = 120s (custom)
2019-09-12 10:19:36,774 [pool-38-thread-1] INFO  server.RaftServerConfigKeys (ConfUtils.java:logGet(43)) - raft.server.sleep.deviation.threshold = 300 (default)
2019-09-12 10:19:36,774 [pool-38-thread-1] INFO  server.RaftServerConfigKeys (ConfUtils.java:logGet(43)) - raft.server.log.appender.install.snapshot.enabled = false (custom)
2019-09-12 10:19:36,775 [pool-38-thread-1] INFO  impl.RaftServerImpl (ServerState.java:<init>(105)) - ad4c2123-5d66-4058-a486-75b7e9920b2b:group-45E12EA71988 ConfigurationManager, init=-1: [ad4c2123-5d66-4058-a486-75b7e9920b2b:192.168.157.195:38581], old=null, confs=<EMPTY_MAP>
2019-09-12 10:19:36,775 [pool-38-thread-1] INFO  server.RaftServerConfigKeys (ConfUtils.java:logGet(43)) - raft.server.storage.dir = [/workdir/hadoop-ozone/integration-test/target/test-dir/MiniOzoneClusterImpl-4d5e9512-7d5a-42a1-8e37-0d9e9dd50ba8/datanode-1/data/ratis] (custom)
2019-09-12 10:19:36,775 [pool-38-thread-1] INFO  storage.RaftStorageDirectory (RaftStorageDirectory.java:analyzeStorage(246)) - The storage directory /workdir/hadoop-ozone/integration-test/target/test-dir/MiniOzoneClusterImpl-4d5e9512-7d5a-42a1-8e37-0d9e9dd50ba8/datanode-1/data/ratis/44a4ddd1-af82-4e46-bda2-45e12ea71988 does not exist. Creating ...
2019-09-12 10:19:36,790 [pool-38-thread-1] INFO  storage.RaftStorageDirectory (RaftStorageDirectory.java:tryLock(328)) - Lock on /workdir/hadoop-ozone/integration-test/target/test-dir/MiniOzoneClusterImpl-4d5e9512-7d5a-42a1-8e37-0d9e9dd50ba8/datanode-1/data/ratis/44a4ddd1-af82-4e46-bda2-45e12ea71988/in_use.lock acquired by nodename 9433@pr-hdds-1569-xtfnx-3545843844
2019-09-12 10:19:36,803 [pool-38-thread-1] INFO  storage.RaftStorage (RaftStorage.java:format(72)) - Storage directory /workdir/hadoop-ozone/integration-test/target/test-dir/MiniOzoneClusterImpl-4d5e9512-7d5a-42a1-8e37-0d9e9dd50ba8/datanode-1/data/ratis/44a4ddd1-af82-4e46-bda2-45e12ea71988 has been successfully formatted.
2019-09-12 10:19:36,804 [pool-38-thread-1] INFO  ratis.ContainerStateMachine (ContainerStateMachine.java:loadSnapshot(226)) - group-45E12EA71988: The snapshot info is null. Setting the last applied indexto:(t:0, i:~)
2019-09-12 10:19:36,805 [pool-38-thread-1] INFO  server.RaftServerConfigKeys (ConfUtils.java:logGet(43)) - raft.server.leader.election.timeout = 120s (custom)
2019-09-12 10:19:36,805 [pool-38-thread-1] INFO  server.RaftServerConfigKeys (ConfUtils.java:logGet(43)) - raft.server.log.use.memory = false (default)
2019-09-12 10:19:36,805 [pool-38-thread-1] INFO  server.RaftServerConfigKeys (ConfUtils.java:logGet(43)) - raft.server.log.purge.gap = 1000000 (custom)
2019-09-12 10:19:36,805 [pool-38-thread-1] INFO  server.RaftServerConfigKeys (ConfUtils.java:logGet(43)) - raft.server.log.appender.buffer.byte-limit = 33554432 (custom)
2019-09-12 10:19:36,806 [pool-38-thread-1] INFO  server.RaftServerConfigKeys (ConfUtils.java:logGet(43)) - raft.server.log.segment.size.max = 1048576 (custom)
2019-09-12 10:19:36,806 [pool-38-thread-1] INFO  server.RaftServerConfigKeys (ConfUtils.java:logGet(43)) - raft.server.log.segment.cache.num.max = 2 (custom)
2019-09-12 10:19:36,806 [pool-38-thread-1] INFO  segmented.SegmentedRaftLogWorker (SegmentedRaftLogWorker.java:<init>(172)) - new ad4c2123-5d66-4058-a486-75b7e9920b2b-SegmentedRaftLogWorker:Storage Directory /workdir/hadoop-ozone/integration-test/target/test-dir/MiniOzoneClusterImpl-4d5e9512-7d5a-42a1-8e37-0d9e9dd50ba8/datanode-1/data/ratis/44a4ddd1-af82-4e46-bda2-45e12ea71988 for RaftStorage:Storage Directory /workdir/hadoop-ozone/integration-test/target/test-dir/MiniOzoneClusterImpl-4d5e9512-7d5a-42a1-8e37-0d9e9dd50ba8/datanode-1/data/ratis/44a4ddd1-af82-4e46-bda2-45e12ea71988
2019-09-12 10:19:36,807 [pool-38-thread-1] INFO  server.RaftServerConfigKeys (ConfUtils.java:logGet(43)) - raft.server.log.queue.byte-limit = 2147483647 (custom)
2019-09-12 10:19:36,807 [pool-38-thread-1] INFO  server.RaftServerConfigKeys (ConfUtils.java:logGet(43)) - raft.server.log.queue.element-limit = 1024 (custom)
2019-09-12 10:19:36,808 [pool-38-thread-1] INFO  server.RaftServerConfigKeys (ConfUtils.java:logGet(43)) - raft.server.log.segment.size.max = 1048576 (custom)
2019-09-12 10:19:36,808 [pool-38-thread-1] INFO  server.RaftServerConfigKeys (ConfUtils.java:logGet(43)) - raft.server.log.preallocated.size = 16384 (custom)
2019-09-12 10:19:36,809 [pool-38-thread-1] INFO  server.RaftServerConfigKeys (ConfUtils.java:logGet(43)) - raft.server.log.write.buffer.size = 33554432 (custom)
2019-09-12 10:19:36,809 [pool-38-thread-1] INFO  server.RaftServerConfigKeys (ConfUtils.java:logGet(43)) - raft.server.log.force.sync.num = 128 (default)
2019-09-12 10:19:36,809 [pool-38-thread-1] INFO  server.RaftServerConfigKeys (ConfUtils.java:logGet(43)) - raft.server.log.statemachine.data.sync = true (default)
2019-09-12 10:19:36,809 [pool-38-thread-1] INFO  server.RaftServerConfigKeys (ConfUtils.java:logGet(43)) - raft.server.log.statemachine.data.sync.timeout = 10s (default)
2019-09-12 10:19:36,810 [pool-38-thread-1] INFO  server.RaftServerConfigKeys (ConfUtils.java:logGet(43)) - raft.server.log.statemachine.data.sync.timeout.retry = -1 (default)
2019-09-12 10:19:36,810 [pool-38-thread-1] INFO  server.RaftServerConfigKeys (ConfUtils.java:logGet(43)) - raft.server.log.statemachine.data.caching.enabled = true (custom)
2019-09-12 10:19:36,811 [pool-38-thread-1] INFO  segmented.SegmentedRaftLogWorker (SegmentedRaftLogWorker.java:lambda$new$0(132)) - ad4c2123-5d66-4058-a486-75b7e9920b2b-SegmentedRaftLogWorker:Storage Directory /workdir/hadoop-ozone/integration-test/target/test-dir/MiniOzoneClusterImpl-4d5e9512-7d5a-42a1-8e37-0d9e9dd50ba8/datanode-1/data/ratis/44a4ddd1-af82-4e46-bda2-45e12ea71988: flushIndex: setUnconditionally 0 -> -1
2019-09-12 10:19:36,811 [pool-38-thread-1] INFO  server.RaftServerConfigKeys (ConfUtils.java:logGet(43)) - raft.server.snapshot.auto.trigger.enabled = true (custom)
2019-09-12 10:19:36,812 [pool-38-thread-1] INFO  server.RaftServerConfigKeys (ConfUtils.java:logGet(43)) - raft.server.snapshot.auto.trigger.threshold = 10000 (custom)
2019-09-12 10:19:36,812 [pool-38-thread-1] INFO  server.RaftServerConfigKeys (ConfUtils.java:logGet(43)) - raft.server.retrycache.expirytime = 600000ms (custom)
2019-09-12 10:19:36,812 [pool-38-thread-1] INFO  impl.RaftServerImpl (RaftServerImpl.java:start(180)) - ad4c2123-5d66-4058-a486-75b7e9920b2b: start group-45E12EA71988
2019-09-12 10:19:36,812 [pool-38-thread-1] INFO  impl.RaftServerImpl (RaftServerImpl.java:setRole(171)) - ad4c2123-5d66-4058-a486-75b7e9920b2b:group-45E12EA71988 changes role from null to FOLLOWER at term 0 for startAsFollower
2019-09-12 10:19:36,813 [pool-38-thread-1] INFO  impl.RoleInfo (RoleInfo.java:updateAndGet(143)) - ad4c2123-5d66-4058-a486-75b7e9920b2b: start FollowerState
2019-09-12 10:19:36,814 [pool-38-thread-1] INFO  util.JmxRegister (JmxRegister.java:tryRegister(44)) - Successfully registered JMX Bean with object name Ratis:service=RaftServer,group=group-45E12EA71988,id=ad4c2123-5d66-4058-a486-75b7e9920b2b
2019-09-12 10:19:36,826 [RatisPipelineUtilsThread] INFO  pipeline.PipelineStateManager (PipelineStateManager.java:addPipeline(56)) - Created pipeline Pipeline[ Id: 44a4ddd1-af82-4e46-bda2-45e12ea71988, Nodes: ad4c2123-5d66-4058-a486-75b7e9920b2b{ip: 192.168.157.195, host: pr-hdds-1569-xtfnx-3545843844, networkLocation: /default-rack, certSerialId: null}, Type:RATIS, Factor:ONE, State:OPEN]
2019-09-12 10:19:36,847 [grpc-default-executor-0] INFO  impl.RaftServerProxy (RaftServerProxy.java:addNew(89)) - fed03dd0-19ae-4d47-80df-f7b6c0cc818c: addNew group-D72F2E612FF5:[fed03dd0-19ae-4d47-80df-f7b6c0cc818c:192.168.157.195:40326] returns group-D72F2E612FF5:java.util.concurrent.CompletableFuture@1180e212[Not completed]
2019-09-12 10:19:36,857 [pool-49-thread-1] INFO  impl.RaftServerImpl (RaftServerImpl.java:<init>(93)) - fed03dd0-19ae-4d47-80df-f7b6c0cc818c: new RaftServerImpl for group-D72F2E612FF5:[fed03dd0-19ae-4d47-80df-f7b6c0cc818c:192.168.157.195:40326] with ContainerStateMachine:uninitialized
2019-09-12 10:19:36,858 [pool-49-thread-1] INFO  server.RaftServerConfigKeys (ConfUtils.java:logGet(43)) - raft.server.rpc.timeout.min = 5s (custom)
2019-09-12 10:19:36,859 [pool-49-thread-1] INFO  server.RaftServerConfigKeys (ConfUtils.java:logGet(43)) - raft.server.rpc.timeout.max = 5200ms (custom)
2019-09-12 10:19:36,859 [pool-49-thread-1] INFO  server.RaftServerConfigKeys (ConfUtils.java:logGet(43)) - raft.server.rpcslowness.timeout = 120s (custom)
2019-09-12 10:19:36,859 [pool-49-thread-1] INFO  server.RaftServerConfigKeys (ConfUtils.java:logGet(43)) - raft.server.sleep.deviation.threshold = 300 (default)
2019-09-12 10:19:36,859 [pool-49-thread-1] INFO  server.RaftServerConfigKeys (ConfUtils.java:logGet(43)) - raft.server.log.appender.install.snapshot.enabled = false (custom)
2019-09-12 10:19:36,859 [pool-49-thread-1] INFO  impl.RaftServerImpl (ServerState.java:<init>(105)) - fed03dd0-19ae-4d47-80df-f7b6c0cc818c:group-D72F2E612FF5 ConfigurationManager, init=-1: [fed03dd0-19ae-4d47-80df-f7b6c0cc818c:192.168.157.195:40326], old=null, confs=<EMPTY_MAP>
2019-09-12 10:19:36,860 [pool-49-thread-1] INFO  server.RaftServerConfigKeys (ConfUtils.java:logGet(43)) - raft.server.storage.dir = [/workdir/hadoop-ozone/integration-test/target/test-dir/MiniOzoneClusterImpl-4d5e9512-7d5a-42a1-8e37-0d9e9dd50ba8/datanode-2/data/ratis] (custom)
2019-09-12 10:19:36,860 [pool-49-thread-1] INFO  storage.RaftStorageDirectory (RaftStorageDirectory.java:analyzeStorage(246)) - The storage directory /workdir/hadoop-ozone/integration-test/target/test-dir/MiniOzoneClusterImpl-4d5e9512-7d5a-42a1-8e37-0d9e9dd50ba8/datanode-2/data/ratis/bbec090b-bb9a-45b6-91c6-d72f2e612ff5 does not exist. Creating ...
2019-09-12 10:19:36,873 [pool-49-thread-1] INFO  storage.RaftStorageDirectory (RaftStorageDirectory.java:tryLock(328)) - Lock on /workdir/hadoop-ozone/integration-test/target/test-dir/MiniOzoneClusterImpl-4d5e9512-7d5a-42a1-8e37-0d9e9dd50ba8/datanode-2/data/ratis/bbec090b-bb9a-45b6-91c6-d72f2e612ff5/in_use.lock acquired by nodename 9433@pr-hdds-1569-xtfnx-3545843844
2019-09-12 10:19:36,886 [pool-49-thread-1] INFO  storage.RaftStorage (RaftStorage.java:format(72)) - Storage directory /workdir/hadoop-ozone/integration-test/target/test-dir/MiniOzoneClusterImpl-4d5e9512-7d5a-42a1-8e37-0d9e9dd50ba8/datanode-2/data/ratis/bbec090b-bb9a-45b6-91c6-d72f2e612ff5 has been successfully formatted.
2019-09-12 10:19:36,886 [pool-49-thread-1] INFO  ratis.ContainerStateMachine (ContainerStateMachine.java:loadSnapshot(226)) - group-D72F2E612FF5: The snapshot info is null. Setting the last applied indexto:(t:0, i:~)
2019-09-12 10:19:36,886 [pool-49-thread-1] INFO  server.RaftServerConfigKeys (ConfUtils.java:logGet(43)) - raft.server.leader.election.timeout = 120s (custom)
2019-09-12 10:19:36,886 [pool-49-thread-1] INFO  server.RaftServerConfigKeys (ConfUtils.java:logGet(43)) - raft.server.log.use.memory = false (default)
2019-09-12 10:19:36,886 [pool-49-thread-1] INFO  server.RaftServerConfigKeys (ConfUtils.java:logGet(43)) - raft.server.log.purge.gap = 1000000 (custom)
2019-09-12 10:19:36,887 [pool-49-thread-1] INFO  server.RaftServerConfigKeys (ConfUtils.java:logGet(43)) - raft.server.log.appender.buffer.byte-limit = 33554432 (custom)
2019-09-12 10:19:36,887 [pool-49-thread-1] INFO  server.RaftServerConfigKeys (ConfUtils.java:logGet(43)) - raft.server.log.segment.size.max = 1048576 (custom)
2019-09-12 10:19:36,887 [pool-49-thread-1] INFO  server.RaftServerConfigKeys (ConfUtils.java:logGet(43)) - raft.server.log.segment.cache.num.max = 2 (custom)
2019-09-12 10:19:36,887 [pool-49-thread-1] INFO  segmented.SegmentedRaftLogWorker (SegmentedRaftLogWorker.java:<init>(172)) - new fed03dd0-19ae-4d47-80df-f7b6c0cc818c-SegmentedRaftLogWorker:Storage Directory /workdir/hadoop-ozone/integration-test/target/test-dir/MiniOzoneClusterImpl-4d5e9512-7d5a-42a1-8e37-0d9e9dd50ba8/datanode-2/data/ratis/bbec090b-bb9a-45b6-91c6-d72f2e612ff5 for RaftStorage:Storage Directory /workdir/hadoop-ozone/integration-test/target/test-dir/MiniOzoneClusterImpl-4d5e9512-7d5a-42a1-8e37-0d9e9dd50ba8/datanode-2/data/ratis/bbec090b-bb9a-45b6-91c6-d72f2e612ff5
2019-09-12 10:19:36,887 [pool-49-thread-1] INFO  server.RaftServerConfigKeys (ConfUtils.java:logGet(43)) - raft.server.log.queue.byte-limit = 2147483647 (custom)
2019-09-12 10:19:36,887 [pool-49-thread-1] INFO  server.RaftServerConfigKeys (ConfUtils.java:logGet(43)) - raft.server.log.queue.element-limit = 1024 (custom)
2019-09-12 10:19:36,888 [pool-49-thread-1] INFO  server.RaftServerConfigKeys (ConfUtils.java:logGet(43)) - raft.server.log.segment.size.max = 1048576 (custom)
2019-09-12 10:19:36,888 [pool-49-thread-1] INFO  server.RaftServerConfigKeys (ConfUtils.java:logGet(43)) - raft.server.log.preallocated.size = 16384 (custom)
2019-09-12 10:19:36,888 [pool-49-thread-1] INFO  server.RaftServerConfigKeys (ConfUtils.java:logGet(43)) - raft.server.log.write.buffer.size = 33554432 (custom)
2019-09-12 10:19:36,888 [pool-49-thread-1] INFO  server.RaftServerConfigKeys (ConfUtils.java:logGet(43)) - raft.server.log.force.sync.num = 128 (default)
2019-09-12 10:19:36,888 [pool-49-thread-1] INFO  server.RaftServerConfigKeys (ConfUtils.java:logGet(43)) - raft.server.log.statemachine.data.sync = true (default)
2019-09-12 10:19:36,888 [pool-49-thread-1] INFO  server.RaftServerConfigKeys (ConfUtils.java:logGet(43)) - raft.server.log.statemachine.data.sync.timeout = 10s (default)
2019-09-12 10:19:36,888 [pool-49-thread-1] INFO  server.RaftServerConfigKeys (ConfUtils.java:logGet(43)) - raft.server.log.statemachine.data.sync.timeout.retry = -1 (default)
2019-09-12 10:19:36,889 [pool-49-thread-1] INFO  server.RaftServerConfigKeys (ConfUtils.java:logGet(43)) - raft.server.log.statemachine.data.caching.enabled = true (custom)
2019-09-12 10:19:36,889 [pool-49-thread-1] INFO  segmented.SegmentedRaftLogWorker (SegmentedRaftLogWorker.java:lambda$new$0(132)) - fed03dd0-19ae-4d47-80df-f7b6c0cc818c-SegmentedRaftLogWorker:Storage Directory /workdir/hadoop-ozone/integration-test/target/test-dir/MiniOzoneClusterImpl-4d5e9512-7d5a-42a1-8e37-0d9e9dd50ba8/datanode-2/data/ratis/bbec090b-bb9a-45b6-91c6-d72f2e612ff5: flushIndex: setUnconditionally 0 -> -1
2019-09-12 10:19:36,889 [pool-49-thread-1] INFO  server.RaftServerConfigKeys (ConfUtils.java:logGet(43)) - raft.server.snapshot.auto.trigger.enabled = true (custom)
2019-09-12 10:19:36,889 [pool-49-thread-1] INFO  server.RaftServerConfigKeys (ConfUtils.java:logGet(43)) - raft.server.snapshot.auto.trigger.threshold = 10000 (custom)
2019-09-12 10:19:36,890 [pool-49-thread-1] INFO  server.RaftServerConfigKeys (ConfUtils.java:logGet(43)) - raft.server.retrycache.expirytime = 600000ms (custom)
2019-09-12 10:19:36,890 [pool-49-thread-1] INFO  impl.RaftServerImpl (RaftServerImpl.java:start(180)) - fed03dd0-19ae-4d47-80df-f7b6c0cc818c: start group-D72F2E612FF5
2019-09-12 10:19:36,890 [pool-49-thread-1] INFO  impl.RaftServerImpl (RaftServerImpl.java:setRole(171)) - fed03dd0-19ae-4d47-80df-f7b6c0cc818c:group-D72F2E612FF5 changes role from null to FOLLOWER at term 0 for startAsFollower
2019-09-12 10:19:36,890 [pool-49-thread-1] INFO  impl.RoleInfo (RoleInfo.java:updateAndGet(143)) - fed03dd0-19ae-4d47-80df-f7b6c0cc818c: start FollowerState
2019-09-12 10:19:36,890 [pool-49-thread-1] INFO  util.JmxRegister (JmxRegister.java:tryRegister(44)) - Successfully registered JMX Bean with object name Ratis:service=RaftServer,group=group-D72F2E612FF5,id=fed03dd0-19ae-4d47-80df-f7b6c0cc818c
2019-09-12 10:19:36,900 [RatisPipelineUtilsThread] INFO  pipeline.PipelineStateManager (PipelineStateManager.java:addPipeline(56)) - Created pipeline Pipeline[ Id: bbec090b-bb9a-45b6-91c6-d72f2e612ff5, Nodes: fed03dd0-19ae-4d47-80df-f7b6c0cc818c{ip: 192.168.157.195, host: pr-hdds-1569-xtfnx-3545843844, networkLocation: /default-rack, certSerialId: null}, Type:RATIS, Factor:ONE, State:OPEN]
2019-09-12 10:19:36,915 [grpc-default-executor-0] INFO  impl.RaftServerProxy (RaftServerProxy.java:addNew(89)) - fed03dd0-19ae-4d47-80df-f7b6c0cc818c: addNew group-30D1D8DCDB2C:[fed03dd0-19ae-4d47-80df-f7b6c0cc818c:192.168.157.195:40326] returns group-30D1D8DCDB2C:java.util.concurrent.CompletableFuture@55307819[Not completed]
2019-09-12 10:19:36,917 [pool-49-thread-1] INFO  impl.RaftServerImpl (RaftServerImpl.java:<init>(93)) - fed03dd0-19ae-4d47-80df-f7b6c0cc818c: new RaftServerImpl for group-30D1D8DCDB2C:[fed03dd0-19ae-4d47-80df-f7b6c0cc818c:192.168.157.195:40326] with ContainerStateMachine:uninitialized
2019-09-12 10:19:36,917 [pool-49-thread-1] INFO  server.RaftServerConfigKeys (ConfUtils.java:logGet(43)) - raft.server.rpc.timeout.min = 5s (custom)
2019-09-12 10:19:36,917 [pool-49-thread-1] INFO  server.RaftServerConfigKeys (ConfUtils.java:logGet(43)) - raft.server.rpc.timeout.max = 5200ms (custom)
2019-09-12 10:19:36,917 [pool-49-thread-1] INFO  server.RaftServerConfigKeys (ConfUtils.java:logGet(43)) - raft.server.rpcslowness.timeout = 120s (custom)
2019-09-12 10:19:36,917 [pool-49-thread-1] INFO  server.RaftServerConfigKeys (ConfUtils.java:logGet(43)) - raft.server.sleep.deviation.threshold = 300 (default)
2019-09-12 10:19:36,917 [pool-49-thread-1] INFO  server.RaftServerConfigKeys (ConfUtils.java:logGet(43)) - raft.server.log.appender.install.snapshot.enabled = false (custom)
2019-09-12 10:19:36,917 [pool-49-thread-1] INFO  impl.RaftServerImpl (ServerState.java:<init>(105)) - fed03dd0-19ae-4d47-80df-f7b6c0cc818c:group-30D1D8DCDB2C ConfigurationManager, init=-1: [fed03dd0-19ae-4d47-80df-f7b6c0cc818c:192.168.157.195:40326], old=null, confs=<EMPTY_MAP>
2019-09-12 10:19:36,917 [pool-49-thread-1] INFO  server.RaftServerConfigKeys (ConfUtils.java:logGet(43)) - raft.server.storage.dir = [/workdir/hadoop-ozone/integration-test/target/test-dir/MiniOzoneClusterImpl-4d5e9512-7d5a-42a1-8e37-0d9e9dd50ba8/datanode-2/data/ratis] (custom)
2019-09-12 10:19:36,918 [pool-49-thread-1] INFO  storage.RaftStorageDirectory (RaftStorageDirectory.java:analyzeStorage(246)) - The storage directory /workdir/hadoop-ozone/integration-test/target/test-dir/MiniOzoneClusterImpl-4d5e9512-7d5a-42a1-8e37-0d9e9dd50ba8/datanode-2/data/ratis/c40d1993-10b5-4f50-8633-30d1d8dcdb2c does not exist. Creating ...
2019-09-12 10:19:36,923 [main] INFO  ozone.MiniOzoneClusterImpl (MiniOzoneClusterImpl.java:lambda$waitForClusterToBeReady$0(142)) - Cluster is ready. Got 3 of 3 DN Heartbeats.
2019-09-12 10:19:36,931 [pool-49-thread-1] INFO  storage.RaftStorageDirectory (RaftStorageDirectory.java:tryLock(328)) - Lock on /workdir/hadoop-ozone/integration-test/target/test-dir/MiniOzoneClusterImpl-4d5e9512-7d5a-42a1-8e37-0d9e9dd50ba8/datanode-2/data/ratis/c40d1993-10b5-4f50-8633-30d1d8dcdb2c/in_use.lock acquired by nodename 9433@pr-hdds-1569-xtfnx-3545843844
2019-09-12 10:19:36,944 [pool-49-thread-1] INFO  storage.RaftStorage (RaftStorage.java:format(72)) - Storage directory /workdir/hadoop-ozone/integration-test/target/test-dir/MiniOzoneClusterImpl-4d5e9512-7d5a-42a1-8e37-0d9e9dd50ba8/datanode-2/data/ratis/c40d1993-10b5-4f50-8633-30d1d8dcdb2c has been successfully formatted.
2019-09-12 10:19:36,944 [pool-49-thread-1] INFO  ratis.ContainerStateMachine (ContainerStateMachine.java:loadSnapshot(226)) - group-30D1D8DCDB2C: The snapshot info is null. Setting the last applied indexto:(t:0, i:~)
2019-09-12 10:19:36,944 [pool-49-thread-1] INFO  server.RaftServerConfigKeys (ConfUtils.java:logGet(43)) - raft.server.leader.election.timeout = 120s (custom)
2019-09-12 10:19:36,944 [pool-49-thread-1] INFO  server.RaftServerConfigKeys (ConfUtils.java:logGet(43)) - raft.server.log.use.memory = false (default)
2019-09-12 10:19:36,944 [pool-49-thread-1] INFO  server.RaftServerConfigKeys (ConfUtils.java:logGet(43)) - raft.server.log.purge.gap = 1000000 (custom)
2019-09-12 10:19:36,945 [pool-49-thread-1] INFO  server.RaftServerConfigKeys (ConfUtils.java:logGet(43)) - raft.server.log.appender.buffer.byte-limit = 33554432 (custom)
2019-09-12 10:19:36,945 [pool-49-thread-1] INFO  server.RaftServerConfigKeys (ConfUtils.java:logGet(43)) - raft.server.log.segment.size.max = 1048576 (custom)
2019-09-12 10:19:36,945 [pool-49-thread-1] INFO  server.RaftServerConfigKeys (ConfUtils.java:logGet(43)) - raft.server.log.segment.cache.num.max = 2 (custom)
2019-09-12 10:19:36,945 [pool-49-thread-1] INFO  segmented.SegmentedRaftLogWorker (SegmentedRaftLogWorker.java:<init>(172)) - new fed03dd0-19ae-4d47-80df-f7b6c0cc818c-SegmentedRaftLogWorker:Storage Directory /workdir/hadoop-ozone/integration-test/target/test-dir/MiniOzoneClusterImpl-4d5e9512-7d5a-42a1-8e37-0d9e9dd50ba8/datanode-2/data/ratis/c40d1993-10b5-4f50-8633-30d1d8dcdb2c for RaftStorage:Storage Directory /workdir/hadoop-ozone/integration-test/target/test-dir/MiniOzoneClusterImpl-4d5e9512-7d5a-42a1-8e37-0d9e9dd50ba8/datanode-2/data/ratis/c40d1993-10b5-4f50-8633-30d1d8dcdb2c
2019-09-12 10:19:36,945 [pool-49-thread-1] INFO  server.RaftServerConfigKeys (ConfUtils.java:logGet(43)) - raft.server.log.queue.byte-limit = 2147483647 (custom)
2019-09-12 10:19:36,945 [pool-49-thread-1] INFO  server.RaftServerConfigKeys (ConfUtils.java:logGet(43)) - raft.server.log.queue.element-limit = 1024 (custom)
2019-09-12 10:19:36,946 [pool-49-thread-1] INFO  server.RaftServerConfigKeys (ConfUtils.java:logGet(43)) - raft.server.log.segment.size.max = 1048576 (custom)
2019-09-12 10:19:36,946 [pool-49-thread-1] INFO  server.RaftServerConfigKeys (ConfUtils.java:logGet(43)) - raft.server.log.preallocated.size = 16384 (custom)
2019-09-12 10:19:36,946 [pool-49-thread-1] INFO  server.RaftServerConfigKeys (ConfUtils.java:logGet(43)) - raft.server.log.write.buffer.size = 33554432 (custom)
2019-09-12 10:19:36,946 [pool-49-thread-1] INFO  server.RaftServerConfigKeys (ConfUtils.java:logGet(43)) - raft.server.log.force.sync.num = 128 (default)
2019-09-12 10:19:36,946 [pool-49-thread-1] INFO  server.RaftServerConfigKeys (ConfUtils.java:logGet(43)) - raft.server.log.statemachine.data.sync = true (default)
2019-09-12 10:19:36,946 [pool-49-thread-1] INFO  server.RaftServerConfigKeys (ConfUtils.java:logGet(43)) - raft.server.log.statemachine.data.sync.timeout = 10s (default)
2019-09-12 10:19:36,946 [pool-49-thread-1] INFO  server.RaftServerConfigKeys (ConfUtils.java:logGet(43)) - raft.server.log.statemachine.data.sync.timeout.retry = -1 (default)
2019-09-12 10:19:36,947 [pool-49-thread-1] INFO  server.RaftServerConfigKeys (ConfUtils.java:logGet(43)) - raft.server.log.statemachine.data.caching.enabled = true (custom)
2019-09-12 10:19:36,947 [pool-49-thread-1] INFO  segmented.SegmentedRaftLogWorker (SegmentedRaftLogWorker.java:lambda$new$0(132)) - fed03dd0-19ae-4d47-80df-f7b6c0cc818c-SegmentedRaftLogWorker:Storage Directory /workdir/hadoop-ozone/integration-test/target/test-dir/MiniOzoneClusterImpl-4d5e9512-7d5a-42a1-8e37-0d9e9dd50ba8/datanode-2/data/ratis/c40d1993-10b5-4f50-8633-30d1d8dcdb2c: flushIndex: setUnconditionally 0 -> -1
2019-09-12 10:19:36,947 [pool-49-thread-1] INFO  server.RaftServerConfigKeys (ConfUtils.java:logGet(43)) - raft.server.snapshot.auto.trigger.enabled = true (custom)
2019-09-12 10:19:36,947 [pool-49-thread-1] INFO  server.RaftServerConfigKeys (ConfUtils.java:logGet(43)) - raft.server.snapshot.auto.trigger.threshold = 10000 (custom)
2019-09-12 10:19:36,948 [pool-49-thread-1] INFO  server.RaftServerConfigKeys (ConfUtils.java:logGet(43)) - raft.server.retrycache.expirytime = 600000ms (custom)
2019-09-12 10:19:36,948 [pool-49-thread-1] INFO  impl.RaftServerImpl (RaftServerImpl.java:start(180)) - fed03dd0-19ae-4d47-80df-f7b6c0cc818c: start group-30D1D8DCDB2C
2019-09-12 10:19:36,948 [pool-49-thread-1] INFO  impl.RaftServerImpl (RaftServerImpl.java:setRole(171)) - fed03dd0-19ae-4d47-80df-f7b6c0cc818c:group-30D1D8DCDB2C changes role from null to FOLLOWER at term 0 for startAsFollower
2019-09-12 10:19:36,948 [pool-49-thread-1] INFO  impl.RoleInfo (RoleInfo.java:updateAndGet(143)) - fed03dd0-19ae-4d47-80df-f7b6c0cc818c: start FollowerState
2019-09-12 10:19:36,948 [pool-49-thread-1] INFO  util.JmxRegister (JmxRegister.java:tryRegister(44)) - Successfully registered JMX Bean with object name Ratis:service=RaftServer,group=group-30D1D8DCDB2C,id=fed03dd0-19ae-4d47-80df-f7b6c0cc818c
2019-09-12 10:19:36,959 [RatisPipelineUtilsThread] INFO  pipeline.PipelineStateManager (PipelineStateManager.java:addPipeline(56)) - Created pipeline Pipeline[ Id: c40d1993-10b5-4f50-8633-30d1d8dcdb2c, Nodes: fed03dd0-19ae-4d47-80df-f7b6c0cc818c{ip: 192.168.157.195, host: pr-hdds-1569-xtfnx-3545843844, networkLocation: /default-rack, certSerialId: null}, Type:RATIS, Factor:ONE, State:OPEN]
2019-09-12 10:19:36,975 [grpc-default-executor-0] INFO  impl.RaftServerProxy (RaftServerProxy.java:addNew(89)) - b23f64d4-8020-446d-bbe2-842f6640ef38: addNew group-81D4432F86A1:[b23f64d4-8020-446d-bbe2-842f6640ef38:192.168.157.195:44376] returns group-81D4432F86A1:java.util.concurrent.CompletableFuture@af5c7a0[Not completed]
2019-09-12 10:19:36,977 [pool-27-thread-1] INFO  impl.RaftServerImpl (RaftServerImpl.java:<init>(93)) - b23f64d4-8020-446d-bbe2-842f6640ef38: new RaftServerImpl for group-81D4432F86A1:[b23f64d4-8020-446d-bbe2-842f6640ef38:192.168.157.195:44376] with ContainerStateMachine:uninitialized
2019-09-12 10:19:36,977 [pool-27-thread-1] INFO  server.RaftServerConfigKeys (ConfUtils.java:logGet(43)) - raft.server.rpc.timeout.min = 5s (custom)
2019-09-12 10:19:36,977 [pool-27-thread-1] INFO  server.RaftServerConfigKeys (ConfUtils.java:logGet(43)) - raft.server.rpc.timeout.max = 5200ms (custom)
2019-09-12 10:19:36,977 [pool-27-thread-1] INFO  server.RaftServerConfigKeys (ConfUtils.java:logGet(43)) - raft.server.rpcslowness.timeout = 120s (custom)
2019-09-12 10:19:36,977 [pool-27-thread-1] INFO  server.RaftServerConfigKeys (ConfUtils.java:logGet(43)) - raft.server.sleep.deviation.threshold = 300 (default)
2019-09-12 10:19:36,978 [pool-27-thread-1] INFO  server.RaftServerConfigKeys (ConfUtils.java:logGet(43)) - raft.server.log.appender.install.snapshot.enabled = false (custom)
2019-09-12 10:19:36,978 [pool-27-thread-1] INFO  impl.RaftServerImpl (ServerState.java:<init>(105)) - b23f64d4-8020-446d-bbe2-842f6640ef38:group-81D4432F86A1 ConfigurationManager, init=-1: [b23f64d4-8020-446d-bbe2-842f6640ef38:192.168.157.195:44376], old=null, confs=<EMPTY_MAP>
2019-09-12 10:19:36,978 [pool-27-thread-1] INFO  server.RaftServerConfigKeys (ConfUtils.java:logGet(43)) - raft.server.storage.dir = [/workdir/hadoop-ozone/integration-test/target/test-dir/MiniOzoneClusterImpl-4d5e9512-7d5a-42a1-8e37-0d9e9dd50ba8/datanode-0/data/ratis] (custom)
2019-09-12 10:19:36,978 [pool-27-thread-1] INFO  storage.RaftStorageDirectory (RaftStorageDirectory.java:analyzeStorage(246)) - The storage directory /workdir/hadoop-ozone/integration-test/target/test-dir/MiniOzoneClusterImpl-4d5e9512-7d5a-42a1-8e37-0d9e9dd50ba8/datanode-0/data/ratis/7a56fbc4-cc0b-4ed0-8562-81d4432f86a1 does not exist. Creating ...
2019-09-12 10:19:36,991 [pool-27-thread-1] INFO  storage.RaftStorageDirectory (RaftStorageDirectory.java:tryLock(328)) - Lock on /workdir/hadoop-ozone/integration-test/target/test-dir/MiniOzoneClusterImpl-4d5e9512-7d5a-42a1-8e37-0d9e9dd50ba8/datanode-0/data/ratis/7a56fbc4-cc0b-4ed0-8562-81d4432f86a1/in_use.lock acquired by nodename 9433@pr-hdds-1569-xtfnx-3545843844
2019-09-12 10:19:37,005 [pool-27-thread-1] INFO  storage.RaftStorage (RaftStorage.java:format(72)) - Storage directory /workdir/hadoop-ozone/integration-test/target/test-dir/MiniOzoneClusterImpl-4d5e9512-7d5a-42a1-8e37-0d9e9dd50ba8/datanode-0/data/ratis/7a56fbc4-cc0b-4ed0-8562-81d4432f86a1 has been successfully formatted.
2019-09-12 10:19:37,005 [pool-27-thread-1] INFO  ratis.ContainerStateMachine (ContainerStateMachine.java:loadSnapshot(226)) - group-81D4432F86A1: The snapshot info is null. Setting the last applied indexto:(t:0, i:~)
2019-09-12 10:19:37,006 [pool-27-thread-1] INFO  server.RaftServerConfigKeys (ConfUtils.java:logGet(43)) - raft.server.leader.election.timeout = 120s (custom)
2019-09-12 10:19:37,006 [pool-27-thread-1] INFO  server.RaftServerConfigKeys (ConfUtils.java:logGet(43)) - raft.server.log.use.memory = false (default)
2019-09-12 10:19:37,006 [pool-27-thread-1] INFO  server.RaftServerConfigKeys (ConfUtils.java:logGet(43)) - raft.server.log.purge.gap = 1000000 (custom)
2019-09-12 10:19:37,006 [pool-27-thread-1] INFO  server.RaftServerConfigKeys (ConfUtils.java:logGet(43)) - raft.server.log.appender.buffer.byte-limit = 33554432 (custom)
2019-09-12 10:19:37,007 [pool-27-thread-1] INFO  server.RaftServerConfigKeys (ConfUtils.java:logGet(43)) - raft.server.log.segment.size.max = 1048576 (custom)
2019-09-12 10:19:37,007 [pool-27-thread-1] INFO  server.RaftServerConfigKeys (ConfUtils.java:logGet(43)) - raft.server.log.segment.cache.num.max = 2 (custom)
2019-09-12 10:19:37,007 [pool-27-thread-1] INFO  segmented.SegmentedRaftLogWorker (SegmentedRaftLogWorker.java:<init>(172)) - new b23f64d4-8020-446d-bbe2-842f6640ef38-SegmentedRaftLogWorker:Storage Directory /workdir/hadoop-ozone/integration-test/target/test-dir/MiniOzoneClusterImpl-4d5e9512-7d5a-42a1-8e37-0d9e9dd50ba8/datanode-0/data/ratis/7a56fbc4-cc0b-4ed0-8562-81d4432f86a1 for RaftStorage:Storage Directory /workdir/hadoop-ozone/integration-test/target/test-dir/MiniOzoneClusterImpl-4d5e9512-7d5a-42a1-8e37-0d9e9dd50ba8/datanode-0/data/ratis/7a56fbc4-cc0b-4ed0-8562-81d4432f86a1
2019-09-12 10:19:37,007 [pool-27-thread-1] INFO  server.RaftServerConfigKeys (ConfUtils.java:logGet(43)) - raft.server.log.queue.byte-limit = 2147483647 (custom)
2019-09-12 10:19:37,007 [pool-27-thread-1] INFO  server.RaftServerConfigKeys (ConfUtils.java:logGet(43)) - raft.server.log.queue.element-limit = 1024 (custom)
2019-09-12 10:19:37,008 [pool-27-thread-1] INFO  server.RaftServerConfigKeys (ConfUtils.java:logGet(43)) - raft.server.log.segment.size.max = 1048576 (custom)
2019-09-12 10:19:37,008 [pool-27-thread-1] INFO  server.RaftServerConfigKeys (ConfUtils.java:logGet(43)) - raft.server.log.preallocated.size = 16384 (custom)
2019-09-12 10:19:37,008 [pool-27-thread-1] INFO  server.RaftServerConfigKeys (ConfUtils.java:logGet(43)) - raft.server.log.write.buffer.size = 33554432 (custom)
2019-09-12 10:19:37,008 [pool-27-thread-1] INFO  server.RaftServerConfigKeys (ConfUtils.java:logGet(43)) - raft.server.log.force.sync.num = 128 (default)
2019-09-12 10:19:37,009 [pool-27-thread-1] INFO  server.RaftServerConfigKeys (ConfUtils.java:logGet(43)) - raft.server.log.statemachine.data.sync = true (default)
2019-09-12 10:19:37,009 [pool-27-thread-1] INFO  server.RaftServerConfigKeys (ConfUtils.java:logGet(43)) - raft.server.log.statemachine.data.sync.timeout = 10s (default)
2019-09-12 10:19:37,009 [pool-27-thread-1] INFO  server.RaftServerConfigKeys (ConfUtils.java:logGet(43)) - raft.server.log.statemachine.data.sync.timeout.retry = -1 (default)
2019-09-12 10:19:37,009 [pool-27-thread-1] INFO  server.RaftServerConfigKeys (ConfUtils.java:logGet(43)) - raft.server.log.statemachine.data.caching.enabled = true (custom)
2019-09-12 10:19:37,010 [pool-27-thread-1] INFO  segmented.SegmentedRaftLogWorker (SegmentedRaftLogWorker.java:lambda$new$0(132)) - b23f64d4-8020-446d-bbe2-842f6640ef38-SegmentedRaftLogWorker:Storage Directory /workdir/hadoop-ozone/integration-test/target/test-dir/MiniOzoneClusterImpl-4d5e9512-7d5a-42a1-8e37-0d9e9dd50ba8/datanode-0/data/ratis/7a56fbc4-cc0b-4ed0-8562-81d4432f86a1: flushIndex: setUnconditionally 0 -> -1
2019-09-12 10:19:37,010 [pool-27-thread-1] INFO  server.RaftServerConfigKeys (ConfUtils.java:logGet(43)) - raft.server.snapshot.auto.trigger.enabled = true (custom)
2019-09-12 10:19:37,011 [pool-27-thread-1] INFO  server.RaftServerConfigKeys (ConfUtils.java:logGet(43)) - raft.server.snapshot.auto.trigger.threshold = 10000 (custom)
2019-09-12 10:19:37,011 [pool-27-thread-1] INFO  server.RaftServerConfigKeys (ConfUtils.java:logGet(43)) - raft.server.retrycache.expirytime = 600000ms (custom)
2019-09-12 10:19:37,011 [pool-27-thread-1] INFO  impl.RaftServerImpl (RaftServerImpl.java:start(180)) - b23f64d4-8020-446d-bbe2-842f6640ef38: start group-81D4432F86A1
2019-09-12 10:19:37,012 [pool-27-thread-1] INFO  impl.RaftServerImpl (RaftServerImpl.java:setRole(171)) - b23f64d4-8020-446d-bbe2-842f6640ef38:group-81D4432F86A1 changes role from null to FOLLOWER at term 0 for startAsFollower
2019-09-12 10:19:37,012 [pool-27-thread-1] INFO  impl.RoleInfo (RoleInfo.java:updateAndGet(143)) - b23f64d4-8020-446d-bbe2-842f6640ef38: start FollowerState
2019-09-12 10:19:37,012 [pool-27-thread-1] INFO  util.JmxRegister (JmxRegister.java:tryRegister(44)) - Successfully registered JMX Bean with object name Ratis:service=RaftServer,group=group-81D4432F86A1,id=b23f64d4-8020-446d-bbe2-842f6640ef38
2019-09-12 10:19:37,027 [RatisPipelineUtilsThread] INFO  pipeline.PipelineStateManager (PipelineStateManager.java:addPipeline(56)) - Created pipeline Pipeline[ Id: 7a56fbc4-cc0b-4ed0-8562-81d4432f86a1, Nodes: b23f64d4-8020-446d-bbe2-842f6640ef38{ip: 192.168.157.195, host: pr-hdds-1569-xtfnx-3545843844, networkLocation: /default-rack, certSerialId: null}, Type:RATIS, Factor:ONE, State:OPEN]
2019-09-12 10:19:37,047 [grpc-default-executor-0] INFO  impl.RaftServerProxy (RaftServerProxy.java:addNew(89)) - ad4c2123-5d66-4058-a486-75b7e9920b2b: addNew group-CD78CF5FA75D:[ad4c2123-5d66-4058-a486-75b7e9920b2b:192.168.157.195:38581] returns group-CD78CF5FA75D:java.util.concurrent.CompletableFuture@55f80cd5[Not completed]
2019-09-12 10:19:37,050 [pool-38-thread-1] INFO  impl.RaftServerImpl (RaftServerImpl.java:<init>(93)) - ad4c2123-5d66-4058-a486-75b7e9920b2b: new RaftServerImpl for group-CD78CF5FA75D:[ad4c2123-5d66-4058-a486-75b7e9920b2b:192.168.157.195:38581] with ContainerStateMachine:uninitialized
2019-09-12 10:19:37,050 [pool-38-thread-1] INFO  server.RaftServerConfigKeys (ConfUtils.java:logGet(43)) - raft.server.rpc.timeout.min = 5s (custom)
2019-09-12 10:19:37,050 [pool-38-thread-1] INFO  server.RaftServerConfigKeys (ConfUtils.java:logGet(43)) - raft.server.rpc.timeout.max = 5200ms (custom)
2019-09-12 10:19:37,050 [pool-38-thread-1] INFO  server.RaftServerConfigKeys (ConfUtils.java:logGet(43)) - raft.server.rpcslowness.timeout = 120s (custom)
2019-09-12 10:19:37,051 [pool-38-thread-1] INFO  server.RaftServerConfigKeys (ConfUtils.java:logGet(43)) - raft.server.sleep.deviation.threshold = 300 (default)
2019-09-12 10:19:37,051 [pool-38-thread-1] INFO  server.RaftServerConfigKeys (ConfUtils.java:logGet(43)) - raft.server.log.appender.install.snapshot.enabled = false (custom)
2019-09-12 10:19:37,051 [pool-38-thread-1] INFO  impl.RaftServerImpl (ServerState.java:<init>(105)) - ad4c2123-5d66-4058-a486-75b7e9920b2b:group-CD78CF5FA75D ConfigurationManager, init=-1: [ad4c2123-5d66-4058-a486-75b7e9920b2b:192.168.157.195:38581], old=null, confs=<EMPTY_MAP>
2019-09-12 10:19:37,051 [pool-38-thread-1] INFO  server.RaftServerConfigKeys (ConfUtils.java:logGet(43)) - raft.server.storage.dir = [/workdir/hadoop-ozone/integration-test/target/test-dir/MiniOzoneClusterImpl-4d5e9512-7d5a-42a1-8e37-0d9e9dd50ba8/datanode-1/data/ratis] (custom)
2019-09-12 10:19:37,052 [pool-38-thread-1] INFO  storage.RaftStorageDirectory (RaftStorageDirectory.java:analyzeStorage(246)) - The storage directory /workdir/hadoop-ozone/integration-test/target/test-dir/MiniOzoneClusterImpl-4d5e9512-7d5a-42a1-8e37-0d9e9dd50ba8/datanode-1/data/ratis/d80c7c98-e1d1-4559-8e59-cd78cf5fa75d does not exist. Creating ...
2019-09-12 10:19:37,065 [pool-38-thread-1] INFO  storage.RaftStorageDirectory (RaftStorageDirectory.java:tryLock(328)) - Lock on /workdir/hadoop-ozone/integration-test/target/test-dir/MiniOzoneClusterImpl-4d5e9512-7d5a-42a1-8e37-0d9e9dd50ba8/datanode-1/data/ratis/d80c7c98-e1d1-4559-8e59-cd78cf5fa75d/in_use.lock acquired by nodename 9433@pr-hdds-1569-xtfnx-3545843844
2019-09-12 10:19:37,079 [pool-38-thread-1] INFO  storage.RaftStorage (RaftStorage.java:format(72)) - Storage directory /workdir/hadoop-ozone/integration-test/target/test-dir/MiniOzoneClusterImpl-4d5e9512-7d5a-42a1-8e37-0d9e9dd50ba8/datanode-1/data/ratis/d80c7c98-e1d1-4559-8e59-cd78cf5fa75d has been successfully formatted.
2019-09-12 10:19:37,079 [pool-38-thread-1] INFO  ratis.ContainerStateMachine (ContainerStateMachine.java:loadSnapshot(226)) - group-CD78CF5FA75D: The snapshot info is null. Setting the last applied indexto:(t:0, i:~)
2019-09-12 10:19:37,079 [pool-38-thread-1] INFO  server.RaftServerConfigKeys (ConfUtils.java:logGet(43)) - raft.server.leader.election.timeout = 120s (custom)
2019-09-12 10:19:37,079 [pool-38-thread-1] INFO  server.RaftServerConfigKeys (ConfUtils.java:logGet(43)) - raft.server.log.use.memory = false (default)
2019-09-12 10:19:37,080 [pool-38-thread-1] INFO  server.RaftServerConfigKeys (ConfUtils.java:logGet(43)) - raft.server.log.purge.gap = 1000000 (custom)
2019-09-12 10:19:37,080 [pool-38-thread-1] INFO  server.RaftServerConfigKeys (ConfUtils.java:logGet(43)) - raft.server.log.appender.buffer.byte-limit = 33554432 (custom)
2019-09-12 10:19:37,080 [pool-38-thread-1] INFO  server.RaftServerConfigKeys (ConfUtils.java:logGet(43)) - raft.server.log.segment.size.max = 1048576 (custom)
2019-09-12 10:19:37,080 [pool-38-thread-1] INFO  server.RaftServerConfigKeys (ConfUtils.java:logGet(43)) - raft.server.log.segment.cache.num.max = 2 (custom)
2019-09-12 10:19:37,080 [pool-38-thread-1] INFO  segmented.SegmentedRaftLogWorker (SegmentedRaftLogWorker.java:<init>(172)) - new ad4c2123-5d66-4058-a486-75b7e9920b2b-SegmentedRaftLogWorker:Storage Directory /workdir/hadoop-ozone/integration-test/target/test-dir/MiniOzoneClusterImpl-4d5e9512-7d5a-42a1-8e37-0d9e9dd50ba8/datanode-1/data/ratis/d80c7c98-e1d1-4559-8e59-cd78cf5fa75d for RaftStorage:Storage Directory /workdir/hadoop-ozone/integration-test/target/test-dir/MiniOzoneClusterImpl-4d5e9512-7d5a-42a1-8e37-0d9e9dd50ba8/datanode-1/data/ratis/d80c7c98-e1d1-4559-8e59-cd78cf5fa75d
2019-09-12 10:19:37,080 [pool-38-thread-1] INFO  server.RaftServerConfigKeys (ConfUtils.java:logGet(43)) - raft.server.log.queue.byte-limit = 2147483647 (custom)
2019-09-12 10:19:37,081 [pool-38-thread-1] INFO  server.RaftServerConfigKeys (ConfUtils.java:logGet(43)) - raft.server.log.queue.element-limit = 1024 (custom)
2019-09-12 10:19:37,081 [pool-38-thread-1] INFO  server.RaftServerConfigKeys (ConfUtils.java:logGet(43)) - raft.server.log.segment.size.max = 1048576 (custom)
2019-09-12 10:19:37,081 [pool-38-thread-1] INFO  server.RaftServerConfigKeys (ConfUtils.java:logGet(43)) - raft.server.log.preallocated.size = 16384 (custom)
2019-09-12 10:19:37,081 [pool-38-thread-1] INFO  server.RaftServerConfigKeys (ConfUtils.java:logGet(43)) - raft.server.log.write.buffer.size = 33554432 (custom)
2019-09-12 10:19:37,081 [pool-38-thread-1] INFO  server.RaftServerConfigKeys (ConfUtils.java:logGet(43)) - raft.server.log.force.sync.num = 128 (default)
2019-09-12 10:19:37,081 [pool-38-thread-1] INFO  server.RaftServerConfigKeys (ConfUtils.java:logGet(43)) - raft.server.log.statemachine.data.sync = true (default)
2019-09-12 10:19:37,082 [pool-38-thread-1] INFO  server.RaftServerConfigKeys (ConfUtils.java:logGet(43)) - raft.server.log.statemachine.data.sync.timeout = 10s (default)
2019-09-12 10:19:37,082 [pool-38-thread-1] INFO  server.RaftServerConfigKeys (ConfUtils.java:logGet(43)) - raft.server.log.statemachine.data.sync.timeout.retry = -1 (default)
2019-09-12 10:19:37,082 [pool-38-thread-1] INFO  server.RaftServerConfigKeys (ConfUtils.java:logGet(43)) - raft.server.log.statemachine.data.caching.enabled = true (custom)
2019-09-12 10:19:37,082 [pool-38-thread-1] INFO  segmented.SegmentedRaftLogWorker (SegmentedRaftLogWorker.java:lambda$new$0(132)) - ad4c2123-5d66-4058-a486-75b7e9920b2b-SegmentedRaftLogWorker:Storage Directory /workdir/hadoop-ozone/integration-test/target/test-dir/MiniOzoneClusterImpl-4d5e9512-7d5a-42a1-8e37-0d9e9dd50ba8/datanode-1/data/ratis/d80c7c98-e1d1-4559-8e59-cd78cf5fa75d: flushIndex: setUnconditionally 0 -> -1
2019-09-12 10:19:37,083 [pool-38-thread-1] INFO  server.RaftServerConfigKeys (ConfUtils.java:logGet(43)) - raft.server.snapshot.auto.trigger.enabled = true (custom)
2019-09-12 10:19:37,083 [pool-38-thread-1] INFO  server.RaftServerConfigKeys (ConfUtils.java:logGet(43)) - raft.server.snapshot.auto.trigger.threshold = 10000 (custom)
2019-09-12 10:19:37,083 [pool-38-thread-1] INFO  server.RaftServerConfigKeys (ConfUtils.java:logGet(43)) - raft.server.retrycache.expirytime = 600000ms (custom)
2019-09-12 10:19:37,084 [pool-38-thread-1] INFO  impl.RaftServerImpl (RaftServerImpl.java:start(180)) - ad4c2123-5d66-4058-a486-75b7e9920b2b: start group-CD78CF5FA75D
2019-09-12 10:19:37,084 [pool-38-thread-1] INFO  impl.RaftServerImpl (RaftServerImpl.java:setRole(171)) - ad4c2123-5d66-4058-a486-75b7e9920b2b:group-CD78CF5FA75D changes role from null to FOLLOWER at term 0 for startAsFollower
2019-09-12 10:19:37,084 [pool-38-thread-1] INFO  impl.RoleInfo (RoleInfo.java:updateAndGet(143)) - ad4c2123-5d66-4058-a486-75b7e9920b2b: start FollowerState
2019-09-12 10:19:37,084 [pool-38-thread-1] INFO  util.JmxRegister (JmxRegister.java:tryRegister(44)) - Successfully registered JMX Bean with object name Ratis:service=RaftServer,group=group-CD78CF5FA75D,id=ad4c2123-5d66-4058-a486-75b7e9920b2b
2019-09-12 10:19:37,094 [RatisPipelineUtilsThread] INFO  pipeline.PipelineStateManager (PipelineStateManager.java:addPipeline(56)) - Created pipeline Pipeline[ Id: d80c7c98-e1d1-4559-8e59-cd78cf5fa75d, Nodes: ad4c2123-5d66-4058-a486-75b7e9920b2b{ip: 192.168.157.195, host: pr-hdds-1569-xtfnx-3545843844, networkLocation: /default-rack, certSerialId: null}, Type:RATIS, Factor:ONE, State:OPEN]
2019-09-12 10:19:37,113 [grpc-default-executor-0] INFO  impl.RaftServerProxy (RaftServerProxy.java:addNew(89)) - b23f64d4-8020-446d-bbe2-842f6640ef38: addNew group-7E40CF89D2E8:[b23f64d4-8020-446d-bbe2-842f6640ef38:192.168.157.195:44376] returns group-7E40CF89D2E8:java.util.concurrent.CompletableFuture@74d08482[Not completed]
2019-09-12 10:19:37,115 [pool-27-thread-1] INFO  impl.RaftServerImpl (RaftServerImpl.java:<init>(93)) - b23f64d4-8020-446d-bbe2-842f6640ef38: new RaftServerImpl for group-7E40CF89D2E8:[b23f64d4-8020-446d-bbe2-842f6640ef38:192.168.157.195:44376] with ContainerStateMachine:uninitialized
2019-09-12 10:19:37,115 [pool-27-thread-1] INFO  server.RaftServerConfigKeys (ConfUtils.java:logGet(43)) - raft.server.rpc.timeout.min = 5s (custom)
2019-09-12 10:19:37,115 [pool-27-thread-1] INFO  server.RaftServerConfigKeys (ConfUtils.java:logGet(43)) - raft.server.rpc.timeout.max = 5200ms (custom)
2019-09-12 10:19:37,116 [pool-27-thread-1] INFO  server.RaftServerConfigKeys (ConfUtils.java:logGet(43)) - raft.server.rpcslowness.timeout = 120s (custom)
2019-09-12 10:19:37,116 [pool-27-thread-1] INFO  server.RaftServerConfigKeys (ConfUtils.java:logGet(43)) - raft.server.sleep.deviation.threshold = 300 (default)
2019-09-12 10:19:37,116 [pool-27-thread-1] INFO  server.RaftServerConfigKeys (ConfUtils.java:logGet(43)) - raft.server.log.appender.install.snapshot.enabled = false (custom)
2019-09-12 10:19:37,116 [pool-27-thread-1] INFO  impl.RaftServerImpl (ServerState.java:<init>(105)) - b23f64d4-8020-446d-bbe2-842f6640ef38:group-7E40CF89D2E8 ConfigurationManager, init=-1: [b23f64d4-8020-446d-bbe2-842f6640ef38:192.168.157.195:44376], old=null, confs=<EMPTY_MAP>
2019-09-12 10:19:37,116 [pool-27-thread-1] INFO  server.RaftServerConfigKeys (ConfUtils.java:logGet(43)) - raft.server.storage.dir = [/workdir/hadoop-ozone/integration-test/target/test-dir/MiniOzoneClusterImpl-4d5e9512-7d5a-42a1-8e37-0d9e9dd50ba8/datanode-0/data/ratis] (custom)
2019-09-12 10:19:37,117 [pool-27-thread-1] INFO  storage.RaftStorageDirectory (RaftStorageDirectory.java:analyzeStorage(246)) - The storage directory /workdir/hadoop-ozone/integration-test/target/test-dir/MiniOzoneClusterImpl-4d5e9512-7d5a-42a1-8e37-0d9e9dd50ba8/datanode-0/data/ratis/4303004c-102c-4c50-8ce8-7e40cf89d2e8 does not exist. Creating ...
2019-09-12 10:19:37,130 [pool-27-thread-1] INFO  storage.RaftStorageDirectory (RaftStorageDirectory.java:tryLock(328)) - Lock on /workdir/hadoop-ozone/integration-test/target/test-dir/MiniOzoneClusterImpl-4d5e9512-7d5a-42a1-8e37-0d9e9dd50ba8/datanode-0/data/ratis/4303004c-102c-4c50-8ce8-7e40cf89d2e8/in_use.lock acquired by nodename 9433@pr-hdds-1569-xtfnx-3545843844
2019-09-12 10:19:37,145 [pool-27-thread-1] INFO  storage.RaftStorage (RaftStorage.java:format(72)) - Storage directory /workdir/hadoop-ozone/integration-test/target/test-dir/MiniOzoneClusterImpl-4d5e9512-7d5a-42a1-8e37-0d9e9dd50ba8/datanode-0/data/ratis/4303004c-102c-4c50-8ce8-7e40cf89d2e8 has been successfully formatted.
2019-09-12 10:19:37,145 [pool-27-thread-1] INFO  ratis.ContainerStateMachine (ContainerStateMachine.java:loadSnapshot(226)) - group-7E40CF89D2E8: The snapshot info is null. Setting the last applied indexto:(t:0, i:~)
2019-09-12 10:19:37,145 [pool-27-thread-1] INFO  server.RaftServerConfigKeys (ConfUtils.java:logGet(43)) - raft.server.leader.election.timeout = 120s (custom)
2019-09-12 10:19:37,146 [pool-27-thread-1] INFO  server.RaftServerConfigKeys (ConfUtils.java:logGet(43)) - raft.server.log.use.memory = false (default)
2019-09-12 10:19:37,146 [pool-27-thread-1] INFO  server.RaftServerConfigKeys (ConfUtils.java:logGet(43)) - raft.server.log.purge.gap = 1000000 (custom)
2019-09-12 10:19:37,146 [pool-27-thread-1] INFO  server.RaftServerConfigKeys (ConfUtils.java:logGet(43)) - raft.server.log.appender.buffer.byte-limit = 33554432 (custom)
2019-09-12 10:19:37,146 [pool-27-thread-1] INFO  server.RaftServerConfigKeys (ConfUtils.java:logGet(43)) - raft.server.log.segment.size.max = 1048576 (custom)
2019-09-12 10:19:37,146 [pool-27-thread-1] INFO  server.RaftServerConfigKeys (ConfUtils.java:logGet(43)) - raft.server.log.segment.cache.num.max = 2 (custom)
2019-09-12 10:19:37,147 [pool-27-thread-1] INFO  segmented.SegmentedRaftLogWorker (SegmentedRaftLogWorker.java:<init>(172)) - new b23f64d4-8020-446d-bbe2-842f6640ef38-SegmentedRaftLogWorker:Storage Directory /workdir/hadoop-ozone/integration-test/target/test-dir/MiniOzoneClusterImpl-4d5e9512-7d5a-42a1-8e37-0d9e9dd50ba8/datanode-0/data/ratis/4303004c-102c-4c50-8ce8-7e40cf89d2e8 for RaftStorage:Storage Directory /workdir/hadoop-ozone/integration-test/target/test-dir/MiniOzoneClusterImpl-4d5e9512-7d5a-42a1-8e37-0d9e9dd50ba8/datanode-0/data/ratis/4303004c-102c-4c50-8ce8-7e40cf89d2e8
2019-09-12 10:19:37,147 [pool-27-thread-1] INFO  server.RaftServerConfigKeys (ConfUtils.java:logGet(43)) - raft.server.log.queue.byte-limit = 2147483647 (custom)
2019-09-12 10:19:37,147 [pool-27-thread-1] INFO  server.RaftServerConfigKeys (ConfUtils.java:logGet(43)) - raft.server.log.queue.element-limit = 1024 (custom)
2019-09-12 10:19:37,147 [pool-27-thread-1] INFO  server.RaftServerConfigKeys (ConfUtils.java:logGet(43)) - raft.server.log.segment.size.max = 1048576 (custom)
2019-09-12 10:19:37,148 [pool-27-thread-1] INFO  server.RaftServerConfigKeys (ConfUtils.java:logGet(43)) - raft.server.log.preallocated.size = 16384 (custom)
2019-09-12 10:19:37,148 [pool-27-thread-1] INFO  server.RaftServerConfigKeys (ConfUtils.java:logGet(43)) - raft.server.log.write.buffer.size = 33554432 (custom)
2019-09-12 10:19:37,148 [pool-27-thread-1] INFO  server.RaftServerConfigKeys (ConfUtils.java:logGet(43)) - raft.server.log.force.sync.num = 128 (default)
2019-09-12 10:19:37,148 [pool-27-thread-1] INFO  server.RaftServerConfigKeys (ConfUtils.java:logGet(43)) - raft.server.log.statemachine.data.sync = true (default)
2019-09-12 10:19:37,148 [pool-27-thread-1] INFO  server.RaftServerConfigKeys (ConfUtils.java:logGet(43)) - raft.server.log.statemachine.data.sync.timeout = 10s (default)
2019-09-12 10:19:37,148 [pool-27-thread-1] INFO  server.RaftServerConfigKeys (ConfUtils.java:logGet(43)) - raft.server.log.statemachine.data.sync.timeout.retry = -1 (default)
2019-09-12 10:19:37,149 [pool-27-thread-1] INFO  server.RaftServerConfigKeys (ConfUtils.java:logGet(43)) - raft.server.log.statemachine.data.caching.enabled = true (custom)
2019-09-12 10:19:37,149 [pool-27-thread-1] INFO  segmented.SegmentedRaftLogWorker (SegmentedRaftLogWorker.java:lambda$new$0(132)) - b23f64d4-8020-446d-bbe2-842f6640ef38-SegmentedRaftLogWorker:Storage Directory /workdir/hadoop-ozone/integration-test/target/test-dir/MiniOzoneClusterImpl-4d5e9512-7d5a-42a1-8e37-0d9e9dd50ba8/datanode-0/data/ratis/4303004c-102c-4c50-8ce8-7e40cf89d2e8: flushIndex: setUnconditionally 0 -> -1
2019-09-12 10:19:37,150 [pool-27-thread-1] INFO  server.RaftServerConfigKeys (ConfUtils.java:logGet(43)) - raft.server.snapshot.auto.trigger.enabled = true (custom)
2019-09-12 10:19:37,150 [pool-27-thread-1] INFO  server.RaftServerConfigKeys (ConfUtils.java:logGet(43)) - raft.server.snapshot.auto.trigger.threshold = 10000 (custom)
2019-09-12 10:19:37,150 [pool-27-thread-1] INFO  server.RaftServerConfigKeys (ConfUtils.java:logGet(43)) - raft.server.retrycache.expirytime = 600000ms (custom)
2019-09-12 10:19:37,151 [pool-27-thread-1] INFO  impl.RaftServerImpl (RaftServerImpl.java:start(180)) - b23f64d4-8020-446d-bbe2-842f6640ef38: start group-7E40CF89D2E8
2019-09-12 10:19:37,151 [pool-27-thread-1] INFO  impl.RaftServerImpl (RaftServerImpl.java:setRole(171)) - b23f64d4-8020-446d-bbe2-842f6640ef38:group-7E40CF89D2E8 changes role from null to FOLLOWER at term 0 for startAsFollower
2019-09-12 10:19:37,151 [pool-27-thread-1] INFO  impl.RoleInfo (RoleInfo.java:updateAndGet(143)) - b23f64d4-8020-446d-bbe2-842f6640ef38: start FollowerState
2019-09-12 10:19:37,152 [pool-27-thread-1] INFO  util.JmxRegister (JmxRegister.java:tryRegister(44)) - Successfully registered JMX Bean with object name Ratis:service=RaftServer,group=group-7E40CF89D2E8,id=b23f64d4-8020-446d-bbe2-842f6640ef38
2019-09-12 10:19:37,164 [RatisPipelineUtilsThread] INFO  pipeline.PipelineStateManager (PipelineStateManager.java:addPipeline(56)) - Created pipeline Pipeline[ Id: 4303004c-102c-4c50-8ce8-7e40cf89d2e8, Nodes: b23f64d4-8020-446d-bbe2-842f6640ef38{ip: 192.168.157.195, host: pr-hdds-1569-xtfnx-3545843844, networkLocation: /default-rack, certSerialId: null}, Type:RATIS, Factor:ONE, State:OPEN]
2019-09-12 10:19:37,176 [grpc-default-executor-0] INFO  impl.RaftServerProxy (RaftServerProxy.java:addNew(89)) - b23f64d4-8020-446d-bbe2-842f6640ef38: addNew group-E5B2E53756B4:[b23f64d4-8020-446d-bbe2-842f6640ef38:192.168.157.195:44376] returns group-E5B2E53756B4:java.util.concurrent.CompletableFuture@1094ea39[Not completed]
2019-09-12 10:19:37,178 [pool-27-thread-1] INFO  impl.RaftServerImpl (RaftServerImpl.java:<init>(93)) - b23f64d4-8020-446d-bbe2-842f6640ef38: new RaftServerImpl for group-E5B2E53756B4:[b23f64d4-8020-446d-bbe2-842f6640ef38:192.168.157.195:44376] with ContainerStateMachine:uninitialized
2019-09-12 10:19:37,178 [pool-27-thread-1] INFO  server.RaftServerConfigKeys (ConfUtils.java:logGet(43)) - raft.server.rpc.timeout.min = 5s (custom)
2019-09-12 10:19:37,178 [pool-27-thread-1] INFO  server.RaftServerConfigKeys (ConfUtils.java:logGet(43)) - raft.server.rpc.timeout.max = 5200ms (custom)
2019-09-12 10:19:37,179 [pool-27-thread-1] INFO  server.RaftServerConfigKeys (ConfUtils.java:logGet(43)) - raft.server.rpcslowness.timeout = 120s (custom)
2019-09-12 10:19:37,179 [pool-27-thread-1] INFO  server.RaftServerConfigKeys (ConfUtils.java:logGet(43)) - raft.server.sleep.deviation.threshold = 300 (default)
2019-09-12 10:19:37,179 [pool-27-thread-1] INFO  server.RaftServerConfigKeys (ConfUtils.java:logGet(43)) - raft.server.log.appender.install.snapshot.enabled = false (custom)
2019-09-12 10:19:37,179 [pool-27-thread-1] INFO  impl.RaftServerImpl (ServerState.java:<init>(105)) - b23f64d4-8020-446d-bbe2-842f6640ef38:group-E5B2E53756B4 ConfigurationManager, init=-1: [b23f64d4-8020-446d-bbe2-842f6640ef38:192.168.157.195:44376], old=null, confs=<EMPTY_MAP>
2019-09-12 10:19:37,179 [pool-27-thread-1] INFO  server.RaftServerConfigKeys (ConfUtils.java:logGet(43)) - raft.server.storage.dir = [/workdir/hadoop-ozone/integration-test/target/test-dir/MiniOzoneClusterImpl-4d5e9512-7d5a-42a1-8e37-0d9e9dd50ba8/datanode-0/data/ratis] (custom)
2019-09-12 10:19:37,180 [pool-27-thread-1] INFO  storage.RaftStorageDirectory (RaftStorageDirectory.java:analyzeStorage(246)) - The storage directory /workdir/hadoop-ozone/integration-test/target/test-dir/MiniOzoneClusterImpl-4d5e9512-7d5a-42a1-8e37-0d9e9dd50ba8/datanode-0/data/ratis/729fc883-fd89-4a41-86a1-e5b2e53756b4 does not exist. Creating ...
2019-09-12 10:19:37,193 [pool-27-thread-1] INFO  storage.RaftStorageDirectory (RaftStorageDirectory.java:tryLock(328)) - Lock on /workdir/hadoop-ozone/integration-test/target/test-dir/MiniOzoneClusterImpl-4d5e9512-7d5a-42a1-8e37-0d9e9dd50ba8/datanode-0/data/ratis/729fc883-fd89-4a41-86a1-e5b2e53756b4/in_use.lock acquired by nodename 9433@pr-hdds-1569-xtfnx-3545843844
2019-09-12 10:19:37,210 [pool-27-thread-1] INFO  storage.RaftStorage (RaftStorage.java:format(72)) - Storage directory /workdir/hadoop-ozone/integration-test/target/test-dir/MiniOzoneClusterImpl-4d5e9512-7d5a-42a1-8e37-0d9e9dd50ba8/datanode-0/data/ratis/729fc883-fd89-4a41-86a1-e5b2e53756b4 has been successfully formatted.
2019-09-12 10:19:37,210 [pool-27-thread-1] INFO  ratis.ContainerStateMachine (ContainerStateMachine.java:loadSnapshot(226)) - group-E5B2E53756B4: The snapshot info is null. Setting the last applied indexto:(t:0, i:~)
2019-09-12 10:19:37,211 [pool-27-thread-1] INFO  server.RaftServerConfigKeys (ConfUtils.java:logGet(43)) - raft.server.leader.election.timeout = 120s (custom)
2019-09-12 10:19:37,211 [pool-27-thread-1] INFO  server.RaftServerConfigKeys (ConfUtils.java:logGet(43)) - raft.server.log.use.memory = false (default)
2019-09-12 10:19:37,211 [pool-27-thread-1] INFO  server.RaftServerConfigKeys (ConfUtils.java:logGet(43)) - raft.server.log.purge.gap = 1000000 (custom)
2019-09-12 10:19:37,211 [pool-27-thread-1] INFO  server.RaftServerConfigKeys (ConfUtils.java:logGet(43)) - raft.server.log.appender.buffer.byte-limit = 33554432 (custom)
2019-09-12 10:19:37,211 [pool-27-thread-1] INFO  server.RaftServerConfigKeys (ConfUtils.java:logGet(43)) - raft.server.log.segment.size.max = 1048576 (custom)
2019-09-12 10:19:37,211 [pool-27-thread-1] INFO  server.RaftServerConfigKeys (ConfUtils.java:logGet(43)) - raft.server.log.segment.cache.num.max = 2 (custom)
2019-09-12 10:19:37,212 [pool-27-thread-1] INFO  segmented.SegmentedRaftLogWorker (SegmentedRaftLogWorker.java:<init>(172)) - new b23f64d4-8020-446d-bbe2-842f6640ef38-SegmentedRaftLogWorker:Storage Directory /workdir/hadoop-ozone/integration-test/target/test-dir/MiniOzoneClusterImpl-4d5e9512-7d5a-42a1-8e37-0d9e9dd50ba8/datanode-0/data/ratis/729fc883-fd89-4a41-86a1-e5b2e53756b4 for RaftStorage:Storage Directory /workdir/hadoop-ozone/integration-test/target/test-dir/MiniOzoneClusterImpl-4d5e9512-7d5a-42a1-8e37-0d9e9dd50ba8/datanode-0/data/ratis/729fc883-fd89-4a41-86a1-e5b2e53756b4
2019-09-12 10:19:37,212 [pool-27-thread-1] INFO  server.RaftServerConfigKeys (ConfUtils.java:logGet(43)) - raft.server.log.queue.byte-limit = 2147483647 (custom)
2019-09-12 10:19:37,212 [pool-27-thread-1] INFO  server.RaftServerConfigKeys (ConfUtils.java:logGet(43)) - raft.server.log.queue.element-limit = 1024 (custom)
2019-09-12 10:19:37,212 [pool-27-thread-1] INFO  server.RaftServerConfigKeys (ConfUtils.java:logGet(43)) - raft.server.log.segment.size.max = 1048576 (custom)
2019-09-12 10:19:37,212 [pool-27-thread-1] INFO  server.RaftServerConfigKeys (ConfUtils.java:logGet(43)) - raft.server.log.preallocated.size = 16384 (custom)
2019-09-12 10:19:37,212 [pool-27-thread-1] INFO  server.RaftServerConfigKeys (ConfUtils.java:logGet(43)) - raft.server.log.write.buffer.size = 33554432 (custom)
2019-09-12 10:19:37,213 [pool-27-thread-1] INFO  server.RaftServerConfigKeys (ConfUtils.java:logGet(43)) - raft.server.log.force.sync.num = 128 (default)
2019-09-12 10:19:37,213 [pool-27-thread-1] INFO  server.RaftServerConfigKeys (ConfUtils.java:logGet(43)) - raft.server.log.statemachine.data.sync = true (default)
2019-09-12 10:19:37,213 [pool-27-thread-1] INFO  server.RaftServerConfigKeys (ConfUtils.java:logGet(43)) - raft.server.log.statemachine.data.sync.timeout = 10s (default)
2019-09-12 10:19:37,213 [pool-27-thread-1] INFO  server.RaftServerConfigKeys (ConfUtils.java:logGet(43)) - raft.server.log.statemachine.data.sync.timeout.retry = -1 (default)
2019-09-12 10:19:37,213 [pool-27-thread-1] INFO  server.RaftServerConfigKeys (ConfUtils.java:logGet(43)) - raft.server.log.statemachine.data.caching.enabled = true (custom)
2019-09-12 10:19:37,214 [pool-27-thread-1] INFO  segmented.SegmentedRaftLogWorker (SegmentedRaftLogWorker.java:lambda$new$0(132)) - b23f64d4-8020-446d-bbe2-842f6640ef38-SegmentedRaftLogWorker:Storage Directory /workdir/hadoop-ozone/integration-test/target/test-dir/MiniOzoneClusterImpl-4d5e9512-7d5a-42a1-8e37-0d9e9dd50ba8/datanode-0/data/ratis/729fc883-fd89-4a41-86a1-e5b2e53756b4: flushIndex: setUnconditionally 0 -> -1
2019-09-12 10:19:37,214 [pool-27-thread-1] INFO  server.RaftServerConfigKeys (ConfUtils.java:logGet(43)) - raft.server.snapshot.auto.trigger.enabled = true (custom)
2019-09-12 10:19:37,214 [pool-27-thread-1] INFO  server.RaftServerConfigKeys (ConfUtils.java:logGet(43)) - raft.server.snapshot.auto.trigger.threshold = 10000 (custom)
2019-09-12 10:19:37,215 [pool-27-thread-1] INFO  server.RaftServerConfigKeys (ConfUtils.java:logGet(43)) - raft.server.retrycache.expirytime = 600000ms (custom)
2019-09-12 10:19:37,215 [pool-27-thread-1] INFO  impl.RaftServerImpl (RaftServerImpl.java:start(180)) - b23f64d4-8020-446d-bbe2-842f6640ef38: start group-E5B2E53756B4
2019-09-12 10:19:37,215 [pool-27-thread-1] INFO  impl.RaftServerImpl (RaftServerImpl.java:setRole(171)) - b23f64d4-8020-446d-bbe2-842f6640ef38:group-E5B2E53756B4 changes role from null to FOLLOWER at term 0 for startAsFollower
2019-09-12 10:19:37,215 [pool-27-thread-1] INFO  impl.RoleInfo (RoleInfo.java:updateAndGet(143)) - b23f64d4-8020-446d-bbe2-842f6640ef38: start FollowerState
2019-09-12 10:19:37,215 [pool-27-thread-1] INFO  util.JmxRegister (JmxRegister.java:tryRegister(44)) - Successfully registered JMX Bean with object name Ratis:service=RaftServer,group=group-E5B2E53756B4,id=b23f64d4-8020-446d-bbe2-842f6640ef38
2019-09-12 10:19:37,225 [RatisPipelineUtilsThread] INFO  pipeline.PipelineStateManager (PipelineStateManager.java:addPipeline(56)) - Created pipeline Pipeline[ Id: 729fc883-fd89-4a41-86a1-e5b2e53756b4, Nodes: b23f64d4-8020-446d-bbe2-842f6640ef38{ip: 192.168.157.195, host: pr-hdds-1569-xtfnx-3545843844, networkLocation: /default-rack, certSerialId: null}, Type:RATIS, Factor:ONE, State:OPEN]
2019-09-12 10:19:37,238 [grpc-default-executor-0] INFO  impl.RaftServerProxy (RaftServerProxy.java:addNew(89)) - fed03dd0-19ae-4d47-80df-f7b6c0cc818c: addNew group-5EC81CE6564C:[fed03dd0-19ae-4d47-80df-f7b6c0cc818c:192.168.157.195:40326] returns group-5EC81CE6564C:java.util.concurrent.CompletableFuture@5497be5c[Not completed]
2019-09-12 10:19:37,240 [pool-49-thread-1] INFO  impl.RaftServerImpl (RaftServerImpl.java:<init>(93)) - fed03dd0-19ae-4d47-80df-f7b6c0cc818c: new RaftServerImpl for group-5EC81CE6564C:[fed03dd0-19ae-4d47-80df-f7b6c0cc818c:192.168.157.195:40326] with ContainerStateMachine:uninitialized
2019-09-12 10:19:37,240 [pool-49-thread-1] INFO  server.RaftServerConfigKeys (ConfUtils.java:logGet(43)) - raft.server.rpc.timeout.min = 5s (custom)
2019-09-12 10:19:37,241 [pool-49-thread-1] INFO  server.RaftServerConfigKeys (ConfUtils.java:logGet(43)) - raft.server.rpc.timeout.max = 5200ms (custom)
2019-09-12 10:19:37,241 [pool-49-thread-1] INFO  server.RaftServerConfigKeys (ConfUtils.java:logGet(43)) - raft.server.rpcslowness.timeout = 120s (custom)
2019-09-12 10:19:37,241 [pool-49-thread-1] INFO  server.RaftServerConfigKeys (ConfUtils.java:logGet(43)) - raft.server.sleep.deviation.threshold = 300 (default)
2019-09-12 10:19:37,241 [pool-49-thread-1] INFO  server.RaftServerConfigKeys (ConfUtils.java:logGet(43)) - raft.server.log.appender.install.snapshot.enabled = false (custom)
2019-09-12 10:19:37,241 [pool-49-thread-1] INFO  impl.RaftServerImpl (ServerState.java:<init>(105)) - fed03dd0-19ae-4d47-80df-f7b6c0cc818c:group-5EC81CE6564C ConfigurationManager, init=-1: [fed03dd0-19ae-4d47-80df-f7b6c0cc818c:192.168.157.195:40326], old=null, confs=<EMPTY_MAP>
2019-09-12 10:19:37,242 [pool-49-thread-1] INFO  server.RaftServerConfigKeys (ConfUtils.java:logGet(43)) - raft.server.storage.dir = [/workdir/hadoop-ozone/integration-test/target/test-dir/MiniOzoneClusterImpl-4d5e9512-7d5a-42a1-8e37-0d9e9dd50ba8/datanode-2/data/ratis] (custom)
2019-09-12 10:19:37,242 [pool-49-thread-1] INFO  storage.RaftStorageDirectory (RaftStorageDirectory.java:analyzeStorage(246)) - The storage directory /workdir/hadoop-ozone/integration-test/target/test-dir/MiniOzoneClusterImpl-4d5e9512-7d5a-42a1-8e37-0d9e9dd50ba8/datanode-2/data/ratis/952d8405-8222-440a-a5d8-5ec81ce6564c does not exist. Creating ...
2019-09-12 10:19:37,255 [pool-49-thread-1] INFO  storage.RaftStorageDirectory (RaftStorageDirectory.java:tryLock(328)) - Lock on /workdir/hadoop-ozone/integration-test/target/test-dir/MiniOzoneClusterImpl-4d5e9512-7d5a-42a1-8e37-0d9e9dd50ba8/datanode-2/data/ratis/952d8405-8222-440a-a5d8-5ec81ce6564c/in_use.lock acquired by nodename 9433@pr-hdds-1569-xtfnx-3545843844
2019-09-12 10:19:37,269 [pool-49-thread-1] INFO  storage.RaftStorage (RaftStorage.java:format(72)) - Storage directory /workdir/hadoop-ozone/integration-test/target/test-dir/MiniOzoneClusterImpl-4d5e9512-7d5a-42a1-8e37-0d9e9dd50ba8/datanode-2/data/ratis/952d8405-8222-440a-a5d8-5ec81ce6564c has been successfully formatted.
2019-09-12 10:19:37,269 [pool-49-thread-1] INFO  ratis.ContainerStateMachine (ContainerStateMachine.java:loadSnapshot(226)) - group-5EC81CE6564C: The snapshot info is null. Setting the last applied indexto:(t:0, i:~)
2019-09-12 10:19:37,269 [pool-49-thread-1] INFO  server.RaftServerConfigKeys (ConfUtils.java:logGet(43)) - raft.server.leader.election.timeout = 120s (custom)
2019-09-12 10:19:37,269 [pool-49-thread-1] INFO  server.RaftServerConfigKeys (ConfUtils.java:logGet(43)) - raft.server.log.use.memory = false (default)
2019-09-12 10:19:37,270 [pool-49-thread-1] INFO  server.RaftServerConfigKeys (ConfUtils.java:logGet(43)) - raft.server.log.purge.gap = 1000000 (custom)
2019-09-12 10:19:37,270 [pool-49-thread-1] INFO  server.RaftServerConfigKeys (ConfUtils.java:logGet(43)) - raft.server.log.appender.buffer.byte-limit = 33554432 (custom)
2019-09-12 10:19:37,270 [pool-49-thread-1] INFO  server.RaftServerConfigKeys (ConfUtils.java:logGet(43)) - raft.server.log.segment.size.max = 1048576 (custom)
2019-09-12 10:19:37,270 [pool-49-thread-1] INFO  server.RaftServerConfigKeys (ConfUtils.java:logGet(43)) - raft.server.log.segment.cache.num.max = 2 (custom)
2019-09-12 10:19:37,270 [pool-49-thread-1] INFO  segmented.SegmentedRaftLogWorker (SegmentedRaftLogWorker.java:<init>(172)) - new fed03dd0-19ae-4d47-80df-f7b6c0cc818c-SegmentedRaftLogWorker:Storage Directory /workdir/hadoop-ozone/integration-test/target/test-dir/MiniOzoneClusterImpl-4d5e9512-7d5a-42a1-8e37-0d9e9dd50ba8/datanode-2/data/ratis/952d8405-8222-440a-a5d8-5ec81ce6564c for RaftStorage:Storage Directory /workdir/hadoop-ozone/integration-test/target/test-dir/MiniOzoneClusterImpl-4d5e9512-7d5a-42a1-8e37-0d9e9dd50ba8/datanode-2/data/ratis/952d8405-8222-440a-a5d8-5ec81ce6564c
2019-09-12 10:19:37,270 [pool-49-thread-1] INFO  server.RaftServerConfigKeys (ConfUtils.java:logGet(43)) - raft.server.log.queue.byte-limit = 2147483647 (custom)
2019-09-12 10:19:37,271 [pool-49-thread-1] INFO  server.RaftServerConfigKeys (ConfUtils.java:logGet(43)) - raft.server.log.queue.element-limit = 1024 (custom)
2019-09-12 10:19:37,271 [pool-49-thread-1] INFO  server.RaftServerConfigKeys (ConfUtils.java:logGet(43)) - raft.server.log.segment.size.max = 1048576 (custom)
2019-09-12 10:19:37,271 [pool-49-thread-1] INFO  server.RaftServerConfigKeys (ConfUtils.java:logGet(43)) - raft.server.log.preallocated.size = 16384 (custom)
2019-09-12 10:19:37,271 [pool-49-thread-1] INFO  server.RaftServerConfigKeys (ConfUtils.java:logGet(43)) - raft.server.log.write.buffer.size = 33554432 (custom)
2019-09-12 10:19:37,271 [pool-49-thread-1] INFO  server.RaftServerConfigKeys (ConfUtils.java:logGet(43)) - raft.server.log.force.sync.num = 128 (default)
2019-09-12 10:19:37,272 [pool-49-thread-1] INFO  server.RaftServerConfigKeys (ConfUtils.java:logGet(43)) - raft.server.log.statemachine.data.sync = true (default)
2019-09-12 10:19:37,272 [pool-49-thread-1] INFO  server.RaftServerConfigKeys (ConfUtils.java:logGet(43)) - raft.server.log.statemachine.data.sync.timeout = 10s (default)
2019-09-12 10:19:37,272 [pool-49-thread-1] INFO  server.RaftServerConfigKeys (ConfUtils.java:logGet(43)) - raft.server.log.statemachine.data.sync.timeout.retry = -1 (default)
2019-09-12 10:19:37,272 [pool-49-thread-1] INFO  server.RaftServerConfigKeys (ConfUtils.java:logGet(43)) - raft.server.log.statemachine.data.caching.enabled = true (custom)
2019-09-12 10:19:37,273 [pool-49-thread-1] INFO  segmented.SegmentedRaftLogWorker (SegmentedRaftLogWorker.java:lambda$new$0(132)) - fed03dd0-19ae-4d47-80df-f7b6c0cc818c-SegmentedRaftLogWorker:Storage Directory /workdir/hadoop-ozone/integration-test/target/test-dir/MiniOzoneClusterImpl-4d5e9512-7d5a-42a1-8e37-0d9e9dd50ba8/datanode-2/data/ratis/952d8405-8222-440a-a5d8-5ec81ce6564c: flushIndex: setUnconditionally 0 -> -1
2019-09-12 10:19:37,273 [pool-49-thread-1] INFO  server.RaftServerConfigKeys (ConfUtils.java:logGet(43)) - raft.server.snapshot.auto.trigger.enabled = true (custom)
2019-09-12 10:19:37,273 [pool-49-thread-1] INFO  server.RaftServerConfigKeys (ConfUtils.java:logGet(43)) - raft.server.snapshot.auto.trigger.threshold = 10000 (custom)
2019-09-12 10:19:37,273 [pool-49-thread-1] INFO  server.RaftServerConfigKeys (ConfUtils.java:logGet(43)) - raft.server.retrycache.expirytime = 600000ms (custom)
2019-09-12 10:19:37,274 [pool-49-thread-1] INFO  impl.RaftServerImpl (RaftServerImpl.java:start(180)) - fed03dd0-19ae-4d47-80df-f7b6c0cc818c: start group-5EC81CE6564C
2019-09-12 10:19:37,274 [pool-49-thread-1] INFO  impl.RaftServerImpl (RaftServerImpl.java:setRole(171)) - fed03dd0-19ae-4d47-80df-f7b6c0cc818c:group-5EC81CE6564C changes role from null to FOLLOWER at term 0 for startAsFollower
2019-09-12 10:19:37,274 [pool-49-thread-1] INFO  impl.RoleInfo (RoleInfo.java:updateAndGet(143)) - fed03dd0-19ae-4d47-80df-f7b6c0cc818c: start FollowerState
2019-09-12 10:19:37,275 [pool-49-thread-1] INFO  util.JmxRegister (JmxRegister.java:tryRegister(44)) - Successfully registered JMX Bean with object name Ratis:service=RaftServer,group=group-5EC81CE6564C,id=fed03dd0-19ae-4d47-80df-f7b6c0cc818c
2019-09-12 10:19:37,284 [RatisPipelineUtilsThread] INFO  pipeline.PipelineStateManager (PipelineStateManager.java:addPipeline(56)) - Created pipeline Pipeline[ Id: 952d8405-8222-440a-a5d8-5ec81ce6564c, Nodes: fed03dd0-19ae-4d47-80df-f7b6c0cc818c{ip: 192.168.157.195, host: pr-hdds-1569-xtfnx-3545843844, networkLocation: /default-rack, certSerialId: null}, Type:RATIS, Factor:ONE, State:OPEN]
2019-09-12 10:19:37,298 [grpc-default-executor-0] INFO  impl.RaftServerProxy (RaftServerProxy.java:addNew(89)) - ad4c2123-5d66-4058-a486-75b7e9920b2b: addNew group-F25A3172B12A:[ad4c2123-5d66-4058-a486-75b7e9920b2b:192.168.157.195:38581] returns group-F25A3172B12A:java.util.concurrent.CompletableFuture@18865648[Not completed]
2019-09-12 10:19:37,300 [pool-38-thread-1] INFO  impl.RaftServerImpl (RaftServerImpl.java:<init>(93)) - ad4c2123-5d66-4058-a486-75b7e9920b2b: new RaftServerImpl for group-F25A3172B12A:[ad4c2123-5d66-4058-a486-75b7e9920b2b:192.168.157.195:38581] with ContainerStateMachine:uninitialized
2019-09-12 10:19:37,300 [pool-38-thread-1] INFO  server.RaftServerConfigKeys (ConfUtils.java:logGet(43)) - raft.server.rpc.timeout.min = 5s (custom)
2019-09-12 10:19:37,300 [pool-38-thread-1] INFO  server.RaftServerConfigKeys (ConfUtils.java:logGet(43)) - raft.server.rpc.timeout.max = 5200ms (custom)
2019-09-12 10:19:37,300 [pool-38-thread-1] INFO  server.RaftServerConfigKeys (ConfUtils.java:logGet(43)) - raft.server.rpcslowness.timeout = 120s (custom)
2019-09-12 10:19:37,300 [pool-38-thread-1] INFO  server.RaftServerConfigKeys (ConfUtils.java:logGet(43)) - raft.server.sleep.deviation.threshold = 300 (default)
2019-09-12 10:19:37,301 [pool-38-thread-1] INFO  server.RaftServerConfigKeys (ConfUtils.java:logGet(43)) - raft.server.log.appender.install.snapshot.enabled = false (custom)
2019-09-12 10:19:37,301 [pool-38-thread-1] INFO  impl.RaftServerImpl (ServerState.java:<init>(105)) - ad4c2123-5d66-4058-a486-75b7e9920b2b:group-F25A3172B12A ConfigurationManager, init=-1: [ad4c2123-5d66-4058-a486-75b7e9920b2b:192.168.157.195:38581], old=null, confs=<EMPTY_MAP>
2019-09-12 10:19:37,301 [pool-38-thread-1] INFO  server.RaftServerConfigKeys (ConfUtils.java:logGet(43)) - raft.server.storage.dir = [/workdir/hadoop-ozone/integration-test/target/test-dir/MiniOzoneClusterImpl-4d5e9512-7d5a-42a1-8e37-0d9e9dd50ba8/datanode-1/data/ratis] (custom)
2019-09-12 10:19:37,302 [pool-38-thread-1] INFO  storage.RaftStorageDirectory (RaftStorageDirectory.java:analyzeStorage(246)) - The storage directory /workdir/hadoop-ozone/integration-test/target/test-dir/MiniOzoneClusterImpl-4d5e9512-7d5a-42a1-8e37-0d9e9dd50ba8/datanode-1/data/ratis/2a7bb605-748f-4f58-8b11-f25a3172b12a does not exist. Creating ...
2019-09-12 10:19:37,314 [pool-38-thread-1] INFO  storage.RaftStorageDirectory (RaftStorageDirectory.java:tryLock(328)) - Lock on /workdir/hadoop-ozone/integration-test/target/test-dir/MiniOzoneClusterImpl-4d5e9512-7d5a-42a1-8e37-0d9e9dd50ba8/datanode-1/data/ratis/2a7bb605-748f-4f58-8b11-f25a3172b12a/in_use.lock acquired by nodename 9433@pr-hdds-1569-xtfnx-3545843844
2019-09-12 10:19:37,328 [pool-38-thread-1] INFO  storage.RaftStorage (RaftStorage.java:format(72)) - Storage directory /workdir/hadoop-ozone/integration-test/target/test-dir/MiniOzoneClusterImpl-4d5e9512-7d5a-42a1-8e37-0d9e9dd50ba8/datanode-1/data/ratis/2a7bb605-748f-4f58-8b11-f25a3172b12a has been successfully formatted.
2019-09-12 10:19:37,328 [pool-38-thread-1] INFO  ratis.ContainerStateMachine (ContainerStateMachine.java:loadSnapshot(226)) - group-F25A3172B12A: The snapshot info is null. Setting the last applied indexto:(t:0, i:~)
2019-09-12 10:19:37,329 [pool-38-thread-1] INFO  server.RaftServerConfigKeys (ConfUtils.java:logGet(43)) - raft.server.leader.election.timeout = 120s (custom)
2019-09-12 10:19:37,329 [pool-38-thread-1] INFO  server.RaftServerConfigKeys (ConfUtils.java:logGet(43)) - raft.server.log.use.memory = false (default)
2019-09-12 10:19:37,329 [pool-38-thread-1] INFO  server.RaftServerConfigKeys (ConfUtils.java:logGet(43)) - raft.server.log.purge.gap = 1000000 (custom)
2019-09-12 10:19:37,329 [pool-38-thread-1] INFO  server.RaftServerConfigKeys (ConfUtils.java:logGet(43)) - raft.server.log.appender.buffer.byte-limit = 33554432 (custom)
2019-09-12 10:19:37,329 [pool-38-thread-1] INFO  server.RaftServerConfigKeys (ConfUtils.java:logGet(43)) - raft.server.log.segment.size.max = 1048576 (custom)
2019-09-12 10:19:37,330 [pool-38-thread-1] INFO  server.RaftServerConfigKeys (ConfUtils.java:logGet(43)) - raft.server.log.segment.cache.num.max = 2 (custom)
2019-09-12 10:19:37,330 [pool-38-thread-1] INFO  segmented.SegmentedRaftLogWorker (SegmentedRaftLogWorker.java:<init>(172)) - new ad4c2123-5d66-4058-a486-75b7e9920b2b-SegmentedRaftLogWorker:Storage Directory /workdir/hadoop-ozone/integration-test/target/test-dir/MiniOzoneClusterImpl-4d5e9512-7d5a-42a1-8e37-0d9e9dd50ba8/datanode-1/data/ratis/2a7bb605-748f-4f58-8b11-f25a3172b12a for RaftStorage:Storage Directory /workdir/hadoop-ozone/integration-test/target/test-dir/MiniOzoneClusterImpl-4d5e9512-7d5a-42a1-8e37-0d9e9dd50ba8/datanode-1/data/ratis/2a7bb605-748f-4f58-8b11-f25a3172b12a
2019-09-12 10:19:37,330 [pool-38-thread-1] INFO  server.RaftServerConfigKeys (ConfUtils.java:logGet(43)) - raft.server.log.queue.byte-limit = 2147483647 (custom)
2019-09-12 10:19:37,330 [pool-38-thread-1] INFO  server.RaftServerConfigKeys (ConfUtils.java:logGet(43)) - raft.server.log.queue.element-limit = 1024 (custom)
2019-09-12 10:19:37,330 [pool-38-thread-1] INFO  server.RaftServerConfigKeys (ConfUtils.java:logGet(43)) - raft.server.log.segment.size.max = 1048576 (custom)
2019-09-12 10:19:37,331 [pool-38-thread-1] INFO  server.RaftServerConfigKeys (ConfUtils.java:logGet(43)) - raft.server.log.preallocated.size = 16384 (custom)
2019-09-12 10:19:37,331 [pool-38-thread-1] INFO  server.RaftServerConfigKeys (ConfUtils.java:logGet(43)) - raft.server.log.write.buffer.size = 33554432 (custom)
2019-09-12 10:19:37,331 [pool-38-thread-1] INFO  server.RaftServerConfigKeys (ConfUtils.java:logGet(43)) - raft.server.log.force.sync.num = 128 (default)
2019-09-12 10:19:37,331 [pool-38-thread-1] INFO  server.RaftServerConfigKeys (ConfUtils.java:logGet(43)) - raft.server.log.statemachine.data.sync = true (default)
2019-09-12 10:19:37,331 [pool-38-thread-1] INFO  server.RaftServerConfigKeys (ConfUtils.java:logGet(43)) - raft.server.log.statemachine.data.sync.timeout = 10s (default)
2019-09-12 10:19:37,332 [pool-38-thread-1] INFO  server.RaftServerConfigKeys (ConfUtils.java:logGet(43)) - raft.server.log.statemachine.data.sync.timeout.retry = -1 (default)
2019-09-12 10:19:37,332 [pool-38-thread-1] INFO  server.RaftServerConfigKeys (ConfUtils.java:logGet(43)) - raft.server.log.statemachine.data.caching.enabled = true (custom)
2019-09-12 10:19:37,332 [pool-38-thread-1] INFO  segmented.SegmentedRaftLogWorker (SegmentedRaftLogWorker.java:lambda$new$0(132)) - ad4c2123-5d66-4058-a486-75b7e9920b2b-SegmentedRaftLogWorker:Storage Directory /workdir/hadoop-ozone/integration-test/target/test-dir/MiniOzoneClusterImpl-4d5e9512-7d5a-42a1-8e37-0d9e9dd50ba8/datanode-1/data/ratis/2a7bb605-748f-4f58-8b11-f25a3172b12a: flushIndex: setUnconditionally 0 -> -1
2019-09-12 10:19:37,333 [pool-38-thread-1] INFO  server.RaftServerConfigKeys (ConfUtils.java:logGet(43)) - raft.server.snapshot.auto.trigger.enabled = true (custom)
2019-09-12 10:19:37,333 [pool-38-thread-1] INFO  server.RaftServerConfigKeys (ConfUtils.java:logGet(43)) - raft.server.snapshot.auto.trigger.threshold = 10000 (custom)
2019-09-12 10:19:37,333 [pool-38-thread-1] INFO  server.RaftServerConfigKeys (ConfUtils.java:logGet(43)) - raft.server.retrycache.expirytime = 600000ms (custom)
2019-09-12 10:19:37,334 [pool-38-thread-1] INFO  impl.RaftServerImpl (RaftServerImpl.java:start(180)) - ad4c2123-5d66-4058-a486-75b7e9920b2b: start group-F25A3172B12A
2019-09-12 10:19:37,334 [pool-38-thread-1] INFO  impl.RaftServerImpl (RaftServerImpl.java:setRole(171)) - ad4c2123-5d66-4058-a486-75b7e9920b2b:group-F25A3172B12A changes role from null to FOLLOWER at term 0 for startAsFollower
2019-09-12 10:19:37,334 [pool-38-thread-1] INFO  impl.RoleInfo (RoleInfo.java:updateAndGet(143)) - ad4c2123-5d66-4058-a486-75b7e9920b2b: start FollowerState
2019-09-12 10:19:37,335 [pool-38-thread-1] INFO  util.JmxRegister (JmxRegister.java:tryRegister(44)) - Successfully registered JMX Bean with object name Ratis:service=RaftServer,group=group-F25A3172B12A,id=ad4c2123-5d66-4058-a486-75b7e9920b2b
2019-09-12 10:19:37,344 [RatisPipelineUtilsThread] INFO  pipeline.PipelineStateManager (PipelineStateManager.java:addPipeline(56)) - Created pipeline Pipeline[ Id: 2a7bb605-748f-4f58-8b11-f25a3172b12a, Nodes: ad4c2123-5d66-4058-a486-75b7e9920b2b{ip: 192.168.157.195, host: pr-hdds-1569-xtfnx-3545843844, networkLocation: /default-rack, certSerialId: null}, Type:RATIS, Factor:ONE, State:OPEN]
2019-09-12 10:19:37,357 [grpc-default-executor-0] INFO  impl.RaftServerProxy (RaftServerProxy.java:addNew(89)) - fed03dd0-19ae-4d47-80df-f7b6c0cc818c: addNew group-8C278D82F897:[fed03dd0-19ae-4d47-80df-f7b6c0cc818c:192.168.157.195:40326] returns group-8C278D82F897:java.util.concurrent.CompletableFuture@4b7525d7[Not completed]
2019-09-12 10:19:37,358 [pool-49-thread-1] INFO  impl.RaftServerImpl (RaftServerImpl.java:<init>(93)) - fed03dd0-19ae-4d47-80df-f7b6c0cc818c: new RaftServerImpl for group-8C278D82F897:[fed03dd0-19ae-4d47-80df-f7b6c0cc818c:192.168.157.195:40326] with ContainerStateMachine:uninitialized
2019-09-12 10:19:37,359 [pool-49-thread-1] INFO  server.RaftServerConfigKeys (ConfUtils.java:logGet(43)) - raft.server.rpc.timeout.min = 5s (custom)
2019-09-12 10:19:37,359 [pool-49-thread-1] INFO  server.RaftServerConfigKeys (ConfUtils.java:logGet(43)) - raft.server.rpc.timeout.max = 5200ms (custom)
2019-09-12 10:19:37,359 [pool-49-thread-1] INFO  server.RaftServerConfigKeys (ConfUtils.java:logGet(43)) - raft.server.rpcslowness.timeout = 120s (custom)
2019-09-12 10:19:37,359 [pool-49-thread-1] INFO  server.RaftServerConfigKeys (ConfUtils.java:logGet(43)) - raft.server.sleep.deviation.threshold = 300 (default)
2019-09-12 10:19:37,359 [pool-49-thread-1] INFO  server.RaftServerConfigKeys (ConfUtils.java:logGet(43)) - raft.server.log.appender.install.snapshot.enabled = false (custom)
2019-09-12 10:19:37,360 [pool-49-thread-1] INFO  impl.RaftServerImpl (ServerState.java:<init>(105)) - fed03dd0-19ae-4d47-80df-f7b6c0cc818c:group-8C278D82F897 ConfigurationManager, init=-1: [fed03dd0-19ae-4d47-80df-f7b6c0cc818c:192.168.157.195:40326], old=null, confs=<EMPTY_MAP>
2019-09-12 10:19:37,360 [pool-49-thread-1] INFO  server.RaftServerConfigKeys (ConfUtils.java:logGet(43)) - raft.server.storage.dir = [/workdir/hadoop-ozone/integration-test/target/test-dir/MiniOzoneClusterImpl-4d5e9512-7d5a-42a1-8e37-0d9e9dd50ba8/datanode-2/data/ratis] (custom)
2019-09-12 10:19:37,360 [pool-49-thread-1] INFO  storage.RaftStorageDirectory (RaftStorageDirectory.java:analyzeStorage(246)) - The storage directory /workdir/hadoop-ozone/integration-test/target/test-dir/MiniOzoneClusterImpl-4d5e9512-7d5a-42a1-8e37-0d9e9dd50ba8/datanode-2/data/ratis/a8f6300f-60eb-4449-8df5-8c278d82f897 does not exist. Creating ...
2019-09-12 10:19:37,374 [pool-49-thread-1] INFO  storage.RaftStorageDirectory (RaftStorageDirectory.java:tryLock(328)) - Lock on /workdir/hadoop-ozone/integration-test/target/test-dir/MiniOzoneClusterImpl-4d5e9512-7d5a-42a1-8e37-0d9e9dd50ba8/datanode-2/data/ratis/a8f6300f-60eb-4449-8df5-8c278d82f897/in_use.lock acquired by nodename 9433@pr-hdds-1569-xtfnx-3545843844
2019-09-12 10:19:37,387 [pool-49-thread-1] INFO  storage.RaftStorage (RaftStorage.java:format(72)) - Storage directory /workdir/hadoop-ozone/integration-test/target/test-dir/MiniOzoneClusterImpl-4d5e9512-7d5a-42a1-8e37-0d9e9dd50ba8/datanode-2/data/ratis/a8f6300f-60eb-4449-8df5-8c278d82f897 has been successfully formatted.
2019-09-12 10:19:37,388 [pool-49-thread-1] INFO  ratis.ContainerStateMachine (ContainerStateMachine.java:loadSnapshot(226)) - group-8C278D82F897: The snapshot info is null. Setting the last applied indexto:(t:0, i:~)
2019-09-12 10:19:37,388 [pool-49-thread-1] INFO  server.RaftServerConfigKeys (ConfUtils.java:logGet(43)) - raft.server.leader.election.timeout = 120s (custom)
2019-09-12 10:19:37,388 [pool-49-thread-1] INFO  server.RaftServerConfigKeys (ConfUtils.java:logGet(43)) - raft.server.log.use.memory = false (default)
2019-09-12 10:19:37,388 [pool-49-thread-1] INFO  server.RaftServerConfigKeys (ConfUtils.java:logGet(43)) - raft.server.log.purge.gap = 1000000 (custom)
2019-09-12 10:19:37,389 [pool-49-thread-1] INFO  server.RaftServerConfigKeys (ConfUtils.java:logGet(43)) - raft.server.log.appender.buffer.byte-limit = 33554432 (custom)
2019-09-12 10:19:37,389 [pool-49-thread-1] INFO  server.RaftServerConfigKeys (ConfUtils.java:logGet(43)) - raft.server.log.segment.size.max = 1048576 (custom)
2019-09-12 10:19:37,389 [pool-49-thread-1] INFO  server.RaftServerConfigKeys (ConfUtils.java:logGet(43)) - raft.server.log.segment.cache.num.max = 2 (custom)
2019-09-12 10:19:37,389 [pool-49-thread-1] INFO  segmented.SegmentedRaftLogWorker (SegmentedRaftLogWorker.java:<init>(172)) - new fed03dd0-19ae-4d47-80df-f7b6c0cc818c-SegmentedRaftLogWorker:Storage Directory /workdir/hadoop-ozone/integration-test/target/test-dir/MiniOzoneClusterImpl-4d5e9512-7d5a-42a1-8e37-0d9e9dd50ba8/datanode-2/data/ratis/a8f6300f-60eb-4449-8df5-8c278d82f897 for RaftStorage:Storage Directory /workdir/hadoop-ozone/integration-test/target/test-dir/MiniOzoneClusterImpl-4d5e9512-7d5a-42a1-8e37-0d9e9dd50ba8/datanode-2/data/ratis/a8f6300f-60eb-4449-8df5-8c278d82f897
2019-09-12 10:19:37,389 [pool-49-thread-1] INFO  server.RaftServerConfigKeys (ConfUtils.java:logGet(43)) - raft.server.log.queue.byte-limit = 2147483647 (custom)
2019-09-12 10:19:37,389 [pool-49-thread-1] INFO  server.RaftServerConfigKeys (ConfUtils.java:logGet(43)) - raft.server.log.queue.element-limit = 1024 (custom)
2019-09-12 10:19:37,390 [pool-49-thread-1] INFO  server.RaftServerConfigKeys (ConfUtils.java:logGet(43)) - raft.server.log.segment.size.max = 1048576 (custom)
2019-09-12 10:19:37,390 [pool-49-thread-1] INFO  server.RaftServerConfigKeys (ConfUtils.java:logGet(43)) - raft.server.log.preallocated.size = 16384 (custom)
2019-09-12 10:19:37,390 [pool-49-thread-1] INFO  server.RaftServerConfigKeys (ConfUtils.java:logGet(43)) - raft.server.log.write.buffer.size = 33554432 (custom)
2019-09-12 10:19:37,390 [pool-49-thread-1] INFO  server.RaftServerConfigKeys (ConfUtils.java:logGet(43)) - raft.server.log.force.sync.num = 128 (default)
2019-09-12 10:19:37,390 [pool-49-thread-1] INFO  server.RaftServerConfigKeys (ConfUtils.java:logGet(43)) - raft.server.log.statemachine.data.sync = true (default)
2019-09-12 10:19:37,391 [pool-49-thread-1] INFO  server.RaftServerConfigKeys (ConfUtils.java:logGet(43)) - raft.server.log.statemachine.data.sync.timeout = 10s (default)
2019-09-12 10:19:37,391 [pool-49-thread-1] INFO  server.RaftServerConfigKeys (ConfUtils.java:logGet(43)) - raft.server.log.statemachine.data.sync.timeout.retry = -1 (default)
2019-09-12 10:19:37,391 [pool-49-thread-1] INFO  server.RaftServerConfigKeys (ConfUtils.java:logGet(43)) - raft.server.log.statemachine.data.caching.enabled = true (custom)
2019-09-12 10:19:37,391 [pool-49-thread-1] INFO  segmented.SegmentedRaftLogWorker (SegmentedRaftLogWorker.java:lambda$new$0(132)) - fed03dd0-19ae-4d47-80df-f7b6c0cc818c-SegmentedRaftLogWorker:Storage Directory /workdir/hadoop-ozone/integration-test/target/test-dir/MiniOzoneClusterImpl-4d5e9512-7d5a-42a1-8e37-0d9e9dd50ba8/datanode-2/data/ratis/a8f6300f-60eb-4449-8df5-8c278d82f897: flushIndex: setUnconditionally 0 -> -1
2019-09-12 10:19:37,392 [pool-49-thread-1] INFO  server.RaftServerConfigKeys (ConfUtils.java:logGet(43)) - raft.server.snapshot.auto.trigger.enabled = true (custom)
2019-09-12 10:19:37,392 [pool-49-thread-1] INFO  server.RaftServerConfigKeys (ConfUtils.java:logGet(43)) - raft.server.snapshot.auto.trigger.threshold = 10000 (custom)
2019-09-12 10:19:37,392 [pool-49-thread-1] INFO  server.RaftServerConfigKeys (ConfUtils.java:logGet(43)) - raft.server.retrycache.expirytime = 600000ms (custom)
2019-09-12 10:19:37,393 [pool-49-thread-1] INFO  impl.RaftServerImpl (RaftServerImpl.java:start(180)) - fed03dd0-19ae-4d47-80df-f7b6c0cc818c: start group-8C278D82F897
2019-09-12 10:19:37,393 [pool-49-thread-1] INFO  impl.RaftServerImpl (RaftServerImpl.java:setRole(171)) - fed03dd0-19ae-4d47-80df-f7b6c0cc818c:group-8C278D82F897 changes role from null to FOLLOWER at term 0 for startAsFollower
2019-09-12 10:19:37,393 [pool-49-thread-1] INFO  impl.RoleInfo (RoleInfo.java:updateAndGet(143)) - fed03dd0-19ae-4d47-80df-f7b6c0cc818c: start FollowerState
2019-09-12 10:19:37,393 [pool-49-thread-1] INFO  util.JmxRegister (JmxRegister.java:tryRegister(44)) - Successfully registered JMX Bean with object name Ratis:service=RaftServer,group=group-8C278D82F897,id=fed03dd0-19ae-4d47-80df-f7b6c0cc818c
2019-09-12 10:19:37,402 [RatisPipelineUtilsThread] INFO  pipeline.PipelineStateManager (PipelineStateManager.java:addPipeline(56)) - Created pipeline Pipeline[ Id: a8f6300f-60eb-4449-8df5-8c278d82f897, Nodes: fed03dd0-19ae-4d47-80df-f7b6c0cc818c{ip: 192.168.157.195, host: pr-hdds-1569-xtfnx-3545843844, networkLocation: /default-rack, certSerialId: null}, Type:RATIS, Factor:ONE, State:OPEN]
2019-09-12 10:19:37,423 [grpc-default-executor-0] INFO  impl.RaftServerProxy (RaftServerProxy.java:addNew(89)) - b23f64d4-8020-446d-bbe2-842f6640ef38: addNew group-7D976A5A1E04:[b23f64d4-8020-446d-bbe2-842f6640ef38:192.168.157.195:44376] returns group-7D976A5A1E04:java.util.concurrent.CompletableFuture@6b309ba3[Not completed]
2019-09-12 10:19:37,425 [pool-27-thread-1] INFO  impl.RaftServerImpl (RaftServerImpl.java:<init>(93)) - b23f64d4-8020-446d-bbe2-842f6640ef38: new RaftServerImpl for group-7D976A5A1E04:[b23f64d4-8020-446d-bbe2-842f6640ef38:192.168.157.195:44376] with ContainerStateMachine:uninitialized
2019-09-12 10:19:37,425 [pool-27-thread-1] INFO  server.RaftServerConfigKeys (ConfUtils.java:logGet(43)) - raft.server.rpc.timeout.min = 5s (custom)
2019-09-12 10:19:37,425 [pool-27-thread-1] INFO  server.RaftServerConfigKeys (ConfUtils.java:logGet(43)) - raft.server.rpc.timeout.max = 5200ms (custom)
2019-09-12 10:19:37,425 [pool-27-thread-1] INFO  server.RaftServerConfigKeys (ConfUtils.java:logGet(43)) - raft.server.rpcslowness.timeout = 120s (custom)
2019-09-12 10:19:37,426 [pool-27-thread-1] INFO  server.RaftServerConfigKeys (ConfUtils.java:logGet(43)) - raft.server.sleep.deviation.threshold = 300 (default)
2019-09-12 10:19:37,426 [pool-27-thread-1] INFO  server.RaftServerConfigKeys (ConfUtils.java:logGet(43)) - raft.server.log.appender.install.snapshot.enabled = false (custom)
2019-09-12 10:19:37,426 [pool-27-thread-1] INFO  impl.RaftServerImpl (ServerState.java:<init>(105)) - b23f64d4-8020-446d-bbe2-842f6640ef38:group-7D976A5A1E04 ConfigurationManager, init=-1: [b23f64d4-8020-446d-bbe2-842f6640ef38:192.168.157.195:44376], old=null, confs=<EMPTY_MAP>
2019-09-12 10:19:37,426 [pool-27-thread-1] INFO  server.RaftServerConfigKeys (ConfUtils.java:logGet(43)) - raft.server.storage.dir = [/workdir/hadoop-ozone/integration-test/target/test-dir/MiniOzoneClusterImpl-4d5e9512-7d5a-42a1-8e37-0d9e9dd50ba8/datanode-0/data/ratis] (custom)
2019-09-12 10:19:37,427 | INFO  | SCMAudit | user=jenkins1000 | ip=192.168.157.195 | op=SEND_HEARTBEAT {datanodeUUID=b23f64d4-8020-446d-bbe2-842f6640ef38, command=[]} | ret=SUCCESS |  
2019-09-12 10:19:37,427 [pool-27-thread-1] INFO  storage.RaftStorageDirectory (RaftStorageDirectory.java:analyzeStorage(246)) - The storage directory /workdir/hadoop-ozone/integration-test/target/test-dir/MiniOzoneClusterImpl-4d5e9512-7d5a-42a1-8e37-0d9e9dd50ba8/datanode-0/data/ratis/d836c7d2-22e0-4ece-b6c4-7d976a5a1e04 does not exist. Creating ...
2019-09-12 10:19:37,440 [pool-27-thread-1] INFO  storage.RaftStorageDirectory (RaftStorageDirectory.java:tryLock(328)) - Lock on /workdir/hadoop-ozone/integration-test/target/test-dir/MiniOzoneClusterImpl-4d5e9512-7d5a-42a1-8e37-0d9e9dd50ba8/datanode-0/data/ratis/d836c7d2-22e0-4ece-b6c4-7d976a5a1e04/in_use.lock acquired by nodename 9433@pr-hdds-1569-xtfnx-3545843844
2019-09-12 10:19:37,461 [pool-27-thread-1] INFO  storage.RaftStorage (RaftStorage.java:format(72)) - Storage directory /workdir/hadoop-ozone/integration-test/target/test-dir/MiniOzoneClusterImpl-4d5e9512-7d5a-42a1-8e37-0d9e9dd50ba8/datanode-0/data/ratis/d836c7d2-22e0-4ece-b6c4-7d976a5a1e04 has been successfully formatted.
2019-09-12 10:19:37,461 [pool-27-thread-1] INFO  ratis.ContainerStateMachine (ContainerStateMachine.java:loadSnapshot(226)) - group-7D976A5A1E04: The snapshot info is null. Setting the last applied indexto:(t:0, i:~)
2019-09-12 10:19:37,461 [pool-27-thread-1] INFO  server.RaftServerConfigKeys (ConfUtils.java:logGet(43)) - raft.server.leader.election.timeout = 120s (custom)
2019-09-12 10:19:37,462 [pool-27-thread-1] INFO  server.RaftServerConfigKeys (ConfUtils.java:logGet(43)) - raft.server.log.use.memory = false (default)
2019-09-12 10:19:37,462 [pool-27-thread-1] INFO  server.RaftServerConfigKeys (ConfUtils.java:logGet(43)) - raft.server.log.purge.gap = 1000000 (custom)
2019-09-12 10:19:37,462 [pool-27-thread-1] INFO  server.RaftServerConfigKeys (ConfUtils.java:logGet(43)) - raft.server.log.appender.buffer.byte-limit = 33554432 (custom)
2019-09-12 10:19:37,462 [pool-27-thread-1] INFO  server.RaftServerConfigKeys (ConfUtils.java:logGet(43)) - raft.server.log.segment.size.max = 1048576 (custom)
2019-09-12 10:19:37,462 [pool-27-thread-1] INFO  server.RaftServerConfigKeys (ConfUtils.java:logGet(43)) - raft.server.log.segment.cache.num.max = 2 (custom)
2019-09-12 10:19:37,463 [pool-27-thread-1] INFO  segmented.SegmentedRaftLogWorker (SegmentedRaftLogWorker.java:<init>(172)) - new b23f64d4-8020-446d-bbe2-842f6640ef38-SegmentedRaftLogWorker:Storage Directory /workdir/hadoop-ozone/integration-test/target/test-dir/MiniOzoneClusterImpl-4d5e9512-7d5a-42a1-8e37-0d9e9dd50ba8/datanode-0/data/ratis/d836c7d2-22e0-4ece-b6c4-7d976a5a1e04 for RaftStorage:Storage Directory /workdir/hadoop-ozone/integration-test/target/test-dir/MiniOzoneClusterImpl-4d5e9512-7d5a-42a1-8e37-0d9e9dd50ba8/datanode-0/data/ratis/d836c7d2-22e0-4ece-b6c4-7d976a5a1e04
2019-09-12 10:19:37,463 [pool-27-thread-1] INFO  server.RaftServerConfigKeys (ConfUtils.java:logGet(43)) - raft.server.log.queue.byte-limit = 2147483647 (custom)
2019-09-12 10:19:37,463 [pool-27-thread-1] INFO  server.RaftServerConfigKeys (ConfUtils.java:logGet(43)) - raft.server.log.queue.element-limit = 1024 (custom)
2019-09-12 10:19:37,463 [pool-27-thread-1] INFO  server.RaftServerConfigKeys (ConfUtils.java:logGet(43)) - raft.server.log.segment.size.max = 1048576 (custom)
2019-09-12 10:19:37,463 [pool-27-thread-1] INFO  server.RaftServerConfigKeys (ConfUtils.java:logGet(43)) - raft.server.log.preallocated.size = 16384 (custom)
2019-09-12 10:19:37,464 [pool-27-thread-1] INFO  server.RaftServerConfigKeys (ConfUtils.java:logGet(43)) - raft.server.log.write.buffer.size = 33554432 (custom)
2019-09-12 10:19:37,464 [pool-27-thread-1] INFO  server.RaftServerConfigKeys (ConfUtils.java:logGet(43)) - raft.server.log.force.sync.num = 128 (default)
2019-09-12 10:19:37,464 [pool-27-thread-1] INFO  server.RaftServerConfigKeys (ConfUtils.java:logGet(43)) - raft.server.log.statemachine.data.sync = true (default)
2019-09-12 10:19:37,464 [pool-27-thread-1] INFO  server.RaftServerConfigKeys (ConfUtils.java:logGet(43)) - raft.server.log.statemachine.data.sync.timeout = 10s (default)
2019-09-12 10:19:37,464 [pool-27-thread-1] INFO  server.RaftServerConfigKeys (ConfUtils.java:logGet(43)) - raft.server.log.statemachine.data.sync.timeout.retry = -1 (default)
2019-09-12 10:19:37,465 [pool-27-thread-1] INFO  server.RaftServerConfigKeys (ConfUtils.java:logGet(43)) - raft.server.log.statemachine.data.caching.enabled = true (custom)
2019-09-12 10:19:37,465 [pool-27-thread-1] INFO  segmented.SegmentedRaftLogWorker (SegmentedRaftLogWorker.java:lambda$new$0(132)) - b23f64d4-8020-446d-bbe2-842f6640ef38-SegmentedRaftLogWorker:Storage Directory /workdir/hadoop-ozone/integration-test/target/test-dir/MiniOzoneClusterImpl-4d5e9512-7d5a-42a1-8e37-0d9e9dd50ba8/datanode-0/data/ratis/d836c7d2-22e0-4ece-b6c4-7d976a5a1e04: flushIndex: setUnconditionally 0 -> -1
2019-09-12 10:19:37,466 [pool-27-thread-1] INFO  server.RaftServerConfigKeys (ConfUtils.java:logGet(43)) - raft.server.snapshot.auto.trigger.enabled = true (custom)
2019-09-12 10:19:37,466 [pool-27-thread-1] INFO  server.RaftServerConfigKeys (ConfUtils.java:logGet(43)) - raft.server.snapshot.auto.trigger.threshold = 10000 (custom)
2019-09-12 10:19:37,466 [pool-27-thread-1] INFO  server.RaftServerConfigKeys (ConfUtils.java:logGet(43)) - raft.server.retrycache.expirytime = 600000ms (custom)
2019-09-12 10:19:37,466 [pool-27-thread-1] INFO  impl.RaftServerImpl (RaftServerImpl.java:start(180)) - b23f64d4-8020-446d-bbe2-842f6640ef38: start group-7D976A5A1E04
2019-09-12 10:19:37,467 [pool-27-thread-1] INFO  impl.RaftServerImpl (RaftServerImpl.java:setRole(171)) - b23f64d4-8020-446d-bbe2-842f6640ef38:group-7D976A5A1E04 changes role from null to FOLLOWER at term 0 for startAsFollower
2019-09-12 10:19:37,467 [pool-27-thread-1] INFO  impl.RoleInfo (RoleInfo.java:updateAndGet(143)) - b23f64d4-8020-446d-bbe2-842f6640ef38: start FollowerState
2019-09-12 10:19:37,467 [pool-27-thread-1] INFO  util.JmxRegister (JmxRegister.java:tryRegister(44)) - Successfully registered JMX Bean with object name Ratis:service=RaftServer,group=group-7D976A5A1E04,id=b23f64d4-8020-446d-bbe2-842f6640ef38
2019-09-12 10:19:37,476 [RatisPipelineUtilsThread] INFO  pipeline.PipelineStateManager (PipelineStateManager.java:addPipeline(56)) - Created pipeline Pipeline[ Id: d836c7d2-22e0-4ece-b6c4-7d976a5a1e04, Nodes: b23f64d4-8020-446d-bbe2-842f6640ef38{ip: 192.168.157.195, host: pr-hdds-1569-xtfnx-3545843844, networkLocation: /default-rack, certSerialId: null}, Type:RATIS, Factor:ONE, State:OPEN]
2019-09-12 10:19:37,490 [grpc-default-executor-0] INFO  impl.RaftServerProxy (RaftServerProxy.java:addNew(89)) - ad4c2123-5d66-4058-a486-75b7e9920b2b: addNew group-E83D450FC966:[ad4c2123-5d66-4058-a486-75b7e9920b2b:192.168.157.195:38581] returns group-E83D450FC966:java.util.concurrent.CompletableFuture@63ce27f1[Not completed]
2019-09-12 10:19:37,492 [pool-38-thread-1] INFO  impl.RaftServerImpl (RaftServerImpl.java:<init>(93)) - ad4c2123-5d66-4058-a486-75b7e9920b2b: new RaftServerImpl for group-E83D450FC966:[ad4c2123-5d66-4058-a486-75b7e9920b2b:192.168.157.195:38581] with ContainerStateMachine:uninitialized
2019-09-12 10:19:37,492 [pool-38-thread-1] INFO  server.RaftServerConfigKeys (ConfUtils.java:logGet(43)) - raft.server.rpc.timeout.min = 5s (custom)
2019-09-12 10:19:37,493 [pool-38-thread-1] INFO  server.RaftServerConfigKeys (ConfUtils.java:logGet(43)) - raft.server.rpc.timeout.max = 5200ms (custom)
2019-09-12 10:19:37,493 [pool-38-thread-1] INFO  server.RaftServerConfigKeys (ConfUtils.java:logGet(43)) - raft.server.rpcslowness.timeout = 120s (custom)
2019-09-12 10:19:37,493 [pool-38-thread-1] INFO  server.RaftServerConfigKeys (ConfUtils.java:logGet(43)) - raft.server.sleep.deviation.threshold = 300 (default)
2019-09-12 10:19:37,493 [pool-38-thread-1] INFO  server.RaftServerConfigKeys (ConfUtils.java:logGet(43)) - raft.server.log.appender.install.snapshot.enabled = false (custom)
2019-09-12 10:19:37,493 [pool-38-thread-1] INFO  impl.RaftServerImpl (ServerState.java:<init>(105)) - ad4c2123-5d66-4058-a486-75b7e9920b2b:group-E83D450FC966 ConfigurationManager, init=-1: [ad4c2123-5d66-4058-a486-75b7e9920b2b:192.168.157.195:38581], old=null, confs=<EMPTY_MAP>
2019-09-12 10:19:37,494 [pool-38-thread-1] INFO  server.RaftServerConfigKeys (ConfUtils.java:logGet(43)) - raft.server.storage.dir = [/workdir/hadoop-ozone/integration-test/target/test-dir/MiniOzoneClusterImpl-4d5e9512-7d5a-42a1-8e37-0d9e9dd50ba8/datanode-1/data/ratis] (custom)
2019-09-12 10:19:37,494 [pool-38-thread-1] INFO  storage.RaftStorageDirectory (RaftStorageDirectory.java:analyzeStorage(246)) - The storage directory /workdir/hadoop-ozone/integration-test/target/test-dir/MiniOzoneClusterImpl-4d5e9512-7d5a-42a1-8e37-0d9e9dd50ba8/datanode-1/data/ratis/8e9041f5-fd87-465c-89af-e83d450fc966 does not exist. Creating ...
2019-09-12 10:19:37,507 [pool-38-thread-1] INFO  storage.RaftStorageDirectory (RaftStorageDirectory.java:tryLock(328)) - Lock on /workdir/hadoop-ozone/integration-test/target/test-dir/MiniOzoneClusterImpl-4d5e9512-7d5a-42a1-8e37-0d9e9dd50ba8/datanode-1/data/ratis/8e9041f5-fd87-465c-89af-e83d450fc966/in_use.lock acquired by nodename 9433@pr-hdds-1569-xtfnx-3545843844
2019-09-12 10:19:37,521 [pool-38-thread-1] INFO  storage.RaftStorage (RaftStorage.java:format(72)) - Storage directory /workdir/hadoop-ozone/integration-test/target/test-dir/MiniOzoneClusterImpl-4d5e9512-7d5a-42a1-8e37-0d9e9dd50ba8/datanode-1/data/ratis/8e9041f5-fd87-465c-89af-e83d450fc966 has been successfully formatted.
2019-09-12 10:19:37,521 [pool-38-thread-1] INFO  ratis.ContainerStateMachine (ContainerStateMachine.java:loadSnapshot(226)) - group-E83D450FC966: The snapshot info is null. Setting the last applied indexto:(t:0, i:~)
2019-09-12 10:19:37,522 [pool-38-thread-1] INFO  server.RaftServerConfigKeys (ConfUtils.java:logGet(43)) - raft.server.leader.election.timeout = 120s (custom)
2019-09-12 10:19:37,522 [pool-38-thread-1] INFO  server.RaftServerConfigKeys (ConfUtils.java:logGet(43)) - raft.server.log.use.memory = false (default)
2019-09-12 10:19:37,522 [pool-38-thread-1] INFO  server.RaftServerConfigKeys (ConfUtils.java:logGet(43)) - raft.server.log.purge.gap = 1000000 (custom)
2019-09-12 10:19:37,522 [pool-38-thread-1] INFO  server.RaftServerConfigKeys (ConfUtils.java:logGet(43)) - raft.server.log.appender.buffer.byte-limit = 33554432 (custom)
2019-09-12 10:19:37,522 [pool-38-thread-1] INFO  server.RaftServerConfigKeys (ConfUtils.java:logGet(43)) - raft.server.log.segment.size.max = 1048576 (custom)
2019-09-12 10:19:37,522 [pool-38-thread-1] INFO  server.RaftServerConfigKeys (ConfUtils.java:logGet(43)) - raft.server.log.segment.cache.num.max = 2 (custom)
2019-09-12 10:19:37,523 [pool-38-thread-1] INFO  segmented.SegmentedRaftLogWorker (SegmentedRaftLogWorker.java:<init>(172)) - new ad4c2123-5d66-4058-a486-75b7e9920b2b-SegmentedRaftLogWorker:Storage Directory /workdir/hadoop-ozone/integration-test/target/test-dir/MiniOzoneClusterImpl-4d5e9512-7d5a-42a1-8e37-0d9e9dd50ba8/datanode-1/data/ratis/8e9041f5-fd87-465c-89af-e83d450fc966 for RaftStorage:Storage Directory /workdir/hadoop-ozone/integration-test/target/test-dir/MiniOzoneClusterImpl-4d5e9512-7d5a-42a1-8e37-0d9e9dd50ba8/datanode-1/data/ratis/8e9041f5-fd87-465c-89af-e83d450fc966
2019-09-12 10:19:37,523 [pool-38-thread-1] INFO  server.RaftServerConfigKeys (ConfUtils.java:logGet(43)) - raft.server.log.queue.byte-limit = 2147483647 (custom)
2019-09-12 10:19:37,523 [pool-38-thread-1] INFO  server.RaftServerConfigKeys (ConfUtils.java:logGet(43)) - raft.server.log.queue.element-limit = 1024 (custom)
2019-09-12 10:19:37,523 [pool-38-thread-1] INFO  server.RaftServerConfigKeys (ConfUtils.java:logGet(43)) - raft.server.log.segment.size.max = 1048576 (custom)
2019-09-12 10:19:37,523 [pool-38-thread-1] INFO  server.RaftServerConfigKeys (ConfUtils.java:logGet(43)) - raft.server.log.preallocated.size = 16384 (custom)
2019-09-12 10:19:37,524 [pool-38-thread-1] INFO  server.RaftServerConfigKeys (ConfUtils.java:logGet(43)) - raft.server.log.write.buffer.size = 33554432 (custom)
2019-09-12 10:19:37,524 [pool-38-thread-1] INFO  server.RaftServerConfigKeys (ConfUtils.java:logGet(43)) - raft.server.log.force.sync.num = 128 (default)
2019-09-12 10:19:37,524 [pool-38-thread-1] INFO  server.RaftServerConfigKeys (ConfUtils.java:logGet(43)) - raft.server.log.statemachine.data.sync = true (default)
2019-09-12 10:19:37,524 [pool-38-thread-1] INFO  server.RaftServerConfigKeys (ConfUtils.java:logGet(43)) - raft.server.log.statemachine.data.sync.timeout = 10s (default)
2019-09-12 10:19:37,524 [pool-38-thread-1] INFO  server.RaftServerConfigKeys (ConfUtils.java:logGet(43)) - raft.server.log.statemachine.data.sync.timeout.retry = -1 (default)
2019-09-12 10:19:37,525 [pool-38-thread-1] INFO  server.RaftServerConfigKeys (ConfUtils.java:logGet(43)) - raft.server.log.statemachine.data.caching.enabled = true (custom)
2019-09-12 10:19:37,525 [pool-38-thread-1] INFO  segmented.SegmentedRaftLogWorker (SegmentedRaftLogWorker.java:lambda$new$0(132)) - ad4c2123-5d66-4058-a486-75b7e9920b2b-SegmentedRaftLogWorker:Storage Directory /workdir/hadoop-ozone/integration-test/target/test-dir/MiniOzoneClusterImpl-4d5e9512-7d5a-42a1-8e37-0d9e9dd50ba8/datanode-1/data/ratis/8e9041f5-fd87-465c-89af-e83d450fc966: flushIndex: setUnconditionally 0 -> -1
2019-09-12 10:19:37,525 [pool-38-thread-1] INFO  server.RaftServerConfigKeys (ConfUtils.java:logGet(43)) - raft.server.snapshot.auto.trigger.enabled = true (custom)
2019-09-12 10:19:37,526 [pool-38-thread-1] INFO  server.RaftServerConfigKeys (ConfUtils.java:logGet(43)) - raft.server.snapshot.auto.trigger.threshold = 10000 (custom)
2019-09-12 10:19:37,526 [pool-38-thread-1] INFO  server.RaftServerConfigKeys (ConfUtils.java:logGet(43)) - raft.server.retrycache.expirytime = 600000ms (custom)
2019-09-12 10:19:37,526 [pool-38-thread-1] INFO  impl.RaftServerImpl (RaftServerImpl.java:start(180)) - ad4c2123-5d66-4058-a486-75b7e9920b2b: start group-E83D450FC966
2019-09-12 10:19:37,526 [pool-38-thread-1] INFO  impl.RaftServerImpl (RaftServerImpl.java:setRole(171)) - ad4c2123-5d66-4058-a486-75b7e9920b2b:group-E83D450FC966 changes role from null to FOLLOWER at term 0 for startAsFollower
2019-09-12 10:19:37,527 [pool-38-thread-1] INFO  impl.RoleInfo (RoleInfo.java:updateAndGet(143)) - ad4c2123-5d66-4058-a486-75b7e9920b2b: start FollowerState
2019-09-12 10:19:37,527 [pool-38-thread-1] INFO  util.JmxRegister (JmxRegister.java:tryRegister(44)) - Successfully registered JMX Bean with object name Ratis:service=RaftServer,group=group-E83D450FC966,id=ad4c2123-5d66-4058-a486-75b7e9920b2b
2019-09-12 10:19:37,535 [RatisPipelineUtilsThread] INFO  pipeline.PipelineStateManager (PipelineStateManager.java:addPipeline(56)) - Created pipeline Pipeline[ Id: 8e9041f5-fd87-465c-89af-e83d450fc966, Nodes: ad4c2123-5d66-4058-a486-75b7e9920b2b{ip: 192.168.157.195, host: pr-hdds-1569-xtfnx-3545843844, networkLocation: /default-rack, certSerialId: null}, Type:RATIS, Factor:ONE, State:OPEN]
2019-09-12 10:19:37,556 [grpc-default-executor-0] INFO  impl.RaftServerProxy (RaftServerProxy.java:addNew(89)) - fed03dd0-19ae-4d47-80df-f7b6c0cc818c: addNew group-34501D5A7A5E:[fed03dd0-19ae-4d47-80df-f7b6c0cc818c:192.168.157.195:40326] returns group-34501D5A7A5E:java.util.concurrent.CompletableFuture@38d81e7a[Not completed]
2019-09-12 10:19:37,559 [pool-49-thread-1] INFO  impl.RaftServerImpl (RaftServerImpl.java:<init>(93)) - fed03dd0-19ae-4d47-80df-f7b6c0cc818c: new RaftServerImpl for group-34501D5A7A5E:[fed03dd0-19ae-4d47-80df-f7b6c0cc818c:192.168.157.195:40326] with ContainerStateMachine:uninitialized
2019-09-12 10:19:37,559 [pool-49-thread-1] INFO  server.RaftServerConfigKeys (ConfUtils.java:logGet(43)) - raft.server.rpc.timeout.min = 5s (custom)
2019-09-12 10:19:37,560 [pool-49-thread-1] INFO  server.RaftServerConfigKeys (ConfUtils.java:logGet(43)) - raft.server.rpc.timeout.max = 5200ms (custom)
2019-09-12 10:19:37,560 [pool-49-thread-1] INFO  server.RaftServerConfigKeys (ConfUtils.java:logGet(43)) - raft.server.rpcslowness.timeout = 120s (custom)
2019-09-12 10:19:37,560 [pool-49-thread-1] INFO  server.RaftServerConfigKeys (ConfUtils.java:logGet(43)) - raft.server.sleep.deviation.threshold = 300 (default)
2019-09-12 10:19:37,560 [pool-49-thread-1] INFO  server.RaftServerConfigKeys (ConfUtils.java:logGet(43)) - raft.server.log.appender.install.snapshot.enabled = false (custom)
2019-09-12 10:19:37,561 [pool-49-thread-1] INFO  impl.RaftServerImpl (ServerState.java:<init>(105)) - fed03dd0-19ae-4d47-80df-f7b6c0cc818c:group-34501D5A7A5E ConfigurationManager, init=-1: [fed03dd0-19ae-4d47-80df-f7b6c0cc818c:192.168.157.195:40326], old=null, confs=<EMPTY_MAP>
2019-09-12 10:19:37,561 [pool-49-thread-1] INFO  server.RaftServerConfigKeys (ConfUtils.java:logGet(43)) - raft.server.storage.dir = [/workdir/hadoop-ozone/integration-test/target/test-dir/MiniOzoneClusterImpl-4d5e9512-7d5a-42a1-8e37-0d9e9dd50ba8/datanode-2/data/ratis] (custom)
2019-09-12 10:19:37,562 [pool-49-thread-1] INFO  storage.RaftStorageDirectory (RaftStorageDirectory.java:analyzeStorage(246)) - The storage directory /workdir/hadoop-ozone/integration-test/target/test-dir/MiniOzoneClusterImpl-4d5e9512-7d5a-42a1-8e37-0d9e9dd50ba8/datanode-2/data/ratis/d86a2205-b13d-4003-ba51-34501d5a7a5e does not exist. Creating ...
2019-09-12 10:19:37,575 [pool-49-thread-1] INFO  storage.RaftStorageDirectory (RaftStorageDirectory.java:tryLock(328)) - Lock on /workdir/hadoop-ozone/integration-test/target/test-dir/MiniOzoneClusterImpl-4d5e9512-7d5a-42a1-8e37-0d9e9dd50ba8/datanode-2/data/ratis/d86a2205-b13d-4003-ba51-34501d5a7a5e/in_use.lock acquired by nodename 9433@pr-hdds-1569-xtfnx-3545843844
2019-09-12 10:19:37,588 [pool-49-thread-1] INFO  storage.RaftStorage (RaftStorage.java:format(72)) - Storage directory /workdir/hadoop-ozone/integration-test/target/test-dir/MiniOzoneClusterImpl-4d5e9512-7d5a-42a1-8e37-0d9e9dd50ba8/datanode-2/data/ratis/d86a2205-b13d-4003-ba51-34501d5a7a5e has been successfully formatted.
2019-09-12 10:19:37,589 [pool-49-thread-1] INFO  ratis.ContainerStateMachine (ContainerStateMachine.java:loadSnapshot(226)) - group-34501D5A7A5E: The snapshot info is null. Setting the last applied indexto:(t:0, i:~)
2019-09-12 10:19:37,589 [pool-49-thread-1] INFO  server.RaftServerConfigKeys (ConfUtils.java:logGet(43)) - raft.server.leader.election.timeout = 120s (custom)
2019-09-12 10:19:37,589 [pool-49-thread-1] INFO  server.RaftServerConfigKeys (ConfUtils.java:logGet(43)) - raft.server.log.use.memory = false (default)
2019-09-12 10:19:37,589 [pool-49-thread-1] INFO  server.RaftServerConfigKeys (ConfUtils.java:logGet(43)) - raft.server.log.purge.gap = 1000000 (custom)
2019-09-12 10:19:37,589 [pool-49-thread-1] INFO  server.RaftServerConfigKeys (ConfUtils.java:logGet(43)) - raft.server.log.appender.buffer.byte-limit = 33554432 (custom)
2019-09-12 10:19:37,590 [pool-49-thread-1] INFO  server.RaftServerConfigKeys (ConfUtils.java:logGet(43)) - raft.server.log.segment.size.max = 1048576 (custom)
2019-09-12 10:19:37,590 [pool-49-thread-1] INFO  server.RaftServerConfigKeys (ConfUtils.java:logGet(43)) - raft.server.log.segment.cache.num.max = 2 (custom)
2019-09-12 10:19:37,590 [pool-49-thread-1] INFO  segmented.SegmentedRaftLogWorker (SegmentedRaftLogWorker.java:<init>(172)) - new fed03dd0-19ae-4d47-80df-f7b6c0cc818c-SegmentedRaftLogWorker:Storage Directory /workdir/hadoop-ozone/integration-test/target/test-dir/MiniOzoneClusterImpl-4d5e9512-7d5a-42a1-8e37-0d9e9dd50ba8/datanode-2/data/ratis/d86a2205-b13d-4003-ba51-34501d5a7a5e for RaftStorage:Storage Directory /workdir/hadoop-ozone/integration-test/target/test-dir/MiniOzoneClusterImpl-4d5e9512-7d5a-42a1-8e37-0d9e9dd50ba8/datanode-2/data/ratis/d86a2205-b13d-4003-ba51-34501d5a7a5e
2019-09-12 10:19:37,590 [pool-49-thread-1] INFO  server.RaftServerConfigKeys (ConfUtils.java:logGet(43)) - raft.server.log.queue.byte-limit = 2147483647 (custom)
2019-09-12 10:19:37,590 [pool-49-thread-1] INFO  server.RaftServerConfigKeys (ConfUtils.java:logGet(43)) - raft.server.log.queue.element-limit = 1024 (custom)
2019-09-12 10:19:37,590 [pool-49-thread-1] INFO  server.RaftServerConfigKeys (ConfUtils.java:logGet(43)) - raft.server.log.segment.size.max = 1048576 (custom)
2019-09-12 10:19:37,590 [pool-49-thread-1] INFO  server.RaftServerConfigKeys (ConfUtils.java:logGet(43)) - raft.server.log.preallocated.size = 16384 (custom)
2019-09-12 10:19:37,591 [pool-49-thread-1] INFO  server.RaftServerConfigKeys (ConfUtils.java:logGet(43)) - raft.server.log.write.buffer.size = 33554432 (custom)
2019-09-12 10:19:37,591 [pool-49-thread-1] INFO  server.RaftServerConfigKeys (ConfUtils.java:logGet(43)) - raft.server.log.force.sync.num = 128 (default)
2019-09-12 10:19:37,591 [pool-49-thread-1] INFO  server.RaftServerConfigKeys (ConfUtils.java:logGet(43)) - raft.server.log.statemachine.data.sync = true (default)
2019-09-12 10:19:37,591 [pool-49-thread-1] INFO  server.RaftServerConfigKeys (ConfUtils.java:logGet(43)) - raft.server.log.statemachine.data.sync.timeout = 10s (default)
2019-09-12 10:19:37,591 [pool-49-thread-1] INFO  server.RaftServerConfigKeys (ConfUtils.java:logGet(43)) - raft.server.log.statemachine.data.sync.timeout.retry = -1 (default)
2019-09-12 10:19:37,591 [pool-49-thread-1] INFO  server.RaftServerConfigKeys (ConfUtils.java:logGet(43)) - raft.server.log.statemachine.data.caching.enabled = true (custom)
2019-09-12 10:19:37,592 [pool-49-thread-1] INFO  segmented.SegmentedRaftLogWorker (SegmentedRaftLogWorker.java:lambda$new$0(132)) - fed03dd0-19ae-4d47-80df-f7b6c0cc818c-SegmentedRaftLogWorker:Storage Directory /workdir/hadoop-ozone/integration-test/target/test-dir/MiniOzoneClusterImpl-4d5e9512-7d5a-42a1-8e37-0d9e9dd50ba8/datanode-2/data/ratis/d86a2205-b13d-4003-ba51-34501d5a7a5e: flushIndex: setUnconditionally 0 -> -1
2019-09-12 10:19:37,592 [pool-49-thread-1] INFO  server.RaftServerConfigKeys (ConfUtils.java:logGet(43)) - raft.server.snapshot.auto.trigger.enabled = true (custom)
2019-09-12 10:19:37,592 [pool-49-thread-1] INFO  server.RaftServerConfigKeys (ConfUtils.java:logGet(43)) - raft.server.snapshot.auto.trigger.threshold = 10000 (custom)
2019-09-12 10:19:37,593 [pool-49-thread-1] INFO  server.RaftServerConfigKeys (ConfUtils.java:logGet(43)) - raft.server.retrycache.expirytime = 600000ms (custom)
2019-09-12 10:19:37,593 [pool-49-thread-1] INFO  impl.RaftServerImpl (RaftServerImpl.java:start(180)) - fed03dd0-19ae-4d47-80df-f7b6c0cc818c: start group-34501D5A7A5E
2019-09-12 10:19:37,593 [pool-49-thread-1] INFO  impl.RaftServerImpl (RaftServerImpl.java:setRole(171)) - fed03dd0-19ae-4d47-80df-f7b6c0cc818c:group-34501D5A7A5E changes role from null to FOLLOWER at term 0 for startAsFollower
2019-09-12 10:19:37,593 [pool-49-thread-1] INFO  impl.RoleInfo (RoleInfo.java:updateAndGet(143)) - fed03dd0-19ae-4d47-80df-f7b6c0cc818c: start FollowerState
2019-09-12 10:19:37,594 [pool-49-thread-1] INFO  util.JmxRegister (JmxRegister.java:tryRegister(44)) - Successfully registered JMX Bean with object name Ratis:service=RaftServer,group=group-34501D5A7A5E,id=fed03dd0-19ae-4d47-80df-f7b6c0cc818c
2019-09-12 10:19:37,604 [RatisPipelineUtilsThread] INFO  pipeline.PipelineStateManager (PipelineStateManager.java:addPipeline(56)) - Created pipeline Pipeline[ Id: d86a2205-b13d-4003-ba51-34501d5a7a5e, Nodes: fed03dd0-19ae-4d47-80df-f7b6c0cc818c{ip: 192.168.157.195, host: pr-hdds-1569-xtfnx-3545843844, networkLocation: /default-rack, certSerialId: null}, Type:RATIS, Factor:ONE, State:OPEN]
2019-09-12 10:19:37,615 [grpc-default-executor-0] INFO  impl.RaftServerProxy (RaftServerProxy.java:addNew(89)) - fed03dd0-19ae-4d47-80df-f7b6c0cc818c: addNew group-5F94D5854108:[fed03dd0-19ae-4d47-80df-f7b6c0cc818c:192.168.157.195:40326] returns group-5F94D5854108:java.util.concurrent.CompletableFuture@14fee530[Not completed]
2019-09-12 10:19:37,616 [pool-49-thread-1] INFO  impl.RaftServerImpl (RaftServerImpl.java:<init>(93)) - fed03dd0-19ae-4d47-80df-f7b6c0cc818c: new RaftServerImpl for group-5F94D5854108:[fed03dd0-19ae-4d47-80df-f7b6c0cc818c:192.168.157.195:40326] with ContainerStateMachine:uninitialized
2019-09-12 10:19:37,617 [pool-49-thread-1] INFO  server.RaftServerConfigKeys (ConfUtils.java:logGet(43)) - raft.server.rpc.timeout.min = 5s (custom)
2019-09-12 10:19:37,617 [pool-49-thread-1] INFO  server.RaftServerConfigKeys (ConfUtils.java:logGet(43)) - raft.server.rpc.timeout.max = 5200ms (custom)
2019-09-12 10:19:37,617 [pool-49-thread-1] INFO  server.RaftServerConfigKeys (ConfUtils.java:logGet(43)) - raft.server.rpcslowness.timeout = 120s (custom)
2019-09-12 10:19:37,617 [pool-49-thread-1] INFO  server.RaftServerConfigKeys (ConfUtils.java:logGet(43)) - raft.server.sleep.deviation.threshold = 300 (default)
2019-09-12 10:19:37,617 [pool-49-thread-1] INFO  server.RaftServerConfigKeys (ConfUtils.java:logGet(43)) - raft.server.log.appender.install.snapshot.enabled = false (custom)
2019-09-12 10:19:37,617 [pool-49-thread-1] INFO  impl.RaftServerImpl (ServerState.java:<init>(105)) - fed03dd0-19ae-4d47-80df-f7b6c0cc818c:group-5F94D5854108 ConfigurationManager, init=-1: [fed03dd0-19ae-4d47-80df-f7b6c0cc818c:192.168.157.195:40326], old=null, confs=<EMPTY_MAP>
2019-09-12 10:19:37,617 [pool-49-thread-1] INFO  server.RaftServerConfigKeys (ConfUtils.java:logGet(43)) - raft.server.storage.dir = [/workdir/hadoop-ozone/integration-test/target/test-dir/MiniOzoneClusterImpl-4d5e9512-7d5a-42a1-8e37-0d9e9dd50ba8/datanode-2/data/ratis] (custom)
2019-09-12 10:19:37,618 [pool-49-thread-1] INFO  storage.RaftStorageDirectory (RaftStorageDirectory.java:analyzeStorage(246)) - The storage directory /workdir/hadoop-ozone/integration-test/target/test-dir/MiniOzoneClusterImpl-4d5e9512-7d5a-42a1-8e37-0d9e9dd50ba8/datanode-2/data/ratis/436988d3-691f-40a1-952e-5f94d5854108 does not exist. Creating ...
2019-09-12 10:19:37,630 [pool-49-thread-1] INFO  storage.RaftStorageDirectory (RaftStorageDirectory.java:tryLock(328)) - Lock on /workdir/hadoop-ozone/integration-test/target/test-dir/MiniOzoneClusterImpl-4d5e9512-7d5a-42a1-8e37-0d9e9dd50ba8/datanode-2/data/ratis/436988d3-691f-40a1-952e-5f94d5854108/in_use.lock acquired by nodename 9433@pr-hdds-1569-xtfnx-3545843844
2019-09-12 10:19:37,643 [pool-49-thread-1] INFO  storage.RaftStorage (RaftStorage.java:format(72)) - Storage directory /workdir/hadoop-ozone/integration-test/target/test-dir/MiniOzoneClusterImpl-4d5e9512-7d5a-42a1-8e37-0d9e9dd50ba8/datanode-2/data/ratis/436988d3-691f-40a1-952e-5f94d5854108 has been successfully formatted.
2019-09-12 10:19:37,643 [pool-49-thread-1] INFO  ratis.ContainerStateMachine (ContainerStateMachine.java:loadSnapshot(226)) - group-5F94D5854108: The snapshot info is null. Setting the last applied indexto:(t:0, i:~)
2019-09-12 10:19:37,644 [pool-49-thread-1] INFO  server.RaftServerConfigKeys (ConfUtils.java:logGet(43)) - raft.server.leader.election.timeout = 120s (custom)
2019-09-12 10:19:37,644 [pool-49-thread-1] INFO  server.RaftServerConfigKeys (ConfUtils.java:logGet(43)) - raft.server.log.use.memory = false (default)
2019-09-12 10:19:37,644 [pool-49-thread-1] INFO  server.RaftServerConfigKeys (ConfUtils.java:logGet(43)) - raft.server.log.purge.gap = 1000000 (custom)
2019-09-12 10:19:37,644 [pool-49-thread-1] INFO  server.RaftServerConfigKeys (ConfUtils.java:logGet(43)) - raft.server.log.appender.buffer.byte-limit = 33554432 (custom)
2019-09-12 10:19:37,644 [pool-49-thread-1] INFO  server.RaftServerConfigKeys (ConfUtils.java:logGet(43)) - raft.server.log.segment.size.max = 1048576 (custom)
2019-09-12 10:19:37,644 [pool-49-thread-1] INFO  server.RaftServerConfigKeys (ConfUtils.java:logGet(43)) - raft.server.log.segment.cache.num.max = 2 (custom)
2019-09-12 10:19:37,644 [pool-49-thread-1] INFO  segmented.SegmentedRaftLogWorker (SegmentedRaftLogWorker.java:<init>(172)) - new fed03dd0-19ae-4d47-80df-f7b6c0cc818c-SegmentedRaftLogWorker:Storage Directory /workdir/hadoop-ozone/integration-test/target/test-dir/MiniOzoneClusterImpl-4d5e9512-7d5a-42a1-8e37-0d9e9dd50ba8/datanode-2/data/ratis/436988d3-691f-40a1-952e-5f94d5854108 for RaftStorage:Storage Directory /workdir/hadoop-ozone/integration-test/target/test-dir/MiniOzoneClusterImpl-4d5e9512-7d5a-42a1-8e37-0d9e9dd50ba8/datanode-2/data/ratis/436988d3-691f-40a1-952e-5f94d5854108
2019-09-12 10:19:37,644 [pool-49-thread-1] INFO  server.RaftServerConfigKeys (ConfUtils.java:logGet(43)) - raft.server.log.queue.byte-limit = 2147483647 (custom)
2019-09-12 10:19:37,645 [pool-49-thread-1] INFO  server.RaftServerConfigKeys (ConfUtils.java:logGet(43)) - raft.server.log.queue.element-limit = 1024 (custom)
2019-09-12 10:19:37,645 [pool-49-thread-1] INFO  server.RaftServerConfigKeys (ConfUtils.java:logGet(43)) - raft.server.log.segment.size.max = 1048576 (custom)
2019-09-12 10:19:37,645 [pool-49-thread-1] INFO  server.RaftServerConfigKeys (ConfUtils.java:logGet(43)) - raft.server.log.preallocated.size = 16384 (custom)
2019-09-12 10:19:37,645 [pool-49-thread-1] INFO  server.RaftServerConfigKeys (ConfUtils.java:logGet(43)) - raft.server.log.write.buffer.size = 33554432 (custom)
2019-09-12 10:19:37,645 [pool-49-thread-1] INFO  server.RaftServerConfigKeys (ConfUtils.java:logGet(43)) - raft.server.log.force.sync.num = 128 (default)
2019-09-12 10:19:37,645 [pool-49-thread-1] INFO  server.RaftServerConfigKeys (ConfUtils.java:logGet(43)) - raft.server.log.statemachine.data.sync = true (default)
2019-09-12 10:19:37,645 [pool-49-thread-1] INFO  server.RaftServerConfigKeys (ConfUtils.java:logGet(43)) - raft.server.log.statemachine.data.sync.timeout = 10s (default)
2019-09-12 10:19:37,645 [pool-49-thread-1] INFO  server.RaftServerConfigKeys (ConfUtils.java:logGet(43)) - raft.server.log.statemachine.data.sync.timeout.retry = -1 (default)
2019-09-12 10:19:37,646 [pool-49-thread-1] INFO  server.RaftServerConfigKeys (ConfUtils.java:logGet(43)) - raft.server.log.statemachine.data.caching.enabled = true (custom)
2019-09-12 10:19:37,646 [pool-49-thread-1] INFO  segmented.SegmentedRaftLogWorker (SegmentedRaftLogWorker.java:lambda$new$0(132)) - fed03dd0-19ae-4d47-80df-f7b6c0cc818c-SegmentedRaftLogWorker:Storage Directory /workdir/hadoop-ozone/integration-test/target/test-dir/MiniOzoneClusterImpl-4d5e9512-7d5a-42a1-8e37-0d9e9dd50ba8/datanode-2/data/ratis/436988d3-691f-40a1-952e-5f94d5854108: flushIndex: setUnconditionally 0 -> -1
2019-09-12 10:19:37,646 [pool-49-thread-1] INFO  server.RaftServerConfigKeys (ConfUtils.java:logGet(43)) - raft.server.snapshot.auto.trigger.enabled = true (custom)
2019-09-12 10:19:37,646 [pool-49-thread-1] INFO  server.RaftServerConfigKeys (ConfUtils.java:logGet(43)) - raft.server.snapshot.auto.trigger.threshold = 10000 (custom)
2019-09-12 10:19:37,647 [pool-49-thread-1] INFO  server.RaftServerConfigKeys (ConfUtils.java:logGet(43)) - raft.server.retrycache.expirytime = 600000ms (custom)
2019-09-12 10:19:37,647 [pool-49-thread-1] INFO  impl.RaftServerImpl (RaftServerImpl.java:start(180)) - fed03dd0-19ae-4d47-80df-f7b6c0cc818c: start group-5F94D5854108
2019-09-12 10:19:37,647 [pool-49-thread-1] INFO  impl.RaftServerImpl (RaftServerImpl.java:setRole(171)) - fed03dd0-19ae-4d47-80df-f7b6c0cc818c:group-5F94D5854108 changes role from null to FOLLOWER at term 0 for startAsFollower
2019-09-12 10:19:37,647 [pool-49-thread-1] INFO  impl.RoleInfo (RoleInfo.java:updateAndGet(143)) - fed03dd0-19ae-4d47-80df-f7b6c0cc818c: start FollowerState
2019-09-12 10:19:37,647 [pool-49-thread-1] INFO  util.JmxRegister (JmxRegister.java:tryRegister(44)) - Successfully registered JMX Bean with object name Ratis:service=RaftServer,group=group-5F94D5854108,id=fed03dd0-19ae-4d47-80df-f7b6c0cc818c
2019-09-12 10:19:37,652 [RatisPipelineUtilsThread] INFO  pipeline.PipelineStateManager (PipelineStateManager.java:addPipeline(56)) - Created pipeline Pipeline[ Id: 436988d3-691f-40a1-952e-5f94d5854108, Nodes: fed03dd0-19ae-4d47-80df-f7b6c0cc818c{ip: 192.168.157.195, host: pr-hdds-1569-xtfnx-3545843844, networkLocation: /default-rack, certSerialId: null}, Type:RATIS, Factor:ONE, State:OPEN]
2019-09-12 10:19:37,653 [RatisPipelineUtilsThread] ERROR pipeline.PipelinePlacementPolicy (PipelinePlacementPolicy.java:meetCriteria(91)) - Pipeline Placement: Doesn't meet the criteria to be viable node. Heaviness: 6
2019-09-12 10:19:37,664 [grpc-default-executor-0] INFO  impl.RaftServerProxy (RaftServerProxy.java:addNew(89)) - ad4c2123-5d66-4058-a486-75b7e9920b2b: addNew group-E4093CBFEB35:[ad4c2123-5d66-4058-a486-75b7e9920b2b:192.168.157.195:38581] returns group-E4093CBFEB35:java.util.concurrent.CompletableFuture@60b95198[Not completed]
2019-09-12 10:19:37,665 [pool-38-thread-1] INFO  impl.RaftServerImpl (RaftServerImpl.java:<init>(93)) - ad4c2123-5d66-4058-a486-75b7e9920b2b: new RaftServerImpl for group-E4093CBFEB35:[ad4c2123-5d66-4058-a486-75b7e9920b2b:192.168.157.195:38581] with ContainerStateMachine:uninitialized
2019-09-12 10:19:37,665 [pool-38-thread-1] INFO  server.RaftServerConfigKeys (ConfUtils.java:logGet(43)) - raft.server.rpc.timeout.min = 5s (custom)
2019-09-12 10:19:37,666 [pool-38-thread-1] INFO  server.RaftServerConfigKeys (ConfUtils.java:logGet(43)) - raft.server.rpc.timeout.max = 5200ms (custom)
2019-09-12 10:19:37,666 [pool-38-thread-1] INFO  server.RaftServerConfigKeys (ConfUtils.java:logGet(43)) - raft.server.rpcslowness.timeout = 120s (custom)
2019-09-12 10:19:37,666 [pool-38-thread-1] INFO  server.RaftServerConfigKeys (ConfUtils.java:logGet(43)) - raft.server.sleep.deviation.threshold = 300 (default)
2019-09-12 10:19:37,666 [pool-38-thread-1] INFO  server.RaftServerConfigKeys (ConfUtils.java:logGet(43)) - raft.server.log.appender.install.snapshot.enabled = false (custom)
2019-09-12 10:19:37,666 [pool-38-thread-1] INFO  impl.RaftServerImpl (ServerState.java:<init>(105)) - ad4c2123-5d66-4058-a486-75b7e9920b2b:group-E4093CBFEB35 ConfigurationManager, init=-1: [ad4c2123-5d66-4058-a486-75b7e9920b2b:192.168.157.195:38581], old=null, confs=<EMPTY_MAP>
2019-09-12 10:19:37,666 [pool-38-thread-1] INFO  server.RaftServerConfigKeys (ConfUtils.java:logGet(43)) - raft.server.storage.dir = [/workdir/hadoop-ozone/integration-test/target/test-dir/MiniOzoneClusterImpl-4d5e9512-7d5a-42a1-8e37-0d9e9dd50ba8/datanode-1/data/ratis] (custom)
2019-09-12 10:19:37,667 [pool-38-thread-1] INFO  storage.RaftStorageDirectory (RaftStorageDirectory.java:analyzeStorage(246)) - The storage directory /workdir/hadoop-ozone/integration-test/target/test-dir/MiniOzoneClusterImpl-4d5e9512-7d5a-42a1-8e37-0d9e9dd50ba8/datanode-1/data/ratis/f14d2871-44f2-4551-bdd7-e4093cbfeb35 does not exist. Creating ...
2019-09-12 10:19:37,669 | INFO  | SCMAudit | user=jenkins1000 | ip=192.168.157.195 | op=SEND_HEARTBEAT {datanodeUUID=ad4c2123-5d66-4058-a486-75b7e9920b2b, command=[]} | ret=SUCCESS |  
2019-09-12 10:19:37,679 [pool-38-thread-1] INFO  storage.RaftStorageDirectory (RaftStorageDirectory.java:tryLock(328)) - Lock on /workdir/hadoop-ozone/integration-test/target/test-dir/MiniOzoneClusterImpl-4d5e9512-7d5a-42a1-8e37-0d9e9dd50ba8/datanode-1/data/ratis/f14d2871-44f2-4551-bdd7-e4093cbfeb35/in_use.lock acquired by nodename 9433@pr-hdds-1569-xtfnx-3545843844
2019-09-12 10:19:37,693 [pool-38-thread-1] INFO  storage.RaftStorage (RaftStorage.java:format(72)) - Storage directory /workdir/hadoop-ozone/integration-test/target/test-dir/MiniOzoneClusterImpl-4d5e9512-7d5a-42a1-8e37-0d9e9dd50ba8/datanode-1/data/ratis/f14d2871-44f2-4551-bdd7-e4093cbfeb35 has been successfully formatted.
2019-09-12 10:19:37,693 [pool-38-thread-1] INFO  ratis.ContainerStateMachine (ContainerStateMachine.java:loadSnapshot(226)) - group-E4093CBFEB35: The snapshot info is null. Setting the last applied indexto:(t:0, i:~)
2019-09-12 10:19:37,693 [pool-38-thread-1] INFO  server.RaftServerConfigKeys (ConfUtils.java:logGet(43)) - raft.server.leader.election.timeout = 120s (custom)
2019-09-12 10:19:37,693 [pool-38-thread-1] INFO  server.RaftServerConfigKeys (ConfUtils.java:logGet(43)) - raft.server.log.use.memory = false (default)
2019-09-12 10:19:37,694 [pool-38-thread-1] INFO  server.RaftServerConfigKeys (ConfUtils.java:logGet(43)) - raft.server.log.purge.gap = 1000000 (custom)
2019-09-12 10:19:37,694 [pool-38-thread-1] INFO  server.RaftServerConfigKeys (ConfUtils.java:logGet(43)) - raft.server.log.appender.buffer.byte-limit = 33554432 (custom)
2019-09-12 10:19:37,694 [pool-38-thread-1] INFO  server.RaftServerConfigKeys (ConfUtils.java:logGet(43)) - raft.server.log.segment.size.max = 1048576 (custom)
2019-09-12 10:19:37,694 [pool-38-thread-1] INFO  server.RaftServerConfigKeys (ConfUtils.java:logGet(43)) - raft.server.log.segment.cache.num.max = 2 (custom)
2019-09-12 10:19:37,694 [pool-38-thread-1] INFO  segmented.SegmentedRaftLogWorker (SegmentedRaftLogWorker.java:<init>(172)) - new ad4c2123-5d66-4058-a486-75b7e9920b2b-SegmentedRaftLogWorker:Storage Directory /workdir/hadoop-ozone/integration-test/target/test-dir/MiniOzoneClusterImpl-4d5e9512-7d5a-42a1-8e37-0d9e9dd50ba8/datanode-1/data/ratis/f14d2871-44f2-4551-bdd7-e4093cbfeb35 for RaftStorage:Storage Directory /workdir/hadoop-ozone/integration-test/target/test-dir/MiniOzoneClusterImpl-4d5e9512-7d5a-42a1-8e37-0d9e9dd50ba8/datanode-1/data/ratis/f14d2871-44f2-4551-bdd7-e4093cbfeb35
2019-09-12 10:19:37,694 [pool-38-thread-1] INFO  server.RaftServerConfigKeys (ConfUtils.java:logGet(43)) - raft.server.log.queue.byte-limit = 2147483647 (custom)
2019-09-12 10:19:37,695 [pool-38-thread-1] INFO  server.RaftServerConfigKeys (ConfUtils.java:logGet(43)) - raft.server.log.queue.element-limit = 1024 (custom)
2019-09-12 10:19:37,695 [pool-38-thread-1] INFO  server.RaftServerConfigKeys (ConfUtils.java:logGet(43)) - raft.server.log.segment.size.max = 1048576 (custom)
2019-09-12 10:19:37,695 [pool-38-thread-1] INFO  server.RaftServerConfigKeys (ConfUtils.java:logGet(43)) - raft.server.log.preallocated.size = 16384 (custom)
2019-09-12 10:19:37,695 [pool-38-thread-1] INFO  server.RaftServerConfigKeys (ConfUtils.java:logGet(43)) - raft.server.log.write.buffer.size = 33554432 (custom)
2019-09-12 10:19:37,695 [pool-38-thread-1] INFO  server.RaftServerConfigKeys (ConfUtils.java:logGet(43)) - raft.server.log.force.sync.num = 128 (default)
2019-09-12 10:19:37,695 [pool-38-thread-1] INFO  server.RaftServerConfigKeys (ConfUtils.java:logGet(43)) - raft.server.log.statemachine.data.sync = true (default)
2019-09-12 10:19:37,696 [pool-38-thread-1] INFO  server.RaftServerConfigKeys (ConfUtils.java:logGet(43)) - raft.server.log.statemachine.data.sync.timeout = 10s (default)
2019-09-12 10:19:37,696 [pool-38-thread-1] INFO  server.RaftServerConfigKeys (ConfUtils.java:logGet(43)) - raft.server.log.statemachine.data.sync.timeout.retry = -1 (default)
2019-09-12 10:19:37,696 [pool-38-thread-1] INFO  server.RaftServerConfigKeys (ConfUtils.java:logGet(43)) - raft.server.log.statemachine.data.caching.enabled = true (custom)
2019-09-12 10:19:37,696 [pool-38-thread-1] INFO  segmented.SegmentedRaftLogWorker (SegmentedRaftLogWorker.java:lambda$new$0(132)) - ad4c2123-5d66-4058-a486-75b7e9920b2b-SegmentedRaftLogWorker:Storage Directory /workdir/hadoop-ozone/integration-test/target/test-dir/MiniOzoneClusterImpl-4d5e9512-7d5a-42a1-8e37-0d9e9dd50ba8/datanode-1/data/ratis/f14d2871-44f2-4551-bdd7-e4093cbfeb35: flushIndex: setUnconditionally 0 -> -1
2019-09-12 10:19:37,697 [pool-38-thread-1] INFO  server.RaftServerConfigKeys (ConfUtils.java:logGet(43)) - raft.server.snapshot.auto.trigger.enabled = true (custom)
2019-09-12 10:19:37,697 [pool-38-thread-1] INFO  server.RaftServerConfigKeys (ConfUtils.java:logGet(43)) - raft.server.snapshot.auto.trigger.threshold = 10000 (custom)
2019-09-12 10:19:37,697 [pool-38-thread-1] INFO  server.RaftServerConfigKeys (ConfUtils.java:logGet(43)) - raft.server.retrycache.expirytime = 600000ms (custom)
2019-09-12 10:19:37,697 [pool-38-thread-1] INFO  impl.RaftServerImpl (RaftServerImpl.java:start(180)) - ad4c2123-5d66-4058-a486-75b7e9920b2b: start group-E4093CBFEB35
2019-09-12 10:19:37,697 [pool-38-thread-1] INFO  impl.RaftServerImpl (RaftServerImpl.java:setRole(171)) - ad4c2123-5d66-4058-a486-75b7e9920b2b:group-E4093CBFEB35 changes role from null to FOLLOWER at term 0 for startAsFollower
2019-09-12 10:19:37,698 [pool-38-thread-1] INFO  impl.RoleInfo (RoleInfo.java:updateAndGet(143)) - ad4c2123-5d66-4058-a486-75b7e9920b2b: start FollowerState
2019-09-12 10:19:37,698 [pool-38-thread-1] INFO  util.JmxRegister (JmxRegister.java:tryRegister(44)) - Successfully registered JMX Bean with object name Ratis:service=RaftServer,group=group-E4093CBFEB35,id=ad4c2123-5d66-4058-a486-75b7e9920b2b
2019-09-12 10:19:37,703 [RatisPipelineUtilsThread] INFO  pipeline.PipelineStateManager (PipelineStateManager.java:addPipeline(56)) - Created pipeline Pipeline[ Id: f14d2871-44f2-4551-bdd7-e4093cbfeb35, Nodes: ad4c2123-5d66-4058-a486-75b7e9920b2b{ip: 192.168.157.195, host: pr-hdds-1569-xtfnx-3545843844, networkLocation: /default-rack, certSerialId: null}, Type:RATIS, Factor:ONE, State:OPEN]
2019-09-12 10:19:37,704 [RatisPipelineUtilsThread] ERROR pipeline.PipelinePlacementPolicy (PipelinePlacementPolicy.java:meetCriteria(91)) - Pipeline Placement: Doesn't meet the criteria to be viable node. Heaviness: 6
2019-09-12 10:19:37,717 [grpc-default-executor-0] INFO  impl.RaftServerProxy (RaftServerProxy.java:addNew(89)) - b23f64d4-8020-446d-bbe2-842f6640ef38: addNew group-D8028F975384:[b23f64d4-8020-446d-bbe2-842f6640ef38:192.168.157.195:44376] returns group-D8028F975384:java.util.concurrent.CompletableFuture@7309f06[Not completed]
2019-09-12 10:19:37,719 [pool-27-thread-1] INFO  impl.RaftServerImpl (RaftServerImpl.java:<init>(93)) - b23f64d4-8020-446d-bbe2-842f6640ef38: new RaftServerImpl for group-D8028F975384:[b23f64d4-8020-446d-bbe2-842f6640ef38:192.168.157.195:44376] with ContainerStateMachine:uninitialized
2019-09-12 10:19:37,719 [pool-27-thread-1] INFO  server.RaftServerConfigKeys (ConfUtils.java:logGet(43)) - raft.server.rpc.timeout.min = 5s (custom)
2019-09-12 10:19:37,719 [pool-27-thread-1] INFO  server.RaftServerConfigKeys (ConfUtils.java:logGet(43)) - raft.server.rpc.timeout.max = 5200ms (custom)
2019-09-12 10:19:37,719 [pool-27-thread-1] INFO  server.RaftServerConfigKeys (ConfUtils.java:logGet(43)) - raft.server.rpcslowness.timeout = 120s (custom)
2019-09-12 10:19:37,720 [pool-27-thread-1] INFO  server.RaftServerConfigKeys (ConfUtils.java:logGet(43)) - raft.server.sleep.deviation.threshold = 300 (default)
2019-09-12 10:19:37,720 [pool-27-thread-1] INFO  server.RaftServerConfigKeys (ConfUtils.java:logGet(43)) - raft.server.log.appender.install.snapshot.enabled = false (custom)
2019-09-12 10:19:37,720 [pool-27-thread-1] INFO  impl.RaftServerImpl (ServerState.java:<init>(105)) - b23f64d4-8020-446d-bbe2-842f6640ef38:group-D8028F975384 ConfigurationManager, init=-1: [b23f64d4-8020-446d-bbe2-842f6640ef38:192.168.157.195:44376], old=null, confs=<EMPTY_MAP>
2019-09-12 10:19:37,720 [pool-27-thread-1] INFO  server.RaftServerConfigKeys (ConfUtils.java:logGet(43)) - raft.server.storage.dir = [/workdir/hadoop-ozone/integration-test/target/test-dir/MiniOzoneClusterImpl-4d5e9512-7d5a-42a1-8e37-0d9e9dd50ba8/datanode-0/data/ratis] (custom)
2019-09-12 10:19:37,721 [pool-27-thread-1] INFO  storage.RaftStorageDirectory (RaftStorageDirectory.java:analyzeStorage(246)) - The storage directory /workdir/hadoop-ozone/integration-test/target/test-dir/MiniOzoneClusterImpl-4d5e9512-7d5a-42a1-8e37-0d9e9dd50ba8/datanode-0/data/ratis/51b5f6fc-42ab-4770-8a54-d8028f975384 does not exist. Creating ...
2019-09-12 10:19:37,738 [pool-27-thread-1] INFO  storage.RaftStorageDirectory (RaftStorageDirectory.java:tryLock(328)) - Lock on /workdir/hadoop-ozone/integration-test/target/test-dir/MiniOzoneClusterImpl-4d5e9512-7d5a-42a1-8e37-0d9e9dd50ba8/datanode-0/data/ratis/51b5f6fc-42ab-4770-8a54-d8028f975384/in_use.lock acquired by nodename 9433@pr-hdds-1569-xtfnx-3545843844
2019-09-12 10:19:37,753 [pool-27-thread-1] INFO  storage.RaftStorage (RaftStorage.java:format(72)) - Storage directory /workdir/hadoop-ozone/integration-test/target/test-dir/MiniOzoneClusterImpl-4d5e9512-7d5a-42a1-8e37-0d9e9dd50ba8/datanode-0/data/ratis/51b5f6fc-42ab-4770-8a54-d8028f975384 has been successfully formatted.
2019-09-12 10:19:37,753 [pool-27-thread-1] INFO  ratis.ContainerStateMachine (ContainerStateMachine.java:loadSnapshot(226)) - group-D8028F975384: The snapshot info is null. Setting the last applied indexto:(t:0, i:~)
2019-09-12 10:19:37,754 [pool-27-thread-1] INFO  server.RaftServerConfigKeys (ConfUtils.java:logGet(43)) - raft.server.leader.election.timeout = 120s (custom)
2019-09-12 10:19:37,754 [pool-27-thread-1] INFO  server.RaftServerConfigKeys (ConfUtils.java:logGet(43)) - raft.server.log.use.memory = false (default)
2019-09-12 10:19:37,754 [pool-27-thread-1] INFO  server.RaftServerConfigKeys (ConfUtils.java:logGet(43)) - raft.server.log.purge.gap = 1000000 (custom)
2019-09-12 10:19:37,754 [pool-27-thread-1] INFO  server.RaftServerConfigKeys (ConfUtils.java:logGet(43)) - raft.server.log.appender.buffer.byte-limit = 33554432 (custom)
2019-09-12 10:19:37,754 [pool-27-thread-1] INFO  server.RaftServerConfigKeys (ConfUtils.java:logGet(43)) - raft.server.log.segment.size.max = 1048576 (custom)
2019-09-12 10:19:37,754 [pool-27-thread-1] INFO  server.RaftServerConfigKeys (ConfUtils.java:logGet(43)) - raft.server.log.segment.cache.num.max = 2 (custom)
2019-09-12 10:19:37,754 [pool-27-thread-1] INFO  segmented.SegmentedRaftLogWorker (SegmentedRaftLogWorker.java:<init>(172)) - new b23f64d4-8020-446d-bbe2-842f6640ef38-SegmentedRaftLogWorker:Storage Directory /workdir/hadoop-ozone/integration-test/target/test-dir/MiniOzoneClusterImpl-4d5e9512-7d5a-42a1-8e37-0d9e9dd50ba8/datanode-0/data/ratis/51b5f6fc-42ab-4770-8a54-d8028f975384 for RaftStorage:Storage Directory /workdir/hadoop-ozone/integration-test/target/test-dir/MiniOzoneClusterImpl-4d5e9512-7d5a-42a1-8e37-0d9e9dd50ba8/datanode-0/data/ratis/51b5f6fc-42ab-4770-8a54-d8028f975384
2019-09-12 10:19:37,754 [pool-27-thread-1] INFO  server.RaftServerConfigKeys (ConfUtils.java:logGet(43)) - raft.server.log.queue.byte-limit = 2147483647 (custom)
2019-09-12 10:19:37,755 [pool-27-thread-1] INFO  server.RaftServerConfigKeys (ConfUtils.java:logGet(43)) - raft.server.log.queue.element-limit = 1024 (custom)
2019-09-12 10:19:37,755 [pool-27-thread-1] INFO  server.RaftServerConfigKeys (ConfUtils.java:logGet(43)) - raft.server.log.segment.size.max = 1048576 (custom)
2019-09-12 10:19:37,755 [pool-27-thread-1] INFO  server.RaftServerConfigKeys (ConfUtils.java:logGet(43)) - raft.server.log.preallocated.size = 16384 (custom)
2019-09-12 10:19:37,755 [pool-27-thread-1] INFO  server.RaftServerConfigKeys (ConfUtils.java:logGet(43)) - raft.server.log.write.buffer.size = 33554432 (custom)
2019-09-12 10:19:37,755 [pool-27-thread-1] INFO  server.RaftServerConfigKeys (ConfUtils.java:logGet(43)) - raft.server.log.force.sync.num = 128 (default)
2019-09-12 10:19:37,755 [pool-27-thread-1] INFO  server.RaftServerConfigKeys (ConfUtils.java:logGet(43)) - raft.server.log.statemachine.data.sync = true (default)
2019-09-12 10:19:37,755 [pool-27-thread-1] INFO  server.RaftServerConfigKeys (ConfUtils.java:logGet(43)) - raft.server.log.statemachine.data.sync.timeout = 10s (default)
2019-09-12 10:19:37,755 [pool-27-thread-1] INFO  server.RaftServerConfigKeys (ConfUtils.java:logGet(43)) - raft.server.log.statemachine.data.sync.timeout.retry = -1 (default)
2019-09-12 10:19:37,756 [pool-27-thread-1] INFO  server.RaftServerConfigKeys (ConfUtils.java:logGet(43)) - raft.server.log.statemachine.data.caching.enabled = true (custom)
2019-09-12 10:19:37,756 [pool-27-thread-1] INFO  segmented.SegmentedRaftLogWorker (SegmentedRaftLogWorker.java:lambda$new$0(132)) - b23f64d4-8020-446d-bbe2-842f6640ef38-SegmentedRaftLogWorker:Storage Directory /workdir/hadoop-ozone/integration-test/target/test-dir/MiniOzoneClusterImpl-4d5e9512-7d5a-42a1-8e37-0d9e9dd50ba8/datanode-0/data/ratis/51b5f6fc-42ab-4770-8a54-d8028f975384: flushIndex: setUnconditionally 0 -> -1
2019-09-12 10:19:37,756 [pool-27-thread-1] INFO  server.RaftServerConfigKeys (ConfUtils.java:logGet(43)) - raft.server.snapshot.auto.trigger.enabled = true (custom)
2019-09-12 10:19:37,756 [pool-27-thread-1] INFO  server.RaftServerConfigKeys (ConfUtils.java:logGet(43)) - raft.server.snapshot.auto.trigger.threshold = 10000 (custom)
2019-09-12 10:19:37,756 [pool-27-thread-1] INFO  server.RaftServerConfigKeys (ConfUtils.java:logGet(43)) - raft.server.retrycache.expirytime = 600000ms (custom)
2019-09-12 10:19:37,757 [pool-27-thread-1] INFO  impl.RaftServerImpl (RaftServerImpl.java:start(180)) - b23f64d4-8020-446d-bbe2-842f6640ef38: start group-D8028F975384
2019-09-12 10:19:37,757 [pool-27-thread-1] INFO  impl.RaftServerImpl (RaftServerImpl.java:setRole(171)) - b23f64d4-8020-446d-bbe2-842f6640ef38:group-D8028F975384 changes role from null to FOLLOWER at term 0 for startAsFollower
2019-09-12 10:19:37,757 [pool-27-thread-1] INFO  impl.RoleInfo (RoleInfo.java:updateAndGet(143)) - b23f64d4-8020-446d-bbe2-842f6640ef38: start FollowerState
2019-09-12 10:19:37,757 [pool-27-thread-1] INFO  util.JmxRegister (JmxRegister.java:tryRegister(44)) - Successfully registered JMX Bean with object name Ratis:service=RaftServer,group=group-D8028F975384,id=b23f64d4-8020-446d-bbe2-842f6640ef38
2019-09-12 10:19:37,763 [RatisPipelineUtilsThread] INFO  pipeline.PipelineStateManager (PipelineStateManager.java:addPipeline(56)) - Created pipeline Pipeline[ Id: 51b5f6fc-42ab-4770-8a54-d8028f975384, Nodes: b23f64d4-8020-446d-bbe2-842f6640ef38{ip: 192.168.157.195, host: pr-hdds-1569-xtfnx-3545843844, networkLocation: /default-rack, certSerialId: null}, Type:RATIS, Factor:ONE, State:OPEN]
2019-09-12 10:19:37,764 [RatisPipelineUtilsThread] ERROR pipeline.PipelinePlacementPolicy (PipelinePlacementPolicy.java:meetCriteria(91)) - Pipeline Placement: Doesn't meet the criteria to be viable node. Heaviness: 6
2019-09-12 10:19:37,764 [RatisPipelineUtilsThread] ERROR pipeline.PipelinePlacementPolicy (PipelinePlacementPolicy.java:meetCriteria(91)) - Pipeline Placement: Doesn't meet the criteria to be viable node. Heaviness: 6
2019-09-12 10:19:37,775 [grpc-default-executor-0] INFO  impl.RaftServerProxy (RaftServerProxy.java:addNew(89)) - ad4c2123-5d66-4058-a486-75b7e9920b2b: addNew group-F9EDD6B14093:[ad4c2123-5d66-4058-a486-75b7e9920b2b:192.168.157.195:38581] returns group-F9EDD6B14093:java.util.concurrent.CompletableFuture@41d3a52f[Not completed]
2019-09-12 10:19:37,777 [pool-38-thread-1] INFO  impl.RaftServerImpl (RaftServerImpl.java:<init>(93)) - ad4c2123-5d66-4058-a486-75b7e9920b2b: new RaftServerImpl for group-F9EDD6B14093:[ad4c2123-5d66-4058-a486-75b7e9920b2b:192.168.157.195:38581] with ContainerStateMachine:uninitialized
2019-09-12 10:19:37,778 [pool-38-thread-1] INFO  server.RaftServerConfigKeys (ConfUtils.java:logGet(43)) - raft.server.rpc.timeout.min = 5s (custom)
2019-09-12 10:19:37,778 [pool-38-thread-1] INFO  server.RaftServerConfigKeys (ConfUtils.java:logGet(43)) - raft.server.rpc.timeout.max = 5200ms (custom)
2019-09-12 10:19:37,778 [pool-38-thread-1] INFO  server.RaftServerConfigKeys (ConfUtils.java:logGet(43)) - raft.server.rpcslowness.timeout = 120s (custom)
2019-09-12 10:19:37,778 [pool-38-thread-1] INFO  server.RaftServerConfigKeys (ConfUtils.java:logGet(43)) - raft.server.sleep.deviation.threshold = 300 (default)
2019-09-12 10:19:37,778 [pool-38-thread-1] INFO  server.RaftServerConfigKeys (ConfUtils.java:logGet(43)) - raft.server.log.appender.install.snapshot.enabled = false (custom)
2019-09-12 10:19:37,778 [pool-38-thread-1] INFO  impl.RaftServerImpl (ServerState.java:<init>(105)) - ad4c2123-5d66-4058-a486-75b7e9920b2b:group-F9EDD6B14093 ConfigurationManager, init=-1: [ad4c2123-5d66-4058-a486-75b7e9920b2b:192.168.157.195:38581], old=null, confs=<EMPTY_MAP>
2019-09-12 10:19:37,779 [pool-38-thread-1] INFO  server.RaftServerConfigKeys (ConfUtils.java:logGet(43)) - raft.server.storage.dir = [/workdir/hadoop-ozone/integration-test/target/test-dir/MiniOzoneClusterImpl-4d5e9512-7d5a-42a1-8e37-0d9e9dd50ba8/datanode-1/data/ratis] (custom)
2019-09-12 10:19:37,779 [pool-38-thread-1] INFO  storage.RaftStorageDirectory (RaftStorageDirectory.java:analyzeStorage(246)) - The storage directory /workdir/hadoop-ozone/integration-test/target/test-dir/MiniOzoneClusterImpl-4d5e9512-7d5a-42a1-8e37-0d9e9dd50ba8/datanode-1/data/ratis/a4be7562-97f8-47b4-b93e-f9edd6b14093 does not exist. Creating ...
2019-09-12 10:19:37,792 [pool-38-thread-1] INFO  storage.RaftStorageDirectory (RaftStorageDirectory.java:tryLock(328)) - Lock on /workdir/hadoop-ozone/integration-test/target/test-dir/MiniOzoneClusterImpl-4d5e9512-7d5a-42a1-8e37-0d9e9dd50ba8/datanode-1/data/ratis/a4be7562-97f8-47b4-b93e-f9edd6b14093/in_use.lock acquired by nodename 9433@pr-hdds-1569-xtfnx-3545843844
2019-09-12 10:19:37,805 [pool-38-thread-1] INFO  storage.RaftStorage (RaftStorage.java:format(72)) - Storage directory /workdir/hadoop-ozone/integration-test/target/test-dir/MiniOzoneClusterImpl-4d5e9512-7d5a-42a1-8e37-0d9e9dd50ba8/datanode-1/data/ratis/a4be7562-97f8-47b4-b93e-f9edd6b14093 has been successfully formatted.
2019-09-12 10:19:37,806 [pool-38-thread-1] INFO  ratis.ContainerStateMachine (ContainerStateMachine.java:loadSnapshot(226)) - group-F9EDD6B14093: The snapshot info is null. Setting the last applied indexto:(t:0, i:~)
2019-09-12 10:19:37,806 [pool-38-thread-1] INFO  server.RaftServerConfigKeys (ConfUtils.java:logGet(43)) - raft.server.leader.election.timeout = 120s (custom)
2019-09-12 10:19:37,806 [pool-38-thread-1] INFO  server.RaftServerConfigKeys (ConfUtils.java:logGet(43)) - raft.server.log.use.memory = false (default)
2019-09-12 10:19:37,806 [pool-38-thread-1] INFO  server.RaftServerConfigKeys (ConfUtils.java:logGet(43)) - raft.server.log.purge.gap = 1000000 (custom)
2019-09-12 10:19:37,806 [pool-38-thread-1] INFO  server.RaftServerConfigKeys (ConfUtils.java:logGet(43)) - raft.server.log.appender.buffer.byte-limit = 33554432 (custom)
2019-09-12 10:19:37,807 [pool-38-thread-1] INFO  server.RaftServerConfigKeys (ConfUtils.java:logGet(43)) - raft.server.log.segment.size.max = 1048576 (custom)
2019-09-12 10:19:37,807 [pool-38-thread-1] INFO  server.RaftServerConfigKeys (ConfUtils.java:logGet(43)) - raft.server.log.segment.cache.num.max = 2 (custom)
2019-09-12 10:19:37,807 [pool-38-thread-1] INFO  segmented.SegmentedRaftLogWorker (SegmentedRaftLogWorker.java:<init>(172)) - new ad4c2123-5d66-4058-a486-75b7e9920b2b-SegmentedRaftLogWorker:Storage Directory /workdir/hadoop-ozone/integration-test/target/test-dir/MiniOzoneClusterImpl-4d5e9512-7d5a-42a1-8e37-0d9e9dd50ba8/datanode-1/data/ratis/a4be7562-97f8-47b4-b93e-f9edd6b14093 for RaftStorage:Storage Directory /workdir/hadoop-ozone/integration-test/target/test-dir/MiniOzoneClusterImpl-4d5e9512-7d5a-42a1-8e37-0d9e9dd50ba8/datanode-1/data/ratis/a4be7562-97f8-47b4-b93e-f9edd6b14093
2019-09-12 10:19:37,807 [pool-38-thread-1] INFO  server.RaftServerConfigKeys (ConfUtils.java:logGet(43)) - raft.server.log.queue.byte-limit = 2147483647 (custom)
2019-09-12 10:19:37,807 [pool-38-thread-1] INFO  server.RaftServerConfigKeys (ConfUtils.java:logGet(43)) - raft.server.log.queue.element-limit = 1024 (custom)
2019-09-12 10:19:37,807 [pool-38-thread-1] INFO  server.RaftServerConfigKeys (ConfUtils.java:logGet(43)) - raft.server.log.segment.size.max = 1048576 (custom)
2019-09-12 10:19:37,808 [pool-38-thread-1] INFO  server.RaftServerConfigKeys (ConfUtils.java:logGet(43)) - raft.server.log.preallocated.size = 16384 (custom)
2019-09-12 10:19:37,808 [pool-38-thread-1] INFO  server.RaftServerConfigKeys (ConfUtils.java:logGet(43)) - raft.server.log.write.buffer.size = 33554432 (custom)
2019-09-12 10:19:37,808 [pool-38-thread-1] INFO  server.RaftServerConfigKeys (ConfUtils.java:logGet(43)) - raft.server.log.force.sync.num = 128 (default)
2019-09-12 10:19:37,808 [pool-38-thread-1] INFO  server.RaftServerConfigKeys (ConfUtils.java:logGet(43)) - raft.server.log.statemachine.data.sync = true (default)
2019-09-12 10:19:37,808 [pool-38-thread-1] INFO  server.RaftServerConfigKeys (ConfUtils.java:logGet(43)) - raft.server.log.statemachine.data.sync.timeout = 10s (default)
2019-09-12 10:19:37,809 [pool-38-thread-1] INFO  server.RaftServerConfigKeys (ConfUtils.java:logGet(43)) - raft.server.log.statemachine.data.sync.timeout.retry = -1 (default)
2019-09-12 10:19:37,809 [pool-38-thread-1] INFO  server.RaftServerConfigKeys (ConfUtils.java:logGet(43)) - raft.server.log.statemachine.data.caching.enabled = true (custom)
2019-09-12 10:19:37,809 [pool-38-thread-1] INFO  segmented.SegmentedRaftLogWorker (SegmentedRaftLogWorker.java:lambda$new$0(132)) - ad4c2123-5d66-4058-a486-75b7e9920b2b-SegmentedRaftLogWorker:Storage Directory /workdir/hadoop-ozone/integration-test/target/test-dir/MiniOzoneClusterImpl-4d5e9512-7d5a-42a1-8e37-0d9e9dd50ba8/datanode-1/data/ratis/a4be7562-97f8-47b4-b93e-f9edd6b14093: flushIndex: setUnconditionally 0 -> -1
2019-09-12 10:19:37,810 [pool-38-thread-1] INFO  server.RaftServerConfigKeys (ConfUtils.java:logGet(43)) - raft.server.snapshot.auto.trigger.enabled = true (custom)
2019-09-12 10:19:37,810 [pool-38-thread-1] INFO  server.RaftServerConfigKeys (ConfUtils.java:logGet(43)) - raft.server.snapshot.auto.trigger.threshold = 10000 (custom)
2019-09-12 10:19:37,810 [pool-38-thread-1] INFO  server.RaftServerConfigKeys (ConfUtils.java:logGet(43)) - raft.server.retrycache.expirytime = 600000ms (custom)
2019-09-12 10:19:37,810 [pool-38-thread-1] INFO  impl.RaftServerImpl (RaftServerImpl.java:start(180)) - ad4c2123-5d66-4058-a486-75b7e9920b2b: start group-F9EDD6B14093
2019-09-12 10:19:37,810 [pool-38-thread-1] INFO  impl.RaftServerImpl (RaftServerImpl.java:setRole(171)) - ad4c2123-5d66-4058-a486-75b7e9920b2b:group-F9EDD6B14093 changes role from null to FOLLOWER at term 0 for startAsFollower
2019-09-12 10:19:37,811 [pool-38-thread-1] INFO  impl.RoleInfo (RoleInfo.java:updateAndGet(143)) - ad4c2123-5d66-4058-a486-75b7e9920b2b: start FollowerState
2019-09-12 10:19:37,811 [pool-38-thread-1] INFO  util.JmxRegister (JmxRegister.java:tryRegister(44)) - Successfully registered JMX Bean with object name Ratis:service=RaftServer,group=group-F9EDD6B14093,id=ad4c2123-5d66-4058-a486-75b7e9920b2b
2019-09-12 10:19:37,817 [RatisPipelineUtilsThread] INFO  pipeline.PipelineStateManager (PipelineStateManager.java:addPipeline(56)) - Created pipeline Pipeline[ Id: a4be7562-97f8-47b4-b93e-f9edd6b14093, Nodes: ad4c2123-5d66-4058-a486-75b7e9920b2b{ip: 192.168.157.195, host: pr-hdds-1569-xtfnx-3545843844, networkLocation: /default-rack, certSerialId: null}, Type:RATIS, Factor:ONE, State:OPEN]
2019-09-12 10:19:37,818 [RatisPipelineUtilsThread] ERROR pipeline.PipelinePlacementPolicy (PipelinePlacementPolicy.java:meetCriteria(91)) - Pipeline Placement: Doesn't meet the criteria to be viable node. Heaviness: 6
2019-09-12 10:19:37,819 [RatisPipelineUtilsThread] ERROR pipeline.PipelinePlacementPolicy (PipelinePlacementPolicy.java:meetCriteria(91)) - Pipeline Placement: Doesn't meet the criteria to be viable node. Heaviness: 6
2019-09-12 10:19:37,819 [RatisPipelineUtilsThread] ERROR pipeline.PipelinePlacementPolicy (PipelinePlacementPolicy.java:meetCriteria(91)) - Pipeline Placement: Doesn't meet the criteria to be viable node. Heaviness: 6
2019-09-12 10:19:37,819 [RatisPipelineUtilsThread] ERROR pipeline.PipelinePlacementPolicy (PipelinePlacementPolicy.java:filterViableNodes(146)) - Unable to find enough nodes that meet the criteria that cannot engage in more than 5 pipelines. Nodes required: 1 Found: 0, healthy nodes count inNodeManager: 3.
2019-09-12 10:19:37,821 [RatisPipelineUtilsThread] ERROR pipeline.SCMPipelineManager (SCMPipelineManager.java:createPipeline(161)) - Pipeline creation failed due to exception: Unable to find enough nodes that meet the criteria that cannot engage in more than 5 pipelines. Nodes required: 1 Found: 0, healthy nodes count inNodeManager: 3.
2019-09-12 10:19:37,821 [RatisPipelineUtilsThread] ERROR pipeline.PipelinePlacementPolicy (PipelinePlacementPolicy.java:meetCriteria(91)) - Pipeline Placement: Doesn't meet the criteria to be viable node. Heaviness: 6
2019-09-12 10:19:37,821 [RatisPipelineUtilsThread] ERROR pipeline.PipelinePlacementPolicy (PipelinePlacementPolicy.java:meetCriteria(91)) - Pipeline Placement: Doesn't meet the criteria to be viable node. Heaviness: 6
2019-09-12 10:19:37,822 [RatisPipelineUtilsThread] ERROR pipeline.PipelinePlacementPolicy (PipelinePlacementPolicy.java:meetCriteria(91)) - Pipeline Placement: Doesn't meet the criteria to be viable node. Heaviness: 6
2019-09-12 10:19:37,822 [RatisPipelineUtilsThread] ERROR pipeline.PipelinePlacementPolicy (PipelinePlacementPolicy.java:filterViableNodes(146)) - Unable to find enough nodes that meet the criteria that cannot engage in more than 5 pipelines. Nodes required: 3 Found: 0, healthy nodes count inNodeManager: 3.
2019-09-12 10:19:37,822 [RatisPipelineUtilsThread] ERROR pipeline.SCMPipelineManager (SCMPipelineManager.java:createPipeline(161)) - Pipeline creation failed due to exception: Unable to find enough nodes that meet the criteria that cannot engage in more than 5 pipelines. Nodes required: 3 Found: 0, healthy nodes count inNodeManager: 3.
2019-09-12 10:19:37,822 [main] ERROR pipeline.PipelinePlacementPolicy (PipelinePlacementPolicy.java:meetCriteria(91)) - Pipeline Placement: Doesn't meet the criteria to be viable node. Heaviness: 6
2019-09-12 10:19:37,823 [main] ERROR pipeline.PipelinePlacementPolicy (PipelinePlacementPolicy.java:meetCriteria(91)) - Pipeline Placement: Doesn't meet the criteria to be viable node. Heaviness: 6
2019-09-12 10:19:37,823 [main] ERROR pipeline.PipelinePlacementPolicy (PipelinePlacementPolicy.java:meetCriteria(91)) - Pipeline Placement: Doesn't meet the criteria to be viable node. Heaviness: 6
2019-09-12 10:19:37,823 [main] ERROR pipeline.PipelinePlacementPolicy (PipelinePlacementPolicy.java:filterViableNodes(146)) - Unable to find enough nodes that meet the criteria that cannot engage in more than 5 pipelines. Nodes required: 3 Found: 0, healthy nodes count inNodeManager: 3.
2019-09-12 10:19:37,824 [main] ERROR pipeline.SCMPipelineManager (SCMPipelineManager.java:createPipeline(161)) - Pipeline creation failed due to exception: Unable to find enough nodes that meet the criteria that cannot engage in more than 5 pipelines. Nodes required: 3 Found: 0, healthy nodes count inNodeManager: 3.
2019-09-12 10:19:37,824 [RatisPipelineUtilsThread] ERROR pipeline.PipelinePlacementPolicy (PipelinePlacementPolicy.java:meetCriteria(91)) - Pipeline Placement: Doesn't meet the criteria to be viable node. Heaviness: 6
2019-09-12 10:19:37,824 [RatisPipelineUtilsThread] ERROR pipeline.PipelinePlacementPolicy (PipelinePlacementPolicy.java:meetCriteria(91)) - Pipeline Placement: Doesn't meet the criteria to be viable node. Heaviness: 6
2019-09-12 10:19:37,824 [RatisPipelineUtilsThread] ERROR pipeline.PipelinePlacementPolicy (PipelinePlacementPolicy.java:meetCriteria(91)) - Pipeline Placement: Doesn't meet the criteria to be viable node. Heaviness: 6
2019-09-12 10:19:37,824 [RatisPipelineUtilsThread] ERROR pipeline.PipelinePlacementPolicy (PipelinePlacementPolicy.java:filterViableNodes(146)) - Unable to find enough nodes that meet the criteria that cannot engage in more than 5 pipelines. Nodes required: 1 Found: 0, healthy nodes count inNodeManager: 3.
2019-09-12 10:19:37,825 [RatisPipelineUtilsThread] ERROR pipeline.SCMPipelineManager (SCMPipelineManager.java:createPipeline(161)) - Pipeline creation failed due to exception: Unable to find enough nodes that meet the criteria that cannot engage in more than 5 pipelines. Nodes required: 1 Found: 0, healthy nodes count inNodeManager: 3.
2019-09-12 10:19:37,825 [RatisPipelineUtilsThread] ERROR pipeline.PipelinePlacementPolicy (PipelinePlacementPolicy.java:meetCriteria(91)) - Pipeline Placement: Doesn't meet the criteria to be viable node. Heaviness: 6
2019-09-12 10:19:37,825 [RatisPipelineUtilsThread] ERROR pipeline.PipelinePlacementPolicy (PipelinePlacementPolicy.java:meetCriteria(91)) - Pipeline Placement: Doesn't meet the criteria to be viable node. Heaviness: 6
2019-09-12 10:19:37,825 [RatisPipelineUtilsThread] ERROR pipeline.PipelinePlacementPolicy (PipelinePlacementPolicy.java:meetCriteria(91)) - Pipeline Placement: Doesn't meet the criteria to be viable node. Heaviness: 6
2019-09-12 10:19:37,826 [RatisPipelineUtilsThread] ERROR pipeline.PipelinePlacementPolicy (PipelinePlacementPolicy.java:filterViableNodes(146)) - Unable to find enough nodes that meet the criteria that cannot engage in more than 5 pipelines. Nodes required: 3 Found: 0, healthy nodes count inNodeManager: 3.
2019-09-12 10:19:37,826 [RatisPipelineUtilsThread] ERROR pipeline.SCMPipelineManager (SCMPipelineManager.java:createPipeline(161)) - Pipeline creation failed due to exception: Unable to find enough nodes that meet the criteria that cannot engage in more than 5 pipelines. Nodes required: 3 Found: 0, healthy nodes count inNodeManager: 3.
2019-09-12 10:19:37,826 [main] INFO  ozone.MiniOzoneClusterImpl (MiniOzoneClusterImpl.java:shutdown(321)) - Shutting down the Mini Ozone Cluster
2019-09-12 10:19:37,827 | INFO  | SCMAudit | user=null | ip=null | op=GET_SCM_INFO null | ret=SUCCESS |  
2019-09-12 10:19:37,827 [main] INFO  ozone.MiniOzoneClusterImpl (MiniOzoneClusterImpl.java:stop(336)) - Stopping the Mini Ozone Cluster
2019-09-12 10:19:37,827 [main] INFO  ozone.MiniOzoneClusterImpl (MiniOzoneClusterImpl.java:stop(338)) - Stopping the OzoneManager
2019-09-12 10:19:37,828 [main] INFO  ipc.Server (Server.java:stop(3082)) - Stopping server on 43632
2019-09-12 10:19:37,835 [IPC Server listener on 43632] INFO  ipc.Server (Server.java:run(1185)) - Stopping IPC Server listener on 43632
2019-09-12 10:19:37,836 [main] INFO  ratis.OzoneManagerDoubleBuffer (OzoneManagerDoubleBuffer.java:stop(248)) - Stopping OMDoubleBuffer flush thread
2019-09-12 10:19:37,838 [IPC Server Responder] INFO  ipc.Server (Server.java:run(1319)) - Stopping IPC Server Responder
2019-09-12 10:19:37,845 [OMDoubleBufferFlushThread] INFO  ratis.OzoneManagerDoubleBuffer (OzoneManagerDoubleBuffer.java:flushTransactions(191)) - OMDoubleBuffer flush thread OMDoubleBufferFlushThread is interrupted and will exit. OMDoubleBufferFlushThread
2019-09-12 10:19:37,846 [main] INFO  utils.BackgroundService (BackgroundService.java:shutdown(148)) - Shutting down service KeyDeletingService
2019-09-12 10:19:37,849 [main] INFO  handler.ContextHandler (ContextHandler.java:doStop(910)) - Stopped o.e.j.w.WebAppContext@78de58ea{/,null,UNAVAILABLE}{/ozoneManager}
2019-09-12 10:19:37,854 [main] INFO  server.AbstractConnector (AbstractConnector.java:doStop(318)) - Stopped ServerConnector@60e5272{HTTP/1.1,[http/1.1]}{0.0.0.0:0}
2019-09-12 10:19:37,854 [main] INFO  handler.ContextHandler (ContextHandler.java:doStop(910)) - Stopped o.e.j.s.ServletContextHandler@a64e035{/static,file:///workdir/hadoop-ozone/integration-test/target/test-classes/webapps/static,UNAVAILABLE}
2019-09-12 10:19:37,854 [main] INFO  handler.ContextHandler (ContextHandler.java:doStop(910)) - Stopped o.e.j.s.ServletContextHandler@4f186450{/logs,file:///workdir/hadoop-ozone/integration-test/target/log,UNAVAILABLE}
2019-09-12 10:19:37,859 [main] INFO  ozone.MiniOzoneClusterImpl (MiniOzoneClusterImpl.java:stop(344)) - Shutting the HddsDatanodes
2019-09-12 10:19:37,860 [main] INFO  datanode.ObjectStoreHandler (ObjectStoreHandler.java:close(155)) - Closing ObjectStoreHandler.
2019-09-12 10:19:37,860 [ForkJoinPool.commonPool-worker-1] INFO  datanode.ObjectStoreHandler (ObjectStoreHandler.java:close(155)) - Closing ObjectStoreHandler.
2019-09-12 10:19:37,870 [main] INFO  ozone.HddsDatanodeService (HddsDatanodeService.java:stop(451)) - Stopped plug-in org.apache.hadoop.ozone.web.OzoneHddsDatanodeService@2faa55bb
2019-09-12 10:19:37,870 [ForkJoinPool.commonPool-worker-1] INFO  ozone.HddsDatanodeService (HddsDatanodeService.java:stop(451)) - Stopped plug-in org.apache.hadoop.ozone.web.OzoneHddsDatanodeService@2fe2965c
2019-09-12 10:19:37,925 | INFO  | SCMAudit | user=jenkins1000 | ip=192.168.157.195 | op=SEND_HEARTBEAT {datanodeUUID=fed03dd0-19ae-4d47-80df-f7b6c0cc818c, command=[]} | ret=SUCCESS |  
2019-09-12 10:19:38,400 [Datanode State Machine Thread - 0] INFO  statemachine.DatanodeStateMachine (DatanodeStateMachine.java:lambda$startDaemon$0(350)) - Ozone container server started.
2019-09-12 10:19:38,457 [Thread-177] INFO  container.ReplicationManager (ReplicationManager.java:start(151)) - Starting Replication Monitor Thread.
2019-09-12 10:19:38,460 [ReplicationMonitor] INFO  container.ReplicationManager (ReplicationManager.java:run(214)) - Replication Monitor Thread took 1 milliseconds for processing 0 containers.
2019-09-12 10:19:38,667 [Datanode State Machine Thread - 0] INFO  statemachine.DatanodeStateMachine (DatanodeStateMachine.java:lambda$startDaemon$0(350)) - Ozone container server started.
2019-09-12 10:19:38,926 | INFO  | SCMAudit | user=jenkins1000 | ip=192.168.157.195 | op=SEND_HEARTBEAT {datanodeUUID=fed03dd0-19ae-4d47-80df-f7b6c0cc818c, command=[]} | ret=SUCCESS |  
2019-09-12 10:19:39,926 | INFO  | SCMAudit | user=jenkins1000 | ip=192.168.157.195 | op=SEND_HEARTBEAT {datanodeUUID=fed03dd0-19ae-4d47-80df-f7b6c0cc818c, command=[]} | ret=SUCCESS |  
2019-09-12 10:19:40,927 | INFO  | SCMAudit | user=jenkins1000 | ip=192.168.157.195 | op=SEND_HEARTBEAT {datanodeUUID=fed03dd0-19ae-4d47-80df-f7b6c0cc818c, command=[]} | ret=SUCCESS |  
2019-09-12 10:19:41,744 [Thread-179] INFO  impl.FollowerState (FollowerState.java:run(106)) - b23f64d4-8020-446d-bbe2-842f6640ef38:group-4D9EF3158531 changes to CANDIDATE, lastRpcTime:5121, electionTimeout:5120ms
2019-09-12 10:19:41,745 [Thread-179] INFO  impl.RoleInfo (RoleInfo.java:shutdownFollowerState(121)) - b23f64d4-8020-446d-bbe2-842f6640ef38: shutdown FollowerState
2019-09-12 10:19:41,745 [Thread-179] INFO  impl.RaftServerImpl (RaftServerImpl.java:setRole(171)) - b23f64d4-8020-446d-bbe2-842f6640ef38:group-4D9EF3158531 changes role from FOLLOWER to CANDIDATE at term 0 for changeToCandidate
2019-09-12 10:19:41,750 [Thread-179] INFO  impl.RoleInfo (RoleInfo.java:updateAndGet(143)) - b23f64d4-8020-446d-bbe2-842f6640ef38: start LeaderElection
2019-09-12 10:19:41,769 [b23f64d4-8020-446d-bbe2-842f6640ef38:group-4D9EF3158531:LeaderElection1] INFO  impl.LeaderElection (LeaderElection.java:askForVotes(181)) - b23f64d4-8020-446d-bbe2-842f6640ef38:group-4D9EF3158531:LeaderElection1: begin an election at term 1 for -1: [b23f64d4-8020-446d-bbe2-842f6640ef38:192.168.157.195:44376], old=null
2019-09-12 10:19:41,771 [b23f64d4-8020-446d-bbe2-842f6640ef38:group-4D9EF3158531:LeaderElection1] INFO  impl.RoleInfo (RoleInfo.java:shutdownLeaderElection(134)) - b23f64d4-8020-446d-bbe2-842f6640ef38: shutdown LeaderElection
2019-09-12 10:19:41,772 [b23f64d4-8020-446d-bbe2-842f6640ef38:group-4D9EF3158531:LeaderElection1] INFO  impl.RaftServerImpl (RaftServerImpl.java:setRole(171)) - b23f64d4-8020-446d-bbe2-842f6640ef38:group-4D9EF3158531 changes role from CANDIDATE to LEADER at term 1 for changeToLeader
2019-09-12 10:19:41,773 [b23f64d4-8020-446d-bbe2-842f6640ef38:group-4D9EF3158531:LeaderElection1] INFO  impl.RaftServerImpl (ServerState.java:setLeader(263)) - b23f64d4-8020-446d-bbe2-842f6640ef38:group-4D9EF3158531 change Leader from null to b23f64d4-8020-446d-bbe2-842f6640ef38 at term 1 for becomeLeader, leader elected after 5229ms
2019-09-12 10:19:41,781 [b23f64d4-8020-446d-bbe2-842f6640ef38:group-4D9EF3158531:LeaderElection1] INFO  server.RaftServerConfigKeys (ConfUtils.java:logGet(43)) - raft.server.staging.catchup.gap = 1000 (default)
2019-09-12 10:19:41,781 [b23f64d4-8020-446d-bbe2-842f6640ef38:group-4D9EF3158531:LeaderElection1] INFO  server.RaftServerConfigKeys (ConfUtils.java:logGet(43)) - raft.server.rpc.sleep.time = 25ms (default)
2019-09-12 10:19:41,785 [b23f64d4-8020-446d-bbe2-842f6640ef38:group-4D9EF3158531:LeaderElection1] INFO  server.RaftServerConfigKeys (ConfUtils.java:logGet(43)) - raft.server.write.element-limit = 4096 (default)
2019-09-12 10:19:41,788 [b23f64d4-8020-446d-bbe2-842f6640ef38:group-4D9EF3158531:LeaderElection1] INFO  server.RaftServerConfigKeys (ConfUtils.java:logGet(43)) - raft.server.watch.timeout = 10s (default)
2019-09-12 10:19:41,788 [b23f64d4-8020-446d-bbe2-842f6640ef38:group-4D9EF3158531:LeaderElection1] INFO  server.RaftServerConfigKeys (ConfUtils.java:logGet(43)) - raft.server.watch.timeout.denomination = 1s (default)
2019-09-12 10:19:41,790 [b23f64d4-8020-446d-bbe2-842f6640ef38:group-4D9EF3158531:LeaderElection1] INFO  server.RaftServerConfigKeys (ConfUtils.java:logGet(43)) - raft.server.watch.element-limit = 65536 (default)
2019-09-12 10:19:41,800 [b23f64d4-8020-446d-bbe2-842f6640ef38:group-4D9EF3158531:LeaderElection1] INFO  impl.RoleInfo (RoleInfo.java:updateAndGet(143)) - b23f64d4-8020-446d-bbe2-842f6640ef38: start LeaderState
2019-09-12 10:19:41,825 [b23f64d4-8020-446d-bbe2-842f6640ef38:group-4D9EF3158531:LeaderElection1] INFO  segmented.SegmentedRaftLogWorker (SegmentedRaftLogWorker.java:startLogSegment(380)) - b23f64d4-8020-446d-bbe2-842f6640ef38-SegmentedRaftLogWorker:Storage Directory /workdir/hadoop-ozone/integration-test/target/test-dir/MiniOzoneClusterImpl-4d5e9512-7d5a-42a1-8e37-0d9e9dd50ba8/datanode-0/data/ratis/130f690d-ddf9-4944-9b96-4d9ef3158531: Starting segment from index:0
2019-09-12 10:19:41,835 [b23f64d4-8020-446d-bbe2-842f6640ef38:group-4D9EF3158531:LeaderElection1] INFO  impl.RaftServerImpl (ServerState.java:setRaftConf(361)) - b23f64d4-8020-446d-bbe2-842f6640ef38:group-4D9EF3158531 set configuration 0: [b23f64d4-8020-446d-bbe2-842f6640ef38:192.168.157.195:44376], old=null at 0
2019-09-12 10:19:41,926 | INFO  | SCMAudit | user=jenkins1000 | ip=192.168.157.195 | op=SEND_HEARTBEAT {datanodeUUID=fed03dd0-19ae-4d47-80df-f7b6c0cc818c, command=[]} | ret=SUCCESS |  
2019-09-12 10:19:41,958 [Thread-182] INFO  impl.FollowerState (FollowerState.java:run(106)) - ad4c2123-5d66-4058-a486-75b7e9920b2b:group-45E12EA71988 changes to CANDIDATE, lastRpcTime:5145, electionTimeout:5144ms
2019-09-12 10:19:41,964 [Thread-182] INFO  impl.RoleInfo (RoleInfo.java:shutdownFollowerState(121)) - ad4c2123-5d66-4058-a486-75b7e9920b2b: shutdown FollowerState
2019-09-12 10:19:41,964 [Thread-182] INFO  impl.RaftServerImpl (RaftServerImpl.java:setRole(171)) - ad4c2123-5d66-4058-a486-75b7e9920b2b:group-45E12EA71988 changes role from FOLLOWER to CANDIDATE at term 0 for changeToCandidate
2019-09-12 10:19:41,964 [Thread-182] INFO  impl.RoleInfo (RoleInfo.java:updateAndGet(143)) - ad4c2123-5d66-4058-a486-75b7e9920b2b: start LeaderElection
2019-09-12 10:19:41,981 [ad4c2123-5d66-4058-a486-75b7e9920b2b:group-45E12EA71988:LeaderElection2] INFO  impl.LeaderElection (LeaderElection.java:askForVotes(181)) - ad4c2123-5d66-4058-a486-75b7e9920b2b:group-45E12EA71988:LeaderElection2: begin an election at term 1 for -1: [ad4c2123-5d66-4058-a486-75b7e9920b2b:192.168.157.195:38581], old=null
2019-09-12 10:19:41,981 [ad4c2123-5d66-4058-a486-75b7e9920b2b:group-45E12EA71988:LeaderElection2] INFO  impl.RoleInfo (RoleInfo.java:shutdownLeaderElection(134)) - ad4c2123-5d66-4058-a486-75b7e9920b2b: shutdown LeaderElection
2019-09-12 10:19:41,982 [ad4c2123-5d66-4058-a486-75b7e9920b2b:group-45E12EA71988:LeaderElection2] INFO  impl.RaftServerImpl (RaftServerImpl.java:setRole(171)) - ad4c2123-5d66-4058-a486-75b7e9920b2b:group-45E12EA71988 changes role from CANDIDATE to LEADER at term 1 for changeToLeader
2019-09-12 10:19:41,982 [ad4c2123-5d66-4058-a486-75b7e9920b2b:group-45E12EA71988:LeaderElection2] INFO  impl.RaftServerImpl (ServerState.java:setLeader(263)) - ad4c2123-5d66-4058-a486-75b7e9920b2b:group-45E12EA71988 change Leader from null to ad4c2123-5d66-4058-a486-75b7e9920b2b at term 1 for becomeLeader, leader elected after 5176ms
2019-09-12 10:19:41,982 [ad4c2123-5d66-4058-a486-75b7e9920b2b:group-45E12EA71988:LeaderElection2] INFO  server.RaftServerConfigKeys (ConfUtils.java:logGet(43)) - raft.server.staging.catchup.gap = 1000 (default)
2019-09-12 10:19:41,982 [ad4c2123-5d66-4058-a486-75b7e9920b2b:group-45E12EA71988:LeaderElection2] INFO  server.RaftServerConfigKeys (ConfUtils.java:logGet(43)) - raft.server.rpc.sleep.time = 25ms (default)
2019-09-12 10:19:41,982 [ad4c2123-5d66-4058-a486-75b7e9920b2b:group-45E12EA71988:LeaderElection2] INFO  server.RaftServerConfigKeys (ConfUtils.java:logGet(43)) - raft.server.write.element-limit = 4096 (default)
2019-09-12 10:19:41,982 [ad4c2123-5d66-4058-a486-75b7e9920b2b:group-45E12EA71988:LeaderElection2] INFO  server.RaftServerConfigKeys (ConfUtils.java:logGet(43)) - raft.server.watch.timeout = 10s (default)
2019-09-12 10:19:41,983 [ad4c2123-5d66-4058-a486-75b7e9920b2b:group-45E12EA71988:LeaderElection2] INFO  server.RaftServerConfigKeys (ConfUtils.java:logGet(43)) - raft.server.watch.timeout.denomination = 1s (default)
2019-09-12 10:19:41,983 [ad4c2123-5d66-4058-a486-75b7e9920b2b:group-45E12EA71988:LeaderElection2] INFO  server.RaftServerConfigKeys (ConfUtils.java:logGet(43)) - raft.server.watch.element-limit = 65536 (default)
2019-09-12 10:19:41,983 [ad4c2123-5d66-4058-a486-75b7e9920b2b:group-45E12EA71988:LeaderElection2] INFO  impl.RoleInfo (RoleInfo.java:updateAndGet(143)) - ad4c2123-5d66-4058-a486-75b7e9920b2b: start LeaderState
2019-09-12 10:19:41,984 [ad4c2123-5d66-4058-a486-75b7e9920b2b:group-45E12EA71988:LeaderElection2] INFO  segmented.SegmentedRaftLogWorker (SegmentedRaftLogWorker.java:startLogSegment(380)) - ad4c2123-5d66-4058-a486-75b7e9920b2b-SegmentedRaftLogWorker:Storage Directory /workdir/hadoop-ozone/integration-test/target/test-dir/MiniOzoneClusterImpl-4d5e9512-7d5a-42a1-8e37-0d9e9dd50ba8/datanode-1/data/ratis/44a4ddd1-af82-4e46-bda2-45e12ea71988: Starting segment from index:0
2019-09-12 10:19:41,984 [ad4c2123-5d66-4058-a486-75b7e9920b2b:group-45E12EA71988:LeaderElection2] INFO  impl.RaftServerImpl (ServerState.java:setRaftConf(361)) - ad4c2123-5d66-4058-a486-75b7e9920b2b:group-45E12EA71988 set configuration 0: [ad4c2123-5d66-4058-a486-75b7e9920b2b:192.168.157.195:38581], old=null at 0
2019-09-12 10:19:41,999 [Thread-185] INFO  impl.FollowerState (FollowerState.java:run(106)) - fed03dd0-19ae-4d47-80df-f7b6c0cc818c:group-D72F2E612FF5 changes to CANDIDATE, lastRpcTime:5108, electionTimeout:5108ms
2019-09-12 10:19:42,000 [Thread-185] INFO  impl.RoleInfo (RoleInfo.java:shutdownFollowerState(121)) - fed03dd0-19ae-4d47-80df-f7b6c0cc818c: shutdown FollowerState
2019-09-12 10:19:42,000 [Thread-185] INFO  impl.RaftServerImpl (RaftServerImpl.java:setRole(171)) - fed03dd0-19ae-4d47-80df-f7b6c0cc818c:group-D72F2E612FF5 changes role from FOLLOWER to CANDIDATE at term 0 for changeToCandidate
2019-09-12 10:19:42,000 [Thread-185] INFO  impl.RoleInfo (RoleInfo.java:updateAndGet(143)) - fed03dd0-19ae-4d47-80df-f7b6c0cc818c: start LeaderElection
2019-09-12 10:19:42,017 [fed03dd0-19ae-4d47-80df-f7b6c0cc818c:group-D72F2E612FF5:LeaderElection3] INFO  impl.LeaderElection (LeaderElection.java:askForVotes(181)) - fed03dd0-19ae-4d47-80df-f7b6c0cc818c:group-D72F2E612FF5:LeaderElection3: begin an election at term 1 for -1: [fed03dd0-19ae-4d47-80df-f7b6c0cc818c:192.168.157.195:40326], old=null
2019-09-12 10:19:42,018 [fed03dd0-19ae-4d47-80df-f7b6c0cc818c:group-D72F2E612FF5:LeaderElection3] INFO  impl.RoleInfo (RoleInfo.java:shutdownLeaderElection(134)) - fed03dd0-19ae-4d47-80df-f7b6c0cc818c: shutdown LeaderElection
2019-09-12 10:19:42,018 [fed03dd0-19ae-4d47-80df-f7b6c0cc818c:group-D72F2E612FF5:LeaderElection3] INFO  impl.RaftServerImpl (RaftServerImpl.java:setRole(171)) - fed03dd0-19ae-4d47-80df-f7b6c0cc818c:group-D72F2E612FF5 changes role from CANDIDATE to LEADER at term 1 for changeToLeader
2019-09-12 10:19:42,018 [fed03dd0-19ae-4d47-80df-f7b6c0cc818c:group-D72F2E612FF5:LeaderElection3] INFO  impl.RaftServerImpl (ServerState.java:setLeader(263)) - fed03dd0-19ae-4d47-80df-f7b6c0cc818c:group-D72F2E612FF5 change Leader from null to fed03dd0-19ae-4d47-80df-f7b6c0cc818c at term 1 for becomeLeader, leader elected after 5132ms
2019-09-12 10:19:42,019 [fed03dd0-19ae-4d47-80df-f7b6c0cc818c:group-D72F2E612FF5:LeaderElection3] INFO  server.RaftServerConfigKeys (ConfUtils.java:logGet(43)) - raft.server.staging.catchup.gap = 1000 (default)
2019-09-12 10:19:42,019 [fed03dd0-19ae-4d47-80df-f7b6c0cc818c:group-D72F2E612FF5:LeaderElection3] INFO  server.RaftServerConfigKeys (ConfUtils.java:logGet(43)) - raft.server.rpc.sleep.time = 25ms (default)
2019-09-12 10:19:42,019 [fed03dd0-19ae-4d47-80df-f7b6c0cc818c:group-D72F2E612FF5:LeaderElection3] INFO  server.RaftServerConfigKeys (ConfUtils.java:logGet(43)) - raft.server.write.element-limit = 4096 (default)
2019-09-12 10:19:42,019 [fed03dd0-19ae-4d47-80df-f7b6c0cc818c:group-D72F2E612FF5:LeaderElection3] INFO  server.RaftServerConfigKeys (ConfUtils.java:logGet(43)) - raft.server.watch.timeout = 10s (default)
2019-09-12 10:19:42,019 [fed03dd0-19ae-4d47-80df-f7b6c0cc818c:group-D72F2E612FF5:LeaderElection3] INFO  server.RaftServerConfigKeys (ConfUtils.java:logGet(43)) - raft.server.watch.timeout.denomination = 1s (default)
2019-09-12 10:19:42,020 [fed03dd0-19ae-4d47-80df-f7b6c0cc818c:group-D72F2E612FF5:LeaderElection3] INFO  server.RaftServerConfigKeys (ConfUtils.java:logGet(43)) - raft.server.watch.element-limit = 65536 (default)
2019-09-12 10:19:42,020 [fed03dd0-19ae-4d47-80df-f7b6c0cc818c:group-D72F2E612FF5:LeaderElection3] INFO  impl.RoleInfo (RoleInfo.java:updateAndGet(143)) - fed03dd0-19ae-4d47-80df-f7b6c0cc818c: start LeaderState
2019-09-12 10:19:42,020 [fed03dd0-19ae-4d47-80df-f7b6c0cc818c:group-D72F2E612FF5:LeaderElection3] INFO  segmented.SegmentedRaftLogWorker (SegmentedRaftLogWorker.java:startLogSegment(380)) - fed03dd0-19ae-4d47-80df-f7b6c0cc818c-SegmentedRaftLogWorker:Storage Directory /workdir/hadoop-ozone/integration-test/target/test-dir/MiniOzoneClusterImpl-4d5e9512-7d5a-42a1-8e37-0d9e9dd50ba8/datanode-2/data/ratis/bbec090b-bb9a-45b6-91c6-d72f2e612ff5: Starting segment from index:0
2019-09-12 10:19:42,021 [fed03dd0-19ae-4d47-80df-f7b6c0cc818c:group-D72F2E612FF5:LeaderElection3] INFO  impl.RaftServerImpl (ServerState.java:setRaftConf(361)) - fed03dd0-19ae-4d47-80df-f7b6c0cc818c:group-D72F2E612FF5 set configuration 0: [fed03dd0-19ae-4d47-80df-f7b6c0cc818c:192.168.157.195:40326], old=null at 0
2019-09-12 10:19:42,085 [Thread-188] INFO  impl.FollowerState (FollowerState.java:run(106)) - fed03dd0-19ae-4d47-80df-f7b6c0cc818c:group-30D1D8DCDB2C changes to CANDIDATE, lastRpcTime:5136, electionTimeout:5136ms
2019-09-12 10:19:42,085 [Thread-188] INFO  impl.RoleInfo (RoleInfo.java:shutdownFollowerState(121)) - fed03dd0-19ae-4d47-80df-f7b6c0cc818c: shutdown FollowerState
2019-09-12 10:19:42,085 [Thread-188] INFO  impl.RaftServerImpl (RaftServerImpl.java:setRole(171)) - fed03dd0-19ae-4d47-80df-f7b6c0cc818c:group-30D1D8DCDB2C changes role from FOLLOWER to CANDIDATE at term 0 for changeToCandidate
2019-09-12 10:19:42,086 [Thread-188] INFO  impl.RoleInfo (RoleInfo.java:updateAndGet(143)) - fed03dd0-19ae-4d47-80df-f7b6c0cc818c: start LeaderElection
2019-09-12 10:19:42,088 [b23f64d4-8020-446d-bbe2-842f6640ef38-SegmentedRaftLogWorker:Storage Directory /workdir/hadoop-ozone/integration-test/target/test-dir/MiniOzoneClusterImpl-4d5e9512-7d5a-42a1-8e37-0d9e9dd50ba8/datanode-0/data/ratis/130f690d-ddf9-4944-9b96-4d9ef3158531] INFO  segmented.SegmentedRaftLogWorker (SegmentedRaftLogWorker.java:execute(569)) - b23f64d4-8020-446d-bbe2-842f6640ef38-SegmentedRaftLogWorker:Storage Directory /workdir/hadoop-ozone/integration-test/target/test-dir/MiniOzoneClusterImpl-4d5e9512-7d5a-42a1-8e37-0d9e9dd50ba8/datanode-0/data/ratis/130f690d-ddf9-4944-9b96-4d9ef3158531: created new log segment /workdir/hadoop-ozone/integration-test/target/test-dir/MiniOzoneClusterImpl-4d5e9512-7d5a-42a1-8e37-0d9e9dd50ba8/datanode-0/data/ratis/130f690d-ddf9-4944-9b96-4d9ef3158531/current/log_inprogress_0
2019-09-12 10:19:42,088 [fed03dd0-19ae-4d47-80df-f7b6c0cc818c-SegmentedRaftLogWorker:Storage Directory /workdir/hadoop-ozone/integration-test/target/test-dir/MiniOzoneClusterImpl-4d5e9512-7d5a-42a1-8e37-0d9e9dd50ba8/datanode-2/data/ratis/bbec090b-bb9a-45b6-91c6-d72f2e612ff5] INFO  segmented.SegmentedRaftLogWorker (SegmentedRaftLogWorker.java:execute(569)) - fed03dd0-19ae-4d47-80df-f7b6c0cc818c-SegmentedRaftLogWorker:Storage Directory /workdir/hadoop-ozone/integration-test/target/test-dir/MiniOzoneClusterImpl-4d5e9512-7d5a-42a1-8e37-0d9e9dd50ba8/datanode-2/data/ratis/bbec090b-bb9a-45b6-91c6-d72f2e612ff5: created new log segment /workdir/hadoop-ozone/integration-test/target/test-dir/MiniOzoneClusterImpl-4d5e9512-7d5a-42a1-8e37-0d9e9dd50ba8/datanode-2/data/ratis/bbec090b-bb9a-45b6-91c6-d72f2e612ff5/current/log_inprogress_0
2019-09-12 10:19:42,088 [ad4c2123-5d66-4058-a486-75b7e9920b2b-SegmentedRaftLogWorker:Storage Directory /workdir/hadoop-ozone/integration-test/target/test-dir/MiniOzoneClusterImpl-4d5e9512-7d5a-42a1-8e37-0d9e9dd50ba8/datanode-1/data/ratis/44a4ddd1-af82-4e46-bda2-45e12ea71988] INFO  segmented.SegmentedRaftLogWorker (SegmentedRaftLogWorker.java:execute(569)) - ad4c2123-5d66-4058-a486-75b7e9920b2b-SegmentedRaftLogWorker:Storage Directory /workdir/hadoop-ozone/integration-test/target/test-dir/MiniOzoneClusterImpl-4d5e9512-7d5a-42a1-8e37-0d9e9dd50ba8/datanode-1/data/ratis/44a4ddd1-af82-4e46-bda2-45e12ea71988: created new log segment /workdir/hadoop-ozone/integration-test/target/test-dir/MiniOzoneClusterImpl-4d5e9512-7d5a-42a1-8e37-0d9e9dd50ba8/datanode-1/data/ratis/44a4ddd1-af82-4e46-bda2-45e12ea71988/current/log_inprogress_0
2019-09-12 10:19:42,103 [fed03dd0-19ae-4d47-80df-f7b6c0cc818c:group-30D1D8DCDB2C:LeaderElection4] INFO  impl.LeaderElection (LeaderElection.java:askForVotes(181)) - fed03dd0-19ae-4d47-80df-f7b6c0cc818c:group-30D1D8DCDB2C:LeaderElection4: begin an election at term 1 for -1: [fed03dd0-19ae-4d47-80df-f7b6c0cc818c:192.168.157.195:40326], old=null
2019-09-12 10:19:42,107 [fed03dd0-19ae-4d47-80df-f7b6c0cc818c:group-30D1D8DCDB2C:LeaderElection4] INFO  impl.RoleInfo (RoleInfo.java:shutdownLeaderElection(134)) - fed03dd0-19ae-4d47-80df-f7b6c0cc818c: shutdown LeaderElection
2019-09-12 10:19:42,107 [fed03dd0-19ae-4d47-80df-f7b6c0cc818c:group-30D1D8DCDB2C:LeaderElection4] INFO  impl.RaftServerImpl (RaftServerImpl.java:setRole(171)) - fed03dd0-19ae-4d47-80df-f7b6c0cc818c:group-30D1D8DCDB2C changes role from CANDIDATE to LEADER at term 1 for changeToLeader
2019-09-12 10:19:42,107 [fed03dd0-19ae-4d47-80df-f7b6c0cc818c:group-30D1D8DCDB2C:LeaderElection4] INFO  impl.RaftServerImpl (ServerState.java:setLeader(263)) - fed03dd0-19ae-4d47-80df-f7b6c0cc818c:group-30D1D8DCDB2C change Leader from null to fed03dd0-19ae-4d47-80df-f7b6c0cc818c at term 1 for becomeLeader, leader elected after 5163ms
2019-09-12 10:19:42,108 [fed03dd0-19ae-4d47-80df-f7b6c0cc818c:group-30D1D8DCDB2C:LeaderElection4] INFO  server.RaftServerConfigKeys (ConfUtils.java:logGet(43)) - raft.server.staging.catchup.gap = 1000 (default)
2019-09-12 10:19:42,108 [fed03dd0-19ae-4d47-80df-f7b6c0cc818c:group-30D1D8DCDB2C:LeaderElection4] INFO  server.RaftServerConfigKeys (ConfUtils.java:logGet(43)) - raft.server.rpc.sleep.time = 25ms (default)
2019-09-12 10:19:42,108 [fed03dd0-19ae-4d47-80df-f7b6c0cc818c:group-30D1D8DCDB2C:LeaderElection4] INFO  server.RaftServerConfigKeys (ConfUtils.java:logGet(43)) - raft.server.write.element-limit = 4096 (default)
2019-09-12 10:19:42,108 [fed03dd0-19ae-4d47-80df-f7b6c0cc818c:group-30D1D8DCDB2C:LeaderElection4] INFO  server.RaftServerConfigKeys (ConfUtils.java:logGet(43)) - raft.server.watch.timeout = 10s (default)
2019-09-12 10:19:42,108 [fed03dd0-19ae-4d47-80df-f7b6c0cc818c:group-30D1D8DCDB2C:LeaderElection4] INFO  server.RaftServerConfigKeys (ConfUtils.java:logGet(43)) - raft.server.watch.timeout.denomination = 1s (default)
2019-09-12 10:19:42,108 [fed03dd0-19ae-4d47-80df-f7b6c0cc818c:group-30D1D8DCDB2C:LeaderElection4] INFO  server.RaftServerConfigKeys (ConfUtils.java:logGet(43)) - raft.server.watch.element-limit = 65536 (default)
2019-09-12 10:19:42,109 [fed03dd0-19ae-4d47-80df-f7b6c0cc818c:group-30D1D8DCDB2C:LeaderElection4] INFO  impl.RoleInfo (RoleInfo.java:updateAndGet(143)) - fed03dd0-19ae-4d47-80df-f7b6c0cc818c: start LeaderState
2019-09-12 10:19:42,109 [fed03dd0-19ae-4d47-80df-f7b6c0cc818c:group-30D1D8DCDB2C:LeaderElection4] INFO  segmented.SegmentedRaftLogWorker (SegmentedRaftLogWorker.java:startLogSegment(380)) - fed03dd0-19ae-4d47-80df-f7b6c0cc818c-SegmentedRaftLogWorker:Storage Directory /workdir/hadoop-ozone/integration-test/target/test-dir/MiniOzoneClusterImpl-4d5e9512-7d5a-42a1-8e37-0d9e9dd50ba8/datanode-2/data/ratis/c40d1993-10b5-4f50-8633-30d1d8dcdb2c: Starting segment from index:0
2019-09-12 10:19:42,109 [fed03dd0-19ae-4d47-80df-f7b6c0cc818c:group-30D1D8DCDB2C:LeaderElection4] INFO  impl.RaftServerImpl (ServerState.java:setRaftConf(361)) - fed03dd0-19ae-4d47-80df-f7b6c0cc818c:group-30D1D8DCDB2C set configuration 0: [fed03dd0-19ae-4d47-80df-f7b6c0cc818c:192.168.157.195:40326], old=null at 0
2019-09-12 10:19:42,156 [fed03dd0-19ae-4d47-80df-f7b6c0cc818c-SegmentedRaftLogWorker:Storage Directory /workdir/hadoop-ozone/integration-test/target/test-dir/MiniOzoneClusterImpl-4d5e9512-7d5a-42a1-8e37-0d9e9dd50ba8/datanode-2/data/ratis/c40d1993-10b5-4f50-8633-30d1d8dcdb2c] INFO  segmented.SegmentedRaftLogWorker (SegmentedRaftLogWorker.java:execute(569)) - fed03dd0-19ae-4d47-80df-f7b6c0cc818c-SegmentedRaftLogWorker:Storage Directory /workdir/hadoop-ozone/integration-test/target/test-dir/MiniOzoneClusterImpl-4d5e9512-7d5a-42a1-8e37-0d9e9dd50ba8/datanode-2/data/ratis/c40d1993-10b5-4f50-8633-30d1d8dcdb2c: created new log segment /workdir/hadoop-ozone/integration-test/target/test-dir/MiniOzoneClusterImpl-4d5e9512-7d5a-42a1-8e37-0d9e9dd50ba8/datanode-2/data/ratis/c40d1993-10b5-4f50-8633-30d1d8dcdb2c/current/log_inprogress_0
2019-09-12 10:19:42,170 [Thread-191] INFO  impl.FollowerState (FollowerState.java:run(106)) - b23f64d4-8020-446d-bbe2-842f6640ef38:group-81D4432F86A1 changes to CANDIDATE, lastRpcTime:5158, electionTimeout:5158ms
2019-09-12 10:19:42,171 [Thread-191] INFO  impl.RoleInfo (RoleInfo.java:shutdownFollowerState(121)) - b23f64d4-8020-446d-bbe2-842f6640ef38: shutdown FollowerState
2019-09-12 10:19:42,171 [Thread-191] INFO  impl.RaftServerImpl (RaftServerImpl.java:setRole(171)) - b23f64d4-8020-446d-bbe2-842f6640ef38:group-81D4432F86A1 changes role from FOLLOWER to CANDIDATE at term 0 for changeToCandidate
2019-09-12 10:19:42,171 [Thread-191] INFO  impl.RoleInfo (RoleInfo.java:updateAndGet(143)) - b23f64d4-8020-446d-bbe2-842f6640ef38: start LeaderElection
2019-09-12 10:19:42,186 [b23f64d4-8020-446d-bbe2-842f6640ef38:group-81D4432F86A1:LeaderElection5] INFO  impl.LeaderElection (LeaderElection.java:askForVotes(181)) - b23f64d4-8020-446d-bbe2-842f6640ef38:group-81D4432F86A1:LeaderElection5: begin an election at term 1 for -1: [b23f64d4-8020-446d-bbe2-842f6640ef38:192.168.157.195:44376], old=null
2019-09-12 10:19:42,187 [b23f64d4-8020-446d-bbe2-842f6640ef38:group-81D4432F86A1:LeaderElection5] INFO  impl.RoleInfo (RoleInfo.java:shutdownLeaderElection(134)) - b23f64d4-8020-446d-bbe2-842f6640ef38: shutdown LeaderElection
2019-09-12 10:19:42,187 [b23f64d4-8020-446d-bbe2-842f6640ef38:group-81D4432F86A1:LeaderElection5] INFO  impl.RaftServerImpl (RaftServerImpl.java:setRole(171)) - b23f64d4-8020-446d-bbe2-842f6640ef38:group-81D4432F86A1 changes role from CANDIDATE to LEADER at term 1 for changeToLeader
2019-09-12 10:19:42,187 [b23f64d4-8020-446d-bbe2-842f6640ef38:group-81D4432F86A1:LeaderElection5] INFO  impl.RaftServerImpl (ServerState.java:setLeader(263)) - b23f64d4-8020-446d-bbe2-842f6640ef38:group-81D4432F86A1 change Leader from null to b23f64d4-8020-446d-bbe2-842f6640ef38 at term 1 for becomeLeader, leader elected after 5181ms
2019-09-12 10:19:42,187 [b23f64d4-8020-446d-bbe2-842f6640ef38:group-81D4432F86A1:LeaderElection5] INFO  server.RaftServerConfigKeys (ConfUtils.java:logGet(43)) - raft.server.staging.catchup.gap = 1000 (default)
2019-09-12 10:19:42,187 [b23f64d4-8020-446d-bbe2-842f6640ef38:group-81D4432F86A1:LeaderElection5] INFO  server.RaftServerConfigKeys (ConfUtils.java:logGet(43)) - raft.server.rpc.sleep.time = 25ms (default)
2019-09-12 10:19:42,188 [b23f64d4-8020-446d-bbe2-842f6640ef38:group-81D4432F86A1:LeaderElection5] INFO  server.RaftServerConfigKeys (ConfUtils.java:logGet(43)) - raft.server.write.element-limit = 4096 (default)
2019-09-12 10:19:42,188 [b23f64d4-8020-446d-bbe2-842f6640ef38:group-81D4432F86A1:LeaderElection5] INFO  server.RaftServerConfigKeys (ConfUtils.java:logGet(43)) - raft.server.watch.timeout = 10s (default)
2019-09-12 10:19:42,188 [b23f64d4-8020-446d-bbe2-842f6640ef38:group-81D4432F86A1:LeaderElection5] INFO  server.RaftServerConfigKeys (ConfUtils.java:logGet(43)) - raft.server.watch.timeout.denomination = 1s (default)
2019-09-12 10:19:42,188 [b23f64d4-8020-446d-bbe2-842f6640ef38:group-81D4432F86A1:LeaderElection5] INFO  server.RaftServerConfigKeys (ConfUtils.java:logGet(43)) - raft.server.watch.element-limit = 65536 (default)
2019-09-12 10:19:42,188 [b23f64d4-8020-446d-bbe2-842f6640ef38:group-81D4432F86A1:LeaderElection5] INFO  impl.RoleInfo (RoleInfo.java:updateAndGet(143)) - b23f64d4-8020-446d-bbe2-842f6640ef38: start LeaderState
2019-09-12 10:19:42,188 [b23f64d4-8020-446d-bbe2-842f6640ef38:group-81D4432F86A1:LeaderElection5] INFO  segmented.SegmentedRaftLogWorker (SegmentedRaftLogWorker.java:startLogSegment(380)) - b23f64d4-8020-446d-bbe2-842f6640ef38-SegmentedRaftLogWorker:Storage Directory /workdir/hadoop-ozone/integration-test/target/test-dir/MiniOzoneClusterImpl-4d5e9512-7d5a-42a1-8e37-0d9e9dd50ba8/datanode-0/data/ratis/7a56fbc4-cc0b-4ed0-8562-81d4432f86a1: Starting segment from index:0
2019-09-12 10:19:42,189 [b23f64d4-8020-446d-bbe2-842f6640ef38:group-81D4432F86A1:LeaderElection5] INFO  impl.RaftServerImpl (ServerState.java:setRaftConf(361)) - b23f64d4-8020-446d-bbe2-842f6640ef38:group-81D4432F86A1 set configuration 0: [b23f64d4-8020-446d-bbe2-842f6640ef38:192.168.157.195:44376], old=null at 0
2019-09-12 10:19:42,226 [Thread-197] INFO  impl.FollowerState (FollowerState.java:run(106)) - b23f64d4-8020-446d-bbe2-842f6640ef38:group-7E40CF89D2E8 changes to CANDIDATE, lastRpcTime:5074, electionTimeout:5049ms
2019-09-12 10:19:42,226 [Thread-197] INFO  impl.RoleInfo (RoleInfo.java:shutdownFollowerState(121)) - b23f64d4-8020-446d-bbe2-842f6640ef38: shutdown FollowerState
2019-09-12 10:19:42,226 [Thread-197] INFO  impl.RaftServerImpl (RaftServerImpl.java:setRole(171)) - b23f64d4-8020-446d-bbe2-842f6640ef38:group-7E40CF89D2E8 changes role from FOLLOWER to CANDIDATE at term 0 for changeToCandidate
2019-09-12 10:19:42,226 [Thread-197] INFO  impl.RoleInfo (RoleInfo.java:updateAndGet(143)) - b23f64d4-8020-446d-bbe2-842f6640ef38: start LeaderElection
2019-09-12 10:19:42,239 [b23f64d4-8020-446d-bbe2-842f6640ef38-SegmentedRaftLogWorker:Storage Directory /workdir/hadoop-ozone/integration-test/target/test-dir/MiniOzoneClusterImpl-4d5e9512-7d5a-42a1-8e37-0d9e9dd50ba8/datanode-0/data/ratis/7a56fbc4-cc0b-4ed0-8562-81d4432f86a1] INFO  segmented.SegmentedRaftLogWorker (SegmentedRaftLogWorker.java:execute(569)) - b23f64d4-8020-446d-bbe2-842f6640ef38-SegmentedRaftLogWorker:Storage Directory /workdir/hadoop-ozone/integration-test/target/test-dir/MiniOzoneClusterImpl-4d5e9512-7d5a-42a1-8e37-0d9e9dd50ba8/datanode-0/data/ratis/7a56fbc4-cc0b-4ed0-8562-81d4432f86a1: created new log segment /workdir/hadoop-ozone/integration-test/target/test-dir/MiniOzoneClusterImpl-4d5e9512-7d5a-42a1-8e37-0d9e9dd50ba8/datanode-0/data/ratis/7a56fbc4-cc0b-4ed0-8562-81d4432f86a1/current/log_inprogress_0
2019-09-12 10:19:42,239 [b23f64d4-8020-446d-bbe2-842f6640ef38:group-7E40CF89D2E8:LeaderElection6] INFO  impl.LeaderElection (LeaderElection.java:askForVotes(181)) - b23f64d4-8020-446d-bbe2-842f6640ef38:group-7E40CF89D2E8:LeaderElection6: begin an election at term 1 for -1: [b23f64d4-8020-446d-bbe2-842f6640ef38:192.168.157.195:44376], old=null
2019-09-12 10:19:42,239 [b23f64d4-8020-446d-bbe2-842f6640ef38:group-7E40CF89D2E8:LeaderElection6] INFO  impl.RoleInfo (RoleInfo.java:shutdownLeaderElection(134)) - b23f64d4-8020-446d-bbe2-842f6640ef38: shutdown LeaderElection
2019-09-12 10:19:42,239 [b23f64d4-8020-446d-bbe2-842f6640ef38:group-7E40CF89D2E8:LeaderElection6] INFO  impl.RaftServerImpl (RaftServerImpl.java:setRole(171)) - b23f64d4-8020-446d-bbe2-842f6640ef38:group-7E40CF89D2E8 changes role from CANDIDATE to LEADER at term 1 for changeToLeader
2019-09-12 10:19:42,240 [b23f64d4-8020-446d-bbe2-842f6640ef38:group-7E40CF89D2E8:LeaderElection6] INFO  impl.RaftServerImpl (ServerState.java:setLeader(263)) - b23f64d4-8020-446d-bbe2-842f6640ef38:group-7E40CF89D2E8 change Leader from null to b23f64d4-8020-446d-bbe2-842f6640ef38 at term 1 for becomeLeader, leader elected after 5094ms
2019-09-12 10:19:42,240 [b23f64d4-8020-446d-bbe2-842f6640ef38:group-7E40CF89D2E8:LeaderElection6] INFO  server.RaftServerConfigKeys (ConfUtils.java:logGet(43)) - raft.server.staging.catchup.gap = 1000 (default)
2019-09-12 10:19:42,240 [b23f64d4-8020-446d-bbe2-842f6640ef38:group-7E40CF89D2E8:LeaderElection6] INFO  server.RaftServerConfigKeys (ConfUtils.java:logGet(43)) - raft.server.rpc.sleep.time = 25ms (default)
2019-09-12 10:19:42,240 [b23f64d4-8020-446d-bbe2-842f6640ef38:group-7E40CF89D2E8:LeaderElection6] INFO  server.RaftServerConfigKeys (ConfUtils.java:logGet(43)) - raft.server.write.element-limit = 4096 (default)
2019-09-12 10:19:42,240 [b23f64d4-8020-446d-bbe2-842f6640ef38:group-7E40CF89D2E8:LeaderElection6] INFO  server.RaftServerConfigKeys (ConfUtils.java:logGet(43)) - raft.server.watch.timeout = 10s (default)
2019-09-12 10:19:42,240 [b23f64d4-8020-446d-bbe2-842f6640ef38:group-7E40CF89D2E8:LeaderElection6] INFO  server.RaftServerConfigKeys (ConfUtils.java:logGet(43)) - raft.server.watch.timeout.denomination = 1s (default)
2019-09-12 10:19:42,241 [b23f64d4-8020-446d-bbe2-842f6640ef38:group-7E40CF89D2E8:LeaderElection6] INFO  server.RaftServerConfigKeys (ConfUtils.java:logGet(43)) - raft.server.watch.element-limit = 65536 (default)
2019-09-12 10:19:42,241 [b23f64d4-8020-446d-bbe2-842f6640ef38:group-7E40CF89D2E8:LeaderElection6] INFO  impl.RoleInfo (RoleInfo.java:updateAndGet(143)) - b23f64d4-8020-446d-bbe2-842f6640ef38: start LeaderState
2019-09-12 10:19:42,241 [b23f64d4-8020-446d-bbe2-842f6640ef38:group-7E40CF89D2E8:LeaderElection6] INFO  segmented.SegmentedRaftLogWorker (SegmentedRaftLogWorker.java:startLogSegment(380)) - b23f64d4-8020-446d-bbe2-842f6640ef38-SegmentedRaftLogWorker:Storage Directory /workdir/hadoop-ozone/integration-test/target/test-dir/MiniOzoneClusterImpl-4d5e9512-7d5a-42a1-8e37-0d9e9dd50ba8/datanode-0/data/ratis/4303004c-102c-4c50-8ce8-7e40cf89d2e8: Starting segment from index:0
2019-09-12 10:19:42,242 [b23f64d4-8020-446d-bbe2-842f6640ef38:group-7E40CF89D2E8:LeaderElection6] INFO  impl.RaftServerImpl (ServerState.java:setRaftConf(361)) - b23f64d4-8020-446d-bbe2-842f6640ef38:group-7E40CF89D2E8 set configuration 0: [b23f64d4-8020-446d-bbe2-842f6640ef38:192.168.157.195:44376], old=null at 0
2019-09-12 10:19:42,279 [Thread-194] INFO  impl.FollowerState (FollowerState.java:run(106)) - ad4c2123-5d66-4058-a486-75b7e9920b2b:group-CD78CF5FA75D changes to CANDIDATE, lastRpcTime:5194, electionTimeout:5194ms
2019-09-12 10:19:42,280 [Thread-194] INFO  impl.RoleInfo (RoleInfo.java:shutdownFollowerState(121)) - ad4c2123-5d66-4058-a486-75b7e9920b2b: shutdown FollowerState
2019-09-12 10:19:42,280 [Thread-194] INFO  impl.RaftServerImpl (RaftServerImpl.java:setRole(171)) - ad4c2123-5d66-4058-a486-75b7e9920b2b:group-CD78CF5FA75D changes role from FOLLOWER to CANDIDATE at term 0 for changeToCandidate
2019-09-12 10:19:42,280 [Thread-194] INFO  impl.RoleInfo (RoleInfo.java:updateAndGet(143)) - ad4c2123-5d66-4058-a486-75b7e9920b2b: start LeaderElection
2019-09-12 10:19:42,283 [b23f64d4-8020-446d-bbe2-842f6640ef38-SegmentedRaftLogWorker:Storage Directory /workdir/hadoop-ozone/integration-test/target/test-dir/MiniOzoneClusterImpl-4d5e9512-7d5a-42a1-8e37-0d9e9dd50ba8/datanode-0/data/ratis/4303004c-102c-4c50-8ce8-7e40cf89d2e8] INFO  segmented.SegmentedRaftLogWorker (SegmentedRaftLogWorker.java:execute(569)) - b23f64d4-8020-446d-bbe2-842f6640ef38-SegmentedRaftLogWorker:Storage Directory /workdir/hadoop-ozone/integration-test/target/test-dir/MiniOzoneClusterImpl-4d5e9512-7d5a-42a1-8e37-0d9e9dd50ba8/datanode-0/data/ratis/4303004c-102c-4c50-8ce8-7e40cf89d2e8: created new log segment /workdir/hadoop-ozone/integration-test/target/test-dir/MiniOzoneClusterImpl-4d5e9512-7d5a-42a1-8e37-0d9e9dd50ba8/datanode-0/data/ratis/4303004c-102c-4c50-8ce8-7e40cf89d2e8/current/log_inprogress_0
2019-09-12 10:19:42,286 [ad4c2123-5d66-4058-a486-75b7e9920b2b:group-CD78CF5FA75D:LeaderElection7] INFO  impl.LeaderElection (LeaderElection.java:askForVotes(181)) - ad4c2123-5d66-4058-a486-75b7e9920b2b:group-CD78CF5FA75D:LeaderElection7: begin an election at term 1 for -1: [ad4c2123-5d66-4058-a486-75b7e9920b2b:192.168.157.195:38581], old=null
2019-09-12 10:19:42,286 [ad4c2123-5d66-4058-a486-75b7e9920b2b:group-CD78CF5FA75D:LeaderElection7] INFO  impl.RoleInfo (RoleInfo.java:shutdownLeaderElection(134)) - ad4c2123-5d66-4058-a486-75b7e9920b2b: shutdown LeaderElection
2019-09-12 10:19:42,287 [ad4c2123-5d66-4058-a486-75b7e9920b2b:group-CD78CF5FA75D:LeaderElection7] INFO  impl.RaftServerImpl (RaftServerImpl.java:setRole(171)) - ad4c2123-5d66-4058-a486-75b7e9920b2b:group-CD78CF5FA75D changes role from CANDIDATE to LEADER at term 1 for changeToLeader
2019-09-12 10:19:42,287 [ad4c2123-5d66-4058-a486-75b7e9920b2b:group-CD78CF5FA75D:LeaderElection7] INFO  impl.RaftServerImpl (ServerState.java:setLeader(263)) - ad4c2123-5d66-4058-a486-75b7e9920b2b:group-CD78CF5FA75D change Leader from null to ad4c2123-5d66-4058-a486-75b7e9920b2b at term 1 for becomeLeader, leader elected after 5207ms
2019-09-12 10:19:42,287 [ad4c2123-5d66-4058-a486-75b7e9920b2b:group-CD78CF5FA75D:LeaderElection7] INFO  server.RaftServerConfigKeys (ConfUtils.java:logGet(43)) - raft.server.staging.catchup.gap = 1000 (default)
2019-09-12 10:19:42,287 [ad4c2123-5d66-4058-a486-75b7e9920b2b:group-CD78CF5FA75D:LeaderElection7] INFO  server.RaftServerConfigKeys (ConfUtils.java:logGet(43)) - raft.server.rpc.sleep.time = 25ms (default)
2019-09-12 10:19:42,287 [ad4c2123-5d66-4058-a486-75b7e9920b2b:group-CD78CF5FA75D:LeaderElection7] INFO  server.RaftServerConfigKeys (ConfUtils.java:logGet(43)) - raft.server.write.element-limit = 4096 (default)
2019-09-12 10:19:42,287 [ad4c2123-5d66-4058-a486-75b7e9920b2b:group-CD78CF5FA75D:LeaderElection7] INFO  server.RaftServerConfigKeys (ConfUtils.java:logGet(43)) - raft.server.watch.timeout = 10s (default)
2019-09-12 10:19:42,288 [ad4c2123-5d66-4058-a486-75b7e9920b2b:group-CD78CF5FA75D:LeaderElection7] INFO  server.RaftServerConfigKeys (ConfUtils.java:logGet(43)) - raft.server.watch.timeout.denomination = 1s (default)
2019-09-12 10:19:42,288 [ad4c2123-5d66-4058-a486-75b7e9920b2b:group-CD78CF5FA75D:LeaderElection7] INFO  server.RaftServerConfigKeys (ConfUtils.java:logGet(43)) - raft.server.watch.element-limit = 65536 (default)
2019-09-12 10:19:42,288 [ad4c2123-5d66-4058-a486-75b7e9920b2b:group-CD78CF5FA75D:LeaderElection7] INFO  impl.RoleInfo (RoleInfo.java:updateAndGet(143)) - ad4c2123-5d66-4058-a486-75b7e9920b2b: start LeaderState
2019-09-12 10:19:42,288 [ad4c2123-5d66-4058-a486-75b7e9920b2b:group-CD78CF5FA75D:LeaderElection7] INFO  segmented.SegmentedRaftLogWorker (SegmentedRaftLogWorker.java:startLogSegment(380)) - ad4c2123-5d66-4058-a486-75b7e9920b2b-SegmentedRaftLogWorker:Storage Directory /workdir/hadoop-ozone/integration-test/target/test-dir/MiniOzoneClusterImpl-4d5e9512-7d5a-42a1-8e37-0d9e9dd50ba8/datanode-1/data/ratis/d80c7c98-e1d1-4559-8e59-cd78cf5fa75d: Starting segment from index:0
2019-09-12 10:19:42,289 [ad4c2123-5d66-4058-a486-75b7e9920b2b:group-CD78CF5FA75D:LeaderElection7] INFO  impl.RaftServerImpl (ServerState.java:setRaftConf(361)) - ad4c2123-5d66-4058-a486-75b7e9920b2b:group-CD78CF5FA75D set configuration 0: [ad4c2123-5d66-4058-a486-75b7e9920b2b:192.168.157.195:38581], old=null at 0
2019-09-12 10:19:42,328 [Thread-200] INFO  impl.FollowerState (FollowerState.java:run(106)) - b23f64d4-8020-446d-bbe2-842f6640ef38:group-E5B2E53756B4 changes to CANDIDATE, lastRpcTime:5112, electionTimeout:5084ms
2019-09-12 10:19:42,329 [Thread-200] INFO  impl.RoleInfo (RoleInfo.java:shutdownFollowerState(121)) - b23f64d4-8020-446d-bbe2-842f6640ef38: shutdown FollowerState
2019-09-12 10:19:42,329 [Thread-200] INFO  impl.RaftServerImpl (RaftServerImpl.java:setRole(171)) - b23f64d4-8020-446d-bbe2-842f6640ef38:group-E5B2E53756B4 changes role from FOLLOWER to CANDIDATE at term 0 for changeToCandidate
2019-09-12 10:19:42,330 [Thread-200] INFO  impl.RoleInfo (RoleInfo.java:updateAndGet(143)) - b23f64d4-8020-446d-bbe2-842f6640ef38: start LeaderElection
2019-09-12 10:19:42,340 [ad4c2123-5d66-4058-a486-75b7e9920b2b-SegmentedRaftLogWorker:Storage Directory /workdir/hadoop-ozone/integration-test/target/test-dir/MiniOzoneClusterImpl-4d5e9512-7d5a-42a1-8e37-0d9e9dd50ba8/datanode-1/data/ratis/d80c7c98-e1d1-4559-8e59-cd78cf5fa75d] INFO  segmented.SegmentedRaftLogWorker (SegmentedRaftLogWorker.java:execute(569)) - ad4c2123-5d66-4058-a486-75b7e9920b2b-SegmentedRaftLogWorker:Storage Directory /workdir/hadoop-ozone/integration-test/target/test-dir/MiniOzoneClusterImpl-4d5e9512-7d5a-42a1-8e37-0d9e9dd50ba8/datanode-1/data/ratis/d80c7c98-e1d1-4559-8e59-cd78cf5fa75d: created new log segment /workdir/hadoop-ozone/integration-test/target/test-dir/MiniOzoneClusterImpl-4d5e9512-7d5a-42a1-8e37-0d9e9dd50ba8/datanode-1/data/ratis/d80c7c98-e1d1-4559-8e59-cd78cf5fa75d/current/log_inprogress_0
2019-09-12 10:19:42,341 [b23f64d4-8020-446d-bbe2-842f6640ef38:group-E5B2E53756B4:LeaderElection8] INFO  impl.LeaderElection (LeaderElection.java:askForVotes(181)) - b23f64d4-8020-446d-bbe2-842f6640ef38:group-E5B2E53756B4:LeaderElection8: begin an election at term 1 for -1: [b23f64d4-8020-446d-bbe2-842f6640ef38:192.168.157.195:44376], old=null
2019-09-12 10:19:42,341 [b23f64d4-8020-446d-bbe2-842f6640ef38:group-E5B2E53756B4:LeaderElection8] INFO  impl.RoleInfo (RoleInfo.java:shutdownLeaderElection(134)) - b23f64d4-8020-446d-bbe2-842f6640ef38: shutdown LeaderElection
2019-09-12 10:19:42,341 [b23f64d4-8020-446d-bbe2-842f6640ef38:group-E5B2E53756B4:LeaderElection8] INFO  impl.RaftServerImpl (RaftServerImpl.java:setRole(171)) - b23f64d4-8020-446d-bbe2-842f6640ef38:group-E5B2E53756B4 changes role from CANDIDATE to LEADER at term 1 for changeToLeader
2019-09-12 10:19:42,341 [b23f64d4-8020-446d-bbe2-842f6640ef38:group-E5B2E53756B4:LeaderElection8] INFO  impl.RaftServerImpl (ServerState.java:setLeader(263)) - b23f64d4-8020-446d-bbe2-842f6640ef38:group-E5B2E53756B4 change Leader from null to b23f64d4-8020-446d-bbe2-842f6640ef38 at term 1 for becomeLeader, leader elected after 5130ms
2019-09-12 10:19:42,341 [b23f64d4-8020-446d-bbe2-842f6640ef38:group-E5B2E53756B4:LeaderElection8] INFO  server.RaftServerConfigKeys (ConfUtils.java:logGet(43)) - raft.server.staging.catchup.gap = 1000 (default)
2019-09-12 10:19:42,341 [b23f64d4-8020-446d-bbe2-842f6640ef38:group-E5B2E53756B4:LeaderElection8] INFO  server.RaftServerConfigKeys (ConfUtils.java:logGet(43)) - raft.server.rpc.sleep.time = 25ms (default)
2019-09-12 10:19:42,342 [b23f64d4-8020-446d-bbe2-842f6640ef38:group-E5B2E53756B4:LeaderElection8] INFO  server.RaftServerConfigKeys (ConfUtils.java:logGet(43)) - raft.server.write.element-limit = 4096 (default)
2019-09-12 10:19:42,342 [b23f64d4-8020-446d-bbe2-842f6640ef38:group-E5B2E53756B4:LeaderElection8] INFO  server.RaftServerConfigKeys (ConfUtils.java:logGet(43)) - raft.server.watch.timeout = 10s (default)
2019-09-12 10:19:42,342 [b23f64d4-8020-446d-bbe2-842f6640ef38:group-E5B2E53756B4:LeaderElection8] INFO  server.RaftServerConfigKeys (ConfUtils.java:logGet(43)) - raft.server.watch.timeout.denomination = 1s (default)
2019-09-12 10:19:42,342 [b23f64d4-8020-446d-bbe2-842f6640ef38:group-E5B2E53756B4:LeaderElection8] INFO  server.RaftServerConfigKeys (ConfUtils.java:logGet(43)) - raft.server.watch.element-limit = 65536 (default)
2019-09-12 10:19:42,343 [b23f64d4-8020-446d-bbe2-842f6640ef38:group-E5B2E53756B4:LeaderElection8] INFO  impl.RoleInfo (RoleInfo.java:updateAndGet(143)) - b23f64d4-8020-446d-bbe2-842f6640ef38: start LeaderState
2019-09-12 10:19:42,343 [b23f64d4-8020-446d-bbe2-842f6640ef38:group-E5B2E53756B4:LeaderElection8] INFO  segmented.SegmentedRaftLogWorker (SegmentedRaftLogWorker.java:startLogSegment(380)) - b23f64d4-8020-446d-bbe2-842f6640ef38-SegmentedRaftLogWorker:Storage Directory /workdir/hadoop-ozone/integration-test/target/test-dir/MiniOzoneClusterImpl-4d5e9512-7d5a-42a1-8e37-0d9e9dd50ba8/datanode-0/data/ratis/729fc883-fd89-4a41-86a1-e5b2e53756b4: Starting segment from index:0
2019-09-12 10:19:42,344 [b23f64d4-8020-446d-bbe2-842f6640ef38:group-E5B2E53756B4:LeaderElection8] INFO  impl.RaftServerImpl (ServerState.java:setRaftConf(361)) - b23f64d4-8020-446d-bbe2-842f6640ef38:group-E5B2E53756B4 set configuration 0: [b23f64d4-8020-446d-bbe2-842f6640ef38:192.168.157.195:44376], old=null at 0
2019-09-12 10:19:42,386 [b23f64d4-8020-446d-bbe2-842f6640ef38-SegmentedRaftLogWorker:Storage Directory /workdir/hadoop-ozone/integration-test/target/test-dir/MiniOzoneClusterImpl-4d5e9512-7d5a-42a1-8e37-0d9e9dd50ba8/datanode-0/data/ratis/729fc883-fd89-4a41-86a1-e5b2e53756b4] INFO  segmented.SegmentedRaftLogWorker (SegmentedRaftLogWorker.java:execute(569)) - b23f64d4-8020-446d-bbe2-842f6640ef38-SegmentedRaftLogWorker:Storage Directory /workdir/hadoop-ozone/integration-test/target/test-dir/MiniOzoneClusterImpl-4d5e9512-7d5a-42a1-8e37-0d9e9dd50ba8/datanode-0/data/ratis/729fc883-fd89-4a41-86a1-e5b2e53756b4: created new log segment /workdir/hadoop-ozone/integration-test/target/test-dir/MiniOzoneClusterImpl-4d5e9512-7d5a-42a1-8e37-0d9e9dd50ba8/datanode-0/data/ratis/729fc883-fd89-4a41-86a1-e5b2e53756b4/current/log_inprogress_0
2019-09-12 10:19:42,423 [Thread-206] INFO  impl.FollowerState (FollowerState.java:run(106)) - ad4c2123-5d66-4058-a486-75b7e9920b2b:group-F25A3172B12A changes to CANDIDATE, lastRpcTime:5088, electionTimeout:5085ms
2019-09-12 10:19:42,426 [Thread-206] INFO  impl.RoleInfo (RoleInfo.java:shutdownFollowerState(121)) - ad4c2123-5d66-4058-a486-75b7e9920b2b: shutdown FollowerState
2019-09-12 10:19:42,426 [Thread-206] INFO  impl.RaftServerImpl (RaftServerImpl.java:setRole(171)) - ad4c2123-5d66-4058-a486-75b7e9920b2b:group-F25A3172B12A changes role from FOLLOWER to CANDIDATE at term 0 for changeToCandidate
2019-09-12 10:19:42,426 [Thread-206] INFO  impl.RoleInfo (RoleInfo.java:updateAndGet(143)) - ad4c2123-5d66-4058-a486-75b7e9920b2b: start LeaderElection
2019-09-12 10:19:42,442 [ad4c2123-5d66-4058-a486-75b7e9920b2b:group-F25A3172B12A:LeaderElection9] INFO  impl.LeaderElection (LeaderElection.java:askForVotes(181)) - ad4c2123-5d66-4058-a486-75b7e9920b2b:group-F25A3172B12A:LeaderElection9: begin an election at term 1 for -1: [ad4c2123-5d66-4058-a486-75b7e9920b2b:192.168.157.195:38581], old=null
2019-09-12 10:19:42,443 [ad4c2123-5d66-4058-a486-75b7e9920b2b:group-F25A3172B12A:LeaderElection9] INFO  impl.RoleInfo (RoleInfo.java:shutdownLeaderElection(134)) - ad4c2123-5d66-4058-a486-75b7e9920b2b: shutdown LeaderElection
2019-09-12 10:19:42,443 [ad4c2123-5d66-4058-a486-75b7e9920b2b:group-F25A3172B12A:LeaderElection9] INFO  impl.RaftServerImpl (RaftServerImpl.java:setRole(171)) - ad4c2123-5d66-4058-a486-75b7e9920b2b:group-F25A3172B12A changes role from CANDIDATE to LEADER at term 1 for changeToLeader
2019-09-12 10:19:42,443 [ad4c2123-5d66-4058-a486-75b7e9920b2b:group-F25A3172B12A:LeaderElection9] INFO  impl.RaftServerImpl (ServerState.java:setLeader(263)) - ad4c2123-5d66-4058-a486-75b7e9920b2b:group-F25A3172B12A change Leader from null to ad4c2123-5d66-4058-a486-75b7e9920b2b at term 1 for becomeLeader, leader elected after 5114ms
2019-09-12 10:19:42,443 [ad4c2123-5d66-4058-a486-75b7e9920b2b:group-F25A3172B12A:LeaderElection9] INFO  server.RaftServerConfigKeys (ConfUtils.java:logGet(43)) - raft.server.staging.catchup.gap = 1000 (default)
2019-09-12 10:19:42,443 [ad4c2123-5d66-4058-a486-75b7e9920b2b:group-F25A3172B12A:LeaderElection9] INFO  server.RaftServerConfigKeys (ConfUtils.java:logGet(43)) - raft.server.rpc.sleep.time = 25ms (default)
2019-09-12 10:19:42,444 [ad4c2123-5d66-4058-a486-75b7e9920b2b:group-F25A3172B12A:LeaderElection9] INFO  server.RaftServerConfigKeys (ConfUtils.java:logGet(43)) - raft.server.write.element-limit = 4096 (default)
2019-09-12 10:19:42,444 [ad4c2123-5d66-4058-a486-75b7e9920b2b:group-F25A3172B12A:LeaderElection9] INFO  server.RaftServerConfigKeys (ConfUtils.java:logGet(43)) - raft.server.watch.timeout = 10s (default)
2019-09-12 10:19:42,444 [ad4c2123-5d66-4058-a486-75b7e9920b2b:group-F25A3172B12A:LeaderElection9] INFO  server.RaftServerConfigKeys (ConfUtils.java:logGet(43)) - raft.server.watch.timeout.denomination = 1s (default)
2019-09-12 10:19:42,444 [ad4c2123-5d66-4058-a486-75b7e9920b2b:group-F25A3172B12A:LeaderElection9] INFO  server.RaftServerConfigKeys (ConfUtils.java:logGet(43)) - raft.server.watch.element-limit = 65536 (default)
2019-09-12 10:19:42,444 [ad4c2123-5d66-4058-a486-75b7e9920b2b:group-F25A3172B12A:LeaderElection9] INFO  impl.RoleInfo (RoleInfo.java:updateAndGet(143)) - ad4c2123-5d66-4058-a486-75b7e9920b2b: start LeaderState
2019-09-12 10:19:42,445 [ad4c2123-5d66-4058-a486-75b7e9920b2b:group-F25A3172B12A:LeaderElection9] INFO  segmented.SegmentedRaftLogWorker (SegmentedRaftLogWorker.java:startLogSegment(380)) - ad4c2123-5d66-4058-a486-75b7e9920b2b-SegmentedRaftLogWorker:Storage Directory /workdir/hadoop-ozone/integration-test/target/test-dir/MiniOzoneClusterImpl-4d5e9512-7d5a-42a1-8e37-0d9e9dd50ba8/datanode-1/data/ratis/2a7bb605-748f-4f58-8b11-f25a3172b12a: Starting segment from index:0
2019-09-12 10:19:42,445 [ad4c2123-5d66-4058-a486-75b7e9920b2b:group-F25A3172B12A:LeaderElection9] INFO  impl.RaftServerImpl (ServerState.java:setRaftConf(361)) - ad4c2123-5d66-4058-a486-75b7e9920b2b:group-F25A3172B12A set configuration 0: [ad4c2123-5d66-4058-a486-75b7e9920b2b:192.168.157.195:38581], old=null at 0
2019-09-12 10:19:42,484 [Thread-203] INFO  impl.FollowerState (FollowerState.java:run(106)) - fed03dd0-19ae-4d47-80df-f7b6c0cc818c:group-5EC81CE6564C changes to CANDIDATE, lastRpcTime:5209, electionTimeout:5193ms
2019-09-12 10:19:42,484 [Thread-203] INFO  impl.RoleInfo (RoleInfo.java:shutdownFollowerState(121)) - fed03dd0-19ae-4d47-80df-f7b6c0cc818c: shutdown FollowerState
2019-09-12 10:19:42,484 [Thread-203] INFO  impl.RaftServerImpl (RaftServerImpl.java:setRole(171)) - fed03dd0-19ae-4d47-80df-f7b6c0cc818c:group-5EC81CE6564C changes role from FOLLOWER to CANDIDATE at term 0 for changeToCandidate
2019-09-12 10:19:42,484 [Thread-203] INFO  impl.RoleInfo (RoleInfo.java:updateAndGet(143)) - fed03dd0-19ae-4d47-80df-f7b6c0cc818c: start LeaderElection
2019-09-12 10:19:42,497 [ad4c2123-5d66-4058-a486-75b7e9920b2b-SegmentedRaftLogWorker:Storage Directory /workdir/hadoop-ozone/integration-test/target/test-dir/MiniOzoneClusterImpl-4d5e9512-7d5a-42a1-8e37-0d9e9dd50ba8/datanode-1/data/ratis/2a7bb605-748f-4f58-8b11-f25a3172b12a] INFO  segmented.SegmentedRaftLogWorker (SegmentedRaftLogWorker.java:execute(569)) - ad4c2123-5d66-4058-a486-75b7e9920b2b-SegmentedRaftLogWorker:Storage Directory /workdir/hadoop-ozone/integration-test/target/test-dir/MiniOzoneClusterImpl-4d5e9512-7d5a-42a1-8e37-0d9e9dd50ba8/datanode-1/data/ratis/2a7bb605-748f-4f58-8b11-f25a3172b12a: created new log segment /workdir/hadoop-ozone/integration-test/target/test-dir/MiniOzoneClusterImpl-4d5e9512-7d5a-42a1-8e37-0d9e9dd50ba8/datanode-1/data/ratis/2a7bb605-748f-4f58-8b11-f25a3172b12a/current/log_inprogress_0
2019-09-12 10:19:42,497 [fed03dd0-19ae-4d47-80df-f7b6c0cc818c:group-5EC81CE6564C:LeaderElection10] INFO  impl.LeaderElection (LeaderElection.java:askForVotes(181)) - fed03dd0-19ae-4d47-80df-f7b6c0cc818c:group-5EC81CE6564C:LeaderElection10: begin an election at term 1 for -1: [fed03dd0-19ae-4d47-80df-f7b6c0cc818c:192.168.157.195:40326], old=null
2019-09-12 10:19:42,497 [fed03dd0-19ae-4d47-80df-f7b6c0cc818c:group-5EC81CE6564C:LeaderElection10] INFO  impl.RoleInfo (RoleInfo.java:shutdownLeaderElection(134)) - fed03dd0-19ae-4d47-80df-f7b6c0cc818c: shutdown LeaderElection
2019-09-12 10:19:42,497 [fed03dd0-19ae-4d47-80df-f7b6c0cc818c:group-5EC81CE6564C:LeaderElection10] INFO  impl.RaftServerImpl (RaftServerImpl.java:setRole(171)) - fed03dd0-19ae-4d47-80df-f7b6c0cc818c:group-5EC81CE6564C changes role from CANDIDATE to LEADER at term 1 for changeToLeader
2019-09-12 10:19:42,497 [fed03dd0-19ae-4d47-80df-f7b6c0cc818c:group-5EC81CE6564C:LeaderElection10] INFO  impl.RaftServerImpl (ServerState.java:setLeader(263)) - fed03dd0-19ae-4d47-80df-f7b6c0cc818c:group-5EC81CE6564C change Leader from null to fed03dd0-19ae-4d47-80df-f7b6c0cc818c at term 1 for becomeLeader, leader elected after 5228ms
2019-09-12 10:19:42,497 [fed03dd0-19ae-4d47-80df-f7b6c0cc818c:group-5EC81CE6564C:LeaderElection10] INFO  server.RaftServerConfigKeys (ConfUtils.java:logGet(43)) - raft.server.staging.catchup.gap = 1000 (default)
2019-09-12 10:19:42,498 [fed03dd0-19ae-4d47-80df-f7b6c0cc818c:group-5EC81CE6564C:LeaderElection10] INFO  server.RaftServerConfigKeys (ConfUtils.java:logGet(43)) - raft.server.rpc.sleep.time = 25ms (default)
2019-09-12 10:19:42,498 [fed03dd0-19ae-4d47-80df-f7b6c0cc818c:group-5EC81CE6564C:LeaderElection10] INFO  server.RaftServerConfigKeys (ConfUtils.java:logGet(43)) - raft.server.write.element-limit = 4096 (default)
2019-09-12 10:19:42,498 [fed03dd0-19ae-4d47-80df-f7b6c0cc818c:group-5EC81CE6564C:LeaderElection10] INFO  server.RaftServerConfigKeys (ConfUtils.java:logGet(43)) - raft.server.watch.timeout = 10s (default)
2019-09-12 10:19:42,498 [fed03dd0-19ae-4d47-80df-f7b6c0cc818c:group-5EC81CE6564C:LeaderElection10] INFO  server.RaftServerConfigKeys (ConfUtils.java:logGet(43)) - raft.server.watch.timeout.denomination = 1s (default)
2019-09-12 10:19:42,498 [fed03dd0-19ae-4d47-80df-f7b6c0cc818c:group-5EC81CE6564C:LeaderElection10] INFO  server.RaftServerConfigKeys (ConfUtils.java:logGet(43)) - raft.server.watch.element-limit = 65536 (default)
2019-09-12 10:19:42,499 [fed03dd0-19ae-4d47-80df-f7b6c0cc818c:group-5EC81CE6564C:LeaderElection10] INFO  impl.RoleInfo (RoleInfo.java:updateAndGet(143)) - fed03dd0-19ae-4d47-80df-f7b6c0cc818c: start LeaderState
2019-09-12 10:19:42,499 [fed03dd0-19ae-4d47-80df-f7b6c0cc818c:group-5EC81CE6564C:LeaderElection10] INFO  segmented.SegmentedRaftLogWorker (SegmentedRaftLogWorker.java:startLogSegment(380)) - fed03dd0-19ae-4d47-80df-f7b6c0cc818c-SegmentedRaftLogWorker:Storage Directory /workdir/hadoop-ozone/integration-test/target/test-dir/MiniOzoneClusterImpl-4d5e9512-7d5a-42a1-8e37-0d9e9dd50ba8/datanode-2/data/ratis/952d8405-8222-440a-a5d8-5ec81ce6564c: Starting segment from index:0
2019-09-12 10:19:42,500 [fed03dd0-19ae-4d47-80df-f7b6c0cc818c:group-5EC81CE6564C:LeaderElection10] INFO  impl.RaftServerImpl (ServerState.java:setRaftConf(361)) - fed03dd0-19ae-4d47-80df-f7b6c0cc818c:group-5EC81CE6564C set configuration 0: [fed03dd0-19ae-4d47-80df-f7b6c0cc818c:192.168.157.195:40326], old=null at 0
2019-09-12 10:19:42,543 [fed03dd0-19ae-4d47-80df-f7b6c0cc818c-SegmentedRaftLogWorker:Storage Directory /workdir/hadoop-ozone/integration-test/target/test-dir/MiniOzoneClusterImpl-4d5e9512-7d5a-42a1-8e37-0d9e9dd50ba8/datanode-2/data/ratis/952d8405-8222-440a-a5d8-5ec81ce6564c] INFO  segmented.SegmentedRaftLogWorker (SegmentedRaftLogWorker.java:execute(569)) - fed03dd0-19ae-4d47-80df-f7b6c0cc818c-SegmentedRaftLogWorker:Storage Directory /workdir/hadoop-ozone/integration-test/target/test-dir/MiniOzoneClusterImpl-4d5e9512-7d5a-42a1-8e37-0d9e9dd50ba8/datanode-2/data/ratis/952d8405-8222-440a-a5d8-5ec81ce6564c: created new log segment /workdir/hadoop-ozone/integration-test/target/test-dir/MiniOzoneClusterImpl-4d5e9512-7d5a-42a1-8e37-0d9e9dd50ba8/datanode-2/data/ratis/952d8405-8222-440a-a5d8-5ec81ce6564c/current/log_inprogress_0
2019-09-12 10:19:42,546 [Thread-212] INFO  impl.FollowerState (FollowerState.java:run(106)) - b23f64d4-8020-446d-bbe2-842f6640ef38:group-7D976A5A1E04 changes to CANDIDATE, lastRpcTime:5079, electionTimeout:5079ms
2019-09-12 10:19:42,547 [Thread-212] INFO  impl.RoleInfo (RoleInfo.java:shutdownFollowerState(121)) - b23f64d4-8020-446d-bbe2-842f6640ef38: shutdown FollowerState
2019-09-12 10:19:42,547 [Thread-212] INFO  impl.RaftServerImpl (RaftServerImpl.java:setRole(171)) - b23f64d4-8020-446d-bbe2-842f6640ef38:group-7D976A5A1E04 changes role from FOLLOWER to CANDIDATE at term 0 for changeToCandidate
2019-09-12 10:19:42,547 [Thread-212] INFO  impl.RoleInfo (RoleInfo.java:updateAndGet(143)) - b23f64d4-8020-446d-bbe2-842f6640ef38: start LeaderElection
2019-09-12 10:19:42,562 [b23f64d4-8020-446d-bbe2-842f6640ef38:group-7D976A5A1E04:LeaderElection11] INFO  impl.LeaderElection (LeaderElection.java:askForVotes(181)) - b23f64d4-8020-446d-bbe2-842f6640ef38:group-7D976A5A1E04:LeaderElection11: begin an election at term 1 for -1: [b23f64d4-8020-446d-bbe2-842f6640ef38:192.168.157.195:44376], old=null
2019-09-12 10:19:42,563 [b23f64d4-8020-446d-bbe2-842f6640ef38:group-7D976A5A1E04:LeaderElection11] INFO  impl.RoleInfo (RoleInfo.java:shutdownLeaderElection(134)) - b23f64d4-8020-446d-bbe2-842f6640ef38: shutdown LeaderElection
2019-09-12 10:19:42,563 [b23f64d4-8020-446d-bbe2-842f6640ef38:group-7D976A5A1E04:LeaderElection11] INFO  impl.RaftServerImpl (RaftServerImpl.java:setRole(171)) - b23f64d4-8020-446d-bbe2-842f6640ef38:group-7D976A5A1E04 changes role from CANDIDATE to LEADER at term 1 for changeToLeader
2019-09-12 10:19:42,563 [b23f64d4-8020-446d-bbe2-842f6640ef38:group-7D976A5A1E04:LeaderElection11] INFO  impl.RaftServerImpl (ServerState.java:setLeader(263)) - b23f64d4-8020-446d-bbe2-842f6640ef38:group-7D976A5A1E04 change Leader from null to b23f64d4-8020-446d-bbe2-842f6640ef38 at term 1 for becomeLeader, leader elected after 5101ms
2019-09-12 10:19:42,563 [b23f64d4-8020-446d-bbe2-842f6640ef38:group-7D976A5A1E04:LeaderElection11] INFO  server.RaftServerConfigKeys (ConfUtils.java:logGet(43)) - raft.server.staging.catchup.gap = 1000 (default)
2019-09-12 10:19:42,563 [b23f64d4-8020-446d-bbe2-842f6640ef38:group-7D976A5A1E04:LeaderElection11] INFO  server.RaftServerConfigKeys (ConfUtils.java:logGet(43)) - raft.server.rpc.sleep.time = 25ms (default)
2019-09-12 10:19:42,564 [b23f64d4-8020-446d-bbe2-842f6640ef38:group-7D976A5A1E04:LeaderElection11] INFO  server.RaftServerConfigKeys (ConfUtils.java:logGet(43)) - raft.server.write.element-limit = 4096 (default)
2019-09-12 10:19:42,564 [b23f64d4-8020-446d-bbe2-842f6640ef38:group-7D976A5A1E04:LeaderElection11] INFO  server.RaftServerConfigKeys (ConfUtils.java:logGet(43)) - raft.server.watch.timeout = 10s (default)
2019-09-12 10:19:42,564 [b23f64d4-8020-446d-bbe2-842f6640ef38:group-7D976A5A1E04:LeaderElection11] INFO  server.RaftServerConfigKeys (ConfUtils.java:logGet(43)) - raft.server.watch.timeout.denomination = 1s (default)
2019-09-12 10:19:42,564 [b23f64d4-8020-446d-bbe2-842f6640ef38:group-7D976A5A1E04:LeaderElection11] INFO  server.RaftServerConfigKeys (ConfUtils.java:logGet(43)) - raft.server.watch.element-limit = 65536 (default)
2019-09-12 10:19:42,565 [b23f64d4-8020-446d-bbe2-842f6640ef38:group-7D976A5A1E04:LeaderElection11] INFO  impl.RoleInfo (RoleInfo.java:updateAndGet(143)) - b23f64d4-8020-446d-bbe2-842f6640ef38: start LeaderState
2019-09-12 10:19:42,565 [b23f64d4-8020-446d-bbe2-842f6640ef38:group-7D976A5A1E04:LeaderElection11] INFO  segmented.SegmentedRaftLogWorker (SegmentedRaftLogWorker.java:startLogSegment(380)) - b23f64d4-8020-446d-bbe2-842f6640ef38-SegmentedRaftLogWorker:Storage Directory /workdir/hadoop-ozone/integration-test/target/test-dir/MiniOzoneClusterImpl-4d5e9512-7d5a-42a1-8e37-0d9e9dd50ba8/datanode-0/data/ratis/d836c7d2-22e0-4ece-b6c4-7d976a5a1e04: Starting segment from index:0
2019-09-12 10:19:42,566 [b23f64d4-8020-446d-bbe2-842f6640ef38:group-7D976A5A1E04:LeaderElection11] INFO  impl.RaftServerImpl (ServerState.java:setRaftConf(361)) - b23f64d4-8020-446d-bbe2-842f6640ef38:group-7D976A5A1E04 set configuration 0: [b23f64d4-8020-446d-bbe2-842f6640ef38:192.168.157.195:44376], old=null at 0
2019-09-12 10:19:42,605 [Thread-209] INFO  impl.FollowerState (FollowerState.java:run(106)) - fed03dd0-19ae-4d47-80df-f7b6c0cc818c:group-8C278D82F897 changes to CANDIDATE, lastRpcTime:5212, electionTimeout:5187ms
2019-09-12 10:19:42,605 [Thread-209] INFO  impl.RoleInfo (RoleInfo.java:shutdownFollowerState(121)) - fed03dd0-19ae-4d47-80df-f7b6c0cc818c: shutdown FollowerState
2019-09-12 10:19:42,606 [Thread-209] INFO  impl.RaftServerImpl (RaftServerImpl.java:setRole(171)) - fed03dd0-19ae-4d47-80df-f7b6c0cc818c:group-8C278D82F897 changes role from FOLLOWER to CANDIDATE at term 0 for changeToCandidate
2019-09-12 10:19:42,606 [Thread-209] INFO  impl.RoleInfo (RoleInfo.java:updateAndGet(143)) - fed03dd0-19ae-4d47-80df-f7b6c0cc818c: start LeaderElection
2019-09-12 10:19:42,617 [b23f64d4-8020-446d-bbe2-842f6640ef38-SegmentedRaftLogWorker:Storage Directory /workdir/hadoop-ozone/integration-test/target/test-dir/MiniOzoneClusterImpl-4d5e9512-7d5a-42a1-8e37-0d9e9dd50ba8/datanode-0/data/ratis/d836c7d2-22e0-4ece-b6c4-7d976a5a1e04] INFO  segmented.SegmentedRaftLogWorker (SegmentedRaftLogWorker.java:execute(569)) - b23f64d4-8020-446d-bbe2-842f6640ef38-SegmentedRaftLogWorker:Storage Directory /workdir/hadoop-ozone/integration-test/target/test-dir/MiniOzoneClusterImpl-4d5e9512-7d5a-42a1-8e37-0d9e9dd50ba8/datanode-0/data/ratis/d836c7d2-22e0-4ece-b6c4-7d976a5a1e04: created new log segment /workdir/hadoop-ozone/integration-test/target/test-dir/MiniOzoneClusterImpl-4d5e9512-7d5a-42a1-8e37-0d9e9dd50ba8/datanode-0/data/ratis/d836c7d2-22e0-4ece-b6c4-7d976a5a1e04/current/log_inprogress_0
2019-09-12 10:19:42,617 [fed03dd0-19ae-4d47-80df-f7b6c0cc818c:group-8C278D82F897:LeaderElection12] INFO  impl.LeaderElection (LeaderElection.java:askForVotes(181)) - fed03dd0-19ae-4d47-80df-f7b6c0cc818c:group-8C278D82F897:LeaderElection12: begin an election at term 1 for -1: [fed03dd0-19ae-4d47-80df-f7b6c0cc818c:192.168.157.195:40326], old=null
2019-09-12 10:19:42,618 [fed03dd0-19ae-4d47-80df-f7b6c0cc818c:group-8C278D82F897:LeaderElection12] INFO  impl.RoleInfo (RoleInfo.java:shutdownLeaderElection(134)) - fed03dd0-19ae-4d47-80df-f7b6c0cc818c: shutdown LeaderElection
2019-09-12 10:19:42,618 [fed03dd0-19ae-4d47-80df-f7b6c0cc818c:group-8C278D82F897:LeaderElection12] INFO  impl.RaftServerImpl (RaftServerImpl.java:setRole(171)) - fed03dd0-19ae-4d47-80df-f7b6c0cc818c:group-8C278D82F897 changes role from CANDIDATE to LEADER at term 1 for changeToLeader
2019-09-12 10:19:42,618 [fed03dd0-19ae-4d47-80df-f7b6c0cc818c:group-8C278D82F897:LeaderElection12] INFO  impl.RaftServerImpl (ServerState.java:setLeader(263)) - fed03dd0-19ae-4d47-80df-f7b6c0cc818c:group-8C278D82F897 change Leader from null to fed03dd0-19ae-4d47-80df-f7b6c0cc818c at term 1 for becomeLeader, leader elected after 5230ms
2019-09-12 10:19:42,618 [fed03dd0-19ae-4d47-80df-f7b6c0cc818c:group-8C278D82F897:LeaderElection12] INFO  server.RaftServerConfigKeys (ConfUtils.java:logGet(43)) - raft.server.staging.catchup.gap = 1000 (default)
2019-09-12 10:19:42,618 [fed03dd0-19ae-4d47-80df-f7b6c0cc818c:group-8C278D82F897:LeaderElection12] INFO  server.RaftServerConfigKeys (ConfUtils.java:logGet(43)) - raft.server.rpc.sleep.time = 25ms (default)
2019-09-12 10:19:42,619 [fed03dd0-19ae-4d47-80df-f7b6c0cc818c:group-8C278D82F897:LeaderElection12] INFO  server.RaftServerConfigKeys (ConfUtils.java:logGet(43)) - raft.server.write.element-limit = 4096 (default)
2019-09-12 10:19:42,619 [fed03dd0-19ae-4d47-80df-f7b6c0cc818c:group-8C278D82F897:LeaderElection12] INFO  server.RaftServerConfigKeys (ConfUtils.java:logGet(43)) - raft.server.watch.timeout = 10s (default)
2019-09-12 10:19:42,619 [fed03dd0-19ae-4d47-80df-f7b6c0cc818c:group-8C278D82F897:LeaderElection12] INFO  server.RaftServerConfigKeys (ConfUtils.java:logGet(43)) - raft.server.watch.timeout.denomination = 1s (default)
2019-09-12 10:19:42,619 [fed03dd0-19ae-4d47-80df-f7b6c0cc818c:group-8C278D82F897:LeaderElection12] INFO  server.RaftServerConfigKeys (ConfUtils.java:logGet(43)) - raft.server.watch.element-limit = 65536 (default)
2019-09-12 10:19:42,620 [fed03dd0-19ae-4d47-80df-f7b6c0cc818c:group-8C278D82F897:LeaderElection12] INFO  impl.RoleInfo (RoleInfo.java:updateAndGet(143)) - fed03dd0-19ae-4d47-80df-f7b6c0cc818c: start LeaderState
2019-09-12 10:19:42,620 [fed03dd0-19ae-4d47-80df-f7b6c0cc818c:group-8C278D82F897:LeaderElection12] INFO  segmented.SegmentedRaftLogWorker (SegmentedRaftLogWorker.java:startLogSegment(380)) - fed03dd0-19ae-4d47-80df-f7b6c0cc818c-SegmentedRaftLogWorker:Storage Directory /workdir/hadoop-ozone/integration-test/target/test-dir/MiniOzoneClusterImpl-4d5e9512-7d5a-42a1-8e37-0d9e9dd50ba8/datanode-2/data/ratis/a8f6300f-60eb-4449-8df5-8c278d82f897: Starting segment from index:0
2019-09-12 10:19:42,621 [fed03dd0-19ae-4d47-80df-f7b6c0cc818c:group-8C278D82F897:LeaderElection12] INFO  impl.RaftServerImpl (ServerState.java:setRaftConf(361)) - fed03dd0-19ae-4d47-80df-f7b6c0cc818c:group-8C278D82F897 set configuration 0: [fed03dd0-19ae-4d47-80df-f7b6c0cc818c:192.168.157.195:40326], old=null at 0
2019-09-12 10:19:42,660 [Thread-218] INFO  impl.FollowerState (FollowerState.java:run(106)) - fed03dd0-19ae-4d47-80df-f7b6c0cc818c:group-34501D5A7A5E changes to CANDIDATE, lastRpcTime:5066, electionTimeout:5059ms
2019-09-12 10:19:42,661 [Thread-218] INFO  impl.RoleInfo (RoleInfo.java:shutdownFollowerState(121)) - fed03dd0-19ae-4d47-80df-f7b6c0cc818c: shutdown FollowerState
2019-09-12 10:19:42,661 [Thread-215] INFO  impl.FollowerState (FollowerState.java:run(106)) - ad4c2123-5d66-4058-a486-75b7e9920b2b:group-E83D450FC966 changes to CANDIDATE, lastRpcTime:5134, electionTimeout:5111ms
2019-09-12 10:19:42,662 [Thread-215] INFO  impl.RoleInfo (RoleInfo.java:shutdownFollowerState(121)) - ad4c2123-5d66-4058-a486-75b7e9920b2b: shutdown FollowerState
2019-09-12 10:19:42,661 [Thread-218] INFO  impl.RaftServerImpl (RaftServerImpl.java:setRole(171)) - fed03dd0-19ae-4d47-80df-f7b6c0cc818c:group-34501D5A7A5E changes role from FOLLOWER to CANDIDATE at term 0 for changeToCandidate
2019-09-12 10:19:42,662 [Thread-215] INFO  impl.RaftServerImpl (RaftServerImpl.java:setRole(171)) - ad4c2123-5d66-4058-a486-75b7e9920b2b:group-E83D450FC966 changes role from FOLLOWER to CANDIDATE at term 0 for changeToCandidate
2019-09-12 10:19:42,662 [Thread-218] INFO  impl.RoleInfo (RoleInfo.java:updateAndGet(143)) - fed03dd0-19ae-4d47-80df-f7b6c0cc818c: start LeaderElection
2019-09-12 10:19:42,662 [Thread-215] INFO  impl.RoleInfo (RoleInfo.java:updateAndGet(143)) - ad4c2123-5d66-4058-a486-75b7e9920b2b: start LeaderElection
2019-09-12 10:19:42,674 [fed03dd0-19ae-4d47-80df-f7b6c0cc818c-SegmentedRaftLogWorker:Storage Directory /workdir/hadoop-ozone/integration-test/target/test-dir/MiniOzoneClusterImpl-4d5e9512-7d5a-42a1-8e37-0d9e9dd50ba8/datanode-2/data/ratis/a8f6300f-60eb-4449-8df5-8c278d82f897] INFO  segmented.SegmentedRaftLogWorker (SegmentedRaftLogWorker.java:execute(569)) - fed03dd0-19ae-4d47-80df-f7b6c0cc818c-SegmentedRaftLogWorker:Storage Directory /workdir/hadoop-ozone/integration-test/target/test-dir/MiniOzoneClusterImpl-4d5e9512-7d5a-42a1-8e37-0d9e9dd50ba8/datanode-2/data/ratis/a8f6300f-60eb-4449-8df5-8c278d82f897: created new log segment /workdir/hadoop-ozone/integration-test/target/test-dir/MiniOzoneClusterImpl-4d5e9512-7d5a-42a1-8e37-0d9e9dd50ba8/datanode-2/data/ratis/a8f6300f-60eb-4449-8df5-8c278d82f897/current/log_inprogress_0
2019-09-12 10:19:42,674 [ad4c2123-5d66-4058-a486-75b7e9920b2b:group-E83D450FC966:LeaderElection14] INFO  impl.LeaderElection (LeaderElection.java:askForVotes(181)) - ad4c2123-5d66-4058-a486-75b7e9920b2b:group-E83D450FC966:LeaderElection14: begin an election at term 1 for -1: [ad4c2123-5d66-4058-a486-75b7e9920b2b:192.168.157.195:38581], old=null
2019-09-12 10:19:42,674 [fed03dd0-19ae-4d47-80df-f7b6c0cc818c:group-34501D5A7A5E:LeaderElection13] INFO  impl.LeaderElection (LeaderElection.java:askForVotes(181)) - fed03dd0-19ae-4d47-80df-f7b6c0cc818c:group-34501D5A7A5E:LeaderElection13: begin an election at term 1 for -1: [fed03dd0-19ae-4d47-80df-f7b6c0cc818c:192.168.157.195:40326], old=null
2019-09-12 10:19:42,675 [ad4c2123-5d66-4058-a486-75b7e9920b2b:group-E83D450FC966:LeaderElection14] INFO  impl.RoleInfo (RoleInfo.java:shutdownLeaderElection(134)) - ad4c2123-5d66-4058-a486-75b7e9920b2b: shutdown LeaderElection
2019-09-12 10:19:42,675 [fed03dd0-19ae-4d47-80df-f7b6c0cc818c:group-34501D5A7A5E:LeaderElection13] INFO  impl.RoleInfo (RoleInfo.java:shutdownLeaderElection(134)) - fed03dd0-19ae-4d47-80df-f7b6c0cc818c: shutdown LeaderElection
2019-09-12 10:19:42,675 [ad4c2123-5d66-4058-a486-75b7e9920b2b:group-E83D450FC966:LeaderElection14] INFO  impl.RaftServerImpl (RaftServerImpl.java:setRole(171)) - ad4c2123-5d66-4058-a486-75b7e9920b2b:group-E83D450FC966 changes role from CANDIDATE to LEADER at term 1 for changeToLeader
2019-09-12 10:19:42,675 [fed03dd0-19ae-4d47-80df-f7b6c0cc818c:group-34501D5A7A5E:LeaderElection13] INFO  impl.RaftServerImpl (RaftServerImpl.java:setRole(171)) - fed03dd0-19ae-4d47-80df-f7b6c0cc818c:group-34501D5A7A5E changes role from CANDIDATE to LEADER at term 1 for changeToLeader
2019-09-12 10:19:42,676 [ad4c2123-5d66-4058-a486-75b7e9920b2b:group-E83D450FC966:LeaderElection14] INFO  impl.RaftServerImpl (ServerState.java:setLeader(263)) - ad4c2123-5d66-4058-a486-75b7e9920b2b:group-E83D450FC966 change Leader from null to ad4c2123-5d66-4058-a486-75b7e9920b2b at term 1 for becomeLeader, leader elected after 5154ms
2019-09-12 10:19:42,676 [fed03dd0-19ae-4d47-80df-f7b6c0cc818c:group-34501D5A7A5E:LeaderElection13] INFO  impl.RaftServerImpl (ServerState.java:setLeader(263)) - fed03dd0-19ae-4d47-80df-f7b6c0cc818c:group-34501D5A7A5E change Leader from null to fed03dd0-19ae-4d47-80df-f7b6c0cc818c at term 1 for becomeLeader, leader elected after 5086ms
2019-09-12 10:19:42,676 [ad4c2123-5d66-4058-a486-75b7e9920b2b:group-E83D450FC966:LeaderElection14] INFO  server.RaftServerConfigKeys (ConfUtils.java:logGet(43)) - raft.server.staging.catchup.gap = 1000 (default)
2019-09-12 10:19:42,676 [fed03dd0-19ae-4d47-80df-f7b6c0cc818c:group-34501D5A7A5E:LeaderElection13] INFO  server.RaftServerConfigKeys (ConfUtils.java:logGet(43)) - raft.server.staging.catchup.gap = 1000 (default)
2019-09-12 10:19:42,676 [ad4c2123-5d66-4058-a486-75b7e9920b2b:group-E83D450FC966:LeaderElection14] INFO  server.RaftServerConfigKeys (ConfUtils.java:logGet(43)) - raft.server.rpc.sleep.time = 25ms (default)
2019-09-12 10:19:42,676 [fed03dd0-19ae-4d47-80df-f7b6c0cc818c:group-34501D5A7A5E:LeaderElection13] INFO  server.RaftServerConfigKeys (ConfUtils.java:logGet(43)) - raft.server.rpc.sleep.time = 25ms (default)
2019-09-12 10:19:42,677 [ad4c2123-5d66-4058-a486-75b7e9920b2b:group-E83D450FC966:LeaderElection14] INFO  server.RaftServerConfigKeys (ConfUtils.java:logGet(43)) - raft.server.write.element-limit = 4096 (default)
2019-09-12 10:19:42,677 [fed03dd0-19ae-4d47-80df-f7b6c0cc818c:group-34501D5A7A5E:LeaderElection13] INFO  server.RaftServerConfigKeys (ConfUtils.java:logGet(43)) - raft.server.write.element-limit = 4096 (default)
2019-09-12 10:19:42,677 [ad4c2123-5d66-4058-a486-75b7e9920b2b:group-E83D450FC966:LeaderElection14] INFO  server.RaftServerConfigKeys (ConfUtils.java:logGet(43)) - raft.server.watch.timeout = 10s (default)
2019-09-12 10:19:42,677 [fed03dd0-19ae-4d47-80df-f7b6c0cc818c:group-34501D5A7A5E:LeaderElection13] INFO  server.RaftServerConfigKeys (ConfUtils.java:logGet(43)) - raft.server.watch.timeout = 10s (default)
2019-09-12 10:19:42,677 [ad4c2123-5d66-4058-a486-75b7e9920b2b:group-E83D450FC966:LeaderElection14] INFO  server.RaftServerConfigKeys (ConfUtils.java:logGet(43)) - raft.server.watch.timeout.denomination = 1s (default)
2019-09-12 10:19:42,677 [fed03dd0-19ae-4d47-80df-f7b6c0cc818c:group-34501D5A7A5E:LeaderElection13] INFO  server.RaftServerConfigKeys (ConfUtils.java:logGet(43)) - raft.server.watch.timeout.denomination = 1s (default)
2019-09-12 10:19:42,677 [ad4c2123-5d66-4058-a486-75b7e9920b2b:group-E83D450FC966:LeaderElection14] INFO  server.RaftServerConfigKeys (ConfUtils.java:logGet(43)) - raft.server.watch.element-limit = 65536 (default)
2019-09-12 10:19:42,678 [fed03dd0-19ae-4d47-80df-f7b6c0cc818c:group-34501D5A7A5E:LeaderElection13] INFO  server.RaftServerConfigKeys (ConfUtils.java:logGet(43)) - raft.server.watch.element-limit = 65536 (default)
2019-09-12 10:19:42,678 [ad4c2123-5d66-4058-a486-75b7e9920b2b:group-E83D450FC966:LeaderElection14] INFO  impl.RoleInfo (RoleInfo.java:updateAndGet(143)) - ad4c2123-5d66-4058-a486-75b7e9920b2b: start LeaderState
2019-09-12 10:19:42,678 [fed03dd0-19ae-4d47-80df-f7b6c0cc818c:group-34501D5A7A5E:LeaderElection13] INFO  impl.RoleInfo (RoleInfo.java:updateAndGet(143)) - fed03dd0-19ae-4d47-80df-f7b6c0cc818c: start LeaderState
2019-09-12 10:19:42,678 [ad4c2123-5d66-4058-a486-75b7e9920b2b:group-E83D450FC966:LeaderElection14] INFO  segmented.SegmentedRaftLogWorker (SegmentedRaftLogWorker.java:startLogSegment(380)) - ad4c2123-5d66-4058-a486-75b7e9920b2b-SegmentedRaftLogWorker:Storage Directory /workdir/hadoop-ozone/integration-test/target/test-dir/MiniOzoneClusterImpl-4d5e9512-7d5a-42a1-8e37-0d9e9dd50ba8/datanode-1/data/ratis/8e9041f5-fd87-465c-89af-e83d450fc966: Starting segment from index:0
2019-09-12 10:19:42,678 [fed03dd0-19ae-4d47-80df-f7b6c0cc818c:group-34501D5A7A5E:LeaderElection13] INFO  segmented.SegmentedRaftLogWorker (SegmentedRaftLogWorker.java:startLogSegment(380)) - fed03dd0-19ae-4d47-80df-f7b6c0cc818c-SegmentedRaftLogWorker:Storage Directory /workdir/hadoop-ozone/integration-test/target/test-dir/MiniOzoneClusterImpl-4d5e9512-7d5a-42a1-8e37-0d9e9dd50ba8/datanode-2/data/ratis/d86a2205-b13d-4003-ba51-34501d5a7a5e: Starting segment from index:0
2019-09-12 10:19:42,679 [ad4c2123-5d66-4058-a486-75b7e9920b2b:group-E83D450FC966:LeaderElection14] INFO  impl.RaftServerImpl (ServerState.java:setRaftConf(361)) - ad4c2123-5d66-4058-a486-75b7e9920b2b:group-E83D450FC966 set configuration 0: [ad4c2123-5d66-4058-a486-75b7e9920b2b:192.168.157.195:38581], old=null at 0
2019-09-12 10:19:42,720 [fed03dd0-19ae-4d47-80df-f7b6c0cc818c:group-34501D5A7A5E:LeaderElection13] INFO  impl.RaftServerImpl (ServerState.java:setRaftConf(361)) - fed03dd0-19ae-4d47-80df-f7b6c0cc818c:group-34501D5A7A5E set configuration 0: [fed03dd0-19ae-4d47-80df-f7b6c0cc818c:192.168.157.195:40326], old=null at 0
2019-09-12 10:19:42,732 [ad4c2123-5d66-4058-a486-75b7e9920b2b-SegmentedRaftLogWorker:Storage Directory /workdir/hadoop-ozone/integration-test/target/test-dir/MiniOzoneClusterImpl-4d5e9512-7d5a-42a1-8e37-0d9e9dd50ba8/datanode-1/data/ratis/8e9041f5-fd87-465c-89af-e83d450fc966] INFO  segmented.SegmentedRaftLogWorker (SegmentedRaftLogWorker.java:execute(569)) - ad4c2123-5d66-4058-a486-75b7e9920b2b-SegmentedRaftLogWorker:Storage Directory /workdir/hadoop-ozone/integration-test/target/test-dir/MiniOzoneClusterImpl-4d5e9512-7d5a-42a1-8e37-0d9e9dd50ba8/datanode-1/data/ratis/8e9041f5-fd87-465c-89af-e83d450fc966: created new log segment /workdir/hadoop-ozone/integration-test/target/test-dir/MiniOzoneClusterImpl-4d5e9512-7d5a-42a1-8e37-0d9e9dd50ba8/datanode-1/data/ratis/8e9041f5-fd87-465c-89af-e83d450fc966/current/log_inprogress_0
2019-09-12 10:19:42,732 [fed03dd0-19ae-4d47-80df-f7b6c0cc818c-SegmentedRaftLogWorker:Storage Directory /workdir/hadoop-ozone/integration-test/target/test-dir/MiniOzoneClusterImpl-4d5e9512-7d5a-42a1-8e37-0d9e9dd50ba8/datanode-2/data/ratis/d86a2205-b13d-4003-ba51-34501d5a7a5e] INFO  segmented.SegmentedRaftLogWorker (SegmentedRaftLogWorker.java:execute(569)) - fed03dd0-19ae-4d47-80df-f7b6c0cc818c-SegmentedRaftLogWorker:Storage Directory /workdir/hadoop-ozone/integration-test/target/test-dir/MiniOzoneClusterImpl-4d5e9512-7d5a-42a1-8e37-0d9e9dd50ba8/datanode-2/data/ratis/d86a2205-b13d-4003-ba51-34501d5a7a5e: created new log segment /workdir/hadoop-ozone/integration-test/target/test-dir/MiniOzoneClusterImpl-4d5e9512-7d5a-42a1-8e37-0d9e9dd50ba8/datanode-2/data/ratis/d86a2205-b13d-4003-ba51-34501d5a7a5e/current/log_inprogress_0
2019-09-12 10:19:42,800 [Thread-221] INFO  impl.FollowerState (FollowerState.java:run(106)) - fed03dd0-19ae-4d47-80df-f7b6c0cc818c:group-5F94D5854108 changes to CANDIDATE, lastRpcTime:5152, electionTimeout:5152ms
2019-09-12 10:19:42,801 [Thread-221] INFO  impl.RoleInfo (RoleInfo.java:shutdownFollowerState(121)) - fed03dd0-19ae-4d47-80df-f7b6c0cc818c: shutdown FollowerState
2019-09-12 10:19:42,801 [Thread-221] INFO  impl.RaftServerImpl (RaftServerImpl.java:setRole(171)) - fed03dd0-19ae-4d47-80df-f7b6c0cc818c:group-5F94D5854108 changes role from FOLLOWER to CANDIDATE at term 0 for changeToCandidate
2019-09-12 10:19:42,802 [Thread-221] INFO  impl.RoleInfo (RoleInfo.java:updateAndGet(143)) - fed03dd0-19ae-4d47-80df-f7b6c0cc818c: start LeaderElection
2019-09-12 10:19:42,819 [fed03dd0-19ae-4d47-80df-f7b6c0cc818c:group-5F94D5854108:LeaderElection15] INFO  impl.LeaderElection (LeaderElection.java:askForVotes(181)) - fed03dd0-19ae-4d47-80df-f7b6c0cc818c:group-5F94D5854108:LeaderElection15: begin an election at term 1 for -1: [fed03dd0-19ae-4d47-80df-f7b6c0cc818c:192.168.157.195:40326], old=null
2019-09-12 10:19:42,820 [fed03dd0-19ae-4d47-80df-f7b6c0cc818c:group-5F94D5854108:LeaderElection15] INFO  impl.RoleInfo (RoleInfo.java:shutdownLeaderElection(134)) - fed03dd0-19ae-4d47-80df-f7b6c0cc818c: shutdown LeaderElection
2019-09-12 10:19:42,821 [fed03dd0-19ae-4d47-80df-f7b6c0cc818c:group-5F94D5854108:LeaderElection15] INFO  impl.RaftServerImpl (RaftServerImpl.java:setRole(171)) - fed03dd0-19ae-4d47-80df-f7b6c0cc818c:group-5F94D5854108 changes role from CANDIDATE to LEADER at term 1 for changeToLeader
2019-09-12 10:19:42,821 [fed03dd0-19ae-4d47-80df-f7b6c0cc818c:group-5F94D5854108:LeaderElection15] INFO  impl.RaftServerImpl (ServerState.java:setLeader(263)) - fed03dd0-19ae-4d47-80df-f7b6c0cc818c:group-5F94D5854108 change Leader from null to fed03dd0-19ae-4d47-80df-f7b6c0cc818c at term 1 for becomeLeader, leader elected after 5177ms
2019-09-12 10:19:42,821 [fed03dd0-19ae-4d47-80df-f7b6c0cc818c:group-5F94D5854108:LeaderElection15] INFO  server.RaftServerConfigKeys (ConfUtils.java:logGet(43)) - raft.server.staging.catchup.gap = 1000 (default)
2019-09-12 10:19:42,821 [fed03dd0-19ae-4d47-80df-f7b6c0cc818c:group-5F94D5854108:LeaderElection15] INFO  server.RaftServerConfigKeys (ConfUtils.java:logGet(43)) - raft.server.rpc.sleep.time = 25ms (default)
2019-09-12 10:19:42,822 [fed03dd0-19ae-4d47-80df-f7b6c0cc818c:group-5F94D5854108:LeaderElection15] INFO  server.RaftServerConfigKeys (ConfUtils.java:logGet(43)) - raft.server.write.element-limit = 4096 (default)
2019-09-12 10:19:42,822 [fed03dd0-19ae-4d47-80df-f7b6c0cc818c:group-5F94D5854108:LeaderElection15] INFO  server.RaftServerConfigKeys (ConfUtils.java:logGet(43)) - raft.server.watch.timeout = 10s (default)
2019-09-12 10:19:42,822 [fed03dd0-19ae-4d47-80df-f7b6c0cc818c:group-5F94D5854108:LeaderElection15] INFO  server.RaftServerConfigKeys (ConfUtils.java:logGet(43)) - raft.server.watch.timeout.denomination = 1s (default)
2019-09-12 10:19:42,823 [fed03dd0-19ae-4d47-80df-f7b6c0cc818c:group-5F94D5854108:LeaderElection15] INFO  server.RaftServerConfigKeys (ConfUtils.java:logGet(43)) - raft.server.watch.element-limit = 65536 (default)
2019-09-12 10:19:42,823 [fed03dd0-19ae-4d47-80df-f7b6c0cc818c:group-5F94D5854108:LeaderElection15] INFO  impl.RoleInfo (RoleInfo.java:updateAndGet(143)) - fed03dd0-19ae-4d47-80df-f7b6c0cc818c: start LeaderState
2019-09-12 10:19:42,823 [Thread-227] INFO  impl.FollowerState (FollowerState.java:run(106)) - b23f64d4-8020-446d-bbe2-842f6640ef38:group-D8028F975384 changes to CANDIDATE, lastRpcTime:5066, electionTimeout:5066ms
2019-09-12 10:19:42,824 [Thread-227] INFO  impl.RoleInfo (RoleInfo.java:shutdownFollowerState(121)) - b23f64d4-8020-446d-bbe2-842f6640ef38: shutdown FollowerState
2019-09-12 10:19:42,824 [fed03dd0-19ae-4d47-80df-f7b6c0cc818c:group-5F94D5854108:LeaderElection15] INFO  segmented.SegmentedRaftLogWorker (SegmentedRaftLogWorker.java:startLogSegment(380)) - fed03dd0-19ae-4d47-80df-f7b6c0cc818c-SegmentedRaftLogWorker:Storage Directory /workdir/hadoop-ozone/integration-test/target/test-dir/MiniOzoneClusterImpl-4d5e9512-7d5a-42a1-8e37-0d9e9dd50ba8/datanode-2/data/ratis/436988d3-691f-40a1-952e-5f94d5854108: Starting segment from index:0
2019-09-12 10:19:42,824 [Thread-227] INFO  impl.RaftServerImpl (RaftServerImpl.java:setRole(171)) - b23f64d4-8020-446d-bbe2-842f6640ef38:group-D8028F975384 changes role from FOLLOWER to CANDIDATE at term 0 for changeToCandidate
2019-09-12 10:19:42,824 [Thread-227] INFO  impl.RoleInfo (RoleInfo.java:updateAndGet(143)) - b23f64d4-8020-446d-bbe2-842f6640ef38: start LeaderElection
2019-09-12 10:19:42,825 [fed03dd0-19ae-4d47-80df-f7b6c0cc818c:group-5F94D5854108:LeaderElection15] INFO  impl.RaftServerImpl (ServerState.java:setRaftConf(361)) - fed03dd0-19ae-4d47-80df-f7b6c0cc818c:group-5F94D5854108 set configuration 0: [fed03dd0-19ae-4d47-80df-f7b6c0cc818c:192.168.157.195:40326], old=null at 0
2019-09-12 10:19:42,862 [Thread-224] INFO  impl.FollowerState (FollowerState.java:run(106)) - ad4c2123-5d66-4058-a486-75b7e9920b2b:group-E4093CBFEB35 changes to CANDIDATE, lastRpcTime:5164, electionTimeout:5157ms
2019-09-12 10:19:42,864 [Thread-224] INFO  impl.RoleInfo (RoleInfo.java:shutdownFollowerState(121)) - ad4c2123-5d66-4058-a486-75b7e9920b2b: shutdown FollowerState
2019-09-12 10:19:42,864 [Thread-224] INFO  impl.RaftServerImpl (RaftServerImpl.java:setRole(171)) - ad4c2123-5d66-4058-a486-75b7e9920b2b:group-E4093CBFEB35 changes role from FOLLOWER to CANDIDATE at term 0 for changeToCandidate
2019-09-12 10:19:42,864 [Thread-224] INFO  impl.RoleInfo (RoleInfo.java:updateAndGet(143)) - ad4c2123-5d66-4058-a486-75b7e9920b2b: start LeaderElection
2019-09-12 10:19:42,873 [ForkJoinPool.commonPool-worker-1] INFO  ozoneimpl.OzoneContainer (OzoneContainer.java:stop(199)) - Attempting to stop container services.
2019-09-12 10:19:42,873 [main] INFO  ozoneimpl.OzoneContainer (OzoneContainer.java:stop(199)) - Attempting to stop container services.
2019-09-12 10:19:42,874 [ForkJoinPool.commonPool-worker-1] INFO  impl.RaftServerProxy (RaftServerProxy.java:lambda$close$4(314)) - b23f64d4-8020-446d-bbe2-842f6640ef38: close
2019-09-12 10:19:42,875 [main] INFO  impl.RaftServerProxy (RaftServerProxy.java:lambda$close$4(314)) - ad4c2123-5d66-4058-a486-75b7e9920b2b: close
2019-09-12 10:19:42,876 [fed03dd0-19ae-4d47-80df-f7b6c0cc818c-SegmentedRaftLogWorker:Storage Directory /workdir/hadoop-ozone/integration-test/target/test-dir/MiniOzoneClusterImpl-4d5e9512-7d5a-42a1-8e37-0d9e9dd50ba8/datanode-2/data/ratis/436988d3-691f-40a1-952e-5f94d5854108] INFO  segmented.SegmentedRaftLogWorker (SegmentedRaftLogWorker.java:execute(569)) - fed03dd0-19ae-4d47-80df-f7b6c0cc818c-SegmentedRaftLogWorker:Storage Directory /workdir/hadoop-ozone/integration-test/target/test-dir/MiniOzoneClusterImpl-4d5e9512-7d5a-42a1-8e37-0d9e9dd50ba8/datanode-2/data/ratis/436988d3-691f-40a1-952e-5f94d5854108: created new log segment /workdir/hadoop-ozone/integration-test/target/test-dir/MiniOzoneClusterImpl-4d5e9512-7d5a-42a1-8e37-0d9e9dd50ba8/datanode-2/data/ratis/436988d3-691f-40a1-952e-5f94d5854108/current/log_inprogress_0
2019-09-12 10:19:42,876 [ad4c2123-5d66-4058-a486-75b7e9920b2b:group-E4093CBFEB35:LeaderElection17] INFO  impl.LeaderElection (LeaderElection.java:askForVotes(181)) - ad4c2123-5d66-4058-a486-75b7e9920b2b:group-E4093CBFEB35:LeaderElection17: begin an election at term 1 for -1: [ad4c2123-5d66-4058-a486-75b7e9920b2b:192.168.157.195:38581], old=null
2019-09-12 10:19:42,876 [b23f64d4-8020-446d-bbe2-842f6640ef38:group-D8028F975384:LeaderElection16] INFO  impl.LeaderElection (LeaderElection.java:askForVotes(181)) - b23f64d4-8020-446d-bbe2-842f6640ef38:group-D8028F975384:LeaderElection16: begin an election at term 1 for -1: [b23f64d4-8020-446d-bbe2-842f6640ef38:192.168.157.195:44376], old=null
2019-09-12 10:19:42,878 [ad4c2123-5d66-4058-a486-75b7e9920b2b:group-E4093CBFEB35:LeaderElection17] INFO  impl.RoleInfo (RoleInfo.java:shutdownLeaderElection(134)) - ad4c2123-5d66-4058-a486-75b7e9920b2b: shutdown LeaderElection
2019-09-12 10:19:42,878 [b23f64d4-8020-446d-bbe2-842f6640ef38:group-D8028F975384:LeaderElection16] INFO  impl.RoleInfo (RoleInfo.java:shutdownLeaderElection(134)) - b23f64d4-8020-446d-bbe2-842f6640ef38: shutdown LeaderElection
2019-09-12 10:19:42,878 [ad4c2123-5d66-4058-a486-75b7e9920b2b:group-E4093CBFEB35:LeaderElection17] INFO  impl.RaftServerImpl (RaftServerImpl.java:setRole(171)) - ad4c2123-5d66-4058-a486-75b7e9920b2b:group-E4093CBFEB35 changes role from CANDIDATE to LEADER at term 1 for changeToLeader
2019-09-12 10:19:42,878 [b23f64d4-8020-446d-bbe2-842f6640ef38:group-D8028F975384:LeaderElection16] INFO  impl.RaftServerImpl (RaftServerImpl.java:setRole(171)) - b23f64d4-8020-446d-bbe2-842f6640ef38:group-D8028F975384 changes role from CANDIDATE to LEADER at term 1 for changeToLeader
2019-09-12 10:19:42,878 [ad4c2123-5d66-4058-a486-75b7e9920b2b:group-E4093CBFEB35:LeaderElection17] INFO  impl.RaftServerImpl (ServerState.java:setLeader(263)) - ad4c2123-5d66-4058-a486-75b7e9920b2b:group-E4093CBFEB35 change Leader from null to ad4c2123-5d66-4058-a486-75b7e9920b2b at term 1 for becomeLeader, leader elected after 5184ms
2019-09-12 10:19:42,878 [b23f64d4-8020-446d-bbe2-842f6640ef38:group-D8028F975384:LeaderElection16] INFO  impl.RaftServerImpl (ServerState.java:setLeader(263)) - b23f64d4-8020-446d-bbe2-842f6640ef38:group-D8028F975384 change Leader from null to b23f64d4-8020-446d-bbe2-842f6640ef38 at term 1 for becomeLeader, leader elected after 5124ms
2019-09-12 10:19:42,878 [ad4c2123-5d66-4058-a486-75b7e9920b2b:group-E4093CBFEB35:LeaderElection17] INFO  server.RaftServerConfigKeys (ConfUtils.java:logGet(43)) - raft.server.staging.catchup.gap = 1000 (default)
2019-09-12 10:19:42,879 [b23f64d4-8020-446d-bbe2-842f6640ef38:group-D8028F975384:LeaderElection16] INFO  server.RaftServerConfigKeys (ConfUtils.java:logGet(43)) - raft.server.staging.catchup.gap = 1000 (default)
2019-09-12 10:19:42,879 [ad4c2123-5d66-4058-a486-75b7e9920b2b:group-E4093CBFEB35:LeaderElection17] INFO  server.RaftServerConfigKeys (ConfUtils.java:logGet(43)) - raft.server.rpc.sleep.time = 25ms (default)
2019-09-12 10:19:42,879 [main] INFO  impl.RaftServerImpl (RaftServerImpl.java:lambda$shutdown$3(245)) - ad4c2123-5d66-4058-a486-75b7e9920b2b: shutdown group-E83D450FC966
2019-09-12 10:19:42,879 [ForkJoinPool.commonPool-worker-1] INFO  impl.RaftServerImpl (RaftServerImpl.java:lambda$shutdown$3(245)) - b23f64d4-8020-446d-bbe2-842f6640ef38: shutdown group-E5B2E53756B4
2019-09-12 10:19:42,879 [b23f64d4-8020-446d-bbe2-842f6640ef38:group-D8028F975384:LeaderElection16] INFO  server.RaftServerConfigKeys (ConfUtils.java:logGet(43)) - raft.server.rpc.sleep.time = 25ms (default)
2019-09-12 10:19:42,880 [ForkJoinPool.commonPool-worker-1] INFO  util.JmxRegister (JmxRegister.java:unregister(73)) - Successfully un-registered JMX Bean with object name Ratis:service=RaftServer,group=group-E5B2E53756B4,id=b23f64d4-8020-446d-bbe2-842f6640ef38
2019-09-12 10:19:42,880 [main] INFO  util.JmxRegister (JmxRegister.java:unregister(73)) - Successfully un-registered JMX Bean with object name Ratis:service=RaftServer,group=group-E83D450FC966,id=ad4c2123-5d66-4058-a486-75b7e9920b2b
2019-09-12 10:19:42,881 [main] INFO  impl.RoleInfo (RoleInfo.java:shutdownLeaderState(104)) - ad4c2123-5d66-4058-a486-75b7e9920b2b: shutdown LeaderState
2019-09-12 10:19:42,879 [ad4c2123-5d66-4058-a486-75b7e9920b2b:group-E4093CBFEB35:LeaderElection17] INFO  server.RaftServerConfigKeys (ConfUtils.java:logGet(43)) - raft.server.write.element-limit = 4096 (default)
2019-09-12 10:19:42,880 [ForkJoinPool.commonPool-worker-1] INFO  impl.RoleInfo (RoleInfo.java:shutdownLeaderState(104)) - b23f64d4-8020-446d-bbe2-842f6640ef38: shutdown LeaderState
2019-09-12 10:19:42,880 [b23f64d4-8020-446d-bbe2-842f6640ef38:group-D8028F975384:LeaderElection16] INFO  server.RaftServerConfigKeys (ConfUtils.java:logGet(43)) - raft.server.write.element-limit = 4096 (default)
2019-09-12 10:19:42,881 [ad4c2123-5d66-4058-a486-75b7e9920b2b:group-E4093CBFEB35:LeaderElection17] INFO  server.RaftServerConfigKeys (ConfUtils.java:logGet(43)) - raft.server.watch.timeout = 10s (default)
2019-09-12 10:19:42,882 [b23f64d4-8020-446d-bbe2-842f6640ef38:group-D8028F975384:LeaderElection16] INFO  server.RaftServerConfigKeys (ConfUtils.java:logGet(43)) - raft.server.watch.timeout = 10s (default)
2019-09-12 10:19:42,882 [ad4c2123-5d66-4058-a486-75b7e9920b2b:group-E4093CBFEB35:LeaderElection17] INFO  server.RaftServerConfigKeys (ConfUtils.java:logGet(43)) - raft.server.watch.timeout.denomination = 1s (default)
2019-09-12 10:19:42,882 [b23f64d4-8020-446d-bbe2-842f6640ef38:group-D8028F975384:LeaderElection16] INFO  server.RaftServerConfigKeys (ConfUtils.java:logGet(43)) - raft.server.watch.timeout.denomination = 1s (default)
2019-09-12 10:19:42,882 [ad4c2123-5d66-4058-a486-75b7e9920b2b:group-E4093CBFEB35:LeaderElection17] INFO  server.RaftServerConfigKeys (ConfUtils.java:logGet(43)) - raft.server.watch.element-limit = 65536 (default)
2019-09-12 10:19:42,883 [ForkJoinPool.commonPool-worker-1] INFO  impl.PendingRequests (PendingRequests.java:sendNotLeaderResponses(202)) - b23f64d4-8020-446d-bbe2-842f6640ef38-PendingRequests: sendNotLeaderResponses
2019-09-12 10:19:42,883 [b23f64d4-8020-446d-bbe2-842f6640ef38:group-D8028F975384:LeaderElection16] INFO  server.RaftServerConfigKeys (ConfUtils.java:logGet(43)) - raft.server.watch.element-limit = 65536 (default)
2019-09-12 10:19:42,884 [ad4c2123-5d66-4058-a486-75b7e9920b2b:group-E4093CBFEB35:LeaderElection17] INFO  impl.RoleInfo (RoleInfo.java:updateAndGet(143)) - ad4c2123-5d66-4058-a486-75b7e9920b2b: start LeaderState
2019-09-12 10:19:42,883 [main] INFO  impl.PendingRequests (PendingRequests.java:sendNotLeaderResponses(202)) - ad4c2123-5d66-4058-a486-75b7e9920b2b-PendingRequests: sendNotLeaderResponses
2019-09-12 10:19:42,885 [ad4c2123-5d66-4058-a486-75b7e9920b2b:group-E4093CBFEB35:LeaderElection17] INFO  segmented.SegmentedRaftLogWorker (SegmentedRaftLogWorker.java:startLogSegment(380)) - ad4c2123-5d66-4058-a486-75b7e9920b2b-SegmentedRaftLogWorker:Storage Directory /workdir/hadoop-ozone/integration-test/target/test-dir/MiniOzoneClusterImpl-4d5e9512-7d5a-42a1-8e37-0d9e9dd50ba8/datanode-1/data/ratis/f14d2871-44f2-4551-bdd7-e4093cbfeb35: Starting segment from index:0
2019-09-12 10:19:42,884 [b23f64d4-8020-446d-bbe2-842f6640ef38:group-D8028F975384:LeaderElection16] INFO  impl.RoleInfo (RoleInfo.java:updateAndGet(143)) - b23f64d4-8020-446d-bbe2-842f6640ef38: start LeaderState
2019-09-12 10:19:42,886 [b23f64d4-8020-446d-bbe2-842f6640ef38:group-D8028F975384:LeaderElection16] INFO  segmented.SegmentedRaftLogWorker (SegmentedRaftLogWorker.java:startLogSegment(380)) - b23f64d4-8020-446d-bbe2-842f6640ef38-SegmentedRaftLogWorker:Storage Directory /workdir/hadoop-ozone/integration-test/target/test-dir/MiniOzoneClusterImpl-4d5e9512-7d5a-42a1-8e37-0d9e9dd50ba8/datanode-0/data/ratis/51b5f6fc-42ab-4770-8a54-d8028f975384: Starting segment from index:0
2019-09-12 10:19:42,886 [ad4c2123-5d66-4058-a486-75b7e9920b2b:group-E4093CBFEB35:LeaderElection17] INFO  impl.RaftServerImpl (ServerState.java:setRaftConf(361)) - ad4c2123-5d66-4058-a486-75b7e9920b2b:group-E4093CBFEB35 set configuration 0: [ad4c2123-5d66-4058-a486-75b7e9920b2b:192.168.157.195:38581], old=null at 0
2019-09-12 10:19:42,924 [ForkJoinPool.commonPool-worker-1] INFO  impl.StateMachineUpdater (StateMachineUpdater.java:stopAndJoin(115)) - StateMachineUpdater:b23f64d4-8020-446d-bbe2-842f6640ef38:group-E5B2E53756B4: set stopIndex = 0
2019-09-12 10:19:42,926 [b23f64d4-8020-446d-bbe2-842f6640ef38:group-D8028F975384:LeaderElection16] INFO  impl.RaftServerImpl (ServerState.java:setRaftConf(361)) - b23f64d4-8020-446d-bbe2-842f6640ef38:group-D8028F975384 set configuration 0: [b23f64d4-8020-446d-bbe2-842f6640ef38:192.168.157.195:44376], old=null at 0
2019-09-12 10:19:42,964 [ForkJoinPool.commonPool-worker-1] INFO  impl.RaftServerImpl (ServerState.java:close(394)) - b23f64d4-8020-446d-bbe2-842f6640ef38:group-E5B2E53756B4 closes. The last applied log index is 0
2019-09-12 10:19:42,964 [ad4c2123-5d66-4058-a486-75b7e9920b2b-SegmentedRaftLogWorker:Storage Directory /workdir/hadoop-ozone/integration-test/target/test-dir/MiniOzoneClusterImpl-4d5e9512-7d5a-42a1-8e37-0d9e9dd50ba8/datanode-1/data/ratis/f14d2871-44f2-4551-bdd7-e4093cbfeb35] INFO  segmented.SegmentedRaftLogWorker (SegmentedRaftLogWorker.java:execute(569)) - ad4c2123-5d66-4058-a486-75b7e9920b2b-SegmentedRaftLogWorker:Storage Directory /workdir/hadoop-ozone/integration-test/target/test-dir/MiniOzoneClusterImpl-4d5e9512-7d5a-42a1-8e37-0d9e9dd50ba8/datanode-1/data/ratis/f14d2871-44f2-4551-bdd7-e4093cbfeb35: created new log segment /workdir/hadoop-ozone/integration-test/target/test-dir/MiniOzoneClusterImpl-4d5e9512-7d5a-42a1-8e37-0d9e9dd50ba8/datanode-1/data/ratis/f14d2871-44f2-4551-bdd7-e4093cbfeb35/current/log_inprogress_0
2019-09-12 10:19:42,924 [main] INFO  impl.StateMachineUpdater (StateMachineUpdater.java:stopAndJoin(115)) - StateMachineUpdater:ad4c2123-5d66-4058-a486-75b7e9920b2b:group-E83D450FC966: set stopIndex = 0
2019-09-12 10:19:42,972 | INFO  | SCMAudit | user=jenkins1000 | ip=192.168.157.195 | op=SEND_HEARTBEAT {datanodeUUID=fed03dd0-19ae-4d47-80df-f7b6c0cc818c, command=[]} | ret=SUCCESS |  
2019-09-12 10:19:42,972 [main] INFO  impl.RaftServerImpl (ServerState.java:close(394)) - ad4c2123-5d66-4058-a486-75b7e9920b2b:group-E83D450FC966 closes. The last applied log index is 0
2019-09-12 10:19:42,975 [b23f64d4-8020-446d-bbe2-842f6640ef38-SegmentedRaftLogWorker:Storage Directory /workdir/hadoop-ozone/integration-test/target/test-dir/MiniOzoneClusterImpl-4d5e9512-7d5a-42a1-8e37-0d9e9dd50ba8/datanode-0/data/ratis/729fc883-fd89-4a41-86a1-e5b2e53756b4] INFO  segmented.SegmentedRaftLogWorker (SegmentedRaftLogWorker.java:run(313)) - b23f64d4-8020-446d-bbe2-842f6640ef38-SegmentedRaftLogWorker:Storage Directory /workdir/hadoop-ozone/integration-test/target/test-dir/MiniOzoneClusterImpl-4d5e9512-7d5a-42a1-8e37-0d9e9dd50ba8/datanode-0/data/ratis/729fc883-fd89-4a41-86a1-e5b2e53756b4 was interrupted, exiting. There are 0 tasks remaining in the queue.
2019-09-12 10:19:42,975 [ad4c2123-5d66-4058-a486-75b7e9920b2b-SegmentedRaftLogWorker:Storage Directory /workdir/hadoop-ozone/integration-test/target/test-dir/MiniOzoneClusterImpl-4d5e9512-7d5a-42a1-8e37-0d9e9dd50ba8/datanode-1/data/ratis/8e9041f5-fd87-465c-89af-e83d450fc966] INFO  segmented.SegmentedRaftLogWorker (SegmentedRaftLogWorker.java:run(313)) - ad4c2123-5d66-4058-a486-75b7e9920b2b-SegmentedRaftLogWorker:Storage Directory /workdir/hadoop-ozone/integration-test/target/test-dir/MiniOzoneClusterImpl-4d5e9512-7d5a-42a1-8e37-0d9e9dd50ba8/datanode-1/data/ratis/8e9041f5-fd87-465c-89af-e83d450fc966 was interrupted, exiting. There are 0 tasks remaining in the queue.
2019-09-12 10:19:42,977 [b23f64d4-8020-446d-bbe2-842f6640ef38-SegmentedRaftLogWorker:Storage Directory /workdir/hadoop-ozone/integration-test/target/test-dir/MiniOzoneClusterImpl-4d5e9512-7d5a-42a1-8e37-0d9e9dd50ba8/datanode-0/data/ratis/51b5f6fc-42ab-4770-8a54-d8028f975384] INFO  segmented.SegmentedRaftLogWorker (SegmentedRaftLogWorker.java:execute(569)) - b23f64d4-8020-446d-bbe2-842f6640ef38-SegmentedRaftLogWorker:Storage Directory /workdir/hadoop-ozone/integration-test/target/test-dir/MiniOzoneClusterImpl-4d5e9512-7d5a-42a1-8e37-0d9e9dd50ba8/datanode-0/data/ratis/51b5f6fc-42ab-4770-8a54-d8028f975384: created new log segment /workdir/hadoop-ozone/integration-test/target/test-dir/MiniOzoneClusterImpl-4d5e9512-7d5a-42a1-8e37-0d9e9dd50ba8/datanode-0/data/ratis/51b5f6fc-42ab-4770-8a54-d8028f975384/current/log_inprogress_0
2019-09-12 10:19:42,983 [ForkJoinPool.commonPool-worker-1] INFO  segmented.SegmentedRaftLogWorker (SegmentedRaftLogWorker.java:close(228)) - b23f64d4-8020-446d-bbe2-842f6640ef38-SegmentedRaftLogWorker:Storage Directory /workdir/hadoop-ozone/integration-test/target/test-dir/MiniOzoneClusterImpl-4d5e9512-7d5a-42a1-8e37-0d9e9dd50ba8/datanode-0/data/ratis/729fc883-fd89-4a41-86a1-e5b2e53756b4 close()
2019-09-12 10:19:42,984 [Thread-230] INFO  impl.FollowerState (FollowerState.java:run(106)) - ad4c2123-5d66-4058-a486-75b7e9920b2b:group-F9EDD6B14093 changes to CANDIDATE, lastRpcTime:5172, electionTimeout:5171ms
2019-09-12 10:19:42,983 [main] INFO  segmented.SegmentedRaftLogWorker (SegmentedRaftLogWorker.java:close(228)) - ad4c2123-5d66-4058-a486-75b7e9920b2b-SegmentedRaftLogWorker:Storage Directory /workdir/hadoop-ozone/integration-test/target/test-dir/MiniOzoneClusterImpl-4d5e9512-7d5a-42a1-8e37-0d9e9dd50ba8/datanode-1/data/ratis/8e9041f5-fd87-465c-89af-e83d450fc966 close()
2019-09-12 10:19:42,988 [ForkJoinPool.commonPool-worker-1] INFO  impl.RaftServerImpl (RaftServerImpl.java:lambda$shutdown$3(245)) - b23f64d4-8020-446d-bbe2-842f6640ef38: shutdown group-7D976A5A1E04
2019-09-12 10:19:42,986 [Thread-230] INFO  impl.RoleInfo (RoleInfo.java:shutdownFollowerState(121)) - ad4c2123-5d66-4058-a486-75b7e9920b2b: shutdown FollowerState
2019-09-12 10:19:42,991 [main] INFO  impl.RaftServerImpl (RaftServerImpl.java:lambda$shutdown$3(245)) - ad4c2123-5d66-4058-a486-75b7e9920b2b: shutdown group-F9EDD6B14093
2019-09-12 10:19:42,991 [ForkJoinPool.commonPool-worker-1] INFO  util.JmxRegister (JmxRegister.java:unregister(73)) - Successfully un-registered JMX Bean with object name Ratis:service=RaftServer,group=group-7D976A5A1E04,id=b23f64d4-8020-446d-bbe2-842f6640ef38
2019-09-12 10:19:42,991 [Thread-230] INFO  impl.RaftServerImpl (RaftServerImpl.java:setRole(171)) - ad4c2123-5d66-4058-a486-75b7e9920b2b:group-F9EDD6B14093 changes role from FOLLOWER to CANDIDATE at term 0 for changeToCandidate
2019-09-12 10:19:42,992 [ForkJoinPool.commonPool-worker-1] INFO  impl.RoleInfo (RoleInfo.java:shutdownLeaderState(104)) - b23f64d4-8020-446d-bbe2-842f6640ef38: shutdown LeaderState
2019-09-12 10:19:42,991 [main] INFO  util.JmxRegister (JmxRegister.java:unregister(73)) - Successfully un-registered JMX Bean with object name Ratis:service=RaftServer,group=group-F9EDD6B14093,id=ad4c2123-5d66-4058-a486-75b7e9920b2b
2019-09-12 10:19:42,992 [ForkJoinPool.commonPool-worker-1] INFO  impl.PendingRequests (PendingRequests.java:sendNotLeaderResponses(202)) - b23f64d4-8020-446d-bbe2-842f6640ef38-PendingRequests: sendNotLeaderResponses
2019-09-12 10:19:42,992 [Thread-230] INFO  impl.RoleInfo (RoleInfo.java:updateAndGet(143)) - ad4c2123-5d66-4058-a486-75b7e9920b2b: start LeaderElection
2019-09-12 10:19:42,992 [main] INFO  impl.RoleInfo (RoleInfo.java:shutdownLeaderElection(134)) - ad4c2123-5d66-4058-a486-75b7e9920b2b: shutdown LeaderElection
2019-09-12 10:19:42,993 [ForkJoinPool.commonPool-worker-1] INFO  impl.StateMachineUpdater (StateMachineUpdater.java:stopAndJoin(115)) - StateMachineUpdater:b23f64d4-8020-446d-bbe2-842f6640ef38:group-7D976A5A1E04: set stopIndex = 0
2019-09-12 10:19:42,995 [main] INFO  impl.StateMachineUpdater (StateMachineUpdater.java:stopAndJoin(115)) - StateMachineUpdater:ad4c2123-5d66-4058-a486-75b7e9920b2b:group-F9EDD6B14093: set stopIndex = -1
2019-09-12 10:19:42,996 [main] INFO  impl.RaftServerImpl (ServerState.java:close(394)) - ad4c2123-5d66-4058-a486-75b7e9920b2b:group-F9EDD6B14093 closes. The last applied log index is -1
2019-09-12 10:19:42,995 [ForkJoinPool.commonPool-worker-1] INFO  impl.RaftServerImpl (ServerState.java:close(394)) - b23f64d4-8020-446d-bbe2-842f6640ef38:group-7D976A5A1E04 closes. The last applied log index is 0
2019-09-12 10:19:42,997 [ad4c2123-5d66-4058-a486-75b7e9920b2b-SegmentedRaftLogWorker:Storage Directory /workdir/hadoop-ozone/integration-test/target/test-dir/MiniOzoneClusterImpl-4d5e9512-7d5a-42a1-8e37-0d9e9dd50ba8/datanode-1/data/ratis/a4be7562-97f8-47b4-b93e-f9edd6b14093] INFO  segmented.SegmentedRaftLogWorker (SegmentedRaftLogWorker.java:run(313)) - ad4c2123-5d66-4058-a486-75b7e9920b2b-SegmentedRaftLogWorker:Storage Directory /workdir/hadoop-ozone/integration-test/target/test-dir/MiniOzoneClusterImpl-4d5e9512-7d5a-42a1-8e37-0d9e9dd50ba8/datanode-1/data/ratis/a4be7562-97f8-47b4-b93e-f9edd6b14093 was interrupted, exiting. There are 0 tasks remaining in the queue.
2019-09-12 10:19:42,998 [main] INFO  segmented.SegmentedRaftLogWorker (SegmentedRaftLogWorker.java:close(228)) - ad4c2123-5d66-4058-a486-75b7e9920b2b-SegmentedRaftLogWorker:Storage Directory /workdir/hadoop-ozone/integration-test/target/test-dir/MiniOzoneClusterImpl-4d5e9512-7d5a-42a1-8e37-0d9e9dd50ba8/datanode-1/data/ratis/a4be7562-97f8-47b4-b93e-f9edd6b14093 close()
2019-09-12 10:19:42,998 [b23f64d4-8020-446d-bbe2-842f6640ef38-SegmentedRaftLogWorker:Storage Directory /workdir/hadoop-ozone/integration-test/target/test-dir/MiniOzoneClusterImpl-4d5e9512-7d5a-42a1-8e37-0d9e9dd50ba8/datanode-0/data/ratis/d836c7d2-22e0-4ece-b6c4-7d976a5a1e04] INFO  segmented.SegmentedRaftLogWorker (SegmentedRaftLogWorker.java:run(313)) - b23f64d4-8020-446d-bbe2-842f6640ef38-SegmentedRaftLogWorker:Storage Directory /workdir/hadoop-ozone/integration-test/target/test-dir/MiniOzoneClusterImpl-4d5e9512-7d5a-42a1-8e37-0d9e9dd50ba8/datanode-0/data/ratis/d836c7d2-22e0-4ece-b6c4-7d976a5a1e04 was interrupted, exiting. There are 0 tasks remaining in the queue.
2019-09-12 10:19:43,001 [main] INFO  impl.RaftServerImpl (RaftServerImpl.java:lambda$shutdown$3(245)) - ad4c2123-5d66-4058-a486-75b7e9920b2b: shutdown group-F25A3172B12A
2019-09-12 10:19:43,002 [ForkJoinPool.commonPool-worker-1] INFO  segmented.SegmentedRaftLogWorker (SegmentedRaftLogWorker.java:close(228)) - b23f64d4-8020-446d-bbe2-842f6640ef38-SegmentedRaftLogWorker:Storage Directory /workdir/hadoop-ozone/integration-test/target/test-dir/MiniOzoneClusterImpl-4d5e9512-7d5a-42a1-8e37-0d9e9dd50ba8/datanode-0/data/ratis/d836c7d2-22e0-4ece-b6c4-7d976a5a1e04 close()
2019-09-12 10:19:43,004 [main] INFO  util.JmxRegister (JmxRegister.java:unregister(73)) - Successfully un-registered JMX Bean with object name Ratis:service=RaftServer,group=group-F25A3172B12A,id=ad4c2123-5d66-4058-a486-75b7e9920b2b
2019-09-12 10:19:43,006 [ForkJoinPool.commonPool-worker-1] INFO  impl.RaftServerImpl (RaftServerImpl.java:lambda$shutdown$3(245)) - b23f64d4-8020-446d-bbe2-842f6640ef38: shutdown group-D8028F975384
2019-09-12 10:19:43,006 [main] INFO  impl.RoleInfo (RoleInfo.java:shutdownLeaderState(104)) - ad4c2123-5d66-4058-a486-75b7e9920b2b: shutdown LeaderState
2019-09-12 10:19:43,007 [ForkJoinPool.commonPool-worker-1] INFO  util.JmxRegister (JmxRegister.java:unregister(73)) - Successfully un-registered JMX Bean with object name Ratis:service=RaftServer,group=group-D8028F975384,id=b23f64d4-8020-446d-bbe2-842f6640ef38
2019-09-12 10:19:43,007 [main] INFO  impl.PendingRequests (PendingRequests.java:sendNotLeaderResponses(202)) - ad4c2123-5d66-4058-a486-75b7e9920b2b-PendingRequests: sendNotLeaderResponses
2019-09-12 10:19:43,007 [ForkJoinPool.commonPool-worker-1] INFO  impl.RoleInfo (RoleInfo.java:shutdownLeaderState(104)) - b23f64d4-8020-446d-bbe2-842f6640ef38: shutdown LeaderState
2019-09-12 10:19:43,008 [main] INFO  impl.StateMachineUpdater (StateMachineUpdater.java:stopAndJoin(115)) - StateMachineUpdater:ad4c2123-5d66-4058-a486-75b7e9920b2b:group-F25A3172B12A: set stopIndex = 0
2019-09-12 10:19:43,008 [ForkJoinPool.commonPool-worker-1] INFO  impl.PendingRequests (PendingRequests.java:sendNotLeaderResponses(202)) - b23f64d4-8020-446d-bbe2-842f6640ef38-PendingRequests: sendNotLeaderResponses
2019-09-12 10:19:43,008 [main] INFO  impl.RaftServerImpl (ServerState.java:close(394)) - ad4c2123-5d66-4058-a486-75b7e9920b2b:group-F25A3172B12A closes. The last applied log index is 0
2019-09-12 10:19:43,009 [ForkJoinPool.commonPool-worker-1] INFO  impl.StateMachineUpdater (StateMachineUpdater.java:stopAndJoin(115)) - StateMachineUpdater:b23f64d4-8020-446d-bbe2-842f6640ef38:group-D8028F975384: set stopIndex = 0
2019-09-12 10:19:43,009 [ForkJoinPool.commonPool-worker-1] INFO  impl.RaftServerImpl (ServerState.java:close(394)) - b23f64d4-8020-446d-bbe2-842f6640ef38:group-D8028F975384 closes. The last applied log index is 0
2019-09-12 10:19:43,009 [ad4c2123-5d66-4058-a486-75b7e9920b2b-SegmentedRaftLogWorker:Storage Directory /workdir/hadoop-ozone/integration-test/target/test-dir/MiniOzoneClusterImpl-4d5e9512-7d5a-42a1-8e37-0d9e9dd50ba8/datanode-1/data/ratis/2a7bb605-748f-4f58-8b11-f25a3172b12a] INFO  segmented.SegmentedRaftLogWorker (SegmentedRaftLogWorker.java:run(313)) - ad4c2123-5d66-4058-a486-75b7e9920b2b-SegmentedRaftLogWorker:Storage Directory /workdir/hadoop-ozone/integration-test/target/test-dir/MiniOzoneClusterImpl-4d5e9512-7d5a-42a1-8e37-0d9e9dd50ba8/datanode-1/data/ratis/2a7bb605-748f-4f58-8b11-f25a3172b12a was interrupted, exiting. There are 0 tasks remaining in the queue.
2019-09-12 10:19:43,010 [b23f64d4-8020-446d-bbe2-842f6640ef38-SegmentedRaftLogWorker:Storage Directory /workdir/hadoop-ozone/integration-test/target/test-dir/MiniOzoneClusterImpl-4d5e9512-7d5a-42a1-8e37-0d9e9dd50ba8/datanode-0/data/ratis/51b5f6fc-42ab-4770-8a54-d8028f975384] INFO  segmented.SegmentedRaftLogWorker (SegmentedRaftLogWorker.java:run(313)) - b23f64d4-8020-446d-bbe2-842f6640ef38-SegmentedRaftLogWorker:Storage Directory /workdir/hadoop-ozone/integration-test/target/test-dir/MiniOzoneClusterImpl-4d5e9512-7d5a-42a1-8e37-0d9e9dd50ba8/datanode-0/data/ratis/51b5f6fc-42ab-4770-8a54-d8028f975384 was interrupted, exiting. There are 0 tasks remaining in the queue.
2019-09-12 10:19:43,011 [main] INFO  segmented.SegmentedRaftLogWorker (SegmentedRaftLogWorker.java:close(228)) - ad4c2123-5d66-4058-a486-75b7e9920b2b-SegmentedRaftLogWorker:Storage Directory /workdir/hadoop-ozone/integration-test/target/test-dir/MiniOzoneClusterImpl-4d5e9512-7d5a-42a1-8e37-0d9e9dd50ba8/datanode-1/data/ratis/2a7bb605-748f-4f58-8b11-f25a3172b12a close()
2019-09-12 10:19:43,015 [ForkJoinPool.commonPool-worker-1] INFO  segmented.SegmentedRaftLogWorker (SegmentedRaftLogWorker.java:close(228)) - b23f64d4-8020-446d-bbe2-842f6640ef38-SegmentedRaftLogWorker:Storage Directory /workdir/hadoop-ozone/integration-test/target/test-dir/MiniOzoneClusterImpl-4d5e9512-7d5a-42a1-8e37-0d9e9dd50ba8/datanode-0/data/ratis/51b5f6fc-42ab-4770-8a54-d8028f975384 close()
2019-09-12 10:19:43,017 [main] INFO  impl.RaftServerImpl (RaftServerImpl.java:lambda$shutdown$3(245)) - ad4c2123-5d66-4058-a486-75b7e9920b2b: shutdown group-E4093CBFEB35
2019-09-12 10:19:43,019 [ForkJoinPool.commonPool-worker-1] INFO  impl.RaftServerImpl (RaftServerImpl.java:lambda$shutdown$3(245)) - b23f64d4-8020-446d-bbe2-842f6640ef38: shutdown group-81D4432F86A1
2019-09-12 10:19:43,020 [main] INFO  util.JmxRegister (JmxRegister.java:unregister(73)) - Successfully un-registered JMX Bean with object name Ratis:service=RaftServer,group=group-E4093CBFEB35,id=ad4c2123-5d66-4058-a486-75b7e9920b2b
2019-09-12 10:19:43,020 [ForkJoinPool.commonPool-worker-1] INFO  util.JmxRegister (JmxRegister.java:unregister(73)) - Successfully un-registered JMX Bean with object name Ratis:service=RaftServer,group=group-81D4432F86A1,id=b23f64d4-8020-446d-bbe2-842f6640ef38
2019-09-12 10:19:43,020 [main] INFO  impl.RoleInfo (RoleInfo.java:shutdownLeaderState(104)) - ad4c2123-5d66-4058-a486-75b7e9920b2b: shutdown LeaderState
2019-09-12 10:19:43,021 [ForkJoinPool.commonPool-worker-1] INFO  impl.RoleInfo (RoleInfo.java:shutdownLeaderState(104)) - b23f64d4-8020-446d-bbe2-842f6640ef38: shutdown LeaderState
2019-09-12 10:19:43,021 [main] INFO  impl.PendingRequests (PendingRequests.java:sendNotLeaderResponses(202)) - ad4c2123-5d66-4058-a486-75b7e9920b2b-PendingRequests: sendNotLeaderResponses
2019-09-12 10:19:43,021 [ForkJoinPool.commonPool-worker-1] INFO  impl.PendingRequests (PendingRequests.java:sendNotLeaderResponses(202)) - b23f64d4-8020-446d-bbe2-842f6640ef38-PendingRequests: sendNotLeaderResponses
2019-09-12 10:19:43,022 [main] INFO  impl.StateMachineUpdater (StateMachineUpdater.java:stopAndJoin(115)) - StateMachineUpdater:ad4c2123-5d66-4058-a486-75b7e9920b2b:group-E4093CBFEB35: set stopIndex = 0
2019-09-12 10:19:43,022 [ForkJoinPool.commonPool-worker-1] INFO  impl.StateMachineUpdater (StateMachineUpdater.java:stopAndJoin(115)) - StateMachineUpdater:b23f64d4-8020-446d-bbe2-842f6640ef38:group-81D4432F86A1: set stopIndex = 0
2019-09-12 10:19:43,022 [main] INFO  impl.RaftServerImpl (ServerState.java:close(394)) - ad4c2123-5d66-4058-a486-75b7e9920b2b:group-E4093CBFEB35 closes. The last applied log index is 0
2019-09-12 10:19:43,023 [ForkJoinPool.commonPool-worker-1] INFO  impl.RaftServerImpl (ServerState.java:close(394)) - b23f64d4-8020-446d-bbe2-842f6640ef38:group-81D4432F86A1 closes. The last applied log index is 0
2019-09-12 10:19:43,023 [ad4c2123-5d66-4058-a486-75b7e9920b2b-SegmentedRaftLogWorker:Storage Directory /workdir/hadoop-ozone/integration-test/target/test-dir/MiniOzoneClusterImpl-4d5e9512-7d5a-42a1-8e37-0d9e9dd50ba8/datanode-1/data/ratis/f14d2871-44f2-4551-bdd7-e4093cbfeb35] INFO  segmented.SegmentedRaftLogWorker (SegmentedRaftLogWorker.java:run(313)) - ad4c2123-5d66-4058-a486-75b7e9920b2b-SegmentedRaftLogWorker:Storage Directory /workdir/hadoop-ozone/integration-test/target/test-dir/MiniOzoneClusterImpl-4d5e9512-7d5a-42a1-8e37-0d9e9dd50ba8/datanode-1/data/ratis/f14d2871-44f2-4551-bdd7-e4093cbfeb35 was interrupted, exiting. There are 0 tasks remaining in the queue.
2019-09-12 10:19:43,023 [b23f64d4-8020-446d-bbe2-842f6640ef38-SegmentedRaftLogWorker:Storage Directory /workdir/hadoop-ozone/integration-test/target/test-dir/MiniOzoneClusterImpl-4d5e9512-7d5a-42a1-8e37-0d9e9dd50ba8/datanode-0/data/ratis/7a56fbc4-cc0b-4ed0-8562-81d4432f86a1] INFO  segmented.SegmentedRaftLogWorker (SegmentedRaftLogWorker.java:run(313)) - b23f64d4-8020-446d-bbe2-842f6640ef38-SegmentedRaftLogWorker:Storage Directory /workdir/hadoop-ozone/integration-test/target/test-dir/MiniOzoneClusterImpl-4d5e9512-7d5a-42a1-8e37-0d9e9dd50ba8/datanode-0/data/ratis/7a56fbc4-cc0b-4ed0-8562-81d4432f86a1 was interrupted, exiting. There are 0 tasks remaining in the queue.
2019-09-12 10:19:43,024 [main] INFO  segmented.SegmentedRaftLogWorker (SegmentedRaftLogWorker.java:close(228)) - ad4c2123-5d66-4058-a486-75b7e9920b2b-SegmentedRaftLogWorker:Storage Directory /workdir/hadoop-ozone/integration-test/target/test-dir/MiniOzoneClusterImpl-4d5e9512-7d5a-42a1-8e37-0d9e9dd50ba8/datanode-1/data/ratis/f14d2871-44f2-4551-bdd7-e4093cbfeb35 close()
2019-09-12 10:19:43,026 [ForkJoinPool.commonPool-worker-1] INFO  segmented.SegmentedRaftLogWorker (SegmentedRaftLogWorker.java:close(228)) - b23f64d4-8020-446d-bbe2-842f6640ef38-SegmentedRaftLogWorker:Storage Directory /workdir/hadoop-ozone/integration-test/target/test-dir/MiniOzoneClusterImpl-4d5e9512-7d5a-42a1-8e37-0d9e9dd50ba8/datanode-0/data/ratis/7a56fbc4-cc0b-4ed0-8562-81d4432f86a1 close()
2019-09-12 10:19:43,028 [main] INFO  impl.RaftServerImpl (RaftServerImpl.java:lambda$shutdown$3(245)) - ad4c2123-5d66-4058-a486-75b7e9920b2b: shutdown group-45E12EA71988
2019-09-12 10:19:43,030 [ForkJoinPool.commonPool-worker-1] INFO  impl.RaftServerImpl (RaftServerImpl.java:lambda$shutdown$3(245)) - b23f64d4-8020-446d-bbe2-842f6640ef38: shutdown group-4D9EF3158531
2019-09-12 10:19:43,030 [main] INFO  util.JmxRegister (JmxRegister.java:unregister(73)) - Successfully un-registered JMX Bean with object name Ratis:service=RaftServer,group=group-45E12EA71988,id=ad4c2123-5d66-4058-a486-75b7e9920b2b
2019-09-12 10:19:43,031 [ForkJoinPool.commonPool-worker-1] INFO  util.JmxRegister (JmxRegister.java:unregister(73)) - Successfully un-registered JMX Bean with object name Ratis:service=RaftServer,group=group-4D9EF3158531,id=b23f64d4-8020-446d-bbe2-842f6640ef38
2019-09-12 10:19:43,031 [main] INFO  impl.RoleInfo (RoleInfo.java:shutdownLeaderState(104)) - ad4c2123-5d66-4058-a486-75b7e9920b2b: shutdown LeaderState
2019-09-12 10:19:43,031 [ForkJoinPool.commonPool-worker-1] INFO  impl.RoleInfo (RoleInfo.java:shutdownLeaderState(104)) - b23f64d4-8020-446d-bbe2-842f6640ef38: shutdown LeaderState
2019-09-12 10:19:43,031 [main] INFO  impl.PendingRequests (PendingRequests.java:sendNotLeaderResponses(202)) - ad4c2123-5d66-4058-a486-75b7e9920b2b-PendingRequests: sendNotLeaderResponses
2019-09-12 10:19:43,032 [ForkJoinPool.commonPool-worker-1] INFO  impl.PendingRequests (PendingRequests.java:sendNotLeaderResponses(202)) - b23f64d4-8020-446d-bbe2-842f6640ef38-PendingRequests: sendNotLeaderResponses
2019-09-12 10:19:43,032 [main] INFO  impl.StateMachineUpdater (StateMachineUpdater.java:stopAndJoin(115)) - StateMachineUpdater:ad4c2123-5d66-4058-a486-75b7e9920b2b:group-45E12EA71988: set stopIndex = 0
2019-09-12 10:19:43,032 [ForkJoinPool.commonPool-worker-1] INFO  impl.StateMachineUpdater (StateMachineUpdater.java:stopAndJoin(115)) - StateMachineUpdater:b23f64d4-8020-446d-bbe2-842f6640ef38:group-4D9EF3158531: set stopIndex = 0
2019-09-12 10:19:43,033 [main] INFO  impl.RaftServerImpl (ServerState.java:close(394)) - ad4c2123-5d66-4058-a486-75b7e9920b2b:group-45E12EA71988 closes. The last applied log index is 0
2019-09-12 10:19:43,033 [ForkJoinPool.commonPool-worker-1] INFO  impl.RaftServerImpl (ServerState.java:close(394)) - b23f64d4-8020-446d-bbe2-842f6640ef38:group-4D9EF3158531 closes. The last applied log index is 0
2019-09-12 10:19:43,033 [ad4c2123-5d66-4058-a486-75b7e9920b2b-SegmentedRaftLogWorker:Storage Directory /workdir/hadoop-ozone/integration-test/target/test-dir/MiniOzoneClusterImpl-4d5e9512-7d5a-42a1-8e37-0d9e9dd50ba8/datanode-1/data/ratis/44a4ddd1-af82-4e46-bda2-45e12ea71988] INFO  segmented.SegmentedRaftLogWorker (SegmentedRaftLogWorker.java:run(313)) - ad4c2123-5d66-4058-a486-75b7e9920b2b-SegmentedRaftLogWorker:Storage Directory /workdir/hadoop-ozone/integration-test/target/test-dir/MiniOzoneClusterImpl-4d5e9512-7d5a-42a1-8e37-0d9e9dd50ba8/datanode-1/data/ratis/44a4ddd1-af82-4e46-bda2-45e12ea71988 was interrupted, exiting. There are 0 tasks remaining in the queue.
2019-09-12 10:19:43,034 [b23f64d4-8020-446d-bbe2-842f6640ef38-SegmentedRaftLogWorker:Storage Directory /workdir/hadoop-ozone/integration-test/target/test-dir/MiniOzoneClusterImpl-4d5e9512-7d5a-42a1-8e37-0d9e9dd50ba8/datanode-0/data/ratis/130f690d-ddf9-4944-9b96-4d9ef3158531] INFO  segmented.SegmentedRaftLogWorker (SegmentedRaftLogWorker.java:run(313)) - b23f64d4-8020-446d-bbe2-842f6640ef38-SegmentedRaftLogWorker:Storage Directory /workdir/hadoop-ozone/integration-test/target/test-dir/MiniOzoneClusterImpl-4d5e9512-7d5a-42a1-8e37-0d9e9dd50ba8/datanode-0/data/ratis/130f690d-ddf9-4944-9b96-4d9ef3158531 was interrupted, exiting. There are 0 tasks remaining in the queue.
2019-09-12 10:19:43,035 [main] INFO  segmented.SegmentedRaftLogWorker (SegmentedRaftLogWorker.java:close(228)) - ad4c2123-5d66-4058-a486-75b7e9920b2b-SegmentedRaftLogWorker:Storage Directory /workdir/hadoop-ozone/integration-test/target/test-dir/MiniOzoneClusterImpl-4d5e9512-7d5a-42a1-8e37-0d9e9dd50ba8/datanode-1/data/ratis/44a4ddd1-af82-4e46-bda2-45e12ea71988 close()
2019-09-12 10:19:43,037 [ForkJoinPool.commonPool-worker-1] INFO  segmented.SegmentedRaftLogWorker (SegmentedRaftLogWorker.java:close(228)) - b23f64d4-8020-446d-bbe2-842f6640ef38-SegmentedRaftLogWorker:Storage Directory /workdir/hadoop-ozone/integration-test/target/test-dir/MiniOzoneClusterImpl-4d5e9512-7d5a-42a1-8e37-0d9e9dd50ba8/datanode-0/data/ratis/130f690d-ddf9-4944-9b96-4d9ef3158531 close()
2019-09-12 10:19:43,039 [main] INFO  impl.RaftServerImpl (RaftServerImpl.java:lambda$shutdown$3(245)) - ad4c2123-5d66-4058-a486-75b7e9920b2b: shutdown group-CD78CF5FA75D
2019-09-12 10:19:43,042 [ForkJoinPool.commonPool-worker-1] INFO  impl.RaftServerImpl (RaftServerImpl.java:lambda$shutdown$3(245)) - b23f64d4-8020-446d-bbe2-842f6640ef38: shutdown group-7E40CF89D2E8
2019-09-12 10:19:43,042 [main] INFO  util.JmxRegister (JmxRegister.java:unregister(73)) - Successfully un-registered JMX Bean with object name Ratis:service=RaftServer,group=group-CD78CF5FA75D,id=ad4c2123-5d66-4058-a486-75b7e9920b2b
2019-09-12 10:19:43,043 [ForkJoinPool.commonPool-worker-1] INFO  util.JmxRegister (JmxRegister.java:unregister(73)) - Successfully un-registered JMX Bean with object name Ratis:service=RaftServer,group=group-7E40CF89D2E8,id=b23f64d4-8020-446d-bbe2-842f6640ef38
2019-09-12 10:19:43,043 [main] INFO  impl.RoleInfo (RoleInfo.java:shutdownLeaderState(104)) - ad4c2123-5d66-4058-a486-75b7e9920b2b: shutdown LeaderState
2019-09-12 10:19:43,043 [ForkJoinPool.commonPool-worker-1] INFO  impl.RoleInfo (RoleInfo.java:shutdownLeaderState(104)) - b23f64d4-8020-446d-bbe2-842f6640ef38: shutdown LeaderState
2019-09-12 10:19:43,044 [main] INFO  impl.PendingRequests (PendingRequests.java:sendNotLeaderResponses(202)) - ad4c2123-5d66-4058-a486-75b7e9920b2b-PendingRequests: sendNotLeaderResponses
2019-09-12 10:19:43,044 [ForkJoinPool.commonPool-worker-1] INFO  impl.PendingRequests (PendingRequests.java:sendNotLeaderResponses(202)) - b23f64d4-8020-446d-bbe2-842f6640ef38-PendingRequests: sendNotLeaderResponses
2019-09-12 10:19:43,045 [main] INFO  impl.StateMachineUpdater (StateMachineUpdater.java:stopAndJoin(115)) - StateMachineUpdater:ad4c2123-5d66-4058-a486-75b7e9920b2b:group-CD78CF5FA75D: set stopIndex = 0
2019-09-12 10:19:43,045 [ForkJoinPool.commonPool-worker-1] INFO  impl.StateMachineUpdater (StateMachineUpdater.java:stopAndJoin(115)) - StateMachineUpdater:b23f64d4-8020-446d-bbe2-842f6640ef38:group-7E40CF89D2E8: set stopIndex = 0
2019-09-12 10:19:43,045 [main] INFO  impl.RaftServerImpl (ServerState.java:close(394)) - ad4c2123-5d66-4058-a486-75b7e9920b2b:group-CD78CF5FA75D closes. The last applied log index is 0
2019-09-12 10:19:43,046 [ForkJoinPool.commonPool-worker-1] INFO  impl.RaftServerImpl (ServerState.java:close(394)) - b23f64d4-8020-446d-bbe2-842f6640ef38:group-7E40CF89D2E8 closes. The last applied log index is 0
2019-09-12 10:19:43,046 [ad4c2123-5d66-4058-a486-75b7e9920b2b-SegmentedRaftLogWorker:Storage Directory /workdir/hadoop-ozone/integration-test/target/test-dir/MiniOzoneClusterImpl-4d5e9512-7d5a-42a1-8e37-0d9e9dd50ba8/datanode-1/data/ratis/d80c7c98-e1d1-4559-8e59-cd78cf5fa75d] INFO  segmented.SegmentedRaftLogWorker (SegmentedRaftLogWorker.java:run(313)) - ad4c2123-5d66-4058-a486-75b7e9920b2b-SegmentedRaftLogWorker:Storage Directory /workdir/hadoop-ozone/integration-test/target/test-dir/MiniOzoneClusterImpl-4d5e9512-7d5a-42a1-8e37-0d9e9dd50ba8/datanode-1/data/ratis/d80c7c98-e1d1-4559-8e59-cd78cf5fa75d was interrupted, exiting. There are 0 tasks remaining in the queue.
2019-09-12 10:19:43,046 [b23f64d4-8020-446d-bbe2-842f6640ef38-SegmentedRaftLogWorker:Storage Directory /workdir/hadoop-ozone/integration-test/target/test-dir/MiniOzoneClusterImpl-4d5e9512-7d5a-42a1-8e37-0d9e9dd50ba8/datanode-0/data/ratis/4303004c-102c-4c50-8ce8-7e40cf89d2e8] INFO  segmented.SegmentedRaftLogWorker (SegmentedRaftLogWorker.java:run(313)) - b23f64d4-8020-446d-bbe2-842f6640ef38-SegmentedRaftLogWorker:Storage Directory /workdir/hadoop-ozone/integration-test/target/test-dir/MiniOzoneClusterImpl-4d5e9512-7d5a-42a1-8e37-0d9e9dd50ba8/datanode-0/data/ratis/4303004c-102c-4c50-8ce8-7e40cf89d2e8 was interrupted, exiting. There are 0 tasks remaining in the queue.
2019-09-12 10:19:43,052 [ForkJoinPool.commonPool-worker-1] INFO  segmented.SegmentedRaftLogWorker (SegmentedRaftLogWorker.java:close(228)) - b23f64d4-8020-446d-bbe2-842f6640ef38-SegmentedRaftLogWorker:Storage Directory /workdir/hadoop-ozone/integration-test/target/test-dir/MiniOzoneClusterImpl-4d5e9512-7d5a-42a1-8e37-0d9e9dd50ba8/datanode-0/data/ratis/4303004c-102c-4c50-8ce8-7e40cf89d2e8 close()
2019-09-12 10:19:43,052 [main] INFO  segmented.SegmentedRaftLogWorker (SegmentedRaftLogWorker.java:close(228)) - ad4c2123-5d66-4058-a486-75b7e9920b2b-SegmentedRaftLogWorker:Storage Directory /workdir/hadoop-ozone/integration-test/target/test-dir/MiniOzoneClusterImpl-4d5e9512-7d5a-42a1-8e37-0d9e9dd50ba8/datanode-1/data/ratis/d80c7c98-e1d1-4559-8e59-cd78cf5fa75d close()
2019-09-12 10:19:43,056 [ForkJoinPool.commonPool-worker-1] INFO  server.GrpcService (GrpcService.java:closeImpl(155)) - b23f64d4-8020-446d-bbe2-842f6640ef38: shutdown server with port 44376 now
2019-09-12 10:19:43,056 [main] INFO  server.GrpcService (GrpcService.java:closeImpl(155)) - ad4c2123-5d66-4058-a486-75b7e9920b2b: shutdown server with port 38581 now
2019-09-12 10:19:43,059 [ForkJoinPool.commonPool-worker-1] INFO  server.GrpcService (GrpcService.java:closeImpl(163)) - b23f64d4-8020-446d-bbe2-842f6640ef38: shutdown server with port 44376 successfully
2019-09-12 10:19:43,060 [main] INFO  server.GrpcService (GrpcService.java:closeImpl(163)) - ad4c2123-5d66-4058-a486-75b7e9920b2b: shutdown server with port 38581 successfully
2019-09-12 10:19:43,063 [main] INFO  utils.BackgroundService (BackgroundService.java:shutdown(148)) - Shutting down service BlockDeletingService
2019-09-12 10:19:43,065 [refreshUsed-/workdir/hadoop-ozone/integration-test/target/test-dir/MiniOzoneClusterImpl-4d5e9512-7d5a-42a1-8e37-0d9e9dd50ba8/datanode-1/data/containers] WARN  fs.CachingGetSpaceUsed (CachingGetSpaceUsed.java:run(183)) - Thread Interrupted waiting to refresh disk information: sleep interrupted
2019-09-12 10:19:43,067 [ForkJoinPool.commonPool-worker-1] INFO  utils.BackgroundService (BackgroundService.java:shutdown(148)) - Shutting down service BlockDeletingService
2019-09-12 10:19:43,074 [refreshUsed-/workdir/hadoop-ozone/integration-test/target/test-dir/MiniOzoneClusterImpl-4d5e9512-7d5a-42a1-8e37-0d9e9dd50ba8/datanode-0/data/containers] WARN  fs.CachingGetSpaceUsed (CachingGetSpaceUsed.java:run(183)) - Thread Interrupted waiting to refresh disk information: sleep interrupted
2019-09-12 10:19:43,096 [ForkJoinPool.commonPool-worker-1] INFO  statemachine.DatanodeStateMachine (DatanodeStateMachine.java:stopDaemon(395)) - Ozone container server stopped.
2019-09-12 10:19:43,099 [main] INFO  statemachine.DatanodeStateMachine (DatanodeStateMachine.java:stopDaemon(395)) - Ozone container server stopped.
2019-09-12 10:19:43,101 [ForkJoinPool.commonPool-worker-1] INFO  handler.ContextHandler (ContextHandler.java:doStop(910)) - Stopped o.e.j.w.WebAppContext@4dba773d{/,null,UNAVAILABLE}{/hddsDatanode}
2019-09-12 10:19:43,101 [main] INFO  handler.ContextHandler (ContextHandler.java:doStop(910)) - Stopped o.e.j.w.WebAppContext@265a094b{/,null,UNAVAILABLE}{/hddsDatanode}
2019-09-12 10:19:43,101 [ForkJoinPool.commonPool-worker-1] INFO  server.AbstractConnector (AbstractConnector.java:doStop(318)) - Stopped ServerConnector@1d9bd4da{HTTP/1.1,[http/1.1]}{0.0.0.0:0}
2019-09-12 10:19:43,102 [ForkJoinPool.commonPool-worker-1] INFO  handler.ContextHandler (ContextHandler.java:doStop(910)) - Stopped o.e.j.s.ServletContextHandler@6a1d3225{/static,jar:file:/home/user/.m2/repository/org/apache/hadoop/hadoop-hdds-container-service/0.5.0-SNAPSHOT/hadoop-hdds-container-service-0.5.0-SNAPSHOT.jar!/webapps/static,UNAVAILABLE}
2019-09-12 10:19:43,103 [main] INFO  server.AbstractConnector (AbstractConnector.java:doStop(318)) - Stopped ServerConnector@1f536481{HTTP/1.1,[http/1.1]}{0.0.0.0:0}
2019-09-12 10:19:43,104 [ForkJoinPool.commonPool-worker-1] INFO  handler.ContextHandler (ContextHandler.java:doStop(910)) - Stopped o.e.j.s.ServletContextHandler@1cc680e{/logs,file:///workdir/hadoop-ozone/integration-test/target/log,UNAVAILABLE}
2019-09-12 10:19:43,104 [main] INFO  handler.ContextHandler (ContextHandler.java:doStop(910)) - Stopped o.e.j.s.ServletContextHandler@68af87ad{/static,jar:file:/home/user/.m2/repository/org/apache/hadoop/hadoop-hdds-container-service/0.5.0-SNAPSHOT/hadoop-hdds-container-service-0.5.0-SNAPSHOT.jar!/webapps/static,UNAVAILABLE}
2019-09-12 10:19:43,104 [ForkJoinPool.commonPool-worker-1] INFO  datanode.ObjectStoreHandler (ObjectStoreHandler.java:close(155)) - Closing ObjectStoreHandler.
2019-09-12 10:19:43,105 [main] INFO  handler.ContextHandler (ContextHandler.java:doStop(910)) - Stopped o.e.j.s.ServletContextHandler@44f0ff2b{/logs,file:///workdir/hadoop-ozone/integration-test/target/log,UNAVAILABLE}
2019-09-12 10:19:43,105 [ForkJoinPool.commonPool-worker-1] INFO  ozone.HddsDatanodeService (HddsDatanodeService.java:stop(451)) - Stopped plug-in org.apache.hadoop.ozone.web.OzoneHddsDatanodeService@53314f76
2019-09-12 10:19:43,923 [Datanode State Machine Thread - 0] INFO  statemachine.DatanodeStateMachine (DatanodeStateMachine.java:lambda$startDaemon$0(350)) - Ozone container server started.
2019-09-12 10:19:48,106 [ForkJoinPool.commonPool-worker-1] INFO  ozoneimpl.OzoneContainer (OzoneContainer.java:stop(199)) - Attempting to stop container services.
2019-09-12 10:19:48,107 [ForkJoinPool.commonPool-worker-1] INFO  impl.RaftServerProxy (RaftServerProxy.java:lambda$close$4(314)) - fed03dd0-19ae-4d47-80df-f7b6c0cc818c: close
2019-09-12 10:19:48,107 [ForkJoinPool.commonPool-worker-1] INFO  impl.RaftServerImpl (RaftServerImpl.java:lambda$shutdown$3(245)) - fed03dd0-19ae-4d47-80df-f7b6c0cc818c: shutdown group-34501D5A7A5E
2019-09-12 10:19:48,108 [ForkJoinPool.commonPool-worker-1] INFO  util.JmxRegister (JmxRegister.java:unregister(73)) - Successfully un-registered JMX Bean with object name Ratis:service=RaftServer,group=group-34501D5A7A5E,id=fed03dd0-19ae-4d47-80df-f7b6c0cc818c
2019-09-12 10:19:48,108 [ForkJoinPool.commonPool-worker-1] INFO  impl.RoleInfo (RoleInfo.java:shutdownLeaderState(104)) - fed03dd0-19ae-4d47-80df-f7b6c0cc818c: shutdown LeaderState
2019-09-12 10:19:48,108 [ForkJoinPool.commonPool-worker-1] INFO  impl.PendingRequests (PendingRequests.java:sendNotLeaderResponses(202)) - fed03dd0-19ae-4d47-80df-f7b6c0cc818c-PendingRequests: sendNotLeaderResponses
2019-09-12 10:19:48,109 [ForkJoinPool.commonPool-worker-1] INFO  impl.StateMachineUpdater (StateMachineUpdater.java:stopAndJoin(115)) - StateMachineUpdater:fed03dd0-19ae-4d47-80df-f7b6c0cc818c:group-34501D5A7A5E: set stopIndex = 0
2019-09-12 10:19:48,109 [ForkJoinPool.commonPool-worker-1] INFO  impl.RaftServerImpl (ServerState.java:close(394)) - fed03dd0-19ae-4d47-80df-f7b6c0cc818c:group-34501D5A7A5E closes. The last applied log index is 0
2019-09-12 10:19:48,110 [fed03dd0-19ae-4d47-80df-f7b6c0cc818c-SegmentedRaftLogWorker:Storage Directory /workdir/hadoop-ozone/integration-test/target/test-dir/MiniOzoneClusterImpl-4d5e9512-7d5a-42a1-8e37-0d9e9dd50ba8/datanode-2/data/ratis/d86a2205-b13d-4003-ba51-34501d5a7a5e] INFO  segmented.SegmentedRaftLogWorker (SegmentedRaftLogWorker.java:run(313)) - fed03dd0-19ae-4d47-80df-f7b6c0cc818c-SegmentedRaftLogWorker:Storage Directory /workdir/hadoop-ozone/integration-test/target/test-dir/MiniOzoneClusterImpl-4d5e9512-7d5a-42a1-8e37-0d9e9dd50ba8/datanode-2/data/ratis/d86a2205-b13d-4003-ba51-34501d5a7a5e was interrupted, exiting. There are 0 tasks remaining in the queue.
2019-09-12 10:19:48,110 [ForkJoinPool.commonPool-worker-1] INFO  segmented.SegmentedRaftLogWorker (SegmentedRaftLogWorker.java:close(228)) - fed03dd0-19ae-4d47-80df-f7b6c0cc818c-SegmentedRaftLogWorker:Storage Directory /workdir/hadoop-ozone/integration-test/target/test-dir/MiniOzoneClusterImpl-4d5e9512-7d5a-42a1-8e37-0d9e9dd50ba8/datanode-2/data/ratis/d86a2205-b13d-4003-ba51-34501d5a7a5e close()
2019-09-12 10:19:48,112 [ForkJoinPool.commonPool-worker-1] INFO  impl.RaftServerImpl (RaftServerImpl.java:lambda$shutdown$3(245)) - fed03dd0-19ae-4d47-80df-f7b6c0cc818c: shutdown group-D72F2E612FF5
2019-09-12 10:19:48,112 [ForkJoinPool.commonPool-worker-1] INFO  util.JmxRegister (JmxRegister.java:unregister(73)) - Successfully un-registered JMX Bean with object name Ratis:service=RaftServer,group=group-D72F2E612FF5,id=fed03dd0-19ae-4d47-80df-f7b6c0cc818c
2019-09-12 10:19:48,112 [ForkJoinPool.commonPool-worker-1] INFO  impl.RoleInfo (RoleInfo.java:shutdownLeaderState(104)) - fed03dd0-19ae-4d47-80df-f7b6c0cc818c: shutdown LeaderState
2019-09-12 10:19:48,113 [ForkJoinPool.commonPool-worker-1] INFO  impl.PendingRequests (PendingRequests.java:sendNotLeaderResponses(202)) - fed03dd0-19ae-4d47-80df-f7b6c0cc818c-PendingRequests: sendNotLeaderResponses
2019-09-12 10:19:48,113 [ForkJoinPool.commonPool-worker-1] INFO  impl.StateMachineUpdater (StateMachineUpdater.java:stopAndJoin(115)) - StateMachineUpdater:fed03dd0-19ae-4d47-80df-f7b6c0cc818c:group-D72F2E612FF5: set stopIndex = 0
2019-09-12 10:19:48,113 [ForkJoinPool.commonPool-worker-1] INFO  impl.RaftServerImpl (ServerState.java:close(394)) - fed03dd0-19ae-4d47-80df-f7b6c0cc818c:group-D72F2E612FF5 closes. The last applied log index is 0
2019-09-12 10:19:48,114 [fed03dd0-19ae-4d47-80df-f7b6c0cc818c-SegmentedRaftLogWorker:Storage Directory /workdir/hadoop-ozone/integration-test/target/test-dir/MiniOzoneClusterImpl-4d5e9512-7d5a-42a1-8e37-0d9e9dd50ba8/datanode-2/data/ratis/bbec090b-bb9a-45b6-91c6-d72f2e612ff5] INFO  segmented.SegmentedRaftLogWorker (SegmentedRaftLogWorker.java:run(313)) - fed03dd0-19ae-4d47-80df-f7b6c0cc818c-SegmentedRaftLogWorker:Storage Directory /workdir/hadoop-ozone/integration-test/target/test-dir/MiniOzoneClusterImpl-4d5e9512-7d5a-42a1-8e37-0d9e9dd50ba8/datanode-2/data/ratis/bbec090b-bb9a-45b6-91c6-d72f2e612ff5 was interrupted, exiting. There are 0 tasks remaining in the queue.
2019-09-12 10:19:48,114 [ForkJoinPool.commonPool-worker-1] INFO  segmented.SegmentedRaftLogWorker (SegmentedRaftLogWorker.java:close(228)) - fed03dd0-19ae-4d47-80df-f7b6c0cc818c-SegmentedRaftLogWorker:Storage Directory /workdir/hadoop-ozone/integration-test/target/test-dir/MiniOzoneClusterImpl-4d5e9512-7d5a-42a1-8e37-0d9e9dd50ba8/datanode-2/data/ratis/bbec090b-bb9a-45b6-91c6-d72f2e612ff5 close()
2019-09-12 10:19:48,115 [ForkJoinPool.commonPool-worker-1] INFO  impl.RaftServerImpl (RaftServerImpl.java:lambda$shutdown$3(245)) - fed03dd0-19ae-4d47-80df-f7b6c0cc818c: shutdown group-5F94D5854108
2019-09-12 10:19:48,116 [ForkJoinPool.commonPool-worker-1] INFO  util.JmxRegister (JmxRegister.java:unregister(73)) - Successfully un-registered JMX Bean with object name Ratis:service=RaftServer,group=group-5F94D5854108,id=fed03dd0-19ae-4d47-80df-f7b6c0cc818c
2019-09-12 10:19:48,116 [ForkJoinPool.commonPool-worker-1] INFO  impl.RoleInfo (RoleInfo.java:shutdownLeaderState(104)) - fed03dd0-19ae-4d47-80df-f7b6c0cc818c: shutdown LeaderState
2019-09-12 10:19:48,117 [ForkJoinPool.commonPool-worker-1] INFO  impl.PendingRequests (PendingRequests.java:sendNotLeaderResponses(202)) - fed03dd0-19ae-4d47-80df-f7b6c0cc818c-PendingRequests: sendNotLeaderResponses
2019-09-12 10:19:48,117 [ForkJoinPool.commonPool-worker-1] INFO  impl.StateMachineUpdater (StateMachineUpdater.java:stopAndJoin(115)) - StateMachineUpdater:fed03dd0-19ae-4d47-80df-f7b6c0cc818c:group-5F94D5854108: set stopIndex = 0
2019-09-12 10:19:48,117 [ForkJoinPool.commonPool-worker-1] INFO  impl.RaftServerImpl (ServerState.java:close(394)) - fed03dd0-19ae-4d47-80df-f7b6c0cc818c:group-5F94D5854108 closes. The last applied log index is 0
2019-09-12 10:19:48,118 [fed03dd0-19ae-4d47-80df-f7b6c0cc818c-SegmentedRaftLogWorker:Storage Directory /workdir/hadoop-ozone/integration-test/target/test-dir/MiniOzoneClusterImpl-4d5e9512-7d5a-42a1-8e37-0d9e9dd50ba8/datanode-2/data/ratis/436988d3-691f-40a1-952e-5f94d5854108] INFO  segmented.SegmentedRaftLogWorker (SegmentedRaftLogWorker.java:run(313)) - fed03dd0-19ae-4d47-80df-f7b6c0cc818c-SegmentedRaftLogWorker:Storage Directory /workdir/hadoop-ozone/integration-test/target/test-dir/MiniOzoneClusterImpl-4d5e9512-7d5a-42a1-8e37-0d9e9dd50ba8/datanode-2/data/ratis/436988d3-691f-40a1-952e-5f94d5854108 was interrupted, exiting. There are 0 tasks remaining in the queue.
2019-09-12 10:19:48,118 [ForkJoinPool.commonPool-worker-1] INFO  segmented.SegmentedRaftLogWorker (SegmentedRaftLogWorker.java:close(228)) - fed03dd0-19ae-4d47-80df-f7b6c0cc818c-SegmentedRaftLogWorker:Storage Directory /workdir/hadoop-ozone/integration-test/target/test-dir/MiniOzoneClusterImpl-4d5e9512-7d5a-42a1-8e37-0d9e9dd50ba8/datanode-2/data/ratis/436988d3-691f-40a1-952e-5f94d5854108 close()
2019-09-12 10:19:48,119 [ForkJoinPool.commonPool-worker-1] INFO  impl.RaftServerImpl (RaftServerImpl.java:lambda$shutdown$3(245)) - fed03dd0-19ae-4d47-80df-f7b6c0cc818c: shutdown group-30D1D8DCDB2C
2019-09-12 10:19:48,119 [ForkJoinPool.commonPool-worker-1] INFO  util.JmxRegister (JmxRegister.java:unregister(73)) - Successfully un-registered JMX Bean with object name Ratis:service=RaftServer,group=group-30D1D8DCDB2C,id=fed03dd0-19ae-4d47-80df-f7b6c0cc818c
2019-09-12 10:19:48,120 [ForkJoinPool.commonPool-worker-1] INFO  impl.RoleInfo (RoleInfo.java:shutdownLeaderState(104)) - fed03dd0-19ae-4d47-80df-f7b6c0cc818c: shutdown LeaderState
2019-09-12 10:19:48,120 [ForkJoinPool.commonPool-worker-1] INFO  impl.PendingRequests (PendingRequests.java:sendNotLeaderResponses(202)) - fed03dd0-19ae-4d47-80df-f7b6c0cc818c-PendingRequests: sendNotLeaderResponses
2019-09-12 10:19:48,120 [ForkJoinPool.commonPool-worker-1] INFO  impl.StateMachineUpdater (StateMachineUpdater.java:stopAndJoin(115)) - StateMachineUpdater:fed03dd0-19ae-4d47-80df-f7b6c0cc818c:group-30D1D8DCDB2C: set stopIndex = 0
2019-09-12 10:19:48,121 [ForkJoinPool.commonPool-worker-1] INFO  impl.RaftServerImpl (ServerState.java:close(394)) - fed03dd0-19ae-4d47-80df-f7b6c0cc818c:group-30D1D8DCDB2C closes. The last applied log index is 0
2019-09-12 10:19:48,121 [fed03dd0-19ae-4d47-80df-f7b6c0cc818c-SegmentedRaftLogWorker:Storage Directory /workdir/hadoop-ozone/integration-test/target/test-dir/MiniOzoneClusterImpl-4d5e9512-7d5a-42a1-8e37-0d9e9dd50ba8/datanode-2/data/ratis/c40d1993-10b5-4f50-8633-30d1d8dcdb2c] INFO  segmented.SegmentedRaftLogWorker (SegmentedRaftLogWorker.java:run(313)) - fed03dd0-19ae-4d47-80df-f7b6c0cc818c-SegmentedRaftLogWorker:Storage Directory /workdir/hadoop-ozone/integration-test/target/test-dir/MiniOzoneClusterImpl-4d5e9512-7d5a-42a1-8e37-0d9e9dd50ba8/datanode-2/data/ratis/c40d1993-10b5-4f50-8633-30d1d8dcdb2c was interrupted, exiting. There are 0 tasks remaining in the queue.
2019-09-12 10:19:48,121 [ForkJoinPool.commonPool-worker-1] INFO  segmented.SegmentedRaftLogWorker (SegmentedRaftLogWorker.java:close(228)) - fed03dd0-19ae-4d47-80df-f7b6c0cc818c-SegmentedRaftLogWorker:Storage Directory /workdir/hadoop-ozone/integration-test/target/test-dir/MiniOzoneClusterImpl-4d5e9512-7d5a-42a1-8e37-0d9e9dd50ba8/datanode-2/data/ratis/c40d1993-10b5-4f50-8633-30d1d8dcdb2c close()
2019-09-12 10:19:48,123 [ForkJoinPool.commonPool-worker-1] INFO  impl.RaftServerImpl (RaftServerImpl.java:lambda$shutdown$3(245)) - fed03dd0-19ae-4d47-80df-f7b6c0cc818c: shutdown group-5EC81CE6564C
2019-09-12 10:19:48,123 [ForkJoinPool.commonPool-worker-1] INFO  util.JmxRegister (JmxRegister.java:unregister(73)) - Successfully un-registered JMX Bean with object name Ratis:service=RaftServer,group=group-5EC81CE6564C,id=fed03dd0-19ae-4d47-80df-f7b6c0cc818c
2019-09-12 10:19:48,123 [ForkJoinPool.commonPool-worker-1] INFO  impl.RoleInfo (RoleInfo.java:shutdownLeaderState(104)) - fed03dd0-19ae-4d47-80df-f7b6c0cc818c: shutdown LeaderState
2019-09-12 10:19:48,124 [ForkJoinPool.commonPool-worker-1] INFO  impl.PendingRequests (PendingRequests.java:sendNotLeaderResponses(202)) - fed03dd0-19ae-4d47-80df-f7b6c0cc818c-PendingRequests: sendNotLeaderResponses
2019-09-12 10:19:48,124 [ForkJoinPool.commonPool-worker-1] INFO  impl.StateMachineUpdater (StateMachineUpdater.java:stopAndJoin(115)) - StateMachineUpdater:fed03dd0-19ae-4d47-80df-f7b6c0cc818c:group-5EC81CE6564C: set stopIndex = 0
2019-09-12 10:19:48,124 [ForkJoinPool.commonPool-worker-1] INFO  impl.RaftServerImpl (ServerState.java:close(394)) - fed03dd0-19ae-4d47-80df-f7b6c0cc818c:group-5EC81CE6564C closes. The last applied log index is 0
2019-09-12 10:19:48,125 [fed03dd0-19ae-4d47-80df-f7b6c0cc818c-SegmentedRaftLogWorker:Storage Directory /workdir/hadoop-ozone/integration-test/target/test-dir/MiniOzoneClusterImpl-4d5e9512-7d5a-42a1-8e37-0d9e9dd50ba8/datanode-2/data/ratis/952d8405-8222-440a-a5d8-5ec81ce6564c] INFO  segmented.SegmentedRaftLogWorker (SegmentedRaftLogWorker.java:run(313)) - fed03dd0-19ae-4d47-80df-f7b6c0cc818c-SegmentedRaftLogWorker:Storage Directory /workdir/hadoop-ozone/integration-test/target/test-dir/MiniOzoneClusterImpl-4d5e9512-7d5a-42a1-8e37-0d9e9dd50ba8/datanode-2/data/ratis/952d8405-8222-440a-a5d8-5ec81ce6564c was interrupted, exiting. There are 0 tasks remaining in the queue.
2019-09-12 10:19:48,125 [ForkJoinPool.commonPool-worker-1] INFO  segmented.SegmentedRaftLogWorker (SegmentedRaftLogWorker.java:close(228)) - fed03dd0-19ae-4d47-80df-f7b6c0cc818c-SegmentedRaftLogWorker:Storage Directory /workdir/hadoop-ozone/integration-test/target/test-dir/MiniOzoneClusterImpl-4d5e9512-7d5a-42a1-8e37-0d9e9dd50ba8/datanode-2/data/ratis/952d8405-8222-440a-a5d8-5ec81ce6564c close()
2019-09-12 10:19:48,127 [ForkJoinPool.commonPool-worker-1] INFO  impl.RaftServerImpl (RaftServerImpl.java:lambda$shutdown$3(245)) - fed03dd0-19ae-4d47-80df-f7b6c0cc818c: shutdown group-8C278D82F897
2019-09-12 10:19:48,127 [ForkJoinPool.commonPool-worker-1] INFO  util.JmxRegister (JmxRegister.java:unregister(73)) - Successfully un-registered JMX Bean with object name Ratis:service=RaftServer,group=group-8C278D82F897,id=fed03dd0-19ae-4d47-80df-f7b6c0cc818c
2019-09-12 10:19:48,128 [ForkJoinPool.commonPool-worker-1] INFO  impl.RoleInfo (RoleInfo.java:shutdownLeaderState(104)) - fed03dd0-19ae-4d47-80df-f7b6c0cc818c: shutdown LeaderState
2019-09-12 10:19:48,128 [ForkJoinPool.commonPool-worker-1] INFO  impl.PendingRequests (PendingRequests.java:sendNotLeaderResponses(202)) - fed03dd0-19ae-4d47-80df-f7b6c0cc818c-PendingRequests: sendNotLeaderResponses
2019-09-12 10:19:48,128 [ForkJoinPool.commonPool-worker-1] INFO  impl.StateMachineUpdater (StateMachineUpdater.java:stopAndJoin(115)) - StateMachineUpdater:fed03dd0-19ae-4d47-80df-f7b6c0cc818c:group-8C278D82F897: set stopIndex = 0
2019-09-12 10:19:48,129 [ForkJoinPool.commonPool-worker-1] INFO  impl.RaftServerImpl (ServerState.java:close(394)) - fed03dd0-19ae-4d47-80df-f7b6c0cc818c:group-8C278D82F897 closes. The last applied log index is 0
2019-09-12 10:19:48,129 [fed03dd0-19ae-4d47-80df-f7b6c0cc818c-SegmentedRaftLogWorker:Storage Directory /workdir/hadoop-ozone/integration-test/target/test-dir/MiniOzoneClusterImpl-4d5e9512-7d5a-42a1-8e37-0d9e9dd50ba8/datanode-2/data/ratis/a8f6300f-60eb-4449-8df5-8c278d82f897] INFO  segmented.SegmentedRaftLogWorker (SegmentedRaftLogWorker.java:run(313)) - fed03dd0-19ae-4d47-80df-f7b6c0cc818c-SegmentedRaftLogWorker:Storage Directory /workdir/hadoop-ozone/integration-test/target/test-dir/MiniOzoneClusterImpl-4d5e9512-7d5a-42a1-8e37-0d9e9dd50ba8/datanode-2/data/ratis/a8f6300f-60eb-4449-8df5-8c278d82f897 was interrupted, exiting. There are 0 tasks remaining in the queue.
2019-09-12 10:19:48,129 [ForkJoinPool.commonPool-worker-1] INFO  segmented.SegmentedRaftLogWorker (SegmentedRaftLogWorker.java:close(228)) - fed03dd0-19ae-4d47-80df-f7b6c0cc818c-SegmentedRaftLogWorker:Storage Directory /workdir/hadoop-ozone/integration-test/target/test-dir/MiniOzoneClusterImpl-4d5e9512-7d5a-42a1-8e37-0d9e9dd50ba8/datanode-2/data/ratis/a8f6300f-60eb-4449-8df5-8c278d82f897 close()
2019-09-12 10:19:48,130 [ForkJoinPool.commonPool-worker-1] INFO  server.GrpcService (GrpcService.java:closeImpl(155)) - fed03dd0-19ae-4d47-80df-f7b6c0cc818c: shutdown server with port 40326 now
2019-09-12 10:19:48,132 [ForkJoinPool.commonPool-worker-1] INFO  server.GrpcService (GrpcService.java:closeImpl(163)) - fed03dd0-19ae-4d47-80df-f7b6c0cc818c: shutdown server with port 40326 successfully
2019-09-12 10:19:48,135 [ForkJoinPool.commonPool-worker-1] INFO  utils.BackgroundService (BackgroundService.java:shutdown(148)) - Shutting down service BlockDeletingService
2019-09-12 10:19:48,136 [refreshUsed-/workdir/hadoop-ozone/integration-test/target/test-dir/MiniOzoneClusterImpl-4d5e9512-7d5a-42a1-8e37-0d9e9dd50ba8/datanode-2/data/containers] WARN  fs.CachingGetSpaceUsed (CachingGetSpaceUsed.java:run(183)) - Thread Interrupted waiting to refresh disk information: sleep interrupted
2019-09-12 10:19:48,153 [ForkJoinPool.commonPool-worker-1] INFO  statemachine.DatanodeStateMachine (DatanodeStateMachine.java:stopDaemon(395)) - Ozone container server stopped.
2019-09-12 10:19:48,155 [ForkJoinPool.commonPool-worker-1] INFO  handler.ContextHandler (ContextHandler.java:doStop(910)) - Stopped o.e.j.w.WebAppContext@3520958b{/,null,UNAVAILABLE}{/hddsDatanode}
2019-09-12 10:19:48,155 [ForkJoinPool.commonPool-worker-1] INFO  server.AbstractConnector (AbstractConnector.java:doStop(318)) - Stopped ServerConnector@6cc64028{HTTP/1.1,[http/1.1]}{0.0.0.0:0}
2019-09-12 10:19:48,156 [ForkJoinPool.commonPool-worker-1] INFO  handler.ContextHandler (ContextHandler.java:doStop(910)) - Stopped o.e.j.s.ServletContextHandler@251c8145{/static,jar:file:/home/user/.m2/repository/org/apache/hadoop/hadoop-hdds-container-service/0.5.0-SNAPSHOT/hadoop-hdds-container-service-0.5.0-SNAPSHOT.jar!/webapps/static,UNAVAILABLE}
2019-09-12 10:19:48,157 [ForkJoinPool.commonPool-worker-1] INFO  handler.ContextHandler (ContextHandler.java:doStop(910)) - Stopped o.e.j.s.ServletContextHandler@25791d40{/logs,file:///workdir/hadoop-ozone/integration-test/target/log,UNAVAILABLE}
2019-09-12 10:19:48,158 [main] INFO  ozone.MiniOzoneClusterImpl (MiniOzoneClusterImpl.java:stop(353)) - Stopping the StorageContainerManager
2019-09-12 10:19:48,158 [main] INFO  server.StorageContainerManager (StorageContainerManager.java:stop(797)) - Stopping Replication Manager Service.
2019-09-12 10:19:48,158 [main] INFO  container.ReplicationManager (ReplicationManager.java:stop(192)) - Stopping Replication Monitor Thread.
2019-09-12 10:19:48,159 [main] INFO  server.StorageContainerManager (StorageContainerManager.java:stop(804)) - Stopping Lease Manager of the command watchers
2019-09-12 10:19:48,159 [main] INFO  server.StorageContainerManager (StorageContainerManager.java:stop(811)) - Stopping datanode service RPC server
2019-09-12 10:19:48,159 [main] INFO  server.SCMDatanodeProtocolServer (SCMDatanodeProtocolServer.java:stop(367)) - Stopping the RPC server for DataNodes
2019-09-12 10:19:48,160 [main] INFO  ipc.Server (Server.java:stop(3082)) - Stopping server on 32950
2019-09-12 10:19:48,161 [IPC Server listener on 32950] INFO  ipc.Server (Server.java:run(1185)) - Stopping IPC Server listener on 32950
2019-09-12 10:19:48,162 [IPC Server Responder] INFO  ipc.Server (Server.java:run(1319)) - Stopping IPC Server Responder
2019-09-12 10:19:48,236 [SCM Heartbeat Processing Thread - 0] WARN  node.NodeStateManager (NodeStateManager.java:scheduleNextHealthCheck(655)) - Current Thread is interrupted, shutting down HB processing thread for Node Manager.
2019-09-12 10:19:48,236 [main] INFO  server.StorageContainerManager (StorageContainerManager.java:stop(819)) - Stopping block service RPC server
2019-09-12 10:19:48,236 [main] INFO  server.SCMBlockProtocolServer (SCMBlockProtocolServer.java:stop(148)) - Stopping the RPC server for Block Protocol
2019-09-12 10:19:48,236 [main] INFO  ipc.Server (Server.java:stop(3082)) - Stopping server on 35199
2019-09-12 10:19:48,238 [main] INFO  server.StorageContainerManager (StorageContainerManager.java:stop(826)) - Stopping the StorageContainerLocationProtocol RPC server
2019-09-12 10:19:48,239 [main] INFO  server.SCMClientProtocolServer (SCMClientProtocolServer.java:stop(159)) - Stopping the RPC server for Client Protocol
2019-09-12 10:19:48,239 [main] INFO  ipc.Server (Server.java:stop(3082)) - Stopping server on 43159
2019-09-12 10:19:48,239 [IPC Server listener on 35199] INFO  ipc.Server (Server.java:run(1185)) - Stopping IPC Server listener on 35199
2019-09-12 10:19:48,239 [IPC Server Responder] INFO  ipc.Server (Server.java:run(1319)) - Stopping IPC Server Responder
2019-09-12 10:19:48,241 [IPC Server listener on 43159] INFO  ipc.Server (Server.java:run(1185)) - Stopping IPC Server listener on 43159
2019-09-12 10:19:48,242 [IPC Server Responder] INFO  ipc.Server (Server.java:run(1319)) - Stopping IPC Server Responder
2019-09-12 10:19:48,241 [main] INFO  server.StorageContainerManager (StorageContainerManager.java:stop(833)) - Stopping Storage Container Manager HTTP server.
2019-09-12 10:19:48,243 [main] INFO  handler.ContextHandler (ContextHandler.java:doStop(910)) - Stopped o.e.j.w.WebAppContext@30b34287{/,null,UNAVAILABLE}{/scm}
2019-09-12 10:19:48,244 [main] INFO  server.AbstractConnector (AbstractConnector.java:doStop(318)) - Stopped ServerConnector@672f11c2{HTTP/1.1,[http/1.1]}{0.0.0.0:0}
2019-09-12 10:19:48,245 [main] INFO  handler.ContextHandler (ContextHandler.java:doStop(910)) - Stopped o.e.j.s.ServletContextHandler@1a45193b{/static,file:///workdir/hadoop-ozone/integration-test/target/test-classes/webapps/static,UNAVAILABLE}
2019-09-12 10:19:48,245 [main] INFO  handler.ContextHandler (ContextHandler.java:doStop(910)) - Stopped o.e.j.s.ServletContextHandler@47a5b70d{/logs,file:///workdir/hadoop-ozone/integration-test/target/log,UNAVAILABLE}
2019-09-12 10:19:48,247 [main] INFO  server.StorageContainerManager (StorageContainerManager.java:stop(844)) - Stopping Block Manager Service.
2019-09-12 10:19:48,248 [main] INFO  utils.BackgroundService (BackgroundService.java:shutdown(148)) - Shutting down service SCMBlockDeletingService
2019-09-12 10:19:48,249 [main] INFO  utils.BackgroundService (BackgroundService.java:shutdown(148)) - Shutting down service SCMBlockDeletingService
2019-09-12 10:19:48,249 [main] INFO  server.StorageContainerManager (StorageContainerManager.java:stop(866)) - Stopping SCM Event Queue.
2019-09-12 10:19:48,257 [main] INFO  impl.MetricsSystemImpl (MetricsSystemImpl.java:stop(210)) - Stopping HddsDatanode metrics system...
2019-09-12 10:19:48,263 [main] INFO  impl.MetricsSystemImpl (MetricsSystemImpl.java:stop(216)) - HddsDatanode metrics system stopped.
]]></system-out>
    <system-err><![CDATA[Sep 12, 2019 10:19:30 AM com.sun.jersey.server.impl.application.WebApplicationImpl _initiate
INFO: Initiating Jersey application, version 'Jersey: 1.19 02/11/2015 03:25 AM'
Sep 12, 2019 10:19:31 AM com.sun.jersey.server.impl.application.WebApplicationImpl _initiate
INFO: Initiating Jersey application, version 'Jersey: 1.19 02/11/2015 03:25 AM'
Sep 12, 2019 10:19:31 AM com.sun.jersey.server.impl.application.WebApplicationImpl _initiate
INFO: Initiating Jersey application, version 'Jersey: 1.19 02/11/2015 03:25 AM'
Exception in thread "ad4c2123-5d66-4058-a486-75b7e9920b2b:group-F9EDD6B14093:LeaderElection18" java.lang.IllegalStateException: ILLEGAL TRANSITION: In ad4c2123-5d66-4058-a486-75b7e9920b2b:group-F9EDD6B14093:LeaderElection18, RUNNING -> CLOSED
	at org.apache.ratis.util.Preconditions.assertTrue(Preconditions.java:63)
	at org.apache.ratis.util.LifeCycle$State.validate(LifeCycle.java:123)
	at org.apache.ratis.util.LifeCycle.transition(LifeCycle.java:143)
	at org.apache.ratis.server.impl.LeaderElection.run(LeaderElection.java:154)
	at java.lang.Thread.run(Thread.java:748)
]]></system-err>
  </testcase>
  <testcase name="testPipelineCloseWithOpenContainer" classname="org.apache.hadoop.hdds.scm.pipeline.TestPipelineClose" time="16.977">
    <error message="Could not allocate container. Cannot get any matching pipeline for Type:RATIS, Factor:THREE, State:PipelineState.OPEN" type="java.io.IOException">java.io.IOException: Could not allocate container. Cannot get any matching pipeline for Type:RATIS, Factor:THREE, State:PipelineState.OPEN
	at org.apache.hadoop.hdds.scm.container.ContainerStateManager.allocateContainer(ContainerStateManager.java:260)
	at org.apache.hadoop.hdds.scm.container.SCMContainerManager.allocateContainer(SCMContainerManager.java:247)
	at org.apache.hadoop.hdds.scm.pipeline.TestPipelineClose.init(TestPipelineClose.java:92)
	at sun.reflect.NativeMethodAccessorImpl.invoke0(Native Method)
	at sun.reflect.NativeMethodAccessorImpl.invoke(NativeMethodAccessorImpl.java:62)
	at sun.reflect.DelegatingMethodAccessorImpl.invoke(DelegatingMethodAccessorImpl.java:43)
	at java.lang.reflect.Method.invoke(Method.java:498)
	at org.junit.runners.model.FrameworkMethod$1.runReflectiveCall(FrameworkMethod.java:47)
	at org.junit.internal.runners.model.ReflectiveCallable.run(ReflectiveCallable.java:12)
	at org.junit.runners.model.FrameworkMethod.invokeExplosively(FrameworkMethod.java:44)
	at org.junit.internal.runners.statements.RunBefores.evaluate(RunBefores.java:24)
	at org.junit.internal.runners.statements.RunAfters.evaluate(RunAfters.java:27)
	at org.junit.runners.ParentRunner.runLeaf(ParentRunner.java:271)
	at org.junit.runners.BlockJUnit4ClassRunner.runChild(BlockJUnit4ClassRunner.java:70)
	at org.junit.runners.BlockJUnit4ClassRunner.runChild(BlockJUnit4ClassRunner.java:50)
	at org.junit.runners.ParentRunner$3.run(ParentRunner.java:238)
	at org.junit.runners.ParentRunner$1.schedule(ParentRunner.java:63)
	at org.junit.runners.ParentRunner.runChildren(ParentRunner.java:236)
	at org.junit.runners.ParentRunner.access$000(ParentRunner.java:53)
	at org.junit.runners.ParentRunner$2.evaluate(ParentRunner.java:229)
	at org.junit.runners.ParentRunner.run(ParentRunner.java:309)
	at org.apache.maven.surefire.junit4.JUnit4Provider.execute(JUnit4Provider.java:365)
	at org.apache.maven.surefire.junit4.JUnit4Provider.executeWithRerun(JUnit4Provider.java:273)
	at org.apache.maven.surefire.junit4.JUnit4Provider.executeTestSet(JUnit4Provider.java:238)
	at org.apache.maven.surefire.junit4.JUnit4Provider.invoke(JUnit4Provider.java:159)
	at org.apache.maven.surefire.booter.ForkedBooter.invokeProviderInSameClassLoader(ForkedBooter.java:384)
	at org.apache.maven.surefire.booter.ForkedBooter.runSuitesInProcess(ForkedBooter.java:345)
	at org.apache.maven.surefire.booter.ForkedBooter.execute(ForkedBooter.java:126)
	at org.apache.maven.surefire.booter.ForkedBooter.main(ForkedBooter.java:418)
</error>
    <system-out><![CDATA[2019-09-12 10:19:48,333 [main] WARN  server.ServerUtils (ServerUtils.java:getScmDbDir(145)) - ozone.scm.db.dirs is not configured. We recommend adding this setting. Falling back to ozone.metadata.dirs instead.
2019-09-12 10:19:48,358 [main] WARN  server.ServerUtils (ServerUtils.java:getScmDbDir(145)) - ozone.scm.db.dirs is not configured. We recommend adding this setting. Falling back to ozone.metadata.dirs instead.
2019-09-12 10:19:48,359 [main] WARN  server.ServerUtils (ServerUtils.java:getScmDbDir(145)) - ozone.scm.db.dirs is not configured. We recommend adding this setting. Falling back to ozone.metadata.dirs instead.
2019-09-12 10:19:48,360 [main] INFO  db.DBStoreBuilder (DBStoreBuilder.java:addTable(110)) - using custom profile for table: deletedBlocks
2019-09-12 10:19:48,360 [main] INFO  db.DBStoreBuilder (DBStoreBuilder.java:processTables(161)) - Using default column profile:DBProfile.DISK for Table:deletedBlocks
2019-09-12 10:19:48,360 [main] INFO  db.DBStoreBuilder (DBStoreBuilder.java:addTable(110)) - using custom profile for table: validCerts
2019-09-12 10:19:48,361 [main] INFO  db.DBStoreBuilder (DBStoreBuilder.java:processTables(161)) - Using default column profile:DBProfile.DISK for Table:validCerts
2019-09-12 10:19:48,361 [main] INFO  db.DBStoreBuilder (DBStoreBuilder.java:addTable(110)) - using custom profile for table: revokedCerts
2019-09-12 10:19:48,361 [main] INFO  db.DBStoreBuilder (DBStoreBuilder.java:processTables(161)) - Using default column profile:DBProfile.DISK for Table:revokedCerts
2019-09-12 10:19:48,362 [main] INFO  db.DBStoreBuilder (DBStoreBuilder.java:addTable(110)) - using custom profile for table: default
2019-09-12 10:19:48,362 [main] INFO  db.DBStoreBuilder (DBStoreBuilder.java:processTables(167)) - Using default column profile:DBProfile.DISK for Table:default
2019-09-12 10:19:48,362 [main] INFO  db.DBStoreBuilder (DBStoreBuilder.java:getDbProfile(198)) - Using default options. DBProfile.DISK
2019-09-12 10:19:48,501 [main] INFO  net.NodeSchemaLoader (NodeSchemaLoader.java:loadSchemaFromFile(125)) - Loading file from sun.misc.CompoundEnumeration@5939e24
2019-09-12 10:19:48,502 [main] INFO  net.NodeSchemaLoader (NodeSchemaLoader.java:loadSchema(171)) - Loading network topology layer schema file
2019-09-12 10:19:48,507 [main] WARN  server.ServerUtils (ServerUtils.java:sanitizeUserArgs(70)) - ozone.scm.stale.node.interval value = 300000 is larger than max = 100000 based on the key value of ozone.scm.heartbeat.thread.interval, reset to the max value 100000.
2019-09-12 10:19:48,507 [main] WARN  server.ServerUtils (ServerUtils.java:sanitizeUserArgs(70)) - ozone.scm.stale.node.interval value = 300000 is larger than max = 100000 based on the key value of ozone.scm.heartbeat.thread.interval, reset to the max value 100000.
2019-09-12 10:19:48,507 [main] INFO  node.SCMNodeManager (SCMNodeManager.java:<init>(121)) - Entering startup safe mode.
2019-09-12 10:19:48,508 [main] INFO  algorithms.ContainerPlacementPolicyFactory (ContainerPlacementPolicyFactory.java:getPolicy(56)) - Create container placement policy of type org.apache.hadoop.hdds.scm.container.placement.algorithms.SCMContainerPlacementRandom
2019-09-12 10:19:48,509 [main] WARN  server.ServerUtils (ServerUtils.java:getScmDbDir(145)) - ozone.scm.db.dirs is not configured. We recommend adding this setting. Falling back to ozone.metadata.dirs instead.
2019-09-12 10:19:48,540 [main] INFO  pipeline.SCMPipelineManager (SCMPipelineManager.java:initializePipelineState(126)) - No pipeline exists in current db
2019-09-12 10:19:48,540 [main] WARN  server.ServerUtils (ServerUtils.java:getScmDbDir(145)) - ozone.scm.db.dirs is not configured. We recommend adding this setting. Falling back to ozone.metadata.dirs instead.
2019-09-12 10:19:48,575 [main] WARN  events.EventQueue (EventQueue.java:fireEvent(175)) - No event handler registered for event TypedEvent{payloadType=SafeModeStatus, name='SafeModeStatus'}
2019-09-12 10:19:48,576 [main] INFO  ipc.CallQueueManager (CallQueueManager.java:<init>(84)) - Using callQueue: class java.util.concurrent.LinkedBlockingQueue, queueCapacity: 2000, scheduler: class org.apache.hadoop.ipc.DefaultRpcScheduler, ipcBackoff: false.
2019-09-12 10:19:48,577 [Socket Reader #1 for port 43200] INFO  ipc.Server (Server.java:run(1074)) - Starting Socket Reader #1 for port 43200
2019-09-12 10:19:48,579 [main] INFO  ipc.CallQueueManager (CallQueueManager.java:<init>(84)) - Using callQueue: class java.util.concurrent.LinkedBlockingQueue, queueCapacity: 2000, scheduler: class org.apache.hadoop.ipc.DefaultRpcScheduler, ipcBackoff: false.
2019-09-12 10:19:48,580 [Socket Reader #1 for port 43404] INFO  ipc.Server (Server.java:run(1074)) - Starting Socket Reader #1 for port 43404
2019-09-12 10:19:48,581 [main] INFO  ipc.CallQueueManager (CallQueueManager.java:<init>(84)) - Using callQueue: class java.util.concurrent.LinkedBlockingQueue, queueCapacity: 2000, scheduler: class org.apache.hadoop.ipc.DefaultRpcScheduler, ipcBackoff: false.
2019-09-12 10:19:48,582 [Socket Reader #1 for port 41281] INFO  ipc.Server (Server.java:run(1074)) - Starting Socket Reader #1 for port 41281
2019-09-12 10:19:48,585 [main] INFO  hdfs.DFSUtil (DFSUtil.java:httpServerTemplateForNNAndJN(1641)) - Starting Web-server for scm at: http://0.0.0.0:0
2019-09-12 10:19:48,588 [main] INFO  server.AuthenticationFilter (AuthenticationFilter.java:constructSecretProvider(240)) - Unable to initialize FileSignerSecretProvider, falling back to use random secrets.
2019-09-12 10:19:48,589 [main] WARN  http.HttpRequestLog (HttpRequestLog.java:getRequestLog(97)) - Jetty request log can only be enabled using Log4j
2019-09-12 10:19:48,592 [main] INFO  http.HttpServer2 (HttpServer2.java:addGlobalFilter(975)) - Added global filter 'safety' (class=org.apache.hadoop.http.HttpServer2$QuotingInputFilter)
2019-09-12 10:19:48,593 [main] INFO  http.HttpServer2 (HttpServer2.java:addFilter(948)) - Added filter static_user_filter (class=org.apache.hadoop.http.lib.StaticUserWebFilter$StaticUserFilter) to context scm
2019-09-12 10:19:48,593 [main] INFO  http.HttpServer2 (HttpServer2.java:addFilter(958)) - Added filter static_user_filter (class=org.apache.hadoop.http.lib.StaticUserWebFilter$StaticUserFilter) to context logs
2019-09-12 10:19:48,593 [main] INFO  http.HttpServer2 (HttpServer2.java:addFilter(958)) - Added filter static_user_filter (class=org.apache.hadoop.http.lib.StaticUserWebFilter$StaticUserFilter) to context static
2019-09-12 10:19:48,597 [main] INFO  server.StorageContainerManager (StorageContainerManager.java:start(759)) - StorageContainerLocationProtocol RPC server is listening at /0.0.0.0:41281
2019-09-12 10:19:48,599 [main] WARN  impl.MetricsConfig (MetricsConfig.java:loadFirst(134)) - Cannot locate configuration: tried hadoop-metrics2-storagecontainermanager.properties,hadoop-metrics2.properties
2019-09-12 10:19:48,601 [main] INFO  impl.MetricsSystemImpl (MetricsSystemImpl.java:startTimer(374)) - Scheduled Metric snapshot period at 10 second(s).
2019-09-12 10:19:48,601 [main] INFO  impl.MetricsSystemImpl (MetricsSystemImpl.java:start(191)) - StorageContainerManager metrics system started
2019-09-12 10:19:48,646 [main] INFO  server.SCMClientProtocolServer (SCMClientProtocolServer.java:start(151)) - RPC server for Client  is listening at /0.0.0.0:41281
2019-09-12 10:19:48,646 [IPC Server Responder] INFO  ipc.Server (Server.java:run(1314)) - IPC Server Responder: starting
2019-09-12 10:19:48,647 [IPC Server listener on 41281] INFO  ipc.Server (Server.java:run(1153)) - IPC Server listener on 41281: starting
2019-09-12 10:19:48,650 [main] INFO  server.StorageContainerManager (StorageContainerManager.java:start(769)) - ScmBlockLocationProtocol RPC server is listening at /0.0.0.0:43404
2019-09-12 10:19:48,651 [main] INFO  server.SCMBlockProtocolServer (SCMBlockProtocolServer.java:start(140)) - RPC server for Block Protocol is listening at /0.0.0.0:43404
2019-09-12 10:19:48,651 [IPC Server Responder] INFO  ipc.Server (Server.java:run(1314)) - IPC Server Responder: starting
2019-09-12 10:19:48,651 [IPC Server listener on 43404] INFO  ipc.Server (Server.java:run(1153)) - IPC Server listener on 43404: starting
2019-09-12 10:19:48,655 [main] INFO  server.StorageContainerManager (StorageContainerManager.java:start(773)) - ScmDatanodeProtocl RPC server is listening at /0.0.0.0:43200
2019-09-12 10:19:48,655 [main] INFO  server.SCMDatanodeProtocolServer (SCMDatanodeProtocolServer.java:start(191)) - RPC server for DataNodes is listening at /0.0.0.0:43200
2019-09-12 10:19:48,656 [IPC Server Responder] INFO  ipc.Server (Server.java:run(1314)) - IPC Server Responder: starting
2019-09-12 10:19:48,656 [IPC Server listener on 43200] INFO  ipc.Server (Server.java:run(1153)) - IPC Server listener on 43200: starting
2019-09-12 10:19:48,660 [main] INFO  http.HttpServer2 (HttpServer2.java:bindListener(1191)) - Jetty bound to port 39991
2019-09-12 10:19:48,660 [main] INFO  server.Server (Server.java:doStart(351)) - jetty-9.3.24.v20180605, build timestamp: 2018-06-05T17:11:56Z, git hash: 84205aa28f11a4f31f2a3b86d1bba2cc8ab69827
2019-09-12 10:19:48,663 [main] INFO  handler.ContextHandler (ContextHandler.java:doStart(781)) - Started o.e.j.s.ServletContextHandler@28b523a{/logs,file:///workdir/hadoop-ozone/integration-test/target/log,AVAILABLE}
2019-09-12 10:19:48,663 [main] INFO  handler.ContextHandler (ContextHandler.java:doStart(781)) - Started o.e.j.s.ServletContextHandler@63d677f5{/static,file:///workdir/hadoop-ozone/integration-test/target/test-classes/webapps/static,AVAILABLE}
2019-09-12 10:19:48,681 [main] INFO  handler.ContextHandler (ContextHandler.java:doStart(781)) - Started o.e.j.w.WebAppContext@3009eed7{/,file:///workdir/hadoop-ozone/integration-test/target/test-classes/webapps/scm/,AVAILABLE}{/scm}
2019-09-12 10:19:48,682 [main] INFO  server.AbstractConnector (AbstractConnector.java:doStart(278)) - Started ServerConnector@2ee4706d{HTTP/1.1,[http/1.1]}{0.0.0.0:39991}
2019-09-12 10:19:48,683 [main] INFO  server.Server (Server.java:doStart(419)) - Started @24309ms
2019-09-12 10:19:48,684 [main] INFO  server.BaseHttpServer (BaseHttpServer.java:updateConnectorAddress(213)) - HTTP server of SCM is listening at http://0.0.0.0:39991
2019-09-12 10:19:48,685 [main] WARN  server.ServerUtils (ServerUtils.java:getDBPath(222)) - ozone.om.db.dirs is not configured. We recommend adding this setting. Falling back to ozone.metadata.dirs instead.
2019-09-12 10:19:48,685 [org.apache.hadoop.util.JvmPauseMonitor$Monitor@64279ab] INFO  util.JvmPauseMonitor (JvmPauseMonitor.java:run(188)) - Starting JVM pause monitor
2019-09-12 10:19:48,699 [main] WARN  server.ServerUtils (ServerUtils.java:getDBPath(222)) - ozone.om.db.dirs is not configured. We recommend adding this setting. Falling back to ozone.metadata.dirs instead.
2019-09-12 10:19:48,700 [main] WARN  server.ServerUtils (ServerUtils.java:getDBPath(222)) - ozone.om.db.dirs is not configured. We recommend adding this setting. Falling back to ozone.metadata.dirs instead.
2019-09-12 10:19:48,700 [main] INFO  om.OzoneManager (OzoneManager.java:setOMNodeDetails(645)) - OM Service ID is not set. Setting it to the default ID: omServiceIdDefault
2019-09-12 10:19:48,701 [main] INFO  om.OzoneManager (OzoneManager.java:setOMNodeDetails(651)) - OM Node ID is not set. Setting it to the OmStorage's OmID: e4de99dc-10e3-4a47-9c72-95440f2928dd
2019-09-12 10:19:48,701 [main] INFO  om.OzoneManager (OzoneManager.java:loadOMHAConfigs(602)) - Found matching OM address with OMServiceId: null, OMNodeId: null, RPC Address: localhost:0 and Ratis port: 9872
2019-09-12 10:19:48,709 | INFO  | SCMAudit | user=jenkins1000 | ip=192.168.157.195 | op=GET_SCM_INFO null | ret=SUCCESS |  
2019-09-12 10:19:48,712 [main] WARN  server.ServerUtils (ServerUtils.java:getDBPath(222)) - ozone.om.db.dirs is not configured. We recommend adding this setting. Falling back to ozone.metadata.dirs instead.
2019-09-12 10:19:48,712 [main] INFO  db.DBStoreBuilder (DBStoreBuilder.java:addTable(110)) - using custom profile for table: userTable
2019-09-12 10:19:48,713 [main] INFO  db.DBStoreBuilder (DBStoreBuilder.java:processTables(161)) - Using default column profile:DBProfile.DISK for Table:userTable
2019-09-12 10:19:48,713 [main] INFO  db.DBStoreBuilder (DBStoreBuilder.java:addTable(110)) - using custom profile for table: volumeTable
2019-09-12 10:19:48,713 [main] INFO  db.DBStoreBuilder (DBStoreBuilder.java:processTables(161)) - Using default column profile:DBProfile.DISK for Table:volumeTable
2019-09-12 10:19:48,714 [main] INFO  db.DBStoreBuilder (DBStoreBuilder.java:addTable(110)) - using custom profile for table: bucketTable
2019-09-12 10:19:48,714 [main] INFO  db.DBStoreBuilder (DBStoreBuilder.java:processTables(161)) - Using default column profile:DBProfile.DISK for Table:bucketTable
2019-09-12 10:19:48,714 [main] INFO  db.DBStoreBuilder (DBStoreBuilder.java:addTable(110)) - using custom profile for table: keyTable
2019-09-12 10:19:48,714 [main] INFO  db.DBStoreBuilder (DBStoreBuilder.java:processTables(161)) - Using default column profile:DBProfile.DISK for Table:keyTable
2019-09-12 10:19:48,715 [main] INFO  db.DBStoreBuilder (DBStoreBuilder.java:addTable(110)) - using custom profile for table: deletedTable
2019-09-12 10:19:48,715 [main] INFO  db.DBStoreBuilder (DBStoreBuilder.java:processTables(161)) - Using default column profile:DBProfile.DISK for Table:deletedTable
2019-09-12 10:19:48,715 [main] INFO  db.DBStoreBuilder (DBStoreBuilder.java:addTable(110)) - using custom profile for table: openKeyTable
2019-09-12 10:19:48,715 [main] INFO  db.DBStoreBuilder (DBStoreBuilder.java:processTables(161)) - Using default column profile:DBProfile.DISK for Table:openKeyTable
2019-09-12 10:19:48,716 [main] INFO  db.DBStoreBuilder (DBStoreBuilder.java:addTable(110)) - using custom profile for table: s3Table
2019-09-12 10:19:48,716 [main] INFO  db.DBStoreBuilder (DBStoreBuilder.java:processTables(161)) - Using default column profile:DBProfile.DISK for Table:s3Table
2019-09-12 10:19:48,716 [main] INFO  db.DBStoreBuilder (DBStoreBuilder.java:addTable(110)) - using custom profile for table: multipartInfoTable
2019-09-12 10:19:48,717 [main] INFO  db.DBStoreBuilder (DBStoreBuilder.java:processTables(161)) - Using default column profile:DBProfile.DISK for Table:multipartInfoTable
2019-09-12 10:19:48,717 [main] INFO  db.DBStoreBuilder (DBStoreBuilder.java:addTable(110)) - using custom profile for table: dTokenTable
2019-09-12 10:19:48,717 [main] INFO  db.DBStoreBuilder (DBStoreBuilder.java:processTables(161)) - Using default column profile:DBProfile.DISK for Table:dTokenTable
2019-09-12 10:19:48,718 [main] INFO  db.DBStoreBuilder (DBStoreBuilder.java:addTable(110)) - using custom profile for table: s3SecretTable
2019-09-12 10:19:48,718 [main] INFO  db.DBStoreBuilder (DBStoreBuilder.java:processTables(161)) - Using default column profile:DBProfile.DISK for Table:s3SecretTable
2019-09-12 10:19:48,718 [main] INFO  db.DBStoreBuilder (DBStoreBuilder.java:addTable(110)) - using custom profile for table: prefixTable
2019-09-12 10:19:48,718 [main] INFO  db.DBStoreBuilder (DBStoreBuilder.java:processTables(161)) - Using default column profile:DBProfile.DISK for Table:prefixTable
2019-09-12 10:19:48,719 [main] INFO  db.DBStoreBuilder (DBStoreBuilder.java:addTable(110)) - using custom profile for table: default
2019-09-12 10:19:48,719 [main] INFO  db.DBStoreBuilder (DBStoreBuilder.java:processTables(167)) - Using default column profile:DBProfile.DISK for Table:default
2019-09-12 10:19:48,719 [main] INFO  db.DBStoreBuilder (DBStoreBuilder.java:getDbProfile(198)) - Using default options. DBProfile.DISK
2019-09-12 10:19:49,285 [main] INFO  ipc.CallQueueManager (CallQueueManager.java:<init>(84)) - Using callQueue: class java.util.concurrent.LinkedBlockingQueue, queueCapacity: 2000, scheduler: class org.apache.hadoop.ipc.DefaultRpcScheduler, ipcBackoff: false.
2019-09-12 10:19:49,286 [Socket Reader #1 for port 45821] INFO  ipc.Server (Server.java:run(1074)) - Starting Socket Reader #1 for port 45821
2019-09-12 10:19:49,301 [main] INFO  om.OzoneManager (OzoneManager.java:start(1256)) - OzoneManager RPC server is listening at localhost/127.0.0.1:45821
2019-09-12 10:19:49,302 [main] INFO  impl.MetricsSystemImpl (MetricsSystemImpl.java:init(158)) - OzoneManager metrics system started (again)
2019-09-12 10:19:49,303 [IPC Server Responder] INFO  ipc.Server (Server.java:run(1314)) - IPC Server Responder: starting
2019-09-12 10:19:49,303 [IPC Server listener on 45821] INFO  ipc.Server (Server.java:run(1153)) - IPC Server listener on 45821: starting
2019-09-12 10:19:49,309 [main] INFO  hdfs.DFSUtil (DFSUtil.java:httpServerTemplateForNNAndJN(1641)) - Starting Web-server for ozoneManager at: http://0.0.0.0:0
2019-09-12 10:19:49,311 [main] INFO  server.AuthenticationFilter (AuthenticationFilter.java:constructSecretProvider(240)) - Unable to initialize FileSignerSecretProvider, falling back to use random secrets.
2019-09-12 10:19:49,312 [main] WARN  http.HttpRequestLog (HttpRequestLog.java:getRequestLog(97)) - Jetty request log can only be enabled using Log4j
2019-09-12 10:19:49,315 [main] INFO  http.HttpServer2 (HttpServer2.java:addGlobalFilter(975)) - Added global filter 'safety' (class=org.apache.hadoop.http.HttpServer2$QuotingInputFilter)
2019-09-12 10:19:49,316 [main] INFO  http.HttpServer2 (HttpServer2.java:addFilter(948)) - Added filter static_user_filter (class=org.apache.hadoop.http.lib.StaticUserWebFilter$StaticUserFilter) to context ozoneManager
2019-09-12 10:19:49,316 [main] INFO  http.HttpServer2 (HttpServer2.java:addFilter(958)) - Added filter static_user_filter (class=org.apache.hadoop.http.lib.StaticUserWebFilter$StaticUserFilter) to context logs
2019-09-12 10:19:49,316 [main] INFO  http.HttpServer2 (HttpServer2.java:addFilter(958)) - Added filter static_user_filter (class=org.apache.hadoop.http.lib.StaticUserWebFilter$StaticUserFilter) to context static
2019-09-12 10:19:49,317 [main] INFO  http.HttpServer2 (HttpServer2.java:bindListener(1191)) - Jetty bound to port 46121
2019-09-12 10:19:49,318 [main] INFO  server.Server (Server.java:doStart(351)) - jetty-9.3.24.v20180605, build timestamp: 2018-06-05T17:11:56Z, git hash: 84205aa28f11a4f31f2a3b86d1bba2cc8ab69827
2019-09-12 10:19:49,321 [main] INFO  handler.ContextHandler (ContextHandler.java:doStart(781)) - Started o.e.j.s.ServletContextHandler@49c1e294{/logs,file:///workdir/hadoop-ozone/integration-test/target/log,AVAILABLE}
2019-09-12 10:19:49,322 [main] INFO  handler.ContextHandler (ContextHandler.java:doStart(781)) - Started o.e.j.s.ServletContextHandler@50e5032c{/static,file:///workdir/hadoop-ozone/integration-test/target/test-classes/webapps/static,AVAILABLE}
2019-09-12 10:19:49,328 [main] INFO  handler.ContextHandler (ContextHandler.java:doStart(781)) - Started o.e.j.w.WebAppContext@5763a655{/,file:///workdir/hadoop-ozone/integration-test/target/test-classes/webapps/ozoneManager/,AVAILABLE}{/ozoneManager}
2019-09-12 10:19:49,330 [main] INFO  server.AbstractConnector (AbstractConnector.java:doStart(278)) - Started ServerConnector@40c8067{HTTP/1.1,[http/1.1]}{0.0.0.0:46121}
2019-09-12 10:19:49,330 [main] INFO  server.Server (Server.java:doStart(419)) - Started @24956ms
2019-09-12 10:19:49,331 [main] INFO  server.BaseHttpServer (BaseHttpServer.java:updateConnectorAddress(213)) - HTTP server of OZONEMANAGER is listening at http://0.0.0.0:46121
2019-09-12 10:19:49,343 [main] INFO  impl.MetricsSystemImpl (MetricsSystemImpl.java:init(158)) - HddsDatanode metrics system started (again)
2019-09-12 10:19:49,345 [main] INFO  ozone.HddsDatanodeService (HddsDatanodeService.java:start(184)) - HddsDatanodeService host:pr-hdds-1569-xtfnx-3545843844 ip:192.168.157.195
2019-09-12 10:19:49,353 [main] INFO  volume.HddsVolume (HddsVolume.java:<init>(176)) - Creating Volume: /workdir/hadoop-ozone/integration-test/target/test-dir/MiniOzoneClusterImpl-e8e4c60a-c823-4d54-ae81-00ccaa13a6c6/datanode-0/data/containers/hdds of  storage type : DISK and capacity : 1482555576320
2019-09-12 10:19:49,354 [main] INFO  volume.VolumeSet (VolumeSet.java:initializeVolumeSet(170)) - Added Volume : /workdir/hadoop-ozone/integration-test/target/test-dir/MiniOzoneClusterImpl-e8e4c60a-c823-4d54-ae81-00ccaa13a6c6/datanode-0/data/containers/hdds to VolumeSet
2019-09-12 10:19:49,354 [main] INFO  volume.ThrottledAsyncChecker (ThrottledAsyncChecker.java:schedule(140)) - Scheduling a check for org.apache.hadoop.ozone.container.common.volume.HddsVolume@21274afe
2019-09-12 10:19:49,355 [main] INFO  volume.HddsVolumeChecker (HddsVolumeChecker.java:checkAllVolumes(203)) - Scheduled health check for volume org.apache.hadoop.ozone.container.common.volume.HddsVolume@21274afe
2019-09-12 10:19:49,374 [main] INFO  impl.RaftServerProxy (ConfUtils.java:logGet(43)) - raft.rpc.type = GRPC (default)
2019-09-12 10:19:49,374 [main] INFO  grpc.GrpcFactory (GrpcFactory.java:checkPooledByteBufAllocatorUseCacheForAllThreads(45)) - PERFORMANCE WARNING: useCacheForAllThreads is true that may cause Netty to create a lot garbage objects and, as a result, trigger GC.
	It is recommended to disable useCacheForAllThreads by setting -Dorg.apache.ratis.thirdparty.io.netty.allocator.useCacheForAllThreads=false in command line.
2019-09-12 10:19:49,375 [main] INFO  grpc.GrpcConfigKeys$Server (ConfUtils.java:logGet(43)) - raft.grpc.server.port = 0 (default)
2019-09-12 10:19:49,375 [main] INFO  server.GrpcService (ConfUtils.java:logGet(43)) - raft.grpc.message.size.max = 33570816 (custom)
2019-09-12 10:19:49,375 [main] INFO  server.RaftServerConfigKeys (ConfUtils.java:logGet(43)) - raft.server.log.appender.buffer.byte-limit = 33554432 (custom)
2019-09-12 10:19:49,375 [main] INFO  server.GrpcService (ConfUtils.java:logGet(43)) - raft.grpc.flow.control.window = 1MB (=1048576) (default)
2019-09-12 10:19:49,376 [main] INFO  server.RaftServerConfigKeys (ConfUtils.java:logGet(43)) - raft.server.rpc.request.timeout = 3000ms (default)
2019-09-12 10:19:49,376 [main] INFO  server.RaftServerConfigKeys (ConfUtils.java:logGet(43)) - raft.server.storage.dir = [/workdir/hadoop-ozone/integration-test/target/test-dir/MiniOzoneClusterImpl-e8e4c60a-c823-4d54-ae81-00ccaa13a6c6/datanode-0/data/ratis] (custom)
2019-09-12 10:19:49,377 [main] INFO  replication.SimpleContainerDownloader (SimpleContainerDownloader.java:<init>(72)) - Starting container downloader service to copy containers to replicate.
2019-09-12 10:19:49,379 [main] INFO  hdfs.DFSUtil (DFSUtil.java:httpServerTemplateForNNAndJN(1641)) - Starting Web-server for hddsDatanode at: http://0.0.0.0:0
2019-09-12 10:19:49,380 [main] INFO  server.AuthenticationFilter (AuthenticationFilter.java:constructSecretProvider(240)) - Unable to initialize FileSignerSecretProvider, falling back to use random secrets.
2019-09-12 10:19:49,381 [main] WARN  http.HttpRequestLog (HttpRequestLog.java:getRequestLog(97)) - Jetty request log can only be enabled using Log4j
2019-09-12 10:19:49,383 [main] INFO  http.HttpServer2 (HttpServer2.java:addGlobalFilter(975)) - Added global filter 'safety' (class=org.apache.hadoop.http.HttpServer2$QuotingInputFilter)
2019-09-12 10:19:49,383 [main] INFO  http.HttpServer2 (HttpServer2.java:addFilter(948)) - Added filter static_user_filter (class=org.apache.hadoop.http.lib.StaticUserWebFilter$StaticUserFilter) to context hddsDatanode
2019-09-12 10:19:49,384 [main] INFO  http.HttpServer2 (HttpServer2.java:addFilter(958)) - Added filter static_user_filter (class=org.apache.hadoop.http.lib.StaticUserWebFilter$StaticUserFilter) to context static
2019-09-12 10:19:49,384 [main] INFO  http.HttpServer2 (HttpServer2.java:addFilter(958)) - Added filter static_user_filter (class=org.apache.hadoop.http.lib.StaticUserWebFilter$StaticUserFilter) to context logs
2019-09-12 10:19:49,385 [main] INFO  http.HttpServer2 (HttpServer2.java:bindListener(1191)) - Jetty bound to port 45172
2019-09-12 10:19:49,385 [main] INFO  server.Server (Server.java:doStart(351)) - jetty-9.3.24.v20180605, build timestamp: 2018-06-05T17:11:56Z, git hash: 84205aa28f11a4f31f2a3b86d1bba2cc8ab69827
2019-09-12 10:19:49,387 [main] INFO  handler.ContextHandler (ContextHandler.java:doStart(781)) - Started o.e.j.s.ServletContextHandler@336f49a1{/logs,file:///workdir/hadoop-ozone/integration-test/target/log,AVAILABLE}
2019-09-12 10:19:49,388 [main] INFO  handler.ContextHandler (ContextHandler.java:doStart(781)) - Started o.e.j.s.ServletContextHandler@4fb57fb3{/static,jar:file:/home/user/.m2/repository/org/apache/hadoop/hadoop-hdds-container-service/0.5.0-SNAPSHOT/hadoop-hdds-container-service-0.5.0-SNAPSHOT.jar!/webapps/static,AVAILABLE}
2019-09-12 10:19:49,425 [main] INFO  handler.ContextHandler (ContextHandler.java:doStart(781)) - Started o.e.j.w.WebAppContext@13192275{/,file:///tmp/jetty-0.0.0.0-45172-hddsDatanode-_-any-7757712974571070287.dir/webapp/,AVAILABLE}{/hddsDatanode}
2019-09-12 10:19:49,426 [main] INFO  server.AbstractConnector (AbstractConnector.java:doStart(278)) - Started ServerConnector@79195c22{HTTP/1.1,[http/1.1]}{0.0.0.0:45172}
2019-09-12 10:19:49,427 [main] INFO  server.Server (Server.java:doStart(419)) - Started @25053ms
2019-09-12 10:19:49,428 [main] INFO  server.BaseHttpServer (BaseHttpServer.java:updateConnectorAddress(213)) - HTTP server of HDDSDATANODE is listening at http://0.0.0.0:45172
2019-09-12 10:19:49,561 | INFO  | ObjectStoreRestHttpServer | Listening HDDS REST traffic on /0.0.0.0:34227 |  
2019-09-12 10:19:49,561 [main] INFO  ozone.HddsDatanodeService (HddsDatanodeService.java:startPlugins(395)) - Started plug-in org.apache.hadoop.ozone.web.OzoneHddsDatanodeService@6c5ca0b6
2019-09-12 10:19:49,562 [main] INFO  impl.MetricsSystemImpl (MetricsSystemImpl.java:init(158)) - HddsDatanode metrics system started (again)
2019-09-12 10:19:49,564 [main] INFO  ozone.HddsDatanodeService (HddsDatanodeService.java:start(184)) - HddsDatanodeService host:pr-hdds-1569-xtfnx-3545843844 ip:192.168.157.195
2019-09-12 10:19:49,565 [org.apache.hadoop.util.JvmPauseMonitor$Monitor@5b1b3185] INFO  util.JvmPauseMonitor (JvmPauseMonitor.java:run(188)) - Starting JVM pause monitor
2019-09-12 10:19:49,567 [Datanode State Machine Thread - 0] INFO  datanode.InitDatanodeState (InitDatanodeState.java:persistContainerDatanodeDetails(140)) - DatanodeDetails is persisted to /workdir/hadoop-ozone/integration-test/target/test-dir/MiniOzoneClusterImpl-e8e4c60a-c823-4d54-ae81-00ccaa13a6c6/datanode-0/meta/datanode.id
2019-09-12 10:19:49,573 [main] INFO  volume.HddsVolume (HddsVolume.java:<init>(176)) - Creating Volume: /workdir/hadoop-ozone/integration-test/target/test-dir/MiniOzoneClusterImpl-e8e4c60a-c823-4d54-ae81-00ccaa13a6c6/datanode-1/data/containers/hdds of  storage type : DISK and capacity : 1482555576320
2019-09-12 10:19:49,574 [main] INFO  volume.VolumeSet (VolumeSet.java:initializeVolumeSet(170)) - Added Volume : /workdir/hadoop-ozone/integration-test/target/test-dir/MiniOzoneClusterImpl-e8e4c60a-c823-4d54-ae81-00ccaa13a6c6/datanode-1/data/containers/hdds to VolumeSet
2019-09-12 10:19:49,574 [main] INFO  volume.ThrottledAsyncChecker (ThrottledAsyncChecker.java:schedule(140)) - Scheduling a check for org.apache.hadoop.ozone.container.common.volume.HddsVolume@4e17442f
2019-09-12 10:19:49,575 [main] INFO  volume.HddsVolumeChecker (HddsVolumeChecker.java:checkAllVolumes(203)) - Scheduled health check for volume org.apache.hadoop.ozone.container.common.volume.HddsVolume@4e17442f
2019-09-12 10:19:49,595 [main] INFO  impl.RaftServerProxy (ConfUtils.java:logGet(43)) - raft.rpc.type = GRPC (default)
2019-09-12 10:19:49,595 [main] INFO  grpc.GrpcFactory (GrpcFactory.java:checkPooledByteBufAllocatorUseCacheForAllThreads(45)) - PERFORMANCE WARNING: useCacheForAllThreads is true that may cause Netty to create a lot garbage objects and, as a result, trigger GC.
	It is recommended to disable useCacheForAllThreads by setting -Dorg.apache.ratis.thirdparty.io.netty.allocator.useCacheForAllThreads=false in command line.
2019-09-12 10:19:49,596 [main] INFO  grpc.GrpcConfigKeys$Server (ConfUtils.java:logGet(43)) - raft.grpc.server.port = 0 (default)
2019-09-12 10:19:49,596 [main] INFO  server.GrpcService (ConfUtils.java:logGet(43)) - raft.grpc.message.size.max = 33570816 (custom)
2019-09-12 10:19:49,596 [main] INFO  server.RaftServerConfigKeys (ConfUtils.java:logGet(43)) - raft.server.log.appender.buffer.byte-limit = 33554432 (custom)
2019-09-12 10:19:49,597 [main] INFO  server.GrpcService (ConfUtils.java:logGet(43)) - raft.grpc.flow.control.window = 1MB (=1048576) (default)
2019-09-12 10:19:49,597 [main] INFO  server.RaftServerConfigKeys (ConfUtils.java:logGet(43)) - raft.server.rpc.request.timeout = 3000ms (default)
2019-09-12 10:19:49,598 [main] INFO  server.RaftServerConfigKeys (ConfUtils.java:logGet(43)) - raft.server.storage.dir = [/workdir/hadoop-ozone/integration-test/target/test-dir/MiniOzoneClusterImpl-e8e4c60a-c823-4d54-ae81-00ccaa13a6c6/datanode-1/data/ratis] (custom)
2019-09-12 10:19:49,598 [main] INFO  replication.SimpleContainerDownloader (SimpleContainerDownloader.java:<init>(72)) - Starting container downloader service to copy containers to replicate.
2019-09-12 10:19:49,600 [main] INFO  hdfs.DFSUtil (DFSUtil.java:httpServerTemplateForNNAndJN(1641)) - Starting Web-server for hddsDatanode at: http://0.0.0.0:0
2019-09-12 10:19:49,601 [main] INFO  server.AuthenticationFilter (AuthenticationFilter.java:constructSecretProvider(240)) - Unable to initialize FileSignerSecretProvider, falling back to use random secrets.
2019-09-12 10:19:49,602 [main] WARN  http.HttpRequestLog (HttpRequestLog.java:getRequestLog(97)) - Jetty request log can only be enabled using Log4j
2019-09-12 10:19:49,603 [main] INFO  http.HttpServer2 (HttpServer2.java:addGlobalFilter(975)) - Added global filter 'safety' (class=org.apache.hadoop.http.HttpServer2$QuotingInputFilter)
2019-09-12 10:19:49,603 [main] INFO  http.HttpServer2 (HttpServer2.java:addFilter(948)) - Added filter static_user_filter (class=org.apache.hadoop.http.lib.StaticUserWebFilter$StaticUserFilter) to context hddsDatanode
2019-09-12 10:19:49,603 [main] INFO  http.HttpServer2 (HttpServer2.java:addFilter(958)) - Added filter static_user_filter (class=org.apache.hadoop.http.lib.StaticUserWebFilter$StaticUserFilter) to context logs
2019-09-12 10:19:49,604 [main] INFO  http.HttpServer2 (HttpServer2.java:addFilter(958)) - Added filter static_user_filter (class=org.apache.hadoop.http.lib.StaticUserWebFilter$StaticUserFilter) to context static
2019-09-12 10:19:49,604 [main] INFO  http.HttpServer2 (HttpServer2.java:bindListener(1191)) - Jetty bound to port 41251
2019-09-12 10:19:49,604 [main] INFO  server.Server (Server.java:doStart(351)) - jetty-9.3.24.v20180605, build timestamp: 2018-06-05T17:11:56Z, git hash: 84205aa28f11a4f31f2a3b86d1bba2cc8ab69827
2019-09-12 10:19:49,606 [main] INFO  handler.ContextHandler (ContextHandler.java:doStart(781)) - Started o.e.j.s.ServletContextHandler@a056b26{/logs,file:///workdir/hadoop-ozone/integration-test/target/log,AVAILABLE}
2019-09-12 10:19:49,607 [main] INFO  handler.ContextHandler (ContextHandler.java:doStart(781)) - Started o.e.j.s.ServletContextHandler@250967f1{/static,jar:file:/home/user/.m2/repository/org/apache/hadoop/hadoop-hdds-container-service/0.5.0-SNAPSHOT/hadoop-hdds-container-service-0.5.0-SNAPSHOT.jar!/webapps/static,AVAILABLE}
2019-09-12 10:19:49,635 [main] INFO  handler.ContextHandler (ContextHandler.java:doStart(781)) - Started o.e.j.w.WebAppContext@5514579e{/,file:///tmp/jetty-0.0.0.0-41251-hddsDatanode-_-any-602552026228534564.dir/webapp/,AVAILABLE}{/hddsDatanode}
2019-09-12 10:19:49,635 [main] INFO  server.AbstractConnector (AbstractConnector.java:doStart(278)) - Started ServerConnector@58c42c8c{HTTP/1.1,[http/1.1]}{0.0.0.0:41251}
2019-09-12 10:19:49,636 [main] INFO  server.Server (Server.java:doStart(419)) - Started @25262ms
2019-09-12 10:19:49,637 [main] INFO  server.BaseHttpServer (BaseHttpServer.java:updateConnectorAddress(213)) - HTTP server of HDDSDATANODE is listening at http://0.0.0.0:41251
2019-09-12 10:19:49,765 | INFO  | ObjectStoreRestHttpServer | Listening HDDS REST traffic on /0.0.0.0:35534 |  
2019-09-12 10:19:49,765 [main] INFO  ozone.HddsDatanodeService (HddsDatanodeService.java:startPlugins(395)) - Started plug-in org.apache.hadoop.ozone.web.OzoneHddsDatanodeService@638afcaa
2019-09-12 10:19:49,766 [main] INFO  impl.MetricsSystemImpl (MetricsSystemImpl.java:init(158)) - HddsDatanode metrics system started (again)
2019-09-12 10:19:49,769 [org.apache.hadoop.util.JvmPauseMonitor$Monitor@b9e7668] INFO  util.JvmPauseMonitor (JvmPauseMonitor.java:run(188)) - Starting JVM pause monitor
2019-09-12 10:19:49,769 [main] INFO  ozone.HddsDatanodeService (HddsDatanodeService.java:start(184)) - HddsDatanodeService host:pr-hdds-1569-xtfnx-3545843844 ip:192.168.157.195
2019-09-12 10:19:49,772 [Datanode State Machine Thread - 0] INFO  datanode.InitDatanodeState (InitDatanodeState.java:persistContainerDatanodeDetails(140)) - DatanodeDetails is persisted to /workdir/hadoop-ozone/integration-test/target/test-dir/MiniOzoneClusterImpl-e8e4c60a-c823-4d54-ae81-00ccaa13a6c6/datanode-1/meta/datanode.id
2019-09-12 10:19:49,778 [main] INFO  volume.HddsVolume (HddsVolume.java:<init>(176)) - Creating Volume: /workdir/hadoop-ozone/integration-test/target/test-dir/MiniOzoneClusterImpl-e8e4c60a-c823-4d54-ae81-00ccaa13a6c6/datanode-2/data/containers/hdds of  storage type : DISK and capacity : 1482555576320
2019-09-12 10:19:49,778 [main] INFO  volume.VolumeSet (VolumeSet.java:initializeVolumeSet(170)) - Added Volume : /workdir/hadoop-ozone/integration-test/target/test-dir/MiniOzoneClusterImpl-e8e4c60a-c823-4d54-ae81-00ccaa13a6c6/datanode-2/data/containers/hdds to VolumeSet
2019-09-12 10:19:49,778 [main] INFO  volume.ThrottledAsyncChecker (ThrottledAsyncChecker.java:schedule(140)) - Scheduling a check for org.apache.hadoop.ozone.container.common.volume.HddsVolume@59f45950
2019-09-12 10:19:49,779 [main] INFO  volume.HddsVolumeChecker (HddsVolumeChecker.java:checkAllVolumes(203)) - Scheduled health check for volume org.apache.hadoop.ozone.container.common.volume.HddsVolume@59f45950
2019-09-12 10:19:49,791 [main] INFO  impl.RaftServerProxy (ConfUtils.java:logGet(43)) - raft.rpc.type = GRPC (default)
2019-09-12 10:19:49,791 [main] INFO  grpc.GrpcFactory (GrpcFactory.java:checkPooledByteBufAllocatorUseCacheForAllThreads(45)) - PERFORMANCE WARNING: useCacheForAllThreads is true that may cause Netty to create a lot garbage objects and, as a result, trigger GC.
	It is recommended to disable useCacheForAllThreads by setting -Dorg.apache.ratis.thirdparty.io.netty.allocator.useCacheForAllThreads=false in command line.
2019-09-12 10:19:49,791 [main] INFO  grpc.GrpcConfigKeys$Server (ConfUtils.java:logGet(43)) - raft.grpc.server.port = 0 (default)
2019-09-12 10:19:49,791 [main] INFO  server.GrpcService (ConfUtils.java:logGet(43)) - raft.grpc.message.size.max = 33570816 (custom)
2019-09-12 10:19:49,792 [main] INFO  server.RaftServerConfigKeys (ConfUtils.java:logGet(43)) - raft.server.log.appender.buffer.byte-limit = 33554432 (custom)
2019-09-12 10:19:49,792 [main] INFO  server.GrpcService (ConfUtils.java:logGet(43)) - raft.grpc.flow.control.window = 1MB (=1048576) (default)
2019-09-12 10:19:49,792 [main] INFO  server.RaftServerConfigKeys (ConfUtils.java:logGet(43)) - raft.server.rpc.request.timeout = 3000ms (default)
2019-09-12 10:19:49,792 [main] INFO  server.RaftServerConfigKeys (ConfUtils.java:logGet(43)) - raft.server.storage.dir = [/workdir/hadoop-ozone/integration-test/target/test-dir/MiniOzoneClusterImpl-e8e4c60a-c823-4d54-ae81-00ccaa13a6c6/datanode-2/data/ratis] (custom)
2019-09-12 10:19:49,793 [main] INFO  replication.SimpleContainerDownloader (SimpleContainerDownloader.java:<init>(72)) - Starting container downloader service to copy containers to replicate.
2019-09-12 10:19:49,794 [main] INFO  hdfs.DFSUtil (DFSUtil.java:httpServerTemplateForNNAndJN(1641)) - Starting Web-server for hddsDatanode at: http://0.0.0.0:0
2019-09-12 10:19:49,795 [main] INFO  server.AuthenticationFilter (AuthenticationFilter.java:constructSecretProvider(240)) - Unable to initialize FileSignerSecretProvider, falling back to use random secrets.
2019-09-12 10:19:49,796 [main] WARN  http.HttpRequestLog (HttpRequestLog.java:getRequestLog(97)) - Jetty request log can only be enabled using Log4j
2019-09-12 10:19:49,797 [main] INFO  http.HttpServer2 (HttpServer2.java:addGlobalFilter(975)) - Added global filter 'safety' (class=org.apache.hadoop.http.HttpServer2$QuotingInputFilter)
2019-09-12 10:19:49,797 [main] INFO  http.HttpServer2 (HttpServer2.java:addFilter(948)) - Added filter static_user_filter (class=org.apache.hadoop.http.lib.StaticUserWebFilter$StaticUserFilter) to context hddsDatanode
2019-09-12 10:19:49,798 [main] INFO  http.HttpServer2 (HttpServer2.java:addFilter(958)) - Added filter static_user_filter (class=org.apache.hadoop.http.lib.StaticUserWebFilter$StaticUserFilter) to context static
2019-09-12 10:19:49,798 [main] INFO  http.HttpServer2 (HttpServer2.java:addFilter(958)) - Added filter static_user_filter (class=org.apache.hadoop.http.lib.StaticUserWebFilter$StaticUserFilter) to context logs
2019-09-12 10:19:49,798 [main] INFO  http.HttpServer2 (HttpServer2.java:bindListener(1191)) - Jetty bound to port 43653
2019-09-12 10:19:49,799 [main] INFO  server.Server (Server.java:doStart(351)) - jetty-9.3.24.v20180605, build timestamp: 2018-06-05T17:11:56Z, git hash: 84205aa28f11a4f31f2a3b86d1bba2cc8ab69827
2019-09-12 10:19:49,800 [main] INFO  handler.ContextHandler (ContextHandler.java:doStart(781)) - Started o.e.j.s.ServletContextHandler@91a2543{/logs,file:///workdir/hadoop-ozone/integration-test/target/log,AVAILABLE}
2019-09-12 10:19:49,801 [main] INFO  handler.ContextHandler (ContextHandler.java:doStart(781)) - Started o.e.j.s.ServletContextHandler@18c7f6b5{/static,jar:file:/home/user/.m2/repository/org/apache/hadoop/hadoop-hdds-container-service/0.5.0-SNAPSHOT/hadoop-hdds-container-service-0.5.0-SNAPSHOT.jar!/webapps/static,AVAILABLE}
2019-09-12 10:19:49,828 [main] INFO  handler.ContextHandler (ContextHandler.java:doStart(781)) - Started o.e.j.w.WebAppContext@13aed42b{/,file:///tmp/jetty-0.0.0.0-43653-hddsDatanode-_-any-1965680442111724259.dir/webapp/,AVAILABLE}{/hddsDatanode}
2019-09-12 10:19:49,828 [main] INFO  server.AbstractConnector (AbstractConnector.java:doStart(278)) - Started ServerConnector@698d6d30{HTTP/1.1,[http/1.1]}{0.0.0.0:43653}
2019-09-12 10:19:49,830 [main] INFO  server.Server (Server.java:doStart(419)) - Started @25456ms
2019-09-12 10:19:49,830 [main] INFO  server.BaseHttpServer (BaseHttpServer.java:updateConnectorAddress(213)) - HTTP server of HDDSDATANODE is listening at http://0.0.0.0:43653
2019-09-12 10:19:49,966 | INFO  | ObjectStoreRestHttpServer | Listening HDDS REST traffic on /0.0.0.0:37769 |  
2019-09-12 10:19:49,966 [main] INFO  ozone.HddsDatanodeService (HddsDatanodeService.java:startPlugins(395)) - Started plug-in org.apache.hadoop.ozone.web.OzoneHddsDatanodeService@5da57a64
2019-09-12 10:19:49,966 [main] INFO  ozone.MiniOzoneClusterImpl (MiniOzoneClusterImpl.java:lambda$waitForClusterToBeReady$0(142)) - Waiting for cluster to be ready. Got 0 of 3 DN Heartbeats.
2019-09-12 10:19:49,968 [org.apache.hadoop.util.JvmPauseMonitor$Monitor@1c758604] INFO  util.JvmPauseMonitor (JvmPauseMonitor.java:run(188)) - Starting JVM pause monitor
2019-09-12 10:19:49,970 [Datanode State Machine Thread - 0] INFO  datanode.InitDatanodeState (InitDatanodeState.java:persistContainerDatanodeDetails(140)) - DatanodeDetails is persisted to /workdir/hadoop-ozone/integration-test/target/test-dir/MiniOzoneClusterImpl-e8e4c60a-c823-4d54-ae81-00ccaa13a6c6/datanode-2/meta/datanode.id
2019-09-12 10:19:50,967 [main] INFO  ozone.MiniOzoneClusterImpl (MiniOzoneClusterImpl.java:lambda$waitForClusterToBeReady$0(142)) - Waiting for cluster to be ready. Got 0 of 3 DN Heartbeats.
2019-09-12 10:19:51,570 | INFO  | SCMAudit | user=jenkins1000 | ip=192.168.157.195 | op=GET_VERSION null | ret=SUCCESS |  
2019-09-12 10:19:51,587 [Datanode State Machine Thread - 0] INFO  ozoneimpl.OzoneContainer (OzoneContainer.java:start(186)) - Attempting to start container services.
2019-09-12 10:19:51,587 [Datanode State Machine Thread - 0] INFO  ozoneimpl.OzoneContainer (OzoneContainer.java:startContainerScrub(160)) - Background container scrubber has been disabled by hdds.containerscrub.enabled
2019-09-12 10:19:51,587 [Datanode State Machine Thread - 0] INFO  ratis.XceiverServerRatis (XceiverServerRatis.java:start(404)) - Starting XceiverServerRatis 5c516266-aae8-47ae-932c-38f5d02bdb1c at port 0
2019-09-12 10:19:51,597 [Datanode State Machine Thread - 0] INFO  impl.RaftServerProxy (RaftServerProxy.java:lambda$start$3(299)) - 5c516266-aae8-47ae-932c-38f5d02bdb1c: start RPC server
2019-09-12 10:19:51,600 [Datanode State Machine Thread - 0] INFO  server.GrpcService (GrpcService.java:startImpl(149)) - 5c516266-aae8-47ae-932c-38f5d02bdb1c: GrpcService started, listening on 0.0.0.0/0.0.0.0:37276
2019-09-12 10:19:51,600 [Datanode State Machine Thread - 0] INFO  ratis.XceiverServerRatis (XceiverServerRatis.java:start(414)) - XceiverServerRatis 5c516266-aae8-47ae-932c-38f5d02bdb1c is started using port 37276
2019-09-12 10:19:51,601 [Datanode State Machine Thread - 0] INFO  server.XceiverServerGrpc (XceiverServerGrpc.java:start(163)) - XceiverServerGrpc 5c516266-aae8-47ae-932c-38f5d02bdb1c is started using port 36795
2019-09-12 10:19:51,772 | INFO  | SCMAudit | user=jenkins1000 | ip=192.168.157.195 | op=GET_VERSION null | ret=SUCCESS |  
2019-09-12 10:19:51,786 [Datanode State Machine Thread - 0] INFO  ozoneimpl.OzoneContainer (OzoneContainer.java:start(186)) - Attempting to start container services.
2019-09-12 10:19:51,787 [Datanode State Machine Thread - 0] INFO  ozoneimpl.OzoneContainer (OzoneContainer.java:startContainerScrub(160)) - Background container scrubber has been disabled by hdds.containerscrub.enabled
2019-09-12 10:19:51,787 [Datanode State Machine Thread - 0] INFO  ratis.XceiverServerRatis (XceiverServerRatis.java:start(404)) - Starting XceiverServerRatis 9e5df1d6-607c-41f0-82d2-b3f98fd6c129 at port 0
2019-09-12 10:19:51,796 [Datanode State Machine Thread - 0] INFO  impl.RaftServerProxy (RaftServerProxy.java:lambda$start$3(299)) - 9e5df1d6-607c-41f0-82d2-b3f98fd6c129: start RPC server
2019-09-12 10:19:51,797 [Datanode State Machine Thread - 0] INFO  server.GrpcService (GrpcService.java:startImpl(149)) - 9e5df1d6-607c-41f0-82d2-b3f98fd6c129: GrpcService started, listening on 0.0.0.0/0.0.0.0:44268
2019-09-12 10:19:51,798 [Datanode State Machine Thread - 0] INFO  ratis.XceiverServerRatis (XceiverServerRatis.java:start(414)) - XceiverServerRatis 9e5df1d6-607c-41f0-82d2-b3f98fd6c129 is started using port 44268
2019-09-12 10:19:51,798 [Datanode State Machine Thread - 0] INFO  server.XceiverServerGrpc (XceiverServerGrpc.java:start(163)) - XceiverServerGrpc 9e5df1d6-607c-41f0-82d2-b3f98fd6c129 is started using port 44889
2019-09-12 10:19:51,968 [main] INFO  ozone.MiniOzoneClusterImpl (MiniOzoneClusterImpl.java:lambda$waitForClusterToBeReady$0(142)) - Waiting for cluster to be ready. Got 0 of 3 DN Heartbeats.
2019-09-12 10:19:51,971 | INFO  | SCMAudit | user=jenkins1000 | ip=192.168.157.195 | op=GET_VERSION null | ret=SUCCESS |  
2019-09-12 10:19:51,986 [Datanode State Machine Thread - 0] INFO  ozoneimpl.OzoneContainer (OzoneContainer.java:start(186)) - Attempting to start container services.
2019-09-12 10:19:51,988 [Datanode State Machine Thread - 0] INFO  ozoneimpl.OzoneContainer (OzoneContainer.java:startContainerScrub(160)) - Background container scrubber has been disabled by hdds.containerscrub.enabled
2019-09-12 10:19:51,988 [Datanode State Machine Thread - 0] INFO  ratis.XceiverServerRatis (XceiverServerRatis.java:start(404)) - Starting XceiverServerRatis 3d473be4-26b6-4ee1-a28c-e085f166cf84 at port 0
2019-09-12 10:19:51,997 [Datanode State Machine Thread - 0] INFO  impl.RaftServerProxy (RaftServerProxy.java:lambda$start$3(299)) - 3d473be4-26b6-4ee1-a28c-e085f166cf84: start RPC server
2019-09-12 10:19:51,998 [Datanode State Machine Thread - 0] INFO  server.GrpcService (GrpcService.java:startImpl(149)) - 3d473be4-26b6-4ee1-a28c-e085f166cf84: GrpcService started, listening on 0.0.0.0/0.0.0.0:43100
2019-09-12 10:19:51,998 [Datanode State Machine Thread - 0] INFO  ratis.XceiverServerRatis (XceiverServerRatis.java:start(414)) - XceiverServerRatis 3d473be4-26b6-4ee1-a28c-e085f166cf84 is started using port 43100
2019-09-12 10:19:51,999 [Datanode State Machine Thread - 0] INFO  server.XceiverServerGrpc (XceiverServerGrpc.java:start(163)) - XceiverServerGrpc 3d473be4-26b6-4ee1-a28c-e085f166cf84 is started using port 38832
2019-09-12 10:19:52,968 [main] INFO  ozone.MiniOzoneClusterImpl (MiniOzoneClusterImpl.java:lambda$waitForClusterToBeReady$0(142)) - Waiting for cluster to be ready. Got 0 of 3 DN Heartbeats.
2019-09-12 10:19:53,569 [IPC Server handler 2 on 43200] INFO  net.NetworkTopology (NetworkTopologyImpl.java:add(110)) - Added a new node: /default-rack/5c516266-aae8-47ae-932c-38f5d02bdb1c
2019-09-12 10:19:53,571 [IPC Server handler 2 on 43200] INFO  node.SCMNodeManager (SCMNodeManager.java:register(273)) - Registered Data node : 5c516266-aae8-47ae-932c-38f5d02bdb1c{ip: 192.168.157.195, host: pr-hdds-1569-xtfnx-3545843844, networkLocation: /default-rack, certSerialId: null}
2019-09-12 10:19:53,574 | INFO  | SCMAudit | user=jenkins1000 | ip=192.168.157.195 | op=REGISTER {datanodeDetails=5c516266-aae8-47ae-932c-38f5d02bdb1c{ip: 192.168.157.195, host: pr-hdds-1569-xtfnx-3545843844, networkLocation: /default-rack, certSerialId: null}} | ret=SUCCESS |  
2019-09-12 10:19:53,574 [EventQueue-NodeRegistrationContainerReportForDataNodeSafeModeRule] INFO  safemode.SCMSafeModeManager (DataNodeSafeModeRule.java:process(71)) - SCM in safe mode. 1 DataNodes registered, 1 required.
2019-09-12 10:19:53,576 [EventQueue-NodeRegistrationContainerReportForDataNodeSafeModeRule] INFO  safemode.SCMSafeModeManager (SCMSafeModeManager.java:validateSafeModeExitRules(177)) - ScmSafeModeManager, all rules are successfully validated
2019-09-12 10:19:53,576 [EventQueue-NodeRegistrationContainerReportForDataNodeSafeModeRule] INFO  safemode.SCMSafeModeManager (SCMSafeModeManager.java:exitSafeMode(193)) - SCM exiting safe mode.
2019-09-12 10:19:53,604 [grpc-default-executor-0] INFO  impl.RaftServerProxy (RaftServerProxy.java:addNew(89)) - 5c516266-aae8-47ae-932c-38f5d02bdb1c: addNew group-B6FE0F8FFBEA:[5c516266-aae8-47ae-932c-38f5d02bdb1c:192.168.157.195:37276] returns group-B6FE0F8FFBEA:java.util.concurrent.CompletableFuture@2c44c4b2[Not completed]
2019-09-12 10:19:53,609 [pool-80-thread-1] INFO  impl.RaftServerImpl (RaftServerImpl.java:<init>(93)) - 5c516266-aae8-47ae-932c-38f5d02bdb1c: new RaftServerImpl for group-B6FE0F8FFBEA:[5c516266-aae8-47ae-932c-38f5d02bdb1c:192.168.157.195:37276] with ContainerStateMachine:uninitialized
2019-09-12 10:19:53,610 [pool-80-thread-1] INFO  server.RaftServerConfigKeys (ConfUtils.java:logGet(43)) - raft.server.rpc.timeout.min = 5s (custom)
2019-09-12 10:19:53,610 [pool-80-thread-1] INFO  server.RaftServerConfigKeys (ConfUtils.java:logGet(43)) - raft.server.rpc.timeout.max = 5200ms (custom)
2019-09-12 10:19:53,610 [pool-80-thread-1] INFO  server.RaftServerConfigKeys (ConfUtils.java:logGet(43)) - raft.server.rpcslowness.timeout = 120s (custom)
2019-09-12 10:19:53,610 [pool-80-thread-1] INFO  server.RaftServerConfigKeys (ConfUtils.java:logGet(43)) - raft.server.sleep.deviation.threshold = 300 (default)
2019-09-12 10:19:53,611 [pool-80-thread-1] INFO  server.RaftServerConfigKeys (ConfUtils.java:logGet(43)) - raft.server.log.appender.install.snapshot.enabled = false (custom)
2019-09-12 10:19:53,611 [pool-80-thread-1] INFO  impl.RaftServerImpl (ServerState.java:<init>(105)) - 5c516266-aae8-47ae-932c-38f5d02bdb1c:group-B6FE0F8FFBEA ConfigurationManager, init=-1: [5c516266-aae8-47ae-932c-38f5d02bdb1c:192.168.157.195:37276], old=null, confs=<EMPTY_MAP>
2019-09-12 10:19:53,611 [pool-80-thread-1] INFO  server.RaftServerConfigKeys (ConfUtils.java:logGet(43)) - raft.server.storage.dir = [/workdir/hadoop-ozone/integration-test/target/test-dir/MiniOzoneClusterImpl-e8e4c60a-c823-4d54-ae81-00ccaa13a6c6/datanode-0/data/ratis] (custom)
2019-09-12 10:19:53,612 [pool-80-thread-1] INFO  storage.RaftStorageDirectory (RaftStorageDirectory.java:analyzeStorage(246)) - The storage directory /workdir/hadoop-ozone/integration-test/target/test-dir/MiniOzoneClusterImpl-e8e4c60a-c823-4d54-ae81-00ccaa13a6c6/datanode-0/data/ratis/05e0ab51-6427-409a-aa3a-b6fe0f8ffbea does not exist. Creating ...
2019-09-12 10:19:53,626 [pool-80-thread-1] INFO  storage.RaftStorageDirectory (RaftStorageDirectory.java:tryLock(328)) - Lock on /workdir/hadoop-ozone/integration-test/target/test-dir/MiniOzoneClusterImpl-e8e4c60a-c823-4d54-ae81-00ccaa13a6c6/datanode-0/data/ratis/05e0ab51-6427-409a-aa3a-b6fe0f8ffbea/in_use.lock acquired by nodename 9433@pr-hdds-1569-xtfnx-3545843844
2019-09-12 10:19:53,640 [pool-80-thread-1] INFO  storage.RaftStorage (RaftStorage.java:format(72)) - Storage directory /workdir/hadoop-ozone/integration-test/target/test-dir/MiniOzoneClusterImpl-e8e4c60a-c823-4d54-ae81-00ccaa13a6c6/datanode-0/data/ratis/05e0ab51-6427-409a-aa3a-b6fe0f8ffbea has been successfully formatted.
2019-09-12 10:19:53,640 [pool-80-thread-1] INFO  ratis.ContainerStateMachine (ContainerStateMachine.java:loadSnapshot(226)) - group-B6FE0F8FFBEA: The snapshot info is null. Setting the last applied indexto:(t:0, i:~)
2019-09-12 10:19:53,641 [pool-80-thread-1] INFO  server.RaftServerConfigKeys (ConfUtils.java:logGet(43)) - raft.server.leader.election.timeout = 120s (custom)
2019-09-12 10:19:53,641 [pool-80-thread-1] INFO  server.RaftServerConfigKeys (ConfUtils.java:logGet(43)) - raft.server.log.use.memory = false (default)
2019-09-12 10:19:53,641 [pool-80-thread-1] INFO  server.RaftServerConfigKeys (ConfUtils.java:logGet(43)) - raft.server.log.purge.gap = 1000000 (custom)
2019-09-12 10:19:53,641 [pool-80-thread-1] INFO  server.RaftServerConfigKeys (ConfUtils.java:logGet(43)) - raft.server.log.appender.buffer.byte-limit = 33554432 (custom)
2019-09-12 10:19:53,641 [pool-80-thread-1] INFO  server.RaftServerConfigKeys (ConfUtils.java:logGet(43)) - raft.server.log.segment.size.max = 1048576 (custom)
2019-09-12 10:19:53,642 [pool-80-thread-1] INFO  server.RaftServerConfigKeys (ConfUtils.java:logGet(43)) - raft.server.log.segment.cache.num.max = 2 (custom)
2019-09-12 10:19:53,642 [pool-80-thread-1] INFO  segmented.SegmentedRaftLogWorker (SegmentedRaftLogWorker.java:<init>(172)) - new 5c516266-aae8-47ae-932c-38f5d02bdb1c-SegmentedRaftLogWorker:Storage Directory /workdir/hadoop-ozone/integration-test/target/test-dir/MiniOzoneClusterImpl-e8e4c60a-c823-4d54-ae81-00ccaa13a6c6/datanode-0/data/ratis/05e0ab51-6427-409a-aa3a-b6fe0f8ffbea for RaftStorage:Storage Directory /workdir/hadoop-ozone/integration-test/target/test-dir/MiniOzoneClusterImpl-e8e4c60a-c823-4d54-ae81-00ccaa13a6c6/datanode-0/data/ratis/05e0ab51-6427-409a-aa3a-b6fe0f8ffbea
2019-09-12 10:19:53,642 [pool-80-thread-1] INFO  server.RaftServerConfigKeys (ConfUtils.java:logGet(43)) - raft.server.log.queue.byte-limit = 2147483647 (custom)
2019-09-12 10:19:53,643 [pool-80-thread-1] INFO  server.RaftServerConfigKeys (ConfUtils.java:logGet(43)) - raft.server.log.queue.element-limit = 1024 (custom)
2019-09-12 10:19:53,643 [pool-80-thread-1] INFO  server.RaftServerConfigKeys (ConfUtils.java:logGet(43)) - raft.server.log.segment.size.max = 1048576 (custom)
2019-09-12 10:19:53,643 [pool-80-thread-1] INFO  server.RaftServerConfigKeys (ConfUtils.java:logGet(43)) - raft.server.log.preallocated.size = 16384 (custom)
2019-09-12 10:19:53,644 [pool-80-thread-1] INFO  server.RaftServerConfigKeys (ConfUtils.java:logGet(43)) - raft.server.log.write.buffer.size = 33554432 (custom)
2019-09-12 10:19:53,644 [pool-80-thread-1] INFO  server.RaftServerConfigKeys (ConfUtils.java:logGet(43)) - raft.server.log.force.sync.num = 128 (default)
2019-09-12 10:19:53,644 [pool-80-thread-1] INFO  server.RaftServerConfigKeys (ConfUtils.java:logGet(43)) - raft.server.log.statemachine.data.sync = true (default)
2019-09-12 10:19:53,644 [pool-80-thread-1] INFO  server.RaftServerConfigKeys (ConfUtils.java:logGet(43)) - raft.server.log.statemachine.data.sync.timeout = 10s (default)
2019-09-12 10:19:53,644 [pool-80-thread-1] INFO  server.RaftServerConfigKeys (ConfUtils.java:logGet(43)) - raft.server.log.statemachine.data.sync.timeout.retry = -1 (default)
2019-09-12 10:19:53,645 [pool-80-thread-1] INFO  server.RaftServerConfigKeys (ConfUtils.java:logGet(43)) - raft.server.log.statemachine.data.caching.enabled = true (custom)
2019-09-12 10:19:53,645 [pool-80-thread-1] INFO  segmented.SegmentedRaftLogWorker (SegmentedRaftLogWorker.java:lambda$new$0(132)) - 5c516266-aae8-47ae-932c-38f5d02bdb1c-SegmentedRaftLogWorker:Storage Directory /workdir/hadoop-ozone/integration-test/target/test-dir/MiniOzoneClusterImpl-e8e4c60a-c823-4d54-ae81-00ccaa13a6c6/datanode-0/data/ratis/05e0ab51-6427-409a-aa3a-b6fe0f8ffbea: flushIndex: setUnconditionally 0 -> -1
2019-09-12 10:19:53,646 [pool-80-thread-1] INFO  server.RaftServerConfigKeys (ConfUtils.java:logGet(43)) - raft.server.snapshot.auto.trigger.enabled = true (custom)
2019-09-12 10:19:53,646 [pool-80-thread-1] INFO  server.RaftServerConfigKeys (ConfUtils.java:logGet(43)) - raft.server.snapshot.auto.trigger.threshold = 10000 (custom)
2019-09-12 10:19:53,646 [pool-80-thread-1] INFO  server.RaftServerConfigKeys (ConfUtils.java:logGet(43)) - raft.server.retrycache.expirytime = 600000ms (custom)
2019-09-12 10:19:53,647 [pool-80-thread-1] INFO  impl.RaftServerImpl (RaftServerImpl.java:start(180)) - 5c516266-aae8-47ae-932c-38f5d02bdb1c: start group-B6FE0F8FFBEA
2019-09-12 10:19:53,647 [pool-80-thread-1] INFO  impl.RaftServerImpl (RaftServerImpl.java:setRole(171)) - 5c516266-aae8-47ae-932c-38f5d02bdb1c:group-B6FE0F8FFBEA changes role from null to FOLLOWER at term 0 for startAsFollower
2019-09-12 10:19:53,647 [pool-80-thread-1] INFO  impl.RoleInfo (RoleInfo.java:updateAndGet(143)) - 5c516266-aae8-47ae-932c-38f5d02bdb1c: start FollowerState
2019-09-12 10:19:53,648 [pool-80-thread-1] INFO  util.JmxRegister (JmxRegister.java:tryRegister(44)) - Successfully registered JMX Bean with object name Ratis:service=RaftServer,group=group-B6FE0F8FFBEA,id=5c516266-aae8-47ae-932c-38f5d02bdb1c
2019-09-12 10:19:53,660 [RatisPipelineUtilsThread] INFO  pipeline.PipelineStateManager (PipelineStateManager.java:addPipeline(56)) - Created pipeline Pipeline[ Id: 05e0ab51-6427-409a-aa3a-b6fe0f8ffbea, Nodes: 5c516266-aae8-47ae-932c-38f5d02bdb1c{ip: 192.168.157.195, host: pr-hdds-1569-xtfnx-3545843844, networkLocation: /default-rack, certSerialId: null}, Type:RATIS, Factor:ONE, State:OPEN]
2019-09-12 10:19:53,685 [grpc-default-executor-0] INFO  impl.RaftServerProxy (RaftServerProxy.java:addNew(89)) - 5c516266-aae8-47ae-932c-38f5d02bdb1c: addNew group-FBE303EA94A7:[5c516266-aae8-47ae-932c-38f5d02bdb1c:192.168.157.195:37276] returns group-FBE303EA94A7:java.util.concurrent.CompletableFuture@1da24b26[Not completed]
2019-09-12 10:19:53,686 [pool-80-thread-1] INFO  impl.RaftServerImpl (RaftServerImpl.java:<init>(93)) - 5c516266-aae8-47ae-932c-38f5d02bdb1c: new RaftServerImpl for group-FBE303EA94A7:[5c516266-aae8-47ae-932c-38f5d02bdb1c:192.168.157.195:37276] with ContainerStateMachine:uninitialized
2019-09-12 10:19:53,687 [pool-80-thread-1] INFO  server.RaftServerConfigKeys (ConfUtils.java:logGet(43)) - raft.server.rpc.timeout.min = 5s (custom)
2019-09-12 10:19:53,687 [pool-80-thread-1] INFO  server.RaftServerConfigKeys (ConfUtils.java:logGet(43)) - raft.server.rpc.timeout.max = 5200ms (custom)
2019-09-12 10:19:53,687 [pool-80-thread-1] INFO  server.RaftServerConfigKeys (ConfUtils.java:logGet(43)) - raft.server.rpcslowness.timeout = 120s (custom)
2019-09-12 10:19:53,687 [pool-80-thread-1] INFO  server.RaftServerConfigKeys (ConfUtils.java:logGet(43)) - raft.server.sleep.deviation.threshold = 300 (default)
2019-09-12 10:19:53,687 [pool-80-thread-1] INFO  server.RaftServerConfigKeys (ConfUtils.java:logGet(43)) - raft.server.log.appender.install.snapshot.enabled = false (custom)
2019-09-12 10:19:53,688 [pool-80-thread-1] INFO  impl.RaftServerImpl (ServerState.java:<init>(105)) - 5c516266-aae8-47ae-932c-38f5d02bdb1c:group-FBE303EA94A7 ConfigurationManager, init=-1: [5c516266-aae8-47ae-932c-38f5d02bdb1c:192.168.157.195:37276], old=null, confs=<EMPTY_MAP>
2019-09-12 10:19:53,688 [pool-80-thread-1] INFO  server.RaftServerConfigKeys (ConfUtils.java:logGet(43)) - raft.server.storage.dir = [/workdir/hadoop-ozone/integration-test/target/test-dir/MiniOzoneClusterImpl-e8e4c60a-c823-4d54-ae81-00ccaa13a6c6/datanode-0/data/ratis] (custom)
2019-09-12 10:19:53,688 [pool-80-thread-1] INFO  storage.RaftStorageDirectory (RaftStorageDirectory.java:analyzeStorage(246)) - The storage directory /workdir/hadoop-ozone/integration-test/target/test-dir/MiniOzoneClusterImpl-e8e4c60a-c823-4d54-ae81-00ccaa13a6c6/datanode-0/data/ratis/5425ccc7-0c4f-4bdb-a57e-fbe303ea94a7 does not exist. Creating ...
2019-09-12 10:19:53,702 [pool-80-thread-1] INFO  storage.RaftStorageDirectory (RaftStorageDirectory.java:tryLock(328)) - Lock on /workdir/hadoop-ozone/integration-test/target/test-dir/MiniOzoneClusterImpl-e8e4c60a-c823-4d54-ae81-00ccaa13a6c6/datanode-0/data/ratis/5425ccc7-0c4f-4bdb-a57e-fbe303ea94a7/in_use.lock acquired by nodename 9433@pr-hdds-1569-xtfnx-3545843844
2019-09-12 10:19:53,714 [pool-80-thread-1] INFO  storage.RaftStorage (RaftStorage.java:format(72)) - Storage directory /workdir/hadoop-ozone/integration-test/target/test-dir/MiniOzoneClusterImpl-e8e4c60a-c823-4d54-ae81-00ccaa13a6c6/datanode-0/data/ratis/5425ccc7-0c4f-4bdb-a57e-fbe303ea94a7 has been successfully formatted.
2019-09-12 10:19:53,715 [pool-80-thread-1] INFO  ratis.ContainerStateMachine (ContainerStateMachine.java:loadSnapshot(226)) - group-FBE303EA94A7: The snapshot info is null. Setting the last applied indexto:(t:0, i:~)
2019-09-12 10:19:53,715 [pool-80-thread-1] INFO  server.RaftServerConfigKeys (ConfUtils.java:logGet(43)) - raft.server.leader.election.timeout = 120s (custom)
2019-09-12 10:19:53,715 [pool-80-thread-1] INFO  server.RaftServerConfigKeys (ConfUtils.java:logGet(43)) - raft.server.log.use.memory = false (default)
2019-09-12 10:19:53,715 [pool-80-thread-1] INFO  server.RaftServerConfigKeys (ConfUtils.java:logGet(43)) - raft.server.log.purge.gap = 1000000 (custom)
2019-09-12 10:19:53,715 [pool-80-thread-1] INFO  server.RaftServerConfigKeys (ConfUtils.java:logGet(43)) - raft.server.log.appender.buffer.byte-limit = 33554432 (custom)
2019-09-12 10:19:53,715 [pool-80-thread-1] INFO  server.RaftServerConfigKeys (ConfUtils.java:logGet(43)) - raft.server.log.segment.size.max = 1048576 (custom)
2019-09-12 10:19:53,715 [pool-80-thread-1] INFO  server.RaftServerConfigKeys (ConfUtils.java:logGet(43)) - raft.server.log.segment.cache.num.max = 2 (custom)
2019-09-12 10:19:53,716 [pool-80-thread-1] INFO  segmented.SegmentedRaftLogWorker (SegmentedRaftLogWorker.java:<init>(172)) - new 5c516266-aae8-47ae-932c-38f5d02bdb1c-SegmentedRaftLogWorker:Storage Directory /workdir/hadoop-ozone/integration-test/target/test-dir/MiniOzoneClusterImpl-e8e4c60a-c823-4d54-ae81-00ccaa13a6c6/datanode-0/data/ratis/5425ccc7-0c4f-4bdb-a57e-fbe303ea94a7 for RaftStorage:Storage Directory /workdir/hadoop-ozone/integration-test/target/test-dir/MiniOzoneClusterImpl-e8e4c60a-c823-4d54-ae81-00ccaa13a6c6/datanode-0/data/ratis/5425ccc7-0c4f-4bdb-a57e-fbe303ea94a7
2019-09-12 10:19:53,716 [pool-80-thread-1] INFO  server.RaftServerConfigKeys (ConfUtils.java:logGet(43)) - raft.server.log.queue.byte-limit = 2147483647 (custom)
2019-09-12 10:19:53,716 [pool-80-thread-1] INFO  server.RaftServerConfigKeys (ConfUtils.java:logGet(43)) - raft.server.log.queue.element-limit = 1024 (custom)
2019-09-12 10:19:53,716 [pool-80-thread-1] INFO  server.RaftServerConfigKeys (ConfUtils.java:logGet(43)) - raft.server.log.segment.size.max = 1048576 (custom)
2019-09-12 10:19:53,716 [pool-80-thread-1] INFO  server.RaftServerConfigKeys (ConfUtils.java:logGet(43)) - raft.server.log.preallocated.size = 16384 (custom)
2019-09-12 10:19:53,716 [pool-80-thread-1] INFO  server.RaftServerConfigKeys (ConfUtils.java:logGet(43)) - raft.server.log.write.buffer.size = 33554432 (custom)
2019-09-12 10:19:53,716 [pool-80-thread-1] INFO  server.RaftServerConfigKeys (ConfUtils.java:logGet(43)) - raft.server.log.force.sync.num = 128 (default)
2019-09-12 10:19:53,716 [pool-80-thread-1] INFO  server.RaftServerConfigKeys (ConfUtils.java:logGet(43)) - raft.server.log.statemachine.data.sync = true (default)
2019-09-12 10:19:53,717 [pool-80-thread-1] INFO  server.RaftServerConfigKeys (ConfUtils.java:logGet(43)) - raft.server.log.statemachine.data.sync.timeout = 10s (default)
2019-09-12 10:19:53,717 [pool-80-thread-1] INFO  server.RaftServerConfigKeys (ConfUtils.java:logGet(43)) - raft.server.log.statemachine.data.sync.timeout.retry = -1 (default)
2019-09-12 10:19:53,717 [pool-80-thread-1] INFO  server.RaftServerConfigKeys (ConfUtils.java:logGet(43)) - raft.server.log.statemachine.data.caching.enabled = true (custom)
2019-09-12 10:19:53,717 [pool-80-thread-1] INFO  segmented.SegmentedRaftLogWorker (SegmentedRaftLogWorker.java:lambda$new$0(132)) - 5c516266-aae8-47ae-932c-38f5d02bdb1c-SegmentedRaftLogWorker:Storage Directory /workdir/hadoop-ozone/integration-test/target/test-dir/MiniOzoneClusterImpl-e8e4c60a-c823-4d54-ae81-00ccaa13a6c6/datanode-0/data/ratis/5425ccc7-0c4f-4bdb-a57e-fbe303ea94a7: flushIndex: setUnconditionally 0 -> -1
2019-09-12 10:19:53,718 [pool-80-thread-1] INFO  server.RaftServerConfigKeys (ConfUtils.java:logGet(43)) - raft.server.snapshot.auto.trigger.enabled = true (custom)
2019-09-12 10:19:53,718 [pool-80-thread-1] INFO  server.RaftServerConfigKeys (ConfUtils.java:logGet(43)) - raft.server.snapshot.auto.trigger.threshold = 10000 (custom)
2019-09-12 10:19:53,718 [pool-80-thread-1] INFO  server.RaftServerConfigKeys (ConfUtils.java:logGet(43)) - raft.server.retrycache.expirytime = 600000ms (custom)
2019-09-12 10:19:53,718 [pool-80-thread-1] INFO  impl.RaftServerImpl (RaftServerImpl.java:start(180)) - 5c516266-aae8-47ae-932c-38f5d02bdb1c: start group-FBE303EA94A7
2019-09-12 10:19:53,718 [pool-80-thread-1] INFO  impl.RaftServerImpl (RaftServerImpl.java:setRole(171)) - 5c516266-aae8-47ae-932c-38f5d02bdb1c:group-FBE303EA94A7 changes role from null to FOLLOWER at term 0 for startAsFollower
2019-09-12 10:19:53,718 [pool-80-thread-1] INFO  impl.RoleInfo (RoleInfo.java:updateAndGet(143)) - 5c516266-aae8-47ae-932c-38f5d02bdb1c: start FollowerState
2019-09-12 10:19:53,724 [pool-80-thread-1] INFO  util.JmxRegister (JmxRegister.java:tryRegister(44)) - Successfully registered JMX Bean with object name Ratis:service=RaftServer,group=group-FBE303EA94A7,id=5c516266-aae8-47ae-932c-38f5d02bdb1c
2019-09-12 10:19:53,737 [RatisPipelineUtilsThread] INFO  pipeline.PipelineStateManager (PipelineStateManager.java:addPipeline(56)) - Created pipeline Pipeline[ Id: 5425ccc7-0c4f-4bdb-a57e-fbe303ea94a7, Nodes: 5c516266-aae8-47ae-932c-38f5d02bdb1c{ip: 192.168.157.195, host: pr-hdds-1569-xtfnx-3545843844, networkLocation: /default-rack, certSerialId: null}, Type:RATIS, Factor:ONE, State:OPEN]
2019-09-12 10:19:53,747 [grpc-default-executor-0] INFO  impl.RaftServerProxy (RaftServerProxy.java:addNew(89)) - 5c516266-aae8-47ae-932c-38f5d02bdb1c: addNew group-FFC0F9D16384:[5c516266-aae8-47ae-932c-38f5d02bdb1c:192.168.157.195:37276] returns group-FFC0F9D16384:java.util.concurrent.CompletableFuture@4c6b3bfd[Not completed]
2019-09-12 10:19:53,749 [pool-80-thread-1] INFO  impl.RaftServerImpl (RaftServerImpl.java:<init>(93)) - 5c516266-aae8-47ae-932c-38f5d02bdb1c: new RaftServerImpl for group-FFC0F9D16384:[5c516266-aae8-47ae-932c-38f5d02bdb1c:192.168.157.195:37276] with ContainerStateMachine:uninitialized
2019-09-12 10:19:53,749 [pool-80-thread-1] INFO  server.RaftServerConfigKeys (ConfUtils.java:logGet(43)) - raft.server.rpc.timeout.min = 5s (custom)
2019-09-12 10:19:53,749 [pool-80-thread-1] INFO  server.RaftServerConfigKeys (ConfUtils.java:logGet(43)) - raft.server.rpc.timeout.max = 5200ms (custom)
2019-09-12 10:19:53,749 [pool-80-thread-1] INFO  server.RaftServerConfigKeys (ConfUtils.java:logGet(43)) - raft.server.rpcslowness.timeout = 120s (custom)
2019-09-12 10:19:53,749 [pool-80-thread-1] INFO  server.RaftServerConfigKeys (ConfUtils.java:logGet(43)) - raft.server.sleep.deviation.threshold = 300 (default)
2019-09-12 10:19:53,749 [pool-80-thread-1] INFO  server.RaftServerConfigKeys (ConfUtils.java:logGet(43)) - raft.server.log.appender.install.snapshot.enabled = false (custom)
2019-09-12 10:19:53,750 [pool-80-thread-1] INFO  impl.RaftServerImpl (ServerState.java:<init>(105)) - 5c516266-aae8-47ae-932c-38f5d02bdb1c:group-FFC0F9D16384 ConfigurationManager, init=-1: [5c516266-aae8-47ae-932c-38f5d02bdb1c:192.168.157.195:37276], old=null, confs=<EMPTY_MAP>
2019-09-12 10:19:53,750 [pool-80-thread-1] INFO  server.RaftServerConfigKeys (ConfUtils.java:logGet(43)) - raft.server.storage.dir = [/workdir/hadoop-ozone/integration-test/target/test-dir/MiniOzoneClusterImpl-e8e4c60a-c823-4d54-ae81-00ccaa13a6c6/datanode-0/data/ratis] (custom)
2019-09-12 10:19:53,750 [pool-80-thread-1] INFO  storage.RaftStorageDirectory (RaftStorageDirectory.java:analyzeStorage(246)) - The storage directory /workdir/hadoop-ozone/integration-test/target/test-dir/MiniOzoneClusterImpl-e8e4c60a-c823-4d54-ae81-00ccaa13a6c6/datanode-0/data/ratis/fafa9bec-3c7c-40c7-b959-ffc0f9d16384 does not exist. Creating ...
2019-09-12 10:19:53,763 [pool-80-thread-1] INFO  storage.RaftStorageDirectory (RaftStorageDirectory.java:tryLock(328)) - Lock on /workdir/hadoop-ozone/integration-test/target/test-dir/MiniOzoneClusterImpl-e8e4c60a-c823-4d54-ae81-00ccaa13a6c6/datanode-0/data/ratis/fafa9bec-3c7c-40c7-b959-ffc0f9d16384/in_use.lock acquired by nodename 9433@pr-hdds-1569-xtfnx-3545843844
2019-09-12 10:19:53,776 [pool-80-thread-1] INFO  storage.RaftStorage (RaftStorage.java:format(72)) - Storage directory /workdir/hadoop-ozone/integration-test/target/test-dir/MiniOzoneClusterImpl-e8e4c60a-c823-4d54-ae81-00ccaa13a6c6/datanode-0/data/ratis/fafa9bec-3c7c-40c7-b959-ffc0f9d16384 has been successfully formatted.
2019-09-12 10:19:53,777 [pool-80-thread-1] INFO  ratis.ContainerStateMachine (ContainerStateMachine.java:loadSnapshot(226)) - group-FFC0F9D16384: The snapshot info is null. Setting the last applied indexto:(t:0, i:~)
2019-09-12 10:19:53,777 [pool-80-thread-1] INFO  server.RaftServerConfigKeys (ConfUtils.java:logGet(43)) - raft.server.leader.election.timeout = 120s (custom)
2019-09-12 10:19:53,777 [pool-80-thread-1] INFO  server.RaftServerConfigKeys (ConfUtils.java:logGet(43)) - raft.server.log.use.memory = false (default)
2019-09-12 10:19:53,777 [pool-80-thread-1] INFO  server.RaftServerConfigKeys (ConfUtils.java:logGet(43)) - raft.server.log.purge.gap = 1000000 (custom)
2019-09-12 10:19:53,777 [pool-80-thread-1] INFO  server.RaftServerConfigKeys (ConfUtils.java:logGet(43)) - raft.server.log.appender.buffer.byte-limit = 33554432 (custom)
2019-09-12 10:19:53,778 [IPC Server handler 1 on 43200] INFO  net.NetworkTopology (NetworkTopologyImpl.java:add(110)) - Added a new node: /default-rack/9e5df1d6-607c-41f0-82d2-b3f98fd6c129
2019-09-12 10:19:53,778 [pool-80-thread-1] INFO  server.RaftServerConfigKeys (ConfUtils.java:logGet(43)) - raft.server.log.segment.size.max = 1048576 (custom)
2019-09-12 10:19:53,778 [IPC Server handler 1 on 43200] INFO  node.SCMNodeManager (SCMNodeManager.java:register(273)) - Registered Data node : 9e5df1d6-607c-41f0-82d2-b3f98fd6c129{ip: 192.168.157.195, host: pr-hdds-1569-xtfnx-3545843844, networkLocation: /default-rack, certSerialId: null}
2019-09-12 10:19:53,778 [pool-80-thread-1] INFO  server.RaftServerConfigKeys (ConfUtils.java:logGet(43)) - raft.server.log.segment.cache.num.max = 2 (custom)
2019-09-12 10:19:53,778 [pool-80-thread-1] INFO  segmented.SegmentedRaftLogWorker (SegmentedRaftLogWorker.java:<init>(172)) - new 5c516266-aae8-47ae-932c-38f5d02bdb1c-SegmentedRaftLogWorker:Storage Directory /workdir/hadoop-ozone/integration-test/target/test-dir/MiniOzoneClusterImpl-e8e4c60a-c823-4d54-ae81-00ccaa13a6c6/datanode-0/data/ratis/fafa9bec-3c7c-40c7-b959-ffc0f9d16384 for RaftStorage:Storage Directory /workdir/hadoop-ozone/integration-test/target/test-dir/MiniOzoneClusterImpl-e8e4c60a-c823-4d54-ae81-00ccaa13a6c6/datanode-0/data/ratis/fafa9bec-3c7c-40c7-b959-ffc0f9d16384
2019-09-12 10:19:53,779 [pool-80-thread-1] INFO  server.RaftServerConfigKeys (ConfUtils.java:logGet(43)) - raft.server.log.queue.byte-limit = 2147483647 (custom)
2019-09-12 10:19:53,779 | INFO  | SCMAudit | user=jenkins1000 | ip=192.168.157.195 | op=REGISTER {datanodeDetails=9e5df1d6-607c-41f0-82d2-b3f98fd6c129{ip: 192.168.157.195, host: pr-hdds-1569-xtfnx-3545843844, networkLocation: /default-rack, certSerialId: null}} | ret=SUCCESS |  
2019-09-12 10:19:53,779 [pool-80-thread-1] INFO  server.RaftServerConfigKeys (ConfUtils.java:logGet(43)) - raft.server.log.queue.element-limit = 1024 (custom)
2019-09-12 10:19:53,779 [pool-80-thread-1] INFO  server.RaftServerConfigKeys (ConfUtils.java:logGet(43)) - raft.server.log.segment.size.max = 1048576 (custom)
2019-09-12 10:19:53,779 [pool-80-thread-1] INFO  server.RaftServerConfigKeys (ConfUtils.java:logGet(43)) - raft.server.log.preallocated.size = 16384 (custom)
2019-09-12 10:19:53,779 [pool-80-thread-1] INFO  server.RaftServerConfigKeys (ConfUtils.java:logGet(43)) - raft.server.log.write.buffer.size = 33554432 (custom)
2019-09-12 10:19:53,779 [pool-80-thread-1] INFO  server.RaftServerConfigKeys (ConfUtils.java:logGet(43)) - raft.server.log.force.sync.num = 128 (default)
2019-09-12 10:19:53,779 [pool-80-thread-1] INFO  server.RaftServerConfigKeys (ConfUtils.java:logGet(43)) - raft.server.log.statemachine.data.sync = true (default)
2019-09-12 10:19:53,780 [pool-80-thread-1] INFO  server.RaftServerConfigKeys (ConfUtils.java:logGet(43)) - raft.server.log.statemachine.data.sync.timeout = 10s (default)
2019-09-12 10:19:53,780 [pool-80-thread-1] INFO  server.RaftServerConfigKeys (ConfUtils.java:logGet(43)) - raft.server.log.statemachine.data.sync.timeout.retry = -1 (default)
2019-09-12 10:19:53,780 [pool-80-thread-1] INFO  server.RaftServerConfigKeys (ConfUtils.java:logGet(43)) - raft.server.log.statemachine.data.caching.enabled = true (custom)
2019-09-12 10:19:53,780 [pool-80-thread-1] INFO  segmented.SegmentedRaftLogWorker (SegmentedRaftLogWorker.java:lambda$new$0(132)) - 5c516266-aae8-47ae-932c-38f5d02bdb1c-SegmentedRaftLogWorker:Storage Directory /workdir/hadoop-ozone/integration-test/target/test-dir/MiniOzoneClusterImpl-e8e4c60a-c823-4d54-ae81-00ccaa13a6c6/datanode-0/data/ratis/fafa9bec-3c7c-40c7-b959-ffc0f9d16384: flushIndex: setUnconditionally 0 -> -1
2019-09-12 10:19:53,781 [pool-80-thread-1] INFO  server.RaftServerConfigKeys (ConfUtils.java:logGet(43)) - raft.server.snapshot.auto.trigger.enabled = true (custom)
2019-09-12 10:19:53,781 [pool-80-thread-1] INFO  server.RaftServerConfigKeys (ConfUtils.java:logGet(43)) - raft.server.snapshot.auto.trigger.threshold = 10000 (custom)
2019-09-12 10:19:53,781 [pool-80-thread-1] INFO  server.RaftServerConfigKeys (ConfUtils.java:logGet(43)) - raft.server.retrycache.expirytime = 600000ms (custom)
2019-09-12 10:19:53,781 [pool-80-thread-1] INFO  impl.RaftServerImpl (RaftServerImpl.java:start(180)) - 5c516266-aae8-47ae-932c-38f5d02bdb1c: start group-FFC0F9D16384
2019-09-12 10:19:53,781 [pool-80-thread-1] INFO  impl.RaftServerImpl (RaftServerImpl.java:setRole(171)) - 5c516266-aae8-47ae-932c-38f5d02bdb1c:group-FFC0F9D16384 changes role from null to FOLLOWER at term 0 for startAsFollower
2019-09-12 10:19:53,782 [pool-80-thread-1] INFO  impl.RoleInfo (RoleInfo.java:updateAndGet(143)) - 5c516266-aae8-47ae-932c-38f5d02bdb1c: start FollowerState
2019-09-12 10:19:53,782 [pool-80-thread-1] INFO  util.JmxRegister (JmxRegister.java:tryRegister(44)) - Successfully registered JMX Bean with object name Ratis:service=RaftServer,group=group-FFC0F9D16384,id=5c516266-aae8-47ae-932c-38f5d02bdb1c
2019-09-12 10:19:53,787 [RatisPipelineUtilsThread] INFO  pipeline.PipelineStateManager (PipelineStateManager.java:addPipeline(56)) - Created pipeline Pipeline[ Id: fafa9bec-3c7c-40c7-b959-ffc0f9d16384, Nodes: 5c516266-aae8-47ae-932c-38f5d02bdb1c{ip: 192.168.157.195, host: pr-hdds-1569-xtfnx-3545843844, networkLocation: /default-rack, certSerialId: null}, Type:RATIS, Factor:ONE, State:OPEN]
2019-09-12 10:19:53,796 [grpc-default-executor-0] INFO  impl.RaftServerProxy (RaftServerProxy.java:addNew(89)) - 5c516266-aae8-47ae-932c-38f5d02bdb1c: addNew group-1C4E6608BA9B:[5c516266-aae8-47ae-932c-38f5d02bdb1c:192.168.157.195:37276] returns group-1C4E6608BA9B:java.util.concurrent.CompletableFuture@1b740442[Not completed]
2019-09-12 10:19:53,798 [pool-80-thread-1] INFO  impl.RaftServerImpl (RaftServerImpl.java:<init>(93)) - 5c516266-aae8-47ae-932c-38f5d02bdb1c: new RaftServerImpl for group-1C4E6608BA9B:[5c516266-aae8-47ae-932c-38f5d02bdb1c:192.168.157.195:37276] with ContainerStateMachine:uninitialized
2019-09-12 10:19:53,798 [pool-80-thread-1] INFO  server.RaftServerConfigKeys (ConfUtils.java:logGet(43)) - raft.server.rpc.timeout.min = 5s (custom)
2019-09-12 10:19:53,798 [pool-80-thread-1] INFO  server.RaftServerConfigKeys (ConfUtils.java:logGet(43)) - raft.server.rpc.timeout.max = 5200ms (custom)
2019-09-12 10:19:53,798 [pool-80-thread-1] INFO  server.RaftServerConfigKeys (ConfUtils.java:logGet(43)) - raft.server.rpcslowness.timeout = 120s (custom)
2019-09-12 10:19:53,798 [pool-80-thread-1] INFO  server.RaftServerConfigKeys (ConfUtils.java:logGet(43)) - raft.server.sleep.deviation.threshold = 300 (default)
2019-09-12 10:19:53,799 [pool-80-thread-1] INFO  server.RaftServerConfigKeys (ConfUtils.java:logGet(43)) - raft.server.log.appender.install.snapshot.enabled = false (custom)
2019-09-12 10:19:53,799 [pool-80-thread-1] INFO  impl.RaftServerImpl (ServerState.java:<init>(105)) - 5c516266-aae8-47ae-932c-38f5d02bdb1c:group-1C4E6608BA9B ConfigurationManager, init=-1: [5c516266-aae8-47ae-932c-38f5d02bdb1c:192.168.157.195:37276], old=null, confs=<EMPTY_MAP>
2019-09-12 10:19:53,799 [pool-80-thread-1] INFO  server.RaftServerConfigKeys (ConfUtils.java:logGet(43)) - raft.server.storage.dir = [/workdir/hadoop-ozone/integration-test/target/test-dir/MiniOzoneClusterImpl-e8e4c60a-c823-4d54-ae81-00ccaa13a6c6/datanode-0/data/ratis] (custom)
2019-09-12 10:19:53,799 [pool-80-thread-1] INFO  storage.RaftStorageDirectory (RaftStorageDirectory.java:analyzeStorage(246)) - The storage directory /workdir/hadoop-ozone/integration-test/target/test-dir/MiniOzoneClusterImpl-e8e4c60a-c823-4d54-ae81-00ccaa13a6c6/datanode-0/data/ratis/72a40caa-d703-4fff-9588-1c4e6608ba9b does not exist. Creating ...
2019-09-12 10:19:53,813 [pool-80-thread-1] INFO  storage.RaftStorageDirectory (RaftStorageDirectory.java:tryLock(328)) - Lock on /workdir/hadoop-ozone/integration-test/target/test-dir/MiniOzoneClusterImpl-e8e4c60a-c823-4d54-ae81-00ccaa13a6c6/datanode-0/data/ratis/72a40caa-d703-4fff-9588-1c4e6608ba9b/in_use.lock acquired by nodename 9433@pr-hdds-1569-xtfnx-3545843844
2019-09-12 10:19:53,826 [pool-80-thread-1] INFO  storage.RaftStorage (RaftStorage.java:format(72)) - Storage directory /workdir/hadoop-ozone/integration-test/target/test-dir/MiniOzoneClusterImpl-e8e4c60a-c823-4d54-ae81-00ccaa13a6c6/datanode-0/data/ratis/72a40caa-d703-4fff-9588-1c4e6608ba9b has been successfully formatted.
2019-09-12 10:19:53,826 [pool-80-thread-1] INFO  ratis.ContainerStateMachine (ContainerStateMachine.java:loadSnapshot(226)) - group-1C4E6608BA9B: The snapshot info is null. Setting the last applied indexto:(t:0, i:~)
2019-09-12 10:19:53,826 [pool-80-thread-1] INFO  server.RaftServerConfigKeys (ConfUtils.java:logGet(43)) - raft.server.leader.election.timeout = 120s (custom)
2019-09-12 10:19:53,826 [pool-80-thread-1] INFO  server.RaftServerConfigKeys (ConfUtils.java:logGet(43)) - raft.server.log.use.memory = false (default)
2019-09-12 10:19:53,827 [pool-80-thread-1] INFO  server.RaftServerConfigKeys (ConfUtils.java:logGet(43)) - raft.server.log.purge.gap = 1000000 (custom)
2019-09-12 10:19:53,827 [pool-80-thread-1] INFO  server.RaftServerConfigKeys (ConfUtils.java:logGet(43)) - raft.server.log.appender.buffer.byte-limit = 33554432 (custom)
2019-09-12 10:19:53,827 [pool-80-thread-1] INFO  server.RaftServerConfigKeys (ConfUtils.java:logGet(43)) - raft.server.log.segment.size.max = 1048576 (custom)
2019-09-12 10:19:53,827 [pool-80-thread-1] INFO  server.RaftServerConfigKeys (ConfUtils.java:logGet(43)) - raft.server.log.segment.cache.num.max = 2 (custom)
2019-09-12 10:19:53,827 [pool-80-thread-1] INFO  segmented.SegmentedRaftLogWorker (SegmentedRaftLogWorker.java:<init>(172)) - new 5c516266-aae8-47ae-932c-38f5d02bdb1c-SegmentedRaftLogWorker:Storage Directory /workdir/hadoop-ozone/integration-test/target/test-dir/MiniOzoneClusterImpl-e8e4c60a-c823-4d54-ae81-00ccaa13a6c6/datanode-0/data/ratis/72a40caa-d703-4fff-9588-1c4e6608ba9b for RaftStorage:Storage Directory /workdir/hadoop-ozone/integration-test/target/test-dir/MiniOzoneClusterImpl-e8e4c60a-c823-4d54-ae81-00ccaa13a6c6/datanode-0/data/ratis/72a40caa-d703-4fff-9588-1c4e6608ba9b
2019-09-12 10:19:53,827 [pool-80-thread-1] INFO  server.RaftServerConfigKeys (ConfUtils.java:logGet(43)) - raft.server.log.queue.byte-limit = 2147483647 (custom)
2019-09-12 10:19:53,828 [pool-80-thread-1] INFO  server.RaftServerConfigKeys (ConfUtils.java:logGet(43)) - raft.server.log.queue.element-limit = 1024 (custom)
2019-09-12 10:19:53,828 [pool-80-thread-1] INFO  server.RaftServerConfigKeys (ConfUtils.java:logGet(43)) - raft.server.log.segment.size.max = 1048576 (custom)
2019-09-12 10:19:53,828 [pool-80-thread-1] INFO  server.RaftServerConfigKeys (ConfUtils.java:logGet(43)) - raft.server.log.preallocated.size = 16384 (custom)
2019-09-12 10:19:53,828 [pool-80-thread-1] INFO  server.RaftServerConfigKeys (ConfUtils.java:logGet(43)) - raft.server.log.write.buffer.size = 33554432 (custom)
2019-09-12 10:19:53,828 [pool-80-thread-1] INFO  server.RaftServerConfigKeys (ConfUtils.java:logGet(43)) - raft.server.log.force.sync.num = 128 (default)
2019-09-12 10:19:53,829 [pool-80-thread-1] INFO  server.RaftServerConfigKeys (ConfUtils.java:logGet(43)) - raft.server.log.statemachine.data.sync = true (default)
2019-09-12 10:19:53,829 [pool-80-thread-1] INFO  server.RaftServerConfigKeys (ConfUtils.java:logGet(43)) - raft.server.log.statemachine.data.sync.timeout = 10s (default)
2019-09-12 10:19:53,829 [pool-80-thread-1] INFO  server.RaftServerConfigKeys (ConfUtils.java:logGet(43)) - raft.server.log.statemachine.data.sync.timeout.retry = -1 (default)
2019-09-12 10:19:53,829 [pool-80-thread-1] INFO  server.RaftServerConfigKeys (ConfUtils.java:logGet(43)) - raft.server.log.statemachine.data.caching.enabled = true (custom)
2019-09-12 10:19:53,830 [pool-80-thread-1] INFO  segmented.SegmentedRaftLogWorker (SegmentedRaftLogWorker.java:lambda$new$0(132)) - 5c516266-aae8-47ae-932c-38f5d02bdb1c-SegmentedRaftLogWorker:Storage Directory /workdir/hadoop-ozone/integration-test/target/test-dir/MiniOzoneClusterImpl-e8e4c60a-c823-4d54-ae81-00ccaa13a6c6/datanode-0/data/ratis/72a40caa-d703-4fff-9588-1c4e6608ba9b: flushIndex: setUnconditionally 0 -> -1
2019-09-12 10:19:53,830 [pool-80-thread-1] INFO  server.RaftServerConfigKeys (ConfUtils.java:logGet(43)) - raft.server.snapshot.auto.trigger.enabled = true (custom)
2019-09-12 10:19:53,830 [pool-80-thread-1] INFO  server.RaftServerConfigKeys (ConfUtils.java:logGet(43)) - raft.server.snapshot.auto.trigger.threshold = 10000 (custom)
2019-09-12 10:19:53,830 [pool-80-thread-1] INFO  server.RaftServerConfigKeys (ConfUtils.java:logGet(43)) - raft.server.retrycache.expirytime = 600000ms (custom)
2019-09-12 10:19:53,831 [pool-80-thread-1] INFO  impl.RaftServerImpl (RaftServerImpl.java:start(180)) - 5c516266-aae8-47ae-932c-38f5d02bdb1c: start group-1C4E6608BA9B
2019-09-12 10:19:53,831 [pool-80-thread-1] INFO  impl.RaftServerImpl (RaftServerImpl.java:setRole(171)) - 5c516266-aae8-47ae-932c-38f5d02bdb1c:group-1C4E6608BA9B changes role from null to FOLLOWER at term 0 for startAsFollower
2019-09-12 10:19:53,831 [pool-80-thread-1] INFO  impl.RoleInfo (RoleInfo.java:updateAndGet(143)) - 5c516266-aae8-47ae-932c-38f5d02bdb1c: start FollowerState
2019-09-12 10:19:53,832 [pool-80-thread-1] INFO  util.JmxRegister (JmxRegister.java:tryRegister(44)) - Successfully registered JMX Bean with object name Ratis:service=RaftServer,group=group-1C4E6608BA9B,id=5c516266-aae8-47ae-932c-38f5d02bdb1c
2019-09-12 10:19:53,836 [RatisPipelineUtilsThread] INFO  pipeline.PipelineStateManager (PipelineStateManager.java:addPipeline(56)) - Created pipeline Pipeline[ Id: 72a40caa-d703-4fff-9588-1c4e6608ba9b, Nodes: 5c516266-aae8-47ae-932c-38f5d02bdb1c{ip: 192.168.157.195, host: pr-hdds-1569-xtfnx-3545843844, networkLocation: /default-rack, certSerialId: null}, Type:RATIS, Factor:ONE, State:OPEN]
2019-09-12 10:19:53,846 [grpc-default-executor-0] INFO  impl.RaftServerProxy (RaftServerProxy.java:addNew(89)) - 5c516266-aae8-47ae-932c-38f5d02bdb1c: addNew group-55F1BBF4C073:[5c516266-aae8-47ae-932c-38f5d02bdb1c:192.168.157.195:37276] returns group-55F1BBF4C073:java.util.concurrent.CompletableFuture@48250337[Not completed]
2019-09-12 10:19:53,848 [pool-80-thread-1] INFO  impl.RaftServerImpl (RaftServerImpl.java:<init>(93)) - 5c516266-aae8-47ae-932c-38f5d02bdb1c: new RaftServerImpl for group-55F1BBF4C073:[5c516266-aae8-47ae-932c-38f5d02bdb1c:192.168.157.195:37276] with ContainerStateMachine:uninitialized
2019-09-12 10:19:53,848 [pool-80-thread-1] INFO  server.RaftServerConfigKeys (ConfUtils.java:logGet(43)) - raft.server.rpc.timeout.min = 5s (custom)
2019-09-12 10:19:53,848 [pool-80-thread-1] INFO  server.RaftServerConfigKeys (ConfUtils.java:logGet(43)) - raft.server.rpc.timeout.max = 5200ms (custom)
2019-09-12 10:19:53,848 [pool-80-thread-1] INFO  server.RaftServerConfigKeys (ConfUtils.java:logGet(43)) - raft.server.rpcslowness.timeout = 120s (custom)
2019-09-12 10:19:53,848 [pool-80-thread-1] INFO  server.RaftServerConfigKeys (ConfUtils.java:logGet(43)) - raft.server.sleep.deviation.threshold = 300 (default)
2019-09-12 10:19:53,848 [pool-80-thread-1] INFO  server.RaftServerConfigKeys (ConfUtils.java:logGet(43)) - raft.server.log.appender.install.snapshot.enabled = false (custom)
2019-09-12 10:19:53,848 [pool-80-thread-1] INFO  impl.RaftServerImpl (ServerState.java:<init>(105)) - 5c516266-aae8-47ae-932c-38f5d02bdb1c:group-55F1BBF4C073 ConfigurationManager, init=-1: [5c516266-aae8-47ae-932c-38f5d02bdb1c:192.168.157.195:37276], old=null, confs=<EMPTY_MAP>
2019-09-12 10:19:53,849 [pool-80-thread-1] INFO  server.RaftServerConfigKeys (ConfUtils.java:logGet(43)) - raft.server.storage.dir = [/workdir/hadoop-ozone/integration-test/target/test-dir/MiniOzoneClusterImpl-e8e4c60a-c823-4d54-ae81-00ccaa13a6c6/datanode-0/data/ratis] (custom)
2019-09-12 10:19:53,849 [pool-80-thread-1] INFO  storage.RaftStorageDirectory (RaftStorageDirectory.java:analyzeStorage(246)) - The storage directory /workdir/hadoop-ozone/integration-test/target/test-dir/MiniOzoneClusterImpl-e8e4c60a-c823-4d54-ae81-00ccaa13a6c6/datanode-0/data/ratis/e0649ce6-d590-4c19-a44d-55f1bbf4c073 does not exist. Creating ...
2019-09-12 10:19:53,862 [pool-80-thread-1] INFO  storage.RaftStorageDirectory (RaftStorageDirectory.java:tryLock(328)) - Lock on /workdir/hadoop-ozone/integration-test/target/test-dir/MiniOzoneClusterImpl-e8e4c60a-c823-4d54-ae81-00ccaa13a6c6/datanode-0/data/ratis/e0649ce6-d590-4c19-a44d-55f1bbf4c073/in_use.lock acquired by nodename 9433@pr-hdds-1569-xtfnx-3545843844
2019-09-12 10:19:53,873 [pool-80-thread-1] INFO  storage.RaftStorage (RaftStorage.java:format(72)) - Storage directory /workdir/hadoop-ozone/integration-test/target/test-dir/MiniOzoneClusterImpl-e8e4c60a-c823-4d54-ae81-00ccaa13a6c6/datanode-0/data/ratis/e0649ce6-d590-4c19-a44d-55f1bbf4c073 has been successfully formatted.
2019-09-12 10:19:53,873 [pool-80-thread-1] INFO  ratis.ContainerStateMachine (ContainerStateMachine.java:loadSnapshot(226)) - group-55F1BBF4C073: The snapshot info is null. Setting the last applied indexto:(t:0, i:~)
2019-09-12 10:19:53,873 [pool-80-thread-1] INFO  server.RaftServerConfigKeys (ConfUtils.java:logGet(43)) - raft.server.leader.election.timeout = 120s (custom)
2019-09-12 10:19:53,874 [pool-80-thread-1] INFO  server.RaftServerConfigKeys (ConfUtils.java:logGet(43)) - raft.server.log.use.memory = false (default)
2019-09-12 10:19:53,874 [pool-80-thread-1] INFO  server.RaftServerConfigKeys (ConfUtils.java:logGet(43)) - raft.server.log.purge.gap = 1000000 (custom)
2019-09-12 10:19:53,874 [pool-80-thread-1] INFO  server.RaftServerConfigKeys (ConfUtils.java:logGet(43)) - raft.server.log.appender.buffer.byte-limit = 33554432 (custom)
2019-09-12 10:19:53,874 [pool-80-thread-1] INFO  server.RaftServerConfigKeys (ConfUtils.java:logGet(43)) - raft.server.log.segment.size.max = 1048576 (custom)
2019-09-12 10:19:53,874 [pool-80-thread-1] INFO  server.RaftServerConfigKeys (ConfUtils.java:logGet(43)) - raft.server.log.segment.cache.num.max = 2 (custom)
2019-09-12 10:19:53,874 [pool-80-thread-1] INFO  segmented.SegmentedRaftLogWorker (SegmentedRaftLogWorker.java:<init>(172)) - new 5c516266-aae8-47ae-932c-38f5d02bdb1c-SegmentedRaftLogWorker:Storage Directory /workdir/hadoop-ozone/integration-test/target/test-dir/MiniOzoneClusterImpl-e8e4c60a-c823-4d54-ae81-00ccaa13a6c6/datanode-0/data/ratis/e0649ce6-d590-4c19-a44d-55f1bbf4c073 for RaftStorage:Storage Directory /workdir/hadoop-ozone/integration-test/target/test-dir/MiniOzoneClusterImpl-e8e4c60a-c823-4d54-ae81-00ccaa13a6c6/datanode-0/data/ratis/e0649ce6-d590-4c19-a44d-55f1bbf4c073
2019-09-12 10:19:53,875 [pool-80-thread-1] INFO  server.RaftServerConfigKeys (ConfUtils.java:logGet(43)) - raft.server.log.queue.byte-limit = 2147483647 (custom)
2019-09-12 10:19:53,875 [pool-80-thread-1] INFO  server.RaftServerConfigKeys (ConfUtils.java:logGet(43)) - raft.server.log.queue.element-limit = 1024 (custom)
2019-09-12 10:19:53,875 [pool-80-thread-1] INFO  server.RaftServerConfigKeys (ConfUtils.java:logGet(43)) - raft.server.log.segment.size.max = 1048576 (custom)
2019-09-12 10:19:53,875 [pool-80-thread-1] INFO  server.RaftServerConfigKeys (ConfUtils.java:logGet(43)) - raft.server.log.preallocated.size = 16384 (custom)
2019-09-12 10:19:53,875 [pool-80-thread-1] INFO  server.RaftServerConfigKeys (ConfUtils.java:logGet(43)) - raft.server.log.write.buffer.size = 33554432 (custom)
2019-09-12 10:19:53,875 [pool-80-thread-1] INFO  server.RaftServerConfigKeys (ConfUtils.java:logGet(43)) - raft.server.log.force.sync.num = 128 (default)
2019-09-12 10:19:53,876 [pool-80-thread-1] INFO  server.RaftServerConfigKeys (ConfUtils.java:logGet(43)) - raft.server.log.statemachine.data.sync = true (default)
2019-09-12 10:19:53,876 [pool-80-thread-1] INFO  server.RaftServerConfigKeys (ConfUtils.java:logGet(43)) - raft.server.log.statemachine.data.sync.timeout = 10s (default)
2019-09-12 10:19:53,876 [pool-80-thread-1] INFO  server.RaftServerConfigKeys (ConfUtils.java:logGet(43)) - raft.server.log.statemachine.data.sync.timeout.retry = -1 (default)
2019-09-12 10:19:53,876 [pool-80-thread-1] INFO  server.RaftServerConfigKeys (ConfUtils.java:logGet(43)) - raft.server.log.statemachine.data.caching.enabled = true (custom)
2019-09-12 10:19:53,877 [pool-80-thread-1] INFO  segmented.SegmentedRaftLogWorker (SegmentedRaftLogWorker.java:lambda$new$0(132)) - 5c516266-aae8-47ae-932c-38f5d02bdb1c-SegmentedRaftLogWorker:Storage Directory /workdir/hadoop-ozone/integration-test/target/test-dir/MiniOzoneClusterImpl-e8e4c60a-c823-4d54-ae81-00ccaa13a6c6/datanode-0/data/ratis/e0649ce6-d590-4c19-a44d-55f1bbf4c073: flushIndex: setUnconditionally 0 -> -1
2019-09-12 10:19:53,877 [pool-80-thread-1] INFO  server.RaftServerConfigKeys (ConfUtils.java:logGet(43)) - raft.server.snapshot.auto.trigger.enabled = true (custom)
2019-09-12 10:19:53,877 [pool-80-thread-1] INFO  server.RaftServerConfigKeys (ConfUtils.java:logGet(43)) - raft.server.snapshot.auto.trigger.threshold = 10000 (custom)
2019-09-12 10:19:53,877 [pool-80-thread-1] INFO  server.RaftServerConfigKeys (ConfUtils.java:logGet(43)) - raft.server.retrycache.expirytime = 600000ms (custom)
2019-09-12 10:19:53,878 [pool-80-thread-1] INFO  impl.RaftServerImpl (RaftServerImpl.java:start(180)) - 5c516266-aae8-47ae-932c-38f5d02bdb1c: start group-55F1BBF4C073
2019-09-12 10:19:53,878 [pool-80-thread-1] INFO  impl.RaftServerImpl (RaftServerImpl.java:setRole(171)) - 5c516266-aae8-47ae-932c-38f5d02bdb1c:group-55F1BBF4C073 changes role from null to FOLLOWER at term 0 for startAsFollower
2019-09-12 10:19:53,878 [pool-80-thread-1] INFO  impl.RoleInfo (RoleInfo.java:updateAndGet(143)) - 5c516266-aae8-47ae-932c-38f5d02bdb1c: start FollowerState
2019-09-12 10:19:53,878 [pool-80-thread-1] INFO  util.JmxRegister (JmxRegister.java:tryRegister(44)) - Successfully registered JMX Bean with object name Ratis:service=RaftServer,group=group-55F1BBF4C073,id=5c516266-aae8-47ae-932c-38f5d02bdb1c
2019-09-12 10:19:53,883 [RatisPipelineUtilsThread] INFO  pipeline.PipelineStateManager (PipelineStateManager.java:addPipeline(56)) - Created pipeline Pipeline[ Id: e0649ce6-d590-4c19-a44d-55f1bbf4c073, Nodes: 5c516266-aae8-47ae-932c-38f5d02bdb1c{ip: 192.168.157.195, host: pr-hdds-1569-xtfnx-3545843844, networkLocation: /default-rack, certSerialId: null}, Type:RATIS, Factor:ONE, State:OPEN]
2019-09-12 10:19:53,892 [grpc-default-executor-0] INFO  impl.RaftServerProxy (RaftServerProxy.java:addNew(89)) - 5c516266-aae8-47ae-932c-38f5d02bdb1c: addNew group-24B5485C9B91:[5c516266-aae8-47ae-932c-38f5d02bdb1c:192.168.157.195:37276] returns group-24B5485C9B91:java.util.concurrent.CompletableFuture@636c0904[Not completed]
2019-09-12 10:19:53,893 [pool-80-thread-1] INFO  impl.RaftServerImpl (RaftServerImpl.java:<init>(93)) - 5c516266-aae8-47ae-932c-38f5d02bdb1c: new RaftServerImpl for group-24B5485C9B91:[5c516266-aae8-47ae-932c-38f5d02bdb1c:192.168.157.195:37276] with ContainerStateMachine:uninitialized
2019-09-12 10:19:53,893 [pool-80-thread-1] INFO  server.RaftServerConfigKeys (ConfUtils.java:logGet(43)) - raft.server.rpc.timeout.min = 5s (custom)
2019-09-12 10:19:53,893 [pool-80-thread-1] INFO  server.RaftServerConfigKeys (ConfUtils.java:logGet(43)) - raft.server.rpc.timeout.max = 5200ms (custom)
2019-09-12 10:19:53,894 [pool-80-thread-1] INFO  server.RaftServerConfigKeys (ConfUtils.java:logGet(43)) - raft.server.rpcslowness.timeout = 120s (custom)
2019-09-12 10:19:53,894 [pool-80-thread-1] INFO  server.RaftServerConfigKeys (ConfUtils.java:logGet(43)) - raft.server.sleep.deviation.threshold = 300 (default)
2019-09-12 10:19:53,894 [pool-80-thread-1] INFO  server.RaftServerConfigKeys (ConfUtils.java:logGet(43)) - raft.server.log.appender.install.snapshot.enabled = false (custom)
2019-09-12 10:19:53,894 [pool-80-thread-1] INFO  impl.RaftServerImpl (ServerState.java:<init>(105)) - 5c516266-aae8-47ae-932c-38f5d02bdb1c:group-24B5485C9B91 ConfigurationManager, init=-1: [5c516266-aae8-47ae-932c-38f5d02bdb1c:192.168.157.195:37276], old=null, confs=<EMPTY_MAP>
2019-09-12 10:19:53,894 [pool-80-thread-1] INFO  server.RaftServerConfigKeys (ConfUtils.java:logGet(43)) - raft.server.storage.dir = [/workdir/hadoop-ozone/integration-test/target/test-dir/MiniOzoneClusterImpl-e8e4c60a-c823-4d54-ae81-00ccaa13a6c6/datanode-0/data/ratis] (custom)
2019-09-12 10:19:53,895 [pool-80-thread-1] INFO  storage.RaftStorageDirectory (RaftStorageDirectory.java:analyzeStorage(246)) - The storage directory /workdir/hadoop-ozone/integration-test/target/test-dir/MiniOzoneClusterImpl-e8e4c60a-c823-4d54-ae81-00ccaa13a6c6/datanode-0/data/ratis/972fb73b-5e31-4c76-bca9-24b5485c9b91 does not exist. Creating ...
2019-09-12 10:19:53,897 [pool-80-thread-1] INFO  storage.RaftStorageDirectory (RaftStorageDirectory.java:tryLock(328)) - Lock on /workdir/hadoop-ozone/integration-test/target/test-dir/MiniOzoneClusterImpl-e8e4c60a-c823-4d54-ae81-00ccaa13a6c6/datanode-0/data/ratis/972fb73b-5e31-4c76-bca9-24b5485c9b91/in_use.lock acquired by nodename 9433@pr-hdds-1569-xtfnx-3545843844
2019-09-12 10:19:53,916 [pool-80-thread-1] INFO  storage.RaftStorage (RaftStorage.java:format(72)) - Storage directory /workdir/hadoop-ozone/integration-test/target/test-dir/MiniOzoneClusterImpl-e8e4c60a-c823-4d54-ae81-00ccaa13a6c6/datanode-0/data/ratis/972fb73b-5e31-4c76-bca9-24b5485c9b91 has been successfully formatted.
2019-09-12 10:19:53,917 [pool-80-thread-1] INFO  ratis.ContainerStateMachine (ContainerStateMachine.java:loadSnapshot(226)) - group-24B5485C9B91: The snapshot info is null. Setting the last applied indexto:(t:0, i:~)
2019-09-12 10:19:53,917 [pool-80-thread-1] INFO  server.RaftServerConfigKeys (ConfUtils.java:logGet(43)) - raft.server.leader.election.timeout = 120s (custom)
2019-09-12 10:19:53,917 [pool-80-thread-1] INFO  server.RaftServerConfigKeys (ConfUtils.java:logGet(43)) - raft.server.log.use.memory = false (default)
2019-09-12 10:19:53,917 [pool-80-thread-1] INFO  server.RaftServerConfigKeys (ConfUtils.java:logGet(43)) - raft.server.log.purge.gap = 1000000 (custom)
2019-09-12 10:19:53,918 [pool-80-thread-1] INFO  server.RaftServerConfigKeys (ConfUtils.java:logGet(43)) - raft.server.log.appender.buffer.byte-limit = 33554432 (custom)
2019-09-12 10:19:53,918 [pool-80-thread-1] INFO  server.RaftServerConfigKeys (ConfUtils.java:logGet(43)) - raft.server.log.segment.size.max = 1048576 (custom)
2019-09-12 10:19:53,918 [pool-80-thread-1] INFO  server.RaftServerConfigKeys (ConfUtils.java:logGet(43)) - raft.server.log.segment.cache.num.max = 2 (custom)
2019-09-12 10:19:53,918 [pool-80-thread-1] INFO  segmented.SegmentedRaftLogWorker (SegmentedRaftLogWorker.java:<init>(172)) - new 5c516266-aae8-47ae-932c-38f5d02bdb1c-SegmentedRaftLogWorker:Storage Directory /workdir/hadoop-ozone/integration-test/target/test-dir/MiniOzoneClusterImpl-e8e4c60a-c823-4d54-ae81-00ccaa13a6c6/datanode-0/data/ratis/972fb73b-5e31-4c76-bca9-24b5485c9b91 for RaftStorage:Storage Directory /workdir/hadoop-ozone/integration-test/target/test-dir/MiniOzoneClusterImpl-e8e4c60a-c823-4d54-ae81-00ccaa13a6c6/datanode-0/data/ratis/972fb73b-5e31-4c76-bca9-24b5485c9b91
2019-09-12 10:19:53,918 [pool-80-thread-1] INFO  server.RaftServerConfigKeys (ConfUtils.java:logGet(43)) - raft.server.log.queue.byte-limit = 2147483647 (custom)
2019-09-12 10:19:53,918 [pool-80-thread-1] INFO  server.RaftServerConfigKeys (ConfUtils.java:logGet(43)) - raft.server.log.queue.element-limit = 1024 (custom)
2019-09-12 10:19:53,919 [pool-80-thread-1] INFO  server.RaftServerConfigKeys (ConfUtils.java:logGet(43)) - raft.server.log.segment.size.max = 1048576 (custom)
2019-09-12 10:19:53,919 [pool-80-thread-1] INFO  server.RaftServerConfigKeys (ConfUtils.java:logGet(43)) - raft.server.log.preallocated.size = 16384 (custom)
2019-09-12 10:19:53,919 [pool-80-thread-1] INFO  server.RaftServerConfigKeys (ConfUtils.java:logGet(43)) - raft.server.log.write.buffer.size = 33554432 (custom)
2019-09-12 10:19:53,919 [pool-80-thread-1] INFO  server.RaftServerConfigKeys (ConfUtils.java:logGet(43)) - raft.server.log.force.sync.num = 128 (default)
2019-09-12 10:19:53,919 [pool-80-thread-1] INFO  server.RaftServerConfigKeys (ConfUtils.java:logGet(43)) - raft.server.log.statemachine.data.sync = true (default)
2019-09-12 10:19:53,920 [pool-80-thread-1] INFO  server.RaftServerConfigKeys (ConfUtils.java:logGet(43)) - raft.server.log.statemachine.data.sync.timeout = 10s (default)
2019-09-12 10:19:53,920 [pool-80-thread-1] INFO  server.RaftServerConfigKeys (ConfUtils.java:logGet(43)) - raft.server.log.statemachine.data.sync.timeout.retry = -1 (default)
2019-09-12 10:19:53,920 [pool-80-thread-1] INFO  server.RaftServerConfigKeys (ConfUtils.java:logGet(43)) - raft.server.log.statemachine.data.caching.enabled = true (custom)
2019-09-12 10:19:53,920 [pool-80-thread-1] INFO  segmented.SegmentedRaftLogWorker (SegmentedRaftLogWorker.java:lambda$new$0(132)) - 5c516266-aae8-47ae-932c-38f5d02bdb1c-SegmentedRaftLogWorker:Storage Directory /workdir/hadoop-ozone/integration-test/target/test-dir/MiniOzoneClusterImpl-e8e4c60a-c823-4d54-ae81-00ccaa13a6c6/datanode-0/data/ratis/972fb73b-5e31-4c76-bca9-24b5485c9b91: flushIndex: setUnconditionally 0 -> -1
2019-09-12 10:19:53,921 [pool-80-thread-1] INFO  server.RaftServerConfigKeys (ConfUtils.java:logGet(43)) - raft.server.snapshot.auto.trigger.enabled = true (custom)
2019-09-12 10:19:53,921 [pool-80-thread-1] INFO  server.RaftServerConfigKeys (ConfUtils.java:logGet(43)) - raft.server.snapshot.auto.trigger.threshold = 10000 (custom)
2019-09-12 10:19:53,921 [pool-80-thread-1] INFO  server.RaftServerConfigKeys (ConfUtils.java:logGet(43)) - raft.server.retrycache.expirytime = 600000ms (custom)
2019-09-12 10:19:53,921 [pool-80-thread-1] INFO  impl.RaftServerImpl (RaftServerImpl.java:start(180)) - 5c516266-aae8-47ae-932c-38f5d02bdb1c: start group-24B5485C9B91
2019-09-12 10:19:53,922 [pool-80-thread-1] INFO  impl.RaftServerImpl (RaftServerImpl.java:setRole(171)) - 5c516266-aae8-47ae-932c-38f5d02bdb1c:group-24B5485C9B91 changes role from null to FOLLOWER at term 0 for startAsFollower
2019-09-12 10:19:53,922 [pool-80-thread-1] INFO  impl.RoleInfo (RoleInfo.java:updateAndGet(143)) - 5c516266-aae8-47ae-932c-38f5d02bdb1c: start FollowerState
2019-09-12 10:19:53,922 [pool-80-thread-1] INFO  util.JmxRegister (JmxRegister.java:tryRegister(44)) - Successfully registered JMX Bean with object name Ratis:service=RaftServer,group=group-24B5485C9B91,id=5c516266-aae8-47ae-932c-38f5d02bdb1c
2019-09-12 10:19:53,926 [RatisPipelineUtilsThread] INFO  pipeline.PipelineStateManager (PipelineStateManager.java:addPipeline(56)) - Created pipeline Pipeline[ Id: 972fb73b-5e31-4c76-bca9-24b5485c9b91, Nodes: 5c516266-aae8-47ae-932c-38f5d02bdb1c{ip: 192.168.157.195, host: pr-hdds-1569-xtfnx-3545843844, networkLocation: /default-rack, certSerialId: null}, Type:RATIS, Factor:ONE, State:OPEN]
2019-09-12 10:19:53,927 [RatisPipelineUtilsThread] ERROR pipeline.PipelinePlacementPolicy (PipelinePlacementPolicy.java:meetCriteria(91)) - Pipeline Placement: Doesn't meet the criteria to be viable node. Heaviness: 6
2019-09-12 10:19:53,937 [grpc-default-executor-0] INFO  impl.RaftServerProxy (RaftServerProxy.java:addNew(89)) - 9e5df1d6-607c-41f0-82d2-b3f98fd6c129: addNew group-5B727BC84EC9:[9e5df1d6-607c-41f0-82d2-b3f98fd6c129:192.168.157.195:44268] returns group-5B727BC84EC9:java.util.concurrent.CompletableFuture@2fe69362[Not completed]
2019-09-12 10:19:53,941 [pool-91-thread-1] INFO  impl.RaftServerImpl (RaftServerImpl.java:<init>(93)) - 9e5df1d6-607c-41f0-82d2-b3f98fd6c129: new RaftServerImpl for group-5B727BC84EC9:[9e5df1d6-607c-41f0-82d2-b3f98fd6c129:192.168.157.195:44268] with ContainerStateMachine:uninitialized
2019-09-12 10:19:53,941 [pool-91-thread-1] INFO  server.RaftServerConfigKeys (ConfUtils.java:logGet(43)) - raft.server.rpc.timeout.min = 5s (custom)
2019-09-12 10:19:53,941 [pool-91-thread-1] INFO  server.RaftServerConfigKeys (ConfUtils.java:logGet(43)) - raft.server.rpc.timeout.max = 5200ms (custom)
2019-09-12 10:19:53,942 [pool-91-thread-1] INFO  server.RaftServerConfigKeys (ConfUtils.java:logGet(43)) - raft.server.rpcslowness.timeout = 120s (custom)
2019-09-12 10:19:53,942 [pool-91-thread-1] INFO  server.RaftServerConfigKeys (ConfUtils.java:logGet(43)) - raft.server.sleep.deviation.threshold = 300 (default)
2019-09-12 10:19:53,942 [pool-91-thread-1] INFO  server.RaftServerConfigKeys (ConfUtils.java:logGet(43)) - raft.server.log.appender.install.snapshot.enabled = false (custom)
2019-09-12 10:19:53,942 [pool-91-thread-1] INFO  impl.RaftServerImpl (ServerState.java:<init>(105)) - 9e5df1d6-607c-41f0-82d2-b3f98fd6c129:group-5B727BC84EC9 ConfigurationManager, init=-1: [9e5df1d6-607c-41f0-82d2-b3f98fd6c129:192.168.157.195:44268], old=null, confs=<EMPTY_MAP>
2019-09-12 10:19:53,942 [pool-91-thread-1] INFO  server.RaftServerConfigKeys (ConfUtils.java:logGet(43)) - raft.server.storage.dir = [/workdir/hadoop-ozone/integration-test/target/test-dir/MiniOzoneClusterImpl-e8e4c60a-c823-4d54-ae81-00ccaa13a6c6/datanode-1/data/ratis] (custom)
2019-09-12 10:19:53,943 [pool-91-thread-1] INFO  storage.RaftStorageDirectory (RaftStorageDirectory.java:analyzeStorage(246)) - The storage directory /workdir/hadoop-ozone/integration-test/target/test-dir/MiniOzoneClusterImpl-e8e4c60a-c823-4d54-ae81-00ccaa13a6c6/datanode-1/data/ratis/c1ef9a36-88b5-46d5-8a96-5b727bc84ec9 does not exist. Creating ...
2019-09-12 10:19:53,956 [pool-91-thread-1] INFO  storage.RaftStorageDirectory (RaftStorageDirectory.java:tryLock(328)) - Lock on /workdir/hadoop-ozone/integration-test/target/test-dir/MiniOzoneClusterImpl-e8e4c60a-c823-4d54-ae81-00ccaa13a6c6/datanode-1/data/ratis/c1ef9a36-88b5-46d5-8a96-5b727bc84ec9/in_use.lock acquired by nodename 9433@pr-hdds-1569-xtfnx-3545843844
2019-09-12 10:19:53,969 [main] INFO  ozone.MiniOzoneClusterImpl (MiniOzoneClusterImpl.java:lambda$waitForClusterToBeReady$0(142)) - Waiting for cluster to be ready. Got 2 of 3 DN Heartbeats.
2019-09-12 10:19:53,969 [pool-91-thread-1] INFO  storage.RaftStorage (RaftStorage.java:format(72)) - Storage directory /workdir/hadoop-ozone/integration-test/target/test-dir/MiniOzoneClusterImpl-e8e4c60a-c823-4d54-ae81-00ccaa13a6c6/datanode-1/data/ratis/c1ef9a36-88b5-46d5-8a96-5b727bc84ec9 has been successfully formatted.
2019-09-12 10:19:53,970 [pool-91-thread-1] INFO  ratis.ContainerStateMachine (ContainerStateMachine.java:loadSnapshot(226)) - group-5B727BC84EC9: The snapshot info is null. Setting the last applied indexto:(t:0, i:~)
2019-09-12 10:19:53,972 [pool-91-thread-1] INFO  server.RaftServerConfigKeys (ConfUtils.java:logGet(43)) - raft.server.leader.election.timeout = 120s (custom)
2019-09-12 10:19:53,972 [pool-91-thread-1] INFO  server.RaftServerConfigKeys (ConfUtils.java:logGet(43)) - raft.server.log.use.memory = false (default)
2019-09-12 10:19:53,972 [pool-91-thread-1] INFO  server.RaftServerConfigKeys (ConfUtils.java:logGet(43)) - raft.server.log.purge.gap = 1000000 (custom)
2019-09-12 10:19:53,973 [pool-91-thread-1] INFO  server.RaftServerConfigKeys (ConfUtils.java:logGet(43)) - raft.server.log.appender.buffer.byte-limit = 33554432 (custom)
2019-09-12 10:19:53,973 [IPC Server handler 2 on 43200] INFO  net.NetworkTopology (NetworkTopologyImpl.java:add(110)) - Added a new node: /default-rack/3d473be4-26b6-4ee1-a28c-e085f166cf84
2019-09-12 10:19:53,973 [pool-91-thread-1] INFO  server.RaftServerConfigKeys (ConfUtils.java:logGet(43)) - raft.server.log.segment.size.max = 1048576 (custom)
2019-09-12 10:19:53,973 [IPC Server handler 2 on 43200] INFO  node.SCMNodeManager (SCMNodeManager.java:register(273)) - Registered Data node : 3d473be4-26b6-4ee1-a28c-e085f166cf84{ip: 192.168.157.195, host: pr-hdds-1569-xtfnx-3545843844, networkLocation: /default-rack, certSerialId: null}
2019-09-12 10:19:53,973 [pool-91-thread-1] INFO  server.RaftServerConfigKeys (ConfUtils.java:logGet(43)) - raft.server.log.segment.cache.num.max = 2 (custom)
2019-09-12 10:19:53,974 | INFO  | SCMAudit | user=jenkins1000 | ip=192.168.157.195 | op=REGISTER {datanodeDetails=3d473be4-26b6-4ee1-a28c-e085f166cf84{ip: 192.168.157.195, host: pr-hdds-1569-xtfnx-3545843844, networkLocation: /default-rack, certSerialId: null}} | ret=SUCCESS |  
2019-09-12 10:19:53,974 [pool-91-thread-1] INFO  segmented.SegmentedRaftLogWorker (SegmentedRaftLogWorker.java:<init>(172)) - new 9e5df1d6-607c-41f0-82d2-b3f98fd6c129-SegmentedRaftLogWorker:Storage Directory /workdir/hadoop-ozone/integration-test/target/test-dir/MiniOzoneClusterImpl-e8e4c60a-c823-4d54-ae81-00ccaa13a6c6/datanode-1/data/ratis/c1ef9a36-88b5-46d5-8a96-5b727bc84ec9 for RaftStorage:Storage Directory /workdir/hadoop-ozone/integration-test/target/test-dir/MiniOzoneClusterImpl-e8e4c60a-c823-4d54-ae81-00ccaa13a6c6/datanode-1/data/ratis/c1ef9a36-88b5-46d5-8a96-5b727bc84ec9
2019-09-12 10:19:53,974 [pool-91-thread-1] INFO  server.RaftServerConfigKeys (ConfUtils.java:logGet(43)) - raft.server.log.queue.byte-limit = 2147483647 (custom)
2019-09-12 10:19:53,974 [pool-91-thread-1] INFO  server.RaftServerConfigKeys (ConfUtils.java:logGet(43)) - raft.server.log.queue.element-limit = 1024 (custom)
2019-09-12 10:19:53,974 [pool-91-thread-1] INFO  server.RaftServerConfigKeys (ConfUtils.java:logGet(43)) - raft.server.log.segment.size.max = 1048576 (custom)
2019-09-12 10:19:53,975 [pool-91-thread-1] INFO  server.RaftServerConfigKeys (ConfUtils.java:logGet(43)) - raft.server.log.preallocated.size = 16384 (custom)
2019-09-12 10:19:53,975 [pool-91-thread-1] INFO  server.RaftServerConfigKeys (ConfUtils.java:logGet(43)) - raft.server.log.write.buffer.size = 33554432 (custom)
2019-09-12 10:19:53,975 [pool-91-thread-1] INFO  server.RaftServerConfigKeys (ConfUtils.java:logGet(43)) - raft.server.log.force.sync.num = 128 (default)
2019-09-12 10:19:53,975 [pool-91-thread-1] INFO  server.RaftServerConfigKeys (ConfUtils.java:logGet(43)) - raft.server.log.statemachine.data.sync = true (default)
2019-09-12 10:19:53,975 [pool-91-thread-1] INFO  server.RaftServerConfigKeys (ConfUtils.java:logGet(43)) - raft.server.log.statemachine.data.sync.timeout = 10s (default)
2019-09-12 10:19:53,976 [pool-91-thread-1] INFO  server.RaftServerConfigKeys (ConfUtils.java:logGet(43)) - raft.server.log.statemachine.data.sync.timeout.retry = -1 (default)
2019-09-12 10:19:53,976 [pool-91-thread-1] INFO  server.RaftServerConfigKeys (ConfUtils.java:logGet(43)) - raft.server.log.statemachine.data.caching.enabled = true (custom)
2019-09-12 10:19:53,976 [pool-91-thread-1] INFO  segmented.SegmentedRaftLogWorker (SegmentedRaftLogWorker.java:lambda$new$0(132)) - 9e5df1d6-607c-41f0-82d2-b3f98fd6c129-SegmentedRaftLogWorker:Storage Directory /workdir/hadoop-ozone/integration-test/target/test-dir/MiniOzoneClusterImpl-e8e4c60a-c823-4d54-ae81-00ccaa13a6c6/datanode-1/data/ratis/c1ef9a36-88b5-46d5-8a96-5b727bc84ec9: flushIndex: setUnconditionally 0 -> -1
2019-09-12 10:19:53,977 [pool-91-thread-1] INFO  server.RaftServerConfigKeys (ConfUtils.java:logGet(43)) - raft.server.snapshot.auto.trigger.enabled = true (custom)
2019-09-12 10:19:53,977 [pool-91-thread-1] INFO  server.RaftServerConfigKeys (ConfUtils.java:logGet(43)) - raft.server.snapshot.auto.trigger.threshold = 10000 (custom)
2019-09-12 10:19:53,977 [pool-91-thread-1] INFO  server.RaftServerConfigKeys (ConfUtils.java:logGet(43)) - raft.server.retrycache.expirytime = 600000ms (custom)
2019-09-12 10:19:53,978 [pool-91-thread-1] INFO  impl.RaftServerImpl (RaftServerImpl.java:start(180)) - 9e5df1d6-607c-41f0-82d2-b3f98fd6c129: start group-5B727BC84EC9
2019-09-12 10:19:53,978 [pool-91-thread-1] INFO  impl.RaftServerImpl (RaftServerImpl.java:setRole(171)) - 9e5df1d6-607c-41f0-82d2-b3f98fd6c129:group-5B727BC84EC9 changes role from null to FOLLOWER at term 0 for startAsFollower
2019-09-12 10:19:53,978 [pool-91-thread-1] INFO  impl.RoleInfo (RoleInfo.java:updateAndGet(143)) - 9e5df1d6-607c-41f0-82d2-b3f98fd6c129: start FollowerState
2019-09-12 10:19:53,979 [pool-91-thread-1] INFO  util.JmxRegister (JmxRegister.java:tryRegister(44)) - Successfully registered JMX Bean with object name Ratis:service=RaftServer,group=group-5B727BC84EC9,id=9e5df1d6-607c-41f0-82d2-b3f98fd6c129
2019-09-12 10:19:53,984 [RatisPipelineUtilsThread] INFO  pipeline.PipelineStateManager (PipelineStateManager.java:addPipeline(56)) - Created pipeline Pipeline[ Id: c1ef9a36-88b5-46d5-8a96-5b727bc84ec9, Nodes: 9e5df1d6-607c-41f0-82d2-b3f98fd6c129{ip: 192.168.157.195, host: pr-hdds-1569-xtfnx-3545843844, networkLocation: /default-rack, certSerialId: null}, Type:RATIS, Factor:ONE, State:OPEN]
2019-09-12 10:19:53,984 [RatisPipelineUtilsThread] ERROR pipeline.PipelinePlacementPolicy (PipelinePlacementPolicy.java:meetCriteria(91)) - Pipeline Placement: Doesn't meet the criteria to be viable node. Heaviness: 6
2019-09-12 10:19:53,994 [grpc-default-executor-0] INFO  impl.RaftServerProxy (RaftServerProxy.java:addNew(89)) - 9e5df1d6-607c-41f0-82d2-b3f98fd6c129: addNew group-E931E4957CC3:[9e5df1d6-607c-41f0-82d2-b3f98fd6c129:192.168.157.195:44268] returns group-E931E4957CC3:java.util.concurrent.CompletableFuture@6bb2d92f[Not completed]
2019-09-12 10:19:53,996 [pool-91-thread-1] INFO  impl.RaftServerImpl (RaftServerImpl.java:<init>(93)) - 9e5df1d6-607c-41f0-82d2-b3f98fd6c129: new RaftServerImpl for group-E931E4957CC3:[9e5df1d6-607c-41f0-82d2-b3f98fd6c129:192.168.157.195:44268] with ContainerStateMachine:uninitialized
2019-09-12 10:19:53,996 [pool-91-thread-1] INFO  server.RaftServerConfigKeys (ConfUtils.java:logGet(43)) - raft.server.rpc.timeout.min = 5s (custom)
2019-09-12 10:19:53,997 [pool-91-thread-1] INFO  server.RaftServerConfigKeys (ConfUtils.java:logGet(43)) - raft.server.rpc.timeout.max = 5200ms (custom)
2019-09-12 10:19:53,997 [pool-91-thread-1] INFO  server.RaftServerConfigKeys (ConfUtils.java:logGet(43)) - raft.server.rpcslowness.timeout = 120s (custom)
2019-09-12 10:19:53,997 [pool-91-thread-1] INFO  server.RaftServerConfigKeys (ConfUtils.java:logGet(43)) - raft.server.sleep.deviation.threshold = 300 (default)
2019-09-12 10:19:53,997 [pool-91-thread-1] INFO  server.RaftServerConfigKeys (ConfUtils.java:logGet(43)) - raft.server.log.appender.install.snapshot.enabled = false (custom)
2019-09-12 10:19:53,997 [pool-91-thread-1] INFO  impl.RaftServerImpl (ServerState.java:<init>(105)) - 9e5df1d6-607c-41f0-82d2-b3f98fd6c129:group-E931E4957CC3 ConfigurationManager, init=-1: [9e5df1d6-607c-41f0-82d2-b3f98fd6c129:192.168.157.195:44268], old=null, confs=<EMPTY_MAP>
2019-09-12 10:19:53,997 [pool-91-thread-1] INFO  server.RaftServerConfigKeys (ConfUtils.java:logGet(43)) - raft.server.storage.dir = [/workdir/hadoop-ozone/integration-test/target/test-dir/MiniOzoneClusterImpl-e8e4c60a-c823-4d54-ae81-00ccaa13a6c6/datanode-1/data/ratis] (custom)
2019-09-12 10:19:53,998 [pool-91-thread-1] INFO  storage.RaftStorageDirectory (RaftStorageDirectory.java:analyzeStorage(246)) - The storage directory /workdir/hadoop-ozone/integration-test/target/test-dir/MiniOzoneClusterImpl-e8e4c60a-c823-4d54-ae81-00ccaa13a6c6/datanode-1/data/ratis/9da6b88c-1c27-4c73-9add-e931e4957cc3 does not exist. Creating ...
2019-09-12 10:19:54,011 [pool-91-thread-1] INFO  storage.RaftStorageDirectory (RaftStorageDirectory.java:tryLock(328)) - Lock on /workdir/hadoop-ozone/integration-test/target/test-dir/MiniOzoneClusterImpl-e8e4c60a-c823-4d54-ae81-00ccaa13a6c6/datanode-1/data/ratis/9da6b88c-1c27-4c73-9add-e931e4957cc3/in_use.lock acquired by nodename 9433@pr-hdds-1569-xtfnx-3545843844
2019-09-12 10:19:54,024 [pool-91-thread-1] INFO  storage.RaftStorage (RaftStorage.java:format(72)) - Storage directory /workdir/hadoop-ozone/integration-test/target/test-dir/MiniOzoneClusterImpl-e8e4c60a-c823-4d54-ae81-00ccaa13a6c6/datanode-1/data/ratis/9da6b88c-1c27-4c73-9add-e931e4957cc3 has been successfully formatted.
2019-09-12 10:19:54,024 [pool-91-thread-1] INFO  ratis.ContainerStateMachine (ContainerStateMachine.java:loadSnapshot(226)) - group-E931E4957CC3: The snapshot info is null. Setting the last applied indexto:(t:0, i:~)
2019-09-12 10:19:54,024 [pool-91-thread-1] INFO  server.RaftServerConfigKeys (ConfUtils.java:logGet(43)) - raft.server.leader.election.timeout = 120s (custom)
2019-09-12 10:19:54,024 [pool-91-thread-1] INFO  server.RaftServerConfigKeys (ConfUtils.java:logGet(43)) - raft.server.log.use.memory = false (default)
2019-09-12 10:19:54,025 [pool-91-thread-1] INFO  server.RaftServerConfigKeys (ConfUtils.java:logGet(43)) - raft.server.log.purge.gap = 1000000 (custom)
2019-09-12 10:19:54,025 [pool-91-thread-1] INFO  server.RaftServerConfigKeys (ConfUtils.java:logGet(43)) - raft.server.log.appender.buffer.byte-limit = 33554432 (custom)
2019-09-12 10:19:54,025 [pool-91-thread-1] INFO  server.RaftServerConfigKeys (ConfUtils.java:logGet(43)) - raft.server.log.segment.size.max = 1048576 (custom)
2019-09-12 10:19:54,025 [pool-91-thread-1] INFO  server.RaftServerConfigKeys (ConfUtils.java:logGet(43)) - raft.server.log.segment.cache.num.max = 2 (custom)
2019-09-12 10:19:54,025 [pool-91-thread-1] INFO  segmented.SegmentedRaftLogWorker (SegmentedRaftLogWorker.java:<init>(172)) - new 9e5df1d6-607c-41f0-82d2-b3f98fd6c129-SegmentedRaftLogWorker:Storage Directory /workdir/hadoop-ozone/integration-test/target/test-dir/MiniOzoneClusterImpl-e8e4c60a-c823-4d54-ae81-00ccaa13a6c6/datanode-1/data/ratis/9da6b88c-1c27-4c73-9add-e931e4957cc3 for RaftStorage:Storage Directory /workdir/hadoop-ozone/integration-test/target/test-dir/MiniOzoneClusterImpl-e8e4c60a-c823-4d54-ae81-00ccaa13a6c6/datanode-1/data/ratis/9da6b88c-1c27-4c73-9add-e931e4957cc3
2019-09-12 10:19:54,026 [pool-91-thread-1] INFO  server.RaftServerConfigKeys (ConfUtils.java:logGet(43)) - raft.server.log.queue.byte-limit = 2147483647 (custom)
2019-09-12 10:19:54,026 [pool-91-thread-1] INFO  server.RaftServerConfigKeys (ConfUtils.java:logGet(43)) - raft.server.log.queue.element-limit = 1024 (custom)
2019-09-12 10:19:54,026 [pool-91-thread-1] INFO  server.RaftServerConfigKeys (ConfUtils.java:logGet(43)) - raft.server.log.segment.size.max = 1048576 (custom)
2019-09-12 10:19:54,026 [pool-91-thread-1] INFO  server.RaftServerConfigKeys (ConfUtils.java:logGet(43)) - raft.server.log.preallocated.size = 16384 (custom)
2019-09-12 10:19:54,026 [pool-91-thread-1] INFO  server.RaftServerConfigKeys (ConfUtils.java:logGet(43)) - raft.server.log.write.buffer.size = 33554432 (custom)
2019-09-12 10:19:54,026 [pool-91-thread-1] INFO  server.RaftServerConfigKeys (ConfUtils.java:logGet(43)) - raft.server.log.force.sync.num = 128 (default)
2019-09-12 10:19:54,027 [pool-91-thread-1] INFO  server.RaftServerConfigKeys (ConfUtils.java:logGet(43)) - raft.server.log.statemachine.data.sync = true (default)
2019-09-12 10:19:54,027 [pool-91-thread-1] INFO  server.RaftServerConfigKeys (ConfUtils.java:logGet(43)) - raft.server.log.statemachine.data.sync.timeout = 10s (default)
2019-09-12 10:19:54,027 [pool-91-thread-1] INFO  server.RaftServerConfigKeys (ConfUtils.java:logGet(43)) - raft.server.log.statemachine.data.sync.timeout.retry = -1 (default)
2019-09-12 10:19:54,027 [pool-91-thread-1] INFO  server.RaftServerConfigKeys (ConfUtils.java:logGet(43)) - raft.server.log.statemachine.data.caching.enabled = true (custom)
2019-09-12 10:19:54,028 [pool-91-thread-1] INFO  segmented.SegmentedRaftLogWorker (SegmentedRaftLogWorker.java:lambda$new$0(132)) - 9e5df1d6-607c-41f0-82d2-b3f98fd6c129-SegmentedRaftLogWorker:Storage Directory /workdir/hadoop-ozone/integration-test/target/test-dir/MiniOzoneClusterImpl-e8e4c60a-c823-4d54-ae81-00ccaa13a6c6/datanode-1/data/ratis/9da6b88c-1c27-4c73-9add-e931e4957cc3: flushIndex: setUnconditionally 0 -> -1
2019-09-12 10:19:54,028 [pool-91-thread-1] INFO  server.RaftServerConfigKeys (ConfUtils.java:logGet(43)) - raft.server.snapshot.auto.trigger.enabled = true (custom)
2019-09-12 10:19:54,028 [pool-91-thread-1] INFO  server.RaftServerConfigKeys (ConfUtils.java:logGet(43)) - raft.server.snapshot.auto.trigger.threshold = 10000 (custom)
2019-09-12 10:19:54,028 [pool-91-thread-1] INFO  server.RaftServerConfigKeys (ConfUtils.java:logGet(43)) - raft.server.retrycache.expirytime = 600000ms (custom)
2019-09-12 10:19:54,029 [pool-91-thread-1] INFO  impl.RaftServerImpl (RaftServerImpl.java:start(180)) - 9e5df1d6-607c-41f0-82d2-b3f98fd6c129: start group-E931E4957CC3
2019-09-12 10:19:54,029 [pool-91-thread-1] INFO  impl.RaftServerImpl (RaftServerImpl.java:setRole(171)) - 9e5df1d6-607c-41f0-82d2-b3f98fd6c129:group-E931E4957CC3 changes role from null to FOLLOWER at term 0 for startAsFollower
2019-09-12 10:19:54,029 [pool-91-thread-1] INFO  impl.RoleInfo (RoleInfo.java:updateAndGet(143)) - 9e5df1d6-607c-41f0-82d2-b3f98fd6c129: start FollowerState
2019-09-12 10:19:54,030 [pool-91-thread-1] INFO  util.JmxRegister (JmxRegister.java:tryRegister(44)) - Successfully registered JMX Bean with object name Ratis:service=RaftServer,group=group-E931E4957CC3,id=9e5df1d6-607c-41f0-82d2-b3f98fd6c129
2019-09-12 10:19:54,035 [RatisPipelineUtilsThread] INFO  pipeline.PipelineStateManager (PipelineStateManager.java:addPipeline(56)) - Created pipeline Pipeline[ Id: 9da6b88c-1c27-4c73-9add-e931e4957cc3, Nodes: 9e5df1d6-607c-41f0-82d2-b3f98fd6c129{ip: 192.168.157.195, host: pr-hdds-1569-xtfnx-3545843844, networkLocation: /default-rack, certSerialId: null}, Type:RATIS, Factor:ONE, State:OPEN]
2019-09-12 10:19:54,036 [RatisPipelineUtilsThread] ERROR pipeline.PipelinePlacementPolicy (PipelinePlacementPolicy.java:meetCriteria(91)) - Pipeline Placement: Doesn't meet the criteria to be viable node. Heaviness: 6
2019-09-12 10:19:54,045 [grpc-default-executor-0] INFO  impl.RaftServerProxy (RaftServerProxy.java:addNew(89)) - 9e5df1d6-607c-41f0-82d2-b3f98fd6c129: addNew group-B34605D69931:[9e5df1d6-607c-41f0-82d2-b3f98fd6c129:192.168.157.195:44268] returns group-B34605D69931:java.util.concurrent.CompletableFuture@335e1986[Not completed]
2019-09-12 10:19:54,049 [pool-91-thread-1] INFO  impl.RaftServerImpl (RaftServerImpl.java:<init>(93)) - 9e5df1d6-607c-41f0-82d2-b3f98fd6c129: new RaftServerImpl for group-B34605D69931:[9e5df1d6-607c-41f0-82d2-b3f98fd6c129:192.168.157.195:44268] with ContainerStateMachine:uninitialized
2019-09-12 10:19:54,049 [pool-91-thread-1] INFO  server.RaftServerConfigKeys (ConfUtils.java:logGet(43)) - raft.server.rpc.timeout.min = 5s (custom)
2019-09-12 10:19:54,049 [pool-91-thread-1] INFO  server.RaftServerConfigKeys (ConfUtils.java:logGet(43)) - raft.server.rpc.timeout.max = 5200ms (custom)
2019-09-12 10:19:54,049 [pool-91-thread-1] INFO  server.RaftServerConfigKeys (ConfUtils.java:logGet(43)) - raft.server.rpcslowness.timeout = 120s (custom)
2019-09-12 10:19:54,049 [pool-91-thread-1] INFO  server.RaftServerConfigKeys (ConfUtils.java:logGet(43)) - raft.server.sleep.deviation.threshold = 300 (default)
2019-09-12 10:19:54,050 [pool-91-thread-1] INFO  server.RaftServerConfigKeys (ConfUtils.java:logGet(43)) - raft.server.log.appender.install.snapshot.enabled = false (custom)
2019-09-12 10:19:54,050 [pool-91-thread-1] INFO  impl.RaftServerImpl (ServerState.java:<init>(105)) - 9e5df1d6-607c-41f0-82d2-b3f98fd6c129:group-B34605D69931 ConfigurationManager, init=-1: [9e5df1d6-607c-41f0-82d2-b3f98fd6c129:192.168.157.195:44268], old=null, confs=<EMPTY_MAP>
2019-09-12 10:19:54,050 [pool-91-thread-1] INFO  server.RaftServerConfigKeys (ConfUtils.java:logGet(43)) - raft.server.storage.dir = [/workdir/hadoop-ozone/integration-test/target/test-dir/MiniOzoneClusterImpl-e8e4c60a-c823-4d54-ae81-00ccaa13a6c6/datanode-1/data/ratis] (custom)
2019-09-12 10:19:54,051 [pool-91-thread-1] INFO  storage.RaftStorageDirectory (RaftStorageDirectory.java:analyzeStorage(246)) - The storage directory /workdir/hadoop-ozone/integration-test/target/test-dir/MiniOzoneClusterImpl-e8e4c60a-c823-4d54-ae81-00ccaa13a6c6/datanode-1/data/ratis/2f8f3eef-7add-4b58-a098-b34605d69931 does not exist. Creating ...
2019-09-12 10:19:54,064 [pool-91-thread-1] INFO  storage.RaftStorageDirectory (RaftStorageDirectory.java:tryLock(328)) - Lock on /workdir/hadoop-ozone/integration-test/target/test-dir/MiniOzoneClusterImpl-e8e4c60a-c823-4d54-ae81-00ccaa13a6c6/datanode-1/data/ratis/2f8f3eef-7add-4b58-a098-b34605d69931/in_use.lock acquired by nodename 9433@pr-hdds-1569-xtfnx-3545843844
2019-09-12 10:19:54,077 [pool-91-thread-1] INFO  storage.RaftStorage (RaftStorage.java:format(72)) - Storage directory /workdir/hadoop-ozone/integration-test/target/test-dir/MiniOzoneClusterImpl-e8e4c60a-c823-4d54-ae81-00ccaa13a6c6/datanode-1/data/ratis/2f8f3eef-7add-4b58-a098-b34605d69931 has been successfully formatted.
2019-09-12 10:19:54,077 [pool-91-thread-1] INFO  ratis.ContainerStateMachine (ContainerStateMachine.java:loadSnapshot(226)) - group-B34605D69931: The snapshot info is null. Setting the last applied indexto:(t:0, i:~)
2019-09-12 10:19:54,077 [pool-91-thread-1] INFO  server.RaftServerConfigKeys (ConfUtils.java:logGet(43)) - raft.server.leader.election.timeout = 120s (custom)
2019-09-12 10:19:54,077 [pool-91-thread-1] INFO  server.RaftServerConfigKeys (ConfUtils.java:logGet(43)) - raft.server.log.use.memory = false (default)
2019-09-12 10:19:54,078 [pool-91-thread-1] INFO  server.RaftServerConfigKeys (ConfUtils.java:logGet(43)) - raft.server.log.purge.gap = 1000000 (custom)
2019-09-12 10:19:54,078 [pool-91-thread-1] INFO  server.RaftServerConfigKeys (ConfUtils.java:logGet(43)) - raft.server.log.appender.buffer.byte-limit = 33554432 (custom)
2019-09-12 10:19:54,078 [pool-91-thread-1] INFO  server.RaftServerConfigKeys (ConfUtils.java:logGet(43)) - raft.server.log.segment.size.max = 1048576 (custom)
2019-09-12 10:19:54,078 [pool-91-thread-1] INFO  server.RaftServerConfigKeys (ConfUtils.java:logGet(43)) - raft.server.log.segment.cache.num.max = 2 (custom)
2019-09-12 10:19:54,078 [pool-91-thread-1] INFO  segmented.SegmentedRaftLogWorker (SegmentedRaftLogWorker.java:<init>(172)) - new 9e5df1d6-607c-41f0-82d2-b3f98fd6c129-SegmentedRaftLogWorker:Storage Directory /workdir/hadoop-ozone/integration-test/target/test-dir/MiniOzoneClusterImpl-e8e4c60a-c823-4d54-ae81-00ccaa13a6c6/datanode-1/data/ratis/2f8f3eef-7add-4b58-a098-b34605d69931 for RaftStorage:Storage Directory /workdir/hadoop-ozone/integration-test/target/test-dir/MiniOzoneClusterImpl-e8e4c60a-c823-4d54-ae81-00ccaa13a6c6/datanode-1/data/ratis/2f8f3eef-7add-4b58-a098-b34605d69931
2019-09-12 10:19:54,079 [pool-91-thread-1] INFO  server.RaftServerConfigKeys (ConfUtils.java:logGet(43)) - raft.server.log.queue.byte-limit = 2147483647 (custom)
2019-09-12 10:19:54,079 [pool-91-thread-1] INFO  server.RaftServerConfigKeys (ConfUtils.java:logGet(43)) - raft.server.log.queue.element-limit = 1024 (custom)
2019-09-12 10:19:54,079 [pool-91-thread-1] INFO  server.RaftServerConfigKeys (ConfUtils.java:logGet(43)) - raft.server.log.segment.size.max = 1048576 (custom)
2019-09-12 10:19:54,079 [pool-91-thread-1] INFO  server.RaftServerConfigKeys (ConfUtils.java:logGet(43)) - raft.server.log.preallocated.size = 16384 (custom)
2019-09-12 10:19:54,080 [pool-91-thread-1] INFO  server.RaftServerConfigKeys (ConfUtils.java:logGet(43)) - raft.server.log.write.buffer.size = 33554432 (custom)
2019-09-12 10:19:54,080 [pool-91-thread-1] INFO  server.RaftServerConfigKeys (ConfUtils.java:logGet(43)) - raft.server.log.force.sync.num = 128 (default)
2019-09-12 10:19:54,080 [pool-91-thread-1] INFO  server.RaftServerConfigKeys (ConfUtils.java:logGet(43)) - raft.server.log.statemachine.data.sync = true (default)
2019-09-12 10:19:54,080 [pool-91-thread-1] INFO  server.RaftServerConfigKeys (ConfUtils.java:logGet(43)) - raft.server.log.statemachine.data.sync.timeout = 10s (default)
2019-09-12 10:19:54,080 [pool-91-thread-1] INFO  server.RaftServerConfigKeys (ConfUtils.java:logGet(43)) - raft.server.log.statemachine.data.sync.timeout.retry = -1 (default)
2019-09-12 10:19:54,081 [pool-91-thread-1] INFO  server.RaftServerConfigKeys (ConfUtils.java:logGet(43)) - raft.server.log.statemachine.data.caching.enabled = true (custom)
2019-09-12 10:19:54,081 [pool-91-thread-1] INFO  segmented.SegmentedRaftLogWorker (SegmentedRaftLogWorker.java:lambda$new$0(132)) - 9e5df1d6-607c-41f0-82d2-b3f98fd6c129-SegmentedRaftLogWorker:Storage Directory /workdir/hadoop-ozone/integration-test/target/test-dir/MiniOzoneClusterImpl-e8e4c60a-c823-4d54-ae81-00ccaa13a6c6/datanode-1/data/ratis/2f8f3eef-7add-4b58-a098-b34605d69931: flushIndex: setUnconditionally 0 -> -1
2019-09-12 10:19:54,082 [pool-91-thread-1] INFO  server.RaftServerConfigKeys (ConfUtils.java:logGet(43)) - raft.server.snapshot.auto.trigger.enabled = true (custom)
2019-09-12 10:19:54,082 [pool-91-thread-1] INFO  server.RaftServerConfigKeys (ConfUtils.java:logGet(43)) - raft.server.snapshot.auto.trigger.threshold = 10000 (custom)
2019-09-12 10:19:54,082 [pool-91-thread-1] INFO  server.RaftServerConfigKeys (ConfUtils.java:logGet(43)) - raft.server.retrycache.expirytime = 600000ms (custom)
2019-09-12 10:19:54,082 [pool-91-thread-1] INFO  impl.RaftServerImpl (RaftServerImpl.java:start(180)) - 9e5df1d6-607c-41f0-82d2-b3f98fd6c129: start group-B34605D69931
2019-09-12 10:19:54,082 [pool-91-thread-1] INFO  impl.RaftServerImpl (RaftServerImpl.java:setRole(171)) - 9e5df1d6-607c-41f0-82d2-b3f98fd6c129:group-B34605D69931 changes role from null to FOLLOWER at term 0 for startAsFollower
2019-09-12 10:19:54,083 [pool-91-thread-1] INFO  impl.RoleInfo (RoleInfo.java:updateAndGet(143)) - 9e5df1d6-607c-41f0-82d2-b3f98fd6c129: start FollowerState
2019-09-12 10:19:54,083 [pool-91-thread-1] INFO  util.JmxRegister (JmxRegister.java:tryRegister(44)) - Successfully registered JMX Bean with object name Ratis:service=RaftServer,group=group-B34605D69931,id=9e5df1d6-607c-41f0-82d2-b3f98fd6c129
2019-09-12 10:19:54,088 [RatisPipelineUtilsThread] INFO  pipeline.PipelineStateManager (PipelineStateManager.java:addPipeline(56)) - Created pipeline Pipeline[ Id: 2f8f3eef-7add-4b58-a098-b34605d69931, Nodes: 9e5df1d6-607c-41f0-82d2-b3f98fd6c129{ip: 192.168.157.195, host: pr-hdds-1569-xtfnx-3545843844, networkLocation: /default-rack, certSerialId: null}, Type:RATIS, Factor:ONE, State:OPEN]
2019-09-12 10:19:54,089 [RatisPipelineUtilsThread] ERROR pipeline.PipelinePlacementPolicy (PipelinePlacementPolicy.java:meetCriteria(91)) - Pipeline Placement: Doesn't meet the criteria to be viable node. Heaviness: 6
2019-09-12 10:19:54,099 [grpc-default-executor-0] INFO  impl.RaftServerProxy (RaftServerProxy.java:addNew(89)) - 9e5df1d6-607c-41f0-82d2-b3f98fd6c129: addNew group-83C8DDD57EAD:[9e5df1d6-607c-41f0-82d2-b3f98fd6c129:192.168.157.195:44268] returns group-83C8DDD57EAD:java.util.concurrent.CompletableFuture@6ee458af[Not completed]
2019-09-12 10:19:54,101 [pool-91-thread-1] INFO  impl.RaftServerImpl (RaftServerImpl.java:<init>(93)) - 9e5df1d6-607c-41f0-82d2-b3f98fd6c129: new RaftServerImpl for group-83C8DDD57EAD:[9e5df1d6-607c-41f0-82d2-b3f98fd6c129:192.168.157.195:44268] with ContainerStateMachine:uninitialized
2019-09-12 10:19:54,101 [pool-91-thread-1] INFO  server.RaftServerConfigKeys (ConfUtils.java:logGet(43)) - raft.server.rpc.timeout.min = 5s (custom)
2019-09-12 10:19:54,101 [pool-91-thread-1] INFO  server.RaftServerConfigKeys (ConfUtils.java:logGet(43)) - raft.server.rpc.timeout.max = 5200ms (custom)
2019-09-12 10:19:54,101 [pool-91-thread-1] INFO  server.RaftServerConfigKeys (ConfUtils.java:logGet(43)) - raft.server.rpcslowness.timeout = 120s (custom)
2019-09-12 10:19:54,102 [pool-91-thread-1] INFO  server.RaftServerConfigKeys (ConfUtils.java:logGet(43)) - raft.server.sleep.deviation.threshold = 300 (default)
2019-09-12 10:19:54,102 [pool-91-thread-1] INFO  server.RaftServerConfigKeys (ConfUtils.java:logGet(43)) - raft.server.log.appender.install.snapshot.enabled = false (custom)
2019-09-12 10:19:54,102 [pool-91-thread-1] INFO  impl.RaftServerImpl (ServerState.java:<init>(105)) - 9e5df1d6-607c-41f0-82d2-b3f98fd6c129:group-83C8DDD57EAD ConfigurationManager, init=-1: [9e5df1d6-607c-41f0-82d2-b3f98fd6c129:192.168.157.195:44268], old=null, confs=<EMPTY_MAP>
2019-09-12 10:19:54,102 [pool-91-thread-1] INFO  server.RaftServerConfigKeys (ConfUtils.java:logGet(43)) - raft.server.storage.dir = [/workdir/hadoop-ozone/integration-test/target/test-dir/MiniOzoneClusterImpl-e8e4c60a-c823-4d54-ae81-00ccaa13a6c6/datanode-1/data/ratis] (custom)
2019-09-12 10:19:54,103 [pool-91-thread-1] INFO  storage.RaftStorageDirectory (RaftStorageDirectory.java:analyzeStorage(246)) - The storage directory /workdir/hadoop-ozone/integration-test/target/test-dir/MiniOzoneClusterImpl-e8e4c60a-c823-4d54-ae81-00ccaa13a6c6/datanode-1/data/ratis/f5ffa676-275d-4fdd-a5b1-83c8ddd57ead does not exist. Creating ...
2019-09-12 10:19:54,116 [pool-91-thread-1] INFO  storage.RaftStorageDirectory (RaftStorageDirectory.java:tryLock(328)) - Lock on /workdir/hadoop-ozone/integration-test/target/test-dir/MiniOzoneClusterImpl-e8e4c60a-c823-4d54-ae81-00ccaa13a6c6/datanode-1/data/ratis/f5ffa676-275d-4fdd-a5b1-83c8ddd57ead/in_use.lock acquired by nodename 9433@pr-hdds-1569-xtfnx-3545843844
2019-09-12 10:19:54,128 [pool-91-thread-1] INFO  storage.RaftStorage (RaftStorage.java:format(72)) - Storage directory /workdir/hadoop-ozone/integration-test/target/test-dir/MiniOzoneClusterImpl-e8e4c60a-c823-4d54-ae81-00ccaa13a6c6/datanode-1/data/ratis/f5ffa676-275d-4fdd-a5b1-83c8ddd57ead has been successfully formatted.
2019-09-12 10:19:54,129 [pool-91-thread-1] INFO  ratis.ContainerStateMachine (ContainerStateMachine.java:loadSnapshot(226)) - group-83C8DDD57EAD: The snapshot info is null. Setting the last applied indexto:(t:0, i:~)
2019-09-12 10:19:54,129 [pool-91-thread-1] INFO  server.RaftServerConfigKeys (ConfUtils.java:logGet(43)) - raft.server.leader.election.timeout = 120s (custom)
2019-09-12 10:19:54,129 [pool-91-thread-1] INFO  server.RaftServerConfigKeys (ConfUtils.java:logGet(43)) - raft.server.log.use.memory = false (default)
2019-09-12 10:19:54,129 [pool-91-thread-1] INFO  server.RaftServerConfigKeys (ConfUtils.java:logGet(43)) - raft.server.log.purge.gap = 1000000 (custom)
2019-09-12 10:19:54,129 [pool-91-thread-1] INFO  server.RaftServerConfigKeys (ConfUtils.java:logGet(43)) - raft.server.log.appender.buffer.byte-limit = 33554432 (custom)
2019-09-12 10:19:54,130 [pool-91-thread-1] INFO  server.RaftServerConfigKeys (ConfUtils.java:logGet(43)) - raft.server.log.segment.size.max = 1048576 (custom)
2019-09-12 10:19:54,130 [pool-91-thread-1] INFO  server.RaftServerConfigKeys (ConfUtils.java:logGet(43)) - raft.server.log.segment.cache.num.max = 2 (custom)
2019-09-12 10:19:54,130 [pool-91-thread-1] INFO  segmented.SegmentedRaftLogWorker (SegmentedRaftLogWorker.java:<init>(172)) - new 9e5df1d6-607c-41f0-82d2-b3f98fd6c129-SegmentedRaftLogWorker:Storage Directory /workdir/hadoop-ozone/integration-test/target/test-dir/MiniOzoneClusterImpl-e8e4c60a-c823-4d54-ae81-00ccaa13a6c6/datanode-1/data/ratis/f5ffa676-275d-4fdd-a5b1-83c8ddd57ead for RaftStorage:Storage Directory /workdir/hadoop-ozone/integration-test/target/test-dir/MiniOzoneClusterImpl-e8e4c60a-c823-4d54-ae81-00ccaa13a6c6/datanode-1/data/ratis/f5ffa676-275d-4fdd-a5b1-83c8ddd57ead
2019-09-12 10:19:54,130 [pool-91-thread-1] INFO  server.RaftServerConfigKeys (ConfUtils.java:logGet(43)) - raft.server.log.queue.byte-limit = 2147483647 (custom)
2019-09-12 10:19:54,130 [pool-91-thread-1] INFO  server.RaftServerConfigKeys (ConfUtils.java:logGet(43)) - raft.server.log.queue.element-limit = 1024 (custom)
2019-09-12 10:19:54,131 [pool-91-thread-1] INFO  server.RaftServerConfigKeys (ConfUtils.java:logGet(43)) - raft.server.log.segment.size.max = 1048576 (custom)
2019-09-12 10:19:54,131 [pool-91-thread-1] INFO  server.RaftServerConfigKeys (ConfUtils.java:logGet(43)) - raft.server.log.preallocated.size = 16384 (custom)
2019-09-12 10:19:54,131 [pool-91-thread-1] INFO  server.RaftServerConfigKeys (ConfUtils.java:logGet(43)) - raft.server.log.write.buffer.size = 33554432 (custom)
2019-09-12 10:19:54,131 [pool-91-thread-1] INFO  server.RaftServerConfigKeys (ConfUtils.java:logGet(43)) - raft.server.log.force.sync.num = 128 (default)
2019-09-12 10:19:54,131 [pool-91-thread-1] INFO  server.RaftServerConfigKeys (ConfUtils.java:logGet(43)) - raft.server.log.statemachine.data.sync = true (default)
2019-09-12 10:19:54,132 [pool-91-thread-1] INFO  server.RaftServerConfigKeys (ConfUtils.java:logGet(43)) - raft.server.log.statemachine.data.sync.timeout = 10s (default)
2019-09-12 10:19:54,132 [pool-91-thread-1] INFO  server.RaftServerConfigKeys (ConfUtils.java:logGet(43)) - raft.server.log.statemachine.data.sync.timeout.retry = -1 (default)
2019-09-12 10:19:54,132 [pool-91-thread-1] INFO  server.RaftServerConfigKeys (ConfUtils.java:logGet(43)) - raft.server.log.statemachine.data.caching.enabled = true (custom)
2019-09-12 10:19:54,132 [pool-91-thread-1] INFO  segmented.SegmentedRaftLogWorker (SegmentedRaftLogWorker.java:lambda$new$0(132)) - 9e5df1d6-607c-41f0-82d2-b3f98fd6c129-SegmentedRaftLogWorker:Storage Directory /workdir/hadoop-ozone/integration-test/target/test-dir/MiniOzoneClusterImpl-e8e4c60a-c823-4d54-ae81-00ccaa13a6c6/datanode-1/data/ratis/f5ffa676-275d-4fdd-a5b1-83c8ddd57ead: flushIndex: setUnconditionally 0 -> -1
2019-09-12 10:19:54,133 [pool-91-thread-1] INFO  server.RaftServerConfigKeys (ConfUtils.java:logGet(43)) - raft.server.snapshot.auto.trigger.enabled = true (custom)
2019-09-12 10:19:54,133 [pool-91-thread-1] INFO  server.RaftServerConfigKeys (ConfUtils.java:logGet(43)) - raft.server.snapshot.auto.trigger.threshold = 10000 (custom)
2019-09-12 10:19:54,133 [pool-91-thread-1] INFO  server.RaftServerConfigKeys (ConfUtils.java:logGet(43)) - raft.server.retrycache.expirytime = 600000ms (custom)
2019-09-12 10:19:54,134 [pool-91-thread-1] INFO  impl.RaftServerImpl (RaftServerImpl.java:start(180)) - 9e5df1d6-607c-41f0-82d2-b3f98fd6c129: start group-83C8DDD57EAD
2019-09-12 10:19:54,134 [pool-91-thread-1] INFO  impl.RaftServerImpl (RaftServerImpl.java:setRole(171)) - 9e5df1d6-607c-41f0-82d2-b3f98fd6c129:group-83C8DDD57EAD changes role from null to FOLLOWER at term 0 for startAsFollower
2019-09-12 10:19:54,134 [pool-91-thread-1] INFO  impl.RoleInfo (RoleInfo.java:updateAndGet(143)) - 9e5df1d6-607c-41f0-82d2-b3f98fd6c129: start FollowerState
2019-09-12 10:19:54,134 [pool-91-thread-1] INFO  util.JmxRegister (JmxRegister.java:tryRegister(44)) - Successfully registered JMX Bean with object name Ratis:service=RaftServer,group=group-83C8DDD57EAD,id=9e5df1d6-607c-41f0-82d2-b3f98fd6c129
2019-09-12 10:19:54,140 [RatisPipelineUtilsThread] INFO  pipeline.PipelineStateManager (PipelineStateManager.java:addPipeline(56)) - Created pipeline Pipeline[ Id: f5ffa676-275d-4fdd-a5b1-83c8ddd57ead, Nodes: 9e5df1d6-607c-41f0-82d2-b3f98fd6c129{ip: 192.168.157.195, host: pr-hdds-1569-xtfnx-3545843844, networkLocation: /default-rack, certSerialId: null}, Type:RATIS, Factor:ONE, State:OPEN]
2019-09-12 10:19:54,140 [RatisPipelineUtilsThread] ERROR pipeline.PipelinePlacementPolicy (PipelinePlacementPolicy.java:meetCriteria(91)) - Pipeline Placement: Doesn't meet the criteria to be viable node. Heaviness: 6
2019-09-12 10:19:54,152 [grpc-default-executor-0] INFO  impl.RaftServerProxy (RaftServerProxy.java:addNew(89)) - 3d473be4-26b6-4ee1-a28c-e085f166cf84: addNew group-038FFCE0E0D5:[3d473be4-26b6-4ee1-a28c-e085f166cf84:192.168.157.195:43100] returns group-038FFCE0E0D5:java.util.concurrent.CompletableFuture@4596b701[Not completed]
2019-09-12 10:19:54,154 [pool-102-thread-1] INFO  impl.RaftServerImpl (RaftServerImpl.java:<init>(93)) - 3d473be4-26b6-4ee1-a28c-e085f166cf84: new RaftServerImpl for group-038FFCE0E0D5:[3d473be4-26b6-4ee1-a28c-e085f166cf84:192.168.157.195:43100] with ContainerStateMachine:uninitialized
2019-09-12 10:19:54,156 [pool-102-thread-1] INFO  server.RaftServerConfigKeys (ConfUtils.java:logGet(43)) - raft.server.rpc.timeout.min = 5s (custom)
2019-09-12 10:19:54,156 [pool-102-thread-1] INFO  server.RaftServerConfigKeys (ConfUtils.java:logGet(43)) - raft.server.rpc.timeout.max = 5200ms (custom)
2019-09-12 10:19:54,156 [pool-102-thread-1] INFO  server.RaftServerConfigKeys (ConfUtils.java:logGet(43)) - raft.server.rpcslowness.timeout = 120s (custom)
2019-09-12 10:19:54,157 [pool-102-thread-1] INFO  server.RaftServerConfigKeys (ConfUtils.java:logGet(43)) - raft.server.sleep.deviation.threshold = 300 (default)
2019-09-12 10:19:54,157 [pool-102-thread-1] INFO  server.RaftServerConfigKeys (ConfUtils.java:logGet(43)) - raft.server.log.appender.install.snapshot.enabled = false (custom)
2019-09-12 10:19:54,157 [pool-102-thread-1] INFO  impl.RaftServerImpl (ServerState.java:<init>(105)) - 3d473be4-26b6-4ee1-a28c-e085f166cf84:group-038FFCE0E0D5 ConfigurationManager, init=-1: [3d473be4-26b6-4ee1-a28c-e085f166cf84:192.168.157.195:43100], old=null, confs=<EMPTY_MAP>
2019-09-12 10:19:54,157 [pool-102-thread-1] INFO  server.RaftServerConfigKeys (ConfUtils.java:logGet(43)) - raft.server.storage.dir = [/workdir/hadoop-ozone/integration-test/target/test-dir/MiniOzoneClusterImpl-e8e4c60a-c823-4d54-ae81-00ccaa13a6c6/datanode-2/data/ratis] (custom)
2019-09-12 10:19:54,158 [pool-102-thread-1] INFO  storage.RaftStorageDirectory (RaftStorageDirectory.java:analyzeStorage(246)) - The storage directory /workdir/hadoop-ozone/integration-test/target/test-dir/MiniOzoneClusterImpl-e8e4c60a-c823-4d54-ae81-00ccaa13a6c6/datanode-2/data/ratis/26192cfa-14fa-4f79-9149-038ffce0e0d5 does not exist. Creating ...
2019-09-12 10:19:54,171 [pool-102-thread-1] INFO  storage.RaftStorageDirectory (RaftStorageDirectory.java:tryLock(328)) - Lock on /workdir/hadoop-ozone/integration-test/target/test-dir/MiniOzoneClusterImpl-e8e4c60a-c823-4d54-ae81-00ccaa13a6c6/datanode-2/data/ratis/26192cfa-14fa-4f79-9149-038ffce0e0d5/in_use.lock acquired by nodename 9433@pr-hdds-1569-xtfnx-3545843844
2019-09-12 10:19:54,193 [pool-102-thread-1] INFO  storage.RaftStorage (RaftStorage.java:format(72)) - Storage directory /workdir/hadoop-ozone/integration-test/target/test-dir/MiniOzoneClusterImpl-e8e4c60a-c823-4d54-ae81-00ccaa13a6c6/datanode-2/data/ratis/26192cfa-14fa-4f79-9149-038ffce0e0d5 has been successfully formatted.
2019-09-12 10:19:54,193 [pool-102-thread-1] INFO  ratis.ContainerStateMachine (ContainerStateMachine.java:loadSnapshot(226)) - group-038FFCE0E0D5: The snapshot info is null. Setting the last applied indexto:(t:0, i:~)
2019-09-12 10:19:54,193 [pool-102-thread-1] INFO  server.RaftServerConfigKeys (ConfUtils.java:logGet(43)) - raft.server.leader.election.timeout = 120s (custom)
2019-09-12 10:19:54,194 [pool-102-thread-1] INFO  server.RaftServerConfigKeys (ConfUtils.java:logGet(43)) - raft.server.log.use.memory = false (default)
2019-09-12 10:19:54,194 [pool-102-thread-1] INFO  server.RaftServerConfigKeys (ConfUtils.java:logGet(43)) - raft.server.log.purge.gap = 1000000 (custom)
2019-09-12 10:19:54,194 [pool-102-thread-1] INFO  server.RaftServerConfigKeys (ConfUtils.java:logGet(43)) - raft.server.log.appender.buffer.byte-limit = 33554432 (custom)
2019-09-12 10:19:54,194 [pool-102-thread-1] INFO  server.RaftServerConfigKeys (ConfUtils.java:logGet(43)) - raft.server.log.segment.size.max = 1048576 (custom)
2019-09-12 10:19:54,195 [pool-102-thread-1] INFO  server.RaftServerConfigKeys (ConfUtils.java:logGet(43)) - raft.server.log.segment.cache.num.max = 2 (custom)
2019-09-12 10:19:54,195 [pool-102-thread-1] INFO  segmented.SegmentedRaftLogWorker (SegmentedRaftLogWorker.java:<init>(172)) - new 3d473be4-26b6-4ee1-a28c-e085f166cf84-SegmentedRaftLogWorker:Storage Directory /workdir/hadoop-ozone/integration-test/target/test-dir/MiniOzoneClusterImpl-e8e4c60a-c823-4d54-ae81-00ccaa13a6c6/datanode-2/data/ratis/26192cfa-14fa-4f79-9149-038ffce0e0d5 for RaftStorage:Storage Directory /workdir/hadoop-ozone/integration-test/target/test-dir/MiniOzoneClusterImpl-e8e4c60a-c823-4d54-ae81-00ccaa13a6c6/datanode-2/data/ratis/26192cfa-14fa-4f79-9149-038ffce0e0d5
2019-09-12 10:19:54,195 [pool-102-thread-1] INFO  server.RaftServerConfigKeys (ConfUtils.java:logGet(43)) - raft.server.log.queue.byte-limit = 2147483647 (custom)
2019-09-12 10:19:54,195 [pool-102-thread-1] INFO  server.RaftServerConfigKeys (ConfUtils.java:logGet(43)) - raft.server.log.queue.element-limit = 1024 (custom)
2019-09-12 10:19:54,196 [pool-102-thread-1] INFO  server.RaftServerConfigKeys (ConfUtils.java:logGet(43)) - raft.server.log.segment.size.max = 1048576 (custom)
2019-09-12 10:19:54,196 [pool-102-thread-1] INFO  server.RaftServerConfigKeys (ConfUtils.java:logGet(43)) - raft.server.log.preallocated.size = 16384 (custom)
2019-09-12 10:19:54,196 [pool-102-thread-1] INFO  server.RaftServerConfigKeys (ConfUtils.java:logGet(43)) - raft.server.log.write.buffer.size = 33554432 (custom)
2019-09-12 10:19:54,197 [pool-102-thread-1] INFO  server.RaftServerConfigKeys (ConfUtils.java:logGet(43)) - raft.server.log.force.sync.num = 128 (default)
2019-09-12 10:19:54,197 [pool-102-thread-1] INFO  server.RaftServerConfigKeys (ConfUtils.java:logGet(43)) - raft.server.log.statemachine.data.sync = true (default)
2019-09-12 10:19:54,197 [pool-102-thread-1] INFO  server.RaftServerConfigKeys (ConfUtils.java:logGet(43)) - raft.server.log.statemachine.data.sync.timeout = 10s (default)
2019-09-12 10:19:54,197 [pool-102-thread-1] INFO  server.RaftServerConfigKeys (ConfUtils.java:logGet(43)) - raft.server.log.statemachine.data.sync.timeout.retry = -1 (default)
2019-09-12 10:19:54,198 [pool-102-thread-1] INFO  server.RaftServerConfigKeys (ConfUtils.java:logGet(43)) - raft.server.log.statemachine.data.caching.enabled = true (custom)
2019-09-12 10:19:54,198 [pool-102-thread-1] INFO  segmented.SegmentedRaftLogWorker (SegmentedRaftLogWorker.java:lambda$new$0(132)) - 3d473be4-26b6-4ee1-a28c-e085f166cf84-SegmentedRaftLogWorker:Storage Directory /workdir/hadoop-ozone/integration-test/target/test-dir/MiniOzoneClusterImpl-e8e4c60a-c823-4d54-ae81-00ccaa13a6c6/datanode-2/data/ratis/26192cfa-14fa-4f79-9149-038ffce0e0d5: flushIndex: setUnconditionally 0 -> -1
2019-09-12 10:19:54,199 [pool-102-thread-1] INFO  server.RaftServerConfigKeys (ConfUtils.java:logGet(43)) - raft.server.snapshot.auto.trigger.enabled = true (custom)
2019-09-12 10:19:54,199 [pool-102-thread-1] INFO  server.RaftServerConfigKeys (ConfUtils.java:logGet(43)) - raft.server.snapshot.auto.trigger.threshold = 10000 (custom)
2019-09-12 10:19:54,199 [pool-102-thread-1] INFO  server.RaftServerConfigKeys (ConfUtils.java:logGet(43)) - raft.server.retrycache.expirytime = 600000ms (custom)
2019-09-12 10:19:54,199 [pool-102-thread-1] INFO  impl.RaftServerImpl (RaftServerImpl.java:start(180)) - 3d473be4-26b6-4ee1-a28c-e085f166cf84: start group-038FFCE0E0D5
2019-09-12 10:19:54,200 [pool-102-thread-1] INFO  impl.RaftServerImpl (RaftServerImpl.java:setRole(171)) - 3d473be4-26b6-4ee1-a28c-e085f166cf84:group-038FFCE0E0D5 changes role from null to FOLLOWER at term 0 for startAsFollower
2019-09-12 10:19:54,200 [pool-102-thread-1] INFO  impl.RoleInfo (RoleInfo.java:updateAndGet(143)) - 3d473be4-26b6-4ee1-a28c-e085f166cf84: start FollowerState
2019-09-12 10:19:54,200 [pool-102-thread-1] INFO  util.JmxRegister (JmxRegister.java:tryRegister(44)) - Successfully registered JMX Bean with object name Ratis:service=RaftServer,group=group-038FFCE0E0D5,id=3d473be4-26b6-4ee1-a28c-e085f166cf84
2019-09-12 10:19:54,206 [RatisPipelineUtilsThread] INFO  pipeline.PipelineStateManager (PipelineStateManager.java:addPipeline(56)) - Created pipeline Pipeline[ Id: 26192cfa-14fa-4f79-9149-038ffce0e0d5, Nodes: 3d473be4-26b6-4ee1-a28c-e085f166cf84{ip: 192.168.157.195, host: pr-hdds-1569-xtfnx-3545843844, networkLocation: /default-rack, certSerialId: null}, Type:RATIS, Factor:ONE, State:OPEN]
2019-09-12 10:19:54,207 [RatisPipelineUtilsThread] ERROR pipeline.PipelinePlacementPolicy (PipelinePlacementPolicy.java:meetCriteria(91)) - Pipeline Placement: Doesn't meet the criteria to be viable node. Heaviness: 6
2019-09-12 10:19:54,216 [grpc-default-executor-0] INFO  impl.RaftServerProxy (RaftServerProxy.java:addNew(89)) - 9e5df1d6-607c-41f0-82d2-b3f98fd6c129: addNew group-2C4E878376DE:[9e5df1d6-607c-41f0-82d2-b3f98fd6c129:192.168.157.195:44268] returns group-2C4E878376DE:java.util.concurrent.CompletableFuture@839f8f6[Not completed]
2019-09-12 10:19:54,219 [pool-91-thread-1] INFO  impl.RaftServerImpl (RaftServerImpl.java:<init>(93)) - 9e5df1d6-607c-41f0-82d2-b3f98fd6c129: new RaftServerImpl for group-2C4E878376DE:[9e5df1d6-607c-41f0-82d2-b3f98fd6c129:192.168.157.195:44268] with ContainerStateMachine:uninitialized
2019-09-12 10:19:54,219 [pool-91-thread-1] INFO  server.RaftServerConfigKeys (ConfUtils.java:logGet(43)) - raft.server.rpc.timeout.min = 5s (custom)
2019-09-12 10:19:54,220 [pool-91-thread-1] INFO  server.RaftServerConfigKeys (ConfUtils.java:logGet(43)) - raft.server.rpc.timeout.max = 5200ms (custom)
2019-09-12 10:19:54,220 [pool-91-thread-1] INFO  server.RaftServerConfigKeys (ConfUtils.java:logGet(43)) - raft.server.rpcslowness.timeout = 120s (custom)
2019-09-12 10:19:54,220 [pool-91-thread-1] INFO  server.RaftServerConfigKeys (ConfUtils.java:logGet(43)) - raft.server.sleep.deviation.threshold = 300 (default)
2019-09-12 10:19:54,220 [pool-91-thread-1] INFO  server.RaftServerConfigKeys (ConfUtils.java:logGet(43)) - raft.server.log.appender.install.snapshot.enabled = false (custom)
2019-09-12 10:19:54,220 [pool-91-thread-1] INFO  impl.RaftServerImpl (ServerState.java:<init>(105)) - 9e5df1d6-607c-41f0-82d2-b3f98fd6c129:group-2C4E878376DE ConfigurationManager, init=-1: [9e5df1d6-607c-41f0-82d2-b3f98fd6c129:192.168.157.195:44268], old=null, confs=<EMPTY_MAP>
2019-09-12 10:19:54,221 [pool-91-thread-1] INFO  server.RaftServerConfigKeys (ConfUtils.java:logGet(43)) - raft.server.storage.dir = [/workdir/hadoop-ozone/integration-test/target/test-dir/MiniOzoneClusterImpl-e8e4c60a-c823-4d54-ae81-00ccaa13a6c6/datanode-1/data/ratis] (custom)
2019-09-12 10:19:54,221 [pool-91-thread-1] INFO  storage.RaftStorageDirectory (RaftStorageDirectory.java:analyzeStorage(246)) - The storage directory /workdir/hadoop-ozone/integration-test/target/test-dir/MiniOzoneClusterImpl-e8e4c60a-c823-4d54-ae81-00ccaa13a6c6/datanode-1/data/ratis/ac99ace1-c538-4dcd-8dfb-2c4e878376de does not exist. Creating ...
2019-09-12 10:19:54,234 [pool-91-thread-1] INFO  storage.RaftStorageDirectory (RaftStorageDirectory.java:tryLock(328)) - Lock on /workdir/hadoop-ozone/integration-test/target/test-dir/MiniOzoneClusterImpl-e8e4c60a-c823-4d54-ae81-00ccaa13a6c6/datanode-1/data/ratis/ac99ace1-c538-4dcd-8dfb-2c4e878376de/in_use.lock acquired by nodename 9433@pr-hdds-1569-xtfnx-3545843844
2019-09-12 10:19:54,248 [pool-91-thread-1] INFO  storage.RaftStorage (RaftStorage.java:format(72)) - Storage directory /workdir/hadoop-ozone/integration-test/target/test-dir/MiniOzoneClusterImpl-e8e4c60a-c823-4d54-ae81-00ccaa13a6c6/datanode-1/data/ratis/ac99ace1-c538-4dcd-8dfb-2c4e878376de has been successfully formatted.
2019-09-12 10:19:54,248 [pool-91-thread-1] INFO  ratis.ContainerStateMachine (ContainerStateMachine.java:loadSnapshot(226)) - group-2C4E878376DE: The snapshot info is null. Setting the last applied indexto:(t:0, i:~)
2019-09-12 10:19:54,248 [pool-91-thread-1] INFO  server.RaftServerConfigKeys (ConfUtils.java:logGet(43)) - raft.server.leader.election.timeout = 120s (custom)
2019-09-12 10:19:54,249 [pool-91-thread-1] INFO  server.RaftServerConfigKeys (ConfUtils.java:logGet(43)) - raft.server.log.use.memory = false (default)
2019-09-12 10:19:54,249 [pool-91-thread-1] INFO  server.RaftServerConfigKeys (ConfUtils.java:logGet(43)) - raft.server.log.purge.gap = 1000000 (custom)
2019-09-12 10:19:54,249 [pool-91-thread-1] INFO  server.RaftServerConfigKeys (ConfUtils.java:logGet(43)) - raft.server.log.appender.buffer.byte-limit = 33554432 (custom)
2019-09-12 10:19:54,249 [pool-91-thread-1] INFO  server.RaftServerConfigKeys (ConfUtils.java:logGet(43)) - raft.server.log.segment.size.max = 1048576 (custom)
2019-09-12 10:19:54,249 [pool-91-thread-1] INFO  server.RaftServerConfigKeys (ConfUtils.java:logGet(43)) - raft.server.log.segment.cache.num.max = 2 (custom)
2019-09-12 10:19:54,250 [pool-91-thread-1] INFO  segmented.SegmentedRaftLogWorker (SegmentedRaftLogWorker.java:<init>(172)) - new 9e5df1d6-607c-41f0-82d2-b3f98fd6c129-SegmentedRaftLogWorker:Storage Directory /workdir/hadoop-ozone/integration-test/target/test-dir/MiniOzoneClusterImpl-e8e4c60a-c823-4d54-ae81-00ccaa13a6c6/datanode-1/data/ratis/ac99ace1-c538-4dcd-8dfb-2c4e878376de for RaftStorage:Storage Directory /workdir/hadoop-ozone/integration-test/target/test-dir/MiniOzoneClusterImpl-e8e4c60a-c823-4d54-ae81-00ccaa13a6c6/datanode-1/data/ratis/ac99ace1-c538-4dcd-8dfb-2c4e878376de
2019-09-12 10:19:54,250 [pool-91-thread-1] INFO  server.RaftServerConfigKeys (ConfUtils.java:logGet(43)) - raft.server.log.queue.byte-limit = 2147483647 (custom)
2019-09-12 10:19:54,250 [pool-91-thread-1] INFO  server.RaftServerConfigKeys (ConfUtils.java:logGet(43)) - raft.server.log.queue.element-limit = 1024 (custom)
2019-09-12 10:19:54,250 [pool-91-thread-1] INFO  server.RaftServerConfigKeys (ConfUtils.java:logGet(43)) - raft.server.log.segment.size.max = 1048576 (custom)
2019-09-12 10:19:54,250 [pool-91-thread-1] INFO  server.RaftServerConfigKeys (ConfUtils.java:logGet(43)) - raft.server.log.preallocated.size = 16384 (custom)
2019-09-12 10:19:54,251 [pool-91-thread-1] INFO  server.RaftServerConfigKeys (ConfUtils.java:logGet(43)) - raft.server.log.write.buffer.size = 33554432 (custom)
2019-09-12 10:19:54,251 [pool-91-thread-1] INFO  server.RaftServerConfigKeys (ConfUtils.java:logGet(43)) - raft.server.log.force.sync.num = 128 (default)
2019-09-12 10:19:54,251 [pool-91-thread-1] INFO  server.RaftServerConfigKeys (ConfUtils.java:logGet(43)) - raft.server.log.statemachine.data.sync = true (default)
2019-09-12 10:19:54,251 [pool-91-thread-1] INFO  server.RaftServerConfigKeys (ConfUtils.java:logGet(43)) - raft.server.log.statemachine.data.sync.timeout = 10s (default)
2019-09-12 10:19:54,251 [pool-91-thread-1] INFO  server.RaftServerConfigKeys (ConfUtils.java:logGet(43)) - raft.server.log.statemachine.data.sync.timeout.retry = -1 (default)
2019-09-12 10:19:54,252 [pool-91-thread-1] INFO  server.RaftServerConfigKeys (ConfUtils.java:logGet(43)) - raft.server.log.statemachine.data.caching.enabled = true (custom)
2019-09-12 10:19:54,252 [pool-91-thread-1] INFO  segmented.SegmentedRaftLogWorker (SegmentedRaftLogWorker.java:lambda$new$0(132)) - 9e5df1d6-607c-41f0-82d2-b3f98fd6c129-SegmentedRaftLogWorker:Storage Directory /workdir/hadoop-ozone/integration-test/target/test-dir/MiniOzoneClusterImpl-e8e4c60a-c823-4d54-ae81-00ccaa13a6c6/datanode-1/data/ratis/ac99ace1-c538-4dcd-8dfb-2c4e878376de: flushIndex: setUnconditionally 0 -> -1
2019-09-12 10:19:54,252 [pool-91-thread-1] INFO  server.RaftServerConfigKeys (ConfUtils.java:logGet(43)) - raft.server.snapshot.auto.trigger.enabled = true (custom)
2019-09-12 10:19:54,253 [pool-91-thread-1] INFO  server.RaftServerConfigKeys (ConfUtils.java:logGet(43)) - raft.server.snapshot.auto.trigger.threshold = 10000 (custom)
2019-09-12 10:19:54,253 [pool-91-thread-1] INFO  server.RaftServerConfigKeys (ConfUtils.java:logGet(43)) - raft.server.retrycache.expirytime = 600000ms (custom)
2019-09-12 10:19:54,253 [pool-91-thread-1] INFO  impl.RaftServerImpl (RaftServerImpl.java:start(180)) - 9e5df1d6-607c-41f0-82d2-b3f98fd6c129: start group-2C4E878376DE
2019-09-12 10:19:54,253 [pool-91-thread-1] INFO  impl.RaftServerImpl (RaftServerImpl.java:setRole(171)) - 9e5df1d6-607c-41f0-82d2-b3f98fd6c129:group-2C4E878376DE changes role from null to FOLLOWER at term 0 for startAsFollower
2019-09-12 10:19:54,254 [pool-91-thread-1] INFO  impl.RoleInfo (RoleInfo.java:updateAndGet(143)) - 9e5df1d6-607c-41f0-82d2-b3f98fd6c129: start FollowerState
2019-09-12 10:19:54,254 [pool-91-thread-1] INFO  util.JmxRegister (JmxRegister.java:tryRegister(44)) - Successfully registered JMX Bean with object name Ratis:service=RaftServer,group=group-2C4E878376DE,id=9e5df1d6-607c-41f0-82d2-b3f98fd6c129
2019-09-12 10:19:54,259 [RatisPipelineUtilsThread] INFO  pipeline.PipelineStateManager (PipelineStateManager.java:addPipeline(56)) - Created pipeline Pipeline[ Id: ac99ace1-c538-4dcd-8dfb-2c4e878376de, Nodes: 9e5df1d6-607c-41f0-82d2-b3f98fd6c129{ip: 192.168.157.195, host: pr-hdds-1569-xtfnx-3545843844, networkLocation: /default-rack, certSerialId: null}, Type:RATIS, Factor:ONE, State:OPEN]
2019-09-12 10:19:54,260 [RatisPipelineUtilsThread] ERROR pipeline.PipelinePlacementPolicy (PipelinePlacementPolicy.java:meetCriteria(91)) - Pipeline Placement: Doesn't meet the criteria to be viable node. Heaviness: 6
2019-09-12 10:19:54,268 [grpc-default-executor-0] INFO  impl.RaftServerProxy (RaftServerProxy.java:addNew(89)) - 9e5df1d6-607c-41f0-82d2-b3f98fd6c129: addNew group-7317624829EB:[9e5df1d6-607c-41f0-82d2-b3f98fd6c129:192.168.157.195:44268] returns group-7317624829EB:java.util.concurrent.CompletableFuture@37e6c9a5[Not completed]
2019-09-12 10:19:54,270 [pool-91-thread-1] INFO  impl.RaftServerImpl (RaftServerImpl.java:<init>(93)) - 9e5df1d6-607c-41f0-82d2-b3f98fd6c129: new RaftServerImpl for group-7317624829EB:[9e5df1d6-607c-41f0-82d2-b3f98fd6c129:192.168.157.195:44268] with ContainerStateMachine:uninitialized
2019-09-12 10:19:54,271 [pool-91-thread-1] INFO  server.RaftServerConfigKeys (ConfUtils.java:logGet(43)) - raft.server.rpc.timeout.min = 5s (custom)
2019-09-12 10:19:54,271 [pool-91-thread-1] INFO  server.RaftServerConfigKeys (ConfUtils.java:logGet(43)) - raft.server.rpc.timeout.max = 5200ms (custom)
2019-09-12 10:19:54,271 [pool-91-thread-1] INFO  server.RaftServerConfigKeys (ConfUtils.java:logGet(43)) - raft.server.rpcslowness.timeout = 120s (custom)
2019-09-12 10:19:54,271 [pool-91-thread-1] INFO  server.RaftServerConfigKeys (ConfUtils.java:logGet(43)) - raft.server.sleep.deviation.threshold = 300 (default)
2019-09-12 10:19:54,271 [pool-91-thread-1] INFO  server.RaftServerConfigKeys (ConfUtils.java:logGet(43)) - raft.server.log.appender.install.snapshot.enabled = false (custom)
2019-09-12 10:19:54,272 [pool-91-thread-1] INFO  impl.RaftServerImpl (ServerState.java:<init>(105)) - 9e5df1d6-607c-41f0-82d2-b3f98fd6c129:group-7317624829EB ConfigurationManager, init=-1: [9e5df1d6-607c-41f0-82d2-b3f98fd6c129:192.168.157.195:44268], old=null, confs=<EMPTY_MAP>
2019-09-12 10:19:54,272 [pool-91-thread-1] INFO  server.RaftServerConfigKeys (ConfUtils.java:logGet(43)) - raft.server.storage.dir = [/workdir/hadoop-ozone/integration-test/target/test-dir/MiniOzoneClusterImpl-e8e4c60a-c823-4d54-ae81-00ccaa13a6c6/datanode-1/data/ratis] (custom)
2019-09-12 10:19:54,272 [pool-91-thread-1] INFO  storage.RaftStorageDirectory (RaftStorageDirectory.java:analyzeStorage(246)) - The storage directory /workdir/hadoop-ozone/integration-test/target/test-dir/MiniOzoneClusterImpl-e8e4c60a-c823-4d54-ae81-00ccaa13a6c6/datanode-1/data/ratis/a346322a-9d80-46ba-be28-7317624829eb does not exist. Creating ...
2019-09-12 10:19:54,285 [pool-91-thread-1] INFO  storage.RaftStorageDirectory (RaftStorageDirectory.java:tryLock(328)) - Lock on /workdir/hadoop-ozone/integration-test/target/test-dir/MiniOzoneClusterImpl-e8e4c60a-c823-4d54-ae81-00ccaa13a6c6/datanode-1/data/ratis/a346322a-9d80-46ba-be28-7317624829eb/in_use.lock acquired by nodename 9433@pr-hdds-1569-xtfnx-3545843844
2019-09-12 10:19:54,298 [pool-91-thread-1] INFO  storage.RaftStorage (RaftStorage.java:format(72)) - Storage directory /workdir/hadoop-ozone/integration-test/target/test-dir/MiniOzoneClusterImpl-e8e4c60a-c823-4d54-ae81-00ccaa13a6c6/datanode-1/data/ratis/a346322a-9d80-46ba-be28-7317624829eb has been successfully formatted.
2019-09-12 10:19:54,299 [pool-91-thread-1] INFO  ratis.ContainerStateMachine (ContainerStateMachine.java:loadSnapshot(226)) - group-7317624829EB: The snapshot info is null. Setting the last applied indexto:(t:0, i:~)
2019-09-12 10:19:54,299 [pool-91-thread-1] INFO  server.RaftServerConfigKeys (ConfUtils.java:logGet(43)) - raft.server.leader.election.timeout = 120s (custom)
2019-09-12 10:19:54,299 [pool-91-thread-1] INFO  server.RaftServerConfigKeys (ConfUtils.java:logGet(43)) - raft.server.log.use.memory = false (default)
2019-09-12 10:19:54,299 [pool-91-thread-1] INFO  server.RaftServerConfigKeys (ConfUtils.java:logGet(43)) - raft.server.log.purge.gap = 1000000 (custom)
2019-09-12 10:19:54,300 [pool-91-thread-1] INFO  server.RaftServerConfigKeys (ConfUtils.java:logGet(43)) - raft.server.log.appender.buffer.byte-limit = 33554432 (custom)
2019-09-12 10:19:54,300 [pool-91-thread-1] INFO  server.RaftServerConfigKeys (ConfUtils.java:logGet(43)) - raft.server.log.segment.size.max = 1048576 (custom)
2019-09-12 10:19:54,300 [pool-91-thread-1] INFO  server.RaftServerConfigKeys (ConfUtils.java:logGet(43)) - raft.server.log.segment.cache.num.max = 2 (custom)
2019-09-12 10:19:54,300 [pool-91-thread-1] INFO  segmented.SegmentedRaftLogWorker (SegmentedRaftLogWorker.java:<init>(172)) - new 9e5df1d6-607c-41f0-82d2-b3f98fd6c129-SegmentedRaftLogWorker:Storage Directory /workdir/hadoop-ozone/integration-test/target/test-dir/MiniOzoneClusterImpl-e8e4c60a-c823-4d54-ae81-00ccaa13a6c6/datanode-1/data/ratis/a346322a-9d80-46ba-be28-7317624829eb for RaftStorage:Storage Directory /workdir/hadoop-ozone/integration-test/target/test-dir/MiniOzoneClusterImpl-e8e4c60a-c823-4d54-ae81-00ccaa13a6c6/datanode-1/data/ratis/a346322a-9d80-46ba-be28-7317624829eb
2019-09-12 10:19:54,300 [pool-91-thread-1] INFO  server.RaftServerConfigKeys (ConfUtils.java:logGet(43)) - raft.server.log.queue.byte-limit = 2147483647 (custom)
2019-09-12 10:19:54,301 [pool-91-thread-1] INFO  server.RaftServerConfigKeys (ConfUtils.java:logGet(43)) - raft.server.log.queue.element-limit = 1024 (custom)
2019-09-12 10:19:54,301 [pool-91-thread-1] INFO  server.RaftServerConfigKeys (ConfUtils.java:logGet(43)) - raft.server.log.segment.size.max = 1048576 (custom)
2019-09-12 10:19:54,301 [pool-91-thread-1] INFO  server.RaftServerConfigKeys (ConfUtils.java:logGet(43)) - raft.server.log.preallocated.size = 16384 (custom)
2019-09-12 10:19:54,301 [pool-91-thread-1] INFO  server.RaftServerConfigKeys (ConfUtils.java:logGet(43)) - raft.server.log.write.buffer.size = 33554432 (custom)
2019-09-12 10:19:54,302 [pool-91-thread-1] INFO  server.RaftServerConfigKeys (ConfUtils.java:logGet(43)) - raft.server.log.force.sync.num = 128 (default)
2019-09-12 10:19:54,302 [pool-91-thread-1] INFO  server.RaftServerConfigKeys (ConfUtils.java:logGet(43)) - raft.server.log.statemachine.data.sync = true (default)
2019-09-12 10:19:54,302 [pool-91-thread-1] INFO  server.RaftServerConfigKeys (ConfUtils.java:logGet(43)) - raft.server.log.statemachine.data.sync.timeout = 10s (default)
2019-09-12 10:19:54,302 [pool-91-thread-1] INFO  server.RaftServerConfigKeys (ConfUtils.java:logGet(43)) - raft.server.log.statemachine.data.sync.timeout.retry = -1 (default)
2019-09-12 10:19:54,302 [pool-91-thread-1] INFO  server.RaftServerConfigKeys (ConfUtils.java:logGet(43)) - raft.server.log.statemachine.data.caching.enabled = true (custom)
2019-09-12 10:19:54,303 [pool-91-thread-1] INFO  segmented.SegmentedRaftLogWorker (SegmentedRaftLogWorker.java:lambda$new$0(132)) - 9e5df1d6-607c-41f0-82d2-b3f98fd6c129-SegmentedRaftLogWorker:Storage Directory /workdir/hadoop-ozone/integration-test/target/test-dir/MiniOzoneClusterImpl-e8e4c60a-c823-4d54-ae81-00ccaa13a6c6/datanode-1/data/ratis/a346322a-9d80-46ba-be28-7317624829eb: flushIndex: setUnconditionally 0 -> -1
2019-09-12 10:19:54,303 [pool-91-thread-1] INFO  server.RaftServerConfigKeys (ConfUtils.java:logGet(43)) - raft.server.snapshot.auto.trigger.enabled = true (custom)
2019-09-12 10:19:54,304 [pool-91-thread-1] INFO  server.RaftServerConfigKeys (ConfUtils.java:logGet(43)) - raft.server.snapshot.auto.trigger.threshold = 10000 (custom)
2019-09-12 10:19:54,304 [pool-91-thread-1] INFO  server.RaftServerConfigKeys (ConfUtils.java:logGet(43)) - raft.server.retrycache.expirytime = 600000ms (custom)
2019-09-12 10:19:54,304 [pool-91-thread-1] INFO  impl.RaftServerImpl (RaftServerImpl.java:start(180)) - 9e5df1d6-607c-41f0-82d2-b3f98fd6c129: start group-7317624829EB
2019-09-12 10:19:54,304 [pool-91-thread-1] INFO  impl.RaftServerImpl (RaftServerImpl.java:setRole(171)) - 9e5df1d6-607c-41f0-82d2-b3f98fd6c129:group-7317624829EB changes role from null to FOLLOWER at term 0 for startAsFollower
2019-09-12 10:19:54,305 [pool-91-thread-1] INFO  impl.RoleInfo (RoleInfo.java:updateAndGet(143)) - 9e5df1d6-607c-41f0-82d2-b3f98fd6c129: start FollowerState
2019-09-12 10:19:54,305 [pool-91-thread-1] INFO  util.JmxRegister (JmxRegister.java:tryRegister(44)) - Successfully registered JMX Bean with object name Ratis:service=RaftServer,group=group-7317624829EB,id=9e5df1d6-607c-41f0-82d2-b3f98fd6c129
2019-09-12 10:19:54,310 [RatisPipelineUtilsThread] INFO  pipeline.PipelineStateManager (PipelineStateManager.java:addPipeline(56)) - Created pipeline Pipeline[ Id: a346322a-9d80-46ba-be28-7317624829eb, Nodes: 9e5df1d6-607c-41f0-82d2-b3f98fd6c129{ip: 192.168.157.195, host: pr-hdds-1569-xtfnx-3545843844, networkLocation: /default-rack, certSerialId: null}, Type:RATIS, Factor:ONE, State:OPEN]
2019-09-12 10:19:54,310 [RatisPipelineUtilsThread] ERROR pipeline.PipelinePlacementPolicy (PipelinePlacementPolicy.java:meetCriteria(91)) - Pipeline Placement: Doesn't meet the criteria to be viable node. Heaviness: 6
2019-09-12 10:19:54,311 [RatisPipelineUtilsThread] ERROR pipeline.PipelinePlacementPolicy (PipelinePlacementPolicy.java:meetCriteria(91)) - Pipeline Placement: Doesn't meet the criteria to be viable node. Heaviness: 6
2019-09-12 10:19:54,319 [grpc-default-executor-0] INFO  impl.RaftServerProxy (RaftServerProxy.java:addNew(89)) - 3d473be4-26b6-4ee1-a28c-e085f166cf84: addNew group-D62AA55C4119:[3d473be4-26b6-4ee1-a28c-e085f166cf84:192.168.157.195:43100] returns group-D62AA55C4119:java.util.concurrent.CompletableFuture@240131e2[Not completed]
2019-09-12 10:19:54,322 [pool-102-thread-1] INFO  impl.RaftServerImpl (RaftServerImpl.java:<init>(93)) - 3d473be4-26b6-4ee1-a28c-e085f166cf84: new RaftServerImpl for group-D62AA55C4119:[3d473be4-26b6-4ee1-a28c-e085f166cf84:192.168.157.195:43100] with ContainerStateMachine:uninitialized
2019-09-12 10:19:54,322 [pool-102-thread-1] INFO  server.RaftServerConfigKeys (ConfUtils.java:logGet(43)) - raft.server.rpc.timeout.min = 5s (custom)
2019-09-12 10:19:54,322 [pool-102-thread-1] INFO  server.RaftServerConfigKeys (ConfUtils.java:logGet(43)) - raft.server.rpc.timeout.max = 5200ms (custom)
2019-09-12 10:19:54,322 [pool-102-thread-1] INFO  server.RaftServerConfigKeys (ConfUtils.java:logGet(43)) - raft.server.rpcslowness.timeout = 120s (custom)
2019-09-12 10:19:54,323 [pool-102-thread-1] INFO  server.RaftServerConfigKeys (ConfUtils.java:logGet(43)) - raft.server.sleep.deviation.threshold = 300 (default)
2019-09-12 10:19:54,323 [pool-102-thread-1] INFO  server.RaftServerConfigKeys (ConfUtils.java:logGet(43)) - raft.server.log.appender.install.snapshot.enabled = false (custom)
2019-09-12 10:19:54,323 [pool-102-thread-1] INFO  impl.RaftServerImpl (ServerState.java:<init>(105)) - 3d473be4-26b6-4ee1-a28c-e085f166cf84:group-D62AA55C4119 ConfigurationManager, init=-1: [3d473be4-26b6-4ee1-a28c-e085f166cf84:192.168.157.195:43100], old=null, confs=<EMPTY_MAP>
2019-09-12 10:19:54,323 [pool-102-thread-1] INFO  server.RaftServerConfigKeys (ConfUtils.java:logGet(43)) - raft.server.storage.dir = [/workdir/hadoop-ozone/integration-test/target/test-dir/MiniOzoneClusterImpl-e8e4c60a-c823-4d54-ae81-00ccaa13a6c6/datanode-2/data/ratis] (custom)
2019-09-12 10:19:54,324 [pool-102-thread-1] INFO  storage.RaftStorageDirectory (RaftStorageDirectory.java:analyzeStorage(246)) - The storage directory /workdir/hadoop-ozone/integration-test/target/test-dir/MiniOzoneClusterImpl-e8e4c60a-c823-4d54-ae81-00ccaa13a6c6/datanode-2/data/ratis/0cc04749-6797-4191-9081-d62aa55c4119 does not exist. Creating ...
2019-09-12 10:19:54,337 [pool-102-thread-1] INFO  storage.RaftStorageDirectory (RaftStorageDirectory.java:tryLock(328)) - Lock on /workdir/hadoop-ozone/integration-test/target/test-dir/MiniOzoneClusterImpl-e8e4c60a-c823-4d54-ae81-00ccaa13a6c6/datanode-2/data/ratis/0cc04749-6797-4191-9081-d62aa55c4119/in_use.lock acquired by nodename 9433@pr-hdds-1569-xtfnx-3545843844
2019-09-12 10:19:54,350 [pool-102-thread-1] INFO  storage.RaftStorage (RaftStorage.java:format(72)) - Storage directory /workdir/hadoop-ozone/integration-test/target/test-dir/MiniOzoneClusterImpl-e8e4c60a-c823-4d54-ae81-00ccaa13a6c6/datanode-2/data/ratis/0cc04749-6797-4191-9081-d62aa55c4119 has been successfully formatted.
2019-09-12 10:19:54,350 [pool-102-thread-1] INFO  ratis.ContainerStateMachine (ContainerStateMachine.java:loadSnapshot(226)) - group-D62AA55C4119: The snapshot info is null. Setting the last applied indexto:(t:0, i:~)
2019-09-12 10:19:54,351 [pool-102-thread-1] INFO  server.RaftServerConfigKeys (ConfUtils.java:logGet(43)) - raft.server.leader.election.timeout = 120s (custom)
2019-09-12 10:19:54,351 [pool-102-thread-1] INFO  server.RaftServerConfigKeys (ConfUtils.java:logGet(43)) - raft.server.log.use.memory = false (default)
2019-09-12 10:19:54,351 [pool-102-thread-1] INFO  server.RaftServerConfigKeys (ConfUtils.java:logGet(43)) - raft.server.log.purge.gap = 1000000 (custom)
2019-09-12 10:19:54,351 [pool-102-thread-1] INFO  server.RaftServerConfigKeys (ConfUtils.java:logGet(43)) - raft.server.log.appender.buffer.byte-limit = 33554432 (custom)
2019-09-12 10:19:54,351 [pool-102-thread-1] INFO  server.RaftServerConfigKeys (ConfUtils.java:logGet(43)) - raft.server.log.segment.size.max = 1048576 (custom)
2019-09-12 10:19:54,352 [pool-102-thread-1] INFO  server.RaftServerConfigKeys (ConfUtils.java:logGet(43)) - raft.server.log.segment.cache.num.max = 2 (custom)
2019-09-12 10:19:54,352 [pool-102-thread-1] INFO  segmented.SegmentedRaftLogWorker (SegmentedRaftLogWorker.java:<init>(172)) - new 3d473be4-26b6-4ee1-a28c-e085f166cf84-SegmentedRaftLogWorker:Storage Directory /workdir/hadoop-ozone/integration-test/target/test-dir/MiniOzoneClusterImpl-e8e4c60a-c823-4d54-ae81-00ccaa13a6c6/datanode-2/data/ratis/0cc04749-6797-4191-9081-d62aa55c4119 for RaftStorage:Storage Directory /workdir/hadoop-ozone/integration-test/target/test-dir/MiniOzoneClusterImpl-e8e4c60a-c823-4d54-ae81-00ccaa13a6c6/datanode-2/data/ratis/0cc04749-6797-4191-9081-d62aa55c4119
2019-09-12 10:19:54,352 [pool-102-thread-1] INFO  server.RaftServerConfigKeys (ConfUtils.java:logGet(43)) - raft.server.log.queue.byte-limit = 2147483647 (custom)
2019-09-12 10:19:54,352 [pool-102-thread-1] INFO  server.RaftServerConfigKeys (ConfUtils.java:logGet(43)) - raft.server.log.queue.element-limit = 1024 (custom)
2019-09-12 10:19:54,353 [pool-102-thread-1] INFO  server.RaftServerConfigKeys (ConfUtils.java:logGet(43)) - raft.server.log.segment.size.max = 1048576 (custom)
2019-09-12 10:19:54,353 [pool-102-thread-1] INFO  server.RaftServerConfigKeys (ConfUtils.java:logGet(43)) - raft.server.log.preallocated.size = 16384 (custom)
2019-09-12 10:19:54,353 [pool-102-thread-1] INFO  server.RaftServerConfigKeys (ConfUtils.java:logGet(43)) - raft.server.log.write.buffer.size = 33554432 (custom)
2019-09-12 10:19:54,353 [pool-102-thread-1] INFO  server.RaftServerConfigKeys (ConfUtils.java:logGet(43)) - raft.server.log.force.sync.num = 128 (default)
2019-09-12 10:19:54,353 [pool-102-thread-1] INFO  server.RaftServerConfigKeys (ConfUtils.java:logGet(43)) - raft.server.log.statemachine.data.sync = true (default)
2019-09-12 10:19:54,354 [pool-102-thread-1] INFO  server.RaftServerConfigKeys (ConfUtils.java:logGet(43)) - raft.server.log.statemachine.data.sync.timeout = 10s (default)
2019-09-12 10:19:54,354 [pool-102-thread-1] INFO  server.RaftServerConfigKeys (ConfUtils.java:logGet(43)) - raft.server.log.statemachine.data.sync.timeout.retry = -1 (default)
2019-09-12 10:19:54,354 [pool-102-thread-1] INFO  server.RaftServerConfigKeys (ConfUtils.java:logGet(43)) - raft.server.log.statemachine.data.caching.enabled = true (custom)
2019-09-12 10:19:54,355 [pool-102-thread-1] INFO  segmented.SegmentedRaftLogWorker (SegmentedRaftLogWorker.java:lambda$new$0(132)) - 3d473be4-26b6-4ee1-a28c-e085f166cf84-SegmentedRaftLogWorker:Storage Directory /workdir/hadoop-ozone/integration-test/target/test-dir/MiniOzoneClusterImpl-e8e4c60a-c823-4d54-ae81-00ccaa13a6c6/datanode-2/data/ratis/0cc04749-6797-4191-9081-d62aa55c4119: flushIndex: setUnconditionally 0 -> -1
2019-09-12 10:19:54,355 [pool-102-thread-1] INFO  server.RaftServerConfigKeys (ConfUtils.java:logGet(43)) - raft.server.snapshot.auto.trigger.enabled = true (custom)
2019-09-12 10:19:54,355 [pool-102-thread-1] INFO  server.RaftServerConfigKeys (ConfUtils.java:logGet(43)) - raft.server.snapshot.auto.trigger.threshold = 10000 (custom)
2019-09-12 10:19:54,356 [pool-102-thread-1] INFO  server.RaftServerConfigKeys (ConfUtils.java:logGet(43)) - raft.server.retrycache.expirytime = 600000ms (custom)
2019-09-12 10:19:54,356 [pool-102-thread-1] INFO  impl.RaftServerImpl (RaftServerImpl.java:start(180)) - 3d473be4-26b6-4ee1-a28c-e085f166cf84: start group-D62AA55C4119
2019-09-12 10:19:54,356 [pool-102-thread-1] INFO  impl.RaftServerImpl (RaftServerImpl.java:setRole(171)) - 3d473be4-26b6-4ee1-a28c-e085f166cf84:group-D62AA55C4119 changes role from null to FOLLOWER at term 0 for startAsFollower
2019-09-12 10:19:54,356 [pool-102-thread-1] INFO  impl.RoleInfo (RoleInfo.java:updateAndGet(143)) - 3d473be4-26b6-4ee1-a28c-e085f166cf84: start FollowerState
2019-09-12 10:19:54,357 [pool-102-thread-1] INFO  util.JmxRegister (JmxRegister.java:tryRegister(44)) - Successfully registered JMX Bean with object name Ratis:service=RaftServer,group=group-D62AA55C4119,id=3d473be4-26b6-4ee1-a28c-e085f166cf84
2019-09-12 10:19:54,363 [RatisPipelineUtilsThread] INFO  pipeline.PipelineStateManager (PipelineStateManager.java:addPipeline(56)) - Created pipeline Pipeline[ Id: 0cc04749-6797-4191-9081-d62aa55c4119, Nodes: 3d473be4-26b6-4ee1-a28c-e085f166cf84{ip: 192.168.157.195, host: pr-hdds-1569-xtfnx-3545843844, networkLocation: /default-rack, certSerialId: null}, Type:RATIS, Factor:ONE, State:OPEN]
2019-09-12 10:19:54,363 [RatisPipelineUtilsThread] ERROR pipeline.PipelinePlacementPolicy (PipelinePlacementPolicy.java:meetCriteria(91)) - Pipeline Placement: Doesn't meet the criteria to be viable node. Heaviness: 6
2019-09-12 10:19:54,364 [RatisPipelineUtilsThread] ERROR pipeline.PipelinePlacementPolicy (PipelinePlacementPolicy.java:meetCriteria(91)) - Pipeline Placement: Doesn't meet the criteria to be viable node. Heaviness: 6
2019-09-12 10:19:54,373 [grpc-default-executor-0] INFO  impl.RaftServerProxy (RaftServerProxy.java:addNew(89)) - 3d473be4-26b6-4ee1-a28c-e085f166cf84: addNew group-C814C599D2E9:[3d473be4-26b6-4ee1-a28c-e085f166cf84:192.168.157.195:43100] returns group-C814C599D2E9:java.util.concurrent.CompletableFuture@2011644d[Not completed]
2019-09-12 10:19:54,375 [pool-102-thread-1] INFO  impl.RaftServerImpl (RaftServerImpl.java:<init>(93)) - 3d473be4-26b6-4ee1-a28c-e085f166cf84: new RaftServerImpl for group-C814C599D2E9:[3d473be4-26b6-4ee1-a28c-e085f166cf84:192.168.157.195:43100] with ContainerStateMachine:uninitialized
2019-09-12 10:19:54,375 [pool-102-thread-1] INFO  server.RaftServerConfigKeys (ConfUtils.java:logGet(43)) - raft.server.rpc.timeout.min = 5s (custom)
2019-09-12 10:19:54,376 [pool-102-thread-1] INFO  server.RaftServerConfigKeys (ConfUtils.java:logGet(43)) - raft.server.rpc.timeout.max = 5200ms (custom)
2019-09-12 10:19:54,376 [pool-102-thread-1] INFO  server.RaftServerConfigKeys (ConfUtils.java:logGet(43)) - raft.server.rpcslowness.timeout = 120s (custom)
2019-09-12 10:19:54,376 [pool-102-thread-1] INFO  server.RaftServerConfigKeys (ConfUtils.java:logGet(43)) - raft.server.sleep.deviation.threshold = 300 (default)
2019-09-12 10:19:54,376 [pool-102-thread-1] INFO  server.RaftServerConfigKeys (ConfUtils.java:logGet(43)) - raft.server.log.appender.install.snapshot.enabled = false (custom)
2019-09-12 10:19:54,376 [pool-102-thread-1] INFO  impl.RaftServerImpl (ServerState.java:<init>(105)) - 3d473be4-26b6-4ee1-a28c-e085f166cf84:group-C814C599D2E9 ConfigurationManager, init=-1: [3d473be4-26b6-4ee1-a28c-e085f166cf84:192.168.157.195:43100], old=null, confs=<EMPTY_MAP>
2019-09-12 10:19:54,377 [pool-102-thread-1] INFO  server.RaftServerConfigKeys (ConfUtils.java:logGet(43)) - raft.server.storage.dir = [/workdir/hadoop-ozone/integration-test/target/test-dir/MiniOzoneClusterImpl-e8e4c60a-c823-4d54-ae81-00ccaa13a6c6/datanode-2/data/ratis] (custom)
2019-09-12 10:19:54,377 [pool-102-thread-1] INFO  storage.RaftStorageDirectory (RaftStorageDirectory.java:analyzeStorage(246)) - The storage directory /workdir/hadoop-ozone/integration-test/target/test-dir/MiniOzoneClusterImpl-e8e4c60a-c823-4d54-ae81-00ccaa13a6c6/datanode-2/data/ratis/b218dd4b-6a23-47f5-b4c6-c814c599d2e9 does not exist. Creating ...
2019-09-12 10:19:54,390 [pool-102-thread-1] INFO  storage.RaftStorageDirectory (RaftStorageDirectory.java:tryLock(328)) - Lock on /workdir/hadoop-ozone/integration-test/target/test-dir/MiniOzoneClusterImpl-e8e4c60a-c823-4d54-ae81-00ccaa13a6c6/datanode-2/data/ratis/b218dd4b-6a23-47f5-b4c6-c814c599d2e9/in_use.lock acquired by nodename 9433@pr-hdds-1569-xtfnx-3545843844
2019-09-12 10:19:54,404 [pool-102-thread-1] INFO  storage.RaftStorage (RaftStorage.java:format(72)) - Storage directory /workdir/hadoop-ozone/integration-test/target/test-dir/MiniOzoneClusterImpl-e8e4c60a-c823-4d54-ae81-00ccaa13a6c6/datanode-2/data/ratis/b218dd4b-6a23-47f5-b4c6-c814c599d2e9 has been successfully formatted.
2019-09-12 10:19:54,404 [pool-102-thread-1] INFO  ratis.ContainerStateMachine (ContainerStateMachine.java:loadSnapshot(226)) - group-C814C599D2E9: The snapshot info is null. Setting the last applied indexto:(t:0, i:~)
2019-09-12 10:19:54,404 [pool-102-thread-1] INFO  server.RaftServerConfigKeys (ConfUtils.java:logGet(43)) - raft.server.leader.election.timeout = 120s (custom)
2019-09-12 10:19:54,404 [pool-102-thread-1] INFO  server.RaftServerConfigKeys (ConfUtils.java:logGet(43)) - raft.server.log.use.memory = false (default)
2019-09-12 10:19:54,405 [pool-102-thread-1] INFO  server.RaftServerConfigKeys (ConfUtils.java:logGet(43)) - raft.server.log.purge.gap = 1000000 (custom)
2019-09-12 10:19:54,405 [pool-102-thread-1] INFO  server.RaftServerConfigKeys (ConfUtils.java:logGet(43)) - raft.server.log.appender.buffer.byte-limit = 33554432 (custom)
2019-09-12 10:19:54,405 [pool-102-thread-1] INFO  server.RaftServerConfigKeys (ConfUtils.java:logGet(43)) - raft.server.log.segment.size.max = 1048576 (custom)
2019-09-12 10:19:54,405 [pool-102-thread-1] INFO  server.RaftServerConfigKeys (ConfUtils.java:logGet(43)) - raft.server.log.segment.cache.num.max = 2 (custom)
2019-09-12 10:19:54,405 [pool-102-thread-1] INFO  segmented.SegmentedRaftLogWorker (SegmentedRaftLogWorker.java:<init>(172)) - new 3d473be4-26b6-4ee1-a28c-e085f166cf84-SegmentedRaftLogWorker:Storage Directory /workdir/hadoop-ozone/integration-test/target/test-dir/MiniOzoneClusterImpl-e8e4c60a-c823-4d54-ae81-00ccaa13a6c6/datanode-2/data/ratis/b218dd4b-6a23-47f5-b4c6-c814c599d2e9 for RaftStorage:Storage Directory /workdir/hadoop-ozone/integration-test/target/test-dir/MiniOzoneClusterImpl-e8e4c60a-c823-4d54-ae81-00ccaa13a6c6/datanode-2/data/ratis/b218dd4b-6a23-47f5-b4c6-c814c599d2e9
2019-09-12 10:19:54,406 [pool-102-thread-1] INFO  server.RaftServerConfigKeys (ConfUtils.java:logGet(43)) - raft.server.log.queue.byte-limit = 2147483647 (custom)
2019-09-12 10:19:54,406 [pool-102-thread-1] INFO  server.RaftServerConfigKeys (ConfUtils.java:logGet(43)) - raft.server.log.queue.element-limit = 1024 (custom)
2019-09-12 10:19:54,406 [pool-102-thread-1] INFO  server.RaftServerConfigKeys (ConfUtils.java:logGet(43)) - raft.server.log.segment.size.max = 1048576 (custom)
2019-09-12 10:19:54,406 [pool-102-thread-1] INFO  server.RaftServerConfigKeys (ConfUtils.java:logGet(43)) - raft.server.log.preallocated.size = 16384 (custom)
2019-09-12 10:19:54,407 [pool-102-thread-1] INFO  server.RaftServerConfigKeys (ConfUtils.java:logGet(43)) - raft.server.log.write.buffer.size = 33554432 (custom)
2019-09-12 10:19:54,407 [pool-102-thread-1] INFO  server.RaftServerConfigKeys (ConfUtils.java:logGet(43)) - raft.server.log.force.sync.num = 128 (default)
2019-09-12 10:19:54,407 [pool-102-thread-1] INFO  server.RaftServerConfigKeys (ConfUtils.java:logGet(43)) - raft.server.log.statemachine.data.sync = true (default)
2019-09-12 10:19:54,407 [pool-102-thread-1] INFO  server.RaftServerConfigKeys (ConfUtils.java:logGet(43)) - raft.server.log.statemachine.data.sync.timeout = 10s (default)
2019-09-12 10:19:54,407 [pool-102-thread-1] INFO  server.RaftServerConfigKeys (ConfUtils.java:logGet(43)) - raft.server.log.statemachine.data.sync.timeout.retry = -1 (default)
2019-09-12 10:19:54,408 [pool-102-thread-1] INFO  server.RaftServerConfigKeys (ConfUtils.java:logGet(43)) - raft.server.log.statemachine.data.caching.enabled = true (custom)
2019-09-12 10:19:54,408 [pool-102-thread-1] INFO  segmented.SegmentedRaftLogWorker (SegmentedRaftLogWorker.java:lambda$new$0(132)) - 3d473be4-26b6-4ee1-a28c-e085f166cf84-SegmentedRaftLogWorker:Storage Directory /workdir/hadoop-ozone/integration-test/target/test-dir/MiniOzoneClusterImpl-e8e4c60a-c823-4d54-ae81-00ccaa13a6c6/datanode-2/data/ratis/b218dd4b-6a23-47f5-b4c6-c814c599d2e9: flushIndex: setUnconditionally 0 -> -1
2019-09-12 10:19:54,408 [pool-102-thread-1] INFO  server.RaftServerConfigKeys (ConfUtils.java:logGet(43)) - raft.server.snapshot.auto.trigger.enabled = true (custom)
2019-09-12 10:19:54,409 [pool-102-thread-1] INFO  server.RaftServerConfigKeys (ConfUtils.java:logGet(43)) - raft.server.snapshot.auto.trigger.threshold = 10000 (custom)
2019-09-12 10:19:54,409 [pool-102-thread-1] INFO  server.RaftServerConfigKeys (ConfUtils.java:logGet(43)) - raft.server.retrycache.expirytime = 600000ms (custom)
2019-09-12 10:19:54,409 [pool-102-thread-1] INFO  impl.RaftServerImpl (RaftServerImpl.java:start(180)) - 3d473be4-26b6-4ee1-a28c-e085f166cf84: start group-C814C599D2E9
2019-09-12 10:19:54,409 [pool-102-thread-1] INFO  impl.RaftServerImpl (RaftServerImpl.java:setRole(171)) - 3d473be4-26b6-4ee1-a28c-e085f166cf84:group-C814C599D2E9 changes role from null to FOLLOWER at term 0 for startAsFollower
2019-09-12 10:19:54,410 [pool-102-thread-1] INFO  impl.RoleInfo (RoleInfo.java:updateAndGet(143)) - 3d473be4-26b6-4ee1-a28c-e085f166cf84: start FollowerState
2019-09-12 10:19:54,410 [pool-102-thread-1] INFO  util.JmxRegister (JmxRegister.java:tryRegister(44)) - Successfully registered JMX Bean with object name Ratis:service=RaftServer,group=group-C814C599D2E9,id=3d473be4-26b6-4ee1-a28c-e085f166cf84
2019-09-12 10:19:54,416 [RatisPipelineUtilsThread] INFO  pipeline.PipelineStateManager (PipelineStateManager.java:addPipeline(56)) - Created pipeline Pipeline[ Id: b218dd4b-6a23-47f5-b4c6-c814c599d2e9, Nodes: 3d473be4-26b6-4ee1-a28c-e085f166cf84{ip: 192.168.157.195, host: pr-hdds-1569-xtfnx-3545843844, networkLocation: /default-rack, certSerialId: null}, Type:RATIS, Factor:ONE, State:OPEN]
2019-09-12 10:19:54,416 [RatisPipelineUtilsThread] ERROR pipeline.PipelinePlacementPolicy (PipelinePlacementPolicy.java:meetCriteria(91)) - Pipeline Placement: Doesn't meet the criteria to be viable node. Heaviness: 6
2019-09-12 10:19:54,416 [RatisPipelineUtilsThread] ERROR pipeline.PipelinePlacementPolicy (PipelinePlacementPolicy.java:meetCriteria(91)) - Pipeline Placement: Doesn't meet the criteria to be viable node. Heaviness: 6
2019-09-12 10:19:54,426 [grpc-default-executor-0] INFO  impl.RaftServerProxy (RaftServerProxy.java:addNew(89)) - 3d473be4-26b6-4ee1-a28c-e085f166cf84: addNew group-9C07B3F9C07C:[3d473be4-26b6-4ee1-a28c-e085f166cf84:192.168.157.195:43100] returns group-9C07B3F9C07C:java.util.concurrent.CompletableFuture@2af4ed1e[Not completed]
2019-09-12 10:19:54,428 [pool-102-thread-1] INFO  impl.RaftServerImpl (RaftServerImpl.java:<init>(93)) - 3d473be4-26b6-4ee1-a28c-e085f166cf84: new RaftServerImpl for group-9C07B3F9C07C:[3d473be4-26b6-4ee1-a28c-e085f166cf84:192.168.157.195:43100] with ContainerStateMachine:uninitialized
2019-09-12 10:19:54,428 [pool-102-thread-1] INFO  server.RaftServerConfigKeys (ConfUtils.java:logGet(43)) - raft.server.rpc.timeout.min = 5s (custom)
2019-09-12 10:19:54,428 [pool-102-thread-1] INFO  server.RaftServerConfigKeys (ConfUtils.java:logGet(43)) - raft.server.rpc.timeout.max = 5200ms (custom)
2019-09-12 10:19:54,429 [pool-102-thread-1] INFO  server.RaftServerConfigKeys (ConfUtils.java:logGet(43)) - raft.server.rpcslowness.timeout = 120s (custom)
2019-09-12 10:19:54,429 [pool-102-thread-1] INFO  server.RaftServerConfigKeys (ConfUtils.java:logGet(43)) - raft.server.sleep.deviation.threshold = 300 (default)
2019-09-12 10:19:54,429 [pool-102-thread-1] INFO  server.RaftServerConfigKeys (ConfUtils.java:logGet(43)) - raft.server.log.appender.install.snapshot.enabled = false (custom)
2019-09-12 10:19:54,429 [pool-102-thread-1] INFO  impl.RaftServerImpl (ServerState.java:<init>(105)) - 3d473be4-26b6-4ee1-a28c-e085f166cf84:group-9C07B3F9C07C ConfigurationManager, init=-1: [3d473be4-26b6-4ee1-a28c-e085f166cf84:192.168.157.195:43100], old=null, confs=<EMPTY_MAP>
2019-09-12 10:19:54,430 [pool-102-thread-1] INFO  server.RaftServerConfigKeys (ConfUtils.java:logGet(43)) - raft.server.storage.dir = [/workdir/hadoop-ozone/integration-test/target/test-dir/MiniOzoneClusterImpl-e8e4c60a-c823-4d54-ae81-00ccaa13a6c6/datanode-2/data/ratis] (custom)
2019-09-12 10:19:54,430 [pool-102-thread-1] INFO  storage.RaftStorageDirectory (RaftStorageDirectory.java:analyzeStorage(246)) - The storage directory /workdir/hadoop-ozone/integration-test/target/test-dir/MiniOzoneClusterImpl-e8e4c60a-c823-4d54-ae81-00ccaa13a6c6/datanode-2/data/ratis/9ae87c55-f86b-408c-b7d8-9c07b3f9c07c does not exist. Creating ...
2019-09-12 10:19:54,448 [pool-102-thread-1] INFO  storage.RaftStorageDirectory (RaftStorageDirectory.java:tryLock(328)) - Lock on /workdir/hadoop-ozone/integration-test/target/test-dir/MiniOzoneClusterImpl-e8e4c60a-c823-4d54-ae81-00ccaa13a6c6/datanode-2/data/ratis/9ae87c55-f86b-408c-b7d8-9c07b3f9c07c/in_use.lock acquired by nodename 9433@pr-hdds-1569-xtfnx-3545843844
2019-09-12 10:19:54,461 [pool-102-thread-1] INFO  storage.RaftStorage (RaftStorage.java:format(72)) - Storage directory /workdir/hadoop-ozone/integration-test/target/test-dir/MiniOzoneClusterImpl-e8e4c60a-c823-4d54-ae81-00ccaa13a6c6/datanode-2/data/ratis/9ae87c55-f86b-408c-b7d8-9c07b3f9c07c has been successfully formatted.
2019-09-12 10:19:54,461 [pool-102-thread-1] INFO  ratis.ContainerStateMachine (ContainerStateMachine.java:loadSnapshot(226)) - group-9C07B3F9C07C: The snapshot info is null. Setting the last applied indexto:(t:0, i:~)
2019-09-12 10:19:54,461 [pool-102-thread-1] INFO  server.RaftServerConfigKeys (ConfUtils.java:logGet(43)) - raft.server.leader.election.timeout = 120s (custom)
2019-09-12 10:19:54,461 [pool-102-thread-1] INFO  server.RaftServerConfigKeys (ConfUtils.java:logGet(43)) - raft.server.log.use.memory = false (default)
2019-09-12 10:19:54,461 [pool-102-thread-1] INFO  server.RaftServerConfigKeys (ConfUtils.java:logGet(43)) - raft.server.log.purge.gap = 1000000 (custom)
2019-09-12 10:19:54,462 [pool-102-thread-1] INFO  server.RaftServerConfigKeys (ConfUtils.java:logGet(43)) - raft.server.log.appender.buffer.byte-limit = 33554432 (custom)
2019-09-12 10:19:54,462 [pool-102-thread-1] INFO  server.RaftServerConfigKeys (ConfUtils.java:logGet(43)) - raft.server.log.segment.size.max = 1048576 (custom)
2019-09-12 10:19:54,462 [pool-102-thread-1] INFO  server.RaftServerConfigKeys (ConfUtils.java:logGet(43)) - raft.server.log.segment.cache.num.max = 2 (custom)
2019-09-12 10:19:54,462 [pool-102-thread-1] INFO  segmented.SegmentedRaftLogWorker (SegmentedRaftLogWorker.java:<init>(172)) - new 3d473be4-26b6-4ee1-a28c-e085f166cf84-SegmentedRaftLogWorker:Storage Directory /workdir/hadoop-ozone/integration-test/target/test-dir/MiniOzoneClusterImpl-e8e4c60a-c823-4d54-ae81-00ccaa13a6c6/datanode-2/data/ratis/9ae87c55-f86b-408c-b7d8-9c07b3f9c07c for RaftStorage:Storage Directory /workdir/hadoop-ozone/integration-test/target/test-dir/MiniOzoneClusterImpl-e8e4c60a-c823-4d54-ae81-00ccaa13a6c6/datanode-2/data/ratis/9ae87c55-f86b-408c-b7d8-9c07b3f9c07c
2019-09-12 10:19:54,463 [pool-102-thread-1] INFO  server.RaftServerConfigKeys (ConfUtils.java:logGet(43)) - raft.server.log.queue.byte-limit = 2147483647 (custom)
2019-09-12 10:19:54,463 [pool-102-thread-1] INFO  server.RaftServerConfigKeys (ConfUtils.java:logGet(43)) - raft.server.log.queue.element-limit = 1024 (custom)
2019-09-12 10:19:54,463 [pool-102-thread-1] INFO  server.RaftServerConfigKeys (ConfUtils.java:logGet(43)) - raft.server.log.segment.size.max = 1048576 (custom)
2019-09-12 10:19:54,463 [pool-102-thread-1] INFO  server.RaftServerConfigKeys (ConfUtils.java:logGet(43)) - raft.server.log.preallocated.size = 16384 (custom)
2019-09-12 10:19:54,463 [pool-102-thread-1] INFO  server.RaftServerConfigKeys (ConfUtils.java:logGet(43)) - raft.server.log.write.buffer.size = 33554432 (custom)
2019-09-12 10:19:54,464 [pool-102-thread-1] INFO  server.RaftServerConfigKeys (ConfUtils.java:logGet(43)) - raft.server.log.force.sync.num = 128 (default)
2019-09-12 10:19:54,464 [pool-102-thread-1] INFO  server.RaftServerConfigKeys (ConfUtils.java:logGet(43)) - raft.server.log.statemachine.data.sync = true (default)
2019-09-12 10:19:54,464 [pool-102-thread-1] INFO  server.RaftServerConfigKeys (ConfUtils.java:logGet(43)) - raft.server.log.statemachine.data.sync.timeout = 10s (default)
2019-09-12 10:19:54,464 [pool-102-thread-1] INFO  server.RaftServerConfigKeys (ConfUtils.java:logGet(43)) - raft.server.log.statemachine.data.sync.timeout.retry = -1 (default)
2019-09-12 10:19:54,464 [pool-102-thread-1] INFO  server.RaftServerConfigKeys (ConfUtils.java:logGet(43)) - raft.server.log.statemachine.data.caching.enabled = true (custom)
2019-09-12 10:19:54,465 [pool-102-thread-1] INFO  segmented.SegmentedRaftLogWorker (SegmentedRaftLogWorker.java:lambda$new$0(132)) - 3d473be4-26b6-4ee1-a28c-e085f166cf84-SegmentedRaftLogWorker:Storage Directory /workdir/hadoop-ozone/integration-test/target/test-dir/MiniOzoneClusterImpl-e8e4c60a-c823-4d54-ae81-00ccaa13a6c6/datanode-2/data/ratis/9ae87c55-f86b-408c-b7d8-9c07b3f9c07c: flushIndex: setUnconditionally 0 -> -1
2019-09-12 10:19:54,465 [pool-102-thread-1] INFO  server.RaftServerConfigKeys (ConfUtils.java:logGet(43)) - raft.server.snapshot.auto.trigger.enabled = true (custom)
2019-09-12 10:19:54,465 [pool-102-thread-1] INFO  server.RaftServerConfigKeys (ConfUtils.java:logGet(43)) - raft.server.snapshot.auto.trigger.threshold = 10000 (custom)
2019-09-12 10:19:54,466 [pool-102-thread-1] INFO  server.RaftServerConfigKeys (ConfUtils.java:logGet(43)) - raft.server.retrycache.expirytime = 600000ms (custom)
2019-09-12 10:19:54,466 [pool-102-thread-1] INFO  impl.RaftServerImpl (RaftServerImpl.java:start(180)) - 3d473be4-26b6-4ee1-a28c-e085f166cf84: start group-9C07B3F9C07C
2019-09-12 10:19:54,466 [pool-102-thread-1] INFO  impl.RaftServerImpl (RaftServerImpl.java:setRole(171)) - 3d473be4-26b6-4ee1-a28c-e085f166cf84:group-9C07B3F9C07C changes role from null to FOLLOWER at term 0 for startAsFollower
2019-09-12 10:19:54,466 [pool-102-thread-1] INFO  impl.RoleInfo (RoleInfo.java:updateAndGet(143)) - 3d473be4-26b6-4ee1-a28c-e085f166cf84: start FollowerState
2019-09-12 10:19:54,467 [pool-102-thread-1] INFO  util.JmxRegister (JmxRegister.java:tryRegister(44)) - Successfully registered JMX Bean with object name Ratis:service=RaftServer,group=group-9C07B3F9C07C,id=3d473be4-26b6-4ee1-a28c-e085f166cf84
2019-09-12 10:19:54,472 [RatisPipelineUtilsThread] INFO  pipeline.PipelineStateManager (PipelineStateManager.java:addPipeline(56)) - Created pipeline Pipeline[ Id: 9ae87c55-f86b-408c-b7d8-9c07b3f9c07c, Nodes: 3d473be4-26b6-4ee1-a28c-e085f166cf84{ip: 192.168.157.195, host: pr-hdds-1569-xtfnx-3545843844, networkLocation: /default-rack, certSerialId: null}, Type:RATIS, Factor:ONE, State:OPEN]
2019-09-12 10:19:54,473 [RatisPipelineUtilsThread] ERROR pipeline.PipelinePlacementPolicy (PipelinePlacementPolicy.java:meetCriteria(91)) - Pipeline Placement: Doesn't meet the criteria to be viable node. Heaviness: 6
2019-09-12 10:19:54,473 [RatisPipelineUtilsThread] ERROR pipeline.PipelinePlacementPolicy (PipelinePlacementPolicy.java:meetCriteria(91)) - Pipeline Placement: Doesn't meet the criteria to be viable node. Heaviness: 6
2019-09-12 10:19:54,482 [grpc-default-executor-0] INFO  impl.RaftServerProxy (RaftServerProxy.java:addNew(89)) - 3d473be4-26b6-4ee1-a28c-e085f166cf84: addNew group-BF61560EC907:[3d473be4-26b6-4ee1-a28c-e085f166cf84:192.168.157.195:43100] returns group-BF61560EC907:java.util.concurrent.CompletableFuture@797efd39[Not completed]
2019-09-12 10:19:54,484 [pool-102-thread-1] INFO  impl.RaftServerImpl (RaftServerImpl.java:<init>(93)) - 3d473be4-26b6-4ee1-a28c-e085f166cf84: new RaftServerImpl for group-BF61560EC907:[3d473be4-26b6-4ee1-a28c-e085f166cf84:192.168.157.195:43100] with ContainerStateMachine:uninitialized
2019-09-12 10:19:54,485 [pool-102-thread-1] INFO  server.RaftServerConfigKeys (ConfUtils.java:logGet(43)) - raft.server.rpc.timeout.min = 5s (custom)
2019-09-12 10:19:54,485 [pool-102-thread-1] INFO  server.RaftServerConfigKeys (ConfUtils.java:logGet(43)) - raft.server.rpc.timeout.max = 5200ms (custom)
2019-09-12 10:19:54,485 [pool-102-thread-1] INFO  server.RaftServerConfigKeys (ConfUtils.java:logGet(43)) - raft.server.rpcslowness.timeout = 120s (custom)
2019-09-12 10:19:54,485 [pool-102-thread-1] INFO  server.RaftServerConfigKeys (ConfUtils.java:logGet(43)) - raft.server.sleep.deviation.threshold = 300 (default)
2019-09-12 10:19:54,485 [pool-102-thread-1] INFO  server.RaftServerConfigKeys (ConfUtils.java:logGet(43)) - raft.server.log.appender.install.snapshot.enabled = false (custom)
2019-09-12 10:19:54,486 [pool-102-thread-1] INFO  impl.RaftServerImpl (ServerState.java:<init>(105)) - 3d473be4-26b6-4ee1-a28c-e085f166cf84:group-BF61560EC907 ConfigurationManager, init=-1: [3d473be4-26b6-4ee1-a28c-e085f166cf84:192.168.157.195:43100], old=null, confs=<EMPTY_MAP>
2019-09-12 10:19:54,486 [pool-102-thread-1] INFO  server.RaftServerConfigKeys (ConfUtils.java:logGet(43)) - raft.server.storage.dir = [/workdir/hadoop-ozone/integration-test/target/test-dir/MiniOzoneClusterImpl-e8e4c60a-c823-4d54-ae81-00ccaa13a6c6/datanode-2/data/ratis] (custom)
2019-09-12 10:19:54,486 [pool-102-thread-1] INFO  storage.RaftStorageDirectory (RaftStorageDirectory.java:analyzeStorage(246)) - The storage directory /workdir/hadoop-ozone/integration-test/target/test-dir/MiniOzoneClusterImpl-e8e4c60a-c823-4d54-ae81-00ccaa13a6c6/datanode-2/data/ratis/824eafd3-9980-479e-b88a-bf61560ec907 does not exist. Creating ...
2019-09-12 10:19:54,499 [pool-102-thread-1] INFO  storage.RaftStorageDirectory (RaftStorageDirectory.java:tryLock(328)) - Lock on /workdir/hadoop-ozone/integration-test/target/test-dir/MiniOzoneClusterImpl-e8e4c60a-c823-4d54-ae81-00ccaa13a6c6/datanode-2/data/ratis/824eafd3-9980-479e-b88a-bf61560ec907/in_use.lock acquired by nodename 9433@pr-hdds-1569-xtfnx-3545843844
2019-09-12 10:19:54,512 [pool-102-thread-1] INFO  storage.RaftStorage (RaftStorage.java:format(72)) - Storage directory /workdir/hadoop-ozone/integration-test/target/test-dir/MiniOzoneClusterImpl-e8e4c60a-c823-4d54-ae81-00ccaa13a6c6/datanode-2/data/ratis/824eafd3-9980-479e-b88a-bf61560ec907 has been successfully formatted.
2019-09-12 10:19:54,512 [pool-102-thread-1] INFO  ratis.ContainerStateMachine (ContainerStateMachine.java:loadSnapshot(226)) - group-BF61560EC907: The snapshot info is null. Setting the last applied indexto:(t:0, i:~)
2019-09-12 10:19:54,513 [pool-102-thread-1] INFO  server.RaftServerConfigKeys (ConfUtils.java:logGet(43)) - raft.server.leader.election.timeout = 120s (custom)
2019-09-12 10:19:54,513 [pool-102-thread-1] INFO  server.RaftServerConfigKeys (ConfUtils.java:logGet(43)) - raft.server.log.use.memory = false (default)
2019-09-12 10:19:54,513 [pool-102-thread-1] INFO  server.RaftServerConfigKeys (ConfUtils.java:logGet(43)) - raft.server.log.purge.gap = 1000000 (custom)
2019-09-12 10:19:54,513 [pool-102-thread-1] INFO  server.RaftServerConfigKeys (ConfUtils.java:logGet(43)) - raft.server.log.appender.buffer.byte-limit = 33554432 (custom)
2019-09-12 10:19:54,514 [pool-102-thread-1] INFO  server.RaftServerConfigKeys (ConfUtils.java:logGet(43)) - raft.server.log.segment.size.max = 1048576 (custom)
2019-09-12 10:19:54,514 [pool-102-thread-1] INFO  server.RaftServerConfigKeys (ConfUtils.java:logGet(43)) - raft.server.log.segment.cache.num.max = 2 (custom)
2019-09-12 10:19:54,514 [pool-102-thread-1] INFO  segmented.SegmentedRaftLogWorker (SegmentedRaftLogWorker.java:<init>(172)) - new 3d473be4-26b6-4ee1-a28c-e085f166cf84-SegmentedRaftLogWorker:Storage Directory /workdir/hadoop-ozone/integration-test/target/test-dir/MiniOzoneClusterImpl-e8e4c60a-c823-4d54-ae81-00ccaa13a6c6/datanode-2/data/ratis/824eafd3-9980-479e-b88a-bf61560ec907 for RaftStorage:Storage Directory /workdir/hadoop-ozone/integration-test/target/test-dir/MiniOzoneClusterImpl-e8e4c60a-c823-4d54-ae81-00ccaa13a6c6/datanode-2/data/ratis/824eafd3-9980-479e-b88a-bf61560ec907
2019-09-12 10:19:54,514 [pool-102-thread-1] INFO  server.RaftServerConfigKeys (ConfUtils.java:logGet(43)) - raft.server.log.queue.byte-limit = 2147483647 (custom)
2019-09-12 10:19:54,514 [pool-102-thread-1] INFO  server.RaftServerConfigKeys (ConfUtils.java:logGet(43)) - raft.server.log.queue.element-limit = 1024 (custom)
2019-09-12 10:19:54,515 [pool-102-thread-1] INFO  server.RaftServerConfigKeys (ConfUtils.java:logGet(43)) - raft.server.log.segment.size.max = 1048576 (custom)
2019-09-12 10:19:54,515 [pool-102-thread-1] INFO  server.RaftServerConfigKeys (ConfUtils.java:logGet(43)) - raft.server.log.preallocated.size = 16384 (custom)
2019-09-12 10:19:54,515 [pool-102-thread-1] INFO  server.RaftServerConfigKeys (ConfUtils.java:logGet(43)) - raft.server.log.write.buffer.size = 33554432 (custom)
2019-09-12 10:19:54,515 [pool-102-thread-1] INFO  server.RaftServerConfigKeys (ConfUtils.java:logGet(43)) - raft.server.log.force.sync.num = 128 (default)
2019-09-12 10:19:54,516 [pool-102-thread-1] INFO  server.RaftServerConfigKeys (ConfUtils.java:logGet(43)) - raft.server.log.statemachine.data.sync = true (default)
2019-09-12 10:19:54,516 [pool-102-thread-1] INFO  server.RaftServerConfigKeys (ConfUtils.java:logGet(43)) - raft.server.log.statemachine.data.sync.timeout = 10s (default)
2019-09-12 10:19:54,516 [pool-102-thread-1] INFO  server.RaftServerConfigKeys (ConfUtils.java:logGet(43)) - raft.server.log.statemachine.data.sync.timeout.retry = -1 (default)
2019-09-12 10:19:54,516 [pool-102-thread-1] INFO  server.RaftServerConfigKeys (ConfUtils.java:logGet(43)) - raft.server.log.statemachine.data.caching.enabled = true (custom)
2019-09-12 10:19:54,517 [pool-102-thread-1] INFO  segmented.SegmentedRaftLogWorker (SegmentedRaftLogWorker.java:lambda$new$0(132)) - 3d473be4-26b6-4ee1-a28c-e085f166cf84-SegmentedRaftLogWorker:Storage Directory /workdir/hadoop-ozone/integration-test/target/test-dir/MiniOzoneClusterImpl-e8e4c60a-c823-4d54-ae81-00ccaa13a6c6/datanode-2/data/ratis/824eafd3-9980-479e-b88a-bf61560ec907: flushIndex: setUnconditionally 0 -> -1
2019-09-12 10:19:54,517 [pool-102-thread-1] INFO  server.RaftServerConfigKeys (ConfUtils.java:logGet(43)) - raft.server.snapshot.auto.trigger.enabled = true (custom)
2019-09-12 10:19:54,517 [pool-102-thread-1] INFO  server.RaftServerConfigKeys (ConfUtils.java:logGet(43)) - raft.server.snapshot.auto.trigger.threshold = 10000 (custom)
2019-09-12 10:19:54,518 [pool-102-thread-1] INFO  server.RaftServerConfigKeys (ConfUtils.java:logGet(43)) - raft.server.retrycache.expirytime = 600000ms (custom)
2019-09-12 10:19:54,518 [pool-102-thread-1] INFO  impl.RaftServerImpl (RaftServerImpl.java:start(180)) - 3d473be4-26b6-4ee1-a28c-e085f166cf84: start group-BF61560EC907
2019-09-12 10:19:54,518 [pool-102-thread-1] INFO  impl.RaftServerImpl (RaftServerImpl.java:setRole(171)) - 3d473be4-26b6-4ee1-a28c-e085f166cf84:group-BF61560EC907 changes role from null to FOLLOWER at term 0 for startAsFollower
2019-09-12 10:19:54,518 [pool-102-thread-1] INFO  impl.RoleInfo (RoleInfo.java:updateAndGet(143)) - 3d473be4-26b6-4ee1-a28c-e085f166cf84: start FollowerState
2019-09-12 10:19:54,519 [pool-102-thread-1] INFO  util.JmxRegister (JmxRegister.java:tryRegister(44)) - Successfully registered JMX Bean with object name Ratis:service=RaftServer,group=group-BF61560EC907,id=3d473be4-26b6-4ee1-a28c-e085f166cf84
2019-09-12 10:19:54,524 [RatisPipelineUtilsThread] INFO  pipeline.PipelineStateManager (PipelineStateManager.java:addPipeline(56)) - Created pipeline Pipeline[ Id: 824eafd3-9980-479e-b88a-bf61560ec907, Nodes: 3d473be4-26b6-4ee1-a28c-e085f166cf84{ip: 192.168.157.195, host: pr-hdds-1569-xtfnx-3545843844, networkLocation: /default-rack, certSerialId: null}, Type:RATIS, Factor:ONE, State:OPEN]
2019-09-12 10:19:54,524 [RatisPipelineUtilsThread] ERROR pipeline.PipelinePlacementPolicy (PipelinePlacementPolicy.java:meetCriteria(91)) - Pipeline Placement: Doesn't meet the criteria to be viable node. Heaviness: 6
2019-09-12 10:19:54,525 [RatisPipelineUtilsThread] ERROR pipeline.PipelinePlacementPolicy (PipelinePlacementPolicy.java:meetCriteria(91)) - Pipeline Placement: Doesn't meet the criteria to be viable node. Heaviness: 6
2019-09-12 10:19:54,534 [grpc-default-executor-0] INFO  impl.RaftServerProxy (RaftServerProxy.java:addNew(89)) - 3d473be4-26b6-4ee1-a28c-e085f166cf84: addNew group-834740838F7E:[3d473be4-26b6-4ee1-a28c-e085f166cf84:192.168.157.195:43100] returns group-834740838F7E:java.util.concurrent.CompletableFuture@4994d7c8[Not completed]
2019-09-12 10:19:54,536 [pool-102-thread-1] INFO  impl.RaftServerImpl (RaftServerImpl.java:<init>(93)) - 3d473be4-26b6-4ee1-a28c-e085f166cf84: new RaftServerImpl for group-834740838F7E:[3d473be4-26b6-4ee1-a28c-e085f166cf84:192.168.157.195:43100] with ContainerStateMachine:uninitialized
2019-09-12 10:19:54,536 [pool-102-thread-1] INFO  server.RaftServerConfigKeys (ConfUtils.java:logGet(43)) - raft.server.rpc.timeout.min = 5s (custom)
2019-09-12 10:19:54,536 [pool-102-thread-1] INFO  server.RaftServerConfigKeys (ConfUtils.java:logGet(43)) - raft.server.rpc.timeout.max = 5200ms (custom)
2019-09-12 10:19:54,536 [pool-102-thread-1] INFO  server.RaftServerConfigKeys (ConfUtils.java:logGet(43)) - raft.server.rpcslowness.timeout = 120s (custom)
2019-09-12 10:19:54,536 [pool-102-thread-1] INFO  server.RaftServerConfigKeys (ConfUtils.java:logGet(43)) - raft.server.sleep.deviation.threshold = 300 (default)
2019-09-12 10:19:54,537 [pool-102-thread-1] INFO  server.RaftServerConfigKeys (ConfUtils.java:logGet(43)) - raft.server.log.appender.install.snapshot.enabled = false (custom)
2019-09-12 10:19:54,537 [pool-102-thread-1] INFO  impl.RaftServerImpl (ServerState.java:<init>(105)) - 3d473be4-26b6-4ee1-a28c-e085f166cf84:group-834740838F7E ConfigurationManager, init=-1: [3d473be4-26b6-4ee1-a28c-e085f166cf84:192.168.157.195:43100], old=null, confs=<EMPTY_MAP>
2019-09-12 10:19:54,537 [pool-102-thread-1] INFO  server.RaftServerConfigKeys (ConfUtils.java:logGet(43)) - raft.server.storage.dir = [/workdir/hadoop-ozone/integration-test/target/test-dir/MiniOzoneClusterImpl-e8e4c60a-c823-4d54-ae81-00ccaa13a6c6/datanode-2/data/ratis] (custom)
2019-09-12 10:19:54,537 [pool-102-thread-1] INFO  storage.RaftStorageDirectory (RaftStorageDirectory.java:analyzeStorage(246)) - The storage directory /workdir/hadoop-ozone/integration-test/target/test-dir/MiniOzoneClusterImpl-e8e4c60a-c823-4d54-ae81-00ccaa13a6c6/datanode-2/data/ratis/d8d65ea9-c291-478d-b05c-834740838f7e does not exist. Creating ...
2019-09-12 10:19:54,550 [pool-102-thread-1] INFO  storage.RaftStorageDirectory (RaftStorageDirectory.java:tryLock(328)) - Lock on /workdir/hadoop-ozone/integration-test/target/test-dir/MiniOzoneClusterImpl-e8e4c60a-c823-4d54-ae81-00ccaa13a6c6/datanode-2/data/ratis/d8d65ea9-c291-478d-b05c-834740838f7e/in_use.lock acquired by nodename 9433@pr-hdds-1569-xtfnx-3545843844
2019-09-12 10:19:54,564 [pool-102-thread-1] INFO  storage.RaftStorage (RaftStorage.java:format(72)) - Storage directory /workdir/hadoop-ozone/integration-test/target/test-dir/MiniOzoneClusterImpl-e8e4c60a-c823-4d54-ae81-00ccaa13a6c6/datanode-2/data/ratis/d8d65ea9-c291-478d-b05c-834740838f7e has been successfully formatted.
2019-09-12 10:19:54,564 [pool-102-thread-1] INFO  ratis.ContainerStateMachine (ContainerStateMachine.java:loadSnapshot(226)) - group-834740838F7E: The snapshot info is null. Setting the last applied indexto:(t:0, i:~)
2019-09-12 10:19:54,564 [pool-102-thread-1] INFO  server.RaftServerConfigKeys (ConfUtils.java:logGet(43)) - raft.server.leader.election.timeout = 120s (custom)
2019-09-12 10:19:54,565 [pool-102-thread-1] INFO  server.RaftServerConfigKeys (ConfUtils.java:logGet(43)) - raft.server.log.use.memory = false (default)
2019-09-12 10:19:54,565 [pool-102-thread-1] INFO  server.RaftServerConfigKeys (ConfUtils.java:logGet(43)) - raft.server.log.purge.gap = 1000000 (custom)
2019-09-12 10:19:54,565 [pool-102-thread-1] INFO  server.RaftServerConfigKeys (ConfUtils.java:logGet(43)) - raft.server.log.appender.buffer.byte-limit = 33554432 (custom)
2019-09-12 10:19:54,565 [pool-102-thread-1] INFO  server.RaftServerConfigKeys (ConfUtils.java:logGet(43)) - raft.server.log.segment.size.max = 1048576 (custom)
2019-09-12 10:19:54,566 [pool-102-thread-1] INFO  server.RaftServerConfigKeys (ConfUtils.java:logGet(43)) - raft.server.log.segment.cache.num.max = 2 (custom)
2019-09-12 10:19:54,566 [pool-102-thread-1] INFO  segmented.SegmentedRaftLogWorker (SegmentedRaftLogWorker.java:<init>(172)) - new 3d473be4-26b6-4ee1-a28c-e085f166cf84-SegmentedRaftLogWorker:Storage Directory /workdir/hadoop-ozone/integration-test/target/test-dir/MiniOzoneClusterImpl-e8e4c60a-c823-4d54-ae81-00ccaa13a6c6/datanode-2/data/ratis/d8d65ea9-c291-478d-b05c-834740838f7e for RaftStorage:Storage Directory /workdir/hadoop-ozone/integration-test/target/test-dir/MiniOzoneClusterImpl-e8e4c60a-c823-4d54-ae81-00ccaa13a6c6/datanode-2/data/ratis/d8d65ea9-c291-478d-b05c-834740838f7e
2019-09-12 10:19:54,566 [pool-102-thread-1] INFO  server.RaftServerConfigKeys (ConfUtils.java:logGet(43)) - raft.server.log.queue.byte-limit = 2147483647 (custom)
2019-09-12 10:19:54,566 [pool-102-thread-1] INFO  server.RaftServerConfigKeys (ConfUtils.java:logGet(43)) - raft.server.log.queue.element-limit = 1024 (custom)
2019-09-12 10:19:54,567 [pool-102-thread-1] INFO  server.RaftServerConfigKeys (ConfUtils.java:logGet(43)) - raft.server.log.segment.size.max = 1048576 (custom)
2019-09-12 10:19:54,567 [pool-102-thread-1] INFO  server.RaftServerConfigKeys (ConfUtils.java:logGet(43)) - raft.server.log.preallocated.size = 16384 (custom)
2019-09-12 10:19:54,567 [pool-102-thread-1] INFO  server.RaftServerConfigKeys (ConfUtils.java:logGet(43)) - raft.server.log.write.buffer.size = 33554432 (custom)
2019-09-12 10:19:54,567 [pool-102-thread-1] INFO  server.RaftServerConfigKeys (ConfUtils.java:logGet(43)) - raft.server.log.force.sync.num = 128 (default)
2019-09-12 10:19:54,567 [pool-102-thread-1] INFO  server.RaftServerConfigKeys (ConfUtils.java:logGet(43)) - raft.server.log.statemachine.data.sync = true (default)
2019-09-12 10:19:54,568 [pool-102-thread-1] INFO  server.RaftServerConfigKeys (ConfUtils.java:logGet(43)) - raft.server.log.statemachine.data.sync.timeout = 10s (default)
2019-09-12 10:19:54,568 [pool-102-thread-1] INFO  server.RaftServerConfigKeys (ConfUtils.java:logGet(43)) - raft.server.log.statemachine.data.sync.timeout.retry = -1 (default)
2019-09-12 10:19:54,568 [pool-102-thread-1] INFO  server.RaftServerConfigKeys (ConfUtils.java:logGet(43)) - raft.server.log.statemachine.data.caching.enabled = true (custom)
2019-09-12 10:19:54,569 [pool-102-thread-1] INFO  segmented.SegmentedRaftLogWorker (SegmentedRaftLogWorker.java:lambda$new$0(132)) - 3d473be4-26b6-4ee1-a28c-e085f166cf84-SegmentedRaftLogWorker:Storage Directory /workdir/hadoop-ozone/integration-test/target/test-dir/MiniOzoneClusterImpl-e8e4c60a-c823-4d54-ae81-00ccaa13a6c6/datanode-2/data/ratis/d8d65ea9-c291-478d-b05c-834740838f7e: flushIndex: setUnconditionally 0 -> -1
2019-09-12 10:19:54,569 [pool-102-thread-1] INFO  server.RaftServerConfigKeys (ConfUtils.java:logGet(43)) - raft.server.snapshot.auto.trigger.enabled = true (custom)
2019-09-12 10:19:54,569 [pool-102-thread-1] INFO  server.RaftServerConfigKeys (ConfUtils.java:logGet(43)) - raft.server.snapshot.auto.trigger.threshold = 10000 (custom)
2019-09-12 10:19:54,570 [pool-102-thread-1] INFO  server.RaftServerConfigKeys (ConfUtils.java:logGet(43)) - raft.server.retrycache.expirytime = 600000ms (custom)
2019-09-12 10:19:54,570 [pool-102-thread-1] INFO  impl.RaftServerImpl (RaftServerImpl.java:start(180)) - 3d473be4-26b6-4ee1-a28c-e085f166cf84: start group-834740838F7E
2019-09-12 10:19:54,570 [pool-102-thread-1] INFO  impl.RaftServerImpl (RaftServerImpl.java:setRole(171)) - 3d473be4-26b6-4ee1-a28c-e085f166cf84:group-834740838F7E changes role from null to FOLLOWER at term 0 for startAsFollower
2019-09-12 10:19:54,570 [pool-102-thread-1] INFO  impl.RoleInfo (RoleInfo.java:updateAndGet(143)) - 3d473be4-26b6-4ee1-a28c-e085f166cf84: start FollowerState
2019-09-12 10:19:54,571 [pool-102-thread-1] INFO  util.JmxRegister (JmxRegister.java:tryRegister(44)) - Successfully registered JMX Bean with object name Ratis:service=RaftServer,group=group-834740838F7E,id=3d473be4-26b6-4ee1-a28c-e085f166cf84
2019-09-12 10:19:54,575 [RatisPipelineUtilsThread] INFO  pipeline.PipelineStateManager (PipelineStateManager.java:addPipeline(56)) - Created pipeline Pipeline[ Id: d8d65ea9-c291-478d-b05c-834740838f7e, Nodes: 3d473be4-26b6-4ee1-a28c-e085f166cf84{ip: 192.168.157.195, host: pr-hdds-1569-xtfnx-3545843844, networkLocation: /default-rack, certSerialId: null}, Type:RATIS, Factor:ONE, State:OPEN]
2019-09-12 10:19:54,575 [RatisPipelineUtilsThread] ERROR pipeline.PipelinePlacementPolicy (PipelinePlacementPolicy.java:meetCriteria(91)) - Pipeline Placement: Doesn't meet the criteria to be viable node. Heaviness: 6
2019-09-12 10:19:54,576 [RatisPipelineUtilsThread] ERROR pipeline.PipelinePlacementPolicy (PipelinePlacementPolicy.java:meetCriteria(91)) - Pipeline Placement: Doesn't meet the criteria to be viable node. Heaviness: 6
2019-09-12 10:19:54,576 [RatisPipelineUtilsThread] ERROR pipeline.PipelinePlacementPolicy (PipelinePlacementPolicy.java:meetCriteria(91)) - Pipeline Placement: Doesn't meet the criteria to be viable node. Heaviness: 6
2019-09-12 10:19:54,576 [RatisPipelineUtilsThread] ERROR pipeline.PipelinePlacementPolicy (PipelinePlacementPolicy.java:filterViableNodes(146)) - Unable to find enough nodes that meet the criteria that cannot engage in more than 5 pipelines. Nodes required: 1 Found: 0, healthy nodes count inNodeManager: 3.
2019-09-12 10:19:54,576 [RatisPipelineUtilsThread] ERROR pipeline.SCMPipelineManager (SCMPipelineManager.java:createPipeline(161)) - Pipeline creation failed due to exception: Unable to find enough nodes that meet the criteria that cannot engage in more than 5 pipelines. Nodes required: 1 Found: 0, healthy nodes count inNodeManager: 3.
2019-09-12 10:19:54,576 [RatisPipelineUtilsThread] ERROR pipeline.PipelinePlacementPolicy (PipelinePlacementPolicy.java:meetCriteria(91)) - Pipeline Placement: Doesn't meet the criteria to be viable node. Heaviness: 6
2019-09-12 10:19:54,577 [RatisPipelineUtilsThread] ERROR pipeline.PipelinePlacementPolicy (PipelinePlacementPolicy.java:meetCriteria(91)) - Pipeline Placement: Doesn't meet the criteria to be viable node. Heaviness: 6
2019-09-12 10:19:54,577 [RatisPipelineUtilsThread] ERROR pipeline.PipelinePlacementPolicy (PipelinePlacementPolicy.java:meetCriteria(91)) - Pipeline Placement: Doesn't meet the criteria to be viable node. Heaviness: 6
2019-09-12 10:19:54,577 [RatisPipelineUtilsThread] ERROR pipeline.PipelinePlacementPolicy (PipelinePlacementPolicy.java:filterViableNodes(146)) - Unable to find enough nodes that meet the criteria that cannot engage in more than 5 pipelines. Nodes required: 3 Found: 0, healthy nodes count inNodeManager: 3.
2019-09-12 10:19:54,577 [RatisPipelineUtilsThread] ERROR pipeline.SCMPipelineManager (SCMPipelineManager.java:createPipeline(161)) - Pipeline creation failed due to exception: Unable to find enough nodes that meet the criteria that cannot engage in more than 5 pipelines. Nodes required: 3 Found: 0, healthy nodes count inNodeManager: 3.
2019-09-12 10:19:54,578 [RatisPipelineUtilsThread] ERROR pipeline.PipelinePlacementPolicy (PipelinePlacementPolicy.java:meetCriteria(91)) - Pipeline Placement: Doesn't meet the criteria to be viable node. Heaviness: 6
2019-09-12 10:19:54,578 [RatisPipelineUtilsThread] ERROR pipeline.PipelinePlacementPolicy (PipelinePlacementPolicy.java:meetCriteria(91)) - Pipeline Placement: Doesn't meet the criteria to be viable node. Heaviness: 6
2019-09-12 10:19:54,578 [RatisPipelineUtilsThread] ERROR pipeline.PipelinePlacementPolicy (PipelinePlacementPolicy.java:meetCriteria(91)) - Pipeline Placement: Doesn't meet the criteria to be viable node. Heaviness: 6
2019-09-12 10:19:54,578 [RatisPipelineUtilsThread] ERROR pipeline.PipelinePlacementPolicy (PipelinePlacementPolicy.java:filterViableNodes(146)) - Unable to find enough nodes that meet the criteria that cannot engage in more than 5 pipelines. Nodes required: 1 Found: 0, healthy nodes count inNodeManager: 3.
2019-09-12 10:19:54,578 [RatisPipelineUtilsThread] ERROR pipeline.SCMPipelineManager (SCMPipelineManager.java:createPipeline(161)) - Pipeline creation failed due to exception: Unable to find enough nodes that meet the criteria that cannot engage in more than 5 pipelines. Nodes required: 1 Found: 0, healthy nodes count inNodeManager: 3.
2019-09-12 10:19:54,579 [RatisPipelineUtilsThread] ERROR pipeline.PipelinePlacementPolicy (PipelinePlacementPolicy.java:meetCriteria(91)) - Pipeline Placement: Doesn't meet the criteria to be viable node. Heaviness: 6
2019-09-12 10:19:54,579 [RatisPipelineUtilsThread] ERROR pipeline.PipelinePlacementPolicy (PipelinePlacementPolicy.java:meetCriteria(91)) - Pipeline Placement: Doesn't meet the criteria to be viable node. Heaviness: 6
2019-09-12 10:19:54,579 [RatisPipelineUtilsThread] ERROR pipeline.PipelinePlacementPolicy (PipelinePlacementPolicy.java:meetCriteria(91)) - Pipeline Placement: Doesn't meet the criteria to be viable node. Heaviness: 6
2019-09-12 10:19:54,579 [RatisPipelineUtilsThread] ERROR pipeline.PipelinePlacementPolicy (PipelinePlacementPolicy.java:filterViableNodes(146)) - Unable to find enough nodes that meet the criteria that cannot engage in more than 5 pipelines. Nodes required: 3 Found: 0, healthy nodes count inNodeManager: 3.
2019-09-12 10:19:54,579 [RatisPipelineUtilsThread] ERROR pipeline.SCMPipelineManager (SCMPipelineManager.java:createPipeline(161)) - Pipeline creation failed due to exception: Unable to find enough nodes that meet the criteria that cannot engage in more than 5 pipelines. Nodes required: 3 Found: 0, healthy nodes count inNodeManager: 3.
2019-09-12 10:19:54,969 [main] INFO  ozone.MiniOzoneClusterImpl (MiniOzoneClusterImpl.java:lambda$waitForClusterToBeReady$0(142)) - Cluster is ready. Got 3 of 3 DN Heartbeats.
2019-09-12 10:19:54,970 [main] ERROR pipeline.PipelinePlacementPolicy (PipelinePlacementPolicy.java:meetCriteria(91)) - Pipeline Placement: Doesn't meet the criteria to be viable node. Heaviness: 6
2019-09-12 10:19:54,970 [main] ERROR pipeline.PipelinePlacementPolicy (PipelinePlacementPolicy.java:meetCriteria(91)) - Pipeline Placement: Doesn't meet the criteria to be viable node. Heaviness: 6
2019-09-12 10:19:54,971 [main] ERROR pipeline.PipelinePlacementPolicy (PipelinePlacementPolicy.java:meetCriteria(91)) - Pipeline Placement: Doesn't meet the criteria to be viable node. Heaviness: 6
2019-09-12 10:19:54,971 [main] ERROR pipeline.PipelinePlacementPolicy (PipelinePlacementPolicy.java:filterViableNodes(146)) - Unable to find enough nodes that meet the criteria that cannot engage in more than 5 pipelines. Nodes required: 3 Found: 0, healthy nodes count inNodeManager: 3.
2019-09-12 10:19:54,971 [main] ERROR pipeline.SCMPipelineManager (SCMPipelineManager.java:createPipeline(161)) - Pipeline creation failed due to exception: Unable to find enough nodes that meet the criteria that cannot engage in more than 5 pipelines. Nodes required: 3 Found: 0, healthy nodes count inNodeManager: 3.
2019-09-12 10:19:54,972 [main] INFO  ozone.MiniOzoneClusterImpl (MiniOzoneClusterImpl.java:shutdown(321)) - Shutting down the Mini Ozone Cluster
2019-09-12 10:19:54,972 | INFO  | SCMAudit | user=null | ip=null | op=GET_SCM_INFO null | ret=SUCCESS |  
2019-09-12 10:19:54,972 [main] INFO  ozone.MiniOzoneClusterImpl (MiniOzoneClusterImpl.java:stop(336)) - Stopping the Mini Ozone Cluster
2019-09-12 10:19:54,973 [main] INFO  ozone.MiniOzoneClusterImpl (MiniOzoneClusterImpl.java:stop(338)) - Stopping the OzoneManager
2019-09-12 10:19:54,973 [main] INFO  ipc.Server (Server.java:stop(3082)) - Stopping server on 45821
2019-09-12 10:19:54,985 [IPC Server listener on 45821] INFO  ipc.Server (Server.java:run(1185)) - Stopping IPC Server listener on 45821
2019-09-12 10:19:54,987 [main] INFO  ratis.OzoneManagerDoubleBuffer (OzoneManagerDoubleBuffer.java:stop(248)) - Stopping OMDoubleBuffer flush thread
2019-09-12 10:19:54,985 [IPC Server Responder] INFO  ipc.Server (Server.java:run(1319)) - Stopping IPC Server Responder
2019-09-12 10:19:54,999 [OMDoubleBufferFlushThread] INFO  ratis.OzoneManagerDoubleBuffer (OzoneManagerDoubleBuffer.java:flushTransactions(191)) - OMDoubleBuffer flush thread OMDoubleBufferFlushThread is interrupted and will exit. OMDoubleBufferFlushThread
2019-09-12 10:19:54,999 [main] INFO  utils.BackgroundService (BackgroundService.java:shutdown(148)) - Shutting down service KeyDeletingService
2019-09-12 10:19:55,002 [main] INFO  handler.ContextHandler (ContextHandler.java:doStop(910)) - Stopped o.e.j.w.WebAppContext@5763a655{/,null,UNAVAILABLE}{/ozoneManager}
2019-09-12 10:19:55,003 [main] INFO  server.AbstractConnector (AbstractConnector.java:doStop(318)) - Stopped ServerConnector@40c8067{HTTP/1.1,[http/1.1]}{0.0.0.0:0}
2019-09-12 10:19:55,003 [main] INFO  handler.ContextHandler (ContextHandler.java:doStop(910)) - Stopped o.e.j.s.ServletContextHandler@50e5032c{/static,file:///workdir/hadoop-ozone/integration-test/target/test-classes/webapps/static,UNAVAILABLE}
2019-09-12 10:19:55,004 [main] INFO  handler.ContextHandler (ContextHandler.java:doStop(910)) - Stopped o.e.j.s.ServletContextHandler@49c1e294{/logs,file:///workdir/hadoop-ozone/integration-test/target/log,UNAVAILABLE}
2019-09-12 10:19:55,007 [main] INFO  ozone.MiniOzoneClusterImpl (MiniOzoneClusterImpl.java:stop(344)) - Shutting the HddsDatanodes
2019-09-12 10:19:55,008 [main] INFO  datanode.ObjectStoreHandler (ObjectStoreHandler.java:close(155)) - Closing ObjectStoreHandler.
2019-09-12 10:19:55,008 [ForkJoinPool.commonPool-worker-0] INFO  datanode.ObjectStoreHandler (ObjectStoreHandler.java:close(155)) - Closing ObjectStoreHandler.
2019-09-12 10:19:55,008 [main] INFO  ozone.HddsDatanodeService (HddsDatanodeService.java:stop(451)) - Stopped plug-in org.apache.hadoop.ozone.web.OzoneHddsDatanodeService@638afcaa
2019-09-12 10:19:55,009 [ForkJoinPool.commonPool-worker-0] INFO  ozone.HddsDatanodeService (HddsDatanodeService.java:stop(451)) - Stopped plug-in org.apache.hadoop.ozone.web.OzoneHddsDatanodeService@6c5ca0b6
2019-09-12 10:19:55,565 [Datanode State Machine Thread - 0] INFO  statemachine.DatanodeStateMachine (DatanodeStateMachine.java:lambda$startDaemon$0(350)) - Ozone container server started.
2019-09-12 10:19:55,770 [Datanode State Machine Thread - 0] INFO  statemachine.DatanodeStateMachine (DatanodeStateMachine.java:lambda$startDaemon$0(350)) - Ozone container server started.
2019-09-12 10:19:55,974 | INFO  | SCMAudit | user=jenkins1000 | ip=192.168.157.195 | op=SEND_HEARTBEAT {datanodeUUID=3d473be4-26b6-4ee1-a28c-e085f166cf84, command=[]} | ret=SUCCESS |  
2019-09-12 10:19:56,579 [Thread-439] INFO  container.ReplicationManager (ReplicationManager.java:start(151)) - Starting Replication Monitor Thread.
2019-09-12 10:19:56,583 [ReplicationMonitor] INFO  container.ReplicationManager (ReplicationManager.java:run(214)) - Replication Monitor Thread took 0 milliseconds for processing 0 containers.
2019-09-12 10:19:56,974 | INFO  | SCMAudit | user=jenkins1000 | ip=192.168.157.195 | op=SEND_HEARTBEAT {datanodeUUID=3d473be4-26b6-4ee1-a28c-e085f166cf84, command=[]} | ret=SUCCESS |  
2019-09-12 10:19:57,973 | INFO  | SCMAudit | user=jenkins1000 | ip=192.168.157.195 | op=SEND_HEARTBEAT {datanodeUUID=3d473be4-26b6-4ee1-a28c-e085f166cf84, command=[]} | ret=SUCCESS |  
2019-09-12 10:19:58,756 [Thread-441] INFO  impl.FollowerState (FollowerState.java:run(106)) - 5c516266-aae8-47ae-932c-38f5d02bdb1c:group-B6FE0F8FFBEA changes to CANDIDATE, lastRpcTime:5108, electionTimeout:5108ms
2019-09-12 10:19:58,756 [Thread-441] INFO  impl.RoleInfo (RoleInfo.java:shutdownFollowerState(121)) - 5c516266-aae8-47ae-932c-38f5d02bdb1c: shutdown FollowerState
2019-09-12 10:19:58,756 [Thread-441] INFO  impl.RaftServerImpl (RaftServerImpl.java:setRole(171)) - 5c516266-aae8-47ae-932c-38f5d02bdb1c:group-B6FE0F8FFBEA changes role from FOLLOWER to CANDIDATE at term 0 for changeToCandidate
2019-09-12 10:19:58,757 [Thread-441] INFO  impl.RoleInfo (RoleInfo.java:updateAndGet(143)) - 5c516266-aae8-47ae-932c-38f5d02bdb1c: start LeaderElection
2019-09-12 10:19:58,775 [5c516266-aae8-47ae-932c-38f5d02bdb1c:group-B6FE0F8FFBEA:LeaderElection19] INFO  impl.LeaderElection (LeaderElection.java:askForVotes(181)) - 5c516266-aae8-47ae-932c-38f5d02bdb1c:group-B6FE0F8FFBEA:LeaderElection19: begin an election at term 1 for -1: [5c516266-aae8-47ae-932c-38f5d02bdb1c:192.168.157.195:37276], old=null
2019-09-12 10:19:58,775 [5c516266-aae8-47ae-932c-38f5d02bdb1c:group-B6FE0F8FFBEA:LeaderElection19] INFO  impl.RoleInfo (RoleInfo.java:shutdownLeaderElection(134)) - 5c516266-aae8-47ae-932c-38f5d02bdb1c: shutdown LeaderElection
2019-09-12 10:19:58,775 [5c516266-aae8-47ae-932c-38f5d02bdb1c:group-B6FE0F8FFBEA:LeaderElection19] INFO  impl.RaftServerImpl (RaftServerImpl.java:setRole(171)) - 5c516266-aae8-47ae-932c-38f5d02bdb1c:group-B6FE0F8FFBEA changes role from CANDIDATE to LEADER at term 1 for changeToLeader
2019-09-12 10:19:58,775 [5c516266-aae8-47ae-932c-38f5d02bdb1c:group-B6FE0F8FFBEA:LeaderElection19] INFO  impl.RaftServerImpl (ServerState.java:setLeader(263)) - 5c516266-aae8-47ae-932c-38f5d02bdb1c:group-B6FE0F8FFBEA change Leader from null to 5c516266-aae8-47ae-932c-38f5d02bdb1c at term 1 for becomeLeader, leader elected after 5134ms
2019-09-12 10:19:58,775 [Thread-444] INFO  impl.FollowerState (FollowerState.java:run(106)) - 5c516266-aae8-47ae-932c-38f5d02bdb1c:group-FBE303EA94A7 changes to CANDIDATE, lastRpcTime:5056, electionTimeout:5051ms
2019-09-12 10:19:58,777 [5c516266-aae8-47ae-932c-38f5d02bdb1c:group-B6FE0F8FFBEA:LeaderElection19] INFO  server.RaftServerConfigKeys (ConfUtils.java:logGet(43)) - raft.server.staging.catchup.gap = 1000 (default)
2019-09-12 10:19:58,777 [Thread-444] INFO  impl.RoleInfo (RoleInfo.java:shutdownFollowerState(121)) - 5c516266-aae8-47ae-932c-38f5d02bdb1c: shutdown FollowerState
2019-09-12 10:19:58,777 [5c516266-aae8-47ae-932c-38f5d02bdb1c:group-B6FE0F8FFBEA:LeaderElection19] INFO  server.RaftServerConfigKeys (ConfUtils.java:logGet(43)) - raft.server.rpc.sleep.time = 25ms (default)
2019-09-12 10:19:58,778 [Thread-444] INFO  impl.RaftServerImpl (RaftServerImpl.java:setRole(171)) - 5c516266-aae8-47ae-932c-38f5d02bdb1c:group-FBE303EA94A7 changes role from FOLLOWER to CANDIDATE at term 0 for changeToCandidate
2019-09-12 10:19:58,778 [5c516266-aae8-47ae-932c-38f5d02bdb1c:group-B6FE0F8FFBEA:LeaderElection19] INFO  server.RaftServerConfigKeys (ConfUtils.java:logGet(43)) - raft.server.write.element-limit = 4096 (default)
2019-09-12 10:19:58,778 [Thread-444] INFO  impl.RoleInfo (RoleInfo.java:updateAndGet(143)) - 5c516266-aae8-47ae-932c-38f5d02bdb1c: start LeaderElection
2019-09-12 10:19:58,778 [5c516266-aae8-47ae-932c-38f5d02bdb1c:group-B6FE0F8FFBEA:LeaderElection19] INFO  server.RaftServerConfigKeys (ConfUtils.java:logGet(43)) - raft.server.watch.timeout = 10s (default)
2019-09-12 10:19:58,778 [5c516266-aae8-47ae-932c-38f5d02bdb1c:group-B6FE0F8FFBEA:LeaderElection19] INFO  server.RaftServerConfigKeys (ConfUtils.java:logGet(43)) - raft.server.watch.timeout.denomination = 1s (default)
2019-09-12 10:19:58,784 [5c516266-aae8-47ae-932c-38f5d02bdb1c:group-B6FE0F8FFBEA:LeaderElection19] INFO  server.RaftServerConfigKeys (ConfUtils.java:logGet(43)) - raft.server.watch.element-limit = 65536 (default)
2019-09-12 10:19:58,788 [5c516266-aae8-47ae-932c-38f5d02bdb1c:group-B6FE0F8FFBEA:LeaderElection19] INFO  impl.RoleInfo (RoleInfo.java:updateAndGet(143)) - 5c516266-aae8-47ae-932c-38f5d02bdb1c: start LeaderState
2019-09-12 10:19:58,788 [5c516266-aae8-47ae-932c-38f5d02bdb1c:group-B6FE0F8FFBEA:LeaderElection19] INFO  segmented.SegmentedRaftLogWorker (SegmentedRaftLogWorker.java:startLogSegment(380)) - 5c516266-aae8-47ae-932c-38f5d02bdb1c-SegmentedRaftLogWorker:Storage Directory /workdir/hadoop-ozone/integration-test/target/test-dir/MiniOzoneClusterImpl-e8e4c60a-c823-4d54-ae81-00ccaa13a6c6/datanode-0/data/ratis/05e0ab51-6427-409a-aa3a-b6fe0f8ffbea: Starting segment from index:0
2019-09-12 10:19:58,789 [5c516266-aae8-47ae-932c-38f5d02bdb1c:group-B6FE0F8FFBEA:LeaderElection19] INFO  impl.RaftServerImpl (ServerState.java:setRaftConf(361)) - 5c516266-aae8-47ae-932c-38f5d02bdb1c:group-B6FE0F8FFBEA set configuration 0: [5c516266-aae8-47ae-932c-38f5d02bdb1c:192.168.157.195:37276], old=null at 0
2019-09-12 10:19:58,831 [5c516266-aae8-47ae-932c-38f5d02bdb1c:group-FBE303EA94A7:LeaderElection20] INFO  impl.LeaderElection (LeaderElection.java:askForVotes(181)) - 5c516266-aae8-47ae-932c-38f5d02bdb1c:group-FBE303EA94A7:LeaderElection20: begin an election at term 1 for -1: [5c516266-aae8-47ae-932c-38f5d02bdb1c:192.168.157.195:37276], old=null
2019-09-12 10:19:58,831 [5c516266-aae8-47ae-932c-38f5d02bdb1c:group-FBE303EA94A7:LeaderElection20] INFO  impl.RoleInfo (RoleInfo.java:shutdownLeaderElection(134)) - 5c516266-aae8-47ae-932c-38f5d02bdb1c: shutdown LeaderElection
2019-09-12 10:19:58,832 [5c516266-aae8-47ae-932c-38f5d02bdb1c:group-FBE303EA94A7:LeaderElection20] INFO  impl.RaftServerImpl (RaftServerImpl.java:setRole(171)) - 5c516266-aae8-47ae-932c-38f5d02bdb1c:group-FBE303EA94A7 changes role from CANDIDATE to LEADER at term 1 for changeToLeader
2019-09-12 10:19:58,832 [5c516266-aae8-47ae-932c-38f5d02bdb1c:group-FBE303EA94A7:LeaderElection20] INFO  impl.RaftServerImpl (ServerState.java:setLeader(263)) - 5c516266-aae8-47ae-932c-38f5d02bdb1c:group-FBE303EA94A7 change Leader from null to 5c516266-aae8-47ae-932c-38f5d02bdb1c at term 1 for becomeLeader, leader elected after 5116ms
2019-09-12 10:19:58,832 [5c516266-aae8-47ae-932c-38f5d02bdb1c:group-FBE303EA94A7:LeaderElection20] INFO  server.RaftServerConfigKeys (ConfUtils.java:logGet(43)) - raft.server.staging.catchup.gap = 1000 (default)
2019-09-12 10:19:58,832 [5c516266-aae8-47ae-932c-38f5d02bdb1c:group-FBE303EA94A7:LeaderElection20] INFO  server.RaftServerConfigKeys (ConfUtils.java:logGet(43)) - raft.server.rpc.sleep.time = 25ms (default)
2019-09-12 10:19:58,832 [5c516266-aae8-47ae-932c-38f5d02bdb1c:group-FBE303EA94A7:LeaderElection20] INFO  server.RaftServerConfigKeys (ConfUtils.java:logGet(43)) - raft.server.write.element-limit = 4096 (default)
2019-09-12 10:19:58,832 [5c516266-aae8-47ae-932c-38f5d02bdb1c:group-FBE303EA94A7:LeaderElection20] INFO  server.RaftServerConfigKeys (ConfUtils.java:logGet(43)) - raft.server.watch.timeout = 10s (default)
2019-09-12 10:19:58,833 [5c516266-aae8-47ae-932c-38f5d02bdb1c:group-FBE303EA94A7:LeaderElection20] INFO  server.RaftServerConfigKeys (ConfUtils.java:logGet(43)) - raft.server.watch.timeout.denomination = 1s (default)
2019-09-12 10:19:58,833 [5c516266-aae8-47ae-932c-38f5d02bdb1c:group-FBE303EA94A7:LeaderElection20] INFO  server.RaftServerConfigKeys (ConfUtils.java:logGet(43)) - raft.server.watch.element-limit = 65536 (default)
2019-09-12 10:19:58,833 [5c516266-aae8-47ae-932c-38f5d02bdb1c:group-FBE303EA94A7:LeaderElection20] INFO  impl.RoleInfo (RoleInfo.java:updateAndGet(143)) - 5c516266-aae8-47ae-932c-38f5d02bdb1c: start LeaderState
2019-09-12 10:19:58,833 [5c516266-aae8-47ae-932c-38f5d02bdb1c:group-FBE303EA94A7:LeaderElection20] INFO  segmented.SegmentedRaftLogWorker (SegmentedRaftLogWorker.java:startLogSegment(380)) - 5c516266-aae8-47ae-932c-38f5d02bdb1c-SegmentedRaftLogWorker:Storage Directory /workdir/hadoop-ozone/integration-test/target/test-dir/MiniOzoneClusterImpl-e8e4c60a-c823-4d54-ae81-00ccaa13a6c6/datanode-0/data/ratis/5425ccc7-0c4f-4bdb-a57e-fbe303ea94a7: Starting segment from index:0
2019-09-12 10:19:58,834 [5c516266-aae8-47ae-932c-38f5d02bdb1c:group-FBE303EA94A7:LeaderElection20] INFO  impl.RaftServerImpl (ServerState.java:setRaftConf(361)) - 5c516266-aae8-47ae-932c-38f5d02bdb1c:group-FBE303EA94A7 set configuration 0: [5c516266-aae8-47ae-932c-38f5d02bdb1c:192.168.157.195:37276], old=null at 0
2019-09-12 10:19:58,870 [5c516266-aae8-47ae-932c-38f5d02bdb1c-SegmentedRaftLogWorker:Storage Directory /workdir/hadoop-ozone/integration-test/target/test-dir/MiniOzoneClusterImpl-e8e4c60a-c823-4d54-ae81-00ccaa13a6c6/datanode-0/data/ratis/05e0ab51-6427-409a-aa3a-b6fe0f8ffbea] INFO  segmented.SegmentedRaftLogWorker (SegmentedRaftLogWorker.java:execute(569)) - 5c516266-aae8-47ae-932c-38f5d02bdb1c-SegmentedRaftLogWorker:Storage Directory /workdir/hadoop-ozone/integration-test/target/test-dir/MiniOzoneClusterImpl-e8e4c60a-c823-4d54-ae81-00ccaa13a6c6/datanode-0/data/ratis/05e0ab51-6427-409a-aa3a-b6fe0f8ffbea: created new log segment /workdir/hadoop-ozone/integration-test/target/test-dir/MiniOzoneClusterImpl-e8e4c60a-c823-4d54-ae81-00ccaa13a6c6/datanode-0/data/ratis/05e0ab51-6427-409a-aa3a-b6fe0f8ffbea/current/log_inprogress_0
2019-09-12 10:19:58,878 [Thread-447] INFO  impl.FollowerState (FollowerState.java:run(106)) - 5c516266-aae8-47ae-932c-38f5d02bdb1c:group-FFC0F9D16384 changes to CANDIDATE, lastRpcTime:5096, electionTimeout:5096ms
2019-09-12 10:19:58,878 [Thread-447] INFO  impl.RoleInfo (RoleInfo.java:shutdownFollowerState(121)) - 5c516266-aae8-47ae-932c-38f5d02bdb1c: shutdown FollowerState
2019-09-12 10:19:58,879 [Thread-447] INFO  impl.RaftServerImpl (RaftServerImpl.java:setRole(171)) - 5c516266-aae8-47ae-932c-38f5d02bdb1c:group-FFC0F9D16384 changes role from FOLLOWER to CANDIDATE at term 0 for changeToCandidate
2019-09-12 10:19:58,879 [Thread-447] INFO  impl.RoleInfo (RoleInfo.java:updateAndGet(143)) - 5c516266-aae8-47ae-932c-38f5d02bdb1c: start LeaderElection
2019-09-12 10:19:58,887 [5c516266-aae8-47ae-932c-38f5d02bdb1c-SegmentedRaftLogWorker:Storage Directory /workdir/hadoop-ozone/integration-test/target/test-dir/MiniOzoneClusterImpl-e8e4c60a-c823-4d54-ae81-00ccaa13a6c6/datanode-0/data/ratis/5425ccc7-0c4f-4bdb-a57e-fbe303ea94a7] INFO  segmented.SegmentedRaftLogWorker (SegmentedRaftLogWorker.java:execute(569)) - 5c516266-aae8-47ae-932c-38f5d02bdb1c-SegmentedRaftLogWorker:Storage Directory /workdir/hadoop-ozone/integration-test/target/test-dir/MiniOzoneClusterImpl-e8e4c60a-c823-4d54-ae81-00ccaa13a6c6/datanode-0/data/ratis/5425ccc7-0c4f-4bdb-a57e-fbe303ea94a7: created new log segment /workdir/hadoop-ozone/integration-test/target/test-dir/MiniOzoneClusterImpl-e8e4c60a-c823-4d54-ae81-00ccaa13a6c6/datanode-0/data/ratis/5425ccc7-0c4f-4bdb-a57e-fbe303ea94a7/current/log_inprogress_0
2019-09-12 10:19:58,899 [5c516266-aae8-47ae-932c-38f5d02bdb1c:group-FFC0F9D16384:LeaderElection21] INFO  impl.LeaderElection (LeaderElection.java:askForVotes(181)) - 5c516266-aae8-47ae-932c-38f5d02bdb1c:group-FFC0F9D16384:LeaderElection21: begin an election at term 1 for -1: [5c516266-aae8-47ae-932c-38f5d02bdb1c:192.168.157.195:37276], old=null
2019-09-12 10:19:58,899 [5c516266-aae8-47ae-932c-38f5d02bdb1c:group-FFC0F9D16384:LeaderElection21] INFO  impl.RoleInfo (RoleInfo.java:shutdownLeaderElection(134)) - 5c516266-aae8-47ae-932c-38f5d02bdb1c: shutdown LeaderElection
2019-09-12 10:19:58,899 [5c516266-aae8-47ae-932c-38f5d02bdb1c:group-FFC0F9D16384:LeaderElection21] INFO  impl.RaftServerImpl (RaftServerImpl.java:setRole(171)) - 5c516266-aae8-47ae-932c-38f5d02bdb1c:group-FFC0F9D16384 changes role from CANDIDATE to LEADER at term 1 for changeToLeader
2019-09-12 10:19:58,899 [5c516266-aae8-47ae-932c-38f5d02bdb1c:group-FFC0F9D16384:LeaderElection21] INFO  impl.RaftServerImpl (ServerState.java:setLeader(263)) - 5c516266-aae8-47ae-932c-38f5d02bdb1c:group-FFC0F9D16384 change Leader from null to 5c516266-aae8-47ae-932c-38f5d02bdb1c at term 1 for becomeLeader, leader elected after 5122ms
2019-09-12 10:19:58,899 [5c516266-aae8-47ae-932c-38f5d02bdb1c:group-FFC0F9D16384:LeaderElection21] INFO  server.RaftServerConfigKeys (ConfUtils.java:logGet(43)) - raft.server.staging.catchup.gap = 1000 (default)
2019-09-12 10:19:58,899 [5c516266-aae8-47ae-932c-38f5d02bdb1c:group-FFC0F9D16384:LeaderElection21] INFO  server.RaftServerConfigKeys (ConfUtils.java:logGet(43)) - raft.server.rpc.sleep.time = 25ms (default)
2019-09-12 10:19:58,900 [5c516266-aae8-47ae-932c-38f5d02bdb1c:group-FFC0F9D16384:LeaderElection21] INFO  server.RaftServerConfigKeys (ConfUtils.java:logGet(43)) - raft.server.write.element-limit = 4096 (default)
2019-09-12 10:19:58,900 [5c516266-aae8-47ae-932c-38f5d02bdb1c:group-FFC0F9D16384:LeaderElection21] INFO  server.RaftServerConfigKeys (ConfUtils.java:logGet(43)) - raft.server.watch.timeout = 10s (default)
2019-09-12 10:19:58,900 [5c516266-aae8-47ae-932c-38f5d02bdb1c:group-FFC0F9D16384:LeaderElection21] INFO  server.RaftServerConfigKeys (ConfUtils.java:logGet(43)) - raft.server.watch.timeout.denomination = 1s (default)
2019-09-12 10:19:58,900 [5c516266-aae8-47ae-932c-38f5d02bdb1c:group-FFC0F9D16384:LeaderElection21] INFO  server.RaftServerConfigKeys (ConfUtils.java:logGet(43)) - raft.server.watch.element-limit = 65536 (default)
2019-09-12 10:19:58,900 [5c516266-aae8-47ae-932c-38f5d02bdb1c:group-FFC0F9D16384:LeaderElection21] INFO  impl.RoleInfo (RoleInfo.java:updateAndGet(143)) - 5c516266-aae8-47ae-932c-38f5d02bdb1c: start LeaderState
2019-09-12 10:19:58,900 [5c516266-aae8-47ae-932c-38f5d02bdb1c:group-FFC0F9D16384:LeaderElection21] INFO  segmented.SegmentedRaftLogWorker (SegmentedRaftLogWorker.java:startLogSegment(380)) - 5c516266-aae8-47ae-932c-38f5d02bdb1c-SegmentedRaftLogWorker:Storage Directory /workdir/hadoop-ozone/integration-test/target/test-dir/MiniOzoneClusterImpl-e8e4c60a-c823-4d54-ae81-00ccaa13a6c6/datanode-0/data/ratis/fafa9bec-3c7c-40c7-b959-ffc0f9d16384: Starting segment from index:0
2019-09-12 10:19:58,901 [5c516266-aae8-47ae-932c-38f5d02bdb1c:group-FFC0F9D16384:LeaderElection21] INFO  impl.RaftServerImpl (ServerState.java:setRaftConf(361)) - 5c516266-aae8-47ae-932c-38f5d02bdb1c:group-FFC0F9D16384 set configuration 0: [5c516266-aae8-47ae-932c-38f5d02bdb1c:192.168.157.195:37276], old=null at 0
2019-09-12 10:19:58,955 [5c516266-aae8-47ae-932c-38f5d02bdb1c-SegmentedRaftLogWorker:Storage Directory /workdir/hadoop-ozone/integration-test/target/test-dir/MiniOzoneClusterImpl-e8e4c60a-c823-4d54-ae81-00ccaa13a6c6/datanode-0/data/ratis/fafa9bec-3c7c-40c7-b959-ffc0f9d16384] INFO  segmented.SegmentedRaftLogWorker (SegmentedRaftLogWorker.java:execute(569)) - 5c516266-aae8-47ae-932c-38f5d02bdb1c-SegmentedRaftLogWorker:Storage Directory /workdir/hadoop-ozone/integration-test/target/test-dir/MiniOzoneClusterImpl-e8e4c60a-c823-4d54-ae81-00ccaa13a6c6/datanode-0/data/ratis/fafa9bec-3c7c-40c7-b959-ffc0f9d16384: created new log segment /workdir/hadoop-ozone/integration-test/target/test-dir/MiniOzoneClusterImpl-e8e4c60a-c823-4d54-ae81-00ccaa13a6c6/datanode-0/data/ratis/fafa9bec-3c7c-40c7-b959-ffc0f9d16384/current/log_inprogress_0
2019-09-12 10:19:58,963 [Thread-450] INFO  impl.FollowerState (FollowerState.java:run(106)) - 5c516266-aae8-47ae-932c-38f5d02bdb1c:group-1C4E6608BA9B changes to CANDIDATE, lastRpcTime:5131, electionTimeout:5131ms
2019-09-12 10:19:58,963 [Thread-450] INFO  impl.RoleInfo (RoleInfo.java:shutdownFollowerState(121)) - 5c516266-aae8-47ae-932c-38f5d02bdb1c: shutdown FollowerState
2019-09-12 10:19:58,963 [Thread-450] INFO  impl.RaftServerImpl (RaftServerImpl.java:setRole(171)) - 5c516266-aae8-47ae-932c-38f5d02bdb1c:group-1C4E6608BA9B changes role from FOLLOWER to CANDIDATE at term 0 for changeToCandidate
2019-09-12 10:19:58,963 [Thread-450] INFO  impl.RoleInfo (RoleInfo.java:updateAndGet(143)) - 5c516266-aae8-47ae-932c-38f5d02bdb1c: start LeaderElection
2019-09-12 10:19:58,968 [5c516266-aae8-47ae-932c-38f5d02bdb1c:group-1C4E6608BA9B:LeaderElection22] INFO  impl.LeaderElection (LeaderElection.java:askForVotes(181)) - 5c516266-aae8-47ae-932c-38f5d02bdb1c:group-1C4E6608BA9B:LeaderElection22: begin an election at term 1 for -1: [5c516266-aae8-47ae-932c-38f5d02bdb1c:192.168.157.195:37276], old=null
2019-09-12 10:19:58,969 [5c516266-aae8-47ae-932c-38f5d02bdb1c:group-1C4E6608BA9B:LeaderElection22] INFO  impl.RoleInfo (RoleInfo.java:shutdownLeaderElection(134)) - 5c516266-aae8-47ae-932c-38f5d02bdb1c: shutdown LeaderElection
2019-09-12 10:19:58,969 [5c516266-aae8-47ae-932c-38f5d02bdb1c:group-1C4E6608BA9B:LeaderElection22] INFO  impl.RaftServerImpl (RaftServerImpl.java:setRole(171)) - 5c516266-aae8-47ae-932c-38f5d02bdb1c:group-1C4E6608BA9B changes role from CANDIDATE to LEADER at term 1 for changeToLeader
2019-09-12 10:19:58,969 [5c516266-aae8-47ae-932c-38f5d02bdb1c:group-1C4E6608BA9B:LeaderElection22] INFO  impl.RaftServerImpl (ServerState.java:setLeader(263)) - 5c516266-aae8-47ae-932c-38f5d02bdb1c:group-1C4E6608BA9B change Leader from null to 5c516266-aae8-47ae-932c-38f5d02bdb1c at term 1 for becomeLeader, leader elected after 5143ms
2019-09-12 10:19:58,970 [5c516266-aae8-47ae-932c-38f5d02bdb1c:group-1C4E6608BA9B:LeaderElection22] INFO  server.RaftServerConfigKeys (ConfUtils.java:logGet(43)) - raft.server.staging.catchup.gap = 1000 (default)
2019-09-12 10:19:58,970 [5c516266-aae8-47ae-932c-38f5d02bdb1c:group-1C4E6608BA9B:LeaderElection22] INFO  server.RaftServerConfigKeys (ConfUtils.java:logGet(43)) - raft.server.rpc.sleep.time = 25ms (default)
2019-09-12 10:19:58,972 [5c516266-aae8-47ae-932c-38f5d02bdb1c:group-1C4E6608BA9B:LeaderElection22] INFO  server.RaftServerConfigKeys (ConfUtils.java:logGet(43)) - raft.server.write.element-limit = 4096 (default)
2019-09-12 10:19:58,972 [5c516266-aae8-47ae-932c-38f5d02bdb1c:group-1C4E6608BA9B:LeaderElection22] INFO  server.RaftServerConfigKeys (ConfUtils.java:logGet(43)) - raft.server.watch.timeout = 10s (default)
2019-09-12 10:19:58,972 [5c516266-aae8-47ae-932c-38f5d02bdb1c:group-1C4E6608BA9B:LeaderElection22] INFO  server.RaftServerConfigKeys (ConfUtils.java:logGet(43)) - raft.server.watch.timeout.denomination = 1s (default)
2019-09-12 10:19:58,972 [5c516266-aae8-47ae-932c-38f5d02bdb1c:group-1C4E6608BA9B:LeaderElection22] INFO  server.RaftServerConfigKeys (ConfUtils.java:logGet(43)) - raft.server.watch.element-limit = 65536 (default)
2019-09-12 10:19:58,973 [5c516266-aae8-47ae-932c-38f5d02bdb1c:group-1C4E6608BA9B:LeaderElection22] INFO  impl.RoleInfo (RoleInfo.java:updateAndGet(143)) - 5c516266-aae8-47ae-932c-38f5d02bdb1c: start LeaderState
2019-09-12 10:19:58,973 [5c516266-aae8-47ae-932c-38f5d02bdb1c:group-1C4E6608BA9B:LeaderElection22] INFO  segmented.SegmentedRaftLogWorker (SegmentedRaftLogWorker.java:startLogSegment(380)) - 5c516266-aae8-47ae-932c-38f5d02bdb1c-SegmentedRaftLogWorker:Storage Directory /workdir/hadoop-ozone/integration-test/target/test-dir/MiniOzoneClusterImpl-e8e4c60a-c823-4d54-ae81-00ccaa13a6c6/datanode-0/data/ratis/72a40caa-d703-4fff-9588-1c4e6608ba9b: Starting segment from index:0
2019-09-12 10:19:58,974 | INFO  | SCMAudit | user=jenkins1000 | ip=192.168.157.195 | op=SEND_HEARTBEAT {datanodeUUID=3d473be4-26b6-4ee1-a28c-e085f166cf84, command=[]} | ret=SUCCESS |  
2019-09-12 10:19:58,974 [5c516266-aae8-47ae-932c-38f5d02bdb1c:group-1C4E6608BA9B:LeaderElection22] INFO  impl.RaftServerImpl (ServerState.java:setRaftConf(361)) - 5c516266-aae8-47ae-932c-38f5d02bdb1c:group-1C4E6608BA9B set configuration 0: [5c516266-aae8-47ae-932c-38f5d02bdb1c:192.168.157.195:37276], old=null at 0
2019-09-12 10:19:59,008 [Thread-459] INFO  impl.FollowerState (FollowerState.java:run(106)) - 9e5df1d6-607c-41f0-82d2-b3f98fd6c129:group-5B727BC84EC9 changes to CANDIDATE, lastRpcTime:5029, electionTimeout:5007ms
2019-09-12 10:19:59,008 [Thread-459] INFO  impl.RoleInfo (RoleInfo.java:shutdownFollowerState(121)) - 9e5df1d6-607c-41f0-82d2-b3f98fd6c129: shutdown FollowerState
2019-09-12 10:19:59,008 [Thread-459] INFO  impl.RaftServerImpl (RaftServerImpl.java:setRole(171)) - 9e5df1d6-607c-41f0-82d2-b3f98fd6c129:group-5B727BC84EC9 changes role from FOLLOWER to CANDIDATE at term 0 for changeToCandidate
2019-09-12 10:19:59,009 [Thread-459] INFO  impl.RoleInfo (RoleInfo.java:updateAndGet(143)) - 9e5df1d6-607c-41f0-82d2-b3f98fd6c129: start LeaderElection
2019-09-12 10:19:59,021 [5c516266-aae8-47ae-932c-38f5d02bdb1c-SegmentedRaftLogWorker:Storage Directory /workdir/hadoop-ozone/integration-test/target/test-dir/MiniOzoneClusterImpl-e8e4c60a-c823-4d54-ae81-00ccaa13a6c6/datanode-0/data/ratis/72a40caa-d703-4fff-9588-1c4e6608ba9b] INFO  segmented.SegmentedRaftLogWorker (SegmentedRaftLogWorker.java:execute(569)) - 5c516266-aae8-47ae-932c-38f5d02bdb1c-SegmentedRaftLogWorker:Storage Directory /workdir/hadoop-ozone/integration-test/target/test-dir/MiniOzoneClusterImpl-e8e4c60a-c823-4d54-ae81-00ccaa13a6c6/datanode-0/data/ratis/72a40caa-d703-4fff-9588-1c4e6608ba9b: created new log segment /workdir/hadoop-ozone/integration-test/target/test-dir/MiniOzoneClusterImpl-e8e4c60a-c823-4d54-ae81-00ccaa13a6c6/datanode-0/data/ratis/72a40caa-d703-4fff-9588-1c4e6608ba9b/current/log_inprogress_0
2019-09-12 10:19:59,021 [9e5df1d6-607c-41f0-82d2-b3f98fd6c129:group-5B727BC84EC9:LeaderElection23] INFO  impl.LeaderElection (LeaderElection.java:askForVotes(181)) - 9e5df1d6-607c-41f0-82d2-b3f98fd6c129:group-5B727BC84EC9:LeaderElection23: begin an election at term 1 for -1: [9e5df1d6-607c-41f0-82d2-b3f98fd6c129:192.168.157.195:44268], old=null
2019-09-12 10:19:59,021 [9e5df1d6-607c-41f0-82d2-b3f98fd6c129:group-5B727BC84EC9:LeaderElection23] INFO  impl.RoleInfo (RoleInfo.java:shutdownLeaderElection(134)) - 9e5df1d6-607c-41f0-82d2-b3f98fd6c129: shutdown LeaderElection
2019-09-12 10:19:59,021 [9e5df1d6-607c-41f0-82d2-b3f98fd6c129:group-5B727BC84EC9:LeaderElection23] INFO  impl.RaftServerImpl (RaftServerImpl.java:setRole(171)) - 9e5df1d6-607c-41f0-82d2-b3f98fd6c129:group-5B727BC84EC9 changes role from CANDIDATE to LEADER at term 1 for changeToLeader
2019-09-12 10:19:59,021 [9e5df1d6-607c-41f0-82d2-b3f98fd6c129:group-5B727BC84EC9:LeaderElection23] INFO  impl.RaftServerImpl (ServerState.java:setLeader(263)) - 9e5df1d6-607c-41f0-82d2-b3f98fd6c129:group-5B727BC84EC9 change Leader from null to 9e5df1d6-607c-41f0-82d2-b3f98fd6c129 at term 1 for becomeLeader, leader elected after 5049ms
2019-09-12 10:19:59,023 [9e5df1d6-607c-41f0-82d2-b3f98fd6c129:group-5B727BC84EC9:LeaderElection23] INFO  server.RaftServerConfigKeys (ConfUtils.java:logGet(43)) - raft.server.staging.catchup.gap = 1000 (default)
2019-09-12 10:19:59,023 [9e5df1d6-607c-41f0-82d2-b3f98fd6c129:group-5B727BC84EC9:LeaderElection23] INFO  server.RaftServerConfigKeys (ConfUtils.java:logGet(43)) - raft.server.rpc.sleep.time = 25ms (default)
2019-09-12 10:19:59,023 [9e5df1d6-607c-41f0-82d2-b3f98fd6c129:group-5B727BC84EC9:LeaderElection23] INFO  server.RaftServerConfigKeys (ConfUtils.java:logGet(43)) - raft.server.write.element-limit = 4096 (default)
2019-09-12 10:19:59,024 [9e5df1d6-607c-41f0-82d2-b3f98fd6c129:group-5B727BC84EC9:LeaderElection23] INFO  server.RaftServerConfigKeys (ConfUtils.java:logGet(43)) - raft.server.watch.timeout = 10s (default)
2019-09-12 10:19:59,024 [9e5df1d6-607c-41f0-82d2-b3f98fd6c129:group-5B727BC84EC9:LeaderElection23] INFO  server.RaftServerConfigKeys (ConfUtils.java:logGet(43)) - raft.server.watch.timeout.denomination = 1s (default)
2019-09-12 10:19:59,024 [9e5df1d6-607c-41f0-82d2-b3f98fd6c129:group-5B727BC84EC9:LeaderElection23] INFO  server.RaftServerConfigKeys (ConfUtils.java:logGet(43)) - raft.server.watch.element-limit = 65536 (default)
2019-09-12 10:19:59,024 [9e5df1d6-607c-41f0-82d2-b3f98fd6c129:group-5B727BC84EC9:LeaderElection23] INFO  impl.RoleInfo (RoleInfo.java:updateAndGet(143)) - 9e5df1d6-607c-41f0-82d2-b3f98fd6c129: start LeaderState
2019-09-12 10:19:59,025 [9e5df1d6-607c-41f0-82d2-b3f98fd6c129:group-5B727BC84EC9:LeaderElection23] INFO  segmented.SegmentedRaftLogWorker (SegmentedRaftLogWorker.java:startLogSegment(380)) - 9e5df1d6-607c-41f0-82d2-b3f98fd6c129-SegmentedRaftLogWorker:Storage Directory /workdir/hadoop-ozone/integration-test/target/test-dir/MiniOzoneClusterImpl-e8e4c60a-c823-4d54-ae81-00ccaa13a6c6/datanode-1/data/ratis/c1ef9a36-88b5-46d5-8a96-5b727bc84ec9: Starting segment from index:0
2019-09-12 10:19:59,025 [9e5df1d6-607c-41f0-82d2-b3f98fd6c129:group-5B727BC84EC9:LeaderElection23] INFO  impl.RaftServerImpl (ServerState.java:setRaftConf(361)) - 9e5df1d6-607c-41f0-82d2-b3f98fd6c129:group-5B727BC84EC9 set configuration 0: [9e5df1d6-607c-41f0-82d2-b3f98fd6c129:192.168.157.195:44268], old=null at 0
2019-09-12 10:19:59,069 [Thread-453] INFO  impl.FollowerState (FollowerState.java:run(106)) - 5c516266-aae8-47ae-932c-38f5d02bdb1c:group-55F1BBF4C073 changes to CANDIDATE, lastRpcTime:5191, electionTimeout:5189ms
2019-09-12 10:19:59,070 [Thread-456] INFO  impl.FollowerState (FollowerState.java:run(106)) - 5c516266-aae8-47ae-932c-38f5d02bdb1c:group-24B5485C9B91 changes to CANDIDATE, lastRpcTime:5147, electionTimeout:5147ms
2019-09-12 10:19:59,070 [Thread-453] INFO  impl.RoleInfo (RoleInfo.java:shutdownFollowerState(121)) - 5c516266-aae8-47ae-932c-38f5d02bdb1c: shutdown FollowerState
2019-09-12 10:19:59,070 [Thread-456] INFO  impl.RoleInfo (RoleInfo.java:shutdownFollowerState(121)) - 5c516266-aae8-47ae-932c-38f5d02bdb1c: shutdown FollowerState
2019-09-12 10:19:59,070 [Thread-453] INFO  impl.RaftServerImpl (RaftServerImpl.java:setRole(171)) - 5c516266-aae8-47ae-932c-38f5d02bdb1c:group-55F1BBF4C073 changes role from FOLLOWER to CANDIDATE at term 0 for changeToCandidate
2019-09-12 10:19:59,070 [Thread-456] INFO  impl.RaftServerImpl (RaftServerImpl.java:setRole(171)) - 5c516266-aae8-47ae-932c-38f5d02bdb1c:group-24B5485C9B91 changes role from FOLLOWER to CANDIDATE at term 0 for changeToCandidate
2019-09-12 10:19:59,070 [Thread-453] INFO  impl.RoleInfo (RoleInfo.java:updateAndGet(143)) - 5c516266-aae8-47ae-932c-38f5d02bdb1c: start LeaderElection
2019-09-12 10:19:59,071 [Thread-456] INFO  impl.RoleInfo (RoleInfo.java:updateAndGet(143)) - 5c516266-aae8-47ae-932c-38f5d02bdb1c: start LeaderElection
2019-09-12 10:19:59,082 [9e5df1d6-607c-41f0-82d2-b3f98fd6c129-SegmentedRaftLogWorker:Storage Directory /workdir/hadoop-ozone/integration-test/target/test-dir/MiniOzoneClusterImpl-e8e4c60a-c823-4d54-ae81-00ccaa13a6c6/datanode-1/data/ratis/c1ef9a36-88b5-46d5-8a96-5b727bc84ec9] INFO  segmented.SegmentedRaftLogWorker (SegmentedRaftLogWorker.java:execute(569)) - 9e5df1d6-607c-41f0-82d2-b3f98fd6c129-SegmentedRaftLogWorker:Storage Directory /workdir/hadoop-ozone/integration-test/target/test-dir/MiniOzoneClusterImpl-e8e4c60a-c823-4d54-ae81-00ccaa13a6c6/datanode-1/data/ratis/c1ef9a36-88b5-46d5-8a96-5b727bc84ec9: created new log segment /workdir/hadoop-ozone/integration-test/target/test-dir/MiniOzoneClusterImpl-e8e4c60a-c823-4d54-ae81-00ccaa13a6c6/datanode-1/data/ratis/c1ef9a36-88b5-46d5-8a96-5b727bc84ec9/current/log_inprogress_0
2019-09-12 10:19:59,083 [5c516266-aae8-47ae-932c-38f5d02bdb1c:group-55F1BBF4C073:LeaderElection24] INFO  impl.LeaderElection (LeaderElection.java:askForVotes(181)) - 5c516266-aae8-47ae-932c-38f5d02bdb1c:group-55F1BBF4C073:LeaderElection24: begin an election at term 1 for -1: [5c516266-aae8-47ae-932c-38f5d02bdb1c:192.168.157.195:37276], old=null
2019-09-12 10:19:59,083 [5c516266-aae8-47ae-932c-38f5d02bdb1c:group-24B5485C9B91:LeaderElection25] INFO  impl.LeaderElection (LeaderElection.java:askForVotes(181)) - 5c516266-aae8-47ae-932c-38f5d02bdb1c:group-24B5485C9B91:LeaderElection25: begin an election at term 1 for -1: [5c516266-aae8-47ae-932c-38f5d02bdb1c:192.168.157.195:37276], old=null
2019-09-12 10:19:59,083 [5c516266-aae8-47ae-932c-38f5d02bdb1c:group-55F1BBF4C073:LeaderElection24] INFO  impl.RoleInfo (RoleInfo.java:shutdownLeaderElection(134)) - 5c516266-aae8-47ae-932c-38f5d02bdb1c: shutdown LeaderElection
2019-09-12 10:19:59,083 [5c516266-aae8-47ae-932c-38f5d02bdb1c:group-24B5485C9B91:LeaderElection25] INFO  impl.RoleInfo (RoleInfo.java:shutdownLeaderElection(134)) - 5c516266-aae8-47ae-932c-38f5d02bdb1c: shutdown LeaderElection
2019-09-12 10:19:59,083 [5c516266-aae8-47ae-932c-38f5d02bdb1c:group-55F1BBF4C073:LeaderElection24] INFO  impl.RaftServerImpl (RaftServerImpl.java:setRole(171)) - 5c516266-aae8-47ae-932c-38f5d02bdb1c:group-55F1BBF4C073 changes role from CANDIDATE to LEADER at term 1 for changeToLeader
2019-09-12 10:19:59,083 [5c516266-aae8-47ae-932c-38f5d02bdb1c:group-24B5485C9B91:LeaderElection25] INFO  impl.RaftServerImpl (RaftServerImpl.java:setRole(171)) - 5c516266-aae8-47ae-932c-38f5d02bdb1c:group-24B5485C9B91 changes role from CANDIDATE to LEADER at term 1 for changeToLeader
2019-09-12 10:19:59,083 [5c516266-aae8-47ae-932c-38f5d02bdb1c:group-55F1BBF4C073:LeaderElection24] INFO  impl.RaftServerImpl (ServerState.java:setLeader(263)) - 5c516266-aae8-47ae-932c-38f5d02bdb1c:group-55F1BBF4C073 change Leader from null to 5c516266-aae8-47ae-932c-38f5d02bdb1c at term 1 for becomeLeader, leader elected after 5209ms
2019-09-12 10:19:59,083 [5c516266-aae8-47ae-932c-38f5d02bdb1c:group-24B5485C9B91:LeaderElection25] INFO  impl.RaftServerImpl (ServerState.java:setLeader(263)) - 5c516266-aae8-47ae-932c-38f5d02bdb1c:group-24B5485C9B91 change Leader from null to 5c516266-aae8-47ae-932c-38f5d02bdb1c at term 1 for becomeLeader, leader elected after 5166ms
2019-09-12 10:19:59,084 [5c516266-aae8-47ae-932c-38f5d02bdb1c:group-55F1BBF4C073:LeaderElection24] INFO  server.RaftServerConfigKeys (ConfUtils.java:logGet(43)) - raft.server.staging.catchup.gap = 1000 (default)
2019-09-12 10:19:59,084 [5c516266-aae8-47ae-932c-38f5d02bdb1c:group-24B5485C9B91:LeaderElection25] INFO  server.RaftServerConfigKeys (ConfUtils.java:logGet(43)) - raft.server.staging.catchup.gap = 1000 (default)
2019-09-12 10:19:59,084 [5c516266-aae8-47ae-932c-38f5d02bdb1c:group-55F1BBF4C073:LeaderElection24] INFO  server.RaftServerConfigKeys (ConfUtils.java:logGet(43)) - raft.server.rpc.sleep.time = 25ms (default)
2019-09-12 10:19:59,084 [5c516266-aae8-47ae-932c-38f5d02bdb1c:group-24B5485C9B91:LeaderElection25] INFO  server.RaftServerConfigKeys (ConfUtils.java:logGet(43)) - raft.server.rpc.sleep.time = 25ms (default)
2019-09-12 10:19:59,084 [5c516266-aae8-47ae-932c-38f5d02bdb1c:group-55F1BBF4C073:LeaderElection24] INFO  server.RaftServerConfigKeys (ConfUtils.java:logGet(43)) - raft.server.write.element-limit = 4096 (default)
2019-09-12 10:19:59,084 [5c516266-aae8-47ae-932c-38f5d02bdb1c:group-24B5485C9B91:LeaderElection25] INFO  server.RaftServerConfigKeys (ConfUtils.java:logGet(43)) - raft.server.write.element-limit = 4096 (default)
2019-09-12 10:19:59,084 [5c516266-aae8-47ae-932c-38f5d02bdb1c:group-55F1BBF4C073:LeaderElection24] INFO  server.RaftServerConfigKeys (ConfUtils.java:logGet(43)) - raft.server.watch.timeout = 10s (default)
2019-09-12 10:19:59,084 [5c516266-aae8-47ae-932c-38f5d02bdb1c:group-24B5485C9B91:LeaderElection25] INFO  server.RaftServerConfigKeys (ConfUtils.java:logGet(43)) - raft.server.watch.timeout = 10s (default)
2019-09-12 10:19:59,085 [5c516266-aae8-47ae-932c-38f5d02bdb1c:group-55F1BBF4C073:LeaderElection24] INFO  server.RaftServerConfigKeys (ConfUtils.java:logGet(43)) - raft.server.watch.timeout.denomination = 1s (default)
2019-09-12 10:19:59,085 [5c516266-aae8-47ae-932c-38f5d02bdb1c:group-24B5485C9B91:LeaderElection25] INFO  server.RaftServerConfigKeys (ConfUtils.java:logGet(43)) - raft.server.watch.timeout.denomination = 1s (default)
2019-09-12 10:19:59,085 [5c516266-aae8-47ae-932c-38f5d02bdb1c:group-55F1BBF4C073:LeaderElection24] INFO  server.RaftServerConfigKeys (ConfUtils.java:logGet(43)) - raft.server.watch.element-limit = 65536 (default)
2019-09-12 10:19:59,085 [5c516266-aae8-47ae-932c-38f5d02bdb1c:group-24B5485C9B91:LeaderElection25] INFO  server.RaftServerConfigKeys (ConfUtils.java:logGet(43)) - raft.server.watch.element-limit = 65536 (default)
2019-09-12 10:19:59,085 [5c516266-aae8-47ae-932c-38f5d02bdb1c:group-55F1BBF4C073:LeaderElection24] INFO  impl.RoleInfo (RoleInfo.java:updateAndGet(143)) - 5c516266-aae8-47ae-932c-38f5d02bdb1c: start LeaderState
2019-09-12 10:19:59,085 [5c516266-aae8-47ae-932c-38f5d02bdb1c:group-24B5485C9B91:LeaderElection25] INFO  impl.RoleInfo (RoleInfo.java:updateAndGet(143)) - 5c516266-aae8-47ae-932c-38f5d02bdb1c: start LeaderState
2019-09-12 10:19:59,085 [5c516266-aae8-47ae-932c-38f5d02bdb1c:group-55F1BBF4C073:LeaderElection24] INFO  segmented.SegmentedRaftLogWorker (SegmentedRaftLogWorker.java:startLogSegment(380)) - 5c516266-aae8-47ae-932c-38f5d02bdb1c-SegmentedRaftLogWorker:Storage Directory /workdir/hadoop-ozone/integration-test/target/test-dir/MiniOzoneClusterImpl-e8e4c60a-c823-4d54-ae81-00ccaa13a6c6/datanode-0/data/ratis/e0649ce6-d590-4c19-a44d-55f1bbf4c073: Starting segment from index:0
2019-09-12 10:19:59,086 [5c516266-aae8-47ae-932c-38f5d02bdb1c:group-24B5485C9B91:LeaderElection25] INFO  segmented.SegmentedRaftLogWorker (SegmentedRaftLogWorker.java:startLogSegment(380)) - 5c516266-aae8-47ae-932c-38f5d02bdb1c-SegmentedRaftLogWorker:Storage Directory /workdir/hadoop-ozone/integration-test/target/test-dir/MiniOzoneClusterImpl-e8e4c60a-c823-4d54-ae81-00ccaa13a6c6/datanode-0/data/ratis/972fb73b-5e31-4c76-bca9-24b5485c9b91: Starting segment from index:0
2019-09-12 10:19:59,086 [5c516266-aae8-47ae-932c-38f5d02bdb1c:group-55F1BBF4C073:LeaderElection24] INFO  impl.RaftServerImpl (ServerState.java:setRaftConf(361)) - 5c516266-aae8-47ae-932c-38f5d02bdb1c:group-55F1BBF4C073 set configuration 0: [5c516266-aae8-47ae-932c-38f5d02bdb1c:192.168.157.195:37276], old=null at 0
2019-09-12 10:19:59,120 [5c516266-aae8-47ae-932c-38f5d02bdb1c:group-24B5485C9B91:LeaderElection25] INFO  impl.RaftServerImpl (ServerState.java:setRaftConf(361)) - 5c516266-aae8-47ae-932c-38f5d02bdb1c:group-24B5485C9B91 set configuration 0: [5c516266-aae8-47ae-932c-38f5d02bdb1c:192.168.157.195:37276], old=null at 0
2019-09-12 10:19:59,132 [5c516266-aae8-47ae-932c-38f5d02bdb1c-SegmentedRaftLogWorker:Storage Directory /workdir/hadoop-ozone/integration-test/target/test-dir/MiniOzoneClusterImpl-e8e4c60a-c823-4d54-ae81-00ccaa13a6c6/datanode-0/data/ratis/e0649ce6-d590-4c19-a44d-55f1bbf4c073] INFO  segmented.SegmentedRaftLogWorker (SegmentedRaftLogWorker.java:execute(569)) - 5c516266-aae8-47ae-932c-38f5d02bdb1c-SegmentedRaftLogWorker:Storage Directory /workdir/hadoop-ozone/integration-test/target/test-dir/MiniOzoneClusterImpl-e8e4c60a-c823-4d54-ae81-00ccaa13a6c6/datanode-0/data/ratis/e0649ce6-d590-4c19-a44d-55f1bbf4c073: created new log segment /workdir/hadoop-ozone/integration-test/target/test-dir/MiniOzoneClusterImpl-e8e4c60a-c823-4d54-ae81-00ccaa13a6c6/datanode-0/data/ratis/e0649ce6-d590-4c19-a44d-55f1bbf4c073/current/log_inprogress_0
2019-09-12 10:19:59,132 [5c516266-aae8-47ae-932c-38f5d02bdb1c-SegmentedRaftLogWorker:Storage Directory /workdir/hadoop-ozone/integration-test/target/test-dir/MiniOzoneClusterImpl-e8e4c60a-c823-4d54-ae81-00ccaa13a6c6/datanode-0/data/ratis/972fb73b-5e31-4c76-bca9-24b5485c9b91] INFO  segmented.SegmentedRaftLogWorker (SegmentedRaftLogWorker.java:execute(569)) - 5c516266-aae8-47ae-932c-38f5d02bdb1c-SegmentedRaftLogWorker:Storage Directory /workdir/hadoop-ozone/integration-test/target/test-dir/MiniOzoneClusterImpl-e8e4c60a-c823-4d54-ae81-00ccaa13a6c6/datanode-0/data/ratis/972fb73b-5e31-4c76-bca9-24b5485c9b91: created new log segment /workdir/hadoop-ozone/integration-test/target/test-dir/MiniOzoneClusterImpl-e8e4c60a-c823-4d54-ae81-00ccaa13a6c6/datanode-0/data/ratis/972fb73b-5e31-4c76-bca9-24b5485c9b91/current/log_inprogress_0
2019-09-12 10:19:59,167 [Thread-468] INFO  impl.FollowerState (FollowerState.java:run(106)) - 9e5df1d6-607c-41f0-82d2-b3f98fd6c129:group-83C8DDD57EAD changes to CANDIDATE, lastRpcTime:5032, electionTimeout:5032ms
2019-09-12 10:19:59,167 [Thread-468] INFO  impl.RoleInfo (RoleInfo.java:shutdownFollowerState(121)) - 9e5df1d6-607c-41f0-82d2-b3f98fd6c129: shutdown FollowerState
2019-09-12 10:19:59,167 [Thread-468] INFO  impl.RaftServerImpl (RaftServerImpl.java:setRole(171)) - 9e5df1d6-607c-41f0-82d2-b3f98fd6c129:group-83C8DDD57EAD changes role from FOLLOWER to CANDIDATE at term 0 for changeToCandidate
2019-09-12 10:19:59,167 [Thread-468] INFO  impl.RoleInfo (RoleInfo.java:updateAndGet(143)) - 9e5df1d6-607c-41f0-82d2-b3f98fd6c129: start LeaderElection
2019-09-12 10:19:59,171 [Thread-465] INFO  impl.FollowerState (FollowerState.java:run(106)) - 9e5df1d6-607c-41f0-82d2-b3f98fd6c129:group-B34605D69931 changes to CANDIDATE, lastRpcTime:5088, electionTimeout:5088ms
2019-09-12 10:19:59,171 [Thread-465] INFO  impl.RoleInfo (RoleInfo.java:shutdownFollowerState(121)) - 9e5df1d6-607c-41f0-82d2-b3f98fd6c129: shutdown FollowerState
2019-09-12 10:19:59,172 [Thread-465] INFO  impl.RaftServerImpl (RaftServerImpl.java:setRole(171)) - 9e5df1d6-607c-41f0-82d2-b3f98fd6c129:group-B34605D69931 changes role from FOLLOWER to CANDIDATE at term 0 for changeToCandidate
2019-09-12 10:19:59,172 [Thread-465] INFO  impl.RoleInfo (RoleInfo.java:updateAndGet(143)) - 9e5df1d6-607c-41f0-82d2-b3f98fd6c129: start LeaderElection
2019-09-12 10:19:59,183 [9e5df1d6-607c-41f0-82d2-b3f98fd6c129:group-83C8DDD57EAD:LeaderElection26] INFO  impl.LeaderElection (LeaderElection.java:askForVotes(181)) - 9e5df1d6-607c-41f0-82d2-b3f98fd6c129:group-83C8DDD57EAD:LeaderElection26: begin an election at term 1 for -1: [9e5df1d6-607c-41f0-82d2-b3f98fd6c129:192.168.157.195:44268], old=null
2019-09-12 10:19:59,183 [9e5df1d6-607c-41f0-82d2-b3f98fd6c129:group-B34605D69931:LeaderElection27] INFO  impl.LeaderElection (LeaderElection.java:askForVotes(181)) - 9e5df1d6-607c-41f0-82d2-b3f98fd6c129:group-B34605D69931:LeaderElection27: begin an election at term 1 for -1: [9e5df1d6-607c-41f0-82d2-b3f98fd6c129:192.168.157.195:44268], old=null
2019-09-12 10:19:59,183 [9e5df1d6-607c-41f0-82d2-b3f98fd6c129:group-83C8DDD57EAD:LeaderElection26] INFO  impl.RoleInfo (RoleInfo.java:shutdownLeaderElection(134)) - 9e5df1d6-607c-41f0-82d2-b3f98fd6c129: shutdown LeaderElection
2019-09-12 10:19:59,183 [9e5df1d6-607c-41f0-82d2-b3f98fd6c129:group-B34605D69931:LeaderElection27] INFO  impl.RoleInfo (RoleInfo.java:shutdownLeaderElection(134)) - 9e5df1d6-607c-41f0-82d2-b3f98fd6c129: shutdown LeaderElection
2019-09-12 10:19:59,183 [9e5df1d6-607c-41f0-82d2-b3f98fd6c129:group-83C8DDD57EAD:LeaderElection26] INFO  impl.RaftServerImpl (RaftServerImpl.java:setRole(171)) - 9e5df1d6-607c-41f0-82d2-b3f98fd6c129:group-83C8DDD57EAD changes role from CANDIDATE to LEADER at term 1 for changeToLeader
2019-09-12 10:19:59,183 [9e5df1d6-607c-41f0-82d2-b3f98fd6c129:group-B34605D69931:LeaderElection27] INFO  impl.RaftServerImpl (RaftServerImpl.java:setRole(171)) - 9e5df1d6-607c-41f0-82d2-b3f98fd6c129:group-B34605D69931 changes role from CANDIDATE to LEADER at term 1 for changeToLeader
2019-09-12 10:19:59,184 [9e5df1d6-607c-41f0-82d2-b3f98fd6c129:group-83C8DDD57EAD:LeaderElection26] INFO  impl.RaftServerImpl (ServerState.java:setLeader(263)) - 9e5df1d6-607c-41f0-82d2-b3f98fd6c129:group-83C8DDD57EAD change Leader from null to 9e5df1d6-607c-41f0-82d2-b3f98fd6c129 at term 1 for becomeLeader, leader elected after 5054ms
2019-09-12 10:19:59,184 [9e5df1d6-607c-41f0-82d2-b3f98fd6c129:group-B34605D69931:LeaderElection27] INFO  impl.RaftServerImpl (ServerState.java:setLeader(263)) - 9e5df1d6-607c-41f0-82d2-b3f98fd6c129:group-B34605D69931 change Leader from null to 9e5df1d6-607c-41f0-82d2-b3f98fd6c129 at term 1 for becomeLeader, leader elected after 5106ms
2019-09-12 10:19:59,184 [9e5df1d6-607c-41f0-82d2-b3f98fd6c129:group-83C8DDD57EAD:LeaderElection26] INFO  server.RaftServerConfigKeys (ConfUtils.java:logGet(43)) - raft.server.staging.catchup.gap = 1000 (default)
2019-09-12 10:19:59,184 [9e5df1d6-607c-41f0-82d2-b3f98fd6c129:group-B34605D69931:LeaderElection27] INFO  server.RaftServerConfigKeys (ConfUtils.java:logGet(43)) - raft.server.staging.catchup.gap = 1000 (default)
2019-09-12 10:19:59,184 [9e5df1d6-607c-41f0-82d2-b3f98fd6c129:group-83C8DDD57EAD:LeaderElection26] INFO  server.RaftServerConfigKeys (ConfUtils.java:logGet(43)) - raft.server.rpc.sleep.time = 25ms (default)
2019-09-12 10:19:59,184 [9e5df1d6-607c-41f0-82d2-b3f98fd6c129:group-B34605D69931:LeaderElection27] INFO  server.RaftServerConfigKeys (ConfUtils.java:logGet(43)) - raft.server.rpc.sleep.time = 25ms (default)
2019-09-12 10:19:59,185 [9e5df1d6-607c-41f0-82d2-b3f98fd6c129:group-B34605D69931:LeaderElection27] INFO  server.RaftServerConfigKeys (ConfUtils.java:logGet(43)) - raft.server.write.element-limit = 4096 (default)
2019-09-12 10:19:59,185 [9e5df1d6-607c-41f0-82d2-b3f98fd6c129:group-83C8DDD57EAD:LeaderElection26] INFO  server.RaftServerConfigKeys (ConfUtils.java:logGet(43)) - raft.server.write.element-limit = 4096 (default)
2019-09-12 10:19:59,185 [9e5df1d6-607c-41f0-82d2-b3f98fd6c129:group-B34605D69931:LeaderElection27] INFO  server.RaftServerConfigKeys (ConfUtils.java:logGet(43)) - raft.server.watch.timeout = 10s (default)
2019-09-12 10:19:59,185 [9e5df1d6-607c-41f0-82d2-b3f98fd6c129:group-83C8DDD57EAD:LeaderElection26] INFO  server.RaftServerConfigKeys (ConfUtils.java:logGet(43)) - raft.server.watch.timeout = 10s (default)
2019-09-12 10:19:59,185 [9e5df1d6-607c-41f0-82d2-b3f98fd6c129:group-B34605D69931:LeaderElection27] INFO  server.RaftServerConfigKeys (ConfUtils.java:logGet(43)) - raft.server.watch.timeout.denomination = 1s (default)
2019-09-12 10:19:59,185 [9e5df1d6-607c-41f0-82d2-b3f98fd6c129:group-83C8DDD57EAD:LeaderElection26] INFO  server.RaftServerConfigKeys (ConfUtils.java:logGet(43)) - raft.server.watch.timeout.denomination = 1s (default)
2019-09-12 10:19:59,185 [9e5df1d6-607c-41f0-82d2-b3f98fd6c129:group-B34605D69931:LeaderElection27] INFO  server.RaftServerConfigKeys (ConfUtils.java:logGet(43)) - raft.server.watch.element-limit = 65536 (default)
2019-09-12 10:19:59,186 [9e5df1d6-607c-41f0-82d2-b3f98fd6c129:group-83C8DDD57EAD:LeaderElection26] INFO  server.RaftServerConfigKeys (ConfUtils.java:logGet(43)) - raft.server.watch.element-limit = 65536 (default)
2019-09-12 10:19:59,186 [9e5df1d6-607c-41f0-82d2-b3f98fd6c129:group-B34605D69931:LeaderElection27] INFO  impl.RoleInfo (RoleInfo.java:updateAndGet(143)) - 9e5df1d6-607c-41f0-82d2-b3f98fd6c129: start LeaderState
2019-09-12 10:19:59,186 [9e5df1d6-607c-41f0-82d2-b3f98fd6c129:group-83C8DDD57EAD:LeaderElection26] INFO  impl.RoleInfo (RoleInfo.java:updateAndGet(143)) - 9e5df1d6-607c-41f0-82d2-b3f98fd6c129: start LeaderState
2019-09-12 10:19:59,186 [9e5df1d6-607c-41f0-82d2-b3f98fd6c129:group-B34605D69931:LeaderElection27] INFO  segmented.SegmentedRaftLogWorker (SegmentedRaftLogWorker.java:startLogSegment(380)) - 9e5df1d6-607c-41f0-82d2-b3f98fd6c129-SegmentedRaftLogWorker:Storage Directory /workdir/hadoop-ozone/integration-test/target/test-dir/MiniOzoneClusterImpl-e8e4c60a-c823-4d54-ae81-00ccaa13a6c6/datanode-1/data/ratis/2f8f3eef-7add-4b58-a098-b34605d69931: Starting segment from index:0
2019-09-12 10:19:59,186 [9e5df1d6-607c-41f0-82d2-b3f98fd6c129:group-83C8DDD57EAD:LeaderElection26] INFO  segmented.SegmentedRaftLogWorker (SegmentedRaftLogWorker.java:startLogSegment(380)) - 9e5df1d6-607c-41f0-82d2-b3f98fd6c129-SegmentedRaftLogWorker:Storage Directory /workdir/hadoop-ozone/integration-test/target/test-dir/MiniOzoneClusterImpl-e8e4c60a-c823-4d54-ae81-00ccaa13a6c6/datanode-1/data/ratis/f5ffa676-275d-4fdd-a5b1-83c8ddd57ead: Starting segment from index:0
2019-09-12 10:19:59,187 [9e5df1d6-607c-41f0-82d2-b3f98fd6c129:group-B34605D69931:LeaderElection27] INFO  impl.RaftServerImpl (ServerState.java:setRaftConf(361)) - 9e5df1d6-607c-41f0-82d2-b3f98fd6c129:group-B34605D69931 set configuration 0: [9e5df1d6-607c-41f0-82d2-b3f98fd6c129:192.168.157.195:44268], old=null at 0
2019-09-12 10:19:59,220 [Thread-462] INFO  impl.FollowerState (FollowerState.java:run(106)) - 9e5df1d6-607c-41f0-82d2-b3f98fd6c129:group-E931E4957CC3 changes to CANDIDATE, lastRpcTime:5190, electionTimeout:5161ms
2019-09-12 10:19:59,220 [9e5df1d6-607c-41f0-82d2-b3f98fd6c129:group-83C8DDD57EAD:LeaderElection26] INFO  impl.RaftServerImpl (ServerState.java:setRaftConf(361)) - 9e5df1d6-607c-41f0-82d2-b3f98fd6c129:group-83C8DDD57EAD set configuration 0: [9e5df1d6-607c-41f0-82d2-b3f98fd6c129:192.168.157.195:44268], old=null at 0
2019-09-12 10:19:59,220 [Thread-462] INFO  impl.RoleInfo (RoleInfo.java:shutdownFollowerState(121)) - 9e5df1d6-607c-41f0-82d2-b3f98fd6c129: shutdown FollowerState
2019-09-12 10:19:59,261 [9e5df1d6-607c-41f0-82d2-b3f98fd6c129-SegmentedRaftLogWorker:Storage Directory /workdir/hadoop-ozone/integration-test/target/test-dir/MiniOzoneClusterImpl-e8e4c60a-c823-4d54-ae81-00ccaa13a6c6/datanode-1/data/ratis/2f8f3eef-7add-4b58-a098-b34605d69931] INFO  segmented.SegmentedRaftLogWorker (SegmentedRaftLogWorker.java:execute(569)) - 9e5df1d6-607c-41f0-82d2-b3f98fd6c129-SegmentedRaftLogWorker:Storage Directory /workdir/hadoop-ozone/integration-test/target/test-dir/MiniOzoneClusterImpl-e8e4c60a-c823-4d54-ae81-00ccaa13a6c6/datanode-1/data/ratis/2f8f3eef-7add-4b58-a098-b34605d69931: created new log segment /workdir/hadoop-ozone/integration-test/target/test-dir/MiniOzoneClusterImpl-e8e4c60a-c823-4d54-ae81-00ccaa13a6c6/datanode-1/data/ratis/2f8f3eef-7add-4b58-a098-b34605d69931/current/log_inprogress_0
2019-09-12 10:19:59,261 [Thread-462] INFO  impl.RaftServerImpl (RaftServerImpl.java:setRole(171)) - 9e5df1d6-607c-41f0-82d2-b3f98fd6c129:group-E931E4957CC3 changes role from FOLLOWER to CANDIDATE at term 0 for changeToCandidate
2019-09-12 10:19:59,262 [Thread-462] INFO  impl.RoleInfo (RoleInfo.java:updateAndGet(143)) - 9e5df1d6-607c-41f0-82d2-b3f98fd6c129: start LeaderElection
2019-09-12 10:19:59,269 [Thread-471] INFO  impl.FollowerState (FollowerState.java:run(106)) - 3d473be4-26b6-4ee1-a28c-e085f166cf84:group-038FFCE0E0D5 changes to CANDIDATE, lastRpcTime:5068, electionTimeout:5068ms
2019-09-12 10:19:59,269 [Thread-471] INFO  impl.RoleInfo (RoleInfo.java:shutdownFollowerState(121)) - 3d473be4-26b6-4ee1-a28c-e085f166cf84: shutdown FollowerState
2019-09-12 10:19:59,269 [Thread-471] INFO  impl.RaftServerImpl (RaftServerImpl.java:setRole(171)) - 3d473be4-26b6-4ee1-a28c-e085f166cf84:group-038FFCE0E0D5 changes role from FOLLOWER to CANDIDATE at term 0 for changeToCandidate
2019-09-12 10:19:59,269 [Thread-471] INFO  impl.RoleInfo (RoleInfo.java:updateAndGet(143)) - 3d473be4-26b6-4ee1-a28c-e085f166cf84: start LeaderElection
2019-09-12 10:19:59,274 [9e5df1d6-607c-41f0-82d2-b3f98fd6c129-SegmentedRaftLogWorker:Storage Directory /workdir/hadoop-ozone/integration-test/target/test-dir/MiniOzoneClusterImpl-e8e4c60a-c823-4d54-ae81-00ccaa13a6c6/datanode-1/data/ratis/f5ffa676-275d-4fdd-a5b1-83c8ddd57ead] INFO  segmented.SegmentedRaftLogWorker (SegmentedRaftLogWorker.java:execute(569)) - 9e5df1d6-607c-41f0-82d2-b3f98fd6c129-SegmentedRaftLogWorker:Storage Directory /workdir/hadoop-ozone/integration-test/target/test-dir/MiniOzoneClusterImpl-e8e4c60a-c823-4d54-ae81-00ccaa13a6c6/datanode-1/data/ratis/f5ffa676-275d-4fdd-a5b1-83c8ddd57ead: created new log segment /workdir/hadoop-ozone/integration-test/target/test-dir/MiniOzoneClusterImpl-e8e4c60a-c823-4d54-ae81-00ccaa13a6c6/datanode-1/data/ratis/f5ffa676-275d-4fdd-a5b1-83c8ddd57ead/current/log_inprogress_0
2019-09-12 10:19:59,275 [9e5df1d6-607c-41f0-82d2-b3f98fd6c129:group-E931E4957CC3:LeaderElection28] INFO  impl.LeaderElection (LeaderElection.java:askForVotes(181)) - 9e5df1d6-607c-41f0-82d2-b3f98fd6c129:group-E931E4957CC3:LeaderElection28: begin an election at term 1 for -1: [9e5df1d6-607c-41f0-82d2-b3f98fd6c129:192.168.157.195:44268], old=null
2019-09-12 10:19:59,275 [9e5df1d6-607c-41f0-82d2-b3f98fd6c129:group-E931E4957CC3:LeaderElection28] INFO  impl.RoleInfo (RoleInfo.java:shutdownLeaderElection(134)) - 9e5df1d6-607c-41f0-82d2-b3f98fd6c129: shutdown LeaderElection
2019-09-12 10:19:59,275 [9e5df1d6-607c-41f0-82d2-b3f98fd6c129:group-E931E4957CC3:LeaderElection28] INFO  impl.RaftServerImpl (RaftServerImpl.java:setRole(171)) - 9e5df1d6-607c-41f0-82d2-b3f98fd6c129:group-E931E4957CC3 changes role from CANDIDATE to LEADER at term 1 for changeToLeader
2019-09-12 10:19:59,275 [9e5df1d6-607c-41f0-82d2-b3f98fd6c129:group-E931E4957CC3:LeaderElection28] INFO  impl.RaftServerImpl (ServerState.java:setLeader(263)) - 9e5df1d6-607c-41f0-82d2-b3f98fd6c129:group-E931E4957CC3 change Leader from null to 9e5df1d6-607c-41f0-82d2-b3f98fd6c129 at term 1 for becomeLeader, leader elected after 5251ms
2019-09-12 10:19:59,276 [9e5df1d6-607c-41f0-82d2-b3f98fd6c129:group-E931E4957CC3:LeaderElection28] INFO  server.RaftServerConfigKeys (ConfUtils.java:logGet(43)) - raft.server.staging.catchup.gap = 1000 (default)
2019-09-12 10:19:59,276 [3d473be4-26b6-4ee1-a28c-e085f166cf84:group-038FFCE0E0D5:LeaderElection29] INFO  impl.LeaderElection (LeaderElection.java:askForVotes(181)) - 3d473be4-26b6-4ee1-a28c-e085f166cf84:group-038FFCE0E0D5:LeaderElection29: begin an election at term 1 for -1: [3d473be4-26b6-4ee1-a28c-e085f166cf84:192.168.157.195:43100], old=null
2019-09-12 10:19:59,276 [9e5df1d6-607c-41f0-82d2-b3f98fd6c129:group-E931E4957CC3:LeaderElection28] INFO  server.RaftServerConfigKeys (ConfUtils.java:logGet(43)) - raft.server.rpc.sleep.time = 25ms (default)
2019-09-12 10:19:59,276 [3d473be4-26b6-4ee1-a28c-e085f166cf84:group-038FFCE0E0D5:LeaderElection29] INFO  impl.RoleInfo (RoleInfo.java:shutdownLeaderElection(134)) - 3d473be4-26b6-4ee1-a28c-e085f166cf84: shutdown LeaderElection
2019-09-12 10:19:59,276 [9e5df1d6-607c-41f0-82d2-b3f98fd6c129:group-E931E4957CC3:LeaderElection28] INFO  server.RaftServerConfigKeys (ConfUtils.java:logGet(43)) - raft.server.write.element-limit = 4096 (default)
2019-09-12 10:19:59,276 [3d473be4-26b6-4ee1-a28c-e085f166cf84:group-038FFCE0E0D5:LeaderElection29] INFO  impl.RaftServerImpl (RaftServerImpl.java:setRole(171)) - 3d473be4-26b6-4ee1-a28c-e085f166cf84:group-038FFCE0E0D5 changes role from CANDIDATE to LEADER at term 1 for changeToLeader
2019-09-12 10:19:59,277 [9e5df1d6-607c-41f0-82d2-b3f98fd6c129:group-E931E4957CC3:LeaderElection28] INFO  server.RaftServerConfigKeys (ConfUtils.java:logGet(43)) - raft.server.watch.timeout = 10s (default)
2019-09-12 10:19:59,277 [3d473be4-26b6-4ee1-a28c-e085f166cf84:group-038FFCE0E0D5:LeaderElection29] INFO  impl.RaftServerImpl (ServerState.java:setLeader(263)) - 3d473be4-26b6-4ee1-a28c-e085f166cf84:group-038FFCE0E0D5 change Leader from null to 3d473be4-26b6-4ee1-a28c-e085f166cf84 at term 1 for becomeLeader, leader elected after 5083ms
2019-09-12 10:19:59,277 [9e5df1d6-607c-41f0-82d2-b3f98fd6c129:group-E931E4957CC3:LeaderElection28] INFO  server.RaftServerConfigKeys (ConfUtils.java:logGet(43)) - raft.server.watch.timeout.denomination = 1s (default)
2019-09-12 10:19:59,277 [3d473be4-26b6-4ee1-a28c-e085f166cf84:group-038FFCE0E0D5:LeaderElection29] INFO  server.RaftServerConfigKeys (ConfUtils.java:logGet(43)) - raft.server.staging.catchup.gap = 1000 (default)
2019-09-12 10:19:59,278 [9e5df1d6-607c-41f0-82d2-b3f98fd6c129:group-E931E4957CC3:LeaderElection28] INFO  server.RaftServerConfigKeys (ConfUtils.java:logGet(43)) - raft.server.watch.element-limit = 65536 (default)
2019-09-12 10:19:59,278 [3d473be4-26b6-4ee1-a28c-e085f166cf84:group-038FFCE0E0D5:LeaderElection29] INFO  server.RaftServerConfigKeys (ConfUtils.java:logGet(43)) - raft.server.rpc.sleep.time = 25ms (default)
2019-09-12 10:19:59,278 [9e5df1d6-607c-41f0-82d2-b3f98fd6c129:group-E931E4957CC3:LeaderElection28] INFO  impl.RoleInfo (RoleInfo.java:updateAndGet(143)) - 9e5df1d6-607c-41f0-82d2-b3f98fd6c129: start LeaderState
2019-09-12 10:19:59,278 [3d473be4-26b6-4ee1-a28c-e085f166cf84:group-038FFCE0E0D5:LeaderElection29] INFO  server.RaftServerConfigKeys (ConfUtils.java:logGet(43)) - raft.server.write.element-limit = 4096 (default)
2019-09-12 10:19:59,279 [9e5df1d6-607c-41f0-82d2-b3f98fd6c129:group-E931E4957CC3:LeaderElection28] INFO  segmented.SegmentedRaftLogWorker (SegmentedRaftLogWorker.java:startLogSegment(380)) - 9e5df1d6-607c-41f0-82d2-b3f98fd6c129-SegmentedRaftLogWorker:Storage Directory /workdir/hadoop-ozone/integration-test/target/test-dir/MiniOzoneClusterImpl-e8e4c60a-c823-4d54-ae81-00ccaa13a6c6/datanode-1/data/ratis/9da6b88c-1c27-4c73-9add-e931e4957cc3: Starting segment from index:0
2019-09-12 10:19:59,279 [3d473be4-26b6-4ee1-a28c-e085f166cf84:group-038FFCE0E0D5:LeaderElection29] INFO  server.RaftServerConfigKeys (ConfUtils.java:logGet(43)) - raft.server.watch.timeout = 10s (default)
2019-09-12 10:19:59,279 [3d473be4-26b6-4ee1-a28c-e085f166cf84:group-038FFCE0E0D5:LeaderElection29] INFO  server.RaftServerConfigKeys (ConfUtils.java:logGet(43)) - raft.server.watch.timeout.denomination = 1s (default)
2019-09-12 10:19:59,279 [9e5df1d6-607c-41f0-82d2-b3f98fd6c129:group-E931E4957CC3:LeaderElection28] INFO  impl.RaftServerImpl (ServerState.java:setRaftConf(361)) - 9e5df1d6-607c-41f0-82d2-b3f98fd6c129:group-E931E4957CC3 set configuration 0: [9e5df1d6-607c-41f0-82d2-b3f98fd6c129:192.168.157.195:44268], old=null at 0
2019-09-12 10:19:59,279 [3d473be4-26b6-4ee1-a28c-e085f166cf84:group-038FFCE0E0D5:LeaderElection29] INFO  server.RaftServerConfigKeys (ConfUtils.java:logGet(43)) - raft.server.watch.element-limit = 65536 (default)
2019-09-12 10:19:59,313 [3d473be4-26b6-4ee1-a28c-e085f166cf84:group-038FFCE0E0D5:LeaderElection29] INFO  impl.RoleInfo (RoleInfo.java:updateAndGet(143)) - 3d473be4-26b6-4ee1-a28c-e085f166cf84: start LeaderState
2019-09-12 10:19:59,314 [3d473be4-26b6-4ee1-a28c-e085f166cf84:group-038FFCE0E0D5:LeaderElection29] INFO  segmented.SegmentedRaftLogWorker (SegmentedRaftLogWorker.java:startLogSegment(380)) - 3d473be4-26b6-4ee1-a28c-e085f166cf84-SegmentedRaftLogWorker:Storage Directory /workdir/hadoop-ozone/integration-test/target/test-dir/MiniOzoneClusterImpl-e8e4c60a-c823-4d54-ae81-00ccaa13a6c6/datanode-2/data/ratis/26192cfa-14fa-4f79-9149-038ffce0e0d5: Starting segment from index:0
2019-09-12 10:19:59,314 [3d473be4-26b6-4ee1-a28c-e085f166cf84:group-038FFCE0E0D5:LeaderElection29] INFO  impl.RaftServerImpl (ServerState.java:setRaftConf(361)) - 3d473be4-26b6-4ee1-a28c-e085f166cf84:group-038FFCE0E0D5 set configuration 0: [3d473be4-26b6-4ee1-a28c-e085f166cf84:192.168.157.195:43100], old=null at 0
2019-09-12 10:19:59,349 [Thread-477] INFO  impl.FollowerState (FollowerState.java:run(106)) - 9e5df1d6-607c-41f0-82d2-b3f98fd6c129:group-7317624829EB changes to CANDIDATE, lastRpcTime:5044, electionTimeout:5041ms
2019-09-12 10:19:59,349 [9e5df1d6-607c-41f0-82d2-b3f98fd6c129-SegmentedRaftLogWorker:Storage Directory /workdir/hadoop-ozone/integration-test/target/test-dir/MiniOzoneClusterImpl-e8e4c60a-c823-4d54-ae81-00ccaa13a6c6/datanode-1/data/ratis/9da6b88c-1c27-4c73-9add-e931e4957cc3] INFO  segmented.SegmentedRaftLogWorker (SegmentedRaftLogWorker.java:execute(569)) - 9e5df1d6-607c-41f0-82d2-b3f98fd6c129-SegmentedRaftLogWorker:Storage Directory /workdir/hadoop-ozone/integration-test/target/test-dir/MiniOzoneClusterImpl-e8e4c60a-c823-4d54-ae81-00ccaa13a6c6/datanode-1/data/ratis/9da6b88c-1c27-4c73-9add-e931e4957cc3: created new log segment /workdir/hadoop-ozone/integration-test/target/test-dir/MiniOzoneClusterImpl-e8e4c60a-c823-4d54-ae81-00ccaa13a6c6/datanode-1/data/ratis/9da6b88c-1c27-4c73-9add-e931e4957cc3/current/log_inprogress_0
2019-09-12 10:19:59,350 [Thread-477] INFO  impl.RoleInfo (RoleInfo.java:shutdownFollowerState(121)) - 9e5df1d6-607c-41f0-82d2-b3f98fd6c129: shutdown FollowerState
2019-09-12 10:19:59,350 [Thread-477] INFO  impl.RaftServerImpl (RaftServerImpl.java:setRole(171)) - 9e5df1d6-607c-41f0-82d2-b3f98fd6c129:group-7317624829EB changes role from FOLLOWER to CANDIDATE at term 0 for changeToCandidate
2019-09-12 10:19:59,350 [Thread-477] INFO  impl.RoleInfo (RoleInfo.java:updateAndGet(143)) - 9e5df1d6-607c-41f0-82d2-b3f98fd6c129: start LeaderElection
2019-09-12 10:19:59,362 [3d473be4-26b6-4ee1-a28c-e085f166cf84-SegmentedRaftLogWorker:Storage Directory /workdir/hadoop-ozone/integration-test/target/test-dir/MiniOzoneClusterImpl-e8e4c60a-c823-4d54-ae81-00ccaa13a6c6/datanode-2/data/ratis/26192cfa-14fa-4f79-9149-038ffce0e0d5] INFO  segmented.SegmentedRaftLogWorker (SegmentedRaftLogWorker.java:execute(569)) - 3d473be4-26b6-4ee1-a28c-e085f166cf84-SegmentedRaftLogWorker:Storage Directory /workdir/hadoop-ozone/integration-test/target/test-dir/MiniOzoneClusterImpl-e8e4c60a-c823-4d54-ae81-00ccaa13a6c6/datanode-2/data/ratis/26192cfa-14fa-4f79-9149-038ffce0e0d5: created new log segment /workdir/hadoop-ozone/integration-test/target/test-dir/MiniOzoneClusterImpl-e8e4c60a-c823-4d54-ae81-00ccaa13a6c6/datanode-2/data/ratis/26192cfa-14fa-4f79-9149-038ffce0e0d5/current/log_inprogress_0
2019-09-12 10:19:59,362 [9e5df1d6-607c-41f0-82d2-b3f98fd6c129:group-7317624829EB:LeaderElection30] INFO  impl.LeaderElection (LeaderElection.java:askForVotes(181)) - 9e5df1d6-607c-41f0-82d2-b3f98fd6c129:group-7317624829EB:LeaderElection30: begin an election at term 1 for -1: [9e5df1d6-607c-41f0-82d2-b3f98fd6c129:192.168.157.195:44268], old=null
2019-09-12 10:19:59,362 [9e5df1d6-607c-41f0-82d2-b3f98fd6c129:group-7317624829EB:LeaderElection30] INFO  impl.RoleInfo (RoleInfo.java:shutdownLeaderElection(134)) - 9e5df1d6-607c-41f0-82d2-b3f98fd6c129: shutdown LeaderElection
2019-09-12 10:19:59,362 [9e5df1d6-607c-41f0-82d2-b3f98fd6c129:group-7317624829EB:LeaderElection30] INFO  impl.RaftServerImpl (RaftServerImpl.java:setRole(171)) - 9e5df1d6-607c-41f0-82d2-b3f98fd6c129:group-7317624829EB changes role from CANDIDATE to LEADER at term 1 for changeToLeader
2019-09-12 10:19:59,362 [9e5df1d6-607c-41f0-82d2-b3f98fd6c129:group-7317624829EB:LeaderElection30] INFO  impl.RaftServerImpl (ServerState.java:setLeader(263)) - 9e5df1d6-607c-41f0-82d2-b3f98fd6c129:group-7317624829EB change Leader from null to 9e5df1d6-607c-41f0-82d2-b3f98fd6c129 at term 1 for becomeLeader, leader elected after 5063ms
2019-09-12 10:19:59,363 [9e5df1d6-607c-41f0-82d2-b3f98fd6c129:group-7317624829EB:LeaderElection30] INFO  server.RaftServerConfigKeys (ConfUtils.java:logGet(43)) - raft.server.staging.catchup.gap = 1000 (default)
2019-09-12 10:19:59,363 [9e5df1d6-607c-41f0-82d2-b3f98fd6c129:group-7317624829EB:LeaderElection30] INFO  server.RaftServerConfigKeys (ConfUtils.java:logGet(43)) - raft.server.rpc.sleep.time = 25ms (default)
2019-09-12 10:19:59,363 [9e5df1d6-607c-41f0-82d2-b3f98fd6c129:group-7317624829EB:LeaderElection30] INFO  server.RaftServerConfigKeys (ConfUtils.java:logGet(43)) - raft.server.write.element-limit = 4096 (default)
2019-09-12 10:19:59,363 [9e5df1d6-607c-41f0-82d2-b3f98fd6c129:group-7317624829EB:LeaderElection30] INFO  server.RaftServerConfigKeys (ConfUtils.java:logGet(43)) - raft.server.watch.timeout = 10s (default)
2019-09-12 10:19:59,364 [9e5df1d6-607c-41f0-82d2-b3f98fd6c129:group-7317624829EB:LeaderElection30] INFO  server.RaftServerConfigKeys (ConfUtils.java:logGet(43)) - raft.server.watch.timeout.denomination = 1s (default)
2019-09-12 10:19:59,364 [9e5df1d6-607c-41f0-82d2-b3f98fd6c129:group-7317624829EB:LeaderElection30] INFO  server.RaftServerConfigKeys (ConfUtils.java:logGet(43)) - raft.server.watch.element-limit = 65536 (default)
2019-09-12 10:19:59,364 [9e5df1d6-607c-41f0-82d2-b3f98fd6c129:group-7317624829EB:LeaderElection30] INFO  impl.RoleInfo (RoleInfo.java:updateAndGet(143)) - 9e5df1d6-607c-41f0-82d2-b3f98fd6c129: start LeaderState
2019-09-12 10:19:59,364 [9e5df1d6-607c-41f0-82d2-b3f98fd6c129:group-7317624829EB:LeaderElection30] INFO  segmented.SegmentedRaftLogWorker (SegmentedRaftLogWorker.java:startLogSegment(380)) - 9e5df1d6-607c-41f0-82d2-b3f98fd6c129-SegmentedRaftLogWorker:Storage Directory /workdir/hadoop-ozone/integration-test/target/test-dir/MiniOzoneClusterImpl-e8e4c60a-c823-4d54-ae81-00ccaa13a6c6/datanode-1/data/ratis/a346322a-9d80-46ba-be28-7317624829eb: Starting segment from index:0
2019-09-12 10:19:59,365 [9e5df1d6-607c-41f0-82d2-b3f98fd6c129:group-7317624829EB:LeaderElection30] INFO  impl.RaftServerImpl (ServerState.java:setRaftConf(361)) - 9e5df1d6-607c-41f0-82d2-b3f98fd6c129:group-7317624829EB set configuration 0: [9e5df1d6-607c-41f0-82d2-b3f98fd6c129:192.168.157.195:44268], old=null at 0
2019-09-12 10:19:59,412 [9e5df1d6-607c-41f0-82d2-b3f98fd6c129-SegmentedRaftLogWorker:Storage Directory /workdir/hadoop-ozone/integration-test/target/test-dir/MiniOzoneClusterImpl-e8e4c60a-c823-4d54-ae81-00ccaa13a6c6/datanode-1/data/ratis/a346322a-9d80-46ba-be28-7317624829eb] INFO  segmented.SegmentedRaftLogWorker (SegmentedRaftLogWorker.java:execute(569)) - 9e5df1d6-607c-41f0-82d2-b3f98fd6c129-SegmentedRaftLogWorker:Storage Directory /workdir/hadoop-ozone/integration-test/target/test-dir/MiniOzoneClusterImpl-e8e4c60a-c823-4d54-ae81-00ccaa13a6c6/datanode-1/data/ratis/a346322a-9d80-46ba-be28-7317624829eb: created new log segment /workdir/hadoop-ozone/integration-test/target/test-dir/MiniOzoneClusterImpl-e8e4c60a-c823-4d54-ae81-00ccaa13a6c6/datanode-1/data/ratis/a346322a-9d80-46ba-be28-7317624829eb/current/log_inprogress_0
2019-09-12 10:19:59,418 [Thread-474] INFO  impl.FollowerState (FollowerState.java:run(106)) - 9e5df1d6-607c-41f0-82d2-b3f98fd6c129:group-2C4E878376DE changes to CANDIDATE, lastRpcTime:5164, electionTimeout:5164ms
2019-09-12 10:19:59,419 [Thread-474] INFO  impl.RoleInfo (RoleInfo.java:shutdownFollowerState(121)) - 9e5df1d6-607c-41f0-82d2-b3f98fd6c129: shutdown FollowerState
2019-09-12 10:19:59,419 [Thread-474] INFO  impl.RaftServerImpl (RaftServerImpl.java:setRole(171)) - 9e5df1d6-607c-41f0-82d2-b3f98fd6c129:group-2C4E878376DE changes role from FOLLOWER to CANDIDATE at term 0 for changeToCandidate
2019-09-12 10:19:59,419 [Thread-474] INFO  impl.RoleInfo (RoleInfo.java:updateAndGet(143)) - 9e5df1d6-607c-41f0-82d2-b3f98fd6c129: start LeaderElection
2019-09-12 10:19:59,425 [9e5df1d6-607c-41f0-82d2-b3f98fd6c129:group-2C4E878376DE:LeaderElection31] INFO  impl.LeaderElection (LeaderElection.java:askForVotes(181)) - 9e5df1d6-607c-41f0-82d2-b3f98fd6c129:group-2C4E878376DE:LeaderElection31: begin an election at term 1 for -1: [9e5df1d6-607c-41f0-82d2-b3f98fd6c129:192.168.157.195:44268], old=null
2019-09-12 10:19:59,425 [9e5df1d6-607c-41f0-82d2-b3f98fd6c129:group-2C4E878376DE:LeaderElection31] INFO  impl.RoleInfo (RoleInfo.java:shutdownLeaderElection(134)) - 9e5df1d6-607c-41f0-82d2-b3f98fd6c129: shutdown LeaderElection
2019-09-12 10:19:59,425 [9e5df1d6-607c-41f0-82d2-b3f98fd6c129:group-2C4E878376DE:LeaderElection31] INFO  impl.RaftServerImpl (RaftServerImpl.java:setRole(171)) - 9e5df1d6-607c-41f0-82d2-b3f98fd6c129:group-2C4E878376DE changes role from CANDIDATE to LEADER at term 1 for changeToLeader
2019-09-12 10:19:59,426 [9e5df1d6-607c-41f0-82d2-b3f98fd6c129:group-2C4E878376DE:LeaderElection31] INFO  impl.RaftServerImpl (ServerState.java:setLeader(263)) - 9e5df1d6-607c-41f0-82d2-b3f98fd6c129:group-2C4E878376DE change Leader from null to 9e5df1d6-607c-41f0-82d2-b3f98fd6c129 at term 1 for becomeLeader, leader elected after 5177ms
2019-09-12 10:19:59,426 [9e5df1d6-607c-41f0-82d2-b3f98fd6c129:group-2C4E878376DE:LeaderElection31] INFO  server.RaftServerConfigKeys (ConfUtils.java:logGet(43)) - raft.server.staging.catchup.gap = 1000 (default)
2019-09-12 10:19:59,426 [9e5df1d6-607c-41f0-82d2-b3f98fd6c129:group-2C4E878376DE:LeaderElection31] INFO  server.RaftServerConfigKeys (ConfUtils.java:logGet(43)) - raft.server.rpc.sleep.time = 25ms (default)
2019-09-12 10:19:59,426 [9e5df1d6-607c-41f0-82d2-b3f98fd6c129:group-2C4E878376DE:LeaderElection31] INFO  server.RaftServerConfigKeys (ConfUtils.java:logGet(43)) - raft.server.write.element-limit = 4096 (default)
2019-09-12 10:19:59,426 [9e5df1d6-607c-41f0-82d2-b3f98fd6c129:group-2C4E878376DE:LeaderElection31] INFO  server.RaftServerConfigKeys (ConfUtils.java:logGet(43)) - raft.server.watch.timeout = 10s (default)
2019-09-12 10:19:59,427 [9e5df1d6-607c-41f0-82d2-b3f98fd6c129:group-2C4E878376DE:LeaderElection31] INFO  server.RaftServerConfigKeys (ConfUtils.java:logGet(43)) - raft.server.watch.timeout.denomination = 1s (default)
2019-09-12 10:19:59,427 [9e5df1d6-607c-41f0-82d2-b3f98fd6c129:group-2C4E878376DE:LeaderElection31] INFO  server.RaftServerConfigKeys (ConfUtils.java:logGet(43)) - raft.server.watch.element-limit = 65536 (default)
2019-09-12 10:19:59,427 [9e5df1d6-607c-41f0-82d2-b3f98fd6c129:group-2C4E878376DE:LeaderElection31] INFO  impl.RoleInfo (RoleInfo.java:updateAndGet(143)) - 9e5df1d6-607c-41f0-82d2-b3f98fd6c129: start LeaderState
2019-09-12 10:19:59,427 [9e5df1d6-607c-41f0-82d2-b3f98fd6c129:group-2C4E878376DE:LeaderElection31] INFO  segmented.SegmentedRaftLogWorker (SegmentedRaftLogWorker.java:startLogSegment(380)) - 9e5df1d6-607c-41f0-82d2-b3f98fd6c129-SegmentedRaftLogWorker:Storage Directory /workdir/hadoop-ozone/integration-test/target/test-dir/MiniOzoneClusterImpl-e8e4c60a-c823-4d54-ae81-00ccaa13a6c6/datanode-1/data/ratis/ac99ace1-c538-4dcd-8dfb-2c4e878376de: Starting segment from index:0
2019-09-12 10:19:59,428 [9e5df1d6-607c-41f0-82d2-b3f98fd6c129:group-2C4E878376DE:LeaderElection31] INFO  impl.RaftServerImpl (ServerState.java:setRaftConf(361)) - 9e5df1d6-607c-41f0-82d2-b3f98fd6c129:group-2C4E878376DE set configuration 0: [9e5df1d6-607c-41f0-82d2-b3f98fd6c129:192.168.157.195:44268], old=null at 0
2019-09-12 10:19:59,465 [Thread-480] INFO  impl.FollowerState (FollowerState.java:run(106)) - 3d473be4-26b6-4ee1-a28c-e085f166cf84:group-D62AA55C4119 changes to CANDIDATE, lastRpcTime:5109, electionTimeout:5099ms
2019-09-12 10:19:59,465 [Thread-483] INFO  impl.FollowerState (FollowerState.java:run(106)) - 3d473be4-26b6-4ee1-a28c-e085f166cf84:group-C814C599D2E9 changes to CANDIDATE, lastRpcTime:5055, electionTimeout:5027ms
2019-09-12 10:19:59,466 [Thread-480] INFO  impl.RoleInfo (RoleInfo.java:shutdownFollowerState(121)) - 3d473be4-26b6-4ee1-a28c-e085f166cf84: shutdown FollowerState
2019-09-12 10:19:59,466 [Thread-483] INFO  impl.RoleInfo (RoleInfo.java:shutdownFollowerState(121)) - 3d473be4-26b6-4ee1-a28c-e085f166cf84: shutdown FollowerState
2019-09-12 10:19:59,466 [Thread-480] INFO  impl.RaftServerImpl (RaftServerImpl.java:setRole(171)) - 3d473be4-26b6-4ee1-a28c-e085f166cf84:group-D62AA55C4119 changes role from FOLLOWER to CANDIDATE at term 0 for changeToCandidate
2019-09-12 10:19:59,466 [Thread-483] INFO  impl.RaftServerImpl (RaftServerImpl.java:setRole(171)) - 3d473be4-26b6-4ee1-a28c-e085f166cf84:group-C814C599D2E9 changes role from FOLLOWER to CANDIDATE at term 0 for changeToCandidate
2019-09-12 10:19:59,466 [Thread-480] INFO  impl.RoleInfo (RoleInfo.java:updateAndGet(143)) - 3d473be4-26b6-4ee1-a28c-e085f166cf84: start LeaderElection
2019-09-12 10:19:59,467 [Thread-483] INFO  impl.RoleInfo (RoleInfo.java:updateAndGet(143)) - 3d473be4-26b6-4ee1-a28c-e085f166cf84: start LeaderElection
2019-09-12 10:19:59,478 [9e5df1d6-607c-41f0-82d2-b3f98fd6c129-SegmentedRaftLogWorker:Storage Directory /workdir/hadoop-ozone/integration-test/target/test-dir/MiniOzoneClusterImpl-e8e4c60a-c823-4d54-ae81-00ccaa13a6c6/datanode-1/data/ratis/ac99ace1-c538-4dcd-8dfb-2c4e878376de] INFO  segmented.SegmentedRaftLogWorker (SegmentedRaftLogWorker.java:execute(569)) - 9e5df1d6-607c-41f0-82d2-b3f98fd6c129-SegmentedRaftLogWorker:Storage Directory /workdir/hadoop-ozone/integration-test/target/test-dir/MiniOzoneClusterImpl-e8e4c60a-c823-4d54-ae81-00ccaa13a6c6/datanode-1/data/ratis/ac99ace1-c538-4dcd-8dfb-2c4e878376de: created new log segment /workdir/hadoop-ozone/integration-test/target/test-dir/MiniOzoneClusterImpl-e8e4c60a-c823-4d54-ae81-00ccaa13a6c6/datanode-1/data/ratis/ac99ace1-c538-4dcd-8dfb-2c4e878376de/current/log_inprogress_0
2019-09-12 10:19:59,478 [3d473be4-26b6-4ee1-a28c-e085f166cf84:group-C814C599D2E9:LeaderElection33] INFO  impl.LeaderElection (LeaderElection.java:askForVotes(181)) - 3d473be4-26b6-4ee1-a28c-e085f166cf84:group-C814C599D2E9:LeaderElection33: begin an election at term 1 for -1: [3d473be4-26b6-4ee1-a28c-e085f166cf84:192.168.157.195:43100], old=null
2019-09-12 10:19:59,478 [3d473be4-26b6-4ee1-a28c-e085f166cf84:group-D62AA55C4119:LeaderElection32] INFO  impl.LeaderElection (LeaderElection.java:askForVotes(181)) - 3d473be4-26b6-4ee1-a28c-e085f166cf84:group-D62AA55C4119:LeaderElection32: begin an election at term 1 for -1: [3d473be4-26b6-4ee1-a28c-e085f166cf84:192.168.157.195:43100], old=null
2019-09-12 10:19:59,479 [3d473be4-26b6-4ee1-a28c-e085f166cf84:group-C814C599D2E9:LeaderElection33] INFO  impl.RoleInfo (RoleInfo.java:shutdownLeaderElection(134)) - 3d473be4-26b6-4ee1-a28c-e085f166cf84: shutdown LeaderElection
2019-09-12 10:19:59,479 [3d473be4-26b6-4ee1-a28c-e085f166cf84:group-D62AA55C4119:LeaderElection32] INFO  impl.RoleInfo (RoleInfo.java:shutdownLeaderElection(134)) - 3d473be4-26b6-4ee1-a28c-e085f166cf84: shutdown LeaderElection
2019-09-12 10:19:59,479 [3d473be4-26b6-4ee1-a28c-e085f166cf84:group-C814C599D2E9:LeaderElection33] INFO  impl.RaftServerImpl (RaftServerImpl.java:setRole(171)) - 3d473be4-26b6-4ee1-a28c-e085f166cf84:group-C814C599D2E9 changes role from CANDIDATE to LEADER at term 1 for changeToLeader
2019-09-12 10:19:59,479 [3d473be4-26b6-4ee1-a28c-e085f166cf84:group-D62AA55C4119:LeaderElection32] INFO  impl.RaftServerImpl (RaftServerImpl.java:setRole(171)) - 3d473be4-26b6-4ee1-a28c-e085f166cf84:group-D62AA55C4119 changes role from CANDIDATE to LEADER at term 1 for changeToLeader
2019-09-12 10:19:59,479 [3d473be4-26b6-4ee1-a28c-e085f166cf84:group-C814C599D2E9:LeaderElection33] INFO  impl.RaftServerImpl (ServerState.java:setLeader(263)) - 3d473be4-26b6-4ee1-a28c-e085f166cf84:group-C814C599D2E9 change Leader from null to 3d473be4-26b6-4ee1-a28c-e085f166cf84 at term 1 for becomeLeader, leader elected after 5075ms
2019-09-12 10:19:59,479 [3d473be4-26b6-4ee1-a28c-e085f166cf84:group-D62AA55C4119:LeaderElection32] INFO  impl.RaftServerImpl (ServerState.java:setLeader(263)) - 3d473be4-26b6-4ee1-a28c-e085f166cf84:group-D62AA55C4119 change Leader from null to 3d473be4-26b6-4ee1-a28c-e085f166cf84 at term 1 for becomeLeader, leader elected after 5129ms
2019-09-12 10:19:59,480 [3d473be4-26b6-4ee1-a28c-e085f166cf84:group-C814C599D2E9:LeaderElection33] INFO  server.RaftServerConfigKeys (ConfUtils.java:logGet(43)) - raft.server.staging.catchup.gap = 1000 (default)
2019-09-12 10:19:59,480 [3d473be4-26b6-4ee1-a28c-e085f166cf84:group-D62AA55C4119:LeaderElection32] INFO  server.RaftServerConfigKeys (ConfUtils.java:logGet(43)) - raft.server.staging.catchup.gap = 1000 (default)
2019-09-12 10:19:59,480 [3d473be4-26b6-4ee1-a28c-e085f166cf84:group-C814C599D2E9:LeaderElection33] INFO  server.RaftServerConfigKeys (ConfUtils.java:logGet(43)) - raft.server.rpc.sleep.time = 25ms (default)
2019-09-12 10:19:59,480 [3d473be4-26b6-4ee1-a28c-e085f166cf84:group-D62AA55C4119:LeaderElection32] INFO  server.RaftServerConfigKeys (ConfUtils.java:logGet(43)) - raft.server.rpc.sleep.time = 25ms (default)
2019-09-12 10:19:59,480 [3d473be4-26b6-4ee1-a28c-e085f166cf84:group-C814C599D2E9:LeaderElection33] INFO  server.RaftServerConfigKeys (ConfUtils.java:logGet(43)) - raft.server.write.element-limit = 4096 (default)
2019-09-12 10:19:59,481 [3d473be4-26b6-4ee1-a28c-e085f166cf84:group-D62AA55C4119:LeaderElection32] INFO  server.RaftServerConfigKeys (ConfUtils.java:logGet(43)) - raft.server.write.element-limit = 4096 (default)
2019-09-12 10:19:59,481 [3d473be4-26b6-4ee1-a28c-e085f166cf84:group-C814C599D2E9:LeaderElection33] INFO  server.RaftServerConfigKeys (ConfUtils.java:logGet(43)) - raft.server.watch.timeout = 10s (default)
2019-09-12 10:19:59,481 [3d473be4-26b6-4ee1-a28c-e085f166cf84:group-D62AA55C4119:LeaderElection32] INFO  server.RaftServerConfigKeys (ConfUtils.java:logGet(43)) - raft.server.watch.timeout = 10s (default)
2019-09-12 10:19:59,481 [3d473be4-26b6-4ee1-a28c-e085f166cf84:group-C814C599D2E9:LeaderElection33] INFO  server.RaftServerConfigKeys (ConfUtils.java:logGet(43)) - raft.server.watch.timeout.denomination = 1s (default)
2019-09-12 10:19:59,481 [3d473be4-26b6-4ee1-a28c-e085f166cf84:group-D62AA55C4119:LeaderElection32] INFO  server.RaftServerConfigKeys (ConfUtils.java:logGet(43)) - raft.server.watch.timeout.denomination = 1s (default)
2019-09-12 10:19:59,481 [3d473be4-26b6-4ee1-a28c-e085f166cf84:group-C814C599D2E9:LeaderElection33] INFO  server.RaftServerConfigKeys (ConfUtils.java:logGet(43)) - raft.server.watch.element-limit = 65536 (default)
2019-09-12 10:19:59,482 [3d473be4-26b6-4ee1-a28c-e085f166cf84:group-D62AA55C4119:LeaderElection32] INFO  server.RaftServerConfigKeys (ConfUtils.java:logGet(43)) - raft.server.watch.element-limit = 65536 (default)
2019-09-12 10:19:59,482 [3d473be4-26b6-4ee1-a28c-e085f166cf84:group-C814C599D2E9:LeaderElection33] INFO  impl.RoleInfo (RoleInfo.java:updateAndGet(143)) - 3d473be4-26b6-4ee1-a28c-e085f166cf84: start LeaderState
2019-09-12 10:19:59,482 [3d473be4-26b6-4ee1-a28c-e085f166cf84:group-D62AA55C4119:LeaderElection32] INFO  impl.RoleInfo (RoleInfo.java:updateAndGet(143)) - 3d473be4-26b6-4ee1-a28c-e085f166cf84: start LeaderState
2019-09-12 10:19:59,482 [3d473be4-26b6-4ee1-a28c-e085f166cf84:group-C814C599D2E9:LeaderElection33] INFO  segmented.SegmentedRaftLogWorker (SegmentedRaftLogWorker.java:startLogSegment(380)) - 3d473be4-26b6-4ee1-a28c-e085f166cf84-SegmentedRaftLogWorker:Storage Directory /workdir/hadoop-ozone/integration-test/target/test-dir/MiniOzoneClusterImpl-e8e4c60a-c823-4d54-ae81-00ccaa13a6c6/datanode-2/data/ratis/b218dd4b-6a23-47f5-b4c6-c814c599d2e9: Starting segment from index:0
2019-09-12 10:19:59,482 [3d473be4-26b6-4ee1-a28c-e085f166cf84:group-D62AA55C4119:LeaderElection32] INFO  segmented.SegmentedRaftLogWorker (SegmentedRaftLogWorker.java:startLogSegment(380)) - 3d473be4-26b6-4ee1-a28c-e085f166cf84-SegmentedRaftLogWorker:Storage Directory /workdir/hadoop-ozone/integration-test/target/test-dir/MiniOzoneClusterImpl-e8e4c60a-c823-4d54-ae81-00ccaa13a6c6/datanode-2/data/ratis/0cc04749-6797-4191-9081-d62aa55c4119: Starting segment from index:0
2019-09-12 10:19:59,483 [3d473be4-26b6-4ee1-a28c-e085f166cf84:group-C814C599D2E9:LeaderElection33] INFO  impl.RaftServerImpl (ServerState.java:setRaftConf(361)) - 3d473be4-26b6-4ee1-a28c-e085f166cf84:group-C814C599D2E9 set configuration 0: [3d473be4-26b6-4ee1-a28c-e085f166cf84:192.168.157.195:43100], old=null at 0
2019-09-12 10:19:59,483 [3d473be4-26b6-4ee1-a28c-e085f166cf84:group-D62AA55C4119:LeaderElection32] INFO  impl.RaftServerImpl (ServerState.java:setRaftConf(361)) - 3d473be4-26b6-4ee1-a28c-e085f166cf84:group-D62AA55C4119 set configuration 0: [3d473be4-26b6-4ee1-a28c-e085f166cf84:192.168.157.195:43100], old=null at 0
2019-09-12 10:19:59,529 [Thread-486] INFO  impl.FollowerState (FollowerState.java:run(106)) - 3d473be4-26b6-4ee1-a28c-e085f166cf84:group-9C07B3F9C07C changes to CANDIDATE, lastRpcTime:5062, electionTimeout:5062ms
2019-09-12 10:19:59,529 [Thread-486] INFO  impl.RoleInfo (RoleInfo.java:shutdownFollowerState(121)) - 3d473be4-26b6-4ee1-a28c-e085f166cf84: shutdown FollowerState
2019-09-12 10:19:59,529 [Thread-486] INFO  impl.RaftServerImpl (RaftServerImpl.java:setRole(171)) - 3d473be4-26b6-4ee1-a28c-e085f166cf84:group-9C07B3F9C07C changes role from FOLLOWER to CANDIDATE at term 0 for changeToCandidate
2019-09-12 10:19:59,529 [Thread-486] INFO  impl.RoleInfo (RoleInfo.java:updateAndGet(143)) - 3d473be4-26b6-4ee1-a28c-e085f166cf84: start LeaderElection
2019-09-12 10:19:59,531 [3d473be4-26b6-4ee1-a28c-e085f166cf84-SegmentedRaftLogWorker:Storage Directory /workdir/hadoop-ozone/integration-test/target/test-dir/MiniOzoneClusterImpl-e8e4c60a-c823-4d54-ae81-00ccaa13a6c6/datanode-2/data/ratis/b218dd4b-6a23-47f5-b4c6-c814c599d2e9] INFO  segmented.SegmentedRaftLogWorker (SegmentedRaftLogWorker.java:execute(569)) - 3d473be4-26b6-4ee1-a28c-e085f166cf84-SegmentedRaftLogWorker:Storage Directory /workdir/hadoop-ozone/integration-test/target/test-dir/MiniOzoneClusterImpl-e8e4c60a-c823-4d54-ae81-00ccaa13a6c6/datanode-2/data/ratis/b218dd4b-6a23-47f5-b4c6-c814c599d2e9: created new log segment /workdir/hadoop-ozone/integration-test/target/test-dir/MiniOzoneClusterImpl-e8e4c60a-c823-4d54-ae81-00ccaa13a6c6/datanode-2/data/ratis/b218dd4b-6a23-47f5-b4c6-c814c599d2e9/current/log_inprogress_0
2019-09-12 10:19:59,531 [3d473be4-26b6-4ee1-a28c-e085f166cf84-SegmentedRaftLogWorker:Storage Directory /workdir/hadoop-ozone/integration-test/target/test-dir/MiniOzoneClusterImpl-e8e4c60a-c823-4d54-ae81-00ccaa13a6c6/datanode-2/data/ratis/0cc04749-6797-4191-9081-d62aa55c4119] INFO  segmented.SegmentedRaftLogWorker (SegmentedRaftLogWorker.java:execute(569)) - 3d473be4-26b6-4ee1-a28c-e085f166cf84-SegmentedRaftLogWorker:Storage Directory /workdir/hadoop-ozone/integration-test/target/test-dir/MiniOzoneClusterImpl-e8e4c60a-c823-4d54-ae81-00ccaa13a6c6/datanode-2/data/ratis/0cc04749-6797-4191-9081-d62aa55c4119: created new log segment /workdir/hadoop-ozone/integration-test/target/test-dir/MiniOzoneClusterImpl-e8e4c60a-c823-4d54-ae81-00ccaa13a6c6/datanode-2/data/ratis/0cc04749-6797-4191-9081-d62aa55c4119/current/log_inprogress_0
2019-09-12 10:19:59,545 [3d473be4-26b6-4ee1-a28c-e085f166cf84:group-9C07B3F9C07C:LeaderElection34] INFO  impl.LeaderElection (LeaderElection.java:askForVotes(181)) - 3d473be4-26b6-4ee1-a28c-e085f166cf84:group-9C07B3F9C07C:LeaderElection34: begin an election at term 1 for -1: [3d473be4-26b6-4ee1-a28c-e085f166cf84:192.168.157.195:43100], old=null
2019-09-12 10:19:59,545 [3d473be4-26b6-4ee1-a28c-e085f166cf84:group-9C07B3F9C07C:LeaderElection34] INFO  impl.RoleInfo (RoleInfo.java:shutdownLeaderElection(134)) - 3d473be4-26b6-4ee1-a28c-e085f166cf84: shutdown LeaderElection
2019-09-12 10:19:59,546 [3d473be4-26b6-4ee1-a28c-e085f166cf84:group-9C07B3F9C07C:LeaderElection34] INFO  impl.RaftServerImpl (RaftServerImpl.java:setRole(171)) - 3d473be4-26b6-4ee1-a28c-e085f166cf84:group-9C07B3F9C07C changes role from CANDIDATE to LEADER at term 1 for changeToLeader
2019-09-12 10:19:59,546 [3d473be4-26b6-4ee1-a28c-e085f166cf84:group-9C07B3F9C07C:LeaderElection34] INFO  impl.RaftServerImpl (ServerState.java:setLeader(263)) - 3d473be4-26b6-4ee1-a28c-e085f166cf84:group-9C07B3F9C07C change Leader from null to 3d473be4-26b6-4ee1-a28c-e085f166cf84 at term 1 for becomeLeader, leader elected after 5084ms
2019-09-12 10:19:59,546 [3d473be4-26b6-4ee1-a28c-e085f166cf84:group-9C07B3F9C07C:LeaderElection34] INFO  server.RaftServerConfigKeys (ConfUtils.java:logGet(43)) - raft.server.staging.catchup.gap = 1000 (default)
2019-09-12 10:19:59,546 [3d473be4-26b6-4ee1-a28c-e085f166cf84:group-9C07B3F9C07C:LeaderElection34] INFO  server.RaftServerConfigKeys (ConfUtils.java:logGet(43)) - raft.server.rpc.sleep.time = 25ms (default)
2019-09-12 10:19:59,546 [3d473be4-26b6-4ee1-a28c-e085f166cf84:group-9C07B3F9C07C:LeaderElection34] INFO  server.RaftServerConfigKeys (ConfUtils.java:logGet(43)) - raft.server.write.element-limit = 4096 (default)
2019-09-12 10:19:59,547 [3d473be4-26b6-4ee1-a28c-e085f166cf84:group-9C07B3F9C07C:LeaderElection34] INFO  server.RaftServerConfigKeys (ConfUtils.java:logGet(43)) - raft.server.watch.timeout = 10s (default)
2019-09-12 10:19:59,547 [3d473be4-26b6-4ee1-a28c-e085f166cf84:group-9C07B3F9C07C:LeaderElection34] INFO  server.RaftServerConfigKeys (ConfUtils.java:logGet(43)) - raft.server.watch.timeout.denomination = 1s (default)
2019-09-12 10:19:59,547 [3d473be4-26b6-4ee1-a28c-e085f166cf84:group-9C07B3F9C07C:LeaderElection34] INFO  server.RaftServerConfigKeys (ConfUtils.java:logGet(43)) - raft.server.watch.element-limit = 65536 (default)
2019-09-12 10:19:59,547 [3d473be4-26b6-4ee1-a28c-e085f166cf84:group-9C07B3F9C07C:LeaderElection34] INFO  impl.RoleInfo (RoleInfo.java:updateAndGet(143)) - 3d473be4-26b6-4ee1-a28c-e085f166cf84: start LeaderState
2019-09-12 10:19:59,548 [3d473be4-26b6-4ee1-a28c-e085f166cf84:group-9C07B3F9C07C:LeaderElection34] INFO  segmented.SegmentedRaftLogWorker (SegmentedRaftLogWorker.java:startLogSegment(380)) - 3d473be4-26b6-4ee1-a28c-e085f166cf84-SegmentedRaftLogWorker:Storage Directory /workdir/hadoop-ozone/integration-test/target/test-dir/MiniOzoneClusterImpl-e8e4c60a-c823-4d54-ae81-00ccaa13a6c6/datanode-2/data/ratis/9ae87c55-f86b-408c-b7d8-9c07b3f9c07c: Starting segment from index:0
2019-09-12 10:19:59,548 [3d473be4-26b6-4ee1-a28c-e085f166cf84:group-9C07B3F9C07C:LeaderElection34] INFO  impl.RaftServerImpl (ServerState.java:setRaftConf(361)) - 3d473be4-26b6-4ee1-a28c-e085f166cf84:group-9C07B3F9C07C set configuration 0: [3d473be4-26b6-4ee1-a28c-e085f166cf84:192.168.157.195:43100], old=null at 0
2019-09-12 10:19:59,591 [3d473be4-26b6-4ee1-a28c-e085f166cf84-SegmentedRaftLogWorker:Storage Directory /workdir/hadoop-ozone/integration-test/target/test-dir/MiniOzoneClusterImpl-e8e4c60a-c823-4d54-ae81-00ccaa13a6c6/datanode-2/data/ratis/9ae87c55-f86b-408c-b7d8-9c07b3f9c07c] INFO  segmented.SegmentedRaftLogWorker (SegmentedRaftLogWorker.java:execute(569)) - 3d473be4-26b6-4ee1-a28c-e085f166cf84-SegmentedRaftLogWorker:Storage Directory /workdir/hadoop-ozone/integration-test/target/test-dir/MiniOzoneClusterImpl-e8e4c60a-c823-4d54-ae81-00ccaa13a6c6/datanode-2/data/ratis/9ae87c55-f86b-408c-b7d8-9c07b3f9c07c: created new log segment /workdir/hadoop-ozone/integration-test/target/test-dir/MiniOzoneClusterImpl-e8e4c60a-c823-4d54-ae81-00ccaa13a6c6/datanode-2/data/ratis/9ae87c55-f86b-408c-b7d8-9c07b3f9c07c/current/log_inprogress_0
2019-09-12 10:19:59,690 [Thread-489] INFO  impl.FollowerState (FollowerState.java:run(106)) - 3d473be4-26b6-4ee1-a28c-e085f166cf84:group-BF61560EC907 changes to CANDIDATE, lastRpcTime:5171, electionTimeout:5171ms
2019-09-12 10:19:59,690 [Thread-489] INFO  impl.RoleInfo (RoleInfo.java:shutdownFollowerState(121)) - 3d473be4-26b6-4ee1-a28c-e085f166cf84: shutdown FollowerState
2019-09-12 10:19:59,690 [Thread-489] INFO  impl.RaftServerImpl (RaftServerImpl.java:setRole(171)) - 3d473be4-26b6-4ee1-a28c-e085f166cf84:group-BF61560EC907 changes role from FOLLOWER to CANDIDATE at term 0 for changeToCandidate
2019-09-12 10:19:59,691 [Thread-489] INFO  impl.RoleInfo (RoleInfo.java:updateAndGet(143)) - 3d473be4-26b6-4ee1-a28c-e085f166cf84: start LeaderElection
2019-09-12 10:19:59,705 [3d473be4-26b6-4ee1-a28c-e085f166cf84:group-BF61560EC907:LeaderElection35] INFO  impl.LeaderElection (LeaderElection.java:askForVotes(181)) - 3d473be4-26b6-4ee1-a28c-e085f166cf84:group-BF61560EC907:LeaderElection35: begin an election at term 1 for -1: [3d473be4-26b6-4ee1-a28c-e085f166cf84:192.168.157.195:43100], old=null
2019-09-12 10:19:59,705 [3d473be4-26b6-4ee1-a28c-e085f166cf84:group-BF61560EC907:LeaderElection35] INFO  impl.RoleInfo (RoleInfo.java:shutdownLeaderElection(134)) - 3d473be4-26b6-4ee1-a28c-e085f166cf84: shutdown LeaderElection
2019-09-12 10:19:59,706 [3d473be4-26b6-4ee1-a28c-e085f166cf84:group-BF61560EC907:LeaderElection35] INFO  impl.RaftServerImpl (RaftServerImpl.java:setRole(171)) - 3d473be4-26b6-4ee1-a28c-e085f166cf84:group-BF61560EC907 changes role from CANDIDATE to LEADER at term 1 for changeToLeader
2019-09-12 10:19:59,706 [3d473be4-26b6-4ee1-a28c-e085f166cf84:group-BF61560EC907:LeaderElection35] INFO  impl.RaftServerImpl (ServerState.java:setLeader(263)) - 3d473be4-26b6-4ee1-a28c-e085f166cf84:group-BF61560EC907 change Leader from null to 3d473be4-26b6-4ee1-a28c-e085f166cf84 at term 1 for becomeLeader, leader elected after 5193ms
2019-09-12 10:19:59,706 [3d473be4-26b6-4ee1-a28c-e085f166cf84:group-BF61560EC907:LeaderElection35] INFO  server.RaftServerConfigKeys (ConfUtils.java:logGet(43)) - raft.server.staging.catchup.gap = 1000 (default)
2019-09-12 10:19:59,706 [3d473be4-26b6-4ee1-a28c-e085f166cf84:group-BF61560EC907:LeaderElection35] INFO  server.RaftServerConfigKeys (ConfUtils.java:logGet(43)) - raft.server.rpc.sleep.time = 25ms (default)
2019-09-12 10:19:59,706 [3d473be4-26b6-4ee1-a28c-e085f166cf84:group-BF61560EC907:LeaderElection35] INFO  server.RaftServerConfigKeys (ConfUtils.java:logGet(43)) - raft.server.write.element-limit = 4096 (default)
2019-09-12 10:19:59,707 [3d473be4-26b6-4ee1-a28c-e085f166cf84:group-BF61560EC907:LeaderElection35] INFO  server.RaftServerConfigKeys (ConfUtils.java:logGet(43)) - raft.server.watch.timeout = 10s (default)
2019-09-12 10:19:59,707 [3d473be4-26b6-4ee1-a28c-e085f166cf84:group-BF61560EC907:LeaderElection35] INFO  server.RaftServerConfigKeys (ConfUtils.java:logGet(43)) - raft.server.watch.timeout.denomination = 1s (default)
2019-09-12 10:19:59,707 [3d473be4-26b6-4ee1-a28c-e085f166cf84:group-BF61560EC907:LeaderElection35] INFO  server.RaftServerConfigKeys (ConfUtils.java:logGet(43)) - raft.server.watch.element-limit = 65536 (default)
2019-09-12 10:19:59,707 [3d473be4-26b6-4ee1-a28c-e085f166cf84:group-BF61560EC907:LeaderElection35] INFO  impl.RoleInfo (RoleInfo.java:updateAndGet(143)) - 3d473be4-26b6-4ee1-a28c-e085f166cf84: start LeaderState
2019-09-12 10:19:59,708 [3d473be4-26b6-4ee1-a28c-e085f166cf84:group-BF61560EC907:LeaderElection35] INFO  segmented.SegmentedRaftLogWorker (SegmentedRaftLogWorker.java:startLogSegment(380)) - 3d473be4-26b6-4ee1-a28c-e085f166cf84-SegmentedRaftLogWorker:Storage Directory /workdir/hadoop-ozone/integration-test/target/test-dir/MiniOzoneClusterImpl-e8e4c60a-c823-4d54-ae81-00ccaa13a6c6/datanode-2/data/ratis/824eafd3-9980-479e-b88a-bf61560ec907: Starting segment from index:0
2019-09-12 10:19:59,708 [3d473be4-26b6-4ee1-a28c-e085f166cf84:group-BF61560EC907:LeaderElection35] INFO  impl.RaftServerImpl (ServerState.java:setRaftConf(361)) - 3d473be4-26b6-4ee1-a28c-e085f166cf84:group-BF61560EC907 set configuration 0: [3d473be4-26b6-4ee1-a28c-e085f166cf84:192.168.157.195:43100], old=null at 0
2019-09-12 10:19:59,740 [Thread-492] INFO  impl.FollowerState (FollowerState.java:run(106)) - 3d473be4-26b6-4ee1-a28c-e085f166cf84:group-834740838F7E changes to CANDIDATE, lastRpcTime:5169, electionTimeout:5169ms
2019-09-12 10:19:59,740 [Thread-492] INFO  impl.RoleInfo (RoleInfo.java:shutdownFollowerState(121)) - 3d473be4-26b6-4ee1-a28c-e085f166cf84: shutdown FollowerState
2019-09-12 10:19:59,740 [Thread-492] INFO  impl.RaftServerImpl (RaftServerImpl.java:setRole(171)) - 3d473be4-26b6-4ee1-a28c-e085f166cf84:group-834740838F7E changes role from FOLLOWER to CANDIDATE at term 0 for changeToCandidate
2019-09-12 10:19:59,741 [Thread-492] INFO  impl.RoleInfo (RoleInfo.java:updateAndGet(143)) - 3d473be4-26b6-4ee1-a28c-e085f166cf84: start LeaderElection
2019-09-12 10:19:59,753 [3d473be4-26b6-4ee1-a28c-e085f166cf84-SegmentedRaftLogWorker:Storage Directory /workdir/hadoop-ozone/integration-test/target/test-dir/MiniOzoneClusterImpl-e8e4c60a-c823-4d54-ae81-00ccaa13a6c6/datanode-2/data/ratis/824eafd3-9980-479e-b88a-bf61560ec907] INFO  segmented.SegmentedRaftLogWorker (SegmentedRaftLogWorker.java:execute(569)) - 3d473be4-26b6-4ee1-a28c-e085f166cf84-SegmentedRaftLogWorker:Storage Directory /workdir/hadoop-ozone/integration-test/target/test-dir/MiniOzoneClusterImpl-e8e4c60a-c823-4d54-ae81-00ccaa13a6c6/datanode-2/data/ratis/824eafd3-9980-479e-b88a-bf61560ec907: created new log segment /workdir/hadoop-ozone/integration-test/target/test-dir/MiniOzoneClusterImpl-e8e4c60a-c823-4d54-ae81-00ccaa13a6c6/datanode-2/data/ratis/824eafd3-9980-479e-b88a-bf61560ec907/current/log_inprogress_0
2019-09-12 10:19:59,753 [3d473be4-26b6-4ee1-a28c-e085f166cf84:group-834740838F7E:LeaderElection36] INFO  impl.LeaderElection (LeaderElection.java:askForVotes(181)) - 3d473be4-26b6-4ee1-a28c-e085f166cf84:group-834740838F7E:LeaderElection36: begin an election at term 1 for -1: [3d473be4-26b6-4ee1-a28c-e085f166cf84:192.168.157.195:43100], old=null
2019-09-12 10:19:59,753 [3d473be4-26b6-4ee1-a28c-e085f166cf84:group-834740838F7E:LeaderElection36] INFO  impl.RoleInfo (RoleInfo.java:shutdownLeaderElection(134)) - 3d473be4-26b6-4ee1-a28c-e085f166cf84: shutdown LeaderElection
2019-09-12 10:19:59,753 [3d473be4-26b6-4ee1-a28c-e085f166cf84:group-834740838F7E:LeaderElection36] INFO  impl.RaftServerImpl (RaftServerImpl.java:setRole(171)) - 3d473be4-26b6-4ee1-a28c-e085f166cf84:group-834740838F7E changes role from CANDIDATE to LEADER at term 1 for changeToLeader
2019-09-12 10:19:59,753 [3d473be4-26b6-4ee1-a28c-e085f166cf84:group-834740838F7E:LeaderElection36] INFO  impl.RaftServerImpl (ServerState.java:setLeader(263)) - 3d473be4-26b6-4ee1-a28c-e085f166cf84:group-834740838F7E change Leader from null to 3d473be4-26b6-4ee1-a28c-e085f166cf84 at term 1 for becomeLeader, leader elected after 5189ms
2019-09-12 10:19:59,754 [3d473be4-26b6-4ee1-a28c-e085f166cf84:group-834740838F7E:LeaderElection36] INFO  server.RaftServerConfigKeys (ConfUtils.java:logGet(43)) - raft.server.staging.catchup.gap = 1000 (default)
2019-09-12 10:19:59,754 [3d473be4-26b6-4ee1-a28c-e085f166cf84:group-834740838F7E:LeaderElection36] INFO  server.RaftServerConfigKeys (ConfUtils.java:logGet(43)) - raft.server.rpc.sleep.time = 25ms (default)
2019-09-12 10:19:59,754 [3d473be4-26b6-4ee1-a28c-e085f166cf84:group-834740838F7E:LeaderElection36] INFO  server.RaftServerConfigKeys (ConfUtils.java:logGet(43)) - raft.server.write.element-limit = 4096 (default)
2019-09-12 10:19:59,754 [3d473be4-26b6-4ee1-a28c-e085f166cf84:group-834740838F7E:LeaderElection36] INFO  server.RaftServerConfigKeys (ConfUtils.java:logGet(43)) - raft.server.watch.timeout = 10s (default)
2019-09-12 10:19:59,754 [3d473be4-26b6-4ee1-a28c-e085f166cf84:group-834740838F7E:LeaderElection36] INFO  server.RaftServerConfigKeys (ConfUtils.java:logGet(43)) - raft.server.watch.timeout.denomination = 1s (default)
2019-09-12 10:19:59,754 [3d473be4-26b6-4ee1-a28c-e085f166cf84:group-834740838F7E:LeaderElection36] INFO  server.RaftServerConfigKeys (ConfUtils.java:logGet(43)) - raft.server.watch.element-limit = 65536 (default)
2019-09-12 10:19:59,755 [3d473be4-26b6-4ee1-a28c-e085f166cf84:group-834740838F7E:LeaderElection36] INFO  impl.RoleInfo (RoleInfo.java:updateAndGet(143)) - 3d473be4-26b6-4ee1-a28c-e085f166cf84: start LeaderState
2019-09-12 10:19:59,755 [3d473be4-26b6-4ee1-a28c-e085f166cf84:group-834740838F7E:LeaderElection36] INFO  segmented.SegmentedRaftLogWorker (SegmentedRaftLogWorker.java:startLogSegment(380)) - 3d473be4-26b6-4ee1-a28c-e085f166cf84-SegmentedRaftLogWorker:Storage Directory /workdir/hadoop-ozone/integration-test/target/test-dir/MiniOzoneClusterImpl-e8e4c60a-c823-4d54-ae81-00ccaa13a6c6/datanode-2/data/ratis/d8d65ea9-c291-478d-b05c-834740838f7e: Starting segment from index:0
2019-09-12 10:19:59,756 [3d473be4-26b6-4ee1-a28c-e085f166cf84:group-834740838F7E:LeaderElection36] INFO  impl.RaftServerImpl (ServerState.java:setRaftConf(361)) - 3d473be4-26b6-4ee1-a28c-e085f166cf84:group-834740838F7E set configuration 0: [3d473be4-26b6-4ee1-a28c-e085f166cf84:192.168.157.195:43100], old=null at 0
2019-09-12 10:19:59,794 [3d473be4-26b6-4ee1-a28c-e085f166cf84-SegmentedRaftLogWorker:Storage Directory /workdir/hadoop-ozone/integration-test/target/test-dir/MiniOzoneClusterImpl-e8e4c60a-c823-4d54-ae81-00ccaa13a6c6/datanode-2/data/ratis/d8d65ea9-c291-478d-b05c-834740838f7e] INFO  segmented.SegmentedRaftLogWorker (SegmentedRaftLogWorker.java:execute(569)) - 3d473be4-26b6-4ee1-a28c-e085f166cf84-SegmentedRaftLogWorker:Storage Directory /workdir/hadoop-ozone/integration-test/target/test-dir/MiniOzoneClusterImpl-e8e4c60a-c823-4d54-ae81-00ccaa13a6c6/datanode-2/data/ratis/d8d65ea9-c291-478d-b05c-834740838f7e: created new log segment /workdir/hadoop-ozone/integration-test/target/test-dir/MiniOzoneClusterImpl-e8e4c60a-c823-4d54-ae81-00ccaa13a6c6/datanode-2/data/ratis/d8d65ea9-c291-478d-b05c-834740838f7e/current/log_inprogress_0
2019-09-12 10:19:59,973 | INFO  | SCMAudit | user=jenkins1000 | ip=192.168.157.195 | op=SEND_HEARTBEAT {datanodeUUID=3d473be4-26b6-4ee1-a28c-e085f166cf84, command=[]} | ret=SUCCESS |  
2019-09-12 10:20:00,010 [ForkJoinPool.commonPool-worker-0] INFO  ozoneimpl.OzoneContainer (OzoneContainer.java:stop(199)) - Attempting to stop container services.
2019-09-12 10:20:00,010 [main] INFO  ozoneimpl.OzoneContainer (OzoneContainer.java:stop(199)) - Attempting to stop container services.
2019-09-12 10:20:00,011 [ForkJoinPool.commonPool-worker-0] INFO  impl.RaftServerProxy (RaftServerProxy.java:lambda$close$4(314)) - 5c516266-aae8-47ae-932c-38f5d02bdb1c: close
2019-09-12 10:20:00,011 [main] INFO  impl.RaftServerProxy (RaftServerProxy.java:lambda$close$4(314)) - 9e5df1d6-607c-41f0-82d2-b3f98fd6c129: close
2019-09-12 10:20:00,011 [ForkJoinPool.commonPool-worker-0] INFO  impl.RaftServerImpl (RaftServerImpl.java:lambda$shutdown$3(245)) - 5c516266-aae8-47ae-932c-38f5d02bdb1c: shutdown group-FBE303EA94A7
2019-09-12 10:20:00,012 [main] INFO  impl.RaftServerImpl (RaftServerImpl.java:lambda$shutdown$3(245)) - 9e5df1d6-607c-41f0-82d2-b3f98fd6c129: shutdown group-E931E4957CC3
2019-09-12 10:20:00,012 [ForkJoinPool.commonPool-worker-0] INFO  util.JmxRegister (JmxRegister.java:unregister(73)) - Successfully un-registered JMX Bean with object name Ratis:service=RaftServer,group=group-FBE303EA94A7,id=5c516266-aae8-47ae-932c-38f5d02bdb1c
2019-09-12 10:20:00,012 [main] INFO  util.JmxRegister (JmxRegister.java:unregister(73)) - Successfully un-registered JMX Bean with object name Ratis:service=RaftServer,group=group-E931E4957CC3,id=9e5df1d6-607c-41f0-82d2-b3f98fd6c129
2019-09-12 10:20:00,013 [main] INFO  impl.RoleInfo (RoleInfo.java:shutdownLeaderState(104)) - 9e5df1d6-607c-41f0-82d2-b3f98fd6c129: shutdown LeaderState
2019-09-12 10:20:00,013 [ForkJoinPool.commonPool-worker-0] INFO  impl.RoleInfo (RoleInfo.java:shutdownLeaderState(104)) - 5c516266-aae8-47ae-932c-38f5d02bdb1c: shutdown LeaderState
2019-09-12 10:20:00,014 [main] INFO  impl.PendingRequests (PendingRequests.java:sendNotLeaderResponses(202)) - 9e5df1d6-607c-41f0-82d2-b3f98fd6c129-PendingRequests: sendNotLeaderResponses
2019-09-12 10:20:00,014 [ForkJoinPool.commonPool-worker-0] INFO  impl.PendingRequests (PendingRequests.java:sendNotLeaderResponses(202)) - 5c516266-aae8-47ae-932c-38f5d02bdb1c-PendingRequests: sendNotLeaderResponses
2019-09-12 10:20:00,014 [main] INFO  impl.StateMachineUpdater (StateMachineUpdater.java:stopAndJoin(115)) - StateMachineUpdater:9e5df1d6-607c-41f0-82d2-b3f98fd6c129:group-E931E4957CC3: set stopIndex = 0
2019-09-12 10:20:00,015 [ForkJoinPool.commonPool-worker-0] INFO  impl.StateMachineUpdater (StateMachineUpdater.java:stopAndJoin(115)) - StateMachineUpdater:5c516266-aae8-47ae-932c-38f5d02bdb1c:group-FBE303EA94A7: set stopIndex = 0
2019-09-12 10:20:00,021 [main] INFO  impl.RaftServerImpl (ServerState.java:close(394)) - 9e5df1d6-607c-41f0-82d2-b3f98fd6c129:group-E931E4957CC3 closes. The last applied log index is 0
2019-09-12 10:20:00,021 [ForkJoinPool.commonPool-worker-0] INFO  impl.RaftServerImpl (ServerState.java:close(394)) - 5c516266-aae8-47ae-932c-38f5d02bdb1c:group-FBE303EA94A7 closes. The last applied log index is 0
2019-09-12 10:20:00,022 [9e5df1d6-607c-41f0-82d2-b3f98fd6c129-SegmentedRaftLogWorker:Storage Directory /workdir/hadoop-ozone/integration-test/target/test-dir/MiniOzoneClusterImpl-e8e4c60a-c823-4d54-ae81-00ccaa13a6c6/datanode-1/data/ratis/9da6b88c-1c27-4c73-9add-e931e4957cc3] INFO  segmented.SegmentedRaftLogWorker (SegmentedRaftLogWorker.java:run(313)) - 9e5df1d6-607c-41f0-82d2-b3f98fd6c129-SegmentedRaftLogWorker:Storage Directory /workdir/hadoop-ozone/integration-test/target/test-dir/MiniOzoneClusterImpl-e8e4c60a-c823-4d54-ae81-00ccaa13a6c6/datanode-1/data/ratis/9da6b88c-1c27-4c73-9add-e931e4957cc3 was interrupted, exiting. There are 0 tasks remaining in the queue.
2019-09-12 10:20:00,022 [5c516266-aae8-47ae-932c-38f5d02bdb1c-SegmentedRaftLogWorker:Storage Directory /workdir/hadoop-ozone/integration-test/target/test-dir/MiniOzoneClusterImpl-e8e4c60a-c823-4d54-ae81-00ccaa13a6c6/datanode-0/data/ratis/5425ccc7-0c4f-4bdb-a57e-fbe303ea94a7] INFO  segmented.SegmentedRaftLogWorker (SegmentedRaftLogWorker.java:run(313)) - 5c516266-aae8-47ae-932c-38f5d02bdb1c-SegmentedRaftLogWorker:Storage Directory /workdir/hadoop-ozone/integration-test/target/test-dir/MiniOzoneClusterImpl-e8e4c60a-c823-4d54-ae81-00ccaa13a6c6/datanode-0/data/ratis/5425ccc7-0c4f-4bdb-a57e-fbe303ea94a7 was interrupted, exiting. There are 0 tasks remaining in the queue.
2019-09-12 10:20:00,023 [main] INFO  segmented.SegmentedRaftLogWorker (SegmentedRaftLogWorker.java:close(228)) - 9e5df1d6-607c-41f0-82d2-b3f98fd6c129-SegmentedRaftLogWorker:Storage Directory /workdir/hadoop-ozone/integration-test/target/test-dir/MiniOzoneClusterImpl-e8e4c60a-c823-4d54-ae81-00ccaa13a6c6/datanode-1/data/ratis/9da6b88c-1c27-4c73-9add-e931e4957cc3 close()
2019-09-12 10:20:00,024 [ForkJoinPool.commonPool-worker-0] INFO  segmented.SegmentedRaftLogWorker (SegmentedRaftLogWorker.java:close(228)) - 5c516266-aae8-47ae-932c-38f5d02bdb1c-SegmentedRaftLogWorker:Storage Directory /workdir/hadoop-ozone/integration-test/target/test-dir/MiniOzoneClusterImpl-e8e4c60a-c823-4d54-ae81-00ccaa13a6c6/datanode-0/data/ratis/5425ccc7-0c4f-4bdb-a57e-fbe303ea94a7 close()
2019-09-12 10:20:00,026 [main] INFO  impl.RaftServerImpl (RaftServerImpl.java:lambda$shutdown$3(245)) - 9e5df1d6-607c-41f0-82d2-b3f98fd6c129: shutdown group-2C4E878376DE
2019-09-12 10:20:00,030 [ForkJoinPool.commonPool-worker-0] INFO  impl.RaftServerImpl (RaftServerImpl.java:lambda$shutdown$3(245)) - 5c516266-aae8-47ae-932c-38f5d02bdb1c: shutdown group-1C4E6608BA9B
2019-09-12 10:20:00,031 [main] INFO  util.JmxRegister (JmxRegister.java:unregister(73)) - Successfully un-registered JMX Bean with object name Ratis:service=RaftServer,group=group-2C4E878376DE,id=9e5df1d6-607c-41f0-82d2-b3f98fd6c129
2019-09-12 10:20:00,032 [main] INFO  impl.RoleInfo (RoleInfo.java:shutdownLeaderState(104)) - 9e5df1d6-607c-41f0-82d2-b3f98fd6c129: shutdown LeaderState
2019-09-12 10:20:00,031 [ForkJoinPool.commonPool-worker-0] INFO  util.JmxRegister (JmxRegister.java:unregister(73)) - Successfully un-registered JMX Bean with object name Ratis:service=RaftServer,group=group-1C4E6608BA9B,id=5c516266-aae8-47ae-932c-38f5d02bdb1c
2019-09-12 10:20:00,032 [main] INFO  impl.PendingRequests (PendingRequests.java:sendNotLeaderResponses(202)) - 9e5df1d6-607c-41f0-82d2-b3f98fd6c129-PendingRequests: sendNotLeaderResponses
2019-09-12 10:20:00,032 [ForkJoinPool.commonPool-worker-0] INFO  impl.RoleInfo (RoleInfo.java:shutdownLeaderState(104)) - 5c516266-aae8-47ae-932c-38f5d02bdb1c: shutdown LeaderState
2019-09-12 10:20:00,033 [main] INFO  impl.StateMachineUpdater (StateMachineUpdater.java:stopAndJoin(115)) - StateMachineUpdater:9e5df1d6-607c-41f0-82d2-b3f98fd6c129:group-2C4E878376DE: set stopIndex = 0
2019-09-12 10:20:00,033 [ForkJoinPool.commonPool-worker-0] INFO  impl.PendingRequests (PendingRequests.java:sendNotLeaderResponses(202)) - 5c516266-aae8-47ae-932c-38f5d02bdb1c-PendingRequests: sendNotLeaderResponses
2019-09-12 10:20:00,033 [main] INFO  impl.RaftServerImpl (ServerState.java:close(394)) - 9e5df1d6-607c-41f0-82d2-b3f98fd6c129:group-2C4E878376DE closes. The last applied log index is 0
2019-09-12 10:20:00,034 [ForkJoinPool.commonPool-worker-0] INFO  impl.StateMachineUpdater (StateMachineUpdater.java:stopAndJoin(115)) - StateMachineUpdater:5c516266-aae8-47ae-932c-38f5d02bdb1c:group-1C4E6608BA9B: set stopIndex = 0
2019-09-12 10:20:00,034 [ForkJoinPool.commonPool-worker-0] INFO  impl.RaftServerImpl (ServerState.java:close(394)) - 5c516266-aae8-47ae-932c-38f5d02bdb1c:group-1C4E6608BA9B closes. The last applied log index is 0
2019-09-12 10:20:00,034 [9e5df1d6-607c-41f0-82d2-b3f98fd6c129-SegmentedRaftLogWorker:Storage Directory /workdir/hadoop-ozone/integration-test/target/test-dir/MiniOzoneClusterImpl-e8e4c60a-c823-4d54-ae81-00ccaa13a6c6/datanode-1/data/ratis/ac99ace1-c538-4dcd-8dfb-2c4e878376de] INFO  segmented.SegmentedRaftLogWorker (SegmentedRaftLogWorker.java:run(313)) - 9e5df1d6-607c-41f0-82d2-b3f98fd6c129-SegmentedRaftLogWorker:Storage Directory /workdir/hadoop-ozone/integration-test/target/test-dir/MiniOzoneClusterImpl-e8e4c60a-c823-4d54-ae81-00ccaa13a6c6/datanode-1/data/ratis/ac99ace1-c538-4dcd-8dfb-2c4e878376de was interrupted, exiting. There are 0 tasks remaining in the queue.
2019-09-12 10:20:00,035 [5c516266-aae8-47ae-932c-38f5d02bdb1c-SegmentedRaftLogWorker:Storage Directory /workdir/hadoop-ozone/integration-test/target/test-dir/MiniOzoneClusterImpl-e8e4c60a-c823-4d54-ae81-00ccaa13a6c6/datanode-0/data/ratis/72a40caa-d703-4fff-9588-1c4e6608ba9b] INFO  segmented.SegmentedRaftLogWorker (SegmentedRaftLogWorker.java:run(313)) - 5c516266-aae8-47ae-932c-38f5d02bdb1c-SegmentedRaftLogWorker:Storage Directory /workdir/hadoop-ozone/integration-test/target/test-dir/MiniOzoneClusterImpl-e8e4c60a-c823-4d54-ae81-00ccaa13a6c6/datanode-0/data/ratis/72a40caa-d703-4fff-9588-1c4e6608ba9b was interrupted, exiting. There are 0 tasks remaining in the queue.
2019-09-12 10:20:00,036 [main] INFO  segmented.SegmentedRaftLogWorker (SegmentedRaftLogWorker.java:close(228)) - 9e5df1d6-607c-41f0-82d2-b3f98fd6c129-SegmentedRaftLogWorker:Storage Directory /workdir/hadoop-ozone/integration-test/target/test-dir/MiniOzoneClusterImpl-e8e4c60a-c823-4d54-ae81-00ccaa13a6c6/datanode-1/data/ratis/ac99ace1-c538-4dcd-8dfb-2c4e878376de close()
2019-09-12 10:20:00,037 [ForkJoinPool.commonPool-worker-0] INFO  segmented.SegmentedRaftLogWorker (SegmentedRaftLogWorker.java:close(228)) - 5c516266-aae8-47ae-932c-38f5d02bdb1c-SegmentedRaftLogWorker:Storage Directory /workdir/hadoop-ozone/integration-test/target/test-dir/MiniOzoneClusterImpl-e8e4c60a-c823-4d54-ae81-00ccaa13a6c6/datanode-0/data/ratis/72a40caa-d703-4fff-9588-1c4e6608ba9b close()
2019-09-12 10:20:00,038 [main] INFO  impl.RaftServerImpl (RaftServerImpl.java:lambda$shutdown$3(245)) - 9e5df1d6-607c-41f0-82d2-b3f98fd6c129: shutdown group-83C8DDD57EAD
2019-09-12 10:20:00,039 [ForkJoinPool.commonPool-worker-0] INFO  impl.RaftServerImpl (RaftServerImpl.java:lambda$shutdown$3(245)) - 5c516266-aae8-47ae-932c-38f5d02bdb1c: shutdown group-55F1BBF4C073
2019-09-12 10:20:00,040 [main] INFO  util.JmxRegister (JmxRegister.java:unregister(73)) - Successfully un-registered JMX Bean with object name Ratis:service=RaftServer,group=group-83C8DDD57EAD,id=9e5df1d6-607c-41f0-82d2-b3f98fd6c129
2019-09-12 10:20:00,040 [ForkJoinPool.commonPool-worker-0] INFO  util.JmxRegister (JmxRegister.java:unregister(73)) - Successfully un-registered JMX Bean with object name Ratis:service=RaftServer,group=group-55F1BBF4C073,id=5c516266-aae8-47ae-932c-38f5d02bdb1c
2019-09-12 10:20:00,041 [main] INFO  impl.RoleInfo (RoleInfo.java:shutdownLeaderState(104)) - 9e5df1d6-607c-41f0-82d2-b3f98fd6c129: shutdown LeaderState
2019-09-12 10:20:00,041 [ForkJoinPool.commonPool-worker-0] INFO  impl.RoleInfo (RoleInfo.java:shutdownLeaderState(104)) - 5c516266-aae8-47ae-932c-38f5d02bdb1c: shutdown LeaderState
2019-09-12 10:20:00,042 [main] INFO  impl.PendingRequests (PendingRequests.java:sendNotLeaderResponses(202)) - 9e5df1d6-607c-41f0-82d2-b3f98fd6c129-PendingRequests: sendNotLeaderResponses
2019-09-12 10:20:00,042 [ForkJoinPool.commonPool-worker-0] INFO  impl.PendingRequests (PendingRequests.java:sendNotLeaderResponses(202)) - 5c516266-aae8-47ae-932c-38f5d02bdb1c-PendingRequests: sendNotLeaderResponses
2019-09-12 10:20:00,042 [main] INFO  impl.StateMachineUpdater (StateMachineUpdater.java:stopAndJoin(115)) - StateMachineUpdater:9e5df1d6-607c-41f0-82d2-b3f98fd6c129:group-83C8DDD57EAD: set stopIndex = 0
2019-09-12 10:20:00,042 [ForkJoinPool.commonPool-worker-0] INFO  impl.StateMachineUpdater (StateMachineUpdater.java:stopAndJoin(115)) - StateMachineUpdater:5c516266-aae8-47ae-932c-38f5d02bdb1c:group-55F1BBF4C073: set stopIndex = 0
2019-09-12 10:20:00,043 [main] INFO  impl.RaftServerImpl (ServerState.java:close(394)) - 9e5df1d6-607c-41f0-82d2-b3f98fd6c129:group-83C8DDD57EAD closes. The last applied log index is 0
2019-09-12 10:20:00,043 [ForkJoinPool.commonPool-worker-0] INFO  impl.RaftServerImpl (ServerState.java:close(394)) - 5c516266-aae8-47ae-932c-38f5d02bdb1c:group-55F1BBF4C073 closes. The last applied log index is 0
2019-09-12 10:20:00,044 [9e5df1d6-607c-41f0-82d2-b3f98fd6c129-SegmentedRaftLogWorker:Storage Directory /workdir/hadoop-ozone/integration-test/target/test-dir/MiniOzoneClusterImpl-e8e4c60a-c823-4d54-ae81-00ccaa13a6c6/datanode-1/data/ratis/f5ffa676-275d-4fdd-a5b1-83c8ddd57ead] INFO  segmented.SegmentedRaftLogWorker (SegmentedRaftLogWorker.java:run(313)) - 9e5df1d6-607c-41f0-82d2-b3f98fd6c129-SegmentedRaftLogWorker:Storage Directory /workdir/hadoop-ozone/integration-test/target/test-dir/MiniOzoneClusterImpl-e8e4c60a-c823-4d54-ae81-00ccaa13a6c6/datanode-1/data/ratis/f5ffa676-275d-4fdd-a5b1-83c8ddd57ead was interrupted, exiting. There are 0 tasks remaining in the queue.
2019-09-12 10:20:00,044 [5c516266-aae8-47ae-932c-38f5d02bdb1c-SegmentedRaftLogWorker:Storage Directory /workdir/hadoop-ozone/integration-test/target/test-dir/MiniOzoneClusterImpl-e8e4c60a-c823-4d54-ae81-00ccaa13a6c6/datanode-0/data/ratis/e0649ce6-d590-4c19-a44d-55f1bbf4c073] INFO  segmented.SegmentedRaftLogWorker (SegmentedRaftLogWorker.java:run(313)) - 5c516266-aae8-47ae-932c-38f5d02bdb1c-SegmentedRaftLogWorker:Storage Directory /workdir/hadoop-ozone/integration-test/target/test-dir/MiniOzoneClusterImpl-e8e4c60a-c823-4d54-ae81-00ccaa13a6c6/datanode-0/data/ratis/e0649ce6-d590-4c19-a44d-55f1bbf4c073 was interrupted, exiting. There are 0 tasks remaining in the queue.
2019-09-12 10:20:00,046 [ForkJoinPool.commonPool-worker-0] INFO  segmented.SegmentedRaftLogWorker (SegmentedRaftLogWorker.java:close(228)) - 5c516266-aae8-47ae-932c-38f5d02bdb1c-SegmentedRaftLogWorker:Storage Directory /workdir/hadoop-ozone/integration-test/target/test-dir/MiniOzoneClusterImpl-e8e4c60a-c823-4d54-ae81-00ccaa13a6c6/datanode-0/data/ratis/e0649ce6-d590-4c19-a44d-55f1bbf4c073 close()
2019-09-12 10:20:00,046 [main] INFO  segmented.SegmentedRaftLogWorker (SegmentedRaftLogWorker.java:close(228)) - 9e5df1d6-607c-41f0-82d2-b3f98fd6c129-SegmentedRaftLogWorker:Storage Directory /workdir/hadoop-ozone/integration-test/target/test-dir/MiniOzoneClusterImpl-e8e4c60a-c823-4d54-ae81-00ccaa13a6c6/datanode-1/data/ratis/f5ffa676-275d-4fdd-a5b1-83c8ddd57ead close()
2019-09-12 10:20:00,048 [ForkJoinPool.commonPool-worker-0] INFO  impl.RaftServerImpl (RaftServerImpl.java:lambda$shutdown$3(245)) - 5c516266-aae8-47ae-932c-38f5d02bdb1c: shutdown group-FFC0F9D16384
2019-09-12 10:20:00,049 [main] INFO  impl.RaftServerImpl (RaftServerImpl.java:lambda$shutdown$3(245)) - 9e5df1d6-607c-41f0-82d2-b3f98fd6c129: shutdown group-7317624829EB
2019-09-12 10:20:00,050 [ForkJoinPool.commonPool-worker-0] INFO  util.JmxRegister (JmxRegister.java:unregister(73)) - Successfully un-registered JMX Bean with object name Ratis:service=RaftServer,group=group-FFC0F9D16384,id=5c516266-aae8-47ae-932c-38f5d02bdb1c
2019-09-12 10:20:00,050 [main] INFO  util.JmxRegister (JmxRegister.java:unregister(73)) - Successfully un-registered JMX Bean with object name Ratis:service=RaftServer,group=group-7317624829EB,id=9e5df1d6-607c-41f0-82d2-b3f98fd6c129
2019-09-12 10:20:00,050 [main] INFO  impl.RoleInfo (RoleInfo.java:shutdownLeaderState(104)) - 9e5df1d6-607c-41f0-82d2-b3f98fd6c129: shutdown LeaderState
2019-09-12 10:20:00,050 [ForkJoinPool.commonPool-worker-0] INFO  impl.RoleInfo (RoleInfo.java:shutdownLeaderState(104)) - 5c516266-aae8-47ae-932c-38f5d02bdb1c: shutdown LeaderState
2019-09-12 10:20:00,051 [main] INFO  impl.PendingRequests (PendingRequests.java:sendNotLeaderResponses(202)) - 9e5df1d6-607c-41f0-82d2-b3f98fd6c129-PendingRequests: sendNotLeaderResponses
2019-09-12 10:20:00,051 [ForkJoinPool.commonPool-worker-0] INFO  impl.PendingRequests (PendingRequests.java:sendNotLeaderResponses(202)) - 5c516266-aae8-47ae-932c-38f5d02bdb1c-PendingRequests: sendNotLeaderResponses
2019-09-12 10:20:00,052 [main] INFO  impl.StateMachineUpdater (StateMachineUpdater.java:stopAndJoin(115)) - StateMachineUpdater:9e5df1d6-607c-41f0-82d2-b3f98fd6c129:group-7317624829EB: set stopIndex = 0
2019-09-12 10:20:00,052 [ForkJoinPool.commonPool-worker-0] INFO  impl.StateMachineUpdater (StateMachineUpdater.java:stopAndJoin(115)) - StateMachineUpdater:5c516266-aae8-47ae-932c-38f5d02bdb1c:group-FFC0F9D16384: set stopIndex = 0
2019-09-12 10:20:00,052 [main] INFO  impl.RaftServerImpl (ServerState.java:close(394)) - 9e5df1d6-607c-41f0-82d2-b3f98fd6c129:group-7317624829EB closes. The last applied log index is 0
2019-09-12 10:20:00,052 [ForkJoinPool.commonPool-worker-0] INFO  impl.RaftServerImpl (ServerState.java:close(394)) - 5c516266-aae8-47ae-932c-38f5d02bdb1c:group-FFC0F9D16384 closes. The last applied log index is 0
2019-09-12 10:20:00,053 [9e5df1d6-607c-41f0-82d2-b3f98fd6c129-SegmentedRaftLogWorker:Storage Directory /workdir/hadoop-ozone/integration-test/target/test-dir/MiniOzoneClusterImpl-e8e4c60a-c823-4d54-ae81-00ccaa13a6c6/datanode-1/data/ratis/a346322a-9d80-46ba-be28-7317624829eb] INFO  segmented.SegmentedRaftLogWorker (SegmentedRaftLogWorker.java:run(313)) - 9e5df1d6-607c-41f0-82d2-b3f98fd6c129-SegmentedRaftLogWorker:Storage Directory /workdir/hadoop-ozone/integration-test/target/test-dir/MiniOzoneClusterImpl-e8e4c60a-c823-4d54-ae81-00ccaa13a6c6/datanode-1/data/ratis/a346322a-9d80-46ba-be28-7317624829eb was interrupted, exiting. There are 0 tasks remaining in the queue.
2019-09-12 10:20:00,053 [5c516266-aae8-47ae-932c-38f5d02bdb1c-SegmentedRaftLogWorker:Storage Directory /workdir/hadoop-ozone/integration-test/target/test-dir/MiniOzoneClusterImpl-e8e4c60a-c823-4d54-ae81-00ccaa13a6c6/datanode-0/data/ratis/fafa9bec-3c7c-40c7-b959-ffc0f9d16384] INFO  segmented.SegmentedRaftLogWorker (SegmentedRaftLogWorker.java:run(313)) - 5c516266-aae8-47ae-932c-38f5d02bdb1c-SegmentedRaftLogWorker:Storage Directory /workdir/hadoop-ozone/integration-test/target/test-dir/MiniOzoneClusterImpl-e8e4c60a-c823-4d54-ae81-00ccaa13a6c6/datanode-0/data/ratis/fafa9bec-3c7c-40c7-b959-ffc0f9d16384 was interrupted, exiting. There are 0 tasks remaining in the queue.
2019-09-12 10:20:00,054 [main] INFO  segmented.SegmentedRaftLogWorker (SegmentedRaftLogWorker.java:close(228)) - 9e5df1d6-607c-41f0-82d2-b3f98fd6c129-SegmentedRaftLogWorker:Storage Directory /workdir/hadoop-ozone/integration-test/target/test-dir/MiniOzoneClusterImpl-e8e4c60a-c823-4d54-ae81-00ccaa13a6c6/datanode-1/data/ratis/a346322a-9d80-46ba-be28-7317624829eb close()
2019-09-12 10:20:00,056 [ForkJoinPool.commonPool-worker-0] INFO  segmented.SegmentedRaftLogWorker (SegmentedRaftLogWorker.java:close(228)) - 5c516266-aae8-47ae-932c-38f5d02bdb1c-SegmentedRaftLogWorker:Storage Directory /workdir/hadoop-ozone/integration-test/target/test-dir/MiniOzoneClusterImpl-e8e4c60a-c823-4d54-ae81-00ccaa13a6c6/datanode-0/data/ratis/fafa9bec-3c7c-40c7-b959-ffc0f9d16384 close()
2019-09-12 10:20:00,057 [main] INFO  impl.RaftServerImpl (RaftServerImpl.java:lambda$shutdown$3(245)) - 9e5df1d6-607c-41f0-82d2-b3f98fd6c129: shutdown group-5B727BC84EC9
2019-09-12 10:20:00,058 [ForkJoinPool.commonPool-worker-0] INFO  impl.RaftServerImpl (RaftServerImpl.java:lambda$shutdown$3(245)) - 5c516266-aae8-47ae-932c-38f5d02bdb1c: shutdown group-24B5485C9B91
2019-09-12 10:20:00,059 [main] INFO  util.JmxRegister (JmxRegister.java:unregister(73)) - Successfully un-registered JMX Bean with object name Ratis:service=RaftServer,group=group-5B727BC84EC9,id=9e5df1d6-607c-41f0-82d2-b3f98fd6c129
2019-09-12 10:20:00,059 [ForkJoinPool.commonPool-worker-0] INFO  util.JmxRegister (JmxRegister.java:unregister(73)) - Successfully un-registered JMX Bean with object name Ratis:service=RaftServer,group=group-24B5485C9B91,id=5c516266-aae8-47ae-932c-38f5d02bdb1c
2019-09-12 10:20:00,059 [main] INFO  impl.RoleInfo (RoleInfo.java:shutdownLeaderState(104)) - 9e5df1d6-607c-41f0-82d2-b3f98fd6c129: shutdown LeaderState
2019-09-12 10:20:00,059 [ForkJoinPool.commonPool-worker-0] INFO  impl.RoleInfo (RoleInfo.java:shutdownLeaderState(104)) - 5c516266-aae8-47ae-932c-38f5d02bdb1c: shutdown LeaderState
2019-09-12 10:20:00,060 [main] INFO  impl.PendingRequests (PendingRequests.java:sendNotLeaderResponses(202)) - 9e5df1d6-607c-41f0-82d2-b3f98fd6c129-PendingRequests: sendNotLeaderResponses
2019-09-12 10:20:00,060 [ForkJoinPool.commonPool-worker-0] INFO  impl.PendingRequests (PendingRequests.java:sendNotLeaderResponses(202)) - 5c516266-aae8-47ae-932c-38f5d02bdb1c-PendingRequests: sendNotLeaderResponses
2019-09-12 10:20:00,060 [main] INFO  impl.StateMachineUpdater (StateMachineUpdater.java:stopAndJoin(115)) - StateMachineUpdater:9e5df1d6-607c-41f0-82d2-b3f98fd6c129:group-5B727BC84EC9: set stopIndex = 0
2019-09-12 10:20:00,061 [ForkJoinPool.commonPool-worker-0] INFO  impl.StateMachineUpdater (StateMachineUpdater.java:stopAndJoin(115)) - StateMachineUpdater:5c516266-aae8-47ae-932c-38f5d02bdb1c:group-24B5485C9B91: set stopIndex = 0
2019-09-12 10:20:00,061 [main] INFO  impl.RaftServerImpl (ServerState.java:close(394)) - 9e5df1d6-607c-41f0-82d2-b3f98fd6c129:group-5B727BC84EC9 closes. The last applied log index is 0
2019-09-12 10:20:00,061 [ForkJoinPool.commonPool-worker-0] INFO  impl.RaftServerImpl (ServerState.java:close(394)) - 5c516266-aae8-47ae-932c-38f5d02bdb1c:group-24B5485C9B91 closes. The last applied log index is 0
2019-09-12 10:20:00,062 [9e5df1d6-607c-41f0-82d2-b3f98fd6c129-SegmentedRaftLogWorker:Storage Directory /workdir/hadoop-ozone/integration-test/target/test-dir/MiniOzoneClusterImpl-e8e4c60a-c823-4d54-ae81-00ccaa13a6c6/datanode-1/data/ratis/c1ef9a36-88b5-46d5-8a96-5b727bc84ec9] INFO  segmented.SegmentedRaftLogWorker (SegmentedRaftLogWorker.java:run(313)) - 9e5df1d6-607c-41f0-82d2-b3f98fd6c129-SegmentedRaftLogWorker:Storage Directory /workdir/hadoop-ozone/integration-test/target/test-dir/MiniOzoneClusterImpl-e8e4c60a-c823-4d54-ae81-00ccaa13a6c6/datanode-1/data/ratis/c1ef9a36-88b5-46d5-8a96-5b727bc84ec9 was interrupted, exiting. There are 0 tasks remaining in the queue.
2019-09-12 10:20:00,062 [5c516266-aae8-47ae-932c-38f5d02bdb1c-SegmentedRaftLogWorker:Storage Directory /workdir/hadoop-ozone/integration-test/target/test-dir/MiniOzoneClusterImpl-e8e4c60a-c823-4d54-ae81-00ccaa13a6c6/datanode-0/data/ratis/972fb73b-5e31-4c76-bca9-24b5485c9b91] INFO  segmented.SegmentedRaftLogWorker (SegmentedRaftLogWorker.java:run(313)) - 5c516266-aae8-47ae-932c-38f5d02bdb1c-SegmentedRaftLogWorker:Storage Directory /workdir/hadoop-ozone/integration-test/target/test-dir/MiniOzoneClusterImpl-e8e4c60a-c823-4d54-ae81-00ccaa13a6c6/datanode-0/data/ratis/972fb73b-5e31-4c76-bca9-24b5485c9b91 was interrupted, exiting. There are 0 tasks remaining in the queue.
2019-09-12 10:20:00,064 [main] INFO  segmented.SegmentedRaftLogWorker (SegmentedRaftLogWorker.java:close(228)) - 9e5df1d6-607c-41f0-82d2-b3f98fd6c129-SegmentedRaftLogWorker:Storage Directory /workdir/hadoop-ozone/integration-test/target/test-dir/MiniOzoneClusterImpl-e8e4c60a-c823-4d54-ae81-00ccaa13a6c6/datanode-1/data/ratis/c1ef9a36-88b5-46d5-8a96-5b727bc84ec9 close()
2019-09-12 10:20:00,065 [ForkJoinPool.commonPool-worker-0] INFO  segmented.SegmentedRaftLogWorker (SegmentedRaftLogWorker.java:close(228)) - 5c516266-aae8-47ae-932c-38f5d02bdb1c-SegmentedRaftLogWorker:Storage Directory /workdir/hadoop-ozone/integration-test/target/test-dir/MiniOzoneClusterImpl-e8e4c60a-c823-4d54-ae81-00ccaa13a6c6/datanode-0/data/ratis/972fb73b-5e31-4c76-bca9-24b5485c9b91 close()
2019-09-12 10:20:00,070 [main] INFO  impl.RaftServerImpl (RaftServerImpl.java:lambda$shutdown$3(245)) - 9e5df1d6-607c-41f0-82d2-b3f98fd6c129: shutdown group-B34605D69931
2019-09-12 10:20:00,070 [ForkJoinPool.commonPool-worker-0] INFO  impl.RaftServerImpl (RaftServerImpl.java:lambda$shutdown$3(245)) - 5c516266-aae8-47ae-932c-38f5d02bdb1c: shutdown group-B6FE0F8FFBEA
2019-09-12 10:20:00,070 [main] INFO  util.JmxRegister (JmxRegister.java:unregister(73)) - Successfully un-registered JMX Bean with object name Ratis:service=RaftServer,group=group-B34605D69931,id=9e5df1d6-607c-41f0-82d2-b3f98fd6c129
2019-09-12 10:20:00,070 [ForkJoinPool.commonPool-worker-0] INFO  util.JmxRegister (JmxRegister.java:unregister(73)) - Successfully un-registered JMX Bean with object name Ratis:service=RaftServer,group=group-B6FE0F8FFBEA,id=5c516266-aae8-47ae-932c-38f5d02bdb1c
2019-09-12 10:20:00,071 [main] INFO  impl.RoleInfo (RoleInfo.java:shutdownLeaderState(104)) - 9e5df1d6-607c-41f0-82d2-b3f98fd6c129: shutdown LeaderState
2019-09-12 10:20:00,071 [ForkJoinPool.commonPool-worker-0] INFO  impl.RoleInfo (RoleInfo.java:shutdownLeaderState(104)) - 5c516266-aae8-47ae-932c-38f5d02bdb1c: shutdown LeaderState
2019-09-12 10:20:00,071 [main] INFO  impl.PendingRequests (PendingRequests.java:sendNotLeaderResponses(202)) - 9e5df1d6-607c-41f0-82d2-b3f98fd6c129-PendingRequests: sendNotLeaderResponses
2019-09-12 10:20:00,072 [ForkJoinPool.commonPool-worker-0] INFO  impl.PendingRequests (PendingRequests.java:sendNotLeaderResponses(202)) - 5c516266-aae8-47ae-932c-38f5d02bdb1c-PendingRequests: sendNotLeaderResponses
2019-09-12 10:20:00,072 [main] INFO  impl.StateMachineUpdater (StateMachineUpdater.java:stopAndJoin(115)) - StateMachineUpdater:9e5df1d6-607c-41f0-82d2-b3f98fd6c129:group-B34605D69931: set stopIndex = 0
2019-09-12 10:20:00,072 [ForkJoinPool.commonPool-worker-0] INFO  impl.StateMachineUpdater (StateMachineUpdater.java:stopAndJoin(115)) - StateMachineUpdater:5c516266-aae8-47ae-932c-38f5d02bdb1c:group-B6FE0F8FFBEA: set stopIndex = 0
2019-09-12 10:20:00,072 [main] INFO  impl.RaftServerImpl (ServerState.java:close(394)) - 9e5df1d6-607c-41f0-82d2-b3f98fd6c129:group-B34605D69931 closes. The last applied log index is 0
2019-09-12 10:20:00,073 [ForkJoinPool.commonPool-worker-0] INFO  impl.RaftServerImpl (ServerState.java:close(394)) - 5c516266-aae8-47ae-932c-38f5d02bdb1c:group-B6FE0F8FFBEA closes. The last applied log index is 0
2019-09-12 10:20:00,073 [9e5df1d6-607c-41f0-82d2-b3f98fd6c129-SegmentedRaftLogWorker:Storage Directory /workdir/hadoop-ozone/integration-test/target/test-dir/MiniOzoneClusterImpl-e8e4c60a-c823-4d54-ae81-00ccaa13a6c6/datanode-1/data/ratis/2f8f3eef-7add-4b58-a098-b34605d69931] INFO  segmented.SegmentedRaftLogWorker (SegmentedRaftLogWorker.java:run(313)) - 9e5df1d6-607c-41f0-82d2-b3f98fd6c129-SegmentedRaftLogWorker:Storage Directory /workdir/hadoop-ozone/integration-test/target/test-dir/MiniOzoneClusterImpl-e8e4c60a-c823-4d54-ae81-00ccaa13a6c6/datanode-1/data/ratis/2f8f3eef-7add-4b58-a098-b34605d69931 was interrupted, exiting. There are 0 tasks remaining in the queue.
2019-09-12 10:20:00,073 [5c516266-aae8-47ae-932c-38f5d02bdb1c-SegmentedRaftLogWorker:Storage Directory /workdir/hadoop-ozone/integration-test/target/test-dir/MiniOzoneClusterImpl-e8e4c60a-c823-4d54-ae81-00ccaa13a6c6/datanode-0/data/ratis/05e0ab51-6427-409a-aa3a-b6fe0f8ffbea] INFO  segmented.SegmentedRaftLogWorker (SegmentedRaftLogWorker.java:run(313)) - 5c516266-aae8-47ae-932c-38f5d02bdb1c-SegmentedRaftLogWorker:Storage Directory /workdir/hadoop-ozone/integration-test/target/test-dir/MiniOzoneClusterImpl-e8e4c60a-c823-4d54-ae81-00ccaa13a6c6/datanode-0/data/ratis/05e0ab51-6427-409a-aa3a-b6fe0f8ffbea was interrupted, exiting. There are 0 tasks remaining in the queue.
2019-09-12 10:20:00,073 [main] INFO  segmented.SegmentedRaftLogWorker (SegmentedRaftLogWorker.java:close(228)) - 9e5df1d6-607c-41f0-82d2-b3f98fd6c129-SegmentedRaftLogWorker:Storage Directory /workdir/hadoop-ozone/integration-test/target/test-dir/MiniOzoneClusterImpl-e8e4c60a-c823-4d54-ae81-00ccaa13a6c6/datanode-1/data/ratis/2f8f3eef-7add-4b58-a098-b34605d69931 close()
2019-09-12 10:20:00,074 [ForkJoinPool.commonPool-worker-0] INFO  segmented.SegmentedRaftLogWorker (SegmentedRaftLogWorker.java:close(228)) - 5c516266-aae8-47ae-932c-38f5d02bdb1c-SegmentedRaftLogWorker:Storage Directory /workdir/hadoop-ozone/integration-test/target/test-dir/MiniOzoneClusterImpl-e8e4c60a-c823-4d54-ae81-00ccaa13a6c6/datanode-0/data/ratis/05e0ab51-6427-409a-aa3a-b6fe0f8ffbea close()
2019-09-12 10:20:00,074 [main] INFO  server.GrpcService (GrpcService.java:closeImpl(155)) - 9e5df1d6-607c-41f0-82d2-b3f98fd6c129: shutdown server with port 44268 now
2019-09-12 10:20:00,074 [ForkJoinPool.commonPool-worker-0] INFO  server.GrpcService (GrpcService.java:closeImpl(155)) - 5c516266-aae8-47ae-932c-38f5d02bdb1c: shutdown server with port 37276 now
2019-09-12 10:20:00,077 [main] INFO  server.GrpcService (GrpcService.java:closeImpl(163)) - 9e5df1d6-607c-41f0-82d2-b3f98fd6c129: shutdown server with port 44268 successfully
2019-09-12 10:20:00,078 [ForkJoinPool.commonPool-worker-0] INFO  server.GrpcService (GrpcService.java:closeImpl(163)) - 5c516266-aae8-47ae-932c-38f5d02bdb1c: shutdown server with port 37276 successfully
2019-09-12 10:20:00,082 [ForkJoinPool.commonPool-worker-0] INFO  utils.BackgroundService (BackgroundService.java:shutdown(148)) - Shutting down service BlockDeletingService
2019-09-12 10:20:00,084 [refreshUsed-/workdir/hadoop-ozone/integration-test/target/test-dir/MiniOzoneClusterImpl-e8e4c60a-c823-4d54-ae81-00ccaa13a6c6/datanode-0/data/containers] WARN  fs.CachingGetSpaceUsed (CachingGetSpaceUsed.java:run(183)) - Thread Interrupted waiting to refresh disk information: sleep interrupted
2019-09-12 10:20:00,086 [main] INFO  utils.BackgroundService (BackgroundService.java:shutdown(148)) - Shutting down service BlockDeletingService
2019-09-12 10:20:00,092 [refreshUsed-/workdir/hadoop-ozone/integration-test/target/test-dir/MiniOzoneClusterImpl-e8e4c60a-c823-4d54-ae81-00ccaa13a6c6/datanode-1/data/containers] WARN  fs.CachingGetSpaceUsed (CachingGetSpaceUsed.java:run(183)) - Thread Interrupted waiting to refresh disk information: sleep interrupted
2019-09-12 10:20:00,106 [ForkJoinPool.commonPool-worker-0] INFO  statemachine.DatanodeStateMachine (DatanodeStateMachine.java:stopDaemon(395)) - Ozone container server stopped.
2019-09-12 10:20:00,115 [main] INFO  statemachine.DatanodeStateMachine (DatanodeStateMachine.java:stopDaemon(395)) - Ozone container server stopped.
2019-09-12 10:20:00,127 [ForkJoinPool.commonPool-worker-0] INFO  handler.ContextHandler (ContextHandler.java:doStop(910)) - Stopped o.e.j.w.WebAppContext@13192275{/,null,UNAVAILABLE}{/hddsDatanode}
2019-09-12 10:20:00,127 [main] INFO  handler.ContextHandler (ContextHandler.java:doStop(910)) - Stopped o.e.j.w.WebAppContext@5514579e{/,null,UNAVAILABLE}{/hddsDatanode}
2019-09-12 10:20:00,128 [ForkJoinPool.commonPool-worker-0] INFO  server.AbstractConnector (AbstractConnector.java:doStop(318)) - Stopped ServerConnector@79195c22{HTTP/1.1,[http/1.1]}{0.0.0.0:0}
2019-09-12 10:20:00,129 [main] INFO  server.AbstractConnector (AbstractConnector.java:doStop(318)) - Stopped ServerConnector@58c42c8c{HTTP/1.1,[http/1.1]}{0.0.0.0:0}
2019-09-12 10:20:00,129 [ForkJoinPool.commonPool-worker-0] INFO  handler.ContextHandler (ContextHandler.java:doStop(910)) - Stopped o.e.j.s.ServletContextHandler@4fb57fb3{/static,jar:file:/home/user/.m2/repository/org/apache/hadoop/hadoop-hdds-container-service/0.5.0-SNAPSHOT/hadoop-hdds-container-service-0.5.0-SNAPSHOT.jar!/webapps/static,UNAVAILABLE}
2019-09-12 10:20:00,130 [main] INFO  handler.ContextHandler (ContextHandler.java:doStop(910)) - Stopped o.e.j.s.ServletContextHandler@250967f1{/static,jar:file:/home/user/.m2/repository/org/apache/hadoop/hadoop-hdds-container-service/0.5.0-SNAPSHOT/hadoop-hdds-container-service-0.5.0-SNAPSHOT.jar!/webapps/static,UNAVAILABLE}
2019-09-12 10:20:00,130 [ForkJoinPool.commonPool-worker-0] INFO  handler.ContextHandler (ContextHandler.java:doStop(910)) - Stopped o.e.j.s.ServletContextHandler@336f49a1{/logs,file:///workdir/hadoop-ozone/integration-test/target/log,UNAVAILABLE}
2019-09-12 10:20:00,131 [main] INFO  handler.ContextHandler (ContextHandler.java:doStop(910)) - Stopped o.e.j.s.ServletContextHandler@a056b26{/logs,file:///workdir/hadoop-ozone/integration-test/target/log,UNAVAILABLE}
2019-09-12 10:20:00,132 [ForkJoinPool.commonPool-worker-0] INFO  datanode.ObjectStoreHandler (ObjectStoreHandler.java:close(155)) - Closing ObjectStoreHandler.
2019-09-12 10:20:00,133 [ForkJoinPool.commonPool-worker-0] INFO  ozone.HddsDatanodeService (HddsDatanodeService.java:stop(451)) - Stopped plug-in org.apache.hadoop.ozone.web.OzoneHddsDatanodeService@5da57a64
2019-09-12 10:20:00,970 [Datanode State Machine Thread - 0] INFO  statemachine.DatanodeStateMachine (DatanodeStateMachine.java:lambda$startDaemon$0(350)) - Ozone container server started.
2019-09-12 10:20:05,134 [ForkJoinPool.commonPool-worker-0] INFO  ozoneimpl.OzoneContainer (OzoneContainer.java:stop(199)) - Attempting to stop container services.
2019-09-12 10:20:05,135 [ForkJoinPool.commonPool-worker-0] INFO  impl.RaftServerProxy (RaftServerProxy.java:lambda$close$4(314)) - 3d473be4-26b6-4ee1-a28c-e085f166cf84: close
2019-09-12 10:20:05,135 [ForkJoinPool.commonPool-worker-0] INFO  impl.RaftServerImpl (RaftServerImpl.java:lambda$shutdown$3(245)) - 3d473be4-26b6-4ee1-a28c-e085f166cf84: shutdown group-834740838F7E
2019-09-12 10:20:05,136 [ForkJoinPool.commonPool-worker-0] INFO  util.JmxRegister (JmxRegister.java:unregister(73)) - Successfully un-registered JMX Bean with object name Ratis:service=RaftServer,group=group-834740838F7E,id=3d473be4-26b6-4ee1-a28c-e085f166cf84
2019-09-12 10:20:05,136 [ForkJoinPool.commonPool-worker-0] INFO  impl.RoleInfo (RoleInfo.java:shutdownLeaderState(104)) - 3d473be4-26b6-4ee1-a28c-e085f166cf84: shutdown LeaderState
2019-09-12 10:20:05,137 [ForkJoinPool.commonPool-worker-0] INFO  impl.PendingRequests (PendingRequests.java:sendNotLeaderResponses(202)) - 3d473be4-26b6-4ee1-a28c-e085f166cf84-PendingRequests: sendNotLeaderResponses
2019-09-12 10:20:05,137 [ForkJoinPool.commonPool-worker-0] INFO  impl.StateMachineUpdater (StateMachineUpdater.java:stopAndJoin(115)) - StateMachineUpdater:3d473be4-26b6-4ee1-a28c-e085f166cf84:group-834740838F7E: set stopIndex = 0
2019-09-12 10:20:05,137 [ForkJoinPool.commonPool-worker-0] INFO  impl.RaftServerImpl (ServerState.java:close(394)) - 3d473be4-26b6-4ee1-a28c-e085f166cf84:group-834740838F7E closes. The last applied log index is 0
2019-09-12 10:20:05,138 [3d473be4-26b6-4ee1-a28c-e085f166cf84-SegmentedRaftLogWorker:Storage Directory /workdir/hadoop-ozone/integration-test/target/test-dir/MiniOzoneClusterImpl-e8e4c60a-c823-4d54-ae81-00ccaa13a6c6/datanode-2/data/ratis/d8d65ea9-c291-478d-b05c-834740838f7e] INFO  segmented.SegmentedRaftLogWorker (SegmentedRaftLogWorker.java:run(313)) - 3d473be4-26b6-4ee1-a28c-e085f166cf84-SegmentedRaftLogWorker:Storage Directory /workdir/hadoop-ozone/integration-test/target/test-dir/MiniOzoneClusterImpl-e8e4c60a-c823-4d54-ae81-00ccaa13a6c6/datanode-2/data/ratis/d8d65ea9-c291-478d-b05c-834740838f7e was interrupted, exiting. There are 0 tasks remaining in the queue.
2019-09-12 10:20:05,138 [ForkJoinPool.commonPool-worker-0] INFO  segmented.SegmentedRaftLogWorker (SegmentedRaftLogWorker.java:close(228)) - 3d473be4-26b6-4ee1-a28c-e085f166cf84-SegmentedRaftLogWorker:Storage Directory /workdir/hadoop-ozone/integration-test/target/test-dir/MiniOzoneClusterImpl-e8e4c60a-c823-4d54-ae81-00ccaa13a6c6/datanode-2/data/ratis/d8d65ea9-c291-478d-b05c-834740838f7e close()
2019-09-12 10:20:05,139 [ForkJoinPool.commonPool-worker-0] INFO  impl.RaftServerImpl (RaftServerImpl.java:lambda$shutdown$3(245)) - 3d473be4-26b6-4ee1-a28c-e085f166cf84: shutdown group-C814C599D2E9
2019-09-12 10:20:05,139 [ForkJoinPool.commonPool-worker-0] INFO  util.JmxRegister (JmxRegister.java:unregister(73)) - Successfully un-registered JMX Bean with object name Ratis:service=RaftServer,group=group-C814C599D2E9,id=3d473be4-26b6-4ee1-a28c-e085f166cf84
2019-09-12 10:20:05,139 [ForkJoinPool.commonPool-worker-0] INFO  impl.RoleInfo (RoleInfo.java:shutdownLeaderState(104)) - 3d473be4-26b6-4ee1-a28c-e085f166cf84: shutdown LeaderState
2019-09-12 10:20:05,140 [ForkJoinPool.commonPool-worker-0] INFO  impl.PendingRequests (PendingRequests.java:sendNotLeaderResponses(202)) - 3d473be4-26b6-4ee1-a28c-e085f166cf84-PendingRequests: sendNotLeaderResponses
2019-09-12 10:20:05,140 [ForkJoinPool.commonPool-worker-0] INFO  impl.StateMachineUpdater (StateMachineUpdater.java:stopAndJoin(115)) - StateMachineUpdater:3d473be4-26b6-4ee1-a28c-e085f166cf84:group-C814C599D2E9: set stopIndex = 0
2019-09-12 10:20:05,140 [ForkJoinPool.commonPool-worker-0] INFO  impl.RaftServerImpl (ServerState.java:close(394)) - 3d473be4-26b6-4ee1-a28c-e085f166cf84:group-C814C599D2E9 closes. The last applied log index is 0
2019-09-12 10:20:05,141 [3d473be4-26b6-4ee1-a28c-e085f166cf84-SegmentedRaftLogWorker:Storage Directory /workdir/hadoop-ozone/integration-test/target/test-dir/MiniOzoneClusterImpl-e8e4c60a-c823-4d54-ae81-00ccaa13a6c6/datanode-2/data/ratis/b218dd4b-6a23-47f5-b4c6-c814c599d2e9] INFO  segmented.SegmentedRaftLogWorker (SegmentedRaftLogWorker.java:run(313)) - 3d473be4-26b6-4ee1-a28c-e085f166cf84-SegmentedRaftLogWorker:Storage Directory /workdir/hadoop-ozone/integration-test/target/test-dir/MiniOzoneClusterImpl-e8e4c60a-c823-4d54-ae81-00ccaa13a6c6/datanode-2/data/ratis/b218dd4b-6a23-47f5-b4c6-c814c599d2e9 was interrupted, exiting. There are 0 tasks remaining in the queue.
2019-09-12 10:20:05,141 [ForkJoinPool.commonPool-worker-0] INFO  segmented.SegmentedRaftLogWorker (SegmentedRaftLogWorker.java:close(228)) - 3d473be4-26b6-4ee1-a28c-e085f166cf84-SegmentedRaftLogWorker:Storage Directory /workdir/hadoop-ozone/integration-test/target/test-dir/MiniOzoneClusterImpl-e8e4c60a-c823-4d54-ae81-00ccaa13a6c6/datanode-2/data/ratis/b218dd4b-6a23-47f5-b4c6-c814c599d2e9 close()
2019-09-12 10:20:05,142 [ForkJoinPool.commonPool-worker-0] INFO  impl.RaftServerImpl (RaftServerImpl.java:lambda$shutdown$3(245)) - 3d473be4-26b6-4ee1-a28c-e085f166cf84: shutdown group-9C07B3F9C07C
2019-09-12 10:20:05,142 [ForkJoinPool.commonPool-worker-0] INFO  util.JmxRegister (JmxRegister.java:unregister(73)) - Successfully un-registered JMX Bean with object name Ratis:service=RaftServer,group=group-9C07B3F9C07C,id=3d473be4-26b6-4ee1-a28c-e085f166cf84
2019-09-12 10:20:05,142 [ForkJoinPool.commonPool-worker-0] INFO  impl.RoleInfo (RoleInfo.java:shutdownLeaderState(104)) - 3d473be4-26b6-4ee1-a28c-e085f166cf84: shutdown LeaderState
2019-09-12 10:20:05,142 [ForkJoinPool.commonPool-worker-0] INFO  impl.PendingRequests (PendingRequests.java:sendNotLeaderResponses(202)) - 3d473be4-26b6-4ee1-a28c-e085f166cf84-PendingRequests: sendNotLeaderResponses
2019-09-12 10:20:05,143 [ForkJoinPool.commonPool-worker-0] INFO  impl.StateMachineUpdater (StateMachineUpdater.java:stopAndJoin(115)) - StateMachineUpdater:3d473be4-26b6-4ee1-a28c-e085f166cf84:group-9C07B3F9C07C: set stopIndex = 0
2019-09-12 10:20:05,143 [ForkJoinPool.commonPool-worker-0] INFO  impl.RaftServerImpl (ServerState.java:close(394)) - 3d473be4-26b6-4ee1-a28c-e085f166cf84:group-9C07B3F9C07C closes. The last applied log index is 0
2019-09-12 10:20:05,144 [3d473be4-26b6-4ee1-a28c-e085f166cf84-SegmentedRaftLogWorker:Storage Directory /workdir/hadoop-ozone/integration-test/target/test-dir/MiniOzoneClusterImpl-e8e4c60a-c823-4d54-ae81-00ccaa13a6c6/datanode-2/data/ratis/9ae87c55-f86b-408c-b7d8-9c07b3f9c07c] INFO  segmented.SegmentedRaftLogWorker (SegmentedRaftLogWorker.java:run(313)) - 3d473be4-26b6-4ee1-a28c-e085f166cf84-SegmentedRaftLogWorker:Storage Directory /workdir/hadoop-ozone/integration-test/target/test-dir/MiniOzoneClusterImpl-e8e4c60a-c823-4d54-ae81-00ccaa13a6c6/datanode-2/data/ratis/9ae87c55-f86b-408c-b7d8-9c07b3f9c07c was interrupted, exiting. There are 0 tasks remaining in the queue.
2019-09-12 10:20:05,144 [ForkJoinPool.commonPool-worker-0] INFO  segmented.SegmentedRaftLogWorker (SegmentedRaftLogWorker.java:close(228)) - 3d473be4-26b6-4ee1-a28c-e085f166cf84-SegmentedRaftLogWorker:Storage Directory /workdir/hadoop-ozone/integration-test/target/test-dir/MiniOzoneClusterImpl-e8e4c60a-c823-4d54-ae81-00ccaa13a6c6/datanode-2/data/ratis/9ae87c55-f86b-408c-b7d8-9c07b3f9c07c close()
2019-09-12 10:20:05,144 [ForkJoinPool.commonPool-worker-0] INFO  impl.RaftServerImpl (RaftServerImpl.java:lambda$shutdown$3(245)) - 3d473be4-26b6-4ee1-a28c-e085f166cf84: shutdown group-D62AA55C4119
2019-09-12 10:20:05,145 [ForkJoinPool.commonPool-worker-0] INFO  util.JmxRegister (JmxRegister.java:unregister(73)) - Successfully un-registered JMX Bean with object name Ratis:service=RaftServer,group=group-D62AA55C4119,id=3d473be4-26b6-4ee1-a28c-e085f166cf84
2019-09-12 10:20:05,145 [ForkJoinPool.commonPool-worker-0] INFO  impl.RoleInfo (RoleInfo.java:shutdownLeaderState(104)) - 3d473be4-26b6-4ee1-a28c-e085f166cf84: shutdown LeaderState
2019-09-12 10:20:05,145 [ForkJoinPool.commonPool-worker-0] INFO  impl.PendingRequests (PendingRequests.java:sendNotLeaderResponses(202)) - 3d473be4-26b6-4ee1-a28c-e085f166cf84-PendingRequests: sendNotLeaderResponses
2019-09-12 10:20:05,146 [ForkJoinPool.commonPool-worker-0] INFO  impl.StateMachineUpdater (StateMachineUpdater.java:stopAndJoin(115)) - StateMachineUpdater:3d473be4-26b6-4ee1-a28c-e085f166cf84:group-D62AA55C4119: set stopIndex = 0
2019-09-12 10:20:05,146 [ForkJoinPool.commonPool-worker-0] INFO  impl.RaftServerImpl (ServerState.java:close(394)) - 3d473be4-26b6-4ee1-a28c-e085f166cf84:group-D62AA55C4119 closes. The last applied log index is 0
2019-09-12 10:20:05,146 [3d473be4-26b6-4ee1-a28c-e085f166cf84-SegmentedRaftLogWorker:Storage Directory /workdir/hadoop-ozone/integration-test/target/test-dir/MiniOzoneClusterImpl-e8e4c60a-c823-4d54-ae81-00ccaa13a6c6/datanode-2/data/ratis/0cc04749-6797-4191-9081-d62aa55c4119] INFO  segmented.SegmentedRaftLogWorker (SegmentedRaftLogWorker.java:run(313)) - 3d473be4-26b6-4ee1-a28c-e085f166cf84-SegmentedRaftLogWorker:Storage Directory /workdir/hadoop-ozone/integration-test/target/test-dir/MiniOzoneClusterImpl-e8e4c60a-c823-4d54-ae81-00ccaa13a6c6/datanode-2/data/ratis/0cc04749-6797-4191-9081-d62aa55c4119 was interrupted, exiting. There are 0 tasks remaining in the queue.
2019-09-12 10:20:05,147 [ForkJoinPool.commonPool-worker-0] INFO  segmented.SegmentedRaftLogWorker (SegmentedRaftLogWorker.java:close(228)) - 3d473be4-26b6-4ee1-a28c-e085f166cf84-SegmentedRaftLogWorker:Storage Directory /workdir/hadoop-ozone/integration-test/target/test-dir/MiniOzoneClusterImpl-e8e4c60a-c823-4d54-ae81-00ccaa13a6c6/datanode-2/data/ratis/0cc04749-6797-4191-9081-d62aa55c4119 close()
2019-09-12 10:20:05,147 [ForkJoinPool.commonPool-worker-0] INFO  impl.RaftServerImpl (RaftServerImpl.java:lambda$shutdown$3(245)) - 3d473be4-26b6-4ee1-a28c-e085f166cf84: shutdown group-BF61560EC907
2019-09-12 10:20:05,147 [ForkJoinPool.commonPool-worker-0] INFO  util.JmxRegister (JmxRegister.java:unregister(73)) - Successfully un-registered JMX Bean with object name Ratis:service=RaftServer,group=group-BF61560EC907,id=3d473be4-26b6-4ee1-a28c-e085f166cf84
2019-09-12 10:20:05,148 [ForkJoinPool.commonPool-worker-0] INFO  impl.RoleInfo (RoleInfo.java:shutdownLeaderState(104)) - 3d473be4-26b6-4ee1-a28c-e085f166cf84: shutdown LeaderState
2019-09-12 10:20:05,148 [ForkJoinPool.commonPool-worker-0] INFO  impl.PendingRequests (PendingRequests.java:sendNotLeaderResponses(202)) - 3d473be4-26b6-4ee1-a28c-e085f166cf84-PendingRequests: sendNotLeaderResponses
2019-09-12 10:20:05,148 [ForkJoinPool.commonPool-worker-0] INFO  impl.StateMachineUpdater (StateMachineUpdater.java:stopAndJoin(115)) - StateMachineUpdater:3d473be4-26b6-4ee1-a28c-e085f166cf84:group-BF61560EC907: set stopIndex = 0
2019-09-12 10:20:05,149 [ForkJoinPool.commonPool-worker-0] INFO  impl.RaftServerImpl (ServerState.java:close(394)) - 3d473be4-26b6-4ee1-a28c-e085f166cf84:group-BF61560EC907 closes. The last applied log index is 0
2019-09-12 10:20:05,149 [3d473be4-26b6-4ee1-a28c-e085f166cf84-SegmentedRaftLogWorker:Storage Directory /workdir/hadoop-ozone/integration-test/target/test-dir/MiniOzoneClusterImpl-e8e4c60a-c823-4d54-ae81-00ccaa13a6c6/datanode-2/data/ratis/824eafd3-9980-479e-b88a-bf61560ec907] INFO  segmented.SegmentedRaftLogWorker (SegmentedRaftLogWorker.java:run(313)) - 3d473be4-26b6-4ee1-a28c-e085f166cf84-SegmentedRaftLogWorker:Storage Directory /workdir/hadoop-ozone/integration-test/target/test-dir/MiniOzoneClusterImpl-e8e4c60a-c823-4d54-ae81-00ccaa13a6c6/datanode-2/data/ratis/824eafd3-9980-479e-b88a-bf61560ec907 was interrupted, exiting. There are 0 tasks remaining in the queue.
2019-09-12 10:20:05,149 [ForkJoinPool.commonPool-worker-0] INFO  segmented.SegmentedRaftLogWorker (SegmentedRaftLogWorker.java:close(228)) - 3d473be4-26b6-4ee1-a28c-e085f166cf84-SegmentedRaftLogWorker:Storage Directory /workdir/hadoop-ozone/integration-test/target/test-dir/MiniOzoneClusterImpl-e8e4c60a-c823-4d54-ae81-00ccaa13a6c6/datanode-2/data/ratis/824eafd3-9980-479e-b88a-bf61560ec907 close()
2019-09-12 10:20:05,150 [ForkJoinPool.commonPool-worker-0] INFO  impl.RaftServerImpl (RaftServerImpl.java:lambda$shutdown$3(245)) - 3d473be4-26b6-4ee1-a28c-e085f166cf84: shutdown group-038FFCE0E0D5
2019-09-12 10:20:05,150 [ForkJoinPool.commonPool-worker-0] INFO  util.JmxRegister (JmxRegister.java:unregister(73)) - Successfully un-registered JMX Bean with object name Ratis:service=RaftServer,group=group-038FFCE0E0D5,id=3d473be4-26b6-4ee1-a28c-e085f166cf84
2019-09-12 10:20:05,150 [ForkJoinPool.commonPool-worker-0] INFO  impl.RoleInfo (RoleInfo.java:shutdownLeaderState(104)) - 3d473be4-26b6-4ee1-a28c-e085f166cf84: shutdown LeaderState
2019-09-12 10:20:05,151 [ForkJoinPool.commonPool-worker-0] INFO  impl.PendingRequests (PendingRequests.java:sendNotLeaderResponses(202)) - 3d473be4-26b6-4ee1-a28c-e085f166cf84-PendingRequests: sendNotLeaderResponses
2019-09-12 10:20:05,151 [ForkJoinPool.commonPool-worker-0] INFO  impl.StateMachineUpdater (StateMachineUpdater.java:stopAndJoin(115)) - StateMachineUpdater:3d473be4-26b6-4ee1-a28c-e085f166cf84:group-038FFCE0E0D5: set stopIndex = 0
2019-09-12 10:20:05,151 [ForkJoinPool.commonPool-worker-0] INFO  impl.RaftServerImpl (ServerState.java:close(394)) - 3d473be4-26b6-4ee1-a28c-e085f166cf84:group-038FFCE0E0D5 closes. The last applied log index is 0
2019-09-12 10:20:05,152 [3d473be4-26b6-4ee1-a28c-e085f166cf84-SegmentedRaftLogWorker:Storage Directory /workdir/hadoop-ozone/integration-test/target/test-dir/MiniOzoneClusterImpl-e8e4c60a-c823-4d54-ae81-00ccaa13a6c6/datanode-2/data/ratis/26192cfa-14fa-4f79-9149-038ffce0e0d5] INFO  segmented.SegmentedRaftLogWorker (SegmentedRaftLogWorker.java:run(313)) - 3d473be4-26b6-4ee1-a28c-e085f166cf84-SegmentedRaftLogWorker:Storage Directory /workdir/hadoop-ozone/integration-test/target/test-dir/MiniOzoneClusterImpl-e8e4c60a-c823-4d54-ae81-00ccaa13a6c6/datanode-2/data/ratis/26192cfa-14fa-4f79-9149-038ffce0e0d5 was interrupted, exiting. There are 0 tasks remaining in the queue.
2019-09-12 10:20:05,152 [ForkJoinPool.commonPool-worker-0] INFO  segmented.SegmentedRaftLogWorker (SegmentedRaftLogWorker.java:close(228)) - 3d473be4-26b6-4ee1-a28c-e085f166cf84-SegmentedRaftLogWorker:Storage Directory /workdir/hadoop-ozone/integration-test/target/test-dir/MiniOzoneClusterImpl-e8e4c60a-c823-4d54-ae81-00ccaa13a6c6/datanode-2/data/ratis/26192cfa-14fa-4f79-9149-038ffce0e0d5 close()
2019-09-12 10:20:05,152 [ForkJoinPool.commonPool-worker-0] INFO  server.GrpcService (GrpcService.java:closeImpl(155)) - 3d473be4-26b6-4ee1-a28c-e085f166cf84: shutdown server with port 43100 now
2019-09-12 10:20:05,154 [ForkJoinPool.commonPool-worker-0] INFO  server.GrpcService (GrpcService.java:closeImpl(163)) - 3d473be4-26b6-4ee1-a28c-e085f166cf84: shutdown server with port 43100 successfully
2019-09-12 10:20:05,156 [ForkJoinPool.commonPool-worker-0] INFO  utils.BackgroundService (BackgroundService.java:shutdown(148)) - Shutting down service BlockDeletingService
2019-09-12 10:20:05,158 [refreshUsed-/workdir/hadoop-ozone/integration-test/target/test-dir/MiniOzoneClusterImpl-e8e4c60a-c823-4d54-ae81-00ccaa13a6c6/datanode-2/data/containers] WARN  fs.CachingGetSpaceUsed (CachingGetSpaceUsed.java:run(183)) - Thread Interrupted waiting to refresh disk information: sleep interrupted
2019-09-12 10:20:05,179 [ForkJoinPool.commonPool-worker-0] INFO  statemachine.DatanodeStateMachine (DatanodeStateMachine.java:stopDaemon(395)) - Ozone container server stopped.
2019-09-12 10:20:05,194 [ForkJoinPool.commonPool-worker-0] INFO  handler.ContextHandler (ContextHandler.java:doStop(910)) - Stopped o.e.j.w.WebAppContext@13aed42b{/,null,UNAVAILABLE}{/hddsDatanode}
2019-09-12 10:20:05,195 [ForkJoinPool.commonPool-worker-0] INFO  server.AbstractConnector (AbstractConnector.java:doStop(318)) - Stopped ServerConnector@698d6d30{HTTP/1.1,[http/1.1]}{0.0.0.0:0}
2019-09-12 10:20:05,196 [ForkJoinPool.commonPool-worker-0] INFO  handler.ContextHandler (ContextHandler.java:doStop(910)) - Stopped o.e.j.s.ServletContextHandler@18c7f6b5{/static,jar:file:/home/user/.m2/repository/org/apache/hadoop/hadoop-hdds-container-service/0.5.0-SNAPSHOT/hadoop-hdds-container-service-0.5.0-SNAPSHOT.jar!/webapps/static,UNAVAILABLE}
2019-09-12 10:20:05,196 [ForkJoinPool.commonPool-worker-0] INFO  handler.ContextHandler (ContextHandler.java:doStop(910)) - Stopped o.e.j.s.ServletContextHandler@91a2543{/logs,file:///workdir/hadoop-ozone/integration-test/target/log,UNAVAILABLE}
2019-09-12 10:20:05,198 [main] INFO  ozone.MiniOzoneClusterImpl (MiniOzoneClusterImpl.java:stop(353)) - Stopping the StorageContainerManager
2019-09-12 10:20:05,198 [main] INFO  server.StorageContainerManager (StorageContainerManager.java:stop(797)) - Stopping Replication Manager Service.
2019-09-12 10:20:05,198 [main] INFO  container.ReplicationManager (ReplicationManager.java:stop(192)) - Stopping Replication Monitor Thread.
2019-09-12 10:20:05,198 [main] INFO  server.StorageContainerManager (StorageContainerManager.java:stop(804)) - Stopping Lease Manager of the command watchers
2019-09-12 10:20:05,199 [main] INFO  server.StorageContainerManager (StorageContainerManager.java:stop(811)) - Stopping datanode service RPC server
2019-09-12 10:20:05,199 [main] INFO  server.SCMDatanodeProtocolServer (SCMDatanodeProtocolServer.java:stop(367)) - Stopping the RPC server for DataNodes
2019-09-12 10:20:05,199 [main] INFO  ipc.Server (Server.java:stop(3082)) - Stopping server on 43200
2019-09-12 10:20:05,201 [IPC Server listener on 43200] INFO  ipc.Server (Server.java:run(1185)) - Stopping IPC Server listener on 43200
2019-09-12 10:20:05,202 [IPC Server Responder] INFO  ipc.Server (Server.java:run(1319)) - Stopping IPC Server Responder
2019-09-12 10:20:05,250 [SCM Heartbeat Processing Thread - 0] WARN  node.NodeStateManager (NodeStateManager.java:scheduleNextHealthCheck(655)) - Current Thread is interrupted, shutting down HB processing thread for Node Manager.
2019-09-12 10:20:05,250 [main] INFO  server.StorageContainerManager (StorageContainerManager.java:stop(819)) - Stopping block service RPC server
2019-09-12 10:20:05,251 [main] INFO  server.SCMBlockProtocolServer (SCMBlockProtocolServer.java:stop(148)) - Stopping the RPC server for Block Protocol
2019-09-12 10:20:05,251 [main] INFO  ipc.Server (Server.java:stop(3082)) - Stopping server on 43404
2019-09-12 10:20:05,253 [IPC Server listener on 43404] INFO  ipc.Server (Server.java:run(1185)) - Stopping IPC Server listener on 43404
2019-09-12 10:20:05,253 [main] INFO  server.StorageContainerManager (StorageContainerManager.java:stop(826)) - Stopping the StorageContainerLocationProtocol RPC server
2019-09-12 10:20:05,253 [IPC Server Responder] INFO  ipc.Server (Server.java:run(1319)) - Stopping IPC Server Responder
2019-09-12 10:20:05,254 [main] INFO  server.SCMClientProtocolServer (SCMClientProtocolServer.java:stop(159)) - Stopping the RPC server for Client Protocol
2019-09-12 10:20:05,255 [main] INFO  ipc.Server (Server.java:stop(3082)) - Stopping server on 41281
2019-09-12 10:20:05,257 [IPC Server listener on 41281] INFO  ipc.Server (Server.java:run(1185)) - Stopping IPC Server listener on 41281
2019-09-12 10:20:05,258 [IPC Server Responder] INFO  ipc.Server (Server.java:run(1319)) - Stopping IPC Server Responder
2019-09-12 10:20:05,258 [main] INFO  server.StorageContainerManager (StorageContainerManager.java:stop(833)) - Stopping Storage Container Manager HTTP server.
2019-09-12 10:20:05,260 [main] INFO  handler.ContextHandler (ContextHandler.java:doStop(910)) - Stopped o.e.j.w.WebAppContext@3009eed7{/,null,UNAVAILABLE}{/scm}
2019-09-12 10:20:05,261 [main] INFO  server.AbstractConnector (AbstractConnector.java:doStop(318)) - Stopped ServerConnector@2ee4706d{HTTP/1.1,[http/1.1]}{0.0.0.0:0}
2019-09-12 10:20:05,261 [main] INFO  handler.ContextHandler (ContextHandler.java:doStop(910)) - Stopped o.e.j.s.ServletContextHandler@63d677f5{/static,file:///workdir/hadoop-ozone/integration-test/target/test-classes/webapps/static,UNAVAILABLE}
2019-09-12 10:20:05,262 [main] INFO  handler.ContextHandler (ContextHandler.java:doStop(910)) - Stopped o.e.j.s.ServletContextHandler@28b523a{/logs,file:///workdir/hadoop-ozone/integration-test/target/log,UNAVAILABLE}
2019-09-12 10:20:05,263 [main] INFO  server.StorageContainerManager (StorageContainerManager.java:stop(844)) - Stopping Block Manager Service.
2019-09-12 10:20:05,263 [main] INFO  utils.BackgroundService (BackgroundService.java:shutdown(148)) - Shutting down service SCMBlockDeletingService
2019-09-12 10:20:05,264 [main] INFO  utils.BackgroundService (BackgroundService.java:shutdown(148)) - Shutting down service SCMBlockDeletingService
2019-09-12 10:20:05,264 [main] INFO  server.StorageContainerManager (StorageContainerManager.java:stop(866)) - Stopping SCM Event Queue.
2019-09-12 10:20:05,269 [main] INFO  impl.MetricsSystemImpl (MetricsSystemImpl.java:stop(210)) - Stopping HddsDatanode metrics system...
2019-09-12 10:20:05,274 [main] INFO  impl.MetricsSystemImpl (MetricsSystemImpl.java:stop(216)) - HddsDatanode metrics system stopped.
]]></system-out>
    <system-err><![CDATA[Sep 12, 2019 10:19:49 AM com.sun.jersey.server.impl.application.WebApplicationImpl _initiate
INFO: Initiating Jersey application, version 'Jersey: 1.19 02/11/2015 03:25 AM'
Sep 12, 2019 10:19:49 AM com.sun.jersey.server.impl.application.WebApplicationImpl _initiate
INFO: Initiating Jersey application, version 'Jersey: 1.19 02/11/2015 03:25 AM'
Sep 12, 2019 10:19:49 AM com.sun.jersey.server.impl.application.WebApplicationImpl _initiate
INFO: Initiating Jersey application, version 'Jersey: 1.19 02/11/2015 03:25 AM'
]]></system-err>
  </testcase>
  <testcase name="testPipelineCloseWithClosedContainer" classname="org.apache.hadoop.hdds.scm.pipeline.TestPipelineClose" time="17.202">
    <error message="Could not allocate container. Cannot get any matching pipeline for Type:RATIS, Factor:THREE, State:PipelineState.OPEN" type="java.io.IOException">java.io.IOException: Could not allocate container. Cannot get any matching pipeline for Type:RATIS, Factor:THREE, State:PipelineState.OPEN
	at org.apache.hadoop.hdds.scm.container.ContainerStateManager.allocateContainer(ContainerStateManager.java:260)
	at org.apache.hadoop.hdds.scm.container.SCMContainerManager.allocateContainer(SCMContainerManager.java:247)
	at org.apache.hadoop.hdds.scm.pipeline.TestPipelineClose.init(TestPipelineClose.java:92)
	at sun.reflect.NativeMethodAccessorImpl.invoke0(Native Method)
	at sun.reflect.NativeMethodAccessorImpl.invoke(NativeMethodAccessorImpl.java:62)
	at sun.reflect.DelegatingMethodAccessorImpl.invoke(DelegatingMethodAccessorImpl.java:43)
	at java.lang.reflect.Method.invoke(Method.java:498)
	at org.junit.runners.model.FrameworkMethod$1.runReflectiveCall(FrameworkMethod.java:47)
	at org.junit.internal.runners.model.ReflectiveCallable.run(ReflectiveCallable.java:12)
	at org.junit.runners.model.FrameworkMethod.invokeExplosively(FrameworkMethod.java:44)
	at org.junit.internal.runners.statements.RunBefores.evaluate(RunBefores.java:24)
	at org.junit.internal.runners.statements.RunAfters.evaluate(RunAfters.java:27)
	at org.junit.runners.ParentRunner.runLeaf(ParentRunner.java:271)
	at org.junit.runners.BlockJUnit4ClassRunner.runChild(BlockJUnit4ClassRunner.java:70)
	at org.junit.runners.BlockJUnit4ClassRunner.runChild(BlockJUnit4ClassRunner.java:50)
	at org.junit.runners.ParentRunner$3.run(ParentRunner.java:238)
	at org.junit.runners.ParentRunner$1.schedule(ParentRunner.java:63)
	at org.junit.runners.ParentRunner.runChildren(ParentRunner.java:236)
	at org.junit.runners.ParentRunner.access$000(ParentRunner.java:53)
	at org.junit.runners.ParentRunner$2.evaluate(ParentRunner.java:229)
	at org.junit.runners.ParentRunner.run(ParentRunner.java:309)
	at org.apache.maven.surefire.junit4.JUnit4Provider.execute(JUnit4Provider.java:365)
	at org.apache.maven.surefire.junit4.JUnit4Provider.executeWithRerun(JUnit4Provider.java:273)
	at org.apache.maven.surefire.junit4.JUnit4Provider.executeTestSet(JUnit4Provider.java:238)
	at org.apache.maven.surefire.junit4.JUnit4Provider.invoke(JUnit4Provider.java:159)
	at org.apache.maven.surefire.booter.ForkedBooter.invokeProviderInSameClassLoader(ForkedBooter.java:384)
	at org.apache.maven.surefire.booter.ForkedBooter.runSuitesInProcess(ForkedBooter.java:345)
	at org.apache.maven.surefire.booter.ForkedBooter.execute(ForkedBooter.java:126)
	at org.apache.maven.surefire.booter.ForkedBooter.main(ForkedBooter.java:418)
</error>
    <system-out><![CDATA[2019-09-12 10:20:05,315 [main] WARN  server.ServerUtils (ServerUtils.java:getScmDbDir(145)) - ozone.scm.db.dirs is not configured. We recommend adding this setting. Falling back to ozone.metadata.dirs instead.
2019-09-12 10:20:05,342 [main] WARN  server.ServerUtils (ServerUtils.java:getScmDbDir(145)) - ozone.scm.db.dirs is not configured. We recommend adding this setting. Falling back to ozone.metadata.dirs instead.
2019-09-12 10:20:05,342 [main] WARN  server.ServerUtils (ServerUtils.java:getScmDbDir(145)) - ozone.scm.db.dirs is not configured. We recommend adding this setting. Falling back to ozone.metadata.dirs instead.
2019-09-12 10:20:05,343 [main] INFO  db.DBStoreBuilder (DBStoreBuilder.java:addTable(110)) - using custom profile for table: deletedBlocks
2019-09-12 10:20:05,343 [main] INFO  db.DBStoreBuilder (DBStoreBuilder.java:processTables(161)) - Using default column profile:DBProfile.DISK for Table:deletedBlocks
2019-09-12 10:20:05,343 [main] INFO  db.DBStoreBuilder (DBStoreBuilder.java:addTable(110)) - using custom profile for table: validCerts
2019-09-12 10:20:05,343 [main] INFO  db.DBStoreBuilder (DBStoreBuilder.java:processTables(161)) - Using default column profile:DBProfile.DISK for Table:validCerts
2019-09-12 10:20:05,344 [main] INFO  db.DBStoreBuilder (DBStoreBuilder.java:addTable(110)) - using custom profile for table: revokedCerts
2019-09-12 10:20:05,344 [main] INFO  db.DBStoreBuilder (DBStoreBuilder.java:processTables(161)) - Using default column profile:DBProfile.DISK for Table:revokedCerts
2019-09-12 10:20:05,344 [main] INFO  db.DBStoreBuilder (DBStoreBuilder.java:addTable(110)) - using custom profile for table: default
2019-09-12 10:20:05,345 [main] INFO  db.DBStoreBuilder (DBStoreBuilder.java:processTables(167)) - Using default column profile:DBProfile.DISK for Table:default
2019-09-12 10:20:05,345 [main] INFO  db.DBStoreBuilder (DBStoreBuilder.java:getDbProfile(198)) - Using default options. DBProfile.DISK
2019-09-12 10:20:05,509 [main] INFO  net.NodeSchemaLoader (NodeSchemaLoader.java:loadSchemaFromFile(125)) - Loading file from sun.misc.CompoundEnumeration@794c5f5e
2019-09-12 10:20:05,509 [main] INFO  net.NodeSchemaLoader (NodeSchemaLoader.java:loadSchema(171)) - Loading network topology layer schema file
2019-09-12 10:20:05,514 [main] WARN  server.ServerUtils (ServerUtils.java:sanitizeUserArgs(70)) - ozone.scm.stale.node.interval value = 300000 is larger than max = 100000 based on the key value of ozone.scm.heartbeat.thread.interval, reset to the max value 100000.
2019-09-12 10:20:05,515 [main] WARN  server.ServerUtils (ServerUtils.java:sanitizeUserArgs(70)) - ozone.scm.stale.node.interval value = 300000 is larger than max = 100000 based on the key value of ozone.scm.heartbeat.thread.interval, reset to the max value 100000.
2019-09-12 10:20:05,515 [main] INFO  node.SCMNodeManager (SCMNodeManager.java:<init>(121)) - Entering startup safe mode.
2019-09-12 10:20:05,516 [main] INFO  algorithms.ContainerPlacementPolicyFactory (ContainerPlacementPolicyFactory.java:getPolicy(56)) - Create container placement policy of type org.apache.hadoop.hdds.scm.container.placement.algorithms.SCMContainerPlacementRandom
2019-09-12 10:20:05,516 [main] WARN  server.ServerUtils (ServerUtils.java:getScmDbDir(145)) - ozone.scm.db.dirs is not configured. We recommend adding this setting. Falling back to ozone.metadata.dirs instead.
2019-09-12 10:20:05,556 [main] INFO  pipeline.SCMPipelineManager (SCMPipelineManager.java:initializePipelineState(126)) - No pipeline exists in current db
2019-09-12 10:20:05,557 [main] WARN  server.ServerUtils (ServerUtils.java:getScmDbDir(145)) - ozone.scm.db.dirs is not configured. We recommend adding this setting. Falling back to ozone.metadata.dirs instead.
2019-09-12 10:20:05,623 [main] WARN  events.EventQueue (EventQueue.java:fireEvent(175)) - No event handler registered for event TypedEvent{payloadType=SafeModeStatus, name='SafeModeStatus'}
2019-09-12 10:20:05,624 [main] INFO  ipc.CallQueueManager (CallQueueManager.java:<init>(84)) - Using callQueue: class java.util.concurrent.LinkedBlockingQueue, queueCapacity: 2000, scheduler: class org.apache.hadoop.ipc.DefaultRpcScheduler, ipcBackoff: false.
2019-09-12 10:20:05,625 [Socket Reader #1 for port 44251] INFO  ipc.Server (Server.java:run(1074)) - Starting Socket Reader #1 for port 44251
2019-09-12 10:20:05,627 [main] INFO  ipc.CallQueueManager (CallQueueManager.java:<init>(84)) - Using callQueue: class java.util.concurrent.LinkedBlockingQueue, queueCapacity: 2000, scheduler: class org.apache.hadoop.ipc.DefaultRpcScheduler, ipcBackoff: false.
2019-09-12 10:20:05,628 [Socket Reader #1 for port 33349] INFO  ipc.Server (Server.java:run(1074)) - Starting Socket Reader #1 for port 33349
2019-09-12 10:20:05,630 [main] INFO  ipc.CallQueueManager (CallQueueManager.java:<init>(84)) - Using callQueue: class java.util.concurrent.LinkedBlockingQueue, queueCapacity: 2000, scheduler: class org.apache.hadoop.ipc.DefaultRpcScheduler, ipcBackoff: false.
2019-09-12 10:20:05,631 [Socket Reader #1 for port 46230] INFO  ipc.Server (Server.java:run(1074)) - Starting Socket Reader #1 for port 46230
2019-09-12 10:20:05,633 [main] INFO  hdfs.DFSUtil (DFSUtil.java:httpServerTemplateForNNAndJN(1641)) - Starting Web-server for scm at: http://0.0.0.0:0
2019-09-12 10:20:05,636 [main] INFO  server.AuthenticationFilter (AuthenticationFilter.java:constructSecretProvider(240)) - Unable to initialize FileSignerSecretProvider, falling back to use random secrets.
2019-09-12 10:20:05,637 [main] WARN  http.HttpRequestLog (HttpRequestLog.java:getRequestLog(97)) - Jetty request log can only be enabled using Log4j
2019-09-12 10:20:05,641 [main] INFO  http.HttpServer2 (HttpServer2.java:addGlobalFilter(975)) - Added global filter 'safety' (class=org.apache.hadoop.http.HttpServer2$QuotingInputFilter)
2019-09-12 10:20:05,642 [main] INFO  http.HttpServer2 (HttpServer2.java:addFilter(948)) - Added filter static_user_filter (class=org.apache.hadoop.http.lib.StaticUserWebFilter$StaticUserFilter) to context scm
2019-09-12 10:20:05,642 [main] INFO  http.HttpServer2 (HttpServer2.java:addFilter(958)) - Added filter static_user_filter (class=org.apache.hadoop.http.lib.StaticUserWebFilter$StaticUserFilter) to context static
2019-09-12 10:20:05,643 [main] INFO  http.HttpServer2 (HttpServer2.java:addFilter(958)) - Added filter static_user_filter (class=org.apache.hadoop.http.lib.StaticUserWebFilter$StaticUserFilter) to context logs
2019-09-12 10:20:05,657 [main] INFO  server.StorageContainerManager (StorageContainerManager.java:start(759)) - StorageContainerLocationProtocol RPC server is listening at /0.0.0.0:46230
2019-09-12 10:20:05,660 [main] WARN  impl.MetricsConfig (MetricsConfig.java:loadFirst(134)) - Cannot locate configuration: tried hadoop-metrics2-storagecontainermanager.properties,hadoop-metrics2.properties
2019-09-12 10:20:05,661 [main] INFO  impl.MetricsSystemImpl (MetricsSystemImpl.java:startTimer(374)) - Scheduled Metric snapshot period at 10 second(s).
2019-09-12 10:20:05,662 [main] INFO  impl.MetricsSystemImpl (MetricsSystemImpl.java:start(191)) - StorageContainerManager metrics system started
2019-09-12 10:20:05,715 [main] INFO  server.SCMClientProtocolServer (SCMClientProtocolServer.java:start(151)) - RPC server for Client  is listening at /0.0.0.0:46230
2019-09-12 10:20:05,715 [IPC Server Responder] INFO  ipc.Server (Server.java:run(1314)) - IPC Server Responder: starting
2019-09-12 10:20:05,716 [IPC Server listener on 46230] INFO  ipc.Server (Server.java:run(1153)) - IPC Server listener on 46230: starting
2019-09-12 10:20:05,719 [main] INFO  server.StorageContainerManager (StorageContainerManager.java:start(769)) - ScmBlockLocationProtocol RPC server is listening at /0.0.0.0:33349
2019-09-12 10:20:05,719 [main] INFO  server.SCMBlockProtocolServer (SCMBlockProtocolServer.java:start(140)) - RPC server for Block Protocol is listening at /0.0.0.0:33349
2019-09-12 10:20:05,720 [IPC Server Responder] INFO  ipc.Server (Server.java:run(1314)) - IPC Server Responder: starting
2019-09-12 10:20:05,720 [IPC Server listener on 33349] INFO  ipc.Server (Server.java:run(1153)) - IPC Server listener on 33349: starting
2019-09-12 10:20:05,724 [main] INFO  server.StorageContainerManager (StorageContainerManager.java:start(773)) - ScmDatanodeProtocl RPC server is listening at /0.0.0.0:44251
2019-09-12 10:20:05,724 [main] INFO  server.SCMDatanodeProtocolServer (SCMDatanodeProtocolServer.java:start(191)) - RPC server for DataNodes is listening at /0.0.0.0:44251
2019-09-12 10:20:05,724 [IPC Server Responder] INFO  ipc.Server (Server.java:run(1314)) - IPC Server Responder: starting
2019-09-12 10:20:05,724 [IPC Server listener on 44251] INFO  ipc.Server (Server.java:run(1153)) - IPC Server listener on 44251: starting
2019-09-12 10:20:05,729 [main] INFO  http.HttpServer2 (HttpServer2.java:bindListener(1191)) - Jetty bound to port 46136
2019-09-12 10:20:05,729 [main] INFO  server.Server (Server.java:doStart(351)) - jetty-9.3.24.v20180605, build timestamp: 2018-06-05T17:11:56Z, git hash: 84205aa28f11a4f31f2a3b86d1bba2cc8ab69827
2019-09-12 10:20:05,731 [main] INFO  handler.ContextHandler (ContextHandler.java:doStart(781)) - Started o.e.j.s.ServletContextHandler@5908e6d6{/logs,file:///workdir/hadoop-ozone/integration-test/target/log,AVAILABLE}
2019-09-12 10:20:05,732 [main] INFO  handler.ContextHandler (ContextHandler.java:doStart(781)) - Started o.e.j.s.ServletContextHandler@2a6fb62f{/static,file:///workdir/hadoop-ozone/integration-test/target/test-classes/webapps/static,AVAILABLE}
2019-09-12 10:20:05,738 [main] INFO  handler.ContextHandler (ContextHandler.java:doStart(781)) - Started o.e.j.w.WebAppContext@645dc557{/,file:///workdir/hadoop-ozone/integration-test/target/test-classes/webapps/scm/,AVAILABLE}{/scm}
2019-09-12 10:20:05,739 [main] INFO  server.AbstractConnector (AbstractConnector.java:doStart(278)) - Started ServerConnector@48c5698{HTTP/1.1,[http/1.1]}{0.0.0.0:46136}
2019-09-12 10:20:05,740 [main] INFO  server.Server (Server.java:doStart(419)) - Started @41366ms
2019-09-12 10:20:05,741 [main] INFO  server.BaseHttpServer (BaseHttpServer.java:updateConnectorAddress(213)) - HTTP server of SCM is listening at http://0.0.0.0:46136
2019-09-12 10:20:05,741 [main] WARN  server.ServerUtils (ServerUtils.java:getDBPath(222)) - ozone.om.db.dirs is not configured. We recommend adding this setting. Falling back to ozone.metadata.dirs instead.
2019-09-12 10:20:05,742 [org.apache.hadoop.util.JvmPauseMonitor$Monitor@68e24e7] INFO  util.JvmPauseMonitor (JvmPauseMonitor.java:run(188)) - Starting JVM pause monitor
2019-09-12 10:20:05,755 [main] WARN  server.ServerUtils (ServerUtils.java:getDBPath(222)) - ozone.om.db.dirs is not configured. We recommend adding this setting. Falling back to ozone.metadata.dirs instead.
2019-09-12 10:20:05,755 [main] WARN  server.ServerUtils (ServerUtils.java:getDBPath(222)) - ozone.om.db.dirs is not configured. We recommend adding this setting. Falling back to ozone.metadata.dirs instead.
2019-09-12 10:20:05,756 [main] INFO  om.OzoneManager (OzoneManager.java:setOMNodeDetails(645)) - OM Service ID is not set. Setting it to the default ID: omServiceIdDefault
2019-09-12 10:20:05,756 [main] INFO  om.OzoneManager (OzoneManager.java:setOMNodeDetails(651)) - OM Node ID is not set. Setting it to the OmStorage's OmID: cd13d46b-908e-461f-acbc-e0d30129b8f2
2019-09-12 10:20:05,756 [main] INFO  om.OzoneManager (OzoneManager.java:loadOMHAConfigs(602)) - Found matching OM address with OMServiceId: null, OMNodeId: null, RPC Address: localhost:0 and Ratis port: 9872
2019-09-12 10:20:05,761 | INFO  | SCMAudit | user=jenkins1000 | ip=192.168.157.195 | op=GET_SCM_INFO null | ret=SUCCESS |  
2019-09-12 10:20:05,763 [main] WARN  server.ServerUtils (ServerUtils.java:getDBPath(222)) - ozone.om.db.dirs is not configured. We recommend adding this setting. Falling back to ozone.metadata.dirs instead.
2019-09-12 10:20:05,764 [main] INFO  db.DBStoreBuilder (DBStoreBuilder.java:addTable(110)) - using custom profile for table: userTable
2019-09-12 10:20:05,764 [main] INFO  db.DBStoreBuilder (DBStoreBuilder.java:processTables(161)) - Using default column profile:DBProfile.DISK for Table:userTable
2019-09-12 10:20:05,764 [main] INFO  db.DBStoreBuilder (DBStoreBuilder.java:addTable(110)) - using custom profile for table: volumeTable
2019-09-12 10:20:05,764 [main] INFO  db.DBStoreBuilder (DBStoreBuilder.java:processTables(161)) - Using default column profile:DBProfile.DISK for Table:volumeTable
2019-09-12 10:20:05,764 [main] INFO  db.DBStoreBuilder (DBStoreBuilder.java:addTable(110)) - using custom profile for table: bucketTable
2019-09-12 10:20:05,764 [main] INFO  db.DBStoreBuilder (DBStoreBuilder.java:processTables(161)) - Using default column profile:DBProfile.DISK for Table:bucketTable
2019-09-12 10:20:05,765 [main] INFO  db.DBStoreBuilder (DBStoreBuilder.java:addTable(110)) - using custom profile for table: keyTable
2019-09-12 10:20:05,765 [main] INFO  db.DBStoreBuilder (DBStoreBuilder.java:processTables(161)) - Using default column profile:DBProfile.DISK for Table:keyTable
2019-09-12 10:20:05,765 [main] INFO  db.DBStoreBuilder (DBStoreBuilder.java:addTable(110)) - using custom profile for table: deletedTable
2019-09-12 10:20:05,765 [main] INFO  db.DBStoreBuilder (DBStoreBuilder.java:processTables(161)) - Using default column profile:DBProfile.DISK for Table:deletedTable
2019-09-12 10:20:05,765 [main] INFO  db.DBStoreBuilder (DBStoreBuilder.java:addTable(110)) - using custom profile for table: openKeyTable
2019-09-12 10:20:05,765 [main] INFO  db.DBStoreBuilder (DBStoreBuilder.java:processTables(161)) - Using default column profile:DBProfile.DISK for Table:openKeyTable
2019-09-12 10:20:05,766 [main] INFO  db.DBStoreBuilder (DBStoreBuilder.java:addTable(110)) - using custom profile for table: s3Table
2019-09-12 10:20:05,766 [main] INFO  db.DBStoreBuilder (DBStoreBuilder.java:processTables(161)) - Using default column profile:DBProfile.DISK for Table:s3Table
2019-09-12 10:20:05,766 [main] INFO  db.DBStoreBuilder (DBStoreBuilder.java:addTable(110)) - using custom profile for table: multipartInfoTable
2019-09-12 10:20:05,766 [main] INFO  db.DBStoreBuilder (DBStoreBuilder.java:processTables(161)) - Using default column profile:DBProfile.DISK for Table:multipartInfoTable
2019-09-12 10:20:05,766 [main] INFO  db.DBStoreBuilder (DBStoreBuilder.java:addTable(110)) - using custom profile for table: dTokenTable
2019-09-12 10:20:05,766 [main] INFO  db.DBStoreBuilder (DBStoreBuilder.java:processTables(161)) - Using default column profile:DBProfile.DISK for Table:dTokenTable
2019-09-12 10:20:05,767 [main] INFO  db.DBStoreBuilder (DBStoreBuilder.java:addTable(110)) - using custom profile for table: s3SecretTable
2019-09-12 10:20:05,767 [main] INFO  db.DBStoreBuilder (DBStoreBuilder.java:processTables(161)) - Using default column profile:DBProfile.DISK for Table:s3SecretTable
2019-09-12 10:20:05,767 [main] INFO  db.DBStoreBuilder (DBStoreBuilder.java:addTable(110)) - using custom profile for table: prefixTable
2019-09-12 10:20:05,767 [main] INFO  db.DBStoreBuilder (DBStoreBuilder.java:processTables(161)) - Using default column profile:DBProfile.DISK for Table:prefixTable
2019-09-12 10:20:05,767 [main] INFO  db.DBStoreBuilder (DBStoreBuilder.java:addTable(110)) - using custom profile for table: default
2019-09-12 10:20:05,767 [main] INFO  db.DBStoreBuilder (DBStoreBuilder.java:processTables(167)) - Using default column profile:DBProfile.DISK for Table:default
2019-09-12 10:20:05,768 [main] INFO  db.DBStoreBuilder (DBStoreBuilder.java:getDbProfile(198)) - Using default options. DBProfile.DISK
2019-09-12 10:20:06,196 [main] INFO  ipc.CallQueueManager (CallQueueManager.java:<init>(84)) - Using callQueue: class java.util.concurrent.LinkedBlockingQueue, queueCapacity: 2000, scheduler: class org.apache.hadoop.ipc.DefaultRpcScheduler, ipcBackoff: false.
2019-09-12 10:20:06,197 [Socket Reader #1 for port 39896] INFO  ipc.Server (Server.java:run(1074)) - Starting Socket Reader #1 for port 39896
2019-09-12 10:20:06,210 [main] INFO  om.OzoneManager (OzoneManager.java:start(1256)) - OzoneManager RPC server is listening at localhost/127.0.0.1:39896
2019-09-12 10:20:06,210 [main] INFO  impl.MetricsSystemImpl (MetricsSystemImpl.java:init(158)) - OzoneManager metrics system started (again)
2019-09-12 10:20:06,211 [IPC Server listener on 39896] INFO  ipc.Server (Server.java:run(1153)) - IPC Server listener on 39896: starting
2019-09-12 10:20:06,211 [IPC Server Responder] INFO  ipc.Server (Server.java:run(1314)) - IPC Server Responder: starting
2019-09-12 10:20:06,217 [main] INFO  hdfs.DFSUtil (DFSUtil.java:httpServerTemplateForNNAndJN(1641)) - Starting Web-server for ozoneManager at: http://0.0.0.0:0
2019-09-12 10:20:06,218 [main] INFO  server.AuthenticationFilter (AuthenticationFilter.java:constructSecretProvider(240)) - Unable to initialize FileSignerSecretProvider, falling back to use random secrets.
2019-09-12 10:20:06,219 [main] WARN  http.HttpRequestLog (HttpRequestLog.java:getRequestLog(97)) - Jetty request log can only be enabled using Log4j
2019-09-12 10:20:06,220 [main] INFO  http.HttpServer2 (HttpServer2.java:addGlobalFilter(975)) - Added global filter 'safety' (class=org.apache.hadoop.http.HttpServer2$QuotingInputFilter)
2019-09-12 10:20:06,221 [main] INFO  http.HttpServer2 (HttpServer2.java:addFilter(948)) - Added filter static_user_filter (class=org.apache.hadoop.http.lib.StaticUserWebFilter$StaticUserFilter) to context ozoneManager
2019-09-12 10:20:06,221 [main] INFO  http.HttpServer2 (HttpServer2.java:addFilter(958)) - Added filter static_user_filter (class=org.apache.hadoop.http.lib.StaticUserWebFilter$StaticUserFilter) to context static
2019-09-12 10:20:06,221 [main] INFO  http.HttpServer2 (HttpServer2.java:addFilter(958)) - Added filter static_user_filter (class=org.apache.hadoop.http.lib.StaticUserWebFilter$StaticUserFilter) to context logs
2019-09-12 10:20:06,222 [main] INFO  http.HttpServer2 (HttpServer2.java:bindListener(1191)) - Jetty bound to port 36159
2019-09-12 10:20:06,222 [main] INFO  server.Server (Server.java:doStart(351)) - jetty-9.3.24.v20180605, build timestamp: 2018-06-05T17:11:56Z, git hash: 84205aa28f11a4f31f2a3b86d1bba2cc8ab69827
2019-09-12 10:20:06,225 [main] INFO  handler.ContextHandler (ContextHandler.java:doStart(781)) - Started o.e.j.s.ServletContextHandler@1999149e{/logs,file:///workdir/hadoop-ozone/integration-test/target/log,AVAILABLE}
2019-09-12 10:20:06,225 [main] INFO  handler.ContextHandler (ContextHandler.java:doStart(781)) - Started o.e.j.s.ServletContextHandler@27896d3b{/static,file:///workdir/hadoop-ozone/integration-test/target/test-classes/webapps/static,AVAILABLE}
2019-09-12 10:20:06,232 [main] INFO  handler.ContextHandler (ContextHandler.java:doStart(781)) - Started o.e.j.w.WebAppContext@300bb303{/,file:///workdir/hadoop-ozone/integration-test/target/test-classes/webapps/ozoneManager/,AVAILABLE}{/ozoneManager}
2019-09-12 10:20:06,232 [main] INFO  server.AbstractConnector (AbstractConnector.java:doStart(278)) - Started ServerConnector@4243341e{HTTP/1.1,[http/1.1]}{0.0.0.0:36159}
2019-09-12 10:20:06,233 [main] INFO  server.Server (Server.java:doStart(419)) - Started @41859ms
2019-09-12 10:20:06,234 [main] INFO  server.BaseHttpServer (BaseHttpServer.java:updateConnectorAddress(213)) - HTTP server of OZONEMANAGER is listening at http://0.0.0.0:36159
2019-09-12 10:20:06,242 [main] INFO  impl.MetricsSystemImpl (MetricsSystemImpl.java:init(158)) - HddsDatanode metrics system started (again)
2019-09-12 10:20:06,244 [main] INFO  ozone.HddsDatanodeService (HddsDatanodeService.java:start(184)) - HddsDatanodeService host:pr-hdds-1569-xtfnx-3545843844 ip:192.168.157.195
2019-09-12 10:20:06,252 [main] INFO  volume.HddsVolume (HddsVolume.java:<init>(176)) - Creating Volume: /workdir/hadoop-ozone/integration-test/target/test-dir/MiniOzoneClusterImpl-612f74f6-2a8c-4890-9791-609c93916e5a/datanode-0/data/containers/hdds of  storage type : DISK and capacity : 1482555576320
2019-09-12 10:20:06,252 [main] INFO  volume.VolumeSet (VolumeSet.java:initializeVolumeSet(170)) - Added Volume : /workdir/hadoop-ozone/integration-test/target/test-dir/MiniOzoneClusterImpl-612f74f6-2a8c-4890-9791-609c93916e5a/datanode-0/data/containers/hdds to VolumeSet
2019-09-12 10:20:06,253 [main] INFO  volume.ThrottledAsyncChecker (ThrottledAsyncChecker.java:schedule(140)) - Scheduling a check for org.apache.hadoop.ozone.container.common.volume.HddsVolume@612af486
2019-09-12 10:20:06,253 [main] INFO  volume.HddsVolumeChecker (HddsVolumeChecker.java:checkAllVolumes(203)) - Scheduled health check for volume org.apache.hadoop.ozone.container.common.volume.HddsVolume@612af486
2019-09-12 10:20:06,268 [main] INFO  impl.RaftServerProxy (ConfUtils.java:logGet(43)) - raft.rpc.type = GRPC (default)
2019-09-12 10:20:06,268 [main] INFO  grpc.GrpcFactory (GrpcFactory.java:checkPooledByteBufAllocatorUseCacheForAllThreads(45)) - PERFORMANCE WARNING: useCacheForAllThreads is true that may cause Netty to create a lot garbage objects and, as a result, trigger GC.
	It is recommended to disable useCacheForAllThreads by setting -Dorg.apache.ratis.thirdparty.io.netty.allocator.useCacheForAllThreads=false in command line.
2019-09-12 10:20:06,268 [main] INFO  grpc.GrpcConfigKeys$Server (ConfUtils.java:logGet(43)) - raft.grpc.server.port = 0 (default)
2019-09-12 10:20:06,268 [main] INFO  server.GrpcService (ConfUtils.java:logGet(43)) - raft.grpc.message.size.max = 33570816 (custom)
2019-09-12 10:20:06,268 [main] INFO  server.RaftServerConfigKeys (ConfUtils.java:logGet(43)) - raft.server.log.appender.buffer.byte-limit = 33554432 (custom)
2019-09-12 10:20:06,269 [main] INFO  server.GrpcService (ConfUtils.java:logGet(43)) - raft.grpc.flow.control.window = 1MB (=1048576) (default)
2019-09-12 10:20:06,269 [main] INFO  server.RaftServerConfigKeys (ConfUtils.java:logGet(43)) - raft.server.rpc.request.timeout = 3000ms (default)
2019-09-12 10:20:06,269 [main] INFO  server.RaftServerConfigKeys (ConfUtils.java:logGet(43)) - raft.server.storage.dir = [/workdir/hadoop-ozone/integration-test/target/test-dir/MiniOzoneClusterImpl-612f74f6-2a8c-4890-9791-609c93916e5a/datanode-0/data/ratis] (custom)
2019-09-12 10:20:06,270 [main] INFO  replication.SimpleContainerDownloader (SimpleContainerDownloader.java:<init>(72)) - Starting container downloader service to copy containers to replicate.
2019-09-12 10:20:06,271 [main] INFO  hdfs.DFSUtil (DFSUtil.java:httpServerTemplateForNNAndJN(1641)) - Starting Web-server for hddsDatanode at: http://0.0.0.0:0
2019-09-12 10:20:06,272 [main] INFO  server.AuthenticationFilter (AuthenticationFilter.java:constructSecretProvider(240)) - Unable to initialize FileSignerSecretProvider, falling back to use random secrets.
2019-09-12 10:20:06,273 [main] WARN  http.HttpRequestLog (HttpRequestLog.java:getRequestLog(97)) - Jetty request log can only be enabled using Log4j
2019-09-12 10:20:06,274 [main] INFO  http.HttpServer2 (HttpServer2.java:addGlobalFilter(975)) - Added global filter 'safety' (class=org.apache.hadoop.http.HttpServer2$QuotingInputFilter)
2019-09-12 10:20:06,275 [main] INFO  http.HttpServer2 (HttpServer2.java:addFilter(948)) - Added filter static_user_filter (class=org.apache.hadoop.http.lib.StaticUserWebFilter$StaticUserFilter) to context hddsDatanode
2019-09-12 10:20:06,275 [main] INFO  http.HttpServer2 (HttpServer2.java:addFilter(958)) - Added filter static_user_filter (class=org.apache.hadoop.http.lib.StaticUserWebFilter$StaticUserFilter) to context static
2019-09-12 10:20:06,275 [main] INFO  http.HttpServer2 (HttpServer2.java:addFilter(958)) - Added filter static_user_filter (class=org.apache.hadoop.http.lib.StaticUserWebFilter$StaticUserFilter) to context logs
2019-09-12 10:20:06,276 [main] INFO  http.HttpServer2 (HttpServer2.java:bindListener(1191)) - Jetty bound to port 37121
2019-09-12 10:20:06,276 [main] INFO  server.Server (Server.java:doStart(351)) - jetty-9.3.24.v20180605, build timestamp: 2018-06-05T17:11:56Z, git hash: 84205aa28f11a4f31f2a3b86d1bba2cc8ab69827
2019-09-12 10:20:06,278 [main] INFO  handler.ContextHandler (ContextHandler.java:doStart(781)) - Started o.e.j.s.ServletContextHandler@4d290757{/logs,file:///workdir/hadoop-ozone/integration-test/target/log,AVAILABLE}
2019-09-12 10:20:06,278 [main] INFO  handler.ContextHandler (ContextHandler.java:doStart(781)) - Started o.e.j.s.ServletContextHandler@5ab7ac02{/static,jar:file:/home/user/.m2/repository/org/apache/hadoop/hadoop-hdds-container-service/0.5.0-SNAPSHOT/hadoop-hdds-container-service-0.5.0-SNAPSHOT.jar!/webapps/static,AVAILABLE}
2019-09-12 10:20:06,306 [main] INFO  handler.ContextHandler (ContextHandler.java:doStart(781)) - Started o.e.j.w.WebAppContext@2af9a5ef{/,file:///tmp/jetty-0.0.0.0-37121-hddsDatanode-_-any-3574778264659325862.dir/webapp/,AVAILABLE}{/hddsDatanode}
2019-09-12 10:20:06,307 [main] INFO  server.AbstractConnector (AbstractConnector.java:doStart(278)) - Started ServerConnector@34f23816{HTTP/1.1,[http/1.1]}{0.0.0.0:37121}
2019-09-12 10:20:06,308 [main] INFO  server.Server (Server.java:doStart(419)) - Started @41934ms
2019-09-12 10:20:06,309 [main] INFO  server.BaseHttpServer (BaseHttpServer.java:updateConnectorAddress(213)) - HTTP server of HDDSDATANODE is listening at http://0.0.0.0:37121
2019-09-12 10:20:06,454 | INFO  | ObjectStoreRestHttpServer | Listening HDDS REST traffic on /0.0.0.0:46462 |  
2019-09-12 10:20:06,455 [main] INFO  ozone.HddsDatanodeService (HddsDatanodeService.java:startPlugins(395)) - Started plug-in org.apache.hadoop.ozone.web.OzoneHddsDatanodeService@202f054f
2019-09-12 10:20:06,455 [main] INFO  impl.MetricsSystemImpl (MetricsSystemImpl.java:init(158)) - HddsDatanode metrics system started (again)
2019-09-12 10:20:06,458 [main] INFO  ozone.HddsDatanodeService (HddsDatanodeService.java:start(184)) - HddsDatanodeService host:pr-hdds-1569-xtfnx-3545843844 ip:192.168.157.195
2019-09-12 10:20:06,458 [org.apache.hadoop.util.JvmPauseMonitor$Monitor@129dc5a4] INFO  util.JvmPauseMonitor (JvmPauseMonitor.java:run(188)) - Starting JVM pause monitor
2019-09-12 10:20:06,461 [Datanode State Machine Thread - 0] INFO  datanode.InitDatanodeState (InitDatanodeState.java:persistContainerDatanodeDetails(140)) - DatanodeDetails is persisted to /workdir/hadoop-ozone/integration-test/target/test-dir/MiniOzoneClusterImpl-612f74f6-2a8c-4890-9791-609c93916e5a/datanode-0/meta/datanode.id
2019-09-12 10:20:06,466 [main] INFO  volume.HddsVolume (HddsVolume.java:<init>(176)) - Creating Volume: /workdir/hadoop-ozone/integration-test/target/test-dir/MiniOzoneClusterImpl-612f74f6-2a8c-4890-9791-609c93916e5a/datanode-1/data/containers/hdds of  storage type : DISK and capacity : 1482555576320
2019-09-12 10:20:06,466 [main] INFO  volume.VolumeSet (VolumeSet.java:initializeVolumeSet(170)) - Added Volume : /workdir/hadoop-ozone/integration-test/target/test-dir/MiniOzoneClusterImpl-612f74f6-2a8c-4890-9791-609c93916e5a/datanode-1/data/containers/hdds to VolumeSet
2019-09-12 10:20:06,466 [main] INFO  volume.ThrottledAsyncChecker (ThrottledAsyncChecker.java:schedule(140)) - Scheduling a check for org.apache.hadoop.ozone.container.common.volume.HddsVolume@642c72cf
2019-09-12 10:20:06,467 [main] INFO  volume.HddsVolumeChecker (HddsVolumeChecker.java:checkAllVolumes(203)) - Scheduled health check for volume org.apache.hadoop.ozone.container.common.volume.HddsVolume@642c72cf
2019-09-12 10:20:06,480 [main] INFO  impl.RaftServerProxy (ConfUtils.java:logGet(43)) - raft.rpc.type = GRPC (default)
2019-09-12 10:20:06,481 [main] INFO  grpc.GrpcFactory (GrpcFactory.java:checkPooledByteBufAllocatorUseCacheForAllThreads(45)) - PERFORMANCE WARNING: useCacheForAllThreads is true that may cause Netty to create a lot garbage objects and, as a result, trigger GC.
	It is recommended to disable useCacheForAllThreads by setting -Dorg.apache.ratis.thirdparty.io.netty.allocator.useCacheForAllThreads=false in command line.
2019-09-12 10:20:06,481 [main] INFO  grpc.GrpcConfigKeys$Server (ConfUtils.java:logGet(43)) - raft.grpc.server.port = 0 (default)
2019-09-12 10:20:06,481 [main] INFO  server.GrpcService (ConfUtils.java:logGet(43)) - raft.grpc.message.size.max = 33570816 (custom)
2019-09-12 10:20:06,481 [main] INFO  server.RaftServerConfigKeys (ConfUtils.java:logGet(43)) - raft.server.log.appender.buffer.byte-limit = 33554432 (custom)
2019-09-12 10:20:06,481 [main] INFO  server.GrpcService (ConfUtils.java:logGet(43)) - raft.grpc.flow.control.window = 1MB (=1048576) (default)
2019-09-12 10:20:06,481 [main] INFO  server.RaftServerConfigKeys (ConfUtils.java:logGet(43)) - raft.server.rpc.request.timeout = 3000ms (default)
2019-09-12 10:20:06,482 [main] INFO  server.RaftServerConfigKeys (ConfUtils.java:logGet(43)) - raft.server.storage.dir = [/workdir/hadoop-ozone/integration-test/target/test-dir/MiniOzoneClusterImpl-612f74f6-2a8c-4890-9791-609c93916e5a/datanode-1/data/ratis] (custom)
2019-09-12 10:20:06,482 [main] INFO  replication.SimpleContainerDownloader (SimpleContainerDownloader.java:<init>(72)) - Starting container downloader service to copy containers to replicate.
2019-09-12 10:20:06,483 [main] INFO  hdfs.DFSUtil (DFSUtil.java:httpServerTemplateForNNAndJN(1641)) - Starting Web-server for hddsDatanode at: http://0.0.0.0:0
2019-09-12 10:20:06,485 [main] INFO  server.AuthenticationFilter (AuthenticationFilter.java:constructSecretProvider(240)) - Unable to initialize FileSignerSecretProvider, falling back to use random secrets.
2019-09-12 10:20:06,485 [main] WARN  http.HttpRequestLog (HttpRequestLog.java:getRequestLog(97)) - Jetty request log can only be enabled using Log4j
2019-09-12 10:20:06,486 [main] INFO  http.HttpServer2 (HttpServer2.java:addGlobalFilter(975)) - Added global filter 'safety' (class=org.apache.hadoop.http.HttpServer2$QuotingInputFilter)
2019-09-12 10:20:06,487 [main] INFO  http.HttpServer2 (HttpServer2.java:addFilter(948)) - Added filter static_user_filter (class=org.apache.hadoop.http.lib.StaticUserWebFilter$StaticUserFilter) to context hddsDatanode
2019-09-12 10:20:06,487 [main] INFO  http.HttpServer2 (HttpServer2.java:addFilter(958)) - Added filter static_user_filter (class=org.apache.hadoop.http.lib.StaticUserWebFilter$StaticUserFilter) to context static
2019-09-12 10:20:06,487 [main] INFO  http.HttpServer2 (HttpServer2.java:addFilter(958)) - Added filter static_user_filter (class=org.apache.hadoop.http.lib.StaticUserWebFilter$StaticUserFilter) to context logs
2019-09-12 10:20:06,488 [main] INFO  http.HttpServer2 (HttpServer2.java:bindListener(1191)) - Jetty bound to port 43582
2019-09-12 10:20:06,488 [main] INFO  server.Server (Server.java:doStart(351)) - jetty-9.3.24.v20180605, build timestamp: 2018-06-05T17:11:56Z, git hash: 84205aa28f11a4f31f2a3b86d1bba2cc8ab69827
2019-09-12 10:20:06,490 [main] INFO  handler.ContextHandler (ContextHandler.java:doStart(781)) - Started o.e.j.s.ServletContextHandler@194911c1{/logs,file:///workdir/hadoop-ozone/integration-test/target/log,AVAILABLE}
2019-09-12 10:20:06,490 [main] INFO  handler.ContextHandler (ContextHandler.java:doStart(781)) - Started o.e.j.s.ServletContextHandler@64ec1459{/static,jar:file:/home/user/.m2/repository/org/apache/hadoop/hadoop-hdds-container-service/0.5.0-SNAPSHOT/hadoop-hdds-container-service-0.5.0-SNAPSHOT.jar!/webapps/static,AVAILABLE}
2019-09-12 10:20:06,522 [main] INFO  handler.ContextHandler (ContextHandler.java:doStart(781)) - Started o.e.j.w.WebAppContext@4cc26df{/,file:///tmp/jetty-0.0.0.0-43582-hddsDatanode-_-any-4393270828454707814.dir/webapp/,AVAILABLE}{/hddsDatanode}
2019-09-12 10:20:06,523 [main] INFO  server.AbstractConnector (AbstractConnector.java:doStart(278)) - Started ServerConnector@7848321e{HTTP/1.1,[http/1.1]}{0.0.0.0:43582}
2019-09-12 10:20:06,524 [main] INFO  server.Server (Server.java:doStart(419)) - Started @42150ms
2019-09-12 10:20:06,525 [main] INFO  server.BaseHttpServer (BaseHttpServer.java:updateConnectorAddress(213)) - HTTP server of HDDSDATANODE is listening at http://0.0.0.0:43582
2019-09-12 10:20:07,028 | INFO  | ObjectStoreRestHttpServer | Listening HDDS REST traffic on /0.0.0.0:41101 |  
2019-09-12 10:20:07,028 [main] INFO  ozone.HddsDatanodeService (HddsDatanodeService.java:startPlugins(395)) - Started plug-in org.apache.hadoop.ozone.web.OzoneHddsDatanodeService@a4df251
2019-09-12 10:20:07,029 [main] INFO  impl.MetricsSystemImpl (MetricsSystemImpl.java:init(158)) - HddsDatanode metrics system started (again)
2019-09-12 10:20:07,035 [org.apache.hadoop.util.JvmPauseMonitor$Monitor@acccaaf] INFO  util.JvmPauseMonitor (JvmPauseMonitor.java:run(188)) - Starting JVM pause monitor
2019-09-12 10:20:07,035 [main] INFO  ozone.HddsDatanodeService (HddsDatanodeService.java:start(184)) - HddsDatanodeService host:pr-hdds-1569-xtfnx-3545843844 ip:192.168.157.195
2019-09-12 10:20:07,038 [Datanode State Machine Thread - 0] INFO  datanode.InitDatanodeState (InitDatanodeState.java:persistContainerDatanodeDetails(140)) - DatanodeDetails is persisted to /workdir/hadoop-ozone/integration-test/target/test-dir/MiniOzoneClusterImpl-612f74f6-2a8c-4890-9791-609c93916e5a/datanode-1/meta/datanode.id
2019-09-12 10:20:07,044 [main] INFO  volume.HddsVolume (HddsVolume.java:<init>(176)) - Creating Volume: /workdir/hadoop-ozone/integration-test/target/test-dir/MiniOzoneClusterImpl-612f74f6-2a8c-4890-9791-609c93916e5a/datanode-2/data/containers/hdds of  storage type : DISK and capacity : 1482555576320
2019-09-12 10:20:07,045 [main] INFO  volume.VolumeSet (VolumeSet.java:initializeVolumeSet(170)) - Added Volume : /workdir/hadoop-ozone/integration-test/target/test-dir/MiniOzoneClusterImpl-612f74f6-2a8c-4890-9791-609c93916e5a/datanode-2/data/containers/hdds to VolumeSet
2019-09-12 10:20:07,045 [main] INFO  volume.ThrottledAsyncChecker (ThrottledAsyncChecker.java:schedule(140)) - Scheduling a check for org.apache.hadoop.ozone.container.common.volume.HddsVolume@55061418
2019-09-12 10:20:07,046 [main] INFO  volume.HddsVolumeChecker (HddsVolumeChecker.java:checkAllVolumes(203)) - Scheduled health check for volume org.apache.hadoop.ozone.container.common.volume.HddsVolume@55061418
2019-09-12 10:20:07,061 [main] INFO  impl.RaftServerProxy (ConfUtils.java:logGet(43)) - raft.rpc.type = GRPC (default)
2019-09-12 10:20:07,062 [main] INFO  grpc.GrpcFactory (GrpcFactory.java:checkPooledByteBufAllocatorUseCacheForAllThreads(45)) - PERFORMANCE WARNING: useCacheForAllThreads is true that may cause Netty to create a lot garbage objects and, as a result, trigger GC.
	It is recommended to disable useCacheForAllThreads by setting -Dorg.apache.ratis.thirdparty.io.netty.allocator.useCacheForAllThreads=false in command line.
2019-09-12 10:20:07,062 [main] INFO  grpc.GrpcConfigKeys$Server (ConfUtils.java:logGet(43)) - raft.grpc.server.port = 0 (default)
2019-09-12 10:20:07,063 [main] INFO  server.GrpcService (ConfUtils.java:logGet(43)) - raft.grpc.message.size.max = 33570816 (custom)
2019-09-12 10:20:07,063 [main] INFO  server.RaftServerConfigKeys (ConfUtils.java:logGet(43)) - raft.server.log.appender.buffer.byte-limit = 33554432 (custom)
2019-09-12 10:20:07,063 [main] INFO  server.GrpcService (ConfUtils.java:logGet(43)) - raft.grpc.flow.control.window = 1MB (=1048576) (default)
2019-09-12 10:20:07,064 [main] INFO  server.RaftServerConfigKeys (ConfUtils.java:logGet(43)) - raft.server.rpc.request.timeout = 3000ms (default)
2019-09-12 10:20:07,064 [main] INFO  server.RaftServerConfigKeys (ConfUtils.java:logGet(43)) - raft.server.storage.dir = [/workdir/hadoop-ozone/integration-test/target/test-dir/MiniOzoneClusterImpl-612f74f6-2a8c-4890-9791-609c93916e5a/datanode-2/data/ratis] (custom)
2019-09-12 10:20:07,065 [main] INFO  replication.SimpleContainerDownloader (SimpleContainerDownloader.java:<init>(72)) - Starting container downloader service to copy containers to replicate.
2019-09-12 10:20:07,067 [main] INFO  hdfs.DFSUtil (DFSUtil.java:httpServerTemplateForNNAndJN(1641)) - Starting Web-server for hddsDatanode at: http://0.0.0.0:0
2019-09-12 10:20:07,068 [main] INFO  server.AuthenticationFilter (AuthenticationFilter.java:constructSecretProvider(240)) - Unable to initialize FileSignerSecretProvider, falling back to use random secrets.
2019-09-12 10:20:07,069 [main] WARN  http.HttpRequestLog (HttpRequestLog.java:getRequestLog(97)) - Jetty request log can only be enabled using Log4j
2019-09-12 10:20:07,070 [main] INFO  http.HttpServer2 (HttpServer2.java:addGlobalFilter(975)) - Added global filter 'safety' (class=org.apache.hadoop.http.HttpServer2$QuotingInputFilter)
2019-09-12 10:20:07,071 [main] INFO  http.HttpServer2 (HttpServer2.java:addFilter(948)) - Added filter static_user_filter (class=org.apache.hadoop.http.lib.StaticUserWebFilter$StaticUserFilter) to context hddsDatanode
2019-09-12 10:20:07,071 [main] INFO  http.HttpServer2 (HttpServer2.java:addFilter(958)) - Added filter static_user_filter (class=org.apache.hadoop.http.lib.StaticUserWebFilter$StaticUserFilter) to context static
2019-09-12 10:20:07,071 [main] INFO  http.HttpServer2 (HttpServer2.java:addFilter(958)) - Added filter static_user_filter (class=org.apache.hadoop.http.lib.StaticUserWebFilter$StaticUserFilter) to context logs
2019-09-12 10:20:07,072 [main] INFO  http.HttpServer2 (HttpServer2.java:bindListener(1191)) - Jetty bound to port 39390
2019-09-12 10:20:07,072 [main] INFO  server.Server (Server.java:doStart(351)) - jetty-9.3.24.v20180605, build timestamp: 2018-06-05T17:11:56Z, git hash: 84205aa28f11a4f31f2a3b86d1bba2cc8ab69827
2019-09-12 10:20:07,074 [main] INFO  handler.ContextHandler (ContextHandler.java:doStart(781)) - Started o.e.j.s.ServletContextHandler@52285a5f{/logs,file:///workdir/hadoop-ozone/integration-test/target/log,AVAILABLE}
2019-09-12 10:20:07,074 [main] INFO  handler.ContextHandler (ContextHandler.java:doStart(781)) - Started o.e.j.s.ServletContextHandler@224e6e88{/static,jar:file:/home/user/.m2/repository/org/apache/hadoop/hadoop-hdds-container-service/0.5.0-SNAPSHOT/hadoop-hdds-container-service-0.5.0-SNAPSHOT.jar!/webapps/static,AVAILABLE}
2019-09-12 10:20:07,102 [main] INFO  handler.ContextHandler (ContextHandler.java:doStart(781)) - Started o.e.j.w.WebAppContext@6a1d1467{/,file:///tmp/jetty-0.0.0.0-39390-hddsDatanode-_-any-7058104337468690822.dir/webapp/,AVAILABLE}{/hddsDatanode}
2019-09-12 10:20:07,102 [main] INFO  server.AbstractConnector (AbstractConnector.java:doStart(278)) - Started ServerConnector@536da29c{HTTP/1.1,[http/1.1]}{0.0.0.0:39390}
2019-09-12 10:20:07,104 [main] INFO  server.Server (Server.java:doStart(419)) - Started @42730ms
2019-09-12 10:20:07,105 [main] INFO  server.BaseHttpServer (BaseHttpServer.java:updateConnectorAddress(213)) - HTTP server of HDDSDATANODE is listening at http://0.0.0.0:39390
2019-09-12 10:20:07,242 | INFO  | ObjectStoreRestHttpServer | Listening HDDS REST traffic on /0.0.0.0:36326 |  
2019-09-12 10:20:07,242 [main] INFO  ozone.HddsDatanodeService (HddsDatanodeService.java:startPlugins(395)) - Started plug-in org.apache.hadoop.ozone.web.OzoneHddsDatanodeService@16e907b6
2019-09-12 10:20:07,243 [main] INFO  ozone.MiniOzoneClusterImpl (MiniOzoneClusterImpl.java:lambda$waitForClusterToBeReady$0(142)) - Waiting for cluster to be ready. Got 0 of 3 DN Heartbeats.
2019-09-12 10:20:07,244 [org.apache.hadoop.util.JvmPauseMonitor$Monitor@2bc92c02] INFO  util.JvmPauseMonitor (JvmPauseMonitor.java:run(188)) - Starting JVM pause monitor
2019-09-12 10:20:07,247 [Datanode State Machine Thread - 0] INFO  datanode.InitDatanodeState (InitDatanodeState.java:persistContainerDatanodeDetails(140)) - DatanodeDetails is persisted to /workdir/hadoop-ozone/integration-test/target/test-dir/MiniOzoneClusterImpl-612f74f6-2a8c-4890-9791-609c93916e5a/datanode-2/meta/datanode.id
2019-09-12 10:20:08,243 [main] INFO  ozone.MiniOzoneClusterImpl (MiniOzoneClusterImpl.java:lambda$waitForClusterToBeReady$0(142)) - Waiting for cluster to be ready. Got 0 of 3 DN Heartbeats.
2019-09-12 10:20:08,465 | INFO  | SCMAudit | user=jenkins1000 | ip=192.168.157.195 | op=GET_VERSION null | ret=SUCCESS |  
2019-09-12 10:20:08,480 [Datanode State Machine Thread - 0] INFO  ozoneimpl.OzoneContainer (OzoneContainer.java:start(186)) - Attempting to start container services.
2019-09-12 10:20:08,480 [Datanode State Machine Thread - 0] INFO  ozoneimpl.OzoneContainer (OzoneContainer.java:startContainerScrub(160)) - Background container scrubber has been disabled by hdds.containerscrub.enabled
2019-09-12 10:20:08,480 [Datanode State Machine Thread - 0] INFO  ratis.XceiverServerRatis (XceiverServerRatis.java:start(404)) - Starting XceiverServerRatis 2a823981-0280-4f5e-ab1d-96d3f91f7cfe at port 0
2019-09-12 10:20:08,488 [Datanode State Machine Thread - 0] INFO  impl.RaftServerProxy (RaftServerProxy.java:lambda$start$3(299)) - 2a823981-0280-4f5e-ab1d-96d3f91f7cfe: start RPC server
2019-09-12 10:20:08,491 [Datanode State Machine Thread - 0] INFO  server.GrpcService (GrpcService.java:startImpl(149)) - 2a823981-0280-4f5e-ab1d-96d3f91f7cfe: GrpcService started, listening on 0.0.0.0/0.0.0.0:46205
2019-09-12 10:20:08,492 [Datanode State Machine Thread - 0] INFO  ratis.XceiverServerRatis (XceiverServerRatis.java:start(414)) - XceiverServerRatis 2a823981-0280-4f5e-ab1d-96d3f91f7cfe is started using port 46205
2019-09-12 10:20:08,494 [Datanode State Machine Thread - 0] INFO  server.XceiverServerGrpc (XceiverServerGrpc.java:start(163)) - XceiverServerGrpc 2a823981-0280-4f5e-ab1d-96d3f91f7cfe is started using port 33735
2019-09-12 10:20:09,038 | INFO  | SCMAudit | user=jenkins1000 | ip=192.168.157.195 | op=GET_VERSION null | ret=SUCCESS |  
2019-09-12 10:20:09,053 [Datanode State Machine Thread - 0] INFO  ozoneimpl.OzoneContainer (OzoneContainer.java:start(186)) - Attempting to start container services.
2019-09-12 10:20:09,053 [Datanode State Machine Thread - 0] INFO  ozoneimpl.OzoneContainer (OzoneContainer.java:startContainerScrub(160)) - Background container scrubber has been disabled by hdds.containerscrub.enabled
2019-09-12 10:20:09,053 [Datanode State Machine Thread - 0] INFO  ratis.XceiverServerRatis (XceiverServerRatis.java:start(404)) - Starting XceiverServerRatis ea975f8e-901d-47d9-83c9-43432336259b at port 0
2019-09-12 10:20:09,061 [Datanode State Machine Thread - 0] INFO  impl.RaftServerProxy (RaftServerProxy.java:lambda$start$3(299)) - ea975f8e-901d-47d9-83c9-43432336259b: start RPC server
2019-09-12 10:20:09,062 [Datanode State Machine Thread - 0] INFO  server.GrpcService (GrpcService.java:startImpl(149)) - ea975f8e-901d-47d9-83c9-43432336259b: GrpcService started, listening on 0.0.0.0/0.0.0.0:33294
2019-09-12 10:20:09,062 [Datanode State Machine Thread - 0] INFO  ratis.XceiverServerRatis (XceiverServerRatis.java:start(414)) - XceiverServerRatis ea975f8e-901d-47d9-83c9-43432336259b is started using port 33294
2019-09-12 10:20:09,063 [Datanode State Machine Thread - 0] INFO  server.XceiverServerGrpc (XceiverServerGrpc.java:start(163)) - XceiverServerGrpc ea975f8e-901d-47d9-83c9-43432336259b is started using port 38033
2019-09-12 10:20:09,244 [main] INFO  ozone.MiniOzoneClusterImpl (MiniOzoneClusterImpl.java:lambda$waitForClusterToBeReady$0(142)) - Waiting for cluster to be ready. Got 0 of 3 DN Heartbeats.
2019-09-12 10:20:09,248 | INFO  | SCMAudit | user=jenkins1000 | ip=192.168.157.195 | op=GET_VERSION null | ret=SUCCESS |  
2019-09-12 10:20:09,264 [Datanode State Machine Thread - 0] INFO  ozoneimpl.OzoneContainer (OzoneContainer.java:start(186)) - Attempting to start container services.
2019-09-12 10:20:09,265 [Datanode State Machine Thread - 0] INFO  ozoneimpl.OzoneContainer (OzoneContainer.java:startContainerScrub(160)) - Background container scrubber has been disabled by hdds.containerscrub.enabled
2019-09-12 10:20:09,265 [Datanode State Machine Thread - 0] INFO  ratis.XceiverServerRatis (XceiverServerRatis.java:start(404)) - Starting XceiverServerRatis 544a1983-7fe2-414f-ab8e-445659a3ebbd at port 0
2019-09-12 10:20:09,273 [Datanode State Machine Thread - 0] INFO  impl.RaftServerProxy (RaftServerProxy.java:lambda$start$3(299)) - 544a1983-7fe2-414f-ab8e-445659a3ebbd: start RPC server
2019-09-12 10:20:09,274 [Datanode State Machine Thread - 0] INFO  server.GrpcService (GrpcService.java:startImpl(149)) - 544a1983-7fe2-414f-ab8e-445659a3ebbd: GrpcService started, listening on 0.0.0.0/0.0.0.0:46339
2019-09-12 10:20:09,274 [Datanode State Machine Thread - 0] INFO  ratis.XceiverServerRatis (XceiverServerRatis.java:start(414)) - XceiverServerRatis 544a1983-7fe2-414f-ab8e-445659a3ebbd is started using port 46339
2019-09-12 10:20:09,281 [Datanode State Machine Thread - 0] INFO  server.XceiverServerGrpc (XceiverServerGrpc.java:start(163)) - XceiverServerGrpc 544a1983-7fe2-414f-ab8e-445659a3ebbd is started using port 33386
2019-09-12 10:20:10,244 [main] INFO  ozone.MiniOzoneClusterImpl (MiniOzoneClusterImpl.java:lambda$waitForClusterToBeReady$0(142)) - Waiting for cluster to be ready. Got 0 of 3 DN Heartbeats.
2019-09-12 10:20:10,465 [IPC Server handler 14 on 44251] INFO  net.NetworkTopology (NetworkTopologyImpl.java:add(110)) - Added a new node: /default-rack/2a823981-0280-4f5e-ab1d-96d3f91f7cfe
2019-09-12 10:20:10,467 [IPC Server handler 14 on 44251] INFO  node.SCMNodeManager (SCMNodeManager.java:register(273)) - Registered Data node : 2a823981-0280-4f5e-ab1d-96d3f91f7cfe{ip: 192.168.157.195, host: pr-hdds-1569-xtfnx-3545843844, networkLocation: /default-rack, certSerialId: null}
2019-09-12 10:20:10,469 [EventQueue-NodeRegistrationContainerReportForDataNodeSafeModeRule] INFO  safemode.SCMSafeModeManager (DataNodeSafeModeRule.java:process(71)) - SCM in safe mode. 1 DataNodes registered, 1 required.
2019-09-12 10:20:10,469 | INFO  | SCMAudit | user=jenkins1000 | ip=192.168.157.195 | op=REGISTER {datanodeDetails=2a823981-0280-4f5e-ab1d-96d3f91f7cfe{ip: 192.168.157.195, host: pr-hdds-1569-xtfnx-3545843844, networkLocation: /default-rack, certSerialId: null}} | ret=SUCCESS |  
2019-09-12 10:20:10,470 [EventQueue-NodeRegistrationContainerReportForDataNodeSafeModeRule] INFO  safemode.SCMSafeModeManager (SCMSafeModeManager.java:validateSafeModeExitRules(177)) - ScmSafeModeManager, all rules are successfully validated
2019-09-12 10:20:10,470 [EventQueue-NodeRegistrationContainerReportForDataNodeSafeModeRule] INFO  safemode.SCMSafeModeManager (SCMSafeModeManager.java:exitSafeMode(193)) - SCM exiting safe mode.
2019-09-12 10:20:10,490 [grpc-default-executor-0] INFO  impl.RaftServerProxy (RaftServerProxy.java:addNew(89)) - 2a823981-0280-4f5e-ab1d-96d3f91f7cfe: addNew group-A7ABC7BAEC53:[2a823981-0280-4f5e-ab1d-96d3f91f7cfe:192.168.157.195:46205] returns group-A7ABC7BAEC53:java.util.concurrent.CompletableFuture@1926d4eb[Not completed]
2019-09-12 10:20:10,492 [pool-133-thread-1] INFO  impl.RaftServerImpl (RaftServerImpl.java:<init>(93)) - 2a823981-0280-4f5e-ab1d-96d3f91f7cfe: new RaftServerImpl for group-A7ABC7BAEC53:[2a823981-0280-4f5e-ab1d-96d3f91f7cfe:192.168.157.195:46205] with ContainerStateMachine:uninitialized
2019-09-12 10:20:10,492 [pool-133-thread-1] INFO  server.RaftServerConfigKeys (ConfUtils.java:logGet(43)) - raft.server.rpc.timeout.min = 5s (custom)
2019-09-12 10:20:10,492 [pool-133-thread-1] INFO  server.RaftServerConfigKeys (ConfUtils.java:logGet(43)) - raft.server.rpc.timeout.max = 5200ms (custom)
2019-09-12 10:20:10,493 [pool-133-thread-1] INFO  server.RaftServerConfigKeys (ConfUtils.java:logGet(43)) - raft.server.rpcslowness.timeout = 120s (custom)
2019-09-12 10:20:10,493 [pool-133-thread-1] INFO  server.RaftServerConfigKeys (ConfUtils.java:logGet(43)) - raft.server.sleep.deviation.threshold = 300 (default)
2019-09-12 10:20:10,493 [pool-133-thread-1] INFO  server.RaftServerConfigKeys (ConfUtils.java:logGet(43)) - raft.server.log.appender.install.snapshot.enabled = false (custom)
2019-09-12 10:20:10,493 [pool-133-thread-1] INFO  impl.RaftServerImpl (ServerState.java:<init>(105)) - 2a823981-0280-4f5e-ab1d-96d3f91f7cfe:group-A7ABC7BAEC53 ConfigurationManager, init=-1: [2a823981-0280-4f5e-ab1d-96d3f91f7cfe:192.168.157.195:46205], old=null, confs=<EMPTY_MAP>
2019-09-12 10:20:10,493 [pool-133-thread-1] INFO  server.RaftServerConfigKeys (ConfUtils.java:logGet(43)) - raft.server.storage.dir = [/workdir/hadoop-ozone/integration-test/target/test-dir/MiniOzoneClusterImpl-612f74f6-2a8c-4890-9791-609c93916e5a/datanode-0/data/ratis] (custom)
2019-09-12 10:20:10,494 [pool-133-thread-1] INFO  storage.RaftStorageDirectory (RaftStorageDirectory.java:analyzeStorage(246)) - The storage directory /workdir/hadoop-ozone/integration-test/target/test-dir/MiniOzoneClusterImpl-612f74f6-2a8c-4890-9791-609c93916e5a/datanode-0/data/ratis/0dda3a5a-b11f-4e46-807d-a7abc7baec53 does not exist. Creating ...
2019-09-12 10:20:10,507 [pool-133-thread-1] INFO  storage.RaftStorageDirectory (RaftStorageDirectory.java:tryLock(328)) - Lock on /workdir/hadoop-ozone/integration-test/target/test-dir/MiniOzoneClusterImpl-612f74f6-2a8c-4890-9791-609c93916e5a/datanode-0/data/ratis/0dda3a5a-b11f-4e46-807d-a7abc7baec53/in_use.lock acquired by nodename 9433@pr-hdds-1569-xtfnx-3545843844
2019-09-12 10:20:10,520 [pool-133-thread-1] INFO  storage.RaftStorage (RaftStorage.java:format(72)) - Storage directory /workdir/hadoop-ozone/integration-test/target/test-dir/MiniOzoneClusterImpl-612f74f6-2a8c-4890-9791-609c93916e5a/datanode-0/data/ratis/0dda3a5a-b11f-4e46-807d-a7abc7baec53 has been successfully formatted.
2019-09-12 10:20:10,520 [pool-133-thread-1] INFO  ratis.ContainerStateMachine (ContainerStateMachine.java:loadSnapshot(226)) - group-A7ABC7BAEC53: The snapshot info is null. Setting the last applied indexto:(t:0, i:~)
2019-09-12 10:20:10,521 [pool-133-thread-1] INFO  server.RaftServerConfigKeys (ConfUtils.java:logGet(43)) - raft.server.leader.election.timeout = 120s (custom)
2019-09-12 10:20:10,521 [pool-133-thread-1] INFO  server.RaftServerConfigKeys (ConfUtils.java:logGet(43)) - raft.server.log.use.memory = false (default)
2019-09-12 10:20:10,521 [pool-133-thread-1] INFO  server.RaftServerConfigKeys (ConfUtils.java:logGet(43)) - raft.server.log.purge.gap = 1000000 (custom)
2019-09-12 10:20:10,521 [pool-133-thread-1] INFO  server.RaftServerConfigKeys (ConfUtils.java:logGet(43)) - raft.server.log.appender.buffer.byte-limit = 33554432 (custom)
2019-09-12 10:20:10,521 [pool-133-thread-1] INFO  server.RaftServerConfigKeys (ConfUtils.java:logGet(43)) - raft.server.log.segment.size.max = 1048576 (custom)
2019-09-12 10:20:10,522 [pool-133-thread-1] INFO  server.RaftServerConfigKeys (ConfUtils.java:logGet(43)) - raft.server.log.segment.cache.num.max = 2 (custom)
2019-09-12 10:20:10,522 [pool-133-thread-1] INFO  segmented.SegmentedRaftLogWorker (SegmentedRaftLogWorker.java:<init>(172)) - new 2a823981-0280-4f5e-ab1d-96d3f91f7cfe-SegmentedRaftLogWorker:Storage Directory /workdir/hadoop-ozone/integration-test/target/test-dir/MiniOzoneClusterImpl-612f74f6-2a8c-4890-9791-609c93916e5a/datanode-0/data/ratis/0dda3a5a-b11f-4e46-807d-a7abc7baec53 for RaftStorage:Storage Directory /workdir/hadoop-ozone/integration-test/target/test-dir/MiniOzoneClusterImpl-612f74f6-2a8c-4890-9791-609c93916e5a/datanode-0/data/ratis/0dda3a5a-b11f-4e46-807d-a7abc7baec53
2019-09-12 10:20:10,522 [pool-133-thread-1] INFO  server.RaftServerConfigKeys (ConfUtils.java:logGet(43)) - raft.server.log.queue.byte-limit = 2147483647 (custom)
2019-09-12 10:20:10,522 [pool-133-thread-1] INFO  server.RaftServerConfigKeys (ConfUtils.java:logGet(43)) - raft.server.log.queue.element-limit = 1024 (custom)
2019-09-12 10:20:10,523 [pool-133-thread-1] INFO  server.RaftServerConfigKeys (ConfUtils.java:logGet(43)) - raft.server.log.segment.size.max = 1048576 (custom)
2019-09-12 10:20:10,523 [pool-133-thread-1] INFO  server.RaftServerConfigKeys (ConfUtils.java:logGet(43)) - raft.server.log.preallocated.size = 16384 (custom)
2019-09-12 10:20:10,523 [pool-133-thread-1] INFO  server.RaftServerConfigKeys (ConfUtils.java:logGet(43)) - raft.server.log.write.buffer.size = 33554432 (custom)
2019-09-12 10:20:10,523 [pool-133-thread-1] INFO  server.RaftServerConfigKeys (ConfUtils.java:logGet(43)) - raft.server.log.force.sync.num = 128 (default)
2019-09-12 10:20:10,523 [pool-133-thread-1] INFO  server.RaftServerConfigKeys (ConfUtils.java:logGet(43)) - raft.server.log.statemachine.data.sync = true (default)
2019-09-12 10:20:10,523 [pool-133-thread-1] INFO  server.RaftServerConfigKeys (ConfUtils.java:logGet(43)) - raft.server.log.statemachine.data.sync.timeout = 10s (default)
2019-09-12 10:20:10,523 [pool-133-thread-1] INFO  server.RaftServerConfigKeys (ConfUtils.java:logGet(43)) - raft.server.log.statemachine.data.sync.timeout.retry = -1 (default)
2019-09-12 10:20:10,524 [pool-133-thread-1] INFO  server.RaftServerConfigKeys (ConfUtils.java:logGet(43)) - raft.server.log.statemachine.data.caching.enabled = true (custom)
2019-09-12 10:20:10,524 [pool-133-thread-1] INFO  segmented.SegmentedRaftLogWorker (SegmentedRaftLogWorker.java:lambda$new$0(132)) - 2a823981-0280-4f5e-ab1d-96d3f91f7cfe-SegmentedRaftLogWorker:Storage Directory /workdir/hadoop-ozone/integration-test/target/test-dir/MiniOzoneClusterImpl-612f74f6-2a8c-4890-9791-609c93916e5a/datanode-0/data/ratis/0dda3a5a-b11f-4e46-807d-a7abc7baec53: flushIndex: setUnconditionally 0 -> -1
2019-09-12 10:20:10,525 [pool-133-thread-1] INFO  server.RaftServerConfigKeys (ConfUtils.java:logGet(43)) - raft.server.snapshot.auto.trigger.enabled = true (custom)
2019-09-12 10:20:10,525 [pool-133-thread-1] INFO  server.RaftServerConfigKeys (ConfUtils.java:logGet(43)) - raft.server.snapshot.auto.trigger.threshold = 10000 (custom)
2019-09-12 10:20:10,525 [pool-133-thread-1] INFO  server.RaftServerConfigKeys (ConfUtils.java:logGet(43)) - raft.server.retrycache.expirytime = 600000ms (custom)
2019-09-12 10:20:10,525 [pool-133-thread-1] INFO  impl.RaftServerImpl (RaftServerImpl.java:start(180)) - 2a823981-0280-4f5e-ab1d-96d3f91f7cfe: start group-A7ABC7BAEC53
2019-09-12 10:20:10,526 [pool-133-thread-1] INFO  impl.RaftServerImpl (RaftServerImpl.java:setRole(171)) - 2a823981-0280-4f5e-ab1d-96d3f91f7cfe:group-A7ABC7BAEC53 changes role from null to FOLLOWER at term 0 for startAsFollower
2019-09-12 10:20:10,526 [pool-133-thread-1] INFO  impl.RoleInfo (RoleInfo.java:updateAndGet(143)) - 2a823981-0280-4f5e-ab1d-96d3f91f7cfe: start FollowerState
2019-09-12 10:20:10,527 [pool-133-thread-1] INFO  util.JmxRegister (JmxRegister.java:tryRegister(44)) - Successfully registered JMX Bean with object name Ratis:service=RaftServer,group=group-A7ABC7BAEC53,id=2a823981-0280-4f5e-ab1d-96d3f91f7cfe
2019-09-12 10:20:10,536 [RatisPipelineUtilsThread] INFO  pipeline.PipelineStateManager (PipelineStateManager.java:addPipeline(56)) - Created pipeline Pipeline[ Id: 0dda3a5a-b11f-4e46-807d-a7abc7baec53, Nodes: 2a823981-0280-4f5e-ab1d-96d3f91f7cfe{ip: 192.168.157.195, host: pr-hdds-1569-xtfnx-3545843844, networkLocation: /default-rack, certSerialId: null}, Type:RATIS, Factor:ONE, State:OPEN]
2019-09-12 10:20:10,545 [grpc-default-executor-0] INFO  impl.RaftServerProxy (RaftServerProxy.java:addNew(89)) - 2a823981-0280-4f5e-ab1d-96d3f91f7cfe: addNew group-C4D960CA440B:[2a823981-0280-4f5e-ab1d-96d3f91f7cfe:192.168.157.195:46205] returns group-C4D960CA440B:java.util.concurrent.CompletableFuture@28758c1b[Not completed]
2019-09-12 10:20:10,546 [pool-133-thread-1] INFO  impl.RaftServerImpl (RaftServerImpl.java:<init>(93)) - 2a823981-0280-4f5e-ab1d-96d3f91f7cfe: new RaftServerImpl for group-C4D960CA440B:[2a823981-0280-4f5e-ab1d-96d3f91f7cfe:192.168.157.195:46205] with ContainerStateMachine:uninitialized
2019-09-12 10:20:10,546 [pool-133-thread-1] INFO  server.RaftServerConfigKeys (ConfUtils.java:logGet(43)) - raft.server.rpc.timeout.min = 5s (custom)
2019-09-12 10:20:10,546 [pool-133-thread-1] INFO  server.RaftServerConfigKeys (ConfUtils.java:logGet(43)) - raft.server.rpc.timeout.max = 5200ms (custom)
2019-09-12 10:20:10,547 [pool-133-thread-1] INFO  server.RaftServerConfigKeys (ConfUtils.java:logGet(43)) - raft.server.rpcslowness.timeout = 120s (custom)
2019-09-12 10:20:10,547 [pool-133-thread-1] INFO  server.RaftServerConfigKeys (ConfUtils.java:logGet(43)) - raft.server.sleep.deviation.threshold = 300 (default)
2019-09-12 10:20:10,547 [pool-133-thread-1] INFO  server.RaftServerConfigKeys (ConfUtils.java:logGet(43)) - raft.server.log.appender.install.snapshot.enabled = false (custom)
2019-09-12 10:20:10,547 [pool-133-thread-1] INFO  impl.RaftServerImpl (ServerState.java:<init>(105)) - 2a823981-0280-4f5e-ab1d-96d3f91f7cfe:group-C4D960CA440B ConfigurationManager, init=-1: [2a823981-0280-4f5e-ab1d-96d3f91f7cfe:192.168.157.195:46205], old=null, confs=<EMPTY_MAP>
2019-09-12 10:20:10,547 [pool-133-thread-1] INFO  server.RaftServerConfigKeys (ConfUtils.java:logGet(43)) - raft.server.storage.dir = [/workdir/hadoop-ozone/integration-test/target/test-dir/MiniOzoneClusterImpl-612f74f6-2a8c-4890-9791-609c93916e5a/datanode-0/data/ratis] (custom)
2019-09-12 10:20:10,547 [pool-133-thread-1] INFO  storage.RaftStorageDirectory (RaftStorageDirectory.java:analyzeStorage(246)) - The storage directory /workdir/hadoop-ozone/integration-test/target/test-dir/MiniOzoneClusterImpl-612f74f6-2a8c-4890-9791-609c93916e5a/datanode-0/data/ratis/34d02da2-3a8d-4213-90ed-c4d960ca440b does not exist. Creating ...
2019-09-12 10:20:10,560 [pool-133-thread-1] INFO  storage.RaftStorageDirectory (RaftStorageDirectory.java:tryLock(328)) - Lock on /workdir/hadoop-ozone/integration-test/target/test-dir/MiniOzoneClusterImpl-612f74f6-2a8c-4890-9791-609c93916e5a/datanode-0/data/ratis/34d02da2-3a8d-4213-90ed-c4d960ca440b/in_use.lock acquired by nodename 9433@pr-hdds-1569-xtfnx-3545843844
2019-09-12 10:20:10,573 [pool-133-thread-1] INFO  storage.RaftStorage (RaftStorage.java:format(72)) - Storage directory /workdir/hadoop-ozone/integration-test/target/test-dir/MiniOzoneClusterImpl-612f74f6-2a8c-4890-9791-609c93916e5a/datanode-0/data/ratis/34d02da2-3a8d-4213-90ed-c4d960ca440b has been successfully formatted.
2019-09-12 10:20:10,574 [pool-133-thread-1] INFO  ratis.ContainerStateMachine (ContainerStateMachine.java:loadSnapshot(226)) - group-C4D960CA440B: The snapshot info is null. Setting the last applied indexto:(t:0, i:~)
2019-09-12 10:20:10,574 [pool-133-thread-1] INFO  server.RaftServerConfigKeys (ConfUtils.java:logGet(43)) - raft.server.leader.election.timeout = 120s (custom)
2019-09-12 10:20:10,574 [pool-133-thread-1] INFO  server.RaftServerConfigKeys (ConfUtils.java:logGet(43)) - raft.server.log.use.memory = false (default)
2019-09-12 10:20:10,574 [pool-133-thread-1] INFO  server.RaftServerConfigKeys (ConfUtils.java:logGet(43)) - raft.server.log.purge.gap = 1000000 (custom)
2019-09-12 10:20:10,574 [pool-133-thread-1] INFO  server.RaftServerConfigKeys (ConfUtils.java:logGet(43)) - raft.server.log.appender.buffer.byte-limit = 33554432 (custom)
2019-09-12 10:20:10,574 [pool-133-thread-1] INFO  server.RaftServerConfigKeys (ConfUtils.java:logGet(43)) - raft.server.log.segment.size.max = 1048576 (custom)
2019-09-12 10:20:10,574 [pool-133-thread-1] INFO  server.RaftServerConfigKeys (ConfUtils.java:logGet(43)) - raft.server.log.segment.cache.num.max = 2 (custom)
2019-09-12 10:20:10,574 [pool-133-thread-1] INFO  segmented.SegmentedRaftLogWorker (SegmentedRaftLogWorker.java:<init>(172)) - new 2a823981-0280-4f5e-ab1d-96d3f91f7cfe-SegmentedRaftLogWorker:Storage Directory /workdir/hadoop-ozone/integration-test/target/test-dir/MiniOzoneClusterImpl-612f74f6-2a8c-4890-9791-609c93916e5a/datanode-0/data/ratis/34d02da2-3a8d-4213-90ed-c4d960ca440b for RaftStorage:Storage Directory /workdir/hadoop-ozone/integration-test/target/test-dir/MiniOzoneClusterImpl-612f74f6-2a8c-4890-9791-609c93916e5a/datanode-0/data/ratis/34d02da2-3a8d-4213-90ed-c4d960ca440b
2019-09-12 10:20:10,575 [pool-133-thread-1] INFO  server.RaftServerConfigKeys (ConfUtils.java:logGet(43)) - raft.server.log.queue.byte-limit = 2147483647 (custom)
2019-09-12 10:20:10,575 [pool-133-thread-1] INFO  server.RaftServerConfigKeys (ConfUtils.java:logGet(43)) - raft.server.log.queue.element-limit = 1024 (custom)
2019-09-12 10:20:10,575 [pool-133-thread-1] INFO  server.RaftServerConfigKeys (ConfUtils.java:logGet(43)) - raft.server.log.segment.size.max = 1048576 (custom)
2019-09-12 10:20:10,575 [pool-133-thread-1] INFO  server.RaftServerConfigKeys (ConfUtils.java:logGet(43)) - raft.server.log.preallocated.size = 16384 (custom)
2019-09-12 10:20:10,575 [pool-133-thread-1] INFO  server.RaftServerConfigKeys (ConfUtils.java:logGet(43)) - raft.server.log.write.buffer.size = 33554432 (custom)
2019-09-12 10:20:10,575 [pool-133-thread-1] INFO  server.RaftServerConfigKeys (ConfUtils.java:logGet(43)) - raft.server.log.force.sync.num = 128 (default)
2019-09-12 10:20:10,575 [pool-133-thread-1] INFO  server.RaftServerConfigKeys (ConfUtils.java:logGet(43)) - raft.server.log.statemachine.data.sync = true (default)
2019-09-12 10:20:10,575 [pool-133-thread-1] INFO  server.RaftServerConfigKeys (ConfUtils.java:logGet(43)) - raft.server.log.statemachine.data.sync.timeout = 10s (default)
2019-09-12 10:20:10,575 [pool-133-thread-1] INFO  server.RaftServerConfigKeys (ConfUtils.java:logGet(43)) - raft.server.log.statemachine.data.sync.timeout.retry = -1 (default)
2019-09-12 10:20:10,576 [pool-133-thread-1] INFO  server.RaftServerConfigKeys (ConfUtils.java:logGet(43)) - raft.server.log.statemachine.data.caching.enabled = true (custom)
2019-09-12 10:20:10,576 [pool-133-thread-1] INFO  segmented.SegmentedRaftLogWorker (SegmentedRaftLogWorker.java:lambda$new$0(132)) - 2a823981-0280-4f5e-ab1d-96d3f91f7cfe-SegmentedRaftLogWorker:Storage Directory /workdir/hadoop-ozone/integration-test/target/test-dir/MiniOzoneClusterImpl-612f74f6-2a8c-4890-9791-609c93916e5a/datanode-0/data/ratis/34d02da2-3a8d-4213-90ed-c4d960ca440b: flushIndex: setUnconditionally 0 -> -1
2019-09-12 10:20:10,576 [pool-133-thread-1] INFO  server.RaftServerConfigKeys (ConfUtils.java:logGet(43)) - raft.server.snapshot.auto.trigger.enabled = true (custom)
2019-09-12 10:20:10,576 [pool-133-thread-1] INFO  server.RaftServerConfigKeys (ConfUtils.java:logGet(43)) - raft.server.snapshot.auto.trigger.threshold = 10000 (custom)
2019-09-12 10:20:10,576 [pool-133-thread-1] INFO  server.RaftServerConfigKeys (ConfUtils.java:logGet(43)) - raft.server.retrycache.expirytime = 600000ms (custom)
2019-09-12 10:20:10,577 [pool-133-thread-1] INFO  impl.RaftServerImpl (RaftServerImpl.java:start(180)) - 2a823981-0280-4f5e-ab1d-96d3f91f7cfe: start group-C4D960CA440B
2019-09-12 10:20:10,577 [pool-133-thread-1] INFO  impl.RaftServerImpl (RaftServerImpl.java:setRole(171)) - 2a823981-0280-4f5e-ab1d-96d3f91f7cfe:group-C4D960CA440B changes role from null to FOLLOWER at term 0 for startAsFollower
2019-09-12 10:20:10,577 [pool-133-thread-1] INFO  impl.RoleInfo (RoleInfo.java:updateAndGet(143)) - 2a823981-0280-4f5e-ab1d-96d3f91f7cfe: start FollowerState
2019-09-12 10:20:10,577 [pool-133-thread-1] INFO  util.JmxRegister (JmxRegister.java:tryRegister(44)) - Successfully registered JMX Bean with object name Ratis:service=RaftServer,group=group-C4D960CA440B,id=2a823981-0280-4f5e-ab1d-96d3f91f7cfe
2019-09-12 10:20:10,581 [RatisPipelineUtilsThread] INFO  pipeline.PipelineStateManager (PipelineStateManager.java:addPipeline(56)) - Created pipeline Pipeline[ Id: 34d02da2-3a8d-4213-90ed-c4d960ca440b, Nodes: 2a823981-0280-4f5e-ab1d-96d3f91f7cfe{ip: 192.168.157.195, host: pr-hdds-1569-xtfnx-3545843844, networkLocation: /default-rack, certSerialId: null}, Type:RATIS, Factor:ONE, State:OPEN]
2019-09-12 10:20:10,596 [grpc-default-executor-0] INFO  impl.RaftServerProxy (RaftServerProxy.java:addNew(89)) - 2a823981-0280-4f5e-ab1d-96d3f91f7cfe: addNew group-4ABE02D0269A:[2a823981-0280-4f5e-ab1d-96d3f91f7cfe:192.168.157.195:46205] returns group-4ABE02D0269A:java.util.concurrent.CompletableFuture@79092ba4[Not completed]
2019-09-12 10:20:10,597 [pool-133-thread-1] INFO  impl.RaftServerImpl (RaftServerImpl.java:<init>(93)) - 2a823981-0280-4f5e-ab1d-96d3f91f7cfe: new RaftServerImpl for group-4ABE02D0269A:[2a823981-0280-4f5e-ab1d-96d3f91f7cfe:192.168.157.195:46205] with ContainerStateMachine:uninitialized
2019-09-12 10:20:10,597 [pool-133-thread-1] INFO  server.RaftServerConfigKeys (ConfUtils.java:logGet(43)) - raft.server.rpc.timeout.min = 5s (custom)
2019-09-12 10:20:10,597 [pool-133-thread-1] INFO  server.RaftServerConfigKeys (ConfUtils.java:logGet(43)) - raft.server.rpc.timeout.max = 5200ms (custom)
2019-09-12 10:20:10,597 [pool-133-thread-1] INFO  server.RaftServerConfigKeys (ConfUtils.java:logGet(43)) - raft.server.rpcslowness.timeout = 120s (custom)
2019-09-12 10:20:10,597 [pool-133-thread-1] INFO  server.RaftServerConfigKeys (ConfUtils.java:logGet(43)) - raft.server.sleep.deviation.threshold = 300 (default)
2019-09-12 10:20:10,597 [pool-133-thread-1] INFO  server.RaftServerConfigKeys (ConfUtils.java:logGet(43)) - raft.server.log.appender.install.snapshot.enabled = false (custom)
2019-09-12 10:20:10,598 [pool-133-thread-1] INFO  impl.RaftServerImpl (ServerState.java:<init>(105)) - 2a823981-0280-4f5e-ab1d-96d3f91f7cfe:group-4ABE02D0269A ConfigurationManager, init=-1: [2a823981-0280-4f5e-ab1d-96d3f91f7cfe:192.168.157.195:46205], old=null, confs=<EMPTY_MAP>
2019-09-12 10:20:10,598 [pool-133-thread-1] INFO  server.RaftServerConfigKeys (ConfUtils.java:logGet(43)) - raft.server.storage.dir = [/workdir/hadoop-ozone/integration-test/target/test-dir/MiniOzoneClusterImpl-612f74f6-2a8c-4890-9791-609c93916e5a/datanode-0/data/ratis] (custom)
2019-09-12 10:20:10,598 [pool-133-thread-1] INFO  storage.RaftStorageDirectory (RaftStorageDirectory.java:analyzeStorage(246)) - The storage directory /workdir/hadoop-ozone/integration-test/target/test-dir/MiniOzoneClusterImpl-612f74f6-2a8c-4890-9791-609c93916e5a/datanode-0/data/ratis/e5680547-1298-4b2f-910b-4abe02d0269a does not exist. Creating ...
2019-09-12 10:20:10,610 [pool-133-thread-1] INFO  storage.RaftStorageDirectory (RaftStorageDirectory.java:tryLock(328)) - Lock on /workdir/hadoop-ozone/integration-test/target/test-dir/MiniOzoneClusterImpl-612f74f6-2a8c-4890-9791-609c93916e5a/datanode-0/data/ratis/e5680547-1298-4b2f-910b-4abe02d0269a/in_use.lock acquired by nodename 9433@pr-hdds-1569-xtfnx-3545843844
2019-09-12 10:20:10,623 [pool-133-thread-1] INFO  storage.RaftStorage (RaftStorage.java:format(72)) - Storage directory /workdir/hadoop-ozone/integration-test/target/test-dir/MiniOzoneClusterImpl-612f74f6-2a8c-4890-9791-609c93916e5a/datanode-0/data/ratis/e5680547-1298-4b2f-910b-4abe02d0269a has been successfully formatted.
2019-09-12 10:20:10,623 [pool-133-thread-1] INFO  ratis.ContainerStateMachine (ContainerStateMachine.java:loadSnapshot(226)) - group-4ABE02D0269A: The snapshot info is null. Setting the last applied indexto:(t:0, i:~)
2019-09-12 10:20:10,623 [pool-133-thread-1] INFO  server.RaftServerConfigKeys (ConfUtils.java:logGet(43)) - raft.server.leader.election.timeout = 120s (custom)
2019-09-12 10:20:10,623 [pool-133-thread-1] INFO  server.RaftServerConfigKeys (ConfUtils.java:logGet(43)) - raft.server.log.use.memory = false (default)
2019-09-12 10:20:10,623 [pool-133-thread-1] INFO  server.RaftServerConfigKeys (ConfUtils.java:logGet(43)) - raft.server.log.purge.gap = 1000000 (custom)
2019-09-12 10:20:10,623 [pool-133-thread-1] INFO  server.RaftServerConfigKeys (ConfUtils.java:logGet(43)) - raft.server.log.appender.buffer.byte-limit = 33554432 (custom)
2019-09-12 10:20:10,624 [pool-133-thread-1] INFO  server.RaftServerConfigKeys (ConfUtils.java:logGet(43)) - raft.server.log.segment.size.max = 1048576 (custom)
2019-09-12 10:20:10,624 [pool-133-thread-1] INFO  server.RaftServerConfigKeys (ConfUtils.java:logGet(43)) - raft.server.log.segment.cache.num.max = 2 (custom)
2019-09-12 10:20:10,624 [pool-133-thread-1] INFO  segmented.SegmentedRaftLogWorker (SegmentedRaftLogWorker.java:<init>(172)) - new 2a823981-0280-4f5e-ab1d-96d3f91f7cfe-SegmentedRaftLogWorker:Storage Directory /workdir/hadoop-ozone/integration-test/target/test-dir/MiniOzoneClusterImpl-612f74f6-2a8c-4890-9791-609c93916e5a/datanode-0/data/ratis/e5680547-1298-4b2f-910b-4abe02d0269a for RaftStorage:Storage Directory /workdir/hadoop-ozone/integration-test/target/test-dir/MiniOzoneClusterImpl-612f74f6-2a8c-4890-9791-609c93916e5a/datanode-0/data/ratis/e5680547-1298-4b2f-910b-4abe02d0269a
2019-09-12 10:20:10,624 [pool-133-thread-1] INFO  server.RaftServerConfigKeys (ConfUtils.java:logGet(43)) - raft.server.log.queue.byte-limit = 2147483647 (custom)
2019-09-12 10:20:10,624 [pool-133-thread-1] INFO  server.RaftServerConfigKeys (ConfUtils.java:logGet(43)) - raft.server.log.queue.element-limit = 1024 (custom)
2019-09-12 10:20:10,624 [pool-133-thread-1] INFO  server.RaftServerConfigKeys (ConfUtils.java:logGet(43)) - raft.server.log.segment.size.max = 1048576 (custom)
2019-09-12 10:20:10,624 [pool-133-thread-1] INFO  server.RaftServerConfigKeys (ConfUtils.java:logGet(43)) - raft.server.log.preallocated.size = 16384 (custom)
2019-09-12 10:20:10,624 [pool-133-thread-1] INFO  server.RaftServerConfigKeys (ConfUtils.java:logGet(43)) - raft.server.log.write.buffer.size = 33554432 (custom)
2019-09-12 10:20:10,625 [pool-133-thread-1] INFO  server.RaftServerConfigKeys (ConfUtils.java:logGet(43)) - raft.server.log.force.sync.num = 128 (default)
2019-09-12 10:20:10,625 [pool-133-thread-1] INFO  server.RaftServerConfigKeys (ConfUtils.java:logGet(43)) - raft.server.log.statemachine.data.sync = true (default)
2019-09-12 10:20:10,625 [pool-133-thread-1] INFO  server.RaftServerConfigKeys (ConfUtils.java:logGet(43)) - raft.server.log.statemachine.data.sync.timeout = 10s (default)
2019-09-12 10:20:10,625 [pool-133-thread-1] INFO  server.RaftServerConfigKeys (ConfUtils.java:logGet(43)) - raft.server.log.statemachine.data.sync.timeout.retry = -1 (default)
2019-09-12 10:20:10,625 [pool-133-thread-1] INFO  server.RaftServerConfigKeys (ConfUtils.java:logGet(43)) - raft.server.log.statemachine.data.caching.enabled = true (custom)
2019-09-12 10:20:10,625 [pool-133-thread-1] INFO  segmented.SegmentedRaftLogWorker (SegmentedRaftLogWorker.java:lambda$new$0(132)) - 2a823981-0280-4f5e-ab1d-96d3f91f7cfe-SegmentedRaftLogWorker:Storage Directory /workdir/hadoop-ozone/integration-test/target/test-dir/MiniOzoneClusterImpl-612f74f6-2a8c-4890-9791-609c93916e5a/datanode-0/data/ratis/e5680547-1298-4b2f-910b-4abe02d0269a: flushIndex: setUnconditionally 0 -> -1
2019-09-12 10:20:10,626 [pool-133-thread-1] INFO  server.RaftServerConfigKeys (ConfUtils.java:logGet(43)) - raft.server.snapshot.auto.trigger.enabled = true (custom)
2019-09-12 10:20:10,626 [pool-133-thread-1] INFO  server.RaftServerConfigKeys (ConfUtils.java:logGet(43)) - raft.server.snapshot.auto.trigger.threshold = 10000 (custom)
2019-09-12 10:20:10,626 [pool-133-thread-1] INFO  server.RaftServerConfigKeys (ConfUtils.java:logGet(43)) - raft.server.retrycache.expirytime = 600000ms (custom)
2019-09-12 10:20:10,626 [pool-133-thread-1] INFO  impl.RaftServerImpl (RaftServerImpl.java:start(180)) - 2a823981-0280-4f5e-ab1d-96d3f91f7cfe: start group-4ABE02D0269A
2019-09-12 10:20:10,626 [pool-133-thread-1] INFO  impl.RaftServerImpl (RaftServerImpl.java:setRole(171)) - 2a823981-0280-4f5e-ab1d-96d3f91f7cfe:group-4ABE02D0269A changes role from null to FOLLOWER at term 0 for startAsFollower
2019-09-12 10:20:10,626 [pool-133-thread-1] INFO  impl.RoleInfo (RoleInfo.java:updateAndGet(143)) - 2a823981-0280-4f5e-ab1d-96d3f91f7cfe: start FollowerState
2019-09-12 10:20:10,627 [pool-133-thread-1] INFO  util.JmxRegister (JmxRegister.java:tryRegister(44)) - Successfully registered JMX Bean with object name Ratis:service=RaftServer,group=group-4ABE02D0269A,id=2a823981-0280-4f5e-ab1d-96d3f91f7cfe
2019-09-12 10:20:10,631 [RatisPipelineUtilsThread] INFO  pipeline.PipelineStateManager (PipelineStateManager.java:addPipeline(56)) - Created pipeline Pipeline[ Id: e5680547-1298-4b2f-910b-4abe02d0269a, Nodes: 2a823981-0280-4f5e-ab1d-96d3f91f7cfe{ip: 192.168.157.195, host: pr-hdds-1569-xtfnx-3545843844, networkLocation: /default-rack, certSerialId: null}, Type:RATIS, Factor:ONE, State:OPEN]
2019-09-12 10:20:10,645 [grpc-default-executor-0] INFO  impl.RaftServerProxy (RaftServerProxy.java:addNew(89)) - 2a823981-0280-4f5e-ab1d-96d3f91f7cfe: addNew group-2B262FB7F6DD:[2a823981-0280-4f5e-ab1d-96d3f91f7cfe:192.168.157.195:46205] returns group-2B262FB7F6DD:java.util.concurrent.CompletableFuture@220b37d5[Not completed]
2019-09-12 10:20:10,646 [pool-133-thread-1] INFO  impl.RaftServerImpl (RaftServerImpl.java:<init>(93)) - 2a823981-0280-4f5e-ab1d-96d3f91f7cfe: new RaftServerImpl for group-2B262FB7F6DD:[2a823981-0280-4f5e-ab1d-96d3f91f7cfe:192.168.157.195:46205] with ContainerStateMachine:uninitialized
2019-09-12 10:20:10,646 [pool-133-thread-1] INFO  server.RaftServerConfigKeys (ConfUtils.java:logGet(43)) - raft.server.rpc.timeout.min = 5s (custom)
2019-09-12 10:20:10,646 [pool-133-thread-1] INFO  server.RaftServerConfigKeys (ConfUtils.java:logGet(43)) - raft.server.rpc.timeout.max = 5200ms (custom)
2019-09-12 10:20:10,646 [pool-133-thread-1] INFO  server.RaftServerConfigKeys (ConfUtils.java:logGet(43)) - raft.server.rpcslowness.timeout = 120s (custom)
2019-09-12 10:20:10,647 [pool-133-thread-1] INFO  server.RaftServerConfigKeys (ConfUtils.java:logGet(43)) - raft.server.sleep.deviation.threshold = 300 (default)
2019-09-12 10:20:10,647 [pool-133-thread-1] INFO  server.RaftServerConfigKeys (ConfUtils.java:logGet(43)) - raft.server.log.appender.install.snapshot.enabled = false (custom)
2019-09-12 10:20:10,647 [pool-133-thread-1] INFO  impl.RaftServerImpl (ServerState.java:<init>(105)) - 2a823981-0280-4f5e-ab1d-96d3f91f7cfe:group-2B262FB7F6DD ConfigurationManager, init=-1: [2a823981-0280-4f5e-ab1d-96d3f91f7cfe:192.168.157.195:46205], old=null, confs=<EMPTY_MAP>
2019-09-12 10:20:10,647 [pool-133-thread-1] INFO  server.RaftServerConfigKeys (ConfUtils.java:logGet(43)) - raft.server.storage.dir = [/workdir/hadoop-ozone/integration-test/target/test-dir/MiniOzoneClusterImpl-612f74f6-2a8c-4890-9791-609c93916e5a/datanode-0/data/ratis] (custom)
2019-09-12 10:20:10,647 [pool-133-thread-1] INFO  storage.RaftStorageDirectory (RaftStorageDirectory.java:analyzeStorage(246)) - The storage directory /workdir/hadoop-ozone/integration-test/target/test-dir/MiniOzoneClusterImpl-612f74f6-2a8c-4890-9791-609c93916e5a/datanode-0/data/ratis/56210427-6842-41c4-b59a-2b262fb7f6dd does not exist. Creating ...
2019-09-12 10:20:10,660 [pool-133-thread-1] INFO  storage.RaftStorageDirectory (RaftStorageDirectory.java:tryLock(328)) - Lock on /workdir/hadoop-ozone/integration-test/target/test-dir/MiniOzoneClusterImpl-612f74f6-2a8c-4890-9791-609c93916e5a/datanode-0/data/ratis/56210427-6842-41c4-b59a-2b262fb7f6dd/in_use.lock acquired by nodename 9433@pr-hdds-1569-xtfnx-3545843844
2019-09-12 10:20:10,673 [pool-133-thread-1] INFO  storage.RaftStorage (RaftStorage.java:format(72)) - Storage directory /workdir/hadoop-ozone/integration-test/target/test-dir/MiniOzoneClusterImpl-612f74f6-2a8c-4890-9791-609c93916e5a/datanode-0/data/ratis/56210427-6842-41c4-b59a-2b262fb7f6dd has been successfully formatted.
2019-09-12 10:20:10,673 [pool-133-thread-1] INFO  ratis.ContainerStateMachine (ContainerStateMachine.java:loadSnapshot(226)) - group-2B262FB7F6DD: The snapshot info is null. Setting the last applied indexto:(t:0, i:~)
2019-09-12 10:20:10,673 [pool-133-thread-1] INFO  server.RaftServerConfigKeys (ConfUtils.java:logGet(43)) - raft.server.leader.election.timeout = 120s (custom)
2019-09-12 10:20:10,673 [pool-133-thread-1] INFO  server.RaftServerConfigKeys (ConfUtils.java:logGet(43)) - raft.server.log.use.memory = false (default)
2019-09-12 10:20:10,674 [pool-133-thread-1] INFO  server.RaftServerConfigKeys (ConfUtils.java:logGet(43)) - raft.server.log.purge.gap = 1000000 (custom)
2019-09-12 10:20:10,674 [pool-133-thread-1] INFO  server.RaftServerConfigKeys (ConfUtils.java:logGet(43)) - raft.server.log.appender.buffer.byte-limit = 33554432 (custom)
2019-09-12 10:20:10,674 [pool-133-thread-1] INFO  server.RaftServerConfigKeys (ConfUtils.java:logGet(43)) - raft.server.log.segment.size.max = 1048576 (custom)
2019-09-12 10:20:10,674 [pool-133-thread-1] INFO  server.RaftServerConfigKeys (ConfUtils.java:logGet(43)) - raft.server.log.segment.cache.num.max = 2 (custom)
2019-09-12 10:20:10,674 [pool-133-thread-1] INFO  segmented.SegmentedRaftLogWorker (SegmentedRaftLogWorker.java:<init>(172)) - new 2a823981-0280-4f5e-ab1d-96d3f91f7cfe-SegmentedRaftLogWorker:Storage Directory /workdir/hadoop-ozone/integration-test/target/test-dir/MiniOzoneClusterImpl-612f74f6-2a8c-4890-9791-609c93916e5a/datanode-0/data/ratis/56210427-6842-41c4-b59a-2b262fb7f6dd for RaftStorage:Storage Directory /workdir/hadoop-ozone/integration-test/target/test-dir/MiniOzoneClusterImpl-612f74f6-2a8c-4890-9791-609c93916e5a/datanode-0/data/ratis/56210427-6842-41c4-b59a-2b262fb7f6dd
2019-09-12 10:20:10,674 [pool-133-thread-1] INFO  server.RaftServerConfigKeys (ConfUtils.java:logGet(43)) - raft.server.log.queue.byte-limit = 2147483647 (custom)
2019-09-12 10:20:10,674 [pool-133-thread-1] INFO  server.RaftServerConfigKeys (ConfUtils.java:logGet(43)) - raft.server.log.queue.element-limit = 1024 (custom)
2019-09-12 10:20:10,675 [pool-133-thread-1] INFO  server.RaftServerConfigKeys (ConfUtils.java:logGet(43)) - raft.server.log.segment.size.max = 1048576 (custom)
2019-09-12 10:20:10,675 [pool-133-thread-1] INFO  server.RaftServerConfigKeys (ConfUtils.java:logGet(43)) - raft.server.log.preallocated.size = 16384 (custom)
2019-09-12 10:20:10,675 [pool-133-thread-1] INFO  server.RaftServerConfigKeys (ConfUtils.java:logGet(43)) - raft.server.log.write.buffer.size = 33554432 (custom)
2019-09-12 10:20:10,675 [pool-133-thread-1] INFO  server.RaftServerConfigKeys (ConfUtils.java:logGet(43)) - raft.server.log.force.sync.num = 128 (default)
2019-09-12 10:20:10,675 [pool-133-thread-1] INFO  server.RaftServerConfigKeys (ConfUtils.java:logGet(43)) - raft.server.log.statemachine.data.sync = true (default)
2019-09-12 10:20:10,675 [pool-133-thread-1] INFO  server.RaftServerConfigKeys (ConfUtils.java:logGet(43)) - raft.server.log.statemachine.data.sync.timeout = 10s (default)
2019-09-12 10:20:10,675 [pool-133-thread-1] INFO  server.RaftServerConfigKeys (ConfUtils.java:logGet(43)) - raft.server.log.statemachine.data.sync.timeout.retry = -1 (default)
2019-09-12 10:20:10,676 [pool-133-thread-1] INFO  server.RaftServerConfigKeys (ConfUtils.java:logGet(43)) - raft.server.log.statemachine.data.caching.enabled = true (custom)
2019-09-12 10:20:10,676 [pool-133-thread-1] INFO  segmented.SegmentedRaftLogWorker (SegmentedRaftLogWorker.java:lambda$new$0(132)) - 2a823981-0280-4f5e-ab1d-96d3f91f7cfe-SegmentedRaftLogWorker:Storage Directory /workdir/hadoop-ozone/integration-test/target/test-dir/MiniOzoneClusterImpl-612f74f6-2a8c-4890-9791-609c93916e5a/datanode-0/data/ratis/56210427-6842-41c4-b59a-2b262fb7f6dd: flushIndex: setUnconditionally 0 -> -1
2019-09-12 10:20:10,676 [pool-133-thread-1] INFO  server.RaftServerConfigKeys (ConfUtils.java:logGet(43)) - raft.server.snapshot.auto.trigger.enabled = true (custom)
2019-09-12 10:20:10,676 [pool-133-thread-1] INFO  server.RaftServerConfigKeys (ConfUtils.java:logGet(43)) - raft.server.snapshot.auto.trigger.threshold = 10000 (custom)
2019-09-12 10:20:10,677 [pool-133-thread-1] INFO  server.RaftServerConfigKeys (ConfUtils.java:logGet(43)) - raft.server.retrycache.expirytime = 600000ms (custom)
2019-09-12 10:20:10,677 [pool-133-thread-1] INFO  impl.RaftServerImpl (RaftServerImpl.java:start(180)) - 2a823981-0280-4f5e-ab1d-96d3f91f7cfe: start group-2B262FB7F6DD
2019-09-12 10:20:10,677 [pool-133-thread-1] INFO  impl.RaftServerImpl (RaftServerImpl.java:setRole(171)) - 2a823981-0280-4f5e-ab1d-96d3f91f7cfe:group-2B262FB7F6DD changes role from null to FOLLOWER at term 0 for startAsFollower
2019-09-12 10:20:10,677 [pool-133-thread-1] INFO  impl.RoleInfo (RoleInfo.java:updateAndGet(143)) - 2a823981-0280-4f5e-ab1d-96d3f91f7cfe: start FollowerState
2019-09-12 10:20:10,684 [pool-133-thread-1] INFO  util.JmxRegister (JmxRegister.java:tryRegister(44)) - Successfully registered JMX Bean with object name Ratis:service=RaftServer,group=group-2B262FB7F6DD,id=2a823981-0280-4f5e-ab1d-96d3f91f7cfe
2019-09-12 10:20:10,697 [RatisPipelineUtilsThread] INFO  pipeline.PipelineStateManager (PipelineStateManager.java:addPipeline(56)) - Created pipeline Pipeline[ Id: 56210427-6842-41c4-b59a-2b262fb7f6dd, Nodes: 2a823981-0280-4f5e-ab1d-96d3f91f7cfe{ip: 192.168.157.195, host: pr-hdds-1569-xtfnx-3545843844, networkLocation: /default-rack, certSerialId: null}, Type:RATIS, Factor:ONE, State:OPEN]
2019-09-12 10:20:10,705 [grpc-default-executor-0] INFO  impl.RaftServerProxy (RaftServerProxy.java:addNew(89)) - 2a823981-0280-4f5e-ab1d-96d3f91f7cfe: addNew group-81033C4845E7:[2a823981-0280-4f5e-ab1d-96d3f91f7cfe:192.168.157.195:46205] returns group-81033C4845E7:java.util.concurrent.CompletableFuture@7d47b61c[Not completed]
2019-09-12 10:20:10,707 [pool-133-thread-1] INFO  impl.RaftServerImpl (RaftServerImpl.java:<init>(93)) - 2a823981-0280-4f5e-ab1d-96d3f91f7cfe: new RaftServerImpl for group-81033C4845E7:[2a823981-0280-4f5e-ab1d-96d3f91f7cfe:192.168.157.195:46205] with ContainerStateMachine:uninitialized
2019-09-12 10:20:10,707 [pool-133-thread-1] INFO  server.RaftServerConfigKeys (ConfUtils.java:logGet(43)) - raft.server.rpc.timeout.min = 5s (custom)
2019-09-12 10:20:10,707 [pool-133-thread-1] INFO  server.RaftServerConfigKeys (ConfUtils.java:logGet(43)) - raft.server.rpc.timeout.max = 5200ms (custom)
2019-09-12 10:20:10,707 [pool-133-thread-1] INFO  server.RaftServerConfigKeys (ConfUtils.java:logGet(43)) - raft.server.rpcslowness.timeout = 120s (custom)
2019-09-12 10:20:10,707 [pool-133-thread-1] INFO  server.RaftServerConfigKeys (ConfUtils.java:logGet(43)) - raft.server.sleep.deviation.threshold = 300 (default)
2019-09-12 10:20:10,708 [pool-133-thread-1] INFO  server.RaftServerConfigKeys (ConfUtils.java:logGet(43)) - raft.server.log.appender.install.snapshot.enabled = false (custom)
2019-09-12 10:20:10,708 [pool-133-thread-1] INFO  impl.RaftServerImpl (ServerState.java:<init>(105)) - 2a823981-0280-4f5e-ab1d-96d3f91f7cfe:group-81033C4845E7 ConfigurationManager, init=-1: [2a823981-0280-4f5e-ab1d-96d3f91f7cfe:192.168.157.195:46205], old=null, confs=<EMPTY_MAP>
2019-09-12 10:20:10,708 [pool-133-thread-1] INFO  server.RaftServerConfigKeys (ConfUtils.java:logGet(43)) - raft.server.storage.dir = [/workdir/hadoop-ozone/integration-test/target/test-dir/MiniOzoneClusterImpl-612f74f6-2a8c-4890-9791-609c93916e5a/datanode-0/data/ratis] (custom)
2019-09-12 10:20:10,709 [pool-133-thread-1] INFO  storage.RaftStorageDirectory (RaftStorageDirectory.java:analyzeStorage(246)) - The storage directory /workdir/hadoop-ozone/integration-test/target/test-dir/MiniOzoneClusterImpl-612f74f6-2a8c-4890-9791-609c93916e5a/datanode-0/data/ratis/eeae03d7-af93-4b53-8fd8-81033c4845e7 does not exist. Creating ...
2019-09-12 10:20:10,722 [pool-133-thread-1] INFO  storage.RaftStorageDirectory (RaftStorageDirectory.java:tryLock(328)) - Lock on /workdir/hadoop-ozone/integration-test/target/test-dir/MiniOzoneClusterImpl-612f74f6-2a8c-4890-9791-609c93916e5a/datanode-0/data/ratis/eeae03d7-af93-4b53-8fd8-81033c4845e7/in_use.lock acquired by nodename 9433@pr-hdds-1569-xtfnx-3545843844
2019-09-12 10:20:10,735 [pool-133-thread-1] INFO  storage.RaftStorage (RaftStorage.java:format(72)) - Storage directory /workdir/hadoop-ozone/integration-test/target/test-dir/MiniOzoneClusterImpl-612f74f6-2a8c-4890-9791-609c93916e5a/datanode-0/data/ratis/eeae03d7-af93-4b53-8fd8-81033c4845e7 has been successfully formatted.
2019-09-12 10:20:10,736 [pool-133-thread-1] INFO  ratis.ContainerStateMachine (ContainerStateMachine.java:loadSnapshot(226)) - group-81033C4845E7: The snapshot info is null. Setting the last applied indexto:(t:0, i:~)
2019-09-12 10:20:10,736 [pool-133-thread-1] INFO  server.RaftServerConfigKeys (ConfUtils.java:logGet(43)) - raft.server.leader.election.timeout = 120s (custom)
2019-09-12 10:20:10,736 [pool-133-thread-1] INFO  server.RaftServerConfigKeys (ConfUtils.java:logGet(43)) - raft.server.log.use.memory = false (default)
2019-09-12 10:20:10,736 [pool-133-thread-1] INFO  server.RaftServerConfigKeys (ConfUtils.java:logGet(43)) - raft.server.log.purge.gap = 1000000 (custom)
2019-09-12 10:20:10,737 [pool-133-thread-1] INFO  server.RaftServerConfigKeys (ConfUtils.java:logGet(43)) - raft.server.log.appender.buffer.byte-limit = 33554432 (custom)
2019-09-12 10:20:10,737 [pool-133-thread-1] INFO  server.RaftServerConfigKeys (ConfUtils.java:logGet(43)) - raft.server.log.segment.size.max = 1048576 (custom)
2019-09-12 10:20:10,737 [pool-133-thread-1] INFO  server.RaftServerConfigKeys (ConfUtils.java:logGet(43)) - raft.server.log.segment.cache.num.max = 2 (custom)
2019-09-12 10:20:10,737 [pool-133-thread-1] INFO  segmented.SegmentedRaftLogWorker (SegmentedRaftLogWorker.java:<init>(172)) - new 2a823981-0280-4f5e-ab1d-96d3f91f7cfe-SegmentedRaftLogWorker:Storage Directory /workdir/hadoop-ozone/integration-test/target/test-dir/MiniOzoneClusterImpl-612f74f6-2a8c-4890-9791-609c93916e5a/datanode-0/data/ratis/eeae03d7-af93-4b53-8fd8-81033c4845e7 for RaftStorage:Storage Directory /workdir/hadoop-ozone/integration-test/target/test-dir/MiniOzoneClusterImpl-612f74f6-2a8c-4890-9791-609c93916e5a/datanode-0/data/ratis/eeae03d7-af93-4b53-8fd8-81033c4845e7
2019-09-12 10:20:10,737 [pool-133-thread-1] INFO  server.RaftServerConfigKeys (ConfUtils.java:logGet(43)) - raft.server.log.queue.byte-limit = 2147483647 (custom)
2019-09-12 10:20:10,738 [pool-133-thread-1] INFO  server.RaftServerConfigKeys (ConfUtils.java:logGet(43)) - raft.server.log.queue.element-limit = 1024 (custom)
2019-09-12 10:20:10,738 [pool-133-thread-1] INFO  server.RaftServerConfigKeys (ConfUtils.java:logGet(43)) - raft.server.log.segment.size.max = 1048576 (custom)
2019-09-12 10:20:10,738 [pool-133-thread-1] INFO  server.RaftServerConfigKeys (ConfUtils.java:logGet(43)) - raft.server.log.preallocated.size = 16384 (custom)
2019-09-12 10:20:10,738 [pool-133-thread-1] INFO  server.RaftServerConfigKeys (ConfUtils.java:logGet(43)) - raft.server.log.write.buffer.size = 33554432 (custom)
2019-09-12 10:20:10,738 [pool-133-thread-1] INFO  server.RaftServerConfigKeys (ConfUtils.java:logGet(43)) - raft.server.log.force.sync.num = 128 (default)
2019-09-12 10:20:10,739 [pool-133-thread-1] INFO  server.RaftServerConfigKeys (ConfUtils.java:logGet(43)) - raft.server.log.statemachine.data.sync = true (default)
2019-09-12 10:20:10,739 [pool-133-thread-1] INFO  server.RaftServerConfigKeys (ConfUtils.java:logGet(43)) - raft.server.log.statemachine.data.sync.timeout = 10s (default)
2019-09-12 10:20:10,739 [pool-133-thread-1] INFO  server.RaftServerConfigKeys (ConfUtils.java:logGet(43)) - raft.server.log.statemachine.data.sync.timeout.retry = -1 (default)
2019-09-12 10:20:10,739 [pool-133-thread-1] INFO  server.RaftServerConfigKeys (ConfUtils.java:logGet(43)) - raft.server.log.statemachine.data.caching.enabled = true (custom)
2019-09-12 10:20:10,739 [pool-133-thread-1] INFO  segmented.SegmentedRaftLogWorker (SegmentedRaftLogWorker.java:lambda$new$0(132)) - 2a823981-0280-4f5e-ab1d-96d3f91f7cfe-SegmentedRaftLogWorker:Storage Directory /workdir/hadoop-ozone/integration-test/target/test-dir/MiniOzoneClusterImpl-612f74f6-2a8c-4890-9791-609c93916e5a/datanode-0/data/ratis/eeae03d7-af93-4b53-8fd8-81033c4845e7: flushIndex: setUnconditionally 0 -> -1
2019-09-12 10:20:10,740 [pool-133-thread-1] INFO  server.RaftServerConfigKeys (ConfUtils.java:logGet(43)) - raft.server.snapshot.auto.trigger.enabled = true (custom)
2019-09-12 10:20:10,740 [pool-133-thread-1] INFO  server.RaftServerConfigKeys (ConfUtils.java:logGet(43)) - raft.server.snapshot.auto.trigger.threshold = 10000 (custom)
2019-09-12 10:20:10,740 [pool-133-thread-1] INFO  server.RaftServerConfigKeys (ConfUtils.java:logGet(43)) - raft.server.retrycache.expirytime = 600000ms (custom)
2019-09-12 10:20:10,740 [pool-133-thread-1] INFO  impl.RaftServerImpl (RaftServerImpl.java:start(180)) - 2a823981-0280-4f5e-ab1d-96d3f91f7cfe: start group-81033C4845E7
2019-09-12 10:20:10,741 [pool-133-thread-1] INFO  impl.RaftServerImpl (RaftServerImpl.java:setRole(171)) - 2a823981-0280-4f5e-ab1d-96d3f91f7cfe:group-81033C4845E7 changes role from null to FOLLOWER at term 0 for startAsFollower
2019-09-12 10:20:10,741 [pool-133-thread-1] INFO  impl.RoleInfo (RoleInfo.java:updateAndGet(143)) - 2a823981-0280-4f5e-ab1d-96d3f91f7cfe: start FollowerState
2019-09-12 10:20:10,741 [pool-133-thread-1] INFO  util.JmxRegister (JmxRegister.java:tryRegister(44)) - Successfully registered JMX Bean with object name Ratis:service=RaftServer,group=group-81033C4845E7,id=2a823981-0280-4f5e-ab1d-96d3f91f7cfe
2019-09-12 10:20:10,745 [RatisPipelineUtilsThread] INFO  pipeline.PipelineStateManager (PipelineStateManager.java:addPipeline(56)) - Created pipeline Pipeline[ Id: eeae03d7-af93-4b53-8fd8-81033c4845e7, Nodes: 2a823981-0280-4f5e-ab1d-96d3f91f7cfe{ip: 192.168.157.195, host: pr-hdds-1569-xtfnx-3545843844, networkLocation: /default-rack, certSerialId: null}, Type:RATIS, Factor:ONE, State:OPEN]
2019-09-12 10:20:10,751 [grpc-default-executor-0] INFO  impl.RaftServerProxy (RaftServerProxy.java:addNew(89)) - 2a823981-0280-4f5e-ab1d-96d3f91f7cfe: addNew group-04D037D831D0:[2a823981-0280-4f5e-ab1d-96d3f91f7cfe:192.168.157.195:46205] returns group-04D037D831D0:java.util.concurrent.CompletableFuture@73f4b01a[Not completed]
2019-09-12 10:20:10,752 [pool-133-thread-1] INFO  impl.RaftServerImpl (RaftServerImpl.java:<init>(93)) - 2a823981-0280-4f5e-ab1d-96d3f91f7cfe: new RaftServerImpl for group-04D037D831D0:[2a823981-0280-4f5e-ab1d-96d3f91f7cfe:192.168.157.195:46205] with ContainerStateMachine:uninitialized
2019-09-12 10:20:10,752 [pool-133-thread-1] INFO  server.RaftServerConfigKeys (ConfUtils.java:logGet(43)) - raft.server.rpc.timeout.min = 5s (custom)
2019-09-12 10:20:10,752 [pool-133-thread-1] INFO  server.RaftServerConfigKeys (ConfUtils.java:logGet(43)) - raft.server.rpc.timeout.max = 5200ms (custom)
2019-09-12 10:20:10,752 [pool-133-thread-1] INFO  server.RaftServerConfigKeys (ConfUtils.java:logGet(43)) - raft.server.rpcslowness.timeout = 120s (custom)
2019-09-12 10:20:10,753 [pool-133-thread-1] INFO  server.RaftServerConfigKeys (ConfUtils.java:logGet(43)) - raft.server.sleep.deviation.threshold = 300 (default)
2019-09-12 10:20:10,753 [pool-133-thread-1] INFO  server.RaftServerConfigKeys (ConfUtils.java:logGet(43)) - raft.server.log.appender.install.snapshot.enabled = false (custom)
2019-09-12 10:20:10,753 [pool-133-thread-1] INFO  impl.RaftServerImpl (ServerState.java:<init>(105)) - 2a823981-0280-4f5e-ab1d-96d3f91f7cfe:group-04D037D831D0 ConfigurationManager, init=-1: [2a823981-0280-4f5e-ab1d-96d3f91f7cfe:192.168.157.195:46205], old=null, confs=<EMPTY_MAP>
2019-09-12 10:20:10,753 [pool-133-thread-1] INFO  server.RaftServerConfigKeys (ConfUtils.java:logGet(43)) - raft.server.storage.dir = [/workdir/hadoop-ozone/integration-test/target/test-dir/MiniOzoneClusterImpl-612f74f6-2a8c-4890-9791-609c93916e5a/datanode-0/data/ratis] (custom)
2019-09-12 10:20:10,753 [pool-133-thread-1] INFO  storage.RaftStorageDirectory (RaftStorageDirectory.java:analyzeStorage(246)) - The storage directory /workdir/hadoop-ozone/integration-test/target/test-dir/MiniOzoneClusterImpl-612f74f6-2a8c-4890-9791-609c93916e5a/datanode-0/data/ratis/b924795f-5660-437e-900a-04d037d831d0 does not exist. Creating ...
2019-09-12 10:20:10,766 [pool-133-thread-1] INFO  storage.RaftStorageDirectory (RaftStorageDirectory.java:tryLock(328)) - Lock on /workdir/hadoop-ozone/integration-test/target/test-dir/MiniOzoneClusterImpl-612f74f6-2a8c-4890-9791-609c93916e5a/datanode-0/data/ratis/b924795f-5660-437e-900a-04d037d831d0/in_use.lock acquired by nodename 9433@pr-hdds-1569-xtfnx-3545843844
2019-09-12 10:20:10,788 [pool-133-thread-1] INFO  storage.RaftStorage (RaftStorage.java:format(72)) - Storage directory /workdir/hadoop-ozone/integration-test/target/test-dir/MiniOzoneClusterImpl-612f74f6-2a8c-4890-9791-609c93916e5a/datanode-0/data/ratis/b924795f-5660-437e-900a-04d037d831d0 has been successfully formatted.
2019-09-12 10:20:10,788 [pool-133-thread-1] INFO  ratis.ContainerStateMachine (ContainerStateMachine.java:loadSnapshot(226)) - group-04D037D831D0: The snapshot info is null. Setting the last applied indexto:(t:0, i:~)
2019-09-12 10:20:10,788 [pool-133-thread-1] INFO  server.RaftServerConfigKeys (ConfUtils.java:logGet(43)) - raft.server.leader.election.timeout = 120s (custom)
2019-09-12 10:20:10,788 [pool-133-thread-1] INFO  server.RaftServerConfigKeys (ConfUtils.java:logGet(43)) - raft.server.log.use.memory = false (default)
2019-09-12 10:20:10,789 [pool-133-thread-1] INFO  server.RaftServerConfigKeys (ConfUtils.java:logGet(43)) - raft.server.log.purge.gap = 1000000 (custom)
2019-09-12 10:20:10,789 [pool-133-thread-1] INFO  server.RaftServerConfigKeys (ConfUtils.java:logGet(43)) - raft.server.log.appender.buffer.byte-limit = 33554432 (custom)
2019-09-12 10:20:10,789 [pool-133-thread-1] INFO  server.RaftServerConfigKeys (ConfUtils.java:logGet(43)) - raft.server.log.segment.size.max = 1048576 (custom)
2019-09-12 10:20:10,789 [pool-133-thread-1] INFO  server.RaftServerConfigKeys (ConfUtils.java:logGet(43)) - raft.server.log.segment.cache.num.max = 2 (custom)
2019-09-12 10:20:10,789 [pool-133-thread-1] INFO  segmented.SegmentedRaftLogWorker (SegmentedRaftLogWorker.java:<init>(172)) - new 2a823981-0280-4f5e-ab1d-96d3f91f7cfe-SegmentedRaftLogWorker:Storage Directory /workdir/hadoop-ozone/integration-test/target/test-dir/MiniOzoneClusterImpl-612f74f6-2a8c-4890-9791-609c93916e5a/datanode-0/data/ratis/b924795f-5660-437e-900a-04d037d831d0 for RaftStorage:Storage Directory /workdir/hadoop-ozone/integration-test/target/test-dir/MiniOzoneClusterImpl-612f74f6-2a8c-4890-9791-609c93916e5a/datanode-0/data/ratis/b924795f-5660-437e-900a-04d037d831d0
2019-09-12 10:20:10,789 [pool-133-thread-1] INFO  server.RaftServerConfigKeys (ConfUtils.java:logGet(43)) - raft.server.log.queue.byte-limit = 2147483647 (custom)
2019-09-12 10:20:10,789 [pool-133-thread-1] INFO  server.RaftServerConfigKeys (ConfUtils.java:logGet(43)) - raft.server.log.queue.element-limit = 1024 (custom)
2019-09-12 10:20:10,790 [pool-133-thread-1] INFO  server.RaftServerConfigKeys (ConfUtils.java:logGet(43)) - raft.server.log.segment.size.max = 1048576 (custom)
2019-09-12 10:20:10,790 [pool-133-thread-1] INFO  server.RaftServerConfigKeys (ConfUtils.java:logGet(43)) - raft.server.log.preallocated.size = 16384 (custom)
2019-09-12 10:20:10,790 [pool-133-thread-1] INFO  server.RaftServerConfigKeys (ConfUtils.java:logGet(43)) - raft.server.log.write.buffer.size = 33554432 (custom)
2019-09-12 10:20:10,790 [pool-133-thread-1] INFO  server.RaftServerConfigKeys (ConfUtils.java:logGet(43)) - raft.server.log.force.sync.num = 128 (default)
2019-09-12 10:20:10,790 [pool-133-thread-1] INFO  server.RaftServerConfigKeys (ConfUtils.java:logGet(43)) - raft.server.log.statemachine.data.sync = true (default)
2019-09-12 10:20:10,790 [pool-133-thread-1] INFO  server.RaftServerConfigKeys (ConfUtils.java:logGet(43)) - raft.server.log.statemachine.data.sync.timeout = 10s (default)
2019-09-12 10:20:10,790 [pool-133-thread-1] INFO  server.RaftServerConfigKeys (ConfUtils.java:logGet(43)) - raft.server.log.statemachine.data.sync.timeout.retry = -1 (default)
2019-09-12 10:20:10,791 [pool-133-thread-1] INFO  server.RaftServerConfigKeys (ConfUtils.java:logGet(43)) - raft.server.log.statemachine.data.caching.enabled = true (custom)
2019-09-12 10:20:10,791 [pool-133-thread-1] INFO  segmented.SegmentedRaftLogWorker (SegmentedRaftLogWorker.java:lambda$new$0(132)) - 2a823981-0280-4f5e-ab1d-96d3f91f7cfe-SegmentedRaftLogWorker:Storage Directory /workdir/hadoop-ozone/integration-test/target/test-dir/MiniOzoneClusterImpl-612f74f6-2a8c-4890-9791-609c93916e5a/datanode-0/data/ratis/b924795f-5660-437e-900a-04d037d831d0: flushIndex: setUnconditionally 0 -> -1
2019-09-12 10:20:10,791 [pool-133-thread-1] INFO  server.RaftServerConfigKeys (ConfUtils.java:logGet(43)) - raft.server.snapshot.auto.trigger.enabled = true (custom)
2019-09-12 10:20:10,791 [pool-133-thread-1] INFO  server.RaftServerConfigKeys (ConfUtils.java:logGet(43)) - raft.server.snapshot.auto.trigger.threshold = 10000 (custom)
2019-09-12 10:20:10,792 [pool-133-thread-1] INFO  server.RaftServerConfigKeys (ConfUtils.java:logGet(43)) - raft.server.retrycache.expirytime = 600000ms (custom)
2019-09-12 10:20:10,792 [pool-133-thread-1] INFO  impl.RaftServerImpl (RaftServerImpl.java:start(180)) - 2a823981-0280-4f5e-ab1d-96d3f91f7cfe: start group-04D037D831D0
2019-09-12 10:20:10,792 [pool-133-thread-1] INFO  impl.RaftServerImpl (RaftServerImpl.java:setRole(171)) - 2a823981-0280-4f5e-ab1d-96d3f91f7cfe:group-04D037D831D0 changes role from null to FOLLOWER at term 0 for startAsFollower
2019-09-12 10:20:10,792 [pool-133-thread-1] INFO  impl.RoleInfo (RoleInfo.java:updateAndGet(143)) - 2a823981-0280-4f5e-ab1d-96d3f91f7cfe: start FollowerState
2019-09-12 10:20:10,792 [pool-133-thread-1] INFO  util.JmxRegister (JmxRegister.java:tryRegister(44)) - Successfully registered JMX Bean with object name Ratis:service=RaftServer,group=group-04D037D831D0,id=2a823981-0280-4f5e-ab1d-96d3f91f7cfe
2019-09-12 10:20:10,795 [RatisPipelineUtilsThread] INFO  pipeline.PipelineStateManager (PipelineStateManager.java:addPipeline(56)) - Created pipeline Pipeline[ Id: b924795f-5660-437e-900a-04d037d831d0, Nodes: 2a823981-0280-4f5e-ab1d-96d3f91f7cfe{ip: 192.168.157.195, host: pr-hdds-1569-xtfnx-3545843844, networkLocation: /default-rack, certSerialId: null}, Type:RATIS, Factor:ONE, State:OPEN]
2019-09-12 10:20:10,796 [RatisPipelineUtilsThread] ERROR pipeline.PipelinePlacementPolicy (PipelinePlacementPolicy.java:meetCriteria(91)) - Pipeline Placement: Doesn't meet the criteria to be viable node. Heaviness: 6
2019-09-12 10:20:10,796 [RatisPipelineUtilsThread] ERROR pipeline.PipelinePlacementPolicy (PipelinePlacementPolicy.java:filterViableNodes(146)) - Unable to find enough nodes that meet the criteria that cannot engage in more than 5 pipelines. Nodes required: 1 Found: 0, healthy nodes count inNodeManager: 1.
2019-09-12 10:20:10,796 [RatisPipelineUtilsThread] ERROR pipeline.SCMPipelineManager (SCMPipelineManager.java:createPipeline(161)) - Pipeline creation failed due to exception: Unable to find enough nodes that meet the criteria that cannot engage in more than 5 pipelines. Nodes required: 1 Found: 0, healthy nodes count inNodeManager: 1.
2019-09-12 10:20:10,796 [RatisPipelineUtilsThread] ERROR pipeline.PipelinePlacementPolicy (PipelinePlacementPolicy.java:filterViableNodes(129)) - Not enough healthy nodes to allocate pipeline. 3  datanodes required. Found 1
2019-09-12 10:20:10,796 [RatisPipelineUtilsThread] ERROR pipeline.SCMPipelineManager (SCMPipelineManager.java:createPipeline(161)) - Pipeline creation failed due to exception: Not enough healthy nodes to allocate pipeline. 3  datanodes required. Found 1
2019-09-12 10:20:10,796 [RatisPipelineUtilsThread] ERROR pipeline.PipelinePlacementPolicy (PipelinePlacementPolicy.java:meetCriteria(91)) - Pipeline Placement: Doesn't meet the criteria to be viable node. Heaviness: 6
2019-09-12 10:20:10,797 [RatisPipelineUtilsThread] ERROR pipeline.PipelinePlacementPolicy (PipelinePlacementPolicy.java:filterViableNodes(146)) - Unable to find enough nodes that meet the criteria that cannot engage in more than 5 pipelines. Nodes required: 1 Found: 0, healthy nodes count inNodeManager: 1.
2019-09-12 10:20:10,797 [RatisPipelineUtilsThread] ERROR pipeline.SCMPipelineManager (SCMPipelineManager.java:createPipeline(161)) - Pipeline creation failed due to exception: Unable to find enough nodes that meet the criteria that cannot engage in more than 5 pipelines. Nodes required: 1 Found: 0, healthy nodes count inNodeManager: 1.
2019-09-12 10:20:10,797 [RatisPipelineUtilsThread] ERROR pipeline.PipelinePlacementPolicy (PipelinePlacementPolicy.java:filterViableNodes(129)) - Not enough healthy nodes to allocate pipeline. 3  datanodes required. Found 1
2019-09-12 10:20:10,797 [RatisPipelineUtilsThread] ERROR pipeline.SCMPipelineManager (SCMPipelineManager.java:createPipeline(161)) - Pipeline creation failed due to exception: Not enough healthy nodes to allocate pipeline. 3  datanodes required. Found 1
2019-09-12 10:20:11,040 [IPC Server handler 16 on 44251] INFO  net.NetworkTopology (NetworkTopologyImpl.java:add(110)) - Added a new node: /default-rack/ea975f8e-901d-47d9-83c9-43432336259b
2019-09-12 10:20:11,041 [RatisPipelineUtilsThread] ERROR pipeline.PipelinePlacementPolicy (PipelinePlacementPolicy.java:meetCriteria(91)) - Pipeline Placement: Doesn't meet the criteria to be viable node. Heaviness: 6
2019-09-12 10:20:11,041 [IPC Server handler 16 on 44251] INFO  node.SCMNodeManager (SCMNodeManager.java:register(273)) - Registered Data node : ea975f8e-901d-47d9-83c9-43432336259b{ip: 192.168.157.195, host: pr-hdds-1569-xtfnx-3545843844, networkLocation: /default-rack, certSerialId: null}
2019-09-12 10:20:11,042 | INFO  | SCMAudit | user=jenkins1000 | ip=192.168.157.195 | op=REGISTER {datanodeDetails=ea975f8e-901d-47d9-83c9-43432336259b{ip: 192.168.157.195, host: pr-hdds-1569-xtfnx-3545843844, networkLocation: /default-rack, certSerialId: null}} | ret=SUCCESS |  
2019-09-12 10:20:11,056 [grpc-default-executor-0] INFO  impl.RaftServerProxy (RaftServerProxy.java:addNew(89)) - ea975f8e-901d-47d9-83c9-43432336259b: addNew group-D58E21E5CADC:[ea975f8e-901d-47d9-83c9-43432336259b:192.168.157.195:33294] returns group-D58E21E5CADC:java.util.concurrent.CompletableFuture@3d8ebf93[Not completed]
2019-09-12 10:20:11,060 [pool-144-thread-1] INFO  impl.RaftServerImpl (RaftServerImpl.java:<init>(93)) - ea975f8e-901d-47d9-83c9-43432336259b: new RaftServerImpl for group-D58E21E5CADC:[ea975f8e-901d-47d9-83c9-43432336259b:192.168.157.195:33294] with ContainerStateMachine:uninitialized
2019-09-12 10:20:11,061 [pool-144-thread-1] INFO  server.RaftServerConfigKeys (ConfUtils.java:logGet(43)) - raft.server.rpc.timeout.min = 5s (custom)
2019-09-12 10:20:11,061 [pool-144-thread-1] INFO  server.RaftServerConfigKeys (ConfUtils.java:logGet(43)) - raft.server.rpc.timeout.max = 5200ms (custom)
2019-09-12 10:20:11,061 [pool-144-thread-1] INFO  server.RaftServerConfigKeys (ConfUtils.java:logGet(43)) - raft.server.rpcslowness.timeout = 120s (custom)
2019-09-12 10:20:11,062 [pool-144-thread-1] INFO  server.RaftServerConfigKeys (ConfUtils.java:logGet(43)) - raft.server.sleep.deviation.threshold = 300 (default)
2019-09-12 10:20:11,062 [pool-144-thread-1] INFO  server.RaftServerConfigKeys (ConfUtils.java:logGet(43)) - raft.server.log.appender.install.snapshot.enabled = false (custom)
2019-09-12 10:20:11,062 [pool-144-thread-1] INFO  impl.RaftServerImpl (ServerState.java:<init>(105)) - ea975f8e-901d-47d9-83c9-43432336259b:group-D58E21E5CADC ConfigurationManager, init=-1: [ea975f8e-901d-47d9-83c9-43432336259b:192.168.157.195:33294], old=null, confs=<EMPTY_MAP>
2019-09-12 10:20:11,062 [pool-144-thread-1] INFO  server.RaftServerConfigKeys (ConfUtils.java:logGet(43)) - raft.server.storage.dir = [/workdir/hadoop-ozone/integration-test/target/test-dir/MiniOzoneClusterImpl-612f74f6-2a8c-4890-9791-609c93916e5a/datanode-1/data/ratis] (custom)
2019-09-12 10:20:11,063 [pool-144-thread-1] INFO  storage.RaftStorageDirectory (RaftStorageDirectory.java:analyzeStorage(246)) - The storage directory /workdir/hadoop-ozone/integration-test/target/test-dir/MiniOzoneClusterImpl-612f74f6-2a8c-4890-9791-609c93916e5a/datanode-1/data/ratis/62026f52-f84b-4248-ae6d-d58e21e5cadc does not exist. Creating ...
2019-09-12 10:20:11,077 [pool-144-thread-1] INFO  storage.RaftStorageDirectory (RaftStorageDirectory.java:tryLock(328)) - Lock on /workdir/hadoop-ozone/integration-test/target/test-dir/MiniOzoneClusterImpl-612f74f6-2a8c-4890-9791-609c93916e5a/datanode-1/data/ratis/62026f52-f84b-4248-ae6d-d58e21e5cadc/in_use.lock acquired by nodename 9433@pr-hdds-1569-xtfnx-3545843844
2019-09-12 10:20:11,088 [pool-144-thread-1] INFO  storage.RaftStorage (RaftStorage.java:format(72)) - Storage directory /workdir/hadoop-ozone/integration-test/target/test-dir/MiniOzoneClusterImpl-612f74f6-2a8c-4890-9791-609c93916e5a/datanode-1/data/ratis/62026f52-f84b-4248-ae6d-d58e21e5cadc has been successfully formatted.
2019-09-12 10:20:11,088 [pool-144-thread-1] INFO  ratis.ContainerStateMachine (ContainerStateMachine.java:loadSnapshot(226)) - group-D58E21E5CADC: The snapshot info is null. Setting the last applied indexto:(t:0, i:~)
2019-09-12 10:20:11,088 [pool-144-thread-1] INFO  server.RaftServerConfigKeys (ConfUtils.java:logGet(43)) - raft.server.leader.election.timeout = 120s (custom)
2019-09-12 10:20:11,089 [pool-144-thread-1] INFO  server.RaftServerConfigKeys (ConfUtils.java:logGet(43)) - raft.server.log.use.memory = false (default)
2019-09-12 10:20:11,089 [pool-144-thread-1] INFO  server.RaftServerConfigKeys (ConfUtils.java:logGet(43)) - raft.server.log.purge.gap = 1000000 (custom)
2019-09-12 10:20:11,089 [pool-144-thread-1] INFO  server.RaftServerConfigKeys (ConfUtils.java:logGet(43)) - raft.server.log.appender.buffer.byte-limit = 33554432 (custom)
2019-09-12 10:20:11,089 [pool-144-thread-1] INFO  server.RaftServerConfigKeys (ConfUtils.java:logGet(43)) - raft.server.log.segment.size.max = 1048576 (custom)
2019-09-12 10:20:11,089 [pool-144-thread-1] INFO  server.RaftServerConfigKeys (ConfUtils.java:logGet(43)) - raft.server.log.segment.cache.num.max = 2 (custom)
2019-09-12 10:20:11,090 [pool-144-thread-1] INFO  segmented.SegmentedRaftLogWorker (SegmentedRaftLogWorker.java:<init>(172)) - new ea975f8e-901d-47d9-83c9-43432336259b-SegmentedRaftLogWorker:Storage Directory /workdir/hadoop-ozone/integration-test/target/test-dir/MiniOzoneClusterImpl-612f74f6-2a8c-4890-9791-609c93916e5a/datanode-1/data/ratis/62026f52-f84b-4248-ae6d-d58e21e5cadc for RaftStorage:Storage Directory /workdir/hadoop-ozone/integration-test/target/test-dir/MiniOzoneClusterImpl-612f74f6-2a8c-4890-9791-609c93916e5a/datanode-1/data/ratis/62026f52-f84b-4248-ae6d-d58e21e5cadc
2019-09-12 10:20:11,090 [pool-144-thread-1] INFO  server.RaftServerConfigKeys (ConfUtils.java:logGet(43)) - raft.server.log.queue.byte-limit = 2147483647 (custom)
2019-09-12 10:20:11,090 [pool-144-thread-1] INFO  server.RaftServerConfigKeys (ConfUtils.java:logGet(43)) - raft.server.log.queue.element-limit = 1024 (custom)
2019-09-12 10:20:11,090 [pool-144-thread-1] INFO  server.RaftServerConfigKeys (ConfUtils.java:logGet(43)) - raft.server.log.segment.size.max = 1048576 (custom)
2019-09-12 10:20:11,091 [pool-144-thread-1] INFO  server.RaftServerConfigKeys (ConfUtils.java:logGet(43)) - raft.server.log.preallocated.size = 16384 (custom)
2019-09-12 10:20:11,091 [pool-144-thread-1] INFO  server.RaftServerConfigKeys (ConfUtils.java:logGet(43)) - raft.server.log.write.buffer.size = 33554432 (custom)
2019-09-12 10:20:11,091 [pool-144-thread-1] INFO  server.RaftServerConfigKeys (ConfUtils.java:logGet(43)) - raft.server.log.force.sync.num = 128 (default)
2019-09-12 10:20:11,091 [pool-144-thread-1] INFO  server.RaftServerConfigKeys (ConfUtils.java:logGet(43)) - raft.server.log.statemachine.data.sync = true (default)
2019-09-12 10:20:11,091 [pool-144-thread-1] INFO  server.RaftServerConfigKeys (ConfUtils.java:logGet(43)) - raft.server.log.statemachine.data.sync.timeout = 10s (default)
2019-09-12 10:20:11,091 [pool-144-thread-1] INFO  server.RaftServerConfigKeys (ConfUtils.java:logGet(43)) - raft.server.log.statemachine.data.sync.timeout.retry = -1 (default)
2019-09-12 10:20:11,092 [pool-144-thread-1] INFO  server.RaftServerConfigKeys (ConfUtils.java:logGet(43)) - raft.server.log.statemachine.data.caching.enabled = true (custom)
2019-09-12 10:20:11,092 [pool-144-thread-1] INFO  segmented.SegmentedRaftLogWorker (SegmentedRaftLogWorker.java:lambda$new$0(132)) - ea975f8e-901d-47d9-83c9-43432336259b-SegmentedRaftLogWorker:Storage Directory /workdir/hadoop-ozone/integration-test/target/test-dir/MiniOzoneClusterImpl-612f74f6-2a8c-4890-9791-609c93916e5a/datanode-1/data/ratis/62026f52-f84b-4248-ae6d-d58e21e5cadc: flushIndex: setUnconditionally 0 -> -1
2019-09-12 10:20:11,093 [pool-144-thread-1] INFO  server.RaftServerConfigKeys (ConfUtils.java:logGet(43)) - raft.server.snapshot.auto.trigger.enabled = true (custom)
2019-09-12 10:20:11,093 [pool-144-thread-1] INFO  server.RaftServerConfigKeys (ConfUtils.java:logGet(43)) - raft.server.snapshot.auto.trigger.threshold = 10000 (custom)
2019-09-12 10:20:11,093 [pool-144-thread-1] INFO  server.RaftServerConfigKeys (ConfUtils.java:logGet(43)) - raft.server.retrycache.expirytime = 600000ms (custom)
2019-09-12 10:20:11,094 [pool-144-thread-1] INFO  impl.RaftServerImpl (RaftServerImpl.java:start(180)) - ea975f8e-901d-47d9-83c9-43432336259b: start group-D58E21E5CADC
2019-09-12 10:20:11,094 [pool-144-thread-1] INFO  impl.RaftServerImpl (RaftServerImpl.java:setRole(171)) - ea975f8e-901d-47d9-83c9-43432336259b:group-D58E21E5CADC changes role from null to FOLLOWER at term 0 for startAsFollower
2019-09-12 10:20:11,094 [pool-144-thread-1] INFO  impl.RoleInfo (RoleInfo.java:updateAndGet(143)) - ea975f8e-901d-47d9-83c9-43432336259b: start FollowerState
2019-09-12 10:20:11,094 [pool-144-thread-1] INFO  util.JmxRegister (JmxRegister.java:tryRegister(44)) - Successfully registered JMX Bean with object name Ratis:service=RaftServer,group=group-D58E21E5CADC,id=ea975f8e-901d-47d9-83c9-43432336259b
2019-09-12 10:20:11,099 [RatisPipelineUtilsThread] INFO  pipeline.PipelineStateManager (PipelineStateManager.java:addPipeline(56)) - Created pipeline Pipeline[ Id: 62026f52-f84b-4248-ae6d-d58e21e5cadc, Nodes: ea975f8e-901d-47d9-83c9-43432336259b{ip: 192.168.157.195, host: pr-hdds-1569-xtfnx-3545843844, networkLocation: /default-rack, certSerialId: null}, Type:RATIS, Factor:ONE, State:OPEN]
2019-09-12 10:20:11,100 [RatisPipelineUtilsThread] ERROR pipeline.PipelinePlacementPolicy (PipelinePlacementPolicy.java:meetCriteria(91)) - Pipeline Placement: Doesn't meet the criteria to be viable node. Heaviness: 6
2019-09-12 10:20:11,108 [grpc-default-executor-0] INFO  impl.RaftServerProxy (RaftServerProxy.java:addNew(89)) - ea975f8e-901d-47d9-83c9-43432336259b: addNew group-64DA6D9A3FF1:[ea975f8e-901d-47d9-83c9-43432336259b:192.168.157.195:33294] returns group-64DA6D9A3FF1:java.util.concurrent.CompletableFuture@608f949b[Not completed]
2019-09-12 10:20:11,109 [pool-144-thread-1] INFO  impl.RaftServerImpl (RaftServerImpl.java:<init>(93)) - ea975f8e-901d-47d9-83c9-43432336259b: new RaftServerImpl for group-64DA6D9A3FF1:[ea975f8e-901d-47d9-83c9-43432336259b:192.168.157.195:33294] with ContainerStateMachine:uninitialized
2019-09-12 10:20:11,110 [pool-144-thread-1] INFO  server.RaftServerConfigKeys (ConfUtils.java:logGet(43)) - raft.server.rpc.timeout.min = 5s (custom)
2019-09-12 10:20:11,110 [pool-144-thread-1] INFO  server.RaftServerConfigKeys (ConfUtils.java:logGet(43)) - raft.server.rpc.timeout.max = 5200ms (custom)
2019-09-12 10:20:11,110 [pool-144-thread-1] INFO  server.RaftServerConfigKeys (ConfUtils.java:logGet(43)) - raft.server.rpcslowness.timeout = 120s (custom)
2019-09-12 10:20:11,110 [pool-144-thread-1] INFO  server.RaftServerConfigKeys (ConfUtils.java:logGet(43)) - raft.server.sleep.deviation.threshold = 300 (default)
2019-09-12 10:20:11,110 [pool-144-thread-1] INFO  server.RaftServerConfigKeys (ConfUtils.java:logGet(43)) - raft.server.log.appender.install.snapshot.enabled = false (custom)
2019-09-12 10:20:11,110 [pool-144-thread-1] INFO  impl.RaftServerImpl (ServerState.java:<init>(105)) - ea975f8e-901d-47d9-83c9-43432336259b:group-64DA6D9A3FF1 ConfigurationManager, init=-1: [ea975f8e-901d-47d9-83c9-43432336259b:192.168.157.195:33294], old=null, confs=<EMPTY_MAP>
2019-09-12 10:20:11,110 [pool-144-thread-1] INFO  server.RaftServerConfigKeys (ConfUtils.java:logGet(43)) - raft.server.storage.dir = [/workdir/hadoop-ozone/integration-test/target/test-dir/MiniOzoneClusterImpl-612f74f6-2a8c-4890-9791-609c93916e5a/datanode-1/data/ratis] (custom)
2019-09-12 10:20:11,111 [pool-144-thread-1] INFO  storage.RaftStorageDirectory (RaftStorageDirectory.java:analyzeStorage(246)) - The storage directory /workdir/hadoop-ozone/integration-test/target/test-dir/MiniOzoneClusterImpl-612f74f6-2a8c-4890-9791-609c93916e5a/datanode-1/data/ratis/6235272b-c3bc-4b47-9f30-64da6d9a3ff1 does not exist. Creating ...
2019-09-12 10:20:11,124 [pool-144-thread-1] INFO  storage.RaftStorageDirectory (RaftStorageDirectory.java:tryLock(328)) - Lock on /workdir/hadoop-ozone/integration-test/target/test-dir/MiniOzoneClusterImpl-612f74f6-2a8c-4890-9791-609c93916e5a/datanode-1/data/ratis/6235272b-c3bc-4b47-9f30-64da6d9a3ff1/in_use.lock acquired by nodename 9433@pr-hdds-1569-xtfnx-3545843844
2019-09-12 10:20:11,137 [pool-144-thread-1] INFO  storage.RaftStorage (RaftStorage.java:format(72)) - Storage directory /workdir/hadoop-ozone/integration-test/target/test-dir/MiniOzoneClusterImpl-612f74f6-2a8c-4890-9791-609c93916e5a/datanode-1/data/ratis/6235272b-c3bc-4b47-9f30-64da6d9a3ff1 has been successfully formatted.
2019-09-12 10:20:11,137 [pool-144-thread-1] INFO  ratis.ContainerStateMachine (ContainerStateMachine.java:loadSnapshot(226)) - group-64DA6D9A3FF1: The snapshot info is null. Setting the last applied indexto:(t:0, i:~)
2019-09-12 10:20:11,137 [pool-144-thread-1] INFO  server.RaftServerConfigKeys (ConfUtils.java:logGet(43)) - raft.server.leader.election.timeout = 120s (custom)
2019-09-12 10:20:11,137 [pool-144-thread-1] INFO  server.RaftServerConfigKeys (ConfUtils.java:logGet(43)) - raft.server.log.use.memory = false (default)
2019-09-12 10:20:11,138 [pool-144-thread-1] INFO  server.RaftServerConfigKeys (ConfUtils.java:logGet(43)) - raft.server.log.purge.gap = 1000000 (custom)
2019-09-12 10:20:11,138 [pool-144-thread-1] INFO  server.RaftServerConfigKeys (ConfUtils.java:logGet(43)) - raft.server.log.appender.buffer.byte-limit = 33554432 (custom)
2019-09-12 10:20:11,138 [pool-144-thread-1] INFO  server.RaftServerConfigKeys (ConfUtils.java:logGet(43)) - raft.server.log.segment.size.max = 1048576 (custom)
2019-09-12 10:20:11,138 [pool-144-thread-1] INFO  server.RaftServerConfigKeys (ConfUtils.java:logGet(43)) - raft.server.log.segment.cache.num.max = 2 (custom)
2019-09-12 10:20:11,138 [pool-144-thread-1] INFO  segmented.SegmentedRaftLogWorker (SegmentedRaftLogWorker.java:<init>(172)) - new ea975f8e-901d-47d9-83c9-43432336259b-SegmentedRaftLogWorker:Storage Directory /workdir/hadoop-ozone/integration-test/target/test-dir/MiniOzoneClusterImpl-612f74f6-2a8c-4890-9791-609c93916e5a/datanode-1/data/ratis/6235272b-c3bc-4b47-9f30-64da6d9a3ff1 for RaftStorage:Storage Directory /workdir/hadoop-ozone/integration-test/target/test-dir/MiniOzoneClusterImpl-612f74f6-2a8c-4890-9791-609c93916e5a/datanode-1/data/ratis/6235272b-c3bc-4b47-9f30-64da6d9a3ff1
2019-09-12 10:20:11,138 [pool-144-thread-1] INFO  server.RaftServerConfigKeys (ConfUtils.java:logGet(43)) - raft.server.log.queue.byte-limit = 2147483647 (custom)
2019-09-12 10:20:11,138 [pool-144-thread-1] INFO  server.RaftServerConfigKeys (ConfUtils.java:logGet(43)) - raft.server.log.queue.element-limit = 1024 (custom)
2019-09-12 10:20:11,138 [pool-144-thread-1] INFO  server.RaftServerConfigKeys (ConfUtils.java:logGet(43)) - raft.server.log.segment.size.max = 1048576 (custom)
2019-09-12 10:20:11,139 [pool-144-thread-1] INFO  server.RaftServerConfigKeys (ConfUtils.java:logGet(43)) - raft.server.log.preallocated.size = 16384 (custom)
2019-09-12 10:20:11,139 [pool-144-thread-1] INFO  server.RaftServerConfigKeys (ConfUtils.java:logGet(43)) - raft.server.log.write.buffer.size = 33554432 (custom)
2019-09-12 10:20:11,139 [pool-144-thread-1] INFO  server.RaftServerConfigKeys (ConfUtils.java:logGet(43)) - raft.server.log.force.sync.num = 128 (default)
2019-09-12 10:20:11,139 [pool-144-thread-1] INFO  server.RaftServerConfigKeys (ConfUtils.java:logGet(43)) - raft.server.log.statemachine.data.sync = true (default)
2019-09-12 10:20:11,139 [pool-144-thread-1] INFO  server.RaftServerConfigKeys (ConfUtils.java:logGet(43)) - raft.server.log.statemachine.data.sync.timeout = 10s (default)
2019-09-12 10:20:11,139 [pool-144-thread-1] INFO  server.RaftServerConfigKeys (ConfUtils.java:logGet(43)) - raft.server.log.statemachine.data.sync.timeout.retry = -1 (default)
2019-09-12 10:20:11,139 [pool-144-thread-1] INFO  server.RaftServerConfigKeys (ConfUtils.java:logGet(43)) - raft.server.log.statemachine.data.caching.enabled = true (custom)
2019-09-12 10:20:11,140 [pool-144-thread-1] INFO  segmented.SegmentedRaftLogWorker (SegmentedRaftLogWorker.java:lambda$new$0(132)) - ea975f8e-901d-47d9-83c9-43432336259b-SegmentedRaftLogWorker:Storage Directory /workdir/hadoop-ozone/integration-test/target/test-dir/MiniOzoneClusterImpl-612f74f6-2a8c-4890-9791-609c93916e5a/datanode-1/data/ratis/6235272b-c3bc-4b47-9f30-64da6d9a3ff1: flushIndex: setUnconditionally 0 -> -1
2019-09-12 10:20:11,140 [pool-144-thread-1] INFO  server.RaftServerConfigKeys (ConfUtils.java:logGet(43)) - raft.server.snapshot.auto.trigger.enabled = true (custom)
2019-09-12 10:20:11,140 [pool-144-thread-1] INFO  server.RaftServerConfigKeys (ConfUtils.java:logGet(43)) - raft.server.snapshot.auto.trigger.threshold = 10000 (custom)
2019-09-12 10:20:11,140 [pool-144-thread-1] INFO  server.RaftServerConfigKeys (ConfUtils.java:logGet(43)) - raft.server.retrycache.expirytime = 600000ms (custom)
2019-09-12 10:20:11,141 [pool-144-thread-1] INFO  impl.RaftServerImpl (RaftServerImpl.java:start(180)) - ea975f8e-901d-47d9-83c9-43432336259b: start group-64DA6D9A3FF1
2019-09-12 10:20:11,141 [pool-144-thread-1] INFO  impl.RaftServerImpl (RaftServerImpl.java:setRole(171)) - ea975f8e-901d-47d9-83c9-43432336259b:group-64DA6D9A3FF1 changes role from null to FOLLOWER at term 0 for startAsFollower
2019-09-12 10:20:11,141 [pool-144-thread-1] INFO  impl.RoleInfo (RoleInfo.java:updateAndGet(143)) - ea975f8e-901d-47d9-83c9-43432336259b: start FollowerState
2019-09-12 10:20:11,141 [pool-144-thread-1] INFO  util.JmxRegister (JmxRegister.java:tryRegister(44)) - Successfully registered JMX Bean with object name Ratis:service=RaftServer,group=group-64DA6D9A3FF1,id=ea975f8e-901d-47d9-83c9-43432336259b
2019-09-12 10:20:11,145 [RatisPipelineUtilsThread] INFO  pipeline.PipelineStateManager (PipelineStateManager.java:addPipeline(56)) - Created pipeline Pipeline[ Id: 6235272b-c3bc-4b47-9f30-64da6d9a3ff1, Nodes: ea975f8e-901d-47d9-83c9-43432336259b{ip: 192.168.157.195, host: pr-hdds-1569-xtfnx-3545843844, networkLocation: /default-rack, certSerialId: null}, Type:RATIS, Factor:ONE, State:OPEN]
2019-09-12 10:20:11,146 [RatisPipelineUtilsThread] ERROR pipeline.PipelinePlacementPolicy (PipelinePlacementPolicy.java:meetCriteria(91)) - Pipeline Placement: Doesn't meet the criteria to be viable node. Heaviness: 6
2019-09-12 10:20:11,153 [grpc-default-executor-0] INFO  impl.RaftServerProxy (RaftServerProxy.java:addNew(89)) - ea975f8e-901d-47d9-83c9-43432336259b: addNew group-7B110D48BB51:[ea975f8e-901d-47d9-83c9-43432336259b:192.168.157.195:33294] returns group-7B110D48BB51:java.util.concurrent.CompletableFuture@5ef783ce[Not completed]
2019-09-12 10:20:11,154 [pool-144-thread-1] INFO  impl.RaftServerImpl (RaftServerImpl.java:<init>(93)) - ea975f8e-901d-47d9-83c9-43432336259b: new RaftServerImpl for group-7B110D48BB51:[ea975f8e-901d-47d9-83c9-43432336259b:192.168.157.195:33294] with ContainerStateMachine:uninitialized
2019-09-12 10:20:11,154 [pool-144-thread-1] INFO  server.RaftServerConfigKeys (ConfUtils.java:logGet(43)) - raft.server.rpc.timeout.min = 5s (custom)
2019-09-12 10:20:11,154 [pool-144-thread-1] INFO  server.RaftServerConfigKeys (ConfUtils.java:logGet(43)) - raft.server.rpc.timeout.max = 5200ms (custom)
2019-09-12 10:20:11,155 [pool-144-thread-1] INFO  server.RaftServerConfigKeys (ConfUtils.java:logGet(43)) - raft.server.rpcslowness.timeout = 120s (custom)
2019-09-12 10:20:11,155 [pool-144-thread-1] INFO  server.RaftServerConfigKeys (ConfUtils.java:logGet(43)) - raft.server.sleep.deviation.threshold = 300 (default)
2019-09-12 10:20:11,155 [pool-144-thread-1] INFO  server.RaftServerConfigKeys (ConfUtils.java:logGet(43)) - raft.server.log.appender.install.snapshot.enabled = false (custom)
2019-09-12 10:20:11,155 [pool-144-thread-1] INFO  impl.RaftServerImpl (ServerState.java:<init>(105)) - ea975f8e-901d-47d9-83c9-43432336259b:group-7B110D48BB51 ConfigurationManager, init=-1: [ea975f8e-901d-47d9-83c9-43432336259b:192.168.157.195:33294], old=null, confs=<EMPTY_MAP>
2019-09-12 10:20:11,155 [pool-144-thread-1] INFO  server.RaftServerConfigKeys (ConfUtils.java:logGet(43)) - raft.server.storage.dir = [/workdir/hadoop-ozone/integration-test/target/test-dir/MiniOzoneClusterImpl-612f74f6-2a8c-4890-9791-609c93916e5a/datanode-1/data/ratis] (custom)
2019-09-12 10:20:11,155 [pool-144-thread-1] INFO  storage.RaftStorageDirectory (RaftStorageDirectory.java:analyzeStorage(246)) - The storage directory /workdir/hadoop-ozone/integration-test/target/test-dir/MiniOzoneClusterImpl-612f74f6-2a8c-4890-9791-609c93916e5a/datanode-1/data/ratis/717a569e-0e91-41cc-ba09-7b110d48bb51 does not exist. Creating ...
2019-09-12 10:20:11,168 [pool-144-thread-1] INFO  storage.RaftStorageDirectory (RaftStorageDirectory.java:tryLock(328)) - Lock on /workdir/hadoop-ozone/integration-test/target/test-dir/MiniOzoneClusterImpl-612f74f6-2a8c-4890-9791-609c93916e5a/datanode-1/data/ratis/717a569e-0e91-41cc-ba09-7b110d48bb51/in_use.lock acquired by nodename 9433@pr-hdds-1569-xtfnx-3545843844
2019-09-12 10:20:11,181 [pool-144-thread-1] INFO  storage.RaftStorage (RaftStorage.java:format(72)) - Storage directory /workdir/hadoop-ozone/integration-test/target/test-dir/MiniOzoneClusterImpl-612f74f6-2a8c-4890-9791-609c93916e5a/datanode-1/data/ratis/717a569e-0e91-41cc-ba09-7b110d48bb51 has been successfully formatted.
2019-09-12 10:20:11,181 [pool-144-thread-1] INFO  ratis.ContainerStateMachine (ContainerStateMachine.java:loadSnapshot(226)) - group-7B110D48BB51: The snapshot info is null. Setting the last applied indexto:(t:0, i:~)
2019-09-12 10:20:11,181 [pool-144-thread-1] INFO  server.RaftServerConfigKeys (ConfUtils.java:logGet(43)) - raft.server.leader.election.timeout = 120s (custom)
2019-09-12 10:20:11,182 [pool-144-thread-1] INFO  server.RaftServerConfigKeys (ConfUtils.java:logGet(43)) - raft.server.log.use.memory = false (default)
2019-09-12 10:20:11,182 [pool-144-thread-1] INFO  server.RaftServerConfigKeys (ConfUtils.java:logGet(43)) - raft.server.log.purge.gap = 1000000 (custom)
2019-09-12 10:20:11,182 [pool-144-thread-1] INFO  server.RaftServerConfigKeys (ConfUtils.java:logGet(43)) - raft.server.log.appender.buffer.byte-limit = 33554432 (custom)
2019-09-12 10:20:11,182 [pool-144-thread-1] INFO  server.RaftServerConfigKeys (ConfUtils.java:logGet(43)) - raft.server.log.segment.size.max = 1048576 (custom)
2019-09-12 10:20:11,182 [pool-144-thread-1] INFO  server.RaftServerConfigKeys (ConfUtils.java:logGet(43)) - raft.server.log.segment.cache.num.max = 2 (custom)
2019-09-12 10:20:11,182 [pool-144-thread-1] INFO  segmented.SegmentedRaftLogWorker (SegmentedRaftLogWorker.java:<init>(172)) - new ea975f8e-901d-47d9-83c9-43432336259b-SegmentedRaftLogWorker:Storage Directory /workdir/hadoop-ozone/integration-test/target/test-dir/MiniOzoneClusterImpl-612f74f6-2a8c-4890-9791-609c93916e5a/datanode-1/data/ratis/717a569e-0e91-41cc-ba09-7b110d48bb51 for RaftStorage:Storage Directory /workdir/hadoop-ozone/integration-test/target/test-dir/MiniOzoneClusterImpl-612f74f6-2a8c-4890-9791-609c93916e5a/datanode-1/data/ratis/717a569e-0e91-41cc-ba09-7b110d48bb51
2019-09-12 10:20:11,182 [pool-144-thread-1] INFO  server.RaftServerConfigKeys (ConfUtils.java:logGet(43)) - raft.server.log.queue.byte-limit = 2147483647 (custom)
2019-09-12 10:20:11,183 [pool-144-thread-1] INFO  server.RaftServerConfigKeys (ConfUtils.java:logGet(43)) - raft.server.log.queue.element-limit = 1024 (custom)
2019-09-12 10:20:11,183 [pool-144-thread-1] INFO  server.RaftServerConfigKeys (ConfUtils.java:logGet(43)) - raft.server.log.segment.size.max = 1048576 (custom)
2019-09-12 10:20:11,183 [pool-144-thread-1] INFO  server.RaftServerConfigKeys (ConfUtils.java:logGet(43)) - raft.server.log.preallocated.size = 16384 (custom)
2019-09-12 10:20:11,183 [pool-144-thread-1] INFO  server.RaftServerConfigKeys (ConfUtils.java:logGet(43)) - raft.server.log.write.buffer.size = 33554432 (custom)
2019-09-12 10:20:11,183 [pool-144-thread-1] INFO  server.RaftServerConfigKeys (ConfUtils.java:logGet(43)) - raft.server.log.force.sync.num = 128 (default)
2019-09-12 10:20:11,183 [pool-144-thread-1] INFO  server.RaftServerConfigKeys (ConfUtils.java:logGet(43)) - raft.server.log.statemachine.data.sync = true (default)
2019-09-12 10:20:11,183 [pool-144-thread-1] INFO  server.RaftServerConfigKeys (ConfUtils.java:logGet(43)) - raft.server.log.statemachine.data.sync.timeout = 10s (default)
2019-09-12 10:20:11,183 [pool-144-thread-1] INFO  server.RaftServerConfigKeys (ConfUtils.java:logGet(43)) - raft.server.log.statemachine.data.sync.timeout.retry = -1 (default)
2019-09-12 10:20:11,184 [pool-144-thread-1] INFO  server.RaftServerConfigKeys (ConfUtils.java:logGet(43)) - raft.server.log.statemachine.data.caching.enabled = true (custom)
2019-09-12 10:20:11,184 [pool-144-thread-1] INFO  segmented.SegmentedRaftLogWorker (SegmentedRaftLogWorker.java:lambda$new$0(132)) - ea975f8e-901d-47d9-83c9-43432336259b-SegmentedRaftLogWorker:Storage Directory /workdir/hadoop-ozone/integration-test/target/test-dir/MiniOzoneClusterImpl-612f74f6-2a8c-4890-9791-609c93916e5a/datanode-1/data/ratis/717a569e-0e91-41cc-ba09-7b110d48bb51: flushIndex: setUnconditionally 0 -> -1
2019-09-12 10:20:11,184 [pool-144-thread-1] INFO  server.RaftServerConfigKeys (ConfUtils.java:logGet(43)) - raft.server.snapshot.auto.trigger.enabled = true (custom)
2019-09-12 10:20:11,184 [pool-144-thread-1] INFO  server.RaftServerConfigKeys (ConfUtils.java:logGet(43)) - raft.server.snapshot.auto.trigger.threshold = 10000 (custom)
2019-09-12 10:20:11,185 [pool-144-thread-1] INFO  server.RaftServerConfigKeys (ConfUtils.java:logGet(43)) - raft.server.retrycache.expirytime = 600000ms (custom)
2019-09-12 10:20:11,185 [pool-144-thread-1] INFO  impl.RaftServerImpl (RaftServerImpl.java:start(180)) - ea975f8e-901d-47d9-83c9-43432336259b: start group-7B110D48BB51
2019-09-12 10:20:11,185 [pool-144-thread-1] INFO  impl.RaftServerImpl (RaftServerImpl.java:setRole(171)) - ea975f8e-901d-47d9-83c9-43432336259b:group-7B110D48BB51 changes role from null to FOLLOWER at term 0 for startAsFollower
2019-09-12 10:20:11,185 [pool-144-thread-1] INFO  impl.RoleInfo (RoleInfo.java:updateAndGet(143)) - ea975f8e-901d-47d9-83c9-43432336259b: start FollowerState
2019-09-12 10:20:11,186 [pool-144-thread-1] INFO  util.JmxRegister (JmxRegister.java:tryRegister(44)) - Successfully registered JMX Bean with object name Ratis:service=RaftServer,group=group-7B110D48BB51,id=ea975f8e-901d-47d9-83c9-43432336259b
2019-09-12 10:20:11,189 [RatisPipelineUtilsThread] INFO  pipeline.PipelineStateManager (PipelineStateManager.java:addPipeline(56)) - Created pipeline Pipeline[ Id: 717a569e-0e91-41cc-ba09-7b110d48bb51, Nodes: ea975f8e-901d-47d9-83c9-43432336259b{ip: 192.168.157.195, host: pr-hdds-1569-xtfnx-3545843844, networkLocation: /default-rack, certSerialId: null}, Type:RATIS, Factor:ONE, State:OPEN]
2019-09-12 10:20:11,190 [RatisPipelineUtilsThread] ERROR pipeline.PipelinePlacementPolicy (PipelinePlacementPolicy.java:meetCriteria(91)) - Pipeline Placement: Doesn't meet the criteria to be viable node. Heaviness: 6
2019-09-12 10:20:11,197 [grpc-default-executor-0] INFO  impl.RaftServerProxy (RaftServerProxy.java:addNew(89)) - ea975f8e-901d-47d9-83c9-43432336259b: addNew group-4A138822A81F:[ea975f8e-901d-47d9-83c9-43432336259b:192.168.157.195:33294] returns group-4A138822A81F:java.util.concurrent.CompletableFuture@4c0047f5[Not completed]
2019-09-12 10:20:11,198 [pool-144-thread-1] INFO  impl.RaftServerImpl (RaftServerImpl.java:<init>(93)) - ea975f8e-901d-47d9-83c9-43432336259b: new RaftServerImpl for group-4A138822A81F:[ea975f8e-901d-47d9-83c9-43432336259b:192.168.157.195:33294] with ContainerStateMachine:uninitialized
2019-09-12 10:20:11,198 [pool-144-thread-1] INFO  server.RaftServerConfigKeys (ConfUtils.java:logGet(43)) - raft.server.rpc.timeout.min = 5s (custom)
2019-09-12 10:20:11,198 [pool-144-thread-1] INFO  server.RaftServerConfigKeys (ConfUtils.java:logGet(43)) - raft.server.rpc.timeout.max = 5200ms (custom)
2019-09-12 10:20:11,198 [pool-144-thread-1] INFO  server.RaftServerConfigKeys (ConfUtils.java:logGet(43)) - raft.server.rpcslowness.timeout = 120s (custom)
2019-09-12 10:20:11,198 [pool-144-thread-1] INFO  server.RaftServerConfigKeys (ConfUtils.java:logGet(43)) - raft.server.sleep.deviation.threshold = 300 (default)
2019-09-12 10:20:11,199 [pool-144-thread-1] INFO  server.RaftServerConfigKeys (ConfUtils.java:logGet(43)) - raft.server.log.appender.install.snapshot.enabled = false (custom)
2019-09-12 10:20:11,199 [pool-144-thread-1] INFO  impl.RaftServerImpl (ServerState.java:<init>(105)) - ea975f8e-901d-47d9-83c9-43432336259b:group-4A138822A81F ConfigurationManager, init=-1: [ea975f8e-901d-47d9-83c9-43432336259b:192.168.157.195:33294], old=null, confs=<EMPTY_MAP>
2019-09-12 10:20:11,199 [pool-144-thread-1] INFO  server.RaftServerConfigKeys (ConfUtils.java:logGet(43)) - raft.server.storage.dir = [/workdir/hadoop-ozone/integration-test/target/test-dir/MiniOzoneClusterImpl-612f74f6-2a8c-4890-9791-609c93916e5a/datanode-1/data/ratis] (custom)
2019-09-12 10:20:11,199 [pool-144-thread-1] INFO  storage.RaftStorageDirectory (RaftStorageDirectory.java:analyzeStorage(246)) - The storage directory /workdir/hadoop-ozone/integration-test/target/test-dir/MiniOzoneClusterImpl-612f74f6-2a8c-4890-9791-609c93916e5a/datanode-1/data/ratis/26ac4326-724b-404d-91ab-4a138822a81f does not exist. Creating ...
2019-09-12 10:20:11,212 [pool-144-thread-1] INFO  storage.RaftStorageDirectory (RaftStorageDirectory.java:tryLock(328)) - Lock on /workdir/hadoop-ozone/integration-test/target/test-dir/MiniOzoneClusterImpl-612f74f6-2a8c-4890-9791-609c93916e5a/datanode-1/data/ratis/26ac4326-724b-404d-91ab-4a138822a81f/in_use.lock acquired by nodename 9433@pr-hdds-1569-xtfnx-3545843844
2019-09-12 10:20:11,225 [pool-144-thread-1] INFO  storage.RaftStorage (RaftStorage.java:format(72)) - Storage directory /workdir/hadoop-ozone/integration-test/target/test-dir/MiniOzoneClusterImpl-612f74f6-2a8c-4890-9791-609c93916e5a/datanode-1/data/ratis/26ac4326-724b-404d-91ab-4a138822a81f has been successfully formatted.
2019-09-12 10:20:11,225 [pool-144-thread-1] INFO  ratis.ContainerStateMachine (ContainerStateMachine.java:loadSnapshot(226)) - group-4A138822A81F: The snapshot info is null. Setting the last applied indexto:(t:0, i:~)
2019-09-12 10:20:11,225 [pool-144-thread-1] INFO  server.RaftServerConfigKeys (ConfUtils.java:logGet(43)) - raft.server.leader.election.timeout = 120s (custom)
2019-09-12 10:20:11,225 [pool-144-thread-1] INFO  server.RaftServerConfigKeys (ConfUtils.java:logGet(43)) - raft.server.log.use.memory = false (default)
2019-09-12 10:20:11,225 [pool-144-thread-1] INFO  server.RaftServerConfigKeys (ConfUtils.java:logGet(43)) - raft.server.log.purge.gap = 1000000 (custom)
2019-09-12 10:20:11,225 [pool-144-thread-1] INFO  server.RaftServerConfigKeys (ConfUtils.java:logGet(43)) - raft.server.log.appender.buffer.byte-limit = 33554432 (custom)
2019-09-12 10:20:11,226 [pool-144-thread-1] INFO  server.RaftServerConfigKeys (ConfUtils.java:logGet(43)) - raft.server.log.segment.size.max = 1048576 (custom)
2019-09-12 10:20:11,226 [pool-144-thread-1] INFO  server.RaftServerConfigKeys (ConfUtils.java:logGet(43)) - raft.server.log.segment.cache.num.max = 2 (custom)
2019-09-12 10:20:11,226 [pool-144-thread-1] INFO  segmented.SegmentedRaftLogWorker (SegmentedRaftLogWorker.java:<init>(172)) - new ea975f8e-901d-47d9-83c9-43432336259b-SegmentedRaftLogWorker:Storage Directory /workdir/hadoop-ozone/integration-test/target/test-dir/MiniOzoneClusterImpl-612f74f6-2a8c-4890-9791-609c93916e5a/datanode-1/data/ratis/26ac4326-724b-404d-91ab-4a138822a81f for RaftStorage:Storage Directory /workdir/hadoop-ozone/integration-test/target/test-dir/MiniOzoneClusterImpl-612f74f6-2a8c-4890-9791-609c93916e5a/datanode-1/data/ratis/26ac4326-724b-404d-91ab-4a138822a81f
2019-09-12 10:20:11,226 [pool-144-thread-1] INFO  server.RaftServerConfigKeys (ConfUtils.java:logGet(43)) - raft.server.log.queue.byte-limit = 2147483647 (custom)
2019-09-12 10:20:11,226 [pool-144-thread-1] INFO  server.RaftServerConfigKeys (ConfUtils.java:logGet(43)) - raft.server.log.queue.element-limit = 1024 (custom)
2019-09-12 10:20:11,226 [pool-144-thread-1] INFO  server.RaftServerConfigKeys (ConfUtils.java:logGet(43)) - raft.server.log.segment.size.max = 1048576 (custom)
2019-09-12 10:20:11,226 [pool-144-thread-1] INFO  server.RaftServerConfigKeys (ConfUtils.java:logGet(43)) - raft.server.log.preallocated.size = 16384 (custom)
2019-09-12 10:20:11,227 [pool-144-thread-1] INFO  server.RaftServerConfigKeys (ConfUtils.java:logGet(43)) - raft.server.log.write.buffer.size = 33554432 (custom)
2019-09-12 10:20:11,227 [pool-144-thread-1] INFO  server.RaftServerConfigKeys (ConfUtils.java:logGet(43)) - raft.server.log.force.sync.num = 128 (default)
2019-09-12 10:20:11,227 [pool-144-thread-1] INFO  server.RaftServerConfigKeys (ConfUtils.java:logGet(43)) - raft.server.log.statemachine.data.sync = true (default)
2019-09-12 10:20:11,227 [pool-144-thread-1] INFO  server.RaftServerConfigKeys (ConfUtils.java:logGet(43)) - raft.server.log.statemachine.data.sync.timeout = 10s (default)
2019-09-12 10:20:11,227 [pool-144-thread-1] INFO  server.RaftServerConfigKeys (ConfUtils.java:logGet(43)) - raft.server.log.statemachine.data.sync.timeout.retry = -1 (default)
2019-09-12 10:20:11,227 [pool-144-thread-1] INFO  server.RaftServerConfigKeys (ConfUtils.java:logGet(43)) - raft.server.log.statemachine.data.caching.enabled = true (custom)
2019-09-12 10:20:11,228 [pool-144-thread-1] INFO  segmented.SegmentedRaftLogWorker (SegmentedRaftLogWorker.java:lambda$new$0(132)) - ea975f8e-901d-47d9-83c9-43432336259b-SegmentedRaftLogWorker:Storage Directory /workdir/hadoop-ozone/integration-test/target/test-dir/MiniOzoneClusterImpl-612f74f6-2a8c-4890-9791-609c93916e5a/datanode-1/data/ratis/26ac4326-724b-404d-91ab-4a138822a81f: flushIndex: setUnconditionally 0 -> -1
2019-09-12 10:20:11,228 [pool-144-thread-1] INFO  server.RaftServerConfigKeys (ConfUtils.java:logGet(43)) - raft.server.snapshot.auto.trigger.enabled = true (custom)
2019-09-12 10:20:11,228 [pool-144-thread-1] INFO  server.RaftServerConfigKeys (ConfUtils.java:logGet(43)) - raft.server.snapshot.auto.trigger.threshold = 10000 (custom)
2019-09-12 10:20:11,228 [pool-144-thread-1] INFO  server.RaftServerConfigKeys (ConfUtils.java:logGet(43)) - raft.server.retrycache.expirytime = 600000ms (custom)
2019-09-12 10:20:11,229 [pool-144-thread-1] INFO  impl.RaftServerImpl (RaftServerImpl.java:start(180)) - ea975f8e-901d-47d9-83c9-43432336259b: start group-4A138822A81F
2019-09-12 10:20:11,229 [pool-144-thread-1] INFO  impl.RaftServerImpl (RaftServerImpl.java:setRole(171)) - ea975f8e-901d-47d9-83c9-43432336259b:group-4A138822A81F changes role from null to FOLLOWER at term 0 for startAsFollower
2019-09-12 10:20:11,229 [pool-144-thread-1] INFO  impl.RoleInfo (RoleInfo.java:updateAndGet(143)) - ea975f8e-901d-47d9-83c9-43432336259b: start FollowerState
2019-09-12 10:20:11,229 [pool-144-thread-1] INFO  util.JmxRegister (JmxRegister.java:tryRegister(44)) - Successfully registered JMX Bean with object name Ratis:service=RaftServer,group=group-4A138822A81F,id=ea975f8e-901d-47d9-83c9-43432336259b
2019-09-12 10:20:11,233 [RatisPipelineUtilsThread] INFO  pipeline.PipelineStateManager (PipelineStateManager.java:addPipeline(56)) - Created pipeline Pipeline[ Id: 26ac4326-724b-404d-91ab-4a138822a81f, Nodes: ea975f8e-901d-47d9-83c9-43432336259b{ip: 192.168.157.195, host: pr-hdds-1569-xtfnx-3545843844, networkLocation: /default-rack, certSerialId: null}, Type:RATIS, Factor:ONE, State:OPEN]
2019-09-12 10:20:11,233 [RatisPipelineUtilsThread] ERROR pipeline.PipelinePlacementPolicy (PipelinePlacementPolicy.java:meetCriteria(91)) - Pipeline Placement: Doesn't meet the criteria to be viable node. Heaviness: 6
2019-09-12 10:20:11,240 [grpc-default-executor-0] INFO  impl.RaftServerProxy (RaftServerProxy.java:addNew(89)) - ea975f8e-901d-47d9-83c9-43432336259b: addNew group-E8F9316E41D6:[ea975f8e-901d-47d9-83c9-43432336259b:192.168.157.195:33294] returns group-E8F9316E41D6:java.util.concurrent.CompletableFuture@569b76b5[Not completed]
2019-09-12 10:20:11,241 [pool-144-thread-1] INFO  impl.RaftServerImpl (RaftServerImpl.java:<init>(93)) - ea975f8e-901d-47d9-83c9-43432336259b: new RaftServerImpl for group-E8F9316E41D6:[ea975f8e-901d-47d9-83c9-43432336259b:192.168.157.195:33294] with ContainerStateMachine:uninitialized
2019-09-12 10:20:11,241 [pool-144-thread-1] INFO  server.RaftServerConfigKeys (ConfUtils.java:logGet(43)) - raft.server.rpc.timeout.min = 5s (custom)
2019-09-12 10:20:11,242 [pool-144-thread-1] INFO  server.RaftServerConfigKeys (ConfUtils.java:logGet(43)) - raft.server.rpc.timeout.max = 5200ms (custom)
2019-09-12 10:20:11,242 [pool-144-thread-1] INFO  server.RaftServerConfigKeys (ConfUtils.java:logGet(43)) - raft.server.rpcslowness.timeout = 120s (custom)
2019-09-12 10:20:11,242 [pool-144-thread-1] INFO  server.RaftServerConfigKeys (ConfUtils.java:logGet(43)) - raft.server.sleep.deviation.threshold = 300 (default)
2019-09-12 10:20:11,242 [pool-144-thread-1] INFO  server.RaftServerConfigKeys (ConfUtils.java:logGet(43)) - raft.server.log.appender.install.snapshot.enabled = false (custom)
2019-09-12 10:20:11,242 [pool-144-thread-1] INFO  impl.RaftServerImpl (ServerState.java:<init>(105)) - ea975f8e-901d-47d9-83c9-43432336259b:group-E8F9316E41D6 ConfigurationManager, init=-1: [ea975f8e-901d-47d9-83c9-43432336259b:192.168.157.195:33294], old=null, confs=<EMPTY_MAP>
2019-09-12 10:20:11,242 [pool-144-thread-1] INFO  server.RaftServerConfigKeys (ConfUtils.java:logGet(43)) - raft.server.storage.dir = [/workdir/hadoop-ozone/integration-test/target/test-dir/MiniOzoneClusterImpl-612f74f6-2a8c-4890-9791-609c93916e5a/datanode-1/data/ratis] (custom)
2019-09-12 10:20:11,243 [pool-144-thread-1] INFO  storage.RaftStorageDirectory (RaftStorageDirectory.java:analyzeStorage(246)) - The storage directory /workdir/hadoop-ozone/integration-test/target/test-dir/MiniOzoneClusterImpl-612f74f6-2a8c-4890-9791-609c93916e5a/datanode-1/data/ratis/e407f0e1-564f-4975-99ae-e8f9316e41d6 does not exist. Creating ...
2019-09-12 10:20:11,245 [main] INFO  ozone.MiniOzoneClusterImpl (MiniOzoneClusterImpl.java:lambda$waitForClusterToBeReady$0(142)) - Waiting for cluster to be ready. Got 2 of 3 DN Heartbeats.
2019-09-12 10:20:11,250 [IPC Server handler 14 on 44251] INFO  net.NetworkTopology (NetworkTopologyImpl.java:add(110)) - Added a new node: /default-rack/544a1983-7fe2-414f-ab8e-445659a3ebbd
2019-09-12 10:20:11,250 [IPC Server handler 14 on 44251] INFO  node.SCMNodeManager (SCMNodeManager.java:register(273)) - Registered Data node : 544a1983-7fe2-414f-ab8e-445659a3ebbd{ip: 192.168.157.195, host: pr-hdds-1569-xtfnx-3545843844, networkLocation: /default-rack, certSerialId: null}
2019-09-12 10:20:11,250 | INFO  | SCMAudit | user=jenkins1000 | ip=192.168.157.195 | op=REGISTER {datanodeDetails=544a1983-7fe2-414f-ab8e-445659a3ebbd{ip: 192.168.157.195, host: pr-hdds-1569-xtfnx-3545843844, networkLocation: /default-rack, certSerialId: null}} | ret=SUCCESS |  
2019-09-12 10:20:11,255 [pool-144-thread-1] INFO  storage.RaftStorageDirectory (RaftStorageDirectory.java:tryLock(328)) - Lock on /workdir/hadoop-ozone/integration-test/target/test-dir/MiniOzoneClusterImpl-612f74f6-2a8c-4890-9791-609c93916e5a/datanode-1/data/ratis/e407f0e1-564f-4975-99ae-e8f9316e41d6/in_use.lock acquired by nodename 9433@pr-hdds-1569-xtfnx-3545843844
2019-09-12 10:20:11,268 [pool-144-thread-1] INFO  storage.RaftStorage (RaftStorage.java:format(72)) - Storage directory /workdir/hadoop-ozone/integration-test/target/test-dir/MiniOzoneClusterImpl-612f74f6-2a8c-4890-9791-609c93916e5a/datanode-1/data/ratis/e407f0e1-564f-4975-99ae-e8f9316e41d6 has been successfully formatted.
2019-09-12 10:20:11,268 [pool-144-thread-1] INFO  ratis.ContainerStateMachine (ContainerStateMachine.java:loadSnapshot(226)) - group-E8F9316E41D6: The snapshot info is null. Setting the last applied indexto:(t:0, i:~)
2019-09-12 10:20:11,269 [pool-144-thread-1] INFO  server.RaftServerConfigKeys (ConfUtils.java:logGet(43)) - raft.server.leader.election.timeout = 120s (custom)
2019-09-12 10:20:11,269 [pool-144-thread-1] INFO  server.RaftServerConfigKeys (ConfUtils.java:logGet(43)) - raft.server.log.use.memory = false (default)
2019-09-12 10:20:11,269 [pool-144-thread-1] INFO  server.RaftServerConfigKeys (ConfUtils.java:logGet(43)) - raft.server.log.purge.gap = 1000000 (custom)
2019-09-12 10:20:11,269 [pool-144-thread-1] INFO  server.RaftServerConfigKeys (ConfUtils.java:logGet(43)) - raft.server.log.appender.buffer.byte-limit = 33554432 (custom)
2019-09-12 10:20:11,269 [pool-144-thread-1] INFO  server.RaftServerConfigKeys (ConfUtils.java:logGet(43)) - raft.server.log.segment.size.max = 1048576 (custom)
2019-09-12 10:20:11,269 [pool-144-thread-1] INFO  server.RaftServerConfigKeys (ConfUtils.java:logGet(43)) - raft.server.log.segment.cache.num.max = 2 (custom)
2019-09-12 10:20:11,269 [pool-144-thread-1] INFO  segmented.SegmentedRaftLogWorker (SegmentedRaftLogWorker.java:<init>(172)) - new ea975f8e-901d-47d9-83c9-43432336259b-SegmentedRaftLogWorker:Storage Directory /workdir/hadoop-ozone/integration-test/target/test-dir/MiniOzoneClusterImpl-612f74f6-2a8c-4890-9791-609c93916e5a/datanode-1/data/ratis/e407f0e1-564f-4975-99ae-e8f9316e41d6 for RaftStorage:Storage Directory /workdir/hadoop-ozone/integration-test/target/test-dir/MiniOzoneClusterImpl-612f74f6-2a8c-4890-9791-609c93916e5a/datanode-1/data/ratis/e407f0e1-564f-4975-99ae-e8f9316e41d6
2019-09-12 10:20:11,270 [pool-144-thread-1] INFO  server.RaftServerConfigKeys (ConfUtils.java:logGet(43)) - raft.server.log.queue.byte-limit = 2147483647 (custom)
2019-09-12 10:20:11,270 [pool-144-thread-1] INFO  server.RaftServerConfigKeys (ConfUtils.java:logGet(43)) - raft.server.log.queue.element-limit = 1024 (custom)
2019-09-12 10:20:11,270 [pool-144-thread-1] INFO  server.RaftServerConfigKeys (ConfUtils.java:logGet(43)) - raft.server.log.segment.size.max = 1048576 (custom)
2019-09-12 10:20:11,270 [pool-144-thread-1] INFO  server.RaftServerConfigKeys (ConfUtils.java:logGet(43)) - raft.server.log.preallocated.size = 16384 (custom)
2019-09-12 10:20:11,270 [pool-144-thread-1] INFO  server.RaftServerConfigKeys (ConfUtils.java:logGet(43)) - raft.server.log.write.buffer.size = 33554432 (custom)
2019-09-12 10:20:11,270 [pool-144-thread-1] INFO  server.RaftServerConfigKeys (ConfUtils.java:logGet(43)) - raft.server.log.force.sync.num = 128 (default)
2019-09-12 10:20:11,270 [pool-144-thread-1] INFO  server.RaftServerConfigKeys (ConfUtils.java:logGet(43)) - raft.server.log.statemachine.data.sync = true (default)
2019-09-12 10:20:11,271 [pool-144-thread-1] INFO  server.RaftServerConfigKeys (ConfUtils.java:logGet(43)) - raft.server.log.statemachine.data.sync.timeout = 10s (default)
2019-09-12 10:20:11,271 [pool-144-thread-1] INFO  server.RaftServerConfigKeys (ConfUtils.java:logGet(43)) - raft.server.log.statemachine.data.sync.timeout.retry = -1 (default)
2019-09-12 10:20:11,271 [pool-144-thread-1] INFO  server.RaftServerConfigKeys (ConfUtils.java:logGet(43)) - raft.server.log.statemachine.data.caching.enabled = true (custom)
2019-09-12 10:20:11,271 [pool-144-thread-1] INFO  segmented.SegmentedRaftLogWorker (SegmentedRaftLogWorker.java:lambda$new$0(132)) - ea975f8e-901d-47d9-83c9-43432336259b-SegmentedRaftLogWorker:Storage Directory /workdir/hadoop-ozone/integration-test/target/test-dir/MiniOzoneClusterImpl-612f74f6-2a8c-4890-9791-609c93916e5a/datanode-1/data/ratis/e407f0e1-564f-4975-99ae-e8f9316e41d6: flushIndex: setUnconditionally 0 -> -1
2019-09-12 10:20:11,272 [pool-144-thread-1] INFO  server.RaftServerConfigKeys (ConfUtils.java:logGet(43)) - raft.server.snapshot.auto.trigger.enabled = true (custom)
2019-09-12 10:20:11,272 [pool-144-thread-1] INFO  server.RaftServerConfigKeys (ConfUtils.java:logGet(43)) - raft.server.snapshot.auto.trigger.threshold = 10000 (custom)
2019-09-12 10:20:11,272 [pool-144-thread-1] INFO  server.RaftServerConfigKeys (ConfUtils.java:logGet(43)) - raft.server.retrycache.expirytime = 600000ms (custom)
2019-09-12 10:20:11,272 [pool-144-thread-1] INFO  impl.RaftServerImpl (RaftServerImpl.java:start(180)) - ea975f8e-901d-47d9-83c9-43432336259b: start group-E8F9316E41D6
2019-09-12 10:20:11,272 [pool-144-thread-1] INFO  impl.RaftServerImpl (RaftServerImpl.java:setRole(171)) - ea975f8e-901d-47d9-83c9-43432336259b:group-E8F9316E41D6 changes role from null to FOLLOWER at term 0 for startAsFollower
2019-09-12 10:20:11,272 [pool-144-thread-1] INFO  impl.RoleInfo (RoleInfo.java:updateAndGet(143)) - ea975f8e-901d-47d9-83c9-43432336259b: start FollowerState
2019-09-12 10:20:11,273 [pool-144-thread-1] INFO  util.JmxRegister (JmxRegister.java:tryRegister(44)) - Successfully registered JMX Bean with object name Ratis:service=RaftServer,group=group-E8F9316E41D6,id=ea975f8e-901d-47d9-83c9-43432336259b
2019-09-12 10:20:11,276 [RatisPipelineUtilsThread] INFO  pipeline.PipelineStateManager (PipelineStateManager.java:addPipeline(56)) - Created pipeline Pipeline[ Id: e407f0e1-564f-4975-99ae-e8f9316e41d6, Nodes: ea975f8e-901d-47d9-83c9-43432336259b{ip: 192.168.157.195, host: pr-hdds-1569-xtfnx-3545843844, networkLocation: /default-rack, certSerialId: null}, Type:RATIS, Factor:ONE, State:OPEN]
2019-09-12 10:20:11,276 [RatisPipelineUtilsThread] ERROR pipeline.PipelinePlacementPolicy (PipelinePlacementPolicy.java:meetCriteria(91)) - Pipeline Placement: Doesn't meet the criteria to be viable node. Heaviness: 6
2019-09-12 10:20:11,282 [grpc-default-executor-0] INFO  impl.RaftServerProxy (RaftServerProxy.java:addNew(89)) - ea975f8e-901d-47d9-83c9-43432336259b: addNew group-90093961A082:[ea975f8e-901d-47d9-83c9-43432336259b:192.168.157.195:33294] returns group-90093961A082:java.util.concurrent.CompletableFuture@71e557a0[Not completed]
2019-09-12 10:20:11,283 [pool-144-thread-1] INFO  impl.RaftServerImpl (RaftServerImpl.java:<init>(93)) - ea975f8e-901d-47d9-83c9-43432336259b: new RaftServerImpl for group-90093961A082:[ea975f8e-901d-47d9-83c9-43432336259b:192.168.157.195:33294] with ContainerStateMachine:uninitialized
2019-09-12 10:20:11,283 [pool-144-thread-1] INFO  server.RaftServerConfigKeys (ConfUtils.java:logGet(43)) - raft.server.rpc.timeout.min = 5s (custom)
2019-09-12 10:20:11,284 [pool-144-thread-1] INFO  server.RaftServerConfigKeys (ConfUtils.java:logGet(43)) - raft.server.rpc.timeout.max = 5200ms (custom)
2019-09-12 10:20:11,284 [pool-144-thread-1] INFO  server.RaftServerConfigKeys (ConfUtils.java:logGet(43)) - raft.server.rpcslowness.timeout = 120s (custom)
2019-09-12 10:20:11,284 [pool-144-thread-1] INFO  server.RaftServerConfigKeys (ConfUtils.java:logGet(43)) - raft.server.sleep.deviation.threshold = 300 (default)
2019-09-12 10:20:11,284 [pool-144-thread-1] INFO  server.RaftServerConfigKeys (ConfUtils.java:logGet(43)) - raft.server.log.appender.install.snapshot.enabled = false (custom)
2019-09-12 10:20:11,284 [pool-144-thread-1] INFO  impl.RaftServerImpl (ServerState.java:<init>(105)) - ea975f8e-901d-47d9-83c9-43432336259b:group-90093961A082 ConfigurationManager, init=-1: [ea975f8e-901d-47d9-83c9-43432336259b:192.168.157.195:33294], old=null, confs=<EMPTY_MAP>
2019-09-12 10:20:11,284 [pool-144-thread-1] INFO  server.RaftServerConfigKeys (ConfUtils.java:logGet(43)) - raft.server.storage.dir = [/workdir/hadoop-ozone/integration-test/target/test-dir/MiniOzoneClusterImpl-612f74f6-2a8c-4890-9791-609c93916e5a/datanode-1/data/ratis] (custom)
2019-09-12 10:20:11,285 [pool-144-thread-1] INFO  storage.RaftStorageDirectory (RaftStorageDirectory.java:analyzeStorage(246)) - The storage directory /workdir/hadoop-ozone/integration-test/target/test-dir/MiniOzoneClusterImpl-612f74f6-2a8c-4890-9791-609c93916e5a/datanode-1/data/ratis/6cb486d9-c59b-46c8-a349-90093961a082 does not exist. Creating ...
2019-09-12 10:20:11,297 [pool-144-thread-1] INFO  storage.RaftStorageDirectory (RaftStorageDirectory.java:tryLock(328)) - Lock on /workdir/hadoop-ozone/integration-test/target/test-dir/MiniOzoneClusterImpl-612f74f6-2a8c-4890-9791-609c93916e5a/datanode-1/data/ratis/6cb486d9-c59b-46c8-a349-90093961a082/in_use.lock acquired by nodename 9433@pr-hdds-1569-xtfnx-3545843844
2019-09-12 10:20:11,310 [pool-144-thread-1] INFO  storage.RaftStorage (RaftStorage.java:format(72)) - Storage directory /workdir/hadoop-ozone/integration-test/target/test-dir/MiniOzoneClusterImpl-612f74f6-2a8c-4890-9791-609c93916e5a/datanode-1/data/ratis/6cb486d9-c59b-46c8-a349-90093961a082 has been successfully formatted.
2019-09-12 10:20:11,310 [pool-144-thread-1] INFO  ratis.ContainerStateMachine (ContainerStateMachine.java:loadSnapshot(226)) - group-90093961A082: The snapshot info is null. Setting the last applied indexto:(t:0, i:~)
2019-09-12 10:20:11,310 [pool-144-thread-1] INFO  server.RaftServerConfigKeys (ConfUtils.java:logGet(43)) - raft.server.leader.election.timeout = 120s (custom)
2019-09-12 10:20:11,311 [pool-144-thread-1] INFO  server.RaftServerConfigKeys (ConfUtils.java:logGet(43)) - raft.server.log.use.memory = false (default)
2019-09-12 10:20:11,311 [pool-144-thread-1] INFO  server.RaftServerConfigKeys (ConfUtils.java:logGet(43)) - raft.server.log.purge.gap = 1000000 (custom)
2019-09-12 10:20:11,311 [pool-144-thread-1] INFO  server.RaftServerConfigKeys (ConfUtils.java:logGet(43)) - raft.server.log.appender.buffer.byte-limit = 33554432 (custom)
2019-09-12 10:20:11,311 [pool-144-thread-1] INFO  server.RaftServerConfigKeys (ConfUtils.java:logGet(43)) - raft.server.log.segment.size.max = 1048576 (custom)
2019-09-12 10:20:11,311 [pool-144-thread-1] INFO  server.RaftServerConfigKeys (ConfUtils.java:logGet(43)) - raft.server.log.segment.cache.num.max = 2 (custom)
2019-09-12 10:20:11,311 [pool-144-thread-1] INFO  segmented.SegmentedRaftLogWorker (SegmentedRaftLogWorker.java:<init>(172)) - new ea975f8e-901d-47d9-83c9-43432336259b-SegmentedRaftLogWorker:Storage Directory /workdir/hadoop-ozone/integration-test/target/test-dir/MiniOzoneClusterImpl-612f74f6-2a8c-4890-9791-609c93916e5a/datanode-1/data/ratis/6cb486d9-c59b-46c8-a349-90093961a082 for RaftStorage:Storage Directory /workdir/hadoop-ozone/integration-test/target/test-dir/MiniOzoneClusterImpl-612f74f6-2a8c-4890-9791-609c93916e5a/datanode-1/data/ratis/6cb486d9-c59b-46c8-a349-90093961a082
2019-09-12 10:20:11,312 [pool-144-thread-1] INFO  server.RaftServerConfigKeys (ConfUtils.java:logGet(43)) - raft.server.log.queue.byte-limit = 2147483647 (custom)
2019-09-12 10:20:11,312 [pool-144-thread-1] INFO  server.RaftServerConfigKeys (ConfUtils.java:logGet(43)) - raft.server.log.queue.element-limit = 1024 (custom)
2019-09-12 10:20:11,312 [pool-144-thread-1] INFO  server.RaftServerConfigKeys (ConfUtils.java:logGet(43)) - raft.server.log.segment.size.max = 1048576 (custom)
2019-09-12 10:20:11,312 [pool-144-thread-1] INFO  server.RaftServerConfigKeys (ConfUtils.java:logGet(43)) - raft.server.log.preallocated.size = 16384 (custom)
2019-09-12 10:20:11,312 [pool-144-thread-1] INFO  server.RaftServerConfigKeys (ConfUtils.java:logGet(43)) - raft.server.log.write.buffer.size = 33554432 (custom)
2019-09-12 10:20:11,312 [pool-144-thread-1] INFO  server.RaftServerConfigKeys (ConfUtils.java:logGet(43)) - raft.server.log.force.sync.num = 128 (default)
2019-09-12 10:20:11,313 [pool-144-thread-1] INFO  server.RaftServerConfigKeys (ConfUtils.java:logGet(43)) - raft.server.log.statemachine.data.sync = true (default)
2019-09-12 10:20:11,313 [pool-144-thread-1] INFO  server.RaftServerConfigKeys (ConfUtils.java:logGet(43)) - raft.server.log.statemachine.data.sync.timeout = 10s (default)
2019-09-12 10:20:11,313 [pool-144-thread-1] INFO  server.RaftServerConfigKeys (ConfUtils.java:logGet(43)) - raft.server.log.statemachine.data.sync.timeout.retry = -1 (default)
2019-09-12 10:20:11,313 [pool-144-thread-1] INFO  server.RaftServerConfigKeys (ConfUtils.java:logGet(43)) - raft.server.log.statemachine.data.caching.enabled = true (custom)
2019-09-12 10:20:11,313 [pool-144-thread-1] INFO  segmented.SegmentedRaftLogWorker (SegmentedRaftLogWorker.java:lambda$new$0(132)) - ea975f8e-901d-47d9-83c9-43432336259b-SegmentedRaftLogWorker:Storage Directory /workdir/hadoop-ozone/integration-test/target/test-dir/MiniOzoneClusterImpl-612f74f6-2a8c-4890-9791-609c93916e5a/datanode-1/data/ratis/6cb486d9-c59b-46c8-a349-90093961a082: flushIndex: setUnconditionally 0 -> -1
2019-09-12 10:20:11,314 [pool-144-thread-1] INFO  server.RaftServerConfigKeys (ConfUtils.java:logGet(43)) - raft.server.snapshot.auto.trigger.enabled = true (custom)
2019-09-12 10:20:11,314 [pool-144-thread-1] INFO  server.RaftServerConfigKeys (ConfUtils.java:logGet(43)) - raft.server.snapshot.auto.trigger.threshold = 10000 (custom)
2019-09-12 10:20:11,314 [pool-144-thread-1] INFO  server.RaftServerConfigKeys (ConfUtils.java:logGet(43)) - raft.server.retrycache.expirytime = 600000ms (custom)
2019-09-12 10:20:11,314 [pool-144-thread-1] INFO  impl.RaftServerImpl (RaftServerImpl.java:start(180)) - ea975f8e-901d-47d9-83c9-43432336259b: start group-90093961A082
2019-09-12 10:20:11,314 [pool-144-thread-1] INFO  impl.RaftServerImpl (RaftServerImpl.java:setRole(171)) - ea975f8e-901d-47d9-83c9-43432336259b:group-90093961A082 changes role from null to FOLLOWER at term 0 for startAsFollower
2019-09-12 10:20:11,314 [pool-144-thread-1] INFO  impl.RoleInfo (RoleInfo.java:updateAndGet(143)) - ea975f8e-901d-47d9-83c9-43432336259b: start FollowerState
2019-09-12 10:20:11,315 [pool-144-thread-1] INFO  util.JmxRegister (JmxRegister.java:tryRegister(44)) - Successfully registered JMX Bean with object name Ratis:service=RaftServer,group=group-90093961A082,id=ea975f8e-901d-47d9-83c9-43432336259b
2019-09-12 10:20:11,318 [RatisPipelineUtilsThread] INFO  pipeline.PipelineStateManager (PipelineStateManager.java:addPipeline(56)) - Created pipeline Pipeline[ Id: 6cb486d9-c59b-46c8-a349-90093961a082, Nodes: ea975f8e-901d-47d9-83c9-43432336259b{ip: 192.168.157.195, host: pr-hdds-1569-xtfnx-3545843844, networkLocation: /default-rack, certSerialId: null}, Type:RATIS, Factor:ONE, State:OPEN]
2019-09-12 10:20:11,318 [RatisPipelineUtilsThread] ERROR pipeline.PipelinePlacementPolicy (PipelinePlacementPolicy.java:meetCriteria(91)) - Pipeline Placement: Doesn't meet the criteria to be viable node. Heaviness: 6
2019-09-12 10:20:11,318 [RatisPipelineUtilsThread] ERROR pipeline.PipelinePlacementPolicy (PipelinePlacementPolicy.java:meetCriteria(91)) - Pipeline Placement: Doesn't meet the criteria to be viable node. Heaviness: 6
2019-09-12 10:20:11,327 [grpc-default-executor-0] INFO  impl.RaftServerProxy (RaftServerProxy.java:addNew(89)) - 544a1983-7fe2-414f-ab8e-445659a3ebbd: addNew group-793A2085E1FF:[544a1983-7fe2-414f-ab8e-445659a3ebbd:192.168.157.195:46339] returns group-793A2085E1FF:java.util.concurrent.CompletableFuture@503c846b[Not completed]
2019-09-12 10:20:11,329 [pool-155-thread-1] INFO  impl.RaftServerImpl (RaftServerImpl.java:<init>(93)) - 544a1983-7fe2-414f-ab8e-445659a3ebbd: new RaftServerImpl for group-793A2085E1FF:[544a1983-7fe2-414f-ab8e-445659a3ebbd:192.168.157.195:46339] with ContainerStateMachine:uninitialized
2019-09-12 10:20:11,329 [pool-155-thread-1] INFO  server.RaftServerConfigKeys (ConfUtils.java:logGet(43)) - raft.server.rpc.timeout.min = 5s (custom)
2019-09-12 10:20:11,329 [pool-155-thread-1] INFO  server.RaftServerConfigKeys (ConfUtils.java:logGet(43)) - raft.server.rpc.timeout.max = 5200ms (custom)
2019-09-12 10:20:11,329 [pool-155-thread-1] INFO  server.RaftServerConfigKeys (ConfUtils.java:logGet(43)) - raft.server.rpcslowness.timeout = 120s (custom)
2019-09-12 10:20:11,329 [pool-155-thread-1] INFO  server.RaftServerConfigKeys (ConfUtils.java:logGet(43)) - raft.server.sleep.deviation.threshold = 300 (default)
2019-09-12 10:20:11,330 [pool-155-thread-1] INFO  server.RaftServerConfigKeys (ConfUtils.java:logGet(43)) - raft.server.log.appender.install.snapshot.enabled = false (custom)
2019-09-12 10:20:11,330 [pool-155-thread-1] INFO  impl.RaftServerImpl (ServerState.java:<init>(105)) - 544a1983-7fe2-414f-ab8e-445659a3ebbd:group-793A2085E1FF ConfigurationManager, init=-1: [544a1983-7fe2-414f-ab8e-445659a3ebbd:192.168.157.195:46339], old=null, confs=<EMPTY_MAP>
2019-09-12 10:20:11,330 [pool-155-thread-1] INFO  server.RaftServerConfigKeys (ConfUtils.java:logGet(43)) - raft.server.storage.dir = [/workdir/hadoop-ozone/integration-test/target/test-dir/MiniOzoneClusterImpl-612f74f6-2a8c-4890-9791-609c93916e5a/datanode-2/data/ratis] (custom)
2019-09-12 10:20:11,330 [pool-155-thread-1] INFO  storage.RaftStorageDirectory (RaftStorageDirectory.java:analyzeStorage(246)) - The storage directory /workdir/hadoop-ozone/integration-test/target/test-dir/MiniOzoneClusterImpl-612f74f6-2a8c-4890-9791-609c93916e5a/datanode-2/data/ratis/31443aba-52b8-4232-87f3-793a2085e1ff does not exist. Creating ...
2019-09-12 10:20:11,342 [pool-155-thread-1] INFO  storage.RaftStorageDirectory (RaftStorageDirectory.java:tryLock(328)) - Lock on /workdir/hadoop-ozone/integration-test/target/test-dir/MiniOzoneClusterImpl-612f74f6-2a8c-4890-9791-609c93916e5a/datanode-2/data/ratis/31443aba-52b8-4232-87f3-793a2085e1ff/in_use.lock acquired by nodename 9433@pr-hdds-1569-xtfnx-3545843844
2019-09-12 10:20:11,361 [pool-155-thread-1] INFO  storage.RaftStorage (RaftStorage.java:format(72)) - Storage directory /workdir/hadoop-ozone/integration-test/target/test-dir/MiniOzoneClusterImpl-612f74f6-2a8c-4890-9791-609c93916e5a/datanode-2/data/ratis/31443aba-52b8-4232-87f3-793a2085e1ff has been successfully formatted.
2019-09-12 10:20:11,362 [pool-155-thread-1] INFO  ratis.ContainerStateMachine (ContainerStateMachine.java:loadSnapshot(226)) - group-793A2085E1FF: The snapshot info is null. Setting the last applied indexto:(t:0, i:~)
2019-09-12 10:20:11,362 [pool-155-thread-1] INFO  server.RaftServerConfigKeys (ConfUtils.java:logGet(43)) - raft.server.leader.election.timeout = 120s (custom)
2019-09-12 10:20:11,362 [pool-155-thread-1] INFO  server.RaftServerConfigKeys (ConfUtils.java:logGet(43)) - raft.server.log.use.memory = false (default)
2019-09-12 10:20:11,362 [pool-155-thread-1] INFO  server.RaftServerConfigKeys (ConfUtils.java:logGet(43)) - raft.server.log.purge.gap = 1000000 (custom)
2019-09-12 10:20:11,363 [pool-155-thread-1] INFO  server.RaftServerConfigKeys (ConfUtils.java:logGet(43)) - raft.server.log.appender.buffer.byte-limit = 33554432 (custom)
2019-09-12 10:20:11,363 [pool-155-thread-1] INFO  server.RaftServerConfigKeys (ConfUtils.java:logGet(43)) - raft.server.log.segment.size.max = 1048576 (custom)
2019-09-12 10:20:11,363 [pool-155-thread-1] INFO  server.RaftServerConfigKeys (ConfUtils.java:logGet(43)) - raft.server.log.segment.cache.num.max = 2 (custom)
2019-09-12 10:20:11,363 [pool-155-thread-1] INFO  segmented.SegmentedRaftLogWorker (SegmentedRaftLogWorker.java:<init>(172)) - new 544a1983-7fe2-414f-ab8e-445659a3ebbd-SegmentedRaftLogWorker:Storage Directory /workdir/hadoop-ozone/integration-test/target/test-dir/MiniOzoneClusterImpl-612f74f6-2a8c-4890-9791-609c93916e5a/datanode-2/data/ratis/31443aba-52b8-4232-87f3-793a2085e1ff for RaftStorage:Storage Directory /workdir/hadoop-ozone/integration-test/target/test-dir/MiniOzoneClusterImpl-612f74f6-2a8c-4890-9791-609c93916e5a/datanode-2/data/ratis/31443aba-52b8-4232-87f3-793a2085e1ff
2019-09-12 10:20:11,363 [pool-155-thread-1] INFO  server.RaftServerConfigKeys (ConfUtils.java:logGet(43)) - raft.server.log.queue.byte-limit = 2147483647 (custom)
2019-09-12 10:20:11,364 [pool-155-thread-1] INFO  server.RaftServerConfigKeys (ConfUtils.java:logGet(43)) - raft.server.log.queue.element-limit = 1024 (custom)
2019-09-12 10:20:11,364 [pool-155-thread-1] INFO  server.RaftServerConfigKeys (ConfUtils.java:logGet(43)) - raft.server.log.segment.size.max = 1048576 (custom)
2019-09-12 10:20:11,364 [pool-155-thread-1] INFO  server.RaftServerConfigKeys (ConfUtils.java:logGet(43)) - raft.server.log.preallocated.size = 16384 (custom)
2019-09-12 10:20:11,364 [pool-155-thread-1] INFO  server.RaftServerConfigKeys (ConfUtils.java:logGet(43)) - raft.server.log.write.buffer.size = 33554432 (custom)
2019-09-12 10:20:11,364 [pool-155-thread-1] INFO  server.RaftServerConfigKeys (ConfUtils.java:logGet(43)) - raft.server.log.force.sync.num = 128 (default)
2019-09-12 10:20:11,365 [pool-155-thread-1] INFO  server.RaftServerConfigKeys (ConfUtils.java:logGet(43)) - raft.server.log.statemachine.data.sync = true (default)
2019-09-12 10:20:11,365 [pool-155-thread-1] INFO  server.RaftServerConfigKeys (ConfUtils.java:logGet(43)) - raft.server.log.statemachine.data.sync.timeout = 10s (default)
2019-09-12 10:20:11,365 [pool-155-thread-1] INFO  server.RaftServerConfigKeys (ConfUtils.java:logGet(43)) - raft.server.log.statemachine.data.sync.timeout.retry = -1 (default)
2019-09-12 10:20:11,365 [pool-155-thread-1] INFO  server.RaftServerConfigKeys (ConfUtils.java:logGet(43)) - raft.server.log.statemachine.data.caching.enabled = true (custom)
2019-09-12 10:20:11,366 [pool-155-thread-1] INFO  segmented.SegmentedRaftLogWorker (SegmentedRaftLogWorker.java:lambda$new$0(132)) - 544a1983-7fe2-414f-ab8e-445659a3ebbd-SegmentedRaftLogWorker:Storage Directory /workdir/hadoop-ozone/integration-test/target/test-dir/MiniOzoneClusterImpl-612f74f6-2a8c-4890-9791-609c93916e5a/datanode-2/data/ratis/31443aba-52b8-4232-87f3-793a2085e1ff: flushIndex: setUnconditionally 0 -> -1
2019-09-12 10:20:11,366 [pool-155-thread-1] INFO  server.RaftServerConfigKeys (ConfUtils.java:logGet(43)) - raft.server.snapshot.auto.trigger.enabled = true (custom)
2019-09-12 10:20:11,366 [pool-155-thread-1] INFO  server.RaftServerConfigKeys (ConfUtils.java:logGet(43)) - raft.server.snapshot.auto.trigger.threshold = 10000 (custom)
2019-09-12 10:20:11,367 [pool-155-thread-1] INFO  server.RaftServerConfigKeys (ConfUtils.java:logGet(43)) - raft.server.retrycache.expirytime = 600000ms (custom)
2019-09-12 10:20:11,367 [pool-155-thread-1] INFO  impl.RaftServerImpl (RaftServerImpl.java:start(180)) - 544a1983-7fe2-414f-ab8e-445659a3ebbd: start group-793A2085E1FF
2019-09-12 10:20:11,367 [pool-155-thread-1] INFO  impl.RaftServerImpl (RaftServerImpl.java:setRole(171)) - 544a1983-7fe2-414f-ab8e-445659a3ebbd:group-793A2085E1FF changes role from null to FOLLOWER at term 0 for startAsFollower
2019-09-12 10:20:11,367 [pool-155-thread-1] INFO  impl.RoleInfo (RoleInfo.java:updateAndGet(143)) - 544a1983-7fe2-414f-ab8e-445659a3ebbd: start FollowerState
2019-09-12 10:20:11,368 [pool-155-thread-1] INFO  util.JmxRegister (JmxRegister.java:tryRegister(44)) - Successfully registered JMX Bean with object name Ratis:service=RaftServer,group=group-793A2085E1FF,id=544a1983-7fe2-414f-ab8e-445659a3ebbd
2019-09-12 10:20:11,370 [RatisPipelineUtilsThread] INFO  pipeline.PipelineStateManager (PipelineStateManager.java:addPipeline(56)) - Created pipeline Pipeline[ Id: 31443aba-52b8-4232-87f3-793a2085e1ff, Nodes: 544a1983-7fe2-414f-ab8e-445659a3ebbd{ip: 192.168.157.195, host: pr-hdds-1569-xtfnx-3545843844, networkLocation: /default-rack, certSerialId: null}, Type:RATIS, Factor:ONE, State:OPEN]
2019-09-12 10:20:11,371 [RatisPipelineUtilsThread] ERROR pipeline.PipelinePlacementPolicy (PipelinePlacementPolicy.java:meetCriteria(91)) - Pipeline Placement: Doesn't meet the criteria to be viable node. Heaviness: 6
2019-09-12 10:20:11,371 [RatisPipelineUtilsThread] ERROR pipeline.PipelinePlacementPolicy (PipelinePlacementPolicy.java:meetCriteria(91)) - Pipeline Placement: Doesn't meet the criteria to be viable node. Heaviness: 6
2019-09-12 10:20:11,377 [grpc-default-executor-0] INFO  impl.RaftServerProxy (RaftServerProxy.java:addNew(89)) - 544a1983-7fe2-414f-ab8e-445659a3ebbd: addNew group-31AF135A2495:[544a1983-7fe2-414f-ab8e-445659a3ebbd:192.168.157.195:46339] returns group-31AF135A2495:java.util.concurrent.CompletableFuture@5ce74c13[Not completed]
2019-09-12 10:20:11,378 [pool-155-thread-1] INFO  impl.RaftServerImpl (RaftServerImpl.java:<init>(93)) - 544a1983-7fe2-414f-ab8e-445659a3ebbd: new RaftServerImpl for group-31AF135A2495:[544a1983-7fe2-414f-ab8e-445659a3ebbd:192.168.157.195:46339] with ContainerStateMachine:uninitialized
2019-09-12 10:20:11,378 [pool-155-thread-1] INFO  server.RaftServerConfigKeys (ConfUtils.java:logGet(43)) - raft.server.rpc.timeout.min = 5s (custom)
2019-09-12 10:20:11,379 [pool-155-thread-1] INFO  server.RaftServerConfigKeys (ConfUtils.java:logGet(43)) - raft.server.rpc.timeout.max = 5200ms (custom)
2019-09-12 10:20:11,379 [pool-155-thread-1] INFO  server.RaftServerConfigKeys (ConfUtils.java:logGet(43)) - raft.server.rpcslowness.timeout = 120s (custom)
2019-09-12 10:20:11,379 [pool-155-thread-1] INFO  server.RaftServerConfigKeys (ConfUtils.java:logGet(43)) - raft.server.sleep.deviation.threshold = 300 (default)
2019-09-12 10:20:11,379 [pool-155-thread-1] INFO  server.RaftServerConfigKeys (ConfUtils.java:logGet(43)) - raft.server.log.appender.install.snapshot.enabled = false (custom)
2019-09-12 10:20:11,379 [pool-155-thread-1] INFO  impl.RaftServerImpl (ServerState.java:<init>(105)) - 544a1983-7fe2-414f-ab8e-445659a3ebbd:group-31AF135A2495 ConfigurationManager, init=-1: [544a1983-7fe2-414f-ab8e-445659a3ebbd:192.168.157.195:46339], old=null, confs=<EMPTY_MAP>
2019-09-12 10:20:11,379 [pool-155-thread-1] INFO  server.RaftServerConfigKeys (ConfUtils.java:logGet(43)) - raft.server.storage.dir = [/workdir/hadoop-ozone/integration-test/target/test-dir/MiniOzoneClusterImpl-612f74f6-2a8c-4890-9791-609c93916e5a/datanode-2/data/ratis] (custom)
2019-09-12 10:20:11,380 [pool-155-thread-1] INFO  storage.RaftStorageDirectory (RaftStorageDirectory.java:analyzeStorage(246)) - The storage directory /workdir/hadoop-ozone/integration-test/target/test-dir/MiniOzoneClusterImpl-612f74f6-2a8c-4890-9791-609c93916e5a/datanode-2/data/ratis/fe7ede1e-ac51-46dc-8227-31af135a2495 does not exist. Creating ...
2019-09-12 10:20:11,395 [pool-155-thread-1] INFO  storage.RaftStorageDirectory (RaftStorageDirectory.java:tryLock(328)) - Lock on /workdir/hadoop-ozone/integration-test/target/test-dir/MiniOzoneClusterImpl-612f74f6-2a8c-4890-9791-609c93916e5a/datanode-2/data/ratis/fe7ede1e-ac51-46dc-8227-31af135a2495/in_use.lock acquired by nodename 9433@pr-hdds-1569-xtfnx-3545843844
2019-09-12 10:20:11,409 [pool-155-thread-1] INFO  storage.RaftStorage (RaftStorage.java:format(72)) - Storage directory /workdir/hadoop-ozone/integration-test/target/test-dir/MiniOzoneClusterImpl-612f74f6-2a8c-4890-9791-609c93916e5a/datanode-2/data/ratis/fe7ede1e-ac51-46dc-8227-31af135a2495 has been successfully formatted.
2019-09-12 10:20:11,409 [pool-155-thread-1] INFO  ratis.ContainerStateMachine (ContainerStateMachine.java:loadSnapshot(226)) - group-31AF135A2495: The snapshot info is null. Setting the last applied indexto:(t:0, i:~)
2019-09-12 10:20:11,409 [pool-155-thread-1] INFO  server.RaftServerConfigKeys (ConfUtils.java:logGet(43)) - raft.server.leader.election.timeout = 120s (custom)
2019-09-12 10:20:11,409 [pool-155-thread-1] INFO  server.RaftServerConfigKeys (ConfUtils.java:logGet(43)) - raft.server.log.use.memory = false (default)
2019-09-12 10:20:11,409 [pool-155-thread-1] INFO  server.RaftServerConfigKeys (ConfUtils.java:logGet(43)) - raft.server.log.purge.gap = 1000000 (custom)
2019-09-12 10:20:11,409 [pool-155-thread-1] INFO  server.RaftServerConfigKeys (ConfUtils.java:logGet(43)) - raft.server.log.appender.buffer.byte-limit = 33554432 (custom)
2019-09-12 10:20:11,410 [pool-155-thread-1] INFO  server.RaftServerConfigKeys (ConfUtils.java:logGet(43)) - raft.server.log.segment.size.max = 1048576 (custom)
2019-09-12 10:20:11,410 [pool-155-thread-1] INFO  server.RaftServerConfigKeys (ConfUtils.java:logGet(43)) - raft.server.log.segment.cache.num.max = 2 (custom)
2019-09-12 10:20:11,410 [pool-155-thread-1] INFO  segmented.SegmentedRaftLogWorker (SegmentedRaftLogWorker.java:<init>(172)) - new 544a1983-7fe2-414f-ab8e-445659a3ebbd-SegmentedRaftLogWorker:Storage Directory /workdir/hadoop-ozone/integration-test/target/test-dir/MiniOzoneClusterImpl-612f74f6-2a8c-4890-9791-609c93916e5a/datanode-2/data/ratis/fe7ede1e-ac51-46dc-8227-31af135a2495 for RaftStorage:Storage Directory /workdir/hadoop-ozone/integration-test/target/test-dir/MiniOzoneClusterImpl-612f74f6-2a8c-4890-9791-609c93916e5a/datanode-2/data/ratis/fe7ede1e-ac51-46dc-8227-31af135a2495
2019-09-12 10:20:11,410 [pool-155-thread-1] INFO  server.RaftServerConfigKeys (ConfUtils.java:logGet(43)) - raft.server.log.queue.byte-limit = 2147483647 (custom)
2019-09-12 10:20:11,410 [pool-155-thread-1] INFO  server.RaftServerConfigKeys (ConfUtils.java:logGet(43)) - raft.server.log.queue.element-limit = 1024 (custom)
2019-09-12 10:20:11,410 [pool-155-thread-1] INFO  server.RaftServerConfigKeys (ConfUtils.java:logGet(43)) - raft.server.log.segment.size.max = 1048576 (custom)
2019-09-12 10:20:11,411 [pool-155-thread-1] INFO  server.RaftServerConfigKeys (ConfUtils.java:logGet(43)) - raft.server.log.preallocated.size = 16384 (custom)
2019-09-12 10:20:11,411 [pool-155-thread-1] INFO  server.RaftServerConfigKeys (ConfUtils.java:logGet(43)) - raft.server.log.write.buffer.size = 33554432 (custom)
2019-09-12 10:20:11,411 [pool-155-thread-1] INFO  server.RaftServerConfigKeys (ConfUtils.java:logGet(43)) - raft.server.log.force.sync.num = 128 (default)
2019-09-12 10:20:11,411 [pool-155-thread-1] INFO  server.RaftServerConfigKeys (ConfUtils.java:logGet(43)) - raft.server.log.statemachine.data.sync = true (default)
2019-09-12 10:20:11,411 [pool-155-thread-1] INFO  server.RaftServerConfigKeys (ConfUtils.java:logGet(43)) - raft.server.log.statemachine.data.sync.timeout = 10s (default)
2019-09-12 10:20:11,411 [pool-155-thread-1] INFO  server.RaftServerConfigKeys (ConfUtils.java:logGet(43)) - raft.server.log.statemachine.data.sync.timeout.retry = -1 (default)
2019-09-12 10:20:11,411 [pool-155-thread-1] INFO  server.RaftServerConfigKeys (ConfUtils.java:logGet(43)) - raft.server.log.statemachine.data.caching.enabled = true (custom)
2019-09-12 10:20:11,412 [pool-155-thread-1] INFO  segmented.SegmentedRaftLogWorker (SegmentedRaftLogWorker.java:lambda$new$0(132)) - 544a1983-7fe2-414f-ab8e-445659a3ebbd-SegmentedRaftLogWorker:Storage Directory /workdir/hadoop-ozone/integration-test/target/test-dir/MiniOzoneClusterImpl-612f74f6-2a8c-4890-9791-609c93916e5a/datanode-2/data/ratis/fe7ede1e-ac51-46dc-8227-31af135a2495: flushIndex: setUnconditionally 0 -> -1
2019-09-12 10:20:11,412 [pool-155-thread-1] INFO  server.RaftServerConfigKeys (ConfUtils.java:logGet(43)) - raft.server.snapshot.auto.trigger.enabled = true (custom)
2019-09-12 10:20:11,412 [pool-155-thread-1] INFO  server.RaftServerConfigKeys (ConfUtils.java:logGet(43)) - raft.server.snapshot.auto.trigger.threshold = 10000 (custom)
2019-09-12 10:20:11,412 [pool-155-thread-1] INFO  server.RaftServerConfigKeys (ConfUtils.java:logGet(43)) - raft.server.retrycache.expirytime = 600000ms (custom)
2019-09-12 10:20:11,413 [pool-155-thread-1] INFO  impl.RaftServerImpl (RaftServerImpl.java:start(180)) - 544a1983-7fe2-414f-ab8e-445659a3ebbd: start group-31AF135A2495
2019-09-12 10:20:11,413 [pool-155-thread-1] INFO  impl.RaftServerImpl (RaftServerImpl.java:setRole(171)) - 544a1983-7fe2-414f-ab8e-445659a3ebbd:group-31AF135A2495 changes role from null to FOLLOWER at term 0 for startAsFollower
2019-09-12 10:20:11,413 [pool-155-thread-1] INFO  impl.RoleInfo (RoleInfo.java:updateAndGet(143)) - 544a1983-7fe2-414f-ab8e-445659a3ebbd: start FollowerState
2019-09-12 10:20:11,413 [pool-155-thread-1] INFO  util.JmxRegister (JmxRegister.java:tryRegister(44)) - Successfully registered JMX Bean with object name Ratis:service=RaftServer,group=group-31AF135A2495,id=544a1983-7fe2-414f-ab8e-445659a3ebbd
2019-09-12 10:20:11,416 [RatisPipelineUtilsThread] INFO  pipeline.PipelineStateManager (PipelineStateManager.java:addPipeline(56)) - Created pipeline Pipeline[ Id: fe7ede1e-ac51-46dc-8227-31af135a2495, Nodes: 544a1983-7fe2-414f-ab8e-445659a3ebbd{ip: 192.168.157.195, host: pr-hdds-1569-xtfnx-3545843844, networkLocation: /default-rack, certSerialId: null}, Type:RATIS, Factor:ONE, State:OPEN]
2019-09-12 10:20:11,417 [RatisPipelineUtilsThread] ERROR pipeline.PipelinePlacementPolicy (PipelinePlacementPolicy.java:meetCriteria(91)) - Pipeline Placement: Doesn't meet the criteria to be viable node. Heaviness: 6
2019-09-12 10:20:11,417 [RatisPipelineUtilsThread] ERROR pipeline.PipelinePlacementPolicy (PipelinePlacementPolicy.java:meetCriteria(91)) - Pipeline Placement: Doesn't meet the criteria to be viable node. Heaviness: 6
2019-09-12 10:20:11,425 [grpc-default-executor-0] INFO  impl.RaftServerProxy (RaftServerProxy.java:addNew(89)) - 544a1983-7fe2-414f-ab8e-445659a3ebbd: addNew group-934DECAC5F68:[544a1983-7fe2-414f-ab8e-445659a3ebbd:192.168.157.195:46339] returns group-934DECAC5F68:java.util.concurrent.CompletableFuture@2de08df7[Not completed]
2019-09-12 10:20:11,426 [pool-155-thread-1] INFO  impl.RaftServerImpl (RaftServerImpl.java:<init>(93)) - 544a1983-7fe2-414f-ab8e-445659a3ebbd: new RaftServerImpl for group-934DECAC5F68:[544a1983-7fe2-414f-ab8e-445659a3ebbd:192.168.157.195:46339] with ContainerStateMachine:uninitialized
2019-09-12 10:20:11,427 [pool-155-thread-1] INFO  server.RaftServerConfigKeys (ConfUtils.java:logGet(43)) - raft.server.rpc.timeout.min = 5s (custom)
2019-09-12 10:20:11,427 [pool-155-thread-1] INFO  server.RaftServerConfigKeys (ConfUtils.java:logGet(43)) - raft.server.rpc.timeout.max = 5200ms (custom)
2019-09-12 10:20:11,427 [pool-155-thread-1] INFO  server.RaftServerConfigKeys (ConfUtils.java:logGet(43)) - raft.server.rpcslowness.timeout = 120s (custom)
2019-09-12 10:20:11,427 [pool-155-thread-1] INFO  server.RaftServerConfigKeys (ConfUtils.java:logGet(43)) - raft.server.sleep.deviation.threshold = 300 (default)
2019-09-12 10:20:11,427 [pool-155-thread-1] INFO  server.RaftServerConfigKeys (ConfUtils.java:logGet(43)) - raft.server.log.appender.install.snapshot.enabled = false (custom)
2019-09-12 10:20:11,427 [pool-155-thread-1] INFO  impl.RaftServerImpl (ServerState.java:<init>(105)) - 544a1983-7fe2-414f-ab8e-445659a3ebbd:group-934DECAC5F68 ConfigurationManager, init=-1: [544a1983-7fe2-414f-ab8e-445659a3ebbd:192.168.157.195:46339], old=null, confs=<EMPTY_MAP>
2019-09-12 10:20:11,427 [pool-155-thread-1] INFO  server.RaftServerConfigKeys (ConfUtils.java:logGet(43)) - raft.server.storage.dir = [/workdir/hadoop-ozone/integration-test/target/test-dir/MiniOzoneClusterImpl-612f74f6-2a8c-4890-9791-609c93916e5a/datanode-2/data/ratis] (custom)
2019-09-12 10:20:11,428 [pool-155-thread-1] INFO  storage.RaftStorageDirectory (RaftStorageDirectory.java:analyzeStorage(246)) - The storage directory /workdir/hadoop-ozone/integration-test/target/test-dir/MiniOzoneClusterImpl-612f74f6-2a8c-4890-9791-609c93916e5a/datanode-2/data/ratis/02b5c6e9-6c84-43c5-91f9-934decac5f68 does not exist. Creating ...
2019-09-12 10:20:11,441 [pool-155-thread-1] INFO  storage.RaftStorageDirectory (RaftStorageDirectory.java:tryLock(328)) - Lock on /workdir/hadoop-ozone/integration-test/target/test-dir/MiniOzoneClusterImpl-612f74f6-2a8c-4890-9791-609c93916e5a/datanode-2/data/ratis/02b5c6e9-6c84-43c5-91f9-934decac5f68/in_use.lock acquired by nodename 9433@pr-hdds-1569-xtfnx-3545843844
2019-09-12 10:20:11,454 [pool-155-thread-1] INFO  storage.RaftStorage (RaftStorage.java:format(72)) - Storage directory /workdir/hadoop-ozone/integration-test/target/test-dir/MiniOzoneClusterImpl-612f74f6-2a8c-4890-9791-609c93916e5a/datanode-2/data/ratis/02b5c6e9-6c84-43c5-91f9-934decac5f68 has been successfully formatted.
2019-09-12 10:20:11,454 [pool-155-thread-1] INFO  ratis.ContainerStateMachine (ContainerStateMachine.java:loadSnapshot(226)) - group-934DECAC5F68: The snapshot info is null. Setting the last applied indexto:(t:0, i:~)
2019-09-12 10:20:11,454 [pool-155-thread-1] INFO  server.RaftServerConfigKeys (ConfUtils.java:logGet(43)) - raft.server.leader.election.timeout = 120s (custom)
2019-09-12 10:20:11,454 [pool-155-thread-1] INFO  server.RaftServerConfigKeys (ConfUtils.java:logGet(43)) - raft.server.log.use.memory = false (default)
2019-09-12 10:20:11,454 [pool-155-thread-1] INFO  server.RaftServerConfigKeys (ConfUtils.java:logGet(43)) - raft.server.log.purge.gap = 1000000 (custom)
2019-09-12 10:20:11,454 [pool-155-thread-1] INFO  server.RaftServerConfigKeys (ConfUtils.java:logGet(43)) - raft.server.log.appender.buffer.byte-limit = 33554432 (custom)
2019-09-12 10:20:11,455 [pool-155-thread-1] INFO  server.RaftServerConfigKeys (ConfUtils.java:logGet(43)) - raft.server.log.segment.size.max = 1048576 (custom)
2019-09-12 10:20:11,455 [pool-155-thread-1] INFO  server.RaftServerConfigKeys (ConfUtils.java:logGet(43)) - raft.server.log.segment.cache.num.max = 2 (custom)
2019-09-12 10:20:11,455 [pool-155-thread-1] INFO  segmented.SegmentedRaftLogWorker (SegmentedRaftLogWorker.java:<init>(172)) - new 544a1983-7fe2-414f-ab8e-445659a3ebbd-SegmentedRaftLogWorker:Storage Directory /workdir/hadoop-ozone/integration-test/target/test-dir/MiniOzoneClusterImpl-612f74f6-2a8c-4890-9791-609c93916e5a/datanode-2/data/ratis/02b5c6e9-6c84-43c5-91f9-934decac5f68 for RaftStorage:Storage Directory /workdir/hadoop-ozone/integration-test/target/test-dir/MiniOzoneClusterImpl-612f74f6-2a8c-4890-9791-609c93916e5a/datanode-2/data/ratis/02b5c6e9-6c84-43c5-91f9-934decac5f68
2019-09-12 10:20:11,455 [pool-155-thread-1] INFO  server.RaftServerConfigKeys (ConfUtils.java:logGet(43)) - raft.server.log.queue.byte-limit = 2147483647 (custom)
2019-09-12 10:20:11,455 [pool-155-thread-1] INFO  server.RaftServerConfigKeys (ConfUtils.java:logGet(43)) - raft.server.log.queue.element-limit = 1024 (custom)
2019-09-12 10:20:11,455 [pool-155-thread-1] INFO  server.RaftServerConfigKeys (ConfUtils.java:logGet(43)) - raft.server.log.segment.size.max = 1048576 (custom)
2019-09-12 10:20:11,455 [pool-155-thread-1] INFO  server.RaftServerConfigKeys (ConfUtils.java:logGet(43)) - raft.server.log.preallocated.size = 16384 (custom)
2019-09-12 10:20:11,455 [pool-155-thread-1] INFO  server.RaftServerConfigKeys (ConfUtils.java:logGet(43)) - raft.server.log.write.buffer.size = 33554432 (custom)
2019-09-12 10:20:11,455 [pool-155-thread-1] INFO  server.RaftServerConfigKeys (ConfUtils.java:logGet(43)) - raft.server.log.force.sync.num = 128 (default)
2019-09-12 10:20:11,456 [pool-155-thread-1] INFO  server.RaftServerConfigKeys (ConfUtils.java:logGet(43)) - raft.server.log.statemachine.data.sync = true (default)
2019-09-12 10:20:11,456 [pool-155-thread-1] INFO  server.RaftServerConfigKeys (ConfUtils.java:logGet(43)) - raft.server.log.statemachine.data.sync.timeout = 10s (default)
2019-09-12 10:20:11,456 [pool-155-thread-1] INFO  server.RaftServerConfigKeys (ConfUtils.java:logGet(43)) - raft.server.log.statemachine.data.sync.timeout.retry = -1 (default)
2019-09-12 10:20:11,456 [pool-155-thread-1] INFO  server.RaftServerConfigKeys (ConfUtils.java:logGet(43)) - raft.server.log.statemachine.data.caching.enabled = true (custom)
2019-09-12 10:20:11,456 [pool-155-thread-1] INFO  segmented.SegmentedRaftLogWorker (SegmentedRaftLogWorker.java:lambda$new$0(132)) - 544a1983-7fe2-414f-ab8e-445659a3ebbd-SegmentedRaftLogWorker:Storage Directory /workdir/hadoop-ozone/integration-test/target/test-dir/MiniOzoneClusterImpl-612f74f6-2a8c-4890-9791-609c93916e5a/datanode-2/data/ratis/02b5c6e9-6c84-43c5-91f9-934decac5f68: flushIndex: setUnconditionally 0 -> -1
2019-09-12 10:20:11,457 [pool-155-thread-1] INFO  server.RaftServerConfigKeys (ConfUtils.java:logGet(43)) - raft.server.snapshot.auto.trigger.enabled = true (custom)
2019-09-12 10:20:11,457 [pool-155-thread-1] INFO  server.RaftServerConfigKeys (ConfUtils.java:logGet(43)) - raft.server.snapshot.auto.trigger.threshold = 10000 (custom)
2019-09-12 10:20:11,457 [pool-155-thread-1] INFO  server.RaftServerConfigKeys (ConfUtils.java:logGet(43)) - raft.server.retrycache.expirytime = 600000ms (custom)
2019-09-12 10:20:11,457 [pool-155-thread-1] INFO  impl.RaftServerImpl (RaftServerImpl.java:start(180)) - 544a1983-7fe2-414f-ab8e-445659a3ebbd: start group-934DECAC5F68
2019-09-12 10:20:11,457 [pool-155-thread-1] INFO  impl.RaftServerImpl (RaftServerImpl.java:setRole(171)) - 544a1983-7fe2-414f-ab8e-445659a3ebbd:group-934DECAC5F68 changes role from null to FOLLOWER at term 0 for startAsFollower
2019-09-12 10:20:11,457 [pool-155-thread-1] INFO  impl.RoleInfo (RoleInfo.java:updateAndGet(143)) - 544a1983-7fe2-414f-ab8e-445659a3ebbd: start FollowerState
2019-09-12 10:20:11,458 [pool-155-thread-1] INFO  util.JmxRegister (JmxRegister.java:tryRegister(44)) - Successfully registered JMX Bean with object name Ratis:service=RaftServer,group=group-934DECAC5F68,id=544a1983-7fe2-414f-ab8e-445659a3ebbd
2019-09-12 10:20:11,461 [RatisPipelineUtilsThread] INFO  pipeline.PipelineStateManager (PipelineStateManager.java:addPipeline(56)) - Created pipeline Pipeline[ Id: 02b5c6e9-6c84-43c5-91f9-934decac5f68, Nodes: 544a1983-7fe2-414f-ab8e-445659a3ebbd{ip: 192.168.157.195, host: pr-hdds-1569-xtfnx-3545843844, networkLocation: /default-rack, certSerialId: null}, Type:RATIS, Factor:ONE, State:OPEN]
2019-09-12 10:20:11,461 [RatisPipelineUtilsThread] ERROR pipeline.PipelinePlacementPolicy (PipelinePlacementPolicy.java:meetCriteria(91)) - Pipeline Placement: Doesn't meet the criteria to be viable node. Heaviness: 6
2019-09-12 10:20:11,461 [RatisPipelineUtilsThread] ERROR pipeline.PipelinePlacementPolicy (PipelinePlacementPolicy.java:meetCriteria(91)) - Pipeline Placement: Doesn't meet the criteria to be viable node. Heaviness: 6
2019-09-12 10:20:11,468 [grpc-default-executor-0] INFO  impl.RaftServerProxy (RaftServerProxy.java:addNew(89)) - 544a1983-7fe2-414f-ab8e-445659a3ebbd: addNew group-92F304886870:[544a1983-7fe2-414f-ab8e-445659a3ebbd:192.168.157.195:46339] returns group-92F304886870:java.util.concurrent.CompletableFuture@3cc53a0a[Not completed]
2019-09-12 10:20:11,469 [pool-155-thread-1] INFO  impl.RaftServerImpl (RaftServerImpl.java:<init>(93)) - 544a1983-7fe2-414f-ab8e-445659a3ebbd: new RaftServerImpl for group-92F304886870:[544a1983-7fe2-414f-ab8e-445659a3ebbd:192.168.157.195:46339] with ContainerStateMachine:uninitialized
2019-09-12 10:20:11,469 [pool-155-thread-1] INFO  server.RaftServerConfigKeys (ConfUtils.java:logGet(43)) - raft.server.rpc.timeout.min = 5s (custom)
2019-09-12 10:20:11,469 [pool-155-thread-1] INFO  server.RaftServerConfigKeys (ConfUtils.java:logGet(43)) - raft.server.rpc.timeout.max = 5200ms (custom)
2019-09-12 10:20:11,470 [pool-155-thread-1] INFO  server.RaftServerConfigKeys (ConfUtils.java:logGet(43)) - raft.server.rpcslowness.timeout = 120s (custom)
2019-09-12 10:20:11,470 [pool-155-thread-1] INFO  server.RaftServerConfigKeys (ConfUtils.java:logGet(43)) - raft.server.sleep.deviation.threshold = 300 (default)
2019-09-12 10:20:11,470 [pool-155-thread-1] INFO  server.RaftServerConfigKeys (ConfUtils.java:logGet(43)) - raft.server.log.appender.install.snapshot.enabled = false (custom)
2019-09-12 10:20:11,470 [pool-155-thread-1] INFO  impl.RaftServerImpl (ServerState.java:<init>(105)) - 544a1983-7fe2-414f-ab8e-445659a3ebbd:group-92F304886870 ConfigurationManager, init=-1: [544a1983-7fe2-414f-ab8e-445659a3ebbd:192.168.157.195:46339], old=null, confs=<EMPTY_MAP>
2019-09-12 10:20:11,470 [pool-155-thread-1] INFO  server.RaftServerConfigKeys (ConfUtils.java:logGet(43)) - raft.server.storage.dir = [/workdir/hadoop-ozone/integration-test/target/test-dir/MiniOzoneClusterImpl-612f74f6-2a8c-4890-9791-609c93916e5a/datanode-2/data/ratis] (custom)
2019-09-12 10:20:11,471 [pool-155-thread-1] INFO  storage.RaftStorageDirectory (RaftStorageDirectory.java:analyzeStorage(246)) - The storage directory /workdir/hadoop-ozone/integration-test/target/test-dir/MiniOzoneClusterImpl-612f74f6-2a8c-4890-9791-609c93916e5a/datanode-2/data/ratis/5fc94322-9de2-42fc-8da6-92f304886870 does not exist. Creating ...
2019-09-12 10:20:11,484 [pool-155-thread-1] INFO  storage.RaftStorageDirectory (RaftStorageDirectory.java:tryLock(328)) - Lock on /workdir/hadoop-ozone/integration-test/target/test-dir/MiniOzoneClusterImpl-612f74f6-2a8c-4890-9791-609c93916e5a/datanode-2/data/ratis/5fc94322-9de2-42fc-8da6-92f304886870/in_use.lock acquired by nodename 9433@pr-hdds-1569-xtfnx-3545843844
2019-09-12 10:20:11,497 [pool-155-thread-1] INFO  storage.RaftStorage (RaftStorage.java:format(72)) - Storage directory /workdir/hadoop-ozone/integration-test/target/test-dir/MiniOzoneClusterImpl-612f74f6-2a8c-4890-9791-609c93916e5a/datanode-2/data/ratis/5fc94322-9de2-42fc-8da6-92f304886870 has been successfully formatted.
2019-09-12 10:20:11,497 [pool-155-thread-1] INFO  ratis.ContainerStateMachine (ContainerStateMachine.java:loadSnapshot(226)) - group-92F304886870: The snapshot info is null. Setting the last applied indexto:(t:0, i:~)
2019-09-12 10:20:11,497 [pool-155-thread-1] INFO  server.RaftServerConfigKeys (ConfUtils.java:logGet(43)) - raft.server.leader.election.timeout = 120s (custom)
2019-09-12 10:20:11,498 [pool-155-thread-1] INFO  server.RaftServerConfigKeys (ConfUtils.java:logGet(43)) - raft.server.log.use.memory = false (default)
2019-09-12 10:20:11,498 [pool-155-thread-1] INFO  server.RaftServerConfigKeys (ConfUtils.java:logGet(43)) - raft.server.log.purge.gap = 1000000 (custom)
2019-09-12 10:20:11,498 [pool-155-thread-1] INFO  server.RaftServerConfigKeys (ConfUtils.java:logGet(43)) - raft.server.log.appender.buffer.byte-limit = 33554432 (custom)
2019-09-12 10:20:11,498 [pool-155-thread-1] INFO  server.RaftServerConfigKeys (ConfUtils.java:logGet(43)) - raft.server.log.segment.size.max = 1048576 (custom)
2019-09-12 10:20:11,498 [pool-155-thread-1] INFO  server.RaftServerConfigKeys (ConfUtils.java:logGet(43)) - raft.server.log.segment.cache.num.max = 2 (custom)
2019-09-12 10:20:11,498 [pool-155-thread-1] INFO  segmented.SegmentedRaftLogWorker (SegmentedRaftLogWorker.java:<init>(172)) - new 544a1983-7fe2-414f-ab8e-445659a3ebbd-SegmentedRaftLogWorker:Storage Directory /workdir/hadoop-ozone/integration-test/target/test-dir/MiniOzoneClusterImpl-612f74f6-2a8c-4890-9791-609c93916e5a/datanode-2/data/ratis/5fc94322-9de2-42fc-8da6-92f304886870 for RaftStorage:Storage Directory /workdir/hadoop-ozone/integration-test/target/test-dir/MiniOzoneClusterImpl-612f74f6-2a8c-4890-9791-609c93916e5a/datanode-2/data/ratis/5fc94322-9de2-42fc-8da6-92f304886870
2019-09-12 10:20:11,499 [pool-155-thread-1] INFO  server.RaftServerConfigKeys (ConfUtils.java:logGet(43)) - raft.server.log.queue.byte-limit = 2147483647 (custom)
2019-09-12 10:20:11,499 [pool-155-thread-1] INFO  server.RaftServerConfigKeys (ConfUtils.java:logGet(43)) - raft.server.log.queue.element-limit = 1024 (custom)
2019-09-12 10:20:11,499 [pool-155-thread-1] INFO  server.RaftServerConfigKeys (ConfUtils.java:logGet(43)) - raft.server.log.segment.size.max = 1048576 (custom)
2019-09-12 10:20:11,499 [pool-155-thread-1] INFO  server.RaftServerConfigKeys (ConfUtils.java:logGet(43)) - raft.server.log.preallocated.size = 16384 (custom)
2019-09-12 10:20:11,499 [pool-155-thread-1] INFO  server.RaftServerConfigKeys (ConfUtils.java:logGet(43)) - raft.server.log.write.buffer.size = 33554432 (custom)
2019-09-12 10:20:11,499 [pool-155-thread-1] INFO  server.RaftServerConfigKeys (ConfUtils.java:logGet(43)) - raft.server.log.force.sync.num = 128 (default)
2019-09-12 10:20:11,500 [pool-155-thread-1] INFO  server.RaftServerConfigKeys (ConfUtils.java:logGet(43)) - raft.server.log.statemachine.data.sync = true (default)
2019-09-12 10:20:11,500 [pool-155-thread-1] INFO  server.RaftServerConfigKeys (ConfUtils.java:logGet(43)) - raft.server.log.statemachine.data.sync.timeout = 10s (default)
2019-09-12 10:20:11,500 [pool-155-thread-1] INFO  server.RaftServerConfigKeys (ConfUtils.java:logGet(43)) - raft.server.log.statemachine.data.sync.timeout.retry = -1 (default)
2019-09-12 10:20:11,500 [pool-155-thread-1] INFO  server.RaftServerConfigKeys (ConfUtils.java:logGet(43)) - raft.server.log.statemachine.data.caching.enabled = true (custom)
2019-09-12 10:20:11,500 [pool-155-thread-1] INFO  segmented.SegmentedRaftLogWorker (SegmentedRaftLogWorker.java:lambda$new$0(132)) - 544a1983-7fe2-414f-ab8e-445659a3ebbd-SegmentedRaftLogWorker:Storage Directory /workdir/hadoop-ozone/integration-test/target/test-dir/MiniOzoneClusterImpl-612f74f6-2a8c-4890-9791-609c93916e5a/datanode-2/data/ratis/5fc94322-9de2-42fc-8da6-92f304886870: flushIndex: setUnconditionally 0 -> -1
2019-09-12 10:20:11,501 [pool-155-thread-1] INFO  server.RaftServerConfigKeys (ConfUtils.java:logGet(43)) - raft.server.snapshot.auto.trigger.enabled = true (custom)
2019-09-12 10:20:11,501 [pool-155-thread-1] INFO  server.RaftServerConfigKeys (ConfUtils.java:logGet(43)) - raft.server.snapshot.auto.trigger.threshold = 10000 (custom)
2019-09-12 10:20:11,501 [pool-155-thread-1] INFO  server.RaftServerConfigKeys (ConfUtils.java:logGet(43)) - raft.server.retrycache.expirytime = 600000ms (custom)
2019-09-12 10:20:11,501 [pool-155-thread-1] INFO  impl.RaftServerImpl (RaftServerImpl.java:start(180)) - 544a1983-7fe2-414f-ab8e-445659a3ebbd: start group-92F304886870
2019-09-12 10:20:11,502 [pool-155-thread-1] INFO  impl.RaftServerImpl (RaftServerImpl.java:setRole(171)) - 544a1983-7fe2-414f-ab8e-445659a3ebbd:group-92F304886870 changes role from null to FOLLOWER at term 0 for startAsFollower
2019-09-12 10:20:11,502 [pool-155-thread-1] INFO  impl.RoleInfo (RoleInfo.java:updateAndGet(143)) - 544a1983-7fe2-414f-ab8e-445659a3ebbd: start FollowerState
2019-09-12 10:20:11,502 [pool-155-thread-1] INFO  util.JmxRegister (JmxRegister.java:tryRegister(44)) - Successfully registered JMX Bean with object name Ratis:service=RaftServer,group=group-92F304886870,id=544a1983-7fe2-414f-ab8e-445659a3ebbd
2019-09-12 10:20:11,505 [RatisPipelineUtilsThread] INFO  pipeline.PipelineStateManager (PipelineStateManager.java:addPipeline(56)) - Created pipeline Pipeline[ Id: 5fc94322-9de2-42fc-8da6-92f304886870, Nodes: 544a1983-7fe2-414f-ab8e-445659a3ebbd{ip: 192.168.157.195, host: pr-hdds-1569-xtfnx-3545843844, networkLocation: /default-rack, certSerialId: null}, Type:RATIS, Factor:ONE, State:OPEN]
2019-09-12 10:20:11,505 [RatisPipelineUtilsThread] ERROR pipeline.PipelinePlacementPolicy (PipelinePlacementPolicy.java:meetCriteria(91)) - Pipeline Placement: Doesn't meet the criteria to be viable node. Heaviness: 6
2019-09-12 10:20:11,506 [RatisPipelineUtilsThread] ERROR pipeline.PipelinePlacementPolicy (PipelinePlacementPolicy.java:meetCriteria(91)) - Pipeline Placement: Doesn't meet the criteria to be viable node. Heaviness: 6
2019-09-12 10:20:11,511 [grpc-default-executor-0] INFO  impl.RaftServerProxy (RaftServerProxy.java:addNew(89)) - 544a1983-7fe2-414f-ab8e-445659a3ebbd: addNew group-093650BBF68B:[544a1983-7fe2-414f-ab8e-445659a3ebbd:192.168.157.195:46339] returns group-093650BBF68B:java.util.concurrent.CompletableFuture@5680adc8[Not completed]
2019-09-12 10:20:11,513 [pool-155-thread-1] INFO  impl.RaftServerImpl (RaftServerImpl.java:<init>(93)) - 544a1983-7fe2-414f-ab8e-445659a3ebbd: new RaftServerImpl for group-093650BBF68B:[544a1983-7fe2-414f-ab8e-445659a3ebbd:192.168.157.195:46339] with ContainerStateMachine:uninitialized
2019-09-12 10:20:11,513 [pool-155-thread-1] INFO  server.RaftServerConfigKeys (ConfUtils.java:logGet(43)) - raft.server.rpc.timeout.min = 5s (custom)
2019-09-12 10:20:11,513 [pool-155-thread-1] INFO  server.RaftServerConfigKeys (ConfUtils.java:logGet(43)) - raft.server.rpc.timeout.max = 5200ms (custom)
2019-09-12 10:20:11,513 [pool-155-thread-1] INFO  server.RaftServerConfigKeys (ConfUtils.java:logGet(43)) - raft.server.rpcslowness.timeout = 120s (custom)
2019-09-12 10:20:11,513 [pool-155-thread-1] INFO  server.RaftServerConfigKeys (ConfUtils.java:logGet(43)) - raft.server.sleep.deviation.threshold = 300 (default)
2019-09-12 10:20:11,513 [pool-155-thread-1] INFO  server.RaftServerConfigKeys (ConfUtils.java:logGet(43)) - raft.server.log.appender.install.snapshot.enabled = false (custom)
2019-09-12 10:20:11,513 [pool-155-thread-1] INFO  impl.RaftServerImpl (ServerState.java:<init>(105)) - 544a1983-7fe2-414f-ab8e-445659a3ebbd:group-093650BBF68B ConfigurationManager, init=-1: [544a1983-7fe2-414f-ab8e-445659a3ebbd:192.168.157.195:46339], old=null, confs=<EMPTY_MAP>
2019-09-12 10:20:11,514 [pool-155-thread-1] INFO  server.RaftServerConfigKeys (ConfUtils.java:logGet(43)) - raft.server.storage.dir = [/workdir/hadoop-ozone/integration-test/target/test-dir/MiniOzoneClusterImpl-612f74f6-2a8c-4890-9791-609c93916e5a/datanode-2/data/ratis] (custom)
2019-09-12 10:20:11,514 [pool-155-thread-1] INFO  storage.RaftStorageDirectory (RaftStorageDirectory.java:analyzeStorage(246)) - The storage directory /workdir/hadoop-ozone/integration-test/target/test-dir/MiniOzoneClusterImpl-612f74f6-2a8c-4890-9791-609c93916e5a/datanode-2/data/ratis/d69ffbcf-b73e-40de-84f4-093650bbf68b does not exist. Creating ...
2019-09-12 10:20:11,527 [pool-155-thread-1] INFO  storage.RaftStorageDirectory (RaftStorageDirectory.java:tryLock(328)) - Lock on /workdir/hadoop-ozone/integration-test/target/test-dir/MiniOzoneClusterImpl-612f74f6-2a8c-4890-9791-609c93916e5a/datanode-2/data/ratis/d69ffbcf-b73e-40de-84f4-093650bbf68b/in_use.lock acquired by nodename 9433@pr-hdds-1569-xtfnx-3545843844
2019-09-12 10:20:11,539 [pool-155-thread-1] INFO  storage.RaftStorage (RaftStorage.java:format(72)) - Storage directory /workdir/hadoop-ozone/integration-test/target/test-dir/MiniOzoneClusterImpl-612f74f6-2a8c-4890-9791-609c93916e5a/datanode-2/data/ratis/d69ffbcf-b73e-40de-84f4-093650bbf68b has been successfully formatted.
2019-09-12 10:20:11,540 [pool-155-thread-1] INFO  ratis.ContainerStateMachine (ContainerStateMachine.java:loadSnapshot(226)) - group-093650BBF68B: The snapshot info is null. Setting the last applied indexto:(t:0, i:~)
2019-09-12 10:20:11,540 [pool-155-thread-1] INFO  server.RaftServerConfigKeys (ConfUtils.java:logGet(43)) - raft.server.leader.election.timeout = 120s (custom)
2019-09-12 10:20:11,540 [pool-155-thread-1] INFO  server.RaftServerConfigKeys (ConfUtils.java:logGet(43)) - raft.server.log.use.memory = false (default)
2019-09-12 10:20:11,540 [pool-155-thread-1] INFO  server.RaftServerConfigKeys (ConfUtils.java:logGet(43)) - raft.server.log.purge.gap = 1000000 (custom)
2019-09-12 10:20:11,540 [pool-155-thread-1] INFO  server.RaftServerConfigKeys (ConfUtils.java:logGet(43)) - raft.server.log.appender.buffer.byte-limit = 33554432 (custom)
2019-09-12 10:20:11,541 [pool-155-thread-1] INFO  server.RaftServerConfigKeys (ConfUtils.java:logGet(43)) - raft.server.log.segment.size.max = 1048576 (custom)
2019-09-12 10:20:11,541 [pool-155-thread-1] INFO  server.RaftServerConfigKeys (ConfUtils.java:logGet(43)) - raft.server.log.segment.cache.num.max = 2 (custom)
2019-09-12 10:20:11,541 [pool-155-thread-1] INFO  segmented.SegmentedRaftLogWorker (SegmentedRaftLogWorker.java:<init>(172)) - new 544a1983-7fe2-414f-ab8e-445659a3ebbd-SegmentedRaftLogWorker:Storage Directory /workdir/hadoop-ozone/integration-test/target/test-dir/MiniOzoneClusterImpl-612f74f6-2a8c-4890-9791-609c93916e5a/datanode-2/data/ratis/d69ffbcf-b73e-40de-84f4-093650bbf68b for RaftStorage:Storage Directory /workdir/hadoop-ozone/integration-test/target/test-dir/MiniOzoneClusterImpl-612f74f6-2a8c-4890-9791-609c93916e5a/datanode-2/data/ratis/d69ffbcf-b73e-40de-84f4-093650bbf68b
2019-09-12 10:20:11,541 [pool-155-thread-1] INFO  server.RaftServerConfigKeys (ConfUtils.java:logGet(43)) - raft.server.log.queue.byte-limit = 2147483647 (custom)
2019-09-12 10:20:11,541 [pool-155-thread-1] INFO  server.RaftServerConfigKeys (ConfUtils.java:logGet(43)) - raft.server.log.queue.element-limit = 1024 (custom)
2019-09-12 10:20:11,541 [pool-155-thread-1] INFO  server.RaftServerConfigKeys (ConfUtils.java:logGet(43)) - raft.server.log.segment.size.max = 1048576 (custom)
2019-09-12 10:20:11,542 [pool-155-thread-1] INFO  server.RaftServerConfigKeys (ConfUtils.java:logGet(43)) - raft.server.log.preallocated.size = 16384 (custom)
2019-09-12 10:20:11,542 [pool-155-thread-1] INFO  server.RaftServerConfigKeys (ConfUtils.java:logGet(43)) - raft.server.log.write.buffer.size = 33554432 (custom)
2019-09-12 10:20:11,542 [pool-155-thread-1] INFO  server.RaftServerConfigKeys (ConfUtils.java:logGet(43)) - raft.server.log.force.sync.num = 128 (default)
2019-09-12 10:20:11,542 [pool-155-thread-1] INFO  server.RaftServerConfigKeys (ConfUtils.java:logGet(43)) - raft.server.log.statemachine.data.sync = true (default)
2019-09-12 10:20:11,542 [pool-155-thread-1] INFO  server.RaftServerConfigKeys (ConfUtils.java:logGet(43)) - raft.server.log.statemachine.data.sync.timeout = 10s (default)
2019-09-12 10:20:11,542 [pool-155-thread-1] INFO  server.RaftServerConfigKeys (ConfUtils.java:logGet(43)) - raft.server.log.statemachine.data.sync.timeout.retry = -1 (default)
2019-09-12 10:20:11,543 [pool-155-thread-1] INFO  server.RaftServerConfigKeys (ConfUtils.java:logGet(43)) - raft.server.log.statemachine.data.caching.enabled = true (custom)
2019-09-12 10:20:11,543 [pool-155-thread-1] INFO  segmented.SegmentedRaftLogWorker (SegmentedRaftLogWorker.java:lambda$new$0(132)) - 544a1983-7fe2-414f-ab8e-445659a3ebbd-SegmentedRaftLogWorker:Storage Directory /workdir/hadoop-ozone/integration-test/target/test-dir/MiniOzoneClusterImpl-612f74f6-2a8c-4890-9791-609c93916e5a/datanode-2/data/ratis/d69ffbcf-b73e-40de-84f4-093650bbf68b: flushIndex: setUnconditionally 0 -> -1
2019-09-12 10:20:11,543 [pool-155-thread-1] INFO  server.RaftServerConfigKeys (ConfUtils.java:logGet(43)) - raft.server.snapshot.auto.trigger.enabled = true (custom)
2019-09-12 10:20:11,543 [pool-155-thread-1] INFO  server.RaftServerConfigKeys (ConfUtils.java:logGet(43)) - raft.server.snapshot.auto.trigger.threshold = 10000 (custom)
2019-09-12 10:20:11,544 [pool-155-thread-1] INFO  server.RaftServerConfigKeys (ConfUtils.java:logGet(43)) - raft.server.retrycache.expirytime = 600000ms (custom)
2019-09-12 10:20:11,544 [pool-155-thread-1] INFO  impl.RaftServerImpl (RaftServerImpl.java:start(180)) - 544a1983-7fe2-414f-ab8e-445659a3ebbd: start group-093650BBF68B
2019-09-12 10:20:11,544 [pool-155-thread-1] INFO  impl.RaftServerImpl (RaftServerImpl.java:setRole(171)) - 544a1983-7fe2-414f-ab8e-445659a3ebbd:group-093650BBF68B changes role from null to FOLLOWER at term 0 for startAsFollower
2019-09-12 10:20:11,544 [pool-155-thread-1] INFO  impl.RoleInfo (RoleInfo.java:updateAndGet(143)) - 544a1983-7fe2-414f-ab8e-445659a3ebbd: start FollowerState
2019-09-12 10:20:11,545 [pool-155-thread-1] INFO  util.JmxRegister (JmxRegister.java:tryRegister(44)) - Successfully registered JMX Bean with object name Ratis:service=RaftServer,group=group-093650BBF68B,id=544a1983-7fe2-414f-ab8e-445659a3ebbd
2019-09-12 10:20:11,548 [RatisPipelineUtilsThread] INFO  pipeline.PipelineStateManager (PipelineStateManager.java:addPipeline(56)) - Created pipeline Pipeline[ Id: d69ffbcf-b73e-40de-84f4-093650bbf68b, Nodes: 544a1983-7fe2-414f-ab8e-445659a3ebbd{ip: 192.168.157.195, host: pr-hdds-1569-xtfnx-3545843844, networkLocation: /default-rack, certSerialId: null}, Type:RATIS, Factor:ONE, State:OPEN]
2019-09-12 10:20:11,548 [RatisPipelineUtilsThread] ERROR pipeline.PipelinePlacementPolicy (PipelinePlacementPolicy.java:meetCriteria(91)) - Pipeline Placement: Doesn't meet the criteria to be viable node. Heaviness: 6
2019-09-12 10:20:11,549 [RatisPipelineUtilsThread] ERROR pipeline.PipelinePlacementPolicy (PipelinePlacementPolicy.java:meetCriteria(91)) - Pipeline Placement: Doesn't meet the criteria to be viable node. Heaviness: 6
2019-09-12 10:20:11,554 [grpc-default-executor-0] INFO  impl.RaftServerProxy (RaftServerProxy.java:addNew(89)) - 544a1983-7fe2-414f-ab8e-445659a3ebbd: addNew group-6E69AE9CB4AE:[544a1983-7fe2-414f-ab8e-445659a3ebbd:192.168.157.195:46339] returns group-6E69AE9CB4AE:java.util.concurrent.CompletableFuture@3a494732[Not completed]
2019-09-12 10:20:11,556 [pool-155-thread-1] INFO  impl.RaftServerImpl (RaftServerImpl.java:<init>(93)) - 544a1983-7fe2-414f-ab8e-445659a3ebbd: new RaftServerImpl for group-6E69AE9CB4AE:[544a1983-7fe2-414f-ab8e-445659a3ebbd:192.168.157.195:46339] with ContainerStateMachine:uninitialized
2019-09-12 10:20:11,556 [pool-155-thread-1] INFO  server.RaftServerConfigKeys (ConfUtils.java:logGet(43)) - raft.server.rpc.timeout.min = 5s (custom)
2019-09-12 10:20:11,556 [pool-155-thread-1] INFO  server.RaftServerConfigKeys (ConfUtils.java:logGet(43)) - raft.server.rpc.timeout.max = 5200ms (custom)
2019-09-12 10:20:11,556 [pool-155-thread-1] INFO  server.RaftServerConfigKeys (ConfUtils.java:logGet(43)) - raft.server.rpcslowness.timeout = 120s (custom)
2019-09-12 10:20:11,556 [pool-155-thread-1] INFO  server.RaftServerConfigKeys (ConfUtils.java:logGet(43)) - raft.server.sleep.deviation.threshold = 300 (default)
2019-09-12 10:20:11,556 [pool-155-thread-1] INFO  server.RaftServerConfigKeys (ConfUtils.java:logGet(43)) - raft.server.log.appender.install.snapshot.enabled = false (custom)
2019-09-12 10:20:11,556 [pool-155-thread-1] INFO  impl.RaftServerImpl (ServerState.java:<init>(105)) - 544a1983-7fe2-414f-ab8e-445659a3ebbd:group-6E69AE9CB4AE ConfigurationManager, init=-1: [544a1983-7fe2-414f-ab8e-445659a3ebbd:192.168.157.195:46339], old=null, confs=<EMPTY_MAP>
2019-09-12 10:20:11,557 [pool-155-thread-1] INFO  server.RaftServerConfigKeys (ConfUtils.java:logGet(43)) - raft.server.storage.dir = [/workdir/hadoop-ozone/integration-test/target/test-dir/MiniOzoneClusterImpl-612f74f6-2a8c-4890-9791-609c93916e5a/datanode-2/data/ratis] (custom)
2019-09-12 10:20:11,557 [pool-155-thread-1] INFO  storage.RaftStorageDirectory (RaftStorageDirectory.java:analyzeStorage(246)) - The storage directory /workdir/hadoop-ozone/integration-test/target/test-dir/MiniOzoneClusterImpl-612f74f6-2a8c-4890-9791-609c93916e5a/datanode-2/data/ratis/0d24347a-7964-4257-b385-6e69ae9cb4ae does not exist. Creating ...
2019-09-12 10:20:11,569 [pool-155-thread-1] INFO  storage.RaftStorageDirectory (RaftStorageDirectory.java:tryLock(328)) - Lock on /workdir/hadoop-ozone/integration-test/target/test-dir/MiniOzoneClusterImpl-612f74f6-2a8c-4890-9791-609c93916e5a/datanode-2/data/ratis/0d24347a-7964-4257-b385-6e69ae9cb4ae/in_use.lock acquired by nodename 9433@pr-hdds-1569-xtfnx-3545843844
2019-09-12 10:20:11,582 [pool-155-thread-1] INFO  storage.RaftStorage (RaftStorage.java:format(72)) - Storage directory /workdir/hadoop-ozone/integration-test/target/test-dir/MiniOzoneClusterImpl-612f74f6-2a8c-4890-9791-609c93916e5a/datanode-2/data/ratis/0d24347a-7964-4257-b385-6e69ae9cb4ae has been successfully formatted.
2019-09-12 10:20:11,582 [pool-155-thread-1] INFO  ratis.ContainerStateMachine (ContainerStateMachine.java:loadSnapshot(226)) - group-6E69AE9CB4AE: The snapshot info is null. Setting the last applied indexto:(t:0, i:~)
2019-09-12 10:20:11,582 [pool-155-thread-1] INFO  server.RaftServerConfigKeys (ConfUtils.java:logGet(43)) - raft.server.leader.election.timeout = 120s (custom)
2019-09-12 10:20:11,583 [pool-155-thread-1] INFO  server.RaftServerConfigKeys (ConfUtils.java:logGet(43)) - raft.server.log.use.memory = false (default)
2019-09-12 10:20:11,583 [pool-155-thread-1] INFO  server.RaftServerConfigKeys (ConfUtils.java:logGet(43)) - raft.server.log.purge.gap = 1000000 (custom)
2019-09-12 10:20:11,583 [pool-155-thread-1] INFO  server.RaftServerConfigKeys (ConfUtils.java:logGet(43)) - raft.server.log.appender.buffer.byte-limit = 33554432 (custom)
2019-09-12 10:20:11,583 [pool-155-thread-1] INFO  server.RaftServerConfigKeys (ConfUtils.java:logGet(43)) - raft.server.log.segment.size.max = 1048576 (custom)
2019-09-12 10:20:11,583 [pool-155-thread-1] INFO  server.RaftServerConfigKeys (ConfUtils.java:logGet(43)) - raft.server.log.segment.cache.num.max = 2 (custom)
2019-09-12 10:20:11,583 [pool-155-thread-1] INFO  segmented.SegmentedRaftLogWorker (SegmentedRaftLogWorker.java:<init>(172)) - new 544a1983-7fe2-414f-ab8e-445659a3ebbd-SegmentedRaftLogWorker:Storage Directory /workdir/hadoop-ozone/integration-test/target/test-dir/MiniOzoneClusterImpl-612f74f6-2a8c-4890-9791-609c93916e5a/datanode-2/data/ratis/0d24347a-7964-4257-b385-6e69ae9cb4ae for RaftStorage:Storage Directory /workdir/hadoop-ozone/integration-test/target/test-dir/MiniOzoneClusterImpl-612f74f6-2a8c-4890-9791-609c93916e5a/datanode-2/data/ratis/0d24347a-7964-4257-b385-6e69ae9cb4ae
2019-09-12 10:20:11,584 [pool-155-thread-1] INFO  server.RaftServerConfigKeys (ConfUtils.java:logGet(43)) - raft.server.log.queue.byte-limit = 2147483647 (custom)
2019-09-12 10:20:11,584 [pool-155-thread-1] INFO  server.RaftServerConfigKeys (ConfUtils.java:logGet(43)) - raft.server.log.queue.element-limit = 1024 (custom)
2019-09-12 10:20:11,584 [pool-155-thread-1] INFO  server.RaftServerConfigKeys (ConfUtils.java:logGet(43)) - raft.server.log.segment.size.max = 1048576 (custom)
2019-09-12 10:20:11,584 [pool-155-thread-1] INFO  server.RaftServerConfigKeys (ConfUtils.java:logGet(43)) - raft.server.log.preallocated.size = 16384 (custom)
2019-09-12 10:20:11,584 [pool-155-thread-1] INFO  server.RaftServerConfigKeys (ConfUtils.java:logGet(43)) - raft.server.log.write.buffer.size = 33554432 (custom)
2019-09-12 10:20:11,584 [pool-155-thread-1] INFO  server.RaftServerConfigKeys (ConfUtils.java:logGet(43)) - raft.server.log.force.sync.num = 128 (default)
2019-09-12 10:20:11,584 [pool-155-thread-1] INFO  server.RaftServerConfigKeys (ConfUtils.java:logGet(43)) - raft.server.log.statemachine.data.sync = true (default)
2019-09-12 10:20:11,585 [pool-155-thread-1] INFO  server.RaftServerConfigKeys (ConfUtils.java:logGet(43)) - raft.server.log.statemachine.data.sync.timeout = 10s (default)
2019-09-12 10:20:11,585 [pool-155-thread-1] INFO  server.RaftServerConfigKeys (ConfUtils.java:logGet(43)) - raft.server.log.statemachine.data.sync.timeout.retry = -1 (default)
2019-09-12 10:20:11,585 [pool-155-thread-1] INFO  server.RaftServerConfigKeys (ConfUtils.java:logGet(43)) - raft.server.log.statemachine.data.caching.enabled = true (custom)
2019-09-12 10:20:11,586 [pool-155-thread-1] INFO  segmented.SegmentedRaftLogWorker (SegmentedRaftLogWorker.java:lambda$new$0(132)) - 544a1983-7fe2-414f-ab8e-445659a3ebbd-SegmentedRaftLogWorker:Storage Directory /workdir/hadoop-ozone/integration-test/target/test-dir/MiniOzoneClusterImpl-612f74f6-2a8c-4890-9791-609c93916e5a/datanode-2/data/ratis/0d24347a-7964-4257-b385-6e69ae9cb4ae: flushIndex: setUnconditionally 0 -> -1
2019-09-12 10:20:11,586 [pool-155-thread-1] INFO  server.RaftServerConfigKeys (ConfUtils.java:logGet(43)) - raft.server.snapshot.auto.trigger.enabled = true (custom)
2019-09-12 10:20:11,587 [pool-155-thread-1] INFO  server.RaftServerConfigKeys (ConfUtils.java:logGet(43)) - raft.server.snapshot.auto.trigger.threshold = 10000 (custom)
2019-09-12 10:20:11,587 [pool-155-thread-1] INFO  server.RaftServerConfigKeys (ConfUtils.java:logGet(43)) - raft.server.retrycache.expirytime = 600000ms (custom)
2019-09-12 10:20:11,587 [pool-155-thread-1] INFO  impl.RaftServerImpl (RaftServerImpl.java:start(180)) - 544a1983-7fe2-414f-ab8e-445659a3ebbd: start group-6E69AE9CB4AE
2019-09-12 10:20:11,587 [pool-155-thread-1] INFO  impl.RaftServerImpl (RaftServerImpl.java:setRole(171)) - 544a1983-7fe2-414f-ab8e-445659a3ebbd:group-6E69AE9CB4AE changes role from null to FOLLOWER at term 0 for startAsFollower
2019-09-12 10:20:11,587 [pool-155-thread-1] INFO  impl.RoleInfo (RoleInfo.java:updateAndGet(143)) - 544a1983-7fe2-414f-ab8e-445659a3ebbd: start FollowerState
2019-09-12 10:20:11,588 [pool-155-thread-1] INFO  util.JmxRegister (JmxRegister.java:tryRegister(44)) - Successfully registered JMX Bean with object name Ratis:service=RaftServer,group=group-6E69AE9CB4AE,id=544a1983-7fe2-414f-ab8e-445659a3ebbd
2019-09-12 10:20:11,591 [RatisPipelineUtilsThread] INFO  pipeline.PipelineStateManager (PipelineStateManager.java:addPipeline(56)) - Created pipeline Pipeline[ Id: 0d24347a-7964-4257-b385-6e69ae9cb4ae, Nodes: 544a1983-7fe2-414f-ab8e-445659a3ebbd{ip: 192.168.157.195, host: pr-hdds-1569-xtfnx-3545843844, networkLocation: /default-rack, certSerialId: null}, Type:RATIS, Factor:ONE, State:OPEN]
2019-09-12 10:20:11,591 [RatisPipelineUtilsThread] ERROR pipeline.PipelinePlacementPolicy (PipelinePlacementPolicy.java:meetCriteria(91)) - Pipeline Placement: Doesn't meet the criteria to be viable node. Heaviness: 6
2019-09-12 10:20:11,591 [RatisPipelineUtilsThread] ERROR pipeline.PipelinePlacementPolicy (PipelinePlacementPolicy.java:meetCriteria(91)) - Pipeline Placement: Doesn't meet the criteria to be viable node. Heaviness: 6
2019-09-12 10:20:11,591 [RatisPipelineUtilsThread] ERROR pipeline.PipelinePlacementPolicy (PipelinePlacementPolicy.java:meetCriteria(91)) - Pipeline Placement: Doesn't meet the criteria to be viable node. Heaviness: 6
2019-09-12 10:20:11,591 [RatisPipelineUtilsThread] ERROR pipeline.PipelinePlacementPolicy (PipelinePlacementPolicy.java:filterViableNodes(146)) - Unable to find enough nodes that meet the criteria that cannot engage in more than 5 pipelines. Nodes required: 1 Found: 0, healthy nodes count inNodeManager: 3.
2019-09-12 10:20:11,592 [RatisPipelineUtilsThread] ERROR pipeline.SCMPipelineManager (SCMPipelineManager.java:createPipeline(161)) - Pipeline creation failed due to exception: Unable to find enough nodes that meet the criteria that cannot engage in more than 5 pipelines. Nodes required: 1 Found: 0, healthy nodes count inNodeManager: 3.
2019-09-12 10:20:11,592 [RatisPipelineUtilsThread] ERROR pipeline.PipelinePlacementPolicy (PipelinePlacementPolicy.java:meetCriteria(91)) - Pipeline Placement: Doesn't meet the criteria to be viable node. Heaviness: 6
2019-09-12 10:20:11,592 [RatisPipelineUtilsThread] ERROR pipeline.PipelinePlacementPolicy (PipelinePlacementPolicy.java:meetCriteria(91)) - Pipeline Placement: Doesn't meet the criteria to be viable node. Heaviness: 6
2019-09-12 10:20:11,592 [RatisPipelineUtilsThread] ERROR pipeline.PipelinePlacementPolicy (PipelinePlacementPolicy.java:meetCriteria(91)) - Pipeline Placement: Doesn't meet the criteria to be viable node. Heaviness: 6
2019-09-12 10:20:11,592 [RatisPipelineUtilsThread] ERROR pipeline.PipelinePlacementPolicy (PipelinePlacementPolicy.java:filterViableNodes(146)) - Unable to find enough nodes that meet the criteria that cannot engage in more than 5 pipelines. Nodes required: 3 Found: 0, healthy nodes count inNodeManager: 3.
2019-09-12 10:20:11,592 [RatisPipelineUtilsThread] ERROR pipeline.SCMPipelineManager (SCMPipelineManager.java:createPipeline(161)) - Pipeline creation failed due to exception: Unable to find enough nodes that meet the criteria that cannot engage in more than 5 pipelines. Nodes required: 3 Found: 0, healthy nodes count inNodeManager: 3.
2019-09-12 10:20:12,246 [main] INFO  ozone.MiniOzoneClusterImpl (MiniOzoneClusterImpl.java:lambda$waitForClusterToBeReady$0(142)) - Cluster is ready. Got 3 of 3 DN Heartbeats.
2019-09-12 10:20:12,246 [main] ERROR pipeline.PipelinePlacementPolicy (PipelinePlacementPolicy.java:meetCriteria(91)) - Pipeline Placement: Doesn't meet the criteria to be viable node. Heaviness: 6
2019-09-12 10:20:12,247 [main] ERROR pipeline.PipelinePlacementPolicy (PipelinePlacementPolicy.java:meetCriteria(91)) - Pipeline Placement: Doesn't meet the criteria to be viable node. Heaviness: 6
2019-09-12 10:20:12,247 [main] ERROR pipeline.PipelinePlacementPolicy (PipelinePlacementPolicy.java:meetCriteria(91)) - Pipeline Placement: Doesn't meet the criteria to be viable node. Heaviness: 6
2019-09-12 10:20:12,247 [main] ERROR pipeline.PipelinePlacementPolicy (PipelinePlacementPolicy.java:filterViableNodes(146)) - Unable to find enough nodes that meet the criteria that cannot engage in more than 5 pipelines. Nodes required: 3 Found: 0, healthy nodes count inNodeManager: 3.
2019-09-12 10:20:12,248 [main] ERROR pipeline.SCMPipelineManager (SCMPipelineManager.java:createPipeline(161)) - Pipeline creation failed due to exception: Unable to find enough nodes that meet the criteria that cannot engage in more than 5 pipelines. Nodes required: 3 Found: 0, healthy nodes count inNodeManager: 3.
2019-09-12 10:20:12,248 [main] INFO  ozone.MiniOzoneClusterImpl (MiniOzoneClusterImpl.java:shutdown(321)) - Shutting down the Mini Ozone Cluster
2019-09-12 10:20:12,248 | INFO  | SCMAudit | user=null | ip=null | op=GET_SCM_INFO null | ret=SUCCESS |  
2019-09-12 10:20:12,249 [main] INFO  ozone.MiniOzoneClusterImpl (MiniOzoneClusterImpl.java:stop(336)) - Stopping the Mini Ozone Cluster
2019-09-12 10:20:12,249 [main] INFO  ozone.MiniOzoneClusterImpl (MiniOzoneClusterImpl.java:stop(338)) - Stopping the OzoneManager
2019-09-12 10:20:12,249 [main] INFO  ipc.Server (Server.java:stop(3082)) - Stopping server on 39896
2019-09-12 10:20:12,254 [IPC Server listener on 39896] INFO  ipc.Server (Server.java:run(1185)) - Stopping IPC Server listener on 39896
2019-09-12 10:20:12,254 [main] INFO  ratis.OzoneManagerDoubleBuffer (OzoneManagerDoubleBuffer.java:stop(248)) - Stopping OMDoubleBuffer flush thread
2019-09-12 10:20:12,254 [IPC Server Responder] INFO  ipc.Server (Server.java:run(1319)) - Stopping IPC Server Responder
2019-09-12 10:20:12,257 [OMDoubleBufferFlushThread] INFO  ratis.OzoneManagerDoubleBuffer (OzoneManagerDoubleBuffer.java:flushTransactions(191)) - OMDoubleBuffer flush thread OMDoubleBufferFlushThread is interrupted and will exit. OMDoubleBufferFlushThread
2019-09-12 10:20:12,258 [main] INFO  utils.BackgroundService (BackgroundService.java:shutdown(148)) - Shutting down service KeyDeletingService
2019-09-12 10:20:12,260 [main] INFO  handler.ContextHandler (ContextHandler.java:doStop(910)) - Stopped o.e.j.w.WebAppContext@300bb303{/,null,UNAVAILABLE}{/ozoneManager}
2019-09-12 10:20:12,261 [main] INFO  server.AbstractConnector (AbstractConnector.java:doStop(318)) - Stopped ServerConnector@4243341e{HTTP/1.1,[http/1.1]}{0.0.0.0:0}
2019-09-12 10:20:12,262 [main] INFO  handler.ContextHandler (ContextHandler.java:doStop(910)) - Stopped o.e.j.s.ServletContextHandler@27896d3b{/static,file:///workdir/hadoop-ozone/integration-test/target/test-classes/webapps/static,UNAVAILABLE}
2019-09-12 10:20:12,263 [main] INFO  handler.ContextHandler (ContextHandler.java:doStop(910)) - Stopped o.e.j.s.ServletContextHandler@1999149e{/logs,file:///workdir/hadoop-ozone/integration-test/target/log,UNAVAILABLE}
2019-09-12 10:20:12,266 [main] INFO  ozone.MiniOzoneClusterImpl (MiniOzoneClusterImpl.java:stop(344)) - Shutting the HddsDatanodes
2019-09-12 10:20:12,267 [main] INFO  datanode.ObjectStoreHandler (ObjectStoreHandler.java:close(155)) - Closing ObjectStoreHandler.
2019-09-12 10:20:12,267 [ForkJoinPool.commonPool-worker-1] INFO  datanode.ObjectStoreHandler (ObjectStoreHandler.java:close(155)) - Closing ObjectStoreHandler.
2019-09-12 10:20:12,267 [main] INFO  ozone.HddsDatanodeService (HddsDatanodeService.java:stop(451)) - Stopped plug-in org.apache.hadoop.ozone.web.OzoneHddsDatanodeService@a4df251
2019-09-12 10:20:12,269 [ForkJoinPool.commonPool-worker-1] INFO  ozone.HddsDatanodeService (HddsDatanodeService.java:stop(451)) - Stopped plug-in org.apache.hadoop.ozone.web.OzoneHddsDatanodeService@202f054f
2019-09-12 10:20:12,458 [Datanode State Machine Thread - 0] INFO  statemachine.DatanodeStateMachine (DatanodeStateMachine.java:lambda$startDaemon$0(350)) - Ozone container server started.
2019-09-12 10:20:13,035 [Datanode State Machine Thread - 0] INFO  statemachine.DatanodeStateMachine (DatanodeStateMachine.java:lambda$startDaemon$0(350)) - Ozone container server started.
2019-09-12 10:20:13,249 | INFO  | SCMAudit | user=jenkins1000 | ip=192.168.157.195 | op=SEND_HEARTBEAT {datanodeUUID=544a1983-7fe2-414f-ab8e-445659a3ebbd, command=[]} | ret=SUCCESS |  
2019-09-12 10:20:13,472 [Thread-702] INFO  container.ReplicationManager (ReplicationManager.java:start(151)) - Starting Replication Monitor Thread.
2019-09-12 10:20:13,475 [ReplicationMonitor] INFO  container.ReplicationManager (ReplicationManager.java:run(214)) - Replication Monitor Thread took 0 milliseconds for processing 0 containers.
2019-09-12 10:20:14,250 | INFO  | SCMAudit | user=jenkins1000 | ip=192.168.157.195 | op=SEND_HEARTBEAT {datanodeUUID=544a1983-7fe2-414f-ab8e-445659a3ebbd, command=[]} | ret=SUCCESS |  
2019-09-12 10:20:15,249 | INFO  | SCMAudit | user=jenkins1000 | ip=192.168.157.195 | op=SEND_HEARTBEAT {datanodeUUID=544a1983-7fe2-414f-ab8e-445659a3ebbd, command=[]} | ret=SUCCESS |  
2019-09-12 10:20:15,622 [Thread-707] INFO  impl.FollowerState (FollowerState.java:run(106)) - 2a823981-0280-4f5e-ab1d-96d3f91f7cfe:group-C4D960CA440B changes to CANDIDATE, lastRpcTime:5045, electionTimeout:5045ms
2019-09-12 10:20:15,623 [Thread-707] INFO  impl.RoleInfo (RoleInfo.java:shutdownFollowerState(121)) - 2a823981-0280-4f5e-ab1d-96d3f91f7cfe: shutdown FollowerState
2019-09-12 10:20:15,623 [Thread-707] INFO  impl.RaftServerImpl (RaftServerImpl.java:setRole(171)) - 2a823981-0280-4f5e-ab1d-96d3f91f7cfe:group-C4D960CA440B changes role from FOLLOWER to CANDIDATE at term 0 for changeToCandidate
2019-09-12 10:20:15,623 [Thread-707] INFO  impl.RoleInfo (RoleInfo.java:updateAndGet(143)) - 2a823981-0280-4f5e-ab1d-96d3f91f7cfe: start LeaderElection
2019-09-12 10:20:15,644 [Thread-704] INFO  impl.FollowerState (FollowerState.java:run(106)) - 2a823981-0280-4f5e-ab1d-96d3f91f7cfe:group-A7ABC7BAEC53 changes to CANDIDATE, lastRpcTime:5118, electionTimeout:5118ms
2019-09-12 10:20:15,645 [Thread-704] INFO  impl.RoleInfo (RoleInfo.java:shutdownFollowerState(121)) - 2a823981-0280-4f5e-ab1d-96d3f91f7cfe: shutdown FollowerState
2019-09-12 10:20:15,645 [Thread-704] INFO  impl.RaftServerImpl (RaftServerImpl.java:setRole(171)) - 2a823981-0280-4f5e-ab1d-96d3f91f7cfe:group-A7ABC7BAEC53 changes role from FOLLOWER to CANDIDATE at term 0 for changeToCandidate
2019-09-12 10:20:15,645 [Thread-704] INFO  impl.RoleInfo (RoleInfo.java:updateAndGet(143)) - 2a823981-0280-4f5e-ab1d-96d3f91f7cfe: start LeaderElection
2019-09-12 10:20:15,651 [2a823981-0280-4f5e-ab1d-96d3f91f7cfe:group-C4D960CA440B:LeaderElection37] INFO  impl.LeaderElection (LeaderElection.java:askForVotes(181)) - 2a823981-0280-4f5e-ab1d-96d3f91f7cfe:group-C4D960CA440B:LeaderElection37: begin an election at term 1 for -1: [2a823981-0280-4f5e-ab1d-96d3f91f7cfe:192.168.157.195:46205], old=null
2019-09-12 10:20:15,651 [2a823981-0280-4f5e-ab1d-96d3f91f7cfe:group-C4D960CA440B:LeaderElection37] INFO  impl.RoleInfo (RoleInfo.java:shutdownLeaderElection(134)) - 2a823981-0280-4f5e-ab1d-96d3f91f7cfe: shutdown LeaderElection
2019-09-12 10:20:15,651 [2a823981-0280-4f5e-ab1d-96d3f91f7cfe:group-C4D960CA440B:LeaderElection37] INFO  impl.RaftServerImpl (RaftServerImpl.java:setRole(171)) - 2a823981-0280-4f5e-ab1d-96d3f91f7cfe:group-C4D960CA440B changes role from CANDIDATE to LEADER at term 1 for changeToLeader
2019-09-12 10:20:15,651 [2a823981-0280-4f5e-ab1d-96d3f91f7cfe:group-C4D960CA440B:LeaderElection37] INFO  impl.RaftServerImpl (ServerState.java:setLeader(263)) - 2a823981-0280-4f5e-ab1d-96d3f91f7cfe:group-C4D960CA440B change Leader from null to 2a823981-0280-4f5e-ab1d-96d3f91f7cfe at term 1 for becomeLeader, leader elected after 5077ms
2019-09-12 10:20:15,651 [2a823981-0280-4f5e-ab1d-96d3f91f7cfe:group-C4D960CA440B:LeaderElection37] INFO  server.RaftServerConfigKeys (ConfUtils.java:logGet(43)) - raft.server.staging.catchup.gap = 1000 (default)
2019-09-12 10:20:15,652 [2a823981-0280-4f5e-ab1d-96d3f91f7cfe:group-C4D960CA440B:LeaderElection37] INFO  server.RaftServerConfigKeys (ConfUtils.java:logGet(43)) - raft.server.rpc.sleep.time = 25ms (default)
2019-09-12 10:20:15,652 [2a823981-0280-4f5e-ab1d-96d3f91f7cfe:group-C4D960CA440B:LeaderElection37] INFO  server.RaftServerConfigKeys (ConfUtils.java:logGet(43)) - raft.server.write.element-limit = 4096 (default)
2019-09-12 10:20:15,652 [2a823981-0280-4f5e-ab1d-96d3f91f7cfe:group-C4D960CA440B:LeaderElection37] INFO  server.RaftServerConfigKeys (ConfUtils.java:logGet(43)) - raft.server.watch.timeout = 10s (default)
2019-09-12 10:20:15,652 [2a823981-0280-4f5e-ab1d-96d3f91f7cfe:group-C4D960CA440B:LeaderElection37] INFO  server.RaftServerConfigKeys (ConfUtils.java:logGet(43)) - raft.server.watch.timeout.denomination = 1s (default)
2019-09-12 10:20:15,652 [2a823981-0280-4f5e-ab1d-96d3f91f7cfe:group-C4D960CA440B:LeaderElection37] INFO  server.RaftServerConfigKeys (ConfUtils.java:logGet(43)) - raft.server.watch.element-limit = 65536 (default)
2019-09-12 10:20:15,653 [2a823981-0280-4f5e-ab1d-96d3f91f7cfe:group-A7ABC7BAEC53:LeaderElection38] INFO  impl.LeaderElection (LeaderElection.java:askForVotes(181)) - 2a823981-0280-4f5e-ab1d-96d3f91f7cfe:group-A7ABC7BAEC53:LeaderElection38: begin an election at term 1 for -1: [2a823981-0280-4f5e-ab1d-96d3f91f7cfe:192.168.157.195:46205], old=null
2019-09-12 10:20:15,653 [2a823981-0280-4f5e-ab1d-96d3f91f7cfe:group-A7ABC7BAEC53:LeaderElection38] INFO  impl.RoleInfo (RoleInfo.java:shutdownLeaderElection(134)) - 2a823981-0280-4f5e-ab1d-96d3f91f7cfe: shutdown LeaderElection
2019-09-12 10:20:15,653 [2a823981-0280-4f5e-ab1d-96d3f91f7cfe:group-C4D960CA440B:LeaderElection37] INFO  impl.RoleInfo (RoleInfo.java:updateAndGet(143)) - 2a823981-0280-4f5e-ab1d-96d3f91f7cfe: start LeaderState
2019-09-12 10:20:15,653 [2a823981-0280-4f5e-ab1d-96d3f91f7cfe:group-A7ABC7BAEC53:LeaderElection38] INFO  impl.RaftServerImpl (RaftServerImpl.java:setRole(171)) - 2a823981-0280-4f5e-ab1d-96d3f91f7cfe:group-A7ABC7BAEC53 changes role from CANDIDATE to LEADER at term 1 for changeToLeader
2019-09-12 10:20:15,653 [2a823981-0280-4f5e-ab1d-96d3f91f7cfe:group-A7ABC7BAEC53:LeaderElection38] INFO  impl.RaftServerImpl (ServerState.java:setLeader(263)) - 2a823981-0280-4f5e-ab1d-96d3f91f7cfe:group-A7ABC7BAEC53 change Leader from null to 2a823981-0280-4f5e-ab1d-96d3f91f7cfe at term 1 for becomeLeader, leader elected after 5132ms
2019-09-12 10:20:15,653 [2a823981-0280-4f5e-ab1d-96d3f91f7cfe:group-A7ABC7BAEC53:LeaderElection38] INFO  server.RaftServerConfigKeys (ConfUtils.java:logGet(43)) - raft.server.staging.catchup.gap = 1000 (default)
2019-09-12 10:20:15,653 [2a823981-0280-4f5e-ab1d-96d3f91f7cfe:group-C4D960CA440B:LeaderElection37] INFO  segmented.SegmentedRaftLogWorker (SegmentedRaftLogWorker.java:startLogSegment(380)) - 2a823981-0280-4f5e-ab1d-96d3f91f7cfe-SegmentedRaftLogWorker:Storage Directory /workdir/hadoop-ozone/integration-test/target/test-dir/MiniOzoneClusterImpl-612f74f6-2a8c-4890-9791-609c93916e5a/datanode-0/data/ratis/34d02da2-3a8d-4213-90ed-c4d960ca440b: Starting segment from index:0
2019-09-12 10:20:15,654 [2a823981-0280-4f5e-ab1d-96d3f91f7cfe:group-A7ABC7BAEC53:LeaderElection38] INFO  server.RaftServerConfigKeys (ConfUtils.java:logGet(43)) - raft.server.rpc.sleep.time = 25ms (default)
2019-09-12 10:20:15,654 [2a823981-0280-4f5e-ab1d-96d3f91f7cfe:group-A7ABC7BAEC53:LeaderElection38] INFO  server.RaftServerConfigKeys (ConfUtils.java:logGet(43)) - raft.server.write.element-limit = 4096 (default)
2019-09-12 10:20:15,654 [2a823981-0280-4f5e-ab1d-96d3f91f7cfe:group-A7ABC7BAEC53:LeaderElection38] INFO  server.RaftServerConfigKeys (ConfUtils.java:logGet(43)) - raft.server.watch.timeout = 10s (default)
2019-09-12 10:20:15,654 [2a823981-0280-4f5e-ab1d-96d3f91f7cfe:group-A7ABC7BAEC53:LeaderElection38] INFO  server.RaftServerConfigKeys (ConfUtils.java:logGet(43)) - raft.server.watch.timeout.denomination = 1s (default)
2019-09-12 10:20:15,655 [2a823981-0280-4f5e-ab1d-96d3f91f7cfe:group-A7ABC7BAEC53:LeaderElection38] INFO  server.RaftServerConfigKeys (ConfUtils.java:logGet(43)) - raft.server.watch.element-limit = 65536 (default)
2019-09-12 10:20:15,655 [2a823981-0280-4f5e-ab1d-96d3f91f7cfe:group-C4D960CA440B:LeaderElection37] INFO  impl.RaftServerImpl (ServerState.java:setRaftConf(361)) - 2a823981-0280-4f5e-ab1d-96d3f91f7cfe:group-C4D960CA440B set configuration 0: [2a823981-0280-4f5e-ab1d-96d3f91f7cfe:192.168.157.195:46205], old=null at 0
2019-09-12 10:20:15,655 [2a823981-0280-4f5e-ab1d-96d3f91f7cfe:group-A7ABC7BAEC53:LeaderElection38] INFO  impl.RoleInfo (RoleInfo.java:updateAndGet(143)) - 2a823981-0280-4f5e-ab1d-96d3f91f7cfe: start LeaderState
2019-09-12 10:20:15,655 [2a823981-0280-4f5e-ab1d-96d3f91f7cfe:group-A7ABC7BAEC53:LeaderElection38] INFO  segmented.SegmentedRaftLogWorker (SegmentedRaftLogWorker.java:startLogSegment(380)) - 2a823981-0280-4f5e-ab1d-96d3f91f7cfe-SegmentedRaftLogWorker:Storage Directory /workdir/hadoop-ozone/integration-test/target/test-dir/MiniOzoneClusterImpl-612f74f6-2a8c-4890-9791-609c93916e5a/datanode-0/data/ratis/0dda3a5a-b11f-4e46-807d-a7abc7baec53: Starting segment from index:0
2019-09-12 10:20:15,656 [2a823981-0280-4f5e-ab1d-96d3f91f7cfe:group-A7ABC7BAEC53:LeaderElection38] INFO  impl.RaftServerImpl (ServerState.java:setRaftConf(361)) - 2a823981-0280-4f5e-ab1d-96d3f91f7cfe:group-A7ABC7BAEC53 set configuration 0: [2a823981-0280-4f5e-ab1d-96d3f91f7cfe:192.168.157.195:46205], old=null at 0
2019-09-12 10:20:15,686 [Thread-710] INFO  impl.FollowerState (FollowerState.java:run(106)) - 2a823981-0280-4f5e-ab1d-96d3f91f7cfe:group-4ABE02D0269A changes to CANDIDATE, lastRpcTime:5059, electionTimeout:5059ms
2019-09-12 10:20:15,686 [Thread-710] INFO  impl.RoleInfo (RoleInfo.java:shutdownFollowerState(121)) - 2a823981-0280-4f5e-ab1d-96d3f91f7cfe: shutdown FollowerState
2019-09-12 10:20:15,686 [Thread-710] INFO  impl.RaftServerImpl (RaftServerImpl.java:setRole(171)) - 2a823981-0280-4f5e-ab1d-96d3f91f7cfe:group-4ABE02D0269A changes role from FOLLOWER to CANDIDATE at term 0 for changeToCandidate
2019-09-12 10:20:15,687 [Thread-710] INFO  impl.RoleInfo (RoleInfo.java:updateAndGet(143)) - 2a823981-0280-4f5e-ab1d-96d3f91f7cfe: start LeaderElection
2019-09-12 10:20:15,706 [2a823981-0280-4f5e-ab1d-96d3f91f7cfe-SegmentedRaftLogWorker:Storage Directory /workdir/hadoop-ozone/integration-test/target/test-dir/MiniOzoneClusterImpl-612f74f6-2a8c-4890-9791-609c93916e5a/datanode-0/data/ratis/34d02da2-3a8d-4213-90ed-c4d960ca440b] INFO  segmented.SegmentedRaftLogWorker (SegmentedRaftLogWorker.java:execute(569)) - 2a823981-0280-4f5e-ab1d-96d3f91f7cfe-SegmentedRaftLogWorker:Storage Directory /workdir/hadoop-ozone/integration-test/target/test-dir/MiniOzoneClusterImpl-612f74f6-2a8c-4890-9791-609c93916e5a/datanode-0/data/ratis/34d02da2-3a8d-4213-90ed-c4d960ca440b: created new log segment /workdir/hadoop-ozone/integration-test/target/test-dir/MiniOzoneClusterImpl-612f74f6-2a8c-4890-9791-609c93916e5a/datanode-0/data/ratis/34d02da2-3a8d-4213-90ed-c4d960ca440b/current/log_inprogress_0
2019-09-12 10:20:15,706 [2a823981-0280-4f5e-ab1d-96d3f91f7cfe-SegmentedRaftLogWorker:Storage Directory /workdir/hadoop-ozone/integration-test/target/test-dir/MiniOzoneClusterImpl-612f74f6-2a8c-4890-9791-609c93916e5a/datanode-0/data/ratis/0dda3a5a-b11f-4e46-807d-a7abc7baec53] INFO  segmented.SegmentedRaftLogWorker (SegmentedRaftLogWorker.java:execute(569)) - 2a823981-0280-4f5e-ab1d-96d3f91f7cfe-SegmentedRaftLogWorker:Storage Directory /workdir/hadoop-ozone/integration-test/target/test-dir/MiniOzoneClusterImpl-612f74f6-2a8c-4890-9791-609c93916e5a/datanode-0/data/ratis/0dda3a5a-b11f-4e46-807d-a7abc7baec53: created new log segment /workdir/hadoop-ozone/integration-test/target/test-dir/MiniOzoneClusterImpl-612f74f6-2a8c-4890-9791-609c93916e5a/datanode-0/data/ratis/0dda3a5a-b11f-4e46-807d-a7abc7baec53/current/log_inprogress_0
2019-09-12 10:20:15,706 [2a823981-0280-4f5e-ab1d-96d3f91f7cfe:group-4ABE02D0269A:LeaderElection39] INFO  impl.LeaderElection (LeaderElection.java:askForVotes(181)) - 2a823981-0280-4f5e-ab1d-96d3f91f7cfe:group-4ABE02D0269A:LeaderElection39: begin an election at term 1 for -1: [2a823981-0280-4f5e-ab1d-96d3f91f7cfe:192.168.157.195:46205], old=null
2019-09-12 10:20:15,707 [2a823981-0280-4f5e-ab1d-96d3f91f7cfe:group-4ABE02D0269A:LeaderElection39] INFO  impl.RoleInfo (RoleInfo.java:shutdownLeaderElection(134)) - 2a823981-0280-4f5e-ab1d-96d3f91f7cfe: shutdown LeaderElection
2019-09-12 10:20:15,707 [2a823981-0280-4f5e-ab1d-96d3f91f7cfe:group-4ABE02D0269A:LeaderElection39] INFO  impl.RaftServerImpl (RaftServerImpl.java:setRole(171)) - 2a823981-0280-4f5e-ab1d-96d3f91f7cfe:group-4ABE02D0269A changes role from CANDIDATE to LEADER at term 1 for changeToLeader
2019-09-12 10:20:15,707 [2a823981-0280-4f5e-ab1d-96d3f91f7cfe:group-4ABE02D0269A:LeaderElection39] INFO  impl.RaftServerImpl (ServerState.java:setLeader(263)) - 2a823981-0280-4f5e-ab1d-96d3f91f7cfe:group-4ABE02D0269A change Leader from null to 2a823981-0280-4f5e-ab1d-96d3f91f7cfe at term 1 for becomeLeader, leader elected after 5084ms
2019-09-12 10:20:15,707 [2a823981-0280-4f5e-ab1d-96d3f91f7cfe:group-4ABE02D0269A:LeaderElection39] INFO  server.RaftServerConfigKeys (ConfUtils.java:logGet(43)) - raft.server.staging.catchup.gap = 1000 (default)
2019-09-12 10:20:15,708 [2a823981-0280-4f5e-ab1d-96d3f91f7cfe:group-4ABE02D0269A:LeaderElection39] INFO  server.RaftServerConfigKeys (ConfUtils.java:logGet(43)) - raft.server.rpc.sleep.time = 25ms (default)
2019-09-12 10:20:15,708 [2a823981-0280-4f5e-ab1d-96d3f91f7cfe:group-4ABE02D0269A:LeaderElection39] INFO  server.RaftServerConfigKeys (ConfUtils.java:logGet(43)) - raft.server.write.element-limit = 4096 (default)
2019-09-12 10:20:15,708 [2a823981-0280-4f5e-ab1d-96d3f91f7cfe:group-4ABE02D0269A:LeaderElection39] INFO  server.RaftServerConfigKeys (ConfUtils.java:logGet(43)) - raft.server.watch.timeout = 10s (default)
2019-09-12 10:20:15,708 [2a823981-0280-4f5e-ab1d-96d3f91f7cfe:group-4ABE02D0269A:LeaderElection39] INFO  server.RaftServerConfigKeys (ConfUtils.java:logGet(43)) - raft.server.watch.timeout.denomination = 1s (default)
2019-09-12 10:20:15,708 [2a823981-0280-4f5e-ab1d-96d3f91f7cfe:group-4ABE02D0269A:LeaderElection39] INFO  server.RaftServerConfigKeys (ConfUtils.java:logGet(43)) - raft.server.watch.element-limit = 65536 (default)
2019-09-12 10:20:15,708 [2a823981-0280-4f5e-ab1d-96d3f91f7cfe:group-4ABE02D0269A:LeaderElection39] INFO  impl.RoleInfo (RoleInfo.java:updateAndGet(143)) - 2a823981-0280-4f5e-ab1d-96d3f91f7cfe: start LeaderState
2019-09-12 10:20:15,709 [2a823981-0280-4f5e-ab1d-96d3f91f7cfe:group-4ABE02D0269A:LeaderElection39] INFO  segmented.SegmentedRaftLogWorker (SegmentedRaftLogWorker.java:startLogSegment(380)) - 2a823981-0280-4f5e-ab1d-96d3f91f7cfe-SegmentedRaftLogWorker:Storage Directory /workdir/hadoop-ozone/integration-test/target/test-dir/MiniOzoneClusterImpl-612f74f6-2a8c-4890-9791-609c93916e5a/datanode-0/data/ratis/e5680547-1298-4b2f-910b-4abe02d0269a: Starting segment from index:0
2019-09-12 10:20:15,709 [2a823981-0280-4f5e-ab1d-96d3f91f7cfe:group-4ABE02D0269A:LeaderElection39] INFO  impl.RaftServerImpl (ServerState.java:setRaftConf(361)) - 2a823981-0280-4f5e-ab1d-96d3f91f7cfe:group-4ABE02D0269A set configuration 0: [2a823981-0280-4f5e-ab1d-96d3f91f7cfe:192.168.157.195:46205], old=null at 0
2019-09-12 10:20:15,749 [2a823981-0280-4f5e-ab1d-96d3f91f7cfe-SegmentedRaftLogWorker:Storage Directory /workdir/hadoop-ozone/integration-test/target/test-dir/MiniOzoneClusterImpl-612f74f6-2a8c-4890-9791-609c93916e5a/datanode-0/data/ratis/e5680547-1298-4b2f-910b-4abe02d0269a] INFO  segmented.SegmentedRaftLogWorker (SegmentedRaftLogWorker.java:execute(569)) - 2a823981-0280-4f5e-ab1d-96d3f91f7cfe-SegmentedRaftLogWorker:Storage Directory /workdir/hadoop-ozone/integration-test/target/test-dir/MiniOzoneClusterImpl-612f74f6-2a8c-4890-9791-609c93916e5a/datanode-0/data/ratis/e5680547-1298-4b2f-910b-4abe02d0269a: created new log segment /workdir/hadoop-ozone/integration-test/target/test-dir/MiniOzoneClusterImpl-612f74f6-2a8c-4890-9791-609c93916e5a/datanode-0/data/ratis/e5680547-1298-4b2f-910b-4abe02d0269a/current/log_inprogress_0
2019-09-12 10:20:15,826 [Thread-716] INFO  impl.FollowerState (FollowerState.java:run(106)) - 2a823981-0280-4f5e-ab1d-96d3f91f7cfe:group-81033C4845E7 changes to CANDIDATE, lastRpcTime:5085, electionTimeout:5085ms
2019-09-12 10:20:15,826 [Thread-716] INFO  impl.RoleInfo (RoleInfo.java:shutdownFollowerState(121)) - 2a823981-0280-4f5e-ab1d-96d3f91f7cfe: shutdown FollowerState
2019-09-12 10:20:15,827 [Thread-716] INFO  impl.RaftServerImpl (RaftServerImpl.java:setRole(171)) - 2a823981-0280-4f5e-ab1d-96d3f91f7cfe:group-81033C4845E7 changes role from FOLLOWER to CANDIDATE at term 0 for changeToCandidate
2019-09-12 10:20:15,827 [Thread-716] INFO  impl.RoleInfo (RoleInfo.java:updateAndGet(143)) - 2a823981-0280-4f5e-ab1d-96d3f91f7cfe: start LeaderElection
2019-09-12 10:20:15,848 [2a823981-0280-4f5e-ab1d-96d3f91f7cfe:group-81033C4845E7:LeaderElection40] INFO  impl.LeaderElection (LeaderElection.java:askForVotes(181)) - 2a823981-0280-4f5e-ab1d-96d3f91f7cfe:group-81033C4845E7:LeaderElection40: begin an election at term 1 for -1: [2a823981-0280-4f5e-ab1d-96d3f91f7cfe:192.168.157.195:46205], old=null
2019-09-12 10:20:15,848 [2a823981-0280-4f5e-ab1d-96d3f91f7cfe:group-81033C4845E7:LeaderElection40] INFO  impl.RoleInfo (RoleInfo.java:shutdownLeaderElection(134)) - 2a823981-0280-4f5e-ab1d-96d3f91f7cfe: shutdown LeaderElection
2019-09-12 10:20:15,848 [2a823981-0280-4f5e-ab1d-96d3f91f7cfe:group-81033C4845E7:LeaderElection40] INFO  impl.RaftServerImpl (RaftServerImpl.java:setRole(171)) - 2a823981-0280-4f5e-ab1d-96d3f91f7cfe:group-81033C4845E7 changes role from CANDIDATE to LEADER at term 1 for changeToLeader
2019-09-12 10:20:15,849 [2a823981-0280-4f5e-ab1d-96d3f91f7cfe:group-81033C4845E7:LeaderElection40] INFO  impl.RaftServerImpl (ServerState.java:setLeader(263)) - 2a823981-0280-4f5e-ab1d-96d3f91f7cfe:group-81033C4845E7 change Leader from null to 2a823981-0280-4f5e-ab1d-96d3f91f7cfe at term 1 for becomeLeader, leader elected after 5112ms
2019-09-12 10:20:15,849 [2a823981-0280-4f5e-ab1d-96d3f91f7cfe:group-81033C4845E7:LeaderElection40] INFO  server.RaftServerConfigKeys (ConfUtils.java:logGet(43)) - raft.server.staging.catchup.gap = 1000 (default)
2019-09-12 10:20:15,849 [2a823981-0280-4f5e-ab1d-96d3f91f7cfe:group-81033C4845E7:LeaderElection40] INFO  server.RaftServerConfigKeys (ConfUtils.java:logGet(43)) - raft.server.rpc.sleep.time = 25ms (default)
2019-09-12 10:20:15,849 [2a823981-0280-4f5e-ab1d-96d3f91f7cfe:group-81033C4845E7:LeaderElection40] INFO  server.RaftServerConfigKeys (ConfUtils.java:logGet(43)) - raft.server.write.element-limit = 4096 (default)
2019-09-12 10:20:15,849 [2a823981-0280-4f5e-ab1d-96d3f91f7cfe:group-81033C4845E7:LeaderElection40] INFO  server.RaftServerConfigKeys (ConfUtils.java:logGet(43)) - raft.server.watch.timeout = 10s (default)
2019-09-12 10:20:15,849 [2a823981-0280-4f5e-ab1d-96d3f91f7cfe:group-81033C4845E7:LeaderElection40] INFO  server.RaftServerConfigKeys (ConfUtils.java:logGet(43)) - raft.server.watch.timeout.denomination = 1s (default)
2019-09-12 10:20:15,850 [2a823981-0280-4f5e-ab1d-96d3f91f7cfe:group-81033C4845E7:LeaderElection40] INFO  server.RaftServerConfigKeys (ConfUtils.java:logGet(43)) - raft.server.watch.element-limit = 65536 (default)
2019-09-12 10:20:15,850 [2a823981-0280-4f5e-ab1d-96d3f91f7cfe:group-81033C4845E7:LeaderElection40] INFO  impl.RoleInfo (RoleInfo.java:updateAndGet(143)) - 2a823981-0280-4f5e-ab1d-96d3f91f7cfe: start LeaderState
2019-09-12 10:20:15,850 [2a823981-0280-4f5e-ab1d-96d3f91f7cfe:group-81033C4845E7:LeaderElection40] INFO  segmented.SegmentedRaftLogWorker (SegmentedRaftLogWorker.java:startLogSegment(380)) - 2a823981-0280-4f5e-ab1d-96d3f91f7cfe-SegmentedRaftLogWorker:Storage Directory /workdir/hadoop-ozone/integration-test/target/test-dir/MiniOzoneClusterImpl-612f74f6-2a8c-4890-9791-609c93916e5a/datanode-0/data/ratis/eeae03d7-af93-4b53-8fd8-81033c4845e7: Starting segment from index:0
2019-09-12 10:20:15,851 [2a823981-0280-4f5e-ab1d-96d3f91f7cfe:group-81033C4845E7:LeaderElection40] INFO  impl.RaftServerImpl (ServerState.java:setRaftConf(361)) - 2a823981-0280-4f5e-ab1d-96d3f91f7cfe:group-81033C4845E7 set configuration 0: [2a823981-0280-4f5e-ab1d-96d3f91f7cfe:192.168.157.195:46205], old=null at 0
2019-09-12 10:20:15,872 [Thread-713] INFO  impl.FollowerState (FollowerState.java:run(106)) - 2a823981-0280-4f5e-ab1d-96d3f91f7cfe:group-2B262FB7F6DD changes to CANDIDATE, lastRpcTime:5194, electionTimeout:5194ms
2019-09-12 10:20:15,872 [Thread-713] INFO  impl.RoleInfo (RoleInfo.java:shutdownFollowerState(121)) - 2a823981-0280-4f5e-ab1d-96d3f91f7cfe: shutdown FollowerState
2019-09-12 10:20:15,872 [Thread-713] INFO  impl.RaftServerImpl (RaftServerImpl.java:setRole(171)) - 2a823981-0280-4f5e-ab1d-96d3f91f7cfe:group-2B262FB7F6DD changes role from FOLLOWER to CANDIDATE at term 0 for changeToCandidate
2019-09-12 10:20:15,872 [Thread-713] INFO  impl.RoleInfo (RoleInfo.java:updateAndGet(143)) - 2a823981-0280-4f5e-ab1d-96d3f91f7cfe: start LeaderElection
2019-09-12 10:20:15,877 [Thread-719] INFO  impl.FollowerState (FollowerState.java:run(106)) - 2a823981-0280-4f5e-ab1d-96d3f91f7cfe:group-04D037D831D0 changes to CANDIDATE, lastRpcTime:5084, electionTimeout:5080ms
2019-09-12 10:20:15,877 [Thread-719] INFO  impl.RoleInfo (RoleInfo.java:shutdownFollowerState(121)) - 2a823981-0280-4f5e-ab1d-96d3f91f7cfe: shutdown FollowerState
2019-09-12 10:20:15,877 [Thread-719] INFO  impl.RaftServerImpl (RaftServerImpl.java:setRole(171)) - 2a823981-0280-4f5e-ab1d-96d3f91f7cfe:group-04D037D831D0 changes role from FOLLOWER to CANDIDATE at term 0 for changeToCandidate
2019-09-12 10:20:15,877 [Thread-719] INFO  impl.RoleInfo (RoleInfo.java:updateAndGet(143)) - 2a823981-0280-4f5e-ab1d-96d3f91f7cfe: start LeaderElection
2019-09-12 10:20:15,890 [2a823981-0280-4f5e-ab1d-96d3f91f7cfe-SegmentedRaftLogWorker:Storage Directory /workdir/hadoop-ozone/integration-test/target/test-dir/MiniOzoneClusterImpl-612f74f6-2a8c-4890-9791-609c93916e5a/datanode-0/data/ratis/eeae03d7-af93-4b53-8fd8-81033c4845e7] INFO  segmented.SegmentedRaftLogWorker (SegmentedRaftLogWorker.java:execute(569)) - 2a823981-0280-4f5e-ab1d-96d3f91f7cfe-SegmentedRaftLogWorker:Storage Directory /workdir/hadoop-ozone/integration-test/target/test-dir/MiniOzoneClusterImpl-612f74f6-2a8c-4890-9791-609c93916e5a/datanode-0/data/ratis/eeae03d7-af93-4b53-8fd8-81033c4845e7: created new log segment /workdir/hadoop-ozone/integration-test/target/test-dir/MiniOzoneClusterImpl-612f74f6-2a8c-4890-9791-609c93916e5a/datanode-0/data/ratis/eeae03d7-af93-4b53-8fd8-81033c4845e7/current/log_inprogress_0
2019-09-12 10:20:15,890 [2a823981-0280-4f5e-ab1d-96d3f91f7cfe:group-2B262FB7F6DD:LeaderElection41] INFO  impl.LeaderElection (LeaderElection.java:askForVotes(181)) - 2a823981-0280-4f5e-ab1d-96d3f91f7cfe:group-2B262FB7F6DD:LeaderElection41: begin an election at term 1 for -1: [2a823981-0280-4f5e-ab1d-96d3f91f7cfe:192.168.157.195:46205], old=null
2019-09-12 10:20:15,890 [2a823981-0280-4f5e-ab1d-96d3f91f7cfe:group-04D037D831D0:LeaderElection42] INFO  impl.LeaderElection (LeaderElection.java:askForVotes(181)) - 2a823981-0280-4f5e-ab1d-96d3f91f7cfe:group-04D037D831D0:LeaderElection42: begin an election at term 1 for -1: [2a823981-0280-4f5e-ab1d-96d3f91f7cfe:192.168.157.195:46205], old=null
2019-09-12 10:20:15,890 [2a823981-0280-4f5e-ab1d-96d3f91f7cfe:group-2B262FB7F6DD:LeaderElection41] INFO  impl.RoleInfo (RoleInfo.java:shutdownLeaderElection(134)) - 2a823981-0280-4f5e-ab1d-96d3f91f7cfe: shutdown LeaderElection
2019-09-12 10:20:15,890 [2a823981-0280-4f5e-ab1d-96d3f91f7cfe:group-04D037D831D0:LeaderElection42] INFO  impl.RoleInfo (RoleInfo.java:shutdownLeaderElection(134)) - 2a823981-0280-4f5e-ab1d-96d3f91f7cfe: shutdown LeaderElection
2019-09-12 10:20:15,891 [2a823981-0280-4f5e-ab1d-96d3f91f7cfe:group-2B262FB7F6DD:LeaderElection41] INFO  impl.RaftServerImpl (RaftServerImpl.java:setRole(171)) - 2a823981-0280-4f5e-ab1d-96d3f91f7cfe:group-2B262FB7F6DD changes role from CANDIDATE to LEADER at term 1 for changeToLeader
2019-09-12 10:20:15,891 [2a823981-0280-4f5e-ab1d-96d3f91f7cfe:group-04D037D831D0:LeaderElection42] INFO  impl.RaftServerImpl (RaftServerImpl.java:setRole(171)) - 2a823981-0280-4f5e-ab1d-96d3f91f7cfe:group-04D037D831D0 changes role from CANDIDATE to LEADER at term 1 for changeToLeader
2019-09-12 10:20:15,891 [2a823981-0280-4f5e-ab1d-96d3f91f7cfe:group-2B262FB7F6DD:LeaderElection41] INFO  impl.RaftServerImpl (ServerState.java:setLeader(263)) - 2a823981-0280-4f5e-ab1d-96d3f91f7cfe:group-2B262FB7F6DD change Leader from null to 2a823981-0280-4f5e-ab1d-96d3f91f7cfe at term 1 for becomeLeader, leader elected after 5217ms
2019-09-12 10:20:15,891 [2a823981-0280-4f5e-ab1d-96d3f91f7cfe:group-04D037D831D0:LeaderElection42] INFO  impl.RaftServerImpl (ServerState.java:setLeader(263)) - 2a823981-0280-4f5e-ab1d-96d3f91f7cfe:group-04D037D831D0 change Leader from null to 2a823981-0280-4f5e-ab1d-96d3f91f7cfe at term 1 for becomeLeader, leader elected after 5102ms
2019-09-12 10:20:15,891 [2a823981-0280-4f5e-ab1d-96d3f91f7cfe:group-2B262FB7F6DD:LeaderElection41] INFO  server.RaftServerConfigKeys (ConfUtils.java:logGet(43)) - raft.server.staging.catchup.gap = 1000 (default)
2019-09-12 10:20:15,891 [2a823981-0280-4f5e-ab1d-96d3f91f7cfe:group-04D037D831D0:LeaderElection42] INFO  server.RaftServerConfigKeys (ConfUtils.java:logGet(43)) - raft.server.staging.catchup.gap = 1000 (default)
2019-09-12 10:20:15,891 [2a823981-0280-4f5e-ab1d-96d3f91f7cfe:group-2B262FB7F6DD:LeaderElection41] INFO  server.RaftServerConfigKeys (ConfUtils.java:logGet(43)) - raft.server.rpc.sleep.time = 25ms (default)
2019-09-12 10:20:15,891 [2a823981-0280-4f5e-ab1d-96d3f91f7cfe:group-04D037D831D0:LeaderElection42] INFO  server.RaftServerConfigKeys (ConfUtils.java:logGet(43)) - raft.server.rpc.sleep.time = 25ms (default)
2019-09-12 10:20:15,891 [2a823981-0280-4f5e-ab1d-96d3f91f7cfe:group-2B262FB7F6DD:LeaderElection41] INFO  server.RaftServerConfigKeys (ConfUtils.java:logGet(43)) - raft.server.write.element-limit = 4096 (default)
2019-09-12 10:20:15,892 [2a823981-0280-4f5e-ab1d-96d3f91f7cfe:group-04D037D831D0:LeaderElection42] INFO  server.RaftServerConfigKeys (ConfUtils.java:logGet(43)) - raft.server.write.element-limit = 4096 (default)
2019-09-12 10:20:15,892 [2a823981-0280-4f5e-ab1d-96d3f91f7cfe:group-2B262FB7F6DD:LeaderElection41] INFO  server.RaftServerConfigKeys (ConfUtils.java:logGet(43)) - raft.server.watch.timeout = 10s (default)
2019-09-12 10:20:15,892 [2a823981-0280-4f5e-ab1d-96d3f91f7cfe:group-04D037D831D0:LeaderElection42] INFO  server.RaftServerConfigKeys (ConfUtils.java:logGet(43)) - raft.server.watch.timeout = 10s (default)
2019-09-12 10:20:15,892 [2a823981-0280-4f5e-ab1d-96d3f91f7cfe:group-2B262FB7F6DD:LeaderElection41] INFO  server.RaftServerConfigKeys (ConfUtils.java:logGet(43)) - raft.server.watch.timeout.denomination = 1s (default)
2019-09-12 10:20:15,892 [2a823981-0280-4f5e-ab1d-96d3f91f7cfe:group-04D037D831D0:LeaderElection42] INFO  server.RaftServerConfigKeys (ConfUtils.java:logGet(43)) - raft.server.watch.timeout.denomination = 1s (default)
2019-09-12 10:20:15,892 [2a823981-0280-4f5e-ab1d-96d3f91f7cfe:group-2B262FB7F6DD:LeaderElection41] INFO  server.RaftServerConfigKeys (ConfUtils.java:logGet(43)) - raft.server.watch.element-limit = 65536 (default)
2019-09-12 10:20:15,892 [2a823981-0280-4f5e-ab1d-96d3f91f7cfe:group-04D037D831D0:LeaderElection42] INFO  server.RaftServerConfigKeys (ConfUtils.java:logGet(43)) - raft.server.watch.element-limit = 65536 (default)
2019-09-12 10:20:15,892 [2a823981-0280-4f5e-ab1d-96d3f91f7cfe:group-2B262FB7F6DD:LeaderElection41] INFO  impl.RoleInfo (RoleInfo.java:updateAndGet(143)) - 2a823981-0280-4f5e-ab1d-96d3f91f7cfe: start LeaderState
2019-09-12 10:20:15,893 [2a823981-0280-4f5e-ab1d-96d3f91f7cfe:group-04D037D831D0:LeaderElection42] INFO  impl.RoleInfo (RoleInfo.java:updateAndGet(143)) - 2a823981-0280-4f5e-ab1d-96d3f91f7cfe: start LeaderState
2019-09-12 10:20:15,893 [2a823981-0280-4f5e-ab1d-96d3f91f7cfe:group-2B262FB7F6DD:LeaderElection41] INFO  segmented.SegmentedRaftLogWorker (SegmentedRaftLogWorker.java:startLogSegment(380)) - 2a823981-0280-4f5e-ab1d-96d3f91f7cfe-SegmentedRaftLogWorker:Storage Directory /workdir/hadoop-ozone/integration-test/target/test-dir/MiniOzoneClusterImpl-612f74f6-2a8c-4890-9791-609c93916e5a/datanode-0/data/ratis/56210427-6842-41c4-b59a-2b262fb7f6dd: Starting segment from index:0
2019-09-12 10:20:15,893 [2a823981-0280-4f5e-ab1d-96d3f91f7cfe:group-04D037D831D0:LeaderElection42] INFO  segmented.SegmentedRaftLogWorker (SegmentedRaftLogWorker.java:startLogSegment(380)) - 2a823981-0280-4f5e-ab1d-96d3f91f7cfe-SegmentedRaftLogWorker:Storage Directory /workdir/hadoop-ozone/integration-test/target/test-dir/MiniOzoneClusterImpl-612f74f6-2a8c-4890-9791-609c93916e5a/datanode-0/data/ratis/b924795f-5660-437e-900a-04d037d831d0: Starting segment from index:0
2019-09-12 10:20:15,893 [2a823981-0280-4f5e-ab1d-96d3f91f7cfe:group-2B262FB7F6DD:LeaderElection41] INFO  impl.RaftServerImpl (ServerState.java:setRaftConf(361)) - 2a823981-0280-4f5e-ab1d-96d3f91f7cfe:group-2B262FB7F6DD set configuration 0: [2a823981-0280-4f5e-ab1d-96d3f91f7cfe:192.168.157.195:46205], old=null at 0
2019-09-12 10:20:15,893 [2a823981-0280-4f5e-ab1d-96d3f91f7cfe:group-04D037D831D0:LeaderElection42] INFO  impl.RaftServerImpl (ServerState.java:setRaftConf(361)) - 2a823981-0280-4f5e-ab1d-96d3f91f7cfe:group-04D037D831D0 set configuration 0: [2a823981-0280-4f5e-ab1d-96d3f91f7cfe:192.168.157.195:46205], old=null at 0
2019-09-12 10:20:15,925 [2a823981-0280-4f5e-ab1d-96d3f91f7cfe-SegmentedRaftLogWorker:Storage Directory /workdir/hadoop-ozone/integration-test/target/test-dir/MiniOzoneClusterImpl-612f74f6-2a8c-4890-9791-609c93916e5a/datanode-0/data/ratis/56210427-6842-41c4-b59a-2b262fb7f6dd] INFO  segmented.SegmentedRaftLogWorker (SegmentedRaftLogWorker.java:execute(569)) - 2a823981-0280-4f5e-ab1d-96d3f91f7cfe-SegmentedRaftLogWorker:Storage Directory /workdir/hadoop-ozone/integration-test/target/test-dir/MiniOzoneClusterImpl-612f74f6-2a8c-4890-9791-609c93916e5a/datanode-0/data/ratis/56210427-6842-41c4-b59a-2b262fb7f6dd: created new log segment /workdir/hadoop-ozone/integration-test/target/test-dir/MiniOzoneClusterImpl-612f74f6-2a8c-4890-9791-609c93916e5a/datanode-0/data/ratis/56210427-6842-41c4-b59a-2b262fb7f6dd/current/log_inprogress_0
2019-09-12 10:20:15,925 [2a823981-0280-4f5e-ab1d-96d3f91f7cfe-SegmentedRaftLogWorker:Storage Directory /workdir/hadoop-ozone/integration-test/target/test-dir/MiniOzoneClusterImpl-612f74f6-2a8c-4890-9791-609c93916e5a/datanode-0/data/ratis/b924795f-5660-437e-900a-04d037d831d0] INFO  segmented.SegmentedRaftLogWorker (SegmentedRaftLogWorker.java:execute(569)) - 2a823981-0280-4f5e-ab1d-96d3f91f7cfe-SegmentedRaftLogWorker:Storage Directory /workdir/hadoop-ozone/integration-test/target/test-dir/MiniOzoneClusterImpl-612f74f6-2a8c-4890-9791-609c93916e5a/datanode-0/data/ratis/b924795f-5660-437e-900a-04d037d831d0: created new log segment /workdir/hadoop-ozone/integration-test/target/test-dir/MiniOzoneClusterImpl-612f74f6-2a8c-4890-9791-609c93916e5a/datanode-0/data/ratis/b924795f-5660-437e-900a-04d037d831d0/current/log_inprogress_0
2019-09-12 10:20:16,205 [Thread-722] INFO  impl.FollowerState (FollowerState.java:run(106)) - ea975f8e-901d-47d9-83c9-43432336259b:group-D58E21E5CADC changes to CANDIDATE, lastRpcTime:5110, electionTimeout:5110ms
2019-09-12 10:20:16,205 [Thread-722] INFO  impl.RoleInfo (RoleInfo.java:shutdownFollowerState(121)) - ea975f8e-901d-47d9-83c9-43432336259b: shutdown FollowerState
2019-09-12 10:20:16,205 [Thread-722] INFO  impl.RaftServerImpl (RaftServerImpl.java:setRole(171)) - ea975f8e-901d-47d9-83c9-43432336259b:group-D58E21E5CADC changes role from FOLLOWER to CANDIDATE at term 0 for changeToCandidate
2019-09-12 10:20:16,205 [Thread-722] INFO  impl.RoleInfo (RoleInfo.java:updateAndGet(143)) - ea975f8e-901d-47d9-83c9-43432336259b: start LeaderElection
2019-09-12 10:20:16,216 [Thread-725] INFO  impl.FollowerState (FollowerState.java:run(106)) - ea975f8e-901d-47d9-83c9-43432336259b:group-64DA6D9A3FF1 changes to CANDIDATE, lastRpcTime:5075, electionTimeout:5075ms
2019-09-12 10:20:16,217 [Thread-725] INFO  impl.RoleInfo (RoleInfo.java:shutdownFollowerState(121)) - ea975f8e-901d-47d9-83c9-43432336259b: shutdown FollowerState
2019-09-12 10:20:16,217 [Thread-725] INFO  impl.RaftServerImpl (RaftServerImpl.java:setRole(171)) - ea975f8e-901d-47d9-83c9-43432336259b:group-64DA6D9A3FF1 changes role from FOLLOWER to CANDIDATE at term 0 for changeToCandidate
2019-09-12 10:20:16,217 [Thread-725] INFO  impl.RoleInfo (RoleInfo.java:updateAndGet(143)) - ea975f8e-901d-47d9-83c9-43432336259b: start LeaderElection
2019-09-12 10:20:16,223 [ea975f8e-901d-47d9-83c9-43432336259b:group-64DA6D9A3FF1:LeaderElection44] INFO  impl.LeaderElection (LeaderElection.java:askForVotes(181)) - ea975f8e-901d-47d9-83c9-43432336259b:group-64DA6D9A3FF1:LeaderElection44: begin an election at term 1 for -1: [ea975f8e-901d-47d9-83c9-43432336259b:192.168.157.195:33294], old=null
2019-09-12 10:20:16,223 [ea975f8e-901d-47d9-83c9-43432336259b:group-D58E21E5CADC:LeaderElection43] INFO  impl.LeaderElection (LeaderElection.java:askForVotes(181)) - ea975f8e-901d-47d9-83c9-43432336259b:group-D58E21E5CADC:LeaderElection43: begin an election at term 1 for -1: [ea975f8e-901d-47d9-83c9-43432336259b:192.168.157.195:33294], old=null
2019-09-12 10:20:16,224 [ea975f8e-901d-47d9-83c9-43432336259b:group-64DA6D9A3FF1:LeaderElection44] INFO  impl.RoleInfo (RoleInfo.java:shutdownLeaderElection(134)) - ea975f8e-901d-47d9-83c9-43432336259b: shutdown LeaderElection
2019-09-12 10:20:16,224 [ea975f8e-901d-47d9-83c9-43432336259b:group-D58E21E5CADC:LeaderElection43] INFO  impl.RoleInfo (RoleInfo.java:shutdownLeaderElection(134)) - ea975f8e-901d-47d9-83c9-43432336259b: shutdown LeaderElection
2019-09-12 10:20:16,224 [ea975f8e-901d-47d9-83c9-43432336259b:group-64DA6D9A3FF1:LeaderElection44] INFO  impl.RaftServerImpl (RaftServerImpl.java:setRole(171)) - ea975f8e-901d-47d9-83c9-43432336259b:group-64DA6D9A3FF1 changes role from CANDIDATE to LEADER at term 1 for changeToLeader
2019-09-12 10:20:16,224 [ea975f8e-901d-47d9-83c9-43432336259b:group-D58E21E5CADC:LeaderElection43] INFO  impl.RaftServerImpl (RaftServerImpl.java:setRole(171)) - ea975f8e-901d-47d9-83c9-43432336259b:group-D58E21E5CADC changes role from CANDIDATE to LEADER at term 1 for changeToLeader
2019-09-12 10:20:16,224 [ea975f8e-901d-47d9-83c9-43432336259b:group-64DA6D9A3FF1:LeaderElection44] INFO  impl.RaftServerImpl (ServerState.java:setLeader(263)) - ea975f8e-901d-47d9-83c9-43432336259b:group-64DA6D9A3FF1 change Leader from null to ea975f8e-901d-47d9-83c9-43432336259b at term 1 for becomeLeader, leader elected after 5086ms
2019-09-12 10:20:16,224 [ea975f8e-901d-47d9-83c9-43432336259b:group-D58E21E5CADC:LeaderElection43] INFO  impl.RaftServerImpl (ServerState.java:setLeader(263)) - ea975f8e-901d-47d9-83c9-43432336259b:group-D58E21E5CADC change Leader from null to ea975f8e-901d-47d9-83c9-43432336259b at term 1 for becomeLeader, leader elected after 5135ms
2019-09-12 10:20:16,225 [ea975f8e-901d-47d9-83c9-43432336259b:group-64DA6D9A3FF1:LeaderElection44] INFO  server.RaftServerConfigKeys (ConfUtils.java:logGet(43)) - raft.server.staging.catchup.gap = 1000 (default)
2019-09-12 10:20:16,225 [ea975f8e-901d-47d9-83c9-43432336259b:group-D58E21E5CADC:LeaderElection43] INFO  server.RaftServerConfigKeys (ConfUtils.java:logGet(43)) - raft.server.staging.catchup.gap = 1000 (default)
2019-09-12 10:20:16,225 [ea975f8e-901d-47d9-83c9-43432336259b:group-64DA6D9A3FF1:LeaderElection44] INFO  server.RaftServerConfigKeys (ConfUtils.java:logGet(43)) - raft.server.rpc.sleep.time = 25ms (default)
2019-09-12 10:20:16,225 [ea975f8e-901d-47d9-83c9-43432336259b:group-D58E21E5CADC:LeaderElection43] INFO  server.RaftServerConfigKeys (ConfUtils.java:logGet(43)) - raft.server.rpc.sleep.time = 25ms (default)
2019-09-12 10:20:16,225 [ea975f8e-901d-47d9-83c9-43432336259b:group-64DA6D9A3FF1:LeaderElection44] INFO  server.RaftServerConfigKeys (ConfUtils.java:logGet(43)) - raft.server.write.element-limit = 4096 (default)
2019-09-12 10:20:16,225 [ea975f8e-901d-47d9-83c9-43432336259b:group-D58E21E5CADC:LeaderElection43] INFO  server.RaftServerConfigKeys (ConfUtils.java:logGet(43)) - raft.server.write.element-limit = 4096 (default)
2019-09-12 10:20:16,225 [ea975f8e-901d-47d9-83c9-43432336259b:group-64DA6D9A3FF1:LeaderElection44] INFO  server.RaftServerConfigKeys (ConfUtils.java:logGet(43)) - raft.server.watch.timeout = 10s (default)
2019-09-12 10:20:16,226 [ea975f8e-901d-47d9-83c9-43432336259b:group-D58E21E5CADC:LeaderElection43] INFO  server.RaftServerConfigKeys (ConfUtils.java:logGet(43)) - raft.server.watch.timeout = 10s (default)
2019-09-12 10:20:16,226 [ea975f8e-901d-47d9-83c9-43432336259b:group-64DA6D9A3FF1:LeaderElection44] INFO  server.RaftServerConfigKeys (ConfUtils.java:logGet(43)) - raft.server.watch.timeout.denomination = 1s (default)
2019-09-12 10:20:16,226 [ea975f8e-901d-47d9-83c9-43432336259b:group-D58E21E5CADC:LeaderElection43] INFO  server.RaftServerConfigKeys (ConfUtils.java:logGet(43)) - raft.server.watch.timeout.denomination = 1s (default)
2019-09-12 10:20:16,226 [ea975f8e-901d-47d9-83c9-43432336259b:group-64DA6D9A3FF1:LeaderElection44] INFO  server.RaftServerConfigKeys (ConfUtils.java:logGet(43)) - raft.server.watch.element-limit = 65536 (default)
2019-09-12 10:20:16,226 [ea975f8e-901d-47d9-83c9-43432336259b:group-D58E21E5CADC:LeaderElection43] INFO  server.RaftServerConfigKeys (ConfUtils.java:logGet(43)) - raft.server.watch.element-limit = 65536 (default)
2019-09-12 10:20:16,226 [ea975f8e-901d-47d9-83c9-43432336259b:group-64DA6D9A3FF1:LeaderElection44] INFO  impl.RoleInfo (RoleInfo.java:updateAndGet(143)) - ea975f8e-901d-47d9-83c9-43432336259b: start LeaderState
2019-09-12 10:20:16,227 [ea975f8e-901d-47d9-83c9-43432336259b:group-D58E21E5CADC:LeaderElection43] INFO  impl.RoleInfo (RoleInfo.java:updateAndGet(143)) - ea975f8e-901d-47d9-83c9-43432336259b: start LeaderState
2019-09-12 10:20:16,227 [ea975f8e-901d-47d9-83c9-43432336259b:group-64DA6D9A3FF1:LeaderElection44] INFO  segmented.SegmentedRaftLogWorker (SegmentedRaftLogWorker.java:startLogSegment(380)) - ea975f8e-901d-47d9-83c9-43432336259b-SegmentedRaftLogWorker:Storage Directory /workdir/hadoop-ozone/integration-test/target/test-dir/MiniOzoneClusterImpl-612f74f6-2a8c-4890-9791-609c93916e5a/datanode-1/data/ratis/6235272b-c3bc-4b47-9f30-64da6d9a3ff1: Starting segment from index:0
2019-09-12 10:20:16,227 [ea975f8e-901d-47d9-83c9-43432336259b:group-D58E21E5CADC:LeaderElection43] INFO  segmented.SegmentedRaftLogWorker (SegmentedRaftLogWorker.java:startLogSegment(380)) - ea975f8e-901d-47d9-83c9-43432336259b-SegmentedRaftLogWorker:Storage Directory /workdir/hadoop-ozone/integration-test/target/test-dir/MiniOzoneClusterImpl-612f74f6-2a8c-4890-9791-609c93916e5a/datanode-1/data/ratis/62026f52-f84b-4248-ae6d-d58e21e5cadc: Starting segment from index:0
2019-09-12 10:20:16,228 [ea975f8e-901d-47d9-83c9-43432336259b:group-64DA6D9A3FF1:LeaderElection44] INFO  impl.RaftServerImpl (ServerState.java:setRaftConf(361)) - ea975f8e-901d-47d9-83c9-43432336259b:group-64DA6D9A3FF1 set configuration 0: [ea975f8e-901d-47d9-83c9-43432336259b:192.168.157.195:33294], old=null at 0
2019-09-12 10:20:16,228 [ea975f8e-901d-47d9-83c9-43432336259b:group-D58E21E5CADC:LeaderElection43] INFO  impl.RaftServerImpl (ServerState.java:setRaftConf(361)) - ea975f8e-901d-47d9-83c9-43432336259b:group-D58E21E5CADC set configuration 0: [ea975f8e-901d-47d9-83c9-43432336259b:192.168.157.195:33294], old=null at 0
2019-09-12 10:20:16,269 [Thread-731] INFO  impl.FollowerState (FollowerState.java:run(106)) - ea975f8e-901d-47d9-83c9-43432336259b:group-4A138822A81F changes to CANDIDATE, lastRpcTime:5040, electionTimeout:5019ms
2019-09-12 10:20:16,269 [Thread-731] INFO  impl.RoleInfo (RoleInfo.java:shutdownFollowerState(121)) - ea975f8e-901d-47d9-83c9-43432336259b: shutdown FollowerState
2019-09-12 10:20:16,270 [Thread-731] INFO  impl.RaftServerImpl (RaftServerImpl.java:setRole(171)) - ea975f8e-901d-47d9-83c9-43432336259b:group-4A138822A81F changes role from FOLLOWER to CANDIDATE at term 0 for changeToCandidate
2019-09-12 10:20:16,270 [Thread-731] INFO  impl.RoleInfo (RoleInfo.java:updateAndGet(143)) - ea975f8e-901d-47d9-83c9-43432336259b: start LeaderElection
2019-09-12 10:20:16,271 | INFO  | SCMAudit | user=jenkins1000 | ip=192.168.157.195 | op=SEND_HEARTBEAT {datanodeUUID=544a1983-7fe2-414f-ab8e-445659a3ebbd, command=[]} | ret=SUCCESS |  
2019-09-12 10:20:16,283 [ea975f8e-901d-47d9-83c9-43432336259b-SegmentedRaftLogWorker:Storage Directory /workdir/hadoop-ozone/integration-test/target/test-dir/MiniOzoneClusterImpl-612f74f6-2a8c-4890-9791-609c93916e5a/datanode-1/data/ratis/6235272b-c3bc-4b47-9f30-64da6d9a3ff1] INFO  segmented.SegmentedRaftLogWorker (SegmentedRaftLogWorker.java:execute(569)) - ea975f8e-901d-47d9-83c9-43432336259b-SegmentedRaftLogWorker:Storage Directory /workdir/hadoop-ozone/integration-test/target/test-dir/MiniOzoneClusterImpl-612f74f6-2a8c-4890-9791-609c93916e5a/datanode-1/data/ratis/6235272b-c3bc-4b47-9f30-64da6d9a3ff1: created new log segment /workdir/hadoop-ozone/integration-test/target/test-dir/MiniOzoneClusterImpl-612f74f6-2a8c-4890-9791-609c93916e5a/datanode-1/data/ratis/6235272b-c3bc-4b47-9f30-64da6d9a3ff1/current/log_inprogress_0
2019-09-12 10:20:16,283 [ea975f8e-901d-47d9-83c9-43432336259b:group-4A138822A81F:LeaderElection45] INFO  impl.LeaderElection (LeaderElection.java:askForVotes(181)) - ea975f8e-901d-47d9-83c9-43432336259b:group-4A138822A81F:LeaderElection45: begin an election at term 1 for -1: [ea975f8e-901d-47d9-83c9-43432336259b:192.168.157.195:33294], old=null
2019-09-12 10:20:16,283 [ea975f8e-901d-47d9-83c9-43432336259b-SegmentedRaftLogWorker:Storage Directory /workdir/hadoop-ozone/integration-test/target/test-dir/MiniOzoneClusterImpl-612f74f6-2a8c-4890-9791-609c93916e5a/datanode-1/data/ratis/62026f52-f84b-4248-ae6d-d58e21e5cadc] INFO  segmented.SegmentedRaftLogWorker (SegmentedRaftLogWorker.java:execute(569)) - ea975f8e-901d-47d9-83c9-43432336259b-SegmentedRaftLogWorker:Storage Directory /workdir/hadoop-ozone/integration-test/target/test-dir/MiniOzoneClusterImpl-612f74f6-2a8c-4890-9791-609c93916e5a/datanode-1/data/ratis/62026f52-f84b-4248-ae6d-d58e21e5cadc: created new log segment /workdir/hadoop-ozone/integration-test/target/test-dir/MiniOzoneClusterImpl-612f74f6-2a8c-4890-9791-609c93916e5a/datanode-1/data/ratis/62026f52-f84b-4248-ae6d-d58e21e5cadc/current/log_inprogress_0
2019-09-12 10:20:16,283 [ea975f8e-901d-47d9-83c9-43432336259b:group-4A138822A81F:LeaderElection45] INFO  impl.RoleInfo (RoleInfo.java:shutdownLeaderElection(134)) - ea975f8e-901d-47d9-83c9-43432336259b: shutdown LeaderElection
2019-09-12 10:20:16,283 [ea975f8e-901d-47d9-83c9-43432336259b:group-4A138822A81F:LeaderElection45] INFO  impl.RaftServerImpl (RaftServerImpl.java:setRole(171)) - ea975f8e-901d-47d9-83c9-43432336259b:group-4A138822A81F changes role from CANDIDATE to LEADER at term 1 for changeToLeader
2019-09-12 10:20:16,283 [ea975f8e-901d-47d9-83c9-43432336259b:group-4A138822A81F:LeaderElection45] INFO  impl.RaftServerImpl (ServerState.java:setLeader(263)) - ea975f8e-901d-47d9-83c9-43432336259b:group-4A138822A81F change Leader from null to ea975f8e-901d-47d9-83c9-43432336259b at term 1 for becomeLeader, leader elected after 5058ms
2019-09-12 10:20:16,283 [ea975f8e-901d-47d9-83c9-43432336259b:group-4A138822A81F:LeaderElection45] INFO  server.RaftServerConfigKeys (ConfUtils.java:logGet(43)) - raft.server.staging.catchup.gap = 1000 (default)
2019-09-12 10:20:16,284 [ea975f8e-901d-47d9-83c9-43432336259b:group-4A138822A81F:LeaderElection45] INFO  server.RaftServerConfigKeys (ConfUtils.java:logGet(43)) - raft.server.rpc.sleep.time = 25ms (default)
2019-09-12 10:20:16,284 [ea975f8e-901d-47d9-83c9-43432336259b:group-4A138822A81F:LeaderElection45] INFO  server.RaftServerConfigKeys (ConfUtils.java:logGet(43)) - raft.server.write.element-limit = 4096 (default)
2019-09-12 10:20:16,284 [ea975f8e-901d-47d9-83c9-43432336259b:group-4A138822A81F:LeaderElection45] INFO  server.RaftServerConfigKeys (ConfUtils.java:logGet(43)) - raft.server.watch.timeout = 10s (default)
2019-09-12 10:20:16,284 [ea975f8e-901d-47d9-83c9-43432336259b:group-4A138822A81F:LeaderElection45] INFO  server.RaftServerConfigKeys (ConfUtils.java:logGet(43)) - raft.server.watch.timeout.denomination = 1s (default)
2019-09-12 10:20:16,284 [ea975f8e-901d-47d9-83c9-43432336259b:group-4A138822A81F:LeaderElection45] INFO  server.RaftServerConfigKeys (ConfUtils.java:logGet(43)) - raft.server.watch.element-limit = 65536 (default)
2019-09-12 10:20:16,285 [ea975f8e-901d-47d9-83c9-43432336259b:group-4A138822A81F:LeaderElection45] INFO  impl.RoleInfo (RoleInfo.java:updateAndGet(143)) - ea975f8e-901d-47d9-83c9-43432336259b: start LeaderState
2019-09-12 10:20:16,285 [ea975f8e-901d-47d9-83c9-43432336259b:group-4A138822A81F:LeaderElection45] INFO  segmented.SegmentedRaftLogWorker (SegmentedRaftLogWorker.java:startLogSegment(380)) - ea975f8e-901d-47d9-83c9-43432336259b-SegmentedRaftLogWorker:Storage Directory /workdir/hadoop-ozone/integration-test/target/test-dir/MiniOzoneClusterImpl-612f74f6-2a8c-4890-9791-609c93916e5a/datanode-1/data/ratis/26ac4326-724b-404d-91ab-4a138822a81f: Starting segment from index:0
2019-09-12 10:20:16,285 [ea975f8e-901d-47d9-83c9-43432336259b:group-4A138822A81F:LeaderElection45] INFO  impl.RaftServerImpl (ServerState.java:setRaftConf(361)) - ea975f8e-901d-47d9-83c9-43432336259b:group-4A138822A81F set configuration 0: [ea975f8e-901d-47d9-83c9-43432336259b:192.168.157.195:33294], old=null at 0
2019-09-12 10:20:16,332 [ea975f8e-901d-47d9-83c9-43432336259b-SegmentedRaftLogWorker:Storage Directory /workdir/hadoop-ozone/integration-test/target/test-dir/MiniOzoneClusterImpl-612f74f6-2a8c-4890-9791-609c93916e5a/datanode-1/data/ratis/26ac4326-724b-404d-91ab-4a138822a81f] INFO  segmented.SegmentedRaftLogWorker (SegmentedRaftLogWorker.java:execute(569)) - ea975f8e-901d-47d9-83c9-43432336259b-SegmentedRaftLogWorker:Storage Directory /workdir/hadoop-ozone/integration-test/target/test-dir/MiniOzoneClusterImpl-612f74f6-2a8c-4890-9791-609c93916e5a/datanode-1/data/ratis/26ac4326-724b-404d-91ab-4a138822a81f: created new log segment /workdir/hadoop-ozone/integration-test/target/test-dir/MiniOzoneClusterImpl-612f74f6-2a8c-4890-9791-609c93916e5a/datanode-1/data/ratis/26ac4326-724b-404d-91ab-4a138822a81f/current/log_inprogress_0
2019-09-12 10:20:16,350 [Thread-728] INFO  impl.FollowerState (FollowerState.java:run(106)) - ea975f8e-901d-47d9-83c9-43432336259b:group-7B110D48BB51 changes to CANDIDATE, lastRpcTime:5164, electionTimeout:5164ms
2019-09-12 10:20:16,350 [Thread-728] INFO  impl.RoleInfo (RoleInfo.java:shutdownFollowerState(121)) - ea975f8e-901d-47d9-83c9-43432336259b: shutdown FollowerState
2019-09-12 10:20:16,350 [Thread-728] INFO  impl.RaftServerImpl (RaftServerImpl.java:setRole(171)) - ea975f8e-901d-47d9-83c9-43432336259b:group-7B110D48BB51 changes role from FOLLOWER to CANDIDATE at term 0 for changeToCandidate
2019-09-12 10:20:16,350 [Thread-728] INFO  impl.RoleInfo (RoleInfo.java:updateAndGet(143)) - ea975f8e-901d-47d9-83c9-43432336259b: start LeaderElection
2019-09-12 10:20:16,353 [Thread-734] INFO  impl.FollowerState (FollowerState.java:run(106)) - ea975f8e-901d-47d9-83c9-43432336259b:group-E8F9316E41D6 changes to CANDIDATE, lastRpcTime:5080, electionTimeout:5079ms
2019-09-12 10:20:16,353 [Thread-734] INFO  impl.RoleInfo (RoleInfo.java:shutdownFollowerState(121)) - ea975f8e-901d-47d9-83c9-43432336259b: shutdown FollowerState
2019-09-12 10:20:16,353 [Thread-734] INFO  impl.RaftServerImpl (RaftServerImpl.java:setRole(171)) - ea975f8e-901d-47d9-83c9-43432336259b:group-E8F9316E41D6 changes role from FOLLOWER to CANDIDATE at term 0 for changeToCandidate
2019-09-12 10:20:16,353 [Thread-734] INFO  impl.RoleInfo (RoleInfo.java:updateAndGet(143)) - ea975f8e-901d-47d9-83c9-43432336259b: start LeaderElection
2019-09-12 10:20:16,363 [Thread-737] INFO  impl.FollowerState (FollowerState.java:run(106)) - ea975f8e-901d-47d9-83c9-43432336259b:group-90093961A082 changes to CANDIDATE, lastRpcTime:5048, electionTimeout:5048ms
2019-09-12 10:20:16,363 [Thread-737] INFO  impl.RoleInfo (RoleInfo.java:shutdownFollowerState(121)) - ea975f8e-901d-47d9-83c9-43432336259b: shutdown FollowerState
2019-09-12 10:20:16,363 [Thread-737] INFO  impl.RaftServerImpl (RaftServerImpl.java:setRole(171)) - ea975f8e-901d-47d9-83c9-43432336259b:group-90093961A082 changes role from FOLLOWER to CANDIDATE at term 0 for changeToCandidate
2019-09-12 10:20:16,364 [Thread-737] INFO  impl.RoleInfo (RoleInfo.java:updateAndGet(143)) - ea975f8e-901d-47d9-83c9-43432336259b: start LeaderElection
2019-09-12 10:20:16,368 [ea975f8e-901d-47d9-83c9-43432336259b:group-E8F9316E41D6:LeaderElection47] INFO  impl.LeaderElection (LeaderElection.java:askForVotes(181)) - ea975f8e-901d-47d9-83c9-43432336259b:group-E8F9316E41D6:LeaderElection47: begin an election at term 1 for -1: [ea975f8e-901d-47d9-83c9-43432336259b:192.168.157.195:33294], old=null
2019-09-12 10:20:16,368 [ea975f8e-901d-47d9-83c9-43432336259b:group-7B110D48BB51:LeaderElection46] INFO  impl.LeaderElection (LeaderElection.java:askForVotes(181)) - ea975f8e-901d-47d9-83c9-43432336259b:group-7B110D48BB51:LeaderElection46: begin an election at term 1 for -1: [ea975f8e-901d-47d9-83c9-43432336259b:192.168.157.195:33294], old=null
2019-09-12 10:20:16,368 [ea975f8e-901d-47d9-83c9-43432336259b:group-E8F9316E41D6:LeaderElection47] INFO  impl.RoleInfo (RoleInfo.java:shutdownLeaderElection(134)) - ea975f8e-901d-47d9-83c9-43432336259b: shutdown LeaderElection
2019-09-12 10:20:16,368 [ea975f8e-901d-47d9-83c9-43432336259b:group-7B110D48BB51:LeaderElection46] INFO  impl.RoleInfo (RoleInfo.java:shutdownLeaderElection(134)) - ea975f8e-901d-47d9-83c9-43432336259b: shutdown LeaderElection
2019-09-12 10:20:16,368 [ea975f8e-901d-47d9-83c9-43432336259b:group-E8F9316E41D6:LeaderElection47] INFO  impl.RaftServerImpl (RaftServerImpl.java:setRole(171)) - ea975f8e-901d-47d9-83c9-43432336259b:group-E8F9316E41D6 changes role from CANDIDATE to LEADER at term 1 for changeToLeader
2019-09-12 10:20:16,368 [ea975f8e-901d-47d9-83c9-43432336259b:group-7B110D48BB51:LeaderElection46] INFO  impl.RaftServerImpl (RaftServerImpl.java:setRole(171)) - ea975f8e-901d-47d9-83c9-43432336259b:group-7B110D48BB51 changes role from CANDIDATE to LEADER at term 1 for changeToLeader
2019-09-12 10:20:16,368 [ea975f8e-901d-47d9-83c9-43432336259b:group-E8F9316E41D6:LeaderElection47] INFO  impl.RaftServerImpl (ServerState.java:setLeader(263)) - ea975f8e-901d-47d9-83c9-43432336259b:group-E8F9316E41D6 change Leader from null to ea975f8e-901d-47d9-83c9-43432336259b at term 1 for becomeLeader, leader elected after 5099ms
2019-09-12 10:20:16,369 [ea975f8e-901d-47d9-83c9-43432336259b:group-7B110D48BB51:LeaderElection46] INFO  impl.RaftServerImpl (ServerState.java:setLeader(263)) - ea975f8e-901d-47d9-83c9-43432336259b:group-7B110D48BB51 change Leader from null to ea975f8e-901d-47d9-83c9-43432336259b at term 1 for becomeLeader, leader elected after 5187ms
2019-09-12 10:20:16,369 [ea975f8e-901d-47d9-83c9-43432336259b:group-E8F9316E41D6:LeaderElection47] INFO  server.RaftServerConfigKeys (ConfUtils.java:logGet(43)) - raft.server.staging.catchup.gap = 1000 (default)
2019-09-12 10:20:16,369 [ea975f8e-901d-47d9-83c9-43432336259b:group-7B110D48BB51:LeaderElection46] INFO  server.RaftServerConfigKeys (ConfUtils.java:logGet(43)) - raft.server.staging.catchup.gap = 1000 (default)
2019-09-12 10:20:16,369 [ea975f8e-901d-47d9-83c9-43432336259b:group-E8F9316E41D6:LeaderElection47] INFO  server.RaftServerConfigKeys (ConfUtils.java:logGet(43)) - raft.server.rpc.sleep.time = 25ms (default)
2019-09-12 10:20:16,369 [ea975f8e-901d-47d9-83c9-43432336259b:group-7B110D48BB51:LeaderElection46] INFO  server.RaftServerConfigKeys (ConfUtils.java:logGet(43)) - raft.server.rpc.sleep.time = 25ms (default)
2019-09-12 10:20:16,370 [ea975f8e-901d-47d9-83c9-43432336259b:group-E8F9316E41D6:LeaderElection47] INFO  server.RaftServerConfigKeys (ConfUtils.java:logGet(43)) - raft.server.write.element-limit = 4096 (default)
2019-09-12 10:20:16,370 [ea975f8e-901d-47d9-83c9-43432336259b:group-7B110D48BB51:LeaderElection46] INFO  server.RaftServerConfigKeys (ConfUtils.java:logGet(43)) - raft.server.write.element-limit = 4096 (default)
2019-09-12 10:20:16,370 [ea975f8e-901d-47d9-83c9-43432336259b:group-E8F9316E41D6:LeaderElection47] INFO  server.RaftServerConfigKeys (ConfUtils.java:logGet(43)) - raft.server.watch.timeout = 10s (default)
2019-09-12 10:20:16,370 [ea975f8e-901d-47d9-83c9-43432336259b:group-7B110D48BB51:LeaderElection46] INFO  server.RaftServerConfigKeys (ConfUtils.java:logGet(43)) - raft.server.watch.timeout = 10s (default)
2019-09-12 10:20:16,370 [ea975f8e-901d-47d9-83c9-43432336259b:group-90093961A082:LeaderElection48] INFO  impl.LeaderElection (LeaderElection.java:askForVotes(181)) - ea975f8e-901d-47d9-83c9-43432336259b:group-90093961A082:LeaderElection48: begin an election at term 1 for -1: [ea975f8e-901d-47d9-83c9-43432336259b:192.168.157.195:33294], old=null
2019-09-12 10:20:16,370 [ea975f8e-901d-47d9-83c9-43432336259b:group-7B110D48BB51:LeaderElection46] INFO  server.RaftServerConfigKeys (ConfUtils.java:logGet(43)) - raft.server.watch.timeout.denomination = 1s (default)
2019-09-12 10:20:16,370 [ea975f8e-901d-47d9-83c9-43432336259b:group-E8F9316E41D6:LeaderElection47] INFO  server.RaftServerConfigKeys (ConfUtils.java:logGet(43)) - raft.server.watch.timeout.denomination = 1s (default)
2019-09-12 10:20:16,371 [ea975f8e-901d-47d9-83c9-43432336259b:group-7B110D48BB51:LeaderElection46] INFO  server.RaftServerConfigKeys (ConfUtils.java:logGet(43)) - raft.server.watch.element-limit = 65536 (default)
2019-09-12 10:20:16,371 [ea975f8e-901d-47d9-83c9-43432336259b:group-90093961A082:LeaderElection48] INFO  impl.RoleInfo (RoleInfo.java:shutdownLeaderElection(134)) - ea975f8e-901d-47d9-83c9-43432336259b: shutdown LeaderElection
2019-09-12 10:20:16,371 [ea975f8e-901d-47d9-83c9-43432336259b:group-7B110D48BB51:LeaderElection46] INFO  impl.RoleInfo (RoleInfo.java:updateAndGet(143)) - ea975f8e-901d-47d9-83c9-43432336259b: start LeaderState
2019-09-12 10:20:16,371 [ea975f8e-901d-47d9-83c9-43432336259b:group-E8F9316E41D6:LeaderElection47] INFO  server.RaftServerConfigKeys (ConfUtils.java:logGet(43)) - raft.server.watch.element-limit = 65536 (default)
2019-09-12 10:20:16,371 [ea975f8e-901d-47d9-83c9-43432336259b:group-90093961A082:LeaderElection48] INFO  impl.RaftServerImpl (RaftServerImpl.java:setRole(171)) - ea975f8e-901d-47d9-83c9-43432336259b:group-90093961A082 changes role from CANDIDATE to LEADER at term 1 for changeToLeader
2019-09-12 10:20:16,371 [ea975f8e-901d-47d9-83c9-43432336259b:group-7B110D48BB51:LeaderElection46] INFO  segmented.SegmentedRaftLogWorker (SegmentedRaftLogWorker.java:startLogSegment(380)) - ea975f8e-901d-47d9-83c9-43432336259b-SegmentedRaftLogWorker:Storage Directory /workdir/hadoop-ozone/integration-test/target/test-dir/MiniOzoneClusterImpl-612f74f6-2a8c-4890-9791-609c93916e5a/datanode-1/data/ratis/717a569e-0e91-41cc-ba09-7b110d48bb51: Starting segment from index:0
2019-09-12 10:20:16,372 [ea975f8e-901d-47d9-83c9-43432336259b:group-90093961A082:LeaderElection48] INFO  impl.RaftServerImpl (ServerState.java:setLeader(263)) - ea975f8e-901d-47d9-83c9-43432336259b:group-90093961A082 change Leader from null to ea975f8e-901d-47d9-83c9-43432336259b at term 1 for becomeLeader, leader elected after 5061ms
2019-09-12 10:20:16,372 [ea975f8e-901d-47d9-83c9-43432336259b:group-E8F9316E41D6:LeaderElection47] INFO  impl.RoleInfo (RoleInfo.java:updateAndGet(143)) - ea975f8e-901d-47d9-83c9-43432336259b: start LeaderState
2019-09-12 10:20:16,372 [ea975f8e-901d-47d9-83c9-43432336259b:group-90093961A082:LeaderElection48] INFO  server.RaftServerConfigKeys (ConfUtils.java:logGet(43)) - raft.server.staging.catchup.gap = 1000 (default)
2019-09-12 10:20:16,372 [ea975f8e-901d-47d9-83c9-43432336259b:group-7B110D48BB51:LeaderElection46] INFO  impl.RaftServerImpl (ServerState.java:setRaftConf(361)) - ea975f8e-901d-47d9-83c9-43432336259b:group-7B110D48BB51 set configuration 0: [ea975f8e-901d-47d9-83c9-43432336259b:192.168.157.195:33294], old=null at 0
2019-09-12 10:20:16,372 [ea975f8e-901d-47d9-83c9-43432336259b:group-E8F9316E41D6:LeaderElection47] INFO  segmented.SegmentedRaftLogWorker (SegmentedRaftLogWorker.java:startLogSegment(380)) - ea975f8e-901d-47d9-83c9-43432336259b-SegmentedRaftLogWorker:Storage Directory /workdir/hadoop-ozone/integration-test/target/test-dir/MiniOzoneClusterImpl-612f74f6-2a8c-4890-9791-609c93916e5a/datanode-1/data/ratis/e407f0e1-564f-4975-99ae-e8f9316e41d6: Starting segment from index:0
2019-09-12 10:20:16,372 [ea975f8e-901d-47d9-83c9-43432336259b:group-90093961A082:LeaderElection48] INFO  server.RaftServerConfigKeys (ConfUtils.java:logGet(43)) - raft.server.rpc.sleep.time = 25ms (default)
2019-09-12 10:20:16,373 [ea975f8e-901d-47d9-83c9-43432336259b:group-90093961A082:LeaderElection48] INFO  server.RaftServerConfigKeys (ConfUtils.java:logGet(43)) - raft.server.write.element-limit = 4096 (default)
2019-09-12 10:20:16,373 [ea975f8e-901d-47d9-83c9-43432336259b:group-E8F9316E41D6:LeaderElection47] INFO  impl.RaftServerImpl (ServerState.java:setRaftConf(361)) - ea975f8e-901d-47d9-83c9-43432336259b:group-E8F9316E41D6 set configuration 0: [ea975f8e-901d-47d9-83c9-43432336259b:192.168.157.195:33294], old=null at 0
2019-09-12 10:20:16,373 [ea975f8e-901d-47d9-83c9-43432336259b:group-90093961A082:LeaderElection48] INFO  server.RaftServerConfigKeys (ConfUtils.java:logGet(43)) - raft.server.watch.timeout = 10s (default)
2019-09-12 10:20:16,374 [ea975f8e-901d-47d9-83c9-43432336259b:group-90093961A082:LeaderElection48] INFO  server.RaftServerConfigKeys (ConfUtils.java:logGet(43)) - raft.server.watch.timeout.denomination = 1s (default)
2019-09-12 10:20:16,374 [ea975f8e-901d-47d9-83c9-43432336259b:group-90093961A082:LeaderElection48] INFO  server.RaftServerConfigKeys (ConfUtils.java:logGet(43)) - raft.server.watch.element-limit = 65536 (default)
2019-09-12 10:20:16,374 [ea975f8e-901d-47d9-83c9-43432336259b:group-90093961A082:LeaderElection48] INFO  impl.RoleInfo (RoleInfo.java:updateAndGet(143)) - ea975f8e-901d-47d9-83c9-43432336259b: start LeaderState
2019-09-12 10:20:16,374 [ea975f8e-901d-47d9-83c9-43432336259b:group-90093961A082:LeaderElection48] INFO  segmented.SegmentedRaftLogWorker (SegmentedRaftLogWorker.java:startLogSegment(380)) - ea975f8e-901d-47d9-83c9-43432336259b-SegmentedRaftLogWorker:Storage Directory /workdir/hadoop-ozone/integration-test/target/test-dir/MiniOzoneClusterImpl-612f74f6-2a8c-4890-9791-609c93916e5a/datanode-1/data/ratis/6cb486d9-c59b-46c8-a349-90093961a082: Starting segment from index:0
2019-09-12 10:20:16,375 [ea975f8e-901d-47d9-83c9-43432336259b:group-90093961A082:LeaderElection48] INFO  impl.RaftServerImpl (ServerState.java:setRaftConf(361)) - ea975f8e-901d-47d9-83c9-43432336259b:group-90093961A082 set configuration 0: [ea975f8e-901d-47d9-83c9-43432336259b:192.168.157.195:33294], old=null at 0
2019-09-12 10:20:16,395 [Thread-740] INFO  impl.FollowerState (FollowerState.java:run(106)) - 544a1983-7fe2-414f-ab8e-445659a3ebbd:group-793A2085E1FF changes to CANDIDATE, lastRpcTime:5027, electionTimeout:5027ms
2019-09-12 10:20:16,395 [Thread-740] INFO  impl.RoleInfo (RoleInfo.java:shutdownFollowerState(121)) - 544a1983-7fe2-414f-ab8e-445659a3ebbd: shutdown FollowerState
2019-09-12 10:20:16,395 [Thread-740] INFO  impl.RaftServerImpl (RaftServerImpl.java:setRole(171)) - 544a1983-7fe2-414f-ab8e-445659a3ebbd:group-793A2085E1FF changes role from FOLLOWER to CANDIDATE at term 0 for changeToCandidate
2019-09-12 10:20:16,395 [Thread-740] INFO  impl.RoleInfo (RoleInfo.java:updateAndGet(143)) - 544a1983-7fe2-414f-ab8e-445659a3ebbd: start LeaderElection
2019-09-12 10:20:16,431 [ea975f8e-901d-47d9-83c9-43432336259b-SegmentedRaftLogWorker:Storage Directory /workdir/hadoop-ozone/integration-test/target/test-dir/MiniOzoneClusterImpl-612f74f6-2a8c-4890-9791-609c93916e5a/datanode-1/data/ratis/e407f0e1-564f-4975-99ae-e8f9316e41d6] INFO  segmented.SegmentedRaftLogWorker (SegmentedRaftLogWorker.java:execute(569)) - ea975f8e-901d-47d9-83c9-43432336259b-SegmentedRaftLogWorker:Storage Directory /workdir/hadoop-ozone/integration-test/target/test-dir/MiniOzoneClusterImpl-612f74f6-2a8c-4890-9791-609c93916e5a/datanode-1/data/ratis/e407f0e1-564f-4975-99ae-e8f9316e41d6: created new log segment /workdir/hadoop-ozone/integration-test/target/test-dir/MiniOzoneClusterImpl-612f74f6-2a8c-4890-9791-609c93916e5a/datanode-1/data/ratis/e407f0e1-564f-4975-99ae-e8f9316e41d6/current/log_inprogress_0
2019-09-12 10:20:16,431 [544a1983-7fe2-414f-ab8e-445659a3ebbd:group-793A2085E1FF:LeaderElection49] INFO  impl.LeaderElection (LeaderElection.java:askForVotes(181)) - 544a1983-7fe2-414f-ab8e-445659a3ebbd:group-793A2085E1FF:LeaderElection49: begin an election at term 1 for -1: [544a1983-7fe2-414f-ab8e-445659a3ebbd:192.168.157.195:46339], old=null
2019-09-12 10:20:16,431 [ea975f8e-901d-47d9-83c9-43432336259b-SegmentedRaftLogWorker:Storage Directory /workdir/hadoop-ozone/integration-test/target/test-dir/MiniOzoneClusterImpl-612f74f6-2a8c-4890-9791-609c93916e5a/datanode-1/data/ratis/6cb486d9-c59b-46c8-a349-90093961a082] INFO  segmented.SegmentedRaftLogWorker (SegmentedRaftLogWorker.java:execute(569)) - ea975f8e-901d-47d9-83c9-43432336259b-SegmentedRaftLogWorker:Storage Directory /workdir/hadoop-ozone/integration-test/target/test-dir/MiniOzoneClusterImpl-612f74f6-2a8c-4890-9791-609c93916e5a/datanode-1/data/ratis/6cb486d9-c59b-46c8-a349-90093961a082: created new log segment /workdir/hadoop-ozone/integration-test/target/test-dir/MiniOzoneClusterImpl-612f74f6-2a8c-4890-9791-609c93916e5a/datanode-1/data/ratis/6cb486d9-c59b-46c8-a349-90093961a082/current/log_inprogress_0
2019-09-12 10:20:16,431 [ea975f8e-901d-47d9-83c9-43432336259b-SegmentedRaftLogWorker:Storage Directory /workdir/hadoop-ozone/integration-test/target/test-dir/MiniOzoneClusterImpl-612f74f6-2a8c-4890-9791-609c93916e5a/datanode-1/data/ratis/717a569e-0e91-41cc-ba09-7b110d48bb51] INFO  segmented.SegmentedRaftLogWorker (SegmentedRaftLogWorker.java:execute(569)) - ea975f8e-901d-47d9-83c9-43432336259b-SegmentedRaftLogWorker:Storage Directory /workdir/hadoop-ozone/integration-test/target/test-dir/MiniOzoneClusterImpl-612f74f6-2a8c-4890-9791-609c93916e5a/datanode-1/data/ratis/717a569e-0e91-41cc-ba09-7b110d48bb51: created new log segment /workdir/hadoop-ozone/integration-test/target/test-dir/MiniOzoneClusterImpl-612f74f6-2a8c-4890-9791-609c93916e5a/datanode-1/data/ratis/717a569e-0e91-41cc-ba09-7b110d48bb51/current/log_inprogress_0
2019-09-12 10:20:16,431 [544a1983-7fe2-414f-ab8e-445659a3ebbd:group-793A2085E1FF:LeaderElection49] INFO  impl.RoleInfo (RoleInfo.java:shutdownLeaderElection(134)) - 544a1983-7fe2-414f-ab8e-445659a3ebbd: shutdown LeaderElection
2019-09-12 10:20:16,432 [544a1983-7fe2-414f-ab8e-445659a3ebbd:group-793A2085E1FF:LeaderElection49] INFO  impl.RaftServerImpl (RaftServerImpl.java:setRole(171)) - 544a1983-7fe2-414f-ab8e-445659a3ebbd:group-793A2085E1FF changes role from CANDIDATE to LEADER at term 1 for changeToLeader
2019-09-12 10:20:16,432 [544a1983-7fe2-414f-ab8e-445659a3ebbd:group-793A2085E1FF:LeaderElection49] INFO  impl.RaftServerImpl (ServerState.java:setLeader(263)) - 544a1983-7fe2-414f-ab8e-445659a3ebbd:group-793A2085E1FF change Leader from null to 544a1983-7fe2-414f-ab8e-445659a3ebbd at term 1 for becomeLeader, leader elected after 5069ms
2019-09-12 10:20:16,432 [544a1983-7fe2-414f-ab8e-445659a3ebbd:group-793A2085E1FF:LeaderElection49] INFO  server.RaftServerConfigKeys (ConfUtils.java:logGet(43)) - raft.server.staging.catchup.gap = 1000 (default)
2019-09-12 10:20:16,432 [544a1983-7fe2-414f-ab8e-445659a3ebbd:group-793A2085E1FF:LeaderElection49] INFO  server.RaftServerConfigKeys (ConfUtils.java:logGet(43)) - raft.server.rpc.sleep.time = 25ms (default)
2019-09-12 10:20:16,432 [544a1983-7fe2-414f-ab8e-445659a3ebbd:group-793A2085E1FF:LeaderElection49] INFO  server.RaftServerConfigKeys (ConfUtils.java:logGet(43)) - raft.server.write.element-limit = 4096 (default)
2019-09-12 10:20:16,432 [544a1983-7fe2-414f-ab8e-445659a3ebbd:group-793A2085E1FF:LeaderElection49] INFO  server.RaftServerConfigKeys (ConfUtils.java:logGet(43)) - raft.server.watch.timeout = 10s (default)
2019-09-12 10:20:16,432 [544a1983-7fe2-414f-ab8e-445659a3ebbd:group-793A2085E1FF:LeaderElection49] INFO  server.RaftServerConfigKeys (ConfUtils.java:logGet(43)) - raft.server.watch.timeout.denomination = 1s (default)
2019-09-12 10:20:16,433 [544a1983-7fe2-414f-ab8e-445659a3ebbd:group-793A2085E1FF:LeaderElection49] INFO  server.RaftServerConfigKeys (ConfUtils.java:logGet(43)) - raft.server.watch.element-limit = 65536 (default)
2019-09-12 10:20:16,433 [544a1983-7fe2-414f-ab8e-445659a3ebbd:group-793A2085E1FF:LeaderElection49] INFO  impl.RoleInfo (RoleInfo.java:updateAndGet(143)) - 544a1983-7fe2-414f-ab8e-445659a3ebbd: start LeaderState
2019-09-12 10:20:16,433 [544a1983-7fe2-414f-ab8e-445659a3ebbd:group-793A2085E1FF:LeaderElection49] INFO  segmented.SegmentedRaftLogWorker (SegmentedRaftLogWorker.java:startLogSegment(380)) - 544a1983-7fe2-414f-ab8e-445659a3ebbd-SegmentedRaftLogWorker:Storage Directory /workdir/hadoop-ozone/integration-test/target/test-dir/MiniOzoneClusterImpl-612f74f6-2a8c-4890-9791-609c93916e5a/datanode-2/data/ratis/31443aba-52b8-4232-87f3-793a2085e1ff: Starting segment from index:0
2019-09-12 10:20:16,434 [544a1983-7fe2-414f-ab8e-445659a3ebbd:group-793A2085E1FF:LeaderElection49] INFO  impl.RaftServerImpl (ServerState.java:setRaftConf(361)) - 544a1983-7fe2-414f-ab8e-445659a3ebbd:group-793A2085E1FF set configuration 0: [544a1983-7fe2-414f-ab8e-445659a3ebbd:192.168.157.195:46339], old=null at 0
2019-09-12 10:20:16,486 [Thread-743] INFO  impl.FollowerState (FollowerState.java:run(106)) - 544a1983-7fe2-414f-ab8e-445659a3ebbd:group-31AF135A2495 changes to CANDIDATE, lastRpcTime:5072, electionTimeout:5072ms
2019-09-12 10:20:16,486 [Thread-743] INFO  impl.RoleInfo (RoleInfo.java:shutdownFollowerState(121)) - 544a1983-7fe2-414f-ab8e-445659a3ebbd: shutdown FollowerState
2019-09-12 10:20:16,486 [544a1983-7fe2-414f-ab8e-445659a3ebbd-SegmentedRaftLogWorker:Storage Directory /workdir/hadoop-ozone/integration-test/target/test-dir/MiniOzoneClusterImpl-612f74f6-2a8c-4890-9791-609c93916e5a/datanode-2/data/ratis/31443aba-52b8-4232-87f3-793a2085e1ff] INFO  segmented.SegmentedRaftLogWorker (SegmentedRaftLogWorker.java:execute(569)) - 544a1983-7fe2-414f-ab8e-445659a3ebbd-SegmentedRaftLogWorker:Storage Directory /workdir/hadoop-ozone/integration-test/target/test-dir/MiniOzoneClusterImpl-612f74f6-2a8c-4890-9791-609c93916e5a/datanode-2/data/ratis/31443aba-52b8-4232-87f3-793a2085e1ff: created new log segment /workdir/hadoop-ozone/integration-test/target/test-dir/MiniOzoneClusterImpl-612f74f6-2a8c-4890-9791-609c93916e5a/datanode-2/data/ratis/31443aba-52b8-4232-87f3-793a2085e1ff/current/log_inprogress_0
2019-09-12 10:20:16,486 [Thread-743] INFO  impl.RaftServerImpl (RaftServerImpl.java:setRole(171)) - 544a1983-7fe2-414f-ab8e-445659a3ebbd:group-31AF135A2495 changes role from FOLLOWER to CANDIDATE at term 0 for changeToCandidate
2019-09-12 10:20:16,486 [Thread-743] INFO  impl.RoleInfo (RoleInfo.java:updateAndGet(143)) - 544a1983-7fe2-414f-ab8e-445659a3ebbd: start LeaderElection
2019-09-12 10:20:16,500 [544a1983-7fe2-414f-ab8e-445659a3ebbd:group-31AF135A2495:LeaderElection50] INFO  impl.LeaderElection (LeaderElection.java:askForVotes(181)) - 544a1983-7fe2-414f-ab8e-445659a3ebbd:group-31AF135A2495:LeaderElection50: begin an election at term 1 for -1: [544a1983-7fe2-414f-ab8e-445659a3ebbd:192.168.157.195:46339], old=null
2019-09-12 10:20:16,500 [544a1983-7fe2-414f-ab8e-445659a3ebbd:group-31AF135A2495:LeaderElection50] INFO  impl.RoleInfo (RoleInfo.java:shutdownLeaderElection(134)) - 544a1983-7fe2-414f-ab8e-445659a3ebbd: shutdown LeaderElection
2019-09-12 10:20:16,500 [544a1983-7fe2-414f-ab8e-445659a3ebbd:group-31AF135A2495:LeaderElection50] INFO  impl.RaftServerImpl (RaftServerImpl.java:setRole(171)) - 544a1983-7fe2-414f-ab8e-445659a3ebbd:group-31AF135A2495 changes role from CANDIDATE to LEADER at term 1 for changeToLeader
2019-09-12 10:20:16,500 [544a1983-7fe2-414f-ab8e-445659a3ebbd:group-31AF135A2495:LeaderElection50] INFO  impl.RaftServerImpl (ServerState.java:setLeader(263)) - 544a1983-7fe2-414f-ab8e-445659a3ebbd:group-31AF135A2495 change Leader from null to 544a1983-7fe2-414f-ab8e-445659a3ebbd at term 1 for becomeLeader, leader elected after 5091ms
2019-09-12 10:20:16,500 [544a1983-7fe2-414f-ab8e-445659a3ebbd:group-31AF135A2495:LeaderElection50] INFO  server.RaftServerConfigKeys (ConfUtils.java:logGet(43)) - raft.server.staging.catchup.gap = 1000 (default)
2019-09-12 10:20:16,500 [544a1983-7fe2-414f-ab8e-445659a3ebbd:group-31AF135A2495:LeaderElection50] INFO  server.RaftServerConfigKeys (ConfUtils.java:logGet(43)) - raft.server.rpc.sleep.time = 25ms (default)
2019-09-12 10:20:16,501 [544a1983-7fe2-414f-ab8e-445659a3ebbd:group-31AF135A2495:LeaderElection50] INFO  server.RaftServerConfigKeys (ConfUtils.java:logGet(43)) - raft.server.write.element-limit = 4096 (default)
2019-09-12 10:20:16,501 [544a1983-7fe2-414f-ab8e-445659a3ebbd:group-31AF135A2495:LeaderElection50] INFO  server.RaftServerConfigKeys (ConfUtils.java:logGet(43)) - raft.server.watch.timeout = 10s (default)
2019-09-12 10:20:16,501 [544a1983-7fe2-414f-ab8e-445659a3ebbd:group-31AF135A2495:LeaderElection50] INFO  server.RaftServerConfigKeys (ConfUtils.java:logGet(43)) - raft.server.watch.timeout.denomination = 1s (default)
2019-09-12 10:20:16,501 [544a1983-7fe2-414f-ab8e-445659a3ebbd:group-31AF135A2495:LeaderElection50] INFO  server.RaftServerConfigKeys (ConfUtils.java:logGet(43)) - raft.server.watch.element-limit = 65536 (default)
2019-09-12 10:20:16,501 [544a1983-7fe2-414f-ab8e-445659a3ebbd:group-31AF135A2495:LeaderElection50] INFO  impl.RoleInfo (RoleInfo.java:updateAndGet(143)) - 544a1983-7fe2-414f-ab8e-445659a3ebbd: start LeaderState
2019-09-12 10:20:16,501 [544a1983-7fe2-414f-ab8e-445659a3ebbd:group-31AF135A2495:LeaderElection50] INFO  segmented.SegmentedRaftLogWorker (SegmentedRaftLogWorker.java:startLogSegment(380)) - 544a1983-7fe2-414f-ab8e-445659a3ebbd-SegmentedRaftLogWorker:Storage Directory /workdir/hadoop-ozone/integration-test/target/test-dir/MiniOzoneClusterImpl-612f74f6-2a8c-4890-9791-609c93916e5a/datanode-2/data/ratis/fe7ede1e-ac51-46dc-8227-31af135a2495: Starting segment from index:0
2019-09-12 10:20:16,502 [544a1983-7fe2-414f-ab8e-445659a3ebbd:group-31AF135A2495:LeaderElection50] INFO  impl.RaftServerImpl (ServerState.java:setRaftConf(361)) - 544a1983-7fe2-414f-ab8e-445659a3ebbd:group-31AF135A2495 set configuration 0: [544a1983-7fe2-414f-ab8e-445659a3ebbd:192.168.157.195:46339], old=null at 0
2019-09-12 10:20:16,512 [Thread-749] INFO  impl.FollowerState (FollowerState.java:run(106)) - 544a1983-7fe2-414f-ab8e-445659a3ebbd:group-92F304886870 changes to CANDIDATE, lastRpcTime:5010, electionTimeout:5010ms
2019-09-12 10:20:16,512 [Thread-749] INFO  impl.RoleInfo (RoleInfo.java:shutdownFollowerState(121)) - 544a1983-7fe2-414f-ab8e-445659a3ebbd: shutdown FollowerState
2019-09-12 10:20:16,513 [Thread-749] INFO  impl.RaftServerImpl (RaftServerImpl.java:setRole(171)) - 544a1983-7fe2-414f-ab8e-445659a3ebbd:group-92F304886870 changes role from FOLLOWER to CANDIDATE at term 0 for changeToCandidate
2019-09-12 10:20:16,513 [Thread-749] INFO  impl.RoleInfo (RoleInfo.java:updateAndGet(143)) - 544a1983-7fe2-414f-ab8e-445659a3ebbd: start LeaderElection
2019-09-12 10:20:16,547 [Thread-746] INFO  impl.FollowerState (FollowerState.java:run(106)) - 544a1983-7fe2-414f-ab8e-445659a3ebbd:group-934DECAC5F68 changes to CANDIDATE, lastRpcTime:5089, electionTimeout:5089ms
2019-09-12 10:20:16,547 [Thread-746] INFO  impl.RoleInfo (RoleInfo.java:shutdownFollowerState(121)) - 544a1983-7fe2-414f-ab8e-445659a3ebbd: shutdown FollowerState
2019-09-12 10:20:16,547 [Thread-746] INFO  impl.RaftServerImpl (RaftServerImpl.java:setRole(171)) - 544a1983-7fe2-414f-ab8e-445659a3ebbd:group-934DECAC5F68 changes role from FOLLOWER to CANDIDATE at term 0 for changeToCandidate
2019-09-12 10:20:16,547 [Thread-746] INFO  impl.RoleInfo (RoleInfo.java:updateAndGet(143)) - 544a1983-7fe2-414f-ab8e-445659a3ebbd: start LeaderElection
2019-09-12 10:20:16,558 [544a1983-7fe2-414f-ab8e-445659a3ebbd-SegmentedRaftLogWorker:Storage Directory /workdir/hadoop-ozone/integration-test/target/test-dir/MiniOzoneClusterImpl-612f74f6-2a8c-4890-9791-609c93916e5a/datanode-2/data/ratis/fe7ede1e-ac51-46dc-8227-31af135a2495] INFO  segmented.SegmentedRaftLogWorker (SegmentedRaftLogWorker.java:execute(569)) - 544a1983-7fe2-414f-ab8e-445659a3ebbd-SegmentedRaftLogWorker:Storage Directory /workdir/hadoop-ozone/integration-test/target/test-dir/MiniOzoneClusterImpl-612f74f6-2a8c-4890-9791-609c93916e5a/datanode-2/data/ratis/fe7ede1e-ac51-46dc-8227-31af135a2495: created new log segment /workdir/hadoop-ozone/integration-test/target/test-dir/MiniOzoneClusterImpl-612f74f6-2a8c-4890-9791-609c93916e5a/datanode-2/data/ratis/fe7ede1e-ac51-46dc-8227-31af135a2495/current/log_inprogress_0
2019-09-12 10:20:16,558 [544a1983-7fe2-414f-ab8e-445659a3ebbd:group-934DECAC5F68:LeaderElection52] INFO  impl.LeaderElection (LeaderElection.java:askForVotes(181)) - 544a1983-7fe2-414f-ab8e-445659a3ebbd:group-934DECAC5F68:LeaderElection52: begin an election at term 1 for -1: [544a1983-7fe2-414f-ab8e-445659a3ebbd:192.168.157.195:46339], old=null
2019-09-12 10:20:16,558 [544a1983-7fe2-414f-ab8e-445659a3ebbd:group-92F304886870:LeaderElection51] INFO  impl.LeaderElection (LeaderElection.java:askForVotes(181)) - 544a1983-7fe2-414f-ab8e-445659a3ebbd:group-92F304886870:LeaderElection51: begin an election at term 1 for -1: [544a1983-7fe2-414f-ab8e-445659a3ebbd:192.168.157.195:46339], old=null
2019-09-12 10:20:16,558 [544a1983-7fe2-414f-ab8e-445659a3ebbd:group-934DECAC5F68:LeaderElection52] INFO  impl.RoleInfo (RoleInfo.java:shutdownLeaderElection(134)) - 544a1983-7fe2-414f-ab8e-445659a3ebbd: shutdown LeaderElection
2019-09-12 10:20:16,558 [544a1983-7fe2-414f-ab8e-445659a3ebbd:group-92F304886870:LeaderElection51] INFO  impl.RoleInfo (RoleInfo.java:shutdownLeaderElection(134)) - 544a1983-7fe2-414f-ab8e-445659a3ebbd: shutdown LeaderElection
2019-09-12 10:20:16,558 [544a1983-7fe2-414f-ab8e-445659a3ebbd:group-934DECAC5F68:LeaderElection52] INFO  impl.RaftServerImpl (RaftServerImpl.java:setRole(171)) - 544a1983-7fe2-414f-ab8e-445659a3ebbd:group-934DECAC5F68 changes role from CANDIDATE to LEADER at term 1 for changeToLeader
2019-09-12 10:20:16,558 [544a1983-7fe2-414f-ab8e-445659a3ebbd:group-92F304886870:LeaderElection51] INFO  impl.RaftServerImpl (RaftServerImpl.java:setRole(171)) - 544a1983-7fe2-414f-ab8e-445659a3ebbd:group-92F304886870 changes role from CANDIDATE to LEADER at term 1 for changeToLeader
2019-09-12 10:20:16,559 [544a1983-7fe2-414f-ab8e-445659a3ebbd:group-934DECAC5F68:LeaderElection52] INFO  impl.RaftServerImpl (ServerState.java:setLeader(263)) - 544a1983-7fe2-414f-ab8e-445659a3ebbd:group-934DECAC5F68 change Leader from null to 544a1983-7fe2-414f-ab8e-445659a3ebbd at term 1 for becomeLeader, leader elected after 5104ms
2019-09-12 10:20:16,559 [544a1983-7fe2-414f-ab8e-445659a3ebbd:group-92F304886870:LeaderElection51] INFO  impl.RaftServerImpl (ServerState.java:setLeader(263)) - 544a1983-7fe2-414f-ab8e-445659a3ebbd:group-92F304886870 change Leader from null to 544a1983-7fe2-414f-ab8e-445659a3ebbd at term 1 for becomeLeader, leader elected after 5061ms
2019-09-12 10:20:16,559 [544a1983-7fe2-414f-ab8e-445659a3ebbd:group-934DECAC5F68:LeaderElection52] INFO  server.RaftServerConfigKeys (ConfUtils.java:logGet(43)) - raft.server.staging.catchup.gap = 1000 (default)
2019-09-12 10:20:16,559 [544a1983-7fe2-414f-ab8e-445659a3ebbd:group-92F304886870:LeaderElection51] INFO  server.RaftServerConfigKeys (ConfUtils.java:logGet(43)) - raft.server.staging.catchup.gap = 1000 (default)
2019-09-12 10:20:16,559 [544a1983-7fe2-414f-ab8e-445659a3ebbd:group-934DECAC5F68:LeaderElection52] INFO  server.RaftServerConfigKeys (ConfUtils.java:logGet(43)) - raft.server.rpc.sleep.time = 25ms (default)
2019-09-12 10:20:16,559 [544a1983-7fe2-414f-ab8e-445659a3ebbd:group-92F304886870:LeaderElection51] INFO  server.RaftServerConfigKeys (ConfUtils.java:logGet(43)) - raft.server.rpc.sleep.time = 25ms (default)
2019-09-12 10:20:16,560 [544a1983-7fe2-414f-ab8e-445659a3ebbd:group-934DECAC5F68:LeaderElection52] INFO  server.RaftServerConfigKeys (ConfUtils.java:logGet(43)) - raft.server.write.element-limit = 4096 (default)
2019-09-12 10:20:16,560 [544a1983-7fe2-414f-ab8e-445659a3ebbd:group-92F304886870:LeaderElection51] INFO  server.RaftServerConfigKeys (ConfUtils.java:logGet(43)) - raft.server.write.element-limit = 4096 (default)
2019-09-12 10:20:16,560 [544a1983-7fe2-414f-ab8e-445659a3ebbd:group-934DECAC5F68:LeaderElection52] INFO  server.RaftServerConfigKeys (ConfUtils.java:logGet(43)) - raft.server.watch.timeout = 10s (default)
2019-09-12 10:20:16,560 [544a1983-7fe2-414f-ab8e-445659a3ebbd:group-92F304886870:LeaderElection51] INFO  server.RaftServerConfigKeys (ConfUtils.java:logGet(43)) - raft.server.watch.timeout = 10s (default)
2019-09-12 10:20:16,560 [544a1983-7fe2-414f-ab8e-445659a3ebbd:group-934DECAC5F68:LeaderElection52] INFO  server.RaftServerConfigKeys (ConfUtils.java:logGet(43)) - raft.server.watch.timeout.denomination = 1s (default)
2019-09-12 10:20:16,560 [544a1983-7fe2-414f-ab8e-445659a3ebbd:group-92F304886870:LeaderElection51] INFO  server.RaftServerConfigKeys (ConfUtils.java:logGet(43)) - raft.server.watch.timeout.denomination = 1s (default)
2019-09-12 10:20:16,561 [544a1983-7fe2-414f-ab8e-445659a3ebbd:group-934DECAC5F68:LeaderElection52] INFO  server.RaftServerConfigKeys (ConfUtils.java:logGet(43)) - raft.server.watch.element-limit = 65536 (default)
2019-09-12 10:20:16,561 [544a1983-7fe2-414f-ab8e-445659a3ebbd:group-92F304886870:LeaderElection51] INFO  server.RaftServerConfigKeys (ConfUtils.java:logGet(43)) - raft.server.watch.element-limit = 65536 (default)
2019-09-12 10:20:16,561 [544a1983-7fe2-414f-ab8e-445659a3ebbd:group-934DECAC5F68:LeaderElection52] INFO  impl.RoleInfo (RoleInfo.java:updateAndGet(143)) - 544a1983-7fe2-414f-ab8e-445659a3ebbd: start LeaderState
2019-09-12 10:20:16,561 [544a1983-7fe2-414f-ab8e-445659a3ebbd:group-92F304886870:LeaderElection51] INFO  impl.RoleInfo (RoleInfo.java:updateAndGet(143)) - 544a1983-7fe2-414f-ab8e-445659a3ebbd: start LeaderState
2019-09-12 10:20:16,561 [544a1983-7fe2-414f-ab8e-445659a3ebbd:group-934DECAC5F68:LeaderElection52] INFO  segmented.SegmentedRaftLogWorker (SegmentedRaftLogWorker.java:startLogSegment(380)) - 544a1983-7fe2-414f-ab8e-445659a3ebbd-SegmentedRaftLogWorker:Storage Directory /workdir/hadoop-ozone/integration-test/target/test-dir/MiniOzoneClusterImpl-612f74f6-2a8c-4890-9791-609c93916e5a/datanode-2/data/ratis/02b5c6e9-6c84-43c5-91f9-934decac5f68: Starting segment from index:0
2019-09-12 10:20:16,561 [544a1983-7fe2-414f-ab8e-445659a3ebbd:group-92F304886870:LeaderElection51] INFO  segmented.SegmentedRaftLogWorker (SegmentedRaftLogWorker.java:startLogSegment(380)) - 544a1983-7fe2-414f-ab8e-445659a3ebbd-SegmentedRaftLogWorker:Storage Directory /workdir/hadoop-ozone/integration-test/target/test-dir/MiniOzoneClusterImpl-612f74f6-2a8c-4890-9791-609c93916e5a/datanode-2/data/ratis/5fc94322-9de2-42fc-8da6-92f304886870: Starting segment from index:0
2019-09-12 10:20:16,562 [544a1983-7fe2-414f-ab8e-445659a3ebbd:group-934DECAC5F68:LeaderElection52] INFO  impl.RaftServerImpl (ServerState.java:setRaftConf(361)) - 544a1983-7fe2-414f-ab8e-445659a3ebbd:group-934DECAC5F68 set configuration 0: [544a1983-7fe2-414f-ab8e-445659a3ebbd:192.168.157.195:46339], old=null at 0
2019-09-12 10:20:16,562 [544a1983-7fe2-414f-ab8e-445659a3ebbd:group-92F304886870:LeaderElection51] INFO  impl.RaftServerImpl (ServerState.java:setRaftConf(361)) - 544a1983-7fe2-414f-ab8e-445659a3ebbd:group-92F304886870 set configuration 0: [544a1983-7fe2-414f-ab8e-445659a3ebbd:192.168.157.195:46339], old=null at 0
2019-09-12 10:20:16,610 [544a1983-7fe2-414f-ab8e-445659a3ebbd-SegmentedRaftLogWorker:Storage Directory /workdir/hadoop-ozone/integration-test/target/test-dir/MiniOzoneClusterImpl-612f74f6-2a8c-4890-9791-609c93916e5a/datanode-2/data/ratis/02b5c6e9-6c84-43c5-91f9-934decac5f68] INFO  segmented.SegmentedRaftLogWorker (SegmentedRaftLogWorker.java:execute(569)) - 544a1983-7fe2-414f-ab8e-445659a3ebbd-SegmentedRaftLogWorker:Storage Directory /workdir/hadoop-ozone/integration-test/target/test-dir/MiniOzoneClusterImpl-612f74f6-2a8c-4890-9791-609c93916e5a/datanode-2/data/ratis/02b5c6e9-6c84-43c5-91f9-934decac5f68: created new log segment /workdir/hadoop-ozone/integration-test/target/test-dir/MiniOzoneClusterImpl-612f74f6-2a8c-4890-9791-609c93916e5a/datanode-2/data/ratis/02b5c6e9-6c84-43c5-91f9-934decac5f68/current/log_inprogress_0
2019-09-12 10:20:16,610 [544a1983-7fe2-414f-ab8e-445659a3ebbd-SegmentedRaftLogWorker:Storage Directory /workdir/hadoop-ozone/integration-test/target/test-dir/MiniOzoneClusterImpl-612f74f6-2a8c-4890-9791-609c93916e5a/datanode-2/data/ratis/5fc94322-9de2-42fc-8da6-92f304886870] INFO  segmented.SegmentedRaftLogWorker (SegmentedRaftLogWorker.java:execute(569)) - 544a1983-7fe2-414f-ab8e-445659a3ebbd-SegmentedRaftLogWorker:Storage Directory /workdir/hadoop-ozone/integration-test/target/test-dir/MiniOzoneClusterImpl-612f74f6-2a8c-4890-9791-609c93916e5a/datanode-2/data/ratis/5fc94322-9de2-42fc-8da6-92f304886870: created new log segment /workdir/hadoop-ozone/integration-test/target/test-dir/MiniOzoneClusterImpl-612f74f6-2a8c-4890-9791-609c93916e5a/datanode-2/data/ratis/5fc94322-9de2-42fc-8da6-92f304886870/current/log_inprogress_0
2019-09-12 10:20:16,662 [Thread-755] INFO  impl.FollowerState (FollowerState.java:run(106)) - 544a1983-7fe2-414f-ab8e-445659a3ebbd:group-6E69AE9CB4AE changes to CANDIDATE, lastRpcTime:5074, electionTimeout:5074ms
2019-09-12 10:20:16,662 [Thread-755] INFO  impl.RoleInfo (RoleInfo.java:shutdownFollowerState(121)) - 544a1983-7fe2-414f-ab8e-445659a3ebbd: shutdown FollowerState
2019-09-12 10:20:16,662 [Thread-755] INFO  impl.RaftServerImpl (RaftServerImpl.java:setRole(171)) - 544a1983-7fe2-414f-ab8e-445659a3ebbd:group-6E69AE9CB4AE changes role from FOLLOWER to CANDIDATE at term 0 for changeToCandidate
2019-09-12 10:20:16,662 [Thread-755] INFO  impl.RoleInfo (RoleInfo.java:updateAndGet(143)) - 544a1983-7fe2-414f-ab8e-445659a3ebbd: start LeaderElection
2019-09-12 10:20:16,677 [544a1983-7fe2-414f-ab8e-445659a3ebbd:group-6E69AE9CB4AE:LeaderElection53] INFO  impl.LeaderElection (LeaderElection.java:askForVotes(181)) - 544a1983-7fe2-414f-ab8e-445659a3ebbd:group-6E69AE9CB4AE:LeaderElection53: begin an election at term 1 for -1: [544a1983-7fe2-414f-ab8e-445659a3ebbd:192.168.157.195:46339], old=null
2019-09-12 10:20:16,678 [544a1983-7fe2-414f-ab8e-445659a3ebbd:group-6E69AE9CB4AE:LeaderElection53] INFO  impl.RoleInfo (RoleInfo.java:shutdownLeaderElection(134)) - 544a1983-7fe2-414f-ab8e-445659a3ebbd: shutdown LeaderElection
2019-09-12 10:20:16,678 [544a1983-7fe2-414f-ab8e-445659a3ebbd:group-6E69AE9CB4AE:LeaderElection53] INFO  impl.RaftServerImpl (RaftServerImpl.java:setRole(171)) - 544a1983-7fe2-414f-ab8e-445659a3ebbd:group-6E69AE9CB4AE changes role from CANDIDATE to LEADER at term 1 for changeToLeader
2019-09-12 10:20:16,678 [544a1983-7fe2-414f-ab8e-445659a3ebbd:group-6E69AE9CB4AE:LeaderElection53] INFO  impl.RaftServerImpl (ServerState.java:setLeader(263)) - 544a1983-7fe2-414f-ab8e-445659a3ebbd:group-6E69AE9CB4AE change Leader from null to 544a1983-7fe2-414f-ab8e-445659a3ebbd at term 1 for becomeLeader, leader elected after 5095ms
2019-09-12 10:20:16,678 [544a1983-7fe2-414f-ab8e-445659a3ebbd:group-6E69AE9CB4AE:LeaderElection53] INFO  server.RaftServerConfigKeys (ConfUtils.java:logGet(43)) - raft.server.staging.catchup.gap = 1000 (default)
2019-09-12 10:20:16,678 [544a1983-7fe2-414f-ab8e-445659a3ebbd:group-6E69AE9CB4AE:LeaderElection53] INFO  server.RaftServerConfigKeys (ConfUtils.java:logGet(43)) - raft.server.rpc.sleep.time = 25ms (default)
2019-09-12 10:20:16,678 [544a1983-7fe2-414f-ab8e-445659a3ebbd:group-6E69AE9CB4AE:LeaderElection53] INFO  server.RaftServerConfigKeys (ConfUtils.java:logGet(43)) - raft.server.write.element-limit = 4096 (default)
2019-09-12 10:20:16,679 [544a1983-7fe2-414f-ab8e-445659a3ebbd:group-6E69AE9CB4AE:LeaderElection53] INFO  server.RaftServerConfigKeys (ConfUtils.java:logGet(43)) - raft.server.watch.timeout = 10s (default)
2019-09-12 10:20:16,679 [544a1983-7fe2-414f-ab8e-445659a3ebbd:group-6E69AE9CB4AE:LeaderElection53] INFO  server.RaftServerConfigKeys (ConfUtils.java:logGet(43)) - raft.server.watch.timeout.denomination = 1s (default)
2019-09-12 10:20:16,679 [544a1983-7fe2-414f-ab8e-445659a3ebbd:group-6E69AE9CB4AE:LeaderElection53] INFO  server.RaftServerConfigKeys (ConfUtils.java:logGet(43)) - raft.server.watch.element-limit = 65536 (default)
2019-09-12 10:20:16,679 [544a1983-7fe2-414f-ab8e-445659a3ebbd:group-6E69AE9CB4AE:LeaderElection53] INFO  impl.RoleInfo (RoleInfo.java:updateAndGet(143)) - 544a1983-7fe2-414f-ab8e-445659a3ebbd: start LeaderState
2019-09-12 10:20:16,680 [544a1983-7fe2-414f-ab8e-445659a3ebbd:group-6E69AE9CB4AE:LeaderElection53] INFO  segmented.SegmentedRaftLogWorker (SegmentedRaftLogWorker.java:startLogSegment(380)) - 544a1983-7fe2-414f-ab8e-445659a3ebbd-SegmentedRaftLogWorker:Storage Directory /workdir/hadoop-ozone/integration-test/target/test-dir/MiniOzoneClusterImpl-612f74f6-2a8c-4890-9791-609c93916e5a/datanode-2/data/ratis/0d24347a-7964-4257-b385-6e69ae9cb4ae: Starting segment from index:0
2019-09-12 10:20:16,680 [544a1983-7fe2-414f-ab8e-445659a3ebbd:group-6E69AE9CB4AE:LeaderElection53] INFO  impl.RaftServerImpl (ServerState.java:setRaftConf(361)) - 544a1983-7fe2-414f-ab8e-445659a3ebbd:group-6E69AE9CB4AE set configuration 0: [544a1983-7fe2-414f-ab8e-445659a3ebbd:192.168.157.195:46339], old=null at 0
2019-09-12 10:20:16,728 [Thread-752] INFO  impl.FollowerState (FollowerState.java:run(106)) - 544a1983-7fe2-414f-ab8e-445659a3ebbd:group-093650BBF68B changes to CANDIDATE, lastRpcTime:5183, electionTimeout:5183ms
2019-09-12 10:20:16,728 [Thread-752] INFO  impl.RoleInfo (RoleInfo.java:shutdownFollowerState(121)) - 544a1983-7fe2-414f-ab8e-445659a3ebbd: shutdown FollowerState
2019-09-12 10:20:16,728 [Thread-752] INFO  impl.RaftServerImpl (RaftServerImpl.java:setRole(171)) - 544a1983-7fe2-414f-ab8e-445659a3ebbd:group-093650BBF68B changes role from FOLLOWER to CANDIDATE at term 0 for changeToCandidate
2019-09-12 10:20:16,728 [Thread-752] INFO  impl.RoleInfo (RoleInfo.java:updateAndGet(143)) - 544a1983-7fe2-414f-ab8e-445659a3ebbd: start LeaderElection
2019-09-12 10:20:16,734 [544a1983-7fe2-414f-ab8e-445659a3ebbd-SegmentedRaftLogWorker:Storage Directory /workdir/hadoop-ozone/integration-test/target/test-dir/MiniOzoneClusterImpl-612f74f6-2a8c-4890-9791-609c93916e5a/datanode-2/data/ratis/0d24347a-7964-4257-b385-6e69ae9cb4ae] INFO  segmented.SegmentedRaftLogWorker (SegmentedRaftLogWorker.java:execute(569)) - 544a1983-7fe2-414f-ab8e-445659a3ebbd-SegmentedRaftLogWorker:Storage Directory /workdir/hadoop-ozone/integration-test/target/test-dir/MiniOzoneClusterImpl-612f74f6-2a8c-4890-9791-609c93916e5a/datanode-2/data/ratis/0d24347a-7964-4257-b385-6e69ae9cb4ae: created new log segment /workdir/hadoop-ozone/integration-test/target/test-dir/MiniOzoneClusterImpl-612f74f6-2a8c-4890-9791-609c93916e5a/datanode-2/data/ratis/0d24347a-7964-4257-b385-6e69ae9cb4ae/current/log_inprogress_0
2019-09-12 10:20:16,736 [544a1983-7fe2-414f-ab8e-445659a3ebbd:group-093650BBF68B:LeaderElection54] INFO  impl.LeaderElection (LeaderElection.java:askForVotes(181)) - 544a1983-7fe2-414f-ab8e-445659a3ebbd:group-093650BBF68B:LeaderElection54: begin an election at term 1 for -1: [544a1983-7fe2-414f-ab8e-445659a3ebbd:192.168.157.195:46339], old=null
2019-09-12 10:20:16,736 [544a1983-7fe2-414f-ab8e-445659a3ebbd:group-093650BBF68B:LeaderElection54] INFO  impl.RoleInfo (RoleInfo.java:shutdownLeaderElection(134)) - 544a1983-7fe2-414f-ab8e-445659a3ebbd: shutdown LeaderElection
2019-09-12 10:20:16,736 [544a1983-7fe2-414f-ab8e-445659a3ebbd:group-093650BBF68B:LeaderElection54] INFO  impl.RaftServerImpl (RaftServerImpl.java:setRole(171)) - 544a1983-7fe2-414f-ab8e-445659a3ebbd:group-093650BBF68B changes role from CANDIDATE to LEADER at term 1 for changeToLeader
2019-09-12 10:20:16,736 [544a1983-7fe2-414f-ab8e-445659a3ebbd:group-093650BBF68B:LeaderElection54] INFO  impl.RaftServerImpl (ServerState.java:setLeader(263)) - 544a1983-7fe2-414f-ab8e-445659a3ebbd:group-093650BBF68B change Leader from null to 544a1983-7fe2-414f-ab8e-445659a3ebbd at term 1 for becomeLeader, leader elected after 5196ms
2019-09-12 10:20:16,736 [544a1983-7fe2-414f-ab8e-445659a3ebbd:group-093650BBF68B:LeaderElection54] INFO  server.RaftServerConfigKeys (ConfUtils.java:logGet(43)) - raft.server.staging.catchup.gap = 1000 (default)
2019-09-12 10:20:16,736 [544a1983-7fe2-414f-ab8e-445659a3ebbd:group-093650BBF68B:LeaderElection54] INFO  server.RaftServerConfigKeys (ConfUtils.java:logGet(43)) - raft.server.rpc.sleep.time = 25ms (default)
2019-09-12 10:20:16,737 [544a1983-7fe2-414f-ab8e-445659a3ebbd:group-093650BBF68B:LeaderElection54] INFO  server.RaftServerConfigKeys (ConfUtils.java:logGet(43)) - raft.server.write.element-limit = 4096 (default)
2019-09-12 10:20:16,737 [544a1983-7fe2-414f-ab8e-445659a3ebbd:group-093650BBF68B:LeaderElection54] INFO  server.RaftServerConfigKeys (ConfUtils.java:logGet(43)) - raft.server.watch.timeout = 10s (default)
2019-09-12 10:20:16,737 [544a1983-7fe2-414f-ab8e-445659a3ebbd:group-093650BBF68B:LeaderElection54] INFO  server.RaftServerConfigKeys (ConfUtils.java:logGet(43)) - raft.server.watch.timeout.denomination = 1s (default)
2019-09-12 10:20:16,737 [544a1983-7fe2-414f-ab8e-445659a3ebbd:group-093650BBF68B:LeaderElection54] INFO  server.RaftServerConfigKeys (ConfUtils.java:logGet(43)) - raft.server.watch.element-limit = 65536 (default)
2019-09-12 10:20:16,738 [544a1983-7fe2-414f-ab8e-445659a3ebbd:group-093650BBF68B:LeaderElection54] INFO  impl.RoleInfo (RoleInfo.java:updateAndGet(143)) - 544a1983-7fe2-414f-ab8e-445659a3ebbd: start LeaderState
2019-09-12 10:20:16,738 [544a1983-7fe2-414f-ab8e-445659a3ebbd:group-093650BBF68B:LeaderElection54] INFO  segmented.SegmentedRaftLogWorker (SegmentedRaftLogWorker.java:startLogSegment(380)) - 544a1983-7fe2-414f-ab8e-445659a3ebbd-SegmentedRaftLogWorker:Storage Directory /workdir/hadoop-ozone/integration-test/target/test-dir/MiniOzoneClusterImpl-612f74f6-2a8c-4890-9791-609c93916e5a/datanode-2/data/ratis/d69ffbcf-b73e-40de-84f4-093650bbf68b: Starting segment from index:0
2019-09-12 10:20:16,739 [544a1983-7fe2-414f-ab8e-445659a3ebbd:group-093650BBF68B:LeaderElection54] INFO  impl.RaftServerImpl (ServerState.java:setRaftConf(361)) - 544a1983-7fe2-414f-ab8e-445659a3ebbd:group-093650BBF68B set configuration 0: [544a1983-7fe2-414f-ab8e-445659a3ebbd:192.168.157.195:46339], old=null at 0
2019-09-12 10:20:16,792 [544a1983-7fe2-414f-ab8e-445659a3ebbd-SegmentedRaftLogWorker:Storage Directory /workdir/hadoop-ozone/integration-test/target/test-dir/MiniOzoneClusterImpl-612f74f6-2a8c-4890-9791-609c93916e5a/datanode-2/data/ratis/d69ffbcf-b73e-40de-84f4-093650bbf68b] INFO  segmented.SegmentedRaftLogWorker (SegmentedRaftLogWorker.java:execute(569)) - 544a1983-7fe2-414f-ab8e-445659a3ebbd-SegmentedRaftLogWorker:Storage Directory /workdir/hadoop-ozone/integration-test/target/test-dir/MiniOzoneClusterImpl-612f74f6-2a8c-4890-9791-609c93916e5a/datanode-2/data/ratis/d69ffbcf-b73e-40de-84f4-093650bbf68b: created new log segment /workdir/hadoop-ozone/integration-test/target/test-dir/MiniOzoneClusterImpl-612f74f6-2a8c-4890-9791-609c93916e5a/datanode-2/data/ratis/d69ffbcf-b73e-40de-84f4-093650bbf68b/current/log_inprogress_0
2019-09-12 10:20:17,251 | INFO  | SCMAudit | user=jenkins1000 | ip=192.168.157.195 | op=SEND_HEARTBEAT {datanodeUUID=544a1983-7fe2-414f-ab8e-445659a3ebbd, command=[]} | ret=SUCCESS |  
2019-09-12 10:20:17,268 [main] INFO  ozoneimpl.OzoneContainer (OzoneContainer.java:stop(199)) - Attempting to stop container services.
2019-09-12 10:20:17,269 [main] INFO  impl.RaftServerProxy (RaftServerProxy.java:lambda$close$4(314)) - ea975f8e-901d-47d9-83c9-43432336259b: close
2019-09-12 10:20:17,269 [ForkJoinPool.commonPool-worker-1] INFO  ozoneimpl.OzoneContainer (OzoneContainer.java:stop(199)) - Attempting to stop container services.
2019-09-12 10:20:17,270 [main] INFO  impl.RaftServerImpl (RaftServerImpl.java:lambda$shutdown$3(245)) - ea975f8e-901d-47d9-83c9-43432336259b: shutdown group-64DA6D9A3FF1
2019-09-12 10:20:17,270 [ForkJoinPool.commonPool-worker-1] INFO  impl.RaftServerProxy (RaftServerProxy.java:lambda$close$4(314)) - 2a823981-0280-4f5e-ab1d-96d3f91f7cfe: close
2019-09-12 10:20:17,270 [main] INFO  util.JmxRegister (JmxRegister.java:unregister(73)) - Successfully un-registered JMX Bean with object name Ratis:service=RaftServer,group=group-64DA6D9A3FF1,id=ea975f8e-901d-47d9-83c9-43432336259b
2019-09-12 10:20:17,271 [ForkJoinPool.commonPool-worker-1] INFO  impl.RaftServerImpl (RaftServerImpl.java:lambda$shutdown$3(245)) - 2a823981-0280-4f5e-ab1d-96d3f91f7cfe: shutdown group-A7ABC7BAEC53
2019-09-12 10:20:17,271 [main] INFO  impl.RoleInfo (RoleInfo.java:shutdownLeaderState(104)) - ea975f8e-901d-47d9-83c9-43432336259b: shutdown LeaderState
2019-09-12 10:20:17,271 [ForkJoinPool.commonPool-worker-1] INFO  util.JmxRegister (JmxRegister.java:unregister(73)) - Successfully un-registered JMX Bean with object name Ratis:service=RaftServer,group=group-A7ABC7BAEC53,id=2a823981-0280-4f5e-ab1d-96d3f91f7cfe
2019-09-12 10:20:17,272 [main] INFO  impl.PendingRequests (PendingRequests.java:sendNotLeaderResponses(202)) - ea975f8e-901d-47d9-83c9-43432336259b-PendingRequests: sendNotLeaderResponses
2019-09-12 10:20:17,272 [ForkJoinPool.commonPool-worker-1] INFO  impl.RoleInfo (RoleInfo.java:shutdownLeaderState(104)) - 2a823981-0280-4f5e-ab1d-96d3f91f7cfe: shutdown LeaderState
2019-09-12 10:20:17,273 [main] INFO  impl.StateMachineUpdater (StateMachineUpdater.java:stopAndJoin(115)) - StateMachineUpdater:ea975f8e-901d-47d9-83c9-43432336259b:group-64DA6D9A3FF1: set stopIndex = 0
2019-09-12 10:20:17,273 [ForkJoinPool.commonPool-worker-1] INFO  impl.PendingRequests (PendingRequests.java:sendNotLeaderResponses(202)) - 2a823981-0280-4f5e-ab1d-96d3f91f7cfe-PendingRequests: sendNotLeaderResponses
2019-09-12 10:20:17,273 [main] INFO  impl.RaftServerImpl (ServerState.java:close(394)) - ea975f8e-901d-47d9-83c9-43432336259b:group-64DA6D9A3FF1 closes. The last applied log index is 0
2019-09-12 10:20:17,274 [ForkJoinPool.commonPool-worker-1] INFO  impl.StateMachineUpdater (StateMachineUpdater.java:stopAndJoin(115)) - StateMachineUpdater:2a823981-0280-4f5e-ab1d-96d3f91f7cfe:group-A7ABC7BAEC53: set stopIndex = 0
2019-09-12 10:20:17,274 [ea975f8e-901d-47d9-83c9-43432336259b-SegmentedRaftLogWorker:Storage Directory /workdir/hadoop-ozone/integration-test/target/test-dir/MiniOzoneClusterImpl-612f74f6-2a8c-4890-9791-609c93916e5a/datanode-1/data/ratis/6235272b-c3bc-4b47-9f30-64da6d9a3ff1] INFO  segmented.SegmentedRaftLogWorker (SegmentedRaftLogWorker.java:run(313)) - ea975f8e-901d-47d9-83c9-43432336259b-SegmentedRaftLogWorker:Storage Directory /workdir/hadoop-ozone/integration-test/target/test-dir/MiniOzoneClusterImpl-612f74f6-2a8c-4890-9791-609c93916e5a/datanode-1/data/ratis/6235272b-c3bc-4b47-9f30-64da6d9a3ff1 was interrupted, exiting. There are 0 tasks remaining in the queue.
2019-09-12 10:20:17,274 [ForkJoinPool.commonPool-worker-1] INFO  impl.RaftServerImpl (ServerState.java:close(394)) - 2a823981-0280-4f5e-ab1d-96d3f91f7cfe:group-A7ABC7BAEC53 closes. The last applied log index is 0
2019-09-12 10:20:17,275 [main] INFO  segmented.SegmentedRaftLogWorker (SegmentedRaftLogWorker.java:close(228)) - ea975f8e-901d-47d9-83c9-43432336259b-SegmentedRaftLogWorker:Storage Directory /workdir/hadoop-ozone/integration-test/target/test-dir/MiniOzoneClusterImpl-612f74f6-2a8c-4890-9791-609c93916e5a/datanode-1/data/ratis/6235272b-c3bc-4b47-9f30-64da6d9a3ff1 close()
2019-09-12 10:20:17,275 [2a823981-0280-4f5e-ab1d-96d3f91f7cfe-SegmentedRaftLogWorker:Storage Directory /workdir/hadoop-ozone/integration-test/target/test-dir/MiniOzoneClusterImpl-612f74f6-2a8c-4890-9791-609c93916e5a/datanode-0/data/ratis/0dda3a5a-b11f-4e46-807d-a7abc7baec53] INFO  segmented.SegmentedRaftLogWorker (SegmentedRaftLogWorker.java:run(313)) - 2a823981-0280-4f5e-ab1d-96d3f91f7cfe-SegmentedRaftLogWorker:Storage Directory /workdir/hadoop-ozone/integration-test/target/test-dir/MiniOzoneClusterImpl-612f74f6-2a8c-4890-9791-609c93916e5a/datanode-0/data/ratis/0dda3a5a-b11f-4e46-807d-a7abc7baec53 was interrupted, exiting. There are 0 tasks remaining in the queue.
2019-09-12 10:20:17,276 [main] INFO  impl.RaftServerImpl (RaftServerImpl.java:lambda$shutdown$3(245)) - ea975f8e-901d-47d9-83c9-43432336259b: shutdown group-E8F9316E41D6
2019-09-12 10:20:17,277 [ForkJoinPool.commonPool-worker-1] INFO  segmented.SegmentedRaftLogWorker (SegmentedRaftLogWorker.java:close(228)) - 2a823981-0280-4f5e-ab1d-96d3f91f7cfe-SegmentedRaftLogWorker:Storage Directory /workdir/hadoop-ozone/integration-test/target/test-dir/MiniOzoneClusterImpl-612f74f6-2a8c-4890-9791-609c93916e5a/datanode-0/data/ratis/0dda3a5a-b11f-4e46-807d-a7abc7baec53 close()
2019-09-12 10:20:17,277 [main] INFO  util.JmxRegister (JmxRegister.java:unregister(73)) - Successfully un-registered JMX Bean with object name Ratis:service=RaftServer,group=group-E8F9316E41D6,id=ea975f8e-901d-47d9-83c9-43432336259b
2019-09-12 10:20:17,279 [main] INFO  impl.RoleInfo (RoleInfo.java:shutdownLeaderState(104)) - ea975f8e-901d-47d9-83c9-43432336259b: shutdown LeaderState
2019-09-12 10:20:17,278 [ForkJoinPool.commonPool-worker-1] INFO  impl.RaftServerImpl (RaftServerImpl.java:lambda$shutdown$3(245)) - 2a823981-0280-4f5e-ab1d-96d3f91f7cfe: shutdown group-2B262FB7F6DD
2019-09-12 10:20:17,279 [main] INFO  impl.PendingRequests (PendingRequests.java:sendNotLeaderResponses(202)) - ea975f8e-901d-47d9-83c9-43432336259b-PendingRequests: sendNotLeaderResponses
2019-09-12 10:20:17,280 [ForkJoinPool.commonPool-worker-1] INFO  util.JmxRegister (JmxRegister.java:unregister(73)) - Successfully un-registered JMX Bean with object name Ratis:service=RaftServer,group=group-2B262FB7F6DD,id=2a823981-0280-4f5e-ab1d-96d3f91f7cfe
2019-09-12 10:20:17,280 [main] INFO  impl.StateMachineUpdater (StateMachineUpdater.java:stopAndJoin(115)) - StateMachineUpdater:ea975f8e-901d-47d9-83c9-43432336259b:group-E8F9316E41D6: set stopIndex = 0
2019-09-12 10:20:17,281 [main] INFO  impl.RaftServerImpl (ServerState.java:close(394)) - ea975f8e-901d-47d9-83c9-43432336259b:group-E8F9316E41D6 closes. The last applied log index is 0
2019-09-12 10:20:17,280 [ForkJoinPool.commonPool-worker-1] INFO  impl.RoleInfo (RoleInfo.java:shutdownLeaderState(104)) - 2a823981-0280-4f5e-ab1d-96d3f91f7cfe: shutdown LeaderState
2019-09-12 10:20:17,281 [ea975f8e-901d-47d9-83c9-43432336259b-SegmentedRaftLogWorker:Storage Directory /workdir/hadoop-ozone/integration-test/target/test-dir/MiniOzoneClusterImpl-612f74f6-2a8c-4890-9791-609c93916e5a/datanode-1/data/ratis/e407f0e1-564f-4975-99ae-e8f9316e41d6] INFO  segmented.SegmentedRaftLogWorker (SegmentedRaftLogWorker.java:run(313)) - ea975f8e-901d-47d9-83c9-43432336259b-SegmentedRaftLogWorker:Storage Directory /workdir/hadoop-ozone/integration-test/target/test-dir/MiniOzoneClusterImpl-612f74f6-2a8c-4890-9791-609c93916e5a/datanode-1/data/ratis/e407f0e1-564f-4975-99ae-e8f9316e41d6 was interrupted, exiting. There are 0 tasks remaining in the queue.
2019-09-12 10:20:17,281 [ForkJoinPool.commonPool-worker-1] INFO  impl.PendingRequests (PendingRequests.java:sendNotLeaderResponses(202)) - 2a823981-0280-4f5e-ab1d-96d3f91f7cfe-PendingRequests: sendNotLeaderResponses
2019-09-12 10:20:17,282 [main] INFO  segmented.SegmentedRaftLogWorker (SegmentedRaftLogWorker.java:close(228)) - ea975f8e-901d-47d9-83c9-43432336259b-SegmentedRaftLogWorker:Storage Directory /workdir/hadoop-ozone/integration-test/target/test-dir/MiniOzoneClusterImpl-612f74f6-2a8c-4890-9791-609c93916e5a/datanode-1/data/ratis/e407f0e1-564f-4975-99ae-e8f9316e41d6 close()
2019-09-12 10:20:17,282 [ForkJoinPool.commonPool-worker-1] INFO  impl.StateMachineUpdater (StateMachineUpdater.java:stopAndJoin(115)) - StateMachineUpdater:2a823981-0280-4f5e-ab1d-96d3f91f7cfe:group-2B262FB7F6DD: set stopIndex = 0
2019-09-12 10:20:17,283 [main] INFO  impl.RaftServerImpl (RaftServerImpl.java:lambda$shutdown$3(245)) - ea975f8e-901d-47d9-83c9-43432336259b: shutdown group-7B110D48BB51
2019-09-12 10:20:17,284 [ForkJoinPool.commonPool-worker-1] INFO  impl.RaftServerImpl (ServerState.java:close(394)) - 2a823981-0280-4f5e-ab1d-96d3f91f7cfe:group-2B262FB7F6DD closes. The last applied log index is 0
2019-09-12 10:20:17,284 [main] INFO  util.JmxRegister (JmxRegister.java:unregister(73)) - Successfully un-registered JMX Bean with object name Ratis:service=RaftServer,group=group-7B110D48BB51,id=ea975f8e-901d-47d9-83c9-43432336259b
2019-09-12 10:20:17,285 [main] INFO  impl.RoleInfo (RoleInfo.java:shutdownLeaderState(104)) - ea975f8e-901d-47d9-83c9-43432336259b: shutdown LeaderState
2019-09-12 10:20:17,284 [2a823981-0280-4f5e-ab1d-96d3f91f7cfe-SegmentedRaftLogWorker:Storage Directory /workdir/hadoop-ozone/integration-test/target/test-dir/MiniOzoneClusterImpl-612f74f6-2a8c-4890-9791-609c93916e5a/datanode-0/data/ratis/56210427-6842-41c4-b59a-2b262fb7f6dd] INFO  segmented.SegmentedRaftLogWorker (SegmentedRaftLogWorker.java:run(313)) - 2a823981-0280-4f5e-ab1d-96d3f91f7cfe-SegmentedRaftLogWorker:Storage Directory /workdir/hadoop-ozone/integration-test/target/test-dir/MiniOzoneClusterImpl-612f74f6-2a8c-4890-9791-609c93916e5a/datanode-0/data/ratis/56210427-6842-41c4-b59a-2b262fb7f6dd was interrupted, exiting. There are 0 tasks remaining in the queue.
2019-09-12 10:20:17,285 [main] INFO  impl.PendingRequests (PendingRequests.java:sendNotLeaderResponses(202)) - ea975f8e-901d-47d9-83c9-43432336259b-PendingRequests: sendNotLeaderResponses
2019-09-12 10:20:17,285 [ForkJoinPool.commonPool-worker-1] INFO  segmented.SegmentedRaftLogWorker (SegmentedRaftLogWorker.java:close(228)) - 2a823981-0280-4f5e-ab1d-96d3f91f7cfe-SegmentedRaftLogWorker:Storage Directory /workdir/hadoop-ozone/integration-test/target/test-dir/MiniOzoneClusterImpl-612f74f6-2a8c-4890-9791-609c93916e5a/datanode-0/data/ratis/56210427-6842-41c4-b59a-2b262fb7f6dd close()
2019-09-12 10:20:17,286 [main] INFO  impl.StateMachineUpdater (StateMachineUpdater.java:stopAndJoin(115)) - StateMachineUpdater:ea975f8e-901d-47d9-83c9-43432336259b:group-7B110D48BB51: set stopIndex = 0
2019-09-12 10:20:17,287 [ForkJoinPool.commonPool-worker-1] INFO  impl.RaftServerImpl (RaftServerImpl.java:lambda$shutdown$3(245)) - 2a823981-0280-4f5e-ab1d-96d3f91f7cfe: shutdown group-4ABE02D0269A
2019-09-12 10:20:17,287 [main] INFO  impl.RaftServerImpl (ServerState.java:close(394)) - ea975f8e-901d-47d9-83c9-43432336259b:group-7B110D48BB51 closes. The last applied log index is 0
2019-09-12 10:20:17,288 [ForkJoinPool.commonPool-worker-1] INFO  util.JmxRegister (JmxRegister.java:unregister(73)) - Successfully un-registered JMX Bean with object name Ratis:service=RaftServer,group=group-4ABE02D0269A,id=2a823981-0280-4f5e-ab1d-96d3f91f7cfe
2019-09-12 10:20:17,288 [ea975f8e-901d-47d9-83c9-43432336259b-SegmentedRaftLogWorker:Storage Directory /workdir/hadoop-ozone/integration-test/target/test-dir/MiniOzoneClusterImpl-612f74f6-2a8c-4890-9791-609c93916e5a/datanode-1/data/ratis/717a569e-0e91-41cc-ba09-7b110d48bb51] INFO  segmented.SegmentedRaftLogWorker (SegmentedRaftLogWorker.java:run(313)) - ea975f8e-901d-47d9-83c9-43432336259b-SegmentedRaftLogWorker:Storage Directory /workdir/hadoop-ozone/integration-test/target/test-dir/MiniOzoneClusterImpl-612f74f6-2a8c-4890-9791-609c93916e5a/datanode-1/data/ratis/717a569e-0e91-41cc-ba09-7b110d48bb51 was interrupted, exiting. There are 0 tasks remaining in the queue.
2019-09-12 10:20:17,288 [ForkJoinPool.commonPool-worker-1] INFO  impl.RoleInfo (RoleInfo.java:shutdownLeaderState(104)) - 2a823981-0280-4f5e-ab1d-96d3f91f7cfe: shutdown LeaderState
2019-09-12 10:20:17,289 [main] INFO  segmented.SegmentedRaftLogWorker (SegmentedRaftLogWorker.java:close(228)) - ea975f8e-901d-47d9-83c9-43432336259b-SegmentedRaftLogWorker:Storage Directory /workdir/hadoop-ozone/integration-test/target/test-dir/MiniOzoneClusterImpl-612f74f6-2a8c-4890-9791-609c93916e5a/datanode-1/data/ratis/717a569e-0e91-41cc-ba09-7b110d48bb51 close()
2019-09-12 10:20:17,289 [ForkJoinPool.commonPool-worker-1] INFO  impl.PendingRequests (PendingRequests.java:sendNotLeaderResponses(202)) - 2a823981-0280-4f5e-ab1d-96d3f91f7cfe-PendingRequests: sendNotLeaderResponses
2019-09-12 10:20:17,290 [main] INFO  impl.RaftServerImpl (RaftServerImpl.java:lambda$shutdown$3(245)) - ea975f8e-901d-47d9-83c9-43432336259b: shutdown group-D58E21E5CADC
2019-09-12 10:20:17,290 [ForkJoinPool.commonPool-worker-1] INFO  impl.StateMachineUpdater (StateMachineUpdater.java:stopAndJoin(115)) - StateMachineUpdater:2a823981-0280-4f5e-ab1d-96d3f91f7cfe:group-4ABE02D0269A: set stopIndex = 0
2019-09-12 10:20:17,291 [main] INFO  util.JmxRegister (JmxRegister.java:unregister(73)) - Successfully un-registered JMX Bean with object name Ratis:service=RaftServer,group=group-D58E21E5CADC,id=ea975f8e-901d-47d9-83c9-43432336259b
2019-09-12 10:20:17,291 [ForkJoinPool.commonPool-worker-1] INFO  impl.RaftServerImpl (ServerState.java:close(394)) - 2a823981-0280-4f5e-ab1d-96d3f91f7cfe:group-4ABE02D0269A closes. The last applied log index is 0
2019-09-12 10:20:17,291 [main] INFO  impl.RoleInfo (RoleInfo.java:shutdownLeaderState(104)) - ea975f8e-901d-47d9-83c9-43432336259b: shutdown LeaderState
2019-09-12 10:20:17,292 [2a823981-0280-4f5e-ab1d-96d3f91f7cfe-SegmentedRaftLogWorker:Storage Directory /workdir/hadoop-ozone/integration-test/target/test-dir/MiniOzoneClusterImpl-612f74f6-2a8c-4890-9791-609c93916e5a/datanode-0/data/ratis/e5680547-1298-4b2f-910b-4abe02d0269a] INFO  segmented.SegmentedRaftLogWorker (SegmentedRaftLogWorker.java:run(313)) - 2a823981-0280-4f5e-ab1d-96d3f91f7cfe-SegmentedRaftLogWorker:Storage Directory /workdir/hadoop-ozone/integration-test/target/test-dir/MiniOzoneClusterImpl-612f74f6-2a8c-4890-9791-609c93916e5a/datanode-0/data/ratis/e5680547-1298-4b2f-910b-4abe02d0269a was interrupted, exiting. There are 0 tasks remaining in the queue.
2019-09-12 10:20:17,292 [main] INFO  impl.PendingRequests (PendingRequests.java:sendNotLeaderResponses(202)) - ea975f8e-901d-47d9-83c9-43432336259b-PendingRequests: sendNotLeaderResponses
2019-09-12 10:20:17,292 [ForkJoinPool.commonPool-worker-1] INFO  segmented.SegmentedRaftLogWorker (SegmentedRaftLogWorker.java:close(228)) - 2a823981-0280-4f5e-ab1d-96d3f91f7cfe-SegmentedRaftLogWorker:Storage Directory /workdir/hadoop-ozone/integration-test/target/test-dir/MiniOzoneClusterImpl-612f74f6-2a8c-4890-9791-609c93916e5a/datanode-0/data/ratis/e5680547-1298-4b2f-910b-4abe02d0269a close()
2019-09-12 10:20:17,293 [main] INFO  impl.StateMachineUpdater (StateMachineUpdater.java:stopAndJoin(115)) - StateMachineUpdater:ea975f8e-901d-47d9-83c9-43432336259b:group-D58E21E5CADC: set stopIndex = 0
2019-09-12 10:20:17,294 [ForkJoinPool.commonPool-worker-1] INFO  impl.RaftServerImpl (RaftServerImpl.java:lambda$shutdown$3(245)) - 2a823981-0280-4f5e-ab1d-96d3f91f7cfe: shutdown group-04D037D831D0
2019-09-12 10:20:17,294 [main] INFO  impl.RaftServerImpl (ServerState.java:close(394)) - ea975f8e-901d-47d9-83c9-43432336259b:group-D58E21E5CADC closes. The last applied log index is 0
2019-09-12 10:20:17,294 [ForkJoinPool.commonPool-worker-1] INFO  util.JmxRegister (JmxRegister.java:unregister(73)) - Successfully un-registered JMX Bean with object name Ratis:service=RaftServer,group=group-04D037D831D0,id=2a823981-0280-4f5e-ab1d-96d3f91f7cfe
2019-09-12 10:20:17,295 [ea975f8e-901d-47d9-83c9-43432336259b-SegmentedRaftLogWorker:Storage Directory /workdir/hadoop-ozone/integration-test/target/test-dir/MiniOzoneClusterImpl-612f74f6-2a8c-4890-9791-609c93916e5a/datanode-1/data/ratis/62026f52-f84b-4248-ae6d-d58e21e5cadc] INFO  segmented.SegmentedRaftLogWorker (SegmentedRaftLogWorker.java:run(313)) - ea975f8e-901d-47d9-83c9-43432336259b-SegmentedRaftLogWorker:Storage Directory /workdir/hadoop-ozone/integration-test/target/test-dir/MiniOzoneClusterImpl-612f74f6-2a8c-4890-9791-609c93916e5a/datanode-1/data/ratis/62026f52-f84b-4248-ae6d-d58e21e5cadc was interrupted, exiting. There are 0 tasks remaining in the queue.
2019-09-12 10:20:17,295 [ForkJoinPool.commonPool-worker-1] INFO  impl.RoleInfo (RoleInfo.java:shutdownLeaderState(104)) - 2a823981-0280-4f5e-ab1d-96d3f91f7cfe: shutdown LeaderState
2019-09-12 10:20:17,295 [main] INFO  segmented.SegmentedRaftLogWorker (SegmentedRaftLogWorker.java:close(228)) - ea975f8e-901d-47d9-83c9-43432336259b-SegmentedRaftLogWorker:Storage Directory /workdir/hadoop-ozone/integration-test/target/test-dir/MiniOzoneClusterImpl-612f74f6-2a8c-4890-9791-609c93916e5a/datanode-1/data/ratis/62026f52-f84b-4248-ae6d-d58e21e5cadc close()
2019-09-12 10:20:17,296 [ForkJoinPool.commonPool-worker-1] INFO  impl.PendingRequests (PendingRequests.java:sendNotLeaderResponses(202)) - 2a823981-0280-4f5e-ab1d-96d3f91f7cfe-PendingRequests: sendNotLeaderResponses
2019-09-12 10:20:17,297 [main] INFO  impl.RaftServerImpl (RaftServerImpl.java:lambda$shutdown$3(245)) - ea975f8e-901d-47d9-83c9-43432336259b: shutdown group-4A138822A81F
2019-09-12 10:20:17,297 [ForkJoinPool.commonPool-worker-1] INFO  impl.StateMachineUpdater (StateMachineUpdater.java:stopAndJoin(115)) - StateMachineUpdater:2a823981-0280-4f5e-ab1d-96d3f91f7cfe:group-04D037D831D0: set stopIndex = 0
2019-09-12 10:20:17,297 [main] INFO  util.JmxRegister (JmxRegister.java:unregister(73)) - Successfully un-registered JMX Bean with object name Ratis:service=RaftServer,group=group-4A138822A81F,id=ea975f8e-901d-47d9-83c9-43432336259b
2019-09-12 10:20:17,298 [ForkJoinPool.commonPool-worker-1] INFO  impl.RaftServerImpl (ServerState.java:close(394)) - 2a823981-0280-4f5e-ab1d-96d3f91f7cfe:group-04D037D831D0 closes. The last applied log index is 0
2019-09-12 10:20:17,298 [main] INFO  impl.RoleInfo (RoleInfo.java:shutdownLeaderState(104)) - ea975f8e-901d-47d9-83c9-43432336259b: shutdown LeaderState
2019-09-12 10:20:17,299 [2a823981-0280-4f5e-ab1d-96d3f91f7cfe-SegmentedRaftLogWorker:Storage Directory /workdir/hadoop-ozone/integration-test/target/test-dir/MiniOzoneClusterImpl-612f74f6-2a8c-4890-9791-609c93916e5a/datanode-0/data/ratis/b924795f-5660-437e-900a-04d037d831d0] INFO  segmented.SegmentedRaftLogWorker (SegmentedRaftLogWorker.java:run(313)) - 2a823981-0280-4f5e-ab1d-96d3f91f7cfe-SegmentedRaftLogWorker:Storage Directory /workdir/hadoop-ozone/integration-test/target/test-dir/MiniOzoneClusterImpl-612f74f6-2a8c-4890-9791-609c93916e5a/datanode-0/data/ratis/b924795f-5660-437e-900a-04d037d831d0 was interrupted, exiting. There are 0 tasks remaining in the queue.
2019-09-12 10:20:17,299 [main] INFO  impl.PendingRequests (PendingRequests.java:sendNotLeaderResponses(202)) - ea975f8e-901d-47d9-83c9-43432336259b-PendingRequests: sendNotLeaderResponses
2019-09-12 10:20:17,299 [ForkJoinPool.commonPool-worker-1] INFO  segmented.SegmentedRaftLogWorker (SegmentedRaftLogWorker.java:close(228)) - 2a823981-0280-4f5e-ab1d-96d3f91f7cfe-SegmentedRaftLogWorker:Storage Directory /workdir/hadoop-ozone/integration-test/target/test-dir/MiniOzoneClusterImpl-612f74f6-2a8c-4890-9791-609c93916e5a/datanode-0/data/ratis/b924795f-5660-437e-900a-04d037d831d0 close()
2019-09-12 10:20:17,299 [main] INFO  impl.StateMachineUpdater (StateMachineUpdater.java:stopAndJoin(115)) - StateMachineUpdater:ea975f8e-901d-47d9-83c9-43432336259b:group-4A138822A81F: set stopIndex = 0
2019-09-12 10:20:17,301 [ForkJoinPool.commonPool-worker-1] INFO  impl.RaftServerImpl (RaftServerImpl.java:lambda$shutdown$3(245)) - 2a823981-0280-4f5e-ab1d-96d3f91f7cfe: shutdown group-C4D960CA440B
2019-09-12 10:20:17,301 [main] INFO  impl.RaftServerImpl (ServerState.java:close(394)) - ea975f8e-901d-47d9-83c9-43432336259b:group-4A138822A81F closes. The last applied log index is 0
2019-09-12 10:20:17,301 [ForkJoinPool.commonPool-worker-1] INFO  util.JmxRegister (JmxRegister.java:unregister(73)) - Successfully un-registered JMX Bean with object name Ratis:service=RaftServer,group=group-C4D960CA440B,id=2a823981-0280-4f5e-ab1d-96d3f91f7cfe
2019-09-12 10:20:17,302 [ea975f8e-901d-47d9-83c9-43432336259b-SegmentedRaftLogWorker:Storage Directory /workdir/hadoop-ozone/integration-test/target/test-dir/MiniOzoneClusterImpl-612f74f6-2a8c-4890-9791-609c93916e5a/datanode-1/data/ratis/26ac4326-724b-404d-91ab-4a138822a81f] INFO  segmented.SegmentedRaftLogWorker (SegmentedRaftLogWorker.java:run(313)) - ea975f8e-901d-47d9-83c9-43432336259b-SegmentedRaftLogWorker:Storage Directory /workdir/hadoop-ozone/integration-test/target/test-dir/MiniOzoneClusterImpl-612f74f6-2a8c-4890-9791-609c93916e5a/datanode-1/data/ratis/26ac4326-724b-404d-91ab-4a138822a81f was interrupted, exiting. There are 0 tasks remaining in the queue.
2019-09-12 10:20:17,302 [ForkJoinPool.commonPool-worker-1] INFO  impl.RoleInfo (RoleInfo.java:shutdownLeaderState(104)) - 2a823981-0280-4f5e-ab1d-96d3f91f7cfe: shutdown LeaderState
2019-09-12 10:20:17,302 [main] INFO  segmented.SegmentedRaftLogWorker (SegmentedRaftLogWorker.java:close(228)) - ea975f8e-901d-47d9-83c9-43432336259b-SegmentedRaftLogWorker:Storage Directory /workdir/hadoop-ozone/integration-test/target/test-dir/MiniOzoneClusterImpl-612f74f6-2a8c-4890-9791-609c93916e5a/datanode-1/data/ratis/26ac4326-724b-404d-91ab-4a138822a81f close()
2019-09-12 10:20:17,302 [ForkJoinPool.commonPool-worker-1] INFO  impl.PendingRequests (PendingRequests.java:sendNotLeaderResponses(202)) - 2a823981-0280-4f5e-ab1d-96d3f91f7cfe-PendingRequests: sendNotLeaderResponses
2019-09-12 10:20:17,304 [main] INFO  impl.RaftServerImpl (RaftServerImpl.java:lambda$shutdown$3(245)) - ea975f8e-901d-47d9-83c9-43432336259b: shutdown group-90093961A082
2019-09-12 10:20:17,304 [ForkJoinPool.commonPool-worker-1] INFO  impl.StateMachineUpdater (StateMachineUpdater.java:stopAndJoin(115)) - StateMachineUpdater:2a823981-0280-4f5e-ab1d-96d3f91f7cfe:group-C4D960CA440B: set stopIndex = 0
2019-09-12 10:20:17,305 [main] INFO  util.JmxRegister (JmxRegister.java:unregister(73)) - Successfully un-registered JMX Bean with object name Ratis:service=RaftServer,group=group-90093961A082,id=ea975f8e-901d-47d9-83c9-43432336259b
2019-09-12 10:20:17,305 [ForkJoinPool.commonPool-worker-1] INFO  impl.RaftServerImpl (ServerState.java:close(394)) - 2a823981-0280-4f5e-ab1d-96d3f91f7cfe:group-C4D960CA440B closes. The last applied log index is 0
2019-09-12 10:20:17,305 [main] INFO  impl.RoleInfo (RoleInfo.java:shutdownLeaderState(104)) - ea975f8e-901d-47d9-83c9-43432336259b: shutdown LeaderState
2019-09-12 10:20:17,306 [2a823981-0280-4f5e-ab1d-96d3f91f7cfe-SegmentedRaftLogWorker:Storage Directory /workdir/hadoop-ozone/integration-test/target/test-dir/MiniOzoneClusterImpl-612f74f6-2a8c-4890-9791-609c93916e5a/datanode-0/data/ratis/34d02da2-3a8d-4213-90ed-c4d960ca440b] INFO  segmented.SegmentedRaftLogWorker (SegmentedRaftLogWorker.java:run(313)) - 2a823981-0280-4f5e-ab1d-96d3f91f7cfe-SegmentedRaftLogWorker:Storage Directory /workdir/hadoop-ozone/integration-test/target/test-dir/MiniOzoneClusterImpl-612f74f6-2a8c-4890-9791-609c93916e5a/datanode-0/data/ratis/34d02da2-3a8d-4213-90ed-c4d960ca440b was interrupted, exiting. There are 0 tasks remaining in the queue.
2019-09-12 10:20:17,306 [main] INFO  impl.PendingRequests (PendingRequests.java:sendNotLeaderResponses(202)) - ea975f8e-901d-47d9-83c9-43432336259b-PendingRequests: sendNotLeaderResponses
2019-09-12 10:20:17,306 [ForkJoinPool.commonPool-worker-1] INFO  segmented.SegmentedRaftLogWorker (SegmentedRaftLogWorker.java:close(228)) - 2a823981-0280-4f5e-ab1d-96d3f91f7cfe-SegmentedRaftLogWorker:Storage Directory /workdir/hadoop-ozone/integration-test/target/test-dir/MiniOzoneClusterImpl-612f74f6-2a8c-4890-9791-609c93916e5a/datanode-0/data/ratis/34d02da2-3a8d-4213-90ed-c4d960ca440b close()
2019-09-12 10:20:17,307 [main] INFO  impl.StateMachineUpdater (StateMachineUpdater.java:stopAndJoin(115)) - StateMachineUpdater:ea975f8e-901d-47d9-83c9-43432336259b:group-90093961A082: set stopIndex = 0
2019-09-12 10:20:17,309 [main] INFO  impl.RaftServerImpl (ServerState.java:close(394)) - ea975f8e-901d-47d9-83c9-43432336259b:group-90093961A082 closes. The last applied log index is 0
2019-09-12 10:20:17,308 [ForkJoinPool.commonPool-worker-1] INFO  impl.RaftServerImpl (RaftServerImpl.java:lambda$shutdown$3(245)) - 2a823981-0280-4f5e-ab1d-96d3f91f7cfe: shutdown group-81033C4845E7
2019-09-12 10:20:17,309 [ea975f8e-901d-47d9-83c9-43432336259b-SegmentedRaftLogWorker:Storage Directory /workdir/hadoop-ozone/integration-test/target/test-dir/MiniOzoneClusterImpl-612f74f6-2a8c-4890-9791-609c93916e5a/datanode-1/data/ratis/6cb486d9-c59b-46c8-a349-90093961a082] INFO  segmented.SegmentedRaftLogWorker (SegmentedRaftLogWorker.java:run(313)) - ea975f8e-901d-47d9-83c9-43432336259b-SegmentedRaftLogWorker:Storage Directory /workdir/hadoop-ozone/integration-test/target/test-dir/MiniOzoneClusterImpl-612f74f6-2a8c-4890-9791-609c93916e5a/datanode-1/data/ratis/6cb486d9-c59b-46c8-a349-90093961a082 was interrupted, exiting. There are 0 tasks remaining in the queue.
2019-09-12 10:20:17,310 [ForkJoinPool.commonPool-worker-1] INFO  util.JmxRegister (JmxRegister.java:unregister(73)) - Successfully un-registered JMX Bean with object name Ratis:service=RaftServer,group=group-81033C4845E7,id=2a823981-0280-4f5e-ab1d-96d3f91f7cfe
2019-09-12 10:20:17,310 [main] INFO  segmented.SegmentedRaftLogWorker (SegmentedRaftLogWorker.java:close(228)) - ea975f8e-901d-47d9-83c9-43432336259b-SegmentedRaftLogWorker:Storage Directory /workdir/hadoop-ozone/integration-test/target/test-dir/MiniOzoneClusterImpl-612f74f6-2a8c-4890-9791-609c93916e5a/datanode-1/data/ratis/6cb486d9-c59b-46c8-a349-90093961a082 close()
2019-09-12 10:20:17,310 [ForkJoinPool.commonPool-worker-1] INFO  impl.RoleInfo (RoleInfo.java:shutdownLeaderState(104)) - 2a823981-0280-4f5e-ab1d-96d3f91f7cfe: shutdown LeaderState
2019-09-12 10:20:17,312 [main] INFO  server.GrpcService (GrpcService.java:closeImpl(155)) - ea975f8e-901d-47d9-83c9-43432336259b: shutdown server with port 33294 now
2019-09-12 10:20:17,312 [ForkJoinPool.commonPool-worker-1] INFO  impl.PendingRequests (PendingRequests.java:sendNotLeaderResponses(202)) - 2a823981-0280-4f5e-ab1d-96d3f91f7cfe-PendingRequests: sendNotLeaderResponses
2019-09-12 10:20:17,313 [ForkJoinPool.commonPool-worker-1] INFO  impl.StateMachineUpdater (StateMachineUpdater.java:stopAndJoin(115)) - StateMachineUpdater:2a823981-0280-4f5e-ab1d-96d3f91f7cfe:group-81033C4845E7: set stopIndex = 0
2019-09-12 10:20:17,314 [main] INFO  server.GrpcService (GrpcService.java:closeImpl(163)) - ea975f8e-901d-47d9-83c9-43432336259b: shutdown server with port 33294 successfully
2019-09-12 10:20:17,314 [ForkJoinPool.commonPool-worker-1] INFO  impl.RaftServerImpl (ServerState.java:close(394)) - 2a823981-0280-4f5e-ab1d-96d3f91f7cfe:group-81033C4845E7 closes. The last applied log index is 0
2019-09-12 10:20:17,315 [2a823981-0280-4f5e-ab1d-96d3f91f7cfe-SegmentedRaftLogWorker:Storage Directory /workdir/hadoop-ozone/integration-test/target/test-dir/MiniOzoneClusterImpl-612f74f6-2a8c-4890-9791-609c93916e5a/datanode-0/data/ratis/eeae03d7-af93-4b53-8fd8-81033c4845e7] INFO  segmented.SegmentedRaftLogWorker (SegmentedRaftLogWorker.java:run(313)) - 2a823981-0280-4f5e-ab1d-96d3f91f7cfe-SegmentedRaftLogWorker:Storage Directory /workdir/hadoop-ozone/integration-test/target/test-dir/MiniOzoneClusterImpl-612f74f6-2a8c-4890-9791-609c93916e5a/datanode-0/data/ratis/eeae03d7-af93-4b53-8fd8-81033c4845e7 was interrupted, exiting. There are 0 tasks remaining in the queue.
2019-09-12 10:20:17,315 [ForkJoinPool.commonPool-worker-1] INFO  segmented.SegmentedRaftLogWorker (SegmentedRaftLogWorker.java:close(228)) - 2a823981-0280-4f5e-ab1d-96d3f91f7cfe-SegmentedRaftLogWorker:Storage Directory /workdir/hadoop-ozone/integration-test/target/test-dir/MiniOzoneClusterImpl-612f74f6-2a8c-4890-9791-609c93916e5a/datanode-0/data/ratis/eeae03d7-af93-4b53-8fd8-81033c4845e7 close()
2019-09-12 10:20:17,315 [main] INFO  utils.BackgroundService (BackgroundService.java:shutdown(148)) - Shutting down service BlockDeletingService
2019-09-12 10:20:17,316 [ForkJoinPool.commonPool-worker-1] INFO  server.GrpcService (GrpcService.java:closeImpl(155)) - 2a823981-0280-4f5e-ab1d-96d3f91f7cfe: shutdown server with port 46205 now
2019-09-12 10:20:17,318 [ForkJoinPool.commonPool-worker-1] INFO  server.GrpcService (GrpcService.java:closeImpl(163)) - 2a823981-0280-4f5e-ab1d-96d3f91f7cfe: shutdown server with port 46205 successfully
2019-09-12 10:20:17,319 [refreshUsed-/workdir/hadoop-ozone/integration-test/target/test-dir/MiniOzoneClusterImpl-612f74f6-2a8c-4890-9791-609c93916e5a/datanode-1/data/containers] WARN  fs.CachingGetSpaceUsed (CachingGetSpaceUsed.java:run(183)) - Thread Interrupted waiting to refresh disk information: sleep interrupted
2019-09-12 10:20:17,325 [ForkJoinPool.commonPool-worker-1] INFO  utils.BackgroundService (BackgroundService.java:shutdown(148)) - Shutting down service BlockDeletingService
2019-09-12 10:20:17,326 [refreshUsed-/workdir/hadoop-ozone/integration-test/target/test-dir/MiniOzoneClusterImpl-612f74f6-2a8c-4890-9791-609c93916e5a/datanode-0/data/containers] WARN  fs.CachingGetSpaceUsed (CachingGetSpaceUsed.java:run(183)) - Thread Interrupted waiting to refresh disk information: sleep interrupted
2019-09-12 10:20:17,344 [ForkJoinPool.commonPool-worker-1] INFO  statemachine.DatanodeStateMachine (DatanodeStateMachine.java:stopDaemon(395)) - Ozone container server stopped.
2019-09-12 10:20:17,348 [ForkJoinPool.commonPool-worker-1] INFO  handler.ContextHandler (ContextHandler.java:doStop(910)) - Stopped o.e.j.w.WebAppContext@2af9a5ef{/,null,UNAVAILABLE}{/hddsDatanode}
2019-09-12 10:20:17,348 [ForkJoinPool.commonPool-worker-1] INFO  server.AbstractConnector (AbstractConnector.java:doStop(318)) - Stopped ServerConnector@34f23816{HTTP/1.1,[http/1.1]}{0.0.0.0:0}
2019-09-12 10:20:17,349 [ForkJoinPool.commonPool-worker-1] INFO  handler.ContextHandler (ContextHandler.java:doStop(910)) - Stopped o.e.j.s.ServletContextHandler@5ab7ac02{/static,jar:file:/home/user/.m2/repository/org/apache/hadoop/hadoop-hdds-container-service/0.5.0-SNAPSHOT/hadoop-hdds-container-service-0.5.0-SNAPSHOT.jar!/webapps/static,UNAVAILABLE}
2019-09-12 10:20:17,351 [ForkJoinPool.commonPool-worker-1] INFO  handler.ContextHandler (ContextHandler.java:doStop(910)) - Stopped o.e.j.s.ServletContextHandler@4d290757{/logs,file:///workdir/hadoop-ozone/integration-test/target/log,UNAVAILABLE}
2019-09-12 10:20:17,352 [main] INFO  statemachine.DatanodeStateMachine (DatanodeStateMachine.java:stopDaemon(395)) - Ozone container server stopped.
2019-09-12 10:20:17,353 [main] INFO  handler.ContextHandler (ContextHandler.java:doStop(910)) - Stopped o.e.j.w.WebAppContext@4cc26df{/,null,UNAVAILABLE}{/hddsDatanode}
2019-09-12 10:20:17,353 [ForkJoinPool.commonPool-worker-1] INFO  datanode.ObjectStoreHandler (ObjectStoreHandler.java:close(155)) - Closing ObjectStoreHandler.
2019-09-12 10:20:17,354 [main] INFO  server.AbstractConnector (AbstractConnector.java:doStop(318)) - Stopped ServerConnector@7848321e{HTTP/1.1,[http/1.1]}{0.0.0.0:0}
2019-09-12 10:20:17,355 [main] INFO  handler.ContextHandler (ContextHandler.java:doStop(910)) - Stopped o.e.j.s.ServletContextHandler@64ec1459{/static,jar:file:/home/user/.m2/repository/org/apache/hadoop/hadoop-hdds-container-service/0.5.0-SNAPSHOT/hadoop-hdds-container-service-0.5.0-SNAPSHOT.jar!/webapps/static,UNAVAILABLE}
2019-09-12 10:20:17,355 [ForkJoinPool.commonPool-worker-1] INFO  ozone.HddsDatanodeService (HddsDatanodeService.java:stop(451)) - Stopped plug-in org.apache.hadoop.ozone.web.OzoneHddsDatanodeService@16e907b6
2019-09-12 10:20:17,355 [main] INFO  handler.ContextHandler (ContextHandler.java:doStop(910)) - Stopped o.e.j.s.ServletContextHandler@194911c1{/logs,file:///workdir/hadoop-ozone/integration-test/target/log,UNAVAILABLE}
2019-09-12 10:20:18,247 [Datanode State Machine Thread - 0] INFO  statemachine.DatanodeStateMachine (DatanodeStateMachine.java:lambda$startDaemon$0(350)) - Ozone container server started.
2019-09-12 10:20:22,356 [ForkJoinPool.commonPool-worker-1] INFO  ozoneimpl.OzoneContainer (OzoneContainer.java:stop(199)) - Attempting to stop container services.
2019-09-12 10:20:22,356 [ForkJoinPool.commonPool-worker-1] INFO  impl.RaftServerProxy (RaftServerProxy.java:lambda$close$4(314)) - 544a1983-7fe2-414f-ab8e-445659a3ebbd: close
2019-09-12 10:20:22,357 [ForkJoinPool.commonPool-worker-1] INFO  impl.RaftServerImpl (RaftServerImpl.java:lambda$shutdown$3(245)) - 544a1983-7fe2-414f-ab8e-445659a3ebbd: shutdown group-793A2085E1FF
2019-09-12 10:20:22,357 [ForkJoinPool.commonPool-worker-1] INFO  util.JmxRegister (JmxRegister.java:unregister(73)) - Successfully un-registered JMX Bean with object name Ratis:service=RaftServer,group=group-793A2085E1FF,id=544a1983-7fe2-414f-ab8e-445659a3ebbd
2019-09-12 10:20:22,357 [ForkJoinPool.commonPool-worker-1] INFO  impl.RoleInfo (RoleInfo.java:shutdownLeaderState(104)) - 544a1983-7fe2-414f-ab8e-445659a3ebbd: shutdown LeaderState
2019-09-12 10:20:22,358 [ForkJoinPool.commonPool-worker-1] INFO  impl.PendingRequests (PendingRequests.java:sendNotLeaderResponses(202)) - 544a1983-7fe2-414f-ab8e-445659a3ebbd-PendingRequests: sendNotLeaderResponses
2019-09-12 10:20:22,358 [ForkJoinPool.commonPool-worker-1] INFO  impl.StateMachineUpdater (StateMachineUpdater.java:stopAndJoin(115)) - StateMachineUpdater:544a1983-7fe2-414f-ab8e-445659a3ebbd:group-793A2085E1FF: set stopIndex = 0
2019-09-12 10:20:22,358 [ForkJoinPool.commonPool-worker-1] INFO  impl.RaftServerImpl (ServerState.java:close(394)) - 544a1983-7fe2-414f-ab8e-445659a3ebbd:group-793A2085E1FF closes. The last applied log index is 0
2019-09-12 10:20:22,359 [544a1983-7fe2-414f-ab8e-445659a3ebbd-SegmentedRaftLogWorker:Storage Directory /workdir/hadoop-ozone/integration-test/target/test-dir/MiniOzoneClusterImpl-612f74f6-2a8c-4890-9791-609c93916e5a/datanode-2/data/ratis/31443aba-52b8-4232-87f3-793a2085e1ff] INFO  segmented.SegmentedRaftLogWorker (SegmentedRaftLogWorker.java:run(313)) - 544a1983-7fe2-414f-ab8e-445659a3ebbd-SegmentedRaftLogWorker:Storage Directory /workdir/hadoop-ozone/integration-test/target/test-dir/MiniOzoneClusterImpl-612f74f6-2a8c-4890-9791-609c93916e5a/datanode-2/data/ratis/31443aba-52b8-4232-87f3-793a2085e1ff was interrupted, exiting. There are 0 tasks remaining in the queue.
2019-09-12 10:20:22,359 [ForkJoinPool.commonPool-worker-1] INFO  segmented.SegmentedRaftLogWorker (SegmentedRaftLogWorker.java:close(228)) - 544a1983-7fe2-414f-ab8e-445659a3ebbd-SegmentedRaftLogWorker:Storage Directory /workdir/hadoop-ozone/integration-test/target/test-dir/MiniOzoneClusterImpl-612f74f6-2a8c-4890-9791-609c93916e5a/datanode-2/data/ratis/31443aba-52b8-4232-87f3-793a2085e1ff close()
2019-09-12 10:20:22,361 [ForkJoinPool.commonPool-worker-1] INFO  impl.RaftServerImpl (RaftServerImpl.java:lambda$shutdown$3(245)) - 544a1983-7fe2-414f-ab8e-445659a3ebbd: shutdown group-093650BBF68B
2019-09-12 10:20:22,361 [ForkJoinPool.commonPool-worker-1] INFO  util.JmxRegister (JmxRegister.java:unregister(73)) - Successfully un-registered JMX Bean with object name Ratis:service=RaftServer,group=group-093650BBF68B,id=544a1983-7fe2-414f-ab8e-445659a3ebbd
2019-09-12 10:20:22,362 [ForkJoinPool.commonPool-worker-1] INFO  impl.RoleInfo (RoleInfo.java:shutdownLeaderState(104)) - 544a1983-7fe2-414f-ab8e-445659a3ebbd: shutdown LeaderState
2019-09-12 10:20:22,362 [ForkJoinPool.commonPool-worker-1] INFO  impl.PendingRequests (PendingRequests.java:sendNotLeaderResponses(202)) - 544a1983-7fe2-414f-ab8e-445659a3ebbd-PendingRequests: sendNotLeaderResponses
2019-09-12 10:20:22,362 [ForkJoinPool.commonPool-worker-1] INFO  impl.StateMachineUpdater (StateMachineUpdater.java:stopAndJoin(115)) - StateMachineUpdater:544a1983-7fe2-414f-ab8e-445659a3ebbd:group-093650BBF68B: set stopIndex = 0
2019-09-12 10:20:22,363 [ForkJoinPool.commonPool-worker-1] INFO  impl.RaftServerImpl (ServerState.java:close(394)) - 544a1983-7fe2-414f-ab8e-445659a3ebbd:group-093650BBF68B closes. The last applied log index is 0
2019-09-12 10:20:22,363 [544a1983-7fe2-414f-ab8e-445659a3ebbd-SegmentedRaftLogWorker:Storage Directory /workdir/hadoop-ozone/integration-test/target/test-dir/MiniOzoneClusterImpl-612f74f6-2a8c-4890-9791-609c93916e5a/datanode-2/data/ratis/d69ffbcf-b73e-40de-84f4-093650bbf68b] INFO  segmented.SegmentedRaftLogWorker (SegmentedRaftLogWorker.java:run(313)) - 544a1983-7fe2-414f-ab8e-445659a3ebbd-SegmentedRaftLogWorker:Storage Directory /workdir/hadoop-ozone/integration-test/target/test-dir/MiniOzoneClusterImpl-612f74f6-2a8c-4890-9791-609c93916e5a/datanode-2/data/ratis/d69ffbcf-b73e-40de-84f4-093650bbf68b was interrupted, exiting. There are 0 tasks remaining in the queue.
2019-09-12 10:20:22,363 [ForkJoinPool.commonPool-worker-1] INFO  segmented.SegmentedRaftLogWorker (SegmentedRaftLogWorker.java:close(228)) - 544a1983-7fe2-414f-ab8e-445659a3ebbd-SegmentedRaftLogWorker:Storage Directory /workdir/hadoop-ozone/integration-test/target/test-dir/MiniOzoneClusterImpl-612f74f6-2a8c-4890-9791-609c93916e5a/datanode-2/data/ratis/d69ffbcf-b73e-40de-84f4-093650bbf68b close()
2019-09-12 10:20:22,365 [ForkJoinPool.commonPool-worker-1] INFO  impl.RaftServerImpl (RaftServerImpl.java:lambda$shutdown$3(245)) - 544a1983-7fe2-414f-ab8e-445659a3ebbd: shutdown group-6E69AE9CB4AE
2019-09-12 10:20:22,365 [ForkJoinPool.commonPool-worker-1] INFO  util.JmxRegister (JmxRegister.java:unregister(73)) - Successfully un-registered JMX Bean with object name Ratis:service=RaftServer,group=group-6E69AE9CB4AE,id=544a1983-7fe2-414f-ab8e-445659a3ebbd
2019-09-12 10:20:22,365 [ForkJoinPool.commonPool-worker-1] INFO  impl.RoleInfo (RoleInfo.java:shutdownLeaderState(104)) - 544a1983-7fe2-414f-ab8e-445659a3ebbd: shutdown LeaderState
2019-09-12 10:20:22,366 [ForkJoinPool.commonPool-worker-1] INFO  impl.PendingRequests (PendingRequests.java:sendNotLeaderResponses(202)) - 544a1983-7fe2-414f-ab8e-445659a3ebbd-PendingRequests: sendNotLeaderResponses
2019-09-12 10:20:22,366 [ForkJoinPool.commonPool-worker-1] INFO  impl.StateMachineUpdater (StateMachineUpdater.java:stopAndJoin(115)) - StateMachineUpdater:544a1983-7fe2-414f-ab8e-445659a3ebbd:group-6E69AE9CB4AE: set stopIndex = 0
2019-09-12 10:20:22,366 [ForkJoinPool.commonPool-worker-1] INFO  impl.RaftServerImpl (ServerState.java:close(394)) - 544a1983-7fe2-414f-ab8e-445659a3ebbd:group-6E69AE9CB4AE closes. The last applied log index is 0
2019-09-12 10:20:22,367 [544a1983-7fe2-414f-ab8e-445659a3ebbd-SegmentedRaftLogWorker:Storage Directory /workdir/hadoop-ozone/integration-test/target/test-dir/MiniOzoneClusterImpl-612f74f6-2a8c-4890-9791-609c93916e5a/datanode-2/data/ratis/0d24347a-7964-4257-b385-6e69ae9cb4ae] INFO  segmented.SegmentedRaftLogWorker (SegmentedRaftLogWorker.java:run(313)) - 544a1983-7fe2-414f-ab8e-445659a3ebbd-SegmentedRaftLogWorker:Storage Directory /workdir/hadoop-ozone/integration-test/target/test-dir/MiniOzoneClusterImpl-612f74f6-2a8c-4890-9791-609c93916e5a/datanode-2/data/ratis/0d24347a-7964-4257-b385-6e69ae9cb4ae was interrupted, exiting. There are 0 tasks remaining in the queue.
2019-09-12 10:20:22,367 [ForkJoinPool.commonPool-worker-1] INFO  segmented.SegmentedRaftLogWorker (SegmentedRaftLogWorker.java:close(228)) - 544a1983-7fe2-414f-ab8e-445659a3ebbd-SegmentedRaftLogWorker:Storage Directory /workdir/hadoop-ozone/integration-test/target/test-dir/MiniOzoneClusterImpl-612f74f6-2a8c-4890-9791-609c93916e5a/datanode-2/data/ratis/0d24347a-7964-4257-b385-6e69ae9cb4ae close()
2019-09-12 10:20:22,368 [ForkJoinPool.commonPool-worker-1] INFO  impl.RaftServerImpl (RaftServerImpl.java:lambda$shutdown$3(245)) - 544a1983-7fe2-414f-ab8e-445659a3ebbd: shutdown group-92F304886870
2019-09-12 10:20:22,368 [ForkJoinPool.commonPool-worker-1] INFO  util.JmxRegister (JmxRegister.java:unregister(73)) - Successfully un-registered JMX Bean with object name Ratis:service=RaftServer,group=group-92F304886870,id=544a1983-7fe2-414f-ab8e-445659a3ebbd
2019-09-12 10:20:22,368 [ForkJoinPool.commonPool-worker-1] INFO  impl.RoleInfo (RoleInfo.java:shutdownLeaderState(104)) - 544a1983-7fe2-414f-ab8e-445659a3ebbd: shutdown LeaderState
2019-09-12 10:20:22,369 [ForkJoinPool.commonPool-worker-1] INFO  impl.PendingRequests (PendingRequests.java:sendNotLeaderResponses(202)) - 544a1983-7fe2-414f-ab8e-445659a3ebbd-PendingRequests: sendNotLeaderResponses
2019-09-12 10:20:22,369 [ForkJoinPool.commonPool-worker-1] INFO  impl.StateMachineUpdater (StateMachineUpdater.java:stopAndJoin(115)) - StateMachineUpdater:544a1983-7fe2-414f-ab8e-445659a3ebbd:group-92F304886870: set stopIndex = 0
2019-09-12 10:20:22,369 [ForkJoinPool.commonPool-worker-1] INFO  impl.RaftServerImpl (ServerState.java:close(394)) - 544a1983-7fe2-414f-ab8e-445659a3ebbd:group-92F304886870 closes. The last applied log index is 0
2019-09-12 10:20:22,370 [544a1983-7fe2-414f-ab8e-445659a3ebbd-SegmentedRaftLogWorker:Storage Directory /workdir/hadoop-ozone/integration-test/target/test-dir/MiniOzoneClusterImpl-612f74f6-2a8c-4890-9791-609c93916e5a/datanode-2/data/ratis/5fc94322-9de2-42fc-8da6-92f304886870] INFO  segmented.SegmentedRaftLogWorker (SegmentedRaftLogWorker.java:run(313)) - 544a1983-7fe2-414f-ab8e-445659a3ebbd-SegmentedRaftLogWorker:Storage Directory /workdir/hadoop-ozone/integration-test/target/test-dir/MiniOzoneClusterImpl-612f74f6-2a8c-4890-9791-609c93916e5a/datanode-2/data/ratis/5fc94322-9de2-42fc-8da6-92f304886870 was interrupted, exiting. There are 0 tasks remaining in the queue.
2019-09-12 10:20:22,370 [ForkJoinPool.commonPool-worker-1] INFO  segmented.SegmentedRaftLogWorker (SegmentedRaftLogWorker.java:close(228)) - 544a1983-7fe2-414f-ab8e-445659a3ebbd-SegmentedRaftLogWorker:Storage Directory /workdir/hadoop-ozone/integration-test/target/test-dir/MiniOzoneClusterImpl-612f74f6-2a8c-4890-9791-609c93916e5a/datanode-2/data/ratis/5fc94322-9de2-42fc-8da6-92f304886870 close()
2019-09-12 10:20:22,371 [ForkJoinPool.commonPool-worker-1] INFO  impl.RaftServerImpl (RaftServerImpl.java:lambda$shutdown$3(245)) - 544a1983-7fe2-414f-ab8e-445659a3ebbd: shutdown group-31AF135A2495
2019-09-12 10:20:22,371 [ForkJoinPool.commonPool-worker-1] INFO  util.JmxRegister (JmxRegister.java:unregister(73)) - Successfully un-registered JMX Bean with object name Ratis:service=RaftServer,group=group-31AF135A2495,id=544a1983-7fe2-414f-ab8e-445659a3ebbd
2019-09-12 10:20:22,372 [ForkJoinPool.commonPool-worker-1] INFO  impl.RoleInfo (RoleInfo.java:shutdownLeaderState(104)) - 544a1983-7fe2-414f-ab8e-445659a3ebbd: shutdown LeaderState
2019-09-12 10:20:22,372 [ForkJoinPool.commonPool-worker-1] INFO  impl.PendingRequests (PendingRequests.java:sendNotLeaderResponses(202)) - 544a1983-7fe2-414f-ab8e-445659a3ebbd-PendingRequests: sendNotLeaderResponses
2019-09-12 10:20:22,372 [ForkJoinPool.commonPool-worker-1] INFO  impl.StateMachineUpdater (StateMachineUpdater.java:stopAndJoin(115)) - StateMachineUpdater:544a1983-7fe2-414f-ab8e-445659a3ebbd:group-31AF135A2495: set stopIndex = 0
2019-09-12 10:20:22,373 [ForkJoinPool.commonPool-worker-1] INFO  impl.RaftServerImpl (ServerState.java:close(394)) - 544a1983-7fe2-414f-ab8e-445659a3ebbd:group-31AF135A2495 closes. The last applied log index is 0
2019-09-12 10:20:22,373 [544a1983-7fe2-414f-ab8e-445659a3ebbd-SegmentedRaftLogWorker:Storage Directory /workdir/hadoop-ozone/integration-test/target/test-dir/MiniOzoneClusterImpl-612f74f6-2a8c-4890-9791-609c93916e5a/datanode-2/data/ratis/fe7ede1e-ac51-46dc-8227-31af135a2495] INFO  segmented.SegmentedRaftLogWorker (SegmentedRaftLogWorker.java:run(313)) - 544a1983-7fe2-414f-ab8e-445659a3ebbd-SegmentedRaftLogWorker:Storage Directory /workdir/hadoop-ozone/integration-test/target/test-dir/MiniOzoneClusterImpl-612f74f6-2a8c-4890-9791-609c93916e5a/datanode-2/data/ratis/fe7ede1e-ac51-46dc-8227-31af135a2495 was interrupted, exiting. There are 0 tasks remaining in the queue.
2019-09-12 10:20:22,373 [ForkJoinPool.commonPool-worker-1] INFO  segmented.SegmentedRaftLogWorker (SegmentedRaftLogWorker.java:close(228)) - 544a1983-7fe2-414f-ab8e-445659a3ebbd-SegmentedRaftLogWorker:Storage Directory /workdir/hadoop-ozone/integration-test/target/test-dir/MiniOzoneClusterImpl-612f74f6-2a8c-4890-9791-609c93916e5a/datanode-2/data/ratis/fe7ede1e-ac51-46dc-8227-31af135a2495 close()
2019-09-12 10:20:22,374 [ForkJoinPool.commonPool-worker-1] INFO  impl.RaftServerImpl (RaftServerImpl.java:lambda$shutdown$3(245)) - 544a1983-7fe2-414f-ab8e-445659a3ebbd: shutdown group-934DECAC5F68
2019-09-12 10:20:22,375 [ForkJoinPool.commonPool-worker-1] INFO  util.JmxRegister (JmxRegister.java:unregister(73)) - Successfully un-registered JMX Bean with object name Ratis:service=RaftServer,group=group-934DECAC5F68,id=544a1983-7fe2-414f-ab8e-445659a3ebbd
2019-09-12 10:20:22,375 [ForkJoinPool.commonPool-worker-1] INFO  impl.RoleInfo (RoleInfo.java:shutdownLeaderState(104)) - 544a1983-7fe2-414f-ab8e-445659a3ebbd: shutdown LeaderState
2019-09-12 10:20:22,375 [ForkJoinPool.commonPool-worker-1] INFO  impl.PendingRequests (PendingRequests.java:sendNotLeaderResponses(202)) - 544a1983-7fe2-414f-ab8e-445659a3ebbd-PendingRequests: sendNotLeaderResponses
2019-09-12 10:20:22,376 [ForkJoinPool.commonPool-worker-1] INFO  impl.StateMachineUpdater (StateMachineUpdater.java:stopAndJoin(115)) - StateMachineUpdater:544a1983-7fe2-414f-ab8e-445659a3ebbd:group-934DECAC5F68: set stopIndex = 0
2019-09-12 10:20:22,376 [ForkJoinPool.commonPool-worker-1] INFO  impl.RaftServerImpl (ServerState.java:close(394)) - 544a1983-7fe2-414f-ab8e-445659a3ebbd:group-934DECAC5F68 closes. The last applied log index is 0
2019-09-12 10:20:22,376 [544a1983-7fe2-414f-ab8e-445659a3ebbd-SegmentedRaftLogWorker:Storage Directory /workdir/hadoop-ozone/integration-test/target/test-dir/MiniOzoneClusterImpl-612f74f6-2a8c-4890-9791-609c93916e5a/datanode-2/data/ratis/02b5c6e9-6c84-43c5-91f9-934decac5f68] INFO  segmented.SegmentedRaftLogWorker (SegmentedRaftLogWorker.java:run(313)) - 544a1983-7fe2-414f-ab8e-445659a3ebbd-SegmentedRaftLogWorker:Storage Directory /workdir/hadoop-ozone/integration-test/target/test-dir/MiniOzoneClusterImpl-612f74f6-2a8c-4890-9791-609c93916e5a/datanode-2/data/ratis/02b5c6e9-6c84-43c5-91f9-934decac5f68 was interrupted, exiting. There are 0 tasks remaining in the queue.
2019-09-12 10:20:22,376 [ForkJoinPool.commonPool-worker-1] INFO  segmented.SegmentedRaftLogWorker (SegmentedRaftLogWorker.java:close(228)) - 544a1983-7fe2-414f-ab8e-445659a3ebbd-SegmentedRaftLogWorker:Storage Directory /workdir/hadoop-ozone/integration-test/target/test-dir/MiniOzoneClusterImpl-612f74f6-2a8c-4890-9791-609c93916e5a/datanode-2/data/ratis/02b5c6e9-6c84-43c5-91f9-934decac5f68 close()
2019-09-12 10:20:22,378 [ForkJoinPool.commonPool-worker-1] INFO  server.GrpcService (GrpcService.java:closeImpl(155)) - 544a1983-7fe2-414f-ab8e-445659a3ebbd: shutdown server with port 46339 now
2019-09-12 10:20:22,379 [ForkJoinPool.commonPool-worker-1] INFO  server.GrpcService (GrpcService.java:closeImpl(163)) - 544a1983-7fe2-414f-ab8e-445659a3ebbd: shutdown server with port 46339 successfully
2019-09-12 10:20:22,381 [ForkJoinPool.commonPool-worker-1] INFO  utils.BackgroundService (BackgroundService.java:shutdown(148)) - Shutting down service BlockDeletingService
2019-09-12 10:20:22,383 [refreshUsed-/workdir/hadoop-ozone/integration-test/target/test-dir/MiniOzoneClusterImpl-612f74f6-2a8c-4890-9791-609c93916e5a/datanode-2/data/containers] WARN  fs.CachingGetSpaceUsed (CachingGetSpaceUsed.java:run(183)) - Thread Interrupted waiting to refresh disk information: sleep interrupted
2019-09-12 10:20:22,403 [ForkJoinPool.commonPool-worker-1] INFO  statemachine.DatanodeStateMachine (DatanodeStateMachine.java:stopDaemon(395)) - Ozone container server stopped.
2019-09-12 10:20:22,406 [ForkJoinPool.commonPool-worker-1] INFO  handler.ContextHandler (ContextHandler.java:doStop(910)) - Stopped o.e.j.w.WebAppContext@6a1d1467{/,null,UNAVAILABLE}{/hddsDatanode}
2019-09-12 10:20:22,407 [ForkJoinPool.commonPool-worker-1] INFO  server.AbstractConnector (AbstractConnector.java:doStop(318)) - Stopped ServerConnector@536da29c{HTTP/1.1,[http/1.1]}{0.0.0.0:0}
2019-09-12 10:20:22,408 [ForkJoinPool.commonPool-worker-1] INFO  handler.ContextHandler (ContextHandler.java:doStop(910)) - Stopped o.e.j.s.ServletContextHandler@224e6e88{/static,jar:file:/home/user/.m2/repository/org/apache/hadoop/hadoop-hdds-container-service/0.5.0-SNAPSHOT/hadoop-hdds-container-service-0.5.0-SNAPSHOT.jar!/webapps/static,UNAVAILABLE}
2019-09-12 10:20:22,408 [ForkJoinPool.commonPool-worker-1] INFO  handler.ContextHandler (ContextHandler.java:doStop(910)) - Stopped o.e.j.s.ServletContextHandler@52285a5f{/logs,file:///workdir/hadoop-ozone/integration-test/target/log,UNAVAILABLE}
2019-09-12 10:20:22,410 [main] INFO  ozone.MiniOzoneClusterImpl (MiniOzoneClusterImpl.java:stop(353)) - Stopping the StorageContainerManager
2019-09-12 10:20:22,410 [main] INFO  server.StorageContainerManager (StorageContainerManager.java:stop(797)) - Stopping Replication Manager Service.
2019-09-12 10:20:22,410 [main] INFO  container.ReplicationManager (ReplicationManager.java:stop(192)) - Stopping Replication Monitor Thread.
2019-09-12 10:20:22,410 [main] INFO  server.StorageContainerManager (StorageContainerManager.java:stop(804)) - Stopping Lease Manager of the command watchers
2019-09-12 10:20:22,411 [main] INFO  server.StorageContainerManager (StorageContainerManager.java:stop(811)) - Stopping datanode service RPC server
2019-09-12 10:20:22,411 [main] INFO  server.SCMDatanodeProtocolServer (SCMDatanodeProtocolServer.java:stop(367)) - Stopping the RPC server for DataNodes
2019-09-12 10:20:22,411 [main] INFO  ipc.Server (Server.java:stop(3082)) - Stopping server on 44251
2019-09-12 10:20:22,413 [IPC Server Responder] INFO  ipc.Server (Server.java:run(1319)) - Stopping IPC Server Responder
2019-09-12 10:20:22,413 [IPC Server listener on 44251] INFO  ipc.Server (Server.java:run(1185)) - Stopping IPC Server listener on 44251
2019-09-12 10:20:22,455 [SCM Heartbeat Processing Thread - 0] WARN  node.NodeStateManager (NodeStateManager.java:scheduleNextHealthCheck(655)) - Current Thread is interrupted, shutting down HB processing thread for Node Manager.
2019-09-12 10:20:22,455 [main] INFO  server.StorageContainerManager (StorageContainerManager.java:stop(819)) - Stopping block service RPC server
2019-09-12 10:20:22,455 [main] INFO  server.SCMBlockProtocolServer (SCMBlockProtocolServer.java:stop(148)) - Stopping the RPC server for Block Protocol
2019-09-12 10:20:22,455 [main] INFO  ipc.Server (Server.java:stop(3082)) - Stopping server on 33349
2019-09-12 10:20:22,457 [main] INFO  server.StorageContainerManager (StorageContainerManager.java:stop(826)) - Stopping the StorageContainerLocationProtocol RPC server
2019-09-12 10:20:22,457 [main] INFO  server.SCMClientProtocolServer (SCMClientProtocolServer.java:stop(159)) - Stopping the RPC server for Client Protocol
2019-09-12 10:20:22,458 [main] INFO  ipc.Server (Server.java:stop(3082)) - Stopping server on 46230
2019-09-12 10:20:22,457 [IPC Server Responder] INFO  ipc.Server (Server.java:run(1319)) - Stopping IPC Server Responder
2019-09-12 10:20:22,458 [IPC Server listener on 33349] INFO  ipc.Server (Server.java:run(1185)) - Stopping IPC Server listener on 33349
2019-09-12 10:20:22,461 [IPC Server listener on 46230] INFO  ipc.Server (Server.java:run(1185)) - Stopping IPC Server listener on 46230
2019-09-12 10:20:22,461 [main] INFO  server.StorageContainerManager (StorageContainerManager.java:stop(833)) - Stopping Storage Container Manager HTTP server.
2019-09-12 10:20:22,462 [IPC Server Responder] INFO  ipc.Server (Server.java:run(1319)) - Stopping IPC Server Responder
2019-09-12 10:20:22,463 [main] INFO  handler.ContextHandler (ContextHandler.java:doStop(910)) - Stopped o.e.j.w.WebAppContext@645dc557{/,null,UNAVAILABLE}{/scm}
2019-09-12 10:20:22,464 [main] INFO  server.AbstractConnector (AbstractConnector.java:doStop(318)) - Stopped ServerConnector@48c5698{HTTP/1.1,[http/1.1]}{0.0.0.0:0}
2019-09-12 10:20:22,464 [main] INFO  handler.ContextHandler (ContextHandler.java:doStop(910)) - Stopped o.e.j.s.ServletContextHandler@2a6fb62f{/static,file:///workdir/hadoop-ozone/integration-test/target/test-classes/webapps/static,UNAVAILABLE}
2019-09-12 10:20:22,465 [main] INFO  handler.ContextHandler (ContextHandler.java:doStop(910)) - Stopped o.e.j.s.ServletContextHandler@5908e6d6{/logs,file:///workdir/hadoop-ozone/integration-test/target/log,UNAVAILABLE}
2019-09-12 10:20:22,467 [main] INFO  server.StorageContainerManager (StorageContainerManager.java:stop(844)) - Stopping Block Manager Service.
2019-09-12 10:20:22,467 [main] INFO  utils.BackgroundService (BackgroundService.java:shutdown(148)) - Shutting down service SCMBlockDeletingService
2019-09-12 10:20:22,467 [main] INFO  utils.BackgroundService (BackgroundService.java:shutdown(148)) - Shutting down service SCMBlockDeletingService
2019-09-12 10:20:22,468 [main] INFO  server.StorageContainerManager (StorageContainerManager.java:stop(866)) - Stopping SCM Event Queue.
2019-09-12 10:20:22,471 [main] INFO  impl.MetricsSystemImpl (MetricsSystemImpl.java:stop(210)) - Stopping HddsDatanode metrics system...
2019-09-12 10:20:22,481 [main] INFO  impl.MetricsSystemImpl (MetricsSystemImpl.java:stop(216)) - HddsDatanode metrics system stopped.
]]></system-out>
    <system-err><![CDATA[Sep 12, 2019 10:20:06 AM com.sun.jersey.server.impl.application.WebApplicationImpl _initiate
INFO: Initiating Jersey application, version 'Jersey: 1.19 02/11/2015 03:25 AM'
Sep 12, 2019 10:20:06 AM com.sun.jersey.server.impl.application.WebApplicationImpl _initiate
INFO: Initiating Jersey application, version 'Jersey: 1.19 02/11/2015 03:25 AM'
Sep 12, 2019 10:20:07 AM com.sun.jersey.server.impl.application.WebApplicationImpl _initiate
INFO: Initiating Jersey application, version 'Jersey: 1.19 02/11/2015 03:25 AM'
]]></system-err>
  </testcase>
  <testcase name="testPipelineCloseWithLogFailure" classname="org.apache.hadoop.hdds.scm.pipeline.TestPipelineClose" time="16.878">
    <error message="Could not allocate container. Cannot get any matching pipeline for Type:RATIS, Factor:THREE, State:PipelineState.OPEN" type="java.io.IOException">java.io.IOException: Could not allocate container. Cannot get any matching pipeline for Type:RATIS, Factor:THREE, State:PipelineState.OPEN
	at org.apache.hadoop.hdds.scm.container.ContainerStateManager.allocateContainer(ContainerStateManager.java:260)
	at org.apache.hadoop.hdds.scm.container.SCMContainerManager.allocateContainer(SCMContainerManager.java:247)
	at org.apache.hadoop.hdds.scm.pipeline.TestPipelineClose.init(TestPipelineClose.java:92)
	at sun.reflect.NativeMethodAccessorImpl.invoke0(Native Method)
	at sun.reflect.NativeMethodAccessorImpl.invoke(NativeMethodAccessorImpl.java:62)
	at sun.reflect.DelegatingMethodAccessorImpl.invoke(DelegatingMethodAccessorImpl.java:43)
	at java.lang.reflect.Method.invoke(Method.java:498)
	at org.junit.runners.model.FrameworkMethod$1.runReflectiveCall(FrameworkMethod.java:47)
	at org.junit.internal.runners.model.ReflectiveCallable.run(ReflectiveCallable.java:12)
	at org.junit.runners.model.FrameworkMethod.invokeExplosively(FrameworkMethod.java:44)
	at org.junit.internal.runners.statements.RunBefores.evaluate(RunBefores.java:24)
	at org.junit.internal.runners.statements.RunAfters.evaluate(RunAfters.java:27)
	at org.junit.runners.ParentRunner.runLeaf(ParentRunner.java:271)
	at org.junit.runners.BlockJUnit4ClassRunner.runChild(BlockJUnit4ClassRunner.java:70)
	at org.junit.runners.BlockJUnit4ClassRunner.runChild(BlockJUnit4ClassRunner.java:50)
	at org.junit.runners.ParentRunner$3.run(ParentRunner.java:238)
	at org.junit.runners.ParentRunner$1.schedule(ParentRunner.java:63)
	at org.junit.runners.ParentRunner.runChildren(ParentRunner.java:236)
	at org.junit.runners.ParentRunner.access$000(ParentRunner.java:53)
	at org.junit.runners.ParentRunner$2.evaluate(ParentRunner.java:229)
	at org.junit.runners.ParentRunner.run(ParentRunner.java:309)
	at org.apache.maven.surefire.junit4.JUnit4Provider.execute(JUnit4Provider.java:365)
	at org.apache.maven.surefire.junit4.JUnit4Provider.executeWithRerun(JUnit4Provider.java:273)
	at org.apache.maven.surefire.junit4.JUnit4Provider.executeTestSet(JUnit4Provider.java:238)
	at org.apache.maven.surefire.junit4.JUnit4Provider.invoke(JUnit4Provider.java:159)
	at org.apache.maven.surefire.booter.ForkedBooter.invokeProviderInSameClassLoader(ForkedBooter.java:384)
	at org.apache.maven.surefire.booter.ForkedBooter.runSuitesInProcess(ForkedBooter.java:345)
	at org.apache.maven.surefire.booter.ForkedBooter.execute(ForkedBooter.java:126)
	at org.apache.maven.surefire.booter.ForkedBooter.main(ForkedBooter.java:418)
</error>
    <system-out><![CDATA[2019-09-12 10:20:22,511 [main] WARN  server.ServerUtils (ServerUtils.java:getScmDbDir(145)) - ozone.scm.db.dirs is not configured. We recommend adding this setting. Falling back to ozone.metadata.dirs instead.
2019-09-12 10:20:22,537 [main] WARN  server.ServerUtils (ServerUtils.java:getScmDbDir(145)) - ozone.scm.db.dirs is not configured. We recommend adding this setting. Falling back to ozone.metadata.dirs instead.
2019-09-12 10:20:22,537 [main] WARN  server.ServerUtils (ServerUtils.java:getScmDbDir(145)) - ozone.scm.db.dirs is not configured. We recommend adding this setting. Falling back to ozone.metadata.dirs instead.
2019-09-12 10:20:22,538 [main] INFO  db.DBStoreBuilder (DBStoreBuilder.java:addTable(110)) - using custom profile for table: deletedBlocks
2019-09-12 10:20:22,538 [main] INFO  db.DBStoreBuilder (DBStoreBuilder.java:processTables(161)) - Using default column profile:DBProfile.DISK for Table:deletedBlocks
2019-09-12 10:20:22,538 [main] INFO  db.DBStoreBuilder (DBStoreBuilder.java:addTable(110)) - using custom profile for table: validCerts
2019-09-12 10:20:22,538 [main] INFO  db.DBStoreBuilder (DBStoreBuilder.java:processTables(161)) - Using default column profile:DBProfile.DISK for Table:validCerts
2019-09-12 10:20:22,539 [main] INFO  db.DBStoreBuilder (DBStoreBuilder.java:addTable(110)) - using custom profile for table: revokedCerts
2019-09-12 10:20:22,539 [main] INFO  db.DBStoreBuilder (DBStoreBuilder.java:processTables(161)) - Using default column profile:DBProfile.DISK for Table:revokedCerts
2019-09-12 10:20:22,539 [main] INFO  db.DBStoreBuilder (DBStoreBuilder.java:addTable(110)) - using custom profile for table: default
2019-09-12 10:20:22,539 [main] INFO  db.DBStoreBuilder (DBStoreBuilder.java:processTables(167)) - Using default column profile:DBProfile.DISK for Table:default
2019-09-12 10:20:22,539 [main] INFO  db.DBStoreBuilder (DBStoreBuilder.java:getDbProfile(198)) - Using default options. DBProfile.DISK
2019-09-12 10:20:22,683 [main] INFO  net.NodeSchemaLoader (NodeSchemaLoader.java:loadSchemaFromFile(125)) - Loading file from sun.misc.CompoundEnumeration@fee881
2019-09-12 10:20:22,684 [main] INFO  net.NodeSchemaLoader (NodeSchemaLoader.java:loadSchema(171)) - Loading network topology layer schema file
2019-09-12 10:20:22,687 [main] WARN  server.ServerUtils (ServerUtils.java:sanitizeUserArgs(70)) - ozone.scm.stale.node.interval value = 300000 is larger than max = 100000 based on the key value of ozone.scm.heartbeat.thread.interval, reset to the max value 100000.
2019-09-12 10:20:22,688 [main] WARN  server.ServerUtils (ServerUtils.java:sanitizeUserArgs(70)) - ozone.scm.stale.node.interval value = 300000 is larger than max = 100000 based on the key value of ozone.scm.heartbeat.thread.interval, reset to the max value 100000.
2019-09-12 10:20:22,688 [main] INFO  node.SCMNodeManager (SCMNodeManager.java:<init>(121)) - Entering startup safe mode.
2019-09-12 10:20:22,689 [main] INFO  algorithms.ContainerPlacementPolicyFactory (ContainerPlacementPolicyFactory.java:getPolicy(56)) - Create container placement policy of type org.apache.hadoop.hdds.scm.container.placement.algorithms.SCMContainerPlacementRandom
2019-09-12 10:20:22,689 [main] WARN  server.ServerUtils (ServerUtils.java:getScmDbDir(145)) - ozone.scm.db.dirs is not configured. We recommend adding this setting. Falling back to ozone.metadata.dirs instead.
2019-09-12 10:20:22,736 [main] INFO  pipeline.SCMPipelineManager (SCMPipelineManager.java:initializePipelineState(126)) - No pipeline exists in current db
2019-09-12 10:20:22,736 [main] WARN  server.ServerUtils (ServerUtils.java:getScmDbDir(145)) - ozone.scm.db.dirs is not configured. We recommend adding this setting. Falling back to ozone.metadata.dirs instead.
2019-09-12 10:20:22,789 [main] WARN  events.EventQueue (EventQueue.java:fireEvent(175)) - No event handler registered for event TypedEvent{payloadType=SafeModeStatus, name='SafeModeStatus'}
2019-09-12 10:20:22,790 [main] INFO  ipc.CallQueueManager (CallQueueManager.java:<init>(84)) - Using callQueue: class java.util.concurrent.LinkedBlockingQueue, queueCapacity: 2000, scheduler: class org.apache.hadoop.ipc.DefaultRpcScheduler, ipcBackoff: false.
2019-09-12 10:20:22,792 [Socket Reader #1 for port 43651] INFO  ipc.Server (Server.java:run(1074)) - Starting Socket Reader #1 for port 43651
2019-09-12 10:20:22,795 [main] INFO  ipc.CallQueueManager (CallQueueManager.java:<init>(84)) - Using callQueue: class java.util.concurrent.LinkedBlockingQueue, queueCapacity: 2000, scheduler: class org.apache.hadoop.ipc.DefaultRpcScheduler, ipcBackoff: false.
2019-09-12 10:20:22,796 [Socket Reader #1 for port 34518] INFO  ipc.Server (Server.java:run(1074)) - Starting Socket Reader #1 for port 34518
2019-09-12 10:20:22,797 [main] INFO  ipc.CallQueueManager (CallQueueManager.java:<init>(84)) - Using callQueue: class java.util.concurrent.LinkedBlockingQueue, queueCapacity: 2000, scheduler: class org.apache.hadoop.ipc.DefaultRpcScheduler, ipcBackoff: false.
2019-09-12 10:20:22,798 [Socket Reader #1 for port 40690] INFO  ipc.Server (Server.java:run(1074)) - Starting Socket Reader #1 for port 40690
2019-09-12 10:20:22,802 [main] INFO  hdfs.DFSUtil (DFSUtil.java:httpServerTemplateForNNAndJN(1641)) - Starting Web-server for scm at: http://0.0.0.0:0
2019-09-12 10:20:22,805 [main] INFO  server.AuthenticationFilter (AuthenticationFilter.java:constructSecretProvider(240)) - Unable to initialize FileSignerSecretProvider, falling back to use random secrets.
2019-09-12 10:20:22,806 [main] WARN  http.HttpRequestLog (HttpRequestLog.java:getRequestLog(97)) - Jetty request log can only be enabled using Log4j
2019-09-12 10:20:22,810 [main] INFO  http.HttpServer2 (HttpServer2.java:addGlobalFilter(975)) - Added global filter 'safety' (class=org.apache.hadoop.http.HttpServer2$QuotingInputFilter)
2019-09-12 10:20:22,811 [main] INFO  http.HttpServer2 (HttpServer2.java:addFilter(948)) - Added filter static_user_filter (class=org.apache.hadoop.http.lib.StaticUserWebFilter$StaticUserFilter) to context scm
2019-09-12 10:20:22,811 [main] INFO  http.HttpServer2 (HttpServer2.java:addFilter(958)) - Added filter static_user_filter (class=org.apache.hadoop.http.lib.StaticUserWebFilter$StaticUserFilter) to context logs
2019-09-12 10:20:22,812 [main] INFO  http.HttpServer2 (HttpServer2.java:addFilter(958)) - Added filter static_user_filter (class=org.apache.hadoop.http.lib.StaticUserWebFilter$StaticUserFilter) to context static
2019-09-12 10:20:22,815 [main] INFO  server.StorageContainerManager (StorageContainerManager.java:start(759)) - StorageContainerLocationProtocol RPC server is listening at /0.0.0.0:40690
2019-09-12 10:20:22,818 [main] WARN  impl.MetricsConfig (MetricsConfig.java:loadFirst(134)) - Cannot locate configuration: tried hadoop-metrics2-storagecontainermanager.properties,hadoop-metrics2.properties
2019-09-12 10:20:22,821 [main] INFO  impl.MetricsSystemImpl (MetricsSystemImpl.java:startTimer(374)) - Scheduled Metric snapshot period at 10 second(s).
2019-09-12 10:20:22,821 [main] INFO  impl.MetricsSystemImpl (MetricsSystemImpl.java:start(191)) - StorageContainerManager metrics system started
2019-09-12 10:20:22,889 [main] INFO  server.SCMClientProtocolServer (SCMClientProtocolServer.java:start(151)) - RPC server for Client  is listening at /0.0.0.0:40690
2019-09-12 10:20:22,890 [IPC Server Responder] INFO  ipc.Server (Server.java:run(1314)) - IPC Server Responder: starting
2019-09-12 10:20:22,890 [IPC Server listener on 40690] INFO  ipc.Server (Server.java:run(1153)) - IPC Server listener on 40690: starting
2019-09-12 10:20:22,894 [main] INFO  server.StorageContainerManager (StorageContainerManager.java:start(769)) - ScmBlockLocationProtocol RPC server is listening at /0.0.0.0:34518
2019-09-12 10:20:22,894 [main] INFO  server.SCMBlockProtocolServer (SCMBlockProtocolServer.java:start(140)) - RPC server for Block Protocol is listening at /0.0.0.0:34518
2019-09-12 10:20:22,895 [IPC Server Responder] INFO  ipc.Server (Server.java:run(1314)) - IPC Server Responder: starting
2019-09-12 10:20:22,895 [IPC Server listener on 34518] INFO  ipc.Server (Server.java:run(1153)) - IPC Server listener on 34518: starting
2019-09-12 10:20:22,899 [main] INFO  server.StorageContainerManager (StorageContainerManager.java:start(773)) - ScmDatanodeProtocl RPC server is listening at /0.0.0.0:43651
2019-09-12 10:20:22,899 [main] INFO  server.SCMDatanodeProtocolServer (SCMDatanodeProtocolServer.java:start(191)) - RPC server for DataNodes is listening at /0.0.0.0:43651
2019-09-12 10:20:22,900 [IPC Server Responder] INFO  ipc.Server (Server.java:run(1314)) - IPC Server Responder: starting
2019-09-12 10:20:22,900 [IPC Server listener on 43651] INFO  ipc.Server (Server.java:run(1153)) - IPC Server listener on 43651: starting
2019-09-12 10:20:22,904 [main] INFO  http.HttpServer2 (HttpServer2.java:bindListener(1191)) - Jetty bound to port 45407
2019-09-12 10:20:22,904 [main] INFO  server.Server (Server.java:doStart(351)) - jetty-9.3.24.v20180605, build timestamp: 2018-06-05T17:11:56Z, git hash: 84205aa28f11a4f31f2a3b86d1bba2cc8ab69827
2019-09-12 10:20:22,907 [main] INFO  handler.ContextHandler (ContextHandler.java:doStart(781)) - Started o.e.j.s.ServletContextHandler@abc7005{/logs,file:///workdir/hadoop-ozone/integration-test/target/log,AVAILABLE}
2019-09-12 10:20:22,908 [main] INFO  handler.ContextHandler (ContextHandler.java:doStart(781)) - Started o.e.j.s.ServletContextHandler@63c84d31{/static,file:///workdir/hadoop-ozone/integration-test/target/test-classes/webapps/static,AVAILABLE}
2019-09-12 10:20:22,914 [main] INFO  handler.ContextHandler (ContextHandler.java:doStart(781)) - Started o.e.j.w.WebAppContext@5fc1e4fb{/,file:///workdir/hadoop-ozone/integration-test/target/test-classes/webapps/scm/,AVAILABLE}{/scm}
2019-09-12 10:20:22,914 [main] INFO  server.AbstractConnector (AbstractConnector.java:doStart(278)) - Started ServerConnector@29aa4bc9{HTTP/1.1,[http/1.1]}{0.0.0.0:45407}
2019-09-12 10:20:22,915 [main] INFO  server.Server (Server.java:doStart(419)) - Started @58541ms
2019-09-12 10:20:22,916 [main] INFO  server.BaseHttpServer (BaseHttpServer.java:updateConnectorAddress(213)) - HTTP server of SCM is listening at http://0.0.0.0:45407
2019-09-12 10:20:22,917 [main] WARN  server.ServerUtils (ServerUtils.java:getDBPath(222)) - ozone.om.db.dirs is not configured. We recommend adding this setting. Falling back to ozone.metadata.dirs instead.
2019-09-12 10:20:22,917 [org.apache.hadoop.util.JvmPauseMonitor$Monitor@6c519e47] INFO  util.JvmPauseMonitor (JvmPauseMonitor.java:run(188)) - Starting JVM pause monitor
2019-09-12 10:20:22,932 [main] WARN  server.ServerUtils (ServerUtils.java:getDBPath(222)) - ozone.om.db.dirs is not configured. We recommend adding this setting. Falling back to ozone.metadata.dirs instead.
2019-09-12 10:20:22,932 [main] WARN  server.ServerUtils (ServerUtils.java:getDBPath(222)) - ozone.om.db.dirs is not configured. We recommend adding this setting. Falling back to ozone.metadata.dirs instead.
2019-09-12 10:20:22,933 [main] INFO  om.OzoneManager (OzoneManager.java:setOMNodeDetails(645)) - OM Service ID is not set. Setting it to the default ID: omServiceIdDefault
2019-09-12 10:20:22,933 [main] INFO  om.OzoneManager (OzoneManager.java:setOMNodeDetails(651)) - OM Node ID is not set. Setting it to the OmStorage's OmID: 868eee55-143a-485a-bfff-c178c3da59da
2019-09-12 10:20:22,933 [main] INFO  om.OzoneManager (OzoneManager.java:loadOMHAConfigs(602)) - Found matching OM address with OMServiceId: null, OMNodeId: null, RPC Address: localhost:0 and Ratis port: 9872
2019-09-12 10:20:22,939 | INFO  | SCMAudit | user=jenkins1000 | ip=192.168.157.195 | op=GET_SCM_INFO null | ret=SUCCESS |  
2019-09-12 10:20:22,941 [main] WARN  server.ServerUtils (ServerUtils.java:getDBPath(222)) - ozone.om.db.dirs is not configured. We recommend adding this setting. Falling back to ozone.metadata.dirs instead.
2019-09-12 10:20:22,942 [main] INFO  db.DBStoreBuilder (DBStoreBuilder.java:addTable(110)) - using custom profile for table: userTable
2019-09-12 10:20:22,942 [main] INFO  db.DBStoreBuilder (DBStoreBuilder.java:processTables(161)) - Using default column profile:DBProfile.DISK for Table:userTable
2019-09-12 10:20:22,943 [main] INFO  db.DBStoreBuilder (DBStoreBuilder.java:addTable(110)) - using custom profile for table: volumeTable
2019-09-12 10:20:22,943 [main] INFO  db.DBStoreBuilder (DBStoreBuilder.java:processTables(161)) - Using default column profile:DBProfile.DISK for Table:volumeTable
2019-09-12 10:20:22,943 [main] INFO  db.DBStoreBuilder (DBStoreBuilder.java:addTable(110)) - using custom profile for table: bucketTable
2019-09-12 10:20:22,943 [main] INFO  db.DBStoreBuilder (DBStoreBuilder.java:processTables(161)) - Using default column profile:DBProfile.DISK for Table:bucketTable
2019-09-12 10:20:22,944 [main] INFO  db.DBStoreBuilder (DBStoreBuilder.java:addTable(110)) - using custom profile for table: keyTable
2019-09-12 10:20:22,944 [main] INFO  db.DBStoreBuilder (DBStoreBuilder.java:processTables(161)) - Using default column profile:DBProfile.DISK for Table:keyTable
2019-09-12 10:20:22,944 [main] INFO  db.DBStoreBuilder (DBStoreBuilder.java:addTable(110)) - using custom profile for table: deletedTable
2019-09-12 10:20:22,944 [main] INFO  db.DBStoreBuilder (DBStoreBuilder.java:processTables(161)) - Using default column profile:DBProfile.DISK for Table:deletedTable
2019-09-12 10:20:22,945 [main] INFO  db.DBStoreBuilder (DBStoreBuilder.java:addTable(110)) - using custom profile for table: openKeyTable
2019-09-12 10:20:22,945 [main] INFO  db.DBStoreBuilder (DBStoreBuilder.java:processTables(161)) - Using default column profile:DBProfile.DISK for Table:openKeyTable
2019-09-12 10:20:22,945 [main] INFO  db.DBStoreBuilder (DBStoreBuilder.java:addTable(110)) - using custom profile for table: s3Table
2019-09-12 10:20:22,945 [main] INFO  db.DBStoreBuilder (DBStoreBuilder.java:processTables(161)) - Using default column profile:DBProfile.DISK for Table:s3Table
2019-09-12 10:20:22,946 [main] INFO  db.DBStoreBuilder (DBStoreBuilder.java:addTable(110)) - using custom profile for table: multipartInfoTable
2019-09-12 10:20:22,946 [main] INFO  db.DBStoreBuilder (DBStoreBuilder.java:processTables(161)) - Using default column profile:DBProfile.DISK for Table:multipartInfoTable
2019-09-12 10:20:22,946 [main] INFO  db.DBStoreBuilder (DBStoreBuilder.java:addTable(110)) - using custom profile for table: dTokenTable
2019-09-12 10:20:22,946 [main] INFO  db.DBStoreBuilder (DBStoreBuilder.java:processTables(161)) - Using default column profile:DBProfile.DISK for Table:dTokenTable
2019-09-12 10:20:22,947 [main] INFO  db.DBStoreBuilder (DBStoreBuilder.java:addTable(110)) - using custom profile for table: s3SecretTable
2019-09-12 10:20:22,947 [main] INFO  db.DBStoreBuilder (DBStoreBuilder.java:processTables(161)) - Using default column profile:DBProfile.DISK for Table:s3SecretTable
2019-09-12 10:20:22,947 [main] INFO  db.DBStoreBuilder (DBStoreBuilder.java:addTable(110)) - using custom profile for table: prefixTable
2019-09-12 10:20:22,947 [main] INFO  db.DBStoreBuilder (DBStoreBuilder.java:processTables(161)) - Using default column profile:DBProfile.DISK for Table:prefixTable
2019-09-12 10:20:22,948 [main] INFO  db.DBStoreBuilder (DBStoreBuilder.java:addTable(110)) - using custom profile for table: default
2019-09-12 10:20:22,948 [main] INFO  db.DBStoreBuilder (DBStoreBuilder.java:processTables(167)) - Using default column profile:DBProfile.DISK for Table:default
2019-09-12 10:20:22,948 [main] INFO  db.DBStoreBuilder (DBStoreBuilder.java:getDbProfile(198)) - Using default options. DBProfile.DISK
2019-09-12 10:20:23,467 [main] INFO  ipc.CallQueueManager (CallQueueManager.java:<init>(84)) - Using callQueue: class java.util.concurrent.LinkedBlockingQueue, queueCapacity: 2000, scheduler: class org.apache.hadoop.ipc.DefaultRpcScheduler, ipcBackoff: false.
2019-09-12 10:20:23,468 [Socket Reader #1 for port 41958] INFO  ipc.Server (Server.java:run(1074)) - Starting Socket Reader #1 for port 41958
2019-09-12 10:20:23,481 [main] INFO  om.OzoneManager (OzoneManager.java:start(1256)) - OzoneManager RPC server is listening at localhost/127.0.0.1:41958
2019-09-12 10:20:23,481 [main] INFO  impl.MetricsSystemImpl (MetricsSystemImpl.java:init(158)) - OzoneManager metrics system started (again)
2019-09-12 10:20:23,482 [IPC Server Responder] INFO  ipc.Server (Server.java:run(1314)) - IPC Server Responder: starting
2019-09-12 10:20:23,482 [IPC Server listener on 41958] INFO  ipc.Server (Server.java:run(1153)) - IPC Server listener on 41958: starting
2019-09-12 10:20:23,487 [main] INFO  hdfs.DFSUtil (DFSUtil.java:httpServerTemplateForNNAndJN(1641)) - Starting Web-server for ozoneManager at: http://0.0.0.0:0
2019-09-12 10:20:23,489 [main] INFO  server.AuthenticationFilter (AuthenticationFilter.java:constructSecretProvider(240)) - Unable to initialize FileSignerSecretProvider, falling back to use random secrets.
2019-09-12 10:20:23,489 [main] WARN  http.HttpRequestLog (HttpRequestLog.java:getRequestLog(97)) - Jetty request log can only be enabled using Log4j
2019-09-12 10:20:23,491 [main] INFO  http.HttpServer2 (HttpServer2.java:addGlobalFilter(975)) - Added global filter 'safety' (class=org.apache.hadoop.http.HttpServer2$QuotingInputFilter)
2019-09-12 10:20:23,492 [main] INFO  http.HttpServer2 (HttpServer2.java:addFilter(948)) - Added filter static_user_filter (class=org.apache.hadoop.http.lib.StaticUserWebFilter$StaticUserFilter) to context ozoneManager
2019-09-12 10:20:23,492 [main] INFO  http.HttpServer2 (HttpServer2.java:addFilter(958)) - Added filter static_user_filter (class=org.apache.hadoop.http.lib.StaticUserWebFilter$StaticUserFilter) to context static
2019-09-12 10:20:23,492 [main] INFO  http.HttpServer2 (HttpServer2.java:addFilter(958)) - Added filter static_user_filter (class=org.apache.hadoop.http.lib.StaticUserWebFilter$StaticUserFilter) to context logs
2019-09-12 10:20:23,493 [main] INFO  http.HttpServer2 (HttpServer2.java:bindListener(1191)) - Jetty bound to port 41136
2019-09-12 10:20:23,493 [main] INFO  server.Server (Server.java:doStart(351)) - jetty-9.3.24.v20180605, build timestamp: 2018-06-05T17:11:56Z, git hash: 84205aa28f11a4f31f2a3b86d1bba2cc8ab69827
2019-09-12 10:20:23,495 [main] INFO  handler.ContextHandler (ContextHandler.java:doStart(781)) - Started o.e.j.s.ServletContextHandler@4fea5ee0{/logs,file:///workdir/hadoop-ozone/integration-test/target/log,AVAILABLE}
2019-09-12 10:20:23,496 [main] INFO  handler.ContextHandler (ContextHandler.java:doStart(781)) - Started o.e.j.s.ServletContextHandler@6630dd28{/static,file:///workdir/hadoop-ozone/integration-test/target/test-classes/webapps/static,AVAILABLE}
2019-09-12 10:20:23,500 [main] INFO  handler.ContextHandler (ContextHandler.java:doStart(781)) - Started o.e.j.w.WebAppContext@cf9bd1e{/,file:///workdir/hadoop-ozone/integration-test/target/test-classes/webapps/ozoneManager/,AVAILABLE}{/ozoneManager}
2019-09-12 10:20:23,501 [main] INFO  server.AbstractConnector (AbstractConnector.java:doStart(278)) - Started ServerConnector@39acd1f1{HTTP/1.1,[http/1.1]}{0.0.0.0:41136}
2019-09-12 10:20:23,502 [main] INFO  server.Server (Server.java:doStart(419)) - Started @59128ms
2019-09-12 10:20:23,503 [main] INFO  server.BaseHttpServer (BaseHttpServer.java:updateConnectorAddress(213)) - HTTP server of OZONEMANAGER is listening at http://0.0.0.0:41136
2019-09-12 10:20:23,512 [main] INFO  impl.MetricsSystemImpl (MetricsSystemImpl.java:init(158)) - HddsDatanode metrics system started (again)
2019-09-12 10:20:23,514 [main] INFO  ozone.HddsDatanodeService (HddsDatanodeService.java:start(184)) - HddsDatanodeService host:pr-hdds-1569-xtfnx-3545843844 ip:192.168.157.195
2019-09-12 10:20:23,521 [main] INFO  volume.HddsVolume (HddsVolume.java:<init>(176)) - Creating Volume: /workdir/hadoop-ozone/integration-test/target/test-dir/MiniOzoneClusterImpl-7916f1df-c498-4717-aca8-2b9cc087c85f/datanode-0/data/containers/hdds of  storage type : DISK and capacity : 1482555576320
2019-09-12 10:20:23,521 [main] INFO  volume.VolumeSet (VolumeSet.java:initializeVolumeSet(170)) - Added Volume : /workdir/hadoop-ozone/integration-test/target/test-dir/MiniOzoneClusterImpl-7916f1df-c498-4717-aca8-2b9cc087c85f/datanode-0/data/containers/hdds to VolumeSet
2019-09-12 10:20:23,522 [main] INFO  volume.ThrottledAsyncChecker (ThrottledAsyncChecker.java:schedule(140)) - Scheduling a check for org.apache.hadoop.ozone.container.common.volume.HddsVolume@68821f6
2019-09-12 10:20:23,522 [main] INFO  volume.HddsVolumeChecker (HddsVolumeChecker.java:checkAllVolumes(203)) - Scheduled health check for volume org.apache.hadoop.ozone.container.common.volume.HddsVolume@68821f6
2019-09-12 10:20:23,537 [main] INFO  impl.RaftServerProxy (ConfUtils.java:logGet(43)) - raft.rpc.type = GRPC (default)
2019-09-12 10:20:23,538 [main] INFO  grpc.GrpcFactory (GrpcFactory.java:checkPooledByteBufAllocatorUseCacheForAllThreads(45)) - PERFORMANCE WARNING: useCacheForAllThreads is true that may cause Netty to create a lot garbage objects and, as a result, trigger GC.
	It is recommended to disable useCacheForAllThreads by setting -Dorg.apache.ratis.thirdparty.io.netty.allocator.useCacheForAllThreads=false in command line.
2019-09-12 10:20:23,538 [main] INFO  grpc.GrpcConfigKeys$Server (ConfUtils.java:logGet(43)) - raft.grpc.server.port = 0 (default)
2019-09-12 10:20:23,539 [main] INFO  server.GrpcService (ConfUtils.java:logGet(43)) - raft.grpc.message.size.max = 33570816 (custom)
2019-09-12 10:20:23,539 [main] INFO  server.RaftServerConfigKeys (ConfUtils.java:logGet(43)) - raft.server.log.appender.buffer.byte-limit = 33554432 (custom)
2019-09-12 10:20:23,539 [main] INFO  server.GrpcService (ConfUtils.java:logGet(43)) - raft.grpc.flow.control.window = 1MB (=1048576) (default)
2019-09-12 10:20:23,540 [main] INFO  server.RaftServerConfigKeys (ConfUtils.java:logGet(43)) - raft.server.rpc.request.timeout = 3000ms (default)
2019-09-12 10:20:23,540 [main] INFO  server.RaftServerConfigKeys (ConfUtils.java:logGet(43)) - raft.server.storage.dir = [/workdir/hadoop-ozone/integration-test/target/test-dir/MiniOzoneClusterImpl-7916f1df-c498-4717-aca8-2b9cc087c85f/datanode-0/data/ratis] (custom)
2019-09-12 10:20:23,541 [main] INFO  replication.SimpleContainerDownloader (SimpleContainerDownloader.java:<init>(72)) - Starting container downloader service to copy containers to replicate.
2019-09-12 10:20:23,543 [main] INFO  hdfs.DFSUtil (DFSUtil.java:httpServerTemplateForNNAndJN(1641)) - Starting Web-server for hddsDatanode at: http://0.0.0.0:0
2019-09-12 10:20:23,545 [main] INFO  server.AuthenticationFilter (AuthenticationFilter.java:constructSecretProvider(240)) - Unable to initialize FileSignerSecretProvider, falling back to use random secrets.
2019-09-12 10:20:23,545 [main] WARN  http.HttpRequestLog (HttpRequestLog.java:getRequestLog(97)) - Jetty request log can only be enabled using Log4j
2019-09-12 10:20:23,547 [main] INFO  http.HttpServer2 (HttpServer2.java:addGlobalFilter(975)) - Added global filter 'safety' (class=org.apache.hadoop.http.HttpServer2$QuotingInputFilter)
2019-09-12 10:20:23,547 [main] INFO  http.HttpServer2 (HttpServer2.java:addFilter(948)) - Added filter static_user_filter (class=org.apache.hadoop.http.lib.StaticUserWebFilter$StaticUserFilter) to context hddsDatanode
2019-09-12 10:20:23,547 [main] INFO  http.HttpServer2 (HttpServer2.java:addFilter(958)) - Added filter static_user_filter (class=org.apache.hadoop.http.lib.StaticUserWebFilter$StaticUserFilter) to context logs
2019-09-12 10:20:23,548 [main] INFO  http.HttpServer2 (HttpServer2.java:addFilter(958)) - Added filter static_user_filter (class=org.apache.hadoop.http.lib.StaticUserWebFilter$StaticUserFilter) to context static
2019-09-12 10:20:23,549 [main] INFO  http.HttpServer2 (HttpServer2.java:bindListener(1191)) - Jetty bound to port 34708
2019-09-12 10:20:23,549 [main] INFO  server.Server (Server.java:doStart(351)) - jetty-9.3.24.v20180605, build timestamp: 2018-06-05T17:11:56Z, git hash: 84205aa28f11a4f31f2a3b86d1bba2cc8ab69827
2019-09-12 10:20:23,551 [main] INFO  handler.ContextHandler (ContextHandler.java:doStart(781)) - Started o.e.j.s.ServletContextHandler@603f4e3e{/logs,file:///workdir/hadoop-ozone/integration-test/target/log,AVAILABLE}
2019-09-12 10:20:23,551 [main] INFO  handler.ContextHandler (ContextHandler.java:doStart(781)) - Started o.e.j.s.ServletContextHandler@3c7d8a4{/static,jar:file:/home/user/.m2/repository/org/apache/hadoop/hadoop-hdds-container-service/0.5.0-SNAPSHOT/hadoop-hdds-container-service-0.5.0-SNAPSHOT.jar!/webapps/static,AVAILABLE}
2019-09-12 10:20:23,579 [main] INFO  handler.ContextHandler (ContextHandler.java:doStart(781)) - Started o.e.j.w.WebAppContext@1328f482{/,file:///tmp/jetty-0.0.0.0-34708-hddsDatanode-_-any-6094398033419215117.dir/webapp/,AVAILABLE}{/hddsDatanode}
2019-09-12 10:20:23,580 [main] INFO  server.AbstractConnector (AbstractConnector.java:doStart(278)) - Started ServerConnector@7b8b07ae{HTTP/1.1,[http/1.1]}{0.0.0.0:34708}
2019-09-12 10:20:23,581 [main] INFO  server.Server (Server.java:doStart(419)) - Started @59207ms
2019-09-12 10:20:23,582 [main] INFO  server.BaseHttpServer (BaseHttpServer.java:updateConnectorAddress(213)) - HTTP server of HDDSDATANODE is listening at http://0.0.0.0:34708
2019-09-12 10:20:23,715 | INFO  | ObjectStoreRestHttpServer | Listening HDDS REST traffic on /0.0.0.0:34059 |  
2019-09-12 10:20:23,715 [main] INFO  ozone.HddsDatanodeService (HddsDatanodeService.java:startPlugins(395)) - Started plug-in org.apache.hadoop.ozone.web.OzoneHddsDatanodeService@2b6b487c
2019-09-12 10:20:23,715 [main] INFO  impl.MetricsSystemImpl (MetricsSystemImpl.java:init(158)) - HddsDatanode metrics system started (again)
2019-09-12 10:20:23,717 [main] INFO  ozone.HddsDatanodeService (HddsDatanodeService.java:start(184)) - HddsDatanodeService host:pr-hdds-1569-xtfnx-3545843844 ip:192.168.157.195
2019-09-12 10:20:23,717 [org.apache.hadoop.util.JvmPauseMonitor$Monitor@7176cc41] INFO  util.JvmPauseMonitor (JvmPauseMonitor.java:run(188)) - Starting JVM pause monitor
2019-09-12 10:20:23,719 [Datanode State Machine Thread - 0] INFO  datanode.InitDatanodeState (InitDatanodeState.java:persistContainerDatanodeDetails(140)) - DatanodeDetails is persisted to /workdir/hadoop-ozone/integration-test/target/test-dir/MiniOzoneClusterImpl-7916f1df-c498-4717-aca8-2b9cc087c85f/datanode-0/meta/datanode.id
2019-09-12 10:20:23,724 [main] INFO  volume.HddsVolume (HddsVolume.java:<init>(176)) - Creating Volume: /workdir/hadoop-ozone/integration-test/target/test-dir/MiniOzoneClusterImpl-7916f1df-c498-4717-aca8-2b9cc087c85f/datanode-1/data/containers/hdds of  storage type : DISK and capacity : 1482555576320
2019-09-12 10:20:23,724 [main] INFO  volume.VolumeSet (VolumeSet.java:initializeVolumeSet(170)) - Added Volume : /workdir/hadoop-ozone/integration-test/target/test-dir/MiniOzoneClusterImpl-7916f1df-c498-4717-aca8-2b9cc087c85f/datanode-1/data/containers/hdds to VolumeSet
2019-09-12 10:20:23,725 [main] INFO  volume.ThrottledAsyncChecker (ThrottledAsyncChecker.java:schedule(140)) - Scheduling a check for org.apache.hadoop.ozone.container.common.volume.HddsVolume@6cd66f6a
2019-09-12 10:20:23,725 [main] INFO  volume.HddsVolumeChecker (HddsVolumeChecker.java:checkAllVolumes(203)) - Scheduled health check for volume org.apache.hadoop.ozone.container.common.volume.HddsVolume@6cd66f6a
2019-09-12 10:20:23,738 [main] INFO  impl.RaftServerProxy (ConfUtils.java:logGet(43)) - raft.rpc.type = GRPC (default)
2019-09-12 10:20:23,739 [main] INFO  grpc.GrpcFactory (GrpcFactory.java:checkPooledByteBufAllocatorUseCacheForAllThreads(45)) - PERFORMANCE WARNING: useCacheForAllThreads is true that may cause Netty to create a lot garbage objects and, as a result, trigger GC.
	It is recommended to disable useCacheForAllThreads by setting -Dorg.apache.ratis.thirdparty.io.netty.allocator.useCacheForAllThreads=false in command line.
2019-09-12 10:20:23,739 [main] INFO  grpc.GrpcConfigKeys$Server (ConfUtils.java:logGet(43)) - raft.grpc.server.port = 0 (default)
2019-09-12 10:20:23,739 [main] INFO  server.GrpcService (ConfUtils.java:logGet(43)) - raft.grpc.message.size.max = 33570816 (custom)
2019-09-12 10:20:23,739 [main] INFO  server.RaftServerConfigKeys (ConfUtils.java:logGet(43)) - raft.server.log.appender.buffer.byte-limit = 33554432 (custom)
2019-09-12 10:20:23,739 [main] INFO  server.GrpcService (ConfUtils.java:logGet(43)) - raft.grpc.flow.control.window = 1MB (=1048576) (default)
2019-09-12 10:20:23,739 [main] INFO  server.RaftServerConfigKeys (ConfUtils.java:logGet(43)) - raft.server.rpc.request.timeout = 3000ms (default)
2019-09-12 10:20:23,740 [main] INFO  server.RaftServerConfigKeys (ConfUtils.java:logGet(43)) - raft.server.storage.dir = [/workdir/hadoop-ozone/integration-test/target/test-dir/MiniOzoneClusterImpl-7916f1df-c498-4717-aca8-2b9cc087c85f/datanode-1/data/ratis] (custom)
2019-09-12 10:20:23,740 [main] INFO  replication.SimpleContainerDownloader (SimpleContainerDownloader.java:<init>(72)) - Starting container downloader service to copy containers to replicate.
2019-09-12 10:20:23,741 [main] INFO  hdfs.DFSUtil (DFSUtil.java:httpServerTemplateForNNAndJN(1641)) - Starting Web-server for hddsDatanode at: http://0.0.0.0:0
2019-09-12 10:20:23,743 [main] INFO  server.AuthenticationFilter (AuthenticationFilter.java:constructSecretProvider(240)) - Unable to initialize FileSignerSecretProvider, falling back to use random secrets.
2019-09-12 10:20:23,743 [main] WARN  http.HttpRequestLog (HttpRequestLog.java:getRequestLog(97)) - Jetty request log can only be enabled using Log4j
2019-09-12 10:20:23,744 [main] INFO  http.HttpServer2 (HttpServer2.java:addGlobalFilter(975)) - Added global filter 'safety' (class=org.apache.hadoop.http.HttpServer2$QuotingInputFilter)
2019-09-12 10:20:23,745 [main] INFO  http.HttpServer2 (HttpServer2.java:addFilter(948)) - Added filter static_user_filter (class=org.apache.hadoop.http.lib.StaticUserWebFilter$StaticUserFilter) to context hddsDatanode
2019-09-12 10:20:23,745 [main] INFO  http.HttpServer2 (HttpServer2.java:addFilter(958)) - Added filter static_user_filter (class=org.apache.hadoop.http.lib.StaticUserWebFilter$StaticUserFilter) to context logs
2019-09-12 10:20:23,745 [main] INFO  http.HttpServer2 (HttpServer2.java:addFilter(958)) - Added filter static_user_filter (class=org.apache.hadoop.http.lib.StaticUserWebFilter$StaticUserFilter) to context static
2019-09-12 10:20:23,746 [main] INFO  http.HttpServer2 (HttpServer2.java:bindListener(1191)) - Jetty bound to port 33727
2019-09-12 10:20:23,746 [main] INFO  server.Server (Server.java:doStart(351)) - jetty-9.3.24.v20180605, build timestamp: 2018-06-05T17:11:56Z, git hash: 84205aa28f11a4f31f2a3b86d1bba2cc8ab69827
2019-09-12 10:20:23,747 [main] INFO  handler.ContextHandler (ContextHandler.java:doStart(781)) - Started o.e.j.s.ServletContextHandler@4e5364a3{/logs,file:///workdir/hadoop-ozone/integration-test/target/log,AVAILABLE}
2019-09-12 10:20:23,748 [main] INFO  handler.ContextHandler (ContextHandler.java:doStart(781)) - Started o.e.j.s.ServletContextHandler@62054faf{/static,jar:file:/home/user/.m2/repository/org/apache/hadoop/hadoop-hdds-container-service/0.5.0-SNAPSHOT/hadoop-hdds-container-service-0.5.0-SNAPSHOT.jar!/webapps/static,AVAILABLE}
2019-09-12 10:20:23,775 [main] INFO  handler.ContextHandler (ContextHandler.java:doStart(781)) - Started o.e.j.w.WebAppContext@70439c3{/,file:///tmp/jetty-0.0.0.0-33727-hddsDatanode-_-any-585656456628101835.dir/webapp/,AVAILABLE}{/hddsDatanode}
2019-09-12 10:20:23,776 [main] INFO  server.AbstractConnector (AbstractConnector.java:doStart(278)) - Started ServerConnector@72a33316{HTTP/1.1,[http/1.1]}{0.0.0.0:33727}
2019-09-12 10:20:23,778 [main] INFO  server.Server (Server.java:doStart(419)) - Started @59404ms
2019-09-12 10:20:23,778 [main] INFO  server.BaseHttpServer (BaseHttpServer.java:updateConnectorAddress(213)) - HTTP server of HDDSDATANODE is listening at http://0.0.0.0:33727
2019-09-12 10:20:23,903 | INFO  | ObjectStoreRestHttpServer | Listening HDDS REST traffic on /0.0.0.0:38180 |  
2019-09-12 10:20:23,903 [main] INFO  ozone.HddsDatanodeService (HddsDatanodeService.java:startPlugins(395)) - Started plug-in org.apache.hadoop.ozone.web.OzoneHddsDatanodeService@9cc0505
2019-09-12 10:20:23,903 [main] INFO  impl.MetricsSystemImpl (MetricsSystemImpl.java:init(158)) - HddsDatanode metrics system started (again)
2019-09-12 10:20:23,906 [org.apache.hadoop.util.JvmPauseMonitor$Monitor@70ef1d34] INFO  util.JvmPauseMonitor (JvmPauseMonitor.java:run(188)) - Starting JVM pause monitor
2019-09-12 10:20:23,906 [main] INFO  ozone.HddsDatanodeService (HddsDatanodeService.java:start(184)) - HddsDatanodeService host:pr-hdds-1569-xtfnx-3545843844 ip:192.168.157.195
2019-09-12 10:20:23,908 [Datanode State Machine Thread - 0] INFO  datanode.InitDatanodeState (InitDatanodeState.java:persistContainerDatanodeDetails(140)) - DatanodeDetails is persisted to /workdir/hadoop-ozone/integration-test/target/test-dir/MiniOzoneClusterImpl-7916f1df-c498-4717-aca8-2b9cc087c85f/datanode-1/meta/datanode.id
2019-09-12 10:20:23,913 [main] INFO  volume.HddsVolume (HddsVolume.java:<init>(176)) - Creating Volume: /workdir/hadoop-ozone/integration-test/target/test-dir/MiniOzoneClusterImpl-7916f1df-c498-4717-aca8-2b9cc087c85f/datanode-2/data/containers/hdds of  storage type : DISK and capacity : 1482555576320
2019-09-12 10:20:23,913 [main] INFO  volume.VolumeSet (VolumeSet.java:initializeVolumeSet(170)) - Added Volume : /workdir/hadoop-ozone/integration-test/target/test-dir/MiniOzoneClusterImpl-7916f1df-c498-4717-aca8-2b9cc087c85f/datanode-2/data/containers/hdds to VolumeSet
2019-09-12 10:20:23,914 [main] INFO  volume.ThrottledAsyncChecker (ThrottledAsyncChecker.java:schedule(140)) - Scheduling a check for org.apache.hadoop.ozone.container.common.volume.HddsVolume@43778371
2019-09-12 10:20:23,914 [main] INFO  volume.HddsVolumeChecker (HddsVolumeChecker.java:checkAllVolumes(203)) - Scheduled health check for volume org.apache.hadoop.ozone.container.common.volume.HddsVolume@43778371
2019-09-12 10:20:23,930 [main] INFO  impl.RaftServerProxy (ConfUtils.java:logGet(43)) - raft.rpc.type = GRPC (default)
2019-09-12 10:20:23,931 [main] INFO  grpc.GrpcFactory (GrpcFactory.java:checkPooledByteBufAllocatorUseCacheForAllThreads(45)) - PERFORMANCE WARNING: useCacheForAllThreads is true that may cause Netty to create a lot garbage objects and, as a result, trigger GC.
	It is recommended to disable useCacheForAllThreads by setting -Dorg.apache.ratis.thirdparty.io.netty.allocator.useCacheForAllThreads=false in command line.
2019-09-12 10:20:23,931 [main] INFO  grpc.GrpcConfigKeys$Server (ConfUtils.java:logGet(43)) - raft.grpc.server.port = 0 (default)
2019-09-12 10:20:23,931 [main] INFO  server.GrpcService (ConfUtils.java:logGet(43)) - raft.grpc.message.size.max = 33570816 (custom)
2019-09-12 10:20:23,932 [main] INFO  server.RaftServerConfigKeys (ConfUtils.java:logGet(43)) - raft.server.log.appender.buffer.byte-limit = 33554432 (custom)
2019-09-12 10:20:23,932 [main] INFO  server.GrpcService (ConfUtils.java:logGet(43)) - raft.grpc.flow.control.window = 1MB (=1048576) (default)
2019-09-12 10:20:23,932 [main] INFO  server.RaftServerConfigKeys (ConfUtils.java:logGet(43)) - raft.server.rpc.request.timeout = 3000ms (default)
2019-09-12 10:20:23,933 [main] INFO  server.RaftServerConfigKeys (ConfUtils.java:logGet(43)) - raft.server.storage.dir = [/workdir/hadoop-ozone/integration-test/target/test-dir/MiniOzoneClusterImpl-7916f1df-c498-4717-aca8-2b9cc087c85f/datanode-2/data/ratis] (custom)
2019-09-12 10:20:23,933 [main] INFO  replication.SimpleContainerDownloader (SimpleContainerDownloader.java:<init>(72)) - Starting container downloader service to copy containers to replicate.
2019-09-12 10:20:23,935 [main] INFO  hdfs.DFSUtil (DFSUtil.java:httpServerTemplateForNNAndJN(1641)) - Starting Web-server for hddsDatanode at: http://0.0.0.0:0
2019-09-12 10:20:23,937 [main] INFO  server.AuthenticationFilter (AuthenticationFilter.java:constructSecretProvider(240)) - Unable to initialize FileSignerSecretProvider, falling back to use random secrets.
2019-09-12 10:20:23,937 [main] WARN  http.HttpRequestLog (HttpRequestLog.java:getRequestLog(97)) - Jetty request log can only be enabled using Log4j
2019-09-12 10:20:23,939 [main] INFO  http.HttpServer2 (HttpServer2.java:addGlobalFilter(975)) - Added global filter 'safety' (class=org.apache.hadoop.http.HttpServer2$QuotingInputFilter)
2019-09-12 10:20:23,940 [main] INFO  http.HttpServer2 (HttpServer2.java:addFilter(948)) - Added filter static_user_filter (class=org.apache.hadoop.http.lib.StaticUserWebFilter$StaticUserFilter) to context hddsDatanode
2019-09-12 10:20:23,940 [main] INFO  http.HttpServer2 (HttpServer2.java:addFilter(958)) - Added filter static_user_filter (class=org.apache.hadoop.http.lib.StaticUserWebFilter$StaticUserFilter) to context static
2019-09-12 10:20:23,941 [main] INFO  http.HttpServer2 (HttpServer2.java:addFilter(958)) - Added filter static_user_filter (class=org.apache.hadoop.http.lib.StaticUserWebFilter$StaticUserFilter) to context logs
2019-09-12 10:20:23,941 [main] INFO  http.HttpServer2 (HttpServer2.java:bindListener(1191)) - Jetty bound to port 45828
2019-09-12 10:20:23,942 [main] INFO  server.Server (Server.java:doStart(351)) - jetty-9.3.24.v20180605, build timestamp: 2018-06-05T17:11:56Z, git hash: 84205aa28f11a4f31f2a3b86d1bba2cc8ab69827
2019-09-12 10:20:23,944 [main] INFO  handler.ContextHandler (ContextHandler.java:doStart(781)) - Started o.e.j.s.ServletContextHandler@7c682e26{/logs,file:///workdir/hadoop-ozone/integration-test/target/log,AVAILABLE}
2019-09-12 10:20:23,944 [main] INFO  handler.ContextHandler (ContextHandler.java:doStart(781)) - Started o.e.j.s.ServletContextHandler@340fc1aa{/static,jar:file:/home/user/.m2/repository/org/apache/hadoop/hadoop-hdds-container-service/0.5.0-SNAPSHOT/hadoop-hdds-container-service-0.5.0-SNAPSHOT.jar!/webapps/static,AVAILABLE}
2019-09-12 10:20:23,976 [main] INFO  handler.ContextHandler (ContextHandler.java:doStart(781)) - Started o.e.j.w.WebAppContext@3bf01a01{/,file:///tmp/jetty-0.0.0.0-45828-hddsDatanode-_-any-6622013584391273218.dir/webapp/,AVAILABLE}{/hddsDatanode}
2019-09-12 10:20:23,976 [main] INFO  server.AbstractConnector (AbstractConnector.java:doStart(278)) - Started ServerConnector@299cab08{HTTP/1.1,[http/1.1]}{0.0.0.0:45828}
2019-09-12 10:20:23,978 [main] INFO  server.Server (Server.java:doStart(419)) - Started @59604ms
2019-09-12 10:20:23,979 [main] INFO  server.BaseHttpServer (BaseHttpServer.java:updateConnectorAddress(213)) - HTTP server of HDDSDATANODE is listening at http://0.0.0.0:45828
2019-09-12 10:20:24,111 | INFO  | ObjectStoreRestHttpServer | Listening HDDS REST traffic on /0.0.0.0:37820 |  
2019-09-12 10:20:24,111 [main] INFO  ozone.HddsDatanodeService (HddsDatanodeService.java:startPlugins(395)) - Started plug-in org.apache.hadoop.ozone.web.OzoneHddsDatanodeService@24f90aff
2019-09-12 10:20:24,111 [main] INFO  ozone.MiniOzoneClusterImpl (MiniOzoneClusterImpl.java:lambda$waitForClusterToBeReady$0(142)) - Waiting for cluster to be ready. Got 0 of 3 DN Heartbeats.
2019-09-12 10:20:24,113 [org.apache.hadoop.util.JvmPauseMonitor$Monitor@3e938480] INFO  util.JvmPauseMonitor (JvmPauseMonitor.java:run(188)) - Starting JVM pause monitor
2019-09-12 10:20:24,116 [Datanode State Machine Thread - 0] INFO  datanode.InitDatanodeState (InitDatanodeState.java:persistContainerDatanodeDetails(140)) - DatanodeDetails is persisted to /workdir/hadoop-ozone/integration-test/target/test-dir/MiniOzoneClusterImpl-7916f1df-c498-4717-aca8-2b9cc087c85f/datanode-2/meta/datanode.id
2019-09-12 10:20:25,111 [main] INFO  ozone.MiniOzoneClusterImpl (MiniOzoneClusterImpl.java:lambda$waitForClusterToBeReady$0(142)) - Waiting for cluster to be ready. Got 0 of 3 DN Heartbeats.
2019-09-12 10:20:25,724 | INFO  | SCMAudit | user=jenkins1000 | ip=192.168.157.195 | op=GET_VERSION null | ret=SUCCESS |  
2019-09-12 10:20:25,740 [Datanode State Machine Thread - 0] INFO  ozoneimpl.OzoneContainer (OzoneContainer.java:start(186)) - Attempting to start container services.
2019-09-12 10:20:25,740 [Datanode State Machine Thread - 0] INFO  ozoneimpl.OzoneContainer (OzoneContainer.java:startContainerScrub(160)) - Background container scrubber has been disabled by hdds.containerscrub.enabled
2019-09-12 10:20:25,740 [Datanode State Machine Thread - 0] INFO  ratis.XceiverServerRatis (XceiverServerRatis.java:start(404)) - Starting XceiverServerRatis ce4c04ae-1298-4600-8421-2ddefcbd2095 at port 0
2019-09-12 10:20:25,748 [Datanode State Machine Thread - 0] INFO  impl.RaftServerProxy (RaftServerProxy.java:lambda$start$3(299)) - ce4c04ae-1298-4600-8421-2ddefcbd2095: start RPC server
2019-09-12 10:20:25,752 [Datanode State Machine Thread - 0] INFO  server.GrpcService (GrpcService.java:startImpl(149)) - ce4c04ae-1298-4600-8421-2ddefcbd2095: GrpcService started, listening on 0.0.0.0/0.0.0.0:33161
2019-09-12 10:20:25,752 [Datanode State Machine Thread - 0] INFO  ratis.XceiverServerRatis (XceiverServerRatis.java:start(414)) - XceiverServerRatis ce4c04ae-1298-4600-8421-2ddefcbd2095 is started using port 33161
2019-09-12 10:20:25,757 [Datanode State Machine Thread - 0] INFO  server.XceiverServerGrpc (XceiverServerGrpc.java:start(163)) - XceiverServerGrpc ce4c04ae-1298-4600-8421-2ddefcbd2095 is started using port 42914
2019-09-12 10:20:25,908 | INFO  | SCMAudit | user=jenkins1000 | ip=192.168.157.195 | op=GET_VERSION null | ret=SUCCESS |  
2019-09-12 10:20:25,922 [Datanode State Machine Thread - 0] INFO  ozoneimpl.OzoneContainer (OzoneContainer.java:start(186)) - Attempting to start container services.
2019-09-12 10:20:25,922 [Datanode State Machine Thread - 0] INFO  ozoneimpl.OzoneContainer (OzoneContainer.java:startContainerScrub(160)) - Background container scrubber has been disabled by hdds.containerscrub.enabled
2019-09-12 10:20:25,922 [Datanode State Machine Thread - 0] INFO  ratis.XceiverServerRatis (XceiverServerRatis.java:start(404)) - Starting XceiverServerRatis 14a6a790-57eb-4f24-a5aa-1517ce37e105 at port 0
2019-09-12 10:20:25,930 [Datanode State Machine Thread - 0] INFO  impl.RaftServerProxy (RaftServerProxy.java:lambda$start$3(299)) - 14a6a790-57eb-4f24-a5aa-1517ce37e105: start RPC server
2019-09-12 10:20:25,932 [Datanode State Machine Thread - 0] INFO  server.GrpcService (GrpcService.java:startImpl(149)) - 14a6a790-57eb-4f24-a5aa-1517ce37e105: GrpcService started, listening on 0.0.0.0/0.0.0.0:43901
2019-09-12 10:20:25,932 [Datanode State Machine Thread - 0] INFO  ratis.XceiverServerRatis (XceiverServerRatis.java:start(414)) - XceiverServerRatis 14a6a790-57eb-4f24-a5aa-1517ce37e105 is started using port 43901
2019-09-12 10:20:25,933 [Datanode State Machine Thread - 0] INFO  server.XceiverServerGrpc (XceiverServerGrpc.java:start(163)) - XceiverServerGrpc 14a6a790-57eb-4f24-a5aa-1517ce37e105 is started using port 40244
2019-09-12 10:20:26,112 [main] INFO  ozone.MiniOzoneClusterImpl (MiniOzoneClusterImpl.java:lambda$waitForClusterToBeReady$0(142)) - Waiting for cluster to be ready. Got 0 of 3 DN Heartbeats.
2019-09-12 10:20:26,116 | INFO  | SCMAudit | user=jenkins1000 | ip=192.168.157.195 | op=GET_VERSION null | ret=SUCCESS |  
2019-09-12 10:20:26,131 [Datanode State Machine Thread - 0] INFO  ozoneimpl.OzoneContainer (OzoneContainer.java:start(186)) - Attempting to start container services.
2019-09-12 10:20:26,131 [Datanode State Machine Thread - 0] INFO  ozoneimpl.OzoneContainer (OzoneContainer.java:startContainerScrub(160)) - Background container scrubber has been disabled by hdds.containerscrub.enabled
2019-09-12 10:20:26,132 [Datanode State Machine Thread - 0] INFO  ratis.XceiverServerRatis (XceiverServerRatis.java:start(404)) - Starting XceiverServerRatis e7d5f4a9-6e89-4f9e-9e88-8a026c08c92b at port 0
2019-09-12 10:20:26,140 [Datanode State Machine Thread - 0] INFO  impl.RaftServerProxy (RaftServerProxy.java:lambda$start$3(299)) - e7d5f4a9-6e89-4f9e-9e88-8a026c08c92b: start RPC server
2019-09-12 10:20:26,142 [Datanode State Machine Thread - 0] INFO  server.GrpcService (GrpcService.java:startImpl(149)) - e7d5f4a9-6e89-4f9e-9e88-8a026c08c92b: GrpcService started, listening on 0.0.0.0/0.0.0.0:44061
2019-09-12 10:20:26,142 [Datanode State Machine Thread - 0] INFO  ratis.XceiverServerRatis (XceiverServerRatis.java:start(414)) - XceiverServerRatis e7d5f4a9-6e89-4f9e-9e88-8a026c08c92b is started using port 44061
2019-09-12 10:20:26,143 [Datanode State Machine Thread - 0] INFO  server.XceiverServerGrpc (XceiverServerGrpc.java:start(163)) - XceiverServerGrpc e7d5f4a9-6e89-4f9e-9e88-8a026c08c92b is started using port 34751
2019-09-12 10:20:27,113 [main] INFO  ozone.MiniOzoneClusterImpl (MiniOzoneClusterImpl.java:lambda$waitForClusterToBeReady$0(142)) - Waiting for cluster to be ready. Got 0 of 3 DN Heartbeats.
2019-09-12 10:20:27,724 [IPC Server handler 3 on 43651] INFO  net.NetworkTopology (NetworkTopologyImpl.java:add(110)) - Added a new node: /default-rack/ce4c04ae-1298-4600-8421-2ddefcbd2095
2019-09-12 10:20:27,725 [IPC Server handler 3 on 43651] INFO  node.SCMNodeManager (SCMNodeManager.java:register(273)) - Registered Data node : ce4c04ae-1298-4600-8421-2ddefcbd2095{ip: 192.168.157.195, host: pr-hdds-1569-xtfnx-3545843844, networkLocation: /default-rack, certSerialId: null}
2019-09-12 10:20:27,726 [EventQueue-NodeRegistrationContainerReportForDataNodeSafeModeRule] INFO  safemode.SCMSafeModeManager (DataNodeSafeModeRule.java:process(71)) - SCM in safe mode. 1 DataNodes registered, 1 required.
2019-09-12 10:20:27,728 [EventQueue-NodeRegistrationContainerReportForDataNodeSafeModeRule] INFO  safemode.SCMSafeModeManager (SCMSafeModeManager.java:validateSafeModeExitRules(177)) - ScmSafeModeManager, all rules are successfully validated
2019-09-12 10:20:27,728 [EventQueue-NodeRegistrationContainerReportForDataNodeSafeModeRule] INFO  safemode.SCMSafeModeManager (SCMSafeModeManager.java:exitSafeMode(193)) - SCM exiting safe mode.
2019-09-12 10:20:27,728 | INFO  | SCMAudit | user=jenkins1000 | ip=192.168.157.195 | op=REGISTER {datanodeDetails=ce4c04ae-1298-4600-8421-2ddefcbd2095{ip: 192.168.157.195, host: pr-hdds-1569-xtfnx-3545843844, networkLocation: /default-rack, certSerialId: null}} | ret=SUCCESS |  
2019-09-12 10:20:27,739 [grpc-default-executor-0] INFO  impl.RaftServerProxy (RaftServerProxy.java:addNew(89)) - ce4c04ae-1298-4600-8421-2ddefcbd2095: addNew group-99639AFEB152:[ce4c04ae-1298-4600-8421-2ddefcbd2095:192.168.157.195:33161] returns group-99639AFEB152:java.util.concurrent.CompletableFuture@2fb13ab8[Not completed]
2019-09-12 10:20:27,741 [pool-186-thread-1] INFO  impl.RaftServerImpl (RaftServerImpl.java:<init>(93)) - ce4c04ae-1298-4600-8421-2ddefcbd2095: new RaftServerImpl for group-99639AFEB152:[ce4c04ae-1298-4600-8421-2ddefcbd2095:192.168.157.195:33161] with ContainerStateMachine:uninitialized
2019-09-12 10:20:27,741 [pool-186-thread-1] INFO  server.RaftServerConfigKeys (ConfUtils.java:logGet(43)) - raft.server.rpc.timeout.min = 5s (custom)
2019-09-12 10:20:27,742 [pool-186-thread-1] INFO  server.RaftServerConfigKeys (ConfUtils.java:logGet(43)) - raft.server.rpc.timeout.max = 5200ms (custom)
2019-09-12 10:20:27,742 [pool-186-thread-1] INFO  server.RaftServerConfigKeys (ConfUtils.java:logGet(43)) - raft.server.rpcslowness.timeout = 120s (custom)
2019-09-12 10:20:27,742 [pool-186-thread-1] INFO  server.RaftServerConfigKeys (ConfUtils.java:logGet(43)) - raft.server.sleep.deviation.threshold = 300 (default)
2019-09-12 10:20:27,742 [pool-186-thread-1] INFO  server.RaftServerConfigKeys (ConfUtils.java:logGet(43)) - raft.server.log.appender.install.snapshot.enabled = false (custom)
2019-09-12 10:20:27,742 [pool-186-thread-1] INFO  impl.RaftServerImpl (ServerState.java:<init>(105)) - ce4c04ae-1298-4600-8421-2ddefcbd2095:group-99639AFEB152 ConfigurationManager, init=-1: [ce4c04ae-1298-4600-8421-2ddefcbd2095:192.168.157.195:33161], old=null, confs=<EMPTY_MAP>
2019-09-12 10:20:27,742 [pool-186-thread-1] INFO  server.RaftServerConfigKeys (ConfUtils.java:logGet(43)) - raft.server.storage.dir = [/workdir/hadoop-ozone/integration-test/target/test-dir/MiniOzoneClusterImpl-7916f1df-c498-4717-aca8-2b9cc087c85f/datanode-0/data/ratis] (custom)
2019-09-12 10:20:27,743 [pool-186-thread-1] INFO  storage.RaftStorageDirectory (RaftStorageDirectory.java:analyzeStorage(246)) - The storage directory /workdir/hadoop-ozone/integration-test/target/test-dir/MiniOzoneClusterImpl-7916f1df-c498-4717-aca8-2b9cc087c85f/datanode-0/data/ratis/8325e549-8d60-4721-92d8-99639afeb152 does not exist. Creating ...
2019-09-12 10:20:27,756 [pool-186-thread-1] INFO  storage.RaftStorageDirectory (RaftStorageDirectory.java:tryLock(328)) - Lock on /workdir/hadoop-ozone/integration-test/target/test-dir/MiniOzoneClusterImpl-7916f1df-c498-4717-aca8-2b9cc087c85f/datanode-0/data/ratis/8325e549-8d60-4721-92d8-99639afeb152/in_use.lock acquired by nodename 9433@pr-hdds-1569-xtfnx-3545843844
2019-09-12 10:20:27,770 [pool-186-thread-1] INFO  storage.RaftStorage (RaftStorage.java:format(72)) - Storage directory /workdir/hadoop-ozone/integration-test/target/test-dir/MiniOzoneClusterImpl-7916f1df-c498-4717-aca8-2b9cc087c85f/datanode-0/data/ratis/8325e549-8d60-4721-92d8-99639afeb152 has been successfully formatted.
2019-09-12 10:20:27,770 [pool-186-thread-1] INFO  ratis.ContainerStateMachine (ContainerStateMachine.java:loadSnapshot(226)) - group-99639AFEB152: The snapshot info is null. Setting the last applied indexto:(t:0, i:~)
2019-09-12 10:20:27,770 [pool-186-thread-1] INFO  server.RaftServerConfigKeys (ConfUtils.java:logGet(43)) - raft.server.leader.election.timeout = 120s (custom)
2019-09-12 10:20:27,770 [pool-186-thread-1] INFO  server.RaftServerConfigKeys (ConfUtils.java:logGet(43)) - raft.server.log.use.memory = false (default)
2019-09-12 10:20:27,770 [pool-186-thread-1] INFO  server.RaftServerConfigKeys (ConfUtils.java:logGet(43)) - raft.server.log.purge.gap = 1000000 (custom)
2019-09-12 10:20:27,771 [pool-186-thread-1] INFO  server.RaftServerConfigKeys (ConfUtils.java:logGet(43)) - raft.server.log.appender.buffer.byte-limit = 33554432 (custom)
2019-09-12 10:20:27,771 [pool-186-thread-1] INFO  server.RaftServerConfigKeys (ConfUtils.java:logGet(43)) - raft.server.log.segment.size.max = 1048576 (custom)
2019-09-12 10:20:27,771 [pool-186-thread-1] INFO  server.RaftServerConfigKeys (ConfUtils.java:logGet(43)) - raft.server.log.segment.cache.num.max = 2 (custom)
2019-09-12 10:20:27,771 [pool-186-thread-1] INFO  segmented.SegmentedRaftLogWorker (SegmentedRaftLogWorker.java:<init>(172)) - new ce4c04ae-1298-4600-8421-2ddefcbd2095-SegmentedRaftLogWorker:Storage Directory /workdir/hadoop-ozone/integration-test/target/test-dir/MiniOzoneClusterImpl-7916f1df-c498-4717-aca8-2b9cc087c85f/datanode-0/data/ratis/8325e549-8d60-4721-92d8-99639afeb152 for RaftStorage:Storage Directory /workdir/hadoop-ozone/integration-test/target/test-dir/MiniOzoneClusterImpl-7916f1df-c498-4717-aca8-2b9cc087c85f/datanode-0/data/ratis/8325e549-8d60-4721-92d8-99639afeb152
2019-09-12 10:20:27,771 [pool-186-thread-1] INFO  server.RaftServerConfigKeys (ConfUtils.java:logGet(43)) - raft.server.log.queue.byte-limit = 2147483647 (custom)
2019-09-12 10:20:27,771 [pool-186-thread-1] INFO  server.RaftServerConfigKeys (ConfUtils.java:logGet(43)) - raft.server.log.queue.element-limit = 1024 (custom)
2019-09-12 10:20:27,772 [pool-186-thread-1] INFO  server.RaftServerConfigKeys (ConfUtils.java:logGet(43)) - raft.server.log.segment.size.max = 1048576 (custom)
2019-09-12 10:20:27,772 [pool-186-thread-1] INFO  server.RaftServerConfigKeys (ConfUtils.java:logGet(43)) - raft.server.log.preallocated.size = 16384 (custom)
2019-09-12 10:20:27,772 [pool-186-thread-1] INFO  server.RaftServerConfigKeys (ConfUtils.java:logGet(43)) - raft.server.log.write.buffer.size = 33554432 (custom)
2019-09-12 10:20:27,772 [pool-186-thread-1] INFO  server.RaftServerConfigKeys (ConfUtils.java:logGet(43)) - raft.server.log.force.sync.num = 128 (default)
2019-09-12 10:20:27,772 [pool-186-thread-1] INFO  server.RaftServerConfigKeys (ConfUtils.java:logGet(43)) - raft.server.log.statemachine.data.sync = true (default)
2019-09-12 10:20:27,772 [pool-186-thread-1] INFO  server.RaftServerConfigKeys (ConfUtils.java:logGet(43)) - raft.server.log.statemachine.data.sync.timeout = 10s (default)
2019-09-12 10:20:27,772 [pool-186-thread-1] INFO  server.RaftServerConfigKeys (ConfUtils.java:logGet(43)) - raft.server.log.statemachine.data.sync.timeout.retry = -1 (default)
2019-09-12 10:20:27,773 [pool-186-thread-1] INFO  server.RaftServerConfigKeys (ConfUtils.java:logGet(43)) - raft.server.log.statemachine.data.caching.enabled = true (custom)
2019-09-12 10:20:27,773 [pool-186-thread-1] INFO  segmented.SegmentedRaftLogWorker (SegmentedRaftLogWorker.java:lambda$new$0(132)) - ce4c04ae-1298-4600-8421-2ddefcbd2095-SegmentedRaftLogWorker:Storage Directory /workdir/hadoop-ozone/integration-test/target/test-dir/MiniOzoneClusterImpl-7916f1df-c498-4717-aca8-2b9cc087c85f/datanode-0/data/ratis/8325e549-8d60-4721-92d8-99639afeb152: flushIndex: setUnconditionally 0 -> -1
2019-09-12 10:20:27,773 [pool-186-thread-1] INFO  server.RaftServerConfigKeys (ConfUtils.java:logGet(43)) - raft.server.snapshot.auto.trigger.enabled = true (custom)
2019-09-12 10:20:27,773 [pool-186-thread-1] INFO  server.RaftServerConfigKeys (ConfUtils.java:logGet(43)) - raft.server.snapshot.auto.trigger.threshold = 10000 (custom)
2019-09-12 10:20:27,774 [pool-186-thread-1] INFO  server.RaftServerConfigKeys (ConfUtils.java:logGet(43)) - raft.server.retrycache.expirytime = 600000ms (custom)
2019-09-12 10:20:27,774 [pool-186-thread-1] INFO  impl.RaftServerImpl (RaftServerImpl.java:start(180)) - ce4c04ae-1298-4600-8421-2ddefcbd2095: start group-99639AFEB152
2019-09-12 10:20:27,774 [pool-186-thread-1] INFO  impl.RaftServerImpl (RaftServerImpl.java:setRole(171)) - ce4c04ae-1298-4600-8421-2ddefcbd2095:group-99639AFEB152 changes role from null to FOLLOWER at term 0 for startAsFollower
2019-09-12 10:20:27,774 [pool-186-thread-1] INFO  impl.RoleInfo (RoleInfo.java:updateAndGet(143)) - ce4c04ae-1298-4600-8421-2ddefcbd2095: start FollowerState
2019-09-12 10:20:27,774 [pool-186-thread-1] INFO  util.JmxRegister (JmxRegister.java:tryRegister(44)) - Successfully registered JMX Bean with object name Ratis:service=RaftServer,group=group-99639AFEB152,id=ce4c04ae-1298-4600-8421-2ddefcbd2095
2019-09-12 10:20:27,779 [RatisPipelineUtilsThread] INFO  pipeline.PipelineStateManager (PipelineStateManager.java:addPipeline(56)) - Created pipeline Pipeline[ Id: 8325e549-8d60-4721-92d8-99639afeb152, Nodes: ce4c04ae-1298-4600-8421-2ddefcbd2095{ip: 192.168.157.195, host: pr-hdds-1569-xtfnx-3545843844, networkLocation: /default-rack, certSerialId: null}, Type:RATIS, Factor:ONE, State:OPEN]
2019-09-12 10:20:27,786 [grpc-default-executor-0] INFO  impl.RaftServerProxy (RaftServerProxy.java:addNew(89)) - ce4c04ae-1298-4600-8421-2ddefcbd2095: addNew group-A9B6F8C25D8B:[ce4c04ae-1298-4600-8421-2ddefcbd2095:192.168.157.195:33161] returns group-A9B6F8C25D8B:java.util.concurrent.CompletableFuture@1ed4d327[Not completed]
2019-09-12 10:20:27,787 [pool-186-thread-1] INFO  impl.RaftServerImpl (RaftServerImpl.java:<init>(93)) - ce4c04ae-1298-4600-8421-2ddefcbd2095: new RaftServerImpl for group-A9B6F8C25D8B:[ce4c04ae-1298-4600-8421-2ddefcbd2095:192.168.157.195:33161] with ContainerStateMachine:uninitialized
2019-09-12 10:20:27,787 [pool-186-thread-1] INFO  server.RaftServerConfigKeys (ConfUtils.java:logGet(43)) - raft.server.rpc.timeout.min = 5s (custom)
2019-09-12 10:20:27,787 [pool-186-thread-1] INFO  server.RaftServerConfigKeys (ConfUtils.java:logGet(43)) - raft.server.rpc.timeout.max = 5200ms (custom)
2019-09-12 10:20:27,787 [pool-186-thread-1] INFO  server.RaftServerConfigKeys (ConfUtils.java:logGet(43)) - raft.server.rpcslowness.timeout = 120s (custom)
2019-09-12 10:20:27,787 [pool-186-thread-1] INFO  server.RaftServerConfigKeys (ConfUtils.java:logGet(43)) - raft.server.sleep.deviation.threshold = 300 (default)
2019-09-12 10:20:27,787 [pool-186-thread-1] INFO  server.RaftServerConfigKeys (ConfUtils.java:logGet(43)) - raft.server.log.appender.install.snapshot.enabled = false (custom)
2019-09-12 10:20:27,788 [pool-186-thread-1] INFO  impl.RaftServerImpl (ServerState.java:<init>(105)) - ce4c04ae-1298-4600-8421-2ddefcbd2095:group-A9B6F8C25D8B ConfigurationManager, init=-1: [ce4c04ae-1298-4600-8421-2ddefcbd2095:192.168.157.195:33161], old=null, confs=<EMPTY_MAP>
2019-09-12 10:20:27,788 [pool-186-thread-1] INFO  server.RaftServerConfigKeys (ConfUtils.java:logGet(43)) - raft.server.storage.dir = [/workdir/hadoop-ozone/integration-test/target/test-dir/MiniOzoneClusterImpl-7916f1df-c498-4717-aca8-2b9cc087c85f/datanode-0/data/ratis] (custom)
2019-09-12 10:20:27,788 [pool-186-thread-1] INFO  storage.RaftStorageDirectory (RaftStorageDirectory.java:analyzeStorage(246)) - The storage directory /workdir/hadoop-ozone/integration-test/target/test-dir/MiniOzoneClusterImpl-7916f1df-c498-4717-aca8-2b9cc087c85f/datanode-0/data/ratis/f7493399-6882-4a1e-a342-a9b6f8c25d8b does not exist. Creating ...
2019-09-12 10:20:27,801 [pool-186-thread-1] INFO  storage.RaftStorageDirectory (RaftStorageDirectory.java:tryLock(328)) - Lock on /workdir/hadoop-ozone/integration-test/target/test-dir/MiniOzoneClusterImpl-7916f1df-c498-4717-aca8-2b9cc087c85f/datanode-0/data/ratis/f7493399-6882-4a1e-a342-a9b6f8c25d8b/in_use.lock acquired by nodename 9433@pr-hdds-1569-xtfnx-3545843844
2019-09-12 10:20:27,814 [pool-186-thread-1] INFO  storage.RaftStorage (RaftStorage.java:format(72)) - Storage directory /workdir/hadoop-ozone/integration-test/target/test-dir/MiniOzoneClusterImpl-7916f1df-c498-4717-aca8-2b9cc087c85f/datanode-0/data/ratis/f7493399-6882-4a1e-a342-a9b6f8c25d8b has been successfully formatted.
2019-09-12 10:20:27,814 [pool-186-thread-1] INFO  ratis.ContainerStateMachine (ContainerStateMachine.java:loadSnapshot(226)) - group-A9B6F8C25D8B: The snapshot info is null. Setting the last applied indexto:(t:0, i:~)
2019-09-12 10:20:27,815 [pool-186-thread-1] INFO  server.RaftServerConfigKeys (ConfUtils.java:logGet(43)) - raft.server.leader.election.timeout = 120s (custom)
2019-09-12 10:20:27,815 [pool-186-thread-1] INFO  server.RaftServerConfigKeys (ConfUtils.java:logGet(43)) - raft.server.log.use.memory = false (default)
2019-09-12 10:20:27,815 [pool-186-thread-1] INFO  server.RaftServerConfigKeys (ConfUtils.java:logGet(43)) - raft.server.log.purge.gap = 1000000 (custom)
2019-09-12 10:20:27,815 [pool-186-thread-1] INFO  server.RaftServerConfigKeys (ConfUtils.java:logGet(43)) - raft.server.log.appender.buffer.byte-limit = 33554432 (custom)
2019-09-12 10:20:27,815 [pool-186-thread-1] INFO  server.RaftServerConfigKeys (ConfUtils.java:logGet(43)) - raft.server.log.segment.size.max = 1048576 (custom)
2019-09-12 10:20:27,815 [pool-186-thread-1] INFO  server.RaftServerConfigKeys (ConfUtils.java:logGet(43)) - raft.server.log.segment.cache.num.max = 2 (custom)
2019-09-12 10:20:27,816 [pool-186-thread-1] INFO  segmented.SegmentedRaftLogWorker (SegmentedRaftLogWorker.java:<init>(172)) - new ce4c04ae-1298-4600-8421-2ddefcbd2095-SegmentedRaftLogWorker:Storage Directory /workdir/hadoop-ozone/integration-test/target/test-dir/MiniOzoneClusterImpl-7916f1df-c498-4717-aca8-2b9cc087c85f/datanode-0/data/ratis/f7493399-6882-4a1e-a342-a9b6f8c25d8b for RaftStorage:Storage Directory /workdir/hadoop-ozone/integration-test/target/test-dir/MiniOzoneClusterImpl-7916f1df-c498-4717-aca8-2b9cc087c85f/datanode-0/data/ratis/f7493399-6882-4a1e-a342-a9b6f8c25d8b
2019-09-12 10:20:27,816 [pool-186-thread-1] INFO  server.RaftServerConfigKeys (ConfUtils.java:logGet(43)) - raft.server.log.queue.byte-limit = 2147483647 (custom)
2019-09-12 10:20:27,816 [pool-186-thread-1] INFO  server.RaftServerConfigKeys (ConfUtils.java:logGet(43)) - raft.server.log.queue.element-limit = 1024 (custom)
2019-09-12 10:20:27,816 [pool-186-thread-1] INFO  server.RaftServerConfigKeys (ConfUtils.java:logGet(43)) - raft.server.log.segment.size.max = 1048576 (custom)
2019-09-12 10:20:27,816 [pool-186-thread-1] INFO  server.RaftServerConfigKeys (ConfUtils.java:logGet(43)) - raft.server.log.preallocated.size = 16384 (custom)
2019-09-12 10:20:27,816 [pool-186-thread-1] INFO  server.RaftServerConfigKeys (ConfUtils.java:logGet(43)) - raft.server.log.write.buffer.size = 33554432 (custom)
2019-09-12 10:20:27,817 [pool-186-thread-1] INFO  server.RaftServerConfigKeys (ConfUtils.java:logGet(43)) - raft.server.log.force.sync.num = 128 (default)
2019-09-12 10:20:27,817 [pool-186-thread-1] INFO  server.RaftServerConfigKeys (ConfUtils.java:logGet(43)) - raft.server.log.statemachine.data.sync = true (default)
2019-09-12 10:20:27,817 [pool-186-thread-1] INFO  server.RaftServerConfigKeys (ConfUtils.java:logGet(43)) - raft.server.log.statemachine.data.sync.timeout = 10s (default)
2019-09-12 10:20:27,817 [pool-186-thread-1] INFO  server.RaftServerConfigKeys (ConfUtils.java:logGet(43)) - raft.server.log.statemachine.data.sync.timeout.retry = -1 (default)
2019-09-12 10:20:27,817 [pool-186-thread-1] INFO  server.RaftServerConfigKeys (ConfUtils.java:logGet(43)) - raft.server.log.statemachine.data.caching.enabled = true (custom)
2019-09-12 10:20:27,817 [pool-186-thread-1] INFO  segmented.SegmentedRaftLogWorker (SegmentedRaftLogWorker.java:lambda$new$0(132)) - ce4c04ae-1298-4600-8421-2ddefcbd2095-SegmentedRaftLogWorker:Storage Directory /workdir/hadoop-ozone/integration-test/target/test-dir/MiniOzoneClusterImpl-7916f1df-c498-4717-aca8-2b9cc087c85f/datanode-0/data/ratis/f7493399-6882-4a1e-a342-a9b6f8c25d8b: flushIndex: setUnconditionally 0 -> -1
2019-09-12 10:20:27,818 [pool-186-thread-1] INFO  server.RaftServerConfigKeys (ConfUtils.java:logGet(43)) - raft.server.snapshot.auto.trigger.enabled = true (custom)
2019-09-12 10:20:27,818 [pool-186-thread-1] INFO  server.RaftServerConfigKeys (ConfUtils.java:logGet(43)) - raft.server.snapshot.auto.trigger.threshold = 10000 (custom)
2019-09-12 10:20:27,818 [pool-186-thread-1] INFO  server.RaftServerConfigKeys (ConfUtils.java:logGet(43)) - raft.server.retrycache.expirytime = 600000ms (custom)
2019-09-12 10:20:27,818 [pool-186-thread-1] INFO  impl.RaftServerImpl (RaftServerImpl.java:start(180)) - ce4c04ae-1298-4600-8421-2ddefcbd2095: start group-A9B6F8C25D8B
2019-09-12 10:20:27,818 [pool-186-thread-1] INFO  impl.RaftServerImpl (RaftServerImpl.java:setRole(171)) - ce4c04ae-1298-4600-8421-2ddefcbd2095:group-A9B6F8C25D8B changes role from null to FOLLOWER at term 0 for startAsFollower
2019-09-12 10:20:27,819 [pool-186-thread-1] INFO  impl.RoleInfo (RoleInfo.java:updateAndGet(143)) - ce4c04ae-1298-4600-8421-2ddefcbd2095: start FollowerState
2019-09-12 10:20:27,819 [pool-186-thread-1] INFO  util.JmxRegister (JmxRegister.java:tryRegister(44)) - Successfully registered JMX Bean with object name Ratis:service=RaftServer,group=group-A9B6F8C25D8B,id=ce4c04ae-1298-4600-8421-2ddefcbd2095
2019-09-12 10:20:27,822 [RatisPipelineUtilsThread] INFO  pipeline.PipelineStateManager (PipelineStateManager.java:addPipeline(56)) - Created pipeline Pipeline[ Id: f7493399-6882-4a1e-a342-a9b6f8c25d8b, Nodes: ce4c04ae-1298-4600-8421-2ddefcbd2095{ip: 192.168.157.195, host: pr-hdds-1569-xtfnx-3545843844, networkLocation: /default-rack, certSerialId: null}, Type:RATIS, Factor:ONE, State:OPEN]
2019-09-12 10:20:27,827 [grpc-default-executor-0] INFO  impl.RaftServerProxy (RaftServerProxy.java:addNew(89)) - ce4c04ae-1298-4600-8421-2ddefcbd2095: addNew group-240DC888D512:[ce4c04ae-1298-4600-8421-2ddefcbd2095:192.168.157.195:33161] returns group-240DC888D512:java.util.concurrent.CompletableFuture@4f9ec5f7[Not completed]
2019-09-12 10:20:27,828 [pool-186-thread-1] INFO  impl.RaftServerImpl (RaftServerImpl.java:<init>(93)) - ce4c04ae-1298-4600-8421-2ddefcbd2095: new RaftServerImpl for group-240DC888D512:[ce4c04ae-1298-4600-8421-2ddefcbd2095:192.168.157.195:33161] with ContainerStateMachine:uninitialized
2019-09-12 10:20:27,829 [pool-186-thread-1] INFO  server.RaftServerConfigKeys (ConfUtils.java:logGet(43)) - raft.server.rpc.timeout.min = 5s (custom)
2019-09-12 10:20:27,829 [pool-186-thread-1] INFO  server.RaftServerConfigKeys (ConfUtils.java:logGet(43)) - raft.server.rpc.timeout.max = 5200ms (custom)
2019-09-12 10:20:27,829 [pool-186-thread-1] INFO  server.RaftServerConfigKeys (ConfUtils.java:logGet(43)) - raft.server.rpcslowness.timeout = 120s (custom)
2019-09-12 10:20:27,829 [pool-186-thread-1] INFO  server.RaftServerConfigKeys (ConfUtils.java:logGet(43)) - raft.server.sleep.deviation.threshold = 300 (default)
2019-09-12 10:20:27,829 [pool-186-thread-1] INFO  server.RaftServerConfigKeys (ConfUtils.java:logGet(43)) - raft.server.log.appender.install.snapshot.enabled = false (custom)
2019-09-12 10:20:27,829 [pool-186-thread-1] INFO  impl.RaftServerImpl (ServerState.java:<init>(105)) - ce4c04ae-1298-4600-8421-2ddefcbd2095:group-240DC888D512 ConfigurationManager, init=-1: [ce4c04ae-1298-4600-8421-2ddefcbd2095:192.168.157.195:33161], old=null, confs=<EMPTY_MAP>
2019-09-12 10:20:27,829 [pool-186-thread-1] INFO  server.RaftServerConfigKeys (ConfUtils.java:logGet(43)) - raft.server.storage.dir = [/workdir/hadoop-ozone/integration-test/target/test-dir/MiniOzoneClusterImpl-7916f1df-c498-4717-aca8-2b9cc087c85f/datanode-0/data/ratis] (custom)
2019-09-12 10:20:27,830 [pool-186-thread-1] INFO  storage.RaftStorageDirectory (RaftStorageDirectory.java:analyzeStorage(246)) - The storage directory /workdir/hadoop-ozone/integration-test/target/test-dir/MiniOzoneClusterImpl-7916f1df-c498-4717-aca8-2b9cc087c85f/datanode-0/data/ratis/167b09ba-06a2-4ecf-96ea-240dc888d512 does not exist. Creating ...
2019-09-12 10:20:27,842 [pool-186-thread-1] INFO  storage.RaftStorageDirectory (RaftStorageDirectory.java:tryLock(328)) - Lock on /workdir/hadoop-ozone/integration-test/target/test-dir/MiniOzoneClusterImpl-7916f1df-c498-4717-aca8-2b9cc087c85f/datanode-0/data/ratis/167b09ba-06a2-4ecf-96ea-240dc888d512/in_use.lock acquired by nodename 9433@pr-hdds-1569-xtfnx-3545843844
2019-09-12 10:20:27,855 [pool-186-thread-1] INFO  storage.RaftStorage (RaftStorage.java:format(72)) - Storage directory /workdir/hadoop-ozone/integration-test/target/test-dir/MiniOzoneClusterImpl-7916f1df-c498-4717-aca8-2b9cc087c85f/datanode-0/data/ratis/167b09ba-06a2-4ecf-96ea-240dc888d512 has been successfully formatted.
2019-09-12 10:20:27,856 [pool-186-thread-1] INFO  ratis.ContainerStateMachine (ContainerStateMachine.java:loadSnapshot(226)) - group-240DC888D512: The snapshot info is null. Setting the last applied indexto:(t:0, i:~)
2019-09-12 10:20:27,856 [pool-186-thread-1] INFO  server.RaftServerConfigKeys (ConfUtils.java:logGet(43)) - raft.server.leader.election.timeout = 120s (custom)
2019-09-12 10:20:27,856 [pool-186-thread-1] INFO  server.RaftServerConfigKeys (ConfUtils.java:logGet(43)) - raft.server.log.use.memory = false (default)
2019-09-12 10:20:27,856 [pool-186-thread-1] INFO  server.RaftServerConfigKeys (ConfUtils.java:logGet(43)) - raft.server.log.purge.gap = 1000000 (custom)
2019-09-12 10:20:27,856 [pool-186-thread-1] INFO  server.RaftServerConfigKeys (ConfUtils.java:logGet(43)) - raft.server.log.appender.buffer.byte-limit = 33554432 (custom)
2019-09-12 10:20:27,856 [pool-186-thread-1] INFO  server.RaftServerConfigKeys (ConfUtils.java:logGet(43)) - raft.server.log.segment.size.max = 1048576 (custom)
2019-09-12 10:20:27,856 [pool-186-thread-1] INFO  server.RaftServerConfigKeys (ConfUtils.java:logGet(43)) - raft.server.log.segment.cache.num.max = 2 (custom)
2019-09-12 10:20:27,857 [pool-186-thread-1] INFO  segmented.SegmentedRaftLogWorker (SegmentedRaftLogWorker.java:<init>(172)) - new ce4c04ae-1298-4600-8421-2ddefcbd2095-SegmentedRaftLogWorker:Storage Directory /workdir/hadoop-ozone/integration-test/target/test-dir/MiniOzoneClusterImpl-7916f1df-c498-4717-aca8-2b9cc087c85f/datanode-0/data/ratis/167b09ba-06a2-4ecf-96ea-240dc888d512 for RaftStorage:Storage Directory /workdir/hadoop-ozone/integration-test/target/test-dir/MiniOzoneClusterImpl-7916f1df-c498-4717-aca8-2b9cc087c85f/datanode-0/data/ratis/167b09ba-06a2-4ecf-96ea-240dc888d512
2019-09-12 10:20:27,857 [pool-186-thread-1] INFO  server.RaftServerConfigKeys (ConfUtils.java:logGet(43)) - raft.server.log.queue.byte-limit = 2147483647 (custom)
2019-09-12 10:20:27,857 [pool-186-thread-1] INFO  server.RaftServerConfigKeys (ConfUtils.java:logGet(43)) - raft.server.log.queue.element-limit = 1024 (custom)
2019-09-12 10:20:27,857 [pool-186-thread-1] INFO  server.RaftServerConfigKeys (ConfUtils.java:logGet(43)) - raft.server.log.segment.size.max = 1048576 (custom)
2019-09-12 10:20:27,857 [pool-186-thread-1] INFO  server.RaftServerConfigKeys (ConfUtils.java:logGet(43)) - raft.server.log.preallocated.size = 16384 (custom)
2019-09-12 10:20:27,857 [pool-186-thread-1] INFO  server.RaftServerConfigKeys (ConfUtils.java:logGet(43)) - raft.server.log.write.buffer.size = 33554432 (custom)
2019-09-12 10:20:27,857 [pool-186-thread-1] INFO  server.RaftServerConfigKeys (ConfUtils.java:logGet(43)) - raft.server.log.force.sync.num = 128 (default)
2019-09-12 10:20:27,858 [pool-186-thread-1] INFO  server.RaftServerConfigKeys (ConfUtils.java:logGet(43)) - raft.server.log.statemachine.data.sync = true (default)
2019-09-12 10:20:27,858 [pool-186-thread-1] INFO  server.RaftServerConfigKeys (ConfUtils.java:logGet(43)) - raft.server.log.statemachine.data.sync.timeout = 10s (default)
2019-09-12 10:20:27,858 [pool-186-thread-1] INFO  server.RaftServerConfigKeys (ConfUtils.java:logGet(43)) - raft.server.log.statemachine.data.sync.timeout.retry = -1 (default)
2019-09-12 10:20:27,858 [pool-186-thread-1] INFO  server.RaftServerConfigKeys (ConfUtils.java:logGet(43)) - raft.server.log.statemachine.data.caching.enabled = true (custom)
2019-09-12 10:20:27,858 [pool-186-thread-1] INFO  segmented.SegmentedRaftLogWorker (SegmentedRaftLogWorker.java:lambda$new$0(132)) - ce4c04ae-1298-4600-8421-2ddefcbd2095-SegmentedRaftLogWorker:Storage Directory /workdir/hadoop-ozone/integration-test/target/test-dir/MiniOzoneClusterImpl-7916f1df-c498-4717-aca8-2b9cc087c85f/datanode-0/data/ratis/167b09ba-06a2-4ecf-96ea-240dc888d512: flushIndex: setUnconditionally 0 -> -1
2019-09-12 10:20:27,859 [pool-186-thread-1] INFO  server.RaftServerConfigKeys (ConfUtils.java:logGet(43)) - raft.server.snapshot.auto.trigger.enabled = true (custom)
2019-09-12 10:20:27,859 [pool-186-thread-1] INFO  server.RaftServerConfigKeys (ConfUtils.java:logGet(43)) - raft.server.snapshot.auto.trigger.threshold = 10000 (custom)
2019-09-12 10:20:27,859 [pool-186-thread-1] INFO  server.RaftServerConfigKeys (ConfUtils.java:logGet(43)) - raft.server.retrycache.expirytime = 600000ms (custom)
2019-09-12 10:20:27,859 [pool-186-thread-1] INFO  impl.RaftServerImpl (RaftServerImpl.java:start(180)) - ce4c04ae-1298-4600-8421-2ddefcbd2095: start group-240DC888D512
2019-09-12 10:20:27,859 [pool-186-thread-1] INFO  impl.RaftServerImpl (RaftServerImpl.java:setRole(171)) - ce4c04ae-1298-4600-8421-2ddefcbd2095:group-240DC888D512 changes role from null to FOLLOWER at term 0 for startAsFollower
2019-09-12 10:20:27,859 [pool-186-thread-1] INFO  impl.RoleInfo (RoleInfo.java:updateAndGet(143)) - ce4c04ae-1298-4600-8421-2ddefcbd2095: start FollowerState
2019-09-12 10:20:27,860 [pool-186-thread-1] INFO  util.JmxRegister (JmxRegister.java:tryRegister(44)) - Successfully registered JMX Bean with object name Ratis:service=RaftServer,group=group-240DC888D512,id=ce4c04ae-1298-4600-8421-2ddefcbd2095
2019-09-12 10:20:27,863 [RatisPipelineUtilsThread] INFO  pipeline.PipelineStateManager (PipelineStateManager.java:addPipeline(56)) - Created pipeline Pipeline[ Id: 167b09ba-06a2-4ecf-96ea-240dc888d512, Nodes: ce4c04ae-1298-4600-8421-2ddefcbd2095{ip: 192.168.157.195, host: pr-hdds-1569-xtfnx-3545843844, networkLocation: /default-rack, certSerialId: null}, Type:RATIS, Factor:ONE, State:OPEN]
2019-09-12 10:20:27,869 [grpc-default-executor-0] INFO  impl.RaftServerProxy (RaftServerProxy.java:addNew(89)) - ce4c04ae-1298-4600-8421-2ddefcbd2095: addNew group-9D83187884B9:[ce4c04ae-1298-4600-8421-2ddefcbd2095:192.168.157.195:33161] returns group-9D83187884B9:java.util.concurrent.CompletableFuture@793bed06[Not completed]
2019-09-12 10:20:27,870 [pool-186-thread-1] INFO  impl.RaftServerImpl (RaftServerImpl.java:<init>(93)) - ce4c04ae-1298-4600-8421-2ddefcbd2095: new RaftServerImpl for group-9D83187884B9:[ce4c04ae-1298-4600-8421-2ddefcbd2095:192.168.157.195:33161] with ContainerStateMachine:uninitialized
2019-09-12 10:20:27,870 [pool-186-thread-1] INFO  server.RaftServerConfigKeys (ConfUtils.java:logGet(43)) - raft.server.rpc.timeout.min = 5s (custom)
2019-09-12 10:20:27,870 [pool-186-thread-1] INFO  server.RaftServerConfigKeys (ConfUtils.java:logGet(43)) - raft.server.rpc.timeout.max = 5200ms (custom)
2019-09-12 10:20:27,870 [pool-186-thread-1] INFO  server.RaftServerConfigKeys (ConfUtils.java:logGet(43)) - raft.server.rpcslowness.timeout = 120s (custom)
2019-09-12 10:20:27,870 [pool-186-thread-1] INFO  server.RaftServerConfigKeys (ConfUtils.java:logGet(43)) - raft.server.sleep.deviation.threshold = 300 (default)
2019-09-12 10:20:27,871 [pool-186-thread-1] INFO  server.RaftServerConfigKeys (ConfUtils.java:logGet(43)) - raft.server.log.appender.install.snapshot.enabled = false (custom)
2019-09-12 10:20:27,871 [pool-186-thread-1] INFO  impl.RaftServerImpl (ServerState.java:<init>(105)) - ce4c04ae-1298-4600-8421-2ddefcbd2095:group-9D83187884B9 ConfigurationManager, init=-1: [ce4c04ae-1298-4600-8421-2ddefcbd2095:192.168.157.195:33161], old=null, confs=<EMPTY_MAP>
2019-09-12 10:20:27,871 [pool-186-thread-1] INFO  server.RaftServerConfigKeys (ConfUtils.java:logGet(43)) - raft.server.storage.dir = [/workdir/hadoop-ozone/integration-test/target/test-dir/MiniOzoneClusterImpl-7916f1df-c498-4717-aca8-2b9cc087c85f/datanode-0/data/ratis] (custom)
2019-09-12 10:20:27,871 [pool-186-thread-1] INFO  storage.RaftStorageDirectory (RaftStorageDirectory.java:analyzeStorage(246)) - The storage directory /workdir/hadoop-ozone/integration-test/target/test-dir/MiniOzoneClusterImpl-7916f1df-c498-4717-aca8-2b9cc087c85f/datanode-0/data/ratis/f4a494f8-96f3-4794-9a02-9d83187884b9 does not exist. Creating ...
2019-09-12 10:20:27,884 [pool-186-thread-1] INFO  storage.RaftStorageDirectory (RaftStorageDirectory.java:tryLock(328)) - Lock on /workdir/hadoop-ozone/integration-test/target/test-dir/MiniOzoneClusterImpl-7916f1df-c498-4717-aca8-2b9cc087c85f/datanode-0/data/ratis/f4a494f8-96f3-4794-9a02-9d83187884b9/in_use.lock acquired by nodename 9433@pr-hdds-1569-xtfnx-3545843844
2019-09-12 10:20:27,896 [pool-186-thread-1] INFO  storage.RaftStorage (RaftStorage.java:format(72)) - Storage directory /workdir/hadoop-ozone/integration-test/target/test-dir/MiniOzoneClusterImpl-7916f1df-c498-4717-aca8-2b9cc087c85f/datanode-0/data/ratis/f4a494f8-96f3-4794-9a02-9d83187884b9 has been successfully formatted.
2019-09-12 10:20:27,897 [pool-186-thread-1] INFO  ratis.ContainerStateMachine (ContainerStateMachine.java:loadSnapshot(226)) - group-9D83187884B9: The snapshot info is null. Setting the last applied indexto:(t:0, i:~)
2019-09-12 10:20:27,897 [pool-186-thread-1] INFO  server.RaftServerConfigKeys (ConfUtils.java:logGet(43)) - raft.server.leader.election.timeout = 120s (custom)
2019-09-12 10:20:27,897 [pool-186-thread-1] INFO  server.RaftServerConfigKeys (ConfUtils.java:logGet(43)) - raft.server.log.use.memory = false (default)
2019-09-12 10:20:27,897 [pool-186-thread-1] INFO  server.RaftServerConfigKeys (ConfUtils.java:logGet(43)) - raft.server.log.purge.gap = 1000000 (custom)
2019-09-12 10:20:27,897 [pool-186-thread-1] INFO  server.RaftServerConfigKeys (ConfUtils.java:logGet(43)) - raft.server.log.appender.buffer.byte-limit = 33554432 (custom)
2019-09-12 10:20:27,897 [pool-186-thread-1] INFO  server.RaftServerConfigKeys (ConfUtils.java:logGet(43)) - raft.server.log.segment.size.max = 1048576 (custom)
2019-09-12 10:20:27,898 [pool-186-thread-1] INFO  server.RaftServerConfigKeys (ConfUtils.java:logGet(43)) - raft.server.log.segment.cache.num.max = 2 (custom)
2019-09-12 10:20:27,898 [pool-186-thread-1] INFO  segmented.SegmentedRaftLogWorker (SegmentedRaftLogWorker.java:<init>(172)) - new ce4c04ae-1298-4600-8421-2ddefcbd2095-SegmentedRaftLogWorker:Storage Directory /workdir/hadoop-ozone/integration-test/target/test-dir/MiniOzoneClusterImpl-7916f1df-c498-4717-aca8-2b9cc087c85f/datanode-0/data/ratis/f4a494f8-96f3-4794-9a02-9d83187884b9 for RaftStorage:Storage Directory /workdir/hadoop-ozone/integration-test/target/test-dir/MiniOzoneClusterImpl-7916f1df-c498-4717-aca8-2b9cc087c85f/datanode-0/data/ratis/f4a494f8-96f3-4794-9a02-9d83187884b9
2019-09-12 10:20:27,898 [pool-186-thread-1] INFO  server.RaftServerConfigKeys (ConfUtils.java:logGet(43)) - raft.server.log.queue.byte-limit = 2147483647 (custom)
2019-09-12 10:20:27,898 [pool-186-thread-1] INFO  server.RaftServerConfigKeys (ConfUtils.java:logGet(43)) - raft.server.log.queue.element-limit = 1024 (custom)
2019-09-12 10:20:27,898 [pool-186-thread-1] INFO  server.RaftServerConfigKeys (ConfUtils.java:logGet(43)) - raft.server.log.segment.size.max = 1048576 (custom)
2019-09-12 10:20:27,898 [pool-186-thread-1] INFO  server.RaftServerConfigKeys (ConfUtils.java:logGet(43)) - raft.server.log.preallocated.size = 16384 (custom)
2019-09-12 10:20:27,898 [pool-186-thread-1] INFO  server.RaftServerConfigKeys (ConfUtils.java:logGet(43)) - raft.server.log.write.buffer.size = 33554432 (custom)
2019-09-12 10:20:27,899 [pool-186-thread-1] INFO  server.RaftServerConfigKeys (ConfUtils.java:logGet(43)) - raft.server.log.force.sync.num = 128 (default)
2019-09-12 10:20:27,899 [pool-186-thread-1] INFO  server.RaftServerConfigKeys (ConfUtils.java:logGet(43)) - raft.server.log.statemachine.data.sync = true (default)
2019-09-12 10:20:27,899 [pool-186-thread-1] INFO  server.RaftServerConfigKeys (ConfUtils.java:logGet(43)) - raft.server.log.statemachine.data.sync.timeout = 10s (default)
2019-09-12 10:20:27,899 [pool-186-thread-1] INFO  server.RaftServerConfigKeys (ConfUtils.java:logGet(43)) - raft.server.log.statemachine.data.sync.timeout.retry = -1 (default)
2019-09-12 10:20:27,899 [pool-186-thread-1] INFO  server.RaftServerConfigKeys (ConfUtils.java:logGet(43)) - raft.server.log.statemachine.data.caching.enabled = true (custom)
2019-09-12 10:20:27,899 [pool-186-thread-1] INFO  segmented.SegmentedRaftLogWorker (SegmentedRaftLogWorker.java:lambda$new$0(132)) - ce4c04ae-1298-4600-8421-2ddefcbd2095-SegmentedRaftLogWorker:Storage Directory /workdir/hadoop-ozone/integration-test/target/test-dir/MiniOzoneClusterImpl-7916f1df-c498-4717-aca8-2b9cc087c85f/datanode-0/data/ratis/f4a494f8-96f3-4794-9a02-9d83187884b9: flushIndex: setUnconditionally 0 -> -1
2019-09-12 10:20:27,900 [pool-186-thread-1] INFO  server.RaftServerConfigKeys (ConfUtils.java:logGet(43)) - raft.server.snapshot.auto.trigger.enabled = true (custom)
2019-09-12 10:20:27,900 [pool-186-thread-1] INFO  server.RaftServerConfigKeys (ConfUtils.java:logGet(43)) - raft.server.snapshot.auto.trigger.threshold = 10000 (custom)
2019-09-12 10:20:27,900 [pool-186-thread-1] INFO  server.RaftServerConfigKeys (ConfUtils.java:logGet(43)) - raft.server.retrycache.expirytime = 600000ms (custom)
2019-09-12 10:20:27,900 [pool-186-thread-1] INFO  impl.RaftServerImpl (RaftServerImpl.java:start(180)) - ce4c04ae-1298-4600-8421-2ddefcbd2095: start group-9D83187884B9
2019-09-12 10:20:27,900 [pool-186-thread-1] INFO  impl.RaftServerImpl (RaftServerImpl.java:setRole(171)) - ce4c04ae-1298-4600-8421-2ddefcbd2095:group-9D83187884B9 changes role from null to FOLLOWER at term 0 for startAsFollower
2019-09-12 10:20:27,901 [pool-186-thread-1] INFO  impl.RoleInfo (RoleInfo.java:updateAndGet(143)) - ce4c04ae-1298-4600-8421-2ddefcbd2095: start FollowerState
2019-09-12 10:20:27,901 [pool-186-thread-1] INFO  util.JmxRegister (JmxRegister.java:tryRegister(44)) - Successfully registered JMX Bean with object name Ratis:service=RaftServer,group=group-9D83187884B9,id=ce4c04ae-1298-4600-8421-2ddefcbd2095
2019-09-12 10:20:27,904 [RatisPipelineUtilsThread] INFO  pipeline.PipelineStateManager (PipelineStateManager.java:addPipeline(56)) - Created pipeline Pipeline[ Id: f4a494f8-96f3-4794-9a02-9d83187884b9, Nodes: ce4c04ae-1298-4600-8421-2ddefcbd2095{ip: 192.168.157.195, host: pr-hdds-1569-xtfnx-3545843844, networkLocation: /default-rack, certSerialId: null}, Type:RATIS, Factor:ONE, State:OPEN]
2019-09-12 10:20:27,910 [IPC Server handler 1 on 43651] INFO  net.NetworkTopology (NetworkTopologyImpl.java:add(110)) - Added a new node: /default-rack/14a6a790-57eb-4f24-a5aa-1517ce37e105
2019-09-12 10:20:27,910 [IPC Server handler 1 on 43651] INFO  node.SCMNodeManager (SCMNodeManager.java:register(273)) - Registered Data node : 14a6a790-57eb-4f24-a5aa-1517ce37e105{ip: 192.168.157.195, host: pr-hdds-1569-xtfnx-3545843844, networkLocation: /default-rack, certSerialId: null}
2019-09-12 10:20:27,911 | INFO  | SCMAudit | user=jenkins1000 | ip=192.168.157.195 | op=REGISTER {datanodeDetails=14a6a790-57eb-4f24-a5aa-1517ce37e105{ip: 192.168.157.195, host: pr-hdds-1569-xtfnx-3545843844, networkLocation: /default-rack, certSerialId: null}} | ret=SUCCESS |  
2019-09-12 10:20:27,911 [grpc-default-executor-0] INFO  impl.RaftServerProxy (RaftServerProxy.java:addNew(89)) - ce4c04ae-1298-4600-8421-2ddefcbd2095: addNew group-3F36EE1F6711:[ce4c04ae-1298-4600-8421-2ddefcbd2095:192.168.157.195:33161] returns group-3F36EE1F6711:java.util.concurrent.CompletableFuture@4bd07ed8[Not completed]
2019-09-12 10:20:27,912 [pool-186-thread-1] INFO  impl.RaftServerImpl (RaftServerImpl.java:<init>(93)) - ce4c04ae-1298-4600-8421-2ddefcbd2095: new RaftServerImpl for group-3F36EE1F6711:[ce4c04ae-1298-4600-8421-2ddefcbd2095:192.168.157.195:33161] with ContainerStateMachine:uninitialized
2019-09-12 10:20:27,912 [pool-186-thread-1] INFO  server.RaftServerConfigKeys (ConfUtils.java:logGet(43)) - raft.server.rpc.timeout.min = 5s (custom)
2019-09-12 10:20:27,913 [pool-186-thread-1] INFO  server.RaftServerConfigKeys (ConfUtils.java:logGet(43)) - raft.server.rpc.timeout.max = 5200ms (custom)
2019-09-12 10:20:27,913 [pool-186-thread-1] INFO  server.RaftServerConfigKeys (ConfUtils.java:logGet(43)) - raft.server.rpcslowness.timeout = 120s (custom)
2019-09-12 10:20:27,913 [pool-186-thread-1] INFO  server.RaftServerConfigKeys (ConfUtils.java:logGet(43)) - raft.server.sleep.deviation.threshold = 300 (default)
2019-09-12 10:20:27,913 [pool-186-thread-1] INFO  server.RaftServerConfigKeys (ConfUtils.java:logGet(43)) - raft.server.log.appender.install.snapshot.enabled = false (custom)
2019-09-12 10:20:27,913 [pool-186-thread-1] INFO  impl.RaftServerImpl (ServerState.java:<init>(105)) - ce4c04ae-1298-4600-8421-2ddefcbd2095:group-3F36EE1F6711 ConfigurationManager, init=-1: [ce4c04ae-1298-4600-8421-2ddefcbd2095:192.168.157.195:33161], old=null, confs=<EMPTY_MAP>
2019-09-12 10:20:27,913 [pool-186-thread-1] INFO  server.RaftServerConfigKeys (ConfUtils.java:logGet(43)) - raft.server.storage.dir = [/workdir/hadoop-ozone/integration-test/target/test-dir/MiniOzoneClusterImpl-7916f1df-c498-4717-aca8-2b9cc087c85f/datanode-0/data/ratis] (custom)
2019-09-12 10:20:27,914 [pool-186-thread-1] INFO  storage.RaftStorageDirectory (RaftStorageDirectory.java:analyzeStorage(246)) - The storage directory /workdir/hadoop-ozone/integration-test/target/test-dir/MiniOzoneClusterImpl-7916f1df-c498-4717-aca8-2b9cc087c85f/datanode-0/data/ratis/841a74bc-a1fb-4001-b3c8-3f36ee1f6711 does not exist. Creating ...
2019-09-12 10:20:27,926 [pool-186-thread-1] INFO  storage.RaftStorageDirectory (RaftStorageDirectory.java:tryLock(328)) - Lock on /workdir/hadoop-ozone/integration-test/target/test-dir/MiniOzoneClusterImpl-7916f1df-c498-4717-aca8-2b9cc087c85f/datanode-0/data/ratis/841a74bc-a1fb-4001-b3c8-3f36ee1f6711/in_use.lock acquired by nodename 9433@pr-hdds-1569-xtfnx-3545843844
2019-09-12 10:20:27,938 [pool-186-thread-1] INFO  storage.RaftStorage (RaftStorage.java:format(72)) - Storage directory /workdir/hadoop-ozone/integration-test/target/test-dir/MiniOzoneClusterImpl-7916f1df-c498-4717-aca8-2b9cc087c85f/datanode-0/data/ratis/841a74bc-a1fb-4001-b3c8-3f36ee1f6711 has been successfully formatted.
2019-09-12 10:20:27,938 [pool-186-thread-1] INFO  ratis.ContainerStateMachine (ContainerStateMachine.java:loadSnapshot(226)) - group-3F36EE1F6711: The snapshot info is null. Setting the last applied indexto:(t:0, i:~)
2019-09-12 10:20:27,939 [pool-186-thread-1] INFO  server.RaftServerConfigKeys (ConfUtils.java:logGet(43)) - raft.server.leader.election.timeout = 120s (custom)
2019-09-12 10:20:27,939 [pool-186-thread-1] INFO  server.RaftServerConfigKeys (ConfUtils.java:logGet(43)) - raft.server.log.use.memory = false (default)
2019-09-12 10:20:27,939 [pool-186-thread-1] INFO  server.RaftServerConfigKeys (ConfUtils.java:logGet(43)) - raft.server.log.purge.gap = 1000000 (custom)
2019-09-12 10:20:27,939 [pool-186-thread-1] INFO  server.RaftServerConfigKeys (ConfUtils.java:logGet(43)) - raft.server.log.appender.buffer.byte-limit = 33554432 (custom)
2019-09-12 10:20:27,939 [pool-186-thread-1] INFO  server.RaftServerConfigKeys (ConfUtils.java:logGet(43)) - raft.server.log.segment.size.max = 1048576 (custom)
2019-09-12 10:20:27,939 [pool-186-thread-1] INFO  server.RaftServerConfigKeys (ConfUtils.java:logGet(43)) - raft.server.log.segment.cache.num.max = 2 (custom)
2019-09-12 10:20:27,939 [pool-186-thread-1] INFO  segmented.SegmentedRaftLogWorker (SegmentedRaftLogWorker.java:<init>(172)) - new ce4c04ae-1298-4600-8421-2ddefcbd2095-SegmentedRaftLogWorker:Storage Directory /workdir/hadoop-ozone/integration-test/target/test-dir/MiniOzoneClusterImpl-7916f1df-c498-4717-aca8-2b9cc087c85f/datanode-0/data/ratis/841a74bc-a1fb-4001-b3c8-3f36ee1f6711 for RaftStorage:Storage Directory /workdir/hadoop-ozone/integration-test/target/test-dir/MiniOzoneClusterImpl-7916f1df-c498-4717-aca8-2b9cc087c85f/datanode-0/data/ratis/841a74bc-a1fb-4001-b3c8-3f36ee1f6711
2019-09-12 10:20:27,939 [pool-186-thread-1] INFO  server.RaftServerConfigKeys (ConfUtils.java:logGet(43)) - raft.server.log.queue.byte-limit = 2147483647 (custom)
2019-09-12 10:20:27,940 [pool-186-thread-1] INFO  server.RaftServerConfigKeys (ConfUtils.java:logGet(43)) - raft.server.log.queue.element-limit = 1024 (custom)
2019-09-12 10:20:27,940 [pool-186-thread-1] INFO  server.RaftServerConfigKeys (ConfUtils.java:logGet(43)) - raft.server.log.segment.size.max = 1048576 (custom)
2019-09-12 10:20:27,940 [pool-186-thread-1] INFO  server.RaftServerConfigKeys (ConfUtils.java:logGet(43)) - raft.server.log.preallocated.size = 16384 (custom)
2019-09-12 10:20:27,940 [pool-186-thread-1] INFO  server.RaftServerConfigKeys (ConfUtils.java:logGet(43)) - raft.server.log.write.buffer.size = 33554432 (custom)
2019-09-12 10:20:27,940 [pool-186-thread-1] INFO  server.RaftServerConfigKeys (ConfUtils.java:logGet(43)) - raft.server.log.force.sync.num = 128 (default)
2019-09-12 10:20:27,940 [pool-186-thread-1] INFO  server.RaftServerConfigKeys (ConfUtils.java:logGet(43)) - raft.server.log.statemachine.data.sync = true (default)
2019-09-12 10:20:27,940 [pool-186-thread-1] INFO  server.RaftServerConfigKeys (ConfUtils.java:logGet(43)) - raft.server.log.statemachine.data.sync.timeout = 10s (default)
2019-09-12 10:20:27,940 [pool-186-thread-1] INFO  server.RaftServerConfigKeys (ConfUtils.java:logGet(43)) - raft.server.log.statemachine.data.sync.timeout.retry = -1 (default)
2019-09-12 10:20:27,941 [pool-186-thread-1] INFO  server.RaftServerConfigKeys (ConfUtils.java:logGet(43)) - raft.server.log.statemachine.data.caching.enabled = true (custom)
2019-09-12 10:20:27,941 [pool-186-thread-1] INFO  segmented.SegmentedRaftLogWorker (SegmentedRaftLogWorker.java:lambda$new$0(132)) - ce4c04ae-1298-4600-8421-2ddefcbd2095-SegmentedRaftLogWorker:Storage Directory /workdir/hadoop-ozone/integration-test/target/test-dir/MiniOzoneClusterImpl-7916f1df-c498-4717-aca8-2b9cc087c85f/datanode-0/data/ratis/841a74bc-a1fb-4001-b3c8-3f36ee1f6711: flushIndex: setUnconditionally 0 -> -1
2019-09-12 10:20:27,941 [pool-186-thread-1] INFO  server.RaftServerConfigKeys (ConfUtils.java:logGet(43)) - raft.server.snapshot.auto.trigger.enabled = true (custom)
2019-09-12 10:20:27,941 [pool-186-thread-1] INFO  server.RaftServerConfigKeys (ConfUtils.java:logGet(43)) - raft.server.snapshot.auto.trigger.threshold = 10000 (custom)
2019-09-12 10:20:27,941 [pool-186-thread-1] INFO  server.RaftServerConfigKeys (ConfUtils.java:logGet(43)) - raft.server.retrycache.expirytime = 600000ms (custom)
2019-09-12 10:20:27,942 [pool-186-thread-1] INFO  impl.RaftServerImpl (RaftServerImpl.java:start(180)) - ce4c04ae-1298-4600-8421-2ddefcbd2095: start group-3F36EE1F6711
2019-09-12 10:20:27,942 [pool-186-thread-1] INFO  impl.RaftServerImpl (RaftServerImpl.java:setRole(171)) - ce4c04ae-1298-4600-8421-2ddefcbd2095:group-3F36EE1F6711 changes role from null to FOLLOWER at term 0 for startAsFollower
2019-09-12 10:20:27,942 [pool-186-thread-1] INFO  impl.RoleInfo (RoleInfo.java:updateAndGet(143)) - ce4c04ae-1298-4600-8421-2ddefcbd2095: start FollowerState
2019-09-12 10:20:27,942 [pool-186-thread-1] INFO  util.JmxRegister (JmxRegister.java:tryRegister(44)) - Successfully registered JMX Bean with object name Ratis:service=RaftServer,group=group-3F36EE1F6711,id=ce4c04ae-1298-4600-8421-2ddefcbd2095
2019-09-12 10:20:27,945 [RatisPipelineUtilsThread] INFO  pipeline.PipelineStateManager (PipelineStateManager.java:addPipeline(56)) - Created pipeline Pipeline[ Id: 841a74bc-a1fb-4001-b3c8-3f36ee1f6711, Nodes: ce4c04ae-1298-4600-8421-2ddefcbd2095{ip: 192.168.157.195, host: pr-hdds-1569-xtfnx-3545843844, networkLocation: /default-rack, certSerialId: null}, Type:RATIS, Factor:ONE, State:OPEN]
2019-09-12 10:20:27,955 [grpc-default-executor-0] INFO  impl.RaftServerProxy (RaftServerProxy.java:addNew(89)) - ce4c04ae-1298-4600-8421-2ddefcbd2095: addNew group-A144F03DCCE4:[ce4c04ae-1298-4600-8421-2ddefcbd2095:192.168.157.195:33161] returns group-A144F03DCCE4:java.util.concurrent.CompletableFuture@5ec77cc7[Not completed]
2019-09-12 10:20:27,957 [pool-186-thread-1] INFO  impl.RaftServerImpl (RaftServerImpl.java:<init>(93)) - ce4c04ae-1298-4600-8421-2ddefcbd2095: new RaftServerImpl for group-A144F03DCCE4:[ce4c04ae-1298-4600-8421-2ddefcbd2095:192.168.157.195:33161] with ContainerStateMachine:uninitialized
2019-09-12 10:20:27,957 [pool-186-thread-1] INFO  server.RaftServerConfigKeys (ConfUtils.java:logGet(43)) - raft.server.rpc.timeout.min = 5s (custom)
2019-09-12 10:20:27,957 [pool-186-thread-1] INFO  server.RaftServerConfigKeys (ConfUtils.java:logGet(43)) - raft.server.rpc.timeout.max = 5200ms (custom)
2019-09-12 10:20:27,957 [pool-186-thread-1] INFO  server.RaftServerConfigKeys (ConfUtils.java:logGet(43)) - raft.server.rpcslowness.timeout = 120s (custom)
2019-09-12 10:20:27,958 [pool-186-thread-1] INFO  server.RaftServerConfigKeys (ConfUtils.java:logGet(43)) - raft.server.sleep.deviation.threshold = 300 (default)
2019-09-12 10:20:27,958 [pool-186-thread-1] INFO  server.RaftServerConfigKeys (ConfUtils.java:logGet(43)) - raft.server.log.appender.install.snapshot.enabled = false (custom)
2019-09-12 10:20:27,958 [pool-186-thread-1] INFO  impl.RaftServerImpl (ServerState.java:<init>(105)) - ce4c04ae-1298-4600-8421-2ddefcbd2095:group-A144F03DCCE4 ConfigurationManager, init=-1: [ce4c04ae-1298-4600-8421-2ddefcbd2095:192.168.157.195:33161], old=null, confs=<EMPTY_MAP>
2019-09-12 10:20:27,958 [pool-186-thread-1] INFO  server.RaftServerConfigKeys (ConfUtils.java:logGet(43)) - raft.server.storage.dir = [/workdir/hadoop-ozone/integration-test/target/test-dir/MiniOzoneClusterImpl-7916f1df-c498-4717-aca8-2b9cc087c85f/datanode-0/data/ratis] (custom)
2019-09-12 10:20:27,959 [pool-186-thread-1] INFO  storage.RaftStorageDirectory (RaftStorageDirectory.java:analyzeStorage(246)) - The storage directory /workdir/hadoop-ozone/integration-test/target/test-dir/MiniOzoneClusterImpl-7916f1df-c498-4717-aca8-2b9cc087c85f/datanode-0/data/ratis/5b2eb01d-f7cb-4f19-956f-a144f03dcce4 does not exist. Creating ...
2019-09-12 10:20:27,972 [pool-186-thread-1] INFO  storage.RaftStorageDirectory (RaftStorageDirectory.java:tryLock(328)) - Lock on /workdir/hadoop-ozone/integration-test/target/test-dir/MiniOzoneClusterImpl-7916f1df-c498-4717-aca8-2b9cc087c85f/datanode-0/data/ratis/5b2eb01d-f7cb-4f19-956f-a144f03dcce4/in_use.lock acquired by nodename 9433@pr-hdds-1569-xtfnx-3545843844
2019-09-12 10:20:27,975 [pool-186-thread-1] INFO  storage.RaftStorage (RaftStorage.java:format(72)) - Storage directory /workdir/hadoop-ozone/integration-test/target/test-dir/MiniOzoneClusterImpl-7916f1df-c498-4717-aca8-2b9cc087c85f/datanode-0/data/ratis/5b2eb01d-f7cb-4f19-956f-a144f03dcce4 has been successfully formatted.
2019-09-12 10:20:27,975 [pool-186-thread-1] INFO  ratis.ContainerStateMachine (ContainerStateMachine.java:loadSnapshot(226)) - group-A144F03DCCE4: The snapshot info is null. Setting the last applied indexto:(t:0, i:~)
2019-09-12 10:20:27,975 [pool-186-thread-1] INFO  server.RaftServerConfigKeys (ConfUtils.java:logGet(43)) - raft.server.leader.election.timeout = 120s (custom)
2019-09-12 10:20:27,975 [pool-186-thread-1] INFO  server.RaftServerConfigKeys (ConfUtils.java:logGet(43)) - raft.server.log.use.memory = false (default)
2019-09-12 10:20:27,975 [pool-186-thread-1] INFO  server.RaftServerConfigKeys (ConfUtils.java:logGet(43)) - raft.server.log.purge.gap = 1000000 (custom)
2019-09-12 10:20:27,976 [pool-186-thread-1] INFO  server.RaftServerConfigKeys (ConfUtils.java:logGet(43)) - raft.server.log.appender.buffer.byte-limit = 33554432 (custom)
2019-09-12 10:20:27,976 [pool-186-thread-1] INFO  server.RaftServerConfigKeys (ConfUtils.java:logGet(43)) - raft.server.log.segment.size.max = 1048576 (custom)
2019-09-12 10:20:27,976 [pool-186-thread-1] INFO  server.RaftServerConfigKeys (ConfUtils.java:logGet(43)) - raft.server.log.segment.cache.num.max = 2 (custom)
2019-09-12 10:20:27,976 [pool-186-thread-1] INFO  segmented.SegmentedRaftLogWorker (SegmentedRaftLogWorker.java:<init>(172)) - new ce4c04ae-1298-4600-8421-2ddefcbd2095-SegmentedRaftLogWorker:Storage Directory /workdir/hadoop-ozone/integration-test/target/test-dir/MiniOzoneClusterImpl-7916f1df-c498-4717-aca8-2b9cc087c85f/datanode-0/data/ratis/5b2eb01d-f7cb-4f19-956f-a144f03dcce4 for RaftStorage:Storage Directory /workdir/hadoop-ozone/integration-test/target/test-dir/MiniOzoneClusterImpl-7916f1df-c498-4717-aca8-2b9cc087c85f/datanode-0/data/ratis/5b2eb01d-f7cb-4f19-956f-a144f03dcce4
2019-09-12 10:20:27,976 [pool-186-thread-1] INFO  server.RaftServerConfigKeys (ConfUtils.java:logGet(43)) - raft.server.log.queue.byte-limit = 2147483647 (custom)
2019-09-12 10:20:27,976 [pool-186-thread-1] INFO  server.RaftServerConfigKeys (ConfUtils.java:logGet(43)) - raft.server.log.queue.element-limit = 1024 (custom)
2019-09-12 10:20:27,976 [pool-186-thread-1] INFO  server.RaftServerConfigKeys (ConfUtils.java:logGet(43)) - raft.server.log.segment.size.max = 1048576 (custom)
2019-09-12 10:20:27,976 [pool-186-thread-1] INFO  server.RaftServerConfigKeys (ConfUtils.java:logGet(43)) - raft.server.log.preallocated.size = 16384 (custom)
2019-09-12 10:20:27,977 [pool-186-thread-1] INFO  server.RaftServerConfigKeys (ConfUtils.java:logGet(43)) - raft.server.log.write.buffer.size = 33554432 (custom)
2019-09-12 10:20:27,977 [pool-186-thread-1] INFO  server.RaftServerConfigKeys (ConfUtils.java:logGet(43)) - raft.server.log.force.sync.num = 128 (default)
2019-09-12 10:20:27,977 [pool-186-thread-1] INFO  server.RaftServerConfigKeys (ConfUtils.java:logGet(43)) - raft.server.log.statemachine.data.sync = true (default)
2019-09-12 10:20:27,977 [pool-186-thread-1] INFO  server.RaftServerConfigKeys (ConfUtils.java:logGet(43)) - raft.server.log.statemachine.data.sync.timeout = 10s (default)
2019-09-12 10:20:27,977 [pool-186-thread-1] INFO  server.RaftServerConfigKeys (ConfUtils.java:logGet(43)) - raft.server.log.statemachine.data.sync.timeout.retry = -1 (default)
2019-09-12 10:20:27,977 [pool-186-thread-1] INFO  server.RaftServerConfigKeys (ConfUtils.java:logGet(43)) - raft.server.log.statemachine.data.caching.enabled = true (custom)
2019-09-12 10:20:27,978 [pool-186-thread-1] INFO  segmented.SegmentedRaftLogWorker (SegmentedRaftLogWorker.java:lambda$new$0(132)) - ce4c04ae-1298-4600-8421-2ddefcbd2095-SegmentedRaftLogWorker:Storage Directory /workdir/hadoop-ozone/integration-test/target/test-dir/MiniOzoneClusterImpl-7916f1df-c498-4717-aca8-2b9cc087c85f/datanode-0/data/ratis/5b2eb01d-f7cb-4f19-956f-a144f03dcce4: flushIndex: setUnconditionally 0 -> -1
2019-09-12 10:20:27,978 [pool-186-thread-1] INFO  server.RaftServerConfigKeys (ConfUtils.java:logGet(43)) - raft.server.snapshot.auto.trigger.enabled = true (custom)
2019-09-12 10:20:27,978 [pool-186-thread-1] INFO  server.RaftServerConfigKeys (ConfUtils.java:logGet(43)) - raft.server.snapshot.auto.trigger.threshold = 10000 (custom)
2019-09-12 10:20:27,978 [pool-186-thread-1] INFO  server.RaftServerConfigKeys (ConfUtils.java:logGet(43)) - raft.server.retrycache.expirytime = 600000ms (custom)
2019-09-12 10:20:27,978 [pool-186-thread-1] INFO  impl.RaftServerImpl (RaftServerImpl.java:start(180)) - ce4c04ae-1298-4600-8421-2ddefcbd2095: start group-A144F03DCCE4
2019-09-12 10:20:27,979 [pool-186-thread-1] INFO  impl.RaftServerImpl (RaftServerImpl.java:setRole(171)) - ce4c04ae-1298-4600-8421-2ddefcbd2095:group-A144F03DCCE4 changes role from null to FOLLOWER at term 0 for startAsFollower
2019-09-12 10:20:27,979 [pool-186-thread-1] INFO  impl.RoleInfo (RoleInfo.java:updateAndGet(143)) - ce4c04ae-1298-4600-8421-2ddefcbd2095: start FollowerState
2019-09-12 10:20:27,979 [pool-186-thread-1] INFO  util.JmxRegister (JmxRegister.java:tryRegister(44)) - Successfully registered JMX Bean with object name Ratis:service=RaftServer,group=group-A144F03DCCE4,id=ce4c04ae-1298-4600-8421-2ddefcbd2095
2019-09-12 10:20:27,982 [RatisPipelineUtilsThread] INFO  pipeline.PipelineStateManager (PipelineStateManager.java:addPipeline(56)) - Created pipeline Pipeline[ Id: 5b2eb01d-f7cb-4f19-956f-a144f03dcce4, Nodes: ce4c04ae-1298-4600-8421-2ddefcbd2095{ip: 192.168.157.195, host: pr-hdds-1569-xtfnx-3545843844, networkLocation: /default-rack, certSerialId: null}, Type:RATIS, Factor:ONE, State:OPEN]
2019-09-12 10:20:27,982 [RatisPipelineUtilsThread] ERROR pipeline.PipelinePlacementPolicy (PipelinePlacementPolicy.java:meetCriteria(91)) - Pipeline Placement: Doesn't meet the criteria to be viable node. Heaviness: 6
2019-09-12 10:20:27,990 [grpc-default-executor-0] INFO  impl.RaftServerProxy (RaftServerProxy.java:addNew(89)) - 14a6a790-57eb-4f24-a5aa-1517ce37e105: addNew group-1CD1F78F9E39:[14a6a790-57eb-4f24-a5aa-1517ce37e105:192.168.157.195:43901] returns group-1CD1F78F9E39:java.util.concurrent.CompletableFuture@4e934dbe[Not completed]
2019-09-12 10:20:27,991 [pool-197-thread-1] INFO  impl.RaftServerImpl (RaftServerImpl.java:<init>(93)) - 14a6a790-57eb-4f24-a5aa-1517ce37e105: new RaftServerImpl for group-1CD1F78F9E39:[14a6a790-57eb-4f24-a5aa-1517ce37e105:192.168.157.195:43901] with ContainerStateMachine:uninitialized
2019-09-12 10:20:27,991 [pool-197-thread-1] INFO  server.RaftServerConfigKeys (ConfUtils.java:logGet(43)) - raft.server.rpc.timeout.min = 5s (custom)
2019-09-12 10:20:27,992 [pool-197-thread-1] INFO  server.RaftServerConfigKeys (ConfUtils.java:logGet(43)) - raft.server.rpc.timeout.max = 5200ms (custom)
2019-09-12 10:20:27,992 [pool-197-thread-1] INFO  server.RaftServerConfigKeys (ConfUtils.java:logGet(43)) - raft.server.rpcslowness.timeout = 120s (custom)
2019-09-12 10:20:27,992 [pool-197-thread-1] INFO  server.RaftServerConfigKeys (ConfUtils.java:logGet(43)) - raft.server.sleep.deviation.threshold = 300 (default)
2019-09-12 10:20:27,992 [pool-197-thread-1] INFO  server.RaftServerConfigKeys (ConfUtils.java:logGet(43)) - raft.server.log.appender.install.snapshot.enabled = false (custom)
2019-09-12 10:20:27,992 [pool-197-thread-1] INFO  impl.RaftServerImpl (ServerState.java:<init>(105)) - 14a6a790-57eb-4f24-a5aa-1517ce37e105:group-1CD1F78F9E39 ConfigurationManager, init=-1: [14a6a790-57eb-4f24-a5aa-1517ce37e105:192.168.157.195:43901], old=null, confs=<EMPTY_MAP>
2019-09-12 10:20:27,992 [pool-197-thread-1] INFO  server.RaftServerConfigKeys (ConfUtils.java:logGet(43)) - raft.server.storage.dir = [/workdir/hadoop-ozone/integration-test/target/test-dir/MiniOzoneClusterImpl-7916f1df-c498-4717-aca8-2b9cc087c85f/datanode-1/data/ratis] (custom)
2019-09-12 10:20:27,993 [pool-197-thread-1] INFO  storage.RaftStorageDirectory (RaftStorageDirectory.java:analyzeStorage(246)) - The storage directory /workdir/hadoop-ozone/integration-test/target/test-dir/MiniOzoneClusterImpl-7916f1df-c498-4717-aca8-2b9cc087c85f/datanode-1/data/ratis/3347857d-7c01-4b65-a64e-1cd1f78f9e39 does not exist. Creating ...
2019-09-12 10:20:28,004 [pool-197-thread-1] INFO  storage.RaftStorageDirectory (RaftStorageDirectory.java:tryLock(328)) - Lock on /workdir/hadoop-ozone/integration-test/target/test-dir/MiniOzoneClusterImpl-7916f1df-c498-4717-aca8-2b9cc087c85f/datanode-1/data/ratis/3347857d-7c01-4b65-a64e-1cd1f78f9e39/in_use.lock acquired by nodename 9433@pr-hdds-1569-xtfnx-3545843844
2019-09-12 10:20:28,015 [pool-197-thread-1] INFO  storage.RaftStorage (RaftStorage.java:format(72)) - Storage directory /workdir/hadoop-ozone/integration-test/target/test-dir/MiniOzoneClusterImpl-7916f1df-c498-4717-aca8-2b9cc087c85f/datanode-1/data/ratis/3347857d-7c01-4b65-a64e-1cd1f78f9e39 has been successfully formatted.
2019-09-12 10:20:28,016 [pool-197-thread-1] INFO  ratis.ContainerStateMachine (ContainerStateMachine.java:loadSnapshot(226)) - group-1CD1F78F9E39: The snapshot info is null. Setting the last applied indexto:(t:0, i:~)
2019-09-12 10:20:28,016 [pool-197-thread-1] INFO  server.RaftServerConfigKeys (ConfUtils.java:logGet(43)) - raft.server.leader.election.timeout = 120s (custom)
2019-09-12 10:20:28,016 [pool-197-thread-1] INFO  server.RaftServerConfigKeys (ConfUtils.java:logGet(43)) - raft.server.log.use.memory = false (default)
2019-09-12 10:20:28,016 [pool-197-thread-1] INFO  server.RaftServerConfigKeys (ConfUtils.java:logGet(43)) - raft.server.log.purge.gap = 1000000 (custom)
2019-09-12 10:20:28,016 [pool-197-thread-1] INFO  server.RaftServerConfigKeys (ConfUtils.java:logGet(43)) - raft.server.log.appender.buffer.byte-limit = 33554432 (custom)
2019-09-12 10:20:28,017 [pool-197-thread-1] INFO  server.RaftServerConfigKeys (ConfUtils.java:logGet(43)) - raft.server.log.segment.size.max = 1048576 (custom)
2019-09-12 10:20:28,017 [pool-197-thread-1] INFO  server.RaftServerConfigKeys (ConfUtils.java:logGet(43)) - raft.server.log.segment.cache.num.max = 2 (custom)
2019-09-12 10:20:28,017 [pool-197-thread-1] INFO  segmented.SegmentedRaftLogWorker (SegmentedRaftLogWorker.java:<init>(172)) - new 14a6a790-57eb-4f24-a5aa-1517ce37e105-SegmentedRaftLogWorker:Storage Directory /workdir/hadoop-ozone/integration-test/target/test-dir/MiniOzoneClusterImpl-7916f1df-c498-4717-aca8-2b9cc087c85f/datanode-1/data/ratis/3347857d-7c01-4b65-a64e-1cd1f78f9e39 for RaftStorage:Storage Directory /workdir/hadoop-ozone/integration-test/target/test-dir/MiniOzoneClusterImpl-7916f1df-c498-4717-aca8-2b9cc087c85f/datanode-1/data/ratis/3347857d-7c01-4b65-a64e-1cd1f78f9e39
2019-09-12 10:20:28,017 [pool-197-thread-1] INFO  server.RaftServerConfigKeys (ConfUtils.java:logGet(43)) - raft.server.log.queue.byte-limit = 2147483647 (custom)
2019-09-12 10:20:28,017 [pool-197-thread-1] INFO  server.RaftServerConfigKeys (ConfUtils.java:logGet(43)) - raft.server.log.queue.element-limit = 1024 (custom)
2019-09-12 10:20:28,018 [pool-197-thread-1] INFO  server.RaftServerConfigKeys (ConfUtils.java:logGet(43)) - raft.server.log.segment.size.max = 1048576 (custom)
2019-09-12 10:20:28,018 [pool-197-thread-1] INFO  server.RaftServerConfigKeys (ConfUtils.java:logGet(43)) - raft.server.log.preallocated.size = 16384 (custom)
2019-09-12 10:20:28,018 [pool-197-thread-1] INFO  server.RaftServerConfigKeys (ConfUtils.java:logGet(43)) - raft.server.log.write.buffer.size = 33554432 (custom)
2019-09-12 10:20:28,018 [pool-197-thread-1] INFO  server.RaftServerConfigKeys (ConfUtils.java:logGet(43)) - raft.server.log.force.sync.num = 128 (default)
2019-09-12 10:20:28,018 [pool-197-thread-1] INFO  server.RaftServerConfigKeys (ConfUtils.java:logGet(43)) - raft.server.log.statemachine.data.sync = true (default)
2019-09-12 10:20:28,018 [pool-197-thread-1] INFO  server.RaftServerConfigKeys (ConfUtils.java:logGet(43)) - raft.server.log.statemachine.data.sync.timeout = 10s (default)
2019-09-12 10:20:28,018 [pool-197-thread-1] INFO  server.RaftServerConfigKeys (ConfUtils.java:logGet(43)) - raft.server.log.statemachine.data.sync.timeout.retry = -1 (default)
2019-09-12 10:20:28,019 [pool-197-thread-1] INFO  server.RaftServerConfigKeys (ConfUtils.java:logGet(43)) - raft.server.log.statemachine.data.caching.enabled = true (custom)
2019-09-12 10:20:28,019 [pool-197-thread-1] INFO  segmented.SegmentedRaftLogWorker (SegmentedRaftLogWorker.java:lambda$new$0(132)) - 14a6a790-57eb-4f24-a5aa-1517ce37e105-SegmentedRaftLogWorker:Storage Directory /workdir/hadoop-ozone/integration-test/target/test-dir/MiniOzoneClusterImpl-7916f1df-c498-4717-aca8-2b9cc087c85f/datanode-1/data/ratis/3347857d-7c01-4b65-a64e-1cd1f78f9e39: flushIndex: setUnconditionally 0 -> -1
2019-09-12 10:20:28,019 [pool-197-thread-1] INFO  server.RaftServerConfigKeys (ConfUtils.java:logGet(43)) - raft.server.snapshot.auto.trigger.enabled = true (custom)
2019-09-12 10:20:28,020 [pool-197-thread-1] INFO  server.RaftServerConfigKeys (ConfUtils.java:logGet(43)) - raft.server.snapshot.auto.trigger.threshold = 10000 (custom)
2019-09-12 10:20:28,020 [pool-197-thread-1] INFO  server.RaftServerConfigKeys (ConfUtils.java:logGet(43)) - raft.server.retrycache.expirytime = 600000ms (custom)
2019-09-12 10:20:28,020 [pool-197-thread-1] INFO  impl.RaftServerImpl (RaftServerImpl.java:start(180)) - 14a6a790-57eb-4f24-a5aa-1517ce37e105: start group-1CD1F78F9E39
2019-09-12 10:20:28,020 [pool-197-thread-1] INFO  impl.RaftServerImpl (RaftServerImpl.java:setRole(171)) - 14a6a790-57eb-4f24-a5aa-1517ce37e105:group-1CD1F78F9E39 changes role from null to FOLLOWER at term 0 for startAsFollower
2019-09-12 10:20:28,020 [pool-197-thread-1] INFO  impl.RoleInfo (RoleInfo.java:updateAndGet(143)) - 14a6a790-57eb-4f24-a5aa-1517ce37e105: start FollowerState
2019-09-12 10:20:28,021 [pool-197-thread-1] INFO  util.JmxRegister (JmxRegister.java:tryRegister(44)) - Successfully registered JMX Bean with object name Ratis:service=RaftServer,group=group-1CD1F78F9E39,id=14a6a790-57eb-4f24-a5aa-1517ce37e105
2019-09-12 10:20:28,024 [RatisPipelineUtilsThread] INFO  pipeline.PipelineStateManager (PipelineStateManager.java:addPipeline(56)) - Created pipeline Pipeline[ Id: 3347857d-7c01-4b65-a64e-1cd1f78f9e39, Nodes: 14a6a790-57eb-4f24-a5aa-1517ce37e105{ip: 192.168.157.195, host: pr-hdds-1569-xtfnx-3545843844, networkLocation: /default-rack, certSerialId: null}, Type:RATIS, Factor:ONE, State:OPEN]
2019-09-12 10:20:28,024 [RatisPipelineUtilsThread] ERROR pipeline.PipelinePlacementPolicy (PipelinePlacementPolicy.java:meetCriteria(91)) - Pipeline Placement: Doesn't meet the criteria to be viable node. Heaviness: 6
2019-09-12 10:20:28,029 [grpc-default-executor-0] INFO  impl.RaftServerProxy (RaftServerProxy.java:addNew(89)) - 14a6a790-57eb-4f24-a5aa-1517ce37e105: addNew group-6464A7F84FE4:[14a6a790-57eb-4f24-a5aa-1517ce37e105:192.168.157.195:43901] returns group-6464A7F84FE4:java.util.concurrent.CompletableFuture@7e89ccc[Not completed]
2019-09-12 10:20:28,031 [pool-197-thread-1] INFO  impl.RaftServerImpl (RaftServerImpl.java:<init>(93)) - 14a6a790-57eb-4f24-a5aa-1517ce37e105: new RaftServerImpl for group-6464A7F84FE4:[14a6a790-57eb-4f24-a5aa-1517ce37e105:192.168.157.195:43901] with ContainerStateMachine:uninitialized
2019-09-12 10:20:28,031 [pool-197-thread-1] INFO  server.RaftServerConfigKeys (ConfUtils.java:logGet(43)) - raft.server.rpc.timeout.min = 5s (custom)
2019-09-12 10:20:28,031 [pool-197-thread-1] INFO  server.RaftServerConfigKeys (ConfUtils.java:logGet(43)) - raft.server.rpc.timeout.max = 5200ms (custom)
2019-09-12 10:20:28,031 [pool-197-thread-1] INFO  server.RaftServerConfigKeys (ConfUtils.java:logGet(43)) - raft.server.rpcslowness.timeout = 120s (custom)
2019-09-12 10:20:28,031 [pool-197-thread-1] INFO  server.RaftServerConfigKeys (ConfUtils.java:logGet(43)) - raft.server.sleep.deviation.threshold = 300 (default)
2019-09-12 10:20:28,031 [pool-197-thread-1] INFO  server.RaftServerConfigKeys (ConfUtils.java:logGet(43)) - raft.server.log.appender.install.snapshot.enabled = false (custom)
2019-09-12 10:20:28,031 [pool-197-thread-1] INFO  impl.RaftServerImpl (ServerState.java:<init>(105)) - 14a6a790-57eb-4f24-a5aa-1517ce37e105:group-6464A7F84FE4 ConfigurationManager, init=-1: [14a6a790-57eb-4f24-a5aa-1517ce37e105:192.168.157.195:43901], old=null, confs=<EMPTY_MAP>
2019-09-12 10:20:28,032 [pool-197-thread-1] INFO  server.RaftServerConfigKeys (ConfUtils.java:logGet(43)) - raft.server.storage.dir = [/workdir/hadoop-ozone/integration-test/target/test-dir/MiniOzoneClusterImpl-7916f1df-c498-4717-aca8-2b9cc087c85f/datanode-1/data/ratis] (custom)
2019-09-12 10:20:28,032 [pool-197-thread-1] INFO  storage.RaftStorageDirectory (RaftStorageDirectory.java:analyzeStorage(246)) - The storage directory /workdir/hadoop-ozone/integration-test/target/test-dir/MiniOzoneClusterImpl-7916f1df-c498-4717-aca8-2b9cc087c85f/datanode-1/data/ratis/10796a8f-14a0-4086-b11a-6464a7f84fe4 does not exist. Creating ...
2019-09-12 10:20:28,048 [pool-197-thread-1] INFO  storage.RaftStorageDirectory (RaftStorageDirectory.java:tryLock(328)) - Lock on /workdir/hadoop-ozone/integration-test/target/test-dir/MiniOzoneClusterImpl-7916f1df-c498-4717-aca8-2b9cc087c85f/datanode-1/data/ratis/10796a8f-14a0-4086-b11a-6464a7f84fe4/in_use.lock acquired by nodename 9433@pr-hdds-1569-xtfnx-3545843844
2019-09-12 10:20:28,061 [pool-197-thread-1] INFO  storage.RaftStorage (RaftStorage.java:format(72)) - Storage directory /workdir/hadoop-ozone/integration-test/target/test-dir/MiniOzoneClusterImpl-7916f1df-c498-4717-aca8-2b9cc087c85f/datanode-1/data/ratis/10796a8f-14a0-4086-b11a-6464a7f84fe4 has been successfully formatted.
2019-09-12 10:20:28,061 [pool-197-thread-1] INFO  ratis.ContainerStateMachine (ContainerStateMachine.java:loadSnapshot(226)) - group-6464A7F84FE4: The snapshot info is null. Setting the last applied indexto:(t:0, i:~)
2019-09-12 10:20:28,061 [pool-197-thread-1] INFO  server.RaftServerConfigKeys (ConfUtils.java:logGet(43)) - raft.server.leader.election.timeout = 120s (custom)
2019-09-12 10:20:28,061 [pool-197-thread-1] INFO  server.RaftServerConfigKeys (ConfUtils.java:logGet(43)) - raft.server.log.use.memory = false (default)
2019-09-12 10:20:28,062 [pool-197-thread-1] INFO  server.RaftServerConfigKeys (ConfUtils.java:logGet(43)) - raft.server.log.purge.gap = 1000000 (custom)
2019-09-12 10:20:28,062 [pool-197-thread-1] INFO  server.RaftServerConfigKeys (ConfUtils.java:logGet(43)) - raft.server.log.appender.buffer.byte-limit = 33554432 (custom)
2019-09-12 10:20:28,062 [pool-197-thread-1] INFO  server.RaftServerConfigKeys (ConfUtils.java:logGet(43)) - raft.server.log.segment.size.max = 1048576 (custom)
2019-09-12 10:20:28,062 [pool-197-thread-1] INFO  server.RaftServerConfigKeys (ConfUtils.java:logGet(43)) - raft.server.log.segment.cache.num.max = 2 (custom)
2019-09-12 10:20:28,062 [pool-197-thread-1] INFO  segmented.SegmentedRaftLogWorker (SegmentedRaftLogWorker.java:<init>(172)) - new 14a6a790-57eb-4f24-a5aa-1517ce37e105-SegmentedRaftLogWorker:Storage Directory /workdir/hadoop-ozone/integration-test/target/test-dir/MiniOzoneClusterImpl-7916f1df-c498-4717-aca8-2b9cc087c85f/datanode-1/data/ratis/10796a8f-14a0-4086-b11a-6464a7f84fe4 for RaftStorage:Storage Directory /workdir/hadoop-ozone/integration-test/target/test-dir/MiniOzoneClusterImpl-7916f1df-c498-4717-aca8-2b9cc087c85f/datanode-1/data/ratis/10796a8f-14a0-4086-b11a-6464a7f84fe4
2019-09-12 10:20:28,062 [pool-197-thread-1] INFO  server.RaftServerConfigKeys (ConfUtils.java:logGet(43)) - raft.server.log.queue.byte-limit = 2147483647 (custom)
2019-09-12 10:20:28,063 [pool-197-thread-1] INFO  server.RaftServerConfigKeys (ConfUtils.java:logGet(43)) - raft.server.log.queue.element-limit = 1024 (custom)
2019-09-12 10:20:28,063 [pool-197-thread-1] INFO  server.RaftServerConfigKeys (ConfUtils.java:logGet(43)) - raft.server.log.segment.size.max = 1048576 (custom)
2019-09-12 10:20:28,063 [pool-197-thread-1] INFO  server.RaftServerConfigKeys (ConfUtils.java:logGet(43)) - raft.server.log.preallocated.size = 16384 (custom)
2019-09-12 10:20:28,063 [pool-197-thread-1] INFO  server.RaftServerConfigKeys (ConfUtils.java:logGet(43)) - raft.server.log.write.buffer.size = 33554432 (custom)
2019-09-12 10:20:28,063 [pool-197-thread-1] INFO  server.RaftServerConfigKeys (ConfUtils.java:logGet(43)) - raft.server.log.force.sync.num = 128 (default)
2019-09-12 10:20:28,063 [pool-197-thread-1] INFO  server.RaftServerConfigKeys (ConfUtils.java:logGet(43)) - raft.server.log.statemachine.data.sync = true (default)
2019-09-12 10:20:28,063 [pool-197-thread-1] INFO  server.RaftServerConfigKeys (ConfUtils.java:logGet(43)) - raft.server.log.statemachine.data.sync.timeout = 10s (default)
2019-09-12 10:20:28,064 [pool-197-thread-1] INFO  server.RaftServerConfigKeys (ConfUtils.java:logGet(43)) - raft.server.log.statemachine.data.sync.timeout.retry = -1 (default)
2019-09-12 10:20:28,064 [pool-197-thread-1] INFO  server.RaftServerConfigKeys (ConfUtils.java:logGet(43)) - raft.server.log.statemachine.data.caching.enabled = true (custom)
2019-09-12 10:20:28,064 [pool-197-thread-1] INFO  segmented.SegmentedRaftLogWorker (SegmentedRaftLogWorker.java:lambda$new$0(132)) - 14a6a790-57eb-4f24-a5aa-1517ce37e105-SegmentedRaftLogWorker:Storage Directory /workdir/hadoop-ozone/integration-test/target/test-dir/MiniOzoneClusterImpl-7916f1df-c498-4717-aca8-2b9cc087c85f/datanode-1/data/ratis/10796a8f-14a0-4086-b11a-6464a7f84fe4: flushIndex: setUnconditionally 0 -> -1
2019-09-12 10:20:28,064 [pool-197-thread-1] INFO  server.RaftServerConfigKeys (ConfUtils.java:logGet(43)) - raft.server.snapshot.auto.trigger.enabled = true (custom)
2019-09-12 10:20:28,065 [pool-197-thread-1] INFO  server.RaftServerConfigKeys (ConfUtils.java:logGet(43)) - raft.server.snapshot.auto.trigger.threshold = 10000 (custom)
2019-09-12 10:20:28,065 [pool-197-thread-1] INFO  server.RaftServerConfigKeys (ConfUtils.java:logGet(43)) - raft.server.retrycache.expirytime = 600000ms (custom)
2019-09-12 10:20:28,065 [pool-197-thread-1] INFO  impl.RaftServerImpl (RaftServerImpl.java:start(180)) - 14a6a790-57eb-4f24-a5aa-1517ce37e105: start group-6464A7F84FE4
2019-09-12 10:20:28,065 [pool-197-thread-1] INFO  impl.RaftServerImpl (RaftServerImpl.java:setRole(171)) - 14a6a790-57eb-4f24-a5aa-1517ce37e105:group-6464A7F84FE4 changes role from null to FOLLOWER at term 0 for startAsFollower
2019-09-12 10:20:28,065 [pool-197-thread-1] INFO  impl.RoleInfo (RoleInfo.java:updateAndGet(143)) - 14a6a790-57eb-4f24-a5aa-1517ce37e105: start FollowerState
2019-09-12 10:20:28,066 [pool-197-thread-1] INFO  util.JmxRegister (JmxRegister.java:tryRegister(44)) - Successfully registered JMX Bean with object name Ratis:service=RaftServer,group=group-6464A7F84FE4,id=14a6a790-57eb-4f24-a5aa-1517ce37e105
2019-09-12 10:20:28,069 [RatisPipelineUtilsThread] INFO  pipeline.PipelineStateManager (PipelineStateManager.java:addPipeline(56)) - Created pipeline Pipeline[ Id: 10796a8f-14a0-4086-b11a-6464a7f84fe4, Nodes: 14a6a790-57eb-4f24-a5aa-1517ce37e105{ip: 192.168.157.195, host: pr-hdds-1569-xtfnx-3545843844, networkLocation: /default-rack, certSerialId: null}, Type:RATIS, Factor:ONE, State:OPEN]
2019-09-12 10:20:28,069 [RatisPipelineUtilsThread] ERROR pipeline.PipelinePlacementPolicy (PipelinePlacementPolicy.java:meetCriteria(91)) - Pipeline Placement: Doesn't meet the criteria to be viable node. Heaviness: 6
2019-09-12 10:20:28,074 [grpc-default-executor-0] INFO  impl.RaftServerProxy (RaftServerProxy.java:addNew(89)) - 14a6a790-57eb-4f24-a5aa-1517ce37e105: addNew group-CF69D123A47A:[14a6a790-57eb-4f24-a5aa-1517ce37e105:192.168.157.195:43901] returns group-CF69D123A47A:java.util.concurrent.CompletableFuture@43054cbc[Not completed]
2019-09-12 10:20:28,075 [pool-197-thread-1] INFO  impl.RaftServerImpl (RaftServerImpl.java:<init>(93)) - 14a6a790-57eb-4f24-a5aa-1517ce37e105: new RaftServerImpl for group-CF69D123A47A:[14a6a790-57eb-4f24-a5aa-1517ce37e105:192.168.157.195:43901] with ContainerStateMachine:uninitialized
2019-09-12 10:20:28,076 [pool-197-thread-1] INFO  server.RaftServerConfigKeys (ConfUtils.java:logGet(43)) - raft.server.rpc.timeout.min = 5s (custom)
2019-09-12 10:20:28,076 [pool-197-thread-1] INFO  server.RaftServerConfigKeys (ConfUtils.java:logGet(43)) - raft.server.rpc.timeout.max = 5200ms (custom)
2019-09-12 10:20:28,076 [pool-197-thread-1] INFO  server.RaftServerConfigKeys (ConfUtils.java:logGet(43)) - raft.server.rpcslowness.timeout = 120s (custom)
2019-09-12 10:20:28,076 [pool-197-thread-1] INFO  server.RaftServerConfigKeys (ConfUtils.java:logGet(43)) - raft.server.sleep.deviation.threshold = 300 (default)
2019-09-12 10:20:28,076 [pool-197-thread-1] INFO  server.RaftServerConfigKeys (ConfUtils.java:logGet(43)) - raft.server.log.appender.install.snapshot.enabled = false (custom)
2019-09-12 10:20:28,076 [pool-197-thread-1] INFO  impl.RaftServerImpl (ServerState.java:<init>(105)) - 14a6a790-57eb-4f24-a5aa-1517ce37e105:group-CF69D123A47A ConfigurationManager, init=-1: [14a6a790-57eb-4f24-a5aa-1517ce37e105:192.168.157.195:43901], old=null, confs=<EMPTY_MAP>
2019-09-12 10:20:28,077 [pool-197-thread-1] INFO  server.RaftServerConfigKeys (ConfUtils.java:logGet(43)) - raft.server.storage.dir = [/workdir/hadoop-ozone/integration-test/target/test-dir/MiniOzoneClusterImpl-7916f1df-c498-4717-aca8-2b9cc087c85f/datanode-1/data/ratis] (custom)
2019-09-12 10:20:28,077 [pool-197-thread-1] INFO  storage.RaftStorageDirectory (RaftStorageDirectory.java:analyzeStorage(246)) - The storage directory /workdir/hadoop-ozone/integration-test/target/test-dir/MiniOzoneClusterImpl-7916f1df-c498-4717-aca8-2b9cc087c85f/datanode-1/data/ratis/0487a27d-baea-4455-bf21-cf69d123a47a does not exist. Creating ...
2019-09-12 10:20:28,098 [pool-197-thread-1] INFO  storage.RaftStorageDirectory (RaftStorageDirectory.java:tryLock(328)) - Lock on /workdir/hadoop-ozone/integration-test/target/test-dir/MiniOzoneClusterImpl-7916f1df-c498-4717-aca8-2b9cc087c85f/datanode-1/data/ratis/0487a27d-baea-4455-bf21-cf69d123a47a/in_use.lock acquired by nodename 9433@pr-hdds-1569-xtfnx-3545843844
2019-09-12 10:20:28,112 [pool-197-thread-1] INFO  storage.RaftStorage (RaftStorage.java:format(72)) - Storage directory /workdir/hadoop-ozone/integration-test/target/test-dir/MiniOzoneClusterImpl-7916f1df-c498-4717-aca8-2b9cc087c85f/datanode-1/data/ratis/0487a27d-baea-4455-bf21-cf69d123a47a has been successfully formatted.
2019-09-12 10:20:28,112 [pool-197-thread-1] INFO  ratis.ContainerStateMachine (ContainerStateMachine.java:loadSnapshot(226)) - group-CF69D123A47A: The snapshot info is null. Setting the last applied indexto:(t:0, i:~)
2019-09-12 10:20:28,112 [pool-197-thread-1] INFO  server.RaftServerConfigKeys (ConfUtils.java:logGet(43)) - raft.server.leader.election.timeout = 120s (custom)
2019-09-12 10:20:28,112 [pool-197-thread-1] INFO  server.RaftServerConfigKeys (ConfUtils.java:logGet(43)) - raft.server.log.use.memory = false (default)
2019-09-12 10:20:28,112 [pool-197-thread-1] INFO  server.RaftServerConfigKeys (ConfUtils.java:logGet(43)) - raft.server.log.purge.gap = 1000000 (custom)
2019-09-12 10:20:28,112 [pool-197-thread-1] INFO  server.RaftServerConfigKeys (ConfUtils.java:logGet(43)) - raft.server.log.appender.buffer.byte-limit = 33554432 (custom)
2019-09-12 10:20:28,113 [pool-197-thread-1] INFO  server.RaftServerConfigKeys (ConfUtils.java:logGet(43)) - raft.server.log.segment.size.max = 1048576 (custom)
2019-09-12 10:20:28,113 [pool-197-thread-1] INFO  server.RaftServerConfigKeys (ConfUtils.java:logGet(43)) - raft.server.log.segment.cache.num.max = 2 (custom)
2019-09-12 10:20:28,113 [pool-197-thread-1] INFO  segmented.SegmentedRaftLogWorker (SegmentedRaftLogWorker.java:<init>(172)) - new 14a6a790-57eb-4f24-a5aa-1517ce37e105-SegmentedRaftLogWorker:Storage Directory /workdir/hadoop-ozone/integration-test/target/test-dir/MiniOzoneClusterImpl-7916f1df-c498-4717-aca8-2b9cc087c85f/datanode-1/data/ratis/0487a27d-baea-4455-bf21-cf69d123a47a for RaftStorage:Storage Directory /workdir/hadoop-ozone/integration-test/target/test-dir/MiniOzoneClusterImpl-7916f1df-c498-4717-aca8-2b9cc087c85f/datanode-1/data/ratis/0487a27d-baea-4455-bf21-cf69d123a47a
2019-09-12 10:20:28,113 [pool-197-thread-1] INFO  server.RaftServerConfigKeys (ConfUtils.java:logGet(43)) - raft.server.log.queue.byte-limit = 2147483647 (custom)
2019-09-12 10:20:28,113 [pool-197-thread-1] INFO  server.RaftServerConfigKeys (ConfUtils.java:logGet(43)) - raft.server.log.queue.element-limit = 1024 (custom)
2019-09-12 10:20:28,113 [pool-197-thread-1] INFO  server.RaftServerConfigKeys (ConfUtils.java:logGet(43)) - raft.server.log.segment.size.max = 1048576 (custom)
2019-09-12 10:20:28,113 [main] INFO  ozone.MiniOzoneClusterImpl (MiniOzoneClusterImpl.java:lambda$waitForClusterToBeReady$0(142)) - Waiting for cluster to be ready. Got 2 of 3 DN Heartbeats.
2019-09-12 10:20:28,113 [pool-197-thread-1] INFO  server.RaftServerConfigKeys (ConfUtils.java:logGet(43)) - raft.server.log.preallocated.size = 16384 (custom)
2019-09-12 10:20:28,116 [pool-197-thread-1] INFO  server.RaftServerConfigKeys (ConfUtils.java:logGet(43)) - raft.server.log.write.buffer.size = 33554432 (custom)
2019-09-12 10:20:28,116 [pool-197-thread-1] INFO  server.RaftServerConfigKeys (ConfUtils.java:logGet(43)) - raft.server.log.force.sync.num = 128 (default)
2019-09-12 10:20:28,116 [pool-197-thread-1] INFO  server.RaftServerConfigKeys (ConfUtils.java:logGet(43)) - raft.server.log.statemachine.data.sync = true (default)
2019-09-12 10:20:28,117 [pool-197-thread-1] INFO  server.RaftServerConfigKeys (ConfUtils.java:logGet(43)) - raft.server.log.statemachine.data.sync.timeout = 10s (default)
2019-09-12 10:20:28,117 [pool-197-thread-1] INFO  server.RaftServerConfigKeys (ConfUtils.java:logGet(43)) - raft.server.log.statemachine.data.sync.timeout.retry = -1 (default)
2019-09-12 10:20:28,117 [IPC Server handler 3 on 43651] INFO  net.NetworkTopology (NetworkTopologyImpl.java:add(110)) - Added a new node: /default-rack/e7d5f4a9-6e89-4f9e-9e88-8a026c08c92b
2019-09-12 10:20:28,117 [pool-197-thread-1] INFO  server.RaftServerConfigKeys (ConfUtils.java:logGet(43)) - raft.server.log.statemachine.data.caching.enabled = true (custom)
2019-09-12 10:20:28,117 [IPC Server handler 3 on 43651] INFO  node.SCMNodeManager (SCMNodeManager.java:register(273)) - Registered Data node : e7d5f4a9-6e89-4f9e-9e88-8a026c08c92b{ip: 192.168.157.195, host: pr-hdds-1569-xtfnx-3545843844, networkLocation: /default-rack, certSerialId: null}
2019-09-12 10:20:28,117 [pool-197-thread-1] INFO  segmented.SegmentedRaftLogWorker (SegmentedRaftLogWorker.java:lambda$new$0(132)) - 14a6a790-57eb-4f24-a5aa-1517ce37e105-SegmentedRaftLogWorker:Storage Directory /workdir/hadoop-ozone/integration-test/target/test-dir/MiniOzoneClusterImpl-7916f1df-c498-4717-aca8-2b9cc087c85f/datanode-1/data/ratis/0487a27d-baea-4455-bf21-cf69d123a47a: flushIndex: setUnconditionally 0 -> -1
2019-09-12 10:20:28,118 [pool-197-thread-1] INFO  server.RaftServerConfigKeys (ConfUtils.java:logGet(43)) - raft.server.snapshot.auto.trigger.enabled = true (custom)
2019-09-12 10:20:28,118 | INFO  | SCMAudit | user=jenkins1000 | ip=192.168.157.195 | op=REGISTER {datanodeDetails=e7d5f4a9-6e89-4f9e-9e88-8a026c08c92b{ip: 192.168.157.195, host: pr-hdds-1569-xtfnx-3545843844, networkLocation: /default-rack, certSerialId: null}} | ret=SUCCESS |  
2019-09-12 10:20:28,118 [pool-197-thread-1] INFO  server.RaftServerConfigKeys (ConfUtils.java:logGet(43)) - raft.server.snapshot.auto.trigger.threshold = 10000 (custom)
2019-09-12 10:20:28,118 [pool-197-thread-1] INFO  server.RaftServerConfigKeys (ConfUtils.java:logGet(43)) - raft.server.retrycache.expirytime = 600000ms (custom)
2019-09-12 10:20:28,118 [pool-197-thread-1] INFO  impl.RaftServerImpl (RaftServerImpl.java:start(180)) - 14a6a790-57eb-4f24-a5aa-1517ce37e105: start group-CF69D123A47A
2019-09-12 10:20:28,118 [pool-197-thread-1] INFO  impl.RaftServerImpl (RaftServerImpl.java:setRole(171)) - 14a6a790-57eb-4f24-a5aa-1517ce37e105:group-CF69D123A47A changes role from null to FOLLOWER at term 0 for startAsFollower
2019-09-12 10:20:28,118 [pool-197-thread-1] INFO  impl.RoleInfo (RoleInfo.java:updateAndGet(143)) - 14a6a790-57eb-4f24-a5aa-1517ce37e105: start FollowerState
2019-09-12 10:20:28,119 [pool-197-thread-1] INFO  util.JmxRegister (JmxRegister.java:tryRegister(44)) - Successfully registered JMX Bean with object name Ratis:service=RaftServer,group=group-CF69D123A47A,id=14a6a790-57eb-4f24-a5aa-1517ce37e105
2019-09-12 10:20:28,121 [RatisPipelineUtilsThread] INFO  pipeline.PipelineStateManager (PipelineStateManager.java:addPipeline(56)) - Created pipeline Pipeline[ Id: 0487a27d-baea-4455-bf21-cf69d123a47a, Nodes: 14a6a790-57eb-4f24-a5aa-1517ce37e105{ip: 192.168.157.195, host: pr-hdds-1569-xtfnx-3545843844, networkLocation: /default-rack, certSerialId: null}, Type:RATIS, Factor:ONE, State:OPEN]
2019-09-12 10:20:28,121 [RatisPipelineUtilsThread] ERROR pipeline.PipelinePlacementPolicy (PipelinePlacementPolicy.java:meetCriteria(91)) - Pipeline Placement: Doesn't meet the criteria to be viable node. Heaviness: 6
2019-09-12 10:20:28,128 [grpc-default-executor-0] INFO  impl.RaftServerProxy (RaftServerProxy.java:addNew(89)) - 14a6a790-57eb-4f24-a5aa-1517ce37e105: addNew group-9E53DF04DF51:[14a6a790-57eb-4f24-a5aa-1517ce37e105:192.168.157.195:43901] returns group-9E53DF04DF51:java.util.concurrent.CompletableFuture@12023d63[Not completed]
2019-09-12 10:20:28,129 [pool-197-thread-1] INFO  impl.RaftServerImpl (RaftServerImpl.java:<init>(93)) - 14a6a790-57eb-4f24-a5aa-1517ce37e105: new RaftServerImpl for group-9E53DF04DF51:[14a6a790-57eb-4f24-a5aa-1517ce37e105:192.168.157.195:43901] with ContainerStateMachine:uninitialized
2019-09-12 10:20:28,129 [pool-197-thread-1] INFO  server.RaftServerConfigKeys (ConfUtils.java:logGet(43)) - raft.server.rpc.timeout.min = 5s (custom)
2019-09-12 10:20:28,129 [pool-197-thread-1] INFO  server.RaftServerConfigKeys (ConfUtils.java:logGet(43)) - raft.server.rpc.timeout.max = 5200ms (custom)
2019-09-12 10:20:28,129 [pool-197-thread-1] INFO  server.RaftServerConfigKeys (ConfUtils.java:logGet(43)) - raft.server.rpcslowness.timeout = 120s (custom)
2019-09-12 10:20:28,129 [pool-197-thread-1] INFO  server.RaftServerConfigKeys (ConfUtils.java:logGet(43)) - raft.server.sleep.deviation.threshold = 300 (default)
2019-09-12 10:20:28,129 [pool-197-thread-1] INFO  server.RaftServerConfigKeys (ConfUtils.java:logGet(43)) - raft.server.log.appender.install.snapshot.enabled = false (custom)
2019-09-12 10:20:28,129 [pool-197-thread-1] INFO  impl.RaftServerImpl (ServerState.java:<init>(105)) - 14a6a790-57eb-4f24-a5aa-1517ce37e105:group-9E53DF04DF51 ConfigurationManager, init=-1: [14a6a790-57eb-4f24-a5aa-1517ce37e105:192.168.157.195:43901], old=null, confs=<EMPTY_MAP>
2019-09-12 10:20:28,129 [pool-197-thread-1] INFO  server.RaftServerConfigKeys (ConfUtils.java:logGet(43)) - raft.server.storage.dir = [/workdir/hadoop-ozone/integration-test/target/test-dir/MiniOzoneClusterImpl-7916f1df-c498-4717-aca8-2b9cc087c85f/datanode-1/data/ratis] (custom)
2019-09-12 10:20:28,130 [pool-197-thread-1] INFO  storage.RaftStorageDirectory (RaftStorageDirectory.java:analyzeStorage(246)) - The storage directory /workdir/hadoop-ozone/integration-test/target/test-dir/MiniOzoneClusterImpl-7916f1df-c498-4717-aca8-2b9cc087c85f/datanode-1/data/ratis/c0708f85-6862-443c-a360-9e53df04df51 does not exist. Creating ...
2019-09-12 10:20:28,141 [pool-197-thread-1] INFO  storage.RaftStorageDirectory (RaftStorageDirectory.java:tryLock(328)) - Lock on /workdir/hadoop-ozone/integration-test/target/test-dir/MiniOzoneClusterImpl-7916f1df-c498-4717-aca8-2b9cc087c85f/datanode-1/data/ratis/c0708f85-6862-443c-a360-9e53df04df51/in_use.lock acquired by nodename 9433@pr-hdds-1569-xtfnx-3545843844
2019-09-12 10:20:28,153 [pool-197-thread-1] INFO  storage.RaftStorage (RaftStorage.java:format(72)) - Storage directory /workdir/hadoop-ozone/integration-test/target/test-dir/MiniOzoneClusterImpl-7916f1df-c498-4717-aca8-2b9cc087c85f/datanode-1/data/ratis/c0708f85-6862-443c-a360-9e53df04df51 has been successfully formatted.
2019-09-12 10:20:28,153 [pool-197-thread-1] INFO  ratis.ContainerStateMachine (ContainerStateMachine.java:loadSnapshot(226)) - group-9E53DF04DF51: The snapshot info is null. Setting the last applied indexto:(t:0, i:~)
2019-09-12 10:20:28,153 [pool-197-thread-1] INFO  server.RaftServerConfigKeys (ConfUtils.java:logGet(43)) - raft.server.leader.election.timeout = 120s (custom)
2019-09-12 10:20:28,154 [pool-197-thread-1] INFO  server.RaftServerConfigKeys (ConfUtils.java:logGet(43)) - raft.server.log.use.memory = false (default)
2019-09-12 10:20:28,154 [pool-197-thread-1] INFO  server.RaftServerConfigKeys (ConfUtils.java:logGet(43)) - raft.server.log.purge.gap = 1000000 (custom)
2019-09-12 10:20:28,154 [pool-197-thread-1] INFO  server.RaftServerConfigKeys (ConfUtils.java:logGet(43)) - raft.server.log.appender.buffer.byte-limit = 33554432 (custom)
2019-09-12 10:20:28,154 [pool-197-thread-1] INFO  server.RaftServerConfigKeys (ConfUtils.java:logGet(43)) - raft.server.log.segment.size.max = 1048576 (custom)
2019-09-12 10:20:28,154 [pool-197-thread-1] INFO  server.RaftServerConfigKeys (ConfUtils.java:logGet(43)) - raft.server.log.segment.cache.num.max = 2 (custom)
2019-09-12 10:20:28,154 [pool-197-thread-1] INFO  segmented.SegmentedRaftLogWorker (SegmentedRaftLogWorker.java:<init>(172)) - new 14a6a790-57eb-4f24-a5aa-1517ce37e105-SegmentedRaftLogWorker:Storage Directory /workdir/hadoop-ozone/integration-test/target/test-dir/MiniOzoneClusterImpl-7916f1df-c498-4717-aca8-2b9cc087c85f/datanode-1/data/ratis/c0708f85-6862-443c-a360-9e53df04df51 for RaftStorage:Storage Directory /workdir/hadoop-ozone/integration-test/target/test-dir/MiniOzoneClusterImpl-7916f1df-c498-4717-aca8-2b9cc087c85f/datanode-1/data/ratis/c0708f85-6862-443c-a360-9e53df04df51
2019-09-12 10:20:28,155 [pool-197-thread-1] INFO  server.RaftServerConfigKeys (ConfUtils.java:logGet(43)) - raft.server.log.queue.byte-limit = 2147483647 (custom)
2019-09-12 10:20:28,155 [pool-197-thread-1] INFO  server.RaftServerConfigKeys (ConfUtils.java:logGet(43)) - raft.server.log.queue.element-limit = 1024 (custom)
2019-09-12 10:20:28,155 [pool-197-thread-1] INFO  server.RaftServerConfigKeys (ConfUtils.java:logGet(43)) - raft.server.log.segment.size.max = 1048576 (custom)
2019-09-12 10:20:28,155 [pool-197-thread-1] INFO  server.RaftServerConfigKeys (ConfUtils.java:logGet(43)) - raft.server.log.preallocated.size = 16384 (custom)
2019-09-12 10:20:28,155 [pool-197-thread-1] INFO  server.RaftServerConfigKeys (ConfUtils.java:logGet(43)) - raft.server.log.write.buffer.size = 33554432 (custom)
2019-09-12 10:20:28,155 [pool-197-thread-1] INFO  server.RaftServerConfigKeys (ConfUtils.java:logGet(43)) - raft.server.log.force.sync.num = 128 (default)
2019-09-12 10:20:28,155 [pool-197-thread-1] INFO  server.RaftServerConfigKeys (ConfUtils.java:logGet(43)) - raft.server.log.statemachine.data.sync = true (default)
2019-09-12 10:20:28,156 [pool-197-thread-1] INFO  server.RaftServerConfigKeys (ConfUtils.java:logGet(43)) - raft.server.log.statemachine.data.sync.timeout = 10s (default)
2019-09-12 10:20:28,156 [pool-197-thread-1] INFO  server.RaftServerConfigKeys (ConfUtils.java:logGet(43)) - raft.server.log.statemachine.data.sync.timeout.retry = -1 (default)
2019-09-12 10:20:28,156 [pool-197-thread-1] INFO  server.RaftServerConfigKeys (ConfUtils.java:logGet(43)) - raft.server.log.statemachine.data.caching.enabled = true (custom)
2019-09-12 10:20:28,156 [pool-197-thread-1] INFO  segmented.SegmentedRaftLogWorker (SegmentedRaftLogWorker.java:lambda$new$0(132)) - 14a6a790-57eb-4f24-a5aa-1517ce37e105-SegmentedRaftLogWorker:Storage Directory /workdir/hadoop-ozone/integration-test/target/test-dir/MiniOzoneClusterImpl-7916f1df-c498-4717-aca8-2b9cc087c85f/datanode-1/data/ratis/c0708f85-6862-443c-a360-9e53df04df51: flushIndex: setUnconditionally 0 -> -1
2019-09-12 10:20:28,156 [pool-197-thread-1] INFO  server.RaftServerConfigKeys (ConfUtils.java:logGet(43)) - raft.server.snapshot.auto.trigger.enabled = true (custom)
2019-09-12 10:20:28,157 [pool-197-thread-1] INFO  server.RaftServerConfigKeys (ConfUtils.java:logGet(43)) - raft.server.snapshot.auto.trigger.threshold = 10000 (custom)
2019-09-12 10:20:28,157 [pool-197-thread-1] INFO  server.RaftServerConfigKeys (ConfUtils.java:logGet(43)) - raft.server.retrycache.expirytime = 600000ms (custom)
2019-09-12 10:20:28,157 [pool-197-thread-1] INFO  impl.RaftServerImpl (RaftServerImpl.java:start(180)) - 14a6a790-57eb-4f24-a5aa-1517ce37e105: start group-9E53DF04DF51
2019-09-12 10:20:28,157 [pool-197-thread-1] INFO  impl.RaftServerImpl (RaftServerImpl.java:setRole(171)) - 14a6a790-57eb-4f24-a5aa-1517ce37e105:group-9E53DF04DF51 changes role from null to FOLLOWER at term 0 for startAsFollower
2019-09-12 10:20:28,157 [pool-197-thread-1] INFO  impl.RoleInfo (RoleInfo.java:updateAndGet(143)) - 14a6a790-57eb-4f24-a5aa-1517ce37e105: start FollowerState
2019-09-12 10:20:28,158 [pool-197-thread-1] INFO  util.JmxRegister (JmxRegister.java:tryRegister(44)) - Successfully registered JMX Bean with object name Ratis:service=RaftServer,group=group-9E53DF04DF51,id=14a6a790-57eb-4f24-a5aa-1517ce37e105
2019-09-12 10:20:28,162 [RatisPipelineUtilsThread] INFO  pipeline.PipelineStateManager (PipelineStateManager.java:addPipeline(56)) - Created pipeline Pipeline[ Id: c0708f85-6862-443c-a360-9e53df04df51, Nodes: 14a6a790-57eb-4f24-a5aa-1517ce37e105{ip: 192.168.157.195, host: pr-hdds-1569-xtfnx-3545843844, networkLocation: /default-rack, certSerialId: null}, Type:RATIS, Factor:ONE, State:OPEN]
2019-09-12 10:20:28,162 [RatisPipelineUtilsThread] ERROR pipeline.PipelinePlacementPolicy (PipelinePlacementPolicy.java:meetCriteria(91)) - Pipeline Placement: Doesn't meet the criteria to be viable node. Heaviness: 6
2019-09-12 10:20:28,170 [grpc-default-executor-0] INFO  impl.RaftServerProxy (RaftServerProxy.java:addNew(89)) - e7d5f4a9-6e89-4f9e-9e88-8a026c08c92b: addNew group-14F9BBC2BA24:[e7d5f4a9-6e89-4f9e-9e88-8a026c08c92b:192.168.157.195:44061] returns group-14F9BBC2BA24:java.util.concurrent.CompletableFuture@3b6a976a[Not completed]
2019-09-12 10:20:28,171 [pool-208-thread-1] INFO  impl.RaftServerImpl (RaftServerImpl.java:<init>(93)) - e7d5f4a9-6e89-4f9e-9e88-8a026c08c92b: new RaftServerImpl for group-14F9BBC2BA24:[e7d5f4a9-6e89-4f9e-9e88-8a026c08c92b:192.168.157.195:44061] with ContainerStateMachine:uninitialized
2019-09-12 10:20:28,171 [pool-208-thread-1] INFO  server.RaftServerConfigKeys (ConfUtils.java:logGet(43)) - raft.server.rpc.timeout.min = 5s (custom)
2019-09-12 10:20:28,171 [pool-208-thread-1] INFO  server.RaftServerConfigKeys (ConfUtils.java:logGet(43)) - raft.server.rpc.timeout.max = 5200ms (custom)
2019-09-12 10:20:28,172 [pool-208-thread-1] INFO  server.RaftServerConfigKeys (ConfUtils.java:logGet(43)) - raft.server.rpcslowness.timeout = 120s (custom)
2019-09-12 10:20:28,172 [pool-208-thread-1] INFO  server.RaftServerConfigKeys (ConfUtils.java:logGet(43)) - raft.server.sleep.deviation.threshold = 300 (default)
2019-09-12 10:20:28,172 [pool-208-thread-1] INFO  server.RaftServerConfigKeys (ConfUtils.java:logGet(43)) - raft.server.log.appender.install.snapshot.enabled = false (custom)
2019-09-12 10:20:28,172 [pool-208-thread-1] INFO  impl.RaftServerImpl (ServerState.java:<init>(105)) - e7d5f4a9-6e89-4f9e-9e88-8a026c08c92b:group-14F9BBC2BA24 ConfigurationManager, init=-1: [e7d5f4a9-6e89-4f9e-9e88-8a026c08c92b:192.168.157.195:44061], old=null, confs=<EMPTY_MAP>
2019-09-12 10:20:28,172 [pool-208-thread-1] INFO  server.RaftServerConfigKeys (ConfUtils.java:logGet(43)) - raft.server.storage.dir = [/workdir/hadoop-ozone/integration-test/target/test-dir/MiniOzoneClusterImpl-7916f1df-c498-4717-aca8-2b9cc087c85f/datanode-2/data/ratis] (custom)
2019-09-12 10:20:28,173 [pool-208-thread-1] INFO  storage.RaftStorageDirectory (RaftStorageDirectory.java:analyzeStorage(246)) - The storage directory /workdir/hadoop-ozone/integration-test/target/test-dir/MiniOzoneClusterImpl-7916f1df-c498-4717-aca8-2b9cc087c85f/datanode-2/data/ratis/2cdf8a02-3189-4995-8468-14f9bbc2ba24 does not exist. Creating ...
2019-09-12 10:20:28,184 [pool-208-thread-1] INFO  storage.RaftStorageDirectory (RaftStorageDirectory.java:tryLock(328)) - Lock on /workdir/hadoop-ozone/integration-test/target/test-dir/MiniOzoneClusterImpl-7916f1df-c498-4717-aca8-2b9cc087c85f/datanode-2/data/ratis/2cdf8a02-3189-4995-8468-14f9bbc2ba24/in_use.lock acquired by nodename 9433@pr-hdds-1569-xtfnx-3545843844
2019-09-12 10:20:28,188 [pool-208-thread-1] INFO  storage.RaftStorage (RaftStorage.java:format(72)) - Storage directory /workdir/hadoop-ozone/integration-test/target/test-dir/MiniOzoneClusterImpl-7916f1df-c498-4717-aca8-2b9cc087c85f/datanode-2/data/ratis/2cdf8a02-3189-4995-8468-14f9bbc2ba24 has been successfully formatted.
2019-09-12 10:20:28,188 [pool-208-thread-1] INFO  ratis.ContainerStateMachine (ContainerStateMachine.java:loadSnapshot(226)) - group-14F9BBC2BA24: The snapshot info is null. Setting the last applied indexto:(t:0, i:~)
2019-09-12 10:20:28,189 [pool-208-thread-1] INFO  server.RaftServerConfigKeys (ConfUtils.java:logGet(43)) - raft.server.leader.election.timeout = 120s (custom)
2019-09-12 10:20:28,189 [pool-208-thread-1] INFO  server.RaftServerConfigKeys (ConfUtils.java:logGet(43)) - raft.server.log.use.memory = false (default)
2019-09-12 10:20:28,189 [pool-208-thread-1] INFO  server.RaftServerConfigKeys (ConfUtils.java:logGet(43)) - raft.server.log.purge.gap = 1000000 (custom)
2019-09-12 10:20:28,189 [pool-208-thread-1] INFO  server.RaftServerConfigKeys (ConfUtils.java:logGet(43)) - raft.server.log.appender.buffer.byte-limit = 33554432 (custom)
2019-09-12 10:20:28,189 [pool-208-thread-1] INFO  server.RaftServerConfigKeys (ConfUtils.java:logGet(43)) - raft.server.log.segment.size.max = 1048576 (custom)
2019-09-12 10:20:28,189 [pool-208-thread-1] INFO  server.RaftServerConfigKeys (ConfUtils.java:logGet(43)) - raft.server.log.segment.cache.num.max = 2 (custom)
2019-09-12 10:20:28,189 [pool-208-thread-1] INFO  segmented.SegmentedRaftLogWorker (SegmentedRaftLogWorker.java:<init>(172)) - new e7d5f4a9-6e89-4f9e-9e88-8a026c08c92b-SegmentedRaftLogWorker:Storage Directory /workdir/hadoop-ozone/integration-test/target/test-dir/MiniOzoneClusterImpl-7916f1df-c498-4717-aca8-2b9cc087c85f/datanode-2/data/ratis/2cdf8a02-3189-4995-8468-14f9bbc2ba24 for RaftStorage:Storage Directory /workdir/hadoop-ozone/integration-test/target/test-dir/MiniOzoneClusterImpl-7916f1df-c498-4717-aca8-2b9cc087c85f/datanode-2/data/ratis/2cdf8a02-3189-4995-8468-14f9bbc2ba24
2019-09-12 10:20:28,190 [pool-208-thread-1] INFO  server.RaftServerConfigKeys (ConfUtils.java:logGet(43)) - raft.server.log.queue.byte-limit = 2147483647 (custom)
2019-09-12 10:20:28,190 [pool-208-thread-1] INFO  server.RaftServerConfigKeys (ConfUtils.java:logGet(43)) - raft.server.log.queue.element-limit = 1024 (custom)
2019-09-12 10:20:28,190 [pool-208-thread-1] INFO  server.RaftServerConfigKeys (ConfUtils.java:logGet(43)) - raft.server.log.segment.size.max = 1048576 (custom)
2019-09-12 10:20:28,190 [pool-208-thread-1] INFO  server.RaftServerConfigKeys (ConfUtils.java:logGet(43)) - raft.server.log.preallocated.size = 16384 (custom)
2019-09-12 10:20:28,190 [pool-208-thread-1] INFO  server.RaftServerConfigKeys (ConfUtils.java:logGet(43)) - raft.server.log.write.buffer.size = 33554432 (custom)
2019-09-12 10:20:28,190 [pool-208-thread-1] INFO  server.RaftServerConfigKeys (ConfUtils.java:logGet(43)) - raft.server.log.force.sync.num = 128 (default)
2019-09-12 10:20:28,191 [pool-208-thread-1] INFO  server.RaftServerConfigKeys (ConfUtils.java:logGet(43)) - raft.server.log.statemachine.data.sync = true (default)
2019-09-12 10:20:28,191 [pool-208-thread-1] INFO  server.RaftServerConfigKeys (ConfUtils.java:logGet(43)) - raft.server.log.statemachine.data.sync.timeout = 10s (default)
2019-09-12 10:20:28,191 [pool-208-thread-1] INFO  server.RaftServerConfigKeys (ConfUtils.java:logGet(43)) - raft.server.log.statemachine.data.sync.timeout.retry = -1 (default)
2019-09-12 10:20:28,191 [pool-208-thread-1] INFO  server.RaftServerConfigKeys (ConfUtils.java:logGet(43)) - raft.server.log.statemachine.data.caching.enabled = true (custom)
2019-09-12 10:20:28,191 [pool-208-thread-1] INFO  segmented.SegmentedRaftLogWorker (SegmentedRaftLogWorker.java:lambda$new$0(132)) - e7d5f4a9-6e89-4f9e-9e88-8a026c08c92b-SegmentedRaftLogWorker:Storage Directory /workdir/hadoop-ozone/integration-test/target/test-dir/MiniOzoneClusterImpl-7916f1df-c498-4717-aca8-2b9cc087c85f/datanode-2/data/ratis/2cdf8a02-3189-4995-8468-14f9bbc2ba24: flushIndex: setUnconditionally 0 -> -1
2019-09-12 10:20:28,192 [pool-208-thread-1] INFO  server.RaftServerConfigKeys (ConfUtils.java:logGet(43)) - raft.server.snapshot.auto.trigger.enabled = true (custom)
2019-09-12 10:20:28,192 [pool-208-thread-1] INFO  server.RaftServerConfigKeys (ConfUtils.java:logGet(43)) - raft.server.snapshot.auto.trigger.threshold = 10000 (custom)
2019-09-12 10:20:28,192 [pool-208-thread-1] INFO  server.RaftServerConfigKeys (ConfUtils.java:logGet(43)) - raft.server.retrycache.expirytime = 600000ms (custom)
2019-09-12 10:20:28,192 [pool-208-thread-1] INFO  impl.RaftServerImpl (RaftServerImpl.java:start(180)) - e7d5f4a9-6e89-4f9e-9e88-8a026c08c92b: start group-14F9BBC2BA24
2019-09-12 10:20:28,192 [pool-208-thread-1] INFO  impl.RaftServerImpl (RaftServerImpl.java:setRole(171)) - e7d5f4a9-6e89-4f9e-9e88-8a026c08c92b:group-14F9BBC2BA24 changes role from null to FOLLOWER at term 0 for startAsFollower
2019-09-12 10:20:28,193 [pool-208-thread-1] INFO  impl.RoleInfo (RoleInfo.java:updateAndGet(143)) - e7d5f4a9-6e89-4f9e-9e88-8a026c08c92b: start FollowerState
2019-09-12 10:20:28,193 [pool-208-thread-1] INFO  util.JmxRegister (JmxRegister.java:tryRegister(44)) - Successfully registered JMX Bean with object name Ratis:service=RaftServer,group=group-14F9BBC2BA24,id=e7d5f4a9-6e89-4f9e-9e88-8a026c08c92b
2019-09-12 10:20:28,195 [RatisPipelineUtilsThread] INFO  pipeline.PipelineStateManager (PipelineStateManager.java:addPipeline(56)) - Created pipeline Pipeline[ Id: 2cdf8a02-3189-4995-8468-14f9bbc2ba24, Nodes: e7d5f4a9-6e89-4f9e-9e88-8a026c08c92b{ip: 192.168.157.195, host: pr-hdds-1569-xtfnx-3545843844, networkLocation: /default-rack, certSerialId: null}, Type:RATIS, Factor:ONE, State:OPEN]
2019-09-12 10:20:28,196 [RatisPipelineUtilsThread] ERROR pipeline.PipelinePlacementPolicy (PipelinePlacementPolicy.java:meetCriteria(91)) - Pipeline Placement: Doesn't meet the criteria to be viable node. Heaviness: 6
2019-09-12 10:20:28,200 [grpc-default-executor-0] INFO  impl.RaftServerProxy (RaftServerProxy.java:addNew(89)) - 14a6a790-57eb-4f24-a5aa-1517ce37e105: addNew group-B53C7ABEE397:[14a6a790-57eb-4f24-a5aa-1517ce37e105:192.168.157.195:43901] returns group-B53C7ABEE397:java.util.concurrent.CompletableFuture@42d5d62[Not completed]
2019-09-12 10:20:28,201 [pool-197-thread-1] INFO  impl.RaftServerImpl (RaftServerImpl.java:<init>(93)) - 14a6a790-57eb-4f24-a5aa-1517ce37e105: new RaftServerImpl for group-B53C7ABEE397:[14a6a790-57eb-4f24-a5aa-1517ce37e105:192.168.157.195:43901] with ContainerStateMachine:uninitialized
2019-09-12 10:20:28,202 [pool-197-thread-1] INFO  server.RaftServerConfigKeys (ConfUtils.java:logGet(43)) - raft.server.rpc.timeout.min = 5s (custom)
2019-09-12 10:20:28,202 [pool-197-thread-1] INFO  server.RaftServerConfigKeys (ConfUtils.java:logGet(43)) - raft.server.rpc.timeout.max = 5200ms (custom)
2019-09-12 10:20:28,202 [pool-197-thread-1] INFO  server.RaftServerConfigKeys (ConfUtils.java:logGet(43)) - raft.server.rpcslowness.timeout = 120s (custom)
2019-09-12 10:20:28,202 [pool-197-thread-1] INFO  server.RaftServerConfigKeys (ConfUtils.java:logGet(43)) - raft.server.sleep.deviation.threshold = 300 (default)
2019-09-12 10:20:28,202 [pool-197-thread-1] INFO  server.RaftServerConfigKeys (ConfUtils.java:logGet(43)) - raft.server.log.appender.install.snapshot.enabled = false (custom)
2019-09-12 10:20:28,202 [pool-197-thread-1] INFO  impl.RaftServerImpl (ServerState.java:<init>(105)) - 14a6a790-57eb-4f24-a5aa-1517ce37e105:group-B53C7ABEE397 ConfigurationManager, init=-1: [14a6a790-57eb-4f24-a5aa-1517ce37e105:192.168.157.195:43901], old=null, confs=<EMPTY_MAP>
2019-09-12 10:20:28,203 [pool-197-thread-1] INFO  server.RaftServerConfigKeys (ConfUtils.java:logGet(43)) - raft.server.storage.dir = [/workdir/hadoop-ozone/integration-test/target/test-dir/MiniOzoneClusterImpl-7916f1df-c498-4717-aca8-2b9cc087c85f/datanode-1/data/ratis] (custom)
2019-09-12 10:20:28,203 [pool-197-thread-1] INFO  storage.RaftStorageDirectory (RaftStorageDirectory.java:analyzeStorage(246)) - The storage directory /workdir/hadoop-ozone/integration-test/target/test-dir/MiniOzoneClusterImpl-7916f1df-c498-4717-aca8-2b9cc087c85f/datanode-1/data/ratis/059e2d9e-e6ad-45f0-9e0f-b53c7abee397 does not exist. Creating ...
2019-09-12 10:20:28,215 [pool-197-thread-1] INFO  storage.RaftStorageDirectory (RaftStorageDirectory.java:tryLock(328)) - Lock on /workdir/hadoop-ozone/integration-test/target/test-dir/MiniOzoneClusterImpl-7916f1df-c498-4717-aca8-2b9cc087c85f/datanode-1/data/ratis/059e2d9e-e6ad-45f0-9e0f-b53c7abee397/in_use.lock acquired by nodename 9433@pr-hdds-1569-xtfnx-3545843844
2019-09-12 10:20:28,227 [pool-197-thread-1] INFO  storage.RaftStorage (RaftStorage.java:format(72)) - Storage directory /workdir/hadoop-ozone/integration-test/target/test-dir/MiniOzoneClusterImpl-7916f1df-c498-4717-aca8-2b9cc087c85f/datanode-1/data/ratis/059e2d9e-e6ad-45f0-9e0f-b53c7abee397 has been successfully formatted.
2019-09-12 10:20:28,227 [pool-197-thread-1] INFO  ratis.ContainerStateMachine (ContainerStateMachine.java:loadSnapshot(226)) - group-B53C7ABEE397: The snapshot info is null. Setting the last applied indexto:(t:0, i:~)
2019-09-12 10:20:28,227 [pool-197-thread-1] INFO  server.RaftServerConfigKeys (ConfUtils.java:logGet(43)) - raft.server.leader.election.timeout = 120s (custom)
2019-09-12 10:20:28,227 [pool-197-thread-1] INFO  server.RaftServerConfigKeys (ConfUtils.java:logGet(43)) - raft.server.log.use.memory = false (default)
2019-09-12 10:20:28,228 [pool-197-thread-1] INFO  server.RaftServerConfigKeys (ConfUtils.java:logGet(43)) - raft.server.log.purge.gap = 1000000 (custom)
2019-09-12 10:20:28,228 [pool-197-thread-1] INFO  server.RaftServerConfigKeys (ConfUtils.java:logGet(43)) - raft.server.log.appender.buffer.byte-limit = 33554432 (custom)
2019-09-12 10:20:28,228 [pool-197-thread-1] INFO  server.RaftServerConfigKeys (ConfUtils.java:logGet(43)) - raft.server.log.segment.size.max = 1048576 (custom)
2019-09-12 10:20:28,228 [pool-197-thread-1] INFO  server.RaftServerConfigKeys (ConfUtils.java:logGet(43)) - raft.server.log.segment.cache.num.max = 2 (custom)
2019-09-12 10:20:28,228 [pool-197-thread-1] INFO  segmented.SegmentedRaftLogWorker (SegmentedRaftLogWorker.java:<init>(172)) - new 14a6a790-57eb-4f24-a5aa-1517ce37e105-SegmentedRaftLogWorker:Storage Directory /workdir/hadoop-ozone/integration-test/target/test-dir/MiniOzoneClusterImpl-7916f1df-c498-4717-aca8-2b9cc087c85f/datanode-1/data/ratis/059e2d9e-e6ad-45f0-9e0f-b53c7abee397 for RaftStorage:Storage Directory /workdir/hadoop-ozone/integration-test/target/test-dir/MiniOzoneClusterImpl-7916f1df-c498-4717-aca8-2b9cc087c85f/datanode-1/data/ratis/059e2d9e-e6ad-45f0-9e0f-b53c7abee397
2019-09-12 10:20:28,228 [pool-197-thread-1] INFO  server.RaftServerConfigKeys (ConfUtils.java:logGet(43)) - raft.server.log.queue.byte-limit = 2147483647 (custom)
2019-09-12 10:20:28,229 [pool-197-thread-1] INFO  server.RaftServerConfigKeys (ConfUtils.java:logGet(43)) - raft.server.log.queue.element-limit = 1024 (custom)
2019-09-12 10:20:28,229 [pool-197-thread-1] INFO  server.RaftServerConfigKeys (ConfUtils.java:logGet(43)) - raft.server.log.segment.size.max = 1048576 (custom)
2019-09-12 10:20:28,229 [pool-197-thread-1] INFO  server.RaftServerConfigKeys (ConfUtils.java:logGet(43)) - raft.server.log.preallocated.size = 16384 (custom)
2019-09-12 10:20:28,229 [pool-197-thread-1] INFO  server.RaftServerConfigKeys (ConfUtils.java:logGet(43)) - raft.server.log.write.buffer.size = 33554432 (custom)
2019-09-12 10:20:28,229 [pool-197-thread-1] INFO  server.RaftServerConfigKeys (ConfUtils.java:logGet(43)) - raft.server.log.force.sync.num = 128 (default)
2019-09-12 10:20:28,229 [pool-197-thread-1] INFO  server.RaftServerConfigKeys (ConfUtils.java:logGet(43)) - raft.server.log.statemachine.data.sync = true (default)
2019-09-12 10:20:28,229 [pool-197-thread-1] INFO  server.RaftServerConfigKeys (ConfUtils.java:logGet(43)) - raft.server.log.statemachine.data.sync.timeout = 10s (default)
2019-09-12 10:20:28,230 [pool-197-thread-1] INFO  server.RaftServerConfigKeys (ConfUtils.java:logGet(43)) - raft.server.log.statemachine.data.sync.timeout.retry = -1 (default)
2019-09-12 10:20:28,230 [pool-197-thread-1] INFO  server.RaftServerConfigKeys (ConfUtils.java:logGet(43)) - raft.server.log.statemachine.data.caching.enabled = true (custom)
2019-09-12 10:20:28,230 [pool-197-thread-1] INFO  segmented.SegmentedRaftLogWorker (SegmentedRaftLogWorker.java:lambda$new$0(132)) - 14a6a790-57eb-4f24-a5aa-1517ce37e105-SegmentedRaftLogWorker:Storage Directory /workdir/hadoop-ozone/integration-test/target/test-dir/MiniOzoneClusterImpl-7916f1df-c498-4717-aca8-2b9cc087c85f/datanode-1/data/ratis/059e2d9e-e6ad-45f0-9e0f-b53c7abee397: flushIndex: setUnconditionally 0 -> -1
2019-09-12 10:20:28,230 [pool-197-thread-1] INFO  server.RaftServerConfigKeys (ConfUtils.java:logGet(43)) - raft.server.snapshot.auto.trigger.enabled = true (custom)
2019-09-12 10:20:28,231 [pool-197-thread-1] INFO  server.RaftServerConfigKeys (ConfUtils.java:logGet(43)) - raft.server.snapshot.auto.trigger.threshold = 10000 (custom)
2019-09-12 10:20:28,231 [pool-197-thread-1] INFO  server.RaftServerConfigKeys (ConfUtils.java:logGet(43)) - raft.server.retrycache.expirytime = 600000ms (custom)
2019-09-12 10:20:28,231 [pool-197-thread-1] INFO  impl.RaftServerImpl (RaftServerImpl.java:start(180)) - 14a6a790-57eb-4f24-a5aa-1517ce37e105: start group-B53C7ABEE397
2019-09-12 10:20:28,231 [pool-197-thread-1] INFO  impl.RaftServerImpl (RaftServerImpl.java:setRole(171)) - 14a6a790-57eb-4f24-a5aa-1517ce37e105:group-B53C7ABEE397 changes role from null to FOLLOWER at term 0 for startAsFollower
2019-09-12 10:20:28,231 [pool-197-thread-1] INFO  impl.RoleInfo (RoleInfo.java:updateAndGet(143)) - 14a6a790-57eb-4f24-a5aa-1517ce37e105: start FollowerState
2019-09-12 10:20:28,232 [pool-197-thread-1] INFO  util.JmxRegister (JmxRegister.java:tryRegister(44)) - Successfully registered JMX Bean with object name Ratis:service=RaftServer,group=group-B53C7ABEE397,id=14a6a790-57eb-4f24-a5aa-1517ce37e105
2019-09-12 10:20:28,235 [RatisPipelineUtilsThread] INFO  pipeline.PipelineStateManager (PipelineStateManager.java:addPipeline(56)) - Created pipeline Pipeline[ Id: 059e2d9e-e6ad-45f0-9e0f-b53c7abee397, Nodes: 14a6a790-57eb-4f24-a5aa-1517ce37e105{ip: 192.168.157.195, host: pr-hdds-1569-xtfnx-3545843844, networkLocation: /default-rack, certSerialId: null}, Type:RATIS, Factor:ONE, State:OPEN]
2019-09-12 10:20:28,235 [RatisPipelineUtilsThread] ERROR pipeline.PipelinePlacementPolicy (PipelinePlacementPolicy.java:meetCriteria(91)) - Pipeline Placement: Doesn't meet the criteria to be viable node. Heaviness: 6
2019-09-12 10:20:28,240 [grpc-default-executor-0] INFO  impl.RaftServerProxy (RaftServerProxy.java:addNew(89)) - 14a6a790-57eb-4f24-a5aa-1517ce37e105: addNew group-DE5EEE8AB70A:[14a6a790-57eb-4f24-a5aa-1517ce37e105:192.168.157.195:43901] returns group-DE5EEE8AB70A:java.util.concurrent.CompletableFuture@708da1c1[Not completed]
2019-09-12 10:20:28,241 [pool-197-thread-1] INFO  impl.RaftServerImpl (RaftServerImpl.java:<init>(93)) - 14a6a790-57eb-4f24-a5aa-1517ce37e105: new RaftServerImpl for group-DE5EEE8AB70A:[14a6a790-57eb-4f24-a5aa-1517ce37e105:192.168.157.195:43901] with ContainerStateMachine:uninitialized
2019-09-12 10:20:28,242 [pool-197-thread-1] INFO  server.RaftServerConfigKeys (ConfUtils.java:logGet(43)) - raft.server.rpc.timeout.min = 5s (custom)
2019-09-12 10:20:28,242 [pool-197-thread-1] INFO  server.RaftServerConfigKeys (ConfUtils.java:logGet(43)) - raft.server.rpc.timeout.max = 5200ms (custom)
2019-09-12 10:20:28,242 [pool-197-thread-1] INFO  server.RaftServerConfigKeys (ConfUtils.java:logGet(43)) - raft.server.rpcslowness.timeout = 120s (custom)
2019-09-12 10:20:28,242 [pool-197-thread-1] INFO  server.RaftServerConfigKeys (ConfUtils.java:logGet(43)) - raft.server.sleep.deviation.threshold = 300 (default)
2019-09-12 10:20:28,242 [pool-197-thread-1] INFO  server.RaftServerConfigKeys (ConfUtils.java:logGet(43)) - raft.server.log.appender.install.snapshot.enabled = false (custom)
2019-09-12 10:20:28,242 [pool-197-thread-1] INFO  impl.RaftServerImpl (ServerState.java:<init>(105)) - 14a6a790-57eb-4f24-a5aa-1517ce37e105:group-DE5EEE8AB70A ConfigurationManager, init=-1: [14a6a790-57eb-4f24-a5aa-1517ce37e105:192.168.157.195:43901], old=null, confs=<EMPTY_MAP>
2019-09-12 10:20:28,243 [pool-197-thread-1] INFO  server.RaftServerConfigKeys (ConfUtils.java:logGet(43)) - raft.server.storage.dir = [/workdir/hadoop-ozone/integration-test/target/test-dir/MiniOzoneClusterImpl-7916f1df-c498-4717-aca8-2b9cc087c85f/datanode-1/data/ratis] (custom)
2019-09-12 10:20:28,243 [pool-197-thread-1] INFO  storage.RaftStorageDirectory (RaftStorageDirectory.java:analyzeStorage(246)) - The storage directory /workdir/hadoop-ozone/integration-test/target/test-dir/MiniOzoneClusterImpl-7916f1df-c498-4717-aca8-2b9cc087c85f/datanode-1/data/ratis/203129d1-15d8-4e21-8fbd-de5eee8ab70a does not exist. Creating ...
2019-09-12 10:20:28,254 [pool-197-thread-1] INFO  storage.RaftStorageDirectory (RaftStorageDirectory.java:tryLock(328)) - Lock on /workdir/hadoop-ozone/integration-test/target/test-dir/MiniOzoneClusterImpl-7916f1df-c498-4717-aca8-2b9cc087c85f/datanode-1/data/ratis/203129d1-15d8-4e21-8fbd-de5eee8ab70a/in_use.lock acquired by nodename 9433@pr-hdds-1569-xtfnx-3545843844
2019-09-12 10:20:28,266 [pool-197-thread-1] INFO  storage.RaftStorage (RaftStorage.java:format(72)) - Storage directory /workdir/hadoop-ozone/integration-test/target/test-dir/MiniOzoneClusterImpl-7916f1df-c498-4717-aca8-2b9cc087c85f/datanode-1/data/ratis/203129d1-15d8-4e21-8fbd-de5eee8ab70a has been successfully formatted.
2019-09-12 10:20:28,266 [pool-197-thread-1] INFO  ratis.ContainerStateMachine (ContainerStateMachine.java:loadSnapshot(226)) - group-DE5EEE8AB70A: The snapshot info is null. Setting the last applied indexto:(t:0, i:~)
2019-09-12 10:20:28,266 [pool-197-thread-1] INFO  server.RaftServerConfigKeys (ConfUtils.java:logGet(43)) - raft.server.leader.election.timeout = 120s (custom)
2019-09-12 10:20:28,266 [pool-197-thread-1] INFO  server.RaftServerConfigKeys (ConfUtils.java:logGet(43)) - raft.server.log.use.memory = false (default)
2019-09-12 10:20:28,266 [pool-197-thread-1] INFO  server.RaftServerConfigKeys (ConfUtils.java:logGet(43)) - raft.server.log.purge.gap = 1000000 (custom)
2019-09-12 10:20:28,267 [pool-197-thread-1] INFO  server.RaftServerConfigKeys (ConfUtils.java:logGet(43)) - raft.server.log.appender.buffer.byte-limit = 33554432 (custom)
2019-09-12 10:20:28,267 [pool-197-thread-1] INFO  server.RaftServerConfigKeys (ConfUtils.java:logGet(43)) - raft.server.log.segment.size.max = 1048576 (custom)
2019-09-12 10:20:28,267 [pool-197-thread-1] INFO  server.RaftServerConfigKeys (ConfUtils.java:logGet(43)) - raft.server.log.segment.cache.num.max = 2 (custom)
2019-09-12 10:20:28,267 [pool-197-thread-1] INFO  segmented.SegmentedRaftLogWorker (SegmentedRaftLogWorker.java:<init>(172)) - new 14a6a790-57eb-4f24-a5aa-1517ce37e105-SegmentedRaftLogWorker:Storage Directory /workdir/hadoop-ozone/integration-test/target/test-dir/MiniOzoneClusterImpl-7916f1df-c498-4717-aca8-2b9cc087c85f/datanode-1/data/ratis/203129d1-15d8-4e21-8fbd-de5eee8ab70a for RaftStorage:Storage Directory /workdir/hadoop-ozone/integration-test/target/test-dir/MiniOzoneClusterImpl-7916f1df-c498-4717-aca8-2b9cc087c85f/datanode-1/data/ratis/203129d1-15d8-4e21-8fbd-de5eee8ab70a
2019-09-12 10:20:28,267 [pool-197-thread-1] INFO  server.RaftServerConfigKeys (ConfUtils.java:logGet(43)) - raft.server.log.queue.byte-limit = 2147483647 (custom)
2019-09-12 10:20:28,267 [pool-197-thread-1] INFO  server.RaftServerConfigKeys (ConfUtils.java:logGet(43)) - raft.server.log.queue.element-limit = 1024 (custom)
2019-09-12 10:20:28,268 [pool-197-thread-1] INFO  server.RaftServerConfigKeys (ConfUtils.java:logGet(43)) - raft.server.log.segment.size.max = 1048576 (custom)
2019-09-12 10:20:28,268 [pool-197-thread-1] INFO  server.RaftServerConfigKeys (ConfUtils.java:logGet(43)) - raft.server.log.preallocated.size = 16384 (custom)
2019-09-12 10:20:28,268 [pool-197-thread-1] INFO  server.RaftServerConfigKeys (ConfUtils.java:logGet(43)) - raft.server.log.write.buffer.size = 33554432 (custom)
2019-09-12 10:20:28,268 [pool-197-thread-1] INFO  server.RaftServerConfigKeys (ConfUtils.java:logGet(43)) - raft.server.log.force.sync.num = 128 (default)
2019-09-12 10:20:28,268 [pool-197-thread-1] INFO  server.RaftServerConfigKeys (ConfUtils.java:logGet(43)) - raft.server.log.statemachine.data.sync = true (default)
2019-09-12 10:20:28,268 [pool-197-thread-1] INFO  server.RaftServerConfigKeys (ConfUtils.java:logGet(43)) - raft.server.log.statemachine.data.sync.timeout = 10s (default)
2019-09-12 10:20:28,269 [pool-197-thread-1] INFO  server.RaftServerConfigKeys (ConfUtils.java:logGet(43)) - raft.server.log.statemachine.data.sync.timeout.retry = -1 (default)
2019-09-12 10:20:28,269 [pool-197-thread-1] INFO  server.RaftServerConfigKeys (ConfUtils.java:logGet(43)) - raft.server.log.statemachine.data.caching.enabled = true (custom)
2019-09-12 10:20:28,269 [pool-197-thread-1] INFO  segmented.SegmentedRaftLogWorker (SegmentedRaftLogWorker.java:lambda$new$0(132)) - 14a6a790-57eb-4f24-a5aa-1517ce37e105-SegmentedRaftLogWorker:Storage Directory /workdir/hadoop-ozone/integration-test/target/test-dir/MiniOzoneClusterImpl-7916f1df-c498-4717-aca8-2b9cc087c85f/datanode-1/data/ratis/203129d1-15d8-4e21-8fbd-de5eee8ab70a: flushIndex: setUnconditionally 0 -> -1
2019-09-12 10:20:28,269 [pool-197-thread-1] INFO  server.RaftServerConfigKeys (ConfUtils.java:logGet(43)) - raft.server.snapshot.auto.trigger.enabled = true (custom)
2019-09-12 10:20:28,270 [pool-197-thread-1] INFO  server.RaftServerConfigKeys (ConfUtils.java:logGet(43)) - raft.server.snapshot.auto.trigger.threshold = 10000 (custom)
2019-09-12 10:20:28,270 [pool-197-thread-1] INFO  server.RaftServerConfigKeys (ConfUtils.java:logGet(43)) - raft.server.retrycache.expirytime = 600000ms (custom)
2019-09-12 10:20:28,270 [pool-197-thread-1] INFO  impl.RaftServerImpl (RaftServerImpl.java:start(180)) - 14a6a790-57eb-4f24-a5aa-1517ce37e105: start group-DE5EEE8AB70A
2019-09-12 10:20:28,270 [pool-197-thread-1] INFO  impl.RaftServerImpl (RaftServerImpl.java:setRole(171)) - 14a6a790-57eb-4f24-a5aa-1517ce37e105:group-DE5EEE8AB70A changes role from null to FOLLOWER at term 0 for startAsFollower
2019-09-12 10:20:28,270 [pool-197-thread-1] INFO  impl.RoleInfo (RoleInfo.java:updateAndGet(143)) - 14a6a790-57eb-4f24-a5aa-1517ce37e105: start FollowerState
2019-09-12 10:20:28,271 [pool-197-thread-1] INFO  util.JmxRegister (JmxRegister.java:tryRegister(44)) - Successfully registered JMX Bean with object name Ratis:service=RaftServer,group=group-DE5EEE8AB70A,id=14a6a790-57eb-4f24-a5aa-1517ce37e105
2019-09-12 10:20:28,274 [RatisPipelineUtilsThread] INFO  pipeline.PipelineStateManager (PipelineStateManager.java:addPipeline(56)) - Created pipeline Pipeline[ Id: 203129d1-15d8-4e21-8fbd-de5eee8ab70a, Nodes: 14a6a790-57eb-4f24-a5aa-1517ce37e105{ip: 192.168.157.195, host: pr-hdds-1569-xtfnx-3545843844, networkLocation: /default-rack, certSerialId: null}, Type:RATIS, Factor:ONE, State:OPEN]
2019-09-12 10:20:28,274 [RatisPipelineUtilsThread] ERROR pipeline.PipelinePlacementPolicy (PipelinePlacementPolicy.java:meetCriteria(91)) - Pipeline Placement: Doesn't meet the criteria to be viable node. Heaviness: 6
2019-09-12 10:20:28,275 [RatisPipelineUtilsThread] ERROR pipeline.PipelinePlacementPolicy (PipelinePlacementPolicy.java:meetCriteria(91)) - Pipeline Placement: Doesn't meet the criteria to be viable node. Heaviness: 6
2019-09-12 10:20:28,280 [grpc-default-executor-0] INFO  impl.RaftServerProxy (RaftServerProxy.java:addNew(89)) - e7d5f4a9-6e89-4f9e-9e88-8a026c08c92b: addNew group-AC4D5B8408EB:[e7d5f4a9-6e89-4f9e-9e88-8a026c08c92b:192.168.157.195:44061] returns group-AC4D5B8408EB:java.util.concurrent.CompletableFuture@24fd1bb0[Not completed]
2019-09-12 10:20:28,282 [pool-208-thread-1] INFO  impl.RaftServerImpl (RaftServerImpl.java:<init>(93)) - e7d5f4a9-6e89-4f9e-9e88-8a026c08c92b: new RaftServerImpl for group-AC4D5B8408EB:[e7d5f4a9-6e89-4f9e-9e88-8a026c08c92b:192.168.157.195:44061] with ContainerStateMachine:uninitialized
2019-09-12 10:20:28,282 [pool-208-thread-1] INFO  server.RaftServerConfigKeys (ConfUtils.java:logGet(43)) - raft.server.rpc.timeout.min = 5s (custom)
2019-09-12 10:20:28,282 [pool-208-thread-1] INFO  server.RaftServerConfigKeys (ConfUtils.java:logGet(43)) - raft.server.rpc.timeout.max = 5200ms (custom)
2019-09-12 10:20:28,283 [pool-208-thread-1] INFO  server.RaftServerConfigKeys (ConfUtils.java:logGet(43)) - raft.server.rpcslowness.timeout = 120s (custom)
2019-09-12 10:20:28,283 [pool-208-thread-1] INFO  server.RaftServerConfigKeys (ConfUtils.java:logGet(43)) - raft.server.sleep.deviation.threshold = 300 (default)
2019-09-12 10:20:28,283 [pool-208-thread-1] INFO  server.RaftServerConfigKeys (ConfUtils.java:logGet(43)) - raft.server.log.appender.install.snapshot.enabled = false (custom)
2019-09-12 10:20:28,283 [pool-208-thread-1] INFO  impl.RaftServerImpl (ServerState.java:<init>(105)) - e7d5f4a9-6e89-4f9e-9e88-8a026c08c92b:group-AC4D5B8408EB ConfigurationManager, init=-1: [e7d5f4a9-6e89-4f9e-9e88-8a026c08c92b:192.168.157.195:44061], old=null, confs=<EMPTY_MAP>
2019-09-12 10:20:28,283 [pool-208-thread-1] INFO  server.RaftServerConfigKeys (ConfUtils.java:logGet(43)) - raft.server.storage.dir = [/workdir/hadoop-ozone/integration-test/target/test-dir/MiniOzoneClusterImpl-7916f1df-c498-4717-aca8-2b9cc087c85f/datanode-2/data/ratis] (custom)
2019-09-12 10:20:28,284 [pool-208-thread-1] INFO  storage.RaftStorageDirectory (RaftStorageDirectory.java:analyzeStorage(246)) - The storage directory /workdir/hadoop-ozone/integration-test/target/test-dir/MiniOzoneClusterImpl-7916f1df-c498-4717-aca8-2b9cc087c85f/datanode-2/data/ratis/6a602f6e-431a-458a-8563-ac4d5b8408eb does not exist. Creating ...
2019-09-12 10:20:28,290 [pool-208-thread-1] INFO  storage.RaftStorageDirectory (RaftStorageDirectory.java:tryLock(328)) - Lock on /workdir/hadoop-ozone/integration-test/target/test-dir/MiniOzoneClusterImpl-7916f1df-c498-4717-aca8-2b9cc087c85f/datanode-2/data/ratis/6a602f6e-431a-458a-8563-ac4d5b8408eb/in_use.lock acquired by nodename 9433@pr-hdds-1569-xtfnx-3545843844
2019-09-12 10:20:28,304 [pool-208-thread-1] INFO  storage.RaftStorage (RaftStorage.java:format(72)) - Storage directory /workdir/hadoop-ozone/integration-test/target/test-dir/MiniOzoneClusterImpl-7916f1df-c498-4717-aca8-2b9cc087c85f/datanode-2/data/ratis/6a602f6e-431a-458a-8563-ac4d5b8408eb has been successfully formatted.
2019-09-12 10:20:28,304 [pool-208-thread-1] INFO  ratis.ContainerStateMachine (ContainerStateMachine.java:loadSnapshot(226)) - group-AC4D5B8408EB: The snapshot info is null. Setting the last applied indexto:(t:0, i:~)
2019-09-12 10:20:28,304 [pool-208-thread-1] INFO  server.RaftServerConfigKeys (ConfUtils.java:logGet(43)) - raft.server.leader.election.timeout = 120s (custom)
2019-09-12 10:20:28,304 [pool-208-thread-1] INFO  server.RaftServerConfigKeys (ConfUtils.java:logGet(43)) - raft.server.log.use.memory = false (default)
2019-09-12 10:20:28,304 [pool-208-thread-1] INFO  server.RaftServerConfigKeys (ConfUtils.java:logGet(43)) - raft.server.log.purge.gap = 1000000 (custom)
2019-09-12 10:20:28,305 [pool-208-thread-1] INFO  server.RaftServerConfigKeys (ConfUtils.java:logGet(43)) - raft.server.log.appender.buffer.byte-limit = 33554432 (custom)
2019-09-12 10:20:28,305 [pool-208-thread-1] INFO  server.RaftServerConfigKeys (ConfUtils.java:logGet(43)) - raft.server.log.segment.size.max = 1048576 (custom)
2019-09-12 10:20:28,305 [pool-208-thread-1] INFO  server.RaftServerConfigKeys (ConfUtils.java:logGet(43)) - raft.server.log.segment.cache.num.max = 2 (custom)
2019-09-12 10:20:28,305 [pool-208-thread-1] INFO  segmented.SegmentedRaftLogWorker (SegmentedRaftLogWorker.java:<init>(172)) - new e7d5f4a9-6e89-4f9e-9e88-8a026c08c92b-SegmentedRaftLogWorker:Storage Directory /workdir/hadoop-ozone/integration-test/target/test-dir/MiniOzoneClusterImpl-7916f1df-c498-4717-aca8-2b9cc087c85f/datanode-2/data/ratis/6a602f6e-431a-458a-8563-ac4d5b8408eb for RaftStorage:Storage Directory /workdir/hadoop-ozone/integration-test/target/test-dir/MiniOzoneClusterImpl-7916f1df-c498-4717-aca8-2b9cc087c85f/datanode-2/data/ratis/6a602f6e-431a-458a-8563-ac4d5b8408eb
2019-09-12 10:20:28,305 [pool-208-thread-1] INFO  server.RaftServerConfigKeys (ConfUtils.java:logGet(43)) - raft.server.log.queue.byte-limit = 2147483647 (custom)
2019-09-12 10:20:28,306 [pool-208-thread-1] INFO  server.RaftServerConfigKeys (ConfUtils.java:logGet(43)) - raft.server.log.queue.element-limit = 1024 (custom)
2019-09-12 10:20:28,306 [pool-208-thread-1] INFO  server.RaftServerConfigKeys (ConfUtils.java:logGet(43)) - raft.server.log.segment.size.max = 1048576 (custom)
2019-09-12 10:20:28,306 [pool-208-thread-1] INFO  server.RaftServerConfigKeys (ConfUtils.java:logGet(43)) - raft.server.log.preallocated.size = 16384 (custom)
2019-09-12 10:20:28,306 [pool-208-thread-1] INFO  server.RaftServerConfigKeys (ConfUtils.java:logGet(43)) - raft.server.log.write.buffer.size = 33554432 (custom)
2019-09-12 10:20:28,306 [pool-208-thread-1] INFO  server.RaftServerConfigKeys (ConfUtils.java:logGet(43)) - raft.server.log.force.sync.num = 128 (default)
2019-09-12 10:20:28,306 [pool-208-thread-1] INFO  server.RaftServerConfigKeys (ConfUtils.java:logGet(43)) - raft.server.log.statemachine.data.sync = true (default)
2019-09-12 10:20:28,307 [pool-208-thread-1] INFO  server.RaftServerConfigKeys (ConfUtils.java:logGet(43)) - raft.server.log.statemachine.data.sync.timeout = 10s (default)
2019-09-12 10:20:28,307 [pool-208-thread-1] INFO  server.RaftServerConfigKeys (ConfUtils.java:logGet(43)) - raft.server.log.statemachine.data.sync.timeout.retry = -1 (default)
2019-09-12 10:20:28,307 [pool-208-thread-1] INFO  server.RaftServerConfigKeys (ConfUtils.java:logGet(43)) - raft.server.log.statemachine.data.caching.enabled = true (custom)
2019-09-12 10:20:28,307 [pool-208-thread-1] INFO  segmented.SegmentedRaftLogWorker (SegmentedRaftLogWorker.java:lambda$new$0(132)) - e7d5f4a9-6e89-4f9e-9e88-8a026c08c92b-SegmentedRaftLogWorker:Storage Directory /workdir/hadoop-ozone/integration-test/target/test-dir/MiniOzoneClusterImpl-7916f1df-c498-4717-aca8-2b9cc087c85f/datanode-2/data/ratis/6a602f6e-431a-458a-8563-ac4d5b8408eb: flushIndex: setUnconditionally 0 -> -1
2019-09-12 10:20:28,308 [pool-208-thread-1] INFO  server.RaftServerConfigKeys (ConfUtils.java:logGet(43)) - raft.server.snapshot.auto.trigger.enabled = true (custom)
2019-09-12 10:20:28,308 [pool-208-thread-1] INFO  server.RaftServerConfigKeys (ConfUtils.java:logGet(43)) - raft.server.snapshot.auto.trigger.threshold = 10000 (custom)
2019-09-12 10:20:28,308 [pool-208-thread-1] INFO  server.RaftServerConfigKeys (ConfUtils.java:logGet(43)) - raft.server.retrycache.expirytime = 600000ms (custom)
2019-09-12 10:20:28,308 [pool-208-thread-1] INFO  impl.RaftServerImpl (RaftServerImpl.java:start(180)) - e7d5f4a9-6e89-4f9e-9e88-8a026c08c92b: start group-AC4D5B8408EB
2019-09-12 10:20:28,308 [pool-208-thread-1] INFO  impl.RaftServerImpl (RaftServerImpl.java:setRole(171)) - e7d5f4a9-6e89-4f9e-9e88-8a026c08c92b:group-AC4D5B8408EB changes role from null to FOLLOWER at term 0 for startAsFollower
2019-09-12 10:20:28,309 [pool-208-thread-1] INFO  impl.RoleInfo (RoleInfo.java:updateAndGet(143)) - e7d5f4a9-6e89-4f9e-9e88-8a026c08c92b: start FollowerState
2019-09-12 10:20:28,309 [pool-208-thread-1] INFO  util.JmxRegister (JmxRegister.java:tryRegister(44)) - Successfully registered JMX Bean with object name Ratis:service=RaftServer,group=group-AC4D5B8408EB,id=e7d5f4a9-6e89-4f9e-9e88-8a026c08c92b
2019-09-12 10:20:28,312 [RatisPipelineUtilsThread] INFO  pipeline.PipelineStateManager (PipelineStateManager.java:addPipeline(56)) - Created pipeline Pipeline[ Id: 6a602f6e-431a-458a-8563-ac4d5b8408eb, Nodes: e7d5f4a9-6e89-4f9e-9e88-8a026c08c92b{ip: 192.168.157.195, host: pr-hdds-1569-xtfnx-3545843844, networkLocation: /default-rack, certSerialId: null}, Type:RATIS, Factor:ONE, State:OPEN]
2019-09-12 10:20:28,313 [RatisPipelineUtilsThread] ERROR pipeline.PipelinePlacementPolicy (PipelinePlacementPolicy.java:meetCriteria(91)) - Pipeline Placement: Doesn't meet the criteria to be viable node. Heaviness: 6
2019-09-12 10:20:28,313 [RatisPipelineUtilsThread] ERROR pipeline.PipelinePlacementPolicy (PipelinePlacementPolicy.java:meetCriteria(91)) - Pipeline Placement: Doesn't meet the criteria to be viable node. Heaviness: 6
2019-09-12 10:20:28,318 [grpc-default-executor-0] INFO  impl.RaftServerProxy (RaftServerProxy.java:addNew(89)) - e7d5f4a9-6e89-4f9e-9e88-8a026c08c92b: addNew group-20E5D077B40B:[e7d5f4a9-6e89-4f9e-9e88-8a026c08c92b:192.168.157.195:44061] returns group-20E5D077B40B:java.util.concurrent.CompletableFuture@3bf6d2e4[Not completed]
2019-09-12 10:20:28,320 [pool-208-thread-1] INFO  impl.RaftServerImpl (RaftServerImpl.java:<init>(93)) - e7d5f4a9-6e89-4f9e-9e88-8a026c08c92b: new RaftServerImpl for group-20E5D077B40B:[e7d5f4a9-6e89-4f9e-9e88-8a026c08c92b:192.168.157.195:44061] with ContainerStateMachine:uninitialized
2019-09-12 10:20:28,320 [pool-208-thread-1] INFO  server.RaftServerConfigKeys (ConfUtils.java:logGet(43)) - raft.server.rpc.timeout.min = 5s (custom)
2019-09-12 10:20:28,321 [pool-208-thread-1] INFO  server.RaftServerConfigKeys (ConfUtils.java:logGet(43)) - raft.server.rpc.timeout.max = 5200ms (custom)
2019-09-12 10:20:28,321 [pool-208-thread-1] INFO  server.RaftServerConfigKeys (ConfUtils.java:logGet(43)) - raft.server.rpcslowness.timeout = 120s (custom)
2019-09-12 10:20:28,321 [pool-208-thread-1] INFO  server.RaftServerConfigKeys (ConfUtils.java:logGet(43)) - raft.server.sleep.deviation.threshold = 300 (default)
2019-09-12 10:20:28,321 [pool-208-thread-1] INFO  server.RaftServerConfigKeys (ConfUtils.java:logGet(43)) - raft.server.log.appender.install.snapshot.enabled = false (custom)
2019-09-12 10:20:28,321 [pool-208-thread-1] INFO  impl.RaftServerImpl (ServerState.java:<init>(105)) - e7d5f4a9-6e89-4f9e-9e88-8a026c08c92b:group-20E5D077B40B ConfigurationManager, init=-1: [e7d5f4a9-6e89-4f9e-9e88-8a026c08c92b:192.168.157.195:44061], old=null, confs=<EMPTY_MAP>
2019-09-12 10:20:28,321 [pool-208-thread-1] INFO  server.RaftServerConfigKeys (ConfUtils.java:logGet(43)) - raft.server.storage.dir = [/workdir/hadoop-ozone/integration-test/target/test-dir/MiniOzoneClusterImpl-7916f1df-c498-4717-aca8-2b9cc087c85f/datanode-2/data/ratis] (custom)
2019-09-12 10:20:28,322 [pool-208-thread-1] INFO  storage.RaftStorageDirectory (RaftStorageDirectory.java:analyzeStorage(246)) - The storage directory /workdir/hadoop-ozone/integration-test/target/test-dir/MiniOzoneClusterImpl-7916f1df-c498-4717-aca8-2b9cc087c85f/datanode-2/data/ratis/41a0d6d6-69fd-4d7a-a99f-20e5d077b40b does not exist. Creating ...
2019-09-12 10:20:28,335 [pool-208-thread-1] INFO  storage.RaftStorageDirectory (RaftStorageDirectory.java:tryLock(328)) - Lock on /workdir/hadoop-ozone/integration-test/target/test-dir/MiniOzoneClusterImpl-7916f1df-c498-4717-aca8-2b9cc087c85f/datanode-2/data/ratis/41a0d6d6-69fd-4d7a-a99f-20e5d077b40b/in_use.lock acquired by nodename 9433@pr-hdds-1569-xtfnx-3545843844
2019-09-12 10:20:28,347 [pool-208-thread-1] INFO  storage.RaftStorage (RaftStorage.java:format(72)) - Storage directory /workdir/hadoop-ozone/integration-test/target/test-dir/MiniOzoneClusterImpl-7916f1df-c498-4717-aca8-2b9cc087c85f/datanode-2/data/ratis/41a0d6d6-69fd-4d7a-a99f-20e5d077b40b has been successfully formatted.
2019-09-12 10:20:28,348 [pool-208-thread-1] INFO  ratis.ContainerStateMachine (ContainerStateMachine.java:loadSnapshot(226)) - group-20E5D077B40B: The snapshot info is null. Setting the last applied indexto:(t:0, i:~)
2019-09-12 10:20:28,348 [pool-208-thread-1] INFO  server.RaftServerConfigKeys (ConfUtils.java:logGet(43)) - raft.server.leader.election.timeout = 120s (custom)
2019-09-12 10:20:28,348 [pool-208-thread-1] INFO  server.RaftServerConfigKeys (ConfUtils.java:logGet(43)) - raft.server.log.use.memory = false (default)
2019-09-12 10:20:28,348 [pool-208-thread-1] INFO  server.RaftServerConfigKeys (ConfUtils.java:logGet(43)) - raft.server.log.purge.gap = 1000000 (custom)
2019-09-12 10:20:28,348 [pool-208-thread-1] INFO  server.RaftServerConfigKeys (ConfUtils.java:logGet(43)) - raft.server.log.appender.buffer.byte-limit = 33554432 (custom)
2019-09-12 10:20:28,349 [pool-208-thread-1] INFO  server.RaftServerConfigKeys (ConfUtils.java:logGet(43)) - raft.server.log.segment.size.max = 1048576 (custom)
2019-09-12 10:20:28,349 [pool-208-thread-1] INFO  server.RaftServerConfigKeys (ConfUtils.java:logGet(43)) - raft.server.log.segment.cache.num.max = 2 (custom)
2019-09-12 10:20:28,349 [pool-208-thread-1] INFO  segmented.SegmentedRaftLogWorker (SegmentedRaftLogWorker.java:<init>(172)) - new e7d5f4a9-6e89-4f9e-9e88-8a026c08c92b-SegmentedRaftLogWorker:Storage Directory /workdir/hadoop-ozone/integration-test/target/test-dir/MiniOzoneClusterImpl-7916f1df-c498-4717-aca8-2b9cc087c85f/datanode-2/data/ratis/41a0d6d6-69fd-4d7a-a99f-20e5d077b40b for RaftStorage:Storage Directory /workdir/hadoop-ozone/integration-test/target/test-dir/MiniOzoneClusterImpl-7916f1df-c498-4717-aca8-2b9cc087c85f/datanode-2/data/ratis/41a0d6d6-69fd-4d7a-a99f-20e5d077b40b
2019-09-12 10:20:28,349 [pool-208-thread-1] INFO  server.RaftServerConfigKeys (ConfUtils.java:logGet(43)) - raft.server.log.queue.byte-limit = 2147483647 (custom)
2019-09-12 10:20:28,349 [pool-208-thread-1] INFO  server.RaftServerConfigKeys (ConfUtils.java:logGet(43)) - raft.server.log.queue.element-limit = 1024 (custom)
2019-09-12 10:20:28,349 [pool-208-thread-1] INFO  server.RaftServerConfigKeys (ConfUtils.java:logGet(43)) - raft.server.log.segment.size.max = 1048576 (custom)
2019-09-12 10:20:28,350 [pool-208-thread-1] INFO  server.RaftServerConfigKeys (ConfUtils.java:logGet(43)) - raft.server.log.preallocated.size = 16384 (custom)
2019-09-12 10:20:28,350 [pool-208-thread-1] INFO  server.RaftServerConfigKeys (ConfUtils.java:logGet(43)) - raft.server.log.write.buffer.size = 33554432 (custom)
2019-09-12 10:20:28,350 [pool-208-thread-1] INFO  server.RaftServerConfigKeys (ConfUtils.java:logGet(43)) - raft.server.log.force.sync.num = 128 (default)
2019-09-12 10:20:28,350 [pool-208-thread-1] INFO  server.RaftServerConfigKeys (ConfUtils.java:logGet(43)) - raft.server.log.statemachine.data.sync = true (default)
2019-09-12 10:20:28,350 [pool-208-thread-1] INFO  server.RaftServerConfigKeys (ConfUtils.java:logGet(43)) - raft.server.log.statemachine.data.sync.timeout = 10s (default)
2019-09-12 10:20:28,350 [pool-208-thread-1] INFO  server.RaftServerConfigKeys (ConfUtils.java:logGet(43)) - raft.server.log.statemachine.data.sync.timeout.retry = -1 (default)
2019-09-12 10:20:28,351 [pool-208-thread-1] INFO  server.RaftServerConfigKeys (ConfUtils.java:logGet(43)) - raft.server.log.statemachine.data.caching.enabled = true (custom)
2019-09-12 10:20:28,351 [pool-208-thread-1] INFO  segmented.SegmentedRaftLogWorker (SegmentedRaftLogWorker.java:lambda$new$0(132)) - e7d5f4a9-6e89-4f9e-9e88-8a026c08c92b-SegmentedRaftLogWorker:Storage Directory /workdir/hadoop-ozone/integration-test/target/test-dir/MiniOzoneClusterImpl-7916f1df-c498-4717-aca8-2b9cc087c85f/datanode-2/data/ratis/41a0d6d6-69fd-4d7a-a99f-20e5d077b40b: flushIndex: setUnconditionally 0 -> -1
2019-09-12 10:20:28,351 [pool-208-thread-1] INFO  server.RaftServerConfigKeys (ConfUtils.java:logGet(43)) - raft.server.snapshot.auto.trigger.enabled = true (custom)
2019-09-12 10:20:28,351 [pool-208-thread-1] INFO  server.RaftServerConfigKeys (ConfUtils.java:logGet(43)) - raft.server.snapshot.auto.trigger.threshold = 10000 (custom)
2019-09-12 10:20:28,352 [pool-208-thread-1] INFO  server.RaftServerConfigKeys (ConfUtils.java:logGet(43)) - raft.server.retrycache.expirytime = 600000ms (custom)
2019-09-12 10:20:28,352 [pool-208-thread-1] INFO  impl.RaftServerImpl (RaftServerImpl.java:start(180)) - e7d5f4a9-6e89-4f9e-9e88-8a026c08c92b: start group-20E5D077B40B
2019-09-12 10:20:28,352 [pool-208-thread-1] INFO  impl.RaftServerImpl (RaftServerImpl.java:setRole(171)) - e7d5f4a9-6e89-4f9e-9e88-8a026c08c92b:group-20E5D077B40B changes role from null to FOLLOWER at term 0 for startAsFollower
2019-09-12 10:20:28,352 [pool-208-thread-1] INFO  impl.RoleInfo (RoleInfo.java:updateAndGet(143)) - e7d5f4a9-6e89-4f9e-9e88-8a026c08c92b: start FollowerState
2019-09-12 10:20:28,353 [pool-208-thread-1] INFO  util.JmxRegister (JmxRegister.java:tryRegister(44)) - Successfully registered JMX Bean with object name Ratis:service=RaftServer,group=group-20E5D077B40B,id=e7d5f4a9-6e89-4f9e-9e88-8a026c08c92b
2019-09-12 10:20:28,355 [RatisPipelineUtilsThread] INFO  pipeline.PipelineStateManager (PipelineStateManager.java:addPipeline(56)) - Created pipeline Pipeline[ Id: 41a0d6d6-69fd-4d7a-a99f-20e5d077b40b, Nodes: e7d5f4a9-6e89-4f9e-9e88-8a026c08c92b{ip: 192.168.157.195, host: pr-hdds-1569-xtfnx-3545843844, networkLocation: /default-rack, certSerialId: null}, Type:RATIS, Factor:ONE, State:OPEN]
2019-09-12 10:20:28,356 [RatisPipelineUtilsThread] ERROR pipeline.PipelinePlacementPolicy (PipelinePlacementPolicy.java:meetCriteria(91)) - Pipeline Placement: Doesn't meet the criteria to be viable node. Heaviness: 6
2019-09-12 10:20:28,356 [RatisPipelineUtilsThread] ERROR pipeline.PipelinePlacementPolicy (PipelinePlacementPolicy.java:meetCriteria(91)) - Pipeline Placement: Doesn't meet the criteria to be viable node. Heaviness: 6
2019-09-12 10:20:28,362 [grpc-default-executor-0] INFO  impl.RaftServerProxy (RaftServerProxy.java:addNew(89)) - e7d5f4a9-6e89-4f9e-9e88-8a026c08c92b: addNew group-B6725F8E7A3E:[e7d5f4a9-6e89-4f9e-9e88-8a026c08c92b:192.168.157.195:44061] returns group-B6725F8E7A3E:java.util.concurrent.CompletableFuture@11e75f74[Not completed]
2019-09-12 10:20:28,363 [pool-208-thread-1] INFO  impl.RaftServerImpl (RaftServerImpl.java:<init>(93)) - e7d5f4a9-6e89-4f9e-9e88-8a026c08c92b: new RaftServerImpl for group-B6725F8E7A3E:[e7d5f4a9-6e89-4f9e-9e88-8a026c08c92b:192.168.157.195:44061] with ContainerStateMachine:uninitialized
2019-09-12 10:20:28,363 [pool-208-thread-1] INFO  server.RaftServerConfigKeys (ConfUtils.java:logGet(43)) - raft.server.rpc.timeout.min = 5s (custom)
2019-09-12 10:20:28,364 [pool-208-thread-1] INFO  server.RaftServerConfigKeys (ConfUtils.java:logGet(43)) - raft.server.rpc.timeout.max = 5200ms (custom)
2019-09-12 10:20:28,364 [pool-208-thread-1] INFO  server.RaftServerConfigKeys (ConfUtils.java:logGet(43)) - raft.server.rpcslowness.timeout = 120s (custom)
2019-09-12 10:20:28,364 [pool-208-thread-1] INFO  server.RaftServerConfigKeys (ConfUtils.java:logGet(43)) - raft.server.sleep.deviation.threshold = 300 (default)
2019-09-12 10:20:28,364 [pool-208-thread-1] INFO  server.RaftServerConfigKeys (ConfUtils.java:logGet(43)) - raft.server.log.appender.install.snapshot.enabled = false (custom)
2019-09-12 10:20:28,364 [pool-208-thread-1] INFO  impl.RaftServerImpl (ServerState.java:<init>(105)) - e7d5f4a9-6e89-4f9e-9e88-8a026c08c92b:group-B6725F8E7A3E ConfigurationManager, init=-1: [e7d5f4a9-6e89-4f9e-9e88-8a026c08c92b:192.168.157.195:44061], old=null, confs=<EMPTY_MAP>
2019-09-12 10:20:28,364 [pool-208-thread-1] INFO  server.RaftServerConfigKeys (ConfUtils.java:logGet(43)) - raft.server.storage.dir = [/workdir/hadoop-ozone/integration-test/target/test-dir/MiniOzoneClusterImpl-7916f1df-c498-4717-aca8-2b9cc087c85f/datanode-2/data/ratis] (custom)
2019-09-12 10:20:28,365 [pool-208-thread-1] INFO  storage.RaftStorageDirectory (RaftStorageDirectory.java:analyzeStorage(246)) - The storage directory /workdir/hadoop-ozone/integration-test/target/test-dir/MiniOzoneClusterImpl-7916f1df-c498-4717-aca8-2b9cc087c85f/datanode-2/data/ratis/7018ed3c-d74a-43a2-b82f-b6725f8e7a3e does not exist. Creating ...
2019-09-12 10:20:28,378 [pool-208-thread-1] INFO  storage.RaftStorageDirectory (RaftStorageDirectory.java:tryLock(328)) - Lock on /workdir/hadoop-ozone/integration-test/target/test-dir/MiniOzoneClusterImpl-7916f1df-c498-4717-aca8-2b9cc087c85f/datanode-2/data/ratis/7018ed3c-d74a-43a2-b82f-b6725f8e7a3e/in_use.lock acquired by nodename 9433@pr-hdds-1569-xtfnx-3545843844
2019-09-12 10:20:28,391 [pool-208-thread-1] INFO  storage.RaftStorage (RaftStorage.java:format(72)) - Storage directory /workdir/hadoop-ozone/integration-test/target/test-dir/MiniOzoneClusterImpl-7916f1df-c498-4717-aca8-2b9cc087c85f/datanode-2/data/ratis/7018ed3c-d74a-43a2-b82f-b6725f8e7a3e has been successfully formatted.
2019-09-12 10:20:28,392 [pool-208-thread-1] INFO  ratis.ContainerStateMachine (ContainerStateMachine.java:loadSnapshot(226)) - group-B6725F8E7A3E: The snapshot info is null. Setting the last applied indexto:(t:0, i:~)
2019-09-12 10:20:28,392 [pool-208-thread-1] INFO  server.RaftServerConfigKeys (ConfUtils.java:logGet(43)) - raft.server.leader.election.timeout = 120s (custom)
2019-09-12 10:20:28,392 [pool-208-thread-1] INFO  server.RaftServerConfigKeys (ConfUtils.java:logGet(43)) - raft.server.log.use.memory = false (default)
2019-09-12 10:20:28,392 [pool-208-thread-1] INFO  server.RaftServerConfigKeys (ConfUtils.java:logGet(43)) - raft.server.log.purge.gap = 1000000 (custom)
2019-09-12 10:20:28,392 [pool-208-thread-1] INFO  server.RaftServerConfigKeys (ConfUtils.java:logGet(43)) - raft.server.log.appender.buffer.byte-limit = 33554432 (custom)
2019-09-12 10:20:28,393 [pool-208-thread-1] INFO  server.RaftServerConfigKeys (ConfUtils.java:logGet(43)) - raft.server.log.segment.size.max = 1048576 (custom)
2019-09-12 10:20:28,393 [pool-208-thread-1] INFO  server.RaftServerConfigKeys (ConfUtils.java:logGet(43)) - raft.server.log.segment.cache.num.max = 2 (custom)
2019-09-12 10:20:28,393 [pool-208-thread-1] INFO  segmented.SegmentedRaftLogWorker (SegmentedRaftLogWorker.java:<init>(172)) - new e7d5f4a9-6e89-4f9e-9e88-8a026c08c92b-SegmentedRaftLogWorker:Storage Directory /workdir/hadoop-ozone/integration-test/target/test-dir/MiniOzoneClusterImpl-7916f1df-c498-4717-aca8-2b9cc087c85f/datanode-2/data/ratis/7018ed3c-d74a-43a2-b82f-b6725f8e7a3e for RaftStorage:Storage Directory /workdir/hadoop-ozone/integration-test/target/test-dir/MiniOzoneClusterImpl-7916f1df-c498-4717-aca8-2b9cc087c85f/datanode-2/data/ratis/7018ed3c-d74a-43a2-b82f-b6725f8e7a3e
2019-09-12 10:20:28,393 [pool-208-thread-1] INFO  server.RaftServerConfigKeys (ConfUtils.java:logGet(43)) - raft.server.log.queue.byte-limit = 2147483647 (custom)
2019-09-12 10:20:28,393 [pool-208-thread-1] INFO  server.RaftServerConfigKeys (ConfUtils.java:logGet(43)) - raft.server.log.queue.element-limit = 1024 (custom)
2019-09-12 10:20:28,393 [pool-208-thread-1] INFO  server.RaftServerConfigKeys (ConfUtils.java:logGet(43)) - raft.server.log.segment.size.max = 1048576 (custom)
2019-09-12 10:20:28,394 [pool-208-thread-1] INFO  server.RaftServerConfigKeys (ConfUtils.java:logGet(43)) - raft.server.log.preallocated.size = 16384 (custom)
2019-09-12 10:20:28,394 [pool-208-thread-1] INFO  server.RaftServerConfigKeys (ConfUtils.java:logGet(43)) - raft.server.log.write.buffer.size = 33554432 (custom)
2019-09-12 10:20:28,394 [pool-208-thread-1] INFO  server.RaftServerConfigKeys (ConfUtils.java:logGet(43)) - raft.server.log.force.sync.num = 128 (default)
2019-09-12 10:20:28,394 [pool-208-thread-1] INFO  server.RaftServerConfigKeys (ConfUtils.java:logGet(43)) - raft.server.log.statemachine.data.sync = true (default)
2019-09-12 10:20:28,394 [pool-208-thread-1] INFO  server.RaftServerConfigKeys (ConfUtils.java:logGet(43)) - raft.server.log.statemachine.data.sync.timeout = 10s (default)
2019-09-12 10:20:28,394 [pool-208-thread-1] INFO  server.RaftServerConfigKeys (ConfUtils.java:logGet(43)) - raft.server.log.statemachine.data.sync.timeout.retry = -1 (default)
2019-09-12 10:20:28,395 [pool-208-thread-1] INFO  server.RaftServerConfigKeys (ConfUtils.java:logGet(43)) - raft.server.log.statemachine.data.caching.enabled = true (custom)
2019-09-12 10:20:28,395 [pool-208-thread-1] INFO  segmented.SegmentedRaftLogWorker (SegmentedRaftLogWorker.java:lambda$new$0(132)) - e7d5f4a9-6e89-4f9e-9e88-8a026c08c92b-SegmentedRaftLogWorker:Storage Directory /workdir/hadoop-ozone/integration-test/target/test-dir/MiniOzoneClusterImpl-7916f1df-c498-4717-aca8-2b9cc087c85f/datanode-2/data/ratis/7018ed3c-d74a-43a2-b82f-b6725f8e7a3e: flushIndex: setUnconditionally 0 -> -1
2019-09-12 10:20:28,395 [pool-208-thread-1] INFO  server.RaftServerConfigKeys (ConfUtils.java:logGet(43)) - raft.server.snapshot.auto.trigger.enabled = true (custom)
2019-09-12 10:20:28,395 [pool-208-thread-1] INFO  server.RaftServerConfigKeys (ConfUtils.java:logGet(43)) - raft.server.snapshot.auto.trigger.threshold = 10000 (custom)
2019-09-12 10:20:28,396 [pool-208-thread-1] INFO  server.RaftServerConfigKeys (ConfUtils.java:logGet(43)) - raft.server.retrycache.expirytime = 600000ms (custom)
2019-09-12 10:20:28,396 [pool-208-thread-1] INFO  impl.RaftServerImpl (RaftServerImpl.java:start(180)) - e7d5f4a9-6e89-4f9e-9e88-8a026c08c92b: start group-B6725F8E7A3E
2019-09-12 10:20:28,396 [pool-208-thread-1] INFO  impl.RaftServerImpl (RaftServerImpl.java:setRole(171)) - e7d5f4a9-6e89-4f9e-9e88-8a026c08c92b:group-B6725F8E7A3E changes role from null to FOLLOWER at term 0 for startAsFollower
2019-09-12 10:20:28,396 [pool-208-thread-1] INFO  impl.RoleInfo (RoleInfo.java:updateAndGet(143)) - e7d5f4a9-6e89-4f9e-9e88-8a026c08c92b: start FollowerState
2019-09-12 10:20:28,397 [pool-208-thread-1] INFO  util.JmxRegister (JmxRegister.java:tryRegister(44)) - Successfully registered JMX Bean with object name Ratis:service=RaftServer,group=group-B6725F8E7A3E,id=e7d5f4a9-6e89-4f9e-9e88-8a026c08c92b
2019-09-12 10:20:28,400 [RatisPipelineUtilsThread] INFO  pipeline.PipelineStateManager (PipelineStateManager.java:addPipeline(56)) - Created pipeline Pipeline[ Id: 7018ed3c-d74a-43a2-b82f-b6725f8e7a3e, Nodes: e7d5f4a9-6e89-4f9e-9e88-8a026c08c92b{ip: 192.168.157.195, host: pr-hdds-1569-xtfnx-3545843844, networkLocation: /default-rack, certSerialId: null}, Type:RATIS, Factor:ONE, State:OPEN]
2019-09-12 10:20:28,401 [RatisPipelineUtilsThread] ERROR pipeline.PipelinePlacementPolicy (PipelinePlacementPolicy.java:meetCriteria(91)) - Pipeline Placement: Doesn't meet the criteria to be viable node. Heaviness: 6
2019-09-12 10:20:28,401 [RatisPipelineUtilsThread] ERROR pipeline.PipelinePlacementPolicy (PipelinePlacementPolicy.java:meetCriteria(91)) - Pipeline Placement: Doesn't meet the criteria to be viable node. Heaviness: 6
2019-09-12 10:20:28,407 [grpc-default-executor-0] INFO  impl.RaftServerProxy (RaftServerProxy.java:addNew(89)) - e7d5f4a9-6e89-4f9e-9e88-8a026c08c92b: addNew group-40D2F61A2F57:[e7d5f4a9-6e89-4f9e-9e88-8a026c08c92b:192.168.157.195:44061] returns group-40D2F61A2F57:java.util.concurrent.CompletableFuture@7de0be6a[Not completed]
2019-09-12 10:20:28,409 [pool-208-thread-1] INFO  impl.RaftServerImpl (RaftServerImpl.java:<init>(93)) - e7d5f4a9-6e89-4f9e-9e88-8a026c08c92b: new RaftServerImpl for group-40D2F61A2F57:[e7d5f4a9-6e89-4f9e-9e88-8a026c08c92b:192.168.157.195:44061] with ContainerStateMachine:uninitialized
2019-09-12 10:20:28,409 [pool-208-thread-1] INFO  server.RaftServerConfigKeys (ConfUtils.java:logGet(43)) - raft.server.rpc.timeout.min = 5s (custom)
2019-09-12 10:20:28,409 [pool-208-thread-1] INFO  server.RaftServerConfigKeys (ConfUtils.java:logGet(43)) - raft.server.rpc.timeout.max = 5200ms (custom)
2019-09-12 10:20:28,409 [pool-208-thread-1] INFO  server.RaftServerConfigKeys (ConfUtils.java:logGet(43)) - raft.server.rpcslowness.timeout = 120s (custom)
2019-09-12 10:20:28,409 [pool-208-thread-1] INFO  server.RaftServerConfigKeys (ConfUtils.java:logGet(43)) - raft.server.sleep.deviation.threshold = 300 (default)
2019-09-12 10:20:28,409 [pool-208-thread-1] INFO  server.RaftServerConfigKeys (ConfUtils.java:logGet(43)) - raft.server.log.appender.install.snapshot.enabled = false (custom)
2019-09-12 10:20:28,410 [pool-208-thread-1] INFO  impl.RaftServerImpl (ServerState.java:<init>(105)) - e7d5f4a9-6e89-4f9e-9e88-8a026c08c92b:group-40D2F61A2F57 ConfigurationManager, init=-1: [e7d5f4a9-6e89-4f9e-9e88-8a026c08c92b:192.168.157.195:44061], old=null, confs=<EMPTY_MAP>
2019-09-12 10:20:28,410 [pool-208-thread-1] INFO  server.RaftServerConfigKeys (ConfUtils.java:logGet(43)) - raft.server.storage.dir = [/workdir/hadoop-ozone/integration-test/target/test-dir/MiniOzoneClusterImpl-7916f1df-c498-4717-aca8-2b9cc087c85f/datanode-2/data/ratis] (custom)
2019-09-12 10:20:28,410 [pool-208-thread-1] INFO  storage.RaftStorageDirectory (RaftStorageDirectory.java:analyzeStorage(246)) - The storage directory /workdir/hadoop-ozone/integration-test/target/test-dir/MiniOzoneClusterImpl-7916f1df-c498-4717-aca8-2b9cc087c85f/datanode-2/data/ratis/e906ac05-294c-46e3-a120-40d2f61a2f57 does not exist. Creating ...
2019-09-12 10:20:28,423 [pool-208-thread-1] INFO  storage.RaftStorageDirectory (RaftStorageDirectory.java:tryLock(328)) - Lock on /workdir/hadoop-ozone/integration-test/target/test-dir/MiniOzoneClusterImpl-7916f1df-c498-4717-aca8-2b9cc087c85f/datanode-2/data/ratis/e906ac05-294c-46e3-a120-40d2f61a2f57/in_use.lock acquired by nodename 9433@pr-hdds-1569-xtfnx-3545843844
2019-09-12 10:20:28,436 [pool-208-thread-1] INFO  storage.RaftStorage (RaftStorage.java:format(72)) - Storage directory /workdir/hadoop-ozone/integration-test/target/test-dir/MiniOzoneClusterImpl-7916f1df-c498-4717-aca8-2b9cc087c85f/datanode-2/data/ratis/e906ac05-294c-46e3-a120-40d2f61a2f57 has been successfully formatted.
2019-09-12 10:20:28,436 [pool-208-thread-1] INFO  ratis.ContainerStateMachine (ContainerStateMachine.java:loadSnapshot(226)) - group-40D2F61A2F57: The snapshot info is null. Setting the last applied indexto:(t:0, i:~)
2019-09-12 10:20:28,436 [pool-208-thread-1] INFO  server.RaftServerConfigKeys (ConfUtils.java:logGet(43)) - raft.server.leader.election.timeout = 120s (custom)
2019-09-12 10:20:28,436 [pool-208-thread-1] INFO  server.RaftServerConfigKeys (ConfUtils.java:logGet(43)) - raft.server.log.use.memory = false (default)
2019-09-12 10:20:28,436 [pool-208-thread-1] INFO  server.RaftServerConfigKeys (ConfUtils.java:logGet(43)) - raft.server.log.purge.gap = 1000000 (custom)
2019-09-12 10:20:28,436 [pool-208-thread-1] INFO  server.RaftServerConfigKeys (ConfUtils.java:logGet(43)) - raft.server.log.appender.buffer.byte-limit = 33554432 (custom)
2019-09-12 10:20:28,437 [pool-208-thread-1] INFO  server.RaftServerConfigKeys (ConfUtils.java:logGet(43)) - raft.server.log.segment.size.max = 1048576 (custom)
2019-09-12 10:20:28,437 [pool-208-thread-1] INFO  server.RaftServerConfigKeys (ConfUtils.java:logGet(43)) - raft.server.log.segment.cache.num.max = 2 (custom)
2019-09-12 10:20:28,437 [pool-208-thread-1] INFO  segmented.SegmentedRaftLogWorker (SegmentedRaftLogWorker.java:<init>(172)) - new e7d5f4a9-6e89-4f9e-9e88-8a026c08c92b-SegmentedRaftLogWorker:Storage Directory /workdir/hadoop-ozone/integration-test/target/test-dir/MiniOzoneClusterImpl-7916f1df-c498-4717-aca8-2b9cc087c85f/datanode-2/data/ratis/e906ac05-294c-46e3-a120-40d2f61a2f57 for RaftStorage:Storage Directory /workdir/hadoop-ozone/integration-test/target/test-dir/MiniOzoneClusterImpl-7916f1df-c498-4717-aca8-2b9cc087c85f/datanode-2/data/ratis/e906ac05-294c-46e3-a120-40d2f61a2f57
2019-09-12 10:20:28,437 [pool-208-thread-1] INFO  server.RaftServerConfigKeys (ConfUtils.java:logGet(43)) - raft.server.log.queue.byte-limit = 2147483647 (custom)
2019-09-12 10:20:28,437 [pool-208-thread-1] INFO  server.RaftServerConfigKeys (ConfUtils.java:logGet(43)) - raft.server.log.queue.element-limit = 1024 (custom)
2019-09-12 10:20:28,438 [pool-208-thread-1] INFO  server.RaftServerConfigKeys (ConfUtils.java:logGet(43)) - raft.server.log.segment.size.max = 1048576 (custom)
2019-09-12 10:20:28,438 [pool-208-thread-1] INFO  server.RaftServerConfigKeys (ConfUtils.java:logGet(43)) - raft.server.log.preallocated.size = 16384 (custom)
2019-09-12 10:20:28,438 [pool-208-thread-1] INFO  server.RaftServerConfigKeys (ConfUtils.java:logGet(43)) - raft.server.log.write.buffer.size = 33554432 (custom)
2019-09-12 10:20:28,438 [pool-208-thread-1] INFO  server.RaftServerConfigKeys (ConfUtils.java:logGet(43)) - raft.server.log.force.sync.num = 128 (default)
2019-09-12 10:20:28,438 [pool-208-thread-1] INFO  server.RaftServerConfigKeys (ConfUtils.java:logGet(43)) - raft.server.log.statemachine.data.sync = true (default)
2019-09-12 10:20:28,438 [pool-208-thread-1] INFO  server.RaftServerConfigKeys (ConfUtils.java:logGet(43)) - raft.server.log.statemachine.data.sync.timeout = 10s (default)
2019-09-12 10:20:28,438 [pool-208-thread-1] INFO  server.RaftServerConfigKeys (ConfUtils.java:logGet(43)) - raft.server.log.statemachine.data.sync.timeout.retry = -1 (default)
2019-09-12 10:20:28,439 [pool-208-thread-1] INFO  server.RaftServerConfigKeys (ConfUtils.java:logGet(43)) - raft.server.log.statemachine.data.caching.enabled = true (custom)
2019-09-12 10:20:28,439 [pool-208-thread-1] INFO  segmented.SegmentedRaftLogWorker (SegmentedRaftLogWorker.java:lambda$new$0(132)) - e7d5f4a9-6e89-4f9e-9e88-8a026c08c92b-SegmentedRaftLogWorker:Storage Directory /workdir/hadoop-ozone/integration-test/target/test-dir/MiniOzoneClusterImpl-7916f1df-c498-4717-aca8-2b9cc087c85f/datanode-2/data/ratis/e906ac05-294c-46e3-a120-40d2f61a2f57: flushIndex: setUnconditionally 0 -> -1
2019-09-12 10:20:28,439 [pool-208-thread-1] INFO  server.RaftServerConfigKeys (ConfUtils.java:logGet(43)) - raft.server.snapshot.auto.trigger.enabled = true (custom)
2019-09-12 10:20:28,440 [pool-208-thread-1] INFO  server.RaftServerConfigKeys (ConfUtils.java:logGet(43)) - raft.server.snapshot.auto.trigger.threshold = 10000 (custom)
2019-09-12 10:20:28,440 [pool-208-thread-1] INFO  server.RaftServerConfigKeys (ConfUtils.java:logGet(43)) - raft.server.retrycache.expirytime = 600000ms (custom)
2019-09-12 10:20:28,440 [pool-208-thread-1] INFO  impl.RaftServerImpl (RaftServerImpl.java:start(180)) - e7d5f4a9-6e89-4f9e-9e88-8a026c08c92b: start group-40D2F61A2F57
2019-09-12 10:20:28,440 [pool-208-thread-1] INFO  impl.RaftServerImpl (RaftServerImpl.java:setRole(171)) - e7d5f4a9-6e89-4f9e-9e88-8a026c08c92b:group-40D2F61A2F57 changes role from null to FOLLOWER at term 0 for startAsFollower
2019-09-12 10:20:28,440 [pool-208-thread-1] INFO  impl.RoleInfo (RoleInfo.java:updateAndGet(143)) - e7d5f4a9-6e89-4f9e-9e88-8a026c08c92b: start FollowerState
2019-09-12 10:20:28,441 [pool-208-thread-1] INFO  util.JmxRegister (JmxRegister.java:tryRegister(44)) - Successfully registered JMX Bean with object name Ratis:service=RaftServer,group=group-40D2F61A2F57,id=e7d5f4a9-6e89-4f9e-9e88-8a026c08c92b
2019-09-12 10:20:28,444 [RatisPipelineUtilsThread] INFO  pipeline.PipelineStateManager (PipelineStateManager.java:addPipeline(56)) - Created pipeline Pipeline[ Id: e906ac05-294c-46e3-a120-40d2f61a2f57, Nodes: e7d5f4a9-6e89-4f9e-9e88-8a026c08c92b{ip: 192.168.157.195, host: pr-hdds-1569-xtfnx-3545843844, networkLocation: /default-rack, certSerialId: null}, Type:RATIS, Factor:ONE, State:OPEN]
2019-09-12 10:20:28,445 [RatisPipelineUtilsThread] ERROR pipeline.PipelinePlacementPolicy (PipelinePlacementPolicy.java:meetCriteria(91)) - Pipeline Placement: Doesn't meet the criteria to be viable node. Heaviness: 6
2019-09-12 10:20:28,445 [RatisPipelineUtilsThread] ERROR pipeline.PipelinePlacementPolicy (PipelinePlacementPolicy.java:meetCriteria(91)) - Pipeline Placement: Doesn't meet the criteria to be viable node. Heaviness: 6
2019-09-12 10:20:28,451 [grpc-default-executor-0] INFO  impl.RaftServerProxy (RaftServerProxy.java:addNew(89)) - e7d5f4a9-6e89-4f9e-9e88-8a026c08c92b: addNew group-1D3B183DF87F:[e7d5f4a9-6e89-4f9e-9e88-8a026c08c92b:192.168.157.195:44061] returns group-1D3B183DF87F:java.util.concurrent.CompletableFuture@54a1b65e[Not completed]
2019-09-12 10:20:28,452 [pool-208-thread-1] INFO  impl.RaftServerImpl (RaftServerImpl.java:<init>(93)) - e7d5f4a9-6e89-4f9e-9e88-8a026c08c92b: new RaftServerImpl for group-1D3B183DF87F:[e7d5f4a9-6e89-4f9e-9e88-8a026c08c92b:192.168.157.195:44061] with ContainerStateMachine:uninitialized
2019-09-12 10:20:28,453 [pool-208-thread-1] INFO  server.RaftServerConfigKeys (ConfUtils.java:logGet(43)) - raft.server.rpc.timeout.min = 5s (custom)
2019-09-12 10:20:28,453 [pool-208-thread-1] INFO  server.RaftServerConfigKeys (ConfUtils.java:logGet(43)) - raft.server.rpc.timeout.max = 5200ms (custom)
2019-09-12 10:20:28,453 [pool-208-thread-1] INFO  server.RaftServerConfigKeys (ConfUtils.java:logGet(43)) - raft.server.rpcslowness.timeout = 120s (custom)
2019-09-12 10:20:28,453 [pool-208-thread-1] INFO  server.RaftServerConfigKeys (ConfUtils.java:logGet(43)) - raft.server.sleep.deviation.threshold = 300 (default)
2019-09-12 10:20:28,453 [pool-208-thread-1] INFO  server.RaftServerConfigKeys (ConfUtils.java:logGet(43)) - raft.server.log.appender.install.snapshot.enabled = false (custom)
2019-09-12 10:20:28,453 [pool-208-thread-1] INFO  impl.RaftServerImpl (ServerState.java:<init>(105)) - e7d5f4a9-6e89-4f9e-9e88-8a026c08c92b:group-1D3B183DF87F ConfigurationManager, init=-1: [e7d5f4a9-6e89-4f9e-9e88-8a026c08c92b:192.168.157.195:44061], old=null, confs=<EMPTY_MAP>
2019-09-12 10:20:28,453 [pool-208-thread-1] INFO  server.RaftServerConfigKeys (ConfUtils.java:logGet(43)) - raft.server.storage.dir = [/workdir/hadoop-ozone/integration-test/target/test-dir/MiniOzoneClusterImpl-7916f1df-c498-4717-aca8-2b9cc087c85f/datanode-2/data/ratis] (custom)
2019-09-12 10:20:28,454 [pool-208-thread-1] INFO  storage.RaftStorageDirectory (RaftStorageDirectory.java:analyzeStorage(246)) - The storage directory /workdir/hadoop-ozone/integration-test/target/test-dir/MiniOzoneClusterImpl-7916f1df-c498-4717-aca8-2b9cc087c85f/datanode-2/data/ratis/2b6a5864-6e4c-45bc-9e2e-1d3b183df87f does not exist. Creating ...
2019-09-12 10:20:28,467 [pool-208-thread-1] INFO  storage.RaftStorageDirectory (RaftStorageDirectory.java:tryLock(328)) - Lock on /workdir/hadoop-ozone/integration-test/target/test-dir/MiniOzoneClusterImpl-7916f1df-c498-4717-aca8-2b9cc087c85f/datanode-2/data/ratis/2b6a5864-6e4c-45bc-9e2e-1d3b183df87f/in_use.lock acquired by nodename 9433@pr-hdds-1569-xtfnx-3545843844
2019-09-12 10:20:28,480 [pool-208-thread-1] INFO  storage.RaftStorage (RaftStorage.java:format(72)) - Storage directory /workdir/hadoop-ozone/integration-test/target/test-dir/MiniOzoneClusterImpl-7916f1df-c498-4717-aca8-2b9cc087c85f/datanode-2/data/ratis/2b6a5864-6e4c-45bc-9e2e-1d3b183df87f has been successfully formatted.
2019-09-12 10:20:28,480 [pool-208-thread-1] INFO  ratis.ContainerStateMachine (ContainerStateMachine.java:loadSnapshot(226)) - group-1D3B183DF87F: The snapshot info is null. Setting the last applied indexto:(t:0, i:~)
2019-09-12 10:20:28,480 [pool-208-thread-1] INFO  server.RaftServerConfigKeys (ConfUtils.java:logGet(43)) - raft.server.leader.election.timeout = 120s (custom)
2019-09-12 10:20:28,480 [pool-208-thread-1] INFO  server.RaftServerConfigKeys (ConfUtils.java:logGet(43)) - raft.server.log.use.memory = false (default)
2019-09-12 10:20:28,480 [pool-208-thread-1] INFO  server.RaftServerConfigKeys (ConfUtils.java:logGet(43)) - raft.server.log.purge.gap = 1000000 (custom)
2019-09-12 10:20:28,480 [pool-208-thread-1] INFO  server.RaftServerConfigKeys (ConfUtils.java:logGet(43)) - raft.server.log.appender.buffer.byte-limit = 33554432 (custom)
2019-09-12 10:20:28,481 [pool-208-thread-1] INFO  server.RaftServerConfigKeys (ConfUtils.java:logGet(43)) - raft.server.log.segment.size.max = 1048576 (custom)
2019-09-12 10:20:28,481 [pool-208-thread-1] INFO  server.RaftServerConfigKeys (ConfUtils.java:logGet(43)) - raft.server.log.segment.cache.num.max = 2 (custom)
2019-09-12 10:20:28,481 [pool-208-thread-1] INFO  segmented.SegmentedRaftLogWorker (SegmentedRaftLogWorker.java:<init>(172)) - new e7d5f4a9-6e89-4f9e-9e88-8a026c08c92b-SegmentedRaftLogWorker:Storage Directory /workdir/hadoop-ozone/integration-test/target/test-dir/MiniOzoneClusterImpl-7916f1df-c498-4717-aca8-2b9cc087c85f/datanode-2/data/ratis/2b6a5864-6e4c-45bc-9e2e-1d3b183df87f for RaftStorage:Storage Directory /workdir/hadoop-ozone/integration-test/target/test-dir/MiniOzoneClusterImpl-7916f1df-c498-4717-aca8-2b9cc087c85f/datanode-2/data/ratis/2b6a5864-6e4c-45bc-9e2e-1d3b183df87f
2019-09-12 10:20:28,481 [pool-208-thread-1] INFO  server.RaftServerConfigKeys (ConfUtils.java:logGet(43)) - raft.server.log.queue.byte-limit = 2147483647 (custom)
2019-09-12 10:20:28,481 [pool-208-thread-1] INFO  server.RaftServerConfigKeys (ConfUtils.java:logGet(43)) - raft.server.log.queue.element-limit = 1024 (custom)
2019-09-12 10:20:28,481 [pool-208-thread-1] INFO  server.RaftServerConfigKeys (ConfUtils.java:logGet(43)) - raft.server.log.segment.size.max = 1048576 (custom)
2019-09-12 10:20:28,482 [pool-208-thread-1] INFO  server.RaftServerConfigKeys (ConfUtils.java:logGet(43)) - raft.server.log.preallocated.size = 16384 (custom)
2019-09-12 10:20:28,482 [pool-208-thread-1] INFO  server.RaftServerConfigKeys (ConfUtils.java:logGet(43)) - raft.server.log.write.buffer.size = 33554432 (custom)
2019-09-12 10:20:28,482 [pool-208-thread-1] INFO  server.RaftServerConfigKeys (ConfUtils.java:logGet(43)) - raft.server.log.force.sync.num = 128 (default)
2019-09-12 10:20:28,482 [pool-208-thread-1] INFO  server.RaftServerConfigKeys (ConfUtils.java:logGet(43)) - raft.server.log.statemachine.data.sync = true (default)
2019-09-12 10:20:28,482 [pool-208-thread-1] INFO  server.RaftServerConfigKeys (ConfUtils.java:logGet(43)) - raft.server.log.statemachine.data.sync.timeout = 10s (default)
2019-09-12 10:20:28,482 [pool-208-thread-1] INFO  server.RaftServerConfigKeys (ConfUtils.java:logGet(43)) - raft.server.log.statemachine.data.sync.timeout.retry = -1 (default)
2019-09-12 10:20:28,482 [pool-208-thread-1] INFO  server.RaftServerConfigKeys (ConfUtils.java:logGet(43)) - raft.server.log.statemachine.data.caching.enabled = true (custom)
2019-09-12 10:20:28,483 [pool-208-thread-1] INFO  segmented.SegmentedRaftLogWorker (SegmentedRaftLogWorker.java:lambda$new$0(132)) - e7d5f4a9-6e89-4f9e-9e88-8a026c08c92b-SegmentedRaftLogWorker:Storage Directory /workdir/hadoop-ozone/integration-test/target/test-dir/MiniOzoneClusterImpl-7916f1df-c498-4717-aca8-2b9cc087c85f/datanode-2/data/ratis/2b6a5864-6e4c-45bc-9e2e-1d3b183df87f: flushIndex: setUnconditionally 0 -> -1
2019-09-12 10:20:28,483 [pool-208-thread-1] INFO  server.RaftServerConfigKeys (ConfUtils.java:logGet(43)) - raft.server.snapshot.auto.trigger.enabled = true (custom)
2019-09-12 10:20:28,483 [pool-208-thread-1] INFO  server.RaftServerConfigKeys (ConfUtils.java:logGet(43)) - raft.server.snapshot.auto.trigger.threshold = 10000 (custom)
2019-09-12 10:20:28,483 [pool-208-thread-1] INFO  server.RaftServerConfigKeys (ConfUtils.java:logGet(43)) - raft.server.retrycache.expirytime = 600000ms (custom)
2019-09-12 10:20:28,484 [pool-208-thread-1] INFO  impl.RaftServerImpl (RaftServerImpl.java:start(180)) - e7d5f4a9-6e89-4f9e-9e88-8a026c08c92b: start group-1D3B183DF87F
2019-09-12 10:20:28,484 [pool-208-thread-1] INFO  impl.RaftServerImpl (RaftServerImpl.java:setRole(171)) - e7d5f4a9-6e89-4f9e-9e88-8a026c08c92b:group-1D3B183DF87F changes role from null to FOLLOWER at term 0 for startAsFollower
2019-09-12 10:20:28,484 [pool-208-thread-1] INFO  impl.RoleInfo (RoleInfo.java:updateAndGet(143)) - e7d5f4a9-6e89-4f9e-9e88-8a026c08c92b: start FollowerState
2019-09-12 10:20:28,484 [pool-208-thread-1] INFO  util.JmxRegister (JmxRegister.java:tryRegister(44)) - Successfully registered JMX Bean with object name Ratis:service=RaftServer,group=group-1D3B183DF87F,id=e7d5f4a9-6e89-4f9e-9e88-8a026c08c92b
2019-09-12 10:20:28,488 [RatisPipelineUtilsThread] INFO  pipeline.PipelineStateManager (PipelineStateManager.java:addPipeline(56)) - Created pipeline Pipeline[ Id: 2b6a5864-6e4c-45bc-9e2e-1d3b183df87f, Nodes: e7d5f4a9-6e89-4f9e-9e88-8a026c08c92b{ip: 192.168.157.195, host: pr-hdds-1569-xtfnx-3545843844, networkLocation: /default-rack, certSerialId: null}, Type:RATIS, Factor:ONE, State:OPEN]
2019-09-12 10:20:28,488 [RatisPipelineUtilsThread] ERROR pipeline.PipelinePlacementPolicy (PipelinePlacementPolicy.java:meetCriteria(91)) - Pipeline Placement: Doesn't meet the criteria to be viable node. Heaviness: 6
2019-09-12 10:20:28,488 [RatisPipelineUtilsThread] ERROR pipeline.PipelinePlacementPolicy (PipelinePlacementPolicy.java:meetCriteria(91)) - Pipeline Placement: Doesn't meet the criteria to be viable node. Heaviness: 6
2019-09-12 10:20:28,488 [RatisPipelineUtilsThread] ERROR pipeline.PipelinePlacementPolicy (PipelinePlacementPolicy.java:meetCriteria(91)) - Pipeline Placement: Doesn't meet the criteria to be viable node. Heaviness: 6
2019-09-12 10:20:28,489 [RatisPipelineUtilsThread] ERROR pipeline.PipelinePlacementPolicy (PipelinePlacementPolicy.java:filterViableNodes(146)) - Unable to find enough nodes that meet the criteria that cannot engage in more than 5 pipelines. Nodes required: 1 Found: 0, healthy nodes count inNodeManager: 3.
2019-09-12 10:20:28,489 [RatisPipelineUtilsThread] ERROR pipeline.SCMPipelineManager (SCMPipelineManager.java:createPipeline(161)) - Pipeline creation failed due to exception: Unable to find enough nodes that meet the criteria that cannot engage in more than 5 pipelines. Nodes required: 1 Found: 0, healthy nodes count inNodeManager: 3.
2019-09-12 10:20:28,489 [RatisPipelineUtilsThread] ERROR pipeline.PipelinePlacementPolicy (PipelinePlacementPolicy.java:meetCriteria(91)) - Pipeline Placement: Doesn't meet the criteria to be viable node. Heaviness: 6
2019-09-12 10:20:28,489 [RatisPipelineUtilsThread] ERROR pipeline.PipelinePlacementPolicy (PipelinePlacementPolicy.java:meetCriteria(91)) - Pipeline Placement: Doesn't meet the criteria to be viable node. Heaviness: 6
2019-09-12 10:20:28,489 [RatisPipelineUtilsThread] ERROR pipeline.PipelinePlacementPolicy (PipelinePlacementPolicy.java:meetCriteria(91)) - Pipeline Placement: Doesn't meet the criteria to be viable node. Heaviness: 6
2019-09-12 10:20:28,490 [RatisPipelineUtilsThread] ERROR pipeline.PipelinePlacementPolicy (PipelinePlacementPolicy.java:filterViableNodes(146)) - Unable to find enough nodes that meet the criteria that cannot engage in more than 5 pipelines. Nodes required: 3 Found: 0, healthy nodes count inNodeManager: 3.
2019-09-12 10:20:28,490 [RatisPipelineUtilsThread] ERROR pipeline.SCMPipelineManager (SCMPipelineManager.java:createPipeline(161)) - Pipeline creation failed due to exception: Unable to find enough nodes that meet the criteria that cannot engage in more than 5 pipelines. Nodes required: 3 Found: 0, healthy nodes count inNodeManager: 3.
2019-09-12 10:20:28,490 [RatisPipelineUtilsThread] ERROR pipeline.PipelinePlacementPolicy (PipelinePlacementPolicy.java:meetCriteria(91)) - Pipeline Placement: Doesn't meet the criteria to be viable node. Heaviness: 6
2019-09-12 10:20:28,490 [RatisPipelineUtilsThread] ERROR pipeline.PipelinePlacementPolicy (PipelinePlacementPolicy.java:meetCriteria(91)) - Pipeline Placement: Doesn't meet the criteria to be viable node. Heaviness: 6
2019-09-12 10:20:28,491 [RatisPipelineUtilsThread] ERROR pipeline.PipelinePlacementPolicy (PipelinePlacementPolicy.java:meetCriteria(91)) - Pipeline Placement: Doesn't meet the criteria to be viable node. Heaviness: 6
2019-09-12 10:20:28,491 [RatisPipelineUtilsThread] ERROR pipeline.PipelinePlacementPolicy (PipelinePlacementPolicy.java:filterViableNodes(146)) - Unable to find enough nodes that meet the criteria that cannot engage in more than 5 pipelines. Nodes required: 1 Found: 0, healthy nodes count inNodeManager: 3.
2019-09-12 10:20:28,491 [RatisPipelineUtilsThread] ERROR pipeline.SCMPipelineManager (SCMPipelineManager.java:createPipeline(161)) - Pipeline creation failed due to exception: Unable to find enough nodes that meet the criteria that cannot engage in more than 5 pipelines. Nodes required: 1 Found: 0, healthy nodes count inNodeManager: 3.
2019-09-12 10:20:28,491 [RatisPipelineUtilsThread] ERROR pipeline.PipelinePlacementPolicy (PipelinePlacementPolicy.java:meetCriteria(91)) - Pipeline Placement: Doesn't meet the criteria to be viable node. Heaviness: 6
2019-09-12 10:20:28,491 [RatisPipelineUtilsThread] ERROR pipeline.PipelinePlacementPolicy (PipelinePlacementPolicy.java:meetCriteria(91)) - Pipeline Placement: Doesn't meet the criteria to be viable node. Heaviness: 6
2019-09-12 10:20:28,492 [RatisPipelineUtilsThread] ERROR pipeline.PipelinePlacementPolicy (PipelinePlacementPolicy.java:meetCriteria(91)) - Pipeline Placement: Doesn't meet the criteria to be viable node. Heaviness: 6
2019-09-12 10:20:28,492 [RatisPipelineUtilsThread] ERROR pipeline.PipelinePlacementPolicy (PipelinePlacementPolicy.java:filterViableNodes(146)) - Unable to find enough nodes that meet the criteria that cannot engage in more than 5 pipelines. Nodes required: 3 Found: 0, healthy nodes count inNodeManager: 3.
2019-09-12 10:20:28,492 [RatisPipelineUtilsThread] ERROR pipeline.SCMPipelineManager (SCMPipelineManager.java:createPipeline(161)) - Pipeline creation failed due to exception: Unable to find enough nodes that meet the criteria that cannot engage in more than 5 pipelines. Nodes required: 3 Found: 0, healthy nodes count inNodeManager: 3.
2019-09-12 10:20:29,116 [main] INFO  ozone.MiniOzoneClusterImpl (MiniOzoneClusterImpl.java:lambda$waitForClusterToBeReady$0(142)) - Cluster is ready. Got 3 of 3 DN Heartbeats.
2019-09-12 10:20:29,117 [main] ERROR pipeline.PipelinePlacementPolicy (PipelinePlacementPolicy.java:meetCriteria(91)) - Pipeline Placement: Doesn't meet the criteria to be viable node. Heaviness: 6
2019-09-12 10:20:29,117 [main] ERROR pipeline.PipelinePlacementPolicy (PipelinePlacementPolicy.java:meetCriteria(91)) - Pipeline Placement: Doesn't meet the criteria to be viable node. Heaviness: 6
2019-09-12 10:20:29,118 [main] ERROR pipeline.PipelinePlacementPolicy (PipelinePlacementPolicy.java:meetCriteria(91)) - Pipeline Placement: Doesn't meet the criteria to be viable node. Heaviness: 6
2019-09-12 10:20:29,118 [main] ERROR pipeline.PipelinePlacementPolicy (PipelinePlacementPolicy.java:filterViableNodes(146)) - Unable to find enough nodes that meet the criteria that cannot engage in more than 5 pipelines. Nodes required: 3 Found: 0, healthy nodes count inNodeManager: 3.
2019-09-12 10:20:29,119 [main] ERROR pipeline.SCMPipelineManager (SCMPipelineManager.java:createPipeline(161)) - Pipeline creation failed due to exception: Unable to find enough nodes that meet the criteria that cannot engage in more than 5 pipelines. Nodes required: 3 Found: 0, healthy nodes count inNodeManager: 3.
2019-09-12 10:20:29,120 [main] INFO  ozone.MiniOzoneClusterImpl (MiniOzoneClusterImpl.java:shutdown(321)) - Shutting down the Mini Ozone Cluster
2019-09-12 10:20:29,120 | INFO  | SCMAudit | user=null | ip=null | op=GET_SCM_INFO null | ret=SUCCESS |  
2019-09-12 10:20:29,120 [main] INFO  ozone.MiniOzoneClusterImpl (MiniOzoneClusterImpl.java:stop(336)) - Stopping the Mini Ozone Cluster
2019-09-12 10:20:29,121 [main] INFO  ozone.MiniOzoneClusterImpl (MiniOzoneClusterImpl.java:stop(338)) - Stopping the OzoneManager
2019-09-12 10:20:29,121 [main] INFO  ipc.Server (Server.java:stop(3082)) - Stopping server on 41958
2019-09-12 10:20:29,126 [IPC Server listener on 41958] INFO  ipc.Server (Server.java:run(1185)) - Stopping IPC Server listener on 41958
2019-09-12 10:20:29,126 [IPC Server Responder] INFO  ipc.Server (Server.java:run(1319)) - Stopping IPC Server Responder
2019-09-12 10:20:29,126 [main] INFO  ratis.OzoneManagerDoubleBuffer (OzoneManagerDoubleBuffer.java:stop(248)) - Stopping OMDoubleBuffer flush thread
2019-09-12 10:20:29,129 [OMDoubleBufferFlushThread] INFO  ratis.OzoneManagerDoubleBuffer (OzoneManagerDoubleBuffer.java:flushTransactions(191)) - OMDoubleBuffer flush thread OMDoubleBufferFlushThread is interrupted and will exit. OMDoubleBufferFlushThread
2019-09-12 10:20:29,129 [main] INFO  utils.BackgroundService (BackgroundService.java:shutdown(148)) - Shutting down service KeyDeletingService
2019-09-12 10:20:29,130 [main] INFO  handler.ContextHandler (ContextHandler.java:doStop(910)) - Stopped o.e.j.w.WebAppContext@cf9bd1e{/,null,UNAVAILABLE}{/ozoneManager}
2019-09-12 10:20:29,131 [main] INFO  server.AbstractConnector (AbstractConnector.java:doStop(318)) - Stopped ServerConnector@39acd1f1{HTTP/1.1,[http/1.1]}{0.0.0.0:0}
2019-09-12 10:20:29,132 [main] INFO  handler.ContextHandler (ContextHandler.java:doStop(910)) - Stopped o.e.j.s.ServletContextHandler@6630dd28{/static,file:///workdir/hadoop-ozone/integration-test/target/test-classes/webapps/static,UNAVAILABLE}
2019-09-12 10:20:29,134 [main] INFO  handler.ContextHandler (ContextHandler.java:doStop(910)) - Stopped o.e.j.s.ServletContextHandler@4fea5ee0{/logs,file:///workdir/hadoop-ozone/integration-test/target/log,UNAVAILABLE}
2019-09-12 10:20:29,137 [main] INFO  ozone.MiniOzoneClusterImpl (MiniOzoneClusterImpl.java:stop(344)) - Shutting the HddsDatanodes
2019-09-12 10:20:29,137 [main] INFO  datanode.ObjectStoreHandler (ObjectStoreHandler.java:close(155)) - Closing ObjectStoreHandler.
2019-09-12 10:20:29,137 [ForkJoinPool.commonPool-worker-0] INFO  datanode.ObjectStoreHandler (ObjectStoreHandler.java:close(155)) - Closing ObjectStoreHandler.
2019-09-12 10:20:29,138 [main] INFO  ozone.HddsDatanodeService (HddsDatanodeService.java:stop(451)) - Stopped plug-in org.apache.hadoop.ozone.web.OzoneHddsDatanodeService@9cc0505
2019-09-12 10:20:29,138 [ForkJoinPool.commonPool-worker-0] INFO  ozone.HddsDatanodeService (HddsDatanodeService.java:stop(451)) - Stopped plug-in org.apache.hadoop.ozone.web.OzoneHddsDatanodeService@2b6b487c
2019-09-12 10:20:29,718 [Datanode State Machine Thread - 0] INFO  statemachine.DatanodeStateMachine (DatanodeStateMachine.java:lambda$startDaemon$0(350)) - Ozone container server started.
2019-09-12 10:20:29,907 [Datanode State Machine Thread - 0] INFO  statemachine.DatanodeStateMachine (DatanodeStateMachine.java:lambda$startDaemon$0(350)) - Ozone container server started.
2019-09-12 10:20:30,118 | INFO  | SCMAudit | user=jenkins1000 | ip=192.168.157.195 | op=SEND_HEARTBEAT {datanodeUUID=e7d5f4a9-6e89-4f9e-9e88-8a026c08c92b, command=[]} | ret=SUCCESS |  
2019-09-12 10:20:30,729 [Thread-965] INFO  container.ReplicationManager (ReplicationManager.java:start(151)) - Starting Replication Monitor Thread.
2019-09-12 10:20:30,732 [ReplicationMonitor] INFO  container.ReplicationManager (ReplicationManager.java:run(214)) - Replication Monitor Thread took 0 milliseconds for processing 0 containers.
2019-09-12 10:20:31,118 | INFO  | SCMAudit | user=jenkins1000 | ip=192.168.157.195 | op=SEND_HEARTBEAT {datanodeUUID=e7d5f4a9-6e89-4f9e-9e88-8a026c08c92b, command=[]} | ret=SUCCESS |  
2019-09-12 10:20:32,117 | INFO  | SCMAudit | user=jenkins1000 | ip=192.168.157.195 | op=SEND_HEARTBEAT {datanodeUUID=e7d5f4a9-6e89-4f9e-9e88-8a026c08c92b, command=[]} | ret=SUCCESS |  
2019-09-12 10:20:32,871 [Thread-967] INFO  impl.FollowerState (FollowerState.java:run(106)) - ce4c04ae-1298-4600-8421-2ddefcbd2095:group-99639AFEB152 changes to CANDIDATE, lastRpcTime:5096, electionTimeout:5096ms
2019-09-12 10:20:32,871 [Thread-967] INFO  impl.RoleInfo (RoleInfo.java:shutdownFollowerState(121)) - ce4c04ae-1298-4600-8421-2ddefcbd2095: shutdown FollowerState
2019-09-12 10:20:32,871 [Thread-967] INFO  impl.RaftServerImpl (RaftServerImpl.java:setRole(171)) - ce4c04ae-1298-4600-8421-2ddefcbd2095:group-99639AFEB152 changes role from FOLLOWER to CANDIDATE at term 0 for changeToCandidate
2019-09-12 10:20:32,871 [Thread-967] INFO  impl.RoleInfo (RoleInfo.java:updateAndGet(143)) - ce4c04ae-1298-4600-8421-2ddefcbd2095: start LeaderElection
2019-09-12 10:20:32,899 [ce4c04ae-1298-4600-8421-2ddefcbd2095:group-99639AFEB152:LeaderElection55] INFO  impl.LeaderElection (LeaderElection.java:askForVotes(181)) - ce4c04ae-1298-4600-8421-2ddefcbd2095:group-99639AFEB152:LeaderElection55: begin an election at term 1 for -1: [ce4c04ae-1298-4600-8421-2ddefcbd2095:192.168.157.195:33161], old=null
2019-09-12 10:20:32,899 [ce4c04ae-1298-4600-8421-2ddefcbd2095:group-99639AFEB152:LeaderElection55] INFO  impl.RoleInfo (RoleInfo.java:shutdownLeaderElection(134)) - ce4c04ae-1298-4600-8421-2ddefcbd2095: shutdown LeaderElection
2019-09-12 10:20:32,899 [ce4c04ae-1298-4600-8421-2ddefcbd2095:group-99639AFEB152:LeaderElection55] INFO  impl.RaftServerImpl (RaftServerImpl.java:setRole(171)) - ce4c04ae-1298-4600-8421-2ddefcbd2095:group-99639AFEB152 changes role from CANDIDATE to LEADER at term 1 for changeToLeader
2019-09-12 10:20:32,899 [ce4c04ae-1298-4600-8421-2ddefcbd2095:group-99639AFEB152:LeaderElection55] INFO  impl.RaftServerImpl (ServerState.java:setLeader(263)) - ce4c04ae-1298-4600-8421-2ddefcbd2095:group-99639AFEB152 change Leader from null to ce4c04ae-1298-4600-8421-2ddefcbd2095 at term 1 for becomeLeader, leader elected after 5129ms
2019-09-12 10:20:32,899 [ce4c04ae-1298-4600-8421-2ddefcbd2095:group-99639AFEB152:LeaderElection55] INFO  server.RaftServerConfigKeys (ConfUtils.java:logGet(43)) - raft.server.staging.catchup.gap = 1000 (default)
2019-09-12 10:20:32,900 [ce4c04ae-1298-4600-8421-2ddefcbd2095:group-99639AFEB152:LeaderElection55] INFO  server.RaftServerConfigKeys (ConfUtils.java:logGet(43)) - raft.server.rpc.sleep.time = 25ms (default)
2019-09-12 10:20:32,900 [ce4c04ae-1298-4600-8421-2ddefcbd2095:group-99639AFEB152:LeaderElection55] INFO  server.RaftServerConfigKeys (ConfUtils.java:logGet(43)) - raft.server.write.element-limit = 4096 (default)
2019-09-12 10:20:32,900 [ce4c04ae-1298-4600-8421-2ddefcbd2095:group-99639AFEB152:LeaderElection55] INFO  server.RaftServerConfigKeys (ConfUtils.java:logGet(43)) - raft.server.watch.timeout = 10s (default)
2019-09-12 10:20:32,900 [ce4c04ae-1298-4600-8421-2ddefcbd2095:group-99639AFEB152:LeaderElection55] INFO  server.RaftServerConfigKeys (ConfUtils.java:logGet(43)) - raft.server.watch.timeout.denomination = 1s (default)
2019-09-12 10:20:32,900 [ce4c04ae-1298-4600-8421-2ddefcbd2095:group-99639AFEB152:LeaderElection55] INFO  server.RaftServerConfigKeys (ConfUtils.java:logGet(43)) - raft.server.watch.element-limit = 65536 (default)
2019-09-12 10:20:32,901 [ce4c04ae-1298-4600-8421-2ddefcbd2095:group-99639AFEB152:LeaderElection55] INFO  impl.RoleInfo (RoleInfo.java:updateAndGet(143)) - ce4c04ae-1298-4600-8421-2ddefcbd2095: start LeaderState
2019-09-12 10:20:32,901 [ce4c04ae-1298-4600-8421-2ddefcbd2095:group-99639AFEB152:LeaderElection55] INFO  segmented.SegmentedRaftLogWorker (SegmentedRaftLogWorker.java:startLogSegment(380)) - ce4c04ae-1298-4600-8421-2ddefcbd2095-SegmentedRaftLogWorker:Storage Directory /workdir/hadoop-ozone/integration-test/target/test-dir/MiniOzoneClusterImpl-7916f1df-c498-4717-aca8-2b9cc087c85f/datanode-0/data/ratis/8325e549-8d60-4721-92d8-99639afeb152: Starting segment from index:0
2019-09-12 10:20:32,902 [ce4c04ae-1298-4600-8421-2ddefcbd2095:group-99639AFEB152:LeaderElection55] INFO  impl.RaftServerImpl (ServerState.java:setRaftConf(361)) - ce4c04ae-1298-4600-8421-2ddefcbd2095:group-99639AFEB152 set configuration 0: [ce4c04ae-1298-4600-8421-2ddefcbd2095:192.168.157.195:33161], old=null at 0
2019-09-12 10:20:32,920 [Thread-970] INFO  impl.FollowerState (FollowerState.java:run(106)) - ce4c04ae-1298-4600-8421-2ddefcbd2095:group-A9B6F8C25D8B changes to CANDIDATE, lastRpcTime:5101, electionTimeout:5101ms
2019-09-12 10:20:32,920 [Thread-970] INFO  impl.RoleInfo (RoleInfo.java:shutdownFollowerState(121)) - ce4c04ae-1298-4600-8421-2ddefcbd2095: shutdown FollowerState
2019-09-12 10:20:32,920 [Thread-970] INFO  impl.RaftServerImpl (RaftServerImpl.java:setRole(171)) - ce4c04ae-1298-4600-8421-2ddefcbd2095:group-A9B6F8C25D8B changes role from FOLLOWER to CANDIDATE at term 0 for changeToCandidate
2019-09-12 10:20:32,921 [Thread-970] INFO  impl.RoleInfo (RoleInfo.java:updateAndGet(143)) - ce4c04ae-1298-4600-8421-2ddefcbd2095: start LeaderElection
2019-09-12 10:20:32,954 [ce4c04ae-1298-4600-8421-2ddefcbd2095-SegmentedRaftLogWorker:Storage Directory /workdir/hadoop-ozone/integration-test/target/test-dir/MiniOzoneClusterImpl-7916f1df-c498-4717-aca8-2b9cc087c85f/datanode-0/data/ratis/8325e549-8d60-4721-92d8-99639afeb152] INFO  segmented.SegmentedRaftLogWorker (SegmentedRaftLogWorker.java:execute(569)) - ce4c04ae-1298-4600-8421-2ddefcbd2095-SegmentedRaftLogWorker:Storage Directory /workdir/hadoop-ozone/integration-test/target/test-dir/MiniOzoneClusterImpl-7916f1df-c498-4717-aca8-2b9cc087c85f/datanode-0/data/ratis/8325e549-8d60-4721-92d8-99639afeb152: created new log segment /workdir/hadoop-ozone/integration-test/target/test-dir/MiniOzoneClusterImpl-7916f1df-c498-4717-aca8-2b9cc087c85f/datanode-0/data/ratis/8325e549-8d60-4721-92d8-99639afeb152/current/log_inprogress_0
2019-09-12 10:20:32,954 [ce4c04ae-1298-4600-8421-2ddefcbd2095:group-A9B6F8C25D8B:LeaderElection56] INFO  impl.LeaderElection (LeaderElection.java:askForVotes(181)) - ce4c04ae-1298-4600-8421-2ddefcbd2095:group-A9B6F8C25D8B:LeaderElection56: begin an election at term 1 for -1: [ce4c04ae-1298-4600-8421-2ddefcbd2095:192.168.157.195:33161], old=null
2019-09-12 10:20:32,955 [ce4c04ae-1298-4600-8421-2ddefcbd2095:group-A9B6F8C25D8B:LeaderElection56] INFO  impl.RoleInfo (RoleInfo.java:shutdownLeaderElection(134)) - ce4c04ae-1298-4600-8421-2ddefcbd2095: shutdown LeaderElection
2019-09-12 10:20:32,955 [ce4c04ae-1298-4600-8421-2ddefcbd2095:group-A9B6F8C25D8B:LeaderElection56] INFO  impl.RaftServerImpl (RaftServerImpl.java:setRole(171)) - ce4c04ae-1298-4600-8421-2ddefcbd2095:group-A9B6F8C25D8B changes role from CANDIDATE to LEADER at term 1 for changeToLeader
2019-09-12 10:20:32,955 [ce4c04ae-1298-4600-8421-2ddefcbd2095:group-A9B6F8C25D8B:LeaderElection56] INFO  impl.RaftServerImpl (ServerState.java:setLeader(263)) - ce4c04ae-1298-4600-8421-2ddefcbd2095:group-A9B6F8C25D8B change Leader from null to ce4c04ae-1298-4600-8421-2ddefcbd2095 at term 1 for becomeLeader, leader elected after 5140ms
2019-09-12 10:20:32,955 [ce4c04ae-1298-4600-8421-2ddefcbd2095:group-A9B6F8C25D8B:LeaderElection56] INFO  server.RaftServerConfigKeys (ConfUtils.java:logGet(43)) - raft.server.staging.catchup.gap = 1000 (default)
2019-09-12 10:20:32,955 [ce4c04ae-1298-4600-8421-2ddefcbd2095:group-A9B6F8C25D8B:LeaderElection56] INFO  server.RaftServerConfigKeys (ConfUtils.java:logGet(43)) - raft.server.rpc.sleep.time = 25ms (default)
2019-09-12 10:20:32,956 [ce4c04ae-1298-4600-8421-2ddefcbd2095:group-A9B6F8C25D8B:LeaderElection56] INFO  server.RaftServerConfigKeys (ConfUtils.java:logGet(43)) - raft.server.write.element-limit = 4096 (default)
2019-09-12 10:20:32,956 [ce4c04ae-1298-4600-8421-2ddefcbd2095:group-A9B6F8C25D8B:LeaderElection56] INFO  server.RaftServerConfigKeys (ConfUtils.java:logGet(43)) - raft.server.watch.timeout = 10s (default)
2019-09-12 10:20:32,956 [ce4c04ae-1298-4600-8421-2ddefcbd2095:group-A9B6F8C25D8B:LeaderElection56] INFO  server.RaftServerConfigKeys (ConfUtils.java:logGet(43)) - raft.server.watch.timeout.denomination = 1s (default)
2019-09-12 10:20:32,956 [ce4c04ae-1298-4600-8421-2ddefcbd2095:group-A9B6F8C25D8B:LeaderElection56] INFO  server.RaftServerConfigKeys (ConfUtils.java:logGet(43)) - raft.server.watch.element-limit = 65536 (default)
2019-09-12 10:20:32,956 [ce4c04ae-1298-4600-8421-2ddefcbd2095:group-A9B6F8C25D8B:LeaderElection56] INFO  impl.RoleInfo (RoleInfo.java:updateAndGet(143)) - ce4c04ae-1298-4600-8421-2ddefcbd2095: start LeaderState
2019-09-12 10:20:32,957 [ce4c04ae-1298-4600-8421-2ddefcbd2095:group-A9B6F8C25D8B:LeaderElection56] INFO  segmented.SegmentedRaftLogWorker (SegmentedRaftLogWorker.java:startLogSegment(380)) - ce4c04ae-1298-4600-8421-2ddefcbd2095-SegmentedRaftLogWorker:Storage Directory /workdir/hadoop-ozone/integration-test/target/test-dir/MiniOzoneClusterImpl-7916f1df-c498-4717-aca8-2b9cc087c85f/datanode-0/data/ratis/f7493399-6882-4a1e-a342-a9b6f8c25d8b: Starting segment from index:0
2019-09-12 10:20:32,957 [ce4c04ae-1298-4600-8421-2ddefcbd2095:group-A9B6F8C25D8B:LeaderElection56] INFO  impl.RaftServerImpl (ServerState.java:setRaftConf(361)) - ce4c04ae-1298-4600-8421-2ddefcbd2095:group-A9B6F8C25D8B set configuration 0: [ce4c04ae-1298-4600-8421-2ddefcbd2095:192.168.157.195:33161], old=null at 0
2019-09-12 10:20:32,970 [Thread-973] INFO  impl.FollowerState (FollowerState.java:run(106)) - ce4c04ae-1298-4600-8421-2ddefcbd2095:group-240DC888D512 changes to CANDIDATE, lastRpcTime:5110, electionTimeout:5110ms
2019-09-12 10:20:32,970 [Thread-973] INFO  impl.RoleInfo (RoleInfo.java:shutdownFollowerState(121)) - ce4c04ae-1298-4600-8421-2ddefcbd2095: shutdown FollowerState
2019-09-12 10:20:32,970 [Thread-973] INFO  impl.RaftServerImpl (RaftServerImpl.java:setRole(171)) - ce4c04ae-1298-4600-8421-2ddefcbd2095:group-240DC888D512 changes role from FOLLOWER to CANDIDATE at term 0 for changeToCandidate
2019-09-12 10:20:32,970 [Thread-973] INFO  impl.RoleInfo (RoleInfo.java:updateAndGet(143)) - ce4c04ae-1298-4600-8421-2ddefcbd2095: start LeaderElection
2019-09-12 10:20:32,991 [Thread-979] INFO  impl.FollowerState (FollowerState.java:run(106)) - ce4c04ae-1298-4600-8421-2ddefcbd2095:group-3F36EE1F6711 changes to CANDIDATE, lastRpcTime:5049, electionTimeout:5034ms
2019-09-12 10:20:32,991 [Thread-979] INFO  impl.RoleInfo (RoleInfo.java:shutdownFollowerState(121)) - ce4c04ae-1298-4600-8421-2ddefcbd2095: shutdown FollowerState
2019-09-12 10:20:32,991 [Thread-979] INFO  impl.RaftServerImpl (RaftServerImpl.java:setRole(171)) - ce4c04ae-1298-4600-8421-2ddefcbd2095:group-3F36EE1F6711 changes role from FOLLOWER to CANDIDATE at term 0 for changeToCandidate
2019-09-12 10:20:32,992 [Thread-979] INFO  impl.RoleInfo (RoleInfo.java:updateAndGet(143)) - ce4c04ae-1298-4600-8421-2ddefcbd2095: start LeaderElection
2019-09-12 10:20:33,004 [ce4c04ae-1298-4600-8421-2ddefcbd2095-SegmentedRaftLogWorker:Storage Directory /workdir/hadoop-ozone/integration-test/target/test-dir/MiniOzoneClusterImpl-7916f1df-c498-4717-aca8-2b9cc087c85f/datanode-0/data/ratis/f7493399-6882-4a1e-a342-a9b6f8c25d8b] INFO  segmented.SegmentedRaftLogWorker (SegmentedRaftLogWorker.java:execute(569)) - ce4c04ae-1298-4600-8421-2ddefcbd2095-SegmentedRaftLogWorker:Storage Directory /workdir/hadoop-ozone/integration-test/target/test-dir/MiniOzoneClusterImpl-7916f1df-c498-4717-aca8-2b9cc087c85f/datanode-0/data/ratis/f7493399-6882-4a1e-a342-a9b6f8c25d8b: created new log segment /workdir/hadoop-ozone/integration-test/target/test-dir/MiniOzoneClusterImpl-7916f1df-c498-4717-aca8-2b9cc087c85f/datanode-0/data/ratis/f7493399-6882-4a1e-a342-a9b6f8c25d8b/current/log_inprogress_0
2019-09-12 10:20:33,004 [ce4c04ae-1298-4600-8421-2ddefcbd2095:group-240DC888D512:LeaderElection57] INFO  impl.LeaderElection (LeaderElection.java:askForVotes(181)) - ce4c04ae-1298-4600-8421-2ddefcbd2095:group-240DC888D512:LeaderElection57: begin an election at term 1 for -1: [ce4c04ae-1298-4600-8421-2ddefcbd2095:192.168.157.195:33161], old=null
2019-09-12 10:20:33,004 [ce4c04ae-1298-4600-8421-2ddefcbd2095:group-3F36EE1F6711:LeaderElection58] INFO  impl.LeaderElection (LeaderElection.java:askForVotes(181)) - ce4c04ae-1298-4600-8421-2ddefcbd2095:group-3F36EE1F6711:LeaderElection58: begin an election at term 1 for -1: [ce4c04ae-1298-4600-8421-2ddefcbd2095:192.168.157.195:33161], old=null
2019-09-12 10:20:33,005 [ce4c04ae-1298-4600-8421-2ddefcbd2095:group-240DC888D512:LeaderElection57] INFO  impl.RoleInfo (RoleInfo.java:shutdownLeaderElection(134)) - ce4c04ae-1298-4600-8421-2ddefcbd2095: shutdown LeaderElection
2019-09-12 10:20:33,005 [ce4c04ae-1298-4600-8421-2ddefcbd2095:group-3F36EE1F6711:LeaderElection58] INFO  impl.RoleInfo (RoleInfo.java:shutdownLeaderElection(134)) - ce4c04ae-1298-4600-8421-2ddefcbd2095: shutdown LeaderElection
2019-09-12 10:20:33,005 [ce4c04ae-1298-4600-8421-2ddefcbd2095:group-240DC888D512:LeaderElection57] INFO  impl.RaftServerImpl (RaftServerImpl.java:setRole(171)) - ce4c04ae-1298-4600-8421-2ddefcbd2095:group-240DC888D512 changes role from CANDIDATE to LEADER at term 1 for changeToLeader
2019-09-12 10:20:33,005 [ce4c04ae-1298-4600-8421-2ddefcbd2095:group-3F36EE1F6711:LeaderElection58] INFO  impl.RaftServerImpl (RaftServerImpl.java:setRole(171)) - ce4c04ae-1298-4600-8421-2ddefcbd2095:group-3F36EE1F6711 changes role from CANDIDATE to LEADER at term 1 for changeToLeader
2019-09-12 10:20:33,005 [ce4c04ae-1298-4600-8421-2ddefcbd2095:group-240DC888D512:LeaderElection57] INFO  impl.RaftServerImpl (ServerState.java:setLeader(263)) - ce4c04ae-1298-4600-8421-2ddefcbd2095:group-240DC888D512 change Leader from null to ce4c04ae-1298-4600-8421-2ddefcbd2095 at term 1 for becomeLeader, leader elected after 5149ms
2019-09-12 10:20:33,005 [ce4c04ae-1298-4600-8421-2ddefcbd2095:group-3F36EE1F6711:LeaderElection58] INFO  impl.RaftServerImpl (ServerState.java:setLeader(263)) - ce4c04ae-1298-4600-8421-2ddefcbd2095:group-3F36EE1F6711 change Leader from null to ce4c04ae-1298-4600-8421-2ddefcbd2095 at term 1 for becomeLeader, leader elected after 5066ms
2019-09-12 10:20:33,006 [ce4c04ae-1298-4600-8421-2ddefcbd2095:group-240DC888D512:LeaderElection57] INFO  server.RaftServerConfigKeys (ConfUtils.java:logGet(43)) - raft.server.staging.catchup.gap = 1000 (default)
2019-09-12 10:20:33,006 [ce4c04ae-1298-4600-8421-2ddefcbd2095:group-3F36EE1F6711:LeaderElection58] INFO  server.RaftServerConfigKeys (ConfUtils.java:logGet(43)) - raft.server.staging.catchup.gap = 1000 (default)
2019-09-12 10:20:33,006 [ce4c04ae-1298-4600-8421-2ddefcbd2095:group-240DC888D512:LeaderElection57] INFO  server.RaftServerConfigKeys (ConfUtils.java:logGet(43)) - raft.server.rpc.sleep.time = 25ms (default)
2019-09-12 10:20:33,006 [ce4c04ae-1298-4600-8421-2ddefcbd2095:group-3F36EE1F6711:LeaderElection58] INFO  server.RaftServerConfigKeys (ConfUtils.java:logGet(43)) - raft.server.rpc.sleep.time = 25ms (default)
2019-09-12 10:20:33,006 [ce4c04ae-1298-4600-8421-2ddefcbd2095:group-240DC888D512:LeaderElection57] INFO  server.RaftServerConfigKeys (ConfUtils.java:logGet(43)) - raft.server.write.element-limit = 4096 (default)
2019-09-12 10:20:33,006 [ce4c04ae-1298-4600-8421-2ddefcbd2095:group-3F36EE1F6711:LeaderElection58] INFO  server.RaftServerConfigKeys (ConfUtils.java:logGet(43)) - raft.server.write.element-limit = 4096 (default)
2019-09-12 10:20:33,006 [ce4c04ae-1298-4600-8421-2ddefcbd2095:group-240DC888D512:LeaderElection57] INFO  server.RaftServerConfigKeys (ConfUtils.java:logGet(43)) - raft.server.watch.timeout = 10s (default)
2019-09-12 10:20:33,007 [ce4c04ae-1298-4600-8421-2ddefcbd2095:group-3F36EE1F6711:LeaderElection58] INFO  server.RaftServerConfigKeys (ConfUtils.java:logGet(43)) - raft.server.watch.timeout = 10s (default)
2019-09-12 10:20:33,007 [ce4c04ae-1298-4600-8421-2ddefcbd2095:group-240DC888D512:LeaderElection57] INFO  server.RaftServerConfigKeys (ConfUtils.java:logGet(43)) - raft.server.watch.timeout.denomination = 1s (default)
2019-09-12 10:20:33,007 [ce4c04ae-1298-4600-8421-2ddefcbd2095:group-3F36EE1F6711:LeaderElection58] INFO  server.RaftServerConfigKeys (ConfUtils.java:logGet(43)) - raft.server.watch.timeout.denomination = 1s (default)
2019-09-12 10:20:33,007 [ce4c04ae-1298-4600-8421-2ddefcbd2095:group-240DC888D512:LeaderElection57] INFO  server.RaftServerConfigKeys (ConfUtils.java:logGet(43)) - raft.server.watch.element-limit = 65536 (default)
2019-09-12 10:20:33,007 [ce4c04ae-1298-4600-8421-2ddefcbd2095:group-3F36EE1F6711:LeaderElection58] INFO  server.RaftServerConfigKeys (ConfUtils.java:logGet(43)) - raft.server.watch.element-limit = 65536 (default)
2019-09-12 10:20:33,008 [ce4c04ae-1298-4600-8421-2ddefcbd2095:group-240DC888D512:LeaderElection57] INFO  impl.RoleInfo (RoleInfo.java:updateAndGet(143)) - ce4c04ae-1298-4600-8421-2ddefcbd2095: start LeaderState
2019-09-12 10:20:33,008 [ce4c04ae-1298-4600-8421-2ddefcbd2095:group-3F36EE1F6711:LeaderElection58] INFO  impl.RoleInfo (RoleInfo.java:updateAndGet(143)) - ce4c04ae-1298-4600-8421-2ddefcbd2095: start LeaderState
2019-09-12 10:20:33,008 [ce4c04ae-1298-4600-8421-2ddefcbd2095:group-240DC888D512:LeaderElection57] INFO  segmented.SegmentedRaftLogWorker (SegmentedRaftLogWorker.java:startLogSegment(380)) - ce4c04ae-1298-4600-8421-2ddefcbd2095-SegmentedRaftLogWorker:Storage Directory /workdir/hadoop-ozone/integration-test/target/test-dir/MiniOzoneClusterImpl-7916f1df-c498-4717-aca8-2b9cc087c85f/datanode-0/data/ratis/167b09ba-06a2-4ecf-96ea-240dc888d512: Starting segment from index:0
2019-09-12 10:20:33,008 [ce4c04ae-1298-4600-8421-2ddefcbd2095:group-3F36EE1F6711:LeaderElection58] INFO  segmented.SegmentedRaftLogWorker (SegmentedRaftLogWorker.java:startLogSegment(380)) - ce4c04ae-1298-4600-8421-2ddefcbd2095-SegmentedRaftLogWorker:Storage Directory /workdir/hadoop-ozone/integration-test/target/test-dir/MiniOzoneClusterImpl-7916f1df-c498-4717-aca8-2b9cc087c85f/datanode-0/data/ratis/841a74bc-a1fb-4001-b3c8-3f36ee1f6711: Starting segment from index:0
2019-09-12 10:20:33,009 [ce4c04ae-1298-4600-8421-2ddefcbd2095:group-240DC888D512:LeaderElection57] INFO  impl.RaftServerImpl (ServerState.java:setRaftConf(361)) - ce4c04ae-1298-4600-8421-2ddefcbd2095:group-240DC888D512 set configuration 0: [ce4c04ae-1298-4600-8421-2ddefcbd2095:192.168.157.195:33161], old=null at 0
2019-09-12 10:20:33,009 [ce4c04ae-1298-4600-8421-2ddefcbd2095:group-3F36EE1F6711:LeaderElection58] INFO  impl.RaftServerImpl (ServerState.java:setRaftConf(361)) - ce4c04ae-1298-4600-8421-2ddefcbd2095:group-3F36EE1F6711 set configuration 0: [ce4c04ae-1298-4600-8421-2ddefcbd2095:192.168.157.195:33161], old=null at 0
2019-09-12 10:20:33,047 [Thread-976] INFO  impl.FollowerState (FollowerState.java:run(106)) - ce4c04ae-1298-4600-8421-2ddefcbd2095:group-9D83187884B9 changes to CANDIDATE, lastRpcTime:5146, electionTimeout:5146ms
2019-09-12 10:20:33,047 [Thread-976] INFO  impl.RoleInfo (RoleInfo.java:shutdownFollowerState(121)) - ce4c04ae-1298-4600-8421-2ddefcbd2095: shutdown FollowerState
2019-09-12 10:20:33,047 [Thread-976] INFO  impl.RaftServerImpl (RaftServerImpl.java:setRole(171)) - ce4c04ae-1298-4600-8421-2ddefcbd2095:group-9D83187884B9 changes role from FOLLOWER to CANDIDATE at term 0 for changeToCandidate
2019-09-12 10:20:33,048 [Thread-976] INFO  impl.RoleInfo (RoleInfo.java:updateAndGet(143)) - ce4c04ae-1298-4600-8421-2ddefcbd2095: start LeaderElection
2019-09-12 10:20:33,064 [ce4c04ae-1298-4600-8421-2ddefcbd2095-SegmentedRaftLogWorker:Storage Directory /workdir/hadoop-ozone/integration-test/target/test-dir/MiniOzoneClusterImpl-7916f1df-c498-4717-aca8-2b9cc087c85f/datanode-0/data/ratis/841a74bc-a1fb-4001-b3c8-3f36ee1f6711] INFO  segmented.SegmentedRaftLogWorker (SegmentedRaftLogWorker.java:execute(569)) - ce4c04ae-1298-4600-8421-2ddefcbd2095-SegmentedRaftLogWorker:Storage Directory /workdir/hadoop-ozone/integration-test/target/test-dir/MiniOzoneClusterImpl-7916f1df-c498-4717-aca8-2b9cc087c85f/datanode-0/data/ratis/841a74bc-a1fb-4001-b3c8-3f36ee1f6711: created new log segment /workdir/hadoop-ozone/integration-test/target/test-dir/MiniOzoneClusterImpl-7916f1df-c498-4717-aca8-2b9cc087c85f/datanode-0/data/ratis/841a74bc-a1fb-4001-b3c8-3f36ee1f6711/current/log_inprogress_0
2019-09-12 10:20:33,064 [ce4c04ae-1298-4600-8421-2ddefcbd2095:group-9D83187884B9:LeaderElection59] INFO  impl.LeaderElection (LeaderElection.java:askForVotes(181)) - ce4c04ae-1298-4600-8421-2ddefcbd2095:group-9D83187884B9:LeaderElection59: begin an election at term 1 for -1: [ce4c04ae-1298-4600-8421-2ddefcbd2095:192.168.157.195:33161], old=null
2019-09-12 10:20:33,064 [ce4c04ae-1298-4600-8421-2ddefcbd2095-SegmentedRaftLogWorker:Storage Directory /workdir/hadoop-ozone/integration-test/target/test-dir/MiniOzoneClusterImpl-7916f1df-c498-4717-aca8-2b9cc087c85f/datanode-0/data/ratis/167b09ba-06a2-4ecf-96ea-240dc888d512] INFO  segmented.SegmentedRaftLogWorker (SegmentedRaftLogWorker.java:execute(569)) - ce4c04ae-1298-4600-8421-2ddefcbd2095-SegmentedRaftLogWorker:Storage Directory /workdir/hadoop-ozone/integration-test/target/test-dir/MiniOzoneClusterImpl-7916f1df-c498-4717-aca8-2b9cc087c85f/datanode-0/data/ratis/167b09ba-06a2-4ecf-96ea-240dc888d512: created new log segment /workdir/hadoop-ozone/integration-test/target/test-dir/MiniOzoneClusterImpl-7916f1df-c498-4717-aca8-2b9cc087c85f/datanode-0/data/ratis/167b09ba-06a2-4ecf-96ea-240dc888d512/current/log_inprogress_0
2019-09-12 10:20:33,065 [ce4c04ae-1298-4600-8421-2ddefcbd2095:group-9D83187884B9:LeaderElection59] INFO  impl.RoleInfo (RoleInfo.java:shutdownLeaderElection(134)) - ce4c04ae-1298-4600-8421-2ddefcbd2095: shutdown LeaderElection
2019-09-12 10:20:33,065 [ce4c04ae-1298-4600-8421-2ddefcbd2095:group-9D83187884B9:LeaderElection59] INFO  impl.RaftServerImpl (RaftServerImpl.java:setRole(171)) - ce4c04ae-1298-4600-8421-2ddefcbd2095:group-9D83187884B9 changes role from CANDIDATE to LEADER at term 1 for changeToLeader
2019-09-12 10:20:33,065 [ce4c04ae-1298-4600-8421-2ddefcbd2095:group-9D83187884B9:LeaderElection59] INFO  impl.RaftServerImpl (ServerState.java:setLeader(263)) - ce4c04ae-1298-4600-8421-2ddefcbd2095:group-9D83187884B9 change Leader from null to ce4c04ae-1298-4600-8421-2ddefcbd2095 at term 1 for becomeLeader, leader elected after 5168ms
2019-09-12 10:20:33,065 [ce4c04ae-1298-4600-8421-2ddefcbd2095:group-9D83187884B9:LeaderElection59] INFO  server.RaftServerConfigKeys (ConfUtils.java:logGet(43)) - raft.server.staging.catchup.gap = 1000 (default)
2019-09-12 10:20:33,065 [ce4c04ae-1298-4600-8421-2ddefcbd2095:group-9D83187884B9:LeaderElection59] INFO  server.RaftServerConfigKeys (ConfUtils.java:logGet(43)) - raft.server.rpc.sleep.time = 25ms (default)
2019-09-12 10:20:33,066 [ce4c04ae-1298-4600-8421-2ddefcbd2095:group-9D83187884B9:LeaderElection59] INFO  server.RaftServerConfigKeys (ConfUtils.java:logGet(43)) - raft.server.write.element-limit = 4096 (default)
2019-09-12 10:20:33,066 [ce4c04ae-1298-4600-8421-2ddefcbd2095:group-9D83187884B9:LeaderElection59] INFO  server.RaftServerConfigKeys (ConfUtils.java:logGet(43)) - raft.server.watch.timeout = 10s (default)
2019-09-12 10:20:33,066 [ce4c04ae-1298-4600-8421-2ddefcbd2095:group-9D83187884B9:LeaderElection59] INFO  server.RaftServerConfigKeys (ConfUtils.java:logGet(43)) - raft.server.watch.timeout.denomination = 1s (default)
2019-09-12 10:20:33,066 [ce4c04ae-1298-4600-8421-2ddefcbd2095:group-9D83187884B9:LeaderElection59] INFO  server.RaftServerConfigKeys (ConfUtils.java:logGet(43)) - raft.server.watch.element-limit = 65536 (default)
2019-09-12 10:20:33,066 [ce4c04ae-1298-4600-8421-2ddefcbd2095:group-9D83187884B9:LeaderElection59] INFO  impl.RoleInfo (RoleInfo.java:updateAndGet(143)) - ce4c04ae-1298-4600-8421-2ddefcbd2095: start LeaderState
2019-09-12 10:20:33,067 [ce4c04ae-1298-4600-8421-2ddefcbd2095:group-9D83187884B9:LeaderElection59] INFO  segmented.SegmentedRaftLogWorker (SegmentedRaftLogWorker.java:startLogSegment(380)) - ce4c04ae-1298-4600-8421-2ddefcbd2095-SegmentedRaftLogWorker:Storage Directory /workdir/hadoop-ozone/integration-test/target/test-dir/MiniOzoneClusterImpl-7916f1df-c498-4717-aca8-2b9cc087c85f/datanode-0/data/ratis/f4a494f8-96f3-4794-9a02-9d83187884b9: Starting segment from index:0
2019-09-12 10:20:33,067 [ce4c04ae-1298-4600-8421-2ddefcbd2095:group-9D83187884B9:LeaderElection59] INFO  impl.RaftServerImpl (ServerState.java:setRaftConf(361)) - ce4c04ae-1298-4600-8421-2ddefcbd2095:group-9D83187884B9 set configuration 0: [ce4c04ae-1298-4600-8421-2ddefcbd2095:192.168.157.195:33161], old=null at 0
2019-09-12 10:20:33,070 [Thread-985] INFO  impl.FollowerState (FollowerState.java:run(106)) - 14a6a790-57eb-4f24-a5aa-1517ce37e105:group-1CD1F78F9E39 changes to CANDIDATE, lastRpcTime:5049, electionTimeout:5049ms
2019-09-12 10:20:33,070 [Thread-985] INFO  impl.RoleInfo (RoleInfo.java:shutdownFollowerState(121)) - 14a6a790-57eb-4f24-a5aa-1517ce37e105: shutdown FollowerState
2019-09-12 10:20:33,070 [Thread-985] INFO  impl.RaftServerImpl (RaftServerImpl.java:setRole(171)) - 14a6a790-57eb-4f24-a5aa-1517ce37e105:group-1CD1F78F9E39 changes role from FOLLOWER to CANDIDATE at term 0 for changeToCandidate
2019-09-12 10:20:33,070 [Thread-985] INFO  impl.RoleInfo (RoleInfo.java:updateAndGet(143)) - 14a6a790-57eb-4f24-a5aa-1517ce37e105: start LeaderElection
2019-09-12 10:20:33,117 [ce4c04ae-1298-4600-8421-2ddefcbd2095-SegmentedRaftLogWorker:Storage Directory /workdir/hadoop-ozone/integration-test/target/test-dir/MiniOzoneClusterImpl-7916f1df-c498-4717-aca8-2b9cc087c85f/datanode-0/data/ratis/f4a494f8-96f3-4794-9a02-9d83187884b9] INFO  segmented.SegmentedRaftLogWorker (SegmentedRaftLogWorker.java:execute(569)) - ce4c04ae-1298-4600-8421-2ddefcbd2095-SegmentedRaftLogWorker:Storage Directory /workdir/hadoop-ozone/integration-test/target/test-dir/MiniOzoneClusterImpl-7916f1df-c498-4717-aca8-2b9cc087c85f/datanode-0/data/ratis/f4a494f8-96f3-4794-9a02-9d83187884b9: created new log segment /workdir/hadoop-ozone/integration-test/target/test-dir/MiniOzoneClusterImpl-7916f1df-c498-4717-aca8-2b9cc087c85f/datanode-0/data/ratis/f4a494f8-96f3-4794-9a02-9d83187884b9/current/log_inprogress_0
2019-09-12 10:20:33,117 [14a6a790-57eb-4f24-a5aa-1517ce37e105:group-1CD1F78F9E39:LeaderElection60] INFO  impl.LeaderElection (LeaderElection.java:askForVotes(181)) - 14a6a790-57eb-4f24-a5aa-1517ce37e105:group-1CD1F78F9E39:LeaderElection60: begin an election at term 1 for -1: [14a6a790-57eb-4f24-a5aa-1517ce37e105:192.168.157.195:43901], old=null
2019-09-12 10:20:33,118 [14a6a790-57eb-4f24-a5aa-1517ce37e105:group-1CD1F78F9E39:LeaderElection60] INFO  impl.RoleInfo (RoleInfo.java:shutdownLeaderElection(134)) - 14a6a790-57eb-4f24-a5aa-1517ce37e105: shutdown LeaderElection
2019-09-12 10:20:33,118 [14a6a790-57eb-4f24-a5aa-1517ce37e105:group-1CD1F78F9E39:LeaderElection60] INFO  impl.RaftServerImpl (RaftServerImpl.java:setRole(171)) - 14a6a790-57eb-4f24-a5aa-1517ce37e105:group-1CD1F78F9E39 changes role from CANDIDATE to LEADER at term 1 for changeToLeader
2019-09-12 10:20:33,118 [14a6a790-57eb-4f24-a5aa-1517ce37e105:group-1CD1F78F9E39:LeaderElection60] INFO  impl.RaftServerImpl (ServerState.java:setLeader(263)) - 14a6a790-57eb-4f24-a5aa-1517ce37e105:group-1CD1F78F9E39 change Leader from null to 14a6a790-57eb-4f24-a5aa-1517ce37e105 at term 1 for becomeLeader, leader elected after 5101ms
2019-09-12 10:20:33,118 | INFO  | SCMAudit | user=jenkins1000 | ip=192.168.157.195 | op=SEND_HEARTBEAT {datanodeUUID=e7d5f4a9-6e89-4f9e-9e88-8a026c08c92b, command=[]} | ret=SUCCESS |  
2019-09-12 10:20:33,118 [14a6a790-57eb-4f24-a5aa-1517ce37e105:group-1CD1F78F9E39:LeaderElection60] INFO  server.RaftServerConfigKeys (ConfUtils.java:logGet(43)) - raft.server.staging.catchup.gap = 1000 (default)
2019-09-12 10:20:33,118 [14a6a790-57eb-4f24-a5aa-1517ce37e105:group-1CD1F78F9E39:LeaderElection60] INFO  server.RaftServerConfigKeys (ConfUtils.java:logGet(43)) - raft.server.rpc.sleep.time = 25ms (default)
2019-09-12 10:20:33,118 [14a6a790-57eb-4f24-a5aa-1517ce37e105:group-1CD1F78F9E39:LeaderElection60] INFO  server.RaftServerConfigKeys (ConfUtils.java:logGet(43)) - raft.server.write.element-limit = 4096 (default)
2019-09-12 10:20:33,119 [14a6a790-57eb-4f24-a5aa-1517ce37e105:group-1CD1F78F9E39:LeaderElection60] INFO  server.RaftServerConfigKeys (ConfUtils.java:logGet(43)) - raft.server.watch.timeout = 10s (default)
2019-09-12 10:20:33,119 [14a6a790-57eb-4f24-a5aa-1517ce37e105:group-1CD1F78F9E39:LeaderElection60] INFO  server.RaftServerConfigKeys (ConfUtils.java:logGet(43)) - raft.server.watch.timeout.denomination = 1s (default)
2019-09-12 10:20:33,119 [14a6a790-57eb-4f24-a5aa-1517ce37e105:group-1CD1F78F9E39:LeaderElection60] INFO  server.RaftServerConfigKeys (ConfUtils.java:logGet(43)) - raft.server.watch.element-limit = 65536 (default)
2019-09-12 10:20:33,119 [14a6a790-57eb-4f24-a5aa-1517ce37e105:group-1CD1F78F9E39:LeaderElection60] INFO  impl.RoleInfo (RoleInfo.java:updateAndGet(143)) - 14a6a790-57eb-4f24-a5aa-1517ce37e105: start LeaderState
2019-09-12 10:20:33,119 [14a6a790-57eb-4f24-a5aa-1517ce37e105:group-1CD1F78F9E39:LeaderElection60] INFO  segmented.SegmentedRaftLogWorker (SegmentedRaftLogWorker.java:startLogSegment(380)) - 14a6a790-57eb-4f24-a5aa-1517ce37e105-SegmentedRaftLogWorker:Storage Directory /workdir/hadoop-ozone/integration-test/target/test-dir/MiniOzoneClusterImpl-7916f1df-c498-4717-aca8-2b9cc087c85f/datanode-1/data/ratis/3347857d-7c01-4b65-a64e-1cd1f78f9e39: Starting segment from index:0
2019-09-12 10:20:33,120 [14a6a790-57eb-4f24-a5aa-1517ce37e105:group-1CD1F78F9E39:LeaderElection60] INFO  impl.RaftServerImpl (ServerState.java:setRaftConf(361)) - 14a6a790-57eb-4f24-a5aa-1517ce37e105:group-1CD1F78F9E39 set configuration 0: [14a6a790-57eb-4f24-a5aa-1517ce37e105:192.168.157.195:43901], old=null at 0
2019-09-12 10:20:33,162 [14a6a790-57eb-4f24-a5aa-1517ce37e105-SegmentedRaftLogWorker:Storage Directory /workdir/hadoop-ozone/integration-test/target/test-dir/MiniOzoneClusterImpl-7916f1df-c498-4717-aca8-2b9cc087c85f/datanode-1/data/ratis/3347857d-7c01-4b65-a64e-1cd1f78f9e39] INFO  segmented.SegmentedRaftLogWorker (SegmentedRaftLogWorker.java:execute(569)) - 14a6a790-57eb-4f24-a5aa-1517ce37e105-SegmentedRaftLogWorker:Storage Directory /workdir/hadoop-ozone/integration-test/target/test-dir/MiniOzoneClusterImpl-7916f1df-c498-4717-aca8-2b9cc087c85f/datanode-1/data/ratis/3347857d-7c01-4b65-a64e-1cd1f78f9e39: created new log segment /workdir/hadoop-ozone/integration-test/target/test-dir/MiniOzoneClusterImpl-7916f1df-c498-4717-aca8-2b9cc087c85f/datanode-1/data/ratis/3347857d-7c01-4b65-a64e-1cd1f78f9e39/current/log_inprogress_0
2019-09-12 10:20:33,171 [Thread-982] INFO  impl.FollowerState (FollowerState.java:run(106)) - ce4c04ae-1298-4600-8421-2ddefcbd2095:group-A144F03DCCE4 changes to CANDIDATE, lastRpcTime:5192, electionTimeout:5192ms
2019-09-12 10:20:33,171 [Thread-982] INFO  impl.RoleInfo (RoleInfo.java:shutdownFollowerState(121)) - ce4c04ae-1298-4600-8421-2ddefcbd2095: shutdown FollowerState
2019-09-12 10:20:33,171 [Thread-982] INFO  impl.RaftServerImpl (RaftServerImpl.java:setRole(171)) - ce4c04ae-1298-4600-8421-2ddefcbd2095:group-A144F03DCCE4 changes role from FOLLOWER to CANDIDATE at term 0 for changeToCandidate
2019-09-12 10:20:33,172 [Thread-982] INFO  impl.RoleInfo (RoleInfo.java:updateAndGet(143)) - ce4c04ae-1298-4600-8421-2ddefcbd2095: start LeaderElection
2019-09-12 10:20:33,186 [ce4c04ae-1298-4600-8421-2ddefcbd2095:group-A144F03DCCE4:LeaderElection61] INFO  impl.LeaderElection (LeaderElection.java:askForVotes(181)) - ce4c04ae-1298-4600-8421-2ddefcbd2095:group-A144F03DCCE4:LeaderElection61: begin an election at term 1 for -1: [ce4c04ae-1298-4600-8421-2ddefcbd2095:192.168.157.195:33161], old=null
2019-09-12 10:20:33,186 [ce4c04ae-1298-4600-8421-2ddefcbd2095:group-A144F03DCCE4:LeaderElection61] INFO  impl.RoleInfo (RoleInfo.java:shutdownLeaderElection(134)) - ce4c04ae-1298-4600-8421-2ddefcbd2095: shutdown LeaderElection
2019-09-12 10:20:33,186 [ce4c04ae-1298-4600-8421-2ddefcbd2095:group-A144F03DCCE4:LeaderElection61] INFO  impl.RaftServerImpl (RaftServerImpl.java:setRole(171)) - ce4c04ae-1298-4600-8421-2ddefcbd2095:group-A144F03DCCE4 changes role from CANDIDATE to LEADER at term 1 for changeToLeader
2019-09-12 10:20:33,187 [ce4c04ae-1298-4600-8421-2ddefcbd2095:group-A144F03DCCE4:LeaderElection61] INFO  impl.RaftServerImpl (ServerState.java:setLeader(263)) - ce4c04ae-1298-4600-8421-2ddefcbd2095:group-A144F03DCCE4 change Leader from null to ce4c04ae-1298-4600-8421-2ddefcbd2095 at term 1 for becomeLeader, leader elected after 5211ms
2019-09-12 10:20:33,187 [ce4c04ae-1298-4600-8421-2ddefcbd2095:group-A144F03DCCE4:LeaderElection61] INFO  server.RaftServerConfigKeys (ConfUtils.java:logGet(43)) - raft.server.staging.catchup.gap = 1000 (default)
2019-09-12 10:20:33,187 [ce4c04ae-1298-4600-8421-2ddefcbd2095:group-A144F03DCCE4:LeaderElection61] INFO  server.RaftServerConfigKeys (ConfUtils.java:logGet(43)) - raft.server.rpc.sleep.time = 25ms (default)
2019-09-12 10:20:33,187 [ce4c04ae-1298-4600-8421-2ddefcbd2095:group-A144F03DCCE4:LeaderElection61] INFO  server.RaftServerConfigKeys (ConfUtils.java:logGet(43)) - raft.server.write.element-limit = 4096 (default)
2019-09-12 10:20:33,187 [ce4c04ae-1298-4600-8421-2ddefcbd2095:group-A144F03DCCE4:LeaderElection61] INFO  server.RaftServerConfigKeys (ConfUtils.java:logGet(43)) - raft.server.watch.timeout = 10s (default)
2019-09-12 10:20:33,187 [ce4c04ae-1298-4600-8421-2ddefcbd2095:group-A144F03DCCE4:LeaderElection61] INFO  server.RaftServerConfigKeys (ConfUtils.java:logGet(43)) - raft.server.watch.timeout.denomination = 1s (default)
2019-09-12 10:20:33,187 [ce4c04ae-1298-4600-8421-2ddefcbd2095:group-A144F03DCCE4:LeaderElection61] INFO  server.RaftServerConfigKeys (ConfUtils.java:logGet(43)) - raft.server.watch.element-limit = 65536 (default)
2019-09-12 10:20:33,187 [ce4c04ae-1298-4600-8421-2ddefcbd2095:group-A144F03DCCE4:LeaderElection61] INFO  impl.RoleInfo (RoleInfo.java:updateAndGet(143)) - ce4c04ae-1298-4600-8421-2ddefcbd2095: start LeaderState
2019-09-12 10:20:33,188 [ce4c04ae-1298-4600-8421-2ddefcbd2095:group-A144F03DCCE4:LeaderElection61] INFO  segmented.SegmentedRaftLogWorker (SegmentedRaftLogWorker.java:startLogSegment(380)) - ce4c04ae-1298-4600-8421-2ddefcbd2095-SegmentedRaftLogWorker:Storage Directory /workdir/hadoop-ozone/integration-test/target/test-dir/MiniOzoneClusterImpl-7916f1df-c498-4717-aca8-2b9cc087c85f/datanode-0/data/ratis/5b2eb01d-f7cb-4f19-956f-a144f03dcce4: Starting segment from index:0
2019-09-12 10:20:33,188 [Thread-991] INFO  impl.FollowerState (FollowerState.java:run(106)) - 14a6a790-57eb-4f24-a5aa-1517ce37e105:group-CF69D123A47A changes to CANDIDATE, lastRpcTime:5069, electionTimeout:5069ms
2019-09-12 10:20:33,188 [Thread-991] INFO  impl.RoleInfo (RoleInfo.java:shutdownFollowerState(121)) - 14a6a790-57eb-4f24-a5aa-1517ce37e105: shutdown FollowerState
2019-09-12 10:20:33,188 [Thread-991] INFO  impl.RaftServerImpl (RaftServerImpl.java:setRole(171)) - 14a6a790-57eb-4f24-a5aa-1517ce37e105:group-CF69D123A47A changes role from FOLLOWER to CANDIDATE at term 0 for changeToCandidate
2019-09-12 10:20:33,188 [ce4c04ae-1298-4600-8421-2ddefcbd2095:group-A144F03DCCE4:LeaderElection61] INFO  impl.RaftServerImpl (ServerState.java:setRaftConf(361)) - ce4c04ae-1298-4600-8421-2ddefcbd2095:group-A144F03DCCE4 set configuration 0: [ce4c04ae-1298-4600-8421-2ddefcbd2095:192.168.157.195:33161], old=null at 0
2019-09-12 10:20:33,188 [Thread-991] INFO  impl.RoleInfo (RoleInfo.java:updateAndGet(143)) - 14a6a790-57eb-4f24-a5aa-1517ce37e105: start LeaderElection
2019-09-12 10:20:33,229 [ce4c04ae-1298-4600-8421-2ddefcbd2095-SegmentedRaftLogWorker:Storage Directory /workdir/hadoop-ozone/integration-test/target/test-dir/MiniOzoneClusterImpl-7916f1df-c498-4717-aca8-2b9cc087c85f/datanode-0/data/ratis/5b2eb01d-f7cb-4f19-956f-a144f03dcce4] INFO  segmented.SegmentedRaftLogWorker (SegmentedRaftLogWorker.java:execute(569)) - ce4c04ae-1298-4600-8421-2ddefcbd2095-SegmentedRaftLogWorker:Storage Directory /workdir/hadoop-ozone/integration-test/target/test-dir/MiniOzoneClusterImpl-7916f1df-c498-4717-aca8-2b9cc087c85f/datanode-0/data/ratis/5b2eb01d-f7cb-4f19-956f-a144f03dcce4: created new log segment /workdir/hadoop-ozone/integration-test/target/test-dir/MiniOzoneClusterImpl-7916f1df-c498-4717-aca8-2b9cc087c85f/datanode-0/data/ratis/5b2eb01d-f7cb-4f19-956f-a144f03dcce4/current/log_inprogress_0
2019-09-12 10:20:33,229 [14a6a790-57eb-4f24-a5aa-1517ce37e105:group-CF69D123A47A:LeaderElection62] INFO  impl.LeaderElection (LeaderElection.java:askForVotes(181)) - 14a6a790-57eb-4f24-a5aa-1517ce37e105:group-CF69D123A47A:LeaderElection62: begin an election at term 1 for -1: [14a6a790-57eb-4f24-a5aa-1517ce37e105:192.168.157.195:43901], old=null
2019-09-12 10:20:33,229 [14a6a790-57eb-4f24-a5aa-1517ce37e105:group-CF69D123A47A:LeaderElection62] INFO  impl.RoleInfo (RoleInfo.java:shutdownLeaderElection(134)) - 14a6a790-57eb-4f24-a5aa-1517ce37e105: shutdown LeaderElection
2019-09-12 10:20:33,229 [14a6a790-57eb-4f24-a5aa-1517ce37e105:group-CF69D123A47A:LeaderElection62] INFO  impl.RaftServerImpl (RaftServerImpl.java:setRole(171)) - 14a6a790-57eb-4f24-a5aa-1517ce37e105:group-CF69D123A47A changes role from CANDIDATE to LEADER at term 1 for changeToLeader
2019-09-12 10:20:33,230 [14a6a790-57eb-4f24-a5aa-1517ce37e105:group-CF69D123A47A:LeaderElection62] INFO  impl.RaftServerImpl (ServerState.java:setLeader(263)) - 14a6a790-57eb-4f24-a5aa-1517ce37e105:group-CF69D123A47A change Leader from null to 14a6a790-57eb-4f24-a5aa-1517ce37e105 at term 1 for becomeLeader, leader elected after 5117ms
2019-09-12 10:20:33,230 [14a6a790-57eb-4f24-a5aa-1517ce37e105:group-CF69D123A47A:LeaderElection62] INFO  server.RaftServerConfigKeys (ConfUtils.java:logGet(43)) - raft.server.staging.catchup.gap = 1000 (default)
2019-09-12 10:20:33,230 [14a6a790-57eb-4f24-a5aa-1517ce37e105:group-CF69D123A47A:LeaderElection62] INFO  server.RaftServerConfigKeys (ConfUtils.java:logGet(43)) - raft.server.rpc.sleep.time = 25ms (default)
2019-09-12 10:20:33,230 [14a6a790-57eb-4f24-a5aa-1517ce37e105:group-CF69D123A47A:LeaderElection62] INFO  server.RaftServerConfigKeys (ConfUtils.java:logGet(43)) - raft.server.write.element-limit = 4096 (default)
2019-09-12 10:20:33,230 [14a6a790-57eb-4f24-a5aa-1517ce37e105:group-CF69D123A47A:LeaderElection62] INFO  server.RaftServerConfigKeys (ConfUtils.java:logGet(43)) - raft.server.watch.timeout = 10s (default)
2019-09-12 10:20:33,230 [14a6a790-57eb-4f24-a5aa-1517ce37e105:group-CF69D123A47A:LeaderElection62] INFO  server.RaftServerConfigKeys (ConfUtils.java:logGet(43)) - raft.server.watch.timeout.denomination = 1s (default)
2019-09-12 10:20:33,231 [14a6a790-57eb-4f24-a5aa-1517ce37e105:group-CF69D123A47A:LeaderElection62] INFO  server.RaftServerConfigKeys (ConfUtils.java:logGet(43)) - raft.server.watch.element-limit = 65536 (default)
2019-09-12 10:20:33,231 [14a6a790-57eb-4f24-a5aa-1517ce37e105:group-CF69D123A47A:LeaderElection62] INFO  impl.RoleInfo (RoleInfo.java:updateAndGet(143)) - 14a6a790-57eb-4f24-a5aa-1517ce37e105: start LeaderState
2019-09-12 10:20:33,231 [14a6a790-57eb-4f24-a5aa-1517ce37e105:group-CF69D123A47A:LeaderElection62] INFO  segmented.SegmentedRaftLogWorker (SegmentedRaftLogWorker.java:startLogSegment(380)) - 14a6a790-57eb-4f24-a5aa-1517ce37e105-SegmentedRaftLogWorker:Storage Directory /workdir/hadoop-ozone/integration-test/target/test-dir/MiniOzoneClusterImpl-7916f1df-c498-4717-aca8-2b9cc087c85f/datanode-1/data/ratis/0487a27d-baea-4455-bf21-cf69d123a47a: Starting segment from index:0
2019-09-12 10:20:33,232 [14a6a790-57eb-4f24-a5aa-1517ce37e105:group-CF69D123A47A:LeaderElection62] INFO  impl.RaftServerImpl (ServerState.java:setRaftConf(361)) - 14a6a790-57eb-4f24-a5aa-1517ce37e105:group-CF69D123A47A set configuration 0: [14a6a790-57eb-4f24-a5aa-1517ce37e105:192.168.157.195:43901], old=null at 0
2019-09-12 10:20:33,261 [Thread-988] INFO  impl.FollowerState (FollowerState.java:run(106)) - 14a6a790-57eb-4f24-a5aa-1517ce37e105:group-6464A7F84FE4 changes to CANDIDATE, lastRpcTime:5195, electionTimeout:5195ms
2019-09-12 10:20:33,261 [Thread-988] INFO  impl.RoleInfo (RoleInfo.java:shutdownFollowerState(121)) - 14a6a790-57eb-4f24-a5aa-1517ce37e105: shutdown FollowerState
2019-09-12 10:20:33,261 [Thread-988] INFO  impl.RaftServerImpl (RaftServerImpl.java:setRole(171)) - 14a6a790-57eb-4f24-a5aa-1517ce37e105:group-6464A7F84FE4 changes role from FOLLOWER to CANDIDATE at term 0 for changeToCandidate
2019-09-12 10:20:33,261 [Thread-988] INFO  impl.RoleInfo (RoleInfo.java:updateAndGet(143)) - 14a6a790-57eb-4f24-a5aa-1517ce37e105: start LeaderElection
2019-09-12 10:20:33,280 [14a6a790-57eb-4f24-a5aa-1517ce37e105-SegmentedRaftLogWorker:Storage Directory /workdir/hadoop-ozone/integration-test/target/test-dir/MiniOzoneClusterImpl-7916f1df-c498-4717-aca8-2b9cc087c85f/datanode-1/data/ratis/0487a27d-baea-4455-bf21-cf69d123a47a] INFO  segmented.SegmentedRaftLogWorker (SegmentedRaftLogWorker.java:execute(569)) - 14a6a790-57eb-4f24-a5aa-1517ce37e105-SegmentedRaftLogWorker:Storage Directory /workdir/hadoop-ozone/integration-test/target/test-dir/MiniOzoneClusterImpl-7916f1df-c498-4717-aca8-2b9cc087c85f/datanode-1/data/ratis/0487a27d-baea-4455-bf21-cf69d123a47a: created new log segment /workdir/hadoop-ozone/integration-test/target/test-dir/MiniOzoneClusterImpl-7916f1df-c498-4717-aca8-2b9cc087c85f/datanode-1/data/ratis/0487a27d-baea-4455-bf21-cf69d123a47a/current/log_inprogress_0
2019-09-12 10:20:33,280 [14a6a790-57eb-4f24-a5aa-1517ce37e105:group-6464A7F84FE4:LeaderElection63] INFO  impl.LeaderElection (LeaderElection.java:askForVotes(181)) - 14a6a790-57eb-4f24-a5aa-1517ce37e105:group-6464A7F84FE4:LeaderElection63: begin an election at term 1 for -1: [14a6a790-57eb-4f24-a5aa-1517ce37e105:192.168.157.195:43901], old=null
2019-09-12 10:20:33,281 [14a6a790-57eb-4f24-a5aa-1517ce37e105:group-6464A7F84FE4:LeaderElection63] INFO  impl.RoleInfo (RoleInfo.java:shutdownLeaderElection(134)) - 14a6a790-57eb-4f24-a5aa-1517ce37e105: shutdown LeaderElection
2019-09-12 10:20:33,281 [14a6a790-57eb-4f24-a5aa-1517ce37e105:group-6464A7F84FE4:LeaderElection63] INFO  impl.RaftServerImpl (RaftServerImpl.java:setRole(171)) - 14a6a790-57eb-4f24-a5aa-1517ce37e105:group-6464A7F84FE4 changes role from CANDIDATE to LEADER at term 1 for changeToLeader
2019-09-12 10:20:33,281 [14a6a790-57eb-4f24-a5aa-1517ce37e105:group-6464A7F84FE4:LeaderElection63] INFO  impl.RaftServerImpl (ServerState.java:setLeader(263)) - 14a6a790-57eb-4f24-a5aa-1517ce37e105:group-6464A7F84FE4 change Leader from null to 14a6a790-57eb-4f24-a5aa-1517ce37e105 at term 1 for becomeLeader, leader elected after 5219ms
2019-09-12 10:20:33,281 [14a6a790-57eb-4f24-a5aa-1517ce37e105:group-6464A7F84FE4:LeaderElection63] INFO  server.RaftServerConfigKeys (ConfUtils.java:logGet(43)) - raft.server.staging.catchup.gap = 1000 (default)
2019-09-12 10:20:33,281 [14a6a790-57eb-4f24-a5aa-1517ce37e105:group-6464A7F84FE4:LeaderElection63] INFO  server.RaftServerConfigKeys (ConfUtils.java:logGet(43)) - raft.server.rpc.sleep.time = 25ms (default)
2019-09-12 10:20:33,281 [14a6a790-57eb-4f24-a5aa-1517ce37e105:group-6464A7F84FE4:LeaderElection63] INFO  server.RaftServerConfigKeys (ConfUtils.java:logGet(43)) - raft.server.write.element-limit = 4096 (default)
2019-09-12 10:20:33,282 [14a6a790-57eb-4f24-a5aa-1517ce37e105:group-6464A7F84FE4:LeaderElection63] INFO  server.RaftServerConfigKeys (ConfUtils.java:logGet(43)) - raft.server.watch.timeout = 10s (default)
2019-09-12 10:20:33,282 [14a6a790-57eb-4f24-a5aa-1517ce37e105:group-6464A7F84FE4:LeaderElection63] INFO  server.RaftServerConfigKeys (ConfUtils.java:logGet(43)) - raft.server.watch.timeout.denomination = 1s (default)
2019-09-12 10:20:33,282 [14a6a790-57eb-4f24-a5aa-1517ce37e105:group-6464A7F84FE4:LeaderElection63] INFO  server.RaftServerConfigKeys (ConfUtils.java:logGet(43)) - raft.server.watch.element-limit = 65536 (default)
2019-09-12 10:20:33,282 [14a6a790-57eb-4f24-a5aa-1517ce37e105:group-6464A7F84FE4:LeaderElection63] INFO  impl.RoleInfo (RoleInfo.java:updateAndGet(143)) - 14a6a790-57eb-4f24-a5aa-1517ce37e105: start LeaderState
2019-09-12 10:20:33,282 [14a6a790-57eb-4f24-a5aa-1517ce37e105:group-6464A7F84FE4:LeaderElection63] INFO  segmented.SegmentedRaftLogWorker (SegmentedRaftLogWorker.java:startLogSegment(380)) - 14a6a790-57eb-4f24-a5aa-1517ce37e105-SegmentedRaftLogWorker:Storage Directory /workdir/hadoop-ozone/integration-test/target/test-dir/MiniOzoneClusterImpl-7916f1df-c498-4717-aca8-2b9cc087c85f/datanode-1/data/ratis/10796a8f-14a0-4086-b11a-6464a7f84fe4: Starting segment from index:0
2019-09-12 10:20:33,283 [14a6a790-57eb-4f24-a5aa-1517ce37e105:group-6464A7F84FE4:LeaderElection63] INFO  impl.RaftServerImpl (ServerState.java:setRaftConf(361)) - 14a6a790-57eb-4f24-a5aa-1517ce37e105:group-6464A7F84FE4 set configuration 0: [14a6a790-57eb-4f24-a5aa-1517ce37e105:192.168.157.195:43901], old=null at 0
2019-09-12 10:20:33,300 [Thread-997] INFO  impl.FollowerState (FollowerState.java:run(106)) - e7d5f4a9-6e89-4f9e-9e88-8a026c08c92b:group-14F9BBC2BA24 changes to CANDIDATE, lastRpcTime:5107, electionTimeout:5107ms
2019-09-12 10:20:33,300 [Thread-997] INFO  impl.RoleInfo (RoleInfo.java:shutdownFollowerState(121)) - e7d5f4a9-6e89-4f9e-9e88-8a026c08c92b: shutdown FollowerState
2019-09-12 10:20:33,300 [Thread-997] INFO  impl.RaftServerImpl (RaftServerImpl.java:setRole(171)) - e7d5f4a9-6e89-4f9e-9e88-8a026c08c92b:group-14F9BBC2BA24 changes role from FOLLOWER to CANDIDATE at term 0 for changeToCandidate
2019-09-12 10:20:33,301 [Thread-997] INFO  impl.RoleInfo (RoleInfo.java:updateAndGet(143)) - e7d5f4a9-6e89-4f9e-9e88-8a026c08c92b: start LeaderElection
2019-09-12 10:20:33,328 [14a6a790-57eb-4f24-a5aa-1517ce37e105-SegmentedRaftLogWorker:Storage Directory /workdir/hadoop-ozone/integration-test/target/test-dir/MiniOzoneClusterImpl-7916f1df-c498-4717-aca8-2b9cc087c85f/datanode-1/data/ratis/10796a8f-14a0-4086-b11a-6464a7f84fe4] INFO  segmented.SegmentedRaftLogWorker (SegmentedRaftLogWorker.java:execute(569)) - 14a6a790-57eb-4f24-a5aa-1517ce37e105-SegmentedRaftLogWorker:Storage Directory /workdir/hadoop-ozone/integration-test/target/test-dir/MiniOzoneClusterImpl-7916f1df-c498-4717-aca8-2b9cc087c85f/datanode-1/data/ratis/10796a8f-14a0-4086-b11a-6464a7f84fe4: created new log segment /workdir/hadoop-ozone/integration-test/target/test-dir/MiniOzoneClusterImpl-7916f1df-c498-4717-aca8-2b9cc087c85f/datanode-1/data/ratis/10796a8f-14a0-4086-b11a-6464a7f84fe4/current/log_inprogress_0
2019-09-12 10:20:33,328 [e7d5f4a9-6e89-4f9e-9e88-8a026c08c92b:group-14F9BBC2BA24:LeaderElection64] INFO  impl.LeaderElection (LeaderElection.java:askForVotes(181)) - e7d5f4a9-6e89-4f9e-9e88-8a026c08c92b:group-14F9BBC2BA24:LeaderElection64: begin an election at term 1 for -1: [e7d5f4a9-6e89-4f9e-9e88-8a026c08c92b:192.168.157.195:44061], old=null
2019-09-12 10:20:33,328 [e7d5f4a9-6e89-4f9e-9e88-8a026c08c92b:group-14F9BBC2BA24:LeaderElection64] INFO  impl.RoleInfo (RoleInfo.java:shutdownLeaderElection(134)) - e7d5f4a9-6e89-4f9e-9e88-8a026c08c92b: shutdown LeaderElection
2019-09-12 10:20:33,328 [e7d5f4a9-6e89-4f9e-9e88-8a026c08c92b:group-14F9BBC2BA24:LeaderElection64] INFO  impl.RaftServerImpl (RaftServerImpl.java:setRole(171)) - e7d5f4a9-6e89-4f9e-9e88-8a026c08c92b:group-14F9BBC2BA24 changes role from CANDIDATE to LEADER at term 1 for changeToLeader
2019-09-12 10:20:33,329 [e7d5f4a9-6e89-4f9e-9e88-8a026c08c92b:group-14F9BBC2BA24:LeaderElection64] INFO  impl.RaftServerImpl (ServerState.java:setLeader(263)) - e7d5f4a9-6e89-4f9e-9e88-8a026c08c92b:group-14F9BBC2BA24 change Leader from null to e7d5f4a9-6e89-4f9e-9e88-8a026c08c92b at term 1 for becomeLeader, leader elected after 5140ms
2019-09-12 10:20:33,329 [e7d5f4a9-6e89-4f9e-9e88-8a026c08c92b:group-14F9BBC2BA24:LeaderElection64] INFO  server.RaftServerConfigKeys (ConfUtils.java:logGet(43)) - raft.server.staging.catchup.gap = 1000 (default)
2019-09-12 10:20:33,329 [e7d5f4a9-6e89-4f9e-9e88-8a026c08c92b:group-14F9BBC2BA24:LeaderElection64] INFO  server.RaftServerConfigKeys (ConfUtils.java:logGet(43)) - raft.server.rpc.sleep.time = 25ms (default)
2019-09-12 10:20:33,329 [e7d5f4a9-6e89-4f9e-9e88-8a026c08c92b:group-14F9BBC2BA24:LeaderElection64] INFO  server.RaftServerConfigKeys (ConfUtils.java:logGet(43)) - raft.server.write.element-limit = 4096 (default)
2019-09-12 10:20:33,329 [e7d5f4a9-6e89-4f9e-9e88-8a026c08c92b:group-14F9BBC2BA24:LeaderElection64] INFO  server.RaftServerConfigKeys (ConfUtils.java:logGet(43)) - raft.server.watch.timeout = 10s (default)
2019-09-12 10:20:33,329 [e7d5f4a9-6e89-4f9e-9e88-8a026c08c92b:group-14F9BBC2BA24:LeaderElection64] INFO  server.RaftServerConfigKeys (ConfUtils.java:logGet(43)) - raft.server.watch.timeout.denomination = 1s (default)
2019-09-12 10:20:33,329 [e7d5f4a9-6e89-4f9e-9e88-8a026c08c92b:group-14F9BBC2BA24:LeaderElection64] INFO  server.RaftServerConfigKeys (ConfUtils.java:logGet(43)) - raft.server.watch.element-limit = 65536 (default)
2019-09-12 10:20:33,329 [e7d5f4a9-6e89-4f9e-9e88-8a026c08c92b:group-14F9BBC2BA24:LeaderElection64] INFO  impl.RoleInfo (RoleInfo.java:updateAndGet(143)) - e7d5f4a9-6e89-4f9e-9e88-8a026c08c92b: start LeaderState
2019-09-12 10:20:33,330 [e7d5f4a9-6e89-4f9e-9e88-8a026c08c92b:group-14F9BBC2BA24:LeaderElection64] INFO  segmented.SegmentedRaftLogWorker (SegmentedRaftLogWorker.java:startLogSegment(380)) - e7d5f4a9-6e89-4f9e-9e88-8a026c08c92b-SegmentedRaftLogWorker:Storage Directory /workdir/hadoop-ozone/integration-test/target/test-dir/MiniOzoneClusterImpl-7916f1df-c498-4717-aca8-2b9cc087c85f/datanode-2/data/ratis/2cdf8a02-3189-4995-8468-14f9bbc2ba24: Starting segment from index:0
2019-09-12 10:20:33,330 [e7d5f4a9-6e89-4f9e-9e88-8a026c08c92b:group-14F9BBC2BA24:LeaderElection64] INFO  impl.RaftServerImpl (ServerState.java:setRaftConf(361)) - e7d5f4a9-6e89-4f9e-9e88-8a026c08c92b:group-14F9BBC2BA24 set configuration 0: [e7d5f4a9-6e89-4f9e-9e88-8a026c08c92b:192.168.157.195:44061], old=null at 0
2019-09-12 10:20:33,338 [Thread-994] INFO  impl.FollowerState (FollowerState.java:run(106)) - 14a6a790-57eb-4f24-a5aa-1517ce37e105:group-9E53DF04DF51 changes to CANDIDATE, lastRpcTime:5180, electionTimeout:5180ms
2019-09-12 10:20:33,338 [Thread-994] INFO  impl.RoleInfo (RoleInfo.java:shutdownFollowerState(121)) - 14a6a790-57eb-4f24-a5aa-1517ce37e105: shutdown FollowerState
2019-09-12 10:20:33,338 [Thread-994] INFO  impl.RaftServerImpl (RaftServerImpl.java:setRole(171)) - 14a6a790-57eb-4f24-a5aa-1517ce37e105:group-9E53DF04DF51 changes role from FOLLOWER to CANDIDATE at term 0 for changeToCandidate
2019-09-12 10:20:33,338 [Thread-994] INFO  impl.RoleInfo (RoleInfo.java:updateAndGet(143)) - 14a6a790-57eb-4f24-a5aa-1517ce37e105: start LeaderElection
2019-09-12 10:20:33,374 [e7d5f4a9-6e89-4f9e-9e88-8a026c08c92b-SegmentedRaftLogWorker:Storage Directory /workdir/hadoop-ozone/integration-test/target/test-dir/MiniOzoneClusterImpl-7916f1df-c498-4717-aca8-2b9cc087c85f/datanode-2/data/ratis/2cdf8a02-3189-4995-8468-14f9bbc2ba24] INFO  segmented.SegmentedRaftLogWorker (SegmentedRaftLogWorker.java:execute(569)) - e7d5f4a9-6e89-4f9e-9e88-8a026c08c92b-SegmentedRaftLogWorker:Storage Directory /workdir/hadoop-ozone/integration-test/target/test-dir/MiniOzoneClusterImpl-7916f1df-c498-4717-aca8-2b9cc087c85f/datanode-2/data/ratis/2cdf8a02-3189-4995-8468-14f9bbc2ba24: created new log segment /workdir/hadoop-ozone/integration-test/target/test-dir/MiniOzoneClusterImpl-7916f1df-c498-4717-aca8-2b9cc087c85f/datanode-2/data/ratis/2cdf8a02-3189-4995-8468-14f9bbc2ba24/current/log_inprogress_0
2019-09-12 10:20:33,374 [14a6a790-57eb-4f24-a5aa-1517ce37e105:group-9E53DF04DF51:LeaderElection65] INFO  impl.LeaderElection (LeaderElection.java:askForVotes(181)) - 14a6a790-57eb-4f24-a5aa-1517ce37e105:group-9E53DF04DF51:LeaderElection65: begin an election at term 1 for -1: [14a6a790-57eb-4f24-a5aa-1517ce37e105:192.168.157.195:43901], old=null
2019-09-12 10:20:33,374 [14a6a790-57eb-4f24-a5aa-1517ce37e105:group-9E53DF04DF51:LeaderElection65] INFO  impl.RoleInfo (RoleInfo.java:shutdownLeaderElection(134)) - 14a6a790-57eb-4f24-a5aa-1517ce37e105: shutdown LeaderElection
2019-09-12 10:20:33,374 [14a6a790-57eb-4f24-a5aa-1517ce37e105:group-9E53DF04DF51:LeaderElection65] INFO  impl.RaftServerImpl (RaftServerImpl.java:setRole(171)) - 14a6a790-57eb-4f24-a5aa-1517ce37e105:group-9E53DF04DF51 changes role from CANDIDATE to LEADER at term 1 for changeToLeader
2019-09-12 10:20:33,374 [14a6a790-57eb-4f24-a5aa-1517ce37e105:group-9E53DF04DF51:LeaderElection65] INFO  impl.RaftServerImpl (ServerState.java:setLeader(263)) - 14a6a790-57eb-4f24-a5aa-1517ce37e105:group-9E53DF04DF51 change Leader from null to 14a6a790-57eb-4f24-a5aa-1517ce37e105 at term 1 for becomeLeader, leader elected after 5220ms
2019-09-12 10:20:33,375 [14a6a790-57eb-4f24-a5aa-1517ce37e105:group-9E53DF04DF51:LeaderElection65] INFO  server.RaftServerConfigKeys (ConfUtils.java:logGet(43)) - raft.server.staging.catchup.gap = 1000 (default)
2019-09-12 10:20:33,375 [14a6a790-57eb-4f24-a5aa-1517ce37e105:group-9E53DF04DF51:LeaderElection65] INFO  server.RaftServerConfigKeys (ConfUtils.java:logGet(43)) - raft.server.rpc.sleep.time = 25ms (default)
2019-09-12 10:20:33,375 [14a6a790-57eb-4f24-a5aa-1517ce37e105:group-9E53DF04DF51:LeaderElection65] INFO  server.RaftServerConfigKeys (ConfUtils.java:logGet(43)) - raft.server.write.element-limit = 4096 (default)
2019-09-12 10:20:33,375 [14a6a790-57eb-4f24-a5aa-1517ce37e105:group-9E53DF04DF51:LeaderElection65] INFO  server.RaftServerConfigKeys (ConfUtils.java:logGet(43)) - raft.server.watch.timeout = 10s (default)
2019-09-12 10:20:33,375 [14a6a790-57eb-4f24-a5aa-1517ce37e105:group-9E53DF04DF51:LeaderElection65] INFO  server.RaftServerConfigKeys (ConfUtils.java:logGet(43)) - raft.server.watch.timeout.denomination = 1s (default)
2019-09-12 10:20:33,375 [14a6a790-57eb-4f24-a5aa-1517ce37e105:group-9E53DF04DF51:LeaderElection65] INFO  server.RaftServerConfigKeys (ConfUtils.java:logGet(43)) - raft.server.watch.element-limit = 65536 (default)
2019-09-12 10:20:33,376 [14a6a790-57eb-4f24-a5aa-1517ce37e105:group-9E53DF04DF51:LeaderElection65] INFO  impl.RoleInfo (RoleInfo.java:updateAndGet(143)) - 14a6a790-57eb-4f24-a5aa-1517ce37e105: start LeaderState
2019-09-12 10:20:33,376 [14a6a790-57eb-4f24-a5aa-1517ce37e105:group-9E53DF04DF51:LeaderElection65] INFO  segmented.SegmentedRaftLogWorker (SegmentedRaftLogWorker.java:startLogSegment(380)) - 14a6a790-57eb-4f24-a5aa-1517ce37e105-SegmentedRaftLogWorker:Storage Directory /workdir/hadoop-ozone/integration-test/target/test-dir/MiniOzoneClusterImpl-7916f1df-c498-4717-aca8-2b9cc087c85f/datanode-1/data/ratis/c0708f85-6862-443c-a360-9e53df04df51: Starting segment from index:0
2019-09-12 10:20:33,377 [14a6a790-57eb-4f24-a5aa-1517ce37e105:group-9E53DF04DF51:LeaderElection65] INFO  impl.RaftServerImpl (ServerState.java:setRaftConf(361)) - 14a6a790-57eb-4f24-a5aa-1517ce37e105:group-9E53DF04DF51 set configuration 0: [14a6a790-57eb-4f24-a5aa-1517ce37e105:192.168.157.195:43901], old=null at 0
2019-09-12 10:20:33,414 [14a6a790-57eb-4f24-a5aa-1517ce37e105-SegmentedRaftLogWorker:Storage Directory /workdir/hadoop-ozone/integration-test/target/test-dir/MiniOzoneClusterImpl-7916f1df-c498-4717-aca8-2b9cc087c85f/datanode-1/data/ratis/c0708f85-6862-443c-a360-9e53df04df51] INFO  segmented.SegmentedRaftLogWorker (SegmentedRaftLogWorker.java:execute(569)) - 14a6a790-57eb-4f24-a5aa-1517ce37e105-SegmentedRaftLogWorker:Storage Directory /workdir/hadoop-ozone/integration-test/target/test-dir/MiniOzoneClusterImpl-7916f1df-c498-4717-aca8-2b9cc087c85f/datanode-1/data/ratis/c0708f85-6862-443c-a360-9e53df04df51: created new log segment /workdir/hadoop-ozone/integration-test/target/test-dir/MiniOzoneClusterImpl-7916f1df-c498-4717-aca8-2b9cc087c85f/datanode-1/data/ratis/c0708f85-6862-443c-a360-9e53df04df51/current/log_inprogress_0
2019-09-12 10:20:33,414 [Thread-1000] INFO  impl.FollowerState (FollowerState.java:run(106)) - 14a6a790-57eb-4f24-a5aa-1517ce37e105:group-B53C7ABEE397 changes to CANDIDATE, lastRpcTime:5182, electionTimeout:5182ms
2019-09-12 10:20:33,414 [Thread-1000] INFO  impl.RoleInfo (RoleInfo.java:shutdownFollowerState(121)) - 14a6a790-57eb-4f24-a5aa-1517ce37e105: shutdown FollowerState
2019-09-12 10:20:33,414 [Thread-1000] INFO  impl.RaftServerImpl (RaftServerImpl.java:setRole(171)) - 14a6a790-57eb-4f24-a5aa-1517ce37e105:group-B53C7ABEE397 changes role from FOLLOWER to CANDIDATE at term 0 for changeToCandidate
2019-09-12 10:20:33,414 [Thread-1000] INFO  impl.RoleInfo (RoleInfo.java:updateAndGet(143)) - 14a6a790-57eb-4f24-a5aa-1517ce37e105: start LeaderElection
2019-09-12 10:20:33,427 [14a6a790-57eb-4f24-a5aa-1517ce37e105:group-B53C7ABEE397:LeaderElection66] INFO  impl.LeaderElection (LeaderElection.java:askForVotes(181)) - 14a6a790-57eb-4f24-a5aa-1517ce37e105:group-B53C7ABEE397:LeaderElection66: begin an election at term 1 for -1: [14a6a790-57eb-4f24-a5aa-1517ce37e105:192.168.157.195:43901], old=null
2019-09-12 10:20:33,428 [14a6a790-57eb-4f24-a5aa-1517ce37e105:group-B53C7ABEE397:LeaderElection66] INFO  impl.RoleInfo (RoleInfo.java:shutdownLeaderElection(134)) - 14a6a790-57eb-4f24-a5aa-1517ce37e105: shutdown LeaderElection
2019-09-12 10:20:33,428 [14a6a790-57eb-4f24-a5aa-1517ce37e105:group-B53C7ABEE397:LeaderElection66] INFO  impl.RaftServerImpl (RaftServerImpl.java:setRole(171)) - 14a6a790-57eb-4f24-a5aa-1517ce37e105:group-B53C7ABEE397 changes role from CANDIDATE to LEADER at term 1 for changeToLeader
2019-09-12 10:20:33,428 [14a6a790-57eb-4f24-a5aa-1517ce37e105:group-B53C7ABEE397:LeaderElection66] INFO  impl.RaftServerImpl (ServerState.java:setLeader(263)) - 14a6a790-57eb-4f24-a5aa-1517ce37e105:group-B53C7ABEE397 change Leader from null to 14a6a790-57eb-4f24-a5aa-1517ce37e105 at term 1 for becomeLeader, leader elected after 5200ms
2019-09-12 10:20:33,428 [14a6a790-57eb-4f24-a5aa-1517ce37e105:group-B53C7ABEE397:LeaderElection66] INFO  server.RaftServerConfigKeys (ConfUtils.java:logGet(43)) - raft.server.staging.catchup.gap = 1000 (default)
2019-09-12 10:20:33,428 [14a6a790-57eb-4f24-a5aa-1517ce37e105:group-B53C7ABEE397:LeaderElection66] INFO  server.RaftServerConfigKeys (ConfUtils.java:logGet(43)) - raft.server.rpc.sleep.time = 25ms (default)
2019-09-12 10:20:33,428 [14a6a790-57eb-4f24-a5aa-1517ce37e105:group-B53C7ABEE397:LeaderElection66] INFO  server.RaftServerConfigKeys (ConfUtils.java:logGet(43)) - raft.server.write.element-limit = 4096 (default)
2019-09-12 10:20:33,428 [14a6a790-57eb-4f24-a5aa-1517ce37e105:group-B53C7ABEE397:LeaderElection66] INFO  server.RaftServerConfigKeys (ConfUtils.java:logGet(43)) - raft.server.watch.timeout = 10s (default)
2019-09-12 10:20:33,428 [14a6a790-57eb-4f24-a5aa-1517ce37e105:group-B53C7ABEE397:LeaderElection66] INFO  server.RaftServerConfigKeys (ConfUtils.java:logGet(43)) - raft.server.watch.timeout.denomination = 1s (default)
2019-09-12 10:20:33,429 [14a6a790-57eb-4f24-a5aa-1517ce37e105:group-B53C7ABEE397:LeaderElection66] INFO  server.RaftServerConfigKeys (ConfUtils.java:logGet(43)) - raft.server.watch.element-limit = 65536 (default)
2019-09-12 10:20:33,429 [14a6a790-57eb-4f24-a5aa-1517ce37e105:group-B53C7ABEE397:LeaderElection66] INFO  impl.RoleInfo (RoleInfo.java:updateAndGet(143)) - 14a6a790-57eb-4f24-a5aa-1517ce37e105: start LeaderState
2019-09-12 10:20:33,429 [14a6a790-57eb-4f24-a5aa-1517ce37e105:group-B53C7ABEE397:LeaderElection66] INFO  segmented.SegmentedRaftLogWorker (SegmentedRaftLogWorker.java:startLogSegment(380)) - 14a6a790-57eb-4f24-a5aa-1517ce37e105-SegmentedRaftLogWorker:Storage Directory /workdir/hadoop-ozone/integration-test/target/test-dir/MiniOzoneClusterImpl-7916f1df-c498-4717-aca8-2b9cc087c85f/datanode-1/data/ratis/059e2d9e-e6ad-45f0-9e0f-b53c7abee397: Starting segment from index:0
2019-09-12 10:20:33,429 [14a6a790-57eb-4f24-a5aa-1517ce37e105:group-B53C7ABEE397:LeaderElection66] INFO  impl.RaftServerImpl (ServerState.java:setRaftConf(361)) - 14a6a790-57eb-4f24-a5aa-1517ce37e105:group-B53C7ABEE397 set configuration 0: [14a6a790-57eb-4f24-a5aa-1517ce37e105:192.168.157.195:43901], old=null at 0
2019-09-12 10:20:33,436 [Thread-1006] INFO  impl.FollowerState (FollowerState.java:run(106)) - e7d5f4a9-6e89-4f9e-9e88-8a026c08c92b:group-AC4D5B8408EB changes to CANDIDATE, lastRpcTime:5127, electionTimeout:5127ms
2019-09-12 10:20:33,436 [Thread-1006] INFO  impl.RoleInfo (RoleInfo.java:shutdownFollowerState(121)) - e7d5f4a9-6e89-4f9e-9e88-8a026c08c92b: shutdown FollowerState
2019-09-12 10:20:33,437 [Thread-1006] INFO  impl.RaftServerImpl (RaftServerImpl.java:setRole(171)) - e7d5f4a9-6e89-4f9e-9e88-8a026c08c92b:group-AC4D5B8408EB changes role from FOLLOWER to CANDIDATE at term 0 for changeToCandidate
2019-09-12 10:20:33,437 [Thread-1006] INFO  impl.RoleInfo (RoleInfo.java:updateAndGet(143)) - e7d5f4a9-6e89-4f9e-9e88-8a026c08c92b: start LeaderElection
2019-09-12 10:20:33,458 [Thread-1003] INFO  impl.FollowerState (FollowerState.java:run(106)) - 14a6a790-57eb-4f24-a5aa-1517ce37e105:group-DE5EEE8AB70A changes to CANDIDATE, lastRpcTime:5187, electionTimeout:5168ms
2019-09-12 10:20:33,458 [Thread-1003] INFO  impl.RoleInfo (RoleInfo.java:shutdownFollowerState(121)) - 14a6a790-57eb-4f24-a5aa-1517ce37e105: shutdown FollowerState
2019-09-12 10:20:33,458 [Thread-1003] INFO  impl.RaftServerImpl (RaftServerImpl.java:setRole(171)) - 14a6a790-57eb-4f24-a5aa-1517ce37e105:group-DE5EEE8AB70A changes role from FOLLOWER to CANDIDATE at term 0 for changeToCandidate
2019-09-12 10:20:33,459 [Thread-1003] INFO  impl.RoleInfo (RoleInfo.java:updateAndGet(143)) - 14a6a790-57eb-4f24-a5aa-1517ce37e105: start LeaderElection
2019-09-12 10:20:33,471 [14a6a790-57eb-4f24-a5aa-1517ce37e105-SegmentedRaftLogWorker:Storage Directory /workdir/hadoop-ozone/integration-test/target/test-dir/MiniOzoneClusterImpl-7916f1df-c498-4717-aca8-2b9cc087c85f/datanode-1/data/ratis/059e2d9e-e6ad-45f0-9e0f-b53c7abee397] INFO  segmented.SegmentedRaftLogWorker (SegmentedRaftLogWorker.java:execute(569)) - 14a6a790-57eb-4f24-a5aa-1517ce37e105-SegmentedRaftLogWorker:Storage Directory /workdir/hadoop-ozone/integration-test/target/test-dir/MiniOzoneClusterImpl-7916f1df-c498-4717-aca8-2b9cc087c85f/datanode-1/data/ratis/059e2d9e-e6ad-45f0-9e0f-b53c7abee397: created new log segment /workdir/hadoop-ozone/integration-test/target/test-dir/MiniOzoneClusterImpl-7916f1df-c498-4717-aca8-2b9cc087c85f/datanode-1/data/ratis/059e2d9e-e6ad-45f0-9e0f-b53c7abee397/current/log_inprogress_0
2019-09-12 10:20:33,471 [e7d5f4a9-6e89-4f9e-9e88-8a026c08c92b:group-AC4D5B8408EB:LeaderElection67] INFO  impl.LeaderElection (LeaderElection.java:askForVotes(181)) - e7d5f4a9-6e89-4f9e-9e88-8a026c08c92b:group-AC4D5B8408EB:LeaderElection67: begin an election at term 1 for -1: [e7d5f4a9-6e89-4f9e-9e88-8a026c08c92b:192.168.157.195:44061], old=null
2019-09-12 10:20:33,472 [14a6a790-57eb-4f24-a5aa-1517ce37e105:group-DE5EEE8AB70A:LeaderElection68] INFO  impl.LeaderElection (LeaderElection.java:askForVotes(181)) - 14a6a790-57eb-4f24-a5aa-1517ce37e105:group-DE5EEE8AB70A:LeaderElection68: begin an election at term 1 for -1: [14a6a790-57eb-4f24-a5aa-1517ce37e105:192.168.157.195:43901], old=null
2019-09-12 10:20:33,472 [e7d5f4a9-6e89-4f9e-9e88-8a026c08c92b:group-AC4D5B8408EB:LeaderElection67] INFO  impl.RoleInfo (RoleInfo.java:shutdownLeaderElection(134)) - e7d5f4a9-6e89-4f9e-9e88-8a026c08c92b: shutdown LeaderElection
2019-09-12 10:20:33,472 [14a6a790-57eb-4f24-a5aa-1517ce37e105:group-DE5EEE8AB70A:LeaderElection68] INFO  impl.RoleInfo (RoleInfo.java:shutdownLeaderElection(134)) - 14a6a790-57eb-4f24-a5aa-1517ce37e105: shutdown LeaderElection
2019-09-12 10:20:33,472 [e7d5f4a9-6e89-4f9e-9e88-8a026c08c92b:group-AC4D5B8408EB:LeaderElection67] INFO  impl.RaftServerImpl (RaftServerImpl.java:setRole(171)) - e7d5f4a9-6e89-4f9e-9e88-8a026c08c92b:group-AC4D5B8408EB changes role from CANDIDATE to LEADER at term 1 for changeToLeader
2019-09-12 10:20:33,472 [14a6a790-57eb-4f24-a5aa-1517ce37e105:group-DE5EEE8AB70A:LeaderElection68] INFO  impl.RaftServerImpl (RaftServerImpl.java:setRole(171)) - 14a6a790-57eb-4f24-a5aa-1517ce37e105:group-DE5EEE8AB70A changes role from CANDIDATE to LEADER at term 1 for changeToLeader
2019-09-12 10:20:33,472 [e7d5f4a9-6e89-4f9e-9e88-8a026c08c92b:group-AC4D5B8408EB:LeaderElection67] INFO  impl.RaftServerImpl (ServerState.java:setLeader(263)) - e7d5f4a9-6e89-4f9e-9e88-8a026c08c92b:group-AC4D5B8408EB change Leader from null to e7d5f4a9-6e89-4f9e-9e88-8a026c08c92b at term 1 for becomeLeader, leader elected after 5167ms
2019-09-12 10:20:33,472 [14a6a790-57eb-4f24-a5aa-1517ce37e105:group-DE5EEE8AB70A:LeaderElection68] INFO  impl.RaftServerImpl (ServerState.java:setLeader(263)) - 14a6a790-57eb-4f24-a5aa-1517ce37e105:group-DE5EEE8AB70A change Leader from null to 14a6a790-57eb-4f24-a5aa-1517ce37e105 at term 1 for becomeLeader, leader elected after 5206ms
2019-09-12 10:20:33,472 [e7d5f4a9-6e89-4f9e-9e88-8a026c08c92b:group-AC4D5B8408EB:LeaderElection67] INFO  server.RaftServerConfigKeys (ConfUtils.java:logGet(43)) - raft.server.staging.catchup.gap = 1000 (default)
2019-09-12 10:20:33,472 [14a6a790-57eb-4f24-a5aa-1517ce37e105:group-DE5EEE8AB70A:LeaderElection68] INFO  server.RaftServerConfigKeys (ConfUtils.java:logGet(43)) - raft.server.staging.catchup.gap = 1000 (default)
2019-09-12 10:20:33,473 [e7d5f4a9-6e89-4f9e-9e88-8a026c08c92b:group-AC4D5B8408EB:LeaderElection67] INFO  server.RaftServerConfigKeys (ConfUtils.java:logGet(43)) - raft.server.rpc.sleep.time = 25ms (default)
2019-09-12 10:20:33,473 [14a6a790-57eb-4f24-a5aa-1517ce37e105:group-DE5EEE8AB70A:LeaderElection68] INFO  server.RaftServerConfigKeys (ConfUtils.java:logGet(43)) - raft.server.rpc.sleep.time = 25ms (default)
2019-09-12 10:20:33,473 [e7d5f4a9-6e89-4f9e-9e88-8a026c08c92b:group-AC4D5B8408EB:LeaderElection67] INFO  server.RaftServerConfigKeys (ConfUtils.java:logGet(43)) - raft.server.write.element-limit = 4096 (default)
2019-09-12 10:20:33,473 [14a6a790-57eb-4f24-a5aa-1517ce37e105:group-DE5EEE8AB70A:LeaderElection68] INFO  server.RaftServerConfigKeys (ConfUtils.java:logGet(43)) - raft.server.write.element-limit = 4096 (default)
2019-09-12 10:20:33,473 [e7d5f4a9-6e89-4f9e-9e88-8a026c08c92b:group-AC4D5B8408EB:LeaderElection67] INFO  server.RaftServerConfigKeys (ConfUtils.java:logGet(43)) - raft.server.watch.timeout = 10s (default)
2019-09-12 10:20:33,473 [14a6a790-57eb-4f24-a5aa-1517ce37e105:group-DE5EEE8AB70A:LeaderElection68] INFO  server.RaftServerConfigKeys (ConfUtils.java:logGet(43)) - raft.server.watch.timeout = 10s (default)
2019-09-12 10:20:33,473 [e7d5f4a9-6e89-4f9e-9e88-8a026c08c92b:group-AC4D5B8408EB:LeaderElection67] INFO  server.RaftServerConfigKeys (ConfUtils.java:logGet(43)) - raft.server.watch.timeout.denomination = 1s (default)
2019-09-12 10:20:33,473 [14a6a790-57eb-4f24-a5aa-1517ce37e105:group-DE5EEE8AB70A:LeaderElection68] INFO  server.RaftServerConfigKeys (ConfUtils.java:logGet(43)) - raft.server.watch.timeout.denomination = 1s (default)
2019-09-12 10:20:33,473 [e7d5f4a9-6e89-4f9e-9e88-8a026c08c92b:group-AC4D5B8408EB:LeaderElection67] INFO  server.RaftServerConfigKeys (ConfUtils.java:logGet(43)) - raft.server.watch.element-limit = 65536 (default)
2019-09-12 10:20:33,473 [14a6a790-57eb-4f24-a5aa-1517ce37e105:group-DE5EEE8AB70A:LeaderElection68] INFO  server.RaftServerConfigKeys (ConfUtils.java:logGet(43)) - raft.server.watch.element-limit = 65536 (default)
2019-09-12 10:20:33,474 [e7d5f4a9-6e89-4f9e-9e88-8a026c08c92b:group-AC4D5B8408EB:LeaderElection67] INFO  impl.RoleInfo (RoleInfo.java:updateAndGet(143)) - e7d5f4a9-6e89-4f9e-9e88-8a026c08c92b: start LeaderState
2019-09-12 10:20:33,474 [14a6a790-57eb-4f24-a5aa-1517ce37e105:group-DE5EEE8AB70A:LeaderElection68] INFO  impl.RoleInfo (RoleInfo.java:updateAndGet(143)) - 14a6a790-57eb-4f24-a5aa-1517ce37e105: start LeaderState
2019-09-12 10:20:33,474 [e7d5f4a9-6e89-4f9e-9e88-8a026c08c92b:group-AC4D5B8408EB:LeaderElection67] INFO  segmented.SegmentedRaftLogWorker (SegmentedRaftLogWorker.java:startLogSegment(380)) - e7d5f4a9-6e89-4f9e-9e88-8a026c08c92b-SegmentedRaftLogWorker:Storage Directory /workdir/hadoop-ozone/integration-test/target/test-dir/MiniOzoneClusterImpl-7916f1df-c498-4717-aca8-2b9cc087c85f/datanode-2/data/ratis/6a602f6e-431a-458a-8563-ac4d5b8408eb: Starting segment from index:0
2019-09-12 10:20:33,474 [14a6a790-57eb-4f24-a5aa-1517ce37e105:group-DE5EEE8AB70A:LeaderElection68] INFO  segmented.SegmentedRaftLogWorker (SegmentedRaftLogWorker.java:startLogSegment(380)) - 14a6a790-57eb-4f24-a5aa-1517ce37e105-SegmentedRaftLogWorker:Storage Directory /workdir/hadoop-ozone/integration-test/target/test-dir/MiniOzoneClusterImpl-7916f1df-c498-4717-aca8-2b9cc087c85f/datanode-1/data/ratis/203129d1-15d8-4e21-8fbd-de5eee8ab70a: Starting segment from index:0
2019-09-12 10:20:33,474 [e7d5f4a9-6e89-4f9e-9e88-8a026c08c92b:group-AC4D5B8408EB:LeaderElection67] INFO  impl.RaftServerImpl (ServerState.java:setRaftConf(361)) - e7d5f4a9-6e89-4f9e-9e88-8a026c08c92b:group-AC4D5B8408EB set configuration 0: [e7d5f4a9-6e89-4f9e-9e88-8a026c08c92b:192.168.157.195:44061], old=null at 0
2019-09-12 10:20:33,474 [14a6a790-57eb-4f24-a5aa-1517ce37e105:group-DE5EEE8AB70A:LeaderElection68] INFO  impl.RaftServerImpl (ServerState.java:setRaftConf(361)) - 14a6a790-57eb-4f24-a5aa-1517ce37e105:group-DE5EEE8AB70A set configuration 0: [14a6a790-57eb-4f24-a5aa-1517ce37e105:192.168.157.195:43901], old=null at 0
2019-09-12 10:20:33,481 [Thread-1015] INFO  impl.FollowerState (FollowerState.java:run(106)) - e7d5f4a9-6e89-4f9e-9e88-8a026c08c92b:group-40D2F61A2F57 changes to CANDIDATE, lastRpcTime:5040, electionTimeout:5040ms
2019-09-12 10:20:33,481 [Thread-1015] INFO  impl.RoleInfo (RoleInfo.java:shutdownFollowerState(121)) - e7d5f4a9-6e89-4f9e-9e88-8a026c08c92b: shutdown FollowerState
2019-09-12 10:20:33,481 [Thread-1015] INFO  impl.RaftServerImpl (RaftServerImpl.java:setRole(171)) - e7d5f4a9-6e89-4f9e-9e88-8a026c08c92b:group-40D2F61A2F57 changes role from FOLLOWER to CANDIDATE at term 0 for changeToCandidate
2019-09-12 10:20:33,481 [Thread-1015] INFO  impl.RoleInfo (RoleInfo.java:updateAndGet(143)) - e7d5f4a9-6e89-4f9e-9e88-8a026c08c92b: start LeaderElection
2019-09-12 10:20:33,512 [Thread-1012] INFO  impl.FollowerState (FollowerState.java:run(106)) - e7d5f4a9-6e89-4f9e-9e88-8a026c08c92b:group-B6725F8E7A3E changes to CANDIDATE, lastRpcTime:5115, electionTimeout:5087ms
2019-09-12 10:20:33,512 [Thread-1012] INFO  impl.RoleInfo (RoleInfo.java:shutdownFollowerState(121)) - e7d5f4a9-6e89-4f9e-9e88-8a026c08c92b: shutdown FollowerState
2019-09-12 10:20:33,512 [Thread-1012] INFO  impl.RaftServerImpl (RaftServerImpl.java:setRole(171)) - e7d5f4a9-6e89-4f9e-9e88-8a026c08c92b:group-B6725F8E7A3E changes role from FOLLOWER to CANDIDATE at term 0 for changeToCandidate
2019-09-12 10:20:33,513 [Thread-1012] INFO  impl.RoleInfo (RoleInfo.java:updateAndGet(143)) - e7d5f4a9-6e89-4f9e-9e88-8a026c08c92b: start LeaderElection
2019-09-12 10:20:33,522 [Thread-1009] INFO  impl.FollowerState (FollowerState.java:run(106)) - e7d5f4a9-6e89-4f9e-9e88-8a026c08c92b:group-20E5D077B40B changes to CANDIDATE, lastRpcTime:5169, electionTimeout:5169ms
2019-09-12 10:20:33,522 [Thread-1009] INFO  impl.RoleInfo (RoleInfo.java:shutdownFollowerState(121)) - e7d5f4a9-6e89-4f9e-9e88-8a026c08c92b: shutdown FollowerState
2019-09-12 10:20:33,522 [Thread-1009] INFO  impl.RaftServerImpl (RaftServerImpl.java:setRole(171)) - e7d5f4a9-6e89-4f9e-9e88-8a026c08c92b:group-20E5D077B40B changes role from FOLLOWER to CANDIDATE at term 0 for changeToCandidate
2019-09-12 10:20:33,522 [Thread-1009] INFO  impl.RoleInfo (RoleInfo.java:updateAndGet(143)) - e7d5f4a9-6e89-4f9e-9e88-8a026c08c92b: start LeaderElection
2019-09-12 10:20:33,526 [14a6a790-57eb-4f24-a5aa-1517ce37e105-SegmentedRaftLogWorker:Storage Directory /workdir/hadoop-ozone/integration-test/target/test-dir/MiniOzoneClusterImpl-7916f1df-c498-4717-aca8-2b9cc087c85f/datanode-1/data/ratis/203129d1-15d8-4e21-8fbd-de5eee8ab70a] INFO  segmented.SegmentedRaftLogWorker (SegmentedRaftLogWorker.java:execute(569)) - 14a6a790-57eb-4f24-a5aa-1517ce37e105-SegmentedRaftLogWorker:Storage Directory /workdir/hadoop-ozone/integration-test/target/test-dir/MiniOzoneClusterImpl-7916f1df-c498-4717-aca8-2b9cc087c85f/datanode-1/data/ratis/203129d1-15d8-4e21-8fbd-de5eee8ab70a: created new log segment /workdir/hadoop-ozone/integration-test/target/test-dir/MiniOzoneClusterImpl-7916f1df-c498-4717-aca8-2b9cc087c85f/datanode-1/data/ratis/203129d1-15d8-4e21-8fbd-de5eee8ab70a/current/log_inprogress_0
2019-09-12 10:20:33,526 [e7d5f4a9-6e89-4f9e-9e88-8a026c08c92b-SegmentedRaftLogWorker:Storage Directory /workdir/hadoop-ozone/integration-test/target/test-dir/MiniOzoneClusterImpl-7916f1df-c498-4717-aca8-2b9cc087c85f/datanode-2/data/ratis/6a602f6e-431a-458a-8563-ac4d5b8408eb] INFO  segmented.SegmentedRaftLogWorker (SegmentedRaftLogWorker.java:execute(569)) - e7d5f4a9-6e89-4f9e-9e88-8a026c08c92b-SegmentedRaftLogWorker:Storage Directory /workdir/hadoop-ozone/integration-test/target/test-dir/MiniOzoneClusterImpl-7916f1df-c498-4717-aca8-2b9cc087c85f/datanode-2/data/ratis/6a602f6e-431a-458a-8563-ac4d5b8408eb: created new log segment /workdir/hadoop-ozone/integration-test/target/test-dir/MiniOzoneClusterImpl-7916f1df-c498-4717-aca8-2b9cc087c85f/datanode-2/data/ratis/6a602f6e-431a-458a-8563-ac4d5b8408eb/current/log_inprogress_0
2019-09-12 10:20:33,526 [e7d5f4a9-6e89-4f9e-9e88-8a026c08c92b:group-40D2F61A2F57:LeaderElection69] INFO  impl.LeaderElection (LeaderElection.java:askForVotes(181)) - e7d5f4a9-6e89-4f9e-9e88-8a026c08c92b:group-40D2F61A2F57:LeaderElection69: begin an election at term 1 for -1: [e7d5f4a9-6e89-4f9e-9e88-8a026c08c92b:192.168.157.195:44061], old=null
2019-09-12 10:20:33,526 [e7d5f4a9-6e89-4f9e-9e88-8a026c08c92b:group-B6725F8E7A3E:LeaderElection70] INFO  impl.LeaderElection (LeaderElection.java:askForVotes(181)) - e7d5f4a9-6e89-4f9e-9e88-8a026c08c92b:group-B6725F8E7A3E:LeaderElection70: begin an election at term 1 for -1: [e7d5f4a9-6e89-4f9e-9e88-8a026c08c92b:192.168.157.195:44061], old=null
2019-09-12 10:20:33,526 [e7d5f4a9-6e89-4f9e-9e88-8a026c08c92b:group-40D2F61A2F57:LeaderElection69] INFO  impl.RoleInfo (RoleInfo.java:shutdownLeaderElection(134)) - e7d5f4a9-6e89-4f9e-9e88-8a026c08c92b: shutdown LeaderElection
2019-09-12 10:20:33,526 [e7d5f4a9-6e89-4f9e-9e88-8a026c08c92b:group-B6725F8E7A3E:LeaderElection70] INFO  impl.RoleInfo (RoleInfo.java:shutdownLeaderElection(134)) - e7d5f4a9-6e89-4f9e-9e88-8a026c08c92b: shutdown LeaderElection
2019-09-12 10:20:33,526 [e7d5f4a9-6e89-4f9e-9e88-8a026c08c92b:group-40D2F61A2F57:LeaderElection69] INFO  impl.RaftServerImpl (RaftServerImpl.java:setRole(171)) - e7d5f4a9-6e89-4f9e-9e88-8a026c08c92b:group-40D2F61A2F57 changes role from CANDIDATE to LEADER at term 1 for changeToLeader
2019-09-12 10:20:33,526 [e7d5f4a9-6e89-4f9e-9e88-8a026c08c92b:group-B6725F8E7A3E:LeaderElection70] INFO  impl.RaftServerImpl (RaftServerImpl.java:setRole(171)) - e7d5f4a9-6e89-4f9e-9e88-8a026c08c92b:group-B6725F8E7A3E changes role from CANDIDATE to LEADER at term 1 for changeToLeader
2019-09-12 10:20:33,527 [e7d5f4a9-6e89-4f9e-9e88-8a026c08c92b:group-40D2F61A2F57:LeaderElection69] INFO  impl.RaftServerImpl (ServerState.java:setLeader(263)) - e7d5f4a9-6e89-4f9e-9e88-8a026c08c92b:group-40D2F61A2F57 change Leader from null to e7d5f4a9-6e89-4f9e-9e88-8a026c08c92b at term 1 for becomeLeader, leader elected after 5090ms
2019-09-12 10:20:33,527 [e7d5f4a9-6e89-4f9e-9e88-8a026c08c92b:group-B6725F8E7A3E:LeaderElection70] INFO  impl.RaftServerImpl (ServerState.java:setLeader(263)) - e7d5f4a9-6e89-4f9e-9e88-8a026c08c92b:group-B6725F8E7A3E change Leader from null to e7d5f4a9-6e89-4f9e-9e88-8a026c08c92b at term 1 for becomeLeader, leader elected after 5134ms
2019-09-12 10:20:33,527 [e7d5f4a9-6e89-4f9e-9e88-8a026c08c92b:group-B6725F8E7A3E:LeaderElection70] INFO  server.RaftServerConfigKeys (ConfUtils.java:logGet(43)) - raft.server.staging.catchup.gap = 1000 (default)
2019-09-12 10:20:33,527 [e7d5f4a9-6e89-4f9e-9e88-8a026c08c92b:group-40D2F61A2F57:LeaderElection69] INFO  server.RaftServerConfigKeys (ConfUtils.java:logGet(43)) - raft.server.staging.catchup.gap = 1000 (default)
2019-09-12 10:20:33,527 [e7d5f4a9-6e89-4f9e-9e88-8a026c08c92b:group-B6725F8E7A3E:LeaderElection70] INFO  server.RaftServerConfigKeys (ConfUtils.java:logGet(43)) - raft.server.rpc.sleep.time = 25ms (default)
2019-09-12 10:20:33,527 [e7d5f4a9-6e89-4f9e-9e88-8a026c08c92b:group-40D2F61A2F57:LeaderElection69] INFO  server.RaftServerConfigKeys (ConfUtils.java:logGet(43)) - raft.server.rpc.sleep.time = 25ms (default)
2019-09-12 10:20:33,527 [e7d5f4a9-6e89-4f9e-9e88-8a026c08c92b:group-B6725F8E7A3E:LeaderElection70] INFO  server.RaftServerConfigKeys (ConfUtils.java:logGet(43)) - raft.server.write.element-limit = 4096 (default)
2019-09-12 10:20:33,528 [e7d5f4a9-6e89-4f9e-9e88-8a026c08c92b:group-40D2F61A2F57:LeaderElection69] INFO  server.RaftServerConfigKeys (ConfUtils.java:logGet(43)) - raft.server.write.element-limit = 4096 (default)
2019-09-12 10:20:33,528 [e7d5f4a9-6e89-4f9e-9e88-8a026c08c92b:group-B6725F8E7A3E:LeaderElection70] INFO  server.RaftServerConfigKeys (ConfUtils.java:logGet(43)) - raft.server.watch.timeout = 10s (default)
2019-09-12 10:20:33,528 [e7d5f4a9-6e89-4f9e-9e88-8a026c08c92b:group-40D2F61A2F57:LeaderElection69] INFO  server.RaftServerConfigKeys (ConfUtils.java:logGet(43)) - raft.server.watch.timeout = 10s (default)
2019-09-12 10:20:33,528 [e7d5f4a9-6e89-4f9e-9e88-8a026c08c92b:group-B6725F8E7A3E:LeaderElection70] INFO  server.RaftServerConfigKeys (ConfUtils.java:logGet(43)) - raft.server.watch.timeout.denomination = 1s (default)
2019-09-12 10:20:33,528 [e7d5f4a9-6e89-4f9e-9e88-8a026c08c92b:group-40D2F61A2F57:LeaderElection69] INFO  server.RaftServerConfigKeys (ConfUtils.java:logGet(43)) - raft.server.watch.timeout.denomination = 1s (default)
2019-09-12 10:20:33,528 [e7d5f4a9-6e89-4f9e-9e88-8a026c08c92b:group-B6725F8E7A3E:LeaderElection70] INFO  server.RaftServerConfigKeys (ConfUtils.java:logGet(43)) - raft.server.watch.element-limit = 65536 (default)
2019-09-12 10:20:33,528 [e7d5f4a9-6e89-4f9e-9e88-8a026c08c92b:group-40D2F61A2F57:LeaderElection69] INFO  server.RaftServerConfigKeys (ConfUtils.java:logGet(43)) - raft.server.watch.element-limit = 65536 (default)
2019-09-12 10:20:33,528 [e7d5f4a9-6e89-4f9e-9e88-8a026c08c92b:group-20E5D077B40B:LeaderElection71] INFO  impl.LeaderElection (LeaderElection.java:askForVotes(181)) - e7d5f4a9-6e89-4f9e-9e88-8a026c08c92b:group-20E5D077B40B:LeaderElection71: begin an election at term 1 for -1: [e7d5f4a9-6e89-4f9e-9e88-8a026c08c92b:192.168.157.195:44061], old=null
2019-09-12 10:20:33,529 [e7d5f4a9-6e89-4f9e-9e88-8a026c08c92b:group-40D2F61A2F57:LeaderElection69] INFO  impl.RoleInfo (RoleInfo.java:updateAndGet(143)) - e7d5f4a9-6e89-4f9e-9e88-8a026c08c92b: start LeaderState
2019-09-12 10:20:33,528 [e7d5f4a9-6e89-4f9e-9e88-8a026c08c92b:group-B6725F8E7A3E:LeaderElection70] INFO  impl.RoleInfo (RoleInfo.java:updateAndGet(143)) - e7d5f4a9-6e89-4f9e-9e88-8a026c08c92b: start LeaderState
2019-09-12 10:20:33,529 [e7d5f4a9-6e89-4f9e-9e88-8a026c08c92b:group-20E5D077B40B:LeaderElection71] INFO  impl.RoleInfo (RoleInfo.java:shutdownLeaderElection(134)) - e7d5f4a9-6e89-4f9e-9e88-8a026c08c92b: shutdown LeaderElection
2019-09-12 10:20:33,529 [e7d5f4a9-6e89-4f9e-9e88-8a026c08c92b:group-40D2F61A2F57:LeaderElection69] INFO  segmented.SegmentedRaftLogWorker (SegmentedRaftLogWorker.java:startLogSegment(380)) - e7d5f4a9-6e89-4f9e-9e88-8a026c08c92b-SegmentedRaftLogWorker:Storage Directory /workdir/hadoop-ozone/integration-test/target/test-dir/MiniOzoneClusterImpl-7916f1df-c498-4717-aca8-2b9cc087c85f/datanode-2/data/ratis/e906ac05-294c-46e3-a120-40d2f61a2f57: Starting segment from index:0
2019-09-12 10:20:33,529 [e7d5f4a9-6e89-4f9e-9e88-8a026c08c92b:group-B6725F8E7A3E:LeaderElection70] INFO  segmented.SegmentedRaftLogWorker (SegmentedRaftLogWorker.java:startLogSegment(380)) - e7d5f4a9-6e89-4f9e-9e88-8a026c08c92b-SegmentedRaftLogWorker:Storage Directory /workdir/hadoop-ozone/integration-test/target/test-dir/MiniOzoneClusterImpl-7916f1df-c498-4717-aca8-2b9cc087c85f/datanode-2/data/ratis/7018ed3c-d74a-43a2-b82f-b6725f8e7a3e: Starting segment from index:0
2019-09-12 10:20:33,529 [e7d5f4a9-6e89-4f9e-9e88-8a026c08c92b:group-20E5D077B40B:LeaderElection71] INFO  impl.RaftServerImpl (RaftServerImpl.java:setRole(171)) - e7d5f4a9-6e89-4f9e-9e88-8a026c08c92b:group-20E5D077B40B changes role from CANDIDATE to LEADER at term 1 for changeToLeader
2019-09-12 10:20:33,529 [e7d5f4a9-6e89-4f9e-9e88-8a026c08c92b:group-20E5D077B40B:LeaderElection71] INFO  impl.RaftServerImpl (ServerState.java:setLeader(263)) - e7d5f4a9-6e89-4f9e-9e88-8a026c08c92b:group-20E5D077B40B change Leader from null to e7d5f4a9-6e89-4f9e-9e88-8a026c08c92b at term 1 for becomeLeader, leader elected after 5181ms
2019-09-12 10:20:33,529 [e7d5f4a9-6e89-4f9e-9e88-8a026c08c92b:group-40D2F61A2F57:LeaderElection69] INFO  impl.RaftServerImpl (ServerState.java:setRaftConf(361)) - e7d5f4a9-6e89-4f9e-9e88-8a026c08c92b:group-40D2F61A2F57 set configuration 0: [e7d5f4a9-6e89-4f9e-9e88-8a026c08c92b:192.168.157.195:44061], old=null at 0
2019-09-12 10:20:33,530 [e7d5f4a9-6e89-4f9e-9e88-8a026c08c92b:group-20E5D077B40B:LeaderElection71] INFO  server.RaftServerConfigKeys (ConfUtils.java:logGet(43)) - raft.server.staging.catchup.gap = 1000 (default)
2019-09-12 10:20:33,530 [e7d5f4a9-6e89-4f9e-9e88-8a026c08c92b:group-B6725F8E7A3E:LeaderElection70] INFO  impl.RaftServerImpl (ServerState.java:setRaftConf(361)) - e7d5f4a9-6e89-4f9e-9e88-8a026c08c92b:group-B6725F8E7A3E set configuration 0: [e7d5f4a9-6e89-4f9e-9e88-8a026c08c92b:192.168.157.195:44061], old=null at 0
2019-09-12 10:20:33,530 [e7d5f4a9-6e89-4f9e-9e88-8a026c08c92b:group-20E5D077B40B:LeaderElection71] INFO  server.RaftServerConfigKeys (ConfUtils.java:logGet(43)) - raft.server.rpc.sleep.time = 25ms (default)
2019-09-12 10:20:33,530 [e7d5f4a9-6e89-4f9e-9e88-8a026c08c92b:group-20E5D077B40B:LeaderElection71] INFO  server.RaftServerConfigKeys (ConfUtils.java:logGet(43)) - raft.server.write.element-limit = 4096 (default)
2019-09-12 10:20:33,530 [e7d5f4a9-6e89-4f9e-9e88-8a026c08c92b:group-20E5D077B40B:LeaderElection71] INFO  server.RaftServerConfigKeys (ConfUtils.java:logGet(43)) - raft.server.watch.timeout = 10s (default)
2019-09-12 10:20:33,530 [e7d5f4a9-6e89-4f9e-9e88-8a026c08c92b:group-20E5D077B40B:LeaderElection71] INFO  server.RaftServerConfigKeys (ConfUtils.java:logGet(43)) - raft.server.watch.timeout.denomination = 1s (default)
2019-09-12 10:20:33,530 [e7d5f4a9-6e89-4f9e-9e88-8a026c08c92b:group-20E5D077B40B:LeaderElection71] INFO  server.RaftServerConfigKeys (ConfUtils.java:logGet(43)) - raft.server.watch.element-limit = 65536 (default)
2019-09-12 10:20:33,531 [e7d5f4a9-6e89-4f9e-9e88-8a026c08c92b:group-20E5D077B40B:LeaderElection71] INFO  impl.RoleInfo (RoleInfo.java:updateAndGet(143)) - e7d5f4a9-6e89-4f9e-9e88-8a026c08c92b: start LeaderState
2019-09-12 10:20:33,531 [e7d5f4a9-6e89-4f9e-9e88-8a026c08c92b:group-20E5D077B40B:LeaderElection71] INFO  segmented.SegmentedRaftLogWorker (SegmentedRaftLogWorker.java:startLogSegment(380)) - e7d5f4a9-6e89-4f9e-9e88-8a026c08c92b-SegmentedRaftLogWorker:Storage Directory /workdir/hadoop-ozone/integration-test/target/test-dir/MiniOzoneClusterImpl-7916f1df-c498-4717-aca8-2b9cc087c85f/datanode-2/data/ratis/41a0d6d6-69fd-4d7a-a99f-20e5d077b40b: Starting segment from index:0
2019-09-12 10:20:33,531 [e7d5f4a9-6e89-4f9e-9e88-8a026c08c92b:group-20E5D077B40B:LeaderElection71] INFO  impl.RaftServerImpl (ServerState.java:setRaftConf(361)) - e7d5f4a9-6e89-4f9e-9e88-8a026c08c92b:group-20E5D077B40B set configuration 0: [e7d5f4a9-6e89-4f9e-9e88-8a026c08c92b:192.168.157.195:44061], old=null at 0
2019-09-12 10:20:33,545 [Thread-1018] INFO  impl.FollowerState (FollowerState.java:run(106)) - e7d5f4a9-6e89-4f9e-9e88-8a026c08c92b:group-1D3B183DF87F changes to CANDIDATE, lastRpcTime:5061, electionTimeout:5061ms
2019-09-12 10:20:33,546 [Thread-1018] INFO  impl.RoleInfo (RoleInfo.java:shutdownFollowerState(121)) - e7d5f4a9-6e89-4f9e-9e88-8a026c08c92b: shutdown FollowerState
2019-09-12 10:20:33,546 [Thread-1018] INFO  impl.RaftServerImpl (RaftServerImpl.java:setRole(171)) - e7d5f4a9-6e89-4f9e-9e88-8a026c08c92b:group-1D3B183DF87F changes role from FOLLOWER to CANDIDATE at term 0 for changeToCandidate
2019-09-12 10:20:33,546 [Thread-1018] INFO  impl.RoleInfo (RoleInfo.java:updateAndGet(143)) - e7d5f4a9-6e89-4f9e-9e88-8a026c08c92b: start LeaderElection
2019-09-12 10:20:33,579 [e7d5f4a9-6e89-4f9e-9e88-8a026c08c92b-SegmentedRaftLogWorker:Storage Directory /workdir/hadoop-ozone/integration-test/target/test-dir/MiniOzoneClusterImpl-7916f1df-c498-4717-aca8-2b9cc087c85f/datanode-2/data/ratis/e906ac05-294c-46e3-a120-40d2f61a2f57] INFO  segmented.SegmentedRaftLogWorker (SegmentedRaftLogWorker.java:execute(569)) - e7d5f4a9-6e89-4f9e-9e88-8a026c08c92b-SegmentedRaftLogWorker:Storage Directory /workdir/hadoop-ozone/integration-test/target/test-dir/MiniOzoneClusterImpl-7916f1df-c498-4717-aca8-2b9cc087c85f/datanode-2/data/ratis/e906ac05-294c-46e3-a120-40d2f61a2f57: created new log segment /workdir/hadoop-ozone/integration-test/target/test-dir/MiniOzoneClusterImpl-7916f1df-c498-4717-aca8-2b9cc087c85f/datanode-2/data/ratis/e906ac05-294c-46e3-a120-40d2f61a2f57/current/log_inprogress_0
2019-09-12 10:20:33,579 [e7d5f4a9-6e89-4f9e-9e88-8a026c08c92b-SegmentedRaftLogWorker:Storage Directory /workdir/hadoop-ozone/integration-test/target/test-dir/MiniOzoneClusterImpl-7916f1df-c498-4717-aca8-2b9cc087c85f/datanode-2/data/ratis/41a0d6d6-69fd-4d7a-a99f-20e5d077b40b] INFO  segmented.SegmentedRaftLogWorker (SegmentedRaftLogWorker.java:execute(569)) - e7d5f4a9-6e89-4f9e-9e88-8a026c08c92b-SegmentedRaftLogWorker:Storage Directory /workdir/hadoop-ozone/integration-test/target/test-dir/MiniOzoneClusterImpl-7916f1df-c498-4717-aca8-2b9cc087c85f/datanode-2/data/ratis/41a0d6d6-69fd-4d7a-a99f-20e5d077b40b: created new log segment /workdir/hadoop-ozone/integration-test/target/test-dir/MiniOzoneClusterImpl-7916f1df-c498-4717-aca8-2b9cc087c85f/datanode-2/data/ratis/41a0d6d6-69fd-4d7a-a99f-20e5d077b40b/current/log_inprogress_0
2019-09-12 10:20:33,579 [e7d5f4a9-6e89-4f9e-9e88-8a026c08c92b:group-1D3B183DF87F:LeaderElection72] INFO  impl.LeaderElection (LeaderElection.java:askForVotes(181)) - e7d5f4a9-6e89-4f9e-9e88-8a026c08c92b:group-1D3B183DF87F:LeaderElection72: begin an election at term 1 for -1: [e7d5f4a9-6e89-4f9e-9e88-8a026c08c92b:192.168.157.195:44061], old=null
2019-09-12 10:20:33,579 [e7d5f4a9-6e89-4f9e-9e88-8a026c08c92b-SegmentedRaftLogWorker:Storage Directory /workdir/hadoop-ozone/integration-test/target/test-dir/MiniOzoneClusterImpl-7916f1df-c498-4717-aca8-2b9cc087c85f/datanode-2/data/ratis/7018ed3c-d74a-43a2-b82f-b6725f8e7a3e] INFO  segmented.SegmentedRaftLogWorker (SegmentedRaftLogWorker.java:execute(569)) - e7d5f4a9-6e89-4f9e-9e88-8a026c08c92b-SegmentedRaftLogWorker:Storage Directory /workdir/hadoop-ozone/integration-test/target/test-dir/MiniOzoneClusterImpl-7916f1df-c498-4717-aca8-2b9cc087c85f/datanode-2/data/ratis/7018ed3c-d74a-43a2-b82f-b6725f8e7a3e: created new log segment /workdir/hadoop-ozone/integration-test/target/test-dir/MiniOzoneClusterImpl-7916f1df-c498-4717-aca8-2b9cc087c85f/datanode-2/data/ratis/7018ed3c-d74a-43a2-b82f-b6725f8e7a3e/current/log_inprogress_0
2019-09-12 10:20:33,579 [e7d5f4a9-6e89-4f9e-9e88-8a026c08c92b:group-1D3B183DF87F:LeaderElection72] INFO  impl.RoleInfo (RoleInfo.java:shutdownLeaderElection(134)) - e7d5f4a9-6e89-4f9e-9e88-8a026c08c92b: shutdown LeaderElection
2019-09-12 10:20:33,579 [e7d5f4a9-6e89-4f9e-9e88-8a026c08c92b:group-1D3B183DF87F:LeaderElection72] INFO  impl.RaftServerImpl (RaftServerImpl.java:setRole(171)) - e7d5f4a9-6e89-4f9e-9e88-8a026c08c92b:group-1D3B183DF87F changes role from CANDIDATE to LEADER at term 1 for changeToLeader
2019-09-12 10:20:33,579 [e7d5f4a9-6e89-4f9e-9e88-8a026c08c92b:group-1D3B183DF87F:LeaderElection72] INFO  impl.RaftServerImpl (ServerState.java:setLeader(263)) - e7d5f4a9-6e89-4f9e-9e88-8a026c08c92b:group-1D3B183DF87F change Leader from null to e7d5f4a9-6e89-4f9e-9e88-8a026c08c92b at term 1 for becomeLeader, leader elected after 5099ms
2019-09-12 10:20:33,579 [e7d5f4a9-6e89-4f9e-9e88-8a026c08c92b:group-1D3B183DF87F:LeaderElection72] INFO  server.RaftServerConfigKeys (ConfUtils.java:logGet(43)) - raft.server.staging.catchup.gap = 1000 (default)
2019-09-12 10:20:33,580 [e7d5f4a9-6e89-4f9e-9e88-8a026c08c92b:group-1D3B183DF87F:LeaderElection72] INFO  server.RaftServerConfigKeys (ConfUtils.java:logGet(43)) - raft.server.rpc.sleep.time = 25ms (default)
2019-09-12 10:20:33,580 [e7d5f4a9-6e89-4f9e-9e88-8a026c08c92b:group-1D3B183DF87F:LeaderElection72] INFO  server.RaftServerConfigKeys (ConfUtils.java:logGet(43)) - raft.server.write.element-limit = 4096 (default)
2019-09-12 10:20:33,580 [e7d5f4a9-6e89-4f9e-9e88-8a026c08c92b:group-1D3B183DF87F:LeaderElection72] INFO  server.RaftServerConfigKeys (ConfUtils.java:logGet(43)) - raft.server.watch.timeout = 10s (default)
2019-09-12 10:20:33,580 [e7d5f4a9-6e89-4f9e-9e88-8a026c08c92b:group-1D3B183DF87F:LeaderElection72] INFO  server.RaftServerConfigKeys (ConfUtils.java:logGet(43)) - raft.server.watch.timeout.denomination = 1s (default)
2019-09-12 10:20:33,580 [e7d5f4a9-6e89-4f9e-9e88-8a026c08c92b:group-1D3B183DF87F:LeaderElection72] INFO  server.RaftServerConfigKeys (ConfUtils.java:logGet(43)) - raft.server.watch.element-limit = 65536 (default)
2019-09-12 10:20:33,580 [e7d5f4a9-6e89-4f9e-9e88-8a026c08c92b:group-1D3B183DF87F:LeaderElection72] INFO  impl.RoleInfo (RoleInfo.java:updateAndGet(143)) - e7d5f4a9-6e89-4f9e-9e88-8a026c08c92b: start LeaderState
2019-09-12 10:20:33,580 [e7d5f4a9-6e89-4f9e-9e88-8a026c08c92b:group-1D3B183DF87F:LeaderElection72] INFO  segmented.SegmentedRaftLogWorker (SegmentedRaftLogWorker.java:startLogSegment(380)) - e7d5f4a9-6e89-4f9e-9e88-8a026c08c92b-SegmentedRaftLogWorker:Storage Directory /workdir/hadoop-ozone/integration-test/target/test-dir/MiniOzoneClusterImpl-7916f1df-c498-4717-aca8-2b9cc087c85f/datanode-2/data/ratis/2b6a5864-6e4c-45bc-9e2e-1d3b183df87f: Starting segment from index:0
2019-09-12 10:20:33,581 [e7d5f4a9-6e89-4f9e-9e88-8a026c08c92b:group-1D3B183DF87F:LeaderElection72] INFO  impl.RaftServerImpl (ServerState.java:setRaftConf(361)) - e7d5f4a9-6e89-4f9e-9e88-8a026c08c92b:group-1D3B183DF87F set configuration 0: [e7d5f4a9-6e89-4f9e-9e88-8a026c08c92b:192.168.157.195:44061], old=null at 0
2019-09-12 10:20:33,622 [e7d5f4a9-6e89-4f9e-9e88-8a026c08c92b-SegmentedRaftLogWorker:Storage Directory /workdir/hadoop-ozone/integration-test/target/test-dir/MiniOzoneClusterImpl-7916f1df-c498-4717-aca8-2b9cc087c85f/datanode-2/data/ratis/2b6a5864-6e4c-45bc-9e2e-1d3b183df87f] INFO  segmented.SegmentedRaftLogWorker (SegmentedRaftLogWorker.java:execute(569)) - e7d5f4a9-6e89-4f9e-9e88-8a026c08c92b-SegmentedRaftLogWorker:Storage Directory /workdir/hadoop-ozone/integration-test/target/test-dir/MiniOzoneClusterImpl-7916f1df-c498-4717-aca8-2b9cc087c85f/datanode-2/data/ratis/2b6a5864-6e4c-45bc-9e2e-1d3b183df87f: created new log segment /workdir/hadoop-ozone/integration-test/target/test-dir/MiniOzoneClusterImpl-7916f1df-c498-4717-aca8-2b9cc087c85f/datanode-2/data/ratis/2b6a5864-6e4c-45bc-9e2e-1d3b183df87f/current/log_inprogress_0
2019-09-12 10:20:34,118 | INFO  | SCMAudit | user=jenkins1000 | ip=192.168.157.195 | op=SEND_HEARTBEAT {datanodeUUID=e7d5f4a9-6e89-4f9e-9e88-8a026c08c92b, command=[]} | ret=SUCCESS |  
2019-09-12 10:20:34,139 [main] INFO  ozoneimpl.OzoneContainer (OzoneContainer.java:stop(199)) - Attempting to stop container services.
2019-09-12 10:20:34,139 [ForkJoinPool.commonPool-worker-0] INFO  ozoneimpl.OzoneContainer (OzoneContainer.java:stop(199)) - Attempting to stop container services.
2019-09-12 10:20:34,140 [main] INFO  impl.RaftServerProxy (RaftServerProxy.java:lambda$close$4(314)) - 14a6a790-57eb-4f24-a5aa-1517ce37e105: close
2019-09-12 10:20:34,140 [ForkJoinPool.commonPool-worker-0] INFO  impl.RaftServerProxy (RaftServerProxy.java:lambda$close$4(314)) - ce4c04ae-1298-4600-8421-2ddefcbd2095: close
2019-09-12 10:20:34,140 [main] INFO  impl.RaftServerImpl (RaftServerImpl.java:lambda$shutdown$3(245)) - 14a6a790-57eb-4f24-a5aa-1517ce37e105: shutdown group-CF69D123A47A
2019-09-12 10:20:34,141 [ForkJoinPool.commonPool-worker-0] INFO  impl.RaftServerImpl (RaftServerImpl.java:lambda$shutdown$3(245)) - ce4c04ae-1298-4600-8421-2ddefcbd2095: shutdown group-A9B6F8C25D8B
2019-09-12 10:20:34,141 [main] INFO  util.JmxRegister (JmxRegister.java:unregister(73)) - Successfully un-registered JMX Bean with object name Ratis:service=RaftServer,group=group-CF69D123A47A,id=14a6a790-57eb-4f24-a5aa-1517ce37e105
2019-09-12 10:20:34,141 [ForkJoinPool.commonPool-worker-0] INFO  util.JmxRegister (JmxRegister.java:unregister(73)) - Successfully un-registered JMX Bean with object name Ratis:service=RaftServer,group=group-A9B6F8C25D8B,id=ce4c04ae-1298-4600-8421-2ddefcbd2095
2019-09-12 10:20:34,142 [main] INFO  impl.RoleInfo (RoleInfo.java:shutdownLeaderState(104)) - 14a6a790-57eb-4f24-a5aa-1517ce37e105: shutdown LeaderState
2019-09-12 10:20:34,142 [ForkJoinPool.commonPool-worker-0] INFO  impl.RoleInfo (RoleInfo.java:shutdownLeaderState(104)) - ce4c04ae-1298-4600-8421-2ddefcbd2095: shutdown LeaderState
2019-09-12 10:20:34,143 [main] INFO  impl.PendingRequests (PendingRequests.java:sendNotLeaderResponses(202)) - 14a6a790-57eb-4f24-a5aa-1517ce37e105-PendingRequests: sendNotLeaderResponses
2019-09-12 10:20:34,143 [ForkJoinPool.commonPool-worker-0] INFO  impl.PendingRequests (PendingRequests.java:sendNotLeaderResponses(202)) - ce4c04ae-1298-4600-8421-2ddefcbd2095-PendingRequests: sendNotLeaderResponses
2019-09-12 10:20:34,143 [main] INFO  impl.StateMachineUpdater (StateMachineUpdater.java:stopAndJoin(115)) - StateMachineUpdater:14a6a790-57eb-4f24-a5aa-1517ce37e105:group-CF69D123A47A: set stopIndex = 0
2019-09-12 10:20:34,144 [main] INFO  impl.RaftServerImpl (ServerState.java:close(394)) - 14a6a790-57eb-4f24-a5aa-1517ce37e105:group-CF69D123A47A closes. The last applied log index is 0
2019-09-12 10:20:34,144 [ForkJoinPool.commonPool-worker-0] INFO  impl.StateMachineUpdater (StateMachineUpdater.java:stopAndJoin(115)) - StateMachineUpdater:ce4c04ae-1298-4600-8421-2ddefcbd2095:group-A9B6F8C25D8B: set stopIndex = 0
2019-09-12 10:20:34,145 [14a6a790-57eb-4f24-a5aa-1517ce37e105-SegmentedRaftLogWorker:Storage Directory /workdir/hadoop-ozone/integration-test/target/test-dir/MiniOzoneClusterImpl-7916f1df-c498-4717-aca8-2b9cc087c85f/datanode-1/data/ratis/0487a27d-baea-4455-bf21-cf69d123a47a] INFO  segmented.SegmentedRaftLogWorker (SegmentedRaftLogWorker.java:run(313)) - 14a6a790-57eb-4f24-a5aa-1517ce37e105-SegmentedRaftLogWorker:Storage Directory /workdir/hadoop-ozone/integration-test/target/test-dir/MiniOzoneClusterImpl-7916f1df-c498-4717-aca8-2b9cc087c85f/datanode-1/data/ratis/0487a27d-baea-4455-bf21-cf69d123a47a was interrupted, exiting. There are 0 tasks remaining in the queue.
2019-09-12 10:20:34,145 [ForkJoinPool.commonPool-worker-0] INFO  impl.RaftServerImpl (ServerState.java:close(394)) - ce4c04ae-1298-4600-8421-2ddefcbd2095:group-A9B6F8C25D8B closes. The last applied log index is 0
2019-09-12 10:20:34,145 [main] INFO  segmented.SegmentedRaftLogWorker (SegmentedRaftLogWorker.java:close(228)) - 14a6a790-57eb-4f24-a5aa-1517ce37e105-SegmentedRaftLogWorker:Storage Directory /workdir/hadoop-ozone/integration-test/target/test-dir/MiniOzoneClusterImpl-7916f1df-c498-4717-aca8-2b9cc087c85f/datanode-1/data/ratis/0487a27d-baea-4455-bf21-cf69d123a47a close()
2019-09-12 10:20:34,146 [ce4c04ae-1298-4600-8421-2ddefcbd2095-SegmentedRaftLogWorker:Storage Directory /workdir/hadoop-ozone/integration-test/target/test-dir/MiniOzoneClusterImpl-7916f1df-c498-4717-aca8-2b9cc087c85f/datanode-0/data/ratis/f7493399-6882-4a1e-a342-a9b6f8c25d8b] INFO  segmented.SegmentedRaftLogWorker (SegmentedRaftLogWorker.java:run(313)) - ce4c04ae-1298-4600-8421-2ddefcbd2095-SegmentedRaftLogWorker:Storage Directory /workdir/hadoop-ozone/integration-test/target/test-dir/MiniOzoneClusterImpl-7916f1df-c498-4717-aca8-2b9cc087c85f/datanode-0/data/ratis/f7493399-6882-4a1e-a342-a9b6f8c25d8b was interrupted, exiting. There are 0 tasks remaining in the queue.
2019-09-12 10:20:34,148 [main] INFO  impl.RaftServerImpl (RaftServerImpl.java:lambda$shutdown$3(245)) - 14a6a790-57eb-4f24-a5aa-1517ce37e105: shutdown group-1CD1F78F9E39
2019-09-12 10:20:34,148 [ForkJoinPool.commonPool-worker-0] INFO  segmented.SegmentedRaftLogWorker (SegmentedRaftLogWorker.java:close(228)) - ce4c04ae-1298-4600-8421-2ddefcbd2095-SegmentedRaftLogWorker:Storage Directory /workdir/hadoop-ozone/integration-test/target/test-dir/MiniOzoneClusterImpl-7916f1df-c498-4717-aca8-2b9cc087c85f/datanode-0/data/ratis/f7493399-6882-4a1e-a342-a9b6f8c25d8b close()
2019-09-12 10:20:34,148 [main] INFO  util.JmxRegister (JmxRegister.java:unregister(73)) - Successfully un-registered JMX Bean with object name Ratis:service=RaftServer,group=group-1CD1F78F9E39,id=14a6a790-57eb-4f24-a5aa-1517ce37e105
2019-09-12 10:20:34,150 [ForkJoinPool.commonPool-worker-0] INFO  impl.RaftServerImpl (RaftServerImpl.java:lambda$shutdown$3(245)) - ce4c04ae-1298-4600-8421-2ddefcbd2095: shutdown group-240DC888D512
2019-09-12 10:20:34,150 [main] INFO  impl.RoleInfo (RoleInfo.java:shutdownLeaderState(104)) - 14a6a790-57eb-4f24-a5aa-1517ce37e105: shutdown LeaderState
2019-09-12 10:20:34,150 [ForkJoinPool.commonPool-worker-0] INFO  util.JmxRegister (JmxRegister.java:unregister(73)) - Successfully un-registered JMX Bean with object name Ratis:service=RaftServer,group=group-240DC888D512,id=ce4c04ae-1298-4600-8421-2ddefcbd2095
2019-09-12 10:20:34,151 [main] INFO  impl.PendingRequests (PendingRequests.java:sendNotLeaderResponses(202)) - 14a6a790-57eb-4f24-a5aa-1517ce37e105-PendingRequests: sendNotLeaderResponses
2019-09-12 10:20:34,151 [ForkJoinPool.commonPool-worker-0] INFO  impl.RoleInfo (RoleInfo.java:shutdownLeaderState(104)) - ce4c04ae-1298-4600-8421-2ddefcbd2095: shutdown LeaderState
2019-09-12 10:20:34,151 [main] INFO  impl.StateMachineUpdater (StateMachineUpdater.java:stopAndJoin(115)) - StateMachineUpdater:14a6a790-57eb-4f24-a5aa-1517ce37e105:group-1CD1F78F9E39: set stopIndex = 0
2019-09-12 10:20:34,152 [ForkJoinPool.commonPool-worker-0] INFO  impl.PendingRequests (PendingRequests.java:sendNotLeaderResponses(202)) - ce4c04ae-1298-4600-8421-2ddefcbd2095-PendingRequests: sendNotLeaderResponses
2019-09-12 10:20:34,152 [main] INFO  impl.RaftServerImpl (ServerState.java:close(394)) - 14a6a790-57eb-4f24-a5aa-1517ce37e105:group-1CD1F78F9E39 closes. The last applied log index is 0
2019-09-12 10:20:34,152 [ForkJoinPool.commonPool-worker-0] INFO  impl.StateMachineUpdater (StateMachineUpdater.java:stopAndJoin(115)) - StateMachineUpdater:ce4c04ae-1298-4600-8421-2ddefcbd2095:group-240DC888D512: set stopIndex = 0
2019-09-12 10:20:34,153 [14a6a790-57eb-4f24-a5aa-1517ce37e105-SegmentedRaftLogWorker:Storage Directory /workdir/hadoop-ozone/integration-test/target/test-dir/MiniOzoneClusterImpl-7916f1df-c498-4717-aca8-2b9cc087c85f/datanode-1/data/ratis/3347857d-7c01-4b65-a64e-1cd1f78f9e39] INFO  segmented.SegmentedRaftLogWorker (SegmentedRaftLogWorker.java:run(313)) - 14a6a790-57eb-4f24-a5aa-1517ce37e105-SegmentedRaftLogWorker:Storage Directory /workdir/hadoop-ozone/integration-test/target/test-dir/MiniOzoneClusterImpl-7916f1df-c498-4717-aca8-2b9cc087c85f/datanode-1/data/ratis/3347857d-7c01-4b65-a64e-1cd1f78f9e39 was interrupted, exiting. There are 0 tasks remaining in the queue.
2019-09-12 10:20:34,153 [ForkJoinPool.commonPool-worker-0] INFO  impl.RaftServerImpl (ServerState.java:close(394)) - ce4c04ae-1298-4600-8421-2ddefcbd2095:group-240DC888D512 closes. The last applied log index is 0
2019-09-12 10:20:34,153 [main] INFO  segmented.SegmentedRaftLogWorker (SegmentedRaftLogWorker.java:close(228)) - 14a6a790-57eb-4f24-a5aa-1517ce37e105-SegmentedRaftLogWorker:Storage Directory /workdir/hadoop-ozone/integration-test/target/test-dir/MiniOzoneClusterImpl-7916f1df-c498-4717-aca8-2b9cc087c85f/datanode-1/data/ratis/3347857d-7c01-4b65-a64e-1cd1f78f9e39 close()
2019-09-12 10:20:34,154 [ce4c04ae-1298-4600-8421-2ddefcbd2095-SegmentedRaftLogWorker:Storage Directory /workdir/hadoop-ozone/integration-test/target/test-dir/MiniOzoneClusterImpl-7916f1df-c498-4717-aca8-2b9cc087c85f/datanode-0/data/ratis/167b09ba-06a2-4ecf-96ea-240dc888d512] INFO  segmented.SegmentedRaftLogWorker (SegmentedRaftLogWorker.java:run(313)) - ce4c04ae-1298-4600-8421-2ddefcbd2095-SegmentedRaftLogWorker:Storage Directory /workdir/hadoop-ozone/integration-test/target/test-dir/MiniOzoneClusterImpl-7916f1df-c498-4717-aca8-2b9cc087c85f/datanode-0/data/ratis/167b09ba-06a2-4ecf-96ea-240dc888d512 was interrupted, exiting. There are 0 tasks remaining in the queue.
2019-09-12 10:20:34,155 [main] INFO  impl.RaftServerImpl (RaftServerImpl.java:lambda$shutdown$3(245)) - 14a6a790-57eb-4f24-a5aa-1517ce37e105: shutdown group-B53C7ABEE397
2019-09-12 10:20:34,155 [ForkJoinPool.commonPool-worker-0] INFO  segmented.SegmentedRaftLogWorker (SegmentedRaftLogWorker.java:close(228)) - ce4c04ae-1298-4600-8421-2ddefcbd2095-SegmentedRaftLogWorker:Storage Directory /workdir/hadoop-ozone/integration-test/target/test-dir/MiniOzoneClusterImpl-7916f1df-c498-4717-aca8-2b9cc087c85f/datanode-0/data/ratis/167b09ba-06a2-4ecf-96ea-240dc888d512 close()
2019-09-12 10:20:34,155 [main] INFO  util.JmxRegister (JmxRegister.java:unregister(73)) - Successfully un-registered JMX Bean with object name Ratis:service=RaftServer,group=group-B53C7ABEE397,id=14a6a790-57eb-4f24-a5aa-1517ce37e105
2019-09-12 10:20:34,157 [ForkJoinPool.commonPool-worker-0] INFO  impl.RaftServerImpl (RaftServerImpl.java:lambda$shutdown$3(245)) - ce4c04ae-1298-4600-8421-2ddefcbd2095: shutdown group-A144F03DCCE4
2019-09-12 10:20:34,157 [main] INFO  impl.RoleInfo (RoleInfo.java:shutdownLeaderState(104)) - 14a6a790-57eb-4f24-a5aa-1517ce37e105: shutdown LeaderState
2019-09-12 10:20:34,157 [ForkJoinPool.commonPool-worker-0] INFO  util.JmxRegister (JmxRegister.java:unregister(73)) - Successfully un-registered JMX Bean with object name Ratis:service=RaftServer,group=group-A144F03DCCE4,id=ce4c04ae-1298-4600-8421-2ddefcbd2095
2019-09-12 10:20:34,158 [main] INFO  impl.PendingRequests (PendingRequests.java:sendNotLeaderResponses(202)) - 14a6a790-57eb-4f24-a5aa-1517ce37e105-PendingRequests: sendNotLeaderResponses
2019-09-12 10:20:34,158 [ForkJoinPool.commonPool-worker-0] INFO  impl.RoleInfo (RoleInfo.java:shutdownLeaderState(104)) - ce4c04ae-1298-4600-8421-2ddefcbd2095: shutdown LeaderState
2019-09-12 10:20:34,158 [main] INFO  impl.StateMachineUpdater (StateMachineUpdater.java:stopAndJoin(115)) - StateMachineUpdater:14a6a790-57eb-4f24-a5aa-1517ce37e105:group-B53C7ABEE397: set stopIndex = 0
2019-09-12 10:20:34,159 [ForkJoinPool.commonPool-worker-0] INFO  impl.PendingRequests (PendingRequests.java:sendNotLeaderResponses(202)) - ce4c04ae-1298-4600-8421-2ddefcbd2095-PendingRequests: sendNotLeaderResponses
2019-09-12 10:20:34,159 [main] INFO  impl.RaftServerImpl (ServerState.java:close(394)) - 14a6a790-57eb-4f24-a5aa-1517ce37e105:group-B53C7ABEE397 closes. The last applied log index is 0
2019-09-12 10:20:34,159 [ForkJoinPool.commonPool-worker-0] INFO  impl.StateMachineUpdater (StateMachineUpdater.java:stopAndJoin(115)) - StateMachineUpdater:ce4c04ae-1298-4600-8421-2ddefcbd2095:group-A144F03DCCE4: set stopIndex = 0
2019-09-12 10:20:34,160 [14a6a790-57eb-4f24-a5aa-1517ce37e105-SegmentedRaftLogWorker:Storage Directory /workdir/hadoop-ozone/integration-test/target/test-dir/MiniOzoneClusterImpl-7916f1df-c498-4717-aca8-2b9cc087c85f/datanode-1/data/ratis/059e2d9e-e6ad-45f0-9e0f-b53c7abee397] INFO  segmented.SegmentedRaftLogWorker (SegmentedRaftLogWorker.java:run(313)) - 14a6a790-57eb-4f24-a5aa-1517ce37e105-SegmentedRaftLogWorker:Storage Directory /workdir/hadoop-ozone/integration-test/target/test-dir/MiniOzoneClusterImpl-7916f1df-c498-4717-aca8-2b9cc087c85f/datanode-1/data/ratis/059e2d9e-e6ad-45f0-9e0f-b53c7abee397 was interrupted, exiting. There are 0 tasks remaining in the queue.
2019-09-12 10:20:34,160 [ForkJoinPool.commonPool-worker-0] INFO  impl.RaftServerImpl (ServerState.java:close(394)) - ce4c04ae-1298-4600-8421-2ddefcbd2095:group-A144F03DCCE4 closes. The last applied log index is 0
2019-09-12 10:20:34,160 [main] INFO  segmented.SegmentedRaftLogWorker (SegmentedRaftLogWorker.java:close(228)) - 14a6a790-57eb-4f24-a5aa-1517ce37e105-SegmentedRaftLogWorker:Storage Directory /workdir/hadoop-ozone/integration-test/target/test-dir/MiniOzoneClusterImpl-7916f1df-c498-4717-aca8-2b9cc087c85f/datanode-1/data/ratis/059e2d9e-e6ad-45f0-9e0f-b53c7abee397 close()
2019-09-12 10:20:34,160 [ce4c04ae-1298-4600-8421-2ddefcbd2095-SegmentedRaftLogWorker:Storage Directory /workdir/hadoop-ozone/integration-test/target/test-dir/MiniOzoneClusterImpl-7916f1df-c498-4717-aca8-2b9cc087c85f/datanode-0/data/ratis/5b2eb01d-f7cb-4f19-956f-a144f03dcce4] INFO  segmented.SegmentedRaftLogWorker (SegmentedRaftLogWorker.java:run(313)) - ce4c04ae-1298-4600-8421-2ddefcbd2095-SegmentedRaftLogWorker:Storage Directory /workdir/hadoop-ozone/integration-test/target/test-dir/MiniOzoneClusterImpl-7916f1df-c498-4717-aca8-2b9cc087c85f/datanode-0/data/ratis/5b2eb01d-f7cb-4f19-956f-a144f03dcce4 was interrupted, exiting. There are 0 tasks remaining in the queue.
2019-09-12 10:20:34,162 [main] INFO  impl.RaftServerImpl (RaftServerImpl.java:lambda$shutdown$3(245)) - 14a6a790-57eb-4f24-a5aa-1517ce37e105: shutdown group-6464A7F84FE4
2019-09-12 10:20:34,162 [ForkJoinPool.commonPool-worker-0] INFO  segmented.SegmentedRaftLogWorker (SegmentedRaftLogWorker.java:close(228)) - ce4c04ae-1298-4600-8421-2ddefcbd2095-SegmentedRaftLogWorker:Storage Directory /workdir/hadoop-ozone/integration-test/target/test-dir/MiniOzoneClusterImpl-7916f1df-c498-4717-aca8-2b9cc087c85f/datanode-0/data/ratis/5b2eb01d-f7cb-4f19-956f-a144f03dcce4 close()
2019-09-12 10:20:34,162 [main] INFO  util.JmxRegister (JmxRegister.java:unregister(73)) - Successfully un-registered JMX Bean with object name Ratis:service=RaftServer,group=group-6464A7F84FE4,id=14a6a790-57eb-4f24-a5aa-1517ce37e105
2019-09-12 10:20:34,164 [ForkJoinPool.commonPool-worker-0] INFO  impl.RaftServerImpl (RaftServerImpl.java:lambda$shutdown$3(245)) - ce4c04ae-1298-4600-8421-2ddefcbd2095: shutdown group-99639AFEB152
2019-09-12 10:20:34,164 [main] INFO  impl.RoleInfo (RoleInfo.java:shutdownLeaderState(104)) - 14a6a790-57eb-4f24-a5aa-1517ce37e105: shutdown LeaderState
2019-09-12 10:20:34,164 [ForkJoinPool.commonPool-worker-0] INFO  util.JmxRegister (JmxRegister.java:unregister(73)) - Successfully un-registered JMX Bean with object name Ratis:service=RaftServer,group=group-99639AFEB152,id=ce4c04ae-1298-4600-8421-2ddefcbd2095
2019-09-12 10:20:34,165 [main] INFO  impl.PendingRequests (PendingRequests.java:sendNotLeaderResponses(202)) - 14a6a790-57eb-4f24-a5aa-1517ce37e105-PendingRequests: sendNotLeaderResponses
2019-09-12 10:20:34,165 [ForkJoinPool.commonPool-worker-0] INFO  impl.RoleInfo (RoleInfo.java:shutdownLeaderState(104)) - ce4c04ae-1298-4600-8421-2ddefcbd2095: shutdown LeaderState
2019-09-12 10:20:34,165 [main] INFO  impl.StateMachineUpdater (StateMachineUpdater.java:stopAndJoin(115)) - StateMachineUpdater:14a6a790-57eb-4f24-a5aa-1517ce37e105:group-6464A7F84FE4: set stopIndex = 0
2019-09-12 10:20:34,166 [ForkJoinPool.commonPool-worker-0] INFO  impl.PendingRequests (PendingRequests.java:sendNotLeaderResponses(202)) - ce4c04ae-1298-4600-8421-2ddefcbd2095-PendingRequests: sendNotLeaderResponses
2019-09-12 10:20:34,166 [main] INFO  impl.RaftServerImpl (ServerState.java:close(394)) - 14a6a790-57eb-4f24-a5aa-1517ce37e105:group-6464A7F84FE4 closes. The last applied log index is 0
2019-09-12 10:20:34,166 [ForkJoinPool.commonPool-worker-0] INFO  impl.StateMachineUpdater (StateMachineUpdater.java:stopAndJoin(115)) - StateMachineUpdater:ce4c04ae-1298-4600-8421-2ddefcbd2095:group-99639AFEB152: set stopIndex = 0
2019-09-12 10:20:34,167 [14a6a790-57eb-4f24-a5aa-1517ce37e105-SegmentedRaftLogWorker:Storage Directory /workdir/hadoop-ozone/integration-test/target/test-dir/MiniOzoneClusterImpl-7916f1df-c498-4717-aca8-2b9cc087c85f/datanode-1/data/ratis/10796a8f-14a0-4086-b11a-6464a7f84fe4] INFO  segmented.SegmentedRaftLogWorker (SegmentedRaftLogWorker.java:run(313)) - 14a6a790-57eb-4f24-a5aa-1517ce37e105-SegmentedRaftLogWorker:Storage Directory /workdir/hadoop-ozone/integration-test/target/test-dir/MiniOzoneClusterImpl-7916f1df-c498-4717-aca8-2b9cc087c85f/datanode-1/data/ratis/10796a8f-14a0-4086-b11a-6464a7f84fe4 was interrupted, exiting. There are 0 tasks remaining in the queue.
2019-09-12 10:20:34,167 [ForkJoinPool.commonPool-worker-0] INFO  impl.RaftServerImpl (ServerState.java:close(394)) - ce4c04ae-1298-4600-8421-2ddefcbd2095:group-99639AFEB152 closes. The last applied log index is 0
2019-09-12 10:20:34,167 [main] INFO  segmented.SegmentedRaftLogWorker (SegmentedRaftLogWorker.java:close(228)) - 14a6a790-57eb-4f24-a5aa-1517ce37e105-SegmentedRaftLogWorker:Storage Directory /workdir/hadoop-ozone/integration-test/target/test-dir/MiniOzoneClusterImpl-7916f1df-c498-4717-aca8-2b9cc087c85f/datanode-1/data/ratis/10796a8f-14a0-4086-b11a-6464a7f84fe4 close()
2019-09-12 10:20:34,167 [ce4c04ae-1298-4600-8421-2ddefcbd2095-SegmentedRaftLogWorker:Storage Directory /workdir/hadoop-ozone/integration-test/target/test-dir/MiniOzoneClusterImpl-7916f1df-c498-4717-aca8-2b9cc087c85f/datanode-0/data/ratis/8325e549-8d60-4721-92d8-99639afeb152] INFO  segmented.SegmentedRaftLogWorker (SegmentedRaftLogWorker.java:run(313)) - ce4c04ae-1298-4600-8421-2ddefcbd2095-SegmentedRaftLogWorker:Storage Directory /workdir/hadoop-ozone/integration-test/target/test-dir/MiniOzoneClusterImpl-7916f1df-c498-4717-aca8-2b9cc087c85f/datanode-0/data/ratis/8325e549-8d60-4721-92d8-99639afeb152 was interrupted, exiting. There are 0 tasks remaining in the queue.
2019-09-12 10:20:34,169 [main] INFO  impl.RaftServerImpl (RaftServerImpl.java:lambda$shutdown$3(245)) - 14a6a790-57eb-4f24-a5aa-1517ce37e105: shutdown group-DE5EEE8AB70A
2019-09-12 10:20:34,169 [ForkJoinPool.commonPool-worker-0] INFO  segmented.SegmentedRaftLogWorker (SegmentedRaftLogWorker.java:close(228)) - ce4c04ae-1298-4600-8421-2ddefcbd2095-SegmentedRaftLogWorker:Storage Directory /workdir/hadoop-ozone/integration-test/target/test-dir/MiniOzoneClusterImpl-7916f1df-c498-4717-aca8-2b9cc087c85f/datanode-0/data/ratis/8325e549-8d60-4721-92d8-99639afeb152 close()
2019-09-12 10:20:34,170 [main] INFO  util.JmxRegister (JmxRegister.java:unregister(73)) - Successfully un-registered JMX Bean with object name Ratis:service=RaftServer,group=group-DE5EEE8AB70A,id=14a6a790-57eb-4f24-a5aa-1517ce37e105
2019-09-12 10:20:34,171 [ForkJoinPool.commonPool-worker-0] INFO  impl.RaftServerImpl (RaftServerImpl.java:lambda$shutdown$3(245)) - ce4c04ae-1298-4600-8421-2ddefcbd2095: shutdown group-9D83187884B9
2019-09-12 10:20:34,171 [main] INFO  impl.RoleInfo (RoleInfo.java:shutdownLeaderState(104)) - 14a6a790-57eb-4f24-a5aa-1517ce37e105: shutdown LeaderState
2019-09-12 10:20:34,171 [ForkJoinPool.commonPool-worker-0] INFO  util.JmxRegister (JmxRegister.java:unregister(73)) - Successfully un-registered JMX Bean with object name Ratis:service=RaftServer,group=group-9D83187884B9,id=ce4c04ae-1298-4600-8421-2ddefcbd2095
2019-09-12 10:20:34,172 [ForkJoinPool.commonPool-worker-0] INFO  impl.RoleInfo (RoleInfo.java:shutdownLeaderState(104)) - ce4c04ae-1298-4600-8421-2ddefcbd2095: shutdown LeaderState
2019-09-12 10:20:34,172 [main] INFO  impl.PendingRequests (PendingRequests.java:sendNotLeaderResponses(202)) - 14a6a790-57eb-4f24-a5aa-1517ce37e105-PendingRequests: sendNotLeaderResponses
2019-09-12 10:20:34,172 [ForkJoinPool.commonPool-worker-0] INFO  impl.PendingRequests (PendingRequests.java:sendNotLeaderResponses(202)) - ce4c04ae-1298-4600-8421-2ddefcbd2095-PendingRequests: sendNotLeaderResponses
2019-09-12 10:20:34,173 [main] INFO  impl.StateMachineUpdater (StateMachineUpdater.java:stopAndJoin(115)) - StateMachineUpdater:14a6a790-57eb-4f24-a5aa-1517ce37e105:group-DE5EEE8AB70A: set stopIndex = 0
2019-09-12 10:20:34,173 [ForkJoinPool.commonPool-worker-0] INFO  impl.StateMachineUpdater (StateMachineUpdater.java:stopAndJoin(115)) - StateMachineUpdater:ce4c04ae-1298-4600-8421-2ddefcbd2095:group-9D83187884B9: set stopIndex = 0
2019-09-12 10:20:34,174 [ForkJoinPool.commonPool-worker-0] INFO  impl.RaftServerImpl (ServerState.java:close(394)) - ce4c04ae-1298-4600-8421-2ddefcbd2095:group-9D83187884B9 closes. The last applied log index is 0
2019-09-12 10:20:34,174 [main] INFO  impl.RaftServerImpl (ServerState.java:close(394)) - 14a6a790-57eb-4f24-a5aa-1517ce37e105:group-DE5EEE8AB70A closes. The last applied log index is 0
2019-09-12 10:20:34,174 [ce4c04ae-1298-4600-8421-2ddefcbd2095-SegmentedRaftLogWorker:Storage Directory /workdir/hadoop-ozone/integration-test/target/test-dir/MiniOzoneClusterImpl-7916f1df-c498-4717-aca8-2b9cc087c85f/datanode-0/data/ratis/f4a494f8-96f3-4794-9a02-9d83187884b9] INFO  segmented.SegmentedRaftLogWorker (SegmentedRaftLogWorker.java:run(313)) - ce4c04ae-1298-4600-8421-2ddefcbd2095-SegmentedRaftLogWorker:Storage Directory /workdir/hadoop-ozone/integration-test/target/test-dir/MiniOzoneClusterImpl-7916f1df-c498-4717-aca8-2b9cc087c85f/datanode-0/data/ratis/f4a494f8-96f3-4794-9a02-9d83187884b9 was interrupted, exiting. There are 0 tasks remaining in the queue.
2019-09-12 10:20:34,175 [14a6a790-57eb-4f24-a5aa-1517ce37e105-SegmentedRaftLogWorker:Storage Directory /workdir/hadoop-ozone/integration-test/target/test-dir/MiniOzoneClusterImpl-7916f1df-c498-4717-aca8-2b9cc087c85f/datanode-1/data/ratis/203129d1-15d8-4e21-8fbd-de5eee8ab70a] INFO  segmented.SegmentedRaftLogWorker (SegmentedRaftLogWorker.java:run(313)) - 14a6a790-57eb-4f24-a5aa-1517ce37e105-SegmentedRaftLogWorker:Storage Directory /workdir/hadoop-ozone/integration-test/target/test-dir/MiniOzoneClusterImpl-7916f1df-c498-4717-aca8-2b9cc087c85f/datanode-1/data/ratis/203129d1-15d8-4e21-8fbd-de5eee8ab70a was interrupted, exiting. There are 0 tasks remaining in the queue.
2019-09-12 10:20:34,175 [ForkJoinPool.commonPool-worker-0] INFO  segmented.SegmentedRaftLogWorker (SegmentedRaftLogWorker.java:close(228)) - ce4c04ae-1298-4600-8421-2ddefcbd2095-SegmentedRaftLogWorker:Storage Directory /workdir/hadoop-ozone/integration-test/target/test-dir/MiniOzoneClusterImpl-7916f1df-c498-4717-aca8-2b9cc087c85f/datanode-0/data/ratis/f4a494f8-96f3-4794-9a02-9d83187884b9 close()
2019-09-12 10:20:34,175 [main] INFO  segmented.SegmentedRaftLogWorker (SegmentedRaftLogWorker.java:close(228)) - 14a6a790-57eb-4f24-a5aa-1517ce37e105-SegmentedRaftLogWorker:Storage Directory /workdir/hadoop-ozone/integration-test/target/test-dir/MiniOzoneClusterImpl-7916f1df-c498-4717-aca8-2b9cc087c85f/datanode-1/data/ratis/203129d1-15d8-4e21-8fbd-de5eee8ab70a close()
2019-09-12 10:20:34,176 [ForkJoinPool.commonPool-worker-0] INFO  impl.RaftServerImpl (RaftServerImpl.java:lambda$shutdown$3(245)) - ce4c04ae-1298-4600-8421-2ddefcbd2095: shutdown group-3F36EE1F6711
2019-09-12 10:20:34,178 [main] INFO  impl.RaftServerImpl (RaftServerImpl.java:lambda$shutdown$3(245)) - 14a6a790-57eb-4f24-a5aa-1517ce37e105: shutdown group-9E53DF04DF51
2019-09-12 10:20:34,178 [ForkJoinPool.commonPool-worker-0] INFO  util.JmxRegister (JmxRegister.java:unregister(73)) - Successfully un-registered JMX Bean with object name Ratis:service=RaftServer,group=group-3F36EE1F6711,id=ce4c04ae-1298-4600-8421-2ddefcbd2095
2019-09-12 10:20:34,179 [main] INFO  util.JmxRegister (JmxRegister.java:unregister(73)) - Successfully un-registered JMX Bean with object name Ratis:service=RaftServer,group=group-9E53DF04DF51,id=14a6a790-57eb-4f24-a5aa-1517ce37e105
2019-09-12 10:20:34,179 [ForkJoinPool.commonPool-worker-0] INFO  impl.RoleInfo (RoleInfo.java:shutdownLeaderState(104)) - ce4c04ae-1298-4600-8421-2ddefcbd2095: shutdown LeaderState
2019-09-12 10:20:34,180 [main] INFO  impl.RoleInfo (RoleInfo.java:shutdownLeaderState(104)) - 14a6a790-57eb-4f24-a5aa-1517ce37e105: shutdown LeaderState
2019-09-12 10:20:34,180 [ForkJoinPool.commonPool-worker-0] INFO  impl.PendingRequests (PendingRequests.java:sendNotLeaderResponses(202)) - ce4c04ae-1298-4600-8421-2ddefcbd2095-PendingRequests: sendNotLeaderResponses
2019-09-12 10:20:34,180 [main] INFO  impl.PendingRequests (PendingRequests.java:sendNotLeaderResponses(202)) - 14a6a790-57eb-4f24-a5aa-1517ce37e105-PendingRequests: sendNotLeaderResponses
2019-09-12 10:20:34,181 [ForkJoinPool.commonPool-worker-0] INFO  impl.StateMachineUpdater (StateMachineUpdater.java:stopAndJoin(115)) - StateMachineUpdater:ce4c04ae-1298-4600-8421-2ddefcbd2095:group-3F36EE1F6711: set stopIndex = 0
2019-09-12 10:20:34,181 [main] INFO  impl.StateMachineUpdater (StateMachineUpdater.java:stopAndJoin(115)) - StateMachineUpdater:14a6a790-57eb-4f24-a5aa-1517ce37e105:group-9E53DF04DF51: set stopIndex = 0
2019-09-12 10:20:34,182 [main] INFO  impl.RaftServerImpl (ServerState.java:close(394)) - 14a6a790-57eb-4f24-a5aa-1517ce37e105:group-9E53DF04DF51 closes. The last applied log index is 0
2019-09-12 10:20:34,181 [ForkJoinPool.commonPool-worker-0] INFO  impl.RaftServerImpl (ServerState.java:close(394)) - ce4c04ae-1298-4600-8421-2ddefcbd2095:group-3F36EE1F6711 closes. The last applied log index is 0
2019-09-12 10:20:34,182 [14a6a790-57eb-4f24-a5aa-1517ce37e105-SegmentedRaftLogWorker:Storage Directory /workdir/hadoop-ozone/integration-test/target/test-dir/MiniOzoneClusterImpl-7916f1df-c498-4717-aca8-2b9cc087c85f/datanode-1/data/ratis/c0708f85-6862-443c-a360-9e53df04df51] INFO  segmented.SegmentedRaftLogWorker (SegmentedRaftLogWorker.java:run(313)) - 14a6a790-57eb-4f24-a5aa-1517ce37e105-SegmentedRaftLogWorker:Storage Directory /workdir/hadoop-ozone/integration-test/target/test-dir/MiniOzoneClusterImpl-7916f1df-c498-4717-aca8-2b9cc087c85f/datanode-1/data/ratis/c0708f85-6862-443c-a360-9e53df04df51 was interrupted, exiting. There are 0 tasks remaining in the queue.
2019-09-12 10:20:34,182 [ce4c04ae-1298-4600-8421-2ddefcbd2095-SegmentedRaftLogWorker:Storage Directory /workdir/hadoop-ozone/integration-test/target/test-dir/MiniOzoneClusterImpl-7916f1df-c498-4717-aca8-2b9cc087c85f/datanode-0/data/ratis/841a74bc-a1fb-4001-b3c8-3f36ee1f6711] INFO  segmented.SegmentedRaftLogWorker (SegmentedRaftLogWorker.java:run(313)) - ce4c04ae-1298-4600-8421-2ddefcbd2095-SegmentedRaftLogWorker:Storage Directory /workdir/hadoop-ozone/integration-test/target/test-dir/MiniOzoneClusterImpl-7916f1df-c498-4717-aca8-2b9cc087c85f/datanode-0/data/ratis/841a74bc-a1fb-4001-b3c8-3f36ee1f6711 was interrupted, exiting. There are 0 tasks remaining in the queue.
2019-09-12 10:20:34,183 [main] INFO  segmented.SegmentedRaftLogWorker (SegmentedRaftLogWorker.java:close(228)) - 14a6a790-57eb-4f24-a5aa-1517ce37e105-SegmentedRaftLogWorker:Storage Directory /workdir/hadoop-ozone/integration-test/target/test-dir/MiniOzoneClusterImpl-7916f1df-c498-4717-aca8-2b9cc087c85f/datanode-1/data/ratis/c0708f85-6862-443c-a360-9e53df04df51 close()
2019-09-12 10:20:34,183 [ForkJoinPool.commonPool-worker-0] INFO  segmented.SegmentedRaftLogWorker (SegmentedRaftLogWorker.java:close(228)) - ce4c04ae-1298-4600-8421-2ddefcbd2095-SegmentedRaftLogWorker:Storage Directory /workdir/hadoop-ozone/integration-test/target/test-dir/MiniOzoneClusterImpl-7916f1df-c498-4717-aca8-2b9cc087c85f/datanode-0/data/ratis/841a74bc-a1fb-4001-b3c8-3f36ee1f6711 close()
2019-09-12 10:20:34,184 [main] INFO  server.GrpcService (GrpcService.java:closeImpl(155)) - 14a6a790-57eb-4f24-a5aa-1517ce37e105: shutdown server with port 43901 now
2019-09-12 10:20:34,186 [ForkJoinPool.commonPool-worker-0] INFO  server.GrpcService (GrpcService.java:closeImpl(155)) - ce4c04ae-1298-4600-8421-2ddefcbd2095: shutdown server with port 33161 now
2019-09-12 10:20:34,187 [main] INFO  server.GrpcService (GrpcService.java:closeImpl(163)) - 14a6a790-57eb-4f24-a5aa-1517ce37e105: shutdown server with port 43901 successfully
2019-09-12 10:20:34,188 [ForkJoinPool.commonPool-worker-0] INFO  server.GrpcService (GrpcService.java:closeImpl(163)) - ce4c04ae-1298-4600-8421-2ddefcbd2095: shutdown server with port 33161 successfully
2019-09-12 10:20:34,189 [main] INFO  utils.BackgroundService (BackgroundService.java:shutdown(148)) - Shutting down service BlockDeletingService
2019-09-12 10:20:34,190 [ForkJoinPool.commonPool-worker-0] INFO  utils.BackgroundService (BackgroundService.java:shutdown(148)) - Shutting down service BlockDeletingService
2019-09-12 10:20:34,192 [refreshUsed-/workdir/hadoop-ozone/integration-test/target/test-dir/MiniOzoneClusterImpl-7916f1df-c498-4717-aca8-2b9cc087c85f/datanode-1/data/containers] WARN  fs.CachingGetSpaceUsed (CachingGetSpaceUsed.java:run(183)) - Thread Interrupted waiting to refresh disk information: sleep interrupted
2019-09-12 10:20:34,193 [refreshUsed-/workdir/hadoop-ozone/integration-test/target/test-dir/MiniOzoneClusterImpl-7916f1df-c498-4717-aca8-2b9cc087c85f/datanode-0/data/containers] WARN  fs.CachingGetSpaceUsed (CachingGetSpaceUsed.java:run(183)) - Thread Interrupted waiting to refresh disk information: sleep interrupted
2019-09-12 10:20:34,211 [main] INFO  statemachine.DatanodeStateMachine (DatanodeStateMachine.java:stopDaemon(395)) - Ozone container server stopped.
2019-09-12 10:20:34,212 [main] INFO  handler.ContextHandler (ContextHandler.java:doStop(910)) - Stopped o.e.j.w.WebAppContext@70439c3{/,null,UNAVAILABLE}{/hddsDatanode}
2019-09-12 10:20:34,213 [main] INFO  server.AbstractConnector (AbstractConnector.java:doStop(318)) - Stopped ServerConnector@72a33316{HTTP/1.1,[http/1.1]}{0.0.0.0:0}
2019-09-12 10:20:34,213 [main] INFO  handler.ContextHandler (ContextHandler.java:doStop(910)) - Stopped o.e.j.s.ServletContextHandler@62054faf{/static,jar:file:/home/user/.m2/repository/org/apache/hadoop/hadoop-hdds-container-service/0.5.0-SNAPSHOT/hadoop-hdds-container-service-0.5.0-SNAPSHOT.jar!/webapps/static,UNAVAILABLE}
2019-09-12 10:20:34,214 [main] INFO  handler.ContextHandler (ContextHandler.java:doStop(910)) - Stopped o.e.j.s.ServletContextHandler@4e5364a3{/logs,file:///workdir/hadoop-ozone/integration-test/target/log,UNAVAILABLE}
2019-09-12 10:20:34,215 [main] INFO  datanode.ObjectStoreHandler (ObjectStoreHandler.java:close(155)) - Closing ObjectStoreHandler.
2019-09-12 10:20:34,215 [main] INFO  ozone.HddsDatanodeService (HddsDatanodeService.java:stop(451)) - Stopped plug-in org.apache.hadoop.ozone.web.OzoneHddsDatanodeService@24f90aff
2019-09-12 10:20:34,218 [ForkJoinPool.commonPool-worker-0] INFO  statemachine.DatanodeStateMachine (DatanodeStateMachine.java:stopDaemon(395)) - Ozone container server stopped.
2019-09-12 10:20:34,222 [ForkJoinPool.commonPool-worker-0] INFO  handler.ContextHandler (ContextHandler.java:doStop(910)) - Stopped o.e.j.w.WebAppContext@1328f482{/,null,UNAVAILABLE}{/hddsDatanode}
2019-09-12 10:20:34,222 [ForkJoinPool.commonPool-worker-0] INFO  server.AbstractConnector (AbstractConnector.java:doStop(318)) - Stopped ServerConnector@7b8b07ae{HTTP/1.1,[http/1.1]}{0.0.0.0:0}
2019-09-12 10:20:34,227 [ForkJoinPool.commonPool-worker-0] INFO  handler.ContextHandler (ContextHandler.java:doStop(910)) - Stopped o.e.j.s.ServletContextHandler@3c7d8a4{/static,jar:file:/home/user/.m2/repository/org/apache/hadoop/hadoop-hdds-container-service/0.5.0-SNAPSHOT/hadoop-hdds-container-service-0.5.0-SNAPSHOT.jar!/webapps/static,UNAVAILABLE}
2019-09-12 10:20:34,227 [ForkJoinPool.commonPool-worker-0] INFO  handler.ContextHandler (ContextHandler.java:doStop(910)) - Stopped o.e.j.s.ServletContextHandler@603f4e3e{/logs,file:///workdir/hadoop-ozone/integration-test/target/log,UNAVAILABLE}
2019-09-12 10:20:35,114 [Datanode State Machine Thread - 0] INFO  statemachine.DatanodeStateMachine (DatanodeStateMachine.java:lambda$startDaemon$0(350)) - Ozone container server started.
2019-09-12 10:20:39,216 [main] INFO  ozoneimpl.OzoneContainer (OzoneContainer.java:stop(199)) - Attempting to stop container services.
2019-09-12 10:20:39,217 [main] INFO  impl.RaftServerProxy (RaftServerProxy.java:lambda$close$4(314)) - e7d5f4a9-6e89-4f9e-9e88-8a026c08c92b: close
2019-09-12 10:20:39,218 [main] INFO  impl.RaftServerImpl (RaftServerImpl.java:lambda$shutdown$3(245)) - e7d5f4a9-6e89-4f9e-9e88-8a026c08c92b: shutdown group-14F9BBC2BA24
2019-09-12 10:20:39,218 [ForkJoinPool.commonPool-worker-1] INFO  impl.RaftServerImpl (RaftServerImpl.java:lambda$shutdown$3(245)) - e7d5f4a9-6e89-4f9e-9e88-8a026c08c92b: shutdown group-1D3B183DF87F
2019-09-12 10:20:39,218 [main] INFO  util.JmxRegister (JmxRegister.java:unregister(73)) - Successfully un-registered JMX Bean with object name Ratis:service=RaftServer,group=group-14F9BBC2BA24,id=e7d5f4a9-6e89-4f9e-9e88-8a026c08c92b
2019-09-12 10:20:39,219 [ForkJoinPool.commonPool-worker-1] INFO  util.JmxRegister (JmxRegister.java:unregister(73)) - Successfully un-registered JMX Bean with object name Ratis:service=RaftServer,group=group-1D3B183DF87F,id=e7d5f4a9-6e89-4f9e-9e88-8a026c08c92b
2019-09-12 10:20:39,219 [main] INFO  impl.RoleInfo (RoleInfo.java:shutdownLeaderState(104)) - e7d5f4a9-6e89-4f9e-9e88-8a026c08c92b: shutdown LeaderState
2019-09-12 10:20:39,219 [ForkJoinPool.commonPool-worker-1] INFO  impl.RoleInfo (RoleInfo.java:shutdownLeaderState(104)) - e7d5f4a9-6e89-4f9e-9e88-8a026c08c92b: shutdown LeaderState
2019-09-12 10:20:39,220 [main] INFO  impl.PendingRequests (PendingRequests.java:sendNotLeaderResponses(202)) - e7d5f4a9-6e89-4f9e-9e88-8a026c08c92b-PendingRequests: sendNotLeaderResponses
2019-09-12 10:20:39,220 [ForkJoinPool.commonPool-worker-1] INFO  impl.PendingRequests (PendingRequests.java:sendNotLeaderResponses(202)) - e7d5f4a9-6e89-4f9e-9e88-8a026c08c92b-PendingRequests: sendNotLeaderResponses
2019-09-12 10:20:39,221 [main] INFO  impl.StateMachineUpdater (StateMachineUpdater.java:stopAndJoin(115)) - StateMachineUpdater:e7d5f4a9-6e89-4f9e-9e88-8a026c08c92b:group-14F9BBC2BA24: set stopIndex = 0
2019-09-12 10:20:39,221 [ForkJoinPool.commonPool-worker-1] INFO  impl.StateMachineUpdater (StateMachineUpdater.java:stopAndJoin(115)) - StateMachineUpdater:e7d5f4a9-6e89-4f9e-9e88-8a026c08c92b:group-1D3B183DF87F: set stopIndex = 0
2019-09-12 10:20:39,221 [main] INFO  impl.RaftServerImpl (ServerState.java:close(394)) - e7d5f4a9-6e89-4f9e-9e88-8a026c08c92b:group-14F9BBC2BA24 closes. The last applied log index is 0
2019-09-12 10:20:39,221 [ForkJoinPool.commonPool-worker-1] INFO  impl.RaftServerImpl (ServerState.java:close(394)) - e7d5f4a9-6e89-4f9e-9e88-8a026c08c92b:group-1D3B183DF87F closes. The last applied log index is 0
2019-09-12 10:20:39,222 [e7d5f4a9-6e89-4f9e-9e88-8a026c08c92b-SegmentedRaftLogWorker:Storage Directory /workdir/hadoop-ozone/integration-test/target/test-dir/MiniOzoneClusterImpl-7916f1df-c498-4717-aca8-2b9cc087c85f/datanode-2/data/ratis/2cdf8a02-3189-4995-8468-14f9bbc2ba24] INFO  segmented.SegmentedRaftLogWorker (SegmentedRaftLogWorker.java:run(313)) - e7d5f4a9-6e89-4f9e-9e88-8a026c08c92b-SegmentedRaftLogWorker:Storage Directory /workdir/hadoop-ozone/integration-test/target/test-dir/MiniOzoneClusterImpl-7916f1df-c498-4717-aca8-2b9cc087c85f/datanode-2/data/ratis/2cdf8a02-3189-4995-8468-14f9bbc2ba24 was interrupted, exiting. There are 0 tasks remaining in the queue.
2019-09-12 10:20:39,222 [e7d5f4a9-6e89-4f9e-9e88-8a026c08c92b-SegmentedRaftLogWorker:Storage Directory /workdir/hadoop-ozone/integration-test/target/test-dir/MiniOzoneClusterImpl-7916f1df-c498-4717-aca8-2b9cc087c85f/datanode-2/data/ratis/2b6a5864-6e4c-45bc-9e2e-1d3b183df87f] INFO  segmented.SegmentedRaftLogWorker (SegmentedRaftLogWorker.java:run(313)) - e7d5f4a9-6e89-4f9e-9e88-8a026c08c92b-SegmentedRaftLogWorker:Storage Directory /workdir/hadoop-ozone/integration-test/target/test-dir/MiniOzoneClusterImpl-7916f1df-c498-4717-aca8-2b9cc087c85f/datanode-2/data/ratis/2b6a5864-6e4c-45bc-9e2e-1d3b183df87f was interrupted, exiting. There are 0 tasks remaining in the queue.
2019-09-12 10:20:39,222 [main] INFO  segmented.SegmentedRaftLogWorker (SegmentedRaftLogWorker.java:close(228)) - e7d5f4a9-6e89-4f9e-9e88-8a026c08c92b-SegmentedRaftLogWorker:Storage Directory /workdir/hadoop-ozone/integration-test/target/test-dir/MiniOzoneClusterImpl-7916f1df-c498-4717-aca8-2b9cc087c85f/datanode-2/data/ratis/2cdf8a02-3189-4995-8468-14f9bbc2ba24 close()
2019-09-12 10:20:39,223 [ForkJoinPool.commonPool-worker-1] INFO  segmented.SegmentedRaftLogWorker (SegmentedRaftLogWorker.java:close(228)) - e7d5f4a9-6e89-4f9e-9e88-8a026c08c92b-SegmentedRaftLogWorker:Storage Directory /workdir/hadoop-ozone/integration-test/target/test-dir/MiniOzoneClusterImpl-7916f1df-c498-4717-aca8-2b9cc087c85f/datanode-2/data/ratis/2b6a5864-6e4c-45bc-9e2e-1d3b183df87f close()
2019-09-12 10:20:39,224 [main] INFO  impl.RaftServerImpl (RaftServerImpl.java:lambda$shutdown$3(245)) - e7d5f4a9-6e89-4f9e-9e88-8a026c08c92b: shutdown group-20E5D077B40B
2019-09-12 10:20:39,226 [ForkJoinPool.commonPool-worker-1] INFO  impl.RaftServerImpl (RaftServerImpl.java:lambda$shutdown$3(245)) - e7d5f4a9-6e89-4f9e-9e88-8a026c08c92b: shutdown group-AC4D5B8408EB
2019-09-12 10:20:39,226 [main] INFO  util.JmxRegister (JmxRegister.java:unregister(73)) - Successfully un-registered JMX Bean with object name Ratis:service=RaftServer,group=group-20E5D077B40B,id=e7d5f4a9-6e89-4f9e-9e88-8a026c08c92b
2019-09-12 10:20:39,227 [main] INFO  impl.RoleInfo (RoleInfo.java:shutdownLeaderState(104)) - e7d5f4a9-6e89-4f9e-9e88-8a026c08c92b: shutdown LeaderState
2019-09-12 10:20:39,226 [ForkJoinPool.commonPool-worker-1] INFO  util.JmxRegister (JmxRegister.java:unregister(73)) - Successfully un-registered JMX Bean with object name Ratis:service=RaftServer,group=group-AC4D5B8408EB,id=e7d5f4a9-6e89-4f9e-9e88-8a026c08c92b
2019-09-12 10:20:39,227 [main] INFO  impl.PendingRequests (PendingRequests.java:sendNotLeaderResponses(202)) - e7d5f4a9-6e89-4f9e-9e88-8a026c08c92b-PendingRequests: sendNotLeaderResponses
2019-09-12 10:20:39,227 [ForkJoinPool.commonPool-worker-1] INFO  impl.RoleInfo (RoleInfo.java:shutdownLeaderState(104)) - e7d5f4a9-6e89-4f9e-9e88-8a026c08c92b: shutdown LeaderState
2019-09-12 10:20:39,228 [main] INFO  impl.StateMachineUpdater (StateMachineUpdater.java:stopAndJoin(115)) - StateMachineUpdater:e7d5f4a9-6e89-4f9e-9e88-8a026c08c92b:group-20E5D077B40B: set stopIndex = 0
2019-09-12 10:20:39,228 [ForkJoinPool.commonPool-worker-1] INFO  impl.PendingRequests (PendingRequests.java:sendNotLeaderResponses(202)) - e7d5f4a9-6e89-4f9e-9e88-8a026c08c92b-PendingRequests: sendNotLeaderResponses
2019-09-12 10:20:39,228 [main] INFO  impl.RaftServerImpl (ServerState.java:close(394)) - e7d5f4a9-6e89-4f9e-9e88-8a026c08c92b:group-20E5D077B40B closes. The last applied log index is 0
2019-09-12 10:20:39,228 [ForkJoinPool.commonPool-worker-1] INFO  impl.StateMachineUpdater (StateMachineUpdater.java:stopAndJoin(115)) - StateMachineUpdater:e7d5f4a9-6e89-4f9e-9e88-8a026c08c92b:group-AC4D5B8408EB: set stopIndex = 0
2019-09-12 10:20:39,229 [e7d5f4a9-6e89-4f9e-9e88-8a026c08c92b-SegmentedRaftLogWorker:Storage Directory /workdir/hadoop-ozone/integration-test/target/test-dir/MiniOzoneClusterImpl-7916f1df-c498-4717-aca8-2b9cc087c85f/datanode-2/data/ratis/41a0d6d6-69fd-4d7a-a99f-20e5d077b40b] INFO  segmented.SegmentedRaftLogWorker (SegmentedRaftLogWorker.java:run(313)) - e7d5f4a9-6e89-4f9e-9e88-8a026c08c92b-SegmentedRaftLogWorker:Storage Directory /workdir/hadoop-ozone/integration-test/target/test-dir/MiniOzoneClusterImpl-7916f1df-c498-4717-aca8-2b9cc087c85f/datanode-2/data/ratis/41a0d6d6-69fd-4d7a-a99f-20e5d077b40b was interrupted, exiting. There are 0 tasks remaining in the queue.
2019-09-12 10:20:39,229 [ForkJoinPool.commonPool-worker-1] INFO  impl.RaftServerImpl (ServerState.java:close(394)) - e7d5f4a9-6e89-4f9e-9e88-8a026c08c92b:group-AC4D5B8408EB closes. The last applied log index is 0
2019-09-12 10:20:39,229 [main] INFO  segmented.SegmentedRaftLogWorker (SegmentedRaftLogWorker.java:close(228)) - e7d5f4a9-6e89-4f9e-9e88-8a026c08c92b-SegmentedRaftLogWorker:Storage Directory /workdir/hadoop-ozone/integration-test/target/test-dir/MiniOzoneClusterImpl-7916f1df-c498-4717-aca8-2b9cc087c85f/datanode-2/data/ratis/41a0d6d6-69fd-4d7a-a99f-20e5d077b40b close()
2019-09-12 10:20:39,230 [e7d5f4a9-6e89-4f9e-9e88-8a026c08c92b-SegmentedRaftLogWorker:Storage Directory /workdir/hadoop-ozone/integration-test/target/test-dir/MiniOzoneClusterImpl-7916f1df-c498-4717-aca8-2b9cc087c85f/datanode-2/data/ratis/6a602f6e-431a-458a-8563-ac4d5b8408eb] INFO  segmented.SegmentedRaftLogWorker (SegmentedRaftLogWorker.java:run(313)) - e7d5f4a9-6e89-4f9e-9e88-8a026c08c92b-SegmentedRaftLogWorker:Storage Directory /workdir/hadoop-ozone/integration-test/target/test-dir/MiniOzoneClusterImpl-7916f1df-c498-4717-aca8-2b9cc087c85f/datanode-2/data/ratis/6a602f6e-431a-458a-8563-ac4d5b8408eb was interrupted, exiting. There are 0 tasks remaining in the queue.
2019-09-12 10:20:39,231 [main] INFO  impl.RaftServerImpl (RaftServerImpl.java:lambda$shutdown$3(245)) - e7d5f4a9-6e89-4f9e-9e88-8a026c08c92b: shutdown group-B6725F8E7A3E
2019-09-12 10:20:39,231 [ForkJoinPool.commonPool-worker-1] INFO  segmented.SegmentedRaftLogWorker (SegmentedRaftLogWorker.java:close(228)) - e7d5f4a9-6e89-4f9e-9e88-8a026c08c92b-SegmentedRaftLogWorker:Storage Directory /workdir/hadoop-ozone/integration-test/target/test-dir/MiniOzoneClusterImpl-7916f1df-c498-4717-aca8-2b9cc087c85f/datanode-2/data/ratis/6a602f6e-431a-458a-8563-ac4d5b8408eb close()
2019-09-12 10:20:39,231 [main] INFO  util.JmxRegister (JmxRegister.java:unregister(73)) - Successfully un-registered JMX Bean with object name Ratis:service=RaftServer,group=group-B6725F8E7A3E,id=e7d5f4a9-6e89-4f9e-9e88-8a026c08c92b
2019-09-12 10:20:39,233 [main] INFO  impl.RoleInfo (RoleInfo.java:shutdownLeaderState(104)) - e7d5f4a9-6e89-4f9e-9e88-8a026c08c92b: shutdown LeaderState
2019-09-12 10:20:39,233 [main] INFO  impl.PendingRequests (PendingRequests.java:sendNotLeaderResponses(202)) - e7d5f4a9-6e89-4f9e-9e88-8a026c08c92b-PendingRequests: sendNotLeaderResponses
2019-09-12 10:20:39,233 [main] INFO  impl.StateMachineUpdater (StateMachineUpdater.java:stopAndJoin(115)) - StateMachineUpdater:e7d5f4a9-6e89-4f9e-9e88-8a026c08c92b:group-B6725F8E7A3E: set stopIndex = 0
2019-09-12 10:20:39,234 [main] INFO  impl.RaftServerImpl (ServerState.java:close(394)) - e7d5f4a9-6e89-4f9e-9e88-8a026c08c92b:group-B6725F8E7A3E closes. The last applied log index is 0
2019-09-12 10:20:39,234 [e7d5f4a9-6e89-4f9e-9e88-8a026c08c92b-SegmentedRaftLogWorker:Storage Directory /workdir/hadoop-ozone/integration-test/target/test-dir/MiniOzoneClusterImpl-7916f1df-c498-4717-aca8-2b9cc087c85f/datanode-2/data/ratis/7018ed3c-d74a-43a2-b82f-b6725f8e7a3e] INFO  segmented.SegmentedRaftLogWorker (SegmentedRaftLogWorker.java:run(313)) - e7d5f4a9-6e89-4f9e-9e88-8a026c08c92b-SegmentedRaftLogWorker:Storage Directory /workdir/hadoop-ozone/integration-test/target/test-dir/MiniOzoneClusterImpl-7916f1df-c498-4717-aca8-2b9cc087c85f/datanode-2/data/ratis/7018ed3c-d74a-43a2-b82f-b6725f8e7a3e was interrupted, exiting. There are 0 tasks remaining in the queue.
2019-09-12 10:20:39,235 [main] INFO  segmented.SegmentedRaftLogWorker (SegmentedRaftLogWorker.java:close(228)) - e7d5f4a9-6e89-4f9e-9e88-8a026c08c92b-SegmentedRaftLogWorker:Storage Directory /workdir/hadoop-ozone/integration-test/target/test-dir/MiniOzoneClusterImpl-7916f1df-c498-4717-aca8-2b9cc087c85f/datanode-2/data/ratis/7018ed3c-d74a-43a2-b82f-b6725f8e7a3e close()
2019-09-12 10:20:39,236 [main] INFO  impl.RaftServerImpl (RaftServerImpl.java:lambda$shutdown$3(245)) - e7d5f4a9-6e89-4f9e-9e88-8a026c08c92b: shutdown group-40D2F61A2F57
2019-09-12 10:20:39,236 [main] INFO  util.JmxRegister (JmxRegister.java:unregister(73)) - Successfully un-registered JMX Bean with object name Ratis:service=RaftServer,group=group-40D2F61A2F57,id=e7d5f4a9-6e89-4f9e-9e88-8a026c08c92b
2019-09-12 10:20:39,237 [main] INFO  impl.RoleInfo (RoleInfo.java:shutdownLeaderState(104)) - e7d5f4a9-6e89-4f9e-9e88-8a026c08c92b: shutdown LeaderState
2019-09-12 10:20:39,237 [main] INFO  impl.PendingRequests (PendingRequests.java:sendNotLeaderResponses(202)) - e7d5f4a9-6e89-4f9e-9e88-8a026c08c92b-PendingRequests: sendNotLeaderResponses
2019-09-12 10:20:39,238 [main] INFO  impl.StateMachineUpdater (StateMachineUpdater.java:stopAndJoin(115)) - StateMachineUpdater:e7d5f4a9-6e89-4f9e-9e88-8a026c08c92b:group-40D2F61A2F57: set stopIndex = 0
2019-09-12 10:20:39,238 [main] INFO  impl.RaftServerImpl (ServerState.java:close(394)) - e7d5f4a9-6e89-4f9e-9e88-8a026c08c92b:group-40D2F61A2F57 closes. The last applied log index is 0
2019-09-12 10:20:39,238 [e7d5f4a9-6e89-4f9e-9e88-8a026c08c92b-SegmentedRaftLogWorker:Storage Directory /workdir/hadoop-ozone/integration-test/target/test-dir/MiniOzoneClusterImpl-7916f1df-c498-4717-aca8-2b9cc087c85f/datanode-2/data/ratis/e906ac05-294c-46e3-a120-40d2f61a2f57] INFO  segmented.SegmentedRaftLogWorker (SegmentedRaftLogWorker.java:run(313)) - e7d5f4a9-6e89-4f9e-9e88-8a026c08c92b-SegmentedRaftLogWorker:Storage Directory /workdir/hadoop-ozone/integration-test/target/test-dir/MiniOzoneClusterImpl-7916f1df-c498-4717-aca8-2b9cc087c85f/datanode-2/data/ratis/e906ac05-294c-46e3-a120-40d2f61a2f57 was interrupted, exiting. There are 0 tasks remaining in the queue.
2019-09-12 10:20:39,239 [main] INFO  segmented.SegmentedRaftLogWorker (SegmentedRaftLogWorker.java:close(228)) - e7d5f4a9-6e89-4f9e-9e88-8a026c08c92b-SegmentedRaftLogWorker:Storage Directory /workdir/hadoop-ozone/integration-test/target/test-dir/MiniOzoneClusterImpl-7916f1df-c498-4717-aca8-2b9cc087c85f/datanode-2/data/ratis/e906ac05-294c-46e3-a120-40d2f61a2f57 close()
2019-09-12 10:20:39,240 [main] INFO  server.GrpcService (GrpcService.java:closeImpl(155)) - e7d5f4a9-6e89-4f9e-9e88-8a026c08c92b: shutdown server with port 44061 now
2019-09-12 10:20:39,241 [main] INFO  server.GrpcService (GrpcService.java:closeImpl(163)) - e7d5f4a9-6e89-4f9e-9e88-8a026c08c92b: shutdown server with port 44061 successfully
2019-09-12 10:20:39,243 [main] INFO  utils.BackgroundService (BackgroundService.java:shutdown(148)) - Shutting down service BlockDeletingService
2019-09-12 10:20:39,246 [refreshUsed-/workdir/hadoop-ozone/integration-test/target/test-dir/MiniOzoneClusterImpl-7916f1df-c498-4717-aca8-2b9cc087c85f/datanode-2/data/containers] WARN  fs.CachingGetSpaceUsed (CachingGetSpaceUsed.java:run(183)) - Thread Interrupted waiting to refresh disk information: sleep interrupted
2019-09-12 10:20:39,263 [main] INFO  statemachine.DatanodeStateMachine (DatanodeStateMachine.java:stopDaemon(395)) - Ozone container server stopped.
2019-09-12 10:20:39,264 [main] INFO  handler.ContextHandler (ContextHandler.java:doStop(910)) - Stopped o.e.j.w.WebAppContext@3bf01a01{/,null,UNAVAILABLE}{/hddsDatanode}
2019-09-12 10:20:39,265 [main] INFO  server.AbstractConnector (AbstractConnector.java:doStop(318)) - Stopped ServerConnector@299cab08{HTTP/1.1,[http/1.1]}{0.0.0.0:0}
2019-09-12 10:20:39,265 [main] INFO  handler.ContextHandler (ContextHandler.java:doStop(910)) - Stopped o.e.j.s.ServletContextHandler@340fc1aa{/static,jar:file:/home/user/.m2/repository/org/apache/hadoop/hadoop-hdds-container-service/0.5.0-SNAPSHOT/hadoop-hdds-container-service-0.5.0-SNAPSHOT.jar!/webapps/static,UNAVAILABLE}
2019-09-12 10:20:39,265 [main] INFO  handler.ContextHandler (ContextHandler.java:doStop(910)) - Stopped o.e.j.s.ServletContextHandler@7c682e26{/logs,file:///workdir/hadoop-ozone/integration-test/target/log,UNAVAILABLE}
2019-09-12 10:20:39,266 [main] INFO  ozone.MiniOzoneClusterImpl (MiniOzoneClusterImpl.java:stop(353)) - Stopping the StorageContainerManager
2019-09-12 10:20:39,266 [main] INFO  server.StorageContainerManager (StorageContainerManager.java:stop(797)) - Stopping Replication Manager Service.
2019-09-12 10:20:39,267 [main] INFO  container.ReplicationManager (ReplicationManager.java:stop(192)) - Stopping Replication Monitor Thread.
2019-09-12 10:20:39,267 [main] INFO  server.StorageContainerManager (StorageContainerManager.java:stop(804)) - Stopping Lease Manager of the command watchers
2019-09-12 10:20:39,267 [main] INFO  server.StorageContainerManager (StorageContainerManager.java:stop(811)) - Stopping datanode service RPC server
2019-09-12 10:20:39,267 [main] INFO  server.SCMDatanodeProtocolServer (SCMDatanodeProtocolServer.java:stop(367)) - Stopping the RPC server for DataNodes
2019-09-12 10:20:39,267 [main] INFO  ipc.Server (Server.java:stop(3082)) - Stopping server on 43651
2019-09-12 10:20:39,269 [IPC Server listener on 43651] INFO  ipc.Server (Server.java:run(1185)) - Stopping IPC Server listener on 43651
2019-09-12 10:20:39,269 [IPC Server Responder] INFO  ipc.Server (Server.java:run(1319)) - Stopping IPC Server Responder
2019-09-12 10:20:39,326 [SCM Heartbeat Processing Thread - 0] WARN  node.NodeStateManager (NodeStateManager.java:scheduleNextHealthCheck(655)) - Current Thread is interrupted, shutting down HB processing thread for Node Manager.
2019-09-12 10:20:39,326 [main] INFO  server.StorageContainerManager (StorageContainerManager.java:stop(819)) - Stopping block service RPC server
2019-09-12 10:20:39,326 [main] INFO  server.SCMBlockProtocolServer (SCMBlockProtocolServer.java:stop(148)) - Stopping the RPC server for Block Protocol
2019-09-12 10:20:39,326 [main] INFO  ipc.Server (Server.java:stop(3082)) - Stopping server on 34518
2019-09-12 10:20:39,328 [IPC Server listener on 34518] INFO  ipc.Server (Server.java:run(1185)) - Stopping IPC Server listener on 34518
2019-09-12 10:20:39,328 [IPC Server Responder] INFO  ipc.Server (Server.java:run(1319)) - Stopping IPC Server Responder
2019-09-12 10:20:39,328 [main] INFO  server.StorageContainerManager (StorageContainerManager.java:stop(826)) - Stopping the StorageContainerLocationProtocol RPC server
2019-09-12 10:20:39,330 [main] INFO  server.SCMClientProtocolServer (SCMClientProtocolServer.java:stop(159)) - Stopping the RPC server for Client Protocol
2019-09-12 10:20:39,330 [main] INFO  ipc.Server (Server.java:stop(3082)) - Stopping server on 40690
2019-09-12 10:20:39,332 [IPC Server listener on 40690] INFO  ipc.Server (Server.java:run(1185)) - Stopping IPC Server listener on 40690
2019-09-12 10:20:39,332 [main] INFO  server.StorageContainerManager (StorageContainerManager.java:stop(833)) - Stopping Storage Container Manager HTTP server.
2019-09-12 10:20:39,332 [IPC Server Responder] INFO  ipc.Server (Server.java:run(1319)) - Stopping IPC Server Responder
2019-09-12 10:20:39,335 [main] INFO  handler.ContextHandler (ContextHandler.java:doStop(910)) - Stopped o.e.j.w.WebAppContext@5fc1e4fb{/,null,UNAVAILABLE}{/scm}
2019-09-12 10:20:39,336 [main] INFO  server.AbstractConnector (AbstractConnector.java:doStop(318)) - Stopped ServerConnector@29aa4bc9{HTTP/1.1,[http/1.1]}{0.0.0.0:0}
2019-09-12 10:20:39,336 [main] INFO  handler.ContextHandler (ContextHandler.java:doStop(910)) - Stopped o.e.j.s.ServletContextHandler@63c84d31{/static,file:///workdir/hadoop-ozone/integration-test/target/test-classes/webapps/static,UNAVAILABLE}
2019-09-12 10:20:39,337 [main] INFO  handler.ContextHandler (ContextHandler.java:doStop(910)) - Stopped o.e.j.s.ServletContextHandler@abc7005{/logs,file:///workdir/hadoop-ozone/integration-test/target/log,UNAVAILABLE}
2019-09-12 10:20:39,338 [main] INFO  server.StorageContainerManager (StorageContainerManager.java:stop(844)) - Stopping Block Manager Service.
2019-09-12 10:20:39,338 [main] INFO  utils.BackgroundService (BackgroundService.java:shutdown(148)) - Shutting down service SCMBlockDeletingService
2019-09-12 10:20:39,339 [main] INFO  utils.BackgroundService (BackgroundService.java:shutdown(148)) - Shutting down service SCMBlockDeletingService
2019-09-12 10:20:39,339 [main] INFO  server.StorageContainerManager (StorageContainerManager.java:stop(866)) - Stopping SCM Event Queue.
2019-09-12 10:20:39,347 [main] INFO  impl.MetricsSystemImpl (MetricsSystemImpl.java:stop(210)) - Stopping HddsDatanode metrics system...
2019-09-12 10:20:39,358 [main] INFO  impl.MetricsSystemImpl (MetricsSystemImpl.java:stop(216)) - HddsDatanode metrics system stopped.
]]></system-out>
    <system-err><![CDATA[Sep 12, 2019 10:20:23 AM com.sun.jersey.server.impl.application.WebApplicationImpl _initiate
INFO: Initiating Jersey application, version 'Jersey: 1.19 02/11/2015 03:25 AM'
Sep 12, 2019 10:20:23 AM com.sun.jersey.server.impl.application.WebApplicationImpl _initiate
INFO: Initiating Jersey application, version 'Jersey: 1.19 02/11/2015 03:25 AM'
Sep 12, 2019 10:20:23 AM com.sun.jersey.server.impl.application.WebApplicationImpl _initiate
INFO: Initiating Jersey application, version 'Jersey: 1.19 02/11/2015 03:25 AM'
]]></system-err>
  </testcase>
</testsuite>