<?xml version="1.0" encoding="UTF-8"?>
<testsuite xmlns:xsi="http://www.w3.org/2001/XMLSchema-instance" xsi:noNamespaceSchemaLocation="https://maven.apache.org/surefire/maven-surefire-plugin/xsd/surefire-test-report.xsd" name="org.apache.hadoop.hdds.scm.pipeline.TestSCMRestart" time="24.36" tests="1" errors="1" skipped="0" failures="0">
  <properties>
    <property name="awt.toolkit" value="sun.awt.X11.XToolkit"/>
    <property name="file.encoding.pkg" value="sun.io"/>
    <property name="java.specification.version" value="1.8"/>
    <property name="sun.cpu.isalist" value=""/>
    <property name="sun.jnu.encoding" value="UTF-8"/>
    <property name="java.class.path" value="/workdir/hadoop-ozone/integration-test/target/test-classes:/workdir/hadoop-ozone/integration-test/target/classes:/home/user/.m2/repository/org/apache/hadoop/hadoop-ozone-common/0.5.0-SNAPSHOT/hadoop-ozone-common-0.5.0-SNAPSHOT.jar:/home/user/.m2/repository/org/apache/commons/commons-compress/1.4.1/commons-compress-1.4.1.jar:/home/user/.m2/repository/org/tukaani/xz/1.0/xz-1.0.jar:/home/user/.m2/repository/org/apache/hadoop/hadoop-common/3.2.0/hadoop-common-3.2.0.jar:/home/user/.m2/repository/org/apache/hadoop/hadoop-hdfs/3.2.0/hadoop-hdfs-3.2.0.jar:/home/user/.m2/repository/org/apache/hadoop/hadoop-hdfs-client/3.2.0/hadoop-hdfs-client-3.2.0.jar:/home/user/.m2/repository/com/fasterxml/jackson/core/jackson-annotations/2.9.5/jackson-annotations-2.9.5.jar:/home/user/.m2/repository/org/apache/hadoop/hadoop-hdds-common/0.5.0-SNAPSHOT/hadoop-hdds-common-0.5.0-SNAPSHOT.jar:/home/user/.m2/repository/javax/annotation/javax.annotation-api/1.2/javax.annotation-api-1.2.jar:/home/user/.m2/repository/org/apache/ratis/ratis-server/0.4.0-2337318-SNAPSHOT/ratis-server-0.4.0-2337318-SNAPSHOT.jar:/home/user/.m2/repository/org/apache/ratis/ratis-thirdparty-misc/0.2.0/ratis-thirdparty-misc-0.2.0.jar:/home/user/.m2/repository/org/apache/ratis/ratis-proto/0.4.0-2337318-SNAPSHOT/ratis-proto-0.4.0-2337318-SNAPSHOT.jar:/home/user/.m2/repository/org/apache/ratis/ratis-common/0.4.0-2337318-SNAPSHOT/ratis-common-0.4.0-2337318-SNAPSHOT.jar:/home/user/.m2/repository/org/apache/ratis/ratis-client/0.4.0-2337318-SNAPSHOT/ratis-client-0.4.0-2337318-SNAPSHOT.jar:/home/user/.m2/repository/org/apache/ratis/ratis-metrics/0.4.0-2337318-SNAPSHOT/ratis-metrics-0.4.0-2337318-SNAPSHOT.jar:/home/user/.m2/repository/org/apache/ratis/ratis-netty/0.4.0-2337318-SNAPSHOT/ratis-netty-0.4.0-2337318-SNAPSHOT.jar:/home/user/.m2/repository/org/apache/ratis/ratis-grpc/0.4.0-2337318-SNAPSHOT/ratis-grpc-0.4.0-2337318-SNAPSHOT.jar:/home/user/.m2/repository/org/rocksdb/rocksdbjni/6.0.1/rocksdbjni-6.0.1.jar:/home/user/.m2/repository/org/apache/logging/log4j/log4j-api/2.11.0/log4j-api-2.11.0.jar:/home/user/.m2/repository/org/apache/logging/log4j/log4j-core/2.11.0/log4j-core-2.11.0.jar:/home/user/.m2/repository/com/lmax/disruptor/3.4.2/disruptor-3.4.2.jar:/home/user/.m2/repository/org/apache/commons/commons-pool2/2.6.0/commons-pool2-2.6.0.jar:/home/user/.m2/repository/org/bouncycastle/bcpkix-jdk15on/1.60/bcpkix-jdk15on-1.60.jar:/home/user/.m2/repository/commons-validator/commons-validator/1.6/commons-validator-1.6.jar:/home/user/.m2/repository/commons-digester/commons-digester/1.8.1/commons-digester-1.8.1.jar:/home/user/.m2/repository/io/jaegertracing/jaeger-client/0.33.1/jaeger-client-0.33.1.jar:/home/user/.m2/repository/io/jaegertracing/jaeger-thrift/0.33.1/jaeger-thrift-0.33.1.jar:/home/user/.m2/repository/org/apache/thrift/libthrift/0.11.0/libthrift-0.11.0.jar:/home/user/.m2/repository/com/squareup/okhttp3/okhttp/3.9.0/okhttp-3.9.0.jar:/home/user/.m2/repository/com/squareup/okio/okio/1.13.0/okio-1.13.0.jar:/home/user/.m2/repository/io/jaegertracing/jaeger-core/0.33.1/jaeger-core-0.33.1.jar:/home/user/.m2/repository/io/jaegertracing/jaeger-tracerresolver/0.33.1/jaeger-tracerresolver-0.33.1.jar:/home/user/.m2/repository/io/opentracing/contrib/opentracing-tracerresolver/0.1.5/opentracing-tracerresolver-0.1.5.jar:/home/user/.m2/repository/io/opentracing/opentracing-util/0.31.0/opentracing-util-0.31.0.jar:/home/user/.m2/repository/io/opentracing/opentracing-api/0.31.0/opentracing-api-0.31.0.jar:/home/user/.m2/repository/io/opentracing/opentracing-noop/0.31.0/opentracing-noop-0.31.0.jar:/home/user/.m2/repository/org/apache/hadoop/hadoop-hdds-server-framework/0.5.0-SNAPSHOT/hadoop-hdds-server-framework-0.5.0-SNAPSHOT.jar:/home/user/.m2/repository/org/apache/hadoop/hadoop-hdds-container-service/0.5.0-SNAPSHOT/hadoop-hdds-container-service-0.5.0-SNAPSHOT.jar:/home/user/.m2/repository/org/apache/hadoop/hadoop-hdds-client/0.5.0-SNAPSHOT/hadoop-hdds-client-0.5.0-SNAPSHOT.jar:/home/user/.m2/repository/org/apache/hadoop/hadoop-hdds-tools/0.5.0-SNAPSHOT/hadoop-hdds-tools-0.5.0-SNAPSHOT.jar:/home/user/.m2/repository/org/apache/hadoop/hadoop-hdds-server-scm/0.5.0-SNAPSHOT/hadoop-hdds-server-scm-0.5.0-SNAPSHOT.jar:/home/user/.m2/repository/org/apache/hadoop/hadoop-hdds-docs/0.5.0-SNAPSHOT/hadoop-hdds-docs-0.5.0-SNAPSHOT.jar:/home/user/.m2/repository/io/dropwizard/metrics/metrics-core/3.2.4/metrics-core-3.2.4.jar:/home/user/.m2/repository/org/hamcrest/hamcrest-all/1.3/hamcrest-all-1.3.jar:/home/user/.m2/repository/org/bouncycastle/bcprov-jdk15on/1.60/bcprov-jdk15on-1.60.jar:/home/user/.m2/repository/info/picocli/picocli/3.9.6/picocli-3.9.6.jar:/home/user/.m2/repository/com/google/protobuf/protobuf-java/2.5.0/protobuf-java-2.5.0.jar:/home/user/.m2/repository/com/google/guava/guava/11.0.2/guava-11.0.2.jar:/home/user/.m2/repository/org/apache/hadoop/hadoop-ozone-ozone-manager/0.5.0-SNAPSHOT/hadoop-ozone-ozone-manager-0.5.0-SNAPSHOT.jar:/home/user/.m2/repository/org/apache/hadoop/hadoop-minikdc/3.2.0/hadoop-minikdc-3.2.0.jar:/home/user/.m2/repository/commons-io/commons-io/2.5/commons-io-2.5.jar:/home/user/.m2/repository/org/apache/kerby/kerb-simplekdc/1.0.1/kerb-simplekdc-1.0.1.jar:/home/user/.m2/repository/org/apache/kerby/kerb-client/1.0.1/kerb-client-1.0.1.jar:/home/user/.m2/repository/org/apache/kerby/kerby-config/1.0.1/kerby-config-1.0.1.jar:/home/user/.m2/repository/org/apache/kerby/kerb-core/1.0.1/kerb-core-1.0.1.jar:/home/user/.m2/repository/org/apache/kerby/kerby-pkix/1.0.1/kerby-pkix-1.0.1.jar:/home/user/.m2/repository/org/apache/kerby/kerby-asn1/1.0.1/kerby-asn1-1.0.1.jar:/home/user/.m2/repository/org/apache/kerby/kerby-util/1.0.1/kerby-util-1.0.1.jar:/home/user/.m2/repository/org/apache/kerby/kerb-common/1.0.1/kerb-common-1.0.1.jar:/home/user/.m2/repository/org/apache/kerby/kerb-crypto/1.0.1/kerb-crypto-1.0.1.jar:/home/user/.m2/repository/org/apache/kerby/kerb-util/1.0.1/kerb-util-1.0.1.jar:/home/user/.m2/repository/org/apache/kerby/token-provider/1.0.1/token-provider-1.0.1.jar:/home/user/.m2/repository/org/apache/kerby/kerb-admin/1.0.1/kerb-admin-1.0.1.jar:/home/user/.m2/repository/org/apache/kerby/kerb-server/1.0.1/kerb-server-1.0.1.jar:/home/user/.m2/repository/org/apache/kerby/kerb-identity/1.0.1/kerb-identity-1.0.1.jar:/home/user/.m2/repository/org/apache/kerby/kerby-xdr/1.0.1/kerby-xdr-1.0.1.jar:/home/user/.m2/repository/org/slf4j/slf4j-log4j12/1.7.25/slf4j-log4j12-1.7.25.jar:/home/user/.m2/repository/org/apache/hadoop/hadoop-ozone-objectstore-service/0.5.0-SNAPSHOT/hadoop-ozone-objectstore-service-0.5.0-SNAPSHOT.jar:/home/user/.m2/repository/org/apache/hadoop/hadoop-ozone-s3gateway/0.5.0-SNAPSHOT/hadoop-ozone-s3gateway-0.5.0-SNAPSHOT.jar:/home/user/.m2/repository/org/jboss/weld/servlet/weld-servlet/2.4.7.Final/weld-servlet-2.4.7.Final.jar:/home/user/.m2/repository/org/glassfish/jersey/containers/jersey-container-servlet-core/2.27/jersey-container-servlet-core-2.27.jar:/home/user/.m2/repository/org/glassfish/hk2/external/javax.inject/2.5.0-b42/javax.inject-2.5.0-b42.jar:/home/user/.m2/repository/org/glassfish/jersey/core/jersey-common/2.27/jersey-common-2.27.jar:/home/user/.m2/repository/org/glassfish/hk2/osgi-resource-locator/1.0.1/osgi-resource-locator-1.0.1.jar:/home/user/.m2/repository/javax/ws/rs/javax.ws.rs-api/2.1/javax.ws.rs-api-2.1.jar:/home/user/.m2/repository/org/glassfish/jersey/ext/cdi/jersey-cdi1x/2.27/jersey-cdi1x-2.27.jar:/home/user/.m2/repository/org/glassfish/jersey/inject/jersey-hk2/2.27/jersey-hk2-2.27.jar:/home/user/.m2/repository/org/glassfish/hk2/hk2-locator/2.5.0-b42/hk2-locator-2.5.0-b42.jar:/home/user/.m2/repository/org/javassist/javassist/3.22.0-CR2/javassist-3.22.0-CR2.jar:/home/user/.m2/repository/org/glassfish/hk2/hk2-api/2.5.0/hk2-api-2.5.0.jar:/home/user/.m2/repository/org/glassfish/hk2/external/jakarta.inject/2.5.0/jakarta.inject-2.5.0.jar:/home/user/.m2/repository/org/glassfish/hk2/hk2-utils/2.5.0/hk2-utils-2.5.0.jar:/home/user/.m2/repository/jakarta/annotation/jakarta.annotation-api/1.3.4/jakarta.annotation-api-1.3.4.jar:/home/user/.m2/repository/org/glassfish/hk2/external/aopalliance-repackaged/2.5.0/aopalliance-repackaged-2.5.0.jar:/home/user/.m2/repository/com/fasterxml/jackson/dataformat/jackson-dataformat-xml/2.9.0/jackson-dataformat-xml-2.9.0.jar:/home/user/.m2/repository/com/fasterxml/jackson/core/jackson-core/2.9.5/jackson-core-2.9.5.jar:/home/user/.m2/repository/com/fasterxml/jackson/module/jackson-module-jaxb-annotations/2.9.5/jackson-module-jaxb-annotations-2.9.5.jar:/home/user/.m2/repository/javax/enterprise/cdi-api/1.2/cdi-api-1.2.jar:/home/user/.m2/repository/javax/el/javax.el-api/3.0.0/javax.el-api-3.0.0.jar:/home/user/.m2/repository/javax/interceptor/javax.interceptor-api/1.2/javax.interceptor-api-1.2.jar:/home/user/.m2/repository/javax/inject/javax.inject/1/javax.inject-1.jar:/home/user/.m2/repository/com/sun/xml/bind/jaxb-impl/2.3.0.1/jaxb-impl-2.3.0.1.jar:/home/user/.m2/repository/com/sun/xml/bind/jaxb-core/2.3.0.1/jaxb-core-2.3.0.1.jar:/home/user/.m2/repository/javax/xml/bind/jaxb-api/2.3.0/jaxb-api-2.3.0.jar:/home/user/.m2/repository/javax/activation/activation/1.1.1/activation-1.1.1.jar:/home/user/.m2/repository/org/apache/hadoop/hadoop-ozone-csi/0.5.0-SNAPSHOT/hadoop-ozone-csi-0.5.0-SNAPSHOT.jar:/home/user/.m2/repository/com/google/protobuf/protobuf-java-util/3.5.1/protobuf-java-util-3.5.1.jar:/home/user/.m2/repository/org/apache/hadoop/hadoop-hdds-config/0.5.0-SNAPSHOT/hadoop-hdds-config-0.5.0-SNAPSHOT.jar:/home/user/.m2/repository/io/grpc/grpc-netty/1.17.1/grpc-netty-1.17.1.jar:/home/user/.m2/repository/io/grpc/grpc-core/1.17.1/grpc-core-1.17.1.jar:/home/user/.m2/repository/io/grpc/grpc-context/1.17.1/grpc-context-1.17.1.jar:/home/user/.m2/repository/com/google/errorprone/error_prone_annotations/2.2.0/error_prone_annotations-2.2.0.jar:/home/user/.m2/repository/org/codehaus/mojo/animal-sniffer-annotations/1.17/animal-sniffer-annotations-1.17.jar:/home/user/.m2/repository/io/opencensus/opencensus-api/0.17.0/opencensus-api-0.17.0.jar:/home/user/.m2/repository/io/opencensus/opencensus-contrib-grpc-metrics/0.17.0/opencensus-contrib-grpc-metrics-0.17.0.jar:/home/user/.m2/repository/io/netty/netty-codec-http2/4.1.30.Final/netty-codec-http2-4.1.30.Final.jar:/home/user/.m2/repository/io/netty/netty-codec-http/4.1.30.Final/netty-codec-http-4.1.30.Final.jar:/home/user/.m2/repository/io/netty/netty-codec/4.1.30.Final/netty-codec-4.1.30.Final.jar:/home/user/.m2/repository/io/netty/netty-handler/4.1.30.Final/netty-handler-4.1.30.Final.jar:/home/user/.m2/repository/io/netty/netty-handler-proxy/4.1.30.Final/netty-handler-proxy-4.1.30.Final.jar:/home/user/.m2/repository/io/netty/netty-codec-socks/4.1.30.Final/netty-codec-socks-4.1.30.Final.jar:/home/user/.m2/repository/io/netty/netty-transport-native-epoll/4.1.30.Final/netty-transport-native-epoll-4.1.30.Final.jar:/home/user/.m2/repository/io/netty/netty-common/4.1.30.Final/netty-common-4.1.30.Final.jar:/home/user/.m2/repository/io/netty/netty-buffer/4.1.30.Final/netty-buffer-4.1.30.Final.jar:/home/user/.m2/repository/io/netty/netty-transport/4.1.30.Final/netty-transport-4.1.30.Final.jar:/home/user/.m2/repository/io/netty/netty-resolver/4.1.30.Final/netty-resolver-4.1.30.Final.jar:/home/user/.m2/repository/io/netty/netty-transport-native-unix-common/4.1.30.Final/netty-transport-native-unix-common-4.1.30.Final.jar:/home/user/.m2/repository/io/grpc/grpc-protobuf/1.17.1/grpc-protobuf-1.17.1.jar:/home/user/.m2/repository/com/google/api/grpc/proto-google-common-protos/1.0.0/proto-google-common-protos-1.0.0.jar:/home/user/.m2/repository/io/grpc/grpc-protobuf-lite/1.17.1/grpc-protobuf-lite-1.17.1.jar:/home/user/.m2/repository/io/grpc/grpc-stub/1.17.1/grpc-stub-1.17.1.jar:/home/user/.m2/repository/org/apache/hadoop/hadoop-ozone-recon/0.5.0-SNAPSHOT/hadoop-ozone-recon-0.5.0-SNAPSHOT.jar:/home/user/.m2/repository/org/apache/hadoop/hadoop-ozone-reconcodegen/0.5.0-SNAPSHOT/hadoop-ozone-reconcodegen-0.5.0-SNAPSHOT.jar:/home/user/.m2/repository/com/google/inject/extensions/guice-multibindings/4.0/guice-multibindings-4.0.jar:/home/user/.m2/repository/com/google/inject/guice/4.0/guice-4.0.jar:/home/user/.m2/repository/aopalliance/aopalliance/1.0/aopalliance-1.0.jar:/home/user/.m2/repository/com/google/inject/extensions/guice-servlet/4.0/guice-servlet-4.0.jar:/home/user/.m2/repository/org/glassfish/jersey/containers/jersey-container-servlet/2.27/jersey-container-servlet-2.27.jar:/home/user/.m2/repository/org/glassfish/hk2/guice-bridge/2.5.0/guice-bridge-2.5.0.jar:/home/user/.m2/repository/org/glassfish/jersey/core/jersey-server/2.27/jersey-server-2.27.jar:/home/user/.m2/repository/org/glassfish/jersey/core/jersey-client/2.27/jersey-client-2.27.jar:/home/user/.m2/repository/org/glassfish/jersey/media/jersey-media-jaxb/2.27/jersey-media-jaxb-2.27.jar:/home/user/.m2/repository/javax/validation/validation-api/1.1.0.Final/validation-api-1.1.0.Final.jar:/home/user/.m2/repository/org/glassfish/jersey/media/jersey-media-json-jackson/2.27/jersey-media-json-jackson-2.27.jar:/home/user/.m2/repository/org/glassfish/jersey/ext/jersey-entity-filtering/2.27/jersey-entity-filtering-2.27.jar:/home/user/.m2/repository/com/google/inject/extensions/guice-assistedinject/4.0/guice-assistedinject-4.0.jar:/home/user/.m2/repository/org/jooq/jooq/3.11.10/jooq-3.11.10.jar:/home/user/.m2/repository/org/jooq/jooq-meta/3.11.10/jooq-meta-3.11.10.jar:/home/user/.m2/repository/org/jooq/jooq-codegen/3.11.10/jooq-codegen-3.11.10.jar:/home/user/.m2/repository/com/jolbox/bonecp/0.8.0.RELEASE/bonecp-0.8.0.RELEASE.jar:/home/user/.m2/repository/org/xerial/sqlite-jdbc/3.25.2/sqlite-jdbc-3.25.2.jar:/home/user/.m2/repository/org/springframework/spring-jdbc/5.1.3.RELEASE/spring-jdbc-5.1.3.RELEASE.jar:/home/user/.m2/repository/org/springframework/spring-beans/5.1.3.RELEASE/spring-beans-5.1.3.RELEASE.jar:/home/user/.m2/repository/org/springframework/spring-core/5.1.3.RELEASE/spring-core-5.1.3.RELEASE.jar:/home/user/.m2/repository/org/springframework/spring-jcl/5.1.3.RELEASE/spring-jcl-5.1.3.RELEASE.jar:/home/user/.m2/repository/org/springframework/spring-tx/5.1.3.RELEASE/spring-tx-5.1.3.RELEASE.jar:/home/user/.m2/repository/org/apache/hadoop/hadoop-ozone-client/0.5.0-SNAPSHOT/hadoop-ozone-client-0.5.0-SNAPSHOT.jar:/home/user/.m2/repository/commons-lang/commons-lang/2.6/commons-lang-2.6.jar:/home/user/.m2/repository/org/apache/hadoop/hadoop-ozone-ozone-manager/0.5.0-SNAPSHOT/hadoop-ozone-ozone-manager-0.5.0-SNAPSHOT-tests.jar:/home/user/.m2/repository/junit/junit/4.11/junit-4.11.jar:/home/user/.m2/repository/org/hamcrest/hamcrest-core/1.3/hamcrest-core-1.3.jar:/home/user/.m2/repository/org/openjdk/jmh/jmh-core/1.19/jmh-core-1.19.jar:/home/user/.m2/repository/net/sf/jopt-simple/jopt-simple/4.6/jopt-simple-4.6.jar:/home/user/.m2/repository/org/apache/commons/commons-math3/3.1.1/commons-math3-3.1.1.jar:/home/user/.m2/repository/org/openjdk/jmh/jmh-generator-annprocess/1.19/jmh-generator-annprocess-1.19.jar:/home/user/.m2/repository/org/mockito/mockito-all/1.8.5/mockito-all-1.8.5.jar:/home/user/.m2/repository/org/apache/hadoop/hadoop-kms/3.2.0/hadoop-kms-3.2.0.jar:/home/user/.m2/repository/org/apache/hadoop/hadoop-auth/3.2.0/hadoop-auth-3.2.0.jar:/home/user/.m2/repository/com/nimbusds/nimbus-jose-jwt/4.41.1/nimbus-jose-jwt-4.41.1.jar:/home/user/.m2/repository/com/github/stephenc/jcip/jcip-annotations/1.0-1/jcip-annotations-1.0-1.jar:/home/user/.m2/repository/net/minidev/json-smart/2.3/json-smart-2.3.jar:/home/user/.m2/repository/net/minidev/accessors-smart/1.2/accessors-smart-1.2.jar:/home/user/.m2/repository/org/ow2/asm/asm/5.0.4/asm-5.0.4.jar:/home/user/.m2/repository/org/apache/curator/curator-framework/2.12.0/curator-framework-2.12.0.jar:/home/user/.m2/repository/com/sun/jersey/jersey-core/1.19/jersey-core-1.19.jar:/home/user/.m2/repository/javax/ws/rs/jsr311-api/1.1.1/jsr311-api-1.1.1.jar:/home/user/.m2/repository/com/sun/jersey/jersey-server/1.19/jersey-server-1.19.jar:/home/user/.m2/repository/javax/servlet/javax.servlet-api/3.1.0/javax.servlet-api-3.1.0.jar:/home/user/.m2/repository/org/eclipse/jetty/jetty-server/9.3.24.v20180605/jetty-server-9.3.24.v20180605.jar:/home/user/.m2/repository/org/eclipse/jetty/jetty-http/9.3.24.v20180605/jetty-http-9.3.24.v20180605.jar:/home/user/.m2/repository/org/eclipse/jetty/jetty-io/9.3.24.v20180605/jetty-io-9.3.24.v20180605.jar:/home/user/.m2/repository/org/eclipse/jetty/jetty-webapp/9.3.24.v20180605/jetty-webapp-9.3.24.v20180605.jar:/home/user/.m2/repository/org/eclipse/jetty/jetty-xml/9.3.24.v20180605/jetty-xml-9.3.24.v20180605.jar:/home/user/.m2/repository/log4j/log4j/1.2.17/log4j-1.2.17.jar:/home/user/.m2/repository/org/slf4j/slf4j-api/1.7.25/slf4j-api-1.7.25.jar:/home/user/.m2/repository/org/slf4j/jul-to-slf4j/1.7.25/jul-to-slf4j-1.7.25.jar:/home/user/.m2/repository/org/eclipse/jetty/jetty-util/9.3.24.v20180605/jetty-util-9.3.24.v20180605.jar:/home/user/.m2/repository/com/fasterxml/jackson/core/jackson-databind/2.9.5/jackson-databind-2.9.5.jar:/home/user/.m2/repository/org/apache/hadoop/hadoop-kms/3.2.0/hadoop-kms-3.2.0-tests.jar:/home/user/.m2/repository/org/apache/hadoop/hadoop-hdds-server-scm/0.5.0-SNAPSHOT/hadoop-hdds-server-scm-0.5.0-SNAPSHOT-tests.jar:/home/user/.m2/repository/org/apache/hadoop/hadoop-hdds-container-service/0.5.0-SNAPSHOT/hadoop-hdds-container-service-0.5.0-SNAPSHOT-tests.jar:/home/user/.m2/repository/org/yaml/snakeyaml/1.16/snakeyaml-1.16.jar:/home/user/.m2/repository/org/apache/hadoop/hadoop-common/3.2.0/hadoop-common-3.2.0-tests.jar:/home/user/.m2/repository/org/apache/hadoop/hadoop-annotations/3.2.0/hadoop-annotations-3.2.0.jar:/usr/lib/jvm/java-1.8-openjdk/jre/../lib/tools.jar:/home/user/.m2/repository/commons-cli/commons-cli/1.2/commons-cli-1.2.jar:/home/user/.m2/repository/org/apache/httpcomponents/httpclient/4.5.2/httpclient-4.5.2.jar:/home/user/.m2/repository/org/apache/httpcomponents/httpcore/4.4.4/httpcore-4.4.4.jar:/home/user/.m2/repository/commons-codec/commons-codec/1.11/commons-codec-1.11.jar:/home/user/.m2/repository/commons-net/commons-net/3.6/commons-net-3.6.jar:/home/user/.m2/repository/commons-collections/commons-collections/3.2.2/commons-collections-3.2.2.jar:/home/user/.m2/repository/org/eclipse/jetty/jetty-servlet/9.3.24.v20180605/jetty-servlet-9.3.24.v20180605.jar:/home/user/.m2/repository/org/eclipse/jetty/jetty-security/9.3.24.v20180605/jetty-security-9.3.24.v20180605.jar:/home/user/.m2/repository/javax/servlet/jsp/jsp-api/2.1/jsp-api-2.1.jar:/home/user/.m2/repository/com/sun/jersey/jersey-servlet/1.19/jersey-servlet-1.19.jar:/home/user/.m2/repository/com/sun/jersey/jersey-json/1.19/jersey-json-1.19.jar:/home/user/.m2/repository/org/codehaus/jettison/jettison/1.1/jettison-1.1.jar:/home/user/.m2/repository/org/codehaus/jackson/jackson-core-asl/1.9.13/jackson-core-asl-1.9.13.jar:/home/user/.m2/repository/org/codehaus/jackson/jackson-mapper-asl/1.9.13/jackson-mapper-asl-1.9.13.jar:/home/user/.m2/repository/org/codehaus/jackson/jackson-jaxrs/1.9.13/jackson-jaxrs-1.9.13.jar:/home/user/.m2/repository/org/codehaus/jackson/jackson-xc/1.9.13/jackson-xc-1.9.13.jar:/home/user/.m2/repository/commons-logging/commons-logging/1.1.3/commons-logging-1.1.3.jar:/home/user/.m2/repository/commons-beanutils/commons-beanutils/1.9.3/commons-beanutils-1.9.3.jar:/home/user/.m2/repository/org/apache/commons/commons-configuration2/2.1.1/commons-configuration2-2.1.1.jar:/home/user/.m2/repository/org/apache/commons/commons-lang3/3.7/commons-lang3-3.7.jar:/home/user/.m2/repository/org/apache/commons/commons-text/1.4/commons-text-1.4.jar:/home/user/.m2/repository/org/apache/avro/avro/1.7.7/avro-1.7.7.jar:/home/user/.m2/repository/com/thoughtworks/paranamer/paranamer/2.3/paranamer-2.3.jar:/home/user/.m2/repository/org/xerial/snappy/snappy-java/1.0.5/snappy-java-1.0.5.jar:/home/user/.m2/repository/com/google/re2j/re2j/1.1/re2j-1.1.jar:/home/user/.m2/repository/com/google/code/gson/gson/2.2.4/gson-2.2.4.jar:/home/user/.m2/repository/com/jcraft/jsch/0.1.54/jsch-0.1.54.jar:/home/user/.m2/repository/org/apache/curator/curator-client/2.12.0/curator-client-2.12.0.jar:/home/user/.m2/repository/org/apache/curator/curator-recipes/2.12.0/curator-recipes-2.12.0.jar:/home/user/.m2/repository/com/google/code/findbugs/jsr305/3.0.0/jsr305-3.0.0.jar:/home/user/.m2/repository/org/apache/htrace/htrace-core4/4.1.0-incubating/htrace-core4-4.1.0-incubating.jar:/home/user/.m2/repository/org/apache/zookeeper/zookeeper/3.4.13/zookeeper-3.4.13.jar:/home/user/.m2/repository/org/apache/yetus/audience-annotations/0.5.0/audience-annotations-0.5.0.jar:/home/user/.m2/repository/org/codehaus/woodstox/stax2-api/3.1.4/stax2-api-3.1.4.jar:/home/user/.m2/repository/com/fasterxml/woodstox/woodstox-core/5.0.3/woodstox-core-5.0.3.jar:/home/user/.m2/repository/dnsjava/dnsjava/2.1.7/dnsjava-2.1.7.jar:/home/user/.m2/repository/org/apache/hadoop/hadoop-hdfs/3.2.0/hadoop-hdfs-3.2.0-tests.jar:/home/user/.m2/repository/org/eclipse/jetty/jetty-util-ajax/9.3.24.v20180605/jetty-util-ajax-9.3.24.v20180605.jar:/home/user/.m2/repository/commons-daemon/commons-daemon/1.0.13/commons-daemon-1.0.13.jar:/home/user/.m2/repository/io/netty/netty/3.10.5.Final/netty-3.10.5.Final.jar:/home/user/.m2/repository/io/netty/netty-all/4.0.52.Final/netty-all-4.0.52.Final.jar:/home/user/.m2/repository/org/fusesource/leveldbjni/leveldbjni-all/1.8/leveldbjni-all-1.8.jar:"/>
    <property name="java.vm.vendor" value="IcedTea"/>
    <property name="sun.arch.data.model" value="64"/>
    <property name="test.build.dir" value="/workdir/hadoop-ozone/integration-test/target/test-dir"/>
    <property name="test.cache.data" value=""/>
    <property name="java.vendor.url" value="https://icedtea.classpath.org"/>
    <property name="user.timezone" value=""/>
    <property name="java.vm.specification.version" value="1.8"/>
    <property name="os.name" value="Linux"/>
    <property name="test.build.data" value="/workdir/hadoop-ozone/integration-test/target/test-dir"/>
    <property name="user.country" value="US"/>
    <property name="sun.java.launcher" value="SUN_STANDARD"/>
    <property name="sun.boot.library.path" value="/usr/lib/jvm/java-1.8-openjdk/jre/lib/amd64"/>
    <property name="sun.java.command" value="/workdir/hadoop-ozone/integration-test/target/surefire/surefirebooter9152479404766744453.jar /workdir/hadoop-ozone/integration-test/target/surefire 2019-09-12T10-13-21_360-jvmRun1 surefire4668846672157584076tmp surefire_98760847344231844122tmp"/>
    <property name="test" value="!TestMiniChaosOzoneCluster"/>
    <property name="surefire.test.class.path" value="/workdir/hadoop-ozone/integration-test/target/test-classes:/workdir/hadoop-ozone/integration-test/target/classes:/home/user/.m2/repository/org/apache/hadoop/hadoop-ozone-common/0.5.0-SNAPSHOT/hadoop-ozone-common-0.5.0-SNAPSHOT.jar:/home/user/.m2/repository/org/apache/commons/commons-compress/1.4.1/commons-compress-1.4.1.jar:/home/user/.m2/repository/org/tukaani/xz/1.0/xz-1.0.jar:/home/user/.m2/repository/org/apache/hadoop/hadoop-common/3.2.0/hadoop-common-3.2.0.jar:/home/user/.m2/repository/org/apache/hadoop/hadoop-hdfs/3.2.0/hadoop-hdfs-3.2.0.jar:/home/user/.m2/repository/org/apache/hadoop/hadoop-hdfs-client/3.2.0/hadoop-hdfs-client-3.2.0.jar:/home/user/.m2/repository/com/fasterxml/jackson/core/jackson-annotations/2.9.5/jackson-annotations-2.9.5.jar:/home/user/.m2/repository/org/apache/hadoop/hadoop-hdds-common/0.5.0-SNAPSHOT/hadoop-hdds-common-0.5.0-SNAPSHOT.jar:/home/user/.m2/repository/javax/annotation/javax.annotation-api/1.2/javax.annotation-api-1.2.jar:/home/user/.m2/repository/org/apache/ratis/ratis-server/0.4.0-2337318-SNAPSHOT/ratis-server-0.4.0-2337318-SNAPSHOT.jar:/home/user/.m2/repository/org/apache/ratis/ratis-thirdparty-misc/0.2.0/ratis-thirdparty-misc-0.2.0.jar:/home/user/.m2/repository/org/apache/ratis/ratis-proto/0.4.0-2337318-SNAPSHOT/ratis-proto-0.4.0-2337318-SNAPSHOT.jar:/home/user/.m2/repository/org/apache/ratis/ratis-common/0.4.0-2337318-SNAPSHOT/ratis-common-0.4.0-2337318-SNAPSHOT.jar:/home/user/.m2/repository/org/apache/ratis/ratis-client/0.4.0-2337318-SNAPSHOT/ratis-client-0.4.0-2337318-SNAPSHOT.jar:/home/user/.m2/repository/org/apache/ratis/ratis-metrics/0.4.0-2337318-SNAPSHOT/ratis-metrics-0.4.0-2337318-SNAPSHOT.jar:/home/user/.m2/repository/org/apache/ratis/ratis-netty/0.4.0-2337318-SNAPSHOT/ratis-netty-0.4.0-2337318-SNAPSHOT.jar:/home/user/.m2/repository/org/apache/ratis/ratis-grpc/0.4.0-2337318-SNAPSHOT/ratis-grpc-0.4.0-2337318-SNAPSHOT.jar:/home/user/.m2/repository/org/rocksdb/rocksdbjni/6.0.1/rocksdbjni-6.0.1.jar:/home/user/.m2/repository/org/apache/logging/log4j/log4j-api/2.11.0/log4j-api-2.11.0.jar:/home/user/.m2/repository/org/apache/logging/log4j/log4j-core/2.11.0/log4j-core-2.11.0.jar:/home/user/.m2/repository/com/lmax/disruptor/3.4.2/disruptor-3.4.2.jar:/home/user/.m2/repository/org/apache/commons/commons-pool2/2.6.0/commons-pool2-2.6.0.jar:/home/user/.m2/repository/org/bouncycastle/bcpkix-jdk15on/1.60/bcpkix-jdk15on-1.60.jar:/home/user/.m2/repository/commons-validator/commons-validator/1.6/commons-validator-1.6.jar:/home/user/.m2/repository/commons-digester/commons-digester/1.8.1/commons-digester-1.8.1.jar:/home/user/.m2/repository/io/jaegertracing/jaeger-client/0.33.1/jaeger-client-0.33.1.jar:/home/user/.m2/repository/io/jaegertracing/jaeger-thrift/0.33.1/jaeger-thrift-0.33.1.jar:/home/user/.m2/repository/org/apache/thrift/libthrift/0.11.0/libthrift-0.11.0.jar:/home/user/.m2/repository/com/squareup/okhttp3/okhttp/3.9.0/okhttp-3.9.0.jar:/home/user/.m2/repository/com/squareup/okio/okio/1.13.0/okio-1.13.0.jar:/home/user/.m2/repository/io/jaegertracing/jaeger-core/0.33.1/jaeger-core-0.33.1.jar:/home/user/.m2/repository/io/jaegertracing/jaeger-tracerresolver/0.33.1/jaeger-tracerresolver-0.33.1.jar:/home/user/.m2/repository/io/opentracing/contrib/opentracing-tracerresolver/0.1.5/opentracing-tracerresolver-0.1.5.jar:/home/user/.m2/repository/io/opentracing/opentracing-util/0.31.0/opentracing-util-0.31.0.jar:/home/user/.m2/repository/io/opentracing/opentracing-api/0.31.0/opentracing-api-0.31.0.jar:/home/user/.m2/repository/io/opentracing/opentracing-noop/0.31.0/opentracing-noop-0.31.0.jar:/home/user/.m2/repository/org/apache/hadoop/hadoop-hdds-server-framework/0.5.0-SNAPSHOT/hadoop-hdds-server-framework-0.5.0-SNAPSHOT.jar:/home/user/.m2/repository/org/apache/hadoop/hadoop-hdds-container-service/0.5.0-SNAPSHOT/hadoop-hdds-container-service-0.5.0-SNAPSHOT.jar:/home/user/.m2/repository/org/apache/hadoop/hadoop-hdds-client/0.5.0-SNAPSHOT/hadoop-hdds-client-0.5.0-SNAPSHOT.jar:/home/user/.m2/repository/org/apache/hadoop/hadoop-hdds-tools/0.5.0-SNAPSHOT/hadoop-hdds-tools-0.5.0-SNAPSHOT.jar:/home/user/.m2/repository/org/apache/hadoop/hadoop-hdds-server-scm/0.5.0-SNAPSHOT/hadoop-hdds-server-scm-0.5.0-SNAPSHOT.jar:/home/user/.m2/repository/org/apache/hadoop/hadoop-hdds-docs/0.5.0-SNAPSHOT/hadoop-hdds-docs-0.5.0-SNAPSHOT.jar:/home/user/.m2/repository/io/dropwizard/metrics/metrics-core/3.2.4/metrics-core-3.2.4.jar:/home/user/.m2/repository/org/hamcrest/hamcrest-all/1.3/hamcrest-all-1.3.jar:/home/user/.m2/repository/org/bouncycastle/bcprov-jdk15on/1.60/bcprov-jdk15on-1.60.jar:/home/user/.m2/repository/info/picocli/picocli/3.9.6/picocli-3.9.6.jar:/home/user/.m2/repository/com/google/protobuf/protobuf-java/2.5.0/protobuf-java-2.5.0.jar:/home/user/.m2/repository/com/google/guava/guava/11.0.2/guava-11.0.2.jar:/home/user/.m2/repository/org/apache/hadoop/hadoop-ozone-ozone-manager/0.5.0-SNAPSHOT/hadoop-ozone-ozone-manager-0.5.0-SNAPSHOT.jar:/home/user/.m2/repository/org/apache/hadoop/hadoop-minikdc/3.2.0/hadoop-minikdc-3.2.0.jar:/home/user/.m2/repository/commons-io/commons-io/2.5/commons-io-2.5.jar:/home/user/.m2/repository/org/apache/kerby/kerb-simplekdc/1.0.1/kerb-simplekdc-1.0.1.jar:/home/user/.m2/repository/org/apache/kerby/kerb-client/1.0.1/kerb-client-1.0.1.jar:/home/user/.m2/repository/org/apache/kerby/kerby-config/1.0.1/kerby-config-1.0.1.jar:/home/user/.m2/repository/org/apache/kerby/kerb-core/1.0.1/kerb-core-1.0.1.jar:/home/user/.m2/repository/org/apache/kerby/kerby-pkix/1.0.1/kerby-pkix-1.0.1.jar:/home/user/.m2/repository/org/apache/kerby/kerby-asn1/1.0.1/kerby-asn1-1.0.1.jar:/home/user/.m2/repository/org/apache/kerby/kerby-util/1.0.1/kerby-util-1.0.1.jar:/home/user/.m2/repository/org/apache/kerby/kerb-common/1.0.1/kerb-common-1.0.1.jar:/home/user/.m2/repository/org/apache/kerby/kerb-crypto/1.0.1/kerb-crypto-1.0.1.jar:/home/user/.m2/repository/org/apache/kerby/kerb-util/1.0.1/kerb-util-1.0.1.jar:/home/user/.m2/repository/org/apache/kerby/token-provider/1.0.1/token-provider-1.0.1.jar:/home/user/.m2/repository/org/apache/kerby/kerb-admin/1.0.1/kerb-admin-1.0.1.jar:/home/user/.m2/repository/org/apache/kerby/kerb-server/1.0.1/kerb-server-1.0.1.jar:/home/user/.m2/repository/org/apache/kerby/kerb-identity/1.0.1/kerb-identity-1.0.1.jar:/home/user/.m2/repository/org/apache/kerby/kerby-xdr/1.0.1/kerby-xdr-1.0.1.jar:/home/user/.m2/repository/org/slf4j/slf4j-log4j12/1.7.25/slf4j-log4j12-1.7.25.jar:/home/user/.m2/repository/org/apache/hadoop/hadoop-ozone-objectstore-service/0.5.0-SNAPSHOT/hadoop-ozone-objectstore-service-0.5.0-SNAPSHOT.jar:/home/user/.m2/repository/org/apache/hadoop/hadoop-ozone-s3gateway/0.5.0-SNAPSHOT/hadoop-ozone-s3gateway-0.5.0-SNAPSHOT.jar:/home/user/.m2/repository/org/jboss/weld/servlet/weld-servlet/2.4.7.Final/weld-servlet-2.4.7.Final.jar:/home/user/.m2/repository/org/glassfish/jersey/containers/jersey-container-servlet-core/2.27/jersey-container-servlet-core-2.27.jar:/home/user/.m2/repository/org/glassfish/hk2/external/javax.inject/2.5.0-b42/javax.inject-2.5.0-b42.jar:/home/user/.m2/repository/org/glassfish/jersey/core/jersey-common/2.27/jersey-common-2.27.jar:/home/user/.m2/repository/org/glassfish/hk2/osgi-resource-locator/1.0.1/osgi-resource-locator-1.0.1.jar:/home/user/.m2/repository/javax/ws/rs/javax.ws.rs-api/2.1/javax.ws.rs-api-2.1.jar:/home/user/.m2/repository/org/glassfish/jersey/ext/cdi/jersey-cdi1x/2.27/jersey-cdi1x-2.27.jar:/home/user/.m2/repository/org/glassfish/jersey/inject/jersey-hk2/2.27/jersey-hk2-2.27.jar:/home/user/.m2/repository/org/glassfish/hk2/hk2-locator/2.5.0-b42/hk2-locator-2.5.0-b42.jar:/home/user/.m2/repository/org/javassist/javassist/3.22.0-CR2/javassist-3.22.0-CR2.jar:/home/user/.m2/repository/org/glassfish/hk2/hk2-api/2.5.0/hk2-api-2.5.0.jar:/home/user/.m2/repository/org/glassfish/hk2/external/jakarta.inject/2.5.0/jakarta.inject-2.5.0.jar:/home/user/.m2/repository/org/glassfish/hk2/hk2-utils/2.5.0/hk2-utils-2.5.0.jar:/home/user/.m2/repository/jakarta/annotation/jakarta.annotation-api/1.3.4/jakarta.annotation-api-1.3.4.jar:/home/user/.m2/repository/org/glassfish/hk2/external/aopalliance-repackaged/2.5.0/aopalliance-repackaged-2.5.0.jar:/home/user/.m2/repository/com/fasterxml/jackson/dataformat/jackson-dataformat-xml/2.9.0/jackson-dataformat-xml-2.9.0.jar:/home/user/.m2/repository/com/fasterxml/jackson/core/jackson-core/2.9.5/jackson-core-2.9.5.jar:/home/user/.m2/repository/com/fasterxml/jackson/module/jackson-module-jaxb-annotations/2.9.5/jackson-module-jaxb-annotations-2.9.5.jar:/home/user/.m2/repository/javax/enterprise/cdi-api/1.2/cdi-api-1.2.jar:/home/user/.m2/repository/javax/el/javax.el-api/3.0.0/javax.el-api-3.0.0.jar:/home/user/.m2/repository/javax/interceptor/javax.interceptor-api/1.2/javax.interceptor-api-1.2.jar:/home/user/.m2/repository/javax/inject/javax.inject/1/javax.inject-1.jar:/home/user/.m2/repository/com/sun/xml/bind/jaxb-impl/2.3.0.1/jaxb-impl-2.3.0.1.jar:/home/user/.m2/repository/com/sun/xml/bind/jaxb-core/2.3.0.1/jaxb-core-2.3.0.1.jar:/home/user/.m2/repository/javax/xml/bind/jaxb-api/2.3.0/jaxb-api-2.3.0.jar:/home/user/.m2/repository/javax/activation/activation/1.1.1/activation-1.1.1.jar:/home/user/.m2/repository/org/apache/hadoop/hadoop-ozone-csi/0.5.0-SNAPSHOT/hadoop-ozone-csi-0.5.0-SNAPSHOT.jar:/home/user/.m2/repository/com/google/protobuf/protobuf-java-util/3.5.1/protobuf-java-util-3.5.1.jar:/home/user/.m2/repository/org/apache/hadoop/hadoop-hdds-config/0.5.0-SNAPSHOT/hadoop-hdds-config-0.5.0-SNAPSHOT.jar:/home/user/.m2/repository/io/grpc/grpc-netty/1.17.1/grpc-netty-1.17.1.jar:/home/user/.m2/repository/io/grpc/grpc-core/1.17.1/grpc-core-1.17.1.jar:/home/user/.m2/repository/io/grpc/grpc-context/1.17.1/grpc-context-1.17.1.jar:/home/user/.m2/repository/com/google/errorprone/error_prone_annotations/2.2.0/error_prone_annotations-2.2.0.jar:/home/user/.m2/repository/org/codehaus/mojo/animal-sniffer-annotations/1.17/animal-sniffer-annotations-1.17.jar:/home/user/.m2/repository/io/opencensus/opencensus-api/0.17.0/opencensus-api-0.17.0.jar:/home/user/.m2/repository/io/opencensus/opencensus-contrib-grpc-metrics/0.17.0/opencensus-contrib-grpc-metrics-0.17.0.jar:/home/user/.m2/repository/io/netty/netty-codec-http2/4.1.30.Final/netty-codec-http2-4.1.30.Final.jar:/home/user/.m2/repository/io/netty/netty-codec-http/4.1.30.Final/netty-codec-http-4.1.30.Final.jar:/home/user/.m2/repository/io/netty/netty-codec/4.1.30.Final/netty-codec-4.1.30.Final.jar:/home/user/.m2/repository/io/netty/netty-handler/4.1.30.Final/netty-handler-4.1.30.Final.jar:/home/user/.m2/repository/io/netty/netty-handler-proxy/4.1.30.Final/netty-handler-proxy-4.1.30.Final.jar:/home/user/.m2/repository/io/netty/netty-codec-socks/4.1.30.Final/netty-codec-socks-4.1.30.Final.jar:/home/user/.m2/repository/io/netty/netty-transport-native-epoll/4.1.30.Final/netty-transport-native-epoll-4.1.30.Final.jar:/home/user/.m2/repository/io/netty/netty-common/4.1.30.Final/netty-common-4.1.30.Final.jar:/home/user/.m2/repository/io/netty/netty-buffer/4.1.30.Final/netty-buffer-4.1.30.Final.jar:/home/user/.m2/repository/io/netty/netty-transport/4.1.30.Final/netty-transport-4.1.30.Final.jar:/home/user/.m2/repository/io/netty/netty-resolver/4.1.30.Final/netty-resolver-4.1.30.Final.jar:/home/user/.m2/repository/io/netty/netty-transport-native-unix-common/4.1.30.Final/netty-transport-native-unix-common-4.1.30.Final.jar:/home/user/.m2/repository/io/grpc/grpc-protobuf/1.17.1/grpc-protobuf-1.17.1.jar:/home/user/.m2/repository/com/google/api/grpc/proto-google-common-protos/1.0.0/proto-google-common-protos-1.0.0.jar:/home/user/.m2/repository/io/grpc/grpc-protobuf-lite/1.17.1/grpc-protobuf-lite-1.17.1.jar:/home/user/.m2/repository/io/grpc/grpc-stub/1.17.1/grpc-stub-1.17.1.jar:/home/user/.m2/repository/org/apache/hadoop/hadoop-ozone-recon/0.5.0-SNAPSHOT/hadoop-ozone-recon-0.5.0-SNAPSHOT.jar:/home/user/.m2/repository/org/apache/hadoop/hadoop-ozone-reconcodegen/0.5.0-SNAPSHOT/hadoop-ozone-reconcodegen-0.5.0-SNAPSHOT.jar:/home/user/.m2/repository/com/google/inject/extensions/guice-multibindings/4.0/guice-multibindings-4.0.jar:/home/user/.m2/repository/com/google/inject/guice/4.0/guice-4.0.jar:/home/user/.m2/repository/aopalliance/aopalliance/1.0/aopalliance-1.0.jar:/home/user/.m2/repository/com/google/inject/extensions/guice-servlet/4.0/guice-servlet-4.0.jar:/home/user/.m2/repository/org/glassfish/jersey/containers/jersey-container-servlet/2.27/jersey-container-servlet-2.27.jar:/home/user/.m2/repository/org/glassfish/hk2/guice-bridge/2.5.0/guice-bridge-2.5.0.jar:/home/user/.m2/repository/org/glassfish/jersey/core/jersey-server/2.27/jersey-server-2.27.jar:/home/user/.m2/repository/org/glassfish/jersey/core/jersey-client/2.27/jersey-client-2.27.jar:/home/user/.m2/repository/org/glassfish/jersey/media/jersey-media-jaxb/2.27/jersey-media-jaxb-2.27.jar:/home/user/.m2/repository/javax/validation/validation-api/1.1.0.Final/validation-api-1.1.0.Final.jar:/home/user/.m2/repository/org/glassfish/jersey/media/jersey-media-json-jackson/2.27/jersey-media-json-jackson-2.27.jar:/home/user/.m2/repository/org/glassfish/jersey/ext/jersey-entity-filtering/2.27/jersey-entity-filtering-2.27.jar:/home/user/.m2/repository/com/google/inject/extensions/guice-assistedinject/4.0/guice-assistedinject-4.0.jar:/home/user/.m2/repository/org/jooq/jooq/3.11.10/jooq-3.11.10.jar:/home/user/.m2/repository/org/jooq/jooq-meta/3.11.10/jooq-meta-3.11.10.jar:/home/user/.m2/repository/org/jooq/jooq-codegen/3.11.10/jooq-codegen-3.11.10.jar:/home/user/.m2/repository/com/jolbox/bonecp/0.8.0.RELEASE/bonecp-0.8.0.RELEASE.jar:/home/user/.m2/repository/org/xerial/sqlite-jdbc/3.25.2/sqlite-jdbc-3.25.2.jar:/home/user/.m2/repository/org/springframework/spring-jdbc/5.1.3.RELEASE/spring-jdbc-5.1.3.RELEASE.jar:/home/user/.m2/repository/org/springframework/spring-beans/5.1.3.RELEASE/spring-beans-5.1.3.RELEASE.jar:/home/user/.m2/repository/org/springframework/spring-core/5.1.3.RELEASE/spring-core-5.1.3.RELEASE.jar:/home/user/.m2/repository/org/springframework/spring-jcl/5.1.3.RELEASE/spring-jcl-5.1.3.RELEASE.jar:/home/user/.m2/repository/org/springframework/spring-tx/5.1.3.RELEASE/spring-tx-5.1.3.RELEASE.jar:/home/user/.m2/repository/org/apache/hadoop/hadoop-ozone-client/0.5.0-SNAPSHOT/hadoop-ozone-client-0.5.0-SNAPSHOT.jar:/home/user/.m2/repository/commons-lang/commons-lang/2.6/commons-lang-2.6.jar:/home/user/.m2/repository/org/apache/hadoop/hadoop-ozone-ozone-manager/0.5.0-SNAPSHOT/hadoop-ozone-ozone-manager-0.5.0-SNAPSHOT-tests.jar:/home/user/.m2/repository/junit/junit/4.11/junit-4.11.jar:/home/user/.m2/repository/org/hamcrest/hamcrest-core/1.3/hamcrest-core-1.3.jar:/home/user/.m2/repository/org/openjdk/jmh/jmh-core/1.19/jmh-core-1.19.jar:/home/user/.m2/repository/net/sf/jopt-simple/jopt-simple/4.6/jopt-simple-4.6.jar:/home/user/.m2/repository/org/apache/commons/commons-math3/3.1.1/commons-math3-3.1.1.jar:/home/user/.m2/repository/org/openjdk/jmh/jmh-generator-annprocess/1.19/jmh-generator-annprocess-1.19.jar:/home/user/.m2/repository/org/mockito/mockito-all/1.8.5/mockito-all-1.8.5.jar:/home/user/.m2/repository/org/apache/hadoop/hadoop-kms/3.2.0/hadoop-kms-3.2.0.jar:/home/user/.m2/repository/org/apache/hadoop/hadoop-auth/3.2.0/hadoop-auth-3.2.0.jar:/home/user/.m2/repository/com/nimbusds/nimbus-jose-jwt/4.41.1/nimbus-jose-jwt-4.41.1.jar:/home/user/.m2/repository/com/github/stephenc/jcip/jcip-annotations/1.0-1/jcip-annotations-1.0-1.jar:/home/user/.m2/repository/net/minidev/json-smart/2.3/json-smart-2.3.jar:/home/user/.m2/repository/net/minidev/accessors-smart/1.2/accessors-smart-1.2.jar:/home/user/.m2/repository/org/ow2/asm/asm/5.0.4/asm-5.0.4.jar:/home/user/.m2/repository/org/apache/curator/curator-framework/2.12.0/curator-framework-2.12.0.jar:/home/user/.m2/repository/com/sun/jersey/jersey-core/1.19/jersey-core-1.19.jar:/home/user/.m2/repository/javax/ws/rs/jsr311-api/1.1.1/jsr311-api-1.1.1.jar:/home/user/.m2/repository/com/sun/jersey/jersey-server/1.19/jersey-server-1.19.jar:/home/user/.m2/repository/javax/servlet/javax.servlet-api/3.1.0/javax.servlet-api-3.1.0.jar:/home/user/.m2/repository/org/eclipse/jetty/jetty-server/9.3.24.v20180605/jetty-server-9.3.24.v20180605.jar:/home/user/.m2/repository/org/eclipse/jetty/jetty-http/9.3.24.v20180605/jetty-http-9.3.24.v20180605.jar:/home/user/.m2/repository/org/eclipse/jetty/jetty-io/9.3.24.v20180605/jetty-io-9.3.24.v20180605.jar:/home/user/.m2/repository/org/eclipse/jetty/jetty-webapp/9.3.24.v20180605/jetty-webapp-9.3.24.v20180605.jar:/home/user/.m2/repository/org/eclipse/jetty/jetty-xml/9.3.24.v20180605/jetty-xml-9.3.24.v20180605.jar:/home/user/.m2/repository/log4j/log4j/1.2.17/log4j-1.2.17.jar:/home/user/.m2/repository/org/slf4j/slf4j-api/1.7.25/slf4j-api-1.7.25.jar:/home/user/.m2/repository/org/slf4j/jul-to-slf4j/1.7.25/jul-to-slf4j-1.7.25.jar:/home/user/.m2/repository/org/eclipse/jetty/jetty-util/9.3.24.v20180605/jetty-util-9.3.24.v20180605.jar:/home/user/.m2/repository/com/fasterxml/jackson/core/jackson-databind/2.9.5/jackson-databind-2.9.5.jar:/home/user/.m2/repository/org/apache/hadoop/hadoop-kms/3.2.0/hadoop-kms-3.2.0-tests.jar:/home/user/.m2/repository/org/apache/hadoop/hadoop-hdds-server-scm/0.5.0-SNAPSHOT/hadoop-hdds-server-scm-0.5.0-SNAPSHOT-tests.jar:/home/user/.m2/repository/org/apache/hadoop/hadoop-hdds-container-service/0.5.0-SNAPSHOT/hadoop-hdds-container-service-0.5.0-SNAPSHOT-tests.jar:/home/user/.m2/repository/org/yaml/snakeyaml/1.16/snakeyaml-1.16.jar:/home/user/.m2/repository/org/apache/hadoop/hadoop-common/3.2.0/hadoop-common-3.2.0-tests.jar:/home/user/.m2/repository/org/apache/hadoop/hadoop-annotations/3.2.0/hadoop-annotations-3.2.0.jar:/usr/lib/jvm/java-1.8-openjdk/jre/../lib/tools.jar:/home/user/.m2/repository/commons-cli/commons-cli/1.2/commons-cli-1.2.jar:/home/user/.m2/repository/org/apache/httpcomponents/httpclient/4.5.2/httpclient-4.5.2.jar:/home/user/.m2/repository/org/apache/httpcomponents/httpcore/4.4.4/httpcore-4.4.4.jar:/home/user/.m2/repository/commons-codec/commons-codec/1.11/commons-codec-1.11.jar:/home/user/.m2/repository/commons-net/commons-net/3.6/commons-net-3.6.jar:/home/user/.m2/repository/commons-collections/commons-collections/3.2.2/commons-collections-3.2.2.jar:/home/user/.m2/repository/org/eclipse/jetty/jetty-servlet/9.3.24.v20180605/jetty-servlet-9.3.24.v20180605.jar:/home/user/.m2/repository/org/eclipse/jetty/jetty-security/9.3.24.v20180605/jetty-security-9.3.24.v20180605.jar:/home/user/.m2/repository/javax/servlet/jsp/jsp-api/2.1/jsp-api-2.1.jar:/home/user/.m2/repository/com/sun/jersey/jersey-servlet/1.19/jersey-servlet-1.19.jar:/home/user/.m2/repository/com/sun/jersey/jersey-json/1.19/jersey-json-1.19.jar:/home/user/.m2/repository/org/codehaus/jettison/jettison/1.1/jettison-1.1.jar:/home/user/.m2/repository/org/codehaus/jackson/jackson-core-asl/1.9.13/jackson-core-asl-1.9.13.jar:/home/user/.m2/repository/org/codehaus/jackson/jackson-mapper-asl/1.9.13/jackson-mapper-asl-1.9.13.jar:/home/user/.m2/repository/org/codehaus/jackson/jackson-jaxrs/1.9.13/jackson-jaxrs-1.9.13.jar:/home/user/.m2/repository/org/codehaus/jackson/jackson-xc/1.9.13/jackson-xc-1.9.13.jar:/home/user/.m2/repository/commons-logging/commons-logging/1.1.3/commons-logging-1.1.3.jar:/home/user/.m2/repository/commons-beanutils/commons-beanutils/1.9.3/commons-beanutils-1.9.3.jar:/home/user/.m2/repository/org/apache/commons/commons-configuration2/2.1.1/commons-configuration2-2.1.1.jar:/home/user/.m2/repository/org/apache/commons/commons-lang3/3.7/commons-lang3-3.7.jar:/home/user/.m2/repository/org/apache/commons/commons-text/1.4/commons-text-1.4.jar:/home/user/.m2/repository/org/apache/avro/avro/1.7.7/avro-1.7.7.jar:/home/user/.m2/repository/com/thoughtworks/paranamer/paranamer/2.3/paranamer-2.3.jar:/home/user/.m2/repository/org/xerial/snappy/snappy-java/1.0.5/snappy-java-1.0.5.jar:/home/user/.m2/repository/com/google/re2j/re2j/1.1/re2j-1.1.jar:/home/user/.m2/repository/com/google/code/gson/gson/2.2.4/gson-2.2.4.jar:/home/user/.m2/repository/com/jcraft/jsch/0.1.54/jsch-0.1.54.jar:/home/user/.m2/repository/org/apache/curator/curator-client/2.12.0/curator-client-2.12.0.jar:/home/user/.m2/repository/org/apache/curator/curator-recipes/2.12.0/curator-recipes-2.12.0.jar:/home/user/.m2/repository/com/google/code/findbugs/jsr305/3.0.0/jsr305-3.0.0.jar:/home/user/.m2/repository/org/apache/htrace/htrace-core4/4.1.0-incubating/htrace-core4-4.1.0-incubating.jar:/home/user/.m2/repository/org/apache/zookeeper/zookeeper/3.4.13/zookeeper-3.4.13.jar:/home/user/.m2/repository/org/apache/yetus/audience-annotations/0.5.0/audience-annotations-0.5.0.jar:/home/user/.m2/repository/org/codehaus/woodstox/stax2-api/3.1.4/stax2-api-3.1.4.jar:/home/user/.m2/repository/com/fasterxml/woodstox/woodstox-core/5.0.3/woodstox-core-5.0.3.jar:/home/user/.m2/repository/dnsjava/dnsjava/2.1.7/dnsjava-2.1.7.jar:/home/user/.m2/repository/org/apache/hadoop/hadoop-hdfs/3.2.0/hadoop-hdfs-3.2.0-tests.jar:/home/user/.m2/repository/org/eclipse/jetty/jetty-util-ajax/9.3.24.v20180605/jetty-util-ajax-9.3.24.v20180605.jar:/home/user/.m2/repository/commons-daemon/commons-daemon/1.0.13/commons-daemon-1.0.13.jar:/home/user/.m2/repository/io/netty/netty/3.10.5.Final/netty-3.10.5.Final.jar:/home/user/.m2/repository/io/netty/netty-all/4.0.52.Final/netty-all-4.0.52.Final.jar:/home/user/.m2/repository/org/fusesource/leveldbjni/leveldbjni-all/1.8/leveldbjni-all-1.8.jar:"/>
    <property name="sun.cpu.endian" value="little"/>
    <property name="user.home" value="/home/user"/>
    <property name="user.language" value="en"/>
    <property name="java.specification.vendor" value="Oracle Corporation"/>
    <property name="java.home" value="/usr/lib/jvm/java-1.8-openjdk/jre"/>
    <property name="java.security.krb5.conf" value="/workdir/hadoop-ozone/integration-test/target/test-classes/krb5.conf"/>
    <property name="basedir" value="/workdir/hadoop-ozone/integration-test"/>
    <property name="file.separator" value="/"/>
    <property name="line.separator" value="&#10;"/>
    <property name="java.vm.specification.vendor" value="Oracle Corporation"/>
    <property name="java.specification.name" value="Java Platform API Specification"/>
    <property name="java.awt.graphicsenv" value="sun.awt.X11GraphicsEnvironment"/>
    <property name="surefire.real.class.path" value="/workdir/hadoop-ozone/integration-test/target/surefire/surefirebooter9152479404766744453.jar"/>
    <property name="hadoop.log.dir" value="/workdir/hadoop-ozone/integration-test/target/log"/>
    <property name="sun.boot.class.path" value="/usr/lib/jvm/java-1.8-openjdk/jre/lib/resources.jar:/usr/lib/jvm/java-1.8-openjdk/jre/lib/rt.jar:/usr/lib/jvm/java-1.8-openjdk/jre/lib/sunrsasign.jar:/usr/lib/jvm/java-1.8-openjdk/jre/lib/jsse.jar:/usr/lib/jvm/java-1.8-openjdk/jre/lib/jce.jar:/usr/lib/jvm/java-1.8-openjdk/jre/lib/charsets.jar:/usr/lib/jvm/java-1.8-openjdk/jre/lib/jfr.jar:/usr/lib/jvm/java-1.8-openjdk/jre/classes"/>
    <property name="sun.management.compiler" value="HotSpot 64-Bit Tiered Compilers"/>
    <property name="java.runtime.version" value="1.8.0_212-b04"/>
    <property name="java.net.preferIPv4Stack" value="true"/>
    <property name="user.name" value="jenkins1000"/>
    <property name="path.separator" value=":"/>
    <property name="java.security.egd" value="file:///dev/urandom"/>
    <property name="os.version" value="3.10.0-957.12.2.el7.x86_64"/>
    <property name="java.endorsed.dirs" value="/usr/lib/jvm/java-1.8-openjdk/jre/lib/endorsed"/>
    <property name="java.runtime.name" value="OpenJDK Runtime Environment"/>
    <property name="file.encoding" value="UTF-8"/>
    <property name="java.vm.name" value="OpenJDK 64-Bit Server VM"/>
    <property name="test.build.webapps" value=""/>
    <property name="localRepository" value="/home/user/.m2/repository"/>
    <property name="java.vendor.url.bug" value="https://icedtea.classpath.org/bugzilla"/>
    <property name="java.io.tmpdir" value="/tmp"/>
    <property name="require.test.libhadoop" value=""/>
    <property name="java.version" value="1.8.0_212"/>
    <property name="user.dir" value="/workdir/hadoop-ozone/integration-test"/>
    <property name="os.arch" value="amd64"/>
    <property name="java.vm.specification.name" value="Java Virtual Machine Specification"/>
    <property name="test.build.classes" value="/workdir/hadoop-ozone/integration-test/target/test-classes"/>
    <property name="java.awt.printerjob" value="sun.print.PSPrinterJob"/>
    <property name="sun.os.patch.level" value="unknown"/>
    <property name="hadoop.tmp.dir" value="/workdir/hadoop-ozone/integration-test/target/tmp"/>
    <property name="java.library.path" value="/usr/lib/jvm/java-1.8-openjdk/jre/lib/amd64/server:/usr/lib/jvm/java-1.8-openjdk/jre/lib/amd64:/usr/lib/jvm/java-1.8-openjdk/jre/../lib/amd64:/workdir/hadoop-ozone/integration-test/target/native/target/usr/local/lib:/workdir/hadoop-ozone/integration-test/../../hadoop-common-project/hadoop-common/target/native/target/usr/local/lib:/usr/java/packages/lib/amd64:/usr/lib64:/lib64:/lib:/usr/lib"/>
    <property name="java.vm.info" value="mixed mode"/>
    <property name="java.vendor" value="IcedTea"/>
    <property name="java.vm.version" value="25.212-b04"/>
    <property name="java.ext.dirs" value="/usr/lib/jvm/java-1.8-openjdk/jre/lib/ext:/usr/java/packages/lib/ext"/>
    <property name="sun.io.unicode.encoding" value="UnicodeLittle"/>
    <property name="java.class.version" value="52.0"/>
  </properties>
  <testcase name="org.apache.hadoop.hdds.scm.pipeline.TestSCMRestart" classname="org.apache.hadoop.hdds.scm.pipeline.TestSCMRestart" time="24.359">
    <error message="Could not allocate container. Cannot get any matching pipeline for Type:RATIS, Factor:THREE, State:PipelineState.OPEN" type="java.io.IOException">java.io.IOException: Could not allocate container. Cannot get any matching pipeline for Type:RATIS, Factor:THREE, State:PipelineState.OPEN
	at org.apache.hadoop.hdds.scm.container.ContainerStateManager.allocateContainer(ContainerStateManager.java:260)
	at org.apache.hadoop.hdds.scm.container.SCMContainerManager.allocateContainer(SCMContainerManager.java:247)
	at org.apache.hadoop.hdds.scm.pipeline.TestSCMRestart.init(TestSCMRestart.java:70)
	at sun.reflect.NativeMethodAccessorImpl.invoke0(Native Method)
	at sun.reflect.NativeMethodAccessorImpl.invoke(NativeMethodAccessorImpl.java:62)
	at sun.reflect.DelegatingMethodAccessorImpl.invoke(DelegatingMethodAccessorImpl.java:43)
	at java.lang.reflect.Method.invoke(Method.java:498)
	at org.junit.runners.model.FrameworkMethod$1.runReflectiveCall(FrameworkMethod.java:47)
	at org.junit.internal.runners.model.ReflectiveCallable.run(ReflectiveCallable.java:12)
	at org.junit.runners.model.FrameworkMethod.invokeExplosively(FrameworkMethod.java:44)
	at org.junit.internal.runners.statements.RunBefores.evaluate(RunBefores.java:24)
	at org.junit.internal.runners.statements.RunAfters.evaluate(RunAfters.java:27)
	at org.junit.runners.ParentRunner.run(ParentRunner.java:309)
	at org.apache.maven.surefire.junit4.JUnit4Provider.execute(JUnit4Provider.java:365)
	at org.apache.maven.surefire.junit4.JUnit4Provider.executeWithRerun(JUnit4Provider.java:273)
	at org.apache.maven.surefire.junit4.JUnit4Provider.executeTestSet(JUnit4Provider.java:238)
	at org.apache.maven.surefire.junit4.JUnit4Provider.invoke(JUnit4Provider.java:159)
	at org.apache.maven.surefire.booter.ForkedBooter.invokeProviderInSameClassLoader(ForkedBooter.java:384)
	at org.apache.maven.surefire.booter.ForkedBooter.runSuitesInProcess(ForkedBooter.java:345)
	at org.apache.maven.surefire.booter.ForkedBooter.execute(ForkedBooter.java:126)
	at org.apache.maven.surefire.booter.ForkedBooter.main(ForkedBooter.java:418)
</error>
    <system-out><![CDATA[2019-09-12 10:21:13,958 [main] WARN  server.ServerUtils (ServerUtils.java:getScmDbDir(145)) - ozone.scm.db.dirs is not configured. We recommend adding this setting. Falling back to ozone.metadata.dirs instead.
2019-09-12 10:21:14,058 [main] WARN  server.ServerUtils (ServerUtils.java:getScmDbDir(145)) - ozone.scm.db.dirs is not configured. We recommend adding this setting. Falling back to ozone.metadata.dirs instead.
2019-09-12 10:21:14,061 [main] WARN  server.ServerUtils (ServerUtils.java:getScmDbDir(145)) - ozone.scm.db.dirs is not configured. We recommend adding this setting. Falling back to ozone.metadata.dirs instead.
2019-09-12 10:21:14,080 [main] INFO  util.log (Log.java:initialized(192)) - Logging initialized @908ms
2019-09-12 10:21:14,188 [main] INFO  db.DBStoreBuilder (DBStoreBuilder.java:addTable(110)) - using custom profile for table: deletedBlocks
2019-09-12 10:21:14,189 [main] INFO  db.DBStoreBuilder (DBStoreBuilder.java:processTables(161)) - Using default column profile:DBProfile.DISK for Table:deletedBlocks
2019-09-12 10:21:14,189 [main] INFO  db.DBStoreBuilder (DBStoreBuilder.java:addTable(110)) - using custom profile for table: validCerts
2019-09-12 10:21:14,190 [main] INFO  db.DBStoreBuilder (DBStoreBuilder.java:processTables(161)) - Using default column profile:DBProfile.DISK for Table:validCerts
2019-09-12 10:21:14,190 [main] INFO  db.DBStoreBuilder (DBStoreBuilder.java:addTable(110)) - using custom profile for table: revokedCerts
2019-09-12 10:21:14,190 [main] INFO  db.DBStoreBuilder (DBStoreBuilder.java:processTables(161)) - Using default column profile:DBProfile.DISK for Table:revokedCerts
2019-09-12 10:21:14,209 [main] INFO  db.DBStoreBuilder (DBStoreBuilder.java:addTable(110)) - using custom profile for table: default
2019-09-12 10:21:14,210 [main] INFO  db.DBStoreBuilder (DBStoreBuilder.java:processTables(167)) - Using default column profile:DBProfile.DISK for Table:default
2019-09-12 10:21:14,212 [main] INFO  db.DBStoreBuilder (DBStoreBuilder.java:getDbProfile(198)) - Using default options. DBProfile.DISK
2019-09-12 10:21:14,413 [main] INFO  net.NodeSchemaLoader (NodeSchemaLoader.java:loadSchemaFromFile(125)) - Loading file from sun.misc.CompoundEnumeration@7722c3c3
2019-09-12 10:21:14,417 [main] INFO  net.NodeSchemaLoader (NodeSchemaLoader.java:loadSchema(171)) - Loading network topology layer schema file
2019-09-12 10:21:14,500 [main] INFO  node.SCMNodeManager (SCMNodeManager.java:<init>(121)) - Entering startup safe mode.
2019-09-12 10:21:14,576 [main] INFO  algorithms.ContainerPlacementPolicyFactory (ContainerPlacementPolicyFactory.java:getPolicy(56)) - Create container placement policy of type org.apache.hadoop.hdds.scm.container.placement.algorithms.SCMContainerPlacementRandom
2019-09-12 10:21:14,592 [main] WARN  server.ServerUtils (ServerUtils.java:getScmDbDir(145)) - ozone.scm.db.dirs is not configured. We recommend adding this setting. Falling back to ozone.metadata.dirs instead.
2019-09-12 10:21:14,653 [main] INFO  pipeline.SCMPipelineManager (SCMPipelineManager.java:initializePipelineState(126)) - No pipeline exists in current db
2019-09-12 10:21:14,655 [main] WARN  server.ServerUtils (ServerUtils.java:getScmDbDir(145)) - ozone.scm.db.dirs is not configured. We recommend adding this setting. Falling back to ozone.metadata.dirs instead.
2019-09-12 10:21:14,776 [main] WARN  events.EventQueue (EventQueue.java:fireEvent(175)) - No event handler registered for event TypedEvent{payloadType=SafeModeStatus, name='SafeModeStatus'}
2019-09-12 10:21:15,340 [main] INFO  ipc.CallQueueManager (CallQueueManager.java:<init>(84)) - Using callQueue: class java.util.concurrent.LinkedBlockingQueue, queueCapacity: 2000, scheduler: class org.apache.hadoop.ipc.DefaultRpcScheduler, ipcBackoff: false.
2019-09-12 10:21:15,708 [Socket Reader #1 for port 42502] INFO  ipc.Server (Server.java:run(1074)) - Starting Socket Reader #1 for port 42502
2019-09-12 10:21:15,738 [main] INFO  ipc.CallQueueManager (CallQueueManager.java:<init>(84)) - Using callQueue: class java.util.concurrent.LinkedBlockingQueue, queueCapacity: 2000, scheduler: class org.apache.hadoop.ipc.DefaultRpcScheduler, ipcBackoff: false.
2019-09-12 10:21:15,739 [Socket Reader #1 for port 32931] INFO  ipc.Server (Server.java:run(1074)) - Starting Socket Reader #1 for port 32931
2019-09-12 10:21:15,748 [main] INFO  ipc.CallQueueManager (CallQueueManager.java:<init>(84)) - Using callQueue: class java.util.concurrent.LinkedBlockingQueue, queueCapacity: 2000, scheduler: class org.apache.hadoop.ipc.DefaultRpcScheduler, ipcBackoff: false.
2019-09-12 10:21:15,748 [Socket Reader #1 for port 40598] INFO  ipc.Server (Server.java:run(1074)) - Starting Socket Reader #1 for port 40598
2019-09-12 10:21:15,771 [main] INFO  hdfs.DFSUtil (DFSUtil.java:httpServerTemplateForNNAndJN(1641)) - Starting Web-server for scm at: http://0.0.0.0:0
2019-09-12 10:21:15,971 [main] INFO  server.AuthenticationFilter (AuthenticationFilter.java:constructSecretProvider(240)) - Unable to initialize FileSignerSecretProvider, falling back to use random secrets.
2019-09-12 10:21:15,984 [main] WARN  http.HttpRequestLog (HttpRequestLog.java:getRequestLog(97)) - Jetty request log can only be enabled using Log4j
2019-09-12 10:21:15,996 [main] INFO  http.HttpServer2 (HttpServer2.java:addGlobalFilter(975)) - Added global filter 'safety' (class=org.apache.hadoop.http.HttpServer2$QuotingInputFilter)
2019-09-12 10:21:16,000 [main] INFO  http.HttpServer2 (HttpServer2.java:addFilter(948)) - Added filter static_user_filter (class=org.apache.hadoop.http.lib.StaticUserWebFilter$StaticUserFilter) to context scm
2019-09-12 10:21:16,000 [main] INFO  http.HttpServer2 (HttpServer2.java:addFilter(958)) - Added filter static_user_filter (class=org.apache.hadoop.http.lib.StaticUserWebFilter$StaticUserFilter) to context logs
2019-09-12 10:21:16,000 [main] INFO  http.HttpServer2 (HttpServer2.java:addFilter(958)) - Added filter static_user_filter (class=org.apache.hadoop.http.lib.StaticUserWebFilter$StaticUserFilter) to context static
2019-09-12 10:21:16,037 [main] INFO  server.StorageContainerManager (StorageContainerManager.java:start(759)) - StorageContainerLocationProtocol RPC server is listening at /0.0.0.0:40598
2019-09-12 10:21:16,130 [main] WARN  impl.MetricsConfig (MetricsConfig.java:loadFirst(134)) - Cannot locate configuration: tried hadoop-metrics2-storagecontainermanager.properties,hadoop-metrics2.properties
2019-09-12 10:21:16,146 [main] INFO  impl.MetricsSystemImpl (MetricsSystemImpl.java:startTimer(374)) - Scheduled Metric snapshot period at 10 second(s).
2019-09-12 10:21:16,146 [main] INFO  impl.MetricsSystemImpl (MetricsSystemImpl.java:start(191)) - StorageContainerManager metrics system started
2019-09-12 10:21:16,412 [main] INFO  server.SCMClientProtocolServer (SCMClientProtocolServer.java:start(151)) - RPC server for Client  is listening at /0.0.0.0:40598
2019-09-12 10:21:16,413 [IPC Server Responder] INFO  ipc.Server (Server.java:run(1314)) - IPC Server Responder: starting
2019-09-12 10:21:16,413 [IPC Server listener on 40598] INFO  ipc.Server (Server.java:run(1153)) - IPC Server listener on 40598: starting
2019-09-12 10:21:16,416 [main] INFO  server.StorageContainerManager (StorageContainerManager.java:start(769)) - ScmBlockLocationProtocol RPC server is listening at /0.0.0.0:32931
2019-09-12 10:21:16,416 [main] INFO  server.SCMBlockProtocolServer (SCMBlockProtocolServer.java:start(140)) - RPC server for Block Protocol is listening at /0.0.0.0:32931
2019-09-12 10:21:16,417 [IPC Server Responder] INFO  ipc.Server (Server.java:run(1314)) - IPC Server Responder: starting
2019-09-12 10:21:16,417 [IPC Server listener on 32931] INFO  ipc.Server (Server.java:run(1153)) - IPC Server listener on 32931: starting
2019-09-12 10:21:16,419 [main] INFO  server.StorageContainerManager (StorageContainerManager.java:start(773)) - ScmDatanodeProtocl RPC server is listening at /0.0.0.0:42502
2019-09-12 10:21:16,420 [main] INFO  server.SCMDatanodeProtocolServer (SCMDatanodeProtocolServer.java:start(191)) - RPC server for DataNodes is listening at /0.0.0.0:42502
2019-09-12 10:21:16,420 [IPC Server Responder] INFO  ipc.Server (Server.java:run(1314)) - IPC Server Responder: starting
2019-09-12 10:21:16,420 [IPC Server listener on 42502] INFO  ipc.Server (Server.java:run(1153)) - IPC Server listener on 42502: starting
2019-09-12 10:21:16,424 [main] INFO  http.HttpServer2 (HttpServer2.java:bindListener(1191)) - Jetty bound to port 34963
2019-09-12 10:21:16,427 [main] INFO  server.Server (Server.java:doStart(351)) - jetty-9.3.24.v20180605, build timestamp: 2018-06-05T17:11:56Z, git hash: 84205aa28f11a4f31f2a3b86d1bba2cc8ab69827
2019-09-12 10:21:16,465 [main] INFO  handler.ContextHandler (ContextHandler.java:doStart(781)) - Started o.e.j.s.ServletContextHandler@2e9fda69{/logs,file:///workdir/hadoop-ozone/integration-test/target/log,AVAILABLE}
2019-09-12 10:21:16,466 [main] INFO  handler.ContextHandler (ContextHandler.java:doStart(781)) - Started o.e.j.s.ServletContextHandler@1755e85b{/static,file:///workdir/hadoop-ozone/integration-test/target/test-classes/webapps/static,AVAILABLE}
2019-09-12 10:21:16,500 [main] INFO  handler.ContextHandler (ContextHandler.java:doStart(781)) - Started o.e.j.w.WebAppContext@2ca47471{/,file:///workdir/hadoop-ozone/integration-test/target/test-classes/webapps/scm/,AVAILABLE}{/scm}
2019-09-12 10:21:16,506 [main] INFO  server.AbstractConnector (AbstractConnector.java:doStart(278)) - Started ServerConnector@26b894bd{HTTP/1.1,[http/1.1]}{0.0.0.0:34963}
2019-09-12 10:21:16,507 [main] INFO  server.Server (Server.java:doStart(419)) - Started @3335ms
2019-09-12 10:21:16,508 [main] INFO  server.BaseHttpServer (BaseHttpServer.java:updateConnectorAddress(213)) - HTTP server of SCM is listening at http://0.0.0.0:34963
2019-09-12 10:21:16,516 [org.apache.hadoop.util.JvmPauseMonitor$Monitor@72efb5c1] INFO  util.JvmPauseMonitor (JvmPauseMonitor.java:run(188)) - Starting JVM pause monitor
2019-09-12 10:21:16,521 [main] WARN  server.ServerUtils (ServerUtils.java:getDBPath(222)) - ozone.om.db.dirs is not configured. We recommend adding this setting. Falling back to ozone.metadata.dirs instead.
2019-09-12 10:21:16,648 [main] WARN  server.ServerUtils (ServerUtils.java:getDBPath(222)) - ozone.om.db.dirs is not configured. We recommend adding this setting. Falling back to ozone.metadata.dirs instead.
2019-09-12 10:21:16,649 [main] WARN  server.ServerUtils (ServerUtils.java:getDBPath(222)) - ozone.om.db.dirs is not configured. We recommend adding this setting. Falling back to ozone.metadata.dirs instead.
2019-09-12 10:21:16,650 [main] INFO  om.OzoneManager (OzoneManager.java:setOMNodeDetails(645)) - OM Service ID is not set. Setting it to the default ID: omServiceIdDefault
2019-09-12 10:21:16,650 [main] INFO  om.OzoneManager (OzoneManager.java:setOMNodeDetails(651)) - OM Node ID is not set. Setting it to the OmStorage's OmID: 616b7c18-442a-4c94-8802-3c754eeabca1
2019-09-12 10:21:16,652 [main] INFO  om.OzoneManager (OzoneManager.java:loadOMHAConfigs(602)) - Found matching OM address with OMServiceId: null, OMNodeId: null, RPC Address: localhost:0 and Ratis port: 9872
2019-09-12 10:21:16,922 | INFO  | SCMAudit | user=jenkins1000 | ip=192.168.157.195 | op=GET_SCM_INFO null | ret=SUCCESS |  
2019-09-12 10:21:17,408 [main] WARN  server.ServerUtils (ServerUtils.java:getDBPath(222)) - ozone.om.db.dirs is not configured. We recommend adding this setting. Falling back to ozone.metadata.dirs instead.
2019-09-12 10:21:17,416 [main] INFO  db.DBStoreBuilder (DBStoreBuilder.java:addTable(110)) - using custom profile for table: userTable
2019-09-12 10:21:17,416 [main] INFO  db.DBStoreBuilder (DBStoreBuilder.java:processTables(161)) - Using default column profile:DBProfile.DISK for Table:userTable
2019-09-12 10:21:17,416 [main] INFO  db.DBStoreBuilder (DBStoreBuilder.java:addTable(110)) - using custom profile for table: volumeTable
2019-09-12 10:21:17,416 [main] INFO  db.DBStoreBuilder (DBStoreBuilder.java:processTables(161)) - Using default column profile:DBProfile.DISK for Table:volumeTable
2019-09-12 10:21:17,417 [main] INFO  db.DBStoreBuilder (DBStoreBuilder.java:addTable(110)) - using custom profile for table: bucketTable
2019-09-12 10:21:17,417 [main] INFO  db.DBStoreBuilder (DBStoreBuilder.java:processTables(161)) - Using default column profile:DBProfile.DISK for Table:bucketTable
2019-09-12 10:21:17,417 [main] INFO  db.DBStoreBuilder (DBStoreBuilder.java:addTable(110)) - using custom profile for table: keyTable
2019-09-12 10:21:17,417 [main] INFO  db.DBStoreBuilder (DBStoreBuilder.java:processTables(161)) - Using default column profile:DBProfile.DISK for Table:keyTable
2019-09-12 10:21:17,418 [main] INFO  db.DBStoreBuilder (DBStoreBuilder.java:addTable(110)) - using custom profile for table: deletedTable
2019-09-12 10:21:17,418 [main] INFO  db.DBStoreBuilder (DBStoreBuilder.java:processTables(161)) - Using default column profile:DBProfile.DISK for Table:deletedTable
2019-09-12 10:21:17,418 [main] INFO  db.DBStoreBuilder (DBStoreBuilder.java:addTable(110)) - using custom profile for table: openKeyTable
2019-09-12 10:21:17,418 [main] INFO  db.DBStoreBuilder (DBStoreBuilder.java:processTables(161)) - Using default column profile:DBProfile.DISK for Table:openKeyTable
2019-09-12 10:21:17,419 [main] INFO  db.DBStoreBuilder (DBStoreBuilder.java:addTable(110)) - using custom profile for table: s3Table
2019-09-12 10:21:17,419 [main] INFO  db.DBStoreBuilder (DBStoreBuilder.java:processTables(161)) - Using default column profile:DBProfile.DISK for Table:s3Table
2019-09-12 10:21:17,419 [main] INFO  db.DBStoreBuilder (DBStoreBuilder.java:addTable(110)) - using custom profile for table: multipartInfoTable
2019-09-12 10:21:17,419 [main] INFO  db.DBStoreBuilder (DBStoreBuilder.java:processTables(161)) - Using default column profile:DBProfile.DISK for Table:multipartInfoTable
2019-09-12 10:21:17,420 [main] INFO  db.DBStoreBuilder (DBStoreBuilder.java:addTable(110)) - using custom profile for table: dTokenTable
2019-09-12 10:21:17,420 [main] INFO  db.DBStoreBuilder (DBStoreBuilder.java:processTables(161)) - Using default column profile:DBProfile.DISK for Table:dTokenTable
2019-09-12 10:21:17,420 [main] INFO  db.DBStoreBuilder (DBStoreBuilder.java:addTable(110)) - using custom profile for table: s3SecretTable
2019-09-12 10:21:17,420 [main] INFO  db.DBStoreBuilder (DBStoreBuilder.java:processTables(161)) - Using default column profile:DBProfile.DISK for Table:s3SecretTable
2019-09-12 10:21:17,421 [main] INFO  db.DBStoreBuilder (DBStoreBuilder.java:addTable(110)) - using custom profile for table: prefixTable
2019-09-12 10:21:17,421 [main] INFO  db.DBStoreBuilder (DBStoreBuilder.java:processTables(161)) - Using default column profile:DBProfile.DISK for Table:prefixTable
2019-09-12 10:21:17,421 [main] INFO  db.DBStoreBuilder (DBStoreBuilder.java:addTable(110)) - using custom profile for table: default
2019-09-12 10:21:17,421 [main] INFO  db.DBStoreBuilder (DBStoreBuilder.java:processTables(167)) - Using default column profile:DBProfile.DISK for Table:default
2019-09-12 10:21:17,421 [main] INFO  db.DBStoreBuilder (DBStoreBuilder.java:getDbProfile(198)) - Using default options. DBProfile.DISK
2019-09-12 10:21:17,901 [main] INFO  ipc.CallQueueManager (CallQueueManager.java:<init>(84)) - Using callQueue: class java.util.concurrent.LinkedBlockingQueue, queueCapacity: 2000, scheduler: class org.apache.hadoop.ipc.DefaultRpcScheduler, ipcBackoff: false.
2019-09-12 10:21:17,902 [Socket Reader #1 for port 44416] INFO  ipc.Server (Server.java:run(1074)) - Starting Socket Reader #1 for port 44416
2019-09-12 10:21:17,934 [main] INFO  om.OzoneManager (OzoneManager.java:start(1256)) - OzoneManager RPC server is listening at localhost/127.0.0.1:44416
2019-09-12 10:21:17,934 [main] INFO  impl.MetricsSystemImpl (MetricsSystemImpl.java:init(158)) - OzoneManager metrics system started (again)
2019-09-12 10:21:17,935 [IPC Server Responder] INFO  ipc.Server (Server.java:run(1314)) - IPC Server Responder: starting
2019-09-12 10:21:17,935 [IPC Server listener on 44416] INFO  ipc.Server (Server.java:run(1153)) - IPC Server listener on 44416: starting
2019-09-12 10:21:17,942 [main] INFO  hdfs.DFSUtil (DFSUtil.java:httpServerTemplateForNNAndJN(1641)) - Starting Web-server for ozoneManager at: http://0.0.0.0:0
2019-09-12 10:21:17,945 [main] INFO  server.AuthenticationFilter (AuthenticationFilter.java:constructSecretProvider(240)) - Unable to initialize FileSignerSecretProvider, falling back to use random secrets.
2019-09-12 10:21:17,946 [main] WARN  http.HttpRequestLog (HttpRequestLog.java:getRequestLog(97)) - Jetty request log can only be enabled using Log4j
2019-09-12 10:21:17,949 [main] INFO  http.HttpServer2 (HttpServer2.java:addGlobalFilter(975)) - Added global filter 'safety' (class=org.apache.hadoop.http.HttpServer2$QuotingInputFilter)
2019-09-12 10:21:17,950 [main] INFO  http.HttpServer2 (HttpServer2.java:addFilter(948)) - Added filter static_user_filter (class=org.apache.hadoop.http.lib.StaticUserWebFilter$StaticUserFilter) to context ozoneManager
2019-09-12 10:21:17,951 [main] INFO  http.HttpServer2 (HttpServer2.java:addFilter(958)) - Added filter static_user_filter (class=org.apache.hadoop.http.lib.StaticUserWebFilter$StaticUserFilter) to context logs
2019-09-12 10:21:17,951 [main] INFO  http.HttpServer2 (HttpServer2.java:addFilter(958)) - Added filter static_user_filter (class=org.apache.hadoop.http.lib.StaticUserWebFilter$StaticUserFilter) to context static
2019-09-12 10:21:17,954 [main] INFO  http.HttpServer2 (HttpServer2.java:bindListener(1191)) - Jetty bound to port 37415
2019-09-12 10:21:17,955 [main] INFO  server.Server (Server.java:doStart(351)) - jetty-9.3.24.v20180605, build timestamp: 2018-06-05T17:11:56Z, git hash: 84205aa28f11a4f31f2a3b86d1bba2cc8ab69827
2019-09-12 10:21:17,957 [main] INFO  handler.ContextHandler (ContextHandler.java:doStart(781)) - Started o.e.j.s.ServletContextHandler@6a10b263{/logs,file:///workdir/hadoop-ozone/integration-test/target/log,AVAILABLE}
2019-09-12 10:21:17,958 [main] INFO  handler.ContextHandler (ContextHandler.java:doStart(781)) - Started o.e.j.s.ServletContextHandler@325bb9a6{/static,file:///workdir/hadoop-ozone/integration-test/target/test-classes/webapps/static,AVAILABLE}
2019-09-12 10:21:17,966 [main] INFO  handler.ContextHandler (ContextHandler.java:doStart(781)) - Started o.e.j.w.WebAppContext@13047d7d{/,file:///workdir/hadoop-ozone/integration-test/target/test-classes/webapps/ozoneManager/,AVAILABLE}{/ozoneManager}
2019-09-12 10:21:17,967 [main] INFO  server.AbstractConnector (AbstractConnector.java:doStart(278)) - Started ServerConnector@3c7cfcbb{HTTP/1.1,[http/1.1]}{0.0.0.0:37415}
2019-09-12 10:21:17,968 [main] INFO  server.Server (Server.java:doStart(419)) - Started @4796ms
2019-09-12 10:21:17,969 [main] INFO  server.BaseHttpServer (BaseHttpServer.java:updateConnectorAddress(213)) - HTTP server of OZONEMANAGER is listening at http://0.0.0.0:37415
2019-09-12 10:21:18,382 [main] INFO  impl.MetricsSystemImpl (MetricsSystemImpl.java:init(158)) - HddsDatanode metrics system started (again)
2019-09-12 10:21:18,472 [main] INFO  ozone.HddsDatanodeService (HddsDatanodeService.java:start(184)) - HddsDatanodeService host:pr-hdds-1569-xtfnx-3545843844 ip:192.168.157.195
2019-09-12 10:21:18,505 [main] INFO  volume.HddsVolume (HddsVolume.java:<init>(176)) - Creating Volume: /workdir/hadoop-ozone/integration-test/target/test-dir/MiniOzoneClusterImpl-8a368e31-8812-42c3-a9b0-be5bfd809ffd/datanode-0/data/containers/hdds of  storage type : DISK and capacity : 1482555576320
2019-09-12 10:21:18,507 [main] INFO  volume.VolumeSet (VolumeSet.java:initializeVolumeSet(170)) - Added Volume : /workdir/hadoop-ozone/integration-test/target/test-dir/MiniOzoneClusterImpl-8a368e31-8812-42c3-a9b0-be5bfd809ffd/datanode-0/data/containers/hdds to VolumeSet
2019-09-12 10:21:18,510 [main] INFO  volume.ThrottledAsyncChecker (ThrottledAsyncChecker.java:schedule(140)) - Scheduling a check for org.apache.hadoop.ozone.container.common.volume.HddsVolume@de77232
2019-09-12 10:21:18,527 [main] INFO  volume.HddsVolumeChecker (HddsVolumeChecker.java:checkAllVolumes(203)) - Scheduled health check for volume org.apache.hadoop.ozone.container.common.volume.HddsVolume@de77232
2019-09-12 10:21:18,634 [main] INFO  impl.RaftServerProxy (ConfUtils.java:logGet(43)) - raft.rpc.type = GRPC (default)
2019-09-12 10:21:18,698 [main] INFO  grpc.GrpcFactory (GrpcFactory.java:checkPooledByteBufAllocatorUseCacheForAllThreads(45)) - PERFORMANCE WARNING: useCacheForAllThreads is true that may cause Netty to create a lot garbage objects and, as a result, trigger GC.
	It is recommended to disable useCacheForAllThreads by setting -Dorg.apache.ratis.thirdparty.io.netty.allocator.useCacheForAllThreads=false in command line.
2019-09-12 10:21:18,705 [main] INFO  grpc.GrpcConfigKeys$Server (ConfUtils.java:logGet(43)) - raft.grpc.server.port = 0 (default)
2019-09-12 10:21:18,706 [main] INFO  server.GrpcService (ConfUtils.java:logGet(43)) - raft.grpc.message.size.max = 33570816 (custom)
2019-09-12 10:21:18,707 [main] INFO  server.RaftServerConfigKeys (ConfUtils.java:logGet(43)) - raft.server.log.appender.buffer.byte-limit = 33554432 (custom)
2019-09-12 10:21:18,708 [main] INFO  server.GrpcService (ConfUtils.java:logGet(43)) - raft.grpc.flow.control.window = 1MB (=1048576) (default)
2019-09-12 10:21:18,708 [main] INFO  server.RaftServerConfigKeys (ConfUtils.java:logGet(43)) - raft.server.rpc.request.timeout = 3000ms (default)
2019-09-12 10:21:18,863 [main] INFO  server.RaftServerConfigKeys (ConfUtils.java:logGet(43)) - raft.server.storage.dir = [/workdir/hadoop-ozone/integration-test/target/test-dir/MiniOzoneClusterImpl-8a368e31-8812-42c3-a9b0-be5bfd809ffd/datanode-0/data/ratis] (custom)
2019-09-12 10:21:18,898 [main] INFO  replication.SimpleContainerDownloader (SimpleContainerDownloader.java:<init>(72)) - Starting container downloader service to copy containers to replicate.
2019-09-12 10:21:18,911 [main] INFO  hdfs.DFSUtil (DFSUtil.java:httpServerTemplateForNNAndJN(1641)) - Starting Web-server for hddsDatanode at: http://0.0.0.0:0
2019-09-12 10:21:18,914 [main] INFO  server.AuthenticationFilter (AuthenticationFilter.java:constructSecretProvider(240)) - Unable to initialize FileSignerSecretProvider, falling back to use random secrets.
2019-09-12 10:21:18,915 [main] WARN  http.HttpRequestLog (HttpRequestLog.java:getRequestLog(97)) - Jetty request log can only be enabled using Log4j
2019-09-12 10:21:18,917 [main] INFO  http.HttpServer2 (HttpServer2.java:addGlobalFilter(975)) - Added global filter 'safety' (class=org.apache.hadoop.http.HttpServer2$QuotingInputFilter)
2019-09-12 10:21:18,918 [main] INFO  http.HttpServer2 (HttpServer2.java:addFilter(948)) - Added filter static_user_filter (class=org.apache.hadoop.http.lib.StaticUserWebFilter$StaticUserFilter) to context hddsDatanode
2019-09-12 10:21:18,918 [main] INFO  http.HttpServer2 (HttpServer2.java:addFilter(958)) - Added filter static_user_filter (class=org.apache.hadoop.http.lib.StaticUserWebFilter$StaticUserFilter) to context logs
2019-09-12 10:21:18,918 [main] INFO  http.HttpServer2 (HttpServer2.java:addFilter(958)) - Added filter static_user_filter (class=org.apache.hadoop.http.lib.StaticUserWebFilter$StaticUserFilter) to context static
2019-09-12 10:21:18,920 [main] INFO  http.HttpServer2 (HttpServer2.java:bindListener(1191)) - Jetty bound to port 40088
2019-09-12 10:21:18,920 [main] INFO  server.Server (Server.java:doStart(351)) - jetty-9.3.24.v20180605, build timestamp: 2018-06-05T17:11:56Z, git hash: 84205aa28f11a4f31f2a3b86d1bba2cc8ab69827
2019-09-12 10:21:18,923 [main] INFO  handler.ContextHandler (ContextHandler.java:doStart(781)) - Started o.e.j.s.ServletContextHandler@39a87e72{/logs,file:///workdir/hadoop-ozone/integration-test/target/log,AVAILABLE}
2019-09-12 10:21:18,923 [main] INFO  handler.ContextHandler (ContextHandler.java:doStart(781)) - Started o.e.j.s.ServletContextHandler@3a082ff4{/static,jar:file:/home/user/.m2/repository/org/apache/hadoop/hadoop-hdds-container-service/0.5.0-SNAPSHOT/hadoop-hdds-container-service-0.5.0-SNAPSHOT.jar!/webapps/static,AVAILABLE}
2019-09-12 10:21:18,958 [main] INFO  handler.ContextHandler (ContextHandler.java:doStart(781)) - Started o.e.j.w.WebAppContext@c755b2{/,file:///tmp/jetty-0.0.0.0-40088-hddsDatanode-_-any-6330750299960750497.dir/webapp/,AVAILABLE}{/hddsDatanode}
2019-09-12 10:21:18,959 [main] INFO  server.AbstractConnector (AbstractConnector.java:doStart(278)) - Started ServerConnector@3bd2af5b{HTTP/1.1,[http/1.1]}{0.0.0.0:40088}
2019-09-12 10:21:18,960 [main] INFO  server.Server (Server.java:doStart(419)) - Started @5788ms
2019-09-12 10:21:18,962 [main] INFO  server.BaseHttpServer (BaseHttpServer.java:updateConnectorAddress(213)) - HTTP server of HDDSDATANODE is listening at http://0.0.0.0:40088
2019-09-12 10:21:19,946 | INFO  | ObjectStoreRestHttpServer | Listening HDDS REST traffic on /0.0.0.0:34573 |  
2019-09-12 10:21:19,948 [main] INFO  ozone.HddsDatanodeService (HddsDatanodeService.java:startPlugins(395)) - Started plug-in org.apache.hadoop.ozone.web.OzoneHddsDatanodeService@261b9a37
2019-09-12 10:21:19,949 [main] INFO  impl.MetricsSystemImpl (MetricsSystemImpl.java:init(158)) - HddsDatanode metrics system started (again)
2019-09-12 10:21:19,952 [main] INFO  ozone.HddsDatanodeService (HddsDatanodeService.java:start(184)) - HddsDatanodeService host:pr-hdds-1569-xtfnx-3545843844 ip:192.168.157.195
2019-09-12 10:21:19,956 [org.apache.hadoop.util.JvmPauseMonitor$Monitor@43bb2399] INFO  util.JvmPauseMonitor (JvmPauseMonitor.java:run(188)) - Starting JVM pause monitor
2019-09-12 10:21:19,961 [main] INFO  volume.HddsVolume (HddsVolume.java:<init>(176)) - Creating Volume: /workdir/hadoop-ozone/integration-test/target/test-dir/MiniOzoneClusterImpl-8a368e31-8812-42c3-a9b0-be5bfd809ffd/datanode-1/data/containers/hdds of  storage type : DISK and capacity : 1482555576320
2019-09-12 10:21:19,961 [main] INFO  volume.VolumeSet (VolumeSet.java:initializeVolumeSet(170)) - Added Volume : /workdir/hadoop-ozone/integration-test/target/test-dir/MiniOzoneClusterImpl-8a368e31-8812-42c3-a9b0-be5bfd809ffd/datanode-1/data/containers/hdds to VolumeSet
2019-09-12 10:21:19,961 [main] INFO  volume.ThrottledAsyncChecker (ThrottledAsyncChecker.java:schedule(140)) - Scheduling a check for org.apache.hadoop.ozone.container.common.volume.HddsVolume@100aa331
2019-09-12 10:21:19,963 [main] INFO  volume.HddsVolumeChecker (HddsVolumeChecker.java:checkAllVolumes(203)) - Scheduled health check for volume org.apache.hadoop.ozone.container.common.volume.HddsVolume@100aa331
2019-09-12 10:21:19,981 [main] INFO  impl.RaftServerProxy (ConfUtils.java:logGet(43)) - raft.rpc.type = GRPC (default)
2019-09-12 10:21:19,982 [main] INFO  grpc.GrpcFactory (GrpcFactory.java:checkPooledByteBufAllocatorUseCacheForAllThreads(45)) - PERFORMANCE WARNING: useCacheForAllThreads is true that may cause Netty to create a lot garbage objects and, as a result, trigger GC.
	It is recommended to disable useCacheForAllThreads by setting -Dorg.apache.ratis.thirdparty.io.netty.allocator.useCacheForAllThreads=false in command line.
2019-09-12 10:21:19,982 [main] INFO  grpc.GrpcConfigKeys$Server (ConfUtils.java:logGet(43)) - raft.grpc.server.port = 0 (default)
2019-09-12 10:21:19,982 [main] INFO  server.GrpcService (ConfUtils.java:logGet(43)) - raft.grpc.message.size.max = 33570816 (custom)
2019-09-12 10:21:19,983 [main] INFO  server.RaftServerConfigKeys (ConfUtils.java:logGet(43)) - raft.server.log.appender.buffer.byte-limit = 33554432 (custom)
2019-09-12 10:21:19,983 [main] INFO  server.GrpcService (ConfUtils.java:logGet(43)) - raft.grpc.flow.control.window = 1MB (=1048576) (default)
2019-09-12 10:21:19,983 [main] INFO  server.RaftServerConfigKeys (ConfUtils.java:logGet(43)) - raft.server.rpc.request.timeout = 3000ms (default)
2019-09-12 10:21:19,984 [main] INFO  server.RaftServerConfigKeys (ConfUtils.java:logGet(43)) - raft.server.storage.dir = [/workdir/hadoop-ozone/integration-test/target/test-dir/MiniOzoneClusterImpl-8a368e31-8812-42c3-a9b0-be5bfd809ffd/datanode-1/data/ratis] (custom)
2019-09-12 10:21:19,984 [main] INFO  replication.SimpleContainerDownloader (SimpleContainerDownloader.java:<init>(72)) - Starting container downloader service to copy containers to replicate.
2019-09-12 10:21:19,987 [main] INFO  hdfs.DFSUtil (DFSUtil.java:httpServerTemplateForNNAndJN(1641)) - Starting Web-server for hddsDatanode at: http://0.0.0.0:0
2019-09-12 10:21:19,990 [main] INFO  server.AuthenticationFilter (AuthenticationFilter.java:constructSecretProvider(240)) - Unable to initialize FileSignerSecretProvider, falling back to use random secrets.
2019-09-12 10:21:19,991 [main] WARN  http.HttpRequestLog (HttpRequestLog.java:getRequestLog(97)) - Jetty request log can only be enabled using Log4j
2019-09-12 10:21:19,994 [main] INFO  http.HttpServer2 (HttpServer2.java:addGlobalFilter(975)) - Added global filter 'safety' (class=org.apache.hadoop.http.HttpServer2$QuotingInputFilter)
2019-09-12 10:21:19,996 [main] INFO  http.HttpServer2 (HttpServer2.java:addFilter(948)) - Added filter static_user_filter (class=org.apache.hadoop.http.lib.StaticUserWebFilter$StaticUserFilter) to context hddsDatanode
2019-09-12 10:21:19,996 [main] INFO  http.HttpServer2 (HttpServer2.java:addFilter(958)) - Added filter static_user_filter (class=org.apache.hadoop.http.lib.StaticUserWebFilter$StaticUserFilter) to context static
2019-09-12 10:21:19,996 [main] INFO  http.HttpServer2 (HttpServer2.java:addFilter(958)) - Added filter static_user_filter (class=org.apache.hadoop.http.lib.StaticUserWebFilter$StaticUserFilter) to context logs
2019-09-12 10:21:19,998 [main] INFO  http.HttpServer2 (HttpServer2.java:bindListener(1191)) - Jetty bound to port 44782
2019-09-12 10:21:19,998 [main] INFO  server.Server (Server.java:doStart(351)) - jetty-9.3.24.v20180605, build timestamp: 2018-06-05T17:11:56Z, git hash: 84205aa28f11a4f31f2a3b86d1bba2cc8ab69827
2019-09-12 10:21:20,002 [main] INFO  handler.ContextHandler (ContextHandler.java:doStart(781)) - Started o.e.j.s.ServletContextHandler@6f731759{/logs,file:///workdir/hadoop-ozone/integration-test/target/log,AVAILABLE}
2019-09-12 10:21:20,003 [main] INFO  handler.ContextHandler (ContextHandler.java:doStart(781)) - Started o.e.j.s.ServletContextHandler@39549f33{/static,jar:file:/home/user/.m2/repository/org/apache/hadoop/hadoop-hdds-container-service/0.5.0-SNAPSHOT/hadoop-hdds-container-service-0.5.0-SNAPSHOT.jar!/webapps/static,AVAILABLE}
2019-09-12 10:21:20,047 [main] INFO  handler.ContextHandler (ContextHandler.java:doStart(781)) - Started o.e.j.w.WebAppContext@6ee88e21{/,file:///tmp/jetty-0.0.0.0-44782-hddsDatanode-_-any-8845235107947773335.dir/webapp/,AVAILABLE}{/hddsDatanode}
2019-09-12 10:21:20,048 [main] INFO  server.AbstractConnector (AbstractConnector.java:doStart(278)) - Started ServerConnector@78d23d6a{HTTP/1.1,[http/1.1]}{0.0.0.0:44782}
2019-09-12 10:21:20,050 [main] INFO  server.Server (Server.java:doStart(419)) - Started @6878ms
2019-09-12 10:21:20,051 [main] INFO  server.BaseHttpServer (BaseHttpServer.java:updateConnectorAddress(213)) - HTTP server of HDDSDATANODE is listening at http://0.0.0.0:44782
2019-09-12 10:21:20,086 [Datanode State Machine Thread - 0] INFO  datanode.InitDatanodeState (InitDatanodeState.java:persistContainerDatanodeDetails(140)) - DatanodeDetails is persisted to /workdir/hadoop-ozone/integration-test/target/test-dir/MiniOzoneClusterImpl-8a368e31-8812-42c3-a9b0-be5bfd809ffd/datanode-0/meta/datanode.id
2019-09-12 10:21:20,190 | INFO  | ObjectStoreRestHttpServer | Listening HDDS REST traffic on /0.0.0.0:46850 |  
2019-09-12 10:21:20,190 [main] INFO  ozone.HddsDatanodeService (HddsDatanodeService.java:startPlugins(395)) - Started plug-in org.apache.hadoop.ozone.web.OzoneHddsDatanodeService@269222ae
2019-09-12 10:21:20,190 [main] INFO  impl.MetricsSystemImpl (MetricsSystemImpl.java:init(158)) - HddsDatanode metrics system started (again)
2019-09-12 10:21:20,193 [main] INFO  ozone.HddsDatanodeService (HddsDatanodeService.java:start(184)) - HddsDatanodeService host:pr-hdds-1569-xtfnx-3545843844 ip:192.168.157.195
2019-09-12 10:21:20,193 [org.apache.hadoop.util.JvmPauseMonitor$Monitor@4659383] INFO  util.JvmPauseMonitor (JvmPauseMonitor.java:run(188)) - Starting JVM pause monitor
2019-09-12 10:21:20,203 [main] INFO  volume.HddsVolume (HddsVolume.java:<init>(176)) - Creating Volume: /workdir/hadoop-ozone/integration-test/target/test-dir/MiniOzoneClusterImpl-8a368e31-8812-42c3-a9b0-be5bfd809ffd/datanode-2/data/containers/hdds of  storage type : DISK and capacity : 1482555576320
2019-09-12 10:21:20,203 [main] INFO  volume.VolumeSet (VolumeSet.java:initializeVolumeSet(170)) - Added Volume : /workdir/hadoop-ozone/integration-test/target/test-dir/MiniOzoneClusterImpl-8a368e31-8812-42c3-a9b0-be5bfd809ffd/datanode-2/data/containers/hdds to VolumeSet
2019-09-12 10:21:20,204 [main] INFO  volume.ThrottledAsyncChecker (ThrottledAsyncChecker.java:schedule(140)) - Scheduling a check for org.apache.hadoop.ozone.container.common.volume.HddsVolume@5d1d9d73
2019-09-12 10:21:20,204 [main] INFO  volume.HddsVolumeChecker (HddsVolumeChecker.java:checkAllVolumes(203)) - Scheduled health check for volume org.apache.hadoop.ozone.container.common.volume.HddsVolume@5d1d9d73
2019-09-12 10:21:20,205 [Datanode State Machine Thread - 0] INFO  datanode.InitDatanodeState (InitDatanodeState.java:persistContainerDatanodeDetails(140)) - DatanodeDetails is persisted to /workdir/hadoop-ozone/integration-test/target/test-dir/MiniOzoneClusterImpl-8a368e31-8812-42c3-a9b0-be5bfd809ffd/datanode-1/meta/datanode.id
2019-09-12 10:21:20,221 [main] INFO  impl.RaftServerProxy (ConfUtils.java:logGet(43)) - raft.rpc.type = GRPC (default)
2019-09-12 10:21:20,222 [main] INFO  grpc.GrpcFactory (GrpcFactory.java:checkPooledByteBufAllocatorUseCacheForAllThreads(45)) - PERFORMANCE WARNING: useCacheForAllThreads is true that may cause Netty to create a lot garbage objects and, as a result, trigger GC.
	It is recommended to disable useCacheForAllThreads by setting -Dorg.apache.ratis.thirdparty.io.netty.allocator.useCacheForAllThreads=false in command line.
2019-09-12 10:21:20,222 [main] INFO  grpc.GrpcConfigKeys$Server (ConfUtils.java:logGet(43)) - raft.grpc.server.port = 0 (default)
2019-09-12 10:21:20,222 [main] INFO  server.GrpcService (ConfUtils.java:logGet(43)) - raft.grpc.message.size.max = 33570816 (custom)
2019-09-12 10:21:20,222 [main] INFO  server.RaftServerConfigKeys (ConfUtils.java:logGet(43)) - raft.server.log.appender.buffer.byte-limit = 33554432 (custom)
2019-09-12 10:21:20,222 [main] INFO  server.GrpcService (ConfUtils.java:logGet(43)) - raft.grpc.flow.control.window = 1MB (=1048576) (default)
2019-09-12 10:21:20,223 [main] INFO  server.RaftServerConfigKeys (ConfUtils.java:logGet(43)) - raft.server.rpc.request.timeout = 3000ms (default)
2019-09-12 10:21:20,223 [main] INFO  server.RaftServerConfigKeys (ConfUtils.java:logGet(43)) - raft.server.storage.dir = [/workdir/hadoop-ozone/integration-test/target/test-dir/MiniOzoneClusterImpl-8a368e31-8812-42c3-a9b0-be5bfd809ffd/datanode-2/data/ratis] (custom)
2019-09-12 10:21:20,224 [main] INFO  replication.SimpleContainerDownloader (SimpleContainerDownloader.java:<init>(72)) - Starting container downloader service to copy containers to replicate.
2019-09-12 10:21:20,225 [main] INFO  hdfs.DFSUtil (DFSUtil.java:httpServerTemplateForNNAndJN(1641)) - Starting Web-server for hddsDatanode at: http://0.0.0.0:0
2019-09-12 10:21:20,226 [main] INFO  server.AuthenticationFilter (AuthenticationFilter.java:constructSecretProvider(240)) - Unable to initialize FileSignerSecretProvider, falling back to use random secrets.
2019-09-12 10:21:20,227 [main] WARN  http.HttpRequestLog (HttpRequestLog.java:getRequestLog(97)) - Jetty request log can only be enabled using Log4j
2019-09-12 10:21:20,228 [main] INFO  http.HttpServer2 (HttpServer2.java:addGlobalFilter(975)) - Added global filter 'safety' (class=org.apache.hadoop.http.HttpServer2$QuotingInputFilter)
2019-09-12 10:21:20,229 [main] INFO  http.HttpServer2 (HttpServer2.java:addFilter(948)) - Added filter static_user_filter (class=org.apache.hadoop.http.lib.StaticUserWebFilter$StaticUserFilter) to context hddsDatanode
2019-09-12 10:21:20,229 [main] INFO  http.HttpServer2 (HttpServer2.java:addFilter(958)) - Added filter static_user_filter (class=org.apache.hadoop.http.lib.StaticUserWebFilter$StaticUserFilter) to context logs
2019-09-12 10:21:20,229 [main] INFO  http.HttpServer2 (HttpServer2.java:addFilter(958)) - Added filter static_user_filter (class=org.apache.hadoop.http.lib.StaticUserWebFilter$StaticUserFilter) to context static
2019-09-12 10:21:20,229 [main] INFO  http.HttpServer2 (HttpServer2.java:bindListener(1191)) - Jetty bound to port 36014
2019-09-12 10:21:20,230 [main] INFO  server.Server (Server.java:doStart(351)) - jetty-9.3.24.v20180605, build timestamp: 2018-06-05T17:11:56Z, git hash: 84205aa28f11a4f31f2a3b86d1bba2cc8ab69827
2019-09-12 10:21:20,231 [main] INFO  handler.ContextHandler (ContextHandler.java:doStart(781)) - Started o.e.j.s.ServletContextHandler@3709748f{/logs,file:///workdir/hadoop-ozone/integration-test/target/log,AVAILABLE}
2019-09-12 10:21:20,232 [main] INFO  handler.ContextHandler (ContextHandler.java:doStart(781)) - Started o.e.j.s.ServletContextHandler@6ef2f7ad{/static,jar:file:/home/user/.m2/repository/org/apache/hadoop/hadoop-hdds-container-service/0.5.0-SNAPSHOT/hadoop-hdds-container-service-0.5.0-SNAPSHOT.jar!/webapps/static,AVAILABLE}
2019-09-12 10:21:20,255 [main] INFO  handler.ContextHandler (ContextHandler.java:doStart(781)) - Started o.e.j.w.WebAppContext@8c43966{/,file:///tmp/jetty-0.0.0.0-36014-hddsDatanode-_-any-7641083885601984019.dir/webapp/,AVAILABLE}{/hddsDatanode}
2019-09-12 10:21:20,257 [main] INFO  server.AbstractConnector (AbstractConnector.java:doStart(278)) - Started ServerConnector@1efac5b9{HTTP/1.1,[http/1.1]}{0.0.0.0:36014}
2019-09-12 10:21:20,257 [main] INFO  server.Server (Server.java:doStart(419)) - Started @7085ms
2019-09-12 10:21:20,260 [main] INFO  server.BaseHttpServer (BaseHttpServer.java:updateConnectorAddress(213)) - HTTP server of HDDSDATANODE is listening at http://0.0.0.0:36014
2019-09-12 10:21:20,407 | INFO  | ObjectStoreRestHttpServer | Listening HDDS REST traffic on /0.0.0.0:38771 |  
2019-09-12 10:21:20,407 [main] INFO  ozone.HddsDatanodeService (HddsDatanodeService.java:startPlugins(395)) - Started plug-in org.apache.hadoop.ozone.web.OzoneHddsDatanodeService@6314df3c
2019-09-12 10:21:20,408 [main] INFO  impl.MetricsSystemImpl (MetricsSystemImpl.java:init(158)) - HddsDatanode metrics system started (again)
2019-09-12 10:21:20,411 [main] INFO  ozone.HddsDatanodeService (HddsDatanodeService.java:start(184)) - HddsDatanodeService host:pr-hdds-1569-xtfnx-3545843844 ip:192.168.157.195
2019-09-12 10:21:20,411 [org.apache.hadoop.util.JvmPauseMonitor$Monitor@56887350] INFO  util.JvmPauseMonitor (JvmPauseMonitor.java:run(188)) - Starting JVM pause monitor
2019-09-12 10:21:20,414 [Datanode State Machine Thread - 0] INFO  datanode.InitDatanodeState (InitDatanodeState.java:persistContainerDatanodeDetails(140)) - DatanodeDetails is persisted to /workdir/hadoop-ozone/integration-test/target/test-dir/MiniOzoneClusterImpl-8a368e31-8812-42c3-a9b0-be5bfd809ffd/datanode-2/meta/datanode.id
2019-09-12 10:21:20,418 [main] INFO  volume.HddsVolume (HddsVolume.java:<init>(176)) - Creating Volume: /workdir/hadoop-ozone/integration-test/target/test-dir/MiniOzoneClusterImpl-8a368e31-8812-42c3-a9b0-be5bfd809ffd/datanode-3/data/containers/hdds of  storage type : DISK and capacity : 1482555576320
2019-09-12 10:21:20,418 [main] INFO  volume.VolumeSet (VolumeSet.java:initializeVolumeSet(170)) - Added Volume : /workdir/hadoop-ozone/integration-test/target/test-dir/MiniOzoneClusterImpl-8a368e31-8812-42c3-a9b0-be5bfd809ffd/datanode-3/data/containers/hdds to VolumeSet
2019-09-12 10:21:20,418 [main] INFO  volume.ThrottledAsyncChecker (ThrottledAsyncChecker.java:schedule(140)) - Scheduling a check for org.apache.hadoop.ozone.container.common.volume.HddsVolume@703fa45
2019-09-12 10:21:20,419 [main] INFO  volume.HddsVolumeChecker (HddsVolumeChecker.java:checkAllVolumes(203)) - Scheduled health check for volume org.apache.hadoop.ozone.container.common.volume.HddsVolume@703fa45
2019-09-12 10:21:20,433 [main] INFO  impl.RaftServerProxy (ConfUtils.java:logGet(43)) - raft.rpc.type = GRPC (default)
2019-09-12 10:21:20,433 [main] INFO  grpc.GrpcFactory (GrpcFactory.java:checkPooledByteBufAllocatorUseCacheForAllThreads(45)) - PERFORMANCE WARNING: useCacheForAllThreads is true that may cause Netty to create a lot garbage objects and, as a result, trigger GC.
	It is recommended to disable useCacheForAllThreads by setting -Dorg.apache.ratis.thirdparty.io.netty.allocator.useCacheForAllThreads=false in command line.
2019-09-12 10:21:20,434 [main] INFO  grpc.GrpcConfigKeys$Server (ConfUtils.java:logGet(43)) - raft.grpc.server.port = 0 (default)
2019-09-12 10:21:20,434 [main] INFO  server.GrpcService (ConfUtils.java:logGet(43)) - raft.grpc.message.size.max = 33570816 (custom)
2019-09-12 10:21:20,434 [main] INFO  server.RaftServerConfigKeys (ConfUtils.java:logGet(43)) - raft.server.log.appender.buffer.byte-limit = 33554432 (custom)
2019-09-12 10:21:20,435 [main] INFO  server.GrpcService (ConfUtils.java:logGet(43)) - raft.grpc.flow.control.window = 1MB (=1048576) (default)
2019-09-12 10:21:20,435 [main] INFO  server.RaftServerConfigKeys (ConfUtils.java:logGet(43)) - raft.server.rpc.request.timeout = 3000ms (default)
2019-09-12 10:21:20,435 [main] INFO  server.RaftServerConfigKeys (ConfUtils.java:logGet(43)) - raft.server.storage.dir = [/workdir/hadoop-ozone/integration-test/target/test-dir/MiniOzoneClusterImpl-8a368e31-8812-42c3-a9b0-be5bfd809ffd/datanode-3/data/ratis] (custom)
2019-09-12 10:21:20,436 [main] INFO  replication.SimpleContainerDownloader (SimpleContainerDownloader.java:<init>(72)) - Starting container downloader service to copy containers to replicate.
2019-09-12 10:21:20,437 [main] INFO  hdfs.DFSUtil (DFSUtil.java:httpServerTemplateForNNAndJN(1641)) - Starting Web-server for hddsDatanode at: http://0.0.0.0:0
2019-09-12 10:21:20,438 [main] INFO  server.AuthenticationFilter (AuthenticationFilter.java:constructSecretProvider(240)) - Unable to initialize FileSignerSecretProvider, falling back to use random secrets.
2019-09-12 10:21:20,439 [main] WARN  http.HttpRequestLog (HttpRequestLog.java:getRequestLog(97)) - Jetty request log can only be enabled using Log4j
2019-09-12 10:21:20,440 [main] INFO  http.HttpServer2 (HttpServer2.java:addGlobalFilter(975)) - Added global filter 'safety' (class=org.apache.hadoop.http.HttpServer2$QuotingInputFilter)
2019-09-12 10:21:20,440 [main] INFO  http.HttpServer2 (HttpServer2.java:addFilter(948)) - Added filter static_user_filter (class=org.apache.hadoop.http.lib.StaticUserWebFilter$StaticUserFilter) to context hddsDatanode
2019-09-12 10:21:20,441 [main] INFO  http.HttpServer2 (HttpServer2.java:addFilter(958)) - Added filter static_user_filter (class=org.apache.hadoop.http.lib.StaticUserWebFilter$StaticUserFilter) to context logs
2019-09-12 10:21:20,441 [main] INFO  http.HttpServer2 (HttpServer2.java:addFilter(958)) - Added filter static_user_filter (class=org.apache.hadoop.http.lib.StaticUserWebFilter$StaticUserFilter) to context static
2019-09-12 10:21:20,441 [main] INFO  http.HttpServer2 (HttpServer2.java:bindListener(1191)) - Jetty bound to port 40157
2019-09-12 10:21:20,441 [main] INFO  server.Server (Server.java:doStart(351)) - jetty-9.3.24.v20180605, build timestamp: 2018-06-05T17:11:56Z, git hash: 84205aa28f11a4f31f2a3b86d1bba2cc8ab69827
2019-09-12 10:21:20,445 [main] INFO  handler.ContextHandler (ContextHandler.java:doStart(781)) - Started o.e.j.s.ServletContextHandler@6ac45c0c{/logs,file:///workdir/hadoop-ozone/integration-test/target/log,AVAILABLE}
2019-09-12 10:21:20,445 [main] INFO  handler.ContextHandler (ContextHandler.java:doStart(781)) - Started o.e.j.s.ServletContextHandler@6075b369{/static,jar:file:/home/user/.m2/repository/org/apache/hadoop/hadoop-hdds-container-service/0.5.0-SNAPSHOT/hadoop-hdds-container-service-0.5.0-SNAPSHOT.jar!/webapps/static,AVAILABLE}
2019-09-12 10:21:20,470 [main] INFO  handler.ContextHandler (ContextHandler.java:doStart(781)) - Started o.e.j.w.WebAppContext@1c5d3a37{/,file:///tmp/jetty-0.0.0.0-40157-hddsDatanode-_-any-895276450369164335.dir/webapp/,AVAILABLE}{/hddsDatanode}
2019-09-12 10:21:20,471 [main] INFO  server.AbstractConnector (AbstractConnector.java:doStart(278)) - Started ServerConnector@7e3d2ebd{HTTP/1.1,[http/1.1]}{0.0.0.0:40157}
2019-09-12 10:21:20,472 [main] INFO  server.Server (Server.java:doStart(419)) - Started @7300ms
2019-09-12 10:21:20,473 [main] INFO  server.BaseHttpServer (BaseHttpServer.java:updateConnectorAddress(213)) - HTTP server of HDDSDATANODE is listening at http://0.0.0.0:40157
2019-09-12 10:21:20,637 | INFO  | ObjectStoreRestHttpServer | Listening HDDS REST traffic on /0.0.0.0:39185 |  
2019-09-12 10:21:20,637 [main] INFO  ozone.HddsDatanodeService (HddsDatanodeService.java:startPlugins(395)) - Started plug-in org.apache.hadoop.ozone.web.OzoneHddsDatanodeService@1e56bc9b
2019-09-12 10:21:20,639 [main] INFO  ozone.MiniOzoneClusterImpl (MiniOzoneClusterImpl.java:lambda$waitForClusterToBeReady$0(142)) - Waiting for cluster to be ready. Got 0 of 4 DN Heartbeats.
2019-09-12 10:21:20,640 [org.apache.hadoop.util.JvmPauseMonitor$Monitor@6d69c810] INFO  util.JvmPauseMonitor (JvmPauseMonitor.java:run(188)) - Starting JVM pause monitor
2019-09-12 10:21:20,642 [Datanode State Machine Thread - 0] INFO  datanode.InitDatanodeState (InitDatanodeState.java:persistContainerDatanodeDetails(140)) - DatanodeDetails is persisted to /workdir/hadoop-ozone/integration-test/target/test-dir/MiniOzoneClusterImpl-8a368e31-8812-42c3-a9b0-be5bfd809ffd/datanode-3/meta/datanode.id
2019-09-12 10:21:21,640 [main] INFO  ozone.MiniOzoneClusterImpl (MiniOzoneClusterImpl.java:lambda$waitForClusterToBeReady$0(142)) - Waiting for cluster to be ready. Got 0 of 4 DN Heartbeats.
2019-09-12 10:21:21,996 | INFO  | SCMAudit | user=jenkins1000 | ip=192.168.157.195 | op=GET_VERSION null | ret=SUCCESS |  
2019-09-12 10:21:22,016 [Datanode State Machine Thread - 0] INFO  ozoneimpl.OzoneContainer (OzoneContainer.java:start(186)) - Attempting to start container services.
2019-09-12 10:21:22,018 [Datanode State Machine Thread - 0] INFO  ozoneimpl.OzoneContainer (OzoneContainer.java:startContainerScrub(160)) - Background container scrubber has been disabled by hdds.containerscrub.enabled
2019-09-12 10:21:22,019 [Datanode State Machine Thread - 0] INFO  ratis.XceiverServerRatis (XceiverServerRatis.java:start(404)) - Starting XceiverServerRatis 464357b9-d640-4e4a-892f-a68e44244c3b at port 0
2019-09-12 10:21:22,043 [Datanode State Machine Thread - 0] INFO  impl.RaftServerProxy (RaftServerProxy.java:lambda$start$3(299)) - 464357b9-d640-4e4a-892f-a68e44244c3b: start RPC server
2019-09-12 10:21:22,176 [Datanode State Machine Thread - 0] INFO  server.GrpcService (GrpcService.java:startImpl(149)) - 464357b9-d640-4e4a-892f-a68e44244c3b: GrpcService started, listening on 0.0.0.0/0.0.0.0:35243
2019-09-12 10:21:22,177 [Datanode State Machine Thread - 0] INFO  ratis.XceiverServerRatis (XceiverServerRatis.java:start(414)) - XceiverServerRatis 464357b9-d640-4e4a-892f-a68e44244c3b is started using port 35243
2019-09-12 10:21:22,180 [Datanode State Machine Thread - 0] INFO  server.XceiverServerGrpc (XceiverServerGrpc.java:start(163)) - XceiverServerGrpc 464357b9-d640-4e4a-892f-a68e44244c3b is started using port 32920
2019-09-12 10:21:22,196 | INFO  | SCMAudit | user=jenkins1000 | ip=192.168.157.195 | op=GET_VERSION null | ret=SUCCESS |  
2019-09-12 10:21:22,211 [Datanode State Machine Thread - 0] INFO  ozoneimpl.OzoneContainer (OzoneContainer.java:start(186)) - Attempting to start container services.
2019-09-12 10:21:22,214 [Datanode State Machine Thread - 0] INFO  ozoneimpl.OzoneContainer (OzoneContainer.java:startContainerScrub(160)) - Background container scrubber has been disabled by hdds.containerscrub.enabled
2019-09-12 10:21:22,214 [Datanode State Machine Thread - 0] INFO  ratis.XceiverServerRatis (XceiverServerRatis.java:start(404)) - Starting XceiverServerRatis 5ad3b1f4-7cb1-4e63-b16b-8b3fa333f3d3 at port 0
2019-09-12 10:21:22,286 [Datanode State Machine Thread - 0] INFO  impl.RaftServerProxy (RaftServerProxy.java:lambda$start$3(299)) - 5ad3b1f4-7cb1-4e63-b16b-8b3fa333f3d3: start RPC server
2019-09-12 10:21:22,289 [Datanode State Machine Thread - 0] INFO  server.GrpcService (GrpcService.java:startImpl(149)) - 5ad3b1f4-7cb1-4e63-b16b-8b3fa333f3d3: GrpcService started, listening on 0.0.0.0/0.0.0.0:37868
2019-09-12 10:21:22,289 [Datanode State Machine Thread - 0] INFO  ratis.XceiverServerRatis (XceiverServerRatis.java:start(414)) - XceiverServerRatis 5ad3b1f4-7cb1-4e63-b16b-8b3fa333f3d3 is started using port 37868
2019-09-12 10:21:22,292 [Datanode State Machine Thread - 0] INFO  server.XceiverServerGrpc (XceiverServerGrpc.java:start(163)) - XceiverServerGrpc 5ad3b1f4-7cb1-4e63-b16b-8b3fa333f3d3 is started using port 37330
2019-09-12 10:21:22,414 | INFO  | SCMAudit | user=jenkins1000 | ip=192.168.157.195 | op=GET_VERSION null | ret=SUCCESS |  
2019-09-12 10:21:22,429 [Datanode State Machine Thread - 0] INFO  ozoneimpl.OzoneContainer (OzoneContainer.java:start(186)) - Attempting to start container services.
2019-09-12 10:21:22,431 [Datanode State Machine Thread - 0] INFO  ozoneimpl.OzoneContainer (OzoneContainer.java:startContainerScrub(160)) - Background container scrubber has been disabled by hdds.containerscrub.enabled
2019-09-12 10:21:22,431 [Datanode State Machine Thread - 0] INFO  ratis.XceiverServerRatis (XceiverServerRatis.java:start(404)) - Starting XceiverServerRatis 0de21071-135c-4e9f-9147-689c91c53707 at port 0
2019-09-12 10:21:22,439 [Datanode State Machine Thread - 0] INFO  impl.RaftServerProxy (RaftServerProxy.java:lambda$start$3(299)) - 0de21071-135c-4e9f-9147-689c91c53707: start RPC server
2019-09-12 10:21:22,442 [Datanode State Machine Thread - 0] INFO  server.GrpcService (GrpcService.java:startImpl(149)) - 0de21071-135c-4e9f-9147-689c91c53707: GrpcService started, listening on 0.0.0.0/0.0.0.0:37667
2019-09-12 10:21:22,443 [Datanode State Machine Thread - 0] INFO  ratis.XceiverServerRatis (XceiverServerRatis.java:start(414)) - XceiverServerRatis 0de21071-135c-4e9f-9147-689c91c53707 is started using port 37667
2019-09-12 10:21:22,445 [Datanode State Machine Thread - 0] INFO  server.XceiverServerGrpc (XceiverServerGrpc.java:start(163)) - XceiverServerGrpc 0de21071-135c-4e9f-9147-689c91c53707 is started using port 35056
2019-09-12 10:21:22,640 [main] INFO  ozone.MiniOzoneClusterImpl (MiniOzoneClusterImpl.java:lambda$waitForClusterToBeReady$0(142)) - Waiting for cluster to be ready. Got 0 of 4 DN Heartbeats.
2019-09-12 10:21:22,644 | INFO  | SCMAudit | user=jenkins1000 | ip=192.168.157.195 | op=GET_VERSION null | ret=SUCCESS |  
2019-09-12 10:21:22,659 [Datanode State Machine Thread - 0] INFO  ozoneimpl.OzoneContainer (OzoneContainer.java:start(186)) - Attempting to start container services.
2019-09-12 10:21:22,661 [Datanode State Machine Thread - 0] INFO  ozoneimpl.OzoneContainer (OzoneContainer.java:startContainerScrub(160)) - Background container scrubber has been disabled by hdds.containerscrub.enabled
2019-09-12 10:21:22,661 [Datanode State Machine Thread - 0] INFO  ratis.XceiverServerRatis (XceiverServerRatis.java:start(404)) - Starting XceiverServerRatis 97d69fd4-8e52-4023-8fa6-54c6b0949aa9 at port 0
2019-09-12 10:21:22,669 [Datanode State Machine Thread - 0] INFO  impl.RaftServerProxy (RaftServerProxy.java:lambda$start$3(299)) - 97d69fd4-8e52-4023-8fa6-54c6b0949aa9: start RPC server
2019-09-12 10:21:22,671 [Datanode State Machine Thread - 0] INFO  server.GrpcService (GrpcService.java:startImpl(149)) - 97d69fd4-8e52-4023-8fa6-54c6b0949aa9: GrpcService started, listening on 0.0.0.0/0.0.0.0:38621
2019-09-12 10:21:22,672 [Datanode State Machine Thread - 0] INFO  ratis.XceiverServerRatis (XceiverServerRatis.java:start(414)) - XceiverServerRatis 97d69fd4-8e52-4023-8fa6-54c6b0949aa9 is started using port 38621
2019-09-12 10:21:22,673 [Datanode State Machine Thread - 0] INFO  server.XceiverServerGrpc (XceiverServerGrpc.java:start(163)) - XceiverServerGrpc 97d69fd4-8e52-4023-8fa6-54c6b0949aa9 is started using port 39542
2019-09-12 10:21:23,643 [main] INFO  ozone.MiniOzoneClusterImpl (MiniOzoneClusterImpl.java:lambda$waitForClusterToBeReady$0(142)) - Waiting for cluster to be ready. Got 0 of 4 DN Heartbeats.
2019-09-12 10:21:24,001 [IPC Server handler 1 on 42502] INFO  net.NetworkTopology (NetworkTopologyImpl.java:add(110)) - Added a new node: /default-rack/464357b9-d640-4e4a-892f-a68e44244c3b
2019-09-12 10:21:24,001 [IPC Server handler 1 on 42502] INFO  node.SCMNodeManager (SCMNodeManager.java:register(273)) - Registered Data node : 464357b9-d640-4e4a-892f-a68e44244c3b{ip: 192.168.157.195, host: pr-hdds-1569-xtfnx-3545843844, networkLocation: /default-rack, certSerialId: null}
2019-09-12 10:21:24,006 [EventQueue-NodeRegistrationContainerReportForDataNodeSafeModeRule] INFO  safemode.SCMSafeModeManager (DataNodeSafeModeRule.java:process(71)) - SCM in safe mode. 1 DataNodes registered, 1 required.
2019-09-12 10:21:24,006 [EventQueue-NodeRegistrationContainerReportForDataNodeSafeModeRule] INFO  safemode.SCMSafeModeManager (SCMSafeModeManager.java:validateSafeModeExitRules(177)) - ScmSafeModeManager, all rules are successfully validated
2019-09-12 10:21:24,006 [EventQueue-NodeRegistrationContainerReportForDataNodeSafeModeRule] INFO  safemode.SCMSafeModeManager (SCMSafeModeManager.java:exitSafeMode(193)) - SCM exiting safe mode.
2019-09-12 10:21:24,015 | INFO  | SCMAudit | user=jenkins1000 | ip=192.168.157.195 | op=REGISTER {datanodeDetails=464357b9-d640-4e4a-892f-a68e44244c3b{ip: 192.168.157.195, host: pr-hdds-1569-xtfnx-3545843844, networkLocation: /default-rack, certSerialId: null}} | ret=SUCCESS |  
2019-09-12 10:21:24,197 [IPC Server handler 3 on 42502] INFO  net.NetworkTopology (NetworkTopologyImpl.java:add(110)) - Added a new node: /default-rack/5ad3b1f4-7cb1-4e63-b16b-8b3fa333f3d3
2019-09-12 10:21:24,198 [IPC Server handler 3 on 42502] INFO  node.SCMNodeManager (SCMNodeManager.java:register(273)) - Registered Data node : 5ad3b1f4-7cb1-4e63-b16b-8b3fa333f3d3{ip: 192.168.157.195, host: pr-hdds-1569-xtfnx-3545843844, networkLocation: /default-rack, certSerialId: null}
2019-09-12 10:21:24,198 | INFO  | SCMAudit | user=jenkins1000 | ip=192.168.157.195 | op=REGISTER {datanodeDetails=5ad3b1f4-7cb1-4e63-b16b-8b3fa333f3d3{ip: 192.168.157.195, host: pr-hdds-1569-xtfnx-3545843844, networkLocation: /default-rack, certSerialId: null}} | ret=SUCCESS |  
2019-09-12 10:21:24,415 [IPC Server handler 4 on 42502] INFO  net.NetworkTopology (NetworkTopologyImpl.java:add(110)) - Added a new node: /default-rack/0de21071-135c-4e9f-9147-689c91c53707
2019-09-12 10:21:24,415 [IPC Server handler 4 on 42502] INFO  node.SCMNodeManager (SCMNodeManager.java:register(273)) - Registered Data node : 0de21071-135c-4e9f-9147-689c91c53707{ip: 192.168.157.195, host: pr-hdds-1569-xtfnx-3545843844, networkLocation: /default-rack, certSerialId: null}
2019-09-12 10:21:24,416 | INFO  | SCMAudit | user=jenkins1000 | ip=192.168.157.195 | op=REGISTER {datanodeDetails=0de21071-135c-4e9f-9147-689c91c53707{ip: 192.168.157.195, host: pr-hdds-1569-xtfnx-3545843844, networkLocation: /default-rack, certSerialId: null}} | ret=SUCCESS |  
2019-09-12 10:21:24,791 [main] INFO  ozone.MiniOzoneClusterImpl (MiniOzoneClusterImpl.java:lambda$waitForClusterToBeReady$0(142)) - Waiting for cluster to be ready. Got 3 of 4 DN Heartbeats.
2019-09-12 10:21:24,795 [IPC Server handler 1 on 42502] INFO  net.NetworkTopology (NetworkTopologyImpl.java:add(110)) - Added a new node: /default-rack/97d69fd4-8e52-4023-8fa6-54c6b0949aa9
2019-09-12 10:21:24,796 [IPC Server handler 1 on 42502] INFO  node.SCMNodeManager (SCMNodeManager.java:register(273)) - Registered Data node : 97d69fd4-8e52-4023-8fa6-54c6b0949aa9{ip: 192.168.157.195, host: pr-hdds-1569-xtfnx-3545843844, networkLocation: /default-rack, certSerialId: null}
2019-09-12 10:21:24,796 | INFO  | SCMAudit | user=jenkins1000 | ip=192.168.157.195 | op=REGISTER {datanodeDetails=97d69fd4-8e52-4023-8fa6-54c6b0949aa9{ip: 192.168.157.195, host: pr-hdds-1569-xtfnx-3545843844, networkLocation: /default-rack, certSerialId: null}} | ret=SUCCESS |  
2019-09-12 10:21:24,931 [grpc-default-executor-0] INFO  impl.RaftServerProxy (RaftServerProxy.java:addNew(89)) - 464357b9-d640-4e4a-892f-a68e44244c3b: addNew group-E45F2F4D7ECB:[464357b9-d640-4e4a-892f-a68e44244c3b:192.168.157.195:35243] returns group-E45F2F4D7ECB:java.util.concurrent.CompletableFuture@46b7c6e0[Not completed]
2019-09-12 10:21:24,947 [pool-27-thread-1] INFO  impl.RaftServerImpl (RaftServerImpl.java:<init>(93)) - 464357b9-d640-4e4a-892f-a68e44244c3b: new RaftServerImpl for group-E45F2F4D7ECB:[464357b9-d640-4e4a-892f-a68e44244c3b:192.168.157.195:35243] with ContainerStateMachine:uninitialized
2019-09-12 10:21:24,950 [pool-27-thread-1] INFO  server.RaftServerConfigKeys (ConfUtils.java:logGet(43)) - raft.server.rpc.timeout.min = 5s (custom)
2019-09-12 10:21:24,951 [pool-27-thread-1] INFO  server.RaftServerConfigKeys (ConfUtils.java:logGet(43)) - raft.server.rpc.timeout.max = 5200ms (custom)
2019-09-12 10:21:24,952 [pool-27-thread-1] INFO  server.RaftServerConfigKeys (ConfUtils.java:logGet(43)) - raft.server.rpcslowness.timeout = 120s (custom)
2019-09-12 10:21:24,952 [pool-27-thread-1] INFO  server.RaftServerConfigKeys (ConfUtils.java:logGet(43)) - raft.server.sleep.deviation.threshold = 300 (default)
2019-09-12 10:21:24,953 [pool-27-thread-1] INFO  server.RaftServerConfigKeys (ConfUtils.java:logGet(43)) - raft.server.log.appender.install.snapshot.enabled = false (custom)
2019-09-12 10:21:24,961 [pool-27-thread-1] INFO  impl.RaftServerImpl (ServerState.java:<init>(105)) - 464357b9-d640-4e4a-892f-a68e44244c3b:group-E45F2F4D7ECB ConfigurationManager, init=-1: [464357b9-d640-4e4a-892f-a68e44244c3b:192.168.157.195:35243], old=null, confs=<EMPTY_MAP>
2019-09-12 10:21:24,961 [pool-27-thread-1] INFO  server.RaftServerConfigKeys (ConfUtils.java:logGet(43)) - raft.server.storage.dir = [/workdir/hadoop-ozone/integration-test/target/test-dir/MiniOzoneClusterImpl-8a368e31-8812-42c3-a9b0-be5bfd809ffd/datanode-0/data/ratis] (custom)
2019-09-12 10:21:24,970 [pool-27-thread-1] INFO  storage.RaftStorageDirectory (RaftStorageDirectory.java:analyzeStorage(246)) - The storage directory /workdir/hadoop-ozone/integration-test/target/test-dir/MiniOzoneClusterImpl-8a368e31-8812-42c3-a9b0-be5bfd809ffd/datanode-0/data/ratis/afbfe65a-77c7-4f08-880e-e45f2f4d7ecb does not exist. Creating ...
2019-09-12 10:21:24,987 [pool-27-thread-1] INFO  storage.RaftStorageDirectory (RaftStorageDirectory.java:tryLock(328)) - Lock on /workdir/hadoop-ozone/integration-test/target/test-dir/MiniOzoneClusterImpl-8a368e31-8812-42c3-a9b0-be5bfd809ffd/datanode-0/data/ratis/afbfe65a-77c7-4f08-880e-e45f2f4d7ecb/in_use.lock acquired by nodename 12969@pr-hdds-1569-xtfnx-3545843844
2019-09-12 10:21:25,001 [pool-27-thread-1] INFO  storage.RaftStorage (RaftStorage.java:format(72)) - Storage directory /workdir/hadoop-ozone/integration-test/target/test-dir/MiniOzoneClusterImpl-8a368e31-8812-42c3-a9b0-be5bfd809ffd/datanode-0/data/ratis/afbfe65a-77c7-4f08-880e-e45f2f4d7ecb has been successfully formatted.
2019-09-12 10:21:25,005 [pool-27-thread-1] INFO  ratis.ContainerStateMachine (ContainerStateMachine.java:loadSnapshot(226)) - group-E45F2F4D7ECB: The snapshot info is null. Setting the last applied indexto:(t:0, i:~)
2019-09-12 10:21:25,005 [pool-27-thread-1] INFO  server.RaftServerConfigKeys (ConfUtils.java:logGet(43)) - raft.server.leader.election.timeout = 120s (custom)
2019-09-12 10:21:25,007 [pool-27-thread-1] INFO  server.RaftServerConfigKeys (ConfUtils.java:logGet(43)) - raft.server.log.use.memory = false (default)
2019-09-12 10:21:25,013 [pool-27-thread-1] INFO  server.RaftServerConfigKeys (ConfUtils.java:logGet(43)) - raft.server.log.purge.gap = 1000000 (custom)
2019-09-12 10:21:25,013 [pool-27-thread-1] INFO  server.RaftServerConfigKeys (ConfUtils.java:logGet(43)) - raft.server.log.appender.buffer.byte-limit = 33554432 (custom)
2019-09-12 10:21:25,015 [pool-27-thread-1] INFO  server.RaftServerConfigKeys (ConfUtils.java:logGet(43)) - raft.server.log.segment.size.max = 1048576 (custom)
2019-09-12 10:21:25,019 [pool-27-thread-1] INFO  server.RaftServerConfigKeys (ConfUtils.java:logGet(43)) - raft.server.log.segment.cache.num.max = 2 (custom)
2019-09-12 10:21:25,026 [pool-27-thread-1] INFO  segmented.SegmentedRaftLogWorker (SegmentedRaftLogWorker.java:<init>(172)) - new 464357b9-d640-4e4a-892f-a68e44244c3b-SegmentedRaftLogWorker:Storage Directory /workdir/hadoop-ozone/integration-test/target/test-dir/MiniOzoneClusterImpl-8a368e31-8812-42c3-a9b0-be5bfd809ffd/datanode-0/data/ratis/afbfe65a-77c7-4f08-880e-e45f2f4d7ecb for RaftStorage:Storage Directory /workdir/hadoop-ozone/integration-test/target/test-dir/MiniOzoneClusterImpl-8a368e31-8812-42c3-a9b0-be5bfd809ffd/datanode-0/data/ratis/afbfe65a-77c7-4f08-880e-e45f2f4d7ecb
2019-09-12 10:21:25,039 [pool-27-thread-1] INFO  server.RaftServerConfigKeys (ConfUtils.java:logGet(43)) - raft.server.log.queue.byte-limit = 2147483647 (custom)
2019-09-12 10:21:25,040 [pool-27-thread-1] INFO  server.RaftServerConfigKeys (ConfUtils.java:logGet(43)) - raft.server.log.queue.element-limit = 1024 (custom)
2019-09-12 10:21:25,045 [pool-27-thread-1] INFO  server.RaftServerConfigKeys (ConfUtils.java:logGet(43)) - raft.server.log.segment.size.max = 1048576 (custom)
2019-09-12 10:21:25,045 [pool-27-thread-1] INFO  server.RaftServerConfigKeys (ConfUtils.java:logGet(43)) - raft.server.log.preallocated.size = 16384 (custom)
2019-09-12 10:21:25,046 [pool-27-thread-1] INFO  server.RaftServerConfigKeys (ConfUtils.java:logGet(43)) - raft.server.log.write.buffer.size = 33554432 (custom)
2019-09-12 10:21:25,046 [pool-27-thread-1] INFO  server.RaftServerConfigKeys (ConfUtils.java:logGet(43)) - raft.server.log.force.sync.num = 128 (default)
2019-09-12 10:21:25,047 [pool-27-thread-1] INFO  server.RaftServerConfigKeys (ConfUtils.java:logGet(43)) - raft.server.log.statemachine.data.sync = true (default)
2019-09-12 10:21:25,048 [pool-27-thread-1] INFO  server.RaftServerConfigKeys (ConfUtils.java:logGet(43)) - raft.server.log.statemachine.data.sync.timeout = 10s (default)
2019-09-12 10:21:25,048 [pool-27-thread-1] INFO  server.RaftServerConfigKeys (ConfUtils.java:logGet(43)) - raft.server.log.statemachine.data.sync.timeout.retry = -1 (default)
2019-09-12 10:21:25,059 [pool-27-thread-1] INFO  server.RaftServerConfigKeys (ConfUtils.java:logGet(43)) - raft.server.log.statemachine.data.caching.enabled = true (custom)
2019-09-12 10:21:25,063 [pool-27-thread-1] INFO  segmented.SegmentedRaftLogWorker (SegmentedRaftLogWorker.java:lambda$new$0(132)) - 464357b9-d640-4e4a-892f-a68e44244c3b-SegmentedRaftLogWorker:Storage Directory /workdir/hadoop-ozone/integration-test/target/test-dir/MiniOzoneClusterImpl-8a368e31-8812-42c3-a9b0-be5bfd809ffd/datanode-0/data/ratis/afbfe65a-77c7-4f08-880e-e45f2f4d7ecb: flushIndex: setUnconditionally 0 -> -1
2019-09-12 10:21:25,068 [pool-27-thread-1] INFO  server.RaftServerConfigKeys (ConfUtils.java:logGet(43)) - raft.server.snapshot.auto.trigger.enabled = true (custom)
2019-09-12 10:21:25,069 [pool-27-thread-1] INFO  server.RaftServerConfigKeys (ConfUtils.java:logGet(43)) - raft.server.snapshot.auto.trigger.threshold = 10000 (custom)
2019-09-12 10:21:25,069 [pool-27-thread-1] INFO  server.RaftServerConfigKeys (ConfUtils.java:logGet(43)) - raft.server.retrycache.expirytime = 600000ms (custom)
2019-09-12 10:21:25,092 [pool-27-thread-1] INFO  impl.RaftServerImpl (RaftServerImpl.java:start(180)) - 464357b9-d640-4e4a-892f-a68e44244c3b: start group-E45F2F4D7ECB
2019-09-12 10:21:25,093 [pool-27-thread-1] INFO  impl.RaftServerImpl (RaftServerImpl.java:setRole(171)) - 464357b9-d640-4e4a-892f-a68e44244c3b:group-E45F2F4D7ECB changes role from null to FOLLOWER at term 0 for startAsFollower
2019-09-12 10:21:25,095 [pool-27-thread-1] INFO  impl.RoleInfo (RoleInfo.java:updateAndGet(143)) - 464357b9-d640-4e4a-892f-a68e44244c3b: start FollowerState
2019-09-12 10:21:25,096 [pool-27-thread-1] INFO  util.JmxRegister (JmxRegister.java:tryRegister(44)) - Successfully registered JMX Bean with object name Ratis:service=RaftServer,group=group-E45F2F4D7ECB,id=464357b9-d640-4e4a-892f-a68e44244c3b
2019-09-12 10:21:25,163 [RatisPipelineUtilsThread] INFO  pipeline.PipelineStateManager (PipelineStateManager.java:addPipeline(56)) - Created pipeline Pipeline[ Id: afbfe65a-77c7-4f08-880e-e45f2f4d7ecb, Nodes: 464357b9-d640-4e4a-892f-a68e44244c3b{ip: 192.168.157.195, host: pr-hdds-1569-xtfnx-3545843844, networkLocation: /default-rack, certSerialId: null}, Type:RATIS, Factor:ONE, State:OPEN]
2019-09-12 10:21:25,188 [grpc-default-executor-0] INFO  impl.RaftServerProxy (RaftServerProxy.java:addNew(89)) - 0de21071-135c-4e9f-9147-689c91c53707: addNew group-D5AA41E97D8D:[0de21071-135c-4e9f-9147-689c91c53707:192.168.157.195:37667] returns group-D5AA41E97D8D:java.util.concurrent.CompletableFuture@4dec019f[Not completed]
2019-09-12 10:21:25,238 [pool-49-thread-1] INFO  impl.RaftServerImpl (RaftServerImpl.java:<init>(93)) - 0de21071-135c-4e9f-9147-689c91c53707: new RaftServerImpl for group-D5AA41E97D8D:[0de21071-135c-4e9f-9147-689c91c53707:192.168.157.195:37667] with ContainerStateMachine:uninitialized
2019-09-12 10:21:25,240 [pool-49-thread-1] INFO  server.RaftServerConfigKeys (ConfUtils.java:logGet(43)) - raft.server.rpc.timeout.min = 5s (custom)
2019-09-12 10:21:25,240 [pool-49-thread-1] INFO  server.RaftServerConfigKeys (ConfUtils.java:logGet(43)) - raft.server.rpc.timeout.max = 5200ms (custom)
2019-09-12 10:21:25,241 [pool-49-thread-1] INFO  server.RaftServerConfigKeys (ConfUtils.java:logGet(43)) - raft.server.rpcslowness.timeout = 120s (custom)
2019-09-12 10:21:25,241 [pool-49-thread-1] INFO  server.RaftServerConfigKeys (ConfUtils.java:logGet(43)) - raft.server.sleep.deviation.threshold = 300 (default)
2019-09-12 10:21:25,241 [pool-49-thread-1] INFO  server.RaftServerConfigKeys (ConfUtils.java:logGet(43)) - raft.server.log.appender.install.snapshot.enabled = false (custom)
2019-09-12 10:21:25,241 [pool-49-thread-1] INFO  impl.RaftServerImpl (ServerState.java:<init>(105)) - 0de21071-135c-4e9f-9147-689c91c53707:group-D5AA41E97D8D ConfigurationManager, init=-1: [0de21071-135c-4e9f-9147-689c91c53707:192.168.157.195:37667], old=null, confs=<EMPTY_MAP>
2019-09-12 10:21:25,241 [pool-49-thread-1] INFO  server.RaftServerConfigKeys (ConfUtils.java:logGet(43)) - raft.server.storage.dir = [/workdir/hadoop-ozone/integration-test/target/test-dir/MiniOzoneClusterImpl-8a368e31-8812-42c3-a9b0-be5bfd809ffd/datanode-2/data/ratis] (custom)
2019-09-12 10:21:25,242 [pool-49-thread-1] INFO  storage.RaftStorageDirectory (RaftStorageDirectory.java:analyzeStorage(246)) - The storage directory /workdir/hadoop-ozone/integration-test/target/test-dir/MiniOzoneClusterImpl-8a368e31-8812-42c3-a9b0-be5bfd809ffd/datanode-2/data/ratis/dacb8ab9-e865-4c05-a88b-d5aa41e97d8d does not exist. Creating ...
2019-09-12 10:21:25,256 [pool-49-thread-1] INFO  storage.RaftStorageDirectory (RaftStorageDirectory.java:tryLock(328)) - Lock on /workdir/hadoop-ozone/integration-test/target/test-dir/MiniOzoneClusterImpl-8a368e31-8812-42c3-a9b0-be5bfd809ffd/datanode-2/data/ratis/dacb8ab9-e865-4c05-a88b-d5aa41e97d8d/in_use.lock acquired by nodename 12969@pr-hdds-1569-xtfnx-3545843844
2019-09-12 10:21:25,271 [pool-49-thread-1] INFO  storage.RaftStorage (RaftStorage.java:format(72)) - Storage directory /workdir/hadoop-ozone/integration-test/target/test-dir/MiniOzoneClusterImpl-8a368e31-8812-42c3-a9b0-be5bfd809ffd/datanode-2/data/ratis/dacb8ab9-e865-4c05-a88b-d5aa41e97d8d has been successfully formatted.
2019-09-12 10:21:25,273 [pool-49-thread-1] INFO  ratis.ContainerStateMachine (ContainerStateMachine.java:loadSnapshot(226)) - group-D5AA41E97D8D: The snapshot info is null. Setting the last applied indexto:(t:0, i:~)
2019-09-12 10:21:25,274 [pool-49-thread-1] INFO  server.RaftServerConfigKeys (ConfUtils.java:logGet(43)) - raft.server.leader.election.timeout = 120s (custom)
2019-09-12 10:21:25,274 [pool-49-thread-1] INFO  server.RaftServerConfigKeys (ConfUtils.java:logGet(43)) - raft.server.log.use.memory = false (default)
2019-09-12 10:21:25,274 [pool-49-thread-1] INFO  server.RaftServerConfigKeys (ConfUtils.java:logGet(43)) - raft.server.log.purge.gap = 1000000 (custom)
2019-09-12 10:21:25,274 [pool-49-thread-1] INFO  server.RaftServerConfigKeys (ConfUtils.java:logGet(43)) - raft.server.log.appender.buffer.byte-limit = 33554432 (custom)
2019-09-12 10:21:25,274 [pool-49-thread-1] INFO  server.RaftServerConfigKeys (ConfUtils.java:logGet(43)) - raft.server.log.segment.size.max = 1048576 (custom)
2019-09-12 10:21:25,274 [pool-49-thread-1] INFO  server.RaftServerConfigKeys (ConfUtils.java:logGet(43)) - raft.server.log.segment.cache.num.max = 2 (custom)
2019-09-12 10:21:25,275 [pool-49-thread-1] INFO  segmented.SegmentedRaftLogWorker (SegmentedRaftLogWorker.java:<init>(172)) - new 0de21071-135c-4e9f-9147-689c91c53707-SegmentedRaftLogWorker:Storage Directory /workdir/hadoop-ozone/integration-test/target/test-dir/MiniOzoneClusterImpl-8a368e31-8812-42c3-a9b0-be5bfd809ffd/datanode-2/data/ratis/dacb8ab9-e865-4c05-a88b-d5aa41e97d8d for RaftStorage:Storage Directory /workdir/hadoop-ozone/integration-test/target/test-dir/MiniOzoneClusterImpl-8a368e31-8812-42c3-a9b0-be5bfd809ffd/datanode-2/data/ratis/dacb8ab9-e865-4c05-a88b-d5aa41e97d8d
2019-09-12 10:21:25,275 [pool-49-thread-1] INFO  server.RaftServerConfigKeys (ConfUtils.java:logGet(43)) - raft.server.log.queue.byte-limit = 2147483647 (custom)
2019-09-12 10:21:25,275 [pool-49-thread-1] INFO  server.RaftServerConfigKeys (ConfUtils.java:logGet(43)) - raft.server.log.queue.element-limit = 1024 (custom)
2019-09-12 10:21:25,276 [pool-49-thread-1] INFO  server.RaftServerConfigKeys (ConfUtils.java:logGet(43)) - raft.server.log.segment.size.max = 1048576 (custom)
2019-09-12 10:21:25,276 [pool-49-thread-1] INFO  server.RaftServerConfigKeys (ConfUtils.java:logGet(43)) - raft.server.log.preallocated.size = 16384 (custom)
2019-09-12 10:21:25,276 [pool-49-thread-1] INFO  server.RaftServerConfigKeys (ConfUtils.java:logGet(43)) - raft.server.log.write.buffer.size = 33554432 (custom)
2019-09-12 10:21:25,276 [pool-49-thread-1] INFO  server.RaftServerConfigKeys (ConfUtils.java:logGet(43)) - raft.server.log.force.sync.num = 128 (default)
2019-09-12 10:21:25,276 [pool-49-thread-1] INFO  server.RaftServerConfigKeys (ConfUtils.java:logGet(43)) - raft.server.log.statemachine.data.sync = true (default)
2019-09-12 10:21:25,276 [pool-49-thread-1] INFO  server.RaftServerConfigKeys (ConfUtils.java:logGet(43)) - raft.server.log.statemachine.data.sync.timeout = 10s (default)
2019-09-12 10:21:25,277 [pool-49-thread-1] INFO  server.RaftServerConfigKeys (ConfUtils.java:logGet(43)) - raft.server.log.statemachine.data.sync.timeout.retry = -1 (default)
2019-09-12 10:21:25,277 [pool-49-thread-1] INFO  server.RaftServerConfigKeys (ConfUtils.java:logGet(43)) - raft.server.log.statemachine.data.caching.enabled = true (custom)
2019-09-12 10:21:25,277 [pool-49-thread-1] INFO  segmented.SegmentedRaftLogWorker (SegmentedRaftLogWorker.java:lambda$new$0(132)) - 0de21071-135c-4e9f-9147-689c91c53707-SegmentedRaftLogWorker:Storage Directory /workdir/hadoop-ozone/integration-test/target/test-dir/MiniOzoneClusterImpl-8a368e31-8812-42c3-a9b0-be5bfd809ffd/datanode-2/data/ratis/dacb8ab9-e865-4c05-a88b-d5aa41e97d8d: flushIndex: setUnconditionally 0 -> -1
2019-09-12 10:21:25,278 [pool-49-thread-1] INFO  server.RaftServerConfigKeys (ConfUtils.java:logGet(43)) - raft.server.snapshot.auto.trigger.enabled = true (custom)
2019-09-12 10:21:25,278 [pool-49-thread-1] INFO  server.RaftServerConfigKeys (ConfUtils.java:logGet(43)) - raft.server.snapshot.auto.trigger.threshold = 10000 (custom)
2019-09-12 10:21:25,278 [pool-49-thread-1] INFO  server.RaftServerConfigKeys (ConfUtils.java:logGet(43)) - raft.server.retrycache.expirytime = 600000ms (custom)
2019-09-12 10:21:25,278 [pool-49-thread-1] INFO  impl.RaftServerImpl (RaftServerImpl.java:start(180)) - 0de21071-135c-4e9f-9147-689c91c53707: start group-D5AA41E97D8D
2019-09-12 10:21:25,278 [pool-49-thread-1] INFO  impl.RaftServerImpl (RaftServerImpl.java:setRole(171)) - 0de21071-135c-4e9f-9147-689c91c53707:group-D5AA41E97D8D changes role from null to FOLLOWER at term 0 for startAsFollower
2019-09-12 10:21:25,279 [pool-49-thread-1] INFO  impl.RoleInfo (RoleInfo.java:updateAndGet(143)) - 0de21071-135c-4e9f-9147-689c91c53707: start FollowerState
2019-09-12 10:21:25,280 [pool-49-thread-1] INFO  util.JmxRegister (JmxRegister.java:tryRegister(44)) - Successfully registered JMX Bean with object name Ratis:service=RaftServer,group=group-D5AA41E97D8D,id=0de21071-135c-4e9f-9147-689c91c53707
2019-09-12 10:21:25,291 [RatisPipelineUtilsThread] INFO  pipeline.PipelineStateManager (PipelineStateManager.java:addPipeline(56)) - Created pipeline Pipeline[ Id: dacb8ab9-e865-4c05-a88b-d5aa41e97d8d, Nodes: 0de21071-135c-4e9f-9147-689c91c53707{ip: 192.168.157.195, host: pr-hdds-1569-xtfnx-3545843844, networkLocation: /default-rack, certSerialId: null}, Type:RATIS, Factor:ONE, State:OPEN]
2019-09-12 10:21:25,308 [grpc-default-executor-0] INFO  impl.RaftServerProxy (RaftServerProxy.java:addNew(89)) - 0de21071-135c-4e9f-9147-689c91c53707: addNew group-40AA9C9B01EE:[0de21071-135c-4e9f-9147-689c91c53707:192.168.157.195:37667] returns group-40AA9C9B01EE:java.util.concurrent.CompletableFuture@47d58956[Not completed]
2019-09-12 10:21:25,310 [pool-49-thread-1] INFO  impl.RaftServerImpl (RaftServerImpl.java:<init>(93)) - 0de21071-135c-4e9f-9147-689c91c53707: new RaftServerImpl for group-40AA9C9B01EE:[0de21071-135c-4e9f-9147-689c91c53707:192.168.157.195:37667] with ContainerStateMachine:uninitialized
2019-09-12 10:21:25,311 [pool-49-thread-1] INFO  server.RaftServerConfigKeys (ConfUtils.java:logGet(43)) - raft.server.rpc.timeout.min = 5s (custom)
2019-09-12 10:21:25,311 [pool-49-thread-1] INFO  server.RaftServerConfigKeys (ConfUtils.java:logGet(43)) - raft.server.rpc.timeout.max = 5200ms (custom)
2019-09-12 10:21:25,311 [pool-49-thread-1] INFO  server.RaftServerConfigKeys (ConfUtils.java:logGet(43)) - raft.server.rpcslowness.timeout = 120s (custom)
2019-09-12 10:21:25,312 [pool-49-thread-1] INFO  server.RaftServerConfigKeys (ConfUtils.java:logGet(43)) - raft.server.sleep.deviation.threshold = 300 (default)
2019-09-12 10:21:25,312 [pool-49-thread-1] INFO  server.RaftServerConfigKeys (ConfUtils.java:logGet(43)) - raft.server.log.appender.install.snapshot.enabled = false (custom)
2019-09-12 10:21:25,312 [pool-49-thread-1] INFO  impl.RaftServerImpl (ServerState.java:<init>(105)) - 0de21071-135c-4e9f-9147-689c91c53707:group-40AA9C9B01EE ConfigurationManager, init=-1: [0de21071-135c-4e9f-9147-689c91c53707:192.168.157.195:37667], old=null, confs=<EMPTY_MAP>
2019-09-12 10:21:25,313 [pool-49-thread-1] INFO  server.RaftServerConfigKeys (ConfUtils.java:logGet(43)) - raft.server.storage.dir = [/workdir/hadoop-ozone/integration-test/target/test-dir/MiniOzoneClusterImpl-8a368e31-8812-42c3-a9b0-be5bfd809ffd/datanode-2/data/ratis] (custom)
2019-09-12 10:21:25,313 [pool-49-thread-1] INFO  storage.RaftStorageDirectory (RaftStorageDirectory.java:analyzeStorage(246)) - The storage directory /workdir/hadoop-ozone/integration-test/target/test-dir/MiniOzoneClusterImpl-8a368e31-8812-42c3-a9b0-be5bfd809ffd/datanode-2/data/ratis/9d820ca8-6771-47cc-be0e-40aa9c9b01ee does not exist. Creating ...
2019-09-12 10:21:25,327 [pool-49-thread-1] INFO  storage.RaftStorageDirectory (RaftStorageDirectory.java:tryLock(328)) - Lock on /workdir/hadoop-ozone/integration-test/target/test-dir/MiniOzoneClusterImpl-8a368e31-8812-42c3-a9b0-be5bfd809ffd/datanode-2/data/ratis/9d820ca8-6771-47cc-be0e-40aa9c9b01ee/in_use.lock acquired by nodename 12969@pr-hdds-1569-xtfnx-3545843844
2019-09-12 10:21:25,341 [pool-49-thread-1] INFO  storage.RaftStorage (RaftStorage.java:format(72)) - Storage directory /workdir/hadoop-ozone/integration-test/target/test-dir/MiniOzoneClusterImpl-8a368e31-8812-42c3-a9b0-be5bfd809ffd/datanode-2/data/ratis/9d820ca8-6771-47cc-be0e-40aa9c9b01ee has been successfully formatted.
2019-09-12 10:21:25,341 [pool-49-thread-1] INFO  ratis.ContainerStateMachine (ContainerStateMachine.java:loadSnapshot(226)) - group-40AA9C9B01EE: The snapshot info is null. Setting the last applied indexto:(t:0, i:~)
2019-09-12 10:21:25,341 [pool-49-thread-1] INFO  server.RaftServerConfigKeys (ConfUtils.java:logGet(43)) - raft.server.leader.election.timeout = 120s (custom)
2019-09-12 10:21:25,341 [pool-49-thread-1] INFO  server.RaftServerConfigKeys (ConfUtils.java:logGet(43)) - raft.server.log.use.memory = false (default)
2019-09-12 10:21:25,342 [pool-49-thread-1] INFO  server.RaftServerConfigKeys (ConfUtils.java:logGet(43)) - raft.server.log.purge.gap = 1000000 (custom)
2019-09-12 10:21:25,342 [pool-49-thread-1] INFO  server.RaftServerConfigKeys (ConfUtils.java:logGet(43)) - raft.server.log.appender.buffer.byte-limit = 33554432 (custom)
2019-09-12 10:21:25,342 [pool-49-thread-1] INFO  server.RaftServerConfigKeys (ConfUtils.java:logGet(43)) - raft.server.log.segment.size.max = 1048576 (custom)
2019-09-12 10:21:25,342 [pool-49-thread-1] INFO  server.RaftServerConfigKeys (ConfUtils.java:logGet(43)) - raft.server.log.segment.cache.num.max = 2 (custom)
2019-09-12 10:21:25,342 [pool-49-thread-1] INFO  segmented.SegmentedRaftLogWorker (SegmentedRaftLogWorker.java:<init>(172)) - new 0de21071-135c-4e9f-9147-689c91c53707-SegmentedRaftLogWorker:Storage Directory /workdir/hadoop-ozone/integration-test/target/test-dir/MiniOzoneClusterImpl-8a368e31-8812-42c3-a9b0-be5bfd809ffd/datanode-2/data/ratis/9d820ca8-6771-47cc-be0e-40aa9c9b01ee for RaftStorage:Storage Directory /workdir/hadoop-ozone/integration-test/target/test-dir/MiniOzoneClusterImpl-8a368e31-8812-42c3-a9b0-be5bfd809ffd/datanode-2/data/ratis/9d820ca8-6771-47cc-be0e-40aa9c9b01ee
2019-09-12 10:21:25,343 [pool-49-thread-1] INFO  server.RaftServerConfigKeys (ConfUtils.java:logGet(43)) - raft.server.log.queue.byte-limit = 2147483647 (custom)
2019-09-12 10:21:25,343 [pool-49-thread-1] INFO  server.RaftServerConfigKeys (ConfUtils.java:logGet(43)) - raft.server.log.queue.element-limit = 1024 (custom)
2019-09-12 10:21:25,343 [pool-49-thread-1] INFO  server.RaftServerConfigKeys (ConfUtils.java:logGet(43)) - raft.server.log.segment.size.max = 1048576 (custom)
2019-09-12 10:21:25,343 [pool-49-thread-1] INFO  server.RaftServerConfigKeys (ConfUtils.java:logGet(43)) - raft.server.log.preallocated.size = 16384 (custom)
2019-09-12 10:21:25,343 [pool-49-thread-1] INFO  server.RaftServerConfigKeys (ConfUtils.java:logGet(43)) - raft.server.log.write.buffer.size = 33554432 (custom)
2019-09-12 10:21:25,344 [pool-49-thread-1] INFO  server.RaftServerConfigKeys (ConfUtils.java:logGet(43)) - raft.server.log.force.sync.num = 128 (default)
2019-09-12 10:21:25,344 [pool-49-thread-1] INFO  server.RaftServerConfigKeys (ConfUtils.java:logGet(43)) - raft.server.log.statemachine.data.sync = true (default)
2019-09-12 10:21:25,344 [pool-49-thread-1] INFO  server.RaftServerConfigKeys (ConfUtils.java:logGet(43)) - raft.server.log.statemachine.data.sync.timeout = 10s (default)
2019-09-12 10:21:25,344 [pool-49-thread-1] INFO  server.RaftServerConfigKeys (ConfUtils.java:logGet(43)) - raft.server.log.statemachine.data.sync.timeout.retry = -1 (default)
2019-09-12 10:21:25,344 [pool-49-thread-1] INFO  server.RaftServerConfigKeys (ConfUtils.java:logGet(43)) - raft.server.log.statemachine.data.caching.enabled = true (custom)
2019-09-12 10:21:25,345 [pool-49-thread-1] INFO  segmented.SegmentedRaftLogWorker (SegmentedRaftLogWorker.java:lambda$new$0(132)) - 0de21071-135c-4e9f-9147-689c91c53707-SegmentedRaftLogWorker:Storage Directory /workdir/hadoop-ozone/integration-test/target/test-dir/MiniOzoneClusterImpl-8a368e31-8812-42c3-a9b0-be5bfd809ffd/datanode-2/data/ratis/9d820ca8-6771-47cc-be0e-40aa9c9b01ee: flushIndex: setUnconditionally 0 -> -1
2019-09-12 10:21:25,345 [pool-49-thread-1] INFO  server.RaftServerConfigKeys (ConfUtils.java:logGet(43)) - raft.server.snapshot.auto.trigger.enabled = true (custom)
2019-09-12 10:21:25,346 [pool-49-thread-1] INFO  server.RaftServerConfigKeys (ConfUtils.java:logGet(43)) - raft.server.snapshot.auto.trigger.threshold = 10000 (custom)
2019-09-12 10:21:25,346 [pool-49-thread-1] INFO  server.RaftServerConfigKeys (ConfUtils.java:logGet(43)) - raft.server.retrycache.expirytime = 600000ms (custom)
2019-09-12 10:21:25,346 [pool-49-thread-1] INFO  impl.RaftServerImpl (RaftServerImpl.java:start(180)) - 0de21071-135c-4e9f-9147-689c91c53707: start group-40AA9C9B01EE
2019-09-12 10:21:25,346 [pool-49-thread-1] INFO  impl.RaftServerImpl (RaftServerImpl.java:setRole(171)) - 0de21071-135c-4e9f-9147-689c91c53707:group-40AA9C9B01EE changes role from null to FOLLOWER at term 0 for startAsFollower
2019-09-12 10:21:25,347 [pool-49-thread-1] INFO  impl.RoleInfo (RoleInfo.java:updateAndGet(143)) - 0de21071-135c-4e9f-9147-689c91c53707: start FollowerState
2019-09-12 10:21:25,347 [pool-49-thread-1] INFO  util.JmxRegister (JmxRegister.java:tryRegister(44)) - Successfully registered JMX Bean with object name Ratis:service=RaftServer,group=group-40AA9C9B01EE,id=0de21071-135c-4e9f-9147-689c91c53707
2019-09-12 10:21:25,359 [RatisPipelineUtilsThread] INFO  pipeline.PipelineStateManager (PipelineStateManager.java:addPipeline(56)) - Created pipeline Pipeline[ Id: 9d820ca8-6771-47cc-be0e-40aa9c9b01ee, Nodes: 0de21071-135c-4e9f-9147-689c91c53707{ip: 192.168.157.195, host: pr-hdds-1569-xtfnx-3545843844, networkLocation: /default-rack, certSerialId: null}, Type:RATIS, Factor:ONE, State:OPEN]
2019-09-12 10:21:25,380 [grpc-default-executor-0] INFO  impl.RaftServerProxy (RaftServerProxy.java:addNew(89)) - 5ad3b1f4-7cb1-4e63-b16b-8b3fa333f3d3: addNew group-D064594A9E7B:[5ad3b1f4-7cb1-4e63-b16b-8b3fa333f3d3:192.168.157.195:37868] returns group-D064594A9E7B:java.util.concurrent.CompletableFuture@1015b2d3[Not completed]
2019-09-12 10:21:25,391 [pool-38-thread-1] INFO  impl.RaftServerImpl (RaftServerImpl.java:<init>(93)) - 5ad3b1f4-7cb1-4e63-b16b-8b3fa333f3d3: new RaftServerImpl for group-D064594A9E7B:[5ad3b1f4-7cb1-4e63-b16b-8b3fa333f3d3:192.168.157.195:37868] with ContainerStateMachine:uninitialized
2019-09-12 10:21:25,396 [pool-38-thread-1] INFO  server.RaftServerConfigKeys (ConfUtils.java:logGet(43)) - raft.server.rpc.timeout.min = 5s (custom)
2019-09-12 10:21:25,396 [pool-38-thread-1] INFO  server.RaftServerConfigKeys (ConfUtils.java:logGet(43)) - raft.server.rpc.timeout.max = 5200ms (custom)
2019-09-12 10:21:25,396 [pool-38-thread-1] INFO  server.RaftServerConfigKeys (ConfUtils.java:logGet(43)) - raft.server.rpcslowness.timeout = 120s (custom)
2019-09-12 10:21:25,396 [pool-38-thread-1] INFO  server.RaftServerConfigKeys (ConfUtils.java:logGet(43)) - raft.server.sleep.deviation.threshold = 300 (default)
2019-09-12 10:21:25,396 [pool-38-thread-1] INFO  server.RaftServerConfigKeys (ConfUtils.java:logGet(43)) - raft.server.log.appender.install.snapshot.enabled = false (custom)
2019-09-12 10:21:25,397 [pool-38-thread-1] INFO  impl.RaftServerImpl (ServerState.java:<init>(105)) - 5ad3b1f4-7cb1-4e63-b16b-8b3fa333f3d3:group-D064594A9E7B ConfigurationManager, init=-1: [5ad3b1f4-7cb1-4e63-b16b-8b3fa333f3d3:192.168.157.195:37868], old=null, confs=<EMPTY_MAP>
2019-09-12 10:21:25,397 [pool-38-thread-1] INFO  server.RaftServerConfigKeys (ConfUtils.java:logGet(43)) - raft.server.storage.dir = [/workdir/hadoop-ozone/integration-test/target/test-dir/MiniOzoneClusterImpl-8a368e31-8812-42c3-a9b0-be5bfd809ffd/datanode-1/data/ratis] (custom)
2019-09-12 10:21:25,397 [pool-38-thread-1] INFO  storage.RaftStorageDirectory (RaftStorageDirectory.java:analyzeStorage(246)) - The storage directory /workdir/hadoop-ozone/integration-test/target/test-dir/MiniOzoneClusterImpl-8a368e31-8812-42c3-a9b0-be5bfd809ffd/datanode-1/data/ratis/a2609fa2-0869-4b5a-b3d2-d064594a9e7b does not exist. Creating ...
2019-09-12 10:21:25,411 [pool-38-thread-1] INFO  storage.RaftStorageDirectory (RaftStorageDirectory.java:tryLock(328)) - Lock on /workdir/hadoop-ozone/integration-test/target/test-dir/MiniOzoneClusterImpl-8a368e31-8812-42c3-a9b0-be5bfd809ffd/datanode-1/data/ratis/a2609fa2-0869-4b5a-b3d2-d064594a9e7b/in_use.lock acquired by nodename 12969@pr-hdds-1569-xtfnx-3545843844
2019-09-12 10:21:25,423 [pool-38-thread-1] INFO  storage.RaftStorage (RaftStorage.java:format(72)) - Storage directory /workdir/hadoop-ozone/integration-test/target/test-dir/MiniOzoneClusterImpl-8a368e31-8812-42c3-a9b0-be5bfd809ffd/datanode-1/data/ratis/a2609fa2-0869-4b5a-b3d2-d064594a9e7b has been successfully formatted.
2019-09-12 10:21:25,424 [pool-38-thread-1] INFO  ratis.ContainerStateMachine (ContainerStateMachine.java:loadSnapshot(226)) - group-D064594A9E7B: The snapshot info is null. Setting the last applied indexto:(t:0, i:~)
2019-09-12 10:21:25,424 [pool-38-thread-1] INFO  server.RaftServerConfigKeys (ConfUtils.java:logGet(43)) - raft.server.leader.election.timeout = 120s (custom)
2019-09-12 10:21:25,424 [pool-38-thread-1] INFO  server.RaftServerConfigKeys (ConfUtils.java:logGet(43)) - raft.server.log.use.memory = false (default)
2019-09-12 10:21:25,425 [pool-38-thread-1] INFO  server.RaftServerConfigKeys (ConfUtils.java:logGet(43)) - raft.server.log.purge.gap = 1000000 (custom)
2019-09-12 10:21:25,425 [pool-38-thread-1] INFO  server.RaftServerConfigKeys (ConfUtils.java:logGet(43)) - raft.server.log.appender.buffer.byte-limit = 33554432 (custom)
2019-09-12 10:21:25,425 [pool-38-thread-1] INFO  server.RaftServerConfigKeys (ConfUtils.java:logGet(43)) - raft.server.log.segment.size.max = 1048576 (custom)
2019-09-12 10:21:25,425 [pool-38-thread-1] INFO  server.RaftServerConfigKeys (ConfUtils.java:logGet(43)) - raft.server.log.segment.cache.num.max = 2 (custom)
2019-09-12 10:21:25,425 [pool-38-thread-1] INFO  segmented.SegmentedRaftLogWorker (SegmentedRaftLogWorker.java:<init>(172)) - new 5ad3b1f4-7cb1-4e63-b16b-8b3fa333f3d3-SegmentedRaftLogWorker:Storage Directory /workdir/hadoop-ozone/integration-test/target/test-dir/MiniOzoneClusterImpl-8a368e31-8812-42c3-a9b0-be5bfd809ffd/datanode-1/data/ratis/a2609fa2-0869-4b5a-b3d2-d064594a9e7b for RaftStorage:Storage Directory /workdir/hadoop-ozone/integration-test/target/test-dir/MiniOzoneClusterImpl-8a368e31-8812-42c3-a9b0-be5bfd809ffd/datanode-1/data/ratis/a2609fa2-0869-4b5a-b3d2-d064594a9e7b
2019-09-12 10:21:25,426 [pool-38-thread-1] INFO  server.RaftServerConfigKeys (ConfUtils.java:logGet(43)) - raft.server.log.queue.byte-limit = 2147483647 (custom)
2019-09-12 10:21:25,426 [pool-38-thread-1] INFO  server.RaftServerConfigKeys (ConfUtils.java:logGet(43)) - raft.server.log.queue.element-limit = 1024 (custom)
2019-09-12 10:21:25,426 [pool-38-thread-1] INFO  server.RaftServerConfigKeys (ConfUtils.java:logGet(43)) - raft.server.log.segment.size.max = 1048576 (custom)
2019-09-12 10:21:25,426 [pool-38-thread-1] INFO  server.RaftServerConfigKeys (ConfUtils.java:logGet(43)) - raft.server.log.preallocated.size = 16384 (custom)
2019-09-12 10:21:25,426 [pool-38-thread-1] INFO  server.RaftServerConfigKeys (ConfUtils.java:logGet(43)) - raft.server.log.write.buffer.size = 33554432 (custom)
2019-09-12 10:21:25,427 [pool-38-thread-1] INFO  server.RaftServerConfigKeys (ConfUtils.java:logGet(43)) - raft.server.log.force.sync.num = 128 (default)
2019-09-12 10:21:25,427 [pool-38-thread-1] INFO  server.RaftServerConfigKeys (ConfUtils.java:logGet(43)) - raft.server.log.statemachine.data.sync = true (default)
2019-09-12 10:21:25,427 [pool-38-thread-1] INFO  server.RaftServerConfigKeys (ConfUtils.java:logGet(43)) - raft.server.log.statemachine.data.sync.timeout = 10s (default)
2019-09-12 10:21:25,427 [pool-38-thread-1] INFO  server.RaftServerConfigKeys (ConfUtils.java:logGet(43)) - raft.server.log.statemachine.data.sync.timeout.retry = -1 (default)
2019-09-12 10:21:25,428 [pool-38-thread-1] INFO  server.RaftServerConfigKeys (ConfUtils.java:logGet(43)) - raft.server.log.statemachine.data.caching.enabled = true (custom)
2019-09-12 10:21:25,428 [pool-38-thread-1] INFO  segmented.SegmentedRaftLogWorker (SegmentedRaftLogWorker.java:lambda$new$0(132)) - 5ad3b1f4-7cb1-4e63-b16b-8b3fa333f3d3-SegmentedRaftLogWorker:Storage Directory /workdir/hadoop-ozone/integration-test/target/test-dir/MiniOzoneClusterImpl-8a368e31-8812-42c3-a9b0-be5bfd809ffd/datanode-1/data/ratis/a2609fa2-0869-4b5a-b3d2-d064594a9e7b: flushIndex: setUnconditionally 0 -> -1
2019-09-12 10:21:25,428 [pool-38-thread-1] INFO  server.RaftServerConfigKeys (ConfUtils.java:logGet(43)) - raft.server.snapshot.auto.trigger.enabled = true (custom)
2019-09-12 10:21:25,428 [pool-38-thread-1] INFO  server.RaftServerConfigKeys (ConfUtils.java:logGet(43)) - raft.server.snapshot.auto.trigger.threshold = 10000 (custom)
2019-09-12 10:21:25,429 [pool-38-thread-1] INFO  server.RaftServerConfigKeys (ConfUtils.java:logGet(43)) - raft.server.retrycache.expirytime = 600000ms (custom)
2019-09-12 10:21:25,429 [pool-38-thread-1] INFO  impl.RaftServerImpl (RaftServerImpl.java:start(180)) - 5ad3b1f4-7cb1-4e63-b16b-8b3fa333f3d3: start group-D064594A9E7B
2019-09-12 10:21:25,429 [pool-38-thread-1] INFO  impl.RaftServerImpl (RaftServerImpl.java:setRole(171)) - 5ad3b1f4-7cb1-4e63-b16b-8b3fa333f3d3:group-D064594A9E7B changes role from null to FOLLOWER at term 0 for startAsFollower
2019-09-12 10:21:25,429 [pool-38-thread-1] INFO  impl.RoleInfo (RoleInfo.java:updateAndGet(143)) - 5ad3b1f4-7cb1-4e63-b16b-8b3fa333f3d3: start FollowerState
2019-09-12 10:21:25,430 [pool-38-thread-1] INFO  util.JmxRegister (JmxRegister.java:tryRegister(44)) - Successfully registered JMX Bean with object name Ratis:service=RaftServer,group=group-D064594A9E7B,id=5ad3b1f4-7cb1-4e63-b16b-8b3fa333f3d3
2019-09-12 10:21:25,442 [RatisPipelineUtilsThread] INFO  pipeline.PipelineStateManager (PipelineStateManager.java:addPipeline(56)) - Created pipeline Pipeline[ Id: a2609fa2-0869-4b5a-b3d2-d064594a9e7b, Nodes: 5ad3b1f4-7cb1-4e63-b16b-8b3fa333f3d3{ip: 192.168.157.195, host: pr-hdds-1569-xtfnx-3545843844, networkLocation: /default-rack, certSerialId: null}, Type:RATIS, Factor:ONE, State:OPEN]
2019-09-12 10:21:25,460 [grpc-default-executor-0] INFO  impl.RaftServerProxy (RaftServerProxy.java:addNew(89)) - 97d69fd4-8e52-4023-8fa6-54c6b0949aa9: addNew group-CD90BAA0949C:[97d69fd4-8e52-4023-8fa6-54c6b0949aa9:192.168.157.195:38621] returns group-CD90BAA0949C:java.util.concurrent.CompletableFuture@3ed23fff[Not completed]
2019-09-12 10:21:25,462 [pool-60-thread-1] INFO  impl.RaftServerImpl (RaftServerImpl.java:<init>(93)) - 97d69fd4-8e52-4023-8fa6-54c6b0949aa9: new RaftServerImpl for group-CD90BAA0949C:[97d69fd4-8e52-4023-8fa6-54c6b0949aa9:192.168.157.195:38621] with ContainerStateMachine:uninitialized
2019-09-12 10:21:25,462 [pool-60-thread-1] INFO  server.RaftServerConfigKeys (ConfUtils.java:logGet(43)) - raft.server.rpc.timeout.min = 5s (custom)
2019-09-12 10:21:25,463 [pool-60-thread-1] INFO  server.RaftServerConfigKeys (ConfUtils.java:logGet(43)) - raft.server.rpc.timeout.max = 5200ms (custom)
2019-09-12 10:21:25,463 [pool-60-thread-1] INFO  server.RaftServerConfigKeys (ConfUtils.java:logGet(43)) - raft.server.rpcslowness.timeout = 120s (custom)
2019-09-12 10:21:25,463 [pool-60-thread-1] INFO  server.RaftServerConfigKeys (ConfUtils.java:logGet(43)) - raft.server.sleep.deviation.threshold = 300 (default)
2019-09-12 10:21:25,463 [pool-60-thread-1] INFO  server.RaftServerConfigKeys (ConfUtils.java:logGet(43)) - raft.server.log.appender.install.snapshot.enabled = false (custom)
2019-09-12 10:21:25,463 [pool-60-thread-1] INFO  impl.RaftServerImpl (ServerState.java:<init>(105)) - 97d69fd4-8e52-4023-8fa6-54c6b0949aa9:group-CD90BAA0949C ConfigurationManager, init=-1: [97d69fd4-8e52-4023-8fa6-54c6b0949aa9:192.168.157.195:38621], old=null, confs=<EMPTY_MAP>
2019-09-12 10:21:25,464 [pool-60-thread-1] INFO  server.RaftServerConfigKeys (ConfUtils.java:logGet(43)) - raft.server.storage.dir = [/workdir/hadoop-ozone/integration-test/target/test-dir/MiniOzoneClusterImpl-8a368e31-8812-42c3-a9b0-be5bfd809ffd/datanode-3/data/ratis] (custom)
2019-09-12 10:21:25,464 [pool-60-thread-1] INFO  storage.RaftStorageDirectory (RaftStorageDirectory.java:analyzeStorage(246)) - The storage directory /workdir/hadoop-ozone/integration-test/target/test-dir/MiniOzoneClusterImpl-8a368e31-8812-42c3-a9b0-be5bfd809ffd/datanode-3/data/ratis/5f00b2ba-70d8-482b-ad9a-cd90baa0949c does not exist. Creating ...
2019-09-12 10:21:25,476 [pool-60-thread-1] INFO  storage.RaftStorageDirectory (RaftStorageDirectory.java:tryLock(328)) - Lock on /workdir/hadoop-ozone/integration-test/target/test-dir/MiniOzoneClusterImpl-8a368e31-8812-42c3-a9b0-be5bfd809ffd/datanode-3/data/ratis/5f00b2ba-70d8-482b-ad9a-cd90baa0949c/in_use.lock acquired by nodename 12969@pr-hdds-1569-xtfnx-3545843844
2019-09-12 10:21:25,489 [pool-60-thread-1] INFO  storage.RaftStorage (RaftStorage.java:format(72)) - Storage directory /workdir/hadoop-ozone/integration-test/target/test-dir/MiniOzoneClusterImpl-8a368e31-8812-42c3-a9b0-be5bfd809ffd/datanode-3/data/ratis/5f00b2ba-70d8-482b-ad9a-cd90baa0949c has been successfully formatted.
2019-09-12 10:21:25,489 [pool-60-thread-1] INFO  ratis.ContainerStateMachine (ContainerStateMachine.java:loadSnapshot(226)) - group-CD90BAA0949C: The snapshot info is null. Setting the last applied indexto:(t:0, i:~)
2019-09-12 10:21:25,490 [pool-60-thread-1] INFO  server.RaftServerConfigKeys (ConfUtils.java:logGet(43)) - raft.server.leader.election.timeout = 120s (custom)
2019-09-12 10:21:25,490 [pool-60-thread-1] INFO  server.RaftServerConfigKeys (ConfUtils.java:logGet(43)) - raft.server.log.use.memory = false (default)
2019-09-12 10:21:25,490 [pool-60-thread-1] INFO  server.RaftServerConfigKeys (ConfUtils.java:logGet(43)) - raft.server.log.purge.gap = 1000000 (custom)
2019-09-12 10:21:25,490 [pool-60-thread-1] INFO  server.RaftServerConfigKeys (ConfUtils.java:logGet(43)) - raft.server.log.appender.buffer.byte-limit = 33554432 (custom)
2019-09-12 10:21:25,490 [pool-60-thread-1] INFO  server.RaftServerConfigKeys (ConfUtils.java:logGet(43)) - raft.server.log.segment.size.max = 1048576 (custom)
2019-09-12 10:21:25,490 [pool-60-thread-1] INFO  server.RaftServerConfigKeys (ConfUtils.java:logGet(43)) - raft.server.log.segment.cache.num.max = 2 (custom)
2019-09-12 10:21:25,490 [pool-60-thread-1] INFO  segmented.SegmentedRaftLogWorker (SegmentedRaftLogWorker.java:<init>(172)) - new 97d69fd4-8e52-4023-8fa6-54c6b0949aa9-SegmentedRaftLogWorker:Storage Directory /workdir/hadoop-ozone/integration-test/target/test-dir/MiniOzoneClusterImpl-8a368e31-8812-42c3-a9b0-be5bfd809ffd/datanode-3/data/ratis/5f00b2ba-70d8-482b-ad9a-cd90baa0949c for RaftStorage:Storage Directory /workdir/hadoop-ozone/integration-test/target/test-dir/MiniOzoneClusterImpl-8a368e31-8812-42c3-a9b0-be5bfd809ffd/datanode-3/data/ratis/5f00b2ba-70d8-482b-ad9a-cd90baa0949c
2019-09-12 10:21:25,491 [pool-60-thread-1] INFO  server.RaftServerConfigKeys (ConfUtils.java:logGet(43)) - raft.server.log.queue.byte-limit = 2147483647 (custom)
2019-09-12 10:21:25,491 [pool-60-thread-1] INFO  server.RaftServerConfigKeys (ConfUtils.java:logGet(43)) - raft.server.log.queue.element-limit = 1024 (custom)
2019-09-12 10:21:25,491 [pool-60-thread-1] INFO  server.RaftServerConfigKeys (ConfUtils.java:logGet(43)) - raft.server.log.segment.size.max = 1048576 (custom)
2019-09-12 10:21:25,491 [pool-60-thread-1] INFO  server.RaftServerConfigKeys (ConfUtils.java:logGet(43)) - raft.server.log.preallocated.size = 16384 (custom)
2019-09-12 10:21:25,491 [pool-60-thread-1] INFO  server.RaftServerConfigKeys (ConfUtils.java:logGet(43)) - raft.server.log.write.buffer.size = 33554432 (custom)
2019-09-12 10:21:25,491 [pool-60-thread-1] INFO  server.RaftServerConfigKeys (ConfUtils.java:logGet(43)) - raft.server.log.force.sync.num = 128 (default)
2019-09-12 10:21:25,492 [pool-60-thread-1] INFO  server.RaftServerConfigKeys (ConfUtils.java:logGet(43)) - raft.server.log.statemachine.data.sync = true (default)
2019-09-12 10:21:25,492 [pool-60-thread-1] INFO  server.RaftServerConfigKeys (ConfUtils.java:logGet(43)) - raft.server.log.statemachine.data.sync.timeout = 10s (default)
2019-09-12 10:21:25,492 [pool-60-thread-1] INFO  server.RaftServerConfigKeys (ConfUtils.java:logGet(43)) - raft.server.log.statemachine.data.sync.timeout.retry = -1 (default)
2019-09-12 10:21:25,492 [pool-60-thread-1] INFO  server.RaftServerConfigKeys (ConfUtils.java:logGet(43)) - raft.server.log.statemachine.data.caching.enabled = true (custom)
2019-09-12 10:21:25,492 [pool-60-thread-1] INFO  segmented.SegmentedRaftLogWorker (SegmentedRaftLogWorker.java:lambda$new$0(132)) - 97d69fd4-8e52-4023-8fa6-54c6b0949aa9-SegmentedRaftLogWorker:Storage Directory /workdir/hadoop-ozone/integration-test/target/test-dir/MiniOzoneClusterImpl-8a368e31-8812-42c3-a9b0-be5bfd809ffd/datanode-3/data/ratis/5f00b2ba-70d8-482b-ad9a-cd90baa0949c: flushIndex: setUnconditionally 0 -> -1
2019-09-12 10:21:25,493 [pool-60-thread-1] INFO  server.RaftServerConfigKeys (ConfUtils.java:logGet(43)) - raft.server.snapshot.auto.trigger.enabled = true (custom)
2019-09-12 10:21:25,493 [pool-60-thread-1] INFO  server.RaftServerConfigKeys (ConfUtils.java:logGet(43)) - raft.server.snapshot.auto.trigger.threshold = 10000 (custom)
2019-09-12 10:21:25,493 [pool-60-thread-1] INFO  server.RaftServerConfigKeys (ConfUtils.java:logGet(43)) - raft.server.retrycache.expirytime = 600000ms (custom)
2019-09-12 10:21:25,493 [pool-60-thread-1] INFO  impl.RaftServerImpl (RaftServerImpl.java:start(180)) - 97d69fd4-8e52-4023-8fa6-54c6b0949aa9: start group-CD90BAA0949C
2019-09-12 10:21:25,494 [pool-60-thread-1] INFO  impl.RaftServerImpl (RaftServerImpl.java:setRole(171)) - 97d69fd4-8e52-4023-8fa6-54c6b0949aa9:group-CD90BAA0949C changes role from null to FOLLOWER at term 0 for startAsFollower
2019-09-12 10:21:25,494 [pool-60-thread-1] INFO  impl.RoleInfo (RoleInfo.java:updateAndGet(143)) - 97d69fd4-8e52-4023-8fa6-54c6b0949aa9: start FollowerState
2019-09-12 10:21:25,494 [pool-60-thread-1] INFO  util.JmxRegister (JmxRegister.java:tryRegister(44)) - Successfully registered JMX Bean with object name Ratis:service=RaftServer,group=group-CD90BAA0949C,id=97d69fd4-8e52-4023-8fa6-54c6b0949aa9
2019-09-12 10:21:25,504 [RatisPipelineUtilsThread] INFO  pipeline.PipelineStateManager (PipelineStateManager.java:addPipeline(56)) - Created pipeline Pipeline[ Id: 5f00b2ba-70d8-482b-ad9a-cd90baa0949c, Nodes: 97d69fd4-8e52-4023-8fa6-54c6b0949aa9{ip: 192.168.157.195, host: pr-hdds-1569-xtfnx-3545843844, networkLocation: /default-rack, certSerialId: null}, Type:RATIS, Factor:ONE, State:OPEN]
2019-09-12 10:21:25,524 [grpc-default-executor-0] INFO  impl.RaftServerProxy (RaftServerProxy.java:addNew(89)) - 5ad3b1f4-7cb1-4e63-b16b-8b3fa333f3d3: addNew group-6314932063E9:[5ad3b1f4-7cb1-4e63-b16b-8b3fa333f3d3:192.168.157.195:37868] returns group-6314932063E9:java.util.concurrent.CompletableFuture@704bb3f9[Not completed]
2019-09-12 10:21:25,525 [pool-38-thread-1] INFO  impl.RaftServerImpl (RaftServerImpl.java:<init>(93)) - 5ad3b1f4-7cb1-4e63-b16b-8b3fa333f3d3: new RaftServerImpl for group-6314932063E9:[5ad3b1f4-7cb1-4e63-b16b-8b3fa333f3d3:192.168.157.195:37868] with ContainerStateMachine:uninitialized
2019-09-12 10:21:25,525 [pool-38-thread-1] INFO  server.RaftServerConfigKeys (ConfUtils.java:logGet(43)) - raft.server.rpc.timeout.min = 5s (custom)
2019-09-12 10:21:25,526 [pool-38-thread-1] INFO  server.RaftServerConfigKeys (ConfUtils.java:logGet(43)) - raft.server.rpc.timeout.max = 5200ms (custom)
2019-09-12 10:21:25,526 [pool-38-thread-1] INFO  server.RaftServerConfigKeys (ConfUtils.java:logGet(43)) - raft.server.rpcslowness.timeout = 120s (custom)
2019-09-12 10:21:25,526 [pool-38-thread-1] INFO  server.RaftServerConfigKeys (ConfUtils.java:logGet(43)) - raft.server.sleep.deviation.threshold = 300 (default)
2019-09-12 10:21:25,526 [pool-38-thread-1] INFO  server.RaftServerConfigKeys (ConfUtils.java:logGet(43)) - raft.server.log.appender.install.snapshot.enabled = false (custom)
2019-09-12 10:21:25,526 [pool-38-thread-1] INFO  impl.RaftServerImpl (ServerState.java:<init>(105)) - 5ad3b1f4-7cb1-4e63-b16b-8b3fa333f3d3:group-6314932063E9 ConfigurationManager, init=-1: [5ad3b1f4-7cb1-4e63-b16b-8b3fa333f3d3:192.168.157.195:37868], old=null, confs=<EMPTY_MAP>
2019-09-12 10:21:25,526 [pool-38-thread-1] INFO  server.RaftServerConfigKeys (ConfUtils.java:logGet(43)) - raft.server.storage.dir = [/workdir/hadoop-ozone/integration-test/target/test-dir/MiniOzoneClusterImpl-8a368e31-8812-42c3-a9b0-be5bfd809ffd/datanode-1/data/ratis] (custom)
2019-09-12 10:21:25,527 [pool-38-thread-1] INFO  storage.RaftStorageDirectory (RaftStorageDirectory.java:analyzeStorage(246)) - The storage directory /workdir/hadoop-ozone/integration-test/target/test-dir/MiniOzoneClusterImpl-8a368e31-8812-42c3-a9b0-be5bfd809ffd/datanode-1/data/ratis/cb33d540-18f4-46ea-b30a-6314932063e9 does not exist. Creating ...
2019-09-12 10:21:25,544 [pool-38-thread-1] INFO  storage.RaftStorageDirectory (RaftStorageDirectory.java:tryLock(328)) - Lock on /workdir/hadoop-ozone/integration-test/target/test-dir/MiniOzoneClusterImpl-8a368e31-8812-42c3-a9b0-be5bfd809ffd/datanode-1/data/ratis/cb33d540-18f4-46ea-b30a-6314932063e9/in_use.lock acquired by nodename 12969@pr-hdds-1569-xtfnx-3545843844
2019-09-12 10:21:25,557 [pool-38-thread-1] INFO  storage.RaftStorage (RaftStorage.java:format(72)) - Storage directory /workdir/hadoop-ozone/integration-test/target/test-dir/MiniOzoneClusterImpl-8a368e31-8812-42c3-a9b0-be5bfd809ffd/datanode-1/data/ratis/cb33d540-18f4-46ea-b30a-6314932063e9 has been successfully formatted.
2019-09-12 10:21:25,558 [pool-38-thread-1] INFO  ratis.ContainerStateMachine (ContainerStateMachine.java:loadSnapshot(226)) - group-6314932063E9: The snapshot info is null. Setting the last applied indexto:(t:0, i:~)
2019-09-12 10:21:25,558 [pool-38-thread-1] INFO  server.RaftServerConfigKeys (ConfUtils.java:logGet(43)) - raft.server.leader.election.timeout = 120s (custom)
2019-09-12 10:21:25,558 [pool-38-thread-1] INFO  server.RaftServerConfigKeys (ConfUtils.java:logGet(43)) - raft.server.log.use.memory = false (default)
2019-09-12 10:21:25,558 [pool-38-thread-1] INFO  server.RaftServerConfigKeys (ConfUtils.java:logGet(43)) - raft.server.log.purge.gap = 1000000 (custom)
2019-09-12 10:21:25,558 [pool-38-thread-1] INFO  server.RaftServerConfigKeys (ConfUtils.java:logGet(43)) - raft.server.log.appender.buffer.byte-limit = 33554432 (custom)
2019-09-12 10:21:25,559 [pool-38-thread-1] INFO  server.RaftServerConfigKeys (ConfUtils.java:logGet(43)) - raft.server.log.segment.size.max = 1048576 (custom)
2019-09-12 10:21:25,559 [pool-38-thread-1] INFO  server.RaftServerConfigKeys (ConfUtils.java:logGet(43)) - raft.server.log.segment.cache.num.max = 2 (custom)
2019-09-12 10:21:25,559 [pool-38-thread-1] INFO  segmented.SegmentedRaftLogWorker (SegmentedRaftLogWorker.java:<init>(172)) - new 5ad3b1f4-7cb1-4e63-b16b-8b3fa333f3d3-SegmentedRaftLogWorker:Storage Directory /workdir/hadoop-ozone/integration-test/target/test-dir/MiniOzoneClusterImpl-8a368e31-8812-42c3-a9b0-be5bfd809ffd/datanode-1/data/ratis/cb33d540-18f4-46ea-b30a-6314932063e9 for RaftStorage:Storage Directory /workdir/hadoop-ozone/integration-test/target/test-dir/MiniOzoneClusterImpl-8a368e31-8812-42c3-a9b0-be5bfd809ffd/datanode-1/data/ratis/cb33d540-18f4-46ea-b30a-6314932063e9
2019-09-12 10:21:25,559 [pool-38-thread-1] INFO  server.RaftServerConfigKeys (ConfUtils.java:logGet(43)) - raft.server.log.queue.byte-limit = 2147483647 (custom)
2019-09-12 10:21:25,559 [pool-38-thread-1] INFO  server.RaftServerConfigKeys (ConfUtils.java:logGet(43)) - raft.server.log.queue.element-limit = 1024 (custom)
2019-09-12 10:21:25,560 [pool-38-thread-1] INFO  server.RaftServerConfigKeys (ConfUtils.java:logGet(43)) - raft.server.log.segment.size.max = 1048576 (custom)
2019-09-12 10:21:25,560 [pool-38-thread-1] INFO  server.RaftServerConfigKeys (ConfUtils.java:logGet(43)) - raft.server.log.preallocated.size = 16384 (custom)
2019-09-12 10:21:25,560 [pool-38-thread-1] INFO  server.RaftServerConfigKeys (ConfUtils.java:logGet(43)) - raft.server.log.write.buffer.size = 33554432 (custom)
2019-09-12 10:21:25,560 [pool-38-thread-1] INFO  server.RaftServerConfigKeys (ConfUtils.java:logGet(43)) - raft.server.log.force.sync.num = 128 (default)
2019-09-12 10:21:25,560 [pool-38-thread-1] INFO  server.RaftServerConfigKeys (ConfUtils.java:logGet(43)) - raft.server.log.statemachine.data.sync = true (default)
2019-09-12 10:21:25,561 [pool-38-thread-1] INFO  server.RaftServerConfigKeys (ConfUtils.java:logGet(43)) - raft.server.log.statemachine.data.sync.timeout = 10s (default)
2019-09-12 10:21:25,561 [pool-38-thread-1] INFO  server.RaftServerConfigKeys (ConfUtils.java:logGet(43)) - raft.server.log.statemachine.data.sync.timeout.retry = -1 (default)
2019-09-12 10:21:25,561 [pool-38-thread-1] INFO  server.RaftServerConfigKeys (ConfUtils.java:logGet(43)) - raft.server.log.statemachine.data.caching.enabled = true (custom)
2019-09-12 10:21:25,561 [pool-38-thread-1] INFO  segmented.SegmentedRaftLogWorker (SegmentedRaftLogWorker.java:lambda$new$0(132)) - 5ad3b1f4-7cb1-4e63-b16b-8b3fa333f3d3-SegmentedRaftLogWorker:Storage Directory /workdir/hadoop-ozone/integration-test/target/test-dir/MiniOzoneClusterImpl-8a368e31-8812-42c3-a9b0-be5bfd809ffd/datanode-1/data/ratis/cb33d540-18f4-46ea-b30a-6314932063e9: flushIndex: setUnconditionally 0 -> -1
2019-09-12 10:21:25,562 [pool-38-thread-1] INFO  server.RaftServerConfigKeys (ConfUtils.java:logGet(43)) - raft.server.snapshot.auto.trigger.enabled = true (custom)
2019-09-12 10:21:25,562 [pool-38-thread-1] INFO  server.RaftServerConfigKeys (ConfUtils.java:logGet(43)) - raft.server.snapshot.auto.trigger.threshold = 10000 (custom)
2019-09-12 10:21:25,562 [pool-38-thread-1] INFO  server.RaftServerConfigKeys (ConfUtils.java:logGet(43)) - raft.server.retrycache.expirytime = 600000ms (custom)
2019-09-12 10:21:25,563 [pool-38-thread-1] INFO  impl.RaftServerImpl (RaftServerImpl.java:start(180)) - 5ad3b1f4-7cb1-4e63-b16b-8b3fa333f3d3: start group-6314932063E9
2019-09-12 10:21:25,563 [pool-38-thread-1] INFO  impl.RaftServerImpl (RaftServerImpl.java:setRole(171)) - 5ad3b1f4-7cb1-4e63-b16b-8b3fa333f3d3:group-6314932063E9 changes role from null to FOLLOWER at term 0 for startAsFollower
2019-09-12 10:21:25,563 [pool-38-thread-1] INFO  impl.RoleInfo (RoleInfo.java:updateAndGet(143)) - 5ad3b1f4-7cb1-4e63-b16b-8b3fa333f3d3: start FollowerState
2019-09-12 10:21:25,563 [pool-38-thread-1] INFO  util.JmxRegister (JmxRegister.java:tryRegister(44)) - Successfully registered JMX Bean with object name Ratis:service=RaftServer,group=group-6314932063E9,id=5ad3b1f4-7cb1-4e63-b16b-8b3fa333f3d3
2019-09-12 10:21:25,575 [RatisPipelineUtilsThread] INFO  pipeline.PipelineStateManager (PipelineStateManager.java:addPipeline(56)) - Created pipeline Pipeline[ Id: cb33d540-18f4-46ea-b30a-6314932063e9, Nodes: 5ad3b1f4-7cb1-4e63-b16b-8b3fa333f3d3{ip: 192.168.157.195, host: pr-hdds-1569-xtfnx-3545843844, networkLocation: /default-rack, certSerialId: null}, Type:RATIS, Factor:ONE, State:OPEN]
2019-09-12 10:21:25,596 [grpc-default-executor-0] INFO  impl.RaftServerProxy (RaftServerProxy.java:addNew(89)) - 0de21071-135c-4e9f-9147-689c91c53707: addNew group-F450F1653DF5:[0de21071-135c-4e9f-9147-689c91c53707:192.168.157.195:37667] returns group-F450F1653DF5:java.util.concurrent.CompletableFuture@69f25896[Not completed]
2019-09-12 10:21:25,598 [pool-49-thread-1] INFO  impl.RaftServerImpl (RaftServerImpl.java:<init>(93)) - 0de21071-135c-4e9f-9147-689c91c53707: new RaftServerImpl for group-F450F1653DF5:[0de21071-135c-4e9f-9147-689c91c53707:192.168.157.195:37667] with ContainerStateMachine:uninitialized
2019-09-12 10:21:25,598 [pool-49-thread-1] INFO  server.RaftServerConfigKeys (ConfUtils.java:logGet(43)) - raft.server.rpc.timeout.min = 5s (custom)
2019-09-12 10:21:25,598 [pool-49-thread-1] INFO  server.RaftServerConfigKeys (ConfUtils.java:logGet(43)) - raft.server.rpc.timeout.max = 5200ms (custom)
2019-09-12 10:21:25,599 [pool-49-thread-1] INFO  server.RaftServerConfigKeys (ConfUtils.java:logGet(43)) - raft.server.rpcslowness.timeout = 120s (custom)
2019-09-12 10:21:25,599 [pool-49-thread-1] INFO  server.RaftServerConfigKeys (ConfUtils.java:logGet(43)) - raft.server.sleep.deviation.threshold = 300 (default)
2019-09-12 10:21:25,599 [pool-49-thread-1] INFO  server.RaftServerConfigKeys (ConfUtils.java:logGet(43)) - raft.server.log.appender.install.snapshot.enabled = false (custom)
2019-09-12 10:21:25,599 [pool-49-thread-1] INFO  impl.RaftServerImpl (ServerState.java:<init>(105)) - 0de21071-135c-4e9f-9147-689c91c53707:group-F450F1653DF5 ConfigurationManager, init=-1: [0de21071-135c-4e9f-9147-689c91c53707:192.168.157.195:37667], old=null, confs=<EMPTY_MAP>
2019-09-12 10:21:25,600 [pool-49-thread-1] INFO  server.RaftServerConfigKeys (ConfUtils.java:logGet(43)) - raft.server.storage.dir = [/workdir/hadoop-ozone/integration-test/target/test-dir/MiniOzoneClusterImpl-8a368e31-8812-42c3-a9b0-be5bfd809ffd/datanode-2/data/ratis] (custom)
2019-09-12 10:21:25,600 [pool-49-thread-1] INFO  storage.RaftStorageDirectory (RaftStorageDirectory.java:analyzeStorage(246)) - The storage directory /workdir/hadoop-ozone/integration-test/target/test-dir/MiniOzoneClusterImpl-8a368e31-8812-42c3-a9b0-be5bfd809ffd/datanode-2/data/ratis/bbc6fa57-d752-4671-b71e-f450f1653df5 does not exist. Creating ...
2019-09-12 10:21:25,614 [pool-49-thread-1] INFO  storage.RaftStorageDirectory (RaftStorageDirectory.java:tryLock(328)) - Lock on /workdir/hadoop-ozone/integration-test/target/test-dir/MiniOzoneClusterImpl-8a368e31-8812-42c3-a9b0-be5bfd809ffd/datanode-2/data/ratis/bbc6fa57-d752-4671-b71e-f450f1653df5/in_use.lock acquired by nodename 12969@pr-hdds-1569-xtfnx-3545843844
2019-09-12 10:21:25,627 [pool-49-thread-1] INFO  storage.RaftStorage (RaftStorage.java:format(72)) - Storage directory /workdir/hadoop-ozone/integration-test/target/test-dir/MiniOzoneClusterImpl-8a368e31-8812-42c3-a9b0-be5bfd809ffd/datanode-2/data/ratis/bbc6fa57-d752-4671-b71e-f450f1653df5 has been successfully formatted.
2019-09-12 10:21:25,627 [pool-49-thread-1] INFO  ratis.ContainerStateMachine (ContainerStateMachine.java:loadSnapshot(226)) - group-F450F1653DF5: The snapshot info is null. Setting the last applied indexto:(t:0, i:~)
2019-09-12 10:21:25,628 [pool-49-thread-1] INFO  server.RaftServerConfigKeys (ConfUtils.java:logGet(43)) - raft.server.leader.election.timeout = 120s (custom)
2019-09-12 10:21:25,628 [pool-49-thread-1] INFO  server.RaftServerConfigKeys (ConfUtils.java:logGet(43)) - raft.server.log.use.memory = false (default)
2019-09-12 10:21:25,628 [pool-49-thread-1] INFO  server.RaftServerConfigKeys (ConfUtils.java:logGet(43)) - raft.server.log.purge.gap = 1000000 (custom)
2019-09-12 10:21:25,628 [pool-49-thread-1] INFO  server.RaftServerConfigKeys (ConfUtils.java:logGet(43)) - raft.server.log.appender.buffer.byte-limit = 33554432 (custom)
2019-09-12 10:21:25,628 [pool-49-thread-1] INFO  server.RaftServerConfigKeys (ConfUtils.java:logGet(43)) - raft.server.log.segment.size.max = 1048576 (custom)
2019-09-12 10:21:25,629 [pool-49-thread-1] INFO  server.RaftServerConfigKeys (ConfUtils.java:logGet(43)) - raft.server.log.segment.cache.num.max = 2 (custom)
2019-09-12 10:21:25,629 [pool-49-thread-1] INFO  segmented.SegmentedRaftLogWorker (SegmentedRaftLogWorker.java:<init>(172)) - new 0de21071-135c-4e9f-9147-689c91c53707-SegmentedRaftLogWorker:Storage Directory /workdir/hadoop-ozone/integration-test/target/test-dir/MiniOzoneClusterImpl-8a368e31-8812-42c3-a9b0-be5bfd809ffd/datanode-2/data/ratis/bbc6fa57-d752-4671-b71e-f450f1653df5 for RaftStorage:Storage Directory /workdir/hadoop-ozone/integration-test/target/test-dir/MiniOzoneClusterImpl-8a368e31-8812-42c3-a9b0-be5bfd809ffd/datanode-2/data/ratis/bbc6fa57-d752-4671-b71e-f450f1653df5
2019-09-12 10:21:25,629 [pool-49-thread-1] INFO  server.RaftServerConfigKeys (ConfUtils.java:logGet(43)) - raft.server.log.queue.byte-limit = 2147483647 (custom)
2019-09-12 10:21:25,629 [pool-49-thread-1] INFO  server.RaftServerConfigKeys (ConfUtils.java:logGet(43)) - raft.server.log.queue.element-limit = 1024 (custom)
2019-09-12 10:21:25,629 [pool-49-thread-1] INFO  server.RaftServerConfigKeys (ConfUtils.java:logGet(43)) - raft.server.log.segment.size.max = 1048576 (custom)
2019-09-12 10:21:25,629 [pool-49-thread-1] INFO  server.RaftServerConfigKeys (ConfUtils.java:logGet(43)) - raft.server.log.preallocated.size = 16384 (custom)
2019-09-12 10:21:25,630 [pool-49-thread-1] INFO  server.RaftServerConfigKeys (ConfUtils.java:logGet(43)) - raft.server.log.write.buffer.size = 33554432 (custom)
2019-09-12 10:21:25,630 [pool-49-thread-1] INFO  server.RaftServerConfigKeys (ConfUtils.java:logGet(43)) - raft.server.log.force.sync.num = 128 (default)
2019-09-12 10:21:25,630 [pool-49-thread-1] INFO  server.RaftServerConfigKeys (ConfUtils.java:logGet(43)) - raft.server.log.statemachine.data.sync = true (default)
2019-09-12 10:21:25,630 [pool-49-thread-1] INFO  server.RaftServerConfigKeys (ConfUtils.java:logGet(43)) - raft.server.log.statemachine.data.sync.timeout = 10s (default)
2019-09-12 10:21:25,630 [pool-49-thread-1] INFO  server.RaftServerConfigKeys (ConfUtils.java:logGet(43)) - raft.server.log.statemachine.data.sync.timeout.retry = -1 (default)
2019-09-12 10:21:25,631 [pool-49-thread-1] INFO  server.RaftServerConfigKeys (ConfUtils.java:logGet(43)) - raft.server.log.statemachine.data.caching.enabled = true (custom)
2019-09-12 10:21:25,631 [pool-49-thread-1] INFO  segmented.SegmentedRaftLogWorker (SegmentedRaftLogWorker.java:lambda$new$0(132)) - 0de21071-135c-4e9f-9147-689c91c53707-SegmentedRaftLogWorker:Storage Directory /workdir/hadoop-ozone/integration-test/target/test-dir/MiniOzoneClusterImpl-8a368e31-8812-42c3-a9b0-be5bfd809ffd/datanode-2/data/ratis/bbc6fa57-d752-4671-b71e-f450f1653df5: flushIndex: setUnconditionally 0 -> -1
2019-09-12 10:21:25,631 [pool-49-thread-1] INFO  server.RaftServerConfigKeys (ConfUtils.java:logGet(43)) - raft.server.snapshot.auto.trigger.enabled = true (custom)
2019-09-12 10:21:25,632 [pool-49-thread-1] INFO  server.RaftServerConfigKeys (ConfUtils.java:logGet(43)) - raft.server.snapshot.auto.trigger.threshold = 10000 (custom)
2019-09-12 10:21:25,632 [pool-49-thread-1] INFO  server.RaftServerConfigKeys (ConfUtils.java:logGet(43)) - raft.server.retrycache.expirytime = 600000ms (custom)
2019-09-12 10:21:25,632 [pool-49-thread-1] INFO  impl.RaftServerImpl (RaftServerImpl.java:start(180)) - 0de21071-135c-4e9f-9147-689c91c53707: start group-F450F1653DF5
2019-09-12 10:21:25,632 [pool-49-thread-1] INFO  impl.RaftServerImpl (RaftServerImpl.java:setRole(171)) - 0de21071-135c-4e9f-9147-689c91c53707:group-F450F1653DF5 changes role from null to FOLLOWER at term 0 for startAsFollower
2019-09-12 10:21:25,632 [pool-49-thread-1] INFO  impl.RoleInfo (RoleInfo.java:updateAndGet(143)) - 0de21071-135c-4e9f-9147-689c91c53707: start FollowerState
2019-09-12 10:21:25,633 [pool-49-thread-1] INFO  util.JmxRegister (JmxRegister.java:tryRegister(44)) - Successfully registered JMX Bean with object name Ratis:service=RaftServer,group=group-F450F1653DF5,id=0de21071-135c-4e9f-9147-689c91c53707
2019-09-12 10:21:25,647 [RatisPipelineUtilsThread] INFO  pipeline.PipelineStateManager (PipelineStateManager.java:addPipeline(56)) - Created pipeline Pipeline[ Id: bbc6fa57-d752-4671-b71e-f450f1653df5, Nodes: 0de21071-135c-4e9f-9147-689c91c53707{ip: 192.168.157.195, host: pr-hdds-1569-xtfnx-3545843844, networkLocation: /default-rack, certSerialId: null}, Type:RATIS, Factor:ONE, State:OPEN]
2019-09-12 10:21:25,666 [grpc-default-executor-0] INFO  impl.RaftServerProxy (RaftServerProxy.java:addNew(89)) - 5ad3b1f4-7cb1-4e63-b16b-8b3fa333f3d3: addNew group-8FF929C3FA3E:[5ad3b1f4-7cb1-4e63-b16b-8b3fa333f3d3:192.168.157.195:37868] returns group-8FF929C3FA3E:java.util.concurrent.CompletableFuture@238ee859[Not completed]
2019-09-12 10:21:25,668 [pool-38-thread-1] INFO  impl.RaftServerImpl (RaftServerImpl.java:<init>(93)) - 5ad3b1f4-7cb1-4e63-b16b-8b3fa333f3d3: new RaftServerImpl for group-8FF929C3FA3E:[5ad3b1f4-7cb1-4e63-b16b-8b3fa333f3d3:192.168.157.195:37868] with ContainerStateMachine:uninitialized
2019-09-12 10:21:25,668 [pool-38-thread-1] INFO  server.RaftServerConfigKeys (ConfUtils.java:logGet(43)) - raft.server.rpc.timeout.min = 5s (custom)
2019-09-12 10:21:25,668 [pool-38-thread-1] INFO  server.RaftServerConfigKeys (ConfUtils.java:logGet(43)) - raft.server.rpc.timeout.max = 5200ms (custom)
2019-09-12 10:21:25,668 [pool-38-thread-1] INFO  server.RaftServerConfigKeys (ConfUtils.java:logGet(43)) - raft.server.rpcslowness.timeout = 120s (custom)
2019-09-12 10:21:25,668 [pool-38-thread-1] INFO  server.RaftServerConfigKeys (ConfUtils.java:logGet(43)) - raft.server.sleep.deviation.threshold = 300 (default)
2019-09-12 10:21:25,668 [pool-38-thread-1] INFO  server.RaftServerConfigKeys (ConfUtils.java:logGet(43)) - raft.server.log.appender.install.snapshot.enabled = false (custom)
2019-09-12 10:21:25,669 [pool-38-thread-1] INFO  impl.RaftServerImpl (ServerState.java:<init>(105)) - 5ad3b1f4-7cb1-4e63-b16b-8b3fa333f3d3:group-8FF929C3FA3E ConfigurationManager, init=-1: [5ad3b1f4-7cb1-4e63-b16b-8b3fa333f3d3:192.168.157.195:37868], old=null, confs=<EMPTY_MAP>
2019-09-12 10:21:25,669 [pool-38-thread-1] INFO  server.RaftServerConfigKeys (ConfUtils.java:logGet(43)) - raft.server.storage.dir = [/workdir/hadoop-ozone/integration-test/target/test-dir/MiniOzoneClusterImpl-8a368e31-8812-42c3-a9b0-be5bfd809ffd/datanode-1/data/ratis] (custom)
2019-09-12 10:21:25,669 [pool-38-thread-1] INFO  storage.RaftStorageDirectory (RaftStorageDirectory.java:analyzeStorage(246)) - The storage directory /workdir/hadoop-ozone/integration-test/target/test-dir/MiniOzoneClusterImpl-8a368e31-8812-42c3-a9b0-be5bfd809ffd/datanode-1/data/ratis/de6d3ccd-cfeb-4ab9-995f-8ff929c3fa3e does not exist. Creating ...
2019-09-12 10:21:25,682 [pool-38-thread-1] INFO  storage.RaftStorageDirectory (RaftStorageDirectory.java:tryLock(328)) - Lock on /workdir/hadoop-ozone/integration-test/target/test-dir/MiniOzoneClusterImpl-8a368e31-8812-42c3-a9b0-be5bfd809ffd/datanode-1/data/ratis/de6d3ccd-cfeb-4ab9-995f-8ff929c3fa3e/in_use.lock acquired by nodename 12969@pr-hdds-1569-xtfnx-3545843844
2019-09-12 10:21:25,695 [pool-38-thread-1] INFO  storage.RaftStorage (RaftStorage.java:format(72)) - Storage directory /workdir/hadoop-ozone/integration-test/target/test-dir/MiniOzoneClusterImpl-8a368e31-8812-42c3-a9b0-be5bfd809ffd/datanode-1/data/ratis/de6d3ccd-cfeb-4ab9-995f-8ff929c3fa3e has been successfully formatted.
2019-09-12 10:21:25,695 [pool-38-thread-1] INFO  ratis.ContainerStateMachine (ContainerStateMachine.java:loadSnapshot(226)) - group-8FF929C3FA3E: The snapshot info is null. Setting the last applied indexto:(t:0, i:~)
2019-09-12 10:21:25,696 [pool-38-thread-1] INFO  server.RaftServerConfigKeys (ConfUtils.java:logGet(43)) - raft.server.leader.election.timeout = 120s (custom)
2019-09-12 10:21:25,696 [pool-38-thread-1] INFO  server.RaftServerConfigKeys (ConfUtils.java:logGet(43)) - raft.server.log.use.memory = false (default)
2019-09-12 10:21:25,696 [pool-38-thread-1] INFO  server.RaftServerConfigKeys (ConfUtils.java:logGet(43)) - raft.server.log.purge.gap = 1000000 (custom)
2019-09-12 10:21:25,696 [pool-38-thread-1] INFO  server.RaftServerConfigKeys (ConfUtils.java:logGet(43)) - raft.server.log.appender.buffer.byte-limit = 33554432 (custom)
2019-09-12 10:21:25,696 [pool-38-thread-1] INFO  server.RaftServerConfigKeys (ConfUtils.java:logGet(43)) - raft.server.log.segment.size.max = 1048576 (custom)
2019-09-12 10:21:25,696 [pool-38-thread-1] INFO  server.RaftServerConfigKeys (ConfUtils.java:logGet(43)) - raft.server.log.segment.cache.num.max = 2 (custom)
2019-09-12 10:21:25,697 [pool-38-thread-1] INFO  segmented.SegmentedRaftLogWorker (SegmentedRaftLogWorker.java:<init>(172)) - new 5ad3b1f4-7cb1-4e63-b16b-8b3fa333f3d3-SegmentedRaftLogWorker:Storage Directory /workdir/hadoop-ozone/integration-test/target/test-dir/MiniOzoneClusterImpl-8a368e31-8812-42c3-a9b0-be5bfd809ffd/datanode-1/data/ratis/de6d3ccd-cfeb-4ab9-995f-8ff929c3fa3e for RaftStorage:Storage Directory /workdir/hadoop-ozone/integration-test/target/test-dir/MiniOzoneClusterImpl-8a368e31-8812-42c3-a9b0-be5bfd809ffd/datanode-1/data/ratis/de6d3ccd-cfeb-4ab9-995f-8ff929c3fa3e
2019-09-12 10:21:25,697 [pool-38-thread-1] INFO  server.RaftServerConfigKeys (ConfUtils.java:logGet(43)) - raft.server.log.queue.byte-limit = 2147483647 (custom)
2019-09-12 10:21:25,697 [pool-38-thread-1] INFO  server.RaftServerConfigKeys (ConfUtils.java:logGet(43)) - raft.server.log.queue.element-limit = 1024 (custom)
2019-09-12 10:21:25,697 [pool-38-thread-1] INFO  server.RaftServerConfigKeys (ConfUtils.java:logGet(43)) - raft.server.log.segment.size.max = 1048576 (custom)
2019-09-12 10:21:25,697 [pool-38-thread-1] INFO  server.RaftServerConfigKeys (ConfUtils.java:logGet(43)) - raft.server.log.preallocated.size = 16384 (custom)
2019-09-12 10:21:25,698 [pool-38-thread-1] INFO  server.RaftServerConfigKeys (ConfUtils.java:logGet(43)) - raft.server.log.write.buffer.size = 33554432 (custom)
2019-09-12 10:21:25,698 [pool-38-thread-1] INFO  server.RaftServerConfigKeys (ConfUtils.java:logGet(43)) - raft.server.log.force.sync.num = 128 (default)
2019-09-12 10:21:25,698 [pool-38-thread-1] INFO  server.RaftServerConfigKeys (ConfUtils.java:logGet(43)) - raft.server.log.statemachine.data.sync = true (default)
2019-09-12 10:21:25,699 [pool-38-thread-1] INFO  server.RaftServerConfigKeys (ConfUtils.java:logGet(43)) - raft.server.log.statemachine.data.sync.timeout = 10s (default)
2019-09-12 10:21:25,699 [pool-38-thread-1] INFO  server.RaftServerConfigKeys (ConfUtils.java:logGet(43)) - raft.server.log.statemachine.data.sync.timeout.retry = -1 (default)
2019-09-12 10:21:25,699 [pool-38-thread-1] INFO  server.RaftServerConfigKeys (ConfUtils.java:logGet(43)) - raft.server.log.statemachine.data.caching.enabled = true (custom)
2019-09-12 10:21:25,700 [pool-38-thread-1] INFO  segmented.SegmentedRaftLogWorker (SegmentedRaftLogWorker.java:lambda$new$0(132)) - 5ad3b1f4-7cb1-4e63-b16b-8b3fa333f3d3-SegmentedRaftLogWorker:Storage Directory /workdir/hadoop-ozone/integration-test/target/test-dir/MiniOzoneClusterImpl-8a368e31-8812-42c3-a9b0-be5bfd809ffd/datanode-1/data/ratis/de6d3ccd-cfeb-4ab9-995f-8ff929c3fa3e: flushIndex: setUnconditionally 0 -> -1
2019-09-12 10:21:25,700 [pool-38-thread-1] INFO  server.RaftServerConfigKeys (ConfUtils.java:logGet(43)) - raft.server.snapshot.auto.trigger.enabled = true (custom)
2019-09-12 10:21:25,700 [pool-38-thread-1] INFO  server.RaftServerConfigKeys (ConfUtils.java:logGet(43)) - raft.server.snapshot.auto.trigger.threshold = 10000 (custom)
2019-09-12 10:21:25,701 [pool-38-thread-1] INFO  server.RaftServerConfigKeys (ConfUtils.java:logGet(43)) - raft.server.retrycache.expirytime = 600000ms (custom)
2019-09-12 10:21:25,701 [pool-38-thread-1] INFO  impl.RaftServerImpl (RaftServerImpl.java:start(180)) - 5ad3b1f4-7cb1-4e63-b16b-8b3fa333f3d3: start group-8FF929C3FA3E
2019-09-12 10:21:25,701 [pool-38-thread-1] INFO  impl.RaftServerImpl (RaftServerImpl.java:setRole(171)) - 5ad3b1f4-7cb1-4e63-b16b-8b3fa333f3d3:group-8FF929C3FA3E changes role from null to FOLLOWER at term 0 for startAsFollower
2019-09-12 10:21:25,701 [pool-38-thread-1] INFO  impl.RoleInfo (RoleInfo.java:updateAndGet(143)) - 5ad3b1f4-7cb1-4e63-b16b-8b3fa333f3d3: start FollowerState
2019-09-12 10:21:25,701 [pool-38-thread-1] INFO  util.JmxRegister (JmxRegister.java:tryRegister(44)) - Successfully registered JMX Bean with object name Ratis:service=RaftServer,group=group-8FF929C3FA3E,id=5ad3b1f4-7cb1-4e63-b16b-8b3fa333f3d3
2019-09-12 10:21:25,712 [RatisPipelineUtilsThread] INFO  pipeline.PipelineStateManager (PipelineStateManager.java:addPipeline(56)) - Created pipeline Pipeline[ Id: de6d3ccd-cfeb-4ab9-995f-8ff929c3fa3e, Nodes: 5ad3b1f4-7cb1-4e63-b16b-8b3fa333f3d3{ip: 192.168.157.195, host: pr-hdds-1569-xtfnx-3545843844, networkLocation: /default-rack, certSerialId: null}, Type:RATIS, Factor:ONE, State:OPEN]
2019-09-12 10:21:25,726 [grpc-default-executor-0] INFO  impl.RaftServerProxy (RaftServerProxy.java:addNew(89)) - 464357b9-d640-4e4a-892f-a68e44244c3b: addNew group-5C7151F417A8:[464357b9-d640-4e4a-892f-a68e44244c3b:192.168.157.195:35243] returns group-5C7151F417A8:java.util.concurrent.CompletableFuture@1b23b701[Not completed]
2019-09-12 10:21:25,729 [pool-27-thread-1] INFO  impl.RaftServerImpl (RaftServerImpl.java:<init>(93)) - 464357b9-d640-4e4a-892f-a68e44244c3b: new RaftServerImpl for group-5C7151F417A8:[464357b9-d640-4e4a-892f-a68e44244c3b:192.168.157.195:35243] with ContainerStateMachine:uninitialized
2019-09-12 10:21:25,729 [pool-27-thread-1] INFO  server.RaftServerConfigKeys (ConfUtils.java:logGet(43)) - raft.server.rpc.timeout.min = 5s (custom)
2019-09-12 10:21:25,729 [pool-27-thread-1] INFO  server.RaftServerConfigKeys (ConfUtils.java:logGet(43)) - raft.server.rpc.timeout.max = 5200ms (custom)
2019-09-12 10:21:25,730 [pool-27-thread-1] INFO  server.RaftServerConfigKeys (ConfUtils.java:logGet(43)) - raft.server.rpcslowness.timeout = 120s (custom)
2019-09-12 10:21:25,730 [pool-27-thread-1] INFO  server.RaftServerConfigKeys (ConfUtils.java:logGet(43)) - raft.server.sleep.deviation.threshold = 300 (default)
2019-09-12 10:21:25,730 [pool-27-thread-1] INFO  server.RaftServerConfigKeys (ConfUtils.java:logGet(43)) - raft.server.log.appender.install.snapshot.enabled = false (custom)
2019-09-12 10:21:25,730 [pool-27-thread-1] INFO  impl.RaftServerImpl (ServerState.java:<init>(105)) - 464357b9-d640-4e4a-892f-a68e44244c3b:group-5C7151F417A8 ConfigurationManager, init=-1: [464357b9-d640-4e4a-892f-a68e44244c3b:192.168.157.195:35243], old=null, confs=<EMPTY_MAP>
2019-09-12 10:21:25,730 [pool-27-thread-1] INFO  server.RaftServerConfigKeys (ConfUtils.java:logGet(43)) - raft.server.storage.dir = [/workdir/hadoop-ozone/integration-test/target/test-dir/MiniOzoneClusterImpl-8a368e31-8812-42c3-a9b0-be5bfd809ffd/datanode-0/data/ratis] (custom)
2019-09-12 10:21:25,731 [pool-27-thread-1] INFO  storage.RaftStorageDirectory (RaftStorageDirectory.java:analyzeStorage(246)) - The storage directory /workdir/hadoop-ozone/integration-test/target/test-dir/MiniOzoneClusterImpl-8a368e31-8812-42c3-a9b0-be5bfd809ffd/datanode-0/data/ratis/b28325a5-d269-44a1-800c-5c7151f417a8 does not exist. Creating ...
2019-09-12 10:21:25,744 [pool-27-thread-1] INFO  storage.RaftStorageDirectory (RaftStorageDirectory.java:tryLock(328)) - Lock on /workdir/hadoop-ozone/integration-test/target/test-dir/MiniOzoneClusterImpl-8a368e31-8812-42c3-a9b0-be5bfd809ffd/datanode-0/data/ratis/b28325a5-d269-44a1-800c-5c7151f417a8/in_use.lock acquired by nodename 12969@pr-hdds-1569-xtfnx-3545843844
2019-09-12 10:21:25,757 [pool-27-thread-1] INFO  storage.RaftStorage (RaftStorage.java:format(72)) - Storage directory /workdir/hadoop-ozone/integration-test/target/test-dir/MiniOzoneClusterImpl-8a368e31-8812-42c3-a9b0-be5bfd809ffd/datanode-0/data/ratis/b28325a5-d269-44a1-800c-5c7151f417a8 has been successfully formatted.
2019-09-12 10:21:25,757 [pool-27-thread-1] INFO  ratis.ContainerStateMachine (ContainerStateMachine.java:loadSnapshot(226)) - group-5C7151F417A8: The snapshot info is null. Setting the last applied indexto:(t:0, i:~)
2019-09-12 10:21:25,757 [pool-27-thread-1] INFO  server.RaftServerConfigKeys (ConfUtils.java:logGet(43)) - raft.server.leader.election.timeout = 120s (custom)
2019-09-12 10:21:25,758 [pool-27-thread-1] INFO  server.RaftServerConfigKeys (ConfUtils.java:logGet(43)) - raft.server.log.use.memory = false (default)
2019-09-12 10:21:25,758 [pool-27-thread-1] INFO  server.RaftServerConfigKeys (ConfUtils.java:logGet(43)) - raft.server.log.purge.gap = 1000000 (custom)
2019-09-12 10:21:25,758 [pool-27-thread-1] INFO  server.RaftServerConfigKeys (ConfUtils.java:logGet(43)) - raft.server.log.appender.buffer.byte-limit = 33554432 (custom)
2019-09-12 10:21:25,758 [pool-27-thread-1] INFO  server.RaftServerConfigKeys (ConfUtils.java:logGet(43)) - raft.server.log.segment.size.max = 1048576 (custom)
2019-09-12 10:21:25,758 [pool-27-thread-1] INFO  server.RaftServerConfigKeys (ConfUtils.java:logGet(43)) - raft.server.log.segment.cache.num.max = 2 (custom)
2019-09-12 10:21:25,758 [pool-27-thread-1] INFO  segmented.SegmentedRaftLogWorker (SegmentedRaftLogWorker.java:<init>(172)) - new 464357b9-d640-4e4a-892f-a68e44244c3b-SegmentedRaftLogWorker:Storage Directory /workdir/hadoop-ozone/integration-test/target/test-dir/MiniOzoneClusterImpl-8a368e31-8812-42c3-a9b0-be5bfd809ffd/datanode-0/data/ratis/b28325a5-d269-44a1-800c-5c7151f417a8 for RaftStorage:Storage Directory /workdir/hadoop-ozone/integration-test/target/test-dir/MiniOzoneClusterImpl-8a368e31-8812-42c3-a9b0-be5bfd809ffd/datanode-0/data/ratis/b28325a5-d269-44a1-800c-5c7151f417a8
2019-09-12 10:21:25,759 [pool-27-thread-1] INFO  server.RaftServerConfigKeys (ConfUtils.java:logGet(43)) - raft.server.log.queue.byte-limit = 2147483647 (custom)
2019-09-12 10:21:25,759 [pool-27-thread-1] INFO  server.RaftServerConfigKeys (ConfUtils.java:logGet(43)) - raft.server.log.queue.element-limit = 1024 (custom)
2019-09-12 10:21:25,759 [pool-27-thread-1] INFO  server.RaftServerConfigKeys (ConfUtils.java:logGet(43)) - raft.server.log.segment.size.max = 1048576 (custom)
2019-09-12 10:21:25,759 [pool-27-thread-1] INFO  server.RaftServerConfigKeys (ConfUtils.java:logGet(43)) - raft.server.log.preallocated.size = 16384 (custom)
2019-09-12 10:21:25,759 [pool-27-thread-1] INFO  server.RaftServerConfigKeys (ConfUtils.java:logGet(43)) - raft.server.log.write.buffer.size = 33554432 (custom)
2019-09-12 10:21:25,760 [pool-27-thread-1] INFO  server.RaftServerConfigKeys (ConfUtils.java:logGet(43)) - raft.server.log.force.sync.num = 128 (default)
2019-09-12 10:21:25,760 [pool-27-thread-1] INFO  server.RaftServerConfigKeys (ConfUtils.java:logGet(43)) - raft.server.log.statemachine.data.sync = true (default)
2019-09-12 10:21:25,760 [pool-27-thread-1] INFO  server.RaftServerConfigKeys (ConfUtils.java:logGet(43)) - raft.server.log.statemachine.data.sync.timeout = 10s (default)
2019-09-12 10:21:25,760 [pool-27-thread-1] INFO  server.RaftServerConfigKeys (ConfUtils.java:logGet(43)) - raft.server.log.statemachine.data.sync.timeout.retry = -1 (default)
2019-09-12 10:21:25,760 [pool-27-thread-1] INFO  server.RaftServerConfigKeys (ConfUtils.java:logGet(43)) - raft.server.log.statemachine.data.caching.enabled = true (custom)
2019-09-12 10:21:25,761 [pool-27-thread-1] INFO  segmented.SegmentedRaftLogWorker (SegmentedRaftLogWorker.java:lambda$new$0(132)) - 464357b9-d640-4e4a-892f-a68e44244c3b-SegmentedRaftLogWorker:Storage Directory /workdir/hadoop-ozone/integration-test/target/test-dir/MiniOzoneClusterImpl-8a368e31-8812-42c3-a9b0-be5bfd809ffd/datanode-0/data/ratis/b28325a5-d269-44a1-800c-5c7151f417a8: flushIndex: setUnconditionally 0 -> -1
2019-09-12 10:21:25,761 [pool-27-thread-1] INFO  server.RaftServerConfigKeys (ConfUtils.java:logGet(43)) - raft.server.snapshot.auto.trigger.enabled = true (custom)
2019-09-12 10:21:25,761 [pool-27-thread-1] INFO  server.RaftServerConfigKeys (ConfUtils.java:logGet(43)) - raft.server.snapshot.auto.trigger.threshold = 10000 (custom)
2019-09-12 10:21:25,761 [pool-27-thread-1] INFO  server.RaftServerConfigKeys (ConfUtils.java:logGet(43)) - raft.server.retrycache.expirytime = 600000ms (custom)
2019-09-12 10:21:25,762 [pool-27-thread-1] INFO  impl.RaftServerImpl (RaftServerImpl.java:start(180)) - 464357b9-d640-4e4a-892f-a68e44244c3b: start group-5C7151F417A8
2019-09-12 10:21:25,762 [pool-27-thread-1] INFO  impl.RaftServerImpl (RaftServerImpl.java:setRole(171)) - 464357b9-d640-4e4a-892f-a68e44244c3b:group-5C7151F417A8 changes role from null to FOLLOWER at term 0 for startAsFollower
2019-09-12 10:21:25,762 [pool-27-thread-1] INFO  impl.RoleInfo (RoleInfo.java:updateAndGet(143)) - 464357b9-d640-4e4a-892f-a68e44244c3b: start FollowerState
2019-09-12 10:21:25,763 [pool-27-thread-1] INFO  util.JmxRegister (JmxRegister.java:tryRegister(44)) - Successfully registered JMX Bean with object name Ratis:service=RaftServer,group=group-5C7151F417A8,id=464357b9-d640-4e4a-892f-a68e44244c3b
2019-09-12 10:21:25,773 [RatisPipelineUtilsThread] INFO  pipeline.PipelineStateManager (PipelineStateManager.java:addPipeline(56)) - Created pipeline Pipeline[ Id: b28325a5-d269-44a1-800c-5c7151f417a8, Nodes: 464357b9-d640-4e4a-892f-a68e44244c3b{ip: 192.168.157.195, host: pr-hdds-1569-xtfnx-3545843844, networkLocation: /default-rack, certSerialId: null}, Type:RATIS, Factor:ONE, State:OPEN]
2019-09-12 10:21:25,787 [grpc-default-executor-0] INFO  impl.RaftServerProxy (RaftServerProxy.java:addNew(89)) - 5ad3b1f4-7cb1-4e63-b16b-8b3fa333f3d3: addNew group-7984F886EAA5:[5ad3b1f4-7cb1-4e63-b16b-8b3fa333f3d3:192.168.157.195:37868] returns group-7984F886EAA5:java.util.concurrent.CompletableFuture@7b48e41d[Not completed]
2019-09-12 10:21:25,790 [pool-38-thread-1] INFO  impl.RaftServerImpl (RaftServerImpl.java:<init>(93)) - 5ad3b1f4-7cb1-4e63-b16b-8b3fa333f3d3: new RaftServerImpl for group-7984F886EAA5:[5ad3b1f4-7cb1-4e63-b16b-8b3fa333f3d3:192.168.157.195:37868] with ContainerStateMachine:uninitialized
2019-09-12 10:21:25,790 [pool-38-thread-1] INFO  server.RaftServerConfigKeys (ConfUtils.java:logGet(43)) - raft.server.rpc.timeout.min = 5s (custom)
2019-09-12 10:21:25,791 [pool-38-thread-1] INFO  server.RaftServerConfigKeys (ConfUtils.java:logGet(43)) - raft.server.rpc.timeout.max = 5200ms (custom)
2019-09-12 10:21:25,791 [pool-38-thread-1] INFO  server.RaftServerConfigKeys (ConfUtils.java:logGet(43)) - raft.server.rpcslowness.timeout = 120s (custom)
2019-09-12 10:21:25,791 [pool-38-thread-1] INFO  server.RaftServerConfigKeys (ConfUtils.java:logGet(43)) - raft.server.sleep.deviation.threshold = 300 (default)
2019-09-12 10:21:25,791 [pool-38-thread-1] INFO  server.RaftServerConfigKeys (ConfUtils.java:logGet(43)) - raft.server.log.appender.install.snapshot.enabled = false (custom)
2019-09-12 10:21:25,791 [pool-38-thread-1] INFO  impl.RaftServerImpl (ServerState.java:<init>(105)) - 5ad3b1f4-7cb1-4e63-b16b-8b3fa333f3d3:group-7984F886EAA5 ConfigurationManager, init=-1: [5ad3b1f4-7cb1-4e63-b16b-8b3fa333f3d3:192.168.157.195:37868], old=null, confs=<EMPTY_MAP>
2019-09-12 10:21:25,792 [pool-38-thread-1] INFO  server.RaftServerConfigKeys (ConfUtils.java:logGet(43)) - raft.server.storage.dir = [/workdir/hadoop-ozone/integration-test/target/test-dir/MiniOzoneClusterImpl-8a368e31-8812-42c3-a9b0-be5bfd809ffd/datanode-1/data/ratis] (custom)
2019-09-12 10:21:25,792 [main] INFO  ozone.MiniOzoneClusterImpl (MiniOzoneClusterImpl.java:lambda$waitForClusterToBeReady$0(142)) - Cluster is ready. Got 4 of 4 DN Heartbeats.
2019-09-12 10:21:25,792 [pool-38-thread-1] INFO  storage.RaftStorageDirectory (RaftStorageDirectory.java:analyzeStorage(246)) - The storage directory /workdir/hadoop-ozone/integration-test/target/test-dir/MiniOzoneClusterImpl-8a368e31-8812-42c3-a9b0-be5bfd809ffd/datanode-1/data/ratis/b7b371ab-20b5-401b-91ec-7984f886eaa5 does not exist. Creating ...
2019-09-12 10:21:25,805 [pool-38-thread-1] INFO  storage.RaftStorageDirectory (RaftStorageDirectory.java:tryLock(328)) - Lock on /workdir/hadoop-ozone/integration-test/target/test-dir/MiniOzoneClusterImpl-8a368e31-8812-42c3-a9b0-be5bfd809ffd/datanode-1/data/ratis/b7b371ab-20b5-401b-91ec-7984f886eaa5/in_use.lock acquired by nodename 12969@pr-hdds-1569-xtfnx-3545843844
2019-09-12 10:21:25,824 [pool-38-thread-1] INFO  storage.RaftStorage (RaftStorage.java:format(72)) - Storage directory /workdir/hadoop-ozone/integration-test/target/test-dir/MiniOzoneClusterImpl-8a368e31-8812-42c3-a9b0-be5bfd809ffd/datanode-1/data/ratis/b7b371ab-20b5-401b-91ec-7984f886eaa5 has been successfully formatted.
2019-09-12 10:21:25,825 [pool-38-thread-1] INFO  ratis.ContainerStateMachine (ContainerStateMachine.java:loadSnapshot(226)) - group-7984F886EAA5: The snapshot info is null. Setting the last applied indexto:(t:0, i:~)
2019-09-12 10:21:25,825 [pool-38-thread-1] INFO  server.RaftServerConfigKeys (ConfUtils.java:logGet(43)) - raft.server.leader.election.timeout = 120s (custom)
2019-09-12 10:21:25,825 [pool-38-thread-1] INFO  server.RaftServerConfigKeys (ConfUtils.java:logGet(43)) - raft.server.log.use.memory = false (default)
2019-09-12 10:21:25,825 [pool-38-thread-1] INFO  server.RaftServerConfigKeys (ConfUtils.java:logGet(43)) - raft.server.log.purge.gap = 1000000 (custom)
2019-09-12 10:21:25,826 [pool-38-thread-1] INFO  server.RaftServerConfigKeys (ConfUtils.java:logGet(43)) - raft.server.log.appender.buffer.byte-limit = 33554432 (custom)
2019-09-12 10:21:25,826 [pool-38-thread-1] INFO  server.RaftServerConfigKeys (ConfUtils.java:logGet(43)) - raft.server.log.segment.size.max = 1048576 (custom)
2019-09-12 10:21:25,826 [pool-38-thread-1] INFO  server.RaftServerConfigKeys (ConfUtils.java:logGet(43)) - raft.server.log.segment.cache.num.max = 2 (custom)
2019-09-12 10:21:25,826 [pool-38-thread-1] INFO  segmented.SegmentedRaftLogWorker (SegmentedRaftLogWorker.java:<init>(172)) - new 5ad3b1f4-7cb1-4e63-b16b-8b3fa333f3d3-SegmentedRaftLogWorker:Storage Directory /workdir/hadoop-ozone/integration-test/target/test-dir/MiniOzoneClusterImpl-8a368e31-8812-42c3-a9b0-be5bfd809ffd/datanode-1/data/ratis/b7b371ab-20b5-401b-91ec-7984f886eaa5 for RaftStorage:Storage Directory /workdir/hadoop-ozone/integration-test/target/test-dir/MiniOzoneClusterImpl-8a368e31-8812-42c3-a9b0-be5bfd809ffd/datanode-1/data/ratis/b7b371ab-20b5-401b-91ec-7984f886eaa5
2019-09-12 10:21:25,826 [pool-38-thread-1] INFO  server.RaftServerConfigKeys (ConfUtils.java:logGet(43)) - raft.server.log.queue.byte-limit = 2147483647 (custom)
2019-09-12 10:21:25,827 [pool-38-thread-1] INFO  server.RaftServerConfigKeys (ConfUtils.java:logGet(43)) - raft.server.log.queue.element-limit = 1024 (custom)
2019-09-12 10:21:25,827 [pool-38-thread-1] INFO  server.RaftServerConfigKeys (ConfUtils.java:logGet(43)) - raft.server.log.segment.size.max = 1048576 (custom)
2019-09-12 10:21:25,827 [pool-38-thread-1] INFO  server.RaftServerConfigKeys (ConfUtils.java:logGet(43)) - raft.server.log.preallocated.size = 16384 (custom)
2019-09-12 10:21:25,827 [pool-38-thread-1] INFO  server.RaftServerConfigKeys (ConfUtils.java:logGet(43)) - raft.server.log.write.buffer.size = 33554432 (custom)
2019-09-12 10:21:25,827 [pool-38-thread-1] INFO  server.RaftServerConfigKeys (ConfUtils.java:logGet(43)) - raft.server.log.force.sync.num = 128 (default)
2019-09-12 10:21:25,827 [pool-38-thread-1] INFO  server.RaftServerConfigKeys (ConfUtils.java:logGet(43)) - raft.server.log.statemachine.data.sync = true (default)
2019-09-12 10:21:25,828 [pool-38-thread-1] INFO  server.RaftServerConfigKeys (ConfUtils.java:logGet(43)) - raft.server.log.statemachine.data.sync.timeout = 10s (default)
2019-09-12 10:21:25,828 [pool-38-thread-1] INFO  server.RaftServerConfigKeys (ConfUtils.java:logGet(43)) - raft.server.log.statemachine.data.sync.timeout.retry = -1 (default)
2019-09-12 10:21:25,828 [pool-38-thread-1] INFO  server.RaftServerConfigKeys (ConfUtils.java:logGet(43)) - raft.server.log.statemachine.data.caching.enabled = true (custom)
2019-09-12 10:21:25,829 [pool-38-thread-1] INFO  segmented.SegmentedRaftLogWorker (SegmentedRaftLogWorker.java:lambda$new$0(132)) - 5ad3b1f4-7cb1-4e63-b16b-8b3fa333f3d3-SegmentedRaftLogWorker:Storage Directory /workdir/hadoop-ozone/integration-test/target/test-dir/MiniOzoneClusterImpl-8a368e31-8812-42c3-a9b0-be5bfd809ffd/datanode-1/data/ratis/b7b371ab-20b5-401b-91ec-7984f886eaa5: flushIndex: setUnconditionally 0 -> -1
2019-09-12 10:21:25,829 [pool-38-thread-1] INFO  server.RaftServerConfigKeys (ConfUtils.java:logGet(43)) - raft.server.snapshot.auto.trigger.enabled = true (custom)
2019-09-12 10:21:25,829 [pool-38-thread-1] INFO  server.RaftServerConfigKeys (ConfUtils.java:logGet(43)) - raft.server.snapshot.auto.trigger.threshold = 10000 (custom)
2019-09-12 10:21:25,829 [pool-38-thread-1] INFO  server.RaftServerConfigKeys (ConfUtils.java:logGet(43)) - raft.server.retrycache.expirytime = 600000ms (custom)
2019-09-12 10:21:25,830 [pool-38-thread-1] INFO  impl.RaftServerImpl (RaftServerImpl.java:start(180)) - 5ad3b1f4-7cb1-4e63-b16b-8b3fa333f3d3: start group-7984F886EAA5
2019-09-12 10:21:25,830 [pool-38-thread-1] INFO  impl.RaftServerImpl (RaftServerImpl.java:setRole(171)) - 5ad3b1f4-7cb1-4e63-b16b-8b3fa333f3d3:group-7984F886EAA5 changes role from null to FOLLOWER at term 0 for startAsFollower
2019-09-12 10:21:25,830 [pool-38-thread-1] INFO  impl.RoleInfo (RoleInfo.java:updateAndGet(143)) - 5ad3b1f4-7cb1-4e63-b16b-8b3fa333f3d3: start FollowerState
2019-09-12 10:21:25,831 [pool-38-thread-1] INFO  util.JmxRegister (JmxRegister.java:tryRegister(44)) - Successfully registered JMX Bean with object name Ratis:service=RaftServer,group=group-7984F886EAA5,id=5ad3b1f4-7cb1-4e63-b16b-8b3fa333f3d3
2019-09-12 10:21:25,839 [RatisPipelineUtilsThread] INFO  pipeline.PipelineStateManager (PipelineStateManager.java:addPipeline(56)) - Created pipeline Pipeline[ Id: b7b371ab-20b5-401b-91ec-7984f886eaa5, Nodes: 5ad3b1f4-7cb1-4e63-b16b-8b3fa333f3d3{ip: 192.168.157.195, host: pr-hdds-1569-xtfnx-3545843844, networkLocation: /default-rack, certSerialId: null}, Type:RATIS, Factor:ONE, State:OPEN]
2019-09-12 10:21:25,853 [grpc-default-executor-0] INFO  impl.RaftServerProxy (RaftServerProxy.java:addNew(89)) - 464357b9-d640-4e4a-892f-a68e44244c3b: addNew group-66D7EB27E66B:[464357b9-d640-4e4a-892f-a68e44244c3b:192.168.157.195:35243] returns group-66D7EB27E66B:java.util.concurrent.CompletableFuture@6e83724e[Not completed]
2019-09-12 10:21:25,855 [pool-27-thread-1] INFO  impl.RaftServerImpl (RaftServerImpl.java:<init>(93)) - 464357b9-d640-4e4a-892f-a68e44244c3b: new RaftServerImpl for group-66D7EB27E66B:[464357b9-d640-4e4a-892f-a68e44244c3b:192.168.157.195:35243] with ContainerStateMachine:uninitialized
2019-09-12 10:21:25,855 [pool-27-thread-1] INFO  server.RaftServerConfigKeys (ConfUtils.java:logGet(43)) - raft.server.rpc.timeout.min = 5s (custom)
2019-09-12 10:21:25,855 [pool-27-thread-1] INFO  server.RaftServerConfigKeys (ConfUtils.java:logGet(43)) - raft.server.rpc.timeout.max = 5200ms (custom)
2019-09-12 10:21:25,855 [pool-27-thread-1] INFO  server.RaftServerConfigKeys (ConfUtils.java:logGet(43)) - raft.server.rpcslowness.timeout = 120s (custom)
2019-09-12 10:21:25,856 [pool-27-thread-1] INFO  server.RaftServerConfigKeys (ConfUtils.java:logGet(43)) - raft.server.sleep.deviation.threshold = 300 (default)
2019-09-12 10:21:25,856 [pool-27-thread-1] INFO  server.RaftServerConfigKeys (ConfUtils.java:logGet(43)) - raft.server.log.appender.install.snapshot.enabled = false (custom)
2019-09-12 10:21:25,856 [pool-27-thread-1] INFO  impl.RaftServerImpl (ServerState.java:<init>(105)) - 464357b9-d640-4e4a-892f-a68e44244c3b:group-66D7EB27E66B ConfigurationManager, init=-1: [464357b9-d640-4e4a-892f-a68e44244c3b:192.168.157.195:35243], old=null, confs=<EMPTY_MAP>
2019-09-12 10:21:25,856 [pool-27-thread-1] INFO  server.RaftServerConfigKeys (ConfUtils.java:logGet(43)) - raft.server.storage.dir = [/workdir/hadoop-ozone/integration-test/target/test-dir/MiniOzoneClusterImpl-8a368e31-8812-42c3-a9b0-be5bfd809ffd/datanode-0/data/ratis] (custom)
2019-09-12 10:21:25,857 [pool-27-thread-1] INFO  storage.RaftStorageDirectory (RaftStorageDirectory.java:analyzeStorage(246)) - The storage directory /workdir/hadoop-ozone/integration-test/target/test-dir/MiniOzoneClusterImpl-8a368e31-8812-42c3-a9b0-be5bfd809ffd/datanode-0/data/ratis/794bfc9f-98a6-4bcd-952f-66d7eb27e66b does not exist. Creating ...
2019-09-12 10:21:25,870 [pool-27-thread-1] INFO  storage.RaftStorageDirectory (RaftStorageDirectory.java:tryLock(328)) - Lock on /workdir/hadoop-ozone/integration-test/target/test-dir/MiniOzoneClusterImpl-8a368e31-8812-42c3-a9b0-be5bfd809ffd/datanode-0/data/ratis/794bfc9f-98a6-4bcd-952f-66d7eb27e66b/in_use.lock acquired by nodename 12969@pr-hdds-1569-xtfnx-3545843844
2019-09-12 10:21:25,883 [pool-27-thread-1] INFO  storage.RaftStorage (RaftStorage.java:format(72)) - Storage directory /workdir/hadoop-ozone/integration-test/target/test-dir/MiniOzoneClusterImpl-8a368e31-8812-42c3-a9b0-be5bfd809ffd/datanode-0/data/ratis/794bfc9f-98a6-4bcd-952f-66d7eb27e66b has been successfully formatted.
2019-09-12 10:21:25,883 [pool-27-thread-1] INFO  ratis.ContainerStateMachine (ContainerStateMachine.java:loadSnapshot(226)) - group-66D7EB27E66B: The snapshot info is null. Setting the last applied indexto:(t:0, i:~)
2019-09-12 10:21:25,884 [pool-27-thread-1] INFO  server.RaftServerConfigKeys (ConfUtils.java:logGet(43)) - raft.server.leader.election.timeout = 120s (custom)
2019-09-12 10:21:25,884 [pool-27-thread-1] INFO  server.RaftServerConfigKeys (ConfUtils.java:logGet(43)) - raft.server.log.use.memory = false (default)
2019-09-12 10:21:25,884 [pool-27-thread-1] INFO  server.RaftServerConfigKeys (ConfUtils.java:logGet(43)) - raft.server.log.purge.gap = 1000000 (custom)
2019-09-12 10:21:25,884 [pool-27-thread-1] INFO  server.RaftServerConfigKeys (ConfUtils.java:logGet(43)) - raft.server.log.appender.buffer.byte-limit = 33554432 (custom)
2019-09-12 10:21:25,884 [pool-27-thread-1] INFO  server.RaftServerConfigKeys (ConfUtils.java:logGet(43)) - raft.server.log.segment.size.max = 1048576 (custom)
2019-09-12 10:21:25,885 [pool-27-thread-1] INFO  server.RaftServerConfigKeys (ConfUtils.java:logGet(43)) - raft.server.log.segment.cache.num.max = 2 (custom)
2019-09-12 10:21:25,885 [pool-27-thread-1] INFO  segmented.SegmentedRaftLogWorker (SegmentedRaftLogWorker.java:<init>(172)) - new 464357b9-d640-4e4a-892f-a68e44244c3b-SegmentedRaftLogWorker:Storage Directory /workdir/hadoop-ozone/integration-test/target/test-dir/MiniOzoneClusterImpl-8a368e31-8812-42c3-a9b0-be5bfd809ffd/datanode-0/data/ratis/794bfc9f-98a6-4bcd-952f-66d7eb27e66b for RaftStorage:Storage Directory /workdir/hadoop-ozone/integration-test/target/test-dir/MiniOzoneClusterImpl-8a368e31-8812-42c3-a9b0-be5bfd809ffd/datanode-0/data/ratis/794bfc9f-98a6-4bcd-952f-66d7eb27e66b
2019-09-12 10:21:25,885 [pool-27-thread-1] INFO  server.RaftServerConfigKeys (ConfUtils.java:logGet(43)) - raft.server.log.queue.byte-limit = 2147483647 (custom)
2019-09-12 10:21:25,885 [pool-27-thread-1] INFO  server.RaftServerConfigKeys (ConfUtils.java:logGet(43)) - raft.server.log.queue.element-limit = 1024 (custom)
2019-09-12 10:21:25,885 [pool-27-thread-1] INFO  server.RaftServerConfigKeys (ConfUtils.java:logGet(43)) - raft.server.log.segment.size.max = 1048576 (custom)
2019-09-12 10:21:25,886 [pool-27-thread-1] INFO  server.RaftServerConfigKeys (ConfUtils.java:logGet(43)) - raft.server.log.preallocated.size = 16384 (custom)
2019-09-12 10:21:25,886 [pool-27-thread-1] INFO  server.RaftServerConfigKeys (ConfUtils.java:logGet(43)) - raft.server.log.write.buffer.size = 33554432 (custom)
2019-09-12 10:21:25,886 [pool-27-thread-1] INFO  server.RaftServerConfigKeys (ConfUtils.java:logGet(43)) - raft.server.log.force.sync.num = 128 (default)
2019-09-12 10:21:25,886 [pool-27-thread-1] INFO  server.RaftServerConfigKeys (ConfUtils.java:logGet(43)) - raft.server.log.statemachine.data.sync = true (default)
2019-09-12 10:21:25,886 [pool-27-thread-1] INFO  server.RaftServerConfigKeys (ConfUtils.java:logGet(43)) - raft.server.log.statemachine.data.sync.timeout = 10s (default)
2019-09-12 10:21:25,887 [pool-27-thread-1] INFO  server.RaftServerConfigKeys (ConfUtils.java:logGet(43)) - raft.server.log.statemachine.data.sync.timeout.retry = -1 (default)
2019-09-12 10:21:25,887 [pool-27-thread-1] INFO  server.RaftServerConfigKeys (ConfUtils.java:logGet(43)) - raft.server.log.statemachine.data.caching.enabled = true (custom)
2019-09-12 10:21:25,887 [pool-27-thread-1] INFO  segmented.SegmentedRaftLogWorker (SegmentedRaftLogWorker.java:lambda$new$0(132)) - 464357b9-d640-4e4a-892f-a68e44244c3b-SegmentedRaftLogWorker:Storage Directory /workdir/hadoop-ozone/integration-test/target/test-dir/MiniOzoneClusterImpl-8a368e31-8812-42c3-a9b0-be5bfd809ffd/datanode-0/data/ratis/794bfc9f-98a6-4bcd-952f-66d7eb27e66b: flushIndex: setUnconditionally 0 -> -1
2019-09-12 10:21:25,888 [pool-27-thread-1] INFO  server.RaftServerConfigKeys (ConfUtils.java:logGet(43)) - raft.server.snapshot.auto.trigger.enabled = true (custom)
2019-09-12 10:21:25,888 [pool-27-thread-1] INFO  server.RaftServerConfigKeys (ConfUtils.java:logGet(43)) - raft.server.snapshot.auto.trigger.threshold = 10000 (custom)
2019-09-12 10:21:25,888 [pool-27-thread-1] INFO  server.RaftServerConfigKeys (ConfUtils.java:logGet(43)) - raft.server.retrycache.expirytime = 600000ms (custom)
2019-09-12 10:21:25,888 [pool-27-thread-1] INFO  impl.RaftServerImpl (RaftServerImpl.java:start(180)) - 464357b9-d640-4e4a-892f-a68e44244c3b: start group-66D7EB27E66B
2019-09-12 10:21:25,889 [pool-27-thread-1] INFO  impl.RaftServerImpl (RaftServerImpl.java:setRole(171)) - 464357b9-d640-4e4a-892f-a68e44244c3b:group-66D7EB27E66B changes role from null to FOLLOWER at term 0 for startAsFollower
2019-09-12 10:21:25,889 [pool-27-thread-1] INFO  impl.RoleInfo (RoleInfo.java:updateAndGet(143)) - 464357b9-d640-4e4a-892f-a68e44244c3b: start FollowerState
2019-09-12 10:21:25,889 [pool-27-thread-1] INFO  util.JmxRegister (JmxRegister.java:tryRegister(44)) - Successfully registered JMX Bean with object name Ratis:service=RaftServer,group=group-66D7EB27E66B,id=464357b9-d640-4e4a-892f-a68e44244c3b
2019-09-12 10:21:25,897 [RatisPipelineUtilsThread] INFO  pipeline.PipelineStateManager (PipelineStateManager.java:addPipeline(56)) - Created pipeline Pipeline[ Id: 794bfc9f-98a6-4bcd-952f-66d7eb27e66b, Nodes: 464357b9-d640-4e4a-892f-a68e44244c3b{ip: 192.168.157.195, host: pr-hdds-1569-xtfnx-3545843844, networkLocation: /default-rack, certSerialId: null}, Type:RATIS, Factor:ONE, State:OPEN]
2019-09-12 10:21:25,913 [grpc-default-executor-0] INFO  impl.RaftServerProxy (RaftServerProxy.java:addNew(89)) - 464357b9-d640-4e4a-892f-a68e44244c3b: addNew group-20B6BBBD6550:[464357b9-d640-4e4a-892f-a68e44244c3b:192.168.157.195:35243] returns group-20B6BBBD6550:java.util.concurrent.CompletableFuture@7d44c2ce[Not completed]
2019-09-12 10:21:25,915 [pool-27-thread-1] INFO  impl.RaftServerImpl (RaftServerImpl.java:<init>(93)) - 464357b9-d640-4e4a-892f-a68e44244c3b: new RaftServerImpl for group-20B6BBBD6550:[464357b9-d640-4e4a-892f-a68e44244c3b:192.168.157.195:35243] with ContainerStateMachine:uninitialized
2019-09-12 10:21:25,915 [pool-27-thread-1] INFO  server.RaftServerConfigKeys (ConfUtils.java:logGet(43)) - raft.server.rpc.timeout.min = 5s (custom)
2019-09-12 10:21:25,915 [pool-27-thread-1] INFO  server.RaftServerConfigKeys (ConfUtils.java:logGet(43)) - raft.server.rpc.timeout.max = 5200ms (custom)
2019-09-12 10:21:25,915 [pool-27-thread-1] INFO  server.RaftServerConfigKeys (ConfUtils.java:logGet(43)) - raft.server.rpcslowness.timeout = 120s (custom)
2019-09-12 10:21:25,915 [pool-27-thread-1] INFO  server.RaftServerConfigKeys (ConfUtils.java:logGet(43)) - raft.server.sleep.deviation.threshold = 300 (default)
2019-09-12 10:21:25,916 [pool-27-thread-1] INFO  server.RaftServerConfigKeys (ConfUtils.java:logGet(43)) - raft.server.log.appender.install.snapshot.enabled = false (custom)
2019-09-12 10:21:25,916 [pool-27-thread-1] INFO  impl.RaftServerImpl (ServerState.java:<init>(105)) - 464357b9-d640-4e4a-892f-a68e44244c3b:group-20B6BBBD6550 ConfigurationManager, init=-1: [464357b9-d640-4e4a-892f-a68e44244c3b:192.168.157.195:35243], old=null, confs=<EMPTY_MAP>
2019-09-12 10:21:25,916 [pool-27-thread-1] INFO  server.RaftServerConfigKeys (ConfUtils.java:logGet(43)) - raft.server.storage.dir = [/workdir/hadoop-ozone/integration-test/target/test-dir/MiniOzoneClusterImpl-8a368e31-8812-42c3-a9b0-be5bfd809ffd/datanode-0/data/ratis] (custom)
2019-09-12 10:21:25,916 [pool-27-thread-1] INFO  storage.RaftStorageDirectory (RaftStorageDirectory.java:analyzeStorage(246)) - The storage directory /workdir/hadoop-ozone/integration-test/target/test-dir/MiniOzoneClusterImpl-8a368e31-8812-42c3-a9b0-be5bfd809ffd/datanode-0/data/ratis/f431735f-36fb-4782-96ff-20b6bbbd6550 does not exist. Creating ...
2019-09-12 10:21:25,929 [pool-27-thread-1] INFO  storage.RaftStorageDirectory (RaftStorageDirectory.java:tryLock(328)) - Lock on /workdir/hadoop-ozone/integration-test/target/test-dir/MiniOzoneClusterImpl-8a368e31-8812-42c3-a9b0-be5bfd809ffd/datanode-0/data/ratis/f431735f-36fb-4782-96ff-20b6bbbd6550/in_use.lock acquired by nodename 12969@pr-hdds-1569-xtfnx-3545843844
2019-09-12 10:21:25,943 [pool-27-thread-1] INFO  storage.RaftStorage (RaftStorage.java:format(72)) - Storage directory /workdir/hadoop-ozone/integration-test/target/test-dir/MiniOzoneClusterImpl-8a368e31-8812-42c3-a9b0-be5bfd809ffd/datanode-0/data/ratis/f431735f-36fb-4782-96ff-20b6bbbd6550 has been successfully formatted.
2019-09-12 10:21:25,943 [pool-27-thread-1] INFO  ratis.ContainerStateMachine (ContainerStateMachine.java:loadSnapshot(226)) - group-20B6BBBD6550: The snapshot info is null. Setting the last applied indexto:(t:0, i:~)
2019-09-12 10:21:25,943 [pool-27-thread-1] INFO  server.RaftServerConfigKeys (ConfUtils.java:logGet(43)) - raft.server.leader.election.timeout = 120s (custom)
2019-09-12 10:21:25,944 [pool-27-thread-1] INFO  server.RaftServerConfigKeys (ConfUtils.java:logGet(43)) - raft.server.log.use.memory = false (default)
2019-09-12 10:21:25,944 [pool-27-thread-1] INFO  server.RaftServerConfigKeys (ConfUtils.java:logGet(43)) - raft.server.log.purge.gap = 1000000 (custom)
2019-09-12 10:21:25,944 [pool-27-thread-1] INFO  server.RaftServerConfigKeys (ConfUtils.java:logGet(43)) - raft.server.log.appender.buffer.byte-limit = 33554432 (custom)
2019-09-12 10:21:25,944 [pool-27-thread-1] INFO  server.RaftServerConfigKeys (ConfUtils.java:logGet(43)) - raft.server.log.segment.size.max = 1048576 (custom)
2019-09-12 10:21:25,944 [pool-27-thread-1] INFO  server.RaftServerConfigKeys (ConfUtils.java:logGet(43)) - raft.server.log.segment.cache.num.max = 2 (custom)
2019-09-12 10:21:25,945 [pool-27-thread-1] INFO  segmented.SegmentedRaftLogWorker (SegmentedRaftLogWorker.java:<init>(172)) - new 464357b9-d640-4e4a-892f-a68e44244c3b-SegmentedRaftLogWorker:Storage Directory /workdir/hadoop-ozone/integration-test/target/test-dir/MiniOzoneClusterImpl-8a368e31-8812-42c3-a9b0-be5bfd809ffd/datanode-0/data/ratis/f431735f-36fb-4782-96ff-20b6bbbd6550 for RaftStorage:Storage Directory /workdir/hadoop-ozone/integration-test/target/test-dir/MiniOzoneClusterImpl-8a368e31-8812-42c3-a9b0-be5bfd809ffd/datanode-0/data/ratis/f431735f-36fb-4782-96ff-20b6bbbd6550
2019-09-12 10:21:25,945 [pool-27-thread-1] INFO  server.RaftServerConfigKeys (ConfUtils.java:logGet(43)) - raft.server.log.queue.byte-limit = 2147483647 (custom)
2019-09-12 10:21:25,945 [pool-27-thread-1] INFO  server.RaftServerConfigKeys (ConfUtils.java:logGet(43)) - raft.server.log.queue.element-limit = 1024 (custom)
2019-09-12 10:21:25,945 [pool-27-thread-1] INFO  server.RaftServerConfigKeys (ConfUtils.java:logGet(43)) - raft.server.log.segment.size.max = 1048576 (custom)
2019-09-12 10:21:25,945 [pool-27-thread-1] INFO  server.RaftServerConfigKeys (ConfUtils.java:logGet(43)) - raft.server.log.preallocated.size = 16384 (custom)
2019-09-12 10:21:25,946 [pool-27-thread-1] INFO  server.RaftServerConfigKeys (ConfUtils.java:logGet(43)) - raft.server.log.write.buffer.size = 33554432 (custom)
2019-09-12 10:21:25,946 [pool-27-thread-1] INFO  server.RaftServerConfigKeys (ConfUtils.java:logGet(43)) - raft.server.log.force.sync.num = 128 (default)
2019-09-12 10:21:25,946 [pool-27-thread-1] INFO  server.RaftServerConfigKeys (ConfUtils.java:logGet(43)) - raft.server.log.statemachine.data.sync = true (default)
2019-09-12 10:21:25,946 [pool-27-thread-1] INFO  server.RaftServerConfigKeys (ConfUtils.java:logGet(43)) - raft.server.log.statemachine.data.sync.timeout = 10s (default)
2019-09-12 10:21:25,947 [pool-27-thread-1] INFO  server.RaftServerConfigKeys (ConfUtils.java:logGet(43)) - raft.server.log.statemachine.data.sync.timeout.retry = -1 (default)
2019-09-12 10:21:25,947 [pool-27-thread-1] INFO  server.RaftServerConfigKeys (ConfUtils.java:logGet(43)) - raft.server.log.statemachine.data.caching.enabled = true (custom)
2019-09-12 10:21:25,947 [pool-27-thread-1] INFO  segmented.SegmentedRaftLogWorker (SegmentedRaftLogWorker.java:lambda$new$0(132)) - 464357b9-d640-4e4a-892f-a68e44244c3b-SegmentedRaftLogWorker:Storage Directory /workdir/hadoop-ozone/integration-test/target/test-dir/MiniOzoneClusterImpl-8a368e31-8812-42c3-a9b0-be5bfd809ffd/datanode-0/data/ratis/f431735f-36fb-4782-96ff-20b6bbbd6550: flushIndex: setUnconditionally 0 -> -1
2019-09-12 10:21:25,948 [pool-27-thread-1] INFO  server.RaftServerConfigKeys (ConfUtils.java:logGet(43)) - raft.server.snapshot.auto.trigger.enabled = true (custom)
2019-09-12 10:21:25,948 [pool-27-thread-1] INFO  server.RaftServerConfigKeys (ConfUtils.java:logGet(43)) - raft.server.snapshot.auto.trigger.threshold = 10000 (custom)
2019-09-12 10:21:25,948 [pool-27-thread-1] INFO  server.RaftServerConfigKeys (ConfUtils.java:logGet(43)) - raft.server.retrycache.expirytime = 600000ms (custom)
2019-09-12 10:21:25,948 [pool-27-thread-1] INFO  impl.RaftServerImpl (RaftServerImpl.java:start(180)) - 464357b9-d640-4e4a-892f-a68e44244c3b: start group-20B6BBBD6550
2019-09-12 10:21:25,949 [pool-27-thread-1] INFO  impl.RaftServerImpl (RaftServerImpl.java:setRole(171)) - 464357b9-d640-4e4a-892f-a68e44244c3b:group-20B6BBBD6550 changes role from null to FOLLOWER at term 0 for startAsFollower
2019-09-12 10:21:25,949 [pool-27-thread-1] INFO  impl.RoleInfo (RoleInfo.java:updateAndGet(143)) - 464357b9-d640-4e4a-892f-a68e44244c3b: start FollowerState
2019-09-12 10:21:25,949 [pool-27-thread-1] INFO  util.JmxRegister (JmxRegister.java:tryRegister(44)) - Successfully registered JMX Bean with object name Ratis:service=RaftServer,group=group-20B6BBBD6550,id=464357b9-d640-4e4a-892f-a68e44244c3b
2019-09-12 10:21:25,958 [RatisPipelineUtilsThread] INFO  pipeline.PipelineStateManager (PipelineStateManager.java:addPipeline(56)) - Created pipeline Pipeline[ Id: f431735f-36fb-4782-96ff-20b6bbbd6550, Nodes: 464357b9-d640-4e4a-892f-a68e44244c3b{ip: 192.168.157.195, host: pr-hdds-1569-xtfnx-3545843844, networkLocation: /default-rack, certSerialId: null}, Type:RATIS, Factor:ONE, State:OPEN]
2019-09-12 10:21:25,976 [grpc-default-executor-0] INFO  impl.RaftServerProxy (RaftServerProxy.java:addNew(89)) - 97d69fd4-8e52-4023-8fa6-54c6b0949aa9: addNew group-6F599AD9DAF8:[97d69fd4-8e52-4023-8fa6-54c6b0949aa9:192.168.157.195:38621] returns group-6F599AD9DAF8:java.util.concurrent.CompletableFuture@12fb40e9[Not completed]
2019-09-12 10:21:25,979 [pool-60-thread-1] INFO  impl.RaftServerImpl (RaftServerImpl.java:<init>(93)) - 97d69fd4-8e52-4023-8fa6-54c6b0949aa9: new RaftServerImpl for group-6F599AD9DAF8:[97d69fd4-8e52-4023-8fa6-54c6b0949aa9:192.168.157.195:38621] with ContainerStateMachine:uninitialized
2019-09-12 10:21:25,980 [pool-60-thread-1] INFO  server.RaftServerConfigKeys (ConfUtils.java:logGet(43)) - raft.server.rpc.timeout.min = 5s (custom)
2019-09-12 10:21:25,980 [pool-60-thread-1] INFO  server.RaftServerConfigKeys (ConfUtils.java:logGet(43)) - raft.server.rpc.timeout.max = 5200ms (custom)
2019-09-12 10:21:25,980 [pool-60-thread-1] INFO  server.RaftServerConfigKeys (ConfUtils.java:logGet(43)) - raft.server.rpcslowness.timeout = 120s (custom)
2019-09-12 10:21:25,980 [pool-60-thread-1] INFO  server.RaftServerConfigKeys (ConfUtils.java:logGet(43)) - raft.server.sleep.deviation.threshold = 300 (default)
2019-09-12 10:21:25,981 [pool-60-thread-1] INFO  server.RaftServerConfigKeys (ConfUtils.java:logGet(43)) - raft.server.log.appender.install.snapshot.enabled = false (custom)
2019-09-12 10:21:25,981 [pool-60-thread-1] INFO  impl.RaftServerImpl (ServerState.java:<init>(105)) - 97d69fd4-8e52-4023-8fa6-54c6b0949aa9:group-6F599AD9DAF8 ConfigurationManager, init=-1: [97d69fd4-8e52-4023-8fa6-54c6b0949aa9:192.168.157.195:38621], old=null, confs=<EMPTY_MAP>
2019-09-12 10:21:25,981 [pool-60-thread-1] INFO  server.RaftServerConfigKeys (ConfUtils.java:logGet(43)) - raft.server.storage.dir = [/workdir/hadoop-ozone/integration-test/target/test-dir/MiniOzoneClusterImpl-8a368e31-8812-42c3-a9b0-be5bfd809ffd/datanode-3/data/ratis] (custom)
2019-09-12 10:21:25,982 [pool-60-thread-1] INFO  storage.RaftStorageDirectory (RaftStorageDirectory.java:analyzeStorage(246)) - The storage directory /workdir/hadoop-ozone/integration-test/target/test-dir/MiniOzoneClusterImpl-8a368e31-8812-42c3-a9b0-be5bfd809ffd/datanode-3/data/ratis/b4b178ee-2a27-4fc5-8ab2-6f599ad9daf8 does not exist. Creating ...
2019-09-12 10:21:25,987 | INFO  | SCMAudit | user=jenkins1000 | ip=192.168.157.195 | op=SEND_HEARTBEAT {datanodeUUID=464357b9-d640-4e4a-892f-a68e44244c3b, command=[]} | ret=SUCCESS |  
2019-09-12 10:21:25,996 [pool-60-thread-1] INFO  storage.RaftStorageDirectory (RaftStorageDirectory.java:tryLock(328)) - Lock on /workdir/hadoop-ozone/integration-test/target/test-dir/MiniOzoneClusterImpl-8a368e31-8812-42c3-a9b0-be5bfd809ffd/datanode-3/data/ratis/b4b178ee-2a27-4fc5-8ab2-6f599ad9daf8/in_use.lock acquired by nodename 12969@pr-hdds-1569-xtfnx-3545843844
2019-09-12 10:21:26,009 [pool-60-thread-1] INFO  storage.RaftStorage (RaftStorage.java:format(72)) - Storage directory /workdir/hadoop-ozone/integration-test/target/test-dir/MiniOzoneClusterImpl-8a368e31-8812-42c3-a9b0-be5bfd809ffd/datanode-3/data/ratis/b4b178ee-2a27-4fc5-8ab2-6f599ad9daf8 has been successfully formatted.
2019-09-12 10:21:26,010 [pool-60-thread-1] INFO  ratis.ContainerStateMachine (ContainerStateMachine.java:loadSnapshot(226)) - group-6F599AD9DAF8: The snapshot info is null. Setting the last applied indexto:(t:0, i:~)
2019-09-12 10:21:26,010 [pool-60-thread-1] INFO  server.RaftServerConfigKeys (ConfUtils.java:logGet(43)) - raft.server.leader.election.timeout = 120s (custom)
2019-09-12 10:21:26,010 [pool-60-thread-1] INFO  server.RaftServerConfigKeys (ConfUtils.java:logGet(43)) - raft.server.log.use.memory = false (default)
2019-09-12 10:21:26,010 [pool-60-thread-1] INFO  server.RaftServerConfigKeys (ConfUtils.java:logGet(43)) - raft.server.log.purge.gap = 1000000 (custom)
2019-09-12 10:21:26,011 [pool-60-thread-1] INFO  server.RaftServerConfigKeys (ConfUtils.java:logGet(43)) - raft.server.log.appender.buffer.byte-limit = 33554432 (custom)
2019-09-12 10:21:26,011 [pool-60-thread-1] INFO  server.RaftServerConfigKeys (ConfUtils.java:logGet(43)) - raft.server.log.segment.size.max = 1048576 (custom)
2019-09-12 10:21:26,011 [pool-60-thread-1] INFO  server.RaftServerConfigKeys (ConfUtils.java:logGet(43)) - raft.server.log.segment.cache.num.max = 2 (custom)
2019-09-12 10:21:26,011 [pool-60-thread-1] INFO  segmented.SegmentedRaftLogWorker (SegmentedRaftLogWorker.java:<init>(172)) - new 97d69fd4-8e52-4023-8fa6-54c6b0949aa9-SegmentedRaftLogWorker:Storage Directory /workdir/hadoop-ozone/integration-test/target/test-dir/MiniOzoneClusterImpl-8a368e31-8812-42c3-a9b0-be5bfd809ffd/datanode-3/data/ratis/b4b178ee-2a27-4fc5-8ab2-6f599ad9daf8 for RaftStorage:Storage Directory /workdir/hadoop-ozone/integration-test/target/test-dir/MiniOzoneClusterImpl-8a368e31-8812-42c3-a9b0-be5bfd809ffd/datanode-3/data/ratis/b4b178ee-2a27-4fc5-8ab2-6f599ad9daf8
2019-09-12 10:21:26,012 [pool-60-thread-1] INFO  server.RaftServerConfigKeys (ConfUtils.java:logGet(43)) - raft.server.log.queue.byte-limit = 2147483647 (custom)
2019-09-12 10:21:26,012 [pool-60-thread-1] INFO  server.RaftServerConfigKeys (ConfUtils.java:logGet(43)) - raft.server.log.queue.element-limit = 1024 (custom)
2019-09-12 10:21:26,012 [pool-60-thread-1] INFO  server.RaftServerConfigKeys (ConfUtils.java:logGet(43)) - raft.server.log.segment.size.max = 1048576 (custom)
2019-09-12 10:21:26,012 [pool-60-thread-1] INFO  server.RaftServerConfigKeys (ConfUtils.java:logGet(43)) - raft.server.log.preallocated.size = 16384 (custom)
2019-09-12 10:21:26,012 [pool-60-thread-1] INFO  server.RaftServerConfigKeys (ConfUtils.java:logGet(43)) - raft.server.log.write.buffer.size = 33554432 (custom)
2019-09-12 10:21:26,012 [pool-60-thread-1] INFO  server.RaftServerConfigKeys (ConfUtils.java:logGet(43)) - raft.server.log.force.sync.num = 128 (default)
2019-09-12 10:21:26,013 [pool-60-thread-1] INFO  server.RaftServerConfigKeys (ConfUtils.java:logGet(43)) - raft.server.log.statemachine.data.sync = true (default)
2019-09-12 10:21:26,013 [pool-60-thread-1] INFO  server.RaftServerConfigKeys (ConfUtils.java:logGet(43)) - raft.server.log.statemachine.data.sync.timeout = 10s (default)
2019-09-12 10:21:26,013 [pool-60-thread-1] INFO  server.RaftServerConfigKeys (ConfUtils.java:logGet(43)) - raft.server.log.statemachine.data.sync.timeout.retry = -1 (default)
2019-09-12 10:21:26,013 [pool-60-thread-1] INFO  server.RaftServerConfigKeys (ConfUtils.java:logGet(43)) - raft.server.log.statemachine.data.caching.enabled = true (custom)
2019-09-12 10:21:26,014 [pool-60-thread-1] INFO  segmented.SegmentedRaftLogWorker (SegmentedRaftLogWorker.java:lambda$new$0(132)) - 97d69fd4-8e52-4023-8fa6-54c6b0949aa9-SegmentedRaftLogWorker:Storage Directory /workdir/hadoop-ozone/integration-test/target/test-dir/MiniOzoneClusterImpl-8a368e31-8812-42c3-a9b0-be5bfd809ffd/datanode-3/data/ratis/b4b178ee-2a27-4fc5-8ab2-6f599ad9daf8: flushIndex: setUnconditionally 0 -> -1
2019-09-12 10:21:26,014 [pool-60-thread-1] INFO  server.RaftServerConfigKeys (ConfUtils.java:logGet(43)) - raft.server.snapshot.auto.trigger.enabled = true (custom)
2019-09-12 10:21:26,014 [pool-60-thread-1] INFO  server.RaftServerConfigKeys (ConfUtils.java:logGet(43)) - raft.server.snapshot.auto.trigger.threshold = 10000 (custom)
2019-09-12 10:21:26,015 [pool-60-thread-1] INFO  server.RaftServerConfigKeys (ConfUtils.java:logGet(43)) - raft.server.retrycache.expirytime = 600000ms (custom)
2019-09-12 10:21:26,015 [pool-60-thread-1] INFO  impl.RaftServerImpl (RaftServerImpl.java:start(180)) - 97d69fd4-8e52-4023-8fa6-54c6b0949aa9: start group-6F599AD9DAF8
2019-09-12 10:21:26,015 [pool-60-thread-1] INFO  impl.RaftServerImpl (RaftServerImpl.java:setRole(171)) - 97d69fd4-8e52-4023-8fa6-54c6b0949aa9:group-6F599AD9DAF8 changes role from null to FOLLOWER at term 0 for startAsFollower
2019-09-12 10:21:26,015 [pool-60-thread-1] INFO  impl.RoleInfo (RoleInfo.java:updateAndGet(143)) - 97d69fd4-8e52-4023-8fa6-54c6b0949aa9: start FollowerState
2019-09-12 10:21:26,016 [pool-60-thread-1] INFO  util.JmxRegister (JmxRegister.java:tryRegister(44)) - Successfully registered JMX Bean with object name Ratis:service=RaftServer,group=group-6F599AD9DAF8,id=97d69fd4-8e52-4023-8fa6-54c6b0949aa9
2019-09-12 10:21:26,025 [RatisPipelineUtilsThread] INFO  pipeline.PipelineStateManager (PipelineStateManager.java:addPipeline(56)) - Created pipeline Pipeline[ Id: b4b178ee-2a27-4fc5-8ab2-6f599ad9daf8, Nodes: 97d69fd4-8e52-4023-8fa6-54c6b0949aa9{ip: 192.168.157.195, host: pr-hdds-1569-xtfnx-3545843844, networkLocation: /default-rack, certSerialId: null}, Type:RATIS, Factor:ONE, State:OPEN]
2019-09-12 10:21:26,039 [grpc-default-executor-0] INFO  impl.RaftServerProxy (RaftServerProxy.java:addNew(89)) - 464357b9-d640-4e4a-892f-a68e44244c3b: addNew group-B7FA153FF8F2:[464357b9-d640-4e4a-892f-a68e44244c3b:192.168.157.195:35243] returns group-B7FA153FF8F2:java.util.concurrent.CompletableFuture@dd1192a[Not completed]
2019-09-12 10:21:26,041 [pool-27-thread-1] INFO  impl.RaftServerImpl (RaftServerImpl.java:<init>(93)) - 464357b9-d640-4e4a-892f-a68e44244c3b: new RaftServerImpl for group-B7FA153FF8F2:[464357b9-d640-4e4a-892f-a68e44244c3b:192.168.157.195:35243] with ContainerStateMachine:uninitialized
2019-09-12 10:21:26,041 [pool-27-thread-1] INFO  server.RaftServerConfigKeys (ConfUtils.java:logGet(43)) - raft.server.rpc.timeout.min = 5s (custom)
2019-09-12 10:21:26,041 [pool-27-thread-1] INFO  server.RaftServerConfigKeys (ConfUtils.java:logGet(43)) - raft.server.rpc.timeout.max = 5200ms (custom)
2019-09-12 10:21:26,041 [pool-27-thread-1] INFO  server.RaftServerConfigKeys (ConfUtils.java:logGet(43)) - raft.server.rpcslowness.timeout = 120s (custom)
2019-09-12 10:21:26,042 [pool-27-thread-1] INFO  server.RaftServerConfigKeys (ConfUtils.java:logGet(43)) - raft.server.sleep.deviation.threshold = 300 (default)
2019-09-12 10:21:26,042 [pool-27-thread-1] INFO  server.RaftServerConfigKeys (ConfUtils.java:logGet(43)) - raft.server.log.appender.install.snapshot.enabled = false (custom)
2019-09-12 10:21:26,042 [pool-27-thread-1] INFO  impl.RaftServerImpl (ServerState.java:<init>(105)) - 464357b9-d640-4e4a-892f-a68e44244c3b:group-B7FA153FF8F2 ConfigurationManager, init=-1: [464357b9-d640-4e4a-892f-a68e44244c3b:192.168.157.195:35243], old=null, confs=<EMPTY_MAP>
2019-09-12 10:21:26,042 [pool-27-thread-1] INFO  server.RaftServerConfigKeys (ConfUtils.java:logGet(43)) - raft.server.storage.dir = [/workdir/hadoop-ozone/integration-test/target/test-dir/MiniOzoneClusterImpl-8a368e31-8812-42c3-a9b0-be5bfd809ffd/datanode-0/data/ratis] (custom)
2019-09-12 10:21:26,043 [pool-27-thread-1] INFO  storage.RaftStorageDirectory (RaftStorageDirectory.java:analyzeStorage(246)) - The storage directory /workdir/hadoop-ozone/integration-test/target/test-dir/MiniOzoneClusterImpl-8a368e31-8812-42c3-a9b0-be5bfd809ffd/datanode-0/data/ratis/6277b2d3-6a0c-4b85-8e99-b7fa153ff8f2 does not exist. Creating ...
2019-09-12 10:21:26,055 [pool-27-thread-1] INFO  storage.RaftStorageDirectory (RaftStorageDirectory.java:tryLock(328)) - Lock on /workdir/hadoop-ozone/integration-test/target/test-dir/MiniOzoneClusterImpl-8a368e31-8812-42c3-a9b0-be5bfd809ffd/datanode-0/data/ratis/6277b2d3-6a0c-4b85-8e99-b7fa153ff8f2/in_use.lock acquired by nodename 12969@pr-hdds-1569-xtfnx-3545843844
2019-09-12 10:21:26,079 [pool-27-thread-1] INFO  storage.RaftStorage (RaftStorage.java:format(72)) - Storage directory /workdir/hadoop-ozone/integration-test/target/test-dir/MiniOzoneClusterImpl-8a368e31-8812-42c3-a9b0-be5bfd809ffd/datanode-0/data/ratis/6277b2d3-6a0c-4b85-8e99-b7fa153ff8f2 has been successfully formatted.
2019-09-12 10:21:26,079 [pool-27-thread-1] INFO  ratis.ContainerStateMachine (ContainerStateMachine.java:loadSnapshot(226)) - group-B7FA153FF8F2: The snapshot info is null. Setting the last applied indexto:(t:0, i:~)
2019-09-12 10:21:26,079 [pool-27-thread-1] INFO  server.RaftServerConfigKeys (ConfUtils.java:logGet(43)) - raft.server.leader.election.timeout = 120s (custom)
2019-09-12 10:21:26,079 [pool-27-thread-1] INFO  server.RaftServerConfigKeys (ConfUtils.java:logGet(43)) - raft.server.log.use.memory = false (default)
2019-09-12 10:21:26,079 [pool-27-thread-1] INFO  server.RaftServerConfigKeys (ConfUtils.java:logGet(43)) - raft.server.log.purge.gap = 1000000 (custom)
2019-09-12 10:21:26,080 [pool-27-thread-1] INFO  server.RaftServerConfigKeys (ConfUtils.java:logGet(43)) - raft.server.log.appender.buffer.byte-limit = 33554432 (custom)
2019-09-12 10:21:26,080 [pool-27-thread-1] INFO  server.RaftServerConfigKeys (ConfUtils.java:logGet(43)) - raft.server.log.segment.size.max = 1048576 (custom)
2019-09-12 10:21:26,080 [pool-27-thread-1] INFO  server.RaftServerConfigKeys (ConfUtils.java:logGet(43)) - raft.server.log.segment.cache.num.max = 2 (custom)
2019-09-12 10:21:26,080 [pool-27-thread-1] INFO  segmented.SegmentedRaftLogWorker (SegmentedRaftLogWorker.java:<init>(172)) - new 464357b9-d640-4e4a-892f-a68e44244c3b-SegmentedRaftLogWorker:Storage Directory /workdir/hadoop-ozone/integration-test/target/test-dir/MiniOzoneClusterImpl-8a368e31-8812-42c3-a9b0-be5bfd809ffd/datanode-0/data/ratis/6277b2d3-6a0c-4b85-8e99-b7fa153ff8f2 for RaftStorage:Storage Directory /workdir/hadoop-ozone/integration-test/target/test-dir/MiniOzoneClusterImpl-8a368e31-8812-42c3-a9b0-be5bfd809ffd/datanode-0/data/ratis/6277b2d3-6a0c-4b85-8e99-b7fa153ff8f2
2019-09-12 10:21:26,080 [pool-27-thread-1] INFO  server.RaftServerConfigKeys (ConfUtils.java:logGet(43)) - raft.server.log.queue.byte-limit = 2147483647 (custom)
2019-09-12 10:21:26,080 [pool-27-thread-1] INFO  server.RaftServerConfigKeys (ConfUtils.java:logGet(43)) - raft.server.log.queue.element-limit = 1024 (custom)
2019-09-12 10:21:26,081 [pool-27-thread-1] INFO  server.RaftServerConfigKeys (ConfUtils.java:logGet(43)) - raft.server.log.segment.size.max = 1048576 (custom)
2019-09-12 10:21:26,081 [pool-27-thread-1] INFO  server.RaftServerConfigKeys (ConfUtils.java:logGet(43)) - raft.server.log.preallocated.size = 16384 (custom)
2019-09-12 10:21:26,081 [pool-27-thread-1] INFO  server.RaftServerConfigKeys (ConfUtils.java:logGet(43)) - raft.server.log.write.buffer.size = 33554432 (custom)
2019-09-12 10:21:26,081 [pool-27-thread-1] INFO  server.RaftServerConfigKeys (ConfUtils.java:logGet(43)) - raft.server.log.force.sync.num = 128 (default)
2019-09-12 10:21:26,081 [pool-27-thread-1] INFO  server.RaftServerConfigKeys (ConfUtils.java:logGet(43)) - raft.server.log.statemachine.data.sync = true (default)
2019-09-12 10:21:26,081 [pool-27-thread-1] INFO  server.RaftServerConfigKeys (ConfUtils.java:logGet(43)) - raft.server.log.statemachine.data.sync.timeout = 10s (default)
2019-09-12 10:21:26,082 [pool-27-thread-1] INFO  server.RaftServerConfigKeys (ConfUtils.java:logGet(43)) - raft.server.log.statemachine.data.sync.timeout.retry = -1 (default)
2019-09-12 10:21:26,082 [pool-27-thread-1] INFO  server.RaftServerConfigKeys (ConfUtils.java:logGet(43)) - raft.server.log.statemachine.data.caching.enabled = true (custom)
2019-09-12 10:21:26,082 [pool-27-thread-1] INFO  segmented.SegmentedRaftLogWorker (SegmentedRaftLogWorker.java:lambda$new$0(132)) - 464357b9-d640-4e4a-892f-a68e44244c3b-SegmentedRaftLogWorker:Storage Directory /workdir/hadoop-ozone/integration-test/target/test-dir/MiniOzoneClusterImpl-8a368e31-8812-42c3-a9b0-be5bfd809ffd/datanode-0/data/ratis/6277b2d3-6a0c-4b85-8e99-b7fa153ff8f2: flushIndex: setUnconditionally 0 -> -1
2019-09-12 10:21:26,083 [pool-27-thread-1] INFO  server.RaftServerConfigKeys (ConfUtils.java:logGet(43)) - raft.server.snapshot.auto.trigger.enabled = true (custom)
2019-09-12 10:21:26,083 [pool-27-thread-1] INFO  server.RaftServerConfigKeys (ConfUtils.java:logGet(43)) - raft.server.snapshot.auto.trigger.threshold = 10000 (custom)
2019-09-12 10:21:26,083 [pool-27-thread-1] INFO  server.RaftServerConfigKeys (ConfUtils.java:logGet(43)) - raft.server.retrycache.expirytime = 600000ms (custom)
2019-09-12 10:21:26,083 [pool-27-thread-1] INFO  impl.RaftServerImpl (RaftServerImpl.java:start(180)) - 464357b9-d640-4e4a-892f-a68e44244c3b: start group-B7FA153FF8F2
2019-09-12 10:21:26,083 [pool-27-thread-1] INFO  impl.RaftServerImpl (RaftServerImpl.java:setRole(171)) - 464357b9-d640-4e4a-892f-a68e44244c3b:group-B7FA153FF8F2 changes role from null to FOLLOWER at term 0 for startAsFollower
2019-09-12 10:21:26,084 [pool-27-thread-1] INFO  impl.RoleInfo (RoleInfo.java:updateAndGet(143)) - 464357b9-d640-4e4a-892f-a68e44244c3b: start FollowerState
2019-09-12 10:21:26,084 [pool-27-thread-1] INFO  util.JmxRegister (JmxRegister.java:tryRegister(44)) - Successfully registered JMX Bean with object name Ratis:service=RaftServer,group=group-B7FA153FF8F2,id=464357b9-d640-4e4a-892f-a68e44244c3b
2019-09-12 10:21:26,096 [RatisPipelineUtilsThread] INFO  pipeline.PipelineStateManager (PipelineStateManager.java:addPipeline(56)) - Created pipeline Pipeline[ Id: 6277b2d3-6a0c-4b85-8e99-b7fa153ff8f2, Nodes: 464357b9-d640-4e4a-892f-a68e44244c3b{ip: 192.168.157.195, host: pr-hdds-1569-xtfnx-3545843844, networkLocation: /default-rack, certSerialId: null}, Type:RATIS, Factor:ONE, State:OPEN]
2019-09-12 10:21:26,111 [grpc-default-executor-0] INFO  impl.RaftServerProxy (RaftServerProxy.java:addNew(89)) - 5ad3b1f4-7cb1-4e63-b16b-8b3fa333f3d3: addNew group-511639E3FD4C:[5ad3b1f4-7cb1-4e63-b16b-8b3fa333f3d3:192.168.157.195:37868] returns group-511639E3FD4C:java.util.concurrent.CompletableFuture@581d744d[Not completed]
2019-09-12 10:21:26,113 [pool-38-thread-1] INFO  impl.RaftServerImpl (RaftServerImpl.java:<init>(93)) - 5ad3b1f4-7cb1-4e63-b16b-8b3fa333f3d3: new RaftServerImpl for group-511639E3FD4C:[5ad3b1f4-7cb1-4e63-b16b-8b3fa333f3d3:192.168.157.195:37868] with ContainerStateMachine:uninitialized
2019-09-12 10:21:26,113 [pool-38-thread-1] INFO  server.RaftServerConfigKeys (ConfUtils.java:logGet(43)) - raft.server.rpc.timeout.min = 5s (custom)
2019-09-12 10:21:26,113 [pool-38-thread-1] INFO  server.RaftServerConfigKeys (ConfUtils.java:logGet(43)) - raft.server.rpc.timeout.max = 5200ms (custom)
2019-09-12 10:21:26,114 [pool-38-thread-1] INFO  server.RaftServerConfigKeys (ConfUtils.java:logGet(43)) - raft.server.rpcslowness.timeout = 120s (custom)
2019-09-12 10:21:26,114 [pool-38-thread-1] INFO  server.RaftServerConfigKeys (ConfUtils.java:logGet(43)) - raft.server.sleep.deviation.threshold = 300 (default)
2019-09-12 10:21:26,114 [pool-38-thread-1] INFO  server.RaftServerConfigKeys (ConfUtils.java:logGet(43)) - raft.server.log.appender.install.snapshot.enabled = false (custom)
2019-09-12 10:21:26,114 [pool-38-thread-1] INFO  impl.RaftServerImpl (ServerState.java:<init>(105)) - 5ad3b1f4-7cb1-4e63-b16b-8b3fa333f3d3:group-511639E3FD4C ConfigurationManager, init=-1: [5ad3b1f4-7cb1-4e63-b16b-8b3fa333f3d3:192.168.157.195:37868], old=null, confs=<EMPTY_MAP>
2019-09-12 10:21:26,114 [pool-38-thread-1] INFO  server.RaftServerConfigKeys (ConfUtils.java:logGet(43)) - raft.server.storage.dir = [/workdir/hadoop-ozone/integration-test/target/test-dir/MiniOzoneClusterImpl-8a368e31-8812-42c3-a9b0-be5bfd809ffd/datanode-1/data/ratis] (custom)
2019-09-12 10:21:26,115 [pool-38-thread-1] INFO  storage.RaftStorageDirectory (RaftStorageDirectory.java:analyzeStorage(246)) - The storage directory /workdir/hadoop-ozone/integration-test/target/test-dir/MiniOzoneClusterImpl-8a368e31-8812-42c3-a9b0-be5bfd809ffd/datanode-1/data/ratis/d32dfb2d-fbd3-4d09-b8b1-511639e3fd4c does not exist. Creating ...
2019-09-12 10:21:26,128 [pool-38-thread-1] INFO  storage.RaftStorageDirectory (RaftStorageDirectory.java:tryLock(328)) - Lock on /workdir/hadoop-ozone/integration-test/target/test-dir/MiniOzoneClusterImpl-8a368e31-8812-42c3-a9b0-be5bfd809ffd/datanode-1/data/ratis/d32dfb2d-fbd3-4d09-b8b1-511639e3fd4c/in_use.lock acquired by nodename 12969@pr-hdds-1569-xtfnx-3545843844
2019-09-12 10:21:26,142 [pool-38-thread-1] INFO  storage.RaftStorage (RaftStorage.java:format(72)) - Storage directory /workdir/hadoop-ozone/integration-test/target/test-dir/MiniOzoneClusterImpl-8a368e31-8812-42c3-a9b0-be5bfd809ffd/datanode-1/data/ratis/d32dfb2d-fbd3-4d09-b8b1-511639e3fd4c has been successfully formatted.
2019-09-12 10:21:26,142 [pool-38-thread-1] INFO  ratis.ContainerStateMachine (ContainerStateMachine.java:loadSnapshot(226)) - group-511639E3FD4C: The snapshot info is null. Setting the last applied indexto:(t:0, i:~)
2019-09-12 10:21:26,143 [pool-38-thread-1] INFO  server.RaftServerConfigKeys (ConfUtils.java:logGet(43)) - raft.server.leader.election.timeout = 120s (custom)
2019-09-12 10:21:26,143 [pool-38-thread-1] INFO  server.RaftServerConfigKeys (ConfUtils.java:logGet(43)) - raft.server.log.use.memory = false (default)
2019-09-12 10:21:26,143 [pool-38-thread-1] INFO  server.RaftServerConfigKeys (ConfUtils.java:logGet(43)) - raft.server.log.purge.gap = 1000000 (custom)
2019-09-12 10:21:26,143 [pool-38-thread-1] INFO  server.RaftServerConfigKeys (ConfUtils.java:logGet(43)) - raft.server.log.appender.buffer.byte-limit = 33554432 (custom)
2019-09-12 10:21:26,143 [pool-38-thread-1] INFO  server.RaftServerConfigKeys (ConfUtils.java:logGet(43)) - raft.server.log.segment.size.max = 1048576 (custom)
2019-09-12 10:21:26,144 [pool-38-thread-1] INFO  server.RaftServerConfigKeys (ConfUtils.java:logGet(43)) - raft.server.log.segment.cache.num.max = 2 (custom)
2019-09-12 10:21:26,144 [pool-38-thread-1] INFO  segmented.SegmentedRaftLogWorker (SegmentedRaftLogWorker.java:<init>(172)) - new 5ad3b1f4-7cb1-4e63-b16b-8b3fa333f3d3-SegmentedRaftLogWorker:Storage Directory /workdir/hadoop-ozone/integration-test/target/test-dir/MiniOzoneClusterImpl-8a368e31-8812-42c3-a9b0-be5bfd809ffd/datanode-1/data/ratis/d32dfb2d-fbd3-4d09-b8b1-511639e3fd4c for RaftStorage:Storage Directory /workdir/hadoop-ozone/integration-test/target/test-dir/MiniOzoneClusterImpl-8a368e31-8812-42c3-a9b0-be5bfd809ffd/datanode-1/data/ratis/d32dfb2d-fbd3-4d09-b8b1-511639e3fd4c
2019-09-12 10:21:26,144 [pool-38-thread-1] INFO  server.RaftServerConfigKeys (ConfUtils.java:logGet(43)) - raft.server.log.queue.byte-limit = 2147483647 (custom)
2019-09-12 10:21:26,144 [pool-38-thread-1] INFO  server.RaftServerConfigKeys (ConfUtils.java:logGet(43)) - raft.server.log.queue.element-limit = 1024 (custom)
2019-09-12 10:21:26,144 [pool-38-thread-1] INFO  server.RaftServerConfigKeys (ConfUtils.java:logGet(43)) - raft.server.log.segment.size.max = 1048576 (custom)
2019-09-12 10:21:26,145 [pool-38-thread-1] INFO  server.RaftServerConfigKeys (ConfUtils.java:logGet(43)) - raft.server.log.preallocated.size = 16384 (custom)
2019-09-12 10:21:26,145 [pool-38-thread-1] INFO  server.RaftServerConfigKeys (ConfUtils.java:logGet(43)) - raft.server.log.write.buffer.size = 33554432 (custom)
2019-09-12 10:21:26,145 [pool-38-thread-1] INFO  server.RaftServerConfigKeys (ConfUtils.java:logGet(43)) - raft.server.log.force.sync.num = 128 (default)
2019-09-12 10:21:26,145 [pool-38-thread-1] INFO  server.RaftServerConfigKeys (ConfUtils.java:logGet(43)) - raft.server.log.statemachine.data.sync = true (default)
2019-09-12 10:21:26,145 [pool-38-thread-1] INFO  server.RaftServerConfigKeys (ConfUtils.java:logGet(43)) - raft.server.log.statemachine.data.sync.timeout = 10s (default)
2019-09-12 10:21:26,146 [pool-38-thread-1] INFO  server.RaftServerConfigKeys (ConfUtils.java:logGet(43)) - raft.server.log.statemachine.data.sync.timeout.retry = -1 (default)
2019-09-12 10:21:26,146 [pool-38-thread-1] INFO  server.RaftServerConfigKeys (ConfUtils.java:logGet(43)) - raft.server.log.statemachine.data.caching.enabled = true (custom)
2019-09-12 10:21:26,146 [pool-38-thread-1] INFO  segmented.SegmentedRaftLogWorker (SegmentedRaftLogWorker.java:lambda$new$0(132)) - 5ad3b1f4-7cb1-4e63-b16b-8b3fa333f3d3-SegmentedRaftLogWorker:Storage Directory /workdir/hadoop-ozone/integration-test/target/test-dir/MiniOzoneClusterImpl-8a368e31-8812-42c3-a9b0-be5bfd809ffd/datanode-1/data/ratis/d32dfb2d-fbd3-4d09-b8b1-511639e3fd4c: flushIndex: setUnconditionally 0 -> -1
2019-09-12 10:21:26,147 [pool-38-thread-1] INFO  server.RaftServerConfigKeys (ConfUtils.java:logGet(43)) - raft.server.snapshot.auto.trigger.enabled = true (custom)
2019-09-12 10:21:26,147 [pool-38-thread-1] INFO  server.RaftServerConfigKeys (ConfUtils.java:logGet(43)) - raft.server.snapshot.auto.trigger.threshold = 10000 (custom)
2019-09-12 10:21:26,147 [pool-38-thread-1] INFO  server.RaftServerConfigKeys (ConfUtils.java:logGet(43)) - raft.server.retrycache.expirytime = 600000ms (custom)
2019-09-12 10:21:26,147 [pool-38-thread-1] INFO  impl.RaftServerImpl (RaftServerImpl.java:start(180)) - 5ad3b1f4-7cb1-4e63-b16b-8b3fa333f3d3: start group-511639E3FD4C
2019-09-12 10:21:26,148 [pool-38-thread-1] INFO  impl.RaftServerImpl (RaftServerImpl.java:setRole(171)) - 5ad3b1f4-7cb1-4e63-b16b-8b3fa333f3d3:group-511639E3FD4C changes role from null to FOLLOWER at term 0 for startAsFollower
2019-09-12 10:21:26,148 [pool-38-thread-1] INFO  impl.RoleInfo (RoleInfo.java:updateAndGet(143)) - 5ad3b1f4-7cb1-4e63-b16b-8b3fa333f3d3: start FollowerState
2019-09-12 10:21:26,148 [pool-38-thread-1] INFO  util.JmxRegister (JmxRegister.java:tryRegister(44)) - Successfully registered JMX Bean with object name Ratis:service=RaftServer,group=group-511639E3FD4C,id=5ad3b1f4-7cb1-4e63-b16b-8b3fa333f3d3
2019-09-12 10:21:26,154 [RatisPipelineUtilsThread] INFO  pipeline.PipelineStateManager (PipelineStateManager.java:addPipeline(56)) - Created pipeline Pipeline[ Id: d32dfb2d-fbd3-4d09-b8b1-511639e3fd4c, Nodes: 5ad3b1f4-7cb1-4e63-b16b-8b3fa333f3d3{ip: 192.168.157.195, host: pr-hdds-1569-xtfnx-3545843844, networkLocation: /default-rack, certSerialId: null}, Type:RATIS, Factor:ONE, State:OPEN]
2019-09-12 10:21:26,173 [grpc-default-executor-0] INFO  impl.RaftServerProxy (RaftServerProxy.java:addNew(89)) - 464357b9-d640-4e4a-892f-a68e44244c3b: addNew group-DD682A177973:[464357b9-d640-4e4a-892f-a68e44244c3b:192.168.157.195:35243] returns group-DD682A177973:java.util.concurrent.CompletableFuture@2339362c[Not completed]
2019-09-12 10:21:26,175 [pool-27-thread-1] INFO  impl.RaftServerImpl (RaftServerImpl.java:<init>(93)) - 464357b9-d640-4e4a-892f-a68e44244c3b: new RaftServerImpl for group-DD682A177973:[464357b9-d640-4e4a-892f-a68e44244c3b:192.168.157.195:35243] with ContainerStateMachine:uninitialized
2019-09-12 10:21:26,176 [pool-27-thread-1] INFO  server.RaftServerConfigKeys (ConfUtils.java:logGet(43)) - raft.server.rpc.timeout.min = 5s (custom)
2019-09-12 10:21:26,176 [pool-27-thread-1] INFO  server.RaftServerConfigKeys (ConfUtils.java:logGet(43)) - raft.server.rpc.timeout.max = 5200ms (custom)
2019-09-12 10:21:26,176 [pool-27-thread-1] INFO  server.RaftServerConfigKeys (ConfUtils.java:logGet(43)) - raft.server.rpcslowness.timeout = 120s (custom)
2019-09-12 10:21:26,176 [pool-27-thread-1] INFO  server.RaftServerConfigKeys (ConfUtils.java:logGet(43)) - raft.server.sleep.deviation.threshold = 300 (default)
2019-09-12 10:21:26,176 [pool-27-thread-1] INFO  server.RaftServerConfigKeys (ConfUtils.java:logGet(43)) - raft.server.log.appender.install.snapshot.enabled = false (custom)
2019-09-12 10:21:26,176 [pool-27-thread-1] INFO  impl.RaftServerImpl (ServerState.java:<init>(105)) - 464357b9-d640-4e4a-892f-a68e44244c3b:group-DD682A177973 ConfigurationManager, init=-1: [464357b9-d640-4e4a-892f-a68e44244c3b:192.168.157.195:35243], old=null, confs=<EMPTY_MAP>
2019-09-12 10:21:26,177 [pool-27-thread-1] INFO  server.RaftServerConfigKeys (ConfUtils.java:logGet(43)) - raft.server.storage.dir = [/workdir/hadoop-ozone/integration-test/target/test-dir/MiniOzoneClusterImpl-8a368e31-8812-42c3-a9b0-be5bfd809ffd/datanode-0/data/ratis] (custom)
2019-09-12 10:21:26,177 [pool-27-thread-1] INFO  storage.RaftStorageDirectory (RaftStorageDirectory.java:analyzeStorage(246)) - The storage directory /workdir/hadoop-ozone/integration-test/target/test-dir/MiniOzoneClusterImpl-8a368e31-8812-42c3-a9b0-be5bfd809ffd/datanode-0/data/ratis/7e8edd91-e16c-44cc-9732-dd682a177973 does not exist. Creating ...
2019-09-12 10:21:26,190 [pool-27-thread-1] INFO  storage.RaftStorageDirectory (RaftStorageDirectory.java:tryLock(328)) - Lock on /workdir/hadoop-ozone/integration-test/target/test-dir/MiniOzoneClusterImpl-8a368e31-8812-42c3-a9b0-be5bfd809ffd/datanode-0/data/ratis/7e8edd91-e16c-44cc-9732-dd682a177973/in_use.lock acquired by nodename 12969@pr-hdds-1569-xtfnx-3545843844
2019-09-12 10:21:26,197 | INFO  | SCMAudit | user=jenkins1000 | ip=192.168.157.195 | op=SEND_HEARTBEAT {datanodeUUID=5ad3b1f4-7cb1-4e63-b16b-8b3fa333f3d3, command=[]} | ret=SUCCESS |  
2019-09-12 10:21:26,204 [pool-27-thread-1] INFO  storage.RaftStorage (RaftStorage.java:format(72)) - Storage directory /workdir/hadoop-ozone/integration-test/target/test-dir/MiniOzoneClusterImpl-8a368e31-8812-42c3-a9b0-be5bfd809ffd/datanode-0/data/ratis/7e8edd91-e16c-44cc-9732-dd682a177973 has been successfully formatted.
2019-09-12 10:21:26,204 [pool-27-thread-1] INFO  ratis.ContainerStateMachine (ContainerStateMachine.java:loadSnapshot(226)) - group-DD682A177973: The snapshot info is null. Setting the last applied indexto:(t:0, i:~)
2019-09-12 10:21:26,204 [pool-27-thread-1] INFO  server.RaftServerConfigKeys (ConfUtils.java:logGet(43)) - raft.server.leader.election.timeout = 120s (custom)
2019-09-12 10:21:26,204 [pool-27-thread-1] INFO  server.RaftServerConfigKeys (ConfUtils.java:logGet(43)) - raft.server.log.use.memory = false (default)
2019-09-12 10:21:26,204 [pool-27-thread-1] INFO  server.RaftServerConfigKeys (ConfUtils.java:logGet(43)) - raft.server.log.purge.gap = 1000000 (custom)
2019-09-12 10:21:26,205 [pool-27-thread-1] INFO  server.RaftServerConfigKeys (ConfUtils.java:logGet(43)) - raft.server.log.appender.buffer.byte-limit = 33554432 (custom)
2019-09-12 10:21:26,205 [pool-27-thread-1] INFO  server.RaftServerConfigKeys (ConfUtils.java:logGet(43)) - raft.server.log.segment.size.max = 1048576 (custom)
2019-09-12 10:21:26,205 [pool-27-thread-1] INFO  server.RaftServerConfigKeys (ConfUtils.java:logGet(43)) - raft.server.log.segment.cache.num.max = 2 (custom)
2019-09-12 10:21:26,205 [pool-27-thread-1] INFO  segmented.SegmentedRaftLogWorker (SegmentedRaftLogWorker.java:<init>(172)) - new 464357b9-d640-4e4a-892f-a68e44244c3b-SegmentedRaftLogWorker:Storage Directory /workdir/hadoop-ozone/integration-test/target/test-dir/MiniOzoneClusterImpl-8a368e31-8812-42c3-a9b0-be5bfd809ffd/datanode-0/data/ratis/7e8edd91-e16c-44cc-9732-dd682a177973 for RaftStorage:Storage Directory /workdir/hadoop-ozone/integration-test/target/test-dir/MiniOzoneClusterImpl-8a368e31-8812-42c3-a9b0-be5bfd809ffd/datanode-0/data/ratis/7e8edd91-e16c-44cc-9732-dd682a177973
2019-09-12 10:21:26,205 [pool-27-thread-1] INFO  server.RaftServerConfigKeys (ConfUtils.java:logGet(43)) - raft.server.log.queue.byte-limit = 2147483647 (custom)
2019-09-12 10:21:26,206 [pool-27-thread-1] INFO  server.RaftServerConfigKeys (ConfUtils.java:logGet(43)) - raft.server.log.queue.element-limit = 1024 (custom)
2019-09-12 10:21:26,206 [pool-27-thread-1] INFO  server.RaftServerConfigKeys (ConfUtils.java:logGet(43)) - raft.server.log.segment.size.max = 1048576 (custom)
2019-09-12 10:21:26,206 [pool-27-thread-1] INFO  server.RaftServerConfigKeys (ConfUtils.java:logGet(43)) - raft.server.log.preallocated.size = 16384 (custom)
2019-09-12 10:21:26,206 [pool-27-thread-1] INFO  server.RaftServerConfigKeys (ConfUtils.java:logGet(43)) - raft.server.log.write.buffer.size = 33554432 (custom)
2019-09-12 10:21:26,206 [pool-27-thread-1] INFO  server.RaftServerConfigKeys (ConfUtils.java:logGet(43)) - raft.server.log.force.sync.num = 128 (default)
2019-09-12 10:21:26,207 [pool-27-thread-1] INFO  server.RaftServerConfigKeys (ConfUtils.java:logGet(43)) - raft.server.log.statemachine.data.sync = true (default)
2019-09-12 10:21:26,207 [pool-27-thread-1] INFO  server.RaftServerConfigKeys (ConfUtils.java:logGet(43)) - raft.server.log.statemachine.data.sync.timeout = 10s (default)
2019-09-12 10:21:26,207 [pool-27-thread-1] INFO  server.RaftServerConfigKeys (ConfUtils.java:logGet(43)) - raft.server.log.statemachine.data.sync.timeout.retry = -1 (default)
2019-09-12 10:21:26,207 [pool-27-thread-1] INFO  server.RaftServerConfigKeys (ConfUtils.java:logGet(43)) - raft.server.log.statemachine.data.caching.enabled = true (custom)
2019-09-12 10:21:26,208 [pool-27-thread-1] INFO  segmented.SegmentedRaftLogWorker (SegmentedRaftLogWorker.java:lambda$new$0(132)) - 464357b9-d640-4e4a-892f-a68e44244c3b-SegmentedRaftLogWorker:Storage Directory /workdir/hadoop-ozone/integration-test/target/test-dir/MiniOzoneClusterImpl-8a368e31-8812-42c3-a9b0-be5bfd809ffd/datanode-0/data/ratis/7e8edd91-e16c-44cc-9732-dd682a177973: flushIndex: setUnconditionally 0 -> -1
2019-09-12 10:21:26,208 [pool-27-thread-1] INFO  server.RaftServerConfigKeys (ConfUtils.java:logGet(43)) - raft.server.snapshot.auto.trigger.enabled = true (custom)
2019-09-12 10:21:26,208 [pool-27-thread-1] INFO  server.RaftServerConfigKeys (ConfUtils.java:logGet(43)) - raft.server.snapshot.auto.trigger.threshold = 10000 (custom)
2019-09-12 10:21:26,208 [pool-27-thread-1] INFO  server.RaftServerConfigKeys (ConfUtils.java:logGet(43)) - raft.server.retrycache.expirytime = 600000ms (custom)
2019-09-12 10:21:26,209 [pool-27-thread-1] INFO  impl.RaftServerImpl (RaftServerImpl.java:start(180)) - 464357b9-d640-4e4a-892f-a68e44244c3b: start group-DD682A177973
2019-09-12 10:21:26,209 [pool-27-thread-1] INFO  impl.RaftServerImpl (RaftServerImpl.java:setRole(171)) - 464357b9-d640-4e4a-892f-a68e44244c3b:group-DD682A177973 changes role from null to FOLLOWER at term 0 for startAsFollower
2019-09-12 10:21:26,209 [pool-27-thread-1] INFO  impl.RoleInfo (RoleInfo.java:updateAndGet(143)) - 464357b9-d640-4e4a-892f-a68e44244c3b: start FollowerState
2019-09-12 10:21:26,209 [pool-27-thread-1] INFO  util.JmxRegister (JmxRegister.java:tryRegister(44)) - Successfully registered JMX Bean with object name Ratis:service=RaftServer,group=group-DD682A177973,id=464357b9-d640-4e4a-892f-a68e44244c3b
2019-09-12 10:21:26,215 [RatisPipelineUtilsThread] INFO  pipeline.PipelineStateManager (PipelineStateManager.java:addPipeline(56)) - Created pipeline Pipeline[ Id: 7e8edd91-e16c-44cc-9732-dd682a177973, Nodes: 464357b9-d640-4e4a-892f-a68e44244c3b{ip: 192.168.157.195, host: pr-hdds-1569-xtfnx-3545843844, networkLocation: /default-rack, certSerialId: null}, Type:RATIS, Factor:ONE, State:OPEN]
2019-09-12 10:21:26,217 [RatisPipelineUtilsThread] ERROR pipeline.PipelinePlacementPolicy (PipelinePlacementPolicy.java:meetCriteria(91)) - Pipeline Placement: Doesn't meet the criteria to be viable node. Heaviness: 6
2019-09-12 10:21:26,228 [grpc-default-executor-0] INFO  impl.RaftServerProxy (RaftServerProxy.java:addNew(89)) - 0de21071-135c-4e9f-9147-689c91c53707: addNew group-13B5230A83F6:[0de21071-135c-4e9f-9147-689c91c53707:192.168.157.195:37667] returns group-13B5230A83F6:java.util.concurrent.CompletableFuture@4c0960f6[Not completed]
2019-09-12 10:21:26,229 [pool-49-thread-1] INFO  impl.RaftServerImpl (RaftServerImpl.java:<init>(93)) - 0de21071-135c-4e9f-9147-689c91c53707: new RaftServerImpl for group-13B5230A83F6:[0de21071-135c-4e9f-9147-689c91c53707:192.168.157.195:37667] with ContainerStateMachine:uninitialized
2019-09-12 10:21:26,229 [pool-49-thread-1] INFO  server.RaftServerConfigKeys (ConfUtils.java:logGet(43)) - raft.server.rpc.timeout.min = 5s (custom)
2019-09-12 10:21:26,229 [pool-49-thread-1] INFO  server.RaftServerConfigKeys (ConfUtils.java:logGet(43)) - raft.server.rpc.timeout.max = 5200ms (custom)
2019-09-12 10:21:26,230 [pool-49-thread-1] INFO  server.RaftServerConfigKeys (ConfUtils.java:logGet(43)) - raft.server.rpcslowness.timeout = 120s (custom)
2019-09-12 10:21:26,230 [pool-49-thread-1] INFO  server.RaftServerConfigKeys (ConfUtils.java:logGet(43)) - raft.server.sleep.deviation.threshold = 300 (default)
2019-09-12 10:21:26,230 [pool-49-thread-1] INFO  server.RaftServerConfigKeys (ConfUtils.java:logGet(43)) - raft.server.log.appender.install.snapshot.enabled = false (custom)
2019-09-12 10:21:26,230 [pool-49-thread-1] INFO  impl.RaftServerImpl (ServerState.java:<init>(105)) - 0de21071-135c-4e9f-9147-689c91c53707:group-13B5230A83F6 ConfigurationManager, init=-1: [0de21071-135c-4e9f-9147-689c91c53707:192.168.157.195:37667], old=null, confs=<EMPTY_MAP>
2019-09-12 10:21:26,230 [pool-49-thread-1] INFO  server.RaftServerConfigKeys (ConfUtils.java:logGet(43)) - raft.server.storage.dir = [/workdir/hadoop-ozone/integration-test/target/test-dir/MiniOzoneClusterImpl-8a368e31-8812-42c3-a9b0-be5bfd809ffd/datanode-2/data/ratis] (custom)
2019-09-12 10:21:26,231 [pool-49-thread-1] INFO  storage.RaftStorageDirectory (RaftStorageDirectory.java:analyzeStorage(246)) - The storage directory /workdir/hadoop-ozone/integration-test/target/test-dir/MiniOzoneClusterImpl-8a368e31-8812-42c3-a9b0-be5bfd809ffd/datanode-2/data/ratis/e4b4c605-ab58-4bd5-8d93-13b5230a83f6 does not exist. Creating ...
2019-09-12 10:21:26,244 [pool-49-thread-1] INFO  storage.RaftStorageDirectory (RaftStorageDirectory.java:tryLock(328)) - Lock on /workdir/hadoop-ozone/integration-test/target/test-dir/MiniOzoneClusterImpl-8a368e31-8812-42c3-a9b0-be5bfd809ffd/datanode-2/data/ratis/e4b4c605-ab58-4bd5-8d93-13b5230a83f6/in_use.lock acquired by nodename 12969@pr-hdds-1569-xtfnx-3545843844
2019-09-12 10:21:26,257 [pool-49-thread-1] INFO  storage.RaftStorage (RaftStorage.java:format(72)) - Storage directory /workdir/hadoop-ozone/integration-test/target/test-dir/MiniOzoneClusterImpl-8a368e31-8812-42c3-a9b0-be5bfd809ffd/datanode-2/data/ratis/e4b4c605-ab58-4bd5-8d93-13b5230a83f6 has been successfully formatted.
2019-09-12 10:21:26,257 [pool-49-thread-1] INFO  ratis.ContainerStateMachine (ContainerStateMachine.java:loadSnapshot(226)) - group-13B5230A83F6: The snapshot info is null. Setting the last applied indexto:(t:0, i:~)
2019-09-12 10:21:26,257 [pool-49-thread-1] INFO  server.RaftServerConfigKeys (ConfUtils.java:logGet(43)) - raft.server.leader.election.timeout = 120s (custom)
2019-09-12 10:21:26,257 [pool-49-thread-1] INFO  server.RaftServerConfigKeys (ConfUtils.java:logGet(43)) - raft.server.log.use.memory = false (default)
2019-09-12 10:21:26,257 [pool-49-thread-1] INFO  server.RaftServerConfigKeys (ConfUtils.java:logGet(43)) - raft.server.log.purge.gap = 1000000 (custom)
2019-09-12 10:21:26,258 [pool-49-thread-1] INFO  server.RaftServerConfigKeys (ConfUtils.java:logGet(43)) - raft.server.log.appender.buffer.byte-limit = 33554432 (custom)
2019-09-12 10:21:26,258 [pool-49-thread-1] INFO  server.RaftServerConfigKeys (ConfUtils.java:logGet(43)) - raft.server.log.segment.size.max = 1048576 (custom)
2019-09-12 10:21:26,258 [pool-49-thread-1] INFO  server.RaftServerConfigKeys (ConfUtils.java:logGet(43)) - raft.server.log.segment.cache.num.max = 2 (custom)
2019-09-12 10:21:26,258 [pool-49-thread-1] INFO  segmented.SegmentedRaftLogWorker (SegmentedRaftLogWorker.java:<init>(172)) - new 0de21071-135c-4e9f-9147-689c91c53707-SegmentedRaftLogWorker:Storage Directory /workdir/hadoop-ozone/integration-test/target/test-dir/MiniOzoneClusterImpl-8a368e31-8812-42c3-a9b0-be5bfd809ffd/datanode-2/data/ratis/e4b4c605-ab58-4bd5-8d93-13b5230a83f6 for RaftStorage:Storage Directory /workdir/hadoop-ozone/integration-test/target/test-dir/MiniOzoneClusterImpl-8a368e31-8812-42c3-a9b0-be5bfd809ffd/datanode-2/data/ratis/e4b4c605-ab58-4bd5-8d93-13b5230a83f6
2019-09-12 10:21:26,258 [pool-49-thread-1] INFO  server.RaftServerConfigKeys (ConfUtils.java:logGet(43)) - raft.server.log.queue.byte-limit = 2147483647 (custom)
2019-09-12 10:21:26,258 [pool-49-thread-1] INFO  server.RaftServerConfigKeys (ConfUtils.java:logGet(43)) - raft.server.log.queue.element-limit = 1024 (custom)
2019-09-12 10:21:26,258 [pool-49-thread-1] INFO  server.RaftServerConfigKeys (ConfUtils.java:logGet(43)) - raft.server.log.segment.size.max = 1048576 (custom)
2019-09-12 10:21:26,259 [pool-49-thread-1] INFO  server.RaftServerConfigKeys (ConfUtils.java:logGet(43)) - raft.server.log.preallocated.size = 16384 (custom)
2019-09-12 10:21:26,259 [pool-49-thread-1] INFO  server.RaftServerConfigKeys (ConfUtils.java:logGet(43)) - raft.server.log.write.buffer.size = 33554432 (custom)
2019-09-12 10:21:26,259 [pool-49-thread-1] INFO  server.RaftServerConfigKeys (ConfUtils.java:logGet(43)) - raft.server.log.force.sync.num = 128 (default)
2019-09-12 10:21:26,259 [pool-49-thread-1] INFO  server.RaftServerConfigKeys (ConfUtils.java:logGet(43)) - raft.server.log.statemachine.data.sync = true (default)
2019-09-12 10:21:26,259 [pool-49-thread-1] INFO  server.RaftServerConfigKeys (ConfUtils.java:logGet(43)) - raft.server.log.statemachine.data.sync.timeout = 10s (default)
2019-09-12 10:21:26,259 [pool-49-thread-1] INFO  server.RaftServerConfigKeys (ConfUtils.java:logGet(43)) - raft.server.log.statemachine.data.sync.timeout.retry = -1 (default)
2019-09-12 10:21:26,260 [pool-49-thread-1] INFO  server.RaftServerConfigKeys (ConfUtils.java:logGet(43)) - raft.server.log.statemachine.data.caching.enabled = true (custom)
2019-09-12 10:21:26,260 [pool-49-thread-1] INFO  segmented.SegmentedRaftLogWorker (SegmentedRaftLogWorker.java:lambda$new$0(132)) - 0de21071-135c-4e9f-9147-689c91c53707-SegmentedRaftLogWorker:Storage Directory /workdir/hadoop-ozone/integration-test/target/test-dir/MiniOzoneClusterImpl-8a368e31-8812-42c3-a9b0-be5bfd809ffd/datanode-2/data/ratis/e4b4c605-ab58-4bd5-8d93-13b5230a83f6: flushIndex: setUnconditionally 0 -> -1
2019-09-12 10:21:26,260 [pool-49-thread-1] INFO  server.RaftServerConfigKeys (ConfUtils.java:logGet(43)) - raft.server.snapshot.auto.trigger.enabled = true (custom)
2019-09-12 10:21:26,260 [pool-49-thread-1] INFO  server.RaftServerConfigKeys (ConfUtils.java:logGet(43)) - raft.server.snapshot.auto.trigger.threshold = 10000 (custom)
2019-09-12 10:21:26,261 [pool-49-thread-1] INFO  server.RaftServerConfigKeys (ConfUtils.java:logGet(43)) - raft.server.retrycache.expirytime = 600000ms (custom)
2019-09-12 10:21:26,261 [pool-49-thread-1] INFO  impl.RaftServerImpl (RaftServerImpl.java:start(180)) - 0de21071-135c-4e9f-9147-689c91c53707: start group-13B5230A83F6
2019-09-12 10:21:26,261 [pool-49-thread-1] INFO  impl.RaftServerImpl (RaftServerImpl.java:setRole(171)) - 0de21071-135c-4e9f-9147-689c91c53707:group-13B5230A83F6 changes role from null to FOLLOWER at term 0 for startAsFollower
2019-09-12 10:21:26,261 [pool-49-thread-1] INFO  impl.RoleInfo (RoleInfo.java:updateAndGet(143)) - 0de21071-135c-4e9f-9147-689c91c53707: start FollowerState
2019-09-12 10:21:26,262 [pool-49-thread-1] INFO  util.JmxRegister (JmxRegister.java:tryRegister(44)) - Successfully registered JMX Bean with object name Ratis:service=RaftServer,group=group-13B5230A83F6,id=0de21071-135c-4e9f-9147-689c91c53707
2019-09-12 10:21:26,267 [RatisPipelineUtilsThread] INFO  pipeline.PipelineStateManager (PipelineStateManager.java:addPipeline(56)) - Created pipeline Pipeline[ Id: e4b4c605-ab58-4bd5-8d93-13b5230a83f6, Nodes: 0de21071-135c-4e9f-9147-689c91c53707{ip: 192.168.157.195, host: pr-hdds-1569-xtfnx-3545843844, networkLocation: /default-rack, certSerialId: null}, Type:RATIS, Factor:ONE, State:OPEN]
2019-09-12 10:21:26,269 [RatisPipelineUtilsThread] ERROR pipeline.PipelinePlacementPolicy (PipelinePlacementPolicy.java:meetCriteria(91)) - Pipeline Placement: Doesn't meet the criteria to be viable node. Heaviness: 6
2019-09-12 10:21:26,279 [grpc-default-executor-0] INFO  impl.RaftServerProxy (RaftServerProxy.java:addNew(89)) - 97d69fd4-8e52-4023-8fa6-54c6b0949aa9: addNew group-BDE4C0C1D5CB:[97d69fd4-8e52-4023-8fa6-54c6b0949aa9:192.168.157.195:38621] returns group-BDE4C0C1D5CB:java.util.concurrent.CompletableFuture@1ad9683e[Not completed]
2019-09-12 10:21:26,280 [pool-60-thread-1] INFO  impl.RaftServerImpl (RaftServerImpl.java:<init>(93)) - 97d69fd4-8e52-4023-8fa6-54c6b0949aa9: new RaftServerImpl for group-BDE4C0C1D5CB:[97d69fd4-8e52-4023-8fa6-54c6b0949aa9:192.168.157.195:38621] with ContainerStateMachine:uninitialized
2019-09-12 10:21:26,281 [pool-60-thread-1] INFO  server.RaftServerConfigKeys (ConfUtils.java:logGet(43)) - raft.server.rpc.timeout.min = 5s (custom)
2019-09-12 10:21:26,281 [pool-60-thread-1] INFO  server.RaftServerConfigKeys (ConfUtils.java:logGet(43)) - raft.server.rpc.timeout.max = 5200ms (custom)
2019-09-12 10:21:26,281 [pool-60-thread-1] INFO  server.RaftServerConfigKeys (ConfUtils.java:logGet(43)) - raft.server.rpcslowness.timeout = 120s (custom)
2019-09-12 10:21:26,281 [pool-60-thread-1] INFO  server.RaftServerConfigKeys (ConfUtils.java:logGet(43)) - raft.server.sleep.deviation.threshold = 300 (default)
2019-09-12 10:21:26,281 [pool-60-thread-1] INFO  server.RaftServerConfigKeys (ConfUtils.java:logGet(43)) - raft.server.log.appender.install.snapshot.enabled = false (custom)
2019-09-12 10:21:26,281 [pool-60-thread-1] INFO  impl.RaftServerImpl (ServerState.java:<init>(105)) - 97d69fd4-8e52-4023-8fa6-54c6b0949aa9:group-BDE4C0C1D5CB ConfigurationManager, init=-1: [97d69fd4-8e52-4023-8fa6-54c6b0949aa9:192.168.157.195:38621], old=null, confs=<EMPTY_MAP>
2019-09-12 10:21:26,282 [pool-60-thread-1] INFO  server.RaftServerConfigKeys (ConfUtils.java:logGet(43)) - raft.server.storage.dir = [/workdir/hadoop-ozone/integration-test/target/test-dir/MiniOzoneClusterImpl-8a368e31-8812-42c3-a9b0-be5bfd809ffd/datanode-3/data/ratis] (custom)
2019-09-12 10:21:26,282 [pool-60-thread-1] INFO  storage.RaftStorageDirectory (RaftStorageDirectory.java:analyzeStorage(246)) - The storage directory /workdir/hadoop-ozone/integration-test/target/test-dir/MiniOzoneClusterImpl-8a368e31-8812-42c3-a9b0-be5bfd809ffd/datanode-3/data/ratis/70340a9a-802d-4731-9c91-bde4c0c1d5cb does not exist. Creating ...
2019-09-12 10:21:26,295 [pool-60-thread-1] INFO  storage.RaftStorageDirectory (RaftStorageDirectory.java:tryLock(328)) - Lock on /workdir/hadoop-ozone/integration-test/target/test-dir/MiniOzoneClusterImpl-8a368e31-8812-42c3-a9b0-be5bfd809ffd/datanode-3/data/ratis/70340a9a-802d-4731-9c91-bde4c0c1d5cb/in_use.lock acquired by nodename 12969@pr-hdds-1569-xtfnx-3545843844
2019-09-12 10:21:26,312 [pool-60-thread-1] INFO  storage.RaftStorage (RaftStorage.java:format(72)) - Storage directory /workdir/hadoop-ozone/integration-test/target/test-dir/MiniOzoneClusterImpl-8a368e31-8812-42c3-a9b0-be5bfd809ffd/datanode-3/data/ratis/70340a9a-802d-4731-9c91-bde4c0c1d5cb has been successfully formatted.
2019-09-12 10:21:26,313 [pool-60-thread-1] INFO  ratis.ContainerStateMachine (ContainerStateMachine.java:loadSnapshot(226)) - group-BDE4C0C1D5CB: The snapshot info is null. Setting the last applied indexto:(t:0, i:~)
2019-09-12 10:21:26,313 [pool-60-thread-1] INFO  server.RaftServerConfigKeys (ConfUtils.java:logGet(43)) - raft.server.leader.election.timeout = 120s (custom)
2019-09-12 10:21:26,313 [pool-60-thread-1] INFO  server.RaftServerConfigKeys (ConfUtils.java:logGet(43)) - raft.server.log.use.memory = false (default)
2019-09-12 10:21:26,313 [pool-60-thread-1] INFO  server.RaftServerConfigKeys (ConfUtils.java:logGet(43)) - raft.server.log.purge.gap = 1000000 (custom)
2019-09-12 10:21:26,313 [pool-60-thread-1] INFO  server.RaftServerConfigKeys (ConfUtils.java:logGet(43)) - raft.server.log.appender.buffer.byte-limit = 33554432 (custom)
2019-09-12 10:21:26,313 [pool-60-thread-1] INFO  server.RaftServerConfigKeys (ConfUtils.java:logGet(43)) - raft.server.log.segment.size.max = 1048576 (custom)
2019-09-12 10:21:26,314 [pool-60-thread-1] INFO  server.RaftServerConfigKeys (ConfUtils.java:logGet(43)) - raft.server.log.segment.cache.num.max = 2 (custom)
2019-09-12 10:21:26,314 [pool-60-thread-1] INFO  segmented.SegmentedRaftLogWorker (SegmentedRaftLogWorker.java:<init>(172)) - new 97d69fd4-8e52-4023-8fa6-54c6b0949aa9-SegmentedRaftLogWorker:Storage Directory /workdir/hadoop-ozone/integration-test/target/test-dir/MiniOzoneClusterImpl-8a368e31-8812-42c3-a9b0-be5bfd809ffd/datanode-3/data/ratis/70340a9a-802d-4731-9c91-bde4c0c1d5cb for RaftStorage:Storage Directory /workdir/hadoop-ozone/integration-test/target/test-dir/MiniOzoneClusterImpl-8a368e31-8812-42c3-a9b0-be5bfd809ffd/datanode-3/data/ratis/70340a9a-802d-4731-9c91-bde4c0c1d5cb
2019-09-12 10:21:26,314 [pool-60-thread-1] INFO  server.RaftServerConfigKeys (ConfUtils.java:logGet(43)) - raft.server.log.queue.byte-limit = 2147483647 (custom)
2019-09-12 10:21:26,314 [pool-60-thread-1] INFO  server.RaftServerConfigKeys (ConfUtils.java:logGet(43)) - raft.server.log.queue.element-limit = 1024 (custom)
2019-09-12 10:21:26,314 [pool-60-thread-1] INFO  server.RaftServerConfigKeys (ConfUtils.java:logGet(43)) - raft.server.log.segment.size.max = 1048576 (custom)
2019-09-12 10:21:26,314 [pool-60-thread-1] INFO  server.RaftServerConfigKeys (ConfUtils.java:logGet(43)) - raft.server.log.preallocated.size = 16384 (custom)
2019-09-12 10:21:26,315 [pool-60-thread-1] INFO  server.RaftServerConfigKeys (ConfUtils.java:logGet(43)) - raft.server.log.write.buffer.size = 33554432 (custom)
2019-09-12 10:21:26,315 [pool-60-thread-1] INFO  server.RaftServerConfigKeys (ConfUtils.java:logGet(43)) - raft.server.log.force.sync.num = 128 (default)
2019-09-12 10:21:26,315 [pool-60-thread-1] INFO  server.RaftServerConfigKeys (ConfUtils.java:logGet(43)) - raft.server.log.statemachine.data.sync = true (default)
2019-09-12 10:21:26,315 [pool-60-thread-1] INFO  server.RaftServerConfigKeys (ConfUtils.java:logGet(43)) - raft.server.log.statemachine.data.sync.timeout = 10s (default)
2019-09-12 10:21:26,315 [pool-60-thread-1] INFO  server.RaftServerConfigKeys (ConfUtils.java:logGet(43)) - raft.server.log.statemachine.data.sync.timeout.retry = -1 (default)
2019-09-12 10:21:26,315 [pool-60-thread-1] INFO  server.RaftServerConfigKeys (ConfUtils.java:logGet(43)) - raft.server.log.statemachine.data.caching.enabled = true (custom)
2019-09-12 10:21:26,316 [pool-60-thread-1] INFO  segmented.SegmentedRaftLogWorker (SegmentedRaftLogWorker.java:lambda$new$0(132)) - 97d69fd4-8e52-4023-8fa6-54c6b0949aa9-SegmentedRaftLogWorker:Storage Directory /workdir/hadoop-ozone/integration-test/target/test-dir/MiniOzoneClusterImpl-8a368e31-8812-42c3-a9b0-be5bfd809ffd/datanode-3/data/ratis/70340a9a-802d-4731-9c91-bde4c0c1d5cb: flushIndex: setUnconditionally 0 -> -1
2019-09-12 10:21:26,316 [pool-60-thread-1] INFO  server.RaftServerConfigKeys (ConfUtils.java:logGet(43)) - raft.server.snapshot.auto.trigger.enabled = true (custom)
2019-09-12 10:21:26,316 [pool-60-thread-1] INFO  server.RaftServerConfigKeys (ConfUtils.java:logGet(43)) - raft.server.snapshot.auto.trigger.threshold = 10000 (custom)
2019-09-12 10:21:26,316 [pool-60-thread-1] INFO  server.RaftServerConfigKeys (ConfUtils.java:logGet(43)) - raft.server.retrycache.expirytime = 600000ms (custom)
2019-09-12 10:21:26,317 [pool-60-thread-1] INFO  impl.RaftServerImpl (RaftServerImpl.java:start(180)) - 97d69fd4-8e52-4023-8fa6-54c6b0949aa9: start group-BDE4C0C1D5CB
2019-09-12 10:21:26,317 [pool-60-thread-1] INFO  impl.RaftServerImpl (RaftServerImpl.java:setRole(171)) - 97d69fd4-8e52-4023-8fa6-54c6b0949aa9:group-BDE4C0C1D5CB changes role from null to FOLLOWER at term 0 for startAsFollower
2019-09-12 10:21:26,317 [pool-60-thread-1] INFO  impl.RoleInfo (RoleInfo.java:updateAndGet(143)) - 97d69fd4-8e52-4023-8fa6-54c6b0949aa9: start FollowerState
2019-09-12 10:21:26,318 [pool-60-thread-1] INFO  util.JmxRegister (JmxRegister.java:tryRegister(44)) - Successfully registered JMX Bean with object name Ratis:service=RaftServer,group=group-BDE4C0C1D5CB,id=97d69fd4-8e52-4023-8fa6-54c6b0949aa9
2019-09-12 10:21:26,323 [RatisPipelineUtilsThread] INFO  pipeline.PipelineStateManager (PipelineStateManager.java:addPipeline(56)) - Created pipeline Pipeline[ Id: 70340a9a-802d-4731-9c91-bde4c0c1d5cb, Nodes: 97d69fd4-8e52-4023-8fa6-54c6b0949aa9{ip: 192.168.157.195, host: pr-hdds-1569-xtfnx-3545843844, networkLocation: /default-rack, certSerialId: null}, Type:RATIS, Factor:ONE, State:OPEN]
2019-09-12 10:21:26,325 [RatisPipelineUtilsThread] ERROR pipeline.PipelinePlacementPolicy (PipelinePlacementPolicy.java:meetCriteria(91)) - Pipeline Placement: Doesn't meet the criteria to be viable node. Heaviness: 6
2019-09-12 10:21:26,335 [grpc-default-executor-0] INFO  impl.RaftServerProxy (RaftServerProxy.java:addNew(89)) - 97d69fd4-8e52-4023-8fa6-54c6b0949aa9: addNew group-5048A005CBFF:[97d69fd4-8e52-4023-8fa6-54c6b0949aa9:192.168.157.195:38621] returns group-5048A005CBFF:java.util.concurrent.CompletableFuture@6e1b8092[Not completed]
2019-09-12 10:21:26,336 [pool-60-thread-1] INFO  impl.RaftServerImpl (RaftServerImpl.java:<init>(93)) - 97d69fd4-8e52-4023-8fa6-54c6b0949aa9: new RaftServerImpl for group-5048A005CBFF:[97d69fd4-8e52-4023-8fa6-54c6b0949aa9:192.168.157.195:38621] with ContainerStateMachine:uninitialized
2019-09-12 10:21:26,337 [pool-60-thread-1] INFO  server.RaftServerConfigKeys (ConfUtils.java:logGet(43)) - raft.server.rpc.timeout.min = 5s (custom)
2019-09-12 10:21:26,337 [pool-60-thread-1] INFO  server.RaftServerConfigKeys (ConfUtils.java:logGet(43)) - raft.server.rpc.timeout.max = 5200ms (custom)
2019-09-12 10:21:26,337 [pool-60-thread-1] INFO  server.RaftServerConfigKeys (ConfUtils.java:logGet(43)) - raft.server.rpcslowness.timeout = 120s (custom)
2019-09-12 10:21:26,337 [pool-60-thread-1] INFO  server.RaftServerConfigKeys (ConfUtils.java:logGet(43)) - raft.server.sleep.deviation.threshold = 300 (default)
2019-09-12 10:21:26,337 [pool-60-thread-1] INFO  server.RaftServerConfigKeys (ConfUtils.java:logGet(43)) - raft.server.log.appender.install.snapshot.enabled = false (custom)
2019-09-12 10:21:26,337 [pool-60-thread-1] INFO  impl.RaftServerImpl (ServerState.java:<init>(105)) - 97d69fd4-8e52-4023-8fa6-54c6b0949aa9:group-5048A005CBFF ConfigurationManager, init=-1: [97d69fd4-8e52-4023-8fa6-54c6b0949aa9:192.168.157.195:38621], old=null, confs=<EMPTY_MAP>
2019-09-12 10:21:26,338 [pool-60-thread-1] INFO  server.RaftServerConfigKeys (ConfUtils.java:logGet(43)) - raft.server.storage.dir = [/workdir/hadoop-ozone/integration-test/target/test-dir/MiniOzoneClusterImpl-8a368e31-8812-42c3-a9b0-be5bfd809ffd/datanode-3/data/ratis] (custom)
2019-09-12 10:21:26,338 [pool-60-thread-1] INFO  storage.RaftStorageDirectory (RaftStorageDirectory.java:analyzeStorage(246)) - The storage directory /workdir/hadoop-ozone/integration-test/target/test-dir/MiniOzoneClusterImpl-8a368e31-8812-42c3-a9b0-be5bfd809ffd/datanode-3/data/ratis/c2a43b20-8c9d-497e-a6e9-5048a005cbff does not exist. Creating ...
2019-09-12 10:21:26,352 [pool-60-thread-1] INFO  storage.RaftStorageDirectory (RaftStorageDirectory.java:tryLock(328)) - Lock on /workdir/hadoop-ozone/integration-test/target/test-dir/MiniOzoneClusterImpl-8a368e31-8812-42c3-a9b0-be5bfd809ffd/datanode-3/data/ratis/c2a43b20-8c9d-497e-a6e9-5048a005cbff/in_use.lock acquired by nodename 12969@pr-hdds-1569-xtfnx-3545843844
2019-09-12 10:21:26,366 [pool-60-thread-1] INFO  storage.RaftStorage (RaftStorage.java:format(72)) - Storage directory /workdir/hadoop-ozone/integration-test/target/test-dir/MiniOzoneClusterImpl-8a368e31-8812-42c3-a9b0-be5bfd809ffd/datanode-3/data/ratis/c2a43b20-8c9d-497e-a6e9-5048a005cbff has been successfully formatted.
2019-09-12 10:21:26,366 [pool-60-thread-1] INFO  ratis.ContainerStateMachine (ContainerStateMachine.java:loadSnapshot(226)) - group-5048A005CBFF: The snapshot info is null. Setting the last applied indexto:(t:0, i:~)
2019-09-12 10:21:26,366 [pool-60-thread-1] INFO  server.RaftServerConfigKeys (ConfUtils.java:logGet(43)) - raft.server.leader.election.timeout = 120s (custom)
2019-09-12 10:21:26,366 [pool-60-thread-1] INFO  server.RaftServerConfigKeys (ConfUtils.java:logGet(43)) - raft.server.log.use.memory = false (default)
2019-09-12 10:21:26,367 [pool-60-thread-1] INFO  server.RaftServerConfigKeys (ConfUtils.java:logGet(43)) - raft.server.log.purge.gap = 1000000 (custom)
2019-09-12 10:21:26,367 [pool-60-thread-1] INFO  server.RaftServerConfigKeys (ConfUtils.java:logGet(43)) - raft.server.log.appender.buffer.byte-limit = 33554432 (custom)
2019-09-12 10:21:26,367 [pool-60-thread-1] INFO  server.RaftServerConfigKeys (ConfUtils.java:logGet(43)) - raft.server.log.segment.size.max = 1048576 (custom)
2019-09-12 10:21:26,367 [pool-60-thread-1] INFO  server.RaftServerConfigKeys (ConfUtils.java:logGet(43)) - raft.server.log.segment.cache.num.max = 2 (custom)
2019-09-12 10:21:26,367 [pool-60-thread-1] INFO  segmented.SegmentedRaftLogWorker (SegmentedRaftLogWorker.java:<init>(172)) - new 97d69fd4-8e52-4023-8fa6-54c6b0949aa9-SegmentedRaftLogWorker:Storage Directory /workdir/hadoop-ozone/integration-test/target/test-dir/MiniOzoneClusterImpl-8a368e31-8812-42c3-a9b0-be5bfd809ffd/datanode-3/data/ratis/c2a43b20-8c9d-497e-a6e9-5048a005cbff for RaftStorage:Storage Directory /workdir/hadoop-ozone/integration-test/target/test-dir/MiniOzoneClusterImpl-8a368e31-8812-42c3-a9b0-be5bfd809ffd/datanode-3/data/ratis/c2a43b20-8c9d-497e-a6e9-5048a005cbff
2019-09-12 10:21:26,367 [pool-60-thread-1] INFO  server.RaftServerConfigKeys (ConfUtils.java:logGet(43)) - raft.server.log.queue.byte-limit = 2147483647 (custom)
2019-09-12 10:21:26,368 [pool-60-thread-1] INFO  server.RaftServerConfigKeys (ConfUtils.java:logGet(43)) - raft.server.log.queue.element-limit = 1024 (custom)
2019-09-12 10:21:26,368 [pool-60-thread-1] INFO  server.RaftServerConfigKeys (ConfUtils.java:logGet(43)) - raft.server.log.segment.size.max = 1048576 (custom)
2019-09-12 10:21:26,368 [pool-60-thread-1] INFO  server.RaftServerConfigKeys (ConfUtils.java:logGet(43)) - raft.server.log.preallocated.size = 16384 (custom)
2019-09-12 10:21:26,368 [pool-60-thread-1] INFO  server.RaftServerConfigKeys (ConfUtils.java:logGet(43)) - raft.server.log.write.buffer.size = 33554432 (custom)
2019-09-12 10:21:26,368 [pool-60-thread-1] INFO  server.RaftServerConfigKeys (ConfUtils.java:logGet(43)) - raft.server.log.force.sync.num = 128 (default)
2019-09-12 10:21:26,368 [pool-60-thread-1] INFO  server.RaftServerConfigKeys (ConfUtils.java:logGet(43)) - raft.server.log.statemachine.data.sync = true (default)
2019-09-12 10:21:26,369 [pool-60-thread-1] INFO  server.RaftServerConfigKeys (ConfUtils.java:logGet(43)) - raft.server.log.statemachine.data.sync.timeout = 10s (default)
2019-09-12 10:21:26,369 [pool-60-thread-1] INFO  server.RaftServerConfigKeys (ConfUtils.java:logGet(43)) - raft.server.log.statemachine.data.sync.timeout.retry = -1 (default)
2019-09-12 10:21:26,369 [pool-60-thread-1] INFO  server.RaftServerConfigKeys (ConfUtils.java:logGet(43)) - raft.server.log.statemachine.data.caching.enabled = true (custom)
2019-09-12 10:21:26,369 [pool-60-thread-1] INFO  segmented.SegmentedRaftLogWorker (SegmentedRaftLogWorker.java:lambda$new$0(132)) - 97d69fd4-8e52-4023-8fa6-54c6b0949aa9-SegmentedRaftLogWorker:Storage Directory /workdir/hadoop-ozone/integration-test/target/test-dir/MiniOzoneClusterImpl-8a368e31-8812-42c3-a9b0-be5bfd809ffd/datanode-3/data/ratis/c2a43b20-8c9d-497e-a6e9-5048a005cbff: flushIndex: setUnconditionally 0 -> -1
2019-09-12 10:21:26,370 [pool-60-thread-1] INFO  server.RaftServerConfigKeys (ConfUtils.java:logGet(43)) - raft.server.snapshot.auto.trigger.enabled = true (custom)
2019-09-12 10:21:26,370 [pool-60-thread-1] INFO  server.RaftServerConfigKeys (ConfUtils.java:logGet(43)) - raft.server.snapshot.auto.trigger.threshold = 10000 (custom)
2019-09-12 10:21:26,370 [pool-60-thread-1] INFO  server.RaftServerConfigKeys (ConfUtils.java:logGet(43)) - raft.server.retrycache.expirytime = 600000ms (custom)
2019-09-12 10:21:26,370 [pool-60-thread-1] INFO  impl.RaftServerImpl (RaftServerImpl.java:start(180)) - 97d69fd4-8e52-4023-8fa6-54c6b0949aa9: start group-5048A005CBFF
2019-09-12 10:21:26,370 [pool-60-thread-1] INFO  impl.RaftServerImpl (RaftServerImpl.java:setRole(171)) - 97d69fd4-8e52-4023-8fa6-54c6b0949aa9:group-5048A005CBFF changes role from null to FOLLOWER at term 0 for startAsFollower
2019-09-12 10:21:26,370 [pool-60-thread-1] INFO  impl.RoleInfo (RoleInfo.java:updateAndGet(143)) - 97d69fd4-8e52-4023-8fa6-54c6b0949aa9: start FollowerState
2019-09-12 10:21:26,371 [pool-60-thread-1] INFO  util.JmxRegister (JmxRegister.java:tryRegister(44)) - Successfully registered JMX Bean with object name Ratis:service=RaftServer,group=group-5048A005CBFF,id=97d69fd4-8e52-4023-8fa6-54c6b0949aa9
2019-09-12 10:21:26,376 [RatisPipelineUtilsThread] INFO  pipeline.PipelineStateManager (PipelineStateManager.java:addPipeline(56)) - Created pipeline Pipeline[ Id: c2a43b20-8c9d-497e-a6e9-5048a005cbff, Nodes: 97d69fd4-8e52-4023-8fa6-54c6b0949aa9{ip: 192.168.157.195, host: pr-hdds-1569-xtfnx-3545843844, networkLocation: /default-rack, certSerialId: null}, Type:RATIS, Factor:ONE, State:OPEN]
2019-09-12 10:21:26,378 [RatisPipelineUtilsThread] ERROR pipeline.PipelinePlacementPolicy (PipelinePlacementPolicy.java:meetCriteria(91)) - Pipeline Placement: Doesn't meet the criteria to be viable node. Heaviness: 6
2019-09-12 10:21:26,399 [grpc-default-executor-0] INFO  impl.RaftServerProxy (RaftServerProxy.java:addNew(89)) - 97d69fd4-8e52-4023-8fa6-54c6b0949aa9: addNew group-D5D57D0ECBBF:[97d69fd4-8e52-4023-8fa6-54c6b0949aa9:192.168.157.195:38621] returns group-D5D57D0ECBBF:java.util.concurrent.CompletableFuture@12864c6d[Not completed]
2019-09-12 10:21:26,400 [pool-60-thread-1] INFO  impl.RaftServerImpl (RaftServerImpl.java:<init>(93)) - 97d69fd4-8e52-4023-8fa6-54c6b0949aa9: new RaftServerImpl for group-D5D57D0ECBBF:[97d69fd4-8e52-4023-8fa6-54c6b0949aa9:192.168.157.195:38621] with ContainerStateMachine:uninitialized
2019-09-12 10:21:26,400 [pool-60-thread-1] INFO  server.RaftServerConfigKeys (ConfUtils.java:logGet(43)) - raft.server.rpc.timeout.min = 5s (custom)
2019-09-12 10:21:26,400 [pool-60-thread-1] INFO  server.RaftServerConfigKeys (ConfUtils.java:logGet(43)) - raft.server.rpc.timeout.max = 5200ms (custom)
2019-09-12 10:21:26,401 [pool-60-thread-1] INFO  server.RaftServerConfigKeys (ConfUtils.java:logGet(43)) - raft.server.rpcslowness.timeout = 120s (custom)
2019-09-12 10:21:26,401 [pool-60-thread-1] INFO  server.RaftServerConfigKeys (ConfUtils.java:logGet(43)) - raft.server.sleep.deviation.threshold = 300 (default)
2019-09-12 10:21:26,401 [pool-60-thread-1] INFO  server.RaftServerConfigKeys (ConfUtils.java:logGet(43)) - raft.server.log.appender.install.snapshot.enabled = false (custom)
2019-09-12 10:21:26,401 [pool-60-thread-1] INFO  impl.RaftServerImpl (ServerState.java:<init>(105)) - 97d69fd4-8e52-4023-8fa6-54c6b0949aa9:group-D5D57D0ECBBF ConfigurationManager, init=-1: [97d69fd4-8e52-4023-8fa6-54c6b0949aa9:192.168.157.195:38621], old=null, confs=<EMPTY_MAP>
2019-09-12 10:21:26,402 [pool-60-thread-1] INFO  server.RaftServerConfigKeys (ConfUtils.java:logGet(43)) - raft.server.storage.dir = [/workdir/hadoop-ozone/integration-test/target/test-dir/MiniOzoneClusterImpl-8a368e31-8812-42c3-a9b0-be5bfd809ffd/datanode-3/data/ratis] (custom)
2019-09-12 10:21:26,402 [pool-60-thread-1] INFO  storage.RaftStorageDirectory (RaftStorageDirectory.java:analyzeStorage(246)) - The storage directory /workdir/hadoop-ozone/integration-test/target/test-dir/MiniOzoneClusterImpl-8a368e31-8812-42c3-a9b0-be5bfd809ffd/datanode-3/data/ratis/c7cc95b0-c511-42b8-8616-d5d57d0ecbbf does not exist. Creating ...
2019-09-12 10:21:26,414 | INFO  | SCMAudit | user=jenkins1000 | ip=192.168.157.195 | op=SEND_HEARTBEAT {datanodeUUID=0de21071-135c-4e9f-9147-689c91c53707, command=[]} | ret=SUCCESS |  
2019-09-12 10:21:26,416 [pool-60-thread-1] INFO  storage.RaftStorageDirectory (RaftStorageDirectory.java:tryLock(328)) - Lock on /workdir/hadoop-ozone/integration-test/target/test-dir/MiniOzoneClusterImpl-8a368e31-8812-42c3-a9b0-be5bfd809ffd/datanode-3/data/ratis/c7cc95b0-c511-42b8-8616-d5d57d0ecbbf/in_use.lock acquired by nodename 12969@pr-hdds-1569-xtfnx-3545843844
2019-09-12 10:21:26,429 [pool-60-thread-1] INFO  storage.RaftStorage (RaftStorage.java:format(72)) - Storage directory /workdir/hadoop-ozone/integration-test/target/test-dir/MiniOzoneClusterImpl-8a368e31-8812-42c3-a9b0-be5bfd809ffd/datanode-3/data/ratis/c7cc95b0-c511-42b8-8616-d5d57d0ecbbf has been successfully formatted.
2019-09-12 10:21:26,429 [pool-60-thread-1] INFO  ratis.ContainerStateMachine (ContainerStateMachine.java:loadSnapshot(226)) - group-D5D57D0ECBBF: The snapshot info is null. Setting the last applied indexto:(t:0, i:~)
2019-09-12 10:21:26,430 [pool-60-thread-1] INFO  server.RaftServerConfigKeys (ConfUtils.java:logGet(43)) - raft.server.leader.election.timeout = 120s (custom)
2019-09-12 10:21:26,430 [pool-60-thread-1] INFO  server.RaftServerConfigKeys (ConfUtils.java:logGet(43)) - raft.server.log.use.memory = false (default)
2019-09-12 10:21:26,430 [pool-60-thread-1] INFO  server.RaftServerConfigKeys (ConfUtils.java:logGet(43)) - raft.server.log.purge.gap = 1000000 (custom)
2019-09-12 10:21:26,430 [pool-60-thread-1] INFO  server.RaftServerConfigKeys (ConfUtils.java:logGet(43)) - raft.server.log.appender.buffer.byte-limit = 33554432 (custom)
2019-09-12 10:21:26,430 [pool-60-thread-1] INFO  server.RaftServerConfigKeys (ConfUtils.java:logGet(43)) - raft.server.log.segment.size.max = 1048576 (custom)
2019-09-12 10:21:26,431 [pool-60-thread-1] INFO  server.RaftServerConfigKeys (ConfUtils.java:logGet(43)) - raft.server.log.segment.cache.num.max = 2 (custom)
2019-09-12 10:21:26,431 [pool-60-thread-1] INFO  segmented.SegmentedRaftLogWorker (SegmentedRaftLogWorker.java:<init>(172)) - new 97d69fd4-8e52-4023-8fa6-54c6b0949aa9-SegmentedRaftLogWorker:Storage Directory /workdir/hadoop-ozone/integration-test/target/test-dir/MiniOzoneClusterImpl-8a368e31-8812-42c3-a9b0-be5bfd809ffd/datanode-3/data/ratis/c7cc95b0-c511-42b8-8616-d5d57d0ecbbf for RaftStorage:Storage Directory /workdir/hadoop-ozone/integration-test/target/test-dir/MiniOzoneClusterImpl-8a368e31-8812-42c3-a9b0-be5bfd809ffd/datanode-3/data/ratis/c7cc95b0-c511-42b8-8616-d5d57d0ecbbf
2019-09-12 10:21:26,431 [pool-60-thread-1] INFO  server.RaftServerConfigKeys (ConfUtils.java:logGet(43)) - raft.server.log.queue.byte-limit = 2147483647 (custom)
2019-09-12 10:21:26,431 [pool-60-thread-1] INFO  server.RaftServerConfigKeys (ConfUtils.java:logGet(43)) - raft.server.log.queue.element-limit = 1024 (custom)
2019-09-12 10:21:26,431 [pool-60-thread-1] INFO  server.RaftServerConfigKeys (ConfUtils.java:logGet(43)) - raft.server.log.segment.size.max = 1048576 (custom)
2019-09-12 10:21:26,432 [pool-60-thread-1] INFO  server.RaftServerConfigKeys (ConfUtils.java:logGet(43)) - raft.server.log.preallocated.size = 16384 (custom)
2019-09-12 10:21:26,432 [pool-60-thread-1] INFO  server.RaftServerConfigKeys (ConfUtils.java:logGet(43)) - raft.server.log.write.buffer.size = 33554432 (custom)
2019-09-12 10:21:26,432 [pool-60-thread-1] INFO  server.RaftServerConfigKeys (ConfUtils.java:logGet(43)) - raft.server.log.force.sync.num = 128 (default)
2019-09-12 10:21:26,432 [pool-60-thread-1] INFO  server.RaftServerConfigKeys (ConfUtils.java:logGet(43)) - raft.server.log.statemachine.data.sync = true (default)
2019-09-12 10:21:26,432 [pool-60-thread-1] INFO  server.RaftServerConfigKeys (ConfUtils.java:logGet(43)) - raft.server.log.statemachine.data.sync.timeout = 10s (default)
2019-09-12 10:21:26,433 [pool-60-thread-1] INFO  server.RaftServerConfigKeys (ConfUtils.java:logGet(43)) - raft.server.log.statemachine.data.sync.timeout.retry = -1 (default)
2019-09-12 10:21:26,433 [pool-60-thread-1] INFO  server.RaftServerConfigKeys (ConfUtils.java:logGet(43)) - raft.server.log.statemachine.data.caching.enabled = true (custom)
2019-09-12 10:21:26,433 [pool-60-thread-1] INFO  segmented.SegmentedRaftLogWorker (SegmentedRaftLogWorker.java:lambda$new$0(132)) - 97d69fd4-8e52-4023-8fa6-54c6b0949aa9-SegmentedRaftLogWorker:Storage Directory /workdir/hadoop-ozone/integration-test/target/test-dir/MiniOzoneClusterImpl-8a368e31-8812-42c3-a9b0-be5bfd809ffd/datanode-3/data/ratis/c7cc95b0-c511-42b8-8616-d5d57d0ecbbf: flushIndex: setUnconditionally 0 -> -1
2019-09-12 10:21:26,434 [pool-60-thread-1] INFO  server.RaftServerConfigKeys (ConfUtils.java:logGet(43)) - raft.server.snapshot.auto.trigger.enabled = true (custom)
2019-09-12 10:21:26,434 [pool-60-thread-1] INFO  server.RaftServerConfigKeys (ConfUtils.java:logGet(43)) - raft.server.snapshot.auto.trigger.threshold = 10000 (custom)
2019-09-12 10:21:26,434 [pool-60-thread-1] INFO  server.RaftServerConfigKeys (ConfUtils.java:logGet(43)) - raft.server.retrycache.expirytime = 600000ms (custom)
2019-09-12 10:21:26,434 [pool-60-thread-1] INFO  impl.RaftServerImpl (RaftServerImpl.java:start(180)) - 97d69fd4-8e52-4023-8fa6-54c6b0949aa9: start group-D5D57D0ECBBF
2019-09-12 10:21:26,435 [pool-60-thread-1] INFO  impl.RaftServerImpl (RaftServerImpl.java:setRole(171)) - 97d69fd4-8e52-4023-8fa6-54c6b0949aa9:group-D5D57D0ECBBF changes role from null to FOLLOWER at term 0 for startAsFollower
2019-09-12 10:21:26,435 [pool-60-thread-1] INFO  impl.RoleInfo (RoleInfo.java:updateAndGet(143)) - 97d69fd4-8e52-4023-8fa6-54c6b0949aa9: start FollowerState
2019-09-12 10:21:26,439 [pool-60-thread-1] INFO  util.JmxRegister (JmxRegister.java:tryRegister(44)) - Successfully registered JMX Bean with object name Ratis:service=RaftServer,group=group-D5D57D0ECBBF,id=97d69fd4-8e52-4023-8fa6-54c6b0949aa9
2019-09-12 10:21:26,452 [RatisPipelineUtilsThread] INFO  pipeline.PipelineStateManager (PipelineStateManager.java:addPipeline(56)) - Created pipeline Pipeline[ Id: c7cc95b0-c511-42b8-8616-d5d57d0ecbbf, Nodes: 97d69fd4-8e52-4023-8fa6-54c6b0949aa9{ip: 192.168.157.195, host: pr-hdds-1569-xtfnx-3545843844, networkLocation: /default-rack, certSerialId: null}, Type:RATIS, Factor:ONE, State:OPEN]
2019-09-12 10:21:26,456 [RatisPipelineUtilsThread] ERROR pipeline.PipelinePlacementPolicy (PipelinePlacementPolicy.java:meetCriteria(91)) - Pipeline Placement: Doesn't meet the criteria to be viable node. Heaviness: 6
2019-09-12 10:21:26,466 [grpc-default-executor-0] INFO  impl.RaftServerProxy (RaftServerProxy.java:addNew(89)) - 0de21071-135c-4e9f-9147-689c91c53707: addNew group-43FF697E8405:[0de21071-135c-4e9f-9147-689c91c53707:192.168.157.195:37667] returns group-43FF697E8405:java.util.concurrent.CompletableFuture@5bdeb1e4[Not completed]
2019-09-12 10:21:26,469 [pool-49-thread-1] INFO  impl.RaftServerImpl (RaftServerImpl.java:<init>(93)) - 0de21071-135c-4e9f-9147-689c91c53707: new RaftServerImpl for group-43FF697E8405:[0de21071-135c-4e9f-9147-689c91c53707:192.168.157.195:37667] with ContainerStateMachine:uninitialized
2019-09-12 10:21:26,470 [pool-49-thread-1] INFO  server.RaftServerConfigKeys (ConfUtils.java:logGet(43)) - raft.server.rpc.timeout.min = 5s (custom)
2019-09-12 10:21:26,470 [pool-49-thread-1] INFO  server.RaftServerConfigKeys (ConfUtils.java:logGet(43)) - raft.server.rpc.timeout.max = 5200ms (custom)
2019-09-12 10:21:26,470 [pool-49-thread-1] INFO  server.RaftServerConfigKeys (ConfUtils.java:logGet(43)) - raft.server.rpcslowness.timeout = 120s (custom)
2019-09-12 10:21:26,470 [pool-49-thread-1] INFO  server.RaftServerConfigKeys (ConfUtils.java:logGet(43)) - raft.server.sleep.deviation.threshold = 300 (default)
2019-09-12 10:21:26,470 [pool-49-thread-1] INFO  server.RaftServerConfigKeys (ConfUtils.java:logGet(43)) - raft.server.log.appender.install.snapshot.enabled = false (custom)
2019-09-12 10:21:26,471 [pool-49-thread-1] INFO  impl.RaftServerImpl (ServerState.java:<init>(105)) - 0de21071-135c-4e9f-9147-689c91c53707:group-43FF697E8405 ConfigurationManager, init=-1: [0de21071-135c-4e9f-9147-689c91c53707:192.168.157.195:37667], old=null, confs=<EMPTY_MAP>
2019-09-12 10:21:26,471 [pool-49-thread-1] INFO  server.RaftServerConfigKeys (ConfUtils.java:logGet(43)) - raft.server.storage.dir = [/workdir/hadoop-ozone/integration-test/target/test-dir/MiniOzoneClusterImpl-8a368e31-8812-42c3-a9b0-be5bfd809ffd/datanode-2/data/ratis] (custom)
2019-09-12 10:21:26,471 [pool-49-thread-1] INFO  storage.RaftStorageDirectory (RaftStorageDirectory.java:analyzeStorage(246)) - The storage directory /workdir/hadoop-ozone/integration-test/target/test-dir/MiniOzoneClusterImpl-8a368e31-8812-42c3-a9b0-be5bfd809ffd/datanode-2/data/ratis/c75497bf-4cb5-4181-88cb-43ff697e8405 does not exist. Creating ...
2019-09-12 10:21:26,485 [pool-49-thread-1] INFO  storage.RaftStorageDirectory (RaftStorageDirectory.java:tryLock(328)) - Lock on /workdir/hadoop-ozone/integration-test/target/test-dir/MiniOzoneClusterImpl-8a368e31-8812-42c3-a9b0-be5bfd809ffd/datanode-2/data/ratis/c75497bf-4cb5-4181-88cb-43ff697e8405/in_use.lock acquired by nodename 12969@pr-hdds-1569-xtfnx-3545843844
2019-09-12 10:21:26,498 [pool-49-thread-1] INFO  storage.RaftStorage (RaftStorage.java:format(72)) - Storage directory /workdir/hadoop-ozone/integration-test/target/test-dir/MiniOzoneClusterImpl-8a368e31-8812-42c3-a9b0-be5bfd809ffd/datanode-2/data/ratis/c75497bf-4cb5-4181-88cb-43ff697e8405 has been successfully formatted.
2019-09-12 10:21:26,499 [pool-49-thread-1] INFO  ratis.ContainerStateMachine (ContainerStateMachine.java:loadSnapshot(226)) - group-43FF697E8405: The snapshot info is null. Setting the last applied indexto:(t:0, i:~)
2019-09-12 10:21:26,499 [pool-49-thread-1] INFO  server.RaftServerConfigKeys (ConfUtils.java:logGet(43)) - raft.server.leader.election.timeout = 120s (custom)
2019-09-12 10:21:26,499 [pool-49-thread-1] INFO  server.RaftServerConfigKeys (ConfUtils.java:logGet(43)) - raft.server.log.use.memory = false (default)
2019-09-12 10:21:26,500 [pool-49-thread-1] INFO  server.RaftServerConfigKeys (ConfUtils.java:logGet(43)) - raft.server.log.purge.gap = 1000000 (custom)
2019-09-12 10:21:26,500 [pool-49-thread-1] INFO  server.RaftServerConfigKeys (ConfUtils.java:logGet(43)) - raft.server.log.appender.buffer.byte-limit = 33554432 (custom)
2019-09-12 10:21:26,500 [pool-49-thread-1] INFO  server.RaftServerConfigKeys (ConfUtils.java:logGet(43)) - raft.server.log.segment.size.max = 1048576 (custom)
2019-09-12 10:21:26,500 [pool-49-thread-1] INFO  server.RaftServerConfigKeys (ConfUtils.java:logGet(43)) - raft.server.log.segment.cache.num.max = 2 (custom)
2019-09-12 10:21:26,500 [pool-49-thread-1] INFO  segmented.SegmentedRaftLogWorker (SegmentedRaftLogWorker.java:<init>(172)) - new 0de21071-135c-4e9f-9147-689c91c53707-SegmentedRaftLogWorker:Storage Directory /workdir/hadoop-ozone/integration-test/target/test-dir/MiniOzoneClusterImpl-8a368e31-8812-42c3-a9b0-be5bfd809ffd/datanode-2/data/ratis/c75497bf-4cb5-4181-88cb-43ff697e8405 for RaftStorage:Storage Directory /workdir/hadoop-ozone/integration-test/target/test-dir/MiniOzoneClusterImpl-8a368e31-8812-42c3-a9b0-be5bfd809ffd/datanode-2/data/ratis/c75497bf-4cb5-4181-88cb-43ff697e8405
2019-09-12 10:21:26,501 [pool-49-thread-1] INFO  server.RaftServerConfigKeys (ConfUtils.java:logGet(43)) - raft.server.log.queue.byte-limit = 2147483647 (custom)
2019-09-12 10:21:26,501 [pool-49-thread-1] INFO  server.RaftServerConfigKeys (ConfUtils.java:logGet(43)) - raft.server.log.queue.element-limit = 1024 (custom)
2019-09-12 10:21:26,501 [pool-49-thread-1] INFO  server.RaftServerConfigKeys (ConfUtils.java:logGet(43)) - raft.server.log.segment.size.max = 1048576 (custom)
2019-09-12 10:21:26,501 [pool-49-thread-1] INFO  server.RaftServerConfigKeys (ConfUtils.java:logGet(43)) - raft.server.log.preallocated.size = 16384 (custom)
2019-09-12 10:21:26,501 [pool-49-thread-1] INFO  server.RaftServerConfigKeys (ConfUtils.java:logGet(43)) - raft.server.log.write.buffer.size = 33554432 (custom)
2019-09-12 10:21:26,501 [pool-49-thread-1] INFO  server.RaftServerConfigKeys (ConfUtils.java:logGet(43)) - raft.server.log.force.sync.num = 128 (default)
2019-09-12 10:21:26,502 [pool-49-thread-1] INFO  server.RaftServerConfigKeys (ConfUtils.java:logGet(43)) - raft.server.log.statemachine.data.sync = true (default)
2019-09-12 10:21:26,502 [pool-49-thread-1] INFO  server.RaftServerConfigKeys (ConfUtils.java:logGet(43)) - raft.server.log.statemachine.data.sync.timeout = 10s (default)
2019-09-12 10:21:26,502 [pool-49-thread-1] INFO  server.RaftServerConfigKeys (ConfUtils.java:logGet(43)) - raft.server.log.statemachine.data.sync.timeout.retry = -1 (default)
2019-09-12 10:21:26,502 [pool-49-thread-1] INFO  server.RaftServerConfigKeys (ConfUtils.java:logGet(43)) - raft.server.log.statemachine.data.caching.enabled = true (custom)
2019-09-12 10:21:26,503 [pool-49-thread-1] INFO  segmented.SegmentedRaftLogWorker (SegmentedRaftLogWorker.java:lambda$new$0(132)) - 0de21071-135c-4e9f-9147-689c91c53707-SegmentedRaftLogWorker:Storage Directory /workdir/hadoop-ozone/integration-test/target/test-dir/MiniOzoneClusterImpl-8a368e31-8812-42c3-a9b0-be5bfd809ffd/datanode-2/data/ratis/c75497bf-4cb5-4181-88cb-43ff697e8405: flushIndex: setUnconditionally 0 -> -1
2019-09-12 10:21:26,503 [pool-49-thread-1] INFO  server.RaftServerConfigKeys (ConfUtils.java:logGet(43)) - raft.server.snapshot.auto.trigger.enabled = true (custom)
2019-09-12 10:21:26,503 [pool-49-thread-1] INFO  server.RaftServerConfigKeys (ConfUtils.java:logGet(43)) - raft.server.snapshot.auto.trigger.threshold = 10000 (custom)
2019-09-12 10:21:26,504 [pool-49-thread-1] INFO  server.RaftServerConfigKeys (ConfUtils.java:logGet(43)) - raft.server.retrycache.expirytime = 600000ms (custom)
2019-09-12 10:21:26,504 [pool-49-thread-1] INFO  impl.RaftServerImpl (RaftServerImpl.java:start(180)) - 0de21071-135c-4e9f-9147-689c91c53707: start group-43FF697E8405
2019-09-12 10:21:26,504 [pool-49-thread-1] INFO  impl.RaftServerImpl (RaftServerImpl.java:setRole(171)) - 0de21071-135c-4e9f-9147-689c91c53707:group-43FF697E8405 changes role from null to FOLLOWER at term 0 for startAsFollower
2019-09-12 10:21:26,504 [pool-49-thread-1] INFO  impl.RoleInfo (RoleInfo.java:updateAndGet(143)) - 0de21071-135c-4e9f-9147-689c91c53707: start FollowerState
2019-09-12 10:21:26,505 [pool-49-thread-1] INFO  util.JmxRegister (JmxRegister.java:tryRegister(44)) - Successfully registered JMX Bean with object name Ratis:service=RaftServer,group=group-43FF697E8405,id=0de21071-135c-4e9f-9147-689c91c53707
2019-09-12 10:21:26,510 [RatisPipelineUtilsThread] INFO  pipeline.PipelineStateManager (PipelineStateManager.java:addPipeline(56)) - Created pipeline Pipeline[ Id: c75497bf-4cb5-4181-88cb-43ff697e8405, Nodes: 0de21071-135c-4e9f-9147-689c91c53707{ip: 192.168.157.195, host: pr-hdds-1569-xtfnx-3545843844, networkLocation: /default-rack, certSerialId: null}, Type:RATIS, Factor:ONE, State:OPEN]
2019-09-12 10:21:26,512 [RatisPipelineUtilsThread] ERROR pipeline.PipelinePlacementPolicy (PipelinePlacementPolicy.java:meetCriteria(91)) - Pipeline Placement: Doesn't meet the criteria to be viable node. Heaviness: 6
2019-09-12 10:21:26,522 [grpc-default-executor-0] INFO  impl.RaftServerProxy (RaftServerProxy.java:addNew(89)) - 5ad3b1f4-7cb1-4e63-b16b-8b3fa333f3d3: addNew group-361B76DEB94E:[5ad3b1f4-7cb1-4e63-b16b-8b3fa333f3d3:192.168.157.195:37868] returns group-361B76DEB94E:java.util.concurrent.CompletableFuture@42c8c961[Not completed]
2019-09-12 10:21:26,523 [pool-38-thread-1] INFO  impl.RaftServerImpl (RaftServerImpl.java:<init>(93)) - 5ad3b1f4-7cb1-4e63-b16b-8b3fa333f3d3: new RaftServerImpl for group-361B76DEB94E:[5ad3b1f4-7cb1-4e63-b16b-8b3fa333f3d3:192.168.157.195:37868] with ContainerStateMachine:uninitialized
2019-09-12 10:21:26,524 [pool-38-thread-1] INFO  server.RaftServerConfigKeys (ConfUtils.java:logGet(43)) - raft.server.rpc.timeout.min = 5s (custom)
2019-09-12 10:21:26,524 [pool-38-thread-1] INFO  server.RaftServerConfigKeys (ConfUtils.java:logGet(43)) - raft.server.rpc.timeout.max = 5200ms (custom)
2019-09-12 10:21:26,524 [pool-38-thread-1] INFO  server.RaftServerConfigKeys (ConfUtils.java:logGet(43)) - raft.server.rpcslowness.timeout = 120s (custom)
2019-09-12 10:21:26,524 [pool-38-thread-1] INFO  server.RaftServerConfigKeys (ConfUtils.java:logGet(43)) - raft.server.sleep.deviation.threshold = 300 (default)
2019-09-12 10:21:26,524 [pool-38-thread-1] INFO  server.RaftServerConfigKeys (ConfUtils.java:logGet(43)) - raft.server.log.appender.install.snapshot.enabled = false (custom)
2019-09-12 10:21:26,524 [pool-38-thread-1] INFO  impl.RaftServerImpl (ServerState.java:<init>(105)) - 5ad3b1f4-7cb1-4e63-b16b-8b3fa333f3d3:group-361B76DEB94E ConfigurationManager, init=-1: [5ad3b1f4-7cb1-4e63-b16b-8b3fa333f3d3:192.168.157.195:37868], old=null, confs=<EMPTY_MAP>
2019-09-12 10:21:26,525 [pool-38-thread-1] INFO  server.RaftServerConfigKeys (ConfUtils.java:logGet(43)) - raft.server.storage.dir = [/workdir/hadoop-ozone/integration-test/target/test-dir/MiniOzoneClusterImpl-8a368e31-8812-42c3-a9b0-be5bfd809ffd/datanode-1/data/ratis] (custom)
2019-09-12 10:21:26,525 [pool-38-thread-1] INFO  storage.RaftStorageDirectory (RaftStorageDirectory.java:analyzeStorage(246)) - The storage directory /workdir/hadoop-ozone/integration-test/target/test-dir/MiniOzoneClusterImpl-8a368e31-8812-42c3-a9b0-be5bfd809ffd/datanode-1/data/ratis/529baf77-c7de-4ef4-8893-361b76deb94e does not exist. Creating ...
2019-09-12 10:21:26,538 [pool-38-thread-1] INFO  storage.RaftStorageDirectory (RaftStorageDirectory.java:tryLock(328)) - Lock on /workdir/hadoop-ozone/integration-test/target/test-dir/MiniOzoneClusterImpl-8a368e31-8812-42c3-a9b0-be5bfd809ffd/datanode-1/data/ratis/529baf77-c7de-4ef4-8893-361b76deb94e/in_use.lock acquired by nodename 12969@pr-hdds-1569-xtfnx-3545843844
2019-09-12 10:21:26,551 [pool-38-thread-1] INFO  storage.RaftStorage (RaftStorage.java:format(72)) - Storage directory /workdir/hadoop-ozone/integration-test/target/test-dir/MiniOzoneClusterImpl-8a368e31-8812-42c3-a9b0-be5bfd809ffd/datanode-1/data/ratis/529baf77-c7de-4ef4-8893-361b76deb94e has been successfully formatted.
2019-09-12 10:21:26,551 [pool-38-thread-1] INFO  ratis.ContainerStateMachine (ContainerStateMachine.java:loadSnapshot(226)) - group-361B76DEB94E: The snapshot info is null. Setting the last applied indexto:(t:0, i:~)
2019-09-12 10:21:26,552 [pool-38-thread-1] INFO  server.RaftServerConfigKeys (ConfUtils.java:logGet(43)) - raft.server.leader.election.timeout = 120s (custom)
2019-09-12 10:21:26,552 [pool-38-thread-1] INFO  server.RaftServerConfigKeys (ConfUtils.java:logGet(43)) - raft.server.log.use.memory = false (default)
2019-09-12 10:21:26,552 [pool-38-thread-1] INFO  server.RaftServerConfigKeys (ConfUtils.java:logGet(43)) - raft.server.log.purge.gap = 1000000 (custom)
2019-09-12 10:21:26,552 [pool-38-thread-1] INFO  server.RaftServerConfigKeys (ConfUtils.java:logGet(43)) - raft.server.log.appender.buffer.byte-limit = 33554432 (custom)
2019-09-12 10:21:26,552 [pool-38-thread-1] INFO  server.RaftServerConfigKeys (ConfUtils.java:logGet(43)) - raft.server.log.segment.size.max = 1048576 (custom)
2019-09-12 10:21:26,553 [pool-38-thread-1] INFO  server.RaftServerConfigKeys (ConfUtils.java:logGet(43)) - raft.server.log.segment.cache.num.max = 2 (custom)
2019-09-12 10:21:26,553 [pool-38-thread-1] INFO  segmented.SegmentedRaftLogWorker (SegmentedRaftLogWorker.java:<init>(172)) - new 5ad3b1f4-7cb1-4e63-b16b-8b3fa333f3d3-SegmentedRaftLogWorker:Storage Directory /workdir/hadoop-ozone/integration-test/target/test-dir/MiniOzoneClusterImpl-8a368e31-8812-42c3-a9b0-be5bfd809ffd/datanode-1/data/ratis/529baf77-c7de-4ef4-8893-361b76deb94e for RaftStorage:Storage Directory /workdir/hadoop-ozone/integration-test/target/test-dir/MiniOzoneClusterImpl-8a368e31-8812-42c3-a9b0-be5bfd809ffd/datanode-1/data/ratis/529baf77-c7de-4ef4-8893-361b76deb94e
2019-09-12 10:21:26,553 [pool-38-thread-1] INFO  server.RaftServerConfigKeys (ConfUtils.java:logGet(43)) - raft.server.log.queue.byte-limit = 2147483647 (custom)
2019-09-12 10:21:26,553 [pool-38-thread-1] INFO  server.RaftServerConfigKeys (ConfUtils.java:logGet(43)) - raft.server.log.queue.element-limit = 1024 (custom)
2019-09-12 10:21:26,553 [pool-38-thread-1] INFO  server.RaftServerConfigKeys (ConfUtils.java:logGet(43)) - raft.server.log.segment.size.max = 1048576 (custom)
2019-09-12 10:21:26,553 [pool-38-thread-1] INFO  server.RaftServerConfigKeys (ConfUtils.java:logGet(43)) - raft.server.log.preallocated.size = 16384 (custom)
2019-09-12 10:21:26,554 [pool-38-thread-1] INFO  server.RaftServerConfigKeys (ConfUtils.java:logGet(43)) - raft.server.log.write.buffer.size = 33554432 (custom)
2019-09-12 10:21:26,554 [pool-38-thread-1] INFO  server.RaftServerConfigKeys (ConfUtils.java:logGet(43)) - raft.server.log.force.sync.num = 128 (default)
2019-09-12 10:21:26,554 [pool-38-thread-1] INFO  server.RaftServerConfigKeys (ConfUtils.java:logGet(43)) - raft.server.log.statemachine.data.sync = true (default)
2019-09-12 10:21:26,554 [pool-38-thread-1] INFO  server.RaftServerConfigKeys (ConfUtils.java:logGet(43)) - raft.server.log.statemachine.data.sync.timeout = 10s (default)
2019-09-12 10:21:26,554 [pool-38-thread-1] INFO  server.RaftServerConfigKeys (ConfUtils.java:logGet(43)) - raft.server.log.statemachine.data.sync.timeout.retry = -1 (default)
2019-09-12 10:21:26,554 [pool-38-thread-1] INFO  server.RaftServerConfigKeys (ConfUtils.java:logGet(43)) - raft.server.log.statemachine.data.caching.enabled = true (custom)
2019-09-12 10:21:26,555 [pool-38-thread-1] INFO  segmented.SegmentedRaftLogWorker (SegmentedRaftLogWorker.java:lambda$new$0(132)) - 5ad3b1f4-7cb1-4e63-b16b-8b3fa333f3d3-SegmentedRaftLogWorker:Storage Directory /workdir/hadoop-ozone/integration-test/target/test-dir/MiniOzoneClusterImpl-8a368e31-8812-42c3-a9b0-be5bfd809ffd/datanode-1/data/ratis/529baf77-c7de-4ef4-8893-361b76deb94e: flushIndex: setUnconditionally 0 -> -1
2019-09-12 10:21:26,555 [pool-38-thread-1] INFO  server.RaftServerConfigKeys (ConfUtils.java:logGet(43)) - raft.server.snapshot.auto.trigger.enabled = true (custom)
2019-09-12 10:21:26,555 [pool-38-thread-1] INFO  server.RaftServerConfigKeys (ConfUtils.java:logGet(43)) - raft.server.snapshot.auto.trigger.threshold = 10000 (custom)
2019-09-12 10:21:26,557 [pool-38-thread-1] INFO  server.RaftServerConfigKeys (ConfUtils.java:logGet(43)) - raft.server.retrycache.expirytime = 600000ms (custom)
2019-09-12 10:21:26,557 [pool-38-thread-1] INFO  impl.RaftServerImpl (RaftServerImpl.java:start(180)) - 5ad3b1f4-7cb1-4e63-b16b-8b3fa333f3d3: start group-361B76DEB94E
2019-09-12 10:21:26,558 [pool-38-thread-1] INFO  impl.RaftServerImpl (RaftServerImpl.java:setRole(171)) - 5ad3b1f4-7cb1-4e63-b16b-8b3fa333f3d3:group-361B76DEB94E changes role from null to FOLLOWER at term 0 for startAsFollower
2019-09-12 10:21:26,558 [pool-38-thread-1] INFO  impl.RoleInfo (RoleInfo.java:updateAndGet(143)) - 5ad3b1f4-7cb1-4e63-b16b-8b3fa333f3d3: start FollowerState
2019-09-12 10:21:26,558 [pool-38-thread-1] INFO  util.JmxRegister (JmxRegister.java:tryRegister(44)) - Successfully registered JMX Bean with object name Ratis:service=RaftServer,group=group-361B76DEB94E,id=5ad3b1f4-7cb1-4e63-b16b-8b3fa333f3d3
2019-09-12 10:21:26,564 [RatisPipelineUtilsThread] INFO  pipeline.PipelineStateManager (PipelineStateManager.java:addPipeline(56)) - Created pipeline Pipeline[ Id: 529baf77-c7de-4ef4-8893-361b76deb94e, Nodes: 5ad3b1f4-7cb1-4e63-b16b-8b3fa333f3d3{ip: 192.168.157.195, host: pr-hdds-1569-xtfnx-3545843844, networkLocation: /default-rack, certSerialId: null}, Type:RATIS, Factor:ONE, State:OPEN]
2019-09-12 10:21:26,566 [RatisPipelineUtilsThread] ERROR pipeline.PipelinePlacementPolicy (PipelinePlacementPolicy.java:meetCriteria(91)) - Pipeline Placement: Doesn't meet the criteria to be viable node. Heaviness: 6
2019-09-12 10:21:26,566 [RatisPipelineUtilsThread] ERROR pipeline.PipelinePlacementPolicy (PipelinePlacementPolicy.java:meetCriteria(91)) - Pipeline Placement: Doesn't meet the criteria to be viable node. Heaviness: 6
2019-09-12 10:21:26,576 [grpc-default-executor-0] INFO  impl.RaftServerProxy (RaftServerProxy.java:addNew(89)) - 0de21071-135c-4e9f-9147-689c91c53707: addNew group-D89A7FDE73AF:[0de21071-135c-4e9f-9147-689c91c53707:192.168.157.195:37667] returns group-D89A7FDE73AF:java.util.concurrent.CompletableFuture@182a8dbc[Not completed]
2019-09-12 10:21:26,577 [pool-49-thread-1] INFO  impl.RaftServerImpl (RaftServerImpl.java:<init>(93)) - 0de21071-135c-4e9f-9147-689c91c53707: new RaftServerImpl for group-D89A7FDE73AF:[0de21071-135c-4e9f-9147-689c91c53707:192.168.157.195:37667] with ContainerStateMachine:uninitialized
2019-09-12 10:21:26,578 [pool-49-thread-1] INFO  server.RaftServerConfigKeys (ConfUtils.java:logGet(43)) - raft.server.rpc.timeout.min = 5s (custom)
2019-09-12 10:21:26,578 [pool-49-thread-1] INFO  server.RaftServerConfigKeys (ConfUtils.java:logGet(43)) - raft.server.rpc.timeout.max = 5200ms (custom)
2019-09-12 10:21:26,578 [pool-49-thread-1] INFO  server.RaftServerConfigKeys (ConfUtils.java:logGet(43)) - raft.server.rpcslowness.timeout = 120s (custom)
2019-09-12 10:21:26,578 [pool-49-thread-1] INFO  server.RaftServerConfigKeys (ConfUtils.java:logGet(43)) - raft.server.sleep.deviation.threshold = 300 (default)
2019-09-12 10:21:26,578 [pool-49-thread-1] INFO  server.RaftServerConfigKeys (ConfUtils.java:logGet(43)) - raft.server.log.appender.install.snapshot.enabled = false (custom)
2019-09-12 10:21:26,578 [pool-49-thread-1] INFO  impl.RaftServerImpl (ServerState.java:<init>(105)) - 0de21071-135c-4e9f-9147-689c91c53707:group-D89A7FDE73AF ConfigurationManager, init=-1: [0de21071-135c-4e9f-9147-689c91c53707:192.168.157.195:37667], old=null, confs=<EMPTY_MAP>
2019-09-12 10:21:26,579 [pool-49-thread-1] INFO  server.RaftServerConfigKeys (ConfUtils.java:logGet(43)) - raft.server.storage.dir = [/workdir/hadoop-ozone/integration-test/target/test-dir/MiniOzoneClusterImpl-8a368e31-8812-42c3-a9b0-be5bfd809ffd/datanode-2/data/ratis] (custom)
2019-09-12 10:21:26,579 [pool-49-thread-1] INFO  storage.RaftStorageDirectory (RaftStorageDirectory.java:analyzeStorage(246)) - The storage directory /workdir/hadoop-ozone/integration-test/target/test-dir/MiniOzoneClusterImpl-8a368e31-8812-42c3-a9b0-be5bfd809ffd/datanode-2/data/ratis/fde334b1-e818-434d-bb1b-d89a7fde73af does not exist. Creating ...
2019-09-12 10:21:26,596 [pool-49-thread-1] INFO  storage.RaftStorageDirectory (RaftStorageDirectory.java:tryLock(328)) - Lock on /workdir/hadoop-ozone/integration-test/target/test-dir/MiniOzoneClusterImpl-8a368e31-8812-42c3-a9b0-be5bfd809ffd/datanode-2/data/ratis/fde334b1-e818-434d-bb1b-d89a7fde73af/in_use.lock acquired by nodename 12969@pr-hdds-1569-xtfnx-3545843844
2019-09-12 10:21:26,609 [pool-49-thread-1] INFO  storage.RaftStorage (RaftStorage.java:format(72)) - Storage directory /workdir/hadoop-ozone/integration-test/target/test-dir/MiniOzoneClusterImpl-8a368e31-8812-42c3-a9b0-be5bfd809ffd/datanode-2/data/ratis/fde334b1-e818-434d-bb1b-d89a7fde73af has been successfully formatted.
2019-09-12 10:21:26,609 [pool-49-thread-1] INFO  ratis.ContainerStateMachine (ContainerStateMachine.java:loadSnapshot(226)) - group-D89A7FDE73AF: The snapshot info is null. Setting the last applied indexto:(t:0, i:~)
2019-09-12 10:21:26,610 [pool-49-thread-1] INFO  server.RaftServerConfigKeys (ConfUtils.java:logGet(43)) - raft.server.leader.election.timeout = 120s (custom)
2019-09-12 10:21:26,610 [pool-49-thread-1] INFO  server.RaftServerConfigKeys (ConfUtils.java:logGet(43)) - raft.server.log.use.memory = false (default)
2019-09-12 10:21:26,610 [pool-49-thread-1] INFO  server.RaftServerConfigKeys (ConfUtils.java:logGet(43)) - raft.server.log.purge.gap = 1000000 (custom)
2019-09-12 10:21:26,610 [pool-49-thread-1] INFO  server.RaftServerConfigKeys (ConfUtils.java:logGet(43)) - raft.server.log.appender.buffer.byte-limit = 33554432 (custom)
2019-09-12 10:21:26,610 [pool-49-thread-1] INFO  server.RaftServerConfigKeys (ConfUtils.java:logGet(43)) - raft.server.log.segment.size.max = 1048576 (custom)
2019-09-12 10:21:26,611 [pool-49-thread-1] INFO  server.RaftServerConfigKeys (ConfUtils.java:logGet(43)) - raft.server.log.segment.cache.num.max = 2 (custom)
2019-09-12 10:21:26,611 [pool-49-thread-1] INFO  segmented.SegmentedRaftLogWorker (SegmentedRaftLogWorker.java:<init>(172)) - new 0de21071-135c-4e9f-9147-689c91c53707-SegmentedRaftLogWorker:Storage Directory /workdir/hadoop-ozone/integration-test/target/test-dir/MiniOzoneClusterImpl-8a368e31-8812-42c3-a9b0-be5bfd809ffd/datanode-2/data/ratis/fde334b1-e818-434d-bb1b-d89a7fde73af for RaftStorage:Storage Directory /workdir/hadoop-ozone/integration-test/target/test-dir/MiniOzoneClusterImpl-8a368e31-8812-42c3-a9b0-be5bfd809ffd/datanode-2/data/ratis/fde334b1-e818-434d-bb1b-d89a7fde73af
2019-09-12 10:21:26,611 [pool-49-thread-1] INFO  server.RaftServerConfigKeys (ConfUtils.java:logGet(43)) - raft.server.log.queue.byte-limit = 2147483647 (custom)
2019-09-12 10:21:26,611 [pool-49-thread-1] INFO  server.RaftServerConfigKeys (ConfUtils.java:logGet(43)) - raft.server.log.queue.element-limit = 1024 (custom)
2019-09-12 10:21:26,611 [pool-49-thread-1] INFO  server.RaftServerConfigKeys (ConfUtils.java:logGet(43)) - raft.server.log.segment.size.max = 1048576 (custom)
2019-09-12 10:21:26,612 [pool-49-thread-1] INFO  server.RaftServerConfigKeys (ConfUtils.java:logGet(43)) - raft.server.log.preallocated.size = 16384 (custom)
2019-09-12 10:21:26,612 [pool-49-thread-1] INFO  server.RaftServerConfigKeys (ConfUtils.java:logGet(43)) - raft.server.log.write.buffer.size = 33554432 (custom)
2019-09-12 10:21:26,612 [pool-49-thread-1] INFO  server.RaftServerConfigKeys (ConfUtils.java:logGet(43)) - raft.server.log.force.sync.num = 128 (default)
2019-09-12 10:21:26,612 [pool-49-thread-1] INFO  server.RaftServerConfigKeys (ConfUtils.java:logGet(43)) - raft.server.log.statemachine.data.sync = true (default)
2019-09-12 10:21:26,612 [pool-49-thread-1] INFO  server.RaftServerConfigKeys (ConfUtils.java:logGet(43)) - raft.server.log.statemachine.data.sync.timeout = 10s (default)
2019-09-12 10:21:26,613 [pool-49-thread-1] INFO  server.RaftServerConfigKeys (ConfUtils.java:logGet(43)) - raft.server.log.statemachine.data.sync.timeout.retry = -1 (default)
2019-09-12 10:21:26,613 [pool-49-thread-1] INFO  server.RaftServerConfigKeys (ConfUtils.java:logGet(43)) - raft.server.log.statemachine.data.caching.enabled = true (custom)
2019-09-12 10:21:26,613 [pool-49-thread-1] INFO  segmented.SegmentedRaftLogWorker (SegmentedRaftLogWorker.java:lambda$new$0(132)) - 0de21071-135c-4e9f-9147-689c91c53707-SegmentedRaftLogWorker:Storage Directory /workdir/hadoop-ozone/integration-test/target/test-dir/MiniOzoneClusterImpl-8a368e31-8812-42c3-a9b0-be5bfd809ffd/datanode-2/data/ratis/fde334b1-e818-434d-bb1b-d89a7fde73af: flushIndex: setUnconditionally 0 -> -1
2019-09-12 10:21:26,614 [pool-49-thread-1] INFO  server.RaftServerConfigKeys (ConfUtils.java:logGet(43)) - raft.server.snapshot.auto.trigger.enabled = true (custom)
2019-09-12 10:21:26,614 [pool-49-thread-1] INFO  server.RaftServerConfigKeys (ConfUtils.java:logGet(43)) - raft.server.snapshot.auto.trigger.threshold = 10000 (custom)
2019-09-12 10:21:26,614 [pool-49-thread-1] INFO  server.RaftServerConfigKeys (ConfUtils.java:logGet(43)) - raft.server.retrycache.expirytime = 600000ms (custom)
2019-09-12 10:21:26,614 [pool-49-thread-1] INFO  impl.RaftServerImpl (RaftServerImpl.java:start(180)) - 0de21071-135c-4e9f-9147-689c91c53707: start group-D89A7FDE73AF
2019-09-12 10:21:26,614 [pool-49-thread-1] INFO  impl.RaftServerImpl (RaftServerImpl.java:setRole(171)) - 0de21071-135c-4e9f-9147-689c91c53707:group-D89A7FDE73AF changes role from null to FOLLOWER at term 0 for startAsFollower
2019-09-12 10:21:26,615 [pool-49-thread-1] INFO  impl.RoleInfo (RoleInfo.java:updateAndGet(143)) - 0de21071-135c-4e9f-9147-689c91c53707: start FollowerState
2019-09-12 10:21:26,615 [pool-49-thread-1] INFO  util.JmxRegister (JmxRegister.java:tryRegister(44)) - Successfully registered JMX Bean with object name Ratis:service=RaftServer,group=group-D89A7FDE73AF,id=0de21071-135c-4e9f-9147-689c91c53707
2019-09-12 10:21:26,621 [RatisPipelineUtilsThread] INFO  pipeline.PipelineStateManager (PipelineStateManager.java:addPipeline(56)) - Created pipeline Pipeline[ Id: fde334b1-e818-434d-bb1b-d89a7fde73af, Nodes: 0de21071-135c-4e9f-9147-689c91c53707{ip: 192.168.157.195, host: pr-hdds-1569-xtfnx-3545843844, networkLocation: /default-rack, certSerialId: null}, Type:RATIS, Factor:ONE, State:OPEN]
2019-09-12 10:21:26,622 [RatisPipelineUtilsThread] ERROR pipeline.PipelinePlacementPolicy (PipelinePlacementPolicy.java:meetCriteria(91)) - Pipeline Placement: Doesn't meet the criteria to be viable node. Heaviness: 6
2019-09-12 10:21:26,623 [RatisPipelineUtilsThread] ERROR pipeline.PipelinePlacementPolicy (PipelinePlacementPolicy.java:meetCriteria(91)) - Pipeline Placement: Doesn't meet the criteria to be viable node. Heaviness: 6
2019-09-12 10:21:26,623 [RatisPipelineUtilsThread] ERROR pipeline.PipelinePlacementPolicy (PipelinePlacementPolicy.java:meetCriteria(91)) - Pipeline Placement: Doesn't meet the criteria to be viable node. Heaviness: 6
2019-09-12 10:21:26,633 [grpc-default-executor-0] INFO  impl.RaftServerProxy (RaftServerProxy.java:addNew(89)) - 97d69fd4-8e52-4023-8fa6-54c6b0949aa9: addNew group-18E9E77C341A:[97d69fd4-8e52-4023-8fa6-54c6b0949aa9:192.168.157.195:38621] returns group-18E9E77C341A:java.util.concurrent.CompletableFuture@1689acfd[Not completed]
2019-09-12 10:21:26,635 [pool-60-thread-1] INFO  impl.RaftServerImpl (RaftServerImpl.java:<init>(93)) - 97d69fd4-8e52-4023-8fa6-54c6b0949aa9: new RaftServerImpl for group-18E9E77C341A:[97d69fd4-8e52-4023-8fa6-54c6b0949aa9:192.168.157.195:38621] with ContainerStateMachine:uninitialized
2019-09-12 10:21:26,635 [pool-60-thread-1] INFO  server.RaftServerConfigKeys (ConfUtils.java:logGet(43)) - raft.server.rpc.timeout.min = 5s (custom)
2019-09-12 10:21:26,635 [pool-60-thread-1] INFO  server.RaftServerConfigKeys (ConfUtils.java:logGet(43)) - raft.server.rpc.timeout.max = 5200ms (custom)
2019-09-12 10:21:26,636 [pool-60-thread-1] INFO  server.RaftServerConfigKeys (ConfUtils.java:logGet(43)) - raft.server.rpcslowness.timeout = 120s (custom)
2019-09-12 10:21:26,636 [pool-60-thread-1] INFO  server.RaftServerConfigKeys (ConfUtils.java:logGet(43)) - raft.server.sleep.deviation.threshold = 300 (default)
2019-09-12 10:21:26,636 [pool-60-thread-1] INFO  server.RaftServerConfigKeys (ConfUtils.java:logGet(43)) - raft.server.log.appender.install.snapshot.enabled = false (custom)
2019-09-12 10:21:26,636 [pool-60-thread-1] INFO  impl.RaftServerImpl (ServerState.java:<init>(105)) - 97d69fd4-8e52-4023-8fa6-54c6b0949aa9:group-18E9E77C341A ConfigurationManager, init=-1: [97d69fd4-8e52-4023-8fa6-54c6b0949aa9:192.168.157.195:38621], old=null, confs=<EMPTY_MAP>
2019-09-12 10:21:26,636 [pool-60-thread-1] INFO  server.RaftServerConfigKeys (ConfUtils.java:logGet(43)) - raft.server.storage.dir = [/workdir/hadoop-ozone/integration-test/target/test-dir/MiniOzoneClusterImpl-8a368e31-8812-42c3-a9b0-be5bfd809ffd/datanode-3/data/ratis] (custom)
2019-09-12 10:21:26,637 [pool-60-thread-1] INFO  storage.RaftStorageDirectory (RaftStorageDirectory.java:analyzeStorage(246)) - The storage directory /workdir/hadoop-ozone/integration-test/target/test-dir/MiniOzoneClusterImpl-8a368e31-8812-42c3-a9b0-be5bfd809ffd/datanode-3/data/ratis/77c5900c-4196-461f-995c-18e9e77c341a does not exist. Creating ...
2019-09-12 10:21:26,650 [pool-60-thread-1] INFO  storage.RaftStorageDirectory (RaftStorageDirectory.java:tryLock(328)) - Lock on /workdir/hadoop-ozone/integration-test/target/test-dir/MiniOzoneClusterImpl-8a368e31-8812-42c3-a9b0-be5bfd809ffd/datanode-3/data/ratis/77c5900c-4196-461f-995c-18e9e77c341a/in_use.lock acquired by nodename 12969@pr-hdds-1569-xtfnx-3545843844
2019-09-12 10:21:26,663 [pool-60-thread-1] INFO  storage.RaftStorage (RaftStorage.java:format(72)) - Storage directory /workdir/hadoop-ozone/integration-test/target/test-dir/MiniOzoneClusterImpl-8a368e31-8812-42c3-a9b0-be5bfd809ffd/datanode-3/data/ratis/77c5900c-4196-461f-995c-18e9e77c341a has been successfully formatted.
2019-09-12 10:21:26,663 [pool-60-thread-1] INFO  ratis.ContainerStateMachine (ContainerStateMachine.java:loadSnapshot(226)) - group-18E9E77C341A: The snapshot info is null. Setting the last applied indexto:(t:0, i:~)
2019-09-12 10:21:26,663 [pool-60-thread-1] INFO  server.RaftServerConfigKeys (ConfUtils.java:logGet(43)) - raft.server.leader.election.timeout = 120s (custom)
2019-09-12 10:21:26,663 [pool-60-thread-1] INFO  server.RaftServerConfigKeys (ConfUtils.java:logGet(43)) - raft.server.log.use.memory = false (default)
2019-09-12 10:21:26,664 [pool-60-thread-1] INFO  server.RaftServerConfigKeys (ConfUtils.java:logGet(43)) - raft.server.log.purge.gap = 1000000 (custom)
2019-09-12 10:21:26,664 [pool-60-thread-1] INFO  server.RaftServerConfigKeys (ConfUtils.java:logGet(43)) - raft.server.log.appender.buffer.byte-limit = 33554432 (custom)
2019-09-12 10:21:26,664 [pool-60-thread-1] INFO  server.RaftServerConfigKeys (ConfUtils.java:logGet(43)) - raft.server.log.segment.size.max = 1048576 (custom)
2019-09-12 10:21:26,664 [pool-60-thread-1] INFO  server.RaftServerConfigKeys (ConfUtils.java:logGet(43)) - raft.server.log.segment.cache.num.max = 2 (custom)
2019-09-12 10:21:26,664 [pool-60-thread-1] INFO  segmented.SegmentedRaftLogWorker (SegmentedRaftLogWorker.java:<init>(172)) - new 97d69fd4-8e52-4023-8fa6-54c6b0949aa9-SegmentedRaftLogWorker:Storage Directory /workdir/hadoop-ozone/integration-test/target/test-dir/MiniOzoneClusterImpl-8a368e31-8812-42c3-a9b0-be5bfd809ffd/datanode-3/data/ratis/77c5900c-4196-461f-995c-18e9e77c341a for RaftStorage:Storage Directory /workdir/hadoop-ozone/integration-test/target/test-dir/MiniOzoneClusterImpl-8a368e31-8812-42c3-a9b0-be5bfd809ffd/datanode-3/data/ratis/77c5900c-4196-461f-995c-18e9e77c341a
2019-09-12 10:21:26,664 [pool-60-thread-1] INFO  server.RaftServerConfigKeys (ConfUtils.java:logGet(43)) - raft.server.log.queue.byte-limit = 2147483647 (custom)
2019-09-12 10:21:26,665 [pool-60-thread-1] INFO  server.RaftServerConfigKeys (ConfUtils.java:logGet(43)) - raft.server.log.queue.element-limit = 1024 (custom)
2019-09-12 10:21:26,665 [pool-60-thread-1] INFO  server.RaftServerConfigKeys (ConfUtils.java:logGet(43)) - raft.server.log.segment.size.max = 1048576 (custom)
2019-09-12 10:21:26,665 [pool-60-thread-1] INFO  server.RaftServerConfigKeys (ConfUtils.java:logGet(43)) - raft.server.log.preallocated.size = 16384 (custom)
2019-09-12 10:21:26,665 [pool-60-thread-1] INFO  server.RaftServerConfigKeys (ConfUtils.java:logGet(43)) - raft.server.log.write.buffer.size = 33554432 (custom)
2019-09-12 10:21:26,665 [pool-60-thread-1] INFO  server.RaftServerConfigKeys (ConfUtils.java:logGet(43)) - raft.server.log.force.sync.num = 128 (default)
2019-09-12 10:21:26,665 [pool-60-thread-1] INFO  server.RaftServerConfigKeys (ConfUtils.java:logGet(43)) - raft.server.log.statemachine.data.sync = true (default)
2019-09-12 10:21:26,666 [pool-60-thread-1] INFO  server.RaftServerConfigKeys (ConfUtils.java:logGet(43)) - raft.server.log.statemachine.data.sync.timeout = 10s (default)
2019-09-12 10:21:26,666 [pool-60-thread-1] INFO  server.RaftServerConfigKeys (ConfUtils.java:logGet(43)) - raft.server.log.statemachine.data.sync.timeout.retry = -1 (default)
2019-09-12 10:21:26,666 [pool-60-thread-1] INFO  server.RaftServerConfigKeys (ConfUtils.java:logGet(43)) - raft.server.log.statemachine.data.caching.enabled = true (custom)
2019-09-12 10:21:26,666 [pool-60-thread-1] INFO  segmented.SegmentedRaftLogWorker (SegmentedRaftLogWorker.java:lambda$new$0(132)) - 97d69fd4-8e52-4023-8fa6-54c6b0949aa9-SegmentedRaftLogWorker:Storage Directory /workdir/hadoop-ozone/integration-test/target/test-dir/MiniOzoneClusterImpl-8a368e31-8812-42c3-a9b0-be5bfd809ffd/datanode-3/data/ratis/77c5900c-4196-461f-995c-18e9e77c341a: flushIndex: setUnconditionally 0 -> -1
2019-09-12 10:21:26,667 [pool-60-thread-1] INFO  server.RaftServerConfigKeys (ConfUtils.java:logGet(43)) - raft.server.snapshot.auto.trigger.enabled = true (custom)
2019-09-12 10:21:26,667 [pool-60-thread-1] INFO  server.RaftServerConfigKeys (ConfUtils.java:logGet(43)) - raft.server.snapshot.auto.trigger.threshold = 10000 (custom)
2019-09-12 10:21:26,667 [pool-60-thread-1] INFO  server.RaftServerConfigKeys (ConfUtils.java:logGet(43)) - raft.server.retrycache.expirytime = 600000ms (custom)
2019-09-12 10:21:26,667 [pool-60-thread-1] INFO  impl.RaftServerImpl (RaftServerImpl.java:start(180)) - 97d69fd4-8e52-4023-8fa6-54c6b0949aa9: start group-18E9E77C341A
2019-09-12 10:21:26,668 [pool-60-thread-1] INFO  impl.RaftServerImpl (RaftServerImpl.java:setRole(171)) - 97d69fd4-8e52-4023-8fa6-54c6b0949aa9:group-18E9E77C341A changes role from null to FOLLOWER at term 0 for startAsFollower
2019-09-12 10:21:26,668 [pool-60-thread-1] INFO  impl.RoleInfo (RoleInfo.java:updateAndGet(143)) - 97d69fd4-8e52-4023-8fa6-54c6b0949aa9: start FollowerState
2019-09-12 10:21:26,668 [pool-60-thread-1] INFO  util.JmxRegister (JmxRegister.java:tryRegister(44)) - Successfully registered JMX Bean with object name Ratis:service=RaftServer,group=group-18E9E77C341A,id=97d69fd4-8e52-4023-8fa6-54c6b0949aa9
2019-09-12 10:21:26,673 [RatisPipelineUtilsThread] INFO  pipeline.PipelineStateManager (PipelineStateManager.java:addPipeline(56)) - Created pipeline Pipeline[ Id: 77c5900c-4196-461f-995c-18e9e77c341a, Nodes: 97d69fd4-8e52-4023-8fa6-54c6b0949aa9{ip: 192.168.157.195, host: pr-hdds-1569-xtfnx-3545843844, networkLocation: /default-rack, certSerialId: null}, Type:RATIS, Factor:ONE, State:OPEN]
2019-09-12 10:21:26,675 [RatisPipelineUtilsThread] ERROR pipeline.PipelinePlacementPolicy (PipelinePlacementPolicy.java:meetCriteria(91)) - Pipeline Placement: Doesn't meet the criteria to be viable node. Heaviness: 6
2019-09-12 10:21:26,675 [RatisPipelineUtilsThread] ERROR pipeline.PipelinePlacementPolicy (PipelinePlacementPolicy.java:meetCriteria(91)) - Pipeline Placement: Doesn't meet the criteria to be viable node. Heaviness: 6
2019-09-12 10:21:26,675 [RatisPipelineUtilsThread] ERROR pipeline.PipelinePlacementPolicy (PipelinePlacementPolicy.java:meetCriteria(91)) - Pipeline Placement: Doesn't meet the criteria to be viable node. Heaviness: 6
2019-09-12 10:21:26,675 [RatisPipelineUtilsThread] ERROR pipeline.PipelinePlacementPolicy (PipelinePlacementPolicy.java:meetCriteria(91)) - Pipeline Placement: Doesn't meet the criteria to be viable node. Heaviness: 6
2019-09-12 10:21:26,676 [RatisPipelineUtilsThread] ERROR pipeline.PipelinePlacementPolicy (PipelinePlacementPolicy.java:filterViableNodes(146)) - Unable to find enough nodes that meet the criteria that cannot engage in more than 5 pipelines. Nodes required: 1 Found: 0, healthy nodes count inNodeManager: 4.
2019-09-12 10:21:26,678 [RatisPipelineUtilsThread] ERROR pipeline.SCMPipelineManager (SCMPipelineManager.java:createPipeline(161)) - Pipeline creation failed due to exception: Unable to find enough nodes that meet the criteria that cannot engage in more than 5 pipelines. Nodes required: 1 Found: 0, healthy nodes count inNodeManager: 4.
2019-09-12 10:21:26,678 [RatisPipelineUtilsThread] ERROR pipeline.PipelinePlacementPolicy (PipelinePlacementPolicy.java:meetCriteria(91)) - Pipeline Placement: Doesn't meet the criteria to be viable node. Heaviness: 6
2019-09-12 10:21:26,678 [RatisPipelineUtilsThread] ERROR pipeline.PipelinePlacementPolicy (PipelinePlacementPolicy.java:meetCriteria(91)) - Pipeline Placement: Doesn't meet the criteria to be viable node. Heaviness: 6
2019-09-12 10:21:26,678 [RatisPipelineUtilsThread] ERROR pipeline.PipelinePlacementPolicy (PipelinePlacementPolicy.java:meetCriteria(91)) - Pipeline Placement: Doesn't meet the criteria to be viable node. Heaviness: 6
2019-09-12 10:21:26,679 [RatisPipelineUtilsThread] ERROR pipeline.PipelinePlacementPolicy (PipelinePlacementPolicy.java:meetCriteria(91)) - Pipeline Placement: Doesn't meet the criteria to be viable node. Heaviness: 6
2019-09-12 10:21:26,679 [RatisPipelineUtilsThread] ERROR pipeline.PipelinePlacementPolicy (PipelinePlacementPolicy.java:filterViableNodes(146)) - Unable to find enough nodes that meet the criteria that cannot engage in more than 5 pipelines. Nodes required: 3 Found: 0, healthy nodes count inNodeManager: 4.
2019-09-12 10:21:26,679 [RatisPipelineUtilsThread] ERROR pipeline.SCMPipelineManager (SCMPipelineManager.java:createPipeline(161)) - Pipeline creation failed due to exception: Unable to find enough nodes that meet the criteria that cannot engage in more than 5 pipelines. Nodes required: 3 Found: 0, healthy nodes count inNodeManager: 4.
2019-09-12 10:21:26,679 [main] ERROR pipeline.PipelinePlacementPolicy (PipelinePlacementPolicy.java:meetCriteria(91)) - Pipeline Placement: Doesn't meet the criteria to be viable node. Heaviness: 6
2019-09-12 10:21:26,680 [main] ERROR pipeline.PipelinePlacementPolicy (PipelinePlacementPolicy.java:meetCriteria(91)) - Pipeline Placement: Doesn't meet the criteria to be viable node. Heaviness: 6
2019-09-12 10:21:26,680 [main] ERROR pipeline.PipelinePlacementPolicy (PipelinePlacementPolicy.java:meetCriteria(91)) - Pipeline Placement: Doesn't meet the criteria to be viable node. Heaviness: 6
2019-09-12 10:21:26,680 [main] ERROR pipeline.PipelinePlacementPolicy (PipelinePlacementPolicy.java:meetCriteria(91)) - Pipeline Placement: Doesn't meet the criteria to be viable node. Heaviness: 6
2019-09-12 10:21:26,681 [main] ERROR pipeline.PipelinePlacementPolicy (PipelinePlacementPolicy.java:filterViableNodes(146)) - Unable to find enough nodes that meet the criteria that cannot engage in more than 5 pipelines. Nodes required: 3 Found: 0, healthy nodes count inNodeManager: 4.
2019-09-12 10:21:26,681 [main] ERROR pipeline.SCMPipelineManager (SCMPipelineManager.java:createPipeline(161)) - Pipeline creation failed due to exception: Unable to find enough nodes that meet the criteria that cannot engage in more than 5 pipelines. Nodes required: 3 Found: 0, healthy nodes count inNodeManager: 4.
2019-09-12 10:21:26,681 [RatisPipelineUtilsThread] ERROR pipeline.PipelinePlacementPolicy (PipelinePlacementPolicy.java:meetCriteria(91)) - Pipeline Placement: Doesn't meet the criteria to be viable node. Heaviness: 6
2019-09-12 10:21:26,681 [RatisPipelineUtilsThread] ERROR pipeline.PipelinePlacementPolicy (PipelinePlacementPolicy.java:meetCriteria(91)) - Pipeline Placement: Doesn't meet the criteria to be viable node. Heaviness: 6
2019-09-12 10:21:26,682 [RatisPipelineUtilsThread] ERROR pipeline.PipelinePlacementPolicy (PipelinePlacementPolicy.java:meetCriteria(91)) - Pipeline Placement: Doesn't meet the criteria to be viable node. Heaviness: 6
2019-09-12 10:21:26,682 [RatisPipelineUtilsThread] ERROR pipeline.PipelinePlacementPolicy (PipelinePlacementPolicy.java:meetCriteria(91)) - Pipeline Placement: Doesn't meet the criteria to be viable node. Heaviness: 6
2019-09-12 10:21:26,682 [RatisPipelineUtilsThread] ERROR pipeline.PipelinePlacementPolicy (PipelinePlacementPolicy.java:filterViableNodes(146)) - Unable to find enough nodes that meet the criteria that cannot engage in more than 5 pipelines. Nodes required: 1 Found: 0, healthy nodes count inNodeManager: 4.
2019-09-12 10:21:26,682 [RatisPipelineUtilsThread] ERROR pipeline.SCMPipelineManager (SCMPipelineManager.java:createPipeline(161)) - Pipeline creation failed due to exception: Unable to find enough nodes that meet the criteria that cannot engage in more than 5 pipelines. Nodes required: 1 Found: 0, healthy nodes count inNodeManager: 4.
2019-09-12 10:21:26,682 [RatisPipelineUtilsThread] ERROR pipeline.PipelinePlacementPolicy (PipelinePlacementPolicy.java:meetCriteria(91)) - Pipeline Placement: Doesn't meet the criteria to be viable node. Heaviness: 6
2019-09-12 10:21:26,683 [RatisPipelineUtilsThread] ERROR pipeline.PipelinePlacementPolicy (PipelinePlacementPolicy.java:meetCriteria(91)) - Pipeline Placement: Doesn't meet the criteria to be viable node. Heaviness: 6
2019-09-12 10:21:26,683 [RatisPipelineUtilsThread] ERROR pipeline.PipelinePlacementPolicy (PipelinePlacementPolicy.java:meetCriteria(91)) - Pipeline Placement: Doesn't meet the criteria to be viable node. Heaviness: 6
2019-09-12 10:21:26,683 [RatisPipelineUtilsThread] ERROR pipeline.PipelinePlacementPolicy (PipelinePlacementPolicy.java:meetCriteria(91)) - Pipeline Placement: Doesn't meet the criteria to be viable node. Heaviness: 6
2019-09-12 10:21:26,683 [RatisPipelineUtilsThread] ERROR pipeline.PipelinePlacementPolicy (PipelinePlacementPolicy.java:filterViableNodes(146)) - Unable to find enough nodes that meet the criteria that cannot engage in more than 5 pipelines. Nodes required: 3 Found: 0, healthy nodes count inNodeManager: 4.
2019-09-12 10:21:26,683 [RatisPipelineUtilsThread] ERROR pipeline.SCMPipelineManager (SCMPipelineManager.java:createPipeline(161)) - Pipeline creation failed due to exception: Unable to find enough nodes that meet the criteria that cannot engage in more than 5 pipelines. Nodes required: 3 Found: 0, healthy nodes count inNodeManager: 4.
2019-09-12 10:21:26,684 [main] INFO  ozone.MiniOzoneClusterImpl (MiniOzoneClusterImpl.java:shutdown(321)) - Shutting down the Mini Ozone Cluster
2019-09-12 10:21:26,685 | INFO  | SCMAudit | user=null | ip=null | op=GET_SCM_INFO null | ret=SUCCESS |  
2019-09-12 10:21:26,685 [main] INFO  ozone.MiniOzoneClusterImpl (MiniOzoneClusterImpl.java:stop(336)) - Stopping the Mini Ozone Cluster
2019-09-12 10:21:26,685 [main] INFO  ozone.MiniOzoneClusterImpl (MiniOzoneClusterImpl.java:stop(338)) - Stopping the OzoneManager
2019-09-12 10:21:26,685 [main] INFO  ipc.Server (Server.java:stop(3082)) - Stopping server on 44416
2019-09-12 10:21:26,700 [IPC Server listener on 44416] INFO  ipc.Server (Server.java:run(1185)) - Stopping IPC Server listener on 44416
2019-09-12 10:21:26,704 [main] INFO  ratis.OzoneManagerDoubleBuffer (OzoneManagerDoubleBuffer.java:stop(248)) - Stopping OMDoubleBuffer flush thread
2019-09-12 10:21:26,709 [IPC Server Responder] INFO  ipc.Server (Server.java:run(1319)) - Stopping IPC Server Responder
2019-09-12 10:21:26,721 [OMDoubleBufferFlushThread] INFO  ratis.OzoneManagerDoubleBuffer (OzoneManagerDoubleBuffer.java:flushTransactions(191)) - OMDoubleBuffer flush thread OMDoubleBufferFlushThread is interrupted and will exit. OMDoubleBufferFlushThread
2019-09-12 10:21:26,723 [main] INFO  utils.BackgroundService (BackgroundService.java:shutdown(148)) - Shutting down service KeyDeletingService
2019-09-12 10:21:26,728 [main] INFO  handler.ContextHandler (ContextHandler.java:doStop(910)) - Stopped o.e.j.w.WebAppContext@13047d7d{/,null,UNAVAILABLE}{/ozoneManager}
2019-09-12 10:21:26,736 [main] INFO  server.AbstractConnector (AbstractConnector.java:doStop(318)) - Stopped ServerConnector@3c7cfcbb{HTTP/1.1,[http/1.1]}{0.0.0.0:0}
2019-09-12 10:21:26,736 [main] INFO  handler.ContextHandler (ContextHandler.java:doStop(910)) - Stopped o.e.j.s.ServletContextHandler@325bb9a6{/static,file:///workdir/hadoop-ozone/integration-test/target/test-classes/webapps/static,UNAVAILABLE}
2019-09-12 10:21:26,737 [main] INFO  handler.ContextHandler (ContextHandler.java:doStop(910)) - Stopped o.e.j.s.ServletContextHandler@6a10b263{/logs,file:///workdir/hadoop-ozone/integration-test/target/log,UNAVAILABLE}
2019-09-12 10:21:26,744 [main] INFO  ozone.MiniOzoneClusterImpl (MiniOzoneClusterImpl.java:stop(344)) - Shutting the HddsDatanodes
2019-09-12 10:21:26,745 [main] INFO  datanode.ObjectStoreHandler (ObjectStoreHandler.java:close(155)) - Closing ObjectStoreHandler.
2019-09-12 10:21:26,746 [ForkJoinPool.commonPool-worker-1] INFO  datanode.ObjectStoreHandler (ObjectStoreHandler.java:close(155)) - Closing ObjectStoreHandler.
2019-09-12 10:21:26,760 [main] INFO  ozone.HddsDatanodeService (HddsDatanodeService.java:stop(451)) - Stopped plug-in org.apache.hadoop.ozone.web.OzoneHddsDatanodeService@6314df3c
2019-09-12 10:21:26,760 [ForkJoinPool.commonPool-worker-1] INFO  ozone.HddsDatanodeService (HddsDatanodeService.java:stop(451)) - Stopped plug-in org.apache.hadoop.ozone.web.OzoneHddsDatanodeService@269222ae
2019-09-12 10:21:26,795 | INFO  | SCMAudit | user=jenkins1000 | ip=192.168.157.195 | op=SEND_HEARTBEAT {datanodeUUID=97d69fd4-8e52-4023-8fa6-54c6b0949aa9, command=[]} | ret=SUCCESS |  
2019-09-12 10:21:26,960 | INFO  | SCMAudit | user=jenkins1000 | ip=192.168.157.195 | op=SEND_HEARTBEAT {datanodeUUID=464357b9-d640-4e4a-892f-a68e44244c3b, command=[]} | ret=SUCCESS |  
2019-09-12 10:21:27,008 [Thread-192] INFO  container.ReplicationManager (ReplicationManager.java:start(151)) - Starting Replication Monitor Thread.
2019-09-12 10:21:27,012 [ReplicationMonitor] INFO  container.ReplicationManager (ReplicationManager.java:run(214)) - Replication Monitor Thread took 1 milliseconds for processing 0 containers.
2019-09-12 10:21:27,193 [Datanode State Machine Thread - 0] INFO  statemachine.DatanodeStateMachine (DatanodeStateMachine.java:lambda$startDaemon$0(350)) - Ozone container server started.
2019-09-12 10:21:27,410 [Datanode State Machine Thread - 0] INFO  statemachine.DatanodeStateMachine (DatanodeStateMachine.java:lambda$startDaemon$0(350)) - Ozone container server started.
2019-09-12 10:21:27,796 | INFO  | SCMAudit | user=jenkins1000 | ip=192.168.157.195 | op=SEND_HEARTBEAT {datanodeUUID=97d69fd4-8e52-4023-8fa6-54c6b0949aa9, command=[]} | ret=SUCCESS |  
2019-09-12 10:21:27,962 | INFO  | SCMAudit | user=jenkins1000 | ip=192.168.157.195 | op=SEND_HEARTBEAT {datanodeUUID=464357b9-d640-4e4a-892f-a68e44244c3b, command=[]} | ret=SUCCESS |  
2019-09-12 10:21:28,797 | INFO  | SCMAudit | user=jenkins1000 | ip=192.168.157.195 | op=SEND_HEARTBEAT {datanodeUUID=97d69fd4-8e52-4023-8fa6-54c6b0949aa9, command=[]} | ret=SUCCESS |  
2019-09-12 10:21:28,959 | INFO  | SCMAudit | user=jenkins1000 | ip=192.168.157.195 | op=SEND_HEARTBEAT {datanodeUUID=464357b9-d640-4e4a-892f-a68e44244c3b, command=[]} | ret=SUCCESS |  
2019-09-12 10:21:29,795 | INFO  | SCMAudit | user=jenkins1000 | ip=192.168.157.195 | op=SEND_HEARTBEAT {datanodeUUID=97d69fd4-8e52-4023-8fa6-54c6b0949aa9, command=[]} | ret=SUCCESS |  
2019-09-12 10:21:29,960 | INFO  | SCMAudit | user=jenkins1000 | ip=192.168.157.195 | op=SEND_HEARTBEAT {datanodeUUID=464357b9-d640-4e4a-892f-a68e44244c3b, command=[]} | ret=SUCCESS |  
2019-09-12 10:21:30,287 [Thread-194] INFO  impl.FollowerState (FollowerState.java:run(106)) - 464357b9-d640-4e4a-892f-a68e44244c3b:group-E45F2F4D7ECB changes to CANDIDATE, lastRpcTime:5193, electionTimeout:5192ms
2019-09-12 10:21:30,288 [Thread-194] INFO  impl.RoleInfo (RoleInfo.java:shutdownFollowerState(121)) - 464357b9-d640-4e4a-892f-a68e44244c3b: shutdown FollowerState
2019-09-12 10:21:30,288 [Thread-194] INFO  impl.RaftServerImpl (RaftServerImpl.java:setRole(171)) - 464357b9-d640-4e4a-892f-a68e44244c3b:group-E45F2F4D7ECB changes role from FOLLOWER to CANDIDATE at term 0 for changeToCandidate
2019-09-12 10:21:30,294 [Thread-194] INFO  impl.RoleInfo (RoleInfo.java:updateAndGet(143)) - 464357b9-d640-4e4a-892f-a68e44244c3b: start LeaderElection
2019-09-12 10:21:30,312 [464357b9-d640-4e4a-892f-a68e44244c3b:group-E45F2F4D7ECB:LeaderElection1] INFO  impl.LeaderElection (LeaderElection.java:askForVotes(181)) - 464357b9-d640-4e4a-892f-a68e44244c3b:group-E45F2F4D7ECB:LeaderElection1: begin an election at term 1 for -1: [464357b9-d640-4e4a-892f-a68e44244c3b:192.168.157.195:35243], old=null
2019-09-12 10:21:30,314 [464357b9-d640-4e4a-892f-a68e44244c3b:group-E45F2F4D7ECB:LeaderElection1] INFO  impl.RoleInfo (RoleInfo.java:shutdownLeaderElection(134)) - 464357b9-d640-4e4a-892f-a68e44244c3b: shutdown LeaderElection
2019-09-12 10:21:30,315 [464357b9-d640-4e4a-892f-a68e44244c3b:group-E45F2F4D7ECB:LeaderElection1] INFO  impl.RaftServerImpl (RaftServerImpl.java:setRole(171)) - 464357b9-d640-4e4a-892f-a68e44244c3b:group-E45F2F4D7ECB changes role from CANDIDATE to LEADER at term 1 for changeToLeader
2019-09-12 10:21:30,315 [464357b9-d640-4e4a-892f-a68e44244c3b:group-E45F2F4D7ECB:LeaderElection1] INFO  impl.RaftServerImpl (ServerState.java:setLeader(263)) - 464357b9-d640-4e4a-892f-a68e44244c3b:group-E45F2F4D7ECB change Leader from null to 464357b9-d640-4e4a-892f-a68e44244c3b at term 1 for becomeLeader, leader elected after 5310ms
2019-09-12 10:21:30,323 [464357b9-d640-4e4a-892f-a68e44244c3b:group-E45F2F4D7ECB:LeaderElection1] INFO  server.RaftServerConfigKeys (ConfUtils.java:logGet(43)) - raft.server.staging.catchup.gap = 1000 (default)
2019-09-12 10:21:30,324 [464357b9-d640-4e4a-892f-a68e44244c3b:group-E45F2F4D7ECB:LeaderElection1] INFO  server.RaftServerConfigKeys (ConfUtils.java:logGet(43)) - raft.server.rpc.sleep.time = 25ms (default)
2019-09-12 10:21:30,327 [464357b9-d640-4e4a-892f-a68e44244c3b:group-E45F2F4D7ECB:LeaderElection1] INFO  server.RaftServerConfigKeys (ConfUtils.java:logGet(43)) - raft.server.write.element-limit = 4096 (default)
2019-09-12 10:21:30,331 [464357b9-d640-4e4a-892f-a68e44244c3b:group-E45F2F4D7ECB:LeaderElection1] INFO  server.RaftServerConfigKeys (ConfUtils.java:logGet(43)) - raft.server.watch.timeout = 10s (default)
2019-09-12 10:21:30,331 [464357b9-d640-4e4a-892f-a68e44244c3b:group-E45F2F4D7ECB:LeaderElection1] INFO  server.RaftServerConfigKeys (ConfUtils.java:logGet(43)) - raft.server.watch.timeout.denomination = 1s (default)
2019-09-12 10:21:30,332 [464357b9-d640-4e4a-892f-a68e44244c3b:group-E45F2F4D7ECB:LeaderElection1] INFO  server.RaftServerConfigKeys (ConfUtils.java:logGet(43)) - raft.server.watch.element-limit = 65536 (default)
2019-09-12 10:21:30,342 [464357b9-d640-4e4a-892f-a68e44244c3b:group-E45F2F4D7ECB:LeaderElection1] INFO  impl.RoleInfo (RoleInfo.java:updateAndGet(143)) - 464357b9-d640-4e4a-892f-a68e44244c3b: start LeaderState
2019-09-12 10:21:30,382 [464357b9-d640-4e4a-892f-a68e44244c3b:group-E45F2F4D7ECB:LeaderElection1] INFO  segmented.SegmentedRaftLogWorker (SegmentedRaftLogWorker.java:startLogSegment(380)) - 464357b9-d640-4e4a-892f-a68e44244c3b-SegmentedRaftLogWorker:Storage Directory /workdir/hadoop-ozone/integration-test/target/test-dir/MiniOzoneClusterImpl-8a368e31-8812-42c3-a9b0-be5bfd809ffd/datanode-0/data/ratis/afbfe65a-77c7-4f08-880e-e45f2f4d7ecb: Starting segment from index:0
2019-09-12 10:21:30,394 [464357b9-d640-4e4a-892f-a68e44244c3b:group-E45F2F4D7ECB:LeaderElection1] INFO  impl.RaftServerImpl (ServerState.java:setRaftConf(361)) - 464357b9-d640-4e4a-892f-a68e44244c3b:group-E45F2F4D7ECB set configuration 0: [464357b9-d640-4e4a-892f-a68e44244c3b:192.168.157.195:35243], old=null at 0
2019-09-12 10:21:30,420 [Thread-197] INFO  impl.FollowerState (FollowerState.java:run(106)) - 0de21071-135c-4e9f-9147-689c91c53707:group-D5AA41E97D8D changes to CANDIDATE, lastRpcTime:5141, electionTimeout:5140ms
2019-09-12 10:21:30,422 [Thread-197] INFO  impl.RoleInfo (RoleInfo.java:shutdownFollowerState(121)) - 0de21071-135c-4e9f-9147-689c91c53707: shutdown FollowerState
2019-09-12 10:21:30,422 [Thread-197] INFO  impl.RaftServerImpl (RaftServerImpl.java:setRole(171)) - 0de21071-135c-4e9f-9147-689c91c53707:group-D5AA41E97D8D changes role from FOLLOWER to CANDIDATE at term 0 for changeToCandidate
2019-09-12 10:21:30,422 [Thread-197] INFO  impl.RoleInfo (RoleInfo.java:updateAndGet(143)) - 0de21071-135c-4e9f-9147-689c91c53707: start LeaderElection
2019-09-12 10:21:30,435 [Thread-200] INFO  impl.FollowerState (FollowerState.java:run(106)) - 0de21071-135c-4e9f-9147-689c91c53707:group-40AA9C9B01EE changes to CANDIDATE, lastRpcTime:5088, electionTimeout:5088ms
2019-09-12 10:21:30,435 [Thread-200] INFO  impl.RoleInfo (RoleInfo.java:shutdownFollowerState(121)) - 0de21071-135c-4e9f-9147-689c91c53707: shutdown FollowerState
2019-09-12 10:21:30,435 [Thread-200] INFO  impl.RaftServerImpl (RaftServerImpl.java:setRole(171)) - 0de21071-135c-4e9f-9147-689c91c53707:group-40AA9C9B01EE changes role from FOLLOWER to CANDIDATE at term 0 for changeToCandidate
2019-09-12 10:21:30,436 [Thread-200] INFO  impl.RoleInfo (RoleInfo.java:updateAndGet(143)) - 0de21071-135c-4e9f-9147-689c91c53707: start LeaderElection
2019-09-12 10:21:30,440 [0de21071-135c-4e9f-9147-689c91c53707:group-D5AA41E97D8D:LeaderElection2] INFO  impl.LeaderElection (LeaderElection.java:askForVotes(181)) - 0de21071-135c-4e9f-9147-689c91c53707:group-D5AA41E97D8D:LeaderElection2: begin an election at term 1 for -1: [0de21071-135c-4e9f-9147-689c91c53707:192.168.157.195:37667], old=null
2019-09-12 10:21:30,440 [0de21071-135c-4e9f-9147-689c91c53707:group-D5AA41E97D8D:LeaderElection2] INFO  impl.RoleInfo (RoleInfo.java:shutdownLeaderElection(134)) - 0de21071-135c-4e9f-9147-689c91c53707: shutdown LeaderElection
2019-09-12 10:21:30,440 [0de21071-135c-4e9f-9147-689c91c53707:group-D5AA41E97D8D:LeaderElection2] INFO  impl.RaftServerImpl (RaftServerImpl.java:setRole(171)) - 0de21071-135c-4e9f-9147-689c91c53707:group-D5AA41E97D8D changes role from CANDIDATE to LEADER at term 1 for changeToLeader
2019-09-12 10:21:30,440 [0de21071-135c-4e9f-9147-689c91c53707:group-D5AA41E97D8D:LeaderElection2] INFO  impl.RaftServerImpl (ServerState.java:setLeader(263)) - 0de21071-135c-4e9f-9147-689c91c53707:group-D5AA41E97D8D change Leader from null to 0de21071-135c-4e9f-9147-689c91c53707 at term 1 for becomeLeader, leader elected after 5166ms
2019-09-12 10:21:30,440 [0de21071-135c-4e9f-9147-689c91c53707:group-D5AA41E97D8D:LeaderElection2] INFO  server.RaftServerConfigKeys (ConfUtils.java:logGet(43)) - raft.server.staging.catchup.gap = 1000 (default)
2019-09-12 10:21:30,440 [0de21071-135c-4e9f-9147-689c91c53707:group-D5AA41E97D8D:LeaderElection2] INFO  server.RaftServerConfigKeys (ConfUtils.java:logGet(43)) - raft.server.rpc.sleep.time = 25ms (default)
2019-09-12 10:21:30,441 [0de21071-135c-4e9f-9147-689c91c53707:group-D5AA41E97D8D:LeaderElection2] INFO  server.RaftServerConfigKeys (ConfUtils.java:logGet(43)) - raft.server.write.element-limit = 4096 (default)
2019-09-12 10:21:30,441 [0de21071-135c-4e9f-9147-689c91c53707:group-D5AA41E97D8D:LeaderElection2] INFO  server.RaftServerConfigKeys (ConfUtils.java:logGet(43)) - raft.server.watch.timeout = 10s (default)
2019-09-12 10:21:30,441 [0de21071-135c-4e9f-9147-689c91c53707:group-D5AA41E97D8D:LeaderElection2] INFO  server.RaftServerConfigKeys (ConfUtils.java:logGet(43)) - raft.server.watch.timeout.denomination = 1s (default)
2019-09-12 10:21:30,441 [0de21071-135c-4e9f-9147-689c91c53707:group-D5AA41E97D8D:LeaderElection2] INFO  server.RaftServerConfigKeys (ConfUtils.java:logGet(43)) - raft.server.watch.element-limit = 65536 (default)
2019-09-12 10:21:30,441 [0de21071-135c-4e9f-9147-689c91c53707:group-D5AA41E97D8D:LeaderElection2] INFO  impl.RoleInfo (RoleInfo.java:updateAndGet(143)) - 0de21071-135c-4e9f-9147-689c91c53707: start LeaderState
2019-09-12 10:21:30,442 [0de21071-135c-4e9f-9147-689c91c53707:group-D5AA41E97D8D:LeaderElection2] INFO  segmented.SegmentedRaftLogWorker (SegmentedRaftLogWorker.java:startLogSegment(380)) - 0de21071-135c-4e9f-9147-689c91c53707-SegmentedRaftLogWorker:Storage Directory /workdir/hadoop-ozone/integration-test/target/test-dir/MiniOzoneClusterImpl-8a368e31-8812-42c3-a9b0-be5bfd809ffd/datanode-2/data/ratis/dacb8ab9-e865-4c05-a88b-d5aa41e97d8d: Starting segment from index:0
2019-09-12 10:21:30,442 [0de21071-135c-4e9f-9147-689c91c53707:group-D5AA41E97D8D:LeaderElection2] INFO  impl.RaftServerImpl (ServerState.java:setRaftConf(361)) - 0de21071-135c-4e9f-9147-689c91c53707:group-D5AA41E97D8D set configuration 0: [0de21071-135c-4e9f-9147-689c91c53707:192.168.157.195:37667], old=null at 0
2019-09-12 10:21:30,452 [0de21071-135c-4e9f-9147-689c91c53707:group-40AA9C9B01EE:LeaderElection3] INFO  impl.LeaderElection (LeaderElection.java:askForVotes(181)) - 0de21071-135c-4e9f-9147-689c91c53707:group-40AA9C9B01EE:LeaderElection3: begin an election at term 1 for -1: [0de21071-135c-4e9f-9147-689c91c53707:192.168.157.195:37667], old=null
2019-09-12 10:21:30,460 [0de21071-135c-4e9f-9147-689c91c53707:group-40AA9C9B01EE:LeaderElection3] INFO  impl.RoleInfo (RoleInfo.java:shutdownLeaderElection(134)) - 0de21071-135c-4e9f-9147-689c91c53707: shutdown LeaderElection
2019-09-12 10:21:30,460 [0de21071-135c-4e9f-9147-689c91c53707:group-40AA9C9B01EE:LeaderElection3] INFO  impl.RaftServerImpl (RaftServerImpl.java:setRole(171)) - 0de21071-135c-4e9f-9147-689c91c53707:group-40AA9C9B01EE changes role from CANDIDATE to LEADER at term 1 for changeToLeader
2019-09-12 10:21:30,460 [0de21071-135c-4e9f-9147-689c91c53707:group-40AA9C9B01EE:LeaderElection3] INFO  impl.RaftServerImpl (ServerState.java:setLeader(263)) - 0de21071-135c-4e9f-9147-689c91c53707:group-40AA9C9B01EE change Leader from null to 0de21071-135c-4e9f-9147-689c91c53707 at term 1 for becomeLeader, leader elected after 5118ms
2019-09-12 10:21:30,460 [0de21071-135c-4e9f-9147-689c91c53707:group-40AA9C9B01EE:LeaderElection3] INFO  server.RaftServerConfigKeys (ConfUtils.java:logGet(43)) - raft.server.staging.catchup.gap = 1000 (default)
2019-09-12 10:21:30,460 [0de21071-135c-4e9f-9147-689c91c53707:group-40AA9C9B01EE:LeaderElection3] INFO  server.RaftServerConfigKeys (ConfUtils.java:logGet(43)) - raft.server.rpc.sleep.time = 25ms (default)
2019-09-12 10:21:30,461 [0de21071-135c-4e9f-9147-689c91c53707:group-40AA9C9B01EE:LeaderElection3] INFO  server.RaftServerConfigKeys (ConfUtils.java:logGet(43)) - raft.server.write.element-limit = 4096 (default)
2019-09-12 10:21:30,461 [0de21071-135c-4e9f-9147-689c91c53707:group-40AA9C9B01EE:LeaderElection3] INFO  server.RaftServerConfigKeys (ConfUtils.java:logGet(43)) - raft.server.watch.timeout = 10s (default)
2019-09-12 10:21:30,461 [0de21071-135c-4e9f-9147-689c91c53707:group-40AA9C9B01EE:LeaderElection3] INFO  server.RaftServerConfigKeys (ConfUtils.java:logGet(43)) - raft.server.watch.timeout.denomination = 1s (default)
2019-09-12 10:21:30,461 [0de21071-135c-4e9f-9147-689c91c53707:group-40AA9C9B01EE:LeaderElection3] INFO  server.RaftServerConfigKeys (ConfUtils.java:logGet(43)) - raft.server.watch.element-limit = 65536 (default)
2019-09-12 10:21:30,461 [0de21071-135c-4e9f-9147-689c91c53707:group-40AA9C9B01EE:LeaderElection3] INFO  impl.RoleInfo (RoleInfo.java:updateAndGet(143)) - 0de21071-135c-4e9f-9147-689c91c53707: start LeaderState
2019-09-12 10:21:30,461 [0de21071-135c-4e9f-9147-689c91c53707:group-40AA9C9B01EE:LeaderElection3] INFO  segmented.SegmentedRaftLogWorker (SegmentedRaftLogWorker.java:startLogSegment(380)) - 0de21071-135c-4e9f-9147-689c91c53707-SegmentedRaftLogWorker:Storage Directory /workdir/hadoop-ozone/integration-test/target/test-dir/MiniOzoneClusterImpl-8a368e31-8812-42c3-a9b0-be5bfd809ffd/datanode-2/data/ratis/9d820ca8-6771-47cc-be0e-40aa9c9b01ee: Starting segment from index:0
2019-09-12 10:21:30,462 [0de21071-135c-4e9f-9147-689c91c53707:group-40AA9C9B01EE:LeaderElection3] INFO  impl.RaftServerImpl (ServerState.java:setRaftConf(361)) - 0de21071-135c-4e9f-9147-689c91c53707:group-40AA9C9B01EE set configuration 0: [0de21071-135c-4e9f-9147-689c91c53707:192.168.157.195:37667], old=null at 0
2019-09-12 10:21:30,600 [Thread-203] INFO  impl.FollowerState (FollowerState.java:run(106)) - 5ad3b1f4-7cb1-4e63-b16b-8b3fa333f3d3:group-D064594A9E7B changes to CANDIDATE, lastRpcTime:5170, electionTimeout:5170ms
2019-09-12 10:21:30,600 [Thread-203] INFO  impl.RoleInfo (RoleInfo.java:shutdownFollowerState(121)) - 5ad3b1f4-7cb1-4e63-b16b-8b3fa333f3d3: shutdown FollowerState
2019-09-12 10:21:30,600 [Thread-203] INFO  impl.RaftServerImpl (RaftServerImpl.java:setRole(171)) - 5ad3b1f4-7cb1-4e63-b16b-8b3fa333f3d3:group-D064594A9E7B changes role from FOLLOWER to CANDIDATE at term 0 for changeToCandidate
2019-09-12 10:21:30,600 [Thread-203] INFO  impl.RoleInfo (RoleInfo.java:updateAndGet(143)) - 5ad3b1f4-7cb1-4e63-b16b-8b3fa333f3d3: start LeaderElection
2019-09-12 10:21:30,629 [Thread-206] INFO  impl.FollowerState (FollowerState.java:run(106)) - 97d69fd4-8e52-4023-8fa6-54c6b0949aa9:group-CD90BAA0949C changes to CANDIDATE, lastRpcTime:5134, electionTimeout:5127ms
2019-09-12 10:21:30,630 [Thread-206] INFO  impl.RoleInfo (RoleInfo.java:shutdownFollowerState(121)) - 97d69fd4-8e52-4023-8fa6-54c6b0949aa9: shutdown FollowerState
2019-09-12 10:21:30,630 [Thread-206] INFO  impl.RaftServerImpl (RaftServerImpl.java:setRole(171)) - 97d69fd4-8e52-4023-8fa6-54c6b0949aa9:group-CD90BAA0949C changes role from FOLLOWER to CANDIDATE at term 0 for changeToCandidate
2019-09-12 10:21:30,630 [Thread-206] INFO  impl.RoleInfo (RoleInfo.java:updateAndGet(143)) - 97d69fd4-8e52-4023-8fa6-54c6b0949aa9: start LeaderElection
2019-09-12 10:21:30,644 [464357b9-d640-4e4a-892f-a68e44244c3b-SegmentedRaftLogWorker:Storage Directory /workdir/hadoop-ozone/integration-test/target/test-dir/MiniOzoneClusterImpl-8a368e31-8812-42c3-a9b0-be5bfd809ffd/datanode-0/data/ratis/afbfe65a-77c7-4f08-880e-e45f2f4d7ecb] INFO  segmented.SegmentedRaftLogWorker (SegmentedRaftLogWorker.java:execute(569)) - 464357b9-d640-4e4a-892f-a68e44244c3b-SegmentedRaftLogWorker:Storage Directory /workdir/hadoop-ozone/integration-test/target/test-dir/MiniOzoneClusterImpl-8a368e31-8812-42c3-a9b0-be5bfd809ffd/datanode-0/data/ratis/afbfe65a-77c7-4f08-880e-e45f2f4d7ecb: created new log segment /workdir/hadoop-ozone/integration-test/target/test-dir/MiniOzoneClusterImpl-8a368e31-8812-42c3-a9b0-be5bfd809ffd/datanode-0/data/ratis/afbfe65a-77c7-4f08-880e-e45f2f4d7ecb/current/log_inprogress_0
2019-09-12 10:21:30,644 [0de21071-135c-4e9f-9147-689c91c53707-SegmentedRaftLogWorker:Storage Directory /workdir/hadoop-ozone/integration-test/target/test-dir/MiniOzoneClusterImpl-8a368e31-8812-42c3-a9b0-be5bfd809ffd/datanode-2/data/ratis/9d820ca8-6771-47cc-be0e-40aa9c9b01ee] INFO  segmented.SegmentedRaftLogWorker (SegmentedRaftLogWorker.java:execute(569)) - 0de21071-135c-4e9f-9147-689c91c53707-SegmentedRaftLogWorker:Storage Directory /workdir/hadoop-ozone/integration-test/target/test-dir/MiniOzoneClusterImpl-8a368e31-8812-42c3-a9b0-be5bfd809ffd/datanode-2/data/ratis/9d820ca8-6771-47cc-be0e-40aa9c9b01ee: created new log segment /workdir/hadoop-ozone/integration-test/target/test-dir/MiniOzoneClusterImpl-8a368e31-8812-42c3-a9b0-be5bfd809ffd/datanode-2/data/ratis/9d820ca8-6771-47cc-be0e-40aa9c9b01ee/current/log_inprogress_0
2019-09-12 10:21:30,644 [0de21071-135c-4e9f-9147-689c91c53707-SegmentedRaftLogWorker:Storage Directory /workdir/hadoop-ozone/integration-test/target/test-dir/MiniOzoneClusterImpl-8a368e31-8812-42c3-a9b0-be5bfd809ffd/datanode-2/data/ratis/dacb8ab9-e865-4c05-a88b-d5aa41e97d8d] INFO  segmented.SegmentedRaftLogWorker (SegmentedRaftLogWorker.java:execute(569)) - 0de21071-135c-4e9f-9147-689c91c53707-SegmentedRaftLogWorker:Storage Directory /workdir/hadoop-ozone/integration-test/target/test-dir/MiniOzoneClusterImpl-8a368e31-8812-42c3-a9b0-be5bfd809ffd/datanode-2/data/ratis/dacb8ab9-e865-4c05-a88b-d5aa41e97d8d: created new log segment /workdir/hadoop-ozone/integration-test/target/test-dir/MiniOzoneClusterImpl-8a368e31-8812-42c3-a9b0-be5bfd809ffd/datanode-2/data/ratis/dacb8ab9-e865-4c05-a88b-d5aa41e97d8d/current/log_inprogress_0
2019-09-12 10:21:30,644 [97d69fd4-8e52-4023-8fa6-54c6b0949aa9:group-CD90BAA0949C:LeaderElection5] INFO  impl.LeaderElection (LeaderElection.java:askForVotes(181)) - 97d69fd4-8e52-4023-8fa6-54c6b0949aa9:group-CD90BAA0949C:LeaderElection5: begin an election at term 1 for -1: [97d69fd4-8e52-4023-8fa6-54c6b0949aa9:192.168.157.195:38621], old=null
2019-09-12 10:21:30,644 [5ad3b1f4-7cb1-4e63-b16b-8b3fa333f3d3:group-D064594A9E7B:LeaderElection4] INFO  impl.LeaderElection (LeaderElection.java:askForVotes(181)) - 5ad3b1f4-7cb1-4e63-b16b-8b3fa333f3d3:group-D064594A9E7B:LeaderElection4: begin an election at term 1 for -1: [5ad3b1f4-7cb1-4e63-b16b-8b3fa333f3d3:192.168.157.195:37868], old=null
2019-09-12 10:21:30,650 [97d69fd4-8e52-4023-8fa6-54c6b0949aa9:group-CD90BAA0949C:LeaderElection5] INFO  impl.RoleInfo (RoleInfo.java:shutdownLeaderElection(134)) - 97d69fd4-8e52-4023-8fa6-54c6b0949aa9: shutdown LeaderElection
2019-09-12 10:21:30,650 [5ad3b1f4-7cb1-4e63-b16b-8b3fa333f3d3:group-D064594A9E7B:LeaderElection4] INFO  impl.RoleInfo (RoleInfo.java:shutdownLeaderElection(134)) - 5ad3b1f4-7cb1-4e63-b16b-8b3fa333f3d3: shutdown LeaderElection
2019-09-12 10:21:30,650 [97d69fd4-8e52-4023-8fa6-54c6b0949aa9:group-CD90BAA0949C:LeaderElection5] INFO  impl.RaftServerImpl (RaftServerImpl.java:setRole(171)) - 97d69fd4-8e52-4023-8fa6-54c6b0949aa9:group-CD90BAA0949C changes role from CANDIDATE to LEADER at term 1 for changeToLeader
2019-09-12 10:21:30,650 [5ad3b1f4-7cb1-4e63-b16b-8b3fa333f3d3:group-D064594A9E7B:LeaderElection4] INFO  impl.RaftServerImpl (RaftServerImpl.java:setRole(171)) - 5ad3b1f4-7cb1-4e63-b16b-8b3fa333f3d3:group-D064594A9E7B changes role from CANDIDATE to LEADER at term 1 for changeToLeader
2019-09-12 10:21:30,651 [97d69fd4-8e52-4023-8fa6-54c6b0949aa9:group-CD90BAA0949C:LeaderElection5] INFO  impl.RaftServerImpl (ServerState.java:setLeader(263)) - 97d69fd4-8e52-4023-8fa6-54c6b0949aa9:group-CD90BAA0949C change Leader from null to 97d69fd4-8e52-4023-8fa6-54c6b0949aa9 at term 1 for becomeLeader, leader elected after 5161ms
2019-09-12 10:21:30,651 [5ad3b1f4-7cb1-4e63-b16b-8b3fa333f3d3:group-D064594A9E7B:LeaderElection4] INFO  impl.RaftServerImpl (ServerState.java:setLeader(263)) - 5ad3b1f4-7cb1-4e63-b16b-8b3fa333f3d3:group-D064594A9E7B change Leader from null to 5ad3b1f4-7cb1-4e63-b16b-8b3fa333f3d3 at term 1 for becomeLeader, leader elected after 5227ms
2019-09-12 10:21:30,653 [97d69fd4-8e52-4023-8fa6-54c6b0949aa9:group-CD90BAA0949C:LeaderElection5] INFO  server.RaftServerConfigKeys (ConfUtils.java:logGet(43)) - raft.server.staging.catchup.gap = 1000 (default)
2019-09-12 10:21:30,654 [5ad3b1f4-7cb1-4e63-b16b-8b3fa333f3d3:group-D064594A9E7B:LeaderElection4] INFO  server.RaftServerConfigKeys (ConfUtils.java:logGet(43)) - raft.server.staging.catchup.gap = 1000 (default)
2019-09-12 10:21:30,654 [97d69fd4-8e52-4023-8fa6-54c6b0949aa9:group-CD90BAA0949C:LeaderElection5] INFO  server.RaftServerConfigKeys (ConfUtils.java:logGet(43)) - raft.server.rpc.sleep.time = 25ms (default)
2019-09-12 10:21:30,654 [5ad3b1f4-7cb1-4e63-b16b-8b3fa333f3d3:group-D064594A9E7B:LeaderElection4] INFO  server.RaftServerConfigKeys (ConfUtils.java:logGet(43)) - raft.server.rpc.sleep.time = 25ms (default)
2019-09-12 10:21:30,654 [97d69fd4-8e52-4023-8fa6-54c6b0949aa9:group-CD90BAA0949C:LeaderElection5] INFO  server.RaftServerConfigKeys (ConfUtils.java:logGet(43)) - raft.server.write.element-limit = 4096 (default)
2019-09-12 10:21:30,654 [5ad3b1f4-7cb1-4e63-b16b-8b3fa333f3d3:group-D064594A9E7B:LeaderElection4] INFO  server.RaftServerConfigKeys (ConfUtils.java:logGet(43)) - raft.server.write.element-limit = 4096 (default)
2019-09-12 10:21:30,655 [97d69fd4-8e52-4023-8fa6-54c6b0949aa9:group-CD90BAA0949C:LeaderElection5] INFO  server.RaftServerConfigKeys (ConfUtils.java:logGet(43)) - raft.server.watch.timeout = 10s (default)
2019-09-12 10:21:30,655 [5ad3b1f4-7cb1-4e63-b16b-8b3fa333f3d3:group-D064594A9E7B:LeaderElection4] INFO  server.RaftServerConfigKeys (ConfUtils.java:logGet(43)) - raft.server.watch.timeout = 10s (default)
2019-09-12 10:21:30,655 [97d69fd4-8e52-4023-8fa6-54c6b0949aa9:group-CD90BAA0949C:LeaderElection5] INFO  server.RaftServerConfigKeys (ConfUtils.java:logGet(43)) - raft.server.watch.timeout.denomination = 1s (default)
2019-09-12 10:21:30,655 [5ad3b1f4-7cb1-4e63-b16b-8b3fa333f3d3:group-D064594A9E7B:LeaderElection4] INFO  server.RaftServerConfigKeys (ConfUtils.java:logGet(43)) - raft.server.watch.timeout.denomination = 1s (default)
2019-09-12 10:21:30,655 [97d69fd4-8e52-4023-8fa6-54c6b0949aa9:group-CD90BAA0949C:LeaderElection5] INFO  server.RaftServerConfigKeys (ConfUtils.java:logGet(43)) - raft.server.watch.element-limit = 65536 (default)
2019-09-12 10:21:30,655 [5ad3b1f4-7cb1-4e63-b16b-8b3fa333f3d3:group-D064594A9E7B:LeaderElection4] INFO  server.RaftServerConfigKeys (ConfUtils.java:logGet(43)) - raft.server.watch.element-limit = 65536 (default)
2019-09-12 10:21:30,656 [5ad3b1f4-7cb1-4e63-b16b-8b3fa333f3d3:group-D064594A9E7B:LeaderElection4] INFO  impl.RoleInfo (RoleInfo.java:updateAndGet(143)) - 5ad3b1f4-7cb1-4e63-b16b-8b3fa333f3d3: start LeaderState
2019-09-12 10:21:30,656 [97d69fd4-8e52-4023-8fa6-54c6b0949aa9:group-CD90BAA0949C:LeaderElection5] INFO  impl.RoleInfo (RoleInfo.java:updateAndGet(143)) - 97d69fd4-8e52-4023-8fa6-54c6b0949aa9: start LeaderState
2019-09-12 10:21:30,656 [5ad3b1f4-7cb1-4e63-b16b-8b3fa333f3d3:group-D064594A9E7B:LeaderElection4] INFO  segmented.SegmentedRaftLogWorker (SegmentedRaftLogWorker.java:startLogSegment(380)) - 5ad3b1f4-7cb1-4e63-b16b-8b3fa333f3d3-SegmentedRaftLogWorker:Storage Directory /workdir/hadoop-ozone/integration-test/target/test-dir/MiniOzoneClusterImpl-8a368e31-8812-42c3-a9b0-be5bfd809ffd/datanode-1/data/ratis/a2609fa2-0869-4b5a-b3d2-d064594a9e7b: Starting segment from index:0
2019-09-12 10:21:30,656 [97d69fd4-8e52-4023-8fa6-54c6b0949aa9:group-CD90BAA0949C:LeaderElection5] INFO  segmented.SegmentedRaftLogWorker (SegmentedRaftLogWorker.java:startLogSegment(380)) - 97d69fd4-8e52-4023-8fa6-54c6b0949aa9-SegmentedRaftLogWorker:Storage Directory /workdir/hadoop-ozone/integration-test/target/test-dir/MiniOzoneClusterImpl-8a368e31-8812-42c3-a9b0-be5bfd809ffd/datanode-3/data/ratis/5f00b2ba-70d8-482b-ad9a-cd90baa0949c: Starting segment from index:0
2019-09-12 10:21:30,657 [5ad3b1f4-7cb1-4e63-b16b-8b3fa333f3d3:group-D064594A9E7B:LeaderElection4] INFO  impl.RaftServerImpl (ServerState.java:setRaftConf(361)) - 5ad3b1f4-7cb1-4e63-b16b-8b3fa333f3d3:group-D064594A9E7B set configuration 0: [5ad3b1f4-7cb1-4e63-b16b-8b3fa333f3d3:192.168.157.195:37868], old=null at 0
2019-09-12 10:21:30,693 [Thread-212] INFO  impl.FollowerState (FollowerState.java:run(106)) - 0de21071-135c-4e9f-9147-689c91c53707:group-F450F1653DF5 changes to CANDIDATE, lastRpcTime:5060, electionTimeout:5045ms
2019-09-12 10:21:30,693 [97d69fd4-8e52-4023-8fa6-54c6b0949aa9:group-CD90BAA0949C:LeaderElection5] INFO  impl.RaftServerImpl (ServerState.java:setRaftConf(361)) - 97d69fd4-8e52-4023-8fa6-54c6b0949aa9:group-CD90BAA0949C set configuration 0: [97d69fd4-8e52-4023-8fa6-54c6b0949aa9:192.168.157.195:38621], old=null at 0
2019-09-12 10:21:30,693 [Thread-212] INFO  impl.RoleInfo (RoleInfo.java:shutdownFollowerState(121)) - 0de21071-135c-4e9f-9147-689c91c53707: shutdown FollowerState
2019-09-12 10:21:30,695 [Thread-212] INFO  impl.RaftServerImpl (RaftServerImpl.java:setRole(171)) - 0de21071-135c-4e9f-9147-689c91c53707:group-F450F1653DF5 changes role from FOLLOWER to CANDIDATE at term 0 for changeToCandidate
2019-09-12 10:21:30,693 [Thread-209] INFO  impl.FollowerState (FollowerState.java:run(106)) - 5ad3b1f4-7cb1-4e63-b16b-8b3fa333f3d3:group-6314932063E9 changes to CANDIDATE, lastRpcTime:5130, electionTimeout:5094ms
2019-09-12 10:21:30,696 [Thread-212] INFO  impl.RoleInfo (RoleInfo.java:updateAndGet(143)) - 0de21071-135c-4e9f-9147-689c91c53707: start LeaderElection
2019-09-12 10:21:30,696 [Thread-209] INFO  impl.RoleInfo (RoleInfo.java:shutdownFollowerState(121)) - 5ad3b1f4-7cb1-4e63-b16b-8b3fa333f3d3: shutdown FollowerState
2019-09-12 10:21:30,696 [Thread-209] INFO  impl.RaftServerImpl (RaftServerImpl.java:setRole(171)) - 5ad3b1f4-7cb1-4e63-b16b-8b3fa333f3d3:group-6314932063E9 changes role from FOLLOWER to CANDIDATE at term 0 for changeToCandidate
2019-09-12 10:21:30,700 [Thread-209] INFO  impl.RoleInfo (RoleInfo.java:updateAndGet(143)) - 5ad3b1f4-7cb1-4e63-b16b-8b3fa333f3d3: start LeaderElection
2019-09-12 10:21:30,707 [97d69fd4-8e52-4023-8fa6-54c6b0949aa9-SegmentedRaftLogWorker:Storage Directory /workdir/hadoop-ozone/integration-test/target/test-dir/MiniOzoneClusterImpl-8a368e31-8812-42c3-a9b0-be5bfd809ffd/datanode-3/data/ratis/5f00b2ba-70d8-482b-ad9a-cd90baa0949c] INFO  segmented.SegmentedRaftLogWorker (SegmentedRaftLogWorker.java:execute(569)) - 97d69fd4-8e52-4023-8fa6-54c6b0949aa9-SegmentedRaftLogWorker:Storage Directory /workdir/hadoop-ozone/integration-test/target/test-dir/MiniOzoneClusterImpl-8a368e31-8812-42c3-a9b0-be5bfd809ffd/datanode-3/data/ratis/5f00b2ba-70d8-482b-ad9a-cd90baa0949c: created new log segment /workdir/hadoop-ozone/integration-test/target/test-dir/MiniOzoneClusterImpl-8a368e31-8812-42c3-a9b0-be5bfd809ffd/datanode-3/data/ratis/5f00b2ba-70d8-482b-ad9a-cd90baa0949c/current/log_inprogress_0
2019-09-12 10:21:30,707 [5ad3b1f4-7cb1-4e63-b16b-8b3fa333f3d3-SegmentedRaftLogWorker:Storage Directory /workdir/hadoop-ozone/integration-test/target/test-dir/MiniOzoneClusterImpl-8a368e31-8812-42c3-a9b0-be5bfd809ffd/datanode-1/data/ratis/a2609fa2-0869-4b5a-b3d2-d064594a9e7b] INFO  segmented.SegmentedRaftLogWorker (SegmentedRaftLogWorker.java:execute(569)) - 5ad3b1f4-7cb1-4e63-b16b-8b3fa333f3d3-SegmentedRaftLogWorker:Storage Directory /workdir/hadoop-ozone/integration-test/target/test-dir/MiniOzoneClusterImpl-8a368e31-8812-42c3-a9b0-be5bfd809ffd/datanode-1/data/ratis/a2609fa2-0869-4b5a-b3d2-d064594a9e7b: created new log segment /workdir/hadoop-ozone/integration-test/target/test-dir/MiniOzoneClusterImpl-8a368e31-8812-42c3-a9b0-be5bfd809ffd/datanode-1/data/ratis/a2609fa2-0869-4b5a-b3d2-d064594a9e7b/current/log_inprogress_0
2019-09-12 10:21:30,707 [5ad3b1f4-7cb1-4e63-b16b-8b3fa333f3d3:group-6314932063E9:LeaderElection7] INFO  impl.LeaderElection (LeaderElection.java:askForVotes(181)) - 5ad3b1f4-7cb1-4e63-b16b-8b3fa333f3d3:group-6314932063E9:LeaderElection7: begin an election at term 1 for -1: [5ad3b1f4-7cb1-4e63-b16b-8b3fa333f3d3:192.168.157.195:37868], old=null
2019-09-12 10:21:30,707 [0de21071-135c-4e9f-9147-689c91c53707:group-F450F1653DF5:LeaderElection6] INFO  impl.LeaderElection (LeaderElection.java:askForVotes(181)) - 0de21071-135c-4e9f-9147-689c91c53707:group-F450F1653DF5:LeaderElection6: begin an election at term 1 for -1: [0de21071-135c-4e9f-9147-689c91c53707:192.168.157.195:37667], old=null
2019-09-12 10:21:30,710 [5ad3b1f4-7cb1-4e63-b16b-8b3fa333f3d3:group-6314932063E9:LeaderElection7] INFO  impl.RoleInfo (RoleInfo.java:shutdownLeaderElection(134)) - 5ad3b1f4-7cb1-4e63-b16b-8b3fa333f3d3: shutdown LeaderElection
2019-09-12 10:21:30,710 [0de21071-135c-4e9f-9147-689c91c53707:group-F450F1653DF5:LeaderElection6] INFO  impl.RoleInfo (RoleInfo.java:shutdownLeaderElection(134)) - 0de21071-135c-4e9f-9147-689c91c53707: shutdown LeaderElection
2019-09-12 10:21:30,710 [5ad3b1f4-7cb1-4e63-b16b-8b3fa333f3d3:group-6314932063E9:LeaderElection7] INFO  impl.RaftServerImpl (RaftServerImpl.java:setRole(171)) - 5ad3b1f4-7cb1-4e63-b16b-8b3fa333f3d3:group-6314932063E9 changes role from CANDIDATE to LEADER at term 1 for changeToLeader
2019-09-12 10:21:30,710 [0de21071-135c-4e9f-9147-689c91c53707:group-F450F1653DF5:LeaderElection6] INFO  impl.RaftServerImpl (RaftServerImpl.java:setRole(171)) - 0de21071-135c-4e9f-9147-689c91c53707:group-F450F1653DF5 changes role from CANDIDATE to LEADER at term 1 for changeToLeader
2019-09-12 10:21:30,710 [5ad3b1f4-7cb1-4e63-b16b-8b3fa333f3d3:group-6314932063E9:LeaderElection7] INFO  impl.RaftServerImpl (ServerState.java:setLeader(263)) - 5ad3b1f4-7cb1-4e63-b16b-8b3fa333f3d3:group-6314932063E9 change Leader from null to 5ad3b1f4-7cb1-4e63-b16b-8b3fa333f3d3 at term 1 for becomeLeader, leader elected after 5152ms
2019-09-12 10:21:30,710 [0de21071-135c-4e9f-9147-689c91c53707:group-F450F1653DF5:LeaderElection6] INFO  impl.RaftServerImpl (ServerState.java:setLeader(263)) - 0de21071-135c-4e9f-9147-689c91c53707:group-F450F1653DF5 change Leader from null to 0de21071-135c-4e9f-9147-689c91c53707 at term 1 for becomeLeader, leader elected after 5082ms
2019-09-12 10:21:30,710 [5ad3b1f4-7cb1-4e63-b16b-8b3fa333f3d3:group-6314932063E9:LeaderElection7] INFO  server.RaftServerConfigKeys (ConfUtils.java:logGet(43)) - raft.server.staging.catchup.gap = 1000 (default)
2019-09-12 10:21:30,711 [0de21071-135c-4e9f-9147-689c91c53707:group-F450F1653DF5:LeaderElection6] INFO  server.RaftServerConfigKeys (ConfUtils.java:logGet(43)) - raft.server.staging.catchup.gap = 1000 (default)
2019-09-12 10:21:30,711 [5ad3b1f4-7cb1-4e63-b16b-8b3fa333f3d3:group-6314932063E9:LeaderElection7] INFO  server.RaftServerConfigKeys (ConfUtils.java:logGet(43)) - raft.server.rpc.sleep.time = 25ms (default)
2019-09-12 10:21:30,711 [0de21071-135c-4e9f-9147-689c91c53707:group-F450F1653DF5:LeaderElection6] INFO  server.RaftServerConfigKeys (ConfUtils.java:logGet(43)) - raft.server.rpc.sleep.time = 25ms (default)
2019-09-12 10:21:30,711 [5ad3b1f4-7cb1-4e63-b16b-8b3fa333f3d3:group-6314932063E9:LeaderElection7] INFO  server.RaftServerConfigKeys (ConfUtils.java:logGet(43)) - raft.server.write.element-limit = 4096 (default)
2019-09-12 10:21:30,712 [0de21071-135c-4e9f-9147-689c91c53707:group-F450F1653DF5:LeaderElection6] INFO  server.RaftServerConfigKeys (ConfUtils.java:logGet(43)) - raft.server.write.element-limit = 4096 (default)
2019-09-12 10:21:30,712 [5ad3b1f4-7cb1-4e63-b16b-8b3fa333f3d3:group-6314932063E9:LeaderElection7] INFO  server.RaftServerConfigKeys (ConfUtils.java:logGet(43)) - raft.server.watch.timeout = 10s (default)
2019-09-12 10:21:30,712 [0de21071-135c-4e9f-9147-689c91c53707:group-F450F1653DF5:LeaderElection6] INFO  server.RaftServerConfigKeys (ConfUtils.java:logGet(43)) - raft.server.watch.timeout = 10s (default)
2019-09-12 10:21:30,712 [5ad3b1f4-7cb1-4e63-b16b-8b3fa333f3d3:group-6314932063E9:LeaderElection7] INFO  server.RaftServerConfigKeys (ConfUtils.java:logGet(43)) - raft.server.watch.timeout.denomination = 1s (default)
2019-09-12 10:21:30,712 [0de21071-135c-4e9f-9147-689c91c53707:group-F450F1653DF5:LeaderElection6] INFO  server.RaftServerConfigKeys (ConfUtils.java:logGet(43)) - raft.server.watch.timeout.denomination = 1s (default)
2019-09-12 10:21:30,713 [5ad3b1f4-7cb1-4e63-b16b-8b3fa333f3d3:group-6314932063E9:LeaderElection7] INFO  server.RaftServerConfigKeys (ConfUtils.java:logGet(43)) - raft.server.watch.element-limit = 65536 (default)
2019-09-12 10:21:30,713 [0de21071-135c-4e9f-9147-689c91c53707:group-F450F1653DF5:LeaderElection6] INFO  server.RaftServerConfigKeys (ConfUtils.java:logGet(43)) - raft.server.watch.element-limit = 65536 (default)
2019-09-12 10:21:30,713 [5ad3b1f4-7cb1-4e63-b16b-8b3fa333f3d3:group-6314932063E9:LeaderElection7] INFO  impl.RoleInfo (RoleInfo.java:updateAndGet(143)) - 5ad3b1f4-7cb1-4e63-b16b-8b3fa333f3d3: start LeaderState
2019-09-12 10:21:30,713 [0de21071-135c-4e9f-9147-689c91c53707:group-F450F1653DF5:LeaderElection6] INFO  impl.RoleInfo (RoleInfo.java:updateAndGet(143)) - 0de21071-135c-4e9f-9147-689c91c53707: start LeaderState
2019-09-12 10:21:30,713 [5ad3b1f4-7cb1-4e63-b16b-8b3fa333f3d3:group-6314932063E9:LeaderElection7] INFO  segmented.SegmentedRaftLogWorker (SegmentedRaftLogWorker.java:startLogSegment(380)) - 5ad3b1f4-7cb1-4e63-b16b-8b3fa333f3d3-SegmentedRaftLogWorker:Storage Directory /workdir/hadoop-ozone/integration-test/target/test-dir/MiniOzoneClusterImpl-8a368e31-8812-42c3-a9b0-be5bfd809ffd/datanode-1/data/ratis/cb33d540-18f4-46ea-b30a-6314932063e9: Starting segment from index:0
2019-09-12 10:21:30,714 [0de21071-135c-4e9f-9147-689c91c53707:group-F450F1653DF5:LeaderElection6] INFO  segmented.SegmentedRaftLogWorker (SegmentedRaftLogWorker.java:startLogSegment(380)) - 0de21071-135c-4e9f-9147-689c91c53707-SegmentedRaftLogWorker:Storage Directory /workdir/hadoop-ozone/integration-test/target/test-dir/MiniOzoneClusterImpl-8a368e31-8812-42c3-a9b0-be5bfd809ffd/datanode-2/data/ratis/bbc6fa57-d752-4671-b71e-f450f1653df5: Starting segment from index:0
2019-09-12 10:21:30,714 [5ad3b1f4-7cb1-4e63-b16b-8b3fa333f3d3:group-6314932063E9:LeaderElection7] INFO  impl.RaftServerImpl (ServerState.java:setRaftConf(361)) - 5ad3b1f4-7cb1-4e63-b16b-8b3fa333f3d3:group-6314932063E9 set configuration 0: [5ad3b1f4-7cb1-4e63-b16b-8b3fa333f3d3:192.168.157.195:37868], old=null at 0
2019-09-12 10:21:30,753 [0de21071-135c-4e9f-9147-689c91c53707:group-F450F1653DF5:LeaderElection6] INFO  impl.RaftServerImpl (ServerState.java:setRaftConf(361)) - 0de21071-135c-4e9f-9147-689c91c53707:group-F450F1653DF5 set configuration 0: [0de21071-135c-4e9f-9147-689c91c53707:192.168.157.195:37667], old=null at 0
2019-09-12 10:21:30,765 [5ad3b1f4-7cb1-4e63-b16b-8b3fa333f3d3-SegmentedRaftLogWorker:Storage Directory /workdir/hadoop-ozone/integration-test/target/test-dir/MiniOzoneClusterImpl-8a368e31-8812-42c3-a9b0-be5bfd809ffd/datanode-1/data/ratis/cb33d540-18f4-46ea-b30a-6314932063e9] INFO  segmented.SegmentedRaftLogWorker (SegmentedRaftLogWorker.java:execute(569)) - 5ad3b1f4-7cb1-4e63-b16b-8b3fa333f3d3-SegmentedRaftLogWorker:Storage Directory /workdir/hadoop-ozone/integration-test/target/test-dir/MiniOzoneClusterImpl-8a368e31-8812-42c3-a9b0-be5bfd809ffd/datanode-1/data/ratis/cb33d540-18f4-46ea-b30a-6314932063e9: created new log segment /workdir/hadoop-ozone/integration-test/target/test-dir/MiniOzoneClusterImpl-8a368e31-8812-42c3-a9b0-be5bfd809ffd/datanode-1/data/ratis/cb33d540-18f4-46ea-b30a-6314932063e9/current/log_inprogress_0
2019-09-12 10:21:30,765 [0de21071-135c-4e9f-9147-689c91c53707-SegmentedRaftLogWorker:Storage Directory /workdir/hadoop-ozone/integration-test/target/test-dir/MiniOzoneClusterImpl-8a368e31-8812-42c3-a9b0-be5bfd809ffd/datanode-2/data/ratis/bbc6fa57-d752-4671-b71e-f450f1653df5] INFO  segmented.SegmentedRaftLogWorker (SegmentedRaftLogWorker.java:execute(569)) - 0de21071-135c-4e9f-9147-689c91c53707-SegmentedRaftLogWorker:Storage Directory /workdir/hadoop-ozone/integration-test/target/test-dir/MiniOzoneClusterImpl-8a368e31-8812-42c3-a9b0-be5bfd809ffd/datanode-2/data/ratis/bbc6fa57-d752-4671-b71e-f450f1653df5: created new log segment /workdir/hadoop-ozone/integration-test/target/test-dir/MiniOzoneClusterImpl-8a368e31-8812-42c3-a9b0-be5bfd809ffd/datanode-2/data/ratis/bbc6fa57-d752-4671-b71e-f450f1653df5/current/log_inprogress_0
2019-09-12 10:21:30,802 | INFO  | SCMAudit | user=jenkins1000 | ip=192.168.157.195 | op=SEND_HEARTBEAT {datanodeUUID=97d69fd4-8e52-4023-8fa6-54c6b0949aa9, command=[]} | ret=SUCCESS |  
2019-09-12 10:21:30,858 [Thread-215] INFO  impl.FollowerState (FollowerState.java:run(106)) - 5ad3b1f4-7cb1-4e63-b16b-8b3fa333f3d3:group-8FF929C3FA3E changes to CANDIDATE, lastRpcTime:5156, electionTimeout:5156ms
2019-09-12 10:21:30,859 [Thread-215] INFO  impl.RoleInfo (RoleInfo.java:shutdownFollowerState(121)) - 5ad3b1f4-7cb1-4e63-b16b-8b3fa333f3d3: shutdown FollowerState
2019-09-12 10:21:30,859 [Thread-215] INFO  impl.RaftServerImpl (RaftServerImpl.java:setRole(171)) - 5ad3b1f4-7cb1-4e63-b16b-8b3fa333f3d3:group-8FF929C3FA3E changes role from FOLLOWER to CANDIDATE at term 0 for changeToCandidate
2019-09-12 10:21:30,859 [Thread-215] INFO  impl.RoleInfo (RoleInfo.java:updateAndGet(143)) - 5ad3b1f4-7cb1-4e63-b16b-8b3fa333f3d3: start LeaderElection
2019-09-12 10:21:30,875 [5ad3b1f4-7cb1-4e63-b16b-8b3fa333f3d3:group-8FF929C3FA3E:LeaderElection8] INFO  impl.LeaderElection (LeaderElection.java:askForVotes(181)) - 5ad3b1f4-7cb1-4e63-b16b-8b3fa333f3d3:group-8FF929C3FA3E:LeaderElection8: begin an election at term 1 for -1: [5ad3b1f4-7cb1-4e63-b16b-8b3fa333f3d3:192.168.157.195:37868], old=null
2019-09-12 10:21:30,876 [5ad3b1f4-7cb1-4e63-b16b-8b3fa333f3d3:group-8FF929C3FA3E:LeaderElection8] INFO  impl.RoleInfo (RoleInfo.java:shutdownLeaderElection(134)) - 5ad3b1f4-7cb1-4e63-b16b-8b3fa333f3d3: shutdown LeaderElection
2019-09-12 10:21:30,877 [5ad3b1f4-7cb1-4e63-b16b-8b3fa333f3d3:group-8FF929C3FA3E:LeaderElection8] INFO  impl.RaftServerImpl (RaftServerImpl.java:setRole(171)) - 5ad3b1f4-7cb1-4e63-b16b-8b3fa333f3d3:group-8FF929C3FA3E changes role from CANDIDATE to LEADER at term 1 for changeToLeader
2019-09-12 10:21:30,877 [5ad3b1f4-7cb1-4e63-b16b-8b3fa333f3d3:group-8FF929C3FA3E:LeaderElection8] INFO  impl.RaftServerImpl (ServerState.java:setLeader(263)) - 5ad3b1f4-7cb1-4e63-b16b-8b3fa333f3d3:group-8FF929C3FA3E change Leader from null to 5ad3b1f4-7cb1-4e63-b16b-8b3fa333f3d3 at term 1 for becomeLeader, leader elected after 5181ms
2019-09-12 10:21:30,877 [5ad3b1f4-7cb1-4e63-b16b-8b3fa333f3d3:group-8FF929C3FA3E:LeaderElection8] INFO  server.RaftServerConfigKeys (ConfUtils.java:logGet(43)) - raft.server.staging.catchup.gap = 1000 (default)
2019-09-12 10:21:30,877 [5ad3b1f4-7cb1-4e63-b16b-8b3fa333f3d3:group-8FF929C3FA3E:LeaderElection8] INFO  server.RaftServerConfigKeys (ConfUtils.java:logGet(43)) - raft.server.rpc.sleep.time = 25ms (default)
2019-09-12 10:21:30,877 [5ad3b1f4-7cb1-4e63-b16b-8b3fa333f3d3:group-8FF929C3FA3E:LeaderElection8] INFO  server.RaftServerConfigKeys (ConfUtils.java:logGet(43)) - raft.server.write.element-limit = 4096 (default)
2019-09-12 10:21:30,878 [5ad3b1f4-7cb1-4e63-b16b-8b3fa333f3d3:group-8FF929C3FA3E:LeaderElection8] INFO  server.RaftServerConfigKeys (ConfUtils.java:logGet(43)) - raft.server.watch.timeout = 10s (default)
2019-09-12 10:21:30,878 [5ad3b1f4-7cb1-4e63-b16b-8b3fa333f3d3:group-8FF929C3FA3E:LeaderElection8] INFO  server.RaftServerConfigKeys (ConfUtils.java:logGet(43)) - raft.server.watch.timeout.denomination = 1s (default)
2019-09-12 10:21:30,878 [5ad3b1f4-7cb1-4e63-b16b-8b3fa333f3d3:group-8FF929C3FA3E:LeaderElection8] INFO  server.RaftServerConfigKeys (ConfUtils.java:logGet(43)) - raft.server.watch.element-limit = 65536 (default)
2019-09-12 10:21:30,878 [5ad3b1f4-7cb1-4e63-b16b-8b3fa333f3d3:group-8FF929C3FA3E:LeaderElection8] INFO  impl.RoleInfo (RoleInfo.java:updateAndGet(143)) - 5ad3b1f4-7cb1-4e63-b16b-8b3fa333f3d3: start LeaderState
2019-09-12 10:21:30,879 [5ad3b1f4-7cb1-4e63-b16b-8b3fa333f3d3:group-8FF929C3FA3E:LeaderElection8] INFO  segmented.SegmentedRaftLogWorker (SegmentedRaftLogWorker.java:startLogSegment(380)) - 5ad3b1f4-7cb1-4e63-b16b-8b3fa333f3d3-SegmentedRaftLogWorker:Storage Directory /workdir/hadoop-ozone/integration-test/target/test-dir/MiniOzoneClusterImpl-8a368e31-8812-42c3-a9b0-be5bfd809ffd/datanode-1/data/ratis/de6d3ccd-cfeb-4ab9-995f-8ff929c3fa3e: Starting segment from index:0
2019-09-12 10:21:30,879 [5ad3b1f4-7cb1-4e63-b16b-8b3fa333f3d3:group-8FF929C3FA3E:LeaderElection8] INFO  impl.RaftServerImpl (ServerState.java:setRaftConf(361)) - 5ad3b1f4-7cb1-4e63-b16b-8b3fa333f3d3:group-8FF929C3FA3E set configuration 0: [5ad3b1f4-7cb1-4e63-b16b-8b3fa333f3d3:192.168.157.195:37868], old=null at 0
2019-09-12 10:21:30,920 [Thread-218] INFO  impl.FollowerState (FollowerState.java:run(106)) - 464357b9-d640-4e4a-892f-a68e44244c3b:group-5C7151F417A8 changes to CANDIDATE, lastRpcTime:5154, electionTimeout:5149ms
2019-09-12 10:21:30,922 [Thread-218] INFO  impl.RoleInfo (RoleInfo.java:shutdownFollowerState(121)) - 464357b9-d640-4e4a-892f-a68e44244c3b: shutdown FollowerState
2019-09-12 10:21:30,923 [Thread-218] INFO  impl.RaftServerImpl (RaftServerImpl.java:setRole(171)) - 464357b9-d640-4e4a-892f-a68e44244c3b:group-5C7151F417A8 changes role from FOLLOWER to CANDIDATE at term 0 for changeToCandidate
2019-09-12 10:21:30,923 [Thread-218] INFO  impl.RoleInfo (RoleInfo.java:updateAndGet(143)) - 464357b9-d640-4e4a-892f-a68e44244c3b: start LeaderElection
2019-09-12 10:21:30,930 [5ad3b1f4-7cb1-4e63-b16b-8b3fa333f3d3-SegmentedRaftLogWorker:Storage Directory /workdir/hadoop-ozone/integration-test/target/test-dir/MiniOzoneClusterImpl-8a368e31-8812-42c3-a9b0-be5bfd809ffd/datanode-1/data/ratis/de6d3ccd-cfeb-4ab9-995f-8ff929c3fa3e] INFO  segmented.SegmentedRaftLogWorker (SegmentedRaftLogWorker.java:execute(569)) - 5ad3b1f4-7cb1-4e63-b16b-8b3fa333f3d3-SegmentedRaftLogWorker:Storage Directory /workdir/hadoop-ozone/integration-test/target/test-dir/MiniOzoneClusterImpl-8a368e31-8812-42c3-a9b0-be5bfd809ffd/datanode-1/data/ratis/de6d3ccd-cfeb-4ab9-995f-8ff929c3fa3e: created new log segment /workdir/hadoop-ozone/integration-test/target/test-dir/MiniOzoneClusterImpl-8a368e31-8812-42c3-a9b0-be5bfd809ffd/datanode-1/data/ratis/de6d3ccd-cfeb-4ab9-995f-8ff929c3fa3e/current/log_inprogress_0
2019-09-12 10:21:30,931 [464357b9-d640-4e4a-892f-a68e44244c3b:group-5C7151F417A8:LeaderElection9] INFO  impl.LeaderElection (LeaderElection.java:askForVotes(181)) - 464357b9-d640-4e4a-892f-a68e44244c3b:group-5C7151F417A8:LeaderElection9: begin an election at term 1 for -1: [464357b9-d640-4e4a-892f-a68e44244c3b:192.168.157.195:35243], old=null
2019-09-12 10:21:30,931 [464357b9-d640-4e4a-892f-a68e44244c3b:group-5C7151F417A8:LeaderElection9] INFO  impl.RoleInfo (RoleInfo.java:shutdownLeaderElection(134)) - 464357b9-d640-4e4a-892f-a68e44244c3b: shutdown LeaderElection
2019-09-12 10:21:30,931 [464357b9-d640-4e4a-892f-a68e44244c3b:group-5C7151F417A8:LeaderElection9] INFO  impl.RaftServerImpl (RaftServerImpl.java:setRole(171)) - 464357b9-d640-4e4a-892f-a68e44244c3b:group-5C7151F417A8 changes role from CANDIDATE to LEADER at term 1 for changeToLeader
2019-09-12 10:21:30,931 [464357b9-d640-4e4a-892f-a68e44244c3b:group-5C7151F417A8:LeaderElection9] INFO  impl.RaftServerImpl (ServerState.java:setLeader(263)) - 464357b9-d640-4e4a-892f-a68e44244c3b:group-5C7151F417A8 change Leader from null to 464357b9-d640-4e4a-892f-a68e44244c3b at term 1 for becomeLeader, leader elected after 5173ms
2019-09-12 10:21:30,931 [464357b9-d640-4e4a-892f-a68e44244c3b:group-5C7151F417A8:LeaderElection9] INFO  server.RaftServerConfigKeys (ConfUtils.java:logGet(43)) - raft.server.staging.catchup.gap = 1000 (default)
2019-09-12 10:21:30,932 [464357b9-d640-4e4a-892f-a68e44244c3b:group-5C7151F417A8:LeaderElection9] INFO  server.RaftServerConfigKeys (ConfUtils.java:logGet(43)) - raft.server.rpc.sleep.time = 25ms (default)
2019-09-12 10:21:30,932 [464357b9-d640-4e4a-892f-a68e44244c3b:group-5C7151F417A8:LeaderElection9] INFO  server.RaftServerConfigKeys (ConfUtils.java:logGet(43)) - raft.server.write.element-limit = 4096 (default)
2019-09-12 10:21:30,932 [464357b9-d640-4e4a-892f-a68e44244c3b:group-5C7151F417A8:LeaderElection9] INFO  server.RaftServerConfigKeys (ConfUtils.java:logGet(43)) - raft.server.watch.timeout = 10s (default)
2019-09-12 10:21:30,932 [464357b9-d640-4e4a-892f-a68e44244c3b:group-5C7151F417A8:LeaderElection9] INFO  server.RaftServerConfigKeys (ConfUtils.java:logGet(43)) - raft.server.watch.timeout.denomination = 1s (default)
2019-09-12 10:21:30,933 [464357b9-d640-4e4a-892f-a68e44244c3b:group-5C7151F417A8:LeaderElection9] INFO  server.RaftServerConfigKeys (ConfUtils.java:logGet(43)) - raft.server.watch.element-limit = 65536 (default)
2019-09-12 10:21:30,933 [464357b9-d640-4e4a-892f-a68e44244c3b:group-5C7151F417A8:LeaderElection9] INFO  impl.RoleInfo (RoleInfo.java:updateAndGet(143)) - 464357b9-d640-4e4a-892f-a68e44244c3b: start LeaderState
2019-09-12 10:21:30,933 [464357b9-d640-4e4a-892f-a68e44244c3b:group-5C7151F417A8:LeaderElection9] INFO  segmented.SegmentedRaftLogWorker (SegmentedRaftLogWorker.java:startLogSegment(380)) - 464357b9-d640-4e4a-892f-a68e44244c3b-SegmentedRaftLogWorker:Storage Directory /workdir/hadoop-ozone/integration-test/target/test-dir/MiniOzoneClusterImpl-8a368e31-8812-42c3-a9b0-be5bfd809ffd/datanode-0/data/ratis/b28325a5-d269-44a1-800c-5c7151f417a8: Starting segment from index:0
2019-09-12 10:21:30,934 [464357b9-d640-4e4a-892f-a68e44244c3b:group-5C7151F417A8:LeaderElection9] INFO  impl.RaftServerImpl (ServerState.java:setRaftConf(361)) - 464357b9-d640-4e4a-892f-a68e44244c3b:group-5C7151F417A8 set configuration 0: [464357b9-d640-4e4a-892f-a68e44244c3b:192.168.157.195:35243], old=null at 0
2019-09-12 10:21:30,977 | INFO  | SCMAudit | user=jenkins1000 | ip=192.168.157.195 | op=SEND_HEARTBEAT {datanodeUUID=464357b9-d640-4e4a-892f-a68e44244c3b, command=[]} | ret=SUCCESS |  
2019-09-12 10:21:30,984 [Thread-224] INFO  impl.FollowerState (FollowerState.java:run(106)) - 464357b9-d640-4e4a-892f-a68e44244c3b:group-66D7EB27E66B changes to CANDIDATE, lastRpcTime:5095, electionTimeout:5095ms
2019-09-12 10:21:30,987 [Thread-224] INFO  impl.RoleInfo (RoleInfo.java:shutdownFollowerState(121)) - 464357b9-d640-4e4a-892f-a68e44244c3b: shutdown FollowerState
2019-09-12 10:21:30,987 [Thread-224] INFO  impl.RaftServerImpl (RaftServerImpl.java:setRole(171)) - 464357b9-d640-4e4a-892f-a68e44244c3b:group-66D7EB27E66B changes role from FOLLOWER to CANDIDATE at term 0 for changeToCandidate
2019-09-12 10:21:30,987 [Thread-224] INFO  impl.RoleInfo (RoleInfo.java:updateAndGet(143)) - 464357b9-d640-4e4a-892f-a68e44244c3b: start LeaderElection
2019-09-12 10:21:30,992 [Thread-221] INFO  impl.FollowerState (FollowerState.java:run(106)) - 5ad3b1f4-7cb1-4e63-b16b-8b3fa333f3d3:group-7984F886EAA5 changes to CANDIDATE, lastRpcTime:5160, electionTimeout:5157ms
2019-09-12 10:21:30,992 [Thread-221] INFO  impl.RoleInfo (RoleInfo.java:shutdownFollowerState(121)) - 5ad3b1f4-7cb1-4e63-b16b-8b3fa333f3d3: shutdown FollowerState
2019-09-12 10:21:30,992 [Thread-221] INFO  impl.RaftServerImpl (RaftServerImpl.java:setRole(171)) - 5ad3b1f4-7cb1-4e63-b16b-8b3fa333f3d3:group-7984F886EAA5 changes role from FOLLOWER to CANDIDATE at term 0 for changeToCandidate
2019-09-12 10:21:30,992 [Thread-221] INFO  impl.RoleInfo (RoleInfo.java:updateAndGet(143)) - 5ad3b1f4-7cb1-4e63-b16b-8b3fa333f3d3: start LeaderElection
2019-09-12 10:21:30,997 [464357b9-d640-4e4a-892f-a68e44244c3b-SegmentedRaftLogWorker:Storage Directory /workdir/hadoop-ozone/integration-test/target/test-dir/MiniOzoneClusterImpl-8a368e31-8812-42c3-a9b0-be5bfd809ffd/datanode-0/data/ratis/b28325a5-d269-44a1-800c-5c7151f417a8] INFO  segmented.SegmentedRaftLogWorker (SegmentedRaftLogWorker.java:execute(569)) - 464357b9-d640-4e4a-892f-a68e44244c3b-SegmentedRaftLogWorker:Storage Directory /workdir/hadoop-ozone/integration-test/target/test-dir/MiniOzoneClusterImpl-8a368e31-8812-42c3-a9b0-be5bfd809ffd/datanode-0/data/ratis/b28325a5-d269-44a1-800c-5c7151f417a8: created new log segment /workdir/hadoop-ozone/integration-test/target/test-dir/MiniOzoneClusterImpl-8a368e31-8812-42c3-a9b0-be5bfd809ffd/datanode-0/data/ratis/b28325a5-d269-44a1-800c-5c7151f417a8/current/log_inprogress_0
2019-09-12 10:21:30,997 [464357b9-d640-4e4a-892f-a68e44244c3b:group-66D7EB27E66B:LeaderElection10] INFO  impl.LeaderElection (LeaderElection.java:askForVotes(181)) - 464357b9-d640-4e4a-892f-a68e44244c3b:group-66D7EB27E66B:LeaderElection10: begin an election at term 1 for -1: [464357b9-d640-4e4a-892f-a68e44244c3b:192.168.157.195:35243], old=null
2019-09-12 10:21:30,997 [464357b9-d640-4e4a-892f-a68e44244c3b:group-66D7EB27E66B:LeaderElection10] INFO  impl.RoleInfo (RoleInfo.java:shutdownLeaderElection(134)) - 464357b9-d640-4e4a-892f-a68e44244c3b: shutdown LeaderElection
2019-09-12 10:21:30,997 [464357b9-d640-4e4a-892f-a68e44244c3b:group-66D7EB27E66B:LeaderElection10] INFO  impl.RaftServerImpl (RaftServerImpl.java:setRole(171)) - 464357b9-d640-4e4a-892f-a68e44244c3b:group-66D7EB27E66B changes role from CANDIDATE to LEADER at term 1 for changeToLeader
2019-09-12 10:21:30,997 [464357b9-d640-4e4a-892f-a68e44244c3b:group-66D7EB27E66B:LeaderElection10] INFO  impl.RaftServerImpl (ServerState.java:setLeader(263)) - 464357b9-d640-4e4a-892f-a68e44244c3b:group-66D7EB27E66B change Leader from null to 464357b9-d640-4e4a-892f-a68e44244c3b at term 1 for becomeLeader, leader elected after 5113ms
2019-09-12 10:21:30,997 [464357b9-d640-4e4a-892f-a68e44244c3b:group-66D7EB27E66B:LeaderElection10] INFO  server.RaftServerConfigKeys (ConfUtils.java:logGet(43)) - raft.server.staging.catchup.gap = 1000 (default)
2019-09-12 10:21:30,998 [464357b9-d640-4e4a-892f-a68e44244c3b:group-66D7EB27E66B:LeaderElection10] INFO  server.RaftServerConfigKeys (ConfUtils.java:logGet(43)) - raft.server.rpc.sleep.time = 25ms (default)
2019-09-12 10:21:30,998 [464357b9-d640-4e4a-892f-a68e44244c3b:group-66D7EB27E66B:LeaderElection10] INFO  server.RaftServerConfigKeys (ConfUtils.java:logGet(43)) - raft.server.write.element-limit = 4096 (default)
2019-09-12 10:21:30,998 [464357b9-d640-4e4a-892f-a68e44244c3b:group-66D7EB27E66B:LeaderElection10] INFO  server.RaftServerConfigKeys (ConfUtils.java:logGet(43)) - raft.server.watch.timeout = 10s (default)
2019-09-12 10:21:30,998 [464357b9-d640-4e4a-892f-a68e44244c3b:group-66D7EB27E66B:LeaderElection10] INFO  server.RaftServerConfigKeys (ConfUtils.java:logGet(43)) - raft.server.watch.timeout.denomination = 1s (default)
2019-09-12 10:21:30,998 [464357b9-d640-4e4a-892f-a68e44244c3b:group-66D7EB27E66B:LeaderElection10] INFO  server.RaftServerConfigKeys (ConfUtils.java:logGet(43)) - raft.server.watch.element-limit = 65536 (default)
2019-09-12 10:21:30,999 [464357b9-d640-4e4a-892f-a68e44244c3b:group-66D7EB27E66B:LeaderElection10] INFO  impl.RoleInfo (RoleInfo.java:updateAndGet(143)) - 464357b9-d640-4e4a-892f-a68e44244c3b: start LeaderState
2019-09-12 10:21:30,999 [464357b9-d640-4e4a-892f-a68e44244c3b:group-66D7EB27E66B:LeaderElection10] INFO  segmented.SegmentedRaftLogWorker (SegmentedRaftLogWorker.java:startLogSegment(380)) - 464357b9-d640-4e4a-892f-a68e44244c3b-SegmentedRaftLogWorker:Storage Directory /workdir/hadoop-ozone/integration-test/target/test-dir/MiniOzoneClusterImpl-8a368e31-8812-42c3-a9b0-be5bfd809ffd/datanode-0/data/ratis/794bfc9f-98a6-4bcd-952f-66d7eb27e66b: Starting segment from index:0
2019-09-12 10:21:31,000 [464357b9-d640-4e4a-892f-a68e44244c3b:group-66D7EB27E66B:LeaderElection10] INFO  impl.RaftServerImpl (ServerState.java:setRaftConf(361)) - 464357b9-d640-4e4a-892f-a68e44244c3b:group-66D7EB27E66B set configuration 0: [464357b9-d640-4e4a-892f-a68e44244c3b:192.168.157.195:35243], old=null at 0
2019-09-12 10:21:31,036 [5ad3b1f4-7cb1-4e63-b16b-8b3fa333f3d3:group-7984F886EAA5:LeaderElection11] INFO  impl.LeaderElection (LeaderElection.java:askForVotes(181)) - 5ad3b1f4-7cb1-4e63-b16b-8b3fa333f3d3:group-7984F886EAA5:LeaderElection11: begin an election at term 1 for -1: [5ad3b1f4-7cb1-4e63-b16b-8b3fa333f3d3:192.168.157.195:37868], old=null
2019-09-12 10:21:31,038 [5ad3b1f4-7cb1-4e63-b16b-8b3fa333f3d3:group-7984F886EAA5:LeaderElection11] INFO  impl.RoleInfo (RoleInfo.java:shutdownLeaderElection(134)) - 5ad3b1f4-7cb1-4e63-b16b-8b3fa333f3d3: shutdown LeaderElection
2019-09-12 10:21:31,038 [5ad3b1f4-7cb1-4e63-b16b-8b3fa333f3d3:group-7984F886EAA5:LeaderElection11] INFO  impl.RaftServerImpl (RaftServerImpl.java:setRole(171)) - 5ad3b1f4-7cb1-4e63-b16b-8b3fa333f3d3:group-7984F886EAA5 changes role from CANDIDATE to LEADER at term 1 for changeToLeader
2019-09-12 10:21:31,038 [5ad3b1f4-7cb1-4e63-b16b-8b3fa333f3d3:group-7984F886EAA5:LeaderElection11] INFO  impl.RaftServerImpl (ServerState.java:setLeader(263)) - 5ad3b1f4-7cb1-4e63-b16b-8b3fa333f3d3:group-7984F886EAA5 change Leader from null to 5ad3b1f4-7cb1-4e63-b16b-8b3fa333f3d3 at term 1 for becomeLeader, leader elected after 5213ms
2019-09-12 10:21:31,038 [5ad3b1f4-7cb1-4e63-b16b-8b3fa333f3d3:group-7984F886EAA5:LeaderElection11] INFO  server.RaftServerConfigKeys (ConfUtils.java:logGet(43)) - raft.server.staging.catchup.gap = 1000 (default)
2019-09-12 10:21:31,039 [5ad3b1f4-7cb1-4e63-b16b-8b3fa333f3d3:group-7984F886EAA5:LeaderElection11] INFO  server.RaftServerConfigKeys (ConfUtils.java:logGet(43)) - raft.server.rpc.sleep.time = 25ms (default)
2019-09-12 10:21:31,039 [5ad3b1f4-7cb1-4e63-b16b-8b3fa333f3d3:group-7984F886EAA5:LeaderElection11] INFO  server.RaftServerConfigKeys (ConfUtils.java:logGet(43)) - raft.server.write.element-limit = 4096 (default)
2019-09-12 10:21:31,039 [5ad3b1f4-7cb1-4e63-b16b-8b3fa333f3d3:group-7984F886EAA5:LeaderElection11] INFO  server.RaftServerConfigKeys (ConfUtils.java:logGet(43)) - raft.server.watch.timeout = 10s (default)
2019-09-12 10:21:31,039 [5ad3b1f4-7cb1-4e63-b16b-8b3fa333f3d3:group-7984F886EAA5:LeaderElection11] INFO  server.RaftServerConfigKeys (ConfUtils.java:logGet(43)) - raft.server.watch.timeout.denomination = 1s (default)
2019-09-12 10:21:31,039 [5ad3b1f4-7cb1-4e63-b16b-8b3fa333f3d3:group-7984F886EAA5:LeaderElection11] INFO  server.RaftServerConfigKeys (ConfUtils.java:logGet(43)) - raft.server.watch.element-limit = 65536 (default)
2019-09-12 10:21:31,040 [5ad3b1f4-7cb1-4e63-b16b-8b3fa333f3d3:group-7984F886EAA5:LeaderElection11] INFO  impl.RoleInfo (RoleInfo.java:updateAndGet(143)) - 5ad3b1f4-7cb1-4e63-b16b-8b3fa333f3d3: start LeaderState
2019-09-12 10:21:31,040 [5ad3b1f4-7cb1-4e63-b16b-8b3fa333f3d3:group-7984F886EAA5:LeaderElection11] INFO  segmented.SegmentedRaftLogWorker (SegmentedRaftLogWorker.java:startLogSegment(380)) - 5ad3b1f4-7cb1-4e63-b16b-8b3fa333f3d3-SegmentedRaftLogWorker:Storage Directory /workdir/hadoop-ozone/integration-test/target/test-dir/MiniOzoneClusterImpl-8a368e31-8812-42c3-a9b0-be5bfd809ffd/datanode-1/data/ratis/b7b371ab-20b5-401b-91ec-7984f886eaa5: Starting segment from index:0
2019-09-12 10:21:31,041 [5ad3b1f4-7cb1-4e63-b16b-8b3fa333f3d3:group-7984F886EAA5:LeaderElection11] INFO  impl.RaftServerImpl (ServerState.java:setRaftConf(361)) - 5ad3b1f4-7cb1-4e63-b16b-8b3fa333f3d3:group-7984F886EAA5 set configuration 0: [5ad3b1f4-7cb1-4e63-b16b-8b3fa333f3d3:192.168.157.195:37868], old=null at 0
2019-09-12 10:21:31,088 [464357b9-d640-4e4a-892f-a68e44244c3b-SegmentedRaftLogWorker:Storage Directory /workdir/hadoop-ozone/integration-test/target/test-dir/MiniOzoneClusterImpl-8a368e31-8812-42c3-a9b0-be5bfd809ffd/datanode-0/data/ratis/794bfc9f-98a6-4bcd-952f-66d7eb27e66b] INFO  segmented.SegmentedRaftLogWorker (SegmentedRaftLogWorker.java:execute(569)) - 464357b9-d640-4e4a-892f-a68e44244c3b-SegmentedRaftLogWorker:Storage Directory /workdir/hadoop-ozone/integration-test/target/test-dir/MiniOzoneClusterImpl-8a368e31-8812-42c3-a9b0-be5bfd809ffd/datanode-0/data/ratis/794bfc9f-98a6-4bcd-952f-66d7eb27e66b: created new log segment /workdir/hadoop-ozone/integration-test/target/test-dir/MiniOzoneClusterImpl-8a368e31-8812-42c3-a9b0-be5bfd809ffd/datanode-0/data/ratis/794bfc9f-98a6-4bcd-952f-66d7eb27e66b/current/log_inprogress_0
2019-09-12 10:21:31,093 [5ad3b1f4-7cb1-4e63-b16b-8b3fa333f3d3-SegmentedRaftLogWorker:Storage Directory /workdir/hadoop-ozone/integration-test/target/test-dir/MiniOzoneClusterImpl-8a368e31-8812-42c3-a9b0-be5bfd809ffd/datanode-1/data/ratis/b7b371ab-20b5-401b-91ec-7984f886eaa5] INFO  segmented.SegmentedRaftLogWorker (SegmentedRaftLogWorker.java:execute(569)) - 5ad3b1f4-7cb1-4e63-b16b-8b3fa333f3d3-SegmentedRaftLogWorker:Storage Directory /workdir/hadoop-ozone/integration-test/target/test-dir/MiniOzoneClusterImpl-8a368e31-8812-42c3-a9b0-be5bfd809ffd/datanode-1/data/ratis/b7b371ab-20b5-401b-91ec-7984f886eaa5: created new log segment /workdir/hadoop-ozone/integration-test/target/test-dir/MiniOzoneClusterImpl-8a368e31-8812-42c3-a9b0-be5bfd809ffd/datanode-1/data/ratis/b7b371ab-20b5-401b-91ec-7984f886eaa5/current/log_inprogress_0
2019-09-12 10:21:31,103 [Thread-233] INFO  impl.FollowerState (FollowerState.java:run(106)) - 464357b9-d640-4e4a-892f-a68e44244c3b:group-B7FA153FF8F2 changes to CANDIDATE, lastRpcTime:5019, electionTimeout:5019ms
2019-09-12 10:21:31,106 [Thread-233] INFO  impl.RoleInfo (RoleInfo.java:shutdownFollowerState(121)) - 464357b9-d640-4e4a-892f-a68e44244c3b: shutdown FollowerState
2019-09-12 10:21:31,106 [Thread-233] INFO  impl.RaftServerImpl (RaftServerImpl.java:setRole(171)) - 464357b9-d640-4e4a-892f-a68e44244c3b:group-B7FA153FF8F2 changes role from FOLLOWER to CANDIDATE at term 0 for changeToCandidate
2019-09-12 10:21:31,106 [Thread-233] INFO  impl.RoleInfo (RoleInfo.java:updateAndGet(143)) - 464357b9-d640-4e4a-892f-a68e44244c3b: start LeaderElection
2019-09-12 10:21:31,117 [464357b9-d640-4e4a-892f-a68e44244c3b:group-B7FA153FF8F2:LeaderElection12] INFO  impl.LeaderElection (LeaderElection.java:askForVotes(181)) - 464357b9-d640-4e4a-892f-a68e44244c3b:group-B7FA153FF8F2:LeaderElection12: begin an election at term 1 for -1: [464357b9-d640-4e4a-892f-a68e44244c3b:192.168.157.195:35243], old=null
2019-09-12 10:21:31,118 [464357b9-d640-4e4a-892f-a68e44244c3b:group-B7FA153FF8F2:LeaderElection12] INFO  impl.RoleInfo (RoleInfo.java:shutdownLeaderElection(134)) - 464357b9-d640-4e4a-892f-a68e44244c3b: shutdown LeaderElection
2019-09-12 10:21:31,118 [464357b9-d640-4e4a-892f-a68e44244c3b:group-B7FA153FF8F2:LeaderElection12] INFO  impl.RaftServerImpl (RaftServerImpl.java:setRole(171)) - 464357b9-d640-4e4a-892f-a68e44244c3b:group-B7FA153FF8F2 changes role from CANDIDATE to LEADER at term 1 for changeToLeader
2019-09-12 10:21:31,118 [464357b9-d640-4e4a-892f-a68e44244c3b:group-B7FA153FF8F2:LeaderElection12] INFO  impl.RaftServerImpl (ServerState.java:setLeader(263)) - 464357b9-d640-4e4a-892f-a68e44244c3b:group-B7FA153FF8F2 change Leader from null to 464357b9-d640-4e4a-892f-a68e44244c3b at term 1 for becomeLeader, leader elected after 5039ms
2019-09-12 10:21:31,119 [464357b9-d640-4e4a-892f-a68e44244c3b:group-B7FA153FF8F2:LeaderElection12] INFO  server.RaftServerConfigKeys (ConfUtils.java:logGet(43)) - raft.server.staging.catchup.gap = 1000 (default)
2019-09-12 10:21:31,119 [464357b9-d640-4e4a-892f-a68e44244c3b:group-B7FA153FF8F2:LeaderElection12] INFO  server.RaftServerConfigKeys (ConfUtils.java:logGet(43)) - raft.server.rpc.sleep.time = 25ms (default)
2019-09-12 10:21:31,119 [464357b9-d640-4e4a-892f-a68e44244c3b:group-B7FA153FF8F2:LeaderElection12] INFO  server.RaftServerConfigKeys (ConfUtils.java:logGet(43)) - raft.server.write.element-limit = 4096 (default)
2019-09-12 10:21:31,119 [464357b9-d640-4e4a-892f-a68e44244c3b:group-B7FA153FF8F2:LeaderElection12] INFO  server.RaftServerConfigKeys (ConfUtils.java:logGet(43)) - raft.server.watch.timeout = 10s (default)
2019-09-12 10:21:31,120 [464357b9-d640-4e4a-892f-a68e44244c3b:group-B7FA153FF8F2:LeaderElection12] INFO  server.RaftServerConfigKeys (ConfUtils.java:logGet(43)) - raft.server.watch.timeout.denomination = 1s (default)
2019-09-12 10:21:31,120 [464357b9-d640-4e4a-892f-a68e44244c3b:group-B7FA153FF8F2:LeaderElection12] INFO  server.RaftServerConfigKeys (ConfUtils.java:logGet(43)) - raft.server.watch.element-limit = 65536 (default)
2019-09-12 10:21:31,120 [464357b9-d640-4e4a-892f-a68e44244c3b:group-B7FA153FF8F2:LeaderElection12] INFO  impl.RoleInfo (RoleInfo.java:updateAndGet(143)) - 464357b9-d640-4e4a-892f-a68e44244c3b: start LeaderState
2019-09-12 10:21:31,120 [464357b9-d640-4e4a-892f-a68e44244c3b:group-B7FA153FF8F2:LeaderElection12] INFO  segmented.SegmentedRaftLogWorker (SegmentedRaftLogWorker.java:startLogSegment(380)) - 464357b9-d640-4e4a-892f-a68e44244c3b-SegmentedRaftLogWorker:Storage Directory /workdir/hadoop-ozone/integration-test/target/test-dir/MiniOzoneClusterImpl-8a368e31-8812-42c3-a9b0-be5bfd809ffd/datanode-0/data/ratis/6277b2d3-6a0c-4b85-8e99-b7fa153ff8f2: Starting segment from index:0
2019-09-12 10:21:31,121 [464357b9-d640-4e4a-892f-a68e44244c3b:group-B7FA153FF8F2:LeaderElection12] INFO  impl.RaftServerImpl (ServerState.java:setRaftConf(361)) - 464357b9-d640-4e4a-892f-a68e44244c3b:group-B7FA153FF8F2 set configuration 0: [464357b9-d640-4e4a-892f-a68e44244c3b:192.168.157.195:35243], old=null at 0
2019-09-12 10:21:31,155 [Thread-227] INFO  impl.FollowerState (FollowerState.java:run(106)) - 464357b9-d640-4e4a-892f-a68e44244c3b:group-20B6BBBD6550 changes to CANDIDATE, lastRpcTime:5206, electionTimeout:5181ms
2019-09-12 10:21:31,155 [Thread-227] INFO  impl.RoleInfo (RoleInfo.java:shutdownFollowerState(121)) - 464357b9-d640-4e4a-892f-a68e44244c3b: shutdown FollowerState
2019-09-12 10:21:31,155 [Thread-227] INFO  impl.RaftServerImpl (RaftServerImpl.java:setRole(171)) - 464357b9-d640-4e4a-892f-a68e44244c3b:group-20B6BBBD6550 changes role from FOLLOWER to CANDIDATE at term 0 for changeToCandidate
2019-09-12 10:21:31,156 [Thread-227] INFO  impl.RoleInfo (RoleInfo.java:updateAndGet(143)) - 464357b9-d640-4e4a-892f-a68e44244c3b: start LeaderElection
2019-09-12 10:21:31,167 [Thread-230] INFO  impl.FollowerState (FollowerState.java:run(106)) - 97d69fd4-8e52-4023-8fa6-54c6b0949aa9:group-6F599AD9DAF8 changes to CANDIDATE, lastRpcTime:5151, electionTimeout:5151ms
2019-09-12 10:21:31,167 [Thread-230] INFO  impl.RoleInfo (RoleInfo.java:shutdownFollowerState(121)) - 97d69fd4-8e52-4023-8fa6-54c6b0949aa9: shutdown FollowerState
2019-09-12 10:21:31,167 [Thread-230] INFO  impl.RaftServerImpl (RaftServerImpl.java:setRole(171)) - 97d69fd4-8e52-4023-8fa6-54c6b0949aa9:group-6F599AD9DAF8 changes role from FOLLOWER to CANDIDATE at term 0 for changeToCandidate
2019-09-12 10:21:31,167 [Thread-230] INFO  impl.RoleInfo (RoleInfo.java:updateAndGet(143)) - 97d69fd4-8e52-4023-8fa6-54c6b0949aa9: start LeaderElection
2019-09-12 10:21:31,172 [464357b9-d640-4e4a-892f-a68e44244c3b-SegmentedRaftLogWorker:Storage Directory /workdir/hadoop-ozone/integration-test/target/test-dir/MiniOzoneClusterImpl-8a368e31-8812-42c3-a9b0-be5bfd809ffd/datanode-0/data/ratis/6277b2d3-6a0c-4b85-8e99-b7fa153ff8f2] INFO  segmented.SegmentedRaftLogWorker (SegmentedRaftLogWorker.java:execute(569)) - 464357b9-d640-4e4a-892f-a68e44244c3b-SegmentedRaftLogWorker:Storage Directory /workdir/hadoop-ozone/integration-test/target/test-dir/MiniOzoneClusterImpl-8a368e31-8812-42c3-a9b0-be5bfd809ffd/datanode-0/data/ratis/6277b2d3-6a0c-4b85-8e99-b7fa153ff8f2: created new log segment /workdir/hadoop-ozone/integration-test/target/test-dir/MiniOzoneClusterImpl-8a368e31-8812-42c3-a9b0-be5bfd809ffd/datanode-0/data/ratis/6277b2d3-6a0c-4b85-8e99-b7fa153ff8f2/current/log_inprogress_0
2019-09-12 10:21:31,172 [464357b9-d640-4e4a-892f-a68e44244c3b:group-20B6BBBD6550:LeaderElection13] INFO  impl.LeaderElection (LeaderElection.java:askForVotes(181)) - 464357b9-d640-4e4a-892f-a68e44244c3b:group-20B6BBBD6550:LeaderElection13: begin an election at term 1 for -1: [464357b9-d640-4e4a-892f-a68e44244c3b:192.168.157.195:35243], old=null
2019-09-12 10:21:31,172 [464357b9-d640-4e4a-892f-a68e44244c3b:group-20B6BBBD6550:LeaderElection13] INFO  impl.RoleInfo (RoleInfo.java:shutdownLeaderElection(134)) - 464357b9-d640-4e4a-892f-a68e44244c3b: shutdown LeaderElection
2019-09-12 10:21:31,173 [464357b9-d640-4e4a-892f-a68e44244c3b:group-20B6BBBD6550:LeaderElection13] INFO  impl.RaftServerImpl (RaftServerImpl.java:setRole(171)) - 464357b9-d640-4e4a-892f-a68e44244c3b:group-20B6BBBD6550 changes role from CANDIDATE to LEADER at term 1 for changeToLeader
2019-09-12 10:21:31,173 [464357b9-d640-4e4a-892f-a68e44244c3b:group-20B6BBBD6550:LeaderElection13] INFO  impl.RaftServerImpl (ServerState.java:setLeader(263)) - 464357b9-d640-4e4a-892f-a68e44244c3b:group-20B6BBBD6550 change Leader from null to 464357b9-d640-4e4a-892f-a68e44244c3b at term 1 for becomeLeader, leader elected after 5229ms
2019-09-12 10:21:31,173 [464357b9-d640-4e4a-892f-a68e44244c3b:group-20B6BBBD6550:LeaderElection13] INFO  server.RaftServerConfigKeys (ConfUtils.java:logGet(43)) - raft.server.staging.catchup.gap = 1000 (default)
2019-09-12 10:21:31,173 [464357b9-d640-4e4a-892f-a68e44244c3b:group-20B6BBBD6550:LeaderElection13] INFO  server.RaftServerConfigKeys (ConfUtils.java:logGet(43)) - raft.server.rpc.sleep.time = 25ms (default)
2019-09-12 10:21:31,173 [464357b9-d640-4e4a-892f-a68e44244c3b:group-20B6BBBD6550:LeaderElection13] INFO  server.RaftServerConfigKeys (ConfUtils.java:logGet(43)) - raft.server.write.element-limit = 4096 (default)
2019-09-12 10:21:31,174 [464357b9-d640-4e4a-892f-a68e44244c3b:group-20B6BBBD6550:LeaderElection13] INFO  server.RaftServerConfigKeys (ConfUtils.java:logGet(43)) - raft.server.watch.timeout = 10s (default)
2019-09-12 10:21:31,174 [464357b9-d640-4e4a-892f-a68e44244c3b:group-20B6BBBD6550:LeaderElection13] INFO  server.RaftServerConfigKeys (ConfUtils.java:logGet(43)) - raft.server.watch.timeout.denomination = 1s (default)
2019-09-12 10:21:31,174 [464357b9-d640-4e4a-892f-a68e44244c3b:group-20B6BBBD6550:LeaderElection13] INFO  server.RaftServerConfigKeys (ConfUtils.java:logGet(43)) - raft.server.watch.element-limit = 65536 (default)
2019-09-12 10:21:31,174 [464357b9-d640-4e4a-892f-a68e44244c3b:group-20B6BBBD6550:LeaderElection13] INFO  impl.RoleInfo (RoleInfo.java:updateAndGet(143)) - 464357b9-d640-4e4a-892f-a68e44244c3b: start LeaderState
2019-09-12 10:21:31,175 [464357b9-d640-4e4a-892f-a68e44244c3b:group-20B6BBBD6550:LeaderElection13] INFO  segmented.SegmentedRaftLogWorker (SegmentedRaftLogWorker.java:startLogSegment(380)) - 464357b9-d640-4e4a-892f-a68e44244c3b-SegmentedRaftLogWorker:Storage Directory /workdir/hadoop-ozone/integration-test/target/test-dir/MiniOzoneClusterImpl-8a368e31-8812-42c3-a9b0-be5bfd809ffd/datanode-0/data/ratis/f431735f-36fb-4782-96ff-20b6bbbd6550: Starting segment from index:0
2019-09-12 10:21:31,175 [464357b9-d640-4e4a-892f-a68e44244c3b:group-20B6BBBD6550:LeaderElection13] INFO  impl.RaftServerImpl (ServerState.java:setRaftConf(361)) - 464357b9-d640-4e4a-892f-a68e44244c3b:group-20B6BBBD6550 set configuration 0: [464357b9-d640-4e4a-892f-a68e44244c3b:192.168.157.195:35243], old=null at 0
2019-09-12 10:21:31,176 [97d69fd4-8e52-4023-8fa6-54c6b0949aa9:group-6F599AD9DAF8:LeaderElection14] INFO  impl.LeaderElection (LeaderElection.java:askForVotes(181)) - 97d69fd4-8e52-4023-8fa6-54c6b0949aa9:group-6F599AD9DAF8:LeaderElection14: begin an election at term 1 for -1: [97d69fd4-8e52-4023-8fa6-54c6b0949aa9:192.168.157.195:38621], old=null
2019-09-12 10:21:31,213 [Thread-236] INFO  impl.FollowerState (FollowerState.java:run(106)) - 5ad3b1f4-7cb1-4e63-b16b-8b3fa333f3d3:group-511639E3FD4C changes to CANDIDATE, lastRpcTime:5065, electionTimeout:5052ms
2019-09-12 10:21:31,214 [97d69fd4-8e52-4023-8fa6-54c6b0949aa9:group-6F599AD9DAF8:LeaderElection14] INFO  impl.RoleInfo (RoleInfo.java:shutdownLeaderElection(134)) - 97d69fd4-8e52-4023-8fa6-54c6b0949aa9: shutdown LeaderElection
2019-09-12 10:21:31,215 [Thread-236] INFO  impl.RoleInfo (RoleInfo.java:shutdownFollowerState(121)) - 5ad3b1f4-7cb1-4e63-b16b-8b3fa333f3d3: shutdown FollowerState
2019-09-12 10:21:31,215 [97d69fd4-8e52-4023-8fa6-54c6b0949aa9:group-6F599AD9DAF8:LeaderElection14] INFO  impl.RaftServerImpl (RaftServerImpl.java:setRole(171)) - 97d69fd4-8e52-4023-8fa6-54c6b0949aa9:group-6F599AD9DAF8 changes role from CANDIDATE to LEADER at term 1 for changeToLeader
2019-09-12 10:21:31,215 [Thread-236] INFO  impl.RaftServerImpl (RaftServerImpl.java:setRole(171)) - 5ad3b1f4-7cb1-4e63-b16b-8b3fa333f3d3:group-511639E3FD4C changes role from FOLLOWER to CANDIDATE at term 0 for changeToCandidate
2019-09-12 10:21:31,215 [97d69fd4-8e52-4023-8fa6-54c6b0949aa9:group-6F599AD9DAF8:LeaderElection14] INFO  impl.RaftServerImpl (ServerState.java:setLeader(263)) - 97d69fd4-8e52-4023-8fa6-54c6b0949aa9:group-6F599AD9DAF8 change Leader from null to 97d69fd4-8e52-4023-8fa6-54c6b0949aa9 at term 1 for becomeLeader, leader elected after 5205ms
2019-09-12 10:21:31,215 [Thread-236] INFO  impl.RoleInfo (RoleInfo.java:updateAndGet(143)) - 5ad3b1f4-7cb1-4e63-b16b-8b3fa333f3d3: start LeaderElection
2019-09-12 10:21:31,215 [97d69fd4-8e52-4023-8fa6-54c6b0949aa9:group-6F599AD9DAF8:LeaderElection14] INFO  server.RaftServerConfigKeys (ConfUtils.java:logGet(43)) - raft.server.staging.catchup.gap = 1000 (default)
2019-09-12 10:21:31,216 [97d69fd4-8e52-4023-8fa6-54c6b0949aa9:group-6F599AD9DAF8:LeaderElection14] INFO  server.RaftServerConfigKeys (ConfUtils.java:logGet(43)) - raft.server.rpc.sleep.time = 25ms (default)
2019-09-12 10:21:31,220 [97d69fd4-8e52-4023-8fa6-54c6b0949aa9:group-6F599AD9DAF8:LeaderElection14] INFO  server.RaftServerConfigKeys (ConfUtils.java:logGet(43)) - raft.server.write.element-limit = 4096 (default)
2019-09-12 10:21:31,220 [97d69fd4-8e52-4023-8fa6-54c6b0949aa9:group-6F599AD9DAF8:LeaderElection14] INFO  server.RaftServerConfigKeys (ConfUtils.java:logGet(43)) - raft.server.watch.timeout = 10s (default)
2019-09-12 10:21:31,220 [97d69fd4-8e52-4023-8fa6-54c6b0949aa9:group-6F599AD9DAF8:LeaderElection14] INFO  server.RaftServerConfigKeys (ConfUtils.java:logGet(43)) - raft.server.watch.timeout.denomination = 1s (default)
2019-09-12 10:21:31,220 [97d69fd4-8e52-4023-8fa6-54c6b0949aa9:group-6F599AD9DAF8:LeaderElection14] INFO  server.RaftServerConfigKeys (ConfUtils.java:logGet(43)) - raft.server.watch.element-limit = 65536 (default)
2019-09-12 10:21:31,221 [97d69fd4-8e52-4023-8fa6-54c6b0949aa9:group-6F599AD9DAF8:LeaderElection14] INFO  impl.RoleInfo (RoleInfo.java:updateAndGet(143)) - 97d69fd4-8e52-4023-8fa6-54c6b0949aa9: start LeaderState
2019-09-12 10:21:31,221 [97d69fd4-8e52-4023-8fa6-54c6b0949aa9:group-6F599AD9DAF8:LeaderElection14] INFO  segmented.SegmentedRaftLogWorker (SegmentedRaftLogWorker.java:startLogSegment(380)) - 97d69fd4-8e52-4023-8fa6-54c6b0949aa9-SegmentedRaftLogWorker:Storage Directory /workdir/hadoop-ozone/integration-test/target/test-dir/MiniOzoneClusterImpl-8a368e31-8812-42c3-a9b0-be5bfd809ffd/datanode-3/data/ratis/b4b178ee-2a27-4fc5-8ab2-6f599ad9daf8: Starting segment from index:0
2019-09-12 10:21:31,222 [97d69fd4-8e52-4023-8fa6-54c6b0949aa9:group-6F599AD9DAF8:LeaderElection14] INFO  impl.RaftServerImpl (ServerState.java:setRaftConf(361)) - 97d69fd4-8e52-4023-8fa6-54c6b0949aa9:group-6F599AD9DAF8 set configuration 0: [97d69fd4-8e52-4023-8fa6-54c6b0949aa9:192.168.157.195:38621], old=null at 0
2019-09-12 10:21:31,261 [464357b9-d640-4e4a-892f-a68e44244c3b-SegmentedRaftLogWorker:Storage Directory /workdir/hadoop-ozone/integration-test/target/test-dir/MiniOzoneClusterImpl-8a368e31-8812-42c3-a9b0-be5bfd809ffd/datanode-0/data/ratis/f431735f-36fb-4782-96ff-20b6bbbd6550] INFO  segmented.SegmentedRaftLogWorker (SegmentedRaftLogWorker.java:execute(569)) - 464357b9-d640-4e4a-892f-a68e44244c3b-SegmentedRaftLogWorker:Storage Directory /workdir/hadoop-ozone/integration-test/target/test-dir/MiniOzoneClusterImpl-8a368e31-8812-42c3-a9b0-be5bfd809ffd/datanode-0/data/ratis/f431735f-36fb-4782-96ff-20b6bbbd6550: created new log segment /workdir/hadoop-ozone/integration-test/target/test-dir/MiniOzoneClusterImpl-8a368e31-8812-42c3-a9b0-be5bfd809ffd/datanode-0/data/ratis/f431735f-36fb-4782-96ff-20b6bbbd6550/current/log_inprogress_0
2019-09-12 10:21:31,261 [5ad3b1f4-7cb1-4e63-b16b-8b3fa333f3d3:group-511639E3FD4C:LeaderElection15] INFO  impl.LeaderElection (LeaderElection.java:askForVotes(181)) - 5ad3b1f4-7cb1-4e63-b16b-8b3fa333f3d3:group-511639E3FD4C:LeaderElection15: begin an election at term 1 for -1: [5ad3b1f4-7cb1-4e63-b16b-8b3fa333f3d3:192.168.157.195:37868], old=null
2019-09-12 10:21:31,261 [5ad3b1f4-7cb1-4e63-b16b-8b3fa333f3d3:group-511639E3FD4C:LeaderElection15] INFO  impl.RoleInfo (RoleInfo.java:shutdownLeaderElection(134)) - 5ad3b1f4-7cb1-4e63-b16b-8b3fa333f3d3: shutdown LeaderElection
2019-09-12 10:21:31,262 [5ad3b1f4-7cb1-4e63-b16b-8b3fa333f3d3:group-511639E3FD4C:LeaderElection15] INFO  impl.RaftServerImpl (RaftServerImpl.java:setRole(171)) - 5ad3b1f4-7cb1-4e63-b16b-8b3fa333f3d3:group-511639E3FD4C changes role from CANDIDATE to LEADER at term 1 for changeToLeader
2019-09-12 10:21:31,262 [5ad3b1f4-7cb1-4e63-b16b-8b3fa333f3d3:group-511639E3FD4C:LeaderElection15] INFO  impl.RaftServerImpl (ServerState.java:setLeader(263)) - 5ad3b1f4-7cb1-4e63-b16b-8b3fa333f3d3:group-511639E3FD4C change Leader from null to 5ad3b1f4-7cb1-4e63-b16b-8b3fa333f3d3 at term 1 for becomeLeader, leader elected after 5119ms
2019-09-12 10:21:31,262 [5ad3b1f4-7cb1-4e63-b16b-8b3fa333f3d3:group-511639E3FD4C:LeaderElection15] INFO  server.RaftServerConfigKeys (ConfUtils.java:logGet(43)) - raft.server.staging.catchup.gap = 1000 (default)
2019-09-12 10:21:31,262 [5ad3b1f4-7cb1-4e63-b16b-8b3fa333f3d3:group-511639E3FD4C:LeaderElection15] INFO  server.RaftServerConfigKeys (ConfUtils.java:logGet(43)) - raft.server.rpc.sleep.time = 25ms (default)
2019-09-12 10:21:31,263 [5ad3b1f4-7cb1-4e63-b16b-8b3fa333f3d3:group-511639E3FD4C:LeaderElection15] INFO  server.RaftServerConfigKeys (ConfUtils.java:logGet(43)) - raft.server.write.element-limit = 4096 (default)
2019-09-12 10:21:31,263 [5ad3b1f4-7cb1-4e63-b16b-8b3fa333f3d3:group-511639E3FD4C:LeaderElection15] INFO  server.RaftServerConfigKeys (ConfUtils.java:logGet(43)) - raft.server.watch.timeout = 10s (default)
2019-09-12 10:21:31,263 [5ad3b1f4-7cb1-4e63-b16b-8b3fa333f3d3:group-511639E3FD4C:LeaderElection15] INFO  server.RaftServerConfigKeys (ConfUtils.java:logGet(43)) - raft.server.watch.timeout.denomination = 1s (default)
2019-09-12 10:21:31,263 [5ad3b1f4-7cb1-4e63-b16b-8b3fa333f3d3:group-511639E3FD4C:LeaderElection15] INFO  server.RaftServerConfigKeys (ConfUtils.java:logGet(43)) - raft.server.watch.element-limit = 65536 (default)
2019-09-12 10:21:31,263 [5ad3b1f4-7cb1-4e63-b16b-8b3fa333f3d3:group-511639E3FD4C:LeaderElection15] INFO  impl.RoleInfo (RoleInfo.java:updateAndGet(143)) - 5ad3b1f4-7cb1-4e63-b16b-8b3fa333f3d3: start LeaderState
2019-09-12 10:21:31,264 [5ad3b1f4-7cb1-4e63-b16b-8b3fa333f3d3:group-511639E3FD4C:LeaderElection15] INFO  segmented.SegmentedRaftLogWorker (SegmentedRaftLogWorker.java:startLogSegment(380)) - 5ad3b1f4-7cb1-4e63-b16b-8b3fa333f3d3-SegmentedRaftLogWorker:Storage Directory /workdir/hadoop-ozone/integration-test/target/test-dir/MiniOzoneClusterImpl-8a368e31-8812-42c3-a9b0-be5bfd809ffd/datanode-1/data/ratis/d32dfb2d-fbd3-4d09-b8b1-511639e3fd4c: Starting segment from index:0
2019-09-12 10:21:31,264 [5ad3b1f4-7cb1-4e63-b16b-8b3fa333f3d3:group-511639E3FD4C:LeaderElection15] INFO  impl.RaftServerImpl (ServerState.java:setRaftConf(361)) - 5ad3b1f4-7cb1-4e63-b16b-8b3fa333f3d3:group-511639E3FD4C set configuration 0: [5ad3b1f4-7cb1-4e63-b16b-8b3fa333f3d3:192.168.157.195:37868], old=null at 0
2019-09-12 10:21:31,291 [97d69fd4-8e52-4023-8fa6-54c6b0949aa9-SegmentedRaftLogWorker:Storage Directory /workdir/hadoop-ozone/integration-test/target/test-dir/MiniOzoneClusterImpl-8a368e31-8812-42c3-a9b0-be5bfd809ffd/datanode-3/data/ratis/b4b178ee-2a27-4fc5-8ab2-6f599ad9daf8] INFO  segmented.SegmentedRaftLogWorker (SegmentedRaftLogWorker.java:execute(569)) - 97d69fd4-8e52-4023-8fa6-54c6b0949aa9-SegmentedRaftLogWorker:Storage Directory /workdir/hadoop-ozone/integration-test/target/test-dir/MiniOzoneClusterImpl-8a368e31-8812-42c3-a9b0-be5bfd809ffd/datanode-3/data/ratis/b4b178ee-2a27-4fc5-8ab2-6f599ad9daf8: created new log segment /workdir/hadoop-ozone/integration-test/target/test-dir/MiniOzoneClusterImpl-8a368e31-8812-42c3-a9b0-be5bfd809ffd/datanode-3/data/ratis/b4b178ee-2a27-4fc5-8ab2-6f599ad9daf8/current/log_inprogress_0
2019-09-12 10:21:31,305 [5ad3b1f4-7cb1-4e63-b16b-8b3fa333f3d3-SegmentedRaftLogWorker:Storage Directory /workdir/hadoop-ozone/integration-test/target/test-dir/MiniOzoneClusterImpl-8a368e31-8812-42c3-a9b0-be5bfd809ffd/datanode-1/data/ratis/d32dfb2d-fbd3-4d09-b8b1-511639e3fd4c] INFO  segmented.SegmentedRaftLogWorker (SegmentedRaftLogWorker.java:execute(569)) - 5ad3b1f4-7cb1-4e63-b16b-8b3fa333f3d3-SegmentedRaftLogWorker:Storage Directory /workdir/hadoop-ozone/integration-test/target/test-dir/MiniOzoneClusterImpl-8a368e31-8812-42c3-a9b0-be5bfd809ffd/datanode-1/data/ratis/d32dfb2d-fbd3-4d09-b8b1-511639e3fd4c: created new log segment /workdir/hadoop-ozone/integration-test/target/test-dir/MiniOzoneClusterImpl-8a368e31-8812-42c3-a9b0-be5bfd809ffd/datanode-1/data/ratis/d32dfb2d-fbd3-4d09-b8b1-511639e3fd4c/current/log_inprogress_0
2019-09-12 10:21:31,322 [Thread-239] INFO  impl.FollowerState (FollowerState.java:run(106)) - 464357b9-d640-4e4a-892f-a68e44244c3b:group-DD682A177973 changes to CANDIDATE, lastRpcTime:5113, electionTimeout:5113ms
2019-09-12 10:21:31,324 [Thread-239] INFO  impl.RoleInfo (RoleInfo.java:shutdownFollowerState(121)) - 464357b9-d640-4e4a-892f-a68e44244c3b: shutdown FollowerState
2019-09-12 10:21:31,324 [Thread-239] INFO  impl.RaftServerImpl (RaftServerImpl.java:setRole(171)) - 464357b9-d640-4e4a-892f-a68e44244c3b:group-DD682A177973 changes role from FOLLOWER to CANDIDATE at term 0 for changeToCandidate
2019-09-12 10:21:31,324 [Thread-239] INFO  impl.RoleInfo (RoleInfo.java:updateAndGet(143)) - 464357b9-d640-4e4a-892f-a68e44244c3b: start LeaderElection
2019-09-12 10:21:31,341 [464357b9-d640-4e4a-892f-a68e44244c3b:group-DD682A177973:LeaderElection16] INFO  impl.LeaderElection (LeaderElection.java:askForVotes(181)) - 464357b9-d640-4e4a-892f-a68e44244c3b:group-DD682A177973:LeaderElection16: begin an election at term 1 for -1: [464357b9-d640-4e4a-892f-a68e44244c3b:192.168.157.195:35243], old=null
2019-09-12 10:21:31,346 [464357b9-d640-4e4a-892f-a68e44244c3b:group-DD682A177973:LeaderElection16] INFO  impl.RoleInfo (RoleInfo.java:shutdownLeaderElection(134)) - 464357b9-d640-4e4a-892f-a68e44244c3b: shutdown LeaderElection
2019-09-12 10:21:31,346 [464357b9-d640-4e4a-892f-a68e44244c3b:group-DD682A177973:LeaderElection16] INFO  impl.RaftServerImpl (RaftServerImpl.java:setRole(171)) - 464357b9-d640-4e4a-892f-a68e44244c3b:group-DD682A177973 changes role from CANDIDATE to LEADER at term 1 for changeToLeader
2019-09-12 10:21:31,347 [464357b9-d640-4e4a-892f-a68e44244c3b:group-DD682A177973:LeaderElection16] INFO  impl.RaftServerImpl (ServerState.java:setLeader(263)) - 464357b9-d640-4e4a-892f-a68e44244c3b:group-DD682A177973 change Leader from null to 464357b9-d640-4e4a-892f-a68e44244c3b at term 1 for becomeLeader, leader elected after 5142ms
2019-09-12 10:21:31,347 [464357b9-d640-4e4a-892f-a68e44244c3b:group-DD682A177973:LeaderElection16] INFO  server.RaftServerConfigKeys (ConfUtils.java:logGet(43)) - raft.server.staging.catchup.gap = 1000 (default)
2019-09-12 10:21:31,347 [464357b9-d640-4e4a-892f-a68e44244c3b:group-DD682A177973:LeaderElection16] INFO  server.RaftServerConfigKeys (ConfUtils.java:logGet(43)) - raft.server.rpc.sleep.time = 25ms (default)
2019-09-12 10:21:31,347 [464357b9-d640-4e4a-892f-a68e44244c3b:group-DD682A177973:LeaderElection16] INFO  server.RaftServerConfigKeys (ConfUtils.java:logGet(43)) - raft.server.write.element-limit = 4096 (default)
2019-09-12 10:21:31,347 [464357b9-d640-4e4a-892f-a68e44244c3b:group-DD682A177973:LeaderElection16] INFO  server.RaftServerConfigKeys (ConfUtils.java:logGet(43)) - raft.server.watch.timeout = 10s (default)
2019-09-12 10:21:31,347 [464357b9-d640-4e4a-892f-a68e44244c3b:group-DD682A177973:LeaderElection16] INFO  server.RaftServerConfigKeys (ConfUtils.java:logGet(43)) - raft.server.watch.timeout.denomination = 1s (default)
2019-09-12 10:21:31,348 [464357b9-d640-4e4a-892f-a68e44244c3b:group-DD682A177973:LeaderElection16] INFO  server.RaftServerConfigKeys (ConfUtils.java:logGet(43)) - raft.server.watch.element-limit = 65536 (default)
2019-09-12 10:21:31,348 [464357b9-d640-4e4a-892f-a68e44244c3b:group-DD682A177973:LeaderElection16] INFO  impl.RoleInfo (RoleInfo.java:updateAndGet(143)) - 464357b9-d640-4e4a-892f-a68e44244c3b: start LeaderState
2019-09-12 10:21:31,348 [464357b9-d640-4e4a-892f-a68e44244c3b:group-DD682A177973:LeaderElection16] INFO  segmented.SegmentedRaftLogWorker (SegmentedRaftLogWorker.java:startLogSegment(380)) - 464357b9-d640-4e4a-892f-a68e44244c3b-SegmentedRaftLogWorker:Storage Directory /workdir/hadoop-ozone/integration-test/target/test-dir/MiniOzoneClusterImpl-8a368e31-8812-42c3-a9b0-be5bfd809ffd/datanode-0/data/ratis/7e8edd91-e16c-44cc-9732-dd682a177973: Starting segment from index:0
2019-09-12 10:21:31,349 [464357b9-d640-4e4a-892f-a68e44244c3b:group-DD682A177973:LeaderElection16] INFO  impl.RaftServerImpl (ServerState.java:setRaftConf(361)) - 464357b9-d640-4e4a-892f-a68e44244c3b:group-DD682A177973 set configuration 0: [464357b9-d640-4e4a-892f-a68e44244c3b:192.168.157.195:35243], old=null at 0
2019-09-12 10:21:31,386 [Thread-242] INFO  impl.FollowerState (FollowerState.java:run(106)) - 0de21071-135c-4e9f-9147-689c91c53707:group-13B5230A83F6 changes to CANDIDATE, lastRpcTime:5124, electionTimeout:5092ms
2019-09-12 10:21:31,386 [Thread-242] INFO  impl.RoleInfo (RoleInfo.java:shutdownFollowerState(121)) - 0de21071-135c-4e9f-9147-689c91c53707: shutdown FollowerState
2019-09-12 10:21:31,387 [Thread-242] INFO  impl.RaftServerImpl (RaftServerImpl.java:setRole(171)) - 0de21071-135c-4e9f-9147-689c91c53707:group-13B5230A83F6 changes role from FOLLOWER to CANDIDATE at term 0 for changeToCandidate
2019-09-12 10:21:31,387 [Thread-242] INFO  impl.RoleInfo (RoleInfo.java:updateAndGet(143)) - 0de21071-135c-4e9f-9147-689c91c53707: start LeaderElection
2019-09-12 10:21:31,397 [464357b9-d640-4e4a-892f-a68e44244c3b-SegmentedRaftLogWorker:Storage Directory /workdir/hadoop-ozone/integration-test/target/test-dir/MiniOzoneClusterImpl-8a368e31-8812-42c3-a9b0-be5bfd809ffd/datanode-0/data/ratis/7e8edd91-e16c-44cc-9732-dd682a177973] INFO  segmented.SegmentedRaftLogWorker (SegmentedRaftLogWorker.java:execute(569)) - 464357b9-d640-4e4a-892f-a68e44244c3b-SegmentedRaftLogWorker:Storage Directory /workdir/hadoop-ozone/integration-test/target/test-dir/MiniOzoneClusterImpl-8a368e31-8812-42c3-a9b0-be5bfd809ffd/datanode-0/data/ratis/7e8edd91-e16c-44cc-9732-dd682a177973: created new log segment /workdir/hadoop-ozone/integration-test/target/test-dir/MiniOzoneClusterImpl-8a368e31-8812-42c3-a9b0-be5bfd809ffd/datanode-0/data/ratis/7e8edd91-e16c-44cc-9732-dd682a177973/current/log_inprogress_0
2019-09-12 10:21:31,397 [0de21071-135c-4e9f-9147-689c91c53707:group-13B5230A83F6:LeaderElection17] INFO  impl.LeaderElection (LeaderElection.java:askForVotes(181)) - 0de21071-135c-4e9f-9147-689c91c53707:group-13B5230A83F6:LeaderElection17: begin an election at term 1 for -1: [0de21071-135c-4e9f-9147-689c91c53707:192.168.157.195:37667], old=null
2019-09-12 10:21:31,397 [0de21071-135c-4e9f-9147-689c91c53707:group-13B5230A83F6:LeaderElection17] INFO  impl.RoleInfo (RoleInfo.java:shutdownLeaderElection(134)) - 0de21071-135c-4e9f-9147-689c91c53707: shutdown LeaderElection
2019-09-12 10:21:31,397 [0de21071-135c-4e9f-9147-689c91c53707:group-13B5230A83F6:LeaderElection17] INFO  impl.RaftServerImpl (RaftServerImpl.java:setRole(171)) - 0de21071-135c-4e9f-9147-689c91c53707:group-13B5230A83F6 changes role from CANDIDATE to LEADER at term 1 for changeToLeader
2019-09-12 10:21:31,397 [0de21071-135c-4e9f-9147-689c91c53707:group-13B5230A83F6:LeaderElection17] INFO  impl.RaftServerImpl (ServerState.java:setLeader(263)) - 0de21071-135c-4e9f-9147-689c91c53707:group-13B5230A83F6 change Leader from null to 0de21071-135c-4e9f-9147-689c91c53707 at term 1 for becomeLeader, leader elected after 5140ms
2019-09-12 10:21:31,398 [0de21071-135c-4e9f-9147-689c91c53707:group-13B5230A83F6:LeaderElection17] INFO  server.RaftServerConfigKeys (ConfUtils.java:logGet(43)) - raft.server.staging.catchup.gap = 1000 (default)
2019-09-12 10:21:31,398 [0de21071-135c-4e9f-9147-689c91c53707:group-13B5230A83F6:LeaderElection17] INFO  server.RaftServerConfigKeys (ConfUtils.java:logGet(43)) - raft.server.rpc.sleep.time = 25ms (default)
2019-09-12 10:21:31,398 [0de21071-135c-4e9f-9147-689c91c53707:group-13B5230A83F6:LeaderElection17] INFO  server.RaftServerConfigKeys (ConfUtils.java:logGet(43)) - raft.server.write.element-limit = 4096 (default)
2019-09-12 10:21:31,398 [0de21071-135c-4e9f-9147-689c91c53707:group-13B5230A83F6:LeaderElection17] INFO  server.RaftServerConfigKeys (ConfUtils.java:logGet(43)) - raft.server.watch.timeout = 10s (default)
2019-09-12 10:21:31,398 [0de21071-135c-4e9f-9147-689c91c53707:group-13B5230A83F6:LeaderElection17] INFO  server.RaftServerConfigKeys (ConfUtils.java:logGet(43)) - raft.server.watch.timeout.denomination = 1s (default)
2019-09-12 10:21:31,399 [0de21071-135c-4e9f-9147-689c91c53707:group-13B5230A83F6:LeaderElection17] INFO  server.RaftServerConfigKeys (ConfUtils.java:logGet(43)) - raft.server.watch.element-limit = 65536 (default)
2019-09-12 10:21:31,399 [0de21071-135c-4e9f-9147-689c91c53707:group-13B5230A83F6:LeaderElection17] INFO  impl.RoleInfo (RoleInfo.java:updateAndGet(143)) - 0de21071-135c-4e9f-9147-689c91c53707: start LeaderState
2019-09-12 10:21:31,399 [0de21071-135c-4e9f-9147-689c91c53707:group-13B5230A83F6:LeaderElection17] INFO  segmented.SegmentedRaftLogWorker (SegmentedRaftLogWorker.java:startLogSegment(380)) - 0de21071-135c-4e9f-9147-689c91c53707-SegmentedRaftLogWorker:Storage Directory /workdir/hadoop-ozone/integration-test/target/test-dir/MiniOzoneClusterImpl-8a368e31-8812-42c3-a9b0-be5bfd809ffd/datanode-2/data/ratis/e4b4c605-ab58-4bd5-8d93-13b5230a83f6: Starting segment from index:0
2019-09-12 10:21:31,400 [0de21071-135c-4e9f-9147-689c91c53707:group-13B5230A83F6:LeaderElection17] INFO  impl.RaftServerImpl (ServerState.java:setRaftConf(361)) - 0de21071-135c-4e9f-9147-689c91c53707:group-13B5230A83F6 set configuration 0: [0de21071-135c-4e9f-9147-689c91c53707:192.168.157.195:37667], old=null at 0
2019-09-12 10:21:31,453 [0de21071-135c-4e9f-9147-689c91c53707-SegmentedRaftLogWorker:Storage Directory /workdir/hadoop-ozone/integration-test/target/test-dir/MiniOzoneClusterImpl-8a368e31-8812-42c3-a9b0-be5bfd809ffd/datanode-2/data/ratis/e4b4c605-ab58-4bd5-8d93-13b5230a83f6] INFO  segmented.SegmentedRaftLogWorker (SegmentedRaftLogWorker.java:execute(569)) - 0de21071-135c-4e9f-9147-689c91c53707-SegmentedRaftLogWorker:Storage Directory /workdir/hadoop-ozone/integration-test/target/test-dir/MiniOzoneClusterImpl-8a368e31-8812-42c3-a9b0-be5bfd809ffd/datanode-2/data/ratis/e4b4c605-ab58-4bd5-8d93-13b5230a83f6: created new log segment /workdir/hadoop-ozone/integration-test/target/test-dir/MiniOzoneClusterImpl-8a368e31-8812-42c3-a9b0-be5bfd809ffd/datanode-2/data/ratis/e4b4c605-ab58-4bd5-8d93-13b5230a83f6/current/log_inprogress_0
2019-09-12 10:21:31,485 [Thread-245] INFO  impl.FollowerState (FollowerState.java:run(106)) - 97d69fd4-8e52-4023-8fa6-54c6b0949aa9:group-BDE4C0C1D5CB changes to CANDIDATE, lastRpcTime:5167, electionTimeout:5167ms
2019-09-12 10:21:31,485 [Thread-245] INFO  impl.RoleInfo (RoleInfo.java:shutdownFollowerState(121)) - 97d69fd4-8e52-4023-8fa6-54c6b0949aa9: shutdown FollowerState
2019-09-12 10:21:31,485 [Thread-245] INFO  impl.RaftServerImpl (RaftServerImpl.java:setRole(171)) - 97d69fd4-8e52-4023-8fa6-54c6b0949aa9:group-BDE4C0C1D5CB changes role from FOLLOWER to CANDIDATE at term 0 for changeToCandidate
2019-09-12 10:21:31,485 [Thread-245] INFO  impl.RoleInfo (RoleInfo.java:updateAndGet(143)) - 97d69fd4-8e52-4023-8fa6-54c6b0949aa9: start LeaderElection
2019-09-12 10:21:31,503 [97d69fd4-8e52-4023-8fa6-54c6b0949aa9:group-BDE4C0C1D5CB:LeaderElection18] INFO  impl.LeaderElection (LeaderElection.java:askForVotes(181)) - 97d69fd4-8e52-4023-8fa6-54c6b0949aa9:group-BDE4C0C1D5CB:LeaderElection18: begin an election at term 1 for -1: [97d69fd4-8e52-4023-8fa6-54c6b0949aa9:192.168.157.195:38621], old=null
2019-09-12 10:21:31,503 [97d69fd4-8e52-4023-8fa6-54c6b0949aa9:group-BDE4C0C1D5CB:LeaderElection18] INFO  impl.RoleInfo (RoleInfo.java:shutdownLeaderElection(134)) - 97d69fd4-8e52-4023-8fa6-54c6b0949aa9: shutdown LeaderElection
2019-09-12 10:21:31,503 [97d69fd4-8e52-4023-8fa6-54c6b0949aa9:group-BDE4C0C1D5CB:LeaderElection18] INFO  impl.RaftServerImpl (RaftServerImpl.java:setRole(171)) - 97d69fd4-8e52-4023-8fa6-54c6b0949aa9:group-BDE4C0C1D5CB changes role from CANDIDATE to LEADER at term 1 for changeToLeader
2019-09-12 10:21:31,504 [97d69fd4-8e52-4023-8fa6-54c6b0949aa9:group-BDE4C0C1D5CB:LeaderElection18] INFO  impl.RaftServerImpl (ServerState.java:setLeader(263)) - 97d69fd4-8e52-4023-8fa6-54c6b0949aa9:group-BDE4C0C1D5CB change Leader from null to 97d69fd4-8e52-4023-8fa6-54c6b0949aa9 at term 1 for becomeLeader, leader elected after 5190ms
2019-09-12 10:21:31,504 [97d69fd4-8e52-4023-8fa6-54c6b0949aa9:group-BDE4C0C1D5CB:LeaderElection18] INFO  server.RaftServerConfigKeys (ConfUtils.java:logGet(43)) - raft.server.staging.catchup.gap = 1000 (default)
2019-09-12 10:21:31,504 [97d69fd4-8e52-4023-8fa6-54c6b0949aa9:group-BDE4C0C1D5CB:LeaderElection18] INFO  server.RaftServerConfigKeys (ConfUtils.java:logGet(43)) - raft.server.rpc.sleep.time = 25ms (default)
2019-09-12 10:21:31,504 [Thread-248] INFO  impl.FollowerState (FollowerState.java:run(106)) - 97d69fd4-8e52-4023-8fa6-54c6b0949aa9:group-5048A005CBFF changes to CANDIDATE, lastRpcTime:5133, electionTimeout:5133ms
2019-09-12 10:21:31,504 [Thread-248] INFO  impl.RoleInfo (RoleInfo.java:shutdownFollowerState(121)) - 97d69fd4-8e52-4023-8fa6-54c6b0949aa9: shutdown FollowerState
2019-09-12 10:21:31,504 [97d69fd4-8e52-4023-8fa6-54c6b0949aa9:group-BDE4C0C1D5CB:LeaderElection18] INFO  server.RaftServerConfigKeys (ConfUtils.java:logGet(43)) - raft.server.write.element-limit = 4096 (default)
2019-09-12 10:21:31,504 [Thread-248] INFO  impl.RaftServerImpl (RaftServerImpl.java:setRole(171)) - 97d69fd4-8e52-4023-8fa6-54c6b0949aa9:group-5048A005CBFF changes role from FOLLOWER to CANDIDATE at term 0 for changeToCandidate
2019-09-12 10:21:31,505 [97d69fd4-8e52-4023-8fa6-54c6b0949aa9:group-BDE4C0C1D5CB:LeaderElection18] INFO  server.RaftServerConfigKeys (ConfUtils.java:logGet(43)) - raft.server.watch.timeout = 10s (default)
2019-09-12 10:21:31,505 [Thread-248] INFO  impl.RoleInfo (RoleInfo.java:updateAndGet(143)) - 97d69fd4-8e52-4023-8fa6-54c6b0949aa9: start LeaderElection
2019-09-12 10:21:31,505 [97d69fd4-8e52-4023-8fa6-54c6b0949aa9:group-BDE4C0C1D5CB:LeaderElection18] INFO  server.RaftServerConfigKeys (ConfUtils.java:logGet(43)) - raft.server.watch.timeout.denomination = 1s (default)
2019-09-12 10:21:31,506 [97d69fd4-8e52-4023-8fa6-54c6b0949aa9:group-BDE4C0C1D5CB:LeaderElection18] INFO  server.RaftServerConfigKeys (ConfUtils.java:logGet(43)) - raft.server.watch.element-limit = 65536 (default)
2019-09-12 10:21:31,509 [97d69fd4-8e52-4023-8fa6-54c6b0949aa9:group-BDE4C0C1D5CB:LeaderElection18] INFO  impl.RoleInfo (RoleInfo.java:updateAndGet(143)) - 97d69fd4-8e52-4023-8fa6-54c6b0949aa9: start LeaderState
2019-09-12 10:21:31,509 [97d69fd4-8e52-4023-8fa6-54c6b0949aa9:group-BDE4C0C1D5CB:LeaderElection18] INFO  segmented.SegmentedRaftLogWorker (SegmentedRaftLogWorker.java:startLogSegment(380)) - 97d69fd4-8e52-4023-8fa6-54c6b0949aa9-SegmentedRaftLogWorker:Storage Directory /workdir/hadoop-ozone/integration-test/target/test-dir/MiniOzoneClusterImpl-8a368e31-8812-42c3-a9b0-be5bfd809ffd/datanode-3/data/ratis/70340a9a-802d-4731-9c91-bde4c0c1d5cb: Starting segment from index:0
2019-09-12 10:21:31,510 [97d69fd4-8e52-4023-8fa6-54c6b0949aa9:group-BDE4C0C1D5CB:LeaderElection18] INFO  impl.RaftServerImpl (ServerState.java:setRaftConf(361)) - 97d69fd4-8e52-4023-8fa6-54c6b0949aa9:group-BDE4C0C1D5CB set configuration 0: [97d69fd4-8e52-4023-8fa6-54c6b0949aa9:192.168.157.195:38621], old=null at 0
2019-09-12 10:21:31,547 [Thread-251] INFO  impl.FollowerState (FollowerState.java:run(106)) - 97d69fd4-8e52-4023-8fa6-54c6b0949aa9:group-D5D57D0ECBBF changes to CANDIDATE, lastRpcTime:5112, electionTimeout:5087ms
2019-09-12 10:21:31,547 [Thread-254] INFO  impl.FollowerState (FollowerState.java:run(106)) - 0de21071-135c-4e9f-9147-689c91c53707:group-43FF697E8405 changes to CANDIDATE, lastRpcTime:5042, electionTimeout:5021ms
2019-09-12 10:21:31,547 [97d69fd4-8e52-4023-8fa6-54c6b0949aa9:group-5048A005CBFF:LeaderElection19] INFO  impl.LeaderElection (LeaderElection.java:askForVotes(181)) - 97d69fd4-8e52-4023-8fa6-54c6b0949aa9:group-5048A005CBFF:LeaderElection19: begin an election at term 1 for -1: [97d69fd4-8e52-4023-8fa6-54c6b0949aa9:192.168.157.195:38621], old=null
2019-09-12 10:21:31,547 [Thread-251] INFO  impl.RoleInfo (RoleInfo.java:shutdownFollowerState(121)) - 97d69fd4-8e52-4023-8fa6-54c6b0949aa9: shutdown FollowerState
2019-09-12 10:21:31,547 [97d69fd4-8e52-4023-8fa6-54c6b0949aa9:group-5048A005CBFF:LeaderElection19] INFO  impl.RoleInfo (RoleInfo.java:shutdownLeaderElection(134)) - 97d69fd4-8e52-4023-8fa6-54c6b0949aa9: shutdown LeaderElection
2019-09-12 10:21:31,547 [Thread-254] INFO  impl.RoleInfo (RoleInfo.java:shutdownFollowerState(121)) - 0de21071-135c-4e9f-9147-689c91c53707: shutdown FollowerState
2019-09-12 10:21:31,548 [97d69fd4-8e52-4023-8fa6-54c6b0949aa9:group-5048A005CBFF:LeaderElection19] INFO  impl.RaftServerImpl (RaftServerImpl.java:setRole(171)) - 97d69fd4-8e52-4023-8fa6-54c6b0949aa9:group-5048A005CBFF changes role from CANDIDATE to LEADER at term 1 for changeToLeader
2019-09-12 10:21:31,548 [Thread-251] INFO  impl.RaftServerImpl (RaftServerImpl.java:setRole(171)) - 97d69fd4-8e52-4023-8fa6-54c6b0949aa9:group-D5D57D0ECBBF changes role from FOLLOWER to CANDIDATE at term 0 for changeToCandidate
2019-09-12 10:21:31,548 [97d69fd4-8e52-4023-8fa6-54c6b0949aa9:group-5048A005CBFF:LeaderElection19] INFO  impl.RaftServerImpl (ServerState.java:setLeader(263)) - 97d69fd4-8e52-4023-8fa6-54c6b0949aa9:group-5048A005CBFF change Leader from null to 97d69fd4-8e52-4023-8fa6-54c6b0949aa9 at term 1 for becomeLeader, leader elected after 5181ms
2019-09-12 10:21:31,548 [Thread-254] INFO  impl.RaftServerImpl (RaftServerImpl.java:setRole(171)) - 0de21071-135c-4e9f-9147-689c91c53707:group-43FF697E8405 changes role from FOLLOWER to CANDIDATE at term 0 for changeToCandidate
2019-09-12 10:21:31,548 [97d69fd4-8e52-4023-8fa6-54c6b0949aa9:group-5048A005CBFF:LeaderElection19] INFO  server.RaftServerConfigKeys (ConfUtils.java:logGet(43)) - raft.server.staging.catchup.gap = 1000 (default)
2019-09-12 10:21:31,548 [Thread-254] INFO  impl.RoleInfo (RoleInfo.java:updateAndGet(143)) - 0de21071-135c-4e9f-9147-689c91c53707: start LeaderElection
2019-09-12 10:21:31,548 [Thread-251] INFO  impl.RoleInfo (RoleInfo.java:updateAndGet(143)) - 97d69fd4-8e52-4023-8fa6-54c6b0949aa9: start LeaderElection
2019-09-12 10:21:31,548 [97d69fd4-8e52-4023-8fa6-54c6b0949aa9:group-5048A005CBFF:LeaderElection19] INFO  server.RaftServerConfigKeys (ConfUtils.java:logGet(43)) - raft.server.rpc.sleep.time = 25ms (default)
2019-09-12 10:21:31,563 [97d69fd4-8e52-4023-8fa6-54c6b0949aa9-SegmentedRaftLogWorker:Storage Directory /workdir/hadoop-ozone/integration-test/target/test-dir/MiniOzoneClusterImpl-8a368e31-8812-42c3-a9b0-be5bfd809ffd/datanode-3/data/ratis/70340a9a-802d-4731-9c91-bde4c0c1d5cb] INFO  segmented.SegmentedRaftLogWorker (SegmentedRaftLogWorker.java:execute(569)) - 97d69fd4-8e52-4023-8fa6-54c6b0949aa9-SegmentedRaftLogWorker:Storage Directory /workdir/hadoop-ozone/integration-test/target/test-dir/MiniOzoneClusterImpl-8a368e31-8812-42c3-a9b0-be5bfd809ffd/datanode-3/data/ratis/70340a9a-802d-4731-9c91-bde4c0c1d5cb: created new log segment /workdir/hadoop-ozone/integration-test/target/test-dir/MiniOzoneClusterImpl-8a368e31-8812-42c3-a9b0-be5bfd809ffd/datanode-3/data/ratis/70340a9a-802d-4731-9c91-bde4c0c1d5cb/current/log_inprogress_0
2019-09-12 10:21:31,563 [Thread-257] INFO  impl.FollowerState (FollowerState.java:run(106)) - 5ad3b1f4-7cb1-4e63-b16b-8b3fa333f3d3:group-361B76DEB94E changes to CANDIDATE, lastRpcTime:5004, electionTimeout:5001ms
2019-09-12 10:21:31,564 [Thread-257] INFO  impl.RoleInfo (RoleInfo.java:shutdownFollowerState(121)) - 5ad3b1f4-7cb1-4e63-b16b-8b3fa333f3d3: shutdown FollowerState
2019-09-12 10:21:31,563 [97d69fd4-8e52-4023-8fa6-54c6b0949aa9:group-5048A005CBFF:LeaderElection19] INFO  server.RaftServerConfigKeys (ConfUtils.java:logGet(43)) - raft.server.write.element-limit = 4096 (default)
2019-09-12 10:21:31,564 [Thread-257] INFO  impl.RaftServerImpl (RaftServerImpl.java:setRole(171)) - 5ad3b1f4-7cb1-4e63-b16b-8b3fa333f3d3:group-361B76DEB94E changes role from FOLLOWER to CANDIDATE at term 0 for changeToCandidate
2019-09-12 10:21:31,565 [97d69fd4-8e52-4023-8fa6-54c6b0949aa9:group-5048A005CBFF:LeaderElection19] INFO  server.RaftServerConfigKeys (ConfUtils.java:logGet(43)) - raft.server.watch.timeout = 10s (default)
2019-09-12 10:21:31,565 [Thread-257] INFO  impl.RoleInfo (RoleInfo.java:updateAndGet(143)) - 5ad3b1f4-7cb1-4e63-b16b-8b3fa333f3d3: start LeaderElection
2019-09-12 10:21:31,565 [97d69fd4-8e52-4023-8fa6-54c6b0949aa9:group-5048A005CBFF:LeaderElection19] INFO  server.RaftServerConfigKeys (ConfUtils.java:logGet(43)) - raft.server.watch.timeout.denomination = 1s (default)
2019-09-12 10:21:31,565 [97d69fd4-8e52-4023-8fa6-54c6b0949aa9:group-5048A005CBFF:LeaderElection19] INFO  server.RaftServerConfigKeys (ConfUtils.java:logGet(43)) - raft.server.watch.element-limit = 65536 (default)
2019-09-12 10:21:31,567 [97d69fd4-8e52-4023-8fa6-54c6b0949aa9:group-5048A005CBFF:LeaderElection19] INFO  impl.RoleInfo (RoleInfo.java:updateAndGet(143)) - 97d69fd4-8e52-4023-8fa6-54c6b0949aa9: start LeaderState
2019-09-12 10:21:31,567 [97d69fd4-8e52-4023-8fa6-54c6b0949aa9:group-5048A005CBFF:LeaderElection19] INFO  segmented.SegmentedRaftLogWorker (SegmentedRaftLogWorker.java:startLogSegment(380)) - 97d69fd4-8e52-4023-8fa6-54c6b0949aa9-SegmentedRaftLogWorker:Storage Directory /workdir/hadoop-ozone/integration-test/target/test-dir/MiniOzoneClusterImpl-8a368e31-8812-42c3-a9b0-be5bfd809ffd/datanode-3/data/ratis/c2a43b20-8c9d-497e-a6e9-5048a005cbff: Starting segment from index:0
2019-09-12 10:21:31,568 [97d69fd4-8e52-4023-8fa6-54c6b0949aa9:group-5048A005CBFF:LeaderElection19] INFO  impl.RaftServerImpl (ServerState.java:setRaftConf(361)) - 97d69fd4-8e52-4023-8fa6-54c6b0949aa9:group-5048A005CBFF set configuration 0: [97d69fd4-8e52-4023-8fa6-54c6b0949aa9:192.168.157.195:38621], old=null at 0
2019-09-12 10:21:31,607 [97d69fd4-8e52-4023-8fa6-54c6b0949aa9:group-D5D57D0ECBBF:LeaderElection20] INFO  impl.LeaderElection (LeaderElection.java:askForVotes(181)) - 97d69fd4-8e52-4023-8fa6-54c6b0949aa9:group-D5D57D0ECBBF:LeaderElection20: begin an election at term 1 for -1: [97d69fd4-8e52-4023-8fa6-54c6b0949aa9:192.168.157.195:38621], old=null
2019-09-12 10:21:31,607 [5ad3b1f4-7cb1-4e63-b16b-8b3fa333f3d3:group-361B76DEB94E:LeaderElection22] INFO  impl.LeaderElection (LeaderElection.java:askForVotes(181)) - 5ad3b1f4-7cb1-4e63-b16b-8b3fa333f3d3:group-361B76DEB94E:LeaderElection22: begin an election at term 1 for -1: [5ad3b1f4-7cb1-4e63-b16b-8b3fa333f3d3:192.168.157.195:37868], old=null
2019-09-12 10:21:31,607 [97d69fd4-8e52-4023-8fa6-54c6b0949aa9:group-D5D57D0ECBBF:LeaderElection20] INFO  impl.RoleInfo (RoleInfo.java:shutdownLeaderElection(134)) - 97d69fd4-8e52-4023-8fa6-54c6b0949aa9: shutdown LeaderElection
2019-09-12 10:21:31,607 [0de21071-135c-4e9f-9147-689c91c53707:group-43FF697E8405:LeaderElection21] INFO  impl.LeaderElection (LeaderElection.java:askForVotes(181)) - 0de21071-135c-4e9f-9147-689c91c53707:group-43FF697E8405:LeaderElection21: begin an election at term 1 for -1: [0de21071-135c-4e9f-9147-689c91c53707:192.168.157.195:37667], old=null
2019-09-12 10:21:31,608 [97d69fd4-8e52-4023-8fa6-54c6b0949aa9:group-D5D57D0ECBBF:LeaderElection20] INFO  impl.RaftServerImpl (RaftServerImpl.java:setRole(171)) - 97d69fd4-8e52-4023-8fa6-54c6b0949aa9:group-D5D57D0ECBBF changes role from CANDIDATE to LEADER at term 1 for changeToLeader
2019-09-12 10:21:31,608 [5ad3b1f4-7cb1-4e63-b16b-8b3fa333f3d3:group-361B76DEB94E:LeaderElection22] INFO  impl.RoleInfo (RoleInfo.java:shutdownLeaderElection(134)) - 5ad3b1f4-7cb1-4e63-b16b-8b3fa333f3d3: shutdown LeaderElection
2019-09-12 10:21:31,608 [97d69fd4-8e52-4023-8fa6-54c6b0949aa9:group-D5D57D0ECBBF:LeaderElection20] INFO  impl.RaftServerImpl (ServerState.java:setLeader(263)) - 97d69fd4-8e52-4023-8fa6-54c6b0949aa9:group-D5D57D0ECBBF change Leader from null to 97d69fd4-8e52-4023-8fa6-54c6b0949aa9 at term 1 for becomeLeader, leader elected after 5178ms
2019-09-12 10:21:31,608 [0de21071-135c-4e9f-9147-689c91c53707:group-43FF697E8405:LeaderElection21] INFO  impl.RoleInfo (RoleInfo.java:shutdownLeaderElection(134)) - 0de21071-135c-4e9f-9147-689c91c53707: shutdown LeaderElection
2019-09-12 10:21:31,608 [97d69fd4-8e52-4023-8fa6-54c6b0949aa9:group-D5D57D0ECBBF:LeaderElection20] INFO  server.RaftServerConfigKeys (ConfUtils.java:logGet(43)) - raft.server.staging.catchup.gap = 1000 (default)
2019-09-12 10:21:31,608 [5ad3b1f4-7cb1-4e63-b16b-8b3fa333f3d3:group-361B76DEB94E:LeaderElection22] INFO  impl.RaftServerImpl (RaftServerImpl.java:setRole(171)) - 5ad3b1f4-7cb1-4e63-b16b-8b3fa333f3d3:group-361B76DEB94E changes role from CANDIDATE to LEADER at term 1 for changeToLeader
2019-09-12 10:21:31,609 [97d69fd4-8e52-4023-8fa6-54c6b0949aa9:group-D5D57D0ECBBF:LeaderElection20] INFO  server.RaftServerConfigKeys (ConfUtils.java:logGet(43)) - raft.server.rpc.sleep.time = 25ms (default)
2019-09-12 10:21:31,608 [0de21071-135c-4e9f-9147-689c91c53707:group-43FF697E8405:LeaderElection21] INFO  impl.RaftServerImpl (RaftServerImpl.java:setRole(171)) - 0de21071-135c-4e9f-9147-689c91c53707:group-43FF697E8405 changes role from CANDIDATE to LEADER at term 1 for changeToLeader
2019-09-12 10:21:31,609 [5ad3b1f4-7cb1-4e63-b16b-8b3fa333f3d3:group-361B76DEB94E:LeaderElection22] INFO  impl.RaftServerImpl (ServerState.java:setLeader(263)) - 5ad3b1f4-7cb1-4e63-b16b-8b3fa333f3d3:group-361B76DEB94E change Leader from null to 5ad3b1f4-7cb1-4e63-b16b-8b3fa333f3d3 at term 1 for becomeLeader, leader elected after 5057ms
2019-09-12 10:21:31,609 [0de21071-135c-4e9f-9147-689c91c53707:group-43FF697E8405:LeaderElection21] INFO  impl.RaftServerImpl (ServerState.java:setLeader(263)) - 0de21071-135c-4e9f-9147-689c91c53707:group-43FF697E8405 change Leader from null to 0de21071-135c-4e9f-9147-689c91c53707 at term 1 for becomeLeader, leader elected after 5109ms
2019-09-12 10:21:31,609 [97d69fd4-8e52-4023-8fa6-54c6b0949aa9:group-D5D57D0ECBBF:LeaderElection20] INFO  server.RaftServerConfigKeys (ConfUtils.java:logGet(43)) - raft.server.write.element-limit = 4096 (default)
2019-09-12 10:21:31,609 [0de21071-135c-4e9f-9147-689c91c53707:group-43FF697E8405:LeaderElection21] INFO  server.RaftServerConfigKeys (ConfUtils.java:logGet(43)) - raft.server.staging.catchup.gap = 1000 (default)
2019-09-12 10:21:31,609 [5ad3b1f4-7cb1-4e63-b16b-8b3fa333f3d3:group-361B76DEB94E:LeaderElection22] INFO  server.RaftServerConfigKeys (ConfUtils.java:logGet(43)) - raft.server.staging.catchup.gap = 1000 (default)
2019-09-12 10:21:31,610 [0de21071-135c-4e9f-9147-689c91c53707:group-43FF697E8405:LeaderElection21] INFO  server.RaftServerConfigKeys (ConfUtils.java:logGet(43)) - raft.server.rpc.sleep.time = 25ms (default)
2019-09-12 10:21:31,609 [97d69fd4-8e52-4023-8fa6-54c6b0949aa9:group-D5D57D0ECBBF:LeaderElection20] INFO  server.RaftServerConfigKeys (ConfUtils.java:logGet(43)) - raft.server.watch.timeout = 10s (default)
2019-09-12 10:21:31,610 [0de21071-135c-4e9f-9147-689c91c53707:group-43FF697E8405:LeaderElection21] INFO  server.RaftServerConfigKeys (ConfUtils.java:logGet(43)) - raft.server.write.element-limit = 4096 (default)
2019-09-12 10:21:31,610 [5ad3b1f4-7cb1-4e63-b16b-8b3fa333f3d3:group-361B76DEB94E:LeaderElection22] INFO  server.RaftServerConfigKeys (ConfUtils.java:logGet(43)) - raft.server.rpc.sleep.time = 25ms (default)
2019-09-12 10:21:31,610 [0de21071-135c-4e9f-9147-689c91c53707:group-43FF697E8405:LeaderElection21] INFO  server.RaftServerConfigKeys (ConfUtils.java:logGet(43)) - raft.server.watch.timeout = 10s (default)
2019-09-12 10:21:31,611 [5ad3b1f4-7cb1-4e63-b16b-8b3fa333f3d3:group-361B76DEB94E:LeaderElection22] INFO  server.RaftServerConfigKeys (ConfUtils.java:logGet(43)) - raft.server.write.element-limit = 4096 (default)
2019-09-12 10:21:31,610 [97d69fd4-8e52-4023-8fa6-54c6b0949aa9:group-D5D57D0ECBBF:LeaderElection20] INFO  server.RaftServerConfigKeys (ConfUtils.java:logGet(43)) - raft.server.watch.timeout.denomination = 1s (default)
2019-09-12 10:21:31,611 [5ad3b1f4-7cb1-4e63-b16b-8b3fa333f3d3:group-361B76DEB94E:LeaderElection22] INFO  server.RaftServerConfigKeys (ConfUtils.java:logGet(43)) - raft.server.watch.timeout = 10s (default)
2019-09-12 10:21:31,611 [0de21071-135c-4e9f-9147-689c91c53707:group-43FF697E8405:LeaderElection21] INFO  server.RaftServerConfigKeys (ConfUtils.java:logGet(43)) - raft.server.watch.timeout.denomination = 1s (default)
2019-09-12 10:21:31,611 [5ad3b1f4-7cb1-4e63-b16b-8b3fa333f3d3:group-361B76DEB94E:LeaderElection22] INFO  server.RaftServerConfigKeys (ConfUtils.java:logGet(43)) - raft.server.watch.timeout.denomination = 1s (default)
2019-09-12 10:21:31,611 [97d69fd4-8e52-4023-8fa6-54c6b0949aa9:group-D5D57D0ECBBF:LeaderElection20] INFO  server.RaftServerConfigKeys (ConfUtils.java:logGet(43)) - raft.server.watch.element-limit = 65536 (default)
2019-09-12 10:21:31,611 [5ad3b1f4-7cb1-4e63-b16b-8b3fa333f3d3:group-361B76DEB94E:LeaderElection22] INFO  server.RaftServerConfigKeys (ConfUtils.java:logGet(43)) - raft.server.watch.element-limit = 65536 (default)
2019-09-12 10:21:31,611 [0de21071-135c-4e9f-9147-689c91c53707:group-43FF697E8405:LeaderElection21] INFO  server.RaftServerConfigKeys (ConfUtils.java:logGet(43)) - raft.server.watch.element-limit = 65536 (default)
2019-09-12 10:21:31,612 [97d69fd4-8e52-4023-8fa6-54c6b0949aa9:group-D5D57D0ECBBF:LeaderElection20] INFO  impl.RoleInfo (RoleInfo.java:updateAndGet(143)) - 97d69fd4-8e52-4023-8fa6-54c6b0949aa9: start LeaderState
2019-09-12 10:21:31,612 [5ad3b1f4-7cb1-4e63-b16b-8b3fa333f3d3:group-361B76DEB94E:LeaderElection22] INFO  impl.RoleInfo (RoleInfo.java:updateAndGet(143)) - 5ad3b1f4-7cb1-4e63-b16b-8b3fa333f3d3: start LeaderState
2019-09-12 10:21:31,612 [0de21071-135c-4e9f-9147-689c91c53707:group-43FF697E8405:LeaderElection21] INFO  impl.RoleInfo (RoleInfo.java:updateAndGet(143)) - 0de21071-135c-4e9f-9147-689c91c53707: start LeaderState
2019-09-12 10:21:31,612 [97d69fd4-8e52-4023-8fa6-54c6b0949aa9:group-D5D57D0ECBBF:LeaderElection20] INFO  segmented.SegmentedRaftLogWorker (SegmentedRaftLogWorker.java:startLogSegment(380)) - 97d69fd4-8e52-4023-8fa6-54c6b0949aa9-SegmentedRaftLogWorker:Storage Directory /workdir/hadoop-ozone/integration-test/target/test-dir/MiniOzoneClusterImpl-8a368e31-8812-42c3-a9b0-be5bfd809ffd/datanode-3/data/ratis/c7cc95b0-c511-42b8-8616-d5d57d0ecbbf: Starting segment from index:0
2019-09-12 10:21:31,612 [0de21071-135c-4e9f-9147-689c91c53707:group-43FF697E8405:LeaderElection21] INFO  segmented.SegmentedRaftLogWorker (SegmentedRaftLogWorker.java:startLogSegment(380)) - 0de21071-135c-4e9f-9147-689c91c53707-SegmentedRaftLogWorker:Storage Directory /workdir/hadoop-ozone/integration-test/target/test-dir/MiniOzoneClusterImpl-8a368e31-8812-42c3-a9b0-be5bfd809ffd/datanode-2/data/ratis/c75497bf-4cb5-4181-88cb-43ff697e8405: Starting segment from index:0
2019-09-12 10:21:31,612 [5ad3b1f4-7cb1-4e63-b16b-8b3fa333f3d3:group-361B76DEB94E:LeaderElection22] INFO  segmented.SegmentedRaftLogWorker (SegmentedRaftLogWorker.java:startLogSegment(380)) - 5ad3b1f4-7cb1-4e63-b16b-8b3fa333f3d3-SegmentedRaftLogWorker:Storage Directory /workdir/hadoop-ozone/integration-test/target/test-dir/MiniOzoneClusterImpl-8a368e31-8812-42c3-a9b0-be5bfd809ffd/datanode-1/data/ratis/529baf77-c7de-4ef4-8893-361b76deb94e: Starting segment from index:0
2019-09-12 10:21:31,613 [97d69fd4-8e52-4023-8fa6-54c6b0949aa9:group-D5D57D0ECBBF:LeaderElection20] INFO  impl.RaftServerImpl (ServerState.java:setRaftConf(361)) - 97d69fd4-8e52-4023-8fa6-54c6b0949aa9:group-D5D57D0ECBBF set configuration 0: [97d69fd4-8e52-4023-8fa6-54c6b0949aa9:192.168.157.195:38621], old=null at 0
2019-09-12 10:21:31,657 [97d69fd4-8e52-4023-8fa6-54c6b0949aa9-SegmentedRaftLogWorker:Storage Directory /workdir/hadoop-ozone/integration-test/target/test-dir/MiniOzoneClusterImpl-8a368e31-8812-42c3-a9b0-be5bfd809ffd/datanode-3/data/ratis/c2a43b20-8c9d-497e-a6e9-5048a005cbff] INFO  segmented.SegmentedRaftLogWorker (SegmentedRaftLogWorker.java:execute(569)) - 97d69fd4-8e52-4023-8fa6-54c6b0949aa9-SegmentedRaftLogWorker:Storage Directory /workdir/hadoop-ozone/integration-test/target/test-dir/MiniOzoneClusterImpl-8a368e31-8812-42c3-a9b0-be5bfd809ffd/datanode-3/data/ratis/c2a43b20-8c9d-497e-a6e9-5048a005cbff: created new log segment /workdir/hadoop-ozone/integration-test/target/test-dir/MiniOzoneClusterImpl-8a368e31-8812-42c3-a9b0-be5bfd809ffd/datanode-3/data/ratis/c2a43b20-8c9d-497e-a6e9-5048a005cbff/current/log_inprogress_0
2019-09-12 10:21:31,657 [0de21071-135c-4e9f-9147-689c91c53707:group-43FF697E8405:LeaderElection21] INFO  impl.RaftServerImpl (ServerState.java:setRaftConf(361)) - 0de21071-135c-4e9f-9147-689c91c53707:group-43FF697E8405 set configuration 0: [0de21071-135c-4e9f-9147-689c91c53707:192.168.157.195:37667], old=null at 0
2019-09-12 10:21:31,701 [Thread-263] INFO  impl.FollowerState (FollowerState.java:run(106)) - 97d69fd4-8e52-4023-8fa6-54c6b0949aa9:group-18E9E77C341A changes to CANDIDATE, lastRpcTime:5033, electionTimeout:5017ms
2019-09-12 10:21:31,701 [5ad3b1f4-7cb1-4e63-b16b-8b3fa333f3d3:group-361B76DEB94E:LeaderElection22] INFO  impl.RaftServerImpl (ServerState.java:setRaftConf(361)) - 5ad3b1f4-7cb1-4e63-b16b-8b3fa333f3d3:group-361B76DEB94E set configuration 0: [5ad3b1f4-7cb1-4e63-b16b-8b3fa333f3d3:192.168.157.195:37868], old=null at 0
2019-09-12 10:21:31,701 [Thread-263] INFO  impl.RoleInfo (RoleInfo.java:shutdownFollowerState(121)) - 97d69fd4-8e52-4023-8fa6-54c6b0949aa9: shutdown FollowerState
2019-09-12 10:21:31,701 [97d69fd4-8e52-4023-8fa6-54c6b0949aa9-SegmentedRaftLogWorker:Storage Directory /workdir/hadoop-ozone/integration-test/target/test-dir/MiniOzoneClusterImpl-8a368e31-8812-42c3-a9b0-be5bfd809ffd/datanode-3/data/ratis/c7cc95b0-c511-42b8-8616-d5d57d0ecbbf] INFO  segmented.SegmentedRaftLogWorker (SegmentedRaftLogWorker.java:execute(569)) - 97d69fd4-8e52-4023-8fa6-54c6b0949aa9-SegmentedRaftLogWorker:Storage Directory /workdir/hadoop-ozone/integration-test/target/test-dir/MiniOzoneClusterImpl-8a368e31-8812-42c3-a9b0-be5bfd809ffd/datanode-3/data/ratis/c7cc95b0-c511-42b8-8616-d5d57d0ecbbf: created new log segment /workdir/hadoop-ozone/integration-test/target/test-dir/MiniOzoneClusterImpl-8a368e31-8812-42c3-a9b0-be5bfd809ffd/datanode-3/data/ratis/c7cc95b0-c511-42b8-8616-d5d57d0ecbbf/current/log_inprogress_0
2019-09-12 10:21:31,744 [Thread-263] INFO  impl.RaftServerImpl (RaftServerImpl.java:setRole(171)) - 97d69fd4-8e52-4023-8fa6-54c6b0949aa9:group-18E9E77C341A changes role from FOLLOWER to CANDIDATE at term 0 for changeToCandidate
2019-09-12 10:21:31,743 [Thread-260] INFO  impl.FollowerState (FollowerState.java:run(106)) - 0de21071-135c-4e9f-9147-689c91c53707:group-D89A7FDE73AF changes to CANDIDATE, lastRpcTime:5128, electionTimeout:5096ms
2019-09-12 10:21:31,744 [Thread-260] INFO  impl.RoleInfo (RoleInfo.java:shutdownFollowerState(121)) - 0de21071-135c-4e9f-9147-689c91c53707: shutdown FollowerState
2019-09-12 10:21:31,743 [5ad3b1f4-7cb1-4e63-b16b-8b3fa333f3d3-SegmentedRaftLogWorker:Storage Directory /workdir/hadoop-ozone/integration-test/target/test-dir/MiniOzoneClusterImpl-8a368e31-8812-42c3-a9b0-be5bfd809ffd/datanode-1/data/ratis/529baf77-c7de-4ef4-8893-361b76deb94e] INFO  segmented.SegmentedRaftLogWorker (SegmentedRaftLogWorker.java:execute(569)) - 5ad3b1f4-7cb1-4e63-b16b-8b3fa333f3d3-SegmentedRaftLogWorker:Storage Directory /workdir/hadoop-ozone/integration-test/target/test-dir/MiniOzoneClusterImpl-8a368e31-8812-42c3-a9b0-be5bfd809ffd/datanode-1/data/ratis/529baf77-c7de-4ef4-8893-361b76deb94e: created new log segment /workdir/hadoop-ozone/integration-test/target/test-dir/MiniOzoneClusterImpl-8a368e31-8812-42c3-a9b0-be5bfd809ffd/datanode-1/data/ratis/529baf77-c7de-4ef4-8893-361b76deb94e/current/log_inprogress_0
2019-09-12 10:21:31,745 [Thread-260] INFO  impl.RaftServerImpl (RaftServerImpl.java:setRole(171)) - 0de21071-135c-4e9f-9147-689c91c53707:group-D89A7FDE73AF changes role from FOLLOWER to CANDIDATE at term 0 for changeToCandidate
2019-09-12 10:21:31,745 [Thread-263] INFO  impl.RoleInfo (RoleInfo.java:updateAndGet(143)) - 97d69fd4-8e52-4023-8fa6-54c6b0949aa9: start LeaderElection
2019-09-12 10:21:31,745 [Thread-260] INFO  impl.RoleInfo (RoleInfo.java:updateAndGet(143)) - 0de21071-135c-4e9f-9147-689c91c53707: start LeaderElection
2019-09-12 10:21:31,764 [ForkJoinPool.commonPool-worker-1] INFO  ozoneimpl.OzoneContainer (OzoneContainer.java:stop(199)) - Attempting to stop container services.
2019-09-12 10:21:31,764 [main] INFO  ozoneimpl.OzoneContainer (OzoneContainer.java:stop(199)) - Attempting to stop container services.
2019-09-12 10:21:31,765 [ForkJoinPool.commonPool-worker-1] INFO  impl.RaftServerProxy (RaftServerProxy.java:lambda$close$4(314)) - 5ad3b1f4-7cb1-4e63-b16b-8b3fa333f3d3: close
2019-09-12 10:21:31,766 [main] INFO  impl.RaftServerProxy (RaftServerProxy.java:lambda$close$4(314)) - 0de21071-135c-4e9f-9147-689c91c53707: close
2019-09-12 10:21:31,769 [ForkJoinPool.commonPool-worker-1] INFO  impl.RaftServerImpl (RaftServerImpl.java:lambda$shutdown$3(245)) - 5ad3b1f4-7cb1-4e63-b16b-8b3fa333f3d3: shutdown group-D064594A9E7B
2019-09-12 10:21:31,769 [main] INFO  impl.RaftServerImpl (RaftServerImpl.java:lambda$shutdown$3(245)) - 0de21071-135c-4e9f-9147-689c91c53707: shutdown group-40AA9C9B01EE
2019-09-12 10:21:31,769 [ForkJoinPool.commonPool-worker-1] INFO  util.JmxRegister (JmxRegister.java:unregister(73)) - Successfully un-registered JMX Bean with object name Ratis:service=RaftServer,group=group-D064594A9E7B,id=5ad3b1f4-7cb1-4e63-b16b-8b3fa333f3d3
2019-09-12 10:21:31,770 [main] INFO  util.JmxRegister (JmxRegister.java:unregister(73)) - Successfully un-registered JMX Bean with object name Ratis:service=RaftServer,group=group-40AA9C9B01EE,id=0de21071-135c-4e9f-9147-689c91c53707
2019-09-12 10:21:31,770 [ForkJoinPool.commonPool-worker-1] INFO  impl.RoleInfo (RoleInfo.java:shutdownLeaderState(104)) - 5ad3b1f4-7cb1-4e63-b16b-8b3fa333f3d3: shutdown LeaderState
2019-09-12 10:21:31,770 [main] INFO  impl.RoleInfo (RoleInfo.java:shutdownLeaderState(104)) - 0de21071-135c-4e9f-9147-689c91c53707: shutdown LeaderState
2019-09-12 10:21:31,772 [0de21071-135c-4e9f-9147-689c91c53707-SegmentedRaftLogWorker:Storage Directory /workdir/hadoop-ozone/integration-test/target/test-dir/MiniOzoneClusterImpl-8a368e31-8812-42c3-a9b0-be5bfd809ffd/datanode-2/data/ratis/c75497bf-4cb5-4181-88cb-43ff697e8405] INFO  segmented.SegmentedRaftLogWorker (SegmentedRaftLogWorker.java:execute(569)) - 0de21071-135c-4e9f-9147-689c91c53707-SegmentedRaftLogWorker:Storage Directory /workdir/hadoop-ozone/integration-test/target/test-dir/MiniOzoneClusterImpl-8a368e31-8812-42c3-a9b0-be5bfd809ffd/datanode-2/data/ratis/c75497bf-4cb5-4181-88cb-43ff697e8405: created new log segment /workdir/hadoop-ozone/integration-test/target/test-dir/MiniOzoneClusterImpl-8a368e31-8812-42c3-a9b0-be5bfd809ffd/datanode-2/data/ratis/c75497bf-4cb5-4181-88cb-43ff697e8405/current/log_inprogress_0
2019-09-12 10:21:31,772 [97d69fd4-8e52-4023-8fa6-54c6b0949aa9:group-18E9E77C341A:LeaderElection23] INFO  impl.LeaderElection (LeaderElection.java:askForVotes(181)) - 97d69fd4-8e52-4023-8fa6-54c6b0949aa9:group-18E9E77C341A:LeaderElection23: begin an election at term 1 for -1: [97d69fd4-8e52-4023-8fa6-54c6b0949aa9:192.168.157.195:38621], old=null
2019-09-12 10:21:31,772 [0de21071-135c-4e9f-9147-689c91c53707:group-D89A7FDE73AF:LeaderElection24] INFO  impl.LeaderElection (LeaderElection.java:askForVotes(181)) - 0de21071-135c-4e9f-9147-689c91c53707:group-D89A7FDE73AF:LeaderElection24: begin an election at term 1 for -1: [0de21071-135c-4e9f-9147-689c91c53707:192.168.157.195:37667], old=null
2019-09-12 10:21:31,772 [ForkJoinPool.commonPool-worker-1] INFO  impl.PendingRequests (PendingRequests.java:sendNotLeaderResponses(202)) - 5ad3b1f4-7cb1-4e63-b16b-8b3fa333f3d3-PendingRequests: sendNotLeaderResponses
2019-09-12 10:21:31,774 [0de21071-135c-4e9f-9147-689c91c53707:group-D89A7FDE73AF:LeaderElection24] INFO  impl.RoleInfo (RoleInfo.java:shutdownLeaderElection(134)) - 0de21071-135c-4e9f-9147-689c91c53707: shutdown LeaderElection
2019-09-12 10:21:31,774 [97d69fd4-8e52-4023-8fa6-54c6b0949aa9:group-18E9E77C341A:LeaderElection23] INFO  impl.RoleInfo (RoleInfo.java:shutdownLeaderElection(134)) - 97d69fd4-8e52-4023-8fa6-54c6b0949aa9: shutdown LeaderElection
2019-09-12 10:21:31,772 [main] INFO  impl.PendingRequests (PendingRequests.java:sendNotLeaderResponses(202)) - 0de21071-135c-4e9f-9147-689c91c53707-PendingRequests: sendNotLeaderResponses
2019-09-12 10:21:31,775 [97d69fd4-8e52-4023-8fa6-54c6b0949aa9:group-18E9E77C341A:LeaderElection23] INFO  impl.RaftServerImpl (RaftServerImpl.java:setRole(171)) - 97d69fd4-8e52-4023-8fa6-54c6b0949aa9:group-18E9E77C341A changes role from CANDIDATE to LEADER at term 1 for changeToLeader
2019-09-12 10:21:31,775 [0de21071-135c-4e9f-9147-689c91c53707:group-D89A7FDE73AF:LeaderElection24] INFO  impl.RaftServerImpl (RaftServerImpl.java:setRole(171)) - 0de21071-135c-4e9f-9147-689c91c53707:group-D89A7FDE73AF changes role from CANDIDATE to LEADER at term 1 for changeToLeader
2019-09-12 10:21:31,775 [97d69fd4-8e52-4023-8fa6-54c6b0949aa9:group-18E9E77C341A:LeaderElection23] INFO  impl.RaftServerImpl (ServerState.java:setLeader(263)) - 97d69fd4-8e52-4023-8fa6-54c6b0949aa9:group-18E9E77C341A change Leader from null to 97d69fd4-8e52-4023-8fa6-54c6b0949aa9 at term 1 for becomeLeader, leader elected after 5112ms
2019-09-12 10:21:31,776 [0de21071-135c-4e9f-9147-689c91c53707:group-D89A7FDE73AF:LeaderElection24] INFO  impl.RaftServerImpl (ServerState.java:setLeader(263)) - 0de21071-135c-4e9f-9147-689c91c53707:group-D89A7FDE73AF change Leader from null to 0de21071-135c-4e9f-9147-689c91c53707 at term 1 for becomeLeader, leader elected after 5165ms
2019-09-12 10:21:31,776 [97d69fd4-8e52-4023-8fa6-54c6b0949aa9:group-18E9E77C341A:LeaderElection23] INFO  server.RaftServerConfigKeys (ConfUtils.java:logGet(43)) - raft.server.staging.catchup.gap = 1000 (default)
2019-09-12 10:21:31,776 [0de21071-135c-4e9f-9147-689c91c53707:group-D89A7FDE73AF:LeaderElection24] INFO  server.RaftServerConfigKeys (ConfUtils.java:logGet(43)) - raft.server.staging.catchup.gap = 1000 (default)
2019-09-12 10:21:31,776 [97d69fd4-8e52-4023-8fa6-54c6b0949aa9:group-18E9E77C341A:LeaderElection23] INFO  server.RaftServerConfigKeys (ConfUtils.java:logGet(43)) - raft.server.rpc.sleep.time = 25ms (default)
2019-09-12 10:21:31,776 [0de21071-135c-4e9f-9147-689c91c53707:group-D89A7FDE73AF:LeaderElection24] INFO  server.RaftServerConfigKeys (ConfUtils.java:logGet(43)) - raft.server.rpc.sleep.time = 25ms (default)
2019-09-12 10:21:31,777 [97d69fd4-8e52-4023-8fa6-54c6b0949aa9:group-18E9E77C341A:LeaderElection23] INFO  server.RaftServerConfigKeys (ConfUtils.java:logGet(43)) - raft.server.write.element-limit = 4096 (default)
2019-09-12 10:21:31,777 [0de21071-135c-4e9f-9147-689c91c53707:group-D89A7FDE73AF:LeaderElection24] INFO  server.RaftServerConfigKeys (ConfUtils.java:logGet(43)) - raft.server.write.element-limit = 4096 (default)
2019-09-12 10:21:31,777 [main] INFO  impl.StateMachineUpdater (StateMachineUpdater.java:stopAndJoin(115)) - StateMachineUpdater:0de21071-135c-4e9f-9147-689c91c53707:group-40AA9C9B01EE: set stopIndex = 0
2019-09-12 10:21:31,777 [ForkJoinPool.commonPool-worker-1] INFO  impl.StateMachineUpdater (StateMachineUpdater.java:stopAndJoin(115)) - StateMachineUpdater:5ad3b1f4-7cb1-4e63-b16b-8b3fa333f3d3:group-D064594A9E7B: set stopIndex = 0
2019-09-12 10:21:31,779 [main] INFO  impl.RaftServerImpl (ServerState.java:close(394)) - 0de21071-135c-4e9f-9147-689c91c53707:group-40AA9C9B01EE closes. The last applied log index is 0
2019-09-12 10:21:31,779 [0de21071-135c-4e9f-9147-689c91c53707:group-D89A7FDE73AF:LeaderElection24] INFO  server.RaftServerConfigKeys (ConfUtils.java:logGet(43)) - raft.server.watch.timeout = 10s (default)
2019-09-12 10:21:31,777 [97d69fd4-8e52-4023-8fa6-54c6b0949aa9:group-18E9E77C341A:LeaderElection23] INFO  server.RaftServerConfigKeys (ConfUtils.java:logGet(43)) - raft.server.watch.timeout = 10s (default)
2019-09-12 10:21:31,780 [0de21071-135c-4e9f-9147-689c91c53707:group-D89A7FDE73AF:LeaderElection24] INFO  server.RaftServerConfigKeys (ConfUtils.java:logGet(43)) - raft.server.watch.timeout.denomination = 1s (default)
2019-09-12 10:21:31,780 [ForkJoinPool.commonPool-worker-1] INFO  impl.RaftServerImpl (ServerState.java:close(394)) - 5ad3b1f4-7cb1-4e63-b16b-8b3fa333f3d3:group-D064594A9E7B closes. The last applied log index is 0
2019-09-12 10:21:31,781 [0de21071-135c-4e9f-9147-689c91c53707:group-D89A7FDE73AF:LeaderElection24] INFO  server.RaftServerConfigKeys (ConfUtils.java:logGet(43)) - raft.server.watch.element-limit = 65536 (default)
2019-09-12 10:21:31,780 [97d69fd4-8e52-4023-8fa6-54c6b0949aa9:group-18E9E77C341A:LeaderElection23] INFO  server.RaftServerConfigKeys (ConfUtils.java:logGet(43)) - raft.server.watch.timeout.denomination = 1s (default)
2019-09-12 10:21:31,781 [0de21071-135c-4e9f-9147-689c91c53707:group-D89A7FDE73AF:LeaderElection24] INFO  impl.RoleInfo (RoleInfo.java:updateAndGet(143)) - 0de21071-135c-4e9f-9147-689c91c53707: start LeaderState
2019-09-12 10:21:31,781 [97d69fd4-8e52-4023-8fa6-54c6b0949aa9:group-18E9E77C341A:LeaderElection23] INFO  server.RaftServerConfigKeys (ConfUtils.java:logGet(43)) - raft.server.watch.element-limit = 65536 (default)
2019-09-12 10:21:31,782 [0de21071-135c-4e9f-9147-689c91c53707:group-D89A7FDE73AF:LeaderElection24] INFO  segmented.SegmentedRaftLogWorker (SegmentedRaftLogWorker.java:startLogSegment(380)) - 0de21071-135c-4e9f-9147-689c91c53707-SegmentedRaftLogWorker:Storage Directory /workdir/hadoop-ozone/integration-test/target/test-dir/MiniOzoneClusterImpl-8a368e31-8812-42c3-a9b0-be5bfd809ffd/datanode-2/data/ratis/fde334b1-e818-434d-bb1b-d89a7fde73af: Starting segment from index:0
2019-09-12 10:21:31,782 [97d69fd4-8e52-4023-8fa6-54c6b0949aa9:group-18E9E77C341A:LeaderElection23] INFO  impl.RoleInfo (RoleInfo.java:updateAndGet(143)) - 97d69fd4-8e52-4023-8fa6-54c6b0949aa9: start LeaderState
2019-09-12 10:21:31,782 [0de21071-135c-4e9f-9147-689c91c53707-SegmentedRaftLogWorker:Storage Directory /workdir/hadoop-ozone/integration-test/target/test-dir/MiniOzoneClusterImpl-8a368e31-8812-42c3-a9b0-be5bfd809ffd/datanode-2/data/ratis/9d820ca8-6771-47cc-be0e-40aa9c9b01ee] INFO  segmented.SegmentedRaftLogWorker (SegmentedRaftLogWorker.java:run(313)) - 0de21071-135c-4e9f-9147-689c91c53707-SegmentedRaftLogWorker:Storage Directory /workdir/hadoop-ozone/integration-test/target/test-dir/MiniOzoneClusterImpl-8a368e31-8812-42c3-a9b0-be5bfd809ffd/datanode-2/data/ratis/9d820ca8-6771-47cc-be0e-40aa9c9b01ee was interrupted, exiting. There are 0 tasks remaining in the queue.
2019-09-12 10:21:31,782 [97d69fd4-8e52-4023-8fa6-54c6b0949aa9:group-18E9E77C341A:LeaderElection23] INFO  segmented.SegmentedRaftLogWorker (SegmentedRaftLogWorker.java:startLogSegment(380)) - 97d69fd4-8e52-4023-8fa6-54c6b0949aa9-SegmentedRaftLogWorker:Storage Directory /workdir/hadoop-ozone/integration-test/target/test-dir/MiniOzoneClusterImpl-8a368e31-8812-42c3-a9b0-be5bfd809ffd/datanode-3/data/ratis/77c5900c-4196-461f-995c-18e9e77c341a: Starting segment from index:0
2019-09-12 10:21:31,783 [0de21071-135c-4e9f-9147-689c91c53707:group-D89A7FDE73AF:LeaderElection24] INFO  impl.RaftServerImpl (ServerState.java:setRaftConf(361)) - 0de21071-135c-4e9f-9147-689c91c53707:group-D89A7FDE73AF set configuration 0: [0de21071-135c-4e9f-9147-689c91c53707:192.168.157.195:37667], old=null at 0
2019-09-12 10:21:31,783 [5ad3b1f4-7cb1-4e63-b16b-8b3fa333f3d3-SegmentedRaftLogWorker:Storage Directory /workdir/hadoop-ozone/integration-test/target/test-dir/MiniOzoneClusterImpl-8a368e31-8812-42c3-a9b0-be5bfd809ffd/datanode-1/data/ratis/a2609fa2-0869-4b5a-b3d2-d064594a9e7b] INFO  segmented.SegmentedRaftLogWorker (SegmentedRaftLogWorker.java:run(313)) - 5ad3b1f4-7cb1-4e63-b16b-8b3fa333f3d3-SegmentedRaftLogWorker:Storage Directory /workdir/hadoop-ozone/integration-test/target/test-dir/MiniOzoneClusterImpl-8a368e31-8812-42c3-a9b0-be5bfd809ffd/datanode-1/data/ratis/a2609fa2-0869-4b5a-b3d2-d064594a9e7b was interrupted, exiting. There are 0 tasks remaining in the queue.
2019-09-12 10:21:31,821 [97d69fd4-8e52-4023-8fa6-54c6b0949aa9:group-18E9E77C341A:LeaderElection23] INFO  impl.RaftServerImpl (ServerState.java:setRaftConf(361)) - 97d69fd4-8e52-4023-8fa6-54c6b0949aa9:group-18E9E77C341A set configuration 0: [97d69fd4-8e52-4023-8fa6-54c6b0949aa9:192.168.157.195:38621], old=null at 0
2019-09-12 10:21:31,819 [main] INFO  segmented.SegmentedRaftLogWorker (SegmentedRaftLogWorker.java:close(228)) - 0de21071-135c-4e9f-9147-689c91c53707-SegmentedRaftLogWorker:Storage Directory /workdir/hadoop-ozone/integration-test/target/test-dir/MiniOzoneClusterImpl-8a368e31-8812-42c3-a9b0-be5bfd809ffd/datanode-2/data/ratis/9d820ca8-6771-47cc-be0e-40aa9c9b01ee close()
2019-09-12 10:21:31,863 [ForkJoinPool.commonPool-worker-1] INFO  segmented.SegmentedRaftLogWorker (SegmentedRaftLogWorker.java:close(228)) - 5ad3b1f4-7cb1-4e63-b16b-8b3fa333f3d3-SegmentedRaftLogWorker:Storage Directory /workdir/hadoop-ozone/integration-test/target/test-dir/MiniOzoneClusterImpl-8a368e31-8812-42c3-a9b0-be5bfd809ffd/datanode-1/data/ratis/a2609fa2-0869-4b5a-b3d2-d064594a9e7b close()
2019-09-12 10:21:31,862 [0de21071-135c-4e9f-9147-689c91c53707-SegmentedRaftLogWorker:Storage Directory /workdir/hadoop-ozone/integration-test/target/test-dir/MiniOzoneClusterImpl-8a368e31-8812-42c3-a9b0-be5bfd809ffd/datanode-2/data/ratis/fde334b1-e818-434d-bb1b-d89a7fde73af] INFO  segmented.SegmentedRaftLogWorker (SegmentedRaftLogWorker.java:execute(569)) - 0de21071-135c-4e9f-9147-689c91c53707-SegmentedRaftLogWorker:Storage Directory /workdir/hadoop-ozone/integration-test/target/test-dir/MiniOzoneClusterImpl-8a368e31-8812-42c3-a9b0-be5bfd809ffd/datanode-2/data/ratis/fde334b1-e818-434d-bb1b-d89a7fde73af: created new log segment /workdir/hadoop-ozone/integration-test/target/test-dir/MiniOzoneClusterImpl-8a368e31-8812-42c3-a9b0-be5bfd809ffd/datanode-2/data/ratis/fde334b1-e818-434d-bb1b-d89a7fde73af/current/log_inprogress_0
2019-09-12 10:21:31,873 [main] INFO  impl.RaftServerImpl (RaftServerImpl.java:lambda$shutdown$3(245)) - 0de21071-135c-4e9f-9147-689c91c53707: shutdown group-13B5230A83F6
2019-09-12 10:21:31,874 | INFO  | SCMAudit | user=jenkins1000 | ip=192.168.157.195 | op=SEND_HEARTBEAT {datanodeUUID=97d69fd4-8e52-4023-8fa6-54c6b0949aa9, command=[]} | ret=SUCCESS |  
2019-09-12 10:21:31,873 [ForkJoinPool.commonPool-worker-1] INFO  impl.RaftServerImpl (RaftServerImpl.java:lambda$shutdown$3(245)) - 5ad3b1f4-7cb1-4e63-b16b-8b3fa333f3d3: shutdown group-511639E3FD4C
2019-09-12 10:21:31,874 [main] INFO  util.JmxRegister (JmxRegister.java:unregister(73)) - Successfully un-registered JMX Bean with object name Ratis:service=RaftServer,group=group-13B5230A83F6,id=0de21071-135c-4e9f-9147-689c91c53707
2019-09-12 10:21:31,875 [main] INFO  impl.RoleInfo (RoleInfo.java:shutdownLeaderState(104)) - 0de21071-135c-4e9f-9147-689c91c53707: shutdown LeaderState
2019-09-12 10:21:31,874 [ForkJoinPool.commonPool-worker-1] INFO  util.JmxRegister (JmxRegister.java:unregister(73)) - Successfully un-registered JMX Bean with object name Ratis:service=RaftServer,group=group-511639E3FD4C,id=5ad3b1f4-7cb1-4e63-b16b-8b3fa333f3d3
2019-09-12 10:21:31,875 [main] INFO  impl.PendingRequests (PendingRequests.java:sendNotLeaderResponses(202)) - 0de21071-135c-4e9f-9147-689c91c53707-PendingRequests: sendNotLeaderResponses
2019-09-12 10:21:31,875 [ForkJoinPool.commonPool-worker-1] INFO  impl.RoleInfo (RoleInfo.java:shutdownLeaderState(104)) - 5ad3b1f4-7cb1-4e63-b16b-8b3fa333f3d3: shutdown LeaderState
2019-09-12 10:21:31,876 [main] INFO  impl.StateMachineUpdater (StateMachineUpdater.java:stopAndJoin(115)) - StateMachineUpdater:0de21071-135c-4e9f-9147-689c91c53707:group-13B5230A83F6: set stopIndex = 0
2019-09-12 10:21:31,876 [ForkJoinPool.commonPool-worker-1] INFO  impl.PendingRequests (PendingRequests.java:sendNotLeaderResponses(202)) - 5ad3b1f4-7cb1-4e63-b16b-8b3fa333f3d3-PendingRequests: sendNotLeaderResponses
2019-09-12 10:21:31,876 [main] INFO  impl.RaftServerImpl (ServerState.java:close(394)) - 0de21071-135c-4e9f-9147-689c91c53707:group-13B5230A83F6 closes. The last applied log index is 0
2019-09-12 10:21:31,877 [ForkJoinPool.commonPool-worker-1] INFO  impl.StateMachineUpdater (StateMachineUpdater.java:stopAndJoin(115)) - StateMachineUpdater:5ad3b1f4-7cb1-4e63-b16b-8b3fa333f3d3:group-511639E3FD4C: set stopIndex = 0
2019-09-12 10:21:31,878 [0de21071-135c-4e9f-9147-689c91c53707-SegmentedRaftLogWorker:Storage Directory /workdir/hadoop-ozone/integration-test/target/test-dir/MiniOzoneClusterImpl-8a368e31-8812-42c3-a9b0-be5bfd809ffd/datanode-2/data/ratis/e4b4c605-ab58-4bd5-8d93-13b5230a83f6] INFO  segmented.SegmentedRaftLogWorker (SegmentedRaftLogWorker.java:run(313)) - 0de21071-135c-4e9f-9147-689c91c53707-SegmentedRaftLogWorker:Storage Directory /workdir/hadoop-ozone/integration-test/target/test-dir/MiniOzoneClusterImpl-8a368e31-8812-42c3-a9b0-be5bfd809ffd/datanode-2/data/ratis/e4b4c605-ab58-4bd5-8d93-13b5230a83f6 was interrupted, exiting. There are 0 tasks remaining in the queue.
2019-09-12 10:21:31,878 [ForkJoinPool.commonPool-worker-1] INFO  impl.RaftServerImpl (ServerState.java:close(394)) - 5ad3b1f4-7cb1-4e63-b16b-8b3fa333f3d3:group-511639E3FD4C closes. The last applied log index is 0
2019-09-12 10:21:31,881 [main] INFO  segmented.SegmentedRaftLogWorker (SegmentedRaftLogWorker.java:close(228)) - 0de21071-135c-4e9f-9147-689c91c53707-SegmentedRaftLogWorker:Storage Directory /workdir/hadoop-ozone/integration-test/target/test-dir/MiniOzoneClusterImpl-8a368e31-8812-42c3-a9b0-be5bfd809ffd/datanode-2/data/ratis/e4b4c605-ab58-4bd5-8d93-13b5230a83f6 close()
2019-09-12 10:21:31,881 [5ad3b1f4-7cb1-4e63-b16b-8b3fa333f3d3-SegmentedRaftLogWorker:Storage Directory /workdir/hadoop-ozone/integration-test/target/test-dir/MiniOzoneClusterImpl-8a368e31-8812-42c3-a9b0-be5bfd809ffd/datanode-1/data/ratis/d32dfb2d-fbd3-4d09-b8b1-511639e3fd4c] INFO  segmented.SegmentedRaftLogWorker (SegmentedRaftLogWorker.java:run(313)) - 5ad3b1f4-7cb1-4e63-b16b-8b3fa333f3d3-SegmentedRaftLogWorker:Storage Directory /workdir/hadoop-ozone/integration-test/target/test-dir/MiniOzoneClusterImpl-8a368e31-8812-42c3-a9b0-be5bfd809ffd/datanode-1/data/ratis/d32dfb2d-fbd3-4d09-b8b1-511639e3fd4c was interrupted, exiting. There are 0 tasks remaining in the queue.
2019-09-12 10:21:31,885 [main] INFO  impl.RaftServerImpl (RaftServerImpl.java:lambda$shutdown$3(245)) - 0de21071-135c-4e9f-9147-689c91c53707: shutdown group-D5AA41E97D8D
2019-09-12 10:21:31,888 [ForkJoinPool.commonPool-worker-1] INFO  segmented.SegmentedRaftLogWorker (SegmentedRaftLogWorker.java:close(228)) - 5ad3b1f4-7cb1-4e63-b16b-8b3fa333f3d3-SegmentedRaftLogWorker:Storage Directory /workdir/hadoop-ozone/integration-test/target/test-dir/MiniOzoneClusterImpl-8a368e31-8812-42c3-a9b0-be5bfd809ffd/datanode-1/data/ratis/d32dfb2d-fbd3-4d09-b8b1-511639e3fd4c close()
2019-09-12 10:21:31,889 [main] INFO  util.JmxRegister (JmxRegister.java:unregister(73)) - Successfully un-registered JMX Bean with object name Ratis:service=RaftServer,group=group-D5AA41E97D8D,id=0de21071-135c-4e9f-9147-689c91c53707
2019-09-12 10:21:31,893 [main] INFO  impl.RoleInfo (RoleInfo.java:shutdownLeaderState(104)) - 0de21071-135c-4e9f-9147-689c91c53707: shutdown LeaderState
2019-09-12 10:21:31,892 [ForkJoinPool.commonPool-worker-1] INFO  impl.RaftServerImpl (RaftServerImpl.java:lambda$shutdown$3(245)) - 5ad3b1f4-7cb1-4e63-b16b-8b3fa333f3d3: shutdown group-8FF929C3FA3E
2019-09-12 10:21:31,892 [97d69fd4-8e52-4023-8fa6-54c6b0949aa9-SegmentedRaftLogWorker:Storage Directory /workdir/hadoop-ozone/integration-test/target/test-dir/MiniOzoneClusterImpl-8a368e31-8812-42c3-a9b0-be5bfd809ffd/datanode-3/data/ratis/77c5900c-4196-461f-995c-18e9e77c341a] INFO  segmented.SegmentedRaftLogWorker (SegmentedRaftLogWorker.java:execute(569)) - 97d69fd4-8e52-4023-8fa6-54c6b0949aa9-SegmentedRaftLogWorker:Storage Directory /workdir/hadoop-ozone/integration-test/target/test-dir/MiniOzoneClusterImpl-8a368e31-8812-42c3-a9b0-be5bfd809ffd/datanode-3/data/ratis/77c5900c-4196-461f-995c-18e9e77c341a: created new log segment /workdir/hadoop-ozone/integration-test/target/test-dir/MiniOzoneClusterImpl-8a368e31-8812-42c3-a9b0-be5bfd809ffd/datanode-3/data/ratis/77c5900c-4196-461f-995c-18e9e77c341a/current/log_inprogress_0
2019-09-12 10:21:31,893 [ForkJoinPool.commonPool-worker-1] INFO  util.JmxRegister (JmxRegister.java:unregister(73)) - Successfully un-registered JMX Bean with object name Ratis:service=RaftServer,group=group-8FF929C3FA3E,id=5ad3b1f4-7cb1-4e63-b16b-8b3fa333f3d3
2019-09-12 10:21:31,893 [main] INFO  impl.PendingRequests (PendingRequests.java:sendNotLeaderResponses(202)) - 0de21071-135c-4e9f-9147-689c91c53707-PendingRequests: sendNotLeaderResponses
2019-09-12 10:21:31,894 [ForkJoinPool.commonPool-worker-1] INFO  impl.RoleInfo (RoleInfo.java:shutdownLeaderState(104)) - 5ad3b1f4-7cb1-4e63-b16b-8b3fa333f3d3: shutdown LeaderState
2019-09-12 10:21:31,894 [main] INFO  impl.StateMachineUpdater (StateMachineUpdater.java:stopAndJoin(115)) - StateMachineUpdater:0de21071-135c-4e9f-9147-689c91c53707:group-D5AA41E97D8D: set stopIndex = 0
2019-09-12 10:21:31,895 [ForkJoinPool.commonPool-worker-1] INFO  impl.PendingRequests (PendingRequests.java:sendNotLeaderResponses(202)) - 5ad3b1f4-7cb1-4e63-b16b-8b3fa333f3d3-PendingRequests: sendNotLeaderResponses
2019-09-12 10:21:31,895 [main] INFO  impl.RaftServerImpl (ServerState.java:close(394)) - 0de21071-135c-4e9f-9147-689c91c53707:group-D5AA41E97D8D closes. The last applied log index is 0
2019-09-12 10:21:31,895 [ForkJoinPool.commonPool-worker-1] INFO  impl.StateMachineUpdater (StateMachineUpdater.java:stopAndJoin(115)) - StateMachineUpdater:5ad3b1f4-7cb1-4e63-b16b-8b3fa333f3d3:group-8FF929C3FA3E: set stopIndex = 0
2019-09-12 10:21:31,896 [0de21071-135c-4e9f-9147-689c91c53707-SegmentedRaftLogWorker:Storage Directory /workdir/hadoop-ozone/integration-test/target/test-dir/MiniOzoneClusterImpl-8a368e31-8812-42c3-a9b0-be5bfd809ffd/datanode-2/data/ratis/dacb8ab9-e865-4c05-a88b-d5aa41e97d8d] INFO  segmented.SegmentedRaftLogWorker (SegmentedRaftLogWorker.java:run(313)) - 0de21071-135c-4e9f-9147-689c91c53707-SegmentedRaftLogWorker:Storage Directory /workdir/hadoop-ozone/integration-test/target/test-dir/MiniOzoneClusterImpl-8a368e31-8812-42c3-a9b0-be5bfd809ffd/datanode-2/data/ratis/dacb8ab9-e865-4c05-a88b-d5aa41e97d8d was interrupted, exiting. There are 0 tasks remaining in the queue.
2019-09-12 10:21:31,896 [ForkJoinPool.commonPool-worker-1] INFO  impl.RaftServerImpl (ServerState.java:close(394)) - 5ad3b1f4-7cb1-4e63-b16b-8b3fa333f3d3:group-8FF929C3FA3E closes. The last applied log index is 0
2019-09-12 10:21:31,903 [main] INFO  segmented.SegmentedRaftLogWorker (SegmentedRaftLogWorker.java:close(228)) - 0de21071-135c-4e9f-9147-689c91c53707-SegmentedRaftLogWorker:Storage Directory /workdir/hadoop-ozone/integration-test/target/test-dir/MiniOzoneClusterImpl-8a368e31-8812-42c3-a9b0-be5bfd809ffd/datanode-2/data/ratis/dacb8ab9-e865-4c05-a88b-d5aa41e97d8d close()
2019-09-12 10:21:31,903 [5ad3b1f4-7cb1-4e63-b16b-8b3fa333f3d3-SegmentedRaftLogWorker:Storage Directory /workdir/hadoop-ozone/integration-test/target/test-dir/MiniOzoneClusterImpl-8a368e31-8812-42c3-a9b0-be5bfd809ffd/datanode-1/data/ratis/de6d3ccd-cfeb-4ab9-995f-8ff929c3fa3e] INFO  segmented.SegmentedRaftLogWorker (SegmentedRaftLogWorker.java:run(313)) - 5ad3b1f4-7cb1-4e63-b16b-8b3fa333f3d3-SegmentedRaftLogWorker:Storage Directory /workdir/hadoop-ozone/integration-test/target/test-dir/MiniOzoneClusterImpl-8a368e31-8812-42c3-a9b0-be5bfd809ffd/datanode-1/data/ratis/de6d3ccd-cfeb-4ab9-995f-8ff929c3fa3e was interrupted, exiting. There are 0 tasks remaining in the queue.
2019-09-12 10:21:31,906 [main] INFO  impl.RaftServerImpl (RaftServerImpl.java:lambda$shutdown$3(245)) - 0de21071-135c-4e9f-9147-689c91c53707: shutdown group-D89A7FDE73AF
2019-09-12 10:21:31,907 [ForkJoinPool.commonPool-worker-1] INFO  segmented.SegmentedRaftLogWorker (SegmentedRaftLogWorker.java:close(228)) - 5ad3b1f4-7cb1-4e63-b16b-8b3fa333f3d3-SegmentedRaftLogWorker:Storage Directory /workdir/hadoop-ozone/integration-test/target/test-dir/MiniOzoneClusterImpl-8a368e31-8812-42c3-a9b0-be5bfd809ffd/datanode-1/data/ratis/de6d3ccd-cfeb-4ab9-995f-8ff929c3fa3e close()
2019-09-12 10:21:31,907 [main] INFO  util.JmxRegister (JmxRegister.java:unregister(73)) - Successfully un-registered JMX Bean with object name Ratis:service=RaftServer,group=group-D89A7FDE73AF,id=0de21071-135c-4e9f-9147-689c91c53707
2019-09-12 10:21:31,910 [ForkJoinPool.commonPool-worker-1] INFO  impl.RaftServerImpl (RaftServerImpl.java:lambda$shutdown$3(245)) - 5ad3b1f4-7cb1-4e63-b16b-8b3fa333f3d3: shutdown group-6314932063E9
2019-09-12 10:21:31,910 [main] INFO  impl.RoleInfo (RoleInfo.java:shutdownLeaderState(104)) - 0de21071-135c-4e9f-9147-689c91c53707: shutdown LeaderState
2019-09-12 10:21:31,910 [ForkJoinPool.commonPool-worker-1] INFO  util.JmxRegister (JmxRegister.java:unregister(73)) - Successfully un-registered JMX Bean with object name Ratis:service=RaftServer,group=group-6314932063E9,id=5ad3b1f4-7cb1-4e63-b16b-8b3fa333f3d3
2019-09-12 10:21:31,911 [main] INFO  impl.PendingRequests (PendingRequests.java:sendNotLeaderResponses(202)) - 0de21071-135c-4e9f-9147-689c91c53707-PendingRequests: sendNotLeaderResponses
2019-09-12 10:21:31,911 [ForkJoinPool.commonPool-worker-1] INFO  impl.RoleInfo (RoleInfo.java:shutdownLeaderState(104)) - 5ad3b1f4-7cb1-4e63-b16b-8b3fa333f3d3: shutdown LeaderState
2019-09-12 10:21:31,912 [main] INFO  impl.StateMachineUpdater (StateMachineUpdater.java:stopAndJoin(115)) - StateMachineUpdater:0de21071-135c-4e9f-9147-689c91c53707:group-D89A7FDE73AF: set stopIndex = 0
2019-09-12 10:21:31,912 [ForkJoinPool.commonPool-worker-1] INFO  impl.PendingRequests (PendingRequests.java:sendNotLeaderResponses(202)) - 5ad3b1f4-7cb1-4e63-b16b-8b3fa333f3d3-PendingRequests: sendNotLeaderResponses
2019-09-12 10:21:31,912 [main] INFO  impl.RaftServerImpl (ServerState.java:close(394)) - 0de21071-135c-4e9f-9147-689c91c53707:group-D89A7FDE73AF closes. The last applied log index is 0
2019-09-12 10:21:31,912 [ForkJoinPool.commonPool-worker-1] INFO  impl.StateMachineUpdater (StateMachineUpdater.java:stopAndJoin(115)) - StateMachineUpdater:5ad3b1f4-7cb1-4e63-b16b-8b3fa333f3d3:group-6314932063E9: set stopIndex = 0
2019-09-12 10:21:31,913 [0de21071-135c-4e9f-9147-689c91c53707-SegmentedRaftLogWorker:Storage Directory /workdir/hadoop-ozone/integration-test/target/test-dir/MiniOzoneClusterImpl-8a368e31-8812-42c3-a9b0-be5bfd809ffd/datanode-2/data/ratis/fde334b1-e818-434d-bb1b-d89a7fde73af] INFO  segmented.SegmentedRaftLogWorker (SegmentedRaftLogWorker.java:run(313)) - 0de21071-135c-4e9f-9147-689c91c53707-SegmentedRaftLogWorker:Storage Directory /workdir/hadoop-ozone/integration-test/target/test-dir/MiniOzoneClusterImpl-8a368e31-8812-42c3-a9b0-be5bfd809ffd/datanode-2/data/ratis/fde334b1-e818-434d-bb1b-d89a7fde73af was interrupted, exiting. There are 0 tasks remaining in the queue.
2019-09-12 10:21:31,913 [ForkJoinPool.commonPool-worker-1] INFO  impl.RaftServerImpl (ServerState.java:close(394)) - 5ad3b1f4-7cb1-4e63-b16b-8b3fa333f3d3:group-6314932063E9 closes. The last applied log index is 0
2019-09-12 10:21:31,914 [main] INFO  segmented.SegmentedRaftLogWorker (SegmentedRaftLogWorker.java:close(228)) - 0de21071-135c-4e9f-9147-689c91c53707-SegmentedRaftLogWorker:Storage Directory /workdir/hadoop-ozone/integration-test/target/test-dir/MiniOzoneClusterImpl-8a368e31-8812-42c3-a9b0-be5bfd809ffd/datanode-2/data/ratis/fde334b1-e818-434d-bb1b-d89a7fde73af close()
2019-09-12 10:21:31,915 [5ad3b1f4-7cb1-4e63-b16b-8b3fa333f3d3-SegmentedRaftLogWorker:Storage Directory /workdir/hadoop-ozone/integration-test/target/test-dir/MiniOzoneClusterImpl-8a368e31-8812-42c3-a9b0-be5bfd809ffd/datanode-1/data/ratis/cb33d540-18f4-46ea-b30a-6314932063e9] INFO  segmented.SegmentedRaftLogWorker (SegmentedRaftLogWorker.java:run(313)) - 5ad3b1f4-7cb1-4e63-b16b-8b3fa333f3d3-SegmentedRaftLogWorker:Storage Directory /workdir/hadoop-ozone/integration-test/target/test-dir/MiniOzoneClusterImpl-8a368e31-8812-42c3-a9b0-be5bfd809ffd/datanode-1/data/ratis/cb33d540-18f4-46ea-b30a-6314932063e9 was interrupted, exiting. There are 0 tasks remaining in the queue.
2019-09-12 10:21:31,917 [main] INFO  impl.RaftServerImpl (RaftServerImpl.java:lambda$shutdown$3(245)) - 0de21071-135c-4e9f-9147-689c91c53707: shutdown group-43FF697E8405
2019-09-12 10:21:31,919 [ForkJoinPool.commonPool-worker-1] INFO  segmented.SegmentedRaftLogWorker (SegmentedRaftLogWorker.java:close(228)) - 5ad3b1f4-7cb1-4e63-b16b-8b3fa333f3d3-SegmentedRaftLogWorker:Storage Directory /workdir/hadoop-ozone/integration-test/target/test-dir/MiniOzoneClusterImpl-8a368e31-8812-42c3-a9b0-be5bfd809ffd/datanode-1/data/ratis/cb33d540-18f4-46ea-b30a-6314932063e9 close()
2019-09-12 10:21:31,919 [main] INFO  util.JmxRegister (JmxRegister.java:unregister(73)) - Successfully un-registered JMX Bean with object name Ratis:service=RaftServer,group=group-43FF697E8405,id=0de21071-135c-4e9f-9147-689c91c53707
2019-09-12 10:21:31,921 [ForkJoinPool.commonPool-worker-1] INFO  impl.RaftServerImpl (RaftServerImpl.java:lambda$shutdown$3(245)) - 5ad3b1f4-7cb1-4e63-b16b-8b3fa333f3d3: shutdown group-7984F886EAA5
2019-09-12 10:21:31,922 [main] INFO  impl.RoleInfo (RoleInfo.java:shutdownLeaderState(104)) - 0de21071-135c-4e9f-9147-689c91c53707: shutdown LeaderState
2019-09-12 10:21:31,922 [ForkJoinPool.commonPool-worker-1] INFO  util.JmxRegister (JmxRegister.java:unregister(73)) - Successfully un-registered JMX Bean with object name Ratis:service=RaftServer,group=group-7984F886EAA5,id=5ad3b1f4-7cb1-4e63-b16b-8b3fa333f3d3
2019-09-12 10:21:31,922 [main] INFO  impl.PendingRequests (PendingRequests.java:sendNotLeaderResponses(202)) - 0de21071-135c-4e9f-9147-689c91c53707-PendingRequests: sendNotLeaderResponses
2019-09-12 10:21:31,923 [ForkJoinPool.commonPool-worker-1] INFO  impl.RoleInfo (RoleInfo.java:shutdownLeaderState(104)) - 5ad3b1f4-7cb1-4e63-b16b-8b3fa333f3d3: shutdown LeaderState
2019-09-12 10:21:31,923 [main] INFO  impl.StateMachineUpdater (StateMachineUpdater.java:stopAndJoin(115)) - StateMachineUpdater:0de21071-135c-4e9f-9147-689c91c53707:group-43FF697E8405: set stopIndex = 0
2019-09-12 10:21:31,923 [ForkJoinPool.commonPool-worker-1] INFO  impl.PendingRequests (PendingRequests.java:sendNotLeaderResponses(202)) - 5ad3b1f4-7cb1-4e63-b16b-8b3fa333f3d3-PendingRequests: sendNotLeaderResponses
2019-09-12 10:21:31,924 [main] INFO  impl.RaftServerImpl (ServerState.java:close(394)) - 0de21071-135c-4e9f-9147-689c91c53707:group-43FF697E8405 closes. The last applied log index is 0
2019-09-12 10:21:31,924 [ForkJoinPool.commonPool-worker-1] INFO  impl.StateMachineUpdater (StateMachineUpdater.java:stopAndJoin(115)) - StateMachineUpdater:5ad3b1f4-7cb1-4e63-b16b-8b3fa333f3d3:group-7984F886EAA5: set stopIndex = 0
2019-09-12 10:21:31,925 [0de21071-135c-4e9f-9147-689c91c53707-SegmentedRaftLogWorker:Storage Directory /workdir/hadoop-ozone/integration-test/target/test-dir/MiniOzoneClusterImpl-8a368e31-8812-42c3-a9b0-be5bfd809ffd/datanode-2/data/ratis/c75497bf-4cb5-4181-88cb-43ff697e8405] INFO  segmented.SegmentedRaftLogWorker (SegmentedRaftLogWorker.java:run(313)) - 0de21071-135c-4e9f-9147-689c91c53707-SegmentedRaftLogWorker:Storage Directory /workdir/hadoop-ozone/integration-test/target/test-dir/MiniOzoneClusterImpl-8a368e31-8812-42c3-a9b0-be5bfd809ffd/datanode-2/data/ratis/c75497bf-4cb5-4181-88cb-43ff697e8405 was interrupted, exiting. There are 0 tasks remaining in the queue.
2019-09-12 10:21:31,925 [ForkJoinPool.commonPool-worker-1] INFO  impl.RaftServerImpl (ServerState.java:close(394)) - 5ad3b1f4-7cb1-4e63-b16b-8b3fa333f3d3:group-7984F886EAA5 closes. The last applied log index is 0
2019-09-12 10:21:31,927 [main] INFO  segmented.SegmentedRaftLogWorker (SegmentedRaftLogWorker.java:close(228)) - 0de21071-135c-4e9f-9147-689c91c53707-SegmentedRaftLogWorker:Storage Directory /workdir/hadoop-ozone/integration-test/target/test-dir/MiniOzoneClusterImpl-8a368e31-8812-42c3-a9b0-be5bfd809ffd/datanode-2/data/ratis/c75497bf-4cb5-4181-88cb-43ff697e8405 close()
2019-09-12 10:21:31,927 [5ad3b1f4-7cb1-4e63-b16b-8b3fa333f3d3-SegmentedRaftLogWorker:Storage Directory /workdir/hadoop-ozone/integration-test/target/test-dir/MiniOzoneClusterImpl-8a368e31-8812-42c3-a9b0-be5bfd809ffd/datanode-1/data/ratis/b7b371ab-20b5-401b-91ec-7984f886eaa5] INFO  segmented.SegmentedRaftLogWorker (SegmentedRaftLogWorker.java:run(313)) - 5ad3b1f4-7cb1-4e63-b16b-8b3fa333f3d3-SegmentedRaftLogWorker:Storage Directory /workdir/hadoop-ozone/integration-test/target/test-dir/MiniOzoneClusterImpl-8a368e31-8812-42c3-a9b0-be5bfd809ffd/datanode-1/data/ratis/b7b371ab-20b5-401b-91ec-7984f886eaa5 was interrupted, exiting. There are 0 tasks remaining in the queue.
2019-09-12 10:21:31,930 [main] INFO  impl.RaftServerImpl (RaftServerImpl.java:lambda$shutdown$3(245)) - 0de21071-135c-4e9f-9147-689c91c53707: shutdown group-F450F1653DF5
2019-09-12 10:21:31,934 [ForkJoinPool.commonPool-worker-1] INFO  segmented.SegmentedRaftLogWorker (SegmentedRaftLogWorker.java:close(228)) - 5ad3b1f4-7cb1-4e63-b16b-8b3fa333f3d3-SegmentedRaftLogWorker:Storage Directory /workdir/hadoop-ozone/integration-test/target/test-dir/MiniOzoneClusterImpl-8a368e31-8812-42c3-a9b0-be5bfd809ffd/datanode-1/data/ratis/b7b371ab-20b5-401b-91ec-7984f886eaa5 close()
2019-09-12 10:21:31,934 [main] INFO  util.JmxRegister (JmxRegister.java:unregister(73)) - Successfully un-registered JMX Bean with object name Ratis:service=RaftServer,group=group-F450F1653DF5,id=0de21071-135c-4e9f-9147-689c91c53707
2019-09-12 10:21:31,940 [ForkJoinPool.commonPool-worker-1] INFO  impl.RaftServerImpl (RaftServerImpl.java:lambda$shutdown$3(245)) - 5ad3b1f4-7cb1-4e63-b16b-8b3fa333f3d3: shutdown group-361B76DEB94E
2019-09-12 10:21:31,941 [main] INFO  impl.RoleInfo (RoleInfo.java:shutdownLeaderState(104)) - 0de21071-135c-4e9f-9147-689c91c53707: shutdown LeaderState
2019-09-12 10:21:31,941 [ForkJoinPool.commonPool-worker-1] INFO  util.JmxRegister (JmxRegister.java:unregister(73)) - Successfully un-registered JMX Bean with object name Ratis:service=RaftServer,group=group-361B76DEB94E,id=5ad3b1f4-7cb1-4e63-b16b-8b3fa333f3d3
2019-09-12 10:21:31,942 [main] INFO  impl.PendingRequests (PendingRequests.java:sendNotLeaderResponses(202)) - 0de21071-135c-4e9f-9147-689c91c53707-PendingRequests: sendNotLeaderResponses
2019-09-12 10:21:31,942 [ForkJoinPool.commonPool-worker-1] INFO  impl.RoleInfo (RoleInfo.java:shutdownLeaderState(104)) - 5ad3b1f4-7cb1-4e63-b16b-8b3fa333f3d3: shutdown LeaderState
2019-09-12 10:21:31,942 [main] INFO  impl.StateMachineUpdater (StateMachineUpdater.java:stopAndJoin(115)) - StateMachineUpdater:0de21071-135c-4e9f-9147-689c91c53707:group-F450F1653DF5: set stopIndex = 0
2019-09-12 10:21:31,943 [ForkJoinPool.commonPool-worker-1] INFO  impl.PendingRequests (PendingRequests.java:sendNotLeaderResponses(202)) - 5ad3b1f4-7cb1-4e63-b16b-8b3fa333f3d3-PendingRequests: sendNotLeaderResponses
2019-09-12 10:21:31,943 [main] INFO  impl.RaftServerImpl (ServerState.java:close(394)) - 0de21071-135c-4e9f-9147-689c91c53707:group-F450F1653DF5 closes. The last applied log index is 0
2019-09-12 10:21:31,943 [ForkJoinPool.commonPool-worker-1] INFO  impl.StateMachineUpdater (StateMachineUpdater.java:stopAndJoin(115)) - StateMachineUpdater:5ad3b1f4-7cb1-4e63-b16b-8b3fa333f3d3:group-361B76DEB94E: set stopIndex = 0
2019-09-12 10:21:31,944 [0de21071-135c-4e9f-9147-689c91c53707-SegmentedRaftLogWorker:Storage Directory /workdir/hadoop-ozone/integration-test/target/test-dir/MiniOzoneClusterImpl-8a368e31-8812-42c3-a9b0-be5bfd809ffd/datanode-2/data/ratis/bbc6fa57-d752-4671-b71e-f450f1653df5] INFO  segmented.SegmentedRaftLogWorker (SegmentedRaftLogWorker.java:run(313)) - 0de21071-135c-4e9f-9147-689c91c53707-SegmentedRaftLogWorker:Storage Directory /workdir/hadoop-ozone/integration-test/target/test-dir/MiniOzoneClusterImpl-8a368e31-8812-42c3-a9b0-be5bfd809ffd/datanode-2/data/ratis/bbc6fa57-d752-4671-b71e-f450f1653df5 was interrupted, exiting. There are 0 tasks remaining in the queue.
2019-09-12 10:21:31,944 [ForkJoinPool.commonPool-worker-1] INFO  impl.RaftServerImpl (ServerState.java:close(394)) - 5ad3b1f4-7cb1-4e63-b16b-8b3fa333f3d3:group-361B76DEB94E closes. The last applied log index is 0
2019-09-12 10:21:31,944 [main] INFO  segmented.SegmentedRaftLogWorker (SegmentedRaftLogWorker.java:close(228)) - 0de21071-135c-4e9f-9147-689c91c53707-SegmentedRaftLogWorker:Storage Directory /workdir/hadoop-ozone/integration-test/target/test-dir/MiniOzoneClusterImpl-8a368e31-8812-42c3-a9b0-be5bfd809ffd/datanode-2/data/ratis/bbc6fa57-d752-4671-b71e-f450f1653df5 close()
2019-09-12 10:21:31,944 [5ad3b1f4-7cb1-4e63-b16b-8b3fa333f3d3-SegmentedRaftLogWorker:Storage Directory /workdir/hadoop-ozone/integration-test/target/test-dir/MiniOzoneClusterImpl-8a368e31-8812-42c3-a9b0-be5bfd809ffd/datanode-1/data/ratis/529baf77-c7de-4ef4-8893-361b76deb94e] INFO  segmented.SegmentedRaftLogWorker (SegmentedRaftLogWorker.java:run(313)) - 5ad3b1f4-7cb1-4e63-b16b-8b3fa333f3d3-SegmentedRaftLogWorker:Storage Directory /workdir/hadoop-ozone/integration-test/target/test-dir/MiniOzoneClusterImpl-8a368e31-8812-42c3-a9b0-be5bfd809ffd/datanode-1/data/ratis/529baf77-c7de-4ef4-8893-361b76deb94e was interrupted, exiting. There are 0 tasks remaining in the queue.
2019-09-12 10:21:31,946 [ForkJoinPool.commonPool-worker-1] INFO  segmented.SegmentedRaftLogWorker (SegmentedRaftLogWorker.java:close(228)) - 5ad3b1f4-7cb1-4e63-b16b-8b3fa333f3d3-SegmentedRaftLogWorker:Storage Directory /workdir/hadoop-ozone/integration-test/target/test-dir/MiniOzoneClusterImpl-8a368e31-8812-42c3-a9b0-be5bfd809ffd/datanode-1/data/ratis/529baf77-c7de-4ef4-8893-361b76deb94e close()
2019-09-12 10:21:31,948 [main] INFO  server.GrpcService (GrpcService.java:closeImpl(155)) - 0de21071-135c-4e9f-9147-689c91c53707: shutdown server with port 37667 now
2019-09-12 10:21:31,948 [ForkJoinPool.commonPool-worker-1] INFO  server.GrpcService (GrpcService.java:closeImpl(155)) - 5ad3b1f4-7cb1-4e63-b16b-8b3fa333f3d3: shutdown server with port 37868 now
2019-09-12 10:21:31,951 [main] INFO  server.GrpcService (GrpcService.java:closeImpl(163)) - 0de21071-135c-4e9f-9147-689c91c53707: shutdown server with port 37667 successfully
2019-09-12 10:21:31,953 [ForkJoinPool.commonPool-worker-1] INFO  server.GrpcService (GrpcService.java:closeImpl(163)) - 5ad3b1f4-7cb1-4e63-b16b-8b3fa333f3d3: shutdown server with port 37868 successfully
2019-09-12 10:21:31,956 [main] INFO  utils.BackgroundService (BackgroundService.java:shutdown(148)) - Shutting down service BlockDeletingService
2019-09-12 10:21:31,956 [ForkJoinPool.commonPool-worker-1] INFO  utils.BackgroundService (BackgroundService.java:shutdown(148)) - Shutting down service BlockDeletingService
2019-09-12 10:21:31,957 [refreshUsed-/workdir/hadoop-ozone/integration-test/target/test-dir/MiniOzoneClusterImpl-8a368e31-8812-42c3-a9b0-be5bfd809ffd/datanode-2/data/containers] WARN  fs.CachingGetSpaceUsed (CachingGetSpaceUsed.java:run(183)) - Thread Interrupted waiting to refresh disk information: sleep interrupted
2019-09-12 10:21:31,958 [refreshUsed-/workdir/hadoop-ozone/integration-test/target/test-dir/MiniOzoneClusterImpl-8a368e31-8812-42c3-a9b0-be5bfd809ffd/datanode-1/data/containers] WARN  fs.CachingGetSpaceUsed (CachingGetSpaceUsed.java:run(183)) - Thread Interrupted waiting to refresh disk information: sleep interrupted
2019-09-12 10:21:31,977 | INFO  | SCMAudit | user=jenkins1000 | ip=192.168.157.195 | op=SEND_HEARTBEAT {datanodeUUID=464357b9-d640-4e4a-892f-a68e44244c3b, command=[]} | ret=SUCCESS |  
2019-09-12 10:21:31,987 [main] INFO  statemachine.DatanodeStateMachine (DatanodeStateMachine.java:stopDaemon(395)) - Ozone container server stopped.
2019-09-12 10:21:31,989 [ForkJoinPool.commonPool-worker-1] INFO  statemachine.DatanodeStateMachine (DatanodeStateMachine.java:stopDaemon(395)) - Ozone container server stopped.
2019-09-12 10:21:31,992 [main] INFO  handler.ContextHandler (ContextHandler.java:doStop(910)) - Stopped o.e.j.w.WebAppContext@8c43966{/,null,UNAVAILABLE}{/hddsDatanode}
2019-09-12 10:21:31,993 [ForkJoinPool.commonPool-worker-1] INFO  handler.ContextHandler (ContextHandler.java:doStop(910)) - Stopped o.e.j.w.WebAppContext@6ee88e21{/,null,UNAVAILABLE}{/hddsDatanode}
2019-09-12 10:21:31,994 [main] INFO  server.AbstractConnector (AbstractConnector.java:doStop(318)) - Stopped ServerConnector@1efac5b9{HTTP/1.1,[http/1.1]}{0.0.0.0:0}
2019-09-12 10:21:31,994 [ForkJoinPool.commonPool-worker-1] INFO  server.AbstractConnector (AbstractConnector.java:doStop(318)) - Stopped ServerConnector@78d23d6a{HTTP/1.1,[http/1.1]}{0.0.0.0:0}
2019-09-12 10:21:31,994 [main] INFO  handler.ContextHandler (ContextHandler.java:doStop(910)) - Stopped o.e.j.s.ServletContextHandler@6ef2f7ad{/static,jar:file:/home/user/.m2/repository/org/apache/hadoop/hadoop-hdds-container-service/0.5.0-SNAPSHOT/hadoop-hdds-container-service-0.5.0-SNAPSHOT.jar!/webapps/static,UNAVAILABLE}
2019-09-12 10:21:31,995 [ForkJoinPool.commonPool-worker-1] INFO  handler.ContextHandler (ContextHandler.java:doStop(910)) - Stopped o.e.j.s.ServletContextHandler@39549f33{/static,jar:file:/home/user/.m2/repository/org/apache/hadoop/hadoop-hdds-container-service/0.5.0-SNAPSHOT/hadoop-hdds-container-service-0.5.0-SNAPSHOT.jar!/webapps/static,UNAVAILABLE}
2019-09-12 10:21:31,995 [main] INFO  handler.ContextHandler (ContextHandler.java:doStop(910)) - Stopped o.e.j.s.ServletContextHandler@3709748f{/logs,file:///workdir/hadoop-ozone/integration-test/target/log,UNAVAILABLE}
2019-09-12 10:21:31,996 [ForkJoinPool.commonPool-worker-1] INFO  handler.ContextHandler (ContextHandler.java:doStop(910)) - Stopped o.e.j.s.ServletContextHandler@6f731759{/logs,file:///workdir/hadoop-ozone/integration-test/target/log,UNAVAILABLE}
2019-09-12 10:21:31,998 [main] INFO  datanode.ObjectStoreHandler (ObjectStoreHandler.java:close(155)) - Closing ObjectStoreHandler.
2019-09-12 10:21:31,998 [ForkJoinPool.commonPool-worker-1] INFO  datanode.ObjectStoreHandler (ObjectStoreHandler.java:close(155)) - Closing ObjectStoreHandler.
2019-09-12 10:21:31,998 [main] INFO  ozone.HddsDatanodeService (HddsDatanodeService.java:stop(451)) - Stopped plug-in org.apache.hadoop.ozone.web.OzoneHddsDatanodeService@1e56bc9b
2019-09-12 10:21:31,998 [ForkJoinPool.commonPool-worker-1] INFO  ozone.HddsDatanodeService (HddsDatanodeService.java:stop(451)) - Stopped plug-in org.apache.hadoop.ozone.web.OzoneHddsDatanodeService@261b9a37
2019-09-12 10:21:32,819 [Datanode State Machine Thread - 0] INFO  statemachine.DatanodeStateMachine (DatanodeStateMachine.java:lambda$startDaemon$0(350)) - Ozone container server started.
2019-09-12 10:21:32,975 [Datanode State Machine Thread - 0] INFO  statemachine.DatanodeStateMachine (DatanodeStateMachine.java:lambda$startDaemon$0(350)) - Ozone container server started.
2019-09-12 10:21:36,999 [main] INFO  ozoneimpl.OzoneContainer (OzoneContainer.java:stop(199)) - Attempting to stop container services.
2019-09-12 10:21:36,999 [ForkJoinPool.commonPool-worker-1] INFO  ozoneimpl.OzoneContainer (OzoneContainer.java:stop(199)) - Attempting to stop container services.
2019-09-12 10:21:37,000 [main] INFO  impl.RaftServerProxy (RaftServerProxy.java:lambda$close$4(314)) - 97d69fd4-8e52-4023-8fa6-54c6b0949aa9: close
2019-09-12 10:21:37,000 [ForkJoinPool.commonPool-worker-1] INFO  impl.RaftServerProxy (RaftServerProxy.java:lambda$close$4(314)) - 464357b9-d640-4e4a-892f-a68e44244c3b: close
2019-09-12 10:21:37,000 [main] INFO  impl.RaftServerImpl (RaftServerImpl.java:lambda$shutdown$3(245)) - 97d69fd4-8e52-4023-8fa6-54c6b0949aa9: shutdown group-6F599AD9DAF8
2019-09-12 10:21:37,001 [ForkJoinPool.commonPool-worker-1] INFO  impl.RaftServerImpl (RaftServerImpl.java:lambda$shutdown$3(245)) - 464357b9-d640-4e4a-892f-a68e44244c3b: shutdown group-DD682A177973
2019-09-12 10:21:37,001 [main] INFO  util.JmxRegister (JmxRegister.java:unregister(73)) - Successfully un-registered JMX Bean with object name Ratis:service=RaftServer,group=group-6F599AD9DAF8,id=97d69fd4-8e52-4023-8fa6-54c6b0949aa9
2019-09-12 10:21:37,001 [ForkJoinPool.commonPool-worker-1] INFO  util.JmxRegister (JmxRegister.java:unregister(73)) - Successfully un-registered JMX Bean with object name Ratis:service=RaftServer,group=group-DD682A177973,id=464357b9-d640-4e4a-892f-a68e44244c3b
2019-09-12 10:21:37,002 [main] INFO  impl.RoleInfo (RoleInfo.java:shutdownLeaderState(104)) - 97d69fd4-8e52-4023-8fa6-54c6b0949aa9: shutdown LeaderState
2019-09-12 10:21:37,002 [ForkJoinPool.commonPool-worker-1] INFO  impl.RoleInfo (RoleInfo.java:shutdownLeaderState(104)) - 464357b9-d640-4e4a-892f-a68e44244c3b: shutdown LeaderState
2019-09-12 10:21:37,003 [main] INFO  impl.PendingRequests (PendingRequests.java:sendNotLeaderResponses(202)) - 97d69fd4-8e52-4023-8fa6-54c6b0949aa9-PendingRequests: sendNotLeaderResponses
2019-09-12 10:21:37,003 [ForkJoinPool.commonPool-worker-1] INFO  impl.PendingRequests (PendingRequests.java:sendNotLeaderResponses(202)) - 464357b9-d640-4e4a-892f-a68e44244c3b-PendingRequests: sendNotLeaderResponses
2019-09-12 10:21:37,003 [main] INFO  impl.StateMachineUpdater (StateMachineUpdater.java:stopAndJoin(115)) - StateMachineUpdater:97d69fd4-8e52-4023-8fa6-54c6b0949aa9:group-6F599AD9DAF8: set stopIndex = 0
2019-09-12 10:21:37,004 [ForkJoinPool.commonPool-worker-1] INFO  impl.StateMachineUpdater (StateMachineUpdater.java:stopAndJoin(115)) - StateMachineUpdater:464357b9-d640-4e4a-892f-a68e44244c3b:group-DD682A177973: set stopIndex = 0
2019-09-12 10:21:37,004 [main] INFO  impl.RaftServerImpl (ServerState.java:close(394)) - 97d69fd4-8e52-4023-8fa6-54c6b0949aa9:group-6F599AD9DAF8 closes. The last applied log index is 0
2019-09-12 10:21:37,004 [ForkJoinPool.commonPool-worker-1] INFO  impl.RaftServerImpl (ServerState.java:close(394)) - 464357b9-d640-4e4a-892f-a68e44244c3b:group-DD682A177973 closes. The last applied log index is 0
2019-09-12 10:21:37,005 [97d69fd4-8e52-4023-8fa6-54c6b0949aa9-SegmentedRaftLogWorker:Storage Directory /workdir/hadoop-ozone/integration-test/target/test-dir/MiniOzoneClusterImpl-8a368e31-8812-42c3-a9b0-be5bfd809ffd/datanode-3/data/ratis/b4b178ee-2a27-4fc5-8ab2-6f599ad9daf8] INFO  segmented.SegmentedRaftLogWorker (SegmentedRaftLogWorker.java:run(313)) - 97d69fd4-8e52-4023-8fa6-54c6b0949aa9-SegmentedRaftLogWorker:Storage Directory /workdir/hadoop-ozone/integration-test/target/test-dir/MiniOzoneClusterImpl-8a368e31-8812-42c3-a9b0-be5bfd809ffd/datanode-3/data/ratis/b4b178ee-2a27-4fc5-8ab2-6f599ad9daf8 was interrupted, exiting. There are 0 tasks remaining in the queue.
2019-09-12 10:21:37,005 [464357b9-d640-4e4a-892f-a68e44244c3b-SegmentedRaftLogWorker:Storage Directory /workdir/hadoop-ozone/integration-test/target/test-dir/MiniOzoneClusterImpl-8a368e31-8812-42c3-a9b0-be5bfd809ffd/datanode-0/data/ratis/7e8edd91-e16c-44cc-9732-dd682a177973] INFO  segmented.SegmentedRaftLogWorker (SegmentedRaftLogWorker.java:run(313)) - 464357b9-d640-4e4a-892f-a68e44244c3b-SegmentedRaftLogWorker:Storage Directory /workdir/hadoop-ozone/integration-test/target/test-dir/MiniOzoneClusterImpl-8a368e31-8812-42c3-a9b0-be5bfd809ffd/datanode-0/data/ratis/7e8edd91-e16c-44cc-9732-dd682a177973 was interrupted, exiting. There are 0 tasks remaining in the queue.
2019-09-12 10:21:37,005 [main] INFO  segmented.SegmentedRaftLogWorker (SegmentedRaftLogWorker.java:close(228)) - 97d69fd4-8e52-4023-8fa6-54c6b0949aa9-SegmentedRaftLogWorker:Storage Directory /workdir/hadoop-ozone/integration-test/target/test-dir/MiniOzoneClusterImpl-8a368e31-8812-42c3-a9b0-be5bfd809ffd/datanode-3/data/ratis/b4b178ee-2a27-4fc5-8ab2-6f599ad9daf8 close()
2019-09-12 10:21:37,006 [ForkJoinPool.commonPool-worker-1] INFO  segmented.SegmentedRaftLogWorker (SegmentedRaftLogWorker.java:close(228)) - 464357b9-d640-4e4a-892f-a68e44244c3b-SegmentedRaftLogWorker:Storage Directory /workdir/hadoop-ozone/integration-test/target/test-dir/MiniOzoneClusterImpl-8a368e31-8812-42c3-a9b0-be5bfd809ffd/datanode-0/data/ratis/7e8edd91-e16c-44cc-9732-dd682a177973 close()
2019-09-12 10:21:37,007 [main] INFO  impl.RaftServerImpl (RaftServerImpl.java:lambda$shutdown$3(245)) - 97d69fd4-8e52-4023-8fa6-54c6b0949aa9: shutdown group-D5D57D0ECBBF
2019-09-12 10:21:37,008 [ForkJoinPool.commonPool-worker-1] INFO  impl.RaftServerImpl (RaftServerImpl.java:lambda$shutdown$3(245)) - 464357b9-d640-4e4a-892f-a68e44244c3b: shutdown group-20B6BBBD6550
2019-09-12 10:21:37,009 [main] INFO  util.JmxRegister (JmxRegister.java:unregister(73)) - Successfully un-registered JMX Bean with object name Ratis:service=RaftServer,group=group-D5D57D0ECBBF,id=97d69fd4-8e52-4023-8fa6-54c6b0949aa9
2019-09-12 10:21:37,009 [ForkJoinPool.commonPool-worker-1] INFO  util.JmxRegister (JmxRegister.java:unregister(73)) - Successfully un-registered JMX Bean with object name Ratis:service=RaftServer,group=group-20B6BBBD6550,id=464357b9-d640-4e4a-892f-a68e44244c3b
2019-09-12 10:21:37,009 [main] INFO  impl.RoleInfo (RoleInfo.java:shutdownLeaderState(104)) - 97d69fd4-8e52-4023-8fa6-54c6b0949aa9: shutdown LeaderState
2019-09-12 10:21:37,009 [ForkJoinPool.commonPool-worker-1] INFO  impl.RoleInfo (RoleInfo.java:shutdownLeaderState(104)) - 464357b9-d640-4e4a-892f-a68e44244c3b: shutdown LeaderState
2019-09-12 10:21:37,010 [main] INFO  impl.PendingRequests (PendingRequests.java:sendNotLeaderResponses(202)) - 97d69fd4-8e52-4023-8fa6-54c6b0949aa9-PendingRequests: sendNotLeaderResponses
2019-09-12 10:21:37,010 [ForkJoinPool.commonPool-worker-1] INFO  impl.PendingRequests (PendingRequests.java:sendNotLeaderResponses(202)) - 464357b9-d640-4e4a-892f-a68e44244c3b-PendingRequests: sendNotLeaderResponses
2019-09-12 10:21:37,011 [main] INFO  impl.StateMachineUpdater (StateMachineUpdater.java:stopAndJoin(115)) - StateMachineUpdater:97d69fd4-8e52-4023-8fa6-54c6b0949aa9:group-D5D57D0ECBBF: set stopIndex = 0
2019-09-12 10:21:37,011 [ForkJoinPool.commonPool-worker-1] INFO  impl.StateMachineUpdater (StateMachineUpdater.java:stopAndJoin(115)) - StateMachineUpdater:464357b9-d640-4e4a-892f-a68e44244c3b:group-20B6BBBD6550: set stopIndex = 0
2019-09-12 10:21:37,011 [main] INFO  impl.RaftServerImpl (ServerState.java:close(394)) - 97d69fd4-8e52-4023-8fa6-54c6b0949aa9:group-D5D57D0ECBBF closes. The last applied log index is 0
2019-09-12 10:21:37,011 [ForkJoinPool.commonPool-worker-1] INFO  impl.RaftServerImpl (ServerState.java:close(394)) - 464357b9-d640-4e4a-892f-a68e44244c3b:group-20B6BBBD6550 closes. The last applied log index is 0
2019-09-12 10:21:37,012 [97d69fd4-8e52-4023-8fa6-54c6b0949aa9-SegmentedRaftLogWorker:Storage Directory /workdir/hadoop-ozone/integration-test/target/test-dir/MiniOzoneClusterImpl-8a368e31-8812-42c3-a9b0-be5bfd809ffd/datanode-3/data/ratis/c7cc95b0-c511-42b8-8616-d5d57d0ecbbf] INFO  segmented.SegmentedRaftLogWorker (SegmentedRaftLogWorker.java:run(313)) - 97d69fd4-8e52-4023-8fa6-54c6b0949aa9-SegmentedRaftLogWorker:Storage Directory /workdir/hadoop-ozone/integration-test/target/test-dir/MiniOzoneClusterImpl-8a368e31-8812-42c3-a9b0-be5bfd809ffd/datanode-3/data/ratis/c7cc95b0-c511-42b8-8616-d5d57d0ecbbf was interrupted, exiting. There are 0 tasks remaining in the queue.
2019-09-12 10:21:37,012 [464357b9-d640-4e4a-892f-a68e44244c3b-SegmentedRaftLogWorker:Storage Directory /workdir/hadoop-ozone/integration-test/target/test-dir/MiniOzoneClusterImpl-8a368e31-8812-42c3-a9b0-be5bfd809ffd/datanode-0/data/ratis/f431735f-36fb-4782-96ff-20b6bbbd6550] INFO  segmented.SegmentedRaftLogWorker (SegmentedRaftLogWorker.java:run(313)) - 464357b9-d640-4e4a-892f-a68e44244c3b-SegmentedRaftLogWorker:Storage Directory /workdir/hadoop-ozone/integration-test/target/test-dir/MiniOzoneClusterImpl-8a368e31-8812-42c3-a9b0-be5bfd809ffd/datanode-0/data/ratis/f431735f-36fb-4782-96ff-20b6bbbd6550 was interrupted, exiting. There are 0 tasks remaining in the queue.
2019-09-12 10:21:37,012 [main] INFO  segmented.SegmentedRaftLogWorker (SegmentedRaftLogWorker.java:close(228)) - 97d69fd4-8e52-4023-8fa6-54c6b0949aa9-SegmentedRaftLogWorker:Storage Directory /workdir/hadoop-ozone/integration-test/target/test-dir/MiniOzoneClusterImpl-8a368e31-8812-42c3-a9b0-be5bfd809ffd/datanode-3/data/ratis/c7cc95b0-c511-42b8-8616-d5d57d0ecbbf close()
2019-09-12 10:21:37,012 [ForkJoinPool.commonPool-worker-1] INFO  segmented.SegmentedRaftLogWorker (SegmentedRaftLogWorker.java:close(228)) - 464357b9-d640-4e4a-892f-a68e44244c3b-SegmentedRaftLogWorker:Storage Directory /workdir/hadoop-ozone/integration-test/target/test-dir/MiniOzoneClusterImpl-8a368e31-8812-42c3-a9b0-be5bfd809ffd/datanode-0/data/ratis/f431735f-36fb-4782-96ff-20b6bbbd6550 close()
2019-09-12 10:21:37,014 [main] INFO  impl.RaftServerImpl (RaftServerImpl.java:lambda$shutdown$3(245)) - 97d69fd4-8e52-4023-8fa6-54c6b0949aa9: shutdown group-18E9E77C341A
2019-09-12 10:21:37,015 [ForkJoinPool.commonPool-worker-1] INFO  impl.RaftServerImpl (RaftServerImpl.java:lambda$shutdown$3(245)) - 464357b9-d640-4e4a-892f-a68e44244c3b: shutdown group-B7FA153FF8F2
2019-09-12 10:21:37,015 [main] INFO  util.JmxRegister (JmxRegister.java:unregister(73)) - Successfully un-registered JMX Bean with object name Ratis:service=RaftServer,group=group-18E9E77C341A,id=97d69fd4-8e52-4023-8fa6-54c6b0949aa9
2019-09-12 10:21:37,016 [ForkJoinPool.commonPool-worker-1] INFO  util.JmxRegister (JmxRegister.java:unregister(73)) - Successfully un-registered JMX Bean with object name Ratis:service=RaftServer,group=group-B7FA153FF8F2,id=464357b9-d640-4e4a-892f-a68e44244c3b
2019-09-12 10:21:37,016 [main] INFO  impl.RoleInfo (RoleInfo.java:shutdownLeaderState(104)) - 97d69fd4-8e52-4023-8fa6-54c6b0949aa9: shutdown LeaderState
2019-09-12 10:21:37,016 [ForkJoinPool.commonPool-worker-1] INFO  impl.RoleInfo (RoleInfo.java:shutdownLeaderState(104)) - 464357b9-d640-4e4a-892f-a68e44244c3b: shutdown LeaderState
2019-09-12 10:21:37,017 [main] INFO  impl.PendingRequests (PendingRequests.java:sendNotLeaderResponses(202)) - 97d69fd4-8e52-4023-8fa6-54c6b0949aa9-PendingRequests: sendNotLeaderResponses
2019-09-12 10:21:37,017 [ForkJoinPool.commonPool-worker-1] INFO  impl.PendingRequests (PendingRequests.java:sendNotLeaderResponses(202)) - 464357b9-d640-4e4a-892f-a68e44244c3b-PendingRequests: sendNotLeaderResponses
2019-09-12 10:21:37,017 [main] INFO  impl.StateMachineUpdater (StateMachineUpdater.java:stopAndJoin(115)) - StateMachineUpdater:97d69fd4-8e52-4023-8fa6-54c6b0949aa9:group-18E9E77C341A: set stopIndex = 0
2019-09-12 10:21:37,018 [ForkJoinPool.commonPool-worker-1] INFO  impl.StateMachineUpdater (StateMachineUpdater.java:stopAndJoin(115)) - StateMachineUpdater:464357b9-d640-4e4a-892f-a68e44244c3b:group-B7FA153FF8F2: set stopIndex = 0
2019-09-12 10:21:37,018 [main] INFO  impl.RaftServerImpl (ServerState.java:close(394)) - 97d69fd4-8e52-4023-8fa6-54c6b0949aa9:group-18E9E77C341A closes. The last applied log index is 0
2019-09-12 10:21:37,018 [ForkJoinPool.commonPool-worker-1] INFO  impl.RaftServerImpl (ServerState.java:close(394)) - 464357b9-d640-4e4a-892f-a68e44244c3b:group-B7FA153FF8F2 closes. The last applied log index is 0
2019-09-12 10:21:37,019 [97d69fd4-8e52-4023-8fa6-54c6b0949aa9-SegmentedRaftLogWorker:Storage Directory /workdir/hadoop-ozone/integration-test/target/test-dir/MiniOzoneClusterImpl-8a368e31-8812-42c3-a9b0-be5bfd809ffd/datanode-3/data/ratis/77c5900c-4196-461f-995c-18e9e77c341a] INFO  segmented.SegmentedRaftLogWorker (SegmentedRaftLogWorker.java:run(313)) - 97d69fd4-8e52-4023-8fa6-54c6b0949aa9-SegmentedRaftLogWorker:Storage Directory /workdir/hadoop-ozone/integration-test/target/test-dir/MiniOzoneClusterImpl-8a368e31-8812-42c3-a9b0-be5bfd809ffd/datanode-3/data/ratis/77c5900c-4196-461f-995c-18e9e77c341a was interrupted, exiting. There are 0 tasks remaining in the queue.
2019-09-12 10:21:37,019 [464357b9-d640-4e4a-892f-a68e44244c3b-SegmentedRaftLogWorker:Storage Directory /workdir/hadoop-ozone/integration-test/target/test-dir/MiniOzoneClusterImpl-8a368e31-8812-42c3-a9b0-be5bfd809ffd/datanode-0/data/ratis/6277b2d3-6a0c-4b85-8e99-b7fa153ff8f2] INFO  segmented.SegmentedRaftLogWorker (SegmentedRaftLogWorker.java:run(313)) - 464357b9-d640-4e4a-892f-a68e44244c3b-SegmentedRaftLogWorker:Storage Directory /workdir/hadoop-ozone/integration-test/target/test-dir/MiniOzoneClusterImpl-8a368e31-8812-42c3-a9b0-be5bfd809ffd/datanode-0/data/ratis/6277b2d3-6a0c-4b85-8e99-b7fa153ff8f2 was interrupted, exiting. There are 0 tasks remaining in the queue.
2019-09-12 10:21:37,019 [main] INFO  segmented.SegmentedRaftLogWorker (SegmentedRaftLogWorker.java:close(228)) - 97d69fd4-8e52-4023-8fa6-54c6b0949aa9-SegmentedRaftLogWorker:Storage Directory /workdir/hadoop-ozone/integration-test/target/test-dir/MiniOzoneClusterImpl-8a368e31-8812-42c3-a9b0-be5bfd809ffd/datanode-3/data/ratis/77c5900c-4196-461f-995c-18e9e77c341a close()
2019-09-12 10:21:37,020 [ForkJoinPool.commonPool-worker-1] INFO  segmented.SegmentedRaftLogWorker (SegmentedRaftLogWorker.java:close(228)) - 464357b9-d640-4e4a-892f-a68e44244c3b-SegmentedRaftLogWorker:Storage Directory /workdir/hadoop-ozone/integration-test/target/test-dir/MiniOzoneClusterImpl-8a368e31-8812-42c3-a9b0-be5bfd809ffd/datanode-0/data/ratis/6277b2d3-6a0c-4b85-8e99-b7fa153ff8f2 close()
2019-09-12 10:21:37,022 [main] INFO  impl.RaftServerImpl (RaftServerImpl.java:lambda$shutdown$3(245)) - 97d69fd4-8e52-4023-8fa6-54c6b0949aa9: shutdown group-5048A005CBFF
2019-09-12 10:21:37,023 [ForkJoinPool.commonPool-worker-1] INFO  impl.RaftServerImpl (RaftServerImpl.java:lambda$shutdown$3(245)) - 464357b9-d640-4e4a-892f-a68e44244c3b: shutdown group-66D7EB27E66B
2019-09-12 10:21:37,024 [main] INFO  util.JmxRegister (JmxRegister.java:unregister(73)) - Successfully un-registered JMX Bean with object name Ratis:service=RaftServer,group=group-5048A005CBFF,id=97d69fd4-8e52-4023-8fa6-54c6b0949aa9
2019-09-12 10:21:37,024 [ForkJoinPool.commonPool-worker-1] INFO  util.JmxRegister (JmxRegister.java:unregister(73)) - Successfully un-registered JMX Bean with object name Ratis:service=RaftServer,group=group-66D7EB27E66B,id=464357b9-d640-4e4a-892f-a68e44244c3b
2019-09-12 10:21:37,025 [ForkJoinPool.commonPool-worker-1] INFO  impl.RoleInfo (RoleInfo.java:shutdownLeaderState(104)) - 464357b9-d640-4e4a-892f-a68e44244c3b: shutdown LeaderState
2019-09-12 10:21:37,024 [main] INFO  impl.RoleInfo (RoleInfo.java:shutdownLeaderState(104)) - 97d69fd4-8e52-4023-8fa6-54c6b0949aa9: shutdown LeaderState
2019-09-12 10:21:37,025 [ForkJoinPool.commonPool-worker-1] INFO  impl.PendingRequests (PendingRequests.java:sendNotLeaderResponses(202)) - 464357b9-d640-4e4a-892f-a68e44244c3b-PendingRequests: sendNotLeaderResponses
2019-09-12 10:21:37,025 [main] INFO  impl.PendingRequests (PendingRequests.java:sendNotLeaderResponses(202)) - 97d69fd4-8e52-4023-8fa6-54c6b0949aa9-PendingRequests: sendNotLeaderResponses
2019-09-12 10:21:37,026 [ForkJoinPool.commonPool-worker-1] INFO  impl.StateMachineUpdater (StateMachineUpdater.java:stopAndJoin(115)) - StateMachineUpdater:464357b9-d640-4e4a-892f-a68e44244c3b:group-66D7EB27E66B: set stopIndex = 0
2019-09-12 10:21:37,026 [main] INFO  impl.StateMachineUpdater (StateMachineUpdater.java:stopAndJoin(115)) - StateMachineUpdater:97d69fd4-8e52-4023-8fa6-54c6b0949aa9:group-5048A005CBFF: set stopIndex = 0
2019-09-12 10:21:37,027 [ForkJoinPool.commonPool-worker-1] INFO  impl.RaftServerImpl (ServerState.java:close(394)) - 464357b9-d640-4e4a-892f-a68e44244c3b:group-66D7EB27E66B closes. The last applied log index is 0
2019-09-12 10:21:37,027 [main] INFO  impl.RaftServerImpl (ServerState.java:close(394)) - 97d69fd4-8e52-4023-8fa6-54c6b0949aa9:group-5048A005CBFF closes. The last applied log index is 0
2019-09-12 10:21:37,027 [464357b9-d640-4e4a-892f-a68e44244c3b-SegmentedRaftLogWorker:Storage Directory /workdir/hadoop-ozone/integration-test/target/test-dir/MiniOzoneClusterImpl-8a368e31-8812-42c3-a9b0-be5bfd809ffd/datanode-0/data/ratis/794bfc9f-98a6-4bcd-952f-66d7eb27e66b] INFO  segmented.SegmentedRaftLogWorker (SegmentedRaftLogWorker.java:run(313)) - 464357b9-d640-4e4a-892f-a68e44244c3b-SegmentedRaftLogWorker:Storage Directory /workdir/hadoop-ozone/integration-test/target/test-dir/MiniOzoneClusterImpl-8a368e31-8812-42c3-a9b0-be5bfd809ffd/datanode-0/data/ratis/794bfc9f-98a6-4bcd-952f-66d7eb27e66b was interrupted, exiting. There are 0 tasks remaining in the queue.
2019-09-12 10:21:37,028 [97d69fd4-8e52-4023-8fa6-54c6b0949aa9-SegmentedRaftLogWorker:Storage Directory /workdir/hadoop-ozone/integration-test/target/test-dir/MiniOzoneClusterImpl-8a368e31-8812-42c3-a9b0-be5bfd809ffd/datanode-3/data/ratis/c2a43b20-8c9d-497e-a6e9-5048a005cbff] INFO  segmented.SegmentedRaftLogWorker (SegmentedRaftLogWorker.java:run(313)) - 97d69fd4-8e52-4023-8fa6-54c6b0949aa9-SegmentedRaftLogWorker:Storage Directory /workdir/hadoop-ozone/integration-test/target/test-dir/MiniOzoneClusterImpl-8a368e31-8812-42c3-a9b0-be5bfd809ffd/datanode-3/data/ratis/c2a43b20-8c9d-497e-a6e9-5048a005cbff was interrupted, exiting. There are 0 tasks remaining in the queue.
2019-09-12 10:21:37,028 [ForkJoinPool.commonPool-worker-1] INFO  segmented.SegmentedRaftLogWorker (SegmentedRaftLogWorker.java:close(228)) - 464357b9-d640-4e4a-892f-a68e44244c3b-SegmentedRaftLogWorker:Storage Directory /workdir/hadoop-ozone/integration-test/target/test-dir/MiniOzoneClusterImpl-8a368e31-8812-42c3-a9b0-be5bfd809ffd/datanode-0/data/ratis/794bfc9f-98a6-4bcd-952f-66d7eb27e66b close()
2019-09-12 10:21:37,028 [main] INFO  segmented.SegmentedRaftLogWorker (SegmentedRaftLogWorker.java:close(228)) - 97d69fd4-8e52-4023-8fa6-54c6b0949aa9-SegmentedRaftLogWorker:Storage Directory /workdir/hadoop-ozone/integration-test/target/test-dir/MiniOzoneClusterImpl-8a368e31-8812-42c3-a9b0-be5bfd809ffd/datanode-3/data/ratis/c2a43b20-8c9d-497e-a6e9-5048a005cbff close()
2019-09-12 10:21:37,029 [ForkJoinPool.commonPool-worker-1] INFO  impl.RaftServerImpl (RaftServerImpl.java:lambda$shutdown$3(245)) - 464357b9-d640-4e4a-892f-a68e44244c3b: shutdown group-E45F2F4D7ECB
2019-09-12 10:21:37,033 [main] INFO  impl.RaftServerImpl (RaftServerImpl.java:lambda$shutdown$3(245)) - 97d69fd4-8e52-4023-8fa6-54c6b0949aa9: shutdown group-BDE4C0C1D5CB
2019-09-12 10:21:37,033 [ForkJoinPool.commonPool-worker-1] INFO  util.JmxRegister (JmxRegister.java:unregister(73)) - Successfully un-registered JMX Bean with object name Ratis:service=RaftServer,group=group-E45F2F4D7ECB,id=464357b9-d640-4e4a-892f-a68e44244c3b
2019-09-12 10:21:37,034 [main] INFO  util.JmxRegister (JmxRegister.java:unregister(73)) - Successfully un-registered JMX Bean with object name Ratis:service=RaftServer,group=group-BDE4C0C1D5CB,id=97d69fd4-8e52-4023-8fa6-54c6b0949aa9
2019-09-12 10:21:37,034 [ForkJoinPool.commonPool-worker-1] INFO  impl.RoleInfo (RoleInfo.java:shutdownLeaderState(104)) - 464357b9-d640-4e4a-892f-a68e44244c3b: shutdown LeaderState
2019-09-12 10:21:37,034 [main] INFO  impl.RoleInfo (RoleInfo.java:shutdownLeaderState(104)) - 97d69fd4-8e52-4023-8fa6-54c6b0949aa9: shutdown LeaderState
2019-09-12 10:21:37,034 [ForkJoinPool.commonPool-worker-1] INFO  impl.PendingRequests (PendingRequests.java:sendNotLeaderResponses(202)) - 464357b9-d640-4e4a-892f-a68e44244c3b-PendingRequests: sendNotLeaderResponses
2019-09-12 10:21:37,035 [main] INFO  impl.PendingRequests (PendingRequests.java:sendNotLeaderResponses(202)) - 97d69fd4-8e52-4023-8fa6-54c6b0949aa9-PendingRequests: sendNotLeaderResponses
2019-09-12 10:21:37,035 [ForkJoinPool.commonPool-worker-1] INFO  impl.StateMachineUpdater (StateMachineUpdater.java:stopAndJoin(115)) - StateMachineUpdater:464357b9-d640-4e4a-892f-a68e44244c3b:group-E45F2F4D7ECB: set stopIndex = 0
2019-09-12 10:21:37,035 [main] INFO  impl.StateMachineUpdater (StateMachineUpdater.java:stopAndJoin(115)) - StateMachineUpdater:97d69fd4-8e52-4023-8fa6-54c6b0949aa9:group-BDE4C0C1D5CB: set stopIndex = 0
2019-09-12 10:21:37,036 [ForkJoinPool.commonPool-worker-1] INFO  impl.RaftServerImpl (ServerState.java:close(394)) - 464357b9-d640-4e4a-892f-a68e44244c3b:group-E45F2F4D7ECB closes. The last applied log index is 0
2019-09-12 10:21:37,036 [main] INFO  impl.RaftServerImpl (ServerState.java:close(394)) - 97d69fd4-8e52-4023-8fa6-54c6b0949aa9:group-BDE4C0C1D5CB closes. The last applied log index is 0
2019-09-12 10:21:37,036 [464357b9-d640-4e4a-892f-a68e44244c3b-SegmentedRaftLogWorker:Storage Directory /workdir/hadoop-ozone/integration-test/target/test-dir/MiniOzoneClusterImpl-8a368e31-8812-42c3-a9b0-be5bfd809ffd/datanode-0/data/ratis/afbfe65a-77c7-4f08-880e-e45f2f4d7ecb] INFO  segmented.SegmentedRaftLogWorker (SegmentedRaftLogWorker.java:run(313)) - 464357b9-d640-4e4a-892f-a68e44244c3b-SegmentedRaftLogWorker:Storage Directory /workdir/hadoop-ozone/integration-test/target/test-dir/MiniOzoneClusterImpl-8a368e31-8812-42c3-a9b0-be5bfd809ffd/datanode-0/data/ratis/afbfe65a-77c7-4f08-880e-e45f2f4d7ecb was interrupted, exiting. There are 0 tasks remaining in the queue.
2019-09-12 10:21:37,037 [97d69fd4-8e52-4023-8fa6-54c6b0949aa9-SegmentedRaftLogWorker:Storage Directory /workdir/hadoop-ozone/integration-test/target/test-dir/MiniOzoneClusterImpl-8a368e31-8812-42c3-a9b0-be5bfd809ffd/datanode-3/data/ratis/70340a9a-802d-4731-9c91-bde4c0c1d5cb] INFO  segmented.SegmentedRaftLogWorker (SegmentedRaftLogWorker.java:run(313)) - 97d69fd4-8e52-4023-8fa6-54c6b0949aa9-SegmentedRaftLogWorker:Storage Directory /workdir/hadoop-ozone/integration-test/target/test-dir/MiniOzoneClusterImpl-8a368e31-8812-42c3-a9b0-be5bfd809ffd/datanode-3/data/ratis/70340a9a-802d-4731-9c91-bde4c0c1d5cb was interrupted, exiting. There are 0 tasks remaining in the queue.
2019-09-12 10:21:37,037 [ForkJoinPool.commonPool-worker-1] INFO  segmented.SegmentedRaftLogWorker (SegmentedRaftLogWorker.java:close(228)) - 464357b9-d640-4e4a-892f-a68e44244c3b-SegmentedRaftLogWorker:Storage Directory /workdir/hadoop-ozone/integration-test/target/test-dir/MiniOzoneClusterImpl-8a368e31-8812-42c3-a9b0-be5bfd809ffd/datanode-0/data/ratis/afbfe65a-77c7-4f08-880e-e45f2f4d7ecb close()
2019-09-12 10:21:37,037 [main] INFO  segmented.SegmentedRaftLogWorker (SegmentedRaftLogWorker.java:close(228)) - 97d69fd4-8e52-4023-8fa6-54c6b0949aa9-SegmentedRaftLogWorker:Storage Directory /workdir/hadoop-ozone/integration-test/target/test-dir/MiniOzoneClusterImpl-8a368e31-8812-42c3-a9b0-be5bfd809ffd/datanode-3/data/ratis/70340a9a-802d-4731-9c91-bde4c0c1d5cb close()
2019-09-12 10:21:37,037 [ForkJoinPool.commonPool-worker-1] INFO  impl.RaftServerImpl (RaftServerImpl.java:lambda$shutdown$3(245)) - 464357b9-d640-4e4a-892f-a68e44244c3b: shutdown group-5C7151F417A8
2019-09-12 10:21:37,038 [main] INFO  impl.RaftServerImpl (RaftServerImpl.java:lambda$shutdown$3(245)) - 97d69fd4-8e52-4023-8fa6-54c6b0949aa9: shutdown group-CD90BAA0949C
2019-09-12 10:21:37,038 [ForkJoinPool.commonPool-worker-1] INFO  util.JmxRegister (JmxRegister.java:unregister(73)) - Successfully un-registered JMX Bean with object name Ratis:service=RaftServer,group=group-5C7151F417A8,id=464357b9-d640-4e4a-892f-a68e44244c3b
2019-09-12 10:21:37,038 [main] INFO  util.JmxRegister (JmxRegister.java:unregister(73)) - Successfully un-registered JMX Bean with object name Ratis:service=RaftServer,group=group-CD90BAA0949C,id=97d69fd4-8e52-4023-8fa6-54c6b0949aa9
2019-09-12 10:21:37,038 [ForkJoinPool.commonPool-worker-1] INFO  impl.RoleInfo (RoleInfo.java:shutdownLeaderState(104)) - 464357b9-d640-4e4a-892f-a68e44244c3b: shutdown LeaderState
2019-09-12 10:21:37,039 [main] INFO  impl.RoleInfo (RoleInfo.java:shutdownLeaderState(104)) - 97d69fd4-8e52-4023-8fa6-54c6b0949aa9: shutdown LeaderState
2019-09-12 10:21:37,039 [ForkJoinPool.commonPool-worker-1] INFO  impl.PendingRequests (PendingRequests.java:sendNotLeaderResponses(202)) - 464357b9-d640-4e4a-892f-a68e44244c3b-PendingRequests: sendNotLeaderResponses
2019-09-12 10:21:37,039 [main] INFO  impl.PendingRequests (PendingRequests.java:sendNotLeaderResponses(202)) - 97d69fd4-8e52-4023-8fa6-54c6b0949aa9-PendingRequests: sendNotLeaderResponses
2019-09-12 10:21:37,040 [ForkJoinPool.commonPool-worker-1] INFO  impl.StateMachineUpdater (StateMachineUpdater.java:stopAndJoin(115)) - StateMachineUpdater:464357b9-d640-4e4a-892f-a68e44244c3b:group-5C7151F417A8: set stopIndex = 0
2019-09-12 10:21:37,040 [main] INFO  impl.StateMachineUpdater (StateMachineUpdater.java:stopAndJoin(115)) - StateMachineUpdater:97d69fd4-8e52-4023-8fa6-54c6b0949aa9:group-CD90BAA0949C: set stopIndex = 0
2019-09-12 10:21:37,040 [main] INFO  impl.RaftServerImpl (ServerState.java:close(394)) - 97d69fd4-8e52-4023-8fa6-54c6b0949aa9:group-CD90BAA0949C closes. The last applied log index is 0
2019-09-12 10:21:37,040 [ForkJoinPool.commonPool-worker-1] INFO  impl.RaftServerImpl (ServerState.java:close(394)) - 464357b9-d640-4e4a-892f-a68e44244c3b:group-5C7151F417A8 closes. The last applied log index is 0
2019-09-12 10:21:37,041 [97d69fd4-8e52-4023-8fa6-54c6b0949aa9-SegmentedRaftLogWorker:Storage Directory /workdir/hadoop-ozone/integration-test/target/test-dir/MiniOzoneClusterImpl-8a368e31-8812-42c3-a9b0-be5bfd809ffd/datanode-3/data/ratis/5f00b2ba-70d8-482b-ad9a-cd90baa0949c] INFO  segmented.SegmentedRaftLogWorker (SegmentedRaftLogWorker.java:run(313)) - 97d69fd4-8e52-4023-8fa6-54c6b0949aa9-SegmentedRaftLogWorker:Storage Directory /workdir/hadoop-ozone/integration-test/target/test-dir/MiniOzoneClusterImpl-8a368e31-8812-42c3-a9b0-be5bfd809ffd/datanode-3/data/ratis/5f00b2ba-70d8-482b-ad9a-cd90baa0949c was interrupted, exiting. There are 0 tasks remaining in the queue.
2019-09-12 10:21:37,041 [main] INFO  segmented.SegmentedRaftLogWorker (SegmentedRaftLogWorker.java:close(228)) - 97d69fd4-8e52-4023-8fa6-54c6b0949aa9-SegmentedRaftLogWorker:Storage Directory /workdir/hadoop-ozone/integration-test/target/test-dir/MiniOzoneClusterImpl-8a368e31-8812-42c3-a9b0-be5bfd809ffd/datanode-3/data/ratis/5f00b2ba-70d8-482b-ad9a-cd90baa0949c close()
2019-09-12 10:21:37,041 [464357b9-d640-4e4a-892f-a68e44244c3b-SegmentedRaftLogWorker:Storage Directory /workdir/hadoop-ozone/integration-test/target/test-dir/MiniOzoneClusterImpl-8a368e31-8812-42c3-a9b0-be5bfd809ffd/datanode-0/data/ratis/b28325a5-d269-44a1-800c-5c7151f417a8] INFO  segmented.SegmentedRaftLogWorker (SegmentedRaftLogWorker.java:run(313)) - 464357b9-d640-4e4a-892f-a68e44244c3b-SegmentedRaftLogWorker:Storage Directory /workdir/hadoop-ozone/integration-test/target/test-dir/MiniOzoneClusterImpl-8a368e31-8812-42c3-a9b0-be5bfd809ffd/datanode-0/data/ratis/b28325a5-d269-44a1-800c-5c7151f417a8 was interrupted, exiting. There are 0 tasks remaining in the queue.
2019-09-12 10:21:37,042 [main] INFO  server.GrpcService (GrpcService.java:closeImpl(155)) - 97d69fd4-8e52-4023-8fa6-54c6b0949aa9: shutdown server with port 38621 now
2019-09-12 10:21:37,042 [ForkJoinPool.commonPool-worker-1] INFO  segmented.SegmentedRaftLogWorker (SegmentedRaftLogWorker.java:close(228)) - 464357b9-d640-4e4a-892f-a68e44244c3b-SegmentedRaftLogWorker:Storage Directory /workdir/hadoop-ozone/integration-test/target/test-dir/MiniOzoneClusterImpl-8a368e31-8812-42c3-a9b0-be5bfd809ffd/datanode-0/data/ratis/b28325a5-d269-44a1-800c-5c7151f417a8 close()
2019-09-12 10:21:37,043 [main] INFO  server.GrpcService (GrpcService.java:closeImpl(163)) - 97d69fd4-8e52-4023-8fa6-54c6b0949aa9: shutdown server with port 38621 successfully
2019-09-12 10:21:37,043 [ForkJoinPool.commonPool-worker-1] INFO  server.GrpcService (GrpcService.java:closeImpl(155)) - 464357b9-d640-4e4a-892f-a68e44244c3b: shutdown server with port 35243 now
2019-09-12 10:21:37,045 [ForkJoinPool.commonPool-worker-1] INFO  server.GrpcService (GrpcService.java:closeImpl(163)) - 464357b9-d640-4e4a-892f-a68e44244c3b: shutdown server with port 35243 successfully
2019-09-12 10:21:37,046 [main] INFO  utils.BackgroundService (BackgroundService.java:shutdown(148)) - Shutting down service BlockDeletingService
2019-09-12 10:21:37,048 [refreshUsed-/workdir/hadoop-ozone/integration-test/target/test-dir/MiniOzoneClusterImpl-8a368e31-8812-42c3-a9b0-be5bfd809ffd/datanode-3/data/containers] WARN  fs.CachingGetSpaceUsed (CachingGetSpaceUsed.java:run(183)) - Thread Interrupted waiting to refresh disk information: sleep interrupted
2019-09-12 10:21:37,056 [ForkJoinPool.commonPool-worker-1] INFO  utils.BackgroundService (BackgroundService.java:shutdown(148)) - Shutting down service BlockDeletingService
2019-09-12 10:21:37,057 [refreshUsed-/workdir/hadoop-ozone/integration-test/target/test-dir/MiniOzoneClusterImpl-8a368e31-8812-42c3-a9b0-be5bfd809ffd/datanode-0/data/containers] WARN  fs.CachingGetSpaceUsed (CachingGetSpaceUsed.java:run(183)) - Thread Interrupted waiting to refresh disk information: sleep interrupted
2019-09-12 10:21:37,076 [ForkJoinPool.commonPool-worker-1] INFO  statemachine.DatanodeStateMachine (DatanodeStateMachine.java:stopDaemon(395)) - Ozone container server stopped.
2019-09-12 10:21:37,079 [ForkJoinPool.commonPool-worker-1] INFO  handler.ContextHandler (ContextHandler.java:doStop(910)) - Stopped o.e.j.w.WebAppContext@c755b2{/,null,UNAVAILABLE}{/hddsDatanode}
2019-09-12 10:21:37,080 [ForkJoinPool.commonPool-worker-1] INFO  server.AbstractConnector (AbstractConnector.java:doStop(318)) - Stopped ServerConnector@3bd2af5b{HTTP/1.1,[http/1.1]}{0.0.0.0:0}
2019-09-12 10:21:37,081 [ForkJoinPool.commonPool-worker-1] INFO  handler.ContextHandler (ContextHandler.java:doStop(910)) - Stopped o.e.j.s.ServletContextHandler@3a082ff4{/static,jar:file:/home/user/.m2/repository/org/apache/hadoop/hadoop-hdds-container-service/0.5.0-SNAPSHOT/hadoop-hdds-container-service-0.5.0-SNAPSHOT.jar!/webapps/static,UNAVAILABLE}
2019-09-12 10:21:37,083 [ForkJoinPool.commonPool-worker-1] INFO  handler.ContextHandler (ContextHandler.java:doStop(910)) - Stopped o.e.j.s.ServletContextHandler@39a87e72{/logs,file:///workdir/hadoop-ozone/integration-test/target/log,UNAVAILABLE}
2019-09-12 10:21:37,083 [main] INFO  statemachine.DatanodeStateMachine (DatanodeStateMachine.java:stopDaemon(395)) - Ozone container server stopped.
2019-09-12 10:21:37,085 [main] INFO  handler.ContextHandler (ContextHandler.java:doStop(910)) - Stopped o.e.j.w.WebAppContext@1c5d3a37{/,null,UNAVAILABLE}{/hddsDatanode}
2019-09-12 10:21:37,086 [main] INFO  server.AbstractConnector (AbstractConnector.java:doStop(318)) - Stopped ServerConnector@7e3d2ebd{HTTP/1.1,[http/1.1]}{0.0.0.0:0}
2019-09-12 10:21:37,086 [main] INFO  handler.ContextHandler (ContextHandler.java:doStop(910)) - Stopped o.e.j.s.ServletContextHandler@6075b369{/static,jar:file:/home/user/.m2/repository/org/apache/hadoop/hadoop-hdds-container-service/0.5.0-SNAPSHOT/hadoop-hdds-container-service-0.5.0-SNAPSHOT.jar!/webapps/static,UNAVAILABLE}
2019-09-12 10:21:37,087 [main] INFO  handler.ContextHandler (ContextHandler.java:doStop(910)) - Stopped o.e.j.s.ServletContextHandler@6ac45c0c{/logs,file:///workdir/hadoop-ozone/integration-test/target/log,UNAVAILABLE}
2019-09-12 10:21:37,088 [main] INFO  ozone.MiniOzoneClusterImpl (MiniOzoneClusterImpl.java:stop(353)) - Stopping the StorageContainerManager
2019-09-12 10:21:37,088 [main] INFO  server.StorageContainerManager (StorageContainerManager.java:stop(797)) - Stopping Replication Manager Service.
2019-09-12 10:21:37,088 [main] INFO  container.ReplicationManager (ReplicationManager.java:stop(192)) - Stopping Replication Monitor Thread.
2019-09-12 10:21:37,088 [main] INFO  server.StorageContainerManager (StorageContainerManager.java:stop(804)) - Stopping Lease Manager of the command watchers
2019-09-12 10:21:37,088 [main] INFO  server.StorageContainerManager (StorageContainerManager.java:stop(811)) - Stopping datanode service RPC server
2019-09-12 10:21:37,089 [main] INFO  server.SCMDatanodeProtocolServer (SCMDatanodeProtocolServer.java:stop(367)) - Stopping the RPC server for DataNodes
2019-09-12 10:21:37,089 [main] INFO  ipc.Server (Server.java:stop(3082)) - Stopping server on 42502
2019-09-12 10:21:37,089 [IPC Server listener on 42502] INFO  ipc.Server (Server.java:run(1185)) - Stopping IPC Server listener on 42502
2019-09-12 10:21:37,091 [IPC Server Responder] INFO  ipc.Server (Server.java:run(1319)) - Stopping IPC Server Responder
2019-09-12 10:21:37,819 [SCM Heartbeat Processing Thread - 0] WARN  node.NodeStateManager (NodeStateManager.java:scheduleNextHealthCheck(655)) - Current Thread is interrupted, shutting down HB processing thread for Node Manager.
2019-09-12 10:21:37,819 [main] INFO  server.StorageContainerManager (StorageContainerManager.java:stop(819)) - Stopping block service RPC server
2019-09-12 10:21:37,820 [main] INFO  server.SCMBlockProtocolServer (SCMBlockProtocolServer.java:stop(148)) - Stopping the RPC server for Block Protocol
2019-09-12 10:21:37,820 [main] INFO  ipc.Server (Server.java:stop(3082)) - Stopping server on 32931
2019-09-12 10:21:37,821 [IPC Server listener on 32931] INFO  ipc.Server (Server.java:run(1185)) - Stopping IPC Server listener on 32931
2019-09-12 10:21:37,822 [main] INFO  server.StorageContainerManager (StorageContainerManager.java:stop(826)) - Stopping the StorageContainerLocationProtocol RPC server
2019-09-12 10:21:37,822 [main] INFO  server.SCMClientProtocolServer (SCMClientProtocolServer.java:stop(159)) - Stopping the RPC server for Client Protocol
2019-09-12 10:21:37,822 [main] INFO  ipc.Server (Server.java:stop(3082)) - Stopping server on 40598
2019-09-12 10:21:37,822 [IPC Server Responder] INFO  ipc.Server (Server.java:run(1319)) - Stopping IPC Server Responder
2019-09-12 10:21:37,824 [main] INFO  server.StorageContainerManager (StorageContainerManager.java:stop(833)) - Stopping Storage Container Manager HTTP server.
2019-09-12 10:21:37,825 [IPC Server listener on 40598] INFO  ipc.Server (Server.java:run(1185)) - Stopping IPC Server listener on 40598
2019-09-12 10:21:37,825 [IPC Server Responder] INFO  ipc.Server (Server.java:run(1319)) - Stopping IPC Server Responder
2019-09-12 10:21:37,826 [main] INFO  handler.ContextHandler (ContextHandler.java:doStop(910)) - Stopped o.e.j.w.WebAppContext@2ca47471{/,null,UNAVAILABLE}{/scm}
2019-09-12 10:21:37,827 [main] INFO  server.AbstractConnector (AbstractConnector.java:doStop(318)) - Stopped ServerConnector@26b894bd{HTTP/1.1,[http/1.1]}{0.0.0.0:0}
2019-09-12 10:21:37,828 [main] INFO  handler.ContextHandler (ContextHandler.java:doStop(910)) - Stopped o.e.j.s.ServletContextHandler@1755e85b{/static,file:///workdir/hadoop-ozone/integration-test/target/test-classes/webapps/static,UNAVAILABLE}
2019-09-12 10:21:37,828 [main] INFO  handler.ContextHandler (ContextHandler.java:doStop(910)) - Stopped o.e.j.s.ServletContextHandler@2e9fda69{/logs,file:///workdir/hadoop-ozone/integration-test/target/log,UNAVAILABLE}
2019-09-12 10:21:37,830 [main] INFO  server.StorageContainerManager (StorageContainerManager.java:stop(844)) - Stopping Block Manager Service.
2019-09-12 10:21:37,830 [main] INFO  utils.BackgroundService (BackgroundService.java:shutdown(148)) - Shutting down service SCMBlockDeletingService
2019-09-12 10:21:37,831 [main] INFO  utils.BackgroundService (BackgroundService.java:shutdown(148)) - Shutting down service SCMBlockDeletingService
2019-09-12 10:21:37,832 [main] INFO  server.StorageContainerManager (StorageContainerManager.java:stop(866)) - Stopping SCM Event Queue.
2019-09-12 10:21:37,839 [main] INFO  impl.MetricsSystemImpl (MetricsSystemImpl.java:stop(210)) - Stopping HddsDatanode metrics system...
2019-09-12 10:21:37,848 [main] INFO  impl.MetricsSystemImpl (MetricsSystemImpl.java:stop(216)) - HddsDatanode metrics system stopped.
]]></system-out>
    <system-err><![CDATA[Sep 12, 2019 10:21:19 AM com.sun.jersey.server.impl.application.WebApplicationImpl _initiate
INFO: Initiating Jersey application, version 'Jersey: 1.19 02/11/2015 03:25 AM'
Sep 12, 2019 10:21:20 AM com.sun.jersey.server.impl.application.WebApplicationImpl _initiate
INFO: Initiating Jersey application, version 'Jersey: 1.19 02/11/2015 03:25 AM'
Sep 12, 2019 10:21:20 AM com.sun.jersey.server.impl.application.WebApplicationImpl _initiate
INFO: Initiating Jersey application, version 'Jersey: 1.19 02/11/2015 03:25 AM'
Sep 12, 2019 10:21:20 AM com.sun.jersey.server.impl.application.WebApplicationImpl _initiate
INFO: Initiating Jersey application, version 'Jersey: 1.19 02/11/2015 03:25 AM'
]]></system-err>
  </testcase>
</testsuite>