<?xml version="1.0" encoding="UTF-8"?>
<testsuite xmlns:xsi="http://www.w3.org/2001/XMLSchema-instance" xsi:noNamespaceSchemaLocation="https://maven.apache.org/surefire/maven-surefire-plugin/xsd/surefire-test-report.xsd" name="org.apache.hadoop.ozone.client.rpc.TestOzoneClientRetriesOnException" time="63.359" tests="2" errors="2" skipped="0" failures="0">
  <properties>
    <property name="awt.toolkit" value="sun.awt.X11.XToolkit"/>
    <property name="file.encoding.pkg" value="sun.io"/>
    <property name="java.specification.version" value="1.8"/>
    <property name="sun.cpu.isalist" value=""/>
    <property name="sun.jnu.encoding" value="UTF-8"/>
    <property name="java.class.path" value="/workdir/hadoop-ozone/integration-test/target/test-classes:/workdir/hadoop-ozone/integration-test/target/classes:/home/user/.m2/repository/org/apache/hadoop/hadoop-ozone-common/0.5.0-SNAPSHOT/hadoop-ozone-common-0.5.0-SNAPSHOT.jar:/home/user/.m2/repository/org/apache/commons/commons-compress/1.4.1/commons-compress-1.4.1.jar:/home/user/.m2/repository/org/tukaani/xz/1.0/xz-1.0.jar:/home/user/.m2/repository/org/apache/hadoop/hadoop-common/3.2.0/hadoop-common-3.2.0.jar:/home/user/.m2/repository/org/apache/hadoop/hadoop-hdfs/3.2.0/hadoop-hdfs-3.2.0.jar:/home/user/.m2/repository/org/apache/hadoop/hadoop-hdfs-client/3.2.0/hadoop-hdfs-client-3.2.0.jar:/home/user/.m2/repository/com/fasterxml/jackson/core/jackson-annotations/2.9.5/jackson-annotations-2.9.5.jar:/home/user/.m2/repository/org/apache/hadoop/hadoop-hdds-common/0.5.0-SNAPSHOT/hadoop-hdds-common-0.5.0-SNAPSHOT.jar:/home/user/.m2/repository/javax/annotation/javax.annotation-api/1.2/javax.annotation-api-1.2.jar:/home/user/.m2/repository/org/apache/ratis/ratis-server/0.4.0-2337318-SNAPSHOT/ratis-server-0.4.0-2337318-SNAPSHOT.jar:/home/user/.m2/repository/org/apache/ratis/ratis-thirdparty-misc/0.2.0/ratis-thirdparty-misc-0.2.0.jar:/home/user/.m2/repository/org/apache/ratis/ratis-proto/0.4.0-2337318-SNAPSHOT/ratis-proto-0.4.0-2337318-SNAPSHOT.jar:/home/user/.m2/repository/org/apache/ratis/ratis-common/0.4.0-2337318-SNAPSHOT/ratis-common-0.4.0-2337318-SNAPSHOT.jar:/home/user/.m2/repository/org/apache/ratis/ratis-client/0.4.0-2337318-SNAPSHOT/ratis-client-0.4.0-2337318-SNAPSHOT.jar:/home/user/.m2/repository/org/apache/ratis/ratis-metrics/0.4.0-2337318-SNAPSHOT/ratis-metrics-0.4.0-2337318-SNAPSHOT.jar:/home/user/.m2/repository/org/apache/ratis/ratis-netty/0.4.0-2337318-SNAPSHOT/ratis-netty-0.4.0-2337318-SNAPSHOT.jar:/home/user/.m2/repository/org/apache/ratis/ratis-grpc/0.4.0-2337318-SNAPSHOT/ratis-grpc-0.4.0-2337318-SNAPSHOT.jar:/home/user/.m2/repository/org/rocksdb/rocksdbjni/6.0.1/rocksdbjni-6.0.1.jar:/home/user/.m2/repository/org/apache/logging/log4j/log4j-api/2.11.0/log4j-api-2.11.0.jar:/home/user/.m2/repository/org/apache/logging/log4j/log4j-core/2.11.0/log4j-core-2.11.0.jar:/home/user/.m2/repository/com/lmax/disruptor/3.4.2/disruptor-3.4.2.jar:/home/user/.m2/repository/org/apache/commons/commons-pool2/2.6.0/commons-pool2-2.6.0.jar:/home/user/.m2/repository/org/bouncycastle/bcpkix-jdk15on/1.60/bcpkix-jdk15on-1.60.jar:/home/user/.m2/repository/commons-validator/commons-validator/1.6/commons-validator-1.6.jar:/home/user/.m2/repository/commons-digester/commons-digester/1.8.1/commons-digester-1.8.1.jar:/home/user/.m2/repository/io/jaegertracing/jaeger-client/0.33.1/jaeger-client-0.33.1.jar:/home/user/.m2/repository/io/jaegertracing/jaeger-thrift/0.33.1/jaeger-thrift-0.33.1.jar:/home/user/.m2/repository/org/apache/thrift/libthrift/0.11.0/libthrift-0.11.0.jar:/home/user/.m2/repository/com/squareup/okhttp3/okhttp/3.9.0/okhttp-3.9.0.jar:/home/user/.m2/repository/com/squareup/okio/okio/1.13.0/okio-1.13.0.jar:/home/user/.m2/repository/io/jaegertracing/jaeger-core/0.33.1/jaeger-core-0.33.1.jar:/home/user/.m2/repository/io/jaegertracing/jaeger-tracerresolver/0.33.1/jaeger-tracerresolver-0.33.1.jar:/home/user/.m2/repository/io/opentracing/contrib/opentracing-tracerresolver/0.1.5/opentracing-tracerresolver-0.1.5.jar:/home/user/.m2/repository/io/opentracing/opentracing-util/0.31.0/opentracing-util-0.31.0.jar:/home/user/.m2/repository/io/opentracing/opentracing-api/0.31.0/opentracing-api-0.31.0.jar:/home/user/.m2/repository/io/opentracing/opentracing-noop/0.31.0/opentracing-noop-0.31.0.jar:/home/user/.m2/repository/org/apache/hadoop/hadoop-hdds-server-framework/0.5.0-SNAPSHOT/hadoop-hdds-server-framework-0.5.0-SNAPSHOT.jar:/home/user/.m2/repository/org/apache/hadoop/hadoop-hdds-container-service/0.5.0-SNAPSHOT/hadoop-hdds-container-service-0.5.0-SNAPSHOT.jar:/home/user/.m2/repository/org/apache/hadoop/hadoop-hdds-client/0.5.0-SNAPSHOT/hadoop-hdds-client-0.5.0-SNAPSHOT.jar:/home/user/.m2/repository/org/apache/hadoop/hadoop-hdds-tools/0.5.0-SNAPSHOT/hadoop-hdds-tools-0.5.0-SNAPSHOT.jar:/home/user/.m2/repository/org/apache/hadoop/hadoop-hdds-server-scm/0.5.0-SNAPSHOT/hadoop-hdds-server-scm-0.5.0-SNAPSHOT.jar:/home/user/.m2/repository/org/apache/hadoop/hadoop-hdds-docs/0.5.0-SNAPSHOT/hadoop-hdds-docs-0.5.0-SNAPSHOT.jar:/home/user/.m2/repository/io/dropwizard/metrics/metrics-core/3.2.4/metrics-core-3.2.4.jar:/home/user/.m2/repository/org/hamcrest/hamcrest-all/1.3/hamcrest-all-1.3.jar:/home/user/.m2/repository/org/bouncycastle/bcprov-jdk15on/1.60/bcprov-jdk15on-1.60.jar:/home/user/.m2/repository/info/picocli/picocli/3.9.6/picocli-3.9.6.jar:/home/user/.m2/repository/com/google/protobuf/protobuf-java/2.5.0/protobuf-java-2.5.0.jar:/home/user/.m2/repository/com/google/guava/guava/11.0.2/guava-11.0.2.jar:/home/user/.m2/repository/org/apache/hadoop/hadoop-ozone-ozone-manager/0.5.0-SNAPSHOT/hadoop-ozone-ozone-manager-0.5.0-SNAPSHOT.jar:/home/user/.m2/repository/org/apache/hadoop/hadoop-minikdc/3.2.0/hadoop-minikdc-3.2.0.jar:/home/user/.m2/repository/commons-io/commons-io/2.5/commons-io-2.5.jar:/home/user/.m2/repository/org/apache/kerby/kerb-simplekdc/1.0.1/kerb-simplekdc-1.0.1.jar:/home/user/.m2/repository/org/apache/kerby/kerb-client/1.0.1/kerb-client-1.0.1.jar:/home/user/.m2/repository/org/apache/kerby/kerby-config/1.0.1/kerby-config-1.0.1.jar:/home/user/.m2/repository/org/apache/kerby/kerb-core/1.0.1/kerb-core-1.0.1.jar:/home/user/.m2/repository/org/apache/kerby/kerby-pkix/1.0.1/kerby-pkix-1.0.1.jar:/home/user/.m2/repository/org/apache/kerby/kerby-asn1/1.0.1/kerby-asn1-1.0.1.jar:/home/user/.m2/repository/org/apache/kerby/kerby-util/1.0.1/kerby-util-1.0.1.jar:/home/user/.m2/repository/org/apache/kerby/kerb-common/1.0.1/kerb-common-1.0.1.jar:/home/user/.m2/repository/org/apache/kerby/kerb-crypto/1.0.1/kerb-crypto-1.0.1.jar:/home/user/.m2/repository/org/apache/kerby/kerb-util/1.0.1/kerb-util-1.0.1.jar:/home/user/.m2/repository/org/apache/kerby/token-provider/1.0.1/token-provider-1.0.1.jar:/home/user/.m2/repository/org/apache/kerby/kerb-admin/1.0.1/kerb-admin-1.0.1.jar:/home/user/.m2/repository/org/apache/kerby/kerb-server/1.0.1/kerb-server-1.0.1.jar:/home/user/.m2/repository/org/apache/kerby/kerb-identity/1.0.1/kerb-identity-1.0.1.jar:/home/user/.m2/repository/org/apache/kerby/kerby-xdr/1.0.1/kerby-xdr-1.0.1.jar:/home/user/.m2/repository/org/slf4j/slf4j-log4j12/1.7.25/slf4j-log4j12-1.7.25.jar:/home/user/.m2/repository/org/apache/hadoop/hadoop-ozone-objectstore-service/0.5.0-SNAPSHOT/hadoop-ozone-objectstore-service-0.5.0-SNAPSHOT.jar:/home/user/.m2/repository/org/apache/hadoop/hadoop-ozone-s3gateway/0.5.0-SNAPSHOT/hadoop-ozone-s3gateway-0.5.0-SNAPSHOT.jar:/home/user/.m2/repository/org/jboss/weld/servlet/weld-servlet/2.4.7.Final/weld-servlet-2.4.7.Final.jar:/home/user/.m2/repository/org/glassfish/jersey/containers/jersey-container-servlet-core/2.27/jersey-container-servlet-core-2.27.jar:/home/user/.m2/repository/org/glassfish/hk2/external/javax.inject/2.5.0-b42/javax.inject-2.5.0-b42.jar:/home/user/.m2/repository/org/glassfish/jersey/core/jersey-common/2.27/jersey-common-2.27.jar:/home/user/.m2/repository/org/glassfish/hk2/osgi-resource-locator/1.0.1/osgi-resource-locator-1.0.1.jar:/home/user/.m2/repository/javax/ws/rs/javax.ws.rs-api/2.1/javax.ws.rs-api-2.1.jar:/home/user/.m2/repository/org/glassfish/jersey/ext/cdi/jersey-cdi1x/2.27/jersey-cdi1x-2.27.jar:/home/user/.m2/repository/org/glassfish/jersey/inject/jersey-hk2/2.27/jersey-hk2-2.27.jar:/home/user/.m2/repository/org/glassfish/hk2/hk2-locator/2.5.0-b42/hk2-locator-2.5.0-b42.jar:/home/user/.m2/repository/org/javassist/javassist/3.22.0-CR2/javassist-3.22.0-CR2.jar:/home/user/.m2/repository/org/glassfish/hk2/hk2-api/2.5.0/hk2-api-2.5.0.jar:/home/user/.m2/repository/org/glassfish/hk2/external/jakarta.inject/2.5.0/jakarta.inject-2.5.0.jar:/home/user/.m2/repository/org/glassfish/hk2/hk2-utils/2.5.0/hk2-utils-2.5.0.jar:/home/user/.m2/repository/jakarta/annotation/jakarta.annotation-api/1.3.4/jakarta.annotation-api-1.3.4.jar:/home/user/.m2/repository/org/glassfish/hk2/external/aopalliance-repackaged/2.5.0/aopalliance-repackaged-2.5.0.jar:/home/user/.m2/repository/com/fasterxml/jackson/dataformat/jackson-dataformat-xml/2.9.0/jackson-dataformat-xml-2.9.0.jar:/home/user/.m2/repository/com/fasterxml/jackson/core/jackson-core/2.9.5/jackson-core-2.9.5.jar:/home/user/.m2/repository/com/fasterxml/jackson/module/jackson-module-jaxb-annotations/2.9.5/jackson-module-jaxb-annotations-2.9.5.jar:/home/user/.m2/repository/javax/enterprise/cdi-api/1.2/cdi-api-1.2.jar:/home/user/.m2/repository/javax/el/javax.el-api/3.0.0/javax.el-api-3.0.0.jar:/home/user/.m2/repository/javax/interceptor/javax.interceptor-api/1.2/javax.interceptor-api-1.2.jar:/home/user/.m2/repository/javax/inject/javax.inject/1/javax.inject-1.jar:/home/user/.m2/repository/com/sun/xml/bind/jaxb-impl/2.3.0.1/jaxb-impl-2.3.0.1.jar:/home/user/.m2/repository/com/sun/xml/bind/jaxb-core/2.3.0.1/jaxb-core-2.3.0.1.jar:/home/user/.m2/repository/javax/xml/bind/jaxb-api/2.3.0/jaxb-api-2.3.0.jar:/home/user/.m2/repository/javax/activation/activation/1.1.1/activation-1.1.1.jar:/home/user/.m2/repository/org/apache/hadoop/hadoop-ozone-csi/0.5.0-SNAPSHOT/hadoop-ozone-csi-0.5.0-SNAPSHOT.jar:/home/user/.m2/repository/com/google/protobuf/protobuf-java-util/3.5.1/protobuf-java-util-3.5.1.jar:/home/user/.m2/repository/org/apache/hadoop/hadoop-hdds-config/0.5.0-SNAPSHOT/hadoop-hdds-config-0.5.0-SNAPSHOT.jar:/home/user/.m2/repository/io/grpc/grpc-netty/1.17.1/grpc-netty-1.17.1.jar:/home/user/.m2/repository/io/grpc/grpc-core/1.17.1/grpc-core-1.17.1.jar:/home/user/.m2/repository/io/grpc/grpc-context/1.17.1/grpc-context-1.17.1.jar:/home/user/.m2/repository/com/google/errorprone/error_prone_annotations/2.2.0/error_prone_annotations-2.2.0.jar:/home/user/.m2/repository/org/codehaus/mojo/animal-sniffer-annotations/1.17/animal-sniffer-annotations-1.17.jar:/home/user/.m2/repository/io/opencensus/opencensus-api/0.17.0/opencensus-api-0.17.0.jar:/home/user/.m2/repository/io/opencensus/opencensus-contrib-grpc-metrics/0.17.0/opencensus-contrib-grpc-metrics-0.17.0.jar:/home/user/.m2/repository/io/netty/netty-codec-http2/4.1.30.Final/netty-codec-http2-4.1.30.Final.jar:/home/user/.m2/repository/io/netty/netty-codec-http/4.1.30.Final/netty-codec-http-4.1.30.Final.jar:/home/user/.m2/repository/io/netty/netty-codec/4.1.30.Final/netty-codec-4.1.30.Final.jar:/home/user/.m2/repository/io/netty/netty-handler/4.1.30.Final/netty-handler-4.1.30.Final.jar:/home/user/.m2/repository/io/netty/netty-handler-proxy/4.1.30.Final/netty-handler-proxy-4.1.30.Final.jar:/home/user/.m2/repository/io/netty/netty-codec-socks/4.1.30.Final/netty-codec-socks-4.1.30.Final.jar:/home/user/.m2/repository/io/netty/netty-transport-native-epoll/4.1.30.Final/netty-transport-native-epoll-4.1.30.Final.jar:/home/user/.m2/repository/io/netty/netty-common/4.1.30.Final/netty-common-4.1.30.Final.jar:/home/user/.m2/repository/io/netty/netty-buffer/4.1.30.Final/netty-buffer-4.1.30.Final.jar:/home/user/.m2/repository/io/netty/netty-transport/4.1.30.Final/netty-transport-4.1.30.Final.jar:/home/user/.m2/repository/io/netty/netty-resolver/4.1.30.Final/netty-resolver-4.1.30.Final.jar:/home/user/.m2/repository/io/netty/netty-transport-native-unix-common/4.1.30.Final/netty-transport-native-unix-common-4.1.30.Final.jar:/home/user/.m2/repository/io/grpc/grpc-protobuf/1.17.1/grpc-protobuf-1.17.1.jar:/home/user/.m2/repository/com/google/api/grpc/proto-google-common-protos/1.0.0/proto-google-common-protos-1.0.0.jar:/home/user/.m2/repository/io/grpc/grpc-protobuf-lite/1.17.1/grpc-protobuf-lite-1.17.1.jar:/home/user/.m2/repository/io/grpc/grpc-stub/1.17.1/grpc-stub-1.17.1.jar:/home/user/.m2/repository/org/apache/hadoop/hadoop-ozone-recon/0.5.0-SNAPSHOT/hadoop-ozone-recon-0.5.0-SNAPSHOT.jar:/home/user/.m2/repository/org/apache/hadoop/hadoop-ozone-reconcodegen/0.5.0-SNAPSHOT/hadoop-ozone-reconcodegen-0.5.0-SNAPSHOT.jar:/home/user/.m2/repository/com/google/inject/extensions/guice-multibindings/4.0/guice-multibindings-4.0.jar:/home/user/.m2/repository/com/google/inject/guice/4.0/guice-4.0.jar:/home/user/.m2/repository/aopalliance/aopalliance/1.0/aopalliance-1.0.jar:/home/user/.m2/repository/com/google/inject/extensions/guice-servlet/4.0/guice-servlet-4.0.jar:/home/user/.m2/repository/org/glassfish/jersey/containers/jersey-container-servlet/2.27/jersey-container-servlet-2.27.jar:/home/user/.m2/repository/org/glassfish/hk2/guice-bridge/2.5.0/guice-bridge-2.5.0.jar:/home/user/.m2/repository/org/glassfish/jersey/core/jersey-server/2.27/jersey-server-2.27.jar:/home/user/.m2/repository/org/glassfish/jersey/core/jersey-client/2.27/jersey-client-2.27.jar:/home/user/.m2/repository/org/glassfish/jersey/media/jersey-media-jaxb/2.27/jersey-media-jaxb-2.27.jar:/home/user/.m2/repository/javax/validation/validation-api/1.1.0.Final/validation-api-1.1.0.Final.jar:/home/user/.m2/repository/org/glassfish/jersey/media/jersey-media-json-jackson/2.27/jersey-media-json-jackson-2.27.jar:/home/user/.m2/repository/org/glassfish/jersey/ext/jersey-entity-filtering/2.27/jersey-entity-filtering-2.27.jar:/home/user/.m2/repository/com/google/inject/extensions/guice-assistedinject/4.0/guice-assistedinject-4.0.jar:/home/user/.m2/repository/org/jooq/jooq/3.11.10/jooq-3.11.10.jar:/home/user/.m2/repository/org/jooq/jooq-meta/3.11.10/jooq-meta-3.11.10.jar:/home/user/.m2/repository/org/jooq/jooq-codegen/3.11.10/jooq-codegen-3.11.10.jar:/home/user/.m2/repository/com/jolbox/bonecp/0.8.0.RELEASE/bonecp-0.8.0.RELEASE.jar:/home/user/.m2/repository/org/xerial/sqlite-jdbc/3.25.2/sqlite-jdbc-3.25.2.jar:/home/user/.m2/repository/org/springframework/spring-jdbc/5.1.3.RELEASE/spring-jdbc-5.1.3.RELEASE.jar:/home/user/.m2/repository/org/springframework/spring-beans/5.1.3.RELEASE/spring-beans-5.1.3.RELEASE.jar:/home/user/.m2/repository/org/springframework/spring-core/5.1.3.RELEASE/spring-core-5.1.3.RELEASE.jar:/home/user/.m2/repository/org/springframework/spring-jcl/5.1.3.RELEASE/spring-jcl-5.1.3.RELEASE.jar:/home/user/.m2/repository/org/springframework/spring-tx/5.1.3.RELEASE/spring-tx-5.1.3.RELEASE.jar:/home/user/.m2/repository/org/apache/hadoop/hadoop-ozone-client/0.5.0-SNAPSHOT/hadoop-ozone-client-0.5.0-SNAPSHOT.jar:/home/user/.m2/repository/commons-lang/commons-lang/2.6/commons-lang-2.6.jar:/home/user/.m2/repository/org/apache/hadoop/hadoop-ozone-ozone-manager/0.5.0-SNAPSHOT/hadoop-ozone-ozone-manager-0.5.0-SNAPSHOT-tests.jar:/home/user/.m2/repository/junit/junit/4.11/junit-4.11.jar:/home/user/.m2/repository/org/hamcrest/hamcrest-core/1.3/hamcrest-core-1.3.jar:/home/user/.m2/repository/org/openjdk/jmh/jmh-core/1.19/jmh-core-1.19.jar:/home/user/.m2/repository/net/sf/jopt-simple/jopt-simple/4.6/jopt-simple-4.6.jar:/home/user/.m2/repository/org/apache/commons/commons-math3/3.1.1/commons-math3-3.1.1.jar:/home/user/.m2/repository/org/openjdk/jmh/jmh-generator-annprocess/1.19/jmh-generator-annprocess-1.19.jar:/home/user/.m2/repository/org/mockito/mockito-all/1.8.5/mockito-all-1.8.5.jar:/home/user/.m2/repository/org/apache/hadoop/hadoop-kms/3.2.0/hadoop-kms-3.2.0.jar:/home/user/.m2/repository/org/apache/hadoop/hadoop-auth/3.2.0/hadoop-auth-3.2.0.jar:/home/user/.m2/repository/com/nimbusds/nimbus-jose-jwt/4.41.1/nimbus-jose-jwt-4.41.1.jar:/home/user/.m2/repository/com/github/stephenc/jcip/jcip-annotations/1.0-1/jcip-annotations-1.0-1.jar:/home/user/.m2/repository/net/minidev/json-smart/2.3/json-smart-2.3.jar:/home/user/.m2/repository/net/minidev/accessors-smart/1.2/accessors-smart-1.2.jar:/home/user/.m2/repository/org/ow2/asm/asm/5.0.4/asm-5.0.4.jar:/home/user/.m2/repository/org/apache/curator/curator-framework/2.12.0/curator-framework-2.12.0.jar:/home/user/.m2/repository/com/sun/jersey/jersey-core/1.19/jersey-core-1.19.jar:/home/user/.m2/repository/javax/ws/rs/jsr311-api/1.1.1/jsr311-api-1.1.1.jar:/home/user/.m2/repository/com/sun/jersey/jersey-server/1.19/jersey-server-1.19.jar:/home/user/.m2/repository/javax/servlet/javax.servlet-api/3.1.0/javax.servlet-api-3.1.0.jar:/home/user/.m2/repository/org/eclipse/jetty/jetty-server/9.3.24.v20180605/jetty-server-9.3.24.v20180605.jar:/home/user/.m2/repository/org/eclipse/jetty/jetty-http/9.3.24.v20180605/jetty-http-9.3.24.v20180605.jar:/home/user/.m2/repository/org/eclipse/jetty/jetty-io/9.3.24.v20180605/jetty-io-9.3.24.v20180605.jar:/home/user/.m2/repository/org/eclipse/jetty/jetty-webapp/9.3.24.v20180605/jetty-webapp-9.3.24.v20180605.jar:/home/user/.m2/repository/org/eclipse/jetty/jetty-xml/9.3.24.v20180605/jetty-xml-9.3.24.v20180605.jar:/home/user/.m2/repository/log4j/log4j/1.2.17/log4j-1.2.17.jar:/home/user/.m2/repository/org/slf4j/slf4j-api/1.7.25/slf4j-api-1.7.25.jar:/home/user/.m2/repository/org/slf4j/jul-to-slf4j/1.7.25/jul-to-slf4j-1.7.25.jar:/home/user/.m2/repository/org/eclipse/jetty/jetty-util/9.3.24.v20180605/jetty-util-9.3.24.v20180605.jar:/home/user/.m2/repository/com/fasterxml/jackson/core/jackson-databind/2.9.5/jackson-databind-2.9.5.jar:/home/user/.m2/repository/org/apache/hadoop/hadoop-kms/3.2.0/hadoop-kms-3.2.0-tests.jar:/home/user/.m2/repository/org/apache/hadoop/hadoop-hdds-server-scm/0.5.0-SNAPSHOT/hadoop-hdds-server-scm-0.5.0-SNAPSHOT-tests.jar:/home/user/.m2/repository/org/apache/hadoop/hadoop-hdds-container-service/0.5.0-SNAPSHOT/hadoop-hdds-container-service-0.5.0-SNAPSHOT-tests.jar:/home/user/.m2/repository/org/yaml/snakeyaml/1.16/snakeyaml-1.16.jar:/home/user/.m2/repository/org/apache/hadoop/hadoop-common/3.2.0/hadoop-common-3.2.0-tests.jar:/home/user/.m2/repository/org/apache/hadoop/hadoop-annotations/3.2.0/hadoop-annotations-3.2.0.jar:/usr/lib/jvm/java-1.8-openjdk/jre/../lib/tools.jar:/home/user/.m2/repository/commons-cli/commons-cli/1.2/commons-cli-1.2.jar:/home/user/.m2/repository/org/apache/httpcomponents/httpclient/4.5.2/httpclient-4.5.2.jar:/home/user/.m2/repository/org/apache/httpcomponents/httpcore/4.4.4/httpcore-4.4.4.jar:/home/user/.m2/repository/commons-codec/commons-codec/1.11/commons-codec-1.11.jar:/home/user/.m2/repository/commons-net/commons-net/3.6/commons-net-3.6.jar:/home/user/.m2/repository/commons-collections/commons-collections/3.2.2/commons-collections-3.2.2.jar:/home/user/.m2/repository/org/eclipse/jetty/jetty-servlet/9.3.24.v20180605/jetty-servlet-9.3.24.v20180605.jar:/home/user/.m2/repository/org/eclipse/jetty/jetty-security/9.3.24.v20180605/jetty-security-9.3.24.v20180605.jar:/home/user/.m2/repository/javax/servlet/jsp/jsp-api/2.1/jsp-api-2.1.jar:/home/user/.m2/repository/com/sun/jersey/jersey-servlet/1.19/jersey-servlet-1.19.jar:/home/user/.m2/repository/com/sun/jersey/jersey-json/1.19/jersey-json-1.19.jar:/home/user/.m2/repository/org/codehaus/jettison/jettison/1.1/jettison-1.1.jar:/home/user/.m2/repository/org/codehaus/jackson/jackson-core-asl/1.9.13/jackson-core-asl-1.9.13.jar:/home/user/.m2/repository/org/codehaus/jackson/jackson-mapper-asl/1.9.13/jackson-mapper-asl-1.9.13.jar:/home/user/.m2/repository/org/codehaus/jackson/jackson-jaxrs/1.9.13/jackson-jaxrs-1.9.13.jar:/home/user/.m2/repository/org/codehaus/jackson/jackson-xc/1.9.13/jackson-xc-1.9.13.jar:/home/user/.m2/repository/commons-logging/commons-logging/1.1.3/commons-logging-1.1.3.jar:/home/user/.m2/repository/commons-beanutils/commons-beanutils/1.9.3/commons-beanutils-1.9.3.jar:/home/user/.m2/repository/org/apache/commons/commons-configuration2/2.1.1/commons-configuration2-2.1.1.jar:/home/user/.m2/repository/org/apache/commons/commons-lang3/3.7/commons-lang3-3.7.jar:/home/user/.m2/repository/org/apache/commons/commons-text/1.4/commons-text-1.4.jar:/home/user/.m2/repository/org/apache/avro/avro/1.7.7/avro-1.7.7.jar:/home/user/.m2/repository/com/thoughtworks/paranamer/paranamer/2.3/paranamer-2.3.jar:/home/user/.m2/repository/org/xerial/snappy/snappy-java/1.0.5/snappy-java-1.0.5.jar:/home/user/.m2/repository/com/google/re2j/re2j/1.1/re2j-1.1.jar:/home/user/.m2/repository/com/google/code/gson/gson/2.2.4/gson-2.2.4.jar:/home/user/.m2/repository/com/jcraft/jsch/0.1.54/jsch-0.1.54.jar:/home/user/.m2/repository/org/apache/curator/curator-client/2.12.0/curator-client-2.12.0.jar:/home/user/.m2/repository/org/apache/curator/curator-recipes/2.12.0/curator-recipes-2.12.0.jar:/home/user/.m2/repository/com/google/code/findbugs/jsr305/3.0.0/jsr305-3.0.0.jar:/home/user/.m2/repository/org/apache/htrace/htrace-core4/4.1.0-incubating/htrace-core4-4.1.0-incubating.jar:/home/user/.m2/repository/org/apache/zookeeper/zookeeper/3.4.13/zookeeper-3.4.13.jar:/home/user/.m2/repository/org/apache/yetus/audience-annotations/0.5.0/audience-annotations-0.5.0.jar:/home/user/.m2/repository/org/codehaus/woodstox/stax2-api/3.1.4/stax2-api-3.1.4.jar:/home/user/.m2/repository/com/fasterxml/woodstox/woodstox-core/5.0.3/woodstox-core-5.0.3.jar:/home/user/.m2/repository/dnsjava/dnsjava/2.1.7/dnsjava-2.1.7.jar:/home/user/.m2/repository/org/apache/hadoop/hadoop-hdfs/3.2.0/hadoop-hdfs-3.2.0-tests.jar:/home/user/.m2/repository/org/eclipse/jetty/jetty-util-ajax/9.3.24.v20180605/jetty-util-ajax-9.3.24.v20180605.jar:/home/user/.m2/repository/commons-daemon/commons-daemon/1.0.13/commons-daemon-1.0.13.jar:/home/user/.m2/repository/io/netty/netty/3.10.5.Final/netty-3.10.5.Final.jar:/home/user/.m2/repository/io/netty/netty-all/4.0.52.Final/netty-all-4.0.52.Final.jar:/home/user/.m2/repository/org/fusesource/leveldbjni/leveldbjni-all/1.8/leveldbjni-all-1.8.jar:"/>
    <property name="java.vm.vendor" value="IcedTea"/>
    <property name="sun.arch.data.model" value="64"/>
    <property name="test.build.dir" value="/workdir/hadoop-ozone/integration-test/target/test-dir"/>
    <property name="test.cache.data" value=""/>
    <property name="java.vendor.url" value="https://icedtea.classpath.org"/>
    <property name="user.timezone" value=""/>
    <property name="java.vm.specification.version" value="1.8"/>
    <property name="os.name" value="Linux"/>
    <property name="test.build.data" value="/workdir/hadoop-ozone/integration-test/target/test-dir"/>
    <property name="user.country" value="US"/>
    <property name="sun.java.launcher" value="SUN_STANDARD"/>
    <property name="sun.boot.library.path" value="/usr/lib/jvm/java-1.8-openjdk/jre/lib/amd64"/>
    <property name="sun.java.command" value="/workdir/hadoop-ozone/integration-test/target/surefire/surefirebooter3341969213836567491.jar /workdir/hadoop-ozone/integration-test/target/surefire 2019-09-12T10-13-21_360-jvmRun1 surefire5386634494980173038tmp surefire_293869867563480539154tmp"/>
    <property name="test" value="!TestMiniChaosOzoneCluster"/>
    <property name="surefire.test.class.path" value="/workdir/hadoop-ozone/integration-test/target/test-classes:/workdir/hadoop-ozone/integration-test/target/classes:/home/user/.m2/repository/org/apache/hadoop/hadoop-ozone-common/0.5.0-SNAPSHOT/hadoop-ozone-common-0.5.0-SNAPSHOT.jar:/home/user/.m2/repository/org/apache/commons/commons-compress/1.4.1/commons-compress-1.4.1.jar:/home/user/.m2/repository/org/tukaani/xz/1.0/xz-1.0.jar:/home/user/.m2/repository/org/apache/hadoop/hadoop-common/3.2.0/hadoop-common-3.2.0.jar:/home/user/.m2/repository/org/apache/hadoop/hadoop-hdfs/3.2.0/hadoop-hdfs-3.2.0.jar:/home/user/.m2/repository/org/apache/hadoop/hadoop-hdfs-client/3.2.0/hadoop-hdfs-client-3.2.0.jar:/home/user/.m2/repository/com/fasterxml/jackson/core/jackson-annotations/2.9.5/jackson-annotations-2.9.5.jar:/home/user/.m2/repository/org/apache/hadoop/hadoop-hdds-common/0.5.0-SNAPSHOT/hadoop-hdds-common-0.5.0-SNAPSHOT.jar:/home/user/.m2/repository/javax/annotation/javax.annotation-api/1.2/javax.annotation-api-1.2.jar:/home/user/.m2/repository/org/apache/ratis/ratis-server/0.4.0-2337318-SNAPSHOT/ratis-server-0.4.0-2337318-SNAPSHOT.jar:/home/user/.m2/repository/org/apache/ratis/ratis-thirdparty-misc/0.2.0/ratis-thirdparty-misc-0.2.0.jar:/home/user/.m2/repository/org/apache/ratis/ratis-proto/0.4.0-2337318-SNAPSHOT/ratis-proto-0.4.0-2337318-SNAPSHOT.jar:/home/user/.m2/repository/org/apache/ratis/ratis-common/0.4.0-2337318-SNAPSHOT/ratis-common-0.4.0-2337318-SNAPSHOT.jar:/home/user/.m2/repository/org/apache/ratis/ratis-client/0.4.0-2337318-SNAPSHOT/ratis-client-0.4.0-2337318-SNAPSHOT.jar:/home/user/.m2/repository/org/apache/ratis/ratis-metrics/0.4.0-2337318-SNAPSHOT/ratis-metrics-0.4.0-2337318-SNAPSHOT.jar:/home/user/.m2/repository/org/apache/ratis/ratis-netty/0.4.0-2337318-SNAPSHOT/ratis-netty-0.4.0-2337318-SNAPSHOT.jar:/home/user/.m2/repository/org/apache/ratis/ratis-grpc/0.4.0-2337318-SNAPSHOT/ratis-grpc-0.4.0-2337318-SNAPSHOT.jar:/home/user/.m2/repository/org/rocksdb/rocksdbjni/6.0.1/rocksdbjni-6.0.1.jar:/home/user/.m2/repository/org/apache/logging/log4j/log4j-api/2.11.0/log4j-api-2.11.0.jar:/home/user/.m2/repository/org/apache/logging/log4j/log4j-core/2.11.0/log4j-core-2.11.0.jar:/home/user/.m2/repository/com/lmax/disruptor/3.4.2/disruptor-3.4.2.jar:/home/user/.m2/repository/org/apache/commons/commons-pool2/2.6.0/commons-pool2-2.6.0.jar:/home/user/.m2/repository/org/bouncycastle/bcpkix-jdk15on/1.60/bcpkix-jdk15on-1.60.jar:/home/user/.m2/repository/commons-validator/commons-validator/1.6/commons-validator-1.6.jar:/home/user/.m2/repository/commons-digester/commons-digester/1.8.1/commons-digester-1.8.1.jar:/home/user/.m2/repository/io/jaegertracing/jaeger-client/0.33.1/jaeger-client-0.33.1.jar:/home/user/.m2/repository/io/jaegertracing/jaeger-thrift/0.33.1/jaeger-thrift-0.33.1.jar:/home/user/.m2/repository/org/apache/thrift/libthrift/0.11.0/libthrift-0.11.0.jar:/home/user/.m2/repository/com/squareup/okhttp3/okhttp/3.9.0/okhttp-3.9.0.jar:/home/user/.m2/repository/com/squareup/okio/okio/1.13.0/okio-1.13.0.jar:/home/user/.m2/repository/io/jaegertracing/jaeger-core/0.33.1/jaeger-core-0.33.1.jar:/home/user/.m2/repository/io/jaegertracing/jaeger-tracerresolver/0.33.1/jaeger-tracerresolver-0.33.1.jar:/home/user/.m2/repository/io/opentracing/contrib/opentracing-tracerresolver/0.1.5/opentracing-tracerresolver-0.1.5.jar:/home/user/.m2/repository/io/opentracing/opentracing-util/0.31.0/opentracing-util-0.31.0.jar:/home/user/.m2/repository/io/opentracing/opentracing-api/0.31.0/opentracing-api-0.31.0.jar:/home/user/.m2/repository/io/opentracing/opentracing-noop/0.31.0/opentracing-noop-0.31.0.jar:/home/user/.m2/repository/org/apache/hadoop/hadoop-hdds-server-framework/0.5.0-SNAPSHOT/hadoop-hdds-server-framework-0.5.0-SNAPSHOT.jar:/home/user/.m2/repository/org/apache/hadoop/hadoop-hdds-container-service/0.5.0-SNAPSHOT/hadoop-hdds-container-service-0.5.0-SNAPSHOT.jar:/home/user/.m2/repository/org/apache/hadoop/hadoop-hdds-client/0.5.0-SNAPSHOT/hadoop-hdds-client-0.5.0-SNAPSHOT.jar:/home/user/.m2/repository/org/apache/hadoop/hadoop-hdds-tools/0.5.0-SNAPSHOT/hadoop-hdds-tools-0.5.0-SNAPSHOT.jar:/home/user/.m2/repository/org/apache/hadoop/hadoop-hdds-server-scm/0.5.0-SNAPSHOT/hadoop-hdds-server-scm-0.5.0-SNAPSHOT.jar:/home/user/.m2/repository/org/apache/hadoop/hadoop-hdds-docs/0.5.0-SNAPSHOT/hadoop-hdds-docs-0.5.0-SNAPSHOT.jar:/home/user/.m2/repository/io/dropwizard/metrics/metrics-core/3.2.4/metrics-core-3.2.4.jar:/home/user/.m2/repository/org/hamcrest/hamcrest-all/1.3/hamcrest-all-1.3.jar:/home/user/.m2/repository/org/bouncycastle/bcprov-jdk15on/1.60/bcprov-jdk15on-1.60.jar:/home/user/.m2/repository/info/picocli/picocli/3.9.6/picocli-3.9.6.jar:/home/user/.m2/repository/com/google/protobuf/protobuf-java/2.5.0/protobuf-java-2.5.0.jar:/home/user/.m2/repository/com/google/guava/guava/11.0.2/guava-11.0.2.jar:/home/user/.m2/repository/org/apache/hadoop/hadoop-ozone-ozone-manager/0.5.0-SNAPSHOT/hadoop-ozone-ozone-manager-0.5.0-SNAPSHOT.jar:/home/user/.m2/repository/org/apache/hadoop/hadoop-minikdc/3.2.0/hadoop-minikdc-3.2.0.jar:/home/user/.m2/repository/commons-io/commons-io/2.5/commons-io-2.5.jar:/home/user/.m2/repository/org/apache/kerby/kerb-simplekdc/1.0.1/kerb-simplekdc-1.0.1.jar:/home/user/.m2/repository/org/apache/kerby/kerb-client/1.0.1/kerb-client-1.0.1.jar:/home/user/.m2/repository/org/apache/kerby/kerby-config/1.0.1/kerby-config-1.0.1.jar:/home/user/.m2/repository/org/apache/kerby/kerb-core/1.0.1/kerb-core-1.0.1.jar:/home/user/.m2/repository/org/apache/kerby/kerby-pkix/1.0.1/kerby-pkix-1.0.1.jar:/home/user/.m2/repository/org/apache/kerby/kerby-asn1/1.0.1/kerby-asn1-1.0.1.jar:/home/user/.m2/repository/org/apache/kerby/kerby-util/1.0.1/kerby-util-1.0.1.jar:/home/user/.m2/repository/org/apache/kerby/kerb-common/1.0.1/kerb-common-1.0.1.jar:/home/user/.m2/repository/org/apache/kerby/kerb-crypto/1.0.1/kerb-crypto-1.0.1.jar:/home/user/.m2/repository/org/apache/kerby/kerb-util/1.0.1/kerb-util-1.0.1.jar:/home/user/.m2/repository/org/apache/kerby/token-provider/1.0.1/token-provider-1.0.1.jar:/home/user/.m2/repository/org/apache/kerby/kerb-admin/1.0.1/kerb-admin-1.0.1.jar:/home/user/.m2/repository/org/apache/kerby/kerb-server/1.0.1/kerb-server-1.0.1.jar:/home/user/.m2/repository/org/apache/kerby/kerb-identity/1.0.1/kerb-identity-1.0.1.jar:/home/user/.m2/repository/org/apache/kerby/kerby-xdr/1.0.1/kerby-xdr-1.0.1.jar:/home/user/.m2/repository/org/slf4j/slf4j-log4j12/1.7.25/slf4j-log4j12-1.7.25.jar:/home/user/.m2/repository/org/apache/hadoop/hadoop-ozone-objectstore-service/0.5.0-SNAPSHOT/hadoop-ozone-objectstore-service-0.5.0-SNAPSHOT.jar:/home/user/.m2/repository/org/apache/hadoop/hadoop-ozone-s3gateway/0.5.0-SNAPSHOT/hadoop-ozone-s3gateway-0.5.0-SNAPSHOT.jar:/home/user/.m2/repository/org/jboss/weld/servlet/weld-servlet/2.4.7.Final/weld-servlet-2.4.7.Final.jar:/home/user/.m2/repository/org/glassfish/jersey/containers/jersey-container-servlet-core/2.27/jersey-container-servlet-core-2.27.jar:/home/user/.m2/repository/org/glassfish/hk2/external/javax.inject/2.5.0-b42/javax.inject-2.5.0-b42.jar:/home/user/.m2/repository/org/glassfish/jersey/core/jersey-common/2.27/jersey-common-2.27.jar:/home/user/.m2/repository/org/glassfish/hk2/osgi-resource-locator/1.0.1/osgi-resource-locator-1.0.1.jar:/home/user/.m2/repository/javax/ws/rs/javax.ws.rs-api/2.1/javax.ws.rs-api-2.1.jar:/home/user/.m2/repository/org/glassfish/jersey/ext/cdi/jersey-cdi1x/2.27/jersey-cdi1x-2.27.jar:/home/user/.m2/repository/org/glassfish/jersey/inject/jersey-hk2/2.27/jersey-hk2-2.27.jar:/home/user/.m2/repository/org/glassfish/hk2/hk2-locator/2.5.0-b42/hk2-locator-2.5.0-b42.jar:/home/user/.m2/repository/org/javassist/javassist/3.22.0-CR2/javassist-3.22.0-CR2.jar:/home/user/.m2/repository/org/glassfish/hk2/hk2-api/2.5.0/hk2-api-2.5.0.jar:/home/user/.m2/repository/org/glassfish/hk2/external/jakarta.inject/2.5.0/jakarta.inject-2.5.0.jar:/home/user/.m2/repository/org/glassfish/hk2/hk2-utils/2.5.0/hk2-utils-2.5.0.jar:/home/user/.m2/repository/jakarta/annotation/jakarta.annotation-api/1.3.4/jakarta.annotation-api-1.3.4.jar:/home/user/.m2/repository/org/glassfish/hk2/external/aopalliance-repackaged/2.5.0/aopalliance-repackaged-2.5.0.jar:/home/user/.m2/repository/com/fasterxml/jackson/dataformat/jackson-dataformat-xml/2.9.0/jackson-dataformat-xml-2.9.0.jar:/home/user/.m2/repository/com/fasterxml/jackson/core/jackson-core/2.9.5/jackson-core-2.9.5.jar:/home/user/.m2/repository/com/fasterxml/jackson/module/jackson-module-jaxb-annotations/2.9.5/jackson-module-jaxb-annotations-2.9.5.jar:/home/user/.m2/repository/javax/enterprise/cdi-api/1.2/cdi-api-1.2.jar:/home/user/.m2/repository/javax/el/javax.el-api/3.0.0/javax.el-api-3.0.0.jar:/home/user/.m2/repository/javax/interceptor/javax.interceptor-api/1.2/javax.interceptor-api-1.2.jar:/home/user/.m2/repository/javax/inject/javax.inject/1/javax.inject-1.jar:/home/user/.m2/repository/com/sun/xml/bind/jaxb-impl/2.3.0.1/jaxb-impl-2.3.0.1.jar:/home/user/.m2/repository/com/sun/xml/bind/jaxb-core/2.3.0.1/jaxb-core-2.3.0.1.jar:/home/user/.m2/repository/javax/xml/bind/jaxb-api/2.3.0/jaxb-api-2.3.0.jar:/home/user/.m2/repository/javax/activation/activation/1.1.1/activation-1.1.1.jar:/home/user/.m2/repository/org/apache/hadoop/hadoop-ozone-csi/0.5.0-SNAPSHOT/hadoop-ozone-csi-0.5.0-SNAPSHOT.jar:/home/user/.m2/repository/com/google/protobuf/protobuf-java-util/3.5.1/protobuf-java-util-3.5.1.jar:/home/user/.m2/repository/org/apache/hadoop/hadoop-hdds-config/0.5.0-SNAPSHOT/hadoop-hdds-config-0.5.0-SNAPSHOT.jar:/home/user/.m2/repository/io/grpc/grpc-netty/1.17.1/grpc-netty-1.17.1.jar:/home/user/.m2/repository/io/grpc/grpc-core/1.17.1/grpc-core-1.17.1.jar:/home/user/.m2/repository/io/grpc/grpc-context/1.17.1/grpc-context-1.17.1.jar:/home/user/.m2/repository/com/google/errorprone/error_prone_annotations/2.2.0/error_prone_annotations-2.2.0.jar:/home/user/.m2/repository/org/codehaus/mojo/animal-sniffer-annotations/1.17/animal-sniffer-annotations-1.17.jar:/home/user/.m2/repository/io/opencensus/opencensus-api/0.17.0/opencensus-api-0.17.0.jar:/home/user/.m2/repository/io/opencensus/opencensus-contrib-grpc-metrics/0.17.0/opencensus-contrib-grpc-metrics-0.17.0.jar:/home/user/.m2/repository/io/netty/netty-codec-http2/4.1.30.Final/netty-codec-http2-4.1.30.Final.jar:/home/user/.m2/repository/io/netty/netty-codec-http/4.1.30.Final/netty-codec-http-4.1.30.Final.jar:/home/user/.m2/repository/io/netty/netty-codec/4.1.30.Final/netty-codec-4.1.30.Final.jar:/home/user/.m2/repository/io/netty/netty-handler/4.1.30.Final/netty-handler-4.1.30.Final.jar:/home/user/.m2/repository/io/netty/netty-handler-proxy/4.1.30.Final/netty-handler-proxy-4.1.30.Final.jar:/home/user/.m2/repository/io/netty/netty-codec-socks/4.1.30.Final/netty-codec-socks-4.1.30.Final.jar:/home/user/.m2/repository/io/netty/netty-transport-native-epoll/4.1.30.Final/netty-transport-native-epoll-4.1.30.Final.jar:/home/user/.m2/repository/io/netty/netty-common/4.1.30.Final/netty-common-4.1.30.Final.jar:/home/user/.m2/repository/io/netty/netty-buffer/4.1.30.Final/netty-buffer-4.1.30.Final.jar:/home/user/.m2/repository/io/netty/netty-transport/4.1.30.Final/netty-transport-4.1.30.Final.jar:/home/user/.m2/repository/io/netty/netty-resolver/4.1.30.Final/netty-resolver-4.1.30.Final.jar:/home/user/.m2/repository/io/netty/netty-transport-native-unix-common/4.1.30.Final/netty-transport-native-unix-common-4.1.30.Final.jar:/home/user/.m2/repository/io/grpc/grpc-protobuf/1.17.1/grpc-protobuf-1.17.1.jar:/home/user/.m2/repository/com/google/api/grpc/proto-google-common-protos/1.0.0/proto-google-common-protos-1.0.0.jar:/home/user/.m2/repository/io/grpc/grpc-protobuf-lite/1.17.1/grpc-protobuf-lite-1.17.1.jar:/home/user/.m2/repository/io/grpc/grpc-stub/1.17.1/grpc-stub-1.17.1.jar:/home/user/.m2/repository/org/apache/hadoop/hadoop-ozone-recon/0.5.0-SNAPSHOT/hadoop-ozone-recon-0.5.0-SNAPSHOT.jar:/home/user/.m2/repository/org/apache/hadoop/hadoop-ozone-reconcodegen/0.5.0-SNAPSHOT/hadoop-ozone-reconcodegen-0.5.0-SNAPSHOT.jar:/home/user/.m2/repository/com/google/inject/extensions/guice-multibindings/4.0/guice-multibindings-4.0.jar:/home/user/.m2/repository/com/google/inject/guice/4.0/guice-4.0.jar:/home/user/.m2/repository/aopalliance/aopalliance/1.0/aopalliance-1.0.jar:/home/user/.m2/repository/com/google/inject/extensions/guice-servlet/4.0/guice-servlet-4.0.jar:/home/user/.m2/repository/org/glassfish/jersey/containers/jersey-container-servlet/2.27/jersey-container-servlet-2.27.jar:/home/user/.m2/repository/org/glassfish/hk2/guice-bridge/2.5.0/guice-bridge-2.5.0.jar:/home/user/.m2/repository/org/glassfish/jersey/core/jersey-server/2.27/jersey-server-2.27.jar:/home/user/.m2/repository/org/glassfish/jersey/core/jersey-client/2.27/jersey-client-2.27.jar:/home/user/.m2/repository/org/glassfish/jersey/media/jersey-media-jaxb/2.27/jersey-media-jaxb-2.27.jar:/home/user/.m2/repository/javax/validation/validation-api/1.1.0.Final/validation-api-1.1.0.Final.jar:/home/user/.m2/repository/org/glassfish/jersey/media/jersey-media-json-jackson/2.27/jersey-media-json-jackson-2.27.jar:/home/user/.m2/repository/org/glassfish/jersey/ext/jersey-entity-filtering/2.27/jersey-entity-filtering-2.27.jar:/home/user/.m2/repository/com/google/inject/extensions/guice-assistedinject/4.0/guice-assistedinject-4.0.jar:/home/user/.m2/repository/org/jooq/jooq/3.11.10/jooq-3.11.10.jar:/home/user/.m2/repository/org/jooq/jooq-meta/3.11.10/jooq-meta-3.11.10.jar:/home/user/.m2/repository/org/jooq/jooq-codegen/3.11.10/jooq-codegen-3.11.10.jar:/home/user/.m2/repository/com/jolbox/bonecp/0.8.0.RELEASE/bonecp-0.8.0.RELEASE.jar:/home/user/.m2/repository/org/xerial/sqlite-jdbc/3.25.2/sqlite-jdbc-3.25.2.jar:/home/user/.m2/repository/org/springframework/spring-jdbc/5.1.3.RELEASE/spring-jdbc-5.1.3.RELEASE.jar:/home/user/.m2/repository/org/springframework/spring-beans/5.1.3.RELEASE/spring-beans-5.1.3.RELEASE.jar:/home/user/.m2/repository/org/springframework/spring-core/5.1.3.RELEASE/spring-core-5.1.3.RELEASE.jar:/home/user/.m2/repository/org/springframework/spring-jcl/5.1.3.RELEASE/spring-jcl-5.1.3.RELEASE.jar:/home/user/.m2/repository/org/springframework/spring-tx/5.1.3.RELEASE/spring-tx-5.1.3.RELEASE.jar:/home/user/.m2/repository/org/apache/hadoop/hadoop-ozone-client/0.5.0-SNAPSHOT/hadoop-ozone-client-0.5.0-SNAPSHOT.jar:/home/user/.m2/repository/commons-lang/commons-lang/2.6/commons-lang-2.6.jar:/home/user/.m2/repository/org/apache/hadoop/hadoop-ozone-ozone-manager/0.5.0-SNAPSHOT/hadoop-ozone-ozone-manager-0.5.0-SNAPSHOT-tests.jar:/home/user/.m2/repository/junit/junit/4.11/junit-4.11.jar:/home/user/.m2/repository/org/hamcrest/hamcrest-core/1.3/hamcrest-core-1.3.jar:/home/user/.m2/repository/org/openjdk/jmh/jmh-core/1.19/jmh-core-1.19.jar:/home/user/.m2/repository/net/sf/jopt-simple/jopt-simple/4.6/jopt-simple-4.6.jar:/home/user/.m2/repository/org/apache/commons/commons-math3/3.1.1/commons-math3-3.1.1.jar:/home/user/.m2/repository/org/openjdk/jmh/jmh-generator-annprocess/1.19/jmh-generator-annprocess-1.19.jar:/home/user/.m2/repository/org/mockito/mockito-all/1.8.5/mockito-all-1.8.5.jar:/home/user/.m2/repository/org/apache/hadoop/hadoop-kms/3.2.0/hadoop-kms-3.2.0.jar:/home/user/.m2/repository/org/apache/hadoop/hadoop-auth/3.2.0/hadoop-auth-3.2.0.jar:/home/user/.m2/repository/com/nimbusds/nimbus-jose-jwt/4.41.1/nimbus-jose-jwt-4.41.1.jar:/home/user/.m2/repository/com/github/stephenc/jcip/jcip-annotations/1.0-1/jcip-annotations-1.0-1.jar:/home/user/.m2/repository/net/minidev/json-smart/2.3/json-smart-2.3.jar:/home/user/.m2/repository/net/minidev/accessors-smart/1.2/accessors-smart-1.2.jar:/home/user/.m2/repository/org/ow2/asm/asm/5.0.4/asm-5.0.4.jar:/home/user/.m2/repository/org/apache/curator/curator-framework/2.12.0/curator-framework-2.12.0.jar:/home/user/.m2/repository/com/sun/jersey/jersey-core/1.19/jersey-core-1.19.jar:/home/user/.m2/repository/javax/ws/rs/jsr311-api/1.1.1/jsr311-api-1.1.1.jar:/home/user/.m2/repository/com/sun/jersey/jersey-server/1.19/jersey-server-1.19.jar:/home/user/.m2/repository/javax/servlet/javax.servlet-api/3.1.0/javax.servlet-api-3.1.0.jar:/home/user/.m2/repository/org/eclipse/jetty/jetty-server/9.3.24.v20180605/jetty-server-9.3.24.v20180605.jar:/home/user/.m2/repository/org/eclipse/jetty/jetty-http/9.3.24.v20180605/jetty-http-9.3.24.v20180605.jar:/home/user/.m2/repository/org/eclipse/jetty/jetty-io/9.3.24.v20180605/jetty-io-9.3.24.v20180605.jar:/home/user/.m2/repository/org/eclipse/jetty/jetty-webapp/9.3.24.v20180605/jetty-webapp-9.3.24.v20180605.jar:/home/user/.m2/repository/org/eclipse/jetty/jetty-xml/9.3.24.v20180605/jetty-xml-9.3.24.v20180605.jar:/home/user/.m2/repository/log4j/log4j/1.2.17/log4j-1.2.17.jar:/home/user/.m2/repository/org/slf4j/slf4j-api/1.7.25/slf4j-api-1.7.25.jar:/home/user/.m2/repository/org/slf4j/jul-to-slf4j/1.7.25/jul-to-slf4j-1.7.25.jar:/home/user/.m2/repository/org/eclipse/jetty/jetty-util/9.3.24.v20180605/jetty-util-9.3.24.v20180605.jar:/home/user/.m2/repository/com/fasterxml/jackson/core/jackson-databind/2.9.5/jackson-databind-2.9.5.jar:/home/user/.m2/repository/org/apache/hadoop/hadoop-kms/3.2.0/hadoop-kms-3.2.0-tests.jar:/home/user/.m2/repository/org/apache/hadoop/hadoop-hdds-server-scm/0.5.0-SNAPSHOT/hadoop-hdds-server-scm-0.5.0-SNAPSHOT-tests.jar:/home/user/.m2/repository/org/apache/hadoop/hadoop-hdds-container-service/0.5.0-SNAPSHOT/hadoop-hdds-container-service-0.5.0-SNAPSHOT-tests.jar:/home/user/.m2/repository/org/yaml/snakeyaml/1.16/snakeyaml-1.16.jar:/home/user/.m2/repository/org/apache/hadoop/hadoop-common/3.2.0/hadoop-common-3.2.0-tests.jar:/home/user/.m2/repository/org/apache/hadoop/hadoop-annotations/3.2.0/hadoop-annotations-3.2.0.jar:/usr/lib/jvm/java-1.8-openjdk/jre/../lib/tools.jar:/home/user/.m2/repository/commons-cli/commons-cli/1.2/commons-cli-1.2.jar:/home/user/.m2/repository/org/apache/httpcomponents/httpclient/4.5.2/httpclient-4.5.2.jar:/home/user/.m2/repository/org/apache/httpcomponents/httpcore/4.4.4/httpcore-4.4.4.jar:/home/user/.m2/repository/commons-codec/commons-codec/1.11/commons-codec-1.11.jar:/home/user/.m2/repository/commons-net/commons-net/3.6/commons-net-3.6.jar:/home/user/.m2/repository/commons-collections/commons-collections/3.2.2/commons-collections-3.2.2.jar:/home/user/.m2/repository/org/eclipse/jetty/jetty-servlet/9.3.24.v20180605/jetty-servlet-9.3.24.v20180605.jar:/home/user/.m2/repository/org/eclipse/jetty/jetty-security/9.3.24.v20180605/jetty-security-9.3.24.v20180605.jar:/home/user/.m2/repository/javax/servlet/jsp/jsp-api/2.1/jsp-api-2.1.jar:/home/user/.m2/repository/com/sun/jersey/jersey-servlet/1.19/jersey-servlet-1.19.jar:/home/user/.m2/repository/com/sun/jersey/jersey-json/1.19/jersey-json-1.19.jar:/home/user/.m2/repository/org/codehaus/jettison/jettison/1.1/jettison-1.1.jar:/home/user/.m2/repository/org/codehaus/jackson/jackson-core-asl/1.9.13/jackson-core-asl-1.9.13.jar:/home/user/.m2/repository/org/codehaus/jackson/jackson-mapper-asl/1.9.13/jackson-mapper-asl-1.9.13.jar:/home/user/.m2/repository/org/codehaus/jackson/jackson-jaxrs/1.9.13/jackson-jaxrs-1.9.13.jar:/home/user/.m2/repository/org/codehaus/jackson/jackson-xc/1.9.13/jackson-xc-1.9.13.jar:/home/user/.m2/repository/commons-logging/commons-logging/1.1.3/commons-logging-1.1.3.jar:/home/user/.m2/repository/commons-beanutils/commons-beanutils/1.9.3/commons-beanutils-1.9.3.jar:/home/user/.m2/repository/org/apache/commons/commons-configuration2/2.1.1/commons-configuration2-2.1.1.jar:/home/user/.m2/repository/org/apache/commons/commons-lang3/3.7/commons-lang3-3.7.jar:/home/user/.m2/repository/org/apache/commons/commons-text/1.4/commons-text-1.4.jar:/home/user/.m2/repository/org/apache/avro/avro/1.7.7/avro-1.7.7.jar:/home/user/.m2/repository/com/thoughtworks/paranamer/paranamer/2.3/paranamer-2.3.jar:/home/user/.m2/repository/org/xerial/snappy/snappy-java/1.0.5/snappy-java-1.0.5.jar:/home/user/.m2/repository/com/google/re2j/re2j/1.1/re2j-1.1.jar:/home/user/.m2/repository/com/google/code/gson/gson/2.2.4/gson-2.2.4.jar:/home/user/.m2/repository/com/jcraft/jsch/0.1.54/jsch-0.1.54.jar:/home/user/.m2/repository/org/apache/curator/curator-client/2.12.0/curator-client-2.12.0.jar:/home/user/.m2/repository/org/apache/curator/curator-recipes/2.12.0/curator-recipes-2.12.0.jar:/home/user/.m2/repository/com/google/code/findbugs/jsr305/3.0.0/jsr305-3.0.0.jar:/home/user/.m2/repository/org/apache/htrace/htrace-core4/4.1.0-incubating/htrace-core4-4.1.0-incubating.jar:/home/user/.m2/repository/org/apache/zookeeper/zookeeper/3.4.13/zookeeper-3.4.13.jar:/home/user/.m2/repository/org/apache/yetus/audience-annotations/0.5.0/audience-annotations-0.5.0.jar:/home/user/.m2/repository/org/codehaus/woodstox/stax2-api/3.1.4/stax2-api-3.1.4.jar:/home/user/.m2/repository/com/fasterxml/woodstox/woodstox-core/5.0.3/woodstox-core-5.0.3.jar:/home/user/.m2/repository/dnsjava/dnsjava/2.1.7/dnsjava-2.1.7.jar:/home/user/.m2/repository/org/apache/hadoop/hadoop-hdfs/3.2.0/hadoop-hdfs-3.2.0-tests.jar:/home/user/.m2/repository/org/eclipse/jetty/jetty-util-ajax/9.3.24.v20180605/jetty-util-ajax-9.3.24.v20180605.jar:/home/user/.m2/repository/commons-daemon/commons-daemon/1.0.13/commons-daemon-1.0.13.jar:/home/user/.m2/repository/io/netty/netty/3.10.5.Final/netty-3.10.5.Final.jar:/home/user/.m2/repository/io/netty/netty-all/4.0.52.Final/netty-all-4.0.52.Final.jar:/home/user/.m2/repository/org/fusesource/leveldbjni/leveldbjni-all/1.8/leveldbjni-all-1.8.jar:"/>
    <property name="sun.cpu.endian" value="little"/>
    <property name="user.home" value="/home/user"/>
    <property name="user.language" value="en"/>
    <property name="java.specification.vendor" value="Oracle Corporation"/>
    <property name="java.home" value="/usr/lib/jvm/java-1.8-openjdk/jre"/>
    <property name="java.security.krb5.conf" value="/workdir/hadoop-ozone/integration-test/target/test-classes/krb5.conf"/>
    <property name="basedir" value="/workdir/hadoop-ozone/integration-test"/>
    <property name="file.separator" value="/"/>
    <property name="line.separator" value="&#10;"/>
    <property name="java.vm.specification.vendor" value="Oracle Corporation"/>
    <property name="java.specification.name" value="Java Platform API Specification"/>
    <property name="java.awt.graphicsenv" value="sun.awt.X11GraphicsEnvironment"/>
    <property name="surefire.real.class.path" value="/workdir/hadoop-ozone/integration-test/target/surefire/surefirebooter3341969213836567491.jar"/>
    <property name="hadoop.log.dir" value="/workdir/hadoop-ozone/integration-test/target/log"/>
    <property name="sun.boot.class.path" value="/usr/lib/jvm/java-1.8-openjdk/jre/lib/resources.jar:/usr/lib/jvm/java-1.8-openjdk/jre/lib/rt.jar:/usr/lib/jvm/java-1.8-openjdk/jre/lib/sunrsasign.jar:/usr/lib/jvm/java-1.8-openjdk/jre/lib/jsse.jar:/usr/lib/jvm/java-1.8-openjdk/jre/lib/jce.jar:/usr/lib/jvm/java-1.8-openjdk/jre/lib/charsets.jar:/usr/lib/jvm/java-1.8-openjdk/jre/lib/jfr.jar:/usr/lib/jvm/java-1.8-openjdk/jre/classes"/>
    <property name="sun.management.compiler" value="HotSpot 64-Bit Tiered Compilers"/>
    <property name="java.runtime.version" value="1.8.0_212-b04"/>
    <property name="java.net.preferIPv4Stack" value="true"/>
    <property name="user.name" value="jenkins1000"/>
    <property name="path.separator" value=":"/>
    <property name="java.security.egd" value="file:///dev/urandom"/>
    <property name="os.version" value="3.10.0-957.12.2.el7.x86_64"/>
    <property name="java.endorsed.dirs" value="/usr/lib/jvm/java-1.8-openjdk/jre/lib/endorsed"/>
    <property name="java.runtime.name" value="OpenJDK Runtime Environment"/>
    <property name="file.encoding" value="UTF-8"/>
    <property name="java.vm.name" value="OpenJDK 64-Bit Server VM"/>
    <property name="test.build.webapps" value=""/>
    <property name="localRepository" value="/home/user/.m2/repository"/>
    <property name="java.vendor.url.bug" value="https://icedtea.classpath.org/bugzilla"/>
    <property name="java.io.tmpdir" value="/tmp"/>
    <property name="require.test.libhadoop" value=""/>
    <property name="java.version" value="1.8.0_212"/>
    <property name="user.dir" value="/workdir/hadoop-ozone/integration-test"/>
    <property name="os.arch" value="amd64"/>
    <property name="java.vm.specification.name" value="Java Virtual Machine Specification"/>
    <property name="test.build.classes" value="/workdir/hadoop-ozone/integration-test/target/test-classes"/>
    <property name="java.awt.printerjob" value="sun.print.PSPrinterJob"/>
    <property name="sun.os.patch.level" value="unknown"/>
    <property name="hadoop.tmp.dir" value="/workdir/hadoop-ozone/integration-test/target/tmp"/>
    <property name="java.library.path" value="/usr/lib/jvm/java-1.8-openjdk/jre/lib/amd64/server:/usr/lib/jvm/java-1.8-openjdk/jre/lib/amd64:/usr/lib/jvm/java-1.8-openjdk/jre/../lib/amd64:/workdir/hadoop-ozone/integration-test/target/native/target/usr/local/lib:/workdir/hadoop-ozone/integration-test/../../hadoop-common-project/hadoop-common/target/native/target/usr/local/lib:/usr/java/packages/lib/amd64:/usr/lib64:/lib64:/lib:/usr/lib"/>
    <property name="java.vm.info" value="mixed mode"/>
    <property name="java.vendor" value="IcedTea"/>
    <property name="java.vm.version" value="25.212-b04"/>
    <property name="java.ext.dirs" value="/usr/lib/jvm/java-1.8-openjdk/jre/lib/ext:/usr/java/packages/lib/ext"/>
    <property name="sun.io.unicode.encoding" value="UnicodeLittle"/>
    <property name="java.class.version" value="52.0"/>
  </properties>
  <testcase name="testGroupMismatchExceptionHandling" classname="org.apache.hadoop.ozone.client.rpc.TestOzoneClientRetriesOnException" time="34.903">
    <error message="Allocated 0 blocks. Requested 1 blocks" type="INTERNAL_ERROR org.apache.hadoop.ozone.om.exceptions.OMException">INTERNAL_ERROR org.apache.hadoop.ozone.om.exceptions.OMException: Allocated 0 blocks. Requested 1 blocks
	at org.apache.hadoop.ozone.om.protocolPB.OzoneManagerProtocolClientSideTranslatorPB.handleError(OzoneManagerProtocolClientSideTranslatorPB.java:725)
	at org.apache.hadoop.ozone.om.protocolPB.OzoneManagerProtocolClientSideTranslatorPB.openKey(OzoneManagerProtocolClientSideTranslatorPB.java:716)
	at org.apache.hadoop.ozone.client.rpc.RpcClient.createKey(RpcClient.java:615)
	at org.apache.hadoop.ozone.client.OzoneBucket.createKey(OzoneBucket.java:323)
	at org.apache.hadoop.ozone.container.ContainerTestHelper.createKey(ContainerTestHelper.java:694)
	at org.apache.hadoop.ozone.client.rpc.TestOzoneClientRetriesOnException.createKey(TestOzoneClientRetriesOnException.java:226)
	at org.apache.hadoop.ozone.client.rpc.TestOzoneClientRetriesOnException.testGroupMismatchExceptionHandling(TestOzoneClientRetriesOnException.java:129)
	at sun.reflect.NativeMethodAccessorImpl.invoke0(Native Method)
	at sun.reflect.NativeMethodAccessorImpl.invoke(NativeMethodAccessorImpl.java:62)
	at sun.reflect.DelegatingMethodAccessorImpl.invoke(DelegatingMethodAccessorImpl.java:43)
	at java.lang.reflect.Method.invoke(Method.java:498)
	at org.junit.runners.model.FrameworkMethod$1.runReflectiveCall(FrameworkMethod.java:47)
	at org.junit.internal.runners.model.ReflectiveCallable.run(ReflectiveCallable.java:12)
	at org.junit.runners.model.FrameworkMethod.invokeExplosively(FrameworkMethod.java:44)
	at org.junit.internal.runners.statements.InvokeMethod.evaluate(InvokeMethod.java:17)
	at org.junit.internal.runners.statements.RunBefores.evaluate(RunBefores.java:26)
	at org.junit.internal.runners.statements.RunAfters.evaluate(RunAfters.java:27)
	at org.junit.runners.ParentRunner.runLeaf(ParentRunner.java:271)
	at org.junit.runners.BlockJUnit4ClassRunner.runChild(BlockJUnit4ClassRunner.java:70)
	at org.junit.runners.BlockJUnit4ClassRunner.runChild(BlockJUnit4ClassRunner.java:50)
	at org.junit.runners.ParentRunner$3.run(ParentRunner.java:238)
	at org.junit.runners.ParentRunner$1.schedule(ParentRunner.java:63)
	at org.junit.runners.ParentRunner.runChildren(ParentRunner.java:236)
	at org.junit.runners.ParentRunner.access$000(ParentRunner.java:53)
	at org.junit.runners.ParentRunner$2.evaluate(ParentRunner.java:229)
	at org.junit.runners.ParentRunner.run(ParentRunner.java:309)
	at org.apache.maven.surefire.junit4.JUnit4Provider.execute(JUnit4Provider.java:365)
	at org.apache.maven.surefire.junit4.JUnit4Provider.executeWithRerun(JUnit4Provider.java:273)
	at org.apache.maven.surefire.junit4.JUnit4Provider.executeTestSet(JUnit4Provider.java:238)
	at org.apache.maven.surefire.junit4.JUnit4Provider.invoke(JUnit4Provider.java:159)
	at org.apache.maven.surefire.booter.ForkedBooter.invokeProviderInSameClassLoader(ForkedBooter.java:384)
	at org.apache.maven.surefire.booter.ForkedBooter.runSuitesInProcess(ForkedBooter.java:345)
	at org.apache.maven.surefire.booter.ForkedBooter.execute(ForkedBooter.java:126)
	at org.apache.maven.surefire.booter.ForkedBooter.main(ForkedBooter.java:418)
</error>
    <system-out><![CDATA[2019-09-12 10:32:47,591 [main] WARN  server.ServerUtils (ServerUtils.java:getScmDbDir(145)) - ozone.scm.db.dirs is not configured. We recommend adding this setting. Falling back to ozone.metadata.dirs instead.
2019-09-12 10:32:47,704 [main] WARN  server.ServerUtils (ServerUtils.java:getScmDbDir(145)) - ozone.scm.db.dirs is not configured. We recommend adding this setting. Falling back to ozone.metadata.dirs instead.
2019-09-12 10:32:47,707 [main] WARN  server.ServerUtils (ServerUtils.java:getScmDbDir(145)) - ozone.scm.db.dirs is not configured. We recommend adding this setting. Falling back to ozone.metadata.dirs instead.
2019-09-12 10:32:47,725 [main] INFO  util.log (Log.java:initialized(192)) - Logging initialized @908ms
2019-09-12 10:32:47,829 [main] INFO  db.DBStoreBuilder (DBStoreBuilder.java:addTable(110)) - using custom profile for table: deletedBlocks
2019-09-12 10:32:47,830 [main] INFO  db.DBStoreBuilder (DBStoreBuilder.java:processTables(161)) - Using default column profile:DBProfile.DISK for Table:deletedBlocks
2019-09-12 10:32:47,830 [main] INFO  db.DBStoreBuilder (DBStoreBuilder.java:addTable(110)) - using custom profile for table: validCerts
2019-09-12 10:32:47,830 [main] INFO  db.DBStoreBuilder (DBStoreBuilder.java:processTables(161)) - Using default column profile:DBProfile.DISK for Table:validCerts
2019-09-12 10:32:47,831 [main] INFO  db.DBStoreBuilder (DBStoreBuilder.java:addTable(110)) - using custom profile for table: revokedCerts
2019-09-12 10:32:47,831 [main] INFO  db.DBStoreBuilder (DBStoreBuilder.java:processTables(161)) - Using default column profile:DBProfile.DISK for Table:revokedCerts
2019-09-12 10:32:47,843 [main] INFO  db.DBStoreBuilder (DBStoreBuilder.java:addTable(110)) - using custom profile for table: default
2019-09-12 10:32:47,843 [main] INFO  db.DBStoreBuilder (DBStoreBuilder.java:processTables(167)) - Using default column profile:DBProfile.DISK for Table:default
2019-09-12 10:32:47,844 [main] INFO  db.DBStoreBuilder (DBStoreBuilder.java:getDbProfile(198)) - Using default options. DBProfile.DISK
2019-09-12 10:32:48,113 [main] INFO  net.NodeSchemaLoader (NodeSchemaLoader.java:loadSchemaFromFile(125)) - Loading file from sun.misc.CompoundEnumeration@1afd44cb
2019-09-12 10:32:48,116 [main] INFO  net.NodeSchemaLoader (NodeSchemaLoader.java:loadSchema(171)) - Loading network topology layer schema file
2019-09-12 10:32:48,209 [main] WARN  server.ServerUtils (ServerUtils.java:sanitizeUserArgs(70)) - ozone.scm.stale.node.interval value = 300000 is larger than max = 100000 based on the key value of ozone.scm.heartbeat.thread.interval, reset to the max value 100000.
2019-09-12 10:32:48,211 [main] WARN  server.ServerUtils (ServerUtils.java:sanitizeUserArgs(70)) - ozone.scm.stale.node.interval value = 300000 is larger than max = 100000 based on the key value of ozone.scm.heartbeat.thread.interval, reset to the max value 100000.
2019-09-12 10:32:48,214 [main] INFO  node.SCMNodeManager (SCMNodeManager.java:<init>(121)) - Entering startup safe mode.
2019-09-12 10:32:48,285 [main] INFO  algorithms.ContainerPlacementPolicyFactory (ContainerPlacementPolicyFactory.java:getPolicy(56)) - Create container placement policy of type org.apache.hadoop.hdds.scm.container.placement.algorithms.SCMContainerPlacementRandom
2019-09-12 10:32:48,300 [main] WARN  server.ServerUtils (ServerUtils.java:getScmDbDir(145)) - ozone.scm.db.dirs is not configured. We recommend adding this setting. Falling back to ozone.metadata.dirs instead.
2019-09-12 10:32:48,382 [main] INFO  pipeline.SCMPipelineManager (SCMPipelineManager.java:initializePipelineState(126)) - No pipeline exists in current db
2019-09-12 10:32:48,386 [main] WARN  server.ServerUtils (ServerUtils.java:getScmDbDir(145)) - ozone.scm.db.dirs is not configured. We recommend adding this setting. Falling back to ozone.metadata.dirs instead.
2019-09-12 10:32:48,531 [main] WARN  events.EventQueue (EventQueue.java:fireEvent(175)) - No event handler registered for event TypedEvent{payloadType=SafeModeStatus, name='SafeModeStatus'}
2019-09-12 10:32:49,042 [main] INFO  ipc.CallQueueManager (CallQueueManager.java:<init>(84)) - Using callQueue: class java.util.concurrent.LinkedBlockingQueue, queueCapacity: 2000, scheduler: class org.apache.hadoop.ipc.DefaultRpcScheduler, ipcBackoff: false.
2019-09-12 10:32:49,330 [Socket Reader #1 for port 38814] INFO  ipc.Server (Server.java:run(1074)) - Starting Socket Reader #1 for port 38814
2019-09-12 10:32:49,359 [main] INFO  ipc.CallQueueManager (CallQueueManager.java:<init>(84)) - Using callQueue: class java.util.concurrent.LinkedBlockingQueue, queueCapacity: 2000, scheduler: class org.apache.hadoop.ipc.DefaultRpcScheduler, ipcBackoff: false.
2019-09-12 10:32:49,360 [Socket Reader #1 for port 42511] INFO  ipc.Server (Server.java:run(1074)) - Starting Socket Reader #1 for port 42511
2019-09-12 10:32:49,369 [main] INFO  ipc.CallQueueManager (CallQueueManager.java:<init>(84)) - Using callQueue: class java.util.concurrent.LinkedBlockingQueue, queueCapacity: 2000, scheduler: class org.apache.hadoop.ipc.DefaultRpcScheduler, ipcBackoff: false.
2019-09-12 10:32:49,369 [Socket Reader #1 for port 44750] INFO  ipc.Server (Server.java:run(1074)) - Starting Socket Reader #1 for port 44750
2019-09-12 10:32:49,390 [main] INFO  hdfs.DFSUtil (DFSUtil.java:httpServerTemplateForNNAndJN(1641)) - Starting Web-server for scm at: http://0.0.0.0:0
2019-09-12 10:32:49,556 [main] INFO  server.AuthenticationFilter (AuthenticationFilter.java:constructSecretProvider(240)) - Unable to initialize FileSignerSecretProvider, falling back to use random secrets.
2019-09-12 10:32:49,565 [main] WARN  http.HttpRequestLog (HttpRequestLog.java:getRequestLog(97)) - Jetty request log can only be enabled using Log4j
2019-09-12 10:32:49,574 [main] INFO  http.HttpServer2 (HttpServer2.java:addGlobalFilter(975)) - Added global filter 'safety' (class=org.apache.hadoop.http.HttpServer2$QuotingInputFilter)
2019-09-12 10:32:49,576 [main] INFO  http.HttpServer2 (HttpServer2.java:addFilter(948)) - Added filter static_user_filter (class=org.apache.hadoop.http.lib.StaticUserWebFilter$StaticUserFilter) to context scm
2019-09-12 10:32:49,577 [main] INFO  http.HttpServer2 (HttpServer2.java:addFilter(958)) - Added filter static_user_filter (class=org.apache.hadoop.http.lib.StaticUserWebFilter$StaticUserFilter) to context logs
2019-09-12 10:32:49,577 [main] INFO  http.HttpServer2 (HttpServer2.java:addFilter(958)) - Added filter static_user_filter (class=org.apache.hadoop.http.lib.StaticUserWebFilter$StaticUserFilter) to context static
2019-09-12 10:32:49,605 [main] INFO  server.StorageContainerManager (StorageContainerManager.java:start(759)) - StorageContainerLocationProtocol RPC server is listening at /0.0.0.0:44750
2019-09-12 10:32:49,666 [main] WARN  impl.MetricsConfig (MetricsConfig.java:loadFirst(134)) - Cannot locate configuration: tried hadoop-metrics2-storagecontainermanager.properties,hadoop-metrics2.properties
2019-09-12 10:32:49,678 [main] INFO  impl.MetricsSystemImpl (MetricsSystemImpl.java:startTimer(374)) - Scheduled Metric snapshot period at 10 second(s).
2019-09-12 10:32:49,678 [main] INFO  impl.MetricsSystemImpl (MetricsSystemImpl.java:start(191)) - StorageContainerManager metrics system started
2019-09-12 10:32:49,911 [main] INFO  server.SCMClientProtocolServer (SCMClientProtocolServer.java:start(151)) - RPC server for Client  is listening at /0.0.0.0:44750
2019-09-12 10:32:49,911 [IPC Server Responder] INFO  ipc.Server (Server.java:run(1314)) - IPC Server Responder: starting
2019-09-12 10:32:49,911 [IPC Server listener on 44750] INFO  ipc.Server (Server.java:run(1153)) - IPC Server listener on 44750: starting
2019-09-12 10:32:49,914 [main] INFO  server.StorageContainerManager (StorageContainerManager.java:start(769)) - ScmBlockLocationProtocol RPC server is listening at /0.0.0.0:42511
2019-09-12 10:32:49,914 [main] INFO  server.SCMBlockProtocolServer (SCMBlockProtocolServer.java:start(140)) - RPC server for Block Protocol is listening at /0.0.0.0:42511
2019-09-12 10:32:49,915 [IPC Server Responder] INFO  ipc.Server (Server.java:run(1314)) - IPC Server Responder: starting
2019-09-12 10:32:49,915 [IPC Server listener on 42511] INFO  ipc.Server (Server.java:run(1153)) - IPC Server listener on 42511: starting
2019-09-12 10:32:49,917 [main] INFO  server.StorageContainerManager (StorageContainerManager.java:start(773)) - ScmDatanodeProtocl RPC server is listening at /0.0.0.0:38814
2019-09-12 10:32:49,918 [main] INFO  server.SCMDatanodeProtocolServer (SCMDatanodeProtocolServer.java:start(191)) - RPC server for DataNodes is listening at /0.0.0.0:38814
2019-09-12 10:32:49,918 [IPC Server Responder] INFO  ipc.Server (Server.java:run(1314)) - IPC Server Responder: starting
2019-09-12 10:32:49,918 [IPC Server listener on 38814] INFO  ipc.Server (Server.java:run(1153)) - IPC Server listener on 38814: starting
2019-09-12 10:32:49,922 [main] INFO  http.HttpServer2 (HttpServer2.java:bindListener(1191)) - Jetty bound to port 33864
2019-09-12 10:32:49,924 [main] INFO  server.Server (Server.java:doStart(351)) - jetty-9.3.24.v20180605, build timestamp: 2018-06-05T17:11:56Z, git hash: 84205aa28f11a4f31f2a3b86d1bba2cc8ab69827
2019-09-12 10:32:49,963 [main] INFO  handler.ContextHandler (ContextHandler.java:doStart(781)) - Started o.e.j.s.ServletContextHandler@c5ee75e{/logs,file:///workdir/hadoop-ozone/integration-test/target/log,AVAILABLE}
2019-09-12 10:32:49,964 [main] INFO  handler.ContextHandler (ContextHandler.java:doStart(781)) - Started o.e.j.s.ServletContextHandler@bf1ec20{/static,file:///workdir/hadoop-ozone/integration-test/target/test-classes/webapps/static,AVAILABLE}
2019-09-12 10:32:49,999 [main] INFO  handler.ContextHandler (ContextHandler.java:doStart(781)) - Started o.e.j.w.WebAppContext@2ca65ce4{/,file:///workdir/hadoop-ozone/integration-test/target/test-classes/webapps/scm/,AVAILABLE}{/scm}
2019-09-12 10:32:50,005 [main] INFO  server.AbstractConnector (AbstractConnector.java:doStart(278)) - Started ServerConnector@6bc28a83{HTTP/1.1,[http/1.1]}{0.0.0.0:33864}
2019-09-12 10:32:50,005 [main] INFO  server.Server (Server.java:doStart(419)) - Started @3188ms
2019-09-12 10:32:50,007 [main] INFO  server.BaseHttpServer (BaseHttpServer.java:updateConnectorAddress(213)) - HTTP server of SCM is listening at http://0.0.0.0:33864
2019-09-12 10:32:50,013 [org.apache.hadoop.util.JvmPauseMonitor$Monitor@62da83ed] INFO  util.JvmPauseMonitor (JvmPauseMonitor.java:run(188)) - Starting JVM pause monitor
2019-09-12 10:32:50,015 [main] WARN  server.ServerUtils (ServerUtils.java:getDBPath(222)) - ozone.om.db.dirs is not configured. We recommend adding this setting. Falling back to ozone.metadata.dirs instead.
2019-09-12 10:32:50,118 [main] WARN  server.ServerUtils (ServerUtils.java:getDBPath(222)) - ozone.om.db.dirs is not configured. We recommend adding this setting. Falling back to ozone.metadata.dirs instead.
2019-09-12 10:32:50,118 [main] WARN  server.ServerUtils (ServerUtils.java:getDBPath(222)) - ozone.om.db.dirs is not configured. We recommend adding this setting. Falling back to ozone.metadata.dirs instead.
2019-09-12 10:32:50,119 [main] INFO  om.OzoneManager (OzoneManager.java:setOMNodeDetails(645)) - OM Service ID is not set. Setting it to the default ID: omServiceIdDefault
2019-09-12 10:32:50,119 [main] INFO  om.OzoneManager (OzoneManager.java:setOMNodeDetails(651)) - OM Node ID is not set. Setting it to the OmStorage's OmID: 6fae413d-4caf-40e7-ac27-d3db679d6f35
2019-09-12 10:32:50,121 [main] INFO  om.OzoneManager (OzoneManager.java:loadOMHAConfigs(602)) - Found matching OM address with OMServiceId: null, OMNodeId: null, RPC Address: localhost:0 and Ratis port: 9872
2019-09-12 10:32:50,350 | INFO  | SCMAudit | user=jenkins1000 | ip=192.168.157.195 | op=GET_SCM_INFO null | ret=SUCCESS |  
2019-09-12 10:32:50,749 [main] WARN  server.ServerUtils (ServerUtils.java:getDBPath(222)) - ozone.om.db.dirs is not configured. We recommend adding this setting. Falling back to ozone.metadata.dirs instead.
2019-09-12 10:32:50,755 [main] INFO  db.DBStoreBuilder (DBStoreBuilder.java:addTable(110)) - using custom profile for table: userTable
2019-09-12 10:32:50,755 [main] INFO  db.DBStoreBuilder (DBStoreBuilder.java:processTables(161)) - Using default column profile:DBProfile.DISK for Table:userTable
2019-09-12 10:32:50,755 [main] INFO  db.DBStoreBuilder (DBStoreBuilder.java:addTable(110)) - using custom profile for table: volumeTable
2019-09-12 10:32:50,756 [main] INFO  db.DBStoreBuilder (DBStoreBuilder.java:processTables(161)) - Using default column profile:DBProfile.DISK for Table:volumeTable
2019-09-12 10:32:50,756 [main] INFO  db.DBStoreBuilder (DBStoreBuilder.java:addTable(110)) - using custom profile for table: bucketTable
2019-09-12 10:32:50,756 [main] INFO  db.DBStoreBuilder (DBStoreBuilder.java:processTables(161)) - Using default column profile:DBProfile.DISK for Table:bucketTable
2019-09-12 10:32:50,756 [main] INFO  db.DBStoreBuilder (DBStoreBuilder.java:addTable(110)) - using custom profile for table: keyTable
2019-09-12 10:32:50,757 [main] INFO  db.DBStoreBuilder (DBStoreBuilder.java:processTables(161)) - Using default column profile:DBProfile.DISK for Table:keyTable
2019-09-12 10:32:50,757 [main] INFO  db.DBStoreBuilder (DBStoreBuilder.java:addTable(110)) - using custom profile for table: deletedTable
2019-09-12 10:32:50,757 [main] INFO  db.DBStoreBuilder (DBStoreBuilder.java:processTables(161)) - Using default column profile:DBProfile.DISK for Table:deletedTable
2019-09-12 10:32:50,757 [main] INFO  db.DBStoreBuilder (DBStoreBuilder.java:addTable(110)) - using custom profile for table: openKeyTable
2019-09-12 10:32:50,757 [main] INFO  db.DBStoreBuilder (DBStoreBuilder.java:processTables(161)) - Using default column profile:DBProfile.DISK for Table:openKeyTable
2019-09-12 10:32:50,758 [main] INFO  db.DBStoreBuilder (DBStoreBuilder.java:addTable(110)) - using custom profile for table: s3Table
2019-09-12 10:32:50,758 [main] INFO  db.DBStoreBuilder (DBStoreBuilder.java:processTables(161)) - Using default column profile:DBProfile.DISK for Table:s3Table
2019-09-12 10:32:50,758 [main] INFO  db.DBStoreBuilder (DBStoreBuilder.java:addTable(110)) - using custom profile for table: multipartInfoTable
2019-09-12 10:32:50,758 [main] INFO  db.DBStoreBuilder (DBStoreBuilder.java:processTables(161)) - Using default column profile:DBProfile.DISK for Table:multipartInfoTable
2019-09-12 10:32:50,759 [main] INFO  db.DBStoreBuilder (DBStoreBuilder.java:addTable(110)) - using custom profile for table: dTokenTable
2019-09-12 10:32:50,759 [main] INFO  db.DBStoreBuilder (DBStoreBuilder.java:processTables(161)) - Using default column profile:DBProfile.DISK for Table:dTokenTable
2019-09-12 10:32:50,759 [main] INFO  db.DBStoreBuilder (DBStoreBuilder.java:addTable(110)) - using custom profile for table: s3SecretTable
2019-09-12 10:32:50,759 [main] INFO  db.DBStoreBuilder (DBStoreBuilder.java:processTables(161)) - Using default column profile:DBProfile.DISK for Table:s3SecretTable
2019-09-12 10:32:50,760 [main] INFO  db.DBStoreBuilder (DBStoreBuilder.java:addTable(110)) - using custom profile for table: prefixTable
2019-09-12 10:32:50,760 [main] INFO  db.DBStoreBuilder (DBStoreBuilder.java:processTables(161)) - Using default column profile:DBProfile.DISK for Table:prefixTable
2019-09-12 10:32:50,760 [main] INFO  db.DBStoreBuilder (DBStoreBuilder.java:addTable(110)) - using custom profile for table: default
2019-09-12 10:32:50,760 [main] INFO  db.DBStoreBuilder (DBStoreBuilder.java:processTables(167)) - Using default column profile:DBProfile.DISK for Table:default
2019-09-12 10:32:50,760 [main] INFO  db.DBStoreBuilder (DBStoreBuilder.java:getDbProfile(198)) - Using default options. DBProfile.DISK
2019-09-12 10:32:51,436 [main] INFO  ipc.CallQueueManager (CallQueueManager.java:<init>(84)) - Using callQueue: class java.util.concurrent.LinkedBlockingQueue, queueCapacity: 2000, scheduler: class org.apache.hadoop.ipc.DefaultRpcScheduler, ipcBackoff: false.
2019-09-12 10:32:51,438 [Socket Reader #1 for port 40147] INFO  ipc.Server (Server.java:run(1074)) - Starting Socket Reader #1 for port 40147
2019-09-12 10:32:51,468 [main] INFO  om.OzoneManager (OzoneManager.java:start(1256)) - OzoneManager RPC server is listening at localhost/127.0.0.1:40147
2019-09-12 10:32:51,468 [main] INFO  impl.MetricsSystemImpl (MetricsSystemImpl.java:init(158)) - OzoneManager metrics system started (again)
2019-09-12 10:32:51,470 [IPC Server Responder] INFO  ipc.Server (Server.java:run(1314)) - IPC Server Responder: starting
2019-09-12 10:32:51,470 [IPC Server listener on 40147] INFO  ipc.Server (Server.java:run(1153)) - IPC Server listener on 40147: starting
2019-09-12 10:32:51,479 [main] INFO  hdfs.DFSUtil (DFSUtil.java:httpServerTemplateForNNAndJN(1641)) - Starting Web-server for ozoneManager at: http://0.0.0.0:0
2019-09-12 10:32:51,671 [main] INFO  server.AuthenticationFilter (AuthenticationFilter.java:constructSecretProvider(240)) - Unable to initialize FileSignerSecretProvider, falling back to use random secrets.
2019-09-12 10:32:51,672 [main] WARN  http.HttpRequestLog (HttpRequestLog.java:getRequestLog(97)) - Jetty request log can only be enabled using Log4j
2019-09-12 10:32:51,677 [main] INFO  http.HttpServer2 (HttpServer2.java:addGlobalFilter(975)) - Added global filter 'safety' (class=org.apache.hadoop.http.HttpServer2$QuotingInputFilter)
2019-09-12 10:32:51,683 [main] INFO  http.HttpServer2 (HttpServer2.java:addFilter(948)) - Added filter static_user_filter (class=org.apache.hadoop.http.lib.StaticUserWebFilter$StaticUserFilter) to context ozoneManager
2019-09-12 10:32:51,683 [main] INFO  http.HttpServer2 (HttpServer2.java:addFilter(958)) - Added filter static_user_filter (class=org.apache.hadoop.http.lib.StaticUserWebFilter$StaticUserFilter) to context static
2019-09-12 10:32:51,683 [main] INFO  http.HttpServer2 (HttpServer2.java:addFilter(958)) - Added filter static_user_filter (class=org.apache.hadoop.http.lib.StaticUserWebFilter$StaticUserFilter) to context logs
2019-09-12 10:32:51,687 [main] INFO  http.HttpServer2 (HttpServer2.java:bindListener(1191)) - Jetty bound to port 38843
2019-09-12 10:32:51,687 [main] INFO  server.Server (Server.java:doStart(351)) - jetty-9.3.24.v20180605, build timestamp: 2018-06-05T17:11:56Z, git hash: 84205aa28f11a4f31f2a3b86d1bba2cc8ab69827
2019-09-12 10:32:51,690 [main] INFO  handler.ContextHandler (ContextHandler.java:doStart(781)) - Started o.e.j.s.ServletContextHandler@73ba6fe6{/logs,file:///workdir/hadoop-ozone/integration-test/target/log,AVAILABLE}
2019-09-12 10:32:51,691 [main] INFO  handler.ContextHandler (ContextHandler.java:doStart(781)) - Started o.e.j.s.ServletContextHandler@1698d7c0{/static,file:///workdir/hadoop-ozone/integration-test/target/test-classes/webapps/static,AVAILABLE}
2019-09-12 10:32:51,699 [main] INFO  handler.ContextHandler (ContextHandler.java:doStart(781)) - Started o.e.j.w.WebAppContext@1f1cae23{/,file:///workdir/hadoop-ozone/integration-test/target/test-classes/webapps/ozoneManager/,AVAILABLE}{/ozoneManager}
2019-09-12 10:32:51,701 [main] INFO  server.AbstractConnector (AbstractConnector.java:doStart(278)) - Started ServerConnector@7c455e96{HTTP/1.1,[http/1.1]}{0.0.0.0:38843}
2019-09-12 10:32:51,702 [main] INFO  server.Server (Server.java:doStart(419)) - Started @4885ms
2019-09-12 10:32:51,703 [main] INFO  server.BaseHttpServer (BaseHttpServer.java:updateConnectorAddress(213)) - HTTP server of OZONEMANAGER is listening at http://0.0.0.0:38843
2019-09-12 10:32:51,873 [main] INFO  impl.MetricsSystemImpl (MetricsSystemImpl.java:init(158)) - HddsDatanode metrics system started (again)
2019-09-12 10:32:51,965 [main] INFO  ozone.HddsDatanodeService (HddsDatanodeService.java:start(184)) - HddsDatanodeService host:pr-hdds-1569-xtfnx-3545843844 ip:192.168.157.195
2019-09-12 10:32:51,996 [main] INFO  volume.HddsVolume (HddsVolume.java:<init>(176)) - Creating Volume: /workdir/hadoop-ozone/integration-test/target/test-dir/MiniOzoneClusterImpl-5ecceb84-7f52-4627-9972-1a459b519b1f/datanode-0/data/containers/hdds of  storage type : DISK and capacity : 1482555576320
2019-09-12 10:32:51,998 [main] INFO  volume.VolumeSet (VolumeSet.java:initializeVolumeSet(170)) - Added Volume : /workdir/hadoop-ozone/integration-test/target/test-dir/MiniOzoneClusterImpl-5ecceb84-7f52-4627-9972-1a459b519b1f/datanode-0/data/containers/hdds to VolumeSet
2019-09-12 10:32:52,001 [main] INFO  volume.ThrottledAsyncChecker (ThrottledAsyncChecker.java:schedule(140)) - Scheduling a check for org.apache.hadoop.ozone.container.common.volume.HddsVolume@55ec556
2019-09-12 10:32:52,018 [main] INFO  volume.HddsVolumeChecker (HddsVolumeChecker.java:checkAllVolumes(203)) - Scheduled health check for volume org.apache.hadoop.ozone.container.common.volume.HddsVolume@55ec556
2019-09-12 10:32:52,121 [main] INFO  impl.RaftServerProxy (ConfUtils.java:logGet(43)) - raft.rpc.type = GRPC (default)
2019-09-12 10:32:52,188 [main] INFO  grpc.GrpcFactory (GrpcFactory.java:checkPooledByteBufAllocatorUseCacheForAllThreads(45)) - PERFORMANCE WARNING: useCacheForAllThreads is true that may cause Netty to create a lot garbage objects and, as a result, trigger GC.
	It is recommended to disable useCacheForAllThreads by setting -Dorg.apache.ratis.thirdparty.io.netty.allocator.useCacheForAllThreads=false in command line.
2019-09-12 10:32:52,192 [main] INFO  grpc.GrpcConfigKeys$Server (ConfUtils.java:logGet(43)) - raft.grpc.server.port = 0 (default)
2019-09-12 10:32:52,193 [main] INFO  server.GrpcService (ConfUtils.java:logGet(43)) - raft.grpc.message.size.max = 33570816 (custom)
2019-09-12 10:32:52,195 [main] INFO  server.RaftServerConfigKeys (ConfUtils.java:logGet(43)) - raft.server.log.appender.buffer.byte-limit = 33554432 (custom)
2019-09-12 10:32:52,196 [main] INFO  server.GrpcService (ConfUtils.java:logGet(43)) - raft.grpc.flow.control.window = 1MB (=1048576) (default)
2019-09-12 10:32:52,196 [main] INFO  server.RaftServerConfigKeys (ConfUtils.java:logGet(43)) - raft.server.rpc.request.timeout = 3000ms (default)
2019-09-12 10:32:52,357 [main] INFO  server.RaftServerConfigKeys (ConfUtils.java:logGet(43)) - raft.server.storage.dir = [/workdir/hadoop-ozone/integration-test/target/test-dir/MiniOzoneClusterImpl-5ecceb84-7f52-4627-9972-1a459b519b1f/datanode-0/data/ratis] (custom)
2019-09-12 10:32:52,394 [main] INFO  replication.SimpleContainerDownloader (SimpleContainerDownloader.java:<init>(72)) - Starting container downloader service to copy containers to replicate.
2019-09-12 10:32:52,408 [main] INFO  hdfs.DFSUtil (DFSUtil.java:httpServerTemplateForNNAndJN(1641)) - Starting Web-server for hddsDatanode at: http://0.0.0.0:0
2019-09-12 10:32:52,409 [main] INFO  server.AuthenticationFilter (AuthenticationFilter.java:constructSecretProvider(240)) - Unable to initialize FileSignerSecretProvider, falling back to use random secrets.
2019-09-12 10:32:52,410 [main] WARN  http.HttpRequestLog (HttpRequestLog.java:getRequestLog(97)) - Jetty request log can only be enabled using Log4j
2019-09-12 10:32:52,412 [main] INFO  http.HttpServer2 (HttpServer2.java:addGlobalFilter(975)) - Added global filter 'safety' (class=org.apache.hadoop.http.HttpServer2$QuotingInputFilter)
2019-09-12 10:32:52,413 [main] INFO  http.HttpServer2 (HttpServer2.java:addFilter(948)) - Added filter static_user_filter (class=org.apache.hadoop.http.lib.StaticUserWebFilter$StaticUserFilter) to context hddsDatanode
2019-09-12 10:32:52,413 [main] INFO  http.HttpServer2 (HttpServer2.java:addFilter(958)) - Added filter static_user_filter (class=org.apache.hadoop.http.lib.StaticUserWebFilter$StaticUserFilter) to context static
2019-09-12 10:32:52,413 [main] INFO  http.HttpServer2 (HttpServer2.java:addFilter(958)) - Added filter static_user_filter (class=org.apache.hadoop.http.lib.StaticUserWebFilter$StaticUserFilter) to context logs
2019-09-12 10:32:52,414 [main] INFO  http.HttpServer2 (HttpServer2.java:bindListener(1191)) - Jetty bound to port 37094
2019-09-12 10:32:52,414 [main] INFO  server.Server (Server.java:doStart(351)) - jetty-9.3.24.v20180605, build timestamp: 2018-06-05T17:11:56Z, git hash: 84205aa28f11a4f31f2a3b86d1bba2cc8ab69827
2019-09-12 10:32:52,416 [main] INFO  handler.ContextHandler (ContextHandler.java:doStart(781)) - Started o.e.j.s.ServletContextHandler@60c8a093{/logs,file:///workdir/hadoop-ozone/integration-test/target/log,AVAILABLE}
2019-09-12 10:32:52,417 [main] INFO  handler.ContextHandler (ContextHandler.java:doStart(781)) - Started o.e.j.s.ServletContextHandler@2a369e14{/static,jar:file:/home/user/.m2/repository/org/apache/hadoop/hadoop-hdds-container-service/0.5.0-SNAPSHOT/hadoop-hdds-container-service-0.5.0-SNAPSHOT.jar!/webapps/static,AVAILABLE}
2019-09-12 10:32:52,449 [main] INFO  handler.ContextHandler (ContextHandler.java:doStart(781)) - Started o.e.j.w.WebAppContext@56637cff{/,file:///tmp/jetty-0.0.0.0-37094-hddsDatanode-_-any-1254365385669000882.dir/webapp/,AVAILABLE}{/hddsDatanode}
2019-09-12 10:32:52,450 [main] INFO  server.AbstractConnector (AbstractConnector.java:doStart(278)) - Started ServerConnector@2938127d{HTTP/1.1,[http/1.1]}{0.0.0.0:37094}
2019-09-12 10:32:52,451 [main] INFO  server.Server (Server.java:doStart(419)) - Started @5634ms
2019-09-12 10:32:52,453 [main] INFO  server.BaseHttpServer (BaseHttpServer.java:updateConnectorAddress(213)) - HTTP server of HDDSDATANODE is listening at http://0.0.0.0:37094
2019-09-12 10:32:53,336 | INFO  | ObjectStoreRestHttpServer | Listening HDDS REST traffic on /0.0.0.0:34879 |  
2019-09-12 10:32:53,337 [main] INFO  ozone.HddsDatanodeService (HddsDatanodeService.java:startPlugins(395)) - Started plug-in org.apache.hadoop.ozone.web.OzoneHddsDatanodeService@798cb6d9
2019-09-12 10:32:53,338 [main] INFO  impl.MetricsSystemImpl (MetricsSystemImpl.java:init(158)) - HddsDatanode metrics system started (again)
2019-09-12 10:32:53,341 [main] INFO  ozone.HddsDatanodeService (HddsDatanodeService.java:start(184)) - HddsDatanodeService host:pr-hdds-1569-xtfnx-3545843844 ip:192.168.157.195
2019-09-12 10:32:53,346 [org.apache.hadoop.util.JvmPauseMonitor$Monitor@293870e4] INFO  util.JvmPauseMonitor (JvmPauseMonitor.java:run(188)) - Starting JVM pause monitor
2019-09-12 10:32:53,350 [main] INFO  volume.HddsVolume (HddsVolume.java:<init>(176)) - Creating Volume: /workdir/hadoop-ozone/integration-test/target/test-dir/MiniOzoneClusterImpl-5ecceb84-7f52-4627-9972-1a459b519b1f/datanode-1/data/containers/hdds of  storage type : DISK and capacity : 1482555576320
2019-09-12 10:32:53,351 [main] INFO  volume.VolumeSet (VolumeSet.java:initializeVolumeSet(170)) - Added Volume : /workdir/hadoop-ozone/integration-test/target/test-dir/MiniOzoneClusterImpl-5ecceb84-7f52-4627-9972-1a459b519b1f/datanode-1/data/containers/hdds to VolumeSet
2019-09-12 10:32:53,351 [main] INFO  volume.ThrottledAsyncChecker (ThrottledAsyncChecker.java:schedule(140)) - Scheduling a check for org.apache.hadoop.ozone.container.common.volume.HddsVolume@3d3a1903
2019-09-12 10:32:53,353 [main] INFO  volume.HddsVolumeChecker (HddsVolumeChecker.java:checkAllVolumes(203)) - Scheduled health check for volume org.apache.hadoop.ozone.container.common.volume.HddsVolume@3d3a1903
2019-09-12 10:32:53,371 [main] INFO  impl.RaftServerProxy (ConfUtils.java:logGet(43)) - raft.rpc.type = GRPC (default)
2019-09-12 10:32:53,372 [main] INFO  grpc.GrpcFactory (GrpcFactory.java:checkPooledByteBufAllocatorUseCacheForAllThreads(45)) - PERFORMANCE WARNING: useCacheForAllThreads is true that may cause Netty to create a lot garbage objects and, as a result, trigger GC.
	It is recommended to disable useCacheForAllThreads by setting -Dorg.apache.ratis.thirdparty.io.netty.allocator.useCacheForAllThreads=false in command line.
2019-09-12 10:32:53,372 [main] INFO  grpc.GrpcConfigKeys$Server (ConfUtils.java:logGet(43)) - raft.grpc.server.port = 0 (default)
2019-09-12 10:32:53,372 [main] INFO  server.GrpcService (ConfUtils.java:logGet(43)) - raft.grpc.message.size.max = 33570816 (custom)
2019-09-12 10:32:53,372 [main] INFO  server.RaftServerConfigKeys (ConfUtils.java:logGet(43)) - raft.server.log.appender.buffer.byte-limit = 33554432 (custom)
2019-09-12 10:32:53,373 [main] INFO  server.GrpcService (ConfUtils.java:logGet(43)) - raft.grpc.flow.control.window = 1MB (=1048576) (default)
2019-09-12 10:32:53,373 [main] INFO  server.RaftServerConfigKeys (ConfUtils.java:logGet(43)) - raft.server.rpc.request.timeout = 3000ms (default)
2019-09-12 10:32:53,373 [main] INFO  server.RaftServerConfigKeys (ConfUtils.java:logGet(43)) - raft.server.storage.dir = [/workdir/hadoop-ozone/integration-test/target/test-dir/MiniOzoneClusterImpl-5ecceb84-7f52-4627-9972-1a459b519b1f/datanode-1/data/ratis] (custom)
2019-09-12 10:32:53,374 [main] INFO  replication.SimpleContainerDownloader (SimpleContainerDownloader.java:<init>(72)) - Starting container downloader service to copy containers to replicate.
2019-09-12 10:32:53,375 [main] INFO  hdfs.DFSUtil (DFSUtil.java:httpServerTemplateForNNAndJN(1641)) - Starting Web-server for hddsDatanode at: http://0.0.0.0:0
2019-09-12 10:32:53,376 [main] INFO  server.AuthenticationFilter (AuthenticationFilter.java:constructSecretProvider(240)) - Unable to initialize FileSignerSecretProvider, falling back to use random secrets.
2019-09-12 10:32:53,377 [main] WARN  http.HttpRequestLog (HttpRequestLog.java:getRequestLog(97)) - Jetty request log can only be enabled using Log4j
2019-09-12 10:32:53,378 [main] INFO  http.HttpServer2 (HttpServer2.java:addGlobalFilter(975)) - Added global filter 'safety' (class=org.apache.hadoop.http.HttpServer2$QuotingInputFilter)
2019-09-12 10:32:53,379 [main] INFO  http.HttpServer2 (HttpServer2.java:addFilter(948)) - Added filter static_user_filter (class=org.apache.hadoop.http.lib.StaticUserWebFilter$StaticUserFilter) to context hddsDatanode
2019-09-12 10:32:53,379 [main] INFO  http.HttpServer2 (HttpServer2.java:addFilter(958)) - Added filter static_user_filter (class=org.apache.hadoop.http.lib.StaticUserWebFilter$StaticUserFilter) to context logs
2019-09-12 10:32:53,379 [main] INFO  http.HttpServer2 (HttpServer2.java:addFilter(958)) - Added filter static_user_filter (class=org.apache.hadoop.http.lib.StaticUserWebFilter$StaticUserFilter) to context static
2019-09-12 10:32:53,380 [main] INFO  http.HttpServer2 (HttpServer2.java:bindListener(1191)) - Jetty bound to port 37415
2019-09-12 10:32:53,380 [main] INFO  server.Server (Server.java:doStart(351)) - jetty-9.3.24.v20180605, build timestamp: 2018-06-05T17:11:56Z, git hash: 84205aa28f11a4f31f2a3b86d1bba2cc8ab69827
2019-09-12 10:32:53,384 [main] INFO  handler.ContextHandler (ContextHandler.java:doStart(781)) - Started o.e.j.s.ServletContextHandler@68af87ad{/logs,file:///workdir/hadoop-ozone/integration-test/target/log,AVAILABLE}
2019-09-12 10:32:53,384 [main] INFO  handler.ContextHandler (ContextHandler.java:doStart(781)) - Started o.e.j.s.ServletContextHandler@9cfc77{/static,jar:file:/home/user/.m2/repository/org/apache/hadoop/hadoop-hdds-container-service/0.5.0-SNAPSHOT/hadoop-hdds-container-service-0.5.0-SNAPSHOT.jar!/webapps/static,AVAILABLE}
2019-09-12 10:32:53,410 [main] INFO  handler.ContextHandler (ContextHandler.java:doStart(781)) - Started o.e.j.w.WebAppContext@5234b61a{/,file:///tmp/jetty-0.0.0.0-37415-hddsDatanode-_-any-3334494956958858410.dir/webapp/,AVAILABLE}{/hddsDatanode}
2019-09-12 10:32:53,410 [main] INFO  server.AbstractConnector (AbstractConnector.java:doStart(278)) - Started ServerConnector@22a260ff{HTTP/1.1,[http/1.1]}{0.0.0.0:37415}
2019-09-12 10:32:53,411 [main] INFO  server.Server (Server.java:doStart(419)) - Started @6594ms
2019-09-12 10:32:53,412 [main] INFO  server.BaseHttpServer (BaseHttpServer.java:updateConnectorAddress(213)) - HTTP server of HDDSDATANODE is listening at http://0.0.0.0:37415
2019-09-12 10:32:53,484 [Datanode State Machine Thread - 0] INFO  datanode.InitDatanodeState (InitDatanodeState.java:persistContainerDatanodeDetails(140)) - DatanodeDetails is persisted to /workdir/hadoop-ozone/integration-test/target/test-dir/MiniOzoneClusterImpl-5ecceb84-7f52-4627-9972-1a459b519b1f/datanode-0/meta/datanode.id
2019-09-12 10:32:53,548 | INFO  | ObjectStoreRestHttpServer | Listening HDDS REST traffic on /0.0.0.0:38866 |  
2019-09-12 10:32:53,548 [main] INFO  ozone.HddsDatanodeService (HddsDatanodeService.java:startPlugins(395)) - Started plug-in org.apache.hadoop.ozone.web.OzoneHddsDatanodeService@5d1d9d73
2019-09-12 10:32:53,548 [main] INFO  impl.MetricsSystemImpl (MetricsSystemImpl.java:init(158)) - HddsDatanode metrics system started (again)
2019-09-12 10:32:53,551 [main] INFO  ozone.HddsDatanodeService (HddsDatanodeService.java:start(184)) - HddsDatanodeService host:pr-hdds-1569-xtfnx-3545843844 ip:192.168.157.195
2019-09-12 10:32:53,552 [org.apache.hadoop.util.JvmPauseMonitor$Monitor@46ee0d98] INFO  util.JvmPauseMonitor (JvmPauseMonitor.java:run(188)) - Starting JVM pause monitor
2019-09-12 10:32:53,561 [main] INFO  volume.HddsVolume (HddsVolume.java:<init>(176)) - Creating Volume: /workdir/hadoop-ozone/integration-test/target/test-dir/MiniOzoneClusterImpl-5ecceb84-7f52-4627-9972-1a459b519b1f/datanode-2/data/containers/hdds of  storage type : DISK and capacity : 1482555576320
2019-09-12 10:32:53,562 [main] INFO  volume.VolumeSet (VolumeSet.java:initializeVolumeSet(170)) - Added Volume : /workdir/hadoop-ozone/integration-test/target/test-dir/MiniOzoneClusterImpl-5ecceb84-7f52-4627-9972-1a459b519b1f/datanode-2/data/containers/hdds to VolumeSet
2019-09-12 10:32:53,562 [main] INFO  volume.ThrottledAsyncChecker (ThrottledAsyncChecker.java:schedule(140)) - Scheduling a check for org.apache.hadoop.ozone.container.common.volume.HddsVolume@6dcab9d9
2019-09-12 10:32:53,562 [Datanode State Machine Thread - 0] INFO  datanode.InitDatanodeState (InitDatanodeState.java:persistContainerDatanodeDetails(140)) - DatanodeDetails is persisted to /workdir/hadoop-ozone/integration-test/target/test-dir/MiniOzoneClusterImpl-5ecceb84-7f52-4627-9972-1a459b519b1f/datanode-1/meta/datanode.id
2019-09-12 10:32:53,563 [main] INFO  volume.HddsVolumeChecker (HddsVolumeChecker.java:checkAllVolumes(203)) - Scheduled health check for volume org.apache.hadoop.ozone.container.common.volume.HddsVolume@6dcab9d9
2019-09-12 10:32:53,578 [main] INFO  impl.RaftServerProxy (ConfUtils.java:logGet(43)) - raft.rpc.type = GRPC (default)
2019-09-12 10:32:53,578 [main] INFO  grpc.GrpcFactory (GrpcFactory.java:checkPooledByteBufAllocatorUseCacheForAllThreads(45)) - PERFORMANCE WARNING: useCacheForAllThreads is true that may cause Netty to create a lot garbage objects and, as a result, trigger GC.
	It is recommended to disable useCacheForAllThreads by setting -Dorg.apache.ratis.thirdparty.io.netty.allocator.useCacheForAllThreads=false in command line.
2019-09-12 10:32:53,578 [main] INFO  grpc.GrpcConfigKeys$Server (ConfUtils.java:logGet(43)) - raft.grpc.server.port = 0 (default)
2019-09-12 10:32:53,578 [main] INFO  server.GrpcService (ConfUtils.java:logGet(43)) - raft.grpc.message.size.max = 33570816 (custom)
2019-09-12 10:32:53,579 [main] INFO  server.RaftServerConfigKeys (ConfUtils.java:logGet(43)) - raft.server.log.appender.buffer.byte-limit = 33554432 (custom)
2019-09-12 10:32:53,579 [main] INFO  server.GrpcService (ConfUtils.java:logGet(43)) - raft.grpc.flow.control.window = 1MB (=1048576) (default)
2019-09-12 10:32:53,579 [main] INFO  server.RaftServerConfigKeys (ConfUtils.java:logGet(43)) - raft.server.rpc.request.timeout = 3000ms (default)
2019-09-12 10:32:53,580 [main] INFO  server.RaftServerConfigKeys (ConfUtils.java:logGet(43)) - raft.server.storage.dir = [/workdir/hadoop-ozone/integration-test/target/test-dir/MiniOzoneClusterImpl-5ecceb84-7f52-4627-9972-1a459b519b1f/datanode-2/data/ratis] (custom)
2019-09-12 10:32:53,580 [main] INFO  replication.SimpleContainerDownloader (SimpleContainerDownloader.java:<init>(72)) - Starting container downloader service to copy containers to replicate.
2019-09-12 10:32:53,582 [main] INFO  hdfs.DFSUtil (DFSUtil.java:httpServerTemplateForNNAndJN(1641)) - Starting Web-server for hddsDatanode at: http://0.0.0.0:0
2019-09-12 10:32:53,583 [main] INFO  server.AuthenticationFilter (AuthenticationFilter.java:constructSecretProvider(240)) - Unable to initialize FileSignerSecretProvider, falling back to use random secrets.
2019-09-12 10:32:53,583 [main] WARN  http.HttpRequestLog (HttpRequestLog.java:getRequestLog(97)) - Jetty request log can only be enabled using Log4j
2019-09-12 10:32:53,585 [main] INFO  http.HttpServer2 (HttpServer2.java:addGlobalFilter(975)) - Added global filter 'safety' (class=org.apache.hadoop.http.HttpServer2$QuotingInputFilter)
2019-09-12 10:32:53,585 [main] INFO  http.HttpServer2 (HttpServer2.java:addFilter(948)) - Added filter static_user_filter (class=org.apache.hadoop.http.lib.StaticUserWebFilter$StaticUserFilter) to context hddsDatanode
2019-09-12 10:32:53,585 [main] INFO  http.HttpServer2 (HttpServer2.java:addFilter(958)) - Added filter static_user_filter (class=org.apache.hadoop.http.lib.StaticUserWebFilter$StaticUserFilter) to context static
2019-09-12 10:32:53,585 [main] INFO  http.HttpServer2 (HttpServer2.java:addFilter(958)) - Added filter static_user_filter (class=org.apache.hadoop.http.lib.StaticUserWebFilter$StaticUserFilter) to context logs
2019-09-12 10:32:53,586 [main] INFO  http.HttpServer2 (HttpServer2.java:bindListener(1191)) - Jetty bound to port 33614
2019-09-12 10:32:53,586 [main] INFO  server.Server (Server.java:doStart(351)) - jetty-9.3.24.v20180605, build timestamp: 2018-06-05T17:11:56Z, git hash: 84205aa28f11a4f31f2a3b86d1bba2cc8ab69827
2019-09-12 10:32:53,588 [main] INFO  handler.ContextHandler (ContextHandler.java:doStart(781)) - Started o.e.j.s.ServletContextHandler@17c0274c{/logs,file:///workdir/hadoop-ozone/integration-test/target/log,AVAILABLE}
2019-09-12 10:32:53,589 [main] INFO  handler.ContextHandler (ContextHandler.java:doStart(781)) - Started o.e.j.s.ServletContextHandler@5a05dd30{/static,jar:file:/home/user/.m2/repository/org/apache/hadoop/hadoop-hdds-container-service/0.5.0-SNAPSHOT/hadoop-hdds-container-service-0.5.0-SNAPSHOT.jar!/webapps/static,AVAILABLE}
2019-09-12 10:32:53,613 [main] INFO  handler.ContextHandler (ContextHandler.java:doStart(781)) - Started o.e.j.w.WebAppContext@5b1e88f{/,file:///tmp/jetty-0.0.0.0-33614-hddsDatanode-_-any-4962993692812991111.dir/webapp/,AVAILABLE}{/hddsDatanode}
2019-09-12 10:32:53,614 [main] INFO  server.AbstractConnector (AbstractConnector.java:doStart(278)) - Started ServerConnector@340cb97f{HTTP/1.1,[http/1.1]}{0.0.0.0:33614}
2019-09-12 10:32:53,615 [main] INFO  server.Server (Server.java:doStart(419)) - Started @6798ms
2019-09-12 10:32:53,617 [main] INFO  server.BaseHttpServer (BaseHttpServer.java:updateConnectorAddress(213)) - HTTP server of HDDSDATANODE is listening at http://0.0.0.0:33614
2019-09-12 10:32:53,736 | INFO  | ObjectStoreRestHttpServer | Listening HDDS REST traffic on /0.0.0.0:37932 |  
2019-09-12 10:32:53,736 [main] INFO  ozone.HddsDatanodeService (HddsDatanodeService.java:startPlugins(395)) - Started plug-in org.apache.hadoop.ozone.web.OzoneHddsDatanodeService@703fa45
2019-09-12 10:32:53,737 [main] INFO  impl.MetricsSystemImpl (MetricsSystemImpl.java:init(158)) - HddsDatanode metrics system started (again)
2019-09-12 10:32:53,740 [main] INFO  ozone.HddsDatanodeService (HddsDatanodeService.java:start(184)) - HddsDatanodeService host:pr-hdds-1569-xtfnx-3545843844 ip:192.168.157.195
2019-09-12 10:32:53,740 [org.apache.hadoop.util.JvmPauseMonitor$Monitor@1a45bbaf] INFO  util.JvmPauseMonitor (JvmPauseMonitor.java:run(188)) - Starting JVM pause monitor
2019-09-12 10:32:53,742 [Datanode State Machine Thread - 0] INFO  datanode.InitDatanodeState (InitDatanodeState.java:persistContainerDatanodeDetails(140)) - DatanodeDetails is persisted to /workdir/hadoop-ozone/integration-test/target/test-dir/MiniOzoneClusterImpl-5ecceb84-7f52-4627-9972-1a459b519b1f/datanode-2/meta/datanode.id
2019-09-12 10:32:53,748 [main] INFO  volume.HddsVolume (HddsVolume.java:<init>(176)) - Creating Volume: /workdir/hadoop-ozone/integration-test/target/test-dir/MiniOzoneClusterImpl-5ecceb84-7f52-4627-9972-1a459b519b1f/datanode-3/data/containers/hdds of  storage type : DISK and capacity : 1482555576320
2019-09-12 10:32:53,749 [main] INFO  volume.VolumeSet (VolumeSet.java:initializeVolumeSet(170)) - Added Volume : /workdir/hadoop-ozone/integration-test/target/test-dir/MiniOzoneClusterImpl-5ecceb84-7f52-4627-9972-1a459b519b1f/datanode-3/data/containers/hdds to VolumeSet
2019-09-12 10:32:53,749 [main] INFO  volume.ThrottledAsyncChecker (ThrottledAsyncChecker.java:schedule(140)) - Scheduling a check for org.apache.hadoop.ozone.container.common.volume.HddsVolume@7ac48e10
2019-09-12 10:32:53,749 [main] INFO  volume.HddsVolumeChecker (HddsVolumeChecker.java:checkAllVolumes(203)) - Scheduled health check for volume org.apache.hadoop.ozone.container.common.volume.HddsVolume@7ac48e10
2019-09-12 10:32:53,762 [main] INFO  impl.RaftServerProxy (ConfUtils.java:logGet(43)) - raft.rpc.type = GRPC (default)
2019-09-12 10:32:53,762 [main] INFO  grpc.GrpcFactory (GrpcFactory.java:checkPooledByteBufAllocatorUseCacheForAllThreads(45)) - PERFORMANCE WARNING: useCacheForAllThreads is true that may cause Netty to create a lot garbage objects and, as a result, trigger GC.
	It is recommended to disable useCacheForAllThreads by setting -Dorg.apache.ratis.thirdparty.io.netty.allocator.useCacheForAllThreads=false in command line.
2019-09-12 10:32:53,762 [main] INFO  grpc.GrpcConfigKeys$Server (ConfUtils.java:logGet(43)) - raft.grpc.server.port = 0 (default)
2019-09-12 10:32:53,763 [main] INFO  server.GrpcService (ConfUtils.java:logGet(43)) - raft.grpc.message.size.max = 33570816 (custom)
2019-09-12 10:32:53,763 [main] INFO  server.RaftServerConfigKeys (ConfUtils.java:logGet(43)) - raft.server.log.appender.buffer.byte-limit = 33554432 (custom)
2019-09-12 10:32:53,763 [main] INFO  server.GrpcService (ConfUtils.java:logGet(43)) - raft.grpc.flow.control.window = 1MB (=1048576) (default)
2019-09-12 10:32:53,763 [main] INFO  server.RaftServerConfigKeys (ConfUtils.java:logGet(43)) - raft.server.rpc.request.timeout = 3000ms (default)
2019-09-12 10:32:53,764 [main] INFO  server.RaftServerConfigKeys (ConfUtils.java:logGet(43)) - raft.server.storage.dir = [/workdir/hadoop-ozone/integration-test/target/test-dir/MiniOzoneClusterImpl-5ecceb84-7f52-4627-9972-1a459b519b1f/datanode-3/data/ratis] (custom)
2019-09-12 10:32:53,764 [main] INFO  replication.SimpleContainerDownloader (SimpleContainerDownloader.java:<init>(72)) - Starting container downloader service to copy containers to replicate.
2019-09-12 10:32:53,765 [main] INFO  hdfs.DFSUtil (DFSUtil.java:httpServerTemplateForNNAndJN(1641)) - Starting Web-server for hddsDatanode at: http://0.0.0.0:0
2019-09-12 10:32:53,766 [main] INFO  server.AuthenticationFilter (AuthenticationFilter.java:constructSecretProvider(240)) - Unable to initialize FileSignerSecretProvider, falling back to use random secrets.
2019-09-12 10:32:53,767 [main] WARN  http.HttpRequestLog (HttpRequestLog.java:getRequestLog(97)) - Jetty request log can only be enabled using Log4j
2019-09-12 10:32:53,768 [main] INFO  http.HttpServer2 (HttpServer2.java:addGlobalFilter(975)) - Added global filter 'safety' (class=org.apache.hadoop.http.HttpServer2$QuotingInputFilter)
2019-09-12 10:32:53,769 [main] INFO  http.HttpServer2 (HttpServer2.java:addFilter(948)) - Added filter static_user_filter (class=org.apache.hadoop.http.lib.StaticUserWebFilter$StaticUserFilter) to context hddsDatanode
2019-09-12 10:32:53,769 [main] INFO  http.HttpServer2 (HttpServer2.java:addFilter(958)) - Added filter static_user_filter (class=org.apache.hadoop.http.lib.StaticUserWebFilter$StaticUserFilter) to context static
2019-09-12 10:32:53,769 [main] INFO  http.HttpServer2 (HttpServer2.java:addFilter(958)) - Added filter static_user_filter (class=org.apache.hadoop.http.lib.StaticUserWebFilter$StaticUserFilter) to context logs
2019-09-12 10:32:53,770 [main] INFO  http.HttpServer2 (HttpServer2.java:bindListener(1191)) - Jetty bound to port 45533
2019-09-12 10:32:53,770 [main] INFO  server.Server (Server.java:doStart(351)) - jetty-9.3.24.v20180605, build timestamp: 2018-06-05T17:11:56Z, git hash: 84205aa28f11a4f31f2a3b86d1bba2cc8ab69827
2019-09-12 10:32:53,774 [main] INFO  handler.ContextHandler (ContextHandler.java:doStart(781)) - Started o.e.j.s.ServletContextHandler@2eb0cefe{/logs,file:///workdir/hadoop-ozone/integration-test/target/log,AVAILABLE}
2019-09-12 10:32:53,774 [main] INFO  handler.ContextHandler (ContextHandler.java:doStart(781)) - Started o.e.j.s.ServletContextHandler@2bec068b{/static,jar:file:/home/user/.m2/repository/org/apache/hadoop/hadoop-hdds-container-service/0.5.0-SNAPSHOT/hadoop-hdds-container-service-0.5.0-SNAPSHOT.jar!/webapps/static,AVAILABLE}
2019-09-12 10:32:53,798 [main] INFO  handler.ContextHandler (ContextHandler.java:doStart(781)) - Started o.e.j.w.WebAppContext@231b35fb{/,file:///tmp/jetty-0.0.0.0-45533-hddsDatanode-_-any-6063062069440581905.dir/webapp/,AVAILABLE}{/hddsDatanode}
2019-09-12 10:32:53,798 [main] INFO  server.AbstractConnector (AbstractConnector.java:doStart(278)) - Started ServerConnector@26da1ba2{HTTP/1.1,[http/1.1]}{0.0.0.0:45533}
2019-09-12 10:32:53,799 [main] INFO  server.Server (Server.java:doStart(419)) - Started @6983ms
2019-09-12 10:32:53,800 [main] INFO  server.BaseHttpServer (BaseHttpServer.java:updateConnectorAddress(213)) - HTTP server of HDDSDATANODE is listening at http://0.0.0.0:45533
2019-09-12 10:32:53,918 | INFO  | ObjectStoreRestHttpServer | Listening HDDS REST traffic on /0.0.0.0:44666 |  
2019-09-12 10:32:53,919 [main] INFO  ozone.HddsDatanodeService (HddsDatanodeService.java:startPlugins(395)) - Started plug-in org.apache.hadoop.ozone.web.OzoneHddsDatanodeService@72c4a3aa
2019-09-12 10:32:53,919 [main] INFO  impl.MetricsSystemImpl (MetricsSystemImpl.java:init(158)) - HddsDatanode metrics system started (again)
2019-09-12 10:32:53,923 [main] INFO  ozone.HddsDatanodeService (HddsDatanodeService.java:start(184)) - HddsDatanodeService host:pr-hdds-1569-xtfnx-3545843844 ip:192.168.157.195
2019-09-12 10:32:53,923 [org.apache.hadoop.util.JvmPauseMonitor$Monitor@4325b1b0] INFO  util.JvmPauseMonitor (JvmPauseMonitor.java:run(188)) - Starting JVM pause monitor
2019-09-12 10:32:53,926 [Datanode State Machine Thread - 0] INFO  datanode.InitDatanodeState (InitDatanodeState.java:persistContainerDatanodeDetails(140)) - DatanodeDetails is persisted to /workdir/hadoop-ozone/integration-test/target/test-dir/MiniOzoneClusterImpl-5ecceb84-7f52-4627-9972-1a459b519b1f/datanode-3/meta/datanode.id
2019-09-12 10:32:53,933 [main] INFO  volume.HddsVolume (HddsVolume.java:<init>(176)) - Creating Volume: /workdir/hadoop-ozone/integration-test/target/test-dir/MiniOzoneClusterImpl-5ecceb84-7f52-4627-9972-1a459b519b1f/datanode-4/data/containers/hdds of  storage type : DISK and capacity : 1482555576320
2019-09-12 10:32:53,933 [main] INFO  volume.VolumeSet (VolumeSet.java:initializeVolumeSet(170)) - Added Volume : /workdir/hadoop-ozone/integration-test/target/test-dir/MiniOzoneClusterImpl-5ecceb84-7f52-4627-9972-1a459b519b1f/datanode-4/data/containers/hdds to VolumeSet
2019-09-12 10:32:53,934 [main] INFO  volume.ThrottledAsyncChecker (ThrottledAsyncChecker.java:schedule(140)) - Scheduling a check for org.apache.hadoop.ozone.container.common.volume.HddsVolume@5175d9ad
2019-09-12 10:32:53,935 [main] INFO  volume.HddsVolumeChecker (HddsVolumeChecker.java:checkAllVolumes(203)) - Scheduled health check for volume org.apache.hadoop.ozone.container.common.volume.HddsVolume@5175d9ad
2019-09-12 10:32:53,958 [main] INFO  impl.RaftServerProxy (ConfUtils.java:logGet(43)) - raft.rpc.type = GRPC (default)
2019-09-12 10:32:53,959 [main] INFO  grpc.GrpcFactory (GrpcFactory.java:checkPooledByteBufAllocatorUseCacheForAllThreads(45)) - PERFORMANCE WARNING: useCacheForAllThreads is true that may cause Netty to create a lot garbage objects and, as a result, trigger GC.
	It is recommended to disable useCacheForAllThreads by setting -Dorg.apache.ratis.thirdparty.io.netty.allocator.useCacheForAllThreads=false in command line.
2019-09-12 10:32:53,959 [main] INFO  grpc.GrpcConfigKeys$Server (ConfUtils.java:logGet(43)) - raft.grpc.server.port = 0 (default)
2019-09-12 10:32:53,960 [main] INFO  server.GrpcService (ConfUtils.java:logGet(43)) - raft.grpc.message.size.max = 33570816 (custom)
2019-09-12 10:32:53,960 [main] INFO  server.RaftServerConfigKeys (ConfUtils.java:logGet(43)) - raft.server.log.appender.buffer.byte-limit = 33554432 (custom)
2019-09-12 10:32:53,961 [main] INFO  server.GrpcService (ConfUtils.java:logGet(43)) - raft.grpc.flow.control.window = 1MB (=1048576) (default)
2019-09-12 10:32:53,961 [main] INFO  server.RaftServerConfigKeys (ConfUtils.java:logGet(43)) - raft.server.rpc.request.timeout = 3000ms (default)
2019-09-12 10:32:53,962 [main] INFO  server.RaftServerConfigKeys (ConfUtils.java:logGet(43)) - raft.server.storage.dir = [/workdir/hadoop-ozone/integration-test/target/test-dir/MiniOzoneClusterImpl-5ecceb84-7f52-4627-9972-1a459b519b1f/datanode-4/data/ratis] (custom)
2019-09-12 10:32:53,962 [main] INFO  replication.SimpleContainerDownloader (SimpleContainerDownloader.java:<init>(72)) - Starting container downloader service to copy containers to replicate.
2019-09-12 10:32:53,964 [main] INFO  hdfs.DFSUtil (DFSUtil.java:httpServerTemplateForNNAndJN(1641)) - Starting Web-server for hddsDatanode at: http://0.0.0.0:0
2019-09-12 10:32:53,966 [main] INFO  server.AuthenticationFilter (AuthenticationFilter.java:constructSecretProvider(240)) - Unable to initialize FileSignerSecretProvider, falling back to use random secrets.
2019-09-12 10:32:53,967 [main] WARN  http.HttpRequestLog (HttpRequestLog.java:getRequestLog(97)) - Jetty request log can only be enabled using Log4j
2019-09-12 10:32:53,970 [main] INFO  http.HttpServer2 (HttpServer2.java:addGlobalFilter(975)) - Added global filter 'safety' (class=org.apache.hadoop.http.HttpServer2$QuotingInputFilter)
2019-09-12 10:32:53,971 [main] INFO  http.HttpServer2 (HttpServer2.java:addFilter(948)) - Added filter static_user_filter (class=org.apache.hadoop.http.lib.StaticUserWebFilter$StaticUserFilter) to context hddsDatanode
2019-09-12 10:32:53,971 [main] INFO  http.HttpServer2 (HttpServer2.java:addFilter(958)) - Added filter static_user_filter (class=org.apache.hadoop.http.lib.StaticUserWebFilter$StaticUserFilter) to context static
2019-09-12 10:32:53,971 [main] INFO  http.HttpServer2 (HttpServer2.java:addFilter(958)) - Added filter static_user_filter (class=org.apache.hadoop.http.lib.StaticUserWebFilter$StaticUserFilter) to context logs
2019-09-12 10:32:53,972 [main] INFO  http.HttpServer2 (HttpServer2.java:bindListener(1191)) - Jetty bound to port 43924
2019-09-12 10:32:53,973 [main] INFO  server.Server (Server.java:doStart(351)) - jetty-9.3.24.v20180605, build timestamp: 2018-06-05T17:11:56Z, git hash: 84205aa28f11a4f31f2a3b86d1bba2cc8ab69827
2019-09-12 10:32:53,976 [main] INFO  handler.ContextHandler (ContextHandler.java:doStart(781)) - Started o.e.j.s.ServletContextHandler@1c7f9861{/logs,file:///workdir/hadoop-ozone/integration-test/target/log,AVAILABLE}
2019-09-12 10:32:53,977 [main] INFO  handler.ContextHandler (ContextHandler.java:doStart(781)) - Started o.e.j.s.ServletContextHandler@154b8cb6{/static,jar:file:/home/user/.m2/repository/org/apache/hadoop/hadoop-hdds-container-service/0.5.0-SNAPSHOT/hadoop-hdds-container-service-0.5.0-SNAPSHOT.jar!/webapps/static,AVAILABLE}
2019-09-12 10:32:54,019 [main] INFO  handler.ContextHandler (ContextHandler.java:doStart(781)) - Started o.e.j.w.WebAppContext@2d237460{/,file:///tmp/jetty-0.0.0.0-43924-hddsDatanode-_-any-4858359722859634756.dir/webapp/,AVAILABLE}{/hddsDatanode}
2019-09-12 10:32:54,020 [main] INFO  server.AbstractConnector (AbstractConnector.java:doStart(278)) - Started ServerConnector@48f2054d{HTTP/1.1,[http/1.1]}{0.0.0.0:43924}
2019-09-12 10:32:54,021 [main] INFO  server.Server (Server.java:doStart(419)) - Started @7204ms
2019-09-12 10:32:54,022 [main] INFO  server.BaseHttpServer (BaseHttpServer.java:updateConnectorAddress(213)) - HTTP server of HDDSDATANODE is listening at http://0.0.0.0:43924
2019-09-12 10:32:54,153 | INFO  | ObjectStoreRestHttpServer | Listening HDDS REST traffic on /0.0.0.0:40417 |  
2019-09-12 10:32:54,154 [main] INFO  ozone.HddsDatanodeService (HddsDatanodeService.java:startPlugins(395)) - Started plug-in org.apache.hadoop.ozone.web.OzoneHddsDatanodeService@514377fc
2019-09-12 10:32:54,154 [main] INFO  impl.MetricsSystemImpl (MetricsSystemImpl.java:init(158)) - HddsDatanode metrics system started (again)
2019-09-12 10:32:54,205 [main] INFO  ozone.HddsDatanodeService (HddsDatanodeService.java:start(184)) - HddsDatanodeService host:pr-hdds-1569-xtfnx-3545843844 ip:192.168.157.195
2019-09-12 10:32:54,205 [org.apache.hadoop.util.JvmPauseMonitor$Monitor@13a4a258] INFO  util.JvmPauseMonitor (JvmPauseMonitor.java:run(188)) - Starting JVM pause monitor
2019-09-12 10:32:54,209 [Datanode State Machine Thread - 0] INFO  datanode.InitDatanodeState (InitDatanodeState.java:persistContainerDatanodeDetails(140)) - DatanodeDetails is persisted to /workdir/hadoop-ozone/integration-test/target/test-dir/MiniOzoneClusterImpl-5ecceb84-7f52-4627-9972-1a459b519b1f/datanode-4/meta/datanode.id
2019-09-12 10:32:54,217 [main] INFO  volume.HddsVolume (HddsVolume.java:<init>(176)) - Creating Volume: /workdir/hadoop-ozone/integration-test/target/test-dir/MiniOzoneClusterImpl-5ecceb84-7f52-4627-9972-1a459b519b1f/datanode-5/data/containers/hdds of  storage type : DISK and capacity : 1482555576320
2019-09-12 10:32:54,217 [main] INFO  volume.VolumeSet (VolumeSet.java:initializeVolumeSet(170)) - Added Volume : /workdir/hadoop-ozone/integration-test/target/test-dir/MiniOzoneClusterImpl-5ecceb84-7f52-4627-9972-1a459b519b1f/datanode-5/data/containers/hdds to VolumeSet
2019-09-12 10:32:54,217 [main] INFO  volume.ThrottledAsyncChecker (ThrottledAsyncChecker.java:schedule(140)) - Scheduling a check for org.apache.hadoop.ozone.container.common.volume.HddsVolume@55c1ced9
2019-09-12 10:32:54,218 [main] INFO  volume.HddsVolumeChecker (HddsVolumeChecker.java:checkAllVolumes(203)) - Scheduled health check for volume org.apache.hadoop.ozone.container.common.volume.HddsVolume@55c1ced9
2019-09-12 10:32:54,250 [main] INFO  impl.RaftServerProxy (ConfUtils.java:logGet(43)) - raft.rpc.type = GRPC (default)
2019-09-12 10:32:54,250 [main] INFO  grpc.GrpcFactory (GrpcFactory.java:checkPooledByteBufAllocatorUseCacheForAllThreads(45)) - PERFORMANCE WARNING: useCacheForAllThreads is true that may cause Netty to create a lot garbage objects and, as a result, trigger GC.
	It is recommended to disable useCacheForAllThreads by setting -Dorg.apache.ratis.thirdparty.io.netty.allocator.useCacheForAllThreads=false in command line.
2019-09-12 10:32:54,251 [main] INFO  grpc.GrpcConfigKeys$Server (ConfUtils.java:logGet(43)) - raft.grpc.server.port = 0 (default)
2019-09-12 10:32:54,251 [main] INFO  server.GrpcService (ConfUtils.java:logGet(43)) - raft.grpc.message.size.max = 33570816 (custom)
2019-09-12 10:32:54,251 [main] INFO  server.RaftServerConfigKeys (ConfUtils.java:logGet(43)) - raft.server.log.appender.buffer.byte-limit = 33554432 (custom)
2019-09-12 10:32:54,252 [main] INFO  server.GrpcService (ConfUtils.java:logGet(43)) - raft.grpc.flow.control.window = 1MB (=1048576) (default)
2019-09-12 10:32:54,252 [main] INFO  server.RaftServerConfigKeys (ConfUtils.java:logGet(43)) - raft.server.rpc.request.timeout = 3000ms (default)
2019-09-12 10:32:54,253 [main] INFO  server.RaftServerConfigKeys (ConfUtils.java:logGet(43)) - raft.server.storage.dir = [/workdir/hadoop-ozone/integration-test/target/test-dir/MiniOzoneClusterImpl-5ecceb84-7f52-4627-9972-1a459b519b1f/datanode-5/data/ratis] (custom)
2019-09-12 10:32:54,253 [main] INFO  replication.SimpleContainerDownloader (SimpleContainerDownloader.java:<init>(72)) - Starting container downloader service to copy containers to replicate.
2019-09-12 10:32:54,255 [main] INFO  hdfs.DFSUtil (DFSUtil.java:httpServerTemplateForNNAndJN(1641)) - Starting Web-server for hddsDatanode at: http://0.0.0.0:0
2019-09-12 10:32:54,256 [main] INFO  server.AuthenticationFilter (AuthenticationFilter.java:constructSecretProvider(240)) - Unable to initialize FileSignerSecretProvider, falling back to use random secrets.
2019-09-12 10:32:54,257 [main] WARN  http.HttpRequestLog (HttpRequestLog.java:getRequestLog(97)) - Jetty request log can only be enabled using Log4j
2019-09-12 10:32:54,259 [main] INFO  http.HttpServer2 (HttpServer2.java:addGlobalFilter(975)) - Added global filter 'safety' (class=org.apache.hadoop.http.HttpServer2$QuotingInputFilter)
2019-09-12 10:32:54,259 [main] INFO  http.HttpServer2 (HttpServer2.java:addFilter(948)) - Added filter static_user_filter (class=org.apache.hadoop.http.lib.StaticUserWebFilter$StaticUserFilter) to context hddsDatanode
2019-09-12 10:32:54,260 [main] INFO  http.HttpServer2 (HttpServer2.java:addFilter(958)) - Added filter static_user_filter (class=org.apache.hadoop.http.lib.StaticUserWebFilter$StaticUserFilter) to context logs
2019-09-12 10:32:54,260 [main] INFO  http.HttpServer2 (HttpServer2.java:addFilter(958)) - Added filter static_user_filter (class=org.apache.hadoop.http.lib.StaticUserWebFilter$StaticUserFilter) to context static
2019-09-12 10:32:54,261 [main] INFO  http.HttpServer2 (HttpServer2.java:bindListener(1191)) - Jetty bound to port 46184
2019-09-12 10:32:54,261 [main] INFO  server.Server (Server.java:doStart(351)) - jetty-9.3.24.v20180605, build timestamp: 2018-06-05T17:11:56Z, git hash: 84205aa28f11a4f31f2a3b86d1bba2cc8ab69827
2019-09-12 10:32:54,263 [main] INFO  handler.ContextHandler (ContextHandler.java:doStart(781)) - Started o.e.j.s.ServletContextHandler@5d7f8467{/logs,file:///workdir/hadoop-ozone/integration-test/target/log,AVAILABLE}
2019-09-12 10:32:54,264 [main] INFO  handler.ContextHandler (ContextHandler.java:doStart(781)) - Started o.e.j.s.ServletContextHandler@7caf1e5{/static,jar:file:/home/user/.m2/repository/org/apache/hadoop/hadoop-hdds-container-service/0.5.0-SNAPSHOT/hadoop-hdds-container-service-0.5.0-SNAPSHOT.jar!/webapps/static,AVAILABLE}
2019-09-12 10:32:54,298 [main] INFO  handler.ContextHandler (ContextHandler.java:doStart(781)) - Started o.e.j.w.WebAppContext@3ffd4b12{/,file:///tmp/jetty-0.0.0.0-46184-hddsDatanode-_-any-6677393904488034131.dir/webapp/,AVAILABLE}{/hddsDatanode}
2019-09-12 10:32:54,299 [main] INFO  server.AbstractConnector (AbstractConnector.java:doStart(278)) - Started ServerConnector@424f02b8{HTTP/1.1,[http/1.1]}{0.0.0.0:46184}
2019-09-12 10:32:54,300 [main] INFO  server.Server (Server.java:doStart(419)) - Started @7483ms
2019-09-12 10:32:54,300 [main] INFO  server.BaseHttpServer (BaseHttpServer.java:updateConnectorAddress(213)) - HTTP server of HDDSDATANODE is listening at http://0.0.0.0:46184
2019-09-12 10:32:54,433 | INFO  | ObjectStoreRestHttpServer | Listening HDDS REST traffic on /0.0.0.0:45112 |  
2019-09-12 10:32:54,433 [main] INFO  ozone.HddsDatanodeService (HddsDatanodeService.java:startPlugins(395)) - Started plug-in org.apache.hadoop.ozone.web.OzoneHddsDatanodeService@d108406
2019-09-12 10:32:54,434 [main] INFO  impl.MetricsSystemImpl (MetricsSystemImpl.java:init(158)) - HddsDatanode metrics system started (again)
2019-09-12 10:32:54,438 [main] INFO  ozone.HddsDatanodeService (HddsDatanodeService.java:start(184)) - HddsDatanodeService host:pr-hdds-1569-xtfnx-3545843844 ip:192.168.157.195
2019-09-12 10:32:54,438 [org.apache.hadoop.util.JvmPauseMonitor$Monitor@7e396c50] INFO  util.JvmPauseMonitor (JvmPauseMonitor.java:run(188)) - Starting JVM pause monitor
2019-09-12 10:32:54,441 [Datanode State Machine Thread - 0] INFO  datanode.InitDatanodeState (InitDatanodeState.java:persistContainerDatanodeDetails(140)) - DatanodeDetails is persisted to /workdir/hadoop-ozone/integration-test/target/test-dir/MiniOzoneClusterImpl-5ecceb84-7f52-4627-9972-1a459b519b1f/datanode-5/meta/datanode.id
2019-09-12 10:32:54,448 [main] INFO  volume.HddsVolume (HddsVolume.java:<init>(176)) - Creating Volume: /workdir/hadoop-ozone/integration-test/target/test-dir/MiniOzoneClusterImpl-5ecceb84-7f52-4627-9972-1a459b519b1f/datanode-6/data/containers/hdds of  storage type : DISK and capacity : 1482555576320
2019-09-12 10:32:54,448 [main] INFO  volume.VolumeSet (VolumeSet.java:initializeVolumeSet(170)) - Added Volume : /workdir/hadoop-ozone/integration-test/target/test-dir/MiniOzoneClusterImpl-5ecceb84-7f52-4627-9972-1a459b519b1f/datanode-6/data/containers/hdds to VolumeSet
2019-09-12 10:32:54,448 [main] INFO  volume.ThrottledAsyncChecker (ThrottledAsyncChecker.java:schedule(140)) - Scheduling a check for org.apache.hadoop.ozone.container.common.volume.HddsVolume@62735b13
2019-09-12 10:32:54,449 [main] INFO  volume.HddsVolumeChecker (HddsVolumeChecker.java:checkAllVolumes(203)) - Scheduled health check for volume org.apache.hadoop.ozone.container.common.volume.HddsVolume@62735b13
2019-09-12 10:32:54,463 [main] INFO  impl.RaftServerProxy (ConfUtils.java:logGet(43)) - raft.rpc.type = GRPC (default)
2019-09-12 10:32:54,463 [main] INFO  grpc.GrpcFactory (GrpcFactory.java:checkPooledByteBufAllocatorUseCacheForAllThreads(45)) - PERFORMANCE WARNING: useCacheForAllThreads is true that may cause Netty to create a lot garbage objects and, as a result, trigger GC.
	It is recommended to disable useCacheForAllThreads by setting -Dorg.apache.ratis.thirdparty.io.netty.allocator.useCacheForAllThreads=false in command line.
2019-09-12 10:32:54,463 [main] INFO  grpc.GrpcConfigKeys$Server (ConfUtils.java:logGet(43)) - raft.grpc.server.port = 0 (default)
2019-09-12 10:32:54,463 [main] INFO  server.GrpcService (ConfUtils.java:logGet(43)) - raft.grpc.message.size.max = 33570816 (custom)
2019-09-12 10:32:54,464 [main] INFO  server.RaftServerConfigKeys (ConfUtils.java:logGet(43)) - raft.server.log.appender.buffer.byte-limit = 33554432 (custom)
2019-09-12 10:32:54,464 [main] INFO  server.GrpcService (ConfUtils.java:logGet(43)) - raft.grpc.flow.control.window = 1MB (=1048576) (default)
2019-09-12 10:32:54,464 [main] INFO  server.RaftServerConfigKeys (ConfUtils.java:logGet(43)) - raft.server.rpc.request.timeout = 3000ms (default)
2019-09-12 10:32:54,464 [main] INFO  server.RaftServerConfigKeys (ConfUtils.java:logGet(43)) - raft.server.storage.dir = [/workdir/hadoop-ozone/integration-test/target/test-dir/MiniOzoneClusterImpl-5ecceb84-7f52-4627-9972-1a459b519b1f/datanode-6/data/ratis] (custom)
2019-09-12 10:32:54,465 [main] INFO  replication.SimpleContainerDownloader (SimpleContainerDownloader.java:<init>(72)) - Starting container downloader service to copy containers to replicate.
2019-09-12 10:32:54,466 [main] INFO  hdfs.DFSUtil (DFSUtil.java:httpServerTemplateForNNAndJN(1641)) - Starting Web-server for hddsDatanode at: http://0.0.0.0:0
2019-09-12 10:32:54,467 [main] INFO  server.AuthenticationFilter (AuthenticationFilter.java:constructSecretProvider(240)) - Unable to initialize FileSignerSecretProvider, falling back to use random secrets.
2019-09-12 10:32:54,467 [main] WARN  http.HttpRequestLog (HttpRequestLog.java:getRequestLog(97)) - Jetty request log can only be enabled using Log4j
2019-09-12 10:32:54,469 [main] INFO  http.HttpServer2 (HttpServer2.java:addGlobalFilter(975)) - Added global filter 'safety' (class=org.apache.hadoop.http.HttpServer2$QuotingInputFilter)
2019-09-12 10:32:54,469 [main] INFO  http.HttpServer2 (HttpServer2.java:addFilter(948)) - Added filter static_user_filter (class=org.apache.hadoop.http.lib.StaticUserWebFilter$StaticUserFilter) to context hddsDatanode
2019-09-12 10:32:54,469 [main] INFO  http.HttpServer2 (HttpServer2.java:addFilter(958)) - Added filter static_user_filter (class=org.apache.hadoop.http.lib.StaticUserWebFilter$StaticUserFilter) to context static
2019-09-12 10:32:54,469 [main] INFO  http.HttpServer2 (HttpServer2.java:addFilter(958)) - Added filter static_user_filter (class=org.apache.hadoop.http.lib.StaticUserWebFilter$StaticUserFilter) to context logs
2019-09-12 10:32:54,470 [main] INFO  http.HttpServer2 (HttpServer2.java:bindListener(1191)) - Jetty bound to port 40485
2019-09-12 10:32:54,470 [main] INFO  server.Server (Server.java:doStart(351)) - jetty-9.3.24.v20180605, build timestamp: 2018-06-05T17:11:56Z, git hash: 84205aa28f11a4f31f2a3b86d1bba2cc8ab69827
2019-09-12 10:32:54,472 [main] INFO  handler.ContextHandler (ContextHandler.java:doStart(781)) - Started o.e.j.s.ServletContextHandler@1c6e3ff9{/logs,file:///workdir/hadoop-ozone/integration-test/target/log,AVAILABLE}
2019-09-12 10:32:54,472 [main] INFO  handler.ContextHandler (ContextHandler.java:doStart(781)) - Started o.e.j.s.ServletContextHandler@184afb78{/static,jar:file:/home/user/.m2/repository/org/apache/hadoop/hadoop-hdds-container-service/0.5.0-SNAPSHOT/hadoop-hdds-container-service-0.5.0-SNAPSHOT.jar!/webapps/static,AVAILABLE}
2019-09-12 10:32:54,495 [main] INFO  handler.ContextHandler (ContextHandler.java:doStart(781)) - Started o.e.j.w.WebAppContext@6775c0d1{/,file:///tmp/jetty-0.0.0.0-40485-hddsDatanode-_-any-5740279828282451715.dir/webapp/,AVAILABLE}{/hddsDatanode}
2019-09-12 10:32:54,495 [main] INFO  server.AbstractConnector (AbstractConnector.java:doStart(278)) - Started ServerConnector@38f617f4{HTTP/1.1,[http/1.1]}{0.0.0.0:40485}
2019-09-12 10:32:54,496 [main] INFO  server.Server (Server.java:doStart(419)) - Started @7679ms
2019-09-12 10:32:54,497 [main] INFO  server.BaseHttpServer (BaseHttpServer.java:updateConnectorAddress(213)) - HTTP server of HDDSDATANODE is listening at http://0.0.0.0:40485
2019-09-12 10:32:54,609 | INFO  | ObjectStoreRestHttpServer | Listening HDDS REST traffic on /0.0.0.0:37521 |  
2019-09-12 10:32:54,609 [main] INFO  ozone.HddsDatanodeService (HddsDatanodeService.java:startPlugins(395)) - Started plug-in org.apache.hadoop.ozone.web.OzoneHddsDatanodeService@14b95942
2019-09-12 10:32:54,612 [main] INFO  ozone.MiniOzoneClusterImpl (MiniOzoneClusterImpl.java:lambda$waitForClusterToBeReady$0(142)) - Waiting for cluster to be ready. Got 0 of 7 DN Heartbeats.
2019-09-12 10:32:54,613 [org.apache.hadoop.util.JvmPauseMonitor$Monitor@7f99e5f1] INFO  util.JvmPauseMonitor (JvmPauseMonitor.java:run(188)) - Starting JVM pause monitor
2019-09-12 10:32:54,616 [Datanode State Machine Thread - 0] INFO  datanode.InitDatanodeState (InitDatanodeState.java:persistContainerDatanodeDetails(140)) - DatanodeDetails is persisted to /workdir/hadoop-ozone/integration-test/target/test-dir/MiniOzoneClusterImpl-5ecceb84-7f52-4627-9972-1a459b519b1f/datanode-6/meta/datanode.id
2019-09-12 10:32:55,381 | INFO  | SCMAudit | user=jenkins1000 | ip=192.168.157.195 | op=GET_VERSION null | ret=SUCCESS |  
2019-09-12 10:32:55,425 [Datanode State Machine Thread - 0] INFO  ozoneimpl.OzoneContainer (OzoneContainer.java:start(186)) - Attempting to start container services.
2019-09-12 10:32:55,427 [Datanode State Machine Thread - 0] INFO  ozoneimpl.OzoneContainer (OzoneContainer.java:startContainerScrub(160)) - Background container scrubber has been disabled by hdds.containerscrub.enabled
2019-09-12 10:32:55,428 [Datanode State Machine Thread - 0] INFO  ratis.XceiverServerRatis (XceiverServerRatis.java:start(404)) - Starting XceiverServerRatis 6d8e2272-d3cb-43aa-845f-9a021007c4ce at port 0
2019-09-12 10:32:55,458 [Datanode State Machine Thread - 0] INFO  impl.RaftServerProxy (RaftServerProxy.java:lambda$start$3(299)) - 6d8e2272-d3cb-43aa-845f-9a021007c4ce: start RPC server
2019-09-12 10:32:55,555 | INFO  | SCMAudit | user=jenkins1000 | ip=192.168.157.195 | op=GET_VERSION null | ret=SUCCESS |  
2019-09-12 10:32:55,582 [Datanode State Machine Thread - 0] INFO  ozoneimpl.OzoneContainer (OzoneContainer.java:start(186)) - Attempting to start container services.
2019-09-12 10:32:55,585 [Datanode State Machine Thread - 0] INFO  ozoneimpl.OzoneContainer (OzoneContainer.java:startContainerScrub(160)) - Background container scrubber has been disabled by hdds.containerscrub.enabled
2019-09-12 10:32:55,586 [Datanode State Machine Thread - 0] INFO  ratis.XceiverServerRatis (XceiverServerRatis.java:start(404)) - Starting XceiverServerRatis 6d26f522-fe03-4a67-aa48-7af853b41a99 at port 0
2019-09-12 10:32:55,597 [Datanode State Machine Thread - 0] INFO  impl.RaftServerProxy (RaftServerProxy.java:lambda$start$3(299)) - 6d26f522-fe03-4a67-aa48-7af853b41a99: start RPC server
2019-09-12 10:32:55,612 [main] INFO  ozone.MiniOzoneClusterImpl (MiniOzoneClusterImpl.java:lambda$waitForClusterToBeReady$0(142)) - Waiting for cluster to be ready. Got 0 of 7 DN Heartbeats.
2019-09-12 10:32:55,616 [Datanode State Machine Thread - 0] INFO  server.GrpcService (GrpcService.java:startImpl(149)) - 6d8e2272-d3cb-43aa-845f-9a021007c4ce: GrpcService started, listening on 0.0.0.0/0.0.0.0:46389
2019-09-12 10:32:55,616 [Datanode State Machine Thread - 0] INFO  server.GrpcService (GrpcService.java:startImpl(149)) - 6d26f522-fe03-4a67-aa48-7af853b41a99: GrpcService started, listening on 0.0.0.0/0.0.0.0:44863
2019-09-12 10:32:55,617 [Datanode State Machine Thread - 0] INFO  ratis.XceiverServerRatis (XceiverServerRatis.java:start(414)) - XceiverServerRatis 6d8e2272-d3cb-43aa-845f-9a021007c4ce is started using port 46389
2019-09-12 10:32:55,617 [Datanode State Machine Thread - 0] INFO  ratis.XceiverServerRatis (XceiverServerRatis.java:start(414)) - XceiverServerRatis 6d26f522-fe03-4a67-aa48-7af853b41a99 is started using port 44863
2019-09-12 10:32:55,620 [Datanode State Machine Thread - 0] INFO  server.XceiverServerGrpc (XceiverServerGrpc.java:start(163)) - XceiverServerGrpc 6d8e2272-d3cb-43aa-845f-9a021007c4ce is started using port 35321
2019-09-12 10:32:55,621 [Datanode State Machine Thread - 0] INFO  server.XceiverServerGrpc (XceiverServerGrpc.java:start(163)) - XceiverServerGrpc 6d26f522-fe03-4a67-aa48-7af853b41a99 is started using port 33202
2019-09-12 10:32:55,744 | INFO  | SCMAudit | user=jenkins1000 | ip=192.168.157.195 | op=GET_VERSION null | ret=SUCCESS |  
2019-09-12 10:32:55,766 [Datanode State Machine Thread - 0] INFO  ozoneimpl.OzoneContainer (OzoneContainer.java:start(186)) - Attempting to start container services.
2019-09-12 10:32:55,771 [Datanode State Machine Thread - 0] INFO  ozoneimpl.OzoneContainer (OzoneContainer.java:startContainerScrub(160)) - Background container scrubber has been disabled by hdds.containerscrub.enabled
2019-09-12 10:32:55,772 [Datanode State Machine Thread - 0] INFO  ratis.XceiverServerRatis (XceiverServerRatis.java:start(404)) - Starting XceiverServerRatis 6f7ced02-9074-41a5-813c-bc7a1b1d7969 at port 0
2019-09-12 10:32:55,780 [Datanode State Machine Thread - 0] INFO  impl.RaftServerProxy (RaftServerProxy.java:lambda$start$3(299)) - 6f7ced02-9074-41a5-813c-bc7a1b1d7969: start RPC server
2019-09-12 10:32:55,784 [Datanode State Machine Thread - 0] INFO  server.GrpcService (GrpcService.java:startImpl(149)) - 6f7ced02-9074-41a5-813c-bc7a1b1d7969: GrpcService started, listening on 0.0.0.0/0.0.0.0:46366
2019-09-12 10:32:55,784 [Datanode State Machine Thread - 0] INFO  ratis.XceiverServerRatis (XceiverServerRatis.java:start(414)) - XceiverServerRatis 6f7ced02-9074-41a5-813c-bc7a1b1d7969 is started using port 46366
2019-09-12 10:32:55,787 [Datanode State Machine Thread - 0] INFO  server.XceiverServerGrpc (XceiverServerGrpc.java:start(163)) - XceiverServerGrpc 6f7ced02-9074-41a5-813c-bc7a1b1d7969 is started using port 43274
2019-09-12 10:32:55,927 | INFO  | SCMAudit | user=jenkins1000 | ip=192.168.157.195 | op=GET_VERSION null | ret=SUCCESS |  
2019-09-12 10:32:55,943 [Datanode State Machine Thread - 0] INFO  ozoneimpl.OzoneContainer (OzoneContainer.java:start(186)) - Attempting to start container services.
2019-09-12 10:32:55,943 [Datanode State Machine Thread - 0] INFO  ozoneimpl.OzoneContainer (OzoneContainer.java:startContainerScrub(160)) - Background container scrubber has been disabled by hdds.containerscrub.enabled
2019-09-12 10:32:55,943 [Datanode State Machine Thread - 0] INFO  ratis.XceiverServerRatis (XceiverServerRatis.java:start(404)) - Starting XceiverServerRatis e0e61d4c-2e09-4c56-8609-a14bb69c63aa at port 0
2019-09-12 10:32:55,951 [Datanode State Machine Thread - 0] INFO  impl.RaftServerProxy (RaftServerProxy.java:lambda$start$3(299)) - e0e61d4c-2e09-4c56-8609-a14bb69c63aa: start RPC server
2019-09-12 10:32:55,955 [Datanode State Machine Thread - 0] INFO  server.GrpcService (GrpcService.java:startImpl(149)) - e0e61d4c-2e09-4c56-8609-a14bb69c63aa: GrpcService started, listening on 0.0.0.0/0.0.0.0:42576
2019-09-12 10:32:55,955 [Datanode State Machine Thread - 0] INFO  ratis.XceiverServerRatis (XceiverServerRatis.java:start(414)) - XceiverServerRatis e0e61d4c-2e09-4c56-8609-a14bb69c63aa is started using port 42576
2019-09-12 10:32:55,958 [Datanode State Machine Thread - 0] INFO  server.XceiverServerGrpc (XceiverServerGrpc.java:start(163)) - XceiverServerGrpc e0e61d4c-2e09-4c56-8609-a14bb69c63aa is started using port 40369
2019-09-12 10:32:56,208 | INFO  | SCMAudit | user=jenkins1000 | ip=192.168.157.195 | op=GET_VERSION null | ret=SUCCESS |  
2019-09-12 10:32:56,235 [Datanode State Machine Thread - 0] INFO  ozoneimpl.OzoneContainer (OzoneContainer.java:start(186)) - Attempting to start container services.
2019-09-12 10:32:56,235 [Datanode State Machine Thread - 0] INFO  ozoneimpl.OzoneContainer (OzoneContainer.java:startContainerScrub(160)) - Background container scrubber has been disabled by hdds.containerscrub.enabled
2019-09-12 10:32:56,235 [Datanode State Machine Thread - 0] INFO  ratis.XceiverServerRatis (XceiverServerRatis.java:start(404)) - Starting XceiverServerRatis 31c45c5a-0c90-4266-9947-1c7c078b7ec4 at port 0
2019-09-12 10:32:56,246 [Datanode State Machine Thread - 0] INFO  impl.RaftServerProxy (RaftServerProxy.java:lambda$start$3(299)) - 31c45c5a-0c90-4266-9947-1c7c078b7ec4: start RPC server
2019-09-12 10:32:56,251 [Datanode State Machine Thread - 0] INFO  server.GrpcService (GrpcService.java:startImpl(149)) - 31c45c5a-0c90-4266-9947-1c7c078b7ec4: GrpcService started, listening on 0.0.0.0/0.0.0.0:42694
2019-09-12 10:32:56,251 [Datanode State Machine Thread - 0] INFO  ratis.XceiverServerRatis (XceiverServerRatis.java:start(414)) - XceiverServerRatis 31c45c5a-0c90-4266-9947-1c7c078b7ec4 is started using port 42694
2019-09-12 10:32:56,255 [Datanode State Machine Thread - 0] INFO  server.XceiverServerGrpc (XceiverServerGrpc.java:start(163)) - XceiverServerGrpc 31c45c5a-0c90-4266-9947-1c7c078b7ec4 is started using port 42919
2019-09-12 10:32:56,442 | INFO  | SCMAudit | user=jenkins1000 | ip=192.168.157.195 | op=GET_VERSION null | ret=SUCCESS |  
2019-09-12 10:32:56,457 [Datanode State Machine Thread - 0] INFO  ozoneimpl.OzoneContainer (OzoneContainer.java:start(186)) - Attempting to start container services.
2019-09-12 10:32:56,458 [Datanode State Machine Thread - 0] INFO  ozoneimpl.OzoneContainer (OzoneContainer.java:startContainerScrub(160)) - Background container scrubber has been disabled by hdds.containerscrub.enabled
2019-09-12 10:32:56,458 [Datanode State Machine Thread - 0] INFO  ratis.XceiverServerRatis (XceiverServerRatis.java:start(404)) - Starting XceiverServerRatis 81ee34d7-b83f-41e3-b846-e574d684802c at port 0
2019-09-12 10:32:56,469 [Datanode State Machine Thread - 0] INFO  impl.RaftServerProxy (RaftServerProxy.java:lambda$start$3(299)) - 81ee34d7-b83f-41e3-b846-e574d684802c: start RPC server
2019-09-12 10:32:56,474 [Datanode State Machine Thread - 0] INFO  server.GrpcService (GrpcService.java:startImpl(149)) - 81ee34d7-b83f-41e3-b846-e574d684802c: GrpcService started, listening on 0.0.0.0/0.0.0.0:36593
2019-09-12 10:32:56,474 [Datanode State Machine Thread - 0] INFO  ratis.XceiverServerRatis (XceiverServerRatis.java:start(414)) - XceiverServerRatis 81ee34d7-b83f-41e3-b846-e574d684802c is started using port 36593
2019-09-12 10:32:56,478 [Datanode State Machine Thread - 0] INFO  server.XceiverServerGrpc (XceiverServerGrpc.java:start(163)) - XceiverServerGrpc 81ee34d7-b83f-41e3-b846-e574d684802c is started using port 38093
2019-09-12 10:32:56,613 [main] INFO  ozone.MiniOzoneClusterImpl (MiniOzoneClusterImpl.java:lambda$waitForClusterToBeReady$0(142)) - Waiting for cluster to be ready. Got 0 of 7 DN Heartbeats.
2019-09-12 10:32:56,616 | INFO  | SCMAudit | user=jenkins1000 | ip=192.168.157.195 | op=GET_VERSION null | ret=SUCCESS |  
2019-09-12 10:32:56,630 [Datanode State Machine Thread - 0] INFO  ozoneimpl.OzoneContainer (OzoneContainer.java:start(186)) - Attempting to start container services.
2019-09-12 10:32:56,631 [Datanode State Machine Thread - 0] INFO  ozoneimpl.OzoneContainer (OzoneContainer.java:startContainerScrub(160)) - Background container scrubber has been disabled by hdds.containerscrub.enabled
2019-09-12 10:32:56,631 [Datanode State Machine Thread - 0] INFO  ratis.XceiverServerRatis (XceiverServerRatis.java:start(404)) - Starting XceiverServerRatis 083ebb38-73c7-4c90-bb26-8945a60751ec at port 0
2019-09-12 10:32:56,639 [Datanode State Machine Thread - 0] INFO  impl.RaftServerProxy (RaftServerProxy.java:lambda$start$3(299)) - 083ebb38-73c7-4c90-bb26-8945a60751ec: start RPC server
2019-09-12 10:32:56,644 [Datanode State Machine Thread - 0] INFO  server.GrpcService (GrpcService.java:startImpl(149)) - 083ebb38-73c7-4c90-bb26-8945a60751ec: GrpcService started, listening on 0.0.0.0/0.0.0.0:37300
2019-09-12 10:32:56,645 [Datanode State Machine Thread - 0] INFO  ratis.XceiverServerRatis (XceiverServerRatis.java:start(414)) - XceiverServerRatis 083ebb38-73c7-4c90-bb26-8945a60751ec is started using port 37300
2019-09-12 10:32:56,649 [Datanode State Machine Thread - 0] INFO  server.XceiverServerGrpc (XceiverServerGrpc.java:start(163)) - XceiverServerGrpc 083ebb38-73c7-4c90-bb26-8945a60751ec is started using port 38485
2019-09-12 10:32:57,404 [IPC Server handler 2 on 38814] INFO  net.NetworkTopology (NetworkTopologyImpl.java:add(110)) - Added a new node: /default-rack/6d8e2272-d3cb-43aa-845f-9a021007c4ce
2019-09-12 10:32:57,404 [IPC Server handler 2 on 38814] INFO  node.SCMNodeManager (SCMNodeManager.java:register(273)) - Registered Data node : 6d8e2272-d3cb-43aa-845f-9a021007c4ce{ip: 192.168.157.195, host: pr-hdds-1569-xtfnx-3545843844, networkLocation: /default-rack, certSerialId: null}
2019-09-12 10:32:57,410 [EventQueue-NodeRegistrationContainerReportForDataNodeSafeModeRule] INFO  safemode.SCMSafeModeManager (DataNodeSafeModeRule.java:process(71)) - SCM in safe mode. 1 DataNodes registered, 1 required.
2019-09-12 10:32:57,411 [EventQueue-NodeRegistrationContainerReportForDataNodeSafeModeRule] INFO  safemode.SCMSafeModeManager (SCMSafeModeManager.java:validateSafeModeExitRules(177)) - ScmSafeModeManager, all rules are successfully validated
2019-09-12 10:32:57,411 [EventQueue-NodeRegistrationContainerReportForDataNodeSafeModeRule] INFO  safemode.SCMSafeModeManager (SCMSafeModeManager.java:exitSafeMode(193)) - SCM exiting safe mode.
2019-09-12 10:32:57,418 | INFO  | SCMAudit | user=jenkins1000 | ip=192.168.157.195 | op=REGISTER {datanodeDetails=6d8e2272-d3cb-43aa-845f-9a021007c4ce{ip: 192.168.157.195, host: pr-hdds-1569-xtfnx-3545843844, networkLocation: /default-rack, certSerialId: null}} | ret=SUCCESS |  
2019-09-12 10:32:57,557 [IPC Server handler 5 on 38814] INFO  net.NetworkTopology (NetworkTopologyImpl.java:add(110)) - Added a new node: /default-rack/6d26f522-fe03-4a67-aa48-7af853b41a99
2019-09-12 10:32:57,557 [IPC Server handler 5 on 38814] INFO  node.SCMNodeManager (SCMNodeManager.java:register(273)) - Registered Data node : 6d26f522-fe03-4a67-aa48-7af853b41a99{ip: 192.168.157.195, host: pr-hdds-1569-xtfnx-3545843844, networkLocation: /default-rack, certSerialId: null}
2019-09-12 10:32:57,558 | INFO  | SCMAudit | user=jenkins1000 | ip=192.168.157.195 | op=REGISTER {datanodeDetails=6d26f522-fe03-4a67-aa48-7af853b41a99{ip: 192.168.157.195, host: pr-hdds-1569-xtfnx-3545843844, networkLocation: /default-rack, certSerialId: null}} | ret=SUCCESS |  
2019-09-12 10:32:57,615 [main] INFO  ozone.MiniOzoneClusterImpl (MiniOzoneClusterImpl.java:lambda$waitForClusterToBeReady$0(142)) - Waiting for cluster to be ready. Got 2 of 7 DN Heartbeats.
2019-09-12 10:32:57,745 [IPC Server handler 6 on 38814] INFO  net.NetworkTopology (NetworkTopologyImpl.java:add(110)) - Added a new node: /default-rack/6f7ced02-9074-41a5-813c-bc7a1b1d7969
2019-09-12 10:32:57,745 [IPC Server handler 6 on 38814] INFO  node.SCMNodeManager (SCMNodeManager.java:register(273)) - Registered Data node : 6f7ced02-9074-41a5-813c-bc7a1b1d7969{ip: 192.168.157.195, host: pr-hdds-1569-xtfnx-3545843844, networkLocation: /default-rack, certSerialId: null}
2019-09-12 10:32:57,746 | INFO  | SCMAudit | user=jenkins1000 | ip=192.168.157.195 | op=REGISTER {datanodeDetails=6f7ced02-9074-41a5-813c-bc7a1b1d7969{ip: 192.168.157.195, host: pr-hdds-1569-xtfnx-3545843844, networkLocation: /default-rack, certSerialId: null}} | ret=SUCCESS |  
2019-09-12 10:32:58,316 [IPC Server handler 10 on 38814] INFO  net.NetworkTopology (NetworkTopologyImpl.java:add(110)) - Added a new node: /default-rack/31c45c5a-0c90-4266-9947-1c7c078b7ec4
2019-09-12 10:32:58,316 [IPC Server handler 8 on 38814] INFO  net.NetworkTopology (NetworkTopologyImpl.java:add(110)) - Added a new node: /default-rack/e0e61d4c-2e09-4c56-8609-a14bb69c63aa
2019-09-12 10:32:58,318 [IPC Server handler 10 on 38814] INFO  node.SCMNodeManager (SCMNodeManager.java:register(273)) - Registered Data node : 31c45c5a-0c90-4266-9947-1c7c078b7ec4{ip: 192.168.157.195, host: pr-hdds-1569-xtfnx-3545843844, networkLocation: /default-rack, certSerialId: null}
2019-09-12 10:32:58,318 [IPC Server handler 8 on 38814] INFO  node.SCMNodeManager (SCMNodeManager.java:register(273)) - Registered Data node : e0e61d4c-2e09-4c56-8609-a14bb69c63aa{ip: 192.168.157.195, host: pr-hdds-1569-xtfnx-3545843844, networkLocation: /default-rack, certSerialId: null}
2019-09-12 10:32:58,319 | INFO  | SCMAudit | user=jenkins1000 | ip=192.168.157.195 | op=REGISTER {datanodeDetails=e0e61d4c-2e09-4c56-8609-a14bb69c63aa{ip: 192.168.157.195, host: pr-hdds-1569-xtfnx-3545843844, networkLocation: /default-rack, certSerialId: null}} | ret=SUCCESS |  
2019-09-12 10:32:58,319 | INFO  | SCMAudit | user=jenkins1000 | ip=192.168.157.195 | op=REGISTER {datanodeDetails=31c45c5a-0c90-4266-9947-1c7c078b7ec4{ip: 192.168.157.195, host: pr-hdds-1569-xtfnx-3545843844, networkLocation: /default-rack, certSerialId: null}} | ret=SUCCESS |  
2019-09-12 10:32:58,443 [IPC Server handler 6 on 38814] INFO  net.NetworkTopology (NetworkTopologyImpl.java:add(110)) - Added a new node: /default-rack/81ee34d7-b83f-41e3-b846-e574d684802c
2019-09-12 10:32:58,443 [IPC Server handler 6 on 38814] INFO  node.SCMNodeManager (SCMNodeManager.java:register(273)) - Registered Data node : 81ee34d7-b83f-41e3-b846-e574d684802c{ip: 192.168.157.195, host: pr-hdds-1569-xtfnx-3545843844, networkLocation: /default-rack, certSerialId: null}
2019-09-12 10:32:58,443 | INFO  | SCMAudit | user=jenkins1000 | ip=192.168.157.195 | op=REGISTER {datanodeDetails=81ee34d7-b83f-41e3-b846-e574d684802c{ip: 192.168.157.195, host: pr-hdds-1569-xtfnx-3545843844, networkLocation: /default-rack, certSerialId: null}} | ret=SUCCESS |  
2019-09-12 10:32:58,509 [grpc-default-executor-0] INFO  impl.RaftServerProxy (RaftServerProxy.java:addNew(89)) - 6d8e2272-d3cb-43aa-845f-9a021007c4ce: addNew group-C9C24DE1AC6A:[6d8e2272-d3cb-43aa-845f-9a021007c4ce:192.168.157.195:46389] returns group-C9C24DE1AC6A:java.util.concurrent.CompletableFuture@29b29783[Not completed]
2019-09-12 10:32:58,529 [pool-27-thread-1] INFO  impl.RaftServerImpl (RaftServerImpl.java:<init>(93)) - 6d8e2272-d3cb-43aa-845f-9a021007c4ce: new RaftServerImpl for group-C9C24DE1AC6A:[6d8e2272-d3cb-43aa-845f-9a021007c4ce:192.168.157.195:46389] with ContainerStateMachine:uninitialized
2019-09-12 10:32:58,531 [pool-27-thread-1] INFO  server.RaftServerConfigKeys (ConfUtils.java:logGet(43)) - raft.server.rpc.timeout.min = 5s (custom)
2019-09-12 10:32:58,533 [pool-27-thread-1] INFO  server.RaftServerConfigKeys (ConfUtils.java:logGet(43)) - raft.server.rpc.timeout.max = 5200ms (custom)
2019-09-12 10:32:58,533 [pool-27-thread-1] INFO  server.RaftServerConfigKeys (ConfUtils.java:logGet(43)) - raft.server.rpcslowness.timeout = 120s (custom)
2019-09-12 10:32:58,534 [pool-27-thread-1] INFO  server.RaftServerConfigKeys (ConfUtils.java:logGet(43)) - raft.server.sleep.deviation.threshold = 300 (default)
2019-09-12 10:32:58,535 [pool-27-thread-1] INFO  server.RaftServerConfigKeys (ConfUtils.java:logGet(43)) - raft.server.log.appender.install.snapshot.enabled = false (custom)
2019-09-12 10:32:58,543 [pool-27-thread-1] INFO  impl.RaftServerImpl (ServerState.java:<init>(105)) - 6d8e2272-d3cb-43aa-845f-9a021007c4ce:group-C9C24DE1AC6A ConfigurationManager, init=-1: [6d8e2272-d3cb-43aa-845f-9a021007c4ce:192.168.157.195:46389], old=null, confs=<EMPTY_MAP>
2019-09-12 10:32:58,543 [pool-27-thread-1] INFO  server.RaftServerConfigKeys (ConfUtils.java:logGet(43)) - raft.server.storage.dir = [/workdir/hadoop-ozone/integration-test/target/test-dir/MiniOzoneClusterImpl-5ecceb84-7f52-4627-9972-1a459b519b1f/datanode-0/data/ratis] (custom)
2019-09-12 10:32:58,550 [pool-27-thread-1] INFO  storage.RaftStorageDirectory (RaftStorageDirectory.java:analyzeStorage(246)) - The storage directory /workdir/hadoop-ozone/integration-test/target/test-dir/MiniOzoneClusterImpl-5ecceb84-7f52-4627-9972-1a459b519b1f/datanode-0/data/ratis/bee6f18b-f697-4901-84a0-c9c24de1ac6a does not exist. Creating ...
2019-09-12 10:32:58,566 [pool-27-thread-1] INFO  storage.RaftStorageDirectory (RaftStorageDirectory.java:tryLock(328)) - Lock on /workdir/hadoop-ozone/integration-test/target/test-dir/MiniOzoneClusterImpl-5ecceb84-7f52-4627-9972-1a459b519b1f/datanode-0/data/ratis/bee6f18b-f697-4901-84a0-c9c24de1ac6a/in_use.lock acquired by nodename 32653@pr-hdds-1569-xtfnx-3545843844
2019-09-12 10:32:58,581 [pool-27-thread-1] INFO  storage.RaftStorage (RaftStorage.java:format(72)) - Storage directory /workdir/hadoop-ozone/integration-test/target/test-dir/MiniOzoneClusterImpl-5ecceb84-7f52-4627-9972-1a459b519b1f/datanode-0/data/ratis/bee6f18b-f697-4901-84a0-c9c24de1ac6a has been successfully formatted.
2019-09-12 10:32:58,583 [pool-27-thread-1] INFO  ratis.ContainerStateMachine (ContainerStateMachine.java:loadSnapshot(226)) - group-C9C24DE1AC6A: The snapshot info is null. Setting the last applied indexto:(t:0, i:~)
2019-09-12 10:32:58,584 [pool-27-thread-1] INFO  server.RaftServerConfigKeys (ConfUtils.java:logGet(43)) - raft.server.leader.election.timeout = 120s (custom)
2019-09-12 10:32:58,586 [pool-27-thread-1] INFO  server.RaftServerConfigKeys (ConfUtils.java:logGet(43)) - raft.server.log.use.memory = false (default)
2019-09-12 10:32:58,591 [pool-27-thread-1] INFO  server.RaftServerConfigKeys (ConfUtils.java:logGet(43)) - raft.server.log.purge.gap = 1000000 (custom)
2019-09-12 10:32:58,591 [pool-27-thread-1] INFO  server.RaftServerConfigKeys (ConfUtils.java:logGet(43)) - raft.server.log.appender.buffer.byte-limit = 33554432 (custom)
2019-09-12 10:32:58,593 [pool-27-thread-1] INFO  server.RaftServerConfigKeys (ConfUtils.java:logGet(43)) - raft.server.log.segment.size.max = 1048576 (custom)
2019-09-12 10:32:58,597 [pool-27-thread-1] INFO  server.RaftServerConfigKeys (ConfUtils.java:logGet(43)) - raft.server.log.segment.cache.num.max = 2 (custom)
2019-09-12 10:32:58,602 [pool-27-thread-1] INFO  segmented.SegmentedRaftLogWorker (SegmentedRaftLogWorker.java:<init>(172)) - new 6d8e2272-d3cb-43aa-845f-9a021007c4ce-SegmentedRaftLogWorker:Storage Directory /workdir/hadoop-ozone/integration-test/target/test-dir/MiniOzoneClusterImpl-5ecceb84-7f52-4627-9972-1a459b519b1f/datanode-0/data/ratis/bee6f18b-f697-4901-84a0-c9c24de1ac6a for RaftStorage:Storage Directory /workdir/hadoop-ozone/integration-test/target/test-dir/MiniOzoneClusterImpl-5ecceb84-7f52-4627-9972-1a459b519b1f/datanode-0/data/ratis/bee6f18b-f697-4901-84a0-c9c24de1ac6a
2019-09-12 10:32:58,613 [pool-27-thread-1] INFO  server.RaftServerConfigKeys (ConfUtils.java:logGet(43)) - raft.server.log.queue.byte-limit = 2147483647 (custom)
2019-09-12 10:32:58,613 [pool-27-thread-1] INFO  server.RaftServerConfigKeys (ConfUtils.java:logGet(43)) - raft.server.log.queue.element-limit = 1024 (custom)
2019-09-12 10:32:58,617 [main] INFO  ozone.MiniOzoneClusterImpl (MiniOzoneClusterImpl.java:lambda$waitForClusterToBeReady$0(142)) - Waiting for cluster to be ready. Got 6 of 7 DN Heartbeats.
2019-09-12 10:32:58,619 [IPC Server handler 1 on 38814] INFO  net.NetworkTopology (NetworkTopologyImpl.java:add(110)) - Added a new node: /default-rack/083ebb38-73c7-4c90-bb26-8945a60751ec
2019-09-12 10:32:58,620 [IPC Server handler 1 on 38814] INFO  node.SCMNodeManager (SCMNodeManager.java:register(273)) - Registered Data node : 083ebb38-73c7-4c90-bb26-8945a60751ec{ip: 192.168.157.195, host: pr-hdds-1569-xtfnx-3545843844, networkLocation: /default-rack, certSerialId: null}
2019-09-12 10:32:58,620 | INFO  | SCMAudit | user=jenkins1000 | ip=192.168.157.195 | op=REGISTER {datanodeDetails=083ebb38-73c7-4c90-bb26-8945a60751ec{ip: 192.168.157.195, host: pr-hdds-1569-xtfnx-3545843844, networkLocation: /default-rack, certSerialId: null}} | ret=SUCCESS |  
2019-09-12 10:32:58,622 [pool-27-thread-1] INFO  server.RaftServerConfigKeys (ConfUtils.java:logGet(43)) - raft.server.log.segment.size.max = 1048576 (custom)
2019-09-12 10:32:58,622 [pool-27-thread-1] INFO  server.RaftServerConfigKeys (ConfUtils.java:logGet(43)) - raft.server.log.preallocated.size = 16384 (custom)
2019-09-12 10:32:58,623 [pool-27-thread-1] INFO  server.RaftServerConfigKeys (ConfUtils.java:logGet(43)) - raft.server.log.write.buffer.size = 33554432 (custom)
2019-09-12 10:32:58,623 [pool-27-thread-1] INFO  server.RaftServerConfigKeys (ConfUtils.java:logGet(43)) - raft.server.log.force.sync.num = 128 (default)
2019-09-12 10:32:58,624 [pool-27-thread-1] INFO  server.RaftServerConfigKeys (ConfUtils.java:logGet(43)) - raft.server.log.statemachine.data.sync = true (default)
2019-09-12 10:32:58,624 [pool-27-thread-1] INFO  server.RaftServerConfigKeys (ConfUtils.java:logGet(43)) - raft.server.log.statemachine.data.sync.timeout = 10s (default)
2019-09-12 10:32:58,625 [pool-27-thread-1] INFO  server.RaftServerConfigKeys (ConfUtils.java:logGet(43)) - raft.server.log.statemachine.data.sync.timeout.retry = -1 (default)
2019-09-12 10:32:58,633 [pool-27-thread-1] INFO  server.RaftServerConfigKeys (ConfUtils.java:logGet(43)) - raft.server.log.statemachine.data.caching.enabled = true (custom)
2019-09-12 10:32:58,639 [pool-27-thread-1] INFO  segmented.SegmentedRaftLogWorker (SegmentedRaftLogWorker.java:lambda$new$0(132)) - 6d8e2272-d3cb-43aa-845f-9a021007c4ce-SegmentedRaftLogWorker:Storage Directory /workdir/hadoop-ozone/integration-test/target/test-dir/MiniOzoneClusterImpl-5ecceb84-7f52-4627-9972-1a459b519b1f/datanode-0/data/ratis/bee6f18b-f697-4901-84a0-c9c24de1ac6a: flushIndex: setUnconditionally 0 -> -1
2019-09-12 10:32:58,643 [pool-27-thread-1] INFO  server.RaftServerConfigKeys (ConfUtils.java:logGet(43)) - raft.server.snapshot.auto.trigger.enabled = true (custom)
2019-09-12 10:32:58,644 [pool-27-thread-1] INFO  server.RaftServerConfigKeys (ConfUtils.java:logGet(43)) - raft.server.snapshot.auto.trigger.threshold = 10000 (custom)
2019-09-12 10:32:58,645 [pool-27-thread-1] INFO  server.RaftServerConfigKeys (ConfUtils.java:logGet(43)) - raft.server.retrycache.expirytime = 600000ms (custom)
2019-09-12 10:32:58,665 [pool-27-thread-1] INFO  impl.RaftServerImpl (RaftServerImpl.java:start(180)) - 6d8e2272-d3cb-43aa-845f-9a021007c4ce: start group-C9C24DE1AC6A
2019-09-12 10:32:58,666 [pool-27-thread-1] INFO  impl.RaftServerImpl (RaftServerImpl.java:setRole(171)) - 6d8e2272-d3cb-43aa-845f-9a021007c4ce:group-C9C24DE1AC6A changes role from null to FOLLOWER at term 0 for startAsFollower
2019-09-12 10:32:58,667 [pool-27-thread-1] INFO  impl.RoleInfo (RoleInfo.java:updateAndGet(143)) - 6d8e2272-d3cb-43aa-845f-9a021007c4ce: start FollowerState
2019-09-12 10:32:58,669 [pool-27-thread-1] INFO  util.JmxRegister (JmxRegister.java:tryRegister(44)) - Successfully registered JMX Bean with object name Ratis:service=RaftServer,group=group-C9C24DE1AC6A,id=6d8e2272-d3cb-43aa-845f-9a021007c4ce
2019-09-12 10:32:58,742 [RatisPipelineUtilsThread] INFO  pipeline.PipelineStateManager (PipelineStateManager.java:addPipeline(56)) - Created pipeline Pipeline[ Id: bee6f18b-f697-4901-84a0-c9c24de1ac6a, Nodes: 6d8e2272-d3cb-43aa-845f-9a021007c4ce{ip: 192.168.157.195, host: pr-hdds-1569-xtfnx-3545843844, networkLocation: /default-rack, certSerialId: null}, Type:RATIS, Factor:ONE, State:OPEN]
2019-09-12 10:32:58,786 [grpc-default-executor-0] INFO  impl.RaftServerProxy (RaftServerProxy.java:addNew(89)) - 6f7ced02-9074-41a5-813c-bc7a1b1d7969: addNew group-CFE5A37682F4:[6f7ced02-9074-41a5-813c-bc7a1b1d7969:192.168.157.195:46366] returns group-CFE5A37682F4:java.util.concurrent.CompletableFuture@6dc05076[Not completed]
2019-09-12 10:32:58,846 [pool-49-thread-1] INFO  impl.RaftServerImpl (RaftServerImpl.java:<init>(93)) - 6f7ced02-9074-41a5-813c-bc7a1b1d7969: new RaftServerImpl for group-CFE5A37682F4:[6f7ced02-9074-41a5-813c-bc7a1b1d7969:192.168.157.195:46366] with ContainerStateMachine:uninitialized
2019-09-12 10:32:58,847 [pool-49-thread-1] INFO  server.RaftServerConfigKeys (ConfUtils.java:logGet(43)) - raft.server.rpc.timeout.min = 5s (custom)
2019-09-12 10:32:58,848 [pool-49-thread-1] INFO  server.RaftServerConfigKeys (ConfUtils.java:logGet(43)) - raft.server.rpc.timeout.max = 5200ms (custom)
2019-09-12 10:32:58,848 [pool-49-thread-1] INFO  server.RaftServerConfigKeys (ConfUtils.java:logGet(43)) - raft.server.rpcslowness.timeout = 120s (custom)
2019-09-12 10:32:58,848 [pool-49-thread-1] INFO  server.RaftServerConfigKeys (ConfUtils.java:logGet(43)) - raft.server.sleep.deviation.threshold = 300 (default)
2019-09-12 10:32:58,848 [pool-49-thread-1] INFO  server.RaftServerConfigKeys (ConfUtils.java:logGet(43)) - raft.server.log.appender.install.snapshot.enabled = false (custom)
2019-09-12 10:32:58,848 [pool-49-thread-1] INFO  impl.RaftServerImpl (ServerState.java:<init>(105)) - 6f7ced02-9074-41a5-813c-bc7a1b1d7969:group-CFE5A37682F4 ConfigurationManager, init=-1: [6f7ced02-9074-41a5-813c-bc7a1b1d7969:192.168.157.195:46366], old=null, confs=<EMPTY_MAP>
2019-09-12 10:32:58,848 [pool-49-thread-1] INFO  server.RaftServerConfigKeys (ConfUtils.java:logGet(43)) - raft.server.storage.dir = [/workdir/hadoop-ozone/integration-test/target/test-dir/MiniOzoneClusterImpl-5ecceb84-7f52-4627-9972-1a459b519b1f/datanode-2/data/ratis] (custom)
2019-09-12 10:32:58,849 [pool-49-thread-1] INFO  storage.RaftStorageDirectory (RaftStorageDirectory.java:analyzeStorage(246)) - The storage directory /workdir/hadoop-ozone/integration-test/target/test-dir/MiniOzoneClusterImpl-5ecceb84-7f52-4627-9972-1a459b519b1f/datanode-2/data/ratis/73ef2f8e-6b96-4b5f-a563-cfe5a37682f4 does not exist. Creating ...
2019-09-12 10:32:58,863 [pool-49-thread-1] INFO  storage.RaftStorageDirectory (RaftStorageDirectory.java:tryLock(328)) - Lock on /workdir/hadoop-ozone/integration-test/target/test-dir/MiniOzoneClusterImpl-5ecceb84-7f52-4627-9972-1a459b519b1f/datanode-2/data/ratis/73ef2f8e-6b96-4b5f-a563-cfe5a37682f4/in_use.lock acquired by nodename 32653@pr-hdds-1569-xtfnx-3545843844
2019-09-12 10:32:58,876 [pool-49-thread-1] INFO  storage.RaftStorage (RaftStorage.java:format(72)) - Storage directory /workdir/hadoop-ozone/integration-test/target/test-dir/MiniOzoneClusterImpl-5ecceb84-7f52-4627-9972-1a459b519b1f/datanode-2/data/ratis/73ef2f8e-6b96-4b5f-a563-cfe5a37682f4 has been successfully formatted.
2019-09-12 10:32:58,877 [pool-49-thread-1] INFO  ratis.ContainerStateMachine (ContainerStateMachine.java:loadSnapshot(226)) - group-CFE5A37682F4: The snapshot info is null. Setting the last applied indexto:(t:0, i:~)
2019-09-12 10:32:58,878 [pool-49-thread-1] INFO  server.RaftServerConfigKeys (ConfUtils.java:logGet(43)) - raft.server.leader.election.timeout = 120s (custom)
2019-09-12 10:32:58,878 [pool-49-thread-1] INFO  server.RaftServerConfigKeys (ConfUtils.java:logGet(43)) - raft.server.log.use.memory = false (default)
2019-09-12 10:32:58,878 [pool-49-thread-1] INFO  server.RaftServerConfigKeys (ConfUtils.java:logGet(43)) - raft.server.log.purge.gap = 1000000 (custom)
2019-09-12 10:32:58,879 [pool-49-thread-1] INFO  server.RaftServerConfigKeys (ConfUtils.java:logGet(43)) - raft.server.log.appender.buffer.byte-limit = 33554432 (custom)
2019-09-12 10:32:58,879 [pool-49-thread-1] INFO  server.RaftServerConfigKeys (ConfUtils.java:logGet(43)) - raft.server.log.segment.size.max = 1048576 (custom)
2019-09-12 10:32:58,879 [pool-49-thread-1] INFO  server.RaftServerConfigKeys (ConfUtils.java:logGet(43)) - raft.server.log.segment.cache.num.max = 2 (custom)
2019-09-12 10:32:58,879 [pool-49-thread-1] INFO  segmented.SegmentedRaftLogWorker (SegmentedRaftLogWorker.java:<init>(172)) - new 6f7ced02-9074-41a5-813c-bc7a1b1d7969-SegmentedRaftLogWorker:Storage Directory /workdir/hadoop-ozone/integration-test/target/test-dir/MiniOzoneClusterImpl-5ecceb84-7f52-4627-9972-1a459b519b1f/datanode-2/data/ratis/73ef2f8e-6b96-4b5f-a563-cfe5a37682f4 for RaftStorage:Storage Directory /workdir/hadoop-ozone/integration-test/target/test-dir/MiniOzoneClusterImpl-5ecceb84-7f52-4627-9972-1a459b519b1f/datanode-2/data/ratis/73ef2f8e-6b96-4b5f-a563-cfe5a37682f4
2019-09-12 10:32:58,881 [pool-49-thread-1] INFO  server.RaftServerConfigKeys (ConfUtils.java:logGet(43)) - raft.server.log.queue.byte-limit = 2147483647 (custom)
2019-09-12 10:32:58,881 [pool-49-thread-1] INFO  server.RaftServerConfigKeys (ConfUtils.java:logGet(43)) - raft.server.log.queue.element-limit = 1024 (custom)
2019-09-12 10:32:58,881 [pool-49-thread-1] INFO  server.RaftServerConfigKeys (ConfUtils.java:logGet(43)) - raft.server.log.segment.size.max = 1048576 (custom)
2019-09-12 10:32:58,881 [pool-49-thread-1] INFO  server.RaftServerConfigKeys (ConfUtils.java:logGet(43)) - raft.server.log.preallocated.size = 16384 (custom)
2019-09-12 10:32:58,881 [pool-49-thread-1] INFO  server.RaftServerConfigKeys (ConfUtils.java:logGet(43)) - raft.server.log.write.buffer.size = 33554432 (custom)
2019-09-12 10:32:58,881 [pool-49-thread-1] INFO  server.RaftServerConfigKeys (ConfUtils.java:logGet(43)) - raft.server.log.force.sync.num = 128 (default)
2019-09-12 10:32:58,882 [pool-49-thread-1] INFO  server.RaftServerConfigKeys (ConfUtils.java:logGet(43)) - raft.server.log.statemachine.data.sync = true (default)
2019-09-12 10:32:58,882 [pool-49-thread-1] INFO  server.RaftServerConfigKeys (ConfUtils.java:logGet(43)) - raft.server.log.statemachine.data.sync.timeout = 10s (default)
2019-09-12 10:32:58,882 [pool-49-thread-1] INFO  server.RaftServerConfigKeys (ConfUtils.java:logGet(43)) - raft.server.log.statemachine.data.sync.timeout.retry = -1 (default)
2019-09-12 10:32:58,882 [pool-49-thread-1] INFO  server.RaftServerConfigKeys (ConfUtils.java:logGet(43)) - raft.server.log.statemachine.data.caching.enabled = true (custom)
2019-09-12 10:32:58,883 [pool-49-thread-1] INFO  segmented.SegmentedRaftLogWorker (SegmentedRaftLogWorker.java:lambda$new$0(132)) - 6f7ced02-9074-41a5-813c-bc7a1b1d7969-SegmentedRaftLogWorker:Storage Directory /workdir/hadoop-ozone/integration-test/target/test-dir/MiniOzoneClusterImpl-5ecceb84-7f52-4627-9972-1a459b519b1f/datanode-2/data/ratis/73ef2f8e-6b96-4b5f-a563-cfe5a37682f4: flushIndex: setUnconditionally 0 -> -1
2019-09-12 10:32:58,883 [pool-49-thread-1] INFO  server.RaftServerConfigKeys (ConfUtils.java:logGet(43)) - raft.server.snapshot.auto.trigger.enabled = true (custom)
2019-09-12 10:32:58,883 [pool-49-thread-1] INFO  server.RaftServerConfigKeys (ConfUtils.java:logGet(43)) - raft.server.snapshot.auto.trigger.threshold = 10000 (custom)
2019-09-12 10:32:58,883 [pool-49-thread-1] INFO  server.RaftServerConfigKeys (ConfUtils.java:logGet(43)) - raft.server.retrycache.expirytime = 600000ms (custom)
2019-09-12 10:32:58,883 [pool-49-thread-1] INFO  impl.RaftServerImpl (RaftServerImpl.java:start(180)) - 6f7ced02-9074-41a5-813c-bc7a1b1d7969: start group-CFE5A37682F4
2019-09-12 10:32:58,884 [pool-49-thread-1] INFO  impl.RaftServerImpl (RaftServerImpl.java:setRole(171)) - 6f7ced02-9074-41a5-813c-bc7a1b1d7969:group-CFE5A37682F4 changes role from null to FOLLOWER at term 0 for startAsFollower
2019-09-12 10:32:58,884 [pool-49-thread-1] INFO  impl.RoleInfo (RoleInfo.java:updateAndGet(143)) - 6f7ced02-9074-41a5-813c-bc7a1b1d7969: start FollowerState
2019-09-12 10:32:58,885 [pool-49-thread-1] INFO  util.JmxRegister (JmxRegister.java:tryRegister(44)) - Successfully registered JMX Bean with object name Ratis:service=RaftServer,group=group-CFE5A37682F4,id=6f7ced02-9074-41a5-813c-bc7a1b1d7969
2019-09-12 10:32:58,898 [RatisPipelineUtilsThread] INFO  pipeline.PipelineStateManager (PipelineStateManager.java:addPipeline(56)) - Created pipeline Pipeline[ Id: 73ef2f8e-6b96-4b5f-a563-cfe5a37682f4, Nodes: 6f7ced02-9074-41a5-813c-bc7a1b1d7969{ip: 192.168.157.195, host: pr-hdds-1569-xtfnx-3545843844, networkLocation: /default-rack, certSerialId: null}, Type:RATIS, Factor:ONE, State:OPEN]
2019-09-12 10:32:58,923 [grpc-default-executor-0] INFO  impl.RaftServerProxy (RaftServerProxy.java:addNew(89)) - 6d8e2272-d3cb-43aa-845f-9a021007c4ce: addNew group-266A07093F11:[6d8e2272-d3cb-43aa-845f-9a021007c4ce:192.168.157.195:46389] returns group-266A07093F11:java.util.concurrent.CompletableFuture@2c0c7943[Not completed]
2019-09-12 10:32:58,939 [pool-27-thread-1] INFO  impl.RaftServerImpl (RaftServerImpl.java:<init>(93)) - 6d8e2272-d3cb-43aa-845f-9a021007c4ce: new RaftServerImpl for group-266A07093F11:[6d8e2272-d3cb-43aa-845f-9a021007c4ce:192.168.157.195:46389] with ContainerStateMachine:uninitialized
2019-09-12 10:32:58,939 [pool-27-thread-1] INFO  server.RaftServerConfigKeys (ConfUtils.java:logGet(43)) - raft.server.rpc.timeout.min = 5s (custom)
2019-09-12 10:32:58,939 [pool-27-thread-1] INFO  server.RaftServerConfigKeys (ConfUtils.java:logGet(43)) - raft.server.rpc.timeout.max = 5200ms (custom)
2019-09-12 10:32:58,939 [pool-27-thread-1] INFO  server.RaftServerConfigKeys (ConfUtils.java:logGet(43)) - raft.server.rpcslowness.timeout = 120s (custom)
2019-09-12 10:32:58,939 [pool-27-thread-1] INFO  server.RaftServerConfigKeys (ConfUtils.java:logGet(43)) - raft.server.sleep.deviation.threshold = 300 (default)
2019-09-12 10:32:58,940 [pool-27-thread-1] INFO  server.RaftServerConfigKeys (ConfUtils.java:logGet(43)) - raft.server.log.appender.install.snapshot.enabled = false (custom)
2019-09-12 10:32:58,940 [pool-27-thread-1] INFO  impl.RaftServerImpl (ServerState.java:<init>(105)) - 6d8e2272-d3cb-43aa-845f-9a021007c4ce:group-266A07093F11 ConfigurationManager, init=-1: [6d8e2272-d3cb-43aa-845f-9a021007c4ce:192.168.157.195:46389], old=null, confs=<EMPTY_MAP>
2019-09-12 10:32:58,940 [pool-27-thread-1] INFO  server.RaftServerConfigKeys (ConfUtils.java:logGet(43)) - raft.server.storage.dir = [/workdir/hadoop-ozone/integration-test/target/test-dir/MiniOzoneClusterImpl-5ecceb84-7f52-4627-9972-1a459b519b1f/datanode-0/data/ratis] (custom)
2019-09-12 10:32:58,940 [pool-27-thread-1] INFO  storage.RaftStorageDirectory (RaftStorageDirectory.java:analyzeStorage(246)) - The storage directory /workdir/hadoop-ozone/integration-test/target/test-dir/MiniOzoneClusterImpl-5ecceb84-7f52-4627-9972-1a459b519b1f/datanode-0/data/ratis/22b38ba4-2f8a-43fb-b077-266a07093f11 does not exist. Creating ...
2019-09-12 10:32:58,961 [pool-27-thread-1] INFO  storage.RaftStorageDirectory (RaftStorageDirectory.java:tryLock(328)) - Lock on /workdir/hadoop-ozone/integration-test/target/test-dir/MiniOzoneClusterImpl-5ecceb84-7f52-4627-9972-1a459b519b1f/datanode-0/data/ratis/22b38ba4-2f8a-43fb-b077-266a07093f11/in_use.lock acquired by nodename 32653@pr-hdds-1569-xtfnx-3545843844
2019-09-12 10:32:58,974 [pool-27-thread-1] INFO  storage.RaftStorage (RaftStorage.java:format(72)) - Storage directory /workdir/hadoop-ozone/integration-test/target/test-dir/MiniOzoneClusterImpl-5ecceb84-7f52-4627-9972-1a459b519b1f/datanode-0/data/ratis/22b38ba4-2f8a-43fb-b077-266a07093f11 has been successfully formatted.
2019-09-12 10:32:58,974 [pool-27-thread-1] INFO  ratis.ContainerStateMachine (ContainerStateMachine.java:loadSnapshot(226)) - group-266A07093F11: The snapshot info is null. Setting the last applied indexto:(t:0, i:~)
2019-09-12 10:32:58,974 [pool-27-thread-1] INFO  server.RaftServerConfigKeys (ConfUtils.java:logGet(43)) - raft.server.leader.election.timeout = 120s (custom)
2019-09-12 10:32:58,974 [pool-27-thread-1] INFO  server.RaftServerConfigKeys (ConfUtils.java:logGet(43)) - raft.server.log.use.memory = false (default)
2019-09-12 10:32:58,975 [pool-27-thread-1] INFO  server.RaftServerConfigKeys (ConfUtils.java:logGet(43)) - raft.server.log.purge.gap = 1000000 (custom)
2019-09-12 10:32:58,975 [pool-27-thread-1] INFO  server.RaftServerConfigKeys (ConfUtils.java:logGet(43)) - raft.server.log.appender.buffer.byte-limit = 33554432 (custom)
2019-09-12 10:32:58,975 [pool-27-thread-1] INFO  server.RaftServerConfigKeys (ConfUtils.java:logGet(43)) - raft.server.log.segment.size.max = 1048576 (custom)
2019-09-12 10:32:58,975 [pool-27-thread-1] INFO  server.RaftServerConfigKeys (ConfUtils.java:logGet(43)) - raft.server.log.segment.cache.num.max = 2 (custom)
2019-09-12 10:32:58,975 [pool-27-thread-1] INFO  segmented.SegmentedRaftLogWorker (SegmentedRaftLogWorker.java:<init>(172)) - new 6d8e2272-d3cb-43aa-845f-9a021007c4ce-SegmentedRaftLogWorker:Storage Directory /workdir/hadoop-ozone/integration-test/target/test-dir/MiniOzoneClusterImpl-5ecceb84-7f52-4627-9972-1a459b519b1f/datanode-0/data/ratis/22b38ba4-2f8a-43fb-b077-266a07093f11 for RaftStorage:Storage Directory /workdir/hadoop-ozone/integration-test/target/test-dir/MiniOzoneClusterImpl-5ecceb84-7f52-4627-9972-1a459b519b1f/datanode-0/data/ratis/22b38ba4-2f8a-43fb-b077-266a07093f11
2019-09-12 10:32:58,975 [pool-27-thread-1] INFO  server.RaftServerConfigKeys (ConfUtils.java:logGet(43)) - raft.server.log.queue.byte-limit = 2147483647 (custom)
2019-09-12 10:32:58,976 [pool-27-thread-1] INFO  server.RaftServerConfigKeys (ConfUtils.java:logGet(43)) - raft.server.log.queue.element-limit = 1024 (custom)
2019-09-12 10:32:58,976 [pool-27-thread-1] INFO  server.RaftServerConfigKeys (ConfUtils.java:logGet(43)) - raft.server.log.segment.size.max = 1048576 (custom)
2019-09-12 10:32:58,976 [pool-27-thread-1] INFO  server.RaftServerConfigKeys (ConfUtils.java:logGet(43)) - raft.server.log.preallocated.size = 16384 (custom)
2019-09-12 10:32:58,976 [pool-27-thread-1] INFO  server.RaftServerConfigKeys (ConfUtils.java:logGet(43)) - raft.server.log.write.buffer.size = 33554432 (custom)
2019-09-12 10:32:58,976 [pool-27-thread-1] INFO  server.RaftServerConfigKeys (ConfUtils.java:logGet(43)) - raft.server.log.force.sync.num = 128 (default)
2019-09-12 10:32:58,977 [pool-27-thread-1] INFO  server.RaftServerConfigKeys (ConfUtils.java:logGet(43)) - raft.server.log.statemachine.data.sync = true (default)
2019-09-12 10:32:58,977 [pool-27-thread-1] INFO  server.RaftServerConfigKeys (ConfUtils.java:logGet(43)) - raft.server.log.statemachine.data.sync.timeout = 10s (default)
2019-09-12 10:32:58,977 [pool-27-thread-1] INFO  server.RaftServerConfigKeys (ConfUtils.java:logGet(43)) - raft.server.log.statemachine.data.sync.timeout.retry = -1 (default)
2019-09-12 10:32:58,977 [pool-27-thread-1] INFO  server.RaftServerConfigKeys (ConfUtils.java:logGet(43)) - raft.server.log.statemachine.data.caching.enabled = true (custom)
2019-09-12 10:32:58,978 [pool-27-thread-1] INFO  segmented.SegmentedRaftLogWorker (SegmentedRaftLogWorker.java:lambda$new$0(132)) - 6d8e2272-d3cb-43aa-845f-9a021007c4ce-SegmentedRaftLogWorker:Storage Directory /workdir/hadoop-ozone/integration-test/target/test-dir/MiniOzoneClusterImpl-5ecceb84-7f52-4627-9972-1a459b519b1f/datanode-0/data/ratis/22b38ba4-2f8a-43fb-b077-266a07093f11: flushIndex: setUnconditionally 0 -> -1
2019-09-12 10:32:58,978 [pool-27-thread-1] INFO  server.RaftServerConfigKeys (ConfUtils.java:logGet(43)) - raft.server.snapshot.auto.trigger.enabled = true (custom)
2019-09-12 10:32:58,978 [pool-27-thread-1] INFO  server.RaftServerConfigKeys (ConfUtils.java:logGet(43)) - raft.server.snapshot.auto.trigger.threshold = 10000 (custom)
2019-09-12 10:32:58,978 [pool-27-thread-1] INFO  server.RaftServerConfigKeys (ConfUtils.java:logGet(43)) - raft.server.retrycache.expirytime = 600000ms (custom)
2019-09-12 10:32:58,979 [pool-27-thread-1] INFO  impl.RaftServerImpl (RaftServerImpl.java:start(180)) - 6d8e2272-d3cb-43aa-845f-9a021007c4ce: start group-266A07093F11
2019-09-12 10:32:58,979 [pool-27-thread-1] INFO  impl.RaftServerImpl (RaftServerImpl.java:setRole(171)) - 6d8e2272-d3cb-43aa-845f-9a021007c4ce:group-266A07093F11 changes role from null to FOLLOWER at term 0 for startAsFollower
2019-09-12 10:32:58,979 [pool-27-thread-1] INFO  impl.RoleInfo (RoleInfo.java:updateAndGet(143)) - 6d8e2272-d3cb-43aa-845f-9a021007c4ce: start FollowerState
2019-09-12 10:32:58,979 [pool-27-thread-1] INFO  util.JmxRegister (JmxRegister.java:tryRegister(44)) - Successfully registered JMX Bean with object name Ratis:service=RaftServer,group=group-266A07093F11,id=6d8e2272-d3cb-43aa-845f-9a021007c4ce
2019-09-12 10:32:58,995 [RatisPipelineUtilsThread] INFO  pipeline.PipelineStateManager (PipelineStateManager.java:addPipeline(56)) - Created pipeline Pipeline[ Id: 22b38ba4-2f8a-43fb-b077-266a07093f11, Nodes: 6d8e2272-d3cb-43aa-845f-9a021007c4ce{ip: 192.168.157.195, host: pr-hdds-1569-xtfnx-3545843844, networkLocation: /default-rack, certSerialId: null}, Type:RATIS, Factor:ONE, State:OPEN]
2019-09-12 10:32:59,018 [grpc-default-executor-0] INFO  impl.RaftServerProxy (RaftServerProxy.java:addNew(89)) - 6f7ced02-9074-41a5-813c-bc7a1b1d7969: addNew group-758DF5410486:[6f7ced02-9074-41a5-813c-bc7a1b1d7969:192.168.157.195:46366] returns group-758DF5410486:java.util.concurrent.CompletableFuture@5595f7a7[Not completed]
2019-09-12 10:32:59,020 [pool-49-thread-1] INFO  impl.RaftServerImpl (RaftServerImpl.java:<init>(93)) - 6f7ced02-9074-41a5-813c-bc7a1b1d7969: new RaftServerImpl for group-758DF5410486:[6f7ced02-9074-41a5-813c-bc7a1b1d7969:192.168.157.195:46366] with ContainerStateMachine:uninitialized
2019-09-12 10:32:59,020 [pool-49-thread-1] INFO  server.RaftServerConfigKeys (ConfUtils.java:logGet(43)) - raft.server.rpc.timeout.min = 5s (custom)
2019-09-12 10:32:59,020 [pool-49-thread-1] INFO  server.RaftServerConfigKeys (ConfUtils.java:logGet(43)) - raft.server.rpc.timeout.max = 5200ms (custom)
2019-09-12 10:32:59,020 [pool-49-thread-1] INFO  server.RaftServerConfigKeys (ConfUtils.java:logGet(43)) - raft.server.rpcslowness.timeout = 120s (custom)
2019-09-12 10:32:59,020 [pool-49-thread-1] INFO  server.RaftServerConfigKeys (ConfUtils.java:logGet(43)) - raft.server.sleep.deviation.threshold = 300 (default)
2019-09-12 10:32:59,021 [pool-49-thread-1] INFO  server.RaftServerConfigKeys (ConfUtils.java:logGet(43)) - raft.server.log.appender.install.snapshot.enabled = false (custom)
2019-09-12 10:32:59,021 [pool-49-thread-1] INFO  impl.RaftServerImpl (ServerState.java:<init>(105)) - 6f7ced02-9074-41a5-813c-bc7a1b1d7969:group-758DF5410486 ConfigurationManager, init=-1: [6f7ced02-9074-41a5-813c-bc7a1b1d7969:192.168.157.195:46366], old=null, confs=<EMPTY_MAP>
2019-09-12 10:32:59,021 [pool-49-thread-1] INFO  server.RaftServerConfigKeys (ConfUtils.java:logGet(43)) - raft.server.storage.dir = [/workdir/hadoop-ozone/integration-test/target/test-dir/MiniOzoneClusterImpl-5ecceb84-7f52-4627-9972-1a459b519b1f/datanode-2/data/ratis] (custom)
2019-09-12 10:32:59,021 [pool-49-thread-1] INFO  storage.RaftStorageDirectory (RaftStorageDirectory.java:analyzeStorage(246)) - The storage directory /workdir/hadoop-ozone/integration-test/target/test-dir/MiniOzoneClusterImpl-5ecceb84-7f52-4627-9972-1a459b519b1f/datanode-2/data/ratis/9e3ce721-79bf-4719-a57d-758df5410486 does not exist. Creating ...
2019-09-12 10:32:59,035 [pool-49-thread-1] INFO  storage.RaftStorageDirectory (RaftStorageDirectory.java:tryLock(328)) - Lock on /workdir/hadoop-ozone/integration-test/target/test-dir/MiniOzoneClusterImpl-5ecceb84-7f52-4627-9972-1a459b519b1f/datanode-2/data/ratis/9e3ce721-79bf-4719-a57d-758df5410486/in_use.lock acquired by nodename 32653@pr-hdds-1569-xtfnx-3545843844
2019-09-12 10:32:59,048 [pool-49-thread-1] INFO  storage.RaftStorage (RaftStorage.java:format(72)) - Storage directory /workdir/hadoop-ozone/integration-test/target/test-dir/MiniOzoneClusterImpl-5ecceb84-7f52-4627-9972-1a459b519b1f/datanode-2/data/ratis/9e3ce721-79bf-4719-a57d-758df5410486 has been successfully formatted.
2019-09-12 10:32:59,049 [pool-49-thread-1] INFO  ratis.ContainerStateMachine (ContainerStateMachine.java:loadSnapshot(226)) - group-758DF5410486: The snapshot info is null. Setting the last applied indexto:(t:0, i:~)
2019-09-12 10:32:59,049 [pool-49-thread-1] INFO  server.RaftServerConfigKeys (ConfUtils.java:logGet(43)) - raft.server.leader.election.timeout = 120s (custom)
2019-09-12 10:32:59,050 [pool-49-thread-1] INFO  server.RaftServerConfigKeys (ConfUtils.java:logGet(43)) - raft.server.log.use.memory = false (default)
2019-09-12 10:32:59,050 [pool-49-thread-1] INFO  server.RaftServerConfigKeys (ConfUtils.java:logGet(43)) - raft.server.log.purge.gap = 1000000 (custom)
2019-09-12 10:32:59,050 [pool-49-thread-1] INFO  server.RaftServerConfigKeys (ConfUtils.java:logGet(43)) - raft.server.log.appender.buffer.byte-limit = 33554432 (custom)
2019-09-12 10:32:59,050 [pool-49-thread-1] INFO  server.RaftServerConfigKeys (ConfUtils.java:logGet(43)) - raft.server.log.segment.size.max = 1048576 (custom)
2019-09-12 10:32:59,050 [pool-49-thread-1] INFO  server.RaftServerConfigKeys (ConfUtils.java:logGet(43)) - raft.server.log.segment.cache.num.max = 2 (custom)
2019-09-12 10:32:59,051 [pool-49-thread-1] INFO  segmented.SegmentedRaftLogWorker (SegmentedRaftLogWorker.java:<init>(172)) - new 6f7ced02-9074-41a5-813c-bc7a1b1d7969-SegmentedRaftLogWorker:Storage Directory /workdir/hadoop-ozone/integration-test/target/test-dir/MiniOzoneClusterImpl-5ecceb84-7f52-4627-9972-1a459b519b1f/datanode-2/data/ratis/9e3ce721-79bf-4719-a57d-758df5410486 for RaftStorage:Storage Directory /workdir/hadoop-ozone/integration-test/target/test-dir/MiniOzoneClusterImpl-5ecceb84-7f52-4627-9972-1a459b519b1f/datanode-2/data/ratis/9e3ce721-79bf-4719-a57d-758df5410486
2019-09-12 10:32:59,051 [pool-49-thread-1] INFO  server.RaftServerConfigKeys (ConfUtils.java:logGet(43)) - raft.server.log.queue.byte-limit = 2147483647 (custom)
2019-09-12 10:32:59,051 [pool-49-thread-1] INFO  server.RaftServerConfigKeys (ConfUtils.java:logGet(43)) - raft.server.log.queue.element-limit = 1024 (custom)
2019-09-12 10:32:59,051 [pool-49-thread-1] INFO  server.RaftServerConfigKeys (ConfUtils.java:logGet(43)) - raft.server.log.segment.size.max = 1048576 (custom)
2019-09-12 10:32:59,051 [pool-49-thread-1] INFO  server.RaftServerConfigKeys (ConfUtils.java:logGet(43)) - raft.server.log.preallocated.size = 16384 (custom)
2019-09-12 10:32:59,051 [pool-49-thread-1] INFO  server.RaftServerConfigKeys (ConfUtils.java:logGet(43)) - raft.server.log.write.buffer.size = 33554432 (custom)
2019-09-12 10:32:59,052 [pool-49-thread-1] INFO  server.RaftServerConfigKeys (ConfUtils.java:logGet(43)) - raft.server.log.force.sync.num = 128 (default)
2019-09-12 10:32:59,052 [pool-49-thread-1] INFO  server.RaftServerConfigKeys (ConfUtils.java:logGet(43)) - raft.server.log.statemachine.data.sync = true (default)
2019-09-12 10:32:59,052 [pool-49-thread-1] INFO  server.RaftServerConfigKeys (ConfUtils.java:logGet(43)) - raft.server.log.statemachine.data.sync.timeout = 10s (default)
2019-09-12 10:32:59,052 [pool-49-thread-1] INFO  server.RaftServerConfigKeys (ConfUtils.java:logGet(43)) - raft.server.log.statemachine.data.sync.timeout.retry = -1 (default)
2019-09-12 10:32:59,053 [pool-49-thread-1] INFO  server.RaftServerConfigKeys (ConfUtils.java:logGet(43)) - raft.server.log.statemachine.data.caching.enabled = true (custom)
2019-09-12 10:32:59,053 [pool-49-thread-1] INFO  segmented.SegmentedRaftLogWorker (SegmentedRaftLogWorker.java:lambda$new$0(132)) - 6f7ced02-9074-41a5-813c-bc7a1b1d7969-SegmentedRaftLogWorker:Storage Directory /workdir/hadoop-ozone/integration-test/target/test-dir/MiniOzoneClusterImpl-5ecceb84-7f52-4627-9972-1a459b519b1f/datanode-2/data/ratis/9e3ce721-79bf-4719-a57d-758df5410486: flushIndex: setUnconditionally 0 -> -1
2019-09-12 10:32:59,053 [pool-49-thread-1] INFO  server.RaftServerConfigKeys (ConfUtils.java:logGet(43)) - raft.server.snapshot.auto.trigger.enabled = true (custom)
2019-09-12 10:32:59,054 [pool-49-thread-1] INFO  server.RaftServerConfigKeys (ConfUtils.java:logGet(43)) - raft.server.snapshot.auto.trigger.threshold = 10000 (custom)
2019-09-12 10:32:59,054 [pool-49-thread-1] INFO  server.RaftServerConfigKeys (ConfUtils.java:logGet(43)) - raft.server.retrycache.expirytime = 600000ms (custom)
2019-09-12 10:32:59,054 [pool-49-thread-1] INFO  impl.RaftServerImpl (RaftServerImpl.java:start(180)) - 6f7ced02-9074-41a5-813c-bc7a1b1d7969: start group-758DF5410486
2019-09-12 10:32:59,054 [pool-49-thread-1] INFO  impl.RaftServerImpl (RaftServerImpl.java:setRole(171)) - 6f7ced02-9074-41a5-813c-bc7a1b1d7969:group-758DF5410486 changes role from null to FOLLOWER at term 0 for startAsFollower
2019-09-12 10:32:59,054 [pool-49-thread-1] INFO  impl.RoleInfo (RoleInfo.java:updateAndGet(143)) - 6f7ced02-9074-41a5-813c-bc7a1b1d7969: start FollowerState
2019-09-12 10:32:59,055 [pool-49-thread-1] INFO  util.JmxRegister (JmxRegister.java:tryRegister(44)) - Successfully registered JMX Bean with object name Ratis:service=RaftServer,group=group-758DF5410486,id=6f7ced02-9074-41a5-813c-bc7a1b1d7969
2019-09-12 10:32:59,073 [RatisPipelineUtilsThread] INFO  pipeline.PipelineStateManager (PipelineStateManager.java:addPipeline(56)) - Created pipeline Pipeline[ Id: 9e3ce721-79bf-4719-a57d-758df5410486, Nodes: 6f7ced02-9074-41a5-813c-bc7a1b1d7969{ip: 192.168.157.195, host: pr-hdds-1569-xtfnx-3545843844, networkLocation: /default-rack, certSerialId: null}, Type:RATIS, Factor:ONE, State:OPEN]
2019-09-12 10:32:59,093 [grpc-default-executor-0] INFO  impl.RaftServerProxy (RaftServerProxy.java:addNew(89)) - e0e61d4c-2e09-4c56-8609-a14bb69c63aa: addNew group-D7E2F5346064:[e0e61d4c-2e09-4c56-8609-a14bb69c63aa:192.168.157.195:42576] returns group-D7E2F5346064:java.util.concurrent.CompletableFuture@6640f4b5[Not completed]
2019-09-12 10:32:59,096 [pool-60-thread-1] INFO  impl.RaftServerImpl (RaftServerImpl.java:<init>(93)) - e0e61d4c-2e09-4c56-8609-a14bb69c63aa: new RaftServerImpl for group-D7E2F5346064:[e0e61d4c-2e09-4c56-8609-a14bb69c63aa:192.168.157.195:42576] with ContainerStateMachine:uninitialized
2019-09-12 10:32:59,097 [pool-60-thread-1] INFO  server.RaftServerConfigKeys (ConfUtils.java:logGet(43)) - raft.server.rpc.timeout.min = 5s (custom)
2019-09-12 10:32:59,097 [pool-60-thread-1] INFO  server.RaftServerConfigKeys (ConfUtils.java:logGet(43)) - raft.server.rpc.timeout.max = 5200ms (custom)
2019-09-12 10:32:59,097 [pool-60-thread-1] INFO  server.RaftServerConfigKeys (ConfUtils.java:logGet(43)) - raft.server.rpcslowness.timeout = 120s (custom)
2019-09-12 10:32:59,097 [pool-60-thread-1] INFO  server.RaftServerConfigKeys (ConfUtils.java:logGet(43)) - raft.server.sleep.deviation.threshold = 300 (default)
2019-09-12 10:32:59,097 [pool-60-thread-1] INFO  server.RaftServerConfigKeys (ConfUtils.java:logGet(43)) - raft.server.log.appender.install.snapshot.enabled = false (custom)
2019-09-12 10:32:59,097 [pool-60-thread-1] INFO  impl.RaftServerImpl (ServerState.java:<init>(105)) - e0e61d4c-2e09-4c56-8609-a14bb69c63aa:group-D7E2F5346064 ConfigurationManager, init=-1: [e0e61d4c-2e09-4c56-8609-a14bb69c63aa:192.168.157.195:42576], old=null, confs=<EMPTY_MAP>
2019-09-12 10:32:59,097 [pool-60-thread-1] INFO  server.RaftServerConfigKeys (ConfUtils.java:logGet(43)) - raft.server.storage.dir = [/workdir/hadoop-ozone/integration-test/target/test-dir/MiniOzoneClusterImpl-5ecceb84-7f52-4627-9972-1a459b519b1f/datanode-3/data/ratis] (custom)
2019-09-12 10:32:59,098 [pool-60-thread-1] INFO  storage.RaftStorageDirectory (RaftStorageDirectory.java:analyzeStorage(246)) - The storage directory /workdir/hadoop-ozone/integration-test/target/test-dir/MiniOzoneClusterImpl-5ecceb84-7f52-4627-9972-1a459b519b1f/datanode-3/data/ratis/9fcfa197-1eec-4bb8-9009-d7e2f5346064 does not exist. Creating ...
2019-09-12 10:32:59,110 [pool-60-thread-1] INFO  storage.RaftStorageDirectory (RaftStorageDirectory.java:tryLock(328)) - Lock on /workdir/hadoop-ozone/integration-test/target/test-dir/MiniOzoneClusterImpl-5ecceb84-7f52-4627-9972-1a459b519b1f/datanode-3/data/ratis/9fcfa197-1eec-4bb8-9009-d7e2f5346064/in_use.lock acquired by nodename 32653@pr-hdds-1569-xtfnx-3545843844
2019-09-12 10:32:59,123 [pool-60-thread-1] INFO  storage.RaftStorage (RaftStorage.java:format(72)) - Storage directory /workdir/hadoop-ozone/integration-test/target/test-dir/MiniOzoneClusterImpl-5ecceb84-7f52-4627-9972-1a459b519b1f/datanode-3/data/ratis/9fcfa197-1eec-4bb8-9009-d7e2f5346064 has been successfully formatted.
2019-09-12 10:32:59,123 [pool-60-thread-1] INFO  ratis.ContainerStateMachine (ContainerStateMachine.java:loadSnapshot(226)) - group-D7E2F5346064: The snapshot info is null. Setting the last applied indexto:(t:0, i:~)
2019-09-12 10:32:59,123 [pool-60-thread-1] INFO  server.RaftServerConfigKeys (ConfUtils.java:logGet(43)) - raft.server.leader.election.timeout = 120s (custom)
2019-09-12 10:32:59,124 [pool-60-thread-1] INFO  server.RaftServerConfigKeys (ConfUtils.java:logGet(43)) - raft.server.log.use.memory = false (default)
2019-09-12 10:32:59,124 [pool-60-thread-1] INFO  server.RaftServerConfigKeys (ConfUtils.java:logGet(43)) - raft.server.log.purge.gap = 1000000 (custom)
2019-09-12 10:32:59,124 [pool-60-thread-1] INFO  server.RaftServerConfigKeys (ConfUtils.java:logGet(43)) - raft.server.log.appender.buffer.byte-limit = 33554432 (custom)
2019-09-12 10:32:59,124 [pool-60-thread-1] INFO  server.RaftServerConfigKeys (ConfUtils.java:logGet(43)) - raft.server.log.segment.size.max = 1048576 (custom)
2019-09-12 10:32:59,124 [pool-60-thread-1] INFO  server.RaftServerConfigKeys (ConfUtils.java:logGet(43)) - raft.server.log.segment.cache.num.max = 2 (custom)
2019-09-12 10:32:59,124 [pool-60-thread-1] INFO  segmented.SegmentedRaftLogWorker (SegmentedRaftLogWorker.java:<init>(172)) - new e0e61d4c-2e09-4c56-8609-a14bb69c63aa-SegmentedRaftLogWorker:Storage Directory /workdir/hadoop-ozone/integration-test/target/test-dir/MiniOzoneClusterImpl-5ecceb84-7f52-4627-9972-1a459b519b1f/datanode-3/data/ratis/9fcfa197-1eec-4bb8-9009-d7e2f5346064 for RaftStorage:Storage Directory /workdir/hadoop-ozone/integration-test/target/test-dir/MiniOzoneClusterImpl-5ecceb84-7f52-4627-9972-1a459b519b1f/datanode-3/data/ratis/9fcfa197-1eec-4bb8-9009-d7e2f5346064
2019-09-12 10:32:59,124 [pool-60-thread-1] INFO  server.RaftServerConfigKeys (ConfUtils.java:logGet(43)) - raft.server.log.queue.byte-limit = 2147483647 (custom)
2019-09-12 10:32:59,124 [pool-60-thread-1] INFO  server.RaftServerConfigKeys (ConfUtils.java:logGet(43)) - raft.server.log.queue.element-limit = 1024 (custom)
2019-09-12 10:32:59,125 [pool-60-thread-1] INFO  server.RaftServerConfigKeys (ConfUtils.java:logGet(43)) - raft.server.log.segment.size.max = 1048576 (custom)
2019-09-12 10:32:59,125 [pool-60-thread-1] INFO  server.RaftServerConfigKeys (ConfUtils.java:logGet(43)) - raft.server.log.preallocated.size = 16384 (custom)
2019-09-12 10:32:59,125 [pool-60-thread-1] INFO  server.RaftServerConfigKeys (ConfUtils.java:logGet(43)) - raft.server.log.write.buffer.size = 33554432 (custom)
2019-09-12 10:32:59,125 [pool-60-thread-1] INFO  server.RaftServerConfigKeys (ConfUtils.java:logGet(43)) - raft.server.log.force.sync.num = 128 (default)
2019-09-12 10:32:59,125 [pool-60-thread-1] INFO  server.RaftServerConfigKeys (ConfUtils.java:logGet(43)) - raft.server.log.statemachine.data.sync = true (default)
2019-09-12 10:32:59,125 [pool-60-thread-1] INFO  server.RaftServerConfigKeys (ConfUtils.java:logGet(43)) - raft.server.log.statemachine.data.sync.timeout = 10s (default)
2019-09-12 10:32:59,125 [pool-60-thread-1] INFO  server.RaftServerConfigKeys (ConfUtils.java:logGet(43)) - raft.server.log.statemachine.data.sync.timeout.retry = -1 (default)
2019-09-12 10:32:59,126 [pool-60-thread-1] INFO  server.RaftServerConfigKeys (ConfUtils.java:logGet(43)) - raft.server.log.statemachine.data.caching.enabled = true (custom)
2019-09-12 10:32:59,126 [pool-60-thread-1] INFO  segmented.SegmentedRaftLogWorker (SegmentedRaftLogWorker.java:lambda$new$0(132)) - e0e61d4c-2e09-4c56-8609-a14bb69c63aa-SegmentedRaftLogWorker:Storage Directory /workdir/hadoop-ozone/integration-test/target/test-dir/MiniOzoneClusterImpl-5ecceb84-7f52-4627-9972-1a459b519b1f/datanode-3/data/ratis/9fcfa197-1eec-4bb8-9009-d7e2f5346064: flushIndex: setUnconditionally 0 -> -1
2019-09-12 10:32:59,126 [pool-60-thread-1] INFO  server.RaftServerConfigKeys (ConfUtils.java:logGet(43)) - raft.server.snapshot.auto.trigger.enabled = true (custom)
2019-09-12 10:32:59,126 [pool-60-thread-1] INFO  server.RaftServerConfigKeys (ConfUtils.java:logGet(43)) - raft.server.snapshot.auto.trigger.threshold = 10000 (custom)
2019-09-12 10:32:59,127 [pool-60-thread-1] INFO  server.RaftServerConfigKeys (ConfUtils.java:logGet(43)) - raft.server.retrycache.expirytime = 600000ms (custom)
2019-09-12 10:32:59,127 [pool-60-thread-1] INFO  impl.RaftServerImpl (RaftServerImpl.java:start(180)) - e0e61d4c-2e09-4c56-8609-a14bb69c63aa: start group-D7E2F5346064
2019-09-12 10:32:59,127 [pool-60-thread-1] INFO  impl.RaftServerImpl (RaftServerImpl.java:setRole(171)) - e0e61d4c-2e09-4c56-8609-a14bb69c63aa:group-D7E2F5346064 changes role from null to FOLLOWER at term 0 for startAsFollower
2019-09-12 10:32:59,127 [pool-60-thread-1] INFO  impl.RoleInfo (RoleInfo.java:updateAndGet(143)) - e0e61d4c-2e09-4c56-8609-a14bb69c63aa: start FollowerState
2019-09-12 10:32:59,127 [pool-60-thread-1] INFO  util.JmxRegister (JmxRegister.java:tryRegister(44)) - Successfully registered JMX Bean with object name Ratis:service=RaftServer,group=group-D7E2F5346064,id=e0e61d4c-2e09-4c56-8609-a14bb69c63aa
2019-09-12 10:32:59,139 [RatisPipelineUtilsThread] INFO  pipeline.PipelineStateManager (PipelineStateManager.java:addPipeline(56)) - Created pipeline Pipeline[ Id: 9fcfa197-1eec-4bb8-9009-d7e2f5346064, Nodes: e0e61d4c-2e09-4c56-8609-a14bb69c63aa{ip: 192.168.157.195, host: pr-hdds-1569-xtfnx-3545843844, networkLocation: /default-rack, certSerialId: null}, Type:RATIS, Factor:ONE, State:OPEN]
2019-09-12 10:32:59,158 [grpc-default-executor-0] INFO  impl.RaftServerProxy (RaftServerProxy.java:addNew(89)) - 6f7ced02-9074-41a5-813c-bc7a1b1d7969: addNew group-ABE0FF540716:[6f7ced02-9074-41a5-813c-bc7a1b1d7969:192.168.157.195:46366] returns group-ABE0FF540716:java.util.concurrent.CompletableFuture@19d35bf7[Not completed]
2019-09-12 10:32:59,159 [pool-49-thread-1] INFO  impl.RaftServerImpl (RaftServerImpl.java:<init>(93)) - 6f7ced02-9074-41a5-813c-bc7a1b1d7969: new RaftServerImpl for group-ABE0FF540716:[6f7ced02-9074-41a5-813c-bc7a1b1d7969:192.168.157.195:46366] with ContainerStateMachine:uninitialized
2019-09-12 10:32:59,160 [pool-49-thread-1] INFO  server.RaftServerConfigKeys (ConfUtils.java:logGet(43)) - raft.server.rpc.timeout.min = 5s (custom)
2019-09-12 10:32:59,160 [pool-49-thread-1] INFO  server.RaftServerConfigKeys (ConfUtils.java:logGet(43)) - raft.server.rpc.timeout.max = 5200ms (custom)
2019-09-12 10:32:59,160 [pool-49-thread-1] INFO  server.RaftServerConfigKeys (ConfUtils.java:logGet(43)) - raft.server.rpcslowness.timeout = 120s (custom)
2019-09-12 10:32:59,160 [pool-49-thread-1] INFO  server.RaftServerConfigKeys (ConfUtils.java:logGet(43)) - raft.server.sleep.deviation.threshold = 300 (default)
2019-09-12 10:32:59,160 [pool-49-thread-1] INFO  server.RaftServerConfigKeys (ConfUtils.java:logGet(43)) - raft.server.log.appender.install.snapshot.enabled = false (custom)
2019-09-12 10:32:59,160 [pool-49-thread-1] INFO  impl.RaftServerImpl (ServerState.java:<init>(105)) - 6f7ced02-9074-41a5-813c-bc7a1b1d7969:group-ABE0FF540716 ConfigurationManager, init=-1: [6f7ced02-9074-41a5-813c-bc7a1b1d7969:192.168.157.195:46366], old=null, confs=<EMPTY_MAP>
2019-09-12 10:32:59,161 [pool-49-thread-1] INFO  server.RaftServerConfigKeys (ConfUtils.java:logGet(43)) - raft.server.storage.dir = [/workdir/hadoop-ozone/integration-test/target/test-dir/MiniOzoneClusterImpl-5ecceb84-7f52-4627-9972-1a459b519b1f/datanode-2/data/ratis] (custom)
2019-09-12 10:32:59,161 [pool-49-thread-1] INFO  storage.RaftStorageDirectory (RaftStorageDirectory.java:analyzeStorage(246)) - The storage directory /workdir/hadoop-ozone/integration-test/target/test-dir/MiniOzoneClusterImpl-5ecceb84-7f52-4627-9972-1a459b519b1f/datanode-2/data/ratis/967ba0af-7b45-4c01-8836-abe0ff540716 does not exist. Creating ...
2019-09-12 10:32:59,175 [pool-49-thread-1] INFO  storage.RaftStorageDirectory (RaftStorageDirectory.java:tryLock(328)) - Lock on /workdir/hadoop-ozone/integration-test/target/test-dir/MiniOzoneClusterImpl-5ecceb84-7f52-4627-9972-1a459b519b1f/datanode-2/data/ratis/967ba0af-7b45-4c01-8836-abe0ff540716/in_use.lock acquired by nodename 32653@pr-hdds-1569-xtfnx-3545843844
2019-09-12 10:32:59,188 [pool-49-thread-1] INFO  storage.RaftStorage (RaftStorage.java:format(72)) - Storage directory /workdir/hadoop-ozone/integration-test/target/test-dir/MiniOzoneClusterImpl-5ecceb84-7f52-4627-9972-1a459b519b1f/datanode-2/data/ratis/967ba0af-7b45-4c01-8836-abe0ff540716 has been successfully formatted.
2019-09-12 10:32:59,188 [pool-49-thread-1] INFO  ratis.ContainerStateMachine (ContainerStateMachine.java:loadSnapshot(226)) - group-ABE0FF540716: The snapshot info is null. Setting the last applied indexto:(t:0, i:~)
2019-09-12 10:32:59,188 [pool-49-thread-1] INFO  server.RaftServerConfigKeys (ConfUtils.java:logGet(43)) - raft.server.leader.election.timeout = 120s (custom)
2019-09-12 10:32:59,189 [pool-49-thread-1] INFO  server.RaftServerConfigKeys (ConfUtils.java:logGet(43)) - raft.server.log.use.memory = false (default)
2019-09-12 10:32:59,189 [pool-49-thread-1] INFO  server.RaftServerConfigKeys (ConfUtils.java:logGet(43)) - raft.server.log.purge.gap = 1000000 (custom)
2019-09-12 10:32:59,189 [pool-49-thread-1] INFO  server.RaftServerConfigKeys (ConfUtils.java:logGet(43)) - raft.server.log.appender.buffer.byte-limit = 33554432 (custom)
2019-09-12 10:32:59,189 [pool-49-thread-1] INFO  server.RaftServerConfigKeys (ConfUtils.java:logGet(43)) - raft.server.log.segment.size.max = 1048576 (custom)
2019-09-12 10:32:59,189 [pool-49-thread-1] INFO  server.RaftServerConfigKeys (ConfUtils.java:logGet(43)) - raft.server.log.segment.cache.num.max = 2 (custom)
2019-09-12 10:32:59,189 [pool-49-thread-1] INFO  segmented.SegmentedRaftLogWorker (SegmentedRaftLogWorker.java:<init>(172)) - new 6f7ced02-9074-41a5-813c-bc7a1b1d7969-SegmentedRaftLogWorker:Storage Directory /workdir/hadoop-ozone/integration-test/target/test-dir/MiniOzoneClusterImpl-5ecceb84-7f52-4627-9972-1a459b519b1f/datanode-2/data/ratis/967ba0af-7b45-4c01-8836-abe0ff540716 for RaftStorage:Storage Directory /workdir/hadoop-ozone/integration-test/target/test-dir/MiniOzoneClusterImpl-5ecceb84-7f52-4627-9972-1a459b519b1f/datanode-2/data/ratis/967ba0af-7b45-4c01-8836-abe0ff540716
2019-09-12 10:32:59,189 [pool-49-thread-1] INFO  server.RaftServerConfigKeys (ConfUtils.java:logGet(43)) - raft.server.log.queue.byte-limit = 2147483647 (custom)
2019-09-12 10:32:59,190 [pool-49-thread-1] INFO  server.RaftServerConfigKeys (ConfUtils.java:logGet(43)) - raft.server.log.queue.element-limit = 1024 (custom)
2019-09-12 10:32:59,190 [pool-49-thread-1] INFO  server.RaftServerConfigKeys (ConfUtils.java:logGet(43)) - raft.server.log.segment.size.max = 1048576 (custom)
2019-09-12 10:32:59,190 [pool-49-thread-1] INFO  server.RaftServerConfigKeys (ConfUtils.java:logGet(43)) - raft.server.log.preallocated.size = 16384 (custom)
2019-09-12 10:32:59,190 [pool-49-thread-1] INFO  server.RaftServerConfigKeys (ConfUtils.java:logGet(43)) - raft.server.log.write.buffer.size = 33554432 (custom)
2019-09-12 10:32:59,190 [pool-49-thread-1] INFO  server.RaftServerConfigKeys (ConfUtils.java:logGet(43)) - raft.server.log.force.sync.num = 128 (default)
2019-09-12 10:32:59,190 [pool-49-thread-1] INFO  server.RaftServerConfigKeys (ConfUtils.java:logGet(43)) - raft.server.log.statemachine.data.sync = true (default)
2019-09-12 10:32:59,190 [pool-49-thread-1] INFO  server.RaftServerConfigKeys (ConfUtils.java:logGet(43)) - raft.server.log.statemachine.data.sync.timeout = 10s (default)
2019-09-12 10:32:59,190 [pool-49-thread-1] INFO  server.RaftServerConfigKeys (ConfUtils.java:logGet(43)) - raft.server.log.statemachine.data.sync.timeout.retry = -1 (default)
2019-09-12 10:32:59,191 [pool-49-thread-1] INFO  server.RaftServerConfigKeys (ConfUtils.java:logGet(43)) - raft.server.log.statemachine.data.caching.enabled = true (custom)
2019-09-12 10:32:59,191 [pool-49-thread-1] INFO  segmented.SegmentedRaftLogWorker (SegmentedRaftLogWorker.java:lambda$new$0(132)) - 6f7ced02-9074-41a5-813c-bc7a1b1d7969-SegmentedRaftLogWorker:Storage Directory /workdir/hadoop-ozone/integration-test/target/test-dir/MiniOzoneClusterImpl-5ecceb84-7f52-4627-9972-1a459b519b1f/datanode-2/data/ratis/967ba0af-7b45-4c01-8836-abe0ff540716: flushIndex: setUnconditionally 0 -> -1
2019-09-12 10:32:59,191 [pool-49-thread-1] INFO  server.RaftServerConfigKeys (ConfUtils.java:logGet(43)) - raft.server.snapshot.auto.trigger.enabled = true (custom)
2019-09-12 10:32:59,191 [pool-49-thread-1] INFO  server.RaftServerConfigKeys (ConfUtils.java:logGet(43)) - raft.server.snapshot.auto.trigger.threshold = 10000 (custom)
2019-09-12 10:32:59,192 [pool-49-thread-1] INFO  server.RaftServerConfigKeys (ConfUtils.java:logGet(43)) - raft.server.retrycache.expirytime = 600000ms (custom)
2019-09-12 10:32:59,192 [pool-49-thread-1] INFO  impl.RaftServerImpl (RaftServerImpl.java:start(180)) - 6f7ced02-9074-41a5-813c-bc7a1b1d7969: start group-ABE0FF540716
2019-09-12 10:32:59,192 [pool-49-thread-1] INFO  impl.RaftServerImpl (RaftServerImpl.java:setRole(171)) - 6f7ced02-9074-41a5-813c-bc7a1b1d7969:group-ABE0FF540716 changes role from null to FOLLOWER at term 0 for startAsFollower
2019-09-12 10:32:59,192 [pool-49-thread-1] INFO  impl.RoleInfo (RoleInfo.java:updateAndGet(143)) - 6f7ced02-9074-41a5-813c-bc7a1b1d7969: start FollowerState
2019-09-12 10:32:59,192 [pool-49-thread-1] INFO  util.JmxRegister (JmxRegister.java:tryRegister(44)) - Successfully registered JMX Bean with object name Ratis:service=RaftServer,group=group-ABE0FF540716,id=6f7ced02-9074-41a5-813c-bc7a1b1d7969
2019-09-12 10:32:59,202 [RatisPipelineUtilsThread] INFO  pipeline.PipelineStateManager (PipelineStateManager.java:addPipeline(56)) - Created pipeline Pipeline[ Id: 967ba0af-7b45-4c01-8836-abe0ff540716, Nodes: 6f7ced02-9074-41a5-813c-bc7a1b1d7969{ip: 192.168.157.195, host: pr-hdds-1569-xtfnx-3545843844, networkLocation: /default-rack, certSerialId: null}, Type:RATIS, Factor:ONE, State:OPEN]
2019-09-12 10:32:59,216 [grpc-default-executor-0] INFO  impl.RaftServerProxy (RaftServerProxy.java:addNew(89)) - 31c45c5a-0c90-4266-9947-1c7c078b7ec4: addNew group-C3FAC7CC7102:[31c45c5a-0c90-4266-9947-1c7c078b7ec4:192.168.157.195:42694] returns group-C3FAC7CC7102:java.util.concurrent.CompletableFuture@739baaf3[Not completed]
2019-09-12 10:32:59,219 [pool-71-thread-1] INFO  impl.RaftServerImpl (RaftServerImpl.java:<init>(93)) - 31c45c5a-0c90-4266-9947-1c7c078b7ec4: new RaftServerImpl for group-C3FAC7CC7102:[31c45c5a-0c90-4266-9947-1c7c078b7ec4:192.168.157.195:42694] with ContainerStateMachine:uninitialized
2019-09-12 10:32:59,220 [pool-71-thread-1] INFO  server.RaftServerConfigKeys (ConfUtils.java:logGet(43)) - raft.server.rpc.timeout.min = 5s (custom)
2019-09-12 10:32:59,220 [pool-71-thread-1] INFO  server.RaftServerConfigKeys (ConfUtils.java:logGet(43)) - raft.server.rpc.timeout.max = 5200ms (custom)
2019-09-12 10:32:59,220 [pool-71-thread-1] INFO  server.RaftServerConfigKeys (ConfUtils.java:logGet(43)) - raft.server.rpcslowness.timeout = 120s (custom)
2019-09-12 10:32:59,220 [pool-71-thread-1] INFO  server.RaftServerConfigKeys (ConfUtils.java:logGet(43)) - raft.server.sleep.deviation.threshold = 300 (default)
2019-09-12 10:32:59,220 [pool-71-thread-1] INFO  server.RaftServerConfigKeys (ConfUtils.java:logGet(43)) - raft.server.log.appender.install.snapshot.enabled = false (custom)
2019-09-12 10:32:59,220 [pool-71-thread-1] INFO  impl.RaftServerImpl (ServerState.java:<init>(105)) - 31c45c5a-0c90-4266-9947-1c7c078b7ec4:group-C3FAC7CC7102 ConfigurationManager, init=-1: [31c45c5a-0c90-4266-9947-1c7c078b7ec4:192.168.157.195:42694], old=null, confs=<EMPTY_MAP>
2019-09-12 10:32:59,220 [pool-71-thread-1] INFO  server.RaftServerConfigKeys (ConfUtils.java:logGet(43)) - raft.server.storage.dir = [/workdir/hadoop-ozone/integration-test/target/test-dir/MiniOzoneClusterImpl-5ecceb84-7f52-4627-9972-1a459b519b1f/datanode-4/data/ratis] (custom)
2019-09-12 10:32:59,221 [pool-71-thread-1] INFO  storage.RaftStorageDirectory (RaftStorageDirectory.java:analyzeStorage(246)) - The storage directory /workdir/hadoop-ozone/integration-test/target/test-dir/MiniOzoneClusterImpl-5ecceb84-7f52-4627-9972-1a459b519b1f/datanode-4/data/ratis/32d0380a-8528-4b5a-b975-c3fac7cc7102 does not exist. Creating ...
2019-09-12 10:32:59,234 [pool-71-thread-1] INFO  storage.RaftStorageDirectory (RaftStorageDirectory.java:tryLock(328)) - Lock on /workdir/hadoop-ozone/integration-test/target/test-dir/MiniOzoneClusterImpl-5ecceb84-7f52-4627-9972-1a459b519b1f/datanode-4/data/ratis/32d0380a-8528-4b5a-b975-c3fac7cc7102/in_use.lock acquired by nodename 32653@pr-hdds-1569-xtfnx-3545843844
2019-09-12 10:32:59,247 [pool-71-thread-1] INFO  storage.RaftStorage (RaftStorage.java:format(72)) - Storage directory /workdir/hadoop-ozone/integration-test/target/test-dir/MiniOzoneClusterImpl-5ecceb84-7f52-4627-9972-1a459b519b1f/datanode-4/data/ratis/32d0380a-8528-4b5a-b975-c3fac7cc7102 has been successfully formatted.
2019-09-12 10:32:59,247 [pool-71-thread-1] INFO  ratis.ContainerStateMachine (ContainerStateMachine.java:loadSnapshot(226)) - group-C3FAC7CC7102: The snapshot info is null. Setting the last applied indexto:(t:0, i:~)
2019-09-12 10:32:59,247 [pool-71-thread-1] INFO  server.RaftServerConfigKeys (ConfUtils.java:logGet(43)) - raft.server.leader.election.timeout = 120s (custom)
2019-09-12 10:32:59,247 [pool-71-thread-1] INFO  server.RaftServerConfigKeys (ConfUtils.java:logGet(43)) - raft.server.log.use.memory = false (default)
2019-09-12 10:32:59,247 [pool-71-thread-1] INFO  server.RaftServerConfigKeys (ConfUtils.java:logGet(43)) - raft.server.log.purge.gap = 1000000 (custom)
2019-09-12 10:32:59,247 [pool-71-thread-1] INFO  server.RaftServerConfigKeys (ConfUtils.java:logGet(43)) - raft.server.log.appender.buffer.byte-limit = 33554432 (custom)
2019-09-12 10:32:59,247 [pool-71-thread-1] INFO  server.RaftServerConfigKeys (ConfUtils.java:logGet(43)) - raft.server.log.segment.size.max = 1048576 (custom)
2019-09-12 10:32:59,248 [pool-71-thread-1] INFO  server.RaftServerConfigKeys (ConfUtils.java:logGet(43)) - raft.server.log.segment.cache.num.max = 2 (custom)
2019-09-12 10:32:59,248 [pool-71-thread-1] INFO  segmented.SegmentedRaftLogWorker (SegmentedRaftLogWorker.java:<init>(172)) - new 31c45c5a-0c90-4266-9947-1c7c078b7ec4-SegmentedRaftLogWorker:Storage Directory /workdir/hadoop-ozone/integration-test/target/test-dir/MiniOzoneClusterImpl-5ecceb84-7f52-4627-9972-1a459b519b1f/datanode-4/data/ratis/32d0380a-8528-4b5a-b975-c3fac7cc7102 for RaftStorage:Storage Directory /workdir/hadoop-ozone/integration-test/target/test-dir/MiniOzoneClusterImpl-5ecceb84-7f52-4627-9972-1a459b519b1f/datanode-4/data/ratis/32d0380a-8528-4b5a-b975-c3fac7cc7102
2019-09-12 10:32:59,248 [pool-71-thread-1] INFO  server.RaftServerConfigKeys (ConfUtils.java:logGet(43)) - raft.server.log.queue.byte-limit = 2147483647 (custom)
2019-09-12 10:32:59,248 [pool-71-thread-1] INFO  server.RaftServerConfigKeys (ConfUtils.java:logGet(43)) - raft.server.log.queue.element-limit = 1024 (custom)
2019-09-12 10:32:59,248 [pool-71-thread-1] INFO  server.RaftServerConfigKeys (ConfUtils.java:logGet(43)) - raft.server.log.segment.size.max = 1048576 (custom)
2019-09-12 10:32:59,248 [pool-71-thread-1] INFO  server.RaftServerConfigKeys (ConfUtils.java:logGet(43)) - raft.server.log.preallocated.size = 16384 (custom)
2019-09-12 10:32:59,248 [pool-71-thread-1] INFO  server.RaftServerConfigKeys (ConfUtils.java:logGet(43)) - raft.server.log.write.buffer.size = 33554432 (custom)
2019-09-12 10:32:59,248 [pool-71-thread-1] INFO  server.RaftServerConfigKeys (ConfUtils.java:logGet(43)) - raft.server.log.force.sync.num = 128 (default)
2019-09-12 10:32:59,249 [pool-71-thread-1] INFO  server.RaftServerConfigKeys (ConfUtils.java:logGet(43)) - raft.server.log.statemachine.data.sync = true (default)
2019-09-12 10:32:59,249 [pool-71-thread-1] INFO  server.RaftServerConfigKeys (ConfUtils.java:logGet(43)) - raft.server.log.statemachine.data.sync.timeout = 10s (default)
2019-09-12 10:32:59,249 [pool-71-thread-1] INFO  server.RaftServerConfigKeys (ConfUtils.java:logGet(43)) - raft.server.log.statemachine.data.sync.timeout.retry = -1 (default)
2019-09-12 10:32:59,249 [pool-71-thread-1] INFO  server.RaftServerConfigKeys (ConfUtils.java:logGet(43)) - raft.server.log.statemachine.data.caching.enabled = true (custom)
2019-09-12 10:32:59,249 [pool-71-thread-1] INFO  segmented.SegmentedRaftLogWorker (SegmentedRaftLogWorker.java:lambda$new$0(132)) - 31c45c5a-0c90-4266-9947-1c7c078b7ec4-SegmentedRaftLogWorker:Storage Directory /workdir/hadoop-ozone/integration-test/target/test-dir/MiniOzoneClusterImpl-5ecceb84-7f52-4627-9972-1a459b519b1f/datanode-4/data/ratis/32d0380a-8528-4b5a-b975-c3fac7cc7102: flushIndex: setUnconditionally 0 -> -1
2019-09-12 10:32:59,250 [pool-71-thread-1] INFO  server.RaftServerConfigKeys (ConfUtils.java:logGet(43)) - raft.server.snapshot.auto.trigger.enabled = true (custom)
2019-09-12 10:32:59,250 [pool-71-thread-1] INFO  server.RaftServerConfigKeys (ConfUtils.java:logGet(43)) - raft.server.snapshot.auto.trigger.threshold = 10000 (custom)
2019-09-12 10:32:59,250 [pool-71-thread-1] INFO  server.RaftServerConfigKeys (ConfUtils.java:logGet(43)) - raft.server.retrycache.expirytime = 600000ms (custom)
2019-09-12 10:32:59,250 [pool-71-thread-1] INFO  impl.RaftServerImpl (RaftServerImpl.java:start(180)) - 31c45c5a-0c90-4266-9947-1c7c078b7ec4: start group-C3FAC7CC7102
2019-09-12 10:32:59,250 [pool-71-thread-1] INFO  impl.RaftServerImpl (RaftServerImpl.java:setRole(171)) - 31c45c5a-0c90-4266-9947-1c7c078b7ec4:group-C3FAC7CC7102 changes role from null to FOLLOWER at term 0 for startAsFollower
2019-09-12 10:32:59,250 [pool-71-thread-1] INFO  impl.RoleInfo (RoleInfo.java:updateAndGet(143)) - 31c45c5a-0c90-4266-9947-1c7c078b7ec4: start FollowerState
2019-09-12 10:32:59,251 [pool-71-thread-1] INFO  util.JmxRegister (JmxRegister.java:tryRegister(44)) - Successfully registered JMX Bean with object name Ratis:service=RaftServer,group=group-C3FAC7CC7102,id=31c45c5a-0c90-4266-9947-1c7c078b7ec4
2019-09-12 10:32:59,263 [RatisPipelineUtilsThread] INFO  pipeline.PipelineStateManager (PipelineStateManager.java:addPipeline(56)) - Created pipeline Pipeline[ Id: 32d0380a-8528-4b5a-b975-c3fac7cc7102, Nodes: 31c45c5a-0c90-4266-9947-1c7c078b7ec4{ip: 192.168.157.195, host: pr-hdds-1569-xtfnx-3545843844, networkLocation: /default-rack, certSerialId: null}, Type:RATIS, Factor:ONE, State:OPEN]
2019-09-12 10:32:59,280 [grpc-default-executor-0] INFO  impl.RaftServerProxy (RaftServerProxy.java:addNew(89)) - 6d26f522-fe03-4a67-aa48-7af853b41a99: addNew group-BD9A58BE66F4:[6d26f522-fe03-4a67-aa48-7af853b41a99:192.168.157.195:44863] returns group-BD9A58BE66F4:java.util.concurrent.CompletableFuture@34851e2f[Not completed]
2019-09-12 10:32:59,282 [pool-38-thread-1] INFO  impl.RaftServerImpl (RaftServerImpl.java:<init>(93)) - 6d26f522-fe03-4a67-aa48-7af853b41a99: new RaftServerImpl for group-BD9A58BE66F4:[6d26f522-fe03-4a67-aa48-7af853b41a99:192.168.157.195:44863] with ContainerStateMachine:uninitialized
2019-09-12 10:32:59,282 [pool-38-thread-1] INFO  server.RaftServerConfigKeys (ConfUtils.java:logGet(43)) - raft.server.rpc.timeout.min = 5s (custom)
2019-09-12 10:32:59,282 [pool-38-thread-1] INFO  server.RaftServerConfigKeys (ConfUtils.java:logGet(43)) - raft.server.rpc.timeout.max = 5200ms (custom)
2019-09-12 10:32:59,282 [pool-38-thread-1] INFO  server.RaftServerConfigKeys (ConfUtils.java:logGet(43)) - raft.server.rpcslowness.timeout = 120s (custom)
2019-09-12 10:32:59,282 [pool-38-thread-1] INFO  server.RaftServerConfigKeys (ConfUtils.java:logGet(43)) - raft.server.sleep.deviation.threshold = 300 (default)
2019-09-12 10:32:59,283 [pool-38-thread-1] INFO  server.RaftServerConfigKeys (ConfUtils.java:logGet(43)) - raft.server.log.appender.install.snapshot.enabled = false (custom)
2019-09-12 10:32:59,283 [pool-38-thread-1] INFO  impl.RaftServerImpl (ServerState.java:<init>(105)) - 6d26f522-fe03-4a67-aa48-7af853b41a99:group-BD9A58BE66F4 ConfigurationManager, init=-1: [6d26f522-fe03-4a67-aa48-7af853b41a99:192.168.157.195:44863], old=null, confs=<EMPTY_MAP>
2019-09-12 10:32:59,283 [pool-38-thread-1] INFO  server.RaftServerConfigKeys (ConfUtils.java:logGet(43)) - raft.server.storage.dir = [/workdir/hadoop-ozone/integration-test/target/test-dir/MiniOzoneClusterImpl-5ecceb84-7f52-4627-9972-1a459b519b1f/datanode-1/data/ratis] (custom)
2019-09-12 10:32:59,283 [pool-38-thread-1] INFO  storage.RaftStorageDirectory (RaftStorageDirectory.java:analyzeStorage(246)) - The storage directory /workdir/hadoop-ozone/integration-test/target/test-dir/MiniOzoneClusterImpl-5ecceb84-7f52-4627-9972-1a459b519b1f/datanode-1/data/ratis/e087fddd-8cb0-4d65-8cc6-bd9a58be66f4 does not exist. Creating ...
2019-09-12 10:32:59,296 [pool-38-thread-1] INFO  storage.RaftStorageDirectory (RaftStorageDirectory.java:tryLock(328)) - Lock on /workdir/hadoop-ozone/integration-test/target/test-dir/MiniOzoneClusterImpl-5ecceb84-7f52-4627-9972-1a459b519b1f/datanode-1/data/ratis/e087fddd-8cb0-4d65-8cc6-bd9a58be66f4/in_use.lock acquired by nodename 32653@pr-hdds-1569-xtfnx-3545843844
2019-09-12 10:32:59,309 [pool-38-thread-1] INFO  storage.RaftStorage (RaftStorage.java:format(72)) - Storage directory /workdir/hadoop-ozone/integration-test/target/test-dir/MiniOzoneClusterImpl-5ecceb84-7f52-4627-9972-1a459b519b1f/datanode-1/data/ratis/e087fddd-8cb0-4d65-8cc6-bd9a58be66f4 has been successfully formatted.
2019-09-12 10:32:59,309 [pool-38-thread-1] INFO  ratis.ContainerStateMachine (ContainerStateMachine.java:loadSnapshot(226)) - group-BD9A58BE66F4: The snapshot info is null. Setting the last applied indexto:(t:0, i:~)
2019-09-12 10:32:59,310 [pool-38-thread-1] INFO  server.RaftServerConfigKeys (ConfUtils.java:logGet(43)) - raft.server.leader.election.timeout = 120s (custom)
2019-09-12 10:32:59,310 [pool-38-thread-1] INFO  server.RaftServerConfigKeys (ConfUtils.java:logGet(43)) - raft.server.log.use.memory = false (default)
2019-09-12 10:32:59,310 [pool-38-thread-1] INFO  server.RaftServerConfigKeys (ConfUtils.java:logGet(43)) - raft.server.log.purge.gap = 1000000 (custom)
2019-09-12 10:32:59,310 [pool-38-thread-1] INFO  server.RaftServerConfigKeys (ConfUtils.java:logGet(43)) - raft.server.log.appender.buffer.byte-limit = 33554432 (custom)
2019-09-12 10:32:59,310 [pool-38-thread-1] INFO  server.RaftServerConfigKeys (ConfUtils.java:logGet(43)) - raft.server.log.segment.size.max = 1048576 (custom)
2019-09-12 10:32:59,310 [pool-38-thread-1] INFO  server.RaftServerConfigKeys (ConfUtils.java:logGet(43)) - raft.server.log.segment.cache.num.max = 2 (custom)
2019-09-12 10:32:59,310 [pool-38-thread-1] INFO  segmented.SegmentedRaftLogWorker (SegmentedRaftLogWorker.java:<init>(172)) - new 6d26f522-fe03-4a67-aa48-7af853b41a99-SegmentedRaftLogWorker:Storage Directory /workdir/hadoop-ozone/integration-test/target/test-dir/MiniOzoneClusterImpl-5ecceb84-7f52-4627-9972-1a459b519b1f/datanode-1/data/ratis/e087fddd-8cb0-4d65-8cc6-bd9a58be66f4 for RaftStorage:Storage Directory /workdir/hadoop-ozone/integration-test/target/test-dir/MiniOzoneClusterImpl-5ecceb84-7f52-4627-9972-1a459b519b1f/datanode-1/data/ratis/e087fddd-8cb0-4d65-8cc6-bd9a58be66f4
2019-09-12 10:32:59,311 [pool-38-thread-1] INFO  server.RaftServerConfigKeys (ConfUtils.java:logGet(43)) - raft.server.log.queue.byte-limit = 2147483647 (custom)
2019-09-12 10:32:59,311 [pool-38-thread-1] INFO  server.RaftServerConfigKeys (ConfUtils.java:logGet(43)) - raft.server.log.queue.element-limit = 1024 (custom)
2019-09-12 10:32:59,311 [pool-38-thread-1] INFO  server.RaftServerConfigKeys (ConfUtils.java:logGet(43)) - raft.server.log.segment.size.max = 1048576 (custom)
2019-09-12 10:32:59,311 [pool-38-thread-1] INFO  server.RaftServerConfigKeys (ConfUtils.java:logGet(43)) - raft.server.log.preallocated.size = 16384 (custom)
2019-09-12 10:32:59,311 [pool-38-thread-1] INFO  server.RaftServerConfigKeys (ConfUtils.java:logGet(43)) - raft.server.log.write.buffer.size = 33554432 (custom)
2019-09-12 10:32:59,312 [pool-38-thread-1] INFO  server.RaftServerConfigKeys (ConfUtils.java:logGet(43)) - raft.server.log.force.sync.num = 128 (default)
2019-09-12 10:32:59,312 [pool-38-thread-1] INFO  server.RaftServerConfigKeys (ConfUtils.java:logGet(43)) - raft.server.log.statemachine.data.sync = true (default)
2019-09-12 10:32:59,312 [pool-38-thread-1] INFO  server.RaftServerConfigKeys (ConfUtils.java:logGet(43)) - raft.server.log.statemachine.data.sync.timeout = 10s (default)
2019-09-12 10:32:59,312 [pool-38-thread-1] INFO  server.RaftServerConfigKeys (ConfUtils.java:logGet(43)) - raft.server.log.statemachine.data.sync.timeout.retry = -1 (default)
2019-09-12 10:32:59,312 [pool-38-thread-1] INFO  server.RaftServerConfigKeys (ConfUtils.java:logGet(43)) - raft.server.log.statemachine.data.caching.enabled = true (custom)
2019-09-12 10:32:59,313 [pool-38-thread-1] INFO  segmented.SegmentedRaftLogWorker (SegmentedRaftLogWorker.java:lambda$new$0(132)) - 6d26f522-fe03-4a67-aa48-7af853b41a99-SegmentedRaftLogWorker:Storage Directory /workdir/hadoop-ozone/integration-test/target/test-dir/MiniOzoneClusterImpl-5ecceb84-7f52-4627-9972-1a459b519b1f/datanode-1/data/ratis/e087fddd-8cb0-4d65-8cc6-bd9a58be66f4: flushIndex: setUnconditionally 0 -> -1
2019-09-12 10:32:59,313 [pool-38-thread-1] INFO  server.RaftServerConfigKeys (ConfUtils.java:logGet(43)) - raft.server.snapshot.auto.trigger.enabled = true (custom)
2019-09-12 10:32:59,313 [pool-38-thread-1] INFO  server.RaftServerConfigKeys (ConfUtils.java:logGet(43)) - raft.server.snapshot.auto.trigger.threshold = 10000 (custom)
2019-09-12 10:32:59,313 [pool-38-thread-1] INFO  server.RaftServerConfigKeys (ConfUtils.java:logGet(43)) - raft.server.retrycache.expirytime = 600000ms (custom)
2019-09-12 10:32:59,314 [pool-38-thread-1] INFO  impl.RaftServerImpl (RaftServerImpl.java:start(180)) - 6d26f522-fe03-4a67-aa48-7af853b41a99: start group-BD9A58BE66F4
2019-09-12 10:32:59,314 [pool-38-thread-1] INFO  impl.RaftServerImpl (RaftServerImpl.java:setRole(171)) - 6d26f522-fe03-4a67-aa48-7af853b41a99:group-BD9A58BE66F4 changes role from null to FOLLOWER at term 0 for startAsFollower
2019-09-12 10:32:59,314 [pool-38-thread-1] INFO  impl.RoleInfo (RoleInfo.java:updateAndGet(143)) - 6d26f522-fe03-4a67-aa48-7af853b41a99: start FollowerState
2019-09-12 10:32:59,314 [pool-38-thread-1] INFO  util.JmxRegister (JmxRegister.java:tryRegister(44)) - Successfully registered JMX Bean with object name Ratis:service=RaftServer,group=group-BD9A58BE66F4,id=6d26f522-fe03-4a67-aa48-7af853b41a99
2019-09-12 10:32:59,324 [RatisPipelineUtilsThread] INFO  pipeline.PipelineStateManager (PipelineStateManager.java:addPipeline(56)) - Created pipeline Pipeline[ Id: e087fddd-8cb0-4d65-8cc6-bd9a58be66f4, Nodes: 6d26f522-fe03-4a67-aa48-7af853b41a99{ip: 192.168.157.195, host: pr-hdds-1569-xtfnx-3545843844, networkLocation: /default-rack, certSerialId: null}, Type:RATIS, Factor:ONE, State:OPEN]
2019-09-12 10:32:59,341 [grpc-default-executor-0] INFO  impl.RaftServerProxy (RaftServerProxy.java:addNew(89)) - e0e61d4c-2e09-4c56-8609-a14bb69c63aa: addNew group-C9147D7D6CA1:[e0e61d4c-2e09-4c56-8609-a14bb69c63aa:192.168.157.195:42576] returns group-C9147D7D6CA1:java.util.concurrent.CompletableFuture@487dd65d[Not completed]
2019-09-12 10:32:59,342 [pool-60-thread-1] INFO  impl.RaftServerImpl (RaftServerImpl.java:<init>(93)) - e0e61d4c-2e09-4c56-8609-a14bb69c63aa: new RaftServerImpl for group-C9147D7D6CA1:[e0e61d4c-2e09-4c56-8609-a14bb69c63aa:192.168.157.195:42576] with ContainerStateMachine:uninitialized
2019-09-12 10:32:59,342 [pool-60-thread-1] INFO  server.RaftServerConfigKeys (ConfUtils.java:logGet(43)) - raft.server.rpc.timeout.min = 5s (custom)
2019-09-12 10:32:59,343 [pool-60-thread-1] INFO  server.RaftServerConfigKeys (ConfUtils.java:logGet(43)) - raft.server.rpc.timeout.max = 5200ms (custom)
2019-09-12 10:32:59,343 [pool-60-thread-1] INFO  server.RaftServerConfigKeys (ConfUtils.java:logGet(43)) - raft.server.rpcslowness.timeout = 120s (custom)
2019-09-12 10:32:59,343 [pool-60-thread-1] INFO  server.RaftServerConfigKeys (ConfUtils.java:logGet(43)) - raft.server.sleep.deviation.threshold = 300 (default)
2019-09-12 10:32:59,343 [pool-60-thread-1] INFO  server.RaftServerConfigKeys (ConfUtils.java:logGet(43)) - raft.server.log.appender.install.snapshot.enabled = false (custom)
2019-09-12 10:32:59,343 [pool-60-thread-1] INFO  impl.RaftServerImpl (ServerState.java:<init>(105)) - e0e61d4c-2e09-4c56-8609-a14bb69c63aa:group-C9147D7D6CA1 ConfigurationManager, init=-1: [e0e61d4c-2e09-4c56-8609-a14bb69c63aa:192.168.157.195:42576], old=null, confs=<EMPTY_MAP>
2019-09-12 10:32:59,343 [pool-60-thread-1] INFO  server.RaftServerConfigKeys (ConfUtils.java:logGet(43)) - raft.server.storage.dir = [/workdir/hadoop-ozone/integration-test/target/test-dir/MiniOzoneClusterImpl-5ecceb84-7f52-4627-9972-1a459b519b1f/datanode-3/data/ratis] (custom)
2019-09-12 10:32:59,344 [pool-60-thread-1] INFO  storage.RaftStorageDirectory (RaftStorageDirectory.java:analyzeStorage(246)) - The storage directory /workdir/hadoop-ozone/integration-test/target/test-dir/MiniOzoneClusterImpl-5ecceb84-7f52-4627-9972-1a459b519b1f/datanode-3/data/ratis/467a734b-cae3-4619-ae1d-c9147d7d6ca1 does not exist. Creating ...
2019-09-12 10:32:59,356 [pool-60-thread-1] INFO  storage.RaftStorageDirectory (RaftStorageDirectory.java:tryLock(328)) - Lock on /workdir/hadoop-ozone/integration-test/target/test-dir/MiniOzoneClusterImpl-5ecceb84-7f52-4627-9972-1a459b519b1f/datanode-3/data/ratis/467a734b-cae3-4619-ae1d-c9147d7d6ca1/in_use.lock acquired by nodename 32653@pr-hdds-1569-xtfnx-3545843844
2019-09-12 10:32:59,365 | INFO  | SCMAudit | user=jenkins1000 | ip=192.168.157.195 | op=SEND_HEARTBEAT {datanodeUUID=6d8e2272-d3cb-43aa-845f-9a021007c4ce, command=[]} | ret=SUCCESS |  
2019-09-12 10:32:59,369 [pool-60-thread-1] INFO  storage.RaftStorage (RaftStorage.java:format(72)) - Storage directory /workdir/hadoop-ozone/integration-test/target/test-dir/MiniOzoneClusterImpl-5ecceb84-7f52-4627-9972-1a459b519b1f/datanode-3/data/ratis/467a734b-cae3-4619-ae1d-c9147d7d6ca1 has been successfully formatted.
2019-09-12 10:32:59,370 [pool-60-thread-1] INFO  ratis.ContainerStateMachine (ContainerStateMachine.java:loadSnapshot(226)) - group-C9147D7D6CA1: The snapshot info is null. Setting the last applied indexto:(t:0, i:~)
2019-09-12 10:32:59,370 [pool-60-thread-1] INFO  server.RaftServerConfigKeys (ConfUtils.java:logGet(43)) - raft.server.leader.election.timeout = 120s (custom)
2019-09-12 10:32:59,370 [pool-60-thread-1] INFO  server.RaftServerConfigKeys (ConfUtils.java:logGet(43)) - raft.server.log.use.memory = false (default)
2019-09-12 10:32:59,370 [pool-60-thread-1] INFO  server.RaftServerConfigKeys (ConfUtils.java:logGet(43)) - raft.server.log.purge.gap = 1000000 (custom)
2019-09-12 10:32:59,370 [pool-60-thread-1] INFO  server.RaftServerConfigKeys (ConfUtils.java:logGet(43)) - raft.server.log.appender.buffer.byte-limit = 33554432 (custom)
2019-09-12 10:32:59,370 [pool-60-thread-1] INFO  server.RaftServerConfigKeys (ConfUtils.java:logGet(43)) - raft.server.log.segment.size.max = 1048576 (custom)
2019-09-12 10:32:59,370 [pool-60-thread-1] INFO  server.RaftServerConfigKeys (ConfUtils.java:logGet(43)) - raft.server.log.segment.cache.num.max = 2 (custom)
2019-09-12 10:32:59,371 [pool-60-thread-1] INFO  segmented.SegmentedRaftLogWorker (SegmentedRaftLogWorker.java:<init>(172)) - new e0e61d4c-2e09-4c56-8609-a14bb69c63aa-SegmentedRaftLogWorker:Storage Directory /workdir/hadoop-ozone/integration-test/target/test-dir/MiniOzoneClusterImpl-5ecceb84-7f52-4627-9972-1a459b519b1f/datanode-3/data/ratis/467a734b-cae3-4619-ae1d-c9147d7d6ca1 for RaftStorage:Storage Directory /workdir/hadoop-ozone/integration-test/target/test-dir/MiniOzoneClusterImpl-5ecceb84-7f52-4627-9972-1a459b519b1f/datanode-3/data/ratis/467a734b-cae3-4619-ae1d-c9147d7d6ca1
2019-09-12 10:32:59,371 [pool-60-thread-1] INFO  server.RaftServerConfigKeys (ConfUtils.java:logGet(43)) - raft.server.log.queue.byte-limit = 2147483647 (custom)
2019-09-12 10:32:59,371 [pool-60-thread-1] INFO  server.RaftServerConfigKeys (ConfUtils.java:logGet(43)) - raft.server.log.queue.element-limit = 1024 (custom)
2019-09-12 10:32:59,371 [pool-60-thread-1] INFO  server.RaftServerConfigKeys (ConfUtils.java:logGet(43)) - raft.server.log.segment.size.max = 1048576 (custom)
2019-09-12 10:32:59,371 [pool-60-thread-1] INFO  server.RaftServerConfigKeys (ConfUtils.java:logGet(43)) - raft.server.log.preallocated.size = 16384 (custom)
2019-09-12 10:32:59,371 [pool-60-thread-1] INFO  server.RaftServerConfigKeys (ConfUtils.java:logGet(43)) - raft.server.log.write.buffer.size = 33554432 (custom)
2019-09-12 10:32:59,371 [pool-60-thread-1] INFO  server.RaftServerConfigKeys (ConfUtils.java:logGet(43)) - raft.server.log.force.sync.num = 128 (default)
2019-09-12 10:32:59,372 [pool-60-thread-1] INFO  server.RaftServerConfigKeys (ConfUtils.java:logGet(43)) - raft.server.log.statemachine.data.sync = true (default)
2019-09-12 10:32:59,372 [pool-60-thread-1] INFO  server.RaftServerConfigKeys (ConfUtils.java:logGet(43)) - raft.server.log.statemachine.data.sync.timeout = 10s (default)
2019-09-12 10:32:59,372 [pool-60-thread-1] INFO  server.RaftServerConfigKeys (ConfUtils.java:logGet(43)) - raft.server.log.statemachine.data.sync.timeout.retry = -1 (default)
2019-09-12 10:32:59,372 [pool-60-thread-1] INFO  server.RaftServerConfigKeys (ConfUtils.java:logGet(43)) - raft.server.log.statemachine.data.caching.enabled = true (custom)
2019-09-12 10:32:59,372 [pool-60-thread-1] INFO  segmented.SegmentedRaftLogWorker (SegmentedRaftLogWorker.java:lambda$new$0(132)) - e0e61d4c-2e09-4c56-8609-a14bb69c63aa-SegmentedRaftLogWorker:Storage Directory /workdir/hadoop-ozone/integration-test/target/test-dir/MiniOzoneClusterImpl-5ecceb84-7f52-4627-9972-1a459b519b1f/datanode-3/data/ratis/467a734b-cae3-4619-ae1d-c9147d7d6ca1: flushIndex: setUnconditionally 0 -> -1
2019-09-12 10:32:59,373 [pool-60-thread-1] INFO  server.RaftServerConfigKeys (ConfUtils.java:logGet(43)) - raft.server.snapshot.auto.trigger.enabled = true (custom)
2019-09-12 10:32:59,373 [pool-60-thread-1] INFO  server.RaftServerConfigKeys (ConfUtils.java:logGet(43)) - raft.server.snapshot.auto.trigger.threshold = 10000 (custom)
2019-09-12 10:32:59,373 [pool-60-thread-1] INFO  server.RaftServerConfigKeys (ConfUtils.java:logGet(43)) - raft.server.retrycache.expirytime = 600000ms (custom)
2019-09-12 10:32:59,373 [pool-60-thread-1] INFO  impl.RaftServerImpl (RaftServerImpl.java:start(180)) - e0e61d4c-2e09-4c56-8609-a14bb69c63aa: start group-C9147D7D6CA1
2019-09-12 10:32:59,373 [pool-60-thread-1] INFO  impl.RaftServerImpl (RaftServerImpl.java:setRole(171)) - e0e61d4c-2e09-4c56-8609-a14bb69c63aa:group-C9147D7D6CA1 changes role from null to FOLLOWER at term 0 for startAsFollower
2019-09-12 10:32:59,373 [pool-60-thread-1] INFO  impl.RoleInfo (RoleInfo.java:updateAndGet(143)) - e0e61d4c-2e09-4c56-8609-a14bb69c63aa: start FollowerState
2019-09-12 10:32:59,374 [pool-60-thread-1] INFO  util.JmxRegister (JmxRegister.java:tryRegister(44)) - Successfully registered JMX Bean with object name Ratis:service=RaftServer,group=group-C9147D7D6CA1,id=e0e61d4c-2e09-4c56-8609-a14bb69c63aa
2019-09-12 10:32:59,390 [RatisPipelineUtilsThread] INFO  pipeline.PipelineStateManager (PipelineStateManager.java:addPipeline(56)) - Created pipeline Pipeline[ Id: 467a734b-cae3-4619-ae1d-c9147d7d6ca1, Nodes: e0e61d4c-2e09-4c56-8609-a14bb69c63aa{ip: 192.168.157.195, host: pr-hdds-1569-xtfnx-3545843844, networkLocation: /default-rack, certSerialId: null}, Type:RATIS, Factor:ONE, State:OPEN]
2019-09-12 10:32:59,406 [grpc-default-executor-0] INFO  impl.RaftServerProxy (RaftServerProxy.java:addNew(89)) - 6f7ced02-9074-41a5-813c-bc7a1b1d7969: addNew group-0A277EC3A902:[6f7ced02-9074-41a5-813c-bc7a1b1d7969:192.168.157.195:46366] returns group-0A277EC3A902:java.util.concurrent.CompletableFuture@39856e60[Not completed]
2019-09-12 10:32:59,408 [pool-49-thread-1] INFO  impl.RaftServerImpl (RaftServerImpl.java:<init>(93)) - 6f7ced02-9074-41a5-813c-bc7a1b1d7969: new RaftServerImpl for group-0A277EC3A902:[6f7ced02-9074-41a5-813c-bc7a1b1d7969:192.168.157.195:46366] with ContainerStateMachine:uninitialized
2019-09-12 10:32:59,408 [pool-49-thread-1] INFO  server.RaftServerConfigKeys (ConfUtils.java:logGet(43)) - raft.server.rpc.timeout.min = 5s (custom)
2019-09-12 10:32:59,408 [pool-49-thread-1] INFO  server.RaftServerConfigKeys (ConfUtils.java:logGet(43)) - raft.server.rpc.timeout.max = 5200ms (custom)
2019-09-12 10:32:59,409 [pool-49-thread-1] INFO  server.RaftServerConfigKeys (ConfUtils.java:logGet(43)) - raft.server.rpcslowness.timeout = 120s (custom)
2019-09-12 10:32:59,409 [pool-49-thread-1] INFO  server.RaftServerConfigKeys (ConfUtils.java:logGet(43)) - raft.server.sleep.deviation.threshold = 300 (default)
2019-09-12 10:32:59,409 [pool-49-thread-1] INFO  server.RaftServerConfigKeys (ConfUtils.java:logGet(43)) - raft.server.log.appender.install.snapshot.enabled = false (custom)
2019-09-12 10:32:59,409 [pool-49-thread-1] INFO  impl.RaftServerImpl (ServerState.java:<init>(105)) - 6f7ced02-9074-41a5-813c-bc7a1b1d7969:group-0A277EC3A902 ConfigurationManager, init=-1: [6f7ced02-9074-41a5-813c-bc7a1b1d7969:192.168.157.195:46366], old=null, confs=<EMPTY_MAP>
2019-09-12 10:32:59,409 [pool-49-thread-1] INFO  server.RaftServerConfigKeys (ConfUtils.java:logGet(43)) - raft.server.storage.dir = [/workdir/hadoop-ozone/integration-test/target/test-dir/MiniOzoneClusterImpl-5ecceb84-7f52-4627-9972-1a459b519b1f/datanode-2/data/ratis] (custom)
2019-09-12 10:32:59,410 [pool-49-thread-1] INFO  storage.RaftStorageDirectory (RaftStorageDirectory.java:analyzeStorage(246)) - The storage directory /workdir/hadoop-ozone/integration-test/target/test-dir/MiniOzoneClusterImpl-5ecceb84-7f52-4627-9972-1a459b519b1f/datanode-2/data/ratis/5bf994c0-87a6-4418-875d-0a277ec3a902 does not exist. Creating ...
2019-09-12 10:32:59,423 [pool-49-thread-1] INFO  storage.RaftStorageDirectory (RaftStorageDirectory.java:tryLock(328)) - Lock on /workdir/hadoop-ozone/integration-test/target/test-dir/MiniOzoneClusterImpl-5ecceb84-7f52-4627-9972-1a459b519b1f/datanode-2/data/ratis/5bf994c0-87a6-4418-875d-0a277ec3a902/in_use.lock acquired by nodename 32653@pr-hdds-1569-xtfnx-3545843844
2019-09-12 10:32:59,435 [pool-49-thread-1] INFO  storage.RaftStorage (RaftStorage.java:format(72)) - Storage directory /workdir/hadoop-ozone/integration-test/target/test-dir/MiniOzoneClusterImpl-5ecceb84-7f52-4627-9972-1a459b519b1f/datanode-2/data/ratis/5bf994c0-87a6-4418-875d-0a277ec3a902 has been successfully formatted.
2019-09-12 10:32:59,436 [pool-49-thread-1] INFO  ratis.ContainerStateMachine (ContainerStateMachine.java:loadSnapshot(226)) - group-0A277EC3A902: The snapshot info is null. Setting the last applied indexto:(t:0, i:~)
2019-09-12 10:32:59,436 [pool-49-thread-1] INFO  server.RaftServerConfigKeys (ConfUtils.java:logGet(43)) - raft.server.leader.election.timeout = 120s (custom)
2019-09-12 10:32:59,436 [pool-49-thread-1] INFO  server.RaftServerConfigKeys (ConfUtils.java:logGet(43)) - raft.server.log.use.memory = false (default)
2019-09-12 10:32:59,436 [pool-49-thread-1] INFO  server.RaftServerConfigKeys (ConfUtils.java:logGet(43)) - raft.server.log.purge.gap = 1000000 (custom)
2019-09-12 10:32:59,436 [pool-49-thread-1] INFO  server.RaftServerConfigKeys (ConfUtils.java:logGet(43)) - raft.server.log.appender.buffer.byte-limit = 33554432 (custom)
2019-09-12 10:32:59,437 [pool-49-thread-1] INFO  server.RaftServerConfigKeys (ConfUtils.java:logGet(43)) - raft.server.log.segment.size.max = 1048576 (custom)
2019-09-12 10:32:59,437 [pool-49-thread-1] INFO  server.RaftServerConfigKeys (ConfUtils.java:logGet(43)) - raft.server.log.segment.cache.num.max = 2 (custom)
2019-09-12 10:32:59,437 [pool-49-thread-1] INFO  segmented.SegmentedRaftLogWorker (SegmentedRaftLogWorker.java:<init>(172)) - new 6f7ced02-9074-41a5-813c-bc7a1b1d7969-SegmentedRaftLogWorker:Storage Directory /workdir/hadoop-ozone/integration-test/target/test-dir/MiniOzoneClusterImpl-5ecceb84-7f52-4627-9972-1a459b519b1f/datanode-2/data/ratis/5bf994c0-87a6-4418-875d-0a277ec3a902 for RaftStorage:Storage Directory /workdir/hadoop-ozone/integration-test/target/test-dir/MiniOzoneClusterImpl-5ecceb84-7f52-4627-9972-1a459b519b1f/datanode-2/data/ratis/5bf994c0-87a6-4418-875d-0a277ec3a902
2019-09-12 10:32:59,437 [pool-49-thread-1] INFO  server.RaftServerConfigKeys (ConfUtils.java:logGet(43)) - raft.server.log.queue.byte-limit = 2147483647 (custom)
2019-09-12 10:32:59,437 [pool-49-thread-1] INFO  server.RaftServerConfigKeys (ConfUtils.java:logGet(43)) - raft.server.log.queue.element-limit = 1024 (custom)
2019-09-12 10:32:59,437 [pool-49-thread-1] INFO  server.RaftServerConfigKeys (ConfUtils.java:logGet(43)) - raft.server.log.segment.size.max = 1048576 (custom)
2019-09-12 10:32:59,438 [pool-49-thread-1] INFO  server.RaftServerConfigKeys (ConfUtils.java:logGet(43)) - raft.server.log.preallocated.size = 16384 (custom)
2019-09-12 10:32:59,438 [pool-49-thread-1] INFO  server.RaftServerConfigKeys (ConfUtils.java:logGet(43)) - raft.server.log.write.buffer.size = 33554432 (custom)
2019-09-12 10:32:59,438 [pool-49-thread-1] INFO  server.RaftServerConfigKeys (ConfUtils.java:logGet(43)) - raft.server.log.force.sync.num = 128 (default)
2019-09-12 10:32:59,438 [pool-49-thread-1] INFO  server.RaftServerConfigKeys (ConfUtils.java:logGet(43)) - raft.server.log.statemachine.data.sync = true (default)
2019-09-12 10:32:59,438 [pool-49-thread-1] INFO  server.RaftServerConfigKeys (ConfUtils.java:logGet(43)) - raft.server.log.statemachine.data.sync.timeout = 10s (default)
2019-09-12 10:32:59,438 [pool-49-thread-1] INFO  server.RaftServerConfigKeys (ConfUtils.java:logGet(43)) - raft.server.log.statemachine.data.sync.timeout.retry = -1 (default)
2019-09-12 10:32:59,439 [pool-49-thread-1] INFO  server.RaftServerConfigKeys (ConfUtils.java:logGet(43)) - raft.server.log.statemachine.data.caching.enabled = true (custom)
2019-09-12 10:32:59,439 [pool-49-thread-1] INFO  segmented.SegmentedRaftLogWorker (SegmentedRaftLogWorker.java:lambda$new$0(132)) - 6f7ced02-9074-41a5-813c-bc7a1b1d7969-SegmentedRaftLogWorker:Storage Directory /workdir/hadoop-ozone/integration-test/target/test-dir/MiniOzoneClusterImpl-5ecceb84-7f52-4627-9972-1a459b519b1f/datanode-2/data/ratis/5bf994c0-87a6-4418-875d-0a277ec3a902: flushIndex: setUnconditionally 0 -> -1
2019-09-12 10:32:59,439 [pool-49-thread-1] INFO  server.RaftServerConfigKeys (ConfUtils.java:logGet(43)) - raft.server.snapshot.auto.trigger.enabled = true (custom)
2019-09-12 10:32:59,440 [pool-49-thread-1] INFO  server.RaftServerConfigKeys (ConfUtils.java:logGet(43)) - raft.server.snapshot.auto.trigger.threshold = 10000 (custom)
2019-09-12 10:32:59,440 [pool-49-thread-1] INFO  server.RaftServerConfigKeys (ConfUtils.java:logGet(43)) - raft.server.retrycache.expirytime = 600000ms (custom)
2019-09-12 10:32:59,440 [pool-49-thread-1] INFO  impl.RaftServerImpl (RaftServerImpl.java:start(180)) - 6f7ced02-9074-41a5-813c-bc7a1b1d7969: start group-0A277EC3A902
2019-09-12 10:32:59,440 [pool-49-thread-1] INFO  impl.RaftServerImpl (RaftServerImpl.java:setRole(171)) - 6f7ced02-9074-41a5-813c-bc7a1b1d7969:group-0A277EC3A902 changes role from null to FOLLOWER at term 0 for startAsFollower
2019-09-12 10:32:59,440 [pool-49-thread-1] INFO  impl.RoleInfo (RoleInfo.java:updateAndGet(143)) - 6f7ced02-9074-41a5-813c-bc7a1b1d7969: start FollowerState
2019-09-12 10:32:59,441 [pool-49-thread-1] INFO  util.JmxRegister (JmxRegister.java:tryRegister(44)) - Successfully registered JMX Bean with object name Ratis:service=RaftServer,group=group-0A277EC3A902,id=6f7ced02-9074-41a5-813c-bc7a1b1d7969
2019-09-12 10:32:59,451 [RatisPipelineUtilsThread] INFO  pipeline.PipelineStateManager (PipelineStateManager.java:addPipeline(56)) - Created pipeline Pipeline[ Id: 5bf994c0-87a6-4418-875d-0a277ec3a902, Nodes: 6f7ced02-9074-41a5-813c-bc7a1b1d7969{ip: 192.168.157.195, host: pr-hdds-1569-xtfnx-3545843844, networkLocation: /default-rack, certSerialId: null}, Type:RATIS, Factor:ONE, State:OPEN]
2019-09-12 10:32:59,465 [grpc-default-executor-0] INFO  impl.RaftServerProxy (RaftServerProxy.java:addNew(89)) - 6d8e2272-d3cb-43aa-845f-9a021007c4ce: addNew group-1D6BDE0FC336:[6d8e2272-d3cb-43aa-845f-9a021007c4ce:192.168.157.195:46389] returns group-1D6BDE0FC336:java.util.concurrent.CompletableFuture@3a1dd9c5[Not completed]
2019-09-12 10:32:59,467 [pool-27-thread-1] INFO  impl.RaftServerImpl (RaftServerImpl.java:<init>(93)) - 6d8e2272-d3cb-43aa-845f-9a021007c4ce: new RaftServerImpl for group-1D6BDE0FC336:[6d8e2272-d3cb-43aa-845f-9a021007c4ce:192.168.157.195:46389] with ContainerStateMachine:uninitialized
2019-09-12 10:32:59,467 [pool-27-thread-1] INFO  server.RaftServerConfigKeys (ConfUtils.java:logGet(43)) - raft.server.rpc.timeout.min = 5s (custom)
2019-09-12 10:32:59,467 [pool-27-thread-1] INFO  server.RaftServerConfigKeys (ConfUtils.java:logGet(43)) - raft.server.rpc.timeout.max = 5200ms (custom)
2019-09-12 10:32:59,467 [pool-27-thread-1] INFO  server.RaftServerConfigKeys (ConfUtils.java:logGet(43)) - raft.server.rpcslowness.timeout = 120s (custom)
2019-09-12 10:32:59,467 [pool-27-thread-1] INFO  server.RaftServerConfigKeys (ConfUtils.java:logGet(43)) - raft.server.sleep.deviation.threshold = 300 (default)
2019-09-12 10:32:59,468 [pool-27-thread-1] INFO  server.RaftServerConfigKeys (ConfUtils.java:logGet(43)) - raft.server.log.appender.install.snapshot.enabled = false (custom)
2019-09-12 10:32:59,468 [pool-27-thread-1] INFO  impl.RaftServerImpl (ServerState.java:<init>(105)) - 6d8e2272-d3cb-43aa-845f-9a021007c4ce:group-1D6BDE0FC336 ConfigurationManager, init=-1: [6d8e2272-d3cb-43aa-845f-9a021007c4ce:192.168.157.195:46389], old=null, confs=<EMPTY_MAP>
2019-09-12 10:32:59,468 [pool-27-thread-1] INFO  server.RaftServerConfigKeys (ConfUtils.java:logGet(43)) - raft.server.storage.dir = [/workdir/hadoop-ozone/integration-test/target/test-dir/MiniOzoneClusterImpl-5ecceb84-7f52-4627-9972-1a459b519b1f/datanode-0/data/ratis] (custom)
2019-09-12 10:32:59,468 [pool-27-thread-1] INFO  storage.RaftStorageDirectory (RaftStorageDirectory.java:analyzeStorage(246)) - The storage directory /workdir/hadoop-ozone/integration-test/target/test-dir/MiniOzoneClusterImpl-5ecceb84-7f52-4627-9972-1a459b519b1f/datanode-0/data/ratis/33b5a570-c09d-4b24-ae42-1d6bde0fc336 does not exist. Creating ...
2019-09-12 10:32:59,483 [pool-27-thread-1] INFO  storage.RaftStorageDirectory (RaftStorageDirectory.java:tryLock(328)) - Lock on /workdir/hadoop-ozone/integration-test/target/test-dir/MiniOzoneClusterImpl-5ecceb84-7f52-4627-9972-1a459b519b1f/datanode-0/data/ratis/33b5a570-c09d-4b24-ae42-1d6bde0fc336/in_use.lock acquired by nodename 32653@pr-hdds-1569-xtfnx-3545843844
2019-09-12 10:32:59,496 [pool-27-thread-1] INFO  storage.RaftStorage (RaftStorage.java:format(72)) - Storage directory /workdir/hadoop-ozone/integration-test/target/test-dir/MiniOzoneClusterImpl-5ecceb84-7f52-4627-9972-1a459b519b1f/datanode-0/data/ratis/33b5a570-c09d-4b24-ae42-1d6bde0fc336 has been successfully formatted.
2019-09-12 10:32:59,496 [pool-27-thread-1] INFO  ratis.ContainerStateMachine (ContainerStateMachine.java:loadSnapshot(226)) - group-1D6BDE0FC336: The snapshot info is null. Setting the last applied indexto:(t:0, i:~)
2019-09-12 10:32:59,496 [pool-27-thread-1] INFO  server.RaftServerConfigKeys (ConfUtils.java:logGet(43)) - raft.server.leader.election.timeout = 120s (custom)
2019-09-12 10:32:59,496 [pool-27-thread-1] INFO  server.RaftServerConfigKeys (ConfUtils.java:logGet(43)) - raft.server.log.use.memory = false (default)
2019-09-12 10:32:59,496 [pool-27-thread-1] INFO  server.RaftServerConfigKeys (ConfUtils.java:logGet(43)) - raft.server.log.purge.gap = 1000000 (custom)
2019-09-12 10:32:59,497 [pool-27-thread-1] INFO  server.RaftServerConfigKeys (ConfUtils.java:logGet(43)) - raft.server.log.appender.buffer.byte-limit = 33554432 (custom)
2019-09-12 10:32:59,497 [pool-27-thread-1] INFO  server.RaftServerConfigKeys (ConfUtils.java:logGet(43)) - raft.server.log.segment.size.max = 1048576 (custom)
2019-09-12 10:32:59,497 [pool-27-thread-1] INFO  server.RaftServerConfigKeys (ConfUtils.java:logGet(43)) - raft.server.log.segment.cache.num.max = 2 (custom)
2019-09-12 10:32:59,497 [pool-27-thread-1] INFO  segmented.SegmentedRaftLogWorker (SegmentedRaftLogWorker.java:<init>(172)) - new 6d8e2272-d3cb-43aa-845f-9a021007c4ce-SegmentedRaftLogWorker:Storage Directory /workdir/hadoop-ozone/integration-test/target/test-dir/MiniOzoneClusterImpl-5ecceb84-7f52-4627-9972-1a459b519b1f/datanode-0/data/ratis/33b5a570-c09d-4b24-ae42-1d6bde0fc336 for RaftStorage:Storage Directory /workdir/hadoop-ozone/integration-test/target/test-dir/MiniOzoneClusterImpl-5ecceb84-7f52-4627-9972-1a459b519b1f/datanode-0/data/ratis/33b5a570-c09d-4b24-ae42-1d6bde0fc336
2019-09-12 10:32:59,497 [pool-27-thread-1] INFO  server.RaftServerConfigKeys (ConfUtils.java:logGet(43)) - raft.server.log.queue.byte-limit = 2147483647 (custom)
2019-09-12 10:32:59,497 [pool-27-thread-1] INFO  server.RaftServerConfigKeys (ConfUtils.java:logGet(43)) - raft.server.log.queue.element-limit = 1024 (custom)
2019-09-12 10:32:59,498 [pool-27-thread-1] INFO  server.RaftServerConfigKeys (ConfUtils.java:logGet(43)) - raft.server.log.segment.size.max = 1048576 (custom)
2019-09-12 10:32:59,498 [pool-27-thread-1] INFO  server.RaftServerConfigKeys (ConfUtils.java:logGet(43)) - raft.server.log.preallocated.size = 16384 (custom)
2019-09-12 10:32:59,498 [pool-27-thread-1] INFO  server.RaftServerConfigKeys (ConfUtils.java:logGet(43)) - raft.server.log.write.buffer.size = 33554432 (custom)
2019-09-12 10:32:59,498 [pool-27-thread-1] INFO  server.RaftServerConfigKeys (ConfUtils.java:logGet(43)) - raft.server.log.force.sync.num = 128 (default)
2019-09-12 10:32:59,498 [pool-27-thread-1] INFO  server.RaftServerConfigKeys (ConfUtils.java:logGet(43)) - raft.server.log.statemachine.data.sync = true (default)
2019-09-12 10:32:59,498 [pool-27-thread-1] INFO  server.RaftServerConfigKeys (ConfUtils.java:logGet(43)) - raft.server.log.statemachine.data.sync.timeout = 10s (default)
2019-09-12 10:32:59,498 [pool-27-thread-1] INFO  server.RaftServerConfigKeys (ConfUtils.java:logGet(43)) - raft.server.log.statemachine.data.sync.timeout.retry = -1 (default)
2019-09-12 10:32:59,499 [pool-27-thread-1] INFO  server.RaftServerConfigKeys (ConfUtils.java:logGet(43)) - raft.server.log.statemachine.data.caching.enabled = true (custom)
2019-09-12 10:32:59,499 [pool-27-thread-1] INFO  segmented.SegmentedRaftLogWorker (SegmentedRaftLogWorker.java:lambda$new$0(132)) - 6d8e2272-d3cb-43aa-845f-9a021007c4ce-SegmentedRaftLogWorker:Storage Directory /workdir/hadoop-ozone/integration-test/target/test-dir/MiniOzoneClusterImpl-5ecceb84-7f52-4627-9972-1a459b519b1f/datanode-0/data/ratis/33b5a570-c09d-4b24-ae42-1d6bde0fc336: flushIndex: setUnconditionally 0 -> -1
2019-09-12 10:32:59,499 [pool-27-thread-1] INFO  server.RaftServerConfigKeys (ConfUtils.java:logGet(43)) - raft.server.snapshot.auto.trigger.enabled = true (custom)
2019-09-12 10:32:59,499 [pool-27-thread-1] INFO  server.RaftServerConfigKeys (ConfUtils.java:logGet(43)) - raft.server.snapshot.auto.trigger.threshold = 10000 (custom)
2019-09-12 10:32:59,500 [pool-27-thread-1] INFO  server.RaftServerConfigKeys (ConfUtils.java:logGet(43)) - raft.server.retrycache.expirytime = 600000ms (custom)
2019-09-12 10:32:59,500 [pool-27-thread-1] INFO  impl.RaftServerImpl (RaftServerImpl.java:start(180)) - 6d8e2272-d3cb-43aa-845f-9a021007c4ce: start group-1D6BDE0FC336
2019-09-12 10:32:59,500 [pool-27-thread-1] INFO  impl.RaftServerImpl (RaftServerImpl.java:setRole(171)) - 6d8e2272-d3cb-43aa-845f-9a021007c4ce:group-1D6BDE0FC336 changes role from null to FOLLOWER at term 0 for startAsFollower
2019-09-12 10:32:59,500 [pool-27-thread-1] INFO  impl.RoleInfo (RoleInfo.java:updateAndGet(143)) - 6d8e2272-d3cb-43aa-845f-9a021007c4ce: start FollowerState
2019-09-12 10:32:59,500 [pool-27-thread-1] INFO  util.JmxRegister (JmxRegister.java:tryRegister(44)) - Successfully registered JMX Bean with object name Ratis:service=RaftServer,group=group-1D6BDE0FC336,id=6d8e2272-d3cb-43aa-845f-9a021007c4ce
2019-09-12 10:32:59,511 [RatisPipelineUtilsThread] INFO  pipeline.PipelineStateManager (PipelineStateManager.java:addPipeline(56)) - Created pipeline Pipeline[ Id: 33b5a570-c09d-4b24-ae42-1d6bde0fc336, Nodes: 6d8e2272-d3cb-43aa-845f-9a021007c4ce{ip: 192.168.157.195, host: pr-hdds-1569-xtfnx-3545843844, networkLocation: /default-rack, certSerialId: null}, Type:RATIS, Factor:ONE, State:OPEN]
2019-09-12 10:32:59,526 [grpc-default-executor-0] INFO  impl.RaftServerProxy (RaftServerProxy.java:addNew(89)) - 6f7ced02-9074-41a5-813c-bc7a1b1d7969: addNew group-25B1C21C34BE:[6f7ced02-9074-41a5-813c-bc7a1b1d7969:192.168.157.195:46366] returns group-25B1C21C34BE:java.util.concurrent.CompletableFuture@661e395b[Not completed]
2019-09-12 10:32:59,527 [pool-49-thread-1] INFO  impl.RaftServerImpl (RaftServerImpl.java:<init>(93)) - 6f7ced02-9074-41a5-813c-bc7a1b1d7969: new RaftServerImpl for group-25B1C21C34BE:[6f7ced02-9074-41a5-813c-bc7a1b1d7969:192.168.157.195:46366] with ContainerStateMachine:uninitialized
2019-09-12 10:32:59,528 [pool-49-thread-1] INFO  server.RaftServerConfigKeys (ConfUtils.java:logGet(43)) - raft.server.rpc.timeout.min = 5s (custom)
2019-09-12 10:32:59,528 [pool-49-thread-1] INFO  server.RaftServerConfigKeys (ConfUtils.java:logGet(43)) - raft.server.rpc.timeout.max = 5200ms (custom)
2019-09-12 10:32:59,528 [pool-49-thread-1] INFO  server.RaftServerConfigKeys (ConfUtils.java:logGet(43)) - raft.server.rpcslowness.timeout = 120s (custom)
2019-09-12 10:32:59,528 [pool-49-thread-1] INFO  server.RaftServerConfigKeys (ConfUtils.java:logGet(43)) - raft.server.sleep.deviation.threshold = 300 (default)
2019-09-12 10:32:59,528 [pool-49-thread-1] INFO  server.RaftServerConfigKeys (ConfUtils.java:logGet(43)) - raft.server.log.appender.install.snapshot.enabled = false (custom)
2019-09-12 10:32:59,528 [pool-49-thread-1] INFO  impl.RaftServerImpl (ServerState.java:<init>(105)) - 6f7ced02-9074-41a5-813c-bc7a1b1d7969:group-25B1C21C34BE ConfigurationManager, init=-1: [6f7ced02-9074-41a5-813c-bc7a1b1d7969:192.168.157.195:46366], old=null, confs=<EMPTY_MAP>
2019-09-12 10:32:59,529 [pool-49-thread-1] INFO  server.RaftServerConfigKeys (ConfUtils.java:logGet(43)) - raft.server.storage.dir = [/workdir/hadoop-ozone/integration-test/target/test-dir/MiniOzoneClusterImpl-5ecceb84-7f52-4627-9972-1a459b519b1f/datanode-2/data/ratis] (custom)
2019-09-12 10:32:59,529 [pool-49-thread-1] INFO  storage.RaftStorageDirectory (RaftStorageDirectory.java:analyzeStorage(246)) - The storage directory /workdir/hadoop-ozone/integration-test/target/test-dir/MiniOzoneClusterImpl-5ecceb84-7f52-4627-9972-1a459b519b1f/datanode-2/data/ratis/7a4eac35-62cf-4abd-8047-25b1c21c34be does not exist. Creating ...
2019-09-12 10:32:59,543 [pool-49-thread-1] INFO  storage.RaftStorageDirectory (RaftStorageDirectory.java:tryLock(328)) - Lock on /workdir/hadoop-ozone/integration-test/target/test-dir/MiniOzoneClusterImpl-5ecceb84-7f52-4627-9972-1a459b519b1f/datanode-2/data/ratis/7a4eac35-62cf-4abd-8047-25b1c21c34be/in_use.lock acquired by nodename 32653@pr-hdds-1569-xtfnx-3545843844
2019-09-12 10:32:59,556 [pool-49-thread-1] INFO  storage.RaftStorage (RaftStorage.java:format(72)) - Storage directory /workdir/hadoop-ozone/integration-test/target/test-dir/MiniOzoneClusterImpl-5ecceb84-7f52-4627-9972-1a459b519b1f/datanode-2/data/ratis/7a4eac35-62cf-4abd-8047-25b1c21c34be has been successfully formatted.
2019-09-12 10:32:59,556 [pool-49-thread-1] INFO  ratis.ContainerStateMachine (ContainerStateMachine.java:loadSnapshot(226)) - group-25B1C21C34BE: The snapshot info is null. Setting the last applied indexto:(t:0, i:~)
2019-09-12 10:32:59,556 [pool-49-thread-1] INFO  server.RaftServerConfigKeys (ConfUtils.java:logGet(43)) - raft.server.leader.election.timeout = 120s (custom)
2019-09-12 10:32:59,557 [pool-49-thread-1] INFO  server.RaftServerConfigKeys (ConfUtils.java:logGet(43)) - raft.server.log.use.memory = false (default)
2019-09-12 10:32:59,557 | INFO  | SCMAudit | user=jenkins1000 | ip=192.168.157.195 | op=SEND_HEARTBEAT {datanodeUUID=6d26f522-fe03-4a67-aa48-7af853b41a99, command=[]} | ret=SUCCESS |  
2019-09-12 10:32:59,557 [pool-49-thread-1] INFO  server.RaftServerConfigKeys (ConfUtils.java:logGet(43)) - raft.server.log.purge.gap = 1000000 (custom)
2019-09-12 10:32:59,557 [pool-49-thread-1] INFO  server.RaftServerConfigKeys (ConfUtils.java:logGet(43)) - raft.server.log.appender.buffer.byte-limit = 33554432 (custom)
2019-09-12 10:32:59,557 [pool-49-thread-1] INFO  server.RaftServerConfigKeys (ConfUtils.java:logGet(43)) - raft.server.log.segment.size.max = 1048576 (custom)
2019-09-12 10:32:59,557 [pool-49-thread-1] INFO  server.RaftServerConfigKeys (ConfUtils.java:logGet(43)) - raft.server.log.segment.cache.num.max = 2 (custom)
2019-09-12 10:32:59,557 [pool-49-thread-1] INFO  segmented.SegmentedRaftLogWorker (SegmentedRaftLogWorker.java:<init>(172)) - new 6f7ced02-9074-41a5-813c-bc7a1b1d7969-SegmentedRaftLogWorker:Storage Directory /workdir/hadoop-ozone/integration-test/target/test-dir/MiniOzoneClusterImpl-5ecceb84-7f52-4627-9972-1a459b519b1f/datanode-2/data/ratis/7a4eac35-62cf-4abd-8047-25b1c21c34be for RaftStorage:Storage Directory /workdir/hadoop-ozone/integration-test/target/test-dir/MiniOzoneClusterImpl-5ecceb84-7f52-4627-9972-1a459b519b1f/datanode-2/data/ratis/7a4eac35-62cf-4abd-8047-25b1c21c34be
2019-09-12 10:32:59,557 [pool-49-thread-1] INFO  server.RaftServerConfigKeys (ConfUtils.java:logGet(43)) - raft.server.log.queue.byte-limit = 2147483647 (custom)
2019-09-12 10:32:59,557 [pool-49-thread-1] INFO  server.RaftServerConfigKeys (ConfUtils.java:logGet(43)) - raft.server.log.queue.element-limit = 1024 (custom)
2019-09-12 10:32:59,557 [pool-49-thread-1] INFO  server.RaftServerConfigKeys (ConfUtils.java:logGet(43)) - raft.server.log.segment.size.max = 1048576 (custom)
2019-09-12 10:32:59,558 [pool-49-thread-1] INFO  server.RaftServerConfigKeys (ConfUtils.java:logGet(43)) - raft.server.log.preallocated.size = 16384 (custom)
2019-09-12 10:32:59,558 [pool-49-thread-1] INFO  server.RaftServerConfigKeys (ConfUtils.java:logGet(43)) - raft.server.log.write.buffer.size = 33554432 (custom)
2019-09-12 10:32:59,558 [pool-49-thread-1] INFO  server.RaftServerConfigKeys (ConfUtils.java:logGet(43)) - raft.server.log.force.sync.num = 128 (default)
2019-09-12 10:32:59,558 [pool-49-thread-1] INFO  server.RaftServerConfigKeys (ConfUtils.java:logGet(43)) - raft.server.log.statemachine.data.sync = true (default)
2019-09-12 10:32:59,558 [pool-49-thread-1] INFO  server.RaftServerConfigKeys (ConfUtils.java:logGet(43)) - raft.server.log.statemachine.data.sync.timeout = 10s (default)
2019-09-12 10:32:59,558 [pool-49-thread-1] INFO  server.RaftServerConfigKeys (ConfUtils.java:logGet(43)) - raft.server.log.statemachine.data.sync.timeout.retry = -1 (default)
2019-09-12 10:32:59,558 [pool-49-thread-1] INFO  server.RaftServerConfigKeys (ConfUtils.java:logGet(43)) - raft.server.log.statemachine.data.caching.enabled = true (custom)
2019-09-12 10:32:59,559 [pool-49-thread-1] INFO  segmented.SegmentedRaftLogWorker (SegmentedRaftLogWorker.java:lambda$new$0(132)) - 6f7ced02-9074-41a5-813c-bc7a1b1d7969-SegmentedRaftLogWorker:Storage Directory /workdir/hadoop-ozone/integration-test/target/test-dir/MiniOzoneClusterImpl-5ecceb84-7f52-4627-9972-1a459b519b1f/datanode-2/data/ratis/7a4eac35-62cf-4abd-8047-25b1c21c34be: flushIndex: setUnconditionally 0 -> -1
2019-09-12 10:32:59,559 [pool-49-thread-1] INFO  server.RaftServerConfigKeys (ConfUtils.java:logGet(43)) - raft.server.snapshot.auto.trigger.enabled = true (custom)
2019-09-12 10:32:59,559 [pool-49-thread-1] INFO  server.RaftServerConfigKeys (ConfUtils.java:logGet(43)) - raft.server.snapshot.auto.trigger.threshold = 10000 (custom)
2019-09-12 10:32:59,559 [pool-49-thread-1] INFO  server.RaftServerConfigKeys (ConfUtils.java:logGet(43)) - raft.server.retrycache.expirytime = 600000ms (custom)
2019-09-12 10:32:59,559 [pool-49-thread-1] INFO  impl.RaftServerImpl (RaftServerImpl.java:start(180)) - 6f7ced02-9074-41a5-813c-bc7a1b1d7969: start group-25B1C21C34BE
2019-09-12 10:32:59,559 [pool-49-thread-1] INFO  impl.RaftServerImpl (RaftServerImpl.java:setRole(171)) - 6f7ced02-9074-41a5-813c-bc7a1b1d7969:group-25B1C21C34BE changes role from null to FOLLOWER at term 0 for startAsFollower
2019-09-12 10:32:59,559 [pool-49-thread-1] INFO  impl.RoleInfo (RoleInfo.java:updateAndGet(143)) - 6f7ced02-9074-41a5-813c-bc7a1b1d7969: start FollowerState
2019-09-12 10:32:59,560 [pool-49-thread-1] INFO  util.JmxRegister (JmxRegister.java:tryRegister(44)) - Successfully registered JMX Bean with object name Ratis:service=RaftServer,group=group-25B1C21C34BE,id=6f7ced02-9074-41a5-813c-bc7a1b1d7969
2019-09-12 10:32:59,569 [RatisPipelineUtilsThread] INFO  pipeline.PipelineStateManager (PipelineStateManager.java:addPipeline(56)) - Created pipeline Pipeline[ Id: 7a4eac35-62cf-4abd-8047-25b1c21c34be, Nodes: 6f7ced02-9074-41a5-813c-bc7a1b1d7969{ip: 192.168.157.195, host: pr-hdds-1569-xtfnx-3545843844, networkLocation: /default-rack, certSerialId: null}, Type:RATIS, Factor:ONE, State:OPEN]
2019-09-12 10:32:59,589 [grpc-default-executor-0] INFO  impl.RaftServerProxy (RaftServerProxy.java:addNew(89)) - 6d8e2272-d3cb-43aa-845f-9a021007c4ce: addNew group-376F28BBEBFC:[6d8e2272-d3cb-43aa-845f-9a021007c4ce:192.168.157.195:46389] returns group-376F28BBEBFC:java.util.concurrent.CompletableFuture@f89ca0e[Not completed]
2019-09-12 10:32:59,591 [pool-27-thread-1] INFO  impl.RaftServerImpl (RaftServerImpl.java:<init>(93)) - 6d8e2272-d3cb-43aa-845f-9a021007c4ce: new RaftServerImpl for group-376F28BBEBFC:[6d8e2272-d3cb-43aa-845f-9a021007c4ce:192.168.157.195:46389] with ContainerStateMachine:uninitialized
2019-09-12 10:32:59,591 [pool-27-thread-1] INFO  server.RaftServerConfigKeys (ConfUtils.java:logGet(43)) - raft.server.rpc.timeout.min = 5s (custom)
2019-09-12 10:32:59,591 [pool-27-thread-1] INFO  server.RaftServerConfigKeys (ConfUtils.java:logGet(43)) - raft.server.rpc.timeout.max = 5200ms (custom)
2019-09-12 10:32:59,591 [pool-27-thread-1] INFO  server.RaftServerConfigKeys (ConfUtils.java:logGet(43)) - raft.server.rpcslowness.timeout = 120s (custom)
2019-09-12 10:32:59,591 [pool-27-thread-1] INFO  server.RaftServerConfigKeys (ConfUtils.java:logGet(43)) - raft.server.sleep.deviation.threshold = 300 (default)
2019-09-12 10:32:59,592 [pool-27-thread-1] INFO  server.RaftServerConfigKeys (ConfUtils.java:logGet(43)) - raft.server.log.appender.install.snapshot.enabled = false (custom)
2019-09-12 10:32:59,592 [pool-27-thread-1] INFO  impl.RaftServerImpl (ServerState.java:<init>(105)) - 6d8e2272-d3cb-43aa-845f-9a021007c4ce:group-376F28BBEBFC ConfigurationManager, init=-1: [6d8e2272-d3cb-43aa-845f-9a021007c4ce:192.168.157.195:46389], old=null, confs=<EMPTY_MAP>
2019-09-12 10:32:59,592 [pool-27-thread-1] INFO  server.RaftServerConfigKeys (ConfUtils.java:logGet(43)) - raft.server.storage.dir = [/workdir/hadoop-ozone/integration-test/target/test-dir/MiniOzoneClusterImpl-5ecceb84-7f52-4627-9972-1a459b519b1f/datanode-0/data/ratis] (custom)
2019-09-12 10:32:59,592 [pool-27-thread-1] INFO  storage.RaftStorageDirectory (RaftStorageDirectory.java:analyzeStorage(246)) - The storage directory /workdir/hadoop-ozone/integration-test/target/test-dir/MiniOzoneClusterImpl-5ecceb84-7f52-4627-9972-1a459b519b1f/datanode-0/data/ratis/e9a1e4a7-518d-4c4e-a499-376f28bbebfc does not exist. Creating ...
2019-09-12 10:32:59,605 [pool-27-thread-1] INFO  storage.RaftStorageDirectory (RaftStorageDirectory.java:tryLock(328)) - Lock on /workdir/hadoop-ozone/integration-test/target/test-dir/MiniOzoneClusterImpl-5ecceb84-7f52-4627-9972-1a459b519b1f/datanode-0/data/ratis/e9a1e4a7-518d-4c4e-a499-376f28bbebfc/in_use.lock acquired by nodename 32653@pr-hdds-1569-xtfnx-3545843844
2019-09-12 10:32:59,618 [pool-27-thread-1] INFO  storage.RaftStorage (RaftStorage.java:format(72)) - Storage directory /workdir/hadoop-ozone/integration-test/target/test-dir/MiniOzoneClusterImpl-5ecceb84-7f52-4627-9972-1a459b519b1f/datanode-0/data/ratis/e9a1e4a7-518d-4c4e-a499-376f28bbebfc has been successfully formatted.
2019-09-12 10:32:59,619 [pool-27-thread-1] INFO  ratis.ContainerStateMachine (ContainerStateMachine.java:loadSnapshot(226)) - group-376F28BBEBFC: The snapshot info is null. Setting the last applied indexto:(t:0, i:~)
2019-09-12 10:32:59,619 [pool-27-thread-1] INFO  server.RaftServerConfigKeys (ConfUtils.java:logGet(43)) - raft.server.leader.election.timeout = 120s (custom)
2019-09-12 10:32:59,619 [main] INFO  ozone.MiniOzoneClusterImpl (MiniOzoneClusterImpl.java:lambda$waitForClusterToBeReady$0(142)) - Cluster is ready. Got 7 of 7 DN Heartbeats.
2019-09-12 10:32:59,619 [pool-27-thread-1] INFO  server.RaftServerConfigKeys (ConfUtils.java:logGet(43)) - raft.server.log.use.memory = false (default)
2019-09-12 10:32:59,619 [pool-27-thread-1] INFO  server.RaftServerConfigKeys (ConfUtils.java:logGet(43)) - raft.server.log.purge.gap = 1000000 (custom)
2019-09-12 10:32:59,620 [pool-27-thread-1] INFO  server.RaftServerConfigKeys (ConfUtils.java:logGet(43)) - raft.server.log.appender.buffer.byte-limit = 33554432 (custom)
2019-09-12 10:32:59,620 [pool-27-thread-1] INFO  server.RaftServerConfigKeys (ConfUtils.java:logGet(43)) - raft.server.log.segment.size.max = 1048576 (custom)
2019-09-12 10:32:59,620 [pool-27-thread-1] INFO  server.RaftServerConfigKeys (ConfUtils.java:logGet(43)) - raft.server.log.segment.cache.num.max = 2 (custom)
2019-09-12 10:32:59,620 [pool-27-thread-1] INFO  segmented.SegmentedRaftLogWorker (SegmentedRaftLogWorker.java:<init>(172)) - new 6d8e2272-d3cb-43aa-845f-9a021007c4ce-SegmentedRaftLogWorker:Storage Directory /workdir/hadoop-ozone/integration-test/target/test-dir/MiniOzoneClusterImpl-5ecceb84-7f52-4627-9972-1a459b519b1f/datanode-0/data/ratis/e9a1e4a7-518d-4c4e-a499-376f28bbebfc for RaftStorage:Storage Directory /workdir/hadoop-ozone/integration-test/target/test-dir/MiniOzoneClusterImpl-5ecceb84-7f52-4627-9972-1a459b519b1f/datanode-0/data/ratis/e9a1e4a7-518d-4c4e-a499-376f28bbebfc
2019-09-12 10:32:59,620 [pool-27-thread-1] INFO  server.RaftServerConfigKeys (ConfUtils.java:logGet(43)) - raft.server.log.queue.byte-limit = 2147483647 (custom)
2019-09-12 10:32:59,620 [pool-27-thread-1] INFO  server.RaftServerConfigKeys (ConfUtils.java:logGet(43)) - raft.server.log.queue.element-limit = 1024 (custom)
2019-09-12 10:32:59,620 [pool-27-thread-1] INFO  server.RaftServerConfigKeys (ConfUtils.java:logGet(43)) - raft.server.log.segment.size.max = 1048576 (custom)
2019-09-12 10:32:59,621 [pool-27-thread-1] INFO  server.RaftServerConfigKeys (ConfUtils.java:logGet(43)) - raft.server.log.preallocated.size = 16384 (custom)
2019-09-12 10:32:59,621 [pool-27-thread-1] INFO  server.RaftServerConfigKeys (ConfUtils.java:logGet(43)) - raft.server.log.write.buffer.size = 33554432 (custom)
2019-09-12 10:32:59,621 [pool-27-thread-1] INFO  server.RaftServerConfigKeys (ConfUtils.java:logGet(43)) - raft.server.log.force.sync.num = 128 (default)
2019-09-12 10:32:59,621 [pool-27-thread-1] INFO  server.RaftServerConfigKeys (ConfUtils.java:logGet(43)) - raft.server.log.statemachine.data.sync = true (default)
2019-09-12 10:32:59,621 [pool-27-thread-1] INFO  server.RaftServerConfigKeys (ConfUtils.java:logGet(43)) - raft.server.log.statemachine.data.sync.timeout = 10s (default)
2019-09-12 10:32:59,621 [pool-27-thread-1] INFO  server.RaftServerConfigKeys (ConfUtils.java:logGet(43)) - raft.server.log.statemachine.data.sync.timeout.retry = -1 (default)
2019-09-12 10:32:59,621 [pool-27-thread-1] INFO  server.RaftServerConfigKeys (ConfUtils.java:logGet(43)) - raft.server.log.statemachine.data.caching.enabled = true (custom)
2019-09-12 10:32:59,622 [pool-27-thread-1] INFO  segmented.SegmentedRaftLogWorker (SegmentedRaftLogWorker.java:lambda$new$0(132)) - 6d8e2272-d3cb-43aa-845f-9a021007c4ce-SegmentedRaftLogWorker:Storage Directory /workdir/hadoop-ozone/integration-test/target/test-dir/MiniOzoneClusterImpl-5ecceb84-7f52-4627-9972-1a459b519b1f/datanode-0/data/ratis/e9a1e4a7-518d-4c4e-a499-376f28bbebfc: flushIndex: setUnconditionally 0 -> -1
2019-09-12 10:32:59,622 [pool-27-thread-1] INFO  server.RaftServerConfigKeys (ConfUtils.java:logGet(43)) - raft.server.snapshot.auto.trigger.enabled = true (custom)
2019-09-12 10:32:59,622 [pool-27-thread-1] INFO  server.RaftServerConfigKeys (ConfUtils.java:logGet(43)) - raft.server.snapshot.auto.trigger.threshold = 10000 (custom)
2019-09-12 10:32:59,622 [pool-27-thread-1] INFO  server.RaftServerConfigKeys (ConfUtils.java:logGet(43)) - raft.server.retrycache.expirytime = 600000ms (custom)
2019-09-12 10:32:59,623 [pool-27-thread-1] INFO  impl.RaftServerImpl (RaftServerImpl.java:start(180)) - 6d8e2272-d3cb-43aa-845f-9a021007c4ce: start group-376F28BBEBFC
2019-09-12 10:32:59,623 [pool-27-thread-1] INFO  impl.RaftServerImpl (RaftServerImpl.java:setRole(171)) - 6d8e2272-d3cb-43aa-845f-9a021007c4ce:group-376F28BBEBFC changes role from null to FOLLOWER at term 0 for startAsFollower
2019-09-12 10:32:59,623 [pool-27-thread-1] INFO  impl.RoleInfo (RoleInfo.java:updateAndGet(143)) - 6d8e2272-d3cb-43aa-845f-9a021007c4ce: start FollowerState
2019-09-12 10:32:59,623 [pool-27-thread-1] INFO  util.JmxRegister (JmxRegister.java:tryRegister(44)) - Successfully registered JMX Bean with object name Ratis:service=RaftServer,group=group-376F28BBEBFC,id=6d8e2272-d3cb-43aa-845f-9a021007c4ce
2019-09-12 10:32:59,635 [RatisPipelineUtilsThread] INFO  pipeline.PipelineStateManager (PipelineStateManager.java:addPipeline(56)) - Created pipeline Pipeline[ Id: e9a1e4a7-518d-4c4e-a499-376f28bbebfc, Nodes: 6d8e2272-d3cb-43aa-845f-9a021007c4ce{ip: 192.168.157.195, host: pr-hdds-1569-xtfnx-3545843844, networkLocation: /default-rack, certSerialId: null}, Type:RATIS, Factor:ONE, State:OPEN]
2019-09-12 10:32:59,649 [grpc-default-executor-0] INFO  impl.RaftServerProxy (RaftServerProxy.java:addNew(89)) - 81ee34d7-b83f-41e3-b846-e574d684802c: addNew group-419FAF30D5CC:[81ee34d7-b83f-41e3-b846-e574d684802c:192.168.157.195:36593] returns group-419FAF30D5CC:java.util.concurrent.CompletableFuture@15d72868[Not completed]
2019-09-12 10:32:59,665 [pool-82-thread-1] INFO  impl.RaftServerImpl (RaftServerImpl.java:<init>(93)) - 81ee34d7-b83f-41e3-b846-e574d684802c: new RaftServerImpl for group-419FAF30D5CC:[81ee34d7-b83f-41e3-b846-e574d684802c:192.168.157.195:36593] with ContainerStateMachine:uninitialized
2019-09-12 10:32:59,665 [pool-82-thread-1] INFO  server.RaftServerConfigKeys (ConfUtils.java:logGet(43)) - raft.server.rpc.timeout.min = 5s (custom)
2019-09-12 10:32:59,666 [pool-82-thread-1] INFO  server.RaftServerConfigKeys (ConfUtils.java:logGet(43)) - raft.server.rpc.timeout.max = 5200ms (custom)
2019-09-12 10:32:59,666 [pool-82-thread-1] INFO  server.RaftServerConfigKeys (ConfUtils.java:logGet(43)) - raft.server.rpcslowness.timeout = 120s (custom)
2019-09-12 10:32:59,666 [pool-82-thread-1] INFO  server.RaftServerConfigKeys (ConfUtils.java:logGet(43)) - raft.server.sleep.deviation.threshold = 300 (default)
2019-09-12 10:32:59,666 [pool-82-thread-1] INFO  server.RaftServerConfigKeys (ConfUtils.java:logGet(43)) - raft.server.log.appender.install.snapshot.enabled = false (custom)
2019-09-12 10:32:59,666 [pool-82-thread-1] INFO  impl.RaftServerImpl (ServerState.java:<init>(105)) - 81ee34d7-b83f-41e3-b846-e574d684802c:group-419FAF30D5CC ConfigurationManager, init=-1: [81ee34d7-b83f-41e3-b846-e574d684802c:192.168.157.195:36593], old=null, confs=<EMPTY_MAP>
2019-09-12 10:32:59,667 [pool-82-thread-1] INFO  server.RaftServerConfigKeys (ConfUtils.java:logGet(43)) - raft.server.storage.dir = [/workdir/hadoop-ozone/integration-test/target/test-dir/MiniOzoneClusterImpl-5ecceb84-7f52-4627-9972-1a459b519b1f/datanode-5/data/ratis] (custom)
2019-09-12 10:32:59,667 [pool-82-thread-1] INFO  storage.RaftStorageDirectory (RaftStorageDirectory.java:analyzeStorage(246)) - The storage directory /workdir/hadoop-ozone/integration-test/target/test-dir/MiniOzoneClusterImpl-5ecceb84-7f52-4627-9972-1a459b519b1f/datanode-5/data/ratis/d57b7e1b-406d-4644-a2fa-419faf30d5cc does not exist. Creating ...
2019-09-12 10:32:59,680 [pool-82-thread-1] INFO  storage.RaftStorageDirectory (RaftStorageDirectory.java:tryLock(328)) - Lock on /workdir/hadoop-ozone/integration-test/target/test-dir/MiniOzoneClusterImpl-5ecceb84-7f52-4627-9972-1a459b519b1f/datanode-5/data/ratis/d57b7e1b-406d-4644-a2fa-419faf30d5cc/in_use.lock acquired by nodename 32653@pr-hdds-1569-xtfnx-3545843844
2019-09-12 10:32:59,709 [pool-82-thread-1] INFO  storage.RaftStorage (RaftStorage.java:format(72)) - Storage directory /workdir/hadoop-ozone/integration-test/target/test-dir/MiniOzoneClusterImpl-5ecceb84-7f52-4627-9972-1a459b519b1f/datanode-5/data/ratis/d57b7e1b-406d-4644-a2fa-419faf30d5cc has been successfully formatted.
2019-09-12 10:32:59,709 [pool-82-thread-1] INFO  ratis.ContainerStateMachine (ContainerStateMachine.java:loadSnapshot(226)) - group-419FAF30D5CC: The snapshot info is null. Setting the last applied indexto:(t:0, i:~)
2019-09-12 10:32:59,710 [pool-82-thread-1] INFO  server.RaftServerConfigKeys (ConfUtils.java:logGet(43)) - raft.server.leader.election.timeout = 120s (custom)
2019-09-12 10:32:59,710 [pool-82-thread-1] INFO  server.RaftServerConfigKeys (ConfUtils.java:logGet(43)) - raft.server.log.use.memory = false (default)
2019-09-12 10:32:59,710 [pool-82-thread-1] INFO  server.RaftServerConfigKeys (ConfUtils.java:logGet(43)) - raft.server.log.purge.gap = 1000000 (custom)
2019-09-12 10:32:59,710 [pool-82-thread-1] INFO  server.RaftServerConfigKeys (ConfUtils.java:logGet(43)) - raft.server.log.appender.buffer.byte-limit = 33554432 (custom)
2019-09-12 10:32:59,710 [pool-82-thread-1] INFO  server.RaftServerConfigKeys (ConfUtils.java:logGet(43)) - raft.server.log.segment.size.max = 1048576 (custom)
2019-09-12 10:32:59,711 [pool-82-thread-1] INFO  server.RaftServerConfigKeys (ConfUtils.java:logGet(43)) - raft.server.log.segment.cache.num.max = 2 (custom)
2019-09-12 10:32:59,711 [pool-82-thread-1] INFO  segmented.SegmentedRaftLogWorker (SegmentedRaftLogWorker.java:<init>(172)) - new 81ee34d7-b83f-41e3-b846-e574d684802c-SegmentedRaftLogWorker:Storage Directory /workdir/hadoop-ozone/integration-test/target/test-dir/MiniOzoneClusterImpl-5ecceb84-7f52-4627-9972-1a459b519b1f/datanode-5/data/ratis/d57b7e1b-406d-4644-a2fa-419faf30d5cc for RaftStorage:Storage Directory /workdir/hadoop-ozone/integration-test/target/test-dir/MiniOzoneClusterImpl-5ecceb84-7f52-4627-9972-1a459b519b1f/datanode-5/data/ratis/d57b7e1b-406d-4644-a2fa-419faf30d5cc
2019-09-12 10:32:59,711 [pool-82-thread-1] INFO  server.RaftServerConfigKeys (ConfUtils.java:logGet(43)) - raft.server.log.queue.byte-limit = 2147483647 (custom)
2019-09-12 10:32:59,711 [pool-82-thread-1] INFO  server.RaftServerConfigKeys (ConfUtils.java:logGet(43)) - raft.server.log.queue.element-limit = 1024 (custom)
2019-09-12 10:32:59,714 [pool-82-thread-1] INFO  server.RaftServerConfigKeys (ConfUtils.java:logGet(43)) - raft.server.log.segment.size.max = 1048576 (custom)
2019-09-12 10:32:59,715 [pool-82-thread-1] INFO  server.RaftServerConfigKeys (ConfUtils.java:logGet(43)) - raft.server.log.preallocated.size = 16384 (custom)
2019-09-12 10:32:59,715 [pool-82-thread-1] INFO  server.RaftServerConfigKeys (ConfUtils.java:logGet(43)) - raft.server.log.write.buffer.size = 33554432 (custom)
2019-09-12 10:32:59,715 [pool-82-thread-1] INFO  server.RaftServerConfigKeys (ConfUtils.java:logGet(43)) - raft.server.log.force.sync.num = 128 (default)
2019-09-12 10:32:59,715 [pool-82-thread-1] INFO  server.RaftServerConfigKeys (ConfUtils.java:logGet(43)) - raft.server.log.statemachine.data.sync = true (default)
2019-09-12 10:32:59,716 [pool-82-thread-1] INFO  server.RaftServerConfigKeys (ConfUtils.java:logGet(43)) - raft.server.log.statemachine.data.sync.timeout = 10s (default)
2019-09-12 10:32:59,716 [pool-82-thread-1] INFO  server.RaftServerConfigKeys (ConfUtils.java:logGet(43)) - raft.server.log.statemachine.data.sync.timeout.retry = -1 (default)
2019-09-12 10:32:59,718 [pool-82-thread-1] INFO  server.RaftServerConfigKeys (ConfUtils.java:logGet(43)) - raft.server.log.statemachine.data.caching.enabled = true (custom)
2019-09-12 10:32:59,718 [pool-82-thread-1] INFO  segmented.SegmentedRaftLogWorker (SegmentedRaftLogWorker.java:lambda$new$0(132)) - 81ee34d7-b83f-41e3-b846-e574d684802c-SegmentedRaftLogWorker:Storage Directory /workdir/hadoop-ozone/integration-test/target/test-dir/MiniOzoneClusterImpl-5ecceb84-7f52-4627-9972-1a459b519b1f/datanode-5/data/ratis/d57b7e1b-406d-4644-a2fa-419faf30d5cc: flushIndex: setUnconditionally 0 -> -1
2019-09-12 10:32:59,719 [pool-82-thread-1] INFO  server.RaftServerConfigKeys (ConfUtils.java:logGet(43)) - raft.server.snapshot.auto.trigger.enabled = true (custom)
2019-09-12 10:32:59,719 [pool-82-thread-1] INFO  server.RaftServerConfigKeys (ConfUtils.java:logGet(43)) - raft.server.snapshot.auto.trigger.threshold = 10000 (custom)
2019-09-12 10:32:59,719 [pool-82-thread-1] INFO  server.RaftServerConfigKeys (ConfUtils.java:logGet(43)) - raft.server.retrycache.expirytime = 600000ms (custom)
2019-09-12 10:32:59,720 [pool-82-thread-1] INFO  impl.RaftServerImpl (RaftServerImpl.java:start(180)) - 81ee34d7-b83f-41e3-b846-e574d684802c: start group-419FAF30D5CC
2019-09-12 10:32:59,720 [pool-82-thread-1] INFO  impl.RaftServerImpl (RaftServerImpl.java:setRole(171)) - 81ee34d7-b83f-41e3-b846-e574d684802c:group-419FAF30D5CC changes role from null to FOLLOWER at term 0 for startAsFollower
2019-09-12 10:32:59,720 [pool-82-thread-1] INFO  impl.RoleInfo (RoleInfo.java:updateAndGet(143)) - 81ee34d7-b83f-41e3-b846-e574d684802c: start FollowerState
2019-09-12 10:32:59,721 [pool-82-thread-1] INFO  util.JmxRegister (JmxRegister.java:tryRegister(44)) - Successfully registered JMX Bean with object name Ratis:service=RaftServer,group=group-419FAF30D5CC,id=81ee34d7-b83f-41e3-b846-e574d684802c
2019-09-12 10:32:59,732 [RatisPipelineUtilsThread] INFO  pipeline.PipelineStateManager (PipelineStateManager.java:addPipeline(56)) - Created pipeline Pipeline[ Id: d57b7e1b-406d-4644-a2fa-419faf30d5cc, Nodes: 81ee34d7-b83f-41e3-b846-e574d684802c{ip: 192.168.157.195, host: pr-hdds-1569-xtfnx-3545843844, networkLocation: /default-rack, certSerialId: null}, Type:RATIS, Factor:ONE, State:OPEN]
2019-09-12 10:32:59,748 [grpc-default-executor-0] INFO  impl.RaftServerProxy (RaftServerProxy.java:addNew(89)) - 6f7ced02-9074-41a5-813c-bc7a1b1d7969: addNew group-A447A57EB824:[6f7ced02-9074-41a5-813c-bc7a1b1d7969:192.168.157.195:46366] returns group-A447A57EB824:java.util.concurrent.CompletableFuture@1faa0dd5[Not completed]
2019-09-12 10:32:59,750 | INFO  | SCMAudit | user=jenkins1000 | ip=192.168.157.195 | op=SEND_HEARTBEAT {datanodeUUID=6f7ced02-9074-41a5-813c-bc7a1b1d7969, command=[]} | ret=SUCCESS |  
2019-09-12 10:32:59,751 [pool-49-thread-1] INFO  impl.RaftServerImpl (RaftServerImpl.java:<init>(93)) - 6f7ced02-9074-41a5-813c-bc7a1b1d7969: new RaftServerImpl for group-A447A57EB824:[6f7ced02-9074-41a5-813c-bc7a1b1d7969:192.168.157.195:46366] with ContainerStateMachine:uninitialized
2019-09-12 10:32:59,751 [pool-49-thread-1] INFO  server.RaftServerConfigKeys (ConfUtils.java:logGet(43)) - raft.server.rpc.timeout.min = 5s (custom)
2019-09-12 10:32:59,751 [pool-49-thread-1] INFO  server.RaftServerConfigKeys (ConfUtils.java:logGet(43)) - raft.server.rpc.timeout.max = 5200ms (custom)
2019-09-12 10:32:59,751 [pool-49-thread-1] INFO  server.RaftServerConfigKeys (ConfUtils.java:logGet(43)) - raft.server.rpcslowness.timeout = 120s (custom)
2019-09-12 10:32:59,751 [pool-49-thread-1] INFO  server.RaftServerConfigKeys (ConfUtils.java:logGet(43)) - raft.server.sleep.deviation.threshold = 300 (default)
2019-09-12 10:32:59,751 [pool-49-thread-1] INFO  server.RaftServerConfigKeys (ConfUtils.java:logGet(43)) - raft.server.log.appender.install.snapshot.enabled = false (custom)
2019-09-12 10:32:59,752 [pool-49-thread-1] INFO  impl.RaftServerImpl (ServerState.java:<init>(105)) - 6f7ced02-9074-41a5-813c-bc7a1b1d7969:group-A447A57EB824 ConfigurationManager, init=-1: [6f7ced02-9074-41a5-813c-bc7a1b1d7969:192.168.157.195:46366], old=null, confs=<EMPTY_MAP>
2019-09-12 10:32:59,752 [pool-49-thread-1] INFO  server.RaftServerConfigKeys (ConfUtils.java:logGet(43)) - raft.server.storage.dir = [/workdir/hadoop-ozone/integration-test/target/test-dir/MiniOzoneClusterImpl-5ecceb84-7f52-4627-9972-1a459b519b1f/datanode-2/data/ratis] (custom)
2019-09-12 10:32:59,752 [pool-49-thread-1] INFO  storage.RaftStorageDirectory (RaftStorageDirectory.java:analyzeStorage(246)) - The storage directory /workdir/hadoop-ozone/integration-test/target/test-dir/MiniOzoneClusterImpl-5ecceb84-7f52-4627-9972-1a459b519b1f/datanode-2/data/ratis/2f8a7a8a-3d68-4389-910e-a447a57eb824 does not exist. Creating ...
2019-09-12 10:32:59,766 [pool-49-thread-1] INFO  storage.RaftStorageDirectory (RaftStorageDirectory.java:tryLock(328)) - Lock on /workdir/hadoop-ozone/integration-test/target/test-dir/MiniOzoneClusterImpl-5ecceb84-7f52-4627-9972-1a459b519b1f/datanode-2/data/ratis/2f8a7a8a-3d68-4389-910e-a447a57eb824/in_use.lock acquired by nodename 32653@pr-hdds-1569-xtfnx-3545843844
2019-09-12 10:32:59,779 [pool-49-thread-1] INFO  storage.RaftStorage (RaftStorage.java:format(72)) - Storage directory /workdir/hadoop-ozone/integration-test/target/test-dir/MiniOzoneClusterImpl-5ecceb84-7f52-4627-9972-1a459b519b1f/datanode-2/data/ratis/2f8a7a8a-3d68-4389-910e-a447a57eb824 has been successfully formatted.
2019-09-12 10:32:59,779 [pool-49-thread-1] INFO  ratis.ContainerStateMachine (ContainerStateMachine.java:loadSnapshot(226)) - group-A447A57EB824: The snapshot info is null. Setting the last applied indexto:(t:0, i:~)
2019-09-12 10:32:59,779 [pool-49-thread-1] INFO  server.RaftServerConfigKeys (ConfUtils.java:logGet(43)) - raft.server.leader.election.timeout = 120s (custom)
2019-09-12 10:32:59,779 [pool-49-thread-1] INFO  server.RaftServerConfigKeys (ConfUtils.java:logGet(43)) - raft.server.log.use.memory = false (default)
2019-09-12 10:32:59,779 [pool-49-thread-1] INFO  server.RaftServerConfigKeys (ConfUtils.java:logGet(43)) - raft.server.log.purge.gap = 1000000 (custom)
2019-09-12 10:32:59,779 [pool-49-thread-1] INFO  server.RaftServerConfigKeys (ConfUtils.java:logGet(43)) - raft.server.log.appender.buffer.byte-limit = 33554432 (custom)
2019-09-12 10:32:59,780 [pool-49-thread-1] INFO  server.RaftServerConfigKeys (ConfUtils.java:logGet(43)) - raft.server.log.segment.size.max = 1048576 (custom)
2019-09-12 10:32:59,780 [pool-49-thread-1] INFO  server.RaftServerConfigKeys (ConfUtils.java:logGet(43)) - raft.server.log.segment.cache.num.max = 2 (custom)
2019-09-12 10:32:59,780 [pool-49-thread-1] INFO  segmented.SegmentedRaftLogWorker (SegmentedRaftLogWorker.java:<init>(172)) - new 6f7ced02-9074-41a5-813c-bc7a1b1d7969-SegmentedRaftLogWorker:Storage Directory /workdir/hadoop-ozone/integration-test/target/test-dir/MiniOzoneClusterImpl-5ecceb84-7f52-4627-9972-1a459b519b1f/datanode-2/data/ratis/2f8a7a8a-3d68-4389-910e-a447a57eb824 for RaftStorage:Storage Directory /workdir/hadoop-ozone/integration-test/target/test-dir/MiniOzoneClusterImpl-5ecceb84-7f52-4627-9972-1a459b519b1f/datanode-2/data/ratis/2f8a7a8a-3d68-4389-910e-a447a57eb824
2019-09-12 10:32:59,780 [pool-49-thread-1] INFO  server.RaftServerConfigKeys (ConfUtils.java:logGet(43)) - raft.server.log.queue.byte-limit = 2147483647 (custom)
2019-09-12 10:32:59,780 [pool-49-thread-1] INFO  server.RaftServerConfigKeys (ConfUtils.java:logGet(43)) - raft.server.log.queue.element-limit = 1024 (custom)
2019-09-12 10:32:59,780 [pool-49-thread-1] INFO  server.RaftServerConfigKeys (ConfUtils.java:logGet(43)) - raft.server.log.segment.size.max = 1048576 (custom)
2019-09-12 10:32:59,780 [pool-49-thread-1] INFO  server.RaftServerConfigKeys (ConfUtils.java:logGet(43)) - raft.server.log.preallocated.size = 16384 (custom)
2019-09-12 10:32:59,780 [pool-49-thread-1] INFO  server.RaftServerConfigKeys (ConfUtils.java:logGet(43)) - raft.server.log.write.buffer.size = 33554432 (custom)
2019-09-12 10:32:59,780 [pool-49-thread-1] INFO  server.RaftServerConfigKeys (ConfUtils.java:logGet(43)) - raft.server.log.force.sync.num = 128 (default)
2019-09-12 10:32:59,781 [pool-49-thread-1] INFO  server.RaftServerConfigKeys (ConfUtils.java:logGet(43)) - raft.server.log.statemachine.data.sync = true (default)
2019-09-12 10:32:59,781 [pool-49-thread-1] INFO  server.RaftServerConfigKeys (ConfUtils.java:logGet(43)) - raft.server.log.statemachine.data.sync.timeout = 10s (default)
2019-09-12 10:32:59,781 [pool-49-thread-1] INFO  server.RaftServerConfigKeys (ConfUtils.java:logGet(43)) - raft.server.log.statemachine.data.sync.timeout.retry = -1 (default)
2019-09-12 10:32:59,781 [pool-49-thread-1] INFO  server.RaftServerConfigKeys (ConfUtils.java:logGet(43)) - raft.server.log.statemachine.data.caching.enabled = true (custom)
2019-09-12 10:32:59,781 [pool-49-thread-1] INFO  segmented.SegmentedRaftLogWorker (SegmentedRaftLogWorker.java:lambda$new$0(132)) - 6f7ced02-9074-41a5-813c-bc7a1b1d7969-SegmentedRaftLogWorker:Storage Directory /workdir/hadoop-ozone/integration-test/target/test-dir/MiniOzoneClusterImpl-5ecceb84-7f52-4627-9972-1a459b519b1f/datanode-2/data/ratis/2f8a7a8a-3d68-4389-910e-a447a57eb824: flushIndex: setUnconditionally 0 -> -1
2019-09-12 10:32:59,781 [pool-49-thread-1] INFO  server.RaftServerConfigKeys (ConfUtils.java:logGet(43)) - raft.server.snapshot.auto.trigger.enabled = true (custom)
2019-09-12 10:32:59,782 [pool-49-thread-1] INFO  server.RaftServerConfigKeys (ConfUtils.java:logGet(43)) - raft.server.snapshot.auto.trigger.threshold = 10000 (custom)
2019-09-12 10:32:59,782 [pool-49-thread-1] INFO  server.RaftServerConfigKeys (ConfUtils.java:logGet(43)) - raft.server.retrycache.expirytime = 600000ms (custom)
2019-09-12 10:32:59,782 [pool-49-thread-1] INFO  impl.RaftServerImpl (RaftServerImpl.java:start(180)) - 6f7ced02-9074-41a5-813c-bc7a1b1d7969: start group-A447A57EB824
2019-09-12 10:32:59,782 [pool-49-thread-1] INFO  impl.RaftServerImpl (RaftServerImpl.java:setRole(171)) - 6f7ced02-9074-41a5-813c-bc7a1b1d7969:group-A447A57EB824 changes role from null to FOLLOWER at term 0 for startAsFollower
2019-09-12 10:32:59,782 [pool-49-thread-1] INFO  impl.RoleInfo (RoleInfo.java:updateAndGet(143)) - 6f7ced02-9074-41a5-813c-bc7a1b1d7969: start FollowerState
2019-09-12 10:32:59,782 [pool-49-thread-1] INFO  util.JmxRegister (JmxRegister.java:tryRegister(44)) - Successfully registered JMX Bean with object name Ratis:service=RaftServer,group=group-A447A57EB824,id=6f7ced02-9074-41a5-813c-bc7a1b1d7969
2019-09-12 10:32:59,788 [RatisPipelineUtilsThread] INFO  pipeline.PipelineStateManager (PipelineStateManager.java:addPipeline(56)) - Created pipeline Pipeline[ Id: 2f8a7a8a-3d68-4389-910e-a447a57eb824, Nodes: 6f7ced02-9074-41a5-813c-bc7a1b1d7969{ip: 192.168.157.195, host: pr-hdds-1569-xtfnx-3545843844, networkLocation: /default-rack, certSerialId: null}, Type:RATIS, Factor:ONE, State:OPEN]
2019-09-12 10:32:59,791 [RatisPipelineUtilsThread] ERROR pipeline.PipelinePlacementPolicy (PipelinePlacementPolicy.java:meetCriteria(91)) - Pipeline Placement: Doesn't meet the criteria to be viable node. Heaviness: 6
2019-09-12 10:32:59,800 [grpc-default-executor-0] INFO  impl.RaftServerProxy (RaftServerProxy.java:addNew(89)) - 6d8e2272-d3cb-43aa-845f-9a021007c4ce: addNew group-B170CFE455DD:[6d8e2272-d3cb-43aa-845f-9a021007c4ce:192.168.157.195:46389] returns group-B170CFE455DD:java.util.concurrent.CompletableFuture@17982657[Not completed]
2019-09-12 10:32:59,802 [pool-27-thread-1] INFO  impl.RaftServerImpl (RaftServerImpl.java:<init>(93)) - 6d8e2272-d3cb-43aa-845f-9a021007c4ce: new RaftServerImpl for group-B170CFE455DD:[6d8e2272-d3cb-43aa-845f-9a021007c4ce:192.168.157.195:46389] with ContainerStateMachine:uninitialized
2019-09-12 10:32:59,802 [pool-27-thread-1] INFO  server.RaftServerConfigKeys (ConfUtils.java:logGet(43)) - raft.server.rpc.timeout.min = 5s (custom)
2019-09-12 10:32:59,802 [pool-27-thread-1] INFO  server.RaftServerConfigKeys (ConfUtils.java:logGet(43)) - raft.server.rpc.timeout.max = 5200ms (custom)
2019-09-12 10:32:59,802 [pool-27-thread-1] INFO  server.RaftServerConfigKeys (ConfUtils.java:logGet(43)) - raft.server.rpcslowness.timeout = 120s (custom)
2019-09-12 10:32:59,802 [pool-27-thread-1] INFO  server.RaftServerConfigKeys (ConfUtils.java:logGet(43)) - raft.server.sleep.deviation.threshold = 300 (default)
2019-09-12 10:32:59,803 [pool-27-thread-1] INFO  server.RaftServerConfigKeys (ConfUtils.java:logGet(43)) - raft.server.log.appender.install.snapshot.enabled = false (custom)
2019-09-12 10:32:59,803 [pool-27-thread-1] INFO  impl.RaftServerImpl (ServerState.java:<init>(105)) - 6d8e2272-d3cb-43aa-845f-9a021007c4ce:group-B170CFE455DD ConfigurationManager, init=-1: [6d8e2272-d3cb-43aa-845f-9a021007c4ce:192.168.157.195:46389], old=null, confs=<EMPTY_MAP>
2019-09-12 10:32:59,803 [pool-27-thread-1] INFO  server.RaftServerConfigKeys (ConfUtils.java:logGet(43)) - raft.server.storage.dir = [/workdir/hadoop-ozone/integration-test/target/test-dir/MiniOzoneClusterImpl-5ecceb84-7f52-4627-9972-1a459b519b1f/datanode-0/data/ratis] (custom)
2019-09-12 10:32:59,803 [pool-27-thread-1] INFO  storage.RaftStorageDirectory (RaftStorageDirectory.java:analyzeStorage(246)) - The storage directory /workdir/hadoop-ozone/integration-test/target/test-dir/MiniOzoneClusterImpl-5ecceb84-7f52-4627-9972-1a459b519b1f/datanode-0/data/ratis/9b585856-3e6d-478b-a9de-b170cfe455dd does not exist. Creating ...
2019-09-12 10:32:59,816 [pool-27-thread-1] INFO  storage.RaftStorageDirectory (RaftStorageDirectory.java:tryLock(328)) - Lock on /workdir/hadoop-ozone/integration-test/target/test-dir/MiniOzoneClusterImpl-5ecceb84-7f52-4627-9972-1a459b519b1f/datanode-0/data/ratis/9b585856-3e6d-478b-a9de-b170cfe455dd/in_use.lock acquired by nodename 32653@pr-hdds-1569-xtfnx-3545843844
2019-09-12 10:32:59,831 [pool-27-thread-1] INFO  storage.RaftStorage (RaftStorage.java:format(72)) - Storage directory /workdir/hadoop-ozone/integration-test/target/test-dir/MiniOzoneClusterImpl-5ecceb84-7f52-4627-9972-1a459b519b1f/datanode-0/data/ratis/9b585856-3e6d-478b-a9de-b170cfe455dd has been successfully formatted.
2019-09-12 10:32:59,831 [pool-27-thread-1] INFO  ratis.ContainerStateMachine (ContainerStateMachine.java:loadSnapshot(226)) - group-B170CFE455DD: The snapshot info is null. Setting the last applied indexto:(t:0, i:~)
2019-09-12 10:32:59,831 [pool-27-thread-1] INFO  server.RaftServerConfigKeys (ConfUtils.java:logGet(43)) - raft.server.leader.election.timeout = 120s (custom)
2019-09-12 10:32:59,831 [pool-27-thread-1] INFO  server.RaftServerConfigKeys (ConfUtils.java:logGet(43)) - raft.server.log.use.memory = false (default)
2019-09-12 10:32:59,831 [pool-27-thread-1] INFO  server.RaftServerConfigKeys (ConfUtils.java:logGet(43)) - raft.server.log.purge.gap = 1000000 (custom)
2019-09-12 10:32:59,831 [pool-27-thread-1] INFO  server.RaftServerConfigKeys (ConfUtils.java:logGet(43)) - raft.server.log.appender.buffer.byte-limit = 33554432 (custom)
2019-09-12 10:32:59,832 [pool-27-thread-1] INFO  server.RaftServerConfigKeys (ConfUtils.java:logGet(43)) - raft.server.log.segment.size.max = 1048576 (custom)
2019-09-12 10:32:59,832 [pool-27-thread-1] INFO  server.RaftServerConfigKeys (ConfUtils.java:logGet(43)) - raft.server.log.segment.cache.num.max = 2 (custom)
2019-09-12 10:32:59,832 [pool-27-thread-1] INFO  segmented.SegmentedRaftLogWorker (SegmentedRaftLogWorker.java:<init>(172)) - new 6d8e2272-d3cb-43aa-845f-9a021007c4ce-SegmentedRaftLogWorker:Storage Directory /workdir/hadoop-ozone/integration-test/target/test-dir/MiniOzoneClusterImpl-5ecceb84-7f52-4627-9972-1a459b519b1f/datanode-0/data/ratis/9b585856-3e6d-478b-a9de-b170cfe455dd for RaftStorage:Storage Directory /workdir/hadoop-ozone/integration-test/target/test-dir/MiniOzoneClusterImpl-5ecceb84-7f52-4627-9972-1a459b519b1f/datanode-0/data/ratis/9b585856-3e6d-478b-a9de-b170cfe455dd
2019-09-12 10:32:59,832 [pool-27-thread-1] INFO  server.RaftServerConfigKeys (ConfUtils.java:logGet(43)) - raft.server.log.queue.byte-limit = 2147483647 (custom)
2019-09-12 10:32:59,832 [pool-27-thread-1] INFO  server.RaftServerConfigKeys (ConfUtils.java:logGet(43)) - raft.server.log.queue.element-limit = 1024 (custom)
2019-09-12 10:32:59,832 [pool-27-thread-1] INFO  server.RaftServerConfigKeys (ConfUtils.java:logGet(43)) - raft.server.log.segment.size.max = 1048576 (custom)
2019-09-12 10:32:59,832 [pool-27-thread-1] INFO  server.RaftServerConfigKeys (ConfUtils.java:logGet(43)) - raft.server.log.preallocated.size = 16384 (custom)
2019-09-12 10:32:59,833 [pool-27-thread-1] INFO  server.RaftServerConfigKeys (ConfUtils.java:logGet(43)) - raft.server.log.write.buffer.size = 33554432 (custom)
2019-09-12 10:32:59,833 [pool-27-thread-1] INFO  server.RaftServerConfigKeys (ConfUtils.java:logGet(43)) - raft.server.log.force.sync.num = 128 (default)
2019-09-12 10:32:59,833 [pool-27-thread-1] INFO  server.RaftServerConfigKeys (ConfUtils.java:logGet(43)) - raft.server.log.statemachine.data.sync = true (default)
2019-09-12 10:32:59,833 [pool-27-thread-1] INFO  server.RaftServerConfigKeys (ConfUtils.java:logGet(43)) - raft.server.log.statemachine.data.sync.timeout = 10s (default)
2019-09-12 10:32:59,833 [pool-27-thread-1] INFO  server.RaftServerConfigKeys (ConfUtils.java:logGet(43)) - raft.server.log.statemachine.data.sync.timeout.retry = -1 (default)
2019-09-12 10:32:59,833 [pool-27-thread-1] INFO  server.RaftServerConfigKeys (ConfUtils.java:logGet(43)) - raft.server.log.statemachine.data.caching.enabled = true (custom)
2019-09-12 10:32:59,834 [pool-27-thread-1] INFO  segmented.SegmentedRaftLogWorker (SegmentedRaftLogWorker.java:lambda$new$0(132)) - 6d8e2272-d3cb-43aa-845f-9a021007c4ce-SegmentedRaftLogWorker:Storage Directory /workdir/hadoop-ozone/integration-test/target/test-dir/MiniOzoneClusterImpl-5ecceb84-7f52-4627-9972-1a459b519b1f/datanode-0/data/ratis/9b585856-3e6d-478b-a9de-b170cfe455dd: flushIndex: setUnconditionally 0 -> -1
2019-09-12 10:32:59,834 [pool-27-thread-1] INFO  server.RaftServerConfigKeys (ConfUtils.java:logGet(43)) - raft.server.snapshot.auto.trigger.enabled = true (custom)
2019-09-12 10:32:59,834 [pool-27-thread-1] INFO  server.RaftServerConfigKeys (ConfUtils.java:logGet(43)) - raft.server.snapshot.auto.trigger.threshold = 10000 (custom)
2019-09-12 10:32:59,834 [pool-27-thread-1] INFO  server.RaftServerConfigKeys (ConfUtils.java:logGet(43)) - raft.server.retrycache.expirytime = 600000ms (custom)
2019-09-12 10:32:59,834 [pool-27-thread-1] INFO  impl.RaftServerImpl (RaftServerImpl.java:start(180)) - 6d8e2272-d3cb-43aa-845f-9a021007c4ce: start group-B170CFE455DD
2019-09-12 10:32:59,834 [pool-27-thread-1] INFO  impl.RaftServerImpl (RaftServerImpl.java:setRole(171)) - 6d8e2272-d3cb-43aa-845f-9a021007c4ce:group-B170CFE455DD changes role from null to FOLLOWER at term 0 for startAsFollower
2019-09-12 10:32:59,835 [pool-27-thread-1] INFO  impl.RoleInfo (RoleInfo.java:updateAndGet(143)) - 6d8e2272-d3cb-43aa-845f-9a021007c4ce: start FollowerState
2019-09-12 10:32:59,835 [pool-27-thread-1] INFO  util.JmxRegister (JmxRegister.java:tryRegister(44)) - Successfully registered JMX Bean with object name Ratis:service=RaftServer,group=group-B170CFE455DD,id=6d8e2272-d3cb-43aa-845f-9a021007c4ce
2019-09-12 10:32:59,843 [RatisPipelineUtilsThread] INFO  pipeline.PipelineStateManager (PipelineStateManager.java:addPipeline(56)) - Created pipeline Pipeline[ Id: 9b585856-3e6d-478b-a9de-b170cfe455dd, Nodes: 6d8e2272-d3cb-43aa-845f-9a021007c4ce{ip: 192.168.157.195, host: pr-hdds-1569-xtfnx-3545843844, networkLocation: /default-rack, certSerialId: null}, Type:RATIS, Factor:ONE, State:OPEN]
2019-09-12 10:32:59,845 [RatisPipelineUtilsThread] ERROR pipeline.PipelinePlacementPolicy (PipelinePlacementPolicy.java:meetCriteria(91)) - Pipeline Placement: Doesn't meet the criteria to be viable node. Heaviness: 6
2019-09-12 10:32:59,856 [grpc-default-executor-1] INFO  impl.RaftServerProxy (RaftServerProxy.java:addNew(89)) - e0e61d4c-2e09-4c56-8609-a14bb69c63aa: addNew group-B98549460CF5:[e0e61d4c-2e09-4c56-8609-a14bb69c63aa:192.168.157.195:42576] returns group-B98549460CF5:java.util.concurrent.CompletableFuture@473a953e[Not completed]
2019-09-12 10:32:59,858 [pool-60-thread-1] INFO  impl.RaftServerImpl (RaftServerImpl.java:<init>(93)) - e0e61d4c-2e09-4c56-8609-a14bb69c63aa: new RaftServerImpl for group-B98549460CF5:[e0e61d4c-2e09-4c56-8609-a14bb69c63aa:192.168.157.195:42576] with ContainerStateMachine:uninitialized
2019-09-12 10:32:59,858 [pool-60-thread-1] INFO  server.RaftServerConfigKeys (ConfUtils.java:logGet(43)) - raft.server.rpc.timeout.min = 5s (custom)
2019-09-12 10:32:59,858 [pool-60-thread-1] INFO  server.RaftServerConfigKeys (ConfUtils.java:logGet(43)) - raft.server.rpc.timeout.max = 5200ms (custom)
2019-09-12 10:32:59,858 [pool-60-thread-1] INFO  server.RaftServerConfigKeys (ConfUtils.java:logGet(43)) - raft.server.rpcslowness.timeout = 120s (custom)
2019-09-12 10:32:59,859 [pool-60-thread-1] INFO  server.RaftServerConfigKeys (ConfUtils.java:logGet(43)) - raft.server.sleep.deviation.threshold = 300 (default)
2019-09-12 10:32:59,859 [pool-60-thread-1] INFO  server.RaftServerConfigKeys (ConfUtils.java:logGet(43)) - raft.server.log.appender.install.snapshot.enabled = false (custom)
2019-09-12 10:32:59,859 [pool-60-thread-1] INFO  impl.RaftServerImpl (ServerState.java:<init>(105)) - e0e61d4c-2e09-4c56-8609-a14bb69c63aa:group-B98549460CF5 ConfigurationManager, init=-1: [e0e61d4c-2e09-4c56-8609-a14bb69c63aa:192.168.157.195:42576], old=null, confs=<EMPTY_MAP>
2019-09-12 10:32:59,859 [pool-60-thread-1] INFO  server.RaftServerConfigKeys (ConfUtils.java:logGet(43)) - raft.server.storage.dir = [/workdir/hadoop-ozone/integration-test/target/test-dir/MiniOzoneClusterImpl-5ecceb84-7f52-4627-9972-1a459b519b1f/datanode-3/data/ratis] (custom)
2019-09-12 10:32:59,860 [pool-60-thread-1] INFO  storage.RaftStorageDirectory (RaftStorageDirectory.java:analyzeStorage(246)) - The storage directory /workdir/hadoop-ozone/integration-test/target/test-dir/MiniOzoneClusterImpl-5ecceb84-7f52-4627-9972-1a459b519b1f/datanode-3/data/ratis/a00dd72a-4221-4cf3-ae12-b98549460cf5 does not exist. Creating ...
2019-09-12 10:32:59,873 [pool-60-thread-1] INFO  storage.RaftStorageDirectory (RaftStorageDirectory.java:tryLock(328)) - Lock on /workdir/hadoop-ozone/integration-test/target/test-dir/MiniOzoneClusterImpl-5ecceb84-7f52-4627-9972-1a459b519b1f/datanode-3/data/ratis/a00dd72a-4221-4cf3-ae12-b98549460cf5/in_use.lock acquired by nodename 32653@pr-hdds-1569-xtfnx-3545843844
2019-09-12 10:32:59,886 [pool-60-thread-1] INFO  storage.RaftStorage (RaftStorage.java:format(72)) - Storage directory /workdir/hadoop-ozone/integration-test/target/test-dir/MiniOzoneClusterImpl-5ecceb84-7f52-4627-9972-1a459b519b1f/datanode-3/data/ratis/a00dd72a-4221-4cf3-ae12-b98549460cf5 has been successfully formatted.
2019-09-12 10:32:59,886 [pool-60-thread-1] INFO  ratis.ContainerStateMachine (ContainerStateMachine.java:loadSnapshot(226)) - group-B98549460CF5: The snapshot info is null. Setting the last applied indexto:(t:0, i:~)
2019-09-12 10:32:59,890 [pool-60-thread-1] INFO  server.RaftServerConfigKeys (ConfUtils.java:logGet(43)) - raft.server.leader.election.timeout = 120s (custom)
2019-09-12 10:32:59,894 [pool-60-thread-1] INFO  server.RaftServerConfigKeys (ConfUtils.java:logGet(43)) - raft.server.log.use.memory = false (default)
2019-09-12 10:32:59,894 [pool-60-thread-1] INFO  server.RaftServerConfigKeys (ConfUtils.java:logGet(43)) - raft.server.log.purge.gap = 1000000 (custom)
2019-09-12 10:32:59,894 [pool-60-thread-1] INFO  server.RaftServerConfigKeys (ConfUtils.java:logGet(43)) - raft.server.log.appender.buffer.byte-limit = 33554432 (custom)
2019-09-12 10:32:59,894 [pool-60-thread-1] INFO  server.RaftServerConfigKeys (ConfUtils.java:logGet(43)) - raft.server.log.segment.size.max = 1048576 (custom)
2019-09-12 10:32:59,894 [pool-60-thread-1] INFO  server.RaftServerConfigKeys (ConfUtils.java:logGet(43)) - raft.server.log.segment.cache.num.max = 2 (custom)
2019-09-12 10:32:59,895 [pool-60-thread-1] INFO  segmented.SegmentedRaftLogWorker (SegmentedRaftLogWorker.java:<init>(172)) - new e0e61d4c-2e09-4c56-8609-a14bb69c63aa-SegmentedRaftLogWorker:Storage Directory /workdir/hadoop-ozone/integration-test/target/test-dir/MiniOzoneClusterImpl-5ecceb84-7f52-4627-9972-1a459b519b1f/datanode-3/data/ratis/a00dd72a-4221-4cf3-ae12-b98549460cf5 for RaftStorage:Storage Directory /workdir/hadoop-ozone/integration-test/target/test-dir/MiniOzoneClusterImpl-5ecceb84-7f52-4627-9972-1a459b519b1f/datanode-3/data/ratis/a00dd72a-4221-4cf3-ae12-b98549460cf5
2019-09-12 10:32:59,895 [pool-60-thread-1] INFO  server.RaftServerConfigKeys (ConfUtils.java:logGet(43)) - raft.server.log.queue.byte-limit = 2147483647 (custom)
2019-09-12 10:32:59,895 [pool-60-thread-1] INFO  server.RaftServerConfigKeys (ConfUtils.java:logGet(43)) - raft.server.log.queue.element-limit = 1024 (custom)
2019-09-12 10:32:59,895 [pool-60-thread-1] INFO  server.RaftServerConfigKeys (ConfUtils.java:logGet(43)) - raft.server.log.segment.size.max = 1048576 (custom)
2019-09-12 10:32:59,895 [pool-60-thread-1] INFO  server.RaftServerConfigKeys (ConfUtils.java:logGet(43)) - raft.server.log.preallocated.size = 16384 (custom)
2019-09-12 10:32:59,896 [pool-60-thread-1] INFO  server.RaftServerConfigKeys (ConfUtils.java:logGet(43)) - raft.server.log.write.buffer.size = 33554432 (custom)
2019-09-12 10:32:59,896 [pool-60-thread-1] INFO  server.RaftServerConfigKeys (ConfUtils.java:logGet(43)) - raft.server.log.force.sync.num = 128 (default)
2019-09-12 10:32:59,896 [pool-60-thread-1] INFO  server.RaftServerConfigKeys (ConfUtils.java:logGet(43)) - raft.server.log.statemachine.data.sync = true (default)
2019-09-12 10:32:59,896 [pool-60-thread-1] INFO  server.RaftServerConfigKeys (ConfUtils.java:logGet(43)) - raft.server.log.statemachine.data.sync.timeout = 10s (default)
2019-09-12 10:32:59,896 [pool-60-thread-1] INFO  server.RaftServerConfigKeys (ConfUtils.java:logGet(43)) - raft.server.log.statemachine.data.sync.timeout.retry = -1 (default)
2019-09-12 10:32:59,896 [pool-60-thread-1] INFO  server.RaftServerConfigKeys (ConfUtils.java:logGet(43)) - raft.server.log.statemachine.data.caching.enabled = true (custom)
2019-09-12 10:32:59,897 [pool-60-thread-1] INFO  segmented.SegmentedRaftLogWorker (SegmentedRaftLogWorker.java:lambda$new$0(132)) - e0e61d4c-2e09-4c56-8609-a14bb69c63aa-SegmentedRaftLogWorker:Storage Directory /workdir/hadoop-ozone/integration-test/target/test-dir/MiniOzoneClusterImpl-5ecceb84-7f52-4627-9972-1a459b519b1f/datanode-3/data/ratis/a00dd72a-4221-4cf3-ae12-b98549460cf5: flushIndex: setUnconditionally 0 -> -1
2019-09-12 10:32:59,897 [pool-60-thread-1] INFO  server.RaftServerConfigKeys (ConfUtils.java:logGet(43)) - raft.server.snapshot.auto.trigger.enabled = true (custom)
2019-09-12 10:32:59,897 [pool-60-thread-1] INFO  server.RaftServerConfigKeys (ConfUtils.java:logGet(43)) - raft.server.snapshot.auto.trigger.threshold = 10000 (custom)
2019-09-12 10:32:59,898 [pool-60-thread-1] INFO  server.RaftServerConfigKeys (ConfUtils.java:logGet(43)) - raft.server.retrycache.expirytime = 600000ms (custom)
2019-09-12 10:32:59,898 [pool-60-thread-1] INFO  impl.RaftServerImpl (RaftServerImpl.java:start(180)) - e0e61d4c-2e09-4c56-8609-a14bb69c63aa: start group-B98549460CF5
2019-09-12 10:32:59,898 [pool-60-thread-1] INFO  impl.RaftServerImpl (RaftServerImpl.java:setRole(171)) - e0e61d4c-2e09-4c56-8609-a14bb69c63aa:group-B98549460CF5 changes role from null to FOLLOWER at term 0 for startAsFollower
2019-09-12 10:32:59,898 [pool-60-thread-1] INFO  impl.RoleInfo (RoleInfo.java:updateAndGet(143)) - e0e61d4c-2e09-4c56-8609-a14bb69c63aa: start FollowerState
2019-09-12 10:32:59,899 [pool-60-thread-1] INFO  util.JmxRegister (JmxRegister.java:tryRegister(44)) - Successfully registered JMX Bean with object name Ratis:service=RaftServer,group=group-B98549460CF5,id=e0e61d4c-2e09-4c56-8609-a14bb69c63aa
2019-09-12 10:32:59,903 [RatisPipelineUtilsThread] INFO  pipeline.PipelineStateManager (PipelineStateManager.java:addPipeline(56)) - Created pipeline Pipeline[ Id: a00dd72a-4221-4cf3-ae12-b98549460cf5, Nodes: e0e61d4c-2e09-4c56-8609-a14bb69c63aa{ip: 192.168.157.195, host: pr-hdds-1569-xtfnx-3545843844, networkLocation: /default-rack, certSerialId: null}, Type:RATIS, Factor:ONE, State:OPEN]
2019-09-12 10:32:59,905 [RatisPipelineUtilsThread] ERROR pipeline.PipelinePlacementPolicy (PipelinePlacementPolicy.java:meetCriteria(91)) - Pipeline Placement: Doesn't meet the criteria to be viable node. Heaviness: 6
2019-09-12 10:32:59,917 [grpc-default-executor-1] INFO  impl.RaftServerProxy (RaftServerProxy.java:addNew(89)) - e0e61d4c-2e09-4c56-8609-a14bb69c63aa: addNew group-784DA556277A:[e0e61d4c-2e09-4c56-8609-a14bb69c63aa:192.168.157.195:42576] returns group-784DA556277A:java.util.concurrent.CompletableFuture@4dc2fe4e[Not completed]
2019-09-12 10:32:59,919 [pool-60-thread-1] INFO  impl.RaftServerImpl (RaftServerImpl.java:<init>(93)) - e0e61d4c-2e09-4c56-8609-a14bb69c63aa: new RaftServerImpl for group-784DA556277A:[e0e61d4c-2e09-4c56-8609-a14bb69c63aa:192.168.157.195:42576] with ContainerStateMachine:uninitialized
2019-09-12 10:32:59,919 [pool-60-thread-1] INFO  server.RaftServerConfigKeys (ConfUtils.java:logGet(43)) - raft.server.rpc.timeout.min = 5s (custom)
2019-09-12 10:32:59,919 [pool-60-thread-1] INFO  server.RaftServerConfigKeys (ConfUtils.java:logGet(43)) - raft.server.rpc.timeout.max = 5200ms (custom)
2019-09-12 10:32:59,919 [pool-60-thread-1] INFO  server.RaftServerConfigKeys (ConfUtils.java:logGet(43)) - raft.server.rpcslowness.timeout = 120s (custom)
2019-09-12 10:32:59,919 [pool-60-thread-1] INFO  server.RaftServerConfigKeys (ConfUtils.java:logGet(43)) - raft.server.sleep.deviation.threshold = 300 (default)
2019-09-12 10:32:59,919 [pool-60-thread-1] INFO  server.RaftServerConfigKeys (ConfUtils.java:logGet(43)) - raft.server.log.appender.install.snapshot.enabled = false (custom)
2019-09-12 10:32:59,919 [pool-60-thread-1] INFO  impl.RaftServerImpl (ServerState.java:<init>(105)) - e0e61d4c-2e09-4c56-8609-a14bb69c63aa:group-784DA556277A ConfigurationManager, init=-1: [e0e61d4c-2e09-4c56-8609-a14bb69c63aa:192.168.157.195:42576], old=null, confs=<EMPTY_MAP>
2019-09-12 10:32:59,920 [pool-60-thread-1] INFO  server.RaftServerConfigKeys (ConfUtils.java:logGet(43)) - raft.server.storage.dir = [/workdir/hadoop-ozone/integration-test/target/test-dir/MiniOzoneClusterImpl-5ecceb84-7f52-4627-9972-1a459b519b1f/datanode-3/data/ratis] (custom)
2019-09-12 10:32:59,920 [pool-60-thread-1] INFO  storage.RaftStorageDirectory (RaftStorageDirectory.java:analyzeStorage(246)) - The storage directory /workdir/hadoop-ozone/integration-test/target/test-dir/MiniOzoneClusterImpl-5ecceb84-7f52-4627-9972-1a459b519b1f/datanode-3/data/ratis/b6aff5f7-d0a0-4061-ab95-784da556277a does not exist. Creating ...
2019-09-12 10:32:59,933 [pool-60-thread-1] INFO  storage.RaftStorageDirectory (RaftStorageDirectory.java:tryLock(328)) - Lock on /workdir/hadoop-ozone/integration-test/target/test-dir/MiniOzoneClusterImpl-5ecceb84-7f52-4627-9972-1a459b519b1f/datanode-3/data/ratis/b6aff5f7-d0a0-4061-ab95-784da556277a/in_use.lock acquired by nodename 32653@pr-hdds-1569-xtfnx-3545843844
2019-09-12 10:32:59,951 [pool-60-thread-1] INFO  storage.RaftStorage (RaftStorage.java:format(72)) - Storage directory /workdir/hadoop-ozone/integration-test/target/test-dir/MiniOzoneClusterImpl-5ecceb84-7f52-4627-9972-1a459b519b1f/datanode-3/data/ratis/b6aff5f7-d0a0-4061-ab95-784da556277a has been successfully formatted.
2019-09-12 10:32:59,952 [pool-60-thread-1] INFO  ratis.ContainerStateMachine (ContainerStateMachine.java:loadSnapshot(226)) - group-784DA556277A: The snapshot info is null. Setting the last applied indexto:(t:0, i:~)
2019-09-12 10:32:59,952 [pool-60-thread-1] INFO  server.RaftServerConfigKeys (ConfUtils.java:logGet(43)) - raft.server.leader.election.timeout = 120s (custom)
2019-09-12 10:32:59,952 [pool-60-thread-1] INFO  server.RaftServerConfigKeys (ConfUtils.java:logGet(43)) - raft.server.log.use.memory = false (default)
2019-09-12 10:32:59,952 [pool-60-thread-1] INFO  server.RaftServerConfigKeys (ConfUtils.java:logGet(43)) - raft.server.log.purge.gap = 1000000 (custom)
2019-09-12 10:32:59,952 [pool-60-thread-1] INFO  server.RaftServerConfigKeys (ConfUtils.java:logGet(43)) - raft.server.log.appender.buffer.byte-limit = 33554432 (custom)
2019-09-12 10:32:59,952 [pool-60-thread-1] INFO  server.RaftServerConfigKeys (ConfUtils.java:logGet(43)) - raft.server.log.segment.size.max = 1048576 (custom)
2019-09-12 10:32:59,953 [pool-60-thread-1] INFO  server.RaftServerConfigKeys (ConfUtils.java:logGet(43)) - raft.server.log.segment.cache.num.max = 2 (custom)
2019-09-12 10:32:59,953 [pool-60-thread-1] INFO  segmented.SegmentedRaftLogWorker (SegmentedRaftLogWorker.java:<init>(172)) - new e0e61d4c-2e09-4c56-8609-a14bb69c63aa-SegmentedRaftLogWorker:Storage Directory /workdir/hadoop-ozone/integration-test/target/test-dir/MiniOzoneClusterImpl-5ecceb84-7f52-4627-9972-1a459b519b1f/datanode-3/data/ratis/b6aff5f7-d0a0-4061-ab95-784da556277a for RaftStorage:Storage Directory /workdir/hadoop-ozone/integration-test/target/test-dir/MiniOzoneClusterImpl-5ecceb84-7f52-4627-9972-1a459b519b1f/datanode-3/data/ratis/b6aff5f7-d0a0-4061-ab95-784da556277a
2019-09-12 10:32:59,953 [pool-60-thread-1] INFO  server.RaftServerConfigKeys (ConfUtils.java:logGet(43)) - raft.server.log.queue.byte-limit = 2147483647 (custom)
2019-09-12 10:32:59,953 [pool-60-thread-1] INFO  server.RaftServerConfigKeys (ConfUtils.java:logGet(43)) - raft.server.log.queue.element-limit = 1024 (custom)
2019-09-12 10:32:59,953 [pool-60-thread-1] INFO  server.RaftServerConfigKeys (ConfUtils.java:logGet(43)) - raft.server.log.segment.size.max = 1048576 (custom)
2019-09-12 10:32:59,953 [pool-60-thread-1] INFO  server.RaftServerConfigKeys (ConfUtils.java:logGet(43)) - raft.server.log.preallocated.size = 16384 (custom)
2019-09-12 10:32:59,953 [pool-60-thread-1] INFO  server.RaftServerConfigKeys (ConfUtils.java:logGet(43)) - raft.server.log.write.buffer.size = 33554432 (custom)
2019-09-12 10:32:59,953 [pool-60-thread-1] INFO  server.RaftServerConfigKeys (ConfUtils.java:logGet(43)) - raft.server.log.force.sync.num = 128 (default)
2019-09-12 10:32:59,954 [pool-60-thread-1] INFO  server.RaftServerConfigKeys (ConfUtils.java:logGet(43)) - raft.server.log.statemachine.data.sync = true (default)
2019-09-12 10:32:59,954 [pool-60-thread-1] INFO  server.RaftServerConfigKeys (ConfUtils.java:logGet(43)) - raft.server.log.statemachine.data.sync.timeout = 10s (default)
2019-09-12 10:32:59,954 [pool-60-thread-1] INFO  server.RaftServerConfigKeys (ConfUtils.java:logGet(43)) - raft.server.log.statemachine.data.sync.timeout.retry = -1 (default)
2019-09-12 10:32:59,954 [pool-60-thread-1] INFO  server.RaftServerConfigKeys (ConfUtils.java:logGet(43)) - raft.server.log.statemachine.data.caching.enabled = true (custom)
2019-09-12 10:32:59,954 [pool-60-thread-1] INFO  segmented.SegmentedRaftLogWorker (SegmentedRaftLogWorker.java:lambda$new$0(132)) - e0e61d4c-2e09-4c56-8609-a14bb69c63aa-SegmentedRaftLogWorker:Storage Directory /workdir/hadoop-ozone/integration-test/target/test-dir/MiniOzoneClusterImpl-5ecceb84-7f52-4627-9972-1a459b519b1f/datanode-3/data/ratis/b6aff5f7-d0a0-4061-ab95-784da556277a: flushIndex: setUnconditionally 0 -> -1
2019-09-12 10:32:59,955 [pool-60-thread-1] INFO  server.RaftServerConfigKeys (ConfUtils.java:logGet(43)) - raft.server.snapshot.auto.trigger.enabled = true (custom)
2019-09-12 10:32:59,955 [pool-60-thread-1] INFO  server.RaftServerConfigKeys (ConfUtils.java:logGet(43)) - raft.server.snapshot.auto.trigger.threshold = 10000 (custom)
2019-09-12 10:32:59,955 [pool-60-thread-1] INFO  server.RaftServerConfigKeys (ConfUtils.java:logGet(43)) - raft.server.retrycache.expirytime = 600000ms (custom)
2019-09-12 10:32:59,955 [pool-60-thread-1] INFO  impl.RaftServerImpl (RaftServerImpl.java:start(180)) - e0e61d4c-2e09-4c56-8609-a14bb69c63aa: start group-784DA556277A
2019-09-12 10:32:59,955 [pool-60-thread-1] INFO  impl.RaftServerImpl (RaftServerImpl.java:setRole(171)) - e0e61d4c-2e09-4c56-8609-a14bb69c63aa:group-784DA556277A changes role from null to FOLLOWER at term 0 for startAsFollower
2019-09-12 10:32:59,955 [pool-60-thread-1] INFO  impl.RoleInfo (RoleInfo.java:updateAndGet(143)) - e0e61d4c-2e09-4c56-8609-a14bb69c63aa: start FollowerState
2019-09-12 10:32:59,956 [pool-60-thread-1] INFO  util.JmxRegister (JmxRegister.java:tryRegister(44)) - Successfully registered JMX Bean with object name Ratis:service=RaftServer,group=group-784DA556277A,id=e0e61d4c-2e09-4c56-8609-a14bb69c63aa
2019-09-12 10:32:59,961 [RatisPipelineUtilsThread] INFO  pipeline.PipelineStateManager (PipelineStateManager.java:addPipeline(56)) - Created pipeline Pipeline[ Id: b6aff5f7-d0a0-4061-ab95-784da556277a, Nodes: e0e61d4c-2e09-4c56-8609-a14bb69c63aa{ip: 192.168.157.195, host: pr-hdds-1569-xtfnx-3545843844, networkLocation: /default-rack, certSerialId: null}, Type:RATIS, Factor:ONE, State:OPEN]
2019-09-12 10:32:59,975 [RatisPipelineUtilsThread] ERROR pipeline.PipelinePlacementPolicy (PipelinePlacementPolicy.java:meetCriteria(91)) - Pipeline Placement: Doesn't meet the criteria to be viable node. Heaviness: 6
2019-09-12 10:32:59,983 [main] INFO  rpc.RpcClient (RpcClient.java:createVolume(293)) - Creating Volume: testblockoutputstreamwithretries, with jenkins1000 as owner.
2019-09-12 10:32:59,988 [grpc-default-executor-1] INFO  impl.RaftServerProxy (RaftServerProxy.java:addNew(89)) - 083ebb38-73c7-4c90-bb26-8945a60751ec: addNew group-2F8B00736DD8:[083ebb38-73c7-4c90-bb26-8945a60751ec:192.168.157.195:37300] returns group-2F8B00736DD8:java.util.concurrent.CompletableFuture@3902462b[Not completed]
2019-09-12 10:32:59,994 [pool-93-thread-1] INFO  impl.RaftServerImpl (RaftServerImpl.java:<init>(93)) - 083ebb38-73c7-4c90-bb26-8945a60751ec: new RaftServerImpl for group-2F8B00736DD8:[083ebb38-73c7-4c90-bb26-8945a60751ec:192.168.157.195:37300] with ContainerStateMachine:uninitialized
2019-09-12 10:32:59,994 [pool-93-thread-1] INFO  server.RaftServerConfigKeys (ConfUtils.java:logGet(43)) - raft.server.rpc.timeout.min = 5s (custom)
2019-09-12 10:32:59,994 [pool-93-thread-1] INFO  server.RaftServerConfigKeys (ConfUtils.java:logGet(43)) - raft.server.rpc.timeout.max = 5200ms (custom)
2019-09-12 10:32:59,994 [pool-93-thread-1] INFO  server.RaftServerConfigKeys (ConfUtils.java:logGet(43)) - raft.server.rpcslowness.timeout = 120s (custom)
2019-09-12 10:32:59,995 [pool-93-thread-1] INFO  server.RaftServerConfigKeys (ConfUtils.java:logGet(43)) - raft.server.sleep.deviation.threshold = 300 (default)
2019-09-12 10:32:59,995 [pool-93-thread-1] INFO  server.RaftServerConfigKeys (ConfUtils.java:logGet(43)) - raft.server.log.appender.install.snapshot.enabled = false (custom)
2019-09-12 10:32:59,995 [pool-93-thread-1] INFO  impl.RaftServerImpl (ServerState.java:<init>(105)) - 083ebb38-73c7-4c90-bb26-8945a60751ec:group-2F8B00736DD8 ConfigurationManager, init=-1: [083ebb38-73c7-4c90-bb26-8945a60751ec:192.168.157.195:37300], old=null, confs=<EMPTY_MAP>
2019-09-12 10:32:59,995 [pool-93-thread-1] INFO  server.RaftServerConfigKeys (ConfUtils.java:logGet(43)) - raft.server.storage.dir = [/workdir/hadoop-ozone/integration-test/target/test-dir/MiniOzoneClusterImpl-5ecceb84-7f52-4627-9972-1a459b519b1f/datanode-6/data/ratis] (custom)
2019-09-12 10:33:00,007 [pool-93-thread-1] INFO  storage.RaftStorageDirectory (RaftStorageDirectory.java:analyzeStorage(246)) - The storage directory /workdir/hadoop-ozone/integration-test/target/test-dir/MiniOzoneClusterImpl-5ecceb84-7f52-4627-9972-1a459b519b1f/datanode-6/data/ratis/ed7407be-d47b-4e67-9123-2f8b00736dd8 does not exist. Creating ...
2019-09-12 10:33:00,033 | INFO  | OMAudit | user=jenkins1000 | ip=127.0.0.1 | op=CREATE_VOLUME {admin=jenkins1000, owner=jenkins1000, volume=testblockoutputstreamwithretries, creationTime=1568284380016, quotaInBytes=1152921504606846976} | ret=SUCCESS |  
2019-09-12 10:33:00,043 [pool-93-thread-1] INFO  storage.RaftStorageDirectory (RaftStorageDirectory.java:tryLock(328)) - Lock on /workdir/hadoop-ozone/integration-test/target/test-dir/MiniOzoneClusterImpl-5ecceb84-7f52-4627-9972-1a459b519b1f/datanode-6/data/ratis/ed7407be-d47b-4e67-9123-2f8b00736dd8/in_use.lock acquired by nodename 32653@pr-hdds-1569-xtfnx-3545843844
2019-09-12 10:33:00,047 | INFO  | OMAudit | user=jenkins1000 | ip=127.0.0.1 | op=READ_VOLUME {volume=testblockoutputstreamwithretries} | ret=SUCCESS |  
2019-09-12 10:33:00,054 [main] INFO  rpc.RpcClient (RpcClient.java:createBucket(432)) - Creating Bucket: testblockoutputstreamwithretries/testblockoutputstreamwithretries, with Versioning false and Storage Type set to DISK and Encryption set to false 
2019-09-12 10:33:00,058 [pool-93-thread-1] INFO  storage.RaftStorage (RaftStorage.java:format(72)) - Storage directory /workdir/hadoop-ozone/integration-test/target/test-dir/MiniOzoneClusterImpl-5ecceb84-7f52-4627-9972-1a459b519b1f/datanode-6/data/ratis/ed7407be-d47b-4e67-9123-2f8b00736dd8 has been successfully formatted.
2019-09-12 10:33:00,058 [pool-93-thread-1] INFO  ratis.ContainerStateMachine (ContainerStateMachine.java:loadSnapshot(226)) - group-2F8B00736DD8: The snapshot info is null. Setting the last applied indexto:(t:0, i:~)
2019-09-12 10:33:00,058 [pool-93-thread-1] INFO  server.RaftServerConfigKeys (ConfUtils.java:logGet(43)) - raft.server.leader.election.timeout = 120s (custom)
2019-09-12 10:33:00,058 [pool-93-thread-1] INFO  server.RaftServerConfigKeys (ConfUtils.java:logGet(43)) - raft.server.log.use.memory = false (default)
2019-09-12 10:33:00,058 [pool-93-thread-1] INFO  server.RaftServerConfigKeys (ConfUtils.java:logGet(43)) - raft.server.log.purge.gap = 1000000 (custom)
2019-09-12 10:33:00,059 [pool-93-thread-1] INFO  server.RaftServerConfigKeys (ConfUtils.java:logGet(43)) - raft.server.log.appender.buffer.byte-limit = 33554432 (custom)
2019-09-12 10:33:00,059 [pool-93-thread-1] INFO  server.RaftServerConfigKeys (ConfUtils.java:logGet(43)) - raft.server.log.segment.size.max = 1048576 (custom)
2019-09-12 10:33:00,059 [pool-93-thread-1] INFO  server.RaftServerConfigKeys (ConfUtils.java:logGet(43)) - raft.server.log.segment.cache.num.max = 2 (custom)
2019-09-12 10:33:00,059 [pool-93-thread-1] INFO  segmented.SegmentedRaftLogWorker (SegmentedRaftLogWorker.java:<init>(172)) - new 083ebb38-73c7-4c90-bb26-8945a60751ec-SegmentedRaftLogWorker:Storage Directory /workdir/hadoop-ozone/integration-test/target/test-dir/MiniOzoneClusterImpl-5ecceb84-7f52-4627-9972-1a459b519b1f/datanode-6/data/ratis/ed7407be-d47b-4e67-9123-2f8b00736dd8 for RaftStorage:Storage Directory /workdir/hadoop-ozone/integration-test/target/test-dir/MiniOzoneClusterImpl-5ecceb84-7f52-4627-9972-1a459b519b1f/datanode-6/data/ratis/ed7407be-d47b-4e67-9123-2f8b00736dd8
2019-09-12 10:33:00,059 [pool-93-thread-1] INFO  server.RaftServerConfigKeys (ConfUtils.java:logGet(43)) - raft.server.log.queue.byte-limit = 2147483647 (custom)
2019-09-12 10:33:00,059 [pool-93-thread-1] INFO  server.RaftServerConfigKeys (ConfUtils.java:logGet(43)) - raft.server.log.queue.element-limit = 1024 (custom)
2019-09-12 10:33:00,059 [pool-93-thread-1] INFO  server.RaftServerConfigKeys (ConfUtils.java:logGet(43)) - raft.server.log.segment.size.max = 1048576 (custom)
2019-09-12 10:33:00,059 [pool-93-thread-1] INFO  server.RaftServerConfigKeys (ConfUtils.java:logGet(43)) - raft.server.log.preallocated.size = 16384 (custom)
2019-09-12 10:33:00,060 [pool-93-thread-1] INFO  server.RaftServerConfigKeys (ConfUtils.java:logGet(43)) - raft.server.log.write.buffer.size = 33554432 (custom)
2019-09-12 10:33:00,060 [pool-93-thread-1] INFO  server.RaftServerConfigKeys (ConfUtils.java:logGet(43)) - raft.server.log.force.sync.num = 128 (default)
2019-09-12 10:33:00,060 [pool-93-thread-1] INFO  server.RaftServerConfigKeys (ConfUtils.java:logGet(43)) - raft.server.log.statemachine.data.sync = true (default)
2019-09-12 10:33:00,060 [pool-93-thread-1] INFO  server.RaftServerConfigKeys (ConfUtils.java:logGet(43)) - raft.server.log.statemachine.data.sync.timeout = 10s (default)
2019-09-12 10:33:00,060 [pool-93-thread-1] INFO  server.RaftServerConfigKeys (ConfUtils.java:logGet(43)) - raft.server.log.statemachine.data.sync.timeout.retry = -1 (default)
2019-09-12 10:33:00,060 [pool-93-thread-1] INFO  server.RaftServerConfigKeys (ConfUtils.java:logGet(43)) - raft.server.log.statemachine.data.caching.enabled = true (custom)
2019-09-12 10:33:00,060 [pool-93-thread-1] INFO  segmented.SegmentedRaftLogWorker (SegmentedRaftLogWorker.java:lambda$new$0(132)) - 083ebb38-73c7-4c90-bb26-8945a60751ec-SegmentedRaftLogWorker:Storage Directory /workdir/hadoop-ozone/integration-test/target/test-dir/MiniOzoneClusterImpl-5ecceb84-7f52-4627-9972-1a459b519b1f/datanode-6/data/ratis/ed7407be-d47b-4e67-9123-2f8b00736dd8: flushIndex: setUnconditionally 0 -> -1
2019-09-12 10:33:00,061 [pool-93-thread-1] INFO  server.RaftServerConfigKeys (ConfUtils.java:logGet(43)) - raft.server.snapshot.auto.trigger.enabled = true (custom)
2019-09-12 10:33:00,061 [pool-93-thread-1] INFO  server.RaftServerConfigKeys (ConfUtils.java:logGet(43)) - raft.server.snapshot.auto.trigger.threshold = 10000 (custom)
2019-09-12 10:33:00,061 [pool-93-thread-1] INFO  server.RaftServerConfigKeys (ConfUtils.java:logGet(43)) - raft.server.retrycache.expirytime = 600000ms (custom)
2019-09-12 10:33:00,061 [pool-93-thread-1] INFO  impl.RaftServerImpl (RaftServerImpl.java:start(180)) - 083ebb38-73c7-4c90-bb26-8945a60751ec: start group-2F8B00736DD8
2019-09-12 10:33:00,061 [pool-93-thread-1] INFO  impl.RaftServerImpl (RaftServerImpl.java:setRole(171)) - 083ebb38-73c7-4c90-bb26-8945a60751ec:group-2F8B00736DD8 changes role from null to FOLLOWER at term 0 for startAsFollower
2019-09-12 10:33:00,061 [pool-93-thread-1] INFO  impl.RoleInfo (RoleInfo.java:updateAndGet(143)) - 083ebb38-73c7-4c90-bb26-8945a60751ec: start FollowerState
2019-09-12 10:33:00,061 [pool-93-thread-1] INFO  util.JmxRegister (JmxRegister.java:tryRegister(44)) - Successfully registered JMX Bean with object name Ratis:service=RaftServer,group=group-2F8B00736DD8,id=083ebb38-73c7-4c90-bb26-8945a60751ec
2019-09-12 10:33:00,070 [RatisPipelineUtilsThread] INFO  pipeline.PipelineStateManager (PipelineStateManager.java:addPipeline(56)) - Created pipeline Pipeline[ Id: ed7407be-d47b-4e67-9123-2f8b00736dd8, Nodes: 083ebb38-73c7-4c90-bb26-8945a60751ec{ip: 192.168.157.195, host: pr-hdds-1569-xtfnx-3545843844, networkLocation: /default-rack, certSerialId: null}, Type:RATIS, Factor:ONE, State:OPEN]
2019-09-12 10:33:00,072 [RatisPipelineUtilsThread] ERROR pipeline.PipelinePlacementPolicy (PipelinePlacementPolicy.java:meetCriteria(91)) - Pipeline Placement: Doesn't meet the criteria to be viable node. Heaviness: 6
2019-09-12 10:33:00,090 | INFO  | OMAudit | user=jenkins1000 | ip=127.0.0.1 | op=CREATE_BUCKET {volume=testblockoutputstreamwithretries, bucket=testblockoutputstreamwithretries, acls=[user:jenkins1000:a[ACCESS], group:default:a[ACCESS]], isVersionEnabled=false, storageType=DISK, creationTime=0} | ret=SUCCESS |  
2019-09-12 10:33:00,100 [grpc-default-executor-1] INFO  impl.RaftServerProxy (RaftServerProxy.java:addNew(89)) - 6d26f522-fe03-4a67-aa48-7af853b41a99: addNew group-81D9C18D2098:[6d26f522-fe03-4a67-aa48-7af853b41a99:192.168.157.195:44863] returns group-81D9C18D2098:java.util.concurrent.CompletableFuture@68ef96dd[Not completed]
2019-09-12 10:33:00,102 [pool-38-thread-1] INFO  impl.RaftServerImpl (RaftServerImpl.java:<init>(93)) - 6d26f522-fe03-4a67-aa48-7af853b41a99: new RaftServerImpl for group-81D9C18D2098:[6d26f522-fe03-4a67-aa48-7af853b41a99:192.168.157.195:44863] with ContainerStateMachine:uninitialized
2019-09-12 10:33:00,102 [pool-38-thread-1] INFO  server.RaftServerConfigKeys (ConfUtils.java:logGet(43)) - raft.server.rpc.timeout.min = 5s (custom)
2019-09-12 10:33:00,102 [pool-38-thread-1] INFO  server.RaftServerConfigKeys (ConfUtils.java:logGet(43)) - raft.server.rpc.timeout.max = 5200ms (custom)
2019-09-12 10:33:00,104 [pool-38-thread-1] INFO  server.RaftServerConfigKeys (ConfUtils.java:logGet(43)) - raft.server.rpcslowness.timeout = 120s (custom)
2019-09-12 10:33:00,104 [pool-38-thread-1] INFO  server.RaftServerConfigKeys (ConfUtils.java:logGet(43)) - raft.server.sleep.deviation.threshold = 300 (default)
2019-09-12 10:33:00,104 [pool-38-thread-1] INFO  server.RaftServerConfigKeys (ConfUtils.java:logGet(43)) - raft.server.log.appender.install.snapshot.enabled = false (custom)
2019-09-12 10:33:00,104 [pool-38-thread-1] INFO  impl.RaftServerImpl (ServerState.java:<init>(105)) - 6d26f522-fe03-4a67-aa48-7af853b41a99:group-81D9C18D2098 ConfigurationManager, init=-1: [6d26f522-fe03-4a67-aa48-7af853b41a99:192.168.157.195:44863], old=null, confs=<EMPTY_MAP>
2019-09-12 10:33:00,105 [pool-38-thread-1] INFO  server.RaftServerConfigKeys (ConfUtils.java:logGet(43)) - raft.server.storage.dir = [/workdir/hadoop-ozone/integration-test/target/test-dir/MiniOzoneClusterImpl-5ecceb84-7f52-4627-9972-1a459b519b1f/datanode-1/data/ratis] (custom)
2019-09-12 10:33:00,105 | INFO  | OMAudit | user=jenkins1000 | ip=127.0.0.1 | op=READ_VOLUME {volume=testblockoutputstreamwithretries} | ret=SUCCESS |  
2019-09-12 10:33:00,105 [pool-38-thread-1] INFO  storage.RaftStorageDirectory (RaftStorageDirectory.java:analyzeStorage(246)) - The storage directory /workdir/hadoop-ozone/integration-test/target/test-dir/MiniOzoneClusterImpl-5ecceb84-7f52-4627-9972-1a459b519b1f/datanode-1/data/ratis/d064d02c-835a-4e34-84cc-81d9c18d2098 does not exist. Creating ...
2019-09-12 10:33:00,114 | INFO  | OMAudit | user=jenkins1000 | ip=127.0.0.1 | op=READ_BUCKET {volume=testblockoutputstreamwithretries, bucket=testblockoutputstreamwithretries} | ret=SUCCESS |  
2019-09-12 10:33:00,119 [pool-38-thread-1] INFO  storage.RaftStorageDirectory (RaftStorageDirectory.java:tryLock(328)) - Lock on /workdir/hadoop-ozone/integration-test/target/test-dir/MiniOzoneClusterImpl-5ecceb84-7f52-4627-9972-1a459b519b1f/datanode-1/data/ratis/d064d02c-835a-4e34-84cc-81d9c18d2098/in_use.lock acquired by nodename 32653@pr-hdds-1569-xtfnx-3545843844
2019-09-12 10:33:00,132 [pool-38-thread-1] INFO  storage.RaftStorage (RaftStorage.java:format(72)) - Storage directory /workdir/hadoop-ozone/integration-test/target/test-dir/MiniOzoneClusterImpl-5ecceb84-7f52-4627-9972-1a459b519b1f/datanode-1/data/ratis/d064d02c-835a-4e34-84cc-81d9c18d2098 has been successfully formatted.
2019-09-12 10:33:00,133 [pool-38-thread-1] INFO  ratis.ContainerStateMachine (ContainerStateMachine.java:loadSnapshot(226)) - group-81D9C18D2098: The snapshot info is null. Setting the last applied indexto:(t:0, i:~)
2019-09-12 10:33:00,133 [pool-38-thread-1] INFO  server.RaftServerConfigKeys (ConfUtils.java:logGet(43)) - raft.server.leader.election.timeout = 120s (custom)
2019-09-12 10:33:00,133 [pool-38-thread-1] INFO  server.RaftServerConfigKeys (ConfUtils.java:logGet(43)) - raft.server.log.use.memory = false (default)
2019-09-12 10:33:00,133 [pool-38-thread-1] INFO  server.RaftServerConfigKeys (ConfUtils.java:logGet(43)) - raft.server.log.purge.gap = 1000000 (custom)
2019-09-12 10:33:00,133 [pool-38-thread-1] INFO  server.RaftServerConfigKeys (ConfUtils.java:logGet(43)) - raft.server.log.appender.buffer.byte-limit = 33554432 (custom)
2019-09-12 10:33:00,133 [pool-38-thread-1] INFO  server.RaftServerConfigKeys (ConfUtils.java:logGet(43)) - raft.server.log.segment.size.max = 1048576 (custom)
2019-09-12 10:33:00,133 [pool-38-thread-1] INFO  server.RaftServerConfigKeys (ConfUtils.java:logGet(43)) - raft.server.log.segment.cache.num.max = 2 (custom)
2019-09-12 10:33:00,134 [pool-38-thread-1] INFO  segmented.SegmentedRaftLogWorker (SegmentedRaftLogWorker.java:<init>(172)) - new 6d26f522-fe03-4a67-aa48-7af853b41a99-SegmentedRaftLogWorker:Storage Directory /workdir/hadoop-ozone/integration-test/target/test-dir/MiniOzoneClusterImpl-5ecceb84-7f52-4627-9972-1a459b519b1f/datanode-1/data/ratis/d064d02c-835a-4e34-84cc-81d9c18d2098 for RaftStorage:Storage Directory /workdir/hadoop-ozone/integration-test/target/test-dir/MiniOzoneClusterImpl-5ecceb84-7f52-4627-9972-1a459b519b1f/datanode-1/data/ratis/d064d02c-835a-4e34-84cc-81d9c18d2098
2019-09-12 10:33:00,134 [pool-38-thread-1] INFO  server.RaftServerConfigKeys (ConfUtils.java:logGet(43)) - raft.server.log.queue.byte-limit = 2147483647 (custom)
2019-09-12 10:33:00,134 [pool-38-thread-1] INFO  server.RaftServerConfigKeys (ConfUtils.java:logGet(43)) - raft.server.log.queue.element-limit = 1024 (custom)
2019-09-12 10:33:00,134 [pool-38-thread-1] INFO  server.RaftServerConfigKeys (ConfUtils.java:logGet(43)) - raft.server.log.segment.size.max = 1048576 (custom)
2019-09-12 10:33:00,134 [pool-38-thread-1] INFO  server.RaftServerConfigKeys (ConfUtils.java:logGet(43)) - raft.server.log.preallocated.size = 16384 (custom)
2019-09-12 10:33:00,134 [pool-38-thread-1] INFO  server.RaftServerConfigKeys (ConfUtils.java:logGet(43)) - raft.server.log.write.buffer.size = 33554432 (custom)
2019-09-12 10:33:00,135 [pool-38-thread-1] INFO  server.RaftServerConfigKeys (ConfUtils.java:logGet(43)) - raft.server.log.force.sync.num = 128 (default)
2019-09-12 10:33:00,135 [pool-38-thread-1] INFO  server.RaftServerConfigKeys (ConfUtils.java:logGet(43)) - raft.server.log.statemachine.data.sync = true (default)
2019-09-12 10:33:00,135 [pool-38-thread-1] INFO  server.RaftServerConfigKeys (ConfUtils.java:logGet(43)) - raft.server.log.statemachine.data.sync.timeout = 10s (default)
2019-09-12 10:33:00,135 [pool-38-thread-1] INFO  server.RaftServerConfigKeys (ConfUtils.java:logGet(43)) - raft.server.log.statemachine.data.sync.timeout.retry = -1 (default)
2019-09-12 10:33:00,135 [pool-38-thread-1] INFO  server.RaftServerConfigKeys (ConfUtils.java:logGet(43)) - raft.server.log.statemachine.data.caching.enabled = true (custom)
2019-09-12 10:33:00,136 [pool-38-thread-1] INFO  segmented.SegmentedRaftLogWorker (SegmentedRaftLogWorker.java:lambda$new$0(132)) - 6d26f522-fe03-4a67-aa48-7af853b41a99-SegmentedRaftLogWorker:Storage Directory /workdir/hadoop-ozone/integration-test/target/test-dir/MiniOzoneClusterImpl-5ecceb84-7f52-4627-9972-1a459b519b1f/datanode-1/data/ratis/d064d02c-835a-4e34-84cc-81d9c18d2098: flushIndex: setUnconditionally 0 -> -1
2019-09-12 10:33:00,136 [pool-38-thread-1] INFO  server.RaftServerConfigKeys (ConfUtils.java:logGet(43)) - raft.server.snapshot.auto.trigger.enabled = true (custom)
2019-09-12 10:33:00,136 [pool-38-thread-1] INFO  server.RaftServerConfigKeys (ConfUtils.java:logGet(43)) - raft.server.snapshot.auto.trigger.threshold = 10000 (custom)
2019-09-12 10:33:00,136 [pool-38-thread-1] INFO  server.RaftServerConfigKeys (ConfUtils.java:logGet(43)) - raft.server.retrycache.expirytime = 600000ms (custom)
2019-09-12 10:33:00,136 [pool-38-thread-1] INFO  impl.RaftServerImpl (RaftServerImpl.java:start(180)) - 6d26f522-fe03-4a67-aa48-7af853b41a99: start group-81D9C18D2098
2019-09-12 10:33:00,137 [pool-38-thread-1] INFO  impl.RaftServerImpl (RaftServerImpl.java:setRole(171)) - 6d26f522-fe03-4a67-aa48-7af853b41a99:group-81D9C18D2098 changes role from null to FOLLOWER at term 0 for startAsFollower
2019-09-12 10:33:00,137 [pool-38-thread-1] INFO  impl.RoleInfo (RoleInfo.java:updateAndGet(143)) - 6d26f522-fe03-4a67-aa48-7af853b41a99: start FollowerState
2019-09-12 10:33:00,144 [pool-38-thread-1] INFO  util.JmxRegister (JmxRegister.java:tryRegister(44)) - Successfully registered JMX Bean with object name Ratis:service=RaftServer,group=group-81D9C18D2098,id=6d26f522-fe03-4a67-aa48-7af853b41a99
2019-09-12 10:33:00,161 [RatisPipelineUtilsThread] INFO  pipeline.PipelineStateManager (PipelineStateManager.java:addPipeline(56)) - Created pipeline Pipeline[ Id: d064d02c-835a-4e34-84cc-81d9c18d2098, Nodes: 6d26f522-fe03-4a67-aa48-7af853b41a99{ip: 192.168.157.195, host: pr-hdds-1569-xtfnx-3545843844, networkLocation: /default-rack, certSerialId: null}, Type:RATIS, Factor:ONE, State:OPEN]
2019-09-12 10:33:00,166 [RatisPipelineUtilsThread] ERROR pipeline.PipelinePlacementPolicy (PipelinePlacementPolicy.java:meetCriteria(91)) - Pipeline Placement: Doesn't meet the criteria to be viable node. Heaviness: 6
2019-09-12 10:33:00,179 [grpc-default-executor-1] INFO  impl.RaftServerProxy (RaftServerProxy.java:addNew(89)) - 083ebb38-73c7-4c90-bb26-8945a60751ec: addNew group-7959190DE5FB:[083ebb38-73c7-4c90-bb26-8945a60751ec:192.168.157.195:37300] returns group-7959190DE5FB:java.util.concurrent.CompletableFuture@5c5e08ca[Not completed]
2019-09-12 10:33:00,183 [pool-93-thread-1] INFO  impl.RaftServerImpl (RaftServerImpl.java:<init>(93)) - 083ebb38-73c7-4c90-bb26-8945a60751ec: new RaftServerImpl for group-7959190DE5FB:[083ebb38-73c7-4c90-bb26-8945a60751ec:192.168.157.195:37300] with ContainerStateMachine:uninitialized
2019-09-12 10:33:00,183 [pool-93-thread-1] INFO  server.RaftServerConfigKeys (ConfUtils.java:logGet(43)) - raft.server.rpc.timeout.min = 5s (custom)
2019-09-12 10:33:00,183 [pool-93-thread-1] INFO  server.RaftServerConfigKeys (ConfUtils.java:logGet(43)) - raft.server.rpc.timeout.max = 5200ms (custom)
2019-09-12 10:33:00,183 [pool-93-thread-1] INFO  server.RaftServerConfigKeys (ConfUtils.java:logGet(43)) - raft.server.rpcslowness.timeout = 120s (custom)
2019-09-12 10:33:00,183 [pool-93-thread-1] INFO  server.RaftServerConfigKeys (ConfUtils.java:logGet(43)) - raft.server.sleep.deviation.threshold = 300 (default)
2019-09-12 10:33:00,184 [pool-93-thread-1] INFO  server.RaftServerConfigKeys (ConfUtils.java:logGet(43)) - raft.server.log.appender.install.snapshot.enabled = false (custom)
2019-09-12 10:33:00,184 [pool-93-thread-1] INFO  impl.RaftServerImpl (ServerState.java:<init>(105)) - 083ebb38-73c7-4c90-bb26-8945a60751ec:group-7959190DE5FB ConfigurationManager, init=-1: [083ebb38-73c7-4c90-bb26-8945a60751ec:192.168.157.195:37300], old=null, confs=<EMPTY_MAP>
2019-09-12 10:33:00,184 [pool-93-thread-1] INFO  server.RaftServerConfigKeys (ConfUtils.java:logGet(43)) - raft.server.storage.dir = [/workdir/hadoop-ozone/integration-test/target/test-dir/MiniOzoneClusterImpl-5ecceb84-7f52-4627-9972-1a459b519b1f/datanode-6/data/ratis] (custom)
2019-09-12 10:33:00,184 [pool-93-thread-1] INFO  storage.RaftStorageDirectory (RaftStorageDirectory.java:analyzeStorage(246)) - The storage directory /workdir/hadoop-ozone/integration-test/target/test-dir/MiniOzoneClusterImpl-5ecceb84-7f52-4627-9972-1a459b519b1f/datanode-6/data/ratis/d2c1975b-c380-4341-98d2-7959190de5fb does not exist. Creating ...
2019-09-12 10:33:00,208 [pool-93-thread-1] INFO  storage.RaftStorageDirectory (RaftStorageDirectory.java:tryLock(328)) - Lock on /workdir/hadoop-ozone/integration-test/target/test-dir/MiniOzoneClusterImpl-5ecceb84-7f52-4627-9972-1a459b519b1f/datanode-6/data/ratis/d2c1975b-c380-4341-98d2-7959190de5fb/in_use.lock acquired by nodename 32653@pr-hdds-1569-xtfnx-3545843844
2019-09-12 10:33:00,223 [pool-93-thread-1] INFO  storage.RaftStorage (RaftStorage.java:format(72)) - Storage directory /workdir/hadoop-ozone/integration-test/target/test-dir/MiniOzoneClusterImpl-5ecceb84-7f52-4627-9972-1a459b519b1f/datanode-6/data/ratis/d2c1975b-c380-4341-98d2-7959190de5fb has been successfully formatted.
2019-09-12 10:33:00,223 [pool-93-thread-1] INFO  ratis.ContainerStateMachine (ContainerStateMachine.java:loadSnapshot(226)) - group-7959190DE5FB: The snapshot info is null. Setting the last applied indexto:(t:0, i:~)
2019-09-12 10:33:00,223 [pool-93-thread-1] INFO  server.RaftServerConfigKeys (ConfUtils.java:logGet(43)) - raft.server.leader.election.timeout = 120s (custom)
2019-09-12 10:33:00,223 [pool-93-thread-1] INFO  server.RaftServerConfigKeys (ConfUtils.java:logGet(43)) - raft.server.log.use.memory = false (default)
2019-09-12 10:33:00,223 [pool-93-thread-1] INFO  server.RaftServerConfigKeys (ConfUtils.java:logGet(43)) - raft.server.log.purge.gap = 1000000 (custom)
2019-09-12 10:33:00,224 [pool-93-thread-1] INFO  server.RaftServerConfigKeys (ConfUtils.java:logGet(43)) - raft.server.log.appender.buffer.byte-limit = 33554432 (custom)
2019-09-12 10:33:00,224 [pool-93-thread-1] INFO  server.RaftServerConfigKeys (ConfUtils.java:logGet(43)) - raft.server.log.segment.size.max = 1048576 (custom)
2019-09-12 10:33:00,224 [pool-93-thread-1] INFO  server.RaftServerConfigKeys (ConfUtils.java:logGet(43)) - raft.server.log.segment.cache.num.max = 2 (custom)
2019-09-12 10:33:00,224 [pool-93-thread-1] INFO  segmented.SegmentedRaftLogWorker (SegmentedRaftLogWorker.java:<init>(172)) - new 083ebb38-73c7-4c90-bb26-8945a60751ec-SegmentedRaftLogWorker:Storage Directory /workdir/hadoop-ozone/integration-test/target/test-dir/MiniOzoneClusterImpl-5ecceb84-7f52-4627-9972-1a459b519b1f/datanode-6/data/ratis/d2c1975b-c380-4341-98d2-7959190de5fb for RaftStorage:Storage Directory /workdir/hadoop-ozone/integration-test/target/test-dir/MiniOzoneClusterImpl-5ecceb84-7f52-4627-9972-1a459b519b1f/datanode-6/data/ratis/d2c1975b-c380-4341-98d2-7959190de5fb
2019-09-12 10:33:00,224 [pool-93-thread-1] INFO  server.RaftServerConfigKeys (ConfUtils.java:logGet(43)) - raft.server.log.queue.byte-limit = 2147483647 (custom)
2019-09-12 10:33:00,224 [pool-93-thread-1] INFO  server.RaftServerConfigKeys (ConfUtils.java:logGet(43)) - raft.server.log.queue.element-limit = 1024 (custom)
2019-09-12 10:33:00,224 [pool-93-thread-1] INFO  server.RaftServerConfigKeys (ConfUtils.java:logGet(43)) - raft.server.log.segment.size.max = 1048576 (custom)
2019-09-12 10:33:00,224 [pool-93-thread-1] INFO  server.RaftServerConfigKeys (ConfUtils.java:logGet(43)) - raft.server.log.preallocated.size = 16384 (custom)
2019-09-12 10:33:00,224 [pool-93-thread-1] INFO  server.RaftServerConfigKeys (ConfUtils.java:logGet(43)) - raft.server.log.write.buffer.size = 33554432 (custom)
2019-09-12 10:33:00,225 [pool-93-thread-1] INFO  server.RaftServerConfigKeys (ConfUtils.java:logGet(43)) - raft.server.log.force.sync.num = 128 (default)
2019-09-12 10:33:00,225 [pool-93-thread-1] INFO  server.RaftServerConfigKeys (ConfUtils.java:logGet(43)) - raft.server.log.statemachine.data.sync = true (default)
2019-09-12 10:33:00,225 [pool-93-thread-1] INFO  server.RaftServerConfigKeys (ConfUtils.java:logGet(43)) - raft.server.log.statemachine.data.sync.timeout = 10s (default)
2019-09-12 10:33:00,225 [pool-93-thread-1] INFO  server.RaftServerConfigKeys (ConfUtils.java:logGet(43)) - raft.server.log.statemachine.data.sync.timeout.retry = -1 (default)
2019-09-12 10:33:00,225 [pool-93-thread-1] INFO  server.RaftServerConfigKeys (ConfUtils.java:logGet(43)) - raft.server.log.statemachine.data.caching.enabled = true (custom)
2019-09-12 10:33:00,225 [pool-93-thread-1] INFO  segmented.SegmentedRaftLogWorker (SegmentedRaftLogWorker.java:lambda$new$0(132)) - 083ebb38-73c7-4c90-bb26-8945a60751ec-SegmentedRaftLogWorker:Storage Directory /workdir/hadoop-ozone/integration-test/target/test-dir/MiniOzoneClusterImpl-5ecceb84-7f52-4627-9972-1a459b519b1f/datanode-6/data/ratis/d2c1975b-c380-4341-98d2-7959190de5fb: flushIndex: setUnconditionally 0 -> -1
2019-09-12 10:33:00,225 [pool-93-thread-1] INFO  server.RaftServerConfigKeys (ConfUtils.java:logGet(43)) - raft.server.snapshot.auto.trigger.enabled = true (custom)
2019-09-12 10:33:00,226 [pool-93-thread-1] INFO  server.RaftServerConfigKeys (ConfUtils.java:logGet(43)) - raft.server.snapshot.auto.trigger.threshold = 10000 (custom)
2019-09-12 10:33:00,226 [pool-93-thread-1] INFO  server.RaftServerConfigKeys (ConfUtils.java:logGet(43)) - raft.server.retrycache.expirytime = 600000ms (custom)
2019-09-12 10:33:00,226 [pool-93-thread-1] INFO  impl.RaftServerImpl (RaftServerImpl.java:start(180)) - 083ebb38-73c7-4c90-bb26-8945a60751ec: start group-7959190DE5FB
2019-09-12 10:33:00,226 [pool-93-thread-1] INFO  impl.RaftServerImpl (RaftServerImpl.java:setRole(171)) - 083ebb38-73c7-4c90-bb26-8945a60751ec:group-7959190DE5FB changes role from null to FOLLOWER at term 0 for startAsFollower
2019-09-12 10:33:00,226 [pool-93-thread-1] INFO  impl.RoleInfo (RoleInfo.java:updateAndGet(143)) - 083ebb38-73c7-4c90-bb26-8945a60751ec: start FollowerState
2019-09-12 10:33:00,226 [pool-93-thread-1] INFO  util.JmxRegister (JmxRegister.java:tryRegister(44)) - Successfully registered JMX Bean with object name Ratis:service=RaftServer,group=group-7959190DE5FB,id=083ebb38-73c7-4c90-bb26-8945a60751ec
2019-09-12 10:33:00,232 [RatisPipelineUtilsThread] INFO  pipeline.PipelineStateManager (PipelineStateManager.java:addPipeline(56)) - Created pipeline Pipeline[ Id: d2c1975b-c380-4341-98d2-7959190de5fb, Nodes: 083ebb38-73c7-4c90-bb26-8945a60751ec{ip: 192.168.157.195, host: pr-hdds-1569-xtfnx-3545843844, networkLocation: /default-rack, certSerialId: null}, Type:RATIS, Factor:ONE, State:OPEN]
2019-09-12 10:33:00,234 [RatisPipelineUtilsThread] ERROR pipeline.PipelinePlacementPolicy (PipelinePlacementPolicy.java:meetCriteria(91)) - Pipeline Placement: Doesn't meet the criteria to be viable node. Heaviness: 6
2019-09-12 10:33:00,245 [grpc-default-executor-1] INFO  impl.RaftServerProxy (RaftServerProxy.java:addNew(89)) - e0e61d4c-2e09-4c56-8609-a14bb69c63aa: addNew group-901F29994EC9:[e0e61d4c-2e09-4c56-8609-a14bb69c63aa:192.168.157.195:42576] returns group-901F29994EC9:java.util.concurrent.CompletableFuture@6ca18a93[Not completed]
2019-09-12 10:33:00,246 [pool-60-thread-1] INFO  impl.RaftServerImpl (RaftServerImpl.java:<init>(93)) - e0e61d4c-2e09-4c56-8609-a14bb69c63aa: new RaftServerImpl for group-901F29994EC9:[e0e61d4c-2e09-4c56-8609-a14bb69c63aa:192.168.157.195:42576] with ContainerStateMachine:uninitialized
2019-09-12 10:33:00,247 [pool-60-thread-1] INFO  server.RaftServerConfigKeys (ConfUtils.java:logGet(43)) - raft.server.rpc.timeout.min = 5s (custom)
2019-09-12 10:33:00,247 [pool-60-thread-1] INFO  server.RaftServerConfigKeys (ConfUtils.java:logGet(43)) - raft.server.rpc.timeout.max = 5200ms (custom)
2019-09-12 10:33:00,247 [pool-60-thread-1] INFO  server.RaftServerConfigKeys (ConfUtils.java:logGet(43)) - raft.server.rpcslowness.timeout = 120s (custom)
2019-09-12 10:33:00,247 [pool-60-thread-1] INFO  server.RaftServerConfigKeys (ConfUtils.java:logGet(43)) - raft.server.sleep.deviation.threshold = 300 (default)
2019-09-12 10:33:00,247 [pool-60-thread-1] INFO  server.RaftServerConfigKeys (ConfUtils.java:logGet(43)) - raft.server.log.appender.install.snapshot.enabled = false (custom)
2019-09-12 10:33:00,247 [pool-60-thread-1] INFO  impl.RaftServerImpl (ServerState.java:<init>(105)) - e0e61d4c-2e09-4c56-8609-a14bb69c63aa:group-901F29994EC9 ConfigurationManager, init=-1: [e0e61d4c-2e09-4c56-8609-a14bb69c63aa:192.168.157.195:42576], old=null, confs=<EMPTY_MAP>
2019-09-12 10:33:00,248 [pool-60-thread-1] INFO  server.RaftServerConfigKeys (ConfUtils.java:logGet(43)) - raft.server.storage.dir = [/workdir/hadoop-ozone/integration-test/target/test-dir/MiniOzoneClusterImpl-5ecceb84-7f52-4627-9972-1a459b519b1f/datanode-3/data/ratis] (custom)
2019-09-12 10:33:00,248 [pool-60-thread-1] INFO  storage.RaftStorageDirectory (RaftStorageDirectory.java:analyzeStorage(246)) - The storage directory /workdir/hadoop-ozone/integration-test/target/test-dir/MiniOzoneClusterImpl-5ecceb84-7f52-4627-9972-1a459b519b1f/datanode-3/data/ratis/1cb3e4e1-2f3b-4823-a824-901f29994ec9 does not exist. Creating ...
2019-09-12 10:33:00,261 [pool-60-thread-1] INFO  storage.RaftStorageDirectory (RaftStorageDirectory.java:tryLock(328)) - Lock on /workdir/hadoop-ozone/integration-test/target/test-dir/MiniOzoneClusterImpl-5ecceb84-7f52-4627-9972-1a459b519b1f/datanode-3/data/ratis/1cb3e4e1-2f3b-4823-a824-901f29994ec9/in_use.lock acquired by nodename 32653@pr-hdds-1569-xtfnx-3545843844
2019-09-12 10:33:00,262 | INFO  | SCMAudit | user=jenkins1000 | ip=192.168.157.195 | op=SEND_HEARTBEAT {datanodeUUID=31c45c5a-0c90-4266-9947-1c7c078b7ec4, command=[]} | ret=SUCCESS |  
2019-09-12 10:33:00,269 | INFO  | SCMAudit | user=jenkins1000 | ip=192.168.157.195 | op=SEND_HEARTBEAT {datanodeUUID=e0e61d4c-2e09-4c56-8609-a14bb69c63aa, command=[]} | ret=SUCCESS |  
2019-09-12 10:33:00,274 [pool-60-thread-1] INFO  storage.RaftStorage (RaftStorage.java:format(72)) - Storage directory /workdir/hadoop-ozone/integration-test/target/test-dir/MiniOzoneClusterImpl-5ecceb84-7f52-4627-9972-1a459b519b1f/datanode-3/data/ratis/1cb3e4e1-2f3b-4823-a824-901f29994ec9 has been successfully formatted.
2019-09-12 10:33:00,275 [pool-60-thread-1] INFO  ratis.ContainerStateMachine (ContainerStateMachine.java:loadSnapshot(226)) - group-901F29994EC9: The snapshot info is null. Setting the last applied indexto:(t:0, i:~)
2019-09-12 10:33:00,275 [pool-60-thread-1] INFO  server.RaftServerConfigKeys (ConfUtils.java:logGet(43)) - raft.server.leader.election.timeout = 120s (custom)
2019-09-12 10:33:00,275 [pool-60-thread-1] INFO  server.RaftServerConfigKeys (ConfUtils.java:logGet(43)) - raft.server.log.use.memory = false (default)
2019-09-12 10:33:00,275 [pool-60-thread-1] INFO  server.RaftServerConfigKeys (ConfUtils.java:logGet(43)) - raft.server.log.purge.gap = 1000000 (custom)
2019-09-12 10:33:00,275 [pool-60-thread-1] INFO  server.RaftServerConfigKeys (ConfUtils.java:logGet(43)) - raft.server.log.appender.buffer.byte-limit = 33554432 (custom)
2019-09-12 10:33:00,276 [pool-60-thread-1] INFO  server.RaftServerConfigKeys (ConfUtils.java:logGet(43)) - raft.server.log.segment.size.max = 1048576 (custom)
2019-09-12 10:33:00,276 [pool-60-thread-1] INFO  server.RaftServerConfigKeys (ConfUtils.java:logGet(43)) - raft.server.log.segment.cache.num.max = 2 (custom)
2019-09-12 10:33:00,276 [pool-60-thread-1] INFO  segmented.SegmentedRaftLogWorker (SegmentedRaftLogWorker.java:<init>(172)) - new e0e61d4c-2e09-4c56-8609-a14bb69c63aa-SegmentedRaftLogWorker:Storage Directory /workdir/hadoop-ozone/integration-test/target/test-dir/MiniOzoneClusterImpl-5ecceb84-7f52-4627-9972-1a459b519b1f/datanode-3/data/ratis/1cb3e4e1-2f3b-4823-a824-901f29994ec9 for RaftStorage:Storage Directory /workdir/hadoop-ozone/integration-test/target/test-dir/MiniOzoneClusterImpl-5ecceb84-7f52-4627-9972-1a459b519b1f/datanode-3/data/ratis/1cb3e4e1-2f3b-4823-a824-901f29994ec9
2019-09-12 10:33:00,276 [pool-60-thread-1] INFO  server.RaftServerConfigKeys (ConfUtils.java:logGet(43)) - raft.server.log.queue.byte-limit = 2147483647 (custom)
2019-09-12 10:33:00,276 [pool-60-thread-1] INFO  server.RaftServerConfigKeys (ConfUtils.java:logGet(43)) - raft.server.log.queue.element-limit = 1024 (custom)
2019-09-12 10:33:00,276 [pool-60-thread-1] INFO  server.RaftServerConfigKeys (ConfUtils.java:logGet(43)) - raft.server.log.segment.size.max = 1048576 (custom)
2019-09-12 10:33:00,277 [pool-60-thread-1] INFO  server.RaftServerConfigKeys (ConfUtils.java:logGet(43)) - raft.server.log.preallocated.size = 16384 (custom)
2019-09-12 10:33:00,277 [pool-60-thread-1] INFO  server.RaftServerConfigKeys (ConfUtils.java:logGet(43)) - raft.server.log.write.buffer.size = 33554432 (custom)
2019-09-12 10:33:00,277 [pool-60-thread-1] INFO  server.RaftServerConfigKeys (ConfUtils.java:logGet(43)) - raft.server.log.force.sync.num = 128 (default)
2019-09-12 10:33:00,277 [pool-60-thread-1] INFO  server.RaftServerConfigKeys (ConfUtils.java:logGet(43)) - raft.server.log.statemachine.data.sync = true (default)
2019-09-12 10:33:00,277 [pool-60-thread-1] INFO  server.RaftServerConfigKeys (ConfUtils.java:logGet(43)) - raft.server.log.statemachine.data.sync.timeout = 10s (default)
2019-09-12 10:33:00,277 [pool-60-thread-1] INFO  server.RaftServerConfigKeys (ConfUtils.java:logGet(43)) - raft.server.log.statemachine.data.sync.timeout.retry = -1 (default)
2019-09-12 10:33:00,278 [pool-60-thread-1] INFO  server.RaftServerConfigKeys (ConfUtils.java:logGet(43)) - raft.server.log.statemachine.data.caching.enabled = true (custom)
2019-09-12 10:33:00,278 [pool-60-thread-1] INFO  segmented.SegmentedRaftLogWorker (SegmentedRaftLogWorker.java:lambda$new$0(132)) - e0e61d4c-2e09-4c56-8609-a14bb69c63aa-SegmentedRaftLogWorker:Storage Directory /workdir/hadoop-ozone/integration-test/target/test-dir/MiniOzoneClusterImpl-5ecceb84-7f52-4627-9972-1a459b519b1f/datanode-3/data/ratis/1cb3e4e1-2f3b-4823-a824-901f29994ec9: flushIndex: setUnconditionally 0 -> -1
2019-09-12 10:33:00,278 [pool-60-thread-1] INFO  server.RaftServerConfigKeys (ConfUtils.java:logGet(43)) - raft.server.snapshot.auto.trigger.enabled = true (custom)
2019-09-12 10:33:00,278 [pool-60-thread-1] INFO  server.RaftServerConfigKeys (ConfUtils.java:logGet(43)) - raft.server.snapshot.auto.trigger.threshold = 10000 (custom)
2019-09-12 10:33:00,279 [pool-60-thread-1] INFO  server.RaftServerConfigKeys (ConfUtils.java:logGet(43)) - raft.server.retrycache.expirytime = 600000ms (custom)
2019-09-12 10:33:00,279 [pool-60-thread-1] INFO  impl.RaftServerImpl (RaftServerImpl.java:start(180)) - e0e61d4c-2e09-4c56-8609-a14bb69c63aa: start group-901F29994EC9
2019-09-12 10:33:00,279 [pool-60-thread-1] INFO  impl.RaftServerImpl (RaftServerImpl.java:setRole(171)) - e0e61d4c-2e09-4c56-8609-a14bb69c63aa:group-901F29994EC9 changes role from null to FOLLOWER at term 0 for startAsFollower
2019-09-12 10:33:00,279 [pool-60-thread-1] INFO  impl.RoleInfo (RoleInfo.java:updateAndGet(143)) - e0e61d4c-2e09-4c56-8609-a14bb69c63aa: start FollowerState
2019-09-12 10:33:00,280 [pool-60-thread-1] INFO  util.JmxRegister (JmxRegister.java:tryRegister(44)) - Successfully registered JMX Bean with object name Ratis:service=RaftServer,group=group-901F29994EC9,id=e0e61d4c-2e09-4c56-8609-a14bb69c63aa
2019-09-12 10:33:00,284 [RatisPipelineUtilsThread] INFO  pipeline.PipelineStateManager (PipelineStateManager.java:addPipeline(56)) - Created pipeline Pipeline[ Id: 1cb3e4e1-2f3b-4823-a824-901f29994ec9, Nodes: e0e61d4c-2e09-4c56-8609-a14bb69c63aa{ip: 192.168.157.195, host: pr-hdds-1569-xtfnx-3545843844, networkLocation: /default-rack, certSerialId: null}, Type:RATIS, Factor:ONE, State:OPEN]
2019-09-12 10:33:00,286 [RatisPipelineUtilsThread] ERROR pipeline.PipelinePlacementPolicy (PipelinePlacementPolicy.java:meetCriteria(91)) - Pipeline Placement: Doesn't meet the criteria to be viable node. Heaviness: 6
2019-09-12 10:33:00,295 [grpc-default-executor-1] INFO  impl.RaftServerProxy (RaftServerProxy.java:addNew(89)) - 6d26f522-fe03-4a67-aa48-7af853b41a99: addNew group-4CAF79940775:[6d26f522-fe03-4a67-aa48-7af853b41a99:192.168.157.195:44863] returns group-4CAF79940775:java.util.concurrent.CompletableFuture@64d4f4e[Not completed]
2019-09-12 10:33:00,297 [pool-38-thread-1] INFO  impl.RaftServerImpl (RaftServerImpl.java:<init>(93)) - 6d26f522-fe03-4a67-aa48-7af853b41a99: new RaftServerImpl for group-4CAF79940775:[6d26f522-fe03-4a67-aa48-7af853b41a99:192.168.157.195:44863] with ContainerStateMachine:uninitialized
2019-09-12 10:33:00,297 [pool-38-thread-1] INFO  server.RaftServerConfigKeys (ConfUtils.java:logGet(43)) - raft.server.rpc.timeout.min = 5s (custom)
2019-09-12 10:33:00,297 [pool-38-thread-1] INFO  server.RaftServerConfigKeys (ConfUtils.java:logGet(43)) - raft.server.rpc.timeout.max = 5200ms (custom)
2019-09-12 10:33:00,298 [pool-38-thread-1] INFO  server.RaftServerConfigKeys (ConfUtils.java:logGet(43)) - raft.server.rpcslowness.timeout = 120s (custom)
2019-09-12 10:33:00,298 [pool-38-thread-1] INFO  server.RaftServerConfigKeys (ConfUtils.java:logGet(43)) - raft.server.sleep.deviation.threshold = 300 (default)
2019-09-12 10:33:00,298 [pool-38-thread-1] INFO  server.RaftServerConfigKeys (ConfUtils.java:logGet(43)) - raft.server.log.appender.install.snapshot.enabled = false (custom)
2019-09-12 10:33:00,298 [pool-38-thread-1] INFO  impl.RaftServerImpl (ServerState.java:<init>(105)) - 6d26f522-fe03-4a67-aa48-7af853b41a99:group-4CAF79940775 ConfigurationManager, init=-1: [6d26f522-fe03-4a67-aa48-7af853b41a99:192.168.157.195:44863], old=null, confs=<EMPTY_MAP>
2019-09-12 10:33:00,298 [pool-38-thread-1] INFO  server.RaftServerConfigKeys (ConfUtils.java:logGet(43)) - raft.server.storage.dir = [/workdir/hadoop-ozone/integration-test/target/test-dir/MiniOzoneClusterImpl-5ecceb84-7f52-4627-9972-1a459b519b1f/datanode-1/data/ratis] (custom)
2019-09-12 10:33:00,299 [pool-38-thread-1] INFO  storage.RaftStorageDirectory (RaftStorageDirectory.java:analyzeStorage(246)) - The storage directory /workdir/hadoop-ozone/integration-test/target/test-dir/MiniOzoneClusterImpl-5ecceb84-7f52-4627-9972-1a459b519b1f/datanode-1/data/ratis/5f4e9a9b-6ebe-4bf6-8fc6-4caf79940775 does not exist. Creating ...
2019-09-12 10:33:00,311 [pool-38-thread-1] INFO  storage.RaftStorageDirectory (RaftStorageDirectory.java:tryLock(328)) - Lock on /workdir/hadoop-ozone/integration-test/target/test-dir/MiniOzoneClusterImpl-5ecceb84-7f52-4627-9972-1a459b519b1f/datanode-1/data/ratis/5f4e9a9b-6ebe-4bf6-8fc6-4caf79940775/in_use.lock acquired by nodename 32653@pr-hdds-1569-xtfnx-3545843844
2019-09-12 10:33:00,324 [pool-38-thread-1] INFO  storage.RaftStorage (RaftStorage.java:format(72)) - Storage directory /workdir/hadoop-ozone/integration-test/target/test-dir/MiniOzoneClusterImpl-5ecceb84-7f52-4627-9972-1a459b519b1f/datanode-1/data/ratis/5f4e9a9b-6ebe-4bf6-8fc6-4caf79940775 has been successfully formatted.
2019-09-12 10:33:00,325 [pool-38-thread-1] INFO  ratis.ContainerStateMachine (ContainerStateMachine.java:loadSnapshot(226)) - group-4CAF79940775: The snapshot info is null. Setting the last applied indexto:(t:0, i:~)
2019-09-12 10:33:00,325 [pool-38-thread-1] INFO  server.RaftServerConfigKeys (ConfUtils.java:logGet(43)) - raft.server.leader.election.timeout = 120s (custom)
2019-09-12 10:33:00,325 [pool-38-thread-1] INFO  server.RaftServerConfigKeys (ConfUtils.java:logGet(43)) - raft.server.log.use.memory = false (default)
2019-09-12 10:33:00,325 [pool-38-thread-1] INFO  server.RaftServerConfigKeys (ConfUtils.java:logGet(43)) - raft.server.log.purge.gap = 1000000 (custom)
2019-09-12 10:33:00,325 [pool-38-thread-1] INFO  server.RaftServerConfigKeys (ConfUtils.java:logGet(43)) - raft.server.log.appender.buffer.byte-limit = 33554432 (custom)
2019-09-12 10:33:00,325 [pool-38-thread-1] INFO  server.RaftServerConfigKeys (ConfUtils.java:logGet(43)) - raft.server.log.segment.size.max = 1048576 (custom)
2019-09-12 10:33:00,326 [pool-38-thread-1] INFO  server.RaftServerConfigKeys (ConfUtils.java:logGet(43)) - raft.server.log.segment.cache.num.max = 2 (custom)
2019-09-12 10:33:00,326 [pool-38-thread-1] INFO  segmented.SegmentedRaftLogWorker (SegmentedRaftLogWorker.java:<init>(172)) - new 6d26f522-fe03-4a67-aa48-7af853b41a99-SegmentedRaftLogWorker:Storage Directory /workdir/hadoop-ozone/integration-test/target/test-dir/MiniOzoneClusterImpl-5ecceb84-7f52-4627-9972-1a459b519b1f/datanode-1/data/ratis/5f4e9a9b-6ebe-4bf6-8fc6-4caf79940775 for RaftStorage:Storage Directory /workdir/hadoop-ozone/integration-test/target/test-dir/MiniOzoneClusterImpl-5ecceb84-7f52-4627-9972-1a459b519b1f/datanode-1/data/ratis/5f4e9a9b-6ebe-4bf6-8fc6-4caf79940775
2019-09-12 10:33:00,326 [pool-38-thread-1] INFO  server.RaftServerConfigKeys (ConfUtils.java:logGet(43)) - raft.server.log.queue.byte-limit = 2147483647 (custom)
2019-09-12 10:33:00,326 [pool-38-thread-1] INFO  server.RaftServerConfigKeys (ConfUtils.java:logGet(43)) - raft.server.log.queue.element-limit = 1024 (custom)
2019-09-12 10:33:00,326 [pool-38-thread-1] INFO  server.RaftServerConfigKeys (ConfUtils.java:logGet(43)) - raft.server.log.segment.size.max = 1048576 (custom)
2019-09-12 10:33:00,326 [pool-38-thread-1] INFO  server.RaftServerConfigKeys (ConfUtils.java:logGet(43)) - raft.server.log.preallocated.size = 16384 (custom)
2019-09-12 10:33:00,326 [pool-38-thread-1] INFO  server.RaftServerConfigKeys (ConfUtils.java:logGet(43)) - raft.server.log.write.buffer.size = 33554432 (custom)
2019-09-12 10:33:00,326 [pool-38-thread-1] INFO  server.RaftServerConfigKeys (ConfUtils.java:logGet(43)) - raft.server.log.force.sync.num = 128 (default)
2019-09-12 10:33:00,327 [pool-38-thread-1] INFO  server.RaftServerConfigKeys (ConfUtils.java:logGet(43)) - raft.server.log.statemachine.data.sync = true (default)
2019-09-12 10:33:00,327 [pool-38-thread-1] INFO  server.RaftServerConfigKeys (ConfUtils.java:logGet(43)) - raft.server.log.statemachine.data.sync.timeout = 10s (default)
2019-09-12 10:33:00,327 [pool-38-thread-1] INFO  server.RaftServerConfigKeys (ConfUtils.java:logGet(43)) - raft.server.log.statemachine.data.sync.timeout.retry = -1 (default)
2019-09-12 10:33:00,327 [pool-38-thread-1] INFO  server.RaftServerConfigKeys (ConfUtils.java:logGet(43)) - raft.server.log.statemachine.data.caching.enabled = true (custom)
2019-09-12 10:33:00,327 [pool-38-thread-1] INFO  segmented.SegmentedRaftLogWorker (SegmentedRaftLogWorker.java:lambda$new$0(132)) - 6d26f522-fe03-4a67-aa48-7af853b41a99-SegmentedRaftLogWorker:Storage Directory /workdir/hadoop-ozone/integration-test/target/test-dir/MiniOzoneClusterImpl-5ecceb84-7f52-4627-9972-1a459b519b1f/datanode-1/data/ratis/5f4e9a9b-6ebe-4bf6-8fc6-4caf79940775: flushIndex: setUnconditionally 0 -> -1
2019-09-12 10:33:00,328 [pool-38-thread-1] INFO  server.RaftServerConfigKeys (ConfUtils.java:logGet(43)) - raft.server.snapshot.auto.trigger.enabled = true (custom)
2019-09-12 10:33:00,328 [pool-38-thread-1] INFO  server.RaftServerConfigKeys (ConfUtils.java:logGet(43)) - raft.server.snapshot.auto.trigger.threshold = 10000 (custom)
2019-09-12 10:33:00,328 [pool-38-thread-1] INFO  server.RaftServerConfigKeys (ConfUtils.java:logGet(43)) - raft.server.retrycache.expirytime = 600000ms (custom)
2019-09-12 10:33:00,328 [pool-38-thread-1] INFO  impl.RaftServerImpl (RaftServerImpl.java:start(180)) - 6d26f522-fe03-4a67-aa48-7af853b41a99: start group-4CAF79940775
2019-09-12 10:33:00,328 [pool-38-thread-1] INFO  impl.RaftServerImpl (RaftServerImpl.java:setRole(171)) - 6d26f522-fe03-4a67-aa48-7af853b41a99:group-4CAF79940775 changes role from null to FOLLOWER at term 0 for startAsFollower
2019-09-12 10:33:00,329 [pool-38-thread-1] INFO  impl.RoleInfo (RoleInfo.java:updateAndGet(143)) - 6d26f522-fe03-4a67-aa48-7af853b41a99: start FollowerState
2019-09-12 10:33:00,329 [pool-38-thread-1] INFO  util.JmxRegister (JmxRegister.java:tryRegister(44)) - Successfully registered JMX Bean with object name Ratis:service=RaftServer,group=group-4CAF79940775,id=6d26f522-fe03-4a67-aa48-7af853b41a99
2019-09-12 10:33:00,334 [RatisPipelineUtilsThread] INFO  pipeline.PipelineStateManager (PipelineStateManager.java:addPipeline(56)) - Created pipeline Pipeline[ Id: 5f4e9a9b-6ebe-4bf6-8fc6-4caf79940775, Nodes: 6d26f522-fe03-4a67-aa48-7af853b41a99{ip: 192.168.157.195, host: pr-hdds-1569-xtfnx-3545843844, networkLocation: /default-rack, certSerialId: null}, Type:RATIS, Factor:ONE, State:OPEN]
2019-09-12 10:33:00,336 [RatisPipelineUtilsThread] ERROR pipeline.PipelinePlacementPolicy (PipelinePlacementPolicy.java:meetCriteria(91)) - Pipeline Placement: Doesn't meet the criteria to be viable node. Heaviness: 6
2019-09-12 10:33:00,346 [grpc-default-executor-1] INFO  impl.RaftServerProxy (RaftServerProxy.java:addNew(89)) - 31c45c5a-0c90-4266-9947-1c7c078b7ec4: addNew group-DD0C6F59BE92:[31c45c5a-0c90-4266-9947-1c7c078b7ec4:192.168.157.195:42694] returns group-DD0C6F59BE92:java.util.concurrent.CompletableFuture@7bb81c84[Not completed]
2019-09-12 10:33:00,349 | INFO  | SCMAudit | user=jenkins1000 | ip=192.168.157.195 | op=SEND_HEARTBEAT {datanodeUUID=6d8e2272-d3cb-43aa-845f-9a021007c4ce, command=[]} | ret=SUCCESS |  
2019-09-12 10:33:00,351 [pool-71-thread-1] INFO  impl.RaftServerImpl (RaftServerImpl.java:<init>(93)) - 31c45c5a-0c90-4266-9947-1c7c078b7ec4: new RaftServerImpl for group-DD0C6F59BE92:[31c45c5a-0c90-4266-9947-1c7c078b7ec4:192.168.157.195:42694] with ContainerStateMachine:uninitialized
2019-09-12 10:33:00,351 [pool-71-thread-1] INFO  server.RaftServerConfigKeys (ConfUtils.java:logGet(43)) - raft.server.rpc.timeout.min = 5s (custom)
2019-09-12 10:33:00,351 [pool-71-thread-1] INFO  server.RaftServerConfigKeys (ConfUtils.java:logGet(43)) - raft.server.rpc.timeout.max = 5200ms (custom)
2019-09-12 10:33:00,351 [pool-71-thread-1] INFO  server.RaftServerConfigKeys (ConfUtils.java:logGet(43)) - raft.server.rpcslowness.timeout = 120s (custom)
2019-09-12 10:33:00,351 [pool-71-thread-1] INFO  server.RaftServerConfigKeys (ConfUtils.java:logGet(43)) - raft.server.sleep.deviation.threshold = 300 (default)
2019-09-12 10:33:00,352 [pool-71-thread-1] INFO  server.RaftServerConfigKeys (ConfUtils.java:logGet(43)) - raft.server.log.appender.install.snapshot.enabled = false (custom)
2019-09-12 10:33:00,352 [pool-71-thread-1] INFO  impl.RaftServerImpl (ServerState.java:<init>(105)) - 31c45c5a-0c90-4266-9947-1c7c078b7ec4:group-DD0C6F59BE92 ConfigurationManager, init=-1: [31c45c5a-0c90-4266-9947-1c7c078b7ec4:192.168.157.195:42694], old=null, confs=<EMPTY_MAP>
2019-09-12 10:33:00,352 [pool-71-thread-1] INFO  server.RaftServerConfigKeys (ConfUtils.java:logGet(43)) - raft.server.storage.dir = [/workdir/hadoop-ozone/integration-test/target/test-dir/MiniOzoneClusterImpl-5ecceb84-7f52-4627-9972-1a459b519b1f/datanode-4/data/ratis] (custom)
2019-09-12 10:33:00,352 [pool-71-thread-1] INFO  storage.RaftStorageDirectory (RaftStorageDirectory.java:analyzeStorage(246)) - The storage directory /workdir/hadoop-ozone/integration-test/target/test-dir/MiniOzoneClusterImpl-5ecceb84-7f52-4627-9972-1a459b519b1f/datanode-4/data/ratis/6d211cfd-3ab1-4d5d-aca2-dd0c6f59be92 does not exist. Creating ...
2019-09-12 10:33:00,365 [pool-71-thread-1] INFO  storage.RaftStorageDirectory (RaftStorageDirectory.java:tryLock(328)) - Lock on /workdir/hadoop-ozone/integration-test/target/test-dir/MiniOzoneClusterImpl-5ecceb84-7f52-4627-9972-1a459b519b1f/datanode-4/data/ratis/6d211cfd-3ab1-4d5d-aca2-dd0c6f59be92/in_use.lock acquired by nodename 32653@pr-hdds-1569-xtfnx-3545843844
2019-09-12 10:33:00,378 [pool-71-thread-1] INFO  storage.RaftStorage (RaftStorage.java:format(72)) - Storage directory /workdir/hadoop-ozone/integration-test/target/test-dir/MiniOzoneClusterImpl-5ecceb84-7f52-4627-9972-1a459b519b1f/datanode-4/data/ratis/6d211cfd-3ab1-4d5d-aca2-dd0c6f59be92 has been successfully formatted.
2019-09-12 10:33:00,378 [pool-71-thread-1] INFO  ratis.ContainerStateMachine (ContainerStateMachine.java:loadSnapshot(226)) - group-DD0C6F59BE92: The snapshot info is null. Setting the last applied indexto:(t:0, i:~)
2019-09-12 10:33:00,378 [pool-71-thread-1] INFO  server.RaftServerConfigKeys (ConfUtils.java:logGet(43)) - raft.server.leader.election.timeout = 120s (custom)
2019-09-12 10:33:00,379 [pool-71-thread-1] INFO  server.RaftServerConfigKeys (ConfUtils.java:logGet(43)) - raft.server.log.use.memory = false (default)
2019-09-12 10:33:00,379 [pool-71-thread-1] INFO  server.RaftServerConfigKeys (ConfUtils.java:logGet(43)) - raft.server.log.purge.gap = 1000000 (custom)
2019-09-12 10:33:00,379 [pool-71-thread-1] INFO  server.RaftServerConfigKeys (ConfUtils.java:logGet(43)) - raft.server.log.appender.buffer.byte-limit = 33554432 (custom)
2019-09-12 10:33:00,379 [pool-71-thread-1] INFO  server.RaftServerConfigKeys (ConfUtils.java:logGet(43)) - raft.server.log.segment.size.max = 1048576 (custom)
2019-09-12 10:33:00,379 [pool-71-thread-1] INFO  server.RaftServerConfigKeys (ConfUtils.java:logGet(43)) - raft.server.log.segment.cache.num.max = 2 (custom)
2019-09-12 10:33:00,379 [pool-71-thread-1] INFO  segmented.SegmentedRaftLogWorker (SegmentedRaftLogWorker.java:<init>(172)) - new 31c45c5a-0c90-4266-9947-1c7c078b7ec4-SegmentedRaftLogWorker:Storage Directory /workdir/hadoop-ozone/integration-test/target/test-dir/MiniOzoneClusterImpl-5ecceb84-7f52-4627-9972-1a459b519b1f/datanode-4/data/ratis/6d211cfd-3ab1-4d5d-aca2-dd0c6f59be92 for RaftStorage:Storage Directory /workdir/hadoop-ozone/integration-test/target/test-dir/MiniOzoneClusterImpl-5ecceb84-7f52-4627-9972-1a459b519b1f/datanode-4/data/ratis/6d211cfd-3ab1-4d5d-aca2-dd0c6f59be92
2019-09-12 10:33:00,380 [pool-71-thread-1] INFO  server.RaftServerConfigKeys (ConfUtils.java:logGet(43)) - raft.server.log.queue.byte-limit = 2147483647 (custom)
2019-09-12 10:33:00,380 [pool-71-thread-1] INFO  server.RaftServerConfigKeys (ConfUtils.java:logGet(43)) - raft.server.log.queue.element-limit = 1024 (custom)
2019-09-12 10:33:00,380 [pool-71-thread-1] INFO  server.RaftServerConfigKeys (ConfUtils.java:logGet(43)) - raft.server.log.segment.size.max = 1048576 (custom)
2019-09-12 10:33:00,380 [pool-71-thread-1] INFO  server.RaftServerConfigKeys (ConfUtils.java:logGet(43)) - raft.server.log.preallocated.size = 16384 (custom)
2019-09-12 10:33:00,380 [pool-71-thread-1] INFO  server.RaftServerConfigKeys (ConfUtils.java:logGet(43)) - raft.server.log.write.buffer.size = 33554432 (custom)
2019-09-12 10:33:00,380 [pool-71-thread-1] INFO  server.RaftServerConfigKeys (ConfUtils.java:logGet(43)) - raft.server.log.force.sync.num = 128 (default)
2019-09-12 10:33:00,381 [pool-71-thread-1] INFO  server.RaftServerConfigKeys (ConfUtils.java:logGet(43)) - raft.server.log.statemachine.data.sync = true (default)
2019-09-12 10:33:00,381 [pool-71-thread-1] INFO  server.RaftServerConfigKeys (ConfUtils.java:logGet(43)) - raft.server.log.statemachine.data.sync.timeout = 10s (default)
2019-09-12 10:33:00,381 [pool-71-thread-1] INFO  server.RaftServerConfigKeys (ConfUtils.java:logGet(43)) - raft.server.log.statemachine.data.sync.timeout.retry = -1 (default)
2019-09-12 10:33:00,381 [pool-71-thread-1] INFO  server.RaftServerConfigKeys (ConfUtils.java:logGet(43)) - raft.server.log.statemachine.data.caching.enabled = true (custom)
2019-09-12 10:33:00,381 [pool-71-thread-1] INFO  segmented.SegmentedRaftLogWorker (SegmentedRaftLogWorker.java:lambda$new$0(132)) - 31c45c5a-0c90-4266-9947-1c7c078b7ec4-SegmentedRaftLogWorker:Storage Directory /workdir/hadoop-ozone/integration-test/target/test-dir/MiniOzoneClusterImpl-5ecceb84-7f52-4627-9972-1a459b519b1f/datanode-4/data/ratis/6d211cfd-3ab1-4d5d-aca2-dd0c6f59be92: flushIndex: setUnconditionally 0 -> -1
2019-09-12 10:33:00,382 [pool-71-thread-1] INFO  server.RaftServerConfigKeys (ConfUtils.java:logGet(43)) - raft.server.snapshot.auto.trigger.enabled = true (custom)
2019-09-12 10:33:00,382 [pool-71-thread-1] INFO  server.RaftServerConfigKeys (ConfUtils.java:logGet(43)) - raft.server.snapshot.auto.trigger.threshold = 10000 (custom)
2019-09-12 10:33:00,382 [pool-71-thread-1] INFO  server.RaftServerConfigKeys (ConfUtils.java:logGet(43)) - raft.server.retrycache.expirytime = 600000ms (custom)
2019-09-12 10:33:00,382 [pool-71-thread-1] INFO  impl.RaftServerImpl (RaftServerImpl.java:start(180)) - 31c45c5a-0c90-4266-9947-1c7c078b7ec4: start group-DD0C6F59BE92
2019-09-12 10:33:00,383 [pool-71-thread-1] INFO  impl.RaftServerImpl (RaftServerImpl.java:setRole(171)) - 31c45c5a-0c90-4266-9947-1c7c078b7ec4:group-DD0C6F59BE92 changes role from null to FOLLOWER at term 0 for startAsFollower
2019-09-12 10:33:00,383 [pool-71-thread-1] INFO  impl.RoleInfo (RoleInfo.java:updateAndGet(143)) - 31c45c5a-0c90-4266-9947-1c7c078b7ec4: start FollowerState
2019-09-12 10:33:00,383 [pool-71-thread-1] INFO  util.JmxRegister (JmxRegister.java:tryRegister(44)) - Successfully registered JMX Bean with object name Ratis:service=RaftServer,group=group-DD0C6F59BE92,id=31c45c5a-0c90-4266-9947-1c7c078b7ec4
2019-09-12 10:33:00,388 [RatisPipelineUtilsThread] INFO  pipeline.PipelineStateManager (PipelineStateManager.java:addPipeline(56)) - Created pipeline Pipeline[ Id: 6d211cfd-3ab1-4d5d-aca2-dd0c6f59be92, Nodes: 31c45c5a-0c90-4266-9947-1c7c078b7ec4{ip: 192.168.157.195, host: pr-hdds-1569-xtfnx-3545843844, networkLocation: /default-rack, certSerialId: null}, Type:RATIS, Factor:ONE, State:OPEN]
2019-09-12 10:33:00,390 [RatisPipelineUtilsThread] ERROR pipeline.PipelinePlacementPolicy (PipelinePlacementPolicy.java:meetCriteria(91)) - Pipeline Placement: Doesn't meet the criteria to be viable node. Heaviness: 6
2019-09-12 10:33:00,399 [grpc-default-executor-1] INFO  impl.RaftServerProxy (RaftServerProxy.java:addNew(89)) - 31c45c5a-0c90-4266-9947-1c7c078b7ec4: addNew group-D9460205025E:[31c45c5a-0c90-4266-9947-1c7c078b7ec4:192.168.157.195:42694] returns group-D9460205025E:java.util.concurrent.CompletableFuture@75ac373d[Not completed]
2019-09-12 10:33:00,400 [pool-71-thread-1] INFO  impl.RaftServerImpl (RaftServerImpl.java:<init>(93)) - 31c45c5a-0c90-4266-9947-1c7c078b7ec4: new RaftServerImpl for group-D9460205025E:[31c45c5a-0c90-4266-9947-1c7c078b7ec4:192.168.157.195:42694] with ContainerStateMachine:uninitialized
2019-09-12 10:33:00,400 [pool-71-thread-1] INFO  server.RaftServerConfigKeys (ConfUtils.java:logGet(43)) - raft.server.rpc.timeout.min = 5s (custom)
2019-09-12 10:33:00,400 [pool-71-thread-1] INFO  server.RaftServerConfigKeys (ConfUtils.java:logGet(43)) - raft.server.rpc.timeout.max = 5200ms (custom)
2019-09-12 10:33:00,400 [pool-71-thread-1] INFO  server.RaftServerConfigKeys (ConfUtils.java:logGet(43)) - raft.server.rpcslowness.timeout = 120s (custom)
2019-09-12 10:33:00,401 [pool-71-thread-1] INFO  server.RaftServerConfigKeys (ConfUtils.java:logGet(43)) - raft.server.sleep.deviation.threshold = 300 (default)
2019-09-12 10:33:00,401 [pool-71-thread-1] INFO  server.RaftServerConfigKeys (ConfUtils.java:logGet(43)) - raft.server.log.appender.install.snapshot.enabled = false (custom)
2019-09-12 10:33:00,401 [pool-71-thread-1] INFO  impl.RaftServerImpl (ServerState.java:<init>(105)) - 31c45c5a-0c90-4266-9947-1c7c078b7ec4:group-D9460205025E ConfigurationManager, init=-1: [31c45c5a-0c90-4266-9947-1c7c078b7ec4:192.168.157.195:42694], old=null, confs=<EMPTY_MAP>
2019-09-12 10:33:00,401 [pool-71-thread-1] INFO  server.RaftServerConfigKeys (ConfUtils.java:logGet(43)) - raft.server.storage.dir = [/workdir/hadoop-ozone/integration-test/target/test-dir/MiniOzoneClusterImpl-5ecceb84-7f52-4627-9972-1a459b519b1f/datanode-4/data/ratis] (custom)
2019-09-12 10:33:00,401 [pool-71-thread-1] INFO  storage.RaftStorageDirectory (RaftStorageDirectory.java:analyzeStorage(246)) - The storage directory /workdir/hadoop-ozone/integration-test/target/test-dir/MiniOzoneClusterImpl-5ecceb84-7f52-4627-9972-1a459b519b1f/datanode-4/data/ratis/9d57e1e7-9e50-4476-8c41-d9460205025e does not exist. Creating ...
2019-09-12 10:33:00,413 [Thread-237] INFO  container.ReplicationManager (ReplicationManager.java:start(151)) - Starting Replication Monitor Thread.
2019-09-12 10:33:00,414 [pool-71-thread-1] INFO  storage.RaftStorageDirectory (RaftStorageDirectory.java:tryLock(328)) - Lock on /workdir/hadoop-ozone/integration-test/target/test-dir/MiniOzoneClusterImpl-5ecceb84-7f52-4627-9972-1a459b519b1f/datanode-4/data/ratis/9d57e1e7-9e50-4476-8c41-d9460205025e/in_use.lock acquired by nodename 32653@pr-hdds-1569-xtfnx-3545843844
2019-09-12 10:33:00,415 [ReplicationMonitor] INFO  container.ReplicationManager (ReplicationManager.java:run(214)) - Replication Monitor Thread took 0 milliseconds for processing 0 containers.
2019-09-12 10:33:00,427 [pool-71-thread-1] INFO  storage.RaftStorage (RaftStorage.java:format(72)) - Storage directory /workdir/hadoop-ozone/integration-test/target/test-dir/MiniOzoneClusterImpl-5ecceb84-7f52-4627-9972-1a459b519b1f/datanode-4/data/ratis/9d57e1e7-9e50-4476-8c41-d9460205025e has been successfully formatted.
2019-09-12 10:33:00,427 [pool-71-thread-1] INFO  ratis.ContainerStateMachine (ContainerStateMachine.java:loadSnapshot(226)) - group-D9460205025E: The snapshot info is null. Setting the last applied indexto:(t:0, i:~)
2019-09-12 10:33:00,427 [pool-71-thread-1] INFO  server.RaftServerConfigKeys (ConfUtils.java:logGet(43)) - raft.server.leader.election.timeout = 120s (custom)
2019-09-12 10:33:00,427 [pool-71-thread-1] INFO  server.RaftServerConfigKeys (ConfUtils.java:logGet(43)) - raft.server.log.use.memory = false (default)
2019-09-12 10:33:00,427 [pool-71-thread-1] INFO  server.RaftServerConfigKeys (ConfUtils.java:logGet(43)) - raft.server.log.purge.gap = 1000000 (custom)
2019-09-12 10:33:00,427 [pool-71-thread-1] INFO  server.RaftServerConfigKeys (ConfUtils.java:logGet(43)) - raft.server.log.appender.buffer.byte-limit = 33554432 (custom)
2019-09-12 10:33:00,428 [pool-71-thread-1] INFO  server.RaftServerConfigKeys (ConfUtils.java:logGet(43)) - raft.server.log.segment.size.max = 1048576 (custom)
2019-09-12 10:33:00,428 [pool-71-thread-1] INFO  server.RaftServerConfigKeys (ConfUtils.java:logGet(43)) - raft.server.log.segment.cache.num.max = 2 (custom)
2019-09-12 10:33:00,428 [pool-71-thread-1] INFO  segmented.SegmentedRaftLogWorker (SegmentedRaftLogWorker.java:<init>(172)) - new 31c45c5a-0c90-4266-9947-1c7c078b7ec4-SegmentedRaftLogWorker:Storage Directory /workdir/hadoop-ozone/integration-test/target/test-dir/MiniOzoneClusterImpl-5ecceb84-7f52-4627-9972-1a459b519b1f/datanode-4/data/ratis/9d57e1e7-9e50-4476-8c41-d9460205025e for RaftStorage:Storage Directory /workdir/hadoop-ozone/integration-test/target/test-dir/MiniOzoneClusterImpl-5ecceb84-7f52-4627-9972-1a459b519b1f/datanode-4/data/ratis/9d57e1e7-9e50-4476-8c41-d9460205025e
2019-09-12 10:33:00,428 [pool-71-thread-1] INFO  server.RaftServerConfigKeys (ConfUtils.java:logGet(43)) - raft.server.log.queue.byte-limit = 2147483647 (custom)
2019-09-12 10:33:00,428 [pool-71-thread-1] INFO  server.RaftServerConfigKeys (ConfUtils.java:logGet(43)) - raft.server.log.queue.element-limit = 1024 (custom)
2019-09-12 10:33:00,428 [pool-71-thread-1] INFO  server.RaftServerConfigKeys (ConfUtils.java:logGet(43)) - raft.server.log.segment.size.max = 1048576 (custom)
2019-09-12 10:33:00,428 [pool-71-thread-1] INFO  server.RaftServerConfigKeys (ConfUtils.java:logGet(43)) - raft.server.log.preallocated.size = 16384 (custom)
2019-09-12 10:33:00,429 [pool-71-thread-1] INFO  server.RaftServerConfigKeys (ConfUtils.java:logGet(43)) - raft.server.log.write.buffer.size = 33554432 (custom)
2019-09-12 10:33:00,429 [pool-71-thread-1] INFO  server.RaftServerConfigKeys (ConfUtils.java:logGet(43)) - raft.server.log.force.sync.num = 128 (default)
2019-09-12 10:33:00,429 [pool-71-thread-1] INFO  server.RaftServerConfigKeys (ConfUtils.java:logGet(43)) - raft.server.log.statemachine.data.sync = true (default)
2019-09-12 10:33:00,429 [pool-71-thread-1] INFO  server.RaftServerConfigKeys (ConfUtils.java:logGet(43)) - raft.server.log.statemachine.data.sync.timeout = 10s (default)
2019-09-12 10:33:00,429 [pool-71-thread-1] INFO  server.RaftServerConfigKeys (ConfUtils.java:logGet(43)) - raft.server.log.statemachine.data.sync.timeout.retry = -1 (default)
2019-09-12 10:33:00,429 [pool-71-thread-1] INFO  server.RaftServerConfigKeys (ConfUtils.java:logGet(43)) - raft.server.log.statemachine.data.caching.enabled = true (custom)
2019-09-12 10:33:00,430 [pool-71-thread-1] INFO  segmented.SegmentedRaftLogWorker (SegmentedRaftLogWorker.java:lambda$new$0(132)) - 31c45c5a-0c90-4266-9947-1c7c078b7ec4-SegmentedRaftLogWorker:Storage Directory /workdir/hadoop-ozone/integration-test/target/test-dir/MiniOzoneClusterImpl-5ecceb84-7f52-4627-9972-1a459b519b1f/datanode-4/data/ratis/9d57e1e7-9e50-4476-8c41-d9460205025e: flushIndex: setUnconditionally 0 -> -1
2019-09-12 10:33:00,430 [pool-71-thread-1] INFO  server.RaftServerConfigKeys (ConfUtils.java:logGet(43)) - raft.server.snapshot.auto.trigger.enabled = true (custom)
2019-09-12 10:33:00,430 [pool-71-thread-1] INFO  server.RaftServerConfigKeys (ConfUtils.java:logGet(43)) - raft.server.snapshot.auto.trigger.threshold = 10000 (custom)
2019-09-12 10:33:00,430 [pool-71-thread-1] INFO  server.RaftServerConfigKeys (ConfUtils.java:logGet(43)) - raft.server.retrycache.expirytime = 600000ms (custom)
2019-09-12 10:33:00,430 [pool-71-thread-1] INFO  impl.RaftServerImpl (RaftServerImpl.java:start(180)) - 31c45c5a-0c90-4266-9947-1c7c078b7ec4: start group-D9460205025E
2019-09-12 10:33:00,431 [pool-71-thread-1] INFO  impl.RaftServerImpl (RaftServerImpl.java:setRole(171)) - 31c45c5a-0c90-4266-9947-1c7c078b7ec4:group-D9460205025E changes role from null to FOLLOWER at term 0 for startAsFollower
2019-09-12 10:33:00,431 [pool-71-thread-1] INFO  impl.RoleInfo (RoleInfo.java:updateAndGet(143)) - 31c45c5a-0c90-4266-9947-1c7c078b7ec4: start FollowerState
2019-09-12 10:33:00,431 [pool-71-thread-1] INFO  util.JmxRegister (JmxRegister.java:tryRegister(44)) - Successfully registered JMX Bean with object name Ratis:service=RaftServer,group=group-D9460205025E,id=31c45c5a-0c90-4266-9947-1c7c078b7ec4
2019-09-12 10:33:00,436 [RatisPipelineUtilsThread] INFO  pipeline.PipelineStateManager (PipelineStateManager.java:addPipeline(56)) - Created pipeline Pipeline[ Id: 9d57e1e7-9e50-4476-8c41-d9460205025e, Nodes: 31c45c5a-0c90-4266-9947-1c7c078b7ec4{ip: 192.168.157.195, host: pr-hdds-1569-xtfnx-3545843844, networkLocation: /default-rack, certSerialId: null}, Type:RATIS, Factor:ONE, State:OPEN]
2019-09-12 10:33:00,438 [RatisPipelineUtilsThread] ERROR pipeline.PipelinePlacementPolicy (PipelinePlacementPolicy.java:meetCriteria(91)) - Pipeline Placement: Doesn't meet the criteria to be viable node. Heaviness: 6
2019-09-12 10:33:00,443 | INFO  | SCMAudit | user=jenkins1000 | ip=192.168.157.195 | op=SEND_HEARTBEAT {datanodeUUID=81ee34d7-b83f-41e3-b846-e574d684802c, command=[]} | ret=SUCCESS |  
2019-09-12 10:33:00,452 [grpc-default-executor-1] INFO  impl.RaftServerProxy (RaftServerProxy.java:addNew(89)) - 6d8e2272-d3cb-43aa-845f-9a021007c4ce: addNew group-81C52C20DF7D:[6d8e2272-d3cb-43aa-845f-9a021007c4ce:192.168.157.195:46389] returns group-81C52C20DF7D:java.util.concurrent.CompletableFuture@3a51cf1e[Not completed]
2019-09-12 10:33:00,453 [pool-27-thread-1] INFO  impl.RaftServerImpl (RaftServerImpl.java:<init>(93)) - 6d8e2272-d3cb-43aa-845f-9a021007c4ce: new RaftServerImpl for group-81C52C20DF7D:[6d8e2272-d3cb-43aa-845f-9a021007c4ce:192.168.157.195:46389] with ContainerStateMachine:uninitialized
2019-09-12 10:33:00,453 [pool-27-thread-1] INFO  server.RaftServerConfigKeys (ConfUtils.java:logGet(43)) - raft.server.rpc.timeout.min = 5s (custom)
2019-09-12 10:33:00,453 [pool-27-thread-1] INFO  server.RaftServerConfigKeys (ConfUtils.java:logGet(43)) - raft.server.rpc.timeout.max = 5200ms (custom)
2019-09-12 10:33:00,453 [pool-27-thread-1] INFO  server.RaftServerConfigKeys (ConfUtils.java:logGet(43)) - raft.server.rpcslowness.timeout = 120s (custom)
2019-09-12 10:33:00,453 [pool-27-thread-1] INFO  server.RaftServerConfigKeys (ConfUtils.java:logGet(43)) - raft.server.sleep.deviation.threshold = 300 (default)
2019-09-12 10:33:00,454 [pool-27-thread-1] INFO  server.RaftServerConfigKeys (ConfUtils.java:logGet(43)) - raft.server.log.appender.install.snapshot.enabled = false (custom)
2019-09-12 10:33:00,454 [pool-27-thread-1] INFO  impl.RaftServerImpl (ServerState.java:<init>(105)) - 6d8e2272-d3cb-43aa-845f-9a021007c4ce:group-81C52C20DF7D ConfigurationManager, init=-1: [6d8e2272-d3cb-43aa-845f-9a021007c4ce:192.168.157.195:46389], old=null, confs=<EMPTY_MAP>
2019-09-12 10:33:00,454 [pool-27-thread-1] INFO  server.RaftServerConfigKeys (ConfUtils.java:logGet(43)) - raft.server.storage.dir = [/workdir/hadoop-ozone/integration-test/target/test-dir/MiniOzoneClusterImpl-5ecceb84-7f52-4627-9972-1a459b519b1f/datanode-0/data/ratis] (custom)
2019-09-12 10:33:00,454 [pool-27-thread-1] INFO  storage.RaftStorageDirectory (RaftStorageDirectory.java:analyzeStorage(246)) - The storage directory /workdir/hadoop-ozone/integration-test/target/test-dir/MiniOzoneClusterImpl-5ecceb84-7f52-4627-9972-1a459b519b1f/datanode-0/data/ratis/8806b161-482a-4415-9956-81c52c20df7d does not exist. Creating ...
2019-09-12 10:33:00,485 [pool-27-thread-1] INFO  storage.RaftStorageDirectory (RaftStorageDirectory.java:tryLock(328)) - Lock on /workdir/hadoop-ozone/integration-test/target/test-dir/MiniOzoneClusterImpl-5ecceb84-7f52-4627-9972-1a459b519b1f/datanode-0/data/ratis/8806b161-482a-4415-9956-81c52c20df7d/in_use.lock acquired by nodename 32653@pr-hdds-1569-xtfnx-3545843844
2019-09-12 10:33:00,499 [pool-27-thread-1] INFO  storage.RaftStorage (RaftStorage.java:format(72)) - Storage directory /workdir/hadoop-ozone/integration-test/target/test-dir/MiniOzoneClusterImpl-5ecceb84-7f52-4627-9972-1a459b519b1f/datanode-0/data/ratis/8806b161-482a-4415-9956-81c52c20df7d has been successfully formatted.
2019-09-12 10:33:00,499 [pool-27-thread-1] INFO  ratis.ContainerStateMachine (ContainerStateMachine.java:loadSnapshot(226)) - group-81C52C20DF7D: The snapshot info is null. Setting the last applied indexto:(t:0, i:~)
2019-09-12 10:33:00,499 [pool-27-thread-1] INFO  server.RaftServerConfigKeys (ConfUtils.java:logGet(43)) - raft.server.leader.election.timeout = 120s (custom)
2019-09-12 10:33:00,499 [pool-27-thread-1] INFO  server.RaftServerConfigKeys (ConfUtils.java:logGet(43)) - raft.server.log.use.memory = false (default)
2019-09-12 10:33:00,499 [pool-27-thread-1] INFO  server.RaftServerConfigKeys (ConfUtils.java:logGet(43)) - raft.server.log.purge.gap = 1000000 (custom)
2019-09-12 10:33:00,499 [pool-27-thread-1] INFO  server.RaftServerConfigKeys (ConfUtils.java:logGet(43)) - raft.server.log.appender.buffer.byte-limit = 33554432 (custom)
2019-09-12 10:33:00,500 [pool-27-thread-1] INFO  server.RaftServerConfigKeys (ConfUtils.java:logGet(43)) - raft.server.log.segment.size.max = 1048576 (custom)
2019-09-12 10:33:00,500 [pool-27-thread-1] INFO  server.RaftServerConfigKeys (ConfUtils.java:logGet(43)) - raft.server.log.segment.cache.num.max = 2 (custom)
2019-09-12 10:33:00,500 [pool-27-thread-1] INFO  segmented.SegmentedRaftLogWorker (SegmentedRaftLogWorker.java:<init>(172)) - new 6d8e2272-d3cb-43aa-845f-9a021007c4ce-SegmentedRaftLogWorker:Storage Directory /workdir/hadoop-ozone/integration-test/target/test-dir/MiniOzoneClusterImpl-5ecceb84-7f52-4627-9972-1a459b519b1f/datanode-0/data/ratis/8806b161-482a-4415-9956-81c52c20df7d for RaftStorage:Storage Directory /workdir/hadoop-ozone/integration-test/target/test-dir/MiniOzoneClusterImpl-5ecceb84-7f52-4627-9972-1a459b519b1f/datanode-0/data/ratis/8806b161-482a-4415-9956-81c52c20df7d
2019-09-12 10:33:00,500 [pool-27-thread-1] INFO  server.RaftServerConfigKeys (ConfUtils.java:logGet(43)) - raft.server.log.queue.byte-limit = 2147483647 (custom)
2019-09-12 10:33:00,500 [pool-27-thread-1] INFO  server.RaftServerConfigKeys (ConfUtils.java:logGet(43)) - raft.server.log.queue.element-limit = 1024 (custom)
2019-09-12 10:33:00,500 [pool-27-thread-1] INFO  server.RaftServerConfigKeys (ConfUtils.java:logGet(43)) - raft.server.log.segment.size.max = 1048576 (custom)
2019-09-12 10:33:00,501 [pool-27-thread-1] INFO  server.RaftServerConfigKeys (ConfUtils.java:logGet(43)) - raft.server.log.preallocated.size = 16384 (custom)
2019-09-12 10:33:00,501 [pool-27-thread-1] INFO  server.RaftServerConfigKeys (ConfUtils.java:logGet(43)) - raft.server.log.write.buffer.size = 33554432 (custom)
2019-09-12 10:33:00,501 [pool-27-thread-1] INFO  server.RaftServerConfigKeys (ConfUtils.java:logGet(43)) - raft.server.log.force.sync.num = 128 (default)
2019-09-12 10:33:00,501 [pool-27-thread-1] INFO  server.RaftServerConfigKeys (ConfUtils.java:logGet(43)) - raft.server.log.statemachine.data.sync = true (default)
2019-09-12 10:33:00,501 [pool-27-thread-1] INFO  server.RaftServerConfigKeys (ConfUtils.java:logGet(43)) - raft.server.log.statemachine.data.sync.timeout = 10s (default)
2019-09-12 10:33:00,501 [pool-27-thread-1] INFO  server.RaftServerConfigKeys (ConfUtils.java:logGet(43)) - raft.server.log.statemachine.data.sync.timeout.retry = -1 (default)
2019-09-12 10:33:00,501 [pool-27-thread-1] INFO  server.RaftServerConfigKeys (ConfUtils.java:logGet(43)) - raft.server.log.statemachine.data.caching.enabled = true (custom)
2019-09-12 10:33:00,502 [pool-27-thread-1] INFO  segmented.SegmentedRaftLogWorker (SegmentedRaftLogWorker.java:lambda$new$0(132)) - 6d8e2272-d3cb-43aa-845f-9a021007c4ce-SegmentedRaftLogWorker:Storage Directory /workdir/hadoop-ozone/integration-test/target/test-dir/MiniOzoneClusterImpl-5ecceb84-7f52-4627-9972-1a459b519b1f/datanode-0/data/ratis/8806b161-482a-4415-9956-81c52c20df7d: flushIndex: setUnconditionally 0 -> -1
2019-09-12 10:33:00,502 [pool-27-thread-1] INFO  server.RaftServerConfigKeys (ConfUtils.java:logGet(43)) - raft.server.snapshot.auto.trigger.enabled = true (custom)
2019-09-12 10:33:00,502 [pool-27-thread-1] INFO  server.RaftServerConfigKeys (ConfUtils.java:logGet(43)) - raft.server.snapshot.auto.trigger.threshold = 10000 (custom)
2019-09-12 10:33:00,503 [pool-27-thread-1] INFO  server.RaftServerConfigKeys (ConfUtils.java:logGet(43)) - raft.server.retrycache.expirytime = 600000ms (custom)
2019-09-12 10:33:00,503 [pool-27-thread-1] INFO  impl.RaftServerImpl (RaftServerImpl.java:start(180)) - 6d8e2272-d3cb-43aa-845f-9a021007c4ce: start group-81C52C20DF7D
2019-09-12 10:33:00,503 [pool-27-thread-1] INFO  impl.RaftServerImpl (RaftServerImpl.java:setRole(171)) - 6d8e2272-d3cb-43aa-845f-9a021007c4ce:group-81C52C20DF7D changes role from null to FOLLOWER at term 0 for startAsFollower
2019-09-12 10:33:00,504 [pool-27-thread-1] INFO  impl.RoleInfo (RoleInfo.java:updateAndGet(143)) - 6d8e2272-d3cb-43aa-845f-9a021007c4ce: start FollowerState
2019-09-12 10:33:00,504 [pool-27-thread-1] INFO  util.JmxRegister (JmxRegister.java:tryRegister(44)) - Successfully registered JMX Bean with object name Ratis:service=RaftServer,group=group-81C52C20DF7D,id=6d8e2272-d3cb-43aa-845f-9a021007c4ce
2019-09-12 10:33:00,509 [RatisPipelineUtilsThread] INFO  pipeline.PipelineStateManager (PipelineStateManager.java:addPipeline(56)) - Created pipeline Pipeline[ Id: 8806b161-482a-4415-9956-81c52c20df7d, Nodes: 6d8e2272-d3cb-43aa-845f-9a021007c4ce{ip: 192.168.157.195, host: pr-hdds-1569-xtfnx-3545843844, networkLocation: /default-rack, certSerialId: null}, Type:RATIS, Factor:ONE, State:OPEN]
2019-09-12 10:33:00,511 [RatisPipelineUtilsThread] ERROR pipeline.PipelinePlacementPolicy (PipelinePlacementPolicy.java:meetCriteria(91)) - Pipeline Placement: Doesn't meet the criteria to be viable node. Heaviness: 6
2019-09-12 10:33:00,512 [RatisPipelineUtilsThread] ERROR pipeline.PipelinePlacementPolicy (PipelinePlacementPolicy.java:meetCriteria(91)) - Pipeline Placement: Doesn't meet the criteria to be viable node. Heaviness: 6
2019-09-12 10:33:00,522 [grpc-default-executor-1] INFO  impl.RaftServerProxy (RaftServerProxy.java:addNew(89)) - 6d26f522-fe03-4a67-aa48-7af853b41a99: addNew group-506C39E0359F:[6d26f522-fe03-4a67-aa48-7af853b41a99:192.168.157.195:44863] returns group-506C39E0359F:java.util.concurrent.CompletableFuture@ee4a934[Not completed]
2019-09-12 10:33:00,523 [pool-38-thread-1] INFO  impl.RaftServerImpl (RaftServerImpl.java:<init>(93)) - 6d26f522-fe03-4a67-aa48-7af853b41a99: new RaftServerImpl for group-506C39E0359F:[6d26f522-fe03-4a67-aa48-7af853b41a99:192.168.157.195:44863] with ContainerStateMachine:uninitialized
2019-09-12 10:33:00,524 [pool-38-thread-1] INFO  server.RaftServerConfigKeys (ConfUtils.java:logGet(43)) - raft.server.rpc.timeout.min = 5s (custom)
2019-09-12 10:33:00,524 [pool-38-thread-1] INFO  server.RaftServerConfigKeys (ConfUtils.java:logGet(43)) - raft.server.rpc.timeout.max = 5200ms (custom)
2019-09-12 10:33:00,524 [pool-38-thread-1] INFO  server.RaftServerConfigKeys (ConfUtils.java:logGet(43)) - raft.server.rpcslowness.timeout = 120s (custom)
2019-09-12 10:33:00,524 [pool-38-thread-1] INFO  server.RaftServerConfigKeys (ConfUtils.java:logGet(43)) - raft.server.sleep.deviation.threshold = 300 (default)
2019-09-12 10:33:00,524 [pool-38-thread-1] INFO  server.RaftServerConfigKeys (ConfUtils.java:logGet(43)) - raft.server.log.appender.install.snapshot.enabled = false (custom)
2019-09-12 10:33:00,525 [pool-38-thread-1] INFO  impl.RaftServerImpl (ServerState.java:<init>(105)) - 6d26f522-fe03-4a67-aa48-7af853b41a99:group-506C39E0359F ConfigurationManager, init=-1: [6d26f522-fe03-4a67-aa48-7af853b41a99:192.168.157.195:44863], old=null, confs=<EMPTY_MAP>
2019-09-12 10:33:00,525 [pool-38-thread-1] INFO  server.RaftServerConfigKeys (ConfUtils.java:logGet(43)) - raft.server.storage.dir = [/workdir/hadoop-ozone/integration-test/target/test-dir/MiniOzoneClusterImpl-5ecceb84-7f52-4627-9972-1a459b519b1f/datanode-1/data/ratis] (custom)
2019-09-12 10:33:00,525 [pool-38-thread-1] INFO  storage.RaftStorageDirectory (RaftStorageDirectory.java:analyzeStorage(246)) - The storage directory /workdir/hadoop-ozone/integration-test/target/test-dir/MiniOzoneClusterImpl-5ecceb84-7f52-4627-9972-1a459b519b1f/datanode-1/data/ratis/39b35335-ed04-4ed6-8744-506c39e0359f does not exist. Creating ...
2019-09-12 10:33:00,540 [pool-38-thread-1] INFO  storage.RaftStorageDirectory (RaftStorageDirectory.java:tryLock(328)) - Lock on /workdir/hadoop-ozone/integration-test/target/test-dir/MiniOzoneClusterImpl-5ecceb84-7f52-4627-9972-1a459b519b1f/datanode-1/data/ratis/39b35335-ed04-4ed6-8744-506c39e0359f/in_use.lock acquired by nodename 32653@pr-hdds-1569-xtfnx-3545843844
2019-09-12 10:33:00,552 [pool-38-thread-1] INFO  storage.RaftStorage (RaftStorage.java:format(72)) - Storage directory /workdir/hadoop-ozone/integration-test/target/test-dir/MiniOzoneClusterImpl-5ecceb84-7f52-4627-9972-1a459b519b1f/datanode-1/data/ratis/39b35335-ed04-4ed6-8744-506c39e0359f has been successfully formatted.
2019-09-12 10:33:00,553 [pool-38-thread-1] INFO  ratis.ContainerStateMachine (ContainerStateMachine.java:loadSnapshot(226)) - group-506C39E0359F: The snapshot info is null. Setting the last applied indexto:(t:0, i:~)
2019-09-12 10:33:00,553 [pool-38-thread-1] INFO  server.RaftServerConfigKeys (ConfUtils.java:logGet(43)) - raft.server.leader.election.timeout = 120s (custom)
2019-09-12 10:33:00,555 [pool-38-thread-1] INFO  server.RaftServerConfigKeys (ConfUtils.java:logGet(43)) - raft.server.log.use.memory = false (default)
2019-09-12 10:33:00,555 [pool-38-thread-1] INFO  server.RaftServerConfigKeys (ConfUtils.java:logGet(43)) - raft.server.log.purge.gap = 1000000 (custom)
2019-09-12 10:33:00,556 [pool-38-thread-1] INFO  server.RaftServerConfigKeys (ConfUtils.java:logGet(43)) - raft.server.log.appender.buffer.byte-limit = 33554432 (custom)
2019-09-12 10:33:00,556 [pool-38-thread-1] INFO  server.RaftServerConfigKeys (ConfUtils.java:logGet(43)) - raft.server.log.segment.size.max = 1048576 (custom)
2019-09-12 10:33:00,556 [pool-38-thread-1] INFO  server.RaftServerConfigKeys (ConfUtils.java:logGet(43)) - raft.server.log.segment.cache.num.max = 2 (custom)
2019-09-12 10:33:00,556 | INFO  | SCMAudit | user=jenkins1000 | ip=192.168.157.195 | op=SEND_HEARTBEAT {datanodeUUID=6d26f522-fe03-4a67-aa48-7af853b41a99, command=[]} | ret=SUCCESS |  
2019-09-12 10:33:00,556 [pool-38-thread-1] INFO  segmented.SegmentedRaftLogWorker (SegmentedRaftLogWorker.java:<init>(172)) - new 6d26f522-fe03-4a67-aa48-7af853b41a99-SegmentedRaftLogWorker:Storage Directory /workdir/hadoop-ozone/integration-test/target/test-dir/MiniOzoneClusterImpl-5ecceb84-7f52-4627-9972-1a459b519b1f/datanode-1/data/ratis/39b35335-ed04-4ed6-8744-506c39e0359f for RaftStorage:Storage Directory /workdir/hadoop-ozone/integration-test/target/test-dir/MiniOzoneClusterImpl-5ecceb84-7f52-4627-9972-1a459b519b1f/datanode-1/data/ratis/39b35335-ed04-4ed6-8744-506c39e0359f
2019-09-12 10:33:00,556 [pool-38-thread-1] INFO  server.RaftServerConfigKeys (ConfUtils.java:logGet(43)) - raft.server.log.queue.byte-limit = 2147483647 (custom)
2019-09-12 10:33:00,557 [pool-38-thread-1] INFO  server.RaftServerConfigKeys (ConfUtils.java:logGet(43)) - raft.server.log.queue.element-limit = 1024 (custom)
2019-09-12 10:33:00,557 [pool-38-thread-1] INFO  server.RaftServerConfigKeys (ConfUtils.java:logGet(43)) - raft.server.log.segment.size.max = 1048576 (custom)
2019-09-12 10:33:00,557 [pool-38-thread-1] INFO  server.RaftServerConfigKeys (ConfUtils.java:logGet(43)) - raft.server.log.preallocated.size = 16384 (custom)
2019-09-12 10:33:00,557 [pool-38-thread-1] INFO  server.RaftServerConfigKeys (ConfUtils.java:logGet(43)) - raft.server.log.write.buffer.size = 33554432 (custom)
2019-09-12 10:33:00,557 [pool-38-thread-1] INFO  server.RaftServerConfigKeys (ConfUtils.java:logGet(43)) - raft.server.log.force.sync.num = 128 (default)
2019-09-12 10:33:00,557 [pool-38-thread-1] INFO  server.RaftServerConfigKeys (ConfUtils.java:logGet(43)) - raft.server.log.statemachine.data.sync = true (default)
2019-09-12 10:33:00,558 [pool-38-thread-1] INFO  server.RaftServerConfigKeys (ConfUtils.java:logGet(43)) - raft.server.log.statemachine.data.sync.timeout = 10s (default)
2019-09-12 10:33:00,558 [pool-38-thread-1] INFO  server.RaftServerConfigKeys (ConfUtils.java:logGet(43)) - raft.server.log.statemachine.data.sync.timeout.retry = -1 (default)
2019-09-12 10:33:00,558 [pool-38-thread-1] INFO  server.RaftServerConfigKeys (ConfUtils.java:logGet(43)) - raft.server.log.statemachine.data.caching.enabled = true (custom)
2019-09-12 10:33:00,558 [pool-38-thread-1] INFO  segmented.SegmentedRaftLogWorker (SegmentedRaftLogWorker.java:lambda$new$0(132)) - 6d26f522-fe03-4a67-aa48-7af853b41a99-SegmentedRaftLogWorker:Storage Directory /workdir/hadoop-ozone/integration-test/target/test-dir/MiniOzoneClusterImpl-5ecceb84-7f52-4627-9972-1a459b519b1f/datanode-1/data/ratis/39b35335-ed04-4ed6-8744-506c39e0359f: flushIndex: setUnconditionally 0 -> -1
2019-09-12 10:33:00,559 [pool-38-thread-1] INFO  server.RaftServerConfigKeys (ConfUtils.java:logGet(43)) - raft.server.snapshot.auto.trigger.enabled = true (custom)
2019-09-12 10:33:00,559 [pool-38-thread-1] INFO  server.RaftServerConfigKeys (ConfUtils.java:logGet(43)) - raft.server.snapshot.auto.trigger.threshold = 10000 (custom)
2019-09-12 10:33:00,559 [pool-38-thread-1] INFO  server.RaftServerConfigKeys (ConfUtils.java:logGet(43)) - raft.server.retrycache.expirytime = 600000ms (custom)
2019-09-12 10:33:00,559 [pool-38-thread-1] INFO  impl.RaftServerImpl (RaftServerImpl.java:start(180)) - 6d26f522-fe03-4a67-aa48-7af853b41a99: start group-506C39E0359F
2019-09-12 10:33:00,560 [pool-38-thread-1] INFO  impl.RaftServerImpl (RaftServerImpl.java:setRole(171)) - 6d26f522-fe03-4a67-aa48-7af853b41a99:group-506C39E0359F changes role from null to FOLLOWER at term 0 for startAsFollower
2019-09-12 10:33:00,560 [pool-38-thread-1] INFO  impl.RoleInfo (RoleInfo.java:updateAndGet(143)) - 6d26f522-fe03-4a67-aa48-7af853b41a99: start FollowerState
2019-09-12 10:33:00,560 [pool-38-thread-1] INFO  util.JmxRegister (JmxRegister.java:tryRegister(44)) - Successfully registered JMX Bean with object name Ratis:service=RaftServer,group=group-506C39E0359F,id=6d26f522-fe03-4a67-aa48-7af853b41a99
2019-09-12 10:33:00,566 [RatisPipelineUtilsThread] INFO  pipeline.PipelineStateManager (PipelineStateManager.java:addPipeline(56)) - Created pipeline Pipeline[ Id: 39b35335-ed04-4ed6-8744-506c39e0359f, Nodes: 6d26f522-fe03-4a67-aa48-7af853b41a99{ip: 192.168.157.195, host: pr-hdds-1569-xtfnx-3545843844, networkLocation: /default-rack, certSerialId: null}, Type:RATIS, Factor:ONE, State:OPEN]
2019-09-12 10:33:00,569 [RatisPipelineUtilsThread] ERROR pipeline.PipelinePlacementPolicy (PipelinePlacementPolicy.java:meetCriteria(91)) - Pipeline Placement: Doesn't meet the criteria to be viable node. Heaviness: 6
2019-09-12 10:33:00,569 [RatisPipelineUtilsThread] ERROR pipeline.PipelinePlacementPolicy (PipelinePlacementPolicy.java:meetCriteria(91)) - Pipeline Placement: Doesn't meet the criteria to be viable node. Heaviness: 6
2019-09-12 10:33:00,579 [grpc-default-executor-1] INFO  impl.RaftServerProxy (RaftServerProxy.java:addNew(89)) - 6d26f522-fe03-4a67-aa48-7af853b41a99: addNew group-1431AA8646CB:[6d26f522-fe03-4a67-aa48-7af853b41a99:192.168.157.195:44863] returns group-1431AA8646CB:java.util.concurrent.CompletableFuture@e07cc35[Not completed]
2019-09-12 10:33:00,581 [pool-38-thread-1] INFO  impl.RaftServerImpl (RaftServerImpl.java:<init>(93)) - 6d26f522-fe03-4a67-aa48-7af853b41a99: new RaftServerImpl for group-1431AA8646CB:[6d26f522-fe03-4a67-aa48-7af853b41a99:192.168.157.195:44863] with ContainerStateMachine:uninitialized
2019-09-12 10:33:00,581 [pool-38-thread-1] INFO  server.RaftServerConfigKeys (ConfUtils.java:logGet(43)) - raft.server.rpc.timeout.min = 5s (custom)
2019-09-12 10:33:00,581 [pool-38-thread-1] INFO  server.RaftServerConfigKeys (ConfUtils.java:logGet(43)) - raft.server.rpc.timeout.max = 5200ms (custom)
2019-09-12 10:33:00,581 [pool-38-thread-1] INFO  server.RaftServerConfigKeys (ConfUtils.java:logGet(43)) - raft.server.rpcslowness.timeout = 120s (custom)
2019-09-12 10:33:00,582 [pool-38-thread-1] INFO  server.RaftServerConfigKeys (ConfUtils.java:logGet(43)) - raft.server.sleep.deviation.threshold = 300 (default)
2019-09-12 10:33:00,582 [pool-38-thread-1] INFO  server.RaftServerConfigKeys (ConfUtils.java:logGet(43)) - raft.server.log.appender.install.snapshot.enabled = false (custom)
2019-09-12 10:33:00,582 [pool-38-thread-1] INFO  impl.RaftServerImpl (ServerState.java:<init>(105)) - 6d26f522-fe03-4a67-aa48-7af853b41a99:group-1431AA8646CB ConfigurationManager, init=-1: [6d26f522-fe03-4a67-aa48-7af853b41a99:192.168.157.195:44863], old=null, confs=<EMPTY_MAP>
2019-09-12 10:33:00,582 [pool-38-thread-1] INFO  server.RaftServerConfigKeys (ConfUtils.java:logGet(43)) - raft.server.storage.dir = [/workdir/hadoop-ozone/integration-test/target/test-dir/MiniOzoneClusterImpl-5ecceb84-7f52-4627-9972-1a459b519b1f/datanode-1/data/ratis] (custom)
2019-09-12 10:33:00,582 [pool-38-thread-1] INFO  storage.RaftStorageDirectory (RaftStorageDirectory.java:analyzeStorage(246)) - The storage directory /workdir/hadoop-ozone/integration-test/target/test-dir/MiniOzoneClusterImpl-5ecceb84-7f52-4627-9972-1a459b519b1f/datanode-1/data/ratis/29b58073-6088-453f-a5c9-1431aa8646cb does not exist. Creating ...
2019-09-12 10:33:00,595 [pool-38-thread-1] INFO  storage.RaftStorageDirectory (RaftStorageDirectory.java:tryLock(328)) - Lock on /workdir/hadoop-ozone/integration-test/target/test-dir/MiniOzoneClusterImpl-5ecceb84-7f52-4627-9972-1a459b519b1f/datanode-1/data/ratis/29b58073-6088-453f-a5c9-1431aa8646cb/in_use.lock acquired by nodename 32653@pr-hdds-1569-xtfnx-3545843844
2019-09-12 10:33:00,608 [pool-38-thread-1] INFO  storage.RaftStorage (RaftStorage.java:format(72)) - Storage directory /workdir/hadoop-ozone/integration-test/target/test-dir/MiniOzoneClusterImpl-5ecceb84-7f52-4627-9972-1a459b519b1f/datanode-1/data/ratis/29b58073-6088-453f-a5c9-1431aa8646cb has been successfully formatted.
2019-09-12 10:33:00,609 [pool-38-thread-1] INFO  ratis.ContainerStateMachine (ContainerStateMachine.java:loadSnapshot(226)) - group-1431AA8646CB: The snapshot info is null. Setting the last applied indexto:(t:0, i:~)
2019-09-12 10:33:00,609 [pool-38-thread-1] INFO  server.RaftServerConfigKeys (ConfUtils.java:logGet(43)) - raft.server.leader.election.timeout = 120s (custom)
2019-09-12 10:33:00,609 [pool-38-thread-1] INFO  server.RaftServerConfigKeys (ConfUtils.java:logGet(43)) - raft.server.log.use.memory = false (default)
2019-09-12 10:33:00,609 [pool-38-thread-1] INFO  server.RaftServerConfigKeys (ConfUtils.java:logGet(43)) - raft.server.log.purge.gap = 1000000 (custom)
2019-09-12 10:33:00,609 [pool-38-thread-1] INFO  server.RaftServerConfigKeys (ConfUtils.java:logGet(43)) - raft.server.log.appender.buffer.byte-limit = 33554432 (custom)
2019-09-12 10:33:00,609 [pool-38-thread-1] INFO  server.RaftServerConfigKeys (ConfUtils.java:logGet(43)) - raft.server.log.segment.size.max = 1048576 (custom)
2019-09-12 10:33:00,610 [pool-38-thread-1] INFO  server.RaftServerConfigKeys (ConfUtils.java:logGet(43)) - raft.server.log.segment.cache.num.max = 2 (custom)
2019-09-12 10:33:00,610 [pool-38-thread-1] INFO  segmented.SegmentedRaftLogWorker (SegmentedRaftLogWorker.java:<init>(172)) - new 6d26f522-fe03-4a67-aa48-7af853b41a99-SegmentedRaftLogWorker:Storage Directory /workdir/hadoop-ozone/integration-test/target/test-dir/MiniOzoneClusterImpl-5ecceb84-7f52-4627-9972-1a459b519b1f/datanode-1/data/ratis/29b58073-6088-453f-a5c9-1431aa8646cb for RaftStorage:Storage Directory /workdir/hadoop-ozone/integration-test/target/test-dir/MiniOzoneClusterImpl-5ecceb84-7f52-4627-9972-1a459b519b1f/datanode-1/data/ratis/29b58073-6088-453f-a5c9-1431aa8646cb
2019-09-12 10:33:00,610 [pool-38-thread-1] INFO  server.RaftServerConfigKeys (ConfUtils.java:logGet(43)) - raft.server.log.queue.byte-limit = 2147483647 (custom)
2019-09-12 10:33:00,610 [pool-38-thread-1] INFO  server.RaftServerConfigKeys (ConfUtils.java:logGet(43)) - raft.server.log.queue.element-limit = 1024 (custom)
2019-09-12 10:33:00,610 [pool-38-thread-1] INFO  server.RaftServerConfigKeys (ConfUtils.java:logGet(43)) - raft.server.log.segment.size.max = 1048576 (custom)
2019-09-12 10:33:00,610 [pool-38-thread-1] INFO  server.RaftServerConfigKeys (ConfUtils.java:logGet(43)) - raft.server.log.preallocated.size = 16384 (custom)
2019-09-12 10:33:00,611 [pool-38-thread-1] INFO  server.RaftServerConfigKeys (ConfUtils.java:logGet(43)) - raft.server.log.write.buffer.size = 33554432 (custom)
2019-09-12 10:33:00,611 [pool-38-thread-1] INFO  server.RaftServerConfigKeys (ConfUtils.java:logGet(43)) - raft.server.log.force.sync.num = 128 (default)
2019-09-12 10:33:00,611 [pool-38-thread-1] INFO  server.RaftServerConfigKeys (ConfUtils.java:logGet(43)) - raft.server.log.statemachine.data.sync = true (default)
2019-09-12 10:33:00,611 [pool-38-thread-1] INFO  server.RaftServerConfigKeys (ConfUtils.java:logGet(43)) - raft.server.log.statemachine.data.sync.timeout = 10s (default)
2019-09-12 10:33:00,611 [pool-38-thread-1] INFO  server.RaftServerConfigKeys (ConfUtils.java:logGet(43)) - raft.server.log.statemachine.data.sync.timeout.retry = -1 (default)
2019-09-12 10:33:00,611 [pool-38-thread-1] INFO  server.RaftServerConfigKeys (ConfUtils.java:logGet(43)) - raft.server.log.statemachine.data.caching.enabled = true (custom)
2019-09-12 10:33:00,612 [pool-38-thread-1] INFO  segmented.SegmentedRaftLogWorker (SegmentedRaftLogWorker.java:lambda$new$0(132)) - 6d26f522-fe03-4a67-aa48-7af853b41a99-SegmentedRaftLogWorker:Storage Directory /workdir/hadoop-ozone/integration-test/target/test-dir/MiniOzoneClusterImpl-5ecceb84-7f52-4627-9972-1a459b519b1f/datanode-1/data/ratis/29b58073-6088-453f-a5c9-1431aa8646cb: flushIndex: setUnconditionally 0 -> -1
2019-09-12 10:33:00,612 [pool-38-thread-1] INFO  server.RaftServerConfigKeys (ConfUtils.java:logGet(43)) - raft.server.snapshot.auto.trigger.enabled = true (custom)
2019-09-12 10:33:00,612 [pool-38-thread-1] INFO  server.RaftServerConfigKeys (ConfUtils.java:logGet(43)) - raft.server.snapshot.auto.trigger.threshold = 10000 (custom)
2019-09-12 10:33:00,612 [pool-38-thread-1] INFO  server.RaftServerConfigKeys (ConfUtils.java:logGet(43)) - raft.server.retrycache.expirytime = 600000ms (custom)
2019-09-12 10:33:00,613 [pool-38-thread-1] INFO  impl.RaftServerImpl (RaftServerImpl.java:start(180)) - 6d26f522-fe03-4a67-aa48-7af853b41a99: start group-1431AA8646CB
2019-09-12 10:33:00,613 [pool-38-thread-1] INFO  impl.RaftServerImpl (RaftServerImpl.java:setRole(171)) - 6d26f522-fe03-4a67-aa48-7af853b41a99:group-1431AA8646CB changes role from null to FOLLOWER at term 0 for startAsFollower
2019-09-12 10:33:00,613 [pool-38-thread-1] INFO  impl.RoleInfo (RoleInfo.java:updateAndGet(143)) - 6d26f522-fe03-4a67-aa48-7af853b41a99: start FollowerState
2019-09-12 10:33:00,616 [pool-38-thread-1] INFO  util.JmxRegister (JmxRegister.java:tryRegister(44)) - Successfully registered JMX Bean with object name Ratis:service=RaftServer,group=group-1431AA8646CB,id=6d26f522-fe03-4a67-aa48-7af853b41a99
2019-09-12 10:33:00,617 | INFO  | SCMAudit | user=jenkins1000 | ip=192.168.157.195 | op=SEND_HEARTBEAT {datanodeUUID=083ebb38-73c7-4c90-bb26-8945a60751ec, command=[]} | ret=SUCCESS |  
2019-09-12 10:33:00,622 [RatisPipelineUtilsThread] INFO  pipeline.PipelineStateManager (PipelineStateManager.java:addPipeline(56)) - Created pipeline Pipeline[ Id: 29b58073-6088-453f-a5c9-1431aa8646cb, Nodes: 6d26f522-fe03-4a67-aa48-7af853b41a99{ip: 192.168.157.195, host: pr-hdds-1569-xtfnx-3545843844, networkLocation: /default-rack, certSerialId: null}, Type:RATIS, Factor:ONE, State:OPEN]
2019-09-12 10:33:00,624 [RatisPipelineUtilsThread] ERROR pipeline.PipelinePlacementPolicy (PipelinePlacementPolicy.java:meetCriteria(91)) - Pipeline Placement: Doesn't meet the criteria to be viable node. Heaviness: 6
2019-09-12 10:33:00,624 [RatisPipelineUtilsThread] ERROR pipeline.PipelinePlacementPolicy (PipelinePlacementPolicy.java:meetCriteria(91)) - Pipeline Placement: Doesn't meet the criteria to be viable node. Heaviness: 6
2019-09-12 10:33:00,635 [grpc-default-executor-1] INFO  impl.RaftServerProxy (RaftServerProxy.java:addNew(89)) - 81ee34d7-b83f-41e3-b846-e574d684802c: addNew group-B721DF714BE3:[81ee34d7-b83f-41e3-b846-e574d684802c:192.168.157.195:36593] returns group-B721DF714BE3:java.util.concurrent.CompletableFuture@14d13f98[Not completed]
2019-09-12 10:33:00,636 [pool-82-thread-1] INFO  impl.RaftServerImpl (RaftServerImpl.java:<init>(93)) - 81ee34d7-b83f-41e3-b846-e574d684802c: new RaftServerImpl for group-B721DF714BE3:[81ee34d7-b83f-41e3-b846-e574d684802c:192.168.157.195:36593] with ContainerStateMachine:uninitialized
2019-09-12 10:33:00,637 [pool-82-thread-1] INFO  server.RaftServerConfigKeys (ConfUtils.java:logGet(43)) - raft.server.rpc.timeout.min = 5s (custom)
2019-09-12 10:33:00,637 [pool-82-thread-1] INFO  server.RaftServerConfigKeys (ConfUtils.java:logGet(43)) - raft.server.rpc.timeout.max = 5200ms (custom)
2019-09-12 10:33:00,637 [pool-82-thread-1] INFO  server.RaftServerConfigKeys (ConfUtils.java:logGet(43)) - raft.server.rpcslowness.timeout = 120s (custom)
2019-09-12 10:33:00,637 [pool-82-thread-1] INFO  server.RaftServerConfigKeys (ConfUtils.java:logGet(43)) - raft.server.sleep.deviation.threshold = 300 (default)
2019-09-12 10:33:00,637 [pool-82-thread-1] INFO  server.RaftServerConfigKeys (ConfUtils.java:logGet(43)) - raft.server.log.appender.install.snapshot.enabled = false (custom)
2019-09-12 10:33:00,637 [pool-82-thread-1] INFO  impl.RaftServerImpl (ServerState.java:<init>(105)) - 81ee34d7-b83f-41e3-b846-e574d684802c:group-B721DF714BE3 ConfigurationManager, init=-1: [81ee34d7-b83f-41e3-b846-e574d684802c:192.168.157.195:36593], old=null, confs=<EMPTY_MAP>
2019-09-12 10:33:00,638 [pool-82-thread-1] INFO  server.RaftServerConfigKeys (ConfUtils.java:logGet(43)) - raft.server.storage.dir = [/workdir/hadoop-ozone/integration-test/target/test-dir/MiniOzoneClusterImpl-5ecceb84-7f52-4627-9972-1a459b519b1f/datanode-5/data/ratis] (custom)
2019-09-12 10:33:00,638 [pool-82-thread-1] INFO  storage.RaftStorageDirectory (RaftStorageDirectory.java:analyzeStorage(246)) - The storage directory /workdir/hadoop-ozone/integration-test/target/test-dir/MiniOzoneClusterImpl-5ecceb84-7f52-4627-9972-1a459b519b1f/datanode-5/data/ratis/48e73f2f-a825-44a0-840f-b721df714be3 does not exist. Creating ...
2019-09-12 10:33:00,651 [pool-82-thread-1] INFO  storage.RaftStorageDirectory (RaftStorageDirectory.java:tryLock(328)) - Lock on /workdir/hadoop-ozone/integration-test/target/test-dir/MiniOzoneClusterImpl-5ecceb84-7f52-4627-9972-1a459b519b1f/datanode-5/data/ratis/48e73f2f-a825-44a0-840f-b721df714be3/in_use.lock acquired by nodename 32653@pr-hdds-1569-xtfnx-3545843844
2019-09-12 10:33:00,664 [pool-82-thread-1] INFO  storage.RaftStorage (RaftStorage.java:format(72)) - Storage directory /workdir/hadoop-ozone/integration-test/target/test-dir/MiniOzoneClusterImpl-5ecceb84-7f52-4627-9972-1a459b519b1f/datanode-5/data/ratis/48e73f2f-a825-44a0-840f-b721df714be3 has been successfully formatted.
2019-09-12 10:33:00,664 [pool-82-thread-1] INFO  ratis.ContainerStateMachine (ContainerStateMachine.java:loadSnapshot(226)) - group-B721DF714BE3: The snapshot info is null. Setting the last applied indexto:(t:0, i:~)
2019-09-12 10:33:00,664 [pool-82-thread-1] INFO  server.RaftServerConfigKeys (ConfUtils.java:logGet(43)) - raft.server.leader.election.timeout = 120s (custom)
2019-09-12 10:33:00,664 [pool-82-thread-1] INFO  server.RaftServerConfigKeys (ConfUtils.java:logGet(43)) - raft.server.log.use.memory = false (default)
2019-09-12 10:33:00,664 [pool-82-thread-1] INFO  server.RaftServerConfigKeys (ConfUtils.java:logGet(43)) - raft.server.log.purge.gap = 1000000 (custom)
2019-09-12 10:33:00,665 [pool-82-thread-1] INFO  server.RaftServerConfigKeys (ConfUtils.java:logGet(43)) - raft.server.log.appender.buffer.byte-limit = 33554432 (custom)
2019-09-12 10:33:00,665 [pool-82-thread-1] INFO  server.RaftServerConfigKeys (ConfUtils.java:logGet(43)) - raft.server.log.segment.size.max = 1048576 (custom)
2019-09-12 10:33:00,665 [pool-82-thread-1] INFO  server.RaftServerConfigKeys (ConfUtils.java:logGet(43)) - raft.server.log.segment.cache.num.max = 2 (custom)
2019-09-12 10:33:00,665 [pool-82-thread-1] INFO  segmented.SegmentedRaftLogWorker (SegmentedRaftLogWorker.java:<init>(172)) - new 81ee34d7-b83f-41e3-b846-e574d684802c-SegmentedRaftLogWorker:Storage Directory /workdir/hadoop-ozone/integration-test/target/test-dir/MiniOzoneClusterImpl-5ecceb84-7f52-4627-9972-1a459b519b1f/datanode-5/data/ratis/48e73f2f-a825-44a0-840f-b721df714be3 for RaftStorage:Storage Directory /workdir/hadoop-ozone/integration-test/target/test-dir/MiniOzoneClusterImpl-5ecceb84-7f52-4627-9972-1a459b519b1f/datanode-5/data/ratis/48e73f2f-a825-44a0-840f-b721df714be3
2019-09-12 10:33:00,665 [pool-82-thread-1] INFO  server.RaftServerConfigKeys (ConfUtils.java:logGet(43)) - raft.server.log.queue.byte-limit = 2147483647 (custom)
2019-09-12 10:33:00,666 [pool-82-thread-1] INFO  server.RaftServerConfigKeys (ConfUtils.java:logGet(43)) - raft.server.log.queue.element-limit = 1024 (custom)
2019-09-12 10:33:00,666 [pool-82-thread-1] INFO  server.RaftServerConfigKeys (ConfUtils.java:logGet(43)) - raft.server.log.segment.size.max = 1048576 (custom)
2019-09-12 10:33:00,666 [pool-82-thread-1] INFO  server.RaftServerConfigKeys (ConfUtils.java:logGet(43)) - raft.server.log.preallocated.size = 16384 (custom)
2019-09-12 10:33:00,666 [pool-82-thread-1] INFO  server.RaftServerConfigKeys (ConfUtils.java:logGet(43)) - raft.server.log.write.buffer.size = 33554432 (custom)
2019-09-12 10:33:00,666 [pool-82-thread-1] INFO  server.RaftServerConfigKeys (ConfUtils.java:logGet(43)) - raft.server.log.force.sync.num = 128 (default)
2019-09-12 10:33:00,666 [pool-82-thread-1] INFO  server.RaftServerConfigKeys (ConfUtils.java:logGet(43)) - raft.server.log.statemachine.data.sync = true (default)
2019-09-12 10:33:00,667 [pool-82-thread-1] INFO  server.RaftServerConfigKeys (ConfUtils.java:logGet(43)) - raft.server.log.statemachine.data.sync.timeout = 10s (default)
2019-09-12 10:33:00,667 [pool-82-thread-1] INFO  server.RaftServerConfigKeys (ConfUtils.java:logGet(43)) - raft.server.log.statemachine.data.sync.timeout.retry = -1 (default)
2019-09-12 10:33:00,667 [pool-82-thread-1] INFO  server.RaftServerConfigKeys (ConfUtils.java:logGet(43)) - raft.server.log.statemachine.data.caching.enabled = true (custom)
2019-09-12 10:33:00,667 [pool-82-thread-1] INFO  segmented.SegmentedRaftLogWorker (SegmentedRaftLogWorker.java:lambda$new$0(132)) - 81ee34d7-b83f-41e3-b846-e574d684802c-SegmentedRaftLogWorker:Storage Directory /workdir/hadoop-ozone/integration-test/target/test-dir/MiniOzoneClusterImpl-5ecceb84-7f52-4627-9972-1a459b519b1f/datanode-5/data/ratis/48e73f2f-a825-44a0-840f-b721df714be3: flushIndex: setUnconditionally 0 -> -1
2019-09-12 10:33:00,668 [pool-82-thread-1] INFO  server.RaftServerConfigKeys (ConfUtils.java:logGet(43)) - raft.server.snapshot.auto.trigger.enabled = true (custom)
2019-09-12 10:33:00,668 [pool-82-thread-1] INFO  server.RaftServerConfigKeys (ConfUtils.java:logGet(43)) - raft.server.snapshot.auto.trigger.threshold = 10000 (custom)
2019-09-12 10:33:00,668 [pool-82-thread-1] INFO  server.RaftServerConfigKeys (ConfUtils.java:logGet(43)) - raft.server.retrycache.expirytime = 600000ms (custom)
2019-09-12 10:33:00,669 [pool-82-thread-1] INFO  impl.RaftServerImpl (RaftServerImpl.java:start(180)) - 81ee34d7-b83f-41e3-b846-e574d684802c: start group-B721DF714BE3
2019-09-12 10:33:00,669 [pool-82-thread-1] INFO  impl.RaftServerImpl (RaftServerImpl.java:setRole(171)) - 81ee34d7-b83f-41e3-b846-e574d684802c:group-B721DF714BE3 changes role from null to FOLLOWER at term 0 for startAsFollower
2019-09-12 10:33:00,669 [pool-82-thread-1] INFO  impl.RoleInfo (RoleInfo.java:updateAndGet(143)) - 81ee34d7-b83f-41e3-b846-e574d684802c: start FollowerState
2019-09-12 10:33:00,669 [pool-82-thread-1] INFO  util.JmxRegister (JmxRegister.java:tryRegister(44)) - Successfully registered JMX Bean with object name Ratis:service=RaftServer,group=group-B721DF714BE3,id=81ee34d7-b83f-41e3-b846-e574d684802c
2019-09-12 10:33:00,675 [RatisPipelineUtilsThread] INFO  pipeline.PipelineStateManager (PipelineStateManager.java:addPipeline(56)) - Created pipeline Pipeline[ Id: 48e73f2f-a825-44a0-840f-b721df714be3, Nodes: 81ee34d7-b83f-41e3-b846-e574d684802c{ip: 192.168.157.195, host: pr-hdds-1569-xtfnx-3545843844, networkLocation: /default-rack, certSerialId: null}, Type:RATIS, Factor:ONE, State:OPEN]
2019-09-12 10:33:00,677 [RatisPipelineUtilsThread] ERROR pipeline.PipelinePlacementPolicy (PipelinePlacementPolicy.java:meetCriteria(91)) - Pipeline Placement: Doesn't meet the criteria to be viable node. Heaviness: 6
2019-09-12 10:33:00,678 [RatisPipelineUtilsThread] ERROR pipeline.PipelinePlacementPolicy (PipelinePlacementPolicy.java:meetCriteria(91)) - Pipeline Placement: Doesn't meet the criteria to be viable node. Heaviness: 6
2019-09-12 10:33:00,688 [grpc-default-executor-1] INFO  impl.RaftServerProxy (RaftServerProxy.java:addNew(89)) - 31c45c5a-0c90-4266-9947-1c7c078b7ec4: addNew group-F0A8DA467EB9:[31c45c5a-0c90-4266-9947-1c7c078b7ec4:192.168.157.195:42694] returns group-F0A8DA467EB9:java.util.concurrent.CompletableFuture@481b35e8[Not completed]
2019-09-12 10:33:00,690 [pool-71-thread-1] INFO  impl.RaftServerImpl (RaftServerImpl.java:<init>(93)) - 31c45c5a-0c90-4266-9947-1c7c078b7ec4: new RaftServerImpl for group-F0A8DA467EB9:[31c45c5a-0c90-4266-9947-1c7c078b7ec4:192.168.157.195:42694] with ContainerStateMachine:uninitialized
2019-09-12 10:33:00,690 [pool-71-thread-1] INFO  server.RaftServerConfigKeys (ConfUtils.java:logGet(43)) - raft.server.rpc.timeout.min = 5s (custom)
2019-09-12 10:33:00,690 [pool-71-thread-1] INFO  server.RaftServerConfigKeys (ConfUtils.java:logGet(43)) - raft.server.rpc.timeout.max = 5200ms (custom)
2019-09-12 10:33:00,690 [pool-71-thread-1] INFO  server.RaftServerConfigKeys (ConfUtils.java:logGet(43)) - raft.server.rpcslowness.timeout = 120s (custom)
2019-09-12 10:33:00,690 [pool-71-thread-1] INFO  server.RaftServerConfigKeys (ConfUtils.java:logGet(43)) - raft.server.sleep.deviation.threshold = 300 (default)
2019-09-12 10:33:00,690 [pool-71-thread-1] INFO  server.RaftServerConfigKeys (ConfUtils.java:logGet(43)) - raft.server.log.appender.install.snapshot.enabled = false (custom)
2019-09-12 10:33:00,691 [pool-71-thread-1] INFO  impl.RaftServerImpl (ServerState.java:<init>(105)) - 31c45c5a-0c90-4266-9947-1c7c078b7ec4:group-F0A8DA467EB9 ConfigurationManager, init=-1: [31c45c5a-0c90-4266-9947-1c7c078b7ec4:192.168.157.195:42694], old=null, confs=<EMPTY_MAP>
2019-09-12 10:33:00,691 [pool-71-thread-1] INFO  server.RaftServerConfigKeys (ConfUtils.java:logGet(43)) - raft.server.storage.dir = [/workdir/hadoop-ozone/integration-test/target/test-dir/MiniOzoneClusterImpl-5ecceb84-7f52-4627-9972-1a459b519b1f/datanode-4/data/ratis] (custom)
2019-09-12 10:33:00,691 [pool-71-thread-1] INFO  storage.RaftStorageDirectory (RaftStorageDirectory.java:analyzeStorage(246)) - The storage directory /workdir/hadoop-ozone/integration-test/target/test-dir/MiniOzoneClusterImpl-5ecceb84-7f52-4627-9972-1a459b519b1f/datanode-4/data/ratis/f80b773d-850e-4d4d-9506-f0a8da467eb9 does not exist. Creating ...
2019-09-12 10:33:00,707 [pool-71-thread-1] INFO  storage.RaftStorageDirectory (RaftStorageDirectory.java:tryLock(328)) - Lock on /workdir/hadoop-ozone/integration-test/target/test-dir/MiniOzoneClusterImpl-5ecceb84-7f52-4627-9972-1a459b519b1f/datanode-4/data/ratis/f80b773d-850e-4d4d-9506-f0a8da467eb9/in_use.lock acquired by nodename 32653@pr-hdds-1569-xtfnx-3545843844
2019-09-12 10:33:00,734 [pool-71-thread-1] INFO  storage.RaftStorage (RaftStorage.java:format(72)) - Storage directory /workdir/hadoop-ozone/integration-test/target/test-dir/MiniOzoneClusterImpl-5ecceb84-7f52-4627-9972-1a459b519b1f/datanode-4/data/ratis/f80b773d-850e-4d4d-9506-f0a8da467eb9 has been successfully formatted.
2019-09-12 10:33:00,735 [pool-71-thread-1] INFO  ratis.ContainerStateMachine (ContainerStateMachine.java:loadSnapshot(226)) - group-F0A8DA467EB9: The snapshot info is null. Setting the last applied indexto:(t:0, i:~)
2019-09-12 10:33:00,735 [pool-71-thread-1] INFO  server.RaftServerConfigKeys (ConfUtils.java:logGet(43)) - raft.server.leader.election.timeout = 120s (custom)
2019-09-12 10:33:00,735 [pool-71-thread-1] INFO  server.RaftServerConfigKeys (ConfUtils.java:logGet(43)) - raft.server.log.use.memory = false (default)
2019-09-12 10:33:00,735 [pool-71-thread-1] INFO  server.RaftServerConfigKeys (ConfUtils.java:logGet(43)) - raft.server.log.purge.gap = 1000000 (custom)
2019-09-12 10:33:00,735 [pool-71-thread-1] INFO  server.RaftServerConfigKeys (ConfUtils.java:logGet(43)) - raft.server.log.appender.buffer.byte-limit = 33554432 (custom)
2019-09-12 10:33:00,736 [pool-71-thread-1] INFO  server.RaftServerConfigKeys (ConfUtils.java:logGet(43)) - raft.server.log.segment.size.max = 1048576 (custom)
2019-09-12 10:33:00,736 [pool-71-thread-1] INFO  server.RaftServerConfigKeys (ConfUtils.java:logGet(43)) - raft.server.log.segment.cache.num.max = 2 (custom)
2019-09-12 10:33:00,736 [pool-71-thread-1] INFO  segmented.SegmentedRaftLogWorker (SegmentedRaftLogWorker.java:<init>(172)) - new 31c45c5a-0c90-4266-9947-1c7c078b7ec4-SegmentedRaftLogWorker:Storage Directory /workdir/hadoop-ozone/integration-test/target/test-dir/MiniOzoneClusterImpl-5ecceb84-7f52-4627-9972-1a459b519b1f/datanode-4/data/ratis/f80b773d-850e-4d4d-9506-f0a8da467eb9 for RaftStorage:Storage Directory /workdir/hadoop-ozone/integration-test/target/test-dir/MiniOzoneClusterImpl-5ecceb84-7f52-4627-9972-1a459b519b1f/datanode-4/data/ratis/f80b773d-850e-4d4d-9506-f0a8da467eb9
2019-09-12 10:33:00,736 [pool-71-thread-1] INFO  server.RaftServerConfigKeys (ConfUtils.java:logGet(43)) - raft.server.log.queue.byte-limit = 2147483647 (custom)
2019-09-12 10:33:00,736 [pool-71-thread-1] INFO  server.RaftServerConfigKeys (ConfUtils.java:logGet(43)) - raft.server.log.queue.element-limit = 1024 (custom)
2019-09-12 10:33:00,736 [pool-71-thread-1] INFO  server.RaftServerConfigKeys (ConfUtils.java:logGet(43)) - raft.server.log.segment.size.max = 1048576 (custom)
2019-09-12 10:33:00,737 [pool-71-thread-1] INFO  server.RaftServerConfigKeys (ConfUtils.java:logGet(43)) - raft.server.log.preallocated.size = 16384 (custom)
2019-09-12 10:33:00,737 [pool-71-thread-1] INFO  server.RaftServerConfigKeys (ConfUtils.java:logGet(43)) - raft.server.log.write.buffer.size = 33554432 (custom)
2019-09-12 10:33:00,737 [pool-71-thread-1] INFO  server.RaftServerConfigKeys (ConfUtils.java:logGet(43)) - raft.server.log.force.sync.num = 128 (default)
2019-09-12 10:33:00,737 [pool-71-thread-1] INFO  server.RaftServerConfigKeys (ConfUtils.java:logGet(43)) - raft.server.log.statemachine.data.sync = true (default)
2019-09-12 10:33:00,737 [pool-71-thread-1] INFO  server.RaftServerConfigKeys (ConfUtils.java:logGet(43)) - raft.server.log.statemachine.data.sync.timeout = 10s (default)
2019-09-12 10:33:00,737 [pool-71-thread-1] INFO  server.RaftServerConfigKeys (ConfUtils.java:logGet(43)) - raft.server.log.statemachine.data.sync.timeout.retry = -1 (default)
2019-09-12 10:33:00,738 [pool-71-thread-1] INFO  server.RaftServerConfigKeys (ConfUtils.java:logGet(43)) - raft.server.log.statemachine.data.caching.enabled = true (custom)
2019-09-12 10:33:00,738 [pool-71-thread-1] INFO  segmented.SegmentedRaftLogWorker (SegmentedRaftLogWorker.java:lambda$new$0(132)) - 31c45c5a-0c90-4266-9947-1c7c078b7ec4-SegmentedRaftLogWorker:Storage Directory /workdir/hadoop-ozone/integration-test/target/test-dir/MiniOzoneClusterImpl-5ecceb84-7f52-4627-9972-1a459b519b1f/datanode-4/data/ratis/f80b773d-850e-4d4d-9506-f0a8da467eb9: flushIndex: setUnconditionally 0 -> -1
2019-09-12 10:33:00,738 [pool-71-thread-1] INFO  server.RaftServerConfigKeys (ConfUtils.java:logGet(43)) - raft.server.snapshot.auto.trigger.enabled = true (custom)
2019-09-12 10:33:00,739 [pool-71-thread-1] INFO  server.RaftServerConfigKeys (ConfUtils.java:logGet(43)) - raft.server.snapshot.auto.trigger.threshold = 10000 (custom)
2019-09-12 10:33:00,739 [pool-71-thread-1] INFO  server.RaftServerConfigKeys (ConfUtils.java:logGet(43)) - raft.server.retrycache.expirytime = 600000ms (custom)
2019-09-12 10:33:00,739 [pool-71-thread-1] INFO  impl.RaftServerImpl (RaftServerImpl.java:start(180)) - 31c45c5a-0c90-4266-9947-1c7c078b7ec4: start group-F0A8DA467EB9
2019-09-12 10:33:00,739 [pool-71-thread-1] INFO  impl.RaftServerImpl (RaftServerImpl.java:setRole(171)) - 31c45c5a-0c90-4266-9947-1c7c078b7ec4:group-F0A8DA467EB9 changes role from null to FOLLOWER at term 0 for startAsFollower
2019-09-12 10:33:00,739 [pool-71-thread-1] INFO  impl.RoleInfo (RoleInfo.java:updateAndGet(143)) - 31c45c5a-0c90-4266-9947-1c7c078b7ec4: start FollowerState
2019-09-12 10:33:00,740 [pool-71-thread-1] INFO  util.JmxRegister (JmxRegister.java:tryRegister(44)) - Successfully registered JMX Bean with object name Ratis:service=RaftServer,group=group-F0A8DA467EB9,id=31c45c5a-0c90-4266-9947-1c7c078b7ec4
2019-09-12 10:33:00,744 | INFO  | SCMAudit | user=jenkins1000 | ip=192.168.157.195 | op=SEND_HEARTBEAT {datanodeUUID=6f7ced02-9074-41a5-813c-bc7a1b1d7969, command=[]} | ret=SUCCESS |  
2019-09-12 10:33:00,748 [RatisPipelineUtilsThread] INFO  pipeline.PipelineStateManager (PipelineStateManager.java:addPipeline(56)) - Created pipeline Pipeline[ Id: f80b773d-850e-4d4d-9506-f0a8da467eb9, Nodes: 31c45c5a-0c90-4266-9947-1c7c078b7ec4{ip: 192.168.157.195, host: pr-hdds-1569-xtfnx-3545843844, networkLocation: /default-rack, certSerialId: null}, Type:RATIS, Factor:ONE, State:OPEN]
2019-09-12 10:33:00,750 [RatisPipelineUtilsThread] ERROR pipeline.PipelinePlacementPolicy (PipelinePlacementPolicy.java:meetCriteria(91)) - Pipeline Placement: Doesn't meet the criteria to be viable node. Heaviness: 6
2019-09-12 10:33:00,750 [RatisPipelineUtilsThread] ERROR pipeline.PipelinePlacementPolicy (PipelinePlacementPolicy.java:meetCriteria(91)) - Pipeline Placement: Doesn't meet the criteria to be viable node. Heaviness: 6
2019-09-12 10:33:00,761 [grpc-default-executor-0] INFO  impl.RaftServerProxy (RaftServerProxy.java:addNew(89)) - e0e61d4c-2e09-4c56-8609-a14bb69c63aa: addNew group-086459EEBB26:[e0e61d4c-2e09-4c56-8609-a14bb69c63aa:192.168.157.195:42576] returns group-086459EEBB26:java.util.concurrent.CompletableFuture@7c7159f2[Not completed]
2019-09-12 10:33:00,763 [pool-60-thread-1] INFO  impl.RaftServerImpl (RaftServerImpl.java:<init>(93)) - e0e61d4c-2e09-4c56-8609-a14bb69c63aa: new RaftServerImpl for group-086459EEBB26:[e0e61d4c-2e09-4c56-8609-a14bb69c63aa:192.168.157.195:42576] with ContainerStateMachine:uninitialized
2019-09-12 10:33:00,764 [pool-60-thread-1] INFO  server.RaftServerConfigKeys (ConfUtils.java:logGet(43)) - raft.server.rpc.timeout.min = 5s (custom)
2019-09-12 10:33:00,764 [pool-60-thread-1] INFO  server.RaftServerConfigKeys (ConfUtils.java:logGet(43)) - raft.server.rpc.timeout.max = 5200ms (custom)
2019-09-12 10:33:00,764 [pool-60-thread-1] INFO  server.RaftServerConfigKeys (ConfUtils.java:logGet(43)) - raft.server.rpcslowness.timeout = 120s (custom)
2019-09-12 10:33:00,764 [pool-60-thread-1] INFO  server.RaftServerConfigKeys (ConfUtils.java:logGet(43)) - raft.server.sleep.deviation.threshold = 300 (default)
2019-09-12 10:33:00,764 [pool-60-thread-1] INFO  server.RaftServerConfigKeys (ConfUtils.java:logGet(43)) - raft.server.log.appender.install.snapshot.enabled = false (custom)
2019-09-12 10:33:00,765 [pool-60-thread-1] INFO  impl.RaftServerImpl (ServerState.java:<init>(105)) - e0e61d4c-2e09-4c56-8609-a14bb69c63aa:group-086459EEBB26 ConfigurationManager, init=-1: [e0e61d4c-2e09-4c56-8609-a14bb69c63aa:192.168.157.195:42576], old=null, confs=<EMPTY_MAP>
2019-09-12 10:33:00,765 [pool-60-thread-1] INFO  server.RaftServerConfigKeys (ConfUtils.java:logGet(43)) - raft.server.storage.dir = [/workdir/hadoop-ozone/integration-test/target/test-dir/MiniOzoneClusterImpl-5ecceb84-7f52-4627-9972-1a459b519b1f/datanode-3/data/ratis] (custom)
2019-09-12 10:33:00,766 [pool-60-thread-1] INFO  storage.RaftStorageDirectory (RaftStorageDirectory.java:analyzeStorage(246)) - The storage directory /workdir/hadoop-ozone/integration-test/target/test-dir/MiniOzoneClusterImpl-5ecceb84-7f52-4627-9972-1a459b519b1f/datanode-3/data/ratis/d3a18a46-707a-4814-991a-086459eebb26 does not exist. Creating ...
2019-09-12 10:33:00,780 [pool-60-thread-1] INFO  storage.RaftStorageDirectory (RaftStorageDirectory.java:tryLock(328)) - Lock on /workdir/hadoop-ozone/integration-test/target/test-dir/MiniOzoneClusterImpl-5ecceb84-7f52-4627-9972-1a459b519b1f/datanode-3/data/ratis/d3a18a46-707a-4814-991a-086459eebb26/in_use.lock acquired by nodename 32653@pr-hdds-1569-xtfnx-3545843844
2019-09-12 10:33:00,794 [pool-60-thread-1] INFO  storage.RaftStorage (RaftStorage.java:format(72)) - Storage directory /workdir/hadoop-ozone/integration-test/target/test-dir/MiniOzoneClusterImpl-5ecceb84-7f52-4627-9972-1a459b519b1f/datanode-3/data/ratis/d3a18a46-707a-4814-991a-086459eebb26 has been successfully formatted.
2019-09-12 10:33:00,794 [pool-60-thread-1] INFO  ratis.ContainerStateMachine (ContainerStateMachine.java:loadSnapshot(226)) - group-086459EEBB26: The snapshot info is null. Setting the last applied indexto:(t:0, i:~)
2019-09-12 10:33:00,794 [pool-60-thread-1] INFO  server.RaftServerConfigKeys (ConfUtils.java:logGet(43)) - raft.server.leader.election.timeout = 120s (custom)
2019-09-12 10:33:00,794 [pool-60-thread-1] INFO  server.RaftServerConfigKeys (ConfUtils.java:logGet(43)) - raft.server.log.use.memory = false (default)
2019-09-12 10:33:00,795 [pool-60-thread-1] INFO  server.RaftServerConfigKeys (ConfUtils.java:logGet(43)) - raft.server.log.purge.gap = 1000000 (custom)
2019-09-12 10:33:00,795 [pool-60-thread-1] INFO  server.RaftServerConfigKeys (ConfUtils.java:logGet(43)) - raft.server.log.appender.buffer.byte-limit = 33554432 (custom)
2019-09-12 10:33:00,795 [pool-60-thread-1] INFO  server.RaftServerConfigKeys (ConfUtils.java:logGet(43)) - raft.server.log.segment.size.max = 1048576 (custom)
2019-09-12 10:33:00,795 [pool-60-thread-1] INFO  server.RaftServerConfigKeys (ConfUtils.java:logGet(43)) - raft.server.log.segment.cache.num.max = 2 (custom)
2019-09-12 10:33:00,795 [pool-60-thread-1] INFO  segmented.SegmentedRaftLogWorker (SegmentedRaftLogWorker.java:<init>(172)) - new e0e61d4c-2e09-4c56-8609-a14bb69c63aa-SegmentedRaftLogWorker:Storage Directory /workdir/hadoop-ozone/integration-test/target/test-dir/MiniOzoneClusterImpl-5ecceb84-7f52-4627-9972-1a459b519b1f/datanode-3/data/ratis/d3a18a46-707a-4814-991a-086459eebb26 for RaftStorage:Storage Directory /workdir/hadoop-ozone/integration-test/target/test-dir/MiniOzoneClusterImpl-5ecceb84-7f52-4627-9972-1a459b519b1f/datanode-3/data/ratis/d3a18a46-707a-4814-991a-086459eebb26
2019-09-12 10:33:00,796 [pool-60-thread-1] INFO  server.RaftServerConfigKeys (ConfUtils.java:logGet(43)) - raft.server.log.queue.byte-limit = 2147483647 (custom)
2019-09-12 10:33:00,796 [pool-60-thread-1] INFO  server.RaftServerConfigKeys (ConfUtils.java:logGet(43)) - raft.server.log.queue.element-limit = 1024 (custom)
2019-09-12 10:33:00,796 [pool-60-thread-1] INFO  server.RaftServerConfigKeys (ConfUtils.java:logGet(43)) - raft.server.log.segment.size.max = 1048576 (custom)
2019-09-12 10:33:00,796 [pool-60-thread-1] INFO  server.RaftServerConfigKeys (ConfUtils.java:logGet(43)) - raft.server.log.preallocated.size = 16384 (custom)
2019-09-12 10:33:00,796 [pool-60-thread-1] INFO  server.RaftServerConfigKeys (ConfUtils.java:logGet(43)) - raft.server.log.write.buffer.size = 33554432 (custom)
2019-09-12 10:33:00,796 [pool-60-thread-1] INFO  server.RaftServerConfigKeys (ConfUtils.java:logGet(43)) - raft.server.log.force.sync.num = 128 (default)
2019-09-12 10:33:00,797 [pool-60-thread-1] INFO  server.RaftServerConfigKeys (ConfUtils.java:logGet(43)) - raft.server.log.statemachine.data.sync = true (default)
2019-09-12 10:33:00,797 [pool-60-thread-1] INFO  server.RaftServerConfigKeys (ConfUtils.java:logGet(43)) - raft.server.log.statemachine.data.sync.timeout = 10s (default)
2019-09-12 10:33:00,797 [pool-60-thread-1] INFO  server.RaftServerConfigKeys (ConfUtils.java:logGet(43)) - raft.server.log.statemachine.data.sync.timeout.retry = -1 (default)
2019-09-12 10:33:00,797 [pool-60-thread-1] INFO  server.RaftServerConfigKeys (ConfUtils.java:logGet(43)) - raft.server.log.statemachine.data.caching.enabled = true (custom)
2019-09-12 10:33:00,798 [pool-60-thread-1] INFO  segmented.SegmentedRaftLogWorker (SegmentedRaftLogWorker.java:lambda$new$0(132)) - e0e61d4c-2e09-4c56-8609-a14bb69c63aa-SegmentedRaftLogWorker:Storage Directory /workdir/hadoop-ozone/integration-test/target/test-dir/MiniOzoneClusterImpl-5ecceb84-7f52-4627-9972-1a459b519b1f/datanode-3/data/ratis/d3a18a46-707a-4814-991a-086459eebb26: flushIndex: setUnconditionally 0 -> -1
2019-09-12 10:33:00,798 [pool-60-thread-1] INFO  server.RaftServerConfigKeys (ConfUtils.java:logGet(43)) - raft.server.snapshot.auto.trigger.enabled = true (custom)
2019-09-12 10:33:00,798 [pool-60-thread-1] INFO  server.RaftServerConfigKeys (ConfUtils.java:logGet(43)) - raft.server.snapshot.auto.trigger.threshold = 10000 (custom)
2019-09-12 10:33:00,798 [pool-60-thread-1] INFO  server.RaftServerConfigKeys (ConfUtils.java:logGet(43)) - raft.server.retrycache.expirytime = 600000ms (custom)
2019-09-12 10:33:00,799 [pool-60-thread-1] INFO  impl.RaftServerImpl (RaftServerImpl.java:start(180)) - e0e61d4c-2e09-4c56-8609-a14bb69c63aa: start group-086459EEBB26
2019-09-12 10:33:00,799 [pool-60-thread-1] INFO  impl.RaftServerImpl (RaftServerImpl.java:setRole(171)) - e0e61d4c-2e09-4c56-8609-a14bb69c63aa:group-086459EEBB26 changes role from null to FOLLOWER at term 0 for startAsFollower
2019-09-12 10:33:00,799 [pool-60-thread-1] INFO  impl.RoleInfo (RoleInfo.java:updateAndGet(143)) - e0e61d4c-2e09-4c56-8609-a14bb69c63aa: start FollowerState
2019-09-12 10:33:00,799 [pool-60-thread-1] INFO  util.JmxRegister (JmxRegister.java:tryRegister(44)) - Successfully registered JMX Bean with object name Ratis:service=RaftServer,group=group-086459EEBB26,id=e0e61d4c-2e09-4c56-8609-a14bb69c63aa
2019-09-12 10:33:00,805 [RatisPipelineUtilsThread] INFO  pipeline.PipelineStateManager (PipelineStateManager.java:addPipeline(56)) - Created pipeline Pipeline[ Id: d3a18a46-707a-4814-991a-086459eebb26, Nodes: e0e61d4c-2e09-4c56-8609-a14bb69c63aa{ip: 192.168.157.195, host: pr-hdds-1569-xtfnx-3545843844, networkLocation: /default-rack, certSerialId: null}, Type:RATIS, Factor:ONE, State:OPEN]
2019-09-12 10:33:00,807 [RatisPipelineUtilsThread] ERROR pipeline.PipelinePlacementPolicy (PipelinePlacementPolicy.java:meetCriteria(91)) - Pipeline Placement: Doesn't meet the criteria to be viable node. Heaviness: 6
2019-09-12 10:33:00,807 [RatisPipelineUtilsThread] ERROR pipeline.PipelinePlacementPolicy (PipelinePlacementPolicy.java:meetCriteria(91)) - Pipeline Placement: Doesn't meet the criteria to be viable node. Heaviness: 6
2019-09-12 10:33:00,808 [RatisPipelineUtilsThread] ERROR pipeline.PipelinePlacementPolicy (PipelinePlacementPolicy.java:meetCriteria(91)) - Pipeline Placement: Doesn't meet the criteria to be viable node. Heaviness: 6
2019-09-12 10:33:00,819 [grpc-default-executor-0] INFO  impl.RaftServerProxy (RaftServerProxy.java:addNew(89)) - 6d26f522-fe03-4a67-aa48-7af853b41a99: addNew group-70DCA62087D8:[6d26f522-fe03-4a67-aa48-7af853b41a99:192.168.157.195:44863] returns group-70DCA62087D8:java.util.concurrent.CompletableFuture@68bd632c[Not completed]
2019-09-12 10:33:00,821 [pool-38-thread-1] INFO  impl.RaftServerImpl (RaftServerImpl.java:<init>(93)) - 6d26f522-fe03-4a67-aa48-7af853b41a99: new RaftServerImpl for group-70DCA62087D8:[6d26f522-fe03-4a67-aa48-7af853b41a99:192.168.157.195:44863] with ContainerStateMachine:uninitialized
2019-09-12 10:33:00,821 [pool-38-thread-1] INFO  server.RaftServerConfigKeys (ConfUtils.java:logGet(43)) - raft.server.rpc.timeout.min = 5s (custom)
2019-09-12 10:33:00,822 [pool-38-thread-1] INFO  server.RaftServerConfigKeys (ConfUtils.java:logGet(43)) - raft.server.rpc.timeout.max = 5200ms (custom)
2019-09-12 10:33:00,822 [pool-38-thread-1] INFO  server.RaftServerConfigKeys (ConfUtils.java:logGet(43)) - raft.server.rpcslowness.timeout = 120s (custom)
2019-09-12 10:33:00,822 [pool-38-thread-1] INFO  server.RaftServerConfigKeys (ConfUtils.java:logGet(43)) - raft.server.sleep.deviation.threshold = 300 (default)
2019-09-12 10:33:00,822 [pool-38-thread-1] INFO  server.RaftServerConfigKeys (ConfUtils.java:logGet(43)) - raft.server.log.appender.install.snapshot.enabled = false (custom)
2019-09-12 10:33:00,822 [pool-38-thread-1] INFO  impl.RaftServerImpl (ServerState.java:<init>(105)) - 6d26f522-fe03-4a67-aa48-7af853b41a99:group-70DCA62087D8 ConfigurationManager, init=-1: [6d26f522-fe03-4a67-aa48-7af853b41a99:192.168.157.195:44863], old=null, confs=<EMPTY_MAP>
2019-09-12 10:33:00,822 [pool-38-thread-1] INFO  server.RaftServerConfigKeys (ConfUtils.java:logGet(43)) - raft.server.storage.dir = [/workdir/hadoop-ozone/integration-test/target/test-dir/MiniOzoneClusterImpl-5ecceb84-7f52-4627-9972-1a459b519b1f/datanode-1/data/ratis] (custom)
2019-09-12 10:33:00,823 [pool-38-thread-1] INFO  storage.RaftStorageDirectory (RaftStorageDirectory.java:analyzeStorage(246)) - The storage directory /workdir/hadoop-ozone/integration-test/target/test-dir/MiniOzoneClusterImpl-5ecceb84-7f52-4627-9972-1a459b519b1f/datanode-1/data/ratis/0f624762-641c-472e-9825-70dca62087d8 does not exist. Creating ...
2019-09-12 10:33:00,835 [pool-38-thread-1] INFO  storage.RaftStorageDirectory (RaftStorageDirectory.java:tryLock(328)) - Lock on /workdir/hadoop-ozone/integration-test/target/test-dir/MiniOzoneClusterImpl-5ecceb84-7f52-4627-9972-1a459b519b1f/datanode-1/data/ratis/0f624762-641c-472e-9825-70dca62087d8/in_use.lock acquired by nodename 32653@pr-hdds-1569-xtfnx-3545843844
2019-09-12 10:33:00,848 [pool-38-thread-1] INFO  storage.RaftStorage (RaftStorage.java:format(72)) - Storage directory /workdir/hadoop-ozone/integration-test/target/test-dir/MiniOzoneClusterImpl-5ecceb84-7f52-4627-9972-1a459b519b1f/datanode-1/data/ratis/0f624762-641c-472e-9825-70dca62087d8 has been successfully formatted.
2019-09-12 10:33:00,848 [pool-38-thread-1] INFO  ratis.ContainerStateMachine (ContainerStateMachine.java:loadSnapshot(226)) - group-70DCA62087D8: The snapshot info is null. Setting the last applied indexto:(t:0, i:~)
2019-09-12 10:33:00,848 [pool-38-thread-1] INFO  server.RaftServerConfigKeys (ConfUtils.java:logGet(43)) - raft.server.leader.election.timeout = 120s (custom)
2019-09-12 10:33:00,849 [pool-38-thread-1] INFO  server.RaftServerConfigKeys (ConfUtils.java:logGet(43)) - raft.server.log.use.memory = false (default)
2019-09-12 10:33:00,849 [pool-38-thread-1] INFO  server.RaftServerConfigKeys (ConfUtils.java:logGet(43)) - raft.server.log.purge.gap = 1000000 (custom)
2019-09-12 10:33:00,849 [pool-38-thread-1] INFO  server.RaftServerConfigKeys (ConfUtils.java:logGet(43)) - raft.server.log.appender.buffer.byte-limit = 33554432 (custom)
2019-09-12 10:33:00,849 [pool-38-thread-1] INFO  server.RaftServerConfigKeys (ConfUtils.java:logGet(43)) - raft.server.log.segment.size.max = 1048576 (custom)
2019-09-12 10:33:00,849 [pool-38-thread-1] INFO  server.RaftServerConfigKeys (ConfUtils.java:logGet(43)) - raft.server.log.segment.cache.num.max = 2 (custom)
2019-09-12 10:33:00,849 [pool-38-thread-1] INFO  segmented.SegmentedRaftLogWorker (SegmentedRaftLogWorker.java:<init>(172)) - new 6d26f522-fe03-4a67-aa48-7af853b41a99-SegmentedRaftLogWorker:Storage Directory /workdir/hadoop-ozone/integration-test/target/test-dir/MiniOzoneClusterImpl-5ecceb84-7f52-4627-9972-1a459b519b1f/datanode-1/data/ratis/0f624762-641c-472e-9825-70dca62087d8 for RaftStorage:Storage Directory /workdir/hadoop-ozone/integration-test/target/test-dir/MiniOzoneClusterImpl-5ecceb84-7f52-4627-9972-1a459b519b1f/datanode-1/data/ratis/0f624762-641c-472e-9825-70dca62087d8
2019-09-12 10:33:00,850 [pool-38-thread-1] INFO  server.RaftServerConfigKeys (ConfUtils.java:logGet(43)) - raft.server.log.queue.byte-limit = 2147483647 (custom)
2019-09-12 10:33:00,850 [pool-38-thread-1] INFO  server.RaftServerConfigKeys (ConfUtils.java:logGet(43)) - raft.server.log.queue.element-limit = 1024 (custom)
2019-09-12 10:33:00,850 [pool-38-thread-1] INFO  server.RaftServerConfigKeys (ConfUtils.java:logGet(43)) - raft.server.log.segment.size.max = 1048576 (custom)
2019-09-12 10:33:00,850 [pool-38-thread-1] INFO  server.RaftServerConfigKeys (ConfUtils.java:logGet(43)) - raft.server.log.preallocated.size = 16384 (custom)
2019-09-12 10:33:00,850 [pool-38-thread-1] INFO  server.RaftServerConfigKeys (ConfUtils.java:logGet(43)) - raft.server.log.write.buffer.size = 33554432 (custom)
2019-09-12 10:33:00,850 [pool-38-thread-1] INFO  server.RaftServerConfigKeys (ConfUtils.java:logGet(43)) - raft.server.log.force.sync.num = 128 (default)
2019-09-12 10:33:00,851 [pool-38-thread-1] INFO  server.RaftServerConfigKeys (ConfUtils.java:logGet(43)) - raft.server.log.statemachine.data.sync = true (default)
2019-09-12 10:33:00,851 [pool-38-thread-1] INFO  server.RaftServerConfigKeys (ConfUtils.java:logGet(43)) - raft.server.log.statemachine.data.sync.timeout = 10s (default)
2019-09-12 10:33:00,851 [pool-38-thread-1] INFO  server.RaftServerConfigKeys (ConfUtils.java:logGet(43)) - raft.server.log.statemachine.data.sync.timeout.retry = -1 (default)
2019-09-12 10:33:00,851 [pool-38-thread-1] INFO  server.RaftServerConfigKeys (ConfUtils.java:logGet(43)) - raft.server.log.statemachine.data.caching.enabled = true (custom)
2019-09-12 10:33:00,852 [pool-38-thread-1] INFO  segmented.SegmentedRaftLogWorker (SegmentedRaftLogWorker.java:lambda$new$0(132)) - 6d26f522-fe03-4a67-aa48-7af853b41a99-SegmentedRaftLogWorker:Storage Directory /workdir/hadoop-ozone/integration-test/target/test-dir/MiniOzoneClusterImpl-5ecceb84-7f52-4627-9972-1a459b519b1f/datanode-1/data/ratis/0f624762-641c-472e-9825-70dca62087d8: flushIndex: setUnconditionally 0 -> -1
2019-09-12 10:33:00,852 [pool-38-thread-1] INFO  server.RaftServerConfigKeys (ConfUtils.java:logGet(43)) - raft.server.snapshot.auto.trigger.enabled = true (custom)
2019-09-12 10:33:00,852 [pool-38-thread-1] INFO  server.RaftServerConfigKeys (ConfUtils.java:logGet(43)) - raft.server.snapshot.auto.trigger.threshold = 10000 (custom)
2019-09-12 10:33:00,852 [pool-38-thread-1] INFO  server.RaftServerConfigKeys (ConfUtils.java:logGet(43)) - raft.server.retrycache.expirytime = 600000ms (custom)
2019-09-12 10:33:00,853 [pool-38-thread-1] INFO  impl.RaftServerImpl (RaftServerImpl.java:start(180)) - 6d26f522-fe03-4a67-aa48-7af853b41a99: start group-70DCA62087D8
2019-09-12 10:33:00,853 [pool-38-thread-1] INFO  impl.RaftServerImpl (RaftServerImpl.java:setRole(171)) - 6d26f522-fe03-4a67-aa48-7af853b41a99:group-70DCA62087D8 changes role from null to FOLLOWER at term 0 for startAsFollower
2019-09-12 10:33:00,853 [pool-38-thread-1] INFO  impl.RoleInfo (RoleInfo.java:updateAndGet(143)) - 6d26f522-fe03-4a67-aa48-7af853b41a99: start FollowerState
2019-09-12 10:33:00,853 [pool-38-thread-1] INFO  util.JmxRegister (JmxRegister.java:tryRegister(44)) - Successfully registered JMX Bean with object name Ratis:service=RaftServer,group=group-70DCA62087D8,id=6d26f522-fe03-4a67-aa48-7af853b41a99
2019-09-12 10:33:00,861 [RatisPipelineUtilsThread] INFO  pipeline.PipelineStateManager (PipelineStateManager.java:addPipeline(56)) - Created pipeline Pipeline[ Id: 0f624762-641c-472e-9825-70dca62087d8, Nodes: 6d26f522-fe03-4a67-aa48-7af853b41a99{ip: 192.168.157.195, host: pr-hdds-1569-xtfnx-3545843844, networkLocation: /default-rack, certSerialId: null}, Type:RATIS, Factor:ONE, State:OPEN]
2019-09-12 10:33:00,879 [RatisPipelineUtilsThread] ERROR pipeline.PipelinePlacementPolicy (PipelinePlacementPolicy.java:meetCriteria(91)) - Pipeline Placement: Doesn't meet the criteria to be viable node. Heaviness: 6
2019-09-12 10:33:00,879 [RatisPipelineUtilsThread] ERROR pipeline.PipelinePlacementPolicy (PipelinePlacementPolicy.java:meetCriteria(91)) - Pipeline Placement: Doesn't meet the criteria to be viable node. Heaviness: 6
2019-09-12 10:33:00,879 [RatisPipelineUtilsThread] ERROR pipeline.PipelinePlacementPolicy (PipelinePlacementPolicy.java:meetCriteria(91)) - Pipeline Placement: Doesn't meet the criteria to be viable node. Heaviness: 6
2019-09-12 10:33:00,880 [RatisPipelineUtilsThread] ERROR pipeline.PipelinePlacementPolicy (PipelinePlacementPolicy.java:meetCriteria(91)) - Pipeline Placement: Doesn't meet the criteria to be viable node. Heaviness: 6
2019-09-12 10:33:00,895 [grpc-default-executor-0] INFO  impl.RaftServerProxy (RaftServerProxy.java:addNew(89)) - 81ee34d7-b83f-41e3-b846-e574d684802c: addNew group-E5EA22A8BE22:[81ee34d7-b83f-41e3-b846-e574d684802c:192.168.157.195:36593] returns group-E5EA22A8BE22:java.util.concurrent.CompletableFuture@1f7d0507[Not completed]
2019-09-12 10:33:00,898 [pool-82-thread-1] INFO  impl.RaftServerImpl (RaftServerImpl.java:<init>(93)) - 81ee34d7-b83f-41e3-b846-e574d684802c: new RaftServerImpl for group-E5EA22A8BE22:[81ee34d7-b83f-41e3-b846-e574d684802c:192.168.157.195:36593] with ContainerStateMachine:uninitialized
2019-09-12 10:33:00,898 [pool-82-thread-1] INFO  server.RaftServerConfigKeys (ConfUtils.java:logGet(43)) - raft.server.rpc.timeout.min = 5s (custom)
2019-09-12 10:33:00,898 [pool-82-thread-1] INFO  server.RaftServerConfigKeys (ConfUtils.java:logGet(43)) - raft.server.rpc.timeout.max = 5200ms (custom)
2019-09-12 10:33:00,899 [pool-82-thread-1] INFO  server.RaftServerConfigKeys (ConfUtils.java:logGet(43)) - raft.server.rpcslowness.timeout = 120s (custom)
2019-09-12 10:33:00,899 [pool-82-thread-1] INFO  server.RaftServerConfigKeys (ConfUtils.java:logGet(43)) - raft.server.sleep.deviation.threshold = 300 (default)
2019-09-12 10:33:00,899 [pool-82-thread-1] INFO  server.RaftServerConfigKeys (ConfUtils.java:logGet(43)) - raft.server.log.appender.install.snapshot.enabled = false (custom)
2019-09-12 10:33:00,899 [pool-82-thread-1] INFO  impl.RaftServerImpl (ServerState.java:<init>(105)) - 81ee34d7-b83f-41e3-b846-e574d684802c:group-E5EA22A8BE22 ConfigurationManager, init=-1: [81ee34d7-b83f-41e3-b846-e574d684802c:192.168.157.195:36593], old=null, confs=<EMPTY_MAP>
2019-09-12 10:33:00,900 [pool-82-thread-1] INFO  server.RaftServerConfigKeys (ConfUtils.java:logGet(43)) - raft.server.storage.dir = [/workdir/hadoop-ozone/integration-test/target/test-dir/MiniOzoneClusterImpl-5ecceb84-7f52-4627-9972-1a459b519b1f/datanode-5/data/ratis] (custom)
2019-09-12 10:33:00,900 [pool-82-thread-1] INFO  storage.RaftStorageDirectory (RaftStorageDirectory.java:analyzeStorage(246)) - The storage directory /workdir/hadoop-ozone/integration-test/target/test-dir/MiniOzoneClusterImpl-5ecceb84-7f52-4627-9972-1a459b519b1f/datanode-5/data/ratis/fb183d4d-ecff-47be-a567-e5ea22a8be22 does not exist. Creating ...
2019-09-12 10:33:00,913 [pool-82-thread-1] INFO  storage.RaftStorageDirectory (RaftStorageDirectory.java:tryLock(328)) - Lock on /workdir/hadoop-ozone/integration-test/target/test-dir/MiniOzoneClusterImpl-5ecceb84-7f52-4627-9972-1a459b519b1f/datanode-5/data/ratis/fb183d4d-ecff-47be-a567-e5ea22a8be22/in_use.lock acquired by nodename 32653@pr-hdds-1569-xtfnx-3545843844
2019-09-12 10:33:00,926 [pool-82-thread-1] INFO  storage.RaftStorage (RaftStorage.java:format(72)) - Storage directory /workdir/hadoop-ozone/integration-test/target/test-dir/MiniOzoneClusterImpl-5ecceb84-7f52-4627-9972-1a459b519b1f/datanode-5/data/ratis/fb183d4d-ecff-47be-a567-e5ea22a8be22 has been successfully formatted.
2019-09-12 10:33:00,927 [pool-82-thread-1] INFO  ratis.ContainerStateMachine (ContainerStateMachine.java:loadSnapshot(226)) - group-E5EA22A8BE22: The snapshot info is null. Setting the last applied indexto:(t:0, i:~)
2019-09-12 10:33:00,927 [pool-82-thread-1] INFO  server.RaftServerConfigKeys (ConfUtils.java:logGet(43)) - raft.server.leader.election.timeout = 120s (custom)
2019-09-12 10:33:00,927 [pool-82-thread-1] INFO  server.RaftServerConfigKeys (ConfUtils.java:logGet(43)) - raft.server.log.use.memory = false (default)
2019-09-12 10:33:00,927 [pool-82-thread-1] INFO  server.RaftServerConfigKeys (ConfUtils.java:logGet(43)) - raft.server.log.purge.gap = 1000000 (custom)
2019-09-12 10:33:00,928 [pool-82-thread-1] INFO  server.RaftServerConfigKeys (ConfUtils.java:logGet(43)) - raft.server.log.appender.buffer.byte-limit = 33554432 (custom)
2019-09-12 10:33:00,928 [pool-82-thread-1] INFO  server.RaftServerConfigKeys (ConfUtils.java:logGet(43)) - raft.server.log.segment.size.max = 1048576 (custom)
2019-09-12 10:33:00,928 [pool-82-thread-1] INFO  server.RaftServerConfigKeys (ConfUtils.java:logGet(43)) - raft.server.log.segment.cache.num.max = 2 (custom)
2019-09-12 10:33:00,928 [pool-82-thread-1] INFO  segmented.SegmentedRaftLogWorker (SegmentedRaftLogWorker.java:<init>(172)) - new 81ee34d7-b83f-41e3-b846-e574d684802c-SegmentedRaftLogWorker:Storage Directory /workdir/hadoop-ozone/integration-test/target/test-dir/MiniOzoneClusterImpl-5ecceb84-7f52-4627-9972-1a459b519b1f/datanode-5/data/ratis/fb183d4d-ecff-47be-a567-e5ea22a8be22 for RaftStorage:Storage Directory /workdir/hadoop-ozone/integration-test/target/test-dir/MiniOzoneClusterImpl-5ecceb84-7f52-4627-9972-1a459b519b1f/datanode-5/data/ratis/fb183d4d-ecff-47be-a567-e5ea22a8be22
2019-09-12 10:33:00,929 [pool-82-thread-1] INFO  server.RaftServerConfigKeys (ConfUtils.java:logGet(43)) - raft.server.log.queue.byte-limit = 2147483647 (custom)
2019-09-12 10:33:00,929 [pool-82-thread-1] INFO  server.RaftServerConfigKeys (ConfUtils.java:logGet(43)) - raft.server.log.queue.element-limit = 1024 (custom)
2019-09-12 10:33:00,929 [pool-82-thread-1] INFO  server.RaftServerConfigKeys (ConfUtils.java:logGet(43)) - raft.server.log.segment.size.max = 1048576 (custom)
2019-09-12 10:33:00,929 [pool-82-thread-1] INFO  server.RaftServerConfigKeys (ConfUtils.java:logGet(43)) - raft.server.log.preallocated.size = 16384 (custom)
2019-09-12 10:33:00,929 [pool-82-thread-1] INFO  server.RaftServerConfigKeys (ConfUtils.java:logGet(43)) - raft.server.log.write.buffer.size = 33554432 (custom)
2019-09-12 10:33:00,930 [pool-82-thread-1] INFO  server.RaftServerConfigKeys (ConfUtils.java:logGet(43)) - raft.server.log.force.sync.num = 128 (default)
2019-09-12 10:33:00,930 [pool-82-thread-1] INFO  server.RaftServerConfigKeys (ConfUtils.java:logGet(43)) - raft.server.log.statemachine.data.sync = true (default)
2019-09-12 10:33:00,930 [pool-82-thread-1] INFO  server.RaftServerConfigKeys (ConfUtils.java:logGet(43)) - raft.server.log.statemachine.data.sync.timeout = 10s (default)
2019-09-12 10:33:00,930 [pool-82-thread-1] INFO  server.RaftServerConfigKeys (ConfUtils.java:logGet(43)) - raft.server.log.statemachine.data.sync.timeout.retry = -1 (default)
2019-09-12 10:33:00,931 [pool-82-thread-1] INFO  server.RaftServerConfigKeys (ConfUtils.java:logGet(43)) - raft.server.log.statemachine.data.caching.enabled = true (custom)
2019-09-12 10:33:00,931 [pool-82-thread-1] INFO  segmented.SegmentedRaftLogWorker (SegmentedRaftLogWorker.java:lambda$new$0(132)) - 81ee34d7-b83f-41e3-b846-e574d684802c-SegmentedRaftLogWorker:Storage Directory /workdir/hadoop-ozone/integration-test/target/test-dir/MiniOzoneClusterImpl-5ecceb84-7f52-4627-9972-1a459b519b1f/datanode-5/data/ratis/fb183d4d-ecff-47be-a567-e5ea22a8be22: flushIndex: setUnconditionally 0 -> -1
2019-09-12 10:33:00,932 [pool-82-thread-1] INFO  server.RaftServerConfigKeys (ConfUtils.java:logGet(43)) - raft.server.snapshot.auto.trigger.enabled = true (custom)
2019-09-12 10:33:00,932 [pool-82-thread-1] INFO  server.RaftServerConfigKeys (ConfUtils.java:logGet(43)) - raft.server.snapshot.auto.trigger.threshold = 10000 (custom)
2019-09-12 10:33:00,932 [pool-82-thread-1] INFO  server.RaftServerConfigKeys (ConfUtils.java:logGet(43)) - raft.server.retrycache.expirytime = 600000ms (custom)
2019-09-12 10:33:00,933 [pool-82-thread-1] INFO  impl.RaftServerImpl (RaftServerImpl.java:start(180)) - 81ee34d7-b83f-41e3-b846-e574d684802c: start group-E5EA22A8BE22
2019-09-12 10:33:00,933 [pool-82-thread-1] INFO  impl.RaftServerImpl (RaftServerImpl.java:setRole(171)) - 81ee34d7-b83f-41e3-b846-e574d684802c:group-E5EA22A8BE22 changes role from null to FOLLOWER at term 0 for startAsFollower
2019-09-12 10:33:00,933 [pool-82-thread-1] INFO  impl.RoleInfo (RoleInfo.java:updateAndGet(143)) - 81ee34d7-b83f-41e3-b846-e574d684802c: start FollowerState
2019-09-12 10:33:00,934 [pool-82-thread-1] INFO  util.JmxRegister (JmxRegister.java:tryRegister(44)) - Successfully registered JMX Bean with object name Ratis:service=RaftServer,group=group-E5EA22A8BE22,id=81ee34d7-b83f-41e3-b846-e574d684802c
2019-09-12 10:33:00,940 [RatisPipelineUtilsThread] INFO  pipeline.PipelineStateManager (PipelineStateManager.java:addPipeline(56)) - Created pipeline Pipeline[ Id: fb183d4d-ecff-47be-a567-e5ea22a8be22, Nodes: 81ee34d7-b83f-41e3-b846-e574d684802c{ip: 192.168.157.195, host: pr-hdds-1569-xtfnx-3545843844, networkLocation: /default-rack, certSerialId: null}, Type:RATIS, Factor:ONE, State:OPEN]
2019-09-12 10:33:00,943 [RatisPipelineUtilsThread] ERROR pipeline.PipelinePlacementPolicy (PipelinePlacementPolicy.java:meetCriteria(91)) - Pipeline Placement: Doesn't meet the criteria to be viable node. Heaviness: 6
2019-09-12 10:33:00,943 [RatisPipelineUtilsThread] ERROR pipeline.PipelinePlacementPolicy (PipelinePlacementPolicy.java:meetCriteria(91)) - Pipeline Placement: Doesn't meet the criteria to be viable node. Heaviness: 6
2019-09-12 10:33:00,943 [RatisPipelineUtilsThread] ERROR pipeline.PipelinePlacementPolicy (PipelinePlacementPolicy.java:meetCriteria(91)) - Pipeline Placement: Doesn't meet the criteria to be viable node. Heaviness: 6
2019-09-12 10:33:00,944 [RatisPipelineUtilsThread] ERROR pipeline.PipelinePlacementPolicy (PipelinePlacementPolicy.java:meetCriteria(91)) - Pipeline Placement: Doesn't meet the criteria to be viable node. Heaviness: 6
2019-09-12 10:33:00,954 [grpc-default-executor-0] INFO  impl.RaftServerProxy (RaftServerProxy.java:addNew(89)) - 083ebb38-73c7-4c90-bb26-8945a60751ec: addNew group-8299C561305A:[083ebb38-73c7-4c90-bb26-8945a60751ec:192.168.157.195:37300] returns group-8299C561305A:java.util.concurrent.CompletableFuture@28ae5c23[Not completed]
2019-09-12 10:33:00,957 [pool-93-thread-1] INFO  impl.RaftServerImpl (RaftServerImpl.java:<init>(93)) - 083ebb38-73c7-4c90-bb26-8945a60751ec: new RaftServerImpl for group-8299C561305A:[083ebb38-73c7-4c90-bb26-8945a60751ec:192.168.157.195:37300] with ContainerStateMachine:uninitialized
2019-09-12 10:33:00,957 [pool-93-thread-1] INFO  server.RaftServerConfigKeys (ConfUtils.java:logGet(43)) - raft.server.rpc.timeout.min = 5s (custom)
2019-09-12 10:33:00,958 [pool-93-thread-1] INFO  server.RaftServerConfigKeys (ConfUtils.java:logGet(43)) - raft.server.rpc.timeout.max = 5200ms (custom)
2019-09-12 10:33:00,958 [pool-93-thread-1] INFO  server.RaftServerConfigKeys (ConfUtils.java:logGet(43)) - raft.server.rpcslowness.timeout = 120s (custom)
2019-09-12 10:33:00,958 [pool-93-thread-1] INFO  server.RaftServerConfigKeys (ConfUtils.java:logGet(43)) - raft.server.sleep.deviation.threshold = 300 (default)
2019-09-12 10:33:00,958 [pool-93-thread-1] INFO  server.RaftServerConfigKeys (ConfUtils.java:logGet(43)) - raft.server.log.appender.install.snapshot.enabled = false (custom)
2019-09-12 10:33:00,958 [pool-93-thread-1] INFO  impl.RaftServerImpl (ServerState.java:<init>(105)) - 083ebb38-73c7-4c90-bb26-8945a60751ec:group-8299C561305A ConfigurationManager, init=-1: [083ebb38-73c7-4c90-bb26-8945a60751ec:192.168.157.195:37300], old=null, confs=<EMPTY_MAP>
2019-09-12 10:33:00,959 [pool-93-thread-1] INFO  server.RaftServerConfigKeys (ConfUtils.java:logGet(43)) - raft.server.storage.dir = [/workdir/hadoop-ozone/integration-test/target/test-dir/MiniOzoneClusterImpl-5ecceb84-7f52-4627-9972-1a459b519b1f/datanode-6/data/ratis] (custom)
2019-09-12 10:33:00,959 [pool-93-thread-1] INFO  storage.RaftStorageDirectory (RaftStorageDirectory.java:analyzeStorage(246)) - The storage directory /workdir/hadoop-ozone/integration-test/target/test-dir/MiniOzoneClusterImpl-5ecceb84-7f52-4627-9972-1a459b519b1f/datanode-6/data/ratis/6d810285-4bda-475b-a3c3-8299c561305a does not exist. Creating ...
2019-09-12 10:33:00,974 [pool-93-thread-1] INFO  storage.RaftStorageDirectory (RaftStorageDirectory.java:tryLock(328)) - Lock on /workdir/hadoop-ozone/integration-test/target/test-dir/MiniOzoneClusterImpl-5ecceb84-7f52-4627-9972-1a459b519b1f/datanode-6/data/ratis/6d810285-4bda-475b-a3c3-8299c561305a/in_use.lock acquired by nodename 32653@pr-hdds-1569-xtfnx-3545843844
2019-09-12 10:33:01,008 [pool-93-thread-1] INFO  storage.RaftStorage (RaftStorage.java:format(72)) - Storage directory /workdir/hadoop-ozone/integration-test/target/test-dir/MiniOzoneClusterImpl-5ecceb84-7f52-4627-9972-1a459b519b1f/datanode-6/data/ratis/6d810285-4bda-475b-a3c3-8299c561305a has been successfully formatted.
2019-09-12 10:33:01,008 [pool-93-thread-1] INFO  ratis.ContainerStateMachine (ContainerStateMachine.java:loadSnapshot(226)) - group-8299C561305A: The snapshot info is null. Setting the last applied indexto:(t:0, i:~)
2019-09-12 10:33:01,008 [pool-93-thread-1] INFO  server.RaftServerConfigKeys (ConfUtils.java:logGet(43)) - raft.server.leader.election.timeout = 120s (custom)
2019-09-12 10:33:01,009 [pool-93-thread-1] INFO  server.RaftServerConfigKeys (ConfUtils.java:logGet(43)) - raft.server.log.use.memory = false (default)
2019-09-12 10:33:01,009 [pool-93-thread-1] INFO  server.RaftServerConfigKeys (ConfUtils.java:logGet(43)) - raft.server.log.purge.gap = 1000000 (custom)
2019-09-12 10:33:01,009 [pool-93-thread-1] INFO  server.RaftServerConfigKeys (ConfUtils.java:logGet(43)) - raft.server.log.appender.buffer.byte-limit = 33554432 (custom)
2019-09-12 10:33:01,009 [pool-93-thread-1] INFO  server.RaftServerConfigKeys (ConfUtils.java:logGet(43)) - raft.server.log.segment.size.max = 1048576 (custom)
2019-09-12 10:33:01,009 [pool-93-thread-1] INFO  server.RaftServerConfigKeys (ConfUtils.java:logGet(43)) - raft.server.log.segment.cache.num.max = 2 (custom)
2019-09-12 10:33:01,010 [pool-93-thread-1] INFO  segmented.SegmentedRaftLogWorker (SegmentedRaftLogWorker.java:<init>(172)) - new 083ebb38-73c7-4c90-bb26-8945a60751ec-SegmentedRaftLogWorker:Storage Directory /workdir/hadoop-ozone/integration-test/target/test-dir/MiniOzoneClusterImpl-5ecceb84-7f52-4627-9972-1a459b519b1f/datanode-6/data/ratis/6d810285-4bda-475b-a3c3-8299c561305a for RaftStorage:Storage Directory /workdir/hadoop-ozone/integration-test/target/test-dir/MiniOzoneClusterImpl-5ecceb84-7f52-4627-9972-1a459b519b1f/datanode-6/data/ratis/6d810285-4bda-475b-a3c3-8299c561305a
2019-09-12 10:33:01,010 [pool-93-thread-1] INFO  server.RaftServerConfigKeys (ConfUtils.java:logGet(43)) - raft.server.log.queue.byte-limit = 2147483647 (custom)
2019-09-12 10:33:01,010 [pool-93-thread-1] INFO  server.RaftServerConfigKeys (ConfUtils.java:logGet(43)) - raft.server.log.queue.element-limit = 1024 (custom)
2019-09-12 10:33:01,010 [pool-93-thread-1] INFO  server.RaftServerConfigKeys (ConfUtils.java:logGet(43)) - raft.server.log.segment.size.max = 1048576 (custom)
2019-09-12 10:33:01,010 [pool-93-thread-1] INFO  server.RaftServerConfigKeys (ConfUtils.java:logGet(43)) - raft.server.log.preallocated.size = 16384 (custom)
2019-09-12 10:33:01,011 [pool-93-thread-1] INFO  server.RaftServerConfigKeys (ConfUtils.java:logGet(43)) - raft.server.log.write.buffer.size = 33554432 (custom)
2019-09-12 10:33:01,011 [pool-93-thread-1] INFO  server.RaftServerConfigKeys (ConfUtils.java:logGet(43)) - raft.server.log.force.sync.num = 128 (default)
2019-09-12 10:33:01,011 [pool-93-thread-1] INFO  server.RaftServerConfigKeys (ConfUtils.java:logGet(43)) - raft.server.log.statemachine.data.sync = true (default)
2019-09-12 10:33:01,011 [pool-93-thread-1] INFO  server.RaftServerConfigKeys (ConfUtils.java:logGet(43)) - raft.server.log.statemachine.data.sync.timeout = 10s (default)
2019-09-12 10:33:01,011 [pool-93-thread-1] INFO  server.RaftServerConfigKeys (ConfUtils.java:logGet(43)) - raft.server.log.statemachine.data.sync.timeout.retry = -1 (default)
2019-09-12 10:33:01,012 [pool-93-thread-1] INFO  server.RaftServerConfigKeys (ConfUtils.java:logGet(43)) - raft.server.log.statemachine.data.caching.enabled = true (custom)
2019-09-12 10:33:01,012 [pool-93-thread-1] INFO  segmented.SegmentedRaftLogWorker (SegmentedRaftLogWorker.java:lambda$new$0(132)) - 083ebb38-73c7-4c90-bb26-8945a60751ec-SegmentedRaftLogWorker:Storage Directory /workdir/hadoop-ozone/integration-test/target/test-dir/MiniOzoneClusterImpl-5ecceb84-7f52-4627-9972-1a459b519b1f/datanode-6/data/ratis/6d810285-4bda-475b-a3c3-8299c561305a: flushIndex: setUnconditionally 0 -> -1
2019-09-12 10:33:01,012 [pool-93-thread-1] INFO  server.RaftServerConfigKeys (ConfUtils.java:logGet(43)) - raft.server.snapshot.auto.trigger.enabled = true (custom)
2019-09-12 10:33:01,013 [pool-93-thread-1] INFO  server.RaftServerConfigKeys (ConfUtils.java:logGet(43)) - raft.server.snapshot.auto.trigger.threshold = 10000 (custom)
2019-09-12 10:33:01,013 [pool-93-thread-1] INFO  server.RaftServerConfigKeys (ConfUtils.java:logGet(43)) - raft.server.retrycache.expirytime = 600000ms (custom)
2019-09-12 10:33:01,013 [pool-93-thread-1] INFO  impl.RaftServerImpl (RaftServerImpl.java:start(180)) - 083ebb38-73c7-4c90-bb26-8945a60751ec: start group-8299C561305A
2019-09-12 10:33:01,013 [pool-93-thread-1] INFO  impl.RaftServerImpl (RaftServerImpl.java:setRole(171)) - 083ebb38-73c7-4c90-bb26-8945a60751ec:group-8299C561305A changes role from null to FOLLOWER at term 0 for startAsFollower
2019-09-12 10:33:01,014 [pool-93-thread-1] INFO  impl.RoleInfo (RoleInfo.java:updateAndGet(143)) - 083ebb38-73c7-4c90-bb26-8945a60751ec: start FollowerState
2019-09-12 10:33:01,014 [pool-93-thread-1] INFO  util.JmxRegister (JmxRegister.java:tryRegister(44)) - Successfully registered JMX Bean with object name Ratis:service=RaftServer,group=group-8299C561305A,id=083ebb38-73c7-4c90-bb26-8945a60751ec
2019-09-12 10:33:01,022 [RatisPipelineUtilsThread] INFO  pipeline.PipelineStateManager (PipelineStateManager.java:addPipeline(56)) - Created pipeline Pipeline[ Id: 6d810285-4bda-475b-a3c3-8299c561305a, Nodes: 083ebb38-73c7-4c90-bb26-8945a60751ec{ip: 192.168.157.195, host: pr-hdds-1569-xtfnx-3545843844, networkLocation: /default-rack, certSerialId: null}, Type:RATIS, Factor:ONE, State:OPEN]
2019-09-12 10:33:01,024 [RatisPipelineUtilsThread] ERROR pipeline.PipelinePlacementPolicy (PipelinePlacementPolicy.java:meetCriteria(91)) - Pipeline Placement: Doesn't meet the criteria to be viable node. Heaviness: 6
2019-09-12 10:33:01,024 [RatisPipelineUtilsThread] ERROR pipeline.PipelinePlacementPolicy (PipelinePlacementPolicy.java:meetCriteria(91)) - Pipeline Placement: Doesn't meet the criteria to be viable node. Heaviness: 6
2019-09-12 10:33:01,025 [RatisPipelineUtilsThread] ERROR pipeline.PipelinePlacementPolicy (PipelinePlacementPolicy.java:meetCriteria(91)) - Pipeline Placement: Doesn't meet the criteria to be viable node. Heaviness: 6
2019-09-12 10:33:01,025 [RatisPipelineUtilsThread] ERROR pipeline.PipelinePlacementPolicy (PipelinePlacementPolicy.java:meetCriteria(91)) - Pipeline Placement: Doesn't meet the criteria to be viable node. Heaviness: 6
2019-09-12 10:33:01,036 [grpc-default-executor-0] INFO  impl.RaftServerProxy (RaftServerProxy.java:addNew(89)) - 31c45c5a-0c90-4266-9947-1c7c078b7ec4: addNew group-1FD6386E7063:[31c45c5a-0c90-4266-9947-1c7c078b7ec4:192.168.157.195:42694] returns group-1FD6386E7063:java.util.concurrent.CompletableFuture@1d03ce7d[Not completed]
2019-09-12 10:33:01,038 [pool-71-thread-1] INFO  impl.RaftServerImpl (RaftServerImpl.java:<init>(93)) - 31c45c5a-0c90-4266-9947-1c7c078b7ec4: new RaftServerImpl for group-1FD6386E7063:[31c45c5a-0c90-4266-9947-1c7c078b7ec4:192.168.157.195:42694] with ContainerStateMachine:uninitialized
2019-09-12 10:33:01,038 [pool-71-thread-1] INFO  server.RaftServerConfigKeys (ConfUtils.java:logGet(43)) - raft.server.rpc.timeout.min = 5s (custom)
2019-09-12 10:33:01,039 [pool-71-thread-1] INFO  server.RaftServerConfigKeys (ConfUtils.java:logGet(43)) - raft.server.rpc.timeout.max = 5200ms (custom)
2019-09-12 10:33:01,039 [pool-71-thread-1] INFO  server.RaftServerConfigKeys (ConfUtils.java:logGet(43)) - raft.server.rpcslowness.timeout = 120s (custom)
2019-09-12 10:33:01,039 [pool-71-thread-1] INFO  server.RaftServerConfigKeys (ConfUtils.java:logGet(43)) - raft.server.sleep.deviation.threshold = 300 (default)
2019-09-12 10:33:01,039 [pool-71-thread-1] INFO  server.RaftServerConfigKeys (ConfUtils.java:logGet(43)) - raft.server.log.appender.install.snapshot.enabled = false (custom)
2019-09-12 10:33:01,040 [pool-71-thread-1] INFO  impl.RaftServerImpl (ServerState.java:<init>(105)) - 31c45c5a-0c90-4266-9947-1c7c078b7ec4:group-1FD6386E7063 ConfigurationManager, init=-1: [31c45c5a-0c90-4266-9947-1c7c078b7ec4:192.168.157.195:42694], old=null, confs=<EMPTY_MAP>
2019-09-12 10:33:01,040 [pool-71-thread-1] INFO  server.RaftServerConfigKeys (ConfUtils.java:logGet(43)) - raft.server.storage.dir = [/workdir/hadoop-ozone/integration-test/target/test-dir/MiniOzoneClusterImpl-5ecceb84-7f52-4627-9972-1a459b519b1f/datanode-4/data/ratis] (custom)
2019-09-12 10:33:01,041 [pool-71-thread-1] INFO  storage.RaftStorageDirectory (RaftStorageDirectory.java:analyzeStorage(246)) - The storage directory /workdir/hadoop-ozone/integration-test/target/test-dir/MiniOzoneClusterImpl-5ecceb84-7f52-4627-9972-1a459b519b1f/datanode-4/data/ratis/663b7dec-6338-46e9-a521-1fd6386e7063 does not exist. Creating ...
2019-09-12 10:33:01,054 [pool-71-thread-1] INFO  storage.RaftStorageDirectory (RaftStorageDirectory.java:tryLock(328)) - Lock on /workdir/hadoop-ozone/integration-test/target/test-dir/MiniOzoneClusterImpl-5ecceb84-7f52-4627-9972-1a459b519b1f/datanode-4/data/ratis/663b7dec-6338-46e9-a521-1fd6386e7063/in_use.lock acquired by nodename 32653@pr-hdds-1569-xtfnx-3545843844
2019-09-12 10:33:01,079 [pool-71-thread-1] INFO  storage.RaftStorage (RaftStorage.java:format(72)) - Storage directory /workdir/hadoop-ozone/integration-test/target/test-dir/MiniOzoneClusterImpl-5ecceb84-7f52-4627-9972-1a459b519b1f/datanode-4/data/ratis/663b7dec-6338-46e9-a521-1fd6386e7063 has been successfully formatted.
2019-09-12 10:33:01,080 [pool-71-thread-1] INFO  ratis.ContainerStateMachine (ContainerStateMachine.java:loadSnapshot(226)) - group-1FD6386E7063: The snapshot info is null. Setting the last applied indexto:(t:0, i:~)
2019-09-12 10:33:01,080 [pool-71-thread-1] INFO  server.RaftServerConfigKeys (ConfUtils.java:logGet(43)) - raft.server.leader.election.timeout = 120s (custom)
2019-09-12 10:33:01,080 [pool-71-thread-1] INFO  server.RaftServerConfigKeys (ConfUtils.java:logGet(43)) - raft.server.log.use.memory = false (default)
2019-09-12 10:33:01,080 [pool-71-thread-1] INFO  server.RaftServerConfigKeys (ConfUtils.java:logGet(43)) - raft.server.log.purge.gap = 1000000 (custom)
2019-09-12 10:33:01,080 [pool-71-thread-1] INFO  server.RaftServerConfigKeys (ConfUtils.java:logGet(43)) - raft.server.log.appender.buffer.byte-limit = 33554432 (custom)
2019-09-12 10:33:01,081 [pool-71-thread-1] INFO  server.RaftServerConfigKeys (ConfUtils.java:logGet(43)) - raft.server.log.segment.size.max = 1048576 (custom)
2019-09-12 10:33:01,081 [pool-71-thread-1] INFO  server.RaftServerConfigKeys (ConfUtils.java:logGet(43)) - raft.server.log.segment.cache.num.max = 2 (custom)
2019-09-12 10:33:01,081 [pool-71-thread-1] INFO  segmented.SegmentedRaftLogWorker (SegmentedRaftLogWorker.java:<init>(172)) - new 31c45c5a-0c90-4266-9947-1c7c078b7ec4-SegmentedRaftLogWorker:Storage Directory /workdir/hadoop-ozone/integration-test/target/test-dir/MiniOzoneClusterImpl-5ecceb84-7f52-4627-9972-1a459b519b1f/datanode-4/data/ratis/663b7dec-6338-46e9-a521-1fd6386e7063 for RaftStorage:Storage Directory /workdir/hadoop-ozone/integration-test/target/test-dir/MiniOzoneClusterImpl-5ecceb84-7f52-4627-9972-1a459b519b1f/datanode-4/data/ratis/663b7dec-6338-46e9-a521-1fd6386e7063
2019-09-12 10:33:01,081 [pool-71-thread-1] INFO  server.RaftServerConfigKeys (ConfUtils.java:logGet(43)) - raft.server.log.queue.byte-limit = 2147483647 (custom)
2019-09-12 10:33:01,081 [pool-71-thread-1] INFO  server.RaftServerConfigKeys (ConfUtils.java:logGet(43)) - raft.server.log.queue.element-limit = 1024 (custom)
2019-09-12 10:33:01,082 [pool-71-thread-1] INFO  server.RaftServerConfigKeys (ConfUtils.java:logGet(43)) - raft.server.log.segment.size.max = 1048576 (custom)
2019-09-12 10:33:01,082 [pool-71-thread-1] INFO  server.RaftServerConfigKeys (ConfUtils.java:logGet(43)) - raft.server.log.preallocated.size = 16384 (custom)
2019-09-12 10:33:01,082 [pool-71-thread-1] INFO  server.RaftServerConfigKeys (ConfUtils.java:logGet(43)) - raft.server.log.write.buffer.size = 33554432 (custom)
2019-09-12 10:33:01,082 [pool-71-thread-1] INFO  server.RaftServerConfigKeys (ConfUtils.java:logGet(43)) - raft.server.log.force.sync.num = 128 (default)
2019-09-12 10:33:01,082 [pool-71-thread-1] INFO  server.RaftServerConfigKeys (ConfUtils.java:logGet(43)) - raft.server.log.statemachine.data.sync = true (default)
2019-09-12 10:33:01,082 [pool-71-thread-1] INFO  server.RaftServerConfigKeys (ConfUtils.java:logGet(43)) - raft.server.log.statemachine.data.sync.timeout = 10s (default)
2019-09-12 10:33:01,083 [pool-71-thread-1] INFO  server.RaftServerConfigKeys (ConfUtils.java:logGet(43)) - raft.server.log.statemachine.data.sync.timeout.retry = -1 (default)
2019-09-12 10:33:01,083 [pool-71-thread-1] INFO  server.RaftServerConfigKeys (ConfUtils.java:logGet(43)) - raft.server.log.statemachine.data.caching.enabled = true (custom)
2019-09-12 10:33:01,083 [pool-71-thread-1] INFO  segmented.SegmentedRaftLogWorker (SegmentedRaftLogWorker.java:lambda$new$0(132)) - 31c45c5a-0c90-4266-9947-1c7c078b7ec4-SegmentedRaftLogWorker:Storage Directory /workdir/hadoop-ozone/integration-test/target/test-dir/MiniOzoneClusterImpl-5ecceb84-7f52-4627-9972-1a459b519b1f/datanode-4/data/ratis/663b7dec-6338-46e9-a521-1fd6386e7063: flushIndex: setUnconditionally 0 -> -1
2019-09-12 10:33:01,084 [pool-71-thread-1] INFO  server.RaftServerConfigKeys (ConfUtils.java:logGet(43)) - raft.server.snapshot.auto.trigger.enabled = true (custom)
2019-09-12 10:33:01,084 [pool-71-thread-1] INFO  server.RaftServerConfigKeys (ConfUtils.java:logGet(43)) - raft.server.snapshot.auto.trigger.threshold = 10000 (custom)
2019-09-12 10:33:01,084 [pool-71-thread-1] INFO  server.RaftServerConfigKeys (ConfUtils.java:logGet(43)) - raft.server.retrycache.expirytime = 600000ms (custom)
2019-09-12 10:33:01,084 [pool-71-thread-1] INFO  impl.RaftServerImpl (RaftServerImpl.java:start(180)) - 31c45c5a-0c90-4266-9947-1c7c078b7ec4: start group-1FD6386E7063
2019-09-12 10:33:01,084 [pool-71-thread-1] INFO  impl.RaftServerImpl (RaftServerImpl.java:setRole(171)) - 31c45c5a-0c90-4266-9947-1c7c078b7ec4:group-1FD6386E7063 changes role from null to FOLLOWER at term 0 for startAsFollower
2019-09-12 10:33:01,084 [pool-71-thread-1] INFO  impl.RoleInfo (RoleInfo.java:updateAndGet(143)) - 31c45c5a-0c90-4266-9947-1c7c078b7ec4: start FollowerState
2019-09-12 10:33:01,085 [pool-71-thread-1] INFO  util.JmxRegister (JmxRegister.java:tryRegister(44)) - Successfully registered JMX Bean with object name Ratis:service=RaftServer,group=group-1FD6386E7063,id=31c45c5a-0c90-4266-9947-1c7c078b7ec4
2019-09-12 10:33:01,092 [RatisPipelineUtilsThread] INFO  pipeline.PipelineStateManager (PipelineStateManager.java:addPipeline(56)) - Created pipeline Pipeline[ Id: 663b7dec-6338-46e9-a521-1fd6386e7063, Nodes: 31c45c5a-0c90-4266-9947-1c7c078b7ec4{ip: 192.168.157.195, host: pr-hdds-1569-xtfnx-3545843844, networkLocation: /default-rack, certSerialId: null}, Type:RATIS, Factor:ONE, State:OPEN]
2019-09-12 10:33:01,094 [RatisPipelineUtilsThread] ERROR pipeline.PipelinePlacementPolicy (PipelinePlacementPolicy.java:meetCriteria(91)) - Pipeline Placement: Doesn't meet the criteria to be viable node. Heaviness: 6
2019-09-12 10:33:01,094 [RatisPipelineUtilsThread] ERROR pipeline.PipelinePlacementPolicy (PipelinePlacementPolicy.java:meetCriteria(91)) - Pipeline Placement: Doesn't meet the criteria to be viable node. Heaviness: 6
2019-09-12 10:33:01,094 [RatisPipelineUtilsThread] ERROR pipeline.PipelinePlacementPolicy (PipelinePlacementPolicy.java:meetCriteria(91)) - Pipeline Placement: Doesn't meet the criteria to be viable node. Heaviness: 6
2019-09-12 10:33:01,095 [RatisPipelineUtilsThread] ERROR pipeline.PipelinePlacementPolicy (PipelinePlacementPolicy.java:meetCriteria(91)) - Pipeline Placement: Doesn't meet the criteria to be viable node. Heaviness: 6
2019-09-12 10:33:01,108 [grpc-default-executor-0] INFO  impl.RaftServerProxy (RaftServerProxy.java:addNew(89)) - 81ee34d7-b83f-41e3-b846-e574d684802c: addNew group-4649C8F5578C:[81ee34d7-b83f-41e3-b846-e574d684802c:192.168.157.195:36593] returns group-4649C8F5578C:java.util.concurrent.CompletableFuture@23082562[Not completed]
2019-09-12 10:33:01,109 [pool-82-thread-1] INFO  impl.RaftServerImpl (RaftServerImpl.java:<init>(93)) - 81ee34d7-b83f-41e3-b846-e574d684802c: new RaftServerImpl for group-4649C8F5578C:[81ee34d7-b83f-41e3-b846-e574d684802c:192.168.157.195:36593] with ContainerStateMachine:uninitialized
2019-09-12 10:33:01,110 [pool-82-thread-1] INFO  server.RaftServerConfigKeys (ConfUtils.java:logGet(43)) - raft.server.rpc.timeout.min = 5s (custom)
2019-09-12 10:33:01,110 [pool-82-thread-1] INFO  server.RaftServerConfigKeys (ConfUtils.java:logGet(43)) - raft.server.rpc.timeout.max = 5200ms (custom)
2019-09-12 10:33:01,110 [pool-82-thread-1] INFO  server.RaftServerConfigKeys (ConfUtils.java:logGet(43)) - raft.server.rpcslowness.timeout = 120s (custom)
2019-09-12 10:33:01,110 [pool-82-thread-1] INFO  server.RaftServerConfigKeys (ConfUtils.java:logGet(43)) - raft.server.sleep.deviation.threshold = 300 (default)
2019-09-12 10:33:01,110 [pool-82-thread-1] INFO  server.RaftServerConfigKeys (ConfUtils.java:logGet(43)) - raft.server.log.appender.install.snapshot.enabled = false (custom)
2019-09-12 10:33:01,111 [pool-82-thread-1] INFO  impl.RaftServerImpl (ServerState.java:<init>(105)) - 81ee34d7-b83f-41e3-b846-e574d684802c:group-4649C8F5578C ConfigurationManager, init=-1: [81ee34d7-b83f-41e3-b846-e574d684802c:192.168.157.195:36593], old=null, confs=<EMPTY_MAP>
2019-09-12 10:33:01,111 [pool-82-thread-1] INFO  server.RaftServerConfigKeys (ConfUtils.java:logGet(43)) - raft.server.storage.dir = [/workdir/hadoop-ozone/integration-test/target/test-dir/MiniOzoneClusterImpl-5ecceb84-7f52-4627-9972-1a459b519b1f/datanode-5/data/ratis] (custom)
2019-09-12 10:33:01,111 [pool-82-thread-1] INFO  storage.RaftStorageDirectory (RaftStorageDirectory.java:analyzeStorage(246)) - The storage directory /workdir/hadoop-ozone/integration-test/target/test-dir/MiniOzoneClusterImpl-5ecceb84-7f52-4627-9972-1a459b519b1f/datanode-5/data/ratis/10802ed1-2f3f-421e-a2ff-4649c8f5578c does not exist. Creating ...
2019-09-12 10:33:01,124 [pool-82-thread-1] INFO  storage.RaftStorageDirectory (RaftStorageDirectory.java:tryLock(328)) - Lock on /workdir/hadoop-ozone/integration-test/target/test-dir/MiniOzoneClusterImpl-5ecceb84-7f52-4627-9972-1a459b519b1f/datanode-5/data/ratis/10802ed1-2f3f-421e-a2ff-4649c8f5578c/in_use.lock acquired by nodename 32653@pr-hdds-1569-xtfnx-3545843844
2019-09-12 10:33:01,137 [pool-82-thread-1] INFO  storage.RaftStorage (RaftStorage.java:format(72)) - Storage directory /workdir/hadoop-ozone/integration-test/target/test-dir/MiniOzoneClusterImpl-5ecceb84-7f52-4627-9972-1a459b519b1f/datanode-5/data/ratis/10802ed1-2f3f-421e-a2ff-4649c8f5578c has been successfully formatted.
2019-09-12 10:33:01,138 [pool-82-thread-1] INFO  ratis.ContainerStateMachine (ContainerStateMachine.java:loadSnapshot(226)) - group-4649C8F5578C: The snapshot info is null. Setting the last applied indexto:(t:0, i:~)
2019-09-12 10:33:01,138 [pool-82-thread-1] INFO  server.RaftServerConfigKeys (ConfUtils.java:logGet(43)) - raft.server.leader.election.timeout = 120s (custom)
2019-09-12 10:33:01,138 [pool-82-thread-1] INFO  server.RaftServerConfigKeys (ConfUtils.java:logGet(43)) - raft.server.log.use.memory = false (default)
2019-09-12 10:33:01,138 [pool-82-thread-1] INFO  server.RaftServerConfigKeys (ConfUtils.java:logGet(43)) - raft.server.log.purge.gap = 1000000 (custom)
2019-09-12 10:33:01,138 [pool-82-thread-1] INFO  server.RaftServerConfigKeys (ConfUtils.java:logGet(43)) - raft.server.log.appender.buffer.byte-limit = 33554432 (custom)
2019-09-12 10:33:01,138 [pool-82-thread-1] INFO  server.RaftServerConfigKeys (ConfUtils.java:logGet(43)) - raft.server.log.segment.size.max = 1048576 (custom)
2019-09-12 10:33:01,139 [pool-82-thread-1] INFO  server.RaftServerConfigKeys (ConfUtils.java:logGet(43)) - raft.server.log.segment.cache.num.max = 2 (custom)
2019-09-12 10:33:01,139 [pool-82-thread-1] INFO  segmented.SegmentedRaftLogWorker (SegmentedRaftLogWorker.java:<init>(172)) - new 81ee34d7-b83f-41e3-b846-e574d684802c-SegmentedRaftLogWorker:Storage Directory /workdir/hadoop-ozone/integration-test/target/test-dir/MiniOzoneClusterImpl-5ecceb84-7f52-4627-9972-1a459b519b1f/datanode-5/data/ratis/10802ed1-2f3f-421e-a2ff-4649c8f5578c for RaftStorage:Storage Directory /workdir/hadoop-ozone/integration-test/target/test-dir/MiniOzoneClusterImpl-5ecceb84-7f52-4627-9972-1a459b519b1f/datanode-5/data/ratis/10802ed1-2f3f-421e-a2ff-4649c8f5578c
2019-09-12 10:33:01,139 [pool-82-thread-1] INFO  server.RaftServerConfigKeys (ConfUtils.java:logGet(43)) - raft.server.log.queue.byte-limit = 2147483647 (custom)
2019-09-12 10:33:01,139 [pool-82-thread-1] INFO  server.RaftServerConfigKeys (ConfUtils.java:logGet(43)) - raft.server.log.queue.element-limit = 1024 (custom)
2019-09-12 10:33:01,139 [pool-82-thread-1] INFO  server.RaftServerConfigKeys (ConfUtils.java:logGet(43)) - raft.server.log.segment.size.max = 1048576 (custom)
2019-09-12 10:33:01,139 [pool-82-thread-1] INFO  server.RaftServerConfigKeys (ConfUtils.java:logGet(43)) - raft.server.log.preallocated.size = 16384 (custom)
2019-09-12 10:33:01,139 [pool-82-thread-1] INFO  server.RaftServerConfigKeys (ConfUtils.java:logGet(43)) - raft.server.log.write.buffer.size = 33554432 (custom)
2019-09-12 10:33:01,140 [pool-82-thread-1] INFO  server.RaftServerConfigKeys (ConfUtils.java:logGet(43)) - raft.server.log.force.sync.num = 128 (default)
2019-09-12 10:33:01,140 [pool-82-thread-1] INFO  server.RaftServerConfigKeys (ConfUtils.java:logGet(43)) - raft.server.log.statemachine.data.sync = true (default)
2019-09-12 10:33:01,140 [pool-82-thread-1] INFO  server.RaftServerConfigKeys (ConfUtils.java:logGet(43)) - raft.server.log.statemachine.data.sync.timeout = 10s (default)
2019-09-12 10:33:01,140 [pool-82-thread-1] INFO  server.RaftServerConfigKeys (ConfUtils.java:logGet(43)) - raft.server.log.statemachine.data.sync.timeout.retry = -1 (default)
2019-09-12 10:33:01,140 [pool-82-thread-1] INFO  server.RaftServerConfigKeys (ConfUtils.java:logGet(43)) - raft.server.log.statemachine.data.caching.enabled = true (custom)
2019-09-12 10:33:01,141 [pool-82-thread-1] INFO  segmented.SegmentedRaftLogWorker (SegmentedRaftLogWorker.java:lambda$new$0(132)) - 81ee34d7-b83f-41e3-b846-e574d684802c-SegmentedRaftLogWorker:Storage Directory /workdir/hadoop-ozone/integration-test/target/test-dir/MiniOzoneClusterImpl-5ecceb84-7f52-4627-9972-1a459b519b1f/datanode-5/data/ratis/10802ed1-2f3f-421e-a2ff-4649c8f5578c: flushIndex: setUnconditionally 0 -> -1
2019-09-12 10:33:01,141 [pool-82-thread-1] INFO  server.RaftServerConfigKeys (ConfUtils.java:logGet(43)) - raft.server.snapshot.auto.trigger.enabled = true (custom)
2019-09-12 10:33:01,141 [pool-82-thread-1] INFO  server.RaftServerConfigKeys (ConfUtils.java:logGet(43)) - raft.server.snapshot.auto.trigger.threshold = 10000 (custom)
2019-09-12 10:33:01,141 [pool-82-thread-1] INFO  server.RaftServerConfigKeys (ConfUtils.java:logGet(43)) - raft.server.retrycache.expirytime = 600000ms (custom)
2019-09-12 10:33:01,142 [pool-82-thread-1] INFO  impl.RaftServerImpl (RaftServerImpl.java:start(180)) - 81ee34d7-b83f-41e3-b846-e574d684802c: start group-4649C8F5578C
2019-09-12 10:33:01,142 [pool-82-thread-1] INFO  impl.RaftServerImpl (RaftServerImpl.java:setRole(171)) - 81ee34d7-b83f-41e3-b846-e574d684802c:group-4649C8F5578C changes role from null to FOLLOWER at term 0 for startAsFollower
2019-09-12 10:33:01,142 [pool-82-thread-1] INFO  impl.RoleInfo (RoleInfo.java:updateAndGet(143)) - 81ee34d7-b83f-41e3-b846-e574d684802c: start FollowerState
2019-09-12 10:33:01,143 [pool-82-thread-1] INFO  util.JmxRegister (JmxRegister.java:tryRegister(44)) - Successfully registered JMX Bean with object name Ratis:service=RaftServer,group=group-4649C8F5578C,id=81ee34d7-b83f-41e3-b846-e574d684802c
2019-09-12 10:33:01,148 [RatisPipelineUtilsThread] INFO  pipeline.PipelineStateManager (PipelineStateManager.java:addPipeline(56)) - Created pipeline Pipeline[ Id: 10802ed1-2f3f-421e-a2ff-4649c8f5578c, Nodes: 81ee34d7-b83f-41e3-b846-e574d684802c{ip: 192.168.157.195, host: pr-hdds-1569-xtfnx-3545843844, networkLocation: /default-rack, certSerialId: null}, Type:RATIS, Factor:ONE, State:OPEN]
2019-09-12 10:33:01,151 [RatisPipelineUtilsThread] ERROR pipeline.PipelinePlacementPolicy (PipelinePlacementPolicy.java:meetCriteria(91)) - Pipeline Placement: Doesn't meet the criteria to be viable node. Heaviness: 6
2019-09-12 10:33:01,151 [RatisPipelineUtilsThread] ERROR pipeline.PipelinePlacementPolicy (PipelinePlacementPolicy.java:meetCriteria(91)) - Pipeline Placement: Doesn't meet the criteria to be viable node. Heaviness: 6
2019-09-12 10:33:01,151 [RatisPipelineUtilsThread] ERROR pipeline.PipelinePlacementPolicy (PipelinePlacementPolicy.java:meetCriteria(91)) - Pipeline Placement: Doesn't meet the criteria to be viable node. Heaviness: 6
2019-09-12 10:33:01,152 [RatisPipelineUtilsThread] ERROR pipeline.PipelinePlacementPolicy (PipelinePlacementPolicy.java:meetCriteria(91)) - Pipeline Placement: Doesn't meet the criteria to be viable node. Heaviness: 6
2019-09-12 10:33:01,163 [grpc-default-executor-0] INFO  impl.RaftServerProxy (RaftServerProxy.java:addNew(89)) - 31c45c5a-0c90-4266-9947-1c7c078b7ec4: addNew group-FAD9F227D3A8:[31c45c5a-0c90-4266-9947-1c7c078b7ec4:192.168.157.195:42694] returns group-FAD9F227D3A8:java.util.concurrent.CompletableFuture@47e5357a[Not completed]
2019-09-12 10:33:01,165 [pool-71-thread-1] INFO  impl.RaftServerImpl (RaftServerImpl.java:<init>(93)) - 31c45c5a-0c90-4266-9947-1c7c078b7ec4: new RaftServerImpl for group-FAD9F227D3A8:[31c45c5a-0c90-4266-9947-1c7c078b7ec4:192.168.157.195:42694] with ContainerStateMachine:uninitialized
2019-09-12 10:33:01,165 [pool-71-thread-1] INFO  server.RaftServerConfigKeys (ConfUtils.java:logGet(43)) - raft.server.rpc.timeout.min = 5s (custom)
2019-09-12 10:33:01,166 [pool-71-thread-1] INFO  server.RaftServerConfigKeys (ConfUtils.java:logGet(43)) - raft.server.rpc.timeout.max = 5200ms (custom)
2019-09-12 10:33:01,166 [pool-71-thread-1] INFO  server.RaftServerConfigKeys (ConfUtils.java:logGet(43)) - raft.server.rpcslowness.timeout = 120s (custom)
2019-09-12 10:33:01,166 [pool-71-thread-1] INFO  server.RaftServerConfigKeys (ConfUtils.java:logGet(43)) - raft.server.sleep.deviation.threshold = 300 (default)
2019-09-12 10:33:01,166 [pool-71-thread-1] INFO  server.RaftServerConfigKeys (ConfUtils.java:logGet(43)) - raft.server.log.appender.install.snapshot.enabled = false (custom)
2019-09-12 10:33:01,166 [pool-71-thread-1] INFO  impl.RaftServerImpl (ServerState.java:<init>(105)) - 31c45c5a-0c90-4266-9947-1c7c078b7ec4:group-FAD9F227D3A8 ConfigurationManager, init=-1: [31c45c5a-0c90-4266-9947-1c7c078b7ec4:192.168.157.195:42694], old=null, confs=<EMPTY_MAP>
2019-09-12 10:33:01,167 [pool-71-thread-1] INFO  server.RaftServerConfigKeys (ConfUtils.java:logGet(43)) - raft.server.storage.dir = [/workdir/hadoop-ozone/integration-test/target/test-dir/MiniOzoneClusterImpl-5ecceb84-7f52-4627-9972-1a459b519b1f/datanode-4/data/ratis] (custom)
2019-09-12 10:33:01,167 [pool-71-thread-1] INFO  storage.RaftStorageDirectory (RaftStorageDirectory.java:analyzeStorage(246)) - The storage directory /workdir/hadoop-ozone/integration-test/target/test-dir/MiniOzoneClusterImpl-5ecceb84-7f52-4627-9972-1a459b519b1f/datanode-4/data/ratis/8a4f4734-0a40-4d59-896d-fad9f227d3a8 does not exist. Creating ...
2019-09-12 10:33:01,180 [pool-71-thread-1] INFO  storage.RaftStorageDirectory (RaftStorageDirectory.java:tryLock(328)) - Lock on /workdir/hadoop-ozone/integration-test/target/test-dir/MiniOzoneClusterImpl-5ecceb84-7f52-4627-9972-1a459b519b1f/datanode-4/data/ratis/8a4f4734-0a40-4d59-896d-fad9f227d3a8/in_use.lock acquired by nodename 32653@pr-hdds-1569-xtfnx-3545843844
2019-09-12 10:33:01,207 [pool-71-thread-1] INFO  storage.RaftStorage (RaftStorage.java:format(72)) - Storage directory /workdir/hadoop-ozone/integration-test/target/test-dir/MiniOzoneClusterImpl-5ecceb84-7f52-4627-9972-1a459b519b1f/datanode-4/data/ratis/8a4f4734-0a40-4d59-896d-fad9f227d3a8 has been successfully formatted.
2019-09-12 10:33:01,207 [pool-71-thread-1] INFO  ratis.ContainerStateMachine (ContainerStateMachine.java:loadSnapshot(226)) - group-FAD9F227D3A8: The snapshot info is null. Setting the last applied indexto:(t:0, i:~)
2019-09-12 10:33:01,207 [pool-71-thread-1] INFO  server.RaftServerConfigKeys (ConfUtils.java:logGet(43)) - raft.server.leader.election.timeout = 120s (custom)
2019-09-12 10:33:01,208 [pool-71-thread-1] INFO  server.RaftServerConfigKeys (ConfUtils.java:logGet(43)) - raft.server.log.use.memory = false (default)
2019-09-12 10:33:01,208 [pool-71-thread-1] INFO  server.RaftServerConfigKeys (ConfUtils.java:logGet(43)) - raft.server.log.purge.gap = 1000000 (custom)
2019-09-12 10:33:01,208 [pool-71-thread-1] INFO  server.RaftServerConfigKeys (ConfUtils.java:logGet(43)) - raft.server.log.appender.buffer.byte-limit = 33554432 (custom)
2019-09-12 10:33:01,208 [pool-71-thread-1] INFO  server.RaftServerConfigKeys (ConfUtils.java:logGet(43)) - raft.server.log.segment.size.max = 1048576 (custom)
2019-09-12 10:33:01,208 [pool-71-thread-1] INFO  server.RaftServerConfigKeys (ConfUtils.java:logGet(43)) - raft.server.log.segment.cache.num.max = 2 (custom)
2019-09-12 10:33:01,209 [pool-71-thread-1] INFO  segmented.SegmentedRaftLogWorker (SegmentedRaftLogWorker.java:<init>(172)) - new 31c45c5a-0c90-4266-9947-1c7c078b7ec4-SegmentedRaftLogWorker:Storage Directory /workdir/hadoop-ozone/integration-test/target/test-dir/MiniOzoneClusterImpl-5ecceb84-7f52-4627-9972-1a459b519b1f/datanode-4/data/ratis/8a4f4734-0a40-4d59-896d-fad9f227d3a8 for RaftStorage:Storage Directory /workdir/hadoop-ozone/integration-test/target/test-dir/MiniOzoneClusterImpl-5ecceb84-7f52-4627-9972-1a459b519b1f/datanode-4/data/ratis/8a4f4734-0a40-4d59-896d-fad9f227d3a8
2019-09-12 10:33:01,209 [pool-71-thread-1] INFO  server.RaftServerConfigKeys (ConfUtils.java:logGet(43)) - raft.server.log.queue.byte-limit = 2147483647 (custom)
2019-09-12 10:33:01,209 [pool-71-thread-1] INFO  server.RaftServerConfigKeys (ConfUtils.java:logGet(43)) - raft.server.log.queue.element-limit = 1024 (custom)
2019-09-12 10:33:01,209 [pool-71-thread-1] INFO  server.RaftServerConfigKeys (ConfUtils.java:logGet(43)) - raft.server.log.segment.size.max = 1048576 (custom)
2019-09-12 10:33:01,209 [pool-71-thread-1] INFO  server.RaftServerConfigKeys (ConfUtils.java:logGet(43)) - raft.server.log.preallocated.size = 16384 (custom)
2019-09-12 10:33:01,209 [pool-71-thread-1] INFO  server.RaftServerConfigKeys (ConfUtils.java:logGet(43)) - raft.server.log.write.buffer.size = 33554432 (custom)
2019-09-12 10:33:01,210 [pool-71-thread-1] INFO  server.RaftServerConfigKeys (ConfUtils.java:logGet(43)) - raft.server.log.force.sync.num = 128 (default)
2019-09-12 10:33:01,210 [pool-71-thread-1] INFO  server.RaftServerConfigKeys (ConfUtils.java:logGet(43)) - raft.server.log.statemachine.data.sync = true (default)
2019-09-12 10:33:01,210 [pool-71-thread-1] INFO  server.RaftServerConfigKeys (ConfUtils.java:logGet(43)) - raft.server.log.statemachine.data.sync.timeout = 10s (default)
2019-09-12 10:33:01,210 [pool-71-thread-1] INFO  server.RaftServerConfigKeys (ConfUtils.java:logGet(43)) - raft.server.log.statemachine.data.sync.timeout.retry = -1 (default)
2019-09-12 10:33:01,210 [pool-71-thread-1] INFO  server.RaftServerConfigKeys (ConfUtils.java:logGet(43)) - raft.server.log.statemachine.data.caching.enabled = true (custom)
2019-09-12 10:33:01,211 [pool-71-thread-1] INFO  segmented.SegmentedRaftLogWorker (SegmentedRaftLogWorker.java:lambda$new$0(132)) - 31c45c5a-0c90-4266-9947-1c7c078b7ec4-SegmentedRaftLogWorker:Storage Directory /workdir/hadoop-ozone/integration-test/target/test-dir/MiniOzoneClusterImpl-5ecceb84-7f52-4627-9972-1a459b519b1f/datanode-4/data/ratis/8a4f4734-0a40-4d59-896d-fad9f227d3a8: flushIndex: setUnconditionally 0 -> -1
2019-09-12 10:33:01,211 [pool-71-thread-1] INFO  server.RaftServerConfigKeys (ConfUtils.java:logGet(43)) - raft.server.snapshot.auto.trigger.enabled = true (custom)
2019-09-12 10:33:01,211 [pool-71-thread-1] INFO  server.RaftServerConfigKeys (ConfUtils.java:logGet(43)) - raft.server.snapshot.auto.trigger.threshold = 10000 (custom)
2019-09-12 10:33:01,212 [pool-71-thread-1] INFO  server.RaftServerConfigKeys (ConfUtils.java:logGet(43)) - raft.server.retrycache.expirytime = 600000ms (custom)
2019-09-12 10:33:01,212 [pool-71-thread-1] INFO  impl.RaftServerImpl (RaftServerImpl.java:start(180)) - 31c45c5a-0c90-4266-9947-1c7c078b7ec4: start group-FAD9F227D3A8
2019-09-12 10:33:01,212 [pool-71-thread-1] INFO  impl.RaftServerImpl (RaftServerImpl.java:setRole(171)) - 31c45c5a-0c90-4266-9947-1c7c078b7ec4:group-FAD9F227D3A8 changes role from null to FOLLOWER at term 0 for startAsFollower
2019-09-12 10:33:01,212 [pool-71-thread-1] INFO  impl.RoleInfo (RoleInfo.java:updateAndGet(143)) - 31c45c5a-0c90-4266-9947-1c7c078b7ec4: start FollowerState
2019-09-12 10:33:01,213 [pool-71-thread-1] INFO  util.JmxRegister (JmxRegister.java:tryRegister(44)) - Successfully registered JMX Bean with object name Ratis:service=RaftServer,group=group-FAD9F227D3A8,id=31c45c5a-0c90-4266-9947-1c7c078b7ec4
2019-09-12 10:33:01,220 [RatisPipelineUtilsThread] INFO  pipeline.PipelineStateManager (PipelineStateManager.java:addPipeline(56)) - Created pipeline Pipeline[ Id: 8a4f4734-0a40-4d59-896d-fad9f227d3a8, Nodes: 31c45c5a-0c90-4266-9947-1c7c078b7ec4{ip: 192.168.157.195, host: pr-hdds-1569-xtfnx-3545843844, networkLocation: /default-rack, certSerialId: null}, Type:RATIS, Factor:ONE, State:OPEN]
2019-09-12 10:33:01,223 [RatisPipelineUtilsThread] ERROR pipeline.PipelinePlacementPolicy (PipelinePlacementPolicy.java:meetCriteria(91)) - Pipeline Placement: Doesn't meet the criteria to be viable node. Heaviness: 6
2019-09-12 10:33:01,223 [RatisPipelineUtilsThread] ERROR pipeline.PipelinePlacementPolicy (PipelinePlacementPolicy.java:meetCriteria(91)) - Pipeline Placement: Doesn't meet the criteria to be viable node. Heaviness: 6
2019-09-12 10:33:01,223 [RatisPipelineUtilsThread] ERROR pipeline.PipelinePlacementPolicy (PipelinePlacementPolicy.java:meetCriteria(91)) - Pipeline Placement: Doesn't meet the criteria to be viable node. Heaviness: 6
2019-09-12 10:33:01,223 [RatisPipelineUtilsThread] ERROR pipeline.PipelinePlacementPolicy (PipelinePlacementPolicy.java:meetCriteria(91)) - Pipeline Placement: Doesn't meet the criteria to be viable node. Heaviness: 6
2019-09-12 10:33:01,223 [RatisPipelineUtilsThread] ERROR pipeline.PipelinePlacementPolicy (PipelinePlacementPolicy.java:meetCriteria(91)) - Pipeline Placement: Doesn't meet the criteria to be viable node. Heaviness: 6
2019-09-12 10:33:01,234 [grpc-default-executor-0] INFO  impl.RaftServerProxy (RaftServerProxy.java:addNew(89)) - 083ebb38-73c7-4c90-bb26-8945a60751ec: addNew group-6770ECE0CCBF:[083ebb38-73c7-4c90-bb26-8945a60751ec:192.168.157.195:37300] returns group-6770ECE0CCBF:java.util.concurrent.CompletableFuture@3520348a[Not completed]
2019-09-12 10:33:01,236 [pool-93-thread-1] INFO  impl.RaftServerImpl (RaftServerImpl.java:<init>(93)) - 083ebb38-73c7-4c90-bb26-8945a60751ec: new RaftServerImpl for group-6770ECE0CCBF:[083ebb38-73c7-4c90-bb26-8945a60751ec:192.168.157.195:37300] with ContainerStateMachine:uninitialized
2019-09-12 10:33:01,236 [pool-93-thread-1] INFO  server.RaftServerConfigKeys (ConfUtils.java:logGet(43)) - raft.server.rpc.timeout.min = 5s (custom)
2019-09-12 10:33:01,236 [pool-93-thread-1] INFO  server.RaftServerConfigKeys (ConfUtils.java:logGet(43)) - raft.server.rpc.timeout.max = 5200ms (custom)
2019-09-12 10:33:01,236 [pool-93-thread-1] INFO  server.RaftServerConfigKeys (ConfUtils.java:logGet(43)) - raft.server.rpcslowness.timeout = 120s (custom)
2019-09-12 10:33:01,236 [pool-93-thread-1] INFO  server.RaftServerConfigKeys (ConfUtils.java:logGet(43)) - raft.server.sleep.deviation.threshold = 300 (default)
2019-09-12 10:33:01,236 [pool-93-thread-1] INFO  server.RaftServerConfigKeys (ConfUtils.java:logGet(43)) - raft.server.log.appender.install.snapshot.enabled = false (custom)
2019-09-12 10:33:01,236 [pool-93-thread-1] INFO  impl.RaftServerImpl (ServerState.java:<init>(105)) - 083ebb38-73c7-4c90-bb26-8945a60751ec:group-6770ECE0CCBF ConfigurationManager, init=-1: [083ebb38-73c7-4c90-bb26-8945a60751ec:192.168.157.195:37300], old=null, confs=<EMPTY_MAP>
2019-09-12 10:33:01,237 [pool-93-thread-1] INFO  server.RaftServerConfigKeys (ConfUtils.java:logGet(43)) - raft.server.storage.dir = [/workdir/hadoop-ozone/integration-test/target/test-dir/MiniOzoneClusterImpl-5ecceb84-7f52-4627-9972-1a459b519b1f/datanode-6/data/ratis] (custom)
2019-09-12 10:33:01,237 [pool-93-thread-1] INFO  storage.RaftStorageDirectory (RaftStorageDirectory.java:analyzeStorage(246)) - The storage directory /workdir/hadoop-ozone/integration-test/target/test-dir/MiniOzoneClusterImpl-5ecceb84-7f52-4627-9972-1a459b519b1f/datanode-6/data/ratis/3fa2bae7-0f0d-426c-bf19-6770ece0ccbf does not exist. Creating ...
2019-09-12 10:33:01,263 | INFO  | SCMAudit | user=jenkins1000 | ip=192.168.157.195 | op=SEND_HEARTBEAT {datanodeUUID=31c45c5a-0c90-4266-9947-1c7c078b7ec4, command=[]} | ret=SUCCESS |  
2019-09-12 10:33:01,269 | INFO  | SCMAudit | user=jenkins1000 | ip=192.168.157.195 | op=SEND_HEARTBEAT {datanodeUUID=e0e61d4c-2e09-4c56-8609-a14bb69c63aa, command=[]} | ret=SUCCESS |  
2019-09-12 10:33:01,274 [pool-93-thread-1] INFO  storage.RaftStorageDirectory (RaftStorageDirectory.java:tryLock(328)) - Lock on /workdir/hadoop-ozone/integration-test/target/test-dir/MiniOzoneClusterImpl-5ecceb84-7f52-4627-9972-1a459b519b1f/datanode-6/data/ratis/3fa2bae7-0f0d-426c-bf19-6770ece0ccbf/in_use.lock acquired by nodename 32653@pr-hdds-1569-xtfnx-3545843844
2019-09-12 10:33:01,288 [pool-93-thread-1] INFO  storage.RaftStorage (RaftStorage.java:format(72)) - Storage directory /workdir/hadoop-ozone/integration-test/target/test-dir/MiniOzoneClusterImpl-5ecceb84-7f52-4627-9972-1a459b519b1f/datanode-6/data/ratis/3fa2bae7-0f0d-426c-bf19-6770ece0ccbf has been successfully formatted.
2019-09-12 10:33:01,288 [pool-93-thread-1] INFO  ratis.ContainerStateMachine (ContainerStateMachine.java:loadSnapshot(226)) - group-6770ECE0CCBF: The snapshot info is null. Setting the last applied indexto:(t:0, i:~)
2019-09-12 10:33:01,288 [pool-93-thread-1] INFO  server.RaftServerConfigKeys (ConfUtils.java:logGet(43)) - raft.server.leader.election.timeout = 120s (custom)
2019-09-12 10:33:01,288 [pool-93-thread-1] INFO  server.RaftServerConfigKeys (ConfUtils.java:logGet(43)) - raft.server.log.use.memory = false (default)
2019-09-12 10:33:01,289 [pool-93-thread-1] INFO  server.RaftServerConfigKeys (ConfUtils.java:logGet(43)) - raft.server.log.purge.gap = 1000000 (custom)
2019-09-12 10:33:01,289 [pool-93-thread-1] INFO  server.RaftServerConfigKeys (ConfUtils.java:logGet(43)) - raft.server.log.appender.buffer.byte-limit = 33554432 (custom)
2019-09-12 10:33:01,289 [pool-93-thread-1] INFO  server.RaftServerConfigKeys (ConfUtils.java:logGet(43)) - raft.server.log.segment.size.max = 1048576 (custom)
2019-09-12 10:33:01,289 [pool-93-thread-1] INFO  server.RaftServerConfigKeys (ConfUtils.java:logGet(43)) - raft.server.log.segment.cache.num.max = 2 (custom)
2019-09-12 10:33:01,289 [pool-93-thread-1] INFO  segmented.SegmentedRaftLogWorker (SegmentedRaftLogWorker.java:<init>(172)) - new 083ebb38-73c7-4c90-bb26-8945a60751ec-SegmentedRaftLogWorker:Storage Directory /workdir/hadoop-ozone/integration-test/target/test-dir/MiniOzoneClusterImpl-5ecceb84-7f52-4627-9972-1a459b519b1f/datanode-6/data/ratis/3fa2bae7-0f0d-426c-bf19-6770ece0ccbf for RaftStorage:Storage Directory /workdir/hadoop-ozone/integration-test/target/test-dir/MiniOzoneClusterImpl-5ecceb84-7f52-4627-9972-1a459b519b1f/datanode-6/data/ratis/3fa2bae7-0f0d-426c-bf19-6770ece0ccbf
2019-09-12 10:33:01,289 [pool-93-thread-1] INFO  server.RaftServerConfigKeys (ConfUtils.java:logGet(43)) - raft.server.log.queue.byte-limit = 2147483647 (custom)
2019-09-12 10:33:01,290 [pool-93-thread-1] INFO  server.RaftServerConfigKeys (ConfUtils.java:logGet(43)) - raft.server.log.queue.element-limit = 1024 (custom)
2019-09-12 10:33:01,290 [pool-93-thread-1] INFO  server.RaftServerConfigKeys (ConfUtils.java:logGet(43)) - raft.server.log.segment.size.max = 1048576 (custom)
2019-09-12 10:33:01,290 [pool-93-thread-1] INFO  server.RaftServerConfigKeys (ConfUtils.java:logGet(43)) - raft.server.log.preallocated.size = 16384 (custom)
2019-09-12 10:33:01,290 [pool-93-thread-1] INFO  server.RaftServerConfigKeys (ConfUtils.java:logGet(43)) - raft.server.log.write.buffer.size = 33554432 (custom)
2019-09-12 10:33:01,290 [pool-93-thread-1] INFO  server.RaftServerConfigKeys (ConfUtils.java:logGet(43)) - raft.server.log.force.sync.num = 128 (default)
2019-09-12 10:33:01,290 [pool-93-thread-1] INFO  server.RaftServerConfigKeys (ConfUtils.java:logGet(43)) - raft.server.log.statemachine.data.sync = true (default)
2019-09-12 10:33:01,290 [pool-93-thread-1] INFO  server.RaftServerConfigKeys (ConfUtils.java:logGet(43)) - raft.server.log.statemachine.data.sync.timeout = 10s (default)
2019-09-12 10:33:01,291 [pool-93-thread-1] INFO  server.RaftServerConfigKeys (ConfUtils.java:logGet(43)) - raft.server.log.statemachine.data.sync.timeout.retry = -1 (default)
2019-09-12 10:33:01,291 [pool-93-thread-1] INFO  server.RaftServerConfigKeys (ConfUtils.java:logGet(43)) - raft.server.log.statemachine.data.caching.enabled = true (custom)
2019-09-12 10:33:01,291 [pool-93-thread-1] INFO  segmented.SegmentedRaftLogWorker (SegmentedRaftLogWorker.java:lambda$new$0(132)) - 083ebb38-73c7-4c90-bb26-8945a60751ec-SegmentedRaftLogWorker:Storage Directory /workdir/hadoop-ozone/integration-test/target/test-dir/MiniOzoneClusterImpl-5ecceb84-7f52-4627-9972-1a459b519b1f/datanode-6/data/ratis/3fa2bae7-0f0d-426c-bf19-6770ece0ccbf: flushIndex: setUnconditionally 0 -> -1
2019-09-12 10:33:01,292 [pool-93-thread-1] INFO  server.RaftServerConfigKeys (ConfUtils.java:logGet(43)) - raft.server.snapshot.auto.trigger.enabled = true (custom)
2019-09-12 10:33:01,292 [pool-93-thread-1] INFO  server.RaftServerConfigKeys (ConfUtils.java:logGet(43)) - raft.server.snapshot.auto.trigger.threshold = 10000 (custom)
2019-09-12 10:33:01,292 [pool-93-thread-1] INFO  server.RaftServerConfigKeys (ConfUtils.java:logGet(43)) - raft.server.retrycache.expirytime = 600000ms (custom)
2019-09-12 10:33:01,292 [pool-93-thread-1] INFO  impl.RaftServerImpl (RaftServerImpl.java:start(180)) - 083ebb38-73c7-4c90-bb26-8945a60751ec: start group-6770ECE0CCBF
2019-09-12 10:33:01,292 [pool-93-thread-1] INFO  impl.RaftServerImpl (RaftServerImpl.java:setRole(171)) - 083ebb38-73c7-4c90-bb26-8945a60751ec:group-6770ECE0CCBF changes role from null to FOLLOWER at term 0 for startAsFollower
2019-09-12 10:33:01,293 [pool-93-thread-1] INFO  impl.RoleInfo (RoleInfo.java:updateAndGet(143)) - 083ebb38-73c7-4c90-bb26-8945a60751ec: start FollowerState
2019-09-12 10:33:01,293 [pool-93-thread-1] INFO  util.JmxRegister (JmxRegister.java:tryRegister(44)) - Successfully registered JMX Bean with object name Ratis:service=RaftServer,group=group-6770ECE0CCBF,id=083ebb38-73c7-4c90-bb26-8945a60751ec
2019-09-12 10:33:01,299 [RatisPipelineUtilsThread] INFO  pipeline.PipelineStateManager (PipelineStateManager.java:addPipeline(56)) - Created pipeline Pipeline[ Id: 3fa2bae7-0f0d-426c-bf19-6770ece0ccbf, Nodes: 083ebb38-73c7-4c90-bb26-8945a60751ec{ip: 192.168.157.195, host: pr-hdds-1569-xtfnx-3545843844, networkLocation: /default-rack, certSerialId: null}, Type:RATIS, Factor:ONE, State:OPEN]
2019-09-12 10:33:01,302 [RatisPipelineUtilsThread] ERROR pipeline.PipelinePlacementPolicy (PipelinePlacementPolicy.java:meetCriteria(91)) - Pipeline Placement: Doesn't meet the criteria to be viable node. Heaviness: 6
2019-09-12 10:33:01,302 [RatisPipelineUtilsThread] ERROR pipeline.PipelinePlacementPolicy (PipelinePlacementPolicy.java:meetCriteria(91)) - Pipeline Placement: Doesn't meet the criteria to be viable node. Heaviness: 6
2019-09-12 10:33:01,302 [RatisPipelineUtilsThread] ERROR pipeline.PipelinePlacementPolicy (PipelinePlacementPolicy.java:meetCriteria(91)) - Pipeline Placement: Doesn't meet the criteria to be viable node. Heaviness: 6
2019-09-12 10:33:01,302 [RatisPipelineUtilsThread] ERROR pipeline.PipelinePlacementPolicy (PipelinePlacementPolicy.java:meetCriteria(91)) - Pipeline Placement: Doesn't meet the criteria to be viable node. Heaviness: 6
2019-09-12 10:33:01,302 [RatisPipelineUtilsThread] ERROR pipeline.PipelinePlacementPolicy (PipelinePlacementPolicy.java:meetCriteria(91)) - Pipeline Placement: Doesn't meet the criteria to be viable node. Heaviness: 6
2019-09-12 10:33:01,329 [grpc-default-executor-0] INFO  impl.RaftServerProxy (RaftServerProxy.java:addNew(89)) - 81ee34d7-b83f-41e3-b846-e574d684802c: addNew group-C9B4AA5466CF:[81ee34d7-b83f-41e3-b846-e574d684802c:192.168.157.195:36593] returns group-C9B4AA5466CF:java.util.concurrent.CompletableFuture@2c3cb932[Not completed]
2019-09-12 10:33:01,332 [pool-82-thread-1] INFO  impl.RaftServerImpl (RaftServerImpl.java:<init>(93)) - 81ee34d7-b83f-41e3-b846-e574d684802c: new RaftServerImpl for group-C9B4AA5466CF:[81ee34d7-b83f-41e3-b846-e574d684802c:192.168.157.195:36593] with ContainerStateMachine:uninitialized
2019-09-12 10:33:01,332 [pool-82-thread-1] INFO  server.RaftServerConfigKeys (ConfUtils.java:logGet(43)) - raft.server.rpc.timeout.min = 5s (custom)
2019-09-12 10:33:01,333 [pool-82-thread-1] INFO  server.RaftServerConfigKeys (ConfUtils.java:logGet(43)) - raft.server.rpc.timeout.max = 5200ms (custom)
2019-09-12 10:33:01,333 [pool-82-thread-1] INFO  server.RaftServerConfigKeys (ConfUtils.java:logGet(43)) - raft.server.rpcslowness.timeout = 120s (custom)
2019-09-12 10:33:01,333 [pool-82-thread-1] INFO  server.RaftServerConfigKeys (ConfUtils.java:logGet(43)) - raft.server.sleep.deviation.threshold = 300 (default)
2019-09-12 10:33:01,333 [pool-82-thread-1] INFO  server.RaftServerConfigKeys (ConfUtils.java:logGet(43)) - raft.server.log.appender.install.snapshot.enabled = false (custom)
2019-09-12 10:33:01,333 [pool-82-thread-1] INFO  impl.RaftServerImpl (ServerState.java:<init>(105)) - 81ee34d7-b83f-41e3-b846-e574d684802c:group-C9B4AA5466CF ConfigurationManager, init=-1: [81ee34d7-b83f-41e3-b846-e574d684802c:192.168.157.195:36593], old=null, confs=<EMPTY_MAP>
2019-09-12 10:33:01,334 [pool-82-thread-1] INFO  server.RaftServerConfigKeys (ConfUtils.java:logGet(43)) - raft.server.storage.dir = [/workdir/hadoop-ozone/integration-test/target/test-dir/MiniOzoneClusterImpl-5ecceb84-7f52-4627-9972-1a459b519b1f/datanode-5/data/ratis] (custom)
2019-09-12 10:33:01,334 [pool-82-thread-1] INFO  storage.RaftStorageDirectory (RaftStorageDirectory.java:analyzeStorage(246)) - The storage directory /workdir/hadoop-ozone/integration-test/target/test-dir/MiniOzoneClusterImpl-5ecceb84-7f52-4627-9972-1a459b519b1f/datanode-5/data/ratis/6d91fbb4-b036-4fa8-8f79-c9b4aa5466cf does not exist. Creating ...
2019-09-12 10:33:01,349 | INFO  | SCMAudit | user=jenkins1000 | ip=192.168.157.195 | op=SEND_HEARTBEAT {datanodeUUID=6d8e2272-d3cb-43aa-845f-9a021007c4ce, command=[]} | ret=SUCCESS |  
2019-09-12 10:33:01,359 [pool-82-thread-1] INFO  storage.RaftStorageDirectory (RaftStorageDirectory.java:tryLock(328)) - Lock on /workdir/hadoop-ozone/integration-test/target/test-dir/MiniOzoneClusterImpl-5ecceb84-7f52-4627-9972-1a459b519b1f/datanode-5/data/ratis/6d91fbb4-b036-4fa8-8f79-c9b4aa5466cf/in_use.lock acquired by nodename 32653@pr-hdds-1569-xtfnx-3545843844
2019-09-12 10:33:01,372 [pool-82-thread-1] INFO  storage.RaftStorage (RaftStorage.java:format(72)) - Storage directory /workdir/hadoop-ozone/integration-test/target/test-dir/MiniOzoneClusterImpl-5ecceb84-7f52-4627-9972-1a459b519b1f/datanode-5/data/ratis/6d91fbb4-b036-4fa8-8f79-c9b4aa5466cf has been successfully formatted.
2019-09-12 10:33:01,373 [pool-82-thread-1] INFO  ratis.ContainerStateMachine (ContainerStateMachine.java:loadSnapshot(226)) - group-C9B4AA5466CF: The snapshot info is null. Setting the last applied indexto:(t:0, i:~)
2019-09-12 10:33:01,373 [pool-82-thread-1] INFO  server.RaftServerConfigKeys (ConfUtils.java:logGet(43)) - raft.server.leader.election.timeout = 120s (custom)
2019-09-12 10:33:01,373 [pool-82-thread-1] INFO  server.RaftServerConfigKeys (ConfUtils.java:logGet(43)) - raft.server.log.use.memory = false (default)
2019-09-12 10:33:01,374 [pool-82-thread-1] INFO  server.RaftServerConfigKeys (ConfUtils.java:logGet(43)) - raft.server.log.purge.gap = 1000000 (custom)
2019-09-12 10:33:01,374 [pool-82-thread-1] INFO  server.RaftServerConfigKeys (ConfUtils.java:logGet(43)) - raft.server.log.appender.buffer.byte-limit = 33554432 (custom)
2019-09-12 10:33:01,374 [pool-82-thread-1] INFO  server.RaftServerConfigKeys (ConfUtils.java:logGet(43)) - raft.server.log.segment.size.max = 1048576 (custom)
2019-09-12 10:33:01,374 [pool-82-thread-1] INFO  server.RaftServerConfigKeys (ConfUtils.java:logGet(43)) - raft.server.log.segment.cache.num.max = 2 (custom)
2019-09-12 10:33:01,374 [pool-82-thread-1] INFO  segmented.SegmentedRaftLogWorker (SegmentedRaftLogWorker.java:<init>(172)) - new 81ee34d7-b83f-41e3-b846-e574d684802c-SegmentedRaftLogWorker:Storage Directory /workdir/hadoop-ozone/integration-test/target/test-dir/MiniOzoneClusterImpl-5ecceb84-7f52-4627-9972-1a459b519b1f/datanode-5/data/ratis/6d91fbb4-b036-4fa8-8f79-c9b4aa5466cf for RaftStorage:Storage Directory /workdir/hadoop-ozone/integration-test/target/test-dir/MiniOzoneClusterImpl-5ecceb84-7f52-4627-9972-1a459b519b1f/datanode-5/data/ratis/6d91fbb4-b036-4fa8-8f79-c9b4aa5466cf
2019-09-12 10:33:01,375 [pool-82-thread-1] INFO  server.RaftServerConfigKeys (ConfUtils.java:logGet(43)) - raft.server.log.queue.byte-limit = 2147483647 (custom)
2019-09-12 10:33:01,375 [pool-82-thread-1] INFO  server.RaftServerConfigKeys (ConfUtils.java:logGet(43)) - raft.server.log.queue.element-limit = 1024 (custom)
2019-09-12 10:33:01,375 [pool-82-thread-1] INFO  server.RaftServerConfigKeys (ConfUtils.java:logGet(43)) - raft.server.log.segment.size.max = 1048576 (custom)
2019-09-12 10:33:01,375 [pool-82-thread-1] INFO  server.RaftServerConfigKeys (ConfUtils.java:logGet(43)) - raft.server.log.preallocated.size = 16384 (custom)
2019-09-12 10:33:01,375 [pool-82-thread-1] INFO  server.RaftServerConfigKeys (ConfUtils.java:logGet(43)) - raft.server.log.write.buffer.size = 33554432 (custom)
2019-09-12 10:33:01,376 [pool-82-thread-1] INFO  server.RaftServerConfigKeys (ConfUtils.java:logGet(43)) - raft.server.log.force.sync.num = 128 (default)
2019-09-12 10:33:01,376 [pool-82-thread-1] INFO  server.RaftServerConfigKeys (ConfUtils.java:logGet(43)) - raft.server.log.statemachine.data.sync = true (default)
2019-09-12 10:33:01,376 [pool-82-thread-1] INFO  server.RaftServerConfigKeys (ConfUtils.java:logGet(43)) - raft.server.log.statemachine.data.sync.timeout = 10s (default)
2019-09-12 10:33:01,376 [pool-82-thread-1] INFO  server.RaftServerConfigKeys (ConfUtils.java:logGet(43)) - raft.server.log.statemachine.data.sync.timeout.retry = -1 (default)
2019-09-12 10:33:01,376 [pool-82-thread-1] INFO  server.RaftServerConfigKeys (ConfUtils.java:logGet(43)) - raft.server.log.statemachine.data.caching.enabled = true (custom)
2019-09-12 10:33:01,377 [pool-82-thread-1] INFO  segmented.SegmentedRaftLogWorker (SegmentedRaftLogWorker.java:lambda$new$0(132)) - 81ee34d7-b83f-41e3-b846-e574d684802c-SegmentedRaftLogWorker:Storage Directory /workdir/hadoop-ozone/integration-test/target/test-dir/MiniOzoneClusterImpl-5ecceb84-7f52-4627-9972-1a459b519b1f/datanode-5/data/ratis/6d91fbb4-b036-4fa8-8f79-c9b4aa5466cf: flushIndex: setUnconditionally 0 -> -1
2019-09-12 10:33:01,377 [pool-82-thread-1] INFO  server.RaftServerConfigKeys (ConfUtils.java:logGet(43)) - raft.server.snapshot.auto.trigger.enabled = true (custom)
2019-09-12 10:33:01,378 [pool-82-thread-1] INFO  server.RaftServerConfigKeys (ConfUtils.java:logGet(43)) - raft.server.snapshot.auto.trigger.threshold = 10000 (custom)
2019-09-12 10:33:01,378 [pool-82-thread-1] INFO  server.RaftServerConfigKeys (ConfUtils.java:logGet(43)) - raft.server.retrycache.expirytime = 600000ms (custom)
2019-09-12 10:33:01,378 [pool-82-thread-1] INFO  impl.RaftServerImpl (RaftServerImpl.java:start(180)) - 81ee34d7-b83f-41e3-b846-e574d684802c: start group-C9B4AA5466CF
2019-09-12 10:33:01,378 [pool-82-thread-1] INFO  impl.RaftServerImpl (RaftServerImpl.java:setRole(171)) - 81ee34d7-b83f-41e3-b846-e574d684802c:group-C9B4AA5466CF changes role from null to FOLLOWER at term 0 for startAsFollower
2019-09-12 10:33:01,379 [pool-82-thread-1] INFO  impl.RoleInfo (RoleInfo.java:updateAndGet(143)) - 81ee34d7-b83f-41e3-b846-e574d684802c: start FollowerState
2019-09-12 10:33:01,379 [pool-82-thread-1] INFO  util.JmxRegister (JmxRegister.java:tryRegister(44)) - Successfully registered JMX Bean with object name Ratis:service=RaftServer,group=group-C9B4AA5466CF,id=81ee34d7-b83f-41e3-b846-e574d684802c
2019-09-12 10:33:01,385 [RatisPipelineUtilsThread] INFO  pipeline.PipelineStateManager (PipelineStateManager.java:addPipeline(56)) - Created pipeline Pipeline[ Id: 6d91fbb4-b036-4fa8-8f79-c9b4aa5466cf, Nodes: 81ee34d7-b83f-41e3-b846-e574d684802c{ip: 192.168.157.195, host: pr-hdds-1569-xtfnx-3545843844, networkLocation: /default-rack, certSerialId: null}, Type:RATIS, Factor:ONE, State:OPEN]
2019-09-12 10:33:01,394 [RatisPipelineUtilsThread] ERROR pipeline.PipelinePlacementPolicy (PipelinePlacementPolicy.java:meetCriteria(91)) - Pipeline Placement: Doesn't meet the criteria to be viable node. Heaviness: 6
2019-09-12 10:33:01,394 [RatisPipelineUtilsThread] ERROR pipeline.PipelinePlacementPolicy (PipelinePlacementPolicy.java:meetCriteria(91)) - Pipeline Placement: Doesn't meet the criteria to be viable node. Heaviness: 6
2019-09-12 10:33:01,394 [RatisPipelineUtilsThread] ERROR pipeline.PipelinePlacementPolicy (PipelinePlacementPolicy.java:meetCriteria(91)) - Pipeline Placement: Doesn't meet the criteria to be viable node. Heaviness: 6
2019-09-12 10:33:01,394 [RatisPipelineUtilsThread] ERROR pipeline.PipelinePlacementPolicy (PipelinePlacementPolicy.java:meetCriteria(91)) - Pipeline Placement: Doesn't meet the criteria to be viable node. Heaviness: 6
2019-09-12 10:33:01,395 [RatisPipelineUtilsThread] ERROR pipeline.PipelinePlacementPolicy (PipelinePlacementPolicy.java:meetCriteria(91)) - Pipeline Placement: Doesn't meet the criteria to be viable node. Heaviness: 6
2019-09-12 10:33:01,416 [grpc-default-executor-0] INFO  impl.RaftServerProxy (RaftServerProxy.java:addNew(89)) - 81ee34d7-b83f-41e3-b846-e574d684802c: addNew group-1A5180E08104:[81ee34d7-b83f-41e3-b846-e574d684802c:192.168.157.195:36593] returns group-1A5180E08104:java.util.concurrent.CompletableFuture@46f2d202[Not completed]
2019-09-12 10:33:01,419 [pool-82-thread-1] INFO  impl.RaftServerImpl (RaftServerImpl.java:<init>(93)) - 81ee34d7-b83f-41e3-b846-e574d684802c: new RaftServerImpl for group-1A5180E08104:[81ee34d7-b83f-41e3-b846-e574d684802c:192.168.157.195:36593] with ContainerStateMachine:uninitialized
2019-09-12 10:33:01,419 [pool-82-thread-1] INFO  server.RaftServerConfigKeys (ConfUtils.java:logGet(43)) - raft.server.rpc.timeout.min = 5s (custom)
2019-09-12 10:33:01,419 [pool-82-thread-1] INFO  server.RaftServerConfigKeys (ConfUtils.java:logGet(43)) - raft.server.rpc.timeout.max = 5200ms (custom)
2019-09-12 10:33:01,419 [pool-82-thread-1] INFO  server.RaftServerConfigKeys (ConfUtils.java:logGet(43)) - raft.server.rpcslowness.timeout = 120s (custom)
2019-09-12 10:33:01,420 [pool-82-thread-1] INFO  server.RaftServerConfigKeys (ConfUtils.java:logGet(43)) - raft.server.sleep.deviation.threshold = 300 (default)
2019-09-12 10:33:01,420 [pool-82-thread-1] INFO  server.RaftServerConfigKeys (ConfUtils.java:logGet(43)) - raft.server.log.appender.install.snapshot.enabled = false (custom)
2019-09-12 10:33:01,420 [pool-82-thread-1] INFO  impl.RaftServerImpl (ServerState.java:<init>(105)) - 81ee34d7-b83f-41e3-b846-e574d684802c:group-1A5180E08104 ConfigurationManager, init=-1: [81ee34d7-b83f-41e3-b846-e574d684802c:192.168.157.195:36593], old=null, confs=<EMPTY_MAP>
2019-09-12 10:33:01,420 [pool-82-thread-1] INFO  server.RaftServerConfigKeys (ConfUtils.java:logGet(43)) - raft.server.storage.dir = [/workdir/hadoop-ozone/integration-test/target/test-dir/MiniOzoneClusterImpl-5ecceb84-7f52-4627-9972-1a459b519b1f/datanode-5/data/ratis] (custom)
2019-09-12 10:33:01,421 [pool-82-thread-1] INFO  storage.RaftStorageDirectory (RaftStorageDirectory.java:analyzeStorage(246)) - The storage directory /workdir/hadoop-ozone/integration-test/target/test-dir/MiniOzoneClusterImpl-5ecceb84-7f52-4627-9972-1a459b519b1f/datanode-5/data/ratis/98034139-01d0-43eb-a64b-1a5180e08104 does not exist. Creating ...
2019-09-12 10:33:01,434 [pool-82-thread-1] INFO  storage.RaftStorageDirectory (RaftStorageDirectory.java:tryLock(328)) - Lock on /workdir/hadoop-ozone/integration-test/target/test-dir/MiniOzoneClusterImpl-5ecceb84-7f52-4627-9972-1a459b519b1f/datanode-5/data/ratis/98034139-01d0-43eb-a64b-1a5180e08104/in_use.lock acquired by nodename 32653@pr-hdds-1569-xtfnx-3545843844
2019-09-12 10:33:01,443 | INFO  | SCMAudit | user=jenkins1000 | ip=192.168.157.195 | op=SEND_HEARTBEAT {datanodeUUID=81ee34d7-b83f-41e3-b846-e574d684802c, command=[]} | ret=SUCCESS |  
2019-09-12 10:33:01,447 [pool-82-thread-1] INFO  storage.RaftStorage (RaftStorage.java:format(72)) - Storage directory /workdir/hadoop-ozone/integration-test/target/test-dir/MiniOzoneClusterImpl-5ecceb84-7f52-4627-9972-1a459b519b1f/datanode-5/data/ratis/98034139-01d0-43eb-a64b-1a5180e08104 has been successfully formatted.
2019-09-12 10:33:01,448 [pool-82-thread-1] INFO  ratis.ContainerStateMachine (ContainerStateMachine.java:loadSnapshot(226)) - group-1A5180E08104: The snapshot info is null. Setting the last applied indexto:(t:0, i:~)
2019-09-12 10:33:01,448 [pool-82-thread-1] INFO  server.RaftServerConfigKeys (ConfUtils.java:logGet(43)) - raft.server.leader.election.timeout = 120s (custom)
2019-09-12 10:33:01,448 [pool-82-thread-1] INFO  server.RaftServerConfigKeys (ConfUtils.java:logGet(43)) - raft.server.log.use.memory = false (default)
2019-09-12 10:33:01,448 [pool-82-thread-1] INFO  server.RaftServerConfigKeys (ConfUtils.java:logGet(43)) - raft.server.log.purge.gap = 1000000 (custom)
2019-09-12 10:33:01,449 [pool-82-thread-1] INFO  server.RaftServerConfigKeys (ConfUtils.java:logGet(43)) - raft.server.log.appender.buffer.byte-limit = 33554432 (custom)
2019-09-12 10:33:01,449 [pool-82-thread-1] INFO  server.RaftServerConfigKeys (ConfUtils.java:logGet(43)) - raft.server.log.segment.size.max = 1048576 (custom)
2019-09-12 10:33:01,449 [pool-82-thread-1] INFO  server.RaftServerConfigKeys (ConfUtils.java:logGet(43)) - raft.server.log.segment.cache.num.max = 2 (custom)
2019-09-12 10:33:01,449 [pool-82-thread-1] INFO  segmented.SegmentedRaftLogWorker (SegmentedRaftLogWorker.java:<init>(172)) - new 81ee34d7-b83f-41e3-b846-e574d684802c-SegmentedRaftLogWorker:Storage Directory /workdir/hadoop-ozone/integration-test/target/test-dir/MiniOzoneClusterImpl-5ecceb84-7f52-4627-9972-1a459b519b1f/datanode-5/data/ratis/98034139-01d0-43eb-a64b-1a5180e08104 for RaftStorage:Storage Directory /workdir/hadoop-ozone/integration-test/target/test-dir/MiniOzoneClusterImpl-5ecceb84-7f52-4627-9972-1a459b519b1f/datanode-5/data/ratis/98034139-01d0-43eb-a64b-1a5180e08104
2019-09-12 10:33:01,449 [pool-82-thread-1] INFO  server.RaftServerConfigKeys (ConfUtils.java:logGet(43)) - raft.server.log.queue.byte-limit = 2147483647 (custom)
2019-09-12 10:33:01,450 [pool-82-thread-1] INFO  server.RaftServerConfigKeys (ConfUtils.java:logGet(43)) - raft.server.log.queue.element-limit = 1024 (custom)
2019-09-12 10:33:01,450 [pool-82-thread-1] INFO  server.RaftServerConfigKeys (ConfUtils.java:logGet(43)) - raft.server.log.segment.size.max = 1048576 (custom)
2019-09-12 10:33:01,450 [pool-82-thread-1] INFO  server.RaftServerConfigKeys (ConfUtils.java:logGet(43)) - raft.server.log.preallocated.size = 16384 (custom)
2019-09-12 10:33:01,450 [pool-82-thread-1] INFO  server.RaftServerConfigKeys (ConfUtils.java:logGet(43)) - raft.server.log.write.buffer.size = 33554432 (custom)
2019-09-12 10:33:01,451 [pool-82-thread-1] INFO  server.RaftServerConfigKeys (ConfUtils.java:logGet(43)) - raft.server.log.force.sync.num = 128 (default)
2019-09-12 10:33:01,451 [pool-82-thread-1] INFO  server.RaftServerConfigKeys (ConfUtils.java:logGet(43)) - raft.server.log.statemachine.data.sync = true (default)
2019-09-12 10:33:01,451 [pool-82-thread-1] INFO  server.RaftServerConfigKeys (ConfUtils.java:logGet(43)) - raft.server.log.statemachine.data.sync.timeout = 10s (default)
2019-09-12 10:33:01,451 [pool-82-thread-1] INFO  server.RaftServerConfigKeys (ConfUtils.java:logGet(43)) - raft.server.log.statemachine.data.sync.timeout.retry = -1 (default)
2019-09-12 10:33:01,464 [pool-82-thread-1] INFO  server.RaftServerConfigKeys (ConfUtils.java:logGet(43)) - raft.server.log.statemachine.data.caching.enabled = true (custom)
2019-09-12 10:33:01,465 [pool-82-thread-1] INFO  segmented.SegmentedRaftLogWorker (SegmentedRaftLogWorker.java:lambda$new$0(132)) - 81ee34d7-b83f-41e3-b846-e574d684802c-SegmentedRaftLogWorker:Storage Directory /workdir/hadoop-ozone/integration-test/target/test-dir/MiniOzoneClusterImpl-5ecceb84-7f52-4627-9972-1a459b519b1f/datanode-5/data/ratis/98034139-01d0-43eb-a64b-1a5180e08104: flushIndex: setUnconditionally 0 -> -1
2019-09-12 10:33:01,465 [pool-82-thread-1] INFO  server.RaftServerConfigKeys (ConfUtils.java:logGet(43)) - raft.server.snapshot.auto.trigger.enabled = true (custom)
2019-09-12 10:33:01,466 [pool-82-thread-1] INFO  server.RaftServerConfigKeys (ConfUtils.java:logGet(43)) - raft.server.snapshot.auto.trigger.threshold = 10000 (custom)
2019-09-12 10:33:01,466 [pool-82-thread-1] INFO  server.RaftServerConfigKeys (ConfUtils.java:logGet(43)) - raft.server.retrycache.expirytime = 600000ms (custom)
2019-09-12 10:33:01,466 [pool-82-thread-1] INFO  impl.RaftServerImpl (RaftServerImpl.java:start(180)) - 81ee34d7-b83f-41e3-b846-e574d684802c: start group-1A5180E08104
2019-09-12 10:33:01,466 [pool-82-thread-1] INFO  impl.RaftServerImpl (RaftServerImpl.java:setRole(171)) - 81ee34d7-b83f-41e3-b846-e574d684802c:group-1A5180E08104 changes role from null to FOLLOWER at term 0 for startAsFollower
2019-09-12 10:33:01,467 [pool-82-thread-1] INFO  impl.RoleInfo (RoleInfo.java:updateAndGet(143)) - 81ee34d7-b83f-41e3-b846-e574d684802c: start FollowerState
2019-09-12 10:33:01,473 [pool-82-thread-1] INFO  util.JmxRegister (JmxRegister.java:tryRegister(44)) - Successfully registered JMX Bean with object name Ratis:service=RaftServer,group=group-1A5180E08104,id=81ee34d7-b83f-41e3-b846-e574d684802c
2019-09-12 10:33:01,488 [RatisPipelineUtilsThread] INFO  pipeline.PipelineStateManager (PipelineStateManager.java:addPipeline(56)) - Created pipeline Pipeline[ Id: 98034139-01d0-43eb-a64b-1a5180e08104, Nodes: 81ee34d7-b83f-41e3-b846-e574d684802c{ip: 192.168.157.195, host: pr-hdds-1569-xtfnx-3545843844, networkLocation: /default-rack, certSerialId: null}, Type:RATIS, Factor:ONE, State:OPEN]
2019-09-12 10:33:01,488 [RatisPipelineUtilsThread] ERROR pipeline.PipelinePlacementPolicy (PipelinePlacementPolicy.java:meetCriteria(91)) - Pipeline Placement: Doesn't meet the criteria to be viable node. Heaviness: 6
2019-09-12 10:33:01,489 [RatisPipelineUtilsThread] ERROR pipeline.PipelinePlacementPolicy (PipelinePlacementPolicy.java:meetCriteria(91)) - Pipeline Placement: Doesn't meet the criteria to be viable node. Heaviness: 6
2019-09-12 10:33:01,489 [RatisPipelineUtilsThread] ERROR pipeline.PipelinePlacementPolicy (PipelinePlacementPolicy.java:meetCriteria(91)) - Pipeline Placement: Doesn't meet the criteria to be viable node. Heaviness: 6
2019-09-12 10:33:01,489 [RatisPipelineUtilsThread] ERROR pipeline.PipelinePlacementPolicy (PipelinePlacementPolicy.java:meetCriteria(91)) - Pipeline Placement: Doesn't meet the criteria to be viable node. Heaviness: 6
2019-09-12 10:33:01,489 [RatisPipelineUtilsThread] ERROR pipeline.PipelinePlacementPolicy (PipelinePlacementPolicy.java:meetCriteria(91)) - Pipeline Placement: Doesn't meet the criteria to be viable node. Heaviness: 6
2019-09-12 10:33:01,489 [RatisPipelineUtilsThread] ERROR pipeline.PipelinePlacementPolicy (PipelinePlacementPolicy.java:meetCriteria(91)) - Pipeline Placement: Doesn't meet the criteria to be viable node. Heaviness: 6
2019-09-12 10:33:01,497 [grpc-default-executor-0] INFO  impl.RaftServerProxy (RaftServerProxy.java:addNew(89)) - 083ebb38-73c7-4c90-bb26-8945a60751ec: addNew group-D1347C192AB8:[083ebb38-73c7-4c90-bb26-8945a60751ec:192.168.157.195:37300] returns group-D1347C192AB8:java.util.concurrent.CompletableFuture@2da7bb50[Not completed]
2019-09-12 10:33:01,499 [pool-93-thread-1] INFO  impl.RaftServerImpl (RaftServerImpl.java:<init>(93)) - 083ebb38-73c7-4c90-bb26-8945a60751ec: new RaftServerImpl for group-D1347C192AB8:[083ebb38-73c7-4c90-bb26-8945a60751ec:192.168.157.195:37300] with ContainerStateMachine:uninitialized
2019-09-12 10:33:01,499 [pool-93-thread-1] INFO  server.RaftServerConfigKeys (ConfUtils.java:logGet(43)) - raft.server.rpc.timeout.min = 5s (custom)
2019-09-12 10:33:01,499 [pool-93-thread-1] INFO  server.RaftServerConfigKeys (ConfUtils.java:logGet(43)) - raft.server.rpc.timeout.max = 5200ms (custom)
2019-09-12 10:33:01,499 [pool-93-thread-1] INFO  server.RaftServerConfigKeys (ConfUtils.java:logGet(43)) - raft.server.rpcslowness.timeout = 120s (custom)
2019-09-12 10:33:01,500 [pool-93-thread-1] INFO  server.RaftServerConfigKeys (ConfUtils.java:logGet(43)) - raft.server.sleep.deviation.threshold = 300 (default)
2019-09-12 10:33:01,500 [pool-93-thread-1] INFO  server.RaftServerConfigKeys (ConfUtils.java:logGet(43)) - raft.server.log.appender.install.snapshot.enabled = false (custom)
2019-09-12 10:33:01,500 [pool-93-thread-1] INFO  impl.RaftServerImpl (ServerState.java:<init>(105)) - 083ebb38-73c7-4c90-bb26-8945a60751ec:group-D1347C192AB8 ConfigurationManager, init=-1: [083ebb38-73c7-4c90-bb26-8945a60751ec:192.168.157.195:37300], old=null, confs=<EMPTY_MAP>
2019-09-12 10:33:01,500 [pool-93-thread-1] INFO  server.RaftServerConfigKeys (ConfUtils.java:logGet(43)) - raft.server.storage.dir = [/workdir/hadoop-ozone/integration-test/target/test-dir/MiniOzoneClusterImpl-5ecceb84-7f52-4627-9972-1a459b519b1f/datanode-6/data/ratis] (custom)
2019-09-12 10:33:01,501 [pool-93-thread-1] INFO  storage.RaftStorageDirectory (RaftStorageDirectory.java:analyzeStorage(246)) - The storage directory /workdir/hadoop-ozone/integration-test/target/test-dir/MiniOzoneClusterImpl-5ecceb84-7f52-4627-9972-1a459b519b1f/datanode-6/data/ratis/907c6cbb-41f2-4566-a7b9-d1347c192ab8 does not exist. Creating ...
2019-09-12 10:33:01,525 [pool-93-thread-1] INFO  storage.RaftStorageDirectory (RaftStorageDirectory.java:tryLock(328)) - Lock on /workdir/hadoop-ozone/integration-test/target/test-dir/MiniOzoneClusterImpl-5ecceb84-7f52-4627-9972-1a459b519b1f/datanode-6/data/ratis/907c6cbb-41f2-4566-a7b9-d1347c192ab8/in_use.lock acquired by nodename 32653@pr-hdds-1569-xtfnx-3545843844
2019-09-12 10:33:01,557 | INFO  | SCMAudit | user=jenkins1000 | ip=192.168.157.195 | op=SEND_HEARTBEAT {datanodeUUID=6d26f522-fe03-4a67-aa48-7af853b41a99, command=[]} | ret=SUCCESS |  
2019-09-12 10:33:01,560 [pool-93-thread-1] INFO  storage.RaftStorage (RaftStorage.java:format(72)) - Storage directory /workdir/hadoop-ozone/integration-test/target/test-dir/MiniOzoneClusterImpl-5ecceb84-7f52-4627-9972-1a459b519b1f/datanode-6/data/ratis/907c6cbb-41f2-4566-a7b9-d1347c192ab8 has been successfully formatted.
2019-09-12 10:33:01,560 [pool-93-thread-1] INFO  ratis.ContainerStateMachine (ContainerStateMachine.java:loadSnapshot(226)) - group-D1347C192AB8: The snapshot info is null. Setting the last applied indexto:(t:0, i:~)
2019-09-12 10:33:01,561 [pool-93-thread-1] INFO  server.RaftServerConfigKeys (ConfUtils.java:logGet(43)) - raft.server.leader.election.timeout = 120s (custom)
2019-09-12 10:33:01,561 [pool-93-thread-1] INFO  server.RaftServerConfigKeys (ConfUtils.java:logGet(43)) - raft.server.log.use.memory = false (default)
2019-09-12 10:33:01,561 [pool-93-thread-1] INFO  server.RaftServerConfigKeys (ConfUtils.java:logGet(43)) - raft.server.log.purge.gap = 1000000 (custom)
2019-09-12 10:33:01,561 [pool-93-thread-1] INFO  server.RaftServerConfigKeys (ConfUtils.java:logGet(43)) - raft.server.log.appender.buffer.byte-limit = 33554432 (custom)
2019-09-12 10:33:01,562 [pool-93-thread-1] INFO  server.RaftServerConfigKeys (ConfUtils.java:logGet(43)) - raft.server.log.segment.size.max = 1048576 (custom)
2019-09-12 10:33:01,562 [pool-93-thread-1] INFO  server.RaftServerConfigKeys (ConfUtils.java:logGet(43)) - raft.server.log.segment.cache.num.max = 2 (custom)
2019-09-12 10:33:01,562 [pool-93-thread-1] INFO  segmented.SegmentedRaftLogWorker (SegmentedRaftLogWorker.java:<init>(172)) - new 083ebb38-73c7-4c90-bb26-8945a60751ec-SegmentedRaftLogWorker:Storage Directory /workdir/hadoop-ozone/integration-test/target/test-dir/MiniOzoneClusterImpl-5ecceb84-7f52-4627-9972-1a459b519b1f/datanode-6/data/ratis/907c6cbb-41f2-4566-a7b9-d1347c192ab8 for RaftStorage:Storage Directory /workdir/hadoop-ozone/integration-test/target/test-dir/MiniOzoneClusterImpl-5ecceb84-7f52-4627-9972-1a459b519b1f/datanode-6/data/ratis/907c6cbb-41f2-4566-a7b9-d1347c192ab8
2019-09-12 10:33:01,562 [pool-93-thread-1] INFO  server.RaftServerConfigKeys (ConfUtils.java:logGet(43)) - raft.server.log.queue.byte-limit = 2147483647 (custom)
2019-09-12 10:33:01,562 [pool-93-thread-1] INFO  server.RaftServerConfigKeys (ConfUtils.java:logGet(43)) - raft.server.log.queue.element-limit = 1024 (custom)
2019-09-12 10:33:01,563 [pool-93-thread-1] INFO  server.RaftServerConfigKeys (ConfUtils.java:logGet(43)) - raft.server.log.segment.size.max = 1048576 (custom)
2019-09-12 10:33:01,563 [pool-93-thread-1] INFO  server.RaftServerConfigKeys (ConfUtils.java:logGet(43)) - raft.server.log.preallocated.size = 16384 (custom)
2019-09-12 10:33:01,563 [pool-93-thread-1] INFO  server.RaftServerConfigKeys (ConfUtils.java:logGet(43)) - raft.server.log.write.buffer.size = 33554432 (custom)
2019-09-12 10:33:01,563 [pool-93-thread-1] INFO  server.RaftServerConfigKeys (ConfUtils.java:logGet(43)) - raft.server.log.force.sync.num = 128 (default)
2019-09-12 10:33:01,563 [pool-93-thread-1] INFO  server.RaftServerConfigKeys (ConfUtils.java:logGet(43)) - raft.server.log.statemachine.data.sync = true (default)
2019-09-12 10:33:01,563 [pool-93-thread-1] INFO  server.RaftServerConfigKeys (ConfUtils.java:logGet(43)) - raft.server.log.statemachine.data.sync.timeout = 10s (default)
2019-09-12 10:33:01,564 [pool-93-thread-1] INFO  server.RaftServerConfigKeys (ConfUtils.java:logGet(43)) - raft.server.log.statemachine.data.sync.timeout.retry = -1 (default)
2019-09-12 10:33:01,564 [pool-93-thread-1] INFO  server.RaftServerConfigKeys (ConfUtils.java:logGet(43)) - raft.server.log.statemachine.data.caching.enabled = true (custom)
2019-09-12 10:33:01,564 [pool-93-thread-1] INFO  segmented.SegmentedRaftLogWorker (SegmentedRaftLogWorker.java:lambda$new$0(132)) - 083ebb38-73c7-4c90-bb26-8945a60751ec-SegmentedRaftLogWorker:Storage Directory /workdir/hadoop-ozone/integration-test/target/test-dir/MiniOzoneClusterImpl-5ecceb84-7f52-4627-9972-1a459b519b1f/datanode-6/data/ratis/907c6cbb-41f2-4566-a7b9-d1347c192ab8: flushIndex: setUnconditionally 0 -> -1
2019-09-12 10:33:01,565 [pool-93-thread-1] INFO  server.RaftServerConfigKeys (ConfUtils.java:logGet(43)) - raft.server.snapshot.auto.trigger.enabled = true (custom)
2019-09-12 10:33:01,565 [pool-93-thread-1] INFO  server.RaftServerConfigKeys (ConfUtils.java:logGet(43)) - raft.server.snapshot.auto.trigger.threshold = 10000 (custom)
2019-09-12 10:33:01,565 [pool-93-thread-1] INFO  server.RaftServerConfigKeys (ConfUtils.java:logGet(43)) - raft.server.retrycache.expirytime = 600000ms (custom)
2019-09-12 10:33:01,565 [pool-93-thread-1] INFO  impl.RaftServerImpl (RaftServerImpl.java:start(180)) - 083ebb38-73c7-4c90-bb26-8945a60751ec: start group-D1347C192AB8
2019-09-12 10:33:01,566 [pool-93-thread-1] INFO  impl.RaftServerImpl (RaftServerImpl.java:setRole(171)) - 083ebb38-73c7-4c90-bb26-8945a60751ec:group-D1347C192AB8 changes role from null to FOLLOWER at term 0 for startAsFollower
2019-09-12 10:33:01,566 [pool-93-thread-1] INFO  impl.RoleInfo (RoleInfo.java:updateAndGet(143)) - 083ebb38-73c7-4c90-bb26-8945a60751ec: start FollowerState
2019-09-12 10:33:01,566 [pool-93-thread-1] INFO  util.JmxRegister (JmxRegister.java:tryRegister(44)) - Successfully registered JMX Bean with object name Ratis:service=RaftServer,group=group-D1347C192AB8,id=083ebb38-73c7-4c90-bb26-8945a60751ec
2019-09-12 10:33:01,571 [RatisPipelineUtilsThread] INFO  pipeline.PipelineStateManager (PipelineStateManager.java:addPipeline(56)) - Created pipeline Pipeline[ Id: 907c6cbb-41f2-4566-a7b9-d1347c192ab8, Nodes: 083ebb38-73c7-4c90-bb26-8945a60751ec{ip: 192.168.157.195, host: pr-hdds-1569-xtfnx-3545843844, networkLocation: /default-rack, certSerialId: null}, Type:RATIS, Factor:ONE, State:OPEN]
2019-09-12 10:33:01,571 [RatisPipelineUtilsThread] ERROR pipeline.PipelinePlacementPolicy (PipelinePlacementPolicy.java:meetCriteria(91)) - Pipeline Placement: Doesn't meet the criteria to be viable node. Heaviness: 6
2019-09-12 10:33:01,571 [RatisPipelineUtilsThread] ERROR pipeline.PipelinePlacementPolicy (PipelinePlacementPolicy.java:meetCriteria(91)) - Pipeline Placement: Doesn't meet the criteria to be viable node. Heaviness: 6
2019-09-12 10:33:01,571 [RatisPipelineUtilsThread] ERROR pipeline.PipelinePlacementPolicy (PipelinePlacementPolicy.java:meetCriteria(91)) - Pipeline Placement: Doesn't meet the criteria to be viable node. Heaviness: 6
2019-09-12 10:33:01,572 [RatisPipelineUtilsThread] ERROR pipeline.PipelinePlacementPolicy (PipelinePlacementPolicy.java:meetCriteria(91)) - Pipeline Placement: Doesn't meet the criteria to be viable node. Heaviness: 6
2019-09-12 10:33:01,572 [RatisPipelineUtilsThread] ERROR pipeline.PipelinePlacementPolicy (PipelinePlacementPolicy.java:meetCriteria(91)) - Pipeline Placement: Doesn't meet the criteria to be viable node. Heaviness: 6
2019-09-12 10:33:01,572 [RatisPipelineUtilsThread] ERROR pipeline.PipelinePlacementPolicy (PipelinePlacementPolicy.java:meetCriteria(91)) - Pipeline Placement: Doesn't meet the criteria to be viable node. Heaviness: 6
2019-09-12 10:33:01,580 [grpc-default-executor-0] INFO  impl.RaftServerProxy (RaftServerProxy.java:addNew(89)) - 083ebb38-73c7-4c90-bb26-8945a60751ec: addNew group-47AAF413EC63:[083ebb38-73c7-4c90-bb26-8945a60751ec:192.168.157.195:37300] returns group-47AAF413EC63:java.util.concurrent.CompletableFuture@1e512cc0[Not completed]
2019-09-12 10:33:01,581 [pool-93-thread-1] INFO  impl.RaftServerImpl (RaftServerImpl.java:<init>(93)) - 083ebb38-73c7-4c90-bb26-8945a60751ec: new RaftServerImpl for group-47AAF413EC63:[083ebb38-73c7-4c90-bb26-8945a60751ec:192.168.157.195:37300] with ContainerStateMachine:uninitialized
2019-09-12 10:33:01,581 [pool-93-thread-1] INFO  server.RaftServerConfigKeys (ConfUtils.java:logGet(43)) - raft.server.rpc.timeout.min = 5s (custom)
2019-09-12 10:33:01,582 [pool-93-thread-1] INFO  server.RaftServerConfigKeys (ConfUtils.java:logGet(43)) - raft.server.rpc.timeout.max = 5200ms (custom)
2019-09-12 10:33:01,582 [pool-93-thread-1] INFO  server.RaftServerConfigKeys (ConfUtils.java:logGet(43)) - raft.server.rpcslowness.timeout = 120s (custom)
2019-09-12 10:33:01,582 [pool-93-thread-1] INFO  server.RaftServerConfigKeys (ConfUtils.java:logGet(43)) - raft.server.sleep.deviation.threshold = 300 (default)
2019-09-12 10:33:01,582 [pool-93-thread-1] INFO  server.RaftServerConfigKeys (ConfUtils.java:logGet(43)) - raft.server.log.appender.install.snapshot.enabled = false (custom)
2019-09-12 10:33:01,582 [pool-93-thread-1] INFO  impl.RaftServerImpl (ServerState.java:<init>(105)) - 083ebb38-73c7-4c90-bb26-8945a60751ec:group-47AAF413EC63 ConfigurationManager, init=-1: [083ebb38-73c7-4c90-bb26-8945a60751ec:192.168.157.195:37300], old=null, confs=<EMPTY_MAP>
2019-09-12 10:33:01,583 [pool-93-thread-1] INFO  server.RaftServerConfigKeys (ConfUtils.java:logGet(43)) - raft.server.storage.dir = [/workdir/hadoop-ozone/integration-test/target/test-dir/MiniOzoneClusterImpl-5ecceb84-7f52-4627-9972-1a459b519b1f/datanode-6/data/ratis] (custom)
2019-09-12 10:33:01,583 [pool-93-thread-1] INFO  storage.RaftStorageDirectory (RaftStorageDirectory.java:analyzeStorage(246)) - The storage directory /workdir/hadoop-ozone/integration-test/target/test-dir/MiniOzoneClusterImpl-5ecceb84-7f52-4627-9972-1a459b519b1f/datanode-6/data/ratis/f0842b63-bf7e-437e-a913-47aaf413ec63 does not exist. Creating ...
2019-09-12 10:33:01,607 [pool-93-thread-1] INFO  storage.RaftStorageDirectory (RaftStorageDirectory.java:tryLock(328)) - Lock on /workdir/hadoop-ozone/integration-test/target/test-dir/MiniOzoneClusterImpl-5ecceb84-7f52-4627-9972-1a459b519b1f/datanode-6/data/ratis/f0842b63-bf7e-437e-a913-47aaf413ec63/in_use.lock acquired by nodename 32653@pr-hdds-1569-xtfnx-3545843844
2019-09-12 10:33:01,617 | INFO  | SCMAudit | user=jenkins1000 | ip=192.168.157.195 | op=SEND_HEARTBEAT {datanodeUUID=083ebb38-73c7-4c90-bb26-8945a60751ec, command=[]} | ret=SUCCESS |  
2019-09-12 10:33:01,621 [pool-93-thread-1] INFO  storage.RaftStorage (RaftStorage.java:format(72)) - Storage directory /workdir/hadoop-ozone/integration-test/target/test-dir/MiniOzoneClusterImpl-5ecceb84-7f52-4627-9972-1a459b519b1f/datanode-6/data/ratis/f0842b63-bf7e-437e-a913-47aaf413ec63 has been successfully formatted.
2019-09-12 10:33:01,621 [pool-93-thread-1] INFO  ratis.ContainerStateMachine (ContainerStateMachine.java:loadSnapshot(226)) - group-47AAF413EC63: The snapshot info is null. Setting the last applied indexto:(t:0, i:~)
2019-09-12 10:33:01,621 [pool-93-thread-1] INFO  server.RaftServerConfigKeys (ConfUtils.java:logGet(43)) - raft.server.leader.election.timeout = 120s (custom)
2019-09-12 10:33:01,622 [pool-93-thread-1] INFO  server.RaftServerConfigKeys (ConfUtils.java:logGet(43)) - raft.server.log.use.memory = false (default)
2019-09-12 10:33:01,622 [pool-93-thread-1] INFO  server.RaftServerConfigKeys (ConfUtils.java:logGet(43)) - raft.server.log.purge.gap = 1000000 (custom)
2019-09-12 10:33:01,622 [pool-93-thread-1] INFO  server.RaftServerConfigKeys (ConfUtils.java:logGet(43)) - raft.server.log.appender.buffer.byte-limit = 33554432 (custom)
2019-09-12 10:33:01,622 [pool-93-thread-1] INFO  server.RaftServerConfigKeys (ConfUtils.java:logGet(43)) - raft.server.log.segment.size.max = 1048576 (custom)
2019-09-12 10:33:01,622 [pool-93-thread-1] INFO  server.RaftServerConfigKeys (ConfUtils.java:logGet(43)) - raft.server.log.segment.cache.num.max = 2 (custom)
2019-09-12 10:33:01,623 [pool-93-thread-1] INFO  segmented.SegmentedRaftLogWorker (SegmentedRaftLogWorker.java:<init>(172)) - new 083ebb38-73c7-4c90-bb26-8945a60751ec-SegmentedRaftLogWorker:Storage Directory /workdir/hadoop-ozone/integration-test/target/test-dir/MiniOzoneClusterImpl-5ecceb84-7f52-4627-9972-1a459b519b1f/datanode-6/data/ratis/f0842b63-bf7e-437e-a913-47aaf413ec63 for RaftStorage:Storage Directory /workdir/hadoop-ozone/integration-test/target/test-dir/MiniOzoneClusterImpl-5ecceb84-7f52-4627-9972-1a459b519b1f/datanode-6/data/ratis/f0842b63-bf7e-437e-a913-47aaf413ec63
2019-09-12 10:33:01,623 [pool-93-thread-1] INFO  server.RaftServerConfigKeys (ConfUtils.java:logGet(43)) - raft.server.log.queue.byte-limit = 2147483647 (custom)
2019-09-12 10:33:01,623 [pool-93-thread-1] INFO  server.RaftServerConfigKeys (ConfUtils.java:logGet(43)) - raft.server.log.queue.element-limit = 1024 (custom)
2019-09-12 10:33:01,623 [pool-93-thread-1] INFO  server.RaftServerConfigKeys (ConfUtils.java:logGet(43)) - raft.server.log.segment.size.max = 1048576 (custom)
2019-09-12 10:33:01,623 [pool-93-thread-1] INFO  server.RaftServerConfigKeys (ConfUtils.java:logGet(43)) - raft.server.log.preallocated.size = 16384 (custom)
2019-09-12 10:33:01,623 [pool-93-thread-1] INFO  server.RaftServerConfigKeys (ConfUtils.java:logGet(43)) - raft.server.log.write.buffer.size = 33554432 (custom)
2019-09-12 10:33:01,624 [pool-93-thread-1] INFO  server.RaftServerConfigKeys (ConfUtils.java:logGet(43)) - raft.server.log.force.sync.num = 128 (default)
2019-09-12 10:33:01,624 [pool-93-thread-1] INFO  server.RaftServerConfigKeys (ConfUtils.java:logGet(43)) - raft.server.log.statemachine.data.sync = true (default)
2019-09-12 10:33:01,624 [pool-93-thread-1] INFO  server.RaftServerConfigKeys (ConfUtils.java:logGet(43)) - raft.server.log.statemachine.data.sync.timeout = 10s (default)
2019-09-12 10:33:01,624 [pool-93-thread-1] INFO  server.RaftServerConfigKeys (ConfUtils.java:logGet(43)) - raft.server.log.statemachine.data.sync.timeout.retry = -1 (default)
2019-09-12 10:33:01,625 [pool-93-thread-1] INFO  server.RaftServerConfigKeys (ConfUtils.java:logGet(43)) - raft.server.log.statemachine.data.caching.enabled = true (custom)
2019-09-12 10:33:01,625 [pool-93-thread-1] INFO  segmented.SegmentedRaftLogWorker (SegmentedRaftLogWorker.java:lambda$new$0(132)) - 083ebb38-73c7-4c90-bb26-8945a60751ec-SegmentedRaftLogWorker:Storage Directory /workdir/hadoop-ozone/integration-test/target/test-dir/MiniOzoneClusterImpl-5ecceb84-7f52-4627-9972-1a459b519b1f/datanode-6/data/ratis/f0842b63-bf7e-437e-a913-47aaf413ec63: flushIndex: setUnconditionally 0 -> -1
2019-09-12 10:33:01,626 [pool-93-thread-1] INFO  server.RaftServerConfigKeys (ConfUtils.java:logGet(43)) - raft.server.snapshot.auto.trigger.enabled = true (custom)
2019-09-12 10:33:01,626 [pool-93-thread-1] INFO  server.RaftServerConfigKeys (ConfUtils.java:logGet(43)) - raft.server.snapshot.auto.trigger.threshold = 10000 (custom)
2019-09-12 10:33:01,626 [pool-93-thread-1] INFO  server.RaftServerConfigKeys (ConfUtils.java:logGet(43)) - raft.server.retrycache.expirytime = 600000ms (custom)
2019-09-12 10:33:01,627 [pool-93-thread-1] INFO  impl.RaftServerImpl (RaftServerImpl.java:start(180)) - 083ebb38-73c7-4c90-bb26-8945a60751ec: start group-47AAF413EC63
2019-09-12 10:33:01,627 [pool-93-thread-1] INFO  impl.RaftServerImpl (RaftServerImpl.java:setRole(171)) - 083ebb38-73c7-4c90-bb26-8945a60751ec:group-47AAF413EC63 changes role from null to FOLLOWER at term 0 for startAsFollower
2019-09-12 10:33:01,627 [pool-93-thread-1] INFO  impl.RoleInfo (RoleInfo.java:updateAndGet(143)) - 083ebb38-73c7-4c90-bb26-8945a60751ec: start FollowerState
2019-09-12 10:33:01,628 [pool-93-thread-1] INFO  util.JmxRegister (JmxRegister.java:tryRegister(44)) - Successfully registered JMX Bean with object name Ratis:service=RaftServer,group=group-47AAF413EC63,id=083ebb38-73c7-4c90-bb26-8945a60751ec
2019-09-12 10:33:01,631 [RatisPipelineUtilsThread] INFO  pipeline.PipelineStateManager (PipelineStateManager.java:addPipeline(56)) - Created pipeline Pipeline[ Id: f0842b63-bf7e-437e-a913-47aaf413ec63, Nodes: 083ebb38-73c7-4c90-bb26-8945a60751ec{ip: 192.168.157.195, host: pr-hdds-1569-xtfnx-3545843844, networkLocation: /default-rack, certSerialId: null}, Type:RATIS, Factor:ONE, State:OPEN]
2019-09-12 10:33:01,631 [RatisPipelineUtilsThread] ERROR pipeline.PipelinePlacementPolicy (PipelinePlacementPolicy.java:meetCriteria(91)) - Pipeline Placement: Doesn't meet the criteria to be viable node. Heaviness: 6
2019-09-12 10:33:01,632 [RatisPipelineUtilsThread] ERROR pipeline.PipelinePlacementPolicy (PipelinePlacementPolicy.java:meetCriteria(91)) - Pipeline Placement: Doesn't meet the criteria to be viable node. Heaviness: 6
2019-09-12 10:33:01,632 [RatisPipelineUtilsThread] ERROR pipeline.PipelinePlacementPolicy (PipelinePlacementPolicy.java:meetCriteria(91)) - Pipeline Placement: Doesn't meet the criteria to be viable node. Heaviness: 6
2019-09-12 10:33:01,632 [RatisPipelineUtilsThread] ERROR pipeline.PipelinePlacementPolicy (PipelinePlacementPolicy.java:meetCriteria(91)) - Pipeline Placement: Doesn't meet the criteria to be viable node. Heaviness: 6
2019-09-12 10:33:01,632 [RatisPipelineUtilsThread] ERROR pipeline.PipelinePlacementPolicy (PipelinePlacementPolicy.java:meetCriteria(91)) - Pipeline Placement: Doesn't meet the criteria to be viable node. Heaviness: 6
2019-09-12 10:33:01,632 [RatisPipelineUtilsThread] ERROR pipeline.PipelinePlacementPolicy (PipelinePlacementPolicy.java:meetCriteria(91)) - Pipeline Placement: Doesn't meet the criteria to be viable node. Heaviness: 6
2019-09-12 10:33:01,633 [RatisPipelineUtilsThread] ERROR pipeline.PipelinePlacementPolicy (PipelinePlacementPolicy.java:meetCriteria(91)) - Pipeline Placement: Doesn't meet the criteria to be viable node. Heaviness: 6
2019-09-12 10:33:01,633 [RatisPipelineUtilsThread] ERROR pipeline.PipelinePlacementPolicy (PipelinePlacementPolicy.java:filterViableNodes(146)) - Unable to find enough nodes that meet the criteria that cannot engage in more than 5 pipelines. Nodes required: 1 Found: 0, healthy nodes count inNodeManager: 7.
2019-09-12 10:33:01,636 [RatisPipelineUtilsThread] ERROR pipeline.SCMPipelineManager (SCMPipelineManager.java:createPipeline(161)) - Pipeline creation failed due to exception: Unable to find enough nodes that meet the criteria that cannot engage in more than 5 pipelines. Nodes required: 1 Found: 0, healthy nodes count inNodeManager: 7.
2019-09-12 10:33:01,636 [RatisPipelineUtilsThread] ERROR pipeline.PipelinePlacementPolicy (PipelinePlacementPolicy.java:meetCriteria(91)) - Pipeline Placement: Doesn't meet the criteria to be viable node. Heaviness: 6
2019-09-12 10:33:01,636 [RatisPipelineUtilsThread] ERROR pipeline.PipelinePlacementPolicy (PipelinePlacementPolicy.java:meetCriteria(91)) - Pipeline Placement: Doesn't meet the criteria to be viable node. Heaviness: 6
2019-09-12 10:33:01,636 [RatisPipelineUtilsThread] ERROR pipeline.PipelinePlacementPolicy (PipelinePlacementPolicy.java:meetCriteria(91)) - Pipeline Placement: Doesn't meet the criteria to be viable node. Heaviness: 6
2019-09-12 10:33:01,637 [RatisPipelineUtilsThread] ERROR pipeline.PipelinePlacementPolicy (PipelinePlacementPolicy.java:meetCriteria(91)) - Pipeline Placement: Doesn't meet the criteria to be viable node. Heaviness: 6
2019-09-12 10:33:01,637 [RatisPipelineUtilsThread] ERROR pipeline.PipelinePlacementPolicy (PipelinePlacementPolicy.java:meetCriteria(91)) - Pipeline Placement: Doesn't meet the criteria to be viable node. Heaviness: 6
2019-09-12 10:33:01,637 [RatisPipelineUtilsThread] ERROR pipeline.PipelinePlacementPolicy (PipelinePlacementPolicy.java:meetCriteria(91)) - Pipeline Placement: Doesn't meet the criteria to be viable node. Heaviness: 6
2019-09-12 10:33:01,637 [RatisPipelineUtilsThread] ERROR pipeline.PipelinePlacementPolicy (PipelinePlacementPolicy.java:meetCriteria(91)) - Pipeline Placement: Doesn't meet the criteria to be viable node. Heaviness: 6
2019-09-12 10:33:01,638 [RatisPipelineUtilsThread] ERROR pipeline.PipelinePlacementPolicy (PipelinePlacementPolicy.java:filterViableNodes(146)) - Unable to find enough nodes that meet the criteria that cannot engage in more than 5 pipelines. Nodes required: 3 Found: 0, healthy nodes count inNodeManager: 7.
2019-09-12 10:33:01,638 [RatisPipelineUtilsThread] ERROR pipeline.SCMPipelineManager (SCMPipelineManager.java:createPipeline(161)) - Pipeline creation failed due to exception: Unable to find enough nodes that meet the criteria that cannot engage in more than 5 pipelines. Nodes required: 3 Found: 0, healthy nodes count inNodeManager: 7.
2019-09-12 10:33:01,641 [RatisPipelineUtilsThread] ERROR pipeline.PipelinePlacementPolicy (PipelinePlacementPolicy.java:meetCriteria(91)) - Pipeline Placement: Doesn't meet the criteria to be viable node. Heaviness: 6
2019-09-12 10:33:01,641 [RatisPipelineUtilsThread] ERROR pipeline.PipelinePlacementPolicy (PipelinePlacementPolicy.java:meetCriteria(91)) - Pipeline Placement: Doesn't meet the criteria to be viable node. Heaviness: 6
2019-09-12 10:33:01,641 [RatisPipelineUtilsThread] ERROR pipeline.PipelinePlacementPolicy (PipelinePlacementPolicy.java:meetCriteria(91)) - Pipeline Placement: Doesn't meet the criteria to be viable node. Heaviness: 6
2019-09-12 10:33:01,641 [RatisPipelineUtilsThread] ERROR pipeline.PipelinePlacementPolicy (PipelinePlacementPolicy.java:meetCriteria(91)) - Pipeline Placement: Doesn't meet the criteria to be viable node. Heaviness: 6
2019-09-12 10:33:01,641 [RatisPipelineUtilsThread] ERROR pipeline.PipelinePlacementPolicy (PipelinePlacementPolicy.java:meetCriteria(91)) - Pipeline Placement: Doesn't meet the criteria to be viable node. Heaviness: 6
2019-09-12 10:33:01,642 [RatisPipelineUtilsThread] ERROR pipeline.PipelinePlacementPolicy (PipelinePlacementPolicy.java:meetCriteria(91)) - Pipeline Placement: Doesn't meet the criteria to be viable node. Heaviness: 6
2019-09-12 10:33:01,642 [RatisPipelineUtilsThread] ERROR pipeline.PipelinePlacementPolicy (PipelinePlacementPolicy.java:meetCriteria(91)) - Pipeline Placement: Doesn't meet the criteria to be viable node. Heaviness: 6
2019-09-12 10:33:01,642 [RatisPipelineUtilsThread] ERROR pipeline.PipelinePlacementPolicy (PipelinePlacementPolicy.java:filterViableNodes(146)) - Unable to find enough nodes that meet the criteria that cannot engage in more than 5 pipelines. Nodes required: 1 Found: 0, healthy nodes count inNodeManager: 7.
2019-09-12 10:33:01,642 [RatisPipelineUtilsThread] ERROR pipeline.SCMPipelineManager (SCMPipelineManager.java:createPipeline(161)) - Pipeline creation failed due to exception: Unable to find enough nodes that meet the criteria that cannot engage in more than 5 pipelines. Nodes required: 1 Found: 0, healthy nodes count inNodeManager: 7.
2019-09-12 10:33:01,643 [RatisPipelineUtilsThread] ERROR pipeline.PipelinePlacementPolicy (PipelinePlacementPolicy.java:meetCriteria(91)) - Pipeline Placement: Doesn't meet the criteria to be viable node. Heaviness: 6
2019-09-12 10:33:01,643 [RatisPipelineUtilsThread] ERROR pipeline.PipelinePlacementPolicy (PipelinePlacementPolicy.java:meetCriteria(91)) - Pipeline Placement: Doesn't meet the criteria to be viable node. Heaviness: 6
2019-09-12 10:33:01,643 [RatisPipelineUtilsThread] ERROR pipeline.PipelinePlacementPolicy (PipelinePlacementPolicy.java:meetCriteria(91)) - Pipeline Placement: Doesn't meet the criteria to be viable node. Heaviness: 6
2019-09-12 10:33:01,643 [RatisPipelineUtilsThread] ERROR pipeline.PipelinePlacementPolicy (PipelinePlacementPolicy.java:meetCriteria(91)) - Pipeline Placement: Doesn't meet the criteria to be viable node. Heaviness: 6
2019-09-12 10:33:01,643 [RatisPipelineUtilsThread] ERROR pipeline.PipelinePlacementPolicy (PipelinePlacementPolicy.java:meetCriteria(91)) - Pipeline Placement: Doesn't meet the criteria to be viable node. Heaviness: 6
2019-09-12 10:33:01,644 [RatisPipelineUtilsThread] ERROR pipeline.PipelinePlacementPolicy (PipelinePlacementPolicy.java:meetCriteria(91)) - Pipeline Placement: Doesn't meet the criteria to be viable node. Heaviness: 6
2019-09-12 10:33:01,644 [RatisPipelineUtilsThread] ERROR pipeline.PipelinePlacementPolicy (PipelinePlacementPolicy.java:meetCriteria(91)) - Pipeline Placement: Doesn't meet the criteria to be viable node. Heaviness: 6
2019-09-12 10:33:01,644 [RatisPipelineUtilsThread] ERROR pipeline.PipelinePlacementPolicy (PipelinePlacementPolicy.java:filterViableNodes(146)) - Unable to find enough nodes that meet the criteria that cannot engage in more than 5 pipelines. Nodes required: 3 Found: 0, healthy nodes count inNodeManager: 7.
2019-09-12 10:33:01,644 [RatisPipelineUtilsThread] ERROR pipeline.SCMPipelineManager (SCMPipelineManager.java:createPipeline(161)) - Pipeline creation failed due to exception: Unable to find enough nodes that meet the criteria that cannot engage in more than 5 pipelines. Nodes required: 3 Found: 0, healthy nodes count inNodeManager: 7.
2019-09-12 10:33:01,644 [IPC Server handler 17 on 42511] ERROR pipeline.PipelinePlacementPolicy (PipelinePlacementPolicy.java:meetCriteria(91)) - Pipeline Placement: Doesn't meet the criteria to be viable node. Heaviness: 6
2019-09-12 10:33:01,645 [IPC Server handler 17 on 42511] ERROR pipeline.PipelinePlacementPolicy (PipelinePlacementPolicy.java:meetCriteria(91)) - Pipeline Placement: Doesn't meet the criteria to be viable node. Heaviness: 6
2019-09-12 10:33:01,645 [IPC Server handler 17 on 42511] ERROR pipeline.PipelinePlacementPolicy (PipelinePlacementPolicy.java:meetCriteria(91)) - Pipeline Placement: Doesn't meet the criteria to be viable node. Heaviness: 6
2019-09-12 10:33:01,645 [IPC Server handler 17 on 42511] ERROR pipeline.PipelinePlacementPolicy (PipelinePlacementPolicy.java:meetCriteria(91)) - Pipeline Placement: Doesn't meet the criteria to be viable node. Heaviness: 6
2019-09-12 10:33:01,645 [IPC Server handler 17 on 42511] ERROR pipeline.PipelinePlacementPolicy (PipelinePlacementPolicy.java:meetCriteria(91)) - Pipeline Placement: Doesn't meet the criteria to be viable node. Heaviness: 6
2019-09-12 10:33:01,646 [IPC Server handler 17 on 42511] ERROR pipeline.PipelinePlacementPolicy (PipelinePlacementPolicy.java:meetCriteria(91)) - Pipeline Placement: Doesn't meet the criteria to be viable node. Heaviness: 6
2019-09-12 10:33:01,646 [IPC Server handler 17 on 42511] ERROR pipeline.PipelinePlacementPolicy (PipelinePlacementPolicy.java:meetCriteria(91)) - Pipeline Placement: Doesn't meet the criteria to be viable node. Heaviness: 6
2019-09-12 10:33:01,646 [IPC Server handler 17 on 42511] ERROR pipeline.PipelinePlacementPolicy (PipelinePlacementPolicy.java:filterViableNodes(146)) - Unable to find enough nodes that meet the criteria that cannot engage in more than 5 pipelines. Nodes required: 3 Found: 0, healthy nodes count inNodeManager: 7.
2019-09-12 10:33:01,646 [IPC Server handler 17 on 42511] ERROR pipeline.SCMPipelineManager (SCMPipelineManager.java:createPipeline(161)) - Pipeline creation failed due to exception: Unable to find enough nodes that meet the criteria that cannot engage in more than 5 pipelines. Nodes required: 3 Found: 0, healthy nodes count inNodeManager: 7.
2019-09-12 10:33:01,649 [IPC Server handler 17 on 42511] WARN  block.BlockManagerImpl (BlockManagerImpl.java:allocateBlock(192)) - Pipeline creation failed for type:RATIS factor:THREE. Retrying get pipelines call once.
org.apache.hadoop.hdds.scm.exceptions.SCMException: Unable to find enough nodes that meet the criteria that cannot engage in more than 5 pipelines. Nodes required: 3 Found: 0, healthy nodes count inNodeManager: 7.
	at org.apache.hadoop.hdds.scm.pipeline.PipelinePlacementPolicy.filterViableNodes(PipelinePlacementPolicy.java:147)
	at org.apache.hadoop.hdds.scm.pipeline.PipelinePlacementPolicy.chooseDatanodes(PipelinePlacementPolicy.java:170)
	at org.apache.hadoop.hdds.scm.pipeline.RatisPipelineProvider.create(RatisPipelineProvider.java:92)
	at org.apache.hadoop.hdds.scm.pipeline.PipelineFactory.create(PipelineFactory.java:57)
	at org.apache.hadoop.hdds.scm.pipeline.SCMPipelineManager.createPipeline(SCMPipelineManager.java:149)
	at org.apache.hadoop.hdds.scm.block.BlockManagerImpl.allocateBlock(BlockManagerImpl.java:190)
	at org.apache.hadoop.hdds.scm.server.SCMBlockProtocolServer.allocateBlock(SCMBlockProtocolServer.java:175)
	at org.apache.hadoop.ozone.protocolPB.ScmBlockLocationProtocolServerSideTranslatorPB.allocateScmBlock(ScmBlockLocationProtocolServerSideTranslatorPB.java:153)
	at org.apache.hadoop.ozone.protocolPB.ScmBlockLocationProtocolServerSideTranslatorPB.send(ScmBlockLocationProtocolServerSideTranslatorPB.java:112)
	at org.apache.hadoop.hdds.protocol.proto.ScmBlockLocationProtocolProtos$ScmBlockLocationProtocolService$2.callBlockingMethod(ScmBlockLocationProtocolProtos.java:13157)
	at org.apache.hadoop.ipc.ProtobufRpcEngine$Server$ProtoBufRpcInvoker.call(ProtobufRpcEngine.java:524)
	at org.apache.hadoop.ipc.RPC$Server.call(RPC.java:1025)
	at org.apache.hadoop.ipc.Server$RpcCall.run(Server.java:876)
	at org.apache.hadoop.ipc.Server$RpcCall.run(Server.java:822)
	at java.security.AccessController.doPrivileged(Native Method)
	at javax.security.auth.Subject.doAs(Subject.java:422)
	at org.apache.hadoop.security.UserGroupInformation.doAs(UserGroupInformation.java:1730)
	at org.apache.hadoop.ipc.Server$Handler.run(Server.java:2682)
2019-09-12 10:33:01,651 [IPC Server handler 17 on 42511] INFO  block.BlockManagerImpl (BlockManagerImpl.java:allocateBlock(198)) - Could not find available pipeline of type:RATIS and factor:THREE even after retrying
2019-09-12 10:33:01,651 [IPC Server handler 17 on 42511] ERROR block.BlockManagerImpl (BlockManagerImpl.java:allocateBlock(222)) - Unable to allocate a block for the size: 800, type: RATIS, factor: THREE
2019-09-12 10:33:01,651 | INFO  | SCMAudit | user=jenkins1000 | ip=192.168.157.195 | op=ALLOCATE_BLOCK {owner=6fae413d-4caf-40e7-ac27-d3db679d6f35, size=800, type=RATIS, factor=THREE} | ret=SUCCESS |  
2019-09-12 10:33:01,658 | ERROR | OMAudit | user=jenkins1000 | ip=127.0.0.1 | op=ALLOCATE_KEY {volume=testblockoutputstreamwithretries, bucket=testblockoutputstreamwithretries, key=a0cf6f86-9acc-476c-804a-afa16e970f34, dataSize=0, replicationType=RATIS, replicationFactor=THREE, keyLocationInfo=null} | ret=FAILURE | org.apache.hadoop.hdds.scm.exceptions.SCMException: Allocated 0 blocks. Requested 1 blocks
	at org.apache.hadoop.hdds.scm.protocolPB.ScmBlockLocationProtocolClientSideTranslatorPB.handleError(ScmBlockLocationProtocolClientSideTranslatorPB.java:118)
	at org.apache.hadoop.hdds.scm.protocolPB.ScmBlockLocationProtocolClientSideTranslatorPB.allocateBlock(ScmBlockLocationProtocolClientSideTranslatorPB.java:156) 
2019-09-12 10:33:01,664 [main] INFO  ozone.MiniOzoneClusterImpl (MiniOzoneClusterImpl.java:shutdown(321)) - Shutting down the Mini Ozone Cluster
2019-09-12 10:33:01,665 | INFO  | SCMAudit | user=null | ip=null | op=GET_SCM_INFO null | ret=SUCCESS |  
2019-09-12 10:33:01,665 [main] INFO  ozone.MiniOzoneClusterImpl (MiniOzoneClusterImpl.java:stop(336)) - Stopping the Mini Ozone Cluster
2019-09-12 10:33:01,666 [main] INFO  ozone.MiniOzoneClusterImpl (MiniOzoneClusterImpl.java:stop(338)) - Stopping the OzoneManager
2019-09-12 10:33:01,666 [main] INFO  ipc.Server (Server.java:stop(3082)) - Stopping server on 40147
2019-09-12 10:33:01,704 [IPC Server listener on 40147] INFO  ipc.Server (Server.java:run(1185)) - Stopping IPC Server listener on 40147
2019-09-12 10:33:01,704 [IPC Server Responder] INFO  ipc.Server (Server.java:run(1319)) - Stopping IPC Server Responder
2019-09-12 10:33:01,704 [main] INFO  ratis.OzoneManagerDoubleBuffer (OzoneManagerDoubleBuffer.java:stop(248)) - Stopping OMDoubleBuffer flush thread
2019-09-12 10:33:01,707 [OMDoubleBufferFlushThread] INFO  ratis.OzoneManagerDoubleBuffer (OzoneManagerDoubleBuffer.java:flushTransactions(191)) - OMDoubleBuffer flush thread OMDoubleBufferFlushThread is interrupted and will exit. OMDoubleBufferFlushThread
2019-09-12 10:33:01,710 [main] INFO  utils.BackgroundService (BackgroundService.java:shutdown(148)) - Shutting down service KeyDeletingService
2019-09-12 10:33:01,717 [main] INFO  handler.ContextHandler (ContextHandler.java:doStop(910)) - Stopped o.e.j.w.WebAppContext@1f1cae23{/,null,UNAVAILABLE}{/ozoneManager}
2019-09-12 10:33:01,727 [main] INFO  server.AbstractConnector (AbstractConnector.java:doStop(318)) - Stopped ServerConnector@7c455e96{HTTP/1.1,[http/1.1]}{0.0.0.0:0}
2019-09-12 10:33:01,728 [main] INFO  handler.ContextHandler (ContextHandler.java:doStop(910)) - Stopped o.e.j.s.ServletContextHandler@1698d7c0{/static,file:///workdir/hadoop-ozone/integration-test/target/test-classes/webapps/static,UNAVAILABLE}
2019-09-12 10:33:01,729 [main] INFO  handler.ContextHandler (ContextHandler.java:doStop(910)) - Stopped o.e.j.s.ServletContextHandler@73ba6fe6{/logs,file:///workdir/hadoop-ozone/integration-test/target/log,UNAVAILABLE}
2019-09-12 10:33:01,735 [main] INFO  ozone.MiniOzoneClusterImpl (MiniOzoneClusterImpl.java:stop(344)) - Shutting the HddsDatanodes
2019-09-12 10:33:01,737 [main] INFO  datanode.ObjectStoreHandler (ObjectStoreHandler.java:close(155)) - Closing ObjectStoreHandler.
2019-09-12 10:33:01,737 [ForkJoinPool.commonPool-worker-1] INFO  datanode.ObjectStoreHandler (ObjectStoreHandler.java:close(155)) - Closing ObjectStoreHandler.
2019-09-12 10:33:01,741 [main] INFO  ozone.HddsDatanodeService (HddsDatanodeService.java:stop(451)) - Stopped plug-in org.apache.hadoop.ozone.web.OzoneHddsDatanodeService@514377fc
2019-09-12 10:33:01,741 [ForkJoinPool.commonPool-worker-1] INFO  ozone.HddsDatanodeService (HddsDatanodeService.java:stop(451)) - Stopped plug-in org.apache.hadoop.ozone.web.OzoneHddsDatanodeService@5d1d9d73
2019-09-12 10:33:01,758 | INFO  | SCMAudit | user=jenkins1000 | ip=192.168.157.195 | op=SEND_HEARTBEAT {datanodeUUID=6f7ced02-9074-41a5-813c-bc7a1b1d7969, command=[]} | ret=SUCCESS |  
2019-09-12 10:33:02,260 [Datanode State Machine Thread - 0] INFO  statemachine.DatanodeStateMachine (DatanodeStateMachine.java:lambda$startDaemon$0(350)) - Ozone container server started.
2019-09-12 10:33:02,269 | INFO  | SCMAudit | user=jenkins1000 | ip=192.168.157.195 | op=SEND_HEARTBEAT {datanodeUUID=e0e61d4c-2e09-4c56-8609-a14bb69c63aa, command=[]} | ret=SUCCESS |  
2019-09-12 10:33:02,347 | INFO  | SCMAudit | user=jenkins1000 | ip=192.168.157.195 | op=SEND_HEARTBEAT {datanodeUUID=6d8e2272-d3cb-43aa-845f-9a021007c4ce, command=[]} | ret=SUCCESS |  
2019-09-12 10:33:02,441 | INFO  | SCMAudit | user=jenkins1000 | ip=192.168.157.195 | op=SEND_HEARTBEAT {datanodeUUID=81ee34d7-b83f-41e3-b846-e574d684802c, command=[]} | ret=SUCCESS |  
2019-09-12 10:33:02,554 [Datanode State Machine Thread - 0] INFO  statemachine.DatanodeStateMachine (DatanodeStateMachine.java:lambda$startDaemon$0(350)) - Ozone container server started.
2019-09-12 10:33:02,616 | INFO  | SCMAudit | user=jenkins1000 | ip=192.168.157.195 | op=SEND_HEARTBEAT {datanodeUUID=083ebb38-73c7-4c90-bb26-8945a60751ec, command=[]} | ret=SUCCESS |  
2019-09-12 10:33:02,743 | INFO  | SCMAudit | user=jenkins1000 | ip=192.168.157.195 | op=SEND_HEARTBEAT {datanodeUUID=6f7ced02-9074-41a5-813c-bc7a1b1d7969, command=[]} | ret=SUCCESS |  
2019-09-12 10:33:03,269 | INFO  | SCMAudit | user=jenkins1000 | ip=192.168.157.195 | op=SEND_HEARTBEAT {datanodeUUID=e0e61d4c-2e09-4c56-8609-a14bb69c63aa, command=[]} | ret=SUCCESS |  
2019-09-12 10:33:03,347 | INFO  | SCMAudit | user=jenkins1000 | ip=192.168.157.195 | op=SEND_HEARTBEAT {datanodeUUID=6d8e2272-d3cb-43aa-845f-9a021007c4ce, command=[]} | ret=SUCCESS |  
2019-09-12 10:33:03,441 | INFO  | SCMAudit | user=jenkins1000 | ip=192.168.157.195 | op=SEND_HEARTBEAT {datanodeUUID=81ee34d7-b83f-41e3-b846-e574d684802c, command=[]} | ret=SUCCESS |  
2019-09-12 10:33:03,617 | INFO  | SCMAudit | user=jenkins1000 | ip=192.168.157.195 | op=SEND_HEARTBEAT {datanodeUUID=083ebb38-73c7-4c90-bb26-8945a60751ec, command=[]} | ret=SUCCESS |  
2019-09-12 10:33:03,719 [Thread-239] INFO  impl.FollowerState (FollowerState.java:run(106)) - 6d8e2272-d3cb-43aa-845f-9a021007c4ce:group-C9C24DE1AC6A changes to CANDIDATE, lastRpcTime:5052, electionTimeout:5051ms
2019-09-12 10:33:03,719 [Thread-239] INFO  impl.RoleInfo (RoleInfo.java:shutdownFollowerState(121)) - 6d8e2272-d3cb-43aa-845f-9a021007c4ce: shutdown FollowerState
2019-09-12 10:33:03,720 [Thread-239] INFO  impl.RaftServerImpl (RaftServerImpl.java:setRole(171)) - 6d8e2272-d3cb-43aa-845f-9a021007c4ce:group-C9C24DE1AC6A changes role from FOLLOWER to CANDIDATE at term 0 for changeToCandidate
2019-09-12 10:33:03,728 [Thread-239] INFO  impl.RoleInfo (RoleInfo.java:updateAndGet(143)) - 6d8e2272-d3cb-43aa-845f-9a021007c4ce: start LeaderElection
2019-09-12 10:33:03,742 | INFO  | SCMAudit | user=jenkins1000 | ip=192.168.157.195 | op=SEND_HEARTBEAT {datanodeUUID=6f7ced02-9074-41a5-813c-bc7a1b1d7969, command=[]} | ret=SUCCESS |  
2019-09-12 10:33:03,761 [6d8e2272-d3cb-43aa-845f-9a021007c4ce:group-C9C24DE1AC6A:LeaderElection1] INFO  impl.LeaderElection (LeaderElection.java:askForVotes(181)) - 6d8e2272-d3cb-43aa-845f-9a021007c4ce:group-C9C24DE1AC6A:LeaderElection1: begin an election at term 1 for -1: [6d8e2272-d3cb-43aa-845f-9a021007c4ce:192.168.157.195:46389], old=null
2019-09-12 10:33:03,763 [6d8e2272-d3cb-43aa-845f-9a021007c4ce:group-C9C24DE1AC6A:LeaderElection1] INFO  impl.RoleInfo (RoleInfo.java:shutdownLeaderElection(134)) - 6d8e2272-d3cb-43aa-845f-9a021007c4ce: shutdown LeaderElection
2019-09-12 10:33:03,764 [6d8e2272-d3cb-43aa-845f-9a021007c4ce:group-C9C24DE1AC6A:LeaderElection1] INFO  impl.RaftServerImpl (RaftServerImpl.java:setRole(171)) - 6d8e2272-d3cb-43aa-845f-9a021007c4ce:group-C9C24DE1AC6A changes role from CANDIDATE to LEADER at term 1 for changeToLeader
2019-09-12 10:33:03,764 [6d8e2272-d3cb-43aa-845f-9a021007c4ce:group-C9C24DE1AC6A:LeaderElection1] INFO  impl.RaftServerImpl (ServerState.java:setLeader(263)) - 6d8e2272-d3cb-43aa-845f-9a021007c4ce:group-C9C24DE1AC6A change Leader from null to 6d8e2272-d3cb-43aa-845f-9a021007c4ce at term 1 for becomeLeader, leader elected after 5180ms
2019-09-12 10:33:03,775 [6d8e2272-d3cb-43aa-845f-9a021007c4ce:group-C9C24DE1AC6A:LeaderElection1] INFO  server.RaftServerConfigKeys (ConfUtils.java:logGet(43)) - raft.server.staging.catchup.gap = 1000 (default)
2019-09-12 10:33:03,777 [6d8e2272-d3cb-43aa-845f-9a021007c4ce:group-C9C24DE1AC6A:LeaderElection1] INFO  server.RaftServerConfigKeys (ConfUtils.java:logGet(43)) - raft.server.rpc.sleep.time = 25ms (default)
2019-09-12 10:33:03,780 [6d8e2272-d3cb-43aa-845f-9a021007c4ce:group-C9C24DE1AC6A:LeaderElection1] INFO  server.RaftServerConfigKeys (ConfUtils.java:logGet(43)) - raft.server.write.element-limit = 4096 (default)
2019-09-12 10:33:03,783 [6d8e2272-d3cb-43aa-845f-9a021007c4ce:group-C9C24DE1AC6A:LeaderElection1] INFO  server.RaftServerConfigKeys (ConfUtils.java:logGet(43)) - raft.server.watch.timeout = 10s (default)
2019-09-12 10:33:03,783 [6d8e2272-d3cb-43aa-845f-9a021007c4ce:group-C9C24DE1AC6A:LeaderElection1] INFO  server.RaftServerConfigKeys (ConfUtils.java:logGet(43)) - raft.server.watch.timeout.denomination = 1s (default)
2019-09-12 10:33:03,784 [6d8e2272-d3cb-43aa-845f-9a021007c4ce:group-C9C24DE1AC6A:LeaderElection1] INFO  server.RaftServerConfigKeys (ConfUtils.java:logGet(43)) - raft.server.watch.element-limit = 65536 (default)
2019-09-12 10:33:03,794 [6d8e2272-d3cb-43aa-845f-9a021007c4ce:group-C9C24DE1AC6A:LeaderElection1] INFO  impl.RoleInfo (RoleInfo.java:updateAndGet(143)) - 6d8e2272-d3cb-43aa-845f-9a021007c4ce: start LeaderState
2019-09-12 10:33:03,820 [6d8e2272-d3cb-43aa-845f-9a021007c4ce:group-C9C24DE1AC6A:LeaderElection1] INFO  segmented.SegmentedRaftLogWorker (SegmentedRaftLogWorker.java:startLogSegment(380)) - 6d8e2272-d3cb-43aa-845f-9a021007c4ce-SegmentedRaftLogWorker:Storage Directory /workdir/hadoop-ozone/integration-test/target/test-dir/MiniOzoneClusterImpl-5ecceb84-7f52-4627-9972-1a459b519b1f/datanode-0/data/ratis/bee6f18b-f697-4901-84a0-c9c24de1ac6a: Starting segment from index:0
2019-09-12 10:33:03,829 [6d8e2272-d3cb-43aa-845f-9a021007c4ce:group-C9C24DE1AC6A:LeaderElection1] INFO  impl.RaftServerImpl (ServerState.java:setRaftConf(361)) - 6d8e2272-d3cb-43aa-845f-9a021007c4ce:group-C9C24DE1AC6A set configuration 0: [6d8e2272-d3cb-43aa-845f-9a021007c4ce:192.168.157.195:46389], old=null at 0
2019-09-12 10:33:04,001 [6d8e2272-d3cb-43aa-845f-9a021007c4ce-SegmentedRaftLogWorker:Storage Directory /workdir/hadoop-ozone/integration-test/target/test-dir/MiniOzoneClusterImpl-5ecceb84-7f52-4627-9972-1a459b519b1f/datanode-0/data/ratis/bee6f18b-f697-4901-84a0-c9c24de1ac6a] INFO  segmented.SegmentedRaftLogWorker (SegmentedRaftLogWorker.java:execute(569)) - 6d8e2272-d3cb-43aa-845f-9a021007c4ce-SegmentedRaftLogWorker:Storage Directory /workdir/hadoop-ozone/integration-test/target/test-dir/MiniOzoneClusterImpl-5ecceb84-7f52-4627-9972-1a459b519b1f/datanode-0/data/ratis/bee6f18b-f697-4901-84a0-c9c24de1ac6a: created new log segment /workdir/hadoop-ozone/integration-test/target/test-dir/MiniOzoneClusterImpl-5ecceb84-7f52-4627-9972-1a459b519b1f/datanode-0/data/ratis/bee6f18b-f697-4901-84a0-c9c24de1ac6a/current/log_inprogress_0
2019-09-12 10:33:04,043 [Thread-242] INFO  impl.FollowerState (FollowerState.java:run(106)) - 6f7ced02-9074-41a5-813c-bc7a1b1d7969:group-CFE5A37682F4 changes to CANDIDATE, lastRpcTime:5159, electionTimeout:5158ms
2019-09-12 10:33:04,053 [Thread-242] INFO  impl.RoleInfo (RoleInfo.java:shutdownFollowerState(121)) - 6f7ced02-9074-41a5-813c-bc7a1b1d7969: shutdown FollowerState
2019-09-12 10:33:04,053 [Thread-242] INFO  impl.RaftServerImpl (RaftServerImpl.java:setRole(171)) - 6f7ced02-9074-41a5-813c-bc7a1b1d7969:group-CFE5A37682F4 changes role from FOLLOWER to CANDIDATE at term 0 for changeToCandidate
2019-09-12 10:33:04,053 [Thread-242] INFO  impl.RoleInfo (RoleInfo.java:updateAndGet(143)) - 6f7ced02-9074-41a5-813c-bc7a1b1d7969: start LeaderElection
2019-09-12 10:33:04,072 [6f7ced02-9074-41a5-813c-bc7a1b1d7969:group-CFE5A37682F4:LeaderElection2] INFO  impl.LeaderElection (LeaderElection.java:askForVotes(181)) - 6f7ced02-9074-41a5-813c-bc7a1b1d7969:group-CFE5A37682F4:LeaderElection2: begin an election at term 1 for -1: [6f7ced02-9074-41a5-813c-bc7a1b1d7969:192.168.157.195:46366], old=null
2019-09-12 10:33:04,072 [6f7ced02-9074-41a5-813c-bc7a1b1d7969:group-CFE5A37682F4:LeaderElection2] INFO  impl.RoleInfo (RoleInfo.java:shutdownLeaderElection(134)) - 6f7ced02-9074-41a5-813c-bc7a1b1d7969: shutdown LeaderElection
2019-09-12 10:33:04,073 [6f7ced02-9074-41a5-813c-bc7a1b1d7969:group-CFE5A37682F4:LeaderElection2] INFO  impl.RaftServerImpl (RaftServerImpl.java:setRole(171)) - 6f7ced02-9074-41a5-813c-bc7a1b1d7969:group-CFE5A37682F4 changes role from CANDIDATE to LEADER at term 1 for changeToLeader
2019-09-12 10:33:04,073 [6f7ced02-9074-41a5-813c-bc7a1b1d7969:group-CFE5A37682F4:LeaderElection2] INFO  impl.RaftServerImpl (ServerState.java:setLeader(263)) - 6f7ced02-9074-41a5-813c-bc7a1b1d7969:group-CFE5A37682F4 change Leader from null to 6f7ced02-9074-41a5-813c-bc7a1b1d7969 at term 1 for becomeLeader, leader elected after 5194ms
2019-09-12 10:33:04,075 [6f7ced02-9074-41a5-813c-bc7a1b1d7969:group-CFE5A37682F4:LeaderElection2] INFO  server.RaftServerConfigKeys (ConfUtils.java:logGet(43)) - raft.server.staging.catchup.gap = 1000 (default)
2019-09-12 10:33:04,075 [6f7ced02-9074-41a5-813c-bc7a1b1d7969:group-CFE5A37682F4:LeaderElection2] INFO  server.RaftServerConfigKeys (ConfUtils.java:logGet(43)) - raft.server.rpc.sleep.time = 25ms (default)
2019-09-12 10:33:04,075 [6f7ced02-9074-41a5-813c-bc7a1b1d7969:group-CFE5A37682F4:LeaderElection2] INFO  server.RaftServerConfigKeys (ConfUtils.java:logGet(43)) - raft.server.write.element-limit = 4096 (default)
2019-09-12 10:33:04,075 [6f7ced02-9074-41a5-813c-bc7a1b1d7969:group-CFE5A37682F4:LeaderElection2] INFO  server.RaftServerConfigKeys (ConfUtils.java:logGet(43)) - raft.server.watch.timeout = 10s (default)
2019-09-12 10:33:04,075 [6f7ced02-9074-41a5-813c-bc7a1b1d7969:group-CFE5A37682F4:LeaderElection2] INFO  server.RaftServerConfigKeys (ConfUtils.java:logGet(43)) - raft.server.watch.timeout.denomination = 1s (default)
2019-09-12 10:33:04,075 [6f7ced02-9074-41a5-813c-bc7a1b1d7969:group-CFE5A37682F4:LeaderElection2] INFO  server.RaftServerConfigKeys (ConfUtils.java:logGet(43)) - raft.server.watch.element-limit = 65536 (default)
2019-09-12 10:33:04,076 [6f7ced02-9074-41a5-813c-bc7a1b1d7969:group-CFE5A37682F4:LeaderElection2] INFO  impl.RoleInfo (RoleInfo.java:updateAndGet(143)) - 6f7ced02-9074-41a5-813c-bc7a1b1d7969: start LeaderState
2019-09-12 10:33:04,076 [6f7ced02-9074-41a5-813c-bc7a1b1d7969:group-CFE5A37682F4:LeaderElection2] INFO  segmented.SegmentedRaftLogWorker (SegmentedRaftLogWorker.java:startLogSegment(380)) - 6f7ced02-9074-41a5-813c-bc7a1b1d7969-SegmentedRaftLogWorker:Storage Directory /workdir/hadoop-ozone/integration-test/target/test-dir/MiniOzoneClusterImpl-5ecceb84-7f52-4627-9972-1a459b519b1f/datanode-2/data/ratis/73ef2f8e-6b96-4b5f-a563-cfe5a37682f4: Starting segment from index:0
2019-09-12 10:33:04,076 [6f7ced02-9074-41a5-813c-bc7a1b1d7969:group-CFE5A37682F4:LeaderElection2] INFO  impl.RaftServerImpl (ServerState.java:setRaftConf(361)) - 6f7ced02-9074-41a5-813c-bc7a1b1d7969:group-CFE5A37682F4 set configuration 0: [6f7ced02-9074-41a5-813c-bc7a1b1d7969:192.168.157.195:46366], old=null at 0
2019-09-12 10:33:04,110 [Thread-245] INFO  impl.FollowerState (FollowerState.java:run(106)) - 6d8e2272-d3cb-43aa-845f-9a021007c4ce:group-266A07093F11 changes to CANDIDATE, lastRpcTime:5130, electionTimeout:5107ms
2019-09-12 10:33:04,112 [Thread-248] INFO  impl.FollowerState (FollowerState.java:run(106)) - 6f7ced02-9074-41a5-813c-bc7a1b1d7969:group-758DF5410486 changes to CANDIDATE, lastRpcTime:5057, electionTimeout:5025ms
2019-09-12 10:33:04,112 [Thread-245] INFO  impl.RoleInfo (RoleInfo.java:shutdownFollowerState(121)) - 6d8e2272-d3cb-43aa-845f-9a021007c4ce: shutdown FollowerState
2019-09-12 10:33:04,112 [Thread-248] INFO  impl.RoleInfo (RoleInfo.java:shutdownFollowerState(121)) - 6f7ced02-9074-41a5-813c-bc7a1b1d7969: shutdown FollowerState
2019-09-12 10:33:04,112 [Thread-245] INFO  impl.RaftServerImpl (RaftServerImpl.java:setRole(171)) - 6d8e2272-d3cb-43aa-845f-9a021007c4ce:group-266A07093F11 changes role from FOLLOWER to CANDIDATE at term 0 for changeToCandidate
2019-09-12 10:33:04,112 [Thread-248] INFO  impl.RaftServerImpl (RaftServerImpl.java:setRole(171)) - 6f7ced02-9074-41a5-813c-bc7a1b1d7969:group-758DF5410486 changes role from FOLLOWER to CANDIDATE at term 0 for changeToCandidate
2019-09-12 10:33:04,112 [Thread-245] INFO  impl.RoleInfo (RoleInfo.java:updateAndGet(143)) - 6d8e2272-d3cb-43aa-845f-9a021007c4ce: start LeaderElection
2019-09-12 10:33:04,112 [Thread-248] INFO  impl.RoleInfo (RoleInfo.java:updateAndGet(143)) - 6f7ced02-9074-41a5-813c-bc7a1b1d7969: start LeaderElection
2019-09-12 10:33:04,134 [6f7ced02-9074-41a5-813c-bc7a1b1d7969-SegmentedRaftLogWorker:Storage Directory /workdir/hadoop-ozone/integration-test/target/test-dir/MiniOzoneClusterImpl-5ecceb84-7f52-4627-9972-1a459b519b1f/datanode-2/data/ratis/73ef2f8e-6b96-4b5f-a563-cfe5a37682f4] INFO  segmented.SegmentedRaftLogWorker (SegmentedRaftLogWorker.java:execute(569)) - 6f7ced02-9074-41a5-813c-bc7a1b1d7969-SegmentedRaftLogWorker:Storage Directory /workdir/hadoop-ozone/integration-test/target/test-dir/MiniOzoneClusterImpl-5ecceb84-7f52-4627-9972-1a459b519b1f/datanode-2/data/ratis/73ef2f8e-6b96-4b5f-a563-cfe5a37682f4: created new log segment /workdir/hadoop-ozone/integration-test/target/test-dir/MiniOzoneClusterImpl-5ecceb84-7f52-4627-9972-1a459b519b1f/datanode-2/data/ratis/73ef2f8e-6b96-4b5f-a563-cfe5a37682f4/current/log_inprogress_0
2019-09-12 10:33:04,136 [6d8e2272-d3cb-43aa-845f-9a021007c4ce:group-266A07093F11:LeaderElection3] INFO  impl.LeaderElection (LeaderElection.java:askForVotes(181)) - 6d8e2272-d3cb-43aa-845f-9a021007c4ce:group-266A07093F11:LeaderElection3: begin an election at term 1 for -1: [6d8e2272-d3cb-43aa-845f-9a021007c4ce:192.168.157.195:46389], old=null
2019-09-12 10:33:04,136 [6f7ced02-9074-41a5-813c-bc7a1b1d7969:group-758DF5410486:LeaderElection4] INFO  impl.LeaderElection (LeaderElection.java:askForVotes(181)) - 6f7ced02-9074-41a5-813c-bc7a1b1d7969:group-758DF5410486:LeaderElection4: begin an election at term 1 for -1: [6f7ced02-9074-41a5-813c-bc7a1b1d7969:192.168.157.195:46366], old=null
2019-09-12 10:33:04,139 [6d8e2272-d3cb-43aa-845f-9a021007c4ce:group-266A07093F11:LeaderElection3] INFO  impl.RoleInfo (RoleInfo.java:shutdownLeaderElection(134)) - 6d8e2272-d3cb-43aa-845f-9a021007c4ce: shutdown LeaderElection
2019-09-12 10:33:04,139 [6f7ced02-9074-41a5-813c-bc7a1b1d7969:group-758DF5410486:LeaderElection4] INFO  impl.RoleInfo (RoleInfo.java:shutdownLeaderElection(134)) - 6f7ced02-9074-41a5-813c-bc7a1b1d7969: shutdown LeaderElection
2019-09-12 10:33:04,139 [6d8e2272-d3cb-43aa-845f-9a021007c4ce:group-266A07093F11:LeaderElection3] INFO  impl.RaftServerImpl (RaftServerImpl.java:setRole(171)) - 6d8e2272-d3cb-43aa-845f-9a021007c4ce:group-266A07093F11 changes role from CANDIDATE to LEADER at term 1 for changeToLeader
2019-09-12 10:33:04,139 [6f7ced02-9074-41a5-813c-bc7a1b1d7969:group-758DF5410486:LeaderElection4] INFO  impl.RaftServerImpl (RaftServerImpl.java:setRole(171)) - 6f7ced02-9074-41a5-813c-bc7a1b1d7969:group-758DF5410486 changes role from CANDIDATE to LEADER at term 1 for changeToLeader
2019-09-12 10:33:04,139 [6d8e2272-d3cb-43aa-845f-9a021007c4ce:group-266A07093F11:LeaderElection3] INFO  impl.RaftServerImpl (ServerState.java:setLeader(263)) - 6d8e2272-d3cb-43aa-845f-9a021007c4ce:group-266A07093F11 change Leader from null to 6d8e2272-d3cb-43aa-845f-9a021007c4ce at term 1 for becomeLeader, leader elected after 5165ms
2019-09-12 10:33:04,140 [6f7ced02-9074-41a5-813c-bc7a1b1d7969:group-758DF5410486:LeaderElection4] INFO  impl.RaftServerImpl (ServerState.java:setLeader(263)) - 6f7ced02-9074-41a5-813c-bc7a1b1d7969:group-758DF5410486 change Leader from null to 6f7ced02-9074-41a5-813c-bc7a1b1d7969 at term 1 for becomeLeader, leader elected after 5090ms
2019-09-12 10:33:04,140 [6d8e2272-d3cb-43aa-845f-9a021007c4ce:group-266A07093F11:LeaderElection3] INFO  server.RaftServerConfigKeys (ConfUtils.java:logGet(43)) - raft.server.staging.catchup.gap = 1000 (default)
2019-09-12 10:33:04,140 [6f7ced02-9074-41a5-813c-bc7a1b1d7969:group-758DF5410486:LeaderElection4] INFO  server.RaftServerConfigKeys (ConfUtils.java:logGet(43)) - raft.server.staging.catchup.gap = 1000 (default)
2019-09-12 10:33:04,141 [6d8e2272-d3cb-43aa-845f-9a021007c4ce:group-266A07093F11:LeaderElection3] INFO  server.RaftServerConfigKeys (ConfUtils.java:logGet(43)) - raft.server.rpc.sleep.time = 25ms (default)
2019-09-12 10:33:04,141 [6f7ced02-9074-41a5-813c-bc7a1b1d7969:group-758DF5410486:LeaderElection4] INFO  server.RaftServerConfigKeys (ConfUtils.java:logGet(43)) - raft.server.rpc.sleep.time = 25ms (default)
2019-09-12 10:33:04,142 [6f7ced02-9074-41a5-813c-bc7a1b1d7969:group-758DF5410486:LeaderElection4] INFO  server.RaftServerConfigKeys (ConfUtils.java:logGet(43)) - raft.server.write.element-limit = 4096 (default)
2019-09-12 10:33:04,142 [6d8e2272-d3cb-43aa-845f-9a021007c4ce:group-266A07093F11:LeaderElection3] INFO  server.RaftServerConfigKeys (ConfUtils.java:logGet(43)) - raft.server.write.element-limit = 4096 (default)
2019-09-12 10:33:04,142 [6f7ced02-9074-41a5-813c-bc7a1b1d7969:group-758DF5410486:LeaderElection4] INFO  server.RaftServerConfigKeys (ConfUtils.java:logGet(43)) - raft.server.watch.timeout = 10s (default)
2019-09-12 10:33:04,142 [6d8e2272-d3cb-43aa-845f-9a021007c4ce:group-266A07093F11:LeaderElection3] INFO  server.RaftServerConfigKeys (ConfUtils.java:logGet(43)) - raft.server.watch.timeout = 10s (default)
2019-09-12 10:33:04,142 [6f7ced02-9074-41a5-813c-bc7a1b1d7969:group-758DF5410486:LeaderElection4] INFO  server.RaftServerConfigKeys (ConfUtils.java:logGet(43)) - raft.server.watch.timeout.denomination = 1s (default)
2019-09-12 10:33:04,142 [6d8e2272-d3cb-43aa-845f-9a021007c4ce:group-266A07093F11:LeaderElection3] INFO  server.RaftServerConfigKeys (ConfUtils.java:logGet(43)) - raft.server.watch.timeout.denomination = 1s (default)
2019-09-12 10:33:04,143 [6f7ced02-9074-41a5-813c-bc7a1b1d7969:group-758DF5410486:LeaderElection4] INFO  server.RaftServerConfigKeys (ConfUtils.java:logGet(43)) - raft.server.watch.element-limit = 65536 (default)
2019-09-12 10:33:04,143 [6d8e2272-d3cb-43aa-845f-9a021007c4ce:group-266A07093F11:LeaderElection3] INFO  server.RaftServerConfigKeys (ConfUtils.java:logGet(43)) - raft.server.watch.element-limit = 65536 (default)
2019-09-12 10:33:04,143 [6d8e2272-d3cb-43aa-845f-9a021007c4ce:group-266A07093F11:LeaderElection3] INFO  impl.RoleInfo (RoleInfo.java:updateAndGet(143)) - 6d8e2272-d3cb-43aa-845f-9a021007c4ce: start LeaderState
2019-09-12 10:33:04,143 [6f7ced02-9074-41a5-813c-bc7a1b1d7969:group-758DF5410486:LeaderElection4] INFO  impl.RoleInfo (RoleInfo.java:updateAndGet(143)) - 6f7ced02-9074-41a5-813c-bc7a1b1d7969: start LeaderState
2019-09-12 10:33:04,144 [6d8e2272-d3cb-43aa-845f-9a021007c4ce:group-266A07093F11:LeaderElection3] INFO  segmented.SegmentedRaftLogWorker (SegmentedRaftLogWorker.java:startLogSegment(380)) - 6d8e2272-d3cb-43aa-845f-9a021007c4ce-SegmentedRaftLogWorker:Storage Directory /workdir/hadoop-ozone/integration-test/target/test-dir/MiniOzoneClusterImpl-5ecceb84-7f52-4627-9972-1a459b519b1f/datanode-0/data/ratis/22b38ba4-2f8a-43fb-b077-266a07093f11: Starting segment from index:0
2019-09-12 10:33:04,144 [6f7ced02-9074-41a5-813c-bc7a1b1d7969:group-758DF5410486:LeaderElection4] INFO  segmented.SegmentedRaftLogWorker (SegmentedRaftLogWorker.java:startLogSegment(380)) - 6f7ced02-9074-41a5-813c-bc7a1b1d7969-SegmentedRaftLogWorker:Storage Directory /workdir/hadoop-ozone/integration-test/target/test-dir/MiniOzoneClusterImpl-5ecceb84-7f52-4627-9972-1a459b519b1f/datanode-2/data/ratis/9e3ce721-79bf-4719-a57d-758df5410486: Starting segment from index:0
2019-09-12 10:33:04,145 [6d8e2272-d3cb-43aa-845f-9a021007c4ce:group-266A07093F11:LeaderElection3] INFO  impl.RaftServerImpl (ServerState.java:setRaftConf(361)) - 6d8e2272-d3cb-43aa-845f-9a021007c4ce:group-266A07093F11 set configuration 0: [6d8e2272-d3cb-43aa-845f-9a021007c4ce:192.168.157.195:46389], old=null at 0
2019-09-12 10:33:04,145 [6f7ced02-9074-41a5-813c-bc7a1b1d7969:group-758DF5410486:LeaderElection4] INFO  impl.RaftServerImpl (ServerState.java:setRaftConf(361)) - 6f7ced02-9074-41a5-813c-bc7a1b1d7969:group-758DF5410486 set configuration 0: [6f7ced02-9074-41a5-813c-bc7a1b1d7969:192.168.157.195:46366], old=null at 0
2019-09-12 10:33:04,200 [6d8e2272-d3cb-43aa-845f-9a021007c4ce-SegmentedRaftLogWorker:Storage Directory /workdir/hadoop-ozone/integration-test/target/test-dir/MiniOzoneClusterImpl-5ecceb84-7f52-4627-9972-1a459b519b1f/datanode-0/data/ratis/22b38ba4-2f8a-43fb-b077-266a07093f11] INFO  segmented.SegmentedRaftLogWorker (SegmentedRaftLogWorker.java:execute(569)) - 6d8e2272-d3cb-43aa-845f-9a021007c4ce-SegmentedRaftLogWorker:Storage Directory /workdir/hadoop-ozone/integration-test/target/test-dir/MiniOzoneClusterImpl-5ecceb84-7f52-4627-9972-1a459b519b1f/datanode-0/data/ratis/22b38ba4-2f8a-43fb-b077-266a07093f11: created new log segment /workdir/hadoop-ozone/integration-test/target/test-dir/MiniOzoneClusterImpl-5ecceb84-7f52-4627-9972-1a459b519b1f/datanode-0/data/ratis/22b38ba4-2f8a-43fb-b077-266a07093f11/current/log_inprogress_0
2019-09-12 10:33:04,200 [6f7ced02-9074-41a5-813c-bc7a1b1d7969-SegmentedRaftLogWorker:Storage Directory /workdir/hadoop-ozone/integration-test/target/test-dir/MiniOzoneClusterImpl-5ecceb84-7f52-4627-9972-1a459b519b1f/datanode-2/data/ratis/9e3ce721-79bf-4719-a57d-758df5410486] INFO  segmented.SegmentedRaftLogWorker (SegmentedRaftLogWorker.java:execute(569)) - 6f7ced02-9074-41a5-813c-bc7a1b1d7969-SegmentedRaftLogWorker:Storage Directory /workdir/hadoop-ozone/integration-test/target/test-dir/MiniOzoneClusterImpl-5ecceb84-7f52-4627-9972-1a459b519b1f/datanode-2/data/ratis/9e3ce721-79bf-4719-a57d-758df5410486: created new log segment /workdir/hadoop-ozone/integration-test/target/test-dir/MiniOzoneClusterImpl-5ecceb84-7f52-4627-9972-1a459b519b1f/datanode-2/data/ratis/9e3ce721-79bf-4719-a57d-758df5410486/current/log_inprogress_0
2019-09-12 10:33:04,245 [Thread-251] INFO  impl.FollowerState (FollowerState.java:run(106)) - e0e61d4c-2e09-4c56-8609-a14bb69c63aa:group-D7E2F5346064 changes to CANDIDATE, lastRpcTime:5117, electionTimeout:5117ms
2019-09-12 10:33:04,245 [Thread-251] INFO  impl.RoleInfo (RoleInfo.java:shutdownFollowerState(121)) - e0e61d4c-2e09-4c56-8609-a14bb69c63aa: shutdown FollowerState
2019-09-12 10:33:04,245 [Thread-251] INFO  impl.RaftServerImpl (RaftServerImpl.java:setRole(171)) - e0e61d4c-2e09-4c56-8609-a14bb69c63aa:group-D7E2F5346064 changes role from FOLLOWER to CANDIDATE at term 0 for changeToCandidate
2019-09-12 10:33:04,245 [Thread-251] INFO  impl.RoleInfo (RoleInfo.java:updateAndGet(143)) - e0e61d4c-2e09-4c56-8609-a14bb69c63aa: start LeaderElection
2019-09-12 10:33:04,272 | INFO  | SCMAudit | user=jenkins1000 | ip=192.168.157.195 | op=SEND_HEARTBEAT {datanodeUUID=e0e61d4c-2e09-4c56-8609-a14bb69c63aa, command=[]} | ret=SUCCESS |  
2019-09-12 10:33:04,281 [e0e61d4c-2e09-4c56-8609-a14bb69c63aa:group-D7E2F5346064:LeaderElection5] INFO  impl.LeaderElection (LeaderElection.java:askForVotes(181)) - e0e61d4c-2e09-4c56-8609-a14bb69c63aa:group-D7E2F5346064:LeaderElection5: begin an election at term 1 for -1: [e0e61d4c-2e09-4c56-8609-a14bb69c63aa:192.168.157.195:42576], old=null
2019-09-12 10:33:04,281 [e0e61d4c-2e09-4c56-8609-a14bb69c63aa:group-D7E2F5346064:LeaderElection5] INFO  impl.RoleInfo (RoleInfo.java:shutdownLeaderElection(134)) - e0e61d4c-2e09-4c56-8609-a14bb69c63aa: shutdown LeaderElection
2019-09-12 10:33:04,281 [e0e61d4c-2e09-4c56-8609-a14bb69c63aa:group-D7E2F5346064:LeaderElection5] INFO  impl.RaftServerImpl (RaftServerImpl.java:setRole(171)) - e0e61d4c-2e09-4c56-8609-a14bb69c63aa:group-D7E2F5346064 changes role from CANDIDATE to LEADER at term 1 for changeToLeader
2019-09-12 10:33:04,282 [e0e61d4c-2e09-4c56-8609-a14bb69c63aa:group-D7E2F5346064:LeaderElection5] INFO  impl.RaftServerImpl (ServerState.java:setLeader(263)) - e0e61d4c-2e09-4c56-8609-a14bb69c63aa:group-D7E2F5346064 change Leader from null to e0e61d4c-2e09-4c56-8609-a14bb69c63aa at term 1 for becomeLeader, leader elected after 5158ms
2019-09-12 10:33:04,285 [e0e61d4c-2e09-4c56-8609-a14bb69c63aa:group-D7E2F5346064:LeaderElection5] INFO  server.RaftServerConfigKeys (ConfUtils.java:logGet(43)) - raft.server.staging.catchup.gap = 1000 (default)
2019-09-12 10:33:04,285 [Thread-254] INFO  impl.FollowerState (FollowerState.java:run(106)) - 6f7ced02-9074-41a5-813c-bc7a1b1d7969:group-ABE0FF540716 changes to CANDIDATE, lastRpcTime:5093, electionTimeout:5092ms
2019-09-12 10:33:04,286 [e0e61d4c-2e09-4c56-8609-a14bb69c63aa:group-D7E2F5346064:LeaderElection5] INFO  server.RaftServerConfigKeys (ConfUtils.java:logGet(43)) - raft.server.rpc.sleep.time = 25ms (default)
2019-09-12 10:33:04,286 [Thread-254] INFO  impl.RoleInfo (RoleInfo.java:shutdownFollowerState(121)) - 6f7ced02-9074-41a5-813c-bc7a1b1d7969: shutdown FollowerState
2019-09-12 10:33:04,286 [e0e61d4c-2e09-4c56-8609-a14bb69c63aa:group-D7E2F5346064:LeaderElection5] INFO  server.RaftServerConfigKeys (ConfUtils.java:logGet(43)) - raft.server.write.element-limit = 4096 (default)
2019-09-12 10:33:04,286 [Thread-254] INFO  impl.RaftServerImpl (RaftServerImpl.java:setRole(171)) - 6f7ced02-9074-41a5-813c-bc7a1b1d7969:group-ABE0FF540716 changes role from FOLLOWER to CANDIDATE at term 0 for changeToCandidate
2019-09-12 10:33:04,286 [e0e61d4c-2e09-4c56-8609-a14bb69c63aa:group-D7E2F5346064:LeaderElection5] INFO  server.RaftServerConfigKeys (ConfUtils.java:logGet(43)) - raft.server.watch.timeout = 10s (default)
2019-09-12 10:33:04,286 [Thread-254] INFO  impl.RoleInfo (RoleInfo.java:updateAndGet(143)) - 6f7ced02-9074-41a5-813c-bc7a1b1d7969: start LeaderElection
2019-09-12 10:33:04,287 [e0e61d4c-2e09-4c56-8609-a14bb69c63aa:group-D7E2F5346064:LeaderElection5] INFO  server.RaftServerConfigKeys (ConfUtils.java:logGet(43)) - raft.server.watch.timeout.denomination = 1s (default)
2019-09-12 10:33:04,287 [e0e61d4c-2e09-4c56-8609-a14bb69c63aa:group-D7E2F5346064:LeaderElection5] INFO  server.RaftServerConfigKeys (ConfUtils.java:logGet(43)) - raft.server.watch.element-limit = 65536 (default)
2019-09-12 10:33:04,292 [e0e61d4c-2e09-4c56-8609-a14bb69c63aa:group-D7E2F5346064:LeaderElection5] INFO  impl.RoleInfo (RoleInfo.java:updateAndGet(143)) - e0e61d4c-2e09-4c56-8609-a14bb69c63aa: start LeaderState
2019-09-12 10:33:04,293 [e0e61d4c-2e09-4c56-8609-a14bb69c63aa:group-D7E2F5346064:LeaderElection5] INFO  segmented.SegmentedRaftLogWorker (SegmentedRaftLogWorker.java:startLogSegment(380)) - e0e61d4c-2e09-4c56-8609-a14bb69c63aa-SegmentedRaftLogWorker:Storage Directory /workdir/hadoop-ozone/integration-test/target/test-dir/MiniOzoneClusterImpl-5ecceb84-7f52-4627-9972-1a459b519b1f/datanode-3/data/ratis/9fcfa197-1eec-4bb8-9009-d7e2f5346064: Starting segment from index:0
2019-09-12 10:33:04,293 [e0e61d4c-2e09-4c56-8609-a14bb69c63aa:group-D7E2F5346064:LeaderElection5] INFO  impl.RaftServerImpl (ServerState.java:setRaftConf(361)) - e0e61d4c-2e09-4c56-8609-a14bb69c63aa:group-D7E2F5346064 set configuration 0: [e0e61d4c-2e09-4c56-8609-a14bb69c63aa:192.168.157.195:42576], old=null at 0
2019-09-12 10:33:04,335 [6f7ced02-9074-41a5-813c-bc7a1b1d7969:group-ABE0FF540716:LeaderElection6] INFO  impl.LeaderElection (LeaderElection.java:askForVotes(181)) - 6f7ced02-9074-41a5-813c-bc7a1b1d7969:group-ABE0FF540716:LeaderElection6: begin an election at term 1 for -1: [6f7ced02-9074-41a5-813c-bc7a1b1d7969:192.168.157.195:46366], old=null
2019-09-12 10:33:04,335 [6f7ced02-9074-41a5-813c-bc7a1b1d7969:group-ABE0FF540716:LeaderElection6] INFO  impl.RoleInfo (RoleInfo.java:shutdownLeaderElection(134)) - 6f7ced02-9074-41a5-813c-bc7a1b1d7969: shutdown LeaderElection
2019-09-12 10:33:04,335 [6f7ced02-9074-41a5-813c-bc7a1b1d7969:group-ABE0FF540716:LeaderElection6] INFO  impl.RaftServerImpl (RaftServerImpl.java:setRole(171)) - 6f7ced02-9074-41a5-813c-bc7a1b1d7969:group-ABE0FF540716 changes role from CANDIDATE to LEADER at term 1 for changeToLeader
2019-09-12 10:33:04,335 [6f7ced02-9074-41a5-813c-bc7a1b1d7969:group-ABE0FF540716:LeaderElection6] INFO  impl.RaftServerImpl (ServerState.java:setLeader(263)) - 6f7ced02-9074-41a5-813c-bc7a1b1d7969:group-ABE0FF540716 change Leader from null to 6f7ced02-9074-41a5-813c-bc7a1b1d7969 at term 1 for becomeLeader, leader elected after 5146ms
2019-09-12 10:33:04,336 [6f7ced02-9074-41a5-813c-bc7a1b1d7969:group-ABE0FF540716:LeaderElection6] INFO  server.RaftServerConfigKeys (ConfUtils.java:logGet(43)) - raft.server.staging.catchup.gap = 1000 (default)
2019-09-12 10:33:04,336 [6f7ced02-9074-41a5-813c-bc7a1b1d7969:group-ABE0FF540716:LeaderElection6] INFO  server.RaftServerConfigKeys (ConfUtils.java:logGet(43)) - raft.server.rpc.sleep.time = 25ms (default)
2019-09-12 10:33:04,336 [6f7ced02-9074-41a5-813c-bc7a1b1d7969:group-ABE0FF540716:LeaderElection6] INFO  server.RaftServerConfigKeys (ConfUtils.java:logGet(43)) - raft.server.write.element-limit = 4096 (default)
2019-09-12 10:33:04,336 [6f7ced02-9074-41a5-813c-bc7a1b1d7969:group-ABE0FF540716:LeaderElection6] INFO  server.RaftServerConfigKeys (ConfUtils.java:logGet(43)) - raft.server.watch.timeout = 10s (default)
2019-09-12 10:33:04,336 [6f7ced02-9074-41a5-813c-bc7a1b1d7969:group-ABE0FF540716:LeaderElection6] INFO  server.RaftServerConfigKeys (ConfUtils.java:logGet(43)) - raft.server.watch.timeout.denomination = 1s (default)
2019-09-12 10:33:04,336 [6f7ced02-9074-41a5-813c-bc7a1b1d7969:group-ABE0FF540716:LeaderElection6] INFO  server.RaftServerConfigKeys (ConfUtils.java:logGet(43)) - raft.server.watch.element-limit = 65536 (default)
2019-09-12 10:33:04,336 [6f7ced02-9074-41a5-813c-bc7a1b1d7969:group-ABE0FF540716:LeaderElection6] INFO  impl.RoleInfo (RoleInfo.java:updateAndGet(143)) - 6f7ced02-9074-41a5-813c-bc7a1b1d7969: start LeaderState
2019-09-12 10:33:04,337 [6f7ced02-9074-41a5-813c-bc7a1b1d7969:group-ABE0FF540716:LeaderElection6] INFO  segmented.SegmentedRaftLogWorker (SegmentedRaftLogWorker.java:startLogSegment(380)) - 6f7ced02-9074-41a5-813c-bc7a1b1d7969-SegmentedRaftLogWorker:Storage Directory /workdir/hadoop-ozone/integration-test/target/test-dir/MiniOzoneClusterImpl-5ecceb84-7f52-4627-9972-1a459b519b1f/datanode-2/data/ratis/967ba0af-7b45-4c01-8836-abe0ff540716: Starting segment from index:0
2019-09-12 10:33:04,337 [6f7ced02-9074-41a5-813c-bc7a1b1d7969:group-ABE0FF540716:LeaderElection6] INFO  impl.RaftServerImpl (ServerState.java:setRaftConf(361)) - 6f7ced02-9074-41a5-813c-bc7a1b1d7969:group-ABE0FF540716 set configuration 0: [6f7ced02-9074-41a5-813c-bc7a1b1d7969:192.168.157.195:46366], old=null at 0
2019-09-12 10:33:04,347 | INFO  | SCMAudit | user=jenkins1000 | ip=192.168.157.195 | op=SEND_HEARTBEAT {datanodeUUID=6d8e2272-d3cb-43aa-845f-9a021007c4ce, command=[]} | ret=SUCCESS |  
2019-09-12 10:33:04,352 [Thread-257] INFO  impl.FollowerState (FollowerState.java:run(106)) - 31c45c5a-0c90-4266-9947-1c7c078b7ec4:group-C3FAC7CC7102 changes to CANDIDATE, lastRpcTime:5101, electionTimeout:5101ms
2019-09-12 10:33:04,352 [Thread-257] INFO  impl.RoleInfo (RoleInfo.java:shutdownFollowerState(121)) - 31c45c5a-0c90-4266-9947-1c7c078b7ec4: shutdown FollowerState
2019-09-12 10:33:04,352 [Thread-257] INFO  impl.RaftServerImpl (RaftServerImpl.java:setRole(171)) - 31c45c5a-0c90-4266-9947-1c7c078b7ec4:group-C3FAC7CC7102 changes role from FOLLOWER to CANDIDATE at term 0 for changeToCandidate
2019-09-12 10:33:04,352 [Thread-257] INFO  impl.RoleInfo (RoleInfo.java:updateAndGet(143)) - 31c45c5a-0c90-4266-9947-1c7c078b7ec4: start LeaderElection
2019-09-12 10:33:04,370 [e0e61d4c-2e09-4c56-8609-a14bb69c63aa-SegmentedRaftLogWorker:Storage Directory /workdir/hadoop-ozone/integration-test/target/test-dir/MiniOzoneClusterImpl-5ecceb84-7f52-4627-9972-1a459b519b1f/datanode-3/data/ratis/9fcfa197-1eec-4bb8-9009-d7e2f5346064] INFO  segmented.SegmentedRaftLogWorker (SegmentedRaftLogWorker.java:execute(569)) - e0e61d4c-2e09-4c56-8609-a14bb69c63aa-SegmentedRaftLogWorker:Storage Directory /workdir/hadoop-ozone/integration-test/target/test-dir/MiniOzoneClusterImpl-5ecceb84-7f52-4627-9972-1a459b519b1f/datanode-3/data/ratis/9fcfa197-1eec-4bb8-9009-d7e2f5346064: created new log segment /workdir/hadoop-ozone/integration-test/target/test-dir/MiniOzoneClusterImpl-5ecceb84-7f52-4627-9972-1a459b519b1f/datanode-3/data/ratis/9fcfa197-1eec-4bb8-9009-d7e2f5346064/current/log_inprogress_0
2019-09-12 10:33:04,382 [6f7ced02-9074-41a5-813c-bc7a1b1d7969-SegmentedRaftLogWorker:Storage Directory /workdir/hadoop-ozone/integration-test/target/test-dir/MiniOzoneClusterImpl-5ecceb84-7f52-4627-9972-1a459b519b1f/datanode-2/data/ratis/967ba0af-7b45-4c01-8836-abe0ff540716] INFO  segmented.SegmentedRaftLogWorker (SegmentedRaftLogWorker.java:execute(569)) - 6f7ced02-9074-41a5-813c-bc7a1b1d7969-SegmentedRaftLogWorker:Storage Directory /workdir/hadoop-ozone/integration-test/target/test-dir/MiniOzoneClusterImpl-5ecceb84-7f52-4627-9972-1a459b519b1f/datanode-2/data/ratis/967ba0af-7b45-4c01-8836-abe0ff540716: created new log segment /workdir/hadoop-ozone/integration-test/target/test-dir/MiniOzoneClusterImpl-5ecceb84-7f52-4627-9972-1a459b519b1f/datanode-2/data/ratis/967ba0af-7b45-4c01-8836-abe0ff540716/current/log_inprogress_0
2019-09-12 10:33:04,382 [31c45c5a-0c90-4266-9947-1c7c078b7ec4:group-C3FAC7CC7102:LeaderElection7] INFO  impl.LeaderElection (LeaderElection.java:askForVotes(181)) - 31c45c5a-0c90-4266-9947-1c7c078b7ec4:group-C3FAC7CC7102:LeaderElection7: begin an election at term 1 for -1: [31c45c5a-0c90-4266-9947-1c7c078b7ec4:192.168.157.195:42694], old=null
2019-09-12 10:33:04,383 [31c45c5a-0c90-4266-9947-1c7c078b7ec4:group-C3FAC7CC7102:LeaderElection7] INFO  impl.RoleInfo (RoleInfo.java:shutdownLeaderElection(134)) - 31c45c5a-0c90-4266-9947-1c7c078b7ec4: shutdown LeaderElection
2019-09-12 10:33:04,383 [31c45c5a-0c90-4266-9947-1c7c078b7ec4:group-C3FAC7CC7102:LeaderElection7] INFO  impl.RaftServerImpl (RaftServerImpl.java:setRole(171)) - 31c45c5a-0c90-4266-9947-1c7c078b7ec4:group-C3FAC7CC7102 changes role from CANDIDATE to LEADER at term 1 for changeToLeader
2019-09-12 10:33:04,383 [31c45c5a-0c90-4266-9947-1c7c078b7ec4:group-C3FAC7CC7102:LeaderElection7] INFO  impl.RaftServerImpl (ServerState.java:setLeader(263)) - 31c45c5a-0c90-4266-9947-1c7c078b7ec4:group-C3FAC7CC7102 change Leader from null to 31c45c5a-0c90-4266-9947-1c7c078b7ec4 at term 1 for becomeLeader, leader elected after 5136ms
2019-09-12 10:33:04,385 [31c45c5a-0c90-4266-9947-1c7c078b7ec4:group-C3FAC7CC7102:LeaderElection7] INFO  server.RaftServerConfigKeys (ConfUtils.java:logGet(43)) - raft.server.staging.catchup.gap = 1000 (default)
2019-09-12 10:33:04,385 [31c45c5a-0c90-4266-9947-1c7c078b7ec4:group-C3FAC7CC7102:LeaderElection7] INFO  server.RaftServerConfigKeys (ConfUtils.java:logGet(43)) - raft.server.rpc.sleep.time = 25ms (default)
2019-09-12 10:33:04,385 [31c45c5a-0c90-4266-9947-1c7c078b7ec4:group-C3FAC7CC7102:LeaderElection7] INFO  server.RaftServerConfigKeys (ConfUtils.java:logGet(43)) - raft.server.write.element-limit = 4096 (default)
2019-09-12 10:33:04,385 [31c45c5a-0c90-4266-9947-1c7c078b7ec4:group-C3FAC7CC7102:LeaderElection7] INFO  server.RaftServerConfigKeys (ConfUtils.java:logGet(43)) - raft.server.watch.timeout = 10s (default)
2019-09-12 10:33:04,385 [31c45c5a-0c90-4266-9947-1c7c078b7ec4:group-C3FAC7CC7102:LeaderElection7] INFO  server.RaftServerConfigKeys (ConfUtils.java:logGet(43)) - raft.server.watch.timeout.denomination = 1s (default)
2019-09-12 10:33:04,385 [31c45c5a-0c90-4266-9947-1c7c078b7ec4:group-C3FAC7CC7102:LeaderElection7] INFO  server.RaftServerConfigKeys (ConfUtils.java:logGet(43)) - raft.server.watch.element-limit = 65536 (default)
2019-09-12 10:33:04,386 [31c45c5a-0c90-4266-9947-1c7c078b7ec4:group-C3FAC7CC7102:LeaderElection7] INFO  impl.RoleInfo (RoleInfo.java:updateAndGet(143)) - 31c45c5a-0c90-4266-9947-1c7c078b7ec4: start LeaderState
2019-09-12 10:33:04,386 [31c45c5a-0c90-4266-9947-1c7c078b7ec4:group-C3FAC7CC7102:LeaderElection7] INFO  segmented.SegmentedRaftLogWorker (SegmentedRaftLogWorker.java:startLogSegment(380)) - 31c45c5a-0c90-4266-9947-1c7c078b7ec4-SegmentedRaftLogWorker:Storage Directory /workdir/hadoop-ozone/integration-test/target/test-dir/MiniOzoneClusterImpl-5ecceb84-7f52-4627-9972-1a459b519b1f/datanode-4/data/ratis/32d0380a-8528-4b5a-b975-c3fac7cc7102: Starting segment from index:0
2019-09-12 10:33:04,386 [31c45c5a-0c90-4266-9947-1c7c078b7ec4:group-C3FAC7CC7102:LeaderElection7] INFO  impl.RaftServerImpl (ServerState.java:setRaftConf(361)) - 31c45c5a-0c90-4266-9947-1c7c078b7ec4:group-C3FAC7CC7102 set configuration 0: [31c45c5a-0c90-4266-9947-1c7c078b7ec4:192.168.157.195:42694], old=null at 0
2019-09-12 10:33:04,422 [Thread-260] INFO  impl.FollowerState (FollowerState.java:run(106)) - 6d26f522-fe03-4a67-aa48-7af853b41a99:group-BD9A58BE66F4 changes to CANDIDATE, lastRpcTime:5108, electionTimeout:5097ms
2019-09-12 10:33:04,423 [Thread-260] INFO  impl.RoleInfo (RoleInfo.java:shutdownFollowerState(121)) - 6d26f522-fe03-4a67-aa48-7af853b41a99: shutdown FollowerState
2019-09-12 10:33:04,423 [Thread-260] INFO  impl.RaftServerImpl (RaftServerImpl.java:setRole(171)) - 6d26f522-fe03-4a67-aa48-7af853b41a99:group-BD9A58BE66F4 changes role from FOLLOWER to CANDIDATE at term 0 for changeToCandidate
2019-09-12 10:33:04,423 [Thread-260] INFO  impl.RoleInfo (RoleInfo.java:updateAndGet(143)) - 6d26f522-fe03-4a67-aa48-7af853b41a99: start LeaderElection
2019-09-12 10:33:04,441 | INFO  | SCMAudit | user=jenkins1000 | ip=192.168.157.195 | op=SEND_HEARTBEAT {datanodeUUID=81ee34d7-b83f-41e3-b846-e574d684802c, command=[]} | ret=SUCCESS |  
2019-09-12 10:33:04,447 [31c45c5a-0c90-4266-9947-1c7c078b7ec4-SegmentedRaftLogWorker:Storage Directory /workdir/hadoop-ozone/integration-test/target/test-dir/MiniOzoneClusterImpl-5ecceb84-7f52-4627-9972-1a459b519b1f/datanode-4/data/ratis/32d0380a-8528-4b5a-b975-c3fac7cc7102] INFO  segmented.SegmentedRaftLogWorker (SegmentedRaftLogWorker.java:execute(569)) - 31c45c5a-0c90-4266-9947-1c7c078b7ec4-SegmentedRaftLogWorker:Storage Directory /workdir/hadoop-ozone/integration-test/target/test-dir/MiniOzoneClusterImpl-5ecceb84-7f52-4627-9972-1a459b519b1f/datanode-4/data/ratis/32d0380a-8528-4b5a-b975-c3fac7cc7102: created new log segment /workdir/hadoop-ozone/integration-test/target/test-dir/MiniOzoneClusterImpl-5ecceb84-7f52-4627-9972-1a459b519b1f/datanode-4/data/ratis/32d0380a-8528-4b5a-b975-c3fac7cc7102/current/log_inprogress_0
2019-09-12 10:33:04,447 [6d26f522-fe03-4a67-aa48-7af853b41a99:group-BD9A58BE66F4:LeaderElection8] INFO  impl.LeaderElection (LeaderElection.java:askForVotes(181)) - 6d26f522-fe03-4a67-aa48-7af853b41a99:group-BD9A58BE66F4:LeaderElection8: begin an election at term 1 for -1: [6d26f522-fe03-4a67-aa48-7af853b41a99:192.168.157.195:44863], old=null
2019-09-12 10:33:04,447 [6d26f522-fe03-4a67-aa48-7af853b41a99:group-BD9A58BE66F4:LeaderElection8] INFO  impl.RoleInfo (RoleInfo.java:shutdownLeaderElection(134)) - 6d26f522-fe03-4a67-aa48-7af853b41a99: shutdown LeaderElection
2019-09-12 10:33:04,447 [6d26f522-fe03-4a67-aa48-7af853b41a99:group-BD9A58BE66F4:LeaderElection8] INFO  impl.RaftServerImpl (RaftServerImpl.java:setRole(171)) - 6d26f522-fe03-4a67-aa48-7af853b41a99:group-BD9A58BE66F4 changes role from CANDIDATE to LEADER at term 1 for changeToLeader
2019-09-12 10:33:04,447 [6d26f522-fe03-4a67-aa48-7af853b41a99:group-BD9A58BE66F4:LeaderElection8] INFO  impl.RaftServerImpl (ServerState.java:setLeader(263)) - 6d26f522-fe03-4a67-aa48-7af853b41a99:group-BD9A58BE66F4 change Leader from null to 6d26f522-fe03-4a67-aa48-7af853b41a99 at term 1 for becomeLeader, leader elected after 5137ms
2019-09-12 10:33:04,449 [6d26f522-fe03-4a67-aa48-7af853b41a99:group-BD9A58BE66F4:LeaderElection8] INFO  server.RaftServerConfigKeys (ConfUtils.java:logGet(43)) - raft.server.staging.catchup.gap = 1000 (default)
2019-09-12 10:33:04,449 [6d26f522-fe03-4a67-aa48-7af853b41a99:group-BD9A58BE66F4:LeaderElection8] INFO  server.RaftServerConfigKeys (ConfUtils.java:logGet(43)) - raft.server.rpc.sleep.time = 25ms (default)
2019-09-12 10:33:04,449 [6d26f522-fe03-4a67-aa48-7af853b41a99:group-BD9A58BE66F4:LeaderElection8] INFO  server.RaftServerConfigKeys (ConfUtils.java:logGet(43)) - raft.server.write.element-limit = 4096 (default)
2019-09-12 10:33:04,449 [6d26f522-fe03-4a67-aa48-7af853b41a99:group-BD9A58BE66F4:LeaderElection8] INFO  server.RaftServerConfigKeys (ConfUtils.java:logGet(43)) - raft.server.watch.timeout = 10s (default)
2019-09-12 10:33:04,449 [6d26f522-fe03-4a67-aa48-7af853b41a99:group-BD9A58BE66F4:LeaderElection8] INFO  server.RaftServerConfigKeys (ConfUtils.java:logGet(43)) - raft.server.watch.timeout.denomination = 1s (default)
2019-09-12 10:33:04,450 [6d26f522-fe03-4a67-aa48-7af853b41a99:group-BD9A58BE66F4:LeaderElection8] INFO  server.RaftServerConfigKeys (ConfUtils.java:logGet(43)) - raft.server.watch.element-limit = 65536 (default)
2019-09-12 10:33:04,450 [6d26f522-fe03-4a67-aa48-7af853b41a99:group-BD9A58BE66F4:LeaderElection8] INFO  impl.RoleInfo (RoleInfo.java:updateAndGet(143)) - 6d26f522-fe03-4a67-aa48-7af853b41a99: start LeaderState
2019-09-12 10:33:04,450 [6d26f522-fe03-4a67-aa48-7af853b41a99:group-BD9A58BE66F4:LeaderElection8] INFO  segmented.SegmentedRaftLogWorker (SegmentedRaftLogWorker.java:startLogSegment(380)) - 6d26f522-fe03-4a67-aa48-7af853b41a99-SegmentedRaftLogWorker:Storage Directory /workdir/hadoop-ozone/integration-test/target/test-dir/MiniOzoneClusterImpl-5ecceb84-7f52-4627-9972-1a459b519b1f/datanode-1/data/ratis/e087fddd-8cb0-4d65-8cc6-bd9a58be66f4: Starting segment from index:0
2019-09-12 10:33:04,450 [6d26f522-fe03-4a67-aa48-7af853b41a99:group-BD9A58BE66F4:LeaderElection8] INFO  impl.RaftServerImpl (ServerState.java:setRaftConf(361)) - 6d26f522-fe03-4a67-aa48-7af853b41a99:group-BD9A58BE66F4 set configuration 0: [6d26f522-fe03-4a67-aa48-7af853b41a99:192.168.157.195:44863], old=null at 0
2019-09-12 10:33:04,487 [Thread-263] INFO  impl.FollowerState (FollowerState.java:run(106)) - e0e61d4c-2e09-4c56-8609-a14bb69c63aa:group-C9147D7D6CA1 changes to CANDIDATE, lastRpcTime:5113, electionTimeout:5110ms
2019-09-12 10:33:04,487 [Thread-263] INFO  impl.RoleInfo (RoleInfo.java:shutdownFollowerState(121)) - e0e61d4c-2e09-4c56-8609-a14bb69c63aa: shutdown FollowerState
2019-09-12 10:33:04,487 [Thread-266] INFO  impl.FollowerState (FollowerState.java:run(106)) - 6f7ced02-9074-41a5-813c-bc7a1b1d7969:group-0A277EC3A902 changes to CANDIDATE, lastRpcTime:5046, electionTimeout:5010ms
2019-09-12 10:33:04,487 [Thread-263] INFO  impl.RaftServerImpl (RaftServerImpl.java:setRole(171)) - e0e61d4c-2e09-4c56-8609-a14bb69c63aa:group-C9147D7D6CA1 changes role from FOLLOWER to CANDIDATE at term 0 for changeToCandidate
2019-09-12 10:33:04,488 [Thread-266] INFO  impl.RoleInfo (RoleInfo.java:shutdownFollowerState(121)) - 6f7ced02-9074-41a5-813c-bc7a1b1d7969: shutdown FollowerState
2019-09-12 10:33:04,488 [Thread-263] INFO  impl.RoleInfo (RoleInfo.java:updateAndGet(143)) - e0e61d4c-2e09-4c56-8609-a14bb69c63aa: start LeaderElection
2019-09-12 10:33:04,488 [Thread-266] INFO  impl.RaftServerImpl (RaftServerImpl.java:setRole(171)) - 6f7ced02-9074-41a5-813c-bc7a1b1d7969:group-0A277EC3A902 changes role from FOLLOWER to CANDIDATE at term 0 for changeToCandidate
2019-09-12 10:33:04,491 [Thread-266] INFO  impl.RoleInfo (RoleInfo.java:updateAndGet(143)) - 6f7ced02-9074-41a5-813c-bc7a1b1d7969: start LeaderElection
2019-09-12 10:33:04,499 [6d26f522-fe03-4a67-aa48-7af853b41a99-SegmentedRaftLogWorker:Storage Directory /workdir/hadoop-ozone/integration-test/target/test-dir/MiniOzoneClusterImpl-5ecceb84-7f52-4627-9972-1a459b519b1f/datanode-1/data/ratis/e087fddd-8cb0-4d65-8cc6-bd9a58be66f4] INFO  segmented.SegmentedRaftLogWorker (SegmentedRaftLogWorker.java:execute(569)) - 6d26f522-fe03-4a67-aa48-7af853b41a99-SegmentedRaftLogWorker:Storage Directory /workdir/hadoop-ozone/integration-test/target/test-dir/MiniOzoneClusterImpl-5ecceb84-7f52-4627-9972-1a459b519b1f/datanode-1/data/ratis/e087fddd-8cb0-4d65-8cc6-bd9a58be66f4: created new log segment /workdir/hadoop-ozone/integration-test/target/test-dir/MiniOzoneClusterImpl-5ecceb84-7f52-4627-9972-1a459b519b1f/datanode-1/data/ratis/e087fddd-8cb0-4d65-8cc6-bd9a58be66f4/current/log_inprogress_0
2019-09-12 10:33:04,513 [6f7ced02-9074-41a5-813c-bc7a1b1d7969:group-0A277EC3A902:LeaderElection10] INFO  impl.LeaderElection (LeaderElection.java:askForVotes(181)) - 6f7ced02-9074-41a5-813c-bc7a1b1d7969:group-0A277EC3A902:LeaderElection10: begin an election at term 1 for -1: [6f7ced02-9074-41a5-813c-bc7a1b1d7969:192.168.157.195:46366], old=null
2019-09-12 10:33:04,513 [e0e61d4c-2e09-4c56-8609-a14bb69c63aa:group-C9147D7D6CA1:LeaderElection9] INFO  impl.LeaderElection (LeaderElection.java:askForVotes(181)) - e0e61d4c-2e09-4c56-8609-a14bb69c63aa:group-C9147D7D6CA1:LeaderElection9: begin an election at term 1 for -1: [e0e61d4c-2e09-4c56-8609-a14bb69c63aa:192.168.157.195:42576], old=null
2019-09-12 10:33:04,514 [6f7ced02-9074-41a5-813c-bc7a1b1d7969:group-0A277EC3A902:LeaderElection10] INFO  impl.RoleInfo (RoleInfo.java:shutdownLeaderElection(134)) - 6f7ced02-9074-41a5-813c-bc7a1b1d7969: shutdown LeaderElection
2019-09-12 10:33:04,514 [e0e61d4c-2e09-4c56-8609-a14bb69c63aa:group-C9147D7D6CA1:LeaderElection9] INFO  impl.RoleInfo (RoleInfo.java:shutdownLeaderElection(134)) - e0e61d4c-2e09-4c56-8609-a14bb69c63aa: shutdown LeaderElection
2019-09-12 10:33:04,514 [6f7ced02-9074-41a5-813c-bc7a1b1d7969:group-0A277EC3A902:LeaderElection10] INFO  impl.RaftServerImpl (RaftServerImpl.java:setRole(171)) - 6f7ced02-9074-41a5-813c-bc7a1b1d7969:group-0A277EC3A902 changes role from CANDIDATE to LEADER at term 1 for changeToLeader
2019-09-12 10:33:04,514 [e0e61d4c-2e09-4c56-8609-a14bb69c63aa:group-C9147D7D6CA1:LeaderElection9] INFO  impl.RaftServerImpl (RaftServerImpl.java:setRole(171)) - e0e61d4c-2e09-4c56-8609-a14bb69c63aa:group-C9147D7D6CA1 changes role from CANDIDATE to LEADER at term 1 for changeToLeader
2019-09-12 10:33:04,514 [6f7ced02-9074-41a5-813c-bc7a1b1d7969:group-0A277EC3A902:LeaderElection10] INFO  impl.RaftServerImpl (ServerState.java:setLeader(263)) - 6f7ced02-9074-41a5-813c-bc7a1b1d7969:group-0A277EC3A902 change Leader from null to 6f7ced02-9074-41a5-813c-bc7a1b1d7969 at term 1 for becomeLeader, leader elected after 5078ms
2019-09-12 10:33:04,514 [e0e61d4c-2e09-4c56-8609-a14bb69c63aa:group-C9147D7D6CA1:LeaderElection9] INFO  impl.RaftServerImpl (ServerState.java:setLeader(263)) - e0e61d4c-2e09-4c56-8609-a14bb69c63aa:group-C9147D7D6CA1 change Leader from null to e0e61d4c-2e09-4c56-8609-a14bb69c63aa at term 1 for becomeLeader, leader elected after 5144ms
2019-09-12 10:33:04,514 [6f7ced02-9074-41a5-813c-bc7a1b1d7969:group-0A277EC3A902:LeaderElection10] INFO  server.RaftServerConfigKeys (ConfUtils.java:logGet(43)) - raft.server.staging.catchup.gap = 1000 (default)
2019-09-12 10:33:04,514 [e0e61d4c-2e09-4c56-8609-a14bb69c63aa:group-C9147D7D6CA1:LeaderElection9] INFO  server.RaftServerConfigKeys (ConfUtils.java:logGet(43)) - raft.server.staging.catchup.gap = 1000 (default)
2019-09-12 10:33:04,514 [6f7ced02-9074-41a5-813c-bc7a1b1d7969:group-0A277EC3A902:LeaderElection10] INFO  server.RaftServerConfigKeys (ConfUtils.java:logGet(43)) - raft.server.rpc.sleep.time = 25ms (default)
2019-09-12 10:33:04,514 [e0e61d4c-2e09-4c56-8609-a14bb69c63aa:group-C9147D7D6CA1:LeaderElection9] INFO  server.RaftServerConfigKeys (ConfUtils.java:logGet(43)) - raft.server.rpc.sleep.time = 25ms (default)
2019-09-12 10:33:04,515 [6f7ced02-9074-41a5-813c-bc7a1b1d7969:group-0A277EC3A902:LeaderElection10] INFO  server.RaftServerConfigKeys (ConfUtils.java:logGet(43)) - raft.server.write.element-limit = 4096 (default)
2019-09-12 10:33:04,515 [e0e61d4c-2e09-4c56-8609-a14bb69c63aa:group-C9147D7D6CA1:LeaderElection9] INFO  server.RaftServerConfigKeys (ConfUtils.java:logGet(43)) - raft.server.write.element-limit = 4096 (default)
2019-09-12 10:33:04,515 [6f7ced02-9074-41a5-813c-bc7a1b1d7969:group-0A277EC3A902:LeaderElection10] INFO  server.RaftServerConfigKeys (ConfUtils.java:logGet(43)) - raft.server.watch.timeout = 10s (default)
2019-09-12 10:33:04,515 [e0e61d4c-2e09-4c56-8609-a14bb69c63aa:group-C9147D7D6CA1:LeaderElection9] INFO  server.RaftServerConfigKeys (ConfUtils.java:logGet(43)) - raft.server.watch.timeout = 10s (default)
2019-09-12 10:33:04,515 [6f7ced02-9074-41a5-813c-bc7a1b1d7969:group-0A277EC3A902:LeaderElection10] INFO  server.RaftServerConfigKeys (ConfUtils.java:logGet(43)) - raft.server.watch.timeout.denomination = 1s (default)
2019-09-12 10:33:04,515 [e0e61d4c-2e09-4c56-8609-a14bb69c63aa:group-C9147D7D6CA1:LeaderElection9] INFO  server.RaftServerConfigKeys (ConfUtils.java:logGet(43)) - raft.server.watch.timeout.denomination = 1s (default)
2019-09-12 10:33:04,515 [6f7ced02-9074-41a5-813c-bc7a1b1d7969:group-0A277EC3A902:LeaderElection10] INFO  server.RaftServerConfigKeys (ConfUtils.java:logGet(43)) - raft.server.watch.element-limit = 65536 (default)
2019-09-12 10:33:04,515 [e0e61d4c-2e09-4c56-8609-a14bb69c63aa:group-C9147D7D6CA1:LeaderElection9] INFO  server.RaftServerConfigKeys (ConfUtils.java:logGet(43)) - raft.server.watch.element-limit = 65536 (default)
2019-09-12 10:33:04,515 [6f7ced02-9074-41a5-813c-bc7a1b1d7969:group-0A277EC3A902:LeaderElection10] INFO  impl.RoleInfo (RoleInfo.java:updateAndGet(143)) - 6f7ced02-9074-41a5-813c-bc7a1b1d7969: start LeaderState
2019-09-12 10:33:04,515 [e0e61d4c-2e09-4c56-8609-a14bb69c63aa:group-C9147D7D6CA1:LeaderElection9] INFO  impl.RoleInfo (RoleInfo.java:updateAndGet(143)) - e0e61d4c-2e09-4c56-8609-a14bb69c63aa: start LeaderState
2019-09-12 10:33:04,516 [6f7ced02-9074-41a5-813c-bc7a1b1d7969:group-0A277EC3A902:LeaderElection10] INFO  segmented.SegmentedRaftLogWorker (SegmentedRaftLogWorker.java:startLogSegment(380)) - 6f7ced02-9074-41a5-813c-bc7a1b1d7969-SegmentedRaftLogWorker:Storage Directory /workdir/hadoop-ozone/integration-test/target/test-dir/MiniOzoneClusterImpl-5ecceb84-7f52-4627-9972-1a459b519b1f/datanode-2/data/ratis/5bf994c0-87a6-4418-875d-0a277ec3a902: Starting segment from index:0
2019-09-12 10:33:04,516 [e0e61d4c-2e09-4c56-8609-a14bb69c63aa:group-C9147D7D6CA1:LeaderElection9] INFO  segmented.SegmentedRaftLogWorker (SegmentedRaftLogWorker.java:startLogSegment(380)) - e0e61d4c-2e09-4c56-8609-a14bb69c63aa-SegmentedRaftLogWorker:Storage Directory /workdir/hadoop-ozone/integration-test/target/test-dir/MiniOzoneClusterImpl-5ecceb84-7f52-4627-9972-1a459b519b1f/datanode-3/data/ratis/467a734b-cae3-4619-ae1d-c9147d7d6ca1: Starting segment from index:0
2019-09-12 10:33:04,516 [6f7ced02-9074-41a5-813c-bc7a1b1d7969:group-0A277EC3A902:LeaderElection10] INFO  impl.RaftServerImpl (ServerState.java:setRaftConf(361)) - 6f7ced02-9074-41a5-813c-bc7a1b1d7969:group-0A277EC3A902 set configuration 0: [6f7ced02-9074-41a5-813c-bc7a1b1d7969:192.168.157.195:46366], old=null at 0
2019-09-12 10:33:04,547 [e0e61d4c-2e09-4c56-8609-a14bb69c63aa:group-C9147D7D6CA1:LeaderElection9] INFO  impl.RaftServerImpl (ServerState.java:setRaftConf(361)) - e0e61d4c-2e09-4c56-8609-a14bb69c63aa:group-C9147D7D6CA1 set configuration 0: [e0e61d4c-2e09-4c56-8609-a14bb69c63aa:192.168.157.195:42576], old=null at 0
2019-09-12 10:33:04,557 [e0e61d4c-2e09-4c56-8609-a14bb69c63aa-SegmentedRaftLogWorker:Storage Directory /workdir/hadoop-ozone/integration-test/target/test-dir/MiniOzoneClusterImpl-5ecceb84-7f52-4627-9972-1a459b519b1f/datanode-3/data/ratis/467a734b-cae3-4619-ae1d-c9147d7d6ca1] INFO  segmented.SegmentedRaftLogWorker (SegmentedRaftLogWorker.java:execute(569)) - e0e61d4c-2e09-4c56-8609-a14bb69c63aa-SegmentedRaftLogWorker:Storage Directory /workdir/hadoop-ozone/integration-test/target/test-dir/MiniOzoneClusterImpl-5ecceb84-7f52-4627-9972-1a459b519b1f/datanode-3/data/ratis/467a734b-cae3-4619-ae1d-c9147d7d6ca1: created new log segment /workdir/hadoop-ozone/integration-test/target/test-dir/MiniOzoneClusterImpl-5ecceb84-7f52-4627-9972-1a459b519b1f/datanode-3/data/ratis/467a734b-cae3-4619-ae1d-c9147d7d6ca1/current/log_inprogress_0
2019-09-12 10:33:04,557 [6f7ced02-9074-41a5-813c-bc7a1b1d7969-SegmentedRaftLogWorker:Storage Directory /workdir/hadoop-ozone/integration-test/target/test-dir/MiniOzoneClusterImpl-5ecceb84-7f52-4627-9972-1a459b519b1f/datanode-2/data/ratis/5bf994c0-87a6-4418-875d-0a277ec3a902] INFO  segmented.SegmentedRaftLogWorker (SegmentedRaftLogWorker.java:execute(569)) - 6f7ced02-9074-41a5-813c-bc7a1b1d7969-SegmentedRaftLogWorker:Storage Directory /workdir/hadoop-ozone/integration-test/target/test-dir/MiniOzoneClusterImpl-5ecceb84-7f52-4627-9972-1a459b519b1f/datanode-2/data/ratis/5bf994c0-87a6-4418-875d-0a277ec3a902: created new log segment /workdir/hadoop-ozone/integration-test/target/test-dir/MiniOzoneClusterImpl-5ecceb84-7f52-4627-9972-1a459b519b1f/datanode-2/data/ratis/5bf994c0-87a6-4418-875d-0a277ec3a902/current/log_inprogress_0
2019-09-12 10:33:04,563 [Thread-269] INFO  impl.FollowerState (FollowerState.java:run(106)) - 6d8e2272-d3cb-43aa-845f-9a021007c4ce:group-1D6BDE0FC336 changes to CANDIDATE, lastRpcTime:5062, electionTimeout:5062ms
2019-09-12 10:33:04,563 [Thread-269] INFO  impl.RoleInfo (RoleInfo.java:shutdownFollowerState(121)) - 6d8e2272-d3cb-43aa-845f-9a021007c4ce: shutdown FollowerState
2019-09-12 10:33:04,563 [Thread-269] INFO  impl.RaftServerImpl (RaftServerImpl.java:setRole(171)) - 6d8e2272-d3cb-43aa-845f-9a021007c4ce:group-1D6BDE0FC336 changes role from FOLLOWER to CANDIDATE at term 0 for changeToCandidate
2019-09-12 10:33:04,563 [Thread-269] INFO  impl.RoleInfo (RoleInfo.java:updateAndGet(143)) - 6d8e2272-d3cb-43aa-845f-9a021007c4ce: start LeaderElection
2019-09-12 10:33:04,571 [6d8e2272-d3cb-43aa-845f-9a021007c4ce:group-1D6BDE0FC336:LeaderElection11] INFO  impl.LeaderElection (LeaderElection.java:askForVotes(181)) - 6d8e2272-d3cb-43aa-845f-9a021007c4ce:group-1D6BDE0FC336:LeaderElection11: begin an election at term 1 for -1: [6d8e2272-d3cb-43aa-845f-9a021007c4ce:192.168.157.195:46389], old=null
2019-09-12 10:33:04,571 [6d8e2272-d3cb-43aa-845f-9a021007c4ce:group-1D6BDE0FC336:LeaderElection11] INFO  impl.RoleInfo (RoleInfo.java:shutdownLeaderElection(134)) - 6d8e2272-d3cb-43aa-845f-9a021007c4ce: shutdown LeaderElection
2019-09-12 10:33:04,571 [6d8e2272-d3cb-43aa-845f-9a021007c4ce:group-1D6BDE0FC336:LeaderElection11] INFO  impl.RaftServerImpl (RaftServerImpl.java:setRole(171)) - 6d8e2272-d3cb-43aa-845f-9a021007c4ce:group-1D6BDE0FC336 changes role from CANDIDATE to LEADER at term 1 for changeToLeader
2019-09-12 10:33:04,571 [6d8e2272-d3cb-43aa-845f-9a021007c4ce:group-1D6BDE0FC336:LeaderElection11] INFO  impl.RaftServerImpl (ServerState.java:setLeader(263)) - 6d8e2272-d3cb-43aa-845f-9a021007c4ce:group-1D6BDE0FC336 change Leader from null to 6d8e2272-d3cb-43aa-845f-9a021007c4ce at term 1 for becomeLeader, leader elected after 5075ms
2019-09-12 10:33:04,571 [6d8e2272-d3cb-43aa-845f-9a021007c4ce:group-1D6BDE0FC336:LeaderElection11] INFO  server.RaftServerConfigKeys (ConfUtils.java:logGet(43)) - raft.server.staging.catchup.gap = 1000 (default)
2019-09-12 10:33:04,572 [6d8e2272-d3cb-43aa-845f-9a021007c4ce:group-1D6BDE0FC336:LeaderElection11] INFO  server.RaftServerConfigKeys (ConfUtils.java:logGet(43)) - raft.server.rpc.sleep.time = 25ms (default)
2019-09-12 10:33:04,572 [6d8e2272-d3cb-43aa-845f-9a021007c4ce:group-1D6BDE0FC336:LeaderElection11] INFO  server.RaftServerConfigKeys (ConfUtils.java:logGet(43)) - raft.server.write.element-limit = 4096 (default)
2019-09-12 10:33:04,572 [6d8e2272-d3cb-43aa-845f-9a021007c4ce:group-1D6BDE0FC336:LeaderElection11] INFO  server.RaftServerConfigKeys (ConfUtils.java:logGet(43)) - raft.server.watch.timeout = 10s (default)
2019-09-12 10:33:04,572 [6d8e2272-d3cb-43aa-845f-9a021007c4ce:group-1D6BDE0FC336:LeaderElection11] INFO  server.RaftServerConfigKeys (ConfUtils.java:logGet(43)) - raft.server.watch.timeout.denomination = 1s (default)
2019-09-12 10:33:04,572 [6d8e2272-d3cb-43aa-845f-9a021007c4ce:group-1D6BDE0FC336:LeaderElection11] INFO  server.RaftServerConfigKeys (ConfUtils.java:logGet(43)) - raft.server.watch.element-limit = 65536 (default)
2019-09-12 10:33:04,572 [6d8e2272-d3cb-43aa-845f-9a021007c4ce:group-1D6BDE0FC336:LeaderElection11] INFO  impl.RoleInfo (RoleInfo.java:updateAndGet(143)) - 6d8e2272-d3cb-43aa-845f-9a021007c4ce: start LeaderState
2019-09-12 10:33:04,573 [6d8e2272-d3cb-43aa-845f-9a021007c4ce:group-1D6BDE0FC336:LeaderElection11] INFO  segmented.SegmentedRaftLogWorker (SegmentedRaftLogWorker.java:startLogSegment(380)) - 6d8e2272-d3cb-43aa-845f-9a021007c4ce-SegmentedRaftLogWorker:Storage Directory /workdir/hadoop-ozone/integration-test/target/test-dir/MiniOzoneClusterImpl-5ecceb84-7f52-4627-9972-1a459b519b1f/datanode-0/data/ratis/33b5a570-c09d-4b24-ae42-1d6bde0fc336: Starting segment from index:0
2019-09-12 10:33:04,573 [6d8e2272-d3cb-43aa-845f-9a021007c4ce:group-1D6BDE0FC336:LeaderElection11] INFO  impl.RaftServerImpl (ServerState.java:setRaftConf(361)) - 6d8e2272-d3cb-43aa-845f-9a021007c4ce:group-1D6BDE0FC336 set configuration 0: [6d8e2272-d3cb-43aa-845f-9a021007c4ce:192.168.157.195:46389], old=null at 0
2019-09-12 10:33:04,616 | INFO  | SCMAudit | user=jenkins1000 | ip=192.168.157.195 | op=SEND_HEARTBEAT {datanodeUUID=083ebb38-73c7-4c90-bb26-8945a60751ec, command=[]} | ret=SUCCESS |  
2019-09-12 10:33:04,625 [6d8e2272-d3cb-43aa-845f-9a021007c4ce-SegmentedRaftLogWorker:Storage Directory /workdir/hadoop-ozone/integration-test/target/test-dir/MiniOzoneClusterImpl-5ecceb84-7f52-4627-9972-1a459b519b1f/datanode-0/data/ratis/33b5a570-c09d-4b24-ae42-1d6bde0fc336] INFO  segmented.SegmentedRaftLogWorker (SegmentedRaftLogWorker.java:execute(569)) - 6d8e2272-d3cb-43aa-845f-9a021007c4ce-SegmentedRaftLogWorker:Storage Directory /workdir/hadoop-ozone/integration-test/target/test-dir/MiniOzoneClusterImpl-5ecceb84-7f52-4627-9972-1a459b519b1f/datanode-0/data/ratis/33b5a570-c09d-4b24-ae42-1d6bde0fc336: created new log segment /workdir/hadoop-ozone/integration-test/target/test-dir/MiniOzoneClusterImpl-5ecceb84-7f52-4627-9972-1a459b519b1f/datanode-0/data/ratis/33b5a570-c09d-4b24-ae42-1d6bde0fc336/current/log_inprogress_0
2019-09-12 10:33:04,718 [Thread-275] INFO  impl.FollowerState (FollowerState.java:run(106)) - 6d8e2272-d3cb-43aa-845f-9a021007c4ce:group-376F28BBEBFC changes to CANDIDATE, lastRpcTime:5094, electionTimeout:5094ms
2019-09-12 10:33:04,718 [Thread-275] INFO  impl.RoleInfo (RoleInfo.java:shutdownFollowerState(121)) - 6d8e2272-d3cb-43aa-845f-9a021007c4ce: shutdown FollowerState
2019-09-12 10:33:04,718 [Thread-275] INFO  impl.RaftServerImpl (RaftServerImpl.java:setRole(171)) - 6d8e2272-d3cb-43aa-845f-9a021007c4ce:group-376F28BBEBFC changes role from FOLLOWER to CANDIDATE at term 0 for changeToCandidate
2019-09-12 10:33:04,718 [Thread-275] INFO  impl.RoleInfo (RoleInfo.java:updateAndGet(143)) - 6d8e2272-d3cb-43aa-845f-9a021007c4ce: start LeaderElection
2019-09-12 10:33:04,725 [Thread-272] INFO  impl.FollowerState (FollowerState.java:run(106)) - 6f7ced02-9074-41a5-813c-bc7a1b1d7969:group-25B1C21C34BE changes to CANDIDATE, lastRpcTime:5162, electionTimeout:5161ms
2019-09-12 10:33:04,725 [Thread-272] INFO  impl.RoleInfo (RoleInfo.java:shutdownFollowerState(121)) - 6f7ced02-9074-41a5-813c-bc7a1b1d7969: shutdown FollowerState
2019-09-12 10:33:04,725 [Thread-272] INFO  impl.RaftServerImpl (RaftServerImpl.java:setRole(171)) - 6f7ced02-9074-41a5-813c-bc7a1b1d7969:group-25B1C21C34BE changes role from FOLLOWER to CANDIDATE at term 0 for changeToCandidate
2019-09-12 10:33:04,725 [Thread-272] INFO  impl.RoleInfo (RoleInfo.java:updateAndGet(143)) - 6f7ced02-9074-41a5-813c-bc7a1b1d7969: start LeaderElection
2019-09-12 10:33:04,738 [6d8e2272-d3cb-43aa-845f-9a021007c4ce:group-376F28BBEBFC:LeaderElection12] INFO  impl.LeaderElection (LeaderElection.java:askForVotes(181)) - 6d8e2272-d3cb-43aa-845f-9a021007c4ce:group-376F28BBEBFC:LeaderElection12: begin an election at term 1 for -1: [6d8e2272-d3cb-43aa-845f-9a021007c4ce:192.168.157.195:46389], old=null
2019-09-12 10:33:04,738 [6f7ced02-9074-41a5-813c-bc7a1b1d7969:group-25B1C21C34BE:LeaderElection13] INFO  impl.LeaderElection (LeaderElection.java:askForVotes(181)) - 6f7ced02-9074-41a5-813c-bc7a1b1d7969:group-25B1C21C34BE:LeaderElection13: begin an election at term 1 for -1: [6f7ced02-9074-41a5-813c-bc7a1b1d7969:192.168.157.195:46366], old=null
2019-09-12 10:33:04,738 [6d8e2272-d3cb-43aa-845f-9a021007c4ce:group-376F28BBEBFC:LeaderElection12] INFO  impl.RoleInfo (RoleInfo.java:shutdownLeaderElection(134)) - 6d8e2272-d3cb-43aa-845f-9a021007c4ce: shutdown LeaderElection
2019-09-12 10:33:04,738 [6f7ced02-9074-41a5-813c-bc7a1b1d7969:group-25B1C21C34BE:LeaderElection13] INFO  impl.RoleInfo (RoleInfo.java:shutdownLeaderElection(134)) - 6f7ced02-9074-41a5-813c-bc7a1b1d7969: shutdown LeaderElection
2019-09-12 10:33:04,738 [6d8e2272-d3cb-43aa-845f-9a021007c4ce:group-376F28BBEBFC:LeaderElection12] INFO  impl.RaftServerImpl (RaftServerImpl.java:setRole(171)) - 6d8e2272-d3cb-43aa-845f-9a021007c4ce:group-376F28BBEBFC changes role from CANDIDATE to LEADER at term 1 for changeToLeader
2019-09-12 10:33:04,738 [6f7ced02-9074-41a5-813c-bc7a1b1d7969:group-25B1C21C34BE:LeaderElection13] INFO  impl.RaftServerImpl (RaftServerImpl.java:setRole(171)) - 6f7ced02-9074-41a5-813c-bc7a1b1d7969:group-25B1C21C34BE changes role from CANDIDATE to LEADER at term 1 for changeToLeader
2019-09-12 10:33:04,738 [6d8e2272-d3cb-43aa-845f-9a021007c4ce:group-376F28BBEBFC:LeaderElection12] INFO  impl.RaftServerImpl (ServerState.java:setLeader(263)) - 6d8e2272-d3cb-43aa-845f-9a021007c4ce:group-376F28BBEBFC change Leader from null to 6d8e2272-d3cb-43aa-845f-9a021007c4ce at term 1 for becomeLeader, leader elected after 5119ms
2019-09-12 10:33:04,739 [6f7ced02-9074-41a5-813c-bc7a1b1d7969:group-25B1C21C34BE:LeaderElection13] INFO  impl.RaftServerImpl (ServerState.java:setLeader(263)) - 6f7ced02-9074-41a5-813c-bc7a1b1d7969:group-25B1C21C34BE change Leader from null to 6f7ced02-9074-41a5-813c-bc7a1b1d7969 at term 1 for becomeLeader, leader elected after 5182ms
2019-09-12 10:33:04,739 [6d8e2272-d3cb-43aa-845f-9a021007c4ce:group-376F28BBEBFC:LeaderElection12] INFO  server.RaftServerConfigKeys (ConfUtils.java:logGet(43)) - raft.server.staging.catchup.gap = 1000 (default)
2019-09-12 10:33:04,739 [6f7ced02-9074-41a5-813c-bc7a1b1d7969:group-25B1C21C34BE:LeaderElection13] INFO  server.RaftServerConfigKeys (ConfUtils.java:logGet(43)) - raft.server.staging.catchup.gap = 1000 (default)
2019-09-12 10:33:04,739 [6d8e2272-d3cb-43aa-845f-9a021007c4ce:group-376F28BBEBFC:LeaderElection12] INFO  server.RaftServerConfigKeys (ConfUtils.java:logGet(43)) - raft.server.rpc.sleep.time = 25ms (default)
2019-09-12 10:33:04,739 [6f7ced02-9074-41a5-813c-bc7a1b1d7969:group-25B1C21C34BE:LeaderElection13] INFO  server.RaftServerConfigKeys (ConfUtils.java:logGet(43)) - raft.server.rpc.sleep.time = 25ms (default)
2019-09-12 10:33:04,739 [6d8e2272-d3cb-43aa-845f-9a021007c4ce:group-376F28BBEBFC:LeaderElection12] INFO  server.RaftServerConfigKeys (ConfUtils.java:logGet(43)) - raft.server.write.element-limit = 4096 (default)
2019-09-12 10:33:04,739 [6f7ced02-9074-41a5-813c-bc7a1b1d7969:group-25B1C21C34BE:LeaderElection13] INFO  server.RaftServerConfigKeys (ConfUtils.java:logGet(43)) - raft.server.write.element-limit = 4096 (default)
2019-09-12 10:33:04,739 [6d8e2272-d3cb-43aa-845f-9a021007c4ce:group-376F28BBEBFC:LeaderElection12] INFO  server.RaftServerConfigKeys (ConfUtils.java:logGet(43)) - raft.server.watch.timeout = 10s (default)
2019-09-12 10:33:04,739 [6f7ced02-9074-41a5-813c-bc7a1b1d7969:group-25B1C21C34BE:LeaderElection13] INFO  server.RaftServerConfigKeys (ConfUtils.java:logGet(43)) - raft.server.watch.timeout = 10s (default)
2019-09-12 10:33:04,739 [6d8e2272-d3cb-43aa-845f-9a021007c4ce:group-376F28BBEBFC:LeaderElection12] INFO  server.RaftServerConfigKeys (ConfUtils.java:logGet(43)) - raft.server.watch.timeout.denomination = 1s (default)
2019-09-12 10:33:04,740 [6f7ced02-9074-41a5-813c-bc7a1b1d7969:group-25B1C21C34BE:LeaderElection13] INFO  server.RaftServerConfigKeys (ConfUtils.java:logGet(43)) - raft.server.watch.timeout.denomination = 1s (default)
2019-09-12 10:33:04,740 [6d8e2272-d3cb-43aa-845f-9a021007c4ce:group-376F28BBEBFC:LeaderElection12] INFO  server.RaftServerConfigKeys (ConfUtils.java:logGet(43)) - raft.server.watch.element-limit = 65536 (default)
2019-09-12 10:33:04,740 [6f7ced02-9074-41a5-813c-bc7a1b1d7969:group-25B1C21C34BE:LeaderElection13] INFO  server.RaftServerConfigKeys (ConfUtils.java:logGet(43)) - raft.server.watch.element-limit = 65536 (default)
2019-09-12 10:33:04,740 [6d8e2272-d3cb-43aa-845f-9a021007c4ce:group-376F28BBEBFC:LeaderElection12] INFO  impl.RoleInfo (RoleInfo.java:updateAndGet(143)) - 6d8e2272-d3cb-43aa-845f-9a021007c4ce: start LeaderState
2019-09-12 10:33:04,740 [6f7ced02-9074-41a5-813c-bc7a1b1d7969:group-25B1C21C34BE:LeaderElection13] INFO  impl.RoleInfo (RoleInfo.java:updateAndGet(143)) - 6f7ced02-9074-41a5-813c-bc7a1b1d7969: start LeaderState
2019-09-12 10:33:04,740 [6d8e2272-d3cb-43aa-845f-9a021007c4ce:group-376F28BBEBFC:LeaderElection12] INFO  segmented.SegmentedRaftLogWorker (SegmentedRaftLogWorker.java:startLogSegment(380)) - 6d8e2272-d3cb-43aa-845f-9a021007c4ce-SegmentedRaftLogWorker:Storage Directory /workdir/hadoop-ozone/integration-test/target/test-dir/MiniOzoneClusterImpl-5ecceb84-7f52-4627-9972-1a459b519b1f/datanode-0/data/ratis/e9a1e4a7-518d-4c4e-a499-376f28bbebfc: Starting segment from index:0
2019-09-12 10:33:04,740 [6f7ced02-9074-41a5-813c-bc7a1b1d7969:group-25B1C21C34BE:LeaderElection13] INFO  segmented.SegmentedRaftLogWorker (SegmentedRaftLogWorker.java:startLogSegment(380)) - 6f7ced02-9074-41a5-813c-bc7a1b1d7969-SegmentedRaftLogWorker:Storage Directory /workdir/hadoop-ozone/integration-test/target/test-dir/MiniOzoneClusterImpl-5ecceb84-7f52-4627-9972-1a459b519b1f/datanode-2/data/ratis/7a4eac35-62cf-4abd-8047-25b1c21c34be: Starting segment from index:0
2019-09-12 10:33:04,741 [6d8e2272-d3cb-43aa-845f-9a021007c4ce:group-376F28BBEBFC:LeaderElection12] INFO  impl.RaftServerImpl (ServerState.java:setRaftConf(361)) - 6d8e2272-d3cb-43aa-845f-9a021007c4ce:group-376F28BBEBFC set configuration 0: [6d8e2272-d3cb-43aa-845f-9a021007c4ce:192.168.157.195:46389], old=null at 0
2019-09-12 10:33:04,769 [6f7ced02-9074-41a5-813c-bc7a1b1d7969:group-25B1C21C34BE:LeaderElection13] INFO  impl.RaftServerImpl (ServerState.java:setRaftConf(361)) - 6f7ced02-9074-41a5-813c-bc7a1b1d7969:group-25B1C21C34BE set configuration 0: [6f7ced02-9074-41a5-813c-bc7a1b1d7969:192.168.157.195:46366], old=null at 0
2019-09-12 10:33:04,806 [6d8e2272-d3cb-43aa-845f-9a021007c4ce-SegmentedRaftLogWorker:Storage Directory /workdir/hadoop-ozone/integration-test/target/test-dir/MiniOzoneClusterImpl-5ecceb84-7f52-4627-9972-1a459b519b1f/datanode-0/data/ratis/e9a1e4a7-518d-4c4e-a499-376f28bbebfc] INFO  segmented.SegmentedRaftLogWorker (SegmentedRaftLogWorker.java:execute(569)) - 6d8e2272-d3cb-43aa-845f-9a021007c4ce-SegmentedRaftLogWorker:Storage Directory /workdir/hadoop-ozone/integration-test/target/test-dir/MiniOzoneClusterImpl-5ecceb84-7f52-4627-9972-1a459b519b1f/datanode-0/data/ratis/e9a1e4a7-518d-4c4e-a499-376f28bbebfc: created new log segment /workdir/hadoop-ozone/integration-test/target/test-dir/MiniOzoneClusterImpl-5ecceb84-7f52-4627-9972-1a459b519b1f/datanode-0/data/ratis/e9a1e4a7-518d-4c4e-a499-376f28bbebfc/current/log_inprogress_0
2019-09-12 10:33:04,808 | INFO  | SCMAudit | user=jenkins1000 | ip=192.168.157.195 | op=SEND_HEARTBEAT {datanodeUUID=6f7ced02-9074-41a5-813c-bc7a1b1d7969, command=[]} | ret=SUCCESS |  
2019-09-12 10:33:04,831 [6f7ced02-9074-41a5-813c-bc7a1b1d7969-SegmentedRaftLogWorker:Storage Directory /workdir/hadoop-ozone/integration-test/target/test-dir/MiniOzoneClusterImpl-5ecceb84-7f52-4627-9972-1a459b519b1f/datanode-2/data/ratis/7a4eac35-62cf-4abd-8047-25b1c21c34be] INFO  segmented.SegmentedRaftLogWorker (SegmentedRaftLogWorker.java:execute(569)) - 6f7ced02-9074-41a5-813c-bc7a1b1d7969-SegmentedRaftLogWorker:Storage Directory /workdir/hadoop-ozone/integration-test/target/test-dir/MiniOzoneClusterImpl-5ecceb84-7f52-4627-9972-1a459b519b1f/datanode-2/data/ratis/7a4eac35-62cf-4abd-8047-25b1c21c34be: created new log segment /workdir/hadoop-ozone/integration-test/target/test-dir/MiniOzoneClusterImpl-5ecceb84-7f52-4627-9972-1a459b519b1f/datanode-2/data/ratis/7a4eac35-62cf-4abd-8047-25b1c21c34be/current/log_inprogress_0
2019-09-12 10:33:04,860 [Thread-285] INFO  impl.FollowerState (FollowerState.java:run(106)) - 6d8e2272-d3cb-43aa-845f-9a021007c4ce:group-B170CFE455DD changes to CANDIDATE, lastRpcTime:5025, electionTimeout:5025ms
2019-09-12 10:33:04,860 [Thread-285] INFO  impl.RoleInfo (RoleInfo.java:shutdownFollowerState(121)) - 6d8e2272-d3cb-43aa-845f-9a021007c4ce: shutdown FollowerState
2019-09-12 10:33:04,860 [Thread-285] INFO  impl.RaftServerImpl (RaftServerImpl.java:setRole(171)) - 6d8e2272-d3cb-43aa-845f-9a021007c4ce:group-B170CFE455DD changes role from FOLLOWER to CANDIDATE at term 0 for changeToCandidate
2019-09-12 10:33:04,861 [Thread-285] INFO  impl.RoleInfo (RoleInfo.java:updateAndGet(143)) - 6d8e2272-d3cb-43aa-845f-9a021007c4ce: start LeaderElection
2019-09-12 10:33:04,880 [6d8e2272-d3cb-43aa-845f-9a021007c4ce:group-B170CFE455DD:LeaderElection14] INFO  impl.LeaderElection (LeaderElection.java:askForVotes(181)) - 6d8e2272-d3cb-43aa-845f-9a021007c4ce:group-B170CFE455DD:LeaderElection14: begin an election at term 1 for -1: [6d8e2272-d3cb-43aa-845f-9a021007c4ce:192.168.157.195:46389], old=null
2019-09-12 10:33:04,880 [6d8e2272-d3cb-43aa-845f-9a021007c4ce:group-B170CFE455DD:LeaderElection14] INFO  impl.RoleInfo (RoleInfo.java:shutdownLeaderElection(134)) - 6d8e2272-d3cb-43aa-845f-9a021007c4ce: shutdown LeaderElection
2019-09-12 10:33:04,880 [6d8e2272-d3cb-43aa-845f-9a021007c4ce:group-B170CFE455DD:LeaderElection14] INFO  impl.RaftServerImpl (RaftServerImpl.java:setRole(171)) - 6d8e2272-d3cb-43aa-845f-9a021007c4ce:group-B170CFE455DD changes role from CANDIDATE to LEADER at term 1 for changeToLeader
2019-09-12 10:33:04,880 [6d8e2272-d3cb-43aa-845f-9a021007c4ce:group-B170CFE455DD:LeaderElection14] INFO  impl.RaftServerImpl (ServerState.java:setLeader(263)) - 6d8e2272-d3cb-43aa-845f-9a021007c4ce:group-B170CFE455DD change Leader from null to 6d8e2272-d3cb-43aa-845f-9a021007c4ce at term 1 for becomeLeader, leader elected after 5049ms
2019-09-12 10:33:04,880 [6d8e2272-d3cb-43aa-845f-9a021007c4ce:group-B170CFE455DD:LeaderElection14] INFO  server.RaftServerConfigKeys (ConfUtils.java:logGet(43)) - raft.server.staging.catchup.gap = 1000 (default)
2019-09-12 10:33:04,880 [6d8e2272-d3cb-43aa-845f-9a021007c4ce:group-B170CFE455DD:LeaderElection14] INFO  server.RaftServerConfigKeys (ConfUtils.java:logGet(43)) - raft.server.rpc.sleep.time = 25ms (default)
2019-09-12 10:33:04,881 [6d8e2272-d3cb-43aa-845f-9a021007c4ce:group-B170CFE455DD:LeaderElection14] INFO  server.RaftServerConfigKeys (ConfUtils.java:logGet(43)) - raft.server.write.element-limit = 4096 (default)
2019-09-12 10:33:04,881 [6d8e2272-d3cb-43aa-845f-9a021007c4ce:group-B170CFE455DD:LeaderElection14] INFO  server.RaftServerConfigKeys (ConfUtils.java:logGet(43)) - raft.server.watch.timeout = 10s (default)
2019-09-12 10:33:04,881 [6d8e2272-d3cb-43aa-845f-9a021007c4ce:group-B170CFE455DD:LeaderElection14] INFO  server.RaftServerConfigKeys (ConfUtils.java:logGet(43)) - raft.server.watch.timeout.denomination = 1s (default)
2019-09-12 10:33:04,881 [6d8e2272-d3cb-43aa-845f-9a021007c4ce:group-B170CFE455DD:LeaderElection14] INFO  server.RaftServerConfigKeys (ConfUtils.java:logGet(43)) - raft.server.watch.element-limit = 65536 (default)
2019-09-12 10:33:04,881 [6d8e2272-d3cb-43aa-845f-9a021007c4ce:group-B170CFE455DD:LeaderElection14] INFO  impl.RoleInfo (RoleInfo.java:updateAndGet(143)) - 6d8e2272-d3cb-43aa-845f-9a021007c4ce: start LeaderState
2019-09-12 10:33:04,882 [6d8e2272-d3cb-43aa-845f-9a021007c4ce:group-B170CFE455DD:LeaderElection14] INFO  segmented.SegmentedRaftLogWorker (SegmentedRaftLogWorker.java:startLogSegment(380)) - 6d8e2272-d3cb-43aa-845f-9a021007c4ce-SegmentedRaftLogWorker:Storage Directory /workdir/hadoop-ozone/integration-test/target/test-dir/MiniOzoneClusterImpl-5ecceb84-7f52-4627-9972-1a459b519b1f/datanode-0/data/ratis/9b585856-3e6d-478b-a9de-b170cfe455dd: Starting segment from index:0
2019-09-12 10:33:04,882 [6d8e2272-d3cb-43aa-845f-9a021007c4ce:group-B170CFE455DD:LeaderElection14] INFO  impl.RaftServerImpl (ServerState.java:setRaftConf(361)) - 6d8e2272-d3cb-43aa-845f-9a021007c4ce:group-B170CFE455DD set configuration 0: [6d8e2272-d3cb-43aa-845f-9a021007c4ce:192.168.157.195:46389], old=null at 0
2019-09-12 10:33:04,913 [Thread-279] INFO  impl.FollowerState (FollowerState.java:run(106)) - 81ee34d7-b83f-41e3-b846-e574d684802c:group-419FAF30D5CC changes to CANDIDATE, lastRpcTime:5193, electionTimeout:5166ms
2019-09-12 10:33:04,914 [Thread-279] INFO  impl.RoleInfo (RoleInfo.java:shutdownFollowerState(121)) - 81ee34d7-b83f-41e3-b846-e574d684802c: shutdown FollowerState
2019-09-12 10:33:04,914 [Thread-279] INFO  impl.RaftServerImpl (RaftServerImpl.java:setRole(171)) - 81ee34d7-b83f-41e3-b846-e574d684802c:group-419FAF30D5CC changes role from FOLLOWER to CANDIDATE at term 0 for changeToCandidate
2019-09-12 10:33:04,914 [Thread-279] INFO  impl.RoleInfo (RoleInfo.java:updateAndGet(143)) - 81ee34d7-b83f-41e3-b846-e574d684802c: start LeaderElection
2019-09-12 10:33:04,938 [6d8e2272-d3cb-43aa-845f-9a021007c4ce-SegmentedRaftLogWorker:Storage Directory /workdir/hadoop-ozone/integration-test/target/test-dir/MiniOzoneClusterImpl-5ecceb84-7f52-4627-9972-1a459b519b1f/datanode-0/data/ratis/9b585856-3e6d-478b-a9de-b170cfe455dd] INFO  segmented.SegmentedRaftLogWorker (SegmentedRaftLogWorker.java:execute(569)) - 6d8e2272-d3cb-43aa-845f-9a021007c4ce-SegmentedRaftLogWorker:Storage Directory /workdir/hadoop-ozone/integration-test/target/test-dir/MiniOzoneClusterImpl-5ecceb84-7f52-4627-9972-1a459b519b1f/datanode-0/data/ratis/9b585856-3e6d-478b-a9de-b170cfe455dd: created new log segment /workdir/hadoop-ozone/integration-test/target/test-dir/MiniOzoneClusterImpl-5ecceb84-7f52-4627-9972-1a459b519b1f/datanode-0/data/ratis/9b585856-3e6d-478b-a9de-b170cfe455dd/current/log_inprogress_0
2019-09-12 10:33:04,938 [81ee34d7-b83f-41e3-b846-e574d684802c:group-419FAF30D5CC:LeaderElection15] INFO  impl.LeaderElection (LeaderElection.java:askForVotes(181)) - 81ee34d7-b83f-41e3-b846-e574d684802c:group-419FAF30D5CC:LeaderElection15: begin an election at term 1 for -1: [81ee34d7-b83f-41e3-b846-e574d684802c:192.168.157.195:36593], old=null
2019-09-12 10:33:04,938 [81ee34d7-b83f-41e3-b846-e574d684802c:group-419FAF30D5CC:LeaderElection15] INFO  impl.RoleInfo (RoleInfo.java:shutdownLeaderElection(134)) - 81ee34d7-b83f-41e3-b846-e574d684802c: shutdown LeaderElection
2019-09-12 10:33:04,938 [81ee34d7-b83f-41e3-b846-e574d684802c:group-419FAF30D5CC:LeaderElection15] INFO  impl.RaftServerImpl (RaftServerImpl.java:setRole(171)) - 81ee34d7-b83f-41e3-b846-e574d684802c:group-419FAF30D5CC changes role from CANDIDATE to LEADER at term 1 for changeToLeader
2019-09-12 10:33:04,938 [81ee34d7-b83f-41e3-b846-e574d684802c:group-419FAF30D5CC:LeaderElection15] INFO  impl.RaftServerImpl (ServerState.java:setLeader(263)) - 81ee34d7-b83f-41e3-b846-e574d684802c:group-419FAF30D5CC change Leader from null to 81ee34d7-b83f-41e3-b846-e574d684802c at term 1 for becomeLeader, leader elected after 5228ms
2019-09-12 10:33:04,941 [81ee34d7-b83f-41e3-b846-e574d684802c:group-419FAF30D5CC:LeaderElection15] INFO  server.RaftServerConfigKeys (ConfUtils.java:logGet(43)) - raft.server.staging.catchup.gap = 1000 (default)
2019-09-12 10:33:04,941 [81ee34d7-b83f-41e3-b846-e574d684802c:group-419FAF30D5CC:LeaderElection15] INFO  server.RaftServerConfigKeys (ConfUtils.java:logGet(43)) - raft.server.rpc.sleep.time = 25ms (default)
2019-09-12 10:33:04,941 [81ee34d7-b83f-41e3-b846-e574d684802c:group-419FAF30D5CC:LeaderElection15] INFO  server.RaftServerConfigKeys (ConfUtils.java:logGet(43)) - raft.server.write.element-limit = 4096 (default)
2019-09-12 10:33:04,941 [81ee34d7-b83f-41e3-b846-e574d684802c:group-419FAF30D5CC:LeaderElection15] INFO  server.RaftServerConfigKeys (ConfUtils.java:logGet(43)) - raft.server.watch.timeout = 10s (default)
2019-09-12 10:33:04,942 [81ee34d7-b83f-41e3-b846-e574d684802c:group-419FAF30D5CC:LeaderElection15] INFO  server.RaftServerConfigKeys (ConfUtils.java:logGet(43)) - raft.server.watch.timeout.denomination = 1s (default)
2019-09-12 10:33:04,942 [81ee34d7-b83f-41e3-b846-e574d684802c:group-419FAF30D5CC:LeaderElection15] INFO  server.RaftServerConfigKeys (ConfUtils.java:logGet(43)) - raft.server.watch.element-limit = 65536 (default)
2019-09-12 10:33:04,942 [81ee34d7-b83f-41e3-b846-e574d684802c:group-419FAF30D5CC:LeaderElection15] INFO  impl.RoleInfo (RoleInfo.java:updateAndGet(143)) - 81ee34d7-b83f-41e3-b846-e574d684802c: start LeaderState
2019-09-12 10:33:04,942 [81ee34d7-b83f-41e3-b846-e574d684802c:group-419FAF30D5CC:LeaderElection15] INFO  segmented.SegmentedRaftLogWorker (SegmentedRaftLogWorker.java:startLogSegment(380)) - 81ee34d7-b83f-41e3-b846-e574d684802c-SegmentedRaftLogWorker:Storage Directory /workdir/hadoop-ozone/integration-test/target/test-dir/MiniOzoneClusterImpl-5ecceb84-7f52-4627-9972-1a459b519b1f/datanode-5/data/ratis/d57b7e1b-406d-4644-a2fa-419faf30d5cc: Starting segment from index:0
2019-09-12 10:33:04,943 [81ee34d7-b83f-41e3-b846-e574d684802c:group-419FAF30D5CC:LeaderElection15] INFO  impl.RaftServerImpl (ServerState.java:setRaftConf(361)) - 81ee34d7-b83f-41e3-b846-e574d684802c:group-419FAF30D5CC set configuration 0: [81ee34d7-b83f-41e3-b846-e574d684802c:192.168.157.195:36593], old=null at 0
2019-09-12 10:33:04,978 [Thread-282] INFO  impl.FollowerState (FollowerState.java:run(106)) - 6f7ced02-9074-41a5-813c-bc7a1b1d7969:group-A447A57EB824 changes to CANDIDATE, lastRpcTime:5196, electionTimeout:5182ms
2019-09-12 10:33:04,978 [Thread-282] INFO  impl.RoleInfo (RoleInfo.java:shutdownFollowerState(121)) - 6f7ced02-9074-41a5-813c-bc7a1b1d7969: shutdown FollowerState
2019-09-12 10:33:04,978 [Thread-289] INFO  impl.FollowerState (FollowerState.java:run(106)) - e0e61d4c-2e09-4c56-8609-a14bb69c63aa:group-B98549460CF5 changes to CANDIDATE, lastRpcTime:5080, electionTimeout:5050ms
2019-09-12 10:33:04,979 [Thread-282] INFO  impl.RaftServerImpl (RaftServerImpl.java:setRole(171)) - 6f7ced02-9074-41a5-813c-bc7a1b1d7969:group-A447A57EB824 changes role from FOLLOWER to CANDIDATE at term 0 for changeToCandidate
2019-09-12 10:33:04,979 [Thread-289] INFO  impl.RoleInfo (RoleInfo.java:shutdownFollowerState(121)) - e0e61d4c-2e09-4c56-8609-a14bb69c63aa: shutdown FollowerState
2019-09-12 10:33:04,979 [Thread-289] INFO  impl.RaftServerImpl (RaftServerImpl.java:setRole(171)) - e0e61d4c-2e09-4c56-8609-a14bb69c63aa:group-B98549460CF5 changes role from FOLLOWER to CANDIDATE at term 0 for changeToCandidate
2019-09-12 10:33:04,979 [Thread-282] INFO  impl.RoleInfo (RoleInfo.java:updateAndGet(143)) - 6f7ced02-9074-41a5-813c-bc7a1b1d7969: start LeaderElection
2019-09-12 10:33:04,979 [Thread-289] INFO  impl.RoleInfo (RoleInfo.java:updateAndGet(143)) - e0e61d4c-2e09-4c56-8609-a14bb69c63aa: start LeaderElection
2019-09-12 10:33:04,993 [81ee34d7-b83f-41e3-b846-e574d684802c-SegmentedRaftLogWorker:Storage Directory /workdir/hadoop-ozone/integration-test/target/test-dir/MiniOzoneClusterImpl-5ecceb84-7f52-4627-9972-1a459b519b1f/datanode-5/data/ratis/d57b7e1b-406d-4644-a2fa-419faf30d5cc] INFO  segmented.SegmentedRaftLogWorker (SegmentedRaftLogWorker.java:execute(569)) - 81ee34d7-b83f-41e3-b846-e574d684802c-SegmentedRaftLogWorker:Storage Directory /workdir/hadoop-ozone/integration-test/target/test-dir/MiniOzoneClusterImpl-5ecceb84-7f52-4627-9972-1a459b519b1f/datanode-5/data/ratis/d57b7e1b-406d-4644-a2fa-419faf30d5cc: created new log segment /workdir/hadoop-ozone/integration-test/target/test-dir/MiniOzoneClusterImpl-5ecceb84-7f52-4627-9972-1a459b519b1f/datanode-5/data/ratis/d57b7e1b-406d-4644-a2fa-419faf30d5cc/current/log_inprogress_0
2019-09-12 10:33:04,993 [6f7ced02-9074-41a5-813c-bc7a1b1d7969:group-A447A57EB824:LeaderElection16] INFO  impl.LeaderElection (LeaderElection.java:askForVotes(181)) - 6f7ced02-9074-41a5-813c-bc7a1b1d7969:group-A447A57EB824:LeaderElection16: begin an election at term 1 for -1: [6f7ced02-9074-41a5-813c-bc7a1b1d7969:192.168.157.195:46366], old=null
2019-09-12 10:33:04,993 [e0e61d4c-2e09-4c56-8609-a14bb69c63aa:group-B98549460CF5:LeaderElection17] INFO  impl.LeaderElection (LeaderElection.java:askForVotes(181)) - e0e61d4c-2e09-4c56-8609-a14bb69c63aa:group-B98549460CF5:LeaderElection17: begin an election at term 1 for -1: [e0e61d4c-2e09-4c56-8609-a14bb69c63aa:192.168.157.195:42576], old=null
2019-09-12 10:33:04,993 [6f7ced02-9074-41a5-813c-bc7a1b1d7969:group-A447A57EB824:LeaderElection16] INFO  impl.RoleInfo (RoleInfo.java:shutdownLeaderElection(134)) - 6f7ced02-9074-41a5-813c-bc7a1b1d7969: shutdown LeaderElection
2019-09-12 10:33:04,993 [e0e61d4c-2e09-4c56-8609-a14bb69c63aa:group-B98549460CF5:LeaderElection17] INFO  impl.RoleInfo (RoleInfo.java:shutdownLeaderElection(134)) - e0e61d4c-2e09-4c56-8609-a14bb69c63aa: shutdown LeaderElection
2019-09-12 10:33:04,993 [6f7ced02-9074-41a5-813c-bc7a1b1d7969:group-A447A57EB824:LeaderElection16] INFO  impl.RaftServerImpl (RaftServerImpl.java:setRole(171)) - 6f7ced02-9074-41a5-813c-bc7a1b1d7969:group-A447A57EB824 changes role from CANDIDATE to LEADER at term 1 for changeToLeader
2019-09-12 10:33:04,993 [e0e61d4c-2e09-4c56-8609-a14bb69c63aa:group-B98549460CF5:LeaderElection17] INFO  impl.RaftServerImpl (RaftServerImpl.java:setRole(171)) - e0e61d4c-2e09-4c56-8609-a14bb69c63aa:group-B98549460CF5 changes role from CANDIDATE to LEADER at term 1 for changeToLeader
2019-09-12 10:33:04,993 [6f7ced02-9074-41a5-813c-bc7a1b1d7969:group-A447A57EB824:LeaderElection16] INFO  impl.RaftServerImpl (ServerState.java:setLeader(263)) - 6f7ced02-9074-41a5-813c-bc7a1b1d7969:group-A447A57EB824 change Leader from null to 6f7ced02-9074-41a5-813c-bc7a1b1d7969 at term 1 for becomeLeader, leader elected after 5214ms
2019-09-12 10:33:04,994 [e0e61d4c-2e09-4c56-8609-a14bb69c63aa:group-B98549460CF5:LeaderElection17] INFO  impl.RaftServerImpl (ServerState.java:setLeader(263)) - e0e61d4c-2e09-4c56-8609-a14bb69c63aa:group-B98549460CF5 change Leader from null to e0e61d4c-2e09-4c56-8609-a14bb69c63aa at term 1 for becomeLeader, leader elected after 5105ms
2019-09-12 10:33:04,994 [6f7ced02-9074-41a5-813c-bc7a1b1d7969:group-A447A57EB824:LeaderElection16] INFO  server.RaftServerConfigKeys (ConfUtils.java:logGet(43)) - raft.server.staging.catchup.gap = 1000 (default)
2019-09-12 10:33:04,994 [e0e61d4c-2e09-4c56-8609-a14bb69c63aa:group-B98549460CF5:LeaderElection17] INFO  server.RaftServerConfigKeys (ConfUtils.java:logGet(43)) - raft.server.staging.catchup.gap = 1000 (default)
2019-09-12 10:33:04,994 [6f7ced02-9074-41a5-813c-bc7a1b1d7969:group-A447A57EB824:LeaderElection16] INFO  server.RaftServerConfigKeys (ConfUtils.java:logGet(43)) - raft.server.rpc.sleep.time = 25ms (default)
2019-09-12 10:33:04,994 [e0e61d4c-2e09-4c56-8609-a14bb69c63aa:group-B98549460CF5:LeaderElection17] INFO  server.RaftServerConfigKeys (ConfUtils.java:logGet(43)) - raft.server.rpc.sleep.time = 25ms (default)
2019-09-12 10:33:04,994 [6f7ced02-9074-41a5-813c-bc7a1b1d7969:group-A447A57EB824:LeaderElection16] INFO  server.RaftServerConfigKeys (ConfUtils.java:logGet(43)) - raft.server.write.element-limit = 4096 (default)
2019-09-12 10:33:04,994 [e0e61d4c-2e09-4c56-8609-a14bb69c63aa:group-B98549460CF5:LeaderElection17] INFO  server.RaftServerConfigKeys (ConfUtils.java:logGet(43)) - raft.server.write.element-limit = 4096 (default)
2019-09-12 10:33:04,995 [6f7ced02-9074-41a5-813c-bc7a1b1d7969:group-A447A57EB824:LeaderElection16] INFO  server.RaftServerConfigKeys (ConfUtils.java:logGet(43)) - raft.server.watch.timeout = 10s (default)
2019-09-12 10:33:04,995 [e0e61d4c-2e09-4c56-8609-a14bb69c63aa:group-B98549460CF5:LeaderElection17] INFO  server.RaftServerConfigKeys (ConfUtils.java:logGet(43)) - raft.server.watch.timeout = 10s (default)
2019-09-12 10:33:04,995 [6f7ced02-9074-41a5-813c-bc7a1b1d7969:group-A447A57EB824:LeaderElection16] INFO  server.RaftServerConfigKeys (ConfUtils.java:logGet(43)) - raft.server.watch.timeout.denomination = 1s (default)
2019-09-12 10:33:04,995 [e0e61d4c-2e09-4c56-8609-a14bb69c63aa:group-B98549460CF5:LeaderElection17] INFO  server.RaftServerConfigKeys (ConfUtils.java:logGet(43)) - raft.server.watch.timeout.denomination = 1s (default)
2019-09-12 10:33:04,995 [6f7ced02-9074-41a5-813c-bc7a1b1d7969:group-A447A57EB824:LeaderElection16] INFO  server.RaftServerConfigKeys (ConfUtils.java:logGet(43)) - raft.server.watch.element-limit = 65536 (default)
2019-09-12 10:33:04,995 [e0e61d4c-2e09-4c56-8609-a14bb69c63aa:group-B98549460CF5:LeaderElection17] INFO  server.RaftServerConfigKeys (ConfUtils.java:logGet(43)) - raft.server.watch.element-limit = 65536 (default)
2019-09-12 10:33:04,995 [6f7ced02-9074-41a5-813c-bc7a1b1d7969:group-A447A57EB824:LeaderElection16] INFO  impl.RoleInfo (RoleInfo.java:updateAndGet(143)) - 6f7ced02-9074-41a5-813c-bc7a1b1d7969: start LeaderState
2019-09-12 10:33:04,995 [e0e61d4c-2e09-4c56-8609-a14bb69c63aa:group-B98549460CF5:LeaderElection17] INFO  impl.RoleInfo (RoleInfo.java:updateAndGet(143)) - e0e61d4c-2e09-4c56-8609-a14bb69c63aa: start LeaderState
2019-09-12 10:33:04,996 [6f7ced02-9074-41a5-813c-bc7a1b1d7969:group-A447A57EB824:LeaderElection16] INFO  segmented.SegmentedRaftLogWorker (SegmentedRaftLogWorker.java:startLogSegment(380)) - 6f7ced02-9074-41a5-813c-bc7a1b1d7969-SegmentedRaftLogWorker:Storage Directory /workdir/hadoop-ozone/integration-test/target/test-dir/MiniOzoneClusterImpl-5ecceb84-7f52-4627-9972-1a459b519b1f/datanode-2/data/ratis/2f8a7a8a-3d68-4389-910e-a447a57eb824: Starting segment from index:0
2019-09-12 10:33:04,996 [e0e61d4c-2e09-4c56-8609-a14bb69c63aa:group-B98549460CF5:LeaderElection17] INFO  segmented.SegmentedRaftLogWorker (SegmentedRaftLogWorker.java:startLogSegment(380)) - e0e61d4c-2e09-4c56-8609-a14bb69c63aa-SegmentedRaftLogWorker:Storage Directory /workdir/hadoop-ozone/integration-test/target/test-dir/MiniOzoneClusterImpl-5ecceb84-7f52-4627-9972-1a459b519b1f/datanode-3/data/ratis/a00dd72a-4221-4cf3-ae12-b98549460cf5: Starting segment from index:0
2019-09-12 10:33:04,996 [6f7ced02-9074-41a5-813c-bc7a1b1d7969:group-A447A57EB824:LeaderElection16] INFO  impl.RaftServerImpl (ServerState.java:setRaftConf(361)) - 6f7ced02-9074-41a5-813c-bc7a1b1d7969:group-A447A57EB824 set configuration 0: [6f7ced02-9074-41a5-813c-bc7a1b1d7969:192.168.157.195:46366], old=null at 0
2019-09-12 10:33:05,028 [e0e61d4c-2e09-4c56-8609-a14bb69c63aa:group-B98549460CF5:LeaderElection17] INFO  impl.RaftServerImpl (ServerState.java:setRaftConf(361)) - e0e61d4c-2e09-4c56-8609-a14bb69c63aa:group-B98549460CF5 set configuration 0: [e0e61d4c-2e09-4c56-8609-a14bb69c63aa:192.168.157.195:42576], old=null at 0
2019-09-12 10:33:05,069 [6f7ced02-9074-41a5-813c-bc7a1b1d7969-SegmentedRaftLogWorker:Storage Directory /workdir/hadoop-ozone/integration-test/target/test-dir/MiniOzoneClusterImpl-5ecceb84-7f52-4627-9972-1a459b519b1f/datanode-2/data/ratis/2f8a7a8a-3d68-4389-910e-a447a57eb824] INFO  segmented.SegmentedRaftLogWorker (SegmentedRaftLogWorker.java:execute(569)) - 6f7ced02-9074-41a5-813c-bc7a1b1d7969-SegmentedRaftLogWorker:Storage Directory /workdir/hadoop-ozone/integration-test/target/test-dir/MiniOzoneClusterImpl-5ecceb84-7f52-4627-9972-1a459b519b1f/datanode-2/data/ratis/2f8a7a8a-3d68-4389-910e-a447a57eb824: created new log segment /workdir/hadoop-ozone/integration-test/target/test-dir/MiniOzoneClusterImpl-5ecceb84-7f52-4627-9972-1a459b519b1f/datanode-2/data/ratis/2f8a7a8a-3d68-4389-910e-a447a57eb824/current/log_inprogress_0
2019-09-12 10:33:05,069 [Thread-293] INFO  impl.FollowerState (FollowerState.java:run(106)) - e0e61d4c-2e09-4c56-8609-a14bb69c63aa:group-784DA556277A changes to CANDIDATE, lastRpcTime:5113, electionTimeout:5109ms
2019-09-12 10:33:05,069 [Thread-293] INFO  impl.RoleInfo (RoleInfo.java:shutdownFollowerState(121)) - e0e61d4c-2e09-4c56-8609-a14bb69c63aa: shutdown FollowerState
2019-09-12 10:33:05,070 [Thread-293] INFO  impl.RaftServerImpl (RaftServerImpl.java:setRole(171)) - e0e61d4c-2e09-4c56-8609-a14bb69c63aa:group-784DA556277A changes role from FOLLOWER to CANDIDATE at term 0 for changeToCandidate
2019-09-12 10:33:05,070 [Thread-293] INFO  impl.RoleInfo (RoleInfo.java:updateAndGet(143)) - e0e61d4c-2e09-4c56-8609-a14bb69c63aa: start LeaderElection
2019-09-12 10:33:05,082 [e0e61d4c-2e09-4c56-8609-a14bb69c63aa-SegmentedRaftLogWorker:Storage Directory /workdir/hadoop-ozone/integration-test/target/test-dir/MiniOzoneClusterImpl-5ecceb84-7f52-4627-9972-1a459b519b1f/datanode-3/data/ratis/a00dd72a-4221-4cf3-ae12-b98549460cf5] INFO  segmented.SegmentedRaftLogWorker (SegmentedRaftLogWorker.java:execute(569)) - e0e61d4c-2e09-4c56-8609-a14bb69c63aa-SegmentedRaftLogWorker:Storage Directory /workdir/hadoop-ozone/integration-test/target/test-dir/MiniOzoneClusterImpl-5ecceb84-7f52-4627-9972-1a459b519b1f/datanode-3/data/ratis/a00dd72a-4221-4cf3-ae12-b98549460cf5: created new log segment /workdir/hadoop-ozone/integration-test/target/test-dir/MiniOzoneClusterImpl-5ecceb84-7f52-4627-9972-1a459b519b1f/datanode-3/data/ratis/a00dd72a-4221-4cf3-ae12-b98549460cf5/current/log_inprogress_0
2019-09-12 10:33:05,082 [e0e61d4c-2e09-4c56-8609-a14bb69c63aa:group-784DA556277A:LeaderElection18] INFO  impl.LeaderElection (LeaderElection.java:askForVotes(181)) - e0e61d4c-2e09-4c56-8609-a14bb69c63aa:group-784DA556277A:LeaderElection18: begin an election at term 1 for -1: [e0e61d4c-2e09-4c56-8609-a14bb69c63aa:192.168.157.195:42576], old=null
2019-09-12 10:33:05,082 [e0e61d4c-2e09-4c56-8609-a14bb69c63aa:group-784DA556277A:LeaderElection18] INFO  impl.RoleInfo (RoleInfo.java:shutdownLeaderElection(134)) - e0e61d4c-2e09-4c56-8609-a14bb69c63aa: shutdown LeaderElection
2019-09-12 10:33:05,082 [Thread-296] INFO  impl.FollowerState (FollowerState.java:run(106)) - 083ebb38-73c7-4c90-bb26-8945a60751ec:group-2F8B00736DD8 changes to CANDIDATE, lastRpcTime:5021, electionTimeout:5021ms
2019-09-12 10:33:05,083 [e0e61d4c-2e09-4c56-8609-a14bb69c63aa:group-784DA556277A:LeaderElection18] INFO  impl.RaftServerImpl (RaftServerImpl.java:setRole(171)) - e0e61d4c-2e09-4c56-8609-a14bb69c63aa:group-784DA556277A changes role from CANDIDATE to LEADER at term 1 for changeToLeader
2019-09-12 10:33:05,083 [Thread-296] INFO  impl.RoleInfo (RoleInfo.java:shutdownFollowerState(121)) - 083ebb38-73c7-4c90-bb26-8945a60751ec: shutdown FollowerState
2019-09-12 10:33:05,083 [e0e61d4c-2e09-4c56-8609-a14bb69c63aa:group-784DA556277A:LeaderElection18] INFO  impl.RaftServerImpl (ServerState.java:setLeader(263)) - e0e61d4c-2e09-4c56-8609-a14bb69c63aa:group-784DA556277A change Leader from null to e0e61d4c-2e09-4c56-8609-a14bb69c63aa at term 1 for becomeLeader, leader elected after 5130ms
2019-09-12 10:33:05,083 [Thread-296] INFO  impl.RaftServerImpl (RaftServerImpl.java:setRole(171)) - 083ebb38-73c7-4c90-bb26-8945a60751ec:group-2F8B00736DD8 changes role from FOLLOWER to CANDIDATE at term 0 for changeToCandidate
2019-09-12 10:33:05,083 [Thread-296] INFO  impl.RoleInfo (RoleInfo.java:updateAndGet(143)) - 083ebb38-73c7-4c90-bb26-8945a60751ec: start LeaderElection
2019-09-12 10:33:05,083 [e0e61d4c-2e09-4c56-8609-a14bb69c63aa:group-784DA556277A:LeaderElection18] INFO  server.RaftServerConfigKeys (ConfUtils.java:logGet(43)) - raft.server.staging.catchup.gap = 1000 (default)
2019-09-12 10:33:05,083 [e0e61d4c-2e09-4c56-8609-a14bb69c63aa:group-784DA556277A:LeaderElection18] INFO  server.RaftServerConfigKeys (ConfUtils.java:logGet(43)) - raft.server.rpc.sleep.time = 25ms (default)
2019-09-12 10:33:05,088 [e0e61d4c-2e09-4c56-8609-a14bb69c63aa:group-784DA556277A:LeaderElection18] INFO  server.RaftServerConfigKeys (ConfUtils.java:logGet(43)) - raft.server.write.element-limit = 4096 (default)
2019-09-12 10:33:05,089 [e0e61d4c-2e09-4c56-8609-a14bb69c63aa:group-784DA556277A:LeaderElection18] INFO  server.RaftServerConfigKeys (ConfUtils.java:logGet(43)) - raft.server.watch.timeout = 10s (default)
2019-09-12 10:33:05,089 [e0e61d4c-2e09-4c56-8609-a14bb69c63aa:group-784DA556277A:LeaderElection18] INFO  server.RaftServerConfigKeys (ConfUtils.java:logGet(43)) - raft.server.watch.timeout.denomination = 1s (default)
2019-09-12 10:33:05,089 [e0e61d4c-2e09-4c56-8609-a14bb69c63aa:group-784DA556277A:LeaderElection18] INFO  server.RaftServerConfigKeys (ConfUtils.java:logGet(43)) - raft.server.watch.element-limit = 65536 (default)
2019-09-12 10:33:05,089 [e0e61d4c-2e09-4c56-8609-a14bb69c63aa:group-784DA556277A:LeaderElection18] INFO  impl.RoleInfo (RoleInfo.java:updateAndGet(143)) - e0e61d4c-2e09-4c56-8609-a14bb69c63aa: start LeaderState
2019-09-12 10:33:05,089 [e0e61d4c-2e09-4c56-8609-a14bb69c63aa:group-784DA556277A:LeaderElection18] INFO  segmented.SegmentedRaftLogWorker (SegmentedRaftLogWorker.java:startLogSegment(380)) - e0e61d4c-2e09-4c56-8609-a14bb69c63aa-SegmentedRaftLogWorker:Storage Directory /workdir/hadoop-ozone/integration-test/target/test-dir/MiniOzoneClusterImpl-5ecceb84-7f52-4627-9972-1a459b519b1f/datanode-3/data/ratis/b6aff5f7-d0a0-4061-ab95-784da556277a: Starting segment from index:0
2019-09-12 10:33:05,090 [e0e61d4c-2e09-4c56-8609-a14bb69c63aa:group-784DA556277A:LeaderElection18] INFO  impl.RaftServerImpl (ServerState.java:setRaftConf(361)) - e0e61d4c-2e09-4c56-8609-a14bb69c63aa:group-784DA556277A set configuration 0: [e0e61d4c-2e09-4c56-8609-a14bb69c63aa:192.168.157.195:42576], old=null at 0
2019-09-12 10:33:05,127 [083ebb38-73c7-4c90-bb26-8945a60751ec:group-2F8B00736DD8:LeaderElection19] INFO  impl.LeaderElection (LeaderElection.java:askForVotes(181)) - 083ebb38-73c7-4c90-bb26-8945a60751ec:group-2F8B00736DD8:LeaderElection19: begin an election at term 1 for -1: [083ebb38-73c7-4c90-bb26-8945a60751ec:192.168.157.195:37300], old=null
2019-09-12 10:33:05,127 [083ebb38-73c7-4c90-bb26-8945a60751ec:group-2F8B00736DD8:LeaderElection19] INFO  impl.RoleInfo (RoleInfo.java:shutdownLeaderElection(134)) - 083ebb38-73c7-4c90-bb26-8945a60751ec: shutdown LeaderElection
2019-09-12 10:33:05,127 [083ebb38-73c7-4c90-bb26-8945a60751ec:group-2F8B00736DD8:LeaderElection19] INFO  impl.RaftServerImpl (RaftServerImpl.java:setRole(171)) - 083ebb38-73c7-4c90-bb26-8945a60751ec:group-2F8B00736DD8 changes role from CANDIDATE to LEADER at term 1 for changeToLeader
2019-09-12 10:33:05,127 [083ebb38-73c7-4c90-bb26-8945a60751ec:group-2F8B00736DD8:LeaderElection19] INFO  impl.RaftServerImpl (ServerState.java:setLeader(263)) - 083ebb38-73c7-4c90-bb26-8945a60751ec:group-2F8B00736DD8 change Leader from null to 083ebb38-73c7-4c90-bb26-8945a60751ec at term 1 for becomeLeader, leader elected after 5069ms
2019-09-12 10:33:05,129 [083ebb38-73c7-4c90-bb26-8945a60751ec:group-2F8B00736DD8:LeaderElection19] INFO  server.RaftServerConfigKeys (ConfUtils.java:logGet(43)) - raft.server.staging.catchup.gap = 1000 (default)
2019-09-12 10:33:05,130 [083ebb38-73c7-4c90-bb26-8945a60751ec:group-2F8B00736DD8:LeaderElection19] INFO  server.RaftServerConfigKeys (ConfUtils.java:logGet(43)) - raft.server.rpc.sleep.time = 25ms (default)
2019-09-12 10:33:05,130 [083ebb38-73c7-4c90-bb26-8945a60751ec:group-2F8B00736DD8:LeaderElection19] INFO  server.RaftServerConfigKeys (ConfUtils.java:logGet(43)) - raft.server.write.element-limit = 4096 (default)
2019-09-12 10:33:05,130 [083ebb38-73c7-4c90-bb26-8945a60751ec:group-2F8B00736DD8:LeaderElection19] INFO  server.RaftServerConfigKeys (ConfUtils.java:logGet(43)) - raft.server.watch.timeout = 10s (default)
2019-09-12 10:33:05,130 [083ebb38-73c7-4c90-bb26-8945a60751ec:group-2F8B00736DD8:LeaderElection19] INFO  server.RaftServerConfigKeys (ConfUtils.java:logGet(43)) - raft.server.watch.timeout.denomination = 1s (default)
2019-09-12 10:33:05,130 [083ebb38-73c7-4c90-bb26-8945a60751ec:group-2F8B00736DD8:LeaderElection19] INFO  server.RaftServerConfigKeys (ConfUtils.java:logGet(43)) - raft.server.watch.element-limit = 65536 (default)
2019-09-12 10:33:05,131 [083ebb38-73c7-4c90-bb26-8945a60751ec:group-2F8B00736DD8:LeaderElection19] INFO  impl.RoleInfo (RoleInfo.java:updateAndGet(143)) - 083ebb38-73c7-4c90-bb26-8945a60751ec: start LeaderState
2019-09-12 10:33:05,131 [083ebb38-73c7-4c90-bb26-8945a60751ec:group-2F8B00736DD8:LeaderElection19] INFO  segmented.SegmentedRaftLogWorker (SegmentedRaftLogWorker.java:startLogSegment(380)) - 083ebb38-73c7-4c90-bb26-8945a60751ec-SegmentedRaftLogWorker:Storage Directory /workdir/hadoop-ozone/integration-test/target/test-dir/MiniOzoneClusterImpl-5ecceb84-7f52-4627-9972-1a459b519b1f/datanode-6/data/ratis/ed7407be-d47b-4e67-9123-2f8b00736dd8: Starting segment from index:0
2019-09-12 10:33:05,131 [083ebb38-73c7-4c90-bb26-8945a60751ec:group-2F8B00736DD8:LeaderElection19] INFO  impl.RaftServerImpl (ServerState.java:setRaftConf(361)) - 083ebb38-73c7-4c90-bb26-8945a60751ec:group-2F8B00736DD8 set configuration 0: [083ebb38-73c7-4c90-bb26-8945a60751ec:192.168.157.195:37300], old=null at 0
2019-09-12 10:33:05,174 [e0e61d4c-2e09-4c56-8609-a14bb69c63aa-SegmentedRaftLogWorker:Storage Directory /workdir/hadoop-ozone/integration-test/target/test-dir/MiniOzoneClusterImpl-5ecceb84-7f52-4627-9972-1a459b519b1f/datanode-3/data/ratis/b6aff5f7-d0a0-4061-ab95-784da556277a] INFO  segmented.SegmentedRaftLogWorker (SegmentedRaftLogWorker.java:execute(569)) - e0e61d4c-2e09-4c56-8609-a14bb69c63aa-SegmentedRaftLogWorker:Storage Directory /workdir/hadoop-ozone/integration-test/target/test-dir/MiniOzoneClusterImpl-5ecceb84-7f52-4627-9972-1a459b519b1f/datanode-3/data/ratis/b6aff5f7-d0a0-4061-ab95-784da556277a: created new log segment /workdir/hadoop-ozone/integration-test/target/test-dir/MiniOzoneClusterImpl-5ecceb84-7f52-4627-9972-1a459b519b1f/datanode-3/data/ratis/b6aff5f7-d0a0-4061-ab95-784da556277a/current/log_inprogress_0
2019-09-12 10:33:05,186 [083ebb38-73c7-4c90-bb26-8945a60751ec-SegmentedRaftLogWorker:Storage Directory /workdir/hadoop-ozone/integration-test/target/test-dir/MiniOzoneClusterImpl-5ecceb84-7f52-4627-9972-1a459b519b1f/datanode-6/data/ratis/ed7407be-d47b-4e67-9123-2f8b00736dd8] INFO  segmented.SegmentedRaftLogWorker (SegmentedRaftLogWorker.java:execute(569)) - 083ebb38-73c7-4c90-bb26-8945a60751ec-SegmentedRaftLogWorker:Storage Directory /workdir/hadoop-ozone/integration-test/target/test-dir/MiniOzoneClusterImpl-5ecceb84-7f52-4627-9972-1a459b519b1f/datanode-6/data/ratis/ed7407be-d47b-4e67-9123-2f8b00736dd8: created new log segment /workdir/hadoop-ozone/integration-test/target/test-dir/MiniOzoneClusterImpl-5ecceb84-7f52-4627-9972-1a459b519b1f/datanode-6/data/ratis/ed7407be-d47b-4e67-9123-2f8b00736dd8/current/log_inprogress_0
2019-09-12 10:33:05,187 [Thread-299] INFO  impl.FollowerState (FollowerState.java:run(106)) - 6d26f522-fe03-4a67-aa48-7af853b41a99:group-81D9C18D2098 changes to CANDIDATE, lastRpcTime:5050, electionTimeout:5050ms
2019-09-12 10:33:05,188 [Thread-299] INFO  impl.RoleInfo (RoleInfo.java:shutdownFollowerState(121)) - 6d26f522-fe03-4a67-aa48-7af853b41a99: shutdown FollowerState
2019-09-12 10:33:05,188 [Thread-299] INFO  impl.RaftServerImpl (RaftServerImpl.java:setRole(171)) - 6d26f522-fe03-4a67-aa48-7af853b41a99:group-81D9C18D2098 changes role from FOLLOWER to CANDIDATE at term 0 for changeToCandidate
2019-09-12 10:33:05,188 [Thread-299] INFO  impl.RoleInfo (RoleInfo.java:updateAndGet(143)) - 6d26f522-fe03-4a67-aa48-7af853b41a99: start LeaderElection
2019-09-12 10:33:05,217 [6d26f522-fe03-4a67-aa48-7af853b41a99:group-81D9C18D2098:LeaderElection20] INFO  impl.LeaderElection (LeaderElection.java:askForVotes(181)) - 6d26f522-fe03-4a67-aa48-7af853b41a99:group-81D9C18D2098:LeaderElection20: begin an election at term 1 for -1: [6d26f522-fe03-4a67-aa48-7af853b41a99:192.168.157.195:44863], old=null
2019-09-12 10:33:05,217 [6d26f522-fe03-4a67-aa48-7af853b41a99:group-81D9C18D2098:LeaderElection20] INFO  impl.RoleInfo (RoleInfo.java:shutdownLeaderElection(134)) - 6d26f522-fe03-4a67-aa48-7af853b41a99: shutdown LeaderElection
2019-09-12 10:33:05,218 [6d26f522-fe03-4a67-aa48-7af853b41a99:group-81D9C18D2098:LeaderElection20] INFO  impl.RaftServerImpl (RaftServerImpl.java:setRole(171)) - 6d26f522-fe03-4a67-aa48-7af853b41a99:group-81D9C18D2098 changes role from CANDIDATE to LEADER at term 1 for changeToLeader
2019-09-12 10:33:05,218 [6d26f522-fe03-4a67-aa48-7af853b41a99:group-81D9C18D2098:LeaderElection20] INFO  impl.RaftServerImpl (ServerState.java:setLeader(263)) - 6d26f522-fe03-4a67-aa48-7af853b41a99:group-81D9C18D2098 change Leader from null to 6d26f522-fe03-4a67-aa48-7af853b41a99 at term 1 for becomeLeader, leader elected after 5085ms
2019-09-12 10:33:05,218 [6d26f522-fe03-4a67-aa48-7af853b41a99:group-81D9C18D2098:LeaderElection20] INFO  server.RaftServerConfigKeys (ConfUtils.java:logGet(43)) - raft.server.staging.catchup.gap = 1000 (default)
2019-09-12 10:33:05,218 [6d26f522-fe03-4a67-aa48-7af853b41a99:group-81D9C18D2098:LeaderElection20] INFO  server.RaftServerConfigKeys (ConfUtils.java:logGet(43)) - raft.server.rpc.sleep.time = 25ms (default)
2019-09-12 10:33:05,218 [6d26f522-fe03-4a67-aa48-7af853b41a99:group-81D9C18D2098:LeaderElection20] INFO  server.RaftServerConfigKeys (ConfUtils.java:logGet(43)) - raft.server.write.element-limit = 4096 (default)
2019-09-12 10:33:05,219 [6d26f522-fe03-4a67-aa48-7af853b41a99:group-81D9C18D2098:LeaderElection20] INFO  server.RaftServerConfigKeys (ConfUtils.java:logGet(43)) - raft.server.watch.timeout = 10s (default)
2019-09-12 10:33:05,219 [6d26f522-fe03-4a67-aa48-7af853b41a99:group-81D9C18D2098:LeaderElection20] INFO  server.RaftServerConfigKeys (ConfUtils.java:logGet(43)) - raft.server.watch.timeout.denomination = 1s (default)
2019-09-12 10:33:05,219 [6d26f522-fe03-4a67-aa48-7af853b41a99:group-81D9C18D2098:LeaderElection20] INFO  server.RaftServerConfigKeys (ConfUtils.java:logGet(43)) - raft.server.watch.element-limit = 65536 (default)
2019-09-12 10:33:05,219 [6d26f522-fe03-4a67-aa48-7af853b41a99:group-81D9C18D2098:LeaderElection20] INFO  impl.RoleInfo (RoleInfo.java:updateAndGet(143)) - 6d26f522-fe03-4a67-aa48-7af853b41a99: start LeaderState
2019-09-12 10:33:05,219 [6d26f522-fe03-4a67-aa48-7af853b41a99:group-81D9C18D2098:LeaderElection20] INFO  segmented.SegmentedRaftLogWorker (SegmentedRaftLogWorker.java:startLogSegment(380)) - 6d26f522-fe03-4a67-aa48-7af853b41a99-SegmentedRaftLogWorker:Storage Directory /workdir/hadoop-ozone/integration-test/target/test-dir/MiniOzoneClusterImpl-5ecceb84-7f52-4627-9972-1a459b519b1f/datanode-1/data/ratis/d064d02c-835a-4e34-84cc-81d9c18d2098: Starting segment from index:0
2019-09-12 10:33:05,220 [6d26f522-fe03-4a67-aa48-7af853b41a99:group-81D9C18D2098:LeaderElection20] INFO  impl.RaftServerImpl (ServerState.java:setRaftConf(361)) - 6d26f522-fe03-4a67-aa48-7af853b41a99:group-81D9C18D2098 set configuration 0: [6d26f522-fe03-4a67-aa48-7af853b41a99:192.168.157.195:44863], old=null at 0
2019-09-12 10:33:05,269 [Thread-302] INFO  impl.FollowerState (FollowerState.java:run(106)) - 083ebb38-73c7-4c90-bb26-8945a60751ec:group-7959190DE5FB changes to CANDIDATE, lastRpcTime:5042, electionTimeout:5012ms
2019-09-12 10:33:05,269 [Thread-302] INFO  impl.RoleInfo (RoleInfo.java:shutdownFollowerState(121)) - 083ebb38-73c7-4c90-bb26-8945a60751ec: shutdown FollowerState
2019-09-12 10:33:05,269 [Thread-302] INFO  impl.RaftServerImpl (RaftServerImpl.java:setRole(171)) - 083ebb38-73c7-4c90-bb26-8945a60751ec:group-7959190DE5FB changes role from FOLLOWER to CANDIDATE at term 0 for changeToCandidate
2019-09-12 10:33:05,269 [Thread-302] INFO  impl.RoleInfo (RoleInfo.java:updateAndGet(143)) - 083ebb38-73c7-4c90-bb26-8945a60751ec: start LeaderElection
2019-09-12 10:33:05,272 | INFO  | SCMAudit | user=jenkins1000 | ip=192.168.157.195 | op=SEND_HEARTBEAT {datanodeUUID=e0e61d4c-2e09-4c56-8609-a14bb69c63aa, command=[]} | ret=SUCCESS |  
2019-09-12 10:33:05,282 [6d26f522-fe03-4a67-aa48-7af853b41a99-SegmentedRaftLogWorker:Storage Directory /workdir/hadoop-ozone/integration-test/target/test-dir/MiniOzoneClusterImpl-5ecceb84-7f52-4627-9972-1a459b519b1f/datanode-1/data/ratis/d064d02c-835a-4e34-84cc-81d9c18d2098] INFO  segmented.SegmentedRaftLogWorker (SegmentedRaftLogWorker.java:execute(569)) - 6d26f522-fe03-4a67-aa48-7af853b41a99-SegmentedRaftLogWorker:Storage Directory /workdir/hadoop-ozone/integration-test/target/test-dir/MiniOzoneClusterImpl-5ecceb84-7f52-4627-9972-1a459b519b1f/datanode-1/data/ratis/d064d02c-835a-4e34-84cc-81d9c18d2098: created new log segment /workdir/hadoop-ozone/integration-test/target/test-dir/MiniOzoneClusterImpl-5ecceb84-7f52-4627-9972-1a459b519b1f/datanode-1/data/ratis/d064d02c-835a-4e34-84cc-81d9c18d2098/current/log_inprogress_0
2019-09-12 10:33:05,282 [083ebb38-73c7-4c90-bb26-8945a60751ec:group-7959190DE5FB:LeaderElection21] INFO  impl.LeaderElection (LeaderElection.java:askForVotes(181)) - 083ebb38-73c7-4c90-bb26-8945a60751ec:group-7959190DE5FB:LeaderElection21: begin an election at term 1 for -1: [083ebb38-73c7-4c90-bb26-8945a60751ec:192.168.157.195:37300], old=null
2019-09-12 10:33:05,282 [083ebb38-73c7-4c90-bb26-8945a60751ec:group-7959190DE5FB:LeaderElection21] INFO  impl.RoleInfo (RoleInfo.java:shutdownLeaderElection(134)) - 083ebb38-73c7-4c90-bb26-8945a60751ec: shutdown LeaderElection
2019-09-12 10:33:05,282 [083ebb38-73c7-4c90-bb26-8945a60751ec:group-7959190DE5FB:LeaderElection21] INFO  impl.RaftServerImpl (RaftServerImpl.java:setRole(171)) - 083ebb38-73c7-4c90-bb26-8945a60751ec:group-7959190DE5FB changes role from CANDIDATE to LEADER at term 1 for changeToLeader
2019-09-12 10:33:05,282 [083ebb38-73c7-4c90-bb26-8945a60751ec:group-7959190DE5FB:LeaderElection21] INFO  impl.RaftServerImpl (ServerState.java:setLeader(263)) - 083ebb38-73c7-4c90-bb26-8945a60751ec:group-7959190DE5FB change Leader from null to 083ebb38-73c7-4c90-bb26-8945a60751ec at term 1 for becomeLeader, leader elected after 5059ms
2019-09-12 10:33:05,282 [083ebb38-73c7-4c90-bb26-8945a60751ec:group-7959190DE5FB:LeaderElection21] INFO  server.RaftServerConfigKeys (ConfUtils.java:logGet(43)) - raft.server.staging.catchup.gap = 1000 (default)
2019-09-12 10:33:05,283 [083ebb38-73c7-4c90-bb26-8945a60751ec:group-7959190DE5FB:LeaderElection21] INFO  server.RaftServerConfigKeys (ConfUtils.java:logGet(43)) - raft.server.rpc.sleep.time = 25ms (default)
2019-09-12 10:33:05,283 [083ebb38-73c7-4c90-bb26-8945a60751ec:group-7959190DE5FB:LeaderElection21] INFO  server.RaftServerConfigKeys (ConfUtils.java:logGet(43)) - raft.server.write.element-limit = 4096 (default)
2019-09-12 10:33:05,283 [083ebb38-73c7-4c90-bb26-8945a60751ec:group-7959190DE5FB:LeaderElection21] INFO  server.RaftServerConfigKeys (ConfUtils.java:logGet(43)) - raft.server.watch.timeout = 10s (default)
2019-09-12 10:33:05,283 [083ebb38-73c7-4c90-bb26-8945a60751ec:group-7959190DE5FB:LeaderElection21] INFO  server.RaftServerConfigKeys (ConfUtils.java:logGet(43)) - raft.server.watch.timeout.denomination = 1s (default)
2019-09-12 10:33:05,283 [083ebb38-73c7-4c90-bb26-8945a60751ec:group-7959190DE5FB:LeaderElection21] INFO  server.RaftServerConfigKeys (ConfUtils.java:logGet(43)) - raft.server.watch.element-limit = 65536 (default)
2019-09-12 10:33:05,284 [083ebb38-73c7-4c90-bb26-8945a60751ec:group-7959190DE5FB:LeaderElection21] INFO  impl.RoleInfo (RoleInfo.java:updateAndGet(143)) - 083ebb38-73c7-4c90-bb26-8945a60751ec: start LeaderState
2019-09-12 10:33:05,284 [083ebb38-73c7-4c90-bb26-8945a60751ec:group-7959190DE5FB:LeaderElection21] INFO  segmented.SegmentedRaftLogWorker (SegmentedRaftLogWorker.java:startLogSegment(380)) - 083ebb38-73c7-4c90-bb26-8945a60751ec-SegmentedRaftLogWorker:Storage Directory /workdir/hadoop-ozone/integration-test/target/test-dir/MiniOzoneClusterImpl-5ecceb84-7f52-4627-9972-1a459b519b1f/datanode-6/data/ratis/d2c1975b-c380-4341-98d2-7959190de5fb: Starting segment from index:0
2019-09-12 10:33:05,284 [083ebb38-73c7-4c90-bb26-8945a60751ec:group-7959190DE5FB:LeaderElection21] INFO  impl.RaftServerImpl (ServerState.java:setRaftConf(361)) - 083ebb38-73c7-4c90-bb26-8945a60751ec:group-7959190DE5FB set configuration 0: [083ebb38-73c7-4c90-bb26-8945a60751ec:192.168.157.195:37300], old=null at 0
2019-09-12 10:33:05,326 [083ebb38-73c7-4c90-bb26-8945a60751ec-SegmentedRaftLogWorker:Storage Directory /workdir/hadoop-ozone/integration-test/target/test-dir/MiniOzoneClusterImpl-5ecceb84-7f52-4627-9972-1a459b519b1f/datanode-6/data/ratis/d2c1975b-c380-4341-98d2-7959190de5fb] INFO  segmented.SegmentedRaftLogWorker (SegmentedRaftLogWorker.java:execute(569)) - 083ebb38-73c7-4c90-bb26-8945a60751ec-SegmentedRaftLogWorker:Storage Directory /workdir/hadoop-ozone/integration-test/target/test-dir/MiniOzoneClusterImpl-5ecceb84-7f52-4627-9972-1a459b519b1f/datanode-6/data/ratis/d2c1975b-c380-4341-98d2-7959190de5fb: created new log segment /workdir/hadoop-ozone/integration-test/target/test-dir/MiniOzoneClusterImpl-5ecceb84-7f52-4627-9972-1a459b519b1f/datanode-6/data/ratis/d2c1975b-c380-4341-98d2-7959190de5fb/current/log_inprogress_0
2019-09-12 10:33:05,347 | INFO  | SCMAudit | user=jenkins1000 | ip=192.168.157.195 | op=SEND_HEARTBEAT {datanodeUUID=6d8e2272-d3cb-43aa-845f-9a021007c4ce, command=[]} | ret=SUCCESS |  
2019-09-12 10:33:05,382 [Thread-308] INFO  impl.FollowerState (FollowerState.java:run(106)) - 6d26f522-fe03-4a67-aa48-7af853b41a99:group-4CAF79940775 changes to CANDIDATE, lastRpcTime:5053, electionTimeout:5053ms
2019-09-12 10:33:05,382 [Thread-308] INFO  impl.RoleInfo (RoleInfo.java:shutdownFollowerState(121)) - 6d26f522-fe03-4a67-aa48-7af853b41a99: shutdown FollowerState
2019-09-12 10:33:05,383 [Thread-308] INFO  impl.RaftServerImpl (RaftServerImpl.java:setRole(171)) - 6d26f522-fe03-4a67-aa48-7af853b41a99:group-4CAF79940775 changes role from FOLLOWER to CANDIDATE at term 0 for changeToCandidate
2019-09-12 10:33:05,383 [Thread-308] INFO  impl.RoleInfo (RoleInfo.java:updateAndGet(143)) - 6d26f522-fe03-4a67-aa48-7af853b41a99: start LeaderElection
2019-09-12 10:33:05,399 [6d26f522-fe03-4a67-aa48-7af853b41a99:group-4CAF79940775:LeaderElection22] INFO  impl.LeaderElection (LeaderElection.java:askForVotes(181)) - 6d26f522-fe03-4a67-aa48-7af853b41a99:group-4CAF79940775:LeaderElection22: begin an election at term 1 for -1: [6d26f522-fe03-4a67-aa48-7af853b41a99:192.168.157.195:44863], old=null
2019-09-12 10:33:05,399 [6d26f522-fe03-4a67-aa48-7af853b41a99:group-4CAF79940775:LeaderElection22] INFO  impl.RoleInfo (RoleInfo.java:shutdownLeaderElection(134)) - 6d26f522-fe03-4a67-aa48-7af853b41a99: shutdown LeaderElection
2019-09-12 10:33:05,399 [6d26f522-fe03-4a67-aa48-7af853b41a99:group-4CAF79940775:LeaderElection22] INFO  impl.RaftServerImpl (RaftServerImpl.java:setRole(171)) - 6d26f522-fe03-4a67-aa48-7af853b41a99:group-4CAF79940775 changes role from CANDIDATE to LEADER at term 1 for changeToLeader
2019-09-12 10:33:05,399 [6d26f522-fe03-4a67-aa48-7af853b41a99:group-4CAF79940775:LeaderElection22] INFO  impl.RaftServerImpl (ServerState.java:setLeader(263)) - 6d26f522-fe03-4a67-aa48-7af853b41a99:group-4CAF79940775 change Leader from null to 6d26f522-fe03-4a67-aa48-7af853b41a99 at term 1 for becomeLeader, leader elected after 5074ms
2019-09-12 10:33:05,400 [6d26f522-fe03-4a67-aa48-7af853b41a99:group-4CAF79940775:LeaderElection22] INFO  server.RaftServerConfigKeys (ConfUtils.java:logGet(43)) - raft.server.staging.catchup.gap = 1000 (default)
2019-09-12 10:33:05,400 [6d26f522-fe03-4a67-aa48-7af853b41a99:group-4CAF79940775:LeaderElection22] INFO  server.RaftServerConfigKeys (ConfUtils.java:logGet(43)) - raft.server.rpc.sleep.time = 25ms (default)
2019-09-12 10:33:05,400 [6d26f522-fe03-4a67-aa48-7af853b41a99:group-4CAF79940775:LeaderElection22] INFO  server.RaftServerConfigKeys (ConfUtils.java:logGet(43)) - raft.server.write.element-limit = 4096 (default)
2019-09-12 10:33:05,400 [6d26f522-fe03-4a67-aa48-7af853b41a99:group-4CAF79940775:LeaderElection22] INFO  server.RaftServerConfigKeys (ConfUtils.java:logGet(43)) - raft.server.watch.timeout = 10s (default)
2019-09-12 10:33:05,400 [6d26f522-fe03-4a67-aa48-7af853b41a99:group-4CAF79940775:LeaderElection22] INFO  server.RaftServerConfigKeys (ConfUtils.java:logGet(43)) - raft.server.watch.timeout.denomination = 1s (default)
2019-09-12 10:33:05,400 [6d26f522-fe03-4a67-aa48-7af853b41a99:group-4CAF79940775:LeaderElection22] INFO  server.RaftServerConfigKeys (ConfUtils.java:logGet(43)) - raft.server.watch.element-limit = 65536 (default)
2019-09-12 10:33:05,401 [6d26f522-fe03-4a67-aa48-7af853b41a99:group-4CAF79940775:LeaderElection22] INFO  impl.RoleInfo (RoleInfo.java:updateAndGet(143)) - 6d26f522-fe03-4a67-aa48-7af853b41a99: start LeaderState
2019-09-12 10:33:05,401 [6d26f522-fe03-4a67-aa48-7af853b41a99:group-4CAF79940775:LeaderElection22] INFO  segmented.SegmentedRaftLogWorker (SegmentedRaftLogWorker.java:startLogSegment(380)) - 6d26f522-fe03-4a67-aa48-7af853b41a99-SegmentedRaftLogWorker:Storage Directory /workdir/hadoop-ozone/integration-test/target/test-dir/MiniOzoneClusterImpl-5ecceb84-7f52-4627-9972-1a459b519b1f/datanode-1/data/ratis/5f4e9a9b-6ebe-4bf6-8fc6-4caf79940775: Starting segment from index:0
2019-09-12 10:33:05,401 [6d26f522-fe03-4a67-aa48-7af853b41a99:group-4CAF79940775:LeaderElection22] INFO  impl.RaftServerImpl (ServerState.java:setRaftConf(361)) - 6d26f522-fe03-4a67-aa48-7af853b41a99:group-4CAF79940775 set configuration 0: [6d26f522-fe03-4a67-aa48-7af853b41a99:192.168.157.195:44863], old=null at 0
2019-09-12 10:33:05,443 [Thread-305] INFO  impl.FollowerState (FollowerState.java:run(106)) - e0e61d4c-2e09-4c56-8609-a14bb69c63aa:group-901F29994EC9 changes to CANDIDATE, lastRpcTime:5163, electionTimeout:5128ms
2019-09-12 10:33:05,443 [Thread-305] INFO  impl.RoleInfo (RoleInfo.java:shutdownFollowerState(121)) - e0e61d4c-2e09-4c56-8609-a14bb69c63aa: shutdown FollowerState
2019-09-12 10:33:05,443 [Thread-305] INFO  impl.RaftServerImpl (RaftServerImpl.java:setRole(171)) - e0e61d4c-2e09-4c56-8609-a14bb69c63aa:group-901F29994EC9 changes role from FOLLOWER to CANDIDATE at term 0 for changeToCandidate
2019-09-12 10:33:05,444 [Thread-305] INFO  impl.RoleInfo (RoleInfo.java:updateAndGet(143)) - e0e61d4c-2e09-4c56-8609-a14bb69c63aa: start LeaderElection
2019-09-12 10:33:05,447 | INFO  | SCMAudit | user=jenkins1000 | ip=192.168.157.195 | op=SEND_HEARTBEAT {datanodeUUID=81ee34d7-b83f-41e3-b846-e574d684802c, command=[]} | ret=SUCCESS |  
2019-09-12 10:33:05,467 [6d26f522-fe03-4a67-aa48-7af853b41a99-SegmentedRaftLogWorker:Storage Directory /workdir/hadoop-ozone/integration-test/target/test-dir/MiniOzoneClusterImpl-5ecceb84-7f52-4627-9972-1a459b519b1f/datanode-1/data/ratis/5f4e9a9b-6ebe-4bf6-8fc6-4caf79940775] INFO  segmented.SegmentedRaftLogWorker (SegmentedRaftLogWorker.java:execute(569)) - 6d26f522-fe03-4a67-aa48-7af853b41a99-SegmentedRaftLogWorker:Storage Directory /workdir/hadoop-ozone/integration-test/target/test-dir/MiniOzoneClusterImpl-5ecceb84-7f52-4627-9972-1a459b519b1f/datanode-1/data/ratis/5f4e9a9b-6ebe-4bf6-8fc6-4caf79940775: created new log segment /workdir/hadoop-ozone/integration-test/target/test-dir/MiniOzoneClusterImpl-5ecceb84-7f52-4627-9972-1a459b519b1f/datanode-1/data/ratis/5f4e9a9b-6ebe-4bf6-8fc6-4caf79940775/current/log_inprogress_0
2019-09-12 10:33:05,467 [e0e61d4c-2e09-4c56-8609-a14bb69c63aa:group-901F29994EC9:LeaderElection23] INFO  impl.LeaderElection (LeaderElection.java:askForVotes(181)) - e0e61d4c-2e09-4c56-8609-a14bb69c63aa:group-901F29994EC9:LeaderElection23: begin an election at term 1 for -1: [e0e61d4c-2e09-4c56-8609-a14bb69c63aa:192.168.157.195:42576], old=null
2019-09-12 10:33:05,467 [e0e61d4c-2e09-4c56-8609-a14bb69c63aa:group-901F29994EC9:LeaderElection23] INFO  impl.RoleInfo (RoleInfo.java:shutdownLeaderElection(134)) - e0e61d4c-2e09-4c56-8609-a14bb69c63aa: shutdown LeaderElection
2019-09-12 10:33:05,467 [e0e61d4c-2e09-4c56-8609-a14bb69c63aa:group-901F29994EC9:LeaderElection23] INFO  impl.RaftServerImpl (RaftServerImpl.java:setRole(171)) - e0e61d4c-2e09-4c56-8609-a14bb69c63aa:group-901F29994EC9 changes role from CANDIDATE to LEADER at term 1 for changeToLeader
2019-09-12 10:33:05,467 [e0e61d4c-2e09-4c56-8609-a14bb69c63aa:group-901F29994EC9:LeaderElection23] INFO  impl.RaftServerImpl (ServerState.java:setLeader(263)) - e0e61d4c-2e09-4c56-8609-a14bb69c63aa:group-901F29994EC9 change Leader from null to e0e61d4c-2e09-4c56-8609-a14bb69c63aa at term 1 for becomeLeader, leader elected after 5192ms
2019-09-12 10:33:05,468 [e0e61d4c-2e09-4c56-8609-a14bb69c63aa:group-901F29994EC9:LeaderElection23] INFO  server.RaftServerConfigKeys (ConfUtils.java:logGet(43)) - raft.server.staging.catchup.gap = 1000 (default)
2019-09-12 10:33:05,468 [e0e61d4c-2e09-4c56-8609-a14bb69c63aa:group-901F29994EC9:LeaderElection23] INFO  server.RaftServerConfigKeys (ConfUtils.java:logGet(43)) - raft.server.rpc.sleep.time = 25ms (default)
2019-09-12 10:33:05,468 [e0e61d4c-2e09-4c56-8609-a14bb69c63aa:group-901F29994EC9:LeaderElection23] INFO  server.RaftServerConfigKeys (ConfUtils.java:logGet(43)) - raft.server.write.element-limit = 4096 (default)
2019-09-12 10:33:05,468 [e0e61d4c-2e09-4c56-8609-a14bb69c63aa:group-901F29994EC9:LeaderElection23] INFO  server.RaftServerConfigKeys (ConfUtils.java:logGet(43)) - raft.server.watch.timeout = 10s (default)
2019-09-12 10:33:05,468 [e0e61d4c-2e09-4c56-8609-a14bb69c63aa:group-901F29994EC9:LeaderElection23] INFO  server.RaftServerConfigKeys (ConfUtils.java:logGet(43)) - raft.server.watch.timeout.denomination = 1s (default)
2019-09-12 10:33:05,468 [e0e61d4c-2e09-4c56-8609-a14bb69c63aa:group-901F29994EC9:LeaderElection23] INFO  server.RaftServerConfigKeys (ConfUtils.java:logGet(43)) - raft.server.watch.element-limit = 65536 (default)
2019-09-12 10:33:05,469 [e0e61d4c-2e09-4c56-8609-a14bb69c63aa:group-901F29994EC9:LeaderElection23] INFO  impl.RoleInfo (RoleInfo.java:updateAndGet(143)) - e0e61d4c-2e09-4c56-8609-a14bb69c63aa: start LeaderState
2019-09-12 10:33:05,469 [e0e61d4c-2e09-4c56-8609-a14bb69c63aa:group-901F29994EC9:LeaderElection23] INFO  segmented.SegmentedRaftLogWorker (SegmentedRaftLogWorker.java:startLogSegment(380)) - e0e61d4c-2e09-4c56-8609-a14bb69c63aa-SegmentedRaftLogWorker:Storage Directory /workdir/hadoop-ozone/integration-test/target/test-dir/MiniOzoneClusterImpl-5ecceb84-7f52-4627-9972-1a459b519b1f/datanode-3/data/ratis/1cb3e4e1-2f3b-4823-a824-901f29994ec9: Starting segment from index:0
2019-09-12 10:33:05,470 [e0e61d4c-2e09-4c56-8609-a14bb69c63aa:group-901F29994EC9:LeaderElection23] INFO  impl.RaftServerImpl (ServerState.java:setRaftConf(361)) - e0e61d4c-2e09-4c56-8609-a14bb69c63aa:group-901F29994EC9 set configuration 0: [e0e61d4c-2e09-4c56-8609-a14bb69c63aa:192.168.157.195:42576], old=null at 0
2019-09-12 10:33:05,511 [Thread-311] INFO  impl.FollowerState (FollowerState.java:run(106)) - 31c45c5a-0c90-4266-9947-1c7c078b7ec4:group-DD0C6F59BE92 changes to CANDIDATE, lastRpcTime:5128, electionTimeout:5101ms
2019-09-12 10:33:05,512 [Thread-311] INFO  impl.RoleInfo (RoleInfo.java:shutdownFollowerState(121)) - 31c45c5a-0c90-4266-9947-1c7c078b7ec4: shutdown FollowerState
2019-09-12 10:33:05,512 [Thread-311] INFO  impl.RaftServerImpl (RaftServerImpl.java:setRole(171)) - 31c45c5a-0c90-4266-9947-1c7c078b7ec4:group-DD0C6F59BE92 changes role from FOLLOWER to CANDIDATE at term 0 for changeToCandidate
2019-09-12 10:33:05,512 [Thread-311] INFO  impl.RoleInfo (RoleInfo.java:updateAndGet(143)) - 31c45c5a-0c90-4266-9947-1c7c078b7ec4: start LeaderElection
2019-09-12 10:33:05,535 [e0e61d4c-2e09-4c56-8609-a14bb69c63aa-SegmentedRaftLogWorker:Storage Directory /workdir/hadoop-ozone/integration-test/target/test-dir/MiniOzoneClusterImpl-5ecceb84-7f52-4627-9972-1a459b519b1f/datanode-3/data/ratis/1cb3e4e1-2f3b-4823-a824-901f29994ec9] INFO  segmented.SegmentedRaftLogWorker (SegmentedRaftLogWorker.java:execute(569)) - e0e61d4c-2e09-4c56-8609-a14bb69c63aa-SegmentedRaftLogWorker:Storage Directory /workdir/hadoop-ozone/integration-test/target/test-dir/MiniOzoneClusterImpl-5ecceb84-7f52-4627-9972-1a459b519b1f/datanode-3/data/ratis/1cb3e4e1-2f3b-4823-a824-901f29994ec9: created new log segment /workdir/hadoop-ozone/integration-test/target/test-dir/MiniOzoneClusterImpl-5ecceb84-7f52-4627-9972-1a459b519b1f/datanode-3/data/ratis/1cb3e4e1-2f3b-4823-a824-901f29994ec9/current/log_inprogress_0
2019-09-12 10:33:05,535 [31c45c5a-0c90-4266-9947-1c7c078b7ec4:group-DD0C6F59BE92:LeaderElection24] INFO  impl.LeaderElection (LeaderElection.java:askForVotes(181)) - 31c45c5a-0c90-4266-9947-1c7c078b7ec4:group-DD0C6F59BE92:LeaderElection24: begin an election at term 1 for -1: [31c45c5a-0c90-4266-9947-1c7c078b7ec4:192.168.157.195:42694], old=null
2019-09-12 10:33:05,535 [31c45c5a-0c90-4266-9947-1c7c078b7ec4:group-DD0C6F59BE92:LeaderElection24] INFO  impl.RoleInfo (RoleInfo.java:shutdownLeaderElection(134)) - 31c45c5a-0c90-4266-9947-1c7c078b7ec4: shutdown LeaderElection
2019-09-12 10:33:05,536 [31c45c5a-0c90-4266-9947-1c7c078b7ec4:group-DD0C6F59BE92:LeaderElection24] INFO  impl.RaftServerImpl (RaftServerImpl.java:setRole(171)) - 31c45c5a-0c90-4266-9947-1c7c078b7ec4:group-DD0C6F59BE92 changes role from CANDIDATE to LEADER at term 1 for changeToLeader
2019-09-12 10:33:05,536 [31c45c5a-0c90-4266-9947-1c7c078b7ec4:group-DD0C6F59BE92:LeaderElection24] INFO  impl.RaftServerImpl (ServerState.java:setLeader(263)) - 31c45c5a-0c90-4266-9947-1c7c078b7ec4:group-DD0C6F59BE92 change Leader from null to 31c45c5a-0c90-4266-9947-1c7c078b7ec4 at term 1 for becomeLeader, leader elected after 5157ms
2019-09-12 10:33:05,536 [31c45c5a-0c90-4266-9947-1c7c078b7ec4:group-DD0C6F59BE92:LeaderElection24] INFO  server.RaftServerConfigKeys (ConfUtils.java:logGet(43)) - raft.server.staging.catchup.gap = 1000 (default)
2019-09-12 10:33:05,536 [31c45c5a-0c90-4266-9947-1c7c078b7ec4:group-DD0C6F59BE92:LeaderElection24] INFO  server.RaftServerConfigKeys (ConfUtils.java:logGet(43)) - raft.server.rpc.sleep.time = 25ms (default)
2019-09-12 10:33:05,536 [31c45c5a-0c90-4266-9947-1c7c078b7ec4:group-DD0C6F59BE92:LeaderElection24] INFO  server.RaftServerConfigKeys (ConfUtils.java:logGet(43)) - raft.server.write.element-limit = 4096 (default)
2019-09-12 10:33:05,536 [31c45c5a-0c90-4266-9947-1c7c078b7ec4:group-DD0C6F59BE92:LeaderElection24] INFO  server.RaftServerConfigKeys (ConfUtils.java:logGet(43)) - raft.server.watch.timeout = 10s (default)
2019-09-12 10:33:05,537 [31c45c5a-0c90-4266-9947-1c7c078b7ec4:group-DD0C6F59BE92:LeaderElection24] INFO  server.RaftServerConfigKeys (ConfUtils.java:logGet(43)) - raft.server.watch.timeout.denomination = 1s (default)
2019-09-12 10:33:05,537 [31c45c5a-0c90-4266-9947-1c7c078b7ec4:group-DD0C6F59BE92:LeaderElection24] INFO  server.RaftServerConfigKeys (ConfUtils.java:logGet(43)) - raft.server.watch.element-limit = 65536 (default)
2019-09-12 10:33:05,537 [31c45c5a-0c90-4266-9947-1c7c078b7ec4:group-DD0C6F59BE92:LeaderElection24] INFO  impl.RoleInfo (RoleInfo.java:updateAndGet(143)) - 31c45c5a-0c90-4266-9947-1c7c078b7ec4: start LeaderState
2019-09-12 10:33:05,537 [31c45c5a-0c90-4266-9947-1c7c078b7ec4:group-DD0C6F59BE92:LeaderElection24] INFO  segmented.SegmentedRaftLogWorker (SegmentedRaftLogWorker.java:startLogSegment(380)) - 31c45c5a-0c90-4266-9947-1c7c078b7ec4-SegmentedRaftLogWorker:Storage Directory /workdir/hadoop-ozone/integration-test/target/test-dir/MiniOzoneClusterImpl-5ecceb84-7f52-4627-9972-1a459b519b1f/datanode-4/data/ratis/6d211cfd-3ab1-4d5d-aca2-dd0c6f59be92: Starting segment from index:0
2019-09-12 10:33:05,538 [31c45c5a-0c90-4266-9947-1c7c078b7ec4:group-DD0C6F59BE92:LeaderElection24] INFO  impl.RaftServerImpl (ServerState.java:setRaftConf(361)) - 31c45c5a-0c90-4266-9947-1c7c078b7ec4:group-DD0C6F59BE92 set configuration 0: [31c45c5a-0c90-4266-9947-1c7c078b7ec4:192.168.157.195:42694], old=null at 0
2019-09-12 10:33:05,588 [31c45c5a-0c90-4266-9947-1c7c078b7ec4-SegmentedRaftLogWorker:Storage Directory /workdir/hadoop-ozone/integration-test/target/test-dir/MiniOzoneClusterImpl-5ecceb84-7f52-4627-9972-1a459b519b1f/datanode-4/data/ratis/6d211cfd-3ab1-4d5d-aca2-dd0c6f59be92] INFO  segmented.SegmentedRaftLogWorker (SegmentedRaftLogWorker.java:execute(569)) - 31c45c5a-0c90-4266-9947-1c7c078b7ec4-SegmentedRaftLogWorker:Storage Directory /workdir/hadoop-ozone/integration-test/target/test-dir/MiniOzoneClusterImpl-5ecceb84-7f52-4627-9972-1a459b519b1f/datanode-4/data/ratis/6d211cfd-3ab1-4d5d-aca2-dd0c6f59be92: created new log segment /workdir/hadoop-ozone/integration-test/target/test-dir/MiniOzoneClusterImpl-5ecceb84-7f52-4627-9972-1a459b519b1f/datanode-4/data/ratis/6d211cfd-3ab1-4d5d-aca2-dd0c6f59be92/current/log_inprogress_0
2019-09-12 10:33:05,616 | INFO  | SCMAudit | user=jenkins1000 | ip=192.168.157.195 | op=SEND_HEARTBEAT {datanodeUUID=083ebb38-73c7-4c90-bb26-8945a60751ec, command=[]} | ret=SUCCESS |  
2019-09-12 10:33:05,625 [Thread-315] INFO  impl.FollowerState (FollowerState.java:run(106)) - 31c45c5a-0c90-4266-9947-1c7c078b7ec4:group-D9460205025E changes to CANDIDATE, lastRpcTime:5194, electionTimeout:5194ms
2019-09-12 10:33:05,625 [Thread-315] INFO  impl.RoleInfo (RoleInfo.java:shutdownFollowerState(121)) - 31c45c5a-0c90-4266-9947-1c7c078b7ec4: shutdown FollowerState
2019-09-12 10:33:05,626 [Thread-315] INFO  impl.RaftServerImpl (RaftServerImpl.java:setRole(171)) - 31c45c5a-0c90-4266-9947-1c7c078b7ec4:group-D9460205025E changes role from FOLLOWER to CANDIDATE at term 0 for changeToCandidate
2019-09-12 10:33:05,626 [Thread-315] INFO  impl.RoleInfo (RoleInfo.java:updateAndGet(143)) - 31c45c5a-0c90-4266-9947-1c7c078b7ec4: start LeaderElection
2019-09-12 10:33:05,630 [Thread-321] INFO  impl.FollowerState (FollowerState.java:run(106)) - 6d26f522-fe03-4a67-aa48-7af853b41a99:group-506C39E0359F changes to CANDIDATE, lastRpcTime:5070, electionTimeout:5070ms
2019-09-12 10:33:05,631 [Thread-321] INFO  impl.RoleInfo (RoleInfo.java:shutdownFollowerState(121)) - 6d26f522-fe03-4a67-aa48-7af853b41a99: shutdown FollowerState
2019-09-12 10:33:05,631 [Thread-321] INFO  impl.RaftServerImpl (RaftServerImpl.java:setRole(171)) - 6d26f522-fe03-4a67-aa48-7af853b41a99:group-506C39E0359F changes role from FOLLOWER to CANDIDATE at term 0 for changeToCandidate
2019-09-12 10:33:05,631 [Thread-321] INFO  impl.RoleInfo (RoleInfo.java:updateAndGet(143)) - 6d26f522-fe03-4a67-aa48-7af853b41a99: start LeaderElection
2019-09-12 10:33:05,653 [31c45c5a-0c90-4266-9947-1c7c078b7ec4:group-D9460205025E:LeaderElection25] INFO  impl.LeaderElection (LeaderElection.java:askForVotes(181)) - 31c45c5a-0c90-4266-9947-1c7c078b7ec4:group-D9460205025E:LeaderElection25: begin an election at term 1 for -1: [31c45c5a-0c90-4266-9947-1c7c078b7ec4:192.168.157.195:42694], old=null
2019-09-12 10:33:05,653 [6d26f522-fe03-4a67-aa48-7af853b41a99:group-506C39E0359F:LeaderElection26] INFO  impl.LeaderElection (LeaderElection.java:askForVotes(181)) - 6d26f522-fe03-4a67-aa48-7af853b41a99:group-506C39E0359F:LeaderElection26: begin an election at term 1 for -1: [6d26f522-fe03-4a67-aa48-7af853b41a99:192.168.157.195:44863], old=null
2019-09-12 10:33:05,654 [31c45c5a-0c90-4266-9947-1c7c078b7ec4:group-D9460205025E:LeaderElection25] INFO  impl.RoleInfo (RoleInfo.java:shutdownLeaderElection(134)) - 31c45c5a-0c90-4266-9947-1c7c078b7ec4: shutdown LeaderElection
2019-09-12 10:33:05,654 [6d26f522-fe03-4a67-aa48-7af853b41a99:group-506C39E0359F:LeaderElection26] INFO  impl.RoleInfo (RoleInfo.java:shutdownLeaderElection(134)) - 6d26f522-fe03-4a67-aa48-7af853b41a99: shutdown LeaderElection
2019-09-12 10:33:05,654 [31c45c5a-0c90-4266-9947-1c7c078b7ec4:group-D9460205025E:LeaderElection25] INFO  impl.RaftServerImpl (RaftServerImpl.java:setRole(171)) - 31c45c5a-0c90-4266-9947-1c7c078b7ec4:group-D9460205025E changes role from CANDIDATE to LEADER at term 1 for changeToLeader
2019-09-12 10:33:05,654 [6d26f522-fe03-4a67-aa48-7af853b41a99:group-506C39E0359F:LeaderElection26] INFO  impl.RaftServerImpl (RaftServerImpl.java:setRole(171)) - 6d26f522-fe03-4a67-aa48-7af853b41a99:group-506C39E0359F changes role from CANDIDATE to LEADER at term 1 for changeToLeader
2019-09-12 10:33:05,654 [31c45c5a-0c90-4266-9947-1c7c078b7ec4:group-D9460205025E:LeaderElection25] INFO  impl.RaftServerImpl (ServerState.java:setLeader(263)) - 31c45c5a-0c90-4266-9947-1c7c078b7ec4:group-D9460205025E change Leader from null to 31c45c5a-0c90-4266-9947-1c7c078b7ec4 at term 1 for becomeLeader, leader elected after 5227ms
2019-09-12 10:33:05,654 [6d26f522-fe03-4a67-aa48-7af853b41a99:group-506C39E0359F:LeaderElection26] INFO  impl.RaftServerImpl (ServerState.java:setLeader(263)) - 6d26f522-fe03-4a67-aa48-7af853b41a99:group-506C39E0359F change Leader from null to 6d26f522-fe03-4a67-aa48-7af853b41a99 at term 1 for becomeLeader, leader elected after 5101ms
2019-09-12 10:33:05,655 [31c45c5a-0c90-4266-9947-1c7c078b7ec4:group-D9460205025E:LeaderElection25] INFO  server.RaftServerConfigKeys (ConfUtils.java:logGet(43)) - raft.server.staging.catchup.gap = 1000 (default)
2019-09-12 10:33:05,655 [6d26f522-fe03-4a67-aa48-7af853b41a99:group-506C39E0359F:LeaderElection26] INFO  server.RaftServerConfigKeys (ConfUtils.java:logGet(43)) - raft.server.staging.catchup.gap = 1000 (default)
2019-09-12 10:33:05,655 [31c45c5a-0c90-4266-9947-1c7c078b7ec4:group-D9460205025E:LeaderElection25] INFO  server.RaftServerConfigKeys (ConfUtils.java:logGet(43)) - raft.server.rpc.sleep.time = 25ms (default)
2019-09-12 10:33:05,655 [6d26f522-fe03-4a67-aa48-7af853b41a99:group-506C39E0359F:LeaderElection26] INFO  server.RaftServerConfigKeys (ConfUtils.java:logGet(43)) - raft.server.rpc.sleep.time = 25ms (default)
2019-09-12 10:33:05,655 [31c45c5a-0c90-4266-9947-1c7c078b7ec4:group-D9460205025E:LeaderElection25] INFO  server.RaftServerConfigKeys (ConfUtils.java:logGet(43)) - raft.server.write.element-limit = 4096 (default)
2019-09-12 10:33:05,655 [6d26f522-fe03-4a67-aa48-7af853b41a99:group-506C39E0359F:LeaderElection26] INFO  server.RaftServerConfigKeys (ConfUtils.java:logGet(43)) - raft.server.write.element-limit = 4096 (default)
2019-09-12 10:33:05,655 [31c45c5a-0c90-4266-9947-1c7c078b7ec4:group-D9460205025E:LeaderElection25] INFO  server.RaftServerConfigKeys (ConfUtils.java:logGet(43)) - raft.server.watch.timeout = 10s (default)
2019-09-12 10:33:05,656 [6d26f522-fe03-4a67-aa48-7af853b41a99:group-506C39E0359F:LeaderElection26] INFO  server.RaftServerConfigKeys (ConfUtils.java:logGet(43)) - raft.server.watch.timeout = 10s (default)
2019-09-12 10:33:05,656 [31c45c5a-0c90-4266-9947-1c7c078b7ec4:group-D9460205025E:LeaderElection25] INFO  server.RaftServerConfigKeys (ConfUtils.java:logGet(43)) - raft.server.watch.timeout.denomination = 1s (default)
2019-09-12 10:33:05,656 [6d26f522-fe03-4a67-aa48-7af853b41a99:group-506C39E0359F:LeaderElection26] INFO  server.RaftServerConfigKeys (ConfUtils.java:logGet(43)) - raft.server.watch.timeout.denomination = 1s (default)
2019-09-12 10:33:05,656 [31c45c5a-0c90-4266-9947-1c7c078b7ec4:group-D9460205025E:LeaderElection25] INFO  server.RaftServerConfigKeys (ConfUtils.java:logGet(43)) - raft.server.watch.element-limit = 65536 (default)
2019-09-12 10:33:05,656 [6d26f522-fe03-4a67-aa48-7af853b41a99:group-506C39E0359F:LeaderElection26] INFO  server.RaftServerConfigKeys (ConfUtils.java:logGet(43)) - raft.server.watch.element-limit = 65536 (default)
2019-09-12 10:33:05,656 [Thread-318] INFO  impl.FollowerState (FollowerState.java:run(106)) - 6d8e2272-d3cb-43aa-845f-9a021007c4ce:group-81C52C20DF7D changes to CANDIDATE, lastRpcTime:5152, electionTimeout:5152ms
2019-09-12 10:33:05,657 [31c45c5a-0c90-4266-9947-1c7c078b7ec4:group-D9460205025E:LeaderElection25] INFO  impl.RoleInfo (RoleInfo.java:updateAndGet(143)) - 31c45c5a-0c90-4266-9947-1c7c078b7ec4: start LeaderState
2019-09-12 10:33:05,657 [6d26f522-fe03-4a67-aa48-7af853b41a99:group-506C39E0359F:LeaderElection26] INFO  impl.RoleInfo (RoleInfo.java:updateAndGet(143)) - 6d26f522-fe03-4a67-aa48-7af853b41a99: start LeaderState
2019-09-12 10:33:05,657 [Thread-318] INFO  impl.RoleInfo (RoleInfo.java:shutdownFollowerState(121)) - 6d8e2272-d3cb-43aa-845f-9a021007c4ce: shutdown FollowerState
2019-09-12 10:33:05,657 [31c45c5a-0c90-4266-9947-1c7c078b7ec4:group-D9460205025E:LeaderElection25] INFO  segmented.SegmentedRaftLogWorker (SegmentedRaftLogWorker.java:startLogSegment(380)) - 31c45c5a-0c90-4266-9947-1c7c078b7ec4-SegmentedRaftLogWorker:Storage Directory /workdir/hadoop-ozone/integration-test/target/test-dir/MiniOzoneClusterImpl-5ecceb84-7f52-4627-9972-1a459b519b1f/datanode-4/data/ratis/9d57e1e7-9e50-4476-8c41-d9460205025e: Starting segment from index:0
2019-09-12 10:33:05,657 [Thread-318] INFO  impl.RaftServerImpl (RaftServerImpl.java:setRole(171)) - 6d8e2272-d3cb-43aa-845f-9a021007c4ce:group-81C52C20DF7D changes role from FOLLOWER to CANDIDATE at term 0 for changeToCandidate
2019-09-12 10:33:05,657 [6d26f522-fe03-4a67-aa48-7af853b41a99:group-506C39E0359F:LeaderElection26] INFO  segmented.SegmentedRaftLogWorker (SegmentedRaftLogWorker.java:startLogSegment(380)) - 6d26f522-fe03-4a67-aa48-7af853b41a99-SegmentedRaftLogWorker:Storage Directory /workdir/hadoop-ozone/integration-test/target/test-dir/MiniOzoneClusterImpl-5ecceb84-7f52-4627-9972-1a459b519b1f/datanode-1/data/ratis/39b35335-ed04-4ed6-8744-506c39e0359f: Starting segment from index:0
2019-09-12 10:33:05,658 [Thread-318] INFO  impl.RoleInfo (RoleInfo.java:updateAndGet(143)) - 6d8e2272-d3cb-43aa-845f-9a021007c4ce: start LeaderElection
2019-09-12 10:33:05,658 [31c45c5a-0c90-4266-9947-1c7c078b7ec4:group-D9460205025E:LeaderElection25] INFO  impl.RaftServerImpl (ServerState.java:setRaftConf(361)) - 31c45c5a-0c90-4266-9947-1c7c078b7ec4:group-D9460205025E set configuration 0: [31c45c5a-0c90-4266-9947-1c7c078b7ec4:192.168.157.195:42694], old=null at 0
2019-09-12 10:33:05,704 [6d26f522-fe03-4a67-aa48-7af853b41a99:group-506C39E0359F:LeaderElection26] INFO  impl.RaftServerImpl (ServerState.java:setRaftConf(361)) - 6d26f522-fe03-4a67-aa48-7af853b41a99:group-506C39E0359F set configuration 0: [6d26f522-fe03-4a67-aa48-7af853b41a99:192.168.157.195:44863], old=null at 0
2019-09-12 10:33:05,717 [31c45c5a-0c90-4266-9947-1c7c078b7ec4-SegmentedRaftLogWorker:Storage Directory /workdir/hadoop-ozone/integration-test/target/test-dir/MiniOzoneClusterImpl-5ecceb84-7f52-4627-9972-1a459b519b1f/datanode-4/data/ratis/9d57e1e7-9e50-4476-8c41-d9460205025e] INFO  segmented.SegmentedRaftLogWorker (SegmentedRaftLogWorker.java:execute(569)) - 31c45c5a-0c90-4266-9947-1c7c078b7ec4-SegmentedRaftLogWorker:Storage Directory /workdir/hadoop-ozone/integration-test/target/test-dir/MiniOzoneClusterImpl-5ecceb84-7f52-4627-9972-1a459b519b1f/datanode-4/data/ratis/9d57e1e7-9e50-4476-8c41-d9460205025e: created new log segment /workdir/hadoop-ozone/integration-test/target/test-dir/MiniOzoneClusterImpl-5ecceb84-7f52-4627-9972-1a459b519b1f/datanode-4/data/ratis/9d57e1e7-9e50-4476-8c41-d9460205025e/current/log_inprogress_0
2019-09-12 10:33:05,718 [6d8e2272-d3cb-43aa-845f-9a021007c4ce:group-81C52C20DF7D:LeaderElection27] INFO  impl.LeaderElection (LeaderElection.java:askForVotes(181)) - 6d8e2272-d3cb-43aa-845f-9a021007c4ce:group-81C52C20DF7D:LeaderElection27: begin an election at term 1 for -1: [6d8e2272-d3cb-43aa-845f-9a021007c4ce:192.168.157.195:46389], old=null
2019-09-12 10:33:05,717 [6d26f522-fe03-4a67-aa48-7af853b41a99-SegmentedRaftLogWorker:Storage Directory /workdir/hadoop-ozone/integration-test/target/test-dir/MiniOzoneClusterImpl-5ecceb84-7f52-4627-9972-1a459b519b1f/datanode-1/data/ratis/39b35335-ed04-4ed6-8744-506c39e0359f] INFO  segmented.SegmentedRaftLogWorker (SegmentedRaftLogWorker.java:execute(569)) - 6d26f522-fe03-4a67-aa48-7af853b41a99-SegmentedRaftLogWorker:Storage Directory /workdir/hadoop-ozone/integration-test/target/test-dir/MiniOzoneClusterImpl-5ecceb84-7f52-4627-9972-1a459b519b1f/datanode-1/data/ratis/39b35335-ed04-4ed6-8744-506c39e0359f: created new log segment /workdir/hadoop-ozone/integration-test/target/test-dir/MiniOzoneClusterImpl-5ecceb84-7f52-4627-9972-1a459b519b1f/datanode-1/data/ratis/39b35335-ed04-4ed6-8744-506c39e0359f/current/log_inprogress_0
2019-09-12 10:33:05,718 [6d8e2272-d3cb-43aa-845f-9a021007c4ce:group-81C52C20DF7D:LeaderElection27] INFO  impl.RoleInfo (RoleInfo.java:shutdownLeaderElection(134)) - 6d8e2272-d3cb-43aa-845f-9a021007c4ce: shutdown LeaderElection
2019-09-12 10:33:05,718 [6d8e2272-d3cb-43aa-845f-9a021007c4ce:group-81C52C20DF7D:LeaderElection27] INFO  impl.RaftServerImpl (RaftServerImpl.java:setRole(171)) - 6d8e2272-d3cb-43aa-845f-9a021007c4ce:group-81C52C20DF7D changes role from CANDIDATE to LEADER at term 1 for changeToLeader
2019-09-12 10:33:05,718 [6d8e2272-d3cb-43aa-845f-9a021007c4ce:group-81C52C20DF7D:LeaderElection27] INFO  impl.RaftServerImpl (ServerState.java:setLeader(263)) - 6d8e2272-d3cb-43aa-845f-9a021007c4ce:group-81C52C20DF7D change Leader from null to 6d8e2272-d3cb-43aa-845f-9a021007c4ce at term 1 for becomeLeader, leader elected after 5219ms
2019-09-12 10:33:05,718 [6d8e2272-d3cb-43aa-845f-9a021007c4ce:group-81C52C20DF7D:LeaderElection27] INFO  server.RaftServerConfigKeys (ConfUtils.java:logGet(43)) - raft.server.staging.catchup.gap = 1000 (default)
2019-09-12 10:33:05,719 [6d8e2272-d3cb-43aa-845f-9a021007c4ce:group-81C52C20DF7D:LeaderElection27] INFO  server.RaftServerConfigKeys (ConfUtils.java:logGet(43)) - raft.server.rpc.sleep.time = 25ms (default)
2019-09-12 10:33:05,719 [6d8e2272-d3cb-43aa-845f-9a021007c4ce:group-81C52C20DF7D:LeaderElection27] INFO  server.RaftServerConfigKeys (ConfUtils.java:logGet(43)) - raft.server.write.element-limit = 4096 (default)
2019-09-12 10:33:05,719 [6d8e2272-d3cb-43aa-845f-9a021007c4ce:group-81C52C20DF7D:LeaderElection27] INFO  server.RaftServerConfigKeys (ConfUtils.java:logGet(43)) - raft.server.watch.timeout = 10s (default)
2019-09-12 10:33:05,719 [6d8e2272-d3cb-43aa-845f-9a021007c4ce:group-81C52C20DF7D:LeaderElection27] INFO  server.RaftServerConfigKeys (ConfUtils.java:logGet(43)) - raft.server.watch.timeout.denomination = 1s (default)
2019-09-12 10:33:05,719 [6d8e2272-d3cb-43aa-845f-9a021007c4ce:group-81C52C20DF7D:LeaderElection27] INFO  server.RaftServerConfigKeys (ConfUtils.java:logGet(43)) - raft.server.watch.element-limit = 65536 (default)
2019-09-12 10:33:05,720 [6d8e2272-d3cb-43aa-845f-9a021007c4ce:group-81C52C20DF7D:LeaderElection27] INFO  impl.RoleInfo (RoleInfo.java:updateAndGet(143)) - 6d8e2272-d3cb-43aa-845f-9a021007c4ce: start LeaderState
2019-09-12 10:33:05,720 [6d8e2272-d3cb-43aa-845f-9a021007c4ce:group-81C52C20DF7D:LeaderElection27] INFO  segmented.SegmentedRaftLogWorker (SegmentedRaftLogWorker.java:startLogSegment(380)) - 6d8e2272-d3cb-43aa-845f-9a021007c4ce-SegmentedRaftLogWorker:Storage Directory /workdir/hadoop-ozone/integration-test/target/test-dir/MiniOzoneClusterImpl-5ecceb84-7f52-4627-9972-1a459b519b1f/datanode-0/data/ratis/8806b161-482a-4415-9956-81c52c20df7d: Starting segment from index:0
2019-09-12 10:33:05,721 [6d8e2272-d3cb-43aa-845f-9a021007c4ce:group-81C52C20DF7D:LeaderElection27] INFO  impl.RaftServerImpl (ServerState.java:setRaftConf(361)) - 6d8e2272-d3cb-43aa-845f-9a021007c4ce:group-81C52C20DF7D set configuration 0: [6d8e2272-d3cb-43aa-845f-9a021007c4ce:192.168.157.195:46389], old=null at 0
2019-09-12 10:33:05,763 [Thread-327] INFO  impl.FollowerState (FollowerState.java:run(106)) - 81ee34d7-b83f-41e3-b846-e574d684802c:group-B721DF714BE3 changes to CANDIDATE, lastRpcTime:5094, electionTimeout:5077ms
2019-09-12 10:33:05,764 [Thread-327] INFO  impl.RoleInfo (RoleInfo.java:shutdownFollowerState(121)) - 81ee34d7-b83f-41e3-b846-e574d684802c: shutdown FollowerState
2019-09-12 10:33:05,764 [Thread-327] INFO  impl.RaftServerImpl (RaftServerImpl.java:setRole(171)) - 81ee34d7-b83f-41e3-b846-e574d684802c:group-B721DF714BE3 changes role from FOLLOWER to CANDIDATE at term 0 for changeToCandidate
2019-09-12 10:33:05,764 [Thread-327] INFO  impl.RoleInfo (RoleInfo.java:updateAndGet(143)) - 81ee34d7-b83f-41e3-b846-e574d684802c: start LeaderElection
2019-09-12 10:33:05,767 | INFO  | SCMAudit | user=jenkins1000 | ip=192.168.157.195 | op=SEND_HEARTBEAT {datanodeUUID=6f7ced02-9074-41a5-813c-bc7a1b1d7969, command=[]} | ret=SUCCESS |  
2019-09-12 10:33:05,776 [6d8e2272-d3cb-43aa-845f-9a021007c4ce-SegmentedRaftLogWorker:Storage Directory /workdir/hadoop-ozone/integration-test/target/test-dir/MiniOzoneClusterImpl-5ecceb84-7f52-4627-9972-1a459b519b1f/datanode-0/data/ratis/8806b161-482a-4415-9956-81c52c20df7d] INFO  segmented.SegmentedRaftLogWorker (SegmentedRaftLogWorker.java:execute(569)) - 6d8e2272-d3cb-43aa-845f-9a021007c4ce-SegmentedRaftLogWorker:Storage Directory /workdir/hadoop-ozone/integration-test/target/test-dir/MiniOzoneClusterImpl-5ecceb84-7f52-4627-9972-1a459b519b1f/datanode-0/data/ratis/8806b161-482a-4415-9956-81c52c20df7d: created new log segment /workdir/hadoop-ozone/integration-test/target/test-dir/MiniOzoneClusterImpl-5ecceb84-7f52-4627-9972-1a459b519b1f/datanode-0/data/ratis/8806b161-482a-4415-9956-81c52c20df7d/current/log_inprogress_0
2019-09-12 10:33:05,776 [81ee34d7-b83f-41e3-b846-e574d684802c:group-B721DF714BE3:LeaderElection28] INFO  impl.LeaderElection (LeaderElection.java:askForVotes(181)) - 81ee34d7-b83f-41e3-b846-e574d684802c:group-B721DF714BE3:LeaderElection28: begin an election at term 1 for -1: [81ee34d7-b83f-41e3-b846-e574d684802c:192.168.157.195:36593], old=null
2019-09-12 10:33:05,777 [81ee34d7-b83f-41e3-b846-e574d684802c:group-B721DF714BE3:LeaderElection28] INFO  impl.RoleInfo (RoleInfo.java:shutdownLeaderElection(134)) - 81ee34d7-b83f-41e3-b846-e574d684802c: shutdown LeaderElection
2019-09-12 10:33:05,777 [81ee34d7-b83f-41e3-b846-e574d684802c:group-B721DF714BE3:LeaderElection28] INFO  impl.RaftServerImpl (RaftServerImpl.java:setRole(171)) - 81ee34d7-b83f-41e3-b846-e574d684802c:group-B721DF714BE3 changes role from CANDIDATE to LEADER at term 1 for changeToLeader
2019-09-12 10:33:05,777 [81ee34d7-b83f-41e3-b846-e574d684802c:group-B721DF714BE3:LeaderElection28] INFO  impl.RaftServerImpl (ServerState.java:setLeader(263)) - 81ee34d7-b83f-41e3-b846-e574d684802c:group-B721DF714BE3 change Leader from null to 81ee34d7-b83f-41e3-b846-e574d684802c at term 1 for becomeLeader, leader elected after 5112ms
2019-09-12 10:33:05,777 [81ee34d7-b83f-41e3-b846-e574d684802c:group-B721DF714BE3:LeaderElection28] INFO  server.RaftServerConfigKeys (ConfUtils.java:logGet(43)) - raft.server.staging.catchup.gap = 1000 (default)
2019-09-12 10:33:05,777 [81ee34d7-b83f-41e3-b846-e574d684802c:group-B721DF714BE3:LeaderElection28] INFO  server.RaftServerConfigKeys (ConfUtils.java:logGet(43)) - raft.server.rpc.sleep.time = 25ms (default)
2019-09-12 10:33:05,778 [81ee34d7-b83f-41e3-b846-e574d684802c:group-B721DF714BE3:LeaderElection28] INFO  server.RaftServerConfigKeys (ConfUtils.java:logGet(43)) - raft.server.write.element-limit = 4096 (default)
2019-09-12 10:33:05,778 [81ee34d7-b83f-41e3-b846-e574d684802c:group-B721DF714BE3:LeaderElection28] INFO  server.RaftServerConfigKeys (ConfUtils.java:logGet(43)) - raft.server.watch.timeout = 10s (default)
2019-09-12 10:33:05,778 [81ee34d7-b83f-41e3-b846-e574d684802c:group-B721DF714BE3:LeaderElection28] INFO  server.RaftServerConfigKeys (ConfUtils.java:logGet(43)) - raft.server.watch.timeout.denomination = 1s (default)
2019-09-12 10:33:05,778 [81ee34d7-b83f-41e3-b846-e574d684802c:group-B721DF714BE3:LeaderElection28] INFO  server.RaftServerConfigKeys (ConfUtils.java:logGet(43)) - raft.server.watch.element-limit = 65536 (default)
2019-09-12 10:33:05,778 [81ee34d7-b83f-41e3-b846-e574d684802c:group-B721DF714BE3:LeaderElection28] INFO  impl.RoleInfo (RoleInfo.java:updateAndGet(143)) - 81ee34d7-b83f-41e3-b846-e574d684802c: start LeaderState
2019-09-12 10:33:05,779 [81ee34d7-b83f-41e3-b846-e574d684802c:group-B721DF714BE3:LeaderElection28] INFO  segmented.SegmentedRaftLogWorker (SegmentedRaftLogWorker.java:startLogSegment(380)) - 81ee34d7-b83f-41e3-b846-e574d684802c-SegmentedRaftLogWorker:Storage Directory /workdir/hadoop-ozone/integration-test/target/test-dir/MiniOzoneClusterImpl-5ecceb84-7f52-4627-9972-1a459b519b1f/datanode-5/data/ratis/48e73f2f-a825-44a0-840f-b721df714be3: Starting segment from index:0
2019-09-12 10:33:05,779 [81ee34d7-b83f-41e3-b846-e574d684802c:group-B721DF714BE3:LeaderElection28] INFO  impl.RaftServerImpl (ServerState.java:setRaftConf(361)) - 81ee34d7-b83f-41e3-b846-e574d684802c:group-B721DF714BE3 set configuration 0: [81ee34d7-b83f-41e3-b846-e574d684802c:192.168.157.195:36593], old=null at 0
2019-09-12 10:33:05,818 [Thread-333] INFO  impl.FollowerState (FollowerState.java:run(106)) - e0e61d4c-2e09-4c56-8609-a14bb69c63aa:group-086459EEBB26 changes to CANDIDATE, lastRpcTime:5019, electionTimeout:5005ms
2019-09-12 10:33:05,818 [Thread-324] INFO  impl.FollowerState (FollowerState.java:run(106)) - 6d26f522-fe03-4a67-aa48-7af853b41a99:group-1431AA8646CB changes to CANDIDATE, lastRpcTime:5205, electionTimeout:5189ms
2019-09-12 10:33:05,818 [Thread-333] INFO  impl.RoleInfo (RoleInfo.java:shutdownFollowerState(121)) - e0e61d4c-2e09-4c56-8609-a14bb69c63aa: shutdown FollowerState
2019-09-12 10:33:05,818 [Thread-324] INFO  impl.RoleInfo (RoleInfo.java:shutdownFollowerState(121)) - 6d26f522-fe03-4a67-aa48-7af853b41a99: shutdown FollowerState
2019-09-12 10:33:05,819 [Thread-333] INFO  impl.RaftServerImpl (RaftServerImpl.java:setRole(171)) - e0e61d4c-2e09-4c56-8609-a14bb69c63aa:group-086459EEBB26 changes role from FOLLOWER to CANDIDATE at term 0 for changeToCandidate
2019-09-12 10:33:05,819 [Thread-324] INFO  impl.RaftServerImpl (RaftServerImpl.java:setRole(171)) - 6d26f522-fe03-4a67-aa48-7af853b41a99:group-1431AA8646CB changes role from FOLLOWER to CANDIDATE at term 0 for changeToCandidate
2019-09-12 10:33:05,819 [Thread-333] INFO  impl.RoleInfo (RoleInfo.java:updateAndGet(143)) - e0e61d4c-2e09-4c56-8609-a14bb69c63aa: start LeaderElection
2019-09-12 10:33:05,819 [Thread-324] INFO  impl.RoleInfo (RoleInfo.java:updateAndGet(143)) - 6d26f522-fe03-4a67-aa48-7af853b41a99: start LeaderElection
2019-09-12 10:33:05,822 [Thread-330] INFO  impl.FollowerState (FollowerState.java:run(106)) - 31c45c5a-0c90-4266-9947-1c7c078b7ec4:group-F0A8DA467EB9 changes to CANDIDATE, lastRpcTime:5080, electionTimeout:5079ms
2019-09-12 10:33:05,822 [Thread-330] INFO  impl.RoleInfo (RoleInfo.java:shutdownFollowerState(121)) - 31c45c5a-0c90-4266-9947-1c7c078b7ec4: shutdown FollowerState
2019-09-12 10:33:05,825 [Thread-330] INFO  impl.RaftServerImpl (RaftServerImpl.java:setRole(171)) - 31c45c5a-0c90-4266-9947-1c7c078b7ec4:group-F0A8DA467EB9 changes role from FOLLOWER to CANDIDATE at term 0 for changeToCandidate
2019-09-12 10:33:05,825 [Thread-330] INFO  impl.RoleInfo (RoleInfo.java:updateAndGet(143)) - 31c45c5a-0c90-4266-9947-1c7c078b7ec4: start LeaderElection
2019-09-12 10:33:05,833 [81ee34d7-b83f-41e3-b846-e574d684802c-SegmentedRaftLogWorker:Storage Directory /workdir/hadoop-ozone/integration-test/target/test-dir/MiniOzoneClusterImpl-5ecceb84-7f52-4627-9972-1a459b519b1f/datanode-5/data/ratis/48e73f2f-a825-44a0-840f-b721df714be3] INFO  segmented.SegmentedRaftLogWorker (SegmentedRaftLogWorker.java:execute(569)) - 81ee34d7-b83f-41e3-b846-e574d684802c-SegmentedRaftLogWorker:Storage Directory /workdir/hadoop-ozone/integration-test/target/test-dir/MiniOzoneClusterImpl-5ecceb84-7f52-4627-9972-1a459b519b1f/datanode-5/data/ratis/48e73f2f-a825-44a0-840f-b721df714be3: created new log segment /workdir/hadoop-ozone/integration-test/target/test-dir/MiniOzoneClusterImpl-5ecceb84-7f52-4627-9972-1a459b519b1f/datanode-5/data/ratis/48e73f2f-a825-44a0-840f-b721df714be3/current/log_inprogress_0
2019-09-12 10:33:05,844 [6d26f522-fe03-4a67-aa48-7af853b41a99:group-1431AA8646CB:LeaderElection30] INFO  impl.LeaderElection (LeaderElection.java:askForVotes(181)) - 6d26f522-fe03-4a67-aa48-7af853b41a99:group-1431AA8646CB:LeaderElection30: begin an election at term 1 for -1: [6d26f522-fe03-4a67-aa48-7af853b41a99:192.168.157.195:44863], old=null
2019-09-12 10:33:05,844 [e0e61d4c-2e09-4c56-8609-a14bb69c63aa:group-086459EEBB26:LeaderElection29] INFO  impl.LeaderElection (LeaderElection.java:askForVotes(181)) - e0e61d4c-2e09-4c56-8609-a14bb69c63aa:group-086459EEBB26:LeaderElection29: begin an election at term 1 for -1: [e0e61d4c-2e09-4c56-8609-a14bb69c63aa:192.168.157.195:42576], old=null
2019-09-12 10:33:05,844 [6d26f522-fe03-4a67-aa48-7af853b41a99:group-1431AA8646CB:LeaderElection30] INFO  impl.RoleInfo (RoleInfo.java:shutdownLeaderElection(134)) - 6d26f522-fe03-4a67-aa48-7af853b41a99: shutdown LeaderElection
2019-09-12 10:33:05,844 [e0e61d4c-2e09-4c56-8609-a14bb69c63aa:group-086459EEBB26:LeaderElection29] INFO  impl.RoleInfo (RoleInfo.java:shutdownLeaderElection(134)) - e0e61d4c-2e09-4c56-8609-a14bb69c63aa: shutdown LeaderElection
2019-09-12 10:33:05,844 [6d26f522-fe03-4a67-aa48-7af853b41a99:group-1431AA8646CB:LeaderElection30] INFO  impl.RaftServerImpl (RaftServerImpl.java:setRole(171)) - 6d26f522-fe03-4a67-aa48-7af853b41a99:group-1431AA8646CB changes role from CANDIDATE to LEADER at term 1 for changeToLeader
2019-09-12 10:33:05,844 [e0e61d4c-2e09-4c56-8609-a14bb69c63aa:group-086459EEBB26:LeaderElection29] INFO  impl.RaftServerImpl (RaftServerImpl.java:setRole(171)) - e0e61d4c-2e09-4c56-8609-a14bb69c63aa:group-086459EEBB26 changes role from CANDIDATE to LEADER at term 1 for changeToLeader
2019-09-12 10:33:05,844 [6d26f522-fe03-4a67-aa48-7af853b41a99:group-1431AA8646CB:LeaderElection30] INFO  impl.RaftServerImpl (ServerState.java:setLeader(263)) - 6d26f522-fe03-4a67-aa48-7af853b41a99:group-1431AA8646CB change Leader from null to 6d26f522-fe03-4a67-aa48-7af853b41a99 at term 1 for becomeLeader, leader elected after 5235ms
2019-09-12 10:33:05,844 [e0e61d4c-2e09-4c56-8609-a14bb69c63aa:group-086459EEBB26:LeaderElection29] INFO  impl.RaftServerImpl (ServerState.java:setLeader(263)) - e0e61d4c-2e09-4c56-8609-a14bb69c63aa:group-086459EEBB26 change Leader from null to e0e61d4c-2e09-4c56-8609-a14bb69c63aa at term 1 for becomeLeader, leader elected after 5050ms
2019-09-12 10:33:05,845 [6d26f522-fe03-4a67-aa48-7af853b41a99:group-1431AA8646CB:LeaderElection30] INFO  server.RaftServerConfigKeys (ConfUtils.java:logGet(43)) - raft.server.staging.catchup.gap = 1000 (default)
2019-09-12 10:33:05,845 [e0e61d4c-2e09-4c56-8609-a14bb69c63aa:group-086459EEBB26:LeaderElection29] INFO  server.RaftServerConfigKeys (ConfUtils.java:logGet(43)) - raft.server.staging.catchup.gap = 1000 (default)
2019-09-12 10:33:05,845 [31c45c5a-0c90-4266-9947-1c7c078b7ec4:group-F0A8DA467EB9:LeaderElection31] INFO  impl.LeaderElection (LeaderElection.java:askForVotes(181)) - 31c45c5a-0c90-4266-9947-1c7c078b7ec4:group-F0A8DA467EB9:LeaderElection31: begin an election at term 1 for -1: [31c45c5a-0c90-4266-9947-1c7c078b7ec4:192.168.157.195:42694], old=null
2019-09-12 10:33:05,845 [e0e61d4c-2e09-4c56-8609-a14bb69c63aa:group-086459EEBB26:LeaderElection29] INFO  server.RaftServerConfigKeys (ConfUtils.java:logGet(43)) - raft.server.rpc.sleep.time = 25ms (default)
2019-09-12 10:33:05,845 [6d26f522-fe03-4a67-aa48-7af853b41a99:group-1431AA8646CB:LeaderElection30] INFO  server.RaftServerConfigKeys (ConfUtils.java:logGet(43)) - raft.server.rpc.sleep.time = 25ms (default)
2019-09-12 10:33:05,845 [e0e61d4c-2e09-4c56-8609-a14bb69c63aa:group-086459EEBB26:LeaderElection29] INFO  server.RaftServerConfigKeys (ConfUtils.java:logGet(43)) - raft.server.write.element-limit = 4096 (default)
2019-09-12 10:33:05,845 [31c45c5a-0c90-4266-9947-1c7c078b7ec4:group-F0A8DA467EB9:LeaderElection31] INFO  impl.RoleInfo (RoleInfo.java:shutdownLeaderElection(134)) - 31c45c5a-0c90-4266-9947-1c7c078b7ec4: shutdown LeaderElection
2019-09-12 10:33:05,846 [e0e61d4c-2e09-4c56-8609-a14bb69c63aa:group-086459EEBB26:LeaderElection29] INFO  server.RaftServerConfigKeys (ConfUtils.java:logGet(43)) - raft.server.watch.timeout = 10s (default)
2019-09-12 10:33:05,845 [6d26f522-fe03-4a67-aa48-7af853b41a99:group-1431AA8646CB:LeaderElection30] INFO  server.RaftServerConfigKeys (ConfUtils.java:logGet(43)) - raft.server.write.element-limit = 4096 (default)
2019-09-12 10:33:05,846 [e0e61d4c-2e09-4c56-8609-a14bb69c63aa:group-086459EEBB26:LeaderElection29] INFO  server.RaftServerConfigKeys (ConfUtils.java:logGet(43)) - raft.server.watch.timeout.denomination = 1s (default)
2019-09-12 10:33:05,846 [e0e61d4c-2e09-4c56-8609-a14bb69c63aa:group-086459EEBB26:LeaderElection29] INFO  server.RaftServerConfigKeys (ConfUtils.java:logGet(43)) - raft.server.watch.element-limit = 65536 (default)
2019-09-12 10:33:05,846 [31c45c5a-0c90-4266-9947-1c7c078b7ec4:group-F0A8DA467EB9:LeaderElection31] INFO  impl.RaftServerImpl (RaftServerImpl.java:setRole(171)) - 31c45c5a-0c90-4266-9947-1c7c078b7ec4:group-F0A8DA467EB9 changes role from CANDIDATE to LEADER at term 1 for changeToLeader
2019-09-12 10:33:05,847 [e0e61d4c-2e09-4c56-8609-a14bb69c63aa:group-086459EEBB26:LeaderElection29] INFO  impl.RoleInfo (RoleInfo.java:updateAndGet(143)) - e0e61d4c-2e09-4c56-8609-a14bb69c63aa: start LeaderState
2019-09-12 10:33:05,846 [6d26f522-fe03-4a67-aa48-7af853b41a99:group-1431AA8646CB:LeaderElection30] INFO  server.RaftServerConfigKeys (ConfUtils.java:logGet(43)) - raft.server.watch.timeout = 10s (default)
2019-09-12 10:33:05,847 [e0e61d4c-2e09-4c56-8609-a14bb69c63aa:group-086459EEBB26:LeaderElection29] INFO  segmented.SegmentedRaftLogWorker (SegmentedRaftLogWorker.java:startLogSegment(380)) - e0e61d4c-2e09-4c56-8609-a14bb69c63aa-SegmentedRaftLogWorker:Storage Directory /workdir/hadoop-ozone/integration-test/target/test-dir/MiniOzoneClusterImpl-5ecceb84-7f52-4627-9972-1a459b519b1f/datanode-3/data/ratis/d3a18a46-707a-4814-991a-086459eebb26: Starting segment from index:0
2019-09-12 10:33:05,847 [31c45c5a-0c90-4266-9947-1c7c078b7ec4:group-F0A8DA467EB9:LeaderElection31] INFO  impl.RaftServerImpl (ServerState.java:setLeader(263)) - 31c45c5a-0c90-4266-9947-1c7c078b7ec4:group-F0A8DA467EB9 change Leader from null to 31c45c5a-0c90-4266-9947-1c7c078b7ec4 at term 1 for becomeLeader, leader elected after 5111ms
2019-09-12 10:33:05,847 [6d26f522-fe03-4a67-aa48-7af853b41a99:group-1431AA8646CB:LeaderElection30] INFO  server.RaftServerConfigKeys (ConfUtils.java:logGet(43)) - raft.server.watch.timeout.denomination = 1s (default)
2019-09-12 10:33:05,847 [31c45c5a-0c90-4266-9947-1c7c078b7ec4:group-F0A8DA467EB9:LeaderElection31] INFO  server.RaftServerConfigKeys (ConfUtils.java:logGet(43)) - raft.server.staging.catchup.gap = 1000 (default)
2019-09-12 10:33:05,847 [e0e61d4c-2e09-4c56-8609-a14bb69c63aa:group-086459EEBB26:LeaderElection29] INFO  impl.RaftServerImpl (ServerState.java:setRaftConf(361)) - e0e61d4c-2e09-4c56-8609-a14bb69c63aa:group-086459EEBB26 set configuration 0: [e0e61d4c-2e09-4c56-8609-a14bb69c63aa:192.168.157.195:42576], old=null at 0
2019-09-12 10:33:05,847 [6d26f522-fe03-4a67-aa48-7af853b41a99:group-1431AA8646CB:LeaderElection30] INFO  server.RaftServerConfigKeys (ConfUtils.java:logGet(43)) - raft.server.watch.element-limit = 65536 (default)
2019-09-12 10:33:05,847 [31c45c5a-0c90-4266-9947-1c7c078b7ec4:group-F0A8DA467EB9:LeaderElection31] INFO  server.RaftServerConfigKeys (ConfUtils.java:logGet(43)) - raft.server.rpc.sleep.time = 25ms (default)
2019-09-12 10:33:05,890 [6d26f522-fe03-4a67-aa48-7af853b41a99:group-1431AA8646CB:LeaderElection30] INFO  impl.RoleInfo (RoleInfo.java:updateAndGet(143)) - 6d26f522-fe03-4a67-aa48-7af853b41a99: start LeaderState
2019-09-12 10:33:05,890 [31c45c5a-0c90-4266-9947-1c7c078b7ec4:group-F0A8DA467EB9:LeaderElection31] INFO  server.RaftServerConfigKeys (ConfUtils.java:logGet(43)) - raft.server.write.element-limit = 4096 (default)
2019-09-12 10:33:05,890 [6d26f522-fe03-4a67-aa48-7af853b41a99:group-1431AA8646CB:LeaderElection30] INFO  segmented.SegmentedRaftLogWorker (SegmentedRaftLogWorker.java:startLogSegment(380)) - 6d26f522-fe03-4a67-aa48-7af853b41a99-SegmentedRaftLogWorker:Storage Directory /workdir/hadoop-ozone/integration-test/target/test-dir/MiniOzoneClusterImpl-5ecceb84-7f52-4627-9972-1a459b519b1f/datanode-1/data/ratis/29b58073-6088-453f-a5c9-1431aa8646cb: Starting segment from index:0
2019-09-12 10:33:05,890 [31c45c5a-0c90-4266-9947-1c7c078b7ec4:group-F0A8DA467EB9:LeaderElection31] INFO  server.RaftServerConfigKeys (ConfUtils.java:logGet(43)) - raft.server.watch.timeout = 10s (default)
2019-09-12 10:33:05,891 [31c45c5a-0c90-4266-9947-1c7c078b7ec4:group-F0A8DA467EB9:LeaderElection31] INFO  server.RaftServerConfigKeys (ConfUtils.java:logGet(43)) - raft.server.watch.timeout.denomination = 1s (default)
2019-09-12 10:33:05,891 [31c45c5a-0c90-4266-9947-1c7c078b7ec4:group-F0A8DA467EB9:LeaderElection31] INFO  server.RaftServerConfigKeys (ConfUtils.java:logGet(43)) - raft.server.watch.element-limit = 65536 (default)
2019-09-12 10:33:05,891 [6d26f522-fe03-4a67-aa48-7af853b41a99:group-1431AA8646CB:LeaderElection30] INFO  impl.RaftServerImpl (ServerState.java:setRaftConf(361)) - 6d26f522-fe03-4a67-aa48-7af853b41a99:group-1431AA8646CB set configuration 0: [6d26f522-fe03-4a67-aa48-7af853b41a99:192.168.157.195:44863], old=null at 0
2019-09-12 10:33:05,891 [31c45c5a-0c90-4266-9947-1c7c078b7ec4:group-F0A8DA467EB9:LeaderElection31] INFO  impl.RoleInfo (RoleInfo.java:updateAndGet(143)) - 31c45c5a-0c90-4266-9947-1c7c078b7ec4: start LeaderState
2019-09-12 10:33:05,936 [e0e61d4c-2e09-4c56-8609-a14bb69c63aa-SegmentedRaftLogWorker:Storage Directory /workdir/hadoop-ozone/integration-test/target/test-dir/MiniOzoneClusterImpl-5ecceb84-7f52-4627-9972-1a459b519b1f/datanode-3/data/ratis/d3a18a46-707a-4814-991a-086459eebb26] INFO  segmented.SegmentedRaftLogWorker (SegmentedRaftLogWorker.java:execute(569)) - e0e61d4c-2e09-4c56-8609-a14bb69c63aa-SegmentedRaftLogWorker:Storage Directory /workdir/hadoop-ozone/integration-test/target/test-dir/MiniOzoneClusterImpl-5ecceb84-7f52-4627-9972-1a459b519b1f/datanode-3/data/ratis/d3a18a46-707a-4814-991a-086459eebb26: created new log segment /workdir/hadoop-ozone/integration-test/target/test-dir/MiniOzoneClusterImpl-5ecceb84-7f52-4627-9972-1a459b519b1f/datanode-3/data/ratis/d3a18a46-707a-4814-991a-086459eebb26/current/log_inprogress_0
2019-09-12 10:33:05,936 [31c45c5a-0c90-4266-9947-1c7c078b7ec4:group-F0A8DA467EB9:LeaderElection31] INFO  segmented.SegmentedRaftLogWorker (SegmentedRaftLogWorker.java:startLogSegment(380)) - 31c45c5a-0c90-4266-9947-1c7c078b7ec4-SegmentedRaftLogWorker:Storage Directory /workdir/hadoop-ozone/integration-test/target/test-dir/MiniOzoneClusterImpl-5ecceb84-7f52-4627-9972-1a459b519b1f/datanode-4/data/ratis/f80b773d-850e-4d4d-9506-f0a8da467eb9: Starting segment from index:0
2019-09-12 10:33:05,936 [31c45c5a-0c90-4266-9947-1c7c078b7ec4:group-F0A8DA467EB9:LeaderElection31] INFO  impl.RaftServerImpl (ServerState.java:setRaftConf(361)) - 31c45c5a-0c90-4266-9947-1c7c078b7ec4:group-F0A8DA467EB9 set configuration 0: [31c45c5a-0c90-4266-9947-1c7c078b7ec4:192.168.157.195:42694], old=null at 0
2019-09-12 10:33:05,978 [Thread-339] INFO  impl.FollowerState (FollowerState.java:run(106)) - 81ee34d7-b83f-41e3-b846-e574d684802c:group-E5EA22A8BE22 changes to CANDIDATE, lastRpcTime:5044, electionTimeout:5027ms
2019-09-12 10:33:05,978 [6d26f522-fe03-4a67-aa48-7af853b41a99-SegmentedRaftLogWorker:Storage Directory /workdir/hadoop-ozone/integration-test/target/test-dir/MiniOzoneClusterImpl-5ecceb84-7f52-4627-9972-1a459b519b1f/datanode-1/data/ratis/29b58073-6088-453f-a5c9-1431aa8646cb] INFO  segmented.SegmentedRaftLogWorker (SegmentedRaftLogWorker.java:execute(569)) - 6d26f522-fe03-4a67-aa48-7af853b41a99-SegmentedRaftLogWorker:Storage Directory /workdir/hadoop-ozone/integration-test/target/test-dir/MiniOzoneClusterImpl-5ecceb84-7f52-4627-9972-1a459b519b1f/datanode-1/data/ratis/29b58073-6088-453f-a5c9-1431aa8646cb: created new log segment /workdir/hadoop-ozone/integration-test/target/test-dir/MiniOzoneClusterImpl-5ecceb84-7f52-4627-9972-1a459b519b1f/datanode-1/data/ratis/29b58073-6088-453f-a5c9-1431aa8646cb/current/log_inprogress_0
2019-09-12 10:33:05,978 [Thread-339] INFO  impl.RoleInfo (RoleInfo.java:shutdownFollowerState(121)) - 81ee34d7-b83f-41e3-b846-e574d684802c: shutdown FollowerState
2019-09-12 10:33:05,979 [Thread-339] INFO  impl.RaftServerImpl (RaftServerImpl.java:setRole(171)) - 81ee34d7-b83f-41e3-b846-e574d684802c:group-E5EA22A8BE22 changes role from FOLLOWER to CANDIDATE at term 0 for changeToCandidate
2019-09-12 10:33:05,979 [Thread-339] INFO  impl.RoleInfo (RoleInfo.java:updateAndGet(143)) - 81ee34d7-b83f-41e3-b846-e574d684802c: start LeaderElection
2019-09-12 10:33:05,992 [31c45c5a-0c90-4266-9947-1c7c078b7ec4-SegmentedRaftLogWorker:Storage Directory /workdir/hadoop-ozone/integration-test/target/test-dir/MiniOzoneClusterImpl-5ecceb84-7f52-4627-9972-1a459b519b1f/datanode-4/data/ratis/f80b773d-850e-4d4d-9506-f0a8da467eb9] INFO  segmented.SegmentedRaftLogWorker (SegmentedRaftLogWorker.java:execute(569)) - 31c45c5a-0c90-4266-9947-1c7c078b7ec4-SegmentedRaftLogWorker:Storage Directory /workdir/hadoop-ozone/integration-test/target/test-dir/MiniOzoneClusterImpl-5ecceb84-7f52-4627-9972-1a459b519b1f/datanode-4/data/ratis/f80b773d-850e-4d4d-9506-f0a8da467eb9: created new log segment /workdir/hadoop-ozone/integration-test/target/test-dir/MiniOzoneClusterImpl-5ecceb84-7f52-4627-9972-1a459b519b1f/datanode-4/data/ratis/f80b773d-850e-4d4d-9506-f0a8da467eb9/current/log_inprogress_0
2019-09-12 10:33:05,992 [81ee34d7-b83f-41e3-b846-e574d684802c:group-E5EA22A8BE22:LeaderElection32] INFO  impl.LeaderElection (LeaderElection.java:askForVotes(181)) - 81ee34d7-b83f-41e3-b846-e574d684802c:group-E5EA22A8BE22:LeaderElection32: begin an election at term 1 for -1: [81ee34d7-b83f-41e3-b846-e574d684802c:192.168.157.195:36593], old=null
2019-09-12 10:33:05,992 [81ee34d7-b83f-41e3-b846-e574d684802c:group-E5EA22A8BE22:LeaderElection32] INFO  impl.RoleInfo (RoleInfo.java:shutdownLeaderElection(134)) - 81ee34d7-b83f-41e3-b846-e574d684802c: shutdown LeaderElection
2019-09-12 10:33:05,992 [81ee34d7-b83f-41e3-b846-e574d684802c:group-E5EA22A8BE22:LeaderElection32] INFO  impl.RaftServerImpl (RaftServerImpl.java:setRole(171)) - 81ee34d7-b83f-41e3-b846-e574d684802c:group-E5EA22A8BE22 changes role from CANDIDATE to LEADER at term 1 for changeToLeader
2019-09-12 10:33:05,993 [81ee34d7-b83f-41e3-b846-e574d684802c:group-E5EA22A8BE22:LeaderElection32] INFO  impl.RaftServerImpl (ServerState.java:setLeader(263)) - 81ee34d7-b83f-41e3-b846-e574d684802c:group-E5EA22A8BE22 change Leader from null to 81ee34d7-b83f-41e3-b846-e574d684802c at term 1 for becomeLeader, leader elected after 5065ms
2019-09-12 10:33:05,993 [81ee34d7-b83f-41e3-b846-e574d684802c:group-E5EA22A8BE22:LeaderElection32] INFO  server.RaftServerConfigKeys (ConfUtils.java:logGet(43)) - raft.server.staging.catchup.gap = 1000 (default)
2019-09-12 10:33:05,993 [81ee34d7-b83f-41e3-b846-e574d684802c:group-E5EA22A8BE22:LeaderElection32] INFO  server.RaftServerConfigKeys (ConfUtils.java:logGet(43)) - raft.server.rpc.sleep.time = 25ms (default)
2019-09-12 10:33:05,993 [81ee34d7-b83f-41e3-b846-e574d684802c:group-E5EA22A8BE22:LeaderElection32] INFO  server.RaftServerConfigKeys (ConfUtils.java:logGet(43)) - raft.server.write.element-limit = 4096 (default)
2019-09-12 10:33:05,993 [81ee34d7-b83f-41e3-b846-e574d684802c:group-E5EA22A8BE22:LeaderElection32] INFO  server.RaftServerConfigKeys (ConfUtils.java:logGet(43)) - raft.server.watch.timeout = 10s (default)
2019-09-12 10:33:05,994 [81ee34d7-b83f-41e3-b846-e574d684802c:group-E5EA22A8BE22:LeaderElection32] INFO  server.RaftServerConfigKeys (ConfUtils.java:logGet(43)) - raft.server.watch.timeout.denomination = 1s (default)
2019-09-12 10:33:05,994 [81ee34d7-b83f-41e3-b846-e574d684802c:group-E5EA22A8BE22:LeaderElection32] INFO  server.RaftServerConfigKeys (ConfUtils.java:logGet(43)) - raft.server.watch.element-limit = 65536 (default)
2019-09-12 10:33:05,994 [81ee34d7-b83f-41e3-b846-e574d684802c:group-E5EA22A8BE22:LeaderElection32] INFO  impl.RoleInfo (RoleInfo.java:updateAndGet(143)) - 81ee34d7-b83f-41e3-b846-e574d684802c: start LeaderState
2019-09-12 10:33:05,994 [81ee34d7-b83f-41e3-b846-e574d684802c:group-E5EA22A8BE22:LeaderElection32] INFO  segmented.SegmentedRaftLogWorker (SegmentedRaftLogWorker.java:startLogSegment(380)) - 81ee34d7-b83f-41e3-b846-e574d684802c-SegmentedRaftLogWorker:Storage Directory /workdir/hadoop-ozone/integration-test/target/test-dir/MiniOzoneClusterImpl-5ecceb84-7f52-4627-9972-1a459b519b1f/datanode-5/data/ratis/fb183d4d-ecff-47be-a567-e5ea22a8be22: Starting segment from index:0
2019-09-12 10:33:05,995 [81ee34d7-b83f-41e3-b846-e574d684802c:group-E5EA22A8BE22:LeaderElection32] INFO  impl.RaftServerImpl (ServerState.java:setRaftConf(361)) - 81ee34d7-b83f-41e3-b846-e574d684802c:group-E5EA22A8BE22 set configuration 0: [81ee34d7-b83f-41e3-b846-e574d684802c:192.168.157.195:36593], old=null at 0
2019-09-12 10:33:06,033 [Thread-342] INFO  impl.FollowerState (FollowerState.java:run(106)) - 083ebb38-73c7-4c90-bb26-8945a60751ec:group-8299C561305A changes to CANDIDATE, lastRpcTime:5019, electionTimeout:5002ms
2019-09-12 10:33:06,034 [Thread-342] INFO  impl.RoleInfo (RoleInfo.java:shutdownFollowerState(121)) - 083ebb38-73c7-4c90-bb26-8945a60751ec: shutdown FollowerState
2019-09-12 10:33:06,034 [Thread-342] INFO  impl.RaftServerImpl (RaftServerImpl.java:setRole(171)) - 083ebb38-73c7-4c90-bb26-8945a60751ec:group-8299C561305A changes role from FOLLOWER to CANDIDATE at term 0 for changeToCandidate
2019-09-12 10:33:06,034 [Thread-342] INFO  impl.RoleInfo (RoleInfo.java:updateAndGet(143)) - 083ebb38-73c7-4c90-bb26-8945a60751ec: start LeaderElection
2019-09-12 10:33:06,047 [81ee34d7-b83f-41e3-b846-e574d684802c-SegmentedRaftLogWorker:Storage Directory /workdir/hadoop-ozone/integration-test/target/test-dir/MiniOzoneClusterImpl-5ecceb84-7f52-4627-9972-1a459b519b1f/datanode-5/data/ratis/fb183d4d-ecff-47be-a567-e5ea22a8be22] INFO  segmented.SegmentedRaftLogWorker (SegmentedRaftLogWorker.java:execute(569)) - 81ee34d7-b83f-41e3-b846-e574d684802c-SegmentedRaftLogWorker:Storage Directory /workdir/hadoop-ozone/integration-test/target/test-dir/MiniOzoneClusterImpl-5ecceb84-7f52-4627-9972-1a459b519b1f/datanode-5/data/ratis/fb183d4d-ecff-47be-a567-e5ea22a8be22: created new log segment /workdir/hadoop-ozone/integration-test/target/test-dir/MiniOzoneClusterImpl-5ecceb84-7f52-4627-9972-1a459b519b1f/datanode-5/data/ratis/fb183d4d-ecff-47be-a567-e5ea22a8be22/current/log_inprogress_0
2019-09-12 10:33:06,047 [083ebb38-73c7-4c90-bb26-8945a60751ec:group-8299C561305A:LeaderElection33] INFO  impl.LeaderElection (LeaderElection.java:askForVotes(181)) - 083ebb38-73c7-4c90-bb26-8945a60751ec:group-8299C561305A:LeaderElection33: begin an election at term 1 for -1: [083ebb38-73c7-4c90-bb26-8945a60751ec:192.168.157.195:37300], old=null
2019-09-12 10:33:06,048 [083ebb38-73c7-4c90-bb26-8945a60751ec:group-8299C561305A:LeaderElection33] INFO  impl.RoleInfo (RoleInfo.java:shutdownLeaderElection(134)) - 083ebb38-73c7-4c90-bb26-8945a60751ec: shutdown LeaderElection
2019-09-12 10:33:06,048 [083ebb38-73c7-4c90-bb26-8945a60751ec:group-8299C561305A:LeaderElection33] INFO  impl.RaftServerImpl (RaftServerImpl.java:setRole(171)) - 083ebb38-73c7-4c90-bb26-8945a60751ec:group-8299C561305A changes role from CANDIDATE to LEADER at term 1 for changeToLeader
2019-09-12 10:33:06,048 [083ebb38-73c7-4c90-bb26-8945a60751ec:group-8299C561305A:LeaderElection33] INFO  impl.RaftServerImpl (ServerState.java:setLeader(263)) - 083ebb38-73c7-4c90-bb26-8945a60751ec:group-8299C561305A change Leader from null to 083ebb38-73c7-4c90-bb26-8945a60751ec at term 1 for becomeLeader, leader elected after 5039ms
2019-09-12 10:33:06,048 [083ebb38-73c7-4c90-bb26-8945a60751ec:group-8299C561305A:LeaderElection33] INFO  server.RaftServerConfigKeys (ConfUtils.java:logGet(43)) - raft.server.staging.catchup.gap = 1000 (default)
2019-09-12 10:33:06,048 [083ebb38-73c7-4c90-bb26-8945a60751ec:group-8299C561305A:LeaderElection33] INFO  server.RaftServerConfigKeys (ConfUtils.java:logGet(43)) - raft.server.rpc.sleep.time = 25ms (default)
2019-09-12 10:33:06,048 [083ebb38-73c7-4c90-bb26-8945a60751ec:group-8299C561305A:LeaderElection33] INFO  server.RaftServerConfigKeys (ConfUtils.java:logGet(43)) - raft.server.write.element-limit = 4096 (default)
2019-09-12 10:33:06,049 [083ebb38-73c7-4c90-bb26-8945a60751ec:group-8299C561305A:LeaderElection33] INFO  server.RaftServerConfigKeys (ConfUtils.java:logGet(43)) - raft.server.watch.timeout = 10s (default)
2019-09-12 10:33:06,049 [083ebb38-73c7-4c90-bb26-8945a60751ec:group-8299C561305A:LeaderElection33] INFO  server.RaftServerConfigKeys (ConfUtils.java:logGet(43)) - raft.server.watch.timeout.denomination = 1s (default)
2019-09-12 10:33:06,049 [083ebb38-73c7-4c90-bb26-8945a60751ec:group-8299C561305A:LeaderElection33] INFO  server.RaftServerConfigKeys (ConfUtils.java:logGet(43)) - raft.server.watch.element-limit = 65536 (default)
2019-09-12 10:33:06,049 [083ebb38-73c7-4c90-bb26-8945a60751ec:group-8299C561305A:LeaderElection33] INFO  impl.RoleInfo (RoleInfo.java:updateAndGet(143)) - 083ebb38-73c7-4c90-bb26-8945a60751ec: start LeaderState
2019-09-12 10:33:06,049 [083ebb38-73c7-4c90-bb26-8945a60751ec:group-8299C561305A:LeaderElection33] INFO  segmented.SegmentedRaftLogWorker (SegmentedRaftLogWorker.java:startLogSegment(380)) - 083ebb38-73c7-4c90-bb26-8945a60751ec-SegmentedRaftLogWorker:Storage Directory /workdir/hadoop-ozone/integration-test/target/test-dir/MiniOzoneClusterImpl-5ecceb84-7f52-4627-9972-1a459b519b1f/datanode-6/data/ratis/6d810285-4bda-475b-a3c3-8299c561305a: Starting segment from index:0
2019-09-12 10:33:06,050 [083ebb38-73c7-4c90-bb26-8945a60751ec:group-8299C561305A:LeaderElection33] INFO  impl.RaftServerImpl (ServerState.java:setRaftConf(361)) - 083ebb38-73c7-4c90-bb26-8945a60751ec:group-8299C561305A set configuration 0: [083ebb38-73c7-4c90-bb26-8945a60751ec:192.168.157.195:37300], old=null at 0
2019-09-12 10:33:06,090 [Thread-336] INFO  impl.FollowerState (FollowerState.java:run(106)) - 6d26f522-fe03-4a67-aa48-7af853b41a99:group-70DCA62087D8 changes to CANDIDATE, lastRpcTime:5236, electionTimeout:5198ms
2019-09-12 10:33:06,090 [Thread-336] INFO  impl.RoleInfo (RoleInfo.java:shutdownFollowerState(121)) - 6d26f522-fe03-4a67-aa48-7af853b41a99: shutdown FollowerState
2019-09-12 10:33:06,090 [Thread-336] INFO  impl.RaftServerImpl (RaftServerImpl.java:setRole(171)) - 6d26f522-fe03-4a67-aa48-7af853b41a99:group-70DCA62087D8 changes role from FOLLOWER to CANDIDATE at term 0 for changeToCandidate
2019-09-12 10:33:06,090 [Thread-336] INFO  impl.RoleInfo (RoleInfo.java:updateAndGet(143)) - 6d26f522-fe03-4a67-aa48-7af853b41a99: start LeaderElection
2019-09-12 10:33:06,123 [083ebb38-73c7-4c90-bb26-8945a60751ec-SegmentedRaftLogWorker:Storage Directory /workdir/hadoop-ozone/integration-test/target/test-dir/MiniOzoneClusterImpl-5ecceb84-7f52-4627-9972-1a459b519b1f/datanode-6/data/ratis/6d810285-4bda-475b-a3c3-8299c561305a] INFO  segmented.SegmentedRaftLogWorker (SegmentedRaftLogWorker.java:execute(569)) - 083ebb38-73c7-4c90-bb26-8945a60751ec-SegmentedRaftLogWorker:Storage Directory /workdir/hadoop-ozone/integration-test/target/test-dir/MiniOzoneClusterImpl-5ecceb84-7f52-4627-9972-1a459b519b1f/datanode-6/data/ratis/6d810285-4bda-475b-a3c3-8299c561305a: created new log segment /workdir/hadoop-ozone/integration-test/target/test-dir/MiniOzoneClusterImpl-5ecceb84-7f52-4627-9972-1a459b519b1f/datanode-6/data/ratis/6d810285-4bda-475b-a3c3-8299c561305a/current/log_inprogress_0
2019-09-12 10:33:06,123 [6d26f522-fe03-4a67-aa48-7af853b41a99:group-70DCA62087D8:LeaderElection34] INFO  impl.LeaderElection (LeaderElection.java:askForVotes(181)) - 6d26f522-fe03-4a67-aa48-7af853b41a99:group-70DCA62087D8:LeaderElection34: begin an election at term 1 for -1: [6d26f522-fe03-4a67-aa48-7af853b41a99:192.168.157.195:44863], old=null
2019-09-12 10:33:06,124 [6d26f522-fe03-4a67-aa48-7af853b41a99:group-70DCA62087D8:LeaderElection34] INFO  impl.RoleInfo (RoleInfo.java:shutdownLeaderElection(134)) - 6d26f522-fe03-4a67-aa48-7af853b41a99: shutdown LeaderElection
2019-09-12 10:33:06,124 [6d26f522-fe03-4a67-aa48-7af853b41a99:group-70DCA62087D8:LeaderElection34] INFO  impl.RaftServerImpl (RaftServerImpl.java:setRole(171)) - 6d26f522-fe03-4a67-aa48-7af853b41a99:group-70DCA62087D8 changes role from CANDIDATE to LEADER at term 1 for changeToLeader
2019-09-12 10:33:06,124 [6d26f522-fe03-4a67-aa48-7af853b41a99:group-70DCA62087D8:LeaderElection34] INFO  impl.RaftServerImpl (ServerState.java:setLeader(263)) - 6d26f522-fe03-4a67-aa48-7af853b41a99:group-70DCA62087D8 change Leader from null to 6d26f522-fe03-4a67-aa48-7af853b41a99 at term 1 for becomeLeader, leader elected after 5275ms
2019-09-12 10:33:06,124 [6d26f522-fe03-4a67-aa48-7af853b41a99:group-70DCA62087D8:LeaderElection34] INFO  server.RaftServerConfigKeys (ConfUtils.java:logGet(43)) - raft.server.staging.catchup.gap = 1000 (default)
2019-09-12 10:33:06,124 [6d26f522-fe03-4a67-aa48-7af853b41a99:group-70DCA62087D8:LeaderElection34] INFO  server.RaftServerConfigKeys (ConfUtils.java:logGet(43)) - raft.server.rpc.sleep.time = 25ms (default)
2019-09-12 10:33:06,125 [6d26f522-fe03-4a67-aa48-7af853b41a99:group-70DCA62087D8:LeaderElection34] INFO  server.RaftServerConfigKeys (ConfUtils.java:logGet(43)) - raft.server.write.element-limit = 4096 (default)
2019-09-12 10:33:06,125 [6d26f522-fe03-4a67-aa48-7af853b41a99:group-70DCA62087D8:LeaderElection34] INFO  server.RaftServerConfigKeys (ConfUtils.java:logGet(43)) - raft.server.watch.timeout = 10s (default)
2019-09-12 10:33:06,125 [6d26f522-fe03-4a67-aa48-7af853b41a99:group-70DCA62087D8:LeaderElection34] INFO  server.RaftServerConfigKeys (ConfUtils.java:logGet(43)) - raft.server.watch.timeout.denomination = 1s (default)
2019-09-12 10:33:06,125 [6d26f522-fe03-4a67-aa48-7af853b41a99:group-70DCA62087D8:LeaderElection34] INFO  server.RaftServerConfigKeys (ConfUtils.java:logGet(43)) - raft.server.watch.element-limit = 65536 (default)
2019-09-12 10:33:06,125 [6d26f522-fe03-4a67-aa48-7af853b41a99:group-70DCA62087D8:LeaderElection34] INFO  impl.RoleInfo (RoleInfo.java:updateAndGet(143)) - 6d26f522-fe03-4a67-aa48-7af853b41a99: start LeaderState
2019-09-12 10:33:06,126 [6d26f522-fe03-4a67-aa48-7af853b41a99:group-70DCA62087D8:LeaderElection34] INFO  segmented.SegmentedRaftLogWorker (SegmentedRaftLogWorker.java:startLogSegment(380)) - 6d26f522-fe03-4a67-aa48-7af853b41a99-SegmentedRaftLogWorker:Storage Directory /workdir/hadoop-ozone/integration-test/target/test-dir/MiniOzoneClusterImpl-5ecceb84-7f52-4627-9972-1a459b519b1f/datanode-1/data/ratis/0f624762-641c-472e-9825-70dca62087d8: Starting segment from index:0
2019-09-12 10:33:06,127 [6d26f522-fe03-4a67-aa48-7af853b41a99:group-70DCA62087D8:LeaderElection34] INFO  impl.RaftServerImpl (ServerState.java:setRaftConf(361)) - 6d26f522-fe03-4a67-aa48-7af853b41a99:group-70DCA62087D8 set configuration 0: [6d26f522-fe03-4a67-aa48-7af853b41a99:192.168.157.195:44863], old=null at 0
2019-09-12 10:33:06,192 [Thread-348] INFO  impl.FollowerState (FollowerState.java:run(106)) - 81ee34d7-b83f-41e3-b846-e574d684802c:group-4649C8F5578C changes to CANDIDATE, lastRpcTime:5049, electionTimeout:5049ms
2019-09-12 10:33:06,192 [Thread-348] INFO  impl.RoleInfo (RoleInfo.java:shutdownFollowerState(121)) - 81ee34d7-b83f-41e3-b846-e574d684802c: shutdown FollowerState
2019-09-12 10:33:06,192 [Thread-348] INFO  impl.RaftServerImpl (RaftServerImpl.java:setRole(171)) - 81ee34d7-b83f-41e3-b846-e574d684802c:group-4649C8F5578C changes role from FOLLOWER to CANDIDATE at term 0 for changeToCandidate
2019-09-12 10:33:06,192 [Thread-348] INFO  impl.RoleInfo (RoleInfo.java:updateAndGet(143)) - 81ee34d7-b83f-41e3-b846-e574d684802c: start LeaderElection
2019-09-12 10:33:06,195 [6d26f522-fe03-4a67-aa48-7af853b41a99-SegmentedRaftLogWorker:Storage Directory /workdir/hadoop-ozone/integration-test/target/test-dir/MiniOzoneClusterImpl-5ecceb84-7f52-4627-9972-1a459b519b1f/datanode-1/data/ratis/0f624762-641c-472e-9825-70dca62087d8] INFO  segmented.SegmentedRaftLogWorker (SegmentedRaftLogWorker.java:execute(569)) - 6d26f522-fe03-4a67-aa48-7af853b41a99-SegmentedRaftLogWorker:Storage Directory /workdir/hadoop-ozone/integration-test/target/test-dir/MiniOzoneClusterImpl-5ecceb84-7f52-4627-9972-1a459b519b1f/datanode-1/data/ratis/0f624762-641c-472e-9825-70dca62087d8: created new log segment /workdir/hadoop-ozone/integration-test/target/test-dir/MiniOzoneClusterImpl-5ecceb84-7f52-4627-9972-1a459b519b1f/datanode-1/data/ratis/0f624762-641c-472e-9825-70dca62087d8/current/log_inprogress_0
2019-09-12 10:33:06,209 [81ee34d7-b83f-41e3-b846-e574d684802c:group-4649C8F5578C:LeaderElection35] INFO  impl.LeaderElection (LeaderElection.java:askForVotes(181)) - 81ee34d7-b83f-41e3-b846-e574d684802c:group-4649C8F5578C:LeaderElection35: begin an election at term 1 for -1: [81ee34d7-b83f-41e3-b846-e574d684802c:192.168.157.195:36593], old=null
2019-09-12 10:33:06,209 [81ee34d7-b83f-41e3-b846-e574d684802c:group-4649C8F5578C:LeaderElection35] INFO  impl.RoleInfo (RoleInfo.java:shutdownLeaderElection(134)) - 81ee34d7-b83f-41e3-b846-e574d684802c: shutdown LeaderElection
2019-09-12 10:33:06,209 [81ee34d7-b83f-41e3-b846-e574d684802c:group-4649C8F5578C:LeaderElection35] INFO  impl.RaftServerImpl (RaftServerImpl.java:setRole(171)) - 81ee34d7-b83f-41e3-b846-e574d684802c:group-4649C8F5578C changes role from CANDIDATE to LEADER at term 1 for changeToLeader
2019-09-12 10:33:06,209 [81ee34d7-b83f-41e3-b846-e574d684802c:group-4649C8F5578C:LeaderElection35] INFO  impl.RaftServerImpl (ServerState.java:setLeader(263)) - 81ee34d7-b83f-41e3-b846-e574d684802c:group-4649C8F5578C change Leader from null to 81ee34d7-b83f-41e3-b846-e574d684802c at term 1 for becomeLeader, leader elected after 5071ms
2019-09-12 10:33:06,209 [81ee34d7-b83f-41e3-b846-e574d684802c:group-4649C8F5578C:LeaderElection35] INFO  server.RaftServerConfigKeys (ConfUtils.java:logGet(43)) - raft.server.staging.catchup.gap = 1000 (default)
2019-09-12 10:33:06,210 [81ee34d7-b83f-41e3-b846-e574d684802c:group-4649C8F5578C:LeaderElection35] INFO  server.RaftServerConfigKeys (ConfUtils.java:logGet(43)) - raft.server.rpc.sleep.time = 25ms (default)
2019-09-12 10:33:06,210 [81ee34d7-b83f-41e3-b846-e574d684802c:group-4649C8F5578C:LeaderElection35] INFO  server.RaftServerConfigKeys (ConfUtils.java:logGet(43)) - raft.server.write.element-limit = 4096 (default)
2019-09-12 10:33:06,210 [81ee34d7-b83f-41e3-b846-e574d684802c:group-4649C8F5578C:LeaderElection35] INFO  server.RaftServerConfigKeys (ConfUtils.java:logGet(43)) - raft.server.watch.timeout = 10s (default)
2019-09-12 10:33:06,210 [81ee34d7-b83f-41e3-b846-e574d684802c:group-4649C8F5578C:LeaderElection35] INFO  server.RaftServerConfigKeys (ConfUtils.java:logGet(43)) - raft.server.watch.timeout.denomination = 1s (default)
2019-09-12 10:33:06,210 [81ee34d7-b83f-41e3-b846-e574d684802c:group-4649C8F5578C:LeaderElection35] INFO  server.RaftServerConfigKeys (ConfUtils.java:logGet(43)) - raft.server.watch.element-limit = 65536 (default)
2019-09-12 10:33:06,211 [81ee34d7-b83f-41e3-b846-e574d684802c:group-4649C8F5578C:LeaderElection35] INFO  impl.RoleInfo (RoleInfo.java:updateAndGet(143)) - 81ee34d7-b83f-41e3-b846-e574d684802c: start LeaderState
2019-09-12 10:33:06,211 [81ee34d7-b83f-41e3-b846-e574d684802c:group-4649C8F5578C:LeaderElection35] INFO  segmented.SegmentedRaftLogWorker (SegmentedRaftLogWorker.java:startLogSegment(380)) - 81ee34d7-b83f-41e3-b846-e574d684802c-SegmentedRaftLogWorker:Storage Directory /workdir/hadoop-ozone/integration-test/target/test-dir/MiniOzoneClusterImpl-5ecceb84-7f52-4627-9972-1a459b519b1f/datanode-5/data/ratis/10802ed1-2f3f-421e-a2ff-4649c8f5578c: Starting segment from index:0
2019-09-12 10:33:06,212 [81ee34d7-b83f-41e3-b846-e574d684802c:group-4649C8F5578C:LeaderElection35] INFO  impl.RaftServerImpl (ServerState.java:setRaftConf(361)) - 81ee34d7-b83f-41e3-b846-e574d684802c:group-4649C8F5578C set configuration 0: [81ee34d7-b83f-41e3-b846-e574d684802c:192.168.157.195:36593], old=null at 0
2019-09-12 10:33:06,254 [Thread-345] INFO  impl.FollowerState (FollowerState.java:run(106)) - 31c45c5a-0c90-4266-9947-1c7c078b7ec4:group-1FD6386E7063 changes to CANDIDATE, lastRpcTime:5169, electionTimeout:5138ms
2019-09-12 10:33:06,255 [Thread-345] INFO  impl.RoleInfo (RoleInfo.java:shutdownFollowerState(121)) - 31c45c5a-0c90-4266-9947-1c7c078b7ec4: shutdown FollowerState
2019-09-12 10:33:06,255 [Thread-345] INFO  impl.RaftServerImpl (RaftServerImpl.java:setRole(171)) - 31c45c5a-0c90-4266-9947-1c7c078b7ec4:group-1FD6386E7063 changes role from FOLLOWER to CANDIDATE at term 0 for changeToCandidate
2019-09-12 10:33:06,255 [Thread-345] INFO  impl.RoleInfo (RoleInfo.java:updateAndGet(143)) - 31c45c5a-0c90-4266-9947-1c7c078b7ec4: start LeaderElection
2019-09-12 10:33:06,262 [Thread-351] INFO  impl.FollowerState (FollowerState.java:run(106)) - 31c45c5a-0c90-4266-9947-1c7c078b7ec4:group-FAD9F227D3A8 changes to CANDIDATE, lastRpcTime:5049, electionTimeout:5049ms
2019-09-12 10:33:06,262 [Thread-351] INFO  impl.RoleInfo (RoleInfo.java:shutdownFollowerState(121)) - 31c45c5a-0c90-4266-9947-1c7c078b7ec4: shutdown FollowerState
2019-09-12 10:33:06,262 [Thread-351] INFO  impl.RaftServerImpl (RaftServerImpl.java:setRole(171)) - 31c45c5a-0c90-4266-9947-1c7c078b7ec4:group-FAD9F227D3A8 changes role from FOLLOWER to CANDIDATE at term 0 for changeToCandidate
2019-09-12 10:33:06,262 [Thread-351] INFO  impl.RoleInfo (RoleInfo.java:updateAndGet(143)) - 31c45c5a-0c90-4266-9947-1c7c078b7ec4: start LeaderElection
2019-09-12 10:33:06,271 | INFO  | SCMAudit | user=jenkins1000 | ip=192.168.157.195 | op=SEND_HEARTBEAT {datanodeUUID=e0e61d4c-2e09-4c56-8609-a14bb69c63aa, command=[]} | ret=SUCCESS |  
2019-09-12 10:33:06,278 [81ee34d7-b83f-41e3-b846-e574d684802c-SegmentedRaftLogWorker:Storage Directory /workdir/hadoop-ozone/integration-test/target/test-dir/MiniOzoneClusterImpl-5ecceb84-7f52-4627-9972-1a459b519b1f/datanode-5/data/ratis/10802ed1-2f3f-421e-a2ff-4649c8f5578c] INFO  segmented.SegmentedRaftLogWorker (SegmentedRaftLogWorker.java:execute(569)) - 81ee34d7-b83f-41e3-b846-e574d684802c-SegmentedRaftLogWorker:Storage Directory /workdir/hadoop-ozone/integration-test/target/test-dir/MiniOzoneClusterImpl-5ecceb84-7f52-4627-9972-1a459b519b1f/datanode-5/data/ratis/10802ed1-2f3f-421e-a2ff-4649c8f5578c: created new log segment /workdir/hadoop-ozone/integration-test/target/test-dir/MiniOzoneClusterImpl-5ecceb84-7f52-4627-9972-1a459b519b1f/datanode-5/data/ratis/10802ed1-2f3f-421e-a2ff-4649c8f5578c/current/log_inprogress_0
2019-09-12 10:33:06,279 [31c45c5a-0c90-4266-9947-1c7c078b7ec4:group-1FD6386E7063:LeaderElection36] INFO  impl.LeaderElection (LeaderElection.java:askForVotes(181)) - 31c45c5a-0c90-4266-9947-1c7c078b7ec4:group-1FD6386E7063:LeaderElection36: begin an election at term 1 for -1: [31c45c5a-0c90-4266-9947-1c7c078b7ec4:192.168.157.195:42694], old=null
2019-09-12 10:33:06,279 [31c45c5a-0c90-4266-9947-1c7c078b7ec4:group-1FD6386E7063:LeaderElection36] INFO  impl.RoleInfo (RoleInfo.java:shutdownLeaderElection(134)) - 31c45c5a-0c90-4266-9947-1c7c078b7ec4: shutdown LeaderElection
2019-09-12 10:33:06,279 [31c45c5a-0c90-4266-9947-1c7c078b7ec4:group-1FD6386E7063:LeaderElection36] INFO  impl.RaftServerImpl (RaftServerImpl.java:setRole(171)) - 31c45c5a-0c90-4266-9947-1c7c078b7ec4:group-1FD6386E7063 changes role from CANDIDATE to LEADER at term 1 for changeToLeader
2019-09-12 10:33:06,279 [31c45c5a-0c90-4266-9947-1c7c078b7ec4:group-1FD6386E7063:LeaderElection36] INFO  impl.RaftServerImpl (ServerState.java:setLeader(263)) - 31c45c5a-0c90-4266-9947-1c7c078b7ec4:group-1FD6386E7063 change Leader from null to 31c45c5a-0c90-4266-9947-1c7c078b7ec4 at term 1 for becomeLeader, leader elected after 5199ms
2019-09-12 10:33:06,279 [31c45c5a-0c90-4266-9947-1c7c078b7ec4:group-1FD6386E7063:LeaderElection36] INFO  server.RaftServerConfigKeys (ConfUtils.java:logGet(43)) - raft.server.staging.catchup.gap = 1000 (default)
2019-09-12 10:33:06,279 [31c45c5a-0c90-4266-9947-1c7c078b7ec4:group-1FD6386E7063:LeaderElection36] INFO  server.RaftServerConfigKeys (ConfUtils.java:logGet(43)) - raft.server.rpc.sleep.time = 25ms (default)
2019-09-12 10:33:06,279 [31c45c5a-0c90-4266-9947-1c7c078b7ec4:group-1FD6386E7063:LeaderElection36] INFO  server.RaftServerConfigKeys (ConfUtils.java:logGet(43)) - raft.server.write.element-limit = 4096 (default)
2019-09-12 10:33:06,280 [31c45c5a-0c90-4266-9947-1c7c078b7ec4:group-1FD6386E7063:LeaderElection36] INFO  server.RaftServerConfigKeys (ConfUtils.java:logGet(43)) - raft.server.watch.timeout = 10s (default)
2019-09-12 10:33:06,280 [31c45c5a-0c90-4266-9947-1c7c078b7ec4:group-1FD6386E7063:LeaderElection36] INFO  server.RaftServerConfigKeys (ConfUtils.java:logGet(43)) - raft.server.watch.timeout.denomination = 1s (default)
2019-09-12 10:33:06,280 [31c45c5a-0c90-4266-9947-1c7c078b7ec4:group-1FD6386E7063:LeaderElection36] INFO  server.RaftServerConfigKeys (ConfUtils.java:logGet(43)) - raft.server.watch.element-limit = 65536 (default)
2019-09-12 10:33:06,280 [31c45c5a-0c90-4266-9947-1c7c078b7ec4:group-1FD6386E7063:LeaderElection36] INFO  impl.RoleInfo (RoleInfo.java:updateAndGet(143)) - 31c45c5a-0c90-4266-9947-1c7c078b7ec4: start LeaderState
2019-09-12 10:33:06,280 [31c45c5a-0c90-4266-9947-1c7c078b7ec4:group-1FD6386E7063:LeaderElection36] INFO  segmented.SegmentedRaftLogWorker (SegmentedRaftLogWorker.java:startLogSegment(380)) - 31c45c5a-0c90-4266-9947-1c7c078b7ec4-SegmentedRaftLogWorker:Storage Directory /workdir/hadoop-ozone/integration-test/target/test-dir/MiniOzoneClusterImpl-5ecceb84-7f52-4627-9972-1a459b519b1f/datanode-4/data/ratis/663b7dec-6338-46e9-a521-1fd6386e7063: Starting segment from index:0
2019-09-12 10:33:06,281 [31c45c5a-0c90-4266-9947-1c7c078b7ec4:group-1FD6386E7063:LeaderElection36] INFO  impl.RaftServerImpl (ServerState.java:setRaftConf(361)) - 31c45c5a-0c90-4266-9947-1c7c078b7ec4:group-1FD6386E7063 set configuration 0: [31c45c5a-0c90-4266-9947-1c7c078b7ec4:192.168.157.195:42694], old=null at 0
2019-09-12 10:33:06,281 [31c45c5a-0c90-4266-9947-1c7c078b7ec4:group-FAD9F227D3A8:LeaderElection37] INFO  impl.LeaderElection (LeaderElection.java:askForVotes(181)) - 31c45c5a-0c90-4266-9947-1c7c078b7ec4:group-FAD9F227D3A8:LeaderElection37: begin an election at term 1 for -1: [31c45c5a-0c90-4266-9947-1c7c078b7ec4:192.168.157.195:42694], old=null
2019-09-12 10:33:06,321 [31c45c5a-0c90-4266-9947-1c7c078b7ec4:group-FAD9F227D3A8:LeaderElection37] INFO  impl.RoleInfo (RoleInfo.java:shutdownLeaderElection(134)) - 31c45c5a-0c90-4266-9947-1c7c078b7ec4: shutdown LeaderElection
2019-09-12 10:33:06,321 [31c45c5a-0c90-4266-9947-1c7c078b7ec4:group-FAD9F227D3A8:LeaderElection37] INFO  impl.RaftServerImpl (RaftServerImpl.java:setRole(171)) - 31c45c5a-0c90-4266-9947-1c7c078b7ec4:group-FAD9F227D3A8 changes role from CANDIDATE to LEADER at term 1 for changeToLeader
2019-09-12 10:33:06,322 [31c45c5a-0c90-4266-9947-1c7c078b7ec4:group-FAD9F227D3A8:LeaderElection37] INFO  impl.RaftServerImpl (ServerState.java:setLeader(263)) - 31c45c5a-0c90-4266-9947-1c7c078b7ec4:group-FAD9F227D3A8 change Leader from null to 31c45c5a-0c90-4266-9947-1c7c078b7ec4 at term 1 for becomeLeader, leader elected after 5114ms
2019-09-12 10:33:06,323 [31c45c5a-0c90-4266-9947-1c7c078b7ec4:group-FAD9F227D3A8:LeaderElection37] INFO  server.RaftServerConfigKeys (ConfUtils.java:logGet(43)) - raft.server.staging.catchup.gap = 1000 (default)
2019-09-12 10:33:06,323 [31c45c5a-0c90-4266-9947-1c7c078b7ec4:group-FAD9F227D3A8:LeaderElection37] INFO  server.RaftServerConfigKeys (ConfUtils.java:logGet(43)) - raft.server.rpc.sleep.time = 25ms (default)
2019-09-12 10:33:06,324 [31c45c5a-0c90-4266-9947-1c7c078b7ec4:group-FAD9F227D3A8:LeaderElection37] INFO  server.RaftServerConfigKeys (ConfUtils.java:logGet(43)) - raft.server.write.element-limit = 4096 (default)
2019-09-12 10:33:06,324 [31c45c5a-0c90-4266-9947-1c7c078b7ec4:group-FAD9F227D3A8:LeaderElection37] INFO  server.RaftServerConfigKeys (ConfUtils.java:logGet(43)) - raft.server.watch.timeout = 10s (default)
2019-09-12 10:33:06,324 [31c45c5a-0c90-4266-9947-1c7c078b7ec4:group-FAD9F227D3A8:LeaderElection37] INFO  server.RaftServerConfigKeys (ConfUtils.java:logGet(43)) - raft.server.watch.timeout.denomination = 1s (default)
2019-09-12 10:33:06,324 [31c45c5a-0c90-4266-9947-1c7c078b7ec4:group-FAD9F227D3A8:LeaderElection37] INFO  server.RaftServerConfigKeys (ConfUtils.java:logGet(43)) - raft.server.watch.element-limit = 65536 (default)
2019-09-12 10:33:06,325 [31c45c5a-0c90-4266-9947-1c7c078b7ec4:group-FAD9F227D3A8:LeaderElection37] INFO  impl.RoleInfo (RoleInfo.java:updateAndGet(143)) - 31c45c5a-0c90-4266-9947-1c7c078b7ec4: start LeaderState
2019-09-12 10:33:06,326 [31c45c5a-0c90-4266-9947-1c7c078b7ec4:group-FAD9F227D3A8:LeaderElection37] INFO  segmented.SegmentedRaftLogWorker (SegmentedRaftLogWorker.java:startLogSegment(380)) - 31c45c5a-0c90-4266-9947-1c7c078b7ec4-SegmentedRaftLogWorker:Storage Directory /workdir/hadoop-ozone/integration-test/target/test-dir/MiniOzoneClusterImpl-5ecceb84-7f52-4627-9972-1a459b519b1f/datanode-4/data/ratis/8a4f4734-0a40-4d59-896d-fad9f227d3a8: Starting segment from index:0
2019-09-12 10:33:06,327 [31c45c5a-0c90-4266-9947-1c7c078b7ec4:group-FAD9F227D3A8:LeaderElection37] INFO  impl.RaftServerImpl (ServerState.java:setRaftConf(361)) - 31c45c5a-0c90-4266-9947-1c7c078b7ec4:group-FAD9F227D3A8 set configuration 0: [31c45c5a-0c90-4266-9947-1c7c078b7ec4:192.168.157.195:42694], old=null at 0
2019-09-12 10:33:06,371 [31c45c5a-0c90-4266-9947-1c7c078b7ec4-SegmentedRaftLogWorker:Storage Directory /workdir/hadoop-ozone/integration-test/target/test-dir/MiniOzoneClusterImpl-5ecceb84-7f52-4627-9972-1a459b519b1f/datanode-4/data/ratis/663b7dec-6338-46e9-a521-1fd6386e7063] INFO  segmented.SegmentedRaftLogWorker (SegmentedRaftLogWorker.java:execute(569)) - 31c45c5a-0c90-4266-9947-1c7c078b7ec4-SegmentedRaftLogWorker:Storage Directory /workdir/hadoop-ozone/integration-test/target/test-dir/MiniOzoneClusterImpl-5ecceb84-7f52-4627-9972-1a459b519b1f/datanode-4/data/ratis/663b7dec-6338-46e9-a521-1fd6386e7063: created new log segment /workdir/hadoop-ozone/integration-test/target/test-dir/MiniOzoneClusterImpl-5ecceb84-7f52-4627-9972-1a459b519b1f/datanode-4/data/ratis/663b7dec-6338-46e9-a521-1fd6386e7063/current/log_inprogress_0
2019-09-12 10:33:06,373 | INFO  | SCMAudit | user=jenkins1000 | ip=192.168.157.195 | op=SEND_HEARTBEAT {datanodeUUID=6d8e2272-d3cb-43aa-845f-9a021007c4ce, command=[]} | ret=SUCCESS |  
2019-09-12 10:33:06,381 [31c45c5a-0c90-4266-9947-1c7c078b7ec4-SegmentedRaftLogWorker:Storage Directory /workdir/hadoop-ozone/integration-test/target/test-dir/MiniOzoneClusterImpl-5ecceb84-7f52-4627-9972-1a459b519b1f/datanode-4/data/ratis/8a4f4734-0a40-4d59-896d-fad9f227d3a8] INFO  segmented.SegmentedRaftLogWorker (SegmentedRaftLogWorker.java:execute(569)) - 31c45c5a-0c90-4266-9947-1c7c078b7ec4-SegmentedRaftLogWorker:Storage Directory /workdir/hadoop-ozone/integration-test/target/test-dir/MiniOzoneClusterImpl-5ecceb84-7f52-4627-9972-1a459b519b1f/datanode-4/data/ratis/8a4f4734-0a40-4d59-896d-fad9f227d3a8: created new log segment /workdir/hadoop-ozone/integration-test/target/test-dir/MiniOzoneClusterImpl-5ecceb84-7f52-4627-9972-1a459b519b1f/datanode-4/data/ratis/8a4f4734-0a40-4d59-896d-fad9f227d3a8/current/log_inprogress_0
2019-09-12 10:33:06,411 [Thread-354] INFO  impl.FollowerState (FollowerState.java:run(106)) - 083ebb38-73c7-4c90-bb26-8945a60751ec:group-6770ECE0CCBF changes to CANDIDATE, lastRpcTime:5118, electionTimeout:5118ms
2019-09-12 10:33:06,411 [Thread-354] INFO  impl.RoleInfo (RoleInfo.java:shutdownFollowerState(121)) - 083ebb38-73c7-4c90-bb26-8945a60751ec: shutdown FollowerState
2019-09-12 10:33:06,411 [Thread-354] INFO  impl.RaftServerImpl (RaftServerImpl.java:setRole(171)) - 083ebb38-73c7-4c90-bb26-8945a60751ec:group-6770ECE0CCBF changes role from FOLLOWER to CANDIDATE at term 0 for changeToCandidate
2019-09-12 10:33:06,412 [Thread-354] INFO  impl.RoleInfo (RoleInfo.java:updateAndGet(143)) - 083ebb38-73c7-4c90-bb26-8945a60751ec: start LeaderElection
2019-09-12 10:33:06,428 [083ebb38-73c7-4c90-bb26-8945a60751ec:group-6770ECE0CCBF:LeaderElection38] INFO  impl.LeaderElection (LeaderElection.java:askForVotes(181)) - 083ebb38-73c7-4c90-bb26-8945a60751ec:group-6770ECE0CCBF:LeaderElection38: begin an election at term 1 for -1: [083ebb38-73c7-4c90-bb26-8945a60751ec:192.168.157.195:37300], old=null
2019-09-12 10:33:06,429 [083ebb38-73c7-4c90-bb26-8945a60751ec:group-6770ECE0CCBF:LeaderElection38] INFO  impl.RoleInfo (RoleInfo.java:shutdownLeaderElection(134)) - 083ebb38-73c7-4c90-bb26-8945a60751ec: shutdown LeaderElection
2019-09-12 10:33:06,429 [083ebb38-73c7-4c90-bb26-8945a60751ec:group-6770ECE0CCBF:LeaderElection38] INFO  impl.RaftServerImpl (RaftServerImpl.java:setRole(171)) - 083ebb38-73c7-4c90-bb26-8945a60751ec:group-6770ECE0CCBF changes role from CANDIDATE to LEADER at term 1 for changeToLeader
2019-09-12 10:33:06,429 [083ebb38-73c7-4c90-bb26-8945a60751ec:group-6770ECE0CCBF:LeaderElection38] INFO  impl.RaftServerImpl (ServerState.java:setLeader(263)) - 083ebb38-73c7-4c90-bb26-8945a60751ec:group-6770ECE0CCBF change Leader from null to 083ebb38-73c7-4c90-bb26-8945a60751ec at term 1 for becomeLeader, leader elected after 5140ms
2019-09-12 10:33:06,429 [083ebb38-73c7-4c90-bb26-8945a60751ec:group-6770ECE0CCBF:LeaderElection38] INFO  server.RaftServerConfigKeys (ConfUtils.java:logGet(43)) - raft.server.staging.catchup.gap = 1000 (default)
2019-09-12 10:33:06,429 [083ebb38-73c7-4c90-bb26-8945a60751ec:group-6770ECE0CCBF:LeaderElection38] INFO  server.RaftServerConfigKeys (ConfUtils.java:logGet(43)) - raft.server.rpc.sleep.time = 25ms (default)
2019-09-12 10:33:06,430 [083ebb38-73c7-4c90-bb26-8945a60751ec:group-6770ECE0CCBF:LeaderElection38] INFO  server.RaftServerConfigKeys (ConfUtils.java:logGet(43)) - raft.server.write.element-limit = 4096 (default)
2019-09-12 10:33:06,430 [083ebb38-73c7-4c90-bb26-8945a60751ec:group-6770ECE0CCBF:LeaderElection38] INFO  server.RaftServerConfigKeys (ConfUtils.java:logGet(43)) - raft.server.watch.timeout = 10s (default)
2019-09-12 10:33:06,430 [083ebb38-73c7-4c90-bb26-8945a60751ec:group-6770ECE0CCBF:LeaderElection38] INFO  server.RaftServerConfigKeys (ConfUtils.java:logGet(43)) - raft.server.watch.timeout.denomination = 1s (default)
2019-09-12 10:33:06,430 [083ebb38-73c7-4c90-bb26-8945a60751ec:group-6770ECE0CCBF:LeaderElection38] INFO  server.RaftServerConfigKeys (ConfUtils.java:logGet(43)) - raft.server.watch.element-limit = 65536 (default)
2019-09-12 10:33:06,430 [083ebb38-73c7-4c90-bb26-8945a60751ec:group-6770ECE0CCBF:LeaderElection38] INFO  impl.RoleInfo (RoleInfo.java:updateAndGet(143)) - 083ebb38-73c7-4c90-bb26-8945a60751ec: start LeaderState
2019-09-12 10:33:06,431 [083ebb38-73c7-4c90-bb26-8945a60751ec:group-6770ECE0CCBF:LeaderElection38] INFO  segmented.SegmentedRaftLogWorker (SegmentedRaftLogWorker.java:startLogSegment(380)) - 083ebb38-73c7-4c90-bb26-8945a60751ec-SegmentedRaftLogWorker:Storage Directory /workdir/hadoop-ozone/integration-test/target/test-dir/MiniOzoneClusterImpl-5ecceb84-7f52-4627-9972-1a459b519b1f/datanode-6/data/ratis/3fa2bae7-0f0d-426c-bf19-6770ece0ccbf: Starting segment from index:0
2019-09-12 10:33:06,431 [083ebb38-73c7-4c90-bb26-8945a60751ec:group-6770ECE0CCBF:LeaderElection38] INFO  impl.RaftServerImpl (ServerState.java:setRaftConf(361)) - 083ebb38-73c7-4c90-bb26-8945a60751ec:group-6770ECE0CCBF set configuration 0: [083ebb38-73c7-4c90-bb26-8945a60751ec:192.168.157.195:37300], old=null at 0
2019-09-12 10:33:06,471 [Thread-357] INFO  impl.FollowerState (FollowerState.java:run(106)) - 81ee34d7-b83f-41e3-b846-e574d684802c:group-C9B4AA5466CF changes to CANDIDATE, lastRpcTime:5091, electionTimeout:5075ms
2019-09-12 10:33:06,471 [Thread-357] INFO  impl.RoleInfo (RoleInfo.java:shutdownFollowerState(121)) - 81ee34d7-b83f-41e3-b846-e574d684802c: shutdown FollowerState
2019-09-12 10:33:06,471 [Thread-357] INFO  impl.RaftServerImpl (RaftServerImpl.java:setRole(171)) - 81ee34d7-b83f-41e3-b846-e574d684802c:group-C9B4AA5466CF changes role from FOLLOWER to CANDIDATE at term 0 for changeToCandidate
2019-09-12 10:33:06,471 [Thread-357] INFO  impl.RoleInfo (RoleInfo.java:updateAndGet(143)) - 81ee34d7-b83f-41e3-b846-e574d684802c: start LeaderElection
2019-09-12 10:33:06,481 | INFO  | SCMAudit | user=jenkins1000 | ip=192.168.157.195 | op=SEND_HEARTBEAT {datanodeUUID=81ee34d7-b83f-41e3-b846-e574d684802c, command=[]} | ret=SUCCESS |  
2019-09-12 10:33:06,484 [083ebb38-73c7-4c90-bb26-8945a60751ec-SegmentedRaftLogWorker:Storage Directory /workdir/hadoop-ozone/integration-test/target/test-dir/MiniOzoneClusterImpl-5ecceb84-7f52-4627-9972-1a459b519b1f/datanode-6/data/ratis/3fa2bae7-0f0d-426c-bf19-6770ece0ccbf] INFO  segmented.SegmentedRaftLogWorker (SegmentedRaftLogWorker.java:execute(569)) - 083ebb38-73c7-4c90-bb26-8945a60751ec-SegmentedRaftLogWorker:Storage Directory /workdir/hadoop-ozone/integration-test/target/test-dir/MiniOzoneClusterImpl-5ecceb84-7f52-4627-9972-1a459b519b1f/datanode-6/data/ratis/3fa2bae7-0f0d-426c-bf19-6770ece0ccbf: created new log segment /workdir/hadoop-ozone/integration-test/target/test-dir/MiniOzoneClusterImpl-5ecceb84-7f52-4627-9972-1a459b519b1f/datanode-6/data/ratis/3fa2bae7-0f0d-426c-bf19-6770ece0ccbf/current/log_inprogress_0
2019-09-12 10:33:06,485 [81ee34d7-b83f-41e3-b846-e574d684802c:group-C9B4AA5466CF:LeaderElection39] INFO  impl.LeaderElection (LeaderElection.java:askForVotes(181)) - 81ee34d7-b83f-41e3-b846-e574d684802c:group-C9B4AA5466CF:LeaderElection39: begin an election at term 1 for -1: [81ee34d7-b83f-41e3-b846-e574d684802c:192.168.157.195:36593], old=null
2019-09-12 10:33:06,485 [81ee34d7-b83f-41e3-b846-e574d684802c:group-C9B4AA5466CF:LeaderElection39] INFO  impl.RoleInfo (RoleInfo.java:shutdownLeaderElection(134)) - 81ee34d7-b83f-41e3-b846-e574d684802c: shutdown LeaderElection
2019-09-12 10:33:06,485 [81ee34d7-b83f-41e3-b846-e574d684802c:group-C9B4AA5466CF:LeaderElection39] INFO  impl.RaftServerImpl (RaftServerImpl.java:setRole(171)) - 81ee34d7-b83f-41e3-b846-e574d684802c:group-C9B4AA5466CF changes role from CANDIDATE to LEADER at term 1 for changeToLeader
2019-09-12 10:33:06,485 [81ee34d7-b83f-41e3-b846-e574d684802c:group-C9B4AA5466CF:LeaderElection39] INFO  impl.RaftServerImpl (ServerState.java:setLeader(263)) - 81ee34d7-b83f-41e3-b846-e574d684802c:group-C9B4AA5466CF change Leader from null to 81ee34d7-b83f-41e3-b846-e574d684802c at term 1 for becomeLeader, leader elected after 5112ms
2019-09-12 10:33:06,485 [81ee34d7-b83f-41e3-b846-e574d684802c:group-C9B4AA5466CF:LeaderElection39] INFO  server.RaftServerConfigKeys (ConfUtils.java:logGet(43)) - raft.server.staging.catchup.gap = 1000 (default)
2019-09-12 10:33:06,486 [81ee34d7-b83f-41e3-b846-e574d684802c:group-C9B4AA5466CF:LeaderElection39] INFO  server.RaftServerConfigKeys (ConfUtils.java:logGet(43)) - raft.server.rpc.sleep.time = 25ms (default)
2019-09-12 10:33:06,486 [81ee34d7-b83f-41e3-b846-e574d684802c:group-C9B4AA5466CF:LeaderElection39] INFO  server.RaftServerConfigKeys (ConfUtils.java:logGet(43)) - raft.server.write.element-limit = 4096 (default)
2019-09-12 10:33:06,486 [81ee34d7-b83f-41e3-b846-e574d684802c:group-C9B4AA5466CF:LeaderElection39] INFO  server.RaftServerConfigKeys (ConfUtils.java:logGet(43)) - raft.server.watch.timeout = 10s (default)
2019-09-12 10:33:06,486 [81ee34d7-b83f-41e3-b846-e574d684802c:group-C9B4AA5466CF:LeaderElection39] INFO  server.RaftServerConfigKeys (ConfUtils.java:logGet(43)) - raft.server.watch.timeout.denomination = 1s (default)
2019-09-12 10:33:06,486 [81ee34d7-b83f-41e3-b846-e574d684802c:group-C9B4AA5466CF:LeaderElection39] INFO  server.RaftServerConfigKeys (ConfUtils.java:logGet(43)) - raft.server.watch.element-limit = 65536 (default)
2019-09-12 10:33:06,487 [81ee34d7-b83f-41e3-b846-e574d684802c:group-C9B4AA5466CF:LeaderElection39] INFO  impl.RoleInfo (RoleInfo.java:updateAndGet(143)) - 81ee34d7-b83f-41e3-b846-e574d684802c: start LeaderState
2019-09-12 10:33:06,487 [81ee34d7-b83f-41e3-b846-e574d684802c:group-C9B4AA5466CF:LeaderElection39] INFO  segmented.SegmentedRaftLogWorker (SegmentedRaftLogWorker.java:startLogSegment(380)) - 81ee34d7-b83f-41e3-b846-e574d684802c-SegmentedRaftLogWorker:Storage Directory /workdir/hadoop-ozone/integration-test/target/test-dir/MiniOzoneClusterImpl-5ecceb84-7f52-4627-9972-1a459b519b1f/datanode-5/data/ratis/6d91fbb4-b036-4fa8-8f79-c9b4aa5466cf: Starting segment from index:0
2019-09-12 10:33:06,488 [81ee34d7-b83f-41e3-b846-e574d684802c:group-C9B4AA5466CF:LeaderElection39] INFO  impl.RaftServerImpl (ServerState.java:setRaftConf(361)) - 81ee34d7-b83f-41e3-b846-e574d684802c:group-C9B4AA5466CF set configuration 0: [81ee34d7-b83f-41e3-b846-e574d684802c:192.168.157.195:36593], old=null at 0
2019-09-12 10:33:06,558 [81ee34d7-b83f-41e3-b846-e574d684802c-SegmentedRaftLogWorker:Storage Directory /workdir/hadoop-ozone/integration-test/target/test-dir/MiniOzoneClusterImpl-5ecceb84-7f52-4627-9972-1a459b519b1f/datanode-5/data/ratis/6d91fbb4-b036-4fa8-8f79-c9b4aa5466cf] INFO  segmented.SegmentedRaftLogWorker (SegmentedRaftLogWorker.java:execute(569)) - 81ee34d7-b83f-41e3-b846-e574d684802c-SegmentedRaftLogWorker:Storage Directory /workdir/hadoop-ozone/integration-test/target/test-dir/MiniOzoneClusterImpl-5ecceb84-7f52-4627-9972-1a459b519b1f/datanode-5/data/ratis/6d91fbb4-b036-4fa8-8f79-c9b4aa5466cf: created new log segment /workdir/hadoop-ozone/integration-test/target/test-dir/MiniOzoneClusterImpl-5ecceb84-7f52-4627-9972-1a459b519b1f/datanode-5/data/ratis/6d91fbb4-b036-4fa8-8f79-c9b4aa5466cf/current/log_inprogress_0
2019-09-12 10:33:06,597 [Thread-360] INFO  impl.FollowerState (FollowerState.java:run(106)) - 81ee34d7-b83f-41e3-b846-e574d684802c:group-1A5180E08104 changes to CANDIDATE, lastRpcTime:5130, electionTimeout:5128ms
2019-09-12 10:33:06,599 [Thread-360] INFO  impl.RoleInfo (RoleInfo.java:shutdownFollowerState(121)) - 81ee34d7-b83f-41e3-b846-e574d684802c: shutdown FollowerState
2019-09-12 10:33:06,599 [Thread-360] INFO  impl.RaftServerImpl (RaftServerImpl.java:setRole(171)) - 81ee34d7-b83f-41e3-b846-e574d684802c:group-1A5180E08104 changes role from FOLLOWER to CANDIDATE at term 0 for changeToCandidate
2019-09-12 10:33:06,600 [Thread-360] INFO  impl.RoleInfo (RoleInfo.java:updateAndGet(143)) - 81ee34d7-b83f-41e3-b846-e574d684802c: start LeaderElection
2019-09-12 10:33:06,614 [81ee34d7-b83f-41e3-b846-e574d684802c:group-1A5180E08104:LeaderElection40] INFO  impl.LeaderElection (LeaderElection.java:askForVotes(181)) - 81ee34d7-b83f-41e3-b846-e574d684802c:group-1A5180E08104:LeaderElection40: begin an election at term 1 for -1: [81ee34d7-b83f-41e3-b846-e574d684802c:192.168.157.195:36593], old=null
2019-09-12 10:33:06,614 [81ee34d7-b83f-41e3-b846-e574d684802c:group-1A5180E08104:LeaderElection40] INFO  impl.RoleInfo (RoleInfo.java:shutdownLeaderElection(134)) - 81ee34d7-b83f-41e3-b846-e574d684802c: shutdown LeaderElection
2019-09-12 10:33:06,615 [81ee34d7-b83f-41e3-b846-e574d684802c:group-1A5180E08104:LeaderElection40] INFO  impl.RaftServerImpl (RaftServerImpl.java:setRole(171)) - 81ee34d7-b83f-41e3-b846-e574d684802c:group-1A5180E08104 changes role from CANDIDATE to LEADER at term 1 for changeToLeader
2019-09-12 10:33:06,615 [81ee34d7-b83f-41e3-b846-e574d684802c:group-1A5180E08104:LeaderElection40] INFO  impl.RaftServerImpl (ServerState.java:setLeader(263)) - 81ee34d7-b83f-41e3-b846-e574d684802c:group-1A5180E08104 change Leader from null to 81ee34d7-b83f-41e3-b846-e574d684802c at term 1 for becomeLeader, leader elected after 5166ms
2019-09-12 10:33:06,615 [81ee34d7-b83f-41e3-b846-e574d684802c:group-1A5180E08104:LeaderElection40] INFO  server.RaftServerConfigKeys (ConfUtils.java:logGet(43)) - raft.server.staging.catchup.gap = 1000 (default)
2019-09-12 10:33:06,615 [81ee34d7-b83f-41e3-b846-e574d684802c:group-1A5180E08104:LeaderElection40] INFO  server.RaftServerConfigKeys (ConfUtils.java:logGet(43)) - raft.server.rpc.sleep.time = 25ms (default)
2019-09-12 10:33:06,615 [81ee34d7-b83f-41e3-b846-e574d684802c:group-1A5180E08104:LeaderElection40] INFO  server.RaftServerConfigKeys (ConfUtils.java:logGet(43)) - raft.server.write.element-limit = 4096 (default)
2019-09-12 10:33:06,616 [81ee34d7-b83f-41e3-b846-e574d684802c:group-1A5180E08104:LeaderElection40] INFO  server.RaftServerConfigKeys (ConfUtils.java:logGet(43)) - raft.server.watch.timeout = 10s (default)
2019-09-12 10:33:06,616 [81ee34d7-b83f-41e3-b846-e574d684802c:group-1A5180E08104:LeaderElection40] INFO  server.RaftServerConfigKeys (ConfUtils.java:logGet(43)) - raft.server.watch.timeout.denomination = 1s (default)
2019-09-12 10:33:06,616 [81ee34d7-b83f-41e3-b846-e574d684802c:group-1A5180E08104:LeaderElection40] INFO  server.RaftServerConfigKeys (ConfUtils.java:logGet(43)) - raft.server.watch.element-limit = 65536 (default)
2019-09-12 10:33:06,616 [81ee34d7-b83f-41e3-b846-e574d684802c:group-1A5180E08104:LeaderElection40] INFO  impl.RoleInfo (RoleInfo.java:updateAndGet(143)) - 81ee34d7-b83f-41e3-b846-e574d684802c: start LeaderState
2019-09-12 10:33:06,616 | INFO  | SCMAudit | user=jenkins1000 | ip=192.168.157.195 | op=SEND_HEARTBEAT {datanodeUUID=083ebb38-73c7-4c90-bb26-8945a60751ec, command=[]} | ret=SUCCESS |  
2019-09-12 10:33:06,616 [81ee34d7-b83f-41e3-b846-e574d684802c:group-1A5180E08104:LeaderElection40] INFO  segmented.SegmentedRaftLogWorker (SegmentedRaftLogWorker.java:startLogSegment(380)) - 81ee34d7-b83f-41e3-b846-e574d684802c-SegmentedRaftLogWorker:Storage Directory /workdir/hadoop-ozone/integration-test/target/test-dir/MiniOzoneClusterImpl-5ecceb84-7f52-4627-9972-1a459b519b1f/datanode-5/data/ratis/98034139-01d0-43eb-a64b-1a5180e08104: Starting segment from index:0
2019-09-12 10:33:06,617 [81ee34d7-b83f-41e3-b846-e574d684802c:group-1A5180E08104:LeaderElection40] INFO  impl.RaftServerImpl (ServerState.java:setRaftConf(361)) - 81ee34d7-b83f-41e3-b846-e574d684802c:group-1A5180E08104 set configuration 0: [81ee34d7-b83f-41e3-b846-e574d684802c:192.168.157.195:36593], old=null at 0
2019-09-12 10:33:06,662 [Thread-363] INFO  impl.FollowerState (FollowerState.java:run(106)) - 083ebb38-73c7-4c90-bb26-8945a60751ec:group-D1347C192AB8 changes to CANDIDATE, lastRpcTime:5096, electionTimeout:5065ms
2019-09-12 10:33:06,663 [Thread-363] INFO  impl.RoleInfo (RoleInfo.java:shutdownFollowerState(121)) - 083ebb38-73c7-4c90-bb26-8945a60751ec: shutdown FollowerState
2019-09-12 10:33:06,663 [Thread-366] INFO  impl.FollowerState (FollowerState.java:run(106)) - 083ebb38-73c7-4c90-bb26-8945a60751ec:group-47AAF413EC63 changes to CANDIDATE, lastRpcTime:5035, electionTimeout:5001ms
2019-09-12 10:33:06,663 [Thread-363] INFO  impl.RaftServerImpl (RaftServerImpl.java:setRole(171)) - 083ebb38-73c7-4c90-bb26-8945a60751ec:group-D1347C192AB8 changes role from FOLLOWER to CANDIDATE at term 0 for changeToCandidate
2019-09-12 10:33:06,663 [Thread-366] INFO  impl.RoleInfo (RoleInfo.java:shutdownFollowerState(121)) - 083ebb38-73c7-4c90-bb26-8945a60751ec: shutdown FollowerState
2019-09-12 10:33:06,663 [Thread-363] INFO  impl.RoleInfo (RoleInfo.java:updateAndGet(143)) - 083ebb38-73c7-4c90-bb26-8945a60751ec: start LeaderElection
2019-09-12 10:33:06,663 [Thread-366] INFO  impl.RaftServerImpl (RaftServerImpl.java:setRole(171)) - 083ebb38-73c7-4c90-bb26-8945a60751ec:group-47AAF413EC63 changes role from FOLLOWER to CANDIDATE at term 0 for changeToCandidate
2019-09-12 10:33:06,664 [Thread-366] INFO  impl.RoleInfo (RoleInfo.java:updateAndGet(143)) - 083ebb38-73c7-4c90-bb26-8945a60751ec: start LeaderElection
2019-09-12 10:33:06,677 [81ee34d7-b83f-41e3-b846-e574d684802c-SegmentedRaftLogWorker:Storage Directory /workdir/hadoop-ozone/integration-test/target/test-dir/MiniOzoneClusterImpl-5ecceb84-7f52-4627-9972-1a459b519b1f/datanode-5/data/ratis/98034139-01d0-43eb-a64b-1a5180e08104] INFO  segmented.SegmentedRaftLogWorker (SegmentedRaftLogWorker.java:execute(569)) - 81ee34d7-b83f-41e3-b846-e574d684802c-SegmentedRaftLogWorker:Storage Directory /workdir/hadoop-ozone/integration-test/target/test-dir/MiniOzoneClusterImpl-5ecceb84-7f52-4627-9972-1a459b519b1f/datanode-5/data/ratis/98034139-01d0-43eb-a64b-1a5180e08104: created new log segment /workdir/hadoop-ozone/integration-test/target/test-dir/MiniOzoneClusterImpl-5ecceb84-7f52-4627-9972-1a459b519b1f/datanode-5/data/ratis/98034139-01d0-43eb-a64b-1a5180e08104/current/log_inprogress_0
2019-09-12 10:33:06,677 [083ebb38-73c7-4c90-bb26-8945a60751ec:group-D1347C192AB8:LeaderElection41] INFO  impl.LeaderElection (LeaderElection.java:askForVotes(181)) - 083ebb38-73c7-4c90-bb26-8945a60751ec:group-D1347C192AB8:LeaderElection41: begin an election at term 1 for -1: [083ebb38-73c7-4c90-bb26-8945a60751ec:192.168.157.195:37300], old=null
2019-09-12 10:33:06,677 [083ebb38-73c7-4c90-bb26-8945a60751ec:group-47AAF413EC63:LeaderElection42] INFO  impl.LeaderElection (LeaderElection.java:askForVotes(181)) - 083ebb38-73c7-4c90-bb26-8945a60751ec:group-47AAF413EC63:LeaderElection42: begin an election at term 1 for -1: [083ebb38-73c7-4c90-bb26-8945a60751ec:192.168.157.195:37300], old=null
2019-09-12 10:33:06,677 [083ebb38-73c7-4c90-bb26-8945a60751ec:group-D1347C192AB8:LeaderElection41] INFO  impl.RoleInfo (RoleInfo.java:shutdownLeaderElection(134)) - 083ebb38-73c7-4c90-bb26-8945a60751ec: shutdown LeaderElection
2019-09-12 10:33:06,678 [083ebb38-73c7-4c90-bb26-8945a60751ec:group-47AAF413EC63:LeaderElection42] INFO  impl.RoleInfo (RoleInfo.java:shutdownLeaderElection(134)) - 083ebb38-73c7-4c90-bb26-8945a60751ec: shutdown LeaderElection
2019-09-12 10:33:06,678 [083ebb38-73c7-4c90-bb26-8945a60751ec:group-D1347C192AB8:LeaderElection41] INFO  impl.RaftServerImpl (RaftServerImpl.java:setRole(171)) - 083ebb38-73c7-4c90-bb26-8945a60751ec:group-D1347C192AB8 changes role from CANDIDATE to LEADER at term 1 for changeToLeader
2019-09-12 10:33:06,678 [083ebb38-73c7-4c90-bb26-8945a60751ec:group-47AAF413EC63:LeaderElection42] INFO  impl.RaftServerImpl (RaftServerImpl.java:setRole(171)) - 083ebb38-73c7-4c90-bb26-8945a60751ec:group-47AAF413EC63 changes role from CANDIDATE to LEADER at term 1 for changeToLeader
2019-09-12 10:33:06,678 [083ebb38-73c7-4c90-bb26-8945a60751ec:group-D1347C192AB8:LeaderElection41] INFO  impl.RaftServerImpl (ServerState.java:setLeader(263)) - 083ebb38-73c7-4c90-bb26-8945a60751ec:group-D1347C192AB8 change Leader from null to 083ebb38-73c7-4c90-bb26-8945a60751ec at term 1 for becomeLeader, leader elected after 5117ms
2019-09-12 10:33:06,678 [083ebb38-73c7-4c90-bb26-8945a60751ec:group-47AAF413EC63:LeaderElection42] INFO  impl.RaftServerImpl (ServerState.java:setLeader(263)) - 083ebb38-73c7-4c90-bb26-8945a60751ec:group-47AAF413EC63 change Leader from null to 083ebb38-73c7-4c90-bb26-8945a60751ec at term 1 for becomeLeader, leader elected after 5056ms
2019-09-12 10:33:06,678 [083ebb38-73c7-4c90-bb26-8945a60751ec:group-D1347C192AB8:LeaderElection41] INFO  server.RaftServerConfigKeys (ConfUtils.java:logGet(43)) - raft.server.staging.catchup.gap = 1000 (default)
2019-09-12 10:33:06,678 [083ebb38-73c7-4c90-bb26-8945a60751ec:group-47AAF413EC63:LeaderElection42] INFO  server.RaftServerConfigKeys (ConfUtils.java:logGet(43)) - raft.server.staging.catchup.gap = 1000 (default)
2019-09-12 10:33:06,678 [083ebb38-73c7-4c90-bb26-8945a60751ec:group-D1347C192AB8:LeaderElection41] INFO  server.RaftServerConfigKeys (ConfUtils.java:logGet(43)) - raft.server.rpc.sleep.time = 25ms (default)
2019-09-12 10:33:06,679 [083ebb38-73c7-4c90-bb26-8945a60751ec:group-47AAF413EC63:LeaderElection42] INFO  server.RaftServerConfigKeys (ConfUtils.java:logGet(43)) - raft.server.rpc.sleep.time = 25ms (default)
2019-09-12 10:33:06,679 [083ebb38-73c7-4c90-bb26-8945a60751ec:group-D1347C192AB8:LeaderElection41] INFO  server.RaftServerConfigKeys (ConfUtils.java:logGet(43)) - raft.server.write.element-limit = 4096 (default)
2019-09-12 10:33:06,679 [083ebb38-73c7-4c90-bb26-8945a60751ec:group-47AAF413EC63:LeaderElection42] INFO  server.RaftServerConfigKeys (ConfUtils.java:logGet(43)) - raft.server.write.element-limit = 4096 (default)
2019-09-12 10:33:06,679 [083ebb38-73c7-4c90-bb26-8945a60751ec:group-D1347C192AB8:LeaderElection41] INFO  server.RaftServerConfigKeys (ConfUtils.java:logGet(43)) - raft.server.watch.timeout = 10s (default)
2019-09-12 10:33:06,679 [083ebb38-73c7-4c90-bb26-8945a60751ec:group-47AAF413EC63:LeaderElection42] INFO  server.RaftServerConfigKeys (ConfUtils.java:logGet(43)) - raft.server.watch.timeout = 10s (default)
2019-09-12 10:33:06,679 [083ebb38-73c7-4c90-bb26-8945a60751ec:group-D1347C192AB8:LeaderElection41] INFO  server.RaftServerConfigKeys (ConfUtils.java:logGet(43)) - raft.server.watch.timeout.denomination = 1s (default)
2019-09-12 10:33:06,679 [083ebb38-73c7-4c90-bb26-8945a60751ec:group-47AAF413EC63:LeaderElection42] INFO  server.RaftServerConfigKeys (ConfUtils.java:logGet(43)) - raft.server.watch.timeout.denomination = 1s (default)
2019-09-12 10:33:06,680 [083ebb38-73c7-4c90-bb26-8945a60751ec:group-D1347C192AB8:LeaderElection41] INFO  server.RaftServerConfigKeys (ConfUtils.java:logGet(43)) - raft.server.watch.element-limit = 65536 (default)
2019-09-12 10:33:06,680 [083ebb38-73c7-4c90-bb26-8945a60751ec:group-47AAF413EC63:LeaderElection42] INFO  server.RaftServerConfigKeys (ConfUtils.java:logGet(43)) - raft.server.watch.element-limit = 65536 (default)
2019-09-12 10:33:06,680 [083ebb38-73c7-4c90-bb26-8945a60751ec:group-D1347C192AB8:LeaderElection41] INFO  impl.RoleInfo (RoleInfo.java:updateAndGet(143)) - 083ebb38-73c7-4c90-bb26-8945a60751ec: start LeaderState
2019-09-12 10:33:06,680 [083ebb38-73c7-4c90-bb26-8945a60751ec:group-47AAF413EC63:LeaderElection42] INFO  impl.RoleInfo (RoleInfo.java:updateAndGet(143)) - 083ebb38-73c7-4c90-bb26-8945a60751ec: start LeaderState
2019-09-12 10:33:06,680 [083ebb38-73c7-4c90-bb26-8945a60751ec:group-D1347C192AB8:LeaderElection41] INFO  segmented.SegmentedRaftLogWorker (SegmentedRaftLogWorker.java:startLogSegment(380)) - 083ebb38-73c7-4c90-bb26-8945a60751ec-SegmentedRaftLogWorker:Storage Directory /workdir/hadoop-ozone/integration-test/target/test-dir/MiniOzoneClusterImpl-5ecceb84-7f52-4627-9972-1a459b519b1f/datanode-6/data/ratis/907c6cbb-41f2-4566-a7b9-d1347c192ab8: Starting segment from index:0
2019-09-12 10:33:06,680 [083ebb38-73c7-4c90-bb26-8945a60751ec:group-47AAF413EC63:LeaderElection42] INFO  segmented.SegmentedRaftLogWorker (SegmentedRaftLogWorker.java:startLogSegment(380)) - 083ebb38-73c7-4c90-bb26-8945a60751ec-SegmentedRaftLogWorker:Storage Directory /workdir/hadoop-ozone/integration-test/target/test-dir/MiniOzoneClusterImpl-5ecceb84-7f52-4627-9972-1a459b519b1f/datanode-6/data/ratis/f0842b63-bf7e-437e-a913-47aaf413ec63: Starting segment from index:0
2019-09-12 10:33:06,681 [083ebb38-73c7-4c90-bb26-8945a60751ec:group-D1347C192AB8:LeaderElection41] INFO  impl.RaftServerImpl (ServerState.java:setRaftConf(361)) - 083ebb38-73c7-4c90-bb26-8945a60751ec:group-D1347C192AB8 set configuration 0: [083ebb38-73c7-4c90-bb26-8945a60751ec:192.168.157.195:37300], old=null at 0
2019-09-12 10:33:06,681 [083ebb38-73c7-4c90-bb26-8945a60751ec:group-47AAF413EC63:LeaderElection42] INFO  impl.RaftServerImpl (ServerState.java:setRaftConf(361)) - 083ebb38-73c7-4c90-bb26-8945a60751ec:group-47AAF413EC63 set configuration 0: [083ebb38-73c7-4c90-bb26-8945a60751ec:192.168.157.195:37300], old=null at 0
2019-09-12 10:33:06,732 [083ebb38-73c7-4c90-bb26-8945a60751ec-SegmentedRaftLogWorker:Storage Directory /workdir/hadoop-ozone/integration-test/target/test-dir/MiniOzoneClusterImpl-5ecceb84-7f52-4627-9972-1a459b519b1f/datanode-6/data/ratis/907c6cbb-41f2-4566-a7b9-d1347c192ab8] INFO  segmented.SegmentedRaftLogWorker (SegmentedRaftLogWorker.java:execute(569)) - 083ebb38-73c7-4c90-bb26-8945a60751ec-SegmentedRaftLogWorker:Storage Directory /workdir/hadoop-ozone/integration-test/target/test-dir/MiniOzoneClusterImpl-5ecceb84-7f52-4627-9972-1a459b519b1f/datanode-6/data/ratis/907c6cbb-41f2-4566-a7b9-d1347c192ab8: created new log segment /workdir/hadoop-ozone/integration-test/target/test-dir/MiniOzoneClusterImpl-5ecceb84-7f52-4627-9972-1a459b519b1f/datanode-6/data/ratis/907c6cbb-41f2-4566-a7b9-d1347c192ab8/current/log_inprogress_0
2019-09-12 10:33:06,732 [083ebb38-73c7-4c90-bb26-8945a60751ec-SegmentedRaftLogWorker:Storage Directory /workdir/hadoop-ozone/integration-test/target/test-dir/MiniOzoneClusterImpl-5ecceb84-7f52-4627-9972-1a459b519b1f/datanode-6/data/ratis/f0842b63-bf7e-437e-a913-47aaf413ec63] INFO  segmented.SegmentedRaftLogWorker (SegmentedRaftLogWorker.java:execute(569)) - 083ebb38-73c7-4c90-bb26-8945a60751ec-SegmentedRaftLogWorker:Storage Directory /workdir/hadoop-ozone/integration-test/target/test-dir/MiniOzoneClusterImpl-5ecceb84-7f52-4627-9972-1a459b519b1f/datanode-6/data/ratis/f0842b63-bf7e-437e-a913-47aaf413ec63: created new log segment /workdir/hadoop-ozone/integration-test/target/test-dir/MiniOzoneClusterImpl-5ecceb84-7f52-4627-9972-1a459b519b1f/datanode-6/data/ratis/f0842b63-bf7e-437e-a913-47aaf413ec63/current/log_inprogress_0
2019-09-12 10:33:06,760 [ForkJoinPool.commonPool-worker-1] INFO  ozoneimpl.OzoneContainer (OzoneContainer.java:stop(199)) - Attempting to stop container services.
2019-09-12 10:33:06,760 [main] INFO  ozoneimpl.OzoneContainer (OzoneContainer.java:stop(199)) - Attempting to stop container services.
2019-09-12 10:33:06,761 [ForkJoinPool.commonPool-worker-1] INFO  impl.RaftServerProxy (RaftServerProxy.java:lambda$close$4(314)) - 6d26f522-fe03-4a67-aa48-7af853b41a99: close
2019-09-12 10:33:06,761 [main] INFO  impl.RaftServerProxy (RaftServerProxy.java:lambda$close$4(314)) - 31c45c5a-0c90-4266-9947-1c7c078b7ec4: close
2019-09-12 10:33:06,764 [ForkJoinPool.commonPool-worker-1] INFO  impl.RaftServerImpl (RaftServerImpl.java:lambda$shutdown$3(245)) - 6d26f522-fe03-4a67-aa48-7af853b41a99: shutdown group-1431AA8646CB
2019-09-12 10:33:06,764 [main] INFO  impl.RaftServerImpl (RaftServerImpl.java:lambda$shutdown$3(245)) - 31c45c5a-0c90-4266-9947-1c7c078b7ec4: shutdown group-F0A8DA467EB9
2019-09-12 10:33:06,765 [ForkJoinPool.commonPool-worker-1] INFO  util.JmxRegister (JmxRegister.java:unregister(73)) - Successfully un-registered JMX Bean with object name Ratis:service=RaftServer,group=group-1431AA8646CB,id=6d26f522-fe03-4a67-aa48-7af853b41a99
2019-09-12 10:33:06,765 [main] INFO  util.JmxRegister (JmxRegister.java:unregister(73)) - Successfully un-registered JMX Bean with object name Ratis:service=RaftServer,group=group-F0A8DA467EB9,id=31c45c5a-0c90-4266-9947-1c7c078b7ec4
2019-09-12 10:33:06,765 | INFO  | SCMAudit | user=jenkins1000 | ip=192.168.157.195 | op=SEND_HEARTBEAT {datanodeUUID=6f7ced02-9074-41a5-813c-bc7a1b1d7969, command=[]} | ret=SUCCESS |  
2019-09-12 10:33:06,766 [main] INFO  impl.RoleInfo (RoleInfo.java:shutdownLeaderState(104)) - 31c45c5a-0c90-4266-9947-1c7c078b7ec4: shutdown LeaderState
2019-09-12 10:33:06,765 [ForkJoinPool.commonPool-worker-1] INFO  impl.RoleInfo (RoleInfo.java:shutdownLeaderState(104)) - 6d26f522-fe03-4a67-aa48-7af853b41a99: shutdown LeaderState
2019-09-12 10:33:06,768 [ForkJoinPool.commonPool-worker-1] INFO  impl.PendingRequests (PendingRequests.java:sendNotLeaderResponses(202)) - 6d26f522-fe03-4a67-aa48-7af853b41a99-PendingRequests: sendNotLeaderResponses
2019-09-12 10:33:06,768 [main] INFO  impl.PendingRequests (PendingRequests.java:sendNotLeaderResponses(202)) - 31c45c5a-0c90-4266-9947-1c7c078b7ec4-PendingRequests: sendNotLeaderResponses
2019-09-12 10:33:06,773 [ForkJoinPool.commonPool-worker-1] INFO  impl.StateMachineUpdater (StateMachineUpdater.java:stopAndJoin(115)) - StateMachineUpdater:6d26f522-fe03-4a67-aa48-7af853b41a99:group-1431AA8646CB: set stopIndex = 0
2019-09-12 10:33:06,773 [main] INFO  impl.StateMachineUpdater (StateMachineUpdater.java:stopAndJoin(115)) - StateMachineUpdater:31c45c5a-0c90-4266-9947-1c7c078b7ec4:group-F0A8DA467EB9: set stopIndex = 0
2019-09-12 10:33:06,776 [ForkJoinPool.commonPool-worker-1] INFO  impl.RaftServerImpl (ServerState.java:close(394)) - 6d26f522-fe03-4a67-aa48-7af853b41a99:group-1431AA8646CB closes. The last applied log index is 0
2019-09-12 10:33:06,776 [main] INFO  impl.RaftServerImpl (ServerState.java:close(394)) - 31c45c5a-0c90-4266-9947-1c7c078b7ec4:group-F0A8DA467EB9 closes. The last applied log index is 0
2019-09-12 10:33:06,778 [6d26f522-fe03-4a67-aa48-7af853b41a99-SegmentedRaftLogWorker:Storage Directory /workdir/hadoop-ozone/integration-test/target/test-dir/MiniOzoneClusterImpl-5ecceb84-7f52-4627-9972-1a459b519b1f/datanode-1/data/ratis/29b58073-6088-453f-a5c9-1431aa8646cb] INFO  segmented.SegmentedRaftLogWorker (SegmentedRaftLogWorker.java:run(313)) - 6d26f522-fe03-4a67-aa48-7af853b41a99-SegmentedRaftLogWorker:Storage Directory /workdir/hadoop-ozone/integration-test/target/test-dir/MiniOzoneClusterImpl-5ecceb84-7f52-4627-9972-1a459b519b1f/datanode-1/data/ratis/29b58073-6088-453f-a5c9-1431aa8646cb was interrupted, exiting. There are 0 tasks remaining in the queue.
2019-09-12 10:33:06,778 [31c45c5a-0c90-4266-9947-1c7c078b7ec4-SegmentedRaftLogWorker:Storage Directory /workdir/hadoop-ozone/integration-test/target/test-dir/MiniOzoneClusterImpl-5ecceb84-7f52-4627-9972-1a459b519b1f/datanode-4/data/ratis/f80b773d-850e-4d4d-9506-f0a8da467eb9] INFO  segmented.SegmentedRaftLogWorker (SegmentedRaftLogWorker.java:run(313)) - 31c45c5a-0c90-4266-9947-1c7c078b7ec4-SegmentedRaftLogWorker:Storage Directory /workdir/hadoop-ozone/integration-test/target/test-dir/MiniOzoneClusterImpl-5ecceb84-7f52-4627-9972-1a459b519b1f/datanode-4/data/ratis/f80b773d-850e-4d4d-9506-f0a8da467eb9 was interrupted, exiting. There are 0 tasks remaining in the queue.
2019-09-12 10:33:06,782 [main] INFO  segmented.SegmentedRaftLogWorker (SegmentedRaftLogWorker.java:close(228)) - 31c45c5a-0c90-4266-9947-1c7c078b7ec4-SegmentedRaftLogWorker:Storage Directory /workdir/hadoop-ozone/integration-test/target/test-dir/MiniOzoneClusterImpl-5ecceb84-7f52-4627-9972-1a459b519b1f/datanode-4/data/ratis/f80b773d-850e-4d4d-9506-f0a8da467eb9 close()
2019-09-12 10:33:06,782 [ForkJoinPool.commonPool-worker-1] INFO  segmented.SegmentedRaftLogWorker (SegmentedRaftLogWorker.java:close(228)) - 6d26f522-fe03-4a67-aa48-7af853b41a99-SegmentedRaftLogWorker:Storage Directory /workdir/hadoop-ozone/integration-test/target/test-dir/MiniOzoneClusterImpl-5ecceb84-7f52-4627-9972-1a459b519b1f/datanode-1/data/ratis/29b58073-6088-453f-a5c9-1431aa8646cb close()
2019-09-12 10:33:06,790 [main] INFO  impl.RaftServerImpl (RaftServerImpl.java:lambda$shutdown$3(245)) - 31c45c5a-0c90-4266-9947-1c7c078b7ec4: shutdown group-DD0C6F59BE92
2019-09-12 10:33:06,790 [ForkJoinPool.commonPool-worker-1] INFO  impl.RaftServerImpl (RaftServerImpl.java:lambda$shutdown$3(245)) - 6d26f522-fe03-4a67-aa48-7af853b41a99: shutdown group-4CAF79940775
2019-09-12 10:33:06,791 [main] INFO  util.JmxRegister (JmxRegister.java:unregister(73)) - Successfully un-registered JMX Bean with object name Ratis:service=RaftServer,group=group-DD0C6F59BE92,id=31c45c5a-0c90-4266-9947-1c7c078b7ec4
2019-09-12 10:33:06,791 [ForkJoinPool.commonPool-worker-1] INFO  util.JmxRegister (JmxRegister.java:unregister(73)) - Successfully un-registered JMX Bean with object name Ratis:service=RaftServer,group=group-4CAF79940775,id=6d26f522-fe03-4a67-aa48-7af853b41a99
2019-09-12 10:33:06,791 [main] INFO  impl.RoleInfo (RoleInfo.java:shutdownLeaderState(104)) - 31c45c5a-0c90-4266-9947-1c7c078b7ec4: shutdown LeaderState
2019-09-12 10:33:06,792 [ForkJoinPool.commonPool-worker-1] INFO  impl.RoleInfo (RoleInfo.java:shutdownLeaderState(104)) - 6d26f522-fe03-4a67-aa48-7af853b41a99: shutdown LeaderState
2019-09-12 10:33:06,792 [main] INFO  impl.PendingRequests (PendingRequests.java:sendNotLeaderResponses(202)) - 31c45c5a-0c90-4266-9947-1c7c078b7ec4-PendingRequests: sendNotLeaderResponses
2019-09-12 10:33:06,792 [ForkJoinPool.commonPool-worker-1] INFO  impl.PendingRequests (PendingRequests.java:sendNotLeaderResponses(202)) - 6d26f522-fe03-4a67-aa48-7af853b41a99-PendingRequests: sendNotLeaderResponses
2019-09-12 10:33:06,793 [main] INFO  impl.StateMachineUpdater (StateMachineUpdater.java:stopAndJoin(115)) - StateMachineUpdater:31c45c5a-0c90-4266-9947-1c7c078b7ec4:group-DD0C6F59BE92: set stopIndex = 0
2019-09-12 10:33:06,793 [ForkJoinPool.commonPool-worker-1] INFO  impl.StateMachineUpdater (StateMachineUpdater.java:stopAndJoin(115)) - StateMachineUpdater:6d26f522-fe03-4a67-aa48-7af853b41a99:group-4CAF79940775: set stopIndex = 0
2019-09-12 10:33:06,793 [main] INFO  impl.RaftServerImpl (ServerState.java:close(394)) - 31c45c5a-0c90-4266-9947-1c7c078b7ec4:group-DD0C6F59BE92 closes. The last applied log index is 0
2019-09-12 10:33:06,794 [ForkJoinPool.commonPool-worker-1] INFO  impl.RaftServerImpl (ServerState.java:close(394)) - 6d26f522-fe03-4a67-aa48-7af853b41a99:group-4CAF79940775 closes. The last applied log index is 0
2019-09-12 10:33:06,794 [31c45c5a-0c90-4266-9947-1c7c078b7ec4-SegmentedRaftLogWorker:Storage Directory /workdir/hadoop-ozone/integration-test/target/test-dir/MiniOzoneClusterImpl-5ecceb84-7f52-4627-9972-1a459b519b1f/datanode-4/data/ratis/6d211cfd-3ab1-4d5d-aca2-dd0c6f59be92] INFO  segmented.SegmentedRaftLogWorker (SegmentedRaftLogWorker.java:run(313)) - 31c45c5a-0c90-4266-9947-1c7c078b7ec4-SegmentedRaftLogWorker:Storage Directory /workdir/hadoop-ozone/integration-test/target/test-dir/MiniOzoneClusterImpl-5ecceb84-7f52-4627-9972-1a459b519b1f/datanode-4/data/ratis/6d211cfd-3ab1-4d5d-aca2-dd0c6f59be92 was interrupted, exiting. There are 0 tasks remaining in the queue.
2019-09-12 10:33:06,794 [6d26f522-fe03-4a67-aa48-7af853b41a99-SegmentedRaftLogWorker:Storage Directory /workdir/hadoop-ozone/integration-test/target/test-dir/MiniOzoneClusterImpl-5ecceb84-7f52-4627-9972-1a459b519b1f/datanode-1/data/ratis/5f4e9a9b-6ebe-4bf6-8fc6-4caf79940775] INFO  segmented.SegmentedRaftLogWorker (SegmentedRaftLogWorker.java:run(313)) - 6d26f522-fe03-4a67-aa48-7af853b41a99-SegmentedRaftLogWorker:Storage Directory /workdir/hadoop-ozone/integration-test/target/test-dir/MiniOzoneClusterImpl-5ecceb84-7f52-4627-9972-1a459b519b1f/datanode-1/data/ratis/5f4e9a9b-6ebe-4bf6-8fc6-4caf79940775 was interrupted, exiting. There are 0 tasks remaining in the queue.
2019-09-12 10:33:06,796 [main] INFO  segmented.SegmentedRaftLogWorker (SegmentedRaftLogWorker.java:close(228)) - 31c45c5a-0c90-4266-9947-1c7c078b7ec4-SegmentedRaftLogWorker:Storage Directory /workdir/hadoop-ozone/integration-test/target/test-dir/MiniOzoneClusterImpl-5ecceb84-7f52-4627-9972-1a459b519b1f/datanode-4/data/ratis/6d211cfd-3ab1-4d5d-aca2-dd0c6f59be92 close()
2019-09-12 10:33:06,798 [ForkJoinPool.commonPool-worker-1] INFO  segmented.SegmentedRaftLogWorker (SegmentedRaftLogWorker.java:close(228)) - 6d26f522-fe03-4a67-aa48-7af853b41a99-SegmentedRaftLogWorker:Storage Directory /workdir/hadoop-ozone/integration-test/target/test-dir/MiniOzoneClusterImpl-5ecceb84-7f52-4627-9972-1a459b519b1f/datanode-1/data/ratis/5f4e9a9b-6ebe-4bf6-8fc6-4caf79940775 close()
2019-09-12 10:33:06,803 [main] INFO  impl.RaftServerImpl (RaftServerImpl.java:lambda$shutdown$3(245)) - 31c45c5a-0c90-4266-9947-1c7c078b7ec4: shutdown group-C3FAC7CC7102
2019-09-12 10:33:06,806 [ForkJoinPool.commonPool-worker-1] INFO  impl.RaftServerImpl (RaftServerImpl.java:lambda$shutdown$3(245)) - 6d26f522-fe03-4a67-aa48-7af853b41a99: shutdown group-81D9C18D2098
2019-09-12 10:33:06,807 [main] INFO  util.JmxRegister (JmxRegister.java:unregister(73)) - Successfully un-registered JMX Bean with object name Ratis:service=RaftServer,group=group-C3FAC7CC7102,id=31c45c5a-0c90-4266-9947-1c7c078b7ec4
2019-09-12 10:33:06,807 [ForkJoinPool.commonPool-worker-1] INFO  util.JmxRegister (JmxRegister.java:unregister(73)) - Successfully un-registered JMX Bean with object name Ratis:service=RaftServer,group=group-81D9C18D2098,id=6d26f522-fe03-4a67-aa48-7af853b41a99
2019-09-12 10:33:06,807 [main] INFO  impl.RoleInfo (RoleInfo.java:shutdownLeaderState(104)) - 31c45c5a-0c90-4266-9947-1c7c078b7ec4: shutdown LeaderState
2019-09-12 10:33:06,808 [ForkJoinPool.commonPool-worker-1] INFO  impl.RoleInfo (RoleInfo.java:shutdownLeaderState(104)) - 6d26f522-fe03-4a67-aa48-7af853b41a99: shutdown LeaderState
2019-09-12 10:33:06,808 [main] INFO  impl.PendingRequests (PendingRequests.java:sendNotLeaderResponses(202)) - 31c45c5a-0c90-4266-9947-1c7c078b7ec4-PendingRequests: sendNotLeaderResponses
2019-09-12 10:33:06,808 [ForkJoinPool.commonPool-worker-1] INFO  impl.PendingRequests (PendingRequests.java:sendNotLeaderResponses(202)) - 6d26f522-fe03-4a67-aa48-7af853b41a99-PendingRequests: sendNotLeaderResponses
2019-09-12 10:33:06,809 [main] INFO  impl.StateMachineUpdater (StateMachineUpdater.java:stopAndJoin(115)) - StateMachineUpdater:31c45c5a-0c90-4266-9947-1c7c078b7ec4:group-C3FAC7CC7102: set stopIndex = 0
2019-09-12 10:33:06,809 [ForkJoinPool.commonPool-worker-1] INFO  impl.StateMachineUpdater (StateMachineUpdater.java:stopAndJoin(115)) - StateMachineUpdater:6d26f522-fe03-4a67-aa48-7af853b41a99:group-81D9C18D2098: set stopIndex = 0
2019-09-12 10:33:06,810 [main] INFO  impl.RaftServerImpl (ServerState.java:close(394)) - 31c45c5a-0c90-4266-9947-1c7c078b7ec4:group-C3FAC7CC7102 closes. The last applied log index is 0
2019-09-12 10:33:06,810 [ForkJoinPool.commonPool-worker-1] INFO  impl.RaftServerImpl (ServerState.java:close(394)) - 6d26f522-fe03-4a67-aa48-7af853b41a99:group-81D9C18D2098 closes. The last applied log index is 0
2019-09-12 10:33:06,810 [31c45c5a-0c90-4266-9947-1c7c078b7ec4-SegmentedRaftLogWorker:Storage Directory /workdir/hadoop-ozone/integration-test/target/test-dir/MiniOzoneClusterImpl-5ecceb84-7f52-4627-9972-1a459b519b1f/datanode-4/data/ratis/32d0380a-8528-4b5a-b975-c3fac7cc7102] INFO  segmented.SegmentedRaftLogWorker (SegmentedRaftLogWorker.java:run(313)) - 31c45c5a-0c90-4266-9947-1c7c078b7ec4-SegmentedRaftLogWorker:Storage Directory /workdir/hadoop-ozone/integration-test/target/test-dir/MiniOzoneClusterImpl-5ecceb84-7f52-4627-9972-1a459b519b1f/datanode-4/data/ratis/32d0380a-8528-4b5a-b975-c3fac7cc7102 was interrupted, exiting. There are 0 tasks remaining in the queue.
2019-09-12 10:33:06,813 [main] INFO  segmented.SegmentedRaftLogWorker (SegmentedRaftLogWorker.java:close(228)) - 31c45c5a-0c90-4266-9947-1c7c078b7ec4-SegmentedRaftLogWorker:Storage Directory /workdir/hadoop-ozone/integration-test/target/test-dir/MiniOzoneClusterImpl-5ecceb84-7f52-4627-9972-1a459b519b1f/datanode-4/data/ratis/32d0380a-8528-4b5a-b975-c3fac7cc7102 close()
2019-09-12 10:33:06,813 [6d26f522-fe03-4a67-aa48-7af853b41a99-SegmentedRaftLogWorker:Storage Directory /workdir/hadoop-ozone/integration-test/target/test-dir/MiniOzoneClusterImpl-5ecceb84-7f52-4627-9972-1a459b519b1f/datanode-1/data/ratis/d064d02c-835a-4e34-84cc-81d9c18d2098] INFO  segmented.SegmentedRaftLogWorker (SegmentedRaftLogWorker.java:run(313)) - 6d26f522-fe03-4a67-aa48-7af853b41a99-SegmentedRaftLogWorker:Storage Directory /workdir/hadoop-ozone/integration-test/target/test-dir/MiniOzoneClusterImpl-5ecceb84-7f52-4627-9972-1a459b519b1f/datanode-1/data/ratis/d064d02c-835a-4e34-84cc-81d9c18d2098 was interrupted, exiting. There are 0 tasks remaining in the queue.
2019-09-12 10:33:06,816 [main] INFO  impl.RaftServerImpl (RaftServerImpl.java:lambda$shutdown$3(245)) - 31c45c5a-0c90-4266-9947-1c7c078b7ec4: shutdown group-FAD9F227D3A8
2019-09-12 10:33:06,818 [ForkJoinPool.commonPool-worker-1] INFO  segmented.SegmentedRaftLogWorker (SegmentedRaftLogWorker.java:close(228)) - 6d26f522-fe03-4a67-aa48-7af853b41a99-SegmentedRaftLogWorker:Storage Directory /workdir/hadoop-ozone/integration-test/target/test-dir/MiniOzoneClusterImpl-5ecceb84-7f52-4627-9972-1a459b519b1f/datanode-1/data/ratis/d064d02c-835a-4e34-84cc-81d9c18d2098 close()
2019-09-12 10:33:06,819 [main] INFO  util.JmxRegister (JmxRegister.java:unregister(73)) - Successfully un-registered JMX Bean with object name Ratis:service=RaftServer,group=group-FAD9F227D3A8,id=31c45c5a-0c90-4266-9947-1c7c078b7ec4
2019-09-12 10:33:06,822 [ForkJoinPool.commonPool-worker-1] INFO  impl.RaftServerImpl (RaftServerImpl.java:lambda$shutdown$3(245)) - 6d26f522-fe03-4a67-aa48-7af853b41a99: shutdown group-506C39E0359F
2019-09-12 10:33:06,823 [main] INFO  impl.RoleInfo (RoleInfo.java:shutdownLeaderState(104)) - 31c45c5a-0c90-4266-9947-1c7c078b7ec4: shutdown LeaderState
2019-09-12 10:33:06,823 [ForkJoinPool.commonPool-worker-1] INFO  util.JmxRegister (JmxRegister.java:unregister(73)) - Successfully un-registered JMX Bean with object name Ratis:service=RaftServer,group=group-506C39E0359F,id=6d26f522-fe03-4a67-aa48-7af853b41a99
2019-09-12 10:33:06,824 [main] INFO  impl.PendingRequests (PendingRequests.java:sendNotLeaderResponses(202)) - 31c45c5a-0c90-4266-9947-1c7c078b7ec4-PendingRequests: sendNotLeaderResponses
2019-09-12 10:33:06,824 [ForkJoinPool.commonPool-worker-1] INFO  impl.RoleInfo (RoleInfo.java:shutdownLeaderState(104)) - 6d26f522-fe03-4a67-aa48-7af853b41a99: shutdown LeaderState
2019-09-12 10:33:06,824 [main] INFO  impl.StateMachineUpdater (StateMachineUpdater.java:stopAndJoin(115)) - StateMachineUpdater:31c45c5a-0c90-4266-9947-1c7c078b7ec4:group-FAD9F227D3A8: set stopIndex = 0
2019-09-12 10:33:06,825 [ForkJoinPool.commonPool-worker-1] INFO  impl.PendingRequests (PendingRequests.java:sendNotLeaderResponses(202)) - 6d26f522-fe03-4a67-aa48-7af853b41a99-PendingRequests: sendNotLeaderResponses
2019-09-12 10:33:06,825 [main] INFO  impl.RaftServerImpl (ServerState.java:close(394)) - 31c45c5a-0c90-4266-9947-1c7c078b7ec4:group-FAD9F227D3A8 closes. The last applied log index is 0
2019-09-12 10:33:06,826 [ForkJoinPool.commonPool-worker-1] INFO  impl.StateMachineUpdater (StateMachineUpdater.java:stopAndJoin(115)) - StateMachineUpdater:6d26f522-fe03-4a67-aa48-7af853b41a99:group-506C39E0359F: set stopIndex = 0
2019-09-12 10:33:06,826 [31c45c5a-0c90-4266-9947-1c7c078b7ec4-SegmentedRaftLogWorker:Storage Directory /workdir/hadoop-ozone/integration-test/target/test-dir/MiniOzoneClusterImpl-5ecceb84-7f52-4627-9972-1a459b519b1f/datanode-4/data/ratis/8a4f4734-0a40-4d59-896d-fad9f227d3a8] INFO  segmented.SegmentedRaftLogWorker (SegmentedRaftLogWorker.java:run(313)) - 31c45c5a-0c90-4266-9947-1c7c078b7ec4-SegmentedRaftLogWorker:Storage Directory /workdir/hadoop-ozone/integration-test/target/test-dir/MiniOzoneClusterImpl-5ecceb84-7f52-4627-9972-1a459b519b1f/datanode-4/data/ratis/8a4f4734-0a40-4d59-896d-fad9f227d3a8 was interrupted, exiting. There are 0 tasks remaining in the queue.
2019-09-12 10:33:06,827 [ForkJoinPool.commonPool-worker-1] INFO  impl.RaftServerImpl (ServerState.java:close(394)) - 6d26f522-fe03-4a67-aa48-7af853b41a99:group-506C39E0359F closes. The last applied log index is 0
2019-09-12 10:33:06,829 [main] INFO  segmented.SegmentedRaftLogWorker (SegmentedRaftLogWorker.java:close(228)) - 31c45c5a-0c90-4266-9947-1c7c078b7ec4-SegmentedRaftLogWorker:Storage Directory /workdir/hadoop-ozone/integration-test/target/test-dir/MiniOzoneClusterImpl-5ecceb84-7f52-4627-9972-1a459b519b1f/datanode-4/data/ratis/8a4f4734-0a40-4d59-896d-fad9f227d3a8 close()
2019-09-12 10:33:06,829 [6d26f522-fe03-4a67-aa48-7af853b41a99-SegmentedRaftLogWorker:Storage Directory /workdir/hadoop-ozone/integration-test/target/test-dir/MiniOzoneClusterImpl-5ecceb84-7f52-4627-9972-1a459b519b1f/datanode-1/data/ratis/39b35335-ed04-4ed6-8744-506c39e0359f] INFO  segmented.SegmentedRaftLogWorker (SegmentedRaftLogWorker.java:run(313)) - 6d26f522-fe03-4a67-aa48-7af853b41a99-SegmentedRaftLogWorker:Storage Directory /workdir/hadoop-ozone/integration-test/target/test-dir/MiniOzoneClusterImpl-5ecceb84-7f52-4627-9972-1a459b519b1f/datanode-1/data/ratis/39b35335-ed04-4ed6-8744-506c39e0359f was interrupted, exiting. There are 0 tasks remaining in the queue.
2019-09-12 10:33:06,832 [main] INFO  impl.RaftServerImpl (RaftServerImpl.java:lambda$shutdown$3(245)) - 31c45c5a-0c90-4266-9947-1c7c078b7ec4: shutdown group-D9460205025E
2019-09-12 10:33:06,834 [ForkJoinPool.commonPool-worker-1] INFO  segmented.SegmentedRaftLogWorker (SegmentedRaftLogWorker.java:close(228)) - 6d26f522-fe03-4a67-aa48-7af853b41a99-SegmentedRaftLogWorker:Storage Directory /workdir/hadoop-ozone/integration-test/target/test-dir/MiniOzoneClusterImpl-5ecceb84-7f52-4627-9972-1a459b519b1f/datanode-1/data/ratis/39b35335-ed04-4ed6-8744-506c39e0359f close()
2019-09-12 10:33:06,835 [main] INFO  util.JmxRegister (JmxRegister.java:unregister(73)) - Successfully un-registered JMX Bean with object name Ratis:service=RaftServer,group=group-D9460205025E,id=31c45c5a-0c90-4266-9947-1c7c078b7ec4
2019-09-12 10:33:06,838 [ForkJoinPool.commonPool-worker-1] INFO  impl.RaftServerImpl (RaftServerImpl.java:lambda$shutdown$3(245)) - 6d26f522-fe03-4a67-aa48-7af853b41a99: shutdown group-70DCA62087D8
2019-09-12 10:33:06,839 [main] INFO  impl.RoleInfo (RoleInfo.java:shutdownLeaderState(104)) - 31c45c5a-0c90-4266-9947-1c7c078b7ec4: shutdown LeaderState
2019-09-12 10:33:06,839 [ForkJoinPool.commonPool-worker-1] INFO  util.JmxRegister (JmxRegister.java:unregister(73)) - Successfully un-registered JMX Bean with object name Ratis:service=RaftServer,group=group-70DCA62087D8,id=6d26f522-fe03-4a67-aa48-7af853b41a99
2019-09-12 10:33:06,840 [ForkJoinPool.commonPool-worker-1] INFO  impl.RoleInfo (RoleInfo.java:shutdownLeaderState(104)) - 6d26f522-fe03-4a67-aa48-7af853b41a99: shutdown LeaderState
2019-09-12 10:33:06,839 [main] INFO  impl.PendingRequests (PendingRequests.java:sendNotLeaderResponses(202)) - 31c45c5a-0c90-4266-9947-1c7c078b7ec4-PendingRequests: sendNotLeaderResponses
2019-09-12 10:33:06,840 [ForkJoinPool.commonPool-worker-1] INFO  impl.PendingRequests (PendingRequests.java:sendNotLeaderResponses(202)) - 6d26f522-fe03-4a67-aa48-7af853b41a99-PendingRequests: sendNotLeaderResponses
2019-09-12 10:33:06,841 [main] INFO  impl.StateMachineUpdater (StateMachineUpdater.java:stopAndJoin(115)) - StateMachineUpdater:31c45c5a-0c90-4266-9947-1c7c078b7ec4:group-D9460205025E: set stopIndex = 0
2019-09-12 10:33:06,841 [ForkJoinPool.commonPool-worker-1] INFO  impl.StateMachineUpdater (StateMachineUpdater.java:stopAndJoin(115)) - StateMachineUpdater:6d26f522-fe03-4a67-aa48-7af853b41a99:group-70DCA62087D8: set stopIndex = 0
2019-09-12 10:33:06,842 [ForkJoinPool.commonPool-worker-1] INFO  impl.RaftServerImpl (ServerState.java:close(394)) - 6d26f522-fe03-4a67-aa48-7af853b41a99:group-70DCA62087D8 closes. The last applied log index is 0
2019-09-12 10:33:06,841 [main] INFO  impl.RaftServerImpl (ServerState.java:close(394)) - 31c45c5a-0c90-4266-9947-1c7c078b7ec4:group-D9460205025E closes. The last applied log index is 0
2019-09-12 10:33:06,842 [6d26f522-fe03-4a67-aa48-7af853b41a99-SegmentedRaftLogWorker:Storage Directory /workdir/hadoop-ozone/integration-test/target/test-dir/MiniOzoneClusterImpl-5ecceb84-7f52-4627-9972-1a459b519b1f/datanode-1/data/ratis/0f624762-641c-472e-9825-70dca62087d8] INFO  segmented.SegmentedRaftLogWorker (SegmentedRaftLogWorker.java:run(313)) - 6d26f522-fe03-4a67-aa48-7af853b41a99-SegmentedRaftLogWorker:Storage Directory /workdir/hadoop-ozone/integration-test/target/test-dir/MiniOzoneClusterImpl-5ecceb84-7f52-4627-9972-1a459b519b1f/datanode-1/data/ratis/0f624762-641c-472e-9825-70dca62087d8 was interrupted, exiting. There are 0 tasks remaining in the queue.
2019-09-12 10:33:06,843 [31c45c5a-0c90-4266-9947-1c7c078b7ec4-SegmentedRaftLogWorker:Storage Directory /workdir/hadoop-ozone/integration-test/target/test-dir/MiniOzoneClusterImpl-5ecceb84-7f52-4627-9972-1a459b519b1f/datanode-4/data/ratis/9d57e1e7-9e50-4476-8c41-d9460205025e] INFO  segmented.SegmentedRaftLogWorker (SegmentedRaftLogWorker.java:run(313)) - 31c45c5a-0c90-4266-9947-1c7c078b7ec4-SegmentedRaftLogWorker:Storage Directory /workdir/hadoop-ozone/integration-test/target/test-dir/MiniOzoneClusterImpl-5ecceb84-7f52-4627-9972-1a459b519b1f/datanode-4/data/ratis/9d57e1e7-9e50-4476-8c41-d9460205025e was interrupted, exiting. There are 0 tasks remaining in the queue.
2019-09-12 10:33:06,845 [ForkJoinPool.commonPool-worker-1] INFO  segmented.SegmentedRaftLogWorker (SegmentedRaftLogWorker.java:close(228)) - 6d26f522-fe03-4a67-aa48-7af853b41a99-SegmentedRaftLogWorker:Storage Directory /workdir/hadoop-ozone/integration-test/target/test-dir/MiniOzoneClusterImpl-5ecceb84-7f52-4627-9972-1a459b519b1f/datanode-1/data/ratis/0f624762-641c-472e-9825-70dca62087d8 close()
2019-09-12 10:33:06,847 [main] INFO  segmented.SegmentedRaftLogWorker (SegmentedRaftLogWorker.java:close(228)) - 31c45c5a-0c90-4266-9947-1c7c078b7ec4-SegmentedRaftLogWorker:Storage Directory /workdir/hadoop-ozone/integration-test/target/test-dir/MiniOzoneClusterImpl-5ecceb84-7f52-4627-9972-1a459b519b1f/datanode-4/data/ratis/9d57e1e7-9e50-4476-8c41-d9460205025e close()
2019-09-12 10:33:06,852 [ForkJoinPool.commonPool-worker-1] INFO  impl.RaftServerImpl (RaftServerImpl.java:lambda$shutdown$3(245)) - 6d26f522-fe03-4a67-aa48-7af853b41a99: shutdown group-BD9A58BE66F4
2019-09-12 10:33:06,862 [main] INFO  impl.RaftServerImpl (RaftServerImpl.java:lambda$shutdown$3(245)) - 31c45c5a-0c90-4266-9947-1c7c078b7ec4: shutdown group-1FD6386E7063
2019-09-12 10:33:06,862 [ForkJoinPool.commonPool-worker-1] INFO  util.JmxRegister (JmxRegister.java:unregister(73)) - Successfully un-registered JMX Bean with object name Ratis:service=RaftServer,group=group-BD9A58BE66F4,id=6d26f522-fe03-4a67-aa48-7af853b41a99
2019-09-12 10:33:06,863 [main] INFO  util.JmxRegister (JmxRegister.java:unregister(73)) - Successfully un-registered JMX Bean with object name Ratis:service=RaftServer,group=group-1FD6386E7063,id=31c45c5a-0c90-4266-9947-1c7c078b7ec4
2019-09-12 10:33:06,863 [ForkJoinPool.commonPool-worker-1] INFO  impl.RoleInfo (RoleInfo.java:shutdownLeaderState(104)) - 6d26f522-fe03-4a67-aa48-7af853b41a99: shutdown LeaderState
2019-09-12 10:33:06,863 [main] INFO  impl.RoleInfo (RoleInfo.java:shutdownLeaderState(104)) - 31c45c5a-0c90-4266-9947-1c7c078b7ec4: shutdown LeaderState
2019-09-12 10:33:06,864 [ForkJoinPool.commonPool-worker-1] INFO  impl.PendingRequests (PendingRequests.java:sendNotLeaderResponses(202)) - 6d26f522-fe03-4a67-aa48-7af853b41a99-PendingRequests: sendNotLeaderResponses
2019-09-12 10:33:06,864 [main] INFO  impl.PendingRequests (PendingRequests.java:sendNotLeaderResponses(202)) - 31c45c5a-0c90-4266-9947-1c7c078b7ec4-PendingRequests: sendNotLeaderResponses
2019-09-12 10:33:06,865 [ForkJoinPool.commonPool-worker-1] INFO  impl.StateMachineUpdater (StateMachineUpdater.java:stopAndJoin(115)) - StateMachineUpdater:6d26f522-fe03-4a67-aa48-7af853b41a99:group-BD9A58BE66F4: set stopIndex = 0
2019-09-12 10:33:06,865 [main] INFO  impl.StateMachineUpdater (StateMachineUpdater.java:stopAndJoin(115)) - StateMachineUpdater:31c45c5a-0c90-4266-9947-1c7c078b7ec4:group-1FD6386E7063: set stopIndex = 0
2019-09-12 10:33:06,865 [ForkJoinPool.commonPool-worker-1] INFO  impl.RaftServerImpl (ServerState.java:close(394)) - 6d26f522-fe03-4a67-aa48-7af853b41a99:group-BD9A58BE66F4 closes. The last applied log index is 0
2019-09-12 10:33:06,866 [main] INFO  impl.RaftServerImpl (ServerState.java:close(394)) - 31c45c5a-0c90-4266-9947-1c7c078b7ec4:group-1FD6386E7063 closes. The last applied log index is 0
2019-09-12 10:33:06,866 [6d26f522-fe03-4a67-aa48-7af853b41a99-SegmentedRaftLogWorker:Storage Directory /workdir/hadoop-ozone/integration-test/target/test-dir/MiniOzoneClusterImpl-5ecceb84-7f52-4627-9972-1a459b519b1f/datanode-1/data/ratis/e087fddd-8cb0-4d65-8cc6-bd9a58be66f4] INFO  segmented.SegmentedRaftLogWorker (SegmentedRaftLogWorker.java:run(313)) - 6d26f522-fe03-4a67-aa48-7af853b41a99-SegmentedRaftLogWorker:Storage Directory /workdir/hadoop-ozone/integration-test/target/test-dir/MiniOzoneClusterImpl-5ecceb84-7f52-4627-9972-1a459b519b1f/datanode-1/data/ratis/e087fddd-8cb0-4d65-8cc6-bd9a58be66f4 was interrupted, exiting. There are 0 tasks remaining in the queue.
2019-09-12 10:33:06,867 [31c45c5a-0c90-4266-9947-1c7c078b7ec4-SegmentedRaftLogWorker:Storage Directory /workdir/hadoop-ozone/integration-test/target/test-dir/MiniOzoneClusterImpl-5ecceb84-7f52-4627-9972-1a459b519b1f/datanode-4/data/ratis/663b7dec-6338-46e9-a521-1fd6386e7063] INFO  segmented.SegmentedRaftLogWorker (SegmentedRaftLogWorker.java:run(313)) - 31c45c5a-0c90-4266-9947-1c7c078b7ec4-SegmentedRaftLogWorker:Storage Directory /workdir/hadoop-ozone/integration-test/target/test-dir/MiniOzoneClusterImpl-5ecceb84-7f52-4627-9972-1a459b519b1f/datanode-4/data/ratis/663b7dec-6338-46e9-a521-1fd6386e7063 was interrupted, exiting. There are 0 tasks remaining in the queue.
2019-09-12 10:33:06,867 [ForkJoinPool.commonPool-worker-1] INFO  segmented.SegmentedRaftLogWorker (SegmentedRaftLogWorker.java:close(228)) - 6d26f522-fe03-4a67-aa48-7af853b41a99-SegmentedRaftLogWorker:Storage Directory /workdir/hadoop-ozone/integration-test/target/test-dir/MiniOzoneClusterImpl-5ecceb84-7f52-4627-9972-1a459b519b1f/datanode-1/data/ratis/e087fddd-8cb0-4d65-8cc6-bd9a58be66f4 close()
2019-09-12 10:33:06,867 [main] INFO  segmented.SegmentedRaftLogWorker (SegmentedRaftLogWorker.java:close(228)) - 31c45c5a-0c90-4266-9947-1c7c078b7ec4-SegmentedRaftLogWorker:Storage Directory /workdir/hadoop-ozone/integration-test/target/test-dir/MiniOzoneClusterImpl-5ecceb84-7f52-4627-9972-1a459b519b1f/datanode-4/data/ratis/663b7dec-6338-46e9-a521-1fd6386e7063 close()
2019-09-12 10:33:06,872 [ForkJoinPool.commonPool-worker-1] INFO  server.GrpcService (GrpcService.java:closeImpl(155)) - 6d26f522-fe03-4a67-aa48-7af853b41a99: shutdown server with port 44863 now
2019-09-12 10:33:06,872 [main] INFO  server.GrpcService (GrpcService.java:closeImpl(155)) - 31c45c5a-0c90-4266-9947-1c7c078b7ec4: shutdown server with port 42694 now
2019-09-12 10:33:06,876 [main] INFO  server.GrpcService (GrpcService.java:closeImpl(163)) - 31c45c5a-0c90-4266-9947-1c7c078b7ec4: shutdown server with port 42694 successfully
2019-09-12 10:33:06,878 [ForkJoinPool.commonPool-worker-1] INFO  server.GrpcService (GrpcService.java:closeImpl(163)) - 6d26f522-fe03-4a67-aa48-7af853b41a99: shutdown server with port 44863 successfully
2019-09-12 10:33:06,882 [ForkJoinPool.commonPool-worker-1] INFO  utils.BackgroundService (BackgroundService.java:shutdown(148)) - Shutting down service BlockDeletingService
2019-09-12 10:33:06,884 [refreshUsed-/workdir/hadoop-ozone/integration-test/target/test-dir/MiniOzoneClusterImpl-5ecceb84-7f52-4627-9972-1a459b519b1f/datanode-1/data/containers] WARN  fs.CachingGetSpaceUsed (CachingGetSpaceUsed.java:run(183)) - Thread Interrupted waiting to refresh disk information: sleep interrupted
2019-09-12 10:33:06,894 [main] INFO  utils.BackgroundService (BackgroundService.java:shutdown(148)) - Shutting down service BlockDeletingService
2019-09-12 10:33:06,899 [refreshUsed-/workdir/hadoop-ozone/integration-test/target/test-dir/MiniOzoneClusterImpl-5ecceb84-7f52-4627-9972-1a459b519b1f/datanode-4/data/containers] WARN  fs.CachingGetSpaceUsed (CachingGetSpaceUsed.java:run(183)) - Thread Interrupted waiting to refresh disk information: sleep interrupted
2019-09-12 10:33:06,913 [ForkJoinPool.commonPool-worker-1] INFO  statemachine.DatanodeStateMachine (DatanodeStateMachine.java:stopDaemon(395)) - Ozone container server stopped.
2019-09-12 10:33:06,919 [ForkJoinPool.commonPool-worker-1] INFO  handler.ContextHandler (ContextHandler.java:doStop(910)) - Stopped o.e.j.w.WebAppContext@5234b61a{/,null,UNAVAILABLE}{/hddsDatanode}
2019-09-12 10:33:06,919 [ForkJoinPool.commonPool-worker-1] INFO  server.AbstractConnector (AbstractConnector.java:doStop(318)) - Stopped ServerConnector@22a260ff{HTTP/1.1,[http/1.1]}{0.0.0.0:0}
2019-09-12 10:33:06,921 [ForkJoinPool.commonPool-worker-1] INFO  handler.ContextHandler (ContextHandler.java:doStop(910)) - Stopped o.e.j.s.ServletContextHandler@9cfc77{/static,jar:file:/home/user/.m2/repository/org/apache/hadoop/hadoop-hdds-container-service/0.5.0-SNAPSHOT/hadoop-hdds-container-service-0.5.0-SNAPSHOT.jar!/webapps/static,UNAVAILABLE}
2019-09-12 10:33:06,923 [ForkJoinPool.commonPool-worker-1] INFO  handler.ContextHandler (ContextHandler.java:doStop(910)) - Stopped o.e.j.s.ServletContextHandler@68af87ad{/logs,file:///workdir/hadoop-ozone/integration-test/target/log,UNAVAILABLE}
2019-09-12 10:33:06,924 [ForkJoinPool.commonPool-worker-1] INFO  datanode.ObjectStoreHandler (ObjectStoreHandler.java:close(155)) - Closing ObjectStoreHandler.
2019-09-12 10:33:06,924 [ForkJoinPool.commonPool-worker-1] INFO  ozone.HddsDatanodeService (HddsDatanodeService.java:stop(451)) - Stopped plug-in org.apache.hadoop.ozone.web.OzoneHddsDatanodeService@703fa45
2019-09-12 10:33:06,935 [main] INFO  statemachine.DatanodeStateMachine (DatanodeStateMachine.java:stopDaemon(395)) - Ozone container server stopped.
2019-09-12 10:33:06,936 [main] INFO  handler.ContextHandler (ContextHandler.java:doStop(910)) - Stopped o.e.j.w.WebAppContext@2d237460{/,null,UNAVAILABLE}{/hddsDatanode}
2019-09-12 10:33:06,937 [main] INFO  server.AbstractConnector (AbstractConnector.java:doStop(318)) - Stopped ServerConnector@48f2054d{HTTP/1.1,[http/1.1]}{0.0.0.0:0}
2019-09-12 10:33:06,937 [main] INFO  handler.ContextHandler (ContextHandler.java:doStop(910)) - Stopped o.e.j.s.ServletContextHandler@154b8cb6{/static,jar:file:/home/user/.m2/repository/org/apache/hadoop/hadoop-hdds-container-service/0.5.0-SNAPSHOT/hadoop-hdds-container-service-0.5.0-SNAPSHOT.jar!/webapps/static,UNAVAILABLE}
2019-09-12 10:33:06,937 [main] INFO  handler.ContextHandler (ContextHandler.java:doStop(910)) - Stopped o.e.j.s.ServletContextHandler@1c7f9861{/logs,file:///workdir/hadoop-ozone/integration-test/target/log,UNAVAILABLE}
2019-09-12 10:33:06,939 [main] INFO  datanode.ObjectStoreHandler (ObjectStoreHandler.java:close(155)) - Closing ObjectStoreHandler.
2019-09-12 10:33:06,939 [main] INFO  ozone.HddsDatanodeService (HddsDatanodeService.java:stop(451)) - Stopped plug-in org.apache.hadoop.ozone.web.OzoneHddsDatanodeService@72c4a3aa
2019-09-12 10:33:07,269 [Datanode State Machine Thread - 0] INFO  statemachine.DatanodeStateMachine (DatanodeStateMachine.java:lambda$startDaemon$0(350)) - Ozone container server started.
2019-09-12 10:33:07,370 | INFO  | SCMAudit | user=jenkins1000 | ip=192.168.157.195 | op=SEND_HEARTBEAT {datanodeUUID=6d8e2272-d3cb-43aa-845f-9a021007c4ce, command=[]} | ret=SUCCESS |  
2019-09-12 10:33:07,472 | INFO  | SCMAudit | user=jenkins1000 | ip=192.168.157.195 | op=SEND_HEARTBEAT {datanodeUUID=81ee34d7-b83f-41e3-b846-e574d684802c, command=[]} | ret=SUCCESS |  
2019-09-12 10:33:07,616 | INFO  | SCMAudit | user=jenkins1000 | ip=192.168.157.195 | op=SEND_HEARTBEAT {datanodeUUID=083ebb38-73c7-4c90-bb26-8945a60751ec, command=[]} | ret=SUCCESS |  
2019-09-12 10:33:07,763 [Datanode State Machine Thread - 0] INFO  statemachine.DatanodeStateMachine (DatanodeStateMachine.java:lambda$startDaemon$0(350)) - Ozone container server started.
2019-09-12 10:33:08,370 | INFO  | SCMAudit | user=jenkins1000 | ip=192.168.157.195 | op=SEND_HEARTBEAT {datanodeUUID=6d8e2272-d3cb-43aa-845f-9a021007c4ce, command=[]} | ret=SUCCESS |  
2019-09-12 10:33:08,472 | INFO  | SCMAudit | user=jenkins1000 | ip=192.168.157.195 | op=SEND_HEARTBEAT {datanodeUUID=81ee34d7-b83f-41e3-b846-e574d684802c, command=[]} | ret=SUCCESS |  
2019-09-12 10:33:08,616 | INFO  | SCMAudit | user=jenkins1000 | ip=192.168.157.195 | op=SEND_HEARTBEAT {datanodeUUID=083ebb38-73c7-4c90-bb26-8945a60751ec, command=[]} | ret=SUCCESS |  
2019-09-12 10:33:09,370 | INFO  | SCMAudit | user=jenkins1000 | ip=192.168.157.195 | op=SEND_HEARTBEAT {datanodeUUID=6d8e2272-d3cb-43aa-845f-9a021007c4ce, command=[]} | ret=SUCCESS |  
2019-09-12 10:33:09,471 | INFO  | SCMAudit | user=jenkins1000 | ip=192.168.157.195 | op=SEND_HEARTBEAT {datanodeUUID=81ee34d7-b83f-41e3-b846-e574d684802c, command=[]} | ret=SUCCESS |  
2019-09-12 10:33:09,616 | INFO  | SCMAudit | user=jenkins1000 | ip=192.168.157.195 | op=SEND_HEARTBEAT {datanodeUUID=083ebb38-73c7-4c90-bb26-8945a60751ec, command=[]} | ret=SUCCESS |  
2019-09-12 10:33:10,370 | INFO  | SCMAudit | user=jenkins1000 | ip=192.168.157.195 | op=SEND_HEARTBEAT {datanodeUUID=6d8e2272-d3cb-43aa-845f-9a021007c4ce, command=[]} | ret=SUCCESS |  
2019-09-12 10:33:10,472 | INFO  | SCMAudit | user=jenkins1000 | ip=192.168.157.195 | op=SEND_HEARTBEAT {datanodeUUID=81ee34d7-b83f-41e3-b846-e574d684802c, command=[]} | ret=SUCCESS |  
2019-09-12 10:33:10,616 | INFO  | SCMAudit | user=jenkins1000 | ip=192.168.157.195 | op=SEND_HEARTBEAT {datanodeUUID=083ebb38-73c7-4c90-bb26-8945a60751ec, command=[]} | ret=SUCCESS |  
2019-09-12 10:33:11,370 | INFO  | SCMAudit | user=jenkins1000 | ip=192.168.157.195 | op=SEND_HEARTBEAT {datanodeUUID=6d8e2272-d3cb-43aa-845f-9a021007c4ce, command=[]} | ret=SUCCESS |  
2019-09-12 10:33:11,472 | INFO  | SCMAudit | user=jenkins1000 | ip=192.168.157.195 | op=SEND_HEARTBEAT {datanodeUUID=81ee34d7-b83f-41e3-b846-e574d684802c, command=[]} | ret=SUCCESS |  
2019-09-12 10:33:11,616 | INFO  | SCMAudit | user=jenkins1000 | ip=192.168.157.195 | op=SEND_HEARTBEAT {datanodeUUID=083ebb38-73c7-4c90-bb26-8945a60751ec, command=[]} | ret=SUCCESS |  
2019-09-12 10:33:11,925 [ForkJoinPool.commonPool-worker-1] INFO  ozoneimpl.OzoneContainer (OzoneContainer.java:stop(199)) - Attempting to stop container services.
2019-09-12 10:33:11,926 [ForkJoinPool.commonPool-worker-1] INFO  impl.RaftServerProxy (RaftServerProxy.java:lambda$close$4(314)) - 6f7ced02-9074-41a5-813c-bc7a1b1d7969: close
2019-09-12 10:33:11,926 [ForkJoinPool.commonPool-worker-1] INFO  impl.RaftServerImpl (RaftServerImpl.java:lambda$shutdown$3(245)) - 6f7ced02-9074-41a5-813c-bc7a1b1d7969: shutdown group-ABE0FF540716
2019-09-12 10:33:11,927 [ForkJoinPool.commonPool-worker-1] INFO  util.JmxRegister (JmxRegister.java:unregister(73)) - Successfully un-registered JMX Bean with object name Ratis:service=RaftServer,group=group-ABE0FF540716,id=6f7ced02-9074-41a5-813c-bc7a1b1d7969
2019-09-12 10:33:11,927 [ForkJoinPool.commonPool-worker-1] INFO  impl.RoleInfo (RoleInfo.java:shutdownLeaderState(104)) - 6f7ced02-9074-41a5-813c-bc7a1b1d7969: shutdown LeaderState
2019-09-12 10:33:11,928 [ForkJoinPool.commonPool-worker-1] INFO  impl.PendingRequests (PendingRequests.java:sendNotLeaderResponses(202)) - 6f7ced02-9074-41a5-813c-bc7a1b1d7969-PendingRequests: sendNotLeaderResponses
2019-09-12 10:33:11,928 [ForkJoinPool.commonPool-worker-1] INFO  impl.StateMachineUpdater (StateMachineUpdater.java:stopAndJoin(115)) - StateMachineUpdater:6f7ced02-9074-41a5-813c-bc7a1b1d7969:group-ABE0FF540716: set stopIndex = 0
2019-09-12 10:33:11,928 [ForkJoinPool.commonPool-worker-1] INFO  impl.RaftServerImpl (ServerState.java:close(394)) - 6f7ced02-9074-41a5-813c-bc7a1b1d7969:group-ABE0FF540716 closes. The last applied log index is 0
2019-09-12 10:33:11,929 [6f7ced02-9074-41a5-813c-bc7a1b1d7969-SegmentedRaftLogWorker:Storage Directory /workdir/hadoop-ozone/integration-test/target/test-dir/MiniOzoneClusterImpl-5ecceb84-7f52-4627-9972-1a459b519b1f/datanode-2/data/ratis/967ba0af-7b45-4c01-8836-abe0ff540716] INFO  segmented.SegmentedRaftLogWorker (SegmentedRaftLogWorker.java:run(313)) - 6f7ced02-9074-41a5-813c-bc7a1b1d7969-SegmentedRaftLogWorker:Storage Directory /workdir/hadoop-ozone/integration-test/target/test-dir/MiniOzoneClusterImpl-5ecceb84-7f52-4627-9972-1a459b519b1f/datanode-2/data/ratis/967ba0af-7b45-4c01-8836-abe0ff540716 was interrupted, exiting. There are 0 tasks remaining in the queue.
2019-09-12 10:33:11,929 [ForkJoinPool.commonPool-worker-1] INFO  segmented.SegmentedRaftLogWorker (SegmentedRaftLogWorker.java:close(228)) - 6f7ced02-9074-41a5-813c-bc7a1b1d7969-SegmentedRaftLogWorker:Storage Directory /workdir/hadoop-ozone/integration-test/target/test-dir/MiniOzoneClusterImpl-5ecceb84-7f52-4627-9972-1a459b519b1f/datanode-2/data/ratis/967ba0af-7b45-4c01-8836-abe0ff540716 close()
2019-09-12 10:33:11,933 [ForkJoinPool.commonPool-worker-1] INFO  impl.RaftServerImpl (RaftServerImpl.java:lambda$shutdown$3(245)) - 6f7ced02-9074-41a5-813c-bc7a1b1d7969: shutdown group-A447A57EB824
2019-09-12 10:33:11,933 [ForkJoinPool.commonPool-worker-1] INFO  util.JmxRegister (JmxRegister.java:unregister(73)) - Successfully un-registered JMX Bean with object name Ratis:service=RaftServer,group=group-A447A57EB824,id=6f7ced02-9074-41a5-813c-bc7a1b1d7969
2019-09-12 10:33:11,934 [ForkJoinPool.commonPool-worker-1] INFO  impl.RoleInfo (RoleInfo.java:shutdownLeaderState(104)) - 6f7ced02-9074-41a5-813c-bc7a1b1d7969: shutdown LeaderState
2019-09-12 10:33:11,934 [ForkJoinPool.commonPool-worker-1] INFO  impl.PendingRequests (PendingRequests.java:sendNotLeaderResponses(202)) - 6f7ced02-9074-41a5-813c-bc7a1b1d7969-PendingRequests: sendNotLeaderResponses
2019-09-12 10:33:11,934 [ForkJoinPool.commonPool-worker-1] INFO  impl.StateMachineUpdater (StateMachineUpdater.java:stopAndJoin(115)) - StateMachineUpdater:6f7ced02-9074-41a5-813c-bc7a1b1d7969:group-A447A57EB824: set stopIndex = 0
2019-09-12 10:33:11,935 [ForkJoinPool.commonPool-worker-1] INFO  impl.RaftServerImpl (ServerState.java:close(394)) - 6f7ced02-9074-41a5-813c-bc7a1b1d7969:group-A447A57EB824 closes. The last applied log index is 0
2019-09-12 10:33:11,935 [6f7ced02-9074-41a5-813c-bc7a1b1d7969-SegmentedRaftLogWorker:Storage Directory /workdir/hadoop-ozone/integration-test/target/test-dir/MiniOzoneClusterImpl-5ecceb84-7f52-4627-9972-1a459b519b1f/datanode-2/data/ratis/2f8a7a8a-3d68-4389-910e-a447a57eb824] INFO  segmented.SegmentedRaftLogWorker (SegmentedRaftLogWorker.java:run(313)) - 6f7ced02-9074-41a5-813c-bc7a1b1d7969-SegmentedRaftLogWorker:Storage Directory /workdir/hadoop-ozone/integration-test/target/test-dir/MiniOzoneClusterImpl-5ecceb84-7f52-4627-9972-1a459b519b1f/datanode-2/data/ratis/2f8a7a8a-3d68-4389-910e-a447a57eb824 was interrupted, exiting. There are 0 tasks remaining in the queue.
2019-09-12 10:33:11,940 [main] INFO  ozoneimpl.OzoneContainer (OzoneContainer.java:stop(199)) - Attempting to stop container services.
2019-09-12 10:33:11,941 [main] INFO  impl.RaftServerProxy (RaftServerProxy.java:lambda$close$4(314)) - e0e61d4c-2e09-4c56-8609-a14bb69c63aa: close
2019-09-12 10:33:11,942 [main] INFO  impl.RaftServerImpl (RaftServerImpl.java:lambda$shutdown$3(245)) - e0e61d4c-2e09-4c56-8609-a14bb69c63aa: shutdown group-D7E2F5346064
2019-09-12 10:33:11,942 [main] INFO  util.JmxRegister (JmxRegister.java:unregister(73)) - Successfully un-registered JMX Bean with object name Ratis:service=RaftServer,group=group-D7E2F5346064,id=e0e61d4c-2e09-4c56-8609-a14bb69c63aa
2019-09-12 10:33:11,943 [main] INFO  impl.RoleInfo (RoleInfo.java:shutdownLeaderState(104)) - e0e61d4c-2e09-4c56-8609-a14bb69c63aa: shutdown LeaderState
2019-09-12 10:33:11,943 [main] INFO  impl.PendingRequests (PendingRequests.java:sendNotLeaderResponses(202)) - e0e61d4c-2e09-4c56-8609-a14bb69c63aa-PendingRequests: sendNotLeaderResponses
2019-09-12 10:33:11,944 [main] INFO  impl.StateMachineUpdater (StateMachineUpdater.java:stopAndJoin(115)) - StateMachineUpdater:e0e61d4c-2e09-4c56-8609-a14bb69c63aa:group-D7E2F5346064: set stopIndex = 0
2019-09-12 10:33:11,944 [main] INFO  impl.RaftServerImpl (ServerState.java:close(394)) - e0e61d4c-2e09-4c56-8609-a14bb69c63aa:group-D7E2F5346064 closes. The last applied log index is 0
2019-09-12 10:33:11,945 [e0e61d4c-2e09-4c56-8609-a14bb69c63aa-SegmentedRaftLogWorker:Storage Directory /workdir/hadoop-ozone/integration-test/target/test-dir/MiniOzoneClusterImpl-5ecceb84-7f52-4627-9972-1a459b519b1f/datanode-3/data/ratis/9fcfa197-1eec-4bb8-9009-d7e2f5346064] INFO  segmented.SegmentedRaftLogWorker (SegmentedRaftLogWorker.java:run(313)) - e0e61d4c-2e09-4c56-8609-a14bb69c63aa-SegmentedRaftLogWorker:Storage Directory /workdir/hadoop-ozone/integration-test/target/test-dir/MiniOzoneClusterImpl-5ecceb84-7f52-4627-9972-1a459b519b1f/datanode-3/data/ratis/9fcfa197-1eec-4bb8-9009-d7e2f5346064 was interrupted, exiting. There are 0 tasks remaining in the queue.
2019-09-12 10:33:11,948 [ForkJoinPool.commonPool-worker-1] INFO  segmented.SegmentedRaftLogWorker (SegmentedRaftLogWorker.java:close(228)) - 6f7ced02-9074-41a5-813c-bc7a1b1d7969-SegmentedRaftLogWorker:Storage Directory /workdir/hadoop-ozone/integration-test/target/test-dir/MiniOzoneClusterImpl-5ecceb84-7f52-4627-9972-1a459b519b1f/datanode-2/data/ratis/2f8a7a8a-3d68-4389-910e-a447a57eb824 close()
2019-09-12 10:33:11,948 [main] INFO  segmented.SegmentedRaftLogWorker (SegmentedRaftLogWorker.java:close(228)) - e0e61d4c-2e09-4c56-8609-a14bb69c63aa-SegmentedRaftLogWorker:Storage Directory /workdir/hadoop-ozone/integration-test/target/test-dir/MiniOzoneClusterImpl-5ecceb84-7f52-4627-9972-1a459b519b1f/datanode-3/data/ratis/9fcfa197-1eec-4bb8-9009-d7e2f5346064 close()
2019-09-12 10:33:11,951 [ForkJoinPool.commonPool-worker-1] INFO  impl.RaftServerImpl (RaftServerImpl.java:lambda$shutdown$3(245)) - 6f7ced02-9074-41a5-813c-bc7a1b1d7969: shutdown group-CFE5A37682F4
2019-09-12 10:33:11,953 [main] INFO  impl.RaftServerImpl (RaftServerImpl.java:lambda$shutdown$3(245)) - e0e61d4c-2e09-4c56-8609-a14bb69c63aa: shutdown group-B98549460CF5
2019-09-12 10:33:11,953 [ForkJoinPool.commonPool-worker-1] INFO  util.JmxRegister (JmxRegister.java:unregister(73)) - Successfully un-registered JMX Bean with object name Ratis:service=RaftServer,group=group-CFE5A37682F4,id=6f7ced02-9074-41a5-813c-bc7a1b1d7969
2019-09-12 10:33:11,954 [main] INFO  util.JmxRegister (JmxRegister.java:unregister(73)) - Successfully un-registered JMX Bean with object name Ratis:service=RaftServer,group=group-B98549460CF5,id=e0e61d4c-2e09-4c56-8609-a14bb69c63aa
2019-09-12 10:33:11,954 [ForkJoinPool.commonPool-worker-1] INFO  impl.RoleInfo (RoleInfo.java:shutdownLeaderState(104)) - 6f7ced02-9074-41a5-813c-bc7a1b1d7969: shutdown LeaderState
2019-09-12 10:33:11,954 [main] INFO  impl.RoleInfo (RoleInfo.java:shutdownLeaderState(104)) - e0e61d4c-2e09-4c56-8609-a14bb69c63aa: shutdown LeaderState
2019-09-12 10:33:11,955 [ForkJoinPool.commonPool-worker-1] INFO  impl.PendingRequests (PendingRequests.java:sendNotLeaderResponses(202)) - 6f7ced02-9074-41a5-813c-bc7a1b1d7969-PendingRequests: sendNotLeaderResponses
2019-09-12 10:33:11,955 [main] INFO  impl.PendingRequests (PendingRequests.java:sendNotLeaderResponses(202)) - e0e61d4c-2e09-4c56-8609-a14bb69c63aa-PendingRequests: sendNotLeaderResponses
2019-09-12 10:33:11,955 [ForkJoinPool.commonPool-worker-1] INFO  impl.StateMachineUpdater (StateMachineUpdater.java:stopAndJoin(115)) - StateMachineUpdater:6f7ced02-9074-41a5-813c-bc7a1b1d7969:group-CFE5A37682F4: set stopIndex = 0
2019-09-12 10:33:11,956 [main] INFO  impl.StateMachineUpdater (StateMachineUpdater.java:stopAndJoin(115)) - StateMachineUpdater:e0e61d4c-2e09-4c56-8609-a14bb69c63aa:group-B98549460CF5: set stopIndex = 0
2019-09-12 10:33:11,956 [ForkJoinPool.commonPool-worker-1] INFO  impl.RaftServerImpl (ServerState.java:close(394)) - 6f7ced02-9074-41a5-813c-bc7a1b1d7969:group-CFE5A37682F4 closes. The last applied log index is 0
2019-09-12 10:33:11,957 [main] INFO  impl.RaftServerImpl (ServerState.java:close(394)) - e0e61d4c-2e09-4c56-8609-a14bb69c63aa:group-B98549460CF5 closes. The last applied log index is 0
2019-09-12 10:33:11,957 [6f7ced02-9074-41a5-813c-bc7a1b1d7969-SegmentedRaftLogWorker:Storage Directory /workdir/hadoop-ozone/integration-test/target/test-dir/MiniOzoneClusterImpl-5ecceb84-7f52-4627-9972-1a459b519b1f/datanode-2/data/ratis/73ef2f8e-6b96-4b5f-a563-cfe5a37682f4] INFO  segmented.SegmentedRaftLogWorker (SegmentedRaftLogWorker.java:run(313)) - 6f7ced02-9074-41a5-813c-bc7a1b1d7969-SegmentedRaftLogWorker:Storage Directory /workdir/hadoop-ozone/integration-test/target/test-dir/MiniOzoneClusterImpl-5ecceb84-7f52-4627-9972-1a459b519b1f/datanode-2/data/ratis/73ef2f8e-6b96-4b5f-a563-cfe5a37682f4 was interrupted, exiting. There are 0 tasks remaining in the queue.
2019-09-12 10:33:11,958 [e0e61d4c-2e09-4c56-8609-a14bb69c63aa-SegmentedRaftLogWorker:Storage Directory /workdir/hadoop-ozone/integration-test/target/test-dir/MiniOzoneClusterImpl-5ecceb84-7f52-4627-9972-1a459b519b1f/datanode-3/data/ratis/a00dd72a-4221-4cf3-ae12-b98549460cf5] INFO  segmented.SegmentedRaftLogWorker (SegmentedRaftLogWorker.java:run(313)) - e0e61d4c-2e09-4c56-8609-a14bb69c63aa-SegmentedRaftLogWorker:Storage Directory /workdir/hadoop-ozone/integration-test/target/test-dir/MiniOzoneClusterImpl-5ecceb84-7f52-4627-9972-1a459b519b1f/datanode-3/data/ratis/a00dd72a-4221-4cf3-ae12-b98549460cf5 was interrupted, exiting. There are 0 tasks remaining in the queue.
2019-09-12 10:33:11,958 [ForkJoinPool.commonPool-worker-1] INFO  segmented.SegmentedRaftLogWorker (SegmentedRaftLogWorker.java:close(228)) - 6f7ced02-9074-41a5-813c-bc7a1b1d7969-SegmentedRaftLogWorker:Storage Directory /workdir/hadoop-ozone/integration-test/target/test-dir/MiniOzoneClusterImpl-5ecceb84-7f52-4627-9972-1a459b519b1f/datanode-2/data/ratis/73ef2f8e-6b96-4b5f-a563-cfe5a37682f4 close()
2019-09-12 10:33:11,958 [main] INFO  segmented.SegmentedRaftLogWorker (SegmentedRaftLogWorker.java:close(228)) - e0e61d4c-2e09-4c56-8609-a14bb69c63aa-SegmentedRaftLogWorker:Storage Directory /workdir/hadoop-ozone/integration-test/target/test-dir/MiniOzoneClusterImpl-5ecceb84-7f52-4627-9972-1a459b519b1f/datanode-3/data/ratis/a00dd72a-4221-4cf3-ae12-b98549460cf5 close()
2019-09-12 10:33:11,960 [ForkJoinPool.commonPool-worker-1] INFO  impl.RaftServerImpl (RaftServerImpl.java:lambda$shutdown$3(245)) - 6f7ced02-9074-41a5-813c-bc7a1b1d7969: shutdown group-758DF5410486
2019-09-12 10:33:11,962 [main] INFO  impl.RaftServerImpl (RaftServerImpl.java:lambda$shutdown$3(245)) - e0e61d4c-2e09-4c56-8609-a14bb69c63aa: shutdown group-901F29994EC9
2019-09-12 10:33:11,962 [ForkJoinPool.commonPool-worker-1] INFO  util.JmxRegister (JmxRegister.java:unregister(73)) - Successfully un-registered JMX Bean with object name Ratis:service=RaftServer,group=group-758DF5410486,id=6f7ced02-9074-41a5-813c-bc7a1b1d7969
2019-09-12 10:33:11,963 [main] INFO  util.JmxRegister (JmxRegister.java:unregister(73)) - Successfully un-registered JMX Bean with object name Ratis:service=RaftServer,group=group-901F29994EC9,id=e0e61d4c-2e09-4c56-8609-a14bb69c63aa
2019-09-12 10:33:11,963 [ForkJoinPool.commonPool-worker-1] INFO  impl.RoleInfo (RoleInfo.java:shutdownLeaderState(104)) - 6f7ced02-9074-41a5-813c-bc7a1b1d7969: shutdown LeaderState
2019-09-12 10:33:11,963 [main] INFO  impl.RoleInfo (RoleInfo.java:shutdownLeaderState(104)) - e0e61d4c-2e09-4c56-8609-a14bb69c63aa: shutdown LeaderState
2019-09-12 10:33:11,964 [ForkJoinPool.commonPool-worker-1] INFO  impl.PendingRequests (PendingRequests.java:sendNotLeaderResponses(202)) - 6f7ced02-9074-41a5-813c-bc7a1b1d7969-PendingRequests: sendNotLeaderResponses
2019-09-12 10:33:11,964 [main] INFO  impl.PendingRequests (PendingRequests.java:sendNotLeaderResponses(202)) - e0e61d4c-2e09-4c56-8609-a14bb69c63aa-PendingRequests: sendNotLeaderResponses
2019-09-12 10:33:11,965 [ForkJoinPool.commonPool-worker-1] INFO  impl.StateMachineUpdater (StateMachineUpdater.java:stopAndJoin(115)) - StateMachineUpdater:6f7ced02-9074-41a5-813c-bc7a1b1d7969:group-758DF5410486: set stopIndex = 0
2019-09-12 10:33:11,965 [main] INFO  impl.StateMachineUpdater (StateMachineUpdater.java:stopAndJoin(115)) - StateMachineUpdater:e0e61d4c-2e09-4c56-8609-a14bb69c63aa:group-901F29994EC9: set stopIndex = 0
2019-09-12 10:33:11,966 [main] INFO  impl.RaftServerImpl (ServerState.java:close(394)) - e0e61d4c-2e09-4c56-8609-a14bb69c63aa:group-901F29994EC9 closes. The last applied log index is 0
2019-09-12 10:33:11,965 [ForkJoinPool.commonPool-worker-1] INFO  impl.RaftServerImpl (ServerState.java:close(394)) - 6f7ced02-9074-41a5-813c-bc7a1b1d7969:group-758DF5410486 closes. The last applied log index is 0
2019-09-12 10:33:11,966 [e0e61d4c-2e09-4c56-8609-a14bb69c63aa-SegmentedRaftLogWorker:Storage Directory /workdir/hadoop-ozone/integration-test/target/test-dir/MiniOzoneClusterImpl-5ecceb84-7f52-4627-9972-1a459b519b1f/datanode-3/data/ratis/1cb3e4e1-2f3b-4823-a824-901f29994ec9] INFO  segmented.SegmentedRaftLogWorker (SegmentedRaftLogWorker.java:run(313)) - e0e61d4c-2e09-4c56-8609-a14bb69c63aa-SegmentedRaftLogWorker:Storage Directory /workdir/hadoop-ozone/integration-test/target/test-dir/MiniOzoneClusterImpl-5ecceb84-7f52-4627-9972-1a459b519b1f/datanode-3/data/ratis/1cb3e4e1-2f3b-4823-a824-901f29994ec9 was interrupted, exiting. There are 0 tasks remaining in the queue.
2019-09-12 10:33:11,967 [6f7ced02-9074-41a5-813c-bc7a1b1d7969-SegmentedRaftLogWorker:Storage Directory /workdir/hadoop-ozone/integration-test/target/test-dir/MiniOzoneClusterImpl-5ecceb84-7f52-4627-9972-1a459b519b1f/datanode-2/data/ratis/9e3ce721-79bf-4719-a57d-758df5410486] INFO  segmented.SegmentedRaftLogWorker (SegmentedRaftLogWorker.java:run(313)) - 6f7ced02-9074-41a5-813c-bc7a1b1d7969-SegmentedRaftLogWorker:Storage Directory /workdir/hadoop-ozone/integration-test/target/test-dir/MiniOzoneClusterImpl-5ecceb84-7f52-4627-9972-1a459b519b1f/datanode-2/data/ratis/9e3ce721-79bf-4719-a57d-758df5410486 was interrupted, exiting. There are 0 tasks remaining in the queue.
2019-09-12 10:33:11,967 [main] INFO  segmented.SegmentedRaftLogWorker (SegmentedRaftLogWorker.java:close(228)) - e0e61d4c-2e09-4c56-8609-a14bb69c63aa-SegmentedRaftLogWorker:Storage Directory /workdir/hadoop-ozone/integration-test/target/test-dir/MiniOzoneClusterImpl-5ecceb84-7f52-4627-9972-1a459b519b1f/datanode-3/data/ratis/1cb3e4e1-2f3b-4823-a824-901f29994ec9 close()
2019-09-12 10:33:11,967 [ForkJoinPool.commonPool-worker-1] INFO  segmented.SegmentedRaftLogWorker (SegmentedRaftLogWorker.java:close(228)) - 6f7ced02-9074-41a5-813c-bc7a1b1d7969-SegmentedRaftLogWorker:Storage Directory /workdir/hadoop-ozone/integration-test/target/test-dir/MiniOzoneClusterImpl-5ecceb84-7f52-4627-9972-1a459b519b1f/datanode-2/data/ratis/9e3ce721-79bf-4719-a57d-758df5410486 close()
2019-09-12 10:33:11,969 [main] INFO  impl.RaftServerImpl (RaftServerImpl.java:lambda$shutdown$3(245)) - e0e61d4c-2e09-4c56-8609-a14bb69c63aa: shutdown group-784DA556277A
2019-09-12 10:33:11,971 [ForkJoinPool.commonPool-worker-1] INFO  impl.RaftServerImpl (RaftServerImpl.java:lambda$shutdown$3(245)) - 6f7ced02-9074-41a5-813c-bc7a1b1d7969: shutdown group-0A277EC3A902
2019-09-12 10:33:11,971 [main] INFO  util.JmxRegister (JmxRegister.java:unregister(73)) - Successfully un-registered JMX Bean with object name Ratis:service=RaftServer,group=group-784DA556277A,id=e0e61d4c-2e09-4c56-8609-a14bb69c63aa
2019-09-12 10:33:11,972 [ForkJoinPool.commonPool-worker-1] INFO  util.JmxRegister (JmxRegister.java:unregister(73)) - Successfully un-registered JMX Bean with object name Ratis:service=RaftServer,group=group-0A277EC3A902,id=6f7ced02-9074-41a5-813c-bc7a1b1d7969
2019-09-12 10:33:11,972 [main] INFO  impl.RoleInfo (RoleInfo.java:shutdownLeaderState(104)) - e0e61d4c-2e09-4c56-8609-a14bb69c63aa: shutdown LeaderState
2019-09-12 10:33:11,972 [ForkJoinPool.commonPool-worker-1] INFO  impl.RoleInfo (RoleInfo.java:shutdownLeaderState(104)) - 6f7ced02-9074-41a5-813c-bc7a1b1d7969: shutdown LeaderState
2019-09-12 10:33:11,973 [main] INFO  impl.PendingRequests (PendingRequests.java:sendNotLeaderResponses(202)) - e0e61d4c-2e09-4c56-8609-a14bb69c63aa-PendingRequests: sendNotLeaderResponses
2019-09-12 10:33:11,973 [ForkJoinPool.commonPool-worker-1] INFO  impl.PendingRequests (PendingRequests.java:sendNotLeaderResponses(202)) - 6f7ced02-9074-41a5-813c-bc7a1b1d7969-PendingRequests: sendNotLeaderResponses
2019-09-12 10:33:11,974 [main] INFO  impl.StateMachineUpdater (StateMachineUpdater.java:stopAndJoin(115)) - StateMachineUpdater:e0e61d4c-2e09-4c56-8609-a14bb69c63aa:group-784DA556277A: set stopIndex = 0
2019-09-12 10:33:11,974 [ForkJoinPool.commonPool-worker-1] INFO  impl.StateMachineUpdater (StateMachineUpdater.java:stopAndJoin(115)) - StateMachineUpdater:6f7ced02-9074-41a5-813c-bc7a1b1d7969:group-0A277EC3A902: set stopIndex = 0
2019-09-12 10:33:11,974 [main] INFO  impl.RaftServerImpl (ServerState.java:close(394)) - e0e61d4c-2e09-4c56-8609-a14bb69c63aa:group-784DA556277A closes. The last applied log index is 0
2019-09-12 10:33:11,975 [ForkJoinPool.commonPool-worker-1] INFO  impl.RaftServerImpl (ServerState.java:close(394)) - 6f7ced02-9074-41a5-813c-bc7a1b1d7969:group-0A277EC3A902 closes. The last applied log index is 0
2019-09-12 10:33:11,975 [e0e61d4c-2e09-4c56-8609-a14bb69c63aa-SegmentedRaftLogWorker:Storage Directory /workdir/hadoop-ozone/integration-test/target/test-dir/MiniOzoneClusterImpl-5ecceb84-7f52-4627-9972-1a459b519b1f/datanode-3/data/ratis/b6aff5f7-d0a0-4061-ab95-784da556277a] INFO  segmented.SegmentedRaftLogWorker (SegmentedRaftLogWorker.java:run(313)) - e0e61d4c-2e09-4c56-8609-a14bb69c63aa-SegmentedRaftLogWorker:Storage Directory /workdir/hadoop-ozone/integration-test/target/test-dir/MiniOzoneClusterImpl-5ecceb84-7f52-4627-9972-1a459b519b1f/datanode-3/data/ratis/b6aff5f7-d0a0-4061-ab95-784da556277a was interrupted, exiting. There are 0 tasks remaining in the queue.
2019-09-12 10:33:11,975 [6f7ced02-9074-41a5-813c-bc7a1b1d7969-SegmentedRaftLogWorker:Storage Directory /workdir/hadoop-ozone/integration-test/target/test-dir/MiniOzoneClusterImpl-5ecceb84-7f52-4627-9972-1a459b519b1f/datanode-2/data/ratis/5bf994c0-87a6-4418-875d-0a277ec3a902] INFO  segmented.SegmentedRaftLogWorker (SegmentedRaftLogWorker.java:run(313)) - 6f7ced02-9074-41a5-813c-bc7a1b1d7969-SegmentedRaftLogWorker:Storage Directory /workdir/hadoop-ozone/integration-test/target/test-dir/MiniOzoneClusterImpl-5ecceb84-7f52-4627-9972-1a459b519b1f/datanode-2/data/ratis/5bf994c0-87a6-4418-875d-0a277ec3a902 was interrupted, exiting. There are 0 tasks remaining in the queue.
2019-09-12 10:33:11,976 [main] INFO  segmented.SegmentedRaftLogWorker (SegmentedRaftLogWorker.java:close(228)) - e0e61d4c-2e09-4c56-8609-a14bb69c63aa-SegmentedRaftLogWorker:Storage Directory /workdir/hadoop-ozone/integration-test/target/test-dir/MiniOzoneClusterImpl-5ecceb84-7f52-4627-9972-1a459b519b1f/datanode-3/data/ratis/b6aff5f7-d0a0-4061-ab95-784da556277a close()
2019-09-12 10:33:11,976 [ForkJoinPool.commonPool-worker-1] INFO  segmented.SegmentedRaftLogWorker (SegmentedRaftLogWorker.java:close(228)) - 6f7ced02-9074-41a5-813c-bc7a1b1d7969-SegmentedRaftLogWorker:Storage Directory /workdir/hadoop-ozone/integration-test/target/test-dir/MiniOzoneClusterImpl-5ecceb84-7f52-4627-9972-1a459b519b1f/datanode-2/data/ratis/5bf994c0-87a6-4418-875d-0a277ec3a902 close()
2019-09-12 10:33:11,985 [main] INFO  impl.RaftServerImpl (RaftServerImpl.java:lambda$shutdown$3(245)) - e0e61d4c-2e09-4c56-8609-a14bb69c63aa: shutdown group-C9147D7D6CA1
2019-09-12 10:33:11,985 [ForkJoinPool.commonPool-worker-1] INFO  impl.RaftServerImpl (RaftServerImpl.java:lambda$shutdown$3(245)) - 6f7ced02-9074-41a5-813c-bc7a1b1d7969: shutdown group-25B1C21C34BE
2019-09-12 10:33:11,986 [main] INFO  util.JmxRegister (JmxRegister.java:unregister(73)) - Successfully un-registered JMX Bean with object name Ratis:service=RaftServer,group=group-C9147D7D6CA1,id=e0e61d4c-2e09-4c56-8609-a14bb69c63aa
2019-09-12 10:33:11,986 [ForkJoinPool.commonPool-worker-1] INFO  util.JmxRegister (JmxRegister.java:unregister(73)) - Successfully un-registered JMX Bean with object name Ratis:service=RaftServer,group=group-25B1C21C34BE,id=6f7ced02-9074-41a5-813c-bc7a1b1d7969
2019-09-12 10:33:11,986 [main] INFO  impl.RoleInfo (RoleInfo.java:shutdownLeaderState(104)) - e0e61d4c-2e09-4c56-8609-a14bb69c63aa: shutdown LeaderState
2019-09-12 10:33:11,987 [ForkJoinPool.commonPool-worker-1] INFO  impl.RoleInfo (RoleInfo.java:shutdownLeaderState(104)) - 6f7ced02-9074-41a5-813c-bc7a1b1d7969: shutdown LeaderState
2019-09-12 10:33:11,987 [main] INFO  impl.PendingRequests (PendingRequests.java:sendNotLeaderResponses(202)) - e0e61d4c-2e09-4c56-8609-a14bb69c63aa-PendingRequests: sendNotLeaderResponses
2019-09-12 10:33:11,988 [ForkJoinPool.commonPool-worker-1] INFO  impl.PendingRequests (PendingRequests.java:sendNotLeaderResponses(202)) - 6f7ced02-9074-41a5-813c-bc7a1b1d7969-PendingRequests: sendNotLeaderResponses
2019-09-12 10:33:11,988 [main] INFO  impl.StateMachineUpdater (StateMachineUpdater.java:stopAndJoin(115)) - StateMachineUpdater:e0e61d4c-2e09-4c56-8609-a14bb69c63aa:group-C9147D7D6CA1: set stopIndex = 0
2019-09-12 10:33:11,989 [main] INFO  impl.RaftServerImpl (ServerState.java:close(394)) - e0e61d4c-2e09-4c56-8609-a14bb69c63aa:group-C9147D7D6CA1 closes. The last applied log index is 0
2019-09-12 10:33:11,988 [ForkJoinPool.commonPool-worker-1] INFO  impl.StateMachineUpdater (StateMachineUpdater.java:stopAndJoin(115)) - StateMachineUpdater:6f7ced02-9074-41a5-813c-bc7a1b1d7969:group-25B1C21C34BE: set stopIndex = 0
2019-09-12 10:33:11,989 [e0e61d4c-2e09-4c56-8609-a14bb69c63aa-SegmentedRaftLogWorker:Storage Directory /workdir/hadoop-ozone/integration-test/target/test-dir/MiniOzoneClusterImpl-5ecceb84-7f52-4627-9972-1a459b519b1f/datanode-3/data/ratis/467a734b-cae3-4619-ae1d-c9147d7d6ca1] INFO  segmented.SegmentedRaftLogWorker (SegmentedRaftLogWorker.java:run(313)) - e0e61d4c-2e09-4c56-8609-a14bb69c63aa-SegmentedRaftLogWorker:Storage Directory /workdir/hadoop-ozone/integration-test/target/test-dir/MiniOzoneClusterImpl-5ecceb84-7f52-4627-9972-1a459b519b1f/datanode-3/data/ratis/467a734b-cae3-4619-ae1d-c9147d7d6ca1 was interrupted, exiting. There are 0 tasks remaining in the queue.
2019-09-12 10:33:11,990 [ForkJoinPool.commonPool-worker-1] INFO  impl.RaftServerImpl (ServerState.java:close(394)) - 6f7ced02-9074-41a5-813c-bc7a1b1d7969:group-25B1C21C34BE closes. The last applied log index is 0
2019-09-12 10:33:11,990 [main] INFO  segmented.SegmentedRaftLogWorker (SegmentedRaftLogWorker.java:close(228)) - e0e61d4c-2e09-4c56-8609-a14bb69c63aa-SegmentedRaftLogWorker:Storage Directory /workdir/hadoop-ozone/integration-test/target/test-dir/MiniOzoneClusterImpl-5ecceb84-7f52-4627-9972-1a459b519b1f/datanode-3/data/ratis/467a734b-cae3-4619-ae1d-c9147d7d6ca1 close()
2019-09-12 10:33:11,990 [6f7ced02-9074-41a5-813c-bc7a1b1d7969-SegmentedRaftLogWorker:Storage Directory /workdir/hadoop-ozone/integration-test/target/test-dir/MiniOzoneClusterImpl-5ecceb84-7f52-4627-9972-1a459b519b1f/datanode-2/data/ratis/7a4eac35-62cf-4abd-8047-25b1c21c34be] INFO  segmented.SegmentedRaftLogWorker (SegmentedRaftLogWorker.java:run(313)) - 6f7ced02-9074-41a5-813c-bc7a1b1d7969-SegmentedRaftLogWorker:Storage Directory /workdir/hadoop-ozone/integration-test/target/test-dir/MiniOzoneClusterImpl-5ecceb84-7f52-4627-9972-1a459b519b1f/datanode-2/data/ratis/7a4eac35-62cf-4abd-8047-25b1c21c34be was interrupted, exiting. There are 0 tasks remaining in the queue.
2019-09-12 10:33:11,991 [main] INFO  impl.RaftServerImpl (RaftServerImpl.java:lambda$shutdown$3(245)) - e0e61d4c-2e09-4c56-8609-a14bb69c63aa: shutdown group-086459EEBB26
2019-09-12 10:33:11,991 [ForkJoinPool.commonPool-worker-1] INFO  segmented.SegmentedRaftLogWorker (SegmentedRaftLogWorker.java:close(228)) - 6f7ced02-9074-41a5-813c-bc7a1b1d7969-SegmentedRaftLogWorker:Storage Directory /workdir/hadoop-ozone/integration-test/target/test-dir/MiniOzoneClusterImpl-5ecceb84-7f52-4627-9972-1a459b519b1f/datanode-2/data/ratis/7a4eac35-62cf-4abd-8047-25b1c21c34be close()
2019-09-12 10:33:11,991 [main] INFO  util.JmxRegister (JmxRegister.java:unregister(73)) - Successfully un-registered JMX Bean with object name Ratis:service=RaftServer,group=group-086459EEBB26,id=e0e61d4c-2e09-4c56-8609-a14bb69c63aa
2019-09-12 10:33:11,992 [ForkJoinPool.commonPool-worker-1] INFO  server.GrpcService (GrpcService.java:closeImpl(155)) - 6f7ced02-9074-41a5-813c-bc7a1b1d7969: shutdown server with port 46366 now
2019-09-12 10:33:11,992 [main] INFO  impl.RoleInfo (RoleInfo.java:shutdownLeaderState(104)) - e0e61d4c-2e09-4c56-8609-a14bb69c63aa: shutdown LeaderState
2019-09-12 10:33:11,994 [ForkJoinPool.commonPool-worker-1] INFO  server.GrpcService (GrpcService.java:closeImpl(163)) - 6f7ced02-9074-41a5-813c-bc7a1b1d7969: shutdown server with port 46366 successfully
2019-09-12 10:33:11,994 [main] INFO  impl.PendingRequests (PendingRequests.java:sendNotLeaderResponses(202)) - e0e61d4c-2e09-4c56-8609-a14bb69c63aa-PendingRequests: sendNotLeaderResponses
2019-09-12 10:33:11,995 [main] INFO  impl.StateMachineUpdater (StateMachineUpdater.java:stopAndJoin(115)) - StateMachineUpdater:e0e61d4c-2e09-4c56-8609-a14bb69c63aa:group-086459EEBB26: set stopIndex = 0
2019-09-12 10:33:11,996 [main] INFO  impl.RaftServerImpl (ServerState.java:close(394)) - e0e61d4c-2e09-4c56-8609-a14bb69c63aa:group-086459EEBB26 closes. The last applied log index is 0
2019-09-12 10:33:11,996 [e0e61d4c-2e09-4c56-8609-a14bb69c63aa-SegmentedRaftLogWorker:Storage Directory /workdir/hadoop-ozone/integration-test/target/test-dir/MiniOzoneClusterImpl-5ecceb84-7f52-4627-9972-1a459b519b1f/datanode-3/data/ratis/d3a18a46-707a-4814-991a-086459eebb26] INFO  segmented.SegmentedRaftLogWorker (SegmentedRaftLogWorker.java:run(313)) - e0e61d4c-2e09-4c56-8609-a14bb69c63aa-SegmentedRaftLogWorker:Storage Directory /workdir/hadoop-ozone/integration-test/target/test-dir/MiniOzoneClusterImpl-5ecceb84-7f52-4627-9972-1a459b519b1f/datanode-3/data/ratis/d3a18a46-707a-4814-991a-086459eebb26 was interrupted, exiting. There are 0 tasks remaining in the queue.
2019-09-12 10:33:11,997 [main] INFO  segmented.SegmentedRaftLogWorker (SegmentedRaftLogWorker.java:close(228)) - e0e61d4c-2e09-4c56-8609-a14bb69c63aa-SegmentedRaftLogWorker:Storage Directory /workdir/hadoop-ozone/integration-test/target/test-dir/MiniOzoneClusterImpl-5ecceb84-7f52-4627-9972-1a459b519b1f/datanode-3/data/ratis/d3a18a46-707a-4814-991a-086459eebb26 close()
2019-09-12 10:33:11,997 [main] INFO  server.GrpcService (GrpcService.java:closeImpl(155)) - e0e61d4c-2e09-4c56-8609-a14bb69c63aa: shutdown server with port 42576 now
2019-09-12 10:33:12,000 [main] INFO  server.GrpcService (GrpcService.java:closeImpl(163)) - e0e61d4c-2e09-4c56-8609-a14bb69c63aa: shutdown server with port 42576 successfully
2019-09-12 10:33:12,011 [ForkJoinPool.commonPool-worker-1] INFO  utils.BackgroundService (BackgroundService.java:shutdown(148)) - Shutting down service BlockDeletingService
2019-09-12 10:33:12,016 [refreshUsed-/workdir/hadoop-ozone/integration-test/target/test-dir/MiniOzoneClusterImpl-5ecceb84-7f52-4627-9972-1a459b519b1f/datanode-2/data/containers] WARN  fs.CachingGetSpaceUsed (CachingGetSpaceUsed.java:run(183)) - Thread Interrupted waiting to refresh disk information: sleep interrupted
2019-09-12 10:33:12,020 [main] INFO  utils.BackgroundService (BackgroundService.java:shutdown(148)) - Shutting down service BlockDeletingService
2019-09-12 10:33:12,024 [refreshUsed-/workdir/hadoop-ozone/integration-test/target/test-dir/MiniOzoneClusterImpl-5ecceb84-7f52-4627-9972-1a459b519b1f/datanode-3/data/containers] WARN  fs.CachingGetSpaceUsed (CachingGetSpaceUsed.java:run(183)) - Thread Interrupted waiting to refresh disk information: sleep interrupted
2019-09-12 10:33:12,044 [ForkJoinPool.commonPool-worker-1] INFO  statemachine.DatanodeStateMachine (DatanodeStateMachine.java:stopDaemon(395)) - Ozone container server stopped.
2019-09-12 10:33:12,052 [main] INFO  statemachine.DatanodeStateMachine (DatanodeStateMachine.java:stopDaemon(395)) - Ozone container server stopped.
2019-09-12 10:33:12,055 [main] INFO  handler.ContextHandler (ContextHandler.java:doStop(910)) - Stopped o.e.j.w.WebAppContext@231b35fb{/,null,UNAVAILABLE}{/hddsDatanode}
2019-09-12 10:33:12,055 [ForkJoinPool.commonPool-worker-1] INFO  handler.ContextHandler (ContextHandler.java:doStop(910)) - Stopped o.e.j.w.WebAppContext@5b1e88f{/,null,UNAVAILABLE}{/hddsDatanode}
2019-09-12 10:33:12,057 [main] INFO  server.AbstractConnector (AbstractConnector.java:doStop(318)) - Stopped ServerConnector@26da1ba2{HTTP/1.1,[http/1.1]}{0.0.0.0:0}
2019-09-12 10:33:12,057 [ForkJoinPool.commonPool-worker-1] INFO  server.AbstractConnector (AbstractConnector.java:doStop(318)) - Stopped ServerConnector@340cb97f{HTTP/1.1,[http/1.1]}{0.0.0.0:0}
2019-09-12 10:33:12,057 [main] INFO  handler.ContextHandler (ContextHandler.java:doStop(910)) - Stopped o.e.j.s.ServletContextHandler@2bec068b{/static,jar:file:/home/user/.m2/repository/org/apache/hadoop/hadoop-hdds-container-service/0.5.0-SNAPSHOT/hadoop-hdds-container-service-0.5.0-SNAPSHOT.jar!/webapps/static,UNAVAILABLE}
2019-09-12 10:33:12,059 [ForkJoinPool.commonPool-worker-1] INFO  handler.ContextHandler (ContextHandler.java:doStop(910)) - Stopped o.e.j.s.ServletContextHandler@5a05dd30{/static,jar:file:/home/user/.m2/repository/org/apache/hadoop/hadoop-hdds-container-service/0.5.0-SNAPSHOT/hadoop-hdds-container-service-0.5.0-SNAPSHOT.jar!/webapps/static,UNAVAILABLE}
2019-09-12 10:33:12,059 [main] INFO  handler.ContextHandler (ContextHandler.java:doStop(910)) - Stopped o.e.j.s.ServletContextHandler@2eb0cefe{/logs,file:///workdir/hadoop-ozone/integration-test/target/log,UNAVAILABLE}
2019-09-12 10:33:12,060 [ForkJoinPool.commonPool-worker-1] INFO  handler.ContextHandler (ContextHandler.java:doStop(910)) - Stopped o.e.j.s.ServletContextHandler@17c0274c{/logs,file:///workdir/hadoop-ozone/integration-test/target/log,UNAVAILABLE}
2019-09-12 10:33:12,062 [main] INFO  datanode.ObjectStoreHandler (ObjectStoreHandler.java:close(155)) - Closing ObjectStoreHandler.
2019-09-12 10:33:12,063 [main] INFO  ozone.HddsDatanodeService (HddsDatanodeService.java:stop(451)) - Stopped plug-in org.apache.hadoop.ozone.web.OzoneHddsDatanodeService@14b95942
2019-09-12 10:33:12,064 [ForkJoinPool.commonPool-worker-1] INFO  datanode.ObjectStoreHandler (ObjectStoreHandler.java:close(155)) - Closing ObjectStoreHandler.
2019-09-12 10:33:12,064 [ForkJoinPool.commonPool-worker-1] INFO  ozone.HddsDatanodeService (HddsDatanodeService.java:stop(451)) - Stopped plug-in org.apache.hadoop.ozone.web.OzoneHddsDatanodeService@798cb6d9
2019-09-12 10:33:12,369 [Datanode State Machine Thread - 0] INFO  statemachine.DatanodeStateMachine (DatanodeStateMachine.java:lambda$startDaemon$0(350)) - Ozone container server started.
2019-09-12 10:33:12,473 | INFO  | SCMAudit | user=jenkins1000 | ip=192.168.157.195 | op=SEND_HEARTBEAT {datanodeUUID=81ee34d7-b83f-41e3-b846-e574d684802c, command=[]} | ret=SUCCESS |  
2019-09-12 10:33:12,614 [Datanode State Machine Thread - 0] INFO  statemachine.DatanodeStateMachine (DatanodeStateMachine.java:lambda$startDaemon$0(350)) - Ozone container server started.
2019-09-12 10:33:13,474 | INFO  | SCMAudit | user=jenkins1000 | ip=192.168.157.195 | op=SEND_HEARTBEAT {datanodeUUID=81ee34d7-b83f-41e3-b846-e574d684802c, command=[]} | ret=SUCCESS |  
2019-09-12 10:33:14,473 | INFO  | SCMAudit | user=jenkins1000 | ip=192.168.157.195 | op=SEND_HEARTBEAT {datanodeUUID=81ee34d7-b83f-41e3-b846-e574d684802c, command=[]} | ret=SUCCESS |  
2019-09-12 10:33:15,473 | INFO  | SCMAudit | user=jenkins1000 | ip=192.168.157.195 | op=SEND_HEARTBEAT {datanodeUUID=81ee34d7-b83f-41e3-b846-e574d684802c, command=[]} | ret=SUCCESS |  
2019-09-12 10:33:16,473 | INFO  | SCMAudit | user=jenkins1000 | ip=192.168.157.195 | op=SEND_HEARTBEAT {datanodeUUID=81ee34d7-b83f-41e3-b846-e574d684802c, command=[]} | ret=SUCCESS |  
2019-09-12 10:33:17,065 [main] INFO  ozoneimpl.OzoneContainer (OzoneContainer.java:stop(199)) - Attempting to stop container services.
2019-09-12 10:33:17,066 [ForkJoinPool.commonPool-worker-1] INFO  ozoneimpl.OzoneContainer (OzoneContainer.java:stop(199)) - Attempting to stop container services.
2019-09-12 10:33:17,066 [main] INFO  impl.RaftServerProxy (RaftServerProxy.java:lambda$close$4(314)) - 083ebb38-73c7-4c90-bb26-8945a60751ec: close
2019-09-12 10:33:17,067 [ForkJoinPool.commonPool-worker-1] INFO  impl.RaftServerProxy (RaftServerProxy.java:lambda$close$4(314)) - 6d8e2272-d3cb-43aa-845f-9a021007c4ce: close
2019-09-12 10:33:17,067 [main] INFO  impl.RaftServerImpl (RaftServerImpl.java:lambda$shutdown$3(245)) - 083ebb38-73c7-4c90-bb26-8945a60751ec: shutdown group-8299C561305A
2019-09-12 10:33:17,067 [ForkJoinPool.commonPool-worker-1] INFO  impl.RaftServerImpl (RaftServerImpl.java:lambda$shutdown$3(245)) - 6d8e2272-d3cb-43aa-845f-9a021007c4ce: shutdown group-376F28BBEBFC
2019-09-12 10:33:17,067 [main] INFO  util.JmxRegister (JmxRegister.java:unregister(73)) - Successfully un-registered JMX Bean with object name Ratis:service=RaftServer,group=group-8299C561305A,id=083ebb38-73c7-4c90-bb26-8945a60751ec
2019-09-12 10:33:17,067 [ForkJoinPool.commonPool-worker-1] INFO  util.JmxRegister (JmxRegister.java:unregister(73)) - Successfully un-registered JMX Bean with object name Ratis:service=RaftServer,group=group-376F28BBEBFC,id=6d8e2272-d3cb-43aa-845f-9a021007c4ce
2019-09-12 10:33:17,068 [main] INFO  impl.RoleInfo (RoleInfo.java:shutdownLeaderState(104)) - 083ebb38-73c7-4c90-bb26-8945a60751ec: shutdown LeaderState
2019-09-12 10:33:17,068 [ForkJoinPool.commonPool-worker-1] INFO  impl.RoleInfo (RoleInfo.java:shutdownLeaderState(104)) - 6d8e2272-d3cb-43aa-845f-9a021007c4ce: shutdown LeaderState
2019-09-12 10:33:17,068 [main] INFO  impl.PendingRequests (PendingRequests.java:sendNotLeaderResponses(202)) - 083ebb38-73c7-4c90-bb26-8945a60751ec-PendingRequests: sendNotLeaderResponses
2019-09-12 10:33:17,069 [ForkJoinPool.commonPool-worker-1] INFO  impl.PendingRequests (PendingRequests.java:sendNotLeaderResponses(202)) - 6d8e2272-d3cb-43aa-845f-9a021007c4ce-PendingRequests: sendNotLeaderResponses
2019-09-12 10:33:17,069 [main] INFO  impl.StateMachineUpdater (StateMachineUpdater.java:stopAndJoin(115)) - StateMachineUpdater:083ebb38-73c7-4c90-bb26-8945a60751ec:group-8299C561305A: set stopIndex = 0
2019-09-12 10:33:17,069 [ForkJoinPool.commonPool-worker-1] INFO  impl.StateMachineUpdater (StateMachineUpdater.java:stopAndJoin(115)) - StateMachineUpdater:6d8e2272-d3cb-43aa-845f-9a021007c4ce:group-376F28BBEBFC: set stopIndex = 0
2019-09-12 10:33:17,069 [main] INFO  impl.RaftServerImpl (ServerState.java:close(394)) - 083ebb38-73c7-4c90-bb26-8945a60751ec:group-8299C561305A closes. The last applied log index is 0
2019-09-12 10:33:17,070 [ForkJoinPool.commonPool-worker-1] INFO  impl.RaftServerImpl (ServerState.java:close(394)) - 6d8e2272-d3cb-43aa-845f-9a021007c4ce:group-376F28BBEBFC closes. The last applied log index is 0
2019-09-12 10:33:17,070 [083ebb38-73c7-4c90-bb26-8945a60751ec-SegmentedRaftLogWorker:Storage Directory /workdir/hadoop-ozone/integration-test/target/test-dir/MiniOzoneClusterImpl-5ecceb84-7f52-4627-9972-1a459b519b1f/datanode-6/data/ratis/6d810285-4bda-475b-a3c3-8299c561305a] INFO  segmented.SegmentedRaftLogWorker (SegmentedRaftLogWorker.java:run(313)) - 083ebb38-73c7-4c90-bb26-8945a60751ec-SegmentedRaftLogWorker:Storage Directory /workdir/hadoop-ozone/integration-test/target/test-dir/MiniOzoneClusterImpl-5ecceb84-7f52-4627-9972-1a459b519b1f/datanode-6/data/ratis/6d810285-4bda-475b-a3c3-8299c561305a was interrupted, exiting. There are 0 tasks remaining in the queue.
2019-09-12 10:33:17,070 [6d8e2272-d3cb-43aa-845f-9a021007c4ce-SegmentedRaftLogWorker:Storage Directory /workdir/hadoop-ozone/integration-test/target/test-dir/MiniOzoneClusterImpl-5ecceb84-7f52-4627-9972-1a459b519b1f/datanode-0/data/ratis/e9a1e4a7-518d-4c4e-a499-376f28bbebfc] INFO  segmented.SegmentedRaftLogWorker (SegmentedRaftLogWorker.java:run(313)) - 6d8e2272-d3cb-43aa-845f-9a021007c4ce-SegmentedRaftLogWorker:Storage Directory /workdir/hadoop-ozone/integration-test/target/test-dir/MiniOzoneClusterImpl-5ecceb84-7f52-4627-9972-1a459b519b1f/datanode-0/data/ratis/e9a1e4a7-518d-4c4e-a499-376f28bbebfc was interrupted, exiting. There are 0 tasks remaining in the queue.
2019-09-12 10:33:17,071 [main] INFO  segmented.SegmentedRaftLogWorker (SegmentedRaftLogWorker.java:close(228)) - 083ebb38-73c7-4c90-bb26-8945a60751ec-SegmentedRaftLogWorker:Storage Directory /workdir/hadoop-ozone/integration-test/target/test-dir/MiniOzoneClusterImpl-5ecceb84-7f52-4627-9972-1a459b519b1f/datanode-6/data/ratis/6d810285-4bda-475b-a3c3-8299c561305a close()
2019-09-12 10:33:17,071 [ForkJoinPool.commonPool-worker-1] INFO  segmented.SegmentedRaftLogWorker (SegmentedRaftLogWorker.java:close(228)) - 6d8e2272-d3cb-43aa-845f-9a021007c4ce-SegmentedRaftLogWorker:Storage Directory /workdir/hadoop-ozone/integration-test/target/test-dir/MiniOzoneClusterImpl-5ecceb84-7f52-4627-9972-1a459b519b1f/datanode-0/data/ratis/e9a1e4a7-518d-4c4e-a499-376f28bbebfc close()
2019-09-12 10:33:17,071 [main] INFO  impl.RaftServerImpl (RaftServerImpl.java:lambda$shutdown$3(245)) - 083ebb38-73c7-4c90-bb26-8945a60751ec: shutdown group-2F8B00736DD8
2019-09-12 10:33:17,071 [ForkJoinPool.commonPool-worker-1] INFO  impl.RaftServerImpl (RaftServerImpl.java:lambda$shutdown$3(245)) - 6d8e2272-d3cb-43aa-845f-9a021007c4ce: shutdown group-81C52C20DF7D
2019-09-12 10:33:17,071 [main] INFO  util.JmxRegister (JmxRegister.java:unregister(73)) - Successfully un-registered JMX Bean with object name Ratis:service=RaftServer,group=group-2F8B00736DD8,id=083ebb38-73c7-4c90-bb26-8945a60751ec
2019-09-12 10:33:17,072 [ForkJoinPool.commonPool-worker-1] INFO  util.JmxRegister (JmxRegister.java:unregister(73)) - Successfully un-registered JMX Bean with object name Ratis:service=RaftServer,group=group-81C52C20DF7D,id=6d8e2272-d3cb-43aa-845f-9a021007c4ce
2019-09-12 10:33:17,072 [main] INFO  impl.RoleInfo (RoleInfo.java:shutdownLeaderState(104)) - 083ebb38-73c7-4c90-bb26-8945a60751ec: shutdown LeaderState
2019-09-12 10:33:17,072 [ForkJoinPool.commonPool-worker-1] INFO  impl.RoleInfo (RoleInfo.java:shutdownLeaderState(104)) - 6d8e2272-d3cb-43aa-845f-9a021007c4ce: shutdown LeaderState
2019-09-12 10:33:17,072 [main] INFO  impl.PendingRequests (PendingRequests.java:sendNotLeaderResponses(202)) - 083ebb38-73c7-4c90-bb26-8945a60751ec-PendingRequests: sendNotLeaderResponses
2019-09-12 10:33:17,073 [ForkJoinPool.commonPool-worker-1] INFO  impl.PendingRequests (PendingRequests.java:sendNotLeaderResponses(202)) - 6d8e2272-d3cb-43aa-845f-9a021007c4ce-PendingRequests: sendNotLeaderResponses
2019-09-12 10:33:17,073 [main] INFO  impl.StateMachineUpdater (StateMachineUpdater.java:stopAndJoin(115)) - StateMachineUpdater:083ebb38-73c7-4c90-bb26-8945a60751ec:group-2F8B00736DD8: set stopIndex = 0
2019-09-12 10:33:17,073 [ForkJoinPool.commonPool-worker-1] INFO  impl.StateMachineUpdater (StateMachineUpdater.java:stopAndJoin(115)) - StateMachineUpdater:6d8e2272-d3cb-43aa-845f-9a021007c4ce:group-81C52C20DF7D: set stopIndex = 0
2019-09-12 10:33:17,073 [main] INFO  impl.RaftServerImpl (ServerState.java:close(394)) - 083ebb38-73c7-4c90-bb26-8945a60751ec:group-2F8B00736DD8 closes. The last applied log index is 0
2019-09-12 10:33:17,074 [ForkJoinPool.commonPool-worker-1] INFO  impl.RaftServerImpl (ServerState.java:close(394)) - 6d8e2272-d3cb-43aa-845f-9a021007c4ce:group-81C52C20DF7D closes. The last applied log index is 0
2019-09-12 10:33:17,074 [083ebb38-73c7-4c90-bb26-8945a60751ec-SegmentedRaftLogWorker:Storage Directory /workdir/hadoop-ozone/integration-test/target/test-dir/MiniOzoneClusterImpl-5ecceb84-7f52-4627-9972-1a459b519b1f/datanode-6/data/ratis/ed7407be-d47b-4e67-9123-2f8b00736dd8] INFO  segmented.SegmentedRaftLogWorker (SegmentedRaftLogWorker.java:run(313)) - 083ebb38-73c7-4c90-bb26-8945a60751ec-SegmentedRaftLogWorker:Storage Directory /workdir/hadoop-ozone/integration-test/target/test-dir/MiniOzoneClusterImpl-5ecceb84-7f52-4627-9972-1a459b519b1f/datanode-6/data/ratis/ed7407be-d47b-4e67-9123-2f8b00736dd8 was interrupted, exiting. There are 0 tasks remaining in the queue.
2019-09-12 10:33:17,074 [6d8e2272-d3cb-43aa-845f-9a021007c4ce-SegmentedRaftLogWorker:Storage Directory /workdir/hadoop-ozone/integration-test/target/test-dir/MiniOzoneClusterImpl-5ecceb84-7f52-4627-9972-1a459b519b1f/datanode-0/data/ratis/8806b161-482a-4415-9956-81c52c20df7d] INFO  segmented.SegmentedRaftLogWorker (SegmentedRaftLogWorker.java:run(313)) - 6d8e2272-d3cb-43aa-845f-9a021007c4ce-SegmentedRaftLogWorker:Storage Directory /workdir/hadoop-ozone/integration-test/target/test-dir/MiniOzoneClusterImpl-5ecceb84-7f52-4627-9972-1a459b519b1f/datanode-0/data/ratis/8806b161-482a-4415-9956-81c52c20df7d was interrupted, exiting. There are 0 tasks remaining in the queue.
2019-09-12 10:33:17,075 [ForkJoinPool.commonPool-worker-1] INFO  segmented.SegmentedRaftLogWorker (SegmentedRaftLogWorker.java:close(228)) - 6d8e2272-d3cb-43aa-845f-9a021007c4ce-SegmentedRaftLogWorker:Storage Directory /workdir/hadoop-ozone/integration-test/target/test-dir/MiniOzoneClusterImpl-5ecceb84-7f52-4627-9972-1a459b519b1f/datanode-0/data/ratis/8806b161-482a-4415-9956-81c52c20df7d close()
2019-09-12 10:33:17,075 [ForkJoinPool.commonPool-worker-1] INFO  impl.RaftServerImpl (RaftServerImpl.java:lambda$shutdown$3(245)) - 6d8e2272-d3cb-43aa-845f-9a021007c4ce: shutdown group-C9C24DE1AC6A
2019-09-12 10:33:17,075 [ForkJoinPool.commonPool-worker-1] INFO  util.JmxRegister (JmxRegister.java:unregister(73)) - Successfully un-registered JMX Bean with object name Ratis:service=RaftServer,group=group-C9C24DE1AC6A,id=6d8e2272-d3cb-43aa-845f-9a021007c4ce
2019-09-12 10:33:17,076 [ForkJoinPool.commonPool-worker-1] INFO  impl.RoleInfo (RoleInfo.java:shutdownLeaderState(104)) - 6d8e2272-d3cb-43aa-845f-9a021007c4ce: shutdown LeaderState
2019-09-12 10:33:17,076 [ForkJoinPool.commonPool-worker-1] INFO  impl.PendingRequests (PendingRequests.java:sendNotLeaderResponses(202)) - 6d8e2272-d3cb-43aa-845f-9a021007c4ce-PendingRequests: sendNotLeaderResponses
2019-09-12 10:33:17,076 [ForkJoinPool.commonPool-worker-1] INFO  impl.StateMachineUpdater (StateMachineUpdater.java:stopAndJoin(115)) - StateMachineUpdater:6d8e2272-d3cb-43aa-845f-9a021007c4ce:group-C9C24DE1AC6A: set stopIndex = 0
2019-09-12 10:33:17,076 [ForkJoinPool.commonPool-worker-1] INFO  impl.RaftServerImpl (ServerState.java:close(394)) - 6d8e2272-d3cb-43aa-845f-9a021007c4ce:group-C9C24DE1AC6A closes. The last applied log index is 0
2019-09-12 10:33:17,077 [6d8e2272-d3cb-43aa-845f-9a021007c4ce-SegmentedRaftLogWorker:Storage Directory /workdir/hadoop-ozone/integration-test/target/test-dir/MiniOzoneClusterImpl-5ecceb84-7f52-4627-9972-1a459b519b1f/datanode-0/data/ratis/bee6f18b-f697-4901-84a0-c9c24de1ac6a] INFO  segmented.SegmentedRaftLogWorker (SegmentedRaftLogWorker.java:run(313)) - 6d8e2272-d3cb-43aa-845f-9a021007c4ce-SegmentedRaftLogWorker:Storage Directory /workdir/hadoop-ozone/integration-test/target/test-dir/MiniOzoneClusterImpl-5ecceb84-7f52-4627-9972-1a459b519b1f/datanode-0/data/ratis/bee6f18b-f697-4901-84a0-c9c24de1ac6a was interrupted, exiting. There are 0 tasks remaining in the queue.
2019-09-12 10:33:17,083 [ForkJoinPool.commonPool-worker-1] INFO  segmented.SegmentedRaftLogWorker (SegmentedRaftLogWorker.java:close(228)) - 6d8e2272-d3cb-43aa-845f-9a021007c4ce-SegmentedRaftLogWorker:Storage Directory /workdir/hadoop-ozone/integration-test/target/test-dir/MiniOzoneClusterImpl-5ecceb84-7f52-4627-9972-1a459b519b1f/datanode-0/data/ratis/bee6f18b-f697-4901-84a0-c9c24de1ac6a close()
2019-09-12 10:33:17,083 [main] INFO  segmented.SegmentedRaftLogWorker (SegmentedRaftLogWorker.java:close(228)) - 083ebb38-73c7-4c90-bb26-8945a60751ec-SegmentedRaftLogWorker:Storage Directory /workdir/hadoop-ozone/integration-test/target/test-dir/MiniOzoneClusterImpl-5ecceb84-7f52-4627-9972-1a459b519b1f/datanode-6/data/ratis/ed7407be-d47b-4e67-9123-2f8b00736dd8 close()
2019-09-12 10:33:17,083 [ForkJoinPool.commonPool-worker-1] INFO  impl.RaftServerImpl (RaftServerImpl.java:lambda$shutdown$3(245)) - 6d8e2272-d3cb-43aa-845f-9a021007c4ce: shutdown group-266A07093F11
2019-09-12 10:33:17,084 [main] INFO  impl.RaftServerImpl (RaftServerImpl.java:lambda$shutdown$3(245)) - 083ebb38-73c7-4c90-bb26-8945a60751ec: shutdown group-7959190DE5FB
2019-09-12 10:33:17,084 [ForkJoinPool.commonPool-worker-1] INFO  util.JmxRegister (JmxRegister.java:unregister(73)) - Successfully un-registered JMX Bean with object name Ratis:service=RaftServer,group=group-266A07093F11,id=6d8e2272-d3cb-43aa-845f-9a021007c4ce
2019-09-12 10:33:17,084 [main] INFO  util.JmxRegister (JmxRegister.java:unregister(73)) - Successfully un-registered JMX Bean with object name Ratis:service=RaftServer,group=group-7959190DE5FB,id=083ebb38-73c7-4c90-bb26-8945a60751ec
2019-09-12 10:33:17,084 [ForkJoinPool.commonPool-worker-1] INFO  impl.RoleInfo (RoleInfo.java:shutdownLeaderState(104)) - 6d8e2272-d3cb-43aa-845f-9a021007c4ce: shutdown LeaderState
2019-09-12 10:33:17,085 [main] INFO  impl.RoleInfo (RoleInfo.java:shutdownLeaderState(104)) - 083ebb38-73c7-4c90-bb26-8945a60751ec: shutdown LeaderState
2019-09-12 10:33:17,085 [ForkJoinPool.commonPool-worker-1] INFO  impl.PendingRequests (PendingRequests.java:sendNotLeaderResponses(202)) - 6d8e2272-d3cb-43aa-845f-9a021007c4ce-PendingRequests: sendNotLeaderResponses
2019-09-12 10:33:17,085 [main] INFO  impl.PendingRequests (PendingRequests.java:sendNotLeaderResponses(202)) - 083ebb38-73c7-4c90-bb26-8945a60751ec-PendingRequests: sendNotLeaderResponses
2019-09-12 10:33:17,086 [ForkJoinPool.commonPool-worker-1] INFO  impl.StateMachineUpdater (StateMachineUpdater.java:stopAndJoin(115)) - StateMachineUpdater:6d8e2272-d3cb-43aa-845f-9a021007c4ce:group-266A07093F11: set stopIndex = 0
2019-09-12 10:33:17,086 [main] INFO  impl.StateMachineUpdater (StateMachineUpdater.java:stopAndJoin(115)) - StateMachineUpdater:083ebb38-73c7-4c90-bb26-8945a60751ec:group-7959190DE5FB: set stopIndex = 0
2019-09-12 10:33:17,086 [ForkJoinPool.commonPool-worker-1] INFO  impl.RaftServerImpl (ServerState.java:close(394)) - 6d8e2272-d3cb-43aa-845f-9a021007c4ce:group-266A07093F11 closes. The last applied log index is 0
2019-09-12 10:33:17,086 [main] INFO  impl.RaftServerImpl (ServerState.java:close(394)) - 083ebb38-73c7-4c90-bb26-8945a60751ec:group-7959190DE5FB closes. The last applied log index is 0
2019-09-12 10:33:17,087 [6d8e2272-d3cb-43aa-845f-9a021007c4ce-SegmentedRaftLogWorker:Storage Directory /workdir/hadoop-ozone/integration-test/target/test-dir/MiniOzoneClusterImpl-5ecceb84-7f52-4627-9972-1a459b519b1f/datanode-0/data/ratis/22b38ba4-2f8a-43fb-b077-266a07093f11] INFO  segmented.SegmentedRaftLogWorker (SegmentedRaftLogWorker.java:run(313)) - 6d8e2272-d3cb-43aa-845f-9a021007c4ce-SegmentedRaftLogWorker:Storage Directory /workdir/hadoop-ozone/integration-test/target/test-dir/MiniOzoneClusterImpl-5ecceb84-7f52-4627-9972-1a459b519b1f/datanode-0/data/ratis/22b38ba4-2f8a-43fb-b077-266a07093f11 was interrupted, exiting. There are 0 tasks remaining in the queue.
2019-09-12 10:33:17,087 [083ebb38-73c7-4c90-bb26-8945a60751ec-SegmentedRaftLogWorker:Storage Directory /workdir/hadoop-ozone/integration-test/target/test-dir/MiniOzoneClusterImpl-5ecceb84-7f52-4627-9972-1a459b519b1f/datanode-6/data/ratis/d2c1975b-c380-4341-98d2-7959190de5fb] INFO  segmented.SegmentedRaftLogWorker (SegmentedRaftLogWorker.java:run(313)) - 083ebb38-73c7-4c90-bb26-8945a60751ec-SegmentedRaftLogWorker:Storage Directory /workdir/hadoop-ozone/integration-test/target/test-dir/MiniOzoneClusterImpl-5ecceb84-7f52-4627-9972-1a459b519b1f/datanode-6/data/ratis/d2c1975b-c380-4341-98d2-7959190de5fb was interrupted, exiting. There are 0 tasks remaining in the queue.
2019-09-12 10:33:17,087 [ForkJoinPool.commonPool-worker-1] INFO  segmented.SegmentedRaftLogWorker (SegmentedRaftLogWorker.java:close(228)) - 6d8e2272-d3cb-43aa-845f-9a021007c4ce-SegmentedRaftLogWorker:Storage Directory /workdir/hadoop-ozone/integration-test/target/test-dir/MiniOzoneClusterImpl-5ecceb84-7f52-4627-9972-1a459b519b1f/datanode-0/data/ratis/22b38ba4-2f8a-43fb-b077-266a07093f11 close()
2019-09-12 10:33:17,087 [main] INFO  segmented.SegmentedRaftLogWorker (SegmentedRaftLogWorker.java:close(228)) - 083ebb38-73c7-4c90-bb26-8945a60751ec-SegmentedRaftLogWorker:Storage Directory /workdir/hadoop-ozone/integration-test/target/test-dir/MiniOzoneClusterImpl-5ecceb84-7f52-4627-9972-1a459b519b1f/datanode-6/data/ratis/d2c1975b-c380-4341-98d2-7959190de5fb close()
2019-09-12 10:33:17,087 [ForkJoinPool.commonPool-worker-1] INFO  impl.RaftServerImpl (RaftServerImpl.java:lambda$shutdown$3(245)) - 6d8e2272-d3cb-43aa-845f-9a021007c4ce: shutdown group-1D6BDE0FC336
2019-09-12 10:33:17,088 [main] INFO  impl.RaftServerImpl (RaftServerImpl.java:lambda$shutdown$3(245)) - 083ebb38-73c7-4c90-bb26-8945a60751ec: shutdown group-6770ECE0CCBF
2019-09-12 10:33:17,088 [ForkJoinPool.commonPool-worker-1] INFO  util.JmxRegister (JmxRegister.java:unregister(73)) - Successfully un-registered JMX Bean with object name Ratis:service=RaftServer,group=group-1D6BDE0FC336,id=6d8e2272-d3cb-43aa-845f-9a021007c4ce
2019-09-12 10:33:17,088 [main] INFO  util.JmxRegister (JmxRegister.java:unregister(73)) - Successfully un-registered JMX Bean with object name Ratis:service=RaftServer,group=group-6770ECE0CCBF,id=083ebb38-73c7-4c90-bb26-8945a60751ec
2019-09-12 10:33:17,088 [ForkJoinPool.commonPool-worker-1] INFO  impl.RoleInfo (RoleInfo.java:shutdownLeaderState(104)) - 6d8e2272-d3cb-43aa-845f-9a021007c4ce: shutdown LeaderState
2019-09-12 10:33:17,089 [main] INFO  impl.RoleInfo (RoleInfo.java:shutdownLeaderState(104)) - 083ebb38-73c7-4c90-bb26-8945a60751ec: shutdown LeaderState
2019-09-12 10:33:17,089 [ForkJoinPool.commonPool-worker-1] INFO  impl.PendingRequests (PendingRequests.java:sendNotLeaderResponses(202)) - 6d8e2272-d3cb-43aa-845f-9a021007c4ce-PendingRequests: sendNotLeaderResponses
2019-09-12 10:33:17,089 [main] INFO  impl.PendingRequests (PendingRequests.java:sendNotLeaderResponses(202)) - 083ebb38-73c7-4c90-bb26-8945a60751ec-PendingRequests: sendNotLeaderResponses
2019-09-12 10:33:17,089 [ForkJoinPool.commonPool-worker-1] INFO  impl.StateMachineUpdater (StateMachineUpdater.java:stopAndJoin(115)) - StateMachineUpdater:6d8e2272-d3cb-43aa-845f-9a021007c4ce:group-1D6BDE0FC336: set stopIndex = 0
2019-09-12 10:33:17,090 [main] INFO  impl.StateMachineUpdater (StateMachineUpdater.java:stopAndJoin(115)) - StateMachineUpdater:083ebb38-73c7-4c90-bb26-8945a60751ec:group-6770ECE0CCBF: set stopIndex = 0
2019-09-12 10:33:17,090 [ForkJoinPool.commonPool-worker-1] INFO  impl.RaftServerImpl (ServerState.java:close(394)) - 6d8e2272-d3cb-43aa-845f-9a021007c4ce:group-1D6BDE0FC336 closes. The last applied log index is 0
2019-09-12 10:33:17,090 [main] INFO  impl.RaftServerImpl (ServerState.java:close(394)) - 083ebb38-73c7-4c90-bb26-8945a60751ec:group-6770ECE0CCBF closes. The last applied log index is 0
2019-09-12 10:33:17,090 [6d8e2272-d3cb-43aa-845f-9a021007c4ce-SegmentedRaftLogWorker:Storage Directory /workdir/hadoop-ozone/integration-test/target/test-dir/MiniOzoneClusterImpl-5ecceb84-7f52-4627-9972-1a459b519b1f/datanode-0/data/ratis/33b5a570-c09d-4b24-ae42-1d6bde0fc336] INFO  segmented.SegmentedRaftLogWorker (SegmentedRaftLogWorker.java:run(313)) - 6d8e2272-d3cb-43aa-845f-9a021007c4ce-SegmentedRaftLogWorker:Storage Directory /workdir/hadoop-ozone/integration-test/target/test-dir/MiniOzoneClusterImpl-5ecceb84-7f52-4627-9972-1a459b519b1f/datanode-0/data/ratis/33b5a570-c09d-4b24-ae42-1d6bde0fc336 was interrupted, exiting. There are 0 tasks remaining in the queue.
2019-09-12 10:33:17,091 [083ebb38-73c7-4c90-bb26-8945a60751ec-SegmentedRaftLogWorker:Storage Directory /workdir/hadoop-ozone/integration-test/target/test-dir/MiniOzoneClusterImpl-5ecceb84-7f52-4627-9972-1a459b519b1f/datanode-6/data/ratis/3fa2bae7-0f0d-426c-bf19-6770ece0ccbf] INFO  segmented.SegmentedRaftLogWorker (SegmentedRaftLogWorker.java:run(313)) - 083ebb38-73c7-4c90-bb26-8945a60751ec-SegmentedRaftLogWorker:Storage Directory /workdir/hadoop-ozone/integration-test/target/test-dir/MiniOzoneClusterImpl-5ecceb84-7f52-4627-9972-1a459b519b1f/datanode-6/data/ratis/3fa2bae7-0f0d-426c-bf19-6770ece0ccbf was interrupted, exiting. There are 0 tasks remaining in the queue.
2019-09-12 10:33:17,091 [ForkJoinPool.commonPool-worker-1] INFO  segmented.SegmentedRaftLogWorker (SegmentedRaftLogWorker.java:close(228)) - 6d8e2272-d3cb-43aa-845f-9a021007c4ce-SegmentedRaftLogWorker:Storage Directory /workdir/hadoop-ozone/integration-test/target/test-dir/MiniOzoneClusterImpl-5ecceb84-7f52-4627-9972-1a459b519b1f/datanode-0/data/ratis/33b5a570-c09d-4b24-ae42-1d6bde0fc336 close()
2019-09-12 10:33:17,091 [main] INFO  segmented.SegmentedRaftLogWorker (SegmentedRaftLogWorker.java:close(228)) - 083ebb38-73c7-4c90-bb26-8945a60751ec-SegmentedRaftLogWorker:Storage Directory /workdir/hadoop-ozone/integration-test/target/test-dir/MiniOzoneClusterImpl-5ecceb84-7f52-4627-9972-1a459b519b1f/datanode-6/data/ratis/3fa2bae7-0f0d-426c-bf19-6770ece0ccbf close()
2019-09-12 10:33:17,091 [ForkJoinPool.commonPool-worker-1] INFO  impl.RaftServerImpl (RaftServerImpl.java:lambda$shutdown$3(245)) - 6d8e2272-d3cb-43aa-845f-9a021007c4ce: shutdown group-B170CFE455DD
2019-09-12 10:33:17,091 [main] INFO  impl.RaftServerImpl (RaftServerImpl.java:lambda$shutdown$3(245)) - 083ebb38-73c7-4c90-bb26-8945a60751ec: shutdown group-47AAF413EC63
2019-09-12 10:33:17,091 [ForkJoinPool.commonPool-worker-1] INFO  util.JmxRegister (JmxRegister.java:unregister(73)) - Successfully un-registered JMX Bean with object name Ratis:service=RaftServer,group=group-B170CFE455DD,id=6d8e2272-d3cb-43aa-845f-9a021007c4ce
2019-09-12 10:33:17,092 [main] INFO  util.JmxRegister (JmxRegister.java:unregister(73)) - Successfully un-registered JMX Bean with object name Ratis:service=RaftServer,group=group-47AAF413EC63,id=083ebb38-73c7-4c90-bb26-8945a60751ec
2019-09-12 10:33:17,092 [ForkJoinPool.commonPool-worker-1] INFO  impl.RoleInfo (RoleInfo.java:shutdownLeaderState(104)) - 6d8e2272-d3cb-43aa-845f-9a021007c4ce: shutdown LeaderState
2019-09-12 10:33:17,092 [main] INFO  impl.RoleInfo (RoleInfo.java:shutdownLeaderState(104)) - 083ebb38-73c7-4c90-bb26-8945a60751ec: shutdown LeaderState
2019-09-12 10:33:17,092 [ForkJoinPool.commonPool-worker-1] INFO  impl.PendingRequests (PendingRequests.java:sendNotLeaderResponses(202)) - 6d8e2272-d3cb-43aa-845f-9a021007c4ce-PendingRequests: sendNotLeaderResponses
2019-09-12 10:33:17,093 [main] INFO  impl.PendingRequests (PendingRequests.java:sendNotLeaderResponses(202)) - 083ebb38-73c7-4c90-bb26-8945a60751ec-PendingRequests: sendNotLeaderResponses
2019-09-12 10:33:17,093 [ForkJoinPool.commonPool-worker-1] INFO  impl.StateMachineUpdater (StateMachineUpdater.java:stopAndJoin(115)) - StateMachineUpdater:6d8e2272-d3cb-43aa-845f-9a021007c4ce:group-B170CFE455DD: set stopIndex = 0
2019-09-12 10:33:17,093 [main] INFO  impl.StateMachineUpdater (StateMachineUpdater.java:stopAndJoin(115)) - StateMachineUpdater:083ebb38-73c7-4c90-bb26-8945a60751ec:group-47AAF413EC63: set stopIndex = 0
2019-09-12 10:33:17,093 [ForkJoinPool.commonPool-worker-1] INFO  impl.RaftServerImpl (ServerState.java:close(394)) - 6d8e2272-d3cb-43aa-845f-9a021007c4ce:group-B170CFE455DD closes. The last applied log index is 0
2019-09-12 10:33:17,094 [main] INFO  impl.RaftServerImpl (ServerState.java:close(394)) - 083ebb38-73c7-4c90-bb26-8945a60751ec:group-47AAF413EC63 closes. The last applied log index is 0
2019-09-12 10:33:17,094 [6d8e2272-d3cb-43aa-845f-9a021007c4ce-SegmentedRaftLogWorker:Storage Directory /workdir/hadoop-ozone/integration-test/target/test-dir/MiniOzoneClusterImpl-5ecceb84-7f52-4627-9972-1a459b519b1f/datanode-0/data/ratis/9b585856-3e6d-478b-a9de-b170cfe455dd] INFO  segmented.SegmentedRaftLogWorker (SegmentedRaftLogWorker.java:run(313)) - 6d8e2272-d3cb-43aa-845f-9a021007c4ce-SegmentedRaftLogWorker:Storage Directory /workdir/hadoop-ozone/integration-test/target/test-dir/MiniOzoneClusterImpl-5ecceb84-7f52-4627-9972-1a459b519b1f/datanode-0/data/ratis/9b585856-3e6d-478b-a9de-b170cfe455dd was interrupted, exiting. There are 0 tasks remaining in the queue.
2019-09-12 10:33:17,094 [083ebb38-73c7-4c90-bb26-8945a60751ec-SegmentedRaftLogWorker:Storage Directory /workdir/hadoop-ozone/integration-test/target/test-dir/MiniOzoneClusterImpl-5ecceb84-7f52-4627-9972-1a459b519b1f/datanode-6/data/ratis/f0842b63-bf7e-437e-a913-47aaf413ec63] INFO  segmented.SegmentedRaftLogWorker (SegmentedRaftLogWorker.java:run(313)) - 083ebb38-73c7-4c90-bb26-8945a60751ec-SegmentedRaftLogWorker:Storage Directory /workdir/hadoop-ozone/integration-test/target/test-dir/MiniOzoneClusterImpl-5ecceb84-7f52-4627-9972-1a459b519b1f/datanode-6/data/ratis/f0842b63-bf7e-437e-a913-47aaf413ec63 was interrupted, exiting. There are 0 tasks remaining in the queue.
2019-09-12 10:33:17,094 [ForkJoinPool.commonPool-worker-1] INFO  segmented.SegmentedRaftLogWorker (SegmentedRaftLogWorker.java:close(228)) - 6d8e2272-d3cb-43aa-845f-9a021007c4ce-SegmentedRaftLogWorker:Storage Directory /workdir/hadoop-ozone/integration-test/target/test-dir/MiniOzoneClusterImpl-5ecceb84-7f52-4627-9972-1a459b519b1f/datanode-0/data/ratis/9b585856-3e6d-478b-a9de-b170cfe455dd close()
2019-09-12 10:33:17,094 [main] INFO  segmented.SegmentedRaftLogWorker (SegmentedRaftLogWorker.java:close(228)) - 083ebb38-73c7-4c90-bb26-8945a60751ec-SegmentedRaftLogWorker:Storage Directory /workdir/hadoop-ozone/integration-test/target/test-dir/MiniOzoneClusterImpl-5ecceb84-7f52-4627-9972-1a459b519b1f/datanode-6/data/ratis/f0842b63-bf7e-437e-a913-47aaf413ec63 close()
2019-09-12 10:33:17,095 [ForkJoinPool.commonPool-worker-1] INFO  server.GrpcService (GrpcService.java:closeImpl(155)) - 6d8e2272-d3cb-43aa-845f-9a021007c4ce: shutdown server with port 46389 now
2019-09-12 10:33:17,095 [main] INFO  impl.RaftServerImpl (RaftServerImpl.java:lambda$shutdown$3(245)) - 083ebb38-73c7-4c90-bb26-8945a60751ec: shutdown group-D1347C192AB8
2019-09-12 10:33:17,097 [ForkJoinPool.commonPool-worker-1] INFO  server.GrpcService (GrpcService.java:closeImpl(163)) - 6d8e2272-d3cb-43aa-845f-9a021007c4ce: shutdown server with port 46389 successfully
2019-09-12 10:33:17,097 [main] INFO  util.JmxRegister (JmxRegister.java:unregister(73)) - Successfully un-registered JMX Bean with object name Ratis:service=RaftServer,group=group-D1347C192AB8,id=083ebb38-73c7-4c90-bb26-8945a60751ec
2019-09-12 10:33:17,097 [main] INFO  impl.RoleInfo (RoleInfo.java:shutdownLeaderState(104)) - 083ebb38-73c7-4c90-bb26-8945a60751ec: shutdown LeaderState
2019-09-12 10:33:17,098 [main] INFO  impl.PendingRequests (PendingRequests.java:sendNotLeaderResponses(202)) - 083ebb38-73c7-4c90-bb26-8945a60751ec-PendingRequests: sendNotLeaderResponses
2019-09-12 10:33:17,098 [main] INFO  impl.StateMachineUpdater (StateMachineUpdater.java:stopAndJoin(115)) - StateMachineUpdater:083ebb38-73c7-4c90-bb26-8945a60751ec:group-D1347C192AB8: set stopIndex = 0
2019-09-12 10:33:17,098 [main] INFO  impl.RaftServerImpl (ServerState.java:close(394)) - 083ebb38-73c7-4c90-bb26-8945a60751ec:group-D1347C192AB8 closes. The last applied log index is 0
2019-09-12 10:33:17,099 [083ebb38-73c7-4c90-bb26-8945a60751ec-SegmentedRaftLogWorker:Storage Directory /workdir/hadoop-ozone/integration-test/target/test-dir/MiniOzoneClusterImpl-5ecceb84-7f52-4627-9972-1a459b519b1f/datanode-6/data/ratis/907c6cbb-41f2-4566-a7b9-d1347c192ab8] INFO  segmented.SegmentedRaftLogWorker (SegmentedRaftLogWorker.java:run(313)) - 083ebb38-73c7-4c90-bb26-8945a60751ec-SegmentedRaftLogWorker:Storage Directory /workdir/hadoop-ozone/integration-test/target/test-dir/MiniOzoneClusterImpl-5ecceb84-7f52-4627-9972-1a459b519b1f/datanode-6/data/ratis/907c6cbb-41f2-4566-a7b9-d1347c192ab8 was interrupted, exiting. There are 0 tasks remaining in the queue.
2019-09-12 10:33:17,099 [main] INFO  segmented.SegmentedRaftLogWorker (SegmentedRaftLogWorker.java:close(228)) - 083ebb38-73c7-4c90-bb26-8945a60751ec-SegmentedRaftLogWorker:Storage Directory /workdir/hadoop-ozone/integration-test/target/test-dir/MiniOzoneClusterImpl-5ecceb84-7f52-4627-9972-1a459b519b1f/datanode-6/data/ratis/907c6cbb-41f2-4566-a7b9-d1347c192ab8 close()
2019-09-12 10:33:17,099 [main] INFO  server.GrpcService (GrpcService.java:closeImpl(155)) - 083ebb38-73c7-4c90-bb26-8945a60751ec: shutdown server with port 37300 now
2019-09-12 10:33:17,101 [main] INFO  server.GrpcService (GrpcService.java:closeImpl(163)) - 083ebb38-73c7-4c90-bb26-8945a60751ec: shutdown server with port 37300 successfully
2019-09-12 10:33:17,102 [main] INFO  utils.BackgroundService (BackgroundService.java:shutdown(148)) - Shutting down service BlockDeletingService
2019-09-12 10:33:17,103 [refreshUsed-/workdir/hadoop-ozone/integration-test/target/test-dir/MiniOzoneClusterImpl-5ecceb84-7f52-4627-9972-1a459b519b1f/datanode-6/data/containers] WARN  fs.CachingGetSpaceUsed (CachingGetSpaceUsed.java:run(183)) - Thread Interrupted waiting to refresh disk information: sleep interrupted
2019-09-12 10:33:17,115 [ForkJoinPool.commonPool-worker-1] INFO  utils.BackgroundService (BackgroundService.java:shutdown(148)) - Shutting down service BlockDeletingService
2019-09-12 10:33:17,121 [refreshUsed-/workdir/hadoop-ozone/integration-test/target/test-dir/MiniOzoneClusterImpl-5ecceb84-7f52-4627-9972-1a459b519b1f/datanode-0/data/containers] WARN  fs.CachingGetSpaceUsed (CachingGetSpaceUsed.java:run(183)) - Thread Interrupted waiting to refresh disk information: sleep interrupted
2019-09-12 10:33:17,133 [main] INFO  statemachine.DatanodeStateMachine (DatanodeStateMachine.java:stopDaemon(395)) - Ozone container server stopped.
2019-09-12 10:33:17,134 [main] INFO  handler.ContextHandler (ContextHandler.java:doStop(910)) - Stopped o.e.j.w.WebAppContext@6775c0d1{/,null,UNAVAILABLE}{/hddsDatanode}
2019-09-12 10:33:17,135 [main] INFO  server.AbstractConnector (AbstractConnector.java:doStop(318)) - Stopped ServerConnector@38f617f4{HTTP/1.1,[http/1.1]}{0.0.0.0:0}
2019-09-12 10:33:17,135 [main] INFO  handler.ContextHandler (ContextHandler.java:doStop(910)) - Stopped o.e.j.s.ServletContextHandler@184afb78{/static,jar:file:/home/user/.m2/repository/org/apache/hadoop/hadoop-hdds-container-service/0.5.0-SNAPSHOT/hadoop-hdds-container-service-0.5.0-SNAPSHOT.jar!/webapps/static,UNAVAILABLE}
2019-09-12 10:33:17,138 [main] INFO  handler.ContextHandler (ContextHandler.java:doStop(910)) - Stopped o.e.j.s.ServletContextHandler@1c6e3ff9{/logs,file:///workdir/hadoop-ozone/integration-test/target/log,UNAVAILABLE}
2019-09-12 10:33:17,138 [ForkJoinPool.commonPool-worker-1] INFO  statemachine.DatanodeStateMachine (DatanodeStateMachine.java:stopDaemon(395)) - Ozone container server stopped.
2019-09-12 10:33:17,141 [main] INFO  datanode.ObjectStoreHandler (ObjectStoreHandler.java:close(155)) - Closing ObjectStoreHandler.
2019-09-12 10:33:17,142 [ForkJoinPool.commonPool-worker-1] INFO  handler.ContextHandler (ContextHandler.java:doStop(910)) - Stopped o.e.j.w.WebAppContext@56637cff{/,null,UNAVAILABLE}{/hddsDatanode}
2019-09-12 10:33:17,142 [main] INFO  ozone.HddsDatanodeService (HddsDatanodeService.java:stop(451)) - Stopped plug-in org.apache.hadoop.ozone.web.OzoneHddsDatanodeService@d108406
2019-09-12 10:33:17,143 [ForkJoinPool.commonPool-worker-1] INFO  server.AbstractConnector (AbstractConnector.java:doStop(318)) - Stopped ServerConnector@2938127d{HTTP/1.1,[http/1.1]}{0.0.0.0:0}
2019-09-12 10:33:17,144 [ForkJoinPool.commonPool-worker-1] INFO  handler.ContextHandler (ContextHandler.java:doStop(910)) - Stopped o.e.j.s.ServletContextHandler@2a369e14{/static,jar:file:/home/user/.m2/repository/org/apache/hadoop/hadoop-hdds-container-service/0.5.0-SNAPSHOT/hadoop-hdds-container-service-0.5.0-SNAPSHOT.jar!/webapps/static,UNAVAILABLE}
2019-09-12 10:33:17,144 [ForkJoinPool.commonPool-worker-1] INFO  handler.ContextHandler (ContextHandler.java:doStop(910)) - Stopped o.e.j.s.ServletContextHandler@60c8a093{/logs,file:///workdir/hadoop-ozone/integration-test/target/log,UNAVAILABLE}
2019-09-12 10:33:17,471 [Datanode State Machine Thread - 0] INFO  statemachine.DatanodeStateMachine (DatanodeStateMachine.java:lambda$startDaemon$0(350)) - Ozone container server started.
2019-09-12 10:33:22,143 [main] INFO  ozoneimpl.OzoneContainer (OzoneContainer.java:stop(199)) - Attempting to stop container services.
2019-09-12 10:33:22,144 [main] INFO  impl.RaftServerProxy (RaftServerProxy.java:lambda$close$4(314)) - 81ee34d7-b83f-41e3-b846-e574d684802c: close
2019-09-12 10:33:22,145 [main] INFO  impl.RaftServerImpl (RaftServerImpl.java:lambda$shutdown$3(245)) - 81ee34d7-b83f-41e3-b846-e574d684802c: shutdown group-419FAF30D5CC
2019-09-12 10:33:22,145 [ForkJoinPool.commonPool-worker-0] INFO  impl.RaftServerImpl (RaftServerImpl.java:lambda$shutdown$3(245)) - 81ee34d7-b83f-41e3-b846-e574d684802c: shutdown group-C9B4AA5466CF
2019-09-12 10:33:22,145 [main] INFO  util.JmxRegister (JmxRegister.java:unregister(73)) - Successfully un-registered JMX Bean with object name Ratis:service=RaftServer,group=group-419FAF30D5CC,id=81ee34d7-b83f-41e3-b846-e574d684802c
2019-09-12 10:33:22,146 [ForkJoinPool.commonPool-worker-0] INFO  util.JmxRegister (JmxRegister.java:unregister(73)) - Successfully un-registered JMX Bean with object name Ratis:service=RaftServer,group=group-C9B4AA5466CF,id=81ee34d7-b83f-41e3-b846-e574d684802c
2019-09-12 10:33:22,146 [main] INFO  impl.RoleInfo (RoleInfo.java:shutdownLeaderState(104)) - 81ee34d7-b83f-41e3-b846-e574d684802c: shutdown LeaderState
2019-09-12 10:33:22,146 [ForkJoinPool.commonPool-worker-0] INFO  impl.RoleInfo (RoleInfo.java:shutdownLeaderState(104)) - 81ee34d7-b83f-41e3-b846-e574d684802c: shutdown LeaderState
2019-09-12 10:33:22,147 [main] INFO  impl.PendingRequests (PendingRequests.java:sendNotLeaderResponses(202)) - 81ee34d7-b83f-41e3-b846-e574d684802c-PendingRequests: sendNotLeaderResponses
2019-09-12 10:33:22,147 [ForkJoinPool.commonPool-worker-0] INFO  impl.PendingRequests (PendingRequests.java:sendNotLeaderResponses(202)) - 81ee34d7-b83f-41e3-b846-e574d684802c-PendingRequests: sendNotLeaderResponses
2019-09-12 10:33:22,147 [main] INFO  impl.StateMachineUpdater (StateMachineUpdater.java:stopAndJoin(115)) - StateMachineUpdater:81ee34d7-b83f-41e3-b846-e574d684802c:group-419FAF30D5CC: set stopIndex = 0
2019-09-12 10:33:22,148 [ForkJoinPool.commonPool-worker-0] INFO  impl.StateMachineUpdater (StateMachineUpdater.java:stopAndJoin(115)) - StateMachineUpdater:81ee34d7-b83f-41e3-b846-e574d684802c:group-C9B4AA5466CF: set stopIndex = 0
2019-09-12 10:33:22,148 [main] INFO  impl.RaftServerImpl (ServerState.java:close(394)) - 81ee34d7-b83f-41e3-b846-e574d684802c:group-419FAF30D5CC closes. The last applied log index is 0
2019-09-12 10:33:22,148 [ForkJoinPool.commonPool-worker-0] INFO  impl.RaftServerImpl (ServerState.java:close(394)) - 81ee34d7-b83f-41e3-b846-e574d684802c:group-C9B4AA5466CF closes. The last applied log index is 0
2019-09-12 10:33:22,149 [81ee34d7-b83f-41e3-b846-e574d684802c-SegmentedRaftLogWorker:Storage Directory /workdir/hadoop-ozone/integration-test/target/test-dir/MiniOzoneClusterImpl-5ecceb84-7f52-4627-9972-1a459b519b1f/datanode-5/data/ratis/d57b7e1b-406d-4644-a2fa-419faf30d5cc] INFO  segmented.SegmentedRaftLogWorker (SegmentedRaftLogWorker.java:run(313)) - 81ee34d7-b83f-41e3-b846-e574d684802c-SegmentedRaftLogWorker:Storage Directory /workdir/hadoop-ozone/integration-test/target/test-dir/MiniOzoneClusterImpl-5ecceb84-7f52-4627-9972-1a459b519b1f/datanode-5/data/ratis/d57b7e1b-406d-4644-a2fa-419faf30d5cc was interrupted, exiting. There are 0 tasks remaining in the queue.
2019-09-12 10:33:22,149 [81ee34d7-b83f-41e3-b846-e574d684802c-SegmentedRaftLogWorker:Storage Directory /workdir/hadoop-ozone/integration-test/target/test-dir/MiniOzoneClusterImpl-5ecceb84-7f52-4627-9972-1a459b519b1f/datanode-5/data/ratis/6d91fbb4-b036-4fa8-8f79-c9b4aa5466cf] INFO  segmented.SegmentedRaftLogWorker (SegmentedRaftLogWorker.java:run(313)) - 81ee34d7-b83f-41e3-b846-e574d684802c-SegmentedRaftLogWorker:Storage Directory /workdir/hadoop-ozone/integration-test/target/test-dir/MiniOzoneClusterImpl-5ecceb84-7f52-4627-9972-1a459b519b1f/datanode-5/data/ratis/6d91fbb4-b036-4fa8-8f79-c9b4aa5466cf was interrupted, exiting. There are 0 tasks remaining in the queue.
2019-09-12 10:33:22,149 [main] INFO  segmented.SegmentedRaftLogWorker (SegmentedRaftLogWorker.java:close(228)) - 81ee34d7-b83f-41e3-b846-e574d684802c-SegmentedRaftLogWorker:Storage Directory /workdir/hadoop-ozone/integration-test/target/test-dir/MiniOzoneClusterImpl-5ecceb84-7f52-4627-9972-1a459b519b1f/datanode-5/data/ratis/d57b7e1b-406d-4644-a2fa-419faf30d5cc close()
2019-09-12 10:33:22,150 [ForkJoinPool.commonPool-worker-0] INFO  segmented.SegmentedRaftLogWorker (SegmentedRaftLogWorker.java:close(228)) - 81ee34d7-b83f-41e3-b846-e574d684802c-SegmentedRaftLogWorker:Storage Directory /workdir/hadoop-ozone/integration-test/target/test-dir/MiniOzoneClusterImpl-5ecceb84-7f52-4627-9972-1a459b519b1f/datanode-5/data/ratis/6d91fbb4-b036-4fa8-8f79-c9b4aa5466cf close()
2019-09-12 10:33:22,150 [main] INFO  impl.RaftServerImpl (RaftServerImpl.java:lambda$shutdown$3(245)) - 81ee34d7-b83f-41e3-b846-e574d684802c: shutdown group-B721DF714BE3
2019-09-12 10:33:22,150 [ForkJoinPool.commonPool-worker-0] INFO  impl.RaftServerImpl (RaftServerImpl.java:lambda$shutdown$3(245)) - 81ee34d7-b83f-41e3-b846-e574d684802c: shutdown group-4649C8F5578C
2019-09-12 10:33:22,151 [main] INFO  util.JmxRegister (JmxRegister.java:unregister(73)) - Successfully un-registered JMX Bean with object name Ratis:service=RaftServer,group=group-B721DF714BE3,id=81ee34d7-b83f-41e3-b846-e574d684802c
2019-09-12 10:33:22,151 [ForkJoinPool.commonPool-worker-0] INFO  util.JmxRegister (JmxRegister.java:unregister(73)) - Successfully un-registered JMX Bean with object name Ratis:service=RaftServer,group=group-4649C8F5578C,id=81ee34d7-b83f-41e3-b846-e574d684802c
2019-09-12 10:33:22,151 [main] INFO  impl.RoleInfo (RoleInfo.java:shutdownLeaderState(104)) - 81ee34d7-b83f-41e3-b846-e574d684802c: shutdown LeaderState
2019-09-12 10:33:22,151 [ForkJoinPool.commonPool-worker-0] INFO  impl.RoleInfo (RoleInfo.java:shutdownLeaderState(104)) - 81ee34d7-b83f-41e3-b846-e574d684802c: shutdown LeaderState
2019-09-12 10:33:22,152 [main] INFO  impl.PendingRequests (PendingRequests.java:sendNotLeaderResponses(202)) - 81ee34d7-b83f-41e3-b846-e574d684802c-PendingRequests: sendNotLeaderResponses
2019-09-12 10:33:22,152 [ForkJoinPool.commonPool-worker-0] INFO  impl.PendingRequests (PendingRequests.java:sendNotLeaderResponses(202)) - 81ee34d7-b83f-41e3-b846-e574d684802c-PendingRequests: sendNotLeaderResponses
2019-09-12 10:33:22,152 [main] INFO  impl.StateMachineUpdater (StateMachineUpdater.java:stopAndJoin(115)) - StateMachineUpdater:81ee34d7-b83f-41e3-b846-e574d684802c:group-B721DF714BE3: set stopIndex = 0
2019-09-12 10:33:22,153 [ForkJoinPool.commonPool-worker-0] INFO  impl.StateMachineUpdater (StateMachineUpdater.java:stopAndJoin(115)) - StateMachineUpdater:81ee34d7-b83f-41e3-b846-e574d684802c:group-4649C8F5578C: set stopIndex = 0
2019-09-12 10:33:22,153 [main] INFO  impl.RaftServerImpl (ServerState.java:close(394)) - 81ee34d7-b83f-41e3-b846-e574d684802c:group-B721DF714BE3 closes. The last applied log index is 0
2019-09-12 10:33:22,153 [ForkJoinPool.commonPool-worker-0] INFO  impl.RaftServerImpl (ServerState.java:close(394)) - 81ee34d7-b83f-41e3-b846-e574d684802c:group-4649C8F5578C closes. The last applied log index is 0
2019-09-12 10:33:22,154 [81ee34d7-b83f-41e3-b846-e574d684802c-SegmentedRaftLogWorker:Storage Directory /workdir/hadoop-ozone/integration-test/target/test-dir/MiniOzoneClusterImpl-5ecceb84-7f52-4627-9972-1a459b519b1f/datanode-5/data/ratis/48e73f2f-a825-44a0-840f-b721df714be3] INFO  segmented.SegmentedRaftLogWorker (SegmentedRaftLogWorker.java:run(313)) - 81ee34d7-b83f-41e3-b846-e574d684802c-SegmentedRaftLogWorker:Storage Directory /workdir/hadoop-ozone/integration-test/target/test-dir/MiniOzoneClusterImpl-5ecceb84-7f52-4627-9972-1a459b519b1f/datanode-5/data/ratis/48e73f2f-a825-44a0-840f-b721df714be3 was interrupted, exiting. There are 0 tasks remaining in the queue.
2019-09-12 10:33:22,154 [81ee34d7-b83f-41e3-b846-e574d684802c-SegmentedRaftLogWorker:Storage Directory /workdir/hadoop-ozone/integration-test/target/test-dir/MiniOzoneClusterImpl-5ecceb84-7f52-4627-9972-1a459b519b1f/datanode-5/data/ratis/10802ed1-2f3f-421e-a2ff-4649c8f5578c] INFO  segmented.SegmentedRaftLogWorker (SegmentedRaftLogWorker.java:run(313)) - 81ee34d7-b83f-41e3-b846-e574d684802c-SegmentedRaftLogWorker:Storage Directory /workdir/hadoop-ozone/integration-test/target/test-dir/MiniOzoneClusterImpl-5ecceb84-7f52-4627-9972-1a459b519b1f/datanode-5/data/ratis/10802ed1-2f3f-421e-a2ff-4649c8f5578c was interrupted, exiting. There are 0 tasks remaining in the queue.
2019-09-12 10:33:22,154 [main] INFO  segmented.SegmentedRaftLogWorker (SegmentedRaftLogWorker.java:close(228)) - 81ee34d7-b83f-41e3-b846-e574d684802c-SegmentedRaftLogWorker:Storage Directory /workdir/hadoop-ozone/integration-test/target/test-dir/MiniOzoneClusterImpl-5ecceb84-7f52-4627-9972-1a459b519b1f/datanode-5/data/ratis/48e73f2f-a825-44a0-840f-b721df714be3 close()
2019-09-12 10:33:22,155 [main] INFO  impl.RaftServerImpl (RaftServerImpl.java:lambda$shutdown$3(245)) - 81ee34d7-b83f-41e3-b846-e574d684802c: shutdown group-E5EA22A8BE22
2019-09-12 10:33:22,155 [main] INFO  util.JmxRegister (JmxRegister.java:unregister(73)) - Successfully un-registered JMX Bean with object name Ratis:service=RaftServer,group=group-E5EA22A8BE22,id=81ee34d7-b83f-41e3-b846-e574d684802c
2019-09-12 10:33:22,155 [main] INFO  impl.RoleInfo (RoleInfo.java:shutdownLeaderState(104)) - 81ee34d7-b83f-41e3-b846-e574d684802c: shutdown LeaderState
2019-09-12 10:33:22,156 [main] INFO  impl.PendingRequests (PendingRequests.java:sendNotLeaderResponses(202)) - 81ee34d7-b83f-41e3-b846-e574d684802c-PendingRequests: sendNotLeaderResponses
2019-09-12 10:33:22,156 [main] INFO  impl.StateMachineUpdater (StateMachineUpdater.java:stopAndJoin(115)) - StateMachineUpdater:81ee34d7-b83f-41e3-b846-e574d684802c:group-E5EA22A8BE22: set stopIndex = 0
2019-09-12 10:33:22,157 [main] INFO  impl.RaftServerImpl (ServerState.java:close(394)) - 81ee34d7-b83f-41e3-b846-e574d684802c:group-E5EA22A8BE22 closes. The last applied log index is 0
2019-09-12 10:33:22,157 [81ee34d7-b83f-41e3-b846-e574d684802c-SegmentedRaftLogWorker:Storage Directory /workdir/hadoop-ozone/integration-test/target/test-dir/MiniOzoneClusterImpl-5ecceb84-7f52-4627-9972-1a459b519b1f/datanode-5/data/ratis/fb183d4d-ecff-47be-a567-e5ea22a8be22] INFO  segmented.SegmentedRaftLogWorker (SegmentedRaftLogWorker.java:run(313)) - 81ee34d7-b83f-41e3-b846-e574d684802c-SegmentedRaftLogWorker:Storage Directory /workdir/hadoop-ozone/integration-test/target/test-dir/MiniOzoneClusterImpl-5ecceb84-7f52-4627-9972-1a459b519b1f/datanode-5/data/ratis/fb183d4d-ecff-47be-a567-e5ea22a8be22 was interrupted, exiting. There are 0 tasks remaining in the queue.
2019-09-12 10:33:22,162 [main] INFO  segmented.SegmentedRaftLogWorker (SegmentedRaftLogWorker.java:close(228)) - 81ee34d7-b83f-41e3-b846-e574d684802c-SegmentedRaftLogWorker:Storage Directory /workdir/hadoop-ozone/integration-test/target/test-dir/MiniOzoneClusterImpl-5ecceb84-7f52-4627-9972-1a459b519b1f/datanode-5/data/ratis/fb183d4d-ecff-47be-a567-e5ea22a8be22 close()
2019-09-12 10:33:22,162 [ForkJoinPool.commonPool-worker-0] INFO  segmented.SegmentedRaftLogWorker (SegmentedRaftLogWorker.java:close(228)) - 81ee34d7-b83f-41e3-b846-e574d684802c-SegmentedRaftLogWorker:Storage Directory /workdir/hadoop-ozone/integration-test/target/test-dir/MiniOzoneClusterImpl-5ecceb84-7f52-4627-9972-1a459b519b1f/datanode-5/data/ratis/10802ed1-2f3f-421e-a2ff-4649c8f5578c close()
2019-09-12 10:33:22,162 [ForkJoinPool.commonPool-worker-0] INFO  impl.RaftServerImpl (RaftServerImpl.java:lambda$shutdown$3(245)) - 81ee34d7-b83f-41e3-b846-e574d684802c: shutdown group-1A5180E08104
2019-09-12 10:33:22,163 [ForkJoinPool.commonPool-worker-0] INFO  util.JmxRegister (JmxRegister.java:unregister(73)) - Successfully un-registered JMX Bean with object name Ratis:service=RaftServer,group=group-1A5180E08104,id=81ee34d7-b83f-41e3-b846-e574d684802c
2019-09-12 10:33:22,163 [ForkJoinPool.commonPool-worker-0] INFO  impl.RoleInfo (RoleInfo.java:shutdownLeaderState(104)) - 81ee34d7-b83f-41e3-b846-e574d684802c: shutdown LeaderState
2019-09-12 10:33:22,163 [ForkJoinPool.commonPool-worker-0] INFO  impl.PendingRequests (PendingRequests.java:sendNotLeaderResponses(202)) - 81ee34d7-b83f-41e3-b846-e574d684802c-PendingRequests: sendNotLeaderResponses
2019-09-12 10:33:22,163 [ForkJoinPool.commonPool-worker-0] INFO  impl.StateMachineUpdater (StateMachineUpdater.java:stopAndJoin(115)) - StateMachineUpdater:81ee34d7-b83f-41e3-b846-e574d684802c:group-1A5180E08104: set stopIndex = 0
2019-09-12 10:33:22,163 [ForkJoinPool.commonPool-worker-0] INFO  impl.RaftServerImpl (ServerState.java:close(394)) - 81ee34d7-b83f-41e3-b846-e574d684802c:group-1A5180E08104 closes. The last applied log index is 0
2019-09-12 10:33:22,164 [81ee34d7-b83f-41e3-b846-e574d684802c-SegmentedRaftLogWorker:Storage Directory /workdir/hadoop-ozone/integration-test/target/test-dir/MiniOzoneClusterImpl-5ecceb84-7f52-4627-9972-1a459b519b1f/datanode-5/data/ratis/98034139-01d0-43eb-a64b-1a5180e08104] INFO  segmented.SegmentedRaftLogWorker (SegmentedRaftLogWorker.java:run(313)) - 81ee34d7-b83f-41e3-b846-e574d684802c-SegmentedRaftLogWorker:Storage Directory /workdir/hadoop-ozone/integration-test/target/test-dir/MiniOzoneClusterImpl-5ecceb84-7f52-4627-9972-1a459b519b1f/datanode-5/data/ratis/98034139-01d0-43eb-a64b-1a5180e08104 was interrupted, exiting. There are 0 tasks remaining in the queue.
2019-09-12 10:33:22,164 [ForkJoinPool.commonPool-worker-0] INFO  segmented.SegmentedRaftLogWorker (SegmentedRaftLogWorker.java:close(228)) - 81ee34d7-b83f-41e3-b846-e574d684802c-SegmentedRaftLogWorker:Storage Directory /workdir/hadoop-ozone/integration-test/target/test-dir/MiniOzoneClusterImpl-5ecceb84-7f52-4627-9972-1a459b519b1f/datanode-5/data/ratis/98034139-01d0-43eb-a64b-1a5180e08104 close()
2019-09-12 10:33:22,164 [main] INFO  server.GrpcService (GrpcService.java:closeImpl(155)) - 81ee34d7-b83f-41e3-b846-e574d684802c: shutdown server with port 36593 now
2019-09-12 10:33:22,166 [main] INFO  server.GrpcService (GrpcService.java:closeImpl(163)) - 81ee34d7-b83f-41e3-b846-e574d684802c: shutdown server with port 36593 successfully
2019-09-12 10:33:22,175 [main] INFO  utils.BackgroundService (BackgroundService.java:shutdown(148)) - Shutting down service BlockDeletingService
2019-09-12 10:33:22,177 [refreshUsed-/workdir/hadoop-ozone/integration-test/target/test-dir/MiniOzoneClusterImpl-5ecceb84-7f52-4627-9972-1a459b519b1f/datanode-5/data/containers] WARN  fs.CachingGetSpaceUsed (CachingGetSpaceUsed.java:run(183)) - Thread Interrupted waiting to refresh disk information: sleep interrupted
2019-09-12 10:33:22,195 [main] INFO  statemachine.DatanodeStateMachine (DatanodeStateMachine.java:stopDaemon(395)) - Ozone container server stopped.
2019-09-12 10:33:22,196 [main] INFO  handler.ContextHandler (ContextHandler.java:doStop(910)) - Stopped o.e.j.w.WebAppContext@3ffd4b12{/,null,UNAVAILABLE}{/hddsDatanode}
2019-09-12 10:33:22,197 [main] INFO  server.AbstractConnector (AbstractConnector.java:doStop(318)) - Stopped ServerConnector@424f02b8{HTTP/1.1,[http/1.1]}{0.0.0.0:0}
2019-09-12 10:33:22,198 [main] INFO  handler.ContextHandler (ContextHandler.java:doStop(910)) - Stopped o.e.j.s.ServletContextHandler@7caf1e5{/static,jar:file:/home/user/.m2/repository/org/apache/hadoop/hadoop-hdds-container-service/0.5.0-SNAPSHOT/hadoop-hdds-container-service-0.5.0-SNAPSHOT.jar!/webapps/static,UNAVAILABLE}
2019-09-12 10:33:22,198 [main] INFO  handler.ContextHandler (ContextHandler.java:doStop(910)) - Stopped o.e.j.s.ServletContextHandler@5d7f8467{/logs,file:///workdir/hadoop-ozone/integration-test/target/log,UNAVAILABLE}
2019-09-12 10:33:22,200 [main] INFO  ozone.MiniOzoneClusterImpl (MiniOzoneClusterImpl.java:stop(353)) - Stopping the StorageContainerManager
2019-09-12 10:33:22,200 [main] INFO  server.StorageContainerManager (StorageContainerManager.java:stop(797)) - Stopping Replication Manager Service.
2019-09-12 10:33:22,200 [main] INFO  container.ReplicationManager (ReplicationManager.java:stop(192)) - Stopping Replication Monitor Thread.
2019-09-12 10:33:22,201 [main] INFO  server.StorageContainerManager (StorageContainerManager.java:stop(804)) - Stopping Lease Manager of the command watchers
2019-09-12 10:33:22,201 [main] INFO  server.StorageContainerManager (StorageContainerManager.java:stop(811)) - Stopping datanode service RPC server
2019-09-12 10:33:22,201 [main] INFO  server.SCMDatanodeProtocolServer (SCMDatanodeProtocolServer.java:stop(367)) - Stopping the RPC server for DataNodes
2019-09-12 10:33:22,201 [main] INFO  ipc.Server (Server.java:stop(3082)) - Stopping server on 38814
2019-09-12 10:33:22,204 [IPC Server Responder] INFO  ipc.Server (Server.java:run(1319)) - Stopping IPC Server Responder
2019-09-12 10:33:22,204 [IPC Server listener on 38814] INFO  ipc.Server (Server.java:run(1185)) - Stopping IPC Server listener on 38814
2019-09-12 10:33:22,219 [SCM Heartbeat Processing Thread - 0] WARN  node.NodeStateManager (NodeStateManager.java:scheduleNextHealthCheck(655)) - Current Thread is interrupted, shutting down HB processing thread for Node Manager.
2019-09-12 10:33:22,220 [main] INFO  server.StorageContainerManager (StorageContainerManager.java:stop(819)) - Stopping block service RPC server
2019-09-12 10:33:22,220 [main] INFO  server.SCMBlockProtocolServer (SCMBlockProtocolServer.java:stop(148)) - Stopping the RPC server for Block Protocol
2019-09-12 10:33:22,220 [main] INFO  ipc.Server (Server.java:stop(3082)) - Stopping server on 42511
2019-09-12 10:33:22,222 [main] INFO  server.StorageContainerManager (StorageContainerManager.java:stop(826)) - Stopping the StorageContainerLocationProtocol RPC server
2019-09-12 10:33:22,222 [IPC Server listener on 42511] INFO  ipc.Server (Server.java:run(1185)) - Stopping IPC Server listener on 42511
2019-09-12 10:33:22,224 [main] INFO  server.SCMClientProtocolServer (SCMClientProtocolServer.java:stop(159)) - Stopping the RPC server for Client Protocol
2019-09-12 10:33:22,224 [IPC Server Responder] INFO  ipc.Server (Server.java:run(1319)) - Stopping IPC Server Responder
2019-09-12 10:33:22,224 [main] INFO  ipc.Server (Server.java:stop(3082)) - Stopping server on 44750
2019-09-12 10:33:22,227 [main] INFO  server.StorageContainerManager (StorageContainerManager.java:stop(833)) - Stopping Storage Container Manager HTTP server.
2019-09-12 10:33:22,228 [IPC Server Responder] INFO  ipc.Server (Server.java:run(1319)) - Stopping IPC Server Responder
2019-09-12 10:33:22,229 [IPC Server listener on 44750] INFO  ipc.Server (Server.java:run(1185)) - Stopping IPC Server listener on 44750
2019-09-12 10:33:22,230 [main] INFO  handler.ContextHandler (ContextHandler.java:doStop(910)) - Stopped o.e.j.w.WebAppContext@2ca65ce4{/,null,UNAVAILABLE}{/scm}
2019-09-12 10:33:22,232 [main] INFO  server.AbstractConnector (AbstractConnector.java:doStop(318)) - Stopped ServerConnector@6bc28a83{HTTP/1.1,[http/1.1]}{0.0.0.0:0}
2019-09-12 10:33:22,232 [main] INFO  handler.ContextHandler (ContextHandler.java:doStop(910)) - Stopped o.e.j.s.ServletContextHandler@bf1ec20{/static,file:///workdir/hadoop-ozone/integration-test/target/test-classes/webapps/static,UNAVAILABLE}
2019-09-12 10:33:22,233 [main] INFO  handler.ContextHandler (ContextHandler.java:doStop(910)) - Stopped o.e.j.s.ServletContextHandler@c5ee75e{/logs,file:///workdir/hadoop-ozone/integration-test/target/log,UNAVAILABLE}
2019-09-12 10:33:22,235 [main] INFO  server.StorageContainerManager (StorageContainerManager.java:stop(844)) - Stopping Block Manager Service.
2019-09-12 10:33:22,235 [main] INFO  utils.BackgroundService (BackgroundService.java:shutdown(148)) - Shutting down service SCMBlockDeletingService
2019-09-12 10:33:22,236 [main] INFO  utils.BackgroundService (BackgroundService.java:shutdown(148)) - Shutting down service SCMBlockDeletingService
2019-09-12 10:33:22,237 [main] INFO  server.StorageContainerManager (StorageContainerManager.java:stop(866)) - Stopping SCM Event Queue.
2019-09-12 10:33:22,247 [main] INFO  impl.MetricsSystemImpl (MetricsSystemImpl.java:stop(210)) - Stopping HddsDatanode metrics system...
2019-09-12 10:33:22,258 [main] INFO  impl.MetricsSystemImpl (MetricsSystemImpl.java:stop(216)) - HddsDatanode metrics system stopped.
]]></system-out>
    <system-err><![CDATA[Sep 12, 2019 10:32:52 AM com.sun.jersey.server.impl.application.WebApplicationImpl _initiate
INFO: Initiating Jersey application, version 'Jersey: 1.19 02/11/2015 03:25 AM'
Sep 12, 2019 10:32:53 AM com.sun.jersey.server.impl.application.WebApplicationImpl _initiate
INFO: Initiating Jersey application, version 'Jersey: 1.19 02/11/2015 03:25 AM'
Sep 12, 2019 10:32:53 AM com.sun.jersey.server.impl.application.WebApplicationImpl _initiate
INFO: Initiating Jersey application, version 'Jersey: 1.19 02/11/2015 03:25 AM'
Sep 12, 2019 10:32:53 AM com.sun.jersey.server.impl.application.WebApplicationImpl _initiate
INFO: Initiating Jersey application, version 'Jersey: 1.19 02/11/2015 03:25 AM'
Sep 12, 2019 10:32:54 AM com.sun.jersey.server.impl.application.WebApplicationImpl _initiate
INFO: Initiating Jersey application, version 'Jersey: 1.19 02/11/2015 03:25 AM'
Sep 12, 2019 10:32:54 AM com.sun.jersey.server.impl.application.WebApplicationImpl _initiate
INFO: Initiating Jersey application, version 'Jersey: 1.19 02/11/2015 03:25 AM'
Sep 12, 2019 10:32:54 AM com.sun.jersey.server.impl.application.WebApplicationImpl _initiate
INFO: Initiating Jersey application, version 'Jersey: 1.19 02/11/2015 03:25 AM'
]]></system-err>
  </testcase>
  <testcase name="testMaxRetriesByOzoneClient" classname="org.apache.hadoop.ozone.client.rpc.TestOzoneClientRetriesOnException" time="28.225">
    <error message="Allocated 0 blocks. Requested 4 blocks" type="INTERNAL_ERROR org.apache.hadoop.ozone.om.exceptions.OMException">INTERNAL_ERROR org.apache.hadoop.ozone.om.exceptions.OMException: Allocated 0 blocks. Requested 4 blocks
	at org.apache.hadoop.ozone.om.protocolPB.OzoneManagerProtocolClientSideTranslatorPB.handleError(OzoneManagerProtocolClientSideTranslatorPB.java:725)
	at org.apache.hadoop.ozone.om.protocolPB.OzoneManagerProtocolClientSideTranslatorPB.openKey(OzoneManagerProtocolClientSideTranslatorPB.java:716)
	at org.apache.hadoop.ozone.client.rpc.RpcClient.createKey(RpcClient.java:615)
	at org.apache.hadoop.ozone.client.OzoneBucket.createKey(OzoneBucket.java:323)
	at org.apache.hadoop.ozone.container.ContainerTestHelper.createKey(ContainerTestHelper.java:694)
	at org.apache.hadoop.ozone.client.rpc.TestOzoneClientRetriesOnException.createKey(TestOzoneClientRetriesOnException.java:226)
	at org.apache.hadoop.ozone.client.rpc.TestOzoneClientRetriesOnException.testMaxRetriesByOzoneClient(TestOzoneClientRetriesOnException.java:167)
	at sun.reflect.NativeMethodAccessorImpl.invoke0(Native Method)
	at sun.reflect.NativeMethodAccessorImpl.invoke(NativeMethodAccessorImpl.java:62)
	at sun.reflect.DelegatingMethodAccessorImpl.invoke(DelegatingMethodAccessorImpl.java:43)
	at java.lang.reflect.Method.invoke(Method.java:498)
	at org.junit.runners.model.FrameworkMethod$1.runReflectiveCall(FrameworkMethod.java:47)
	at org.junit.internal.runners.model.ReflectiveCallable.run(ReflectiveCallable.java:12)
	at org.junit.runners.model.FrameworkMethod.invokeExplosively(FrameworkMethod.java:44)
	at org.junit.internal.runners.statements.InvokeMethod.evaluate(InvokeMethod.java:17)
	at org.junit.internal.runners.statements.RunBefores.evaluate(RunBefores.java:26)
	at org.junit.internal.runners.statements.RunAfters.evaluate(RunAfters.java:27)
	at org.junit.runners.ParentRunner.runLeaf(ParentRunner.java:271)
	at org.junit.runners.BlockJUnit4ClassRunner.runChild(BlockJUnit4ClassRunner.java:70)
	at org.junit.runners.BlockJUnit4ClassRunner.runChild(BlockJUnit4ClassRunner.java:50)
	at org.junit.runners.ParentRunner$3.run(ParentRunner.java:238)
	at org.junit.runners.ParentRunner$1.schedule(ParentRunner.java:63)
	at org.junit.runners.ParentRunner.runChildren(ParentRunner.java:236)
	at org.junit.runners.ParentRunner.access$000(ParentRunner.java:53)
	at org.junit.runners.ParentRunner$2.evaluate(ParentRunner.java:229)
	at org.junit.runners.ParentRunner.run(ParentRunner.java:309)
	at org.apache.maven.surefire.junit4.JUnit4Provider.execute(JUnit4Provider.java:365)
	at org.apache.maven.surefire.junit4.JUnit4Provider.executeWithRerun(JUnit4Provider.java:273)
	at org.apache.maven.surefire.junit4.JUnit4Provider.executeTestSet(JUnit4Provider.java:238)
	at org.apache.maven.surefire.junit4.JUnit4Provider.invoke(JUnit4Provider.java:159)
	at org.apache.maven.surefire.booter.ForkedBooter.invokeProviderInSameClassLoader(ForkedBooter.java:384)
	at org.apache.maven.surefire.booter.ForkedBooter.runSuitesInProcess(ForkedBooter.java:345)
	at org.apache.maven.surefire.booter.ForkedBooter.execute(ForkedBooter.java:126)
	at org.apache.maven.surefire.booter.ForkedBooter.main(ForkedBooter.java:418)
</error>
    <system-out><![CDATA[2019-09-12 10:33:22,332 [main] WARN  server.ServerUtils (ServerUtils.java:getScmDbDir(145)) - ozone.scm.db.dirs is not configured. We recommend adding this setting. Falling back to ozone.metadata.dirs instead.
2019-09-12 10:33:22,357 [main] WARN  server.ServerUtils (ServerUtils.java:getScmDbDir(145)) - ozone.scm.db.dirs is not configured. We recommend adding this setting. Falling back to ozone.metadata.dirs instead.
2019-09-12 10:33:22,358 [main] WARN  server.ServerUtils (ServerUtils.java:getScmDbDir(145)) - ozone.scm.db.dirs is not configured. We recommend adding this setting. Falling back to ozone.metadata.dirs instead.
2019-09-12 10:33:22,358 [main] INFO  db.DBStoreBuilder (DBStoreBuilder.java:addTable(110)) - using custom profile for table: deletedBlocks
2019-09-12 10:33:22,359 [main] INFO  db.DBStoreBuilder (DBStoreBuilder.java:processTables(161)) - Using default column profile:DBProfile.DISK for Table:deletedBlocks
2019-09-12 10:33:22,359 [main] INFO  db.DBStoreBuilder (DBStoreBuilder.java:addTable(110)) - using custom profile for table: validCerts
2019-09-12 10:33:22,359 [main] INFO  db.DBStoreBuilder (DBStoreBuilder.java:processTables(161)) - Using default column profile:DBProfile.DISK for Table:validCerts
2019-09-12 10:33:22,360 [main] INFO  db.DBStoreBuilder (DBStoreBuilder.java:addTable(110)) - using custom profile for table: revokedCerts
2019-09-12 10:33:22,360 [main] INFO  db.DBStoreBuilder (DBStoreBuilder.java:processTables(161)) - Using default column profile:DBProfile.DISK for Table:revokedCerts
2019-09-12 10:33:22,360 [main] INFO  db.DBStoreBuilder (DBStoreBuilder.java:addTable(110)) - using custom profile for table: default
2019-09-12 10:33:22,360 [main] INFO  db.DBStoreBuilder (DBStoreBuilder.java:processTables(167)) - Using default column profile:DBProfile.DISK for Table:default
2019-09-12 10:33:22,361 [main] INFO  db.DBStoreBuilder (DBStoreBuilder.java:getDbProfile(198)) - Using default options. DBProfile.DISK
2019-09-12 10:33:22,529 [main] INFO  net.NodeSchemaLoader (NodeSchemaLoader.java:loadSchemaFromFile(125)) - Loading file from sun.misc.CompoundEnumeration@1da745a2
2019-09-12 10:33:22,529 [main] INFO  net.NodeSchemaLoader (NodeSchemaLoader.java:loadSchema(171)) - Loading network topology layer schema file
2019-09-12 10:33:22,536 [main] WARN  server.ServerUtils (ServerUtils.java:sanitizeUserArgs(70)) - ozone.scm.stale.node.interval value = 300000 is larger than max = 100000 based on the key value of ozone.scm.heartbeat.thread.interval, reset to the max value 100000.
2019-09-12 10:33:22,536 [main] WARN  server.ServerUtils (ServerUtils.java:sanitizeUserArgs(70)) - ozone.scm.stale.node.interval value = 300000 is larger than max = 100000 based on the key value of ozone.scm.heartbeat.thread.interval, reset to the max value 100000.
2019-09-12 10:33:22,537 [main] INFO  node.SCMNodeManager (SCMNodeManager.java:<init>(121)) - Entering startup safe mode.
2019-09-12 10:33:22,538 [main] INFO  algorithms.ContainerPlacementPolicyFactory (ContainerPlacementPolicyFactory.java:getPolicy(56)) - Create container placement policy of type org.apache.hadoop.hdds.scm.container.placement.algorithms.SCMContainerPlacementRandom
2019-09-12 10:33:22,538 [main] WARN  server.ServerUtils (ServerUtils.java:getScmDbDir(145)) - ozone.scm.db.dirs is not configured. We recommend adding this setting. Falling back to ozone.metadata.dirs instead.
2019-09-12 10:33:22,568 [main] INFO  pipeline.SCMPipelineManager (SCMPipelineManager.java:initializePipelineState(126)) - No pipeline exists in current db
2019-09-12 10:33:22,568 [main] WARN  server.ServerUtils (ServerUtils.java:getScmDbDir(145)) - ozone.scm.db.dirs is not configured. We recommend adding this setting. Falling back to ozone.metadata.dirs instead.
2019-09-12 10:33:22,610 [main] WARN  events.EventQueue (EventQueue.java:fireEvent(175)) - No event handler registered for event TypedEvent{payloadType=SafeModeStatus, name='SafeModeStatus'}
2019-09-12 10:33:22,611 [main] INFO  ipc.CallQueueManager (CallQueueManager.java:<init>(84)) - Using callQueue: class java.util.concurrent.LinkedBlockingQueue, queueCapacity: 2000, scheduler: class org.apache.hadoop.ipc.DefaultRpcScheduler, ipcBackoff: false.
2019-09-12 10:33:22,612 [Socket Reader #1 for port 41229] INFO  ipc.Server (Server.java:run(1074)) - Starting Socket Reader #1 for port 41229
2019-09-12 10:33:22,615 [main] INFO  ipc.CallQueueManager (CallQueueManager.java:<init>(84)) - Using callQueue: class java.util.concurrent.LinkedBlockingQueue, queueCapacity: 2000, scheduler: class org.apache.hadoop.ipc.DefaultRpcScheduler, ipcBackoff: false.
2019-09-12 10:33:22,616 [Socket Reader #1 for port 44832] INFO  ipc.Server (Server.java:run(1074)) - Starting Socket Reader #1 for port 44832
2019-09-12 10:33:22,617 [main] INFO  ipc.CallQueueManager (CallQueueManager.java:<init>(84)) - Using callQueue: class java.util.concurrent.LinkedBlockingQueue, queueCapacity: 2000, scheduler: class org.apache.hadoop.ipc.DefaultRpcScheduler, ipcBackoff: false.
2019-09-12 10:33:22,618 [Socket Reader #1 for port 32824] INFO  ipc.Server (Server.java:run(1074)) - Starting Socket Reader #1 for port 32824
2019-09-12 10:33:22,621 [main] INFO  hdfs.DFSUtil (DFSUtil.java:httpServerTemplateForNNAndJN(1641)) - Starting Web-server for scm at: http://0.0.0.0:0
2019-09-12 10:33:22,623 [main] INFO  server.AuthenticationFilter (AuthenticationFilter.java:constructSecretProvider(240)) - Unable to initialize FileSignerSecretProvider, falling back to use random secrets.
2019-09-12 10:33:22,624 [main] WARN  http.HttpRequestLog (HttpRequestLog.java:getRequestLog(97)) - Jetty request log can only be enabled using Log4j
2019-09-12 10:33:22,626 [main] INFO  http.HttpServer2 (HttpServer2.java:addGlobalFilter(975)) - Added global filter 'safety' (class=org.apache.hadoop.http.HttpServer2$QuotingInputFilter)
2019-09-12 10:33:22,627 [main] INFO  http.HttpServer2 (HttpServer2.java:addFilter(948)) - Added filter static_user_filter (class=org.apache.hadoop.http.lib.StaticUserWebFilter$StaticUserFilter) to context scm
2019-09-12 10:33:22,627 [main] INFO  http.HttpServer2 (HttpServer2.java:addFilter(958)) - Added filter static_user_filter (class=org.apache.hadoop.http.lib.StaticUserWebFilter$StaticUserFilter) to context static
2019-09-12 10:33:22,628 [main] INFO  http.HttpServer2 (HttpServer2.java:addFilter(958)) - Added filter static_user_filter (class=org.apache.hadoop.http.lib.StaticUserWebFilter$StaticUserFilter) to context logs
2019-09-12 10:33:22,630 [main] INFO  server.StorageContainerManager (StorageContainerManager.java:start(759)) - StorageContainerLocationProtocol RPC server is listening at /0.0.0.0:32824
2019-09-12 10:33:22,632 [main] WARN  impl.MetricsConfig (MetricsConfig.java:loadFirst(134)) - Cannot locate configuration: tried hadoop-metrics2-storagecontainermanager.properties,hadoop-metrics2.properties
2019-09-12 10:33:22,633 [main] INFO  impl.MetricsSystemImpl (MetricsSystemImpl.java:startTimer(374)) - Scheduled Metric snapshot period at 10 second(s).
2019-09-12 10:33:22,633 [main] INFO  impl.MetricsSystemImpl (MetricsSystemImpl.java:start(191)) - StorageContainerManager metrics system started
2019-09-12 10:33:22,702 [main] INFO  server.SCMClientProtocolServer (SCMClientProtocolServer.java:start(151)) - RPC server for Client  is listening at /0.0.0.0:32824
2019-09-12 10:33:22,703 [IPC Server Responder] INFO  ipc.Server (Server.java:run(1314)) - IPC Server Responder: starting
2019-09-12 10:33:22,703 [IPC Server listener on 32824] INFO  ipc.Server (Server.java:run(1153)) - IPC Server listener on 32824: starting
2019-09-12 10:33:22,707 [main] INFO  server.StorageContainerManager (StorageContainerManager.java:start(769)) - ScmBlockLocationProtocol RPC server is listening at /0.0.0.0:44832
2019-09-12 10:33:22,707 [main] INFO  server.SCMBlockProtocolServer (SCMBlockProtocolServer.java:start(140)) - RPC server for Block Protocol is listening at /0.0.0.0:44832
2019-09-12 10:33:22,707 [IPC Server Responder] INFO  ipc.Server (Server.java:run(1314)) - IPC Server Responder: starting
2019-09-12 10:33:22,708 [IPC Server listener on 44832] INFO  ipc.Server (Server.java:run(1153)) - IPC Server listener on 44832: starting
2019-09-12 10:33:22,711 [main] INFO  server.StorageContainerManager (StorageContainerManager.java:start(773)) - ScmDatanodeProtocl RPC server is listening at /0.0.0.0:41229
2019-09-12 10:33:22,712 [main] INFO  server.SCMDatanodeProtocolServer (SCMDatanodeProtocolServer.java:start(191)) - RPC server for DataNodes is listening at /0.0.0.0:41229
2019-09-12 10:33:22,712 [IPC Server Responder] INFO  ipc.Server (Server.java:run(1314)) - IPC Server Responder: starting
2019-09-12 10:33:22,712 [IPC Server listener on 41229] INFO  ipc.Server (Server.java:run(1153)) - IPC Server listener on 41229: starting
2019-09-12 10:33:22,716 [main] INFO  http.HttpServer2 (HttpServer2.java:bindListener(1191)) - Jetty bound to port 37995
2019-09-12 10:33:22,716 [main] INFO  server.Server (Server.java:doStart(351)) - jetty-9.3.24.v20180605, build timestamp: 2018-06-05T17:11:56Z, git hash: 84205aa28f11a4f31f2a3b86d1bba2cc8ab69827
2019-09-12 10:33:22,719 [main] INFO  handler.ContextHandler (ContextHandler.java:doStart(781)) - Started o.e.j.s.ServletContextHandler@58b97c15{/logs,file:///workdir/hadoop-ozone/integration-test/target/log,AVAILABLE}
2019-09-12 10:33:22,719 [main] INFO  handler.ContextHandler (ContextHandler.java:doStart(781)) - Started o.e.j.s.ServletContextHandler@3cd46491{/static,file:///workdir/hadoop-ozone/integration-test/target/test-classes/webapps/static,AVAILABLE}
2019-09-12 10:33:22,725 [main] INFO  handler.ContextHandler (ContextHandler.java:doStart(781)) - Started o.e.j.w.WebAppContext@43c0c13a{/,file:///workdir/hadoop-ozone/integration-test/target/test-classes/webapps/scm/,AVAILABLE}{/scm}
2019-09-12 10:33:22,726 [main] INFO  server.AbstractConnector (AbstractConnector.java:doStart(278)) - Started ServerConnector@731db93f{HTTP/1.1,[http/1.1]}{0.0.0.0:37995}
2019-09-12 10:33:22,726 [main] INFO  server.Server (Server.java:doStart(419)) - Started @35910ms
2019-09-12 10:33:22,727 [main] INFO  server.BaseHttpServer (BaseHttpServer.java:updateConnectorAddress(213)) - HTTP server of SCM is listening at http://0.0.0.0:37995
2019-09-12 10:33:22,728 [main] WARN  server.ServerUtils (ServerUtils.java:getDBPath(222)) - ozone.om.db.dirs is not configured. We recommend adding this setting. Falling back to ozone.metadata.dirs instead.
2019-09-12 10:33:22,728 [org.apache.hadoop.util.JvmPauseMonitor$Monitor@2ad2b274] INFO  util.JvmPauseMonitor (JvmPauseMonitor.java:run(188)) - Starting JVM pause monitor
2019-09-12 10:33:22,742 [main] WARN  server.ServerUtils (ServerUtils.java:getDBPath(222)) - ozone.om.db.dirs is not configured. We recommend adding this setting. Falling back to ozone.metadata.dirs instead.
2019-09-12 10:33:22,742 [main] WARN  server.ServerUtils (ServerUtils.java:getDBPath(222)) - ozone.om.db.dirs is not configured. We recommend adding this setting. Falling back to ozone.metadata.dirs instead.
2019-09-12 10:33:22,742 [main] INFO  om.OzoneManager (OzoneManager.java:setOMNodeDetails(645)) - OM Service ID is not set. Setting it to the default ID: omServiceIdDefault
2019-09-12 10:33:22,743 [main] INFO  om.OzoneManager (OzoneManager.java:setOMNodeDetails(651)) - OM Node ID is not set. Setting it to the OmStorage's OmID: 52d3b64a-fc7b-418b-a00d-eea927889d68
2019-09-12 10:33:22,743 [main] INFO  om.OzoneManager (OzoneManager.java:loadOMHAConfigs(602)) - Found matching OM address with OMServiceId: null, OMNodeId: null, RPC Address: localhost:0 and Ratis port: 9872
2019-09-12 10:33:22,748 | INFO  | SCMAudit | user=jenkins1000 | ip=192.168.157.195 | op=GET_SCM_INFO null | ret=SUCCESS |  
2019-09-12 10:33:22,751 [main] WARN  server.ServerUtils (ServerUtils.java:getDBPath(222)) - ozone.om.db.dirs is not configured. We recommend adding this setting. Falling back to ozone.metadata.dirs instead.
2019-09-12 10:33:22,751 [main] INFO  db.DBStoreBuilder (DBStoreBuilder.java:addTable(110)) - using custom profile for table: userTable
2019-09-12 10:33:22,751 [main] INFO  db.DBStoreBuilder (DBStoreBuilder.java:processTables(161)) - Using default column profile:DBProfile.DISK for Table:userTable
2019-09-12 10:33:22,752 [main] INFO  db.DBStoreBuilder (DBStoreBuilder.java:addTable(110)) - using custom profile for table: volumeTable
2019-09-12 10:33:22,752 [main] INFO  db.DBStoreBuilder (DBStoreBuilder.java:processTables(161)) - Using default column profile:DBProfile.DISK for Table:volumeTable
2019-09-12 10:33:22,752 [main] INFO  db.DBStoreBuilder (DBStoreBuilder.java:addTable(110)) - using custom profile for table: bucketTable
2019-09-12 10:33:22,752 [main] INFO  db.DBStoreBuilder (DBStoreBuilder.java:processTables(161)) - Using default column profile:DBProfile.DISK for Table:bucketTable
2019-09-12 10:33:22,752 [main] INFO  db.DBStoreBuilder (DBStoreBuilder.java:addTable(110)) - using custom profile for table: keyTable
2019-09-12 10:33:22,752 [main] INFO  db.DBStoreBuilder (DBStoreBuilder.java:processTables(161)) - Using default column profile:DBProfile.DISK for Table:keyTable
2019-09-12 10:33:22,753 [main] INFO  db.DBStoreBuilder (DBStoreBuilder.java:addTable(110)) - using custom profile for table: deletedTable
2019-09-12 10:33:22,753 [main] INFO  db.DBStoreBuilder (DBStoreBuilder.java:processTables(161)) - Using default column profile:DBProfile.DISK for Table:deletedTable
2019-09-12 10:33:22,753 [main] INFO  db.DBStoreBuilder (DBStoreBuilder.java:addTable(110)) - using custom profile for table: openKeyTable
2019-09-12 10:33:22,753 [main] INFO  db.DBStoreBuilder (DBStoreBuilder.java:processTables(161)) - Using default column profile:DBProfile.DISK for Table:openKeyTable
2019-09-12 10:33:22,753 [main] INFO  db.DBStoreBuilder (DBStoreBuilder.java:addTable(110)) - using custom profile for table: s3Table
2019-09-12 10:33:22,754 [main] INFO  db.DBStoreBuilder (DBStoreBuilder.java:processTables(161)) - Using default column profile:DBProfile.DISK for Table:s3Table
2019-09-12 10:33:22,754 [main] INFO  db.DBStoreBuilder (DBStoreBuilder.java:addTable(110)) - using custom profile for table: multipartInfoTable
2019-09-12 10:33:22,754 [main] INFO  db.DBStoreBuilder (DBStoreBuilder.java:processTables(161)) - Using default column profile:DBProfile.DISK for Table:multipartInfoTable
2019-09-12 10:33:22,754 [main] INFO  db.DBStoreBuilder (DBStoreBuilder.java:addTable(110)) - using custom profile for table: dTokenTable
2019-09-12 10:33:22,754 [main] INFO  db.DBStoreBuilder (DBStoreBuilder.java:processTables(161)) - Using default column profile:DBProfile.DISK for Table:dTokenTable
2019-09-12 10:33:22,755 [main] INFO  db.DBStoreBuilder (DBStoreBuilder.java:addTable(110)) - using custom profile for table: s3SecretTable
2019-09-12 10:33:22,755 [main] INFO  db.DBStoreBuilder (DBStoreBuilder.java:processTables(161)) - Using default column profile:DBProfile.DISK for Table:s3SecretTable
2019-09-12 10:33:22,755 [main] INFO  db.DBStoreBuilder (DBStoreBuilder.java:addTable(110)) - using custom profile for table: prefixTable
2019-09-12 10:33:22,755 [main] INFO  db.DBStoreBuilder (DBStoreBuilder.java:processTables(161)) - Using default column profile:DBProfile.DISK for Table:prefixTable
2019-09-12 10:33:22,755 [main] INFO  db.DBStoreBuilder (DBStoreBuilder.java:addTable(110)) - using custom profile for table: default
2019-09-12 10:33:22,755 [main] INFO  db.DBStoreBuilder (DBStoreBuilder.java:processTables(167)) - Using default column profile:DBProfile.DISK for Table:default
2019-09-12 10:33:22,756 [main] INFO  db.DBStoreBuilder (DBStoreBuilder.java:getDbProfile(198)) - Using default options. DBProfile.DISK
2019-09-12 10:33:23,182 [main] INFO  ipc.CallQueueManager (CallQueueManager.java:<init>(84)) - Using callQueue: class java.util.concurrent.LinkedBlockingQueue, queueCapacity: 2000, scheduler: class org.apache.hadoop.ipc.DefaultRpcScheduler, ipcBackoff: false.
2019-09-12 10:33:23,183 [Socket Reader #1 for port 38777] INFO  ipc.Server (Server.java:run(1074)) - Starting Socket Reader #1 for port 38777
2019-09-12 10:33:23,195 [main] INFO  om.OzoneManager (OzoneManager.java:start(1256)) - OzoneManager RPC server is listening at localhost/127.0.0.1:38777
2019-09-12 10:33:23,195 [main] INFO  impl.MetricsSystemImpl (MetricsSystemImpl.java:init(158)) - OzoneManager metrics system started (again)
2019-09-12 10:33:23,196 [IPC Server Responder] INFO  ipc.Server (Server.java:run(1314)) - IPC Server Responder: starting
2019-09-12 10:33:23,196 [IPC Server listener on 38777] INFO  ipc.Server (Server.java:run(1153)) - IPC Server listener on 38777: starting
2019-09-12 10:33:23,201 [main] INFO  hdfs.DFSUtil (DFSUtil.java:httpServerTemplateForNNAndJN(1641)) - Starting Web-server for ozoneManager at: http://0.0.0.0:0
2019-09-12 10:33:23,202 [main] INFO  server.AuthenticationFilter (AuthenticationFilter.java:constructSecretProvider(240)) - Unable to initialize FileSignerSecretProvider, falling back to use random secrets.
2019-09-12 10:33:23,203 [main] WARN  http.HttpRequestLog (HttpRequestLog.java:getRequestLog(97)) - Jetty request log can only be enabled using Log4j
2019-09-12 10:33:23,205 [main] INFO  http.HttpServer2 (HttpServer2.java:addGlobalFilter(975)) - Added global filter 'safety' (class=org.apache.hadoop.http.HttpServer2$QuotingInputFilter)
2019-09-12 10:33:23,206 [main] INFO  http.HttpServer2 (HttpServer2.java:addFilter(948)) - Added filter static_user_filter (class=org.apache.hadoop.http.lib.StaticUserWebFilter$StaticUserFilter) to context ozoneManager
2019-09-12 10:33:23,206 [main] INFO  http.HttpServer2 (HttpServer2.java:addFilter(958)) - Added filter static_user_filter (class=org.apache.hadoop.http.lib.StaticUserWebFilter$StaticUserFilter) to context static
2019-09-12 10:33:23,206 [main] INFO  http.HttpServer2 (HttpServer2.java:addFilter(958)) - Added filter static_user_filter (class=org.apache.hadoop.http.lib.StaticUserWebFilter$StaticUserFilter) to context logs
2019-09-12 10:33:23,207 [main] INFO  http.HttpServer2 (HttpServer2.java:bindListener(1191)) - Jetty bound to port 44999
2019-09-12 10:33:23,207 [main] INFO  server.Server (Server.java:doStart(351)) - jetty-9.3.24.v20180605, build timestamp: 2018-06-05T17:11:56Z, git hash: 84205aa28f11a4f31f2a3b86d1bba2cc8ab69827
2019-09-12 10:33:23,209 [main] INFO  handler.ContextHandler (ContextHandler.java:doStart(781)) - Started o.e.j.s.ServletContextHandler@bfe47a8{/logs,file:///workdir/hadoop-ozone/integration-test/target/log,AVAILABLE}
2019-09-12 10:33:23,210 [main] INFO  handler.ContextHandler (ContextHandler.java:doStart(781)) - Started o.e.j.s.ServletContextHandler@5c8ab9de{/static,file:///workdir/hadoop-ozone/integration-test/target/test-classes/webapps/static,AVAILABLE}
2019-09-12 10:33:23,216 [main] INFO  handler.ContextHandler (ContextHandler.java:doStart(781)) - Started o.e.j.w.WebAppContext@4b85edeb{/,file:///workdir/hadoop-ozone/integration-test/target/test-classes/webapps/ozoneManager/,AVAILABLE}{/ozoneManager}
2019-09-12 10:33:23,216 [main] INFO  server.AbstractConnector (AbstractConnector.java:doStart(278)) - Started ServerConnector@5731caaf{HTTP/1.1,[http/1.1]}{0.0.0.0:44999}
2019-09-12 10:33:23,217 [main] INFO  server.Server (Server.java:doStart(419)) - Started @36401ms
2019-09-12 10:33:23,218 [main] INFO  server.BaseHttpServer (BaseHttpServer.java:updateConnectorAddress(213)) - HTTP server of OZONEMANAGER is listening at http://0.0.0.0:44999
2019-09-12 10:33:23,235 [main] INFO  impl.MetricsSystemImpl (MetricsSystemImpl.java:init(158)) - HddsDatanode metrics system started (again)
2019-09-12 10:33:23,237 [main] INFO  ozone.HddsDatanodeService (HddsDatanodeService.java:start(184)) - HddsDatanodeService host:pr-hdds-1569-xtfnx-3545843844 ip:192.168.157.195
2019-09-12 10:33:23,244 [main] INFO  volume.HddsVolume (HddsVolume.java:<init>(176)) - Creating Volume: /workdir/hadoop-ozone/integration-test/target/test-dir/MiniOzoneClusterImpl-2d656029-9dde-45a3-b7cd-f2d738c2cb44/datanode-0/data/containers/hdds of  storage type : DISK and capacity : 1482555576320
2019-09-12 10:33:23,245 [main] INFO  volume.VolumeSet (VolumeSet.java:initializeVolumeSet(170)) - Added Volume : /workdir/hadoop-ozone/integration-test/target/test-dir/MiniOzoneClusterImpl-2d656029-9dde-45a3-b7cd-f2d738c2cb44/datanode-0/data/containers/hdds to VolumeSet
2019-09-12 10:33:23,245 [main] INFO  volume.ThrottledAsyncChecker (ThrottledAsyncChecker.java:schedule(140)) - Scheduling a check for org.apache.hadoop.ozone.container.common.volume.HddsVolume@78128dd0
2019-09-12 10:33:23,246 [main] INFO  volume.HddsVolumeChecker (HddsVolumeChecker.java:checkAllVolumes(203)) - Scheduled health check for volume org.apache.hadoop.ozone.container.common.volume.HddsVolume@78128dd0
2019-09-12 10:33:23,266 [main] INFO  impl.RaftServerProxy (ConfUtils.java:logGet(43)) - raft.rpc.type = GRPC (default)
2019-09-12 10:33:23,266 [main] INFO  grpc.GrpcFactory (GrpcFactory.java:checkPooledByteBufAllocatorUseCacheForAllThreads(45)) - PERFORMANCE WARNING: useCacheForAllThreads is true that may cause Netty to create a lot garbage objects and, as a result, trigger GC.
	It is recommended to disable useCacheForAllThreads by setting -Dorg.apache.ratis.thirdparty.io.netty.allocator.useCacheForAllThreads=false in command line.
2019-09-12 10:33:23,266 [main] INFO  grpc.GrpcConfigKeys$Server (ConfUtils.java:logGet(43)) - raft.grpc.server.port = 0 (default)
2019-09-12 10:33:23,266 [main] INFO  server.GrpcService (ConfUtils.java:logGet(43)) - raft.grpc.message.size.max = 33570816 (custom)
2019-09-12 10:33:23,267 [main] INFO  server.RaftServerConfigKeys (ConfUtils.java:logGet(43)) - raft.server.log.appender.buffer.byte-limit = 33554432 (custom)
2019-09-12 10:33:23,267 [main] INFO  server.GrpcService (ConfUtils.java:logGet(43)) - raft.grpc.flow.control.window = 1MB (=1048576) (default)
2019-09-12 10:33:23,267 [main] INFO  server.RaftServerConfigKeys (ConfUtils.java:logGet(43)) - raft.server.rpc.request.timeout = 3000ms (default)
2019-09-12 10:33:23,268 [main] INFO  server.RaftServerConfigKeys (ConfUtils.java:logGet(43)) - raft.server.storage.dir = [/workdir/hadoop-ozone/integration-test/target/test-dir/MiniOzoneClusterImpl-2d656029-9dde-45a3-b7cd-f2d738c2cb44/datanode-0/data/ratis] (custom)
2019-09-12 10:33:23,269 [main] INFO  replication.SimpleContainerDownloader (SimpleContainerDownloader.java:<init>(72)) - Starting container downloader service to copy containers to replicate.
2019-09-12 10:33:23,270 [main] INFO  hdfs.DFSUtil (DFSUtil.java:httpServerTemplateForNNAndJN(1641)) - Starting Web-server for hddsDatanode at: http://0.0.0.0:0
2019-09-12 10:33:23,272 [main] INFO  server.AuthenticationFilter (AuthenticationFilter.java:constructSecretProvider(240)) - Unable to initialize FileSignerSecretProvider, falling back to use random secrets.
2019-09-12 10:33:23,273 [main] WARN  http.HttpRequestLog (HttpRequestLog.java:getRequestLog(97)) - Jetty request log can only be enabled using Log4j
2019-09-12 10:33:23,275 [main] INFO  http.HttpServer2 (HttpServer2.java:addGlobalFilter(975)) - Added global filter 'safety' (class=org.apache.hadoop.http.HttpServer2$QuotingInputFilter)
2019-09-12 10:33:23,275 [main] INFO  http.HttpServer2 (HttpServer2.java:addFilter(948)) - Added filter static_user_filter (class=org.apache.hadoop.http.lib.StaticUserWebFilter$StaticUserFilter) to context hddsDatanode
2019-09-12 10:33:23,276 [main] INFO  http.HttpServer2 (HttpServer2.java:addFilter(958)) - Added filter static_user_filter (class=org.apache.hadoop.http.lib.StaticUserWebFilter$StaticUserFilter) to context logs
2019-09-12 10:33:23,276 [main] INFO  http.HttpServer2 (HttpServer2.java:addFilter(958)) - Added filter static_user_filter (class=org.apache.hadoop.http.lib.StaticUserWebFilter$StaticUserFilter) to context static
2019-09-12 10:33:23,276 [main] INFO  http.HttpServer2 (HttpServer2.java:bindListener(1191)) - Jetty bound to port 45621
2019-09-12 10:33:23,277 [main] INFO  server.Server (Server.java:doStart(351)) - jetty-9.3.24.v20180605, build timestamp: 2018-06-05T17:11:56Z, git hash: 84205aa28f11a4f31f2a3b86d1bba2cc8ab69827
2019-09-12 10:33:23,278 [main] INFO  handler.ContextHandler (ContextHandler.java:doStart(781)) - Started o.e.j.s.ServletContextHandler@5635bcd2{/logs,file:///workdir/hadoop-ozone/integration-test/target/log,AVAILABLE}
2019-09-12 10:33:23,279 [main] INFO  handler.ContextHandler (ContextHandler.java:doStart(781)) - Started o.e.j.s.ServletContextHandler@6c27e700{/static,jar:file:/home/user/.m2/repository/org/apache/hadoop/hadoop-hdds-container-service/0.5.0-SNAPSHOT/hadoop-hdds-container-service-0.5.0-SNAPSHOT.jar!/webapps/static,AVAILABLE}
2019-09-12 10:33:23,311 [main] INFO  handler.ContextHandler (ContextHandler.java:doStart(781)) - Started o.e.j.w.WebAppContext@23396fc0{/,file:///tmp/jetty-0.0.0.0-45621-hddsDatanode-_-any-6805669538515950067.dir/webapp/,AVAILABLE}{/hddsDatanode}
2019-09-12 10:33:23,311 [main] INFO  server.AbstractConnector (AbstractConnector.java:doStart(278)) - Started ServerConnector@c11332b{HTTP/1.1,[http/1.1]}{0.0.0.0:45621}
2019-09-12 10:33:23,312 [main] INFO  server.Server (Server.java:doStart(419)) - Started @36496ms
2019-09-12 10:33:23,313 [main] INFO  server.BaseHttpServer (BaseHttpServer.java:updateConnectorAddress(213)) - HTTP server of HDDSDATANODE is listening at http://0.0.0.0:45621
2019-09-12 10:33:23,461 | INFO  | ObjectStoreRestHttpServer | Listening HDDS REST traffic on /0.0.0.0:42169 |  
2019-09-12 10:33:23,461 [main] INFO  ozone.HddsDatanodeService (HddsDatanodeService.java:startPlugins(395)) - Started plug-in org.apache.hadoop.ozone.web.OzoneHddsDatanodeService@4b5798c2
2019-09-12 10:33:23,461 [main] INFO  impl.MetricsSystemImpl (MetricsSystemImpl.java:init(158)) - HddsDatanode metrics system started (again)
2019-09-12 10:33:23,465 [main] INFO  ozone.HddsDatanodeService (HddsDatanodeService.java:start(184)) - HddsDatanodeService host:pr-hdds-1569-xtfnx-3545843844 ip:192.168.157.195
2019-09-12 10:33:23,466 [org.apache.hadoop.util.JvmPauseMonitor$Monitor@611781fa] INFO  util.JvmPauseMonitor (JvmPauseMonitor.java:run(188)) - Starting JVM pause monitor
2019-09-12 10:33:23,469 [Datanode State Machine Thread - 0] INFO  datanode.InitDatanodeState (InitDatanodeState.java:persistContainerDatanodeDetails(140)) - DatanodeDetails is persisted to /workdir/hadoop-ozone/integration-test/target/test-dir/MiniOzoneClusterImpl-2d656029-9dde-45a3-b7cd-f2d738c2cb44/datanode-0/meta/datanode.id
2019-09-12 10:33:23,473 [main] INFO  volume.HddsVolume (HddsVolume.java:<init>(176)) - Creating Volume: /workdir/hadoop-ozone/integration-test/target/test-dir/MiniOzoneClusterImpl-2d656029-9dde-45a3-b7cd-f2d738c2cb44/datanode-1/data/containers/hdds of  storage type : DISK and capacity : 1482555576320
2019-09-12 10:33:23,473 [main] INFO  volume.VolumeSet (VolumeSet.java:initializeVolumeSet(170)) - Added Volume : /workdir/hadoop-ozone/integration-test/target/test-dir/MiniOzoneClusterImpl-2d656029-9dde-45a3-b7cd-f2d738c2cb44/datanode-1/data/containers/hdds to VolumeSet
2019-09-12 10:33:23,474 [main] INFO  volume.ThrottledAsyncChecker (ThrottledAsyncChecker.java:schedule(140)) - Scheduling a check for org.apache.hadoop.ozone.container.common.volume.HddsVolume@5f3f3d00
2019-09-12 10:33:23,474 [main] INFO  volume.HddsVolumeChecker (HddsVolumeChecker.java:checkAllVolumes(203)) - Scheduled health check for volume org.apache.hadoop.ozone.container.common.volume.HddsVolume@5f3f3d00
2019-09-12 10:33:23,488 [main] INFO  impl.RaftServerProxy (ConfUtils.java:logGet(43)) - raft.rpc.type = GRPC (default)
2019-09-12 10:33:23,488 [main] INFO  grpc.GrpcFactory (GrpcFactory.java:checkPooledByteBufAllocatorUseCacheForAllThreads(45)) - PERFORMANCE WARNING: useCacheForAllThreads is true that may cause Netty to create a lot garbage objects and, as a result, trigger GC.
	It is recommended to disable useCacheForAllThreads by setting -Dorg.apache.ratis.thirdparty.io.netty.allocator.useCacheForAllThreads=false in command line.
2019-09-12 10:33:23,488 [main] INFO  grpc.GrpcConfigKeys$Server (ConfUtils.java:logGet(43)) - raft.grpc.server.port = 0 (default)
2019-09-12 10:33:23,488 [main] INFO  server.GrpcService (ConfUtils.java:logGet(43)) - raft.grpc.message.size.max = 33570816 (custom)
2019-09-12 10:33:23,489 [main] INFO  server.RaftServerConfigKeys (ConfUtils.java:logGet(43)) - raft.server.log.appender.buffer.byte-limit = 33554432 (custom)
2019-09-12 10:33:23,489 [main] INFO  server.GrpcService (ConfUtils.java:logGet(43)) - raft.grpc.flow.control.window = 1MB (=1048576) (default)
2019-09-12 10:33:23,489 [main] INFO  server.RaftServerConfigKeys (ConfUtils.java:logGet(43)) - raft.server.rpc.request.timeout = 3000ms (default)
2019-09-12 10:33:23,489 [main] INFO  server.RaftServerConfigKeys (ConfUtils.java:logGet(43)) - raft.server.storage.dir = [/workdir/hadoop-ozone/integration-test/target/test-dir/MiniOzoneClusterImpl-2d656029-9dde-45a3-b7cd-f2d738c2cb44/datanode-1/data/ratis] (custom)
2019-09-12 10:33:23,490 [main] INFO  replication.SimpleContainerDownloader (SimpleContainerDownloader.java:<init>(72)) - Starting container downloader service to copy containers to replicate.
2019-09-12 10:33:23,491 [main] INFO  hdfs.DFSUtil (DFSUtil.java:httpServerTemplateForNNAndJN(1641)) - Starting Web-server for hddsDatanode at: http://0.0.0.0:0
2019-09-12 10:33:23,492 [main] INFO  server.AuthenticationFilter (AuthenticationFilter.java:constructSecretProvider(240)) - Unable to initialize FileSignerSecretProvider, falling back to use random secrets.
2019-09-12 10:33:23,493 [main] WARN  http.HttpRequestLog (HttpRequestLog.java:getRequestLog(97)) - Jetty request log can only be enabled using Log4j
2019-09-12 10:33:23,494 [main] INFO  http.HttpServer2 (HttpServer2.java:addGlobalFilter(975)) - Added global filter 'safety' (class=org.apache.hadoop.http.HttpServer2$QuotingInputFilter)
2019-09-12 10:33:23,495 [main] INFO  http.HttpServer2 (HttpServer2.java:addFilter(948)) - Added filter static_user_filter (class=org.apache.hadoop.http.lib.StaticUserWebFilter$StaticUserFilter) to context hddsDatanode
2019-09-12 10:33:23,495 [main] INFO  http.HttpServer2 (HttpServer2.java:addFilter(958)) - Added filter static_user_filter (class=org.apache.hadoop.http.lib.StaticUserWebFilter$StaticUserFilter) to context logs
2019-09-12 10:33:23,495 [main] INFO  http.HttpServer2 (HttpServer2.java:addFilter(958)) - Added filter static_user_filter (class=org.apache.hadoop.http.lib.StaticUserWebFilter$StaticUserFilter) to context static
2019-09-12 10:33:23,495 [main] INFO  http.HttpServer2 (HttpServer2.java:bindListener(1191)) - Jetty bound to port 42785
2019-09-12 10:33:23,496 [main] INFO  server.Server (Server.java:doStart(351)) - jetty-9.3.24.v20180605, build timestamp: 2018-06-05T17:11:56Z, git hash: 84205aa28f11a4f31f2a3b86d1bba2cc8ab69827
2019-09-12 10:33:23,498 [main] INFO  handler.ContextHandler (ContextHandler.java:doStart(781)) - Started o.e.j.s.ServletContextHandler@4fa91d5b{/logs,file:///workdir/hadoop-ozone/integration-test/target/log,AVAILABLE}
2019-09-12 10:33:23,498 [main] INFO  handler.ContextHandler (ContextHandler.java:doStart(781)) - Started o.e.j.s.ServletContextHandler@1d7f2f0a{/static,jar:file:/home/user/.m2/repository/org/apache/hadoop/hadoop-hdds-container-service/0.5.0-SNAPSHOT/hadoop-hdds-container-service-0.5.0-SNAPSHOT.jar!/webapps/static,AVAILABLE}
2019-09-12 10:33:23,526 [main] INFO  handler.ContextHandler (ContextHandler.java:doStart(781)) - Started o.e.j.w.WebAppContext@299fc582{/,file:///tmp/jetty-0.0.0.0-42785-hddsDatanode-_-any-8255667611497576572.dir/webapp/,AVAILABLE}{/hddsDatanode}
2019-09-12 10:33:23,527 [main] INFO  server.AbstractConnector (AbstractConnector.java:doStart(278)) - Started ServerConnector@305aaedf{HTTP/1.1,[http/1.1]}{0.0.0.0:42785}
2019-09-12 10:33:23,528 [main] INFO  server.Server (Server.java:doStart(419)) - Started @36711ms
2019-09-12 10:33:23,528 [main] INFO  server.BaseHttpServer (BaseHttpServer.java:updateConnectorAddress(213)) - HTTP server of HDDSDATANODE is listening at http://0.0.0.0:42785
2019-09-12 10:33:23,659 | INFO  | ObjectStoreRestHttpServer | Listening HDDS REST traffic on /0.0.0.0:43942 |  
2019-09-12 10:33:23,659 [main] INFO  ozone.HddsDatanodeService (HddsDatanodeService.java:startPlugins(395)) - Started plug-in org.apache.hadoop.ozone.web.OzoneHddsDatanodeService@686b1e2d
2019-09-12 10:33:23,659 [main] INFO  impl.MetricsSystemImpl (MetricsSystemImpl.java:init(158)) - HddsDatanode metrics system started (again)
2019-09-12 10:33:23,663 [main] INFO  ozone.HddsDatanodeService (HddsDatanodeService.java:start(184)) - HddsDatanodeService host:pr-hdds-1569-xtfnx-3545843844 ip:192.168.157.195
2019-09-12 10:33:23,663 [org.apache.hadoop.util.JvmPauseMonitor$Monitor@61204ad3] INFO  util.JvmPauseMonitor (JvmPauseMonitor.java:run(188)) - Starting JVM pause monitor
2019-09-12 10:33:23,665 [Datanode State Machine Thread - 0] INFO  datanode.InitDatanodeState (InitDatanodeState.java:persistContainerDatanodeDetails(140)) - DatanodeDetails is persisted to /workdir/hadoop-ozone/integration-test/target/test-dir/MiniOzoneClusterImpl-2d656029-9dde-45a3-b7cd-f2d738c2cb44/datanode-1/meta/datanode.id
2019-09-12 10:33:23,670 [main] INFO  volume.HddsVolume (HddsVolume.java:<init>(176)) - Creating Volume: /workdir/hadoop-ozone/integration-test/target/test-dir/MiniOzoneClusterImpl-2d656029-9dde-45a3-b7cd-f2d738c2cb44/datanode-2/data/containers/hdds of  storage type : DISK and capacity : 1482555576320
2019-09-12 10:33:23,670 [main] INFO  volume.VolumeSet (VolumeSet.java:initializeVolumeSet(170)) - Added Volume : /workdir/hadoop-ozone/integration-test/target/test-dir/MiniOzoneClusterImpl-2d656029-9dde-45a3-b7cd-f2d738c2cb44/datanode-2/data/containers/hdds to VolumeSet
2019-09-12 10:33:23,670 [main] INFO  volume.ThrottledAsyncChecker (ThrottledAsyncChecker.java:schedule(140)) - Scheduling a check for org.apache.hadoop.ozone.container.common.volume.HddsVolume@177ddd24
2019-09-12 10:33:23,671 [main] INFO  volume.HddsVolumeChecker (HddsVolumeChecker.java:checkAllVolumes(203)) - Scheduled health check for volume org.apache.hadoop.ozone.container.common.volume.HddsVolume@177ddd24
2019-09-12 10:33:23,685 [main] INFO  impl.RaftServerProxy (ConfUtils.java:logGet(43)) - raft.rpc.type = GRPC (default)
2019-09-12 10:33:23,685 [main] INFO  grpc.GrpcFactory (GrpcFactory.java:checkPooledByteBufAllocatorUseCacheForAllThreads(45)) - PERFORMANCE WARNING: useCacheForAllThreads is true that may cause Netty to create a lot garbage objects and, as a result, trigger GC.
	It is recommended to disable useCacheForAllThreads by setting -Dorg.apache.ratis.thirdparty.io.netty.allocator.useCacheForAllThreads=false in command line.
2019-09-12 10:33:23,685 [main] INFO  grpc.GrpcConfigKeys$Server (ConfUtils.java:logGet(43)) - raft.grpc.server.port = 0 (default)
2019-09-12 10:33:23,686 [main] INFO  server.GrpcService (ConfUtils.java:logGet(43)) - raft.grpc.message.size.max = 33570816 (custom)
2019-09-12 10:33:23,686 [main] INFO  server.RaftServerConfigKeys (ConfUtils.java:logGet(43)) - raft.server.log.appender.buffer.byte-limit = 33554432 (custom)
2019-09-12 10:33:23,686 [main] INFO  server.GrpcService (ConfUtils.java:logGet(43)) - raft.grpc.flow.control.window = 1MB (=1048576) (default)
2019-09-12 10:33:23,686 [main] INFO  server.RaftServerConfigKeys (ConfUtils.java:logGet(43)) - raft.server.rpc.request.timeout = 3000ms (default)
2019-09-12 10:33:23,687 [main] INFO  server.RaftServerConfigKeys (ConfUtils.java:logGet(43)) - raft.server.storage.dir = [/workdir/hadoop-ozone/integration-test/target/test-dir/MiniOzoneClusterImpl-2d656029-9dde-45a3-b7cd-f2d738c2cb44/datanode-2/data/ratis] (custom)
2019-09-12 10:33:23,687 [main] INFO  replication.SimpleContainerDownloader (SimpleContainerDownloader.java:<init>(72)) - Starting container downloader service to copy containers to replicate.
2019-09-12 10:33:23,688 [main] INFO  hdfs.DFSUtil (DFSUtil.java:httpServerTemplateForNNAndJN(1641)) - Starting Web-server for hddsDatanode at: http://0.0.0.0:0
2019-09-12 10:33:23,689 [main] INFO  server.AuthenticationFilter (AuthenticationFilter.java:constructSecretProvider(240)) - Unable to initialize FileSignerSecretProvider, falling back to use random secrets.
2019-09-12 10:33:23,690 [main] WARN  http.HttpRequestLog (HttpRequestLog.java:getRequestLog(97)) - Jetty request log can only be enabled using Log4j
2019-09-12 10:33:23,691 [main] INFO  http.HttpServer2 (HttpServer2.java:addGlobalFilter(975)) - Added global filter 'safety' (class=org.apache.hadoop.http.HttpServer2$QuotingInputFilter)
2019-09-12 10:33:23,691 [main] INFO  http.HttpServer2 (HttpServer2.java:addFilter(948)) - Added filter static_user_filter (class=org.apache.hadoop.http.lib.StaticUserWebFilter$StaticUserFilter) to context hddsDatanode
2019-09-12 10:33:23,691 [main] INFO  http.HttpServer2 (HttpServer2.java:addFilter(958)) - Added filter static_user_filter (class=org.apache.hadoop.http.lib.StaticUserWebFilter$StaticUserFilter) to context static
2019-09-12 10:33:23,691 [main] INFO  http.HttpServer2 (HttpServer2.java:addFilter(958)) - Added filter static_user_filter (class=org.apache.hadoop.http.lib.StaticUserWebFilter$StaticUserFilter) to context logs
2019-09-12 10:33:23,692 [main] INFO  http.HttpServer2 (HttpServer2.java:bindListener(1191)) - Jetty bound to port 33685
2019-09-12 10:33:23,692 [main] INFO  server.Server (Server.java:doStart(351)) - jetty-9.3.24.v20180605, build timestamp: 2018-06-05T17:11:56Z, git hash: 84205aa28f11a4f31f2a3b86d1bba2cc8ab69827
2019-09-12 10:33:23,694 [main] INFO  handler.ContextHandler (ContextHandler.java:doStart(781)) - Started o.e.j.s.ServletContextHandler@123ca460{/logs,file:///workdir/hadoop-ozone/integration-test/target/log,AVAILABLE}
2019-09-12 10:33:23,695 [main] INFO  handler.ContextHandler (ContextHandler.java:doStart(781)) - Started o.e.j.s.ServletContextHandler@7d626f2{/static,jar:file:/home/user/.m2/repository/org/apache/hadoop/hadoop-hdds-container-service/0.5.0-SNAPSHOT/hadoop-hdds-container-service-0.5.0-SNAPSHOT.jar!/webapps/static,AVAILABLE}
2019-09-12 10:33:23,722 [main] INFO  handler.ContextHandler (ContextHandler.java:doStart(781)) - Started o.e.j.w.WebAppContext@46a388cc{/,file:///tmp/jetty-0.0.0.0-33685-hddsDatanode-_-any-259771906665119657.dir/webapp/,AVAILABLE}{/hddsDatanode}
2019-09-12 10:33:23,722 [main] INFO  server.AbstractConnector (AbstractConnector.java:doStart(278)) - Started ServerConnector@3e39f08c{HTTP/1.1,[http/1.1]}{0.0.0.0:33685}
2019-09-12 10:33:23,723 [main] INFO  server.Server (Server.java:doStart(419)) - Started @36907ms
2019-09-12 10:33:23,724 [main] INFO  server.BaseHttpServer (BaseHttpServer.java:updateConnectorAddress(213)) - HTTP server of HDDSDATANODE is listening at http://0.0.0.0:33685
2019-09-12 10:33:23,851 | INFO  | ObjectStoreRestHttpServer | Listening HDDS REST traffic on /0.0.0.0:39772 |  
2019-09-12 10:33:23,851 [main] INFO  ozone.HddsDatanodeService (HddsDatanodeService.java:startPlugins(395)) - Started plug-in org.apache.hadoop.ozone.web.OzoneHddsDatanodeService@6b030101
2019-09-12 10:33:23,852 [main] INFO  impl.MetricsSystemImpl (MetricsSystemImpl.java:init(158)) - HddsDatanode metrics system started (again)
2019-09-12 10:33:23,856 [main] INFO  ozone.HddsDatanodeService (HddsDatanodeService.java:start(184)) - HddsDatanodeService host:pr-hdds-1569-xtfnx-3545843844 ip:192.168.157.195
2019-09-12 10:33:23,856 [org.apache.hadoop.util.JvmPauseMonitor$Monitor@59bb0ca4] INFO  util.JvmPauseMonitor (JvmPauseMonitor.java:run(188)) - Starting JVM pause monitor
2019-09-12 10:33:23,859 [Datanode State Machine Thread - 0] INFO  datanode.InitDatanodeState (InitDatanodeState.java:persistContainerDatanodeDetails(140)) - DatanodeDetails is persisted to /workdir/hadoop-ozone/integration-test/target/test-dir/MiniOzoneClusterImpl-2d656029-9dde-45a3-b7cd-f2d738c2cb44/datanode-2/meta/datanode.id
2019-09-12 10:33:23,863 [main] INFO  volume.HddsVolume (HddsVolume.java:<init>(176)) - Creating Volume: /workdir/hadoop-ozone/integration-test/target/test-dir/MiniOzoneClusterImpl-2d656029-9dde-45a3-b7cd-f2d738c2cb44/datanode-3/data/containers/hdds of  storage type : DISK and capacity : 1482555576320
2019-09-12 10:33:23,864 [main] INFO  volume.VolumeSet (VolumeSet.java:initializeVolumeSet(170)) - Added Volume : /workdir/hadoop-ozone/integration-test/target/test-dir/MiniOzoneClusterImpl-2d656029-9dde-45a3-b7cd-f2d738c2cb44/datanode-3/data/containers/hdds to VolumeSet
2019-09-12 10:33:23,864 [main] INFO  volume.ThrottledAsyncChecker (ThrottledAsyncChecker.java:schedule(140)) - Scheduling a check for org.apache.hadoop.ozone.container.common.volume.HddsVolume@428eb3d5
2019-09-12 10:33:23,864 [main] INFO  volume.HddsVolumeChecker (HddsVolumeChecker.java:checkAllVolumes(203)) - Scheduled health check for volume org.apache.hadoop.ozone.container.common.volume.HddsVolume@428eb3d5
2019-09-12 10:33:23,878 [main] INFO  impl.RaftServerProxy (ConfUtils.java:logGet(43)) - raft.rpc.type = GRPC (default)
2019-09-12 10:33:23,878 [main] INFO  grpc.GrpcFactory (GrpcFactory.java:checkPooledByteBufAllocatorUseCacheForAllThreads(45)) - PERFORMANCE WARNING: useCacheForAllThreads is true that may cause Netty to create a lot garbage objects and, as a result, trigger GC.
	It is recommended to disable useCacheForAllThreads by setting -Dorg.apache.ratis.thirdparty.io.netty.allocator.useCacheForAllThreads=false in command line.
2019-09-12 10:33:23,878 [main] INFO  grpc.GrpcConfigKeys$Server (ConfUtils.java:logGet(43)) - raft.grpc.server.port = 0 (default)
2019-09-12 10:33:23,879 [main] INFO  server.GrpcService (ConfUtils.java:logGet(43)) - raft.grpc.message.size.max = 33570816 (custom)
2019-09-12 10:33:23,879 [main] INFO  server.RaftServerConfigKeys (ConfUtils.java:logGet(43)) - raft.server.log.appender.buffer.byte-limit = 33554432 (custom)
2019-09-12 10:33:23,879 [main] INFO  server.GrpcService (ConfUtils.java:logGet(43)) - raft.grpc.flow.control.window = 1MB (=1048576) (default)
2019-09-12 10:33:23,879 [main] INFO  server.RaftServerConfigKeys (ConfUtils.java:logGet(43)) - raft.server.rpc.request.timeout = 3000ms (default)
2019-09-12 10:33:23,880 [main] INFO  server.RaftServerConfigKeys (ConfUtils.java:logGet(43)) - raft.server.storage.dir = [/workdir/hadoop-ozone/integration-test/target/test-dir/MiniOzoneClusterImpl-2d656029-9dde-45a3-b7cd-f2d738c2cb44/datanode-3/data/ratis] (custom)
2019-09-12 10:33:23,880 [main] INFO  replication.SimpleContainerDownloader (SimpleContainerDownloader.java:<init>(72)) - Starting container downloader service to copy containers to replicate.
2019-09-12 10:33:23,881 [main] INFO  hdfs.DFSUtil (DFSUtil.java:httpServerTemplateForNNAndJN(1641)) - Starting Web-server for hddsDatanode at: http://0.0.0.0:0
2019-09-12 10:33:23,882 [main] INFO  server.AuthenticationFilter (AuthenticationFilter.java:constructSecretProvider(240)) - Unable to initialize FileSignerSecretProvider, falling back to use random secrets.
2019-09-12 10:33:23,883 [main] WARN  http.HttpRequestLog (HttpRequestLog.java:getRequestLog(97)) - Jetty request log can only be enabled using Log4j
2019-09-12 10:33:23,884 [main] INFO  http.HttpServer2 (HttpServer2.java:addGlobalFilter(975)) - Added global filter 'safety' (class=org.apache.hadoop.http.HttpServer2$QuotingInputFilter)
2019-09-12 10:33:23,884 [main] INFO  http.HttpServer2 (HttpServer2.java:addFilter(948)) - Added filter static_user_filter (class=org.apache.hadoop.http.lib.StaticUserWebFilter$StaticUserFilter) to context hddsDatanode
2019-09-12 10:33:23,884 [main] INFO  http.HttpServer2 (HttpServer2.java:addFilter(958)) - Added filter static_user_filter (class=org.apache.hadoop.http.lib.StaticUserWebFilter$StaticUserFilter) to context static
2019-09-12 10:33:23,885 [main] INFO  http.HttpServer2 (HttpServer2.java:addFilter(958)) - Added filter static_user_filter (class=org.apache.hadoop.http.lib.StaticUserWebFilter$StaticUserFilter) to context logs
2019-09-12 10:33:23,885 [main] INFO  http.HttpServer2 (HttpServer2.java:bindListener(1191)) - Jetty bound to port 33619
2019-09-12 10:33:23,885 [main] INFO  server.Server (Server.java:doStart(351)) - jetty-9.3.24.v20180605, build timestamp: 2018-06-05T17:11:56Z, git hash: 84205aa28f11a4f31f2a3b86d1bba2cc8ab69827
2019-09-12 10:33:23,887 [main] INFO  handler.ContextHandler (ContextHandler.java:doStart(781)) - Started o.e.j.s.ServletContextHandler@c0013b8{/logs,file:///workdir/hadoop-ozone/integration-test/target/log,AVAILABLE}
2019-09-12 10:33:23,887 [main] INFO  handler.ContextHandler (ContextHandler.java:doStart(781)) - Started o.e.j.s.ServletContextHandler@2493eec6{/static,jar:file:/home/user/.m2/repository/org/apache/hadoop/hadoop-hdds-container-service/0.5.0-SNAPSHOT/hadoop-hdds-container-service-0.5.0-SNAPSHOT.jar!/webapps/static,AVAILABLE}
2019-09-12 10:33:23,914 [main] INFO  handler.ContextHandler (ContextHandler.java:doStart(781)) - Started o.e.j.w.WebAppContext@6b751cb1{/,file:///tmp/jetty-0.0.0.0-33619-hddsDatanode-_-any-2963761917544796484.dir/webapp/,AVAILABLE}{/hddsDatanode}
2019-09-12 10:33:23,915 [main] INFO  server.AbstractConnector (AbstractConnector.java:doStart(278)) - Started ServerConnector@df9d400{HTTP/1.1,[http/1.1]}{0.0.0.0:33619}
2019-09-12 10:33:23,916 [main] INFO  server.Server (Server.java:doStart(419)) - Started @37099ms
2019-09-12 10:33:23,917 [main] INFO  server.BaseHttpServer (BaseHttpServer.java:updateConnectorAddress(213)) - HTTP server of HDDSDATANODE is listening at http://0.0.0.0:33619
2019-09-12 10:33:24,041 | INFO  | ObjectStoreRestHttpServer | Listening HDDS REST traffic on /0.0.0.0:36079 |  
2019-09-12 10:33:24,041 [main] INFO  ozone.HddsDatanodeService (HddsDatanodeService.java:startPlugins(395)) - Started plug-in org.apache.hadoop.ozone.web.OzoneHddsDatanodeService@70f5f59d
2019-09-12 10:33:24,041 [main] INFO  impl.MetricsSystemImpl (MetricsSystemImpl.java:init(158)) - HddsDatanode metrics system started (again)
2019-09-12 10:33:24,046 [org.apache.hadoop.util.JvmPauseMonitor$Monitor@13d8763f] INFO  util.JvmPauseMonitor (JvmPauseMonitor.java:run(188)) - Starting JVM pause monitor
2019-09-12 10:33:24,046 [main] INFO  ozone.HddsDatanodeService (HddsDatanodeService.java:start(184)) - HddsDatanodeService host:pr-hdds-1569-xtfnx-3545843844 ip:192.168.157.195
2019-09-12 10:33:24,048 [Datanode State Machine Thread - 0] INFO  datanode.InitDatanodeState (InitDatanodeState.java:persistContainerDatanodeDetails(140)) - DatanodeDetails is persisted to /workdir/hadoop-ozone/integration-test/target/test-dir/MiniOzoneClusterImpl-2d656029-9dde-45a3-b7cd-f2d738c2cb44/datanode-3/meta/datanode.id
2019-09-12 10:33:24,054 [main] INFO  volume.HddsVolume (HddsVolume.java:<init>(176)) - Creating Volume: /workdir/hadoop-ozone/integration-test/target/test-dir/MiniOzoneClusterImpl-2d656029-9dde-45a3-b7cd-f2d738c2cb44/datanode-4/data/containers/hdds of  storage type : DISK and capacity : 1482555576320
2019-09-12 10:33:24,054 [main] INFO  volume.VolumeSet (VolumeSet.java:initializeVolumeSet(170)) - Added Volume : /workdir/hadoop-ozone/integration-test/target/test-dir/MiniOzoneClusterImpl-2d656029-9dde-45a3-b7cd-f2d738c2cb44/datanode-4/data/containers/hdds to VolumeSet
2019-09-12 10:33:24,054 [main] INFO  volume.ThrottledAsyncChecker (ThrottledAsyncChecker.java:schedule(140)) - Scheduling a check for org.apache.hadoop.ozone.container.common.volume.HddsVolume@5bbf744b
2019-09-12 10:33:24,055 [main] INFO  volume.HddsVolumeChecker (HddsVolumeChecker.java:checkAllVolumes(203)) - Scheduled health check for volume org.apache.hadoop.ozone.container.common.volume.HddsVolume@5bbf744b
2019-09-12 10:33:24,069 [main] INFO  impl.RaftServerProxy (ConfUtils.java:logGet(43)) - raft.rpc.type = GRPC (default)
2019-09-12 10:33:24,069 [main] INFO  grpc.GrpcFactory (GrpcFactory.java:checkPooledByteBufAllocatorUseCacheForAllThreads(45)) - PERFORMANCE WARNING: useCacheForAllThreads is true that may cause Netty to create a lot garbage objects and, as a result, trigger GC.
	It is recommended to disable useCacheForAllThreads by setting -Dorg.apache.ratis.thirdparty.io.netty.allocator.useCacheForAllThreads=false in command line.
2019-09-12 10:33:24,069 [main] INFO  grpc.GrpcConfigKeys$Server (ConfUtils.java:logGet(43)) - raft.grpc.server.port = 0 (default)
2019-09-12 10:33:24,069 [main] INFO  server.GrpcService (ConfUtils.java:logGet(43)) - raft.grpc.message.size.max = 33570816 (custom)
2019-09-12 10:33:24,069 [main] INFO  server.RaftServerConfigKeys (ConfUtils.java:logGet(43)) - raft.server.log.appender.buffer.byte-limit = 33554432 (custom)
2019-09-12 10:33:24,070 [main] INFO  server.GrpcService (ConfUtils.java:logGet(43)) - raft.grpc.flow.control.window = 1MB (=1048576) (default)
2019-09-12 10:33:24,070 [main] INFO  server.RaftServerConfigKeys (ConfUtils.java:logGet(43)) - raft.server.rpc.request.timeout = 3000ms (default)
2019-09-12 10:33:24,070 [main] INFO  server.RaftServerConfigKeys (ConfUtils.java:logGet(43)) - raft.server.storage.dir = [/workdir/hadoop-ozone/integration-test/target/test-dir/MiniOzoneClusterImpl-2d656029-9dde-45a3-b7cd-f2d738c2cb44/datanode-4/data/ratis] (custom)
2019-09-12 10:33:24,071 [main] INFO  replication.SimpleContainerDownloader (SimpleContainerDownloader.java:<init>(72)) - Starting container downloader service to copy containers to replicate.
2019-09-12 10:33:24,072 [main] INFO  hdfs.DFSUtil (DFSUtil.java:httpServerTemplateForNNAndJN(1641)) - Starting Web-server for hddsDatanode at: http://0.0.0.0:0
2019-09-12 10:33:24,073 [main] INFO  server.AuthenticationFilter (AuthenticationFilter.java:constructSecretProvider(240)) - Unable to initialize FileSignerSecretProvider, falling back to use random secrets.
2019-09-12 10:33:24,073 [main] WARN  http.HttpRequestLog (HttpRequestLog.java:getRequestLog(97)) - Jetty request log can only be enabled using Log4j
2019-09-12 10:33:24,075 [main] INFO  http.HttpServer2 (HttpServer2.java:addGlobalFilter(975)) - Added global filter 'safety' (class=org.apache.hadoop.http.HttpServer2$QuotingInputFilter)
2019-09-12 10:33:24,075 [main] INFO  http.HttpServer2 (HttpServer2.java:addFilter(948)) - Added filter static_user_filter (class=org.apache.hadoop.http.lib.StaticUserWebFilter$StaticUserFilter) to context hddsDatanode
2019-09-12 10:33:24,076 [main] INFO  http.HttpServer2 (HttpServer2.java:addFilter(958)) - Added filter static_user_filter (class=org.apache.hadoop.http.lib.StaticUserWebFilter$StaticUserFilter) to context static
2019-09-12 10:33:24,076 [main] INFO  http.HttpServer2 (HttpServer2.java:addFilter(958)) - Added filter static_user_filter (class=org.apache.hadoop.http.lib.StaticUserWebFilter$StaticUserFilter) to context logs
2019-09-12 10:33:24,076 [main] INFO  http.HttpServer2 (HttpServer2.java:bindListener(1191)) - Jetty bound to port 33262
2019-09-12 10:33:24,076 [main] INFO  server.Server (Server.java:doStart(351)) - jetty-9.3.24.v20180605, build timestamp: 2018-06-05T17:11:56Z, git hash: 84205aa28f11a4f31f2a3b86d1bba2cc8ab69827
2019-09-12 10:33:24,079 [main] INFO  handler.ContextHandler (ContextHandler.java:doStart(781)) - Started o.e.j.s.ServletContextHandler@1cdd31a4{/logs,file:///workdir/hadoop-ozone/integration-test/target/log,AVAILABLE}
2019-09-12 10:33:24,079 [main] INFO  handler.ContextHandler (ContextHandler.java:doStart(781)) - Started o.e.j.s.ServletContextHandler@71316cd7{/static,jar:file:/home/user/.m2/repository/org/apache/hadoop/hadoop-hdds-container-service/0.5.0-SNAPSHOT/hadoop-hdds-container-service-0.5.0-SNAPSHOT.jar!/webapps/static,AVAILABLE}
2019-09-12 10:33:24,107 [main] INFO  handler.ContextHandler (ContextHandler.java:doStart(781)) - Started o.e.j.w.WebAppContext@68c4db77{/,file:///tmp/jetty-0.0.0.0-33262-hddsDatanode-_-any-2740326184061682955.dir/webapp/,AVAILABLE}{/hddsDatanode}
2019-09-12 10:33:24,108 [main] INFO  server.AbstractConnector (AbstractConnector.java:doStart(278)) - Started ServerConnector@775c4054{HTTP/1.1,[http/1.1]}{0.0.0.0:33262}
2019-09-12 10:33:24,109 [main] INFO  server.Server (Server.java:doStart(419)) - Started @37293ms
2019-09-12 10:33:24,110 [main] INFO  server.BaseHttpServer (BaseHttpServer.java:updateConnectorAddress(213)) - HTTP server of HDDSDATANODE is listening at http://0.0.0.0:33262
2019-09-12 10:33:24,223 | INFO  | ObjectStoreRestHttpServer | Listening HDDS REST traffic on /0.0.0.0:34516 |  
2019-09-12 10:33:24,223 [main] INFO  ozone.HddsDatanodeService (HddsDatanodeService.java:startPlugins(395)) - Started plug-in org.apache.hadoop.ozone.web.OzoneHddsDatanodeService@6f655dbd
2019-09-12 10:33:24,224 [main] INFO  impl.MetricsSystemImpl (MetricsSystemImpl.java:init(158)) - HddsDatanode metrics system started (again)
2019-09-12 10:33:24,228 [main] INFO  ozone.HddsDatanodeService (HddsDatanodeService.java:start(184)) - HddsDatanodeService host:pr-hdds-1569-xtfnx-3545843844 ip:192.168.157.195
2019-09-12 10:33:24,228 [org.apache.hadoop.util.JvmPauseMonitor$Monitor@4dc118dd] INFO  util.JvmPauseMonitor (JvmPauseMonitor.java:run(188)) - Starting JVM pause monitor
2019-09-12 10:33:24,231 [Datanode State Machine Thread - 0] INFO  datanode.InitDatanodeState (InitDatanodeState.java:persistContainerDatanodeDetails(140)) - DatanodeDetails is persisted to /workdir/hadoop-ozone/integration-test/target/test-dir/MiniOzoneClusterImpl-2d656029-9dde-45a3-b7cd-f2d738c2cb44/datanode-4/meta/datanode.id
2019-09-12 10:33:24,236 [main] INFO  volume.HddsVolume (HddsVolume.java:<init>(176)) - Creating Volume: /workdir/hadoop-ozone/integration-test/target/test-dir/MiniOzoneClusterImpl-2d656029-9dde-45a3-b7cd-f2d738c2cb44/datanode-5/data/containers/hdds of  storage type : DISK and capacity : 1482555576320
2019-09-12 10:33:24,236 [main] INFO  volume.VolumeSet (VolumeSet.java:initializeVolumeSet(170)) - Added Volume : /workdir/hadoop-ozone/integration-test/target/test-dir/MiniOzoneClusterImpl-2d656029-9dde-45a3-b7cd-f2d738c2cb44/datanode-5/data/containers/hdds to VolumeSet
2019-09-12 10:33:24,236 [main] INFO  volume.ThrottledAsyncChecker (ThrottledAsyncChecker.java:schedule(140)) - Scheduling a check for org.apache.hadoop.ozone.container.common.volume.HddsVolume@727956bb
2019-09-12 10:33:24,236 [main] INFO  volume.HddsVolumeChecker (HddsVolumeChecker.java:checkAllVolumes(203)) - Scheduled health check for volume org.apache.hadoop.ozone.container.common.volume.HddsVolume@727956bb
2019-09-12 10:33:24,249 [main] INFO  impl.RaftServerProxy (ConfUtils.java:logGet(43)) - raft.rpc.type = GRPC (default)
2019-09-12 10:33:24,249 [main] INFO  grpc.GrpcFactory (GrpcFactory.java:checkPooledByteBufAllocatorUseCacheForAllThreads(45)) - PERFORMANCE WARNING: useCacheForAllThreads is true that may cause Netty to create a lot garbage objects and, as a result, trigger GC.
	It is recommended to disable useCacheForAllThreads by setting -Dorg.apache.ratis.thirdparty.io.netty.allocator.useCacheForAllThreads=false in command line.
2019-09-12 10:33:24,249 [main] INFO  grpc.GrpcConfigKeys$Server (ConfUtils.java:logGet(43)) - raft.grpc.server.port = 0 (default)
2019-09-12 10:33:24,249 [main] INFO  server.GrpcService (ConfUtils.java:logGet(43)) - raft.grpc.message.size.max = 33570816 (custom)
2019-09-12 10:33:24,250 [main] INFO  server.RaftServerConfigKeys (ConfUtils.java:logGet(43)) - raft.server.log.appender.buffer.byte-limit = 33554432 (custom)
2019-09-12 10:33:24,250 [main] INFO  server.GrpcService (ConfUtils.java:logGet(43)) - raft.grpc.flow.control.window = 1MB (=1048576) (default)
2019-09-12 10:33:24,250 [main] INFO  server.RaftServerConfigKeys (ConfUtils.java:logGet(43)) - raft.server.rpc.request.timeout = 3000ms (default)
2019-09-12 10:33:24,250 [main] INFO  server.RaftServerConfigKeys (ConfUtils.java:logGet(43)) - raft.server.storage.dir = [/workdir/hadoop-ozone/integration-test/target/test-dir/MiniOzoneClusterImpl-2d656029-9dde-45a3-b7cd-f2d738c2cb44/datanode-5/data/ratis] (custom)
2019-09-12 10:33:24,251 [main] INFO  replication.SimpleContainerDownloader (SimpleContainerDownloader.java:<init>(72)) - Starting container downloader service to copy containers to replicate.
2019-09-12 10:33:24,252 [main] INFO  hdfs.DFSUtil (DFSUtil.java:httpServerTemplateForNNAndJN(1641)) - Starting Web-server for hddsDatanode at: http://0.0.0.0:0
2019-09-12 10:33:24,253 [main] INFO  server.AuthenticationFilter (AuthenticationFilter.java:constructSecretProvider(240)) - Unable to initialize FileSignerSecretProvider, falling back to use random secrets.
2019-09-12 10:33:24,253 [main] WARN  http.HttpRequestLog (HttpRequestLog.java:getRequestLog(97)) - Jetty request log can only be enabled using Log4j
2019-09-12 10:33:24,254 [main] INFO  http.HttpServer2 (HttpServer2.java:addGlobalFilter(975)) - Added global filter 'safety' (class=org.apache.hadoop.http.HttpServer2$QuotingInputFilter)
2019-09-12 10:33:24,255 [main] INFO  http.HttpServer2 (HttpServer2.java:addFilter(948)) - Added filter static_user_filter (class=org.apache.hadoop.http.lib.StaticUserWebFilter$StaticUserFilter) to context hddsDatanode
2019-09-12 10:33:24,255 [main] INFO  http.HttpServer2 (HttpServer2.java:addFilter(958)) - Added filter static_user_filter (class=org.apache.hadoop.http.lib.StaticUserWebFilter$StaticUserFilter) to context static
2019-09-12 10:33:24,255 [main] INFO  http.HttpServer2 (HttpServer2.java:addFilter(958)) - Added filter static_user_filter (class=org.apache.hadoop.http.lib.StaticUserWebFilter$StaticUserFilter) to context logs
2019-09-12 10:33:24,256 [main] INFO  http.HttpServer2 (HttpServer2.java:bindListener(1191)) - Jetty bound to port 42048
2019-09-12 10:33:24,256 [main] INFO  server.Server (Server.java:doStart(351)) - jetty-9.3.24.v20180605, build timestamp: 2018-06-05T17:11:56Z, git hash: 84205aa28f11a4f31f2a3b86d1bba2cc8ab69827
2019-09-12 10:33:24,257 [main] INFO  handler.ContextHandler (ContextHandler.java:doStart(781)) - Started o.e.j.s.ServletContextHandler@2932e15f{/logs,file:///workdir/hadoop-ozone/integration-test/target/log,AVAILABLE}
2019-09-12 10:33:24,258 [main] INFO  handler.ContextHandler (ContextHandler.java:doStart(781)) - Started o.e.j.s.ServletContextHandler@2375a976{/static,jar:file:/home/user/.m2/repository/org/apache/hadoop/hadoop-hdds-container-service/0.5.0-SNAPSHOT/hadoop-hdds-container-service-0.5.0-SNAPSHOT.jar!/webapps/static,AVAILABLE}
2019-09-12 10:33:24,281 [main] INFO  handler.ContextHandler (ContextHandler.java:doStart(781)) - Started o.e.j.w.WebAppContext@2c154508{/,file:///tmp/jetty-0.0.0.0-42048-hddsDatanode-_-any-3428984860488010915.dir/webapp/,AVAILABLE}{/hddsDatanode}
2019-09-12 10:33:24,281 [main] INFO  server.AbstractConnector (AbstractConnector.java:doStart(278)) - Started ServerConnector@395eb363{HTTP/1.1,[http/1.1]}{0.0.0.0:42048}
2019-09-12 10:33:24,283 [main] INFO  server.Server (Server.java:doStart(419)) - Started @37466ms
2019-09-12 10:33:24,284 [main] INFO  server.BaseHttpServer (BaseHttpServer.java:updateConnectorAddress(213)) - HTTP server of HDDSDATANODE is listening at http://0.0.0.0:42048
2019-09-12 10:33:24,711 | INFO  | ObjectStoreRestHttpServer | Listening HDDS REST traffic on /0.0.0.0:41115 |  
2019-09-12 10:33:24,711 [main] INFO  ozone.HddsDatanodeService (HddsDatanodeService.java:startPlugins(395)) - Started plug-in org.apache.hadoop.ozone.web.OzoneHddsDatanodeService@79144d0e
2019-09-12 10:33:24,711 [main] INFO  impl.MetricsSystemImpl (MetricsSystemImpl.java:init(158)) - HddsDatanode metrics system started (again)
2019-09-12 10:33:24,716 [org.apache.hadoop.util.JvmPauseMonitor$Monitor@3869ddd1] INFO  util.JvmPauseMonitor (JvmPauseMonitor.java:run(188)) - Starting JVM pause monitor
2019-09-12 10:33:24,716 [main] INFO  ozone.HddsDatanodeService (HddsDatanodeService.java:start(184)) - HddsDatanodeService host:pr-hdds-1569-xtfnx-3545843844 ip:192.168.157.195
2019-09-12 10:33:24,718 [Datanode State Machine Thread - 0] INFO  datanode.InitDatanodeState (InitDatanodeState.java:persistContainerDatanodeDetails(140)) - DatanodeDetails is persisted to /workdir/hadoop-ozone/integration-test/target/test-dir/MiniOzoneClusterImpl-2d656029-9dde-45a3-b7cd-f2d738c2cb44/datanode-5/meta/datanode.id
2019-09-12 10:33:24,724 [main] INFO  volume.HddsVolume (HddsVolume.java:<init>(176)) - Creating Volume: /workdir/hadoop-ozone/integration-test/target/test-dir/MiniOzoneClusterImpl-2d656029-9dde-45a3-b7cd-f2d738c2cb44/datanode-6/data/containers/hdds of  storage type : DISK and capacity : 1482555576320
2019-09-12 10:33:24,725 [main] INFO  volume.VolumeSet (VolumeSet.java:initializeVolumeSet(170)) - Added Volume : /workdir/hadoop-ozone/integration-test/target/test-dir/MiniOzoneClusterImpl-2d656029-9dde-45a3-b7cd-f2d738c2cb44/datanode-6/data/containers/hdds to VolumeSet
2019-09-12 10:33:24,725 [main] INFO  volume.ThrottledAsyncChecker (ThrottledAsyncChecker.java:schedule(140)) - Scheduling a check for org.apache.hadoop.ozone.container.common.volume.HddsVolume@3291d9c2
2019-09-12 10:33:24,725 [main] INFO  volume.HddsVolumeChecker (HddsVolumeChecker.java:checkAllVolumes(203)) - Scheduled health check for volume org.apache.hadoop.ozone.container.common.volume.HddsVolume@3291d9c2
2019-09-12 10:33:24,739 [main] INFO  impl.RaftServerProxy (ConfUtils.java:logGet(43)) - raft.rpc.type = GRPC (default)
2019-09-12 10:33:24,739 [main] INFO  grpc.GrpcFactory (GrpcFactory.java:checkPooledByteBufAllocatorUseCacheForAllThreads(45)) - PERFORMANCE WARNING: useCacheForAllThreads is true that may cause Netty to create a lot garbage objects and, as a result, trigger GC.
	It is recommended to disable useCacheForAllThreads by setting -Dorg.apache.ratis.thirdparty.io.netty.allocator.useCacheForAllThreads=false in command line.
2019-09-12 10:33:24,740 [main] INFO  grpc.GrpcConfigKeys$Server (ConfUtils.java:logGet(43)) - raft.grpc.server.port = 0 (default)
2019-09-12 10:33:24,740 [main] INFO  server.GrpcService (ConfUtils.java:logGet(43)) - raft.grpc.message.size.max = 33570816 (custom)
2019-09-12 10:33:24,740 [main] INFO  server.RaftServerConfigKeys (ConfUtils.java:logGet(43)) - raft.server.log.appender.buffer.byte-limit = 33554432 (custom)
2019-09-12 10:33:24,740 [main] INFO  server.GrpcService (ConfUtils.java:logGet(43)) - raft.grpc.flow.control.window = 1MB (=1048576) (default)
2019-09-12 10:33:24,740 [main] INFO  server.RaftServerConfigKeys (ConfUtils.java:logGet(43)) - raft.server.rpc.request.timeout = 3000ms (default)
2019-09-12 10:33:24,741 [main] INFO  server.RaftServerConfigKeys (ConfUtils.java:logGet(43)) - raft.server.storage.dir = [/workdir/hadoop-ozone/integration-test/target/test-dir/MiniOzoneClusterImpl-2d656029-9dde-45a3-b7cd-f2d738c2cb44/datanode-6/data/ratis] (custom)
2019-09-12 10:33:24,741 [main] INFO  replication.SimpleContainerDownloader (SimpleContainerDownloader.java:<init>(72)) - Starting container downloader service to copy containers to replicate.
2019-09-12 10:33:24,742 [main] INFO  hdfs.DFSUtil (DFSUtil.java:httpServerTemplateForNNAndJN(1641)) - Starting Web-server for hddsDatanode at: http://0.0.0.0:0
2019-09-12 10:33:24,743 [main] INFO  server.AuthenticationFilter (AuthenticationFilter.java:constructSecretProvider(240)) - Unable to initialize FileSignerSecretProvider, falling back to use random secrets.
2019-09-12 10:33:24,744 [main] WARN  http.HttpRequestLog (HttpRequestLog.java:getRequestLog(97)) - Jetty request log can only be enabled using Log4j
2019-09-12 10:33:24,745 [main] INFO  http.HttpServer2 (HttpServer2.java:addGlobalFilter(975)) - Added global filter 'safety' (class=org.apache.hadoop.http.HttpServer2$QuotingInputFilter)
2019-09-12 10:33:24,745 [main] INFO  http.HttpServer2 (HttpServer2.java:addFilter(948)) - Added filter static_user_filter (class=org.apache.hadoop.http.lib.StaticUserWebFilter$StaticUserFilter) to context hddsDatanode
2019-09-12 10:33:24,745 [main] INFO  http.HttpServer2 (HttpServer2.java:addFilter(958)) - Added filter static_user_filter (class=org.apache.hadoop.http.lib.StaticUserWebFilter$StaticUserFilter) to context logs
2019-09-12 10:33:24,746 [main] INFO  http.HttpServer2 (HttpServer2.java:addFilter(958)) - Added filter static_user_filter (class=org.apache.hadoop.http.lib.StaticUserWebFilter$StaticUserFilter) to context static
2019-09-12 10:33:24,746 [main] INFO  http.HttpServer2 (HttpServer2.java:bindListener(1191)) - Jetty bound to port 37481
2019-09-12 10:33:24,746 [main] INFO  server.Server (Server.java:doStart(351)) - jetty-9.3.24.v20180605, build timestamp: 2018-06-05T17:11:56Z, git hash: 84205aa28f11a4f31f2a3b86d1bba2cc8ab69827
2019-09-12 10:33:24,748 [main] INFO  handler.ContextHandler (ContextHandler.java:doStart(781)) - Started o.e.j.s.ServletContextHandler@40d10264{/logs,file:///workdir/hadoop-ozone/integration-test/target/log,AVAILABLE}
2019-09-12 10:33:24,748 [main] INFO  handler.ContextHandler (ContextHandler.java:doStart(781)) - Started o.e.j.s.ServletContextHandler@53918b5e{/static,jar:file:/home/user/.m2/repository/org/apache/hadoop/hadoop-hdds-container-service/0.5.0-SNAPSHOT/hadoop-hdds-container-service-0.5.0-SNAPSHOT.jar!/webapps/static,AVAILABLE}
2019-09-12 10:33:24,775 [main] INFO  handler.ContextHandler (ContextHandler.java:doStart(781)) - Started o.e.j.w.WebAppContext@14993306{/,file:///tmp/jetty-0.0.0.0-37481-hddsDatanode-_-any-6173313749544837460.dir/webapp/,AVAILABLE}{/hddsDatanode}
2019-09-12 10:33:24,775 [main] INFO  server.AbstractConnector (AbstractConnector.java:doStart(278)) - Started ServerConnector@73ae82da{HTTP/1.1,[http/1.1]}{0.0.0.0:37481}
2019-09-12 10:33:24,777 [main] INFO  server.Server (Server.java:doStart(419)) - Started @37960ms
2019-09-12 10:33:24,777 [main] INFO  server.BaseHttpServer (BaseHttpServer.java:updateConnectorAddress(213)) - HTTP server of HDDSDATANODE is listening at http://0.0.0.0:37481
2019-09-12 10:33:24,891 | INFO  | ObjectStoreRestHttpServer | Listening HDDS REST traffic on /0.0.0.0:33194 |  
2019-09-12 10:33:24,891 [main] INFO  ozone.HddsDatanodeService (HddsDatanodeService.java:startPlugins(395)) - Started plug-in org.apache.hadoop.ozone.web.OzoneHddsDatanodeService@47c5cbf2
2019-09-12 10:33:24,891 [main] INFO  ozone.MiniOzoneClusterImpl (MiniOzoneClusterImpl.java:lambda$waitForClusterToBeReady$0(142)) - Waiting for cluster to be ready. Got 0 of 7 DN Heartbeats.
2019-09-12 10:33:24,895 [org.apache.hadoop.util.JvmPauseMonitor$Monitor@54eb372b] INFO  util.JvmPauseMonitor (JvmPauseMonitor.java:run(188)) - Starting JVM pause monitor
2019-09-12 10:33:24,897 [Datanode State Machine Thread - 0] INFO  datanode.InitDatanodeState (InitDatanodeState.java:persistContainerDatanodeDetails(140)) - DatanodeDetails is persisted to /workdir/hadoop-ozone/integration-test/target/test-dir/MiniOzoneClusterImpl-2d656029-9dde-45a3-b7cd-f2d738c2cb44/datanode-6/meta/datanode.id
2019-09-12 10:33:25,471 | INFO  | SCMAudit | user=jenkins1000 | ip=192.168.157.195 | op=GET_VERSION null | ret=SUCCESS |  
2019-09-12 10:33:25,501 [Datanode State Machine Thread - 0] INFO  ozoneimpl.OzoneContainer (OzoneContainer.java:start(186)) - Attempting to start container services.
2019-09-12 10:33:25,504 [Datanode State Machine Thread - 0] INFO  ozoneimpl.OzoneContainer (OzoneContainer.java:startContainerScrub(160)) - Background container scrubber has been disabled by hdds.containerscrub.enabled
2019-09-12 10:33:25,504 [Datanode State Machine Thread - 0] INFO  ratis.XceiverServerRatis (XceiverServerRatis.java:start(404)) - Starting XceiverServerRatis 010b2855-0e1d-4bbd-b76a-4560f989b9a3 at port 0
2019-09-12 10:33:25,512 [Datanode State Machine Thread - 0] INFO  impl.RaftServerProxy (RaftServerProxy.java:lambda$start$3(299)) - 010b2855-0e1d-4bbd-b76a-4560f989b9a3: start RPC server
2019-09-12 10:33:25,516 [Datanode State Machine Thread - 0] INFO  server.GrpcService (GrpcService.java:startImpl(149)) - 010b2855-0e1d-4bbd-b76a-4560f989b9a3: GrpcService started, listening on 0.0.0.0/0.0.0.0:43711
2019-09-12 10:33:25,516 [Datanode State Machine Thread - 0] INFO  ratis.XceiverServerRatis (XceiverServerRatis.java:start(414)) - XceiverServerRatis 010b2855-0e1d-4bbd-b76a-4560f989b9a3 is started using port 43711
2019-09-12 10:33:25,517 [Datanode State Machine Thread - 0] INFO  server.XceiverServerGrpc (XceiverServerGrpc.java:start(163)) - XceiverServerGrpc 010b2855-0e1d-4bbd-b76a-4560f989b9a3 is started using port 37752
2019-09-12 10:33:25,664 | INFO  | SCMAudit | user=jenkins1000 | ip=192.168.157.195 | op=GET_VERSION null | ret=SUCCESS |  
2019-09-12 10:33:25,680 [Datanode State Machine Thread - 0] INFO  ozoneimpl.OzoneContainer (OzoneContainer.java:start(186)) - Attempting to start container services.
2019-09-12 10:33:25,686 [Datanode State Machine Thread - 0] INFO  ozoneimpl.OzoneContainer (OzoneContainer.java:startContainerScrub(160)) - Background container scrubber has been disabled by hdds.containerscrub.enabled
2019-09-12 10:33:25,686 [Datanode State Machine Thread - 0] INFO  ratis.XceiverServerRatis (XceiverServerRatis.java:start(404)) - Starting XceiverServerRatis e4b90157-0987-4622-adc9-0404bea551ef at port 0
2019-09-12 10:33:25,692 [Datanode State Machine Thread - 0] INFO  impl.RaftServerProxy (RaftServerProxy.java:lambda$start$3(299)) - e4b90157-0987-4622-adc9-0404bea551ef: start RPC server
2019-09-12 10:33:25,694 [Datanode State Machine Thread - 0] INFO  server.GrpcService (GrpcService.java:startImpl(149)) - e4b90157-0987-4622-adc9-0404bea551ef: GrpcService started, listening on 0.0.0.0/0.0.0.0:45782
2019-09-12 10:33:25,695 [Datanode State Machine Thread - 0] INFO  ratis.XceiverServerRatis (XceiverServerRatis.java:start(414)) - XceiverServerRatis e4b90157-0987-4622-adc9-0404bea551ef is started using port 45782
2019-09-12 10:33:25,700 [Datanode State Machine Thread - 0] INFO  server.XceiverServerGrpc (XceiverServerGrpc.java:start(163)) - XceiverServerGrpc e4b90157-0987-4622-adc9-0404bea551ef is started using port 35503
2019-09-12 10:33:25,856 | INFO  | SCMAudit | user=jenkins1000 | ip=192.168.157.195 | op=GET_VERSION null | ret=SUCCESS |  
2019-09-12 10:33:25,871 [Datanode State Machine Thread - 0] INFO  ozoneimpl.OzoneContainer (OzoneContainer.java:start(186)) - Attempting to start container services.
2019-09-12 10:33:25,871 [Datanode State Machine Thread - 0] INFO  ozoneimpl.OzoneContainer (OzoneContainer.java:startContainerScrub(160)) - Background container scrubber has been disabled by hdds.containerscrub.enabled
2019-09-12 10:33:25,871 [Datanode State Machine Thread - 0] INFO  ratis.XceiverServerRatis (XceiverServerRatis.java:start(404)) - Starting XceiverServerRatis 8bce8832-9727-4b35-a9b5-3df7187e4e21 at port 0
2019-09-12 10:33:25,878 [Datanode State Machine Thread - 0] INFO  impl.RaftServerProxy (RaftServerProxy.java:lambda$start$3(299)) - 8bce8832-9727-4b35-a9b5-3df7187e4e21: start RPC server
2019-09-12 10:33:25,880 [Datanode State Machine Thread - 0] INFO  server.GrpcService (GrpcService.java:startImpl(149)) - 8bce8832-9727-4b35-a9b5-3df7187e4e21: GrpcService started, listening on 0.0.0.0/0.0.0.0:43912
2019-09-12 10:33:25,880 [Datanode State Machine Thread - 0] INFO  ratis.XceiverServerRatis (XceiverServerRatis.java:start(414)) - XceiverServerRatis 8bce8832-9727-4b35-a9b5-3df7187e4e21 is started using port 43912
2019-09-12 10:33:25,887 [Datanode State Machine Thread - 0] INFO  server.XceiverServerGrpc (XceiverServerGrpc.java:start(163)) - XceiverServerGrpc 8bce8832-9727-4b35-a9b5-3df7187e4e21 is started using port 39437
2019-09-12 10:33:25,891 [main] INFO  ozone.MiniOzoneClusterImpl (MiniOzoneClusterImpl.java:lambda$waitForClusterToBeReady$0(142)) - Waiting for cluster to be ready. Got 0 of 7 DN Heartbeats.
2019-09-12 10:33:26,047 | INFO  | SCMAudit | user=jenkins1000 | ip=192.168.157.195 | op=GET_VERSION null | ret=SUCCESS |  
2019-09-12 10:33:26,061 [Datanode State Machine Thread - 0] INFO  ozoneimpl.OzoneContainer (OzoneContainer.java:start(186)) - Attempting to start container services.
2019-09-12 10:33:26,061 [Datanode State Machine Thread - 0] INFO  ozoneimpl.OzoneContainer (OzoneContainer.java:startContainerScrub(160)) - Background container scrubber has been disabled by hdds.containerscrub.enabled
2019-09-12 10:33:26,062 [Datanode State Machine Thread - 0] INFO  ratis.XceiverServerRatis (XceiverServerRatis.java:start(404)) - Starting XceiverServerRatis afdb29cf-c3b8-498d-8640-0d0c0297edd0 at port 0
2019-09-12 10:33:26,068 [Datanode State Machine Thread - 0] INFO  impl.RaftServerProxy (RaftServerProxy.java:lambda$start$3(299)) - afdb29cf-c3b8-498d-8640-0d0c0297edd0: start RPC server
2019-09-12 10:33:26,069 [Datanode State Machine Thread - 0] INFO  server.GrpcService (GrpcService.java:startImpl(149)) - afdb29cf-c3b8-498d-8640-0d0c0297edd0: GrpcService started, listening on 0.0.0.0/0.0.0.0:42480
2019-09-12 10:33:26,069 [Datanode State Machine Thread - 0] INFO  ratis.XceiverServerRatis (XceiverServerRatis.java:start(414)) - XceiverServerRatis afdb29cf-c3b8-498d-8640-0d0c0297edd0 is started using port 42480
2019-09-12 10:33:26,073 [Datanode State Machine Thread - 0] INFO  server.XceiverServerGrpc (XceiverServerGrpc.java:start(163)) - XceiverServerGrpc afdb29cf-c3b8-498d-8640-0d0c0297edd0 is started using port 34876
2019-09-12 10:33:26,230 | INFO  | SCMAudit | user=jenkins1000 | ip=192.168.157.195 | op=GET_VERSION null | ret=SUCCESS |  
2019-09-12 10:33:26,249 [Datanode State Machine Thread - 0] INFO  ozoneimpl.OzoneContainer (OzoneContainer.java:start(186)) - Attempting to start container services.
2019-09-12 10:33:26,250 [Datanode State Machine Thread - 0] INFO  ozoneimpl.OzoneContainer (OzoneContainer.java:startContainerScrub(160)) - Background container scrubber has been disabled by hdds.containerscrub.enabled
2019-09-12 10:33:26,250 [Datanode State Machine Thread - 0] INFO  ratis.XceiverServerRatis (XceiverServerRatis.java:start(404)) - Starting XceiverServerRatis 58be6702-f3a1-484a-8c9d-5d933df137d3 at port 0
2019-09-12 10:33:26,257 [Datanode State Machine Thread - 0] INFO  impl.RaftServerProxy (RaftServerProxy.java:lambda$start$3(299)) - 58be6702-f3a1-484a-8c9d-5d933df137d3: start RPC server
2019-09-12 10:33:26,258 [Datanode State Machine Thread - 0] INFO  server.GrpcService (GrpcService.java:startImpl(149)) - 58be6702-f3a1-484a-8c9d-5d933df137d3: GrpcService started, listening on 0.0.0.0/0.0.0.0:33261
2019-09-12 10:33:26,258 [Datanode State Machine Thread - 0] INFO  ratis.XceiverServerRatis (XceiverServerRatis.java:start(414)) - XceiverServerRatis 58be6702-f3a1-484a-8c9d-5d933df137d3 is started using port 33261
2019-09-12 10:33:26,262 [Datanode State Machine Thread - 0] INFO  server.XceiverServerGrpc (XceiverServerGrpc.java:start(163)) - XceiverServerGrpc 58be6702-f3a1-484a-8c9d-5d933df137d3 is started using port 42788
2019-09-12 10:33:26,716 | INFO  | SCMAudit | user=jenkins1000 | ip=192.168.157.195 | op=GET_VERSION null | ret=SUCCESS |  
2019-09-12 10:33:26,731 [Datanode State Machine Thread - 0] INFO  ozoneimpl.OzoneContainer (OzoneContainer.java:start(186)) - Attempting to start container services.
2019-09-12 10:33:26,731 [Datanode State Machine Thread - 0] INFO  ozoneimpl.OzoneContainer (OzoneContainer.java:startContainerScrub(160)) - Background container scrubber has been disabled by hdds.containerscrub.enabled
2019-09-12 10:33:26,732 [Datanode State Machine Thread - 0] INFO  ratis.XceiverServerRatis (XceiverServerRatis.java:start(404)) - Starting XceiverServerRatis 23027111-0173-428f-b853-b511524375b8 at port 0
2019-09-12 10:33:26,740 [Datanode State Machine Thread - 0] INFO  impl.RaftServerProxy (RaftServerProxy.java:lambda$start$3(299)) - 23027111-0173-428f-b853-b511524375b8: start RPC server
2019-09-12 10:33:26,741 [Datanode State Machine Thread - 0] INFO  server.GrpcService (GrpcService.java:startImpl(149)) - 23027111-0173-428f-b853-b511524375b8: GrpcService started, listening on 0.0.0.0/0.0.0.0:36891
2019-09-12 10:33:26,741 [Datanode State Machine Thread - 0] INFO  ratis.XceiverServerRatis (XceiverServerRatis.java:start(414)) - XceiverServerRatis 23027111-0173-428f-b853-b511524375b8 is started using port 36891
2019-09-12 10:33:26,742 [Datanode State Machine Thread - 0] INFO  server.XceiverServerGrpc (XceiverServerGrpc.java:start(163)) - XceiverServerGrpc 23027111-0173-428f-b853-b511524375b8 is started using port 34291
2019-09-12 10:33:26,892 [main] INFO  ozone.MiniOzoneClusterImpl (MiniOzoneClusterImpl.java:lambda$waitForClusterToBeReady$0(142)) - Waiting for cluster to be ready. Got 0 of 7 DN Heartbeats.
2019-09-12 10:33:26,896 | INFO  | SCMAudit | user=jenkins1000 | ip=192.168.157.195 | op=GET_VERSION null | ret=SUCCESS |  
2019-09-12 10:33:26,910 [Datanode State Machine Thread - 0] INFO  ozoneimpl.OzoneContainer (OzoneContainer.java:start(186)) - Attempting to start container services.
2019-09-12 10:33:26,910 [Datanode State Machine Thread - 0] INFO  ozoneimpl.OzoneContainer (OzoneContainer.java:startContainerScrub(160)) - Background container scrubber has been disabled by hdds.containerscrub.enabled
2019-09-12 10:33:26,910 [Datanode State Machine Thread - 0] INFO  ratis.XceiverServerRatis (XceiverServerRatis.java:start(404)) - Starting XceiverServerRatis 2936a8fb-498a-4f06-abab-ab51bafc30e4 at port 0
2019-09-12 10:33:26,918 [Datanode State Machine Thread - 0] INFO  impl.RaftServerProxy (RaftServerProxy.java:lambda$start$3(299)) - 2936a8fb-498a-4f06-abab-ab51bafc30e4: start RPC server
2019-09-12 10:33:26,919 [Datanode State Machine Thread - 0] INFO  server.GrpcService (GrpcService.java:startImpl(149)) - 2936a8fb-498a-4f06-abab-ab51bafc30e4: GrpcService started, listening on 0.0.0.0/0.0.0.0:46079
2019-09-12 10:33:26,919 [Datanode State Machine Thread - 0] INFO  ratis.XceiverServerRatis (XceiverServerRatis.java:start(414)) - XceiverServerRatis 2936a8fb-498a-4f06-abab-ab51bafc30e4 is started using port 46079
2019-09-12 10:33:26,923 [Datanode State Machine Thread - 0] INFO  server.XceiverServerGrpc (XceiverServerGrpc.java:start(163)) - XceiverServerGrpc 2936a8fb-498a-4f06-abab-ab51bafc30e4 is started using port 39678
2019-09-12 10:33:27,472 [IPC Server handler 4 on 41229] INFO  net.NetworkTopology (NetworkTopologyImpl.java:add(110)) - Added a new node: /default-rack/010b2855-0e1d-4bbd-b76a-4560f989b9a3
2019-09-12 10:33:27,475 [IPC Server handler 4 on 41229] INFO  node.SCMNodeManager (SCMNodeManager.java:register(273)) - Registered Data node : 010b2855-0e1d-4bbd-b76a-4560f989b9a3{ip: 192.168.157.195, host: pr-hdds-1569-xtfnx-3545843844, networkLocation: /default-rack, certSerialId: null}
2019-09-12 10:33:27,476 [EventQueue-NodeRegistrationContainerReportForDataNodeSafeModeRule] INFO  safemode.SCMSafeModeManager (DataNodeSafeModeRule.java:process(71)) - SCM in safe mode. 1 DataNodes registered, 1 required.
2019-09-12 10:33:27,476 | INFO  | SCMAudit | user=jenkins1000 | ip=192.168.157.195 | op=REGISTER {datanodeDetails=010b2855-0e1d-4bbd-b76a-4560f989b9a3{ip: 192.168.157.195, host: pr-hdds-1569-xtfnx-3545843844, networkLocation: /default-rack, certSerialId: null}} | ret=SUCCESS |  
2019-09-12 10:33:27,478 [EventQueue-NodeRegistrationContainerReportForDataNodeSafeModeRule] INFO  safemode.SCMSafeModeManager (SCMSafeModeManager.java:validateSafeModeExitRules(177)) - ScmSafeModeManager, all rules are successfully validated
2019-09-12 10:33:27,478 [EventQueue-NodeRegistrationContainerReportForDataNodeSafeModeRule] INFO  safemode.SCMSafeModeManager (SCMSafeModeManager.java:exitSafeMode(193)) - SCM exiting safe mode.
2019-09-12 10:33:27,509 [grpc-default-executor-0] INFO  impl.RaftServerProxy (RaftServerProxy.java:addNew(89)) - 010b2855-0e1d-4bbd-b76a-4560f989b9a3: addNew group-F900B1BB2C96:[010b2855-0e1d-4bbd-b76a-4560f989b9a3:192.168.157.195:43711] returns group-F900B1BB2C96:java.util.concurrent.CompletableFuture@31b36845[Not completed]
2019-09-12 10:33:27,511 [pool-124-thread-1] INFO  impl.RaftServerImpl (RaftServerImpl.java:<init>(93)) - 010b2855-0e1d-4bbd-b76a-4560f989b9a3: new RaftServerImpl for group-F900B1BB2C96:[010b2855-0e1d-4bbd-b76a-4560f989b9a3:192.168.157.195:43711] with ContainerStateMachine:uninitialized
2019-09-12 10:33:27,511 [pool-124-thread-1] INFO  server.RaftServerConfigKeys (ConfUtils.java:logGet(43)) - raft.server.rpc.timeout.min = 5s (custom)
2019-09-12 10:33:27,511 [pool-124-thread-1] INFO  server.RaftServerConfigKeys (ConfUtils.java:logGet(43)) - raft.server.rpc.timeout.max = 5200ms (custom)
2019-09-12 10:33:27,511 [pool-124-thread-1] INFO  server.RaftServerConfigKeys (ConfUtils.java:logGet(43)) - raft.server.rpcslowness.timeout = 120s (custom)
2019-09-12 10:33:27,511 [pool-124-thread-1] INFO  server.RaftServerConfigKeys (ConfUtils.java:logGet(43)) - raft.server.sleep.deviation.threshold = 300 (default)
2019-09-12 10:33:27,511 [pool-124-thread-1] INFO  server.RaftServerConfigKeys (ConfUtils.java:logGet(43)) - raft.server.log.appender.install.snapshot.enabled = false (custom)
2019-09-12 10:33:27,512 [pool-124-thread-1] INFO  impl.RaftServerImpl (ServerState.java:<init>(105)) - 010b2855-0e1d-4bbd-b76a-4560f989b9a3:group-F900B1BB2C96 ConfigurationManager, init=-1: [010b2855-0e1d-4bbd-b76a-4560f989b9a3:192.168.157.195:43711], old=null, confs=<EMPTY_MAP>
2019-09-12 10:33:27,512 [pool-124-thread-1] INFO  server.RaftServerConfigKeys (ConfUtils.java:logGet(43)) - raft.server.storage.dir = [/workdir/hadoop-ozone/integration-test/target/test-dir/MiniOzoneClusterImpl-2d656029-9dde-45a3-b7cd-f2d738c2cb44/datanode-0/data/ratis] (custom)
2019-09-12 10:33:27,512 [pool-124-thread-1] INFO  storage.RaftStorageDirectory (RaftStorageDirectory.java:analyzeStorage(246)) - The storage directory /workdir/hadoop-ozone/integration-test/target/test-dir/MiniOzoneClusterImpl-2d656029-9dde-45a3-b7cd-f2d738c2cb44/datanode-0/data/ratis/ae7f9d9e-fcd7-4b69-a19c-f900b1bb2c96 does not exist. Creating ...
2019-09-12 10:33:27,526 [pool-124-thread-1] INFO  storage.RaftStorageDirectory (RaftStorageDirectory.java:tryLock(328)) - Lock on /workdir/hadoop-ozone/integration-test/target/test-dir/MiniOzoneClusterImpl-2d656029-9dde-45a3-b7cd-f2d738c2cb44/datanode-0/data/ratis/ae7f9d9e-fcd7-4b69-a19c-f900b1bb2c96/in_use.lock acquired by nodename 32653@pr-hdds-1569-xtfnx-3545843844
2019-09-12 10:33:27,538 [pool-124-thread-1] INFO  storage.RaftStorage (RaftStorage.java:format(72)) - Storage directory /workdir/hadoop-ozone/integration-test/target/test-dir/MiniOzoneClusterImpl-2d656029-9dde-45a3-b7cd-f2d738c2cb44/datanode-0/data/ratis/ae7f9d9e-fcd7-4b69-a19c-f900b1bb2c96 has been successfully formatted.
2019-09-12 10:33:27,539 [pool-124-thread-1] INFO  ratis.ContainerStateMachine (ContainerStateMachine.java:loadSnapshot(226)) - group-F900B1BB2C96: The snapshot info is null. Setting the last applied indexto:(t:0, i:~)
2019-09-12 10:33:27,539 [pool-124-thread-1] INFO  server.RaftServerConfigKeys (ConfUtils.java:logGet(43)) - raft.server.leader.election.timeout = 120s (custom)
2019-09-12 10:33:27,539 [pool-124-thread-1] INFO  server.RaftServerConfigKeys (ConfUtils.java:logGet(43)) - raft.server.log.use.memory = false (default)
2019-09-12 10:33:27,539 [pool-124-thread-1] INFO  server.RaftServerConfigKeys (ConfUtils.java:logGet(43)) - raft.server.log.purge.gap = 1000000 (custom)
2019-09-12 10:33:27,539 [pool-124-thread-1] INFO  server.RaftServerConfigKeys (ConfUtils.java:logGet(43)) - raft.server.log.appender.buffer.byte-limit = 33554432 (custom)
2019-09-12 10:33:27,540 [pool-124-thread-1] INFO  server.RaftServerConfigKeys (ConfUtils.java:logGet(43)) - raft.server.log.segment.size.max = 1048576 (custom)
2019-09-12 10:33:27,540 [pool-124-thread-1] INFO  server.RaftServerConfigKeys (ConfUtils.java:logGet(43)) - raft.server.log.segment.cache.num.max = 2 (custom)
2019-09-12 10:33:27,540 [pool-124-thread-1] INFO  segmented.SegmentedRaftLogWorker (SegmentedRaftLogWorker.java:<init>(172)) - new 010b2855-0e1d-4bbd-b76a-4560f989b9a3-SegmentedRaftLogWorker:Storage Directory /workdir/hadoop-ozone/integration-test/target/test-dir/MiniOzoneClusterImpl-2d656029-9dde-45a3-b7cd-f2d738c2cb44/datanode-0/data/ratis/ae7f9d9e-fcd7-4b69-a19c-f900b1bb2c96 for RaftStorage:Storage Directory /workdir/hadoop-ozone/integration-test/target/test-dir/MiniOzoneClusterImpl-2d656029-9dde-45a3-b7cd-f2d738c2cb44/datanode-0/data/ratis/ae7f9d9e-fcd7-4b69-a19c-f900b1bb2c96
2019-09-12 10:33:27,540 [pool-124-thread-1] INFO  server.RaftServerConfigKeys (ConfUtils.java:logGet(43)) - raft.server.log.queue.byte-limit = 2147483647 (custom)
2019-09-12 10:33:27,540 [pool-124-thread-1] INFO  server.RaftServerConfigKeys (ConfUtils.java:logGet(43)) - raft.server.log.queue.element-limit = 1024 (custom)
2019-09-12 10:33:27,541 [pool-124-thread-1] INFO  server.RaftServerConfigKeys (ConfUtils.java:logGet(43)) - raft.server.log.segment.size.max = 1048576 (custom)
2019-09-12 10:33:27,541 [pool-124-thread-1] INFO  server.RaftServerConfigKeys (ConfUtils.java:logGet(43)) - raft.server.log.preallocated.size = 16384 (custom)
2019-09-12 10:33:27,541 [pool-124-thread-1] INFO  server.RaftServerConfigKeys (ConfUtils.java:logGet(43)) - raft.server.log.write.buffer.size = 33554432 (custom)
2019-09-12 10:33:27,541 [pool-124-thread-1] INFO  server.RaftServerConfigKeys (ConfUtils.java:logGet(43)) - raft.server.log.force.sync.num = 128 (default)
2019-09-12 10:33:27,541 [pool-124-thread-1] INFO  server.RaftServerConfigKeys (ConfUtils.java:logGet(43)) - raft.server.log.statemachine.data.sync = true (default)
2019-09-12 10:33:27,541 [pool-124-thread-1] INFO  server.RaftServerConfigKeys (ConfUtils.java:logGet(43)) - raft.server.log.statemachine.data.sync.timeout = 10s (default)
2019-09-12 10:33:27,541 [pool-124-thread-1] INFO  server.RaftServerConfigKeys (ConfUtils.java:logGet(43)) - raft.server.log.statemachine.data.sync.timeout.retry = -1 (default)
2019-09-12 10:33:27,542 [pool-124-thread-1] INFO  server.RaftServerConfigKeys (ConfUtils.java:logGet(43)) - raft.server.log.statemachine.data.caching.enabled = true (custom)
2019-09-12 10:33:27,542 [pool-124-thread-1] INFO  segmented.SegmentedRaftLogWorker (SegmentedRaftLogWorker.java:lambda$new$0(132)) - 010b2855-0e1d-4bbd-b76a-4560f989b9a3-SegmentedRaftLogWorker:Storage Directory /workdir/hadoop-ozone/integration-test/target/test-dir/MiniOzoneClusterImpl-2d656029-9dde-45a3-b7cd-f2d738c2cb44/datanode-0/data/ratis/ae7f9d9e-fcd7-4b69-a19c-f900b1bb2c96: flushIndex: setUnconditionally 0 -> -1
2019-09-12 10:33:27,542 [pool-124-thread-1] INFO  server.RaftServerConfigKeys (ConfUtils.java:logGet(43)) - raft.server.snapshot.auto.trigger.enabled = true (custom)
2019-09-12 10:33:27,543 [pool-124-thread-1] INFO  server.RaftServerConfigKeys (ConfUtils.java:logGet(43)) - raft.server.snapshot.auto.trigger.threshold = 10000 (custom)
2019-09-12 10:33:27,543 [pool-124-thread-1] INFO  server.RaftServerConfigKeys (ConfUtils.java:logGet(43)) - raft.server.retrycache.expirytime = 600000ms (custom)
2019-09-12 10:33:27,543 [pool-124-thread-1] INFO  impl.RaftServerImpl (RaftServerImpl.java:start(180)) - 010b2855-0e1d-4bbd-b76a-4560f989b9a3: start group-F900B1BB2C96
2019-09-12 10:33:27,543 [pool-124-thread-1] INFO  impl.RaftServerImpl (RaftServerImpl.java:setRole(171)) - 010b2855-0e1d-4bbd-b76a-4560f989b9a3:group-F900B1BB2C96 changes role from null to FOLLOWER at term 0 for startAsFollower
2019-09-12 10:33:27,543 [pool-124-thread-1] INFO  impl.RoleInfo (RoleInfo.java:updateAndGet(143)) - 010b2855-0e1d-4bbd-b76a-4560f989b9a3: start FollowerState
2019-09-12 10:33:27,544 [pool-124-thread-1] INFO  util.JmxRegister (JmxRegister.java:tryRegister(44)) - Successfully registered JMX Bean with object name Ratis:service=RaftServer,group=group-F900B1BB2C96,id=010b2855-0e1d-4bbd-b76a-4560f989b9a3
2019-09-12 10:33:27,557 [RatisPipelineUtilsThread] INFO  pipeline.PipelineStateManager (PipelineStateManager.java:addPipeline(56)) - Created pipeline Pipeline[ Id: ae7f9d9e-fcd7-4b69-a19c-f900b1bb2c96, Nodes: 010b2855-0e1d-4bbd-b76a-4560f989b9a3{ip: 192.168.157.195, host: pr-hdds-1569-xtfnx-3545843844, networkLocation: /default-rack, certSerialId: null}, Type:RATIS, Factor:ONE, State:OPEN]
2019-09-12 10:33:27,563 [grpc-default-executor-0] INFO  impl.RaftServerProxy (RaftServerProxy.java:addNew(89)) - 010b2855-0e1d-4bbd-b76a-4560f989b9a3: addNew group-EF01FADACA86:[010b2855-0e1d-4bbd-b76a-4560f989b9a3:192.168.157.195:43711] returns group-EF01FADACA86:java.util.concurrent.CompletableFuture@481d99[Not completed]
2019-09-12 10:33:27,564 [pool-124-thread-1] INFO  impl.RaftServerImpl (RaftServerImpl.java:<init>(93)) - 010b2855-0e1d-4bbd-b76a-4560f989b9a3: new RaftServerImpl for group-EF01FADACA86:[010b2855-0e1d-4bbd-b76a-4560f989b9a3:192.168.157.195:43711] with ContainerStateMachine:uninitialized
2019-09-12 10:33:27,564 [pool-124-thread-1] INFO  server.RaftServerConfigKeys (ConfUtils.java:logGet(43)) - raft.server.rpc.timeout.min = 5s (custom)
2019-09-12 10:33:27,564 [pool-124-thread-1] INFO  server.RaftServerConfigKeys (ConfUtils.java:logGet(43)) - raft.server.rpc.timeout.max = 5200ms (custom)
2019-09-12 10:33:27,564 [pool-124-thread-1] INFO  server.RaftServerConfigKeys (ConfUtils.java:logGet(43)) - raft.server.rpcslowness.timeout = 120s (custom)
2019-09-12 10:33:27,564 [pool-124-thread-1] INFO  server.RaftServerConfigKeys (ConfUtils.java:logGet(43)) - raft.server.sleep.deviation.threshold = 300 (default)
2019-09-12 10:33:27,564 [pool-124-thread-1] INFO  server.RaftServerConfigKeys (ConfUtils.java:logGet(43)) - raft.server.log.appender.install.snapshot.enabled = false (custom)
2019-09-12 10:33:27,565 [pool-124-thread-1] INFO  impl.RaftServerImpl (ServerState.java:<init>(105)) - 010b2855-0e1d-4bbd-b76a-4560f989b9a3:group-EF01FADACA86 ConfigurationManager, init=-1: [010b2855-0e1d-4bbd-b76a-4560f989b9a3:192.168.157.195:43711], old=null, confs=<EMPTY_MAP>
2019-09-12 10:33:27,565 [pool-124-thread-1] INFO  server.RaftServerConfigKeys (ConfUtils.java:logGet(43)) - raft.server.storage.dir = [/workdir/hadoop-ozone/integration-test/target/test-dir/MiniOzoneClusterImpl-2d656029-9dde-45a3-b7cd-f2d738c2cb44/datanode-0/data/ratis] (custom)
2019-09-12 10:33:27,565 [pool-124-thread-1] INFO  storage.RaftStorageDirectory (RaftStorageDirectory.java:analyzeStorage(246)) - The storage directory /workdir/hadoop-ozone/integration-test/target/test-dir/MiniOzoneClusterImpl-2d656029-9dde-45a3-b7cd-f2d738c2cb44/datanode-0/data/ratis/31375fa1-1c1b-4961-b8bb-ef01fadaca86 does not exist. Creating ...
2019-09-12 10:33:27,578 [pool-124-thread-1] INFO  storage.RaftStorageDirectory (RaftStorageDirectory.java:tryLock(328)) - Lock on /workdir/hadoop-ozone/integration-test/target/test-dir/MiniOzoneClusterImpl-2d656029-9dde-45a3-b7cd-f2d738c2cb44/datanode-0/data/ratis/31375fa1-1c1b-4961-b8bb-ef01fadaca86/in_use.lock acquired by nodename 32653@pr-hdds-1569-xtfnx-3545843844
2019-09-12 10:33:27,591 [pool-124-thread-1] INFO  storage.RaftStorage (RaftStorage.java:format(72)) - Storage directory /workdir/hadoop-ozone/integration-test/target/test-dir/MiniOzoneClusterImpl-2d656029-9dde-45a3-b7cd-f2d738c2cb44/datanode-0/data/ratis/31375fa1-1c1b-4961-b8bb-ef01fadaca86 has been successfully formatted.
2019-09-12 10:33:27,591 [pool-124-thread-1] INFO  ratis.ContainerStateMachine (ContainerStateMachine.java:loadSnapshot(226)) - group-EF01FADACA86: The snapshot info is null. Setting the last applied indexto:(t:0, i:~)
2019-09-12 10:33:27,591 [pool-124-thread-1] INFO  server.RaftServerConfigKeys (ConfUtils.java:logGet(43)) - raft.server.leader.election.timeout = 120s (custom)
2019-09-12 10:33:27,591 [pool-124-thread-1] INFO  server.RaftServerConfigKeys (ConfUtils.java:logGet(43)) - raft.server.log.use.memory = false (default)
2019-09-12 10:33:27,591 [pool-124-thread-1] INFO  server.RaftServerConfigKeys (ConfUtils.java:logGet(43)) - raft.server.log.purge.gap = 1000000 (custom)
2019-09-12 10:33:27,591 [pool-124-thread-1] INFO  server.RaftServerConfigKeys (ConfUtils.java:logGet(43)) - raft.server.log.appender.buffer.byte-limit = 33554432 (custom)
2019-09-12 10:33:27,591 [pool-124-thread-1] INFO  server.RaftServerConfigKeys (ConfUtils.java:logGet(43)) - raft.server.log.segment.size.max = 1048576 (custom)
2019-09-12 10:33:27,592 [pool-124-thread-1] INFO  server.RaftServerConfigKeys (ConfUtils.java:logGet(43)) - raft.server.log.segment.cache.num.max = 2 (custom)
2019-09-12 10:33:27,592 [pool-124-thread-1] INFO  segmented.SegmentedRaftLogWorker (SegmentedRaftLogWorker.java:<init>(172)) - new 010b2855-0e1d-4bbd-b76a-4560f989b9a3-SegmentedRaftLogWorker:Storage Directory /workdir/hadoop-ozone/integration-test/target/test-dir/MiniOzoneClusterImpl-2d656029-9dde-45a3-b7cd-f2d738c2cb44/datanode-0/data/ratis/31375fa1-1c1b-4961-b8bb-ef01fadaca86 for RaftStorage:Storage Directory /workdir/hadoop-ozone/integration-test/target/test-dir/MiniOzoneClusterImpl-2d656029-9dde-45a3-b7cd-f2d738c2cb44/datanode-0/data/ratis/31375fa1-1c1b-4961-b8bb-ef01fadaca86
2019-09-12 10:33:27,592 [pool-124-thread-1] INFO  server.RaftServerConfigKeys (ConfUtils.java:logGet(43)) - raft.server.log.queue.byte-limit = 2147483647 (custom)
2019-09-12 10:33:27,592 [pool-124-thread-1] INFO  server.RaftServerConfigKeys (ConfUtils.java:logGet(43)) - raft.server.log.queue.element-limit = 1024 (custom)
2019-09-12 10:33:27,592 [pool-124-thread-1] INFO  server.RaftServerConfigKeys (ConfUtils.java:logGet(43)) - raft.server.log.segment.size.max = 1048576 (custom)
2019-09-12 10:33:27,592 [pool-124-thread-1] INFO  server.RaftServerConfigKeys (ConfUtils.java:logGet(43)) - raft.server.log.preallocated.size = 16384 (custom)
2019-09-12 10:33:27,592 [pool-124-thread-1] INFO  server.RaftServerConfigKeys (ConfUtils.java:logGet(43)) - raft.server.log.write.buffer.size = 33554432 (custom)
2019-09-12 10:33:27,593 [pool-124-thread-1] INFO  server.RaftServerConfigKeys (ConfUtils.java:logGet(43)) - raft.server.log.force.sync.num = 128 (default)
2019-09-12 10:33:27,593 [pool-124-thread-1] INFO  server.RaftServerConfigKeys (ConfUtils.java:logGet(43)) - raft.server.log.statemachine.data.sync = true (default)
2019-09-12 10:33:27,593 [pool-124-thread-1] INFO  server.RaftServerConfigKeys (ConfUtils.java:logGet(43)) - raft.server.log.statemachine.data.sync.timeout = 10s (default)
2019-09-12 10:33:27,593 [pool-124-thread-1] INFO  server.RaftServerConfigKeys (ConfUtils.java:logGet(43)) - raft.server.log.statemachine.data.sync.timeout.retry = -1 (default)
2019-09-12 10:33:27,593 [pool-124-thread-1] INFO  server.RaftServerConfigKeys (ConfUtils.java:logGet(43)) - raft.server.log.statemachine.data.caching.enabled = true (custom)
2019-09-12 10:33:27,594 [pool-124-thread-1] INFO  segmented.SegmentedRaftLogWorker (SegmentedRaftLogWorker.java:lambda$new$0(132)) - 010b2855-0e1d-4bbd-b76a-4560f989b9a3-SegmentedRaftLogWorker:Storage Directory /workdir/hadoop-ozone/integration-test/target/test-dir/MiniOzoneClusterImpl-2d656029-9dde-45a3-b7cd-f2d738c2cb44/datanode-0/data/ratis/31375fa1-1c1b-4961-b8bb-ef01fadaca86: flushIndex: setUnconditionally 0 -> -1
2019-09-12 10:33:27,594 [pool-124-thread-1] INFO  server.RaftServerConfigKeys (ConfUtils.java:logGet(43)) - raft.server.snapshot.auto.trigger.enabled = true (custom)
2019-09-12 10:33:27,594 [pool-124-thread-1] INFO  server.RaftServerConfigKeys (ConfUtils.java:logGet(43)) - raft.server.snapshot.auto.trigger.threshold = 10000 (custom)
2019-09-12 10:33:27,594 [pool-124-thread-1] INFO  server.RaftServerConfigKeys (ConfUtils.java:logGet(43)) - raft.server.retrycache.expirytime = 600000ms (custom)
2019-09-12 10:33:27,594 [pool-124-thread-1] INFO  impl.RaftServerImpl (RaftServerImpl.java:start(180)) - 010b2855-0e1d-4bbd-b76a-4560f989b9a3: start group-EF01FADACA86
2019-09-12 10:33:27,595 [pool-124-thread-1] INFO  impl.RaftServerImpl (RaftServerImpl.java:setRole(171)) - 010b2855-0e1d-4bbd-b76a-4560f989b9a3:group-EF01FADACA86 changes role from null to FOLLOWER at term 0 for startAsFollower
2019-09-12 10:33:27,595 [pool-124-thread-1] INFO  impl.RoleInfo (RoleInfo.java:updateAndGet(143)) - 010b2855-0e1d-4bbd-b76a-4560f989b9a3: start FollowerState
2019-09-12 10:33:27,595 [pool-124-thread-1] INFO  util.JmxRegister (JmxRegister.java:tryRegister(44)) - Successfully registered JMX Bean with object name Ratis:service=RaftServer,group=group-EF01FADACA86,id=010b2855-0e1d-4bbd-b76a-4560f989b9a3
2019-09-12 10:33:27,598 [RatisPipelineUtilsThread] INFO  pipeline.PipelineStateManager (PipelineStateManager.java:addPipeline(56)) - Created pipeline Pipeline[ Id: 31375fa1-1c1b-4961-b8bb-ef01fadaca86, Nodes: 010b2855-0e1d-4bbd-b76a-4560f989b9a3{ip: 192.168.157.195, host: pr-hdds-1569-xtfnx-3545843844, networkLocation: /default-rack, certSerialId: null}, Type:RATIS, Factor:ONE, State:OPEN]
2019-09-12 10:33:27,603 [grpc-default-executor-0] INFO  impl.RaftServerProxy (RaftServerProxy.java:addNew(89)) - 010b2855-0e1d-4bbd-b76a-4560f989b9a3: addNew group-CD9C9EFF6116:[010b2855-0e1d-4bbd-b76a-4560f989b9a3:192.168.157.195:43711] returns group-CD9C9EFF6116:java.util.concurrent.CompletableFuture@519c970a[Not completed]
2019-09-12 10:33:27,605 [pool-124-thread-1] INFO  impl.RaftServerImpl (RaftServerImpl.java:<init>(93)) - 010b2855-0e1d-4bbd-b76a-4560f989b9a3: new RaftServerImpl for group-CD9C9EFF6116:[010b2855-0e1d-4bbd-b76a-4560f989b9a3:192.168.157.195:43711] with ContainerStateMachine:uninitialized
2019-09-12 10:33:27,605 [pool-124-thread-1] INFO  server.RaftServerConfigKeys (ConfUtils.java:logGet(43)) - raft.server.rpc.timeout.min = 5s (custom)
2019-09-12 10:33:27,605 [pool-124-thread-1] INFO  server.RaftServerConfigKeys (ConfUtils.java:logGet(43)) - raft.server.rpc.timeout.max = 5200ms (custom)
2019-09-12 10:33:27,605 [pool-124-thread-1] INFO  server.RaftServerConfigKeys (ConfUtils.java:logGet(43)) - raft.server.rpcslowness.timeout = 120s (custom)
2019-09-12 10:33:27,605 [pool-124-thread-1] INFO  server.RaftServerConfigKeys (ConfUtils.java:logGet(43)) - raft.server.sleep.deviation.threshold = 300 (default)
2019-09-12 10:33:27,605 [pool-124-thread-1] INFO  server.RaftServerConfigKeys (ConfUtils.java:logGet(43)) - raft.server.log.appender.install.snapshot.enabled = false (custom)
2019-09-12 10:33:27,605 [pool-124-thread-1] INFO  impl.RaftServerImpl (ServerState.java:<init>(105)) - 010b2855-0e1d-4bbd-b76a-4560f989b9a3:group-CD9C9EFF6116 ConfigurationManager, init=-1: [010b2855-0e1d-4bbd-b76a-4560f989b9a3:192.168.157.195:43711], old=null, confs=<EMPTY_MAP>
2019-09-12 10:33:27,605 [pool-124-thread-1] INFO  server.RaftServerConfigKeys (ConfUtils.java:logGet(43)) - raft.server.storage.dir = [/workdir/hadoop-ozone/integration-test/target/test-dir/MiniOzoneClusterImpl-2d656029-9dde-45a3-b7cd-f2d738c2cb44/datanode-0/data/ratis] (custom)
2019-09-12 10:33:27,606 [pool-124-thread-1] INFO  storage.RaftStorageDirectory (RaftStorageDirectory.java:analyzeStorage(246)) - The storage directory /workdir/hadoop-ozone/integration-test/target/test-dir/MiniOzoneClusterImpl-2d656029-9dde-45a3-b7cd-f2d738c2cb44/datanode-0/data/ratis/e766b08d-65d6-4954-b587-cd9c9eff6116 does not exist. Creating ...
2019-09-12 10:33:27,618 [pool-124-thread-1] INFO  storage.RaftStorageDirectory (RaftStorageDirectory.java:tryLock(328)) - Lock on /workdir/hadoop-ozone/integration-test/target/test-dir/MiniOzoneClusterImpl-2d656029-9dde-45a3-b7cd-f2d738c2cb44/datanode-0/data/ratis/e766b08d-65d6-4954-b587-cd9c9eff6116/in_use.lock acquired by nodename 32653@pr-hdds-1569-xtfnx-3545843844
2019-09-12 10:33:27,631 [pool-124-thread-1] INFO  storage.RaftStorage (RaftStorage.java:format(72)) - Storage directory /workdir/hadoop-ozone/integration-test/target/test-dir/MiniOzoneClusterImpl-2d656029-9dde-45a3-b7cd-f2d738c2cb44/datanode-0/data/ratis/e766b08d-65d6-4954-b587-cd9c9eff6116 has been successfully formatted.
2019-09-12 10:33:27,631 [pool-124-thread-1] INFO  ratis.ContainerStateMachine (ContainerStateMachine.java:loadSnapshot(226)) - group-CD9C9EFF6116: The snapshot info is null. Setting the last applied indexto:(t:0, i:~)
2019-09-12 10:33:27,631 [pool-124-thread-1] INFO  server.RaftServerConfigKeys (ConfUtils.java:logGet(43)) - raft.server.leader.election.timeout = 120s (custom)
2019-09-12 10:33:27,631 [pool-124-thread-1] INFO  server.RaftServerConfigKeys (ConfUtils.java:logGet(43)) - raft.server.log.use.memory = false (default)
2019-09-12 10:33:27,632 [pool-124-thread-1] INFO  server.RaftServerConfigKeys (ConfUtils.java:logGet(43)) - raft.server.log.purge.gap = 1000000 (custom)
2019-09-12 10:33:27,632 [pool-124-thread-1] INFO  server.RaftServerConfigKeys (ConfUtils.java:logGet(43)) - raft.server.log.appender.buffer.byte-limit = 33554432 (custom)
2019-09-12 10:33:27,632 [pool-124-thread-1] INFO  server.RaftServerConfigKeys (ConfUtils.java:logGet(43)) - raft.server.log.segment.size.max = 1048576 (custom)
2019-09-12 10:33:27,632 [pool-124-thread-1] INFO  server.RaftServerConfigKeys (ConfUtils.java:logGet(43)) - raft.server.log.segment.cache.num.max = 2 (custom)
2019-09-12 10:33:27,632 [pool-124-thread-1] INFO  segmented.SegmentedRaftLogWorker (SegmentedRaftLogWorker.java:<init>(172)) - new 010b2855-0e1d-4bbd-b76a-4560f989b9a3-SegmentedRaftLogWorker:Storage Directory /workdir/hadoop-ozone/integration-test/target/test-dir/MiniOzoneClusterImpl-2d656029-9dde-45a3-b7cd-f2d738c2cb44/datanode-0/data/ratis/e766b08d-65d6-4954-b587-cd9c9eff6116 for RaftStorage:Storage Directory /workdir/hadoop-ozone/integration-test/target/test-dir/MiniOzoneClusterImpl-2d656029-9dde-45a3-b7cd-f2d738c2cb44/datanode-0/data/ratis/e766b08d-65d6-4954-b587-cd9c9eff6116
2019-09-12 10:33:27,632 [pool-124-thread-1] INFO  server.RaftServerConfigKeys (ConfUtils.java:logGet(43)) - raft.server.log.queue.byte-limit = 2147483647 (custom)
2019-09-12 10:33:27,632 [pool-124-thread-1] INFO  server.RaftServerConfigKeys (ConfUtils.java:logGet(43)) - raft.server.log.queue.element-limit = 1024 (custom)
2019-09-12 10:33:27,633 [pool-124-thread-1] INFO  server.RaftServerConfigKeys (ConfUtils.java:logGet(43)) - raft.server.log.segment.size.max = 1048576 (custom)
2019-09-12 10:33:27,633 [pool-124-thread-1] INFO  server.RaftServerConfigKeys (ConfUtils.java:logGet(43)) - raft.server.log.preallocated.size = 16384 (custom)
2019-09-12 10:33:27,633 [pool-124-thread-1] INFO  server.RaftServerConfigKeys (ConfUtils.java:logGet(43)) - raft.server.log.write.buffer.size = 33554432 (custom)
2019-09-12 10:33:27,633 [pool-124-thread-1] INFO  server.RaftServerConfigKeys (ConfUtils.java:logGet(43)) - raft.server.log.force.sync.num = 128 (default)
2019-09-12 10:33:27,633 [pool-124-thread-1] INFO  server.RaftServerConfigKeys (ConfUtils.java:logGet(43)) - raft.server.log.statemachine.data.sync = true (default)
2019-09-12 10:33:27,633 [pool-124-thread-1] INFO  server.RaftServerConfigKeys (ConfUtils.java:logGet(43)) - raft.server.log.statemachine.data.sync.timeout = 10s (default)
2019-09-12 10:33:27,633 [pool-124-thread-1] INFO  server.RaftServerConfigKeys (ConfUtils.java:logGet(43)) - raft.server.log.statemachine.data.sync.timeout.retry = -1 (default)
2019-09-12 10:33:27,634 [pool-124-thread-1] INFO  server.RaftServerConfigKeys (ConfUtils.java:logGet(43)) - raft.server.log.statemachine.data.caching.enabled = true (custom)
2019-09-12 10:33:27,634 [pool-124-thread-1] INFO  segmented.SegmentedRaftLogWorker (SegmentedRaftLogWorker.java:lambda$new$0(132)) - 010b2855-0e1d-4bbd-b76a-4560f989b9a3-SegmentedRaftLogWorker:Storage Directory /workdir/hadoop-ozone/integration-test/target/test-dir/MiniOzoneClusterImpl-2d656029-9dde-45a3-b7cd-f2d738c2cb44/datanode-0/data/ratis/e766b08d-65d6-4954-b587-cd9c9eff6116: flushIndex: setUnconditionally 0 -> -1
2019-09-12 10:33:27,634 [pool-124-thread-1] INFO  server.RaftServerConfigKeys (ConfUtils.java:logGet(43)) - raft.server.snapshot.auto.trigger.enabled = true (custom)
2019-09-12 10:33:27,634 [pool-124-thread-1] INFO  server.RaftServerConfigKeys (ConfUtils.java:logGet(43)) - raft.server.snapshot.auto.trigger.threshold = 10000 (custom)
2019-09-12 10:33:27,635 [pool-124-thread-1] INFO  server.RaftServerConfigKeys (ConfUtils.java:logGet(43)) - raft.server.retrycache.expirytime = 600000ms (custom)
2019-09-12 10:33:27,635 [pool-124-thread-1] INFO  impl.RaftServerImpl (RaftServerImpl.java:start(180)) - 010b2855-0e1d-4bbd-b76a-4560f989b9a3: start group-CD9C9EFF6116
2019-09-12 10:33:27,635 [pool-124-thread-1] INFO  impl.RaftServerImpl (RaftServerImpl.java:setRole(171)) - 010b2855-0e1d-4bbd-b76a-4560f989b9a3:group-CD9C9EFF6116 changes role from null to FOLLOWER at term 0 for startAsFollower
2019-09-12 10:33:27,635 [pool-124-thread-1] INFO  impl.RoleInfo (RoleInfo.java:updateAndGet(143)) - 010b2855-0e1d-4bbd-b76a-4560f989b9a3: start FollowerState
2019-09-12 10:33:27,635 [pool-124-thread-1] INFO  util.JmxRegister (JmxRegister.java:tryRegister(44)) - Successfully registered JMX Bean with object name Ratis:service=RaftServer,group=group-CD9C9EFF6116,id=010b2855-0e1d-4bbd-b76a-4560f989b9a3
2019-09-12 10:33:27,638 [RatisPipelineUtilsThread] INFO  pipeline.PipelineStateManager (PipelineStateManager.java:addPipeline(56)) - Created pipeline Pipeline[ Id: e766b08d-65d6-4954-b587-cd9c9eff6116, Nodes: 010b2855-0e1d-4bbd-b76a-4560f989b9a3{ip: 192.168.157.195, host: pr-hdds-1569-xtfnx-3545843844, networkLocation: /default-rack, certSerialId: null}, Type:RATIS, Factor:ONE, State:OPEN]
2019-09-12 10:33:27,644 [grpc-default-executor-0] INFO  impl.RaftServerProxy (RaftServerProxy.java:addNew(89)) - 010b2855-0e1d-4bbd-b76a-4560f989b9a3: addNew group-3DF47C916A06:[010b2855-0e1d-4bbd-b76a-4560f989b9a3:192.168.157.195:43711] returns group-3DF47C916A06:java.util.concurrent.CompletableFuture@220d5ccd[Not completed]
2019-09-12 10:33:27,645 [pool-124-thread-1] INFO  impl.RaftServerImpl (RaftServerImpl.java:<init>(93)) - 010b2855-0e1d-4bbd-b76a-4560f989b9a3: new RaftServerImpl for group-3DF47C916A06:[010b2855-0e1d-4bbd-b76a-4560f989b9a3:192.168.157.195:43711] with ContainerStateMachine:uninitialized
2019-09-12 10:33:27,645 [pool-124-thread-1] INFO  server.RaftServerConfigKeys (ConfUtils.java:logGet(43)) - raft.server.rpc.timeout.min = 5s (custom)
2019-09-12 10:33:27,645 [pool-124-thread-1] INFO  server.RaftServerConfigKeys (ConfUtils.java:logGet(43)) - raft.server.rpc.timeout.max = 5200ms (custom)
2019-09-12 10:33:27,645 [pool-124-thread-1] INFO  server.RaftServerConfigKeys (ConfUtils.java:logGet(43)) - raft.server.rpcslowness.timeout = 120s (custom)
2019-09-12 10:33:27,645 [pool-124-thread-1] INFO  server.RaftServerConfigKeys (ConfUtils.java:logGet(43)) - raft.server.sleep.deviation.threshold = 300 (default)
2019-09-12 10:33:27,646 [pool-124-thread-1] INFO  server.RaftServerConfigKeys (ConfUtils.java:logGet(43)) - raft.server.log.appender.install.snapshot.enabled = false (custom)
2019-09-12 10:33:27,646 [pool-124-thread-1] INFO  impl.RaftServerImpl (ServerState.java:<init>(105)) - 010b2855-0e1d-4bbd-b76a-4560f989b9a3:group-3DF47C916A06 ConfigurationManager, init=-1: [010b2855-0e1d-4bbd-b76a-4560f989b9a3:192.168.157.195:43711], old=null, confs=<EMPTY_MAP>
2019-09-12 10:33:27,646 [pool-124-thread-1] INFO  server.RaftServerConfigKeys (ConfUtils.java:logGet(43)) - raft.server.storage.dir = [/workdir/hadoop-ozone/integration-test/target/test-dir/MiniOzoneClusterImpl-2d656029-9dde-45a3-b7cd-f2d738c2cb44/datanode-0/data/ratis] (custom)
2019-09-12 10:33:27,646 [pool-124-thread-1] INFO  storage.RaftStorageDirectory (RaftStorageDirectory.java:analyzeStorage(246)) - The storage directory /workdir/hadoop-ozone/integration-test/target/test-dir/MiniOzoneClusterImpl-2d656029-9dde-45a3-b7cd-f2d738c2cb44/datanode-0/data/ratis/cb4244f6-092c-46ef-99af-3df47c916a06 does not exist. Creating ...
2019-09-12 10:33:27,658 [pool-124-thread-1] INFO  storage.RaftStorageDirectory (RaftStorageDirectory.java:tryLock(328)) - Lock on /workdir/hadoop-ozone/integration-test/target/test-dir/MiniOzoneClusterImpl-2d656029-9dde-45a3-b7cd-f2d738c2cb44/datanode-0/data/ratis/cb4244f6-092c-46ef-99af-3df47c916a06/in_use.lock acquired by nodename 32653@pr-hdds-1569-xtfnx-3545843844
2019-09-12 10:33:27,664 [IPC Server handler 0 on 41229] INFO  net.NetworkTopology (NetworkTopologyImpl.java:add(110)) - Added a new node: /default-rack/e4b90157-0987-4622-adc9-0404bea551ef
2019-09-12 10:33:27,665 [IPC Server handler 0 on 41229] INFO  node.SCMNodeManager (SCMNodeManager.java:register(273)) - Registered Data node : e4b90157-0987-4622-adc9-0404bea551ef{ip: 192.168.157.195, host: pr-hdds-1569-xtfnx-3545843844, networkLocation: /default-rack, certSerialId: null}
2019-09-12 10:33:27,665 | INFO  | SCMAudit | user=jenkins1000 | ip=192.168.157.195 | op=REGISTER {datanodeDetails=e4b90157-0987-4622-adc9-0404bea551ef{ip: 192.168.157.195, host: pr-hdds-1569-xtfnx-3545843844, networkLocation: /default-rack, certSerialId: null}} | ret=SUCCESS |  
2019-09-12 10:33:27,671 [pool-124-thread-1] INFO  storage.RaftStorage (RaftStorage.java:format(72)) - Storage directory /workdir/hadoop-ozone/integration-test/target/test-dir/MiniOzoneClusterImpl-2d656029-9dde-45a3-b7cd-f2d738c2cb44/datanode-0/data/ratis/cb4244f6-092c-46ef-99af-3df47c916a06 has been successfully formatted.
2019-09-12 10:33:27,671 [pool-124-thread-1] INFO  ratis.ContainerStateMachine (ContainerStateMachine.java:loadSnapshot(226)) - group-3DF47C916A06: The snapshot info is null. Setting the last applied indexto:(t:0, i:~)
2019-09-12 10:33:27,671 [pool-124-thread-1] INFO  server.RaftServerConfigKeys (ConfUtils.java:logGet(43)) - raft.server.leader.election.timeout = 120s (custom)
2019-09-12 10:33:27,671 [pool-124-thread-1] INFO  server.RaftServerConfigKeys (ConfUtils.java:logGet(43)) - raft.server.log.use.memory = false (default)
2019-09-12 10:33:27,672 [pool-124-thread-1] INFO  server.RaftServerConfigKeys (ConfUtils.java:logGet(43)) - raft.server.log.purge.gap = 1000000 (custom)
2019-09-12 10:33:27,672 [pool-124-thread-1] INFO  server.RaftServerConfigKeys (ConfUtils.java:logGet(43)) - raft.server.log.appender.buffer.byte-limit = 33554432 (custom)
2019-09-12 10:33:27,672 [pool-124-thread-1] INFO  server.RaftServerConfigKeys (ConfUtils.java:logGet(43)) - raft.server.log.segment.size.max = 1048576 (custom)
2019-09-12 10:33:27,672 [pool-124-thread-1] INFO  server.RaftServerConfigKeys (ConfUtils.java:logGet(43)) - raft.server.log.segment.cache.num.max = 2 (custom)
2019-09-12 10:33:27,672 [pool-124-thread-1] INFO  segmented.SegmentedRaftLogWorker (SegmentedRaftLogWorker.java:<init>(172)) - new 010b2855-0e1d-4bbd-b76a-4560f989b9a3-SegmentedRaftLogWorker:Storage Directory /workdir/hadoop-ozone/integration-test/target/test-dir/MiniOzoneClusterImpl-2d656029-9dde-45a3-b7cd-f2d738c2cb44/datanode-0/data/ratis/cb4244f6-092c-46ef-99af-3df47c916a06 for RaftStorage:Storage Directory /workdir/hadoop-ozone/integration-test/target/test-dir/MiniOzoneClusterImpl-2d656029-9dde-45a3-b7cd-f2d738c2cb44/datanode-0/data/ratis/cb4244f6-092c-46ef-99af-3df47c916a06
2019-09-12 10:33:27,672 [pool-124-thread-1] INFO  server.RaftServerConfigKeys (ConfUtils.java:logGet(43)) - raft.server.log.queue.byte-limit = 2147483647 (custom)
2019-09-12 10:33:27,673 [pool-124-thread-1] INFO  server.RaftServerConfigKeys (ConfUtils.java:logGet(43)) - raft.server.log.queue.element-limit = 1024 (custom)
2019-09-12 10:33:27,673 [pool-124-thread-1] INFO  server.RaftServerConfigKeys (ConfUtils.java:logGet(43)) - raft.server.log.segment.size.max = 1048576 (custom)
2019-09-12 10:33:27,673 [pool-124-thread-1] INFO  server.RaftServerConfigKeys (ConfUtils.java:logGet(43)) - raft.server.log.preallocated.size = 16384 (custom)
2019-09-12 10:33:27,673 [pool-124-thread-1] INFO  server.RaftServerConfigKeys (ConfUtils.java:logGet(43)) - raft.server.log.write.buffer.size = 33554432 (custom)
2019-09-12 10:33:27,673 [pool-124-thread-1] INFO  server.RaftServerConfigKeys (ConfUtils.java:logGet(43)) - raft.server.log.force.sync.num = 128 (default)
2019-09-12 10:33:27,673 [pool-124-thread-1] INFO  server.RaftServerConfigKeys (ConfUtils.java:logGet(43)) - raft.server.log.statemachine.data.sync = true (default)
2019-09-12 10:33:27,674 [pool-124-thread-1] INFO  server.RaftServerConfigKeys (ConfUtils.java:logGet(43)) - raft.server.log.statemachine.data.sync.timeout = 10s (default)
2019-09-12 10:33:27,674 [pool-124-thread-1] INFO  server.RaftServerConfigKeys (ConfUtils.java:logGet(43)) - raft.server.log.statemachine.data.sync.timeout.retry = -1 (default)
2019-09-12 10:33:27,674 [pool-124-thread-1] INFO  server.RaftServerConfigKeys (ConfUtils.java:logGet(43)) - raft.server.log.statemachine.data.caching.enabled = true (custom)
2019-09-12 10:33:27,674 [pool-124-thread-1] INFO  segmented.SegmentedRaftLogWorker (SegmentedRaftLogWorker.java:lambda$new$0(132)) - 010b2855-0e1d-4bbd-b76a-4560f989b9a3-SegmentedRaftLogWorker:Storage Directory /workdir/hadoop-ozone/integration-test/target/test-dir/MiniOzoneClusterImpl-2d656029-9dde-45a3-b7cd-f2d738c2cb44/datanode-0/data/ratis/cb4244f6-092c-46ef-99af-3df47c916a06: flushIndex: setUnconditionally 0 -> -1
2019-09-12 10:33:27,675 [pool-124-thread-1] INFO  server.RaftServerConfigKeys (ConfUtils.java:logGet(43)) - raft.server.snapshot.auto.trigger.enabled = true (custom)
2019-09-12 10:33:27,675 [pool-124-thread-1] INFO  server.RaftServerConfigKeys (ConfUtils.java:logGet(43)) - raft.server.snapshot.auto.trigger.threshold = 10000 (custom)
2019-09-12 10:33:27,675 [pool-124-thread-1] INFO  server.RaftServerConfigKeys (ConfUtils.java:logGet(43)) - raft.server.retrycache.expirytime = 600000ms (custom)
2019-09-12 10:33:27,675 [pool-124-thread-1] INFO  impl.RaftServerImpl (RaftServerImpl.java:start(180)) - 010b2855-0e1d-4bbd-b76a-4560f989b9a3: start group-3DF47C916A06
2019-09-12 10:33:27,675 [pool-124-thread-1] INFO  impl.RaftServerImpl (RaftServerImpl.java:setRole(171)) - 010b2855-0e1d-4bbd-b76a-4560f989b9a3:group-3DF47C916A06 changes role from null to FOLLOWER at term 0 for startAsFollower
2019-09-12 10:33:27,676 [pool-124-thread-1] INFO  impl.RoleInfo (RoleInfo.java:updateAndGet(143)) - 010b2855-0e1d-4bbd-b76a-4560f989b9a3: start FollowerState
2019-09-12 10:33:27,676 [pool-124-thread-1] INFO  util.JmxRegister (JmxRegister.java:tryRegister(44)) - Successfully registered JMX Bean with object name Ratis:service=RaftServer,group=group-3DF47C916A06,id=010b2855-0e1d-4bbd-b76a-4560f989b9a3
2019-09-12 10:33:27,679 [RatisPipelineUtilsThread] INFO  pipeline.PipelineStateManager (PipelineStateManager.java:addPipeline(56)) - Created pipeline Pipeline[ Id: cb4244f6-092c-46ef-99af-3df47c916a06, Nodes: 010b2855-0e1d-4bbd-b76a-4560f989b9a3{ip: 192.168.157.195, host: pr-hdds-1569-xtfnx-3545843844, networkLocation: /default-rack, certSerialId: null}, Type:RATIS, Factor:ONE, State:OPEN]
2019-09-12 10:33:27,687 [grpc-default-executor-0] INFO  impl.RaftServerProxy (RaftServerProxy.java:addNew(89)) - e4b90157-0987-4622-adc9-0404bea551ef: addNew group-0955FBCDD29B:[e4b90157-0987-4622-adc9-0404bea551ef:192.168.157.195:45782] returns group-0955FBCDD29B:java.util.concurrent.CompletableFuture@7e1e9698[Not completed]
2019-09-12 10:33:27,691 [pool-135-thread-1] INFO  impl.RaftServerImpl (RaftServerImpl.java:<init>(93)) - e4b90157-0987-4622-adc9-0404bea551ef: new RaftServerImpl for group-0955FBCDD29B:[e4b90157-0987-4622-adc9-0404bea551ef:192.168.157.195:45782] with ContainerStateMachine:uninitialized
2019-09-12 10:33:27,691 [pool-135-thread-1] INFO  server.RaftServerConfigKeys (ConfUtils.java:logGet(43)) - raft.server.rpc.timeout.min = 5s (custom)
2019-09-12 10:33:27,691 [pool-135-thread-1] INFO  server.RaftServerConfigKeys (ConfUtils.java:logGet(43)) - raft.server.rpc.timeout.max = 5200ms (custom)
2019-09-12 10:33:27,691 [pool-135-thread-1] INFO  server.RaftServerConfigKeys (ConfUtils.java:logGet(43)) - raft.server.rpcslowness.timeout = 120s (custom)
2019-09-12 10:33:27,692 [pool-135-thread-1] INFO  server.RaftServerConfigKeys (ConfUtils.java:logGet(43)) - raft.server.sleep.deviation.threshold = 300 (default)
2019-09-12 10:33:27,692 [pool-135-thread-1] INFO  server.RaftServerConfigKeys (ConfUtils.java:logGet(43)) - raft.server.log.appender.install.snapshot.enabled = false (custom)
2019-09-12 10:33:27,692 [pool-135-thread-1] INFO  impl.RaftServerImpl (ServerState.java:<init>(105)) - e4b90157-0987-4622-adc9-0404bea551ef:group-0955FBCDD29B ConfigurationManager, init=-1: [e4b90157-0987-4622-adc9-0404bea551ef:192.168.157.195:45782], old=null, confs=<EMPTY_MAP>
2019-09-12 10:33:27,692 [pool-135-thread-1] INFO  server.RaftServerConfigKeys (ConfUtils.java:logGet(43)) - raft.server.storage.dir = [/workdir/hadoop-ozone/integration-test/target/test-dir/MiniOzoneClusterImpl-2d656029-9dde-45a3-b7cd-f2d738c2cb44/datanode-1/data/ratis] (custom)
2019-09-12 10:33:27,693 [pool-135-thread-1] INFO  storage.RaftStorageDirectory (RaftStorageDirectory.java:analyzeStorage(246)) - The storage directory /workdir/hadoop-ozone/integration-test/target/test-dir/MiniOzoneClusterImpl-2d656029-9dde-45a3-b7cd-f2d738c2cb44/datanode-1/data/ratis/bfa5b837-c34a-4489-845d-0955fbcdd29b does not exist. Creating ...
2019-09-12 10:33:27,703 [pool-135-thread-1] INFO  storage.RaftStorageDirectory (RaftStorageDirectory.java:tryLock(328)) - Lock on /workdir/hadoop-ozone/integration-test/target/test-dir/MiniOzoneClusterImpl-2d656029-9dde-45a3-b7cd-f2d738c2cb44/datanode-1/data/ratis/bfa5b837-c34a-4489-845d-0955fbcdd29b/in_use.lock acquired by nodename 32653@pr-hdds-1569-xtfnx-3545843844
2019-09-12 10:33:27,715 [pool-135-thread-1] INFO  storage.RaftStorage (RaftStorage.java:format(72)) - Storage directory /workdir/hadoop-ozone/integration-test/target/test-dir/MiniOzoneClusterImpl-2d656029-9dde-45a3-b7cd-f2d738c2cb44/datanode-1/data/ratis/bfa5b837-c34a-4489-845d-0955fbcdd29b has been successfully formatted.
2019-09-12 10:33:27,715 [pool-135-thread-1] INFO  ratis.ContainerStateMachine (ContainerStateMachine.java:loadSnapshot(226)) - group-0955FBCDD29B: The snapshot info is null. Setting the last applied indexto:(t:0, i:~)
2019-09-12 10:33:27,716 [pool-135-thread-1] INFO  server.RaftServerConfigKeys (ConfUtils.java:logGet(43)) - raft.server.leader.election.timeout = 120s (custom)
2019-09-12 10:33:27,716 [pool-135-thread-1] INFO  server.RaftServerConfigKeys (ConfUtils.java:logGet(43)) - raft.server.log.use.memory = false (default)
2019-09-12 10:33:27,716 [pool-135-thread-1] INFO  server.RaftServerConfigKeys (ConfUtils.java:logGet(43)) - raft.server.log.purge.gap = 1000000 (custom)
2019-09-12 10:33:27,716 [pool-135-thread-1] INFO  server.RaftServerConfigKeys (ConfUtils.java:logGet(43)) - raft.server.log.appender.buffer.byte-limit = 33554432 (custom)
2019-09-12 10:33:27,716 [pool-135-thread-1] INFO  server.RaftServerConfigKeys (ConfUtils.java:logGet(43)) - raft.server.log.segment.size.max = 1048576 (custom)
2019-09-12 10:33:27,717 [pool-135-thread-1] INFO  server.RaftServerConfigKeys (ConfUtils.java:logGet(43)) - raft.server.log.segment.cache.num.max = 2 (custom)
2019-09-12 10:33:27,717 [pool-135-thread-1] INFO  segmented.SegmentedRaftLogWorker (SegmentedRaftLogWorker.java:<init>(172)) - new e4b90157-0987-4622-adc9-0404bea551ef-SegmentedRaftLogWorker:Storage Directory /workdir/hadoop-ozone/integration-test/target/test-dir/MiniOzoneClusterImpl-2d656029-9dde-45a3-b7cd-f2d738c2cb44/datanode-1/data/ratis/bfa5b837-c34a-4489-845d-0955fbcdd29b for RaftStorage:Storage Directory /workdir/hadoop-ozone/integration-test/target/test-dir/MiniOzoneClusterImpl-2d656029-9dde-45a3-b7cd-f2d738c2cb44/datanode-1/data/ratis/bfa5b837-c34a-4489-845d-0955fbcdd29b
2019-09-12 10:33:27,717 [pool-135-thread-1] INFO  server.RaftServerConfigKeys (ConfUtils.java:logGet(43)) - raft.server.log.queue.byte-limit = 2147483647 (custom)
2019-09-12 10:33:27,717 [pool-135-thread-1] INFO  server.RaftServerConfigKeys (ConfUtils.java:logGet(43)) - raft.server.log.queue.element-limit = 1024 (custom)
2019-09-12 10:33:27,718 [pool-135-thread-1] INFO  server.RaftServerConfigKeys (ConfUtils.java:logGet(43)) - raft.server.log.segment.size.max = 1048576 (custom)
2019-09-12 10:33:27,718 [pool-135-thread-1] INFO  server.RaftServerConfigKeys (ConfUtils.java:logGet(43)) - raft.server.log.preallocated.size = 16384 (custom)
2019-09-12 10:33:27,718 [pool-135-thread-1] INFO  server.RaftServerConfigKeys (ConfUtils.java:logGet(43)) - raft.server.log.write.buffer.size = 33554432 (custom)
2019-09-12 10:33:27,718 [pool-135-thread-1] INFO  server.RaftServerConfigKeys (ConfUtils.java:logGet(43)) - raft.server.log.force.sync.num = 128 (default)
2019-09-12 10:33:27,718 [pool-135-thread-1] INFO  server.RaftServerConfigKeys (ConfUtils.java:logGet(43)) - raft.server.log.statemachine.data.sync = true (default)
2019-09-12 10:33:27,718 [pool-135-thread-1] INFO  server.RaftServerConfigKeys (ConfUtils.java:logGet(43)) - raft.server.log.statemachine.data.sync.timeout = 10s (default)
2019-09-12 10:33:27,719 [pool-135-thread-1] INFO  server.RaftServerConfigKeys (ConfUtils.java:logGet(43)) - raft.server.log.statemachine.data.sync.timeout.retry = -1 (default)
2019-09-12 10:33:27,719 [pool-135-thread-1] INFO  server.RaftServerConfigKeys (ConfUtils.java:logGet(43)) - raft.server.log.statemachine.data.caching.enabled = true (custom)
2019-09-12 10:33:27,719 [pool-135-thread-1] INFO  segmented.SegmentedRaftLogWorker (SegmentedRaftLogWorker.java:lambda$new$0(132)) - e4b90157-0987-4622-adc9-0404bea551ef-SegmentedRaftLogWorker:Storage Directory /workdir/hadoop-ozone/integration-test/target/test-dir/MiniOzoneClusterImpl-2d656029-9dde-45a3-b7cd-f2d738c2cb44/datanode-1/data/ratis/bfa5b837-c34a-4489-845d-0955fbcdd29b: flushIndex: setUnconditionally 0 -> -1
2019-09-12 10:33:27,720 [pool-135-thread-1] INFO  server.RaftServerConfigKeys (ConfUtils.java:logGet(43)) - raft.server.snapshot.auto.trigger.enabled = true (custom)
2019-09-12 10:33:27,720 [pool-135-thread-1] INFO  server.RaftServerConfigKeys (ConfUtils.java:logGet(43)) - raft.server.snapshot.auto.trigger.threshold = 10000 (custom)
2019-09-12 10:33:27,720 [pool-135-thread-1] INFO  server.RaftServerConfigKeys (ConfUtils.java:logGet(43)) - raft.server.retrycache.expirytime = 600000ms (custom)
2019-09-12 10:33:27,720 [pool-135-thread-1] INFO  impl.RaftServerImpl (RaftServerImpl.java:start(180)) - e4b90157-0987-4622-adc9-0404bea551ef: start group-0955FBCDD29B
2019-09-12 10:33:27,720 [pool-135-thread-1] INFO  impl.RaftServerImpl (RaftServerImpl.java:setRole(171)) - e4b90157-0987-4622-adc9-0404bea551ef:group-0955FBCDD29B changes role from null to FOLLOWER at term 0 for startAsFollower
2019-09-12 10:33:27,721 [pool-135-thread-1] INFO  impl.RoleInfo (RoleInfo.java:updateAndGet(143)) - e4b90157-0987-4622-adc9-0404bea551ef: start FollowerState
2019-09-12 10:33:27,721 [pool-135-thread-1] INFO  util.JmxRegister (JmxRegister.java:tryRegister(44)) - Successfully registered JMX Bean with object name Ratis:service=RaftServer,group=group-0955FBCDD29B,id=e4b90157-0987-4622-adc9-0404bea551ef
2019-09-12 10:33:27,724 [RatisPipelineUtilsThread] INFO  pipeline.PipelineStateManager (PipelineStateManager.java:addPipeline(56)) - Created pipeline Pipeline[ Id: bfa5b837-c34a-4489-845d-0955fbcdd29b, Nodes: e4b90157-0987-4622-adc9-0404bea551ef{ip: 192.168.157.195, host: pr-hdds-1569-xtfnx-3545843844, networkLocation: /default-rack, certSerialId: null}, Type:RATIS, Factor:ONE, State:OPEN]
2019-09-12 10:33:27,729 [grpc-default-executor-0] INFO  impl.RaftServerProxy (RaftServerProxy.java:addNew(89)) - e4b90157-0987-4622-adc9-0404bea551ef: addNew group-C76A50A174E4:[e4b90157-0987-4622-adc9-0404bea551ef:192.168.157.195:45782] returns group-C76A50A174E4:java.util.concurrent.CompletableFuture@4cabb91a[Not completed]
2019-09-12 10:33:27,731 [pool-135-thread-1] INFO  impl.RaftServerImpl (RaftServerImpl.java:<init>(93)) - e4b90157-0987-4622-adc9-0404bea551ef: new RaftServerImpl for group-C76A50A174E4:[e4b90157-0987-4622-adc9-0404bea551ef:192.168.157.195:45782] with ContainerStateMachine:uninitialized
2019-09-12 10:33:27,731 [pool-135-thread-1] INFO  server.RaftServerConfigKeys (ConfUtils.java:logGet(43)) - raft.server.rpc.timeout.min = 5s (custom)
2019-09-12 10:33:27,732 [pool-135-thread-1] INFO  server.RaftServerConfigKeys (ConfUtils.java:logGet(43)) - raft.server.rpc.timeout.max = 5200ms (custom)
2019-09-12 10:33:27,732 [pool-135-thread-1] INFO  server.RaftServerConfigKeys (ConfUtils.java:logGet(43)) - raft.server.rpcslowness.timeout = 120s (custom)
2019-09-12 10:33:27,732 [pool-135-thread-1] INFO  server.RaftServerConfigKeys (ConfUtils.java:logGet(43)) - raft.server.sleep.deviation.threshold = 300 (default)
2019-09-12 10:33:27,732 [pool-135-thread-1] INFO  server.RaftServerConfigKeys (ConfUtils.java:logGet(43)) - raft.server.log.appender.install.snapshot.enabled = false (custom)
2019-09-12 10:33:27,733 [pool-135-thread-1] INFO  impl.RaftServerImpl (ServerState.java:<init>(105)) - e4b90157-0987-4622-adc9-0404bea551ef:group-C76A50A174E4 ConfigurationManager, init=-1: [e4b90157-0987-4622-adc9-0404bea551ef:192.168.157.195:45782], old=null, confs=<EMPTY_MAP>
2019-09-12 10:33:27,733 [pool-135-thread-1] INFO  server.RaftServerConfigKeys (ConfUtils.java:logGet(43)) - raft.server.storage.dir = [/workdir/hadoop-ozone/integration-test/target/test-dir/MiniOzoneClusterImpl-2d656029-9dde-45a3-b7cd-f2d738c2cb44/datanode-1/data/ratis] (custom)
2019-09-12 10:33:27,734 [pool-135-thread-1] INFO  storage.RaftStorageDirectory (RaftStorageDirectory.java:analyzeStorage(246)) - The storage directory /workdir/hadoop-ozone/integration-test/target/test-dir/MiniOzoneClusterImpl-2d656029-9dde-45a3-b7cd-f2d738c2cb44/datanode-1/data/ratis/de7bbe18-59c1-4ab5-8c8a-c76a50a174e4 does not exist. Creating ...
2019-09-12 10:33:27,746 [pool-135-thread-1] INFO  storage.RaftStorageDirectory (RaftStorageDirectory.java:tryLock(328)) - Lock on /workdir/hadoop-ozone/integration-test/target/test-dir/MiniOzoneClusterImpl-2d656029-9dde-45a3-b7cd-f2d738c2cb44/datanode-1/data/ratis/de7bbe18-59c1-4ab5-8c8a-c76a50a174e4/in_use.lock acquired by nodename 32653@pr-hdds-1569-xtfnx-3545843844
2019-09-12 10:33:27,757 [pool-135-thread-1] INFO  storage.RaftStorage (RaftStorage.java:format(72)) - Storage directory /workdir/hadoop-ozone/integration-test/target/test-dir/MiniOzoneClusterImpl-2d656029-9dde-45a3-b7cd-f2d738c2cb44/datanode-1/data/ratis/de7bbe18-59c1-4ab5-8c8a-c76a50a174e4 has been successfully formatted.
2019-09-12 10:33:27,758 [pool-135-thread-1] INFO  ratis.ContainerStateMachine (ContainerStateMachine.java:loadSnapshot(226)) - group-C76A50A174E4: The snapshot info is null. Setting the last applied indexto:(t:0, i:~)
2019-09-12 10:33:27,758 [pool-135-thread-1] INFO  server.RaftServerConfigKeys (ConfUtils.java:logGet(43)) - raft.server.leader.election.timeout = 120s (custom)
2019-09-12 10:33:27,758 [pool-135-thread-1] INFO  server.RaftServerConfigKeys (ConfUtils.java:logGet(43)) - raft.server.log.use.memory = false (default)
2019-09-12 10:33:27,758 [pool-135-thread-1] INFO  server.RaftServerConfigKeys (ConfUtils.java:logGet(43)) - raft.server.log.purge.gap = 1000000 (custom)
2019-09-12 10:33:27,759 [pool-135-thread-1] INFO  server.RaftServerConfigKeys (ConfUtils.java:logGet(43)) - raft.server.log.appender.buffer.byte-limit = 33554432 (custom)
2019-09-12 10:33:27,759 [pool-135-thread-1] INFO  server.RaftServerConfigKeys (ConfUtils.java:logGet(43)) - raft.server.log.segment.size.max = 1048576 (custom)
2019-09-12 10:33:27,759 [pool-135-thread-1] INFO  server.RaftServerConfigKeys (ConfUtils.java:logGet(43)) - raft.server.log.segment.cache.num.max = 2 (custom)
2019-09-12 10:33:27,759 [pool-135-thread-1] INFO  segmented.SegmentedRaftLogWorker (SegmentedRaftLogWorker.java:<init>(172)) - new e4b90157-0987-4622-adc9-0404bea551ef-SegmentedRaftLogWorker:Storage Directory /workdir/hadoop-ozone/integration-test/target/test-dir/MiniOzoneClusterImpl-2d656029-9dde-45a3-b7cd-f2d738c2cb44/datanode-1/data/ratis/de7bbe18-59c1-4ab5-8c8a-c76a50a174e4 for RaftStorage:Storage Directory /workdir/hadoop-ozone/integration-test/target/test-dir/MiniOzoneClusterImpl-2d656029-9dde-45a3-b7cd-f2d738c2cb44/datanode-1/data/ratis/de7bbe18-59c1-4ab5-8c8a-c76a50a174e4
2019-09-12 10:33:27,760 [pool-135-thread-1] INFO  server.RaftServerConfigKeys (ConfUtils.java:logGet(43)) - raft.server.log.queue.byte-limit = 2147483647 (custom)
2019-09-12 10:33:27,760 [pool-135-thread-1] INFO  server.RaftServerConfigKeys (ConfUtils.java:logGet(43)) - raft.server.log.queue.element-limit = 1024 (custom)
2019-09-12 10:33:27,760 [pool-135-thread-1] INFO  server.RaftServerConfigKeys (ConfUtils.java:logGet(43)) - raft.server.log.segment.size.max = 1048576 (custom)
2019-09-12 10:33:27,760 [pool-135-thread-1] INFO  server.RaftServerConfigKeys (ConfUtils.java:logGet(43)) - raft.server.log.preallocated.size = 16384 (custom)
2019-09-12 10:33:27,761 [pool-135-thread-1] INFO  server.RaftServerConfigKeys (ConfUtils.java:logGet(43)) - raft.server.log.write.buffer.size = 33554432 (custom)
2019-09-12 10:33:27,761 [pool-135-thread-1] INFO  server.RaftServerConfigKeys (ConfUtils.java:logGet(43)) - raft.server.log.force.sync.num = 128 (default)
2019-09-12 10:33:27,761 [pool-135-thread-1] INFO  server.RaftServerConfigKeys (ConfUtils.java:logGet(43)) - raft.server.log.statemachine.data.sync = true (default)
2019-09-12 10:33:27,761 [pool-135-thread-1] INFO  server.RaftServerConfigKeys (ConfUtils.java:logGet(43)) - raft.server.log.statemachine.data.sync.timeout = 10s (default)
2019-09-12 10:33:27,761 [pool-135-thread-1] INFO  server.RaftServerConfigKeys (ConfUtils.java:logGet(43)) - raft.server.log.statemachine.data.sync.timeout.retry = -1 (default)
2019-09-12 10:33:27,761 [pool-135-thread-1] INFO  server.RaftServerConfigKeys (ConfUtils.java:logGet(43)) - raft.server.log.statemachine.data.caching.enabled = true (custom)
2019-09-12 10:33:27,762 [pool-135-thread-1] INFO  segmented.SegmentedRaftLogWorker (SegmentedRaftLogWorker.java:lambda$new$0(132)) - e4b90157-0987-4622-adc9-0404bea551ef-SegmentedRaftLogWorker:Storage Directory /workdir/hadoop-ozone/integration-test/target/test-dir/MiniOzoneClusterImpl-2d656029-9dde-45a3-b7cd-f2d738c2cb44/datanode-1/data/ratis/de7bbe18-59c1-4ab5-8c8a-c76a50a174e4: flushIndex: setUnconditionally 0 -> -1
2019-09-12 10:33:27,762 [pool-135-thread-1] INFO  server.RaftServerConfigKeys (ConfUtils.java:logGet(43)) - raft.server.snapshot.auto.trigger.enabled = true (custom)
2019-09-12 10:33:27,762 [pool-135-thread-1] INFO  server.RaftServerConfigKeys (ConfUtils.java:logGet(43)) - raft.server.snapshot.auto.trigger.threshold = 10000 (custom)
2019-09-12 10:33:27,762 [pool-135-thread-1] INFO  server.RaftServerConfigKeys (ConfUtils.java:logGet(43)) - raft.server.retrycache.expirytime = 600000ms (custom)
2019-09-12 10:33:27,763 [pool-135-thread-1] INFO  impl.RaftServerImpl (RaftServerImpl.java:start(180)) - e4b90157-0987-4622-adc9-0404bea551ef: start group-C76A50A174E4
2019-09-12 10:33:27,763 [pool-135-thread-1] INFO  impl.RaftServerImpl (RaftServerImpl.java:setRole(171)) - e4b90157-0987-4622-adc9-0404bea551ef:group-C76A50A174E4 changes role from null to FOLLOWER at term 0 for startAsFollower
2019-09-12 10:33:27,763 [pool-135-thread-1] INFO  impl.RoleInfo (RoleInfo.java:updateAndGet(143)) - e4b90157-0987-4622-adc9-0404bea551ef: start FollowerState
2019-09-12 10:33:27,763 [pool-135-thread-1] INFO  util.JmxRegister (JmxRegister.java:tryRegister(44)) - Successfully registered JMX Bean with object name Ratis:service=RaftServer,group=group-C76A50A174E4,id=e4b90157-0987-4622-adc9-0404bea551ef
2019-09-12 10:33:27,767 [RatisPipelineUtilsThread] INFO  pipeline.PipelineStateManager (PipelineStateManager.java:addPipeline(56)) - Created pipeline Pipeline[ Id: de7bbe18-59c1-4ab5-8c8a-c76a50a174e4, Nodes: e4b90157-0987-4622-adc9-0404bea551ef{ip: 192.168.157.195, host: pr-hdds-1569-xtfnx-3545843844, networkLocation: /default-rack, certSerialId: null}, Type:RATIS, Factor:ONE, State:OPEN]
2019-09-12 10:33:27,773 [grpc-default-executor-0] INFO  impl.RaftServerProxy (RaftServerProxy.java:addNew(89)) - e4b90157-0987-4622-adc9-0404bea551ef: addNew group-494565AA2034:[e4b90157-0987-4622-adc9-0404bea551ef:192.168.157.195:45782] returns group-494565AA2034:java.util.concurrent.CompletableFuture@6c89ca1[Not completed]
2019-09-12 10:33:27,774 [pool-135-thread-1] INFO  impl.RaftServerImpl (RaftServerImpl.java:<init>(93)) - e4b90157-0987-4622-adc9-0404bea551ef: new RaftServerImpl for group-494565AA2034:[e4b90157-0987-4622-adc9-0404bea551ef:192.168.157.195:45782] with ContainerStateMachine:uninitialized
2019-09-12 10:33:27,774 [pool-135-thread-1] INFO  server.RaftServerConfigKeys (ConfUtils.java:logGet(43)) - raft.server.rpc.timeout.min = 5s (custom)
2019-09-12 10:33:27,774 [pool-135-thread-1] INFO  server.RaftServerConfigKeys (ConfUtils.java:logGet(43)) - raft.server.rpc.timeout.max = 5200ms (custom)
2019-09-12 10:33:27,774 [pool-135-thread-1] INFO  server.RaftServerConfigKeys (ConfUtils.java:logGet(43)) - raft.server.rpcslowness.timeout = 120s (custom)
2019-09-12 10:33:27,774 [pool-135-thread-1] INFO  server.RaftServerConfigKeys (ConfUtils.java:logGet(43)) - raft.server.sleep.deviation.threshold = 300 (default)
2019-09-12 10:33:27,775 [pool-135-thread-1] INFO  server.RaftServerConfigKeys (ConfUtils.java:logGet(43)) - raft.server.log.appender.install.snapshot.enabled = false (custom)
2019-09-12 10:33:27,775 [pool-135-thread-1] INFO  impl.RaftServerImpl (ServerState.java:<init>(105)) - e4b90157-0987-4622-adc9-0404bea551ef:group-494565AA2034 ConfigurationManager, init=-1: [e4b90157-0987-4622-adc9-0404bea551ef:192.168.157.195:45782], old=null, confs=<EMPTY_MAP>
2019-09-12 10:33:27,775 [pool-135-thread-1] INFO  server.RaftServerConfigKeys (ConfUtils.java:logGet(43)) - raft.server.storage.dir = [/workdir/hadoop-ozone/integration-test/target/test-dir/MiniOzoneClusterImpl-2d656029-9dde-45a3-b7cd-f2d738c2cb44/datanode-1/data/ratis] (custom)
2019-09-12 10:33:27,775 [pool-135-thread-1] INFO  storage.RaftStorageDirectory (RaftStorageDirectory.java:analyzeStorage(246)) - The storage directory /workdir/hadoop-ozone/integration-test/target/test-dir/MiniOzoneClusterImpl-2d656029-9dde-45a3-b7cd-f2d738c2cb44/datanode-1/data/ratis/c8855ad0-ab27-4083-90ea-494565aa2034 does not exist. Creating ...
2019-09-12 10:33:27,786 [pool-135-thread-1] INFO  storage.RaftStorageDirectory (RaftStorageDirectory.java:tryLock(328)) - Lock on /workdir/hadoop-ozone/integration-test/target/test-dir/MiniOzoneClusterImpl-2d656029-9dde-45a3-b7cd-f2d738c2cb44/datanode-1/data/ratis/c8855ad0-ab27-4083-90ea-494565aa2034/in_use.lock acquired by nodename 32653@pr-hdds-1569-xtfnx-3545843844
2019-09-12 10:33:27,808 [pool-135-thread-1] INFO  storage.RaftStorage (RaftStorage.java:format(72)) - Storage directory /workdir/hadoop-ozone/integration-test/target/test-dir/MiniOzoneClusterImpl-2d656029-9dde-45a3-b7cd-f2d738c2cb44/datanode-1/data/ratis/c8855ad0-ab27-4083-90ea-494565aa2034 has been successfully formatted.
2019-09-12 10:33:27,808 [pool-135-thread-1] INFO  ratis.ContainerStateMachine (ContainerStateMachine.java:loadSnapshot(226)) - group-494565AA2034: The snapshot info is null. Setting the last applied indexto:(t:0, i:~)
2019-09-12 10:33:27,809 [pool-135-thread-1] INFO  server.RaftServerConfigKeys (ConfUtils.java:logGet(43)) - raft.server.leader.election.timeout = 120s (custom)
2019-09-12 10:33:27,809 [pool-135-thread-1] INFO  server.RaftServerConfigKeys (ConfUtils.java:logGet(43)) - raft.server.log.use.memory = false (default)
2019-09-12 10:33:27,809 [pool-135-thread-1] INFO  server.RaftServerConfigKeys (ConfUtils.java:logGet(43)) - raft.server.log.purge.gap = 1000000 (custom)
2019-09-12 10:33:27,809 [pool-135-thread-1] INFO  server.RaftServerConfigKeys (ConfUtils.java:logGet(43)) - raft.server.log.appender.buffer.byte-limit = 33554432 (custom)
2019-09-12 10:33:27,809 [pool-135-thread-1] INFO  server.RaftServerConfigKeys (ConfUtils.java:logGet(43)) - raft.server.log.segment.size.max = 1048576 (custom)
2019-09-12 10:33:27,809 [pool-135-thread-1] INFO  server.RaftServerConfigKeys (ConfUtils.java:logGet(43)) - raft.server.log.segment.cache.num.max = 2 (custom)
2019-09-12 10:33:27,810 [pool-135-thread-1] INFO  segmented.SegmentedRaftLogWorker (SegmentedRaftLogWorker.java:<init>(172)) - new e4b90157-0987-4622-adc9-0404bea551ef-SegmentedRaftLogWorker:Storage Directory /workdir/hadoop-ozone/integration-test/target/test-dir/MiniOzoneClusterImpl-2d656029-9dde-45a3-b7cd-f2d738c2cb44/datanode-1/data/ratis/c8855ad0-ab27-4083-90ea-494565aa2034 for RaftStorage:Storage Directory /workdir/hadoop-ozone/integration-test/target/test-dir/MiniOzoneClusterImpl-2d656029-9dde-45a3-b7cd-f2d738c2cb44/datanode-1/data/ratis/c8855ad0-ab27-4083-90ea-494565aa2034
2019-09-12 10:33:27,810 [pool-135-thread-1] INFO  server.RaftServerConfigKeys (ConfUtils.java:logGet(43)) - raft.server.log.queue.byte-limit = 2147483647 (custom)
2019-09-12 10:33:27,810 [pool-135-thread-1] INFO  server.RaftServerConfigKeys (ConfUtils.java:logGet(43)) - raft.server.log.queue.element-limit = 1024 (custom)
2019-09-12 10:33:27,810 [pool-135-thread-1] INFO  server.RaftServerConfigKeys (ConfUtils.java:logGet(43)) - raft.server.log.segment.size.max = 1048576 (custom)
2019-09-12 10:33:27,810 [pool-135-thread-1] INFO  server.RaftServerConfigKeys (ConfUtils.java:logGet(43)) - raft.server.log.preallocated.size = 16384 (custom)
2019-09-12 10:33:27,810 [pool-135-thread-1] INFO  server.RaftServerConfigKeys (ConfUtils.java:logGet(43)) - raft.server.log.write.buffer.size = 33554432 (custom)
2019-09-12 10:33:27,810 [pool-135-thread-1] INFO  server.RaftServerConfigKeys (ConfUtils.java:logGet(43)) - raft.server.log.force.sync.num = 128 (default)
2019-09-12 10:33:27,811 [pool-135-thread-1] INFO  server.RaftServerConfigKeys (ConfUtils.java:logGet(43)) - raft.server.log.statemachine.data.sync = true (default)
2019-09-12 10:33:27,811 [pool-135-thread-1] INFO  server.RaftServerConfigKeys (ConfUtils.java:logGet(43)) - raft.server.log.statemachine.data.sync.timeout = 10s (default)
2019-09-12 10:33:27,811 [pool-135-thread-1] INFO  server.RaftServerConfigKeys (ConfUtils.java:logGet(43)) - raft.server.log.statemachine.data.sync.timeout.retry = -1 (default)
2019-09-12 10:33:27,811 [pool-135-thread-1] INFO  server.RaftServerConfigKeys (ConfUtils.java:logGet(43)) - raft.server.log.statemachine.data.caching.enabled = true (custom)
2019-09-12 10:33:27,811 [pool-135-thread-1] INFO  segmented.SegmentedRaftLogWorker (SegmentedRaftLogWorker.java:lambda$new$0(132)) - e4b90157-0987-4622-adc9-0404bea551ef-SegmentedRaftLogWorker:Storage Directory /workdir/hadoop-ozone/integration-test/target/test-dir/MiniOzoneClusterImpl-2d656029-9dde-45a3-b7cd-f2d738c2cb44/datanode-1/data/ratis/c8855ad0-ab27-4083-90ea-494565aa2034: flushIndex: setUnconditionally 0 -> -1
2019-09-12 10:33:27,812 [pool-135-thread-1] INFO  server.RaftServerConfigKeys (ConfUtils.java:logGet(43)) - raft.server.snapshot.auto.trigger.enabled = true (custom)
2019-09-12 10:33:27,812 [pool-135-thread-1] INFO  server.RaftServerConfigKeys (ConfUtils.java:logGet(43)) - raft.server.snapshot.auto.trigger.threshold = 10000 (custom)
2019-09-12 10:33:27,812 [pool-135-thread-1] INFO  server.RaftServerConfigKeys (ConfUtils.java:logGet(43)) - raft.server.retrycache.expirytime = 600000ms (custom)
2019-09-12 10:33:27,812 [pool-135-thread-1] INFO  impl.RaftServerImpl (RaftServerImpl.java:start(180)) - e4b90157-0987-4622-adc9-0404bea551ef: start group-494565AA2034
2019-09-12 10:33:27,813 [pool-135-thread-1] INFO  impl.RaftServerImpl (RaftServerImpl.java:setRole(171)) - e4b90157-0987-4622-adc9-0404bea551ef:group-494565AA2034 changes role from null to FOLLOWER at term 0 for startAsFollower
2019-09-12 10:33:27,813 [pool-135-thread-1] INFO  impl.RoleInfo (RoleInfo.java:updateAndGet(143)) - e4b90157-0987-4622-adc9-0404bea551ef: start FollowerState
2019-09-12 10:33:27,813 [pool-135-thread-1] INFO  util.JmxRegister (JmxRegister.java:tryRegister(44)) - Successfully registered JMX Bean with object name Ratis:service=RaftServer,group=group-494565AA2034,id=e4b90157-0987-4622-adc9-0404bea551ef
2019-09-12 10:33:27,816 [RatisPipelineUtilsThread] INFO  pipeline.PipelineStateManager (PipelineStateManager.java:addPipeline(56)) - Created pipeline Pipeline[ Id: c8855ad0-ab27-4083-90ea-494565aa2034, Nodes: e4b90157-0987-4622-adc9-0404bea551ef{ip: 192.168.157.195, host: pr-hdds-1569-xtfnx-3545843844, networkLocation: /default-rack, certSerialId: null}, Type:RATIS, Factor:ONE, State:OPEN]
2019-09-12 10:33:27,822 [grpc-default-executor-0] INFO  impl.RaftServerProxy (RaftServerProxy.java:addNew(89)) - 010b2855-0e1d-4bbd-b76a-4560f989b9a3: addNew group-693E6D66FD06:[010b2855-0e1d-4bbd-b76a-4560f989b9a3:192.168.157.195:43711] returns group-693E6D66FD06:java.util.concurrent.CompletableFuture@4b6ed3bc[Not completed]
2019-09-12 10:33:27,823 [pool-124-thread-1] INFO  impl.RaftServerImpl (RaftServerImpl.java:<init>(93)) - 010b2855-0e1d-4bbd-b76a-4560f989b9a3: new RaftServerImpl for group-693E6D66FD06:[010b2855-0e1d-4bbd-b76a-4560f989b9a3:192.168.157.195:43711] with ContainerStateMachine:uninitialized
2019-09-12 10:33:27,823 [pool-124-thread-1] INFO  server.RaftServerConfigKeys (ConfUtils.java:logGet(43)) - raft.server.rpc.timeout.min = 5s (custom)
2019-09-12 10:33:27,824 [pool-124-thread-1] INFO  server.RaftServerConfigKeys (ConfUtils.java:logGet(43)) - raft.server.rpc.timeout.max = 5200ms (custom)
2019-09-12 10:33:27,824 [pool-124-thread-1] INFO  server.RaftServerConfigKeys (ConfUtils.java:logGet(43)) - raft.server.rpcslowness.timeout = 120s (custom)
2019-09-12 10:33:27,824 [pool-124-thread-1] INFO  server.RaftServerConfigKeys (ConfUtils.java:logGet(43)) - raft.server.sleep.deviation.threshold = 300 (default)
2019-09-12 10:33:27,824 [pool-124-thread-1] INFO  server.RaftServerConfigKeys (ConfUtils.java:logGet(43)) - raft.server.log.appender.install.snapshot.enabled = false (custom)
2019-09-12 10:33:27,824 [pool-124-thread-1] INFO  impl.RaftServerImpl (ServerState.java:<init>(105)) - 010b2855-0e1d-4bbd-b76a-4560f989b9a3:group-693E6D66FD06 ConfigurationManager, init=-1: [010b2855-0e1d-4bbd-b76a-4560f989b9a3:192.168.157.195:43711], old=null, confs=<EMPTY_MAP>
2019-09-12 10:33:27,824 [pool-124-thread-1] INFO  server.RaftServerConfigKeys (ConfUtils.java:logGet(43)) - raft.server.storage.dir = [/workdir/hadoop-ozone/integration-test/target/test-dir/MiniOzoneClusterImpl-2d656029-9dde-45a3-b7cd-f2d738c2cb44/datanode-0/data/ratis] (custom)
2019-09-12 10:33:27,825 [pool-124-thread-1] INFO  storage.RaftStorageDirectory (RaftStorageDirectory.java:analyzeStorage(246)) - The storage directory /workdir/hadoop-ozone/integration-test/target/test-dir/MiniOzoneClusterImpl-2d656029-9dde-45a3-b7cd-f2d738c2cb44/datanode-0/data/ratis/52045401-cf95-4e7e-b7a2-693e6d66fd06 does not exist. Creating ...
2019-09-12 10:33:27,846 [pool-124-thread-1] INFO  storage.RaftStorageDirectory (RaftStorageDirectory.java:tryLock(328)) - Lock on /workdir/hadoop-ozone/integration-test/target/test-dir/MiniOzoneClusterImpl-2d656029-9dde-45a3-b7cd-f2d738c2cb44/datanode-0/data/ratis/52045401-cf95-4e7e-b7a2-693e6d66fd06/in_use.lock acquired by nodename 32653@pr-hdds-1569-xtfnx-3545843844
2019-09-12 10:33:27,858 [IPC Server handler 1 on 41229] INFO  net.NetworkTopology (NetworkTopologyImpl.java:add(110)) - Added a new node: /default-rack/8bce8832-9727-4b35-a9b5-3df7187e4e21
2019-09-12 10:33:27,858 [IPC Server handler 1 on 41229] INFO  node.SCMNodeManager (SCMNodeManager.java:register(273)) - Registered Data node : 8bce8832-9727-4b35-a9b5-3df7187e4e21{ip: 192.168.157.195, host: pr-hdds-1569-xtfnx-3545843844, networkLocation: /default-rack, certSerialId: null}
2019-09-12 10:33:27,858 | INFO  | SCMAudit | user=jenkins1000 | ip=192.168.157.195 | op=REGISTER {datanodeDetails=8bce8832-9727-4b35-a9b5-3df7187e4e21{ip: 192.168.157.195, host: pr-hdds-1569-xtfnx-3545843844, networkLocation: /default-rack, certSerialId: null}} | ret=SUCCESS |  
2019-09-12 10:33:27,859 [pool-124-thread-1] INFO  storage.RaftStorage (RaftStorage.java:format(72)) - Storage directory /workdir/hadoop-ozone/integration-test/target/test-dir/MiniOzoneClusterImpl-2d656029-9dde-45a3-b7cd-f2d738c2cb44/datanode-0/data/ratis/52045401-cf95-4e7e-b7a2-693e6d66fd06 has been successfully formatted.
2019-09-12 10:33:27,859 [pool-124-thread-1] INFO  ratis.ContainerStateMachine (ContainerStateMachine.java:loadSnapshot(226)) - group-693E6D66FD06: The snapshot info is null. Setting the last applied indexto:(t:0, i:~)
2019-09-12 10:33:27,860 [pool-124-thread-1] INFO  server.RaftServerConfigKeys (ConfUtils.java:logGet(43)) - raft.server.leader.election.timeout = 120s (custom)
2019-09-12 10:33:27,860 [pool-124-thread-1] INFO  server.RaftServerConfigKeys (ConfUtils.java:logGet(43)) - raft.server.log.use.memory = false (default)
2019-09-12 10:33:27,860 [pool-124-thread-1] INFO  server.RaftServerConfigKeys (ConfUtils.java:logGet(43)) - raft.server.log.purge.gap = 1000000 (custom)
2019-09-12 10:33:27,860 [pool-124-thread-1] INFO  server.RaftServerConfigKeys (ConfUtils.java:logGet(43)) - raft.server.log.appender.buffer.byte-limit = 33554432 (custom)
2019-09-12 10:33:27,860 [pool-124-thread-1] INFO  server.RaftServerConfigKeys (ConfUtils.java:logGet(43)) - raft.server.log.segment.size.max = 1048576 (custom)
2019-09-12 10:33:27,861 [pool-124-thread-1] INFO  server.RaftServerConfigKeys (ConfUtils.java:logGet(43)) - raft.server.log.segment.cache.num.max = 2 (custom)
2019-09-12 10:33:27,861 [pool-124-thread-1] INFO  segmented.SegmentedRaftLogWorker (SegmentedRaftLogWorker.java:<init>(172)) - new 010b2855-0e1d-4bbd-b76a-4560f989b9a3-SegmentedRaftLogWorker:Storage Directory /workdir/hadoop-ozone/integration-test/target/test-dir/MiniOzoneClusterImpl-2d656029-9dde-45a3-b7cd-f2d738c2cb44/datanode-0/data/ratis/52045401-cf95-4e7e-b7a2-693e6d66fd06 for RaftStorage:Storage Directory /workdir/hadoop-ozone/integration-test/target/test-dir/MiniOzoneClusterImpl-2d656029-9dde-45a3-b7cd-f2d738c2cb44/datanode-0/data/ratis/52045401-cf95-4e7e-b7a2-693e6d66fd06
2019-09-12 10:33:27,861 [pool-124-thread-1] INFO  server.RaftServerConfigKeys (ConfUtils.java:logGet(43)) - raft.server.log.queue.byte-limit = 2147483647 (custom)
2019-09-12 10:33:27,861 [pool-124-thread-1] INFO  server.RaftServerConfigKeys (ConfUtils.java:logGet(43)) - raft.server.log.queue.element-limit = 1024 (custom)
2019-09-12 10:33:27,862 [pool-124-thread-1] INFO  server.RaftServerConfigKeys (ConfUtils.java:logGet(43)) - raft.server.log.segment.size.max = 1048576 (custom)
2019-09-12 10:33:27,862 [pool-124-thread-1] INFO  server.RaftServerConfigKeys (ConfUtils.java:logGet(43)) - raft.server.log.preallocated.size = 16384 (custom)
2019-09-12 10:33:27,862 [pool-124-thread-1] INFO  server.RaftServerConfigKeys (ConfUtils.java:logGet(43)) - raft.server.log.write.buffer.size = 33554432 (custom)
2019-09-12 10:33:27,862 [pool-124-thread-1] INFO  server.RaftServerConfigKeys (ConfUtils.java:logGet(43)) - raft.server.log.force.sync.num = 128 (default)
2019-09-12 10:33:27,862 [pool-124-thread-1] INFO  server.RaftServerConfigKeys (ConfUtils.java:logGet(43)) - raft.server.log.statemachine.data.sync = true (default)
2019-09-12 10:33:27,862 [pool-124-thread-1] INFO  server.RaftServerConfigKeys (ConfUtils.java:logGet(43)) - raft.server.log.statemachine.data.sync.timeout = 10s (default)
2019-09-12 10:33:27,863 [pool-124-thread-1] INFO  server.RaftServerConfigKeys (ConfUtils.java:logGet(43)) - raft.server.log.statemachine.data.sync.timeout.retry = -1 (default)
2019-09-12 10:33:27,863 [pool-124-thread-1] INFO  server.RaftServerConfigKeys (ConfUtils.java:logGet(43)) - raft.server.log.statemachine.data.caching.enabled = true (custom)
2019-09-12 10:33:27,863 [pool-124-thread-1] INFO  segmented.SegmentedRaftLogWorker (SegmentedRaftLogWorker.java:lambda$new$0(132)) - 010b2855-0e1d-4bbd-b76a-4560f989b9a3-SegmentedRaftLogWorker:Storage Directory /workdir/hadoop-ozone/integration-test/target/test-dir/MiniOzoneClusterImpl-2d656029-9dde-45a3-b7cd-f2d738c2cb44/datanode-0/data/ratis/52045401-cf95-4e7e-b7a2-693e6d66fd06: flushIndex: setUnconditionally 0 -> -1
2019-09-12 10:33:27,864 [pool-124-thread-1] INFO  server.RaftServerConfigKeys (ConfUtils.java:logGet(43)) - raft.server.snapshot.auto.trigger.enabled = true (custom)
2019-09-12 10:33:27,864 [pool-124-thread-1] INFO  server.RaftServerConfigKeys (ConfUtils.java:logGet(43)) - raft.server.snapshot.auto.trigger.threshold = 10000 (custom)
2019-09-12 10:33:27,864 [pool-124-thread-1] INFO  server.RaftServerConfigKeys (ConfUtils.java:logGet(43)) - raft.server.retrycache.expirytime = 600000ms (custom)
2019-09-12 10:33:27,864 [pool-124-thread-1] INFO  impl.RaftServerImpl (RaftServerImpl.java:start(180)) - 010b2855-0e1d-4bbd-b76a-4560f989b9a3: start group-693E6D66FD06
2019-09-12 10:33:27,865 [pool-124-thread-1] INFO  impl.RaftServerImpl (RaftServerImpl.java:setRole(171)) - 010b2855-0e1d-4bbd-b76a-4560f989b9a3:group-693E6D66FD06 changes role from null to FOLLOWER at term 0 for startAsFollower
2019-09-12 10:33:27,865 [pool-124-thread-1] INFO  impl.RoleInfo (RoleInfo.java:updateAndGet(143)) - 010b2855-0e1d-4bbd-b76a-4560f989b9a3: start FollowerState
2019-09-12 10:33:27,865 [pool-124-thread-1] INFO  util.JmxRegister (JmxRegister.java:tryRegister(44)) - Successfully registered JMX Bean with object name Ratis:service=RaftServer,group=group-693E6D66FD06,id=010b2855-0e1d-4bbd-b76a-4560f989b9a3
2019-09-12 10:33:27,869 [RatisPipelineUtilsThread] INFO  pipeline.PipelineStateManager (PipelineStateManager.java:addPipeline(56)) - Created pipeline Pipeline[ Id: 52045401-cf95-4e7e-b7a2-693e6d66fd06, Nodes: 010b2855-0e1d-4bbd-b76a-4560f989b9a3{ip: 192.168.157.195, host: pr-hdds-1569-xtfnx-3545843844, networkLocation: /default-rack, certSerialId: null}, Type:RATIS, Factor:ONE, State:OPEN]
2019-09-12 10:33:27,875 [grpc-default-executor-0] INFO  impl.RaftServerProxy (RaftServerProxy.java:addNew(89)) - e4b90157-0987-4622-adc9-0404bea551ef: addNew group-B44AFE443665:[e4b90157-0987-4622-adc9-0404bea551ef:192.168.157.195:45782] returns group-B44AFE443665:java.util.concurrent.CompletableFuture@46a9f5ef[Not completed]
2019-09-12 10:33:27,876 [pool-135-thread-1] INFO  impl.RaftServerImpl (RaftServerImpl.java:<init>(93)) - e4b90157-0987-4622-adc9-0404bea551ef: new RaftServerImpl for group-B44AFE443665:[e4b90157-0987-4622-adc9-0404bea551ef:192.168.157.195:45782] with ContainerStateMachine:uninitialized
2019-09-12 10:33:27,876 [pool-135-thread-1] INFO  server.RaftServerConfigKeys (ConfUtils.java:logGet(43)) - raft.server.rpc.timeout.min = 5s (custom)
2019-09-12 10:33:27,876 [pool-135-thread-1] INFO  server.RaftServerConfigKeys (ConfUtils.java:logGet(43)) - raft.server.rpc.timeout.max = 5200ms (custom)
2019-09-12 10:33:27,876 [pool-135-thread-1] INFO  server.RaftServerConfigKeys (ConfUtils.java:logGet(43)) - raft.server.rpcslowness.timeout = 120s (custom)
2019-09-12 10:33:27,877 [pool-135-thread-1] INFO  server.RaftServerConfigKeys (ConfUtils.java:logGet(43)) - raft.server.sleep.deviation.threshold = 300 (default)
2019-09-12 10:33:27,877 [pool-135-thread-1] INFO  server.RaftServerConfigKeys (ConfUtils.java:logGet(43)) - raft.server.log.appender.install.snapshot.enabled = false (custom)
2019-09-12 10:33:27,877 [pool-135-thread-1] INFO  impl.RaftServerImpl (ServerState.java:<init>(105)) - e4b90157-0987-4622-adc9-0404bea551ef:group-B44AFE443665 ConfigurationManager, init=-1: [e4b90157-0987-4622-adc9-0404bea551ef:192.168.157.195:45782], old=null, confs=<EMPTY_MAP>
2019-09-12 10:33:27,877 [pool-135-thread-1] INFO  server.RaftServerConfigKeys (ConfUtils.java:logGet(43)) - raft.server.storage.dir = [/workdir/hadoop-ozone/integration-test/target/test-dir/MiniOzoneClusterImpl-2d656029-9dde-45a3-b7cd-f2d738c2cb44/datanode-1/data/ratis] (custom)
2019-09-12 10:33:27,877 [pool-135-thread-1] INFO  storage.RaftStorageDirectory (RaftStorageDirectory.java:analyzeStorage(246)) - The storage directory /workdir/hadoop-ozone/integration-test/target/test-dir/MiniOzoneClusterImpl-2d656029-9dde-45a3-b7cd-f2d738c2cb44/datanode-1/data/ratis/b64845fe-a85f-490f-8d3f-b44afe443665 does not exist. Creating ...
2019-09-12 10:33:27,890 [pool-135-thread-1] INFO  storage.RaftStorageDirectory (RaftStorageDirectory.java:tryLock(328)) - Lock on /workdir/hadoop-ozone/integration-test/target/test-dir/MiniOzoneClusterImpl-2d656029-9dde-45a3-b7cd-f2d738c2cb44/datanode-1/data/ratis/b64845fe-a85f-490f-8d3f-b44afe443665/in_use.lock acquired by nodename 32653@pr-hdds-1569-xtfnx-3545843844
2019-09-12 10:33:27,892 [main] INFO  ozone.MiniOzoneClusterImpl (MiniOzoneClusterImpl.java:lambda$waitForClusterToBeReady$0(142)) - Waiting for cluster to be ready. Got 3 of 7 DN Heartbeats.
2019-09-12 10:33:27,903 [pool-135-thread-1] INFO  storage.RaftStorage (RaftStorage.java:format(72)) - Storage directory /workdir/hadoop-ozone/integration-test/target/test-dir/MiniOzoneClusterImpl-2d656029-9dde-45a3-b7cd-f2d738c2cb44/datanode-1/data/ratis/b64845fe-a85f-490f-8d3f-b44afe443665 has been successfully formatted.
2019-09-12 10:33:27,903 [pool-135-thread-1] INFO  ratis.ContainerStateMachine (ContainerStateMachine.java:loadSnapshot(226)) - group-B44AFE443665: The snapshot info is null. Setting the last applied indexto:(t:0, i:~)
2019-09-12 10:33:27,903 [pool-135-thread-1] INFO  server.RaftServerConfigKeys (ConfUtils.java:logGet(43)) - raft.server.leader.election.timeout = 120s (custom)
2019-09-12 10:33:27,904 [pool-135-thread-1] INFO  server.RaftServerConfigKeys (ConfUtils.java:logGet(43)) - raft.server.log.use.memory = false (default)
2019-09-12 10:33:27,904 [pool-135-thread-1] INFO  server.RaftServerConfigKeys (ConfUtils.java:logGet(43)) - raft.server.log.purge.gap = 1000000 (custom)
2019-09-12 10:33:27,904 [pool-135-thread-1] INFO  server.RaftServerConfigKeys (ConfUtils.java:logGet(43)) - raft.server.log.appender.buffer.byte-limit = 33554432 (custom)
2019-09-12 10:33:27,904 [pool-135-thread-1] INFO  server.RaftServerConfigKeys (ConfUtils.java:logGet(43)) - raft.server.log.segment.size.max = 1048576 (custom)
2019-09-12 10:33:27,904 [pool-135-thread-1] INFO  server.RaftServerConfigKeys (ConfUtils.java:logGet(43)) - raft.server.log.segment.cache.num.max = 2 (custom)
2019-09-12 10:33:27,904 [pool-135-thread-1] INFO  segmented.SegmentedRaftLogWorker (SegmentedRaftLogWorker.java:<init>(172)) - new e4b90157-0987-4622-adc9-0404bea551ef-SegmentedRaftLogWorker:Storage Directory /workdir/hadoop-ozone/integration-test/target/test-dir/MiniOzoneClusterImpl-2d656029-9dde-45a3-b7cd-f2d738c2cb44/datanode-1/data/ratis/b64845fe-a85f-490f-8d3f-b44afe443665 for RaftStorage:Storage Directory /workdir/hadoop-ozone/integration-test/target/test-dir/MiniOzoneClusterImpl-2d656029-9dde-45a3-b7cd-f2d738c2cb44/datanode-1/data/ratis/b64845fe-a85f-490f-8d3f-b44afe443665
2019-09-12 10:33:27,904 [pool-135-thread-1] INFO  server.RaftServerConfigKeys (ConfUtils.java:logGet(43)) - raft.server.log.queue.byte-limit = 2147483647 (custom)
2019-09-12 10:33:27,905 [pool-135-thread-1] INFO  server.RaftServerConfigKeys (ConfUtils.java:logGet(43)) - raft.server.log.queue.element-limit = 1024 (custom)
2019-09-12 10:33:27,905 [pool-135-thread-1] INFO  server.RaftServerConfigKeys (ConfUtils.java:logGet(43)) - raft.server.log.segment.size.max = 1048576 (custom)
2019-09-12 10:33:27,905 [pool-135-thread-1] INFO  server.RaftServerConfigKeys (ConfUtils.java:logGet(43)) - raft.server.log.preallocated.size = 16384 (custom)
2019-09-12 10:33:27,905 [pool-135-thread-1] INFO  server.RaftServerConfigKeys (ConfUtils.java:logGet(43)) - raft.server.log.write.buffer.size = 33554432 (custom)
2019-09-12 10:33:27,905 [pool-135-thread-1] INFO  server.RaftServerConfigKeys (ConfUtils.java:logGet(43)) - raft.server.log.force.sync.num = 128 (default)
2019-09-12 10:33:27,905 [pool-135-thread-1] INFO  server.RaftServerConfigKeys (ConfUtils.java:logGet(43)) - raft.server.log.statemachine.data.sync = true (default)
2019-09-12 10:33:27,906 [pool-135-thread-1] INFO  server.RaftServerConfigKeys (ConfUtils.java:logGet(43)) - raft.server.log.statemachine.data.sync.timeout = 10s (default)
2019-09-12 10:33:27,906 [pool-135-thread-1] INFO  server.RaftServerConfigKeys (ConfUtils.java:logGet(43)) - raft.server.log.statemachine.data.sync.timeout.retry = -1 (default)
2019-09-12 10:33:27,906 [pool-135-thread-1] INFO  server.RaftServerConfigKeys (ConfUtils.java:logGet(43)) - raft.server.log.statemachine.data.caching.enabled = true (custom)
2019-09-12 10:33:27,906 [pool-135-thread-1] INFO  segmented.SegmentedRaftLogWorker (SegmentedRaftLogWorker.java:lambda$new$0(132)) - e4b90157-0987-4622-adc9-0404bea551ef-SegmentedRaftLogWorker:Storage Directory /workdir/hadoop-ozone/integration-test/target/test-dir/MiniOzoneClusterImpl-2d656029-9dde-45a3-b7cd-f2d738c2cb44/datanode-1/data/ratis/b64845fe-a85f-490f-8d3f-b44afe443665: flushIndex: setUnconditionally 0 -> -1
2019-09-12 10:33:27,907 [pool-135-thread-1] INFO  server.RaftServerConfigKeys (ConfUtils.java:logGet(43)) - raft.server.snapshot.auto.trigger.enabled = true (custom)
2019-09-12 10:33:27,907 [pool-135-thread-1] INFO  server.RaftServerConfigKeys (ConfUtils.java:logGet(43)) - raft.server.snapshot.auto.trigger.threshold = 10000 (custom)
2019-09-12 10:33:27,907 [pool-135-thread-1] INFO  server.RaftServerConfigKeys (ConfUtils.java:logGet(43)) - raft.server.retrycache.expirytime = 600000ms (custom)
2019-09-12 10:33:27,907 [pool-135-thread-1] INFO  impl.RaftServerImpl (RaftServerImpl.java:start(180)) - e4b90157-0987-4622-adc9-0404bea551ef: start group-B44AFE443665
2019-09-12 10:33:27,907 [pool-135-thread-1] INFO  impl.RaftServerImpl (RaftServerImpl.java:setRole(171)) - e4b90157-0987-4622-adc9-0404bea551ef:group-B44AFE443665 changes role from null to FOLLOWER at term 0 for startAsFollower
2019-09-12 10:33:27,907 [pool-135-thread-1] INFO  impl.RoleInfo (RoleInfo.java:updateAndGet(143)) - e4b90157-0987-4622-adc9-0404bea551ef: start FollowerState
2019-09-12 10:33:27,908 [pool-135-thread-1] INFO  util.JmxRegister (JmxRegister.java:tryRegister(44)) - Successfully registered JMX Bean with object name Ratis:service=RaftServer,group=group-B44AFE443665,id=e4b90157-0987-4622-adc9-0404bea551ef
2019-09-12 10:33:27,911 [RatisPipelineUtilsThread] INFO  pipeline.PipelineStateManager (PipelineStateManager.java:addPipeline(56)) - Created pipeline Pipeline[ Id: b64845fe-a85f-490f-8d3f-b44afe443665, Nodes: e4b90157-0987-4622-adc9-0404bea551ef{ip: 192.168.157.195, host: pr-hdds-1569-xtfnx-3545843844, networkLocation: /default-rack, certSerialId: null}, Type:RATIS, Factor:ONE, State:OPEN]
2019-09-12 10:33:27,918 [grpc-default-executor-0] INFO  impl.RaftServerProxy (RaftServerProxy.java:addNew(89)) - e4b90157-0987-4622-adc9-0404bea551ef: addNew group-35796AD33877:[e4b90157-0987-4622-adc9-0404bea551ef:192.168.157.195:45782] returns group-35796AD33877:java.util.concurrent.CompletableFuture@47d39848[Not completed]
2019-09-12 10:33:27,919 [pool-135-thread-1] INFO  impl.RaftServerImpl (RaftServerImpl.java:<init>(93)) - e4b90157-0987-4622-adc9-0404bea551ef: new RaftServerImpl for group-35796AD33877:[e4b90157-0987-4622-adc9-0404bea551ef:192.168.157.195:45782] with ContainerStateMachine:uninitialized
2019-09-12 10:33:27,919 [pool-135-thread-1] INFO  server.RaftServerConfigKeys (ConfUtils.java:logGet(43)) - raft.server.rpc.timeout.min = 5s (custom)
2019-09-12 10:33:27,919 [pool-135-thread-1] INFO  server.RaftServerConfigKeys (ConfUtils.java:logGet(43)) - raft.server.rpc.timeout.max = 5200ms (custom)
2019-09-12 10:33:27,919 [pool-135-thread-1] INFO  server.RaftServerConfigKeys (ConfUtils.java:logGet(43)) - raft.server.rpcslowness.timeout = 120s (custom)
2019-09-12 10:33:27,919 [pool-135-thread-1] INFO  server.RaftServerConfigKeys (ConfUtils.java:logGet(43)) - raft.server.sleep.deviation.threshold = 300 (default)
2019-09-12 10:33:27,919 [pool-135-thread-1] INFO  server.RaftServerConfigKeys (ConfUtils.java:logGet(43)) - raft.server.log.appender.install.snapshot.enabled = false (custom)
2019-09-12 10:33:27,920 [pool-135-thread-1] INFO  impl.RaftServerImpl (ServerState.java:<init>(105)) - e4b90157-0987-4622-adc9-0404bea551ef:group-35796AD33877 ConfigurationManager, init=-1: [e4b90157-0987-4622-adc9-0404bea551ef:192.168.157.195:45782], old=null, confs=<EMPTY_MAP>
2019-09-12 10:33:27,920 [pool-135-thread-1] INFO  server.RaftServerConfigKeys (ConfUtils.java:logGet(43)) - raft.server.storage.dir = [/workdir/hadoop-ozone/integration-test/target/test-dir/MiniOzoneClusterImpl-2d656029-9dde-45a3-b7cd-f2d738c2cb44/datanode-1/data/ratis] (custom)
2019-09-12 10:33:27,920 [pool-135-thread-1] INFO  storage.RaftStorageDirectory (RaftStorageDirectory.java:analyzeStorage(246)) - The storage directory /workdir/hadoop-ozone/integration-test/target/test-dir/MiniOzoneClusterImpl-2d656029-9dde-45a3-b7cd-f2d738c2cb44/datanode-1/data/ratis/1eb62d6c-8032-44dd-bcec-35796ad33877 does not exist. Creating ...
2019-09-12 10:33:27,933 [pool-135-thread-1] INFO  storage.RaftStorageDirectory (RaftStorageDirectory.java:tryLock(328)) - Lock on /workdir/hadoop-ozone/integration-test/target/test-dir/MiniOzoneClusterImpl-2d656029-9dde-45a3-b7cd-f2d738c2cb44/datanode-1/data/ratis/1eb62d6c-8032-44dd-bcec-35796ad33877/in_use.lock acquired by nodename 32653@pr-hdds-1569-xtfnx-3545843844
2019-09-12 10:33:27,946 [pool-135-thread-1] INFO  storage.RaftStorage (RaftStorage.java:format(72)) - Storage directory /workdir/hadoop-ozone/integration-test/target/test-dir/MiniOzoneClusterImpl-2d656029-9dde-45a3-b7cd-f2d738c2cb44/datanode-1/data/ratis/1eb62d6c-8032-44dd-bcec-35796ad33877 has been successfully formatted.
2019-09-12 10:33:27,946 [pool-135-thread-1] INFO  ratis.ContainerStateMachine (ContainerStateMachine.java:loadSnapshot(226)) - group-35796AD33877: The snapshot info is null. Setting the last applied indexto:(t:0, i:~)
2019-09-12 10:33:27,946 [pool-135-thread-1] INFO  server.RaftServerConfigKeys (ConfUtils.java:logGet(43)) - raft.server.leader.election.timeout = 120s (custom)
2019-09-12 10:33:27,946 [pool-135-thread-1] INFO  server.RaftServerConfigKeys (ConfUtils.java:logGet(43)) - raft.server.log.use.memory = false (default)
2019-09-12 10:33:27,946 [pool-135-thread-1] INFO  server.RaftServerConfigKeys (ConfUtils.java:logGet(43)) - raft.server.log.purge.gap = 1000000 (custom)
2019-09-12 10:33:27,947 [pool-135-thread-1] INFO  server.RaftServerConfigKeys (ConfUtils.java:logGet(43)) - raft.server.log.appender.buffer.byte-limit = 33554432 (custom)
2019-09-12 10:33:27,947 [pool-135-thread-1] INFO  server.RaftServerConfigKeys (ConfUtils.java:logGet(43)) - raft.server.log.segment.size.max = 1048576 (custom)
2019-09-12 10:33:27,947 [pool-135-thread-1] INFO  server.RaftServerConfigKeys (ConfUtils.java:logGet(43)) - raft.server.log.segment.cache.num.max = 2 (custom)
2019-09-12 10:33:27,947 [pool-135-thread-1] INFO  segmented.SegmentedRaftLogWorker (SegmentedRaftLogWorker.java:<init>(172)) - new e4b90157-0987-4622-adc9-0404bea551ef-SegmentedRaftLogWorker:Storage Directory /workdir/hadoop-ozone/integration-test/target/test-dir/MiniOzoneClusterImpl-2d656029-9dde-45a3-b7cd-f2d738c2cb44/datanode-1/data/ratis/1eb62d6c-8032-44dd-bcec-35796ad33877 for RaftStorage:Storage Directory /workdir/hadoop-ozone/integration-test/target/test-dir/MiniOzoneClusterImpl-2d656029-9dde-45a3-b7cd-f2d738c2cb44/datanode-1/data/ratis/1eb62d6c-8032-44dd-bcec-35796ad33877
2019-09-12 10:33:27,947 [pool-135-thread-1] INFO  server.RaftServerConfigKeys (ConfUtils.java:logGet(43)) - raft.server.log.queue.byte-limit = 2147483647 (custom)
2019-09-12 10:33:27,947 [pool-135-thread-1] INFO  server.RaftServerConfigKeys (ConfUtils.java:logGet(43)) - raft.server.log.queue.element-limit = 1024 (custom)
2019-09-12 10:33:27,947 [pool-135-thread-1] INFO  server.RaftServerConfigKeys (ConfUtils.java:logGet(43)) - raft.server.log.segment.size.max = 1048576 (custom)
2019-09-12 10:33:27,948 [pool-135-thread-1] INFO  server.RaftServerConfigKeys (ConfUtils.java:logGet(43)) - raft.server.log.preallocated.size = 16384 (custom)
2019-09-12 10:33:27,948 [pool-135-thread-1] INFO  server.RaftServerConfigKeys (ConfUtils.java:logGet(43)) - raft.server.log.write.buffer.size = 33554432 (custom)
2019-09-12 10:33:27,948 [pool-135-thread-1] INFO  server.RaftServerConfigKeys (ConfUtils.java:logGet(43)) - raft.server.log.force.sync.num = 128 (default)
2019-09-12 10:33:27,948 [pool-135-thread-1] INFO  server.RaftServerConfigKeys (ConfUtils.java:logGet(43)) - raft.server.log.statemachine.data.sync = true (default)
2019-09-12 10:33:27,948 [pool-135-thread-1] INFO  server.RaftServerConfigKeys (ConfUtils.java:logGet(43)) - raft.server.log.statemachine.data.sync.timeout = 10s (default)
2019-09-12 10:33:27,948 [pool-135-thread-1] INFO  server.RaftServerConfigKeys (ConfUtils.java:logGet(43)) - raft.server.log.statemachine.data.sync.timeout.retry = -1 (default)
2019-09-12 10:33:27,948 [pool-135-thread-1] INFO  server.RaftServerConfigKeys (ConfUtils.java:logGet(43)) - raft.server.log.statemachine.data.caching.enabled = true (custom)
2019-09-12 10:33:27,949 [pool-135-thread-1] INFO  segmented.SegmentedRaftLogWorker (SegmentedRaftLogWorker.java:lambda$new$0(132)) - e4b90157-0987-4622-adc9-0404bea551ef-SegmentedRaftLogWorker:Storage Directory /workdir/hadoop-ozone/integration-test/target/test-dir/MiniOzoneClusterImpl-2d656029-9dde-45a3-b7cd-f2d738c2cb44/datanode-1/data/ratis/1eb62d6c-8032-44dd-bcec-35796ad33877: flushIndex: setUnconditionally 0 -> -1
2019-09-12 10:33:27,949 [pool-135-thread-1] INFO  server.RaftServerConfigKeys (ConfUtils.java:logGet(43)) - raft.server.snapshot.auto.trigger.enabled = true (custom)
2019-09-12 10:33:27,949 [pool-135-thread-1] INFO  server.RaftServerConfigKeys (ConfUtils.java:logGet(43)) - raft.server.snapshot.auto.trigger.threshold = 10000 (custom)
2019-09-12 10:33:27,949 [pool-135-thread-1] INFO  server.RaftServerConfigKeys (ConfUtils.java:logGet(43)) - raft.server.retrycache.expirytime = 600000ms (custom)
2019-09-12 10:33:27,950 [pool-135-thread-1] INFO  impl.RaftServerImpl (RaftServerImpl.java:start(180)) - e4b90157-0987-4622-adc9-0404bea551ef: start group-35796AD33877
2019-09-12 10:33:27,950 [pool-135-thread-1] INFO  impl.RaftServerImpl (RaftServerImpl.java:setRole(171)) - e4b90157-0987-4622-adc9-0404bea551ef:group-35796AD33877 changes role from null to FOLLOWER at term 0 for startAsFollower
2019-09-12 10:33:27,950 [pool-135-thread-1] INFO  impl.RoleInfo (RoleInfo.java:updateAndGet(143)) - e4b90157-0987-4622-adc9-0404bea551ef: start FollowerState
2019-09-12 10:33:27,950 [pool-135-thread-1] INFO  util.JmxRegister (JmxRegister.java:tryRegister(44)) - Successfully registered JMX Bean with object name Ratis:service=RaftServer,group=group-35796AD33877,id=e4b90157-0987-4622-adc9-0404bea551ef
2019-09-12 10:33:27,954 [RatisPipelineUtilsThread] INFO  pipeline.PipelineStateManager (PipelineStateManager.java:addPipeline(56)) - Created pipeline Pipeline[ Id: 1eb62d6c-8032-44dd-bcec-35796ad33877, Nodes: e4b90157-0987-4622-adc9-0404bea551ef{ip: 192.168.157.195, host: pr-hdds-1569-xtfnx-3545843844, networkLocation: /default-rack, certSerialId: null}, Type:RATIS, Factor:ONE, State:OPEN]
2019-09-12 10:33:27,961 [grpc-default-executor-0] INFO  impl.RaftServerProxy (RaftServerProxy.java:addNew(89)) - 010b2855-0e1d-4bbd-b76a-4560f989b9a3: addNew group-010BEE1D53F6:[010b2855-0e1d-4bbd-b76a-4560f989b9a3:192.168.157.195:43711] returns group-010BEE1D53F6:java.util.concurrent.CompletableFuture@78ce6d76[Not completed]
2019-09-12 10:33:27,963 [pool-124-thread-1] INFO  impl.RaftServerImpl (RaftServerImpl.java:<init>(93)) - 010b2855-0e1d-4bbd-b76a-4560f989b9a3: new RaftServerImpl for group-010BEE1D53F6:[010b2855-0e1d-4bbd-b76a-4560f989b9a3:192.168.157.195:43711] with ContainerStateMachine:uninitialized
2019-09-12 10:33:27,963 [pool-124-thread-1] INFO  server.RaftServerConfigKeys (ConfUtils.java:logGet(43)) - raft.server.rpc.timeout.min = 5s (custom)
2019-09-12 10:33:27,963 [pool-124-thread-1] INFO  server.RaftServerConfigKeys (ConfUtils.java:logGet(43)) - raft.server.rpc.timeout.max = 5200ms (custom)
2019-09-12 10:33:27,964 [pool-124-thread-1] INFO  server.RaftServerConfigKeys (ConfUtils.java:logGet(43)) - raft.server.rpcslowness.timeout = 120s (custom)
2019-09-12 10:33:27,964 [pool-124-thread-1] INFO  server.RaftServerConfigKeys (ConfUtils.java:logGet(43)) - raft.server.sleep.deviation.threshold = 300 (default)
2019-09-12 10:33:27,964 [pool-124-thread-1] INFO  server.RaftServerConfigKeys (ConfUtils.java:logGet(43)) - raft.server.log.appender.install.snapshot.enabled = false (custom)
2019-09-12 10:33:27,964 [pool-124-thread-1] INFO  impl.RaftServerImpl (ServerState.java:<init>(105)) - 010b2855-0e1d-4bbd-b76a-4560f989b9a3:group-010BEE1D53F6 ConfigurationManager, init=-1: [010b2855-0e1d-4bbd-b76a-4560f989b9a3:192.168.157.195:43711], old=null, confs=<EMPTY_MAP>
2019-09-12 10:33:27,964 [pool-124-thread-1] INFO  server.RaftServerConfigKeys (ConfUtils.java:logGet(43)) - raft.server.storage.dir = [/workdir/hadoop-ozone/integration-test/target/test-dir/MiniOzoneClusterImpl-2d656029-9dde-45a3-b7cd-f2d738c2cb44/datanode-0/data/ratis] (custom)
2019-09-12 10:33:27,965 [pool-124-thread-1] INFO  storage.RaftStorageDirectory (RaftStorageDirectory.java:analyzeStorage(246)) - The storage directory /workdir/hadoop-ozone/integration-test/target/test-dir/MiniOzoneClusterImpl-2d656029-9dde-45a3-b7cd-f2d738c2cb44/datanode-0/data/ratis/5ed265c5-7848-438c-a038-010bee1d53f6 does not exist. Creating ...
2019-09-12 10:33:27,977 [pool-124-thread-1] INFO  storage.RaftStorageDirectory (RaftStorageDirectory.java:tryLock(328)) - Lock on /workdir/hadoop-ozone/integration-test/target/test-dir/MiniOzoneClusterImpl-2d656029-9dde-45a3-b7cd-f2d738c2cb44/datanode-0/data/ratis/5ed265c5-7848-438c-a038-010bee1d53f6/in_use.lock acquired by nodename 32653@pr-hdds-1569-xtfnx-3545843844
2019-09-12 10:33:27,991 [pool-124-thread-1] INFO  storage.RaftStorage (RaftStorage.java:format(72)) - Storage directory /workdir/hadoop-ozone/integration-test/target/test-dir/MiniOzoneClusterImpl-2d656029-9dde-45a3-b7cd-f2d738c2cb44/datanode-0/data/ratis/5ed265c5-7848-438c-a038-010bee1d53f6 has been successfully formatted.
2019-09-12 10:33:27,991 [pool-124-thread-1] INFO  ratis.ContainerStateMachine (ContainerStateMachine.java:loadSnapshot(226)) - group-010BEE1D53F6: The snapshot info is null. Setting the last applied indexto:(t:0, i:~)
2019-09-12 10:33:27,992 [pool-124-thread-1] INFO  server.RaftServerConfigKeys (ConfUtils.java:logGet(43)) - raft.server.leader.election.timeout = 120s (custom)
2019-09-12 10:33:27,992 [pool-124-thread-1] INFO  server.RaftServerConfigKeys (ConfUtils.java:logGet(43)) - raft.server.log.use.memory = false (default)
2019-09-12 10:33:27,992 [pool-124-thread-1] INFO  server.RaftServerConfigKeys (ConfUtils.java:logGet(43)) - raft.server.log.purge.gap = 1000000 (custom)
2019-09-12 10:33:27,992 [pool-124-thread-1] INFO  server.RaftServerConfigKeys (ConfUtils.java:logGet(43)) - raft.server.log.appender.buffer.byte-limit = 33554432 (custom)
2019-09-12 10:33:27,992 [pool-124-thread-1] INFO  server.RaftServerConfigKeys (ConfUtils.java:logGet(43)) - raft.server.log.segment.size.max = 1048576 (custom)
2019-09-12 10:33:27,993 [pool-124-thread-1] INFO  server.RaftServerConfigKeys (ConfUtils.java:logGet(43)) - raft.server.log.segment.cache.num.max = 2 (custom)
2019-09-12 10:33:27,993 [pool-124-thread-1] INFO  segmented.SegmentedRaftLogWorker (SegmentedRaftLogWorker.java:<init>(172)) - new 010b2855-0e1d-4bbd-b76a-4560f989b9a3-SegmentedRaftLogWorker:Storage Directory /workdir/hadoop-ozone/integration-test/target/test-dir/MiniOzoneClusterImpl-2d656029-9dde-45a3-b7cd-f2d738c2cb44/datanode-0/data/ratis/5ed265c5-7848-438c-a038-010bee1d53f6 for RaftStorage:Storage Directory /workdir/hadoop-ozone/integration-test/target/test-dir/MiniOzoneClusterImpl-2d656029-9dde-45a3-b7cd-f2d738c2cb44/datanode-0/data/ratis/5ed265c5-7848-438c-a038-010bee1d53f6
2019-09-12 10:33:27,993 [pool-124-thread-1] INFO  server.RaftServerConfigKeys (ConfUtils.java:logGet(43)) - raft.server.log.queue.byte-limit = 2147483647 (custom)
2019-09-12 10:33:27,993 [pool-124-thread-1] INFO  server.RaftServerConfigKeys (ConfUtils.java:logGet(43)) - raft.server.log.queue.element-limit = 1024 (custom)
2019-09-12 10:33:27,993 [pool-124-thread-1] INFO  server.RaftServerConfigKeys (ConfUtils.java:logGet(43)) - raft.server.log.segment.size.max = 1048576 (custom)
2019-09-12 10:33:27,994 [pool-124-thread-1] INFO  server.RaftServerConfigKeys (ConfUtils.java:logGet(43)) - raft.server.log.preallocated.size = 16384 (custom)
2019-09-12 10:33:27,994 [pool-124-thread-1] INFO  server.RaftServerConfigKeys (ConfUtils.java:logGet(43)) - raft.server.log.write.buffer.size = 33554432 (custom)
2019-09-12 10:33:27,994 [pool-124-thread-1] INFO  server.RaftServerConfigKeys (ConfUtils.java:logGet(43)) - raft.server.log.force.sync.num = 128 (default)
2019-09-12 10:33:27,994 [pool-124-thread-1] INFO  server.RaftServerConfigKeys (ConfUtils.java:logGet(43)) - raft.server.log.statemachine.data.sync = true (default)
2019-09-12 10:33:27,994 [pool-124-thread-1] INFO  server.RaftServerConfigKeys (ConfUtils.java:logGet(43)) - raft.server.log.statemachine.data.sync.timeout = 10s (default)
2019-09-12 10:33:27,995 [pool-124-thread-1] INFO  server.RaftServerConfigKeys (ConfUtils.java:logGet(43)) - raft.server.log.statemachine.data.sync.timeout.retry = -1 (default)
2019-09-12 10:33:27,995 [pool-124-thread-1] INFO  server.RaftServerConfigKeys (ConfUtils.java:logGet(43)) - raft.server.log.statemachine.data.caching.enabled = true (custom)
2019-09-12 10:33:27,995 [pool-124-thread-1] INFO  segmented.SegmentedRaftLogWorker (SegmentedRaftLogWorker.java:lambda$new$0(132)) - 010b2855-0e1d-4bbd-b76a-4560f989b9a3-SegmentedRaftLogWorker:Storage Directory /workdir/hadoop-ozone/integration-test/target/test-dir/MiniOzoneClusterImpl-2d656029-9dde-45a3-b7cd-f2d738c2cb44/datanode-0/data/ratis/5ed265c5-7848-438c-a038-010bee1d53f6: flushIndex: setUnconditionally 0 -> -1
2019-09-12 10:33:27,996 [pool-124-thread-1] INFO  server.RaftServerConfigKeys (ConfUtils.java:logGet(43)) - raft.server.snapshot.auto.trigger.enabled = true (custom)
2019-09-12 10:33:27,996 [pool-124-thread-1] INFO  server.RaftServerConfigKeys (ConfUtils.java:logGet(43)) - raft.server.snapshot.auto.trigger.threshold = 10000 (custom)
2019-09-12 10:33:27,996 [pool-124-thread-1] INFO  server.RaftServerConfigKeys (ConfUtils.java:logGet(43)) - raft.server.retrycache.expirytime = 600000ms (custom)
2019-09-12 10:33:27,996 [pool-124-thread-1] INFO  impl.RaftServerImpl (RaftServerImpl.java:start(180)) - 010b2855-0e1d-4bbd-b76a-4560f989b9a3: start group-010BEE1D53F6
2019-09-12 10:33:27,997 [pool-124-thread-1] INFO  impl.RaftServerImpl (RaftServerImpl.java:setRole(171)) - 010b2855-0e1d-4bbd-b76a-4560f989b9a3:group-010BEE1D53F6 changes role from null to FOLLOWER at term 0 for startAsFollower
2019-09-12 10:33:27,997 [pool-124-thread-1] INFO  impl.RoleInfo (RoleInfo.java:updateAndGet(143)) - 010b2855-0e1d-4bbd-b76a-4560f989b9a3: start FollowerState
2019-09-12 10:33:27,997 [pool-124-thread-1] INFO  util.JmxRegister (JmxRegister.java:tryRegister(44)) - Successfully registered JMX Bean with object name Ratis:service=RaftServer,group=group-010BEE1D53F6,id=010b2855-0e1d-4bbd-b76a-4560f989b9a3
2019-09-12 10:33:28,001 [RatisPipelineUtilsThread] INFO  pipeline.PipelineStateManager (PipelineStateManager.java:addPipeline(56)) - Created pipeline Pipeline[ Id: 5ed265c5-7848-438c-a038-010bee1d53f6, Nodes: 010b2855-0e1d-4bbd-b76a-4560f989b9a3{ip: 192.168.157.195, host: pr-hdds-1569-xtfnx-3545843844, networkLocation: /default-rack, certSerialId: null}, Type:RATIS, Factor:ONE, State:OPEN]
2019-09-12 10:33:28,002 [RatisPipelineUtilsThread] ERROR pipeline.PipelinePlacementPolicy (PipelinePlacementPolicy.java:meetCriteria(91)) - Pipeline Placement: Doesn't meet the criteria to be viable node. Heaviness: 6
2019-09-12 10:33:28,012 [grpc-default-executor-0] INFO  impl.RaftServerProxy (RaftServerProxy.java:addNew(89)) - 8bce8832-9727-4b35-a9b5-3df7187e4e21: addNew group-7FC6FAD3DCEE:[8bce8832-9727-4b35-a9b5-3df7187e4e21:192.168.157.195:43912] returns group-7FC6FAD3DCEE:java.util.concurrent.CompletableFuture@4dcbeec1[Not completed]
2019-09-12 10:33:28,019 [pool-146-thread-1] INFO  impl.RaftServerImpl (RaftServerImpl.java:<init>(93)) - 8bce8832-9727-4b35-a9b5-3df7187e4e21: new RaftServerImpl for group-7FC6FAD3DCEE:[8bce8832-9727-4b35-a9b5-3df7187e4e21:192.168.157.195:43912] with ContainerStateMachine:uninitialized
2019-09-12 10:33:28,019 [pool-146-thread-1] INFO  server.RaftServerConfigKeys (ConfUtils.java:logGet(43)) - raft.server.rpc.timeout.min = 5s (custom)
2019-09-12 10:33:28,020 [pool-146-thread-1] INFO  server.RaftServerConfigKeys (ConfUtils.java:logGet(43)) - raft.server.rpc.timeout.max = 5200ms (custom)
2019-09-12 10:33:28,020 [pool-146-thread-1] INFO  server.RaftServerConfigKeys (ConfUtils.java:logGet(43)) - raft.server.rpcslowness.timeout = 120s (custom)
2019-09-12 10:33:28,020 [pool-146-thread-1] INFO  server.RaftServerConfigKeys (ConfUtils.java:logGet(43)) - raft.server.sleep.deviation.threshold = 300 (default)
2019-09-12 10:33:28,020 [pool-146-thread-1] INFO  server.RaftServerConfigKeys (ConfUtils.java:logGet(43)) - raft.server.log.appender.install.snapshot.enabled = false (custom)
2019-09-12 10:33:28,020 [pool-146-thread-1] INFO  impl.RaftServerImpl (ServerState.java:<init>(105)) - 8bce8832-9727-4b35-a9b5-3df7187e4e21:group-7FC6FAD3DCEE ConfigurationManager, init=-1: [8bce8832-9727-4b35-a9b5-3df7187e4e21:192.168.157.195:43912], old=null, confs=<EMPTY_MAP>
2019-09-12 10:33:28,021 [pool-146-thread-1] INFO  server.RaftServerConfigKeys (ConfUtils.java:logGet(43)) - raft.server.storage.dir = [/workdir/hadoop-ozone/integration-test/target/test-dir/MiniOzoneClusterImpl-2d656029-9dde-45a3-b7cd-f2d738c2cb44/datanode-2/data/ratis] (custom)
2019-09-12 10:33:28,021 [pool-146-thread-1] INFO  storage.RaftStorageDirectory (RaftStorageDirectory.java:analyzeStorage(246)) - The storage directory /workdir/hadoop-ozone/integration-test/target/test-dir/MiniOzoneClusterImpl-2d656029-9dde-45a3-b7cd-f2d738c2cb44/datanode-2/data/ratis/39135a80-1991-4bf5-b91d-7fc6fad3dcee does not exist. Creating ...
2019-09-12 10:33:28,034 [pool-146-thread-1] INFO  storage.RaftStorageDirectory (RaftStorageDirectory.java:tryLock(328)) - Lock on /workdir/hadoop-ozone/integration-test/target/test-dir/MiniOzoneClusterImpl-2d656029-9dde-45a3-b7cd-f2d738c2cb44/datanode-2/data/ratis/39135a80-1991-4bf5-b91d-7fc6fad3dcee/in_use.lock acquired by nodename 32653@pr-hdds-1569-xtfnx-3545843844
2019-09-12 10:33:28,047 [IPC Server handler 2 on 41229] INFO  net.NetworkTopology (NetworkTopologyImpl.java:add(110)) - Added a new node: /default-rack/afdb29cf-c3b8-498d-8640-0d0c0297edd0
2019-09-12 10:33:28,047 [IPC Server handler 2 on 41229] INFO  node.SCMNodeManager (SCMNodeManager.java:register(273)) - Registered Data node : afdb29cf-c3b8-498d-8640-0d0c0297edd0{ip: 192.168.157.195, host: pr-hdds-1569-xtfnx-3545843844, networkLocation: /default-rack, certSerialId: null}
2019-09-12 10:33:28,047 | INFO  | SCMAudit | user=jenkins1000 | ip=192.168.157.195 | op=REGISTER {datanodeDetails=afdb29cf-c3b8-498d-8640-0d0c0297edd0{ip: 192.168.157.195, host: pr-hdds-1569-xtfnx-3545843844, networkLocation: /default-rack, certSerialId: null}} | ret=SUCCESS |  
2019-09-12 10:33:28,057 [pool-146-thread-1] INFO  storage.RaftStorage (RaftStorage.java:format(72)) - Storage directory /workdir/hadoop-ozone/integration-test/target/test-dir/MiniOzoneClusterImpl-2d656029-9dde-45a3-b7cd-f2d738c2cb44/datanode-2/data/ratis/39135a80-1991-4bf5-b91d-7fc6fad3dcee has been successfully formatted.
2019-09-12 10:33:28,058 [pool-146-thread-1] INFO  ratis.ContainerStateMachine (ContainerStateMachine.java:loadSnapshot(226)) - group-7FC6FAD3DCEE: The snapshot info is null. Setting the last applied indexto:(t:0, i:~)
2019-09-12 10:33:28,059 [pool-146-thread-1] INFO  server.RaftServerConfigKeys (ConfUtils.java:logGet(43)) - raft.server.leader.election.timeout = 120s (custom)
2019-09-12 10:33:28,059 [pool-146-thread-1] INFO  server.RaftServerConfigKeys (ConfUtils.java:logGet(43)) - raft.server.log.use.memory = false (default)
2019-09-12 10:33:28,059 [pool-146-thread-1] INFO  server.RaftServerConfigKeys (ConfUtils.java:logGet(43)) - raft.server.log.purge.gap = 1000000 (custom)
2019-09-12 10:33:28,059 [pool-146-thread-1] INFO  server.RaftServerConfigKeys (ConfUtils.java:logGet(43)) - raft.server.log.appender.buffer.byte-limit = 33554432 (custom)
2019-09-12 10:33:28,059 [pool-146-thread-1] INFO  server.RaftServerConfigKeys (ConfUtils.java:logGet(43)) - raft.server.log.segment.size.max = 1048576 (custom)
2019-09-12 10:33:28,059 [pool-146-thread-1] INFO  server.RaftServerConfigKeys (ConfUtils.java:logGet(43)) - raft.server.log.segment.cache.num.max = 2 (custom)
2019-09-12 10:33:28,060 [pool-146-thread-1] INFO  segmented.SegmentedRaftLogWorker (SegmentedRaftLogWorker.java:<init>(172)) - new 8bce8832-9727-4b35-a9b5-3df7187e4e21-SegmentedRaftLogWorker:Storage Directory /workdir/hadoop-ozone/integration-test/target/test-dir/MiniOzoneClusterImpl-2d656029-9dde-45a3-b7cd-f2d738c2cb44/datanode-2/data/ratis/39135a80-1991-4bf5-b91d-7fc6fad3dcee for RaftStorage:Storage Directory /workdir/hadoop-ozone/integration-test/target/test-dir/MiniOzoneClusterImpl-2d656029-9dde-45a3-b7cd-f2d738c2cb44/datanode-2/data/ratis/39135a80-1991-4bf5-b91d-7fc6fad3dcee
2019-09-12 10:33:28,060 [pool-146-thread-1] INFO  server.RaftServerConfigKeys (ConfUtils.java:logGet(43)) - raft.server.log.queue.byte-limit = 2147483647 (custom)
2019-09-12 10:33:28,060 [pool-146-thread-1] INFO  server.RaftServerConfigKeys (ConfUtils.java:logGet(43)) - raft.server.log.queue.element-limit = 1024 (custom)
2019-09-12 10:33:28,060 [pool-146-thread-1] INFO  server.RaftServerConfigKeys (ConfUtils.java:logGet(43)) - raft.server.log.segment.size.max = 1048576 (custom)
2019-09-12 10:33:28,061 [pool-146-thread-1] INFO  server.RaftServerConfigKeys (ConfUtils.java:logGet(43)) - raft.server.log.preallocated.size = 16384 (custom)
2019-09-12 10:33:28,061 [pool-146-thread-1] INFO  server.RaftServerConfigKeys (ConfUtils.java:logGet(43)) - raft.server.log.write.buffer.size = 33554432 (custom)
2019-09-12 10:33:28,061 [pool-146-thread-1] INFO  server.RaftServerConfigKeys (ConfUtils.java:logGet(43)) - raft.server.log.force.sync.num = 128 (default)
2019-09-12 10:33:28,061 [pool-146-thread-1] INFO  server.RaftServerConfigKeys (ConfUtils.java:logGet(43)) - raft.server.log.statemachine.data.sync = true (default)
2019-09-12 10:33:28,061 [pool-146-thread-1] INFO  server.RaftServerConfigKeys (ConfUtils.java:logGet(43)) - raft.server.log.statemachine.data.sync.timeout = 10s (default)
2019-09-12 10:33:28,062 [pool-146-thread-1] INFO  server.RaftServerConfigKeys (ConfUtils.java:logGet(43)) - raft.server.log.statemachine.data.sync.timeout.retry = -1 (default)
2019-09-12 10:33:28,062 [pool-146-thread-1] INFO  server.RaftServerConfigKeys (ConfUtils.java:logGet(43)) - raft.server.log.statemachine.data.caching.enabled = true (custom)
2019-09-12 10:33:28,062 [pool-146-thread-1] INFO  segmented.SegmentedRaftLogWorker (SegmentedRaftLogWorker.java:lambda$new$0(132)) - 8bce8832-9727-4b35-a9b5-3df7187e4e21-SegmentedRaftLogWorker:Storage Directory /workdir/hadoop-ozone/integration-test/target/test-dir/MiniOzoneClusterImpl-2d656029-9dde-45a3-b7cd-f2d738c2cb44/datanode-2/data/ratis/39135a80-1991-4bf5-b91d-7fc6fad3dcee: flushIndex: setUnconditionally 0 -> -1
2019-09-12 10:33:28,063 [pool-146-thread-1] INFO  server.RaftServerConfigKeys (ConfUtils.java:logGet(43)) - raft.server.snapshot.auto.trigger.enabled = true (custom)
2019-09-12 10:33:28,063 [pool-146-thread-1] INFO  server.RaftServerConfigKeys (ConfUtils.java:logGet(43)) - raft.server.snapshot.auto.trigger.threshold = 10000 (custom)
2019-09-12 10:33:28,063 [pool-146-thread-1] INFO  server.RaftServerConfigKeys (ConfUtils.java:logGet(43)) - raft.server.retrycache.expirytime = 600000ms (custom)
2019-09-12 10:33:28,063 [pool-146-thread-1] INFO  impl.RaftServerImpl (RaftServerImpl.java:start(180)) - 8bce8832-9727-4b35-a9b5-3df7187e4e21: start group-7FC6FAD3DCEE
2019-09-12 10:33:28,063 [pool-146-thread-1] INFO  impl.RaftServerImpl (RaftServerImpl.java:setRole(171)) - 8bce8832-9727-4b35-a9b5-3df7187e4e21:group-7FC6FAD3DCEE changes role from null to FOLLOWER at term 0 for startAsFollower
2019-09-12 10:33:28,064 [pool-146-thread-1] INFO  impl.RoleInfo (RoleInfo.java:updateAndGet(143)) - 8bce8832-9727-4b35-a9b5-3df7187e4e21: start FollowerState
2019-09-12 10:33:28,064 [pool-146-thread-1] INFO  util.JmxRegister (JmxRegister.java:tryRegister(44)) - Successfully registered JMX Bean with object name Ratis:service=RaftServer,group=group-7FC6FAD3DCEE,id=8bce8832-9727-4b35-a9b5-3df7187e4e21
2019-09-12 10:33:28,068 [RatisPipelineUtilsThread] INFO  pipeline.PipelineStateManager (PipelineStateManager.java:addPipeline(56)) - Created pipeline Pipeline[ Id: 39135a80-1991-4bf5-b91d-7fc6fad3dcee, Nodes: 8bce8832-9727-4b35-a9b5-3df7187e4e21{ip: 192.168.157.195, host: pr-hdds-1569-xtfnx-3545843844, networkLocation: /default-rack, certSerialId: null}, Type:RATIS, Factor:ONE, State:OPEN]
2019-09-12 10:33:28,068 [RatisPipelineUtilsThread] ERROR pipeline.PipelinePlacementPolicy (PipelinePlacementPolicy.java:meetCriteria(91)) - Pipeline Placement: Doesn't meet the criteria to be viable node. Heaviness: 6
2019-09-12 10:33:28,074 [grpc-default-executor-0] INFO  impl.RaftServerProxy (RaftServerProxy.java:addNew(89)) - e4b90157-0987-4622-adc9-0404bea551ef: addNew group-768D6499DAEB:[e4b90157-0987-4622-adc9-0404bea551ef:192.168.157.195:45782] returns group-768D6499DAEB:java.util.concurrent.CompletableFuture@53ab18d7[Not completed]
2019-09-12 10:33:28,076 [pool-135-thread-1] INFO  impl.RaftServerImpl (RaftServerImpl.java:<init>(93)) - e4b90157-0987-4622-adc9-0404bea551ef: new RaftServerImpl for group-768D6499DAEB:[e4b90157-0987-4622-adc9-0404bea551ef:192.168.157.195:45782] with ContainerStateMachine:uninitialized
2019-09-12 10:33:28,076 [pool-135-thread-1] INFO  server.RaftServerConfigKeys (ConfUtils.java:logGet(43)) - raft.server.rpc.timeout.min = 5s (custom)
2019-09-12 10:33:28,076 [pool-135-thread-1] INFO  server.RaftServerConfigKeys (ConfUtils.java:logGet(43)) - raft.server.rpc.timeout.max = 5200ms (custom)
2019-09-12 10:33:28,077 [pool-135-thread-1] INFO  server.RaftServerConfigKeys (ConfUtils.java:logGet(43)) - raft.server.rpcslowness.timeout = 120s (custom)
2019-09-12 10:33:28,077 [pool-135-thread-1] INFO  server.RaftServerConfigKeys (ConfUtils.java:logGet(43)) - raft.server.sleep.deviation.threshold = 300 (default)
2019-09-12 10:33:28,077 [pool-135-thread-1] INFO  server.RaftServerConfigKeys (ConfUtils.java:logGet(43)) - raft.server.log.appender.install.snapshot.enabled = false (custom)
2019-09-12 10:33:28,077 [pool-135-thread-1] INFO  impl.RaftServerImpl (ServerState.java:<init>(105)) - e4b90157-0987-4622-adc9-0404bea551ef:group-768D6499DAEB ConfigurationManager, init=-1: [e4b90157-0987-4622-adc9-0404bea551ef:192.168.157.195:45782], old=null, confs=<EMPTY_MAP>
2019-09-12 10:33:28,078 [pool-135-thread-1] INFO  server.RaftServerConfigKeys (ConfUtils.java:logGet(43)) - raft.server.storage.dir = [/workdir/hadoop-ozone/integration-test/target/test-dir/MiniOzoneClusterImpl-2d656029-9dde-45a3-b7cd-f2d738c2cb44/datanode-1/data/ratis] (custom)
2019-09-12 10:33:28,078 [pool-135-thread-1] INFO  storage.RaftStorageDirectory (RaftStorageDirectory.java:analyzeStorage(246)) - The storage directory /workdir/hadoop-ozone/integration-test/target/test-dir/MiniOzoneClusterImpl-2d656029-9dde-45a3-b7cd-f2d738c2cb44/datanode-1/data/ratis/4ba54661-c837-4111-9138-768d6499daeb does not exist. Creating ...
2019-09-12 10:33:28,100 [pool-135-thread-1] INFO  storage.RaftStorageDirectory (RaftStorageDirectory.java:tryLock(328)) - Lock on /workdir/hadoop-ozone/integration-test/target/test-dir/MiniOzoneClusterImpl-2d656029-9dde-45a3-b7cd-f2d738c2cb44/datanode-1/data/ratis/4ba54661-c837-4111-9138-768d6499daeb/in_use.lock acquired by nodename 32653@pr-hdds-1569-xtfnx-3545843844
2019-09-12 10:33:28,113 [pool-135-thread-1] INFO  storage.RaftStorage (RaftStorage.java:format(72)) - Storage directory /workdir/hadoop-ozone/integration-test/target/test-dir/MiniOzoneClusterImpl-2d656029-9dde-45a3-b7cd-f2d738c2cb44/datanode-1/data/ratis/4ba54661-c837-4111-9138-768d6499daeb has been successfully formatted.
2019-09-12 10:33:28,113 [pool-135-thread-1] INFO  ratis.ContainerStateMachine (ContainerStateMachine.java:loadSnapshot(226)) - group-768D6499DAEB: The snapshot info is null. Setting the last applied indexto:(t:0, i:~)
2019-09-12 10:33:28,113 [pool-135-thread-1] INFO  server.RaftServerConfigKeys (ConfUtils.java:logGet(43)) - raft.server.leader.election.timeout = 120s (custom)
2019-09-12 10:33:28,113 [pool-135-thread-1] INFO  server.RaftServerConfigKeys (ConfUtils.java:logGet(43)) - raft.server.log.use.memory = false (default)
2019-09-12 10:33:28,114 [pool-135-thread-1] INFO  server.RaftServerConfigKeys (ConfUtils.java:logGet(43)) - raft.server.log.purge.gap = 1000000 (custom)
2019-09-12 10:33:28,114 [pool-135-thread-1] INFO  server.RaftServerConfigKeys (ConfUtils.java:logGet(43)) - raft.server.log.appender.buffer.byte-limit = 33554432 (custom)
2019-09-12 10:33:28,114 [pool-135-thread-1] INFO  server.RaftServerConfigKeys (ConfUtils.java:logGet(43)) - raft.server.log.segment.size.max = 1048576 (custom)
2019-09-12 10:33:28,114 [pool-135-thread-1] INFO  server.RaftServerConfigKeys (ConfUtils.java:logGet(43)) - raft.server.log.segment.cache.num.max = 2 (custom)
2019-09-12 10:33:28,114 [pool-135-thread-1] INFO  segmented.SegmentedRaftLogWorker (SegmentedRaftLogWorker.java:<init>(172)) - new e4b90157-0987-4622-adc9-0404bea551ef-SegmentedRaftLogWorker:Storage Directory /workdir/hadoop-ozone/integration-test/target/test-dir/MiniOzoneClusterImpl-2d656029-9dde-45a3-b7cd-f2d738c2cb44/datanode-1/data/ratis/4ba54661-c837-4111-9138-768d6499daeb for RaftStorage:Storage Directory /workdir/hadoop-ozone/integration-test/target/test-dir/MiniOzoneClusterImpl-2d656029-9dde-45a3-b7cd-f2d738c2cb44/datanode-1/data/ratis/4ba54661-c837-4111-9138-768d6499daeb
2019-09-12 10:33:28,114 [pool-135-thread-1] INFO  server.RaftServerConfigKeys (ConfUtils.java:logGet(43)) - raft.server.log.queue.byte-limit = 2147483647 (custom)
2019-09-12 10:33:28,115 [pool-135-thread-1] INFO  server.RaftServerConfigKeys (ConfUtils.java:logGet(43)) - raft.server.log.queue.element-limit = 1024 (custom)
2019-09-12 10:33:28,115 [pool-135-thread-1] INFO  server.RaftServerConfigKeys (ConfUtils.java:logGet(43)) - raft.server.log.segment.size.max = 1048576 (custom)
2019-09-12 10:33:28,115 [pool-135-thread-1] INFO  server.RaftServerConfigKeys (ConfUtils.java:logGet(43)) - raft.server.log.preallocated.size = 16384 (custom)
2019-09-12 10:33:28,115 [pool-135-thread-1] INFO  server.RaftServerConfigKeys (ConfUtils.java:logGet(43)) - raft.server.log.write.buffer.size = 33554432 (custom)
2019-09-12 10:33:28,115 [pool-135-thread-1] INFO  server.RaftServerConfigKeys (ConfUtils.java:logGet(43)) - raft.server.log.force.sync.num = 128 (default)
2019-09-12 10:33:28,115 [pool-135-thread-1] INFO  server.RaftServerConfigKeys (ConfUtils.java:logGet(43)) - raft.server.log.statemachine.data.sync = true (default)
2019-09-12 10:33:28,115 [pool-135-thread-1] INFO  server.RaftServerConfigKeys (ConfUtils.java:logGet(43)) - raft.server.log.statemachine.data.sync.timeout = 10s (default)
2019-09-12 10:33:28,116 [pool-135-thread-1] INFO  server.RaftServerConfigKeys (ConfUtils.java:logGet(43)) - raft.server.log.statemachine.data.sync.timeout.retry = -1 (default)
2019-09-12 10:33:28,116 [pool-135-thread-1] INFO  server.RaftServerConfigKeys (ConfUtils.java:logGet(43)) - raft.server.log.statemachine.data.caching.enabled = true (custom)
2019-09-12 10:33:28,116 [pool-135-thread-1] INFO  segmented.SegmentedRaftLogWorker (SegmentedRaftLogWorker.java:lambda$new$0(132)) - e4b90157-0987-4622-adc9-0404bea551ef-SegmentedRaftLogWorker:Storage Directory /workdir/hadoop-ozone/integration-test/target/test-dir/MiniOzoneClusterImpl-2d656029-9dde-45a3-b7cd-f2d738c2cb44/datanode-1/data/ratis/4ba54661-c837-4111-9138-768d6499daeb: flushIndex: setUnconditionally 0 -> -1
2019-09-12 10:33:28,116 [pool-135-thread-1] INFO  server.RaftServerConfigKeys (ConfUtils.java:logGet(43)) - raft.server.snapshot.auto.trigger.enabled = true (custom)
2019-09-12 10:33:28,117 [pool-135-thread-1] INFO  server.RaftServerConfigKeys (ConfUtils.java:logGet(43)) - raft.server.snapshot.auto.trigger.threshold = 10000 (custom)
2019-09-12 10:33:28,117 [pool-135-thread-1] INFO  server.RaftServerConfigKeys (ConfUtils.java:logGet(43)) - raft.server.retrycache.expirytime = 600000ms (custom)
2019-09-12 10:33:28,117 [pool-135-thread-1] INFO  impl.RaftServerImpl (RaftServerImpl.java:start(180)) - e4b90157-0987-4622-adc9-0404bea551ef: start group-768D6499DAEB
2019-09-12 10:33:28,117 [pool-135-thread-1] INFO  impl.RaftServerImpl (RaftServerImpl.java:setRole(171)) - e4b90157-0987-4622-adc9-0404bea551ef:group-768D6499DAEB changes role from null to FOLLOWER at term 0 for startAsFollower
2019-09-12 10:33:28,117 [pool-135-thread-1] INFO  impl.RoleInfo (RoleInfo.java:updateAndGet(143)) - e4b90157-0987-4622-adc9-0404bea551ef: start FollowerState
2019-09-12 10:33:28,118 [pool-135-thread-1] INFO  util.JmxRegister (JmxRegister.java:tryRegister(44)) - Successfully registered JMX Bean with object name Ratis:service=RaftServer,group=group-768D6499DAEB,id=e4b90157-0987-4622-adc9-0404bea551ef
2019-09-12 10:33:28,121 [RatisPipelineUtilsThread] INFO  pipeline.PipelineStateManager (PipelineStateManager.java:addPipeline(56)) - Created pipeline Pipeline[ Id: 4ba54661-c837-4111-9138-768d6499daeb, Nodes: e4b90157-0987-4622-adc9-0404bea551ef{ip: 192.168.157.195, host: pr-hdds-1569-xtfnx-3545843844, networkLocation: /default-rack, certSerialId: null}, Type:RATIS, Factor:ONE, State:OPEN]
2019-09-12 10:33:28,121 [RatisPipelineUtilsThread] ERROR pipeline.PipelinePlacementPolicy (PipelinePlacementPolicy.java:meetCriteria(91)) - Pipeline Placement: Doesn't meet the criteria to be viable node. Heaviness: 6
2019-09-12 10:33:28,121 [RatisPipelineUtilsThread] ERROR pipeline.PipelinePlacementPolicy (PipelinePlacementPolicy.java:meetCriteria(91)) - Pipeline Placement: Doesn't meet the criteria to be viable node. Heaviness: 6
2019-09-12 10:33:28,127 [grpc-default-executor-0] INFO  impl.RaftServerProxy (RaftServerProxy.java:addNew(89)) - 8bce8832-9727-4b35-a9b5-3df7187e4e21: addNew group-215A874479D8:[8bce8832-9727-4b35-a9b5-3df7187e4e21:192.168.157.195:43912] returns group-215A874479D8:java.util.concurrent.CompletableFuture@59298d1e[Not completed]
2019-09-12 10:33:28,129 [pool-146-thread-1] INFO  impl.RaftServerImpl (RaftServerImpl.java:<init>(93)) - 8bce8832-9727-4b35-a9b5-3df7187e4e21: new RaftServerImpl for group-215A874479D8:[8bce8832-9727-4b35-a9b5-3df7187e4e21:192.168.157.195:43912] with ContainerStateMachine:uninitialized
2019-09-12 10:33:28,129 [pool-146-thread-1] INFO  server.RaftServerConfigKeys (ConfUtils.java:logGet(43)) - raft.server.rpc.timeout.min = 5s (custom)
2019-09-12 10:33:28,130 [pool-146-thread-1] INFO  server.RaftServerConfigKeys (ConfUtils.java:logGet(43)) - raft.server.rpc.timeout.max = 5200ms (custom)
2019-09-12 10:33:28,130 [pool-146-thread-1] INFO  server.RaftServerConfigKeys (ConfUtils.java:logGet(43)) - raft.server.rpcslowness.timeout = 120s (custom)
2019-09-12 10:33:28,130 [pool-146-thread-1] INFO  server.RaftServerConfigKeys (ConfUtils.java:logGet(43)) - raft.server.sleep.deviation.threshold = 300 (default)
2019-09-12 10:33:28,130 [pool-146-thread-1] INFO  server.RaftServerConfigKeys (ConfUtils.java:logGet(43)) - raft.server.log.appender.install.snapshot.enabled = false (custom)
2019-09-12 10:33:28,130 [pool-146-thread-1] INFO  impl.RaftServerImpl (ServerState.java:<init>(105)) - 8bce8832-9727-4b35-a9b5-3df7187e4e21:group-215A874479D8 ConfigurationManager, init=-1: [8bce8832-9727-4b35-a9b5-3df7187e4e21:192.168.157.195:43912], old=null, confs=<EMPTY_MAP>
2019-09-12 10:33:28,131 [pool-146-thread-1] INFO  server.RaftServerConfigKeys (ConfUtils.java:logGet(43)) - raft.server.storage.dir = [/workdir/hadoop-ozone/integration-test/target/test-dir/MiniOzoneClusterImpl-2d656029-9dde-45a3-b7cd-f2d738c2cb44/datanode-2/data/ratis] (custom)
2019-09-12 10:33:28,131 [pool-146-thread-1] INFO  storage.RaftStorageDirectory (RaftStorageDirectory.java:analyzeStorage(246)) - The storage directory /workdir/hadoop-ozone/integration-test/target/test-dir/MiniOzoneClusterImpl-2d656029-9dde-45a3-b7cd-f2d738c2cb44/datanode-2/data/ratis/3f700d1d-d26e-4ad4-b4f9-215a874479d8 does not exist. Creating ...
2019-09-12 10:33:28,144 [pool-146-thread-1] INFO  storage.RaftStorageDirectory (RaftStorageDirectory.java:tryLock(328)) - Lock on /workdir/hadoop-ozone/integration-test/target/test-dir/MiniOzoneClusterImpl-2d656029-9dde-45a3-b7cd-f2d738c2cb44/datanode-2/data/ratis/3f700d1d-d26e-4ad4-b4f9-215a874479d8/in_use.lock acquired by nodename 32653@pr-hdds-1569-xtfnx-3545843844
2019-09-12 10:33:28,159 [pool-146-thread-1] INFO  storage.RaftStorage (RaftStorage.java:format(72)) - Storage directory /workdir/hadoop-ozone/integration-test/target/test-dir/MiniOzoneClusterImpl-2d656029-9dde-45a3-b7cd-f2d738c2cb44/datanode-2/data/ratis/3f700d1d-d26e-4ad4-b4f9-215a874479d8 has been successfully formatted.
2019-09-12 10:33:28,159 [pool-146-thread-1] INFO  ratis.ContainerStateMachine (ContainerStateMachine.java:loadSnapshot(226)) - group-215A874479D8: The snapshot info is null. Setting the last applied indexto:(t:0, i:~)
2019-09-12 10:33:28,160 [pool-146-thread-1] INFO  server.RaftServerConfigKeys (ConfUtils.java:logGet(43)) - raft.server.leader.election.timeout = 120s (custom)
2019-09-12 10:33:28,160 [pool-146-thread-1] INFO  server.RaftServerConfigKeys (ConfUtils.java:logGet(43)) - raft.server.log.use.memory = false (default)
2019-09-12 10:33:28,160 [pool-146-thread-1] INFO  server.RaftServerConfigKeys (ConfUtils.java:logGet(43)) - raft.server.log.purge.gap = 1000000 (custom)
2019-09-12 10:33:28,160 [pool-146-thread-1] INFO  server.RaftServerConfigKeys (ConfUtils.java:logGet(43)) - raft.server.log.appender.buffer.byte-limit = 33554432 (custom)
2019-09-12 10:33:28,160 [pool-146-thread-1] INFO  server.RaftServerConfigKeys (ConfUtils.java:logGet(43)) - raft.server.log.segment.size.max = 1048576 (custom)
2019-09-12 10:33:28,161 [pool-146-thread-1] INFO  server.RaftServerConfigKeys (ConfUtils.java:logGet(43)) - raft.server.log.segment.cache.num.max = 2 (custom)
2019-09-12 10:33:28,161 [pool-146-thread-1] INFO  segmented.SegmentedRaftLogWorker (SegmentedRaftLogWorker.java:<init>(172)) - new 8bce8832-9727-4b35-a9b5-3df7187e4e21-SegmentedRaftLogWorker:Storage Directory /workdir/hadoop-ozone/integration-test/target/test-dir/MiniOzoneClusterImpl-2d656029-9dde-45a3-b7cd-f2d738c2cb44/datanode-2/data/ratis/3f700d1d-d26e-4ad4-b4f9-215a874479d8 for RaftStorage:Storage Directory /workdir/hadoop-ozone/integration-test/target/test-dir/MiniOzoneClusterImpl-2d656029-9dde-45a3-b7cd-f2d738c2cb44/datanode-2/data/ratis/3f700d1d-d26e-4ad4-b4f9-215a874479d8
2019-09-12 10:33:28,161 [pool-146-thread-1] INFO  server.RaftServerConfigKeys (ConfUtils.java:logGet(43)) - raft.server.log.queue.byte-limit = 2147483647 (custom)
2019-09-12 10:33:28,161 [pool-146-thread-1] INFO  server.RaftServerConfigKeys (ConfUtils.java:logGet(43)) - raft.server.log.queue.element-limit = 1024 (custom)
2019-09-12 10:33:28,161 [pool-146-thread-1] INFO  server.RaftServerConfigKeys (ConfUtils.java:logGet(43)) - raft.server.log.segment.size.max = 1048576 (custom)
2019-09-12 10:33:28,162 [pool-146-thread-1] INFO  server.RaftServerConfigKeys (ConfUtils.java:logGet(43)) - raft.server.log.preallocated.size = 16384 (custom)
2019-09-12 10:33:28,162 [pool-146-thread-1] INFO  server.RaftServerConfigKeys (ConfUtils.java:logGet(43)) - raft.server.log.write.buffer.size = 33554432 (custom)
2019-09-12 10:33:28,162 [pool-146-thread-1] INFO  server.RaftServerConfigKeys (ConfUtils.java:logGet(43)) - raft.server.log.force.sync.num = 128 (default)
2019-09-12 10:33:28,162 [pool-146-thread-1] INFO  server.RaftServerConfigKeys (ConfUtils.java:logGet(43)) - raft.server.log.statemachine.data.sync = true (default)
2019-09-12 10:33:28,162 [pool-146-thread-1] INFO  server.RaftServerConfigKeys (ConfUtils.java:logGet(43)) - raft.server.log.statemachine.data.sync.timeout = 10s (default)
2019-09-12 10:33:28,162 [pool-146-thread-1] INFO  server.RaftServerConfigKeys (ConfUtils.java:logGet(43)) - raft.server.log.statemachine.data.sync.timeout.retry = -1 (default)
2019-09-12 10:33:28,163 [pool-146-thread-1] INFO  server.RaftServerConfigKeys (ConfUtils.java:logGet(43)) - raft.server.log.statemachine.data.caching.enabled = true (custom)
2019-09-12 10:33:28,163 [pool-146-thread-1] INFO  segmented.SegmentedRaftLogWorker (SegmentedRaftLogWorker.java:lambda$new$0(132)) - 8bce8832-9727-4b35-a9b5-3df7187e4e21-SegmentedRaftLogWorker:Storage Directory /workdir/hadoop-ozone/integration-test/target/test-dir/MiniOzoneClusterImpl-2d656029-9dde-45a3-b7cd-f2d738c2cb44/datanode-2/data/ratis/3f700d1d-d26e-4ad4-b4f9-215a874479d8: flushIndex: setUnconditionally 0 -> -1
2019-09-12 10:33:28,163 [pool-146-thread-1] INFO  server.RaftServerConfigKeys (ConfUtils.java:logGet(43)) - raft.server.snapshot.auto.trigger.enabled = true (custom)
2019-09-12 10:33:28,164 [pool-146-thread-1] INFO  server.RaftServerConfigKeys (ConfUtils.java:logGet(43)) - raft.server.snapshot.auto.trigger.threshold = 10000 (custom)
2019-09-12 10:33:28,164 [pool-146-thread-1] INFO  server.RaftServerConfigKeys (ConfUtils.java:logGet(43)) - raft.server.retrycache.expirytime = 600000ms (custom)
2019-09-12 10:33:28,164 [pool-146-thread-1] INFO  impl.RaftServerImpl (RaftServerImpl.java:start(180)) - 8bce8832-9727-4b35-a9b5-3df7187e4e21: start group-215A874479D8
2019-09-12 10:33:28,164 [pool-146-thread-1] INFO  impl.RaftServerImpl (RaftServerImpl.java:setRole(171)) - 8bce8832-9727-4b35-a9b5-3df7187e4e21:group-215A874479D8 changes role from null to FOLLOWER at term 0 for startAsFollower
2019-09-12 10:33:28,164 [pool-146-thread-1] INFO  impl.RoleInfo (RoleInfo.java:updateAndGet(143)) - 8bce8832-9727-4b35-a9b5-3df7187e4e21: start FollowerState
2019-09-12 10:33:28,165 [pool-146-thread-1] INFO  util.JmxRegister (JmxRegister.java:tryRegister(44)) - Successfully registered JMX Bean with object name Ratis:service=RaftServer,group=group-215A874479D8,id=8bce8832-9727-4b35-a9b5-3df7187e4e21
2019-09-12 10:33:28,168 [RatisPipelineUtilsThread] INFO  pipeline.PipelineStateManager (PipelineStateManager.java:addPipeline(56)) - Created pipeline Pipeline[ Id: 3f700d1d-d26e-4ad4-b4f9-215a874479d8, Nodes: 8bce8832-9727-4b35-a9b5-3df7187e4e21{ip: 192.168.157.195, host: pr-hdds-1569-xtfnx-3545843844, networkLocation: /default-rack, certSerialId: null}, Type:RATIS, Factor:ONE, State:OPEN]
2019-09-12 10:33:28,168 [RatisPipelineUtilsThread] ERROR pipeline.PipelinePlacementPolicy (PipelinePlacementPolicy.java:meetCriteria(91)) - Pipeline Placement: Doesn't meet the criteria to be viable node. Heaviness: 6
2019-09-12 10:33:28,169 [RatisPipelineUtilsThread] ERROR pipeline.PipelinePlacementPolicy (PipelinePlacementPolicy.java:meetCriteria(91)) - Pipeline Placement: Doesn't meet the criteria to be viable node. Heaviness: 6
2019-09-12 10:33:28,174 [grpc-default-executor-0] INFO  impl.RaftServerProxy (RaftServerProxy.java:addNew(89)) - 8bce8832-9727-4b35-a9b5-3df7187e4e21: addNew group-A93A700E2FD9:[8bce8832-9727-4b35-a9b5-3df7187e4e21:192.168.157.195:43912] returns group-A93A700E2FD9:java.util.concurrent.CompletableFuture@38be41e3[Not completed]
2019-09-12 10:33:28,176 [pool-146-thread-1] INFO  impl.RaftServerImpl (RaftServerImpl.java:<init>(93)) - 8bce8832-9727-4b35-a9b5-3df7187e4e21: new RaftServerImpl for group-A93A700E2FD9:[8bce8832-9727-4b35-a9b5-3df7187e4e21:192.168.157.195:43912] with ContainerStateMachine:uninitialized
2019-09-12 10:33:28,176 [pool-146-thread-1] INFO  server.RaftServerConfigKeys (ConfUtils.java:logGet(43)) - raft.server.rpc.timeout.min = 5s (custom)
2019-09-12 10:33:28,176 [pool-146-thread-1] INFO  server.RaftServerConfigKeys (ConfUtils.java:logGet(43)) - raft.server.rpc.timeout.max = 5200ms (custom)
2019-09-12 10:33:28,176 [pool-146-thread-1] INFO  server.RaftServerConfigKeys (ConfUtils.java:logGet(43)) - raft.server.rpcslowness.timeout = 120s (custom)
2019-09-12 10:33:28,176 [pool-146-thread-1] INFO  server.RaftServerConfigKeys (ConfUtils.java:logGet(43)) - raft.server.sleep.deviation.threshold = 300 (default)
2019-09-12 10:33:28,176 [pool-146-thread-1] INFO  server.RaftServerConfigKeys (ConfUtils.java:logGet(43)) - raft.server.log.appender.install.snapshot.enabled = false (custom)
2019-09-12 10:33:28,177 [pool-146-thread-1] INFO  impl.RaftServerImpl (ServerState.java:<init>(105)) - 8bce8832-9727-4b35-a9b5-3df7187e4e21:group-A93A700E2FD9 ConfigurationManager, init=-1: [8bce8832-9727-4b35-a9b5-3df7187e4e21:192.168.157.195:43912], old=null, confs=<EMPTY_MAP>
2019-09-12 10:33:28,177 [pool-146-thread-1] INFO  server.RaftServerConfigKeys (ConfUtils.java:logGet(43)) - raft.server.storage.dir = [/workdir/hadoop-ozone/integration-test/target/test-dir/MiniOzoneClusterImpl-2d656029-9dde-45a3-b7cd-f2d738c2cb44/datanode-2/data/ratis] (custom)
2019-09-12 10:33:28,177 [pool-146-thread-1] INFO  storage.RaftStorageDirectory (RaftStorageDirectory.java:analyzeStorage(246)) - The storage directory /workdir/hadoop-ozone/integration-test/target/test-dir/MiniOzoneClusterImpl-2d656029-9dde-45a3-b7cd-f2d738c2cb44/datanode-2/data/ratis/a8a83a12-59ce-4fc5-bf17-a93a700e2fd9 does not exist. Creating ...
2019-09-12 10:33:28,190 [pool-146-thread-1] INFO  storage.RaftStorageDirectory (RaftStorageDirectory.java:tryLock(328)) - Lock on /workdir/hadoop-ozone/integration-test/target/test-dir/MiniOzoneClusterImpl-2d656029-9dde-45a3-b7cd-f2d738c2cb44/datanode-2/data/ratis/a8a83a12-59ce-4fc5-bf17-a93a700e2fd9/in_use.lock acquired by nodename 32653@pr-hdds-1569-xtfnx-3545843844
2019-09-12 10:33:28,203 [pool-146-thread-1] INFO  storage.RaftStorage (RaftStorage.java:format(72)) - Storage directory /workdir/hadoop-ozone/integration-test/target/test-dir/MiniOzoneClusterImpl-2d656029-9dde-45a3-b7cd-f2d738c2cb44/datanode-2/data/ratis/a8a83a12-59ce-4fc5-bf17-a93a700e2fd9 has been successfully formatted.
2019-09-12 10:33:28,204 [pool-146-thread-1] INFO  ratis.ContainerStateMachine (ContainerStateMachine.java:loadSnapshot(226)) - group-A93A700E2FD9: The snapshot info is null. Setting the last applied indexto:(t:0, i:~)
2019-09-12 10:33:28,204 [pool-146-thread-1] INFO  server.RaftServerConfigKeys (ConfUtils.java:logGet(43)) - raft.server.leader.election.timeout = 120s (custom)
2019-09-12 10:33:28,204 [pool-146-thread-1] INFO  server.RaftServerConfigKeys (ConfUtils.java:logGet(43)) - raft.server.log.use.memory = false (default)
2019-09-12 10:33:28,204 [pool-146-thread-1] INFO  server.RaftServerConfigKeys (ConfUtils.java:logGet(43)) - raft.server.log.purge.gap = 1000000 (custom)
2019-09-12 10:33:28,205 [pool-146-thread-1] INFO  server.RaftServerConfigKeys (ConfUtils.java:logGet(43)) - raft.server.log.appender.buffer.byte-limit = 33554432 (custom)
2019-09-12 10:33:28,205 [pool-146-thread-1] INFO  server.RaftServerConfigKeys (ConfUtils.java:logGet(43)) - raft.server.log.segment.size.max = 1048576 (custom)
2019-09-12 10:33:28,205 [pool-146-thread-1] INFO  server.RaftServerConfigKeys (ConfUtils.java:logGet(43)) - raft.server.log.segment.cache.num.max = 2 (custom)
2019-09-12 10:33:28,205 [pool-146-thread-1] INFO  segmented.SegmentedRaftLogWorker (SegmentedRaftLogWorker.java:<init>(172)) - new 8bce8832-9727-4b35-a9b5-3df7187e4e21-SegmentedRaftLogWorker:Storage Directory /workdir/hadoop-ozone/integration-test/target/test-dir/MiniOzoneClusterImpl-2d656029-9dde-45a3-b7cd-f2d738c2cb44/datanode-2/data/ratis/a8a83a12-59ce-4fc5-bf17-a93a700e2fd9 for RaftStorage:Storage Directory /workdir/hadoop-ozone/integration-test/target/test-dir/MiniOzoneClusterImpl-2d656029-9dde-45a3-b7cd-f2d738c2cb44/datanode-2/data/ratis/a8a83a12-59ce-4fc5-bf17-a93a700e2fd9
2019-09-12 10:33:28,205 [pool-146-thread-1] INFO  server.RaftServerConfigKeys (ConfUtils.java:logGet(43)) - raft.server.log.queue.byte-limit = 2147483647 (custom)
2019-09-12 10:33:28,205 [pool-146-thread-1] INFO  server.RaftServerConfigKeys (ConfUtils.java:logGet(43)) - raft.server.log.queue.element-limit = 1024 (custom)
2019-09-12 10:33:28,206 [pool-146-thread-1] INFO  server.RaftServerConfigKeys (ConfUtils.java:logGet(43)) - raft.server.log.segment.size.max = 1048576 (custom)
2019-09-12 10:33:28,206 [pool-146-thread-1] INFO  server.RaftServerConfigKeys (ConfUtils.java:logGet(43)) - raft.server.log.preallocated.size = 16384 (custom)
2019-09-12 10:33:28,206 [pool-146-thread-1] INFO  server.RaftServerConfigKeys (ConfUtils.java:logGet(43)) - raft.server.log.write.buffer.size = 33554432 (custom)
2019-09-12 10:33:28,206 [pool-146-thread-1] INFO  server.RaftServerConfigKeys (ConfUtils.java:logGet(43)) - raft.server.log.force.sync.num = 128 (default)
2019-09-12 10:33:28,206 [pool-146-thread-1] INFO  server.RaftServerConfigKeys (ConfUtils.java:logGet(43)) - raft.server.log.statemachine.data.sync = true (default)
2019-09-12 10:33:28,206 [pool-146-thread-1] INFO  server.RaftServerConfigKeys (ConfUtils.java:logGet(43)) - raft.server.log.statemachine.data.sync.timeout = 10s (default)
2019-09-12 10:33:28,207 [pool-146-thread-1] INFO  server.RaftServerConfigKeys (ConfUtils.java:logGet(43)) - raft.server.log.statemachine.data.sync.timeout.retry = -1 (default)
2019-09-12 10:33:28,207 [pool-146-thread-1] INFO  server.RaftServerConfigKeys (ConfUtils.java:logGet(43)) - raft.server.log.statemachine.data.caching.enabled = true (custom)
2019-09-12 10:33:28,207 [pool-146-thread-1] INFO  segmented.SegmentedRaftLogWorker (SegmentedRaftLogWorker.java:lambda$new$0(132)) - 8bce8832-9727-4b35-a9b5-3df7187e4e21-SegmentedRaftLogWorker:Storage Directory /workdir/hadoop-ozone/integration-test/target/test-dir/MiniOzoneClusterImpl-2d656029-9dde-45a3-b7cd-f2d738c2cb44/datanode-2/data/ratis/a8a83a12-59ce-4fc5-bf17-a93a700e2fd9: flushIndex: setUnconditionally 0 -> -1
2019-09-12 10:33:28,208 [pool-146-thread-1] INFO  server.RaftServerConfigKeys (ConfUtils.java:logGet(43)) - raft.server.snapshot.auto.trigger.enabled = true (custom)
2019-09-12 10:33:28,208 [pool-146-thread-1] INFO  server.RaftServerConfigKeys (ConfUtils.java:logGet(43)) - raft.server.snapshot.auto.trigger.threshold = 10000 (custom)
2019-09-12 10:33:28,208 [pool-146-thread-1] INFO  server.RaftServerConfigKeys (ConfUtils.java:logGet(43)) - raft.server.retrycache.expirytime = 600000ms (custom)
2019-09-12 10:33:28,208 [pool-146-thread-1] INFO  impl.RaftServerImpl (RaftServerImpl.java:start(180)) - 8bce8832-9727-4b35-a9b5-3df7187e4e21: start group-A93A700E2FD9
2019-09-12 10:33:28,208 [pool-146-thread-1] INFO  impl.RaftServerImpl (RaftServerImpl.java:setRole(171)) - 8bce8832-9727-4b35-a9b5-3df7187e4e21:group-A93A700E2FD9 changes role from null to FOLLOWER at term 0 for startAsFollower
2019-09-12 10:33:28,208 [pool-146-thread-1] INFO  impl.RoleInfo (RoleInfo.java:updateAndGet(143)) - 8bce8832-9727-4b35-a9b5-3df7187e4e21: start FollowerState
2019-09-12 10:33:28,209 [pool-146-thread-1] INFO  util.JmxRegister (JmxRegister.java:tryRegister(44)) - Successfully registered JMX Bean with object name Ratis:service=RaftServer,group=group-A93A700E2FD9,id=8bce8832-9727-4b35-a9b5-3df7187e4e21
2019-09-12 10:33:28,212 [RatisPipelineUtilsThread] INFO  pipeline.PipelineStateManager (PipelineStateManager.java:addPipeline(56)) - Created pipeline Pipeline[ Id: a8a83a12-59ce-4fc5-bf17-a93a700e2fd9, Nodes: 8bce8832-9727-4b35-a9b5-3df7187e4e21{ip: 192.168.157.195, host: pr-hdds-1569-xtfnx-3545843844, networkLocation: /default-rack, certSerialId: null}, Type:RATIS, Factor:ONE, State:OPEN]
2019-09-12 10:33:28,212 [RatisPipelineUtilsThread] ERROR pipeline.PipelinePlacementPolicy (PipelinePlacementPolicy.java:meetCriteria(91)) - Pipeline Placement: Doesn't meet the criteria to be viable node. Heaviness: 6
2019-09-12 10:33:28,212 [RatisPipelineUtilsThread] ERROR pipeline.PipelinePlacementPolicy (PipelinePlacementPolicy.java:meetCriteria(91)) - Pipeline Placement: Doesn't meet the criteria to be viable node. Heaviness: 6
2019-09-12 10:33:28,218 [grpc-default-executor-0] INFO  impl.RaftServerProxy (RaftServerProxy.java:addNew(89)) - 8bce8832-9727-4b35-a9b5-3df7187e4e21: addNew group-0C14359CC2BF:[8bce8832-9727-4b35-a9b5-3df7187e4e21:192.168.157.195:43912] returns group-0C14359CC2BF:java.util.concurrent.CompletableFuture@50eb99fe[Not completed]
2019-09-12 10:33:28,219 [pool-146-thread-1] INFO  impl.RaftServerImpl (RaftServerImpl.java:<init>(93)) - 8bce8832-9727-4b35-a9b5-3df7187e4e21: new RaftServerImpl for group-0C14359CC2BF:[8bce8832-9727-4b35-a9b5-3df7187e4e21:192.168.157.195:43912] with ContainerStateMachine:uninitialized
2019-09-12 10:33:28,219 [pool-146-thread-1] INFO  server.RaftServerConfigKeys (ConfUtils.java:logGet(43)) - raft.server.rpc.timeout.min = 5s (custom)
2019-09-12 10:33:28,219 [pool-146-thread-1] INFO  server.RaftServerConfigKeys (ConfUtils.java:logGet(43)) - raft.server.rpc.timeout.max = 5200ms (custom)
2019-09-12 10:33:28,220 [pool-146-thread-1] INFO  server.RaftServerConfigKeys (ConfUtils.java:logGet(43)) - raft.server.rpcslowness.timeout = 120s (custom)
2019-09-12 10:33:28,220 [pool-146-thread-1] INFO  server.RaftServerConfigKeys (ConfUtils.java:logGet(43)) - raft.server.sleep.deviation.threshold = 300 (default)
2019-09-12 10:33:28,220 [pool-146-thread-1] INFO  server.RaftServerConfigKeys (ConfUtils.java:logGet(43)) - raft.server.log.appender.install.snapshot.enabled = false (custom)
2019-09-12 10:33:28,220 [pool-146-thread-1] INFO  impl.RaftServerImpl (ServerState.java:<init>(105)) - 8bce8832-9727-4b35-a9b5-3df7187e4e21:group-0C14359CC2BF ConfigurationManager, init=-1: [8bce8832-9727-4b35-a9b5-3df7187e4e21:192.168.157.195:43912], old=null, confs=<EMPTY_MAP>
2019-09-12 10:33:28,220 [pool-146-thread-1] INFO  server.RaftServerConfigKeys (ConfUtils.java:logGet(43)) - raft.server.storage.dir = [/workdir/hadoop-ozone/integration-test/target/test-dir/MiniOzoneClusterImpl-2d656029-9dde-45a3-b7cd-f2d738c2cb44/datanode-2/data/ratis] (custom)
2019-09-12 10:33:28,220 [pool-146-thread-1] INFO  storage.RaftStorageDirectory (RaftStorageDirectory.java:analyzeStorage(246)) - The storage directory /workdir/hadoop-ozone/integration-test/target/test-dir/MiniOzoneClusterImpl-2d656029-9dde-45a3-b7cd-f2d738c2cb44/datanode-2/data/ratis/482f08cc-ff13-4800-bb3c-0c14359cc2bf does not exist. Creating ...
2019-09-12 10:33:28,230 [IPC Server handler 4 on 41229] INFO  net.NetworkTopology (NetworkTopologyImpl.java:add(110)) - Added a new node: /default-rack/58be6702-f3a1-484a-8c9d-5d933df137d3
2019-09-12 10:33:28,230 [IPC Server handler 4 on 41229] INFO  node.SCMNodeManager (SCMNodeManager.java:register(273)) - Registered Data node : 58be6702-f3a1-484a-8c9d-5d933df137d3{ip: 192.168.157.195, host: pr-hdds-1569-xtfnx-3545843844, networkLocation: /default-rack, certSerialId: null}
2019-09-12 10:33:28,230 | INFO  | SCMAudit | user=jenkins1000 | ip=192.168.157.195 | op=REGISTER {datanodeDetails=58be6702-f3a1-484a-8c9d-5d933df137d3{ip: 192.168.157.195, host: pr-hdds-1569-xtfnx-3545843844, networkLocation: /default-rack, certSerialId: null}} | ret=SUCCESS |  
2019-09-12 10:33:28,233 [pool-146-thread-1] INFO  storage.RaftStorageDirectory (RaftStorageDirectory.java:tryLock(328)) - Lock on /workdir/hadoop-ozone/integration-test/target/test-dir/MiniOzoneClusterImpl-2d656029-9dde-45a3-b7cd-f2d738c2cb44/datanode-2/data/ratis/482f08cc-ff13-4800-bb3c-0c14359cc2bf/in_use.lock acquired by nodename 32653@pr-hdds-1569-xtfnx-3545843844
2019-09-12 10:33:28,246 [pool-146-thread-1] INFO  storage.RaftStorage (RaftStorage.java:format(72)) - Storage directory /workdir/hadoop-ozone/integration-test/target/test-dir/MiniOzoneClusterImpl-2d656029-9dde-45a3-b7cd-f2d738c2cb44/datanode-2/data/ratis/482f08cc-ff13-4800-bb3c-0c14359cc2bf has been successfully formatted.
2019-09-12 10:33:28,246 [pool-146-thread-1] INFO  ratis.ContainerStateMachine (ContainerStateMachine.java:loadSnapshot(226)) - group-0C14359CC2BF: The snapshot info is null. Setting the last applied indexto:(t:0, i:~)
2019-09-12 10:33:28,247 [pool-146-thread-1] INFO  server.RaftServerConfigKeys (ConfUtils.java:logGet(43)) - raft.server.leader.election.timeout = 120s (custom)
2019-09-12 10:33:28,247 [pool-146-thread-1] INFO  server.RaftServerConfigKeys (ConfUtils.java:logGet(43)) - raft.server.log.use.memory = false (default)
2019-09-12 10:33:28,247 [pool-146-thread-1] INFO  server.RaftServerConfigKeys (ConfUtils.java:logGet(43)) - raft.server.log.purge.gap = 1000000 (custom)
2019-09-12 10:33:28,247 [pool-146-thread-1] INFO  server.RaftServerConfigKeys (ConfUtils.java:logGet(43)) - raft.server.log.appender.buffer.byte-limit = 33554432 (custom)
2019-09-12 10:33:28,247 [pool-146-thread-1] INFO  server.RaftServerConfigKeys (ConfUtils.java:logGet(43)) - raft.server.log.segment.size.max = 1048576 (custom)
2019-09-12 10:33:28,247 [pool-146-thread-1] INFO  server.RaftServerConfigKeys (ConfUtils.java:logGet(43)) - raft.server.log.segment.cache.num.max = 2 (custom)
2019-09-12 10:33:28,248 [pool-146-thread-1] INFO  segmented.SegmentedRaftLogWorker (SegmentedRaftLogWorker.java:<init>(172)) - new 8bce8832-9727-4b35-a9b5-3df7187e4e21-SegmentedRaftLogWorker:Storage Directory /workdir/hadoop-ozone/integration-test/target/test-dir/MiniOzoneClusterImpl-2d656029-9dde-45a3-b7cd-f2d738c2cb44/datanode-2/data/ratis/482f08cc-ff13-4800-bb3c-0c14359cc2bf for RaftStorage:Storage Directory /workdir/hadoop-ozone/integration-test/target/test-dir/MiniOzoneClusterImpl-2d656029-9dde-45a3-b7cd-f2d738c2cb44/datanode-2/data/ratis/482f08cc-ff13-4800-bb3c-0c14359cc2bf
2019-09-12 10:33:28,248 [pool-146-thread-1] INFO  server.RaftServerConfigKeys (ConfUtils.java:logGet(43)) - raft.server.log.queue.byte-limit = 2147483647 (custom)
2019-09-12 10:33:28,248 [pool-146-thread-1] INFO  server.RaftServerConfigKeys (ConfUtils.java:logGet(43)) - raft.server.log.queue.element-limit = 1024 (custom)
2019-09-12 10:33:28,248 [pool-146-thread-1] INFO  server.RaftServerConfigKeys (ConfUtils.java:logGet(43)) - raft.server.log.segment.size.max = 1048576 (custom)
2019-09-12 10:33:28,248 [pool-146-thread-1] INFO  server.RaftServerConfigKeys (ConfUtils.java:logGet(43)) - raft.server.log.preallocated.size = 16384 (custom)
2019-09-12 10:33:28,248 [pool-146-thread-1] INFO  server.RaftServerConfigKeys (ConfUtils.java:logGet(43)) - raft.server.log.write.buffer.size = 33554432 (custom)
2019-09-12 10:33:28,249 [pool-146-thread-1] INFO  server.RaftServerConfigKeys (ConfUtils.java:logGet(43)) - raft.server.log.force.sync.num = 128 (default)
2019-09-12 10:33:28,249 [pool-146-thread-1] INFO  server.RaftServerConfigKeys (ConfUtils.java:logGet(43)) - raft.server.log.statemachine.data.sync = true (default)
2019-09-12 10:33:28,249 [pool-146-thread-1] INFO  server.RaftServerConfigKeys (ConfUtils.java:logGet(43)) - raft.server.log.statemachine.data.sync.timeout = 10s (default)
2019-09-12 10:33:28,249 [pool-146-thread-1] INFO  server.RaftServerConfigKeys (ConfUtils.java:logGet(43)) - raft.server.log.statemachine.data.sync.timeout.retry = -1 (default)
2019-09-12 10:33:28,249 [pool-146-thread-1] INFO  server.RaftServerConfigKeys (ConfUtils.java:logGet(43)) - raft.server.log.statemachine.data.caching.enabled = true (custom)
2019-09-12 10:33:28,250 [pool-146-thread-1] INFO  segmented.SegmentedRaftLogWorker (SegmentedRaftLogWorker.java:lambda$new$0(132)) - 8bce8832-9727-4b35-a9b5-3df7187e4e21-SegmentedRaftLogWorker:Storage Directory /workdir/hadoop-ozone/integration-test/target/test-dir/MiniOzoneClusterImpl-2d656029-9dde-45a3-b7cd-f2d738c2cb44/datanode-2/data/ratis/482f08cc-ff13-4800-bb3c-0c14359cc2bf: flushIndex: setUnconditionally 0 -> -1
2019-09-12 10:33:28,250 [pool-146-thread-1] INFO  server.RaftServerConfigKeys (ConfUtils.java:logGet(43)) - raft.server.snapshot.auto.trigger.enabled = true (custom)
2019-09-12 10:33:28,250 [pool-146-thread-1] INFO  server.RaftServerConfigKeys (ConfUtils.java:logGet(43)) - raft.server.snapshot.auto.trigger.threshold = 10000 (custom)
2019-09-12 10:33:28,250 [pool-146-thread-1] INFO  server.RaftServerConfigKeys (ConfUtils.java:logGet(43)) - raft.server.retrycache.expirytime = 600000ms (custom)
2019-09-12 10:33:28,251 [pool-146-thread-1] INFO  impl.RaftServerImpl (RaftServerImpl.java:start(180)) - 8bce8832-9727-4b35-a9b5-3df7187e4e21: start group-0C14359CC2BF
2019-09-12 10:33:28,251 [pool-146-thread-1] INFO  impl.RaftServerImpl (RaftServerImpl.java:setRole(171)) - 8bce8832-9727-4b35-a9b5-3df7187e4e21:group-0C14359CC2BF changes role from null to FOLLOWER at term 0 for startAsFollower
2019-09-12 10:33:28,251 [pool-146-thread-1] INFO  impl.RoleInfo (RoleInfo.java:updateAndGet(143)) - 8bce8832-9727-4b35-a9b5-3df7187e4e21: start FollowerState
2019-09-12 10:33:28,251 [pool-146-thread-1] INFO  util.JmxRegister (JmxRegister.java:tryRegister(44)) - Successfully registered JMX Bean with object name Ratis:service=RaftServer,group=group-0C14359CC2BF,id=8bce8832-9727-4b35-a9b5-3df7187e4e21
2019-09-12 10:33:28,255 [RatisPipelineUtilsThread] INFO  pipeline.PipelineStateManager (PipelineStateManager.java:addPipeline(56)) - Created pipeline Pipeline[ Id: 482f08cc-ff13-4800-bb3c-0c14359cc2bf, Nodes: 8bce8832-9727-4b35-a9b5-3df7187e4e21{ip: 192.168.157.195, host: pr-hdds-1569-xtfnx-3545843844, networkLocation: /default-rack, certSerialId: null}, Type:RATIS, Factor:ONE, State:OPEN]
2019-09-12 10:33:28,255 [RatisPipelineUtilsThread] ERROR pipeline.PipelinePlacementPolicy (PipelinePlacementPolicy.java:meetCriteria(91)) - Pipeline Placement: Doesn't meet the criteria to be viable node. Heaviness: 6
2019-09-12 10:33:28,255 [RatisPipelineUtilsThread] ERROR pipeline.PipelinePlacementPolicy (PipelinePlacementPolicy.java:meetCriteria(91)) - Pipeline Placement: Doesn't meet the criteria to be viable node. Heaviness: 6
2019-09-12 10:33:28,265 [grpc-default-executor-0] INFO  impl.RaftServerProxy (RaftServerProxy.java:addNew(89)) - 58be6702-f3a1-484a-8c9d-5d933df137d3: addNew group-9E901660B1A1:[58be6702-f3a1-484a-8c9d-5d933df137d3:192.168.157.195:33261] returns group-9E901660B1A1:java.util.concurrent.CompletableFuture@550634cc[Not completed]
2019-09-12 10:33:28,271 [pool-168-thread-1] INFO  impl.RaftServerImpl (RaftServerImpl.java:<init>(93)) - 58be6702-f3a1-484a-8c9d-5d933df137d3: new RaftServerImpl for group-9E901660B1A1:[58be6702-f3a1-484a-8c9d-5d933df137d3:192.168.157.195:33261] with ContainerStateMachine:uninitialized
2019-09-12 10:33:28,271 [pool-168-thread-1] INFO  server.RaftServerConfigKeys (ConfUtils.java:logGet(43)) - raft.server.rpc.timeout.min = 5s (custom)
2019-09-12 10:33:28,271 [pool-168-thread-1] INFO  server.RaftServerConfigKeys (ConfUtils.java:logGet(43)) - raft.server.rpc.timeout.max = 5200ms (custom)
2019-09-12 10:33:28,272 [pool-168-thread-1] INFO  server.RaftServerConfigKeys (ConfUtils.java:logGet(43)) - raft.server.rpcslowness.timeout = 120s (custom)
2019-09-12 10:33:28,272 [pool-168-thread-1] INFO  server.RaftServerConfigKeys (ConfUtils.java:logGet(43)) - raft.server.sleep.deviation.threshold = 300 (default)
2019-09-12 10:33:28,272 [pool-168-thread-1] INFO  server.RaftServerConfigKeys (ConfUtils.java:logGet(43)) - raft.server.log.appender.install.snapshot.enabled = false (custom)
2019-09-12 10:33:28,272 [pool-168-thread-1] INFO  impl.RaftServerImpl (ServerState.java:<init>(105)) - 58be6702-f3a1-484a-8c9d-5d933df137d3:group-9E901660B1A1 ConfigurationManager, init=-1: [58be6702-f3a1-484a-8c9d-5d933df137d3:192.168.157.195:33261], old=null, confs=<EMPTY_MAP>
2019-09-12 10:33:28,272 [pool-168-thread-1] INFO  server.RaftServerConfigKeys (ConfUtils.java:logGet(43)) - raft.server.storage.dir = [/workdir/hadoop-ozone/integration-test/target/test-dir/MiniOzoneClusterImpl-2d656029-9dde-45a3-b7cd-f2d738c2cb44/datanode-4/data/ratis] (custom)
2019-09-12 10:33:28,273 [pool-168-thread-1] INFO  storage.RaftStorageDirectory (RaftStorageDirectory.java:analyzeStorage(246)) - The storage directory /workdir/hadoop-ozone/integration-test/target/test-dir/MiniOzoneClusterImpl-2d656029-9dde-45a3-b7cd-f2d738c2cb44/datanode-4/data/ratis/2ac79295-8bd8-4124-a7f3-9e901660b1a1 does not exist. Creating ...
2019-09-12 10:33:28,285 [pool-168-thread-1] INFO  storage.RaftStorageDirectory (RaftStorageDirectory.java:tryLock(328)) - Lock on /workdir/hadoop-ozone/integration-test/target/test-dir/MiniOzoneClusterImpl-2d656029-9dde-45a3-b7cd-f2d738c2cb44/datanode-4/data/ratis/2ac79295-8bd8-4124-a7f3-9e901660b1a1/in_use.lock acquired by nodename 32653@pr-hdds-1569-xtfnx-3545843844
2019-09-12 10:33:28,319 [pool-168-thread-1] INFO  storage.RaftStorage (RaftStorage.java:format(72)) - Storage directory /workdir/hadoop-ozone/integration-test/target/test-dir/MiniOzoneClusterImpl-2d656029-9dde-45a3-b7cd-f2d738c2cb44/datanode-4/data/ratis/2ac79295-8bd8-4124-a7f3-9e901660b1a1 has been successfully formatted.
2019-09-12 10:33:28,319 [pool-168-thread-1] INFO  ratis.ContainerStateMachine (ContainerStateMachine.java:loadSnapshot(226)) - group-9E901660B1A1: The snapshot info is null. Setting the last applied indexto:(t:0, i:~)
2019-09-12 10:33:28,319 [pool-168-thread-1] INFO  server.RaftServerConfigKeys (ConfUtils.java:logGet(43)) - raft.server.leader.election.timeout = 120s (custom)
2019-09-12 10:33:28,320 [pool-168-thread-1] INFO  server.RaftServerConfigKeys (ConfUtils.java:logGet(43)) - raft.server.log.use.memory = false (default)
2019-09-12 10:33:28,320 [pool-168-thread-1] INFO  server.RaftServerConfigKeys (ConfUtils.java:logGet(43)) - raft.server.log.purge.gap = 1000000 (custom)
2019-09-12 10:33:28,320 [pool-168-thread-1] INFO  server.RaftServerConfigKeys (ConfUtils.java:logGet(43)) - raft.server.log.appender.buffer.byte-limit = 33554432 (custom)
2019-09-12 10:33:28,320 [pool-168-thread-1] INFO  server.RaftServerConfigKeys (ConfUtils.java:logGet(43)) - raft.server.log.segment.size.max = 1048576 (custom)
2019-09-12 10:33:28,320 [pool-168-thread-1] INFO  server.RaftServerConfigKeys (ConfUtils.java:logGet(43)) - raft.server.log.segment.cache.num.max = 2 (custom)
2019-09-12 10:33:28,321 [pool-168-thread-1] INFO  segmented.SegmentedRaftLogWorker (SegmentedRaftLogWorker.java:<init>(172)) - new 58be6702-f3a1-484a-8c9d-5d933df137d3-SegmentedRaftLogWorker:Storage Directory /workdir/hadoop-ozone/integration-test/target/test-dir/MiniOzoneClusterImpl-2d656029-9dde-45a3-b7cd-f2d738c2cb44/datanode-4/data/ratis/2ac79295-8bd8-4124-a7f3-9e901660b1a1 for RaftStorage:Storage Directory /workdir/hadoop-ozone/integration-test/target/test-dir/MiniOzoneClusterImpl-2d656029-9dde-45a3-b7cd-f2d738c2cb44/datanode-4/data/ratis/2ac79295-8bd8-4124-a7f3-9e901660b1a1
2019-09-12 10:33:28,321 [pool-168-thread-1] INFO  server.RaftServerConfigKeys (ConfUtils.java:logGet(43)) - raft.server.log.queue.byte-limit = 2147483647 (custom)
2019-09-12 10:33:28,321 [pool-168-thread-1] INFO  server.RaftServerConfigKeys (ConfUtils.java:logGet(43)) - raft.server.log.queue.element-limit = 1024 (custom)
2019-09-12 10:33:28,321 [pool-168-thread-1] INFO  server.RaftServerConfigKeys (ConfUtils.java:logGet(43)) - raft.server.log.segment.size.max = 1048576 (custom)
2019-09-12 10:33:28,321 [pool-168-thread-1] INFO  server.RaftServerConfigKeys (ConfUtils.java:logGet(43)) - raft.server.log.preallocated.size = 16384 (custom)
2019-09-12 10:33:28,322 [pool-168-thread-1] INFO  server.RaftServerConfigKeys (ConfUtils.java:logGet(43)) - raft.server.log.write.buffer.size = 33554432 (custom)
2019-09-12 10:33:28,322 [pool-168-thread-1] INFO  server.RaftServerConfigKeys (ConfUtils.java:logGet(43)) - raft.server.log.force.sync.num = 128 (default)
2019-09-12 10:33:28,322 [pool-168-thread-1] INFO  server.RaftServerConfigKeys (ConfUtils.java:logGet(43)) - raft.server.log.statemachine.data.sync = true (default)
2019-09-12 10:33:28,322 [pool-168-thread-1] INFO  server.RaftServerConfigKeys (ConfUtils.java:logGet(43)) - raft.server.log.statemachine.data.sync.timeout = 10s (default)
2019-09-12 10:33:28,322 [pool-168-thread-1] INFO  server.RaftServerConfigKeys (ConfUtils.java:logGet(43)) - raft.server.log.statemachine.data.sync.timeout.retry = -1 (default)
2019-09-12 10:33:28,323 [pool-168-thread-1] INFO  server.RaftServerConfigKeys (ConfUtils.java:logGet(43)) - raft.server.log.statemachine.data.caching.enabled = true (custom)
2019-09-12 10:33:28,323 [pool-168-thread-1] INFO  segmented.SegmentedRaftLogWorker (SegmentedRaftLogWorker.java:lambda$new$0(132)) - 58be6702-f3a1-484a-8c9d-5d933df137d3-SegmentedRaftLogWorker:Storage Directory /workdir/hadoop-ozone/integration-test/target/test-dir/MiniOzoneClusterImpl-2d656029-9dde-45a3-b7cd-f2d738c2cb44/datanode-4/data/ratis/2ac79295-8bd8-4124-a7f3-9e901660b1a1: flushIndex: setUnconditionally 0 -> -1
2019-09-12 10:33:28,324 [pool-168-thread-1] INFO  server.RaftServerConfigKeys (ConfUtils.java:logGet(43)) - raft.server.snapshot.auto.trigger.enabled = true (custom)
2019-09-12 10:33:28,324 [pool-168-thread-1] INFO  server.RaftServerConfigKeys (ConfUtils.java:logGet(43)) - raft.server.snapshot.auto.trigger.threshold = 10000 (custom)
2019-09-12 10:33:28,324 [pool-168-thread-1] INFO  server.RaftServerConfigKeys (ConfUtils.java:logGet(43)) - raft.server.retrycache.expirytime = 600000ms (custom)
2019-09-12 10:33:28,324 [pool-168-thread-1] INFO  impl.RaftServerImpl (RaftServerImpl.java:start(180)) - 58be6702-f3a1-484a-8c9d-5d933df137d3: start group-9E901660B1A1
2019-09-12 10:33:28,324 [pool-168-thread-1] INFO  impl.RaftServerImpl (RaftServerImpl.java:setRole(171)) - 58be6702-f3a1-484a-8c9d-5d933df137d3:group-9E901660B1A1 changes role from null to FOLLOWER at term 0 for startAsFollower
2019-09-12 10:33:28,325 [pool-168-thread-1] INFO  impl.RoleInfo (RoleInfo.java:updateAndGet(143)) - 58be6702-f3a1-484a-8c9d-5d933df137d3: start FollowerState
2019-09-12 10:33:28,325 [pool-168-thread-1] INFO  util.JmxRegister (JmxRegister.java:tryRegister(44)) - Successfully registered JMX Bean with object name Ratis:service=RaftServer,group=group-9E901660B1A1,id=58be6702-f3a1-484a-8c9d-5d933df137d3
2019-09-12 10:33:28,328 [RatisPipelineUtilsThread] INFO  pipeline.PipelineStateManager (PipelineStateManager.java:addPipeline(56)) - Created pipeline Pipeline[ Id: 2ac79295-8bd8-4124-a7f3-9e901660b1a1, Nodes: 58be6702-f3a1-484a-8c9d-5d933df137d3{ip: 192.168.157.195, host: pr-hdds-1569-xtfnx-3545843844, networkLocation: /default-rack, certSerialId: null}, Type:RATIS, Factor:ONE, State:OPEN]
2019-09-12 10:33:28,328 [RatisPipelineUtilsThread] ERROR pipeline.PipelinePlacementPolicy (PipelinePlacementPolicy.java:meetCriteria(91)) - Pipeline Placement: Doesn't meet the criteria to be viable node. Heaviness: 6
2019-09-12 10:33:28,329 [RatisPipelineUtilsThread] ERROR pipeline.PipelinePlacementPolicy (PipelinePlacementPolicy.java:meetCriteria(91)) - Pipeline Placement: Doesn't meet the criteria to be viable node. Heaviness: 6
2019-09-12 10:33:28,334 [grpc-default-executor-0] INFO  impl.RaftServerProxy (RaftServerProxy.java:addNew(89)) - 58be6702-f3a1-484a-8c9d-5d933df137d3: addNew group-8AB724D090C3:[58be6702-f3a1-484a-8c9d-5d933df137d3:192.168.157.195:33261] returns group-8AB724D090C3:java.util.concurrent.CompletableFuture@6576923e[Not completed]
2019-09-12 10:33:28,336 [pool-168-thread-1] INFO  impl.RaftServerImpl (RaftServerImpl.java:<init>(93)) - 58be6702-f3a1-484a-8c9d-5d933df137d3: new RaftServerImpl for group-8AB724D090C3:[58be6702-f3a1-484a-8c9d-5d933df137d3:192.168.157.195:33261] with ContainerStateMachine:uninitialized
2019-09-12 10:33:28,336 [pool-168-thread-1] INFO  server.RaftServerConfigKeys (ConfUtils.java:logGet(43)) - raft.server.rpc.timeout.min = 5s (custom)
2019-09-12 10:33:28,337 [pool-168-thread-1] INFO  server.RaftServerConfigKeys (ConfUtils.java:logGet(43)) - raft.server.rpc.timeout.max = 5200ms (custom)
2019-09-12 10:33:28,337 [pool-168-thread-1] INFO  server.RaftServerConfigKeys (ConfUtils.java:logGet(43)) - raft.server.rpcslowness.timeout = 120s (custom)
2019-09-12 10:33:28,337 [pool-168-thread-1] INFO  server.RaftServerConfigKeys (ConfUtils.java:logGet(43)) - raft.server.sleep.deviation.threshold = 300 (default)
2019-09-12 10:33:28,338 [pool-168-thread-1] INFO  server.RaftServerConfigKeys (ConfUtils.java:logGet(43)) - raft.server.log.appender.install.snapshot.enabled = false (custom)
2019-09-12 10:33:28,338 [pool-168-thread-1] INFO  impl.RaftServerImpl (ServerState.java:<init>(105)) - 58be6702-f3a1-484a-8c9d-5d933df137d3:group-8AB724D090C3 ConfigurationManager, init=-1: [58be6702-f3a1-484a-8c9d-5d933df137d3:192.168.157.195:33261], old=null, confs=<EMPTY_MAP>
2019-09-12 10:33:28,338 [pool-168-thread-1] INFO  server.RaftServerConfigKeys (ConfUtils.java:logGet(43)) - raft.server.storage.dir = [/workdir/hadoop-ozone/integration-test/target/test-dir/MiniOzoneClusterImpl-2d656029-9dde-45a3-b7cd-f2d738c2cb44/datanode-4/data/ratis] (custom)
2019-09-12 10:33:28,339 [pool-168-thread-1] INFO  storage.RaftStorageDirectory (RaftStorageDirectory.java:analyzeStorage(246)) - The storage directory /workdir/hadoop-ozone/integration-test/target/test-dir/MiniOzoneClusterImpl-2d656029-9dde-45a3-b7cd-f2d738c2cb44/datanode-4/data/ratis/419ed2c5-cda9-4c84-b951-8ab724d090c3 does not exist. Creating ...
2019-09-12 10:33:28,354 [pool-168-thread-1] INFO  storage.RaftStorageDirectory (RaftStorageDirectory.java:tryLock(328)) - Lock on /workdir/hadoop-ozone/integration-test/target/test-dir/MiniOzoneClusterImpl-2d656029-9dde-45a3-b7cd-f2d738c2cb44/datanode-4/data/ratis/419ed2c5-cda9-4c84-b951-8ab724d090c3/in_use.lock acquired by nodename 32653@pr-hdds-1569-xtfnx-3545843844
2019-09-12 10:33:28,367 [pool-168-thread-1] INFO  storage.RaftStorage (RaftStorage.java:format(72)) - Storage directory /workdir/hadoop-ozone/integration-test/target/test-dir/MiniOzoneClusterImpl-2d656029-9dde-45a3-b7cd-f2d738c2cb44/datanode-4/data/ratis/419ed2c5-cda9-4c84-b951-8ab724d090c3 has been successfully formatted.
2019-09-12 10:33:28,367 [pool-168-thread-1] INFO  ratis.ContainerStateMachine (ContainerStateMachine.java:loadSnapshot(226)) - group-8AB724D090C3: The snapshot info is null. Setting the last applied indexto:(t:0, i:~)
2019-09-12 10:33:28,368 [pool-168-thread-1] INFO  server.RaftServerConfigKeys (ConfUtils.java:logGet(43)) - raft.server.leader.election.timeout = 120s (custom)
2019-09-12 10:33:28,368 [pool-168-thread-1] INFO  server.RaftServerConfigKeys (ConfUtils.java:logGet(43)) - raft.server.log.use.memory = false (default)
2019-09-12 10:33:28,368 [pool-168-thread-1] INFO  server.RaftServerConfigKeys (ConfUtils.java:logGet(43)) - raft.server.log.purge.gap = 1000000 (custom)
2019-09-12 10:33:28,368 [pool-168-thread-1] INFO  server.RaftServerConfigKeys (ConfUtils.java:logGet(43)) - raft.server.log.appender.buffer.byte-limit = 33554432 (custom)
2019-09-12 10:33:28,368 [pool-168-thread-1] INFO  server.RaftServerConfigKeys (ConfUtils.java:logGet(43)) - raft.server.log.segment.size.max = 1048576 (custom)
2019-09-12 10:33:28,369 [pool-168-thread-1] INFO  server.RaftServerConfigKeys (ConfUtils.java:logGet(43)) - raft.server.log.segment.cache.num.max = 2 (custom)
2019-09-12 10:33:28,369 [pool-168-thread-1] INFO  segmented.SegmentedRaftLogWorker (SegmentedRaftLogWorker.java:<init>(172)) - new 58be6702-f3a1-484a-8c9d-5d933df137d3-SegmentedRaftLogWorker:Storage Directory /workdir/hadoop-ozone/integration-test/target/test-dir/MiniOzoneClusterImpl-2d656029-9dde-45a3-b7cd-f2d738c2cb44/datanode-4/data/ratis/419ed2c5-cda9-4c84-b951-8ab724d090c3 for RaftStorage:Storage Directory /workdir/hadoop-ozone/integration-test/target/test-dir/MiniOzoneClusterImpl-2d656029-9dde-45a3-b7cd-f2d738c2cb44/datanode-4/data/ratis/419ed2c5-cda9-4c84-b951-8ab724d090c3
2019-09-12 10:33:28,369 [pool-168-thread-1] INFO  server.RaftServerConfigKeys (ConfUtils.java:logGet(43)) - raft.server.log.queue.byte-limit = 2147483647 (custom)
2019-09-12 10:33:28,369 [pool-168-thread-1] INFO  server.RaftServerConfigKeys (ConfUtils.java:logGet(43)) - raft.server.log.queue.element-limit = 1024 (custom)
2019-09-12 10:33:28,369 [pool-168-thread-1] INFO  server.RaftServerConfigKeys (ConfUtils.java:logGet(43)) - raft.server.log.segment.size.max = 1048576 (custom)
2019-09-12 10:33:28,369 [pool-168-thread-1] INFO  server.RaftServerConfigKeys (ConfUtils.java:logGet(43)) - raft.server.log.preallocated.size = 16384 (custom)
2019-09-12 10:33:28,370 [pool-168-thread-1] INFO  server.RaftServerConfigKeys (ConfUtils.java:logGet(43)) - raft.server.log.write.buffer.size = 33554432 (custom)
2019-09-12 10:33:28,370 [pool-168-thread-1] INFO  server.RaftServerConfigKeys (ConfUtils.java:logGet(43)) - raft.server.log.force.sync.num = 128 (default)
2019-09-12 10:33:28,370 [pool-168-thread-1] INFO  server.RaftServerConfigKeys (ConfUtils.java:logGet(43)) - raft.server.log.statemachine.data.sync = true (default)
2019-09-12 10:33:28,370 [pool-168-thread-1] INFO  server.RaftServerConfigKeys (ConfUtils.java:logGet(43)) - raft.server.log.statemachine.data.sync.timeout = 10s (default)
2019-09-12 10:33:28,370 [pool-168-thread-1] INFO  server.RaftServerConfigKeys (ConfUtils.java:logGet(43)) - raft.server.log.statemachine.data.sync.timeout.retry = -1 (default)
2019-09-12 10:33:28,370 [pool-168-thread-1] INFO  server.RaftServerConfigKeys (ConfUtils.java:logGet(43)) - raft.server.log.statemachine.data.caching.enabled = true (custom)
2019-09-12 10:33:28,371 [pool-168-thread-1] INFO  segmented.SegmentedRaftLogWorker (SegmentedRaftLogWorker.java:lambda$new$0(132)) - 58be6702-f3a1-484a-8c9d-5d933df137d3-SegmentedRaftLogWorker:Storage Directory /workdir/hadoop-ozone/integration-test/target/test-dir/MiniOzoneClusterImpl-2d656029-9dde-45a3-b7cd-f2d738c2cb44/datanode-4/data/ratis/419ed2c5-cda9-4c84-b951-8ab724d090c3: flushIndex: setUnconditionally 0 -> -1
2019-09-12 10:33:28,371 [pool-168-thread-1] INFO  server.RaftServerConfigKeys (ConfUtils.java:logGet(43)) - raft.server.snapshot.auto.trigger.enabled = true (custom)
2019-09-12 10:33:28,371 [pool-168-thread-1] INFO  server.RaftServerConfigKeys (ConfUtils.java:logGet(43)) - raft.server.snapshot.auto.trigger.threshold = 10000 (custom)
2019-09-12 10:33:28,371 [pool-168-thread-1] INFO  server.RaftServerConfigKeys (ConfUtils.java:logGet(43)) - raft.server.retrycache.expirytime = 600000ms (custom)
2019-09-12 10:33:28,372 [pool-168-thread-1] INFO  impl.RaftServerImpl (RaftServerImpl.java:start(180)) - 58be6702-f3a1-484a-8c9d-5d933df137d3: start group-8AB724D090C3
2019-09-12 10:33:28,372 [pool-168-thread-1] INFO  impl.RaftServerImpl (RaftServerImpl.java:setRole(171)) - 58be6702-f3a1-484a-8c9d-5d933df137d3:group-8AB724D090C3 changes role from null to FOLLOWER at term 0 for startAsFollower
2019-09-12 10:33:28,372 [pool-168-thread-1] INFO  impl.RoleInfo (RoleInfo.java:updateAndGet(143)) - 58be6702-f3a1-484a-8c9d-5d933df137d3: start FollowerState
2019-09-12 10:33:28,373 [pool-168-thread-1] INFO  util.JmxRegister (JmxRegister.java:tryRegister(44)) - Successfully registered JMX Bean with object name Ratis:service=RaftServer,group=group-8AB724D090C3,id=58be6702-f3a1-484a-8c9d-5d933df137d3
2019-09-12 10:33:28,376 [RatisPipelineUtilsThread] INFO  pipeline.PipelineStateManager (PipelineStateManager.java:addPipeline(56)) - Created pipeline Pipeline[ Id: 419ed2c5-cda9-4c84-b951-8ab724d090c3, Nodes: 58be6702-f3a1-484a-8c9d-5d933df137d3{ip: 192.168.157.195, host: pr-hdds-1569-xtfnx-3545843844, networkLocation: /default-rack, certSerialId: null}, Type:RATIS, Factor:ONE, State:OPEN]
2019-09-12 10:33:28,376 [RatisPipelineUtilsThread] ERROR pipeline.PipelinePlacementPolicy (PipelinePlacementPolicy.java:meetCriteria(91)) - Pipeline Placement: Doesn't meet the criteria to be viable node. Heaviness: 6
2019-09-12 10:33:28,376 [RatisPipelineUtilsThread] ERROR pipeline.PipelinePlacementPolicy (PipelinePlacementPolicy.java:meetCriteria(91)) - Pipeline Placement: Doesn't meet the criteria to be viable node. Heaviness: 6
2019-09-12 10:33:28,386 [grpc-default-executor-0] INFO  impl.RaftServerProxy (RaftServerProxy.java:addNew(89)) - afdb29cf-c3b8-498d-8640-0d0c0297edd0: addNew group-46B28BDEC6E5:[afdb29cf-c3b8-498d-8640-0d0c0297edd0:192.168.157.195:42480] returns group-46B28BDEC6E5:java.util.concurrent.CompletableFuture@2fd23c4[Not completed]
2019-09-12 10:33:28,391 [pool-157-thread-1] INFO  impl.RaftServerImpl (RaftServerImpl.java:<init>(93)) - afdb29cf-c3b8-498d-8640-0d0c0297edd0: new RaftServerImpl for group-46B28BDEC6E5:[afdb29cf-c3b8-498d-8640-0d0c0297edd0:192.168.157.195:42480] with ContainerStateMachine:uninitialized
2019-09-12 10:33:28,392 [pool-157-thread-1] INFO  server.RaftServerConfigKeys (ConfUtils.java:logGet(43)) - raft.server.rpc.timeout.min = 5s (custom)
2019-09-12 10:33:28,392 [pool-157-thread-1] INFO  server.RaftServerConfigKeys (ConfUtils.java:logGet(43)) - raft.server.rpc.timeout.max = 5200ms (custom)
2019-09-12 10:33:28,392 [pool-157-thread-1] INFO  server.RaftServerConfigKeys (ConfUtils.java:logGet(43)) - raft.server.rpcslowness.timeout = 120s (custom)
2019-09-12 10:33:28,392 [pool-157-thread-1] INFO  server.RaftServerConfigKeys (ConfUtils.java:logGet(43)) - raft.server.sleep.deviation.threshold = 300 (default)
2019-09-12 10:33:28,392 [pool-157-thread-1] INFO  server.RaftServerConfigKeys (ConfUtils.java:logGet(43)) - raft.server.log.appender.install.snapshot.enabled = false (custom)
2019-09-12 10:33:28,393 [pool-157-thread-1] INFO  impl.RaftServerImpl (ServerState.java:<init>(105)) - afdb29cf-c3b8-498d-8640-0d0c0297edd0:group-46B28BDEC6E5 ConfigurationManager, init=-1: [afdb29cf-c3b8-498d-8640-0d0c0297edd0:192.168.157.195:42480], old=null, confs=<EMPTY_MAP>
2019-09-12 10:33:28,393 [pool-157-thread-1] INFO  server.RaftServerConfigKeys (ConfUtils.java:logGet(43)) - raft.server.storage.dir = [/workdir/hadoop-ozone/integration-test/target/test-dir/MiniOzoneClusterImpl-2d656029-9dde-45a3-b7cd-f2d738c2cb44/datanode-3/data/ratis] (custom)
2019-09-12 10:33:28,393 [pool-157-thread-1] INFO  storage.RaftStorageDirectory (RaftStorageDirectory.java:analyzeStorage(246)) - The storage directory /workdir/hadoop-ozone/integration-test/target/test-dir/MiniOzoneClusterImpl-2d656029-9dde-45a3-b7cd-f2d738c2cb44/datanode-3/data/ratis/cfa9449f-1936-4b11-a36f-46b28bdec6e5 does not exist. Creating ...
2019-09-12 10:33:28,415 [pool-157-thread-1] INFO  storage.RaftStorageDirectory (RaftStorageDirectory.java:tryLock(328)) - Lock on /workdir/hadoop-ozone/integration-test/target/test-dir/MiniOzoneClusterImpl-2d656029-9dde-45a3-b7cd-f2d738c2cb44/datanode-3/data/ratis/cfa9449f-1936-4b11-a36f-46b28bdec6e5/in_use.lock acquired by nodename 32653@pr-hdds-1569-xtfnx-3545843844
2019-09-12 10:33:28,428 [pool-157-thread-1] INFO  storage.RaftStorage (RaftStorage.java:format(72)) - Storage directory /workdir/hadoop-ozone/integration-test/target/test-dir/MiniOzoneClusterImpl-2d656029-9dde-45a3-b7cd-f2d738c2cb44/datanode-3/data/ratis/cfa9449f-1936-4b11-a36f-46b28bdec6e5 has been successfully formatted.
2019-09-12 10:33:28,428 [pool-157-thread-1] INFO  ratis.ContainerStateMachine (ContainerStateMachine.java:loadSnapshot(226)) - group-46B28BDEC6E5: The snapshot info is null. Setting the last applied indexto:(t:0, i:~)
2019-09-12 10:33:28,428 [pool-157-thread-1] INFO  server.RaftServerConfigKeys (ConfUtils.java:logGet(43)) - raft.server.leader.election.timeout = 120s (custom)
2019-09-12 10:33:28,428 [pool-157-thread-1] INFO  server.RaftServerConfigKeys (ConfUtils.java:logGet(43)) - raft.server.log.use.memory = false (default)
2019-09-12 10:33:28,428 [pool-157-thread-1] INFO  server.RaftServerConfigKeys (ConfUtils.java:logGet(43)) - raft.server.log.purge.gap = 1000000 (custom)
2019-09-12 10:33:28,429 [pool-157-thread-1] INFO  server.RaftServerConfigKeys (ConfUtils.java:logGet(43)) - raft.server.log.appender.buffer.byte-limit = 33554432 (custom)
2019-09-12 10:33:28,429 [pool-157-thread-1] INFO  server.RaftServerConfigKeys (ConfUtils.java:logGet(43)) - raft.server.log.segment.size.max = 1048576 (custom)
2019-09-12 10:33:28,429 [pool-157-thread-1] INFO  server.RaftServerConfigKeys (ConfUtils.java:logGet(43)) - raft.server.log.segment.cache.num.max = 2 (custom)
2019-09-12 10:33:28,429 [pool-157-thread-1] INFO  segmented.SegmentedRaftLogWorker (SegmentedRaftLogWorker.java:<init>(172)) - new afdb29cf-c3b8-498d-8640-0d0c0297edd0-SegmentedRaftLogWorker:Storage Directory /workdir/hadoop-ozone/integration-test/target/test-dir/MiniOzoneClusterImpl-2d656029-9dde-45a3-b7cd-f2d738c2cb44/datanode-3/data/ratis/cfa9449f-1936-4b11-a36f-46b28bdec6e5 for RaftStorage:Storage Directory /workdir/hadoop-ozone/integration-test/target/test-dir/MiniOzoneClusterImpl-2d656029-9dde-45a3-b7cd-f2d738c2cb44/datanode-3/data/ratis/cfa9449f-1936-4b11-a36f-46b28bdec6e5
2019-09-12 10:33:28,430 [pool-157-thread-1] INFO  server.RaftServerConfigKeys (ConfUtils.java:logGet(43)) - raft.server.log.queue.byte-limit = 2147483647 (custom)
2019-09-12 10:33:28,430 [pool-157-thread-1] INFO  server.RaftServerConfigKeys (ConfUtils.java:logGet(43)) - raft.server.log.queue.element-limit = 1024 (custom)
2019-09-12 10:33:28,430 [pool-157-thread-1] INFO  server.RaftServerConfigKeys (ConfUtils.java:logGet(43)) - raft.server.log.segment.size.max = 1048576 (custom)
2019-09-12 10:33:28,430 [pool-157-thread-1] INFO  server.RaftServerConfigKeys (ConfUtils.java:logGet(43)) - raft.server.log.preallocated.size = 16384 (custom)
2019-09-12 10:33:28,430 [pool-157-thread-1] INFO  server.RaftServerConfigKeys (ConfUtils.java:logGet(43)) - raft.server.log.write.buffer.size = 33554432 (custom)
2019-09-12 10:33:28,431 [pool-157-thread-1] INFO  server.RaftServerConfigKeys (ConfUtils.java:logGet(43)) - raft.server.log.force.sync.num = 128 (default)
2019-09-12 10:33:28,431 [pool-157-thread-1] INFO  server.RaftServerConfigKeys (ConfUtils.java:logGet(43)) - raft.server.log.statemachine.data.sync = true (default)
2019-09-12 10:33:28,431 [pool-157-thread-1] INFO  server.RaftServerConfigKeys (ConfUtils.java:logGet(43)) - raft.server.log.statemachine.data.sync.timeout = 10s (default)
2019-09-12 10:33:28,431 [pool-157-thread-1] INFO  server.RaftServerConfigKeys (ConfUtils.java:logGet(43)) - raft.server.log.statemachine.data.sync.timeout.retry = -1 (default)
2019-09-12 10:33:28,432 [pool-157-thread-1] INFO  server.RaftServerConfigKeys (ConfUtils.java:logGet(43)) - raft.server.log.statemachine.data.caching.enabled = true (custom)
2019-09-12 10:33:28,432 [pool-157-thread-1] INFO  segmented.SegmentedRaftLogWorker (SegmentedRaftLogWorker.java:lambda$new$0(132)) - afdb29cf-c3b8-498d-8640-0d0c0297edd0-SegmentedRaftLogWorker:Storage Directory /workdir/hadoop-ozone/integration-test/target/test-dir/MiniOzoneClusterImpl-2d656029-9dde-45a3-b7cd-f2d738c2cb44/datanode-3/data/ratis/cfa9449f-1936-4b11-a36f-46b28bdec6e5: flushIndex: setUnconditionally 0 -> -1
2019-09-12 10:33:28,432 [pool-157-thread-1] INFO  server.RaftServerConfigKeys (ConfUtils.java:logGet(43)) - raft.server.snapshot.auto.trigger.enabled = true (custom)
2019-09-12 10:33:28,432 [pool-157-thread-1] INFO  server.RaftServerConfigKeys (ConfUtils.java:logGet(43)) - raft.server.snapshot.auto.trigger.threshold = 10000 (custom)
2019-09-12 10:33:28,433 [pool-157-thread-1] INFO  server.RaftServerConfigKeys (ConfUtils.java:logGet(43)) - raft.server.retrycache.expirytime = 600000ms (custom)
2019-09-12 10:33:28,433 [pool-157-thread-1] INFO  impl.RaftServerImpl (RaftServerImpl.java:start(180)) - afdb29cf-c3b8-498d-8640-0d0c0297edd0: start group-46B28BDEC6E5
2019-09-12 10:33:28,433 [pool-157-thread-1] INFO  impl.RaftServerImpl (RaftServerImpl.java:setRole(171)) - afdb29cf-c3b8-498d-8640-0d0c0297edd0:group-46B28BDEC6E5 changes role from null to FOLLOWER at term 0 for startAsFollower
2019-09-12 10:33:28,433 [pool-157-thread-1] INFO  impl.RoleInfo (RoleInfo.java:updateAndGet(143)) - afdb29cf-c3b8-498d-8640-0d0c0297edd0: start FollowerState
2019-09-12 10:33:28,434 [pool-157-thread-1] INFO  util.JmxRegister (JmxRegister.java:tryRegister(44)) - Successfully registered JMX Bean with object name Ratis:service=RaftServer,group=group-46B28BDEC6E5,id=afdb29cf-c3b8-498d-8640-0d0c0297edd0
2019-09-12 10:33:28,437 [RatisPipelineUtilsThread] INFO  pipeline.PipelineStateManager (PipelineStateManager.java:addPipeline(56)) - Created pipeline Pipeline[ Id: cfa9449f-1936-4b11-a36f-46b28bdec6e5, Nodes: afdb29cf-c3b8-498d-8640-0d0c0297edd0{ip: 192.168.157.195, host: pr-hdds-1569-xtfnx-3545843844, networkLocation: /default-rack, certSerialId: null}, Type:RATIS, Factor:ONE, State:OPEN]
2019-09-12 10:33:28,437 [RatisPipelineUtilsThread] ERROR pipeline.PipelinePlacementPolicy (PipelinePlacementPolicy.java:meetCriteria(91)) - Pipeline Placement: Doesn't meet the criteria to be viable node. Heaviness: 6
2019-09-12 10:33:28,437 [RatisPipelineUtilsThread] ERROR pipeline.PipelinePlacementPolicy (PipelinePlacementPolicy.java:meetCriteria(91)) - Pipeline Placement: Doesn't meet the criteria to be viable node. Heaviness: 6
2019-09-12 10:33:28,443 [grpc-default-executor-0] INFO  impl.RaftServerProxy (RaftServerProxy.java:addNew(89)) - 8bce8832-9727-4b35-a9b5-3df7187e4e21: addNew group-2952D1C11CE0:[8bce8832-9727-4b35-a9b5-3df7187e4e21:192.168.157.195:43912] returns group-2952D1C11CE0:java.util.concurrent.CompletableFuture@93ff34b[Not completed]
2019-09-12 10:33:28,444 [pool-146-thread-1] INFO  impl.RaftServerImpl (RaftServerImpl.java:<init>(93)) - 8bce8832-9727-4b35-a9b5-3df7187e4e21: new RaftServerImpl for group-2952D1C11CE0:[8bce8832-9727-4b35-a9b5-3df7187e4e21:192.168.157.195:43912] with ContainerStateMachine:uninitialized
2019-09-12 10:33:28,444 [pool-146-thread-1] INFO  server.RaftServerConfigKeys (ConfUtils.java:logGet(43)) - raft.server.rpc.timeout.min = 5s (custom)
2019-09-12 10:33:28,445 [pool-146-thread-1] INFO  server.RaftServerConfigKeys (ConfUtils.java:logGet(43)) - raft.server.rpc.timeout.max = 5200ms (custom)
2019-09-12 10:33:28,445 [pool-146-thread-1] INFO  server.RaftServerConfigKeys (ConfUtils.java:logGet(43)) - raft.server.rpcslowness.timeout = 120s (custom)
2019-09-12 10:33:28,445 [pool-146-thread-1] INFO  server.RaftServerConfigKeys (ConfUtils.java:logGet(43)) - raft.server.sleep.deviation.threshold = 300 (default)
2019-09-12 10:33:28,445 [pool-146-thread-1] INFO  server.RaftServerConfigKeys (ConfUtils.java:logGet(43)) - raft.server.log.appender.install.snapshot.enabled = false (custom)
2019-09-12 10:33:28,445 [pool-146-thread-1] INFO  impl.RaftServerImpl (ServerState.java:<init>(105)) - 8bce8832-9727-4b35-a9b5-3df7187e4e21:group-2952D1C11CE0 ConfigurationManager, init=-1: [8bce8832-9727-4b35-a9b5-3df7187e4e21:192.168.157.195:43912], old=null, confs=<EMPTY_MAP>
2019-09-12 10:33:28,445 [pool-146-thread-1] INFO  server.RaftServerConfigKeys (ConfUtils.java:logGet(43)) - raft.server.storage.dir = [/workdir/hadoop-ozone/integration-test/target/test-dir/MiniOzoneClusterImpl-2d656029-9dde-45a3-b7cd-f2d738c2cb44/datanode-2/data/ratis] (custom)
2019-09-12 10:33:28,446 [pool-146-thread-1] INFO  storage.RaftStorageDirectory (RaftStorageDirectory.java:analyzeStorage(246)) - The storage directory /workdir/hadoop-ozone/integration-test/target/test-dir/MiniOzoneClusterImpl-2d656029-9dde-45a3-b7cd-f2d738c2cb44/datanode-2/data/ratis/4cf92583-69cd-4f01-bda3-2952d1c11ce0 does not exist. Creating ...
2019-09-12 10:33:28,458 [pool-146-thread-1] INFO  storage.RaftStorageDirectory (RaftStorageDirectory.java:tryLock(328)) - Lock on /workdir/hadoop-ozone/integration-test/target/test-dir/MiniOzoneClusterImpl-2d656029-9dde-45a3-b7cd-f2d738c2cb44/datanode-2/data/ratis/4cf92583-69cd-4f01-bda3-2952d1c11ce0/in_use.lock acquired by nodename 32653@pr-hdds-1569-xtfnx-3545843844
2019-09-12 10:33:28,472 [pool-146-thread-1] INFO  storage.RaftStorage (RaftStorage.java:format(72)) - Storage directory /workdir/hadoop-ozone/integration-test/target/test-dir/MiniOzoneClusterImpl-2d656029-9dde-45a3-b7cd-f2d738c2cb44/datanode-2/data/ratis/4cf92583-69cd-4f01-bda3-2952d1c11ce0 has been successfully formatted.
2019-09-12 10:33:28,473 [pool-146-thread-1] INFO  ratis.ContainerStateMachine (ContainerStateMachine.java:loadSnapshot(226)) - group-2952D1C11CE0: The snapshot info is null. Setting the last applied indexto:(t:0, i:~)
2019-09-12 10:33:28,473 [pool-146-thread-1] INFO  server.RaftServerConfigKeys (ConfUtils.java:logGet(43)) - raft.server.leader.election.timeout = 120s (custom)
2019-09-12 10:33:28,473 [pool-146-thread-1] INFO  server.RaftServerConfigKeys (ConfUtils.java:logGet(43)) - raft.server.log.use.memory = false (default)
2019-09-12 10:33:28,474 [pool-146-thread-1] INFO  server.RaftServerConfigKeys (ConfUtils.java:logGet(43)) - raft.server.log.purge.gap = 1000000 (custom)
2019-09-12 10:33:28,474 [pool-146-thread-1] INFO  server.RaftServerConfigKeys (ConfUtils.java:logGet(43)) - raft.server.log.appender.buffer.byte-limit = 33554432 (custom)
2019-09-12 10:33:28,474 [pool-146-thread-1] INFO  server.RaftServerConfigKeys (ConfUtils.java:logGet(43)) - raft.server.log.segment.size.max = 1048576 (custom)
2019-09-12 10:33:28,474 [pool-146-thread-1] INFO  server.RaftServerConfigKeys (ConfUtils.java:logGet(43)) - raft.server.log.segment.cache.num.max = 2 (custom)
2019-09-12 10:33:28,475 [pool-146-thread-1] INFO  segmented.SegmentedRaftLogWorker (SegmentedRaftLogWorker.java:<init>(172)) - new 8bce8832-9727-4b35-a9b5-3df7187e4e21-SegmentedRaftLogWorker:Storage Directory /workdir/hadoop-ozone/integration-test/target/test-dir/MiniOzoneClusterImpl-2d656029-9dde-45a3-b7cd-f2d738c2cb44/datanode-2/data/ratis/4cf92583-69cd-4f01-bda3-2952d1c11ce0 for RaftStorage:Storage Directory /workdir/hadoop-ozone/integration-test/target/test-dir/MiniOzoneClusterImpl-2d656029-9dde-45a3-b7cd-f2d738c2cb44/datanode-2/data/ratis/4cf92583-69cd-4f01-bda3-2952d1c11ce0
2019-09-12 10:33:28,475 [pool-146-thread-1] INFO  server.RaftServerConfigKeys (ConfUtils.java:logGet(43)) - raft.server.log.queue.byte-limit = 2147483647 (custom)
2019-09-12 10:33:28,475 [pool-146-thread-1] INFO  server.RaftServerConfigKeys (ConfUtils.java:logGet(43)) - raft.server.log.queue.element-limit = 1024 (custom)
2019-09-12 10:33:28,475 [pool-146-thread-1] INFO  server.RaftServerConfigKeys (ConfUtils.java:logGet(43)) - raft.server.log.segment.size.max = 1048576 (custom)
2019-09-12 10:33:28,475 [pool-146-thread-1] INFO  server.RaftServerConfigKeys (ConfUtils.java:logGet(43)) - raft.server.log.preallocated.size = 16384 (custom)
2019-09-12 10:33:28,475 [pool-146-thread-1] INFO  server.RaftServerConfigKeys (ConfUtils.java:logGet(43)) - raft.server.log.write.buffer.size = 33554432 (custom)
2019-09-12 10:33:28,476 [pool-146-thread-1] INFO  server.RaftServerConfigKeys (ConfUtils.java:logGet(43)) - raft.server.log.force.sync.num = 128 (default)
2019-09-12 10:33:28,476 [pool-146-thread-1] INFO  server.RaftServerConfigKeys (ConfUtils.java:logGet(43)) - raft.server.log.statemachine.data.sync = true (default)
2019-09-12 10:33:28,476 [pool-146-thread-1] INFO  server.RaftServerConfigKeys (ConfUtils.java:logGet(43)) - raft.server.log.statemachine.data.sync.timeout = 10s (default)
2019-09-12 10:33:28,476 [pool-146-thread-1] INFO  server.RaftServerConfigKeys (ConfUtils.java:logGet(43)) - raft.server.log.statemachine.data.sync.timeout.retry = -1 (default)
2019-09-12 10:33:28,476 [pool-146-thread-1] INFO  server.RaftServerConfigKeys (ConfUtils.java:logGet(43)) - raft.server.log.statemachine.data.caching.enabled = true (custom)
2019-09-12 10:33:28,477 [pool-146-thread-1] INFO  segmented.SegmentedRaftLogWorker (SegmentedRaftLogWorker.java:lambda$new$0(132)) - 8bce8832-9727-4b35-a9b5-3df7187e4e21-SegmentedRaftLogWorker:Storage Directory /workdir/hadoop-ozone/integration-test/target/test-dir/MiniOzoneClusterImpl-2d656029-9dde-45a3-b7cd-f2d738c2cb44/datanode-2/data/ratis/4cf92583-69cd-4f01-bda3-2952d1c11ce0: flushIndex: setUnconditionally 0 -> -1
2019-09-12 10:33:28,477 [pool-146-thread-1] INFO  server.RaftServerConfigKeys (ConfUtils.java:logGet(43)) - raft.server.snapshot.auto.trigger.enabled = true (custom)
2019-09-12 10:33:28,478 [pool-146-thread-1] INFO  server.RaftServerConfigKeys (ConfUtils.java:logGet(43)) - raft.server.snapshot.auto.trigger.threshold = 10000 (custom)
2019-09-12 10:33:28,478 [pool-146-thread-1] INFO  server.RaftServerConfigKeys (ConfUtils.java:logGet(43)) - raft.server.retrycache.expirytime = 600000ms (custom)
2019-09-12 10:33:28,478 [pool-146-thread-1] INFO  impl.RaftServerImpl (RaftServerImpl.java:start(180)) - 8bce8832-9727-4b35-a9b5-3df7187e4e21: start group-2952D1C11CE0
2019-09-12 10:33:28,478 [pool-146-thread-1] INFO  impl.RaftServerImpl (RaftServerImpl.java:setRole(171)) - 8bce8832-9727-4b35-a9b5-3df7187e4e21:group-2952D1C11CE0 changes role from null to FOLLOWER at term 0 for startAsFollower
2019-09-12 10:33:28,479 [pool-146-thread-1] INFO  impl.RoleInfo (RoleInfo.java:updateAndGet(143)) - 8bce8832-9727-4b35-a9b5-3df7187e4e21: start FollowerState
2019-09-12 10:33:28,479 [pool-146-thread-1] INFO  util.JmxRegister (JmxRegister.java:tryRegister(44)) - Successfully registered JMX Bean with object name Ratis:service=RaftServer,group=group-2952D1C11CE0,id=8bce8832-9727-4b35-a9b5-3df7187e4e21
2019-09-12 10:33:28,484 [RatisPipelineUtilsThread] INFO  pipeline.PipelineStateManager (PipelineStateManager.java:addPipeline(56)) - Created pipeline Pipeline[ Id: 4cf92583-69cd-4f01-bda3-2952d1c11ce0, Nodes: 8bce8832-9727-4b35-a9b5-3df7187e4e21{ip: 192.168.157.195, host: pr-hdds-1569-xtfnx-3545843844, networkLocation: /default-rack, certSerialId: null}, Type:RATIS, Factor:ONE, State:OPEN]
2019-09-12 10:33:28,484 [RatisPipelineUtilsThread] ERROR pipeline.PipelinePlacementPolicy (PipelinePlacementPolicy.java:meetCriteria(91)) - Pipeline Placement: Doesn't meet the criteria to be viable node. Heaviness: 6
2019-09-12 10:33:28,484 [RatisPipelineUtilsThread] ERROR pipeline.PipelinePlacementPolicy (PipelinePlacementPolicy.java:meetCriteria(91)) - Pipeline Placement: Doesn't meet the criteria to be viable node. Heaviness: 6
2019-09-12 10:33:28,491 [grpc-default-executor-0] INFO  impl.RaftServerProxy (RaftServerProxy.java:addNew(89)) - 58be6702-f3a1-484a-8c9d-5d933df137d3: addNew group-95497C8419CD:[58be6702-f3a1-484a-8c9d-5d933df137d3:192.168.157.195:33261] returns group-95497C8419CD:java.util.concurrent.CompletableFuture@7b2c7e4b[Not completed]
2019-09-12 10:33:28,492 [pool-168-thread-1] INFO  impl.RaftServerImpl (RaftServerImpl.java:<init>(93)) - 58be6702-f3a1-484a-8c9d-5d933df137d3: new RaftServerImpl for group-95497C8419CD:[58be6702-f3a1-484a-8c9d-5d933df137d3:192.168.157.195:33261] with ContainerStateMachine:uninitialized
2019-09-12 10:33:28,493 [pool-168-thread-1] INFO  server.RaftServerConfigKeys (ConfUtils.java:logGet(43)) - raft.server.rpc.timeout.min = 5s (custom)
2019-09-12 10:33:28,493 [pool-168-thread-1] INFO  server.RaftServerConfigKeys (ConfUtils.java:logGet(43)) - raft.server.rpc.timeout.max = 5200ms (custom)
2019-09-12 10:33:28,493 [pool-168-thread-1] INFO  server.RaftServerConfigKeys (ConfUtils.java:logGet(43)) - raft.server.rpcslowness.timeout = 120s (custom)
2019-09-12 10:33:28,493 [pool-168-thread-1] INFO  server.RaftServerConfigKeys (ConfUtils.java:logGet(43)) - raft.server.sleep.deviation.threshold = 300 (default)
2019-09-12 10:33:28,493 [pool-168-thread-1] INFO  server.RaftServerConfigKeys (ConfUtils.java:logGet(43)) - raft.server.log.appender.install.snapshot.enabled = false (custom)
2019-09-12 10:33:28,493 [pool-168-thread-1] INFO  impl.RaftServerImpl (ServerState.java:<init>(105)) - 58be6702-f3a1-484a-8c9d-5d933df137d3:group-95497C8419CD ConfigurationManager, init=-1: [58be6702-f3a1-484a-8c9d-5d933df137d3:192.168.157.195:33261], old=null, confs=<EMPTY_MAP>
2019-09-12 10:33:28,494 [pool-168-thread-1] INFO  server.RaftServerConfigKeys (ConfUtils.java:logGet(43)) - raft.server.storage.dir = [/workdir/hadoop-ozone/integration-test/target/test-dir/MiniOzoneClusterImpl-2d656029-9dde-45a3-b7cd-f2d738c2cb44/datanode-4/data/ratis] (custom)
2019-09-12 10:33:28,494 [pool-168-thread-1] INFO  storage.RaftStorageDirectory (RaftStorageDirectory.java:analyzeStorage(246)) - The storage directory /workdir/hadoop-ozone/integration-test/target/test-dir/MiniOzoneClusterImpl-2d656029-9dde-45a3-b7cd-f2d738c2cb44/datanode-4/data/ratis/10cd06ed-682a-418e-932b-95497c8419cd does not exist. Creating ...
2019-09-12 10:33:28,507 [pool-168-thread-1] INFO  storage.RaftStorageDirectory (RaftStorageDirectory.java:tryLock(328)) - Lock on /workdir/hadoop-ozone/integration-test/target/test-dir/MiniOzoneClusterImpl-2d656029-9dde-45a3-b7cd-f2d738c2cb44/datanode-4/data/ratis/10cd06ed-682a-418e-932b-95497c8419cd/in_use.lock acquired by nodename 32653@pr-hdds-1569-xtfnx-3545843844
2019-09-12 10:33:28,519 [pool-168-thread-1] INFO  storage.RaftStorage (RaftStorage.java:format(72)) - Storage directory /workdir/hadoop-ozone/integration-test/target/test-dir/MiniOzoneClusterImpl-2d656029-9dde-45a3-b7cd-f2d738c2cb44/datanode-4/data/ratis/10cd06ed-682a-418e-932b-95497c8419cd has been successfully formatted.
2019-09-12 10:33:28,519 [pool-168-thread-1] INFO  ratis.ContainerStateMachine (ContainerStateMachine.java:loadSnapshot(226)) - group-95497C8419CD: The snapshot info is null. Setting the last applied indexto:(t:0, i:~)
2019-09-12 10:33:28,520 [pool-168-thread-1] INFO  server.RaftServerConfigKeys (ConfUtils.java:logGet(43)) - raft.server.leader.election.timeout = 120s (custom)
2019-09-12 10:33:28,520 [pool-168-thread-1] INFO  server.RaftServerConfigKeys (ConfUtils.java:logGet(43)) - raft.server.log.use.memory = false (default)
2019-09-12 10:33:28,520 [pool-168-thread-1] INFO  server.RaftServerConfigKeys (ConfUtils.java:logGet(43)) - raft.server.log.purge.gap = 1000000 (custom)
2019-09-12 10:33:28,520 [pool-168-thread-1] INFO  server.RaftServerConfigKeys (ConfUtils.java:logGet(43)) - raft.server.log.appender.buffer.byte-limit = 33554432 (custom)
2019-09-12 10:33:28,520 [pool-168-thread-1] INFO  server.RaftServerConfigKeys (ConfUtils.java:logGet(43)) - raft.server.log.segment.size.max = 1048576 (custom)
2019-09-12 10:33:28,520 [pool-168-thread-1] INFO  server.RaftServerConfigKeys (ConfUtils.java:logGet(43)) - raft.server.log.segment.cache.num.max = 2 (custom)
2019-09-12 10:33:28,521 [pool-168-thread-1] INFO  segmented.SegmentedRaftLogWorker (SegmentedRaftLogWorker.java:<init>(172)) - new 58be6702-f3a1-484a-8c9d-5d933df137d3-SegmentedRaftLogWorker:Storage Directory /workdir/hadoop-ozone/integration-test/target/test-dir/MiniOzoneClusterImpl-2d656029-9dde-45a3-b7cd-f2d738c2cb44/datanode-4/data/ratis/10cd06ed-682a-418e-932b-95497c8419cd for RaftStorage:Storage Directory /workdir/hadoop-ozone/integration-test/target/test-dir/MiniOzoneClusterImpl-2d656029-9dde-45a3-b7cd-f2d738c2cb44/datanode-4/data/ratis/10cd06ed-682a-418e-932b-95497c8419cd
2019-09-12 10:33:28,521 [pool-168-thread-1] INFO  server.RaftServerConfigKeys (ConfUtils.java:logGet(43)) - raft.server.log.queue.byte-limit = 2147483647 (custom)
2019-09-12 10:33:28,521 [pool-168-thread-1] INFO  server.RaftServerConfigKeys (ConfUtils.java:logGet(43)) - raft.server.log.queue.element-limit = 1024 (custom)
2019-09-12 10:33:28,521 [pool-168-thread-1] INFO  server.RaftServerConfigKeys (ConfUtils.java:logGet(43)) - raft.server.log.segment.size.max = 1048576 (custom)
2019-09-12 10:33:28,521 [pool-168-thread-1] INFO  server.RaftServerConfigKeys (ConfUtils.java:logGet(43)) - raft.server.log.preallocated.size = 16384 (custom)
2019-09-12 10:33:28,521 [pool-168-thread-1] INFO  server.RaftServerConfigKeys (ConfUtils.java:logGet(43)) - raft.server.log.write.buffer.size = 33554432 (custom)
2019-09-12 10:33:28,522 [pool-168-thread-1] INFO  server.RaftServerConfigKeys (ConfUtils.java:logGet(43)) - raft.server.log.force.sync.num = 128 (default)
2019-09-12 10:33:28,522 [pool-168-thread-1] INFO  server.RaftServerConfigKeys (ConfUtils.java:logGet(43)) - raft.server.log.statemachine.data.sync = true (default)
2019-09-12 10:33:28,522 [pool-168-thread-1] INFO  server.RaftServerConfigKeys (ConfUtils.java:logGet(43)) - raft.server.log.statemachine.data.sync.timeout = 10s (default)
2019-09-12 10:33:28,522 [pool-168-thread-1] INFO  server.RaftServerConfigKeys (ConfUtils.java:logGet(43)) - raft.server.log.statemachine.data.sync.timeout.retry = -1 (default)
2019-09-12 10:33:28,522 [pool-168-thread-1] INFO  server.RaftServerConfigKeys (ConfUtils.java:logGet(43)) - raft.server.log.statemachine.data.caching.enabled = true (custom)
2019-09-12 10:33:28,523 [pool-168-thread-1] INFO  segmented.SegmentedRaftLogWorker (SegmentedRaftLogWorker.java:lambda$new$0(132)) - 58be6702-f3a1-484a-8c9d-5d933df137d3-SegmentedRaftLogWorker:Storage Directory /workdir/hadoop-ozone/integration-test/target/test-dir/MiniOzoneClusterImpl-2d656029-9dde-45a3-b7cd-f2d738c2cb44/datanode-4/data/ratis/10cd06ed-682a-418e-932b-95497c8419cd: flushIndex: setUnconditionally 0 -> -1
2019-09-12 10:33:28,523 [pool-168-thread-1] INFO  server.RaftServerConfigKeys (ConfUtils.java:logGet(43)) - raft.server.snapshot.auto.trigger.enabled = true (custom)
2019-09-12 10:33:28,523 [pool-168-thread-1] INFO  server.RaftServerConfigKeys (ConfUtils.java:logGet(43)) - raft.server.snapshot.auto.trigger.threshold = 10000 (custom)
2019-09-12 10:33:28,523 [pool-168-thread-1] INFO  server.RaftServerConfigKeys (ConfUtils.java:logGet(43)) - raft.server.retrycache.expirytime = 600000ms (custom)
2019-09-12 10:33:28,523 [pool-168-thread-1] INFO  impl.RaftServerImpl (RaftServerImpl.java:start(180)) - 58be6702-f3a1-484a-8c9d-5d933df137d3: start group-95497C8419CD
2019-09-12 10:33:28,524 [pool-168-thread-1] INFO  impl.RaftServerImpl (RaftServerImpl.java:setRole(171)) - 58be6702-f3a1-484a-8c9d-5d933df137d3:group-95497C8419CD changes role from null to FOLLOWER at term 0 for startAsFollower
2019-09-12 10:33:28,524 [pool-168-thread-1] INFO  impl.RoleInfo (RoleInfo.java:updateAndGet(143)) - 58be6702-f3a1-484a-8c9d-5d933df137d3: start FollowerState
2019-09-12 10:33:28,524 [pool-168-thread-1] INFO  util.JmxRegister (JmxRegister.java:tryRegister(44)) - Successfully registered JMX Bean with object name Ratis:service=RaftServer,group=group-95497C8419CD,id=58be6702-f3a1-484a-8c9d-5d933df137d3
2019-09-12 10:33:28,527 [RatisPipelineUtilsThread] INFO  pipeline.PipelineStateManager (PipelineStateManager.java:addPipeline(56)) - Created pipeline Pipeline[ Id: 10cd06ed-682a-418e-932b-95497c8419cd, Nodes: 58be6702-f3a1-484a-8c9d-5d933df137d3{ip: 192.168.157.195, host: pr-hdds-1569-xtfnx-3545843844, networkLocation: /default-rack, certSerialId: null}, Type:RATIS, Factor:ONE, State:OPEN]
2019-09-12 10:33:28,528 [RatisPipelineUtilsThread] ERROR pipeline.PipelinePlacementPolicy (PipelinePlacementPolicy.java:meetCriteria(91)) - Pipeline Placement: Doesn't meet the criteria to be viable node. Heaviness: 6
2019-09-12 10:33:28,528 [RatisPipelineUtilsThread] ERROR pipeline.PipelinePlacementPolicy (PipelinePlacementPolicy.java:meetCriteria(91)) - Pipeline Placement: Doesn't meet the criteria to be viable node. Heaviness: 6
2019-09-12 10:33:28,534 [grpc-default-executor-0] INFO  impl.RaftServerProxy (RaftServerProxy.java:addNew(89)) - afdb29cf-c3b8-498d-8640-0d0c0297edd0: addNew group-A7D9CBD0A61B:[afdb29cf-c3b8-498d-8640-0d0c0297edd0:192.168.157.195:42480] returns group-A7D9CBD0A61B:java.util.concurrent.CompletableFuture@30c023c[Not completed]
2019-09-12 10:33:28,536 [pool-157-thread-1] INFO  impl.RaftServerImpl (RaftServerImpl.java:<init>(93)) - afdb29cf-c3b8-498d-8640-0d0c0297edd0: new RaftServerImpl for group-A7D9CBD0A61B:[afdb29cf-c3b8-498d-8640-0d0c0297edd0:192.168.157.195:42480] with ContainerStateMachine:uninitialized
2019-09-12 10:33:28,536 [pool-157-thread-1] INFO  server.RaftServerConfigKeys (ConfUtils.java:logGet(43)) - raft.server.rpc.timeout.min = 5s (custom)
2019-09-12 10:33:28,536 [pool-157-thread-1] INFO  server.RaftServerConfigKeys (ConfUtils.java:logGet(43)) - raft.server.rpc.timeout.max = 5200ms (custom)
2019-09-12 10:33:28,536 [pool-157-thread-1] INFO  server.RaftServerConfigKeys (ConfUtils.java:logGet(43)) - raft.server.rpcslowness.timeout = 120s (custom)
2019-09-12 10:33:28,536 [pool-157-thread-1] INFO  server.RaftServerConfigKeys (ConfUtils.java:logGet(43)) - raft.server.sleep.deviation.threshold = 300 (default)
2019-09-12 10:33:28,536 [pool-157-thread-1] INFO  server.RaftServerConfigKeys (ConfUtils.java:logGet(43)) - raft.server.log.appender.install.snapshot.enabled = false (custom)
2019-09-12 10:33:28,537 [pool-157-thread-1] INFO  impl.RaftServerImpl (ServerState.java:<init>(105)) - afdb29cf-c3b8-498d-8640-0d0c0297edd0:group-A7D9CBD0A61B ConfigurationManager, init=-1: [afdb29cf-c3b8-498d-8640-0d0c0297edd0:192.168.157.195:42480], old=null, confs=<EMPTY_MAP>
2019-09-12 10:33:28,537 [pool-157-thread-1] INFO  server.RaftServerConfigKeys (ConfUtils.java:logGet(43)) - raft.server.storage.dir = [/workdir/hadoop-ozone/integration-test/target/test-dir/MiniOzoneClusterImpl-2d656029-9dde-45a3-b7cd-f2d738c2cb44/datanode-3/data/ratis] (custom)
2019-09-12 10:33:28,537 [pool-157-thread-1] INFO  storage.RaftStorageDirectory (RaftStorageDirectory.java:analyzeStorage(246)) - The storage directory /workdir/hadoop-ozone/integration-test/target/test-dir/MiniOzoneClusterImpl-2d656029-9dde-45a3-b7cd-f2d738c2cb44/datanode-3/data/ratis/22df7496-e478-44e7-ab3a-a7d9cbd0a61b does not exist. Creating ...
2019-09-12 10:33:28,550 [pool-157-thread-1] INFO  storage.RaftStorageDirectory (RaftStorageDirectory.java:tryLock(328)) - Lock on /workdir/hadoop-ozone/integration-test/target/test-dir/MiniOzoneClusterImpl-2d656029-9dde-45a3-b7cd-f2d738c2cb44/datanode-3/data/ratis/22df7496-e478-44e7-ab3a-a7d9cbd0a61b/in_use.lock acquired by nodename 32653@pr-hdds-1569-xtfnx-3545843844
2019-09-12 10:33:28,583 [pool-157-thread-1] INFO  storage.RaftStorage (RaftStorage.java:format(72)) - Storage directory /workdir/hadoop-ozone/integration-test/target/test-dir/MiniOzoneClusterImpl-2d656029-9dde-45a3-b7cd-f2d738c2cb44/datanode-3/data/ratis/22df7496-e478-44e7-ab3a-a7d9cbd0a61b has been successfully formatted.
2019-09-12 10:33:28,584 [pool-157-thread-1] INFO  ratis.ContainerStateMachine (ContainerStateMachine.java:loadSnapshot(226)) - group-A7D9CBD0A61B: The snapshot info is null. Setting the last applied indexto:(t:0, i:~)
2019-09-12 10:33:28,584 [pool-157-thread-1] INFO  server.RaftServerConfigKeys (ConfUtils.java:logGet(43)) - raft.server.leader.election.timeout = 120s (custom)
2019-09-12 10:33:28,584 [pool-157-thread-1] INFO  server.RaftServerConfigKeys (ConfUtils.java:logGet(43)) - raft.server.log.use.memory = false (default)
2019-09-12 10:33:28,584 [pool-157-thread-1] INFO  server.RaftServerConfigKeys (ConfUtils.java:logGet(43)) - raft.server.log.purge.gap = 1000000 (custom)
2019-09-12 10:33:28,584 [pool-157-thread-1] INFO  server.RaftServerConfigKeys (ConfUtils.java:logGet(43)) - raft.server.log.appender.buffer.byte-limit = 33554432 (custom)
2019-09-12 10:33:28,584 [pool-157-thread-1] INFO  server.RaftServerConfigKeys (ConfUtils.java:logGet(43)) - raft.server.log.segment.size.max = 1048576 (custom)
2019-09-12 10:33:28,585 [pool-157-thread-1] INFO  server.RaftServerConfigKeys (ConfUtils.java:logGet(43)) - raft.server.log.segment.cache.num.max = 2 (custom)
2019-09-12 10:33:28,585 [pool-157-thread-1] INFO  segmented.SegmentedRaftLogWorker (SegmentedRaftLogWorker.java:<init>(172)) - new afdb29cf-c3b8-498d-8640-0d0c0297edd0-SegmentedRaftLogWorker:Storage Directory /workdir/hadoop-ozone/integration-test/target/test-dir/MiniOzoneClusterImpl-2d656029-9dde-45a3-b7cd-f2d738c2cb44/datanode-3/data/ratis/22df7496-e478-44e7-ab3a-a7d9cbd0a61b for RaftStorage:Storage Directory /workdir/hadoop-ozone/integration-test/target/test-dir/MiniOzoneClusterImpl-2d656029-9dde-45a3-b7cd-f2d738c2cb44/datanode-3/data/ratis/22df7496-e478-44e7-ab3a-a7d9cbd0a61b
2019-09-12 10:33:28,585 [pool-157-thread-1] INFO  server.RaftServerConfigKeys (ConfUtils.java:logGet(43)) - raft.server.log.queue.byte-limit = 2147483647 (custom)
2019-09-12 10:33:28,585 [pool-157-thread-1] INFO  server.RaftServerConfigKeys (ConfUtils.java:logGet(43)) - raft.server.log.queue.element-limit = 1024 (custom)
2019-09-12 10:33:28,585 [pool-157-thread-1] INFO  server.RaftServerConfigKeys (ConfUtils.java:logGet(43)) - raft.server.log.segment.size.max = 1048576 (custom)
2019-09-12 10:33:28,585 [pool-157-thread-1] INFO  server.RaftServerConfigKeys (ConfUtils.java:logGet(43)) - raft.server.log.preallocated.size = 16384 (custom)
2019-09-12 10:33:28,585 [pool-157-thread-1] INFO  server.RaftServerConfigKeys (ConfUtils.java:logGet(43)) - raft.server.log.write.buffer.size = 33554432 (custom)
2019-09-12 10:33:28,586 [pool-157-thread-1] INFO  server.RaftServerConfigKeys (ConfUtils.java:logGet(43)) - raft.server.log.force.sync.num = 128 (default)
2019-09-12 10:33:28,586 [pool-157-thread-1] INFO  server.RaftServerConfigKeys (ConfUtils.java:logGet(43)) - raft.server.log.statemachine.data.sync = true (default)
2019-09-12 10:33:28,586 [pool-157-thread-1] INFO  server.RaftServerConfigKeys (ConfUtils.java:logGet(43)) - raft.server.log.statemachine.data.sync.timeout = 10s (default)
2019-09-12 10:33:28,586 [pool-157-thread-1] INFO  server.RaftServerConfigKeys (ConfUtils.java:logGet(43)) - raft.server.log.statemachine.data.sync.timeout.retry = -1 (default)
2019-09-12 10:33:28,586 [pool-157-thread-1] INFO  server.RaftServerConfigKeys (ConfUtils.java:logGet(43)) - raft.server.log.statemachine.data.caching.enabled = true (custom)
2019-09-12 10:33:28,586 [pool-157-thread-1] INFO  segmented.SegmentedRaftLogWorker (SegmentedRaftLogWorker.java:lambda$new$0(132)) - afdb29cf-c3b8-498d-8640-0d0c0297edd0-SegmentedRaftLogWorker:Storage Directory /workdir/hadoop-ozone/integration-test/target/test-dir/MiniOzoneClusterImpl-2d656029-9dde-45a3-b7cd-f2d738c2cb44/datanode-3/data/ratis/22df7496-e478-44e7-ab3a-a7d9cbd0a61b: flushIndex: setUnconditionally 0 -> -1
2019-09-12 10:33:28,587 [pool-157-thread-1] INFO  server.RaftServerConfigKeys (ConfUtils.java:logGet(43)) - raft.server.snapshot.auto.trigger.enabled = true (custom)
2019-09-12 10:33:28,587 [pool-157-thread-1] INFO  server.RaftServerConfigKeys (ConfUtils.java:logGet(43)) - raft.server.snapshot.auto.trigger.threshold = 10000 (custom)
2019-09-12 10:33:28,587 [pool-157-thread-1] INFO  server.RaftServerConfigKeys (ConfUtils.java:logGet(43)) - raft.server.retrycache.expirytime = 600000ms (custom)
2019-09-12 10:33:28,587 [pool-157-thread-1] INFO  impl.RaftServerImpl (RaftServerImpl.java:start(180)) - afdb29cf-c3b8-498d-8640-0d0c0297edd0: start group-A7D9CBD0A61B
2019-09-12 10:33:28,587 [pool-157-thread-1] INFO  impl.RaftServerImpl (RaftServerImpl.java:setRole(171)) - afdb29cf-c3b8-498d-8640-0d0c0297edd0:group-A7D9CBD0A61B changes role from null to FOLLOWER at term 0 for startAsFollower
2019-09-12 10:33:28,588 [pool-157-thread-1] INFO  impl.RoleInfo (RoleInfo.java:updateAndGet(143)) - afdb29cf-c3b8-498d-8640-0d0c0297edd0: start FollowerState
2019-09-12 10:33:28,588 [pool-157-thread-1] INFO  util.JmxRegister (JmxRegister.java:tryRegister(44)) - Successfully registered JMX Bean with object name Ratis:service=RaftServer,group=group-A7D9CBD0A61B,id=afdb29cf-c3b8-498d-8640-0d0c0297edd0
2019-09-12 10:33:28,592 [RatisPipelineUtilsThread] INFO  pipeline.PipelineStateManager (PipelineStateManager.java:addPipeline(56)) - Created pipeline Pipeline[ Id: 22df7496-e478-44e7-ab3a-a7d9cbd0a61b, Nodes: afdb29cf-c3b8-498d-8640-0d0c0297edd0{ip: 192.168.157.195, host: pr-hdds-1569-xtfnx-3545843844, networkLocation: /default-rack, certSerialId: null}, Type:RATIS, Factor:ONE, State:OPEN]
2019-09-12 10:33:28,592 [RatisPipelineUtilsThread] ERROR pipeline.PipelinePlacementPolicy (PipelinePlacementPolicy.java:meetCriteria(91)) - Pipeline Placement: Doesn't meet the criteria to be viable node. Heaviness: 6
2019-09-12 10:33:28,592 [RatisPipelineUtilsThread] ERROR pipeline.PipelinePlacementPolicy (PipelinePlacementPolicy.java:meetCriteria(91)) - Pipeline Placement: Doesn't meet the criteria to be viable node. Heaviness: 6
2019-09-12 10:33:28,598 [grpc-default-executor-0] INFO  impl.RaftServerProxy (RaftServerProxy.java:addNew(89)) - 8bce8832-9727-4b35-a9b5-3df7187e4e21: addNew group-234A05874097:[8bce8832-9727-4b35-a9b5-3df7187e4e21:192.168.157.195:43912] returns group-234A05874097:java.util.concurrent.CompletableFuture@2fbee09b[Not completed]
2019-09-12 10:33:28,599 [pool-146-thread-1] INFO  impl.RaftServerImpl (RaftServerImpl.java:<init>(93)) - 8bce8832-9727-4b35-a9b5-3df7187e4e21: new RaftServerImpl for group-234A05874097:[8bce8832-9727-4b35-a9b5-3df7187e4e21:192.168.157.195:43912] with ContainerStateMachine:uninitialized
2019-09-12 10:33:28,599 [pool-146-thread-1] INFO  server.RaftServerConfigKeys (ConfUtils.java:logGet(43)) - raft.server.rpc.timeout.min = 5s (custom)
2019-09-12 10:33:28,599 [pool-146-thread-1] INFO  server.RaftServerConfigKeys (ConfUtils.java:logGet(43)) - raft.server.rpc.timeout.max = 5200ms (custom)
2019-09-12 10:33:28,599 [pool-146-thread-1] INFO  server.RaftServerConfigKeys (ConfUtils.java:logGet(43)) - raft.server.rpcslowness.timeout = 120s (custom)
2019-09-12 10:33:28,600 [pool-146-thread-1] INFO  server.RaftServerConfigKeys (ConfUtils.java:logGet(43)) - raft.server.sleep.deviation.threshold = 300 (default)
2019-09-12 10:33:28,600 [pool-146-thread-1] INFO  server.RaftServerConfigKeys (ConfUtils.java:logGet(43)) - raft.server.log.appender.install.snapshot.enabled = false (custom)
2019-09-12 10:33:28,600 [pool-146-thread-1] INFO  impl.RaftServerImpl (ServerState.java:<init>(105)) - 8bce8832-9727-4b35-a9b5-3df7187e4e21:group-234A05874097 ConfigurationManager, init=-1: [8bce8832-9727-4b35-a9b5-3df7187e4e21:192.168.157.195:43912], old=null, confs=<EMPTY_MAP>
2019-09-12 10:33:28,600 [pool-146-thread-1] INFO  server.RaftServerConfigKeys (ConfUtils.java:logGet(43)) - raft.server.storage.dir = [/workdir/hadoop-ozone/integration-test/target/test-dir/MiniOzoneClusterImpl-2d656029-9dde-45a3-b7cd-f2d738c2cb44/datanode-2/data/ratis] (custom)
2019-09-12 10:33:28,600 [pool-146-thread-1] INFO  storage.RaftStorageDirectory (RaftStorageDirectory.java:analyzeStorage(246)) - The storage directory /workdir/hadoop-ozone/integration-test/target/test-dir/MiniOzoneClusterImpl-2d656029-9dde-45a3-b7cd-f2d738c2cb44/datanode-2/data/ratis/f45248cc-4018-4410-8569-234a05874097 does not exist. Creating ...
2019-09-12 10:33:28,613 [pool-146-thread-1] INFO  storage.RaftStorageDirectory (RaftStorageDirectory.java:tryLock(328)) - Lock on /workdir/hadoop-ozone/integration-test/target/test-dir/MiniOzoneClusterImpl-2d656029-9dde-45a3-b7cd-f2d738c2cb44/datanode-2/data/ratis/f45248cc-4018-4410-8569-234a05874097/in_use.lock acquired by nodename 32653@pr-hdds-1569-xtfnx-3545843844
2019-09-12 10:33:28,627 [pool-146-thread-1] INFO  storage.RaftStorage (RaftStorage.java:format(72)) - Storage directory /workdir/hadoop-ozone/integration-test/target/test-dir/MiniOzoneClusterImpl-2d656029-9dde-45a3-b7cd-f2d738c2cb44/datanode-2/data/ratis/f45248cc-4018-4410-8569-234a05874097 has been successfully formatted.
2019-09-12 10:33:28,627 [pool-146-thread-1] INFO  ratis.ContainerStateMachine (ContainerStateMachine.java:loadSnapshot(226)) - group-234A05874097: The snapshot info is null. Setting the last applied indexto:(t:0, i:~)
2019-09-12 10:33:28,627 [pool-146-thread-1] INFO  server.RaftServerConfigKeys (ConfUtils.java:logGet(43)) - raft.server.leader.election.timeout = 120s (custom)
2019-09-12 10:33:28,627 [pool-146-thread-1] INFO  server.RaftServerConfigKeys (ConfUtils.java:logGet(43)) - raft.server.log.use.memory = false (default)
2019-09-12 10:33:28,628 [pool-146-thread-1] INFO  server.RaftServerConfigKeys (ConfUtils.java:logGet(43)) - raft.server.log.purge.gap = 1000000 (custom)
2019-09-12 10:33:28,628 [pool-146-thread-1] INFO  server.RaftServerConfigKeys (ConfUtils.java:logGet(43)) - raft.server.log.appender.buffer.byte-limit = 33554432 (custom)
2019-09-12 10:33:28,628 [pool-146-thread-1] INFO  server.RaftServerConfigKeys (ConfUtils.java:logGet(43)) - raft.server.log.segment.size.max = 1048576 (custom)
2019-09-12 10:33:28,628 [pool-146-thread-1] INFO  server.RaftServerConfigKeys (ConfUtils.java:logGet(43)) - raft.server.log.segment.cache.num.max = 2 (custom)
2019-09-12 10:33:28,628 [pool-146-thread-1] INFO  segmented.SegmentedRaftLogWorker (SegmentedRaftLogWorker.java:<init>(172)) - new 8bce8832-9727-4b35-a9b5-3df7187e4e21-SegmentedRaftLogWorker:Storage Directory /workdir/hadoop-ozone/integration-test/target/test-dir/MiniOzoneClusterImpl-2d656029-9dde-45a3-b7cd-f2d738c2cb44/datanode-2/data/ratis/f45248cc-4018-4410-8569-234a05874097 for RaftStorage:Storage Directory /workdir/hadoop-ozone/integration-test/target/test-dir/MiniOzoneClusterImpl-2d656029-9dde-45a3-b7cd-f2d738c2cb44/datanode-2/data/ratis/f45248cc-4018-4410-8569-234a05874097
2019-09-12 10:33:28,629 [pool-146-thread-1] INFO  server.RaftServerConfigKeys (ConfUtils.java:logGet(43)) - raft.server.log.queue.byte-limit = 2147483647 (custom)
2019-09-12 10:33:28,629 [pool-146-thread-1] INFO  server.RaftServerConfigKeys (ConfUtils.java:logGet(43)) - raft.server.log.queue.element-limit = 1024 (custom)
2019-09-12 10:33:28,629 [pool-146-thread-1] INFO  server.RaftServerConfigKeys (ConfUtils.java:logGet(43)) - raft.server.log.segment.size.max = 1048576 (custom)
2019-09-12 10:33:28,629 [pool-146-thread-1] INFO  server.RaftServerConfigKeys (ConfUtils.java:logGet(43)) - raft.server.log.preallocated.size = 16384 (custom)
2019-09-12 10:33:28,629 [pool-146-thread-1] INFO  server.RaftServerConfigKeys (ConfUtils.java:logGet(43)) - raft.server.log.write.buffer.size = 33554432 (custom)
2019-09-12 10:33:28,629 [pool-146-thread-1] INFO  server.RaftServerConfigKeys (ConfUtils.java:logGet(43)) - raft.server.log.force.sync.num = 128 (default)
2019-09-12 10:33:28,630 [pool-146-thread-1] INFO  server.RaftServerConfigKeys (ConfUtils.java:logGet(43)) - raft.server.log.statemachine.data.sync = true (default)
2019-09-12 10:33:28,630 [pool-146-thread-1] INFO  server.RaftServerConfigKeys (ConfUtils.java:logGet(43)) - raft.server.log.statemachine.data.sync.timeout = 10s (default)
2019-09-12 10:33:28,630 [pool-146-thread-1] INFO  server.RaftServerConfigKeys (ConfUtils.java:logGet(43)) - raft.server.log.statemachine.data.sync.timeout.retry = -1 (default)
2019-09-12 10:33:28,630 [pool-146-thread-1] INFO  server.RaftServerConfigKeys (ConfUtils.java:logGet(43)) - raft.server.log.statemachine.data.caching.enabled = true (custom)
2019-09-12 10:33:28,631 [pool-146-thread-1] INFO  segmented.SegmentedRaftLogWorker (SegmentedRaftLogWorker.java:lambda$new$0(132)) - 8bce8832-9727-4b35-a9b5-3df7187e4e21-SegmentedRaftLogWorker:Storage Directory /workdir/hadoop-ozone/integration-test/target/test-dir/MiniOzoneClusterImpl-2d656029-9dde-45a3-b7cd-f2d738c2cb44/datanode-2/data/ratis/f45248cc-4018-4410-8569-234a05874097: flushIndex: setUnconditionally 0 -> -1
2019-09-12 10:33:28,631 [pool-146-thread-1] INFO  server.RaftServerConfigKeys (ConfUtils.java:logGet(43)) - raft.server.snapshot.auto.trigger.enabled = true (custom)
2019-09-12 10:33:28,631 [pool-146-thread-1] INFO  server.RaftServerConfigKeys (ConfUtils.java:logGet(43)) - raft.server.snapshot.auto.trigger.threshold = 10000 (custom)
2019-09-12 10:33:28,631 [pool-146-thread-1] INFO  server.RaftServerConfigKeys (ConfUtils.java:logGet(43)) - raft.server.retrycache.expirytime = 600000ms (custom)
2019-09-12 10:33:28,632 [pool-146-thread-1] INFO  impl.RaftServerImpl (RaftServerImpl.java:start(180)) - 8bce8832-9727-4b35-a9b5-3df7187e4e21: start group-234A05874097
2019-09-12 10:33:28,632 [pool-146-thread-1] INFO  impl.RaftServerImpl (RaftServerImpl.java:setRole(171)) - 8bce8832-9727-4b35-a9b5-3df7187e4e21:group-234A05874097 changes role from null to FOLLOWER at term 0 for startAsFollower
2019-09-12 10:33:28,632 [pool-146-thread-1] INFO  impl.RoleInfo (RoleInfo.java:updateAndGet(143)) - 8bce8832-9727-4b35-a9b5-3df7187e4e21: start FollowerState
2019-09-12 10:33:28,632 [pool-146-thread-1] INFO  util.JmxRegister (JmxRegister.java:tryRegister(44)) - Successfully registered JMX Bean with object name Ratis:service=RaftServer,group=group-234A05874097,id=8bce8832-9727-4b35-a9b5-3df7187e4e21
2019-09-12 10:33:28,635 [RatisPipelineUtilsThread] INFO  pipeline.PipelineStateManager (PipelineStateManager.java:addPipeline(56)) - Created pipeline Pipeline[ Id: f45248cc-4018-4410-8569-234a05874097, Nodes: 8bce8832-9727-4b35-a9b5-3df7187e4e21{ip: 192.168.157.195, host: pr-hdds-1569-xtfnx-3545843844, networkLocation: /default-rack, certSerialId: null}, Type:RATIS, Factor:ONE, State:OPEN]
2019-09-12 10:33:28,636 [RatisPipelineUtilsThread] ERROR pipeline.PipelinePlacementPolicy (PipelinePlacementPolicy.java:meetCriteria(91)) - Pipeline Placement: Doesn't meet the criteria to be viable node. Heaviness: 6
2019-09-12 10:33:28,636 [RatisPipelineUtilsThread] ERROR pipeline.PipelinePlacementPolicy (PipelinePlacementPolicy.java:meetCriteria(91)) - Pipeline Placement: Doesn't meet the criteria to be viable node. Heaviness: 6
2019-09-12 10:33:28,636 [RatisPipelineUtilsThread] ERROR pipeline.PipelinePlacementPolicy (PipelinePlacementPolicy.java:meetCriteria(91)) - Pipeline Placement: Doesn't meet the criteria to be viable node. Heaviness: 6
2019-09-12 10:33:28,644 [grpc-default-executor-0] INFO  impl.RaftServerProxy (RaftServerProxy.java:addNew(89)) - 58be6702-f3a1-484a-8c9d-5d933df137d3: addNew group-0646D986464E:[58be6702-f3a1-484a-8c9d-5d933df137d3:192.168.157.195:33261] returns group-0646D986464E:java.util.concurrent.CompletableFuture@4181f830[Not completed]
2019-09-12 10:33:28,646 [pool-168-thread-1] INFO  impl.RaftServerImpl (RaftServerImpl.java:<init>(93)) - 58be6702-f3a1-484a-8c9d-5d933df137d3: new RaftServerImpl for group-0646D986464E:[58be6702-f3a1-484a-8c9d-5d933df137d3:192.168.157.195:33261] with ContainerStateMachine:uninitialized
2019-09-12 10:33:28,646 [pool-168-thread-1] INFO  server.RaftServerConfigKeys (ConfUtils.java:logGet(43)) - raft.server.rpc.timeout.min = 5s (custom)
2019-09-12 10:33:28,646 [pool-168-thread-1] INFO  server.RaftServerConfigKeys (ConfUtils.java:logGet(43)) - raft.server.rpc.timeout.max = 5200ms (custom)
2019-09-12 10:33:28,646 [pool-168-thread-1] INFO  server.RaftServerConfigKeys (ConfUtils.java:logGet(43)) - raft.server.rpcslowness.timeout = 120s (custom)
2019-09-12 10:33:28,647 [pool-168-thread-1] INFO  server.RaftServerConfigKeys (ConfUtils.java:logGet(43)) - raft.server.sleep.deviation.threshold = 300 (default)
2019-09-12 10:33:28,647 [pool-168-thread-1] INFO  server.RaftServerConfigKeys (ConfUtils.java:logGet(43)) - raft.server.log.appender.install.snapshot.enabled = false (custom)
2019-09-12 10:33:28,647 [pool-168-thread-1] INFO  impl.RaftServerImpl (ServerState.java:<init>(105)) - 58be6702-f3a1-484a-8c9d-5d933df137d3:group-0646D986464E ConfigurationManager, init=-1: [58be6702-f3a1-484a-8c9d-5d933df137d3:192.168.157.195:33261], old=null, confs=<EMPTY_MAP>
2019-09-12 10:33:28,647 [pool-168-thread-1] INFO  server.RaftServerConfigKeys (ConfUtils.java:logGet(43)) - raft.server.storage.dir = [/workdir/hadoop-ozone/integration-test/target/test-dir/MiniOzoneClusterImpl-2d656029-9dde-45a3-b7cd-f2d738c2cb44/datanode-4/data/ratis] (custom)
2019-09-12 10:33:28,648 [pool-168-thread-1] INFO  storage.RaftStorageDirectory (RaftStorageDirectory.java:analyzeStorage(246)) - The storage directory /workdir/hadoop-ozone/integration-test/target/test-dir/MiniOzoneClusterImpl-2d656029-9dde-45a3-b7cd-f2d738c2cb44/datanode-4/data/ratis/7de8ca7f-45fb-4875-82f6-0646d986464e does not exist. Creating ...
2019-09-12 10:33:28,660 [pool-168-thread-1] INFO  storage.RaftStorageDirectory (RaftStorageDirectory.java:tryLock(328)) - Lock on /workdir/hadoop-ozone/integration-test/target/test-dir/MiniOzoneClusterImpl-2d656029-9dde-45a3-b7cd-f2d738c2cb44/datanode-4/data/ratis/7de8ca7f-45fb-4875-82f6-0646d986464e/in_use.lock acquired by nodename 32653@pr-hdds-1569-xtfnx-3545843844
2019-09-12 10:33:28,673 [pool-168-thread-1] INFO  storage.RaftStorage (RaftStorage.java:format(72)) - Storage directory /workdir/hadoop-ozone/integration-test/target/test-dir/MiniOzoneClusterImpl-2d656029-9dde-45a3-b7cd-f2d738c2cb44/datanode-4/data/ratis/7de8ca7f-45fb-4875-82f6-0646d986464e has been successfully formatted.
2019-09-12 10:33:28,673 [pool-168-thread-1] INFO  ratis.ContainerStateMachine (ContainerStateMachine.java:loadSnapshot(226)) - group-0646D986464E: The snapshot info is null. Setting the last applied indexto:(t:0, i:~)
2019-09-12 10:33:28,674 [pool-168-thread-1] INFO  server.RaftServerConfigKeys (ConfUtils.java:logGet(43)) - raft.server.leader.election.timeout = 120s (custom)
2019-09-12 10:33:28,674 [pool-168-thread-1] INFO  server.RaftServerConfigKeys (ConfUtils.java:logGet(43)) - raft.server.log.use.memory = false (default)
2019-09-12 10:33:28,674 [pool-168-thread-1] INFO  server.RaftServerConfigKeys (ConfUtils.java:logGet(43)) - raft.server.log.purge.gap = 1000000 (custom)
2019-09-12 10:33:28,674 [pool-168-thread-1] INFO  server.RaftServerConfigKeys (ConfUtils.java:logGet(43)) - raft.server.log.appender.buffer.byte-limit = 33554432 (custom)
2019-09-12 10:33:28,674 [pool-168-thread-1] INFO  server.RaftServerConfigKeys (ConfUtils.java:logGet(43)) - raft.server.log.segment.size.max = 1048576 (custom)
2019-09-12 10:33:28,674 [pool-168-thread-1] INFO  server.RaftServerConfigKeys (ConfUtils.java:logGet(43)) - raft.server.log.segment.cache.num.max = 2 (custom)
2019-09-12 10:33:28,675 [pool-168-thread-1] INFO  segmented.SegmentedRaftLogWorker (SegmentedRaftLogWorker.java:<init>(172)) - new 58be6702-f3a1-484a-8c9d-5d933df137d3-SegmentedRaftLogWorker:Storage Directory /workdir/hadoop-ozone/integration-test/target/test-dir/MiniOzoneClusterImpl-2d656029-9dde-45a3-b7cd-f2d738c2cb44/datanode-4/data/ratis/7de8ca7f-45fb-4875-82f6-0646d986464e for RaftStorage:Storage Directory /workdir/hadoop-ozone/integration-test/target/test-dir/MiniOzoneClusterImpl-2d656029-9dde-45a3-b7cd-f2d738c2cb44/datanode-4/data/ratis/7de8ca7f-45fb-4875-82f6-0646d986464e
2019-09-12 10:33:28,675 [pool-168-thread-1] INFO  server.RaftServerConfigKeys (ConfUtils.java:logGet(43)) - raft.server.log.queue.byte-limit = 2147483647 (custom)
2019-09-12 10:33:28,675 [pool-168-thread-1] INFO  server.RaftServerConfigKeys (ConfUtils.java:logGet(43)) - raft.server.log.queue.element-limit = 1024 (custom)
2019-09-12 10:33:28,675 [pool-168-thread-1] INFO  server.RaftServerConfigKeys (ConfUtils.java:logGet(43)) - raft.server.log.segment.size.max = 1048576 (custom)
2019-09-12 10:33:28,675 [pool-168-thread-1] INFO  server.RaftServerConfigKeys (ConfUtils.java:logGet(43)) - raft.server.log.preallocated.size = 16384 (custom)
2019-09-12 10:33:28,676 [pool-168-thread-1] INFO  server.RaftServerConfigKeys (ConfUtils.java:logGet(43)) - raft.server.log.write.buffer.size = 33554432 (custom)
2019-09-12 10:33:28,676 [pool-168-thread-1] INFO  server.RaftServerConfigKeys (ConfUtils.java:logGet(43)) - raft.server.log.force.sync.num = 128 (default)
2019-09-12 10:33:28,676 [pool-168-thread-1] INFO  server.RaftServerConfigKeys (ConfUtils.java:logGet(43)) - raft.server.log.statemachine.data.sync = true (default)
2019-09-12 10:33:28,676 [pool-168-thread-1] INFO  server.RaftServerConfigKeys (ConfUtils.java:logGet(43)) - raft.server.log.statemachine.data.sync.timeout = 10s (default)
2019-09-12 10:33:28,676 [pool-168-thread-1] INFO  server.RaftServerConfigKeys (ConfUtils.java:logGet(43)) - raft.server.log.statemachine.data.sync.timeout.retry = -1 (default)
2019-09-12 10:33:28,676 [pool-168-thread-1] INFO  server.RaftServerConfigKeys (ConfUtils.java:logGet(43)) - raft.server.log.statemachine.data.caching.enabled = true (custom)
2019-09-12 10:33:28,677 [pool-168-thread-1] INFO  segmented.SegmentedRaftLogWorker (SegmentedRaftLogWorker.java:lambda$new$0(132)) - 58be6702-f3a1-484a-8c9d-5d933df137d3-SegmentedRaftLogWorker:Storage Directory /workdir/hadoop-ozone/integration-test/target/test-dir/MiniOzoneClusterImpl-2d656029-9dde-45a3-b7cd-f2d738c2cb44/datanode-4/data/ratis/7de8ca7f-45fb-4875-82f6-0646d986464e: flushIndex: setUnconditionally 0 -> -1
2019-09-12 10:33:28,677 [pool-168-thread-1] INFO  server.RaftServerConfigKeys (ConfUtils.java:logGet(43)) - raft.server.snapshot.auto.trigger.enabled = true (custom)
2019-09-12 10:33:28,677 [pool-168-thread-1] INFO  server.RaftServerConfigKeys (ConfUtils.java:logGet(43)) - raft.server.snapshot.auto.trigger.threshold = 10000 (custom)
2019-09-12 10:33:28,678 [pool-168-thread-1] INFO  server.RaftServerConfigKeys (ConfUtils.java:logGet(43)) - raft.server.retrycache.expirytime = 600000ms (custom)
2019-09-12 10:33:28,678 [pool-168-thread-1] INFO  impl.RaftServerImpl (RaftServerImpl.java:start(180)) - 58be6702-f3a1-484a-8c9d-5d933df137d3: start group-0646D986464E
2019-09-12 10:33:28,678 [pool-168-thread-1] INFO  impl.RaftServerImpl (RaftServerImpl.java:setRole(171)) - 58be6702-f3a1-484a-8c9d-5d933df137d3:group-0646D986464E changes role from null to FOLLOWER at term 0 for startAsFollower
2019-09-12 10:33:28,678 [pool-168-thread-1] INFO  impl.RoleInfo (RoleInfo.java:updateAndGet(143)) - 58be6702-f3a1-484a-8c9d-5d933df137d3: start FollowerState
2019-09-12 10:33:28,679 [pool-168-thread-1] INFO  util.JmxRegister (JmxRegister.java:tryRegister(44)) - Successfully registered JMX Bean with object name Ratis:service=RaftServer,group=group-0646D986464E,id=58be6702-f3a1-484a-8c9d-5d933df137d3
2019-09-12 10:33:28,683 [RatisPipelineUtilsThread] INFO  pipeline.PipelineStateManager (PipelineStateManager.java:addPipeline(56)) - Created pipeline Pipeline[ Id: 7de8ca7f-45fb-4875-82f6-0646d986464e, Nodes: 58be6702-f3a1-484a-8c9d-5d933df137d3{ip: 192.168.157.195, host: pr-hdds-1569-xtfnx-3545843844, networkLocation: /default-rack, certSerialId: null}, Type:RATIS, Factor:ONE, State:OPEN]
2019-09-12 10:33:28,683 [RatisPipelineUtilsThread] ERROR pipeline.PipelinePlacementPolicy (PipelinePlacementPolicy.java:meetCriteria(91)) - Pipeline Placement: Doesn't meet the criteria to be viable node. Heaviness: 6
2019-09-12 10:33:28,683 [RatisPipelineUtilsThread] ERROR pipeline.PipelinePlacementPolicy (PipelinePlacementPolicy.java:meetCriteria(91)) - Pipeline Placement: Doesn't meet the criteria to be viable node. Heaviness: 6
2019-09-12 10:33:28,683 [RatisPipelineUtilsThread] ERROR pipeline.PipelinePlacementPolicy (PipelinePlacementPolicy.java:meetCriteria(91)) - Pipeline Placement: Doesn't meet the criteria to be viable node. Heaviness: 6
2019-09-12 10:33:28,689 [grpc-default-executor-0] INFO  impl.RaftServerProxy (RaftServerProxy.java:addNew(89)) - afdb29cf-c3b8-498d-8640-0d0c0297edd0: addNew group-05E1CDAE1019:[afdb29cf-c3b8-498d-8640-0d0c0297edd0:192.168.157.195:42480] returns group-05E1CDAE1019:java.util.concurrent.CompletableFuture@6e1cba23[Not completed]
2019-09-12 10:33:28,690 [pool-157-thread-1] INFO  impl.RaftServerImpl (RaftServerImpl.java:<init>(93)) - afdb29cf-c3b8-498d-8640-0d0c0297edd0: new RaftServerImpl for group-05E1CDAE1019:[afdb29cf-c3b8-498d-8640-0d0c0297edd0:192.168.157.195:42480] with ContainerStateMachine:uninitialized
2019-09-12 10:33:28,690 [pool-157-thread-1] INFO  server.RaftServerConfigKeys (ConfUtils.java:logGet(43)) - raft.server.rpc.timeout.min = 5s (custom)
2019-09-12 10:33:28,691 [pool-157-thread-1] INFO  server.RaftServerConfigKeys (ConfUtils.java:logGet(43)) - raft.server.rpc.timeout.max = 5200ms (custom)
2019-09-12 10:33:28,691 [pool-157-thread-1] INFO  server.RaftServerConfigKeys (ConfUtils.java:logGet(43)) - raft.server.rpcslowness.timeout = 120s (custom)
2019-09-12 10:33:28,691 [pool-157-thread-1] INFO  server.RaftServerConfigKeys (ConfUtils.java:logGet(43)) - raft.server.sleep.deviation.threshold = 300 (default)
2019-09-12 10:33:28,691 [pool-157-thread-1] INFO  server.RaftServerConfigKeys (ConfUtils.java:logGet(43)) - raft.server.log.appender.install.snapshot.enabled = false (custom)
2019-09-12 10:33:28,691 [pool-157-thread-1] INFO  impl.RaftServerImpl (ServerState.java:<init>(105)) - afdb29cf-c3b8-498d-8640-0d0c0297edd0:group-05E1CDAE1019 ConfigurationManager, init=-1: [afdb29cf-c3b8-498d-8640-0d0c0297edd0:192.168.157.195:42480], old=null, confs=<EMPTY_MAP>
2019-09-12 10:33:28,691 [pool-157-thread-1] INFO  server.RaftServerConfigKeys (ConfUtils.java:logGet(43)) - raft.server.storage.dir = [/workdir/hadoop-ozone/integration-test/target/test-dir/MiniOzoneClusterImpl-2d656029-9dde-45a3-b7cd-f2d738c2cb44/datanode-3/data/ratis] (custom)
2019-09-12 10:33:28,692 [pool-157-thread-1] INFO  storage.RaftStorageDirectory (RaftStorageDirectory.java:analyzeStorage(246)) - The storage directory /workdir/hadoop-ozone/integration-test/target/test-dir/MiniOzoneClusterImpl-2d656029-9dde-45a3-b7cd-f2d738c2cb44/datanode-3/data/ratis/e5ca493b-1e28-40a4-ab1c-05e1cdae1019 does not exist. Creating ...
2019-09-12 10:33:28,705 [pool-157-thread-1] INFO  storage.RaftStorageDirectory (RaftStorageDirectory.java:tryLock(328)) - Lock on /workdir/hadoop-ozone/integration-test/target/test-dir/MiniOzoneClusterImpl-2d656029-9dde-45a3-b7cd-f2d738c2cb44/datanode-3/data/ratis/e5ca493b-1e28-40a4-ab1c-05e1cdae1019/in_use.lock acquired by nodename 32653@pr-hdds-1569-xtfnx-3545843844
2019-09-12 10:33:28,718 [IPC Server handler 15 on 41229] INFO  net.NetworkTopology (NetworkTopologyImpl.java:add(110)) - Added a new node: /default-rack/23027111-0173-428f-b853-b511524375b8
2019-09-12 10:33:28,718 [pool-157-thread-1] INFO  storage.RaftStorage (RaftStorage.java:format(72)) - Storage directory /workdir/hadoop-ozone/integration-test/target/test-dir/MiniOzoneClusterImpl-2d656029-9dde-45a3-b7cd-f2d738c2cb44/datanode-3/data/ratis/e5ca493b-1e28-40a4-ab1c-05e1cdae1019 has been successfully formatted.
2019-09-12 10:33:28,718 [IPC Server handler 15 on 41229] INFO  node.SCMNodeManager (SCMNodeManager.java:register(273)) - Registered Data node : 23027111-0173-428f-b853-b511524375b8{ip: 192.168.157.195, host: pr-hdds-1569-xtfnx-3545843844, networkLocation: /default-rack, certSerialId: null}
2019-09-12 10:33:28,718 [pool-157-thread-1] INFO  ratis.ContainerStateMachine (ContainerStateMachine.java:loadSnapshot(226)) - group-05E1CDAE1019: The snapshot info is null. Setting the last applied indexto:(t:0, i:~)
2019-09-12 10:33:28,719 [pool-157-thread-1] INFO  server.RaftServerConfigKeys (ConfUtils.java:logGet(43)) - raft.server.leader.election.timeout = 120s (custom)
2019-09-12 10:33:28,719 [pool-157-thread-1] INFO  server.RaftServerConfigKeys (ConfUtils.java:logGet(43)) - raft.server.log.use.memory = false (default)
2019-09-12 10:33:28,719 | INFO  | SCMAudit | user=jenkins1000 | ip=192.168.157.195 | op=REGISTER {datanodeDetails=23027111-0173-428f-b853-b511524375b8{ip: 192.168.157.195, host: pr-hdds-1569-xtfnx-3545843844, networkLocation: /default-rack, certSerialId: null}} | ret=SUCCESS |  
2019-09-12 10:33:28,719 [pool-157-thread-1] INFO  server.RaftServerConfigKeys (ConfUtils.java:logGet(43)) - raft.server.log.purge.gap = 1000000 (custom)
2019-09-12 10:33:28,720 [pool-157-thread-1] INFO  server.RaftServerConfigKeys (ConfUtils.java:logGet(43)) - raft.server.log.appender.buffer.byte-limit = 33554432 (custom)
2019-09-12 10:33:28,720 [pool-157-thread-1] INFO  server.RaftServerConfigKeys (ConfUtils.java:logGet(43)) - raft.server.log.segment.size.max = 1048576 (custom)
2019-09-12 10:33:28,720 [pool-157-thread-1] INFO  server.RaftServerConfigKeys (ConfUtils.java:logGet(43)) - raft.server.log.segment.cache.num.max = 2 (custom)
2019-09-12 10:33:28,720 [pool-157-thread-1] INFO  segmented.SegmentedRaftLogWorker (SegmentedRaftLogWorker.java:<init>(172)) - new afdb29cf-c3b8-498d-8640-0d0c0297edd0-SegmentedRaftLogWorker:Storage Directory /workdir/hadoop-ozone/integration-test/target/test-dir/MiniOzoneClusterImpl-2d656029-9dde-45a3-b7cd-f2d738c2cb44/datanode-3/data/ratis/e5ca493b-1e28-40a4-ab1c-05e1cdae1019 for RaftStorage:Storage Directory /workdir/hadoop-ozone/integration-test/target/test-dir/MiniOzoneClusterImpl-2d656029-9dde-45a3-b7cd-f2d738c2cb44/datanode-3/data/ratis/e5ca493b-1e28-40a4-ab1c-05e1cdae1019
2019-09-12 10:33:28,720 [pool-157-thread-1] INFO  server.RaftServerConfigKeys (ConfUtils.java:logGet(43)) - raft.server.log.queue.byte-limit = 2147483647 (custom)
2019-09-12 10:33:28,721 [pool-157-thread-1] INFO  server.RaftServerConfigKeys (ConfUtils.java:logGet(43)) - raft.server.log.queue.element-limit = 1024 (custom)
2019-09-12 10:33:28,721 [pool-157-thread-1] INFO  server.RaftServerConfigKeys (ConfUtils.java:logGet(43)) - raft.server.log.segment.size.max = 1048576 (custom)
2019-09-12 10:33:28,721 [pool-157-thread-1] INFO  server.RaftServerConfigKeys (ConfUtils.java:logGet(43)) - raft.server.log.preallocated.size = 16384 (custom)
2019-09-12 10:33:28,721 [pool-157-thread-1] INFO  server.RaftServerConfigKeys (ConfUtils.java:logGet(43)) - raft.server.log.write.buffer.size = 33554432 (custom)
2019-09-12 10:33:28,721 [pool-157-thread-1] INFO  server.RaftServerConfigKeys (ConfUtils.java:logGet(43)) - raft.server.log.force.sync.num = 128 (default)
2019-09-12 10:33:28,721 [pool-157-thread-1] INFO  server.RaftServerConfigKeys (ConfUtils.java:logGet(43)) - raft.server.log.statemachine.data.sync = true (default)
2019-09-12 10:33:28,722 [pool-157-thread-1] INFO  server.RaftServerConfigKeys (ConfUtils.java:logGet(43)) - raft.server.log.statemachine.data.sync.timeout = 10s (default)
2019-09-12 10:33:28,722 [pool-157-thread-1] INFO  server.RaftServerConfigKeys (ConfUtils.java:logGet(43)) - raft.server.log.statemachine.data.sync.timeout.retry = -1 (default)
2019-09-12 10:33:28,722 [pool-157-thread-1] INFO  server.RaftServerConfigKeys (ConfUtils.java:logGet(43)) - raft.server.log.statemachine.data.caching.enabled = true (custom)
2019-09-12 10:33:28,722 [pool-157-thread-1] INFO  segmented.SegmentedRaftLogWorker (SegmentedRaftLogWorker.java:lambda$new$0(132)) - afdb29cf-c3b8-498d-8640-0d0c0297edd0-SegmentedRaftLogWorker:Storage Directory /workdir/hadoop-ozone/integration-test/target/test-dir/MiniOzoneClusterImpl-2d656029-9dde-45a3-b7cd-f2d738c2cb44/datanode-3/data/ratis/e5ca493b-1e28-40a4-ab1c-05e1cdae1019: flushIndex: setUnconditionally 0 -> -1
2019-09-12 10:33:28,723 [pool-157-thread-1] INFO  server.RaftServerConfigKeys (ConfUtils.java:logGet(43)) - raft.server.snapshot.auto.trigger.enabled = true (custom)
2019-09-12 10:33:28,723 [pool-157-thread-1] INFO  server.RaftServerConfigKeys (ConfUtils.java:logGet(43)) - raft.server.snapshot.auto.trigger.threshold = 10000 (custom)
2019-09-12 10:33:28,723 [pool-157-thread-1] INFO  server.RaftServerConfigKeys (ConfUtils.java:logGet(43)) - raft.server.retrycache.expirytime = 600000ms (custom)
2019-09-12 10:33:28,723 [pool-157-thread-1] INFO  impl.RaftServerImpl (RaftServerImpl.java:start(180)) - afdb29cf-c3b8-498d-8640-0d0c0297edd0: start group-05E1CDAE1019
2019-09-12 10:33:28,723 [pool-157-thread-1] INFO  impl.RaftServerImpl (RaftServerImpl.java:setRole(171)) - afdb29cf-c3b8-498d-8640-0d0c0297edd0:group-05E1CDAE1019 changes role from null to FOLLOWER at term 0 for startAsFollower
2019-09-12 10:33:28,723 [pool-157-thread-1] INFO  impl.RoleInfo (RoleInfo.java:updateAndGet(143)) - afdb29cf-c3b8-498d-8640-0d0c0297edd0: start FollowerState
2019-09-12 10:33:28,724 [pool-157-thread-1] INFO  util.JmxRegister (JmxRegister.java:tryRegister(44)) - Successfully registered JMX Bean with object name Ratis:service=RaftServer,group=group-05E1CDAE1019,id=afdb29cf-c3b8-498d-8640-0d0c0297edd0
2019-09-12 10:33:28,727 [RatisPipelineUtilsThread] INFO  pipeline.PipelineStateManager (PipelineStateManager.java:addPipeline(56)) - Created pipeline Pipeline[ Id: e5ca493b-1e28-40a4-ab1c-05e1cdae1019, Nodes: afdb29cf-c3b8-498d-8640-0d0c0297edd0{ip: 192.168.157.195, host: pr-hdds-1569-xtfnx-3545843844, networkLocation: /default-rack, certSerialId: null}, Type:RATIS, Factor:ONE, State:OPEN]
2019-09-12 10:33:28,727 [RatisPipelineUtilsThread] ERROR pipeline.PipelinePlacementPolicy (PipelinePlacementPolicy.java:meetCriteria(91)) - Pipeline Placement: Doesn't meet the criteria to be viable node. Heaviness: 6
2019-09-12 10:33:28,727 [RatisPipelineUtilsThread] ERROR pipeline.PipelinePlacementPolicy (PipelinePlacementPolicy.java:meetCriteria(91)) - Pipeline Placement: Doesn't meet the criteria to be viable node. Heaviness: 6
2019-09-12 10:33:28,727 [RatisPipelineUtilsThread] ERROR pipeline.PipelinePlacementPolicy (PipelinePlacementPolicy.java:meetCriteria(91)) - Pipeline Placement: Doesn't meet the criteria to be viable node. Heaviness: 6
2019-09-12 10:33:28,733 [grpc-default-executor-0] INFO  impl.RaftServerProxy (RaftServerProxy.java:addNew(89)) - afdb29cf-c3b8-498d-8640-0d0c0297edd0: addNew group-0704C1B5DB76:[afdb29cf-c3b8-498d-8640-0d0c0297edd0:192.168.157.195:42480] returns group-0704C1B5DB76:java.util.concurrent.CompletableFuture@7aaa7086[Not completed]
2019-09-12 10:33:28,734 [pool-157-thread-1] INFO  impl.RaftServerImpl (RaftServerImpl.java:<init>(93)) - afdb29cf-c3b8-498d-8640-0d0c0297edd0: new RaftServerImpl for group-0704C1B5DB76:[afdb29cf-c3b8-498d-8640-0d0c0297edd0:192.168.157.195:42480] with ContainerStateMachine:uninitialized
2019-09-12 10:33:28,734 [pool-157-thread-1] INFO  server.RaftServerConfigKeys (ConfUtils.java:logGet(43)) - raft.server.rpc.timeout.min = 5s (custom)
2019-09-12 10:33:28,734 [pool-157-thread-1] INFO  server.RaftServerConfigKeys (ConfUtils.java:logGet(43)) - raft.server.rpc.timeout.max = 5200ms (custom)
2019-09-12 10:33:28,734 [pool-157-thread-1] INFO  server.RaftServerConfigKeys (ConfUtils.java:logGet(43)) - raft.server.rpcslowness.timeout = 120s (custom)
2019-09-12 10:33:28,734 [pool-157-thread-1] INFO  server.RaftServerConfigKeys (ConfUtils.java:logGet(43)) - raft.server.sleep.deviation.threshold = 300 (default)
2019-09-12 10:33:28,735 [pool-157-thread-1] INFO  server.RaftServerConfigKeys (ConfUtils.java:logGet(43)) - raft.server.log.appender.install.snapshot.enabled = false (custom)
2019-09-12 10:33:28,735 [pool-157-thread-1] INFO  impl.RaftServerImpl (ServerState.java:<init>(105)) - afdb29cf-c3b8-498d-8640-0d0c0297edd0:group-0704C1B5DB76 ConfigurationManager, init=-1: [afdb29cf-c3b8-498d-8640-0d0c0297edd0:192.168.157.195:42480], old=null, confs=<EMPTY_MAP>
2019-09-12 10:33:28,735 [pool-157-thread-1] INFO  server.RaftServerConfigKeys (ConfUtils.java:logGet(43)) - raft.server.storage.dir = [/workdir/hadoop-ozone/integration-test/target/test-dir/MiniOzoneClusterImpl-2d656029-9dde-45a3-b7cd-f2d738c2cb44/datanode-3/data/ratis] (custom)
2019-09-12 10:33:28,735 [pool-157-thread-1] INFO  storage.RaftStorageDirectory (RaftStorageDirectory.java:analyzeStorage(246)) - The storage directory /workdir/hadoop-ozone/integration-test/target/test-dir/MiniOzoneClusterImpl-2d656029-9dde-45a3-b7cd-f2d738c2cb44/datanode-3/data/ratis/f23bc04e-1a14-4cf3-a7e7-0704c1b5db76 does not exist. Creating ...
2019-09-12 10:33:28,748 [pool-157-thread-1] INFO  storage.RaftStorageDirectory (RaftStorageDirectory.java:tryLock(328)) - Lock on /workdir/hadoop-ozone/integration-test/target/test-dir/MiniOzoneClusterImpl-2d656029-9dde-45a3-b7cd-f2d738c2cb44/datanode-3/data/ratis/f23bc04e-1a14-4cf3-a7e7-0704c1b5db76/in_use.lock acquired by nodename 32653@pr-hdds-1569-xtfnx-3545843844
2019-09-12 10:33:28,761 [pool-157-thread-1] INFO  storage.RaftStorage (RaftStorage.java:format(72)) - Storage directory /workdir/hadoop-ozone/integration-test/target/test-dir/MiniOzoneClusterImpl-2d656029-9dde-45a3-b7cd-f2d738c2cb44/datanode-3/data/ratis/f23bc04e-1a14-4cf3-a7e7-0704c1b5db76 has been successfully formatted.
2019-09-12 10:33:28,761 [pool-157-thread-1] INFO  ratis.ContainerStateMachine (ContainerStateMachine.java:loadSnapshot(226)) - group-0704C1B5DB76: The snapshot info is null. Setting the last applied indexto:(t:0, i:~)
2019-09-12 10:33:28,761 [pool-157-thread-1] INFO  server.RaftServerConfigKeys (ConfUtils.java:logGet(43)) - raft.server.leader.election.timeout = 120s (custom)
2019-09-12 10:33:28,761 [pool-157-thread-1] INFO  server.RaftServerConfigKeys (ConfUtils.java:logGet(43)) - raft.server.log.use.memory = false (default)
2019-09-12 10:33:28,761 [pool-157-thread-1] INFO  server.RaftServerConfigKeys (ConfUtils.java:logGet(43)) - raft.server.log.purge.gap = 1000000 (custom)
2019-09-12 10:33:28,762 [pool-157-thread-1] INFO  server.RaftServerConfigKeys (ConfUtils.java:logGet(43)) - raft.server.log.appender.buffer.byte-limit = 33554432 (custom)
2019-09-12 10:33:28,762 [pool-157-thread-1] INFO  server.RaftServerConfigKeys (ConfUtils.java:logGet(43)) - raft.server.log.segment.size.max = 1048576 (custom)
2019-09-12 10:33:28,762 [pool-157-thread-1] INFO  server.RaftServerConfigKeys (ConfUtils.java:logGet(43)) - raft.server.log.segment.cache.num.max = 2 (custom)
2019-09-12 10:33:28,762 [pool-157-thread-1] INFO  segmented.SegmentedRaftLogWorker (SegmentedRaftLogWorker.java:<init>(172)) - new afdb29cf-c3b8-498d-8640-0d0c0297edd0-SegmentedRaftLogWorker:Storage Directory /workdir/hadoop-ozone/integration-test/target/test-dir/MiniOzoneClusterImpl-2d656029-9dde-45a3-b7cd-f2d738c2cb44/datanode-3/data/ratis/f23bc04e-1a14-4cf3-a7e7-0704c1b5db76 for RaftStorage:Storage Directory /workdir/hadoop-ozone/integration-test/target/test-dir/MiniOzoneClusterImpl-2d656029-9dde-45a3-b7cd-f2d738c2cb44/datanode-3/data/ratis/f23bc04e-1a14-4cf3-a7e7-0704c1b5db76
2019-09-12 10:33:28,762 [pool-157-thread-1] INFO  server.RaftServerConfigKeys (ConfUtils.java:logGet(43)) - raft.server.log.queue.byte-limit = 2147483647 (custom)
2019-09-12 10:33:28,762 [pool-157-thread-1] INFO  server.RaftServerConfigKeys (ConfUtils.java:logGet(43)) - raft.server.log.queue.element-limit = 1024 (custom)
2019-09-12 10:33:28,762 [pool-157-thread-1] INFO  server.RaftServerConfigKeys (ConfUtils.java:logGet(43)) - raft.server.log.segment.size.max = 1048576 (custom)
2019-09-12 10:33:28,763 [pool-157-thread-1] INFO  server.RaftServerConfigKeys (ConfUtils.java:logGet(43)) - raft.server.log.preallocated.size = 16384 (custom)
2019-09-12 10:33:28,763 [pool-157-thread-1] INFO  server.RaftServerConfigKeys (ConfUtils.java:logGet(43)) - raft.server.log.write.buffer.size = 33554432 (custom)
2019-09-12 10:33:28,763 [pool-157-thread-1] INFO  server.RaftServerConfigKeys (ConfUtils.java:logGet(43)) - raft.server.log.force.sync.num = 128 (default)
2019-09-12 10:33:28,763 [pool-157-thread-1] INFO  server.RaftServerConfigKeys (ConfUtils.java:logGet(43)) - raft.server.log.statemachine.data.sync = true (default)
2019-09-12 10:33:28,763 [pool-157-thread-1] INFO  server.RaftServerConfigKeys (ConfUtils.java:logGet(43)) - raft.server.log.statemachine.data.sync.timeout = 10s (default)
2019-09-12 10:33:28,763 [pool-157-thread-1] INFO  server.RaftServerConfigKeys (ConfUtils.java:logGet(43)) - raft.server.log.statemachine.data.sync.timeout.retry = -1 (default)
2019-09-12 10:33:28,764 [pool-157-thread-1] INFO  server.RaftServerConfigKeys (ConfUtils.java:logGet(43)) - raft.server.log.statemachine.data.caching.enabled = true (custom)
2019-09-12 10:33:28,764 [pool-157-thread-1] INFO  segmented.SegmentedRaftLogWorker (SegmentedRaftLogWorker.java:lambda$new$0(132)) - afdb29cf-c3b8-498d-8640-0d0c0297edd0-SegmentedRaftLogWorker:Storage Directory /workdir/hadoop-ozone/integration-test/target/test-dir/MiniOzoneClusterImpl-2d656029-9dde-45a3-b7cd-f2d738c2cb44/datanode-3/data/ratis/f23bc04e-1a14-4cf3-a7e7-0704c1b5db76: flushIndex: setUnconditionally 0 -> -1
2019-09-12 10:33:28,764 [pool-157-thread-1] INFO  server.RaftServerConfigKeys (ConfUtils.java:logGet(43)) - raft.server.snapshot.auto.trigger.enabled = true (custom)
2019-09-12 10:33:28,764 [pool-157-thread-1] INFO  server.RaftServerConfigKeys (ConfUtils.java:logGet(43)) - raft.server.snapshot.auto.trigger.threshold = 10000 (custom)
2019-09-12 10:33:28,765 [pool-157-thread-1] INFO  server.RaftServerConfigKeys (ConfUtils.java:logGet(43)) - raft.server.retrycache.expirytime = 600000ms (custom)
2019-09-12 10:33:28,765 [pool-157-thread-1] INFO  impl.RaftServerImpl (RaftServerImpl.java:start(180)) - afdb29cf-c3b8-498d-8640-0d0c0297edd0: start group-0704C1B5DB76
2019-09-12 10:33:28,765 [pool-157-thread-1] INFO  impl.RaftServerImpl (RaftServerImpl.java:setRole(171)) - afdb29cf-c3b8-498d-8640-0d0c0297edd0:group-0704C1B5DB76 changes role from null to FOLLOWER at term 0 for startAsFollower
2019-09-12 10:33:28,765 [pool-157-thread-1] INFO  impl.RoleInfo (RoleInfo.java:updateAndGet(143)) - afdb29cf-c3b8-498d-8640-0d0c0297edd0: start FollowerState
2019-09-12 10:33:28,766 [pool-157-thread-1] INFO  util.JmxRegister (JmxRegister.java:tryRegister(44)) - Successfully registered JMX Bean with object name Ratis:service=RaftServer,group=group-0704C1B5DB76,id=afdb29cf-c3b8-498d-8640-0d0c0297edd0
2019-09-12 10:33:28,769 [RatisPipelineUtilsThread] INFO  pipeline.PipelineStateManager (PipelineStateManager.java:addPipeline(56)) - Created pipeline Pipeline[ Id: f23bc04e-1a14-4cf3-a7e7-0704c1b5db76, Nodes: afdb29cf-c3b8-498d-8640-0d0c0297edd0{ip: 192.168.157.195, host: pr-hdds-1569-xtfnx-3545843844, networkLocation: /default-rack, certSerialId: null}, Type:RATIS, Factor:ONE, State:OPEN]
2019-09-12 10:33:28,769 [RatisPipelineUtilsThread] ERROR pipeline.PipelinePlacementPolicy (PipelinePlacementPolicy.java:meetCriteria(91)) - Pipeline Placement: Doesn't meet the criteria to be viable node. Heaviness: 6
2019-09-12 10:33:28,769 [RatisPipelineUtilsThread] ERROR pipeline.PipelinePlacementPolicy (PipelinePlacementPolicy.java:meetCriteria(91)) - Pipeline Placement: Doesn't meet the criteria to be viable node. Heaviness: 6
2019-09-12 10:33:28,769 [RatisPipelineUtilsThread] ERROR pipeline.PipelinePlacementPolicy (PipelinePlacementPolicy.java:meetCriteria(91)) - Pipeline Placement: Doesn't meet the criteria to be viable node. Heaviness: 6
2019-09-12 10:33:28,774 [grpc-default-executor-0] INFO  impl.RaftServerProxy (RaftServerProxy.java:addNew(89)) - 58be6702-f3a1-484a-8c9d-5d933df137d3: addNew group-56AF7B796B07:[58be6702-f3a1-484a-8c9d-5d933df137d3:192.168.157.195:33261] returns group-56AF7B796B07:java.util.concurrent.CompletableFuture@3627cde7[Not completed]
2019-09-12 10:33:28,776 [pool-168-thread-1] INFO  impl.RaftServerImpl (RaftServerImpl.java:<init>(93)) - 58be6702-f3a1-484a-8c9d-5d933df137d3: new RaftServerImpl for group-56AF7B796B07:[58be6702-f3a1-484a-8c9d-5d933df137d3:192.168.157.195:33261] with ContainerStateMachine:uninitialized
2019-09-12 10:33:28,776 [pool-168-thread-1] INFO  server.RaftServerConfigKeys (ConfUtils.java:logGet(43)) - raft.server.rpc.timeout.min = 5s (custom)
2019-09-12 10:33:28,776 [pool-168-thread-1] INFO  server.RaftServerConfigKeys (ConfUtils.java:logGet(43)) - raft.server.rpc.timeout.max = 5200ms (custom)
2019-09-12 10:33:28,776 [pool-168-thread-1] INFO  server.RaftServerConfigKeys (ConfUtils.java:logGet(43)) - raft.server.rpcslowness.timeout = 120s (custom)
2019-09-12 10:33:28,776 [pool-168-thread-1] INFO  server.RaftServerConfigKeys (ConfUtils.java:logGet(43)) - raft.server.sleep.deviation.threshold = 300 (default)
2019-09-12 10:33:28,777 [pool-168-thread-1] INFO  server.RaftServerConfigKeys (ConfUtils.java:logGet(43)) - raft.server.log.appender.install.snapshot.enabled = false (custom)
2019-09-12 10:33:28,777 [pool-168-thread-1] INFO  impl.RaftServerImpl (ServerState.java:<init>(105)) - 58be6702-f3a1-484a-8c9d-5d933df137d3:group-56AF7B796B07 ConfigurationManager, init=-1: [58be6702-f3a1-484a-8c9d-5d933df137d3:192.168.157.195:33261], old=null, confs=<EMPTY_MAP>
2019-09-12 10:33:28,777 [pool-168-thread-1] INFO  server.RaftServerConfigKeys (ConfUtils.java:logGet(43)) - raft.server.storage.dir = [/workdir/hadoop-ozone/integration-test/target/test-dir/MiniOzoneClusterImpl-2d656029-9dde-45a3-b7cd-f2d738c2cb44/datanode-4/data/ratis] (custom)
2019-09-12 10:33:28,777 [pool-168-thread-1] INFO  storage.RaftStorageDirectory (RaftStorageDirectory.java:analyzeStorage(246)) - The storage directory /workdir/hadoop-ozone/integration-test/target/test-dir/MiniOzoneClusterImpl-2d656029-9dde-45a3-b7cd-f2d738c2cb44/datanode-4/data/ratis/cccd4cd0-cd84-422e-917a-56af7b796b07 does not exist. Creating ...
2019-09-12 10:33:28,789 [pool-168-thread-1] INFO  storage.RaftStorageDirectory (RaftStorageDirectory.java:tryLock(328)) - Lock on /workdir/hadoop-ozone/integration-test/target/test-dir/MiniOzoneClusterImpl-2d656029-9dde-45a3-b7cd-f2d738c2cb44/datanode-4/data/ratis/cccd4cd0-cd84-422e-917a-56af7b796b07/in_use.lock acquired by nodename 32653@pr-hdds-1569-xtfnx-3545843844
2019-09-12 10:33:28,826 [pool-168-thread-1] INFO  storage.RaftStorage (RaftStorage.java:format(72)) - Storage directory /workdir/hadoop-ozone/integration-test/target/test-dir/MiniOzoneClusterImpl-2d656029-9dde-45a3-b7cd-f2d738c2cb44/datanode-4/data/ratis/cccd4cd0-cd84-422e-917a-56af7b796b07 has been successfully formatted.
2019-09-12 10:33:28,826 [pool-168-thread-1] INFO  ratis.ContainerStateMachine (ContainerStateMachine.java:loadSnapshot(226)) - group-56AF7B796B07: The snapshot info is null. Setting the last applied indexto:(t:0, i:~)
2019-09-12 10:33:28,826 [pool-168-thread-1] INFO  server.RaftServerConfigKeys (ConfUtils.java:logGet(43)) - raft.server.leader.election.timeout = 120s (custom)
2019-09-12 10:33:28,826 [pool-168-thread-1] INFO  server.RaftServerConfigKeys (ConfUtils.java:logGet(43)) - raft.server.log.use.memory = false (default)
2019-09-12 10:33:28,827 [pool-168-thread-1] INFO  server.RaftServerConfigKeys (ConfUtils.java:logGet(43)) - raft.server.log.purge.gap = 1000000 (custom)
2019-09-12 10:33:28,827 [pool-168-thread-1] INFO  server.RaftServerConfigKeys (ConfUtils.java:logGet(43)) - raft.server.log.appender.buffer.byte-limit = 33554432 (custom)
2019-09-12 10:33:28,827 [pool-168-thread-1] INFO  server.RaftServerConfigKeys (ConfUtils.java:logGet(43)) - raft.server.log.segment.size.max = 1048576 (custom)
2019-09-12 10:33:28,827 [pool-168-thread-1] INFO  server.RaftServerConfigKeys (ConfUtils.java:logGet(43)) - raft.server.log.segment.cache.num.max = 2 (custom)
2019-09-12 10:33:28,827 [pool-168-thread-1] INFO  segmented.SegmentedRaftLogWorker (SegmentedRaftLogWorker.java:<init>(172)) - new 58be6702-f3a1-484a-8c9d-5d933df137d3-SegmentedRaftLogWorker:Storage Directory /workdir/hadoop-ozone/integration-test/target/test-dir/MiniOzoneClusterImpl-2d656029-9dde-45a3-b7cd-f2d738c2cb44/datanode-4/data/ratis/cccd4cd0-cd84-422e-917a-56af7b796b07 for RaftStorage:Storage Directory /workdir/hadoop-ozone/integration-test/target/test-dir/MiniOzoneClusterImpl-2d656029-9dde-45a3-b7cd-f2d738c2cb44/datanode-4/data/ratis/cccd4cd0-cd84-422e-917a-56af7b796b07
2019-09-12 10:33:28,827 [pool-168-thread-1] INFO  server.RaftServerConfigKeys (ConfUtils.java:logGet(43)) - raft.server.log.queue.byte-limit = 2147483647 (custom)
2019-09-12 10:33:28,827 [pool-168-thread-1] INFO  server.RaftServerConfigKeys (ConfUtils.java:logGet(43)) - raft.server.log.queue.element-limit = 1024 (custom)
2019-09-12 10:33:28,828 [pool-168-thread-1] INFO  server.RaftServerConfigKeys (ConfUtils.java:logGet(43)) - raft.server.log.segment.size.max = 1048576 (custom)
2019-09-12 10:33:28,828 [pool-168-thread-1] INFO  server.RaftServerConfigKeys (ConfUtils.java:logGet(43)) - raft.server.log.preallocated.size = 16384 (custom)
2019-09-12 10:33:28,828 [pool-168-thread-1] INFO  server.RaftServerConfigKeys (ConfUtils.java:logGet(43)) - raft.server.log.write.buffer.size = 33554432 (custom)
2019-09-12 10:33:28,828 [pool-168-thread-1] INFO  server.RaftServerConfigKeys (ConfUtils.java:logGet(43)) - raft.server.log.force.sync.num = 128 (default)
2019-09-12 10:33:28,828 [pool-168-thread-1] INFO  server.RaftServerConfigKeys (ConfUtils.java:logGet(43)) - raft.server.log.statemachine.data.sync = true (default)
2019-09-12 10:33:28,828 [pool-168-thread-1] INFO  server.RaftServerConfigKeys (ConfUtils.java:logGet(43)) - raft.server.log.statemachine.data.sync.timeout = 10s (default)
2019-09-12 10:33:28,829 [pool-168-thread-1] INFO  server.RaftServerConfigKeys (ConfUtils.java:logGet(43)) - raft.server.log.statemachine.data.sync.timeout.retry = -1 (default)
2019-09-12 10:33:28,829 [pool-168-thread-1] INFO  server.RaftServerConfigKeys (ConfUtils.java:logGet(43)) - raft.server.log.statemachine.data.caching.enabled = true (custom)
2019-09-12 10:33:28,829 [pool-168-thread-1] INFO  segmented.SegmentedRaftLogWorker (SegmentedRaftLogWorker.java:lambda$new$0(132)) - 58be6702-f3a1-484a-8c9d-5d933df137d3-SegmentedRaftLogWorker:Storage Directory /workdir/hadoop-ozone/integration-test/target/test-dir/MiniOzoneClusterImpl-2d656029-9dde-45a3-b7cd-f2d738c2cb44/datanode-4/data/ratis/cccd4cd0-cd84-422e-917a-56af7b796b07: flushIndex: setUnconditionally 0 -> -1
2019-09-12 10:33:28,830 [pool-168-thread-1] INFO  server.RaftServerConfigKeys (ConfUtils.java:logGet(43)) - raft.server.snapshot.auto.trigger.enabled = true (custom)
2019-09-12 10:33:28,830 [pool-168-thread-1] INFO  server.RaftServerConfigKeys (ConfUtils.java:logGet(43)) - raft.server.snapshot.auto.trigger.threshold = 10000 (custom)
2019-09-12 10:33:28,830 [pool-168-thread-1] INFO  server.RaftServerConfigKeys (ConfUtils.java:logGet(43)) - raft.server.retrycache.expirytime = 600000ms (custom)
2019-09-12 10:33:28,830 [pool-168-thread-1] INFO  impl.RaftServerImpl (RaftServerImpl.java:start(180)) - 58be6702-f3a1-484a-8c9d-5d933df137d3: start group-56AF7B796B07
2019-09-12 10:33:28,831 [pool-168-thread-1] INFO  impl.RaftServerImpl (RaftServerImpl.java:setRole(171)) - 58be6702-f3a1-484a-8c9d-5d933df137d3:group-56AF7B796B07 changes role from null to FOLLOWER at term 0 for startAsFollower
2019-09-12 10:33:28,831 [pool-168-thread-1] INFO  impl.RoleInfo (RoleInfo.java:updateAndGet(143)) - 58be6702-f3a1-484a-8c9d-5d933df137d3: start FollowerState
2019-09-12 10:33:28,831 [pool-168-thread-1] INFO  util.JmxRegister (JmxRegister.java:tryRegister(44)) - Successfully registered JMX Bean with object name Ratis:service=RaftServer,group=group-56AF7B796B07,id=58be6702-f3a1-484a-8c9d-5d933df137d3
2019-09-12 10:33:28,834 [RatisPipelineUtilsThread] INFO  pipeline.PipelineStateManager (PipelineStateManager.java:addPipeline(56)) - Created pipeline Pipeline[ Id: cccd4cd0-cd84-422e-917a-56af7b796b07, Nodes: 58be6702-f3a1-484a-8c9d-5d933df137d3{ip: 192.168.157.195, host: pr-hdds-1569-xtfnx-3545843844, networkLocation: /default-rack, certSerialId: null}, Type:RATIS, Factor:ONE, State:OPEN]
2019-09-12 10:33:28,834 [RatisPipelineUtilsThread] ERROR pipeline.PipelinePlacementPolicy (PipelinePlacementPolicy.java:meetCriteria(91)) - Pipeline Placement: Doesn't meet the criteria to be viable node. Heaviness: 6
2019-09-12 10:33:28,834 [RatisPipelineUtilsThread] ERROR pipeline.PipelinePlacementPolicy (PipelinePlacementPolicy.java:meetCriteria(91)) - Pipeline Placement: Doesn't meet the criteria to be viable node. Heaviness: 6
2019-09-12 10:33:28,834 [RatisPipelineUtilsThread] ERROR pipeline.PipelinePlacementPolicy (PipelinePlacementPolicy.java:meetCriteria(91)) - Pipeline Placement: Doesn't meet the criteria to be viable node. Heaviness: 6
2019-09-12 10:33:28,840 [grpc-default-executor-0] INFO  impl.RaftServerProxy (RaftServerProxy.java:addNew(89)) - afdb29cf-c3b8-498d-8640-0d0c0297edd0: addNew group-4AC575061819:[afdb29cf-c3b8-498d-8640-0d0c0297edd0:192.168.157.195:42480] returns group-4AC575061819:java.util.concurrent.CompletableFuture@960692d[Not completed]
2019-09-12 10:33:28,841 [pool-157-thread-1] INFO  impl.RaftServerImpl (RaftServerImpl.java:<init>(93)) - afdb29cf-c3b8-498d-8640-0d0c0297edd0: new RaftServerImpl for group-4AC575061819:[afdb29cf-c3b8-498d-8640-0d0c0297edd0:192.168.157.195:42480] with ContainerStateMachine:uninitialized
2019-09-12 10:33:28,841 [pool-157-thread-1] INFO  server.RaftServerConfigKeys (ConfUtils.java:logGet(43)) - raft.server.rpc.timeout.min = 5s (custom)
2019-09-12 10:33:28,841 [pool-157-thread-1] INFO  server.RaftServerConfigKeys (ConfUtils.java:logGet(43)) - raft.server.rpc.timeout.max = 5200ms (custom)
2019-09-12 10:33:28,842 [pool-157-thread-1] INFO  server.RaftServerConfigKeys (ConfUtils.java:logGet(43)) - raft.server.rpcslowness.timeout = 120s (custom)
2019-09-12 10:33:28,842 [pool-157-thread-1] INFO  server.RaftServerConfigKeys (ConfUtils.java:logGet(43)) - raft.server.sleep.deviation.threshold = 300 (default)
2019-09-12 10:33:28,842 [pool-157-thread-1] INFO  server.RaftServerConfigKeys (ConfUtils.java:logGet(43)) - raft.server.log.appender.install.snapshot.enabled = false (custom)
2019-09-12 10:33:28,842 [pool-157-thread-1] INFO  impl.RaftServerImpl (ServerState.java:<init>(105)) - afdb29cf-c3b8-498d-8640-0d0c0297edd0:group-4AC575061819 ConfigurationManager, init=-1: [afdb29cf-c3b8-498d-8640-0d0c0297edd0:192.168.157.195:42480], old=null, confs=<EMPTY_MAP>
2019-09-12 10:33:28,842 [pool-157-thread-1] INFO  server.RaftServerConfigKeys (ConfUtils.java:logGet(43)) - raft.server.storage.dir = [/workdir/hadoop-ozone/integration-test/target/test-dir/MiniOzoneClusterImpl-2d656029-9dde-45a3-b7cd-f2d738c2cb44/datanode-3/data/ratis] (custom)
2019-09-12 10:33:28,842 [pool-157-thread-1] INFO  storage.RaftStorageDirectory (RaftStorageDirectory.java:analyzeStorage(246)) - The storage directory /workdir/hadoop-ozone/integration-test/target/test-dir/MiniOzoneClusterImpl-2d656029-9dde-45a3-b7cd-f2d738c2cb44/datanode-3/data/ratis/b3f4f7ca-95bb-4b0a-b789-4ac575061819 does not exist. Creating ...
2019-09-12 10:33:28,855 [pool-157-thread-1] INFO  storage.RaftStorageDirectory (RaftStorageDirectory.java:tryLock(328)) - Lock on /workdir/hadoop-ozone/integration-test/target/test-dir/MiniOzoneClusterImpl-2d656029-9dde-45a3-b7cd-f2d738c2cb44/datanode-3/data/ratis/b3f4f7ca-95bb-4b0a-b789-4ac575061819/in_use.lock acquired by nodename 32653@pr-hdds-1569-xtfnx-3545843844
2019-09-12 10:33:28,868 [pool-157-thread-1] INFO  storage.RaftStorage (RaftStorage.java:format(72)) - Storage directory /workdir/hadoop-ozone/integration-test/target/test-dir/MiniOzoneClusterImpl-2d656029-9dde-45a3-b7cd-f2d738c2cb44/datanode-3/data/ratis/b3f4f7ca-95bb-4b0a-b789-4ac575061819 has been successfully formatted.
2019-09-12 10:33:28,869 [pool-157-thread-1] INFO  ratis.ContainerStateMachine (ContainerStateMachine.java:loadSnapshot(226)) - group-4AC575061819: The snapshot info is null. Setting the last applied indexto:(t:0, i:~)
2019-09-12 10:33:28,869 [pool-157-thread-1] INFO  server.RaftServerConfigKeys (ConfUtils.java:logGet(43)) - raft.server.leader.election.timeout = 120s (custom)
2019-09-12 10:33:28,869 [pool-157-thread-1] INFO  server.RaftServerConfigKeys (ConfUtils.java:logGet(43)) - raft.server.log.use.memory = false (default)
2019-09-12 10:33:28,869 [pool-157-thread-1] INFO  server.RaftServerConfigKeys (ConfUtils.java:logGet(43)) - raft.server.log.purge.gap = 1000000 (custom)
2019-09-12 10:33:28,869 [pool-157-thread-1] INFO  server.RaftServerConfigKeys (ConfUtils.java:logGet(43)) - raft.server.log.appender.buffer.byte-limit = 33554432 (custom)
2019-09-12 10:33:28,869 [pool-157-thread-1] INFO  server.RaftServerConfigKeys (ConfUtils.java:logGet(43)) - raft.server.log.segment.size.max = 1048576 (custom)
2019-09-12 10:33:28,870 [pool-157-thread-1] INFO  server.RaftServerConfigKeys (ConfUtils.java:logGet(43)) - raft.server.log.segment.cache.num.max = 2 (custom)
2019-09-12 10:33:28,870 [pool-157-thread-1] INFO  segmented.SegmentedRaftLogWorker (SegmentedRaftLogWorker.java:<init>(172)) - new afdb29cf-c3b8-498d-8640-0d0c0297edd0-SegmentedRaftLogWorker:Storage Directory /workdir/hadoop-ozone/integration-test/target/test-dir/MiniOzoneClusterImpl-2d656029-9dde-45a3-b7cd-f2d738c2cb44/datanode-3/data/ratis/b3f4f7ca-95bb-4b0a-b789-4ac575061819 for RaftStorage:Storage Directory /workdir/hadoop-ozone/integration-test/target/test-dir/MiniOzoneClusterImpl-2d656029-9dde-45a3-b7cd-f2d738c2cb44/datanode-3/data/ratis/b3f4f7ca-95bb-4b0a-b789-4ac575061819
2019-09-12 10:33:28,870 [pool-157-thread-1] INFO  server.RaftServerConfigKeys (ConfUtils.java:logGet(43)) - raft.server.log.queue.byte-limit = 2147483647 (custom)
2019-09-12 10:33:28,870 [pool-157-thread-1] INFO  server.RaftServerConfigKeys (ConfUtils.java:logGet(43)) - raft.server.log.queue.element-limit = 1024 (custom)
2019-09-12 10:33:28,870 [pool-157-thread-1] INFO  server.RaftServerConfigKeys (ConfUtils.java:logGet(43)) - raft.server.log.segment.size.max = 1048576 (custom)
2019-09-12 10:33:28,871 [pool-157-thread-1] INFO  server.RaftServerConfigKeys (ConfUtils.java:logGet(43)) - raft.server.log.preallocated.size = 16384 (custom)
2019-09-12 10:33:28,871 [pool-157-thread-1] INFO  server.RaftServerConfigKeys (ConfUtils.java:logGet(43)) - raft.server.log.write.buffer.size = 33554432 (custom)
2019-09-12 10:33:28,871 [pool-157-thread-1] INFO  server.RaftServerConfigKeys (ConfUtils.java:logGet(43)) - raft.server.log.force.sync.num = 128 (default)
2019-09-12 10:33:28,871 [pool-157-thread-1] INFO  server.RaftServerConfigKeys (ConfUtils.java:logGet(43)) - raft.server.log.statemachine.data.sync = true (default)
2019-09-12 10:33:28,871 [pool-157-thread-1] INFO  server.RaftServerConfigKeys (ConfUtils.java:logGet(43)) - raft.server.log.statemachine.data.sync.timeout = 10s (default)
2019-09-12 10:33:28,871 [pool-157-thread-1] INFO  server.RaftServerConfigKeys (ConfUtils.java:logGet(43)) - raft.server.log.statemachine.data.sync.timeout.retry = -1 (default)
2019-09-12 10:33:28,872 [pool-157-thread-1] INFO  server.RaftServerConfigKeys (ConfUtils.java:logGet(43)) - raft.server.log.statemachine.data.caching.enabled = true (custom)
2019-09-12 10:33:28,872 [pool-157-thread-1] INFO  segmented.SegmentedRaftLogWorker (SegmentedRaftLogWorker.java:lambda$new$0(132)) - afdb29cf-c3b8-498d-8640-0d0c0297edd0-SegmentedRaftLogWorker:Storage Directory /workdir/hadoop-ozone/integration-test/target/test-dir/MiniOzoneClusterImpl-2d656029-9dde-45a3-b7cd-f2d738c2cb44/datanode-3/data/ratis/b3f4f7ca-95bb-4b0a-b789-4ac575061819: flushIndex: setUnconditionally 0 -> -1
2019-09-12 10:33:28,873 [pool-157-thread-1] INFO  server.RaftServerConfigKeys (ConfUtils.java:logGet(43)) - raft.server.snapshot.auto.trigger.enabled = true (custom)
2019-09-12 10:33:28,873 [pool-157-thread-1] INFO  server.RaftServerConfigKeys (ConfUtils.java:logGet(43)) - raft.server.snapshot.auto.trigger.threshold = 10000 (custom)
2019-09-12 10:33:28,873 [pool-157-thread-1] INFO  server.RaftServerConfigKeys (ConfUtils.java:logGet(43)) - raft.server.retrycache.expirytime = 600000ms (custom)
2019-09-12 10:33:28,873 [pool-157-thread-1] INFO  impl.RaftServerImpl (RaftServerImpl.java:start(180)) - afdb29cf-c3b8-498d-8640-0d0c0297edd0: start group-4AC575061819
2019-09-12 10:33:28,874 [pool-157-thread-1] INFO  impl.RaftServerImpl (RaftServerImpl.java:setRole(171)) - afdb29cf-c3b8-498d-8640-0d0c0297edd0:group-4AC575061819 changes role from null to FOLLOWER at term 0 for startAsFollower
2019-09-12 10:33:28,874 [pool-157-thread-1] INFO  impl.RoleInfo (RoleInfo.java:updateAndGet(143)) - afdb29cf-c3b8-498d-8640-0d0c0297edd0: start FollowerState
2019-09-12 10:33:28,875 [pool-157-thread-1] INFO  util.JmxRegister (JmxRegister.java:tryRegister(44)) - Successfully registered JMX Bean with object name Ratis:service=RaftServer,group=group-4AC575061819,id=afdb29cf-c3b8-498d-8640-0d0c0297edd0
2019-09-12 10:33:28,878 [RatisPipelineUtilsThread] INFO  pipeline.PipelineStateManager (PipelineStateManager.java:addPipeline(56)) - Created pipeline Pipeline[ Id: b3f4f7ca-95bb-4b0a-b789-4ac575061819, Nodes: afdb29cf-c3b8-498d-8640-0d0c0297edd0{ip: 192.168.157.195, host: pr-hdds-1569-xtfnx-3545843844, networkLocation: /default-rack, certSerialId: null}, Type:RATIS, Factor:ONE, State:OPEN]
2019-09-12 10:33:28,879 [RatisPipelineUtilsThread] ERROR pipeline.PipelinePlacementPolicy (PipelinePlacementPolicy.java:meetCriteria(91)) - Pipeline Placement: Doesn't meet the criteria to be viable node. Heaviness: 6
2019-09-12 10:33:28,879 [RatisPipelineUtilsThread] ERROR pipeline.PipelinePlacementPolicy (PipelinePlacementPolicy.java:meetCriteria(91)) - Pipeline Placement: Doesn't meet the criteria to be viable node. Heaviness: 6
2019-09-12 10:33:28,879 [RatisPipelineUtilsThread] ERROR pipeline.PipelinePlacementPolicy (PipelinePlacementPolicy.java:meetCriteria(91)) - Pipeline Placement: Doesn't meet the criteria to be viable node. Heaviness: 6
2019-09-12 10:33:28,887 [grpc-default-executor-0] INFO  impl.RaftServerProxy (RaftServerProxy.java:addNew(89)) - 58be6702-f3a1-484a-8c9d-5d933df137d3: addNew group-DD0E41F141D9:[58be6702-f3a1-484a-8c9d-5d933df137d3:192.168.157.195:33261] returns group-DD0E41F141D9:java.util.concurrent.CompletableFuture@31df688f[Not completed]
2019-09-12 10:33:28,888 [pool-168-thread-1] INFO  impl.RaftServerImpl (RaftServerImpl.java:<init>(93)) - 58be6702-f3a1-484a-8c9d-5d933df137d3: new RaftServerImpl for group-DD0E41F141D9:[58be6702-f3a1-484a-8c9d-5d933df137d3:192.168.157.195:33261] with ContainerStateMachine:uninitialized
2019-09-12 10:33:28,888 [pool-168-thread-1] INFO  server.RaftServerConfigKeys (ConfUtils.java:logGet(43)) - raft.server.rpc.timeout.min = 5s (custom)
2019-09-12 10:33:28,889 [pool-168-thread-1] INFO  server.RaftServerConfigKeys (ConfUtils.java:logGet(43)) - raft.server.rpc.timeout.max = 5200ms (custom)
2019-09-12 10:33:28,889 [pool-168-thread-1] INFO  server.RaftServerConfigKeys (ConfUtils.java:logGet(43)) - raft.server.rpcslowness.timeout = 120s (custom)
2019-09-12 10:33:28,889 [pool-168-thread-1] INFO  server.RaftServerConfigKeys (ConfUtils.java:logGet(43)) - raft.server.sleep.deviation.threshold = 300 (default)
2019-09-12 10:33:28,889 [pool-168-thread-1] INFO  server.RaftServerConfigKeys (ConfUtils.java:logGet(43)) - raft.server.log.appender.install.snapshot.enabled = false (custom)
2019-09-12 10:33:28,889 [pool-168-thread-1] INFO  impl.RaftServerImpl (ServerState.java:<init>(105)) - 58be6702-f3a1-484a-8c9d-5d933df137d3:group-DD0E41F141D9 ConfigurationManager, init=-1: [58be6702-f3a1-484a-8c9d-5d933df137d3:192.168.157.195:33261], old=null, confs=<EMPTY_MAP>
2019-09-12 10:33:28,889 [pool-168-thread-1] INFO  server.RaftServerConfigKeys (ConfUtils.java:logGet(43)) - raft.server.storage.dir = [/workdir/hadoop-ozone/integration-test/target/test-dir/MiniOzoneClusterImpl-2d656029-9dde-45a3-b7cd-f2d738c2cb44/datanode-4/data/ratis] (custom)
2019-09-12 10:33:28,890 [pool-168-thread-1] INFO  storage.RaftStorageDirectory (RaftStorageDirectory.java:analyzeStorage(246)) - The storage directory /workdir/hadoop-ozone/integration-test/target/test-dir/MiniOzoneClusterImpl-2d656029-9dde-45a3-b7cd-f2d738c2cb44/datanode-4/data/ratis/cb6278c4-247a-4cc6-94f1-dd0e41f141d9 does not exist. Creating ...
2019-09-12 10:33:28,893 [main] INFO  ozone.MiniOzoneClusterImpl (MiniOzoneClusterImpl.java:lambda$waitForClusterToBeReady$0(142)) - Waiting for cluster to be ready. Got 6 of 7 DN Heartbeats.
2019-09-12 10:33:28,896 [IPC Server handler 3 on 41229] INFO  net.NetworkTopology (NetworkTopologyImpl.java:add(110)) - Added a new node: /default-rack/2936a8fb-498a-4f06-abab-ab51bafc30e4
2019-09-12 10:33:28,896 [IPC Server handler 3 on 41229] INFO  node.SCMNodeManager (SCMNodeManager.java:register(273)) - Registered Data node : 2936a8fb-498a-4f06-abab-ab51bafc30e4{ip: 192.168.157.195, host: pr-hdds-1569-xtfnx-3545843844, networkLocation: /default-rack, certSerialId: null}
2019-09-12 10:33:28,896 | INFO  | SCMAudit | user=jenkins1000 | ip=192.168.157.195 | op=REGISTER {datanodeDetails=2936a8fb-498a-4f06-abab-ab51bafc30e4{ip: 192.168.157.195, host: pr-hdds-1569-xtfnx-3545843844, networkLocation: /default-rack, certSerialId: null}} | ret=SUCCESS |  
2019-09-12 10:33:28,903 [pool-168-thread-1] INFO  storage.RaftStorageDirectory (RaftStorageDirectory.java:tryLock(328)) - Lock on /workdir/hadoop-ozone/integration-test/target/test-dir/MiniOzoneClusterImpl-2d656029-9dde-45a3-b7cd-f2d738c2cb44/datanode-4/data/ratis/cb6278c4-247a-4cc6-94f1-dd0e41f141d9/in_use.lock acquired by nodename 32653@pr-hdds-1569-xtfnx-3545843844
2019-09-12 10:33:28,916 [pool-168-thread-1] INFO  storage.RaftStorage (RaftStorage.java:format(72)) - Storage directory /workdir/hadoop-ozone/integration-test/target/test-dir/MiniOzoneClusterImpl-2d656029-9dde-45a3-b7cd-f2d738c2cb44/datanode-4/data/ratis/cb6278c4-247a-4cc6-94f1-dd0e41f141d9 has been successfully formatted.
2019-09-12 10:33:28,916 [pool-168-thread-1] INFO  ratis.ContainerStateMachine (ContainerStateMachine.java:loadSnapshot(226)) - group-DD0E41F141D9: The snapshot info is null. Setting the last applied indexto:(t:0, i:~)
2019-09-12 10:33:28,916 [pool-168-thread-1] INFO  server.RaftServerConfigKeys (ConfUtils.java:logGet(43)) - raft.server.leader.election.timeout = 120s (custom)
2019-09-12 10:33:28,916 [pool-168-thread-1] INFO  server.RaftServerConfigKeys (ConfUtils.java:logGet(43)) - raft.server.log.use.memory = false (default)
2019-09-12 10:33:28,916 [pool-168-thread-1] INFO  server.RaftServerConfigKeys (ConfUtils.java:logGet(43)) - raft.server.log.purge.gap = 1000000 (custom)
2019-09-12 10:33:28,916 [pool-168-thread-1] INFO  server.RaftServerConfigKeys (ConfUtils.java:logGet(43)) - raft.server.log.appender.buffer.byte-limit = 33554432 (custom)
2019-09-12 10:33:28,916 [pool-168-thread-1] INFO  server.RaftServerConfigKeys (ConfUtils.java:logGet(43)) - raft.server.log.segment.size.max = 1048576 (custom)
2019-09-12 10:33:28,916 [pool-168-thread-1] INFO  server.RaftServerConfigKeys (ConfUtils.java:logGet(43)) - raft.server.log.segment.cache.num.max = 2 (custom)
2019-09-12 10:33:28,917 [pool-168-thread-1] INFO  segmented.SegmentedRaftLogWorker (SegmentedRaftLogWorker.java:<init>(172)) - new 58be6702-f3a1-484a-8c9d-5d933df137d3-SegmentedRaftLogWorker:Storage Directory /workdir/hadoop-ozone/integration-test/target/test-dir/MiniOzoneClusterImpl-2d656029-9dde-45a3-b7cd-f2d738c2cb44/datanode-4/data/ratis/cb6278c4-247a-4cc6-94f1-dd0e41f141d9 for RaftStorage:Storage Directory /workdir/hadoop-ozone/integration-test/target/test-dir/MiniOzoneClusterImpl-2d656029-9dde-45a3-b7cd-f2d738c2cb44/datanode-4/data/ratis/cb6278c4-247a-4cc6-94f1-dd0e41f141d9
2019-09-12 10:33:28,917 [pool-168-thread-1] INFO  server.RaftServerConfigKeys (ConfUtils.java:logGet(43)) - raft.server.log.queue.byte-limit = 2147483647 (custom)
2019-09-12 10:33:28,917 [pool-168-thread-1] INFO  server.RaftServerConfigKeys (ConfUtils.java:logGet(43)) - raft.server.log.queue.element-limit = 1024 (custom)
2019-09-12 10:33:28,917 [pool-168-thread-1] INFO  server.RaftServerConfigKeys (ConfUtils.java:logGet(43)) - raft.server.log.segment.size.max = 1048576 (custom)
2019-09-12 10:33:28,917 [pool-168-thread-1] INFO  server.RaftServerConfigKeys (ConfUtils.java:logGet(43)) - raft.server.log.preallocated.size = 16384 (custom)
2019-09-12 10:33:28,917 [pool-168-thread-1] INFO  server.RaftServerConfigKeys (ConfUtils.java:logGet(43)) - raft.server.log.write.buffer.size = 33554432 (custom)
2019-09-12 10:33:28,917 [pool-168-thread-1] INFO  server.RaftServerConfigKeys (ConfUtils.java:logGet(43)) - raft.server.log.force.sync.num = 128 (default)
2019-09-12 10:33:28,917 [pool-168-thread-1] INFO  server.RaftServerConfigKeys (ConfUtils.java:logGet(43)) - raft.server.log.statemachine.data.sync = true (default)
2019-09-12 10:33:28,917 [pool-168-thread-1] INFO  server.RaftServerConfigKeys (ConfUtils.java:logGet(43)) - raft.server.log.statemachine.data.sync.timeout = 10s (default)
2019-09-12 10:33:28,917 [pool-168-thread-1] INFO  server.RaftServerConfigKeys (ConfUtils.java:logGet(43)) - raft.server.log.statemachine.data.sync.timeout.retry = -1 (default)
2019-09-12 10:33:28,918 [pool-168-thread-1] INFO  server.RaftServerConfigKeys (ConfUtils.java:logGet(43)) - raft.server.log.statemachine.data.caching.enabled = true (custom)
2019-09-12 10:33:28,918 [pool-168-thread-1] INFO  segmented.SegmentedRaftLogWorker (SegmentedRaftLogWorker.java:lambda$new$0(132)) - 58be6702-f3a1-484a-8c9d-5d933df137d3-SegmentedRaftLogWorker:Storage Directory /workdir/hadoop-ozone/integration-test/target/test-dir/MiniOzoneClusterImpl-2d656029-9dde-45a3-b7cd-f2d738c2cb44/datanode-4/data/ratis/cb6278c4-247a-4cc6-94f1-dd0e41f141d9: flushIndex: setUnconditionally 0 -> -1
2019-09-12 10:33:28,918 [pool-168-thread-1] INFO  server.RaftServerConfigKeys (ConfUtils.java:logGet(43)) - raft.server.snapshot.auto.trigger.enabled = true (custom)
2019-09-12 10:33:28,918 [pool-168-thread-1] INFO  server.RaftServerConfigKeys (ConfUtils.java:logGet(43)) - raft.server.snapshot.auto.trigger.threshold = 10000 (custom)
2019-09-12 10:33:28,918 [pool-168-thread-1] INFO  server.RaftServerConfigKeys (ConfUtils.java:logGet(43)) - raft.server.retrycache.expirytime = 600000ms (custom)
2019-09-12 10:33:28,918 [pool-168-thread-1] INFO  impl.RaftServerImpl (RaftServerImpl.java:start(180)) - 58be6702-f3a1-484a-8c9d-5d933df137d3: start group-DD0E41F141D9
2019-09-12 10:33:28,919 [pool-168-thread-1] INFO  impl.RaftServerImpl (RaftServerImpl.java:setRole(171)) - 58be6702-f3a1-484a-8c9d-5d933df137d3:group-DD0E41F141D9 changes role from null to FOLLOWER at term 0 for startAsFollower
2019-09-12 10:33:28,919 [pool-168-thread-1] INFO  impl.RoleInfo (RoleInfo.java:updateAndGet(143)) - 58be6702-f3a1-484a-8c9d-5d933df137d3: start FollowerState
2019-09-12 10:33:28,919 [pool-168-thread-1] INFO  util.JmxRegister (JmxRegister.java:tryRegister(44)) - Successfully registered JMX Bean with object name Ratis:service=RaftServer,group=group-DD0E41F141D9,id=58be6702-f3a1-484a-8c9d-5d933df137d3
2019-09-12 10:33:28,922 [RatisPipelineUtilsThread] INFO  pipeline.PipelineStateManager (PipelineStateManager.java:addPipeline(56)) - Created pipeline Pipeline[ Id: cb6278c4-247a-4cc6-94f1-dd0e41f141d9, Nodes: 58be6702-f3a1-484a-8c9d-5d933df137d3{ip: 192.168.157.195, host: pr-hdds-1569-xtfnx-3545843844, networkLocation: /default-rack, certSerialId: null}, Type:RATIS, Factor:ONE, State:OPEN]
2019-09-12 10:33:28,923 [RatisPipelineUtilsThread] ERROR pipeline.PipelinePlacementPolicy (PipelinePlacementPolicy.java:meetCriteria(91)) - Pipeline Placement: Doesn't meet the criteria to be viable node. Heaviness: 6
2019-09-12 10:33:28,923 [RatisPipelineUtilsThread] ERROR pipeline.PipelinePlacementPolicy (PipelinePlacementPolicy.java:meetCriteria(91)) - Pipeline Placement: Doesn't meet the criteria to be viable node. Heaviness: 6
2019-09-12 10:33:28,923 [RatisPipelineUtilsThread] ERROR pipeline.PipelinePlacementPolicy (PipelinePlacementPolicy.java:meetCriteria(91)) - Pipeline Placement: Doesn't meet the criteria to be viable node. Heaviness: 6
2019-09-12 10:33:28,923 [RatisPipelineUtilsThread] ERROR pipeline.PipelinePlacementPolicy (PipelinePlacementPolicy.java:meetCriteria(91)) - Pipeline Placement: Doesn't meet the criteria to be viable node. Heaviness: 6
2019-09-12 10:33:28,937 [grpc-default-executor-0] INFO  impl.RaftServerProxy (RaftServerProxy.java:addNew(89)) - 23027111-0173-428f-b853-b511524375b8: addNew group-A1B07F356658:[23027111-0173-428f-b853-b511524375b8:192.168.157.195:36891] returns group-A1B07F356658:java.util.concurrent.CompletableFuture@64d13c8c[Not completed]
2019-09-12 10:33:28,941 [pool-179-thread-1] INFO  impl.RaftServerImpl (RaftServerImpl.java:<init>(93)) - 23027111-0173-428f-b853-b511524375b8: new RaftServerImpl for group-A1B07F356658:[23027111-0173-428f-b853-b511524375b8:192.168.157.195:36891] with ContainerStateMachine:uninitialized
2019-09-12 10:33:28,941 [pool-179-thread-1] INFO  server.RaftServerConfigKeys (ConfUtils.java:logGet(43)) - raft.server.rpc.timeout.min = 5s (custom)
2019-09-12 10:33:28,941 [pool-179-thread-1] INFO  server.RaftServerConfigKeys (ConfUtils.java:logGet(43)) - raft.server.rpc.timeout.max = 5200ms (custom)
2019-09-12 10:33:28,941 [pool-179-thread-1] INFO  server.RaftServerConfigKeys (ConfUtils.java:logGet(43)) - raft.server.rpcslowness.timeout = 120s (custom)
2019-09-12 10:33:28,941 [pool-179-thread-1] INFO  server.RaftServerConfigKeys (ConfUtils.java:logGet(43)) - raft.server.sleep.deviation.threshold = 300 (default)
2019-09-12 10:33:28,941 [pool-179-thread-1] INFO  server.RaftServerConfigKeys (ConfUtils.java:logGet(43)) - raft.server.log.appender.install.snapshot.enabled = false (custom)
2019-09-12 10:33:28,941 [pool-179-thread-1] INFO  impl.RaftServerImpl (ServerState.java:<init>(105)) - 23027111-0173-428f-b853-b511524375b8:group-A1B07F356658 ConfigurationManager, init=-1: [23027111-0173-428f-b853-b511524375b8:192.168.157.195:36891], old=null, confs=<EMPTY_MAP>
2019-09-12 10:33:28,942 [pool-179-thread-1] INFO  server.RaftServerConfigKeys (ConfUtils.java:logGet(43)) - raft.server.storage.dir = [/workdir/hadoop-ozone/integration-test/target/test-dir/MiniOzoneClusterImpl-2d656029-9dde-45a3-b7cd-f2d738c2cb44/datanode-5/data/ratis] (custom)
2019-09-12 10:33:28,942 [pool-179-thread-1] INFO  storage.RaftStorageDirectory (RaftStorageDirectory.java:analyzeStorage(246)) - The storage directory /workdir/hadoop-ozone/integration-test/target/test-dir/MiniOzoneClusterImpl-2d656029-9dde-45a3-b7cd-f2d738c2cb44/datanode-5/data/ratis/bf1c6c48-a346-44a4-99b8-a1b07f356658 does not exist. Creating ...
2019-09-12 10:33:28,955 [pool-179-thread-1] INFO  storage.RaftStorageDirectory (RaftStorageDirectory.java:tryLock(328)) - Lock on /workdir/hadoop-ozone/integration-test/target/test-dir/MiniOzoneClusterImpl-2d656029-9dde-45a3-b7cd-f2d738c2cb44/datanode-5/data/ratis/bf1c6c48-a346-44a4-99b8-a1b07f356658/in_use.lock acquired by nodename 32653@pr-hdds-1569-xtfnx-3545843844
2019-09-12 10:33:28,967 [pool-179-thread-1] INFO  storage.RaftStorage (RaftStorage.java:format(72)) - Storage directory /workdir/hadoop-ozone/integration-test/target/test-dir/MiniOzoneClusterImpl-2d656029-9dde-45a3-b7cd-f2d738c2cb44/datanode-5/data/ratis/bf1c6c48-a346-44a4-99b8-a1b07f356658 has been successfully formatted.
2019-09-12 10:33:28,967 [pool-179-thread-1] INFO  ratis.ContainerStateMachine (ContainerStateMachine.java:loadSnapshot(226)) - group-A1B07F356658: The snapshot info is null. Setting the last applied indexto:(t:0, i:~)
2019-09-12 10:33:28,968 [pool-179-thread-1] INFO  server.RaftServerConfigKeys (ConfUtils.java:logGet(43)) - raft.server.leader.election.timeout = 120s (custom)
2019-09-12 10:33:28,968 [pool-179-thread-1] INFO  server.RaftServerConfigKeys (ConfUtils.java:logGet(43)) - raft.server.log.use.memory = false (default)
2019-09-12 10:33:28,968 [pool-179-thread-1] INFO  server.RaftServerConfigKeys (ConfUtils.java:logGet(43)) - raft.server.log.purge.gap = 1000000 (custom)
2019-09-12 10:33:28,968 [pool-179-thread-1] INFO  server.RaftServerConfigKeys (ConfUtils.java:logGet(43)) - raft.server.log.appender.buffer.byte-limit = 33554432 (custom)
2019-09-12 10:33:28,968 [pool-179-thread-1] INFO  server.RaftServerConfigKeys (ConfUtils.java:logGet(43)) - raft.server.log.segment.size.max = 1048576 (custom)
2019-09-12 10:33:28,968 [pool-179-thread-1] INFO  server.RaftServerConfigKeys (ConfUtils.java:logGet(43)) - raft.server.log.segment.cache.num.max = 2 (custom)
2019-09-12 10:33:28,968 [pool-179-thread-1] INFO  segmented.SegmentedRaftLogWorker (SegmentedRaftLogWorker.java:<init>(172)) - new 23027111-0173-428f-b853-b511524375b8-SegmentedRaftLogWorker:Storage Directory /workdir/hadoop-ozone/integration-test/target/test-dir/MiniOzoneClusterImpl-2d656029-9dde-45a3-b7cd-f2d738c2cb44/datanode-5/data/ratis/bf1c6c48-a346-44a4-99b8-a1b07f356658 for RaftStorage:Storage Directory /workdir/hadoop-ozone/integration-test/target/test-dir/MiniOzoneClusterImpl-2d656029-9dde-45a3-b7cd-f2d738c2cb44/datanode-5/data/ratis/bf1c6c48-a346-44a4-99b8-a1b07f356658
2019-09-12 10:33:28,968 [pool-179-thread-1] INFO  server.RaftServerConfigKeys (ConfUtils.java:logGet(43)) - raft.server.log.queue.byte-limit = 2147483647 (custom)
2019-09-12 10:33:28,969 [pool-179-thread-1] INFO  server.RaftServerConfigKeys (ConfUtils.java:logGet(43)) - raft.server.log.queue.element-limit = 1024 (custom)
2019-09-12 10:33:28,969 [pool-179-thread-1] INFO  server.RaftServerConfigKeys (ConfUtils.java:logGet(43)) - raft.server.log.segment.size.max = 1048576 (custom)
2019-09-12 10:33:28,969 [pool-179-thread-1] INFO  server.RaftServerConfigKeys (ConfUtils.java:logGet(43)) - raft.server.log.preallocated.size = 16384 (custom)
2019-09-12 10:33:28,969 [pool-179-thread-1] INFO  server.RaftServerConfigKeys (ConfUtils.java:logGet(43)) - raft.server.log.write.buffer.size = 33554432 (custom)
2019-09-12 10:33:28,969 [pool-179-thread-1] INFO  server.RaftServerConfigKeys (ConfUtils.java:logGet(43)) - raft.server.log.force.sync.num = 128 (default)
2019-09-12 10:33:28,969 [pool-179-thread-1] INFO  server.RaftServerConfigKeys (ConfUtils.java:logGet(43)) - raft.server.log.statemachine.data.sync = true (default)
2019-09-12 10:33:28,969 [pool-179-thread-1] INFO  server.RaftServerConfigKeys (ConfUtils.java:logGet(43)) - raft.server.log.statemachine.data.sync.timeout = 10s (default)
2019-09-12 10:33:28,969 [pool-179-thread-1] INFO  server.RaftServerConfigKeys (ConfUtils.java:logGet(43)) - raft.server.log.statemachine.data.sync.timeout.retry = -1 (default)
2019-09-12 10:33:28,970 [pool-179-thread-1] INFO  server.RaftServerConfigKeys (ConfUtils.java:logGet(43)) - raft.server.log.statemachine.data.caching.enabled = true (custom)
2019-09-12 10:33:28,970 [pool-179-thread-1] INFO  segmented.SegmentedRaftLogWorker (SegmentedRaftLogWorker.java:lambda$new$0(132)) - 23027111-0173-428f-b853-b511524375b8-SegmentedRaftLogWorker:Storage Directory /workdir/hadoop-ozone/integration-test/target/test-dir/MiniOzoneClusterImpl-2d656029-9dde-45a3-b7cd-f2d738c2cb44/datanode-5/data/ratis/bf1c6c48-a346-44a4-99b8-a1b07f356658: flushIndex: setUnconditionally 0 -> -1
2019-09-12 10:33:28,970 [pool-179-thread-1] INFO  server.RaftServerConfigKeys (ConfUtils.java:logGet(43)) - raft.server.snapshot.auto.trigger.enabled = true (custom)
2019-09-12 10:33:28,970 [pool-179-thread-1] INFO  server.RaftServerConfigKeys (ConfUtils.java:logGet(43)) - raft.server.snapshot.auto.trigger.threshold = 10000 (custom)
2019-09-12 10:33:28,970 [pool-179-thread-1] INFO  server.RaftServerConfigKeys (ConfUtils.java:logGet(43)) - raft.server.retrycache.expirytime = 600000ms (custom)
2019-09-12 10:33:28,971 [pool-179-thread-1] INFO  impl.RaftServerImpl (RaftServerImpl.java:start(180)) - 23027111-0173-428f-b853-b511524375b8: start group-A1B07F356658
2019-09-12 10:33:28,971 [pool-179-thread-1] INFO  impl.RaftServerImpl (RaftServerImpl.java:setRole(171)) - 23027111-0173-428f-b853-b511524375b8:group-A1B07F356658 changes role from null to FOLLOWER at term 0 for startAsFollower
2019-09-12 10:33:28,971 [pool-179-thread-1] INFO  impl.RoleInfo (RoleInfo.java:updateAndGet(143)) - 23027111-0173-428f-b853-b511524375b8: start FollowerState
2019-09-12 10:33:28,971 [pool-179-thread-1] INFO  util.JmxRegister (JmxRegister.java:tryRegister(44)) - Successfully registered JMX Bean with object name Ratis:service=RaftServer,group=group-A1B07F356658,id=23027111-0173-428f-b853-b511524375b8
2019-09-12 10:33:28,974 [RatisPipelineUtilsThread] INFO  pipeline.PipelineStateManager (PipelineStateManager.java:addPipeline(56)) - Created pipeline Pipeline[ Id: bf1c6c48-a346-44a4-99b8-a1b07f356658, Nodes: 23027111-0173-428f-b853-b511524375b8{ip: 192.168.157.195, host: pr-hdds-1569-xtfnx-3545843844, networkLocation: /default-rack, certSerialId: null}, Type:RATIS, Factor:ONE, State:OPEN]
2019-09-12 10:33:28,975 [RatisPipelineUtilsThread] ERROR pipeline.PipelinePlacementPolicy (PipelinePlacementPolicy.java:meetCriteria(91)) - Pipeline Placement: Doesn't meet the criteria to be viable node. Heaviness: 6
2019-09-12 10:33:28,975 [RatisPipelineUtilsThread] ERROR pipeline.PipelinePlacementPolicy (PipelinePlacementPolicy.java:meetCriteria(91)) - Pipeline Placement: Doesn't meet the criteria to be viable node. Heaviness: 6
2019-09-12 10:33:28,976 [RatisPipelineUtilsThread] ERROR pipeline.PipelinePlacementPolicy (PipelinePlacementPolicy.java:meetCriteria(91)) - Pipeline Placement: Doesn't meet the criteria to be viable node. Heaviness: 6
2019-09-12 10:33:28,976 [RatisPipelineUtilsThread] ERROR pipeline.PipelinePlacementPolicy (PipelinePlacementPolicy.java:meetCriteria(91)) - Pipeline Placement: Doesn't meet the criteria to be viable node. Heaviness: 6
2019-09-12 10:33:28,983 [grpc-default-executor-0] INFO  impl.RaftServerProxy (RaftServerProxy.java:addNew(89)) - afdb29cf-c3b8-498d-8640-0d0c0297edd0: addNew group-CF2AB5F1198C:[afdb29cf-c3b8-498d-8640-0d0c0297edd0:192.168.157.195:42480] returns group-CF2AB5F1198C:java.util.concurrent.CompletableFuture@7a04834c[Not completed]
2019-09-12 10:33:28,984 [pool-157-thread-1] INFO  impl.RaftServerImpl (RaftServerImpl.java:<init>(93)) - afdb29cf-c3b8-498d-8640-0d0c0297edd0: new RaftServerImpl for group-CF2AB5F1198C:[afdb29cf-c3b8-498d-8640-0d0c0297edd0:192.168.157.195:42480] with ContainerStateMachine:uninitialized
2019-09-12 10:33:28,985 [pool-157-thread-1] INFO  server.RaftServerConfigKeys (ConfUtils.java:logGet(43)) - raft.server.rpc.timeout.min = 5s (custom)
2019-09-12 10:33:28,985 [pool-157-thread-1] INFO  server.RaftServerConfigKeys (ConfUtils.java:logGet(43)) - raft.server.rpc.timeout.max = 5200ms (custom)
2019-09-12 10:33:28,985 [pool-157-thread-1] INFO  server.RaftServerConfigKeys (ConfUtils.java:logGet(43)) - raft.server.rpcslowness.timeout = 120s (custom)
2019-09-12 10:33:28,985 [pool-157-thread-1] INFO  server.RaftServerConfigKeys (ConfUtils.java:logGet(43)) - raft.server.sleep.deviation.threshold = 300 (default)
2019-09-12 10:33:28,985 [pool-157-thread-1] INFO  server.RaftServerConfigKeys (ConfUtils.java:logGet(43)) - raft.server.log.appender.install.snapshot.enabled = false (custom)
2019-09-12 10:33:28,985 [pool-157-thread-1] INFO  impl.RaftServerImpl (ServerState.java:<init>(105)) - afdb29cf-c3b8-498d-8640-0d0c0297edd0:group-CF2AB5F1198C ConfigurationManager, init=-1: [afdb29cf-c3b8-498d-8640-0d0c0297edd0:192.168.157.195:42480], old=null, confs=<EMPTY_MAP>
2019-09-12 10:33:28,985 [pool-157-thread-1] INFO  server.RaftServerConfigKeys (ConfUtils.java:logGet(43)) - raft.server.storage.dir = [/workdir/hadoop-ozone/integration-test/target/test-dir/MiniOzoneClusterImpl-2d656029-9dde-45a3-b7cd-f2d738c2cb44/datanode-3/data/ratis] (custom)
2019-09-12 10:33:28,986 [pool-157-thread-1] INFO  storage.RaftStorageDirectory (RaftStorageDirectory.java:analyzeStorage(246)) - The storage directory /workdir/hadoop-ozone/integration-test/target/test-dir/MiniOzoneClusterImpl-2d656029-9dde-45a3-b7cd-f2d738c2cb44/datanode-3/data/ratis/fd1bac9f-9015-4d0f-bb59-cf2ab5f1198c does not exist. Creating ...
2019-09-12 10:33:28,999 [pool-157-thread-1] INFO  storage.RaftStorageDirectory (RaftStorageDirectory.java:tryLock(328)) - Lock on /workdir/hadoop-ozone/integration-test/target/test-dir/MiniOzoneClusterImpl-2d656029-9dde-45a3-b7cd-f2d738c2cb44/datanode-3/data/ratis/fd1bac9f-9015-4d0f-bb59-cf2ab5f1198c/in_use.lock acquired by nodename 32653@pr-hdds-1569-xtfnx-3545843844
2019-09-12 10:33:29,012 [pool-157-thread-1] INFO  storage.RaftStorage (RaftStorage.java:format(72)) - Storage directory /workdir/hadoop-ozone/integration-test/target/test-dir/MiniOzoneClusterImpl-2d656029-9dde-45a3-b7cd-f2d738c2cb44/datanode-3/data/ratis/fd1bac9f-9015-4d0f-bb59-cf2ab5f1198c has been successfully formatted.
2019-09-12 10:33:29,012 [pool-157-thread-1] INFO  ratis.ContainerStateMachine (ContainerStateMachine.java:loadSnapshot(226)) - group-CF2AB5F1198C: The snapshot info is null. Setting the last applied indexto:(t:0, i:~)
2019-09-12 10:33:29,012 [pool-157-thread-1] INFO  server.RaftServerConfigKeys (ConfUtils.java:logGet(43)) - raft.server.leader.election.timeout = 120s (custom)
2019-09-12 10:33:29,012 [pool-157-thread-1] INFO  server.RaftServerConfigKeys (ConfUtils.java:logGet(43)) - raft.server.log.use.memory = false (default)
2019-09-12 10:33:29,013 [pool-157-thread-1] INFO  server.RaftServerConfigKeys (ConfUtils.java:logGet(43)) - raft.server.log.purge.gap = 1000000 (custom)
2019-09-12 10:33:29,013 [pool-157-thread-1] INFO  server.RaftServerConfigKeys (ConfUtils.java:logGet(43)) - raft.server.log.appender.buffer.byte-limit = 33554432 (custom)
2019-09-12 10:33:29,013 [pool-157-thread-1] INFO  server.RaftServerConfigKeys (ConfUtils.java:logGet(43)) - raft.server.log.segment.size.max = 1048576 (custom)
2019-09-12 10:33:29,013 [pool-157-thread-1] INFO  server.RaftServerConfigKeys (ConfUtils.java:logGet(43)) - raft.server.log.segment.cache.num.max = 2 (custom)
2019-09-12 10:33:29,013 [pool-157-thread-1] INFO  segmented.SegmentedRaftLogWorker (SegmentedRaftLogWorker.java:<init>(172)) - new afdb29cf-c3b8-498d-8640-0d0c0297edd0-SegmentedRaftLogWorker:Storage Directory /workdir/hadoop-ozone/integration-test/target/test-dir/MiniOzoneClusterImpl-2d656029-9dde-45a3-b7cd-f2d738c2cb44/datanode-3/data/ratis/fd1bac9f-9015-4d0f-bb59-cf2ab5f1198c for RaftStorage:Storage Directory /workdir/hadoop-ozone/integration-test/target/test-dir/MiniOzoneClusterImpl-2d656029-9dde-45a3-b7cd-f2d738c2cb44/datanode-3/data/ratis/fd1bac9f-9015-4d0f-bb59-cf2ab5f1198c
2019-09-12 10:33:29,013 [pool-157-thread-1] INFO  server.RaftServerConfigKeys (ConfUtils.java:logGet(43)) - raft.server.log.queue.byte-limit = 2147483647 (custom)
2019-09-12 10:33:29,013 [pool-157-thread-1] INFO  server.RaftServerConfigKeys (ConfUtils.java:logGet(43)) - raft.server.log.queue.element-limit = 1024 (custom)
2019-09-12 10:33:29,014 [pool-157-thread-1] INFO  server.RaftServerConfigKeys (ConfUtils.java:logGet(43)) - raft.server.log.segment.size.max = 1048576 (custom)
2019-09-12 10:33:29,014 [pool-157-thread-1] INFO  server.RaftServerConfigKeys (ConfUtils.java:logGet(43)) - raft.server.log.preallocated.size = 16384 (custom)
2019-09-12 10:33:29,014 [pool-157-thread-1] INFO  server.RaftServerConfigKeys (ConfUtils.java:logGet(43)) - raft.server.log.write.buffer.size = 33554432 (custom)
2019-09-12 10:33:29,014 [pool-157-thread-1] INFO  server.RaftServerConfigKeys (ConfUtils.java:logGet(43)) - raft.server.log.force.sync.num = 128 (default)
2019-09-12 10:33:29,014 [pool-157-thread-1] INFO  server.RaftServerConfigKeys (ConfUtils.java:logGet(43)) - raft.server.log.statemachine.data.sync = true (default)
2019-09-12 10:33:29,014 [pool-157-thread-1] INFO  server.RaftServerConfigKeys (ConfUtils.java:logGet(43)) - raft.server.log.statemachine.data.sync.timeout = 10s (default)
2019-09-12 10:33:29,014 [pool-157-thread-1] INFO  server.RaftServerConfigKeys (ConfUtils.java:logGet(43)) - raft.server.log.statemachine.data.sync.timeout.retry = -1 (default)
2019-09-12 10:33:29,014 [pool-157-thread-1] INFO  server.RaftServerConfigKeys (ConfUtils.java:logGet(43)) - raft.server.log.statemachine.data.caching.enabled = true (custom)
2019-09-12 10:33:29,015 [pool-157-thread-1] INFO  segmented.SegmentedRaftLogWorker (SegmentedRaftLogWorker.java:lambda$new$0(132)) - afdb29cf-c3b8-498d-8640-0d0c0297edd0-SegmentedRaftLogWorker:Storage Directory /workdir/hadoop-ozone/integration-test/target/test-dir/MiniOzoneClusterImpl-2d656029-9dde-45a3-b7cd-f2d738c2cb44/datanode-3/data/ratis/fd1bac9f-9015-4d0f-bb59-cf2ab5f1198c: flushIndex: setUnconditionally 0 -> -1
2019-09-12 10:33:29,015 [pool-157-thread-1] INFO  server.RaftServerConfigKeys (ConfUtils.java:logGet(43)) - raft.server.snapshot.auto.trigger.enabled = true (custom)
2019-09-12 10:33:29,015 [pool-157-thread-1] INFO  server.RaftServerConfigKeys (ConfUtils.java:logGet(43)) - raft.server.snapshot.auto.trigger.threshold = 10000 (custom)
2019-09-12 10:33:29,015 [pool-157-thread-1] INFO  server.RaftServerConfigKeys (ConfUtils.java:logGet(43)) - raft.server.retrycache.expirytime = 600000ms (custom)
2019-09-12 10:33:29,016 [pool-157-thread-1] INFO  impl.RaftServerImpl (RaftServerImpl.java:start(180)) - afdb29cf-c3b8-498d-8640-0d0c0297edd0: start group-CF2AB5F1198C
2019-09-12 10:33:29,016 [pool-157-thread-1] INFO  impl.RaftServerImpl (RaftServerImpl.java:setRole(171)) - afdb29cf-c3b8-498d-8640-0d0c0297edd0:group-CF2AB5F1198C changes role from null to FOLLOWER at term 0 for startAsFollower
2019-09-12 10:33:29,016 [pool-157-thread-1] INFO  impl.RoleInfo (RoleInfo.java:updateAndGet(143)) - afdb29cf-c3b8-498d-8640-0d0c0297edd0: start FollowerState
2019-09-12 10:33:29,016 [pool-157-thread-1] INFO  util.JmxRegister (JmxRegister.java:tryRegister(44)) - Successfully registered JMX Bean with object name Ratis:service=RaftServer,group=group-CF2AB5F1198C,id=afdb29cf-c3b8-498d-8640-0d0c0297edd0
2019-09-12 10:33:29,019 [RatisPipelineUtilsThread] INFO  pipeline.PipelineStateManager (PipelineStateManager.java:addPipeline(56)) - Created pipeline Pipeline[ Id: fd1bac9f-9015-4d0f-bb59-cf2ab5f1198c, Nodes: afdb29cf-c3b8-498d-8640-0d0c0297edd0{ip: 192.168.157.195, host: pr-hdds-1569-xtfnx-3545843844, networkLocation: /default-rack, certSerialId: null}, Type:RATIS, Factor:ONE, State:OPEN]
2019-09-12 10:33:29,020 [RatisPipelineUtilsThread] ERROR pipeline.PipelinePlacementPolicy (PipelinePlacementPolicy.java:meetCriteria(91)) - Pipeline Placement: Doesn't meet the criteria to be viable node. Heaviness: 6
2019-09-12 10:33:29,020 [RatisPipelineUtilsThread] ERROR pipeline.PipelinePlacementPolicy (PipelinePlacementPolicy.java:meetCriteria(91)) - Pipeline Placement: Doesn't meet the criteria to be viable node. Heaviness: 6
2019-09-12 10:33:29,021 [RatisPipelineUtilsThread] ERROR pipeline.PipelinePlacementPolicy (PipelinePlacementPolicy.java:meetCriteria(91)) - Pipeline Placement: Doesn't meet the criteria to be viable node. Heaviness: 6
2019-09-12 10:33:29,021 [RatisPipelineUtilsThread] ERROR pipeline.PipelinePlacementPolicy (PipelinePlacementPolicy.java:meetCriteria(91)) - Pipeline Placement: Doesn't meet the criteria to be viable node. Heaviness: 6
2019-09-12 10:33:29,021 [RatisPipelineUtilsThread] ERROR pipeline.PipelinePlacementPolicy (PipelinePlacementPolicy.java:meetCriteria(91)) - Pipeline Placement: Doesn't meet the criteria to be viable node. Heaviness: 6
2019-09-12 10:33:29,027 [grpc-default-executor-0] INFO  impl.RaftServerProxy (RaftServerProxy.java:addNew(89)) - 23027111-0173-428f-b853-b511524375b8: addNew group-6E6531F79FDA:[23027111-0173-428f-b853-b511524375b8:192.168.157.195:36891] returns group-6E6531F79FDA:java.util.concurrent.CompletableFuture@5080610c[Not completed]
2019-09-12 10:33:29,028 [pool-179-thread-1] INFO  impl.RaftServerImpl (RaftServerImpl.java:<init>(93)) - 23027111-0173-428f-b853-b511524375b8: new RaftServerImpl for group-6E6531F79FDA:[23027111-0173-428f-b853-b511524375b8:192.168.157.195:36891] with ContainerStateMachine:uninitialized
2019-09-12 10:33:29,028 [pool-179-thread-1] INFO  server.RaftServerConfigKeys (ConfUtils.java:logGet(43)) - raft.server.rpc.timeout.min = 5s (custom)
2019-09-12 10:33:29,028 [pool-179-thread-1] INFO  server.RaftServerConfigKeys (ConfUtils.java:logGet(43)) - raft.server.rpc.timeout.max = 5200ms (custom)
2019-09-12 10:33:29,029 [pool-179-thread-1] INFO  server.RaftServerConfigKeys (ConfUtils.java:logGet(43)) - raft.server.rpcslowness.timeout = 120s (custom)
2019-09-12 10:33:29,029 [pool-179-thread-1] INFO  server.RaftServerConfigKeys (ConfUtils.java:logGet(43)) - raft.server.sleep.deviation.threshold = 300 (default)
2019-09-12 10:33:29,029 [pool-179-thread-1] INFO  server.RaftServerConfigKeys (ConfUtils.java:logGet(43)) - raft.server.log.appender.install.snapshot.enabled = false (custom)
2019-09-12 10:33:29,029 [pool-179-thread-1] INFO  impl.RaftServerImpl (ServerState.java:<init>(105)) - 23027111-0173-428f-b853-b511524375b8:group-6E6531F79FDA ConfigurationManager, init=-1: [23027111-0173-428f-b853-b511524375b8:192.168.157.195:36891], old=null, confs=<EMPTY_MAP>
2019-09-12 10:33:29,029 [pool-179-thread-1] INFO  server.RaftServerConfigKeys (ConfUtils.java:logGet(43)) - raft.server.storage.dir = [/workdir/hadoop-ozone/integration-test/target/test-dir/MiniOzoneClusterImpl-2d656029-9dde-45a3-b7cd-f2d738c2cb44/datanode-5/data/ratis] (custom)
2019-09-12 10:33:29,029 [pool-179-thread-1] INFO  storage.RaftStorageDirectory (RaftStorageDirectory.java:analyzeStorage(246)) - The storage directory /workdir/hadoop-ozone/integration-test/target/test-dir/MiniOzoneClusterImpl-2d656029-9dde-45a3-b7cd-f2d738c2cb44/datanode-5/data/ratis/53096c26-26e3-4418-9874-6e6531f79fda does not exist. Creating ...
2019-09-12 10:33:29,042 [pool-179-thread-1] INFO  storage.RaftStorageDirectory (RaftStorageDirectory.java:tryLock(328)) - Lock on /workdir/hadoop-ozone/integration-test/target/test-dir/MiniOzoneClusterImpl-2d656029-9dde-45a3-b7cd-f2d738c2cb44/datanode-5/data/ratis/53096c26-26e3-4418-9874-6e6531f79fda/in_use.lock acquired by nodename 32653@pr-hdds-1569-xtfnx-3545843844
2019-09-12 10:33:29,071 [pool-179-thread-1] INFO  storage.RaftStorage (RaftStorage.java:format(72)) - Storage directory /workdir/hadoop-ozone/integration-test/target/test-dir/MiniOzoneClusterImpl-2d656029-9dde-45a3-b7cd-f2d738c2cb44/datanode-5/data/ratis/53096c26-26e3-4418-9874-6e6531f79fda has been successfully formatted.
2019-09-12 10:33:29,071 [pool-179-thread-1] INFO  ratis.ContainerStateMachine (ContainerStateMachine.java:loadSnapshot(226)) - group-6E6531F79FDA: The snapshot info is null. Setting the last applied indexto:(t:0, i:~)
2019-09-12 10:33:29,071 [pool-179-thread-1] INFO  server.RaftServerConfigKeys (ConfUtils.java:logGet(43)) - raft.server.leader.election.timeout = 120s (custom)
2019-09-12 10:33:29,071 [pool-179-thread-1] INFO  server.RaftServerConfigKeys (ConfUtils.java:logGet(43)) - raft.server.log.use.memory = false (default)
2019-09-12 10:33:29,072 [pool-179-thread-1] INFO  server.RaftServerConfigKeys (ConfUtils.java:logGet(43)) - raft.server.log.purge.gap = 1000000 (custom)
2019-09-12 10:33:29,072 [pool-179-thread-1] INFO  server.RaftServerConfigKeys (ConfUtils.java:logGet(43)) - raft.server.log.appender.buffer.byte-limit = 33554432 (custom)
2019-09-12 10:33:29,072 [pool-179-thread-1] INFO  server.RaftServerConfigKeys (ConfUtils.java:logGet(43)) - raft.server.log.segment.size.max = 1048576 (custom)
2019-09-12 10:33:29,072 [pool-179-thread-1] INFO  server.RaftServerConfigKeys (ConfUtils.java:logGet(43)) - raft.server.log.segment.cache.num.max = 2 (custom)
2019-09-12 10:33:29,072 [pool-179-thread-1] INFO  segmented.SegmentedRaftLogWorker (SegmentedRaftLogWorker.java:<init>(172)) - new 23027111-0173-428f-b853-b511524375b8-SegmentedRaftLogWorker:Storage Directory /workdir/hadoop-ozone/integration-test/target/test-dir/MiniOzoneClusterImpl-2d656029-9dde-45a3-b7cd-f2d738c2cb44/datanode-5/data/ratis/53096c26-26e3-4418-9874-6e6531f79fda for RaftStorage:Storage Directory /workdir/hadoop-ozone/integration-test/target/test-dir/MiniOzoneClusterImpl-2d656029-9dde-45a3-b7cd-f2d738c2cb44/datanode-5/data/ratis/53096c26-26e3-4418-9874-6e6531f79fda
2019-09-12 10:33:29,072 [pool-179-thread-1] INFO  server.RaftServerConfigKeys (ConfUtils.java:logGet(43)) - raft.server.log.queue.byte-limit = 2147483647 (custom)
2019-09-12 10:33:29,073 [pool-179-thread-1] INFO  server.RaftServerConfigKeys (ConfUtils.java:logGet(43)) - raft.server.log.queue.element-limit = 1024 (custom)
2019-09-12 10:33:29,073 [pool-179-thread-1] INFO  server.RaftServerConfigKeys (ConfUtils.java:logGet(43)) - raft.server.log.segment.size.max = 1048576 (custom)
2019-09-12 10:33:29,073 [pool-179-thread-1] INFO  server.RaftServerConfigKeys (ConfUtils.java:logGet(43)) - raft.server.log.preallocated.size = 16384 (custom)
2019-09-12 10:33:29,073 [pool-179-thread-1] INFO  server.RaftServerConfigKeys (ConfUtils.java:logGet(43)) - raft.server.log.write.buffer.size = 33554432 (custom)
2019-09-12 10:33:29,073 [pool-179-thread-1] INFO  server.RaftServerConfigKeys (ConfUtils.java:logGet(43)) - raft.server.log.force.sync.num = 128 (default)
2019-09-12 10:33:29,073 [pool-179-thread-1] INFO  server.RaftServerConfigKeys (ConfUtils.java:logGet(43)) - raft.server.log.statemachine.data.sync = true (default)
2019-09-12 10:33:29,073 [pool-179-thread-1] INFO  server.RaftServerConfigKeys (ConfUtils.java:logGet(43)) - raft.server.log.statemachine.data.sync.timeout = 10s (default)
2019-09-12 10:33:29,074 [pool-179-thread-1] INFO  server.RaftServerConfigKeys (ConfUtils.java:logGet(43)) - raft.server.log.statemachine.data.sync.timeout.retry = -1 (default)
2019-09-12 10:33:29,074 [pool-179-thread-1] INFO  server.RaftServerConfigKeys (ConfUtils.java:logGet(43)) - raft.server.log.statemachine.data.caching.enabled = true (custom)
2019-09-12 10:33:29,074 [pool-179-thread-1] INFO  segmented.SegmentedRaftLogWorker (SegmentedRaftLogWorker.java:lambda$new$0(132)) - 23027111-0173-428f-b853-b511524375b8-SegmentedRaftLogWorker:Storage Directory /workdir/hadoop-ozone/integration-test/target/test-dir/MiniOzoneClusterImpl-2d656029-9dde-45a3-b7cd-f2d738c2cb44/datanode-5/data/ratis/53096c26-26e3-4418-9874-6e6531f79fda: flushIndex: setUnconditionally 0 -> -1
2019-09-12 10:33:29,075 [pool-179-thread-1] INFO  server.RaftServerConfigKeys (ConfUtils.java:logGet(43)) - raft.server.snapshot.auto.trigger.enabled = true (custom)
2019-09-12 10:33:29,075 [pool-179-thread-1] INFO  server.RaftServerConfigKeys (ConfUtils.java:logGet(43)) - raft.server.snapshot.auto.trigger.threshold = 10000 (custom)
2019-09-12 10:33:29,075 [pool-179-thread-1] INFO  server.RaftServerConfigKeys (ConfUtils.java:logGet(43)) - raft.server.retrycache.expirytime = 600000ms (custom)
2019-09-12 10:33:29,075 [pool-179-thread-1] INFO  impl.RaftServerImpl (RaftServerImpl.java:start(180)) - 23027111-0173-428f-b853-b511524375b8: start group-6E6531F79FDA
2019-09-12 10:33:29,075 [pool-179-thread-1] INFO  impl.RaftServerImpl (RaftServerImpl.java:setRole(171)) - 23027111-0173-428f-b853-b511524375b8:group-6E6531F79FDA changes role from null to FOLLOWER at term 0 for startAsFollower
2019-09-12 10:33:29,075 [pool-179-thread-1] INFO  impl.RoleInfo (RoleInfo.java:updateAndGet(143)) - 23027111-0173-428f-b853-b511524375b8: start FollowerState
2019-09-12 10:33:29,076 [pool-179-thread-1] INFO  util.JmxRegister (JmxRegister.java:tryRegister(44)) - Successfully registered JMX Bean with object name Ratis:service=RaftServer,group=group-6E6531F79FDA,id=23027111-0173-428f-b853-b511524375b8
2019-09-12 10:33:29,079 [RatisPipelineUtilsThread] INFO  pipeline.PipelineStateManager (PipelineStateManager.java:addPipeline(56)) - Created pipeline Pipeline[ Id: 53096c26-26e3-4418-9874-6e6531f79fda, Nodes: 23027111-0173-428f-b853-b511524375b8{ip: 192.168.157.195, host: pr-hdds-1569-xtfnx-3545843844, networkLocation: /default-rack, certSerialId: null}, Type:RATIS, Factor:ONE, State:OPEN]
2019-09-12 10:33:29,079 [RatisPipelineUtilsThread] ERROR pipeline.PipelinePlacementPolicy (PipelinePlacementPolicy.java:meetCriteria(91)) - Pipeline Placement: Doesn't meet the criteria to be viable node. Heaviness: 6
2019-09-12 10:33:29,080 [RatisPipelineUtilsThread] ERROR pipeline.PipelinePlacementPolicy (PipelinePlacementPolicy.java:meetCriteria(91)) - Pipeline Placement: Doesn't meet the criteria to be viable node. Heaviness: 6
2019-09-12 10:33:29,080 [RatisPipelineUtilsThread] ERROR pipeline.PipelinePlacementPolicy (PipelinePlacementPolicy.java:meetCriteria(91)) - Pipeline Placement: Doesn't meet the criteria to be viable node. Heaviness: 6
2019-09-12 10:33:29,080 [RatisPipelineUtilsThread] ERROR pipeline.PipelinePlacementPolicy (PipelinePlacementPolicy.java:meetCriteria(91)) - Pipeline Placement: Doesn't meet the criteria to be viable node. Heaviness: 6
2019-09-12 10:33:29,080 [RatisPipelineUtilsThread] ERROR pipeline.PipelinePlacementPolicy (PipelinePlacementPolicy.java:meetCriteria(91)) - Pipeline Placement: Doesn't meet the criteria to be viable node. Heaviness: 6
2019-09-12 10:33:29,086 [grpc-default-executor-0] INFO  impl.RaftServerProxy (RaftServerProxy.java:addNew(89)) - 23027111-0173-428f-b853-b511524375b8: addNew group-8A6207B13856:[23027111-0173-428f-b853-b511524375b8:192.168.157.195:36891] returns group-8A6207B13856:java.util.concurrent.CompletableFuture@25b726a7[Not completed]
2019-09-12 10:33:29,088 [pool-179-thread-1] INFO  impl.RaftServerImpl (RaftServerImpl.java:<init>(93)) - 23027111-0173-428f-b853-b511524375b8: new RaftServerImpl for group-8A6207B13856:[23027111-0173-428f-b853-b511524375b8:192.168.157.195:36891] with ContainerStateMachine:uninitialized
2019-09-12 10:33:29,088 [pool-179-thread-1] INFO  server.RaftServerConfigKeys (ConfUtils.java:logGet(43)) - raft.server.rpc.timeout.min = 5s (custom)
2019-09-12 10:33:29,088 [pool-179-thread-1] INFO  server.RaftServerConfigKeys (ConfUtils.java:logGet(43)) - raft.server.rpc.timeout.max = 5200ms (custom)
2019-09-12 10:33:29,088 [pool-179-thread-1] INFO  server.RaftServerConfigKeys (ConfUtils.java:logGet(43)) - raft.server.rpcslowness.timeout = 120s (custom)
2019-09-12 10:33:29,088 [pool-179-thread-1] INFO  server.RaftServerConfigKeys (ConfUtils.java:logGet(43)) - raft.server.sleep.deviation.threshold = 300 (default)
2019-09-12 10:33:29,088 [pool-179-thread-1] INFO  server.RaftServerConfigKeys (ConfUtils.java:logGet(43)) - raft.server.log.appender.install.snapshot.enabled = false (custom)
2019-09-12 10:33:29,088 [pool-179-thread-1] INFO  impl.RaftServerImpl (ServerState.java:<init>(105)) - 23027111-0173-428f-b853-b511524375b8:group-8A6207B13856 ConfigurationManager, init=-1: [23027111-0173-428f-b853-b511524375b8:192.168.157.195:36891], old=null, confs=<EMPTY_MAP>
2019-09-12 10:33:29,088 [pool-179-thread-1] INFO  server.RaftServerConfigKeys (ConfUtils.java:logGet(43)) - raft.server.storage.dir = [/workdir/hadoop-ozone/integration-test/target/test-dir/MiniOzoneClusterImpl-2d656029-9dde-45a3-b7cd-f2d738c2cb44/datanode-5/data/ratis] (custom)
2019-09-12 10:33:29,089 [pool-179-thread-1] INFO  storage.RaftStorageDirectory (RaftStorageDirectory.java:analyzeStorage(246)) - The storage directory /workdir/hadoop-ozone/integration-test/target/test-dir/MiniOzoneClusterImpl-2d656029-9dde-45a3-b7cd-f2d738c2cb44/datanode-5/data/ratis/9eaab7cd-262c-4e38-9ca8-8a6207b13856 does not exist. Creating ...
2019-09-12 10:33:29,102 [pool-179-thread-1] INFO  storage.RaftStorageDirectory (RaftStorageDirectory.java:tryLock(328)) - Lock on /workdir/hadoop-ozone/integration-test/target/test-dir/MiniOzoneClusterImpl-2d656029-9dde-45a3-b7cd-f2d738c2cb44/datanode-5/data/ratis/9eaab7cd-262c-4e38-9ca8-8a6207b13856/in_use.lock acquired by nodename 32653@pr-hdds-1569-xtfnx-3545843844
2019-09-12 10:33:29,115 [pool-179-thread-1] INFO  storage.RaftStorage (RaftStorage.java:format(72)) - Storage directory /workdir/hadoop-ozone/integration-test/target/test-dir/MiniOzoneClusterImpl-2d656029-9dde-45a3-b7cd-f2d738c2cb44/datanode-5/data/ratis/9eaab7cd-262c-4e38-9ca8-8a6207b13856 has been successfully formatted.
2019-09-12 10:33:29,115 [pool-179-thread-1] INFO  ratis.ContainerStateMachine (ContainerStateMachine.java:loadSnapshot(226)) - group-8A6207B13856: The snapshot info is null. Setting the last applied indexto:(t:0, i:~)
2019-09-12 10:33:29,116 [pool-179-thread-1] INFO  server.RaftServerConfigKeys (ConfUtils.java:logGet(43)) - raft.server.leader.election.timeout = 120s (custom)
2019-09-12 10:33:29,116 [pool-179-thread-1] INFO  server.RaftServerConfigKeys (ConfUtils.java:logGet(43)) - raft.server.log.use.memory = false (default)
2019-09-12 10:33:29,116 [pool-179-thread-1] INFO  server.RaftServerConfigKeys (ConfUtils.java:logGet(43)) - raft.server.log.purge.gap = 1000000 (custom)
2019-09-12 10:33:29,116 [pool-179-thread-1] INFO  server.RaftServerConfigKeys (ConfUtils.java:logGet(43)) - raft.server.log.appender.buffer.byte-limit = 33554432 (custom)
2019-09-12 10:33:29,116 [pool-179-thread-1] INFO  server.RaftServerConfigKeys (ConfUtils.java:logGet(43)) - raft.server.log.segment.size.max = 1048576 (custom)
2019-09-12 10:33:29,116 [pool-179-thread-1] INFO  server.RaftServerConfigKeys (ConfUtils.java:logGet(43)) - raft.server.log.segment.cache.num.max = 2 (custom)
2019-09-12 10:33:29,116 [pool-179-thread-1] INFO  segmented.SegmentedRaftLogWorker (SegmentedRaftLogWorker.java:<init>(172)) - new 23027111-0173-428f-b853-b511524375b8-SegmentedRaftLogWorker:Storage Directory /workdir/hadoop-ozone/integration-test/target/test-dir/MiniOzoneClusterImpl-2d656029-9dde-45a3-b7cd-f2d738c2cb44/datanode-5/data/ratis/9eaab7cd-262c-4e38-9ca8-8a6207b13856 for RaftStorage:Storage Directory /workdir/hadoop-ozone/integration-test/target/test-dir/MiniOzoneClusterImpl-2d656029-9dde-45a3-b7cd-f2d738c2cb44/datanode-5/data/ratis/9eaab7cd-262c-4e38-9ca8-8a6207b13856
2019-09-12 10:33:29,117 [pool-179-thread-1] INFO  server.RaftServerConfigKeys (ConfUtils.java:logGet(43)) - raft.server.log.queue.byte-limit = 2147483647 (custom)
2019-09-12 10:33:29,117 [pool-179-thread-1] INFO  server.RaftServerConfigKeys (ConfUtils.java:logGet(43)) - raft.server.log.queue.element-limit = 1024 (custom)
2019-09-12 10:33:29,117 [pool-179-thread-1] INFO  server.RaftServerConfigKeys (ConfUtils.java:logGet(43)) - raft.server.log.segment.size.max = 1048576 (custom)
2019-09-12 10:33:29,117 [pool-179-thread-1] INFO  server.RaftServerConfigKeys (ConfUtils.java:logGet(43)) - raft.server.log.preallocated.size = 16384 (custom)
2019-09-12 10:33:29,117 [pool-179-thread-1] INFO  server.RaftServerConfigKeys (ConfUtils.java:logGet(43)) - raft.server.log.write.buffer.size = 33554432 (custom)
2019-09-12 10:33:29,117 [pool-179-thread-1] INFO  server.RaftServerConfigKeys (ConfUtils.java:logGet(43)) - raft.server.log.force.sync.num = 128 (default)
2019-09-12 10:33:29,117 [pool-179-thread-1] INFO  server.RaftServerConfigKeys (ConfUtils.java:logGet(43)) - raft.server.log.statemachine.data.sync = true (default)
2019-09-12 10:33:29,117 [pool-179-thread-1] INFO  server.RaftServerConfigKeys (ConfUtils.java:logGet(43)) - raft.server.log.statemachine.data.sync.timeout = 10s (default)
2019-09-12 10:33:29,118 [pool-179-thread-1] INFO  server.RaftServerConfigKeys (ConfUtils.java:logGet(43)) - raft.server.log.statemachine.data.sync.timeout.retry = -1 (default)
2019-09-12 10:33:29,118 [pool-179-thread-1] INFO  server.RaftServerConfigKeys (ConfUtils.java:logGet(43)) - raft.server.log.statemachine.data.caching.enabled = true (custom)
2019-09-12 10:33:29,118 [pool-179-thread-1] INFO  segmented.SegmentedRaftLogWorker (SegmentedRaftLogWorker.java:lambda$new$0(132)) - 23027111-0173-428f-b853-b511524375b8-SegmentedRaftLogWorker:Storage Directory /workdir/hadoop-ozone/integration-test/target/test-dir/MiniOzoneClusterImpl-2d656029-9dde-45a3-b7cd-f2d738c2cb44/datanode-5/data/ratis/9eaab7cd-262c-4e38-9ca8-8a6207b13856: flushIndex: setUnconditionally 0 -> -1
2019-09-12 10:33:29,118 [pool-179-thread-1] INFO  server.RaftServerConfigKeys (ConfUtils.java:logGet(43)) - raft.server.snapshot.auto.trigger.enabled = true (custom)
2019-09-12 10:33:29,119 [pool-179-thread-1] INFO  server.RaftServerConfigKeys (ConfUtils.java:logGet(43)) - raft.server.snapshot.auto.trigger.threshold = 10000 (custom)
2019-09-12 10:33:29,119 [pool-179-thread-1] INFO  server.RaftServerConfigKeys (ConfUtils.java:logGet(43)) - raft.server.retrycache.expirytime = 600000ms (custom)
2019-09-12 10:33:29,119 [pool-179-thread-1] INFO  impl.RaftServerImpl (RaftServerImpl.java:start(180)) - 23027111-0173-428f-b853-b511524375b8: start group-8A6207B13856
2019-09-12 10:33:29,119 [pool-179-thread-1] INFO  impl.RaftServerImpl (RaftServerImpl.java:setRole(171)) - 23027111-0173-428f-b853-b511524375b8:group-8A6207B13856 changes role from null to FOLLOWER at term 0 for startAsFollower
2019-09-12 10:33:29,119 [pool-179-thread-1] INFO  impl.RoleInfo (RoleInfo.java:updateAndGet(143)) - 23027111-0173-428f-b853-b511524375b8: start FollowerState
2019-09-12 10:33:29,120 [pool-179-thread-1] INFO  util.JmxRegister (JmxRegister.java:tryRegister(44)) - Successfully registered JMX Bean with object name Ratis:service=RaftServer,group=group-8A6207B13856,id=23027111-0173-428f-b853-b511524375b8
2019-09-12 10:33:29,122 [RatisPipelineUtilsThread] INFO  pipeline.PipelineStateManager (PipelineStateManager.java:addPipeline(56)) - Created pipeline Pipeline[ Id: 9eaab7cd-262c-4e38-9ca8-8a6207b13856, Nodes: 23027111-0173-428f-b853-b511524375b8{ip: 192.168.157.195, host: pr-hdds-1569-xtfnx-3545843844, networkLocation: /default-rack, certSerialId: null}, Type:RATIS, Factor:ONE, State:OPEN]
2019-09-12 10:33:29,123 [RatisPipelineUtilsThread] ERROR pipeline.PipelinePlacementPolicy (PipelinePlacementPolicy.java:meetCriteria(91)) - Pipeline Placement: Doesn't meet the criteria to be viable node. Heaviness: 6
2019-09-12 10:33:29,123 [RatisPipelineUtilsThread] ERROR pipeline.PipelinePlacementPolicy (PipelinePlacementPolicy.java:meetCriteria(91)) - Pipeline Placement: Doesn't meet the criteria to be viable node. Heaviness: 6
2019-09-12 10:33:29,123 [RatisPipelineUtilsThread] ERROR pipeline.PipelinePlacementPolicy (PipelinePlacementPolicy.java:meetCriteria(91)) - Pipeline Placement: Doesn't meet the criteria to be viable node. Heaviness: 6
2019-09-12 10:33:29,123 [RatisPipelineUtilsThread] ERROR pipeline.PipelinePlacementPolicy (PipelinePlacementPolicy.java:meetCriteria(91)) - Pipeline Placement: Doesn't meet the criteria to be viable node. Heaviness: 6
2019-09-12 10:33:29,123 [RatisPipelineUtilsThread] ERROR pipeline.PipelinePlacementPolicy (PipelinePlacementPolicy.java:meetCriteria(91)) - Pipeline Placement: Doesn't meet the criteria to be viable node. Heaviness: 6
2019-09-12 10:33:29,133 [grpc-default-executor-0] INFO  impl.RaftServerProxy (RaftServerProxy.java:addNew(89)) - 2936a8fb-498a-4f06-abab-ab51bafc30e4: addNew group-4C01FE35631A:[2936a8fb-498a-4f06-abab-ab51bafc30e4:192.168.157.195:46079] returns group-4C01FE35631A:java.util.concurrent.CompletableFuture@4ea30525[Not completed]
2019-09-12 10:33:29,137 [pool-190-thread-1] INFO  impl.RaftServerImpl (RaftServerImpl.java:<init>(93)) - 2936a8fb-498a-4f06-abab-ab51bafc30e4: new RaftServerImpl for group-4C01FE35631A:[2936a8fb-498a-4f06-abab-ab51bafc30e4:192.168.157.195:46079] with ContainerStateMachine:uninitialized
2019-09-12 10:33:29,137 [pool-190-thread-1] INFO  server.RaftServerConfigKeys (ConfUtils.java:logGet(43)) - raft.server.rpc.timeout.min = 5s (custom)
2019-09-12 10:33:29,137 [pool-190-thread-1] INFO  server.RaftServerConfigKeys (ConfUtils.java:logGet(43)) - raft.server.rpc.timeout.max = 5200ms (custom)
2019-09-12 10:33:29,137 [pool-190-thread-1] INFO  server.RaftServerConfigKeys (ConfUtils.java:logGet(43)) - raft.server.rpcslowness.timeout = 120s (custom)
2019-09-12 10:33:29,138 [pool-190-thread-1] INFO  server.RaftServerConfigKeys (ConfUtils.java:logGet(43)) - raft.server.sleep.deviation.threshold = 300 (default)
2019-09-12 10:33:29,138 [pool-190-thread-1] INFO  server.RaftServerConfigKeys (ConfUtils.java:logGet(43)) - raft.server.log.appender.install.snapshot.enabled = false (custom)
2019-09-12 10:33:29,138 [pool-190-thread-1] INFO  impl.RaftServerImpl (ServerState.java:<init>(105)) - 2936a8fb-498a-4f06-abab-ab51bafc30e4:group-4C01FE35631A ConfigurationManager, init=-1: [2936a8fb-498a-4f06-abab-ab51bafc30e4:192.168.157.195:46079], old=null, confs=<EMPTY_MAP>
2019-09-12 10:33:29,138 [pool-190-thread-1] INFO  server.RaftServerConfigKeys (ConfUtils.java:logGet(43)) - raft.server.storage.dir = [/workdir/hadoop-ozone/integration-test/target/test-dir/MiniOzoneClusterImpl-2d656029-9dde-45a3-b7cd-f2d738c2cb44/datanode-6/data/ratis] (custom)
2019-09-12 10:33:29,139 [pool-190-thread-1] INFO  storage.RaftStorageDirectory (RaftStorageDirectory.java:analyzeStorage(246)) - The storage directory /workdir/hadoop-ozone/integration-test/target/test-dir/MiniOzoneClusterImpl-2d656029-9dde-45a3-b7cd-f2d738c2cb44/datanode-6/data/ratis/21261f97-3d75-4d7e-847d-4c01fe35631a does not exist. Creating ...
2019-09-12 10:33:29,152 [pool-190-thread-1] INFO  storage.RaftStorageDirectory (RaftStorageDirectory.java:tryLock(328)) - Lock on /workdir/hadoop-ozone/integration-test/target/test-dir/MiniOzoneClusterImpl-2d656029-9dde-45a3-b7cd-f2d738c2cb44/datanode-6/data/ratis/21261f97-3d75-4d7e-847d-4c01fe35631a/in_use.lock acquired by nodename 32653@pr-hdds-1569-xtfnx-3545843844
2019-09-12 10:33:29,166 [pool-190-thread-1] INFO  storage.RaftStorage (RaftStorage.java:format(72)) - Storage directory /workdir/hadoop-ozone/integration-test/target/test-dir/MiniOzoneClusterImpl-2d656029-9dde-45a3-b7cd-f2d738c2cb44/datanode-6/data/ratis/21261f97-3d75-4d7e-847d-4c01fe35631a has been successfully formatted.
2019-09-12 10:33:29,166 [pool-190-thread-1] INFO  ratis.ContainerStateMachine (ContainerStateMachine.java:loadSnapshot(226)) - group-4C01FE35631A: The snapshot info is null. Setting the last applied indexto:(t:0, i:~)
2019-09-12 10:33:29,166 [pool-190-thread-1] INFO  server.RaftServerConfigKeys (ConfUtils.java:logGet(43)) - raft.server.leader.election.timeout = 120s (custom)
2019-09-12 10:33:29,167 [pool-190-thread-1] INFO  server.RaftServerConfigKeys (ConfUtils.java:logGet(43)) - raft.server.log.use.memory = false (default)
2019-09-12 10:33:29,167 [pool-190-thread-1] INFO  server.RaftServerConfigKeys (ConfUtils.java:logGet(43)) - raft.server.log.purge.gap = 1000000 (custom)
2019-09-12 10:33:29,167 [pool-190-thread-1] INFO  server.RaftServerConfigKeys (ConfUtils.java:logGet(43)) - raft.server.log.appender.buffer.byte-limit = 33554432 (custom)
2019-09-12 10:33:29,167 [pool-190-thread-1] INFO  server.RaftServerConfigKeys (ConfUtils.java:logGet(43)) - raft.server.log.segment.size.max = 1048576 (custom)
2019-09-12 10:33:29,167 [pool-190-thread-1] INFO  server.RaftServerConfigKeys (ConfUtils.java:logGet(43)) - raft.server.log.segment.cache.num.max = 2 (custom)
2019-09-12 10:33:29,167 [pool-190-thread-1] INFO  segmented.SegmentedRaftLogWorker (SegmentedRaftLogWorker.java:<init>(172)) - new 2936a8fb-498a-4f06-abab-ab51bafc30e4-SegmentedRaftLogWorker:Storage Directory /workdir/hadoop-ozone/integration-test/target/test-dir/MiniOzoneClusterImpl-2d656029-9dde-45a3-b7cd-f2d738c2cb44/datanode-6/data/ratis/21261f97-3d75-4d7e-847d-4c01fe35631a for RaftStorage:Storage Directory /workdir/hadoop-ozone/integration-test/target/test-dir/MiniOzoneClusterImpl-2d656029-9dde-45a3-b7cd-f2d738c2cb44/datanode-6/data/ratis/21261f97-3d75-4d7e-847d-4c01fe35631a
2019-09-12 10:33:29,168 [pool-190-thread-1] INFO  server.RaftServerConfigKeys (ConfUtils.java:logGet(43)) - raft.server.log.queue.byte-limit = 2147483647 (custom)
2019-09-12 10:33:29,168 [pool-190-thread-1] INFO  server.RaftServerConfigKeys (ConfUtils.java:logGet(43)) - raft.server.log.queue.element-limit = 1024 (custom)
2019-09-12 10:33:29,168 [pool-190-thread-1] INFO  server.RaftServerConfigKeys (ConfUtils.java:logGet(43)) - raft.server.log.segment.size.max = 1048576 (custom)
2019-09-12 10:33:29,168 [pool-190-thread-1] INFO  server.RaftServerConfigKeys (ConfUtils.java:logGet(43)) - raft.server.log.preallocated.size = 16384 (custom)
2019-09-12 10:33:29,168 [pool-190-thread-1] INFO  server.RaftServerConfigKeys (ConfUtils.java:logGet(43)) - raft.server.log.write.buffer.size = 33554432 (custom)
2019-09-12 10:33:29,169 [pool-190-thread-1] INFO  server.RaftServerConfigKeys (ConfUtils.java:logGet(43)) - raft.server.log.force.sync.num = 128 (default)
2019-09-12 10:33:29,169 [pool-190-thread-1] INFO  server.RaftServerConfigKeys (ConfUtils.java:logGet(43)) - raft.server.log.statemachine.data.sync = true (default)
2019-09-12 10:33:29,169 [pool-190-thread-1] INFO  server.RaftServerConfigKeys (ConfUtils.java:logGet(43)) - raft.server.log.statemachine.data.sync.timeout = 10s (default)
2019-09-12 10:33:29,169 [pool-190-thread-1] INFO  server.RaftServerConfigKeys (ConfUtils.java:logGet(43)) - raft.server.log.statemachine.data.sync.timeout.retry = -1 (default)
2019-09-12 10:33:29,169 [pool-190-thread-1] INFO  server.RaftServerConfigKeys (ConfUtils.java:logGet(43)) - raft.server.log.statemachine.data.caching.enabled = true (custom)
2019-09-12 10:33:29,170 [pool-190-thread-1] INFO  segmented.SegmentedRaftLogWorker (SegmentedRaftLogWorker.java:lambda$new$0(132)) - 2936a8fb-498a-4f06-abab-ab51bafc30e4-SegmentedRaftLogWorker:Storage Directory /workdir/hadoop-ozone/integration-test/target/test-dir/MiniOzoneClusterImpl-2d656029-9dde-45a3-b7cd-f2d738c2cb44/datanode-6/data/ratis/21261f97-3d75-4d7e-847d-4c01fe35631a: flushIndex: setUnconditionally 0 -> -1
2019-09-12 10:33:29,170 [pool-190-thread-1] INFO  server.RaftServerConfigKeys (ConfUtils.java:logGet(43)) - raft.server.snapshot.auto.trigger.enabled = true (custom)
2019-09-12 10:33:29,170 [pool-190-thread-1] INFO  server.RaftServerConfigKeys (ConfUtils.java:logGet(43)) - raft.server.snapshot.auto.trigger.threshold = 10000 (custom)
2019-09-12 10:33:29,170 [pool-190-thread-1] INFO  server.RaftServerConfigKeys (ConfUtils.java:logGet(43)) - raft.server.retrycache.expirytime = 600000ms (custom)
2019-09-12 10:33:29,171 [pool-190-thread-1] INFO  impl.RaftServerImpl (RaftServerImpl.java:start(180)) - 2936a8fb-498a-4f06-abab-ab51bafc30e4: start group-4C01FE35631A
2019-09-12 10:33:29,171 [pool-190-thread-1] INFO  impl.RaftServerImpl (RaftServerImpl.java:setRole(171)) - 2936a8fb-498a-4f06-abab-ab51bafc30e4:group-4C01FE35631A changes role from null to FOLLOWER at term 0 for startAsFollower
2019-09-12 10:33:29,171 [pool-190-thread-1] INFO  impl.RoleInfo (RoleInfo.java:updateAndGet(143)) - 2936a8fb-498a-4f06-abab-ab51bafc30e4: start FollowerState
2019-09-12 10:33:29,171 [pool-190-thread-1] INFO  util.JmxRegister (JmxRegister.java:tryRegister(44)) - Successfully registered JMX Bean with object name Ratis:service=RaftServer,group=group-4C01FE35631A,id=2936a8fb-498a-4f06-abab-ab51bafc30e4
2019-09-12 10:33:29,174 [RatisPipelineUtilsThread] INFO  pipeline.PipelineStateManager (PipelineStateManager.java:addPipeline(56)) - Created pipeline Pipeline[ Id: 21261f97-3d75-4d7e-847d-4c01fe35631a, Nodes: 2936a8fb-498a-4f06-abab-ab51bafc30e4{ip: 192.168.157.195, host: pr-hdds-1569-xtfnx-3545843844, networkLocation: /default-rack, certSerialId: null}, Type:RATIS, Factor:ONE, State:OPEN]
2019-09-12 10:33:29,175 [RatisPipelineUtilsThread] ERROR pipeline.PipelinePlacementPolicy (PipelinePlacementPolicy.java:meetCriteria(91)) - Pipeline Placement: Doesn't meet the criteria to be viable node. Heaviness: 6
2019-09-12 10:33:29,175 [RatisPipelineUtilsThread] ERROR pipeline.PipelinePlacementPolicy (PipelinePlacementPolicy.java:meetCriteria(91)) - Pipeline Placement: Doesn't meet the criteria to be viable node. Heaviness: 6
2019-09-12 10:33:29,176 [RatisPipelineUtilsThread] ERROR pipeline.PipelinePlacementPolicy (PipelinePlacementPolicy.java:meetCriteria(91)) - Pipeline Placement: Doesn't meet the criteria to be viable node. Heaviness: 6
2019-09-12 10:33:29,176 [RatisPipelineUtilsThread] ERROR pipeline.PipelinePlacementPolicy (PipelinePlacementPolicy.java:meetCriteria(91)) - Pipeline Placement: Doesn't meet the criteria to be viable node. Heaviness: 6
2019-09-12 10:33:29,176 [RatisPipelineUtilsThread] ERROR pipeline.PipelinePlacementPolicy (PipelinePlacementPolicy.java:meetCriteria(91)) - Pipeline Placement: Doesn't meet the criteria to be viable node. Heaviness: 6
2019-09-12 10:33:29,182 [grpc-default-executor-0] INFO  impl.RaftServerProxy (RaftServerProxy.java:addNew(89)) - 2936a8fb-498a-4f06-abab-ab51bafc30e4: addNew group-9693B909AE44:[2936a8fb-498a-4f06-abab-ab51bafc30e4:192.168.157.195:46079] returns group-9693B909AE44:java.util.concurrent.CompletableFuture@43f3fbf0[Not completed]
2019-09-12 10:33:29,183 [pool-190-thread-1] INFO  impl.RaftServerImpl (RaftServerImpl.java:<init>(93)) - 2936a8fb-498a-4f06-abab-ab51bafc30e4: new RaftServerImpl for group-9693B909AE44:[2936a8fb-498a-4f06-abab-ab51bafc30e4:192.168.157.195:46079] with ContainerStateMachine:uninitialized
2019-09-12 10:33:29,183 [pool-190-thread-1] INFO  server.RaftServerConfigKeys (ConfUtils.java:logGet(43)) - raft.server.rpc.timeout.min = 5s (custom)
2019-09-12 10:33:29,183 [pool-190-thread-1] INFO  server.RaftServerConfigKeys (ConfUtils.java:logGet(43)) - raft.server.rpc.timeout.max = 5200ms (custom)
2019-09-12 10:33:29,183 [pool-190-thread-1] INFO  server.RaftServerConfigKeys (ConfUtils.java:logGet(43)) - raft.server.rpcslowness.timeout = 120s (custom)
2019-09-12 10:33:29,184 [pool-190-thread-1] INFO  server.RaftServerConfigKeys (ConfUtils.java:logGet(43)) - raft.server.sleep.deviation.threshold = 300 (default)
2019-09-12 10:33:29,184 [pool-190-thread-1] INFO  server.RaftServerConfigKeys (ConfUtils.java:logGet(43)) - raft.server.log.appender.install.snapshot.enabled = false (custom)
2019-09-12 10:33:29,184 [pool-190-thread-1] INFO  impl.RaftServerImpl (ServerState.java:<init>(105)) - 2936a8fb-498a-4f06-abab-ab51bafc30e4:group-9693B909AE44 ConfigurationManager, init=-1: [2936a8fb-498a-4f06-abab-ab51bafc30e4:192.168.157.195:46079], old=null, confs=<EMPTY_MAP>
2019-09-12 10:33:29,184 [pool-190-thread-1] INFO  server.RaftServerConfigKeys (ConfUtils.java:logGet(43)) - raft.server.storage.dir = [/workdir/hadoop-ozone/integration-test/target/test-dir/MiniOzoneClusterImpl-2d656029-9dde-45a3-b7cd-f2d738c2cb44/datanode-6/data/ratis] (custom)
2019-09-12 10:33:29,184 [pool-190-thread-1] INFO  storage.RaftStorageDirectory (RaftStorageDirectory.java:analyzeStorage(246)) - The storage directory /workdir/hadoop-ozone/integration-test/target/test-dir/MiniOzoneClusterImpl-2d656029-9dde-45a3-b7cd-f2d738c2cb44/datanode-6/data/ratis/e77bd86d-9ca3-489f-a048-9693b909ae44 does not exist. Creating ...
2019-09-12 10:33:29,197 [pool-190-thread-1] INFO  storage.RaftStorageDirectory (RaftStorageDirectory.java:tryLock(328)) - Lock on /workdir/hadoop-ozone/integration-test/target/test-dir/MiniOzoneClusterImpl-2d656029-9dde-45a3-b7cd-f2d738c2cb44/datanode-6/data/ratis/e77bd86d-9ca3-489f-a048-9693b909ae44/in_use.lock acquired by nodename 32653@pr-hdds-1569-xtfnx-3545843844
2019-09-12 10:33:29,211 [pool-190-thread-1] INFO  storage.RaftStorage (RaftStorage.java:format(72)) - Storage directory /workdir/hadoop-ozone/integration-test/target/test-dir/MiniOzoneClusterImpl-2d656029-9dde-45a3-b7cd-f2d738c2cb44/datanode-6/data/ratis/e77bd86d-9ca3-489f-a048-9693b909ae44 has been successfully formatted.
2019-09-12 10:33:29,211 [pool-190-thread-1] INFO  ratis.ContainerStateMachine (ContainerStateMachine.java:loadSnapshot(226)) - group-9693B909AE44: The snapshot info is null. Setting the last applied indexto:(t:0, i:~)
2019-09-12 10:33:29,211 [pool-190-thread-1] INFO  server.RaftServerConfigKeys (ConfUtils.java:logGet(43)) - raft.server.leader.election.timeout = 120s (custom)
2019-09-12 10:33:29,212 [pool-190-thread-1] INFO  server.RaftServerConfigKeys (ConfUtils.java:logGet(43)) - raft.server.log.use.memory = false (default)
2019-09-12 10:33:29,212 [pool-190-thread-1] INFO  server.RaftServerConfigKeys (ConfUtils.java:logGet(43)) - raft.server.log.purge.gap = 1000000 (custom)
2019-09-12 10:33:29,212 [pool-190-thread-1] INFO  server.RaftServerConfigKeys (ConfUtils.java:logGet(43)) - raft.server.log.appender.buffer.byte-limit = 33554432 (custom)
2019-09-12 10:33:29,212 [pool-190-thread-1] INFO  server.RaftServerConfigKeys (ConfUtils.java:logGet(43)) - raft.server.log.segment.size.max = 1048576 (custom)
2019-09-12 10:33:29,212 [pool-190-thread-1] INFO  server.RaftServerConfigKeys (ConfUtils.java:logGet(43)) - raft.server.log.segment.cache.num.max = 2 (custom)
2019-09-12 10:33:29,212 [pool-190-thread-1] INFO  segmented.SegmentedRaftLogWorker (SegmentedRaftLogWorker.java:<init>(172)) - new 2936a8fb-498a-4f06-abab-ab51bafc30e4-SegmentedRaftLogWorker:Storage Directory /workdir/hadoop-ozone/integration-test/target/test-dir/MiniOzoneClusterImpl-2d656029-9dde-45a3-b7cd-f2d738c2cb44/datanode-6/data/ratis/e77bd86d-9ca3-489f-a048-9693b909ae44 for RaftStorage:Storage Directory /workdir/hadoop-ozone/integration-test/target/test-dir/MiniOzoneClusterImpl-2d656029-9dde-45a3-b7cd-f2d738c2cb44/datanode-6/data/ratis/e77bd86d-9ca3-489f-a048-9693b909ae44
2019-09-12 10:33:29,212 [pool-190-thread-1] INFO  server.RaftServerConfigKeys (ConfUtils.java:logGet(43)) - raft.server.log.queue.byte-limit = 2147483647 (custom)
2019-09-12 10:33:29,213 [pool-190-thread-1] INFO  server.RaftServerConfigKeys (ConfUtils.java:logGet(43)) - raft.server.log.queue.element-limit = 1024 (custom)
2019-09-12 10:33:29,213 [pool-190-thread-1] INFO  server.RaftServerConfigKeys (ConfUtils.java:logGet(43)) - raft.server.log.segment.size.max = 1048576 (custom)
2019-09-12 10:33:29,213 [pool-190-thread-1] INFO  server.RaftServerConfigKeys (ConfUtils.java:logGet(43)) - raft.server.log.preallocated.size = 16384 (custom)
2019-09-12 10:33:29,213 [pool-190-thread-1] INFO  server.RaftServerConfigKeys (ConfUtils.java:logGet(43)) - raft.server.log.write.buffer.size = 33554432 (custom)
2019-09-12 10:33:29,213 [pool-190-thread-1] INFO  server.RaftServerConfigKeys (ConfUtils.java:logGet(43)) - raft.server.log.force.sync.num = 128 (default)
2019-09-12 10:33:29,213 [pool-190-thread-1] INFO  server.RaftServerConfigKeys (ConfUtils.java:logGet(43)) - raft.server.log.statemachine.data.sync = true (default)
2019-09-12 10:33:29,213 [pool-190-thread-1] INFO  server.RaftServerConfigKeys (ConfUtils.java:logGet(43)) - raft.server.log.statemachine.data.sync.timeout = 10s (default)
2019-09-12 10:33:29,213 [pool-190-thread-1] INFO  server.RaftServerConfigKeys (ConfUtils.java:logGet(43)) - raft.server.log.statemachine.data.sync.timeout.retry = -1 (default)
2019-09-12 10:33:29,214 [pool-190-thread-1] INFO  server.RaftServerConfigKeys (ConfUtils.java:logGet(43)) - raft.server.log.statemachine.data.caching.enabled = true (custom)
2019-09-12 10:33:29,214 [pool-190-thread-1] INFO  segmented.SegmentedRaftLogWorker (SegmentedRaftLogWorker.java:lambda$new$0(132)) - 2936a8fb-498a-4f06-abab-ab51bafc30e4-SegmentedRaftLogWorker:Storage Directory /workdir/hadoop-ozone/integration-test/target/test-dir/MiniOzoneClusterImpl-2d656029-9dde-45a3-b7cd-f2d738c2cb44/datanode-6/data/ratis/e77bd86d-9ca3-489f-a048-9693b909ae44: flushIndex: setUnconditionally 0 -> -1
2019-09-12 10:33:29,214 [pool-190-thread-1] INFO  server.RaftServerConfigKeys (ConfUtils.java:logGet(43)) - raft.server.snapshot.auto.trigger.enabled = true (custom)
2019-09-12 10:33:29,214 [pool-190-thread-1] INFO  server.RaftServerConfigKeys (ConfUtils.java:logGet(43)) - raft.server.snapshot.auto.trigger.threshold = 10000 (custom)
2019-09-12 10:33:29,215 [pool-190-thread-1] INFO  server.RaftServerConfigKeys (ConfUtils.java:logGet(43)) - raft.server.retrycache.expirytime = 600000ms (custom)
2019-09-12 10:33:29,215 [pool-190-thread-1] INFO  impl.RaftServerImpl (RaftServerImpl.java:start(180)) - 2936a8fb-498a-4f06-abab-ab51bafc30e4: start group-9693B909AE44
2019-09-12 10:33:29,215 [pool-190-thread-1] INFO  impl.RaftServerImpl (RaftServerImpl.java:setRole(171)) - 2936a8fb-498a-4f06-abab-ab51bafc30e4:group-9693B909AE44 changes role from null to FOLLOWER at term 0 for startAsFollower
2019-09-12 10:33:29,215 [pool-190-thread-1] INFO  impl.RoleInfo (RoleInfo.java:updateAndGet(143)) - 2936a8fb-498a-4f06-abab-ab51bafc30e4: start FollowerState
2019-09-12 10:33:29,215 [pool-190-thread-1] INFO  util.JmxRegister (JmxRegister.java:tryRegister(44)) - Successfully registered JMX Bean with object name Ratis:service=RaftServer,group=group-9693B909AE44,id=2936a8fb-498a-4f06-abab-ab51bafc30e4
2019-09-12 10:33:29,218 [RatisPipelineUtilsThread] INFO  pipeline.PipelineStateManager (PipelineStateManager.java:addPipeline(56)) - Created pipeline Pipeline[ Id: e77bd86d-9ca3-489f-a048-9693b909ae44, Nodes: 2936a8fb-498a-4f06-abab-ab51bafc30e4{ip: 192.168.157.195, host: pr-hdds-1569-xtfnx-3545843844, networkLocation: /default-rack, certSerialId: null}, Type:RATIS, Factor:ONE, State:OPEN]
2019-09-12 10:33:29,218 [RatisPipelineUtilsThread] ERROR pipeline.PipelinePlacementPolicy (PipelinePlacementPolicy.java:meetCriteria(91)) - Pipeline Placement: Doesn't meet the criteria to be viable node. Heaviness: 6
2019-09-12 10:33:29,219 [RatisPipelineUtilsThread] ERROR pipeline.PipelinePlacementPolicy (PipelinePlacementPolicy.java:meetCriteria(91)) - Pipeline Placement: Doesn't meet the criteria to be viable node. Heaviness: 6
2019-09-12 10:33:29,219 [RatisPipelineUtilsThread] ERROR pipeline.PipelinePlacementPolicy (PipelinePlacementPolicy.java:meetCriteria(91)) - Pipeline Placement: Doesn't meet the criteria to be viable node. Heaviness: 6
2019-09-12 10:33:29,219 [RatisPipelineUtilsThread] ERROR pipeline.PipelinePlacementPolicy (PipelinePlacementPolicy.java:meetCriteria(91)) - Pipeline Placement: Doesn't meet the criteria to be viable node. Heaviness: 6
2019-09-12 10:33:29,220 [RatisPipelineUtilsThread] ERROR pipeline.PipelinePlacementPolicy (PipelinePlacementPolicy.java:meetCriteria(91)) - Pipeline Placement: Doesn't meet the criteria to be viable node. Heaviness: 6
2019-09-12 10:33:29,226 [grpc-default-executor-0] INFO  impl.RaftServerProxy (RaftServerProxy.java:addNew(89)) - 23027111-0173-428f-b853-b511524375b8: addNew group-C5E5E8531321:[23027111-0173-428f-b853-b511524375b8:192.168.157.195:36891] returns group-C5E5E8531321:java.util.concurrent.CompletableFuture@b257754[Not completed]
2019-09-12 10:33:29,226 [pool-179-thread-1] INFO  impl.RaftServerImpl (RaftServerImpl.java:<init>(93)) - 23027111-0173-428f-b853-b511524375b8: new RaftServerImpl for group-C5E5E8531321:[23027111-0173-428f-b853-b511524375b8:192.168.157.195:36891] with ContainerStateMachine:uninitialized
2019-09-12 10:33:29,227 [pool-179-thread-1] INFO  server.RaftServerConfigKeys (ConfUtils.java:logGet(43)) - raft.server.rpc.timeout.min = 5s (custom)
2019-09-12 10:33:29,227 [pool-179-thread-1] INFO  server.RaftServerConfigKeys (ConfUtils.java:logGet(43)) - raft.server.rpc.timeout.max = 5200ms (custom)
2019-09-12 10:33:29,227 [pool-179-thread-1] INFO  server.RaftServerConfigKeys (ConfUtils.java:logGet(43)) - raft.server.rpcslowness.timeout = 120s (custom)
2019-09-12 10:33:29,227 [pool-179-thread-1] INFO  server.RaftServerConfigKeys (ConfUtils.java:logGet(43)) - raft.server.sleep.deviation.threshold = 300 (default)
2019-09-12 10:33:29,227 [pool-179-thread-1] INFO  server.RaftServerConfigKeys (ConfUtils.java:logGet(43)) - raft.server.log.appender.install.snapshot.enabled = false (custom)
2019-09-12 10:33:29,227 [pool-179-thread-1] INFO  impl.RaftServerImpl (ServerState.java:<init>(105)) - 23027111-0173-428f-b853-b511524375b8:group-C5E5E8531321 ConfigurationManager, init=-1: [23027111-0173-428f-b853-b511524375b8:192.168.157.195:36891], old=null, confs=<EMPTY_MAP>
2019-09-12 10:33:29,227 [pool-179-thread-1] INFO  server.RaftServerConfigKeys (ConfUtils.java:logGet(43)) - raft.server.storage.dir = [/workdir/hadoop-ozone/integration-test/target/test-dir/MiniOzoneClusterImpl-2d656029-9dde-45a3-b7cd-f2d738c2cb44/datanode-5/data/ratis] (custom)
2019-09-12 10:33:29,228 [pool-179-thread-1] INFO  storage.RaftStorageDirectory (RaftStorageDirectory.java:analyzeStorage(246)) - The storage directory /workdir/hadoop-ozone/integration-test/target/test-dir/MiniOzoneClusterImpl-2d656029-9dde-45a3-b7cd-f2d738c2cb44/datanode-5/data/ratis/1dabbe64-4953-48a6-98f1-c5e5e8531321 does not exist. Creating ...
2019-09-12 10:33:29,241 [pool-179-thread-1] INFO  storage.RaftStorageDirectory (RaftStorageDirectory.java:tryLock(328)) - Lock on /workdir/hadoop-ozone/integration-test/target/test-dir/MiniOzoneClusterImpl-2d656029-9dde-45a3-b7cd-f2d738c2cb44/datanode-5/data/ratis/1dabbe64-4953-48a6-98f1-c5e5e8531321/in_use.lock acquired by nodename 32653@pr-hdds-1569-xtfnx-3545843844
2019-09-12 10:33:29,254 [pool-179-thread-1] INFO  storage.RaftStorage (RaftStorage.java:format(72)) - Storage directory /workdir/hadoop-ozone/integration-test/target/test-dir/MiniOzoneClusterImpl-2d656029-9dde-45a3-b7cd-f2d738c2cb44/datanode-5/data/ratis/1dabbe64-4953-48a6-98f1-c5e5e8531321 has been successfully formatted.
2019-09-12 10:33:29,254 [pool-179-thread-1] INFO  ratis.ContainerStateMachine (ContainerStateMachine.java:loadSnapshot(226)) - group-C5E5E8531321: The snapshot info is null. Setting the last applied indexto:(t:0, i:~)
2019-09-12 10:33:29,254 [pool-179-thread-1] INFO  server.RaftServerConfigKeys (ConfUtils.java:logGet(43)) - raft.server.leader.election.timeout = 120s (custom)
2019-09-12 10:33:29,254 [pool-179-thread-1] INFO  server.RaftServerConfigKeys (ConfUtils.java:logGet(43)) - raft.server.log.use.memory = false (default)
2019-09-12 10:33:29,255 [pool-179-thread-1] INFO  server.RaftServerConfigKeys (ConfUtils.java:logGet(43)) - raft.server.log.purge.gap = 1000000 (custom)
2019-09-12 10:33:29,255 [pool-179-thread-1] INFO  server.RaftServerConfigKeys (ConfUtils.java:logGet(43)) - raft.server.log.appender.buffer.byte-limit = 33554432 (custom)
2019-09-12 10:33:29,255 [pool-179-thread-1] INFO  server.RaftServerConfigKeys (ConfUtils.java:logGet(43)) - raft.server.log.segment.size.max = 1048576 (custom)
2019-09-12 10:33:29,255 [pool-179-thread-1] INFO  server.RaftServerConfigKeys (ConfUtils.java:logGet(43)) - raft.server.log.segment.cache.num.max = 2 (custom)
2019-09-12 10:33:29,255 [pool-179-thread-1] INFO  segmented.SegmentedRaftLogWorker (SegmentedRaftLogWorker.java:<init>(172)) - new 23027111-0173-428f-b853-b511524375b8-SegmentedRaftLogWorker:Storage Directory /workdir/hadoop-ozone/integration-test/target/test-dir/MiniOzoneClusterImpl-2d656029-9dde-45a3-b7cd-f2d738c2cb44/datanode-5/data/ratis/1dabbe64-4953-48a6-98f1-c5e5e8531321 for RaftStorage:Storage Directory /workdir/hadoop-ozone/integration-test/target/test-dir/MiniOzoneClusterImpl-2d656029-9dde-45a3-b7cd-f2d738c2cb44/datanode-5/data/ratis/1dabbe64-4953-48a6-98f1-c5e5e8531321
2019-09-12 10:33:29,255 [pool-179-thread-1] INFO  server.RaftServerConfigKeys (ConfUtils.java:logGet(43)) - raft.server.log.queue.byte-limit = 2147483647 (custom)
2019-09-12 10:33:29,255 [pool-179-thread-1] INFO  server.RaftServerConfigKeys (ConfUtils.java:logGet(43)) - raft.server.log.queue.element-limit = 1024 (custom)
2019-09-12 10:33:29,255 [pool-179-thread-1] INFO  server.RaftServerConfigKeys (ConfUtils.java:logGet(43)) - raft.server.log.segment.size.max = 1048576 (custom)
2019-09-12 10:33:29,255 [pool-179-thread-1] INFO  server.RaftServerConfigKeys (ConfUtils.java:logGet(43)) - raft.server.log.preallocated.size = 16384 (custom)
2019-09-12 10:33:29,256 [pool-179-thread-1] INFO  server.RaftServerConfigKeys (ConfUtils.java:logGet(43)) - raft.server.log.write.buffer.size = 33554432 (custom)
2019-09-12 10:33:29,256 [pool-179-thread-1] INFO  server.RaftServerConfigKeys (ConfUtils.java:logGet(43)) - raft.server.log.force.sync.num = 128 (default)
2019-09-12 10:33:29,256 [pool-179-thread-1] INFO  server.RaftServerConfigKeys (ConfUtils.java:logGet(43)) - raft.server.log.statemachine.data.sync = true (default)
2019-09-12 10:33:29,256 [pool-179-thread-1] INFO  server.RaftServerConfigKeys (ConfUtils.java:logGet(43)) - raft.server.log.statemachine.data.sync.timeout = 10s (default)
2019-09-12 10:33:29,256 [pool-179-thread-1] INFO  server.RaftServerConfigKeys (ConfUtils.java:logGet(43)) - raft.server.log.statemachine.data.sync.timeout.retry = -1 (default)
2019-09-12 10:33:29,256 [pool-179-thread-1] INFO  server.RaftServerConfigKeys (ConfUtils.java:logGet(43)) - raft.server.log.statemachine.data.caching.enabled = true (custom)
2019-09-12 10:33:29,256 [pool-179-thread-1] INFO  segmented.SegmentedRaftLogWorker (SegmentedRaftLogWorker.java:lambda$new$0(132)) - 23027111-0173-428f-b853-b511524375b8-SegmentedRaftLogWorker:Storage Directory /workdir/hadoop-ozone/integration-test/target/test-dir/MiniOzoneClusterImpl-2d656029-9dde-45a3-b7cd-f2d738c2cb44/datanode-5/data/ratis/1dabbe64-4953-48a6-98f1-c5e5e8531321: flushIndex: setUnconditionally 0 -> -1
2019-09-12 10:33:29,257 [pool-179-thread-1] INFO  server.RaftServerConfigKeys (ConfUtils.java:logGet(43)) - raft.server.snapshot.auto.trigger.enabled = true (custom)
2019-09-12 10:33:29,257 [pool-179-thread-1] INFO  server.RaftServerConfigKeys (ConfUtils.java:logGet(43)) - raft.server.snapshot.auto.trigger.threshold = 10000 (custom)
2019-09-12 10:33:29,257 [pool-179-thread-1] INFO  server.RaftServerConfigKeys (ConfUtils.java:logGet(43)) - raft.server.retrycache.expirytime = 600000ms (custom)
2019-09-12 10:33:29,257 [pool-179-thread-1] INFO  impl.RaftServerImpl (RaftServerImpl.java:start(180)) - 23027111-0173-428f-b853-b511524375b8: start group-C5E5E8531321
2019-09-12 10:33:29,257 [pool-179-thread-1] INFO  impl.RaftServerImpl (RaftServerImpl.java:setRole(171)) - 23027111-0173-428f-b853-b511524375b8:group-C5E5E8531321 changes role from null to FOLLOWER at term 0 for startAsFollower
2019-09-12 10:33:29,257 [pool-179-thread-1] INFO  impl.RoleInfo (RoleInfo.java:updateAndGet(143)) - 23027111-0173-428f-b853-b511524375b8: start FollowerState
2019-09-12 10:33:29,257 [pool-179-thread-1] INFO  util.JmxRegister (JmxRegister.java:tryRegister(44)) - Successfully registered JMX Bean with object name Ratis:service=RaftServer,group=group-C5E5E8531321,id=23027111-0173-428f-b853-b511524375b8
2019-09-12 10:33:29,260 [RatisPipelineUtilsThread] INFO  pipeline.PipelineStateManager (PipelineStateManager.java:addPipeline(56)) - Created pipeline Pipeline[ Id: 1dabbe64-4953-48a6-98f1-c5e5e8531321, Nodes: 23027111-0173-428f-b853-b511524375b8{ip: 192.168.157.195, host: pr-hdds-1569-xtfnx-3545843844, networkLocation: /default-rack, certSerialId: null}, Type:RATIS, Factor:ONE, State:OPEN]
2019-09-12 10:33:29,260 [RatisPipelineUtilsThread] ERROR pipeline.PipelinePlacementPolicy (PipelinePlacementPolicy.java:meetCriteria(91)) - Pipeline Placement: Doesn't meet the criteria to be viable node. Heaviness: 6
2019-09-12 10:33:29,261 [RatisPipelineUtilsThread] ERROR pipeline.PipelinePlacementPolicy (PipelinePlacementPolicy.java:meetCriteria(91)) - Pipeline Placement: Doesn't meet the criteria to be viable node. Heaviness: 6
2019-09-12 10:33:29,261 [RatisPipelineUtilsThread] ERROR pipeline.PipelinePlacementPolicy (PipelinePlacementPolicy.java:meetCriteria(91)) - Pipeline Placement: Doesn't meet the criteria to be viable node. Heaviness: 6
2019-09-12 10:33:29,261 [RatisPipelineUtilsThread] ERROR pipeline.PipelinePlacementPolicy (PipelinePlacementPolicy.java:meetCriteria(91)) - Pipeline Placement: Doesn't meet the criteria to be viable node. Heaviness: 6
2019-09-12 10:33:29,261 [RatisPipelineUtilsThread] ERROR pipeline.PipelinePlacementPolicy (PipelinePlacementPolicy.java:meetCriteria(91)) - Pipeline Placement: Doesn't meet the criteria to be viable node. Heaviness: 6
2019-09-12 10:33:29,266 [grpc-default-executor-0] INFO  impl.RaftServerProxy (RaftServerProxy.java:addNew(89)) - 2936a8fb-498a-4f06-abab-ab51bafc30e4: addNew group-A86602F96AAB:[2936a8fb-498a-4f06-abab-ab51bafc30e4:192.168.157.195:46079] returns group-A86602F96AAB:java.util.concurrent.CompletableFuture@6954c887[Not completed]
2019-09-12 10:33:29,267 [pool-190-thread-1] INFO  impl.RaftServerImpl (RaftServerImpl.java:<init>(93)) - 2936a8fb-498a-4f06-abab-ab51bafc30e4: new RaftServerImpl for group-A86602F96AAB:[2936a8fb-498a-4f06-abab-ab51bafc30e4:192.168.157.195:46079] with ContainerStateMachine:uninitialized
2019-09-12 10:33:29,267 [pool-190-thread-1] INFO  server.RaftServerConfigKeys (ConfUtils.java:logGet(43)) - raft.server.rpc.timeout.min = 5s (custom)
2019-09-12 10:33:29,267 [pool-190-thread-1] INFO  server.RaftServerConfigKeys (ConfUtils.java:logGet(43)) - raft.server.rpc.timeout.max = 5200ms (custom)
2019-09-12 10:33:29,268 [pool-190-thread-1] INFO  server.RaftServerConfigKeys (ConfUtils.java:logGet(43)) - raft.server.rpcslowness.timeout = 120s (custom)
2019-09-12 10:33:29,268 [pool-190-thread-1] INFO  server.RaftServerConfigKeys (ConfUtils.java:logGet(43)) - raft.server.sleep.deviation.threshold = 300 (default)
2019-09-12 10:33:29,268 [pool-190-thread-1] INFO  server.RaftServerConfigKeys (ConfUtils.java:logGet(43)) - raft.server.log.appender.install.snapshot.enabled = false (custom)
2019-09-12 10:33:29,268 [pool-190-thread-1] INFO  impl.RaftServerImpl (ServerState.java:<init>(105)) - 2936a8fb-498a-4f06-abab-ab51bafc30e4:group-A86602F96AAB ConfigurationManager, init=-1: [2936a8fb-498a-4f06-abab-ab51bafc30e4:192.168.157.195:46079], old=null, confs=<EMPTY_MAP>
2019-09-12 10:33:29,268 [pool-190-thread-1] INFO  server.RaftServerConfigKeys (ConfUtils.java:logGet(43)) - raft.server.storage.dir = [/workdir/hadoop-ozone/integration-test/target/test-dir/MiniOzoneClusterImpl-2d656029-9dde-45a3-b7cd-f2d738c2cb44/datanode-6/data/ratis] (custom)
2019-09-12 10:33:29,268 [pool-190-thread-1] INFO  storage.RaftStorageDirectory (RaftStorageDirectory.java:analyzeStorage(246)) - The storage directory /workdir/hadoop-ozone/integration-test/target/test-dir/MiniOzoneClusterImpl-2d656029-9dde-45a3-b7cd-f2d738c2cb44/datanode-6/data/ratis/05b9edad-27f9-4da5-a135-a86602f96aab does not exist. Creating ...
2019-09-12 10:33:29,281 [pool-190-thread-1] INFO  storage.RaftStorageDirectory (RaftStorageDirectory.java:tryLock(328)) - Lock on /workdir/hadoop-ozone/integration-test/target/test-dir/MiniOzoneClusterImpl-2d656029-9dde-45a3-b7cd-f2d738c2cb44/datanode-6/data/ratis/05b9edad-27f9-4da5-a135-a86602f96aab/in_use.lock acquired by nodename 32653@pr-hdds-1569-xtfnx-3545843844
2019-09-12 10:33:29,294 [pool-190-thread-1] INFO  storage.RaftStorage (RaftStorage.java:format(72)) - Storage directory /workdir/hadoop-ozone/integration-test/target/test-dir/MiniOzoneClusterImpl-2d656029-9dde-45a3-b7cd-f2d738c2cb44/datanode-6/data/ratis/05b9edad-27f9-4da5-a135-a86602f96aab has been successfully formatted.
2019-09-12 10:33:29,294 [pool-190-thread-1] INFO  ratis.ContainerStateMachine (ContainerStateMachine.java:loadSnapshot(226)) - group-A86602F96AAB: The snapshot info is null. Setting the last applied indexto:(t:0, i:~)
2019-09-12 10:33:29,294 [pool-190-thread-1] INFO  server.RaftServerConfigKeys (ConfUtils.java:logGet(43)) - raft.server.leader.election.timeout = 120s (custom)
2019-09-12 10:33:29,294 [pool-190-thread-1] INFO  server.RaftServerConfigKeys (ConfUtils.java:logGet(43)) - raft.server.log.use.memory = false (default)
2019-09-12 10:33:29,294 [pool-190-thread-1] INFO  server.RaftServerConfigKeys (ConfUtils.java:logGet(43)) - raft.server.log.purge.gap = 1000000 (custom)
2019-09-12 10:33:29,294 [pool-190-thread-1] INFO  server.RaftServerConfigKeys (ConfUtils.java:logGet(43)) - raft.server.log.appender.buffer.byte-limit = 33554432 (custom)
2019-09-12 10:33:29,294 [pool-190-thread-1] INFO  server.RaftServerConfigKeys (ConfUtils.java:logGet(43)) - raft.server.log.segment.size.max = 1048576 (custom)
2019-09-12 10:33:29,294 [pool-190-thread-1] INFO  server.RaftServerConfigKeys (ConfUtils.java:logGet(43)) - raft.server.log.segment.cache.num.max = 2 (custom)
2019-09-12 10:33:29,294 [pool-190-thread-1] INFO  segmented.SegmentedRaftLogWorker (SegmentedRaftLogWorker.java:<init>(172)) - new 2936a8fb-498a-4f06-abab-ab51bafc30e4-SegmentedRaftLogWorker:Storage Directory /workdir/hadoop-ozone/integration-test/target/test-dir/MiniOzoneClusterImpl-2d656029-9dde-45a3-b7cd-f2d738c2cb44/datanode-6/data/ratis/05b9edad-27f9-4da5-a135-a86602f96aab for RaftStorage:Storage Directory /workdir/hadoop-ozone/integration-test/target/test-dir/MiniOzoneClusterImpl-2d656029-9dde-45a3-b7cd-f2d738c2cb44/datanode-6/data/ratis/05b9edad-27f9-4da5-a135-a86602f96aab
2019-09-12 10:33:29,295 [pool-190-thread-1] INFO  server.RaftServerConfigKeys (ConfUtils.java:logGet(43)) - raft.server.log.queue.byte-limit = 2147483647 (custom)
2019-09-12 10:33:29,295 [pool-190-thread-1] INFO  server.RaftServerConfigKeys (ConfUtils.java:logGet(43)) - raft.server.log.queue.element-limit = 1024 (custom)
2019-09-12 10:33:29,295 [pool-190-thread-1] INFO  server.RaftServerConfigKeys (ConfUtils.java:logGet(43)) - raft.server.log.segment.size.max = 1048576 (custom)
2019-09-12 10:33:29,295 [pool-190-thread-1] INFO  server.RaftServerConfigKeys (ConfUtils.java:logGet(43)) - raft.server.log.preallocated.size = 16384 (custom)
2019-09-12 10:33:29,295 [pool-190-thread-1] INFO  server.RaftServerConfigKeys (ConfUtils.java:logGet(43)) - raft.server.log.write.buffer.size = 33554432 (custom)
2019-09-12 10:33:29,295 [pool-190-thread-1] INFO  server.RaftServerConfigKeys (ConfUtils.java:logGet(43)) - raft.server.log.force.sync.num = 128 (default)
2019-09-12 10:33:29,295 [pool-190-thread-1] INFO  server.RaftServerConfigKeys (ConfUtils.java:logGet(43)) - raft.server.log.statemachine.data.sync = true (default)
2019-09-12 10:33:29,295 [pool-190-thread-1] INFO  server.RaftServerConfigKeys (ConfUtils.java:logGet(43)) - raft.server.log.statemachine.data.sync.timeout = 10s (default)
2019-09-12 10:33:29,295 [pool-190-thread-1] INFO  server.RaftServerConfigKeys (ConfUtils.java:logGet(43)) - raft.server.log.statemachine.data.sync.timeout.retry = -1 (default)
2019-09-12 10:33:29,295 [pool-190-thread-1] INFO  server.RaftServerConfigKeys (ConfUtils.java:logGet(43)) - raft.server.log.statemachine.data.caching.enabled = true (custom)
2019-09-12 10:33:29,296 [pool-190-thread-1] INFO  segmented.SegmentedRaftLogWorker (SegmentedRaftLogWorker.java:lambda$new$0(132)) - 2936a8fb-498a-4f06-abab-ab51bafc30e4-SegmentedRaftLogWorker:Storage Directory /workdir/hadoop-ozone/integration-test/target/test-dir/MiniOzoneClusterImpl-2d656029-9dde-45a3-b7cd-f2d738c2cb44/datanode-6/data/ratis/05b9edad-27f9-4da5-a135-a86602f96aab: flushIndex: setUnconditionally 0 -> -1
2019-09-12 10:33:29,296 [pool-190-thread-1] INFO  server.RaftServerConfigKeys (ConfUtils.java:logGet(43)) - raft.server.snapshot.auto.trigger.enabled = true (custom)
2019-09-12 10:33:29,296 [pool-190-thread-1] INFO  server.RaftServerConfigKeys (ConfUtils.java:logGet(43)) - raft.server.snapshot.auto.trigger.threshold = 10000 (custom)
2019-09-12 10:33:29,296 [pool-190-thread-1] INFO  server.RaftServerConfigKeys (ConfUtils.java:logGet(43)) - raft.server.retrycache.expirytime = 600000ms (custom)
2019-09-12 10:33:29,296 [pool-190-thread-1] INFO  impl.RaftServerImpl (RaftServerImpl.java:start(180)) - 2936a8fb-498a-4f06-abab-ab51bafc30e4: start group-A86602F96AAB
2019-09-12 10:33:29,296 [pool-190-thread-1] INFO  impl.RaftServerImpl (RaftServerImpl.java:setRole(171)) - 2936a8fb-498a-4f06-abab-ab51bafc30e4:group-A86602F96AAB changes role from null to FOLLOWER at term 0 for startAsFollower
2019-09-12 10:33:29,296 [pool-190-thread-1] INFO  impl.RoleInfo (RoleInfo.java:updateAndGet(143)) - 2936a8fb-498a-4f06-abab-ab51bafc30e4: start FollowerState
2019-09-12 10:33:29,297 [pool-190-thread-1] INFO  util.JmxRegister (JmxRegister.java:tryRegister(44)) - Successfully registered JMX Bean with object name Ratis:service=RaftServer,group=group-A86602F96AAB,id=2936a8fb-498a-4f06-abab-ab51bafc30e4
2019-09-12 10:33:29,299 [RatisPipelineUtilsThread] INFO  pipeline.PipelineStateManager (PipelineStateManager.java:addPipeline(56)) - Created pipeline Pipeline[ Id: 05b9edad-27f9-4da5-a135-a86602f96aab, Nodes: 2936a8fb-498a-4f06-abab-ab51bafc30e4{ip: 192.168.157.195, host: pr-hdds-1569-xtfnx-3545843844, networkLocation: /default-rack, certSerialId: null}, Type:RATIS, Factor:ONE, State:OPEN]
2019-09-12 10:33:29,300 [RatisPipelineUtilsThread] ERROR pipeline.PipelinePlacementPolicy (PipelinePlacementPolicy.java:meetCriteria(91)) - Pipeline Placement: Doesn't meet the criteria to be viable node. Heaviness: 6
2019-09-12 10:33:29,300 [RatisPipelineUtilsThread] ERROR pipeline.PipelinePlacementPolicy (PipelinePlacementPolicy.java:meetCriteria(91)) - Pipeline Placement: Doesn't meet the criteria to be viable node. Heaviness: 6
2019-09-12 10:33:29,300 [RatisPipelineUtilsThread] ERROR pipeline.PipelinePlacementPolicy (PipelinePlacementPolicy.java:meetCriteria(91)) - Pipeline Placement: Doesn't meet the criteria to be viable node. Heaviness: 6
2019-09-12 10:33:29,300 [RatisPipelineUtilsThread] ERROR pipeline.PipelinePlacementPolicy (PipelinePlacementPolicy.java:meetCriteria(91)) - Pipeline Placement: Doesn't meet the criteria to be viable node. Heaviness: 6
2019-09-12 10:33:29,301 [RatisPipelineUtilsThread] ERROR pipeline.PipelinePlacementPolicy (PipelinePlacementPolicy.java:meetCriteria(91)) - Pipeline Placement: Doesn't meet the criteria to be viable node. Heaviness: 6
2019-09-12 10:33:29,306 [grpc-default-executor-0] INFO  impl.RaftServerProxy (RaftServerProxy.java:addNew(89)) - 23027111-0173-428f-b853-b511524375b8: addNew group-ED964EC946C6:[23027111-0173-428f-b853-b511524375b8:192.168.157.195:36891] returns group-ED964EC946C6:java.util.concurrent.CompletableFuture@5a5e7752[Not completed]
2019-09-12 10:33:29,308 [pool-179-thread-1] INFO  impl.RaftServerImpl (RaftServerImpl.java:<init>(93)) - 23027111-0173-428f-b853-b511524375b8: new RaftServerImpl for group-ED964EC946C6:[23027111-0173-428f-b853-b511524375b8:192.168.157.195:36891] with ContainerStateMachine:uninitialized
2019-09-12 10:33:29,308 [pool-179-thread-1] INFO  server.RaftServerConfigKeys (ConfUtils.java:logGet(43)) - raft.server.rpc.timeout.min = 5s (custom)
2019-09-12 10:33:29,308 [pool-179-thread-1] INFO  server.RaftServerConfigKeys (ConfUtils.java:logGet(43)) - raft.server.rpc.timeout.max = 5200ms (custom)
2019-09-12 10:33:29,308 [pool-179-thread-1] INFO  server.RaftServerConfigKeys (ConfUtils.java:logGet(43)) - raft.server.rpcslowness.timeout = 120s (custom)
2019-09-12 10:33:29,308 [pool-179-thread-1] INFO  server.RaftServerConfigKeys (ConfUtils.java:logGet(43)) - raft.server.sleep.deviation.threshold = 300 (default)
2019-09-12 10:33:29,309 [pool-179-thread-1] INFO  server.RaftServerConfigKeys (ConfUtils.java:logGet(43)) - raft.server.log.appender.install.snapshot.enabled = false (custom)
2019-09-12 10:33:29,309 [pool-179-thread-1] INFO  impl.RaftServerImpl (ServerState.java:<init>(105)) - 23027111-0173-428f-b853-b511524375b8:group-ED964EC946C6 ConfigurationManager, init=-1: [23027111-0173-428f-b853-b511524375b8:192.168.157.195:36891], old=null, confs=<EMPTY_MAP>
2019-09-12 10:33:29,309 [pool-179-thread-1] INFO  server.RaftServerConfigKeys (ConfUtils.java:logGet(43)) - raft.server.storage.dir = [/workdir/hadoop-ozone/integration-test/target/test-dir/MiniOzoneClusterImpl-2d656029-9dde-45a3-b7cd-f2d738c2cb44/datanode-5/data/ratis] (custom)
2019-09-12 10:33:29,310 [pool-179-thread-1] INFO  storage.RaftStorageDirectory (RaftStorageDirectory.java:analyzeStorage(246)) - The storage directory /workdir/hadoop-ozone/integration-test/target/test-dir/MiniOzoneClusterImpl-2d656029-9dde-45a3-b7cd-f2d738c2cb44/datanode-5/data/ratis/c7be3851-615c-40d8-bc10-ed964ec946c6 does not exist. Creating ...
2019-09-12 10:33:29,318 [pool-179-thread-1] INFO  storage.RaftStorageDirectory (RaftStorageDirectory.java:tryLock(328)) - Lock on /workdir/hadoop-ozone/integration-test/target/test-dir/MiniOzoneClusterImpl-2d656029-9dde-45a3-b7cd-f2d738c2cb44/datanode-5/data/ratis/c7be3851-615c-40d8-bc10-ed964ec946c6/in_use.lock acquired by nodename 32653@pr-hdds-1569-xtfnx-3545843844
2019-09-12 10:33:29,352 [pool-179-thread-1] INFO  storage.RaftStorage (RaftStorage.java:format(72)) - Storage directory /workdir/hadoop-ozone/integration-test/target/test-dir/MiniOzoneClusterImpl-2d656029-9dde-45a3-b7cd-f2d738c2cb44/datanode-5/data/ratis/c7be3851-615c-40d8-bc10-ed964ec946c6 has been successfully formatted.
2019-09-12 10:33:29,353 [pool-179-thread-1] INFO  ratis.ContainerStateMachine (ContainerStateMachine.java:loadSnapshot(226)) - group-ED964EC946C6: The snapshot info is null. Setting the last applied indexto:(t:0, i:~)
2019-09-12 10:33:29,354 [pool-179-thread-1] INFO  server.RaftServerConfigKeys (ConfUtils.java:logGet(43)) - raft.server.leader.election.timeout = 120s (custom)
2019-09-12 10:33:29,354 [pool-179-thread-1] INFO  server.RaftServerConfigKeys (ConfUtils.java:logGet(43)) - raft.server.log.use.memory = false (default)
2019-09-12 10:33:29,354 [pool-179-thread-1] INFO  server.RaftServerConfigKeys (ConfUtils.java:logGet(43)) - raft.server.log.purge.gap = 1000000 (custom)
2019-09-12 10:33:29,354 [pool-179-thread-1] INFO  server.RaftServerConfigKeys (ConfUtils.java:logGet(43)) - raft.server.log.appender.buffer.byte-limit = 33554432 (custom)
2019-09-12 10:33:29,355 [pool-179-thread-1] INFO  server.RaftServerConfigKeys (ConfUtils.java:logGet(43)) - raft.server.log.segment.size.max = 1048576 (custom)
2019-09-12 10:33:29,355 [pool-179-thread-1] INFO  server.RaftServerConfigKeys (ConfUtils.java:logGet(43)) - raft.server.log.segment.cache.num.max = 2 (custom)
2019-09-12 10:33:29,355 [pool-179-thread-1] INFO  segmented.SegmentedRaftLogWorker (SegmentedRaftLogWorker.java:<init>(172)) - new 23027111-0173-428f-b853-b511524375b8-SegmentedRaftLogWorker:Storage Directory /workdir/hadoop-ozone/integration-test/target/test-dir/MiniOzoneClusterImpl-2d656029-9dde-45a3-b7cd-f2d738c2cb44/datanode-5/data/ratis/c7be3851-615c-40d8-bc10-ed964ec946c6 for RaftStorage:Storage Directory /workdir/hadoop-ozone/integration-test/target/test-dir/MiniOzoneClusterImpl-2d656029-9dde-45a3-b7cd-f2d738c2cb44/datanode-5/data/ratis/c7be3851-615c-40d8-bc10-ed964ec946c6
2019-09-12 10:33:29,355 [pool-179-thread-1] INFO  server.RaftServerConfigKeys (ConfUtils.java:logGet(43)) - raft.server.log.queue.byte-limit = 2147483647 (custom)
2019-09-12 10:33:29,355 [pool-179-thread-1] INFO  server.RaftServerConfigKeys (ConfUtils.java:logGet(43)) - raft.server.log.queue.element-limit = 1024 (custom)
2019-09-12 10:33:29,356 [pool-179-thread-1] INFO  server.RaftServerConfigKeys (ConfUtils.java:logGet(43)) - raft.server.log.segment.size.max = 1048576 (custom)
2019-09-12 10:33:29,356 [pool-179-thread-1] INFO  server.RaftServerConfigKeys (ConfUtils.java:logGet(43)) - raft.server.log.preallocated.size = 16384 (custom)
2019-09-12 10:33:29,356 [pool-179-thread-1] INFO  server.RaftServerConfigKeys (ConfUtils.java:logGet(43)) - raft.server.log.write.buffer.size = 33554432 (custom)
2019-09-12 10:33:29,356 [pool-179-thread-1] INFO  server.RaftServerConfigKeys (ConfUtils.java:logGet(43)) - raft.server.log.force.sync.num = 128 (default)
2019-09-12 10:33:29,356 [pool-179-thread-1] INFO  server.RaftServerConfigKeys (ConfUtils.java:logGet(43)) - raft.server.log.statemachine.data.sync = true (default)
2019-09-12 10:33:29,356 [pool-179-thread-1] INFO  server.RaftServerConfigKeys (ConfUtils.java:logGet(43)) - raft.server.log.statemachine.data.sync.timeout = 10s (default)
2019-09-12 10:33:29,357 [pool-179-thread-1] INFO  server.RaftServerConfigKeys (ConfUtils.java:logGet(43)) - raft.server.log.statemachine.data.sync.timeout.retry = -1 (default)
2019-09-12 10:33:29,357 [pool-179-thread-1] INFO  server.RaftServerConfigKeys (ConfUtils.java:logGet(43)) - raft.server.log.statemachine.data.caching.enabled = true (custom)
2019-09-12 10:33:29,357 [pool-179-thread-1] INFO  segmented.SegmentedRaftLogWorker (SegmentedRaftLogWorker.java:lambda$new$0(132)) - 23027111-0173-428f-b853-b511524375b8-SegmentedRaftLogWorker:Storage Directory /workdir/hadoop-ozone/integration-test/target/test-dir/MiniOzoneClusterImpl-2d656029-9dde-45a3-b7cd-f2d738c2cb44/datanode-5/data/ratis/c7be3851-615c-40d8-bc10-ed964ec946c6: flushIndex: setUnconditionally 0 -> -1
2019-09-12 10:33:29,358 [pool-179-thread-1] INFO  server.RaftServerConfigKeys (ConfUtils.java:logGet(43)) - raft.server.snapshot.auto.trigger.enabled = true (custom)
2019-09-12 10:33:29,358 [pool-179-thread-1] INFO  server.RaftServerConfigKeys (ConfUtils.java:logGet(43)) - raft.server.snapshot.auto.trigger.threshold = 10000 (custom)
2019-09-12 10:33:29,358 [pool-179-thread-1] INFO  server.RaftServerConfigKeys (ConfUtils.java:logGet(43)) - raft.server.retrycache.expirytime = 600000ms (custom)
2019-09-12 10:33:29,359 [pool-179-thread-1] INFO  impl.RaftServerImpl (RaftServerImpl.java:start(180)) - 23027111-0173-428f-b853-b511524375b8: start group-ED964EC946C6
2019-09-12 10:33:29,359 [pool-179-thread-1] INFO  impl.RaftServerImpl (RaftServerImpl.java:setRole(171)) - 23027111-0173-428f-b853-b511524375b8:group-ED964EC946C6 changes role from null to FOLLOWER at term 0 for startAsFollower
2019-09-12 10:33:29,359 [pool-179-thread-1] INFO  impl.RoleInfo (RoleInfo.java:updateAndGet(143)) - 23027111-0173-428f-b853-b511524375b8: start FollowerState
2019-09-12 10:33:29,360 [pool-179-thread-1] INFO  util.JmxRegister (JmxRegister.java:tryRegister(44)) - Successfully registered JMX Bean with object name Ratis:service=RaftServer,group=group-ED964EC946C6,id=23027111-0173-428f-b853-b511524375b8
2019-09-12 10:33:29,365 [RatisPipelineUtilsThread] INFO  pipeline.PipelineStateManager (PipelineStateManager.java:addPipeline(56)) - Created pipeline Pipeline[ Id: c7be3851-615c-40d8-bc10-ed964ec946c6, Nodes: 23027111-0173-428f-b853-b511524375b8{ip: 192.168.157.195, host: pr-hdds-1569-xtfnx-3545843844, networkLocation: /default-rack, certSerialId: null}, Type:RATIS, Factor:ONE, State:OPEN]
2019-09-12 10:33:29,365 [RatisPipelineUtilsThread] ERROR pipeline.PipelinePlacementPolicy (PipelinePlacementPolicy.java:meetCriteria(91)) - Pipeline Placement: Doesn't meet the criteria to be viable node. Heaviness: 6
2019-09-12 10:33:29,366 [RatisPipelineUtilsThread] ERROR pipeline.PipelinePlacementPolicy (PipelinePlacementPolicy.java:meetCriteria(91)) - Pipeline Placement: Doesn't meet the criteria to be viable node. Heaviness: 6
2019-09-12 10:33:29,366 [RatisPipelineUtilsThread] ERROR pipeline.PipelinePlacementPolicy (PipelinePlacementPolicy.java:meetCriteria(91)) - Pipeline Placement: Doesn't meet the criteria to be viable node. Heaviness: 6
2019-09-12 10:33:29,366 [RatisPipelineUtilsThread] ERROR pipeline.PipelinePlacementPolicy (PipelinePlacementPolicy.java:meetCriteria(91)) - Pipeline Placement: Doesn't meet the criteria to be viable node. Heaviness: 6
2019-09-12 10:33:29,367 [RatisPipelineUtilsThread] ERROR pipeline.PipelinePlacementPolicy (PipelinePlacementPolicy.java:meetCriteria(91)) - Pipeline Placement: Doesn't meet the criteria to be viable node. Heaviness: 6
2019-09-12 10:33:29,373 [grpc-default-executor-0] INFO  impl.RaftServerProxy (RaftServerProxy.java:addNew(89)) - 23027111-0173-428f-b853-b511524375b8: addNew group-1DAD131FEAB0:[23027111-0173-428f-b853-b511524375b8:192.168.157.195:36891] returns group-1DAD131FEAB0:java.util.concurrent.CompletableFuture@479a56b[Not completed]
2019-09-12 10:33:29,376 [pool-179-thread-1] INFO  impl.RaftServerImpl (RaftServerImpl.java:<init>(93)) - 23027111-0173-428f-b853-b511524375b8: new RaftServerImpl for group-1DAD131FEAB0:[23027111-0173-428f-b853-b511524375b8:192.168.157.195:36891] with ContainerStateMachine:uninitialized
2019-09-12 10:33:29,376 [pool-179-thread-1] INFO  server.RaftServerConfigKeys (ConfUtils.java:logGet(43)) - raft.server.rpc.timeout.min = 5s (custom)
2019-09-12 10:33:29,376 [pool-179-thread-1] INFO  server.RaftServerConfigKeys (ConfUtils.java:logGet(43)) - raft.server.rpc.timeout.max = 5200ms (custom)
2019-09-12 10:33:29,376 [pool-179-thread-1] INFO  server.RaftServerConfigKeys (ConfUtils.java:logGet(43)) - raft.server.rpcslowness.timeout = 120s (custom)
2019-09-12 10:33:29,376 [pool-179-thread-1] INFO  server.RaftServerConfigKeys (ConfUtils.java:logGet(43)) - raft.server.sleep.deviation.threshold = 300 (default)
2019-09-12 10:33:29,377 [pool-179-thread-1] INFO  server.RaftServerConfigKeys (ConfUtils.java:logGet(43)) - raft.server.log.appender.install.snapshot.enabled = false (custom)
2019-09-12 10:33:29,377 [pool-179-thread-1] INFO  impl.RaftServerImpl (ServerState.java:<init>(105)) - 23027111-0173-428f-b853-b511524375b8:group-1DAD131FEAB0 ConfigurationManager, init=-1: [23027111-0173-428f-b853-b511524375b8:192.168.157.195:36891], old=null, confs=<EMPTY_MAP>
2019-09-12 10:33:29,377 [pool-179-thread-1] INFO  server.RaftServerConfigKeys (ConfUtils.java:logGet(43)) - raft.server.storage.dir = [/workdir/hadoop-ozone/integration-test/target/test-dir/MiniOzoneClusterImpl-2d656029-9dde-45a3-b7cd-f2d738c2cb44/datanode-5/data/ratis] (custom)
2019-09-12 10:33:29,377 [pool-179-thread-1] INFO  storage.RaftStorageDirectory (RaftStorageDirectory.java:analyzeStorage(246)) - The storage directory /workdir/hadoop-ozone/integration-test/target/test-dir/MiniOzoneClusterImpl-2d656029-9dde-45a3-b7cd-f2d738c2cb44/datanode-5/data/ratis/2c6baf06-81d7-48ed-b356-1dad131feab0 does not exist. Creating ...
2019-09-12 10:33:29,392 [pool-179-thread-1] INFO  storage.RaftStorageDirectory (RaftStorageDirectory.java:tryLock(328)) - Lock on /workdir/hadoop-ozone/integration-test/target/test-dir/MiniOzoneClusterImpl-2d656029-9dde-45a3-b7cd-f2d738c2cb44/datanode-5/data/ratis/2c6baf06-81d7-48ed-b356-1dad131feab0/in_use.lock acquired by nodename 32653@pr-hdds-1569-xtfnx-3545843844
2019-09-12 10:33:29,405 [pool-179-thread-1] INFO  storage.RaftStorage (RaftStorage.java:format(72)) - Storage directory /workdir/hadoop-ozone/integration-test/target/test-dir/MiniOzoneClusterImpl-2d656029-9dde-45a3-b7cd-f2d738c2cb44/datanode-5/data/ratis/2c6baf06-81d7-48ed-b356-1dad131feab0 has been successfully formatted.
2019-09-12 10:33:29,405 [pool-179-thread-1] INFO  ratis.ContainerStateMachine (ContainerStateMachine.java:loadSnapshot(226)) - group-1DAD131FEAB0: The snapshot info is null. Setting the last applied indexto:(t:0, i:~)
2019-09-12 10:33:29,405 [pool-179-thread-1] INFO  server.RaftServerConfigKeys (ConfUtils.java:logGet(43)) - raft.server.leader.election.timeout = 120s (custom)
2019-09-12 10:33:29,406 [pool-179-thread-1] INFO  server.RaftServerConfigKeys (ConfUtils.java:logGet(43)) - raft.server.log.use.memory = false (default)
2019-09-12 10:33:29,406 [pool-179-thread-1] INFO  server.RaftServerConfigKeys (ConfUtils.java:logGet(43)) - raft.server.log.purge.gap = 1000000 (custom)
2019-09-12 10:33:29,406 [pool-179-thread-1] INFO  server.RaftServerConfigKeys (ConfUtils.java:logGet(43)) - raft.server.log.appender.buffer.byte-limit = 33554432 (custom)
2019-09-12 10:33:29,406 [pool-179-thread-1] INFO  server.RaftServerConfigKeys (ConfUtils.java:logGet(43)) - raft.server.log.segment.size.max = 1048576 (custom)
2019-09-12 10:33:29,406 [pool-179-thread-1] INFO  server.RaftServerConfigKeys (ConfUtils.java:logGet(43)) - raft.server.log.segment.cache.num.max = 2 (custom)
2019-09-12 10:33:29,406 [pool-179-thread-1] INFO  segmented.SegmentedRaftLogWorker (SegmentedRaftLogWorker.java:<init>(172)) - new 23027111-0173-428f-b853-b511524375b8-SegmentedRaftLogWorker:Storage Directory /workdir/hadoop-ozone/integration-test/target/test-dir/MiniOzoneClusterImpl-2d656029-9dde-45a3-b7cd-f2d738c2cb44/datanode-5/data/ratis/2c6baf06-81d7-48ed-b356-1dad131feab0 for RaftStorage:Storage Directory /workdir/hadoop-ozone/integration-test/target/test-dir/MiniOzoneClusterImpl-2d656029-9dde-45a3-b7cd-f2d738c2cb44/datanode-5/data/ratis/2c6baf06-81d7-48ed-b356-1dad131feab0
2019-09-12 10:33:29,406 [pool-179-thread-1] INFO  server.RaftServerConfigKeys (ConfUtils.java:logGet(43)) - raft.server.log.queue.byte-limit = 2147483647 (custom)
2019-09-12 10:33:29,407 [pool-179-thread-1] INFO  server.RaftServerConfigKeys (ConfUtils.java:logGet(43)) - raft.server.log.queue.element-limit = 1024 (custom)
2019-09-12 10:33:29,407 [pool-179-thread-1] INFO  server.RaftServerConfigKeys (ConfUtils.java:logGet(43)) - raft.server.log.segment.size.max = 1048576 (custom)
2019-09-12 10:33:29,407 [pool-179-thread-1] INFO  server.RaftServerConfigKeys (ConfUtils.java:logGet(43)) - raft.server.log.preallocated.size = 16384 (custom)
2019-09-12 10:33:29,407 [pool-179-thread-1] INFO  server.RaftServerConfigKeys (ConfUtils.java:logGet(43)) - raft.server.log.write.buffer.size = 33554432 (custom)
2019-09-12 10:33:29,407 [pool-179-thread-1] INFO  server.RaftServerConfigKeys (ConfUtils.java:logGet(43)) - raft.server.log.force.sync.num = 128 (default)
2019-09-12 10:33:29,407 [pool-179-thread-1] INFO  server.RaftServerConfigKeys (ConfUtils.java:logGet(43)) - raft.server.log.statemachine.data.sync = true (default)
2019-09-12 10:33:29,408 [pool-179-thread-1] INFO  server.RaftServerConfigKeys (ConfUtils.java:logGet(43)) - raft.server.log.statemachine.data.sync.timeout = 10s (default)
2019-09-12 10:33:29,408 [pool-179-thread-1] INFO  server.RaftServerConfigKeys (ConfUtils.java:logGet(43)) - raft.server.log.statemachine.data.sync.timeout.retry = -1 (default)
2019-09-12 10:33:29,408 [pool-179-thread-1] INFO  server.RaftServerConfigKeys (ConfUtils.java:logGet(43)) - raft.server.log.statemachine.data.caching.enabled = true (custom)
2019-09-12 10:33:29,408 [pool-179-thread-1] INFO  segmented.SegmentedRaftLogWorker (SegmentedRaftLogWorker.java:lambda$new$0(132)) - 23027111-0173-428f-b853-b511524375b8-SegmentedRaftLogWorker:Storage Directory /workdir/hadoop-ozone/integration-test/target/test-dir/MiniOzoneClusterImpl-2d656029-9dde-45a3-b7cd-f2d738c2cb44/datanode-5/data/ratis/2c6baf06-81d7-48ed-b356-1dad131feab0: flushIndex: setUnconditionally 0 -> -1
2019-09-12 10:33:29,409 [pool-179-thread-1] INFO  server.RaftServerConfigKeys (ConfUtils.java:logGet(43)) - raft.server.snapshot.auto.trigger.enabled = true (custom)
2019-09-12 10:33:29,409 [pool-179-thread-1] INFO  server.RaftServerConfigKeys (ConfUtils.java:logGet(43)) - raft.server.snapshot.auto.trigger.threshold = 10000 (custom)
2019-09-12 10:33:29,409 [pool-179-thread-1] INFO  server.RaftServerConfigKeys (ConfUtils.java:logGet(43)) - raft.server.retrycache.expirytime = 600000ms (custom)
2019-09-12 10:33:29,409 [pool-179-thread-1] INFO  impl.RaftServerImpl (RaftServerImpl.java:start(180)) - 23027111-0173-428f-b853-b511524375b8: start group-1DAD131FEAB0
2019-09-12 10:33:29,409 [pool-179-thread-1] INFO  impl.RaftServerImpl (RaftServerImpl.java:setRole(171)) - 23027111-0173-428f-b853-b511524375b8:group-1DAD131FEAB0 changes role from null to FOLLOWER at term 0 for startAsFollower
2019-09-12 10:33:29,409 [pool-179-thread-1] INFO  impl.RoleInfo (RoleInfo.java:updateAndGet(143)) - 23027111-0173-428f-b853-b511524375b8: start FollowerState
2019-09-12 10:33:29,410 [pool-179-thread-1] INFO  util.JmxRegister (JmxRegister.java:tryRegister(44)) - Successfully registered JMX Bean with object name Ratis:service=RaftServer,group=group-1DAD131FEAB0,id=23027111-0173-428f-b853-b511524375b8
2019-09-12 10:33:29,413 [RatisPipelineUtilsThread] INFO  pipeline.PipelineStateManager (PipelineStateManager.java:addPipeline(56)) - Created pipeline Pipeline[ Id: 2c6baf06-81d7-48ed-b356-1dad131feab0, Nodes: 23027111-0173-428f-b853-b511524375b8{ip: 192.168.157.195, host: pr-hdds-1569-xtfnx-3545843844, networkLocation: /default-rack, certSerialId: null}, Type:RATIS, Factor:ONE, State:OPEN]
2019-09-12 10:33:29,414 [RatisPipelineUtilsThread] ERROR pipeline.PipelinePlacementPolicy (PipelinePlacementPolicy.java:meetCriteria(91)) - Pipeline Placement: Doesn't meet the criteria to be viable node. Heaviness: 6
2019-09-12 10:33:29,414 [RatisPipelineUtilsThread] ERROR pipeline.PipelinePlacementPolicy (PipelinePlacementPolicy.java:meetCriteria(91)) - Pipeline Placement: Doesn't meet the criteria to be viable node. Heaviness: 6
2019-09-12 10:33:29,414 [RatisPipelineUtilsThread] ERROR pipeline.PipelinePlacementPolicy (PipelinePlacementPolicy.java:meetCriteria(91)) - Pipeline Placement: Doesn't meet the criteria to be viable node. Heaviness: 6
2019-09-12 10:33:29,415 [RatisPipelineUtilsThread] ERROR pipeline.PipelinePlacementPolicy (PipelinePlacementPolicy.java:meetCriteria(91)) - Pipeline Placement: Doesn't meet the criteria to be viable node. Heaviness: 6
2019-09-12 10:33:29,415 [RatisPipelineUtilsThread] ERROR pipeline.PipelinePlacementPolicy (PipelinePlacementPolicy.java:meetCriteria(91)) - Pipeline Placement: Doesn't meet the criteria to be viable node. Heaviness: 6
2019-09-12 10:33:29,415 [RatisPipelineUtilsThread] ERROR pipeline.PipelinePlacementPolicy (PipelinePlacementPolicy.java:meetCriteria(91)) - Pipeline Placement: Doesn't meet the criteria to be viable node. Heaviness: 6
2019-09-12 10:33:29,421 [grpc-default-executor-0] INFO  impl.RaftServerProxy (RaftServerProxy.java:addNew(89)) - 2936a8fb-498a-4f06-abab-ab51bafc30e4: addNew group-99D3E23DEEC0:[2936a8fb-498a-4f06-abab-ab51bafc30e4:192.168.157.195:46079] returns group-99D3E23DEEC0:java.util.concurrent.CompletableFuture@5ea21579[Not completed]
2019-09-12 10:33:29,422 [pool-190-thread-1] INFO  impl.RaftServerImpl (RaftServerImpl.java:<init>(93)) - 2936a8fb-498a-4f06-abab-ab51bafc30e4: new RaftServerImpl for group-99D3E23DEEC0:[2936a8fb-498a-4f06-abab-ab51bafc30e4:192.168.157.195:46079] with ContainerStateMachine:uninitialized
2019-09-12 10:33:29,422 [pool-190-thread-1] INFO  server.RaftServerConfigKeys (ConfUtils.java:logGet(43)) - raft.server.rpc.timeout.min = 5s (custom)
2019-09-12 10:33:29,422 [pool-190-thread-1] INFO  server.RaftServerConfigKeys (ConfUtils.java:logGet(43)) - raft.server.rpc.timeout.max = 5200ms (custom)
2019-09-12 10:33:29,422 [pool-190-thread-1] INFO  server.RaftServerConfigKeys (ConfUtils.java:logGet(43)) - raft.server.rpcslowness.timeout = 120s (custom)
2019-09-12 10:33:29,422 [pool-190-thread-1] INFO  server.RaftServerConfigKeys (ConfUtils.java:logGet(43)) - raft.server.sleep.deviation.threshold = 300 (default)
2019-09-12 10:33:29,423 [pool-190-thread-1] INFO  server.RaftServerConfigKeys (ConfUtils.java:logGet(43)) - raft.server.log.appender.install.snapshot.enabled = false (custom)
2019-09-12 10:33:29,423 [pool-190-thread-1] INFO  impl.RaftServerImpl (ServerState.java:<init>(105)) - 2936a8fb-498a-4f06-abab-ab51bafc30e4:group-99D3E23DEEC0 ConfigurationManager, init=-1: [2936a8fb-498a-4f06-abab-ab51bafc30e4:192.168.157.195:46079], old=null, confs=<EMPTY_MAP>
2019-09-12 10:33:29,423 [pool-190-thread-1] INFO  server.RaftServerConfigKeys (ConfUtils.java:logGet(43)) - raft.server.storage.dir = [/workdir/hadoop-ozone/integration-test/target/test-dir/MiniOzoneClusterImpl-2d656029-9dde-45a3-b7cd-f2d738c2cb44/datanode-6/data/ratis] (custom)
2019-09-12 10:33:29,423 [pool-190-thread-1] INFO  storage.RaftStorageDirectory (RaftStorageDirectory.java:analyzeStorage(246)) - The storage directory /workdir/hadoop-ozone/integration-test/target/test-dir/MiniOzoneClusterImpl-2d656029-9dde-45a3-b7cd-f2d738c2cb44/datanode-6/data/ratis/c392bb4c-a0e9-487e-bf74-99d3e23deec0 does not exist. Creating ...
2019-09-12 10:33:29,437 [pool-190-thread-1] INFO  storage.RaftStorageDirectory (RaftStorageDirectory.java:tryLock(328)) - Lock on /workdir/hadoop-ozone/integration-test/target/test-dir/MiniOzoneClusterImpl-2d656029-9dde-45a3-b7cd-f2d738c2cb44/datanode-6/data/ratis/c392bb4c-a0e9-487e-bf74-99d3e23deec0/in_use.lock acquired by nodename 32653@pr-hdds-1569-xtfnx-3545843844
2019-09-12 10:33:29,450 [pool-190-thread-1] INFO  storage.RaftStorage (RaftStorage.java:format(72)) - Storage directory /workdir/hadoop-ozone/integration-test/target/test-dir/MiniOzoneClusterImpl-2d656029-9dde-45a3-b7cd-f2d738c2cb44/datanode-6/data/ratis/c392bb4c-a0e9-487e-bf74-99d3e23deec0 has been successfully formatted.
2019-09-12 10:33:29,450 [pool-190-thread-1] INFO  ratis.ContainerStateMachine (ContainerStateMachine.java:loadSnapshot(226)) - group-99D3E23DEEC0: The snapshot info is null. Setting the last applied indexto:(t:0, i:~)
2019-09-12 10:33:29,450 [pool-190-thread-1] INFO  server.RaftServerConfigKeys (ConfUtils.java:logGet(43)) - raft.server.leader.election.timeout = 120s (custom)
2019-09-12 10:33:29,450 [pool-190-thread-1] INFO  server.RaftServerConfigKeys (ConfUtils.java:logGet(43)) - raft.server.log.use.memory = false (default)
2019-09-12 10:33:29,450 [pool-190-thread-1] INFO  server.RaftServerConfigKeys (ConfUtils.java:logGet(43)) - raft.server.log.purge.gap = 1000000 (custom)
2019-09-12 10:33:29,450 [pool-190-thread-1] INFO  server.RaftServerConfigKeys (ConfUtils.java:logGet(43)) - raft.server.log.appender.buffer.byte-limit = 33554432 (custom)
2019-09-12 10:33:29,451 [pool-190-thread-1] INFO  server.RaftServerConfigKeys (ConfUtils.java:logGet(43)) - raft.server.log.segment.size.max = 1048576 (custom)
2019-09-12 10:33:29,451 [pool-190-thread-1] INFO  server.RaftServerConfigKeys (ConfUtils.java:logGet(43)) - raft.server.log.segment.cache.num.max = 2 (custom)
2019-09-12 10:33:29,451 [pool-190-thread-1] INFO  segmented.SegmentedRaftLogWorker (SegmentedRaftLogWorker.java:<init>(172)) - new 2936a8fb-498a-4f06-abab-ab51bafc30e4-SegmentedRaftLogWorker:Storage Directory /workdir/hadoop-ozone/integration-test/target/test-dir/MiniOzoneClusterImpl-2d656029-9dde-45a3-b7cd-f2d738c2cb44/datanode-6/data/ratis/c392bb4c-a0e9-487e-bf74-99d3e23deec0 for RaftStorage:Storage Directory /workdir/hadoop-ozone/integration-test/target/test-dir/MiniOzoneClusterImpl-2d656029-9dde-45a3-b7cd-f2d738c2cb44/datanode-6/data/ratis/c392bb4c-a0e9-487e-bf74-99d3e23deec0
2019-09-12 10:33:29,451 [pool-190-thread-1] INFO  server.RaftServerConfigKeys (ConfUtils.java:logGet(43)) - raft.server.log.queue.byte-limit = 2147483647 (custom)
2019-09-12 10:33:29,451 [pool-190-thread-1] INFO  server.RaftServerConfigKeys (ConfUtils.java:logGet(43)) - raft.server.log.queue.element-limit = 1024 (custom)
2019-09-12 10:33:29,451 [pool-190-thread-1] INFO  server.RaftServerConfigKeys (ConfUtils.java:logGet(43)) - raft.server.log.segment.size.max = 1048576 (custom)
2019-09-12 10:33:29,451 [pool-190-thread-1] INFO  server.RaftServerConfigKeys (ConfUtils.java:logGet(43)) - raft.server.log.preallocated.size = 16384 (custom)
2019-09-12 10:33:29,451 [pool-190-thread-1] INFO  server.RaftServerConfigKeys (ConfUtils.java:logGet(43)) - raft.server.log.write.buffer.size = 33554432 (custom)
2019-09-12 10:33:29,451 [pool-190-thread-1] INFO  server.RaftServerConfigKeys (ConfUtils.java:logGet(43)) - raft.server.log.force.sync.num = 128 (default)
2019-09-12 10:33:29,452 [pool-190-thread-1] INFO  server.RaftServerConfigKeys (ConfUtils.java:logGet(43)) - raft.server.log.statemachine.data.sync = true (default)
2019-09-12 10:33:29,452 [pool-190-thread-1] INFO  server.RaftServerConfigKeys (ConfUtils.java:logGet(43)) - raft.server.log.statemachine.data.sync.timeout = 10s (default)
2019-09-12 10:33:29,452 [pool-190-thread-1] INFO  server.RaftServerConfigKeys (ConfUtils.java:logGet(43)) - raft.server.log.statemachine.data.sync.timeout.retry = -1 (default)
2019-09-12 10:33:29,452 [pool-190-thread-1] INFO  server.RaftServerConfigKeys (ConfUtils.java:logGet(43)) - raft.server.log.statemachine.data.caching.enabled = true (custom)
2019-09-12 10:33:29,452 [pool-190-thread-1] INFO  segmented.SegmentedRaftLogWorker (SegmentedRaftLogWorker.java:lambda$new$0(132)) - 2936a8fb-498a-4f06-abab-ab51bafc30e4-SegmentedRaftLogWorker:Storage Directory /workdir/hadoop-ozone/integration-test/target/test-dir/MiniOzoneClusterImpl-2d656029-9dde-45a3-b7cd-f2d738c2cb44/datanode-6/data/ratis/c392bb4c-a0e9-487e-bf74-99d3e23deec0: flushIndex: setUnconditionally 0 -> -1
2019-09-12 10:33:29,452 [pool-190-thread-1] INFO  server.RaftServerConfigKeys (ConfUtils.java:logGet(43)) - raft.server.snapshot.auto.trigger.enabled = true (custom)
2019-09-12 10:33:29,453 [pool-190-thread-1] INFO  server.RaftServerConfigKeys (ConfUtils.java:logGet(43)) - raft.server.snapshot.auto.trigger.threshold = 10000 (custom)
2019-09-12 10:33:29,453 [pool-190-thread-1] INFO  server.RaftServerConfigKeys (ConfUtils.java:logGet(43)) - raft.server.retrycache.expirytime = 600000ms (custom)
2019-09-12 10:33:29,453 [pool-190-thread-1] INFO  impl.RaftServerImpl (RaftServerImpl.java:start(180)) - 2936a8fb-498a-4f06-abab-ab51bafc30e4: start group-99D3E23DEEC0
2019-09-12 10:33:29,453 [pool-190-thread-1] INFO  impl.RaftServerImpl (RaftServerImpl.java:setRole(171)) - 2936a8fb-498a-4f06-abab-ab51bafc30e4:group-99D3E23DEEC0 changes role from null to FOLLOWER at term 0 for startAsFollower
2019-09-12 10:33:29,453 [pool-190-thread-1] INFO  impl.RoleInfo (RoleInfo.java:updateAndGet(143)) - 2936a8fb-498a-4f06-abab-ab51bafc30e4: start FollowerState
2019-09-12 10:33:29,453 [pool-190-thread-1] INFO  util.JmxRegister (JmxRegister.java:tryRegister(44)) - Successfully registered JMX Bean with object name Ratis:service=RaftServer,group=group-99D3E23DEEC0,id=2936a8fb-498a-4f06-abab-ab51bafc30e4
2019-09-12 10:33:29,456 [RatisPipelineUtilsThread] INFO  pipeline.PipelineStateManager (PipelineStateManager.java:addPipeline(56)) - Created pipeline Pipeline[ Id: c392bb4c-a0e9-487e-bf74-99d3e23deec0, Nodes: 2936a8fb-498a-4f06-abab-ab51bafc30e4{ip: 192.168.157.195, host: pr-hdds-1569-xtfnx-3545843844, networkLocation: /default-rack, certSerialId: null}, Type:RATIS, Factor:ONE, State:OPEN]
2019-09-12 10:33:29,457 [RatisPipelineUtilsThread] ERROR pipeline.PipelinePlacementPolicy (PipelinePlacementPolicy.java:meetCriteria(91)) - Pipeline Placement: Doesn't meet the criteria to be viable node. Heaviness: 6
2019-09-12 10:33:29,457 [RatisPipelineUtilsThread] ERROR pipeline.PipelinePlacementPolicy (PipelinePlacementPolicy.java:meetCriteria(91)) - Pipeline Placement: Doesn't meet the criteria to be viable node. Heaviness: 6
2019-09-12 10:33:29,457 [RatisPipelineUtilsThread] ERROR pipeline.PipelinePlacementPolicy (PipelinePlacementPolicy.java:meetCriteria(91)) - Pipeline Placement: Doesn't meet the criteria to be viable node. Heaviness: 6
2019-09-12 10:33:29,457 [RatisPipelineUtilsThread] ERROR pipeline.PipelinePlacementPolicy (PipelinePlacementPolicy.java:meetCriteria(91)) - Pipeline Placement: Doesn't meet the criteria to be viable node. Heaviness: 6
2019-09-12 10:33:29,458 [RatisPipelineUtilsThread] ERROR pipeline.PipelinePlacementPolicy (PipelinePlacementPolicy.java:meetCriteria(91)) - Pipeline Placement: Doesn't meet the criteria to be viable node. Heaviness: 6
2019-09-12 10:33:29,458 [RatisPipelineUtilsThread] ERROR pipeline.PipelinePlacementPolicy (PipelinePlacementPolicy.java:meetCriteria(91)) - Pipeline Placement: Doesn't meet the criteria to be viable node. Heaviness: 6
2019-09-12 10:33:29,463 [grpc-default-executor-0] INFO  impl.RaftServerProxy (RaftServerProxy.java:addNew(89)) - 2936a8fb-498a-4f06-abab-ab51bafc30e4: addNew group-42B9542DCDC7:[2936a8fb-498a-4f06-abab-ab51bafc30e4:192.168.157.195:46079] returns group-42B9542DCDC7:java.util.concurrent.CompletableFuture@6e85fcac[Not completed]
2019-09-12 10:33:29,465 [pool-190-thread-1] INFO  impl.RaftServerImpl (RaftServerImpl.java:<init>(93)) - 2936a8fb-498a-4f06-abab-ab51bafc30e4: new RaftServerImpl for group-42B9542DCDC7:[2936a8fb-498a-4f06-abab-ab51bafc30e4:192.168.157.195:46079] with ContainerStateMachine:uninitialized
2019-09-12 10:33:29,465 [pool-190-thread-1] INFO  server.RaftServerConfigKeys (ConfUtils.java:logGet(43)) - raft.server.rpc.timeout.min = 5s (custom)
2019-09-12 10:33:29,465 [pool-190-thread-1] INFO  server.RaftServerConfigKeys (ConfUtils.java:logGet(43)) - raft.server.rpc.timeout.max = 5200ms (custom)
2019-09-12 10:33:29,465 [pool-190-thread-1] INFO  server.RaftServerConfigKeys (ConfUtils.java:logGet(43)) - raft.server.rpcslowness.timeout = 120s (custom)
2019-09-12 10:33:29,465 [pool-190-thread-1] INFO  server.RaftServerConfigKeys (ConfUtils.java:logGet(43)) - raft.server.sleep.deviation.threshold = 300 (default)
2019-09-12 10:33:29,465 [pool-190-thread-1] INFO  server.RaftServerConfigKeys (ConfUtils.java:logGet(43)) - raft.server.log.appender.install.snapshot.enabled = false (custom)
2019-09-12 10:33:29,466 [pool-190-thread-1] INFO  impl.RaftServerImpl (ServerState.java:<init>(105)) - 2936a8fb-498a-4f06-abab-ab51bafc30e4:group-42B9542DCDC7 ConfigurationManager, init=-1: [2936a8fb-498a-4f06-abab-ab51bafc30e4:192.168.157.195:46079], old=null, confs=<EMPTY_MAP>
2019-09-12 10:33:29,466 [pool-190-thread-1] INFO  server.RaftServerConfigKeys (ConfUtils.java:logGet(43)) - raft.server.storage.dir = [/workdir/hadoop-ozone/integration-test/target/test-dir/MiniOzoneClusterImpl-2d656029-9dde-45a3-b7cd-f2d738c2cb44/datanode-6/data/ratis] (custom)
2019-09-12 10:33:29,466 [pool-190-thread-1] INFO  storage.RaftStorageDirectory (RaftStorageDirectory.java:analyzeStorage(246)) - The storage directory /workdir/hadoop-ozone/integration-test/target/test-dir/MiniOzoneClusterImpl-2d656029-9dde-45a3-b7cd-f2d738c2cb44/datanode-6/data/ratis/e46406fd-dbc3-4142-aa35-42b9542dcdc7 does not exist. Creating ...
2019-09-12 10:33:29,469 | INFO  | SCMAudit | user=jenkins1000 | ip=192.168.157.195 | op=SEND_HEARTBEAT {datanodeUUID=010b2855-0e1d-4bbd-b76a-4560f989b9a3, command=[]} | ret=SUCCESS |  
2019-09-12 10:33:29,479 [pool-190-thread-1] INFO  storage.RaftStorageDirectory (RaftStorageDirectory.java:tryLock(328)) - Lock on /workdir/hadoop-ozone/integration-test/target/test-dir/MiniOzoneClusterImpl-2d656029-9dde-45a3-b7cd-f2d738c2cb44/datanode-6/data/ratis/e46406fd-dbc3-4142-aa35-42b9542dcdc7/in_use.lock acquired by nodename 32653@pr-hdds-1569-xtfnx-3545843844
2019-09-12 10:33:29,492 [pool-190-thread-1] INFO  storage.RaftStorage (RaftStorage.java:format(72)) - Storage directory /workdir/hadoop-ozone/integration-test/target/test-dir/MiniOzoneClusterImpl-2d656029-9dde-45a3-b7cd-f2d738c2cb44/datanode-6/data/ratis/e46406fd-dbc3-4142-aa35-42b9542dcdc7 has been successfully formatted.
2019-09-12 10:33:29,492 [pool-190-thread-1] INFO  ratis.ContainerStateMachine (ContainerStateMachine.java:loadSnapshot(226)) - group-42B9542DCDC7: The snapshot info is null. Setting the last applied indexto:(t:0, i:~)
2019-09-12 10:33:29,492 [pool-190-thread-1] INFO  server.RaftServerConfigKeys (ConfUtils.java:logGet(43)) - raft.server.leader.election.timeout = 120s (custom)
2019-09-12 10:33:29,492 [pool-190-thread-1] INFO  server.RaftServerConfigKeys (ConfUtils.java:logGet(43)) - raft.server.log.use.memory = false (default)
2019-09-12 10:33:29,493 [pool-190-thread-1] INFO  server.RaftServerConfigKeys (ConfUtils.java:logGet(43)) - raft.server.log.purge.gap = 1000000 (custom)
2019-09-12 10:33:29,493 [pool-190-thread-1] INFO  server.RaftServerConfigKeys (ConfUtils.java:logGet(43)) - raft.server.log.appender.buffer.byte-limit = 33554432 (custom)
2019-09-12 10:33:29,493 [pool-190-thread-1] INFO  server.RaftServerConfigKeys (ConfUtils.java:logGet(43)) - raft.server.log.segment.size.max = 1048576 (custom)
2019-09-12 10:33:29,493 [pool-190-thread-1] INFO  server.RaftServerConfigKeys (ConfUtils.java:logGet(43)) - raft.server.log.segment.cache.num.max = 2 (custom)
2019-09-12 10:33:29,493 [pool-190-thread-1] INFO  segmented.SegmentedRaftLogWorker (SegmentedRaftLogWorker.java:<init>(172)) - new 2936a8fb-498a-4f06-abab-ab51bafc30e4-SegmentedRaftLogWorker:Storage Directory /workdir/hadoop-ozone/integration-test/target/test-dir/MiniOzoneClusterImpl-2d656029-9dde-45a3-b7cd-f2d738c2cb44/datanode-6/data/ratis/e46406fd-dbc3-4142-aa35-42b9542dcdc7 for RaftStorage:Storage Directory /workdir/hadoop-ozone/integration-test/target/test-dir/MiniOzoneClusterImpl-2d656029-9dde-45a3-b7cd-f2d738c2cb44/datanode-6/data/ratis/e46406fd-dbc3-4142-aa35-42b9542dcdc7
2019-09-12 10:33:29,493 [pool-190-thread-1] INFO  server.RaftServerConfigKeys (ConfUtils.java:logGet(43)) - raft.server.log.queue.byte-limit = 2147483647 (custom)
2019-09-12 10:33:29,493 [pool-190-thread-1] INFO  server.RaftServerConfigKeys (ConfUtils.java:logGet(43)) - raft.server.log.queue.element-limit = 1024 (custom)
2019-09-12 10:33:29,493 [pool-190-thread-1] INFO  server.RaftServerConfigKeys (ConfUtils.java:logGet(43)) - raft.server.log.segment.size.max = 1048576 (custom)
2019-09-12 10:33:29,493 [pool-190-thread-1] INFO  server.RaftServerConfigKeys (ConfUtils.java:logGet(43)) - raft.server.log.preallocated.size = 16384 (custom)
2019-09-12 10:33:29,494 [pool-190-thread-1] INFO  server.RaftServerConfigKeys (ConfUtils.java:logGet(43)) - raft.server.log.write.buffer.size = 33554432 (custom)
2019-09-12 10:33:29,494 [pool-190-thread-1] INFO  server.RaftServerConfigKeys (ConfUtils.java:logGet(43)) - raft.server.log.force.sync.num = 128 (default)
2019-09-12 10:33:29,494 [pool-190-thread-1] INFO  server.RaftServerConfigKeys (ConfUtils.java:logGet(43)) - raft.server.log.statemachine.data.sync = true (default)
2019-09-12 10:33:29,494 [pool-190-thread-1] INFO  server.RaftServerConfigKeys (ConfUtils.java:logGet(43)) - raft.server.log.statemachine.data.sync.timeout = 10s (default)
2019-09-12 10:33:29,494 [pool-190-thread-1] INFO  server.RaftServerConfigKeys (ConfUtils.java:logGet(43)) - raft.server.log.statemachine.data.sync.timeout.retry = -1 (default)
2019-09-12 10:33:29,494 [pool-190-thread-1] INFO  server.RaftServerConfigKeys (ConfUtils.java:logGet(43)) - raft.server.log.statemachine.data.caching.enabled = true (custom)
2019-09-12 10:33:29,494 [pool-190-thread-1] INFO  segmented.SegmentedRaftLogWorker (SegmentedRaftLogWorker.java:lambda$new$0(132)) - 2936a8fb-498a-4f06-abab-ab51bafc30e4-SegmentedRaftLogWorker:Storage Directory /workdir/hadoop-ozone/integration-test/target/test-dir/MiniOzoneClusterImpl-2d656029-9dde-45a3-b7cd-f2d738c2cb44/datanode-6/data/ratis/e46406fd-dbc3-4142-aa35-42b9542dcdc7: flushIndex: setUnconditionally 0 -> -1
2019-09-12 10:33:29,495 [pool-190-thread-1] INFO  server.RaftServerConfigKeys (ConfUtils.java:logGet(43)) - raft.server.snapshot.auto.trigger.enabled = true (custom)
2019-09-12 10:33:29,495 [pool-190-thread-1] INFO  server.RaftServerConfigKeys (ConfUtils.java:logGet(43)) - raft.server.snapshot.auto.trigger.threshold = 10000 (custom)
2019-09-12 10:33:29,495 [pool-190-thread-1] INFO  server.RaftServerConfigKeys (ConfUtils.java:logGet(43)) - raft.server.retrycache.expirytime = 600000ms (custom)
2019-09-12 10:33:29,495 [pool-190-thread-1] INFO  impl.RaftServerImpl (RaftServerImpl.java:start(180)) - 2936a8fb-498a-4f06-abab-ab51bafc30e4: start group-42B9542DCDC7
2019-09-12 10:33:29,495 [pool-190-thread-1] INFO  impl.RaftServerImpl (RaftServerImpl.java:setRole(171)) - 2936a8fb-498a-4f06-abab-ab51bafc30e4:group-42B9542DCDC7 changes role from null to FOLLOWER at term 0 for startAsFollower
2019-09-12 10:33:29,495 [pool-190-thread-1] INFO  impl.RoleInfo (RoleInfo.java:updateAndGet(143)) - 2936a8fb-498a-4f06-abab-ab51bafc30e4: start FollowerState
2019-09-12 10:33:29,496 [pool-190-thread-1] INFO  util.JmxRegister (JmxRegister.java:tryRegister(44)) - Successfully registered JMX Bean with object name Ratis:service=RaftServer,group=group-42B9542DCDC7,id=2936a8fb-498a-4f06-abab-ab51bafc30e4
2019-09-12 10:33:29,499 [RatisPipelineUtilsThread] INFO  pipeline.PipelineStateManager (PipelineStateManager.java:addPipeline(56)) - Created pipeline Pipeline[ Id: e46406fd-dbc3-4142-aa35-42b9542dcdc7, Nodes: 2936a8fb-498a-4f06-abab-ab51bafc30e4{ip: 192.168.157.195, host: pr-hdds-1569-xtfnx-3545843844, networkLocation: /default-rack, certSerialId: null}, Type:RATIS, Factor:ONE, State:OPEN]
2019-09-12 10:33:29,499 [RatisPipelineUtilsThread] ERROR pipeline.PipelinePlacementPolicy (PipelinePlacementPolicy.java:meetCriteria(91)) - Pipeline Placement: Doesn't meet the criteria to be viable node. Heaviness: 6
2019-09-12 10:33:29,499 [RatisPipelineUtilsThread] ERROR pipeline.PipelinePlacementPolicy (PipelinePlacementPolicy.java:meetCriteria(91)) - Pipeline Placement: Doesn't meet the criteria to be viable node. Heaviness: 6
2019-09-12 10:33:29,500 [RatisPipelineUtilsThread] ERROR pipeline.PipelinePlacementPolicy (PipelinePlacementPolicy.java:meetCriteria(91)) - Pipeline Placement: Doesn't meet the criteria to be viable node. Heaviness: 6
2019-09-12 10:33:29,500 [RatisPipelineUtilsThread] ERROR pipeline.PipelinePlacementPolicy (PipelinePlacementPolicy.java:meetCriteria(91)) - Pipeline Placement: Doesn't meet the criteria to be viable node. Heaviness: 6
2019-09-12 10:33:29,500 [RatisPipelineUtilsThread] ERROR pipeline.PipelinePlacementPolicy (PipelinePlacementPolicy.java:meetCriteria(91)) - Pipeline Placement: Doesn't meet the criteria to be viable node. Heaviness: 6
2019-09-12 10:33:29,501 [RatisPipelineUtilsThread] ERROR pipeline.PipelinePlacementPolicy (PipelinePlacementPolicy.java:meetCriteria(91)) - Pipeline Placement: Doesn't meet the criteria to be viable node. Heaviness: 6
2019-09-12 10:33:29,506 [grpc-default-executor-0] INFO  impl.RaftServerProxy (RaftServerProxy.java:addNew(89)) - 2936a8fb-498a-4f06-abab-ab51bafc30e4: addNew group-7C48ACD2A735:[2936a8fb-498a-4f06-abab-ab51bafc30e4:192.168.157.195:46079] returns group-7C48ACD2A735:java.util.concurrent.CompletableFuture@2fe317dd[Not completed]
2019-09-12 10:33:29,507 [pool-190-thread-1] INFO  impl.RaftServerImpl (RaftServerImpl.java:<init>(93)) - 2936a8fb-498a-4f06-abab-ab51bafc30e4: new RaftServerImpl for group-7C48ACD2A735:[2936a8fb-498a-4f06-abab-ab51bafc30e4:192.168.157.195:46079] with ContainerStateMachine:uninitialized
2019-09-12 10:33:29,508 [pool-190-thread-1] INFO  server.RaftServerConfigKeys (ConfUtils.java:logGet(43)) - raft.server.rpc.timeout.min = 5s (custom)
2019-09-12 10:33:29,508 [pool-190-thread-1] INFO  server.RaftServerConfigKeys (ConfUtils.java:logGet(43)) - raft.server.rpc.timeout.max = 5200ms (custom)
2019-09-12 10:33:29,508 [pool-190-thread-1] INFO  server.RaftServerConfigKeys (ConfUtils.java:logGet(43)) - raft.server.rpcslowness.timeout = 120s (custom)
2019-09-12 10:33:29,508 [pool-190-thread-1] INFO  server.RaftServerConfigKeys (ConfUtils.java:logGet(43)) - raft.server.sleep.deviation.threshold = 300 (default)
2019-09-12 10:33:29,508 [pool-190-thread-1] INFO  server.RaftServerConfigKeys (ConfUtils.java:logGet(43)) - raft.server.log.appender.install.snapshot.enabled = false (custom)
2019-09-12 10:33:29,508 [pool-190-thread-1] INFO  impl.RaftServerImpl (ServerState.java:<init>(105)) - 2936a8fb-498a-4f06-abab-ab51bafc30e4:group-7C48ACD2A735 ConfigurationManager, init=-1: [2936a8fb-498a-4f06-abab-ab51bafc30e4:192.168.157.195:46079], old=null, confs=<EMPTY_MAP>
2019-09-12 10:33:29,508 [pool-190-thread-1] INFO  server.RaftServerConfigKeys (ConfUtils.java:logGet(43)) - raft.server.storage.dir = [/workdir/hadoop-ozone/integration-test/target/test-dir/MiniOzoneClusterImpl-2d656029-9dde-45a3-b7cd-f2d738c2cb44/datanode-6/data/ratis] (custom)
2019-09-12 10:33:29,509 [pool-190-thread-1] INFO  storage.RaftStorageDirectory (RaftStorageDirectory.java:analyzeStorage(246)) - The storage directory /workdir/hadoop-ozone/integration-test/target/test-dir/MiniOzoneClusterImpl-2d656029-9dde-45a3-b7cd-f2d738c2cb44/datanode-6/data/ratis/e2f67dbf-c05d-4b83-8931-7c48acd2a735 does not exist. Creating ...
2019-09-12 10:33:29,521 [pool-190-thread-1] INFO  storage.RaftStorageDirectory (RaftStorageDirectory.java:tryLock(328)) - Lock on /workdir/hadoop-ozone/integration-test/target/test-dir/MiniOzoneClusterImpl-2d656029-9dde-45a3-b7cd-f2d738c2cb44/datanode-6/data/ratis/e2f67dbf-c05d-4b83-8931-7c48acd2a735/in_use.lock acquired by nodename 32653@pr-hdds-1569-xtfnx-3545843844
2019-09-12 10:33:29,533 [pool-190-thread-1] INFO  storage.RaftStorage (RaftStorage.java:format(72)) - Storage directory /workdir/hadoop-ozone/integration-test/target/test-dir/MiniOzoneClusterImpl-2d656029-9dde-45a3-b7cd-f2d738c2cb44/datanode-6/data/ratis/e2f67dbf-c05d-4b83-8931-7c48acd2a735 has been successfully formatted.
2019-09-12 10:33:29,534 [pool-190-thread-1] INFO  ratis.ContainerStateMachine (ContainerStateMachine.java:loadSnapshot(226)) - group-7C48ACD2A735: The snapshot info is null. Setting the last applied indexto:(t:0, i:~)
2019-09-12 10:33:29,534 [pool-190-thread-1] INFO  server.RaftServerConfigKeys (ConfUtils.java:logGet(43)) - raft.server.leader.election.timeout = 120s (custom)
2019-09-12 10:33:29,534 [pool-190-thread-1] INFO  server.RaftServerConfigKeys (ConfUtils.java:logGet(43)) - raft.server.log.use.memory = false (default)
2019-09-12 10:33:29,534 [pool-190-thread-1] INFO  server.RaftServerConfigKeys (ConfUtils.java:logGet(43)) - raft.server.log.purge.gap = 1000000 (custom)
2019-09-12 10:33:29,534 [pool-190-thread-1] INFO  server.RaftServerConfigKeys (ConfUtils.java:logGet(43)) - raft.server.log.appender.buffer.byte-limit = 33554432 (custom)
2019-09-12 10:33:29,534 [pool-190-thread-1] INFO  server.RaftServerConfigKeys (ConfUtils.java:logGet(43)) - raft.server.log.segment.size.max = 1048576 (custom)
2019-09-12 10:33:29,534 [pool-190-thread-1] INFO  server.RaftServerConfigKeys (ConfUtils.java:logGet(43)) - raft.server.log.segment.cache.num.max = 2 (custom)
2019-09-12 10:33:29,534 [pool-190-thread-1] INFO  segmented.SegmentedRaftLogWorker (SegmentedRaftLogWorker.java:<init>(172)) - new 2936a8fb-498a-4f06-abab-ab51bafc30e4-SegmentedRaftLogWorker:Storage Directory /workdir/hadoop-ozone/integration-test/target/test-dir/MiniOzoneClusterImpl-2d656029-9dde-45a3-b7cd-f2d738c2cb44/datanode-6/data/ratis/e2f67dbf-c05d-4b83-8931-7c48acd2a735 for RaftStorage:Storage Directory /workdir/hadoop-ozone/integration-test/target/test-dir/MiniOzoneClusterImpl-2d656029-9dde-45a3-b7cd-f2d738c2cb44/datanode-6/data/ratis/e2f67dbf-c05d-4b83-8931-7c48acd2a735
2019-09-12 10:33:29,534 [pool-190-thread-1] INFO  server.RaftServerConfigKeys (ConfUtils.java:logGet(43)) - raft.server.log.queue.byte-limit = 2147483647 (custom)
2019-09-12 10:33:29,535 [pool-190-thread-1] INFO  server.RaftServerConfigKeys (ConfUtils.java:logGet(43)) - raft.server.log.queue.element-limit = 1024 (custom)
2019-09-12 10:33:29,535 [pool-190-thread-1] INFO  server.RaftServerConfigKeys (ConfUtils.java:logGet(43)) - raft.server.log.segment.size.max = 1048576 (custom)
2019-09-12 10:33:29,535 [pool-190-thread-1] INFO  server.RaftServerConfigKeys (ConfUtils.java:logGet(43)) - raft.server.log.preallocated.size = 16384 (custom)
2019-09-12 10:33:29,535 [pool-190-thread-1] INFO  server.RaftServerConfigKeys (ConfUtils.java:logGet(43)) - raft.server.log.write.buffer.size = 33554432 (custom)
2019-09-12 10:33:29,535 [pool-190-thread-1] INFO  server.RaftServerConfigKeys (ConfUtils.java:logGet(43)) - raft.server.log.force.sync.num = 128 (default)
2019-09-12 10:33:29,535 [pool-190-thread-1] INFO  server.RaftServerConfigKeys (ConfUtils.java:logGet(43)) - raft.server.log.statemachine.data.sync = true (default)
2019-09-12 10:33:29,535 [pool-190-thread-1] INFO  server.RaftServerConfigKeys (ConfUtils.java:logGet(43)) - raft.server.log.statemachine.data.sync.timeout = 10s (default)
2019-09-12 10:33:29,535 [pool-190-thread-1] INFO  server.RaftServerConfigKeys (ConfUtils.java:logGet(43)) - raft.server.log.statemachine.data.sync.timeout.retry = -1 (default)
2019-09-12 10:33:29,535 [pool-190-thread-1] INFO  server.RaftServerConfigKeys (ConfUtils.java:logGet(43)) - raft.server.log.statemachine.data.caching.enabled = true (custom)
2019-09-12 10:33:29,536 [pool-190-thread-1] INFO  segmented.SegmentedRaftLogWorker (SegmentedRaftLogWorker.java:lambda$new$0(132)) - 2936a8fb-498a-4f06-abab-ab51bafc30e4-SegmentedRaftLogWorker:Storage Directory /workdir/hadoop-ozone/integration-test/target/test-dir/MiniOzoneClusterImpl-2d656029-9dde-45a3-b7cd-f2d738c2cb44/datanode-6/data/ratis/e2f67dbf-c05d-4b83-8931-7c48acd2a735: flushIndex: setUnconditionally 0 -> -1
2019-09-12 10:33:29,536 [pool-190-thread-1] INFO  server.RaftServerConfigKeys (ConfUtils.java:logGet(43)) - raft.server.snapshot.auto.trigger.enabled = true (custom)
2019-09-12 10:33:29,536 [pool-190-thread-1] INFO  server.RaftServerConfigKeys (ConfUtils.java:logGet(43)) - raft.server.snapshot.auto.trigger.threshold = 10000 (custom)
2019-09-12 10:33:29,536 [pool-190-thread-1] INFO  server.RaftServerConfigKeys (ConfUtils.java:logGet(43)) - raft.server.retrycache.expirytime = 600000ms (custom)
2019-09-12 10:33:29,536 [pool-190-thread-1] INFO  impl.RaftServerImpl (RaftServerImpl.java:start(180)) - 2936a8fb-498a-4f06-abab-ab51bafc30e4: start group-7C48ACD2A735
2019-09-12 10:33:29,536 [pool-190-thread-1] INFO  impl.RaftServerImpl (RaftServerImpl.java:setRole(171)) - 2936a8fb-498a-4f06-abab-ab51bafc30e4:group-7C48ACD2A735 changes role from null to FOLLOWER at term 0 for startAsFollower
2019-09-12 10:33:29,537 [pool-190-thread-1] INFO  impl.RoleInfo (RoleInfo.java:updateAndGet(143)) - 2936a8fb-498a-4f06-abab-ab51bafc30e4: start FollowerState
2019-09-12 10:33:29,537 [pool-190-thread-1] INFO  util.JmxRegister (JmxRegister.java:tryRegister(44)) - Successfully registered JMX Bean with object name Ratis:service=RaftServer,group=group-7C48ACD2A735,id=2936a8fb-498a-4f06-abab-ab51bafc30e4
2019-09-12 10:33:29,540 [RatisPipelineUtilsThread] INFO  pipeline.PipelineStateManager (PipelineStateManager.java:addPipeline(56)) - Created pipeline Pipeline[ Id: e2f67dbf-c05d-4b83-8931-7c48acd2a735, Nodes: 2936a8fb-498a-4f06-abab-ab51bafc30e4{ip: 192.168.157.195, host: pr-hdds-1569-xtfnx-3545843844, networkLocation: /default-rack, certSerialId: null}, Type:RATIS, Factor:ONE, State:OPEN]
2019-09-12 10:33:29,540 [RatisPipelineUtilsThread] ERROR pipeline.PipelinePlacementPolicy (PipelinePlacementPolicy.java:meetCriteria(91)) - Pipeline Placement: Doesn't meet the criteria to be viable node. Heaviness: 6
2019-09-12 10:33:29,540 [RatisPipelineUtilsThread] ERROR pipeline.PipelinePlacementPolicy (PipelinePlacementPolicy.java:meetCriteria(91)) - Pipeline Placement: Doesn't meet the criteria to be viable node. Heaviness: 6
2019-09-12 10:33:29,541 [RatisPipelineUtilsThread] ERROR pipeline.PipelinePlacementPolicy (PipelinePlacementPolicy.java:meetCriteria(91)) - Pipeline Placement: Doesn't meet the criteria to be viable node. Heaviness: 6
2019-09-12 10:33:29,541 [RatisPipelineUtilsThread] ERROR pipeline.PipelinePlacementPolicy (PipelinePlacementPolicy.java:meetCriteria(91)) - Pipeline Placement: Doesn't meet the criteria to be viable node. Heaviness: 6
2019-09-12 10:33:29,541 [RatisPipelineUtilsThread] ERROR pipeline.PipelinePlacementPolicy (PipelinePlacementPolicy.java:meetCriteria(91)) - Pipeline Placement: Doesn't meet the criteria to be viable node. Heaviness: 6
2019-09-12 10:33:29,541 [RatisPipelineUtilsThread] ERROR pipeline.PipelinePlacementPolicy (PipelinePlacementPolicy.java:meetCriteria(91)) - Pipeline Placement: Doesn't meet the criteria to be viable node. Heaviness: 6
2019-09-12 10:33:29,541 [RatisPipelineUtilsThread] ERROR pipeline.PipelinePlacementPolicy (PipelinePlacementPolicy.java:meetCriteria(91)) - Pipeline Placement: Doesn't meet the criteria to be viable node. Heaviness: 6
2019-09-12 10:33:29,542 [RatisPipelineUtilsThread] ERROR pipeline.PipelinePlacementPolicy (PipelinePlacementPolicy.java:filterViableNodes(146)) - Unable to find enough nodes that meet the criteria that cannot engage in more than 5 pipelines. Nodes required: 1 Found: 0, healthy nodes count inNodeManager: 7.
2019-09-12 10:33:29,542 [RatisPipelineUtilsThread] ERROR pipeline.SCMPipelineManager (SCMPipelineManager.java:createPipeline(161)) - Pipeline creation failed due to exception: Unable to find enough nodes that meet the criteria that cannot engage in more than 5 pipelines. Nodes required: 1 Found: 0, healthy nodes count inNodeManager: 7.
2019-09-12 10:33:29,542 [RatisPipelineUtilsThread] ERROR pipeline.PipelinePlacementPolicy (PipelinePlacementPolicy.java:meetCriteria(91)) - Pipeline Placement: Doesn't meet the criteria to be viable node. Heaviness: 6
2019-09-12 10:33:29,542 [RatisPipelineUtilsThread] ERROR pipeline.PipelinePlacementPolicy (PipelinePlacementPolicy.java:meetCriteria(91)) - Pipeline Placement: Doesn't meet the criteria to be viable node. Heaviness: 6
2019-09-12 10:33:29,542 [RatisPipelineUtilsThread] ERROR pipeline.PipelinePlacementPolicy (PipelinePlacementPolicy.java:meetCriteria(91)) - Pipeline Placement: Doesn't meet the criteria to be viable node. Heaviness: 6
2019-09-12 10:33:29,542 [RatisPipelineUtilsThread] ERROR pipeline.PipelinePlacementPolicy (PipelinePlacementPolicy.java:meetCriteria(91)) - Pipeline Placement: Doesn't meet the criteria to be viable node. Heaviness: 6
2019-09-12 10:33:29,542 [RatisPipelineUtilsThread] ERROR pipeline.PipelinePlacementPolicy (PipelinePlacementPolicy.java:meetCriteria(91)) - Pipeline Placement: Doesn't meet the criteria to be viable node. Heaviness: 6
2019-09-12 10:33:29,543 [RatisPipelineUtilsThread] ERROR pipeline.PipelinePlacementPolicy (PipelinePlacementPolicy.java:meetCriteria(91)) - Pipeline Placement: Doesn't meet the criteria to be viable node. Heaviness: 6
2019-09-12 10:33:29,543 [RatisPipelineUtilsThread] ERROR pipeline.PipelinePlacementPolicy (PipelinePlacementPolicy.java:meetCriteria(91)) - Pipeline Placement: Doesn't meet the criteria to be viable node. Heaviness: 6
2019-09-12 10:33:29,543 [RatisPipelineUtilsThread] ERROR pipeline.PipelinePlacementPolicy (PipelinePlacementPolicy.java:filterViableNodes(146)) - Unable to find enough nodes that meet the criteria that cannot engage in more than 5 pipelines. Nodes required: 3 Found: 0, healthy nodes count inNodeManager: 7.
2019-09-12 10:33:29,543 [RatisPipelineUtilsThread] ERROR pipeline.SCMPipelineManager (SCMPipelineManager.java:createPipeline(161)) - Pipeline creation failed due to exception: Unable to find enough nodes that meet the criteria that cannot engage in more than 5 pipelines. Nodes required: 3 Found: 0, healthy nodes count inNodeManager: 7.
2019-09-12 10:33:29,543 [RatisPipelineUtilsThread] ERROR pipeline.PipelinePlacementPolicy (PipelinePlacementPolicy.java:meetCriteria(91)) - Pipeline Placement: Doesn't meet the criteria to be viable node. Heaviness: 6
2019-09-12 10:33:29,543 [RatisPipelineUtilsThread] ERROR pipeline.PipelinePlacementPolicy (PipelinePlacementPolicy.java:meetCriteria(91)) - Pipeline Placement: Doesn't meet the criteria to be viable node. Heaviness: 6
2019-09-12 10:33:29,544 [RatisPipelineUtilsThread] ERROR pipeline.PipelinePlacementPolicy (PipelinePlacementPolicy.java:meetCriteria(91)) - Pipeline Placement: Doesn't meet the criteria to be viable node. Heaviness: 6
2019-09-12 10:33:29,544 [RatisPipelineUtilsThread] ERROR pipeline.PipelinePlacementPolicy (PipelinePlacementPolicy.java:meetCriteria(91)) - Pipeline Placement: Doesn't meet the criteria to be viable node. Heaviness: 6
2019-09-12 10:33:29,544 [RatisPipelineUtilsThread] ERROR pipeline.PipelinePlacementPolicy (PipelinePlacementPolicy.java:meetCriteria(91)) - Pipeline Placement: Doesn't meet the criteria to be viable node. Heaviness: 6
2019-09-12 10:33:29,544 [RatisPipelineUtilsThread] ERROR pipeline.PipelinePlacementPolicy (PipelinePlacementPolicy.java:meetCriteria(91)) - Pipeline Placement: Doesn't meet the criteria to be viable node. Heaviness: 6
2019-09-12 10:33:29,544 [RatisPipelineUtilsThread] ERROR pipeline.PipelinePlacementPolicy (PipelinePlacementPolicy.java:meetCriteria(91)) - Pipeline Placement: Doesn't meet the criteria to be viable node. Heaviness: 6
2019-09-12 10:33:29,544 [RatisPipelineUtilsThread] ERROR pipeline.PipelinePlacementPolicy (PipelinePlacementPolicy.java:filterViableNodes(146)) - Unable to find enough nodes that meet the criteria that cannot engage in more than 5 pipelines. Nodes required: 1 Found: 0, healthy nodes count inNodeManager: 7.
2019-09-12 10:33:29,545 [RatisPipelineUtilsThread] ERROR pipeline.SCMPipelineManager (SCMPipelineManager.java:createPipeline(161)) - Pipeline creation failed due to exception: Unable to find enough nodes that meet the criteria that cannot engage in more than 5 pipelines. Nodes required: 1 Found: 0, healthy nodes count inNodeManager: 7.
2019-09-12 10:33:29,545 [RatisPipelineUtilsThread] ERROR pipeline.PipelinePlacementPolicy (PipelinePlacementPolicy.java:meetCriteria(91)) - Pipeline Placement: Doesn't meet the criteria to be viable node. Heaviness: 6
2019-09-12 10:33:29,545 [RatisPipelineUtilsThread] ERROR pipeline.PipelinePlacementPolicy (PipelinePlacementPolicy.java:meetCriteria(91)) - Pipeline Placement: Doesn't meet the criteria to be viable node. Heaviness: 6
2019-09-12 10:33:29,545 [RatisPipelineUtilsThread] ERROR pipeline.PipelinePlacementPolicy (PipelinePlacementPolicy.java:meetCriteria(91)) - Pipeline Placement: Doesn't meet the criteria to be viable node. Heaviness: 6
2019-09-12 10:33:29,545 [RatisPipelineUtilsThread] ERROR pipeline.PipelinePlacementPolicy (PipelinePlacementPolicy.java:meetCriteria(91)) - Pipeline Placement: Doesn't meet the criteria to be viable node. Heaviness: 6
2019-09-12 10:33:29,545 [RatisPipelineUtilsThread] ERROR pipeline.PipelinePlacementPolicy (PipelinePlacementPolicy.java:meetCriteria(91)) - Pipeline Placement: Doesn't meet the criteria to be viable node. Heaviness: 6
2019-09-12 10:33:29,546 [RatisPipelineUtilsThread] ERROR pipeline.PipelinePlacementPolicy (PipelinePlacementPolicy.java:meetCriteria(91)) - Pipeline Placement: Doesn't meet the criteria to be viable node. Heaviness: 6
2019-09-12 10:33:29,546 [RatisPipelineUtilsThread] ERROR pipeline.PipelinePlacementPolicy (PipelinePlacementPolicy.java:meetCriteria(91)) - Pipeline Placement: Doesn't meet the criteria to be viable node. Heaviness: 6
2019-09-12 10:33:29,546 [RatisPipelineUtilsThread] ERROR pipeline.PipelinePlacementPolicy (PipelinePlacementPolicy.java:filterViableNodes(146)) - Unable to find enough nodes that meet the criteria that cannot engage in more than 5 pipelines. Nodes required: 3 Found: 0, healthy nodes count inNodeManager: 7.
2019-09-12 10:33:29,546 [RatisPipelineUtilsThread] ERROR pipeline.SCMPipelineManager (SCMPipelineManager.java:createPipeline(161)) - Pipeline creation failed due to exception: Unable to find enough nodes that meet the criteria that cannot engage in more than 5 pipelines. Nodes required: 3 Found: 0, healthy nodes count inNodeManager: 7.
2019-09-12 10:33:29,664 | INFO  | SCMAudit | user=jenkins1000 | ip=192.168.157.195 | op=SEND_HEARTBEAT {datanodeUUID=e4b90157-0987-4622-adc9-0404bea551ef, command=[]} | ret=SUCCESS |  
2019-09-12 10:33:29,858 | INFO  | SCMAudit | user=jenkins1000 | ip=192.168.157.195 | op=SEND_HEARTBEAT {datanodeUUID=8bce8832-9727-4b35-a9b5-3df7187e4e21, command=[]} | ret=SUCCESS |  
2019-09-12 10:33:29,893 [main] INFO  ozone.MiniOzoneClusterImpl (MiniOzoneClusterImpl.java:lambda$waitForClusterToBeReady$0(142)) - Cluster is ready. Got 7 of 7 DN Heartbeats.
2019-09-12 10:33:29,946 [main] INFO  rpc.RpcClient (RpcClient.java:createVolume(293)) - Creating Volume: testblockoutputstreamwithretries, with jenkins1000 as owner.
2019-09-12 10:33:29,950 | INFO  | OMAudit | user=jenkins1000 | ip=127.0.0.1 | op=CREATE_VOLUME {admin=jenkins1000, owner=jenkins1000, volume=testblockoutputstreamwithretries, creationTime=1568284409949, quotaInBytes=1152921504606846976} | ret=SUCCESS |  
2019-09-12 10:33:29,962 | INFO  | OMAudit | user=jenkins1000 | ip=127.0.0.1 | op=READ_VOLUME {volume=testblockoutputstreamwithretries} | ret=SUCCESS |  
2019-09-12 10:33:29,963 [main] INFO  rpc.RpcClient (RpcClient.java:createBucket(432)) - Creating Bucket: testblockoutputstreamwithretries/testblockoutputstreamwithretries, with Versioning false and Storage Type set to DISK and Encryption set to false 
2019-09-12 10:33:29,967 | INFO  | OMAudit | user=jenkins1000 | ip=127.0.0.1 | op=CREATE_BUCKET {volume=testblockoutputstreamwithretries, bucket=testblockoutputstreamwithretries, acls=[user:jenkins1000:a[ACCESS], group:default:a[ACCESS]], isVersionEnabled=false, storageType=DISK, creationTime=0} | ret=SUCCESS |  
2019-09-12 10:33:29,970 | INFO  | OMAudit | user=jenkins1000 | ip=127.0.0.1 | op=READ_VOLUME {volume=testblockoutputstreamwithretries} | ret=SUCCESS |  
2019-09-12 10:33:29,972 | INFO  | OMAudit | user=jenkins1000 | ip=127.0.0.1 | op=READ_BUCKET {volume=testblockoutputstreamwithretries, bucket=testblockoutputstreamwithretries} | ret=SUCCESS |  
2019-09-12 10:33:29,980 [IPC Server handler 1 on 44832] ERROR pipeline.PipelinePlacementPolicy (PipelinePlacementPolicy.java:meetCriteria(91)) - Pipeline Placement: Doesn't meet the criteria to be viable node. Heaviness: 6
2019-09-12 10:33:29,981 [IPC Server handler 1 on 44832] ERROR pipeline.PipelinePlacementPolicy (PipelinePlacementPolicy.java:meetCriteria(91)) - Pipeline Placement: Doesn't meet the criteria to be viable node. Heaviness: 6
2019-09-12 10:33:29,981 [IPC Server handler 1 on 44832] ERROR pipeline.PipelinePlacementPolicy (PipelinePlacementPolicy.java:meetCriteria(91)) - Pipeline Placement: Doesn't meet the criteria to be viable node. Heaviness: 6
2019-09-12 10:33:29,981 [IPC Server handler 1 on 44832] ERROR pipeline.PipelinePlacementPolicy (PipelinePlacementPolicy.java:meetCriteria(91)) - Pipeline Placement: Doesn't meet the criteria to be viable node. Heaviness: 6
2019-09-12 10:33:29,981 [IPC Server handler 1 on 44832] ERROR pipeline.PipelinePlacementPolicy (PipelinePlacementPolicy.java:meetCriteria(91)) - Pipeline Placement: Doesn't meet the criteria to be viable node. Heaviness: 6
2019-09-12 10:33:29,982 [IPC Server handler 1 on 44832] ERROR pipeline.PipelinePlacementPolicy (PipelinePlacementPolicy.java:meetCriteria(91)) - Pipeline Placement: Doesn't meet the criteria to be viable node. Heaviness: 6
2019-09-12 10:33:29,982 [IPC Server handler 1 on 44832] ERROR pipeline.PipelinePlacementPolicy (PipelinePlacementPolicy.java:meetCriteria(91)) - Pipeline Placement: Doesn't meet the criteria to be viable node. Heaviness: 6
2019-09-12 10:33:29,982 [IPC Server handler 1 on 44832] ERROR pipeline.PipelinePlacementPolicy (PipelinePlacementPolicy.java:filterViableNodes(146)) - Unable to find enough nodes that meet the criteria that cannot engage in more than 5 pipelines. Nodes required: 3 Found: 0, healthy nodes count inNodeManager: 7.
2019-09-12 10:33:29,982 [IPC Server handler 1 on 44832] ERROR pipeline.SCMPipelineManager (SCMPipelineManager.java:createPipeline(161)) - Pipeline creation failed due to exception: Unable to find enough nodes that meet the criteria that cannot engage in more than 5 pipelines. Nodes required: 3 Found: 0, healthy nodes count inNodeManager: 7.
2019-09-12 10:33:29,983 [IPC Server handler 1 on 44832] WARN  block.BlockManagerImpl (BlockManagerImpl.java:allocateBlock(192)) - Pipeline creation failed for type:RATIS factor:THREE. Retrying get pipelines call once.
org.apache.hadoop.hdds.scm.exceptions.SCMException: Unable to find enough nodes that meet the criteria that cannot engage in more than 5 pipelines. Nodes required: 3 Found: 0, healthy nodes count inNodeManager: 7.
	at org.apache.hadoop.hdds.scm.pipeline.PipelinePlacementPolicy.filterViableNodes(PipelinePlacementPolicy.java:147)
	at org.apache.hadoop.hdds.scm.pipeline.PipelinePlacementPolicy.chooseDatanodes(PipelinePlacementPolicy.java:170)
	at org.apache.hadoop.hdds.scm.pipeline.RatisPipelineProvider.create(RatisPipelineProvider.java:92)
	at org.apache.hadoop.hdds.scm.pipeline.PipelineFactory.create(PipelineFactory.java:57)
	at org.apache.hadoop.hdds.scm.pipeline.SCMPipelineManager.createPipeline(SCMPipelineManager.java:149)
	at org.apache.hadoop.hdds.scm.block.BlockManagerImpl.allocateBlock(BlockManagerImpl.java:190)
	at org.apache.hadoop.hdds.scm.server.SCMBlockProtocolServer.allocateBlock(SCMBlockProtocolServer.java:175)
	at org.apache.hadoop.ozone.protocolPB.ScmBlockLocationProtocolServerSideTranslatorPB.allocateScmBlock(ScmBlockLocationProtocolServerSideTranslatorPB.java:153)
	at org.apache.hadoop.ozone.protocolPB.ScmBlockLocationProtocolServerSideTranslatorPB.send(ScmBlockLocationProtocolServerSideTranslatorPB.java:112)
	at org.apache.hadoop.hdds.protocol.proto.ScmBlockLocationProtocolProtos$ScmBlockLocationProtocolService$2.callBlockingMethod(ScmBlockLocationProtocolProtos.java:13157)
	at org.apache.hadoop.ipc.ProtobufRpcEngine$Server$ProtoBufRpcInvoker.call(ProtobufRpcEngine.java:524)
	at org.apache.hadoop.ipc.RPC$Server.call(RPC.java:1025)
	at org.apache.hadoop.ipc.Server$RpcCall.run(Server.java:876)
	at org.apache.hadoop.ipc.Server$RpcCall.run(Server.java:822)
	at java.security.AccessController.doPrivileged(Native Method)
	at javax.security.auth.Subject.doAs(Subject.java:422)
	at org.apache.hadoop.security.UserGroupInformation.doAs(UserGroupInformation.java:1730)
	at org.apache.hadoop.ipc.Server$Handler.run(Server.java:2682)
2019-09-12 10:33:29,983 [IPC Server handler 1 on 44832] INFO  block.BlockManagerImpl (BlockManagerImpl.java:allocateBlock(198)) - Could not find available pipeline of type:RATIS and factor:THREE even after retrying
2019-09-12 10:33:29,984 [IPC Server handler 1 on 44832] ERROR block.BlockManagerImpl (BlockManagerImpl.java:allocateBlock(222)) - Unable to allocate a block for the size: 800, type: RATIS, factor: THREE
2019-09-12 10:33:29,984 [IPC Server handler 1 on 44832] ERROR pipeline.PipelinePlacementPolicy (PipelinePlacementPolicy.java:meetCriteria(91)) - Pipeline Placement: Doesn't meet the criteria to be viable node. Heaviness: 6
2019-09-12 10:33:29,984 [IPC Server handler 1 on 44832] ERROR pipeline.PipelinePlacementPolicy (PipelinePlacementPolicy.java:meetCriteria(91)) - Pipeline Placement: Doesn't meet the criteria to be viable node. Heaviness: 6
2019-09-12 10:33:29,984 [IPC Server handler 1 on 44832] ERROR pipeline.PipelinePlacementPolicy (PipelinePlacementPolicy.java:meetCriteria(91)) - Pipeline Placement: Doesn't meet the criteria to be viable node. Heaviness: 6
2019-09-12 10:33:29,985 [IPC Server handler 1 on 44832] ERROR pipeline.PipelinePlacementPolicy (PipelinePlacementPolicy.java:meetCriteria(91)) - Pipeline Placement: Doesn't meet the criteria to be viable node. Heaviness: 6
2019-09-12 10:33:29,985 [IPC Server handler 1 on 44832] ERROR pipeline.PipelinePlacementPolicy (PipelinePlacementPolicy.java:meetCriteria(91)) - Pipeline Placement: Doesn't meet the criteria to be viable node. Heaviness: 6
2019-09-12 10:33:29,985 [IPC Server handler 1 on 44832] ERROR pipeline.PipelinePlacementPolicy (PipelinePlacementPolicy.java:meetCriteria(91)) - Pipeline Placement: Doesn't meet the criteria to be viable node. Heaviness: 6
2019-09-12 10:33:29,985 [IPC Server handler 1 on 44832] ERROR pipeline.PipelinePlacementPolicy (PipelinePlacementPolicy.java:meetCriteria(91)) - Pipeline Placement: Doesn't meet the criteria to be viable node. Heaviness: 6
2019-09-12 10:33:29,985 [IPC Server handler 1 on 44832] ERROR pipeline.PipelinePlacementPolicy (PipelinePlacementPolicy.java:filterViableNodes(146)) - Unable to find enough nodes that meet the criteria that cannot engage in more than 5 pipelines. Nodes required: 3 Found: 0, healthy nodes count inNodeManager: 7.
2019-09-12 10:33:29,986 [IPC Server handler 1 on 44832] ERROR pipeline.SCMPipelineManager (SCMPipelineManager.java:createPipeline(161)) - Pipeline creation failed due to exception: Unable to find enough nodes that meet the criteria that cannot engage in more than 5 pipelines. Nodes required: 3 Found: 0, healthy nodes count inNodeManager: 7.
2019-09-12 10:33:29,986 [IPC Server handler 1 on 44832] WARN  block.BlockManagerImpl (BlockManagerImpl.java:allocateBlock(192)) - Pipeline creation failed for type:RATIS factor:THREE. Retrying get pipelines call once.
org.apache.hadoop.hdds.scm.exceptions.SCMException: Unable to find enough nodes that meet the criteria that cannot engage in more than 5 pipelines. Nodes required: 3 Found: 0, healthy nodes count inNodeManager: 7.
	at org.apache.hadoop.hdds.scm.pipeline.PipelinePlacementPolicy.filterViableNodes(PipelinePlacementPolicy.java:147)
	at org.apache.hadoop.hdds.scm.pipeline.PipelinePlacementPolicy.chooseDatanodes(PipelinePlacementPolicy.java:170)
	at org.apache.hadoop.hdds.scm.pipeline.RatisPipelineProvider.create(RatisPipelineProvider.java:92)
	at org.apache.hadoop.hdds.scm.pipeline.PipelineFactory.create(PipelineFactory.java:57)
	at org.apache.hadoop.hdds.scm.pipeline.SCMPipelineManager.createPipeline(SCMPipelineManager.java:149)
	at org.apache.hadoop.hdds.scm.block.BlockManagerImpl.allocateBlock(BlockManagerImpl.java:190)
	at org.apache.hadoop.hdds.scm.server.SCMBlockProtocolServer.allocateBlock(SCMBlockProtocolServer.java:175)
	at org.apache.hadoop.ozone.protocolPB.ScmBlockLocationProtocolServerSideTranslatorPB.allocateScmBlock(ScmBlockLocationProtocolServerSideTranslatorPB.java:153)
	at org.apache.hadoop.ozone.protocolPB.ScmBlockLocationProtocolServerSideTranslatorPB.send(ScmBlockLocationProtocolServerSideTranslatorPB.java:112)
	at org.apache.hadoop.hdds.protocol.proto.ScmBlockLocationProtocolProtos$ScmBlockLocationProtocolService$2.callBlockingMethod(ScmBlockLocationProtocolProtos.java:13157)
	at org.apache.hadoop.ipc.ProtobufRpcEngine$Server$ProtoBufRpcInvoker.call(ProtobufRpcEngine.java:524)
	at org.apache.hadoop.ipc.RPC$Server.call(RPC.java:1025)
	at org.apache.hadoop.ipc.Server$RpcCall.run(Server.java:876)
	at org.apache.hadoop.ipc.Server$RpcCall.run(Server.java:822)
	at java.security.AccessController.doPrivileged(Native Method)
	at javax.security.auth.Subject.doAs(Subject.java:422)
	at org.apache.hadoop.security.UserGroupInformation.doAs(UserGroupInformation.java:1730)
	at org.apache.hadoop.ipc.Server$Handler.run(Server.java:2682)
2019-09-12 10:33:29,987 [IPC Server handler 1 on 44832] INFO  block.BlockManagerImpl (BlockManagerImpl.java:allocateBlock(198)) - Could not find available pipeline of type:RATIS and factor:THREE even after retrying
2019-09-12 10:33:29,987 [IPC Server handler 1 on 44832] ERROR block.BlockManagerImpl (BlockManagerImpl.java:allocateBlock(222)) - Unable to allocate a block for the size: 800, type: RATIS, factor: THREE
2019-09-12 10:33:29,987 [IPC Server handler 1 on 44832] ERROR pipeline.PipelinePlacementPolicy (PipelinePlacementPolicy.java:meetCriteria(91)) - Pipeline Placement: Doesn't meet the criteria to be viable node. Heaviness: 6
2019-09-12 10:33:29,987 [IPC Server handler 1 on 44832] ERROR pipeline.PipelinePlacementPolicy (PipelinePlacementPolicy.java:meetCriteria(91)) - Pipeline Placement: Doesn't meet the criteria to be viable node. Heaviness: 6
2019-09-12 10:33:29,987 [IPC Server handler 1 on 44832] ERROR pipeline.PipelinePlacementPolicy (PipelinePlacementPolicy.java:meetCriteria(91)) - Pipeline Placement: Doesn't meet the criteria to be viable node. Heaviness: 6
2019-09-12 10:33:29,988 [IPC Server handler 1 on 44832] ERROR pipeline.PipelinePlacementPolicy (PipelinePlacementPolicy.java:meetCriteria(91)) - Pipeline Placement: Doesn't meet the criteria to be viable node. Heaviness: 6
2019-09-12 10:33:29,988 [IPC Server handler 1 on 44832] ERROR pipeline.PipelinePlacementPolicy (PipelinePlacementPolicy.java:meetCriteria(91)) - Pipeline Placement: Doesn't meet the criteria to be viable node. Heaviness: 6
2019-09-12 10:33:29,988 [IPC Server handler 1 on 44832] ERROR pipeline.PipelinePlacementPolicy (PipelinePlacementPolicy.java:meetCriteria(91)) - Pipeline Placement: Doesn't meet the criteria to be viable node. Heaviness: 6
2019-09-12 10:33:29,988 [IPC Server handler 1 on 44832] ERROR pipeline.PipelinePlacementPolicy (PipelinePlacementPolicy.java:meetCriteria(91)) - Pipeline Placement: Doesn't meet the criteria to be viable node. Heaviness: 6
2019-09-12 10:33:29,988 [IPC Server handler 1 on 44832] ERROR pipeline.PipelinePlacementPolicy (PipelinePlacementPolicy.java:filterViableNodes(146)) - Unable to find enough nodes that meet the criteria that cannot engage in more than 5 pipelines. Nodes required: 3 Found: 0, healthy nodes count inNodeManager: 7.
2019-09-12 10:33:29,989 [IPC Server handler 1 on 44832] ERROR pipeline.SCMPipelineManager (SCMPipelineManager.java:createPipeline(161)) - Pipeline creation failed due to exception: Unable to find enough nodes that meet the criteria that cannot engage in more than 5 pipelines. Nodes required: 3 Found: 0, healthy nodes count inNodeManager: 7.
2019-09-12 10:33:29,989 [IPC Server handler 1 on 44832] WARN  block.BlockManagerImpl (BlockManagerImpl.java:allocateBlock(192)) - Pipeline creation failed for type:RATIS factor:THREE. Retrying get pipelines call once.
org.apache.hadoop.hdds.scm.exceptions.SCMException: Unable to find enough nodes that meet the criteria that cannot engage in more than 5 pipelines. Nodes required: 3 Found: 0, healthy nodes count inNodeManager: 7.
	at org.apache.hadoop.hdds.scm.pipeline.PipelinePlacementPolicy.filterViableNodes(PipelinePlacementPolicy.java:147)
	at org.apache.hadoop.hdds.scm.pipeline.PipelinePlacementPolicy.chooseDatanodes(PipelinePlacementPolicy.java:170)
	at org.apache.hadoop.hdds.scm.pipeline.RatisPipelineProvider.create(RatisPipelineProvider.java:92)
	at org.apache.hadoop.hdds.scm.pipeline.PipelineFactory.create(PipelineFactory.java:57)
	at org.apache.hadoop.hdds.scm.pipeline.SCMPipelineManager.createPipeline(SCMPipelineManager.java:149)
	at org.apache.hadoop.hdds.scm.block.BlockManagerImpl.allocateBlock(BlockManagerImpl.java:190)
	at org.apache.hadoop.hdds.scm.server.SCMBlockProtocolServer.allocateBlock(SCMBlockProtocolServer.java:175)
	at org.apache.hadoop.ozone.protocolPB.ScmBlockLocationProtocolServerSideTranslatorPB.allocateScmBlock(ScmBlockLocationProtocolServerSideTranslatorPB.java:153)
	at org.apache.hadoop.ozone.protocolPB.ScmBlockLocationProtocolServerSideTranslatorPB.send(ScmBlockLocationProtocolServerSideTranslatorPB.java:112)
	at org.apache.hadoop.hdds.protocol.proto.ScmBlockLocationProtocolProtos$ScmBlockLocationProtocolService$2.callBlockingMethod(ScmBlockLocationProtocolProtos.java:13157)
	at org.apache.hadoop.ipc.ProtobufRpcEngine$Server$ProtoBufRpcInvoker.call(ProtobufRpcEngine.java:524)
	at org.apache.hadoop.ipc.RPC$Server.call(RPC.java:1025)
	at org.apache.hadoop.ipc.Server$RpcCall.run(Server.java:876)
	at org.apache.hadoop.ipc.Server$RpcCall.run(Server.java:822)
	at java.security.AccessController.doPrivileged(Native Method)
	at javax.security.auth.Subject.doAs(Subject.java:422)
	at org.apache.hadoop.security.UserGroupInformation.doAs(UserGroupInformation.java:1730)
	at org.apache.hadoop.ipc.Server$Handler.run(Server.java:2682)
2019-09-12 10:33:29,989 [IPC Server handler 1 on 44832] INFO  block.BlockManagerImpl (BlockManagerImpl.java:allocateBlock(198)) - Could not find available pipeline of type:RATIS and factor:THREE even after retrying
2019-09-12 10:33:29,989 [IPC Server handler 1 on 44832] ERROR block.BlockManagerImpl (BlockManagerImpl.java:allocateBlock(222)) - Unable to allocate a block for the size: 800, type: RATIS, factor: THREE
2019-09-12 10:33:29,990 [IPC Server handler 1 on 44832] ERROR pipeline.PipelinePlacementPolicy (PipelinePlacementPolicy.java:meetCriteria(91)) - Pipeline Placement: Doesn't meet the criteria to be viable node. Heaviness: 6
2019-09-12 10:33:29,990 [IPC Server handler 1 on 44832] ERROR pipeline.PipelinePlacementPolicy (PipelinePlacementPolicy.java:meetCriteria(91)) - Pipeline Placement: Doesn't meet the criteria to be viable node. Heaviness: 6
2019-09-12 10:33:29,990 [IPC Server handler 1 on 44832] ERROR pipeline.PipelinePlacementPolicy (PipelinePlacementPolicy.java:meetCriteria(91)) - Pipeline Placement: Doesn't meet the criteria to be viable node. Heaviness: 6
2019-09-12 10:33:29,990 [IPC Server handler 1 on 44832] ERROR pipeline.PipelinePlacementPolicy (PipelinePlacementPolicy.java:meetCriteria(91)) - Pipeline Placement: Doesn't meet the criteria to be viable node. Heaviness: 6
2019-09-12 10:33:29,991 [IPC Server handler 1 on 44832] ERROR pipeline.PipelinePlacementPolicy (PipelinePlacementPolicy.java:meetCriteria(91)) - Pipeline Placement: Doesn't meet the criteria to be viable node. Heaviness: 6
2019-09-12 10:33:29,991 [IPC Server handler 1 on 44832] ERROR pipeline.PipelinePlacementPolicy (PipelinePlacementPolicy.java:meetCriteria(91)) - Pipeline Placement: Doesn't meet the criteria to be viable node. Heaviness: 6
2019-09-12 10:33:29,991 [IPC Server handler 1 on 44832] ERROR pipeline.PipelinePlacementPolicy (PipelinePlacementPolicy.java:meetCriteria(91)) - Pipeline Placement: Doesn't meet the criteria to be viable node. Heaviness: 6
2019-09-12 10:33:29,991 [IPC Server handler 1 on 44832] ERROR pipeline.PipelinePlacementPolicy (PipelinePlacementPolicy.java:filterViableNodes(146)) - Unable to find enough nodes that meet the criteria that cannot engage in more than 5 pipelines. Nodes required: 3 Found: 0, healthy nodes count inNodeManager: 7.
2019-09-12 10:33:29,991 [IPC Server handler 1 on 44832] ERROR pipeline.SCMPipelineManager (SCMPipelineManager.java:createPipeline(161)) - Pipeline creation failed due to exception: Unable to find enough nodes that meet the criteria that cannot engage in more than 5 pipelines. Nodes required: 3 Found: 0, healthy nodes count inNodeManager: 7.
2019-09-12 10:33:29,992 [IPC Server handler 1 on 44832] WARN  block.BlockManagerImpl (BlockManagerImpl.java:allocateBlock(192)) - Pipeline creation failed for type:RATIS factor:THREE. Retrying get pipelines call once.
org.apache.hadoop.hdds.scm.exceptions.SCMException: Unable to find enough nodes that meet the criteria that cannot engage in more than 5 pipelines. Nodes required: 3 Found: 0, healthy nodes count inNodeManager: 7.
	at org.apache.hadoop.hdds.scm.pipeline.PipelinePlacementPolicy.filterViableNodes(PipelinePlacementPolicy.java:147)
	at org.apache.hadoop.hdds.scm.pipeline.PipelinePlacementPolicy.chooseDatanodes(PipelinePlacementPolicy.java:170)
	at org.apache.hadoop.hdds.scm.pipeline.RatisPipelineProvider.create(RatisPipelineProvider.java:92)
	at org.apache.hadoop.hdds.scm.pipeline.PipelineFactory.create(PipelineFactory.java:57)
	at org.apache.hadoop.hdds.scm.pipeline.SCMPipelineManager.createPipeline(SCMPipelineManager.java:149)
	at org.apache.hadoop.hdds.scm.block.BlockManagerImpl.allocateBlock(BlockManagerImpl.java:190)
	at org.apache.hadoop.hdds.scm.server.SCMBlockProtocolServer.allocateBlock(SCMBlockProtocolServer.java:175)
	at org.apache.hadoop.ozone.protocolPB.ScmBlockLocationProtocolServerSideTranslatorPB.allocateScmBlock(ScmBlockLocationProtocolServerSideTranslatorPB.java:153)
	at org.apache.hadoop.ozone.protocolPB.ScmBlockLocationProtocolServerSideTranslatorPB.send(ScmBlockLocationProtocolServerSideTranslatorPB.java:112)
	at org.apache.hadoop.hdds.protocol.proto.ScmBlockLocationProtocolProtos$ScmBlockLocationProtocolService$2.callBlockingMethod(ScmBlockLocationProtocolProtos.java:13157)
	at org.apache.hadoop.ipc.ProtobufRpcEngine$Server$ProtoBufRpcInvoker.call(ProtobufRpcEngine.java:524)
	at org.apache.hadoop.ipc.RPC$Server.call(RPC.java:1025)
	at org.apache.hadoop.ipc.Server$RpcCall.run(Server.java:876)
	at org.apache.hadoop.ipc.Server$RpcCall.run(Server.java:822)
	at java.security.AccessController.doPrivileged(Native Method)
	at javax.security.auth.Subject.doAs(Subject.java:422)
	at org.apache.hadoop.security.UserGroupInformation.doAs(UserGroupInformation.java:1730)
	at org.apache.hadoop.ipc.Server$Handler.run(Server.java:2682)
2019-09-12 10:33:29,992 [IPC Server handler 1 on 44832] INFO  block.BlockManagerImpl (BlockManagerImpl.java:allocateBlock(198)) - Could not find available pipeline of type:RATIS and factor:THREE even after retrying
2019-09-12 10:33:29,992 [IPC Server handler 1 on 44832] ERROR block.BlockManagerImpl (BlockManagerImpl.java:allocateBlock(222)) - Unable to allocate a block for the size: 800, type: RATIS, factor: THREE
2019-09-12 10:33:29,992 | INFO  | SCMAudit | user=jenkins1000 | ip=192.168.157.195 | op=ALLOCATE_BLOCK {owner=52d3b64a-fc7b-418b-a00d-eea927889d68, size=800, type=RATIS, factor=THREE} | ret=SUCCESS |  
2019-09-12 10:33:29,995 | ERROR | OMAudit | user=jenkins1000 | ip=127.0.0.1 | op=ALLOCATE_KEY {volume=testblockoutputstreamwithretries, bucket=testblockoutputstreamwithretries, key=39611cbc-6e80-4bba-8e01-520645474e4e, dataSize=3200, replicationType=RATIS, replicationFactor=THREE, keyLocationInfo=null} | ret=FAILURE | org.apache.hadoop.hdds.scm.exceptions.SCMException: Allocated 0 blocks. Requested 4 blocks
	at org.apache.hadoop.hdds.scm.protocolPB.ScmBlockLocationProtocolClientSideTranslatorPB.handleError(ScmBlockLocationProtocolClientSideTranslatorPB.java:118)
	at org.apache.hadoop.hdds.scm.protocolPB.ScmBlockLocationProtocolClientSideTranslatorPB.allocateBlock(ScmBlockLocationProtocolClientSideTranslatorPB.java:156) 
2019-09-12 10:33:29,997 [main] INFO  ozone.MiniOzoneClusterImpl (MiniOzoneClusterImpl.java:shutdown(321)) - Shutting down the Mini Ozone Cluster
2019-09-12 10:33:29,997 | INFO  | SCMAudit | user=null | ip=null | op=GET_SCM_INFO null | ret=SUCCESS |  
2019-09-12 10:33:29,997 [main] INFO  ozone.MiniOzoneClusterImpl (MiniOzoneClusterImpl.java:stop(336)) - Stopping the Mini Ozone Cluster
2019-09-12 10:33:29,998 [main] INFO  ozone.MiniOzoneClusterImpl (MiniOzoneClusterImpl.java:stop(338)) - Stopping the OzoneManager
2019-09-12 10:33:29,998 [main] INFO  ipc.Server (Server.java:stop(3082)) - Stopping server on 38777
2019-09-12 10:33:30,004 [IPC Server listener on 38777] INFO  ipc.Server (Server.java:run(1185)) - Stopping IPC Server listener on 38777
2019-09-12 10:33:30,008 [main] INFO  ratis.OzoneManagerDoubleBuffer (OzoneManagerDoubleBuffer.java:stop(248)) - Stopping OMDoubleBuffer flush thread
2019-09-12 10:33:30,008 [IPC Server Responder] INFO  ipc.Server (Server.java:run(1319)) - Stopping IPC Server Responder
2019-09-12 10:33:30,032 [OMDoubleBufferFlushThread] INFO  ratis.OzoneManagerDoubleBuffer (OzoneManagerDoubleBuffer.java:flushTransactions(191)) - OMDoubleBuffer flush thread OMDoubleBufferFlushThread is interrupted and will exit. OMDoubleBufferFlushThread
2019-09-12 10:33:30,047 [main] INFO  utils.BackgroundService (BackgroundService.java:shutdown(148)) - Shutting down service KeyDeletingService
2019-09-12 10:33:30,049 | INFO  | SCMAudit | user=jenkins1000 | ip=192.168.157.195 | op=SEND_HEARTBEAT {datanodeUUID=afdb29cf-c3b8-498d-8640-0d0c0297edd0, command=[]} | ret=SUCCESS |  
2019-09-12 10:33:30,050 [main] INFO  handler.ContextHandler (ContextHandler.java:doStop(910)) - Stopped o.e.j.w.WebAppContext@4b85edeb{/,null,UNAVAILABLE}{/ozoneManager}
2019-09-12 10:33:30,051 [main] INFO  server.AbstractConnector (AbstractConnector.java:doStop(318)) - Stopped ServerConnector@5731caaf{HTTP/1.1,[http/1.1]}{0.0.0.0:0}
2019-09-12 10:33:30,051 [main] INFO  handler.ContextHandler (ContextHandler.java:doStop(910)) - Stopped o.e.j.s.ServletContextHandler@5c8ab9de{/static,file:///workdir/hadoop-ozone/integration-test/target/test-classes/webapps/static,UNAVAILABLE}
2019-09-12 10:33:30,052 [main] INFO  handler.ContextHandler (ContextHandler.java:doStop(910)) - Stopped o.e.j.s.ServletContextHandler@bfe47a8{/logs,file:///workdir/hadoop-ozone/integration-test/target/log,UNAVAILABLE}
2019-09-12 10:33:30,056 [main] INFO  ozone.MiniOzoneClusterImpl (MiniOzoneClusterImpl.java:stop(344)) - Shutting the HddsDatanodes
2019-09-12 10:33:30,057 [main] INFO  datanode.ObjectStoreHandler (ObjectStoreHandler.java:close(155)) - Closing ObjectStoreHandler.
2019-09-12 10:33:30,057 [ForkJoinPool.commonPool-worker-1] INFO  datanode.ObjectStoreHandler (ObjectStoreHandler.java:close(155)) - Closing ObjectStoreHandler.
2019-09-12 10:33:30,058 [main] INFO  ozone.HddsDatanodeService (HddsDatanodeService.java:stop(451)) - Stopped plug-in org.apache.hadoop.ozone.web.OzoneHddsDatanodeService@6f655dbd
2019-09-12 10:33:30,058 [ForkJoinPool.commonPool-worker-1] INFO  ozone.HddsDatanodeService (HddsDatanodeService.java:stop(451)) - Stopped plug-in org.apache.hadoop.ozone.web.OzoneHddsDatanodeService@686b1e2d
2019-09-12 10:33:30,228 [Datanode State Machine Thread - 0] INFO  statemachine.DatanodeStateMachine (DatanodeStateMachine.java:lambda$startDaemon$0(350)) - Ozone container server started.
2019-09-12 10:33:30,468 | INFO  | SCMAudit | user=jenkins1000 | ip=192.168.157.195 | op=SEND_HEARTBEAT {datanodeUUID=010b2855-0e1d-4bbd-b76a-4560f989b9a3, command=[]} | ret=SUCCESS |  
2019-09-12 10:33:30,482 [Thread-683] INFO  container.ReplicationManager (ReplicationManager.java:start(151)) - Starting Replication Monitor Thread.
2019-09-12 10:33:30,486 [ReplicationMonitor] INFO  container.ReplicationManager (ReplicationManager.java:run(214)) - Replication Monitor Thread took 0 milliseconds for processing 0 containers.
2019-09-12 10:33:30,662 [Datanode State Machine Thread - 0] INFO  statemachine.DatanodeStateMachine (DatanodeStateMachine.java:lambda$startDaemon$0(350)) - Ozone container server started.
2019-09-12 10:33:30,717 | INFO  | SCMAudit | user=jenkins1000 | ip=192.168.157.195 | op=SEND_HEARTBEAT {datanodeUUID=23027111-0173-428f-b853-b511524375b8, command=[]} | ret=SUCCESS |  
2019-09-12 10:33:30,857 | INFO  | SCMAudit | user=jenkins1000 | ip=192.168.157.195 | op=SEND_HEARTBEAT {datanodeUUID=8bce8832-9727-4b35-a9b5-3df7187e4e21, command=[]} | ret=SUCCESS |  
2019-09-12 10:33:30,896 | INFO  | SCMAudit | user=jenkins1000 | ip=192.168.157.195 | op=SEND_HEARTBEAT {datanodeUUID=2936a8fb-498a-4f06-abab-ab51bafc30e4, command=[]} | ret=SUCCESS |  
2019-09-12 10:33:31,049 | INFO  | SCMAudit | user=jenkins1000 | ip=192.168.157.195 | op=SEND_HEARTBEAT {datanodeUUID=afdb29cf-c3b8-498d-8640-0d0c0297edd0, command=[]} | ret=SUCCESS |  
2019-09-12 10:33:31,470 | INFO  | SCMAudit | user=jenkins1000 | ip=192.168.157.195 | op=SEND_HEARTBEAT {datanodeUUID=010b2855-0e1d-4bbd-b76a-4560f989b9a3, command=[]} | ret=SUCCESS |  
2019-09-12 10:33:31,718 | INFO  | SCMAudit | user=jenkins1000 | ip=192.168.157.195 | op=SEND_HEARTBEAT {datanodeUUID=23027111-0173-428f-b853-b511524375b8, command=[]} | ret=SUCCESS |  
2019-09-12 10:33:31,857 | INFO  | SCMAudit | user=jenkins1000 | ip=192.168.157.195 | op=SEND_HEARTBEAT {datanodeUUID=8bce8832-9727-4b35-a9b5-3df7187e4e21, command=[]} | ret=SUCCESS |  
2019-09-12 10:33:31,896 | INFO  | SCMAudit | user=jenkins1000 | ip=192.168.157.195 | op=SEND_HEARTBEAT {datanodeUUID=2936a8fb-498a-4f06-abab-ab51bafc30e4, command=[]} | ret=SUCCESS |  
2019-09-12 10:33:32,050 | INFO  | SCMAudit | user=jenkins1000 | ip=192.168.157.195 | op=SEND_HEARTBEAT {datanodeUUID=afdb29cf-c3b8-498d-8640-0d0c0297edd0, command=[]} | ret=SUCCESS |  
2019-09-12 10:33:32,469 | INFO  | SCMAudit | user=jenkins1000 | ip=192.168.157.195 | op=SEND_HEARTBEAT {datanodeUUID=010b2855-0e1d-4bbd-b76a-4560f989b9a3, command=[]} | ret=SUCCESS |  
2019-09-12 10:33:32,547 [Thread-685] INFO  impl.FollowerState (FollowerState.java:run(106)) - 010b2855-0e1d-4bbd-b76a-4560f989b9a3:group-F900B1BB2C96 changes to CANDIDATE, lastRpcTime:5003, electionTimeout:5003ms
2019-09-12 10:33:32,547 [Thread-685] INFO  impl.RoleInfo (RoleInfo.java:shutdownFollowerState(121)) - 010b2855-0e1d-4bbd-b76a-4560f989b9a3: shutdown FollowerState
2019-09-12 10:33:32,547 [Thread-685] INFO  impl.RaftServerImpl (RaftServerImpl.java:setRole(171)) - 010b2855-0e1d-4bbd-b76a-4560f989b9a3:group-F900B1BB2C96 changes role from FOLLOWER to CANDIDATE at term 0 for changeToCandidate
2019-09-12 10:33:32,548 [Thread-685] INFO  impl.RoleInfo (RoleInfo.java:updateAndGet(143)) - 010b2855-0e1d-4bbd-b76a-4560f989b9a3: start LeaderElection
2019-09-12 10:33:32,566 [010b2855-0e1d-4bbd-b76a-4560f989b9a3:group-F900B1BB2C96:LeaderElection43] INFO  impl.LeaderElection (LeaderElection.java:askForVotes(181)) - 010b2855-0e1d-4bbd-b76a-4560f989b9a3:group-F900B1BB2C96:LeaderElection43: begin an election at term 1 for -1: [010b2855-0e1d-4bbd-b76a-4560f989b9a3:192.168.157.195:43711], old=null
2019-09-12 10:33:32,566 [010b2855-0e1d-4bbd-b76a-4560f989b9a3:group-F900B1BB2C96:LeaderElection43] INFO  impl.RoleInfo (RoleInfo.java:shutdownLeaderElection(134)) - 010b2855-0e1d-4bbd-b76a-4560f989b9a3: shutdown LeaderElection
2019-09-12 10:33:32,566 [010b2855-0e1d-4bbd-b76a-4560f989b9a3:group-F900B1BB2C96:LeaderElection43] INFO  impl.RaftServerImpl (RaftServerImpl.java:setRole(171)) - 010b2855-0e1d-4bbd-b76a-4560f989b9a3:group-F900B1BB2C96 changes role from CANDIDATE to LEADER at term 1 for changeToLeader
2019-09-12 10:33:32,566 [010b2855-0e1d-4bbd-b76a-4560f989b9a3:group-F900B1BB2C96:LeaderElection43] INFO  impl.RaftServerImpl (ServerState.java:setLeader(263)) - 010b2855-0e1d-4bbd-b76a-4560f989b9a3:group-F900B1BB2C96 change Leader from null to 010b2855-0e1d-4bbd-b76a-4560f989b9a3 at term 1 for becomeLeader, leader elected after 5027ms
2019-09-12 10:33:32,569 [010b2855-0e1d-4bbd-b76a-4560f989b9a3:group-F900B1BB2C96:LeaderElection43] INFO  server.RaftServerConfigKeys (ConfUtils.java:logGet(43)) - raft.server.staging.catchup.gap = 1000 (default)
2019-09-12 10:33:32,569 [010b2855-0e1d-4bbd-b76a-4560f989b9a3:group-F900B1BB2C96:LeaderElection43] INFO  server.RaftServerConfigKeys (ConfUtils.java:logGet(43)) - raft.server.rpc.sleep.time = 25ms (default)
2019-09-12 10:33:32,569 [010b2855-0e1d-4bbd-b76a-4560f989b9a3:group-F900B1BB2C96:LeaderElection43] INFO  server.RaftServerConfigKeys (ConfUtils.java:logGet(43)) - raft.server.write.element-limit = 4096 (default)
2019-09-12 10:33:32,570 [010b2855-0e1d-4bbd-b76a-4560f989b9a3:group-F900B1BB2C96:LeaderElection43] INFO  server.RaftServerConfigKeys (ConfUtils.java:logGet(43)) - raft.server.watch.timeout = 10s (default)
2019-09-12 10:33:32,570 [010b2855-0e1d-4bbd-b76a-4560f989b9a3:group-F900B1BB2C96:LeaderElection43] INFO  server.RaftServerConfigKeys (ConfUtils.java:logGet(43)) - raft.server.watch.timeout.denomination = 1s (default)
2019-09-12 10:33:32,570 [010b2855-0e1d-4bbd-b76a-4560f989b9a3:group-F900B1BB2C96:LeaderElection43] INFO  server.RaftServerConfigKeys (ConfUtils.java:logGet(43)) - raft.server.watch.element-limit = 65536 (default)
2019-09-12 10:33:32,570 [010b2855-0e1d-4bbd-b76a-4560f989b9a3:group-F900B1BB2C96:LeaderElection43] INFO  impl.RoleInfo (RoleInfo.java:updateAndGet(143)) - 010b2855-0e1d-4bbd-b76a-4560f989b9a3: start LeaderState
2019-09-12 10:33:32,571 [010b2855-0e1d-4bbd-b76a-4560f989b9a3:group-F900B1BB2C96:LeaderElection43] INFO  segmented.SegmentedRaftLogWorker (SegmentedRaftLogWorker.java:startLogSegment(380)) - 010b2855-0e1d-4bbd-b76a-4560f989b9a3-SegmentedRaftLogWorker:Storage Directory /workdir/hadoop-ozone/integration-test/target/test-dir/MiniOzoneClusterImpl-2d656029-9dde-45a3-b7cd-f2d738c2cb44/datanode-0/data/ratis/ae7f9d9e-fcd7-4b69-a19c-f900b1bb2c96: Starting segment from index:0
2019-09-12 10:33:32,572 [010b2855-0e1d-4bbd-b76a-4560f989b9a3:group-F900B1BB2C96:LeaderElection43] INFO  impl.RaftServerImpl (ServerState.java:setRaftConf(361)) - 010b2855-0e1d-4bbd-b76a-4560f989b9a3:group-F900B1BB2C96 set configuration 0: [010b2855-0e1d-4bbd-b76a-4560f989b9a3:192.168.157.195:43711], old=null at 0
2019-09-12 10:33:32,616 [010b2855-0e1d-4bbd-b76a-4560f989b9a3-SegmentedRaftLogWorker:Storage Directory /workdir/hadoop-ozone/integration-test/target/test-dir/MiniOzoneClusterImpl-2d656029-9dde-45a3-b7cd-f2d738c2cb44/datanode-0/data/ratis/ae7f9d9e-fcd7-4b69-a19c-f900b1bb2c96] INFO  segmented.SegmentedRaftLogWorker (SegmentedRaftLogWorker.java:execute(569)) - 010b2855-0e1d-4bbd-b76a-4560f989b9a3-SegmentedRaftLogWorker:Storage Directory /workdir/hadoop-ozone/integration-test/target/test-dir/MiniOzoneClusterImpl-2d656029-9dde-45a3-b7cd-f2d738c2cb44/datanode-0/data/ratis/ae7f9d9e-fcd7-4b69-a19c-f900b1bb2c96: created new log segment /workdir/hadoop-ozone/integration-test/target/test-dir/MiniOzoneClusterImpl-2d656029-9dde-45a3-b7cd-f2d738c2cb44/datanode-0/data/ratis/ae7f9d9e-fcd7-4b69-a19c-f900b1bb2c96/current/log_inprogress_0
2019-09-12 10:33:32,661 [Thread-691] INFO  impl.FollowerState (FollowerState.java:run(106)) - 010b2855-0e1d-4bbd-b76a-4560f989b9a3:group-CD9C9EFF6116 changes to CANDIDATE, lastRpcTime:5025, electionTimeout:5025ms
2019-09-12 10:33:32,661 [Thread-691] INFO  impl.RoleInfo (RoleInfo.java:shutdownFollowerState(121)) - 010b2855-0e1d-4bbd-b76a-4560f989b9a3: shutdown FollowerState
2019-09-12 10:33:32,661 [Thread-691] INFO  impl.RaftServerImpl (RaftServerImpl.java:setRole(171)) - 010b2855-0e1d-4bbd-b76a-4560f989b9a3:group-CD9C9EFF6116 changes role from FOLLOWER to CANDIDATE at term 0 for changeToCandidate
2019-09-12 10:33:32,661 [Thread-691] INFO  impl.RoleInfo (RoleInfo.java:updateAndGet(143)) - 010b2855-0e1d-4bbd-b76a-4560f989b9a3: start LeaderElection
2019-09-12 10:33:32,678 [010b2855-0e1d-4bbd-b76a-4560f989b9a3:group-CD9C9EFF6116:LeaderElection44] INFO  impl.LeaderElection (LeaderElection.java:askForVotes(181)) - 010b2855-0e1d-4bbd-b76a-4560f989b9a3:group-CD9C9EFF6116:LeaderElection44: begin an election at term 1 for -1: [010b2855-0e1d-4bbd-b76a-4560f989b9a3:192.168.157.195:43711], old=null
2019-09-12 10:33:32,678 [010b2855-0e1d-4bbd-b76a-4560f989b9a3:group-CD9C9EFF6116:LeaderElection44] INFO  impl.RoleInfo (RoleInfo.java:shutdownLeaderElection(134)) - 010b2855-0e1d-4bbd-b76a-4560f989b9a3: shutdown LeaderElection
2019-09-12 10:33:32,678 [010b2855-0e1d-4bbd-b76a-4560f989b9a3:group-CD9C9EFF6116:LeaderElection44] INFO  impl.RaftServerImpl (RaftServerImpl.java:setRole(171)) - 010b2855-0e1d-4bbd-b76a-4560f989b9a3:group-CD9C9EFF6116 changes role from CANDIDATE to LEADER at term 1 for changeToLeader
2019-09-12 10:33:32,678 [010b2855-0e1d-4bbd-b76a-4560f989b9a3:group-CD9C9EFF6116:LeaderElection44] INFO  impl.RaftServerImpl (ServerState.java:setLeader(263)) - 010b2855-0e1d-4bbd-b76a-4560f989b9a3:group-CD9C9EFF6116 change Leader from null to 010b2855-0e1d-4bbd-b76a-4560f989b9a3 at term 1 for becomeLeader, leader elected after 5047ms
2019-09-12 10:33:32,679 [010b2855-0e1d-4bbd-b76a-4560f989b9a3:group-CD9C9EFF6116:LeaderElection44] INFO  server.RaftServerConfigKeys (ConfUtils.java:logGet(43)) - raft.server.staging.catchup.gap = 1000 (default)
2019-09-12 10:33:32,679 [010b2855-0e1d-4bbd-b76a-4560f989b9a3:group-CD9C9EFF6116:LeaderElection44] INFO  server.RaftServerConfigKeys (ConfUtils.java:logGet(43)) - raft.server.rpc.sleep.time = 25ms (default)
2019-09-12 10:33:32,679 [010b2855-0e1d-4bbd-b76a-4560f989b9a3:group-CD9C9EFF6116:LeaderElection44] INFO  server.RaftServerConfigKeys (ConfUtils.java:logGet(43)) - raft.server.write.element-limit = 4096 (default)
2019-09-12 10:33:32,679 [010b2855-0e1d-4bbd-b76a-4560f989b9a3:group-CD9C9EFF6116:LeaderElection44] INFO  server.RaftServerConfigKeys (ConfUtils.java:logGet(43)) - raft.server.watch.timeout = 10s (default)
2019-09-12 10:33:32,679 [010b2855-0e1d-4bbd-b76a-4560f989b9a3:group-CD9C9EFF6116:LeaderElection44] INFO  server.RaftServerConfigKeys (ConfUtils.java:logGet(43)) - raft.server.watch.timeout.denomination = 1s (default)
2019-09-12 10:33:32,679 [010b2855-0e1d-4bbd-b76a-4560f989b9a3:group-CD9C9EFF6116:LeaderElection44] INFO  server.RaftServerConfigKeys (ConfUtils.java:logGet(43)) - raft.server.watch.element-limit = 65536 (default)
2019-09-12 10:33:32,680 [010b2855-0e1d-4bbd-b76a-4560f989b9a3:group-CD9C9EFF6116:LeaderElection44] INFO  impl.RoleInfo (RoleInfo.java:updateAndGet(143)) - 010b2855-0e1d-4bbd-b76a-4560f989b9a3: start LeaderState
2019-09-12 10:33:32,680 [010b2855-0e1d-4bbd-b76a-4560f989b9a3:group-CD9C9EFF6116:LeaderElection44] INFO  segmented.SegmentedRaftLogWorker (SegmentedRaftLogWorker.java:startLogSegment(380)) - 010b2855-0e1d-4bbd-b76a-4560f989b9a3-SegmentedRaftLogWorker:Storage Directory /workdir/hadoop-ozone/integration-test/target/test-dir/MiniOzoneClusterImpl-2d656029-9dde-45a3-b7cd-f2d738c2cb44/datanode-0/data/ratis/e766b08d-65d6-4954-b587-cd9c9eff6116: Starting segment from index:0
2019-09-12 10:33:32,681 [010b2855-0e1d-4bbd-b76a-4560f989b9a3:group-CD9C9EFF6116:LeaderElection44] INFO  impl.RaftServerImpl (ServerState.java:setRaftConf(361)) - 010b2855-0e1d-4bbd-b76a-4560f989b9a3:group-CD9C9EFF6116 set configuration 0: [010b2855-0e1d-4bbd-b76a-4560f989b9a3:192.168.157.195:43711], old=null at 0
2019-09-12 10:33:32,717 | INFO  | SCMAudit | user=jenkins1000 | ip=192.168.157.195 | op=SEND_HEARTBEAT {datanodeUUID=23027111-0173-428f-b853-b511524375b8, command=[]} | ret=SUCCESS |  
2019-09-12 10:33:32,735 [010b2855-0e1d-4bbd-b76a-4560f989b9a3-SegmentedRaftLogWorker:Storage Directory /workdir/hadoop-ozone/integration-test/target/test-dir/MiniOzoneClusterImpl-2d656029-9dde-45a3-b7cd-f2d738c2cb44/datanode-0/data/ratis/e766b08d-65d6-4954-b587-cd9c9eff6116] INFO  segmented.SegmentedRaftLogWorker (SegmentedRaftLogWorker.java:execute(569)) - 010b2855-0e1d-4bbd-b76a-4560f989b9a3-SegmentedRaftLogWorker:Storage Directory /workdir/hadoop-ozone/integration-test/target/test-dir/MiniOzoneClusterImpl-2d656029-9dde-45a3-b7cd-f2d738c2cb44/datanode-0/data/ratis/e766b08d-65d6-4954-b587-cd9c9eff6116: created new log segment /workdir/hadoop-ozone/integration-test/target/test-dir/MiniOzoneClusterImpl-2d656029-9dde-45a3-b7cd-f2d738c2cb44/datanode-0/data/ratis/e766b08d-65d6-4954-b587-cd9c9eff6116/current/log_inprogress_0
2019-09-12 10:33:32,778 [Thread-694] INFO  impl.FollowerState (FollowerState.java:run(106)) - 010b2855-0e1d-4bbd-b76a-4560f989b9a3:group-3DF47C916A06 changes to CANDIDATE, lastRpcTime:5102, electionTimeout:5102ms
2019-09-12 10:33:32,778 [Thread-694] INFO  impl.RoleInfo (RoleInfo.java:shutdownFollowerState(121)) - 010b2855-0e1d-4bbd-b76a-4560f989b9a3: shutdown FollowerState
2019-09-12 10:33:32,779 [Thread-694] INFO  impl.RaftServerImpl (RaftServerImpl.java:setRole(171)) - 010b2855-0e1d-4bbd-b76a-4560f989b9a3:group-3DF47C916A06 changes role from FOLLOWER to CANDIDATE at term 0 for changeToCandidate
2019-09-12 10:33:32,779 [Thread-694] INFO  impl.RoleInfo (RoleInfo.java:updateAndGet(143)) - 010b2855-0e1d-4bbd-b76a-4560f989b9a3: start LeaderElection
2019-09-12 10:33:32,783 [Thread-688] INFO  impl.FollowerState (FollowerState.java:run(106)) - 010b2855-0e1d-4bbd-b76a-4560f989b9a3:group-EF01FADACA86 changes to CANDIDATE, lastRpcTime:5188, electionTimeout:5185ms
2019-09-12 10:33:32,783 [Thread-688] INFO  impl.RoleInfo (RoleInfo.java:shutdownFollowerState(121)) - 010b2855-0e1d-4bbd-b76a-4560f989b9a3: shutdown FollowerState
2019-09-12 10:33:32,783 [Thread-688] INFO  impl.RaftServerImpl (RaftServerImpl.java:setRole(171)) - 010b2855-0e1d-4bbd-b76a-4560f989b9a3:group-EF01FADACA86 changes role from FOLLOWER to CANDIDATE at term 0 for changeToCandidate
2019-09-12 10:33:32,783 [Thread-688] INFO  impl.RoleInfo (RoleInfo.java:updateAndGet(143)) - 010b2855-0e1d-4bbd-b76a-4560f989b9a3: start LeaderElection
2019-09-12 10:33:32,799 [010b2855-0e1d-4bbd-b76a-4560f989b9a3:group-EF01FADACA86:LeaderElection46] INFO  impl.LeaderElection (LeaderElection.java:askForVotes(181)) - 010b2855-0e1d-4bbd-b76a-4560f989b9a3:group-EF01FADACA86:LeaderElection46: begin an election at term 1 for -1: [010b2855-0e1d-4bbd-b76a-4560f989b9a3:192.168.157.195:43711], old=null
2019-09-12 10:33:32,799 [010b2855-0e1d-4bbd-b76a-4560f989b9a3:group-3DF47C916A06:LeaderElection45] INFO  impl.LeaderElection (LeaderElection.java:askForVotes(181)) - 010b2855-0e1d-4bbd-b76a-4560f989b9a3:group-3DF47C916A06:LeaderElection45: begin an election at term 1 for -1: [010b2855-0e1d-4bbd-b76a-4560f989b9a3:192.168.157.195:43711], old=null
2019-09-12 10:33:32,799 [010b2855-0e1d-4bbd-b76a-4560f989b9a3:group-EF01FADACA86:LeaderElection46] INFO  impl.RoleInfo (RoleInfo.java:shutdownLeaderElection(134)) - 010b2855-0e1d-4bbd-b76a-4560f989b9a3: shutdown LeaderElection
2019-09-12 10:33:32,800 [010b2855-0e1d-4bbd-b76a-4560f989b9a3:group-3DF47C916A06:LeaderElection45] INFO  impl.RoleInfo (RoleInfo.java:shutdownLeaderElection(134)) - 010b2855-0e1d-4bbd-b76a-4560f989b9a3: shutdown LeaderElection
2019-09-12 10:33:32,800 [010b2855-0e1d-4bbd-b76a-4560f989b9a3:group-EF01FADACA86:LeaderElection46] INFO  impl.RaftServerImpl (RaftServerImpl.java:setRole(171)) - 010b2855-0e1d-4bbd-b76a-4560f989b9a3:group-EF01FADACA86 changes role from CANDIDATE to LEADER at term 1 for changeToLeader
2019-09-12 10:33:32,800 [010b2855-0e1d-4bbd-b76a-4560f989b9a3:group-3DF47C916A06:LeaderElection45] INFO  impl.RaftServerImpl (RaftServerImpl.java:setRole(171)) - 010b2855-0e1d-4bbd-b76a-4560f989b9a3:group-3DF47C916A06 changes role from CANDIDATE to LEADER at term 1 for changeToLeader
2019-09-12 10:33:32,800 [010b2855-0e1d-4bbd-b76a-4560f989b9a3:group-EF01FADACA86:LeaderElection46] INFO  impl.RaftServerImpl (ServerState.java:setLeader(263)) - 010b2855-0e1d-4bbd-b76a-4560f989b9a3:group-EF01FADACA86 change Leader from null to 010b2855-0e1d-4bbd-b76a-4560f989b9a3 at term 1 for becomeLeader, leader elected after 5209ms
2019-09-12 10:33:32,800 [010b2855-0e1d-4bbd-b76a-4560f989b9a3:group-3DF47C916A06:LeaderElection45] INFO  impl.RaftServerImpl (ServerState.java:setLeader(263)) - 010b2855-0e1d-4bbd-b76a-4560f989b9a3:group-3DF47C916A06 change Leader from null to 010b2855-0e1d-4bbd-b76a-4560f989b9a3 at term 1 for becomeLeader, leader elected after 5129ms
2019-09-12 10:33:32,800 [010b2855-0e1d-4bbd-b76a-4560f989b9a3:group-EF01FADACA86:LeaderElection46] INFO  server.RaftServerConfigKeys (ConfUtils.java:logGet(43)) - raft.server.staging.catchup.gap = 1000 (default)
2019-09-12 10:33:32,800 [010b2855-0e1d-4bbd-b76a-4560f989b9a3:group-3DF47C916A06:LeaderElection45] INFO  server.RaftServerConfigKeys (ConfUtils.java:logGet(43)) - raft.server.staging.catchup.gap = 1000 (default)
2019-09-12 10:33:32,801 [010b2855-0e1d-4bbd-b76a-4560f989b9a3:group-EF01FADACA86:LeaderElection46] INFO  server.RaftServerConfigKeys (ConfUtils.java:logGet(43)) - raft.server.rpc.sleep.time = 25ms (default)
2019-09-12 10:33:32,801 [010b2855-0e1d-4bbd-b76a-4560f989b9a3:group-3DF47C916A06:LeaderElection45] INFO  server.RaftServerConfigKeys (ConfUtils.java:logGet(43)) - raft.server.rpc.sleep.time = 25ms (default)
2019-09-12 10:33:32,801 [010b2855-0e1d-4bbd-b76a-4560f989b9a3:group-EF01FADACA86:LeaderElection46] INFO  server.RaftServerConfigKeys (ConfUtils.java:logGet(43)) - raft.server.write.element-limit = 4096 (default)
2019-09-12 10:33:32,801 [010b2855-0e1d-4bbd-b76a-4560f989b9a3:group-3DF47C916A06:LeaderElection45] INFO  server.RaftServerConfigKeys (ConfUtils.java:logGet(43)) - raft.server.write.element-limit = 4096 (default)
2019-09-12 10:33:32,801 [010b2855-0e1d-4bbd-b76a-4560f989b9a3:group-EF01FADACA86:LeaderElection46] INFO  server.RaftServerConfigKeys (ConfUtils.java:logGet(43)) - raft.server.watch.timeout = 10s (default)
2019-09-12 10:33:32,801 [010b2855-0e1d-4bbd-b76a-4560f989b9a3:group-3DF47C916A06:LeaderElection45] INFO  server.RaftServerConfigKeys (ConfUtils.java:logGet(43)) - raft.server.watch.timeout = 10s (default)
2019-09-12 10:33:32,802 [010b2855-0e1d-4bbd-b76a-4560f989b9a3:group-EF01FADACA86:LeaderElection46] INFO  server.RaftServerConfigKeys (ConfUtils.java:logGet(43)) - raft.server.watch.timeout.denomination = 1s (default)
2019-09-12 10:33:32,802 [010b2855-0e1d-4bbd-b76a-4560f989b9a3:group-3DF47C916A06:LeaderElection45] INFO  server.RaftServerConfigKeys (ConfUtils.java:logGet(43)) - raft.server.watch.timeout.denomination = 1s (default)
2019-09-12 10:33:32,802 [010b2855-0e1d-4bbd-b76a-4560f989b9a3:group-EF01FADACA86:LeaderElection46] INFO  server.RaftServerConfigKeys (ConfUtils.java:logGet(43)) - raft.server.watch.element-limit = 65536 (default)
2019-09-12 10:33:32,802 [010b2855-0e1d-4bbd-b76a-4560f989b9a3:group-3DF47C916A06:LeaderElection45] INFO  server.RaftServerConfigKeys (ConfUtils.java:logGet(43)) - raft.server.watch.element-limit = 65536 (default)
2019-09-12 10:33:32,802 [010b2855-0e1d-4bbd-b76a-4560f989b9a3:group-EF01FADACA86:LeaderElection46] INFO  impl.RoleInfo (RoleInfo.java:updateAndGet(143)) - 010b2855-0e1d-4bbd-b76a-4560f989b9a3: start LeaderState
2019-09-12 10:33:32,803 [010b2855-0e1d-4bbd-b76a-4560f989b9a3:group-3DF47C916A06:LeaderElection45] INFO  impl.RoleInfo (RoleInfo.java:updateAndGet(143)) - 010b2855-0e1d-4bbd-b76a-4560f989b9a3: start LeaderState
2019-09-12 10:33:32,803 [010b2855-0e1d-4bbd-b76a-4560f989b9a3:group-EF01FADACA86:LeaderElection46] INFO  segmented.SegmentedRaftLogWorker (SegmentedRaftLogWorker.java:startLogSegment(380)) - 010b2855-0e1d-4bbd-b76a-4560f989b9a3-SegmentedRaftLogWorker:Storage Directory /workdir/hadoop-ozone/integration-test/target/test-dir/MiniOzoneClusterImpl-2d656029-9dde-45a3-b7cd-f2d738c2cb44/datanode-0/data/ratis/31375fa1-1c1b-4961-b8bb-ef01fadaca86: Starting segment from index:0
2019-09-12 10:33:32,803 [010b2855-0e1d-4bbd-b76a-4560f989b9a3:group-3DF47C916A06:LeaderElection45] INFO  segmented.SegmentedRaftLogWorker (SegmentedRaftLogWorker.java:startLogSegment(380)) - 010b2855-0e1d-4bbd-b76a-4560f989b9a3-SegmentedRaftLogWorker:Storage Directory /workdir/hadoop-ozone/integration-test/target/test-dir/MiniOzoneClusterImpl-2d656029-9dde-45a3-b7cd-f2d738c2cb44/datanode-0/data/ratis/cb4244f6-092c-46ef-99af-3df47c916a06: Starting segment from index:0
2019-09-12 10:33:32,803 [010b2855-0e1d-4bbd-b76a-4560f989b9a3:group-EF01FADACA86:LeaderElection46] INFO  impl.RaftServerImpl (ServerState.java:setRaftConf(361)) - 010b2855-0e1d-4bbd-b76a-4560f989b9a3:group-EF01FADACA86 set configuration 0: [010b2855-0e1d-4bbd-b76a-4560f989b9a3:192.168.157.195:43711], old=null at 0
2019-09-12 10:33:32,804 [010b2855-0e1d-4bbd-b76a-4560f989b9a3:group-3DF47C916A06:LeaderElection45] INFO  impl.RaftServerImpl (ServerState.java:setRaftConf(361)) - 010b2855-0e1d-4bbd-b76a-4560f989b9a3:group-3DF47C916A06 set configuration 0: [010b2855-0e1d-4bbd-b76a-4560f989b9a3:192.168.157.195:43711], old=null at 0
2019-09-12 10:33:32,834 [Thread-703] INFO  impl.FollowerState (FollowerState.java:run(106)) - e4b90157-0987-4622-adc9-0404bea551ef:group-494565AA2034 changes to CANDIDATE, lastRpcTime:5021, electionTimeout:5021ms
2019-09-12 10:33:32,835 [Thread-703] INFO  impl.RoleInfo (RoleInfo.java:shutdownFollowerState(121)) - e4b90157-0987-4622-adc9-0404bea551ef: shutdown FollowerState
2019-09-12 10:33:32,835 [Thread-703] INFO  impl.RaftServerImpl (RaftServerImpl.java:setRole(171)) - e4b90157-0987-4622-adc9-0404bea551ef:group-494565AA2034 changes role from FOLLOWER to CANDIDATE at term 0 for changeToCandidate
2019-09-12 10:33:32,835 [Thread-703] INFO  impl.RoleInfo (RoleInfo.java:updateAndGet(143)) - e4b90157-0987-4622-adc9-0404bea551ef: start LeaderElection
2019-09-12 10:33:32,857 | INFO  | SCMAudit | user=jenkins1000 | ip=192.168.157.195 | op=SEND_HEARTBEAT {datanodeUUID=8bce8832-9727-4b35-a9b5-3df7187e4e21, command=[]} | ret=SUCCESS |  
2019-09-12 10:33:32,858 [010b2855-0e1d-4bbd-b76a-4560f989b9a3-SegmentedRaftLogWorker:Storage Directory /workdir/hadoop-ozone/integration-test/target/test-dir/MiniOzoneClusterImpl-2d656029-9dde-45a3-b7cd-f2d738c2cb44/datanode-0/data/ratis/31375fa1-1c1b-4961-b8bb-ef01fadaca86] INFO  segmented.SegmentedRaftLogWorker (SegmentedRaftLogWorker.java:execute(569)) - 010b2855-0e1d-4bbd-b76a-4560f989b9a3-SegmentedRaftLogWorker:Storage Directory /workdir/hadoop-ozone/integration-test/target/test-dir/MiniOzoneClusterImpl-2d656029-9dde-45a3-b7cd-f2d738c2cb44/datanode-0/data/ratis/31375fa1-1c1b-4961-b8bb-ef01fadaca86: created new log segment /workdir/hadoop-ozone/integration-test/target/test-dir/MiniOzoneClusterImpl-2d656029-9dde-45a3-b7cd-f2d738c2cb44/datanode-0/data/ratis/31375fa1-1c1b-4961-b8bb-ef01fadaca86/current/log_inprogress_0
2019-09-12 10:33:32,858 [e4b90157-0987-4622-adc9-0404bea551ef:group-494565AA2034:LeaderElection47] INFO  impl.LeaderElection (LeaderElection.java:askForVotes(181)) - e4b90157-0987-4622-adc9-0404bea551ef:group-494565AA2034:LeaderElection47: begin an election at term 1 for -1: [e4b90157-0987-4622-adc9-0404bea551ef:192.168.157.195:45782], old=null
2019-09-12 10:33:32,858 [010b2855-0e1d-4bbd-b76a-4560f989b9a3-SegmentedRaftLogWorker:Storage Directory /workdir/hadoop-ozone/integration-test/target/test-dir/MiniOzoneClusterImpl-2d656029-9dde-45a3-b7cd-f2d738c2cb44/datanode-0/data/ratis/cb4244f6-092c-46ef-99af-3df47c916a06] INFO  segmented.SegmentedRaftLogWorker (SegmentedRaftLogWorker.java:execute(569)) - 010b2855-0e1d-4bbd-b76a-4560f989b9a3-SegmentedRaftLogWorker:Storage Directory /workdir/hadoop-ozone/integration-test/target/test-dir/MiniOzoneClusterImpl-2d656029-9dde-45a3-b7cd-f2d738c2cb44/datanode-0/data/ratis/cb4244f6-092c-46ef-99af-3df47c916a06: created new log segment /workdir/hadoop-ozone/integration-test/target/test-dir/MiniOzoneClusterImpl-2d656029-9dde-45a3-b7cd-f2d738c2cb44/datanode-0/data/ratis/cb4244f6-092c-46ef-99af-3df47c916a06/current/log_inprogress_0
2019-09-12 10:33:32,858 [e4b90157-0987-4622-adc9-0404bea551ef:group-494565AA2034:LeaderElection47] INFO  impl.RoleInfo (RoleInfo.java:shutdownLeaderElection(134)) - e4b90157-0987-4622-adc9-0404bea551ef: shutdown LeaderElection
2019-09-12 10:33:32,859 [e4b90157-0987-4622-adc9-0404bea551ef:group-494565AA2034:LeaderElection47] INFO  impl.RaftServerImpl (RaftServerImpl.java:setRole(171)) - e4b90157-0987-4622-adc9-0404bea551ef:group-494565AA2034 changes role from CANDIDATE to LEADER at term 1 for changeToLeader
2019-09-12 10:33:32,859 [e4b90157-0987-4622-adc9-0404bea551ef:group-494565AA2034:LeaderElection47] INFO  impl.RaftServerImpl (ServerState.java:setLeader(263)) - e4b90157-0987-4622-adc9-0404bea551ef:group-494565AA2034 change Leader from null to e4b90157-0987-4622-adc9-0404bea551ef at term 1 for becomeLeader, leader elected after 5050ms
2019-09-12 10:33:32,862 [e4b90157-0987-4622-adc9-0404bea551ef:group-494565AA2034:LeaderElection47] INFO  server.RaftServerConfigKeys (ConfUtils.java:logGet(43)) - raft.server.staging.catchup.gap = 1000 (default)
2019-09-12 10:33:32,862 [e4b90157-0987-4622-adc9-0404bea551ef:group-494565AA2034:LeaderElection47] INFO  server.RaftServerConfigKeys (ConfUtils.java:logGet(43)) - raft.server.rpc.sleep.time = 25ms (default)
2019-09-12 10:33:32,862 [e4b90157-0987-4622-adc9-0404bea551ef:group-494565AA2034:LeaderElection47] INFO  server.RaftServerConfigKeys (ConfUtils.java:logGet(43)) - raft.server.write.element-limit = 4096 (default)
2019-09-12 10:33:32,862 [e4b90157-0987-4622-adc9-0404bea551ef:group-494565AA2034:LeaderElection47] INFO  server.RaftServerConfigKeys (ConfUtils.java:logGet(43)) - raft.server.watch.timeout = 10s (default)
2019-09-12 10:33:32,862 [e4b90157-0987-4622-adc9-0404bea551ef:group-494565AA2034:LeaderElection47] INFO  server.RaftServerConfigKeys (ConfUtils.java:logGet(43)) - raft.server.watch.timeout.denomination = 1s (default)
2019-09-12 10:33:32,862 [e4b90157-0987-4622-adc9-0404bea551ef:group-494565AA2034:LeaderElection47] INFO  server.RaftServerConfigKeys (ConfUtils.java:logGet(43)) - raft.server.watch.element-limit = 65536 (default)
2019-09-12 10:33:32,863 [e4b90157-0987-4622-adc9-0404bea551ef:group-494565AA2034:LeaderElection47] INFO  impl.RoleInfo (RoleInfo.java:updateAndGet(143)) - e4b90157-0987-4622-adc9-0404bea551ef: start LeaderState
2019-09-12 10:33:32,863 [e4b90157-0987-4622-adc9-0404bea551ef:group-494565AA2034:LeaderElection47] INFO  segmented.SegmentedRaftLogWorker (SegmentedRaftLogWorker.java:startLogSegment(380)) - e4b90157-0987-4622-adc9-0404bea551ef-SegmentedRaftLogWorker:Storage Directory /workdir/hadoop-ozone/integration-test/target/test-dir/MiniOzoneClusterImpl-2d656029-9dde-45a3-b7cd-f2d738c2cb44/datanode-1/data/ratis/c8855ad0-ab27-4083-90ea-494565aa2034: Starting segment from index:0
2019-09-12 10:33:32,864 [e4b90157-0987-4622-adc9-0404bea551ef:group-494565AA2034:LeaderElection47] INFO  impl.RaftServerImpl (ServerState.java:setRaftConf(361)) - e4b90157-0987-4622-adc9-0404bea551ef:group-494565AA2034 set configuration 0: [e4b90157-0987-4622-adc9-0404bea551ef:192.168.157.195:45782], old=null at 0
2019-09-12 10:33:32,898 | INFO  | SCMAudit | user=jenkins1000 | ip=192.168.157.195 | op=SEND_HEARTBEAT {datanodeUUID=2936a8fb-498a-4f06-abab-ab51bafc30e4, command=[]} | ret=SUCCESS |  
2019-09-12 10:33:32,900 [Thread-697] INFO  impl.FollowerState (FollowerState.java:run(106)) - e4b90157-0987-4622-adc9-0404bea551ef:group-0955FBCDD29B changes to CANDIDATE, lastRpcTime:5179, electionTimeout:5179ms
2019-09-12 10:33:32,900 [Thread-697] INFO  impl.RoleInfo (RoleInfo.java:shutdownFollowerState(121)) - e4b90157-0987-4622-adc9-0404bea551ef: shutdown FollowerState
2019-09-12 10:33:32,900 [Thread-697] INFO  impl.RaftServerImpl (RaftServerImpl.java:setRole(171)) - e4b90157-0987-4622-adc9-0404bea551ef:group-0955FBCDD29B changes role from FOLLOWER to CANDIDATE at term 0 for changeToCandidate
2019-09-12 10:33:32,901 [Thread-697] INFO  impl.RoleInfo (RoleInfo.java:updateAndGet(143)) - e4b90157-0987-4622-adc9-0404bea551ef: start LeaderElection
2019-09-12 10:33:32,917 [Thread-706] INFO  impl.FollowerState (FollowerState.java:run(106)) - 010b2855-0e1d-4bbd-b76a-4560f989b9a3:group-693E6D66FD06 changes to CANDIDATE, lastRpcTime:5051, electionTimeout:5051ms
2019-09-12 10:33:32,917 [Thread-706] INFO  impl.RoleInfo (RoleInfo.java:shutdownFollowerState(121)) - 010b2855-0e1d-4bbd-b76a-4560f989b9a3: shutdown FollowerState
2019-09-12 10:33:32,917 [Thread-706] INFO  impl.RaftServerImpl (RaftServerImpl.java:setRole(171)) - 010b2855-0e1d-4bbd-b76a-4560f989b9a3:group-693E6D66FD06 changes role from FOLLOWER to CANDIDATE at term 0 for changeToCandidate
2019-09-12 10:33:32,917 [Thread-706] INFO  impl.RoleInfo (RoleInfo.java:updateAndGet(143)) - 010b2855-0e1d-4bbd-b76a-4560f989b9a3: start LeaderElection
2019-09-12 10:33:32,924 [e4b90157-0987-4622-adc9-0404bea551ef-SegmentedRaftLogWorker:Storage Directory /workdir/hadoop-ozone/integration-test/target/test-dir/MiniOzoneClusterImpl-2d656029-9dde-45a3-b7cd-f2d738c2cb44/datanode-1/data/ratis/c8855ad0-ab27-4083-90ea-494565aa2034] INFO  segmented.SegmentedRaftLogWorker (SegmentedRaftLogWorker.java:execute(569)) - e4b90157-0987-4622-adc9-0404bea551ef-SegmentedRaftLogWorker:Storage Directory /workdir/hadoop-ozone/integration-test/target/test-dir/MiniOzoneClusterImpl-2d656029-9dde-45a3-b7cd-f2d738c2cb44/datanode-1/data/ratis/c8855ad0-ab27-4083-90ea-494565aa2034: created new log segment /workdir/hadoop-ozone/integration-test/target/test-dir/MiniOzoneClusterImpl-2d656029-9dde-45a3-b7cd-f2d738c2cb44/datanode-1/data/ratis/c8855ad0-ab27-4083-90ea-494565aa2034/current/log_inprogress_0
2019-09-12 10:33:32,924 [e4b90157-0987-4622-adc9-0404bea551ef:group-0955FBCDD29B:LeaderElection48] INFO  impl.LeaderElection (LeaderElection.java:askForVotes(181)) - e4b90157-0987-4622-adc9-0404bea551ef:group-0955FBCDD29B:LeaderElection48: begin an election at term 1 for -1: [e4b90157-0987-4622-adc9-0404bea551ef:192.168.157.195:45782], old=null
2019-09-12 10:33:32,924 [e4b90157-0987-4622-adc9-0404bea551ef:group-0955FBCDD29B:LeaderElection48] INFO  impl.RoleInfo (RoleInfo.java:shutdownLeaderElection(134)) - e4b90157-0987-4622-adc9-0404bea551ef: shutdown LeaderElection
2019-09-12 10:33:32,925 [e4b90157-0987-4622-adc9-0404bea551ef:group-0955FBCDD29B:LeaderElection48] INFO  impl.RaftServerImpl (RaftServerImpl.java:setRole(171)) - e4b90157-0987-4622-adc9-0404bea551ef:group-0955FBCDD29B changes role from CANDIDATE to LEADER at term 1 for changeToLeader
2019-09-12 10:33:32,925 [e4b90157-0987-4622-adc9-0404bea551ef:group-0955FBCDD29B:LeaderElection48] INFO  impl.RaftServerImpl (ServerState.java:setLeader(263)) - e4b90157-0987-4622-adc9-0404bea551ef:group-0955FBCDD29B change Leader from null to e4b90157-0987-4622-adc9-0404bea551ef at term 1 for becomeLeader, leader elected after 5209ms
2019-09-12 10:33:32,925 [e4b90157-0987-4622-adc9-0404bea551ef:group-0955FBCDD29B:LeaderElection48] INFO  server.RaftServerConfigKeys (ConfUtils.java:logGet(43)) - raft.server.staging.catchup.gap = 1000 (default)
2019-09-12 10:33:32,925 [e4b90157-0987-4622-adc9-0404bea551ef:group-0955FBCDD29B:LeaderElection48] INFO  server.RaftServerConfigKeys (ConfUtils.java:logGet(43)) - raft.server.rpc.sleep.time = 25ms (default)
2019-09-12 10:33:32,925 [e4b90157-0987-4622-adc9-0404bea551ef:group-0955FBCDD29B:LeaderElection48] INFO  server.RaftServerConfigKeys (ConfUtils.java:logGet(43)) - raft.server.write.element-limit = 4096 (default)
2019-09-12 10:33:32,925 [e4b90157-0987-4622-adc9-0404bea551ef:group-0955FBCDD29B:LeaderElection48] INFO  server.RaftServerConfigKeys (ConfUtils.java:logGet(43)) - raft.server.watch.timeout = 10s (default)
2019-09-12 10:33:32,926 [e4b90157-0987-4622-adc9-0404bea551ef:group-0955FBCDD29B:LeaderElection48] INFO  server.RaftServerConfigKeys (ConfUtils.java:logGet(43)) - raft.server.watch.timeout.denomination = 1s (default)
2019-09-12 10:33:32,926 [e4b90157-0987-4622-adc9-0404bea551ef:group-0955FBCDD29B:LeaderElection48] INFO  server.RaftServerConfigKeys (ConfUtils.java:logGet(43)) - raft.server.watch.element-limit = 65536 (default)
2019-09-12 10:33:32,926 [e4b90157-0987-4622-adc9-0404bea551ef:group-0955FBCDD29B:LeaderElection48] INFO  impl.RoleInfo (RoleInfo.java:updateAndGet(143)) - e4b90157-0987-4622-adc9-0404bea551ef: start LeaderState
2019-09-12 10:33:32,926 [e4b90157-0987-4622-adc9-0404bea551ef:group-0955FBCDD29B:LeaderElection48] INFO  segmented.SegmentedRaftLogWorker (SegmentedRaftLogWorker.java:startLogSegment(380)) - e4b90157-0987-4622-adc9-0404bea551ef-SegmentedRaftLogWorker:Storage Directory /workdir/hadoop-ozone/integration-test/target/test-dir/MiniOzoneClusterImpl-2d656029-9dde-45a3-b7cd-f2d738c2cb44/datanode-1/data/ratis/bfa5b837-c34a-4489-845d-0955fbcdd29b: Starting segment from index:0
2019-09-12 10:33:32,927 [e4b90157-0987-4622-adc9-0404bea551ef:group-0955FBCDD29B:LeaderElection48] INFO  impl.RaftServerImpl (ServerState.java:setRaftConf(361)) - e4b90157-0987-4622-adc9-0404bea551ef:group-0955FBCDD29B set configuration 0: [e4b90157-0987-4622-adc9-0404bea551ef:192.168.157.195:45782], old=null at 0
2019-09-12 10:33:32,938 [010b2855-0e1d-4bbd-b76a-4560f989b9a3:group-693E6D66FD06:LeaderElection49] INFO  impl.LeaderElection (LeaderElection.java:askForVotes(181)) - 010b2855-0e1d-4bbd-b76a-4560f989b9a3:group-693E6D66FD06:LeaderElection49: begin an election at term 1 for -1: [010b2855-0e1d-4bbd-b76a-4560f989b9a3:192.168.157.195:43711], old=null
2019-09-12 10:33:32,939 [010b2855-0e1d-4bbd-b76a-4560f989b9a3:group-693E6D66FD06:LeaderElection49] INFO  impl.RoleInfo (RoleInfo.java:shutdownLeaderElection(134)) - 010b2855-0e1d-4bbd-b76a-4560f989b9a3: shutdown LeaderElection
2019-09-12 10:33:32,939 [010b2855-0e1d-4bbd-b76a-4560f989b9a3:group-693E6D66FD06:LeaderElection49] INFO  impl.RaftServerImpl (RaftServerImpl.java:setRole(171)) - 010b2855-0e1d-4bbd-b76a-4560f989b9a3:group-693E6D66FD06 changes role from CANDIDATE to LEADER at term 1 for changeToLeader
2019-09-12 10:33:32,939 [010b2855-0e1d-4bbd-b76a-4560f989b9a3:group-693E6D66FD06:LeaderElection49] INFO  impl.RaftServerImpl (ServerState.java:setLeader(263)) - 010b2855-0e1d-4bbd-b76a-4560f989b9a3:group-693E6D66FD06 change Leader from null to 010b2855-0e1d-4bbd-b76a-4560f989b9a3 at term 1 for becomeLeader, leader elected after 5079ms
2019-09-12 10:33:32,939 [010b2855-0e1d-4bbd-b76a-4560f989b9a3:group-693E6D66FD06:LeaderElection49] INFO  server.RaftServerConfigKeys (ConfUtils.java:logGet(43)) - raft.server.staging.catchup.gap = 1000 (default)
2019-09-12 10:33:32,939 [010b2855-0e1d-4bbd-b76a-4560f989b9a3:group-693E6D66FD06:LeaderElection49] INFO  server.RaftServerConfigKeys (ConfUtils.java:logGet(43)) - raft.server.rpc.sleep.time = 25ms (default)
2019-09-12 10:33:32,940 [010b2855-0e1d-4bbd-b76a-4560f989b9a3:group-693E6D66FD06:LeaderElection49] INFO  server.RaftServerConfigKeys (ConfUtils.java:logGet(43)) - raft.server.write.element-limit = 4096 (default)
2019-09-12 10:33:32,940 [010b2855-0e1d-4bbd-b76a-4560f989b9a3:group-693E6D66FD06:LeaderElection49] INFO  server.RaftServerConfigKeys (ConfUtils.java:logGet(43)) - raft.server.watch.timeout = 10s (default)
2019-09-12 10:33:32,940 [010b2855-0e1d-4bbd-b76a-4560f989b9a3:group-693E6D66FD06:LeaderElection49] INFO  server.RaftServerConfigKeys (ConfUtils.java:logGet(43)) - raft.server.watch.timeout.denomination = 1s (default)
2019-09-12 10:33:32,940 [010b2855-0e1d-4bbd-b76a-4560f989b9a3:group-693E6D66FD06:LeaderElection49] INFO  server.RaftServerConfigKeys (ConfUtils.java:logGet(43)) - raft.server.watch.element-limit = 65536 (default)
2019-09-12 10:33:32,941 [010b2855-0e1d-4bbd-b76a-4560f989b9a3:group-693E6D66FD06:LeaderElection49] INFO  impl.RoleInfo (RoleInfo.java:updateAndGet(143)) - 010b2855-0e1d-4bbd-b76a-4560f989b9a3: start LeaderState
2019-09-12 10:33:32,941 [010b2855-0e1d-4bbd-b76a-4560f989b9a3:group-693E6D66FD06:LeaderElection49] INFO  segmented.SegmentedRaftLogWorker (SegmentedRaftLogWorker.java:startLogSegment(380)) - 010b2855-0e1d-4bbd-b76a-4560f989b9a3-SegmentedRaftLogWorker:Storage Directory /workdir/hadoop-ozone/integration-test/target/test-dir/MiniOzoneClusterImpl-2d656029-9dde-45a3-b7cd-f2d738c2cb44/datanode-0/data/ratis/52045401-cf95-4e7e-b7a2-693e6d66fd06: Starting segment from index:0
2019-09-12 10:33:32,942 [010b2855-0e1d-4bbd-b76a-4560f989b9a3:group-693E6D66FD06:LeaderElection49] INFO  impl.RaftServerImpl (ServerState.java:setRaftConf(361)) - 010b2855-0e1d-4bbd-b76a-4560f989b9a3:group-693E6D66FD06 set configuration 0: [010b2855-0e1d-4bbd-b76a-4560f989b9a3:192.168.157.195:43711], old=null at 0
2019-09-12 10:33:32,951 [Thread-700] INFO  impl.FollowerState (FollowerState.java:run(106)) - e4b90157-0987-4622-adc9-0404bea551ef:group-C76A50A174E4 changes to CANDIDATE, lastRpcTime:5188, electionTimeout:5188ms
2019-09-12 10:33:32,952 [Thread-700] INFO  impl.RoleInfo (RoleInfo.java:shutdownFollowerState(121)) - e4b90157-0987-4622-adc9-0404bea551ef: shutdown FollowerState
2019-09-12 10:33:32,952 [Thread-700] INFO  impl.RaftServerImpl (RaftServerImpl.java:setRole(171)) - e4b90157-0987-4622-adc9-0404bea551ef:group-C76A50A174E4 changes role from FOLLOWER to CANDIDATE at term 0 for changeToCandidate
2019-09-12 10:33:32,952 [Thread-700] INFO  impl.RoleInfo (RoleInfo.java:updateAndGet(143)) - e4b90157-0987-4622-adc9-0404bea551ef: start LeaderElection
2019-09-12 10:33:33,003 [e4b90157-0987-4622-adc9-0404bea551ef-SegmentedRaftLogWorker:Storage Directory /workdir/hadoop-ozone/integration-test/target/test-dir/MiniOzoneClusterImpl-2d656029-9dde-45a3-b7cd-f2d738c2cb44/datanode-1/data/ratis/bfa5b837-c34a-4489-845d-0955fbcdd29b] INFO  segmented.SegmentedRaftLogWorker (SegmentedRaftLogWorker.java:execute(569)) - e4b90157-0987-4622-adc9-0404bea551ef-SegmentedRaftLogWorker:Storage Directory /workdir/hadoop-ozone/integration-test/target/test-dir/MiniOzoneClusterImpl-2d656029-9dde-45a3-b7cd-f2d738c2cb44/datanode-1/data/ratis/bfa5b837-c34a-4489-845d-0955fbcdd29b: created new log segment /workdir/hadoop-ozone/integration-test/target/test-dir/MiniOzoneClusterImpl-2d656029-9dde-45a3-b7cd-f2d738c2cb44/datanode-1/data/ratis/bfa5b837-c34a-4489-845d-0955fbcdd29b/current/log_inprogress_0
2019-09-12 10:33:33,003 [e4b90157-0987-4622-adc9-0404bea551ef:group-C76A50A174E4:LeaderElection50] INFO  impl.LeaderElection (LeaderElection.java:askForVotes(181)) - e4b90157-0987-4622-adc9-0404bea551ef:group-C76A50A174E4:LeaderElection50: begin an election at term 1 for -1: [e4b90157-0987-4622-adc9-0404bea551ef:192.168.157.195:45782], old=null
2019-09-12 10:33:33,003 [010b2855-0e1d-4bbd-b76a-4560f989b9a3-SegmentedRaftLogWorker:Storage Directory /workdir/hadoop-ozone/integration-test/target/test-dir/MiniOzoneClusterImpl-2d656029-9dde-45a3-b7cd-f2d738c2cb44/datanode-0/data/ratis/52045401-cf95-4e7e-b7a2-693e6d66fd06] INFO  segmented.SegmentedRaftLogWorker (SegmentedRaftLogWorker.java:execute(569)) - 010b2855-0e1d-4bbd-b76a-4560f989b9a3-SegmentedRaftLogWorker:Storage Directory /workdir/hadoop-ozone/integration-test/target/test-dir/MiniOzoneClusterImpl-2d656029-9dde-45a3-b7cd-f2d738c2cb44/datanode-0/data/ratis/52045401-cf95-4e7e-b7a2-693e6d66fd06: created new log segment /workdir/hadoop-ozone/integration-test/target/test-dir/MiniOzoneClusterImpl-2d656029-9dde-45a3-b7cd-f2d738c2cb44/datanode-0/data/ratis/52045401-cf95-4e7e-b7a2-693e6d66fd06/current/log_inprogress_0
2019-09-12 10:33:33,004 [e4b90157-0987-4622-adc9-0404bea551ef:group-C76A50A174E4:LeaderElection50] INFO  impl.RoleInfo (RoleInfo.java:shutdownLeaderElection(134)) - e4b90157-0987-4622-adc9-0404bea551ef: shutdown LeaderElection
2019-09-12 10:33:33,004 [e4b90157-0987-4622-adc9-0404bea551ef:group-C76A50A174E4:LeaderElection50] INFO  impl.RaftServerImpl (RaftServerImpl.java:setRole(171)) - e4b90157-0987-4622-adc9-0404bea551ef:group-C76A50A174E4 changes role from CANDIDATE to LEADER at term 1 for changeToLeader
2019-09-12 10:33:33,004 [e4b90157-0987-4622-adc9-0404bea551ef:group-C76A50A174E4:LeaderElection50] INFO  impl.RaftServerImpl (ServerState.java:setLeader(263)) - e4b90157-0987-4622-adc9-0404bea551ef:group-C76A50A174E4 change Leader from null to e4b90157-0987-4622-adc9-0404bea551ef at term 1 for becomeLeader, leader elected after 5246ms
2019-09-12 10:33:33,004 [e4b90157-0987-4622-adc9-0404bea551ef:group-C76A50A174E4:LeaderElection50] INFO  server.RaftServerConfigKeys (ConfUtils.java:logGet(43)) - raft.server.staging.catchup.gap = 1000 (default)
2019-09-12 10:33:33,004 [e4b90157-0987-4622-adc9-0404bea551ef:group-C76A50A174E4:LeaderElection50] INFO  server.RaftServerConfigKeys (ConfUtils.java:logGet(43)) - raft.server.rpc.sleep.time = 25ms (default)
2019-09-12 10:33:33,005 [e4b90157-0987-4622-adc9-0404bea551ef:group-C76A50A174E4:LeaderElection50] INFO  server.RaftServerConfigKeys (ConfUtils.java:logGet(43)) - raft.server.write.element-limit = 4096 (default)
2019-09-12 10:33:33,005 [e4b90157-0987-4622-adc9-0404bea551ef:group-C76A50A174E4:LeaderElection50] INFO  server.RaftServerConfigKeys (ConfUtils.java:logGet(43)) - raft.server.watch.timeout = 10s (default)
2019-09-12 10:33:33,005 [e4b90157-0987-4622-adc9-0404bea551ef:group-C76A50A174E4:LeaderElection50] INFO  server.RaftServerConfigKeys (ConfUtils.java:logGet(43)) - raft.server.watch.timeout.denomination = 1s (default)
2019-09-12 10:33:33,005 [e4b90157-0987-4622-adc9-0404bea551ef:group-C76A50A174E4:LeaderElection50] INFO  server.RaftServerConfigKeys (ConfUtils.java:logGet(43)) - raft.server.watch.element-limit = 65536 (default)
2019-09-12 10:33:33,005 [e4b90157-0987-4622-adc9-0404bea551ef:group-C76A50A174E4:LeaderElection50] INFO  impl.RoleInfo (RoleInfo.java:updateAndGet(143)) - e4b90157-0987-4622-adc9-0404bea551ef: start LeaderState
2019-09-12 10:33:33,006 [e4b90157-0987-4622-adc9-0404bea551ef:group-C76A50A174E4:LeaderElection50] INFO  segmented.SegmentedRaftLogWorker (SegmentedRaftLogWorker.java:startLogSegment(380)) - e4b90157-0987-4622-adc9-0404bea551ef-SegmentedRaftLogWorker:Storage Directory /workdir/hadoop-ozone/integration-test/target/test-dir/MiniOzoneClusterImpl-2d656029-9dde-45a3-b7cd-f2d738c2cb44/datanode-1/data/ratis/de7bbe18-59c1-4ab5-8c8a-c76a50a174e4: Starting segment from index:0
2019-09-12 10:33:33,006 [e4b90157-0987-4622-adc9-0404bea551ef:group-C76A50A174E4:LeaderElection50] INFO  impl.RaftServerImpl (ServerState.java:setRaftConf(361)) - e4b90157-0987-4622-adc9-0404bea551ef:group-C76A50A174E4 set configuration 0: [e4b90157-0987-4622-adc9-0404bea551ef:192.168.157.195:45782], old=null at 0
2019-09-12 10:33:33,049 | INFO  | SCMAudit | user=jenkins1000 | ip=192.168.157.195 | op=SEND_HEARTBEAT {datanodeUUID=afdb29cf-c3b8-498d-8640-0d0c0297edd0, command=[]} | ret=SUCCESS |  
2019-09-12 10:33:33,066 [e4b90157-0987-4622-adc9-0404bea551ef-SegmentedRaftLogWorker:Storage Directory /workdir/hadoop-ozone/integration-test/target/test-dir/MiniOzoneClusterImpl-2d656029-9dde-45a3-b7cd-f2d738c2cb44/datanode-1/data/ratis/de7bbe18-59c1-4ab5-8c8a-c76a50a174e4] INFO  segmented.SegmentedRaftLogWorker (SegmentedRaftLogWorker.java:execute(569)) - e4b90157-0987-4622-adc9-0404bea551ef-SegmentedRaftLogWorker:Storage Directory /workdir/hadoop-ozone/integration-test/target/test-dir/MiniOzoneClusterImpl-2d656029-9dde-45a3-b7cd-f2d738c2cb44/datanode-1/data/ratis/de7bbe18-59c1-4ab5-8c8a-c76a50a174e4: created new log segment /workdir/hadoop-ozone/integration-test/target/test-dir/MiniOzoneClusterImpl-2d656029-9dde-45a3-b7cd-f2d738c2cb44/datanode-1/data/ratis/de7bbe18-59c1-4ab5-8c8a-c76a50a174e4/current/log_inprogress_0
2019-09-12 10:33:33,081 [Thread-709] INFO  impl.FollowerState (FollowerState.java:run(106)) - e4b90157-0987-4622-adc9-0404bea551ef:group-B44AFE443665 changes to CANDIDATE, lastRpcTime:5173, electionTimeout:5173ms
2019-09-12 10:33:33,081 [Thread-709] INFO  impl.RoleInfo (RoleInfo.java:shutdownFollowerState(121)) - e4b90157-0987-4622-adc9-0404bea551ef: shutdown FollowerState
2019-09-12 10:33:33,081 [Thread-709] INFO  impl.RaftServerImpl (RaftServerImpl.java:setRole(171)) - e4b90157-0987-4622-adc9-0404bea551ef:group-B44AFE443665 changes role from FOLLOWER to CANDIDATE at term 0 for changeToCandidate
2019-09-12 10:33:33,081 [Thread-709] INFO  impl.RoleInfo (RoleInfo.java:updateAndGet(143)) - e4b90157-0987-4622-adc9-0404bea551ef: start LeaderElection
2019-09-12 10:33:33,112 [e4b90157-0987-4622-adc9-0404bea551ef:group-B44AFE443665:LeaderElection51] INFO  impl.LeaderElection (LeaderElection.java:askForVotes(181)) - e4b90157-0987-4622-adc9-0404bea551ef:group-B44AFE443665:LeaderElection51: begin an election at term 1 for -1: [e4b90157-0987-4622-adc9-0404bea551ef:192.168.157.195:45782], old=null
2019-09-12 10:33:33,113 [e4b90157-0987-4622-adc9-0404bea551ef:group-B44AFE443665:LeaderElection51] INFO  impl.RoleInfo (RoleInfo.java:shutdownLeaderElection(134)) - e4b90157-0987-4622-adc9-0404bea551ef: shutdown LeaderElection
2019-09-12 10:33:33,113 [e4b90157-0987-4622-adc9-0404bea551ef:group-B44AFE443665:LeaderElection51] INFO  impl.RaftServerImpl (RaftServerImpl.java:setRole(171)) - e4b90157-0987-4622-adc9-0404bea551ef:group-B44AFE443665 changes role from CANDIDATE to LEADER at term 1 for changeToLeader
2019-09-12 10:33:33,113 [e4b90157-0987-4622-adc9-0404bea551ef:group-B44AFE443665:LeaderElection51] INFO  impl.RaftServerImpl (ServerState.java:setLeader(263)) - e4b90157-0987-4622-adc9-0404bea551ef:group-B44AFE443665 change Leader from null to e4b90157-0987-4622-adc9-0404bea551ef at term 1 for becomeLeader, leader elected after 5209ms
2019-09-12 10:33:33,113 [e4b90157-0987-4622-adc9-0404bea551ef:group-B44AFE443665:LeaderElection51] INFO  server.RaftServerConfigKeys (ConfUtils.java:logGet(43)) - raft.server.staging.catchup.gap = 1000 (default)
2019-09-12 10:33:33,113 [e4b90157-0987-4622-adc9-0404bea551ef:group-B44AFE443665:LeaderElection51] INFO  server.RaftServerConfigKeys (ConfUtils.java:logGet(43)) - raft.server.rpc.sleep.time = 25ms (default)
2019-09-12 10:33:33,114 [e4b90157-0987-4622-adc9-0404bea551ef:group-B44AFE443665:LeaderElection51] INFO  server.RaftServerConfigKeys (ConfUtils.java:logGet(43)) - raft.server.write.element-limit = 4096 (default)
2019-09-12 10:33:33,114 [e4b90157-0987-4622-adc9-0404bea551ef:group-B44AFE443665:LeaderElection51] INFO  server.RaftServerConfigKeys (ConfUtils.java:logGet(43)) - raft.server.watch.timeout = 10s (default)
2019-09-12 10:33:33,114 [e4b90157-0987-4622-adc9-0404bea551ef:group-B44AFE443665:LeaderElection51] INFO  server.RaftServerConfigKeys (ConfUtils.java:logGet(43)) - raft.server.watch.timeout.denomination = 1s (default)
2019-09-12 10:33:33,114 [e4b90157-0987-4622-adc9-0404bea551ef:group-B44AFE443665:LeaderElection51] INFO  server.RaftServerConfigKeys (ConfUtils.java:logGet(43)) - raft.server.watch.element-limit = 65536 (default)
2019-09-12 10:33:33,114 [e4b90157-0987-4622-adc9-0404bea551ef:group-B44AFE443665:LeaderElection51] INFO  impl.RoleInfo (RoleInfo.java:updateAndGet(143)) - e4b90157-0987-4622-adc9-0404bea551ef: start LeaderState
2019-09-12 10:33:33,115 [e4b90157-0987-4622-adc9-0404bea551ef:group-B44AFE443665:LeaderElection51] INFO  segmented.SegmentedRaftLogWorker (SegmentedRaftLogWorker.java:startLogSegment(380)) - e4b90157-0987-4622-adc9-0404bea551ef-SegmentedRaftLogWorker:Storage Directory /workdir/hadoop-ozone/integration-test/target/test-dir/MiniOzoneClusterImpl-2d656029-9dde-45a3-b7cd-f2d738c2cb44/datanode-1/data/ratis/b64845fe-a85f-490f-8d3f-b44afe443665: Starting segment from index:0
2019-09-12 10:33:33,115 [e4b90157-0987-4622-adc9-0404bea551ef:group-B44AFE443665:LeaderElection51] INFO  impl.RaftServerImpl (ServerState.java:setRaftConf(361)) - e4b90157-0987-4622-adc9-0404bea551ef:group-B44AFE443665 set configuration 0: [e4b90157-0987-4622-adc9-0404bea551ef:192.168.157.195:45782], old=null at 0
2019-09-12 10:33:33,141 [Thread-712] INFO  impl.FollowerState (FollowerState.java:run(106)) - e4b90157-0987-4622-adc9-0404bea551ef:group-35796AD33877 changes to CANDIDATE, lastRpcTime:5190, electionTimeout:5190ms
2019-09-12 10:33:33,141 [Thread-712] INFO  impl.RoleInfo (RoleInfo.java:shutdownFollowerState(121)) - e4b90157-0987-4622-adc9-0404bea551ef: shutdown FollowerState
2019-09-12 10:33:33,141 [Thread-712] INFO  impl.RaftServerImpl (RaftServerImpl.java:setRole(171)) - e4b90157-0987-4622-adc9-0404bea551ef:group-35796AD33877 changes role from FOLLOWER to CANDIDATE at term 0 for changeToCandidate
2019-09-12 10:33:33,141 [Thread-712] INFO  impl.RoleInfo (RoleInfo.java:updateAndGet(143)) - e4b90157-0987-4622-adc9-0404bea551ef: start LeaderElection
2019-09-12 10:33:33,165 [e4b90157-0987-4622-adc9-0404bea551ef-SegmentedRaftLogWorker:Storage Directory /workdir/hadoop-ozone/integration-test/target/test-dir/MiniOzoneClusterImpl-2d656029-9dde-45a3-b7cd-f2d738c2cb44/datanode-1/data/ratis/b64845fe-a85f-490f-8d3f-b44afe443665] INFO  segmented.SegmentedRaftLogWorker (SegmentedRaftLogWorker.java:execute(569)) - e4b90157-0987-4622-adc9-0404bea551ef-SegmentedRaftLogWorker:Storage Directory /workdir/hadoop-ozone/integration-test/target/test-dir/MiniOzoneClusterImpl-2d656029-9dde-45a3-b7cd-f2d738c2cb44/datanode-1/data/ratis/b64845fe-a85f-490f-8d3f-b44afe443665: created new log segment /workdir/hadoop-ozone/integration-test/target/test-dir/MiniOzoneClusterImpl-2d656029-9dde-45a3-b7cd-f2d738c2cb44/datanode-1/data/ratis/b64845fe-a85f-490f-8d3f-b44afe443665/current/log_inprogress_0
2019-09-12 10:33:33,165 [e4b90157-0987-4622-adc9-0404bea551ef:group-35796AD33877:LeaderElection52] INFO  impl.LeaderElection (LeaderElection.java:askForVotes(181)) - e4b90157-0987-4622-adc9-0404bea551ef:group-35796AD33877:LeaderElection52: begin an election at term 1 for -1: [e4b90157-0987-4622-adc9-0404bea551ef:192.168.157.195:45782], old=null
2019-09-12 10:33:33,165 [e4b90157-0987-4622-adc9-0404bea551ef:group-35796AD33877:LeaderElection52] INFO  impl.RoleInfo (RoleInfo.java:shutdownLeaderElection(134)) - e4b90157-0987-4622-adc9-0404bea551ef: shutdown LeaderElection
2019-09-12 10:33:33,165 [e4b90157-0987-4622-adc9-0404bea551ef:group-35796AD33877:LeaderElection52] INFO  impl.RaftServerImpl (RaftServerImpl.java:setRole(171)) - e4b90157-0987-4622-adc9-0404bea551ef:group-35796AD33877 changes role from CANDIDATE to LEADER at term 1 for changeToLeader
2019-09-12 10:33:33,165 [e4b90157-0987-4622-adc9-0404bea551ef:group-35796AD33877:LeaderElection52] INFO  impl.RaftServerImpl (ServerState.java:setLeader(263)) - e4b90157-0987-4622-adc9-0404bea551ef:group-35796AD33877 change Leader from null to e4b90157-0987-4622-adc9-0404bea551ef at term 1 for becomeLeader, leader elected after 5219ms
2019-09-12 10:33:33,165 [e4b90157-0987-4622-adc9-0404bea551ef:group-35796AD33877:LeaderElection52] INFO  server.RaftServerConfigKeys (ConfUtils.java:logGet(43)) - raft.server.staging.catchup.gap = 1000 (default)
2019-09-12 10:33:33,165 [e4b90157-0987-4622-adc9-0404bea551ef:group-35796AD33877:LeaderElection52] INFO  server.RaftServerConfigKeys (ConfUtils.java:logGet(43)) - raft.server.rpc.sleep.time = 25ms (default)
2019-09-12 10:33:33,166 [e4b90157-0987-4622-adc9-0404bea551ef:group-35796AD33877:LeaderElection52] INFO  server.RaftServerConfigKeys (ConfUtils.java:logGet(43)) - raft.server.write.element-limit = 4096 (default)
2019-09-12 10:33:33,166 [e4b90157-0987-4622-adc9-0404bea551ef:group-35796AD33877:LeaderElection52] INFO  server.RaftServerConfigKeys (ConfUtils.java:logGet(43)) - raft.server.watch.timeout = 10s (default)
2019-09-12 10:33:33,166 [e4b90157-0987-4622-adc9-0404bea551ef:group-35796AD33877:LeaderElection52] INFO  server.RaftServerConfigKeys (ConfUtils.java:logGet(43)) - raft.server.watch.timeout.denomination = 1s (default)
2019-09-12 10:33:33,166 [e4b90157-0987-4622-adc9-0404bea551ef:group-35796AD33877:LeaderElection52] INFO  server.RaftServerConfigKeys (ConfUtils.java:logGet(43)) - raft.server.watch.element-limit = 65536 (default)
2019-09-12 10:33:33,166 [e4b90157-0987-4622-adc9-0404bea551ef:group-35796AD33877:LeaderElection52] INFO  impl.RoleInfo (RoleInfo.java:updateAndGet(143)) - e4b90157-0987-4622-adc9-0404bea551ef: start LeaderState
2019-09-12 10:33:33,166 [e4b90157-0987-4622-adc9-0404bea551ef:group-35796AD33877:LeaderElection52] INFO  segmented.SegmentedRaftLogWorker (SegmentedRaftLogWorker.java:startLogSegment(380)) - e4b90157-0987-4622-adc9-0404bea551ef-SegmentedRaftLogWorker:Storage Directory /workdir/hadoop-ozone/integration-test/target/test-dir/MiniOzoneClusterImpl-2d656029-9dde-45a3-b7cd-f2d738c2cb44/datanode-1/data/ratis/1eb62d6c-8032-44dd-bcec-35796ad33877: Starting segment from index:0
2019-09-12 10:33:33,167 [e4b90157-0987-4622-adc9-0404bea551ef:group-35796AD33877:LeaderElection52] INFO  impl.RaftServerImpl (ServerState.java:setRaftConf(361)) - e4b90157-0987-4622-adc9-0404bea551ef:group-35796AD33877 set configuration 0: [e4b90157-0987-4622-adc9-0404bea551ef:192.168.157.195:45782], old=null at 0
2019-09-12 10:33:33,169 [Thread-715] INFO  impl.FollowerState (FollowerState.java:run(106)) - 010b2855-0e1d-4bbd-b76a-4560f989b9a3:group-010BEE1D53F6 changes to CANDIDATE, lastRpcTime:5172, electionTimeout:5172ms
2019-09-12 10:33:33,170 [Thread-715] INFO  impl.RoleInfo (RoleInfo.java:shutdownFollowerState(121)) - 010b2855-0e1d-4bbd-b76a-4560f989b9a3: shutdown FollowerState
2019-09-12 10:33:33,170 [Thread-715] INFO  impl.RaftServerImpl (RaftServerImpl.java:setRole(171)) - 010b2855-0e1d-4bbd-b76a-4560f989b9a3:group-010BEE1D53F6 changes role from FOLLOWER to CANDIDATE at term 0 for changeToCandidate
2019-09-12 10:33:33,170 [Thread-715] INFO  impl.RoleInfo (RoleInfo.java:updateAndGet(143)) - 010b2855-0e1d-4bbd-b76a-4560f989b9a3: start LeaderElection
2019-09-12 10:33:33,209 [Thread-724] INFO  impl.FollowerState (FollowerState.java:run(106)) - 8bce8832-9727-4b35-a9b5-3df7187e4e21:group-215A874479D8 changes to CANDIDATE, lastRpcTime:5044, electionTimeout:5044ms
2019-09-12 10:33:33,209 [Thread-724] INFO  impl.RoleInfo (RoleInfo.java:shutdownFollowerState(121)) - 8bce8832-9727-4b35-a9b5-3df7187e4e21: shutdown FollowerState
2019-09-12 10:33:33,210 [Thread-724] INFO  impl.RaftServerImpl (RaftServerImpl.java:setRole(171)) - 8bce8832-9727-4b35-a9b5-3df7187e4e21:group-215A874479D8 changes role from FOLLOWER to CANDIDATE at term 0 for changeToCandidate
2019-09-12 10:33:33,210 [Thread-724] INFO  impl.RoleInfo (RoleInfo.java:updateAndGet(143)) - 8bce8832-9727-4b35-a9b5-3df7187e4e21: start LeaderElection
2019-09-12 10:33:33,222 [e4b90157-0987-4622-adc9-0404bea551ef-SegmentedRaftLogWorker:Storage Directory /workdir/hadoop-ozone/integration-test/target/test-dir/MiniOzoneClusterImpl-2d656029-9dde-45a3-b7cd-f2d738c2cb44/datanode-1/data/ratis/1eb62d6c-8032-44dd-bcec-35796ad33877] INFO  segmented.SegmentedRaftLogWorker (SegmentedRaftLogWorker.java:execute(569)) - e4b90157-0987-4622-adc9-0404bea551ef-SegmentedRaftLogWorker:Storage Directory /workdir/hadoop-ozone/integration-test/target/test-dir/MiniOzoneClusterImpl-2d656029-9dde-45a3-b7cd-f2d738c2cb44/datanode-1/data/ratis/1eb62d6c-8032-44dd-bcec-35796ad33877: created new log segment /workdir/hadoop-ozone/integration-test/target/test-dir/MiniOzoneClusterImpl-2d656029-9dde-45a3-b7cd-f2d738c2cb44/datanode-1/data/ratis/1eb62d6c-8032-44dd-bcec-35796ad33877/current/log_inprogress_0
2019-09-12 10:33:33,222 [8bce8832-9727-4b35-a9b5-3df7187e4e21:group-215A874479D8:LeaderElection54] INFO  impl.LeaderElection (LeaderElection.java:askForVotes(181)) - 8bce8832-9727-4b35-a9b5-3df7187e4e21:group-215A874479D8:LeaderElection54: begin an election at term 1 for -1: [8bce8832-9727-4b35-a9b5-3df7187e4e21:192.168.157.195:43912], old=null
2019-09-12 10:33:33,222 [010b2855-0e1d-4bbd-b76a-4560f989b9a3:group-010BEE1D53F6:LeaderElection53] INFO  impl.LeaderElection (LeaderElection.java:askForVotes(181)) - 010b2855-0e1d-4bbd-b76a-4560f989b9a3:group-010BEE1D53F6:LeaderElection53: begin an election at term 1 for -1: [010b2855-0e1d-4bbd-b76a-4560f989b9a3:192.168.157.195:43711], old=null
2019-09-12 10:33:33,222 [8bce8832-9727-4b35-a9b5-3df7187e4e21:group-215A874479D8:LeaderElection54] INFO  impl.RoleInfo (RoleInfo.java:shutdownLeaderElection(134)) - 8bce8832-9727-4b35-a9b5-3df7187e4e21: shutdown LeaderElection
2019-09-12 10:33:33,223 [010b2855-0e1d-4bbd-b76a-4560f989b9a3:group-010BEE1D53F6:LeaderElection53] INFO  impl.RoleInfo (RoleInfo.java:shutdownLeaderElection(134)) - 010b2855-0e1d-4bbd-b76a-4560f989b9a3: shutdown LeaderElection
2019-09-12 10:33:33,223 [8bce8832-9727-4b35-a9b5-3df7187e4e21:group-215A874479D8:LeaderElection54] INFO  impl.RaftServerImpl (RaftServerImpl.java:setRole(171)) - 8bce8832-9727-4b35-a9b5-3df7187e4e21:group-215A874479D8 changes role from CANDIDATE to LEADER at term 1 for changeToLeader
2019-09-12 10:33:33,223 [010b2855-0e1d-4bbd-b76a-4560f989b9a3:group-010BEE1D53F6:LeaderElection53] INFO  impl.RaftServerImpl (RaftServerImpl.java:setRole(171)) - 010b2855-0e1d-4bbd-b76a-4560f989b9a3:group-010BEE1D53F6 changes role from CANDIDATE to LEADER at term 1 for changeToLeader
2019-09-12 10:33:33,223 [8bce8832-9727-4b35-a9b5-3df7187e4e21:group-215A874479D8:LeaderElection54] INFO  impl.RaftServerImpl (ServerState.java:setLeader(263)) - 8bce8832-9727-4b35-a9b5-3df7187e4e21:group-215A874479D8 change Leader from null to 8bce8832-9727-4b35-a9b5-3df7187e4e21 at term 1 for becomeLeader, leader elected after 5063ms
2019-09-12 10:33:33,223 [010b2855-0e1d-4bbd-b76a-4560f989b9a3:group-010BEE1D53F6:LeaderElection53] INFO  impl.RaftServerImpl (ServerState.java:setLeader(263)) - 010b2855-0e1d-4bbd-b76a-4560f989b9a3:group-010BEE1D53F6 change Leader from null to 010b2855-0e1d-4bbd-b76a-4560f989b9a3 at term 1 for becomeLeader, leader elected after 5231ms
2019-09-12 10:33:33,226 [8bce8832-9727-4b35-a9b5-3df7187e4e21:group-215A874479D8:LeaderElection54] INFO  server.RaftServerConfigKeys (ConfUtils.java:logGet(43)) - raft.server.staging.catchup.gap = 1000 (default)
2019-09-12 10:33:33,227 [010b2855-0e1d-4bbd-b76a-4560f989b9a3:group-010BEE1D53F6:LeaderElection53] INFO  server.RaftServerConfigKeys (ConfUtils.java:logGet(43)) - raft.server.staging.catchup.gap = 1000 (default)
2019-09-12 10:33:33,227 [8bce8832-9727-4b35-a9b5-3df7187e4e21:group-215A874479D8:LeaderElection54] INFO  server.RaftServerConfigKeys (ConfUtils.java:logGet(43)) - raft.server.rpc.sleep.time = 25ms (default)
2019-09-12 10:33:33,227 [010b2855-0e1d-4bbd-b76a-4560f989b9a3:group-010BEE1D53F6:LeaderElection53] INFO  server.RaftServerConfigKeys (ConfUtils.java:logGet(43)) - raft.server.rpc.sleep.time = 25ms (default)
2019-09-12 10:33:33,227 [8bce8832-9727-4b35-a9b5-3df7187e4e21:group-215A874479D8:LeaderElection54] INFO  server.RaftServerConfigKeys (ConfUtils.java:logGet(43)) - raft.server.write.element-limit = 4096 (default)
2019-09-12 10:33:33,227 [010b2855-0e1d-4bbd-b76a-4560f989b9a3:group-010BEE1D53F6:LeaderElection53] INFO  server.RaftServerConfigKeys (ConfUtils.java:logGet(43)) - raft.server.write.element-limit = 4096 (default)
2019-09-12 10:33:33,227 [8bce8832-9727-4b35-a9b5-3df7187e4e21:group-215A874479D8:LeaderElection54] INFO  server.RaftServerConfigKeys (ConfUtils.java:logGet(43)) - raft.server.watch.timeout = 10s (default)
2019-09-12 10:33:33,227 [010b2855-0e1d-4bbd-b76a-4560f989b9a3:group-010BEE1D53F6:LeaderElection53] INFO  server.RaftServerConfigKeys (ConfUtils.java:logGet(43)) - raft.server.watch.timeout = 10s (default)
2019-09-12 10:33:33,227 [8bce8832-9727-4b35-a9b5-3df7187e4e21:group-215A874479D8:LeaderElection54] INFO  server.RaftServerConfigKeys (ConfUtils.java:logGet(43)) - raft.server.watch.timeout.denomination = 1s (default)
2019-09-12 10:33:33,227 [010b2855-0e1d-4bbd-b76a-4560f989b9a3:group-010BEE1D53F6:LeaderElection53] INFO  server.RaftServerConfigKeys (ConfUtils.java:logGet(43)) - raft.server.watch.timeout.denomination = 1s (default)
2019-09-12 10:33:33,228 [8bce8832-9727-4b35-a9b5-3df7187e4e21:group-215A874479D8:LeaderElection54] INFO  server.RaftServerConfigKeys (ConfUtils.java:logGet(43)) - raft.server.watch.element-limit = 65536 (default)
2019-09-12 10:33:33,228 [010b2855-0e1d-4bbd-b76a-4560f989b9a3:group-010BEE1D53F6:LeaderElection53] INFO  server.RaftServerConfigKeys (ConfUtils.java:logGet(43)) - raft.server.watch.element-limit = 65536 (default)
2019-09-12 10:33:33,228 [010b2855-0e1d-4bbd-b76a-4560f989b9a3:group-010BEE1D53F6:LeaderElection53] INFO  impl.RoleInfo (RoleInfo.java:updateAndGet(143)) - 010b2855-0e1d-4bbd-b76a-4560f989b9a3: start LeaderState
2019-09-12 10:33:33,228 [8bce8832-9727-4b35-a9b5-3df7187e4e21:group-215A874479D8:LeaderElection54] INFO  impl.RoleInfo (RoleInfo.java:updateAndGet(143)) - 8bce8832-9727-4b35-a9b5-3df7187e4e21: start LeaderState
2019-09-12 10:33:33,228 [010b2855-0e1d-4bbd-b76a-4560f989b9a3:group-010BEE1D53F6:LeaderElection53] INFO  segmented.SegmentedRaftLogWorker (SegmentedRaftLogWorker.java:startLogSegment(380)) - 010b2855-0e1d-4bbd-b76a-4560f989b9a3-SegmentedRaftLogWorker:Storage Directory /workdir/hadoop-ozone/integration-test/target/test-dir/MiniOzoneClusterImpl-2d656029-9dde-45a3-b7cd-f2d738c2cb44/datanode-0/data/ratis/5ed265c5-7848-438c-a038-010bee1d53f6: Starting segment from index:0
2019-09-12 10:33:33,228 [8bce8832-9727-4b35-a9b5-3df7187e4e21:group-215A874479D8:LeaderElection54] INFO  segmented.SegmentedRaftLogWorker (SegmentedRaftLogWorker.java:startLogSegment(380)) - 8bce8832-9727-4b35-a9b5-3df7187e4e21-SegmentedRaftLogWorker:Storage Directory /workdir/hadoop-ozone/integration-test/target/test-dir/MiniOzoneClusterImpl-2d656029-9dde-45a3-b7cd-f2d738c2cb44/datanode-2/data/ratis/3f700d1d-d26e-4ad4-b4f9-215a874479d8: Starting segment from index:0
2019-09-12 10:33:33,229 [010b2855-0e1d-4bbd-b76a-4560f989b9a3:group-010BEE1D53F6:LeaderElection53] INFO  impl.RaftServerImpl (ServerState.java:setRaftConf(361)) - 010b2855-0e1d-4bbd-b76a-4560f989b9a3:group-010BEE1D53F6 set configuration 0: [010b2855-0e1d-4bbd-b76a-4560f989b9a3:192.168.157.195:43711], old=null at 0
2019-09-12 10:33:33,229 [8bce8832-9727-4b35-a9b5-3df7187e4e21:group-215A874479D8:LeaderElection54] INFO  impl.RaftServerImpl (ServerState.java:setRaftConf(361)) - 8bce8832-9727-4b35-a9b5-3df7187e4e21:group-215A874479D8 set configuration 0: [8bce8832-9727-4b35-a9b5-3df7187e4e21:192.168.157.195:43912], old=null at 0
2019-09-12 10:33:33,245 [Thread-718] INFO  impl.FollowerState (FollowerState.java:run(106)) - 8bce8832-9727-4b35-a9b5-3df7187e4e21:group-7FC6FAD3DCEE changes to CANDIDATE, lastRpcTime:5181, electionTimeout:5181ms
2019-09-12 10:33:33,246 [Thread-718] INFO  impl.RoleInfo (RoleInfo.java:shutdownFollowerState(121)) - 8bce8832-9727-4b35-a9b5-3df7187e4e21: shutdown FollowerState
2019-09-12 10:33:33,246 [Thread-718] INFO  impl.RaftServerImpl (RaftServerImpl.java:setRole(171)) - 8bce8832-9727-4b35-a9b5-3df7187e4e21:group-7FC6FAD3DCEE changes role from FOLLOWER to CANDIDATE at term 0 for changeToCandidate
2019-09-12 10:33:33,246 [Thread-718] INFO  impl.RoleInfo (RoleInfo.java:updateAndGet(143)) - 8bce8832-9727-4b35-a9b5-3df7187e4e21: start LeaderElection
2019-09-12 10:33:33,266 [Thread-727] INFO  impl.FollowerState (FollowerState.java:run(106)) - 8bce8832-9727-4b35-a9b5-3df7187e4e21:group-A93A700E2FD9 changes to CANDIDATE, lastRpcTime:5057, electionTimeout:5047ms
2019-09-12 10:33:33,266 [Thread-727] INFO  impl.RoleInfo (RoleInfo.java:shutdownFollowerState(121)) - 8bce8832-9727-4b35-a9b5-3df7187e4e21: shutdown FollowerState
2019-09-12 10:33:33,266 [Thread-727] INFO  impl.RaftServerImpl (RaftServerImpl.java:setRole(171)) - 8bce8832-9727-4b35-a9b5-3df7187e4e21:group-A93A700E2FD9 changes role from FOLLOWER to CANDIDATE at term 0 for changeToCandidate
2019-09-12 10:33:33,267 [Thread-727] INFO  impl.RoleInfo (RoleInfo.java:updateAndGet(143)) - 8bce8832-9727-4b35-a9b5-3df7187e4e21: start LeaderElection
2019-09-12 10:33:33,279 [010b2855-0e1d-4bbd-b76a-4560f989b9a3-SegmentedRaftLogWorker:Storage Directory /workdir/hadoop-ozone/integration-test/target/test-dir/MiniOzoneClusterImpl-2d656029-9dde-45a3-b7cd-f2d738c2cb44/datanode-0/data/ratis/5ed265c5-7848-438c-a038-010bee1d53f6] INFO  segmented.SegmentedRaftLogWorker (SegmentedRaftLogWorker.java:execute(569)) - 010b2855-0e1d-4bbd-b76a-4560f989b9a3-SegmentedRaftLogWorker:Storage Directory /workdir/hadoop-ozone/integration-test/target/test-dir/MiniOzoneClusterImpl-2d656029-9dde-45a3-b7cd-f2d738c2cb44/datanode-0/data/ratis/5ed265c5-7848-438c-a038-010bee1d53f6: created new log segment /workdir/hadoop-ozone/integration-test/target/test-dir/MiniOzoneClusterImpl-2d656029-9dde-45a3-b7cd-f2d738c2cb44/datanode-0/data/ratis/5ed265c5-7848-438c-a038-010bee1d53f6/current/log_inprogress_0
2019-09-12 10:33:33,279 [8bce8832-9727-4b35-a9b5-3df7187e4e21:group-7FC6FAD3DCEE:LeaderElection55] INFO  impl.LeaderElection (LeaderElection.java:askForVotes(181)) - 8bce8832-9727-4b35-a9b5-3df7187e4e21:group-7FC6FAD3DCEE:LeaderElection55: begin an election at term 1 for -1: [8bce8832-9727-4b35-a9b5-3df7187e4e21:192.168.157.195:43912], old=null
2019-09-12 10:33:33,279 [8bce8832-9727-4b35-a9b5-3df7187e4e21:group-A93A700E2FD9:LeaderElection56] INFO  impl.LeaderElection (LeaderElection.java:askForVotes(181)) - 8bce8832-9727-4b35-a9b5-3df7187e4e21:group-A93A700E2FD9:LeaderElection56: begin an election at term 1 for -1: [8bce8832-9727-4b35-a9b5-3df7187e4e21:192.168.157.195:43912], old=null
2019-09-12 10:33:33,279 [8bce8832-9727-4b35-a9b5-3df7187e4e21-SegmentedRaftLogWorker:Storage Directory /workdir/hadoop-ozone/integration-test/target/test-dir/MiniOzoneClusterImpl-2d656029-9dde-45a3-b7cd-f2d738c2cb44/datanode-2/data/ratis/3f700d1d-d26e-4ad4-b4f9-215a874479d8] INFO  segmented.SegmentedRaftLogWorker (SegmentedRaftLogWorker.java:execute(569)) - 8bce8832-9727-4b35-a9b5-3df7187e4e21-SegmentedRaftLogWorker:Storage Directory /workdir/hadoop-ozone/integration-test/target/test-dir/MiniOzoneClusterImpl-2d656029-9dde-45a3-b7cd-f2d738c2cb44/datanode-2/data/ratis/3f700d1d-d26e-4ad4-b4f9-215a874479d8: created new log segment /workdir/hadoop-ozone/integration-test/target/test-dir/MiniOzoneClusterImpl-2d656029-9dde-45a3-b7cd-f2d738c2cb44/datanode-2/data/ratis/3f700d1d-d26e-4ad4-b4f9-215a874479d8/current/log_inprogress_0
2019-09-12 10:33:33,280 [8bce8832-9727-4b35-a9b5-3df7187e4e21:group-A93A700E2FD9:LeaderElection56] INFO  impl.RoleInfo (RoleInfo.java:shutdownLeaderElection(134)) - 8bce8832-9727-4b35-a9b5-3df7187e4e21: shutdown LeaderElection
2019-09-12 10:33:33,280 [8bce8832-9727-4b35-a9b5-3df7187e4e21:group-7FC6FAD3DCEE:LeaderElection55] INFO  impl.RoleInfo (RoleInfo.java:shutdownLeaderElection(134)) - 8bce8832-9727-4b35-a9b5-3df7187e4e21: shutdown LeaderElection
2019-09-12 10:33:33,280 [8bce8832-9727-4b35-a9b5-3df7187e4e21:group-A93A700E2FD9:LeaderElection56] INFO  impl.RaftServerImpl (RaftServerImpl.java:setRole(171)) - 8bce8832-9727-4b35-a9b5-3df7187e4e21:group-A93A700E2FD9 changes role from CANDIDATE to LEADER at term 1 for changeToLeader
2019-09-12 10:33:33,280 [8bce8832-9727-4b35-a9b5-3df7187e4e21:group-7FC6FAD3DCEE:LeaderElection55] INFO  impl.RaftServerImpl (RaftServerImpl.java:setRole(171)) - 8bce8832-9727-4b35-a9b5-3df7187e4e21:group-7FC6FAD3DCEE changes role from CANDIDATE to LEADER at term 1 for changeToLeader
2019-09-12 10:33:33,280 [8bce8832-9727-4b35-a9b5-3df7187e4e21:group-A93A700E2FD9:LeaderElection56] INFO  impl.RaftServerImpl (ServerState.java:setLeader(263)) - 8bce8832-9727-4b35-a9b5-3df7187e4e21:group-A93A700E2FD9 change Leader from null to 8bce8832-9727-4b35-a9b5-3df7187e4e21 at term 1 for becomeLeader, leader elected after 5076ms
2019-09-12 10:33:33,280 [8bce8832-9727-4b35-a9b5-3df7187e4e21:group-7FC6FAD3DCEE:LeaderElection55] INFO  impl.RaftServerImpl (ServerState.java:setLeader(263)) - 8bce8832-9727-4b35-a9b5-3df7187e4e21:group-7FC6FAD3DCEE change Leader from null to 8bce8832-9727-4b35-a9b5-3df7187e4e21 at term 1 for becomeLeader, leader elected after 5221ms
2019-09-12 10:33:33,280 [8bce8832-9727-4b35-a9b5-3df7187e4e21:group-A93A700E2FD9:LeaderElection56] INFO  server.RaftServerConfigKeys (ConfUtils.java:logGet(43)) - raft.server.staging.catchup.gap = 1000 (default)
2019-09-12 10:33:33,281 [8bce8832-9727-4b35-a9b5-3df7187e4e21:group-7FC6FAD3DCEE:LeaderElection55] INFO  server.RaftServerConfigKeys (ConfUtils.java:logGet(43)) - raft.server.staging.catchup.gap = 1000 (default)
2019-09-12 10:33:33,281 [8bce8832-9727-4b35-a9b5-3df7187e4e21:group-A93A700E2FD9:LeaderElection56] INFO  server.RaftServerConfigKeys (ConfUtils.java:logGet(43)) - raft.server.rpc.sleep.time = 25ms (default)
2019-09-12 10:33:33,281 [8bce8832-9727-4b35-a9b5-3df7187e4e21:group-7FC6FAD3DCEE:LeaderElection55] INFO  server.RaftServerConfigKeys (ConfUtils.java:logGet(43)) - raft.server.rpc.sleep.time = 25ms (default)
2019-09-12 10:33:33,281 [8bce8832-9727-4b35-a9b5-3df7187e4e21:group-A93A700E2FD9:LeaderElection56] INFO  server.RaftServerConfigKeys (ConfUtils.java:logGet(43)) - raft.server.write.element-limit = 4096 (default)
2019-09-12 10:33:33,281 [8bce8832-9727-4b35-a9b5-3df7187e4e21:group-7FC6FAD3DCEE:LeaderElection55] INFO  server.RaftServerConfigKeys (ConfUtils.java:logGet(43)) - raft.server.write.element-limit = 4096 (default)
2019-09-12 10:33:33,281 [8bce8832-9727-4b35-a9b5-3df7187e4e21:group-A93A700E2FD9:LeaderElection56] INFO  server.RaftServerConfigKeys (ConfUtils.java:logGet(43)) - raft.server.watch.timeout = 10s (default)
2019-09-12 10:33:33,281 [8bce8832-9727-4b35-a9b5-3df7187e4e21:group-7FC6FAD3DCEE:LeaderElection55] INFO  server.RaftServerConfigKeys (ConfUtils.java:logGet(43)) - raft.server.watch.timeout = 10s (default)
2019-09-12 10:33:33,281 [8bce8832-9727-4b35-a9b5-3df7187e4e21:group-A93A700E2FD9:LeaderElection56] INFO  server.RaftServerConfigKeys (ConfUtils.java:logGet(43)) - raft.server.watch.timeout.denomination = 1s (default)
2019-09-12 10:33:33,282 [8bce8832-9727-4b35-a9b5-3df7187e4e21:group-7FC6FAD3DCEE:LeaderElection55] INFO  server.RaftServerConfigKeys (ConfUtils.java:logGet(43)) - raft.server.watch.timeout.denomination = 1s (default)
2019-09-12 10:33:33,282 [8bce8832-9727-4b35-a9b5-3df7187e4e21:group-A93A700E2FD9:LeaderElection56] INFO  server.RaftServerConfigKeys (ConfUtils.java:logGet(43)) - raft.server.watch.element-limit = 65536 (default)
2019-09-12 10:33:33,282 [8bce8832-9727-4b35-a9b5-3df7187e4e21:group-7FC6FAD3DCEE:LeaderElection55] INFO  server.RaftServerConfigKeys (ConfUtils.java:logGet(43)) - raft.server.watch.element-limit = 65536 (default)
2019-09-12 10:33:33,282 [8bce8832-9727-4b35-a9b5-3df7187e4e21:group-A93A700E2FD9:LeaderElection56] INFO  impl.RoleInfo (RoleInfo.java:updateAndGet(143)) - 8bce8832-9727-4b35-a9b5-3df7187e4e21: start LeaderState
2019-09-12 10:33:33,282 [8bce8832-9727-4b35-a9b5-3df7187e4e21:group-7FC6FAD3DCEE:LeaderElection55] INFO  impl.RoleInfo (RoleInfo.java:updateAndGet(143)) - 8bce8832-9727-4b35-a9b5-3df7187e4e21: start LeaderState
2019-09-12 10:33:33,282 [8bce8832-9727-4b35-a9b5-3df7187e4e21:group-A93A700E2FD9:LeaderElection56] INFO  segmented.SegmentedRaftLogWorker (SegmentedRaftLogWorker.java:startLogSegment(380)) - 8bce8832-9727-4b35-a9b5-3df7187e4e21-SegmentedRaftLogWorker:Storage Directory /workdir/hadoop-ozone/integration-test/target/test-dir/MiniOzoneClusterImpl-2d656029-9dde-45a3-b7cd-f2d738c2cb44/datanode-2/data/ratis/a8a83a12-59ce-4fc5-bf17-a93a700e2fd9: Starting segment from index:0
2019-09-12 10:33:33,282 [8bce8832-9727-4b35-a9b5-3df7187e4e21:group-7FC6FAD3DCEE:LeaderElection55] INFO  segmented.SegmentedRaftLogWorker (SegmentedRaftLogWorker.java:startLogSegment(380)) - 8bce8832-9727-4b35-a9b5-3df7187e4e21-SegmentedRaftLogWorker:Storage Directory /workdir/hadoop-ozone/integration-test/target/test-dir/MiniOzoneClusterImpl-2d656029-9dde-45a3-b7cd-f2d738c2cb44/datanode-2/data/ratis/39135a80-1991-4bf5-b91d-7fc6fad3dcee: Starting segment from index:0
2019-09-12 10:33:33,283 [8bce8832-9727-4b35-a9b5-3df7187e4e21:group-A93A700E2FD9:LeaderElection56] INFO  impl.RaftServerImpl (ServerState.java:setRaftConf(361)) - 8bce8832-9727-4b35-a9b5-3df7187e4e21:group-A93A700E2FD9 set configuration 0: [8bce8832-9727-4b35-a9b5-3df7187e4e21:192.168.157.195:43912], old=null at 0
2019-09-12 10:33:33,283 [8bce8832-9727-4b35-a9b5-3df7187e4e21:group-7FC6FAD3DCEE:LeaderElection55] INFO  impl.RaftServerImpl (ServerState.java:setRaftConf(361)) - 8bce8832-9727-4b35-a9b5-3df7187e4e21:group-7FC6FAD3DCEE set configuration 0: [8bce8832-9727-4b35-a9b5-3df7187e4e21:192.168.157.195:43912], old=null at 0
2019-09-12 10:33:33,315 [Thread-721] INFO  impl.FollowerState (FollowerState.java:run(106)) - e4b90157-0987-4622-adc9-0404bea551ef:group-768D6499DAEB changes to CANDIDATE, lastRpcTime:5197, electionTimeout:5197ms
2019-09-12 10:33:33,315 [Thread-721] INFO  impl.RoleInfo (RoleInfo.java:shutdownFollowerState(121)) - e4b90157-0987-4622-adc9-0404bea551ef: shutdown FollowerState
2019-09-12 10:33:33,315 [Thread-721] INFO  impl.RaftServerImpl (RaftServerImpl.java:setRole(171)) - e4b90157-0987-4622-adc9-0404bea551ef:group-768D6499DAEB changes role from FOLLOWER to CANDIDATE at term 0 for changeToCandidate
2019-09-12 10:33:33,315 [Thread-721] INFO  impl.RoleInfo (RoleInfo.java:updateAndGet(143)) - e4b90157-0987-4622-adc9-0404bea551ef: start LeaderElection
2019-09-12 10:33:33,323 [8bce8832-9727-4b35-a9b5-3df7187e4e21-SegmentedRaftLogWorker:Storage Directory /workdir/hadoop-ozone/integration-test/target/test-dir/MiniOzoneClusterImpl-2d656029-9dde-45a3-b7cd-f2d738c2cb44/datanode-2/data/ratis/a8a83a12-59ce-4fc5-bf17-a93a700e2fd9] INFO  segmented.SegmentedRaftLogWorker (SegmentedRaftLogWorker.java:execute(569)) - 8bce8832-9727-4b35-a9b5-3df7187e4e21-SegmentedRaftLogWorker:Storage Directory /workdir/hadoop-ozone/integration-test/target/test-dir/MiniOzoneClusterImpl-2d656029-9dde-45a3-b7cd-f2d738c2cb44/datanode-2/data/ratis/a8a83a12-59ce-4fc5-bf17-a93a700e2fd9: created new log segment /workdir/hadoop-ozone/integration-test/target/test-dir/MiniOzoneClusterImpl-2d656029-9dde-45a3-b7cd-f2d738c2cb44/datanode-2/data/ratis/a8a83a12-59ce-4fc5-bf17-a93a700e2fd9/current/log_inprogress_0
2019-09-12 10:33:33,323 [8bce8832-9727-4b35-a9b5-3df7187e4e21-SegmentedRaftLogWorker:Storage Directory /workdir/hadoop-ozone/integration-test/target/test-dir/MiniOzoneClusterImpl-2d656029-9dde-45a3-b7cd-f2d738c2cb44/datanode-2/data/ratis/39135a80-1991-4bf5-b91d-7fc6fad3dcee] INFO  segmented.SegmentedRaftLogWorker (SegmentedRaftLogWorker.java:execute(569)) - 8bce8832-9727-4b35-a9b5-3df7187e4e21-SegmentedRaftLogWorker:Storage Directory /workdir/hadoop-ozone/integration-test/target/test-dir/MiniOzoneClusterImpl-2d656029-9dde-45a3-b7cd-f2d738c2cb44/datanode-2/data/ratis/39135a80-1991-4bf5-b91d-7fc6fad3dcee: created new log segment /workdir/hadoop-ozone/integration-test/target/test-dir/MiniOzoneClusterImpl-2d656029-9dde-45a3-b7cd-f2d738c2cb44/datanode-2/data/ratis/39135a80-1991-4bf5-b91d-7fc6fad3dcee/current/log_inprogress_0
2019-09-12 10:33:33,335 [e4b90157-0987-4622-adc9-0404bea551ef:group-768D6499DAEB:LeaderElection57] INFO  impl.LeaderElection (LeaderElection.java:askForVotes(181)) - e4b90157-0987-4622-adc9-0404bea551ef:group-768D6499DAEB:LeaderElection57: begin an election at term 1 for -1: [e4b90157-0987-4622-adc9-0404bea551ef:192.168.157.195:45782], old=null
2019-09-12 10:33:33,335 [e4b90157-0987-4622-adc9-0404bea551ef:group-768D6499DAEB:LeaderElection57] INFO  impl.RoleInfo (RoleInfo.java:shutdownLeaderElection(134)) - e4b90157-0987-4622-adc9-0404bea551ef: shutdown LeaderElection
2019-09-12 10:33:33,335 [e4b90157-0987-4622-adc9-0404bea551ef:group-768D6499DAEB:LeaderElection57] INFO  impl.RaftServerImpl (RaftServerImpl.java:setRole(171)) - e4b90157-0987-4622-adc9-0404bea551ef:group-768D6499DAEB changes role from CANDIDATE to LEADER at term 1 for changeToLeader
2019-09-12 10:33:33,335 [e4b90157-0987-4622-adc9-0404bea551ef:group-768D6499DAEB:LeaderElection57] INFO  impl.RaftServerImpl (ServerState.java:setLeader(263)) - e4b90157-0987-4622-adc9-0404bea551ef:group-768D6499DAEB change Leader from null to e4b90157-0987-4622-adc9-0404bea551ef at term 1 for becomeLeader, leader elected after 5222ms
2019-09-12 10:33:33,336 [e4b90157-0987-4622-adc9-0404bea551ef:group-768D6499DAEB:LeaderElection57] INFO  server.RaftServerConfigKeys (ConfUtils.java:logGet(43)) - raft.server.staging.catchup.gap = 1000 (default)
2019-09-12 10:33:33,336 [e4b90157-0987-4622-adc9-0404bea551ef:group-768D6499DAEB:LeaderElection57] INFO  server.RaftServerConfigKeys (ConfUtils.java:logGet(43)) - raft.server.rpc.sleep.time = 25ms (default)
2019-09-12 10:33:33,336 [e4b90157-0987-4622-adc9-0404bea551ef:group-768D6499DAEB:LeaderElection57] INFO  server.RaftServerConfigKeys (ConfUtils.java:logGet(43)) - raft.server.write.element-limit = 4096 (default)
2019-09-12 10:33:33,336 [e4b90157-0987-4622-adc9-0404bea551ef:group-768D6499DAEB:LeaderElection57] INFO  server.RaftServerConfigKeys (ConfUtils.java:logGet(43)) - raft.server.watch.timeout = 10s (default)
2019-09-12 10:33:33,336 [e4b90157-0987-4622-adc9-0404bea551ef:group-768D6499DAEB:LeaderElection57] INFO  server.RaftServerConfigKeys (ConfUtils.java:logGet(43)) - raft.server.watch.timeout.denomination = 1s (default)
2019-09-12 10:33:33,336 [e4b90157-0987-4622-adc9-0404bea551ef:group-768D6499DAEB:LeaderElection57] INFO  server.RaftServerConfigKeys (ConfUtils.java:logGet(43)) - raft.server.watch.element-limit = 65536 (default)
2019-09-12 10:33:33,337 [e4b90157-0987-4622-adc9-0404bea551ef:group-768D6499DAEB:LeaderElection57] INFO  impl.RoleInfo (RoleInfo.java:updateAndGet(143)) - e4b90157-0987-4622-adc9-0404bea551ef: start LeaderState
2019-09-12 10:33:33,337 [e4b90157-0987-4622-adc9-0404bea551ef:group-768D6499DAEB:LeaderElection57] INFO  segmented.SegmentedRaftLogWorker (SegmentedRaftLogWorker.java:startLogSegment(380)) - e4b90157-0987-4622-adc9-0404bea551ef-SegmentedRaftLogWorker:Storage Directory /workdir/hadoop-ozone/integration-test/target/test-dir/MiniOzoneClusterImpl-2d656029-9dde-45a3-b7cd-f2d738c2cb44/datanode-1/data/ratis/4ba54661-c837-4111-9138-768d6499daeb: Starting segment from index:0
2019-09-12 10:33:33,337 [e4b90157-0987-4622-adc9-0404bea551ef:group-768D6499DAEB:LeaderElection57] INFO  impl.RaftServerImpl (ServerState.java:setRaftConf(361)) - e4b90157-0987-4622-adc9-0404bea551ef:group-768D6499DAEB set configuration 0: [e4b90157-0987-4622-adc9-0404bea551ef:192.168.157.195:45782], old=null at 0
2019-09-12 10:33:33,370 [Thread-730] INFO  impl.FollowerState (FollowerState.java:run(106)) - 8bce8832-9727-4b35-a9b5-3df7187e4e21:group-0C14359CC2BF changes to CANDIDATE, lastRpcTime:5118, electionTimeout:5118ms
2019-09-12 10:33:33,370 [Thread-730] INFO  impl.RoleInfo (RoleInfo.java:shutdownFollowerState(121)) - 8bce8832-9727-4b35-a9b5-3df7187e4e21: shutdown FollowerState
2019-09-12 10:33:33,370 [Thread-730] INFO  impl.RaftServerImpl (RaftServerImpl.java:setRole(171)) - 8bce8832-9727-4b35-a9b5-3df7187e4e21:group-0C14359CC2BF changes role from FOLLOWER to CANDIDATE at term 0 for changeToCandidate
2019-09-12 10:33:33,370 [Thread-730] INFO  impl.RoleInfo (RoleInfo.java:updateAndGet(143)) - 8bce8832-9727-4b35-a9b5-3df7187e4e21: start LeaderElection
2019-09-12 10:33:33,390 [e4b90157-0987-4622-adc9-0404bea551ef-SegmentedRaftLogWorker:Storage Directory /workdir/hadoop-ozone/integration-test/target/test-dir/MiniOzoneClusterImpl-2d656029-9dde-45a3-b7cd-f2d738c2cb44/datanode-1/data/ratis/4ba54661-c837-4111-9138-768d6499daeb] INFO  segmented.SegmentedRaftLogWorker (SegmentedRaftLogWorker.java:execute(569)) - e4b90157-0987-4622-adc9-0404bea551ef-SegmentedRaftLogWorker:Storage Directory /workdir/hadoop-ozone/integration-test/target/test-dir/MiniOzoneClusterImpl-2d656029-9dde-45a3-b7cd-f2d738c2cb44/datanode-1/data/ratis/4ba54661-c837-4111-9138-768d6499daeb: created new log segment /workdir/hadoop-ozone/integration-test/target/test-dir/MiniOzoneClusterImpl-2d656029-9dde-45a3-b7cd-f2d738c2cb44/datanode-1/data/ratis/4ba54661-c837-4111-9138-768d6499daeb/current/log_inprogress_0
2019-09-12 10:33:33,390 [8bce8832-9727-4b35-a9b5-3df7187e4e21:group-0C14359CC2BF:LeaderElection58] INFO  impl.LeaderElection (LeaderElection.java:askForVotes(181)) - 8bce8832-9727-4b35-a9b5-3df7187e4e21:group-0C14359CC2BF:LeaderElection58: begin an election at term 1 for -1: [8bce8832-9727-4b35-a9b5-3df7187e4e21:192.168.157.195:43912], old=null
2019-09-12 10:33:33,390 [8bce8832-9727-4b35-a9b5-3df7187e4e21:group-0C14359CC2BF:LeaderElection58] INFO  impl.RoleInfo (RoleInfo.java:shutdownLeaderElection(134)) - 8bce8832-9727-4b35-a9b5-3df7187e4e21: shutdown LeaderElection
2019-09-12 10:33:33,390 [8bce8832-9727-4b35-a9b5-3df7187e4e21:group-0C14359CC2BF:LeaderElection58] INFO  impl.RaftServerImpl (RaftServerImpl.java:setRole(171)) - 8bce8832-9727-4b35-a9b5-3df7187e4e21:group-0C14359CC2BF changes role from CANDIDATE to LEADER at term 1 for changeToLeader
2019-09-12 10:33:33,390 [8bce8832-9727-4b35-a9b5-3df7187e4e21:group-0C14359CC2BF:LeaderElection58] INFO  impl.RaftServerImpl (ServerState.java:setLeader(263)) - 8bce8832-9727-4b35-a9b5-3df7187e4e21:group-0C14359CC2BF change Leader from null to 8bce8832-9727-4b35-a9b5-3df7187e4e21 at term 1 for becomeLeader, leader elected after 5143ms
2019-09-12 10:33:33,391 [8bce8832-9727-4b35-a9b5-3df7187e4e21:group-0C14359CC2BF:LeaderElection58] INFO  server.RaftServerConfigKeys (ConfUtils.java:logGet(43)) - raft.server.staging.catchup.gap = 1000 (default)
2019-09-12 10:33:33,391 [8bce8832-9727-4b35-a9b5-3df7187e4e21:group-0C14359CC2BF:LeaderElection58] INFO  server.RaftServerConfigKeys (ConfUtils.java:logGet(43)) - raft.server.rpc.sleep.time = 25ms (default)
2019-09-12 10:33:33,391 [8bce8832-9727-4b35-a9b5-3df7187e4e21:group-0C14359CC2BF:LeaderElection58] INFO  server.RaftServerConfigKeys (ConfUtils.java:logGet(43)) - raft.server.write.element-limit = 4096 (default)
2019-09-12 10:33:33,391 [8bce8832-9727-4b35-a9b5-3df7187e4e21:group-0C14359CC2BF:LeaderElection58] INFO  server.RaftServerConfigKeys (ConfUtils.java:logGet(43)) - raft.server.watch.timeout = 10s (default)
2019-09-12 10:33:33,391 [8bce8832-9727-4b35-a9b5-3df7187e4e21:group-0C14359CC2BF:LeaderElection58] INFO  server.RaftServerConfigKeys (ConfUtils.java:logGet(43)) - raft.server.watch.timeout.denomination = 1s (default)
2019-09-12 10:33:33,391 [8bce8832-9727-4b35-a9b5-3df7187e4e21:group-0C14359CC2BF:LeaderElection58] INFO  server.RaftServerConfigKeys (ConfUtils.java:logGet(43)) - raft.server.watch.element-limit = 65536 (default)
2019-09-12 10:33:33,392 [8bce8832-9727-4b35-a9b5-3df7187e4e21:group-0C14359CC2BF:LeaderElection58] INFO  impl.RoleInfo (RoleInfo.java:updateAndGet(143)) - 8bce8832-9727-4b35-a9b5-3df7187e4e21: start LeaderState
2019-09-12 10:33:33,392 [8bce8832-9727-4b35-a9b5-3df7187e4e21:group-0C14359CC2BF:LeaderElection58] INFO  segmented.SegmentedRaftLogWorker (SegmentedRaftLogWorker.java:startLogSegment(380)) - 8bce8832-9727-4b35-a9b5-3df7187e4e21-SegmentedRaftLogWorker:Storage Directory /workdir/hadoop-ozone/integration-test/target/test-dir/MiniOzoneClusterImpl-2d656029-9dde-45a3-b7cd-f2d738c2cb44/datanode-2/data/ratis/482f08cc-ff13-4800-bb3c-0c14359cc2bf: Starting segment from index:0
2019-09-12 10:33:33,392 [8bce8832-9727-4b35-a9b5-3df7187e4e21:group-0C14359CC2BF:LeaderElection58] INFO  impl.RaftServerImpl (ServerState.java:setRaftConf(361)) - 8bce8832-9727-4b35-a9b5-3df7187e4e21:group-0C14359CC2BF set configuration 0: [8bce8832-9727-4b35-a9b5-3df7187e4e21:192.168.157.195:43912], old=null at 0
2019-09-12 10:33:33,394 [Thread-736] INFO  impl.FollowerState (FollowerState.java:run(106)) - 58be6702-f3a1-484a-8c9d-5d933df137d3:group-8AB724D090C3 changes to CANDIDATE, lastRpcTime:5021, electionTimeout:5021ms
2019-09-12 10:33:33,394 [Thread-736] INFO  impl.RoleInfo (RoleInfo.java:shutdownFollowerState(121)) - 58be6702-f3a1-484a-8c9d-5d933df137d3: shutdown FollowerState
2019-09-12 10:33:33,394 [Thread-736] INFO  impl.RaftServerImpl (RaftServerImpl.java:setRole(171)) - 58be6702-f3a1-484a-8c9d-5d933df137d3:group-8AB724D090C3 changes role from FOLLOWER to CANDIDATE at term 0 for changeToCandidate
2019-09-12 10:33:33,394 [Thread-736] INFO  impl.RoleInfo (RoleInfo.java:updateAndGet(143)) - 58be6702-f3a1-484a-8c9d-5d933df137d3: start LeaderElection
2019-09-12 10:33:33,427 [Thread-733] INFO  impl.FollowerState (FollowerState.java:run(106)) - 58be6702-f3a1-484a-8c9d-5d933df137d3:group-9E901660B1A1 changes to CANDIDATE, lastRpcTime:5102, electionTimeout:5089ms
2019-09-12 10:33:33,427 [Thread-733] INFO  impl.RoleInfo (RoleInfo.java:shutdownFollowerState(121)) - 58be6702-f3a1-484a-8c9d-5d933df137d3: shutdown FollowerState
2019-09-12 10:33:33,428 [Thread-733] INFO  impl.RaftServerImpl (RaftServerImpl.java:setRole(171)) - 58be6702-f3a1-484a-8c9d-5d933df137d3:group-9E901660B1A1 changes role from FOLLOWER to CANDIDATE at term 0 for changeToCandidate
2019-09-12 10:33:33,428 [Thread-733] INFO  impl.RoleInfo (RoleInfo.java:updateAndGet(143)) - 58be6702-f3a1-484a-8c9d-5d933df137d3: start LeaderElection
2019-09-12 10:33:33,441 [8bce8832-9727-4b35-a9b5-3df7187e4e21-SegmentedRaftLogWorker:Storage Directory /workdir/hadoop-ozone/integration-test/target/test-dir/MiniOzoneClusterImpl-2d656029-9dde-45a3-b7cd-f2d738c2cb44/datanode-2/data/ratis/482f08cc-ff13-4800-bb3c-0c14359cc2bf] INFO  segmented.SegmentedRaftLogWorker (SegmentedRaftLogWorker.java:execute(569)) - 8bce8832-9727-4b35-a9b5-3df7187e4e21-SegmentedRaftLogWorker:Storage Directory /workdir/hadoop-ozone/integration-test/target/test-dir/MiniOzoneClusterImpl-2d656029-9dde-45a3-b7cd-f2d738c2cb44/datanode-2/data/ratis/482f08cc-ff13-4800-bb3c-0c14359cc2bf: created new log segment /workdir/hadoop-ozone/integration-test/target/test-dir/MiniOzoneClusterImpl-2d656029-9dde-45a3-b7cd-f2d738c2cb44/datanode-2/data/ratis/482f08cc-ff13-4800-bb3c-0c14359cc2bf/current/log_inprogress_0
2019-09-12 10:33:33,441 [58be6702-f3a1-484a-8c9d-5d933df137d3:group-8AB724D090C3:LeaderElection59] INFO  impl.LeaderElection (LeaderElection.java:askForVotes(181)) - 58be6702-f3a1-484a-8c9d-5d933df137d3:group-8AB724D090C3:LeaderElection59: begin an election at term 1 for -1: [58be6702-f3a1-484a-8c9d-5d933df137d3:192.168.157.195:33261], old=null
2019-09-12 10:33:33,441 [58be6702-f3a1-484a-8c9d-5d933df137d3:group-9E901660B1A1:LeaderElection60] INFO  impl.LeaderElection (LeaderElection.java:askForVotes(181)) - 58be6702-f3a1-484a-8c9d-5d933df137d3:group-9E901660B1A1:LeaderElection60: begin an election at term 1 for -1: [58be6702-f3a1-484a-8c9d-5d933df137d3:192.168.157.195:33261], old=null
2019-09-12 10:33:33,441 [58be6702-f3a1-484a-8c9d-5d933df137d3:group-8AB724D090C3:LeaderElection59] INFO  impl.RoleInfo (RoleInfo.java:shutdownLeaderElection(134)) - 58be6702-f3a1-484a-8c9d-5d933df137d3: shutdown LeaderElection
2019-09-12 10:33:33,441 [58be6702-f3a1-484a-8c9d-5d933df137d3:group-9E901660B1A1:LeaderElection60] INFO  impl.RoleInfo (RoleInfo.java:shutdownLeaderElection(134)) - 58be6702-f3a1-484a-8c9d-5d933df137d3: shutdown LeaderElection
2019-09-12 10:33:33,441 [58be6702-f3a1-484a-8c9d-5d933df137d3:group-8AB724D090C3:LeaderElection59] INFO  impl.RaftServerImpl (RaftServerImpl.java:setRole(171)) - 58be6702-f3a1-484a-8c9d-5d933df137d3:group-8AB724D090C3 changes role from CANDIDATE to LEADER at term 1 for changeToLeader
2019-09-12 10:33:33,441 [58be6702-f3a1-484a-8c9d-5d933df137d3:group-9E901660B1A1:LeaderElection60] INFO  impl.RaftServerImpl (RaftServerImpl.java:setRole(171)) - 58be6702-f3a1-484a-8c9d-5d933df137d3:group-9E901660B1A1 changes role from CANDIDATE to LEADER at term 1 for changeToLeader
2019-09-12 10:33:33,441 [58be6702-f3a1-484a-8c9d-5d933df137d3:group-8AB724D090C3:LeaderElection59] INFO  impl.RaftServerImpl (ServerState.java:setLeader(263)) - 58be6702-f3a1-484a-8c9d-5d933df137d3:group-8AB724D090C3 change Leader from null to 58be6702-f3a1-484a-8c9d-5d933df137d3 at term 1 for becomeLeader, leader elected after 5073ms
2019-09-12 10:33:33,442 [58be6702-f3a1-484a-8c9d-5d933df137d3:group-9E901660B1A1:LeaderElection60] INFO  impl.RaftServerImpl (ServerState.java:setLeader(263)) - 58be6702-f3a1-484a-8c9d-5d933df137d3:group-9E901660B1A1 change Leader from null to 58be6702-f3a1-484a-8c9d-5d933df137d3 at term 1 for becomeLeader, leader elected after 5122ms
2019-09-12 10:33:33,444 [58be6702-f3a1-484a-8c9d-5d933df137d3:group-8AB724D090C3:LeaderElection59] INFO  server.RaftServerConfigKeys (ConfUtils.java:logGet(43)) - raft.server.staging.catchup.gap = 1000 (default)
2019-09-12 10:33:33,444 [58be6702-f3a1-484a-8c9d-5d933df137d3:group-9E901660B1A1:LeaderElection60] INFO  server.RaftServerConfigKeys (ConfUtils.java:logGet(43)) - raft.server.staging.catchup.gap = 1000 (default)
2019-09-12 10:33:33,444 [58be6702-f3a1-484a-8c9d-5d933df137d3:group-8AB724D090C3:LeaderElection59] INFO  server.RaftServerConfigKeys (ConfUtils.java:logGet(43)) - raft.server.rpc.sleep.time = 25ms (default)
2019-09-12 10:33:33,444 [58be6702-f3a1-484a-8c9d-5d933df137d3:group-9E901660B1A1:LeaderElection60] INFO  server.RaftServerConfigKeys (ConfUtils.java:logGet(43)) - raft.server.rpc.sleep.time = 25ms (default)
2019-09-12 10:33:33,445 [58be6702-f3a1-484a-8c9d-5d933df137d3:group-8AB724D090C3:LeaderElection59] INFO  server.RaftServerConfigKeys (ConfUtils.java:logGet(43)) - raft.server.write.element-limit = 4096 (default)
2019-09-12 10:33:33,445 [58be6702-f3a1-484a-8c9d-5d933df137d3:group-9E901660B1A1:LeaderElection60] INFO  server.RaftServerConfigKeys (ConfUtils.java:logGet(43)) - raft.server.write.element-limit = 4096 (default)
2019-09-12 10:33:33,445 [58be6702-f3a1-484a-8c9d-5d933df137d3:group-8AB724D090C3:LeaderElection59] INFO  server.RaftServerConfigKeys (ConfUtils.java:logGet(43)) - raft.server.watch.timeout = 10s (default)
2019-09-12 10:33:33,445 [58be6702-f3a1-484a-8c9d-5d933df137d3:group-9E901660B1A1:LeaderElection60] INFO  server.RaftServerConfigKeys (ConfUtils.java:logGet(43)) - raft.server.watch.timeout = 10s (default)
2019-09-12 10:33:33,445 [58be6702-f3a1-484a-8c9d-5d933df137d3:group-8AB724D090C3:LeaderElection59] INFO  server.RaftServerConfigKeys (ConfUtils.java:logGet(43)) - raft.server.watch.timeout.denomination = 1s (default)
2019-09-12 10:33:33,445 [58be6702-f3a1-484a-8c9d-5d933df137d3:group-9E901660B1A1:LeaderElection60] INFO  server.RaftServerConfigKeys (ConfUtils.java:logGet(43)) - raft.server.watch.timeout.denomination = 1s (default)
2019-09-12 10:33:33,446 [58be6702-f3a1-484a-8c9d-5d933df137d3:group-8AB724D090C3:LeaderElection59] INFO  server.RaftServerConfigKeys (ConfUtils.java:logGet(43)) - raft.server.watch.element-limit = 65536 (default)
2019-09-12 10:33:33,446 [58be6702-f3a1-484a-8c9d-5d933df137d3:group-9E901660B1A1:LeaderElection60] INFO  server.RaftServerConfigKeys (ConfUtils.java:logGet(43)) - raft.server.watch.element-limit = 65536 (default)
2019-09-12 10:33:33,446 [58be6702-f3a1-484a-8c9d-5d933df137d3:group-8AB724D090C3:LeaderElection59] INFO  impl.RoleInfo (RoleInfo.java:updateAndGet(143)) - 58be6702-f3a1-484a-8c9d-5d933df137d3: start LeaderState
2019-09-12 10:33:33,446 [58be6702-f3a1-484a-8c9d-5d933df137d3:group-9E901660B1A1:LeaderElection60] INFO  impl.RoleInfo (RoleInfo.java:updateAndGet(143)) - 58be6702-f3a1-484a-8c9d-5d933df137d3: start LeaderState
2019-09-12 10:33:33,446 [58be6702-f3a1-484a-8c9d-5d933df137d3:group-8AB724D090C3:LeaderElection59] INFO  segmented.SegmentedRaftLogWorker (SegmentedRaftLogWorker.java:startLogSegment(380)) - 58be6702-f3a1-484a-8c9d-5d933df137d3-SegmentedRaftLogWorker:Storage Directory /workdir/hadoop-ozone/integration-test/target/test-dir/MiniOzoneClusterImpl-2d656029-9dde-45a3-b7cd-f2d738c2cb44/datanode-4/data/ratis/419ed2c5-cda9-4c84-b951-8ab724d090c3: Starting segment from index:0
2019-09-12 10:33:33,446 [58be6702-f3a1-484a-8c9d-5d933df137d3:group-9E901660B1A1:LeaderElection60] INFO  segmented.SegmentedRaftLogWorker (SegmentedRaftLogWorker.java:startLogSegment(380)) - 58be6702-f3a1-484a-8c9d-5d933df137d3-SegmentedRaftLogWorker:Storage Directory /workdir/hadoop-ozone/integration-test/target/test-dir/MiniOzoneClusterImpl-2d656029-9dde-45a3-b7cd-f2d738c2cb44/datanode-4/data/ratis/2ac79295-8bd8-4124-a7f3-9e901660b1a1: Starting segment from index:0
2019-09-12 10:33:33,447 [58be6702-f3a1-484a-8c9d-5d933df137d3:group-8AB724D090C3:LeaderElection59] INFO  impl.RaftServerImpl (ServerState.java:setRaftConf(361)) - 58be6702-f3a1-484a-8c9d-5d933df137d3:group-8AB724D090C3 set configuration 0: [58be6702-f3a1-484a-8c9d-5d933df137d3:192.168.157.195:33261], old=null at 0
2019-09-12 10:33:33,447 [58be6702-f3a1-484a-8c9d-5d933df137d3:group-9E901660B1A1:LeaderElection60] INFO  impl.RaftServerImpl (ServerState.java:setRaftConf(361)) - 58be6702-f3a1-484a-8c9d-5d933df137d3:group-9E901660B1A1 set configuration 0: [58be6702-f3a1-484a-8c9d-5d933df137d3:192.168.157.195:33261], old=null at 0
2019-09-12 10:33:33,469 | INFO  | SCMAudit | user=jenkins1000 | ip=192.168.157.195 | op=SEND_HEARTBEAT {datanodeUUID=010b2855-0e1d-4bbd-b76a-4560f989b9a3, command=[]} | ret=SUCCESS |  
2019-09-12 10:33:33,480 [Thread-742] INFO  impl.FollowerState (FollowerState.java:run(106)) - 8bce8832-9727-4b35-a9b5-3df7187e4e21:group-2952D1C11CE0 changes to CANDIDATE, lastRpcTime:5001, electionTimeout:5001ms
2019-09-12 10:33:33,480 [Thread-742] INFO  impl.RoleInfo (RoleInfo.java:shutdownFollowerState(121)) - 8bce8832-9727-4b35-a9b5-3df7187e4e21: shutdown FollowerState
2019-09-12 10:33:33,480 [Thread-742] INFO  impl.RaftServerImpl (RaftServerImpl.java:setRole(171)) - 8bce8832-9727-4b35-a9b5-3df7187e4e21:group-2952D1C11CE0 changes role from FOLLOWER to CANDIDATE at term 0 for changeToCandidate
2019-09-12 10:33:33,481 [Thread-742] INFO  impl.RoleInfo (RoleInfo.java:updateAndGet(143)) - 8bce8832-9727-4b35-a9b5-3df7187e4e21: start LeaderElection
2019-09-12 10:33:33,501 [58be6702-f3a1-484a-8c9d-5d933df137d3-SegmentedRaftLogWorker:Storage Directory /workdir/hadoop-ozone/integration-test/target/test-dir/MiniOzoneClusterImpl-2d656029-9dde-45a3-b7cd-f2d738c2cb44/datanode-4/data/ratis/2ac79295-8bd8-4124-a7f3-9e901660b1a1] INFO  segmented.SegmentedRaftLogWorker (SegmentedRaftLogWorker.java:execute(569)) - 58be6702-f3a1-484a-8c9d-5d933df137d3-SegmentedRaftLogWorker:Storage Directory /workdir/hadoop-ozone/integration-test/target/test-dir/MiniOzoneClusterImpl-2d656029-9dde-45a3-b7cd-f2d738c2cb44/datanode-4/data/ratis/2ac79295-8bd8-4124-a7f3-9e901660b1a1: created new log segment /workdir/hadoop-ozone/integration-test/target/test-dir/MiniOzoneClusterImpl-2d656029-9dde-45a3-b7cd-f2d738c2cb44/datanode-4/data/ratis/2ac79295-8bd8-4124-a7f3-9e901660b1a1/current/log_inprogress_0
2019-09-12 10:33:33,501 [8bce8832-9727-4b35-a9b5-3df7187e4e21:group-2952D1C11CE0:LeaderElection61] INFO  impl.LeaderElection (LeaderElection.java:askForVotes(181)) - 8bce8832-9727-4b35-a9b5-3df7187e4e21:group-2952D1C11CE0:LeaderElection61: begin an election at term 1 for -1: [8bce8832-9727-4b35-a9b5-3df7187e4e21:192.168.157.195:43912], old=null
2019-09-12 10:33:33,501 [58be6702-f3a1-484a-8c9d-5d933df137d3-SegmentedRaftLogWorker:Storage Directory /workdir/hadoop-ozone/integration-test/target/test-dir/MiniOzoneClusterImpl-2d656029-9dde-45a3-b7cd-f2d738c2cb44/datanode-4/data/ratis/419ed2c5-cda9-4c84-b951-8ab724d090c3] INFO  segmented.SegmentedRaftLogWorker (SegmentedRaftLogWorker.java:execute(569)) - 58be6702-f3a1-484a-8c9d-5d933df137d3-SegmentedRaftLogWorker:Storage Directory /workdir/hadoop-ozone/integration-test/target/test-dir/MiniOzoneClusterImpl-2d656029-9dde-45a3-b7cd-f2d738c2cb44/datanode-4/data/ratis/419ed2c5-cda9-4c84-b951-8ab724d090c3: created new log segment /workdir/hadoop-ozone/integration-test/target/test-dir/MiniOzoneClusterImpl-2d656029-9dde-45a3-b7cd-f2d738c2cb44/datanode-4/data/ratis/419ed2c5-cda9-4c84-b951-8ab724d090c3/current/log_inprogress_0
2019-09-12 10:33:33,501 [8bce8832-9727-4b35-a9b5-3df7187e4e21:group-2952D1C11CE0:LeaderElection61] INFO  impl.RoleInfo (RoleInfo.java:shutdownLeaderElection(134)) - 8bce8832-9727-4b35-a9b5-3df7187e4e21: shutdown LeaderElection
2019-09-12 10:33:33,501 [8bce8832-9727-4b35-a9b5-3df7187e4e21:group-2952D1C11CE0:LeaderElection61] INFO  impl.RaftServerImpl (RaftServerImpl.java:setRole(171)) - 8bce8832-9727-4b35-a9b5-3df7187e4e21:group-2952D1C11CE0 changes role from CANDIDATE to LEADER at term 1 for changeToLeader
2019-09-12 10:33:33,502 [8bce8832-9727-4b35-a9b5-3df7187e4e21:group-2952D1C11CE0:LeaderElection61] INFO  impl.RaftServerImpl (ServerState.java:setLeader(263)) - 8bce8832-9727-4b35-a9b5-3df7187e4e21:group-2952D1C11CE0 change Leader from null to 8bce8832-9727-4b35-a9b5-3df7187e4e21 at term 1 for becomeLeader, leader elected after 5028ms
2019-09-12 10:33:33,502 [8bce8832-9727-4b35-a9b5-3df7187e4e21:group-2952D1C11CE0:LeaderElection61] INFO  server.RaftServerConfigKeys (ConfUtils.java:logGet(43)) - raft.server.staging.catchup.gap = 1000 (default)
2019-09-12 10:33:33,502 [8bce8832-9727-4b35-a9b5-3df7187e4e21:group-2952D1C11CE0:LeaderElection61] INFO  server.RaftServerConfigKeys (ConfUtils.java:logGet(43)) - raft.server.rpc.sleep.time = 25ms (default)
2019-09-12 10:33:33,502 [8bce8832-9727-4b35-a9b5-3df7187e4e21:group-2952D1C11CE0:LeaderElection61] INFO  server.RaftServerConfigKeys (ConfUtils.java:logGet(43)) - raft.server.write.element-limit = 4096 (default)
2019-09-12 10:33:33,502 [8bce8832-9727-4b35-a9b5-3df7187e4e21:group-2952D1C11CE0:LeaderElection61] INFO  server.RaftServerConfigKeys (ConfUtils.java:logGet(43)) - raft.server.watch.timeout = 10s (default)
2019-09-12 10:33:33,503 [8bce8832-9727-4b35-a9b5-3df7187e4e21:group-2952D1C11CE0:LeaderElection61] INFO  server.RaftServerConfigKeys (ConfUtils.java:logGet(43)) - raft.server.watch.timeout.denomination = 1s (default)
2019-09-12 10:33:33,503 [8bce8832-9727-4b35-a9b5-3df7187e4e21:group-2952D1C11CE0:LeaderElection61] INFO  server.RaftServerConfigKeys (ConfUtils.java:logGet(43)) - raft.server.watch.element-limit = 65536 (default)
2019-09-12 10:33:33,503 [8bce8832-9727-4b35-a9b5-3df7187e4e21:group-2952D1C11CE0:LeaderElection61] INFO  impl.RoleInfo (RoleInfo.java:updateAndGet(143)) - 8bce8832-9727-4b35-a9b5-3df7187e4e21: start LeaderState
2019-09-12 10:33:33,503 [8bce8832-9727-4b35-a9b5-3df7187e4e21:group-2952D1C11CE0:LeaderElection61] INFO  segmented.SegmentedRaftLogWorker (SegmentedRaftLogWorker.java:startLogSegment(380)) - 8bce8832-9727-4b35-a9b5-3df7187e4e21-SegmentedRaftLogWorker:Storage Directory /workdir/hadoop-ozone/integration-test/target/test-dir/MiniOzoneClusterImpl-2d656029-9dde-45a3-b7cd-f2d738c2cb44/datanode-2/data/ratis/4cf92583-69cd-4f01-bda3-2952d1c11ce0: Starting segment from index:0
2019-09-12 10:33:33,504 [8bce8832-9727-4b35-a9b5-3df7187e4e21:group-2952D1C11CE0:LeaderElection61] INFO  impl.RaftServerImpl (ServerState.java:setRaftConf(361)) - 8bce8832-9727-4b35-a9b5-3df7187e4e21:group-2952D1C11CE0 set configuration 0: [8bce8832-9727-4b35-a9b5-3df7187e4e21:192.168.157.195:43912], old=null at 0
2019-09-12 10:33:33,516 [Thread-739] INFO  impl.FollowerState (FollowerState.java:run(106)) - afdb29cf-c3b8-498d-8640-0d0c0297edd0:group-46B28BDEC6E5 changes to CANDIDATE, lastRpcTime:5082, electionTimeout:5082ms
2019-09-12 10:33:33,516 [Thread-739] INFO  impl.RoleInfo (RoleInfo.java:shutdownFollowerState(121)) - afdb29cf-c3b8-498d-8640-0d0c0297edd0: shutdown FollowerState
2019-09-12 10:33:33,516 [Thread-739] INFO  impl.RaftServerImpl (RaftServerImpl.java:setRole(171)) - afdb29cf-c3b8-498d-8640-0d0c0297edd0:group-46B28BDEC6E5 changes role from FOLLOWER to CANDIDATE at term 0 for changeToCandidate
2019-09-12 10:33:33,516 [Thread-739] INFO  impl.RoleInfo (RoleInfo.java:updateAndGet(143)) - afdb29cf-c3b8-498d-8640-0d0c0297edd0: start LeaderElection
2019-09-12 10:33:33,558 [Thread-745] INFO  impl.FollowerState (FollowerState.java:run(106)) - 58be6702-f3a1-484a-8c9d-5d933df137d3:group-95497C8419CD changes to CANDIDATE, lastRpcTime:5034, electionTimeout:5034ms
2019-09-12 10:33:33,559 [Thread-745] INFO  impl.RoleInfo (RoleInfo.java:shutdownFollowerState(121)) - 58be6702-f3a1-484a-8c9d-5d933df137d3: shutdown FollowerState
2019-09-12 10:33:33,559 [Thread-745] INFO  impl.RaftServerImpl (RaftServerImpl.java:setRole(171)) - 58be6702-f3a1-484a-8c9d-5d933df137d3:group-95497C8419CD changes role from FOLLOWER to CANDIDATE at term 0 for changeToCandidate
2019-09-12 10:33:33,559 [Thread-745] INFO  impl.RoleInfo (RoleInfo.java:updateAndGet(143)) - 58be6702-f3a1-484a-8c9d-5d933df137d3: start LeaderElection
2019-09-12 10:33:33,564 [8bce8832-9727-4b35-a9b5-3df7187e4e21-SegmentedRaftLogWorker:Storage Directory /workdir/hadoop-ozone/integration-test/target/test-dir/MiniOzoneClusterImpl-2d656029-9dde-45a3-b7cd-f2d738c2cb44/datanode-2/data/ratis/4cf92583-69cd-4f01-bda3-2952d1c11ce0] INFO  segmented.SegmentedRaftLogWorker (SegmentedRaftLogWorker.java:execute(569)) - 8bce8832-9727-4b35-a9b5-3df7187e4e21-SegmentedRaftLogWorker:Storage Directory /workdir/hadoop-ozone/integration-test/target/test-dir/MiniOzoneClusterImpl-2d656029-9dde-45a3-b7cd-f2d738c2cb44/datanode-2/data/ratis/4cf92583-69cd-4f01-bda3-2952d1c11ce0: created new log segment /workdir/hadoop-ozone/integration-test/target/test-dir/MiniOzoneClusterImpl-2d656029-9dde-45a3-b7cd-f2d738c2cb44/datanode-2/data/ratis/4cf92583-69cd-4f01-bda3-2952d1c11ce0/current/log_inprogress_0
2019-09-12 10:33:33,564 [58be6702-f3a1-484a-8c9d-5d933df137d3:group-95497C8419CD:LeaderElection63] INFO  impl.LeaderElection (LeaderElection.java:askForVotes(181)) - 58be6702-f3a1-484a-8c9d-5d933df137d3:group-95497C8419CD:LeaderElection63: begin an election at term 1 for -1: [58be6702-f3a1-484a-8c9d-5d933df137d3:192.168.157.195:33261], old=null
2019-09-12 10:33:33,564 [afdb29cf-c3b8-498d-8640-0d0c0297edd0:group-46B28BDEC6E5:LeaderElection62] INFO  impl.LeaderElection (LeaderElection.java:askForVotes(181)) - afdb29cf-c3b8-498d-8640-0d0c0297edd0:group-46B28BDEC6E5:LeaderElection62: begin an election at term 1 for -1: [afdb29cf-c3b8-498d-8640-0d0c0297edd0:192.168.157.195:42480], old=null
2019-09-12 10:33:33,564 [58be6702-f3a1-484a-8c9d-5d933df137d3:group-95497C8419CD:LeaderElection63] INFO  impl.RoleInfo (RoleInfo.java:shutdownLeaderElection(134)) - 58be6702-f3a1-484a-8c9d-5d933df137d3: shutdown LeaderElection
2019-09-12 10:33:33,564 [afdb29cf-c3b8-498d-8640-0d0c0297edd0:group-46B28BDEC6E5:LeaderElection62] INFO  impl.RoleInfo (RoleInfo.java:shutdownLeaderElection(134)) - afdb29cf-c3b8-498d-8640-0d0c0297edd0: shutdown LeaderElection
2019-09-12 10:33:33,564 [58be6702-f3a1-484a-8c9d-5d933df137d3:group-95497C8419CD:LeaderElection63] INFO  impl.RaftServerImpl (RaftServerImpl.java:setRole(171)) - 58be6702-f3a1-484a-8c9d-5d933df137d3:group-95497C8419CD changes role from CANDIDATE to LEADER at term 1 for changeToLeader
2019-09-12 10:33:33,564 [afdb29cf-c3b8-498d-8640-0d0c0297edd0:group-46B28BDEC6E5:LeaderElection62] INFO  impl.RaftServerImpl (RaftServerImpl.java:setRole(171)) - afdb29cf-c3b8-498d-8640-0d0c0297edd0:group-46B28BDEC6E5 changes role from CANDIDATE to LEADER at term 1 for changeToLeader
2019-09-12 10:33:33,565 [58be6702-f3a1-484a-8c9d-5d933df137d3:group-95497C8419CD:LeaderElection63] INFO  impl.RaftServerImpl (ServerState.java:setLeader(263)) - 58be6702-f3a1-484a-8c9d-5d933df137d3:group-95497C8419CD change Leader from null to 58be6702-f3a1-484a-8c9d-5d933df137d3 at term 1 for becomeLeader, leader elected after 5044ms
2019-09-12 10:33:33,565 [afdb29cf-c3b8-498d-8640-0d0c0297edd0:group-46B28BDEC6E5:LeaderElection62] INFO  impl.RaftServerImpl (ServerState.java:setLeader(263)) - afdb29cf-c3b8-498d-8640-0d0c0297edd0:group-46B28BDEC6E5 change Leader from null to afdb29cf-c3b8-498d-8640-0d0c0297edd0 at term 1 for becomeLeader, leader elected after 5136ms
2019-09-12 10:33:33,565 [58be6702-f3a1-484a-8c9d-5d933df137d3:group-95497C8419CD:LeaderElection63] INFO  server.RaftServerConfigKeys (ConfUtils.java:logGet(43)) - raft.server.staging.catchup.gap = 1000 (default)
2019-09-12 10:33:33,568 [afdb29cf-c3b8-498d-8640-0d0c0297edd0:group-46B28BDEC6E5:LeaderElection62] INFO  server.RaftServerConfigKeys (ConfUtils.java:logGet(43)) - raft.server.staging.catchup.gap = 1000 (default)
2019-09-12 10:33:33,568 [58be6702-f3a1-484a-8c9d-5d933df137d3:group-95497C8419CD:LeaderElection63] INFO  server.RaftServerConfigKeys (ConfUtils.java:logGet(43)) - raft.server.rpc.sleep.time = 25ms (default)
2019-09-12 10:33:33,568 [afdb29cf-c3b8-498d-8640-0d0c0297edd0:group-46B28BDEC6E5:LeaderElection62] INFO  server.RaftServerConfigKeys (ConfUtils.java:logGet(43)) - raft.server.rpc.sleep.time = 25ms (default)
2019-09-12 10:33:33,568 [58be6702-f3a1-484a-8c9d-5d933df137d3:group-95497C8419CD:LeaderElection63] INFO  server.RaftServerConfigKeys (ConfUtils.java:logGet(43)) - raft.server.write.element-limit = 4096 (default)
2019-09-12 10:33:33,568 [afdb29cf-c3b8-498d-8640-0d0c0297edd0:group-46B28BDEC6E5:LeaderElection62] INFO  server.RaftServerConfigKeys (ConfUtils.java:logGet(43)) - raft.server.write.element-limit = 4096 (default)
2019-09-12 10:33:33,569 [58be6702-f3a1-484a-8c9d-5d933df137d3:group-95497C8419CD:LeaderElection63] INFO  server.RaftServerConfigKeys (ConfUtils.java:logGet(43)) - raft.server.watch.timeout = 10s (default)
2019-09-12 10:33:33,569 [afdb29cf-c3b8-498d-8640-0d0c0297edd0:group-46B28BDEC6E5:LeaderElection62] INFO  server.RaftServerConfigKeys (ConfUtils.java:logGet(43)) - raft.server.watch.timeout = 10s (default)
2019-09-12 10:33:33,569 [58be6702-f3a1-484a-8c9d-5d933df137d3:group-95497C8419CD:LeaderElection63] INFO  server.RaftServerConfigKeys (ConfUtils.java:logGet(43)) - raft.server.watch.timeout.denomination = 1s (default)
2019-09-12 10:33:33,569 [afdb29cf-c3b8-498d-8640-0d0c0297edd0:group-46B28BDEC6E5:LeaderElection62] INFO  server.RaftServerConfigKeys (ConfUtils.java:logGet(43)) - raft.server.watch.timeout.denomination = 1s (default)
2019-09-12 10:33:33,569 [58be6702-f3a1-484a-8c9d-5d933df137d3:group-95497C8419CD:LeaderElection63] INFO  server.RaftServerConfigKeys (ConfUtils.java:logGet(43)) - raft.server.watch.element-limit = 65536 (default)
2019-09-12 10:33:33,569 [afdb29cf-c3b8-498d-8640-0d0c0297edd0:group-46B28BDEC6E5:LeaderElection62] INFO  server.RaftServerConfigKeys (ConfUtils.java:logGet(43)) - raft.server.watch.element-limit = 65536 (default)
2019-09-12 10:33:33,570 [58be6702-f3a1-484a-8c9d-5d933df137d3:group-95497C8419CD:LeaderElection63] INFO  impl.RoleInfo (RoleInfo.java:updateAndGet(143)) - 58be6702-f3a1-484a-8c9d-5d933df137d3: start LeaderState
2019-09-12 10:33:33,570 [afdb29cf-c3b8-498d-8640-0d0c0297edd0:group-46B28BDEC6E5:LeaderElection62] INFO  impl.RoleInfo (RoleInfo.java:updateAndGet(143)) - afdb29cf-c3b8-498d-8640-0d0c0297edd0: start LeaderState
2019-09-12 10:33:33,570 [58be6702-f3a1-484a-8c9d-5d933df137d3:group-95497C8419CD:LeaderElection63] INFO  segmented.SegmentedRaftLogWorker (SegmentedRaftLogWorker.java:startLogSegment(380)) - 58be6702-f3a1-484a-8c9d-5d933df137d3-SegmentedRaftLogWorker:Storage Directory /workdir/hadoop-ozone/integration-test/target/test-dir/MiniOzoneClusterImpl-2d656029-9dde-45a3-b7cd-f2d738c2cb44/datanode-4/data/ratis/10cd06ed-682a-418e-932b-95497c8419cd: Starting segment from index:0
2019-09-12 10:33:33,570 [afdb29cf-c3b8-498d-8640-0d0c0297edd0:group-46B28BDEC6E5:LeaderElection62] INFO  segmented.SegmentedRaftLogWorker (SegmentedRaftLogWorker.java:startLogSegment(380)) - afdb29cf-c3b8-498d-8640-0d0c0297edd0-SegmentedRaftLogWorker:Storage Directory /workdir/hadoop-ozone/integration-test/target/test-dir/MiniOzoneClusterImpl-2d656029-9dde-45a3-b7cd-f2d738c2cb44/datanode-3/data/ratis/cfa9449f-1936-4b11-a36f-46b28bdec6e5: Starting segment from index:0
2019-09-12 10:33:33,571 [58be6702-f3a1-484a-8c9d-5d933df137d3:group-95497C8419CD:LeaderElection63] INFO  impl.RaftServerImpl (ServerState.java:setRaftConf(361)) - 58be6702-f3a1-484a-8c9d-5d933df137d3:group-95497C8419CD set configuration 0: [58be6702-f3a1-484a-8c9d-5d933df137d3:192.168.157.195:33261], old=null at 0
2019-09-12 10:33:33,571 [afdb29cf-c3b8-498d-8640-0d0c0297edd0:group-46B28BDEC6E5:LeaderElection62] INFO  impl.RaftServerImpl (ServerState.java:setRaftConf(361)) - afdb29cf-c3b8-498d-8640-0d0c0297edd0:group-46B28BDEC6E5 set configuration 0: [afdb29cf-c3b8-498d-8640-0d0c0297edd0:192.168.157.195:42480], old=null at 0
2019-09-12 10:33:33,618 [afdb29cf-c3b8-498d-8640-0d0c0297edd0-SegmentedRaftLogWorker:Storage Directory /workdir/hadoop-ozone/integration-test/target/test-dir/MiniOzoneClusterImpl-2d656029-9dde-45a3-b7cd-f2d738c2cb44/datanode-3/data/ratis/cfa9449f-1936-4b11-a36f-46b28bdec6e5] INFO  segmented.SegmentedRaftLogWorker (SegmentedRaftLogWorker.java:execute(569)) - afdb29cf-c3b8-498d-8640-0d0c0297edd0-SegmentedRaftLogWorker:Storage Directory /workdir/hadoop-ozone/integration-test/target/test-dir/MiniOzoneClusterImpl-2d656029-9dde-45a3-b7cd-f2d738c2cb44/datanode-3/data/ratis/cfa9449f-1936-4b11-a36f-46b28bdec6e5: created new log segment /workdir/hadoop-ozone/integration-test/target/test-dir/MiniOzoneClusterImpl-2d656029-9dde-45a3-b7cd-f2d738c2cb44/datanode-3/data/ratis/cfa9449f-1936-4b11-a36f-46b28bdec6e5/current/log_inprogress_0
2019-09-12 10:33:33,618 [58be6702-f3a1-484a-8c9d-5d933df137d3-SegmentedRaftLogWorker:Storage Directory /workdir/hadoop-ozone/integration-test/target/test-dir/MiniOzoneClusterImpl-2d656029-9dde-45a3-b7cd-f2d738c2cb44/datanode-4/data/ratis/10cd06ed-682a-418e-932b-95497c8419cd] INFO  segmented.SegmentedRaftLogWorker (SegmentedRaftLogWorker.java:execute(569)) - 58be6702-f3a1-484a-8c9d-5d933df137d3-SegmentedRaftLogWorker:Storage Directory /workdir/hadoop-ozone/integration-test/target/test-dir/MiniOzoneClusterImpl-2d656029-9dde-45a3-b7cd-f2d738c2cb44/datanode-4/data/ratis/10cd06ed-682a-418e-932b-95497c8419cd: created new log segment /workdir/hadoop-ozone/integration-test/target/test-dir/MiniOzoneClusterImpl-2d656029-9dde-45a3-b7cd-f2d738c2cb44/datanode-4/data/ratis/10cd06ed-682a-418e-932b-95497c8419cd/current/log_inprogress_0
2019-09-12 10:33:33,710 [Thread-754] INFO  impl.FollowerState (FollowerState.java:run(106)) - 58be6702-f3a1-484a-8c9d-5d933df137d3:group-0646D986464E changes to CANDIDATE, lastRpcTime:5031, electionTimeout:5031ms
2019-09-12 10:33:33,710 [Thread-754] INFO  impl.RoleInfo (RoleInfo.java:shutdownFollowerState(121)) - 58be6702-f3a1-484a-8c9d-5d933df137d3: shutdown FollowerState
2019-09-12 10:33:33,710 [Thread-754] INFO  impl.RaftServerImpl (RaftServerImpl.java:setRole(171)) - 58be6702-f3a1-484a-8c9d-5d933df137d3:group-0646D986464E changes role from FOLLOWER to CANDIDATE at term 0 for changeToCandidate
2019-09-12 10:33:33,710 [Thread-754] INFO  impl.RoleInfo (RoleInfo.java:updateAndGet(143)) - 58be6702-f3a1-484a-8c9d-5d933df137d3: start LeaderElection
2019-09-12 10:33:33,717 | INFO  | SCMAudit | user=jenkins1000 | ip=192.168.157.195 | op=SEND_HEARTBEAT {datanodeUUID=23027111-0173-428f-b853-b511524375b8, command=[]} | ret=SUCCESS |  
2019-09-12 10:33:33,726 [58be6702-f3a1-484a-8c9d-5d933df137d3:group-0646D986464E:LeaderElection64] INFO  impl.LeaderElection (LeaderElection.java:askForVotes(181)) - 58be6702-f3a1-484a-8c9d-5d933df137d3:group-0646D986464E:LeaderElection64: begin an election at term 1 for -1: [58be6702-f3a1-484a-8c9d-5d933df137d3:192.168.157.195:33261], old=null
2019-09-12 10:33:33,726 [58be6702-f3a1-484a-8c9d-5d933df137d3:group-0646D986464E:LeaderElection64] INFO  impl.RoleInfo (RoleInfo.java:shutdownLeaderElection(134)) - 58be6702-f3a1-484a-8c9d-5d933df137d3: shutdown LeaderElection
2019-09-12 10:33:33,726 [58be6702-f3a1-484a-8c9d-5d933df137d3:group-0646D986464E:LeaderElection64] INFO  impl.RaftServerImpl (RaftServerImpl.java:setRole(171)) - 58be6702-f3a1-484a-8c9d-5d933df137d3:group-0646D986464E changes role from CANDIDATE to LEADER at term 1 for changeToLeader
2019-09-12 10:33:33,726 [58be6702-f3a1-484a-8c9d-5d933df137d3:group-0646D986464E:LeaderElection64] INFO  impl.RaftServerImpl (ServerState.java:setLeader(263)) - 58be6702-f3a1-484a-8c9d-5d933df137d3:group-0646D986464E change Leader from null to 58be6702-f3a1-484a-8c9d-5d933df137d3 at term 1 for becomeLeader, leader elected after 5052ms
2019-09-12 10:33:33,726 [58be6702-f3a1-484a-8c9d-5d933df137d3:group-0646D986464E:LeaderElection64] INFO  server.RaftServerConfigKeys (ConfUtils.java:logGet(43)) - raft.server.staging.catchup.gap = 1000 (default)
2019-09-12 10:33:33,726 [58be6702-f3a1-484a-8c9d-5d933df137d3:group-0646D986464E:LeaderElection64] INFO  server.RaftServerConfigKeys (ConfUtils.java:logGet(43)) - raft.server.rpc.sleep.time = 25ms (default)
2019-09-12 10:33:33,727 [58be6702-f3a1-484a-8c9d-5d933df137d3:group-0646D986464E:LeaderElection64] INFO  server.RaftServerConfigKeys (ConfUtils.java:logGet(43)) - raft.server.write.element-limit = 4096 (default)
2019-09-12 10:33:33,727 [58be6702-f3a1-484a-8c9d-5d933df137d3:group-0646D986464E:LeaderElection64] INFO  server.RaftServerConfigKeys (ConfUtils.java:logGet(43)) - raft.server.watch.timeout = 10s (default)
2019-09-12 10:33:33,727 [58be6702-f3a1-484a-8c9d-5d933df137d3:group-0646D986464E:LeaderElection64] INFO  server.RaftServerConfigKeys (ConfUtils.java:logGet(43)) - raft.server.watch.timeout.denomination = 1s (default)
2019-09-12 10:33:33,727 [58be6702-f3a1-484a-8c9d-5d933df137d3:group-0646D986464E:LeaderElection64] INFO  server.RaftServerConfigKeys (ConfUtils.java:logGet(43)) - raft.server.watch.element-limit = 65536 (default)
2019-09-12 10:33:33,727 [58be6702-f3a1-484a-8c9d-5d933df137d3:group-0646D986464E:LeaderElection64] INFO  impl.RoleInfo (RoleInfo.java:updateAndGet(143)) - 58be6702-f3a1-484a-8c9d-5d933df137d3: start LeaderState
2019-09-12 10:33:33,728 [58be6702-f3a1-484a-8c9d-5d933df137d3:group-0646D986464E:LeaderElection64] INFO  segmented.SegmentedRaftLogWorker (SegmentedRaftLogWorker.java:startLogSegment(380)) - 58be6702-f3a1-484a-8c9d-5d933df137d3-SegmentedRaftLogWorker:Storage Directory /workdir/hadoop-ozone/integration-test/target/test-dir/MiniOzoneClusterImpl-2d656029-9dde-45a3-b7cd-f2d738c2cb44/datanode-4/data/ratis/7de8ca7f-45fb-4875-82f6-0646d986464e: Starting segment from index:0
2019-09-12 10:33:33,728 [58be6702-f3a1-484a-8c9d-5d933df137d3:group-0646D986464E:LeaderElection64] INFO  impl.RaftServerImpl (ServerState.java:setRaftConf(361)) - 58be6702-f3a1-484a-8c9d-5d933df137d3:group-0646D986464E set configuration 0: [58be6702-f3a1-484a-8c9d-5d933df137d3:192.168.157.195:33261], old=null at 0
2019-09-12 10:33:33,773 [Thread-748] INFO  impl.FollowerState (FollowerState.java:run(106)) - afdb29cf-c3b8-498d-8640-0d0c0297edd0:group-A7D9CBD0A61B changes to CANDIDATE, lastRpcTime:5185, electionTimeout:5185ms
2019-09-12 10:33:33,773 [Thread-748] INFO  impl.RoleInfo (RoleInfo.java:shutdownFollowerState(121)) - afdb29cf-c3b8-498d-8640-0d0c0297edd0: shutdown FollowerState
2019-09-12 10:33:33,774 [Thread-748] INFO  impl.RaftServerImpl (RaftServerImpl.java:setRole(171)) - afdb29cf-c3b8-498d-8640-0d0c0297edd0:group-A7D9CBD0A61B changes role from FOLLOWER to CANDIDATE at term 0 for changeToCandidate
2019-09-12 10:33:33,774 [Thread-748] INFO  impl.RoleInfo (RoleInfo.java:updateAndGet(143)) - afdb29cf-c3b8-498d-8640-0d0c0297edd0: start LeaderElection
2019-09-12 10:33:33,779 [58be6702-f3a1-484a-8c9d-5d933df137d3-SegmentedRaftLogWorker:Storage Directory /workdir/hadoop-ozone/integration-test/target/test-dir/MiniOzoneClusterImpl-2d656029-9dde-45a3-b7cd-f2d738c2cb44/datanode-4/data/ratis/7de8ca7f-45fb-4875-82f6-0646d986464e] INFO  segmented.SegmentedRaftLogWorker (SegmentedRaftLogWorker.java:execute(569)) - 58be6702-f3a1-484a-8c9d-5d933df137d3-SegmentedRaftLogWorker:Storage Directory /workdir/hadoop-ozone/integration-test/target/test-dir/MiniOzoneClusterImpl-2d656029-9dde-45a3-b7cd-f2d738c2cb44/datanode-4/data/ratis/7de8ca7f-45fb-4875-82f6-0646d986464e: created new log segment /workdir/hadoop-ozone/integration-test/target/test-dir/MiniOzoneClusterImpl-2d656029-9dde-45a3-b7cd-f2d738c2cb44/datanode-4/data/ratis/7de8ca7f-45fb-4875-82f6-0646d986464e/current/log_inprogress_0
2019-09-12 10:33:33,779 [afdb29cf-c3b8-498d-8640-0d0c0297edd0:group-A7D9CBD0A61B:LeaderElection65] INFO  impl.LeaderElection (LeaderElection.java:askForVotes(181)) - afdb29cf-c3b8-498d-8640-0d0c0297edd0:group-A7D9CBD0A61B:LeaderElection65: begin an election at term 1 for -1: [afdb29cf-c3b8-498d-8640-0d0c0297edd0:192.168.157.195:42480], old=null
2019-09-12 10:33:33,780 [afdb29cf-c3b8-498d-8640-0d0c0297edd0:group-A7D9CBD0A61B:LeaderElection65] INFO  impl.RoleInfo (RoleInfo.java:shutdownLeaderElection(134)) - afdb29cf-c3b8-498d-8640-0d0c0297edd0: shutdown LeaderElection
2019-09-12 10:33:33,780 [afdb29cf-c3b8-498d-8640-0d0c0297edd0:group-A7D9CBD0A61B:LeaderElection65] INFO  impl.RaftServerImpl (RaftServerImpl.java:setRole(171)) - afdb29cf-c3b8-498d-8640-0d0c0297edd0:group-A7D9CBD0A61B changes role from CANDIDATE to LEADER at term 1 for changeToLeader
2019-09-12 10:33:33,780 [afdb29cf-c3b8-498d-8640-0d0c0297edd0:group-A7D9CBD0A61B:LeaderElection65] INFO  impl.RaftServerImpl (ServerState.java:setLeader(263)) - afdb29cf-c3b8-498d-8640-0d0c0297edd0:group-A7D9CBD0A61B change Leader from null to afdb29cf-c3b8-498d-8640-0d0c0297edd0 at term 1 for becomeLeader, leader elected after 5196ms
2019-09-12 10:33:33,780 [afdb29cf-c3b8-498d-8640-0d0c0297edd0:group-A7D9CBD0A61B:LeaderElection65] INFO  server.RaftServerConfigKeys (ConfUtils.java:logGet(43)) - raft.server.staging.catchup.gap = 1000 (default)
2019-09-12 10:33:33,780 [afdb29cf-c3b8-498d-8640-0d0c0297edd0:group-A7D9CBD0A61B:LeaderElection65] INFO  server.RaftServerConfigKeys (ConfUtils.java:logGet(43)) - raft.server.rpc.sleep.time = 25ms (default)
2019-09-12 10:33:33,780 [afdb29cf-c3b8-498d-8640-0d0c0297edd0:group-A7D9CBD0A61B:LeaderElection65] INFO  server.RaftServerConfigKeys (ConfUtils.java:logGet(43)) - raft.server.write.element-limit = 4096 (default)
2019-09-12 10:33:33,781 [Thread-751] INFO  impl.FollowerState (FollowerState.java:run(106)) - 8bce8832-9727-4b35-a9b5-3df7187e4e21:group-234A05874097 changes to CANDIDATE, lastRpcTime:5148, electionTimeout:5148ms
2019-09-12 10:33:33,781 [afdb29cf-c3b8-498d-8640-0d0c0297edd0:group-A7D9CBD0A61B:LeaderElection65] INFO  server.RaftServerConfigKeys (ConfUtils.java:logGet(43)) - raft.server.watch.timeout = 10s (default)
2019-09-12 10:33:33,781 [Thread-751] INFO  impl.RoleInfo (RoleInfo.java:shutdownFollowerState(121)) - 8bce8832-9727-4b35-a9b5-3df7187e4e21: shutdown FollowerState
2019-09-12 10:33:33,781 [afdb29cf-c3b8-498d-8640-0d0c0297edd0:group-A7D9CBD0A61B:LeaderElection65] INFO  server.RaftServerConfigKeys (ConfUtils.java:logGet(43)) - raft.server.watch.timeout.denomination = 1s (default)
2019-09-12 10:33:33,781 [Thread-751] INFO  impl.RaftServerImpl (RaftServerImpl.java:setRole(171)) - 8bce8832-9727-4b35-a9b5-3df7187e4e21:group-234A05874097 changes role from FOLLOWER to CANDIDATE at term 0 for changeToCandidate
2019-09-12 10:33:33,781 [afdb29cf-c3b8-498d-8640-0d0c0297edd0:group-A7D9CBD0A61B:LeaderElection65] INFO  server.RaftServerConfigKeys (ConfUtils.java:logGet(43)) - raft.server.watch.element-limit = 65536 (default)
2019-09-12 10:33:33,781 [Thread-751] INFO  impl.RoleInfo (RoleInfo.java:updateAndGet(143)) - 8bce8832-9727-4b35-a9b5-3df7187e4e21: start LeaderElection
2019-09-12 10:33:33,782 [afdb29cf-c3b8-498d-8640-0d0c0297edd0:group-A7D9CBD0A61B:LeaderElection65] INFO  impl.RoleInfo (RoleInfo.java:updateAndGet(143)) - afdb29cf-c3b8-498d-8640-0d0c0297edd0: start LeaderState
2019-09-12 10:33:33,782 [afdb29cf-c3b8-498d-8640-0d0c0297edd0:group-A7D9CBD0A61B:LeaderElection65] INFO  segmented.SegmentedRaftLogWorker (SegmentedRaftLogWorker.java:startLogSegment(380)) - afdb29cf-c3b8-498d-8640-0d0c0297edd0-SegmentedRaftLogWorker:Storage Directory /workdir/hadoop-ozone/integration-test/target/test-dir/MiniOzoneClusterImpl-2d656029-9dde-45a3-b7cd-f2d738c2cb44/datanode-3/data/ratis/22df7496-e478-44e7-ab3a-a7d9cbd0a61b: Starting segment from index:0
2019-09-12 10:33:33,783 [afdb29cf-c3b8-498d-8640-0d0c0297edd0:group-A7D9CBD0A61B:LeaderElection65] INFO  impl.RaftServerImpl (ServerState.java:setRaftConf(361)) - afdb29cf-c3b8-498d-8640-0d0c0297edd0:group-A7D9CBD0A61B set configuration 0: [afdb29cf-c3b8-498d-8640-0d0c0297edd0:192.168.157.195:42480], old=null at 0
2019-09-12 10:33:33,801 [8bce8832-9727-4b35-a9b5-3df7187e4e21:group-234A05874097:LeaderElection66] INFO  impl.LeaderElection (LeaderElection.java:askForVotes(181)) - 8bce8832-9727-4b35-a9b5-3df7187e4e21:group-234A05874097:LeaderElection66: begin an election at term 1 for -1: [8bce8832-9727-4b35-a9b5-3df7187e4e21:192.168.157.195:43912], old=null
2019-09-12 10:33:33,801 [8bce8832-9727-4b35-a9b5-3df7187e4e21:group-234A05874097:LeaderElection66] INFO  impl.RoleInfo (RoleInfo.java:shutdownLeaderElection(134)) - 8bce8832-9727-4b35-a9b5-3df7187e4e21: shutdown LeaderElection
2019-09-12 10:33:33,801 [8bce8832-9727-4b35-a9b5-3df7187e4e21:group-234A05874097:LeaderElection66] INFO  impl.RaftServerImpl (RaftServerImpl.java:setRole(171)) - 8bce8832-9727-4b35-a9b5-3df7187e4e21:group-234A05874097 changes role from CANDIDATE to LEADER at term 1 for changeToLeader
2019-09-12 10:33:33,801 [8bce8832-9727-4b35-a9b5-3df7187e4e21:group-234A05874097:LeaderElection66] INFO  impl.RaftServerImpl (ServerState.java:setLeader(263)) - 8bce8832-9727-4b35-a9b5-3df7187e4e21:group-234A05874097 change Leader from null to 8bce8832-9727-4b35-a9b5-3df7187e4e21 at term 1 for becomeLeader, leader elected after 5174ms
2019-09-12 10:33:33,801 [8bce8832-9727-4b35-a9b5-3df7187e4e21:group-234A05874097:LeaderElection66] INFO  server.RaftServerConfigKeys (ConfUtils.java:logGet(43)) - raft.server.staging.catchup.gap = 1000 (default)
2019-09-12 10:33:33,802 [8bce8832-9727-4b35-a9b5-3df7187e4e21:group-234A05874097:LeaderElection66] INFO  server.RaftServerConfigKeys (ConfUtils.java:logGet(43)) - raft.server.rpc.sleep.time = 25ms (default)
2019-09-12 10:33:33,802 [8bce8832-9727-4b35-a9b5-3df7187e4e21:group-234A05874097:LeaderElection66] INFO  server.RaftServerConfigKeys (ConfUtils.java:logGet(43)) - raft.server.write.element-limit = 4096 (default)
2019-09-12 10:33:33,802 [8bce8832-9727-4b35-a9b5-3df7187e4e21:group-234A05874097:LeaderElection66] INFO  server.RaftServerConfigKeys (ConfUtils.java:logGet(43)) - raft.server.watch.timeout = 10s (default)
2019-09-12 10:33:33,802 [8bce8832-9727-4b35-a9b5-3df7187e4e21:group-234A05874097:LeaderElection66] INFO  server.RaftServerConfigKeys (ConfUtils.java:logGet(43)) - raft.server.watch.timeout.denomination = 1s (default)
2019-09-12 10:33:33,802 [8bce8832-9727-4b35-a9b5-3df7187e4e21:group-234A05874097:LeaderElection66] INFO  server.RaftServerConfigKeys (ConfUtils.java:logGet(43)) - raft.server.watch.element-limit = 65536 (default)
2019-09-12 10:33:33,803 [8bce8832-9727-4b35-a9b5-3df7187e4e21:group-234A05874097:LeaderElection66] INFO  impl.RoleInfo (RoleInfo.java:updateAndGet(143)) - 8bce8832-9727-4b35-a9b5-3df7187e4e21: start LeaderState
2019-09-12 10:33:33,803 [8bce8832-9727-4b35-a9b5-3df7187e4e21:group-234A05874097:LeaderElection66] INFO  segmented.SegmentedRaftLogWorker (SegmentedRaftLogWorker.java:startLogSegment(380)) - 8bce8832-9727-4b35-a9b5-3df7187e4e21-SegmentedRaftLogWorker:Storage Directory /workdir/hadoop-ozone/integration-test/target/test-dir/MiniOzoneClusterImpl-2d656029-9dde-45a3-b7cd-f2d738c2cb44/datanode-2/data/ratis/f45248cc-4018-4410-8569-234a05874097: Starting segment from index:0
2019-09-12 10:33:33,804 [8bce8832-9727-4b35-a9b5-3df7187e4e21:group-234A05874097:LeaderElection66] INFO  impl.RaftServerImpl (ServerState.java:setRaftConf(361)) - 8bce8832-9727-4b35-a9b5-3df7187e4e21:group-234A05874097 set configuration 0: [8bce8832-9727-4b35-a9b5-3df7187e4e21:192.168.157.195:43912], old=null at 0
2019-09-12 10:33:33,847 [afdb29cf-c3b8-498d-8640-0d0c0297edd0-SegmentedRaftLogWorker:Storage Directory /workdir/hadoop-ozone/integration-test/target/test-dir/MiniOzoneClusterImpl-2d656029-9dde-45a3-b7cd-f2d738c2cb44/datanode-3/data/ratis/22df7496-e478-44e7-ab3a-a7d9cbd0a61b] INFO  segmented.SegmentedRaftLogWorker (SegmentedRaftLogWorker.java:execute(569)) - afdb29cf-c3b8-498d-8640-0d0c0297edd0-SegmentedRaftLogWorker:Storage Directory /workdir/hadoop-ozone/integration-test/target/test-dir/MiniOzoneClusterImpl-2d656029-9dde-45a3-b7cd-f2d738c2cb44/datanode-3/data/ratis/22df7496-e478-44e7-ab3a-a7d9cbd0a61b: created new log segment /workdir/hadoop-ozone/integration-test/target/test-dir/MiniOzoneClusterImpl-2d656029-9dde-45a3-b7cd-f2d738c2cb44/datanode-3/data/ratis/22df7496-e478-44e7-ab3a-a7d9cbd0a61b/current/log_inprogress_0
2019-09-12 10:33:33,850 [8bce8832-9727-4b35-a9b5-3df7187e4e21-SegmentedRaftLogWorker:Storage Directory /workdir/hadoop-ozone/integration-test/target/test-dir/MiniOzoneClusterImpl-2d656029-9dde-45a3-b7cd-f2d738c2cb44/datanode-2/data/ratis/f45248cc-4018-4410-8569-234a05874097] INFO  segmented.SegmentedRaftLogWorker (SegmentedRaftLogWorker.java:execute(569)) - 8bce8832-9727-4b35-a9b5-3df7187e4e21-SegmentedRaftLogWorker:Storage Directory /workdir/hadoop-ozone/integration-test/target/test-dir/MiniOzoneClusterImpl-2d656029-9dde-45a3-b7cd-f2d738c2cb44/datanode-2/data/ratis/f45248cc-4018-4410-8569-234a05874097: created new log segment /workdir/hadoop-ozone/integration-test/target/test-dir/MiniOzoneClusterImpl-2d656029-9dde-45a3-b7cd-f2d738c2cb44/datanode-2/data/ratis/f45248cc-4018-4410-8569-234a05874097/current/log_inprogress_0
2019-09-12 10:33:33,857 [Thread-760] INFO  impl.FollowerState (FollowerState.java:run(106)) - afdb29cf-c3b8-498d-8640-0d0c0297edd0:group-0704C1B5DB76 changes to CANDIDATE, lastRpcTime:5091, electionTimeout:5091ms
2019-09-12 10:33:33,857 [Thread-760] INFO  impl.RoleInfo (RoleInfo.java:shutdownFollowerState(121)) - afdb29cf-c3b8-498d-8640-0d0c0297edd0: shutdown FollowerState
2019-09-12 10:33:33,857 [Thread-760] INFO  impl.RaftServerImpl (RaftServerImpl.java:setRole(171)) - afdb29cf-c3b8-498d-8640-0d0c0297edd0:group-0704C1B5DB76 changes role from FOLLOWER to CANDIDATE at term 0 for changeToCandidate
2019-09-12 10:33:33,857 | INFO  | SCMAudit | user=jenkins1000 | ip=192.168.157.195 | op=SEND_HEARTBEAT {datanodeUUID=8bce8832-9727-4b35-a9b5-3df7187e4e21, command=[]} | ret=SUCCESS |  
2019-09-12 10:33:33,857 [Thread-760] INFO  impl.RoleInfo (RoleInfo.java:updateAndGet(143)) - afdb29cf-c3b8-498d-8640-0d0c0297edd0: start LeaderElection
2019-09-12 10:33:33,863 [afdb29cf-c3b8-498d-8640-0d0c0297edd0:group-0704C1B5DB76:LeaderElection67] INFO  impl.LeaderElection (LeaderElection.java:askForVotes(181)) - afdb29cf-c3b8-498d-8640-0d0c0297edd0:group-0704C1B5DB76:LeaderElection67: begin an election at term 1 for -1: [afdb29cf-c3b8-498d-8640-0d0c0297edd0:192.168.157.195:42480], old=null
2019-09-12 10:33:33,863 [afdb29cf-c3b8-498d-8640-0d0c0297edd0:group-0704C1B5DB76:LeaderElection67] INFO  impl.RoleInfo (RoleInfo.java:shutdownLeaderElection(134)) - afdb29cf-c3b8-498d-8640-0d0c0297edd0: shutdown LeaderElection
2019-09-12 10:33:33,863 [afdb29cf-c3b8-498d-8640-0d0c0297edd0:group-0704C1B5DB76:LeaderElection67] INFO  impl.RaftServerImpl (RaftServerImpl.java:setRole(171)) - afdb29cf-c3b8-498d-8640-0d0c0297edd0:group-0704C1B5DB76 changes role from CANDIDATE to LEADER at term 1 for changeToLeader
2019-09-12 10:33:33,863 [afdb29cf-c3b8-498d-8640-0d0c0297edd0:group-0704C1B5DB76:LeaderElection67] INFO  impl.RaftServerImpl (ServerState.java:setLeader(263)) - afdb29cf-c3b8-498d-8640-0d0c0297edd0:group-0704C1B5DB76 change Leader from null to afdb29cf-c3b8-498d-8640-0d0c0297edd0 at term 1 for becomeLeader, leader elected after 5102ms
2019-09-12 10:33:33,863 [afdb29cf-c3b8-498d-8640-0d0c0297edd0:group-0704C1B5DB76:LeaderElection67] INFO  server.RaftServerConfigKeys (ConfUtils.java:logGet(43)) - raft.server.staging.catchup.gap = 1000 (default)
2019-09-12 10:33:33,863 [afdb29cf-c3b8-498d-8640-0d0c0297edd0:group-0704C1B5DB76:LeaderElection67] INFO  server.RaftServerConfigKeys (ConfUtils.java:logGet(43)) - raft.server.rpc.sleep.time = 25ms (default)
2019-09-12 10:33:33,864 [afdb29cf-c3b8-498d-8640-0d0c0297edd0:group-0704C1B5DB76:LeaderElection67] INFO  server.RaftServerConfigKeys (ConfUtils.java:logGet(43)) - raft.server.write.element-limit = 4096 (default)
2019-09-12 10:33:33,864 [afdb29cf-c3b8-498d-8640-0d0c0297edd0:group-0704C1B5DB76:LeaderElection67] INFO  server.RaftServerConfigKeys (ConfUtils.java:logGet(43)) - raft.server.watch.timeout = 10s (default)
2019-09-12 10:33:33,864 [afdb29cf-c3b8-498d-8640-0d0c0297edd0:group-0704C1B5DB76:LeaderElection67] INFO  server.RaftServerConfigKeys (ConfUtils.java:logGet(43)) - raft.server.watch.timeout.denomination = 1s (default)
2019-09-12 10:33:33,864 [afdb29cf-c3b8-498d-8640-0d0c0297edd0:group-0704C1B5DB76:LeaderElection67] INFO  server.RaftServerConfigKeys (ConfUtils.java:logGet(43)) - raft.server.watch.element-limit = 65536 (default)
2019-09-12 10:33:33,864 [afdb29cf-c3b8-498d-8640-0d0c0297edd0:group-0704C1B5DB76:LeaderElection67] INFO  impl.RoleInfo (RoleInfo.java:updateAndGet(143)) - afdb29cf-c3b8-498d-8640-0d0c0297edd0: start LeaderState
2019-09-12 10:33:33,864 [afdb29cf-c3b8-498d-8640-0d0c0297edd0:group-0704C1B5DB76:LeaderElection67] INFO  segmented.SegmentedRaftLogWorker (SegmentedRaftLogWorker.java:startLogSegment(380)) - afdb29cf-c3b8-498d-8640-0d0c0297edd0-SegmentedRaftLogWorker:Storage Directory /workdir/hadoop-ozone/integration-test/target/test-dir/MiniOzoneClusterImpl-2d656029-9dde-45a3-b7cd-f2d738c2cb44/datanode-3/data/ratis/f23bc04e-1a14-4cf3-a7e7-0704c1b5db76: Starting segment from index:0
2019-09-12 10:33:33,865 [afdb29cf-c3b8-498d-8640-0d0c0297edd0:group-0704C1B5DB76:LeaderElection67] INFO  impl.RaftServerImpl (ServerState.java:setRaftConf(361)) - afdb29cf-c3b8-498d-8640-0d0c0297edd0:group-0704C1B5DB76 set configuration 0: [afdb29cf-c3b8-498d-8640-0d0c0297edd0:192.168.157.195:42480], old=null at 0
2019-09-12 10:33:33,897 | INFO  | SCMAudit | user=jenkins1000 | ip=192.168.157.195 | op=SEND_HEARTBEAT {datanodeUUID=2936a8fb-498a-4f06-abab-ab51bafc30e4, command=[]} | ret=SUCCESS |  
2019-09-12 10:33:33,904 [Thread-757] INFO  impl.FollowerState (FollowerState.java:run(106)) - afdb29cf-c3b8-498d-8640-0d0c0297edd0:group-05E1CDAE1019 changes to CANDIDATE, lastRpcTime:5180, electionTimeout:5180ms
2019-09-12 10:33:33,904 [Thread-757] INFO  impl.RoleInfo (RoleInfo.java:shutdownFollowerState(121)) - afdb29cf-c3b8-498d-8640-0d0c0297edd0: shutdown FollowerState
2019-09-12 10:33:33,904 [Thread-757] INFO  impl.RaftServerImpl (RaftServerImpl.java:setRole(171)) - afdb29cf-c3b8-498d-8640-0d0c0297edd0:group-05E1CDAE1019 changes role from FOLLOWER to CANDIDATE at term 0 for changeToCandidate
2019-09-12 10:33:33,904 [Thread-757] INFO  impl.RoleInfo (RoleInfo.java:updateAndGet(143)) - afdb29cf-c3b8-498d-8640-0d0c0297edd0: start LeaderElection
2019-09-12 10:33:33,919 [Thread-766] INFO  impl.FollowerState (FollowerState.java:run(106)) - afdb29cf-c3b8-498d-8640-0d0c0297edd0:group-4AC575061819 changes to CANDIDATE, lastRpcTime:5044, electionTimeout:5044ms
2019-09-12 10:33:33,919 [Thread-766] INFO  impl.RoleInfo (RoleInfo.java:shutdownFollowerState(121)) - afdb29cf-c3b8-498d-8640-0d0c0297edd0: shutdown FollowerState
2019-09-12 10:33:33,919 [Thread-766] INFO  impl.RaftServerImpl (RaftServerImpl.java:setRole(171)) - afdb29cf-c3b8-498d-8640-0d0c0297edd0:group-4AC575061819 changes role from FOLLOWER to CANDIDATE at term 0 for changeToCandidate
2019-09-12 10:33:33,919 [Thread-766] INFO  impl.RoleInfo (RoleInfo.java:updateAndGet(143)) - afdb29cf-c3b8-498d-8640-0d0c0297edd0: start LeaderElection
2019-09-12 10:33:33,919 [afdb29cf-c3b8-498d-8640-0d0c0297edd0-SegmentedRaftLogWorker:Storage Directory /workdir/hadoop-ozone/integration-test/target/test-dir/MiniOzoneClusterImpl-2d656029-9dde-45a3-b7cd-f2d738c2cb44/datanode-3/data/ratis/f23bc04e-1a14-4cf3-a7e7-0704c1b5db76] INFO  segmented.SegmentedRaftLogWorker (SegmentedRaftLogWorker.java:execute(569)) - afdb29cf-c3b8-498d-8640-0d0c0297edd0-SegmentedRaftLogWorker:Storage Directory /workdir/hadoop-ozone/integration-test/target/test-dir/MiniOzoneClusterImpl-2d656029-9dde-45a3-b7cd-f2d738c2cb44/datanode-3/data/ratis/f23bc04e-1a14-4cf3-a7e7-0704c1b5db76: created new log segment /workdir/hadoop-ozone/integration-test/target/test-dir/MiniOzoneClusterImpl-2d656029-9dde-45a3-b7cd-f2d738c2cb44/datanode-3/data/ratis/f23bc04e-1a14-4cf3-a7e7-0704c1b5db76/current/log_inprogress_0
2019-09-12 10:33:33,920 [afdb29cf-c3b8-498d-8640-0d0c0297edd0:group-05E1CDAE1019:LeaderElection68] INFO  impl.LeaderElection (LeaderElection.java:askForVotes(181)) - afdb29cf-c3b8-498d-8640-0d0c0297edd0:group-05E1CDAE1019:LeaderElection68: begin an election at term 1 for -1: [afdb29cf-c3b8-498d-8640-0d0c0297edd0:192.168.157.195:42480], old=null
2019-09-12 10:33:33,920 [afdb29cf-c3b8-498d-8640-0d0c0297edd0:group-05E1CDAE1019:LeaderElection68] INFO  impl.RoleInfo (RoleInfo.java:shutdownLeaderElection(134)) - afdb29cf-c3b8-498d-8640-0d0c0297edd0: shutdown LeaderElection
2019-09-12 10:33:33,920 [afdb29cf-c3b8-498d-8640-0d0c0297edd0:group-05E1CDAE1019:LeaderElection68] INFO  impl.RaftServerImpl (RaftServerImpl.java:setRole(171)) - afdb29cf-c3b8-498d-8640-0d0c0297edd0:group-05E1CDAE1019 changes role from CANDIDATE to LEADER at term 1 for changeToLeader
2019-09-12 10:33:33,920 [afdb29cf-c3b8-498d-8640-0d0c0297edd0:group-05E1CDAE1019:LeaderElection68] INFO  impl.RaftServerImpl (ServerState.java:setLeader(263)) - afdb29cf-c3b8-498d-8640-0d0c0297edd0:group-05E1CDAE1019 change Leader from null to afdb29cf-c3b8-498d-8640-0d0c0297edd0 at term 1 for becomeLeader, leader elected after 5201ms
2019-09-12 10:33:33,920 [afdb29cf-c3b8-498d-8640-0d0c0297edd0:group-05E1CDAE1019:LeaderElection68] INFO  server.RaftServerConfigKeys (ConfUtils.java:logGet(43)) - raft.server.staging.catchup.gap = 1000 (default)
2019-09-12 10:33:33,921 [afdb29cf-c3b8-498d-8640-0d0c0297edd0:group-05E1CDAE1019:LeaderElection68] INFO  server.RaftServerConfigKeys (ConfUtils.java:logGet(43)) - raft.server.rpc.sleep.time = 25ms (default)
2019-09-12 10:33:33,921 [afdb29cf-c3b8-498d-8640-0d0c0297edd0:group-05E1CDAE1019:LeaderElection68] INFO  server.RaftServerConfigKeys (ConfUtils.java:logGet(43)) - raft.server.write.element-limit = 4096 (default)
2019-09-12 10:33:33,921 [afdb29cf-c3b8-498d-8640-0d0c0297edd0:group-05E1CDAE1019:LeaderElection68] INFO  server.RaftServerConfigKeys (ConfUtils.java:logGet(43)) - raft.server.watch.timeout = 10s (default)
2019-09-12 10:33:33,921 [afdb29cf-c3b8-498d-8640-0d0c0297edd0:group-05E1CDAE1019:LeaderElection68] INFO  server.RaftServerConfigKeys (ConfUtils.java:logGet(43)) - raft.server.watch.timeout.denomination = 1s (default)
2019-09-12 10:33:33,922 [afdb29cf-c3b8-498d-8640-0d0c0297edd0:group-05E1CDAE1019:LeaderElection68] INFO  server.RaftServerConfigKeys (ConfUtils.java:logGet(43)) - raft.server.watch.element-limit = 65536 (default)
2019-09-12 10:33:33,922 [afdb29cf-c3b8-498d-8640-0d0c0297edd0:group-05E1CDAE1019:LeaderElection68] INFO  impl.RoleInfo (RoleInfo.java:updateAndGet(143)) - afdb29cf-c3b8-498d-8640-0d0c0297edd0: start LeaderState
2019-09-12 10:33:33,922 [afdb29cf-c3b8-498d-8640-0d0c0297edd0:group-05E1CDAE1019:LeaderElection68] INFO  segmented.SegmentedRaftLogWorker (SegmentedRaftLogWorker.java:startLogSegment(380)) - afdb29cf-c3b8-498d-8640-0d0c0297edd0-SegmentedRaftLogWorker:Storage Directory /workdir/hadoop-ozone/integration-test/target/test-dir/MiniOzoneClusterImpl-2d656029-9dde-45a3-b7cd-f2d738c2cb44/datanode-3/data/ratis/e5ca493b-1e28-40a4-ab1c-05e1cdae1019: Starting segment from index:0
2019-09-12 10:33:33,923 [afdb29cf-c3b8-498d-8640-0d0c0297edd0:group-05E1CDAE1019:LeaderElection68] INFO  impl.RaftServerImpl (ServerState.java:setRaftConf(361)) - afdb29cf-c3b8-498d-8640-0d0c0297edd0:group-05E1CDAE1019 set configuration 0: [afdb29cf-c3b8-498d-8640-0d0c0297edd0:192.168.157.195:42480], old=null at 0
2019-09-12 10:33:33,933 [Thread-769] INFO  impl.FollowerState (FollowerState.java:run(106)) - 58be6702-f3a1-484a-8c9d-5d933df137d3:group-DD0E41F141D9 changes to CANDIDATE, lastRpcTime:5014, electionTimeout:5014ms
2019-09-12 10:33:33,933 [Thread-769] INFO  impl.RoleInfo (RoleInfo.java:shutdownFollowerState(121)) - 58be6702-f3a1-484a-8c9d-5d933df137d3: shutdown FollowerState
2019-09-12 10:33:33,933 [Thread-769] INFO  impl.RaftServerImpl (RaftServerImpl.java:setRole(171)) - 58be6702-f3a1-484a-8c9d-5d933df137d3:group-DD0E41F141D9 changes role from FOLLOWER to CANDIDATE at term 0 for changeToCandidate
2019-09-12 10:33:33,933 [Thread-769] INFO  impl.RoleInfo (RoleInfo.java:updateAndGet(143)) - 58be6702-f3a1-484a-8c9d-5d933df137d3: start LeaderElection
2019-09-12 10:33:33,934 [afdb29cf-c3b8-498d-8640-0d0c0297edd0:group-4AC575061819:LeaderElection69] INFO  impl.LeaderElection (LeaderElection.java:askForVotes(181)) - afdb29cf-c3b8-498d-8640-0d0c0297edd0:group-4AC575061819:LeaderElection69: begin an election at term 1 for -1: [afdb29cf-c3b8-498d-8640-0d0c0297edd0:192.168.157.195:42480], old=null
2019-09-12 10:33:33,935 [afdb29cf-c3b8-498d-8640-0d0c0297edd0:group-4AC575061819:LeaderElection69] INFO  impl.RoleInfo (RoleInfo.java:shutdownLeaderElection(134)) - afdb29cf-c3b8-498d-8640-0d0c0297edd0: shutdown LeaderElection
2019-09-12 10:33:33,935 [afdb29cf-c3b8-498d-8640-0d0c0297edd0:group-4AC575061819:LeaderElection69] INFO  impl.RaftServerImpl (RaftServerImpl.java:setRole(171)) - afdb29cf-c3b8-498d-8640-0d0c0297edd0:group-4AC575061819 changes role from CANDIDATE to LEADER at term 1 for changeToLeader
2019-09-12 10:33:33,935 [afdb29cf-c3b8-498d-8640-0d0c0297edd0:group-4AC575061819:LeaderElection69] INFO  impl.RaftServerImpl (ServerState.java:setLeader(263)) - afdb29cf-c3b8-498d-8640-0d0c0297edd0:group-4AC575061819 change Leader from null to afdb29cf-c3b8-498d-8640-0d0c0297edd0 at term 1 for becomeLeader, leader elected after 5066ms
2019-09-12 10:33:33,935 [afdb29cf-c3b8-498d-8640-0d0c0297edd0:group-4AC575061819:LeaderElection69] INFO  server.RaftServerConfigKeys (ConfUtils.java:logGet(43)) - raft.server.staging.catchup.gap = 1000 (default)
2019-09-12 10:33:33,935 [afdb29cf-c3b8-498d-8640-0d0c0297edd0:group-4AC575061819:LeaderElection69] INFO  server.RaftServerConfigKeys (ConfUtils.java:logGet(43)) - raft.server.rpc.sleep.time = 25ms (default)
2019-09-12 10:33:33,935 [afdb29cf-c3b8-498d-8640-0d0c0297edd0:group-4AC575061819:LeaderElection69] INFO  server.RaftServerConfigKeys (ConfUtils.java:logGet(43)) - raft.server.write.element-limit = 4096 (default)
2019-09-12 10:33:33,936 [afdb29cf-c3b8-498d-8640-0d0c0297edd0:group-4AC575061819:LeaderElection69] INFO  server.RaftServerConfigKeys (ConfUtils.java:logGet(43)) - raft.server.watch.timeout = 10s (default)
2019-09-12 10:33:33,936 [afdb29cf-c3b8-498d-8640-0d0c0297edd0:group-4AC575061819:LeaderElection69] INFO  server.RaftServerConfigKeys (ConfUtils.java:logGet(43)) - raft.server.watch.timeout.denomination = 1s (default)
2019-09-12 10:33:33,936 [afdb29cf-c3b8-498d-8640-0d0c0297edd0:group-4AC575061819:LeaderElection69] INFO  server.RaftServerConfigKeys (ConfUtils.java:logGet(43)) - raft.server.watch.element-limit = 65536 (default)
2019-09-12 10:33:33,936 [afdb29cf-c3b8-498d-8640-0d0c0297edd0:group-4AC575061819:LeaderElection69] INFO  impl.RoleInfo (RoleInfo.java:updateAndGet(143)) - afdb29cf-c3b8-498d-8640-0d0c0297edd0: start LeaderState
2019-09-12 10:33:33,936 [afdb29cf-c3b8-498d-8640-0d0c0297edd0:group-4AC575061819:LeaderElection69] INFO  segmented.SegmentedRaftLogWorker (SegmentedRaftLogWorker.java:startLogSegment(380)) - afdb29cf-c3b8-498d-8640-0d0c0297edd0-SegmentedRaftLogWorker:Storage Directory /workdir/hadoop-ozone/integration-test/target/test-dir/MiniOzoneClusterImpl-2d656029-9dde-45a3-b7cd-f2d738c2cb44/datanode-3/data/ratis/b3f4f7ca-95bb-4b0a-b789-4ac575061819: Starting segment from index:0
2019-09-12 10:33:33,937 [afdb29cf-c3b8-498d-8640-0d0c0297edd0:group-4AC575061819:LeaderElection69] INFO  impl.RaftServerImpl (ServerState.java:setRaftConf(361)) - afdb29cf-c3b8-498d-8640-0d0c0297edd0:group-4AC575061819 set configuration 0: [afdb29cf-c3b8-498d-8640-0d0c0297edd0:192.168.157.195:42480], old=null at 0
2019-09-12 10:33:33,948 [58be6702-f3a1-484a-8c9d-5d933df137d3:group-DD0E41F141D9:LeaderElection70] INFO  impl.LeaderElection (LeaderElection.java:askForVotes(181)) - 58be6702-f3a1-484a-8c9d-5d933df137d3:group-DD0E41F141D9:LeaderElection70: begin an election at term 1 for -1: [58be6702-f3a1-484a-8c9d-5d933df137d3:192.168.157.195:33261], old=null
2019-09-12 10:33:33,948 [58be6702-f3a1-484a-8c9d-5d933df137d3:group-DD0E41F141D9:LeaderElection70] INFO  impl.RoleInfo (RoleInfo.java:shutdownLeaderElection(134)) - 58be6702-f3a1-484a-8c9d-5d933df137d3: shutdown LeaderElection
2019-09-12 10:33:33,948 [58be6702-f3a1-484a-8c9d-5d933df137d3:group-DD0E41F141D9:LeaderElection70] INFO  impl.RaftServerImpl (RaftServerImpl.java:setRole(171)) - 58be6702-f3a1-484a-8c9d-5d933df137d3:group-DD0E41F141D9 changes role from CANDIDATE to LEADER at term 1 for changeToLeader
2019-09-12 10:33:33,949 [58be6702-f3a1-484a-8c9d-5d933df137d3:group-DD0E41F141D9:LeaderElection70] INFO  impl.RaftServerImpl (ServerState.java:setLeader(263)) - 58be6702-f3a1-484a-8c9d-5d933df137d3:group-DD0E41F141D9 change Leader from null to 58be6702-f3a1-484a-8c9d-5d933df137d3 at term 1 for becomeLeader, leader elected after 5032ms
2019-09-12 10:33:33,949 [58be6702-f3a1-484a-8c9d-5d933df137d3:group-DD0E41F141D9:LeaderElection70] INFO  server.RaftServerConfigKeys (ConfUtils.java:logGet(43)) - raft.server.staging.catchup.gap = 1000 (default)
2019-09-12 10:33:33,949 [58be6702-f3a1-484a-8c9d-5d933df137d3:group-DD0E41F141D9:LeaderElection70] INFO  server.RaftServerConfigKeys (ConfUtils.java:logGet(43)) - raft.server.rpc.sleep.time = 25ms (default)
2019-09-12 10:33:33,949 [58be6702-f3a1-484a-8c9d-5d933df137d3:group-DD0E41F141D9:LeaderElection70] INFO  server.RaftServerConfigKeys (ConfUtils.java:logGet(43)) - raft.server.write.element-limit = 4096 (default)
2019-09-12 10:33:33,949 [58be6702-f3a1-484a-8c9d-5d933df137d3:group-DD0E41F141D9:LeaderElection70] INFO  server.RaftServerConfigKeys (ConfUtils.java:logGet(43)) - raft.server.watch.timeout = 10s (default)
2019-09-12 10:33:33,949 [58be6702-f3a1-484a-8c9d-5d933df137d3:group-DD0E41F141D9:LeaderElection70] INFO  server.RaftServerConfigKeys (ConfUtils.java:logGet(43)) - raft.server.watch.timeout.denomination = 1s (default)
2019-09-12 10:33:33,950 [58be6702-f3a1-484a-8c9d-5d933df137d3:group-DD0E41F141D9:LeaderElection70] INFO  server.RaftServerConfigKeys (ConfUtils.java:logGet(43)) - raft.server.watch.element-limit = 65536 (default)
2019-09-12 10:33:33,950 [58be6702-f3a1-484a-8c9d-5d933df137d3:group-DD0E41F141D9:LeaderElection70] INFO  impl.RoleInfo (RoleInfo.java:updateAndGet(143)) - 58be6702-f3a1-484a-8c9d-5d933df137d3: start LeaderState
2019-09-12 10:33:33,950 [58be6702-f3a1-484a-8c9d-5d933df137d3:group-DD0E41F141D9:LeaderElection70] INFO  segmented.SegmentedRaftLogWorker (SegmentedRaftLogWorker.java:startLogSegment(380)) - 58be6702-f3a1-484a-8c9d-5d933df137d3-SegmentedRaftLogWorker:Storage Directory /workdir/hadoop-ozone/integration-test/target/test-dir/MiniOzoneClusterImpl-2d656029-9dde-45a3-b7cd-f2d738c2cb44/datanode-4/data/ratis/cb6278c4-247a-4cc6-94f1-dd0e41f141d9: Starting segment from index:0
2019-09-12 10:33:33,951 [58be6702-f3a1-484a-8c9d-5d933df137d3:group-DD0E41F141D9:LeaderElection70] INFO  impl.RaftServerImpl (ServerState.java:setRaftConf(361)) - 58be6702-f3a1-484a-8c9d-5d933df137d3:group-DD0E41F141D9 set configuration 0: [58be6702-f3a1-484a-8c9d-5d933df137d3:192.168.157.195:33261], old=null at 0
2019-09-12 10:33:33,983 [Thread-763] INFO  impl.FollowerState (FollowerState.java:run(106)) - 58be6702-f3a1-484a-8c9d-5d933df137d3:group-56AF7B796B07 changes to CANDIDATE, lastRpcTime:5152, electionTimeout:5152ms
2019-09-12 10:33:33,983 [Thread-763] INFO  impl.RoleInfo (RoleInfo.java:shutdownFollowerState(121)) - 58be6702-f3a1-484a-8c9d-5d933df137d3: shutdown FollowerState
2019-09-12 10:33:33,984 [Thread-763] INFO  impl.RaftServerImpl (RaftServerImpl.java:setRole(171)) - 58be6702-f3a1-484a-8c9d-5d933df137d3:group-56AF7B796B07 changes role from FOLLOWER to CANDIDATE at term 0 for changeToCandidate
2019-09-12 10:33:33,984 [Thread-763] INFO  impl.RoleInfo (RoleInfo.java:updateAndGet(143)) - 58be6702-f3a1-484a-8c9d-5d933df137d3: start LeaderElection
2019-09-12 10:33:33,989 [afdb29cf-c3b8-498d-8640-0d0c0297edd0-SegmentedRaftLogWorker:Storage Directory /workdir/hadoop-ozone/integration-test/target/test-dir/MiniOzoneClusterImpl-2d656029-9dde-45a3-b7cd-f2d738c2cb44/datanode-3/data/ratis/e5ca493b-1e28-40a4-ab1c-05e1cdae1019] INFO  segmented.SegmentedRaftLogWorker (SegmentedRaftLogWorker.java:execute(569)) - afdb29cf-c3b8-498d-8640-0d0c0297edd0-SegmentedRaftLogWorker:Storage Directory /workdir/hadoop-ozone/integration-test/target/test-dir/MiniOzoneClusterImpl-2d656029-9dde-45a3-b7cd-f2d738c2cb44/datanode-3/data/ratis/e5ca493b-1e28-40a4-ab1c-05e1cdae1019: created new log segment /workdir/hadoop-ozone/integration-test/target/test-dir/MiniOzoneClusterImpl-2d656029-9dde-45a3-b7cd-f2d738c2cb44/datanode-3/data/ratis/e5ca493b-1e28-40a4-ab1c-05e1cdae1019/current/log_inprogress_0
2019-09-12 10:33:34,003 [afdb29cf-c3b8-498d-8640-0d0c0297edd0-SegmentedRaftLogWorker:Storage Directory /workdir/hadoop-ozone/integration-test/target/test-dir/MiniOzoneClusterImpl-2d656029-9dde-45a3-b7cd-f2d738c2cb44/datanode-3/data/ratis/b3f4f7ca-95bb-4b0a-b789-4ac575061819] INFO  segmented.SegmentedRaftLogWorker (SegmentedRaftLogWorker.java:execute(569)) - afdb29cf-c3b8-498d-8640-0d0c0297edd0-SegmentedRaftLogWorker:Storage Directory /workdir/hadoop-ozone/integration-test/target/test-dir/MiniOzoneClusterImpl-2d656029-9dde-45a3-b7cd-f2d738c2cb44/datanode-3/data/ratis/b3f4f7ca-95bb-4b0a-b789-4ac575061819: created new log segment /workdir/hadoop-ozone/integration-test/target/test-dir/MiniOzoneClusterImpl-2d656029-9dde-45a3-b7cd-f2d738c2cb44/datanode-3/data/ratis/b3f4f7ca-95bb-4b0a-b789-4ac575061819/current/log_inprogress_0
2019-09-12 10:33:34,003 [58be6702-f3a1-484a-8c9d-5d933df137d3:group-56AF7B796B07:LeaderElection71] INFO  impl.LeaderElection (LeaderElection.java:askForVotes(181)) - 58be6702-f3a1-484a-8c9d-5d933df137d3:group-56AF7B796B07:LeaderElection71: begin an election at term 1 for -1: [58be6702-f3a1-484a-8c9d-5d933df137d3:192.168.157.195:33261], old=null
2019-09-12 10:33:34,003 [58be6702-f3a1-484a-8c9d-5d933df137d3:group-56AF7B796B07:LeaderElection71] INFO  impl.RoleInfo (RoleInfo.java:shutdownLeaderElection(134)) - 58be6702-f3a1-484a-8c9d-5d933df137d3: shutdown LeaderElection
2019-09-12 10:33:34,003 [58be6702-f3a1-484a-8c9d-5d933df137d3:group-56AF7B796B07:LeaderElection71] INFO  impl.RaftServerImpl (RaftServerImpl.java:setRole(171)) - 58be6702-f3a1-484a-8c9d-5d933df137d3:group-56AF7B796B07 changes role from CANDIDATE to LEADER at term 1 for changeToLeader
2019-09-12 10:33:34,003 [58be6702-f3a1-484a-8c9d-5d933df137d3:group-56AF7B796B07:LeaderElection71] INFO  impl.RaftServerImpl (ServerState.java:setLeader(263)) - 58be6702-f3a1-484a-8c9d-5d933df137d3:group-56AF7B796B07 change Leader from null to 58be6702-f3a1-484a-8c9d-5d933df137d3 at term 1 for becomeLeader, leader elected after 5177ms
2019-09-12 10:33:34,004 [58be6702-f3a1-484a-8c9d-5d933df137d3:group-56AF7B796B07:LeaderElection71] INFO  server.RaftServerConfigKeys (ConfUtils.java:logGet(43)) - raft.server.staging.catchup.gap = 1000 (default)
2019-09-12 10:33:34,004 [58be6702-f3a1-484a-8c9d-5d933df137d3:group-56AF7B796B07:LeaderElection71] INFO  server.RaftServerConfigKeys (ConfUtils.java:logGet(43)) - raft.server.rpc.sleep.time = 25ms (default)
2019-09-12 10:33:34,004 [58be6702-f3a1-484a-8c9d-5d933df137d3:group-56AF7B796B07:LeaderElection71] INFO  server.RaftServerConfigKeys (ConfUtils.java:logGet(43)) - raft.server.write.element-limit = 4096 (default)
2019-09-12 10:33:34,004 [58be6702-f3a1-484a-8c9d-5d933df137d3:group-56AF7B796B07:LeaderElection71] INFO  server.RaftServerConfigKeys (ConfUtils.java:logGet(43)) - raft.server.watch.timeout = 10s (default)
2019-09-12 10:33:34,004 [58be6702-f3a1-484a-8c9d-5d933df137d3:group-56AF7B796B07:LeaderElection71] INFO  server.RaftServerConfigKeys (ConfUtils.java:logGet(43)) - raft.server.watch.timeout.denomination = 1s (default)
2019-09-12 10:33:34,004 [58be6702-f3a1-484a-8c9d-5d933df137d3:group-56AF7B796B07:LeaderElection71] INFO  server.RaftServerConfigKeys (ConfUtils.java:logGet(43)) - raft.server.watch.element-limit = 65536 (default)
2019-09-12 10:33:34,005 [58be6702-f3a1-484a-8c9d-5d933df137d3:group-56AF7B796B07:LeaderElection71] INFO  impl.RoleInfo (RoleInfo.java:updateAndGet(143)) - 58be6702-f3a1-484a-8c9d-5d933df137d3: start LeaderState
2019-09-12 10:33:34,005 [58be6702-f3a1-484a-8c9d-5d933df137d3:group-56AF7B796B07:LeaderElection71] INFO  segmented.SegmentedRaftLogWorker (SegmentedRaftLogWorker.java:startLogSegment(380)) - 58be6702-f3a1-484a-8c9d-5d933df137d3-SegmentedRaftLogWorker:Storage Directory /workdir/hadoop-ozone/integration-test/target/test-dir/MiniOzoneClusterImpl-2d656029-9dde-45a3-b7cd-f2d738c2cb44/datanode-4/data/ratis/cccd4cd0-cd84-422e-917a-56af7b796b07: Starting segment from index:0
2019-09-12 10:33:34,005 [58be6702-f3a1-484a-8c9d-5d933df137d3:group-56AF7B796B07:LeaderElection71] INFO  impl.RaftServerImpl (ServerState.java:setRaftConf(361)) - 58be6702-f3a1-484a-8c9d-5d933df137d3:group-56AF7B796B07 set configuration 0: [58be6702-f3a1-484a-8c9d-5d933df137d3:192.168.157.195:33261], old=null at 0
2019-09-12 10:33:34,006 [58be6702-f3a1-484a-8c9d-5d933df137d3-SegmentedRaftLogWorker:Storage Directory /workdir/hadoop-ozone/integration-test/target/test-dir/MiniOzoneClusterImpl-2d656029-9dde-45a3-b7cd-f2d738c2cb44/datanode-4/data/ratis/cb6278c4-247a-4cc6-94f1-dd0e41f141d9] INFO  segmented.SegmentedRaftLogWorker (SegmentedRaftLogWorker.java:execute(569)) - 58be6702-f3a1-484a-8c9d-5d933df137d3-SegmentedRaftLogWorker:Storage Directory /workdir/hadoop-ozone/integration-test/target/test-dir/MiniOzoneClusterImpl-2d656029-9dde-45a3-b7cd-f2d738c2cb44/datanode-4/data/ratis/cb6278c4-247a-4cc6-94f1-dd0e41f141d9: created new log segment /workdir/hadoop-ozone/integration-test/target/test-dir/MiniOzoneClusterImpl-2d656029-9dde-45a3-b7cd-f2d738c2cb44/datanode-4/data/ratis/cb6278c4-247a-4cc6-94f1-dd0e41f141d9/current/log_inprogress_0
2019-09-12 10:33:34,049 | INFO  | SCMAudit | user=jenkins1000 | ip=192.168.157.195 | op=SEND_HEARTBEAT {datanodeUUID=afdb29cf-c3b8-498d-8640-0d0c0297edd0, command=[]} | ret=SUCCESS |  
2019-09-12 10:33:34,059 [58be6702-f3a1-484a-8c9d-5d933df137d3-SegmentedRaftLogWorker:Storage Directory /workdir/hadoop-ozone/integration-test/target/test-dir/MiniOzoneClusterImpl-2d656029-9dde-45a3-b7cd-f2d738c2cb44/datanode-4/data/ratis/cccd4cd0-cd84-422e-917a-56af7b796b07] INFO  segmented.SegmentedRaftLogWorker (SegmentedRaftLogWorker.java:execute(569)) - 58be6702-f3a1-484a-8c9d-5d933df137d3-SegmentedRaftLogWorker:Storage Directory /workdir/hadoop-ozone/integration-test/target/test-dir/MiniOzoneClusterImpl-2d656029-9dde-45a3-b7cd-f2d738c2cb44/datanode-4/data/ratis/cccd4cd0-cd84-422e-917a-56af7b796b07: created new log segment /workdir/hadoop-ozone/integration-test/target/test-dir/MiniOzoneClusterImpl-2d656029-9dde-45a3-b7cd-f2d738c2cb44/datanode-4/data/ratis/cccd4cd0-cd84-422e-917a-56af7b796b07/current/log_inprogress_0
2019-09-12 10:33:34,064 [Thread-772] INFO  impl.FollowerState (FollowerState.java:run(106)) - 23027111-0173-428f-b853-b511524375b8:group-A1B07F356658 changes to CANDIDATE, lastRpcTime:5093, electionTimeout:5093ms
2019-09-12 10:33:34,064 [Thread-772] INFO  impl.RoleInfo (RoleInfo.java:shutdownFollowerState(121)) - 23027111-0173-428f-b853-b511524375b8: shutdown FollowerState
2019-09-12 10:33:34,065 [Thread-772] INFO  impl.RaftServerImpl (RaftServerImpl.java:setRole(171)) - 23027111-0173-428f-b853-b511524375b8:group-A1B07F356658 changes role from FOLLOWER to CANDIDATE at term 0 for changeToCandidate
2019-09-12 10:33:34,065 [Thread-772] INFO  impl.RoleInfo (RoleInfo.java:updateAndGet(143)) - 23027111-0173-428f-b853-b511524375b8: start LeaderElection
2019-09-12 10:33:34,072 [23027111-0173-428f-b853-b511524375b8:group-A1B07F356658:LeaderElection72] INFO  impl.LeaderElection (LeaderElection.java:askForVotes(181)) - 23027111-0173-428f-b853-b511524375b8:group-A1B07F356658:LeaderElection72: begin an election at term 1 for -1: [23027111-0173-428f-b853-b511524375b8:192.168.157.195:36891], old=null
2019-09-12 10:33:34,072 [23027111-0173-428f-b853-b511524375b8:group-A1B07F356658:LeaderElection72] INFO  impl.RoleInfo (RoleInfo.java:shutdownLeaderElection(134)) - 23027111-0173-428f-b853-b511524375b8: shutdown LeaderElection
2019-09-12 10:33:34,072 [23027111-0173-428f-b853-b511524375b8:group-A1B07F356658:LeaderElection72] INFO  impl.RaftServerImpl (RaftServerImpl.java:setRole(171)) - 23027111-0173-428f-b853-b511524375b8:group-A1B07F356658 changes role from CANDIDATE to LEADER at term 1 for changeToLeader
2019-09-12 10:33:34,072 [23027111-0173-428f-b853-b511524375b8:group-A1B07F356658:LeaderElection72] INFO  impl.RaftServerImpl (ServerState.java:setLeader(263)) - 23027111-0173-428f-b853-b511524375b8:group-A1B07F356658 change Leader from null to 23027111-0173-428f-b853-b511524375b8 at term 1 for becomeLeader, leader elected after 5104ms
2019-09-12 10:33:34,076 [23027111-0173-428f-b853-b511524375b8:group-A1B07F356658:LeaderElection72] INFO  server.RaftServerConfigKeys (ConfUtils.java:logGet(43)) - raft.server.staging.catchup.gap = 1000 (default)
2019-09-12 10:33:34,076 [Thread-778] INFO  impl.FollowerState (FollowerState.java:run(106)) - 23027111-0173-428f-b853-b511524375b8:group-6E6531F79FDA changes to CANDIDATE, lastRpcTime:5000, electionTimeout:5000ms
2019-09-12 10:33:34,077 [Thread-778] INFO  impl.RoleInfo (RoleInfo.java:shutdownFollowerState(121)) - 23027111-0173-428f-b853-b511524375b8: shutdown FollowerState
2019-09-12 10:33:34,077 [Thread-778] INFO  impl.RaftServerImpl (RaftServerImpl.java:setRole(171)) - 23027111-0173-428f-b853-b511524375b8:group-6E6531F79FDA changes role from FOLLOWER to CANDIDATE at term 0 for changeToCandidate
2019-09-12 10:33:34,076 [23027111-0173-428f-b853-b511524375b8:group-A1B07F356658:LeaderElection72] INFO  server.RaftServerConfigKeys (ConfUtils.java:logGet(43)) - raft.server.rpc.sleep.time = 25ms (default)
2019-09-12 10:33:34,077 [Thread-778] INFO  impl.RoleInfo (RoleInfo.java:updateAndGet(143)) - 23027111-0173-428f-b853-b511524375b8: start LeaderElection
2019-09-12 10:33:34,077 [23027111-0173-428f-b853-b511524375b8:group-A1B07F356658:LeaderElection72] INFO  server.RaftServerConfigKeys (ConfUtils.java:logGet(43)) - raft.server.write.element-limit = 4096 (default)
2019-09-12 10:33:34,077 [23027111-0173-428f-b853-b511524375b8:group-A1B07F356658:LeaderElection72] INFO  server.RaftServerConfigKeys (ConfUtils.java:logGet(43)) - raft.server.watch.timeout = 10s (default)
2019-09-12 10:33:34,077 [23027111-0173-428f-b853-b511524375b8:group-A1B07F356658:LeaderElection72] INFO  server.RaftServerConfigKeys (ConfUtils.java:logGet(43)) - raft.server.watch.timeout.denomination = 1s (default)
2019-09-12 10:33:34,078 [23027111-0173-428f-b853-b511524375b8:group-A1B07F356658:LeaderElection72] INFO  server.RaftServerConfigKeys (ConfUtils.java:logGet(43)) - raft.server.watch.element-limit = 65536 (default)
2019-09-12 10:33:34,078 [23027111-0173-428f-b853-b511524375b8:group-A1B07F356658:LeaderElection72] INFO  impl.RoleInfo (RoleInfo.java:updateAndGet(143)) - 23027111-0173-428f-b853-b511524375b8: start LeaderState
2019-09-12 10:33:34,078 [23027111-0173-428f-b853-b511524375b8:group-A1B07F356658:LeaderElection72] INFO  segmented.SegmentedRaftLogWorker (SegmentedRaftLogWorker.java:startLogSegment(380)) - 23027111-0173-428f-b853-b511524375b8-SegmentedRaftLogWorker:Storage Directory /workdir/hadoop-ozone/integration-test/target/test-dir/MiniOzoneClusterImpl-2d656029-9dde-45a3-b7cd-f2d738c2cb44/datanode-5/data/ratis/bf1c6c48-a346-44a4-99b8-a1b07f356658: Starting segment from index:0
2019-09-12 10:33:34,079 [23027111-0173-428f-b853-b511524375b8:group-A1B07F356658:LeaderElection72] INFO  impl.RaftServerImpl (ServerState.java:setRaftConf(361)) - 23027111-0173-428f-b853-b511524375b8:group-A1B07F356658 set configuration 0: [23027111-0173-428f-b853-b511524375b8:192.168.157.195:36891], old=null at 0
2019-09-12 10:33:34,081 [23027111-0173-428f-b853-b511524375b8:group-6E6531F79FDA:LeaderElection73] INFO  impl.LeaderElection (LeaderElection.java:askForVotes(181)) - 23027111-0173-428f-b853-b511524375b8:group-6E6531F79FDA:LeaderElection73: begin an election at term 1 for -1: [23027111-0173-428f-b853-b511524375b8:192.168.157.195:36891], old=null
2019-09-12 10:33:34,081 [23027111-0173-428f-b853-b511524375b8:group-6E6531F79FDA:LeaderElection73] INFO  impl.RoleInfo (RoleInfo.java:shutdownLeaderElection(134)) - 23027111-0173-428f-b853-b511524375b8: shutdown LeaderElection
2019-09-12 10:33:34,081 [23027111-0173-428f-b853-b511524375b8:group-6E6531F79FDA:LeaderElection73] INFO  impl.RaftServerImpl (RaftServerImpl.java:setRole(171)) - 23027111-0173-428f-b853-b511524375b8:group-6E6531F79FDA changes role from CANDIDATE to LEADER at term 1 for changeToLeader
2019-09-12 10:33:34,082 [23027111-0173-428f-b853-b511524375b8:group-6E6531F79FDA:LeaderElection73] INFO  impl.RaftServerImpl (ServerState.java:setLeader(263)) - 23027111-0173-428f-b853-b511524375b8:group-6E6531F79FDA change Leader from null to 23027111-0173-428f-b853-b511524375b8 at term 1 for becomeLeader, leader elected after 5010ms
2019-09-12 10:33:34,082 [23027111-0173-428f-b853-b511524375b8:group-6E6531F79FDA:LeaderElection73] INFO  server.RaftServerConfigKeys (ConfUtils.java:logGet(43)) - raft.server.staging.catchup.gap = 1000 (default)
2019-09-12 10:33:34,082 [23027111-0173-428f-b853-b511524375b8:group-6E6531F79FDA:LeaderElection73] INFO  server.RaftServerConfigKeys (ConfUtils.java:logGet(43)) - raft.server.rpc.sleep.time = 25ms (default)
2019-09-12 10:33:34,082 [23027111-0173-428f-b853-b511524375b8:group-6E6531F79FDA:LeaderElection73] INFO  server.RaftServerConfigKeys (ConfUtils.java:logGet(43)) - raft.server.write.element-limit = 4096 (default)
2019-09-12 10:33:34,082 [23027111-0173-428f-b853-b511524375b8:group-6E6531F79FDA:LeaderElection73] INFO  server.RaftServerConfigKeys (ConfUtils.java:logGet(43)) - raft.server.watch.timeout = 10s (default)
2019-09-12 10:33:34,082 [23027111-0173-428f-b853-b511524375b8:group-6E6531F79FDA:LeaderElection73] INFO  server.RaftServerConfigKeys (ConfUtils.java:logGet(43)) - raft.server.watch.timeout.denomination = 1s (default)
2019-09-12 10:33:34,082 [23027111-0173-428f-b853-b511524375b8:group-6E6531F79FDA:LeaderElection73] INFO  server.RaftServerConfigKeys (ConfUtils.java:logGet(43)) - raft.server.watch.element-limit = 65536 (default)
2019-09-12 10:33:34,083 [23027111-0173-428f-b853-b511524375b8:group-6E6531F79FDA:LeaderElection73] INFO  impl.RoleInfo (RoleInfo.java:updateAndGet(143)) - 23027111-0173-428f-b853-b511524375b8: start LeaderState
2019-09-12 10:33:34,083 [23027111-0173-428f-b853-b511524375b8:group-6E6531F79FDA:LeaderElection73] INFO  segmented.SegmentedRaftLogWorker (SegmentedRaftLogWorker.java:startLogSegment(380)) - 23027111-0173-428f-b853-b511524375b8-SegmentedRaftLogWorker:Storage Directory /workdir/hadoop-ozone/integration-test/target/test-dir/MiniOzoneClusterImpl-2d656029-9dde-45a3-b7cd-f2d738c2cb44/datanode-5/data/ratis/53096c26-26e3-4418-9874-6e6531f79fda: Starting segment from index:0
2019-09-12 10:33:34,084 [23027111-0173-428f-b853-b511524375b8:group-6E6531F79FDA:LeaderElection73] INFO  impl.RaftServerImpl (ServerState.java:setRaftConf(361)) - 23027111-0173-428f-b853-b511524375b8:group-6E6531F79FDA set configuration 0: [23027111-0173-428f-b853-b511524375b8:192.168.157.195:36891], old=null at 0
2019-09-12 10:33:34,117 [Thread-775] INFO  impl.FollowerState (FollowerState.java:run(106)) - afdb29cf-c3b8-498d-8640-0d0c0297edd0:group-CF2AB5F1198C changes to CANDIDATE, lastRpcTime:5101, electionTimeout:5101ms
2019-09-12 10:33:34,118 [Thread-775] INFO  impl.RoleInfo (RoleInfo.java:shutdownFollowerState(121)) - afdb29cf-c3b8-498d-8640-0d0c0297edd0: shutdown FollowerState
2019-09-12 10:33:34,118 [Thread-775] INFO  impl.RaftServerImpl (RaftServerImpl.java:setRole(171)) - afdb29cf-c3b8-498d-8640-0d0c0297edd0:group-CF2AB5F1198C changes role from FOLLOWER to CANDIDATE at term 0 for changeToCandidate
2019-09-12 10:33:34,118 [Thread-775] INFO  impl.RoleInfo (RoleInfo.java:updateAndGet(143)) - afdb29cf-c3b8-498d-8640-0d0c0297edd0: start LeaderElection
2019-09-12 10:33:34,123 [23027111-0173-428f-b853-b511524375b8-SegmentedRaftLogWorker:Storage Directory /workdir/hadoop-ozone/integration-test/target/test-dir/MiniOzoneClusterImpl-2d656029-9dde-45a3-b7cd-f2d738c2cb44/datanode-5/data/ratis/bf1c6c48-a346-44a4-99b8-a1b07f356658] INFO  segmented.SegmentedRaftLogWorker (SegmentedRaftLogWorker.java:execute(569)) - 23027111-0173-428f-b853-b511524375b8-SegmentedRaftLogWorker:Storage Directory /workdir/hadoop-ozone/integration-test/target/test-dir/MiniOzoneClusterImpl-2d656029-9dde-45a3-b7cd-f2d738c2cb44/datanode-5/data/ratis/bf1c6c48-a346-44a4-99b8-a1b07f356658: created new log segment /workdir/hadoop-ozone/integration-test/target/test-dir/MiniOzoneClusterImpl-2d656029-9dde-45a3-b7cd-f2d738c2cb44/datanode-5/data/ratis/bf1c6c48-a346-44a4-99b8-a1b07f356658/current/log_inprogress_0
2019-09-12 10:33:34,123 [afdb29cf-c3b8-498d-8640-0d0c0297edd0:group-CF2AB5F1198C:LeaderElection74] INFO  impl.LeaderElection (LeaderElection.java:askForVotes(181)) - afdb29cf-c3b8-498d-8640-0d0c0297edd0:group-CF2AB5F1198C:LeaderElection74: begin an election at term 1 for -1: [afdb29cf-c3b8-498d-8640-0d0c0297edd0:192.168.157.195:42480], old=null
2019-09-12 10:33:34,123 [23027111-0173-428f-b853-b511524375b8-SegmentedRaftLogWorker:Storage Directory /workdir/hadoop-ozone/integration-test/target/test-dir/MiniOzoneClusterImpl-2d656029-9dde-45a3-b7cd-f2d738c2cb44/datanode-5/data/ratis/53096c26-26e3-4418-9874-6e6531f79fda] INFO  segmented.SegmentedRaftLogWorker (SegmentedRaftLogWorker.java:execute(569)) - 23027111-0173-428f-b853-b511524375b8-SegmentedRaftLogWorker:Storage Directory /workdir/hadoop-ozone/integration-test/target/test-dir/MiniOzoneClusterImpl-2d656029-9dde-45a3-b7cd-f2d738c2cb44/datanode-5/data/ratis/53096c26-26e3-4418-9874-6e6531f79fda: created new log segment /workdir/hadoop-ozone/integration-test/target/test-dir/MiniOzoneClusterImpl-2d656029-9dde-45a3-b7cd-f2d738c2cb44/datanode-5/data/ratis/53096c26-26e3-4418-9874-6e6531f79fda/current/log_inprogress_0
2019-09-12 10:33:34,123 [afdb29cf-c3b8-498d-8640-0d0c0297edd0:group-CF2AB5F1198C:LeaderElection74] INFO  impl.RoleInfo (RoleInfo.java:shutdownLeaderElection(134)) - afdb29cf-c3b8-498d-8640-0d0c0297edd0: shutdown LeaderElection
2019-09-12 10:33:34,124 [afdb29cf-c3b8-498d-8640-0d0c0297edd0:group-CF2AB5F1198C:LeaderElection74] INFO  impl.RaftServerImpl (RaftServerImpl.java:setRole(171)) - afdb29cf-c3b8-498d-8640-0d0c0297edd0:group-CF2AB5F1198C changes role from CANDIDATE to LEADER at term 1 for changeToLeader
2019-09-12 10:33:34,124 [afdb29cf-c3b8-498d-8640-0d0c0297edd0:group-CF2AB5F1198C:LeaderElection74] INFO  impl.RaftServerImpl (ServerState.java:setLeader(263)) - afdb29cf-c3b8-498d-8640-0d0c0297edd0:group-CF2AB5F1198C change Leader from null to afdb29cf-c3b8-498d-8640-0d0c0297edd0 at term 1 for becomeLeader, leader elected after 5111ms
2019-09-12 10:33:34,124 [afdb29cf-c3b8-498d-8640-0d0c0297edd0:group-CF2AB5F1198C:LeaderElection74] INFO  server.RaftServerConfigKeys (ConfUtils.java:logGet(43)) - raft.server.staging.catchup.gap = 1000 (default)
2019-09-12 10:33:34,124 [afdb29cf-c3b8-498d-8640-0d0c0297edd0:group-CF2AB5F1198C:LeaderElection74] INFO  server.RaftServerConfigKeys (ConfUtils.java:logGet(43)) - raft.server.rpc.sleep.time = 25ms (default)
2019-09-12 10:33:34,124 [afdb29cf-c3b8-498d-8640-0d0c0297edd0:group-CF2AB5F1198C:LeaderElection74] INFO  server.RaftServerConfigKeys (ConfUtils.java:logGet(43)) - raft.server.write.element-limit = 4096 (default)
2019-09-12 10:33:34,124 [afdb29cf-c3b8-498d-8640-0d0c0297edd0:group-CF2AB5F1198C:LeaderElection74] INFO  server.RaftServerConfigKeys (ConfUtils.java:logGet(43)) - raft.server.watch.timeout = 10s (default)
2019-09-12 10:33:34,125 [afdb29cf-c3b8-498d-8640-0d0c0297edd0:group-CF2AB5F1198C:LeaderElection74] INFO  server.RaftServerConfigKeys (ConfUtils.java:logGet(43)) - raft.server.watch.timeout.denomination = 1s (default)
2019-09-12 10:33:34,125 [afdb29cf-c3b8-498d-8640-0d0c0297edd0:group-CF2AB5F1198C:LeaderElection74] INFO  server.RaftServerConfigKeys (ConfUtils.java:logGet(43)) - raft.server.watch.element-limit = 65536 (default)
2019-09-12 10:33:34,126 [afdb29cf-c3b8-498d-8640-0d0c0297edd0:group-CF2AB5F1198C:LeaderElection74] INFO  impl.RoleInfo (RoleInfo.java:updateAndGet(143)) - afdb29cf-c3b8-498d-8640-0d0c0297edd0: start LeaderState
2019-09-12 10:33:34,126 [afdb29cf-c3b8-498d-8640-0d0c0297edd0:group-CF2AB5F1198C:LeaderElection74] INFO  segmented.SegmentedRaftLogWorker (SegmentedRaftLogWorker.java:startLogSegment(380)) - afdb29cf-c3b8-498d-8640-0d0c0297edd0-SegmentedRaftLogWorker:Storage Directory /workdir/hadoop-ozone/integration-test/target/test-dir/MiniOzoneClusterImpl-2d656029-9dde-45a3-b7cd-f2d738c2cb44/datanode-3/data/ratis/fd1bac9f-9015-4d0f-bb59-cf2ab5f1198c: Starting segment from index:0
2019-09-12 10:33:34,126 [afdb29cf-c3b8-498d-8640-0d0c0297edd0:group-CF2AB5F1198C:LeaderElection74] INFO  impl.RaftServerImpl (ServerState.java:setRaftConf(361)) - afdb29cf-c3b8-498d-8640-0d0c0297edd0:group-CF2AB5F1198C set configuration 0: [afdb29cf-c3b8-498d-8640-0d0c0297edd0:192.168.157.195:42480], old=null at 0
2019-09-12 10:33:34,177 [afdb29cf-c3b8-498d-8640-0d0c0297edd0-SegmentedRaftLogWorker:Storage Directory /workdir/hadoop-ozone/integration-test/target/test-dir/MiniOzoneClusterImpl-2d656029-9dde-45a3-b7cd-f2d738c2cb44/datanode-3/data/ratis/fd1bac9f-9015-4d0f-bb59-cf2ab5f1198c] INFO  segmented.SegmentedRaftLogWorker (SegmentedRaftLogWorker.java:execute(569)) - afdb29cf-c3b8-498d-8640-0d0c0297edd0-SegmentedRaftLogWorker:Storage Directory /workdir/hadoop-ozone/integration-test/target/test-dir/MiniOzoneClusterImpl-2d656029-9dde-45a3-b7cd-f2d738c2cb44/datanode-3/data/ratis/fd1bac9f-9015-4d0f-bb59-cf2ab5f1198c: created new log segment /workdir/hadoop-ozone/integration-test/target/test-dir/MiniOzoneClusterImpl-2d656029-9dde-45a3-b7cd-f2d738c2cb44/datanode-3/data/ratis/fd1bac9f-9015-4d0f-bb59-cf2ab5f1198c/current/log_inprogress_0
2019-09-12 10:33:34,258 [Thread-781] INFO  impl.FollowerState (FollowerState.java:run(106)) - 23027111-0173-428f-b853-b511524375b8:group-8A6207B13856 changes to CANDIDATE, lastRpcTime:5138, electionTimeout:5138ms
2019-09-12 10:33:34,258 [Thread-781] INFO  impl.RoleInfo (RoleInfo.java:shutdownFollowerState(121)) - 23027111-0173-428f-b853-b511524375b8: shutdown FollowerState
2019-09-12 10:33:34,258 [Thread-781] INFO  impl.RaftServerImpl (RaftServerImpl.java:setRole(171)) - 23027111-0173-428f-b853-b511524375b8:group-8A6207B13856 changes role from FOLLOWER to CANDIDATE at term 0 for changeToCandidate
2019-09-12 10:33:34,258 [Thread-781] INFO  impl.RoleInfo (RoleInfo.java:updateAndGet(143)) - 23027111-0173-428f-b853-b511524375b8: start LeaderElection
2019-09-12 10:33:34,272 [23027111-0173-428f-b853-b511524375b8:group-8A6207B13856:LeaderElection75] INFO  impl.LeaderElection (LeaderElection.java:askForVotes(181)) - 23027111-0173-428f-b853-b511524375b8:group-8A6207B13856:LeaderElection75: begin an election at term 1 for -1: [23027111-0173-428f-b853-b511524375b8:192.168.157.195:36891], old=null
2019-09-12 10:33:34,272 [23027111-0173-428f-b853-b511524375b8:group-8A6207B13856:LeaderElection75] INFO  impl.RoleInfo (RoleInfo.java:shutdownLeaderElection(134)) - 23027111-0173-428f-b853-b511524375b8: shutdown LeaderElection
2019-09-12 10:33:34,273 [23027111-0173-428f-b853-b511524375b8:group-8A6207B13856:LeaderElection75] INFO  impl.RaftServerImpl (RaftServerImpl.java:setRole(171)) - 23027111-0173-428f-b853-b511524375b8:group-8A6207B13856 changes role from CANDIDATE to LEADER at term 1 for changeToLeader
2019-09-12 10:33:34,273 [23027111-0173-428f-b853-b511524375b8:group-8A6207B13856:LeaderElection75] INFO  impl.RaftServerImpl (ServerState.java:setLeader(263)) - 23027111-0173-428f-b853-b511524375b8:group-8A6207B13856 change Leader from null to 23027111-0173-428f-b853-b511524375b8 at term 1 for becomeLeader, leader elected after 5157ms
2019-09-12 10:33:34,273 [23027111-0173-428f-b853-b511524375b8:group-8A6207B13856:LeaderElection75] INFO  server.RaftServerConfigKeys (ConfUtils.java:logGet(43)) - raft.server.staging.catchup.gap = 1000 (default)
2019-09-12 10:33:34,273 [23027111-0173-428f-b853-b511524375b8:group-8A6207B13856:LeaderElection75] INFO  server.RaftServerConfigKeys (ConfUtils.java:logGet(43)) - raft.server.rpc.sleep.time = 25ms (default)
2019-09-12 10:33:34,273 [23027111-0173-428f-b853-b511524375b8:group-8A6207B13856:LeaderElection75] INFO  server.RaftServerConfigKeys (ConfUtils.java:logGet(43)) - raft.server.write.element-limit = 4096 (default)
2019-09-12 10:33:34,273 [23027111-0173-428f-b853-b511524375b8:group-8A6207B13856:LeaderElection75] INFO  server.RaftServerConfigKeys (ConfUtils.java:logGet(43)) - raft.server.watch.timeout = 10s (default)
2019-09-12 10:33:34,274 [23027111-0173-428f-b853-b511524375b8:group-8A6207B13856:LeaderElection75] INFO  server.RaftServerConfigKeys (ConfUtils.java:logGet(43)) - raft.server.watch.timeout.denomination = 1s (default)
2019-09-12 10:33:34,274 [23027111-0173-428f-b853-b511524375b8:group-8A6207B13856:LeaderElection75] INFO  server.RaftServerConfigKeys (ConfUtils.java:logGet(43)) - raft.server.watch.element-limit = 65536 (default)
2019-09-12 10:33:34,274 [23027111-0173-428f-b853-b511524375b8:group-8A6207B13856:LeaderElection75] INFO  impl.RoleInfo (RoleInfo.java:updateAndGet(143)) - 23027111-0173-428f-b853-b511524375b8: start LeaderState
2019-09-12 10:33:34,274 [23027111-0173-428f-b853-b511524375b8:group-8A6207B13856:LeaderElection75] INFO  segmented.SegmentedRaftLogWorker (SegmentedRaftLogWorker.java:startLogSegment(380)) - 23027111-0173-428f-b853-b511524375b8-SegmentedRaftLogWorker:Storage Directory /workdir/hadoop-ozone/integration-test/target/test-dir/MiniOzoneClusterImpl-2d656029-9dde-45a3-b7cd-f2d738c2cb44/datanode-5/data/ratis/9eaab7cd-262c-4e38-9ca8-8a6207b13856: Starting segment from index:0
2019-09-12 10:33:34,275 [23027111-0173-428f-b853-b511524375b8:group-8A6207B13856:LeaderElection75] INFO  impl.RaftServerImpl (ServerState.java:setRaftConf(361)) - 23027111-0173-428f-b853-b511524375b8:group-8A6207B13856 set configuration 0: [23027111-0173-428f-b853-b511524375b8:192.168.157.195:36891], old=null at 0
2019-09-12 10:33:34,307 [Thread-790] INFO  impl.FollowerState (FollowerState.java:run(106)) - 23027111-0173-428f-b853-b511524375b8:group-C5E5E8531321 changes to CANDIDATE, lastRpcTime:5049, electionTimeout:5049ms
2019-09-12 10:33:34,307 [Thread-790] INFO  impl.RoleInfo (RoleInfo.java:shutdownFollowerState(121)) - 23027111-0173-428f-b853-b511524375b8: shutdown FollowerState
2019-09-12 10:33:34,307 [Thread-790] INFO  impl.RaftServerImpl (RaftServerImpl.java:setRole(171)) - 23027111-0173-428f-b853-b511524375b8:group-C5E5E8531321 changes role from FOLLOWER to CANDIDATE at term 0 for changeToCandidate
2019-09-12 10:33:34,307 [Thread-790] INFO  impl.RoleInfo (RoleInfo.java:updateAndGet(143)) - 23027111-0173-428f-b853-b511524375b8: start LeaderElection
2019-09-12 10:33:34,315 [Thread-784] INFO  impl.FollowerState (FollowerState.java:run(106)) - 2936a8fb-498a-4f06-abab-ab51bafc30e4:group-4C01FE35631A changes to CANDIDATE, lastRpcTime:5143, electionTimeout:5143ms
2019-09-12 10:33:34,315 [Thread-784] INFO  impl.RoleInfo (RoleInfo.java:shutdownFollowerState(121)) - 2936a8fb-498a-4f06-abab-ab51bafc30e4: shutdown FollowerState
2019-09-12 10:33:34,315 [Thread-784] INFO  impl.RaftServerImpl (RaftServerImpl.java:setRole(171)) - 2936a8fb-498a-4f06-abab-ab51bafc30e4:group-4C01FE35631A changes role from FOLLOWER to CANDIDATE at term 0 for changeToCandidate
2019-09-12 10:33:34,315 [Thread-784] INFO  impl.RoleInfo (RoleInfo.java:updateAndGet(143)) - 2936a8fb-498a-4f06-abab-ab51bafc30e4: start LeaderElection
2019-09-12 10:33:34,316 [Thread-787] INFO  impl.FollowerState (FollowerState.java:run(106)) - 2936a8fb-498a-4f06-abab-ab51bafc30e4:group-9693B909AE44 changes to CANDIDATE, lastRpcTime:5101, electionTimeout:5101ms
2019-09-12 10:33:34,317 [Thread-787] INFO  impl.RoleInfo (RoleInfo.java:shutdownFollowerState(121)) - 2936a8fb-498a-4f06-abab-ab51bafc30e4: shutdown FollowerState
2019-09-12 10:33:34,317 [Thread-787] INFO  impl.RaftServerImpl (RaftServerImpl.java:setRole(171)) - 2936a8fb-498a-4f06-abab-ab51bafc30e4:group-9693B909AE44 changes role from FOLLOWER to CANDIDATE at term 0 for changeToCandidate
2019-09-12 10:33:34,317 [Thread-787] INFO  impl.RoleInfo (RoleInfo.java:updateAndGet(143)) - 2936a8fb-498a-4f06-abab-ab51bafc30e4: start LeaderElection
2019-09-12 10:33:34,322 [23027111-0173-428f-b853-b511524375b8-SegmentedRaftLogWorker:Storage Directory /workdir/hadoop-ozone/integration-test/target/test-dir/MiniOzoneClusterImpl-2d656029-9dde-45a3-b7cd-f2d738c2cb44/datanode-5/data/ratis/9eaab7cd-262c-4e38-9ca8-8a6207b13856] INFO  segmented.SegmentedRaftLogWorker (SegmentedRaftLogWorker.java:execute(569)) - 23027111-0173-428f-b853-b511524375b8-SegmentedRaftLogWorker:Storage Directory /workdir/hadoop-ozone/integration-test/target/test-dir/MiniOzoneClusterImpl-2d656029-9dde-45a3-b7cd-f2d738c2cb44/datanode-5/data/ratis/9eaab7cd-262c-4e38-9ca8-8a6207b13856: created new log segment /workdir/hadoop-ozone/integration-test/target/test-dir/MiniOzoneClusterImpl-2d656029-9dde-45a3-b7cd-f2d738c2cb44/datanode-5/data/ratis/9eaab7cd-262c-4e38-9ca8-8a6207b13856/current/log_inprogress_0
2019-09-12 10:33:34,322 [23027111-0173-428f-b853-b511524375b8:group-C5E5E8531321:LeaderElection76] INFO  impl.LeaderElection (LeaderElection.java:askForVotes(181)) - 23027111-0173-428f-b853-b511524375b8:group-C5E5E8531321:LeaderElection76: begin an election at term 1 for -1: [23027111-0173-428f-b853-b511524375b8:192.168.157.195:36891], old=null
2019-09-12 10:33:34,322 [2936a8fb-498a-4f06-abab-ab51bafc30e4:group-9693B909AE44:LeaderElection78] INFO  impl.LeaderElection (LeaderElection.java:askForVotes(181)) - 2936a8fb-498a-4f06-abab-ab51bafc30e4:group-9693B909AE44:LeaderElection78: begin an election at term 1 for -1: [2936a8fb-498a-4f06-abab-ab51bafc30e4:192.168.157.195:46079], old=null
2019-09-12 10:33:34,322 [2936a8fb-498a-4f06-abab-ab51bafc30e4:group-4C01FE35631A:LeaderElection77] INFO  impl.LeaderElection (LeaderElection.java:askForVotes(181)) - 2936a8fb-498a-4f06-abab-ab51bafc30e4:group-4C01FE35631A:LeaderElection77: begin an election at term 1 for -1: [2936a8fb-498a-4f06-abab-ab51bafc30e4:192.168.157.195:46079], old=null
2019-09-12 10:33:34,322 [2936a8fb-498a-4f06-abab-ab51bafc30e4:group-9693B909AE44:LeaderElection78] INFO  impl.RoleInfo (RoleInfo.java:shutdownLeaderElection(134)) - 2936a8fb-498a-4f06-abab-ab51bafc30e4: shutdown LeaderElection
2019-09-12 10:33:34,322 [23027111-0173-428f-b853-b511524375b8:group-C5E5E8531321:LeaderElection76] INFO  impl.RoleInfo (RoleInfo.java:shutdownLeaderElection(134)) - 23027111-0173-428f-b853-b511524375b8: shutdown LeaderElection
2019-09-12 10:33:34,323 [2936a8fb-498a-4f06-abab-ab51bafc30e4:group-9693B909AE44:LeaderElection78] INFO  impl.RaftServerImpl (RaftServerImpl.java:setRole(171)) - 2936a8fb-498a-4f06-abab-ab51bafc30e4:group-9693B909AE44 changes role from CANDIDATE to LEADER at term 1 for changeToLeader
2019-09-12 10:33:34,322 [2936a8fb-498a-4f06-abab-ab51bafc30e4:group-4C01FE35631A:LeaderElection77] INFO  impl.RoleInfo (RoleInfo.java:shutdownLeaderElection(134)) - 2936a8fb-498a-4f06-abab-ab51bafc30e4: shutdown LeaderElection
2019-09-12 10:33:34,323 [2936a8fb-498a-4f06-abab-ab51bafc30e4:group-9693B909AE44:LeaderElection78] INFO  impl.RaftServerImpl (ServerState.java:setLeader(263)) - 2936a8fb-498a-4f06-abab-ab51bafc30e4:group-9693B909AE44 change Leader from null to 2936a8fb-498a-4f06-abab-ab51bafc30e4 at term 1 for becomeLeader, leader elected after 5111ms
2019-09-12 10:33:34,323 [23027111-0173-428f-b853-b511524375b8:group-C5E5E8531321:LeaderElection76] INFO  impl.RaftServerImpl (RaftServerImpl.java:setRole(171)) - 23027111-0173-428f-b853-b511524375b8:group-C5E5E8531321 changes role from CANDIDATE to LEADER at term 1 for changeToLeader
2019-09-12 10:33:34,323 [2936a8fb-498a-4f06-abab-ab51bafc30e4:group-4C01FE35631A:LeaderElection77] INFO  impl.RaftServerImpl (RaftServerImpl.java:setRole(171)) - 2936a8fb-498a-4f06-abab-ab51bafc30e4:group-4C01FE35631A changes role from CANDIDATE to LEADER at term 1 for changeToLeader
2019-09-12 10:33:34,327 [23027111-0173-428f-b853-b511524375b8:group-C5E5E8531321:LeaderElection76] INFO  impl.RaftServerImpl (ServerState.java:setLeader(263)) - 23027111-0173-428f-b853-b511524375b8:group-C5E5E8531321 change Leader from null to 23027111-0173-428f-b853-b511524375b8 at term 1 for becomeLeader, leader elected after 5072ms
2019-09-12 10:33:34,327 [2936a8fb-498a-4f06-abab-ab51bafc30e4:group-9693B909AE44:LeaderElection78] INFO  server.RaftServerConfigKeys (ConfUtils.java:logGet(43)) - raft.server.staging.catchup.gap = 1000 (default)
2019-09-12 10:33:34,327 [23027111-0173-428f-b853-b511524375b8:group-C5E5E8531321:LeaderElection76] INFO  server.RaftServerConfigKeys (ConfUtils.java:logGet(43)) - raft.server.staging.catchup.gap = 1000 (default)
2019-09-12 10:33:34,327 [2936a8fb-498a-4f06-abab-ab51bafc30e4:group-4C01FE35631A:LeaderElection77] INFO  impl.RaftServerImpl (ServerState.java:setLeader(263)) - 2936a8fb-498a-4f06-abab-ab51bafc30e4:group-4C01FE35631A change Leader from null to 2936a8fb-498a-4f06-abab-ab51bafc30e4 at term 1 for becomeLeader, leader elected after 5160ms
2019-09-12 10:33:34,328 [23027111-0173-428f-b853-b511524375b8:group-C5E5E8531321:LeaderElection76] INFO  server.RaftServerConfigKeys (ConfUtils.java:logGet(43)) - raft.server.rpc.sleep.time = 25ms (default)
2019-09-12 10:33:34,328 [2936a8fb-498a-4f06-abab-ab51bafc30e4:group-9693B909AE44:LeaderElection78] INFO  server.RaftServerConfigKeys (ConfUtils.java:logGet(43)) - raft.server.rpc.sleep.time = 25ms (default)
2019-09-12 10:33:34,328 [23027111-0173-428f-b853-b511524375b8:group-C5E5E8531321:LeaderElection76] INFO  server.RaftServerConfigKeys (ConfUtils.java:logGet(43)) - raft.server.write.element-limit = 4096 (default)
2019-09-12 10:33:34,328 [2936a8fb-498a-4f06-abab-ab51bafc30e4:group-4C01FE35631A:LeaderElection77] INFO  server.RaftServerConfigKeys (ConfUtils.java:logGet(43)) - raft.server.staging.catchup.gap = 1000 (default)
2019-09-12 10:33:34,329 [23027111-0173-428f-b853-b511524375b8:group-C5E5E8531321:LeaderElection76] INFO  server.RaftServerConfigKeys (ConfUtils.java:logGet(43)) - raft.server.watch.timeout = 10s (default)
2019-09-12 10:33:34,329 [23027111-0173-428f-b853-b511524375b8:group-C5E5E8531321:LeaderElection76] INFO  server.RaftServerConfigKeys (ConfUtils.java:logGet(43)) - raft.server.watch.timeout.denomination = 1s (default)
2019-09-12 10:33:34,328 [2936a8fb-498a-4f06-abab-ab51bafc30e4:group-9693B909AE44:LeaderElection78] INFO  server.RaftServerConfigKeys (ConfUtils.java:logGet(43)) - raft.server.write.element-limit = 4096 (default)
2019-09-12 10:33:34,329 [23027111-0173-428f-b853-b511524375b8:group-C5E5E8531321:LeaderElection76] INFO  server.RaftServerConfigKeys (ConfUtils.java:logGet(43)) - raft.server.watch.element-limit = 65536 (default)
2019-09-12 10:33:34,329 [2936a8fb-498a-4f06-abab-ab51bafc30e4:group-4C01FE35631A:LeaderElection77] INFO  server.RaftServerConfigKeys (ConfUtils.java:logGet(43)) - raft.server.rpc.sleep.time = 25ms (default)
2019-09-12 10:33:34,329 [23027111-0173-428f-b853-b511524375b8:group-C5E5E8531321:LeaderElection76] INFO  impl.RoleInfo (RoleInfo.java:updateAndGet(143)) - 23027111-0173-428f-b853-b511524375b8: start LeaderState
2019-09-12 10:33:34,329 [2936a8fb-498a-4f06-abab-ab51bafc30e4:group-9693B909AE44:LeaderElection78] INFO  server.RaftServerConfigKeys (ConfUtils.java:logGet(43)) - raft.server.watch.timeout = 10s (default)
2019-09-12 10:33:34,330 [23027111-0173-428f-b853-b511524375b8:group-C5E5E8531321:LeaderElection76] INFO  segmented.SegmentedRaftLogWorker (SegmentedRaftLogWorker.java:startLogSegment(380)) - 23027111-0173-428f-b853-b511524375b8-SegmentedRaftLogWorker:Storage Directory /workdir/hadoop-ozone/integration-test/target/test-dir/MiniOzoneClusterImpl-2d656029-9dde-45a3-b7cd-f2d738c2cb44/datanode-5/data/ratis/1dabbe64-4953-48a6-98f1-c5e5e8531321: Starting segment from index:0
2019-09-12 10:33:34,330 [2936a8fb-498a-4f06-abab-ab51bafc30e4:group-4C01FE35631A:LeaderElection77] INFO  server.RaftServerConfigKeys (ConfUtils.java:logGet(43)) - raft.server.write.element-limit = 4096 (default)
2019-09-12 10:33:34,330 [2936a8fb-498a-4f06-abab-ab51bafc30e4:group-9693B909AE44:LeaderElection78] INFO  server.RaftServerConfigKeys (ConfUtils.java:logGet(43)) - raft.server.watch.timeout.denomination = 1s (default)
2019-09-12 10:33:34,331 [23027111-0173-428f-b853-b511524375b8:group-C5E5E8531321:LeaderElection76] INFO  impl.RaftServerImpl (ServerState.java:setRaftConf(361)) - 23027111-0173-428f-b853-b511524375b8:group-C5E5E8531321 set configuration 0: [23027111-0173-428f-b853-b511524375b8:192.168.157.195:36891], old=null at 0
2019-09-12 10:33:34,330 [2936a8fb-498a-4f06-abab-ab51bafc30e4:group-4C01FE35631A:LeaderElection77] INFO  server.RaftServerConfigKeys (ConfUtils.java:logGet(43)) - raft.server.watch.timeout = 10s (default)
2019-09-12 10:33:34,331 [2936a8fb-498a-4f06-abab-ab51bafc30e4:group-9693B909AE44:LeaderElection78] INFO  server.RaftServerConfigKeys (ConfUtils.java:logGet(43)) - raft.server.watch.element-limit = 65536 (default)
2019-09-12 10:33:34,331 [2936a8fb-498a-4f06-abab-ab51bafc30e4:group-4C01FE35631A:LeaderElection77] INFO  server.RaftServerConfigKeys (ConfUtils.java:logGet(43)) - raft.server.watch.timeout.denomination = 1s (default)
2019-09-12 10:33:34,331 [2936a8fb-498a-4f06-abab-ab51bafc30e4:group-4C01FE35631A:LeaderElection77] INFO  server.RaftServerConfigKeys (ConfUtils.java:logGet(43)) - raft.server.watch.element-limit = 65536 (default)
2019-09-12 10:33:34,331 [2936a8fb-498a-4f06-abab-ab51bafc30e4:group-9693B909AE44:LeaderElection78] INFO  impl.RoleInfo (RoleInfo.java:updateAndGet(143)) - 2936a8fb-498a-4f06-abab-ab51bafc30e4: start LeaderState
2019-09-12 10:33:34,332 [2936a8fb-498a-4f06-abab-ab51bafc30e4:group-4C01FE35631A:LeaderElection77] INFO  impl.RoleInfo (RoleInfo.java:updateAndGet(143)) - 2936a8fb-498a-4f06-abab-ab51bafc30e4: start LeaderState
2019-09-12 10:33:34,332 [2936a8fb-498a-4f06-abab-ab51bafc30e4:group-9693B909AE44:LeaderElection78] INFO  segmented.SegmentedRaftLogWorker (SegmentedRaftLogWorker.java:startLogSegment(380)) - 2936a8fb-498a-4f06-abab-ab51bafc30e4-SegmentedRaftLogWorker:Storage Directory /workdir/hadoop-ozone/integration-test/target/test-dir/MiniOzoneClusterImpl-2d656029-9dde-45a3-b7cd-f2d738c2cb44/datanode-6/data/ratis/e77bd86d-9ca3-489f-a048-9693b909ae44: Starting segment from index:0
2019-09-12 10:33:34,332 [2936a8fb-498a-4f06-abab-ab51bafc30e4:group-4C01FE35631A:LeaderElection77] INFO  segmented.SegmentedRaftLogWorker (SegmentedRaftLogWorker.java:startLogSegment(380)) - 2936a8fb-498a-4f06-abab-ab51bafc30e4-SegmentedRaftLogWorker:Storage Directory /workdir/hadoop-ozone/integration-test/target/test-dir/MiniOzoneClusterImpl-2d656029-9dde-45a3-b7cd-f2d738c2cb44/datanode-6/data/ratis/21261f97-3d75-4d7e-847d-4c01fe35631a: Starting segment from index:0
2019-09-12 10:33:34,332 [2936a8fb-498a-4f06-abab-ab51bafc30e4:group-9693B909AE44:LeaderElection78] INFO  impl.RaftServerImpl (ServerState.java:setRaftConf(361)) - 2936a8fb-498a-4f06-abab-ab51bafc30e4:group-9693B909AE44 set configuration 0: [2936a8fb-498a-4f06-abab-ab51bafc30e4:192.168.157.195:46079], old=null at 0
2019-09-12 10:33:34,333 [2936a8fb-498a-4f06-abab-ab51bafc30e4:group-4C01FE35631A:LeaderElection77] INFO  impl.RaftServerImpl (ServerState.java:setRaftConf(361)) - 2936a8fb-498a-4f06-abab-ab51bafc30e4:group-4C01FE35631A set configuration 0: [2936a8fb-498a-4f06-abab-ab51bafc30e4:192.168.157.195:46079], old=null at 0
2019-09-12 10:33:34,380 [2936a8fb-498a-4f06-abab-ab51bafc30e4-SegmentedRaftLogWorker:Storage Directory /workdir/hadoop-ozone/integration-test/target/test-dir/MiniOzoneClusterImpl-2d656029-9dde-45a3-b7cd-f2d738c2cb44/datanode-6/data/ratis/e77bd86d-9ca3-489f-a048-9693b909ae44] INFO  segmented.SegmentedRaftLogWorker (SegmentedRaftLogWorker.java:execute(569)) - 2936a8fb-498a-4f06-abab-ab51bafc30e4-SegmentedRaftLogWorker:Storage Directory /workdir/hadoop-ozone/integration-test/target/test-dir/MiniOzoneClusterImpl-2d656029-9dde-45a3-b7cd-f2d738c2cb44/datanode-6/data/ratis/e77bd86d-9ca3-489f-a048-9693b909ae44: created new log segment /workdir/hadoop-ozone/integration-test/target/test-dir/MiniOzoneClusterImpl-2d656029-9dde-45a3-b7cd-f2d738c2cb44/datanode-6/data/ratis/e77bd86d-9ca3-489f-a048-9693b909ae44/current/log_inprogress_0
2019-09-12 10:33:34,380 [23027111-0173-428f-b853-b511524375b8-SegmentedRaftLogWorker:Storage Directory /workdir/hadoop-ozone/integration-test/target/test-dir/MiniOzoneClusterImpl-2d656029-9dde-45a3-b7cd-f2d738c2cb44/datanode-5/data/ratis/1dabbe64-4953-48a6-98f1-c5e5e8531321] INFO  segmented.SegmentedRaftLogWorker (SegmentedRaftLogWorker.java:execute(569)) - 23027111-0173-428f-b853-b511524375b8-SegmentedRaftLogWorker:Storage Directory /workdir/hadoop-ozone/integration-test/target/test-dir/MiniOzoneClusterImpl-2d656029-9dde-45a3-b7cd-f2d738c2cb44/datanode-5/data/ratis/1dabbe64-4953-48a6-98f1-c5e5e8531321: created new log segment /workdir/hadoop-ozone/integration-test/target/test-dir/MiniOzoneClusterImpl-2d656029-9dde-45a3-b7cd-f2d738c2cb44/datanode-5/data/ratis/1dabbe64-4953-48a6-98f1-c5e5e8531321/current/log_inprogress_0
2019-09-12 10:33:34,380 [2936a8fb-498a-4f06-abab-ab51bafc30e4-SegmentedRaftLogWorker:Storage Directory /workdir/hadoop-ozone/integration-test/target/test-dir/MiniOzoneClusterImpl-2d656029-9dde-45a3-b7cd-f2d738c2cb44/datanode-6/data/ratis/21261f97-3d75-4d7e-847d-4c01fe35631a] INFO  segmented.SegmentedRaftLogWorker (SegmentedRaftLogWorker.java:execute(569)) - 2936a8fb-498a-4f06-abab-ab51bafc30e4-SegmentedRaftLogWorker:Storage Directory /workdir/hadoop-ozone/integration-test/target/test-dir/MiniOzoneClusterImpl-2d656029-9dde-45a3-b7cd-f2d738c2cb44/datanode-6/data/ratis/21261f97-3d75-4d7e-847d-4c01fe35631a: created new log segment /workdir/hadoop-ozone/integration-test/target/test-dir/MiniOzoneClusterImpl-2d656029-9dde-45a3-b7cd-f2d738c2cb44/datanode-6/data/ratis/21261f97-3d75-4d7e-847d-4c01fe35631a/current/log_inprogress_0
2019-09-12 10:33:34,457 [Thread-799] INFO  impl.FollowerState (FollowerState.java:run(106)) - 23027111-0173-428f-b853-b511524375b8:group-1DAD131FEAB0 changes to CANDIDATE, lastRpcTime:5047, electionTimeout:5047ms
2019-09-12 10:33:34,457 [Thread-799] INFO  impl.RoleInfo (RoleInfo.java:shutdownFollowerState(121)) - 23027111-0173-428f-b853-b511524375b8: shutdown FollowerState
2019-09-12 10:33:34,457 [Thread-799] INFO  impl.RaftServerImpl (RaftServerImpl.java:setRole(171)) - 23027111-0173-428f-b853-b511524375b8:group-1DAD131FEAB0 changes role from FOLLOWER to CANDIDATE at term 0 for changeToCandidate
2019-09-12 10:33:34,458 [Thread-799] INFO  impl.RoleInfo (RoleInfo.java:updateAndGet(143)) - 23027111-0173-428f-b853-b511524375b8: start LeaderElection
2019-09-12 10:33:34,468 [Thread-793] INFO  impl.FollowerState (FollowerState.java:run(106)) - 2936a8fb-498a-4f06-abab-ab51bafc30e4:group-A86602F96AAB changes to CANDIDATE, lastRpcTime:5171, electionTimeout:5171ms
2019-09-12 10:33:34,468 [Thread-793] INFO  impl.RoleInfo (RoleInfo.java:shutdownFollowerState(121)) - 2936a8fb-498a-4f06-abab-ab51bafc30e4: shutdown FollowerState
2019-09-12 10:33:34,468 [Thread-793] INFO  impl.RaftServerImpl (RaftServerImpl.java:setRole(171)) - 2936a8fb-498a-4f06-abab-ab51bafc30e4:group-A86602F96AAB changes role from FOLLOWER to CANDIDATE at term 0 for changeToCandidate
2019-09-12 10:33:34,468 [Thread-793] INFO  impl.RoleInfo (RoleInfo.java:updateAndGet(143)) - 2936a8fb-498a-4f06-abab-ab51bafc30e4: start LeaderElection
2019-09-12 10:33:34,470 | INFO  | SCMAudit | user=jenkins1000 | ip=192.168.157.195 | op=SEND_HEARTBEAT {datanodeUUID=010b2855-0e1d-4bbd-b76a-4560f989b9a3, command=[]} | ret=SUCCESS |  
2019-09-12 10:33:34,484 [2936a8fb-498a-4f06-abab-ab51bafc30e4:group-A86602F96AAB:LeaderElection80] INFO  impl.LeaderElection (LeaderElection.java:askForVotes(181)) - 2936a8fb-498a-4f06-abab-ab51bafc30e4:group-A86602F96AAB:LeaderElection80: begin an election at term 1 for -1: [2936a8fb-498a-4f06-abab-ab51bafc30e4:192.168.157.195:46079], old=null
2019-09-12 10:33:34,484 [23027111-0173-428f-b853-b511524375b8:group-1DAD131FEAB0:LeaderElection79] INFO  impl.LeaderElection (LeaderElection.java:askForVotes(181)) - 23027111-0173-428f-b853-b511524375b8:group-1DAD131FEAB0:LeaderElection79: begin an election at term 1 for -1: [23027111-0173-428f-b853-b511524375b8:192.168.157.195:36891], old=null
2019-09-12 10:33:34,484 [2936a8fb-498a-4f06-abab-ab51bafc30e4:group-A86602F96AAB:LeaderElection80] INFO  impl.RoleInfo (RoleInfo.java:shutdownLeaderElection(134)) - 2936a8fb-498a-4f06-abab-ab51bafc30e4: shutdown LeaderElection
2019-09-12 10:33:34,484 [23027111-0173-428f-b853-b511524375b8:group-1DAD131FEAB0:LeaderElection79] INFO  impl.RoleInfo (RoleInfo.java:shutdownLeaderElection(134)) - 23027111-0173-428f-b853-b511524375b8: shutdown LeaderElection
2019-09-12 10:33:34,484 [2936a8fb-498a-4f06-abab-ab51bafc30e4:group-A86602F96AAB:LeaderElection80] INFO  impl.RaftServerImpl (RaftServerImpl.java:setRole(171)) - 2936a8fb-498a-4f06-abab-ab51bafc30e4:group-A86602F96AAB changes role from CANDIDATE to LEADER at term 1 for changeToLeader
2019-09-12 10:33:34,484 [23027111-0173-428f-b853-b511524375b8:group-1DAD131FEAB0:LeaderElection79] INFO  impl.RaftServerImpl (RaftServerImpl.java:setRole(171)) - 23027111-0173-428f-b853-b511524375b8:group-1DAD131FEAB0 changes role from CANDIDATE to LEADER at term 1 for changeToLeader
2019-09-12 10:33:34,484 [2936a8fb-498a-4f06-abab-ab51bafc30e4:group-A86602F96AAB:LeaderElection80] INFO  impl.RaftServerImpl (ServerState.java:setLeader(263)) - 2936a8fb-498a-4f06-abab-ab51bafc30e4:group-A86602F96AAB change Leader from null to 2936a8fb-498a-4f06-abab-ab51bafc30e4 at term 1 for becomeLeader, leader elected after 5190ms
2019-09-12 10:33:34,484 [23027111-0173-428f-b853-b511524375b8:group-1DAD131FEAB0:LeaderElection79] INFO  impl.RaftServerImpl (ServerState.java:setLeader(263)) - 23027111-0173-428f-b853-b511524375b8:group-1DAD131FEAB0 change Leader from null to 23027111-0173-428f-b853-b511524375b8 at term 1 for becomeLeader, leader elected after 5079ms
2019-09-12 10:33:34,485 [2936a8fb-498a-4f06-abab-ab51bafc30e4:group-A86602F96AAB:LeaderElection80] INFO  server.RaftServerConfigKeys (ConfUtils.java:logGet(43)) - raft.server.staging.catchup.gap = 1000 (default)
2019-09-12 10:33:34,485 [23027111-0173-428f-b853-b511524375b8:group-1DAD131FEAB0:LeaderElection79] INFO  server.RaftServerConfigKeys (ConfUtils.java:logGet(43)) - raft.server.staging.catchup.gap = 1000 (default)
2019-09-12 10:33:34,485 [2936a8fb-498a-4f06-abab-ab51bafc30e4:group-A86602F96AAB:LeaderElection80] INFO  server.RaftServerConfigKeys (ConfUtils.java:logGet(43)) - raft.server.rpc.sleep.time = 25ms (default)
2019-09-12 10:33:34,485 [23027111-0173-428f-b853-b511524375b8:group-1DAD131FEAB0:LeaderElection79] INFO  server.RaftServerConfigKeys (ConfUtils.java:logGet(43)) - raft.server.rpc.sleep.time = 25ms (default)
2019-09-12 10:33:34,485 [2936a8fb-498a-4f06-abab-ab51bafc30e4:group-A86602F96AAB:LeaderElection80] INFO  server.RaftServerConfigKeys (ConfUtils.java:logGet(43)) - raft.server.write.element-limit = 4096 (default)
2019-09-12 10:33:34,485 [23027111-0173-428f-b853-b511524375b8:group-1DAD131FEAB0:LeaderElection79] INFO  server.RaftServerConfigKeys (ConfUtils.java:logGet(43)) - raft.server.write.element-limit = 4096 (default)
2019-09-12 10:33:34,485 [2936a8fb-498a-4f06-abab-ab51bafc30e4:group-A86602F96AAB:LeaderElection80] INFO  server.RaftServerConfigKeys (ConfUtils.java:logGet(43)) - raft.server.watch.timeout = 10s (default)
2019-09-12 10:33:34,486 [23027111-0173-428f-b853-b511524375b8:group-1DAD131FEAB0:LeaderElection79] INFO  server.RaftServerConfigKeys (ConfUtils.java:logGet(43)) - raft.server.watch.timeout = 10s (default)
2019-09-12 10:33:34,486 [2936a8fb-498a-4f06-abab-ab51bafc30e4:group-A86602F96AAB:LeaderElection80] INFO  server.RaftServerConfigKeys (ConfUtils.java:logGet(43)) - raft.server.watch.timeout.denomination = 1s (default)
2019-09-12 10:33:34,486 [23027111-0173-428f-b853-b511524375b8:group-1DAD131FEAB0:LeaderElection79] INFO  server.RaftServerConfigKeys (ConfUtils.java:logGet(43)) - raft.server.watch.timeout.denomination = 1s (default)
2019-09-12 10:33:34,486 [2936a8fb-498a-4f06-abab-ab51bafc30e4:group-A86602F96AAB:LeaderElection80] INFO  server.RaftServerConfigKeys (ConfUtils.java:logGet(43)) - raft.server.watch.element-limit = 65536 (default)
2019-09-12 10:33:34,486 [23027111-0173-428f-b853-b511524375b8:group-1DAD131FEAB0:LeaderElection79] INFO  server.RaftServerConfigKeys (ConfUtils.java:logGet(43)) - raft.server.watch.element-limit = 65536 (default)
2019-09-12 10:33:34,486 [2936a8fb-498a-4f06-abab-ab51bafc30e4:group-A86602F96AAB:LeaderElection80] INFO  impl.RoleInfo (RoleInfo.java:updateAndGet(143)) - 2936a8fb-498a-4f06-abab-ab51bafc30e4: start LeaderState
2019-09-12 10:33:34,487 [23027111-0173-428f-b853-b511524375b8:group-1DAD131FEAB0:LeaderElection79] INFO  impl.RoleInfo (RoleInfo.java:updateAndGet(143)) - 23027111-0173-428f-b853-b511524375b8: start LeaderState
2019-09-12 10:33:34,487 [2936a8fb-498a-4f06-abab-ab51bafc30e4:group-A86602F96AAB:LeaderElection80] INFO  segmented.SegmentedRaftLogWorker (SegmentedRaftLogWorker.java:startLogSegment(380)) - 2936a8fb-498a-4f06-abab-ab51bafc30e4-SegmentedRaftLogWorker:Storage Directory /workdir/hadoop-ozone/integration-test/target/test-dir/MiniOzoneClusterImpl-2d656029-9dde-45a3-b7cd-f2d738c2cb44/datanode-6/data/ratis/05b9edad-27f9-4da5-a135-a86602f96aab: Starting segment from index:0
2019-09-12 10:33:34,487 [23027111-0173-428f-b853-b511524375b8:group-1DAD131FEAB0:LeaderElection79] INFO  segmented.SegmentedRaftLogWorker (SegmentedRaftLogWorker.java:startLogSegment(380)) - 23027111-0173-428f-b853-b511524375b8-SegmentedRaftLogWorker:Storage Directory /workdir/hadoop-ozone/integration-test/target/test-dir/MiniOzoneClusterImpl-2d656029-9dde-45a3-b7cd-f2d738c2cb44/datanode-5/data/ratis/2c6baf06-81d7-48ed-b356-1dad131feab0: Starting segment from index:0
2019-09-12 10:33:34,487 [2936a8fb-498a-4f06-abab-ab51bafc30e4:group-A86602F96AAB:LeaderElection80] INFO  impl.RaftServerImpl (ServerState.java:setRaftConf(361)) - 2936a8fb-498a-4f06-abab-ab51bafc30e4:group-A86602F96AAB set configuration 0: [2936a8fb-498a-4f06-abab-ab51bafc30e4:192.168.157.195:46079], old=null at 0
2019-09-12 10:33:34,488 [23027111-0173-428f-b853-b511524375b8:group-1DAD131FEAB0:LeaderElection79] INFO  impl.RaftServerImpl (ServerState.java:setRaftConf(361)) - 23027111-0173-428f-b853-b511524375b8:group-1DAD131FEAB0 set configuration 0: [23027111-0173-428f-b853-b511524375b8:192.168.157.195:36891], old=null at 0
2019-09-12 10:33:34,515 [Thread-796] INFO  impl.FollowerState (FollowerState.java:run(106)) - 23027111-0173-428f-b853-b511524375b8:group-ED964EC946C6 changes to CANDIDATE, lastRpcTime:5155, electionTimeout:5155ms
2019-09-12 10:33:34,515 [Thread-796] INFO  impl.RoleInfo (RoleInfo.java:shutdownFollowerState(121)) - 23027111-0173-428f-b853-b511524375b8: shutdown FollowerState
2019-09-12 10:33:34,515 [Thread-796] INFO  impl.RaftServerImpl (RaftServerImpl.java:setRole(171)) - 23027111-0173-428f-b853-b511524375b8:group-ED964EC946C6 changes role from FOLLOWER to CANDIDATE at term 0 for changeToCandidate
2019-09-12 10:33:34,515 [Thread-796] INFO  impl.RoleInfo (RoleInfo.java:updateAndGet(143)) - 23027111-0173-428f-b853-b511524375b8: start LeaderElection
2019-09-12 10:33:34,525 [Thread-802] INFO  impl.FollowerState (FollowerState.java:run(106)) - 2936a8fb-498a-4f06-abab-ab51bafc30e4:group-99D3E23DEEC0 changes to CANDIDATE, lastRpcTime:5071, electionTimeout:5071ms
2019-09-12 10:33:34,525 [Thread-802] INFO  impl.RoleInfo (RoleInfo.java:shutdownFollowerState(121)) - 2936a8fb-498a-4f06-abab-ab51bafc30e4: shutdown FollowerState
2019-09-12 10:33:34,525 [Thread-802] INFO  impl.RaftServerImpl (RaftServerImpl.java:setRole(171)) - 2936a8fb-498a-4f06-abab-ab51bafc30e4:group-99D3E23DEEC0 changes role from FOLLOWER to CANDIDATE at term 0 for changeToCandidate
2019-09-12 10:33:34,525 [Thread-802] INFO  impl.RoleInfo (RoleInfo.java:updateAndGet(143)) - 2936a8fb-498a-4f06-abab-ab51bafc30e4: start LeaderElection
2019-09-12 10:33:34,530 [2936a8fb-498a-4f06-abab-ab51bafc30e4:group-99D3E23DEEC0:LeaderElection82] INFO  impl.LeaderElection (LeaderElection.java:askForVotes(181)) - 2936a8fb-498a-4f06-abab-ab51bafc30e4:group-99D3E23DEEC0:LeaderElection82: begin an election at term 1 for -1: [2936a8fb-498a-4f06-abab-ab51bafc30e4:192.168.157.195:46079], old=null
2019-09-12 10:33:34,530 [23027111-0173-428f-b853-b511524375b8:group-ED964EC946C6:LeaderElection81] INFO  impl.LeaderElection (LeaderElection.java:askForVotes(181)) - 23027111-0173-428f-b853-b511524375b8:group-ED964EC946C6:LeaderElection81: begin an election at term 1 for -1: [23027111-0173-428f-b853-b511524375b8:192.168.157.195:36891], old=null
2019-09-12 10:33:34,530 [2936a8fb-498a-4f06-abab-ab51bafc30e4:group-99D3E23DEEC0:LeaderElection82] INFO  impl.RoleInfo (RoleInfo.java:shutdownLeaderElection(134)) - 2936a8fb-498a-4f06-abab-ab51bafc30e4: shutdown LeaderElection
2019-09-12 10:33:34,530 [23027111-0173-428f-b853-b511524375b8:group-ED964EC946C6:LeaderElection81] INFO  impl.RoleInfo (RoleInfo.java:shutdownLeaderElection(134)) - 23027111-0173-428f-b853-b511524375b8: shutdown LeaderElection
2019-09-12 10:33:34,530 [2936a8fb-498a-4f06-abab-ab51bafc30e4:group-99D3E23DEEC0:LeaderElection82] INFO  impl.RaftServerImpl (RaftServerImpl.java:setRole(171)) - 2936a8fb-498a-4f06-abab-ab51bafc30e4:group-99D3E23DEEC0 changes role from CANDIDATE to LEADER at term 1 for changeToLeader
2019-09-12 10:33:34,530 [23027111-0173-428f-b853-b511524375b8:group-ED964EC946C6:LeaderElection81] INFO  impl.RaftServerImpl (RaftServerImpl.java:setRole(171)) - 23027111-0173-428f-b853-b511524375b8:group-ED964EC946C6 changes role from CANDIDATE to LEADER at term 1 for changeToLeader
2019-09-12 10:33:34,530 [2936a8fb-498a-4f06-abab-ab51bafc30e4:group-99D3E23DEEC0:LeaderElection82] INFO  impl.RaftServerImpl (ServerState.java:setLeader(263)) - 2936a8fb-498a-4f06-abab-ab51bafc30e4:group-99D3E23DEEC0 change Leader from null to 2936a8fb-498a-4f06-abab-ab51bafc30e4 at term 1 for becomeLeader, leader elected after 5080ms
2019-09-12 10:33:34,531 [23027111-0173-428f-b853-b511524375b8:group-ED964EC946C6:LeaderElection81] INFO  impl.RaftServerImpl (ServerState.java:setLeader(263)) - 23027111-0173-428f-b853-b511524375b8:group-ED964EC946C6 change Leader from null to 23027111-0173-428f-b853-b511524375b8 at term 1 for becomeLeader, leader elected after 5177ms
2019-09-12 10:33:34,531 [2936a8fb-498a-4f06-abab-ab51bafc30e4:group-99D3E23DEEC0:LeaderElection82] INFO  server.RaftServerConfigKeys (ConfUtils.java:logGet(43)) - raft.server.staging.catchup.gap = 1000 (default)
2019-09-12 10:33:34,531 [23027111-0173-428f-b853-b511524375b8:group-ED964EC946C6:LeaderElection81] INFO  server.RaftServerConfigKeys (ConfUtils.java:logGet(43)) - raft.server.staging.catchup.gap = 1000 (default)
2019-09-12 10:33:34,531 [2936a8fb-498a-4f06-abab-ab51bafc30e4:group-99D3E23DEEC0:LeaderElection82] INFO  server.RaftServerConfigKeys (ConfUtils.java:logGet(43)) - raft.server.rpc.sleep.time = 25ms (default)
2019-09-12 10:33:34,531 [23027111-0173-428f-b853-b511524375b8:group-ED964EC946C6:LeaderElection81] INFO  server.RaftServerConfigKeys (ConfUtils.java:logGet(43)) - raft.server.rpc.sleep.time = 25ms (default)
2019-09-12 10:33:34,531 [2936a8fb-498a-4f06-abab-ab51bafc30e4:group-99D3E23DEEC0:LeaderElection82] INFO  server.RaftServerConfigKeys (ConfUtils.java:logGet(43)) - raft.server.write.element-limit = 4096 (default)
2019-09-12 10:33:34,531 [23027111-0173-428f-b853-b511524375b8:group-ED964EC946C6:LeaderElection81] INFO  server.RaftServerConfigKeys (ConfUtils.java:logGet(43)) - raft.server.write.element-limit = 4096 (default)
2019-09-12 10:33:34,532 [2936a8fb-498a-4f06-abab-ab51bafc30e4:group-99D3E23DEEC0:LeaderElection82] INFO  server.RaftServerConfigKeys (ConfUtils.java:logGet(43)) - raft.server.watch.timeout = 10s (default)
2019-09-12 10:33:34,532 [23027111-0173-428f-b853-b511524375b8:group-ED964EC946C6:LeaderElection81] INFO  server.RaftServerConfigKeys (ConfUtils.java:logGet(43)) - raft.server.watch.timeout = 10s (default)
2019-09-12 10:33:34,532 [2936a8fb-498a-4f06-abab-ab51bafc30e4:group-99D3E23DEEC0:LeaderElection82] INFO  server.RaftServerConfigKeys (ConfUtils.java:logGet(43)) - raft.server.watch.timeout.denomination = 1s (default)
2019-09-12 10:33:34,532 [23027111-0173-428f-b853-b511524375b8:group-ED964EC946C6:LeaderElection81] INFO  server.RaftServerConfigKeys (ConfUtils.java:logGet(43)) - raft.server.watch.timeout.denomination = 1s (default)
2019-09-12 10:33:34,532 [2936a8fb-498a-4f06-abab-ab51bafc30e4:group-99D3E23DEEC0:LeaderElection82] INFO  server.RaftServerConfigKeys (ConfUtils.java:logGet(43)) - raft.server.watch.element-limit = 65536 (default)
2019-09-12 10:33:34,532 [23027111-0173-428f-b853-b511524375b8:group-ED964EC946C6:LeaderElection81] INFO  server.RaftServerConfigKeys (ConfUtils.java:logGet(43)) - raft.server.watch.element-limit = 65536 (default)
2019-09-12 10:33:34,533 [2936a8fb-498a-4f06-abab-ab51bafc30e4:group-99D3E23DEEC0:LeaderElection82] INFO  impl.RoleInfo (RoleInfo.java:updateAndGet(143)) - 2936a8fb-498a-4f06-abab-ab51bafc30e4: start LeaderState
2019-09-12 10:33:34,533 [23027111-0173-428f-b853-b511524375b8:group-ED964EC946C6:LeaderElection81] INFO  impl.RoleInfo (RoleInfo.java:updateAndGet(143)) - 23027111-0173-428f-b853-b511524375b8: start LeaderState
2019-09-12 10:33:34,533 [2936a8fb-498a-4f06-abab-ab51bafc30e4:group-99D3E23DEEC0:LeaderElection82] INFO  segmented.SegmentedRaftLogWorker (SegmentedRaftLogWorker.java:startLogSegment(380)) - 2936a8fb-498a-4f06-abab-ab51bafc30e4-SegmentedRaftLogWorker:Storage Directory /workdir/hadoop-ozone/integration-test/target/test-dir/MiniOzoneClusterImpl-2d656029-9dde-45a3-b7cd-f2d738c2cb44/datanode-6/data/ratis/c392bb4c-a0e9-487e-bf74-99d3e23deec0: Starting segment from index:0
2019-09-12 10:33:34,533 [23027111-0173-428f-b853-b511524375b8:group-ED964EC946C6:LeaderElection81] INFO  segmented.SegmentedRaftLogWorker (SegmentedRaftLogWorker.java:startLogSegment(380)) - 23027111-0173-428f-b853-b511524375b8-SegmentedRaftLogWorker:Storage Directory /workdir/hadoop-ozone/integration-test/target/test-dir/MiniOzoneClusterImpl-2d656029-9dde-45a3-b7cd-f2d738c2cb44/datanode-5/data/ratis/c7be3851-615c-40d8-bc10-ed964ec946c6: Starting segment from index:0
2019-09-12 10:33:34,533 [2936a8fb-498a-4f06-abab-ab51bafc30e4:group-99D3E23DEEC0:LeaderElection82] INFO  impl.RaftServerImpl (ServerState.java:setRaftConf(361)) - 2936a8fb-498a-4f06-abab-ab51bafc30e4:group-99D3E23DEEC0 set configuration 0: [2936a8fb-498a-4f06-abab-ab51bafc30e4:192.168.157.195:46079], old=null at 0
2019-09-12 10:33:34,534 [23027111-0173-428f-b853-b511524375b8:group-ED964EC946C6:LeaderElection81] INFO  impl.RaftServerImpl (ServerState.java:setRaftConf(361)) - 23027111-0173-428f-b853-b511524375b8:group-ED964EC946C6 set configuration 0: [23027111-0173-428f-b853-b511524375b8:192.168.157.195:36891], old=null at 0
2019-09-12 10:33:34,544 [23027111-0173-428f-b853-b511524375b8-SegmentedRaftLogWorker:Storage Directory /workdir/hadoop-ozone/integration-test/target/test-dir/MiniOzoneClusterImpl-2d656029-9dde-45a3-b7cd-f2d738c2cb44/datanode-5/data/ratis/2c6baf06-81d7-48ed-b356-1dad131feab0] INFO  segmented.SegmentedRaftLogWorker (SegmentedRaftLogWorker.java:execute(569)) - 23027111-0173-428f-b853-b511524375b8-SegmentedRaftLogWorker:Storage Directory /workdir/hadoop-ozone/integration-test/target/test-dir/MiniOzoneClusterImpl-2d656029-9dde-45a3-b7cd-f2d738c2cb44/datanode-5/data/ratis/2c6baf06-81d7-48ed-b356-1dad131feab0: created new log segment /workdir/hadoop-ozone/integration-test/target/test-dir/MiniOzoneClusterImpl-2d656029-9dde-45a3-b7cd-f2d738c2cb44/datanode-5/data/ratis/2c6baf06-81d7-48ed-b356-1dad131feab0/current/log_inprogress_0
2019-09-12 10:33:34,544 [2936a8fb-498a-4f06-abab-ab51bafc30e4-SegmentedRaftLogWorker:Storage Directory /workdir/hadoop-ozone/integration-test/target/test-dir/MiniOzoneClusterImpl-2d656029-9dde-45a3-b7cd-f2d738c2cb44/datanode-6/data/ratis/05b9edad-27f9-4da5-a135-a86602f96aab] INFO  segmented.SegmentedRaftLogWorker (SegmentedRaftLogWorker.java:execute(569)) - 2936a8fb-498a-4f06-abab-ab51bafc30e4-SegmentedRaftLogWorker:Storage Directory /workdir/hadoop-ozone/integration-test/target/test-dir/MiniOzoneClusterImpl-2d656029-9dde-45a3-b7cd-f2d738c2cb44/datanode-6/data/ratis/05b9edad-27f9-4da5-a135-a86602f96aab: created new log segment /workdir/hadoop-ozone/integration-test/target/test-dir/MiniOzoneClusterImpl-2d656029-9dde-45a3-b7cd-f2d738c2cb44/datanode-6/data/ratis/05b9edad-27f9-4da5-a135-a86602f96aab/current/log_inprogress_0
2019-09-12 10:33:34,548 [Thread-805] INFO  impl.FollowerState (FollowerState.java:run(106)) - 2936a8fb-498a-4f06-abab-ab51bafc30e4:group-42B9542DCDC7 changes to CANDIDATE, lastRpcTime:5052, electionTimeout:5052ms
2019-09-12 10:33:34,548 [Thread-805] INFO  impl.RoleInfo (RoleInfo.java:shutdownFollowerState(121)) - 2936a8fb-498a-4f06-abab-ab51bafc30e4: shutdown FollowerState
2019-09-12 10:33:34,548 [Thread-805] INFO  impl.RaftServerImpl (RaftServerImpl.java:setRole(171)) - 2936a8fb-498a-4f06-abab-ab51bafc30e4:group-42B9542DCDC7 changes role from FOLLOWER to CANDIDATE at term 0 for changeToCandidate
2019-09-12 10:33:34,548 [Thread-805] INFO  impl.RoleInfo (RoleInfo.java:updateAndGet(143)) - 2936a8fb-498a-4f06-abab-ab51bafc30e4: start LeaderElection
2019-09-12 10:33:34,574 [2936a8fb-498a-4f06-abab-ab51bafc30e4:group-42B9542DCDC7:LeaderElection83] INFO  impl.LeaderElection (LeaderElection.java:askForVotes(181)) - 2936a8fb-498a-4f06-abab-ab51bafc30e4:group-42B9542DCDC7:LeaderElection83: begin an election at term 1 for -1: [2936a8fb-498a-4f06-abab-ab51bafc30e4:192.168.157.195:46079], old=null
2019-09-12 10:33:34,574 [2936a8fb-498a-4f06-abab-ab51bafc30e4:group-42B9542DCDC7:LeaderElection83] INFO  impl.RoleInfo (RoleInfo.java:shutdownLeaderElection(134)) - 2936a8fb-498a-4f06-abab-ab51bafc30e4: shutdown LeaderElection
2019-09-12 10:33:34,575 [2936a8fb-498a-4f06-abab-ab51bafc30e4:group-42B9542DCDC7:LeaderElection83] INFO  impl.RaftServerImpl (RaftServerImpl.java:setRole(171)) - 2936a8fb-498a-4f06-abab-ab51bafc30e4:group-42B9542DCDC7 changes role from CANDIDATE to LEADER at term 1 for changeToLeader
2019-09-12 10:33:34,575 [2936a8fb-498a-4f06-abab-ab51bafc30e4:group-42B9542DCDC7:LeaderElection83] INFO  impl.RaftServerImpl (ServerState.java:setLeader(263)) - 2936a8fb-498a-4f06-abab-ab51bafc30e4:group-42B9542DCDC7 change Leader from null to 2936a8fb-498a-4f06-abab-ab51bafc30e4 at term 1 for becomeLeader, leader elected after 5082ms
2019-09-12 10:33:34,575 [2936a8fb-498a-4f06-abab-ab51bafc30e4:group-42B9542DCDC7:LeaderElection83] INFO  server.RaftServerConfigKeys (ConfUtils.java:logGet(43)) - raft.server.staging.catchup.gap = 1000 (default)
2019-09-12 10:33:34,575 [2936a8fb-498a-4f06-abab-ab51bafc30e4:group-42B9542DCDC7:LeaderElection83] INFO  server.RaftServerConfigKeys (ConfUtils.java:logGet(43)) - raft.server.rpc.sleep.time = 25ms (default)
2019-09-12 10:33:34,575 [2936a8fb-498a-4f06-abab-ab51bafc30e4:group-42B9542DCDC7:LeaderElection83] INFO  server.RaftServerConfigKeys (ConfUtils.java:logGet(43)) - raft.server.write.element-limit = 4096 (default)
2019-09-12 10:33:34,576 [2936a8fb-498a-4f06-abab-ab51bafc30e4:group-42B9542DCDC7:LeaderElection83] INFO  server.RaftServerConfigKeys (ConfUtils.java:logGet(43)) - raft.server.watch.timeout = 10s (default)
2019-09-12 10:33:34,576 [2936a8fb-498a-4f06-abab-ab51bafc30e4:group-42B9542DCDC7:LeaderElection83] INFO  server.RaftServerConfigKeys (ConfUtils.java:logGet(43)) - raft.server.watch.timeout.denomination = 1s (default)
2019-09-12 10:33:34,576 [2936a8fb-498a-4f06-abab-ab51bafc30e4:group-42B9542DCDC7:LeaderElection83] INFO  server.RaftServerConfigKeys (ConfUtils.java:logGet(43)) - raft.server.watch.element-limit = 65536 (default)
2019-09-12 10:33:34,576 [2936a8fb-498a-4f06-abab-ab51bafc30e4:group-42B9542DCDC7:LeaderElection83] INFO  impl.RoleInfo (RoleInfo.java:updateAndGet(143)) - 2936a8fb-498a-4f06-abab-ab51bafc30e4: start LeaderState
2019-09-12 10:33:34,576 [2936a8fb-498a-4f06-abab-ab51bafc30e4:group-42B9542DCDC7:LeaderElection83] INFO  segmented.SegmentedRaftLogWorker (SegmentedRaftLogWorker.java:startLogSegment(380)) - 2936a8fb-498a-4f06-abab-ab51bafc30e4-SegmentedRaftLogWorker:Storage Directory /workdir/hadoop-ozone/integration-test/target/test-dir/MiniOzoneClusterImpl-2d656029-9dde-45a3-b7cd-f2d738c2cb44/datanode-6/data/ratis/e46406fd-dbc3-4142-aa35-42b9542dcdc7: Starting segment from index:0
2019-09-12 10:33:34,577 [2936a8fb-498a-4f06-abab-ab51bafc30e4:group-42B9542DCDC7:LeaderElection83] INFO  impl.RaftServerImpl (ServerState.java:setRaftConf(361)) - 2936a8fb-498a-4f06-abab-ab51bafc30e4:group-42B9542DCDC7 set configuration 0: [2936a8fb-498a-4f06-abab-ab51bafc30e4:192.168.157.195:46079], old=null at 0
2019-09-12 10:33:34,591 [2936a8fb-498a-4f06-abab-ab51bafc30e4-SegmentedRaftLogWorker:Storage Directory /workdir/hadoop-ozone/integration-test/target/test-dir/MiniOzoneClusterImpl-2d656029-9dde-45a3-b7cd-f2d738c2cb44/datanode-6/data/ratis/c392bb4c-a0e9-487e-bf74-99d3e23deec0] INFO  segmented.SegmentedRaftLogWorker (SegmentedRaftLogWorker.java:execute(569)) - 2936a8fb-498a-4f06-abab-ab51bafc30e4-SegmentedRaftLogWorker:Storage Directory /workdir/hadoop-ozone/integration-test/target/test-dir/MiniOzoneClusterImpl-2d656029-9dde-45a3-b7cd-f2d738c2cb44/datanode-6/data/ratis/c392bb4c-a0e9-487e-bf74-99d3e23deec0: created new log segment /workdir/hadoop-ozone/integration-test/target/test-dir/MiniOzoneClusterImpl-2d656029-9dde-45a3-b7cd-f2d738c2cb44/datanode-6/data/ratis/c392bb4c-a0e9-487e-bf74-99d3e23deec0/current/log_inprogress_0
2019-09-12 10:33:34,591 [23027111-0173-428f-b853-b511524375b8-SegmentedRaftLogWorker:Storage Directory /workdir/hadoop-ozone/integration-test/target/test-dir/MiniOzoneClusterImpl-2d656029-9dde-45a3-b7cd-f2d738c2cb44/datanode-5/data/ratis/c7be3851-615c-40d8-bc10-ed964ec946c6] INFO  segmented.SegmentedRaftLogWorker (SegmentedRaftLogWorker.java:execute(569)) - 23027111-0173-428f-b853-b511524375b8-SegmentedRaftLogWorker:Storage Directory /workdir/hadoop-ozone/integration-test/target/test-dir/MiniOzoneClusterImpl-2d656029-9dde-45a3-b7cd-f2d738c2cb44/datanode-5/data/ratis/c7be3851-615c-40d8-bc10-ed964ec946c6: created new log segment /workdir/hadoop-ozone/integration-test/target/test-dir/MiniOzoneClusterImpl-2d656029-9dde-45a3-b7cd-f2d738c2cb44/datanode-5/data/ratis/c7be3851-615c-40d8-bc10-ed964ec946c6/current/log_inprogress_0
2019-09-12 10:33:34,639 [2936a8fb-498a-4f06-abab-ab51bafc30e4-SegmentedRaftLogWorker:Storage Directory /workdir/hadoop-ozone/integration-test/target/test-dir/MiniOzoneClusterImpl-2d656029-9dde-45a3-b7cd-f2d738c2cb44/datanode-6/data/ratis/e46406fd-dbc3-4142-aa35-42b9542dcdc7] INFO  segmented.SegmentedRaftLogWorker (SegmentedRaftLogWorker.java:execute(569)) - 2936a8fb-498a-4f06-abab-ab51bafc30e4-SegmentedRaftLogWorker:Storage Directory /workdir/hadoop-ozone/integration-test/target/test-dir/MiniOzoneClusterImpl-2d656029-9dde-45a3-b7cd-f2d738c2cb44/datanode-6/data/ratis/e46406fd-dbc3-4142-aa35-42b9542dcdc7: created new log segment /workdir/hadoop-ozone/integration-test/target/test-dir/MiniOzoneClusterImpl-2d656029-9dde-45a3-b7cd-f2d738c2cb44/datanode-6/data/ratis/e46406fd-dbc3-4142-aa35-42b9542dcdc7/current/log_inprogress_0
2019-09-12 10:33:34,648 [Thread-808] INFO  impl.FollowerState (FollowerState.java:run(106)) - 2936a8fb-498a-4f06-abab-ab51bafc30e4:group-7C48ACD2A735 changes to CANDIDATE, lastRpcTime:5111, electionTimeout:5111ms
2019-09-12 10:33:34,648 [Thread-808] INFO  impl.RoleInfo (RoleInfo.java:shutdownFollowerState(121)) - 2936a8fb-498a-4f06-abab-ab51bafc30e4: shutdown FollowerState
2019-09-12 10:33:34,648 [Thread-808] INFO  impl.RaftServerImpl (RaftServerImpl.java:setRole(171)) - 2936a8fb-498a-4f06-abab-ab51bafc30e4:group-7C48ACD2A735 changes role from FOLLOWER to CANDIDATE at term 0 for changeToCandidate
2019-09-12 10:33:34,649 [Thread-808] INFO  impl.RoleInfo (RoleInfo.java:updateAndGet(143)) - 2936a8fb-498a-4f06-abab-ab51bafc30e4: start LeaderElection
2019-09-12 10:33:34,653 [2936a8fb-498a-4f06-abab-ab51bafc30e4:group-7C48ACD2A735:LeaderElection84] INFO  impl.LeaderElection (LeaderElection.java:askForVotes(181)) - 2936a8fb-498a-4f06-abab-ab51bafc30e4:group-7C48ACD2A735:LeaderElection84: begin an election at term 1 for -1: [2936a8fb-498a-4f06-abab-ab51bafc30e4:192.168.157.195:46079], old=null
2019-09-12 10:33:34,653 [2936a8fb-498a-4f06-abab-ab51bafc30e4:group-7C48ACD2A735:LeaderElection84] INFO  impl.RoleInfo (RoleInfo.java:shutdownLeaderElection(134)) - 2936a8fb-498a-4f06-abab-ab51bafc30e4: shutdown LeaderElection
2019-09-12 10:33:34,653 [2936a8fb-498a-4f06-abab-ab51bafc30e4:group-7C48ACD2A735:LeaderElection84] INFO  impl.RaftServerImpl (RaftServerImpl.java:setRole(171)) - 2936a8fb-498a-4f06-abab-ab51bafc30e4:group-7C48ACD2A735 changes role from CANDIDATE to LEADER at term 1 for changeToLeader
2019-09-12 10:33:34,653 [2936a8fb-498a-4f06-abab-ab51bafc30e4:group-7C48ACD2A735:LeaderElection84] INFO  impl.RaftServerImpl (ServerState.java:setLeader(263)) - 2936a8fb-498a-4f06-abab-ab51bafc30e4:group-7C48ACD2A735 change Leader from null to 2936a8fb-498a-4f06-abab-ab51bafc30e4 at term 1 for becomeLeader, leader elected after 5119ms
2019-09-12 10:33:34,653 [2936a8fb-498a-4f06-abab-ab51bafc30e4:group-7C48ACD2A735:LeaderElection84] INFO  server.RaftServerConfigKeys (ConfUtils.java:logGet(43)) - raft.server.staging.catchup.gap = 1000 (default)
2019-09-12 10:33:34,653 [2936a8fb-498a-4f06-abab-ab51bafc30e4:group-7C48ACD2A735:LeaderElection84] INFO  server.RaftServerConfigKeys (ConfUtils.java:logGet(43)) - raft.server.rpc.sleep.time = 25ms (default)
2019-09-12 10:33:34,654 [2936a8fb-498a-4f06-abab-ab51bafc30e4:group-7C48ACD2A735:LeaderElection84] INFO  server.RaftServerConfigKeys (ConfUtils.java:logGet(43)) - raft.server.write.element-limit = 4096 (default)
2019-09-12 10:33:34,654 [2936a8fb-498a-4f06-abab-ab51bafc30e4:group-7C48ACD2A735:LeaderElection84] INFO  server.RaftServerConfigKeys (ConfUtils.java:logGet(43)) - raft.server.watch.timeout = 10s (default)
2019-09-12 10:33:34,654 [2936a8fb-498a-4f06-abab-ab51bafc30e4:group-7C48ACD2A735:LeaderElection84] INFO  server.RaftServerConfigKeys (ConfUtils.java:logGet(43)) - raft.server.watch.timeout.denomination = 1s (default)
2019-09-12 10:33:34,654 [2936a8fb-498a-4f06-abab-ab51bafc30e4:group-7C48ACD2A735:LeaderElection84] INFO  server.RaftServerConfigKeys (ConfUtils.java:logGet(43)) - raft.server.watch.element-limit = 65536 (default)
2019-09-12 10:33:34,654 [2936a8fb-498a-4f06-abab-ab51bafc30e4:group-7C48ACD2A735:LeaderElection84] INFO  impl.RoleInfo (RoleInfo.java:updateAndGet(143)) - 2936a8fb-498a-4f06-abab-ab51bafc30e4: start LeaderState
2019-09-12 10:33:34,655 [2936a8fb-498a-4f06-abab-ab51bafc30e4:group-7C48ACD2A735:LeaderElection84] INFO  segmented.SegmentedRaftLogWorker (SegmentedRaftLogWorker.java:startLogSegment(380)) - 2936a8fb-498a-4f06-abab-ab51bafc30e4-SegmentedRaftLogWorker:Storage Directory /workdir/hadoop-ozone/integration-test/target/test-dir/MiniOzoneClusterImpl-2d656029-9dde-45a3-b7cd-f2d738c2cb44/datanode-6/data/ratis/e2f67dbf-c05d-4b83-8931-7c48acd2a735: Starting segment from index:0
2019-09-12 10:33:34,655 [2936a8fb-498a-4f06-abab-ab51bafc30e4:group-7C48ACD2A735:LeaderElection84] INFO  impl.RaftServerImpl (ServerState.java:setRaftConf(361)) - 2936a8fb-498a-4f06-abab-ab51bafc30e4:group-7C48ACD2A735 set configuration 0: [2936a8fb-498a-4f06-abab-ab51bafc30e4:192.168.157.195:46079], old=null at 0
2019-09-12 10:33:34,708 [2936a8fb-498a-4f06-abab-ab51bafc30e4-SegmentedRaftLogWorker:Storage Directory /workdir/hadoop-ozone/integration-test/target/test-dir/MiniOzoneClusterImpl-2d656029-9dde-45a3-b7cd-f2d738c2cb44/datanode-6/data/ratis/e2f67dbf-c05d-4b83-8931-7c48acd2a735] INFO  segmented.SegmentedRaftLogWorker (SegmentedRaftLogWorker.java:execute(569)) - 2936a8fb-498a-4f06-abab-ab51bafc30e4-SegmentedRaftLogWorker:Storage Directory /workdir/hadoop-ozone/integration-test/target/test-dir/MiniOzoneClusterImpl-2d656029-9dde-45a3-b7cd-f2d738c2cb44/datanode-6/data/ratis/e2f67dbf-c05d-4b83-8931-7c48acd2a735: created new log segment /workdir/hadoop-ozone/integration-test/target/test-dir/MiniOzoneClusterImpl-2d656029-9dde-45a3-b7cd-f2d738c2cb44/datanode-6/data/ratis/e2f67dbf-c05d-4b83-8931-7c48acd2a735/current/log_inprogress_0
2019-09-12 10:33:34,717 | INFO  | SCMAudit | user=jenkins1000 | ip=192.168.157.195 | op=SEND_HEARTBEAT {datanodeUUID=23027111-0173-428f-b853-b511524375b8, command=[]} | ret=SUCCESS |  
2019-09-12 10:33:34,857 | INFO  | SCMAudit | user=jenkins1000 | ip=192.168.157.195 | op=SEND_HEARTBEAT {datanodeUUID=8bce8832-9727-4b35-a9b5-3df7187e4e21, command=[]} | ret=SUCCESS |  
2019-09-12 10:33:34,897 | INFO  | SCMAudit | user=jenkins1000 | ip=192.168.157.195 | op=SEND_HEARTBEAT {datanodeUUID=2936a8fb-498a-4f06-abab-ab51bafc30e4, command=[]} | ret=SUCCESS |  
2019-09-12 10:33:35,049 | INFO  | SCMAudit | user=jenkins1000 | ip=192.168.157.195 | op=SEND_HEARTBEAT {datanodeUUID=afdb29cf-c3b8-498d-8640-0d0c0297edd0, command=[]} | ret=SUCCESS |  
2019-09-12 10:33:35,059 [main] INFO  ozoneimpl.OzoneContainer (OzoneContainer.java:stop(199)) - Attempting to stop container services.
2019-09-12 10:33:35,059 [ForkJoinPool.commonPool-worker-1] INFO  ozoneimpl.OzoneContainer (OzoneContainer.java:stop(199)) - Attempting to stop container services.
2019-09-12 10:33:35,060 [main] INFO  impl.RaftServerProxy (RaftServerProxy.java:lambda$close$4(314)) - 58be6702-f3a1-484a-8c9d-5d933df137d3: close
2019-09-12 10:33:35,060 [ForkJoinPool.commonPool-worker-1] INFO  impl.RaftServerProxy (RaftServerProxy.java:lambda$close$4(314)) - e4b90157-0987-4622-adc9-0404bea551ef: close
2019-09-12 10:33:35,060 [main] INFO  impl.RaftServerImpl (RaftServerImpl.java:lambda$shutdown$3(245)) - 58be6702-f3a1-484a-8c9d-5d933df137d3: shutdown group-0646D986464E
2019-09-12 10:33:35,060 [ForkJoinPool.commonPool-worker-1] INFO  impl.RaftServerImpl (RaftServerImpl.java:lambda$shutdown$3(245)) - e4b90157-0987-4622-adc9-0404bea551ef: shutdown group-35796AD33877
2019-09-12 10:33:35,061 [main] INFO  util.JmxRegister (JmxRegister.java:unregister(73)) - Successfully un-registered JMX Bean with object name Ratis:service=RaftServer,group=group-0646D986464E,id=58be6702-f3a1-484a-8c9d-5d933df137d3
2019-09-12 10:33:35,061 [ForkJoinPool.commonPool-worker-1] INFO  util.JmxRegister (JmxRegister.java:unregister(73)) - Successfully un-registered JMX Bean with object name Ratis:service=RaftServer,group=group-35796AD33877,id=e4b90157-0987-4622-adc9-0404bea551ef
2019-09-12 10:33:35,061 [main] INFO  impl.RoleInfo (RoleInfo.java:shutdownLeaderState(104)) - 58be6702-f3a1-484a-8c9d-5d933df137d3: shutdown LeaderState
2019-09-12 10:33:35,062 [ForkJoinPool.commonPool-worker-1] INFO  impl.RoleInfo (RoleInfo.java:shutdownLeaderState(104)) - e4b90157-0987-4622-adc9-0404bea551ef: shutdown LeaderState
2019-09-12 10:33:35,062 [main] INFO  impl.PendingRequests (PendingRequests.java:sendNotLeaderResponses(202)) - 58be6702-f3a1-484a-8c9d-5d933df137d3-PendingRequests: sendNotLeaderResponses
2019-09-12 10:33:35,062 [ForkJoinPool.commonPool-worker-1] INFO  impl.PendingRequests (PendingRequests.java:sendNotLeaderResponses(202)) - e4b90157-0987-4622-adc9-0404bea551ef-PendingRequests: sendNotLeaderResponses
2019-09-12 10:33:35,063 [main] INFO  impl.StateMachineUpdater (StateMachineUpdater.java:stopAndJoin(115)) - StateMachineUpdater:58be6702-f3a1-484a-8c9d-5d933df137d3:group-0646D986464E: set stopIndex = 0
2019-09-12 10:33:35,063 [ForkJoinPool.commonPool-worker-1] INFO  impl.StateMachineUpdater (StateMachineUpdater.java:stopAndJoin(115)) - StateMachineUpdater:e4b90157-0987-4622-adc9-0404bea551ef:group-35796AD33877: set stopIndex = 0
2019-09-12 10:33:35,063 [main] INFO  impl.RaftServerImpl (ServerState.java:close(394)) - 58be6702-f3a1-484a-8c9d-5d933df137d3:group-0646D986464E closes. The last applied log index is 0
2019-09-12 10:33:35,064 [ForkJoinPool.commonPool-worker-1] INFO  impl.RaftServerImpl (ServerState.java:close(394)) - e4b90157-0987-4622-adc9-0404bea551ef:group-35796AD33877 closes. The last applied log index is 0
2019-09-12 10:33:35,064 [58be6702-f3a1-484a-8c9d-5d933df137d3-SegmentedRaftLogWorker:Storage Directory /workdir/hadoop-ozone/integration-test/target/test-dir/MiniOzoneClusterImpl-2d656029-9dde-45a3-b7cd-f2d738c2cb44/datanode-4/data/ratis/7de8ca7f-45fb-4875-82f6-0646d986464e] INFO  segmented.SegmentedRaftLogWorker (SegmentedRaftLogWorker.java:run(313)) - 58be6702-f3a1-484a-8c9d-5d933df137d3-SegmentedRaftLogWorker:Storage Directory /workdir/hadoop-ozone/integration-test/target/test-dir/MiniOzoneClusterImpl-2d656029-9dde-45a3-b7cd-f2d738c2cb44/datanode-4/data/ratis/7de8ca7f-45fb-4875-82f6-0646d986464e was interrupted, exiting. There are 0 tasks remaining in the queue.
2019-09-12 10:33:35,064 [e4b90157-0987-4622-adc9-0404bea551ef-SegmentedRaftLogWorker:Storage Directory /workdir/hadoop-ozone/integration-test/target/test-dir/MiniOzoneClusterImpl-2d656029-9dde-45a3-b7cd-f2d738c2cb44/datanode-1/data/ratis/1eb62d6c-8032-44dd-bcec-35796ad33877] INFO  segmented.SegmentedRaftLogWorker (SegmentedRaftLogWorker.java:run(313)) - e4b90157-0987-4622-adc9-0404bea551ef-SegmentedRaftLogWorker:Storage Directory /workdir/hadoop-ozone/integration-test/target/test-dir/MiniOzoneClusterImpl-2d656029-9dde-45a3-b7cd-f2d738c2cb44/datanode-1/data/ratis/1eb62d6c-8032-44dd-bcec-35796ad33877 was interrupted, exiting. There are 0 tasks remaining in the queue.
2019-09-12 10:33:35,069 [main] INFO  segmented.SegmentedRaftLogWorker (SegmentedRaftLogWorker.java:close(228)) - 58be6702-f3a1-484a-8c9d-5d933df137d3-SegmentedRaftLogWorker:Storage Directory /workdir/hadoop-ozone/integration-test/target/test-dir/MiniOzoneClusterImpl-2d656029-9dde-45a3-b7cd-f2d738c2cb44/datanode-4/data/ratis/7de8ca7f-45fb-4875-82f6-0646d986464e close()
2019-09-12 10:33:35,069 [ForkJoinPool.commonPool-worker-1] INFO  segmented.SegmentedRaftLogWorker (SegmentedRaftLogWorker.java:close(228)) - e4b90157-0987-4622-adc9-0404bea551ef-SegmentedRaftLogWorker:Storage Directory /workdir/hadoop-ozone/integration-test/target/test-dir/MiniOzoneClusterImpl-2d656029-9dde-45a3-b7cd-f2d738c2cb44/datanode-1/data/ratis/1eb62d6c-8032-44dd-bcec-35796ad33877 close()
2019-09-12 10:33:35,073 [main] INFO  impl.RaftServerImpl (RaftServerImpl.java:lambda$shutdown$3(245)) - 58be6702-f3a1-484a-8c9d-5d933df137d3: shutdown group-8AB724D090C3
2019-09-12 10:33:35,076 [ForkJoinPool.commonPool-worker-1] INFO  impl.RaftServerImpl (RaftServerImpl.java:lambda$shutdown$3(245)) - e4b90157-0987-4622-adc9-0404bea551ef: shutdown group-768D6499DAEB
2019-09-12 10:33:35,076 [main] INFO  util.JmxRegister (JmxRegister.java:unregister(73)) - Successfully un-registered JMX Bean with object name Ratis:service=RaftServer,group=group-8AB724D090C3,id=58be6702-f3a1-484a-8c9d-5d933df137d3
2019-09-12 10:33:35,076 [ForkJoinPool.commonPool-worker-1] INFO  util.JmxRegister (JmxRegister.java:unregister(73)) - Successfully un-registered JMX Bean with object name Ratis:service=RaftServer,group=group-768D6499DAEB,id=e4b90157-0987-4622-adc9-0404bea551ef
2019-09-12 10:33:35,077 [main] INFO  impl.RoleInfo (RoleInfo.java:shutdownLeaderState(104)) - 58be6702-f3a1-484a-8c9d-5d933df137d3: shutdown LeaderState
2019-09-12 10:33:35,077 [ForkJoinPool.commonPool-worker-1] INFO  impl.RoleInfo (RoleInfo.java:shutdownLeaderState(104)) - e4b90157-0987-4622-adc9-0404bea551ef: shutdown LeaderState
2019-09-12 10:33:35,077 [main] INFO  impl.PendingRequests (PendingRequests.java:sendNotLeaderResponses(202)) - 58be6702-f3a1-484a-8c9d-5d933df137d3-PendingRequests: sendNotLeaderResponses
2019-09-12 10:33:35,078 [ForkJoinPool.commonPool-worker-1] INFO  impl.PendingRequests (PendingRequests.java:sendNotLeaderResponses(202)) - e4b90157-0987-4622-adc9-0404bea551ef-PendingRequests: sendNotLeaderResponses
2019-09-12 10:33:35,078 [main] INFO  impl.StateMachineUpdater (StateMachineUpdater.java:stopAndJoin(115)) - StateMachineUpdater:58be6702-f3a1-484a-8c9d-5d933df137d3:group-8AB724D090C3: set stopIndex = 0
2019-09-12 10:33:35,078 [ForkJoinPool.commonPool-worker-1] INFO  impl.StateMachineUpdater (StateMachineUpdater.java:stopAndJoin(115)) - StateMachineUpdater:e4b90157-0987-4622-adc9-0404bea551ef:group-768D6499DAEB: set stopIndex = 0
2019-09-12 10:33:35,079 [main] INFO  impl.RaftServerImpl (ServerState.java:close(394)) - 58be6702-f3a1-484a-8c9d-5d933df137d3:group-8AB724D090C3 closes. The last applied log index is 0
2019-09-12 10:33:35,079 [ForkJoinPool.commonPool-worker-1] INFO  impl.RaftServerImpl (ServerState.java:close(394)) - e4b90157-0987-4622-adc9-0404bea551ef:group-768D6499DAEB closes. The last applied log index is 0
2019-09-12 10:33:35,079 [58be6702-f3a1-484a-8c9d-5d933df137d3-SegmentedRaftLogWorker:Storage Directory /workdir/hadoop-ozone/integration-test/target/test-dir/MiniOzoneClusterImpl-2d656029-9dde-45a3-b7cd-f2d738c2cb44/datanode-4/data/ratis/419ed2c5-cda9-4c84-b951-8ab724d090c3] INFO  segmented.SegmentedRaftLogWorker (SegmentedRaftLogWorker.java:run(313)) - 58be6702-f3a1-484a-8c9d-5d933df137d3-SegmentedRaftLogWorker:Storage Directory /workdir/hadoop-ozone/integration-test/target/test-dir/MiniOzoneClusterImpl-2d656029-9dde-45a3-b7cd-f2d738c2cb44/datanode-4/data/ratis/419ed2c5-cda9-4c84-b951-8ab724d090c3 was interrupted, exiting. There are 0 tasks remaining in the queue.
2019-09-12 10:33:35,080 [e4b90157-0987-4622-adc9-0404bea551ef-SegmentedRaftLogWorker:Storage Directory /workdir/hadoop-ozone/integration-test/target/test-dir/MiniOzoneClusterImpl-2d656029-9dde-45a3-b7cd-f2d738c2cb44/datanode-1/data/ratis/4ba54661-c837-4111-9138-768d6499daeb] INFO  segmented.SegmentedRaftLogWorker (SegmentedRaftLogWorker.java:run(313)) - e4b90157-0987-4622-adc9-0404bea551ef-SegmentedRaftLogWorker:Storage Directory /workdir/hadoop-ozone/integration-test/target/test-dir/MiniOzoneClusterImpl-2d656029-9dde-45a3-b7cd-f2d738c2cb44/datanode-1/data/ratis/4ba54661-c837-4111-9138-768d6499daeb was interrupted, exiting. There are 0 tasks remaining in the queue.
2019-09-12 10:33:35,084 [main] INFO  segmented.SegmentedRaftLogWorker (SegmentedRaftLogWorker.java:close(228)) - 58be6702-f3a1-484a-8c9d-5d933df137d3-SegmentedRaftLogWorker:Storage Directory /workdir/hadoop-ozone/integration-test/target/test-dir/MiniOzoneClusterImpl-2d656029-9dde-45a3-b7cd-f2d738c2cb44/datanode-4/data/ratis/419ed2c5-cda9-4c84-b951-8ab724d090c3 close()
2019-09-12 10:33:35,084 [ForkJoinPool.commonPool-worker-1] INFO  segmented.SegmentedRaftLogWorker (SegmentedRaftLogWorker.java:close(228)) - e4b90157-0987-4622-adc9-0404bea551ef-SegmentedRaftLogWorker:Storage Directory /workdir/hadoop-ozone/integration-test/target/test-dir/MiniOzoneClusterImpl-2d656029-9dde-45a3-b7cd-f2d738c2cb44/datanode-1/data/ratis/4ba54661-c837-4111-9138-768d6499daeb close()
2019-09-12 10:33:35,088 [main] INFO  impl.RaftServerImpl (RaftServerImpl.java:lambda$shutdown$3(245)) - 58be6702-f3a1-484a-8c9d-5d933df137d3: shutdown group-9E901660B1A1
2019-09-12 10:33:35,092 [main] INFO  util.JmxRegister (JmxRegister.java:unregister(73)) - Successfully un-registered JMX Bean with object name Ratis:service=RaftServer,group=group-9E901660B1A1,id=58be6702-f3a1-484a-8c9d-5d933df137d3
2019-09-12 10:33:35,092 [main] INFO  impl.RoleInfo (RoleInfo.java:shutdownLeaderState(104)) - 58be6702-f3a1-484a-8c9d-5d933df137d3: shutdown LeaderState
2019-09-12 10:33:35,093 [main] INFO  impl.PendingRequests (PendingRequests.java:sendNotLeaderResponses(202)) - 58be6702-f3a1-484a-8c9d-5d933df137d3-PendingRequests: sendNotLeaderResponses
2019-09-12 10:33:35,093 [main] INFO  impl.StateMachineUpdater (StateMachineUpdater.java:stopAndJoin(115)) - StateMachineUpdater:58be6702-f3a1-484a-8c9d-5d933df137d3:group-9E901660B1A1: set stopIndex = 0
2019-09-12 10:33:35,093 [main] INFO  impl.RaftServerImpl (ServerState.java:close(394)) - 58be6702-f3a1-484a-8c9d-5d933df137d3:group-9E901660B1A1 closes. The last applied log index is 0
2019-09-12 10:33:35,094 [58be6702-f3a1-484a-8c9d-5d933df137d3-SegmentedRaftLogWorker:Storage Directory /workdir/hadoop-ozone/integration-test/target/test-dir/MiniOzoneClusterImpl-2d656029-9dde-45a3-b7cd-f2d738c2cb44/datanode-4/data/ratis/2ac79295-8bd8-4124-a7f3-9e901660b1a1] INFO  segmented.SegmentedRaftLogWorker (SegmentedRaftLogWorker.java:run(313)) - 58be6702-f3a1-484a-8c9d-5d933df137d3-SegmentedRaftLogWorker:Storage Directory /workdir/hadoop-ozone/integration-test/target/test-dir/MiniOzoneClusterImpl-2d656029-9dde-45a3-b7cd-f2d738c2cb44/datanode-4/data/ratis/2ac79295-8bd8-4124-a7f3-9e901660b1a1 was interrupted, exiting. There are 0 tasks remaining in the queue.
2019-09-12 10:33:35,091 [ForkJoinPool.commonPool-worker-1] INFO  impl.RaftServerImpl (RaftServerImpl.java:lambda$shutdown$3(245)) - e4b90157-0987-4622-adc9-0404bea551ef: shutdown group-494565AA2034
2019-09-12 10:33:35,098 [main] INFO  segmented.SegmentedRaftLogWorker (SegmentedRaftLogWorker.java:close(228)) - 58be6702-f3a1-484a-8c9d-5d933df137d3-SegmentedRaftLogWorker:Storage Directory /workdir/hadoop-ozone/integration-test/target/test-dir/MiniOzoneClusterImpl-2d656029-9dde-45a3-b7cd-f2d738c2cb44/datanode-4/data/ratis/2ac79295-8bd8-4124-a7f3-9e901660b1a1 close()
2019-09-12 10:33:35,098 [ForkJoinPool.commonPool-worker-1] INFO  util.JmxRegister (JmxRegister.java:unregister(73)) - Successfully un-registered JMX Bean with object name Ratis:service=RaftServer,group=group-494565AA2034,id=e4b90157-0987-4622-adc9-0404bea551ef
2019-09-12 10:33:35,102 [ForkJoinPool.commonPool-worker-1] INFO  impl.RoleInfo (RoleInfo.java:shutdownLeaderState(104)) - e4b90157-0987-4622-adc9-0404bea551ef: shutdown LeaderState
2019-09-12 10:33:35,102 [main] INFO  impl.RaftServerImpl (RaftServerImpl.java:lambda$shutdown$3(245)) - 58be6702-f3a1-484a-8c9d-5d933df137d3: shutdown group-56AF7B796B07
2019-09-12 10:33:35,102 [ForkJoinPool.commonPool-worker-1] INFO  impl.PendingRequests (PendingRequests.java:sendNotLeaderResponses(202)) - e4b90157-0987-4622-adc9-0404bea551ef-PendingRequests: sendNotLeaderResponses
2019-09-12 10:33:35,103 [main] INFO  util.JmxRegister (JmxRegister.java:unregister(73)) - Successfully un-registered JMX Bean with object name Ratis:service=RaftServer,group=group-56AF7B796B07,id=58be6702-f3a1-484a-8c9d-5d933df137d3
2019-09-12 10:33:35,103 [main] INFO  impl.RoleInfo (RoleInfo.java:shutdownLeaderState(104)) - 58be6702-f3a1-484a-8c9d-5d933df137d3: shutdown LeaderState
2019-09-12 10:33:35,103 [ForkJoinPool.commonPool-worker-1] INFO  impl.StateMachineUpdater (StateMachineUpdater.java:stopAndJoin(115)) - StateMachineUpdater:e4b90157-0987-4622-adc9-0404bea551ef:group-494565AA2034: set stopIndex = 0
2019-09-12 10:33:35,103 [main] INFO  impl.PendingRequests (PendingRequests.java:sendNotLeaderResponses(202)) - 58be6702-f3a1-484a-8c9d-5d933df137d3-PendingRequests: sendNotLeaderResponses
2019-09-12 10:33:35,104 [ForkJoinPool.commonPool-worker-1] INFO  impl.RaftServerImpl (ServerState.java:close(394)) - e4b90157-0987-4622-adc9-0404bea551ef:group-494565AA2034 closes. The last applied log index is 0
2019-09-12 10:33:35,104 [main] INFO  impl.StateMachineUpdater (StateMachineUpdater.java:stopAndJoin(115)) - StateMachineUpdater:58be6702-f3a1-484a-8c9d-5d933df137d3:group-56AF7B796B07: set stopIndex = 0
2019-09-12 10:33:35,104 [e4b90157-0987-4622-adc9-0404bea551ef-SegmentedRaftLogWorker:Storage Directory /workdir/hadoop-ozone/integration-test/target/test-dir/MiniOzoneClusterImpl-2d656029-9dde-45a3-b7cd-f2d738c2cb44/datanode-1/data/ratis/c8855ad0-ab27-4083-90ea-494565aa2034] INFO  segmented.SegmentedRaftLogWorker (SegmentedRaftLogWorker.java:run(313)) - e4b90157-0987-4622-adc9-0404bea551ef-SegmentedRaftLogWorker:Storage Directory /workdir/hadoop-ozone/integration-test/target/test-dir/MiniOzoneClusterImpl-2d656029-9dde-45a3-b7cd-f2d738c2cb44/datanode-1/data/ratis/c8855ad0-ab27-4083-90ea-494565aa2034 was interrupted, exiting. There are 0 tasks remaining in the queue.
2019-09-12 10:33:35,104 [main] INFO  impl.RaftServerImpl (ServerState.java:close(394)) - 58be6702-f3a1-484a-8c9d-5d933df137d3:group-56AF7B796B07 closes. The last applied log index is 0
2019-09-12 10:33:35,107 [ForkJoinPool.commonPool-worker-1] INFO  segmented.SegmentedRaftLogWorker (SegmentedRaftLogWorker.java:close(228)) - e4b90157-0987-4622-adc9-0404bea551ef-SegmentedRaftLogWorker:Storage Directory /workdir/hadoop-ozone/integration-test/target/test-dir/MiniOzoneClusterImpl-2d656029-9dde-45a3-b7cd-f2d738c2cb44/datanode-1/data/ratis/c8855ad0-ab27-4083-90ea-494565aa2034 close()
2019-09-12 10:33:35,107 [58be6702-f3a1-484a-8c9d-5d933df137d3-SegmentedRaftLogWorker:Storage Directory /workdir/hadoop-ozone/integration-test/target/test-dir/MiniOzoneClusterImpl-2d656029-9dde-45a3-b7cd-f2d738c2cb44/datanode-4/data/ratis/cccd4cd0-cd84-422e-917a-56af7b796b07] INFO  segmented.SegmentedRaftLogWorker (SegmentedRaftLogWorker.java:run(313)) - 58be6702-f3a1-484a-8c9d-5d933df137d3-SegmentedRaftLogWorker:Storage Directory /workdir/hadoop-ozone/integration-test/target/test-dir/MiniOzoneClusterImpl-2d656029-9dde-45a3-b7cd-f2d738c2cb44/datanode-4/data/ratis/cccd4cd0-cd84-422e-917a-56af7b796b07 was interrupted, exiting. There are 0 tasks remaining in the queue.
2019-09-12 10:33:35,111 [ForkJoinPool.commonPool-worker-1] INFO  impl.RaftServerImpl (RaftServerImpl.java:lambda$shutdown$3(245)) - e4b90157-0987-4622-adc9-0404bea551ef: shutdown group-C76A50A174E4
2019-09-12 10:33:35,113 [main] INFO  segmented.SegmentedRaftLogWorker (SegmentedRaftLogWorker.java:close(228)) - 58be6702-f3a1-484a-8c9d-5d933df137d3-SegmentedRaftLogWorker:Storage Directory /workdir/hadoop-ozone/integration-test/target/test-dir/MiniOzoneClusterImpl-2d656029-9dde-45a3-b7cd-f2d738c2cb44/datanode-4/data/ratis/cccd4cd0-cd84-422e-917a-56af7b796b07 close()
2019-09-12 10:33:35,113 [ForkJoinPool.commonPool-worker-1] INFO  util.JmxRegister (JmxRegister.java:unregister(73)) - Successfully un-registered JMX Bean with object name Ratis:service=RaftServer,group=group-C76A50A174E4,id=e4b90157-0987-4622-adc9-0404bea551ef
2019-09-12 10:33:35,116 [main] INFO  impl.RaftServerImpl (RaftServerImpl.java:lambda$shutdown$3(245)) - 58be6702-f3a1-484a-8c9d-5d933df137d3: shutdown group-DD0E41F141D9
2019-09-12 10:33:35,116 [ForkJoinPool.commonPool-worker-1] INFO  impl.RoleInfo (RoleInfo.java:shutdownLeaderState(104)) - e4b90157-0987-4622-adc9-0404bea551ef: shutdown LeaderState
2019-09-12 10:33:35,117 [main] INFO  util.JmxRegister (JmxRegister.java:unregister(73)) - Successfully un-registered JMX Bean with object name Ratis:service=RaftServer,group=group-DD0E41F141D9,id=58be6702-f3a1-484a-8c9d-5d933df137d3
2019-09-12 10:33:35,117 [ForkJoinPool.commonPool-worker-1] INFO  impl.PendingRequests (PendingRequests.java:sendNotLeaderResponses(202)) - e4b90157-0987-4622-adc9-0404bea551ef-PendingRequests: sendNotLeaderResponses
2019-09-12 10:33:35,117 [main] INFO  impl.RoleInfo (RoleInfo.java:shutdownLeaderState(104)) - 58be6702-f3a1-484a-8c9d-5d933df137d3: shutdown LeaderState
2019-09-12 10:33:35,117 [ForkJoinPool.commonPool-worker-1] INFO  impl.StateMachineUpdater (StateMachineUpdater.java:stopAndJoin(115)) - StateMachineUpdater:e4b90157-0987-4622-adc9-0404bea551ef:group-C76A50A174E4: set stopIndex = 0
2019-09-12 10:33:35,118 [main] INFO  impl.PendingRequests (PendingRequests.java:sendNotLeaderResponses(202)) - 58be6702-f3a1-484a-8c9d-5d933df137d3-PendingRequests: sendNotLeaderResponses
2019-09-12 10:33:35,118 [ForkJoinPool.commonPool-worker-1] INFO  impl.RaftServerImpl (ServerState.java:close(394)) - e4b90157-0987-4622-adc9-0404bea551ef:group-C76A50A174E4 closes. The last applied log index is 0
2019-09-12 10:33:35,118 [main] INFO  impl.StateMachineUpdater (StateMachineUpdater.java:stopAndJoin(115)) - StateMachineUpdater:58be6702-f3a1-484a-8c9d-5d933df137d3:group-DD0E41F141D9: set stopIndex = 0
2019-09-12 10:33:35,118 [e4b90157-0987-4622-adc9-0404bea551ef-SegmentedRaftLogWorker:Storage Directory /workdir/hadoop-ozone/integration-test/target/test-dir/MiniOzoneClusterImpl-2d656029-9dde-45a3-b7cd-f2d738c2cb44/datanode-1/data/ratis/de7bbe18-59c1-4ab5-8c8a-c76a50a174e4] INFO  segmented.SegmentedRaftLogWorker (SegmentedRaftLogWorker.java:run(313)) - e4b90157-0987-4622-adc9-0404bea551ef-SegmentedRaftLogWorker:Storage Directory /workdir/hadoop-ozone/integration-test/target/test-dir/MiniOzoneClusterImpl-2d656029-9dde-45a3-b7cd-f2d738c2cb44/datanode-1/data/ratis/de7bbe18-59c1-4ab5-8c8a-c76a50a174e4 was interrupted, exiting. There are 0 tasks remaining in the queue.
2019-09-12 10:33:35,119 [main] INFO  impl.RaftServerImpl (ServerState.java:close(394)) - 58be6702-f3a1-484a-8c9d-5d933df137d3:group-DD0E41F141D9 closes. The last applied log index is 0
2019-09-12 10:33:35,120 [ForkJoinPool.commonPool-worker-1] INFO  segmented.SegmentedRaftLogWorker (SegmentedRaftLogWorker.java:close(228)) - e4b90157-0987-4622-adc9-0404bea551ef-SegmentedRaftLogWorker:Storage Directory /workdir/hadoop-ozone/integration-test/target/test-dir/MiniOzoneClusterImpl-2d656029-9dde-45a3-b7cd-f2d738c2cb44/datanode-1/data/ratis/de7bbe18-59c1-4ab5-8c8a-c76a50a174e4 close()
2019-09-12 10:33:35,121 [58be6702-f3a1-484a-8c9d-5d933df137d3-SegmentedRaftLogWorker:Storage Directory /workdir/hadoop-ozone/integration-test/target/test-dir/MiniOzoneClusterImpl-2d656029-9dde-45a3-b7cd-f2d738c2cb44/datanode-4/data/ratis/cb6278c4-247a-4cc6-94f1-dd0e41f141d9] INFO  segmented.SegmentedRaftLogWorker (SegmentedRaftLogWorker.java:run(313)) - 58be6702-f3a1-484a-8c9d-5d933df137d3-SegmentedRaftLogWorker:Storage Directory /workdir/hadoop-ozone/integration-test/target/test-dir/MiniOzoneClusterImpl-2d656029-9dde-45a3-b7cd-f2d738c2cb44/datanode-4/data/ratis/cb6278c4-247a-4cc6-94f1-dd0e41f141d9 was interrupted, exiting. There are 0 tasks remaining in the queue.
2019-09-12 10:33:35,124 [ForkJoinPool.commonPool-worker-1] INFO  impl.RaftServerImpl (RaftServerImpl.java:lambda$shutdown$3(245)) - e4b90157-0987-4622-adc9-0404bea551ef: shutdown group-B44AFE443665
2019-09-12 10:33:35,125 [main] INFO  segmented.SegmentedRaftLogWorker (SegmentedRaftLogWorker.java:close(228)) - 58be6702-f3a1-484a-8c9d-5d933df137d3-SegmentedRaftLogWorker:Storage Directory /workdir/hadoop-ozone/integration-test/target/test-dir/MiniOzoneClusterImpl-2d656029-9dde-45a3-b7cd-f2d738c2cb44/datanode-4/data/ratis/cb6278c4-247a-4cc6-94f1-dd0e41f141d9 close()
2019-09-12 10:33:35,125 [ForkJoinPool.commonPool-worker-1] INFO  util.JmxRegister (JmxRegister.java:unregister(73)) - Successfully un-registered JMX Bean with object name Ratis:service=RaftServer,group=group-B44AFE443665,id=e4b90157-0987-4622-adc9-0404bea551ef
2019-09-12 10:33:35,128 [main] INFO  impl.RaftServerImpl (RaftServerImpl.java:lambda$shutdown$3(245)) - 58be6702-f3a1-484a-8c9d-5d933df137d3: shutdown group-95497C8419CD
2019-09-12 10:33:35,128 [ForkJoinPool.commonPool-worker-1] INFO  impl.RoleInfo (RoleInfo.java:shutdownLeaderState(104)) - e4b90157-0987-4622-adc9-0404bea551ef: shutdown LeaderState
2019-09-12 10:33:35,128 [main] INFO  util.JmxRegister (JmxRegister.java:unregister(73)) - Successfully un-registered JMX Bean with object name Ratis:service=RaftServer,group=group-95497C8419CD,id=58be6702-f3a1-484a-8c9d-5d933df137d3
2019-09-12 10:33:35,129 [ForkJoinPool.commonPool-worker-1] INFO  impl.PendingRequests (PendingRequests.java:sendNotLeaderResponses(202)) - e4b90157-0987-4622-adc9-0404bea551ef-PendingRequests: sendNotLeaderResponses
2019-09-12 10:33:35,129 [main] INFO  impl.RoleInfo (RoleInfo.java:shutdownLeaderState(104)) - 58be6702-f3a1-484a-8c9d-5d933df137d3: shutdown LeaderState
2019-09-12 10:33:35,129 [ForkJoinPool.commonPool-worker-1] INFO  impl.StateMachineUpdater (StateMachineUpdater.java:stopAndJoin(115)) - StateMachineUpdater:e4b90157-0987-4622-adc9-0404bea551ef:group-B44AFE443665: set stopIndex = 0
2019-09-12 10:33:35,129 [main] INFO  impl.PendingRequests (PendingRequests.java:sendNotLeaderResponses(202)) - 58be6702-f3a1-484a-8c9d-5d933df137d3-PendingRequests: sendNotLeaderResponses
2019-09-12 10:33:35,130 [ForkJoinPool.commonPool-worker-1] INFO  impl.RaftServerImpl (ServerState.java:close(394)) - e4b90157-0987-4622-adc9-0404bea551ef:group-B44AFE443665 closes. The last applied log index is 0
2019-09-12 10:33:35,130 [main] INFO  impl.StateMachineUpdater (StateMachineUpdater.java:stopAndJoin(115)) - StateMachineUpdater:58be6702-f3a1-484a-8c9d-5d933df137d3:group-95497C8419CD: set stopIndex = 0
2019-09-12 10:33:35,130 [e4b90157-0987-4622-adc9-0404bea551ef-SegmentedRaftLogWorker:Storage Directory /workdir/hadoop-ozone/integration-test/target/test-dir/MiniOzoneClusterImpl-2d656029-9dde-45a3-b7cd-f2d738c2cb44/datanode-1/data/ratis/b64845fe-a85f-490f-8d3f-b44afe443665] INFO  segmented.SegmentedRaftLogWorker (SegmentedRaftLogWorker.java:run(313)) - e4b90157-0987-4622-adc9-0404bea551ef-SegmentedRaftLogWorker:Storage Directory /workdir/hadoop-ozone/integration-test/target/test-dir/MiniOzoneClusterImpl-2d656029-9dde-45a3-b7cd-f2d738c2cb44/datanode-1/data/ratis/b64845fe-a85f-490f-8d3f-b44afe443665 was interrupted, exiting. There are 0 tasks remaining in the queue.
2019-09-12 10:33:35,130 [main] INFO  impl.RaftServerImpl (ServerState.java:close(394)) - 58be6702-f3a1-484a-8c9d-5d933df137d3:group-95497C8419CD closes. The last applied log index is 0
2019-09-12 10:33:35,132 [ForkJoinPool.commonPool-worker-1] INFO  segmented.SegmentedRaftLogWorker (SegmentedRaftLogWorker.java:close(228)) - e4b90157-0987-4622-adc9-0404bea551ef-SegmentedRaftLogWorker:Storage Directory /workdir/hadoop-ozone/integration-test/target/test-dir/MiniOzoneClusterImpl-2d656029-9dde-45a3-b7cd-f2d738c2cb44/datanode-1/data/ratis/b64845fe-a85f-490f-8d3f-b44afe443665 close()
2019-09-12 10:33:35,132 [58be6702-f3a1-484a-8c9d-5d933df137d3-SegmentedRaftLogWorker:Storage Directory /workdir/hadoop-ozone/integration-test/target/test-dir/MiniOzoneClusterImpl-2d656029-9dde-45a3-b7cd-f2d738c2cb44/datanode-4/data/ratis/10cd06ed-682a-418e-932b-95497c8419cd] INFO  segmented.SegmentedRaftLogWorker (SegmentedRaftLogWorker.java:run(313)) - 58be6702-f3a1-484a-8c9d-5d933df137d3-SegmentedRaftLogWorker:Storage Directory /workdir/hadoop-ozone/integration-test/target/test-dir/MiniOzoneClusterImpl-2d656029-9dde-45a3-b7cd-f2d738c2cb44/datanode-4/data/ratis/10cd06ed-682a-418e-932b-95497c8419cd was interrupted, exiting. There are 0 tasks remaining in the queue.
2019-09-12 10:33:35,140 [ForkJoinPool.commonPool-worker-1] INFO  impl.RaftServerImpl (RaftServerImpl.java:lambda$shutdown$3(245)) - e4b90157-0987-4622-adc9-0404bea551ef: shutdown group-0955FBCDD29B
2019-09-12 10:33:35,140 [main] INFO  segmented.SegmentedRaftLogWorker (SegmentedRaftLogWorker.java:close(228)) - 58be6702-f3a1-484a-8c9d-5d933df137d3-SegmentedRaftLogWorker:Storage Directory /workdir/hadoop-ozone/integration-test/target/test-dir/MiniOzoneClusterImpl-2d656029-9dde-45a3-b7cd-f2d738c2cb44/datanode-4/data/ratis/10cd06ed-682a-418e-932b-95497c8419cd close()
2019-09-12 10:33:35,140 [ForkJoinPool.commonPool-worker-1] INFO  util.JmxRegister (JmxRegister.java:unregister(73)) - Successfully un-registered JMX Bean with object name Ratis:service=RaftServer,group=group-0955FBCDD29B,id=e4b90157-0987-4622-adc9-0404bea551ef
2019-09-12 10:33:35,141 [main] INFO  server.GrpcService (GrpcService.java:closeImpl(155)) - 58be6702-f3a1-484a-8c9d-5d933df137d3: shutdown server with port 33261 now
2019-09-12 10:33:35,142 [ForkJoinPool.commonPool-worker-1] INFO  impl.RoleInfo (RoleInfo.java:shutdownLeaderState(104)) - e4b90157-0987-4622-adc9-0404bea551ef: shutdown LeaderState
2019-09-12 10:33:35,143 [ForkJoinPool.commonPool-worker-1] INFO  impl.PendingRequests (PendingRequests.java:sendNotLeaderResponses(202)) - e4b90157-0987-4622-adc9-0404bea551ef-PendingRequests: sendNotLeaderResponses
2019-09-12 10:33:35,143 [main] INFO  server.GrpcService (GrpcService.java:closeImpl(163)) - 58be6702-f3a1-484a-8c9d-5d933df137d3: shutdown server with port 33261 successfully
2019-09-12 10:33:35,144 [ForkJoinPool.commonPool-worker-1] INFO  impl.StateMachineUpdater (StateMachineUpdater.java:stopAndJoin(115)) - StateMachineUpdater:e4b90157-0987-4622-adc9-0404bea551ef:group-0955FBCDD29B: set stopIndex = 0
2019-09-12 10:33:35,144 [ForkJoinPool.commonPool-worker-1] INFO  impl.RaftServerImpl (ServerState.java:close(394)) - e4b90157-0987-4622-adc9-0404bea551ef:group-0955FBCDD29B closes. The last applied log index is 0
2019-09-12 10:33:35,144 [e4b90157-0987-4622-adc9-0404bea551ef-SegmentedRaftLogWorker:Storage Directory /workdir/hadoop-ozone/integration-test/target/test-dir/MiniOzoneClusterImpl-2d656029-9dde-45a3-b7cd-f2d738c2cb44/datanode-1/data/ratis/bfa5b837-c34a-4489-845d-0955fbcdd29b] INFO  segmented.SegmentedRaftLogWorker (SegmentedRaftLogWorker.java:run(313)) - e4b90157-0987-4622-adc9-0404bea551ef-SegmentedRaftLogWorker:Storage Directory /workdir/hadoop-ozone/integration-test/target/test-dir/MiniOzoneClusterImpl-2d656029-9dde-45a3-b7cd-f2d738c2cb44/datanode-1/data/ratis/bfa5b837-c34a-4489-845d-0955fbcdd29b was interrupted, exiting. There are 0 tasks remaining in the queue.
2019-09-12 10:33:35,144 [ForkJoinPool.commonPool-worker-1] INFO  segmented.SegmentedRaftLogWorker (SegmentedRaftLogWorker.java:close(228)) - e4b90157-0987-4622-adc9-0404bea551ef-SegmentedRaftLogWorker:Storage Directory /workdir/hadoop-ozone/integration-test/target/test-dir/MiniOzoneClusterImpl-2d656029-9dde-45a3-b7cd-f2d738c2cb44/datanode-1/data/ratis/bfa5b837-c34a-4489-845d-0955fbcdd29b close()
2019-09-12 10:33:35,146 [ForkJoinPool.commonPool-worker-1] INFO  server.GrpcService (GrpcService.java:closeImpl(155)) - e4b90157-0987-4622-adc9-0404bea551ef: shutdown server with port 45782 now
2019-09-12 10:33:35,146 [main] INFO  utils.BackgroundService (BackgroundService.java:shutdown(148)) - Shutting down service BlockDeletingService
2019-09-12 10:33:35,147 [ForkJoinPool.commonPool-worker-1] INFO  server.GrpcService (GrpcService.java:closeImpl(163)) - e4b90157-0987-4622-adc9-0404bea551ef: shutdown server with port 45782 successfully
2019-09-12 10:33:35,149 [refreshUsed-/workdir/hadoop-ozone/integration-test/target/test-dir/MiniOzoneClusterImpl-2d656029-9dde-45a3-b7cd-f2d738c2cb44/datanode-4/data/containers] WARN  fs.CachingGetSpaceUsed (CachingGetSpaceUsed.java:run(183)) - Thread Interrupted waiting to refresh disk information: sleep interrupted
2019-09-12 10:33:35,149 [ForkJoinPool.commonPool-worker-1] INFO  utils.BackgroundService (BackgroundService.java:shutdown(148)) - Shutting down service BlockDeletingService
2019-09-12 10:33:35,152 [refreshUsed-/workdir/hadoop-ozone/integration-test/target/test-dir/MiniOzoneClusterImpl-2d656029-9dde-45a3-b7cd-f2d738c2cb44/datanode-1/data/containers] WARN  fs.CachingGetSpaceUsed (CachingGetSpaceUsed.java:run(183)) - Thread Interrupted waiting to refresh disk information: sleep interrupted
2019-09-12 10:33:35,169 [main] INFO  statemachine.DatanodeStateMachine (DatanodeStateMachine.java:stopDaemon(395)) - Ozone container server stopped.
2019-09-12 10:33:35,173 [ForkJoinPool.commonPool-worker-1] INFO  statemachine.DatanodeStateMachine (DatanodeStateMachine.java:stopDaemon(395)) - Ozone container server stopped.
2019-09-12 10:33:35,173 [main] INFO  handler.ContextHandler (ContextHandler.java:doStop(910)) - Stopped o.e.j.w.WebAppContext@68c4db77{/,null,UNAVAILABLE}{/hddsDatanode}
2019-09-12 10:33:35,177 [ForkJoinPool.commonPool-worker-1] INFO  handler.ContextHandler (ContextHandler.java:doStop(910)) - Stopped o.e.j.w.WebAppContext@299fc582{/,null,UNAVAILABLE}{/hddsDatanode}
2019-09-12 10:33:35,177 [main] INFO  server.AbstractConnector (AbstractConnector.java:doStop(318)) - Stopped ServerConnector@775c4054{HTTP/1.1,[http/1.1]}{0.0.0.0:0}
2019-09-12 10:33:35,177 [ForkJoinPool.commonPool-worker-1] INFO  server.AbstractConnector (AbstractConnector.java:doStop(318)) - Stopped ServerConnector@305aaedf{HTTP/1.1,[http/1.1]}{0.0.0.0:0}
2019-09-12 10:33:35,177 [main] INFO  handler.ContextHandler (ContextHandler.java:doStop(910)) - Stopped o.e.j.s.ServletContextHandler@71316cd7{/static,jar:file:/home/user/.m2/repository/org/apache/hadoop/hadoop-hdds-container-service/0.5.0-SNAPSHOT/hadoop-hdds-container-service-0.5.0-SNAPSHOT.jar!/webapps/static,UNAVAILABLE}
2019-09-12 10:33:35,179 [ForkJoinPool.commonPool-worker-1] INFO  handler.ContextHandler (ContextHandler.java:doStop(910)) - Stopped o.e.j.s.ServletContextHandler@1d7f2f0a{/static,jar:file:/home/user/.m2/repository/org/apache/hadoop/hadoop-hdds-container-service/0.5.0-SNAPSHOT/hadoop-hdds-container-service-0.5.0-SNAPSHOT.jar!/webapps/static,UNAVAILABLE}
2019-09-12 10:33:35,179 [main] INFO  handler.ContextHandler (ContextHandler.java:doStop(910)) - Stopped o.e.j.s.ServletContextHandler@1cdd31a4{/logs,file:///workdir/hadoop-ozone/integration-test/target/log,UNAVAILABLE}
2019-09-12 10:33:35,180 [ForkJoinPool.commonPool-worker-1] INFO  handler.ContextHandler (ContextHandler.java:doStop(910)) - Stopped o.e.j.s.ServletContextHandler@4fa91d5b{/logs,file:///workdir/hadoop-ozone/integration-test/target/log,UNAVAILABLE}
2019-09-12 10:33:35,181 [main] INFO  datanode.ObjectStoreHandler (ObjectStoreHandler.java:close(155)) - Closing ObjectStoreHandler.
2019-09-12 10:33:35,182 [ForkJoinPool.commonPool-worker-1] INFO  datanode.ObjectStoreHandler (ObjectStoreHandler.java:close(155)) - Closing ObjectStoreHandler.
2019-09-12 10:33:35,182 [main] INFO  ozone.HddsDatanodeService (HddsDatanodeService.java:stop(451)) - Stopped plug-in org.apache.hadoop.ozone.web.OzoneHddsDatanodeService@70f5f59d
2019-09-12 10:33:35,182 [ForkJoinPool.commonPool-worker-1] INFO  ozone.HddsDatanodeService (HddsDatanodeService.java:stop(451)) - Stopped plug-in org.apache.hadoop.ozone.web.OzoneHddsDatanodeService@6b030101
2019-09-12 10:33:35,470 | INFO  | SCMAudit | user=jenkins1000 | ip=192.168.157.195 | op=SEND_HEARTBEAT {datanodeUUID=010b2855-0e1d-4bbd-b76a-4560f989b9a3, command=[]} | ret=SUCCESS |  
2019-09-12 10:33:35,717 | INFO  | SCMAudit | user=jenkins1000 | ip=192.168.157.195 | op=SEND_HEARTBEAT {datanodeUUID=23027111-0173-428f-b853-b511524375b8, command=[]} | ret=SUCCESS |  
2019-09-12 10:33:35,856 [Datanode State Machine Thread - 0] INFO  statemachine.DatanodeStateMachine (DatanodeStateMachine.java:lambda$startDaemon$0(350)) - Ozone container server started.
2019-09-12 10:33:35,898 | INFO  | SCMAudit | user=jenkins1000 | ip=192.168.157.195 | op=SEND_HEARTBEAT {datanodeUUID=2936a8fb-498a-4f06-abab-ab51bafc30e4, command=[]} | ret=SUCCESS |  
2019-09-12 10:33:36,047 [Datanode State Machine Thread - 0] INFO  statemachine.DatanodeStateMachine (DatanodeStateMachine.java:lambda$startDaemon$0(350)) - Ozone container server started.
2019-09-12 10:33:36,470 | INFO  | SCMAudit | user=jenkins1000 | ip=192.168.157.195 | op=SEND_HEARTBEAT {datanodeUUID=010b2855-0e1d-4bbd-b76a-4560f989b9a3, command=[]} | ret=SUCCESS |  
2019-09-12 10:33:36,717 | INFO  | SCMAudit | user=jenkins1000 | ip=192.168.157.195 | op=SEND_HEARTBEAT {datanodeUUID=23027111-0173-428f-b853-b511524375b8, command=[]} | ret=SUCCESS |  
2019-09-12 10:33:36,898 | INFO  | SCMAudit | user=jenkins1000 | ip=192.168.157.195 | op=SEND_HEARTBEAT {datanodeUUID=2936a8fb-498a-4f06-abab-ab51bafc30e4, command=[]} | ret=SUCCESS |  
2019-09-12 10:33:37,471 | INFO  | SCMAudit | user=jenkins1000 | ip=192.168.157.195 | op=SEND_HEARTBEAT {datanodeUUID=010b2855-0e1d-4bbd-b76a-4560f989b9a3, command=[]} | ret=SUCCESS |  
2019-09-12 10:33:37,717 | INFO  | SCMAudit | user=jenkins1000 | ip=192.168.157.195 | op=SEND_HEARTBEAT {datanodeUUID=23027111-0173-428f-b853-b511524375b8, command=[]} | ret=SUCCESS |  
2019-09-12 10:33:37,898 | INFO  | SCMAudit | user=jenkins1000 | ip=192.168.157.195 | op=SEND_HEARTBEAT {datanodeUUID=2936a8fb-498a-4f06-abab-ab51bafc30e4, command=[]} | ret=SUCCESS |  
2019-09-12 10:33:38,471 | INFO  | SCMAudit | user=jenkins1000 | ip=192.168.157.195 | op=SEND_HEARTBEAT {datanodeUUID=010b2855-0e1d-4bbd-b76a-4560f989b9a3, command=[]} | ret=SUCCESS |  
2019-09-12 10:33:38,719 | INFO  | SCMAudit | user=jenkins1000 | ip=192.168.157.195 | op=SEND_HEARTBEAT {datanodeUUID=23027111-0173-428f-b853-b511524375b8, command=[]} | ret=SUCCESS |  
2019-09-12 10:33:38,899 | INFO  | SCMAudit | user=jenkins1000 | ip=192.168.157.195 | op=SEND_HEARTBEAT {datanodeUUID=2936a8fb-498a-4f06-abab-ab51bafc30e4, command=[]} | ret=SUCCESS |  
2019-09-12 10:33:39,471 | INFO  | SCMAudit | user=jenkins1000 | ip=192.168.157.195 | op=SEND_HEARTBEAT {datanodeUUID=010b2855-0e1d-4bbd-b76a-4560f989b9a3, command=[]} | ret=SUCCESS |  
2019-09-12 10:33:39,718 | INFO  | SCMAudit | user=jenkins1000 | ip=192.168.157.195 | op=SEND_HEARTBEAT {datanodeUUID=23027111-0173-428f-b853-b511524375b8, command=[]} | ret=SUCCESS |  
2019-09-12 10:33:39,899 | INFO  | SCMAudit | user=jenkins1000 | ip=192.168.157.195 | op=SEND_HEARTBEAT {datanodeUUID=2936a8fb-498a-4f06-abab-ab51bafc30e4, command=[]} | ret=SUCCESS |  
2019-09-12 10:33:40,183 [main] INFO  ozoneimpl.OzoneContainer (OzoneContainer.java:stop(199)) - Attempting to stop container services.
2019-09-12 10:33:40,183 [ForkJoinPool.commonPool-worker-1] INFO  ozoneimpl.OzoneContainer (OzoneContainer.java:stop(199)) - Attempting to stop container services.
2019-09-12 10:33:40,184 [main] INFO  impl.RaftServerProxy (RaftServerProxy.java:lambda$close$4(314)) - afdb29cf-c3b8-498d-8640-0d0c0297edd0: close
2019-09-12 10:33:40,184 [ForkJoinPool.commonPool-worker-1] INFO  impl.RaftServerProxy (RaftServerProxy.java:lambda$close$4(314)) - 8bce8832-9727-4b35-a9b5-3df7187e4e21: close
2019-09-12 10:33:40,184 [main] INFO  impl.RaftServerImpl (RaftServerImpl.java:lambda$shutdown$3(245)) - afdb29cf-c3b8-498d-8640-0d0c0297edd0: shutdown group-46B28BDEC6E5
2019-09-12 10:33:40,184 [ForkJoinPool.commonPool-worker-1] INFO  impl.RaftServerImpl (RaftServerImpl.java:lambda$shutdown$3(245)) - 8bce8832-9727-4b35-a9b5-3df7187e4e21: shutdown group-234A05874097
2019-09-12 10:33:40,185 [main] INFO  util.JmxRegister (JmxRegister.java:unregister(73)) - Successfully un-registered JMX Bean with object name Ratis:service=RaftServer,group=group-46B28BDEC6E5,id=afdb29cf-c3b8-498d-8640-0d0c0297edd0
2019-09-12 10:33:40,185 [ForkJoinPool.commonPool-worker-1] INFO  util.JmxRegister (JmxRegister.java:unregister(73)) - Successfully un-registered JMX Bean with object name Ratis:service=RaftServer,group=group-234A05874097,id=8bce8832-9727-4b35-a9b5-3df7187e4e21
2019-09-12 10:33:40,186 [ForkJoinPool.commonPool-worker-1] INFO  impl.RoleInfo (RoleInfo.java:shutdownLeaderState(104)) - 8bce8832-9727-4b35-a9b5-3df7187e4e21: shutdown LeaderState
2019-09-12 10:33:40,186 [main] INFO  impl.RoleInfo (RoleInfo.java:shutdownLeaderState(104)) - afdb29cf-c3b8-498d-8640-0d0c0297edd0: shutdown LeaderState
2019-09-12 10:33:40,186 [ForkJoinPool.commonPool-worker-1] INFO  impl.PendingRequests (PendingRequests.java:sendNotLeaderResponses(202)) - 8bce8832-9727-4b35-a9b5-3df7187e4e21-PendingRequests: sendNotLeaderResponses
2019-09-12 10:33:40,187 [main] INFO  impl.PendingRequests (PendingRequests.java:sendNotLeaderResponses(202)) - afdb29cf-c3b8-498d-8640-0d0c0297edd0-PendingRequests: sendNotLeaderResponses
2019-09-12 10:33:40,187 [ForkJoinPool.commonPool-worker-1] INFO  impl.StateMachineUpdater (StateMachineUpdater.java:stopAndJoin(115)) - StateMachineUpdater:8bce8832-9727-4b35-a9b5-3df7187e4e21:group-234A05874097: set stopIndex = 0
2019-09-12 10:33:40,188 [main] INFO  impl.StateMachineUpdater (StateMachineUpdater.java:stopAndJoin(115)) - StateMachineUpdater:afdb29cf-c3b8-498d-8640-0d0c0297edd0:group-46B28BDEC6E5: set stopIndex = 0
2019-09-12 10:33:40,188 [ForkJoinPool.commonPool-worker-1] INFO  impl.RaftServerImpl (ServerState.java:close(394)) - 8bce8832-9727-4b35-a9b5-3df7187e4e21:group-234A05874097 closes. The last applied log index is 0
2019-09-12 10:33:40,188 [main] INFO  impl.RaftServerImpl (ServerState.java:close(394)) - afdb29cf-c3b8-498d-8640-0d0c0297edd0:group-46B28BDEC6E5 closes. The last applied log index is 0
2019-09-12 10:33:40,189 [8bce8832-9727-4b35-a9b5-3df7187e4e21-SegmentedRaftLogWorker:Storage Directory /workdir/hadoop-ozone/integration-test/target/test-dir/MiniOzoneClusterImpl-2d656029-9dde-45a3-b7cd-f2d738c2cb44/datanode-2/data/ratis/f45248cc-4018-4410-8569-234a05874097] INFO  segmented.SegmentedRaftLogWorker (SegmentedRaftLogWorker.java:run(313)) - 8bce8832-9727-4b35-a9b5-3df7187e4e21-SegmentedRaftLogWorker:Storage Directory /workdir/hadoop-ozone/integration-test/target/test-dir/MiniOzoneClusterImpl-2d656029-9dde-45a3-b7cd-f2d738c2cb44/datanode-2/data/ratis/f45248cc-4018-4410-8569-234a05874097 was interrupted, exiting. There are 0 tasks remaining in the queue.
2019-09-12 10:33:40,189 [afdb29cf-c3b8-498d-8640-0d0c0297edd0-SegmentedRaftLogWorker:Storage Directory /workdir/hadoop-ozone/integration-test/target/test-dir/MiniOzoneClusterImpl-2d656029-9dde-45a3-b7cd-f2d738c2cb44/datanode-3/data/ratis/cfa9449f-1936-4b11-a36f-46b28bdec6e5] INFO  segmented.SegmentedRaftLogWorker (SegmentedRaftLogWorker.java:run(313)) - afdb29cf-c3b8-498d-8640-0d0c0297edd0-SegmentedRaftLogWorker:Storage Directory /workdir/hadoop-ozone/integration-test/target/test-dir/MiniOzoneClusterImpl-2d656029-9dde-45a3-b7cd-f2d738c2cb44/datanode-3/data/ratis/cfa9449f-1936-4b11-a36f-46b28bdec6e5 was interrupted, exiting. There are 0 tasks remaining in the queue.
2019-09-12 10:33:40,190 [ForkJoinPool.commonPool-worker-1] INFO  segmented.SegmentedRaftLogWorker (SegmentedRaftLogWorker.java:close(228)) - 8bce8832-9727-4b35-a9b5-3df7187e4e21-SegmentedRaftLogWorker:Storage Directory /workdir/hadoop-ozone/integration-test/target/test-dir/MiniOzoneClusterImpl-2d656029-9dde-45a3-b7cd-f2d738c2cb44/datanode-2/data/ratis/f45248cc-4018-4410-8569-234a05874097 close()
2019-09-12 10:33:40,190 [main] INFO  segmented.SegmentedRaftLogWorker (SegmentedRaftLogWorker.java:close(228)) - afdb29cf-c3b8-498d-8640-0d0c0297edd0-SegmentedRaftLogWorker:Storage Directory /workdir/hadoop-ozone/integration-test/target/test-dir/MiniOzoneClusterImpl-2d656029-9dde-45a3-b7cd-f2d738c2cb44/datanode-3/data/ratis/cfa9449f-1936-4b11-a36f-46b28bdec6e5 close()
2019-09-12 10:33:40,193 [ForkJoinPool.commonPool-worker-1] INFO  impl.RaftServerImpl (RaftServerImpl.java:lambda$shutdown$3(245)) - 8bce8832-9727-4b35-a9b5-3df7187e4e21: shutdown group-2952D1C11CE0
2019-09-12 10:33:40,195 [main] INFO  impl.RaftServerImpl (RaftServerImpl.java:lambda$shutdown$3(245)) - afdb29cf-c3b8-498d-8640-0d0c0297edd0: shutdown group-05E1CDAE1019
2019-09-12 10:33:40,196 [ForkJoinPool.commonPool-worker-1] INFO  util.JmxRegister (JmxRegister.java:unregister(73)) - Successfully un-registered JMX Bean with object name Ratis:service=RaftServer,group=group-2952D1C11CE0,id=8bce8832-9727-4b35-a9b5-3df7187e4e21
2019-09-12 10:33:40,196 [main] INFO  util.JmxRegister (JmxRegister.java:unregister(73)) - Successfully un-registered JMX Bean with object name Ratis:service=RaftServer,group=group-05E1CDAE1019,id=afdb29cf-c3b8-498d-8640-0d0c0297edd0
2019-09-12 10:33:40,197 [main] INFO  impl.RoleInfo (RoleInfo.java:shutdownLeaderState(104)) - afdb29cf-c3b8-498d-8640-0d0c0297edd0: shutdown LeaderState
2019-09-12 10:33:40,196 [ForkJoinPool.commonPool-worker-1] INFO  impl.RoleInfo (RoleInfo.java:shutdownLeaderState(104)) - 8bce8832-9727-4b35-a9b5-3df7187e4e21: shutdown LeaderState
2019-09-12 10:33:40,197 [main] INFO  impl.PendingRequests (PendingRequests.java:sendNotLeaderResponses(202)) - afdb29cf-c3b8-498d-8640-0d0c0297edd0-PendingRequests: sendNotLeaderResponses
2019-09-12 10:33:40,198 [ForkJoinPool.commonPool-worker-1] INFO  impl.PendingRequests (PendingRequests.java:sendNotLeaderResponses(202)) - 8bce8832-9727-4b35-a9b5-3df7187e4e21-PendingRequests: sendNotLeaderResponses
2019-09-12 10:33:40,198 [main] INFO  impl.StateMachineUpdater (StateMachineUpdater.java:stopAndJoin(115)) - StateMachineUpdater:afdb29cf-c3b8-498d-8640-0d0c0297edd0:group-05E1CDAE1019: set stopIndex = 0
2019-09-12 10:33:40,199 [main] INFO  impl.RaftServerImpl (ServerState.java:close(394)) - afdb29cf-c3b8-498d-8640-0d0c0297edd0:group-05E1CDAE1019 closes. The last applied log index is 0
2019-09-12 10:33:40,198 [ForkJoinPool.commonPool-worker-1] INFO  impl.StateMachineUpdater (StateMachineUpdater.java:stopAndJoin(115)) - StateMachineUpdater:8bce8832-9727-4b35-a9b5-3df7187e4e21:group-2952D1C11CE0: set stopIndex = 0
2019-09-12 10:33:40,199 [afdb29cf-c3b8-498d-8640-0d0c0297edd0-SegmentedRaftLogWorker:Storage Directory /workdir/hadoop-ozone/integration-test/target/test-dir/MiniOzoneClusterImpl-2d656029-9dde-45a3-b7cd-f2d738c2cb44/datanode-3/data/ratis/e5ca493b-1e28-40a4-ab1c-05e1cdae1019] INFO  segmented.SegmentedRaftLogWorker (SegmentedRaftLogWorker.java:run(313)) - afdb29cf-c3b8-498d-8640-0d0c0297edd0-SegmentedRaftLogWorker:Storage Directory /workdir/hadoop-ozone/integration-test/target/test-dir/MiniOzoneClusterImpl-2d656029-9dde-45a3-b7cd-f2d738c2cb44/datanode-3/data/ratis/e5ca493b-1e28-40a4-ab1c-05e1cdae1019 was interrupted, exiting. There are 0 tasks remaining in the queue.
2019-09-12 10:33:40,199 [ForkJoinPool.commonPool-worker-1] INFO  impl.RaftServerImpl (ServerState.java:close(394)) - 8bce8832-9727-4b35-a9b5-3df7187e4e21:group-2952D1C11CE0 closes. The last applied log index is 0
2019-09-12 10:33:40,200 [8bce8832-9727-4b35-a9b5-3df7187e4e21-SegmentedRaftLogWorker:Storage Directory /workdir/hadoop-ozone/integration-test/target/test-dir/MiniOzoneClusterImpl-2d656029-9dde-45a3-b7cd-f2d738c2cb44/datanode-2/data/ratis/4cf92583-69cd-4f01-bda3-2952d1c11ce0] INFO  segmented.SegmentedRaftLogWorker (SegmentedRaftLogWorker.java:run(313)) - 8bce8832-9727-4b35-a9b5-3df7187e4e21-SegmentedRaftLogWorker:Storage Directory /workdir/hadoop-ozone/integration-test/target/test-dir/MiniOzoneClusterImpl-2d656029-9dde-45a3-b7cd-f2d738c2cb44/datanode-2/data/ratis/4cf92583-69cd-4f01-bda3-2952d1c11ce0 was interrupted, exiting. There are 0 tasks remaining in the queue.
2019-09-12 10:33:40,202 [main] INFO  segmented.SegmentedRaftLogWorker (SegmentedRaftLogWorker.java:close(228)) - afdb29cf-c3b8-498d-8640-0d0c0297edd0-SegmentedRaftLogWorker:Storage Directory /workdir/hadoop-ozone/integration-test/target/test-dir/MiniOzoneClusterImpl-2d656029-9dde-45a3-b7cd-f2d738c2cb44/datanode-3/data/ratis/e5ca493b-1e28-40a4-ab1c-05e1cdae1019 close()
2019-09-12 10:33:40,202 [ForkJoinPool.commonPool-worker-1] INFO  segmented.SegmentedRaftLogWorker (SegmentedRaftLogWorker.java:close(228)) - 8bce8832-9727-4b35-a9b5-3df7187e4e21-SegmentedRaftLogWorker:Storage Directory /workdir/hadoop-ozone/integration-test/target/test-dir/MiniOzoneClusterImpl-2d656029-9dde-45a3-b7cd-f2d738c2cb44/datanode-2/data/ratis/4cf92583-69cd-4f01-bda3-2952d1c11ce0 close()
2019-09-12 10:33:40,204 [main] INFO  impl.RaftServerImpl (RaftServerImpl.java:lambda$shutdown$3(245)) - afdb29cf-c3b8-498d-8640-0d0c0297edd0: shutdown group-CF2AB5F1198C
2019-09-12 10:33:40,206 [ForkJoinPool.commonPool-worker-1] INFO  impl.RaftServerImpl (RaftServerImpl.java:lambda$shutdown$3(245)) - 8bce8832-9727-4b35-a9b5-3df7187e4e21: shutdown group-7FC6FAD3DCEE
2019-09-12 10:33:40,207 [main] INFO  util.JmxRegister (JmxRegister.java:unregister(73)) - Successfully un-registered JMX Bean with object name Ratis:service=RaftServer,group=group-CF2AB5F1198C,id=afdb29cf-c3b8-498d-8640-0d0c0297edd0
2019-09-12 10:33:40,207 [ForkJoinPool.commonPool-worker-1] INFO  util.JmxRegister (JmxRegister.java:unregister(73)) - Successfully un-registered JMX Bean with object name Ratis:service=RaftServer,group=group-7FC6FAD3DCEE,id=8bce8832-9727-4b35-a9b5-3df7187e4e21
2019-09-12 10:33:40,207 [main] INFO  impl.RoleInfo (RoleInfo.java:shutdownLeaderState(104)) - afdb29cf-c3b8-498d-8640-0d0c0297edd0: shutdown LeaderState
2019-09-12 10:33:40,208 [ForkJoinPool.commonPool-worker-1] INFO  impl.RoleInfo (RoleInfo.java:shutdownLeaderState(104)) - 8bce8832-9727-4b35-a9b5-3df7187e4e21: shutdown LeaderState
2019-09-12 10:33:40,208 [main] INFO  impl.PendingRequests (PendingRequests.java:sendNotLeaderResponses(202)) - afdb29cf-c3b8-498d-8640-0d0c0297edd0-PendingRequests: sendNotLeaderResponses
2019-09-12 10:33:40,209 [ForkJoinPool.commonPool-worker-1] INFO  impl.PendingRequests (PendingRequests.java:sendNotLeaderResponses(202)) - 8bce8832-9727-4b35-a9b5-3df7187e4e21-PendingRequests: sendNotLeaderResponses
2019-09-12 10:33:40,210 [main] INFO  impl.StateMachineUpdater (StateMachineUpdater.java:stopAndJoin(115)) - StateMachineUpdater:afdb29cf-c3b8-498d-8640-0d0c0297edd0:group-CF2AB5F1198C: set stopIndex = 0
2019-09-12 10:33:40,210 [ForkJoinPool.commonPool-worker-1] INFO  impl.StateMachineUpdater (StateMachineUpdater.java:stopAndJoin(115)) - StateMachineUpdater:8bce8832-9727-4b35-a9b5-3df7187e4e21:group-7FC6FAD3DCEE: set stopIndex = 0
2019-09-12 10:33:40,210 [main] INFO  impl.RaftServerImpl (ServerState.java:close(394)) - afdb29cf-c3b8-498d-8640-0d0c0297edd0:group-CF2AB5F1198C closes. The last applied log index is 0
2019-09-12 10:33:40,211 [ForkJoinPool.commonPool-worker-1] INFO  impl.RaftServerImpl (ServerState.java:close(394)) - 8bce8832-9727-4b35-a9b5-3df7187e4e21:group-7FC6FAD3DCEE closes. The last applied log index is 0
2019-09-12 10:33:40,211 [afdb29cf-c3b8-498d-8640-0d0c0297edd0-SegmentedRaftLogWorker:Storage Directory /workdir/hadoop-ozone/integration-test/target/test-dir/MiniOzoneClusterImpl-2d656029-9dde-45a3-b7cd-f2d738c2cb44/datanode-3/data/ratis/fd1bac9f-9015-4d0f-bb59-cf2ab5f1198c] INFO  segmented.SegmentedRaftLogWorker (SegmentedRaftLogWorker.java:run(313)) - afdb29cf-c3b8-498d-8640-0d0c0297edd0-SegmentedRaftLogWorker:Storage Directory /workdir/hadoop-ozone/integration-test/target/test-dir/MiniOzoneClusterImpl-2d656029-9dde-45a3-b7cd-f2d738c2cb44/datanode-3/data/ratis/fd1bac9f-9015-4d0f-bb59-cf2ab5f1198c was interrupted, exiting. There are 0 tasks remaining in the queue.
2019-09-12 10:33:40,212 [8bce8832-9727-4b35-a9b5-3df7187e4e21-SegmentedRaftLogWorker:Storage Directory /workdir/hadoop-ozone/integration-test/target/test-dir/MiniOzoneClusterImpl-2d656029-9dde-45a3-b7cd-f2d738c2cb44/datanode-2/data/ratis/39135a80-1991-4bf5-b91d-7fc6fad3dcee] INFO  segmented.SegmentedRaftLogWorker (SegmentedRaftLogWorker.java:run(313)) - 8bce8832-9727-4b35-a9b5-3df7187e4e21-SegmentedRaftLogWorker:Storage Directory /workdir/hadoop-ozone/integration-test/target/test-dir/MiniOzoneClusterImpl-2d656029-9dde-45a3-b7cd-f2d738c2cb44/datanode-2/data/ratis/39135a80-1991-4bf5-b91d-7fc6fad3dcee was interrupted, exiting. There are 0 tasks remaining in the queue.
2019-09-12 10:33:40,212 [main] INFO  segmented.SegmentedRaftLogWorker (SegmentedRaftLogWorker.java:close(228)) - afdb29cf-c3b8-498d-8640-0d0c0297edd0-SegmentedRaftLogWorker:Storage Directory /workdir/hadoop-ozone/integration-test/target/test-dir/MiniOzoneClusterImpl-2d656029-9dde-45a3-b7cd-f2d738c2cb44/datanode-3/data/ratis/fd1bac9f-9015-4d0f-bb59-cf2ab5f1198c close()
2019-09-12 10:33:40,212 [ForkJoinPool.commonPool-worker-1] INFO  segmented.SegmentedRaftLogWorker (SegmentedRaftLogWorker.java:close(228)) - 8bce8832-9727-4b35-a9b5-3df7187e4e21-SegmentedRaftLogWorker:Storage Directory /workdir/hadoop-ozone/integration-test/target/test-dir/MiniOzoneClusterImpl-2d656029-9dde-45a3-b7cd-f2d738c2cb44/datanode-2/data/ratis/39135a80-1991-4bf5-b91d-7fc6fad3dcee close()
2019-09-12 10:33:40,214 [main] INFO  impl.RaftServerImpl (RaftServerImpl.java:lambda$shutdown$3(245)) - afdb29cf-c3b8-498d-8640-0d0c0297edd0: shutdown group-0704C1B5DB76
2019-09-12 10:33:40,216 [ForkJoinPool.commonPool-worker-1] INFO  impl.RaftServerImpl (RaftServerImpl.java:lambda$shutdown$3(245)) - 8bce8832-9727-4b35-a9b5-3df7187e4e21: shutdown group-215A874479D8
2019-09-12 10:33:40,217 [main] INFO  util.JmxRegister (JmxRegister.java:unregister(73)) - Successfully un-registered JMX Bean with object name Ratis:service=RaftServer,group=group-0704C1B5DB76,id=afdb29cf-c3b8-498d-8640-0d0c0297edd0
2019-09-12 10:33:40,217 [ForkJoinPool.commonPool-worker-1] INFO  util.JmxRegister (JmxRegister.java:unregister(73)) - Successfully un-registered JMX Bean with object name Ratis:service=RaftServer,group=group-215A874479D8,id=8bce8832-9727-4b35-a9b5-3df7187e4e21
2019-09-12 10:33:40,217 [main] INFO  impl.RoleInfo (RoleInfo.java:shutdownLeaderState(104)) - afdb29cf-c3b8-498d-8640-0d0c0297edd0: shutdown LeaderState
2019-09-12 10:33:40,218 [ForkJoinPool.commonPool-worker-1] INFO  impl.RoleInfo (RoleInfo.java:shutdownLeaderState(104)) - 8bce8832-9727-4b35-a9b5-3df7187e4e21: shutdown LeaderState
2019-09-12 10:33:40,218 [main] INFO  impl.PendingRequests (PendingRequests.java:sendNotLeaderResponses(202)) - afdb29cf-c3b8-498d-8640-0d0c0297edd0-PendingRequests: sendNotLeaderResponses
2019-09-12 10:33:40,219 [ForkJoinPool.commonPool-worker-1] INFO  impl.PendingRequests (PendingRequests.java:sendNotLeaderResponses(202)) - 8bce8832-9727-4b35-a9b5-3df7187e4e21-PendingRequests: sendNotLeaderResponses
2019-09-12 10:33:40,219 [main] INFO  impl.StateMachineUpdater (StateMachineUpdater.java:stopAndJoin(115)) - StateMachineUpdater:afdb29cf-c3b8-498d-8640-0d0c0297edd0:group-0704C1B5DB76: set stopIndex = 0
2019-09-12 10:33:40,219 [ForkJoinPool.commonPool-worker-1] INFO  impl.StateMachineUpdater (StateMachineUpdater.java:stopAndJoin(115)) - StateMachineUpdater:8bce8832-9727-4b35-a9b5-3df7187e4e21:group-215A874479D8: set stopIndex = 0
2019-09-12 10:33:40,220 [main] INFO  impl.RaftServerImpl (ServerState.java:close(394)) - afdb29cf-c3b8-498d-8640-0d0c0297edd0:group-0704C1B5DB76 closes. The last applied log index is 0
2019-09-12 10:33:40,220 [ForkJoinPool.commonPool-worker-1] INFO  impl.RaftServerImpl (ServerState.java:close(394)) - 8bce8832-9727-4b35-a9b5-3df7187e4e21:group-215A874479D8 closes. The last applied log index is 0
2019-09-12 10:33:40,221 [afdb29cf-c3b8-498d-8640-0d0c0297edd0-SegmentedRaftLogWorker:Storage Directory /workdir/hadoop-ozone/integration-test/target/test-dir/MiniOzoneClusterImpl-2d656029-9dde-45a3-b7cd-f2d738c2cb44/datanode-3/data/ratis/f23bc04e-1a14-4cf3-a7e7-0704c1b5db76] INFO  segmented.SegmentedRaftLogWorker (SegmentedRaftLogWorker.java:run(313)) - afdb29cf-c3b8-498d-8640-0d0c0297edd0-SegmentedRaftLogWorker:Storage Directory /workdir/hadoop-ozone/integration-test/target/test-dir/MiniOzoneClusterImpl-2d656029-9dde-45a3-b7cd-f2d738c2cb44/datanode-3/data/ratis/f23bc04e-1a14-4cf3-a7e7-0704c1b5db76 was interrupted, exiting. There are 0 tasks remaining in the queue.
2019-09-12 10:33:40,221 [8bce8832-9727-4b35-a9b5-3df7187e4e21-SegmentedRaftLogWorker:Storage Directory /workdir/hadoop-ozone/integration-test/target/test-dir/MiniOzoneClusterImpl-2d656029-9dde-45a3-b7cd-f2d738c2cb44/datanode-2/data/ratis/3f700d1d-d26e-4ad4-b4f9-215a874479d8] INFO  segmented.SegmentedRaftLogWorker (SegmentedRaftLogWorker.java:run(313)) - 8bce8832-9727-4b35-a9b5-3df7187e4e21-SegmentedRaftLogWorker:Storage Directory /workdir/hadoop-ozone/integration-test/target/test-dir/MiniOzoneClusterImpl-2d656029-9dde-45a3-b7cd-f2d738c2cb44/datanode-2/data/ratis/3f700d1d-d26e-4ad4-b4f9-215a874479d8 was interrupted, exiting. There are 0 tasks remaining in the queue.
2019-09-12 10:33:40,221 [main] INFO  segmented.SegmentedRaftLogWorker (SegmentedRaftLogWorker.java:close(228)) - afdb29cf-c3b8-498d-8640-0d0c0297edd0-SegmentedRaftLogWorker:Storage Directory /workdir/hadoop-ozone/integration-test/target/test-dir/MiniOzoneClusterImpl-2d656029-9dde-45a3-b7cd-f2d738c2cb44/datanode-3/data/ratis/f23bc04e-1a14-4cf3-a7e7-0704c1b5db76 close()
2019-09-12 10:33:40,221 [ForkJoinPool.commonPool-worker-1] INFO  segmented.SegmentedRaftLogWorker (SegmentedRaftLogWorker.java:close(228)) - 8bce8832-9727-4b35-a9b5-3df7187e4e21-SegmentedRaftLogWorker:Storage Directory /workdir/hadoop-ozone/integration-test/target/test-dir/MiniOzoneClusterImpl-2d656029-9dde-45a3-b7cd-f2d738c2cb44/datanode-2/data/ratis/3f700d1d-d26e-4ad4-b4f9-215a874479d8 close()
2019-09-12 10:33:40,223 [main] INFO  impl.RaftServerImpl (RaftServerImpl.java:lambda$shutdown$3(245)) - afdb29cf-c3b8-498d-8640-0d0c0297edd0: shutdown group-4AC575061819
2019-09-12 10:33:40,225 [ForkJoinPool.commonPool-worker-1] INFO  impl.RaftServerImpl (RaftServerImpl.java:lambda$shutdown$3(245)) - 8bce8832-9727-4b35-a9b5-3df7187e4e21: shutdown group-A93A700E2FD9
2019-09-12 10:33:40,226 [main] INFO  util.JmxRegister (JmxRegister.java:unregister(73)) - Successfully un-registered JMX Bean with object name Ratis:service=RaftServer,group=group-4AC575061819,id=afdb29cf-c3b8-498d-8640-0d0c0297edd0
2019-09-12 10:33:40,226 [ForkJoinPool.commonPool-worker-1] INFO  util.JmxRegister (JmxRegister.java:unregister(73)) - Successfully un-registered JMX Bean with object name Ratis:service=RaftServer,group=group-A93A700E2FD9,id=8bce8832-9727-4b35-a9b5-3df7187e4e21
2019-09-12 10:33:40,226 [main] INFO  impl.RoleInfo (RoleInfo.java:shutdownLeaderState(104)) - afdb29cf-c3b8-498d-8640-0d0c0297edd0: shutdown LeaderState
2019-09-12 10:33:40,227 [ForkJoinPool.commonPool-worker-1] INFO  impl.RoleInfo (RoleInfo.java:shutdownLeaderState(104)) - 8bce8832-9727-4b35-a9b5-3df7187e4e21: shutdown LeaderState
2019-09-12 10:33:40,227 [main] INFO  impl.PendingRequests (PendingRequests.java:sendNotLeaderResponses(202)) - afdb29cf-c3b8-498d-8640-0d0c0297edd0-PendingRequests: sendNotLeaderResponses
2019-09-12 10:33:40,227 [ForkJoinPool.commonPool-worker-1] INFO  impl.PendingRequests (PendingRequests.java:sendNotLeaderResponses(202)) - 8bce8832-9727-4b35-a9b5-3df7187e4e21-PendingRequests: sendNotLeaderResponses
2019-09-12 10:33:40,228 [main] INFO  impl.StateMachineUpdater (StateMachineUpdater.java:stopAndJoin(115)) - StateMachineUpdater:afdb29cf-c3b8-498d-8640-0d0c0297edd0:group-4AC575061819: set stopIndex = 0
2019-09-12 10:33:40,228 [ForkJoinPool.commonPool-worker-1] INFO  impl.StateMachineUpdater (StateMachineUpdater.java:stopAndJoin(115)) - StateMachineUpdater:8bce8832-9727-4b35-a9b5-3df7187e4e21:group-A93A700E2FD9: set stopIndex = 0
2019-09-12 10:33:40,229 [main] INFO  impl.RaftServerImpl (ServerState.java:close(394)) - afdb29cf-c3b8-498d-8640-0d0c0297edd0:group-4AC575061819 closes. The last applied log index is 0
2019-09-12 10:33:40,229 [ForkJoinPool.commonPool-worker-1] INFO  impl.RaftServerImpl (ServerState.java:close(394)) - 8bce8832-9727-4b35-a9b5-3df7187e4e21:group-A93A700E2FD9 closes. The last applied log index is 0
2019-09-12 10:33:40,229 [afdb29cf-c3b8-498d-8640-0d0c0297edd0-SegmentedRaftLogWorker:Storage Directory /workdir/hadoop-ozone/integration-test/target/test-dir/MiniOzoneClusterImpl-2d656029-9dde-45a3-b7cd-f2d738c2cb44/datanode-3/data/ratis/b3f4f7ca-95bb-4b0a-b789-4ac575061819] INFO  segmented.SegmentedRaftLogWorker (SegmentedRaftLogWorker.java:run(313)) - afdb29cf-c3b8-498d-8640-0d0c0297edd0-SegmentedRaftLogWorker:Storage Directory /workdir/hadoop-ozone/integration-test/target/test-dir/MiniOzoneClusterImpl-2d656029-9dde-45a3-b7cd-f2d738c2cb44/datanode-3/data/ratis/b3f4f7ca-95bb-4b0a-b789-4ac575061819 was interrupted, exiting. There are 0 tasks remaining in the queue.
2019-09-12 10:33:40,230 [8bce8832-9727-4b35-a9b5-3df7187e4e21-SegmentedRaftLogWorker:Storage Directory /workdir/hadoop-ozone/integration-test/target/test-dir/MiniOzoneClusterImpl-2d656029-9dde-45a3-b7cd-f2d738c2cb44/datanode-2/data/ratis/a8a83a12-59ce-4fc5-bf17-a93a700e2fd9] INFO  segmented.SegmentedRaftLogWorker (SegmentedRaftLogWorker.java:run(313)) - 8bce8832-9727-4b35-a9b5-3df7187e4e21-SegmentedRaftLogWorker:Storage Directory /workdir/hadoop-ozone/integration-test/target/test-dir/MiniOzoneClusterImpl-2d656029-9dde-45a3-b7cd-f2d738c2cb44/datanode-2/data/ratis/a8a83a12-59ce-4fc5-bf17-a93a700e2fd9 was interrupted, exiting. There are 0 tasks remaining in the queue.
2019-09-12 10:33:40,230 [main] INFO  segmented.SegmentedRaftLogWorker (SegmentedRaftLogWorker.java:close(228)) - afdb29cf-c3b8-498d-8640-0d0c0297edd0-SegmentedRaftLogWorker:Storage Directory /workdir/hadoop-ozone/integration-test/target/test-dir/MiniOzoneClusterImpl-2d656029-9dde-45a3-b7cd-f2d738c2cb44/datanode-3/data/ratis/b3f4f7ca-95bb-4b0a-b789-4ac575061819 close()
2019-09-12 10:33:40,230 [ForkJoinPool.commonPool-worker-1] INFO  segmented.SegmentedRaftLogWorker (SegmentedRaftLogWorker.java:close(228)) - 8bce8832-9727-4b35-a9b5-3df7187e4e21-SegmentedRaftLogWorker:Storage Directory /workdir/hadoop-ozone/integration-test/target/test-dir/MiniOzoneClusterImpl-2d656029-9dde-45a3-b7cd-f2d738c2cb44/datanode-2/data/ratis/a8a83a12-59ce-4fc5-bf17-a93a700e2fd9 close()
2019-09-12 10:33:40,232 [main] INFO  impl.RaftServerImpl (RaftServerImpl.java:lambda$shutdown$3(245)) - afdb29cf-c3b8-498d-8640-0d0c0297edd0: shutdown group-A7D9CBD0A61B
2019-09-12 10:33:40,234 [ForkJoinPool.commonPool-worker-1] INFO  impl.RaftServerImpl (RaftServerImpl.java:lambda$shutdown$3(245)) - 8bce8832-9727-4b35-a9b5-3df7187e4e21: shutdown group-0C14359CC2BF
2019-09-12 10:33:40,234 [main] INFO  util.JmxRegister (JmxRegister.java:unregister(73)) - Successfully un-registered JMX Bean with object name Ratis:service=RaftServer,group=group-A7D9CBD0A61B,id=afdb29cf-c3b8-498d-8640-0d0c0297edd0
2019-09-12 10:33:40,235 [main] INFO  impl.RoleInfo (RoleInfo.java:shutdownLeaderState(104)) - afdb29cf-c3b8-498d-8640-0d0c0297edd0: shutdown LeaderState
2019-09-12 10:33:40,235 [ForkJoinPool.commonPool-worker-1] INFO  util.JmxRegister (JmxRegister.java:unregister(73)) - Successfully un-registered JMX Bean with object name Ratis:service=RaftServer,group=group-0C14359CC2BF,id=8bce8832-9727-4b35-a9b5-3df7187e4e21
2019-09-12 10:33:40,236 [main] INFO  impl.PendingRequests (PendingRequests.java:sendNotLeaderResponses(202)) - afdb29cf-c3b8-498d-8640-0d0c0297edd0-PendingRequests: sendNotLeaderResponses
2019-09-12 10:33:40,236 [ForkJoinPool.commonPool-worker-1] INFO  impl.RoleInfo (RoleInfo.java:shutdownLeaderState(104)) - 8bce8832-9727-4b35-a9b5-3df7187e4e21: shutdown LeaderState
2019-09-12 10:33:40,236 [main] INFO  impl.StateMachineUpdater (StateMachineUpdater.java:stopAndJoin(115)) - StateMachineUpdater:afdb29cf-c3b8-498d-8640-0d0c0297edd0:group-A7D9CBD0A61B: set stopIndex = 0
2019-09-12 10:33:40,237 [ForkJoinPool.commonPool-worker-1] INFO  impl.PendingRequests (PendingRequests.java:sendNotLeaderResponses(202)) - 8bce8832-9727-4b35-a9b5-3df7187e4e21-PendingRequests: sendNotLeaderResponses
2019-09-12 10:33:40,237 [main] INFO  impl.RaftServerImpl (ServerState.java:close(394)) - afdb29cf-c3b8-498d-8640-0d0c0297edd0:group-A7D9CBD0A61B closes. The last applied log index is 0
2019-09-12 10:33:40,237 [ForkJoinPool.commonPool-worker-1] INFO  impl.StateMachineUpdater (StateMachineUpdater.java:stopAndJoin(115)) - StateMachineUpdater:8bce8832-9727-4b35-a9b5-3df7187e4e21:group-0C14359CC2BF: set stopIndex = 0
2019-09-12 10:33:40,238 [afdb29cf-c3b8-498d-8640-0d0c0297edd0-SegmentedRaftLogWorker:Storage Directory /workdir/hadoop-ozone/integration-test/target/test-dir/MiniOzoneClusterImpl-2d656029-9dde-45a3-b7cd-f2d738c2cb44/datanode-3/data/ratis/22df7496-e478-44e7-ab3a-a7d9cbd0a61b] INFO  segmented.SegmentedRaftLogWorker (SegmentedRaftLogWorker.java:run(313)) - afdb29cf-c3b8-498d-8640-0d0c0297edd0-SegmentedRaftLogWorker:Storage Directory /workdir/hadoop-ozone/integration-test/target/test-dir/MiniOzoneClusterImpl-2d656029-9dde-45a3-b7cd-f2d738c2cb44/datanode-3/data/ratis/22df7496-e478-44e7-ab3a-a7d9cbd0a61b was interrupted, exiting. There are 0 tasks remaining in the queue.
2019-09-12 10:33:40,238 [ForkJoinPool.commonPool-worker-1] INFO  impl.RaftServerImpl (ServerState.java:close(394)) - 8bce8832-9727-4b35-a9b5-3df7187e4e21:group-0C14359CC2BF closes. The last applied log index is 0
2019-09-12 10:33:40,238 [main] INFO  segmented.SegmentedRaftLogWorker (SegmentedRaftLogWorker.java:close(228)) - afdb29cf-c3b8-498d-8640-0d0c0297edd0-SegmentedRaftLogWorker:Storage Directory /workdir/hadoop-ozone/integration-test/target/test-dir/MiniOzoneClusterImpl-2d656029-9dde-45a3-b7cd-f2d738c2cb44/datanode-3/data/ratis/22df7496-e478-44e7-ab3a-a7d9cbd0a61b close()
2019-09-12 10:33:40,239 [8bce8832-9727-4b35-a9b5-3df7187e4e21-SegmentedRaftLogWorker:Storage Directory /workdir/hadoop-ozone/integration-test/target/test-dir/MiniOzoneClusterImpl-2d656029-9dde-45a3-b7cd-f2d738c2cb44/datanode-2/data/ratis/482f08cc-ff13-4800-bb3c-0c14359cc2bf] INFO  segmented.SegmentedRaftLogWorker (SegmentedRaftLogWorker.java:run(313)) - 8bce8832-9727-4b35-a9b5-3df7187e4e21-SegmentedRaftLogWorker:Storage Directory /workdir/hadoop-ozone/integration-test/target/test-dir/MiniOzoneClusterImpl-2d656029-9dde-45a3-b7cd-f2d738c2cb44/datanode-2/data/ratis/482f08cc-ff13-4800-bb3c-0c14359cc2bf was interrupted, exiting. There are 0 tasks remaining in the queue.
2019-09-12 10:33:40,241 [main] INFO  server.GrpcService (GrpcService.java:closeImpl(155)) - afdb29cf-c3b8-498d-8640-0d0c0297edd0: shutdown server with port 42480 now
2019-09-12 10:33:40,241 [ForkJoinPool.commonPool-worker-1] INFO  segmented.SegmentedRaftLogWorker (SegmentedRaftLogWorker.java:close(228)) - 8bce8832-9727-4b35-a9b5-3df7187e4e21-SegmentedRaftLogWorker:Storage Directory /workdir/hadoop-ozone/integration-test/target/test-dir/MiniOzoneClusterImpl-2d656029-9dde-45a3-b7cd-f2d738c2cb44/datanode-2/data/ratis/482f08cc-ff13-4800-bb3c-0c14359cc2bf close()
2019-09-12 10:33:40,245 [main] INFO  server.GrpcService (GrpcService.java:closeImpl(163)) - afdb29cf-c3b8-498d-8640-0d0c0297edd0: shutdown server with port 42480 successfully
2019-09-12 10:33:40,245 [ForkJoinPool.commonPool-worker-1] INFO  server.GrpcService (GrpcService.java:closeImpl(155)) - 8bce8832-9727-4b35-a9b5-3df7187e4e21: shutdown server with port 43912 now
2019-09-12 10:33:40,247 [ForkJoinPool.commonPool-worker-1] INFO  server.GrpcService (GrpcService.java:closeImpl(163)) - 8bce8832-9727-4b35-a9b5-3df7187e4e21: shutdown server with port 43912 successfully
2019-09-12 10:33:40,249 [ForkJoinPool.commonPool-worker-1] INFO  utils.BackgroundService (BackgroundService.java:shutdown(148)) - Shutting down service BlockDeletingService
2019-09-12 10:33:40,251 [refreshUsed-/workdir/hadoop-ozone/integration-test/target/test-dir/MiniOzoneClusterImpl-2d656029-9dde-45a3-b7cd-f2d738c2cb44/datanode-2/data/containers] WARN  fs.CachingGetSpaceUsed (CachingGetSpaceUsed.java:run(183)) - Thread Interrupted waiting to refresh disk information: sleep interrupted
2019-09-12 10:33:40,254 [main] INFO  utils.BackgroundService (BackgroundService.java:shutdown(148)) - Shutting down service BlockDeletingService
2019-09-12 10:33:40,258 [refreshUsed-/workdir/hadoop-ozone/integration-test/target/test-dir/MiniOzoneClusterImpl-2d656029-9dde-45a3-b7cd-f2d738c2cb44/datanode-3/data/containers] WARN  fs.CachingGetSpaceUsed (CachingGetSpaceUsed.java:run(183)) - Thread Interrupted waiting to refresh disk information: sleep interrupted
2019-09-12 10:33:40,278 [main] INFO  statemachine.DatanodeStateMachine (DatanodeStateMachine.java:stopDaemon(395)) - Ozone container server stopped.
2019-09-12 10:33:40,280 [ForkJoinPool.commonPool-worker-1] INFO  statemachine.DatanodeStateMachine (DatanodeStateMachine.java:stopDaemon(395)) - Ozone container server stopped.
2019-09-12 10:33:40,285 [main] INFO  handler.ContextHandler (ContextHandler.java:doStop(910)) - Stopped o.e.j.w.WebAppContext@6b751cb1{/,null,UNAVAILABLE}{/hddsDatanode}
2019-09-12 10:33:40,285 [ForkJoinPool.commonPool-worker-1] INFO  handler.ContextHandler (ContextHandler.java:doStop(910)) - Stopped o.e.j.w.WebAppContext@46a388cc{/,null,UNAVAILABLE}{/hddsDatanode}
2019-09-12 10:33:40,286 [main] INFO  server.AbstractConnector (AbstractConnector.java:doStop(318)) - Stopped ServerConnector@df9d400{HTTP/1.1,[http/1.1]}{0.0.0.0:0}
2019-09-12 10:33:40,286 [ForkJoinPool.commonPool-worker-1] INFO  server.AbstractConnector (AbstractConnector.java:doStop(318)) - Stopped ServerConnector@3e39f08c{HTTP/1.1,[http/1.1]}{0.0.0.0:0}
2019-09-12 10:33:40,287 [main] INFO  handler.ContextHandler (ContextHandler.java:doStop(910)) - Stopped o.e.j.s.ServletContextHandler@2493eec6{/static,jar:file:/home/user/.m2/repository/org/apache/hadoop/hadoop-hdds-container-service/0.5.0-SNAPSHOT/hadoop-hdds-container-service-0.5.0-SNAPSHOT.jar!/webapps/static,UNAVAILABLE}
2019-09-12 10:33:40,288 [ForkJoinPool.commonPool-worker-1] INFO  handler.ContextHandler (ContextHandler.java:doStop(910)) - Stopped o.e.j.s.ServletContextHandler@7d626f2{/static,jar:file:/home/user/.m2/repository/org/apache/hadoop/hadoop-hdds-container-service/0.5.0-SNAPSHOT/hadoop-hdds-container-service-0.5.0-SNAPSHOT.jar!/webapps/static,UNAVAILABLE}
2019-09-12 10:33:40,289 [main] INFO  handler.ContextHandler (ContextHandler.java:doStop(910)) - Stopped o.e.j.s.ServletContextHandler@c0013b8{/logs,file:///workdir/hadoop-ozone/integration-test/target/log,UNAVAILABLE}
2019-09-12 10:33:40,290 [ForkJoinPool.commonPool-worker-1] INFO  handler.ContextHandler (ContextHandler.java:doStop(910)) - Stopped o.e.j.s.ServletContextHandler@123ca460{/logs,file:///workdir/hadoop-ozone/integration-test/target/log,UNAVAILABLE}
2019-09-12 10:33:40,292 [main] INFO  datanode.ObjectStoreHandler (ObjectStoreHandler.java:close(155)) - Closing ObjectStoreHandler.
2019-09-12 10:33:40,292 [ForkJoinPool.commonPool-worker-1] INFO  datanode.ObjectStoreHandler (ObjectStoreHandler.java:close(155)) - Closing ObjectStoreHandler.
2019-09-12 10:33:40,293 [main] INFO  ozone.HddsDatanodeService (HddsDatanodeService.java:stop(451)) - Stopped plug-in org.apache.hadoop.ozone.web.OzoneHddsDatanodeService@47c5cbf2
2019-09-12 10:33:40,293 [ForkJoinPool.commonPool-worker-1] INFO  ozone.HddsDatanodeService (HddsDatanodeService.java:stop(451)) - Stopped plug-in org.apache.hadoop.ozone.web.OzoneHddsDatanodeService@4b5798c2
2019-09-12 10:33:40,470 [Datanode State Machine Thread - 0] INFO  statemachine.DatanodeStateMachine (DatanodeStateMachine.java:lambda$startDaemon$0(350)) - Ozone container server started.
2019-09-12 10:33:40,719 | INFO  | SCMAudit | user=jenkins1000 | ip=192.168.157.195 | op=SEND_HEARTBEAT {datanodeUUID=23027111-0173-428f-b853-b511524375b8, command=[]} | ret=SUCCESS |  
2019-09-12 10:33:40,897 [Datanode State Machine Thread - 0] INFO  statemachine.DatanodeStateMachine (DatanodeStateMachine.java:lambda$startDaemon$0(350)) - Ozone container server started.
2019-09-12 10:33:41,718 | INFO  | SCMAudit | user=jenkins1000 | ip=192.168.157.195 | op=SEND_HEARTBEAT {datanodeUUID=23027111-0173-428f-b853-b511524375b8, command=[]} | ret=SUCCESS |  
2019-09-12 10:33:42,718 | INFO  | SCMAudit | user=jenkins1000 | ip=192.168.157.195 | op=SEND_HEARTBEAT {datanodeUUID=23027111-0173-428f-b853-b511524375b8, command=[]} | ret=SUCCESS |  
2019-09-12 10:33:43,718 | INFO  | SCMAudit | user=jenkins1000 | ip=192.168.157.195 | op=SEND_HEARTBEAT {datanodeUUID=23027111-0173-428f-b853-b511524375b8, command=[]} | ret=SUCCESS |  
2019-09-12 10:33:44,718 | INFO  | SCMAudit | user=jenkins1000 | ip=192.168.157.195 | op=SEND_HEARTBEAT {datanodeUUID=23027111-0173-428f-b853-b511524375b8, command=[]} | ret=SUCCESS |  
2019-09-12 10:33:45,294 [main] INFO  ozoneimpl.OzoneContainer (OzoneContainer.java:stop(199)) - Attempting to stop container services.
2019-09-12 10:33:45,294 [ForkJoinPool.commonPool-worker-1] INFO  ozoneimpl.OzoneContainer (OzoneContainer.java:stop(199)) - Attempting to stop container services.
2019-09-12 10:33:45,295 [main] INFO  impl.RaftServerProxy (RaftServerProxy.java:lambda$close$4(314)) - 2936a8fb-498a-4f06-abab-ab51bafc30e4: close
2019-09-12 10:33:45,295 [ForkJoinPool.commonPool-worker-1] INFO  impl.RaftServerProxy (RaftServerProxy.java:lambda$close$4(314)) - 010b2855-0e1d-4bbd-b76a-4560f989b9a3: close
2019-09-12 10:33:45,297 [main] INFO  impl.RaftServerImpl (RaftServerImpl.java:lambda$shutdown$3(245)) - 2936a8fb-498a-4f06-abab-ab51bafc30e4: shutdown group-99D3E23DEEC0
2019-09-12 10:33:45,297 [ForkJoinPool.commonPool-worker-1] INFO  impl.RaftServerImpl (RaftServerImpl.java:lambda$shutdown$3(245)) - 010b2855-0e1d-4bbd-b76a-4560f989b9a3: shutdown group-693E6D66FD06
2019-09-12 10:33:45,297 [main] INFO  util.JmxRegister (JmxRegister.java:unregister(73)) - Successfully un-registered JMX Bean with object name Ratis:service=RaftServer,group=group-99D3E23DEEC0,id=2936a8fb-498a-4f06-abab-ab51bafc30e4
2019-09-12 10:33:45,298 [ForkJoinPool.commonPool-worker-1] INFO  util.JmxRegister (JmxRegister.java:unregister(73)) - Successfully un-registered JMX Bean with object name Ratis:service=RaftServer,group=group-693E6D66FD06,id=010b2855-0e1d-4bbd-b76a-4560f989b9a3
2019-09-12 10:33:45,298 [main] INFO  impl.RoleInfo (RoleInfo.java:shutdownLeaderState(104)) - 2936a8fb-498a-4f06-abab-ab51bafc30e4: shutdown LeaderState
2019-09-12 10:33:45,298 [ForkJoinPool.commonPool-worker-1] INFO  impl.RoleInfo (RoleInfo.java:shutdownLeaderState(104)) - 010b2855-0e1d-4bbd-b76a-4560f989b9a3: shutdown LeaderState
2019-09-12 10:33:45,298 [main] INFO  impl.PendingRequests (PendingRequests.java:sendNotLeaderResponses(202)) - 2936a8fb-498a-4f06-abab-ab51bafc30e4-PendingRequests: sendNotLeaderResponses
2019-09-12 10:33:45,299 [ForkJoinPool.commonPool-worker-1] INFO  impl.PendingRequests (PendingRequests.java:sendNotLeaderResponses(202)) - 010b2855-0e1d-4bbd-b76a-4560f989b9a3-PendingRequests: sendNotLeaderResponses
2019-09-12 10:33:45,299 [main] INFO  impl.StateMachineUpdater (StateMachineUpdater.java:stopAndJoin(115)) - StateMachineUpdater:2936a8fb-498a-4f06-abab-ab51bafc30e4:group-99D3E23DEEC0: set stopIndex = 0
2019-09-12 10:33:45,299 [ForkJoinPool.commonPool-worker-1] INFO  impl.StateMachineUpdater (StateMachineUpdater.java:stopAndJoin(115)) - StateMachineUpdater:010b2855-0e1d-4bbd-b76a-4560f989b9a3:group-693E6D66FD06: set stopIndex = 0
2019-09-12 10:33:45,300 [main] INFO  impl.RaftServerImpl (ServerState.java:close(394)) - 2936a8fb-498a-4f06-abab-ab51bafc30e4:group-99D3E23DEEC0 closes. The last applied log index is 0
2019-09-12 10:33:45,300 [ForkJoinPool.commonPool-worker-1] INFO  impl.RaftServerImpl (ServerState.java:close(394)) - 010b2855-0e1d-4bbd-b76a-4560f989b9a3:group-693E6D66FD06 closes. The last applied log index is 0
2019-09-12 10:33:45,300 [2936a8fb-498a-4f06-abab-ab51bafc30e4-SegmentedRaftLogWorker:Storage Directory /workdir/hadoop-ozone/integration-test/target/test-dir/MiniOzoneClusterImpl-2d656029-9dde-45a3-b7cd-f2d738c2cb44/datanode-6/data/ratis/c392bb4c-a0e9-487e-bf74-99d3e23deec0] INFO  segmented.SegmentedRaftLogWorker (SegmentedRaftLogWorker.java:run(313)) - 2936a8fb-498a-4f06-abab-ab51bafc30e4-SegmentedRaftLogWorker:Storage Directory /workdir/hadoop-ozone/integration-test/target/test-dir/MiniOzoneClusterImpl-2d656029-9dde-45a3-b7cd-f2d738c2cb44/datanode-6/data/ratis/c392bb4c-a0e9-487e-bf74-99d3e23deec0 was interrupted, exiting. There are 0 tasks remaining in the queue.
2019-09-12 10:33:45,301 [010b2855-0e1d-4bbd-b76a-4560f989b9a3-SegmentedRaftLogWorker:Storage Directory /workdir/hadoop-ozone/integration-test/target/test-dir/MiniOzoneClusterImpl-2d656029-9dde-45a3-b7cd-f2d738c2cb44/datanode-0/data/ratis/52045401-cf95-4e7e-b7a2-693e6d66fd06] INFO  segmented.SegmentedRaftLogWorker (SegmentedRaftLogWorker.java:run(313)) - 010b2855-0e1d-4bbd-b76a-4560f989b9a3-SegmentedRaftLogWorker:Storage Directory /workdir/hadoop-ozone/integration-test/target/test-dir/MiniOzoneClusterImpl-2d656029-9dde-45a3-b7cd-f2d738c2cb44/datanode-0/data/ratis/52045401-cf95-4e7e-b7a2-693e6d66fd06 was interrupted, exiting. There are 0 tasks remaining in the queue.
2019-09-12 10:33:45,301 [main] INFO  segmented.SegmentedRaftLogWorker (SegmentedRaftLogWorker.java:close(228)) - 2936a8fb-498a-4f06-abab-ab51bafc30e4-SegmentedRaftLogWorker:Storage Directory /workdir/hadoop-ozone/integration-test/target/test-dir/MiniOzoneClusterImpl-2d656029-9dde-45a3-b7cd-f2d738c2cb44/datanode-6/data/ratis/c392bb4c-a0e9-487e-bf74-99d3e23deec0 close()
2019-09-12 10:33:45,301 [ForkJoinPool.commonPool-worker-1] INFO  segmented.SegmentedRaftLogWorker (SegmentedRaftLogWorker.java:close(228)) - 010b2855-0e1d-4bbd-b76a-4560f989b9a3-SegmentedRaftLogWorker:Storage Directory /workdir/hadoop-ozone/integration-test/target/test-dir/MiniOzoneClusterImpl-2d656029-9dde-45a3-b7cd-f2d738c2cb44/datanode-0/data/ratis/52045401-cf95-4e7e-b7a2-693e6d66fd06 close()
2019-09-12 10:33:45,303 [main] INFO  impl.RaftServerImpl (RaftServerImpl.java:lambda$shutdown$3(245)) - 2936a8fb-498a-4f06-abab-ab51bafc30e4: shutdown group-4C01FE35631A
2019-09-12 10:33:45,305 [ForkJoinPool.commonPool-worker-1] INFO  impl.RaftServerImpl (RaftServerImpl.java:lambda$shutdown$3(245)) - 010b2855-0e1d-4bbd-b76a-4560f989b9a3: shutdown group-EF01FADACA86
2019-09-12 10:33:45,305 [main] INFO  util.JmxRegister (JmxRegister.java:unregister(73)) - Successfully un-registered JMX Bean with object name Ratis:service=RaftServer,group=group-4C01FE35631A,id=2936a8fb-498a-4f06-abab-ab51bafc30e4
2019-09-12 10:33:45,306 [ForkJoinPool.commonPool-worker-1] INFO  util.JmxRegister (JmxRegister.java:unregister(73)) - Successfully un-registered JMX Bean with object name Ratis:service=RaftServer,group=group-EF01FADACA86,id=010b2855-0e1d-4bbd-b76a-4560f989b9a3
2019-09-12 10:33:45,306 [main] INFO  impl.RoleInfo (RoleInfo.java:shutdownLeaderState(104)) - 2936a8fb-498a-4f06-abab-ab51bafc30e4: shutdown LeaderState
2019-09-12 10:33:45,306 [ForkJoinPool.commonPool-worker-1] INFO  impl.RoleInfo (RoleInfo.java:shutdownLeaderState(104)) - 010b2855-0e1d-4bbd-b76a-4560f989b9a3: shutdown LeaderState
2019-09-12 10:33:45,306 [main] INFO  impl.PendingRequests (PendingRequests.java:sendNotLeaderResponses(202)) - 2936a8fb-498a-4f06-abab-ab51bafc30e4-PendingRequests: sendNotLeaderResponses
2019-09-12 10:33:45,307 [ForkJoinPool.commonPool-worker-1] INFO  impl.PendingRequests (PendingRequests.java:sendNotLeaderResponses(202)) - 010b2855-0e1d-4bbd-b76a-4560f989b9a3-PendingRequests: sendNotLeaderResponses
2019-09-12 10:33:45,307 [main] INFO  impl.StateMachineUpdater (StateMachineUpdater.java:stopAndJoin(115)) - StateMachineUpdater:2936a8fb-498a-4f06-abab-ab51bafc30e4:group-4C01FE35631A: set stopIndex = 0
2019-09-12 10:33:45,307 [ForkJoinPool.commonPool-worker-1] INFO  impl.StateMachineUpdater (StateMachineUpdater.java:stopAndJoin(115)) - StateMachineUpdater:010b2855-0e1d-4bbd-b76a-4560f989b9a3:group-EF01FADACA86: set stopIndex = 0
2019-09-12 10:33:45,307 [main] INFO  impl.RaftServerImpl (ServerState.java:close(394)) - 2936a8fb-498a-4f06-abab-ab51bafc30e4:group-4C01FE35631A closes. The last applied log index is 0
2019-09-12 10:33:45,308 [ForkJoinPool.commonPool-worker-1] INFO  impl.RaftServerImpl (ServerState.java:close(394)) - 010b2855-0e1d-4bbd-b76a-4560f989b9a3:group-EF01FADACA86 closes. The last applied log index is 0
2019-09-12 10:33:45,308 [2936a8fb-498a-4f06-abab-ab51bafc30e4-SegmentedRaftLogWorker:Storage Directory /workdir/hadoop-ozone/integration-test/target/test-dir/MiniOzoneClusterImpl-2d656029-9dde-45a3-b7cd-f2d738c2cb44/datanode-6/data/ratis/21261f97-3d75-4d7e-847d-4c01fe35631a] INFO  segmented.SegmentedRaftLogWorker (SegmentedRaftLogWorker.java:run(313)) - 2936a8fb-498a-4f06-abab-ab51bafc30e4-SegmentedRaftLogWorker:Storage Directory /workdir/hadoop-ozone/integration-test/target/test-dir/MiniOzoneClusterImpl-2d656029-9dde-45a3-b7cd-f2d738c2cb44/datanode-6/data/ratis/21261f97-3d75-4d7e-847d-4c01fe35631a was interrupted, exiting. There are 0 tasks remaining in the queue.
2019-09-12 10:33:45,308 [main] INFO  segmented.SegmentedRaftLogWorker (SegmentedRaftLogWorker.java:close(228)) - 2936a8fb-498a-4f06-abab-ab51bafc30e4-SegmentedRaftLogWorker:Storage Directory /workdir/hadoop-ozone/integration-test/target/test-dir/MiniOzoneClusterImpl-2d656029-9dde-45a3-b7cd-f2d738c2cb44/datanode-6/data/ratis/21261f97-3d75-4d7e-847d-4c01fe35631a close()
2019-09-12 10:33:45,308 [010b2855-0e1d-4bbd-b76a-4560f989b9a3-SegmentedRaftLogWorker:Storage Directory /workdir/hadoop-ozone/integration-test/target/test-dir/MiniOzoneClusterImpl-2d656029-9dde-45a3-b7cd-f2d738c2cb44/datanode-0/data/ratis/31375fa1-1c1b-4961-b8bb-ef01fadaca86] INFO  segmented.SegmentedRaftLogWorker (SegmentedRaftLogWorker.java:run(313)) - 010b2855-0e1d-4bbd-b76a-4560f989b9a3-SegmentedRaftLogWorker:Storage Directory /workdir/hadoop-ozone/integration-test/target/test-dir/MiniOzoneClusterImpl-2d656029-9dde-45a3-b7cd-f2d738c2cb44/datanode-0/data/ratis/31375fa1-1c1b-4961-b8bb-ef01fadaca86 was interrupted, exiting. There are 0 tasks remaining in the queue.
2019-09-12 10:33:45,310 [main] INFO  impl.RaftServerImpl (RaftServerImpl.java:lambda$shutdown$3(245)) - 2936a8fb-498a-4f06-abab-ab51bafc30e4: shutdown group-A86602F96AAB
2019-09-12 10:33:45,310 [ForkJoinPool.commonPool-worker-1] INFO  segmented.SegmentedRaftLogWorker (SegmentedRaftLogWorker.java:close(228)) - 010b2855-0e1d-4bbd-b76a-4560f989b9a3-SegmentedRaftLogWorker:Storage Directory /workdir/hadoop-ozone/integration-test/target/test-dir/MiniOzoneClusterImpl-2d656029-9dde-45a3-b7cd-f2d738c2cb44/datanode-0/data/ratis/31375fa1-1c1b-4961-b8bb-ef01fadaca86 close()
2019-09-12 10:33:45,310 [main] INFO  util.JmxRegister (JmxRegister.java:unregister(73)) - Successfully un-registered JMX Bean with object name Ratis:service=RaftServer,group=group-A86602F96AAB,id=2936a8fb-498a-4f06-abab-ab51bafc30e4
2019-09-12 10:33:45,313 [ForkJoinPool.commonPool-worker-1] INFO  impl.RaftServerImpl (RaftServerImpl.java:lambda$shutdown$3(245)) - 010b2855-0e1d-4bbd-b76a-4560f989b9a3: shutdown group-CD9C9EFF6116
2019-09-12 10:33:45,313 [main] INFO  impl.RoleInfo (RoleInfo.java:shutdownLeaderState(104)) - 2936a8fb-498a-4f06-abab-ab51bafc30e4: shutdown LeaderState
2019-09-12 10:33:45,313 [ForkJoinPool.commonPool-worker-1] INFO  util.JmxRegister (JmxRegister.java:unregister(73)) - Successfully un-registered JMX Bean with object name Ratis:service=RaftServer,group=group-CD9C9EFF6116,id=010b2855-0e1d-4bbd-b76a-4560f989b9a3
2019-09-12 10:33:45,314 [main] INFO  impl.PendingRequests (PendingRequests.java:sendNotLeaderResponses(202)) - 2936a8fb-498a-4f06-abab-ab51bafc30e4-PendingRequests: sendNotLeaderResponses
2019-09-12 10:33:45,314 [ForkJoinPool.commonPool-worker-1] INFO  impl.RoleInfo (RoleInfo.java:shutdownLeaderState(104)) - 010b2855-0e1d-4bbd-b76a-4560f989b9a3: shutdown LeaderState
2019-09-12 10:33:45,314 [main] INFO  impl.StateMachineUpdater (StateMachineUpdater.java:stopAndJoin(115)) - StateMachineUpdater:2936a8fb-498a-4f06-abab-ab51bafc30e4:group-A86602F96AAB: set stopIndex = 0
2019-09-12 10:33:45,315 [ForkJoinPool.commonPool-worker-1] INFO  impl.PendingRequests (PendingRequests.java:sendNotLeaderResponses(202)) - 010b2855-0e1d-4bbd-b76a-4560f989b9a3-PendingRequests: sendNotLeaderResponses
2019-09-12 10:33:45,315 [main] INFO  impl.RaftServerImpl (ServerState.java:close(394)) - 2936a8fb-498a-4f06-abab-ab51bafc30e4:group-A86602F96AAB closes. The last applied log index is 0
2019-09-12 10:33:45,315 [ForkJoinPool.commonPool-worker-1] INFO  impl.StateMachineUpdater (StateMachineUpdater.java:stopAndJoin(115)) - StateMachineUpdater:010b2855-0e1d-4bbd-b76a-4560f989b9a3:group-CD9C9EFF6116: set stopIndex = 0
2019-09-12 10:33:45,316 [2936a8fb-498a-4f06-abab-ab51bafc30e4-SegmentedRaftLogWorker:Storage Directory /workdir/hadoop-ozone/integration-test/target/test-dir/MiniOzoneClusterImpl-2d656029-9dde-45a3-b7cd-f2d738c2cb44/datanode-6/data/ratis/05b9edad-27f9-4da5-a135-a86602f96aab] INFO  segmented.SegmentedRaftLogWorker (SegmentedRaftLogWorker.java:run(313)) - 2936a8fb-498a-4f06-abab-ab51bafc30e4-SegmentedRaftLogWorker:Storage Directory /workdir/hadoop-ozone/integration-test/target/test-dir/MiniOzoneClusterImpl-2d656029-9dde-45a3-b7cd-f2d738c2cb44/datanode-6/data/ratis/05b9edad-27f9-4da5-a135-a86602f96aab was interrupted, exiting. There are 0 tasks remaining in the queue.
2019-09-12 10:33:45,316 [ForkJoinPool.commonPool-worker-1] INFO  impl.RaftServerImpl (ServerState.java:close(394)) - 010b2855-0e1d-4bbd-b76a-4560f989b9a3:group-CD9C9EFF6116 closes. The last applied log index is 0
2019-09-12 10:33:45,316 [main] INFO  segmented.SegmentedRaftLogWorker (SegmentedRaftLogWorker.java:close(228)) - 2936a8fb-498a-4f06-abab-ab51bafc30e4-SegmentedRaftLogWorker:Storage Directory /workdir/hadoop-ozone/integration-test/target/test-dir/MiniOzoneClusterImpl-2d656029-9dde-45a3-b7cd-f2d738c2cb44/datanode-6/data/ratis/05b9edad-27f9-4da5-a135-a86602f96aab close()
2019-09-12 10:33:45,317 [010b2855-0e1d-4bbd-b76a-4560f989b9a3-SegmentedRaftLogWorker:Storage Directory /workdir/hadoop-ozone/integration-test/target/test-dir/MiniOzoneClusterImpl-2d656029-9dde-45a3-b7cd-f2d738c2cb44/datanode-0/data/ratis/e766b08d-65d6-4954-b587-cd9c9eff6116] INFO  segmented.SegmentedRaftLogWorker (SegmentedRaftLogWorker.java:run(313)) - 010b2855-0e1d-4bbd-b76a-4560f989b9a3-SegmentedRaftLogWorker:Storage Directory /workdir/hadoop-ozone/integration-test/target/test-dir/MiniOzoneClusterImpl-2d656029-9dde-45a3-b7cd-f2d738c2cb44/datanode-0/data/ratis/e766b08d-65d6-4954-b587-cd9c9eff6116 was interrupted, exiting. There are 0 tasks remaining in the queue.
2019-09-12 10:33:45,319 [main] INFO  impl.RaftServerImpl (RaftServerImpl.java:lambda$shutdown$3(245)) - 2936a8fb-498a-4f06-abab-ab51bafc30e4: shutdown group-7C48ACD2A735
2019-09-12 10:33:45,319 [ForkJoinPool.commonPool-worker-1] INFO  segmented.SegmentedRaftLogWorker (SegmentedRaftLogWorker.java:close(228)) - 010b2855-0e1d-4bbd-b76a-4560f989b9a3-SegmentedRaftLogWorker:Storage Directory /workdir/hadoop-ozone/integration-test/target/test-dir/MiniOzoneClusterImpl-2d656029-9dde-45a3-b7cd-f2d738c2cb44/datanode-0/data/ratis/e766b08d-65d6-4954-b587-cd9c9eff6116 close()
2019-09-12 10:33:45,320 [main] INFO  util.JmxRegister (JmxRegister.java:unregister(73)) - Successfully un-registered JMX Bean with object name Ratis:service=RaftServer,group=group-7C48ACD2A735,id=2936a8fb-498a-4f06-abab-ab51bafc30e4
2019-09-12 10:33:45,321 [ForkJoinPool.commonPool-worker-1] INFO  impl.RaftServerImpl (RaftServerImpl.java:lambda$shutdown$3(245)) - 010b2855-0e1d-4bbd-b76a-4560f989b9a3: shutdown group-3DF47C916A06
2019-09-12 10:33:45,321 [main] INFO  impl.RoleInfo (RoleInfo.java:shutdownLeaderState(104)) - 2936a8fb-498a-4f06-abab-ab51bafc30e4: shutdown LeaderState
2019-09-12 10:33:45,322 [ForkJoinPool.commonPool-worker-1] INFO  util.JmxRegister (JmxRegister.java:unregister(73)) - Successfully un-registered JMX Bean with object name Ratis:service=RaftServer,group=group-3DF47C916A06,id=010b2855-0e1d-4bbd-b76a-4560f989b9a3
2019-09-12 10:33:45,322 [main] INFO  impl.PendingRequests (PendingRequests.java:sendNotLeaderResponses(202)) - 2936a8fb-498a-4f06-abab-ab51bafc30e4-PendingRequests: sendNotLeaderResponses
2019-09-12 10:33:45,322 [ForkJoinPool.commonPool-worker-1] INFO  impl.RoleInfo (RoleInfo.java:shutdownLeaderState(104)) - 010b2855-0e1d-4bbd-b76a-4560f989b9a3: shutdown LeaderState
2019-09-12 10:33:45,323 [main] INFO  impl.StateMachineUpdater (StateMachineUpdater.java:stopAndJoin(115)) - StateMachineUpdater:2936a8fb-498a-4f06-abab-ab51bafc30e4:group-7C48ACD2A735: set stopIndex = 0
2019-09-12 10:33:45,323 [ForkJoinPool.commonPool-worker-1] INFO  impl.PendingRequests (PendingRequests.java:sendNotLeaderResponses(202)) - 010b2855-0e1d-4bbd-b76a-4560f989b9a3-PendingRequests: sendNotLeaderResponses
2019-09-12 10:33:45,323 [main] INFO  impl.RaftServerImpl (ServerState.java:close(394)) - 2936a8fb-498a-4f06-abab-ab51bafc30e4:group-7C48ACD2A735 closes. The last applied log index is 0
2019-09-12 10:33:45,323 [ForkJoinPool.commonPool-worker-1] INFO  impl.StateMachineUpdater (StateMachineUpdater.java:stopAndJoin(115)) - StateMachineUpdater:010b2855-0e1d-4bbd-b76a-4560f989b9a3:group-3DF47C916A06: set stopIndex = 0
2019-09-12 10:33:45,324 [2936a8fb-498a-4f06-abab-ab51bafc30e4-SegmentedRaftLogWorker:Storage Directory /workdir/hadoop-ozone/integration-test/target/test-dir/MiniOzoneClusterImpl-2d656029-9dde-45a3-b7cd-f2d738c2cb44/datanode-6/data/ratis/e2f67dbf-c05d-4b83-8931-7c48acd2a735] INFO  segmented.SegmentedRaftLogWorker (SegmentedRaftLogWorker.java:run(313)) - 2936a8fb-498a-4f06-abab-ab51bafc30e4-SegmentedRaftLogWorker:Storage Directory /workdir/hadoop-ozone/integration-test/target/test-dir/MiniOzoneClusterImpl-2d656029-9dde-45a3-b7cd-f2d738c2cb44/datanode-6/data/ratis/e2f67dbf-c05d-4b83-8931-7c48acd2a735 was interrupted, exiting. There are 0 tasks remaining in the queue.
2019-09-12 10:33:45,324 [ForkJoinPool.commonPool-worker-1] INFO  impl.RaftServerImpl (ServerState.java:close(394)) - 010b2855-0e1d-4bbd-b76a-4560f989b9a3:group-3DF47C916A06 closes. The last applied log index is 0
2019-09-12 10:33:45,324 [main] INFO  segmented.SegmentedRaftLogWorker (SegmentedRaftLogWorker.java:close(228)) - 2936a8fb-498a-4f06-abab-ab51bafc30e4-SegmentedRaftLogWorker:Storage Directory /workdir/hadoop-ozone/integration-test/target/test-dir/MiniOzoneClusterImpl-2d656029-9dde-45a3-b7cd-f2d738c2cb44/datanode-6/data/ratis/e2f67dbf-c05d-4b83-8931-7c48acd2a735 close()
2019-09-12 10:33:45,325 [010b2855-0e1d-4bbd-b76a-4560f989b9a3-SegmentedRaftLogWorker:Storage Directory /workdir/hadoop-ozone/integration-test/target/test-dir/MiniOzoneClusterImpl-2d656029-9dde-45a3-b7cd-f2d738c2cb44/datanode-0/data/ratis/cb4244f6-092c-46ef-99af-3df47c916a06] INFO  segmented.SegmentedRaftLogWorker (SegmentedRaftLogWorker.java:run(313)) - 010b2855-0e1d-4bbd-b76a-4560f989b9a3-SegmentedRaftLogWorker:Storage Directory /workdir/hadoop-ozone/integration-test/target/test-dir/MiniOzoneClusterImpl-2d656029-9dde-45a3-b7cd-f2d738c2cb44/datanode-0/data/ratis/cb4244f6-092c-46ef-99af-3df47c916a06 was interrupted, exiting. There are 0 tasks remaining in the queue.
2019-09-12 10:33:45,326 [main] INFO  impl.RaftServerImpl (RaftServerImpl.java:lambda$shutdown$3(245)) - 2936a8fb-498a-4f06-abab-ab51bafc30e4: shutdown group-9693B909AE44
2019-09-12 10:33:45,326 [ForkJoinPool.commonPool-worker-1] INFO  segmented.SegmentedRaftLogWorker (SegmentedRaftLogWorker.java:close(228)) - 010b2855-0e1d-4bbd-b76a-4560f989b9a3-SegmentedRaftLogWorker:Storage Directory /workdir/hadoop-ozone/integration-test/target/test-dir/MiniOzoneClusterImpl-2d656029-9dde-45a3-b7cd-f2d738c2cb44/datanode-0/data/ratis/cb4244f6-092c-46ef-99af-3df47c916a06 close()
2019-09-12 10:33:45,327 [main] INFO  util.JmxRegister (JmxRegister.java:unregister(73)) - Successfully un-registered JMX Bean with object name Ratis:service=RaftServer,group=group-9693B909AE44,id=2936a8fb-498a-4f06-abab-ab51bafc30e4
2019-09-12 10:33:45,331 [ForkJoinPool.commonPool-worker-1] INFO  impl.RaftServerImpl (RaftServerImpl.java:lambda$shutdown$3(245)) - 010b2855-0e1d-4bbd-b76a-4560f989b9a3: shutdown group-010BEE1D53F6
2019-09-12 10:33:45,331 [main] INFO  impl.RoleInfo (RoleInfo.java:shutdownLeaderState(104)) - 2936a8fb-498a-4f06-abab-ab51bafc30e4: shutdown LeaderState
2019-09-12 10:33:45,332 [ForkJoinPool.commonPool-worker-1] INFO  util.JmxRegister (JmxRegister.java:unregister(73)) - Successfully un-registered JMX Bean with object name Ratis:service=RaftServer,group=group-010BEE1D53F6,id=010b2855-0e1d-4bbd-b76a-4560f989b9a3
2019-09-12 10:33:45,332 [main] INFO  impl.PendingRequests (PendingRequests.java:sendNotLeaderResponses(202)) - 2936a8fb-498a-4f06-abab-ab51bafc30e4-PendingRequests: sendNotLeaderResponses
2019-09-12 10:33:45,332 [ForkJoinPool.commonPool-worker-1] INFO  impl.RoleInfo (RoleInfo.java:shutdownLeaderState(104)) - 010b2855-0e1d-4bbd-b76a-4560f989b9a3: shutdown LeaderState
2019-09-12 10:33:45,333 [main] INFO  impl.StateMachineUpdater (StateMachineUpdater.java:stopAndJoin(115)) - StateMachineUpdater:2936a8fb-498a-4f06-abab-ab51bafc30e4:group-9693B909AE44: set stopIndex = 0
2019-09-12 10:33:45,333 [ForkJoinPool.commonPool-worker-1] INFO  impl.PendingRequests (PendingRequests.java:sendNotLeaderResponses(202)) - 010b2855-0e1d-4bbd-b76a-4560f989b9a3-PendingRequests: sendNotLeaderResponses
2019-09-12 10:33:45,333 [main] INFO  impl.RaftServerImpl (ServerState.java:close(394)) - 2936a8fb-498a-4f06-abab-ab51bafc30e4:group-9693B909AE44 closes. The last applied log index is 0
2019-09-12 10:33:45,334 [ForkJoinPool.commonPool-worker-1] INFO  impl.StateMachineUpdater (StateMachineUpdater.java:stopAndJoin(115)) - StateMachineUpdater:010b2855-0e1d-4bbd-b76a-4560f989b9a3:group-010BEE1D53F6: set stopIndex = 0
2019-09-12 10:33:45,334 [2936a8fb-498a-4f06-abab-ab51bafc30e4-SegmentedRaftLogWorker:Storage Directory /workdir/hadoop-ozone/integration-test/target/test-dir/MiniOzoneClusterImpl-2d656029-9dde-45a3-b7cd-f2d738c2cb44/datanode-6/data/ratis/e77bd86d-9ca3-489f-a048-9693b909ae44] INFO  segmented.SegmentedRaftLogWorker (SegmentedRaftLogWorker.java:run(313)) - 2936a8fb-498a-4f06-abab-ab51bafc30e4-SegmentedRaftLogWorker:Storage Directory /workdir/hadoop-ozone/integration-test/target/test-dir/MiniOzoneClusterImpl-2d656029-9dde-45a3-b7cd-f2d738c2cb44/datanode-6/data/ratis/e77bd86d-9ca3-489f-a048-9693b909ae44 was interrupted, exiting. There are 0 tasks remaining in the queue.
2019-09-12 10:33:45,334 [ForkJoinPool.commonPool-worker-1] INFO  impl.RaftServerImpl (ServerState.java:close(394)) - 010b2855-0e1d-4bbd-b76a-4560f989b9a3:group-010BEE1D53F6 closes. The last applied log index is 0
2019-09-12 10:33:45,334 [main] INFO  segmented.SegmentedRaftLogWorker (SegmentedRaftLogWorker.java:close(228)) - 2936a8fb-498a-4f06-abab-ab51bafc30e4-SegmentedRaftLogWorker:Storage Directory /workdir/hadoop-ozone/integration-test/target/test-dir/MiniOzoneClusterImpl-2d656029-9dde-45a3-b7cd-f2d738c2cb44/datanode-6/data/ratis/e77bd86d-9ca3-489f-a048-9693b909ae44 close()
2019-09-12 10:33:45,335 [010b2855-0e1d-4bbd-b76a-4560f989b9a3-SegmentedRaftLogWorker:Storage Directory /workdir/hadoop-ozone/integration-test/target/test-dir/MiniOzoneClusterImpl-2d656029-9dde-45a3-b7cd-f2d738c2cb44/datanode-0/data/ratis/5ed265c5-7848-438c-a038-010bee1d53f6] INFO  segmented.SegmentedRaftLogWorker (SegmentedRaftLogWorker.java:run(313)) - 010b2855-0e1d-4bbd-b76a-4560f989b9a3-SegmentedRaftLogWorker:Storage Directory /workdir/hadoop-ozone/integration-test/target/test-dir/MiniOzoneClusterImpl-2d656029-9dde-45a3-b7cd-f2d738c2cb44/datanode-0/data/ratis/5ed265c5-7848-438c-a038-010bee1d53f6 was interrupted, exiting. There are 0 tasks remaining in the queue.
2019-09-12 10:33:45,335 [main] INFO  impl.RaftServerImpl (RaftServerImpl.java:lambda$shutdown$3(245)) - 2936a8fb-498a-4f06-abab-ab51bafc30e4: shutdown group-42B9542DCDC7
2019-09-12 10:33:45,335 [ForkJoinPool.commonPool-worker-1] INFO  segmented.SegmentedRaftLogWorker (SegmentedRaftLogWorker.java:close(228)) - 010b2855-0e1d-4bbd-b76a-4560f989b9a3-SegmentedRaftLogWorker:Storage Directory /workdir/hadoop-ozone/integration-test/target/test-dir/MiniOzoneClusterImpl-2d656029-9dde-45a3-b7cd-f2d738c2cb44/datanode-0/data/ratis/5ed265c5-7848-438c-a038-010bee1d53f6 close()
2019-09-12 10:33:45,335 [main] INFO  util.JmxRegister (JmxRegister.java:unregister(73)) - Successfully un-registered JMX Bean with object name Ratis:service=RaftServer,group=group-42B9542DCDC7,id=2936a8fb-498a-4f06-abab-ab51bafc30e4
2019-09-12 10:33:45,336 [ForkJoinPool.commonPool-worker-1] INFO  impl.RaftServerImpl (RaftServerImpl.java:lambda$shutdown$3(245)) - 010b2855-0e1d-4bbd-b76a-4560f989b9a3: shutdown group-F900B1BB2C96
2019-09-12 10:33:45,336 [main] INFO  impl.RoleInfo (RoleInfo.java:shutdownLeaderState(104)) - 2936a8fb-498a-4f06-abab-ab51bafc30e4: shutdown LeaderState
2019-09-12 10:33:45,336 [ForkJoinPool.commonPool-worker-1] INFO  util.JmxRegister (JmxRegister.java:unregister(73)) - Successfully un-registered JMX Bean with object name Ratis:service=RaftServer,group=group-F900B1BB2C96,id=010b2855-0e1d-4bbd-b76a-4560f989b9a3
2019-09-12 10:33:45,337 [main] INFO  impl.PendingRequests (PendingRequests.java:sendNotLeaderResponses(202)) - 2936a8fb-498a-4f06-abab-ab51bafc30e4-PendingRequests: sendNotLeaderResponses
2019-09-12 10:33:45,337 [ForkJoinPool.commonPool-worker-1] INFO  impl.RoleInfo (RoleInfo.java:shutdownLeaderState(104)) - 010b2855-0e1d-4bbd-b76a-4560f989b9a3: shutdown LeaderState
2019-09-12 10:33:45,337 [main] INFO  impl.StateMachineUpdater (StateMachineUpdater.java:stopAndJoin(115)) - StateMachineUpdater:2936a8fb-498a-4f06-abab-ab51bafc30e4:group-42B9542DCDC7: set stopIndex = 0
2019-09-12 10:33:45,338 [ForkJoinPool.commonPool-worker-1] INFO  impl.PendingRequests (PendingRequests.java:sendNotLeaderResponses(202)) - 010b2855-0e1d-4bbd-b76a-4560f989b9a3-PendingRequests: sendNotLeaderResponses
2019-09-12 10:33:45,338 [main] INFO  impl.RaftServerImpl (ServerState.java:close(394)) - 2936a8fb-498a-4f06-abab-ab51bafc30e4:group-42B9542DCDC7 closes. The last applied log index is 0
2019-09-12 10:33:45,338 [ForkJoinPool.commonPool-worker-1] INFO  impl.StateMachineUpdater (StateMachineUpdater.java:stopAndJoin(115)) - StateMachineUpdater:010b2855-0e1d-4bbd-b76a-4560f989b9a3:group-F900B1BB2C96: set stopIndex = 0
2019-09-12 10:33:45,339 [2936a8fb-498a-4f06-abab-ab51bafc30e4-SegmentedRaftLogWorker:Storage Directory /workdir/hadoop-ozone/integration-test/target/test-dir/MiniOzoneClusterImpl-2d656029-9dde-45a3-b7cd-f2d738c2cb44/datanode-6/data/ratis/e46406fd-dbc3-4142-aa35-42b9542dcdc7] INFO  segmented.SegmentedRaftLogWorker (SegmentedRaftLogWorker.java:run(313)) - 2936a8fb-498a-4f06-abab-ab51bafc30e4-SegmentedRaftLogWorker:Storage Directory /workdir/hadoop-ozone/integration-test/target/test-dir/MiniOzoneClusterImpl-2d656029-9dde-45a3-b7cd-f2d738c2cb44/datanode-6/data/ratis/e46406fd-dbc3-4142-aa35-42b9542dcdc7 was interrupted, exiting. There are 0 tasks remaining in the queue.
2019-09-12 10:33:45,339 [ForkJoinPool.commonPool-worker-1] INFO  impl.RaftServerImpl (ServerState.java:close(394)) - 010b2855-0e1d-4bbd-b76a-4560f989b9a3:group-F900B1BB2C96 closes. The last applied log index is 0
2019-09-12 10:33:45,339 [main] INFO  segmented.SegmentedRaftLogWorker (SegmentedRaftLogWorker.java:close(228)) - 2936a8fb-498a-4f06-abab-ab51bafc30e4-SegmentedRaftLogWorker:Storage Directory /workdir/hadoop-ozone/integration-test/target/test-dir/MiniOzoneClusterImpl-2d656029-9dde-45a3-b7cd-f2d738c2cb44/datanode-6/data/ratis/e46406fd-dbc3-4142-aa35-42b9542dcdc7 close()
2019-09-12 10:33:45,339 [010b2855-0e1d-4bbd-b76a-4560f989b9a3-SegmentedRaftLogWorker:Storage Directory /workdir/hadoop-ozone/integration-test/target/test-dir/MiniOzoneClusterImpl-2d656029-9dde-45a3-b7cd-f2d738c2cb44/datanode-0/data/ratis/ae7f9d9e-fcd7-4b69-a19c-f900b1bb2c96] INFO  segmented.SegmentedRaftLogWorker (SegmentedRaftLogWorker.java:run(313)) - 010b2855-0e1d-4bbd-b76a-4560f989b9a3-SegmentedRaftLogWorker:Storage Directory /workdir/hadoop-ozone/integration-test/target/test-dir/MiniOzoneClusterImpl-2d656029-9dde-45a3-b7cd-f2d738c2cb44/datanode-0/data/ratis/ae7f9d9e-fcd7-4b69-a19c-f900b1bb2c96 was interrupted, exiting. There are 0 tasks remaining in the queue.
2019-09-12 10:33:45,340 [main] INFO  server.GrpcService (GrpcService.java:closeImpl(155)) - 2936a8fb-498a-4f06-abab-ab51bafc30e4: shutdown server with port 46079 now
2019-09-12 10:33:45,340 [ForkJoinPool.commonPool-worker-1] INFO  segmented.SegmentedRaftLogWorker (SegmentedRaftLogWorker.java:close(228)) - 010b2855-0e1d-4bbd-b76a-4560f989b9a3-SegmentedRaftLogWorker:Storage Directory /workdir/hadoop-ozone/integration-test/target/test-dir/MiniOzoneClusterImpl-2d656029-9dde-45a3-b7cd-f2d738c2cb44/datanode-0/data/ratis/ae7f9d9e-fcd7-4b69-a19c-f900b1bb2c96 close()
2019-09-12 10:33:45,341 [main] INFO  server.GrpcService (GrpcService.java:closeImpl(163)) - 2936a8fb-498a-4f06-abab-ab51bafc30e4: shutdown server with port 46079 successfully
2019-09-12 10:33:45,341 [ForkJoinPool.commonPool-worker-1] INFO  server.GrpcService (GrpcService.java:closeImpl(155)) - 010b2855-0e1d-4bbd-b76a-4560f989b9a3: shutdown server with port 43711 now
2019-09-12 10:33:45,343 [ForkJoinPool.commonPool-worker-1] INFO  server.GrpcService (GrpcService.java:closeImpl(163)) - 010b2855-0e1d-4bbd-b76a-4560f989b9a3: shutdown server with port 43711 successfully
2019-09-12 10:33:45,345 [ForkJoinPool.commonPool-worker-1] INFO  utils.BackgroundService (BackgroundService.java:shutdown(148)) - Shutting down service BlockDeletingService
2019-09-12 10:33:45,347 [main] INFO  utils.BackgroundService (BackgroundService.java:shutdown(148)) - Shutting down service BlockDeletingService
2019-09-12 10:33:45,350 [refreshUsed-/workdir/hadoop-ozone/integration-test/target/test-dir/MiniOzoneClusterImpl-2d656029-9dde-45a3-b7cd-f2d738c2cb44/datanode-0/data/containers] WARN  fs.CachingGetSpaceUsed (CachingGetSpaceUsed.java:run(183)) - Thread Interrupted waiting to refresh disk information: sleep interrupted
2019-09-12 10:33:45,351 [refreshUsed-/workdir/hadoop-ozone/integration-test/target/test-dir/MiniOzoneClusterImpl-2d656029-9dde-45a3-b7cd-f2d738c2cb44/datanode-6/data/containers] WARN  fs.CachingGetSpaceUsed (CachingGetSpaceUsed.java:run(183)) - Thread Interrupted waiting to refresh disk information: sleep interrupted
2019-09-12 10:33:45,369 [ForkJoinPool.commonPool-worker-1] INFO  statemachine.DatanodeStateMachine (DatanodeStateMachine.java:stopDaemon(395)) - Ozone container server stopped.
2019-09-12 10:33:45,369 [main] INFO  statemachine.DatanodeStateMachine (DatanodeStateMachine.java:stopDaemon(395)) - Ozone container server stopped.
2019-09-12 10:33:45,373 [ForkJoinPool.commonPool-worker-1] INFO  handler.ContextHandler (ContextHandler.java:doStop(910)) - Stopped o.e.j.w.WebAppContext@23396fc0{/,null,UNAVAILABLE}{/hddsDatanode}
2019-09-12 10:33:45,373 [main] INFO  handler.ContextHandler (ContextHandler.java:doStop(910)) - Stopped o.e.j.w.WebAppContext@14993306{/,null,UNAVAILABLE}{/hddsDatanode}
2019-09-12 10:33:45,373 [ForkJoinPool.commonPool-worker-1] INFO  server.AbstractConnector (AbstractConnector.java:doStop(318)) - Stopped ServerConnector@c11332b{HTTP/1.1,[http/1.1]}{0.0.0.0:0}
2019-09-12 10:33:45,374 [ForkJoinPool.commonPool-worker-1] INFO  handler.ContextHandler (ContextHandler.java:doStop(910)) - Stopped o.e.j.s.ServletContextHandler@6c27e700{/static,jar:file:/home/user/.m2/repository/org/apache/hadoop/hadoop-hdds-container-service/0.5.0-SNAPSHOT/hadoop-hdds-container-service-0.5.0-SNAPSHOT.jar!/webapps/static,UNAVAILABLE}
2019-09-12 10:33:45,374 [main] INFO  server.AbstractConnector (AbstractConnector.java:doStop(318)) - Stopped ServerConnector@73ae82da{HTTP/1.1,[http/1.1]}{0.0.0.0:0}
2019-09-12 10:33:45,375 [ForkJoinPool.commonPool-worker-1] INFO  handler.ContextHandler (ContextHandler.java:doStop(910)) - Stopped o.e.j.s.ServletContextHandler@5635bcd2{/logs,file:///workdir/hadoop-ozone/integration-test/target/log,UNAVAILABLE}
2019-09-12 10:33:45,376 [main] INFO  handler.ContextHandler (ContextHandler.java:doStop(910)) - Stopped o.e.j.s.ServletContextHandler@53918b5e{/static,jar:file:/home/user/.m2/repository/org/apache/hadoop/hadoop-hdds-container-service/0.5.0-SNAPSHOT/hadoop-hdds-container-service-0.5.0-SNAPSHOT.jar!/webapps/static,UNAVAILABLE}
2019-09-12 10:33:45,376 [main] INFO  handler.ContextHandler (ContextHandler.java:doStop(910)) - Stopped o.e.j.s.ServletContextHandler@40d10264{/logs,file:///workdir/hadoop-ozone/integration-test/target/log,UNAVAILABLE}
2019-09-12 10:33:45,377 [ForkJoinPool.commonPool-worker-1] INFO  datanode.ObjectStoreHandler (ObjectStoreHandler.java:close(155)) - Closing ObjectStoreHandler.
2019-09-12 10:33:45,377 [ForkJoinPool.commonPool-worker-1] INFO  ozone.HddsDatanodeService (HddsDatanodeService.java:stop(451)) - Stopped plug-in org.apache.hadoop.ozone.web.OzoneHddsDatanodeService@79144d0e
2019-09-12 10:33:45,717 [Datanode State Machine Thread - 0] INFO  statemachine.DatanodeStateMachine (DatanodeStateMachine.java:lambda$startDaemon$0(350)) - Ozone container server started.
2019-09-12 10:33:50,378 [ForkJoinPool.commonPool-worker-1] INFO  ozoneimpl.OzoneContainer (OzoneContainer.java:stop(199)) - Attempting to stop container services.
2019-09-12 10:33:50,379 [ForkJoinPool.commonPool-worker-1] INFO  impl.RaftServerProxy (RaftServerProxy.java:lambda$close$4(314)) - 23027111-0173-428f-b853-b511524375b8: close
2019-09-12 10:33:50,379 [ForkJoinPool.commonPool-worker-1] INFO  impl.RaftServerImpl (RaftServerImpl.java:lambda$shutdown$3(245)) - 23027111-0173-428f-b853-b511524375b8: shutdown group-ED964EC946C6
2019-09-12 10:33:50,380 [ForkJoinPool.commonPool-worker-1] INFO  util.JmxRegister (JmxRegister.java:unregister(73)) - Successfully un-registered JMX Bean with object name Ratis:service=RaftServer,group=group-ED964EC946C6,id=23027111-0173-428f-b853-b511524375b8
2019-09-12 10:33:50,380 [ForkJoinPool.commonPool-worker-1] INFO  impl.RoleInfo (RoleInfo.java:shutdownLeaderState(104)) - 23027111-0173-428f-b853-b511524375b8: shutdown LeaderState
2019-09-12 10:33:50,380 [ForkJoinPool.commonPool-worker-1] INFO  impl.PendingRequests (PendingRequests.java:sendNotLeaderResponses(202)) - 23027111-0173-428f-b853-b511524375b8-PendingRequests: sendNotLeaderResponses
2019-09-12 10:33:50,381 [ForkJoinPool.commonPool-worker-1] INFO  impl.StateMachineUpdater (StateMachineUpdater.java:stopAndJoin(115)) - StateMachineUpdater:23027111-0173-428f-b853-b511524375b8:group-ED964EC946C6: set stopIndex = 0
2019-09-12 10:33:50,381 [ForkJoinPool.commonPool-worker-1] INFO  impl.RaftServerImpl (ServerState.java:close(394)) - 23027111-0173-428f-b853-b511524375b8:group-ED964EC946C6 closes. The last applied log index is 0
2019-09-12 10:33:50,382 [23027111-0173-428f-b853-b511524375b8-SegmentedRaftLogWorker:Storage Directory /workdir/hadoop-ozone/integration-test/target/test-dir/MiniOzoneClusterImpl-2d656029-9dde-45a3-b7cd-f2d738c2cb44/datanode-5/data/ratis/c7be3851-615c-40d8-bc10-ed964ec946c6] INFO  segmented.SegmentedRaftLogWorker (SegmentedRaftLogWorker.java:run(313)) - 23027111-0173-428f-b853-b511524375b8-SegmentedRaftLogWorker:Storage Directory /workdir/hadoop-ozone/integration-test/target/test-dir/MiniOzoneClusterImpl-2d656029-9dde-45a3-b7cd-f2d738c2cb44/datanode-5/data/ratis/c7be3851-615c-40d8-bc10-ed964ec946c6 was interrupted, exiting. There are 0 tasks remaining in the queue.
2019-09-12 10:33:50,382 [ForkJoinPool.commonPool-worker-1] INFO  segmented.SegmentedRaftLogWorker (SegmentedRaftLogWorker.java:close(228)) - 23027111-0173-428f-b853-b511524375b8-SegmentedRaftLogWorker:Storage Directory /workdir/hadoop-ozone/integration-test/target/test-dir/MiniOzoneClusterImpl-2d656029-9dde-45a3-b7cd-f2d738c2cb44/datanode-5/data/ratis/c7be3851-615c-40d8-bc10-ed964ec946c6 close()
2019-09-12 10:33:50,383 [ForkJoinPool.commonPool-worker-1] INFO  impl.RaftServerImpl (RaftServerImpl.java:lambda$shutdown$3(245)) - 23027111-0173-428f-b853-b511524375b8: shutdown group-A1B07F356658
2019-09-12 10:33:50,383 [ForkJoinPool.commonPool-worker-1] INFO  util.JmxRegister (JmxRegister.java:unregister(73)) - Successfully un-registered JMX Bean with object name Ratis:service=RaftServer,group=group-A1B07F356658,id=23027111-0173-428f-b853-b511524375b8
2019-09-12 10:33:50,383 [ForkJoinPool.commonPool-worker-1] INFO  impl.RoleInfo (RoleInfo.java:shutdownLeaderState(104)) - 23027111-0173-428f-b853-b511524375b8: shutdown LeaderState
2019-09-12 10:33:50,384 [ForkJoinPool.commonPool-worker-1] INFO  impl.PendingRequests (PendingRequests.java:sendNotLeaderResponses(202)) - 23027111-0173-428f-b853-b511524375b8-PendingRequests: sendNotLeaderResponses
2019-09-12 10:33:50,384 [ForkJoinPool.commonPool-worker-1] INFO  impl.StateMachineUpdater (StateMachineUpdater.java:stopAndJoin(115)) - StateMachineUpdater:23027111-0173-428f-b853-b511524375b8:group-A1B07F356658: set stopIndex = 0
2019-09-12 10:33:50,384 [ForkJoinPool.commonPool-worker-1] INFO  impl.RaftServerImpl (ServerState.java:close(394)) - 23027111-0173-428f-b853-b511524375b8:group-A1B07F356658 closes. The last applied log index is 0
2019-09-12 10:33:50,385 [23027111-0173-428f-b853-b511524375b8-SegmentedRaftLogWorker:Storage Directory /workdir/hadoop-ozone/integration-test/target/test-dir/MiniOzoneClusterImpl-2d656029-9dde-45a3-b7cd-f2d738c2cb44/datanode-5/data/ratis/bf1c6c48-a346-44a4-99b8-a1b07f356658] INFO  segmented.SegmentedRaftLogWorker (SegmentedRaftLogWorker.java:run(313)) - 23027111-0173-428f-b853-b511524375b8-SegmentedRaftLogWorker:Storage Directory /workdir/hadoop-ozone/integration-test/target/test-dir/MiniOzoneClusterImpl-2d656029-9dde-45a3-b7cd-f2d738c2cb44/datanode-5/data/ratis/bf1c6c48-a346-44a4-99b8-a1b07f356658 was interrupted, exiting. There are 0 tasks remaining in the queue.
2019-09-12 10:33:50,402 [ForkJoinPool.commonPool-worker-1] INFO  segmented.SegmentedRaftLogWorker (SegmentedRaftLogWorker.java:close(228)) - 23027111-0173-428f-b853-b511524375b8-SegmentedRaftLogWorker:Storage Directory /workdir/hadoop-ozone/integration-test/target/test-dir/MiniOzoneClusterImpl-2d656029-9dde-45a3-b7cd-f2d738c2cb44/datanode-5/data/ratis/bf1c6c48-a346-44a4-99b8-a1b07f356658 close()
2019-09-12 10:33:50,403 [ForkJoinPool.commonPool-worker-1] INFO  impl.RaftServerImpl (RaftServerImpl.java:lambda$shutdown$3(245)) - 23027111-0173-428f-b853-b511524375b8: shutdown group-1DAD131FEAB0
2019-09-12 10:33:50,403 [ForkJoinPool.commonPool-worker-1] INFO  util.JmxRegister (JmxRegister.java:unregister(73)) - Successfully un-registered JMX Bean with object name Ratis:service=RaftServer,group=group-1DAD131FEAB0,id=23027111-0173-428f-b853-b511524375b8
2019-09-12 10:33:50,404 [ForkJoinPool.commonPool-worker-1] INFO  impl.RoleInfo (RoleInfo.java:shutdownLeaderState(104)) - 23027111-0173-428f-b853-b511524375b8: shutdown LeaderState
2019-09-12 10:33:50,404 [ForkJoinPool.commonPool-worker-1] INFO  impl.PendingRequests (PendingRequests.java:sendNotLeaderResponses(202)) - 23027111-0173-428f-b853-b511524375b8-PendingRequests: sendNotLeaderResponses
2019-09-12 10:33:50,404 [ForkJoinPool.commonPool-worker-1] INFO  impl.StateMachineUpdater (StateMachineUpdater.java:stopAndJoin(115)) - StateMachineUpdater:23027111-0173-428f-b853-b511524375b8:group-1DAD131FEAB0: set stopIndex = 0
2019-09-12 10:33:50,404 [ForkJoinPool.commonPool-worker-1] INFO  impl.RaftServerImpl (ServerState.java:close(394)) - 23027111-0173-428f-b853-b511524375b8:group-1DAD131FEAB0 closes. The last applied log index is 0
2019-09-12 10:33:50,405 [23027111-0173-428f-b853-b511524375b8-SegmentedRaftLogWorker:Storage Directory /workdir/hadoop-ozone/integration-test/target/test-dir/MiniOzoneClusterImpl-2d656029-9dde-45a3-b7cd-f2d738c2cb44/datanode-5/data/ratis/2c6baf06-81d7-48ed-b356-1dad131feab0] INFO  segmented.SegmentedRaftLogWorker (SegmentedRaftLogWorker.java:run(313)) - 23027111-0173-428f-b853-b511524375b8-SegmentedRaftLogWorker:Storage Directory /workdir/hadoop-ozone/integration-test/target/test-dir/MiniOzoneClusterImpl-2d656029-9dde-45a3-b7cd-f2d738c2cb44/datanode-5/data/ratis/2c6baf06-81d7-48ed-b356-1dad131feab0 was interrupted, exiting. There are 0 tasks remaining in the queue.
2019-09-12 10:33:50,405 [ForkJoinPool.commonPool-worker-1] INFO  segmented.SegmentedRaftLogWorker (SegmentedRaftLogWorker.java:close(228)) - 23027111-0173-428f-b853-b511524375b8-SegmentedRaftLogWorker:Storage Directory /workdir/hadoop-ozone/integration-test/target/test-dir/MiniOzoneClusterImpl-2d656029-9dde-45a3-b7cd-f2d738c2cb44/datanode-5/data/ratis/2c6baf06-81d7-48ed-b356-1dad131feab0 close()
2019-09-12 10:33:50,406 [ForkJoinPool.commonPool-worker-1] INFO  impl.RaftServerImpl (RaftServerImpl.java:lambda$shutdown$3(245)) - 23027111-0173-428f-b853-b511524375b8: shutdown group-6E6531F79FDA
2019-09-12 10:33:50,406 [ForkJoinPool.commonPool-worker-1] INFO  util.JmxRegister (JmxRegister.java:unregister(73)) - Successfully un-registered JMX Bean with object name Ratis:service=RaftServer,group=group-6E6531F79FDA,id=23027111-0173-428f-b853-b511524375b8
2019-09-12 10:33:50,406 [ForkJoinPool.commonPool-worker-1] INFO  impl.RoleInfo (RoleInfo.java:shutdownLeaderState(104)) - 23027111-0173-428f-b853-b511524375b8: shutdown LeaderState
2019-09-12 10:33:50,406 [ForkJoinPool.commonPool-worker-1] INFO  impl.PendingRequests (PendingRequests.java:sendNotLeaderResponses(202)) - 23027111-0173-428f-b853-b511524375b8-PendingRequests: sendNotLeaderResponses
2019-09-12 10:33:50,407 [ForkJoinPool.commonPool-worker-1] INFO  impl.StateMachineUpdater (StateMachineUpdater.java:stopAndJoin(115)) - StateMachineUpdater:23027111-0173-428f-b853-b511524375b8:group-6E6531F79FDA: set stopIndex = 0
2019-09-12 10:33:50,407 [ForkJoinPool.commonPool-worker-1] INFO  impl.RaftServerImpl (ServerState.java:close(394)) - 23027111-0173-428f-b853-b511524375b8:group-6E6531F79FDA closes. The last applied log index is 0
2019-09-12 10:33:50,408 [23027111-0173-428f-b853-b511524375b8-SegmentedRaftLogWorker:Storage Directory /workdir/hadoop-ozone/integration-test/target/test-dir/MiniOzoneClusterImpl-2d656029-9dde-45a3-b7cd-f2d738c2cb44/datanode-5/data/ratis/53096c26-26e3-4418-9874-6e6531f79fda] INFO  segmented.SegmentedRaftLogWorker (SegmentedRaftLogWorker.java:run(313)) - 23027111-0173-428f-b853-b511524375b8-SegmentedRaftLogWorker:Storage Directory /workdir/hadoop-ozone/integration-test/target/test-dir/MiniOzoneClusterImpl-2d656029-9dde-45a3-b7cd-f2d738c2cb44/datanode-5/data/ratis/53096c26-26e3-4418-9874-6e6531f79fda was interrupted, exiting. There are 0 tasks remaining in the queue.
2019-09-12 10:33:50,408 [ForkJoinPool.commonPool-worker-1] INFO  segmented.SegmentedRaftLogWorker (SegmentedRaftLogWorker.java:close(228)) - 23027111-0173-428f-b853-b511524375b8-SegmentedRaftLogWorker:Storage Directory /workdir/hadoop-ozone/integration-test/target/test-dir/MiniOzoneClusterImpl-2d656029-9dde-45a3-b7cd-f2d738c2cb44/datanode-5/data/ratis/53096c26-26e3-4418-9874-6e6531f79fda close()
2019-09-12 10:33:50,408 [ForkJoinPool.commonPool-worker-1] INFO  impl.RaftServerImpl (RaftServerImpl.java:lambda$shutdown$3(245)) - 23027111-0173-428f-b853-b511524375b8: shutdown group-C5E5E8531321
2019-09-12 10:33:50,409 [ForkJoinPool.commonPool-worker-1] INFO  util.JmxRegister (JmxRegister.java:unregister(73)) - Successfully un-registered JMX Bean with object name Ratis:service=RaftServer,group=group-C5E5E8531321,id=23027111-0173-428f-b853-b511524375b8
2019-09-12 10:33:50,409 [ForkJoinPool.commonPool-worker-1] INFO  impl.RoleInfo (RoleInfo.java:shutdownLeaderState(104)) - 23027111-0173-428f-b853-b511524375b8: shutdown LeaderState
2019-09-12 10:33:50,409 [ForkJoinPool.commonPool-worker-1] INFO  impl.PendingRequests (PendingRequests.java:sendNotLeaderResponses(202)) - 23027111-0173-428f-b853-b511524375b8-PendingRequests: sendNotLeaderResponses
2019-09-12 10:33:50,410 [ForkJoinPool.commonPool-worker-1] INFO  impl.StateMachineUpdater (StateMachineUpdater.java:stopAndJoin(115)) - StateMachineUpdater:23027111-0173-428f-b853-b511524375b8:group-C5E5E8531321: set stopIndex = 0
2019-09-12 10:33:50,410 [ForkJoinPool.commonPool-worker-1] INFO  impl.RaftServerImpl (ServerState.java:close(394)) - 23027111-0173-428f-b853-b511524375b8:group-C5E5E8531321 closes. The last applied log index is 0
2019-09-12 10:33:50,411 [23027111-0173-428f-b853-b511524375b8-SegmentedRaftLogWorker:Storage Directory /workdir/hadoop-ozone/integration-test/target/test-dir/MiniOzoneClusterImpl-2d656029-9dde-45a3-b7cd-f2d738c2cb44/datanode-5/data/ratis/1dabbe64-4953-48a6-98f1-c5e5e8531321] INFO  segmented.SegmentedRaftLogWorker (SegmentedRaftLogWorker.java:run(313)) - 23027111-0173-428f-b853-b511524375b8-SegmentedRaftLogWorker:Storage Directory /workdir/hadoop-ozone/integration-test/target/test-dir/MiniOzoneClusterImpl-2d656029-9dde-45a3-b7cd-f2d738c2cb44/datanode-5/data/ratis/1dabbe64-4953-48a6-98f1-c5e5e8531321 was interrupted, exiting. There are 0 tasks remaining in the queue.
2019-09-12 10:33:50,411 [ForkJoinPool.commonPool-worker-1] INFO  segmented.SegmentedRaftLogWorker (SegmentedRaftLogWorker.java:close(228)) - 23027111-0173-428f-b853-b511524375b8-SegmentedRaftLogWorker:Storage Directory /workdir/hadoop-ozone/integration-test/target/test-dir/MiniOzoneClusterImpl-2d656029-9dde-45a3-b7cd-f2d738c2cb44/datanode-5/data/ratis/1dabbe64-4953-48a6-98f1-c5e5e8531321 close()
2019-09-12 10:33:50,411 [ForkJoinPool.commonPool-worker-1] INFO  impl.RaftServerImpl (RaftServerImpl.java:lambda$shutdown$3(245)) - 23027111-0173-428f-b853-b511524375b8: shutdown group-8A6207B13856
2019-09-12 10:33:50,412 [ForkJoinPool.commonPool-worker-1] INFO  util.JmxRegister (JmxRegister.java:unregister(73)) - Successfully un-registered JMX Bean with object name Ratis:service=RaftServer,group=group-8A6207B13856,id=23027111-0173-428f-b853-b511524375b8
2019-09-12 10:33:50,412 [ForkJoinPool.commonPool-worker-1] INFO  impl.RoleInfo (RoleInfo.java:shutdownLeaderState(104)) - 23027111-0173-428f-b853-b511524375b8: shutdown LeaderState
2019-09-12 10:33:50,413 [ForkJoinPool.commonPool-worker-1] INFO  impl.PendingRequests (PendingRequests.java:sendNotLeaderResponses(202)) - 23027111-0173-428f-b853-b511524375b8-PendingRequests: sendNotLeaderResponses
2019-09-12 10:33:50,413 [ForkJoinPool.commonPool-worker-1] INFO  impl.StateMachineUpdater (StateMachineUpdater.java:stopAndJoin(115)) - StateMachineUpdater:23027111-0173-428f-b853-b511524375b8:group-8A6207B13856: set stopIndex = 0
2019-09-12 10:33:50,413 [ForkJoinPool.commonPool-worker-1] INFO  impl.RaftServerImpl (ServerState.java:close(394)) - 23027111-0173-428f-b853-b511524375b8:group-8A6207B13856 closes. The last applied log index is 0
2019-09-12 10:33:50,414 [23027111-0173-428f-b853-b511524375b8-SegmentedRaftLogWorker:Storage Directory /workdir/hadoop-ozone/integration-test/target/test-dir/MiniOzoneClusterImpl-2d656029-9dde-45a3-b7cd-f2d738c2cb44/datanode-5/data/ratis/9eaab7cd-262c-4e38-9ca8-8a6207b13856] INFO  segmented.SegmentedRaftLogWorker (SegmentedRaftLogWorker.java:run(313)) - 23027111-0173-428f-b853-b511524375b8-SegmentedRaftLogWorker:Storage Directory /workdir/hadoop-ozone/integration-test/target/test-dir/MiniOzoneClusterImpl-2d656029-9dde-45a3-b7cd-f2d738c2cb44/datanode-5/data/ratis/9eaab7cd-262c-4e38-9ca8-8a6207b13856 was interrupted, exiting. There are 0 tasks remaining in the queue.
2019-09-12 10:33:50,414 [ForkJoinPool.commonPool-worker-1] INFO  segmented.SegmentedRaftLogWorker (SegmentedRaftLogWorker.java:close(228)) - 23027111-0173-428f-b853-b511524375b8-SegmentedRaftLogWorker:Storage Directory /workdir/hadoop-ozone/integration-test/target/test-dir/MiniOzoneClusterImpl-2d656029-9dde-45a3-b7cd-f2d738c2cb44/datanode-5/data/ratis/9eaab7cd-262c-4e38-9ca8-8a6207b13856 close()
2019-09-12 10:33:50,415 [ForkJoinPool.commonPool-worker-1] INFO  server.GrpcService (GrpcService.java:closeImpl(155)) - 23027111-0173-428f-b853-b511524375b8: shutdown server with port 36891 now
2019-09-12 10:33:50,416 [ForkJoinPool.commonPool-worker-1] INFO  server.GrpcService (GrpcService.java:closeImpl(163)) - 23027111-0173-428f-b853-b511524375b8: shutdown server with port 36891 successfully
2019-09-12 10:33:50,419 [ForkJoinPool.commonPool-worker-1] INFO  utils.BackgroundService (BackgroundService.java:shutdown(148)) - Shutting down service BlockDeletingService
2019-09-12 10:33:50,423 [refreshUsed-/workdir/hadoop-ozone/integration-test/target/test-dir/MiniOzoneClusterImpl-2d656029-9dde-45a3-b7cd-f2d738c2cb44/datanode-5/data/containers] WARN  fs.CachingGetSpaceUsed (CachingGetSpaceUsed.java:run(183)) - Thread Interrupted waiting to refresh disk information: sleep interrupted
2019-09-12 10:33:50,446 [ForkJoinPool.commonPool-worker-1] INFO  statemachine.DatanodeStateMachine (DatanodeStateMachine.java:stopDaemon(395)) - Ozone container server stopped.
2019-09-12 10:33:50,449 [ForkJoinPool.commonPool-worker-1] INFO  handler.ContextHandler (ContextHandler.java:doStop(910)) - Stopped o.e.j.w.WebAppContext@2c154508{/,null,UNAVAILABLE}{/hddsDatanode}
2019-09-12 10:33:50,450 [ForkJoinPool.commonPool-worker-1] INFO  server.AbstractConnector (AbstractConnector.java:doStop(318)) - Stopped ServerConnector@395eb363{HTTP/1.1,[http/1.1]}{0.0.0.0:0}
2019-09-12 10:33:50,453 [ForkJoinPool.commonPool-worker-1] INFO  handler.ContextHandler (ContextHandler.java:doStop(910)) - Stopped o.e.j.s.ServletContextHandler@2375a976{/static,jar:file:/home/user/.m2/repository/org/apache/hadoop/hadoop-hdds-container-service/0.5.0-SNAPSHOT/hadoop-hdds-container-service-0.5.0-SNAPSHOT.jar!/webapps/static,UNAVAILABLE}
2019-09-12 10:33:50,453 [ForkJoinPool.commonPool-worker-1] INFO  handler.ContextHandler (ContextHandler.java:doStop(910)) - Stopped o.e.j.s.ServletContextHandler@2932e15f{/logs,file:///workdir/hadoop-ozone/integration-test/target/log,UNAVAILABLE}
2019-09-12 10:33:50,455 [main] INFO  ozone.MiniOzoneClusterImpl (MiniOzoneClusterImpl.java:stop(353)) - Stopping the StorageContainerManager
2019-09-12 10:33:50,456 [main] INFO  server.StorageContainerManager (StorageContainerManager.java:stop(797)) - Stopping Replication Manager Service.
2019-09-12 10:33:50,456 [main] INFO  container.ReplicationManager (ReplicationManager.java:stop(192)) - Stopping Replication Monitor Thread.
2019-09-12 10:33:50,456 [main] INFO  server.StorageContainerManager (StorageContainerManager.java:stop(804)) - Stopping Lease Manager of the command watchers
2019-09-12 10:33:50,456 [main] INFO  server.StorageContainerManager (StorageContainerManager.java:stop(811)) - Stopping datanode service RPC server
2019-09-12 10:33:50,456 [main] INFO  server.SCMDatanodeProtocolServer (SCMDatanodeProtocolServer.java:stop(367)) - Stopping the RPC server for DataNodes
2019-09-12 10:33:50,457 [main] INFO  ipc.Server (Server.java:stop(3082)) - Stopping server on 41229
2019-09-12 10:33:50,460 [IPC Server listener on 41229] INFO  ipc.Server (Server.java:run(1185)) - Stopping IPC Server listener on 41229
2019-09-12 10:33:50,460 [IPC Server Responder] INFO  ipc.Server (Server.java:run(1319)) - Stopping IPC Server Responder
2019-09-12 10:33:50,480 [SCM Heartbeat Processing Thread - 0] WARN  node.NodeStateManager (NodeStateManager.java:scheduleNextHealthCheck(655)) - Current Thread is interrupted, shutting down HB processing thread for Node Manager.
2019-09-12 10:33:50,481 [main] INFO  server.StorageContainerManager (StorageContainerManager.java:stop(819)) - Stopping block service RPC server
2019-09-12 10:33:50,481 [main] INFO  server.SCMBlockProtocolServer (SCMBlockProtocolServer.java:stop(148)) - Stopping the RPC server for Block Protocol
2019-09-12 10:33:50,481 [main] INFO  ipc.Server (Server.java:stop(3082)) - Stopping server on 44832
2019-09-12 10:33:50,483 [main] INFO  server.StorageContainerManager (StorageContainerManager.java:stop(826)) - Stopping the StorageContainerLocationProtocol RPC server
2019-09-12 10:33:50,483 [IPC Server listener on 44832] INFO  ipc.Server (Server.java:run(1185)) - Stopping IPC Server listener on 44832
2019-09-12 10:33:50,483 [main] INFO  server.SCMClientProtocolServer (SCMClientProtocolServer.java:stop(159)) - Stopping the RPC server for Client Protocol
2019-09-12 10:33:50,485 [main] INFO  ipc.Server (Server.java:stop(3082)) - Stopping server on 32824
2019-09-12 10:33:50,483 [IPC Server Responder] INFO  ipc.Server (Server.java:run(1319)) - Stopping IPC Server Responder
2019-09-12 10:33:50,486 [main] INFO  server.StorageContainerManager (StorageContainerManager.java:stop(833)) - Stopping Storage Container Manager HTTP server.
2019-09-12 10:33:50,486 [IPC Server listener on 32824] INFO  ipc.Server (Server.java:run(1185)) - Stopping IPC Server listener on 32824
2019-09-12 10:33:50,488 [IPC Server Responder] INFO  ipc.Server (Server.java:run(1319)) - Stopping IPC Server Responder
2019-09-12 10:33:50,489 [main] INFO  handler.ContextHandler (ContextHandler.java:doStop(910)) - Stopped o.e.j.w.WebAppContext@43c0c13a{/,null,UNAVAILABLE}{/scm}
2019-09-12 10:33:50,490 [main] INFO  server.AbstractConnector (AbstractConnector.java:doStop(318)) - Stopped ServerConnector@731db93f{HTTP/1.1,[http/1.1]}{0.0.0.0:0}
2019-09-12 10:33:50,490 [main] INFO  handler.ContextHandler (ContextHandler.java:doStop(910)) - Stopped o.e.j.s.ServletContextHandler@3cd46491{/static,file:///workdir/hadoop-ozone/integration-test/target/test-classes/webapps/static,UNAVAILABLE}
2019-09-12 10:33:50,491 [main] INFO  handler.ContextHandler (ContextHandler.java:doStop(910)) - Stopped o.e.j.s.ServletContextHandler@58b97c15{/logs,file:///workdir/hadoop-ozone/integration-test/target/log,UNAVAILABLE}
2019-09-12 10:33:50,492 [main] INFO  server.StorageContainerManager (StorageContainerManager.java:stop(844)) - Stopping Block Manager Service.
2019-09-12 10:33:50,492 [main] INFO  utils.BackgroundService (BackgroundService.java:shutdown(148)) - Shutting down service SCMBlockDeletingService
2019-09-12 10:33:50,493 [main] INFO  utils.BackgroundService (BackgroundService.java:shutdown(148)) - Shutting down service SCMBlockDeletingService
2019-09-12 10:33:50,493 [main] INFO  server.StorageContainerManager (StorageContainerManager.java:stop(866)) - Stopping SCM Event Queue.
2019-09-12 10:33:50,497 [main] INFO  impl.MetricsSystemImpl (MetricsSystemImpl.java:stop(210)) - Stopping HddsDatanode metrics system...
2019-09-12 10:33:50,511 [main] INFO  impl.MetricsSystemImpl (MetricsSystemImpl.java:stop(216)) - HddsDatanode metrics system stopped.
]]></system-out>
    <system-err><![CDATA[Sep 12, 2019 10:33:23 AM com.sun.jersey.server.impl.application.WebApplicationImpl _initiate
INFO: Initiating Jersey application, version 'Jersey: 1.19 02/11/2015 03:25 AM'
Sep 12, 2019 10:33:23 AM com.sun.jersey.server.impl.application.WebApplicationImpl _initiate
INFO: Initiating Jersey application, version 'Jersey: 1.19 02/11/2015 03:25 AM'
Sep 12, 2019 10:33:23 AM com.sun.jersey.server.impl.application.WebApplicationImpl _initiate
INFO: Initiating Jersey application, version 'Jersey: 1.19 02/11/2015 03:25 AM'
Sep 12, 2019 10:33:23 AM com.sun.jersey.server.impl.application.WebApplicationImpl _initiate
INFO: Initiating Jersey application, version 'Jersey: 1.19 02/11/2015 03:25 AM'
Sep 12, 2019 10:33:24 AM com.sun.jersey.server.impl.application.WebApplicationImpl _initiate
INFO: Initiating Jersey application, version 'Jersey: 1.19 02/11/2015 03:25 AM'
Sep 12, 2019 10:33:24 AM com.sun.jersey.server.impl.application.WebApplicationImpl _initiate
INFO: Initiating Jersey application, version 'Jersey: 1.19 02/11/2015 03:25 AM'
Sep 12, 2019 10:33:24 AM com.sun.jersey.server.impl.application.WebApplicationImpl _initiate
INFO: Initiating Jersey application, version 'Jersey: 1.19 02/11/2015 03:25 AM'
]]></system-err>
  </testcase>
</testsuite>